<?xml version="1.0" encoding="UTF-8"?>
<testsuite xmlns:xsi="http://www.w3.org/2001/XMLSchema-instance" xsi:noNamespaceSchemaLocation="https://maven.apache.org/surefire/maven-surefire-plugin/xsd/surefire-test-report-3.0.xsd" version="3.0" name="org.apache.ratis.netty.TestLeaderElectionWithNetty" time="108.901" tests="24" errors="1" skipped="0" failures="0">
  <properties>
    <property name="awt.toolkit" value="sun.awt.X11.XToolkit"/>
    <property name="file.encoding.pkg" value="sun.io"/>
    <property name="java.specification.version" value="1.8"/>
    <property name="sun.cpu.isalist" value=""/>
    <property name="sun.jnu.encoding" value="UTF-8"/>
    <property name="java.class.path" value="/home/runner/work/ratis/ratis/ratis-test/target/test-classes:/home/runner/work/ratis/ratis/ratis-test/target/classes:/home/runner/work/ratis/ratis/ratis-common/target/classes:/home/runner/.m2/repository/org/apache/ratis/ratis-thirdparty-misc/1.0.6/ratis-thirdparty-misc-1.0.6.jar:/home/runner/work/ratis/ratis/ratis-proto/target/classes:/home/runner/work/ratis/ratis/ratis-common/target/test-classes:/home/runner/work/ratis/ratis/ratis-client/target/classes:/home/runner/work/ratis/ratis/ratis-server/target/classes:/home/runner/work/ratis/ratis/ratis-server-api/target/classes:/home/runner/work/ratis/ratis/ratis-metrics-api/target/classes:/home/runner/work/ratis/ratis/ratis-server/target/test-classes:/home/runner/work/ratis/ratis/ratis-metrics-default/target/classes:/home/runner/work/ratis/ratis/ratis-netty/target/classes:/home/runner/work/ratis/ratis/ratis-netty/target/test-classes:/home/runner/work/ratis/ratis/ratis-grpc/target/classes:/home/runner/work/ratis/ratis/ratis-grpc/target/test-classes:/home/runner/work/ratis/ratis/ratis-shell/target/classes:/home/runner/.m2/repository/commons-cli/commons-cli/1.5.0/commons-cli-1.5.0.jar:/home/runner/.m2/repository/org/reflections/reflections/0.10.2/reflections-0.10.2.jar:/home/runner/.m2/repository/org/javassist/javassist/3.28.0-GA/javassist-3.28.0-GA.jar:/home/runner/.m2/repository/com/google/code/findbugs/jsr305/3.0.2/jsr305-3.0.2.jar:/home/runner/.m2/repository/org/bouncycastle/bcprov-jdk18on/1.78.1/bcprov-jdk18on-1.78.1.jar:/home/runner/.m2/repository/org/bouncycastle/bcpkix-jdk18on/1.78.1/bcpkix-jdk18on-1.78.1.jar:/home/runner/.m2/repository/org/bouncycastle/bcutil-jdk18on/1.78.1/bcutil-jdk18on-1.78.1.jar:/home/runner/.m2/repository/org/slf4j/slf4j-api/2.0.7/slf4j-api-2.0.7.jar:/home/runner/.m2/repository/org/slf4j/slf4j-reload4j/2.0.7/slf4j-reload4j-2.0.7.jar:/home/runner/.m2/repository/ch/qos/reload4j/reload4j/1.2.22/reload4j-1.2.22.jar:/home/runner/.m2/repository/junit/junit/4.13.2/junit-4.13.2.jar:/home/runner/.m2/repository/org/hamcrest/hamcrest-core/1.3/hamcrest-core-1.3.jar:/home/runner/.m2/repository/org/junit/jupiter/junit-jupiter-engine/5.11.2/junit-jupiter-engine-5.11.2.jar:/home/runner/.m2/repository/org/junit/platform/junit-platform-engine/1.11.2/junit-platform-engine-1.11.2.jar:/home/runner/.m2/repository/org/apiguardian/apiguardian-api/1.1.2/apiguardian-api-1.1.2.jar:/home/runner/.m2/repository/org/junit/jupiter/junit-jupiter-api/5.11.2/junit-jupiter-api-5.11.2.jar:/home/runner/.m2/repository/org/opentest4j/opentest4j/1.3.0/opentest4j-1.3.0.jar:/home/runner/.m2/repository/org/junit/platform/junit-platform-commons/1.11.2/junit-platform-commons-1.11.2.jar:/home/runner/.m2/repository/org/junit/jupiter/junit-jupiter-params/5.11.2/junit-jupiter-params-5.11.2.jar:/home/runner/.m2/repository/org/mockito/mockito-core/4.3.1/mockito-core-4.3.1.jar:/home/runner/.m2/repository/net/bytebuddy/byte-buddy/1.12.7/byte-buddy-1.12.7.jar:/home/runner/.m2/repository/net/bytebuddy/byte-buddy-agent/1.12.7/byte-buddy-agent-1.12.7.jar:/home/runner/.m2/repository/org/objenesis/objenesis/3.2/objenesis-3.2.jar:"/>
    <property name="java.vm.vendor" value="Temurin"/>
    <property name="sun.arch.data.model" value="64"/>
    <property name="java.vendor.url" value="https://adoptium.net/"/>
    <property name="user.timezone" value="Etc/UTC"/>
    <property name="java.vm.specification.version" value="1.8"/>
    <property name="os.name" value="Linux"/>
    <property name="sun.java.launcher" value="SUN_STANDARD"/>
    <property name="sun.boot.library.path" value="/usr/lib/jvm/temurin-8-jdk-amd64/jre/lib/amd64"/>
    <property name="sun.java.command" value="/home/runner/work/ratis/ratis/ratis-test/target/surefire/surefirebooter1655177919652072841.jar /home/runner/work/ratis/ratis/ratis-test/target/surefire 2024-10-11T15-00-33_190-jvmRun1 surefire7185005377861476411tmp surefire_121574809840750906980tmp"/>
    <property name="surefire.test.class.path" value="/home/runner/work/ratis/ratis/ratis-test/target/test-classes:/home/runner/work/ratis/ratis/ratis-test/target/classes:/home/runner/work/ratis/ratis/ratis-common/target/classes:/home/runner/.m2/repository/org/apache/ratis/ratis-thirdparty-misc/1.0.6/ratis-thirdparty-misc-1.0.6.jar:/home/runner/work/ratis/ratis/ratis-proto/target/classes:/home/runner/work/ratis/ratis/ratis-common/target/test-classes:/home/runner/work/ratis/ratis/ratis-client/target/classes:/home/runner/work/ratis/ratis/ratis-server/target/classes:/home/runner/work/ratis/ratis/ratis-server-api/target/classes:/home/runner/work/ratis/ratis/ratis-metrics-api/target/classes:/home/runner/work/ratis/ratis/ratis-server/target/test-classes:/home/runner/work/ratis/ratis/ratis-metrics-default/target/classes:/home/runner/work/ratis/ratis/ratis-netty/target/classes:/home/runner/work/ratis/ratis/ratis-netty/target/test-classes:/home/runner/work/ratis/ratis/ratis-grpc/target/classes:/home/runner/work/ratis/ratis/ratis-grpc/target/test-classes:/home/runner/work/ratis/ratis/ratis-shell/target/classes:/home/runner/.m2/repository/commons-cli/commons-cli/1.5.0/commons-cli-1.5.0.jar:/home/runner/.m2/repository/org/reflections/reflections/0.10.2/reflections-0.10.2.jar:/home/runner/.m2/repository/org/javassist/javassist/3.28.0-GA/javassist-3.28.0-GA.jar:/home/runner/.m2/repository/com/google/code/findbugs/jsr305/3.0.2/jsr305-3.0.2.jar:/home/runner/.m2/repository/org/bouncycastle/bcprov-jdk18on/1.78.1/bcprov-jdk18on-1.78.1.jar:/home/runner/.m2/repository/org/bouncycastle/bcpkix-jdk18on/1.78.1/bcpkix-jdk18on-1.78.1.jar:/home/runner/.m2/repository/org/bouncycastle/bcutil-jdk18on/1.78.1/bcutil-jdk18on-1.78.1.jar:/home/runner/.m2/repository/org/slf4j/slf4j-api/2.0.7/slf4j-api-2.0.7.jar:/home/runner/.m2/repository/org/slf4j/slf4j-reload4j/2.0.7/slf4j-reload4j-2.0.7.jar:/home/runner/.m2/repository/ch/qos/reload4j/reload4j/1.2.22/reload4j-1.2.22.jar:/home/runner/.m2/repository/junit/junit/4.13.2/junit-4.13.2.jar:/home/runner/.m2/repository/org/hamcrest/hamcrest-core/1.3/hamcrest-core-1.3.jar:/home/runner/.m2/repository/org/junit/jupiter/junit-jupiter-engine/5.11.2/junit-jupiter-engine-5.11.2.jar:/home/runner/.m2/repository/org/junit/platform/junit-platform-engine/1.11.2/junit-platform-engine-1.11.2.jar:/home/runner/.m2/repository/org/apiguardian/apiguardian-api/1.1.2/apiguardian-api-1.1.2.jar:/home/runner/.m2/repository/org/junit/jupiter/junit-jupiter-api/5.11.2/junit-jupiter-api-5.11.2.jar:/home/runner/.m2/repository/org/opentest4j/opentest4j/1.3.0/opentest4j-1.3.0.jar:/home/runner/.m2/repository/org/junit/platform/junit-platform-commons/1.11.2/junit-platform-commons-1.11.2.jar:/home/runner/.m2/repository/org/junit/jupiter/junit-jupiter-params/5.11.2/junit-jupiter-params-5.11.2.jar:/home/runner/.m2/repository/org/mockito/mockito-core/4.3.1/mockito-core-4.3.1.jar:/home/runner/.m2/repository/net/bytebuddy/byte-buddy/1.12.7/byte-buddy-1.12.7.jar:/home/runner/.m2/repository/net/bytebuddy/byte-buddy-agent/1.12.7/byte-buddy-agent-1.12.7.jar:/home/runner/.m2/repository/org/objenesis/objenesis/3.2/objenesis-3.2.jar:"/>
    <property name="sun.cpu.endian" value="little"/>
    <property name="user.home" value="/home/runner"/>
    <property name="user.language" value="en"/>
    <property name="java.specification.vendor" value="Oracle Corporation"/>
    <property name="java.home" value="/usr/lib/jvm/temurin-8-jdk-amd64/jre"/>
    <property name="basedir" value="/home/runner/work/ratis/ratis/ratis-test"/>
    <property name="file.separator" value="/"/>
    <property name="line.separator" value="&#10;"/>
    <property name="java.vm.specification.vendor" value="Oracle Corporation"/>
    <property name="java.specification.name" value="Java Platform API Specification"/>
    <property name="java.awt.graphicsenv" value="sun.awt.X11GraphicsEnvironment"/>
    <property name="surefire.real.class.path" value="/home/runner/work/ratis/ratis/ratis-test/target/surefire/surefirebooter1655177919652072841.jar:/home/runner/.m2/repository/org/jacoco/org.jacoco.agent/0.8.12/org.jacoco.agent-0.8.12-runtime.jar"/>
    <property name="sun.boot.class.path" value="/usr/lib/jvm/temurin-8-jdk-amd64/jre/lib/resources.jar:/usr/lib/jvm/temurin-8-jdk-amd64/jre/lib/rt.jar:/usr/lib/jvm/temurin-8-jdk-amd64/jre/lib/sunrsasign.jar:/usr/lib/jvm/temurin-8-jdk-amd64/jre/lib/jsse.jar:/usr/lib/jvm/temurin-8-jdk-amd64/jre/lib/jce.jar:/usr/lib/jvm/temurin-8-jdk-amd64/jre/lib/charsets.jar:/usr/lib/jvm/temurin-8-jdk-amd64/jre/lib/jfr.jar:/usr/lib/jvm/temurin-8-jdk-amd64/jre/classes"/>
    <property name="sun.management.compiler" value="HotSpot 64-Bit Tiered Compilers"/>
    <property name="java.runtime.version" value="1.8.0_422-b05"/>
    <property name="java.net.preferIPv4Stack" value="true"/>
    <property name="user.name" value="runner"/>
    <property name="path.separator" value=":"/>
    <property name="os.version" value="5.15.0-1073-azure"/>
    <property name="java.endorsed.dirs" value="/usr/lib/jvm/temurin-8-jdk-amd64/jre/lib/endorsed"/>
    <property name="java.runtime.name" value="OpenJDK Runtime Environment"/>
    <property name="file.encoding" value="UTF-8"/>
    <property name="java.vm.name" value="OpenJDK 64-Bit Server VM"/>
    <property name="localRepository" value="/home/runner/.m2/repository"/>
    <property name="java.vendor.url.bug" value="https://github.com/adoptium/adoptium-support/issues"/>
    <property name="java.io.tmpdir" value="/tmp"/>
    <property name="java.version" value="1.8.0_422"/>
    <property name="user.dir" value="/home/runner/work/ratis/ratis/ratis-test"/>
    <property name="os.arch" value="amd64"/>
    <property name="ratis.tmp.dir" value="/home/runner/work/ratis/ratis/ratis-test/target/tmp"/>
    <property name="java.vm.specification.name" value="Java Virtual Machine Specification"/>
    <property name="java.awt.printerjob" value="sun.print.PSPrinterJob"/>
    <property name="ratis.log.dir" value="/home/runner/work/ratis/ratis/ratis-test/target/log"/>
    <property name="sun.os.patch.level" value="unknown"/>
    <property name="java.library.path" value="/usr/java/packages/lib/amd64:/usr/lib64:/lib64:/lib:/usr/lib"/>
    <property name="java.vm.info" value="mixed mode"/>
    <property name="java.vendor" value="Temurin"/>
    <property name="java.vm.version" value="25.422-b05"/>
    <property name="java.specification.maintenance.version" value="5"/>
    <property name="java.ext.dirs" value="/usr/lib/jvm/temurin-8-jdk-amd64/jre/lib/ext:/usr/java/packages/lib/ext"/>
    <property name="sun.io.unicode.encoding" value="UnicodeLittle"/>
    <property name="java.class.version" value="52.0"/>
  </properties>
  <testcase name="testAddFollowerWhenExistsListener" classname="org.apache.ratis.netty.TestLeaderElectionWithNetty" time="3.438"/>
  <testcase name="testRemoveListener" classname="org.apache.ratis.netty.TestLeaderElectionWithNetty" time="1.857"/>
  <testcase name="testLostMajorityHeartbeats" classname="org.apache.ratis.netty.TestLeaderElectionWithNetty" time="1.937"/>
  <testcase name="testLateServerStart" classname="org.apache.ratis.netty.TestLeaderElectionWithNetty" time="5.483"/>
  <testcase name="testListenerNotStartLeaderElection" classname="org.apache.ratis.netty.TestLeaderElectionWithNetty" time="1.449"/>
  <testcase name="testPreVote" classname="org.apache.ratis.netty.TestLeaderElectionWithNetty" time="5.794"/>
  <testcase name="testListenerRejectRequestVote" classname="org.apache.ratis.netty.TestLeaderElectionWithNetty" time="1.414"/>
  <testcase name="testAddListener" classname="org.apache.ratis.netty.TestLeaderElectionWithNetty" time="1.815"/>
  <testcase name="testTransferLeaderTimeout" classname="org.apache.ratis.netty.TestLeaderElectionWithNetty" time="6.793"/>
  <testcase name="testBasicLeaderElection" classname="org.apache.ratis.netty.TestLeaderElectionWithNetty" time="46.464">
    <error type="java.lang.IllegalStateException"><![CDATA[java.lang.IllegalStateException: 
No leader yet : printing ALL groups
  s3:  RUNNING CANDIDATE s3@group-F860CA578C61:t2, leader=null, voted=s0, raftlog=Memoized:s3@group-F860CA578C61-SegmentedRaftLog:OPENED:c2:last(t:2, i:2), conf=conf: {index: 1, cur=peers:[s3|localhost:15152, s4|localhost:15156, s0|localhost:15140, s1|localhost:15144, s2|localhost:15148]|listeners:[], old=null} RUNNING
  s4:  RUNNING CANDIDATE s4@group-F860CA578C61:t2, leader=null, voted=s0, raftlog=Memoized:s4@group-F860CA578C61-SegmentedRaftLog:OPENED:c2:last(t:2, i:2), conf=conf: {index: 1, cur=peers:[s3|localhost:15152, s4|localhost:15156, s0|localhost:15140, s1|localhost:15144, s2|localhost:15148]|listeners:[], old=null} RUNNING
  s0:   CLOSED    LEADER s0@group-F860CA578C61:t2, leader=s0, voted=s0, raftlog=Memoized:s0@group-F860CA578C61-SegmentedRaftLog:CLOSED:c2, conf=conf: {index: 1, cur=peers:[s3|localhost:15152, s4|localhost:15156, s0|localhost:15140, s1|localhost:15144, s2|localhost:15148]|listeners:[], old=null} CLOSED
  s1:  RUNNING  FOLLOWER s1@group-F860CA578C61:t1, leader=null, voted=null, raftlog=Memoized:s1@group-F860CA578C61-SegmentedRaftLog:OPENED:c-1:lastnull, conf=conf: {index: -1, cur=peers:[s3|localhost:15152, s4|localhost:15156, s0|localhost:15140, s1|localhost:15144, s2|localhost:15148]|listeners:[], old=null} RUNNING
  s2:   CLOSED    LEADER s2@group-F860CA578C61:t1, leader=s2, voted=s2, raftlog=Memoized:s2@group-F860CA578C61-SegmentedRaftLog:CLOSED:c0, conf=conf: {index: 0, cur=peers:[s3|localhost:15152, s4|localhost:15156, s0|localhost:15140, s1|localhost:15144, s2|localhost:15148]|listeners:[], old=null} CLOSED
	at org.apache.ratis.server.impl.MiniRaftCluster.newIllegalStateExceptionForNoLeaders(MiniRaftCluster.java:587)
	at org.apache.ratis.RaftTestUtil.lambda$waitForLeader$1(RaftTestUtil.java:111)
	at org.apache.ratis.server.impl.MiniRaftCluster.getLeader(MiniRaftCluster.java:621)
	at org.apache.ratis.server.impl.MiniRaftCluster.getLeader(MiniRaftCluster.java:614)
	at org.apache.ratis.RaftTestUtil.lambda$waitForLeader$3(RaftTestUtil.java:120)
	at org.apache.ratis.util.JavaUtils.attempt(JavaUtils.java:225)
	at org.apache.ratis.RaftTestUtil.waitForLeader(RaftTestUtil.java:118)
	at org.apache.ratis.RaftTestUtil.waitForLeader(RaftTestUtil.java:99)
	at org.apache.ratis.RaftTestUtil.waitForLeader(RaftTestUtil.java:94)
	at org.apache.ratis.RaftTestUtil.waitAndKillLeader(RaftTestUtil.java:144)
	at org.apache.ratis.server.impl.LeaderElectionTests.testBasicLeaderElection(LeaderElectionTests.java:93)
	at java.lang.reflect.Method.invoke(Method.java:498)
	at java.util.ArrayList.forEach(ArrayList.java:1259)
	at java.util.ArrayList.forEach(ArrayList.java:1259)
]]></error>
    <system-out><![CDATA[2024-10-11 15:02:58,868 [main] INFO  util.LogUtils (Slf4jUtils.java:setLogLevel(38)) - Successfully set org.apache.ratis.conf.ConfUtils log level to WARN
2024-10-11 15:02:58,868 [main] INFO  util.LogUtils (Slf4jUtils.java:setLogLevel(38)) - Successfully set org.apache.ratis.util.FileUtils log level to TRACE
2024-10-11 15:02:58,868 [main] INFO  util.LogUtils (Slf4jUtils.java:setLogLevel(38)) - Successfully set org.apache.ratis.server.RaftServer$Division log level to DEBUG
2024-10-11 15:02:58,869 [main] INFO  util.LogUtils (Slf4jUtils.java:setLogLevel(38)) - Successfully set org.apache.ratis.client.RaftClient log level to DEBUG
2024-10-11 15:02:58,869 [main] INFO  netty.TestLeaderElectionWithNetty (LeaderElectionTests.java:testBasicLeaderElection(88)) - Running testBasicLeaderElection
2024-10-11 15:02:58,870 [main] INFO  impl.MiniRaftCluster (MiniRaftCluster.java:<init>(309)) - new MiniRaftClusterWithNetty with group-F860CA578C61:[s3|localhost:15152, s4|localhost:15156, s0|localhost:15140, s1|localhost:15144, s2|localhost:15148]
2024-10-11 15:02:58,870 [main] INFO  impl.MiniRaftCluster (MiniRaftCluster.java:start(342)) - .............................................................. 
2024-10-11 15:02:58,870 [main] INFO  impl.MiniRaftCluster (MiniRaftCluster.java:start(343)) - ... 
2024-10-11 15:02:58,870 [main] INFO  impl.MiniRaftCluster (MiniRaftCluster.java:start(344)) - ...     Starting MiniRaftClusterWithNetty
2024-10-11 15:02:58,870 [main] INFO  impl.MiniRaftCluster (MiniRaftCluster.java:start(345)) - ... 
2024-10-11 15:02:58,870 [main] INFO  impl.MiniRaftCluster (MiniRaftCluster.java:start(346)) - .............................................................. 
2024-10-11 15:02:58,871 [main] INFO  impl.MiniRaftCluster (MiniRaftCluster.java:initServers(321)) - servers = {}
2024-10-11 15:02:58,871 [main] INFO  impl.MiniRaftCluster (MiniRaftCluster.java:newRaftServer(386)) - newRaftServer: s3, group-F860CA578C61:[s3|localhost:15152, s4|localhost:15156, s0|localhost:15140, s1|localhost:15144, s2|localhost:15148], format? true
2024-10-11 15:02:58,871 [main] TRACE util.FileUtils (FileUtils.java:deleteFully(305)) - deleteFully target/test/data/41eaf75c/MiniRaftClusterWithNettyb2b16173/s3
2024-10-11 15:02:58,871 [main] TRACE util.FileUtils (FileUtils.java:deleteFully(318)) - deleteFully: target/test/data/41eaf75c/MiniRaftClusterWithNettyb2b16173/s3 does not exist.
2024-10-11 15:02:58,871 [main] INFO  impl.MiniRaftCluster (MiniRaftCluster.java:newRaftServer(391)) - Formatted directory target/test/data/41eaf75c/MiniRaftClusterWithNettyb2b16173/s3
2024-10-11 15:02:58,871 [main] INFO  server.RaftServer (ConfUtils.java:logGet(46)) - raft.rpc.type = NETTY (custom)
2024-10-11 15:02:58,872 [main] INFO  netty.NettyConfigKeys$Server (ConfUtils.java:logGet(46)) - raft.netty.server.use-epoll = true (default)
2024-10-11 15:02:58,872 [main] INFO  netty.NettyUtils (NettyUtils.java:newEventLoopGroup(74)) - Create EpollEventLoopGroup for NettyRpcService-bossGroup; Thread size is 0.
2024-10-11 15:02:58,872 [main] INFO  netty.NettyUtils (NettyUtils.java:newEventLoopGroup(74)) - Create EpollEventLoopGroup for NettyRpcService-workerGroup; Thread size is 0.
2024-10-11 15:02:58,872 [main] INFO  netty.NettyConfigKeys$Server (ConfUtils.java:logGet(46)) - raft.netty.server.host = null (default)
2024-10-11 15:02:58,872 [main] INFO  netty.NettyConfigKeys$Server (ConfUtils.java:logGet(46)) - raft.netty.server.port = 15152 (custom)
2024-10-11 15:02:58,873 [main] INFO  impl.DataStreamServerImpl (ConfUtils.java:logGet(46)) - raft.datastream.type = DISABLED (default)
2024-10-11 15:02:58,873 [main] INFO  server.RaftServerConfigKeys (ConfUtils.java:logGet(46)) - raft.server.sleep.deviation.threshold = 300ms (default)
2024-10-11 15:02:58,873 [main] INFO  server.RaftServerConfigKeys (ConfUtils.java:logGet(46)) - raft.server.close.threshold = 60s (default)
2024-10-11 15:02:58,873 [main] INFO  server.RaftServerConfigKeys (ConfUtils.java:logGet(46)) - raft.server.leaderelection.leader.step-down.wait-time = 10s (default)
2024-10-11 15:02:58,873 [main] INFO  server.RaftServerConfigKeys (ConfUtils.java:logGet(46)) - raft.server.storage.dir = [/home/runner/work/ratis/ratis/ratis-test/target/test/data/41eaf75c/MiniRaftClusterWithNettyb2b16173/s3] (custom)
2024-10-11 15:02:58,873 [main] INFO  server.RaftServerConfigKeys (ConfUtils.java:logGet(46)) - raft.server.threadpool.proxy.cached = true (default)
2024-10-11 15:02:58,873 [main] INFO  server.RaftServerConfigKeys (ConfUtils.java:logGet(46)) - raft.server.threadpool.proxy.size = 0 (default)
2024-10-11 15:02:58,874 [main] INFO  server.RaftServer (RaftServerProxy.java:addNew(101)) - s3: addNew group-F860CA578C61:[s3|localhost:15152, s4|localhost:15156, s0|localhost:15140, s1|localhost:15144, s2|localhost:15148] returns group-F860CA578C61:java.util.concurrent.CompletableFuture@4b00d59[Not completed]
2024-10-11 15:02:58,874 [s3-groupManagement] INFO  netty.NettyUtils (NettyUtils.java:newEventLoopGroup(74)) - Create EpollEventLoopGroup for s3; Thread size is 0.
2024-10-11 15:02:58,874 [main] INFO  impl.MiniRaftCluster (MiniRaftCluster.java:newRaftServer(386)) - newRaftServer: s4, group-F860CA578C61:[s3|localhost:15152, s4|localhost:15156, s0|localhost:15140, s1|localhost:15144, s2|localhost:15148], format? true
2024-10-11 15:02:58,874 [main] TRACE util.FileUtils (FileUtils.java:deleteFully(305)) - deleteFully target/test/data/41eaf75c/MiniRaftClusterWithNettyb2b16173/s4
2024-10-11 15:02:58,874 [s3-groupManagement] INFO  server.RaftServer$Division (RaftServerImpl.java:<init>(256)) - s3: new RaftServerImpl for group-F860CA578C61:[s3|localhost:15152, s4|localhost:15156, s0|localhost:15140, s1|localhost:15144, s2|localhost:15148] with BaseStateMachine:uninitialized
2024-10-11 15:02:58,874 [main] TRACE util.FileUtils (FileUtils.java:deleteFully(318)) - deleteFully: target/test/data/41eaf75c/MiniRaftClusterWithNettyb2b16173/s4 does not exist.
2024-10-11 15:02:58,874 [main] INFO  impl.MiniRaftCluster (MiniRaftCluster.java:newRaftServer(391)) - Formatted directory target/test/data/41eaf75c/MiniRaftClusterWithNettyb2b16173/s4
2024-10-11 15:02:58,874 [s3-groupManagement] INFO  server.RaftServerConfigKeys (ConfUtils.java:logGet(46)) - raft.server.rpc.timeout.min = 150ms (default)
2024-10-11 15:02:58,875 [s3-groupManagement] INFO  server.RaftServerConfigKeys (ConfUtils.java:logGet(46)) - raft.server.rpc.timeout.max = 300ms (default)
2024-10-11 15:02:58,875 [main] INFO  server.RaftServer (ConfUtils.java:logGet(46)) - raft.rpc.type = NETTY (custom)
2024-10-11 15:02:58,875 [s3-groupManagement] INFO  server.RaftServerConfigKeys (ConfUtils.java:logGet(46)) - raft.server.rpc.sleep.time = 25ms (default)
2024-10-11 15:02:58,875 [s3-groupManagement] INFO  server.RaftServerConfigKeys (ConfUtils.java:logGet(46)) - raft.server.rpc.slowness.timeout = 60s (default)
2024-10-11 15:02:58,875 [main] INFO  netty.NettyConfigKeys$Server (ConfUtils.java:logGet(46)) - raft.netty.server.use-epoll = true (default)
2024-10-11 15:02:58,875 [main] INFO  netty.NettyUtils (NettyUtils.java:newEventLoopGroup(74)) - Create EpollEventLoopGroup for NettyRpcService-bossGroup; Thread size is 0.
2024-10-11 15:02:58,875 [s3-groupManagement] INFO  server.RaftServerConfigKeys (ConfUtils.java:logGet(46)) - raft.server.leaderelection.leader.step-down.wait-time = 10s (default)
2024-10-11 15:02:58,875 [s3-groupManagement] INFO  server.RaftServerConfigKeys (ConfUtils.java:logGet(46)) - raft.server.leaderelection.member.majority-add = false (default)
2024-10-11 15:02:58,875 [s3-groupManagement] INFO  server.RaftServerConfigKeys (ConfUtils.java:logGet(46)) - raft.server.sleep.deviation.threshold = 300ms (default)
2024-10-11 15:02:58,875 [main] INFO  netty.NettyUtils (NettyUtils.java:newEventLoopGroup(74)) - Create EpollEventLoopGroup for NettyRpcService-workerGroup; Thread size is 0.
2024-10-11 15:02:58,875 [s3-groupManagement] INFO  server.RaftServer$Division (ServerState.java:<init>(114)) - s3@group-F860CA578C61: ConfigurationManager, init=conf: {index: -1, cur=peers:[s3|localhost:15152, s4|localhost:15156, s0|localhost:15140, s1|localhost:15144, s2|localhost:15148]|listeners:[], old=null}, confs=<EMPTY_MAP>
2024-10-11 15:02:58,876 [s3-groupManagement] INFO  server.RaftServerConfigKeys (ConfUtils.java:logGet(46)) - raft.server.notification.no-leader.timeout = 60s (default)
2024-10-11 15:02:58,876 [s3-groupManagement] INFO  server.RaftServerConfigKeys (ConfUtils.java:logGet(46)) - raft.server.read.timeout = 10s (default)
2024-10-11 15:02:58,876 [main] INFO  netty.NettyConfigKeys$Server (ConfUtils.java:logGet(46)) - raft.netty.server.host = null (default)
2024-10-11 15:02:58,876 [s3-groupManagement] INFO  server.RaftServerConfigKeys (ConfUtils.java:logGet(46)) - raft.server.retrycache.expirytime = 60s (default)
2024-10-11 15:02:58,876 [main] INFO  netty.NettyConfigKeys$Server (ConfUtils.java:logGet(46)) - raft.netty.server.port = 15156 (custom)
2024-10-11 15:02:58,876 [s3-groupManagement] INFO  server.RaftServerConfigKeys (ConfUtils.java:logGet(46)) - raft.server.retrycache.statistics.expirytime = 100ms (default)
2024-10-11 15:02:58,876 [main] INFO  impl.DataStreamServerImpl (ConfUtils.java:logGet(46)) - raft.datastream.type = DISABLED (default)
2024-10-11 15:02:58,876 [s3-groupManagement] INFO  server.RaftServerConfigKeys (ConfUtils.java:logGet(46)) - raft.server.read.option = DEFAULT (default)
2024-10-11 15:02:58,876 [main] INFO  server.RaftServerConfigKeys (ConfUtils.java:logGet(46)) - raft.server.sleep.deviation.threshold = 300ms (default)
2024-10-11 15:02:58,876 [s3-groupManagement] INFO  server.RaftServerConfigKeys (ConfUtils.java:logGet(46)) - raft.server.read.read-after-write-consistent.write-index-cache.expiry-time = 60s (default)
2024-10-11 15:02:58,877 [main] INFO  server.RaftServerConfigKeys (ConfUtils.java:logGet(46)) - raft.server.close.threshold = 60s (default)
2024-10-11 15:02:58,877 [main] INFO  server.RaftServerConfigKeys (ConfUtils.java:logGet(46)) - raft.server.leaderelection.leader.step-down.wait-time = 10s (default)
2024-10-11 15:02:58,877 [main] INFO  server.RaftServerConfigKeys (ConfUtils.java:logGet(46)) - raft.server.storage.dir = [/home/runner/work/ratis/ratis/ratis-test/target/test/data/41eaf75c/MiniRaftClusterWithNettyb2b16173/s4] (custom)
2024-10-11 15:02:58,877 [main] INFO  server.RaftServerConfigKeys (ConfUtils.java:logGet(46)) - raft.server.threadpool.proxy.cached = true (default)
2024-10-11 15:02:58,877 [main] INFO  server.RaftServerConfigKeys (ConfUtils.java:logGet(46)) - raft.server.threadpool.proxy.size = 0 (default)
2024-10-11 15:02:58,878 [s3-groupManagement] INFO  server.RaftServerConfigKeys (ConfUtils.java:logGet(46)) - raft.server.rpc.request.timeout = 3000ms (default)
2024-10-11 15:02:58,878 [s3-groupManagement] INFO  server.RaftServerConfigKeys (ConfUtils.java:logGet(46)) - raft.server.log.appender.install.snapshot.enabled = true (default)
2024-10-11 15:02:58,878 [s3-groupManagement] INFO  server.RaftServerConfigKeys (ConfUtils.java:logGet(46)) - raft.server.threadpool.server.cached = true (default)
2024-10-11 15:02:58,878 [s3-groupManagement] INFO  server.RaftServerConfigKeys (ConfUtils.java:logGet(46)) - raft.server.threadpool.server.size = 0 (default)
2024-10-11 15:02:58,878 [s3-groupManagement] INFO  server.RaftServerConfigKeys (ConfUtils.java:logGet(46)) - raft.server.threadpool.client.cached = true (default)
2024-10-11 15:02:58,878 [s3-groupManagement] INFO  server.RaftServerConfigKeys (ConfUtils.java:logGet(46)) - raft.server.threadpool.client.size = 0 (default)
2024-10-11 15:02:58,879 [main] INFO  server.RaftServer (RaftServerProxy.java:addNew(101)) - s4: addNew group-F860CA578C61:[s3|localhost:15152, s4|localhost:15156, s0|localhost:15140, s1|localhost:15144, s2|localhost:15148] returns group-F860CA578C61:java.util.concurrent.CompletableFuture@2d172c7[Not completed]
2024-10-11 15:02:58,879 [s4-groupManagement] INFO  netty.NettyUtils (NettyUtils.java:newEventLoopGroup(74)) - Create EpollEventLoopGroup for s4; Thread size is 0.
2024-10-11 15:02:58,880 [main] INFO  impl.MiniRaftCluster (MiniRaftCluster.java:newRaftServer(386)) - newRaftServer: s0, group-F860CA578C61:[s3|localhost:15152, s4|localhost:15156, s0|localhost:15140, s1|localhost:15144, s2|localhost:15148], format? true
2024-10-11 15:02:58,880 [main] TRACE util.FileUtils (FileUtils.java:deleteFully(305)) - deleteFully target/test/data/41eaf75c/MiniRaftClusterWithNettyb2b16173/s0
2024-10-11 15:02:58,880 [s4-groupManagement] INFO  server.RaftServer$Division (RaftServerImpl.java:<init>(256)) - s4: new RaftServerImpl for group-F860CA578C61:[s3|localhost:15152, s4|localhost:15156, s0|localhost:15140, s1|localhost:15144, s2|localhost:15148] with BaseStateMachine:uninitialized
2024-10-11 15:02:58,880 [main] TRACE util.FileUtils (FileUtils.java:deleteFully(318)) - deleteFully: target/test/data/41eaf75c/MiniRaftClusterWithNettyb2b16173/s0 does not exist.
2024-10-11 15:02:58,880 [main] INFO  impl.MiniRaftCluster (MiniRaftCluster.java:newRaftServer(391)) - Formatted directory target/test/data/41eaf75c/MiniRaftClusterWithNettyb2b16173/s0
2024-10-11 15:02:58,880 [s4-groupManagement] INFO  server.RaftServerConfigKeys (ConfUtils.java:logGet(46)) - raft.server.rpc.timeout.min = 150ms (default)
2024-10-11 15:02:58,880 [s4-groupManagement] INFO  server.RaftServerConfigKeys (ConfUtils.java:logGet(46)) - raft.server.rpc.timeout.max = 300ms (default)
2024-10-11 15:02:58,880 [s4-groupManagement] INFO  server.RaftServerConfigKeys (ConfUtils.java:logGet(46)) - raft.server.rpc.sleep.time = 25ms (default)
2024-10-11 15:02:58,880 [main] INFO  server.RaftServer (ConfUtils.java:logGet(46)) - raft.rpc.type = NETTY (custom)
2024-10-11 15:02:58,880 [s4-groupManagement] INFO  server.RaftServerConfigKeys (ConfUtils.java:logGet(46)) - raft.server.rpc.slowness.timeout = 60s (default)
2024-10-11 15:02:58,880 [main] INFO  netty.NettyConfigKeys$Server (ConfUtils.java:logGet(46)) - raft.netty.server.use-epoll = true (default)
2024-10-11 15:02:58,881 [main] INFO  netty.NettyUtils (NettyUtils.java:newEventLoopGroup(74)) - Create EpollEventLoopGroup for NettyRpcService-bossGroup; Thread size is 0.
2024-10-11 15:02:58,880 [s4-groupManagement] INFO  server.RaftServerConfigKeys (ConfUtils.java:logGet(46)) - raft.server.leaderelection.leader.step-down.wait-time = 10s (default)
2024-10-11 15:02:58,881 [s4-groupManagement] INFO  server.RaftServerConfigKeys (ConfUtils.java:logGet(46)) - raft.server.leaderelection.member.majority-add = false (default)
2024-10-11 15:02:58,881 [s4-groupManagement] INFO  server.RaftServerConfigKeys (ConfUtils.java:logGet(46)) - raft.server.sleep.deviation.threshold = 300ms (default)
2024-10-11 15:02:58,881 [s4-groupManagement] INFO  server.RaftServer$Division (ServerState.java:<init>(114)) - s4@group-F860CA578C61: ConfigurationManager, init=conf: {index: -1, cur=peers:[s3|localhost:15152, s4|localhost:15156, s0|localhost:15140, s1|localhost:15144, s2|localhost:15148]|listeners:[], old=null}, confs=<EMPTY_MAP>
2024-10-11 15:02:58,881 [main] INFO  netty.NettyUtils (NettyUtils.java:newEventLoopGroup(74)) - Create EpollEventLoopGroup for NettyRpcService-workerGroup; Thread size is 0.
2024-10-11 15:02:58,881 [s4-groupManagement] INFO  server.RaftServerConfigKeys (ConfUtils.java:logGet(46)) - raft.server.notification.no-leader.timeout = 60s (default)
2024-10-11 15:02:58,881 [s4-groupManagement] INFO  server.RaftServerConfigKeys (ConfUtils.java:logGet(46)) - raft.server.read.timeout = 10s (default)
2024-10-11 15:02:58,882 [s4-groupManagement] INFO  server.RaftServerConfigKeys (ConfUtils.java:logGet(46)) - raft.server.retrycache.expirytime = 60s (default)
2024-10-11 15:02:58,882 [s4-groupManagement] INFO  server.RaftServerConfigKeys (ConfUtils.java:logGet(46)) - raft.server.retrycache.statistics.expirytime = 100ms (default)
2024-10-11 15:02:58,882 [main] INFO  netty.NettyConfigKeys$Server (ConfUtils.java:logGet(46)) - raft.netty.server.host = null (default)
2024-10-11 15:02:58,882 [s4-groupManagement] INFO  server.RaftServerConfigKeys (ConfUtils.java:logGet(46)) - raft.server.read.option = DEFAULT (default)
2024-10-11 15:02:58,882 [main] INFO  netty.NettyConfigKeys$Server (ConfUtils.java:logGet(46)) - raft.netty.server.port = 15140 (custom)
2024-10-11 15:02:58,882 [main] INFO  impl.DataStreamServerImpl (ConfUtils.java:logGet(46)) - raft.datastream.type = DISABLED (default)
2024-10-11 15:02:58,882 [s4-groupManagement] INFO  server.RaftServerConfigKeys (ConfUtils.java:logGet(46)) - raft.server.read.read-after-write-consistent.write-index-cache.expiry-time = 60s (default)
2024-10-11 15:02:58,882 [main] INFO  server.RaftServerConfigKeys (ConfUtils.java:logGet(46)) - raft.server.sleep.deviation.threshold = 300ms (default)
2024-10-11 15:02:58,883 [main] INFO  server.RaftServerConfigKeys (ConfUtils.java:logGet(46)) - raft.server.close.threshold = 60s (default)
2024-10-11 15:02:58,883 [s4-groupManagement] INFO  server.RaftServerConfigKeys (ConfUtils.java:logGet(46)) - raft.server.rpc.request.timeout = 3000ms (default)
2024-10-11 15:02:58,883 [main] INFO  server.RaftServerConfigKeys (ConfUtils.java:logGet(46)) - raft.server.leaderelection.leader.step-down.wait-time = 10s (default)
2024-10-11 15:02:58,883 [s4-groupManagement] INFO  server.RaftServerConfigKeys (ConfUtils.java:logGet(46)) - raft.server.log.appender.install.snapshot.enabled = true (default)
2024-10-11 15:02:58,883 [main] INFO  server.RaftServerConfigKeys (ConfUtils.java:logGet(46)) - raft.server.storage.dir = [/home/runner/work/ratis/ratis/ratis-test/target/test/data/41eaf75c/MiniRaftClusterWithNettyb2b16173/s0] (custom)
2024-10-11 15:02:58,883 [s4-groupManagement] INFO  server.RaftServerConfigKeys (ConfUtils.java:logGet(46)) - raft.server.threadpool.server.cached = true (default)
2024-10-11 15:02:58,883 [main] INFO  server.RaftServerConfigKeys (ConfUtils.java:logGet(46)) - raft.server.threadpool.proxy.cached = true (default)
2024-10-11 15:02:58,884 [s4-groupManagement] INFO  server.RaftServerConfigKeys (ConfUtils.java:logGet(46)) - raft.server.threadpool.server.size = 0 (default)
2024-10-11 15:02:58,884 [main] INFO  server.RaftServerConfigKeys (ConfUtils.java:logGet(46)) - raft.server.threadpool.proxy.size = 0 (default)
2024-10-11 15:02:58,884 [s4-groupManagement] INFO  server.RaftServerConfigKeys (ConfUtils.java:logGet(46)) - raft.server.threadpool.client.cached = true (default)
2024-10-11 15:02:58,885 [s4-groupManagement] INFO  server.RaftServerConfigKeys (ConfUtils.java:logGet(46)) - raft.server.threadpool.client.size = 0 (default)
2024-10-11 15:02:58,885 [main] INFO  server.RaftServer (RaftServerProxy.java:addNew(101)) - s0: addNew group-F860CA578C61:[s3|localhost:15152, s4|localhost:15156, s0|localhost:15140, s1|localhost:15144, s2|localhost:15148] returns group-F860CA578C61:java.util.concurrent.CompletableFuture@74bfdd66[Not completed]
2024-10-11 15:02:58,885 [s0-groupManagement] INFO  netty.NettyUtils (NettyUtils.java:newEventLoopGroup(74)) - Create EpollEventLoopGroup for s0; Thread size is 0.
2024-10-11 15:02:58,885 [main] INFO  impl.MiniRaftCluster (MiniRaftCluster.java:newRaftServer(386)) - newRaftServer: s1, group-F860CA578C61:[s3|localhost:15152, s4|localhost:15156, s0|localhost:15140, s1|localhost:15144, s2|localhost:15148], format? true
2024-10-11 15:02:58,885 [main] TRACE util.FileUtils (FileUtils.java:deleteFully(305)) - deleteFully target/test/data/41eaf75c/MiniRaftClusterWithNettyb2b16173/s1
2024-10-11 15:02:58,886 [s0-groupManagement] INFO  server.RaftServer$Division (RaftServerImpl.java:<init>(256)) - s0: new RaftServerImpl for group-F860CA578C61:[s3|localhost:15152, s4|localhost:15156, s0|localhost:15140, s1|localhost:15144, s2|localhost:15148] with BaseStateMachine:uninitialized
2024-10-11 15:02:58,886 [main] TRACE util.FileUtils (FileUtils.java:deleteFully(318)) - deleteFully: target/test/data/41eaf75c/MiniRaftClusterWithNettyb2b16173/s1 does not exist.
2024-10-11 15:02:58,886 [main] INFO  impl.MiniRaftCluster (MiniRaftCluster.java:newRaftServer(391)) - Formatted directory target/test/data/41eaf75c/MiniRaftClusterWithNettyb2b16173/s1
2024-10-11 15:02:58,886 [s0-groupManagement] INFO  server.RaftServerConfigKeys (ConfUtils.java:logGet(46)) - raft.server.rpc.timeout.min = 150ms (default)
2024-10-11 15:02:58,886 [s0-groupManagement] INFO  server.RaftServerConfigKeys (ConfUtils.java:logGet(46)) - raft.server.rpc.timeout.max = 300ms (default)
2024-10-11 15:02:58,886 [main] INFO  server.RaftServer (ConfUtils.java:logGet(46)) - raft.rpc.type = NETTY (custom)
2024-10-11 15:02:58,886 [s0-groupManagement] INFO  server.RaftServerConfigKeys (ConfUtils.java:logGet(46)) - raft.server.rpc.sleep.time = 25ms (default)
2024-10-11 15:02:58,886 [main] INFO  netty.NettyConfigKeys$Server (ConfUtils.java:logGet(46)) - raft.netty.server.use-epoll = true (default)
2024-10-11 15:02:58,886 [main] INFO  netty.NettyUtils (NettyUtils.java:newEventLoopGroup(74)) - Create EpollEventLoopGroup for NettyRpcService-bossGroup; Thread size is 0.
2024-10-11 15:02:58,886 [s0-groupManagement] INFO  server.RaftServerConfigKeys (ConfUtils.java:logGet(46)) - raft.server.rpc.slowness.timeout = 60s (default)
2024-10-11 15:02:58,887 [s0-groupManagement] INFO  server.RaftServerConfigKeys (ConfUtils.java:logGet(46)) - raft.server.leaderelection.leader.step-down.wait-time = 10s (default)
2024-10-11 15:02:58,887 [s0-groupManagement] INFO  server.RaftServerConfigKeys (ConfUtils.java:logGet(46)) - raft.server.leaderelection.member.majority-add = false (default)
2024-10-11 15:02:58,887 [s0-groupManagement] INFO  server.RaftServerConfigKeys (ConfUtils.java:logGet(46)) - raft.server.sleep.deviation.threshold = 300ms (default)
2024-10-11 15:02:58,887 [main] INFO  netty.NettyUtils (NettyUtils.java:newEventLoopGroup(74)) - Create EpollEventLoopGroup for NettyRpcService-workerGroup; Thread size is 0.
2024-10-11 15:02:58,887 [s0-groupManagement] INFO  server.RaftServer$Division (ServerState.java:<init>(114)) - s0@group-F860CA578C61: ConfigurationManager, init=conf: {index: -1, cur=peers:[s3|localhost:15152, s4|localhost:15156, s0|localhost:15140, s1|localhost:15144, s2|localhost:15148]|listeners:[], old=null}, confs=<EMPTY_MAP>
2024-10-11 15:02:58,887 [s0-groupManagement] INFO  server.RaftServerConfigKeys (ConfUtils.java:logGet(46)) - raft.server.notification.no-leader.timeout = 60s (default)
2024-10-11 15:02:58,887 [s0-groupManagement] INFO  server.RaftServerConfigKeys (ConfUtils.java:logGet(46)) - raft.server.read.timeout = 10s (default)
2024-10-11 15:02:58,887 [main] INFO  netty.NettyConfigKeys$Server (ConfUtils.java:logGet(46)) - raft.netty.server.host = null (default)
2024-10-11 15:02:58,887 [s0-groupManagement] INFO  server.RaftServerConfigKeys (ConfUtils.java:logGet(46)) - raft.server.retrycache.expirytime = 60s (default)
2024-10-11 15:02:58,887 [main] INFO  netty.NettyConfigKeys$Server (ConfUtils.java:logGet(46)) - raft.netty.server.port = 15144 (custom)
2024-10-11 15:02:58,887 [s0-groupManagement] INFO  server.RaftServerConfigKeys (ConfUtils.java:logGet(46)) - raft.server.retrycache.statistics.expirytime = 100ms (default)
2024-10-11 15:02:58,887 [main] INFO  impl.DataStreamServerImpl (ConfUtils.java:logGet(46)) - raft.datastream.type = DISABLED (default)
2024-10-11 15:02:58,887 [s0-groupManagement] INFO  server.RaftServerConfigKeys (ConfUtils.java:logGet(46)) - raft.server.read.option = DEFAULT (default)
2024-10-11 15:02:58,888 [main] INFO  server.RaftServerConfigKeys (ConfUtils.java:logGet(46)) - raft.server.sleep.deviation.threshold = 300ms (default)
2024-10-11 15:02:58,888 [s0-groupManagement] INFO  server.RaftServerConfigKeys (ConfUtils.java:logGet(46)) - raft.server.read.read-after-write-consistent.write-index-cache.expiry-time = 60s (default)
2024-10-11 15:02:58,888 [main] INFO  server.RaftServerConfigKeys (ConfUtils.java:logGet(46)) - raft.server.close.threshold = 60s (default)
2024-10-11 15:02:58,888 [main] INFO  server.RaftServerConfigKeys (ConfUtils.java:logGet(46)) - raft.server.leaderelection.leader.step-down.wait-time = 10s (default)
2024-10-11 15:02:58,888 [main] INFO  server.RaftServerConfigKeys (ConfUtils.java:logGet(46)) - raft.server.storage.dir = [/home/runner/work/ratis/ratis/ratis-test/target/test/data/41eaf75c/MiniRaftClusterWithNettyb2b16173/s1] (custom)
2024-10-11 15:02:58,888 [main] INFO  server.RaftServerConfigKeys (ConfUtils.java:logGet(46)) - raft.server.threadpool.proxy.cached = true (default)
2024-10-11 15:02:58,889 [main] INFO  server.RaftServerConfigKeys (ConfUtils.java:logGet(46)) - raft.server.threadpool.proxy.size = 0 (default)
2024-10-11 15:02:58,888 [s0-groupManagement] INFO  server.RaftServerConfigKeys (ConfUtils.java:logGet(46)) - raft.server.rpc.request.timeout = 3000ms (default)
2024-10-11 15:02:58,889 [s0-groupManagement] INFO  server.RaftServerConfigKeys (ConfUtils.java:logGet(46)) - raft.server.log.appender.install.snapshot.enabled = true (default)
2024-10-11 15:02:58,889 [s0-groupManagement] INFO  server.RaftServerConfigKeys (ConfUtils.java:logGet(46)) - raft.server.threadpool.server.cached = true (default)
2024-10-11 15:02:58,889 [s0-groupManagement] INFO  server.RaftServerConfigKeys (ConfUtils.java:logGet(46)) - raft.server.threadpool.server.size = 0 (default)
2024-10-11 15:02:58,889 [main] INFO  server.RaftServer (RaftServerProxy.java:addNew(101)) - s1: addNew group-F860CA578C61:[s3|localhost:15152, s4|localhost:15156, s0|localhost:15140, s1|localhost:15144, s2|localhost:15148] returns group-F860CA578C61:java.util.concurrent.CompletableFuture@2b058bfd[Not completed]
2024-10-11 15:02:58,889 [s1-groupManagement] INFO  netty.NettyUtils (NettyUtils.java:newEventLoopGroup(74)) - Create EpollEventLoopGroup for s1; Thread size is 0.
2024-10-11 15:02:58,889 [s0-groupManagement] INFO  server.RaftServerConfigKeys (ConfUtils.java:logGet(46)) - raft.server.threadpool.client.cached = true (default)
2024-10-11 15:02:58,889 [main] INFO  impl.MiniRaftCluster (MiniRaftCluster.java:newRaftServer(386)) - newRaftServer: s2, group-F860CA578C61:[s3|localhost:15152, s4|localhost:15156, s0|localhost:15140, s1|localhost:15144, s2|localhost:15148], format? true
2024-10-11 15:02:58,890 [main] TRACE util.FileUtils (FileUtils.java:deleteFully(305)) - deleteFully target/test/data/41eaf75c/MiniRaftClusterWithNettyb2b16173/s2
2024-10-11 15:02:58,889 [s0-groupManagement] INFO  server.RaftServerConfigKeys (ConfUtils.java:logGet(46)) - raft.server.threadpool.client.size = 0 (default)
2024-10-11 15:02:58,890 [main] TRACE util.FileUtils (FileUtils.java:deleteFully(318)) - deleteFully: target/test/data/41eaf75c/MiniRaftClusterWithNettyb2b16173/s2 does not exist.
2024-10-11 15:02:58,890 [main] INFO  impl.MiniRaftCluster (MiniRaftCluster.java:newRaftServer(391)) - Formatted directory target/test/data/41eaf75c/MiniRaftClusterWithNettyb2b16173/s2
2024-10-11 15:02:58,890 [main] INFO  server.RaftServer (ConfUtils.java:logGet(46)) - raft.rpc.type = NETTY (custom)
2024-10-11 15:02:58,890 [main] INFO  netty.NettyConfigKeys$Server (ConfUtils.java:logGet(46)) - raft.netty.server.use-epoll = true (default)
2024-10-11 15:02:58,890 [main] INFO  netty.NettyUtils (NettyUtils.java:newEventLoopGroup(74)) - Create EpollEventLoopGroup for NettyRpcService-bossGroup; Thread size is 0.
2024-10-11 15:02:58,891 [main] INFO  netty.NettyUtils (NettyUtils.java:newEventLoopGroup(74)) - Create EpollEventLoopGroup for NettyRpcService-workerGroup; Thread size is 0.
2024-10-11 15:02:58,891 [main] INFO  netty.NettyConfigKeys$Server (ConfUtils.java:logGet(46)) - raft.netty.server.host = null (default)
2024-10-11 15:02:58,891 [main] INFO  netty.NettyConfigKeys$Server (ConfUtils.java:logGet(46)) - raft.netty.server.port = 15148 (custom)
2024-10-11 15:02:58,891 [main] INFO  impl.DataStreamServerImpl (ConfUtils.java:logGet(46)) - raft.datastream.type = DISABLED (default)
2024-10-11 15:02:58,891 [main] INFO  server.RaftServerConfigKeys (ConfUtils.java:logGet(46)) - raft.server.sleep.deviation.threshold = 300ms (default)
2024-10-11 15:02:58,891 [main] INFO  server.RaftServerConfigKeys (ConfUtils.java:logGet(46)) - raft.server.close.threshold = 60s (default)
2024-10-11 15:02:58,891 [main] INFO  server.RaftServerConfigKeys (ConfUtils.java:logGet(46)) - raft.server.leaderelection.leader.step-down.wait-time = 10s (default)
2024-10-11 15:02:58,891 [main] INFO  server.RaftServerConfigKeys (ConfUtils.java:logGet(46)) - raft.server.storage.dir = [/home/runner/work/ratis/ratis/ratis-test/target/test/data/41eaf75c/MiniRaftClusterWithNettyb2b16173/s2] (custom)
2024-10-11 15:02:58,892 [main] INFO  server.RaftServerConfigKeys (ConfUtils.java:logGet(46)) - raft.server.threadpool.proxy.cached = true (default)
2024-10-11 15:02:58,892 [main] INFO  server.RaftServerConfigKeys (ConfUtils.java:logGet(46)) - raft.server.threadpool.proxy.size = 0 (default)
2024-10-11 15:02:58,892 [s1-groupManagement] INFO  server.RaftServer$Division (RaftServerImpl.java:<init>(256)) - s1: new RaftServerImpl for group-F860CA578C61:[s3|localhost:15152, s4|localhost:15156, s0|localhost:15140, s1|localhost:15144, s2|localhost:15148] with BaseStateMachine:uninitialized
2024-10-11 15:02:58,892 [s1-groupManagement] INFO  server.RaftServerConfigKeys (ConfUtils.java:logGet(46)) - raft.server.rpc.timeout.min = 150ms (default)
2024-10-11 15:02:58,892 [s1-groupManagement] INFO  server.RaftServerConfigKeys (ConfUtils.java:logGet(46)) - raft.server.rpc.timeout.max = 300ms (default)
2024-10-11 15:02:58,892 [s1-groupManagement] INFO  server.RaftServerConfigKeys (ConfUtils.java:logGet(46)) - raft.server.rpc.sleep.time = 25ms (default)
2024-10-11 15:02:58,892 [s1-groupManagement] INFO  server.RaftServerConfigKeys (ConfUtils.java:logGet(46)) - raft.server.rpc.slowness.timeout = 60s (default)
2024-10-11 15:02:58,892 [s1-groupManagement] INFO  server.RaftServerConfigKeys (ConfUtils.java:logGet(46)) - raft.server.leaderelection.leader.step-down.wait-time = 10s (default)
2024-10-11 15:02:58,892 [s1-groupManagement] INFO  server.RaftServerConfigKeys (ConfUtils.java:logGet(46)) - raft.server.leaderelection.member.majority-add = false (default)
2024-10-11 15:02:58,892 [s1-groupManagement] INFO  server.RaftServerConfigKeys (ConfUtils.java:logGet(46)) - raft.server.sleep.deviation.threshold = 300ms (default)
2024-10-11 15:02:58,893 [s1-groupManagement] INFO  server.RaftServer$Division (ServerState.java:<init>(114)) - s1@group-F860CA578C61: ConfigurationManager, init=conf: {index: -1, cur=peers:[s3|localhost:15152, s4|localhost:15156, s0|localhost:15140, s1|localhost:15144, s2|localhost:15148]|listeners:[], old=null}, confs=<EMPTY_MAP>
2024-10-11 15:02:58,893 [s1-groupManagement] INFO  server.RaftServerConfigKeys (ConfUtils.java:logGet(46)) - raft.server.notification.no-leader.timeout = 60s (default)
2024-10-11 15:02:58,893 [s1-groupManagement] INFO  server.RaftServerConfigKeys (ConfUtils.java:logGet(46)) - raft.server.read.timeout = 10s (default)
2024-10-11 15:02:58,893 [s1-groupManagement] INFO  server.RaftServerConfigKeys (ConfUtils.java:logGet(46)) - raft.server.retrycache.expirytime = 60s (default)
2024-10-11 15:02:58,893 [s1-groupManagement] INFO  server.RaftServerConfigKeys (ConfUtils.java:logGet(46)) - raft.server.retrycache.statistics.expirytime = 100ms (default)
2024-10-11 15:02:58,893 [s1-groupManagement] INFO  server.RaftServerConfigKeys (ConfUtils.java:logGet(46)) - raft.server.read.option = DEFAULT (default)
2024-10-11 15:02:58,893 [s1-groupManagement] INFO  server.RaftServerConfigKeys (ConfUtils.java:logGet(46)) - raft.server.read.read-after-write-consistent.write-index-cache.expiry-time = 60s (default)
2024-10-11 15:02:58,893 [s1-groupManagement] INFO  server.RaftServerConfigKeys (ConfUtils.java:logGet(46)) - raft.server.rpc.request.timeout = 3000ms (default)
2024-10-11 15:02:58,894 [s1-groupManagement] INFO  server.RaftServerConfigKeys (ConfUtils.java:logGet(46)) - raft.server.log.appender.install.snapshot.enabled = true (default)
2024-10-11 15:02:58,894 [s1-groupManagement] INFO  server.RaftServerConfigKeys (ConfUtils.java:logGet(46)) - raft.server.threadpool.server.cached = true (default)
2024-10-11 15:02:58,894 [s1-groupManagement] INFO  server.RaftServerConfigKeys (ConfUtils.java:logGet(46)) - raft.server.threadpool.server.size = 0 (default)
2024-10-11 15:02:58,894 [s1-groupManagement] INFO  server.RaftServerConfigKeys (ConfUtils.java:logGet(46)) - raft.server.threadpool.client.cached = true (default)
2024-10-11 15:02:58,894 [s1-groupManagement] INFO  server.RaftServerConfigKeys (ConfUtils.java:logGet(46)) - raft.server.threadpool.client.size = 0 (default)
2024-10-11 15:02:58,895 [main] INFO  server.RaftServer (RaftServerProxy.java:addNew(101)) - s2: addNew group-F860CA578C61:[s3|localhost:15152, s4|localhost:15156, s0|localhost:15140, s1|localhost:15144, s2|localhost:15148] returns group-F860CA578C61:java.util.concurrent.CompletableFuture@433ae0b0[Not completed]
2024-10-11 15:02:58,895 [s2-groupManagement] INFO  netty.NettyUtils (NettyUtils.java:newEventLoopGroup(74)) - Create EpollEventLoopGroup for s2; Thread size is 0.
2024-10-11 15:02:58,895 [s3-impl-thread1] INFO  server.RaftServerConfigKeys (ConfUtils.java:logGet(46)) - raft.server.storage.free-space.min = 0MB (=0) (default)
2024-10-11 15:02:58,895 [s3-impl-thread1] INFO  server.RaftServerConfigKeys (ConfUtils.java:logGet(46)) - raft.server.log.corruption.policy = EXCEPTION (default)
2024-10-11 15:02:58,895 [s3-impl-thread1] INFO  server.RaftServerConfigKeys (ConfUtils.java:logGet(46)) - raft.server.storage.dir = [/home/runner/work/ratis/ratis/ratis-test/target/test/data/41eaf75c/MiniRaftClusterWithNettyb2b16173/s3] (custom)
2024-10-11 15:02:58,895 [s2-groupManagement] INFO  server.RaftServer$Division (RaftServerImpl.java:<init>(256)) - s2: new RaftServerImpl for group-F860CA578C61:[s3|localhost:15152, s4|localhost:15156, s0|localhost:15140, s1|localhost:15144, s2|localhost:15148] with BaseStateMachine:uninitialized
2024-10-11 15:02:58,895 [s2-groupManagement] INFO  server.RaftServerConfigKeys (ConfUtils.java:logGet(46)) - raft.server.rpc.timeout.min = 150ms (default)
2024-10-11 15:02:58,895 [s2-groupManagement] INFO  server.RaftServerConfigKeys (ConfUtils.java:logGet(46)) - raft.server.rpc.timeout.max = 300ms (default)
2024-10-11 15:02:58,895 [s2-groupManagement] INFO  server.RaftServerConfigKeys (ConfUtils.java:logGet(46)) - raft.server.rpc.sleep.time = 25ms (default)
2024-10-11 15:02:58,895 [s3-impl-thread1] INFO  storage.RaftStorageDirectory (RaftStorageDirectoryImpl.java:analyzeStorage(138)) - The storage directory /home/runner/work/ratis/ratis/ratis-test/target/test/data/41eaf75c/MiniRaftClusterWithNettyb2b16173/s3/fc965035-3ee3-48ad-969a-f860ca578c61 does not exist. Creating ...
2024-10-11 15:02:58,895 [s2-groupManagement] INFO  server.RaftServerConfigKeys (ConfUtils.java:logGet(46)) - raft.server.rpc.slowness.timeout = 60s (default)
2024-10-11 15:02:58,895 [s2-groupManagement] INFO  server.RaftServerConfigKeys (ConfUtils.java:logGet(46)) - raft.server.leaderelection.leader.step-down.wait-time = 10s (default)
2024-10-11 15:02:58,896 [s2-groupManagement] INFO  server.RaftServerConfigKeys (ConfUtils.java:logGet(46)) - raft.server.leaderelection.member.majority-add = false (default)
2024-10-11 15:02:58,896 [s2-groupManagement] INFO  server.RaftServerConfigKeys (ConfUtils.java:logGet(46)) - raft.server.sleep.deviation.threshold = 300ms (default)
2024-10-11 15:02:58,896 [s2-groupManagement] INFO  server.RaftServer$Division (ServerState.java:<init>(114)) - s2@group-F860CA578C61: ConfigurationManager, init=conf: {index: -1, cur=peers:[s3|localhost:15152, s4|localhost:15156, s0|localhost:15140, s1|localhost:15144, s2|localhost:15148]|listeners:[], old=null}, confs=<EMPTY_MAP>
2024-10-11 15:02:58,896 [s2-groupManagement] INFO  server.RaftServerConfigKeys (ConfUtils.java:logGet(46)) - raft.server.notification.no-leader.timeout = 60s (default)
2024-10-11 15:02:58,896 [s3-impl-thread1] TRACE util.FileUtils (LogUtils.java:runAndLog(49)) - Successfully ran Files.createDirectories /home/runner/work/ratis/ratis/ratis-test/target/test/data/41eaf75c/MiniRaftClusterWithNettyb2b16173/s3/fc965035-3ee3-48ad-969a-f860ca578c61
2024-10-11 15:02:58,896 [s2-groupManagement] INFO  server.RaftServerConfigKeys (ConfUtils.java:logGet(46)) - raft.server.read.timeout = 10s (default)
2024-10-11 15:02:58,896 [s2-groupManagement] INFO  server.RaftServerConfigKeys (ConfUtils.java:logGet(46)) - raft.server.retrycache.expirytime = 60s (default)
2024-10-11 15:02:58,896 [s2-groupManagement] INFO  server.RaftServerConfigKeys (ConfUtils.java:logGet(46)) - raft.server.retrycache.statistics.expirytime = 100ms (default)
2024-10-11 15:02:58,896 [s2-groupManagement] INFO  server.RaftServerConfigKeys (ConfUtils.java:logGet(46)) - raft.server.read.option = DEFAULT (default)
2024-10-11 15:02:58,896 [s2-groupManagement] INFO  server.RaftServerConfigKeys (ConfUtils.java:logGet(46)) - raft.server.read.read-after-write-consistent.write-index-cache.expiry-time = 60s (default)
2024-10-11 15:02:58,897 [s2-groupManagement] INFO  server.RaftServerConfigKeys (ConfUtils.java:logGet(46)) - raft.server.rpc.request.timeout = 3000ms (default)
2024-10-11 15:02:58,897 [s2-groupManagement] INFO  server.RaftServerConfigKeys (ConfUtils.java:logGet(46)) - raft.server.log.appender.install.snapshot.enabled = true (default)
2024-10-11 15:02:58,897 [s2-groupManagement] INFO  server.RaftServerConfigKeys (ConfUtils.java:logGet(46)) - raft.server.threadpool.server.cached = true (default)
2024-10-11 15:02:58,897 [s2-groupManagement] INFO  server.RaftServerConfigKeys (ConfUtils.java:logGet(46)) - raft.server.threadpool.server.size = 0 (default)
2024-10-11 15:02:58,897 [s2-groupManagement] INFO  server.RaftServerConfigKeys (ConfUtils.java:logGet(46)) - raft.server.threadpool.client.cached = true (default)
2024-10-11 15:02:58,897 [s2-groupManagement] INFO  server.RaftServerConfigKeys (ConfUtils.java:logGet(46)) - raft.server.threadpool.client.size = 0 (default)
2024-10-11 15:02:58,897 [s3-impl-thread1] INFO  storage.RaftStorageDirectory (RaftStorageDirectoryImpl.java:tryLock(229)) - Lock on /home/runner/work/ratis/ratis/ratis-test/target/test/data/41eaf75c/MiniRaftClusterWithNettyb2b16173/s3/fc965035-3ee3-48ad-969a-f860ca578c61/in_use.lock acquired by nodename 5433@fv-az1197-636
2024-10-11 15:02:58,898 [s3-impl-thread1] TRACE util.FileUtils (LogUtils.java:runAndLog(49)) - Successfully ran Files.createDirectories /home/runner/work/ratis/ratis/ratis-test/target/test/data/41eaf75c/MiniRaftClusterWithNettyb2b16173/s3/fc965035-3ee3-48ad-969a-f860ca578c61/current
2024-10-11 15:02:58,898 [s3-impl-thread1] TRACE util.FileUtils (LogUtils.java:runAndLog(49)) - Successfully ran Files.createDirectories /home/runner/work/ratis/ratis/ratis-test/target/test/data/41eaf75c/MiniRaftClusterWithNettyb2b16173/s3/fc965035-3ee3-48ad-969a-f860ca578c61/sm
2024-10-11 15:02:58,898 [s3-impl-thread1] TRACE util.FileUtils (LogUtils.java:supplyAndLog(69)) - Successfully supplied FileChannel.open /home/runner/work/ratis/ratis/ratis-test/target/test/data/41eaf75c/MiniRaftClusterWithNettyb2b16173/s3/fc965035-3ee3-48ad-969a-f860ca578c61/current/raft-meta.tmp with options [CREATE, WRITE]: sun.nio.ch.FileChannelImpl@7a17e5bb
2024-10-11 15:02:58,899 [s3-impl-thread1] TRACE util.FileUtils (LogUtils.java:runAndLog(49)) - Successfully ran Atomic Files.move /home/runner/work/ratis/ratis/ratis-test/target/test/data/41eaf75c/MiniRaftClusterWithNettyb2b16173/s3/fc965035-3ee3-48ad-969a-f860ca578c61/current/raft-meta.tmp to /home/runner/work/ratis/ratis/ratis-test/target/test/data/41eaf75c/MiniRaftClusterWithNettyb2b16173/s3/fc965035-3ee3-48ad-969a-f860ca578c61/current/raft-meta with options [REPLACE_EXISTING]
2024-10-11 15:02:58,900 [s3-impl-thread1] INFO  storage.RaftStorage (RaftStorageImpl.java:format(98)) - Storage directory /home/runner/work/ratis/ratis/ratis-test/target/test/data/41eaf75c/MiniRaftClusterWithNettyb2b16173/s3/fc965035-3ee3-48ad-969a-f860ca578c61 has been successfully formatted.
2024-10-11 15:02:58,900 [s3-impl-thread1] INFO  server.RaftServerConfigKeys (ConfUtils.java:logGet(46)) - raft.server.log.use.memory = false (default)
2024-10-11 15:02:58,900 [s3-impl-thread1] INFO  server.RaftServerConfigKeys (ConfUtils.java:logGet(46)) - raft.server.log.purge.gap = 1024 (default)
2024-10-11 15:02:58,900 [s3-impl-thread1] INFO  server.RaftServerConfigKeys (ConfUtils.java:logGet(46)) - raft.server.log.appender.buffer.byte-limit = 4MB (=4194304) (default)
2024-10-11 15:02:58,900 [s3-impl-thread1] INFO  server.RaftServerConfigKeys (ConfUtils.java:logGet(46)) - raft.server.log.statemachine.data.read.timeout = 1000ms (default)
2024-10-11 15:02:58,900 [s3-impl-thread1] INFO  server.RaftServerConfigKeys (ConfUtils.java:logGet(46)) - raft.server.log.purge.preservation.log.num = 0 (default)
2024-10-11 15:02:58,900 [s3-impl-thread1] INFO  server.RaftServerConfigKeys (ConfUtils.java:logGet(46)) - raft.server.log.segment.size.max = 32MB (=33554432) (default)
2024-10-11 15:02:58,900 [s3-impl-thread1] INFO  server.RaftServerConfigKeys (ConfUtils.java:logGet(46)) - raft.server.log.segment.cache.num.max = 6 (default)
2024-10-11 15:02:58,900 [s3-impl-thread1] INFO  server.RaftServerConfigKeys (ConfUtils.java:logGet(46)) - raft.server.log.segment.cache.size.max = 200MB (=209715200) (default)
2024-10-11 15:02:58,900 [s3-impl-thread1] INFO  server.RaftServerConfigKeys (ConfUtils.java:logGet(46)) - raft.server.log.appender.buffer.byte-limit = 4MB (=4194304) (default)
2024-10-11 15:02:58,900 [s3-impl-thread1] INFO  util.AwaitToRun (AwaitToRun.java:start(81)) - Thread[s3@group-F860CA578C61-cacheEviction-AwaitToRun,5,main] started
2024-10-11 15:02:58,900 [s3-impl-thread1] INFO  segmented.SegmentedRaftLogWorker (SegmentedRaftLogWorker.java:<init>(188)) - new s3@group-F860CA578C61-SegmentedRaftLogWorker for RaftStorageImpl:Storage Directory /home/runner/work/ratis/ratis/ratis-test/target/test/data/41eaf75c/MiniRaftClusterWithNettyb2b16173/s3/fc965035-3ee3-48ad-969a-f860ca578c61
2024-10-11 15:02:58,900 [s3-impl-thread1] INFO  server.RaftServerConfigKeys (ConfUtils.java:logGet(46)) - raft.server.log.queue.byte-limit = 64MB (=67108864) (default)
2024-10-11 15:02:58,901 [s3-impl-thread1] INFO  server.RaftServerConfigKeys (ConfUtils.java:logGet(46)) - raft.server.log.queue.element-limit = 4096 (default)
2024-10-11 15:02:58,901 [s3-impl-thread1] INFO  server.RaftServerConfigKeys (ConfUtils.java:logGet(46)) - raft.server.log.segment.size.max = 32MB (=33554432) (default)
2024-10-11 15:02:58,901 [s3-impl-thread1] INFO  server.RaftServerConfigKeys (ConfUtils.java:logGet(46)) - raft.server.log.preallocated.size = 4MB (=4194304) (default)
2024-10-11 15:02:58,901 [s3-impl-thread1] INFO  server.RaftServerConfigKeys (ConfUtils.java:logGet(46)) - raft.server.log.force.sync.num = 128 (default)
2024-10-11 15:02:58,901 [s3-impl-thread1] INFO  server.RaftServerConfigKeys (ConfUtils.java:logGet(46)) - raft.server.log.statemachine.data.sync = true (default)
2024-10-11 15:02:58,901 [s3-impl-thread1] INFO  server.RaftServerConfigKeys (ConfUtils.java:logGet(46)) - raft.server.log.statemachine.data.sync.timeout = 10s (default)
2024-10-11 15:02:58,901 [s3-impl-thread1] INFO  server.RaftServerConfigKeys (ConfUtils.java:logGet(46)) - raft.server.log.statemachine.data.sync.timeout.retry = -1 (default)
2024-10-11 15:02:58,901 [s3-impl-thread1] INFO  server.RaftServerConfigKeys (ConfUtils.java:logGet(46)) - raft.server.log.write.buffer.size = 8MB (=8388608) (default)
2024-10-11 15:02:58,901 [s3-impl-thread1] INFO  server.RaftServerConfigKeys (ConfUtils.java:logGet(46)) - raft.server.log.appender.buffer.byte-limit = 4MB (=4194304) (default)
2024-10-11 15:02:58,901 [s3-impl-thread1] INFO  server.RaftServerConfigKeys (ConfUtils.java:logGet(46)) - raft.server.log.unsafe-flush.enabled = false (default)
2024-10-11 15:02:58,901 [s3-impl-thread1] INFO  server.RaftServerConfigKeys (ConfUtils.java:logGet(46)) - raft.server.log.async-flush.enabled = false (default)
2024-10-11 15:02:58,901 [s3-impl-thread1] INFO  server.RaftServerConfigKeys (ConfUtils.java:logGet(46)) - raft.server.log.statemachine.data.caching.enabled = false (default)
2024-10-11 15:02:58,902 [s3-impl-thread1] INFO  segmented.SegmentedRaftLogWorker (SegmentedRaftLogWorker.java:lambda$new$0(139)) - s3@group-F860CA578C61-SegmentedRaftLogWorker: flushIndex: setUnconditionally 0 -> -1
2024-10-11 15:02:58,902 [s3-impl-thread1] INFO  segmented.SegmentedRaftLogWorker (SegmentedRaftLogWorker.java:lambda$new$0(139)) - s3@group-F860CA578C61-SegmentedRaftLogWorker: safeCacheEvictIndex: setUnconditionally 0 -> -1
2024-10-11 15:02:58,902 [s3-impl-thread1] INFO  server.RaftServer$Division (RaftServerImpl.java:start(392)) - s3@group-F860CA578C61: start as a follower, conf=conf: {index: -1, cur=peers:[s3|localhost:15152, s4|localhost:15156, s0|localhost:15140, s1|localhost:15144, s2|localhost:15148]|listeners:[], old=null}
2024-10-11 15:02:58,902 [s3-impl-thread1] INFO  server.RaftServer$Division (RaftServerImpl.java:setRole(379)) - s3@group-F860CA578C61: changes role from      null to FOLLOWER at term 0 for startAsFollower
2024-10-11 15:02:58,902 [s3-impl-thread1] INFO  impl.RoleInfo (RoleInfo.java:updateAndGet(148)) - s3: start s3@group-F860CA578C61-FollowerState
2024-10-11 15:02:58,902 [s3@group-F860CA578C61-FollowerState] INFO  server.RaftServerConfigKeys (ConfUtils.java:logFallback(53)) - raft.server.rpc.first-election.timeout.min = 150ms (fallback to raft.server.rpc.timeout.min)
2024-10-11 15:02:58,902 [s3@group-F860CA578C61-FollowerState] INFO  server.RaftServerConfigKeys (ConfUtils.java:logFallback(53)) - raft.server.rpc.first-election.timeout.max = 300ms (fallback to raft.server.rpc.timeout.max)
2024-10-11 15:02:58,903 [s3-impl-thread1] INFO  util.JmxRegister (JmxRegister.java:tryRegister(44)) - Successfully registered JMX Bean with object name Ratis:service=RaftServer,group=group-F860CA578C61,id=s3
2024-10-11 15:02:58,903 [s3-impl-thread1] INFO  util.JmxRegister (JmxRegister.java:register(58)) - register mxBean class org.apache.ratis.server.impl.RaftServerJmxAdapter as Ratis:service=RaftServer,group=group-F860CA578C61,id=s3
2024-10-11 15:02:58,903 [s3-impl-thread1] INFO  server.RaftServerConfigKeys (ConfUtils.java:logGet(46)) - raft.server.snapshot.trigger-when-stop.enabled = true (default)
2024-10-11 15:02:58,903 [s3-impl-thread1] INFO  server.RaftServerConfigKeys (ConfUtils.java:logGet(46)) - raft.server.snapshot.trigger-when-remove.enabled = true (default)
2024-10-11 15:02:58,903 [s3-impl-thread1] INFO  server.RaftServerConfigKeys (ConfUtils.java:logGet(46)) - raft.server.snapshot.auto.trigger.enabled = false (default)
2024-10-11 15:02:58,903 [s3-impl-thread1] INFO  server.RaftServerConfigKeys (ConfUtils.java:logGet(46)) - raft.server.snapshot.retention.file.num = -1 (default)
2024-10-11 15:02:58,903 [s3-impl-thread1] INFO  server.RaftServerConfigKeys (ConfUtils.java:logGet(46)) - raft.server.log.purge.upto.snapshot.index = false (default)
2024-10-11 15:02:58,903 [main] INFO  server.RaftServer (RaftServerProxy.java:startImpl(408)) - s3: start RPC server
2024-10-11 15:02:58,904 [NettyRpcService-bossGroup--thread1] INFO  logging.LoggingHandler (AbstractInternalLogger.java:log(148)) - [id: 0xa689d762] REGISTERED
2024-10-11 15:02:58,904 [NettyRpcService-bossGroup--thread1] INFO  logging.LoggingHandler (AbstractInternalLogger.java:log(148)) - [id: 0xa689d762] BIND: 0.0.0.0/0.0.0.0:15152
2024-10-11 15:02:58,904 [NettyRpcService-bossGroup--thread1] INFO  logging.LoggingHandler (AbstractInternalLogger.java:log(148)) - [id: 0xa689d762, L:/0.0.0.0:15152] ACTIVE
2024-10-11 15:02:58,904 [JvmPauseMonitor35] INFO  util.JvmPauseMonitor (JvmPauseMonitor.java:run(146)) - JvmPauseMonitor-s3: Started
2024-10-11 15:02:58,904 [s4-impl-thread1] INFO  server.RaftServerConfigKeys (ConfUtils.java:logGet(46)) - raft.server.storage.free-space.min = 0MB (=0) (default)
2024-10-11 15:02:58,904 [s4-impl-thread1] INFO  server.RaftServerConfigKeys (ConfUtils.java:logGet(46)) - raft.server.log.corruption.policy = EXCEPTION (default)
2024-10-11 15:02:58,904 [s4-impl-thread1] INFO  server.RaftServerConfigKeys (ConfUtils.java:logGet(46)) - raft.server.storage.dir = [/home/runner/work/ratis/ratis/ratis-test/target/test/data/41eaf75c/MiniRaftClusterWithNettyb2b16173/s4] (custom)
2024-10-11 15:02:58,905 [s4-impl-thread1] INFO  storage.RaftStorageDirectory (RaftStorageDirectoryImpl.java:analyzeStorage(138)) - The storage directory /home/runner/work/ratis/ratis/ratis-test/target/test/data/41eaf75c/MiniRaftClusterWithNettyb2b16173/s4/fc965035-3ee3-48ad-969a-f860ca578c61 does not exist. Creating ...
2024-10-11 15:02:58,905 [s4-impl-thread1] TRACE util.FileUtils (LogUtils.java:runAndLog(49)) - Successfully ran Files.createDirectories /home/runner/work/ratis/ratis/ratis-test/target/test/data/41eaf75c/MiniRaftClusterWithNettyb2b16173/s4/fc965035-3ee3-48ad-969a-f860ca578c61
2024-10-11 15:02:58,907 [s4-impl-thread1] INFO  storage.RaftStorageDirectory (RaftStorageDirectoryImpl.java:tryLock(229)) - Lock on /home/runner/work/ratis/ratis/ratis-test/target/test/data/41eaf75c/MiniRaftClusterWithNettyb2b16173/s4/fc965035-3ee3-48ad-969a-f860ca578c61/in_use.lock acquired by nodename 5433@fv-az1197-636
2024-10-11 15:02:58,907 [s4-impl-thread1] TRACE util.FileUtils (LogUtils.java:runAndLog(49)) - Successfully ran Files.createDirectories /home/runner/work/ratis/ratis/ratis-test/target/test/data/41eaf75c/MiniRaftClusterWithNettyb2b16173/s4/fc965035-3ee3-48ad-969a-f860ca578c61/current
2024-10-11 15:02:58,907 [s4-impl-thread1] TRACE util.FileUtils (LogUtils.java:runAndLog(49)) - Successfully ran Files.createDirectories /home/runner/work/ratis/ratis/ratis-test/target/test/data/41eaf75c/MiniRaftClusterWithNettyb2b16173/s4/fc965035-3ee3-48ad-969a-f860ca578c61/sm
2024-10-11 15:02:58,907 [s4-impl-thread1] TRACE util.FileUtils (LogUtils.java:supplyAndLog(69)) - Successfully supplied FileChannel.open /home/runner/work/ratis/ratis/ratis-test/target/test/data/41eaf75c/MiniRaftClusterWithNettyb2b16173/s4/fc965035-3ee3-48ad-969a-f860ca578c61/current/raft-meta.tmp with options [CREATE, WRITE]: sun.nio.ch.FileChannelImpl@71c5dd3
2024-10-11 15:02:58,909 [s4-impl-thread1] TRACE util.FileUtils (LogUtils.java:runAndLog(49)) - Successfully ran Atomic Files.move /home/runner/work/ratis/ratis/ratis-test/target/test/data/41eaf75c/MiniRaftClusterWithNettyb2b16173/s4/fc965035-3ee3-48ad-969a-f860ca578c61/current/raft-meta.tmp to /home/runner/work/ratis/ratis/ratis-test/target/test/data/41eaf75c/MiniRaftClusterWithNettyb2b16173/s4/fc965035-3ee3-48ad-969a-f860ca578c61/current/raft-meta with options [REPLACE_EXISTING]
2024-10-11 15:02:58,909 [s4-impl-thread1] INFO  storage.RaftStorage (RaftStorageImpl.java:format(98)) - Storage directory /home/runner/work/ratis/ratis/ratis-test/target/test/data/41eaf75c/MiniRaftClusterWithNettyb2b16173/s4/fc965035-3ee3-48ad-969a-f860ca578c61 has been successfully formatted.
2024-10-11 15:02:58,909 [s4-impl-thread1] INFO  server.RaftServerConfigKeys (ConfUtils.java:logGet(46)) - raft.server.log.use.memory = false (default)
2024-10-11 15:02:58,909 [s4-impl-thread1] INFO  server.RaftServerConfigKeys (ConfUtils.java:logGet(46)) - raft.server.log.purge.gap = 1024 (default)
2024-10-11 15:02:58,909 [s4-impl-thread1] INFO  server.RaftServerConfigKeys (ConfUtils.java:logGet(46)) - raft.server.log.appender.buffer.byte-limit = 4MB (=4194304) (default)
2024-10-11 15:02:58,909 [s4-impl-thread1] INFO  server.RaftServerConfigKeys (ConfUtils.java:logGet(46)) - raft.server.log.statemachine.data.read.timeout = 1000ms (default)
2024-10-11 15:02:58,909 [s4-impl-thread1] INFO  server.RaftServerConfigKeys (ConfUtils.java:logGet(46)) - raft.server.log.purge.preservation.log.num = 0 (default)
2024-10-11 15:02:58,909 [s4-impl-thread1] INFO  server.RaftServerConfigKeys (ConfUtils.java:logGet(46)) - raft.server.log.segment.size.max = 32MB (=33554432) (default)
2024-10-11 15:02:58,909 [s4-impl-thread1] INFO  server.RaftServerConfigKeys (ConfUtils.java:logGet(46)) - raft.server.log.segment.cache.num.max = 6 (default)
2024-10-11 15:02:58,909 [s4-impl-thread1] INFO  server.RaftServerConfigKeys (ConfUtils.java:logGet(46)) - raft.server.log.segment.cache.size.max = 200MB (=209715200) (default)
2024-10-11 15:02:58,909 [s4-impl-thread1] INFO  server.RaftServerConfigKeys (ConfUtils.java:logGet(46)) - raft.server.log.appender.buffer.byte-limit = 4MB (=4194304) (default)
2024-10-11 15:02:58,909 [s4-impl-thread1] INFO  util.AwaitToRun (AwaitToRun.java:start(81)) - Thread[s4@group-F860CA578C61-cacheEviction-AwaitToRun,5,main] started
2024-10-11 15:02:58,909 [s4-impl-thread1] INFO  segmented.SegmentedRaftLogWorker (SegmentedRaftLogWorker.java:<init>(188)) - new s4@group-F860CA578C61-SegmentedRaftLogWorker for RaftStorageImpl:Storage Directory /home/runner/work/ratis/ratis/ratis-test/target/test/data/41eaf75c/MiniRaftClusterWithNettyb2b16173/s4/fc965035-3ee3-48ad-969a-f860ca578c61
2024-10-11 15:02:58,909 [s4-impl-thread1] INFO  server.RaftServerConfigKeys (ConfUtils.java:logGet(46)) - raft.server.log.queue.byte-limit = 64MB (=67108864) (default)
2024-10-11 15:02:58,910 [s4-impl-thread1] INFO  server.RaftServerConfigKeys (ConfUtils.java:logGet(46)) - raft.server.log.queue.element-limit = 4096 (default)
2024-10-11 15:02:58,910 [s4-impl-thread1] INFO  server.RaftServerConfigKeys (ConfUtils.java:logGet(46)) - raft.server.log.segment.size.max = 32MB (=33554432) (default)
2024-10-11 15:02:58,910 [s4-impl-thread1] INFO  server.RaftServerConfigKeys (ConfUtils.java:logGet(46)) - raft.server.log.preallocated.size = 4MB (=4194304) (default)
2024-10-11 15:02:58,910 [s4-impl-thread1] INFO  server.RaftServerConfigKeys (ConfUtils.java:logGet(46)) - raft.server.log.force.sync.num = 128 (default)
2024-10-11 15:02:58,910 [s4-impl-thread1] INFO  server.RaftServerConfigKeys (ConfUtils.java:logGet(46)) - raft.server.log.statemachine.data.sync = true (default)
2024-10-11 15:02:58,910 [s4-impl-thread1] INFO  server.RaftServerConfigKeys (ConfUtils.java:logGet(46)) - raft.server.log.statemachine.data.sync.timeout = 10s (default)
2024-10-11 15:02:58,910 [s4-impl-thread1] INFO  server.RaftServerConfigKeys (ConfUtils.java:logGet(46)) - raft.server.log.statemachine.data.sync.timeout.retry = -1 (default)
2024-10-11 15:02:58,910 [s4-impl-thread1] INFO  server.RaftServerConfigKeys (ConfUtils.java:logGet(46)) - raft.server.log.write.buffer.size = 8MB (=8388608) (default)
2024-10-11 15:02:58,910 [s4-impl-thread1] INFO  server.RaftServerConfigKeys (ConfUtils.java:logGet(46)) - raft.server.log.appender.buffer.byte-limit = 4MB (=4194304) (default)
2024-10-11 15:02:58,910 [s4-impl-thread1] INFO  server.RaftServerConfigKeys (ConfUtils.java:logGet(46)) - raft.server.log.unsafe-flush.enabled = false (default)
2024-10-11 15:02:58,910 [s4-impl-thread1] INFO  server.RaftServerConfigKeys (ConfUtils.java:logGet(46)) - raft.server.log.async-flush.enabled = false (default)
2024-10-11 15:02:58,911 [s4-impl-thread1] INFO  server.RaftServerConfigKeys (ConfUtils.java:logGet(46)) - raft.server.log.statemachine.data.caching.enabled = false (default)
2024-10-11 15:02:58,911 [s4-impl-thread1] INFO  segmented.SegmentedRaftLogWorker (SegmentedRaftLogWorker.java:lambda$new$0(139)) - s4@group-F860CA578C61-SegmentedRaftLogWorker: flushIndex: setUnconditionally 0 -> -1
2024-10-11 15:02:58,911 [s4-impl-thread1] INFO  segmented.SegmentedRaftLogWorker (SegmentedRaftLogWorker.java:lambda$new$0(139)) - s4@group-F860CA578C61-SegmentedRaftLogWorker: safeCacheEvictIndex: setUnconditionally 0 -> -1
2024-10-11 15:02:58,911 [s4-impl-thread1] INFO  server.RaftServer$Division (RaftServerImpl.java:start(392)) - s4@group-F860CA578C61: start as a follower, conf=conf: {index: -1, cur=peers:[s3|localhost:15152, s4|localhost:15156, s0|localhost:15140, s1|localhost:15144, s2|localhost:15148]|listeners:[], old=null}
2024-10-11 15:02:58,911 [s4-impl-thread1] INFO  server.RaftServer$Division (RaftServerImpl.java:setRole(379)) - s4@group-F860CA578C61: changes role from      null to FOLLOWER at term 0 for startAsFollower
2024-10-11 15:02:58,911 [s4-impl-thread1] INFO  impl.RoleInfo (RoleInfo.java:updateAndGet(148)) - s4: start s4@group-F860CA578C61-FollowerState
2024-10-11 15:02:58,911 [s4@group-F860CA578C61-FollowerState] INFO  server.RaftServerConfigKeys (ConfUtils.java:logFallback(53)) - raft.server.rpc.first-election.timeout.min = 150ms (fallback to raft.server.rpc.timeout.min)
2024-10-11 15:02:58,911 [s4-impl-thread1] INFO  util.JmxRegister (JmxRegister.java:tryRegister(44)) - Successfully registered JMX Bean with object name Ratis:service=RaftServer,group=group-F860CA578C61,id=s4
2024-10-11 15:02:58,911 [s4-impl-thread1] INFO  util.JmxRegister (JmxRegister.java:register(58)) - register mxBean class org.apache.ratis.server.impl.RaftServerJmxAdapter as Ratis:service=RaftServer,group=group-F860CA578C61,id=s4
2024-10-11 15:02:58,911 [s4-impl-thread1] INFO  server.RaftServerConfigKeys (ConfUtils.java:logGet(46)) - raft.server.snapshot.trigger-when-stop.enabled = true (default)
2024-10-11 15:02:58,911 [s4-impl-thread1] INFO  server.RaftServerConfigKeys (ConfUtils.java:logGet(46)) - raft.server.snapshot.trigger-when-remove.enabled = true (default)
2024-10-11 15:02:58,911 [s4-impl-thread1] INFO  server.RaftServerConfigKeys (ConfUtils.java:logGet(46)) - raft.server.snapshot.auto.trigger.enabled = false (default)
2024-10-11 15:02:58,912 [s4-impl-thread1] INFO  server.RaftServerConfigKeys (ConfUtils.java:logGet(46)) - raft.server.snapshot.retention.file.num = -1 (default)
2024-10-11 15:02:58,912 [s4-impl-thread1] INFO  server.RaftServerConfigKeys (ConfUtils.java:logGet(46)) - raft.server.log.purge.upto.snapshot.index = false (default)
2024-10-11 15:02:58,911 [s4@group-F860CA578C61-FollowerState] INFO  server.RaftServerConfigKeys (ConfUtils.java:logFallback(53)) - raft.server.rpc.first-election.timeout.max = 300ms (fallback to raft.server.rpc.timeout.max)
2024-10-11 15:02:58,912 [main] INFO  server.RaftServer (RaftServerProxy.java:startImpl(408)) - s4: start RPC server
2024-10-11 15:02:58,912 [NettyRpcService-bossGroup--thread1] INFO  logging.LoggingHandler (AbstractInternalLogger.java:log(148)) - [id: 0xbe8da037] REGISTERED
2024-10-11 15:02:58,912 [NettyRpcService-bossGroup--thread1] INFO  logging.LoggingHandler (AbstractInternalLogger.java:log(148)) - [id: 0xbe8da037] BIND: 0.0.0.0/0.0.0.0:15156
2024-10-11 15:02:58,912 [NettyRpcService-bossGroup--thread1] INFO  logging.LoggingHandler (AbstractInternalLogger.java:log(148)) - [id: 0xbe8da037, L:/0.0.0.0:15156] ACTIVE
2024-10-11 15:02:58,913 [s0-impl-thread1] INFO  server.RaftServerConfigKeys (ConfUtils.java:logGet(46)) - raft.server.storage.free-space.min = 0MB (=0) (default)
2024-10-11 15:02:58,913 [s0-impl-thread1] INFO  server.RaftServerConfigKeys (ConfUtils.java:logGet(46)) - raft.server.log.corruption.policy = EXCEPTION (default)
2024-10-11 15:02:58,913 [s0-impl-thread1] INFO  server.RaftServerConfigKeys (ConfUtils.java:logGet(46)) - raft.server.storage.dir = [/home/runner/work/ratis/ratis/ratis-test/target/test/data/41eaf75c/MiniRaftClusterWithNettyb2b16173/s0] (custom)
2024-10-11 15:02:58,913 [s0-impl-thread1] INFO  storage.RaftStorageDirectory (RaftStorageDirectoryImpl.java:analyzeStorage(138)) - The storage directory /home/runner/work/ratis/ratis/ratis-test/target/test/data/41eaf75c/MiniRaftClusterWithNettyb2b16173/s0/fc965035-3ee3-48ad-969a-f860ca578c61 does not exist. Creating ...
2024-10-11 15:02:58,913 [s0-impl-thread1] TRACE util.FileUtils (LogUtils.java:runAndLog(49)) - Successfully ran Files.createDirectories /home/runner/work/ratis/ratis/ratis-test/target/test/data/41eaf75c/MiniRaftClusterWithNettyb2b16173/s0/fc965035-3ee3-48ad-969a-f860ca578c61
2024-10-11 15:02:58,913 [JvmPauseMonitor36] INFO  util.JvmPauseMonitor (JvmPauseMonitor.java:run(146)) - JvmPauseMonitor-s4: Started
2024-10-11 15:02:58,914 [s0-impl-thread1] INFO  storage.RaftStorageDirectory (RaftStorageDirectoryImpl.java:tryLock(229)) - Lock on /home/runner/work/ratis/ratis/ratis-test/target/test/data/41eaf75c/MiniRaftClusterWithNettyb2b16173/s0/fc965035-3ee3-48ad-969a-f860ca578c61/in_use.lock acquired by nodename 5433@fv-az1197-636
2024-10-11 15:02:58,914 [s0-impl-thread1] TRACE util.FileUtils (LogUtils.java:runAndLog(49)) - Successfully ran Files.createDirectories /home/runner/work/ratis/ratis/ratis-test/target/test/data/41eaf75c/MiniRaftClusterWithNettyb2b16173/s0/fc965035-3ee3-48ad-969a-f860ca578c61/current
2024-10-11 15:02:58,914 [s0-impl-thread1] TRACE util.FileUtils (LogUtils.java:runAndLog(49)) - Successfully ran Files.createDirectories /home/runner/work/ratis/ratis/ratis-test/target/test/data/41eaf75c/MiniRaftClusterWithNettyb2b16173/s0/fc965035-3ee3-48ad-969a-f860ca578c61/sm
2024-10-11 15:02:58,914 [s0-impl-thread1] TRACE util.FileUtils (LogUtils.java:supplyAndLog(69)) - Successfully supplied FileChannel.open /home/runner/work/ratis/ratis/ratis-test/target/test/data/41eaf75c/MiniRaftClusterWithNettyb2b16173/s0/fc965035-3ee3-48ad-969a-f860ca578c61/current/raft-meta.tmp with options [CREATE, WRITE]: sun.nio.ch.FileChannelImpl@3ebef0e9
2024-10-11 15:02:58,915 [s0-impl-thread1] TRACE util.FileUtils (LogUtils.java:runAndLog(49)) - Successfully ran Atomic Files.move /home/runner/work/ratis/ratis/ratis-test/target/test/data/41eaf75c/MiniRaftClusterWithNettyb2b16173/s0/fc965035-3ee3-48ad-969a-f860ca578c61/current/raft-meta.tmp to /home/runner/work/ratis/ratis/ratis-test/target/test/data/41eaf75c/MiniRaftClusterWithNettyb2b16173/s0/fc965035-3ee3-48ad-969a-f860ca578c61/current/raft-meta with options [REPLACE_EXISTING]
2024-10-11 15:02:58,915 [s0-impl-thread1] INFO  storage.RaftStorage (RaftStorageImpl.java:format(98)) - Storage directory /home/runner/work/ratis/ratis/ratis-test/target/test/data/41eaf75c/MiniRaftClusterWithNettyb2b16173/s0/fc965035-3ee3-48ad-969a-f860ca578c61 has been successfully formatted.
2024-10-11 15:02:58,915 [s0-impl-thread1] INFO  server.RaftServerConfigKeys (ConfUtils.java:logGet(46)) - raft.server.log.use.memory = false (default)
2024-10-11 15:02:58,916 [s0-impl-thread1] INFO  server.RaftServerConfigKeys (ConfUtils.java:logGet(46)) - raft.server.log.purge.gap = 1024 (default)
2024-10-11 15:02:58,916 [s0-impl-thread1] INFO  server.RaftServerConfigKeys (ConfUtils.java:logGet(46)) - raft.server.log.appender.buffer.byte-limit = 4MB (=4194304) (default)
2024-10-11 15:02:58,916 [s0-impl-thread1] INFO  server.RaftServerConfigKeys (ConfUtils.java:logGet(46)) - raft.server.log.statemachine.data.read.timeout = 1000ms (default)
2024-10-11 15:02:58,916 [s0-impl-thread1] INFO  server.RaftServerConfigKeys (ConfUtils.java:logGet(46)) - raft.server.log.purge.preservation.log.num = 0 (default)
2024-10-11 15:02:58,916 [s0-impl-thread1] INFO  server.RaftServerConfigKeys (ConfUtils.java:logGet(46)) - raft.server.log.segment.size.max = 32MB (=33554432) (default)
2024-10-11 15:02:58,916 [s0-impl-thread1] INFO  server.RaftServerConfigKeys (ConfUtils.java:logGet(46)) - raft.server.log.segment.cache.num.max = 6 (default)
2024-10-11 15:02:58,916 [s0-impl-thread1] INFO  server.RaftServerConfigKeys (ConfUtils.java:logGet(46)) - raft.server.log.segment.cache.size.max = 200MB (=209715200) (default)
2024-10-11 15:02:58,916 [s0-impl-thread1] INFO  server.RaftServerConfigKeys (ConfUtils.java:logGet(46)) - raft.server.log.appender.buffer.byte-limit = 4MB (=4194304) (default)
2024-10-11 15:02:58,916 [s0-impl-thread1] INFO  util.AwaitToRun (AwaitToRun.java:start(81)) - Thread[s0@group-F860CA578C61-cacheEviction-AwaitToRun,5,main] started
2024-10-11 15:02:58,916 [s0-impl-thread1] INFO  segmented.SegmentedRaftLogWorker (SegmentedRaftLogWorker.java:<init>(188)) - new s0@group-F860CA578C61-SegmentedRaftLogWorker for RaftStorageImpl:Storage Directory /home/runner/work/ratis/ratis/ratis-test/target/test/data/41eaf75c/MiniRaftClusterWithNettyb2b16173/s0/fc965035-3ee3-48ad-969a-f860ca578c61
2024-10-11 15:02:58,917 [s0-impl-thread1] INFO  server.RaftServerConfigKeys (ConfUtils.java:logGet(46)) - raft.server.log.queue.byte-limit = 64MB (=67108864) (default)
2024-10-11 15:02:58,917 [s0-impl-thread1] INFO  server.RaftServerConfigKeys (ConfUtils.java:logGet(46)) - raft.server.log.queue.element-limit = 4096 (default)
2024-10-11 15:02:58,917 [s0-impl-thread1] INFO  server.RaftServerConfigKeys (ConfUtils.java:logGet(46)) - raft.server.log.segment.size.max = 32MB (=33554432) (default)
2024-10-11 15:02:58,917 [s0-impl-thread1] INFO  server.RaftServerConfigKeys (ConfUtils.java:logGet(46)) - raft.server.log.preallocated.size = 4MB (=4194304) (default)
2024-10-11 15:02:58,917 [s0-impl-thread1] INFO  server.RaftServerConfigKeys (ConfUtils.java:logGet(46)) - raft.server.log.force.sync.num = 128 (default)
2024-10-11 15:02:58,917 [s0-impl-thread1] INFO  server.RaftServerConfigKeys (ConfUtils.java:logGet(46)) - raft.server.log.statemachine.data.sync = true (default)
2024-10-11 15:02:58,917 [s0-impl-thread1] INFO  server.RaftServerConfigKeys (ConfUtils.java:logGet(46)) - raft.server.log.statemachine.data.sync.timeout = 10s (default)
2024-10-11 15:02:58,917 [s0-impl-thread1] INFO  server.RaftServerConfigKeys (ConfUtils.java:logGet(46)) - raft.server.log.statemachine.data.sync.timeout.retry = -1 (default)
2024-10-11 15:02:58,917 [s0-impl-thread1] INFO  server.RaftServerConfigKeys (ConfUtils.java:logGet(46)) - raft.server.log.write.buffer.size = 8MB (=8388608) (default)
2024-10-11 15:02:58,918 [s0-impl-thread1] INFO  server.RaftServerConfigKeys (ConfUtils.java:logGet(46)) - raft.server.log.appender.buffer.byte-limit = 4MB (=4194304) (default)
2024-10-11 15:02:58,918 [s0-impl-thread1] INFO  server.RaftServerConfigKeys (ConfUtils.java:logGet(46)) - raft.server.log.unsafe-flush.enabled = false (default)
2024-10-11 15:02:58,918 [s0-impl-thread1] INFO  server.RaftServerConfigKeys (ConfUtils.java:logGet(46)) - raft.server.log.async-flush.enabled = false (default)
2024-10-11 15:02:58,918 [s0-impl-thread1] INFO  server.RaftServerConfigKeys (ConfUtils.java:logGet(46)) - raft.server.log.statemachine.data.caching.enabled = false (default)
2024-10-11 15:02:58,918 [s0-impl-thread1] INFO  segmented.SegmentedRaftLogWorker (SegmentedRaftLogWorker.java:lambda$new$0(139)) - s0@group-F860CA578C61-SegmentedRaftLogWorker: flushIndex: setUnconditionally 0 -> -1
2024-10-11 15:02:58,919 [s0-impl-thread1] INFO  segmented.SegmentedRaftLogWorker (SegmentedRaftLogWorker.java:lambda$new$0(139)) - s0@group-F860CA578C61-SegmentedRaftLogWorker: safeCacheEvictIndex: setUnconditionally 0 -> -1
2024-10-11 15:02:58,919 [s0-impl-thread1] INFO  server.RaftServer$Division (RaftServerImpl.java:start(392)) - s0@group-F860CA578C61: start as a follower, conf=conf: {index: -1, cur=peers:[s3|localhost:15152, s4|localhost:15156, s0|localhost:15140, s1|localhost:15144, s2|localhost:15148]|listeners:[], old=null}
2024-10-11 15:02:58,919 [s0-impl-thread1] INFO  server.RaftServer$Division (RaftServerImpl.java:setRole(379)) - s0@group-F860CA578C61: changes role from      null to FOLLOWER at term 0 for startAsFollower
2024-10-11 15:02:58,919 [s0-impl-thread1] INFO  impl.RoleInfo (RoleInfo.java:updateAndGet(148)) - s0: start s0@group-F860CA578C61-FollowerState
2024-10-11 15:02:58,919 [s0@group-F860CA578C61-FollowerState] INFO  server.RaftServerConfigKeys (ConfUtils.java:logFallback(53)) - raft.server.rpc.first-election.timeout.min = 150ms (fallback to raft.server.rpc.timeout.min)
2024-10-11 15:02:58,919 [s0-impl-thread1] INFO  util.JmxRegister (JmxRegister.java:tryRegister(44)) - Successfully registered JMX Bean with object name Ratis:service=RaftServer,group=group-F860CA578C61,id=s0
2024-10-11 15:02:58,919 [s0-impl-thread1] INFO  util.JmxRegister (JmxRegister.java:register(58)) - register mxBean class org.apache.ratis.server.impl.RaftServerJmxAdapter as Ratis:service=RaftServer,group=group-F860CA578C61,id=s0
2024-10-11 15:02:58,919 [s0@group-F860CA578C61-FollowerState] INFO  server.RaftServerConfigKeys (ConfUtils.java:logFallback(53)) - raft.server.rpc.first-election.timeout.max = 300ms (fallback to raft.server.rpc.timeout.max)
2024-10-11 15:02:58,919 [s0-impl-thread1] INFO  server.RaftServerConfigKeys (ConfUtils.java:logGet(46)) - raft.server.snapshot.trigger-when-stop.enabled = true (default)
2024-10-11 15:02:58,920 [s0-impl-thread1] INFO  server.RaftServerConfigKeys (ConfUtils.java:logGet(46)) - raft.server.snapshot.trigger-when-remove.enabled = true (default)
2024-10-11 15:02:58,920 [s0-impl-thread1] INFO  server.RaftServerConfigKeys (ConfUtils.java:logGet(46)) - raft.server.snapshot.auto.trigger.enabled = false (default)
2024-10-11 15:02:58,920 [s0-impl-thread1] INFO  server.RaftServerConfigKeys (ConfUtils.java:logGet(46)) - raft.server.snapshot.retention.file.num = -1 (default)
2024-10-11 15:02:58,920 [s0-impl-thread1] INFO  server.RaftServerConfigKeys (ConfUtils.java:logGet(46)) - raft.server.log.purge.upto.snapshot.index = false (default)
2024-10-11 15:02:58,920 [main] INFO  server.RaftServer (RaftServerProxy.java:startImpl(408)) - s0: start RPC server
2024-10-11 15:02:58,921 [NettyRpcService-bossGroup--thread1] INFO  logging.LoggingHandler (AbstractInternalLogger.java:log(148)) - [id: 0xc6ecafd2] REGISTERED
2024-10-11 15:02:58,921 [NettyRpcService-bossGroup--thread1] INFO  logging.LoggingHandler (AbstractInternalLogger.java:log(148)) - [id: 0xc6ecafd2] BIND: 0.0.0.0/0.0.0.0:15140
2024-10-11 15:02:58,921 [NettyRpcService-bossGroup--thread1] INFO  logging.LoggingHandler (AbstractInternalLogger.java:log(148)) - [id: 0xc6ecafd2, L:/0.0.0.0:15140] ACTIVE
2024-10-11 15:02:58,921 [s1-impl-thread1] INFO  server.RaftServerConfigKeys (ConfUtils.java:logGet(46)) - raft.server.storage.free-space.min = 0MB (=0) (default)
2024-10-11 15:02:58,921 [JvmPauseMonitor37] INFO  util.JvmPauseMonitor (JvmPauseMonitor.java:run(146)) - JvmPauseMonitor-s0: Started
2024-10-11 15:02:58,921 [s1-impl-thread1] INFO  server.RaftServerConfigKeys (ConfUtils.java:logGet(46)) - raft.server.log.corruption.policy = EXCEPTION (default)
2024-10-11 15:02:58,921 [s1-impl-thread1] INFO  server.RaftServerConfigKeys (ConfUtils.java:logGet(46)) - raft.server.storage.dir = [/home/runner/work/ratis/ratis/ratis-test/target/test/data/41eaf75c/MiniRaftClusterWithNettyb2b16173/s1] (custom)
2024-10-11 15:02:58,921 [s1-impl-thread1] INFO  storage.RaftStorageDirectory (RaftStorageDirectoryImpl.java:analyzeStorage(138)) - The storage directory /home/runner/work/ratis/ratis/ratis-test/target/test/data/41eaf75c/MiniRaftClusterWithNettyb2b16173/s1/fc965035-3ee3-48ad-969a-f860ca578c61 does not exist. Creating ...
2024-10-11 15:02:58,922 [s1-impl-thread1] TRACE util.FileUtils (LogUtils.java:runAndLog(49)) - Successfully ran Files.createDirectories /home/runner/work/ratis/ratis/ratis-test/target/test/data/41eaf75c/MiniRaftClusterWithNettyb2b16173/s1/fc965035-3ee3-48ad-969a-f860ca578c61
2024-10-11 15:02:58,923 [s1-impl-thread1] INFO  storage.RaftStorageDirectory (RaftStorageDirectoryImpl.java:tryLock(229)) - Lock on /home/runner/work/ratis/ratis/ratis-test/target/test/data/41eaf75c/MiniRaftClusterWithNettyb2b16173/s1/fc965035-3ee3-48ad-969a-f860ca578c61/in_use.lock acquired by nodename 5433@fv-az1197-636
2024-10-11 15:02:58,923 [s1-impl-thread1] TRACE util.FileUtils (LogUtils.java:runAndLog(49)) - Successfully ran Files.createDirectories /home/runner/work/ratis/ratis/ratis-test/target/test/data/41eaf75c/MiniRaftClusterWithNettyb2b16173/s1/fc965035-3ee3-48ad-969a-f860ca578c61/current
2024-10-11 15:02:58,923 [s1-impl-thread1] TRACE util.FileUtils (LogUtils.java:runAndLog(49)) - Successfully ran Files.createDirectories /home/runner/work/ratis/ratis/ratis-test/target/test/data/41eaf75c/MiniRaftClusterWithNettyb2b16173/s1/fc965035-3ee3-48ad-969a-f860ca578c61/sm
2024-10-11 15:02:58,923 [s1-impl-thread1] TRACE util.FileUtils (LogUtils.java:supplyAndLog(69)) - Successfully supplied FileChannel.open /home/runner/work/ratis/ratis/ratis-test/target/test/data/41eaf75c/MiniRaftClusterWithNettyb2b16173/s1/fc965035-3ee3-48ad-969a-f860ca578c61/current/raft-meta.tmp with options [CREATE, WRITE]: sun.nio.ch.FileChannelImpl@64718e9b
2024-10-11 15:02:58,925 [s1-impl-thread1] TRACE util.FileUtils (LogUtils.java:runAndLog(49)) - Successfully ran Atomic Files.move /home/runner/work/ratis/ratis/ratis-test/target/test/data/41eaf75c/MiniRaftClusterWithNettyb2b16173/s1/fc965035-3ee3-48ad-969a-f860ca578c61/current/raft-meta.tmp to /home/runner/work/ratis/ratis/ratis-test/target/test/data/41eaf75c/MiniRaftClusterWithNettyb2b16173/s1/fc965035-3ee3-48ad-969a-f860ca578c61/current/raft-meta with options [REPLACE_EXISTING]
2024-10-11 15:02:58,925 [s1-impl-thread1] INFO  storage.RaftStorage (RaftStorageImpl.java:format(98)) - Storage directory /home/runner/work/ratis/ratis/ratis-test/target/test/data/41eaf75c/MiniRaftClusterWithNettyb2b16173/s1/fc965035-3ee3-48ad-969a-f860ca578c61 has been successfully formatted.
2024-10-11 15:02:58,925 [s1-impl-thread1] INFO  server.RaftServerConfigKeys (ConfUtils.java:logGet(46)) - raft.server.log.use.memory = false (default)
2024-10-11 15:02:58,925 [s1-impl-thread1] INFO  server.RaftServerConfigKeys (ConfUtils.java:logGet(46)) - raft.server.log.purge.gap = 1024 (default)
2024-10-11 15:02:58,925 [s1-impl-thread1] INFO  server.RaftServerConfigKeys (ConfUtils.java:logGet(46)) - raft.server.log.appender.buffer.byte-limit = 4MB (=4194304) (default)
2024-10-11 15:02:58,925 [s1-impl-thread1] INFO  server.RaftServerConfigKeys (ConfUtils.java:logGet(46)) - raft.server.log.statemachine.data.read.timeout = 1000ms (default)
2024-10-11 15:02:58,925 [s1-impl-thread1] INFO  server.RaftServerConfigKeys (ConfUtils.java:logGet(46)) - raft.server.log.purge.preservation.log.num = 0 (default)
2024-10-11 15:02:58,925 [s1-impl-thread1] INFO  server.RaftServerConfigKeys (ConfUtils.java:logGet(46)) - raft.server.log.segment.size.max = 32MB (=33554432) (default)
2024-10-11 15:02:58,925 [s1-impl-thread1] INFO  server.RaftServerConfigKeys (ConfUtils.java:logGet(46)) - raft.server.log.segment.cache.num.max = 6 (default)
2024-10-11 15:02:58,925 [s1-impl-thread1] INFO  server.RaftServerConfigKeys (ConfUtils.java:logGet(46)) - raft.server.log.segment.cache.size.max = 200MB (=209715200) (default)
2024-10-11 15:02:58,925 [s1-impl-thread1] INFO  server.RaftServerConfigKeys (ConfUtils.java:logGet(46)) - raft.server.log.appender.buffer.byte-limit = 4MB (=4194304) (default)
2024-10-11 15:02:58,926 [s1-impl-thread1] INFO  util.AwaitToRun (AwaitToRun.java:start(81)) - Thread[s1@group-F860CA578C61-cacheEviction-AwaitToRun,5,main] started
2024-10-11 15:02:58,926 [s1-impl-thread1] INFO  segmented.SegmentedRaftLogWorker (SegmentedRaftLogWorker.java:<init>(188)) - new s1@group-F860CA578C61-SegmentedRaftLogWorker for RaftStorageImpl:Storage Directory /home/runner/work/ratis/ratis/ratis-test/target/test/data/41eaf75c/MiniRaftClusterWithNettyb2b16173/s1/fc965035-3ee3-48ad-969a-f860ca578c61
2024-10-11 15:02:58,926 [s1-impl-thread1] INFO  server.RaftServerConfigKeys (ConfUtils.java:logGet(46)) - raft.server.log.queue.byte-limit = 64MB (=67108864) (default)
2024-10-11 15:02:58,926 [s1-impl-thread1] INFO  server.RaftServerConfigKeys (ConfUtils.java:logGet(46)) - raft.server.log.queue.element-limit = 4096 (default)
2024-10-11 15:02:58,926 [s1-impl-thread1] INFO  server.RaftServerConfigKeys (ConfUtils.java:logGet(46)) - raft.server.log.segment.size.max = 32MB (=33554432) (default)
2024-10-11 15:02:58,926 [s1-impl-thread1] INFO  server.RaftServerConfigKeys (ConfUtils.java:logGet(46)) - raft.server.log.preallocated.size = 4MB (=4194304) (default)
2024-10-11 15:02:58,926 [s1-impl-thread1] INFO  server.RaftServerConfigKeys (ConfUtils.java:logGet(46)) - raft.server.log.force.sync.num = 128 (default)
2024-10-11 15:02:58,926 [s1-impl-thread1] INFO  server.RaftServerConfigKeys (ConfUtils.java:logGet(46)) - raft.server.log.statemachine.data.sync = true (default)
2024-10-11 15:02:58,926 [s1-impl-thread1] INFO  server.RaftServerConfigKeys (ConfUtils.java:logGet(46)) - raft.server.log.statemachine.data.sync.timeout = 10s (default)
2024-10-11 15:02:58,926 [s1-impl-thread1] INFO  server.RaftServerConfigKeys (ConfUtils.java:logGet(46)) - raft.server.log.statemachine.data.sync.timeout.retry = -1 (default)
2024-10-11 15:02:58,926 [s1-impl-thread1] INFO  server.RaftServerConfigKeys (ConfUtils.java:logGet(46)) - raft.server.log.write.buffer.size = 8MB (=8388608) (default)
2024-10-11 15:02:58,927 [s1-impl-thread1] INFO  server.RaftServerConfigKeys (ConfUtils.java:logGet(46)) - raft.server.log.appender.buffer.byte-limit = 4MB (=4194304) (default)
2024-10-11 15:02:58,927 [s1-impl-thread1] INFO  server.RaftServerConfigKeys (ConfUtils.java:logGet(46)) - raft.server.log.unsafe-flush.enabled = false (default)
2024-10-11 15:02:58,927 [s1-impl-thread1] INFO  server.RaftServerConfigKeys (ConfUtils.java:logGet(46)) - raft.server.log.async-flush.enabled = false (default)
2024-10-11 15:02:58,927 [s1-impl-thread1] INFO  server.RaftServerConfigKeys (ConfUtils.java:logGet(46)) - raft.server.log.statemachine.data.caching.enabled = false (default)
2024-10-11 15:02:58,927 [s1-impl-thread1] INFO  segmented.SegmentedRaftLogWorker (SegmentedRaftLogWorker.java:lambda$new$0(139)) - s1@group-F860CA578C61-SegmentedRaftLogWorker: flushIndex: setUnconditionally 0 -> -1
2024-10-11 15:02:58,927 [s1-impl-thread1] INFO  segmented.SegmentedRaftLogWorker (SegmentedRaftLogWorker.java:lambda$new$0(139)) - s1@group-F860CA578C61-SegmentedRaftLogWorker: safeCacheEvictIndex: setUnconditionally 0 -> -1
2024-10-11 15:02:58,928 [s1-impl-thread1] INFO  server.RaftServer$Division (RaftServerImpl.java:start(392)) - s1@group-F860CA578C61: start as a follower, conf=conf: {index: -1, cur=peers:[s3|localhost:15152, s4|localhost:15156, s0|localhost:15140, s1|localhost:15144, s2|localhost:15148]|listeners:[], old=null}
2024-10-11 15:02:58,928 [s1-impl-thread1] INFO  server.RaftServer$Division (RaftServerImpl.java:setRole(379)) - s1@group-F860CA578C61: changes role from      null to FOLLOWER at term 0 for startAsFollower
2024-10-11 15:02:58,928 [s1-impl-thread1] INFO  impl.RoleInfo (RoleInfo.java:updateAndGet(148)) - s1: start s1@group-F860CA578C61-FollowerState
2024-10-11 15:02:58,928 [s1@group-F860CA578C61-FollowerState] INFO  server.RaftServerConfigKeys (ConfUtils.java:logFallback(53)) - raft.server.rpc.first-election.timeout.min = 150ms (fallback to raft.server.rpc.timeout.min)
2024-10-11 15:02:58,928 [s1-impl-thread1] INFO  util.JmxRegister (JmxRegister.java:tryRegister(44)) - Successfully registered JMX Bean with object name Ratis:service=RaftServer,group=group-F860CA578C61,id=s1
2024-10-11 15:02:58,928 [s1-impl-thread1] INFO  util.JmxRegister (JmxRegister.java:register(58)) - register mxBean class org.apache.ratis.server.impl.RaftServerJmxAdapter as Ratis:service=RaftServer,group=group-F860CA578C61,id=s1
2024-10-11 15:02:58,928 [s1@group-F860CA578C61-FollowerState] INFO  server.RaftServerConfigKeys (ConfUtils.java:logFallback(53)) - raft.server.rpc.first-election.timeout.max = 300ms (fallback to raft.server.rpc.timeout.max)
2024-10-11 15:02:58,928 [s1-impl-thread1] INFO  server.RaftServerConfigKeys (ConfUtils.java:logGet(46)) - raft.server.snapshot.trigger-when-stop.enabled = true (default)
2024-10-11 15:02:58,928 [s1-impl-thread1] INFO  server.RaftServerConfigKeys (ConfUtils.java:logGet(46)) - raft.server.snapshot.trigger-when-remove.enabled = true (default)
2024-10-11 15:02:58,928 [s1-impl-thread1] INFO  server.RaftServerConfigKeys (ConfUtils.java:logGet(46)) - raft.server.snapshot.auto.trigger.enabled = false (default)
2024-10-11 15:02:58,928 [s1-impl-thread1] INFO  server.RaftServerConfigKeys (ConfUtils.java:logGet(46)) - raft.server.snapshot.retention.file.num = -1 (default)
2024-10-11 15:02:58,928 [s1-impl-thread1] INFO  server.RaftServerConfigKeys (ConfUtils.java:logGet(46)) - raft.server.log.purge.upto.snapshot.index = false (default)
2024-10-11 15:02:58,929 [main] INFO  server.RaftServer (RaftServerProxy.java:startImpl(408)) - s1: start RPC server
2024-10-11 15:02:58,929 [NettyRpcService-bossGroup--thread1] INFO  logging.LoggingHandler (AbstractInternalLogger.java:log(148)) - [id: 0x51dc07eb] REGISTERED
2024-10-11 15:02:58,929 [NettyRpcService-bossGroup--thread1] INFO  logging.LoggingHandler (AbstractInternalLogger.java:log(148)) - [id: 0x51dc07eb] BIND: 0.0.0.0/0.0.0.0:15144
2024-10-11 15:02:58,929 [NettyRpcService-bossGroup--thread1] INFO  logging.LoggingHandler (AbstractInternalLogger.java:log(148)) - [id: 0x51dc07eb, L:/0.0.0.0:15144] ACTIVE
2024-10-11 15:02:58,930 [JvmPauseMonitor38] INFO  util.JvmPauseMonitor (JvmPauseMonitor.java:run(146)) - JvmPauseMonitor-s1: Started
2024-10-11 15:02:58,930 [s2-impl-thread1] INFO  server.RaftServerConfigKeys (ConfUtils.java:logGet(46)) - raft.server.storage.free-space.min = 0MB (=0) (default)
2024-10-11 15:02:58,930 [s2-impl-thread1] INFO  server.RaftServerConfigKeys (ConfUtils.java:logGet(46)) - raft.server.log.corruption.policy = EXCEPTION (default)
2024-10-11 15:02:58,930 [s2-impl-thread1] INFO  server.RaftServerConfigKeys (ConfUtils.java:logGet(46)) - raft.server.storage.dir = [/home/runner/work/ratis/ratis/ratis-test/target/test/data/41eaf75c/MiniRaftClusterWithNettyb2b16173/s2] (custom)
2024-10-11 15:02:58,930 [s2-impl-thread1] INFO  storage.RaftStorageDirectory (RaftStorageDirectoryImpl.java:analyzeStorage(138)) - The storage directory /home/runner/work/ratis/ratis/ratis-test/target/test/data/41eaf75c/MiniRaftClusterWithNettyb2b16173/s2/fc965035-3ee3-48ad-969a-f860ca578c61 does not exist. Creating ...
2024-10-11 15:02:58,930 [s2-impl-thread1] TRACE util.FileUtils (LogUtils.java:runAndLog(49)) - Successfully ran Files.createDirectories /home/runner/work/ratis/ratis/ratis-test/target/test/data/41eaf75c/MiniRaftClusterWithNettyb2b16173/s2/fc965035-3ee3-48ad-969a-f860ca578c61
2024-10-11 15:02:58,932 [s2-impl-thread1] INFO  storage.RaftStorageDirectory (RaftStorageDirectoryImpl.java:tryLock(229)) - Lock on /home/runner/work/ratis/ratis/ratis-test/target/test/data/41eaf75c/MiniRaftClusterWithNettyb2b16173/s2/fc965035-3ee3-48ad-969a-f860ca578c61/in_use.lock acquired by nodename 5433@fv-az1197-636
2024-10-11 15:02:58,932 [s2-impl-thread1] TRACE util.FileUtils (LogUtils.java:runAndLog(49)) - Successfully ran Files.createDirectories /home/runner/work/ratis/ratis/ratis-test/target/test/data/41eaf75c/MiniRaftClusterWithNettyb2b16173/s2/fc965035-3ee3-48ad-969a-f860ca578c61/current
2024-10-11 15:02:58,932 [s2-impl-thread1] TRACE util.FileUtils (LogUtils.java:runAndLog(49)) - Successfully ran Files.createDirectories /home/runner/work/ratis/ratis/ratis-test/target/test/data/41eaf75c/MiniRaftClusterWithNettyb2b16173/s2/fc965035-3ee3-48ad-969a-f860ca578c61/sm
2024-10-11 15:02:58,932 [s2-impl-thread1] TRACE util.FileUtils (LogUtils.java:supplyAndLog(69)) - Successfully supplied FileChannel.open /home/runner/work/ratis/ratis/ratis-test/target/test/data/41eaf75c/MiniRaftClusterWithNettyb2b16173/s2/fc965035-3ee3-48ad-969a-f860ca578c61/current/raft-meta.tmp with options [CREATE, WRITE]: sun.nio.ch.FileChannelImpl@4b67fc23
2024-10-11 15:02:58,933 [s2-impl-thread1] TRACE util.FileUtils (LogUtils.java:runAndLog(49)) - Successfully ran Atomic Files.move /home/runner/work/ratis/ratis/ratis-test/target/test/data/41eaf75c/MiniRaftClusterWithNettyb2b16173/s2/fc965035-3ee3-48ad-969a-f860ca578c61/current/raft-meta.tmp to /home/runner/work/ratis/ratis/ratis-test/target/test/data/41eaf75c/MiniRaftClusterWithNettyb2b16173/s2/fc965035-3ee3-48ad-969a-f860ca578c61/current/raft-meta with options [REPLACE_EXISTING]
2024-10-11 15:02:58,933 [s2-impl-thread1] INFO  storage.RaftStorage (RaftStorageImpl.java:format(98)) - Storage directory /home/runner/work/ratis/ratis/ratis-test/target/test/data/41eaf75c/MiniRaftClusterWithNettyb2b16173/s2/fc965035-3ee3-48ad-969a-f860ca578c61 has been successfully formatted.
2024-10-11 15:02:58,933 [s2-impl-thread1] INFO  server.RaftServerConfigKeys (ConfUtils.java:logGet(46)) - raft.server.log.use.memory = false (default)
2024-10-11 15:02:58,933 [s2-impl-thread1] INFO  server.RaftServerConfigKeys (ConfUtils.java:logGet(46)) - raft.server.log.purge.gap = 1024 (default)
2024-10-11 15:02:58,933 [s2-impl-thread1] INFO  server.RaftServerConfigKeys (ConfUtils.java:logGet(46)) - raft.server.log.appender.buffer.byte-limit = 4MB (=4194304) (default)
2024-10-11 15:02:58,933 [s2-impl-thread1] INFO  server.RaftServerConfigKeys (ConfUtils.java:logGet(46)) - raft.server.log.statemachine.data.read.timeout = 1000ms (default)
2024-10-11 15:02:58,933 [s2-impl-thread1] INFO  server.RaftServerConfigKeys (ConfUtils.java:logGet(46)) - raft.server.log.purge.preservation.log.num = 0 (default)
2024-10-11 15:02:58,933 [s2-impl-thread1] INFO  server.RaftServerConfigKeys (ConfUtils.java:logGet(46)) - raft.server.log.segment.size.max = 32MB (=33554432) (default)
2024-10-11 15:02:58,933 [s2-impl-thread1] INFO  server.RaftServerConfigKeys (ConfUtils.java:logGet(46)) - raft.server.log.segment.cache.num.max = 6 (default)
2024-10-11 15:02:58,933 [s2-impl-thread1] INFO  server.RaftServerConfigKeys (ConfUtils.java:logGet(46)) - raft.server.log.segment.cache.size.max = 200MB (=209715200) (default)
2024-10-11 15:02:58,934 [s2-impl-thread1] INFO  server.RaftServerConfigKeys (ConfUtils.java:logGet(46)) - raft.server.log.appender.buffer.byte-limit = 4MB (=4194304) (default)
2024-10-11 15:02:58,934 [s2-impl-thread1] INFO  util.AwaitToRun (AwaitToRun.java:start(81)) - Thread[s2@group-F860CA578C61-cacheEviction-AwaitToRun,5,main] started
2024-10-11 15:02:58,934 [s2-impl-thread1] INFO  segmented.SegmentedRaftLogWorker (SegmentedRaftLogWorker.java:<init>(188)) - new s2@group-F860CA578C61-SegmentedRaftLogWorker for RaftStorageImpl:Storage Directory /home/runner/work/ratis/ratis/ratis-test/target/test/data/41eaf75c/MiniRaftClusterWithNettyb2b16173/s2/fc965035-3ee3-48ad-969a-f860ca578c61
2024-10-11 15:02:58,934 [s2-impl-thread1] INFO  server.RaftServerConfigKeys (ConfUtils.java:logGet(46)) - raft.server.log.queue.byte-limit = 64MB (=67108864) (default)
2024-10-11 15:02:58,934 [s2-impl-thread1] INFO  server.RaftServerConfigKeys (ConfUtils.java:logGet(46)) - raft.server.log.queue.element-limit = 4096 (default)
2024-10-11 15:02:58,934 [s2-impl-thread1] INFO  server.RaftServerConfigKeys (ConfUtils.java:logGet(46)) - raft.server.log.segment.size.max = 32MB (=33554432) (default)
2024-10-11 15:02:58,934 [s2-impl-thread1] INFO  server.RaftServerConfigKeys (ConfUtils.java:logGet(46)) - raft.server.log.preallocated.size = 4MB (=4194304) (default)
2024-10-11 15:02:58,934 [s2-impl-thread1] INFO  server.RaftServerConfigKeys (ConfUtils.java:logGet(46)) - raft.server.log.force.sync.num = 128 (default)
2024-10-11 15:02:58,934 [s2-impl-thread1] INFO  server.RaftServerConfigKeys (ConfUtils.java:logGet(46)) - raft.server.log.statemachine.data.sync = true (default)
2024-10-11 15:02:58,934 [s2-impl-thread1] INFO  server.RaftServerConfigKeys (ConfUtils.java:logGet(46)) - raft.server.log.statemachine.data.sync.timeout = 10s (default)
2024-10-11 15:02:58,934 [s2-impl-thread1] INFO  server.RaftServerConfigKeys (ConfUtils.java:logGet(46)) - raft.server.log.statemachine.data.sync.timeout.retry = -1 (default)
2024-10-11 15:02:58,934 [s2-impl-thread1] INFO  server.RaftServerConfigKeys (ConfUtils.java:logGet(46)) - raft.server.log.write.buffer.size = 8MB (=8388608) (default)
2024-10-11 15:02:58,935 [s2-impl-thread1] INFO  server.RaftServerConfigKeys (ConfUtils.java:logGet(46)) - raft.server.log.appender.buffer.byte-limit = 4MB (=4194304) (default)
2024-10-11 15:02:58,935 [s2-impl-thread1] INFO  server.RaftServerConfigKeys (ConfUtils.java:logGet(46)) - raft.server.log.unsafe-flush.enabled = false (default)
2024-10-11 15:02:58,935 [s2-impl-thread1] INFO  server.RaftServerConfigKeys (ConfUtils.java:logGet(46)) - raft.server.log.async-flush.enabled = false (default)
2024-10-11 15:02:58,935 [s2-impl-thread1] INFO  server.RaftServerConfigKeys (ConfUtils.java:logGet(46)) - raft.server.log.statemachine.data.caching.enabled = false (default)
2024-10-11 15:02:58,935 [s2-impl-thread1] INFO  segmented.SegmentedRaftLogWorker (SegmentedRaftLogWorker.java:lambda$new$0(139)) - s2@group-F860CA578C61-SegmentedRaftLogWorker: flushIndex: setUnconditionally 0 -> -1
2024-10-11 15:02:58,935 [s2-impl-thread1] INFO  segmented.SegmentedRaftLogWorker (SegmentedRaftLogWorker.java:lambda$new$0(139)) - s2@group-F860CA578C61-SegmentedRaftLogWorker: safeCacheEvictIndex: setUnconditionally 0 -> -1
2024-10-11 15:02:58,941 [s2-impl-thread1] INFO  server.RaftServer$Division (RaftServerImpl.java:start(392)) - s2@group-F860CA578C61: start as a follower, conf=conf: {index: -1, cur=peers:[s3|localhost:15152, s4|localhost:15156, s0|localhost:15140, s1|localhost:15144, s2|localhost:15148]|listeners:[], old=null}
2024-10-11 15:02:58,941 [s2-impl-thread1] INFO  server.RaftServer$Division (RaftServerImpl.java:setRole(379)) - s2@group-F860CA578C61: changes role from      null to FOLLOWER at term 0 for startAsFollower
2024-10-11 15:02:58,941 [s2-impl-thread1] INFO  impl.RoleInfo (RoleInfo.java:updateAndGet(148)) - s2: start s2@group-F860CA578C61-FollowerState
2024-10-11 15:02:58,941 [s2@group-F860CA578C61-FollowerState] INFO  server.RaftServerConfigKeys (ConfUtils.java:logFallback(53)) - raft.server.rpc.first-election.timeout.min = 150ms (fallback to raft.server.rpc.timeout.min)
2024-10-11 15:02:58,941 [s2-impl-thread1] INFO  util.JmxRegister (JmxRegister.java:tryRegister(44)) - Successfully registered JMX Bean with object name Ratis:service=RaftServer,group=group-F860CA578C61,id=s2
2024-10-11 15:02:58,941 [s2-impl-thread1] INFO  util.JmxRegister (JmxRegister.java:register(58)) - register mxBean class org.apache.ratis.server.impl.RaftServerJmxAdapter as Ratis:service=RaftServer,group=group-F860CA578C61,id=s2
2024-10-11 15:02:58,941 [s2@group-F860CA578C61-FollowerState] INFO  server.RaftServerConfigKeys (ConfUtils.java:logFallback(53)) - raft.server.rpc.first-election.timeout.max = 300ms (fallback to raft.server.rpc.timeout.max)
2024-10-11 15:02:58,941 [s2-impl-thread1] INFO  server.RaftServerConfigKeys (ConfUtils.java:logGet(46)) - raft.server.snapshot.trigger-when-stop.enabled = true (default)
2024-10-11 15:02:58,941 [s2-impl-thread1] INFO  server.RaftServerConfigKeys (ConfUtils.java:logGet(46)) - raft.server.snapshot.trigger-when-remove.enabled = true (default)
2024-10-11 15:02:58,941 [s2-impl-thread1] INFO  server.RaftServerConfigKeys (ConfUtils.java:logGet(46)) - raft.server.snapshot.auto.trigger.enabled = false (default)
2024-10-11 15:02:58,941 [s2-impl-thread1] INFO  server.RaftServerConfigKeys (ConfUtils.java:logGet(46)) - raft.server.snapshot.retention.file.num = -1 (default)
2024-10-11 15:02:58,942 [s2-impl-thread1] INFO  server.RaftServerConfigKeys (ConfUtils.java:logGet(46)) - raft.server.log.purge.upto.snapshot.index = false (default)
2024-10-11 15:02:58,942 [main] INFO  server.RaftServer (RaftServerProxy.java:startImpl(408)) - s2: start RPC server
2024-10-11 15:02:58,942 [NettyRpcService-bossGroup--thread1] INFO  logging.LoggingHandler (AbstractInternalLogger.java:log(148)) - [id: 0xe2b3b427] REGISTERED
2024-10-11 15:02:58,942 [NettyRpcService-bossGroup--thread1] INFO  logging.LoggingHandler (AbstractInternalLogger.java:log(148)) - [id: 0xe2b3b427] BIND: 0.0.0.0/0.0.0.0:15148
2024-10-11 15:02:58,942 [NettyRpcService-bossGroup--thread1] INFO  logging.LoggingHandler (AbstractInternalLogger.java:log(148)) - [id: 0xe2b3b427, L:/0.0.0.0:15148] ACTIVE
2024-10-11 15:02:58,943 [JvmPauseMonitor39] INFO  util.JvmPauseMonitor (JvmPauseMonitor.java:run(146)) - JvmPauseMonitor-s2: Started
2024-10-11 15:02:58,943 [main] INFO  server.RaftServerConfigKeys (ConfUtils.java:logGet(46)) - raft.server.rpc.timeout.max = 300ms (default)
2024-10-11 15:02:58,943 [main] INFO  ratis.RaftTestUtil (RaftTestUtil.java:waitForLeader(107)) - printing ALL groups
  s3:  RUNNING  FOLLOWER s3@group-F860CA578C61:t0, leader=null, voted=, raftlog=Memoized:s3@group-F860CA578C61-SegmentedRaftLog:OPENED:c-1:lastnull, conf=conf: {index: -1, cur=peers:[s3|localhost:15152, s4|localhost:15156, s0|localhost:15140, s1|localhost:15144, s2|localhost:15148]|listeners:[], old=null} RUNNING
  s4:  RUNNING  FOLLOWER s4@group-F860CA578C61:t0, leader=null, voted=, raftlog=Memoized:s4@group-F860CA578C61-SegmentedRaftLog:OPENED:c-1:lastnull, conf=conf: {index: -1, cur=peers:[s3|localhost:15152, s4|localhost:15156, s0|localhost:15140, s1|localhost:15144, s2|localhost:15148]|listeners:[], old=null} RUNNING
  s0:  RUNNING  FOLLOWER s0@group-F860CA578C61:t0, leader=null, voted=, raftlog=Memoized:s0@group-F860CA578C61-SegmentedRaftLog:OPENED:c-1:lastnull, conf=conf: {index: -1, cur=peers:[s3|localhost:15152, s4|localhost:15156, s0|localhost:15140, s1|localhost:15144, s2|localhost:15148]|listeners:[], old=null} RUNNING
  s1:  RUNNING  FOLLOWER s1@group-F860CA578C61:t0, leader=null, voted=, raftlog=Memoized:s1@group-F860CA578C61-SegmentedRaftLog:OPENED:c-1:lastnull, conf=conf: {index: -1, cur=peers:[s3|localhost:15152, s4|localhost:15156, s0|localhost:15140, s1|localhost:15144, s2|localhost:15148]|listeners:[], old=null} RUNNING
  s2:  RUNNING  FOLLOWER s2@group-F860CA578C61:t0, leader=null, voted=, raftlog=Memoized:s2@group-F860CA578C61-SegmentedRaftLog:OPENED:c-1:lastnull, conf=conf: {index: -1, cur=peers:[s3|localhost:15152, s4|localhost:15156, s0|localhost:15140, s1|localhost:15144, s2|localhost:15148]|listeners:[], old=null} RUNNING
2024-10-11 15:02:58,943 [main] WARN  ratis.RaftTestUtil (RaftTestUtil.java:lambda$waitForLeader$3(126)) - Attempt #1 failed: java.lang.IllegalStateException: No leader yet : printing ALL groups
  s3:  RUNNING  FOLLOWER s3@group-F860CA578C61:t0, leader=null, voted=, raftlog=Memoized:s3@group-F860CA578C61-SegmentedRaftLog:OPENED:c-1:lastnull, conf=conf: {index: -1, cur=peers:[s3|localhost:15152, s4|localhost:15156, s0|localhost:15140, s1|localhost:15144, s2|localhost:15148]|listeners:[], old=null} RUNNING
  s4:  RUNNING  FOLLOWER s4@group-F860CA578C61:t0, leader=null, voted=, raftlog=Memoized:s4@group-F860CA578C61-SegmentedRaftLog:OPENED:c-1:lastnull, conf=conf: {index: -1, cur=peers:[s3|localhost:15152, s4|localhost:15156, s0|localhost:15140, s1|localhost:15144, s2|localhost:15148]|listeners:[], old=null} RUNNING
  s0:  RUNNING  FOLLOWER s0@group-F860CA578C61:t0, leader=null, voted=, raftlog=Memoized:s0@group-F860CA578C61-SegmentedRaftLog:OPENED:c-1:lastnull, conf=conf: {index: -1, cur=peers:[s3|localhost:15152, s4|localhost:15156, s0|localhost:15140, s1|localhost:15144, s2|localhost:15148]|listeners:[], old=null} RUNNING
  s1:  RUNNING  FOLLOWER s1@group-F860CA578C61:t0, leader=null, voted=, raftlog=Memoized:s1@group-F860CA578C61-SegmentedRaftLog:OPENED:c-1:lastnull, conf=conf: {index: -1, cur=peers:[s3|localhost:15152, s4|localhost:15156, s0|localhost:15140, s1|localhost:15144, s2|localhost:15148]|listeners:[], old=null} RUNNING
  s2:  RUNNING  FOLLOWER s2@group-F860CA578C61:t0, leader=null, voted=, raftlog=Memoized:s2@group-F860CA578C61-SegmentedRaftLog:OPENED:c-1:lastnull, conf=conf: {index: -1, cur=peers:[s3|localhost:15152, s4|localhost:15156, s0|localhost:15140, s1|localhost:15144, s2|localhost:15148]|listeners:[], old=null} RUNNING
2024-10-11 15:02:59,100 [s2@group-F860CA578C61-FollowerState] INFO  impl.FollowerState (FollowerState.java:runImpl(156)) - s2@group-F860CA578C61-FollowerState: change to CANDIDATE, lastRpcElapsedTime:159597278ns, electionTimeout:159ms
2024-10-11 15:02:59,101 [s2@group-F860CA578C61-FollowerState] INFO  impl.RoleInfo (RoleInfo.java:shutdownFollowerState(121)) - s2: shutdown s2@group-F860CA578C61-FollowerState
2024-10-11 15:02:59,101 [s2@group-F860CA578C61-FollowerState] INFO  server.RaftServer$Division (RaftServerImpl.java:setRole(379)) - s2@group-F860CA578C61: changes role from  FOLLOWER to CANDIDATE at term 0 for changeToCandidate
2024-10-11 15:02:59,101 [s2@group-F860CA578C61-FollowerState] INFO  server.RaftServerConfigKeys (ConfUtils.java:logGet(46)) - raft.server.leaderelection.pre-vote = true (default)
2024-10-11 15:02:59,101 [s2@group-F860CA578C61-FollowerState] INFO  impl.RoleInfo (RoleInfo.java:updateAndGet(148)) - s2: start s2@group-F860CA578C61-LeaderElection17
2024-10-11 15:02:59,101 [s2@group-F860CA578C61-LeaderElection17] INFO  impl.LeaderElection (LeaderElection.java:askForVotes(337)) - s2@group-F860CA578C61-LeaderElection17 PRE_VOTE round 0: submit vote requests at term 0 for conf: {index: -1, cur=peers:[s3|localhost:15152, s4|localhost:15156, s0|localhost:15140, s1|localhost:15144, s2|localhost:15148]|listeners:[], old=null}
2024-10-11 15:02:59,103 [s2@group-F860CA578C61-LeaderElection17] INFO  server.RaftServerConfigKeys (ConfUtils.java:logFallback(53)) - raft.server.rpc.first-election.timeout.min = 150ms (fallback to raft.server.rpc.timeout.min)
2024-10-11 15:02:59,103 [s2@group-F860CA578C61-LeaderElection17] INFO  server.RaftServerConfigKeys (ConfUtils.java:logFallback(53)) - raft.server.rpc.first-election.timeout.max = 300ms (fallback to raft.server.rpc.timeout.max)
2024-10-11 15:02:59,104 [NettyRpcService-bossGroup--thread1] INFO  logging.LoggingHandler (AbstractInternalLogger.java:log(148)) - [id: 0xc6ecafd2, L:/0.0.0.0:15140] READ: [id: 0xae10e7dc, L:/127.0.0.1:15140 - R:/127.0.0.1:53440]
2024-10-11 15:02:59,105 [NettyRpcService-bossGroup--thread1] INFO  logging.LoggingHandler (AbstractInternalLogger.java:log(148)) - [id: 0xbe8da037, L:/0.0.0.0:15156] READ: [id: 0x1a7739cf, L:/127.0.0.1:15156 - R:/127.0.0.1:56424]
2024-10-11 15:02:59,104 [NettyRpcService-bossGroup--thread1] INFO  logging.LoggingHandler (AbstractInternalLogger.java:log(148)) - [id: 0x51dc07eb, L:/0.0.0.0:15144] READ: [id: 0x8a719151, L:/127.0.0.1:15144 - R:/127.0.0.1:43140]
2024-10-11 15:02:59,105 [NettyRpcService-bossGroup--thread1] INFO  logging.LoggingHandler (AbstractInternalLogger.java:log(148)) - [id: 0xc6ecafd2, L:/0.0.0.0:15140] READ COMPLETE
2024-10-11 15:02:59,106 [NettyRpcService-workerGroup--thread1] INFO  server.RaftServer$Division (RaftServerImpl.java:requestVote(1443)) - s0@group-F860CA578C61: receive requestVote(PRE_VOTE, s2, group-F860CA578C61, 0, (t:0, i:0))
2024-10-11 15:02:59,106 [NettyRpcService-workerGroup--thread1] INFO  impl.VoteContext (VoteContext.java:log(49)) - s0@group-F860CA578C61-FOLLOWER: accept PRE_VOTE from s2: our priority 0 <= candidate's priority 0
2024-10-11 15:02:59,106 [NettyRpcService-workerGroup--thread1] INFO  server.RaftServer$Division (RaftServerImpl.java:requestVote(1476)) - s0@group-F860CA578C61 replies to PRE_VOTE vote request: s2<-s0#0:OK-t0. Peer's state: s0@group-F860CA578C61:t0, leader=null, voted=, raftlog=Memoized:s0@group-F860CA578C61-SegmentedRaftLog:OPENED:c-1:lastnull, conf=conf: {index: -1, cur=peers:[s3|localhost:15152, s4|localhost:15156, s0|localhost:15140, s1|localhost:15144, s2|localhost:15148]|listeners:[], old=null}
2024-10-11 15:02:59,106 [NettyRpcService-bossGroup--thread1] INFO  logging.LoggingHandler (AbstractInternalLogger.java:log(148)) - [id: 0xbe8da037, L:/0.0.0.0:15156] READ COMPLETE
2024-10-11 15:02:59,107 [NettyRpcService-workerGroup--thread1] INFO  server.RaftServer$Division (RaftServerImpl.java:requestVote(1443)) - s4@group-F860CA578C61: receive requestVote(PRE_VOTE, s2, group-F860CA578C61, 0, (t:0, i:0))
2024-10-11 15:02:59,107 [NettyRpcService-workerGroup--thread1] INFO  impl.VoteContext (VoteContext.java:log(49)) - s4@group-F860CA578C61-FOLLOWER: accept PRE_VOTE from s2: our priority 0 <= candidate's priority 0
2024-10-11 15:02:59,107 [NettyRpcService-workerGroup--thread1] INFO  server.RaftServer$Division (RaftServerImpl.java:requestVote(1476)) - s4@group-F860CA578C61 replies to PRE_VOTE vote request: s2<-s4#0:OK-t0. Peer's state: s4@group-F860CA578C61:t0, leader=null, voted=, raftlog=Memoized:s4@group-F860CA578C61-SegmentedRaftLog:OPENED:c-1:lastnull, conf=conf: {index: -1, cur=peers:[s3|localhost:15152, s4|localhost:15156, s0|localhost:15140, s1|localhost:15144, s2|localhost:15148]|listeners:[], old=null}
2024-10-11 15:02:59,108 [NettyRpcService-bossGroup--thread1] INFO  logging.LoggingHandler (AbstractInternalLogger.java:log(148)) - [id: 0x51dc07eb, L:/0.0.0.0:15144] READ COMPLETE
2024-10-11 15:02:59,108 [NettyRpcService-workerGroup--thread1] INFO  server.RaftServer$Division (RaftServerImpl.java:requestVote(1443)) - s1@group-F860CA578C61: receive requestVote(PRE_VOTE, s2, group-F860CA578C61, 0, (t:0, i:0))
2024-10-11 15:02:59,108 [NettyRpcService-workerGroup--thread1] INFO  impl.VoteContext (VoteContext.java:log(49)) - s1@group-F860CA578C61-FOLLOWER: accept PRE_VOTE from s2: our priority 0 <= candidate's priority 0
2024-10-11 15:02:59,108 [NettyRpcService-workerGroup--thread1] INFO  server.RaftServer$Division (RaftServerImpl.java:requestVote(1476)) - s1@group-F860CA578C61 replies to PRE_VOTE vote request: s2<-s1#0:OK-t0. Peer's state: s1@group-F860CA578C61:t0, leader=null, voted=, raftlog=Memoized:s1@group-F860CA578C61-SegmentedRaftLog:OPENED:c-1:lastnull, conf=conf: {index: -1, cur=peers:[s3|localhost:15152, s4|localhost:15156, s0|localhost:15140, s1|localhost:15144, s2|localhost:15148]|listeners:[], old=null}
2024-10-11 15:02:59,113 [s2@group-F860CA578C61-LeaderElection17] INFO  impl.LeaderElection (LeaderElection.java:logAndReturn(90)) - s2@group-F860CA578C61-LeaderElection17: PRE_VOTE PASSED received 2 response(s) and 0 exception(s):
2024-10-11 15:02:59,113 [s2@group-F860CA578C61-LeaderElection17] INFO  impl.LeaderElection (LeaderElection.java:logAndReturn(94)) -   Response 0: s2<-s4#0:OK-t0
2024-10-11 15:02:59,113 [NettyRpcService-bossGroup--thread1] INFO  logging.LoggingHandler (AbstractInternalLogger.java:log(148)) - [id: 0xa689d762, L:/0.0.0.0:15152] READ: [id: 0xd99f662e, L:/127.0.0.1:15152 - R:/127.0.0.1:46768]
2024-10-11 15:02:59,113 [s2@group-F860CA578C61-LeaderElection17] INFO  impl.LeaderElection (LeaderElection.java:logAndReturn(94)) -   Response 1: s2<-s0#0:OK-t0
2024-10-11 15:02:59,113 [NettyRpcService-bossGroup--thread1] INFO  logging.LoggingHandler (AbstractInternalLogger.java:log(148)) - [id: 0xa689d762, L:/0.0.0.0:15152] READ COMPLETE
2024-10-11 15:02:59,113 [s2@group-F860CA578C61-LeaderElection17] INFO  impl.LeaderElection (LeaderElection.java:askForVotes(339)) - s2@group-F860CA578C61-LeaderElection17 PRE_VOTE round 0: result PASSED
2024-10-11 15:02:59,114 [s2@group-F860CA578C61-LeaderElection17] TRACE util.FileUtils (LogUtils.java:supplyAndLog(69)) - Successfully supplied FileChannel.open /home/runner/work/ratis/ratis/ratis-test/target/test/data/41eaf75c/MiniRaftClusterWithNettyb2b16173/s2/fc965035-3ee3-48ad-969a-f860ca578c61/current/raft-meta.tmp with options [CREATE, WRITE]: sun.nio.ch.FileChannelImpl@3af30761
2024-10-11 15:02:59,115 [s2@group-F860CA578C61-LeaderElection17] TRACE util.FileUtils (LogUtils.java:runAndLog(49)) - Successfully ran Atomic Files.move /home/runner/work/ratis/ratis/ratis-test/target/test/data/41eaf75c/MiniRaftClusterWithNettyb2b16173/s2/fc965035-3ee3-48ad-969a-f860ca578c61/current/raft-meta.tmp to /home/runner/work/ratis/ratis/ratis-test/target/test/data/41eaf75c/MiniRaftClusterWithNettyb2b16173/s2/fc965035-3ee3-48ad-969a-f860ca578c61/current/raft-meta with options [REPLACE_EXISTING]
2024-10-11 15:02:59,115 [s2@group-F860CA578C61-LeaderElection17] INFO  impl.LeaderElection (LeaderElection.java:askForVotes(337)) - s2@group-F860CA578C61-LeaderElection17 ELECTION round 0: submit vote requests at term 1 for conf: {index: -1, cur=peers:[s3|localhost:15152, s4|localhost:15156, s0|localhost:15140, s1|localhost:15144, s2|localhost:15148]|listeners:[], old=null}
2024-10-11 15:02:59,116 [NettyRpcService-workerGroup--thread1] INFO  server.RaftServer$Division (RaftServerImpl.java:requestVote(1443)) - s3@group-F860CA578C61: receive requestVote(PRE_VOTE, s2, group-F860CA578C61, 0, (t:0, i:0))
2024-10-11 15:02:59,116 [NettyRpcService-workerGroup--thread1] INFO  impl.VoteContext (VoteContext.java:log(49)) - s3@group-F860CA578C61-FOLLOWER: accept PRE_VOTE from s2: our priority 0 <= candidate's priority 0
2024-10-11 15:02:59,116 [NettyRpcService-workerGroup--thread1] INFO  server.RaftServer$Division (RaftServerImpl.java:requestVote(1476)) - s3@group-F860CA578C61 replies to PRE_VOTE vote request: s2<-s3#0:OK-t0. Peer's state: s3@group-F860CA578C61:t0, leader=null, voted=, raftlog=Memoized:s3@group-F860CA578C61-SegmentedRaftLog:OPENED:c-1:lastnull, conf=conf: {index: -1, cur=peers:[s3|localhost:15152, s4|localhost:15156, s0|localhost:15140, s1|localhost:15144, s2|localhost:15148]|listeners:[], old=null}
2024-10-11 15:02:59,117 [NettyRpcService-workerGroup--thread1] INFO  server.RaftServer$Division (RaftServerImpl.java:requestVote(1443)) - s3@group-F860CA578C61: receive requestVote(ELECTION, s2, group-F860CA578C61, 1, (t:0, i:0))
2024-10-11 15:02:59,117 [NettyRpcService-workerGroup--thread1] INFO  impl.VoteContext (VoteContext.java:log(49)) - s3@group-F860CA578C61-FOLLOWER: accept ELECTION from s2: our priority 0 <= candidate's priority 0
2024-10-11 15:02:59,117 [NettyRpcService-workerGroup--thread1] INFO  server.RaftServer$Division (RaftServerImpl.java:setRole(379)) - s3@group-F860CA578C61: changes role from  FOLLOWER to FOLLOWER at term 0 for candidate:s2
2024-10-11 15:02:59,117 [NettyRpcService-workerGroup--thread1] INFO  impl.RoleInfo (RoleInfo.java:shutdownFollowerState(121)) - s3: shutdown s3@group-F860CA578C61-FollowerState
2024-10-11 15:02:59,121 [s3@group-F860CA578C61-FollowerState] INFO  impl.FollowerState (FollowerState.java:runImpl(165)) - s3@group-F860CA578C61-FollowerState was interrupted
2024-10-11 15:02:59,121 [NettyRpcService-workerGroup--thread1] INFO  impl.RoleInfo (RoleInfo.java:updateAndGet(148)) - s3: start s3@group-F860CA578C61-FollowerState
2024-10-11 15:02:59,121 [s2@group-F860CA578C61-LeaderElection17] INFO  server.RaftServerConfigKeys (ConfUtils.java:logFallback(53)) - raft.server.rpc.first-election.timeout.min = 150ms (fallback to raft.server.rpc.timeout.min)
2024-10-11 15:02:59,121 [NettyRpcService-workerGroup--thread1] INFO  server.RaftServer$Division (RaftServerImpl.java:requestVote(1443)) - s4@group-F860CA578C61: receive requestVote(ELECTION, s2, group-F860CA578C61, 1, (t:0, i:0))
2024-10-11 15:02:59,121 [s2@group-F860CA578C61-LeaderElection17] INFO  server.RaftServerConfigKeys (ConfUtils.java:logFallback(53)) - raft.server.rpc.first-election.timeout.max = 300ms (fallback to raft.server.rpc.timeout.max)
2024-10-11 15:02:59,121 [NettyRpcService-workerGroup--thread1] INFO  impl.VoteContext (VoteContext.java:log(49)) - s4@group-F860CA578C61-FOLLOWER: accept ELECTION from s2: our priority 0 <= candidate's priority 0
2024-10-11 15:02:59,121 [NettyRpcService-workerGroup--thread1] INFO  server.RaftServer$Division (RaftServerImpl.java:requestVote(1443)) - s1@group-F860CA578C61: receive requestVote(ELECTION, s2, group-F860CA578C61, 1, (t:0, i:0))
2024-10-11 15:02:59,121 [NettyRpcService-workerGroup--thread1] INFO  impl.VoteContext (VoteContext.java:log(49)) - s1@group-F860CA578C61-FOLLOWER: accept ELECTION from s2: our priority 0 <= candidate's priority 0
2024-10-11 15:02:59,122 [NettyRpcService-workerGroup--thread1] INFO  server.RaftServer$Division (RaftServerImpl.java:setRole(379)) - s1@group-F860CA578C61: changes role from  FOLLOWER to FOLLOWER at term 0 for candidate:s2
2024-10-11 15:02:59,122 [NettyRpcService-workerGroup--thread1] INFO  impl.RoleInfo (RoleInfo.java:shutdownFollowerState(121)) - s1: shutdown s1@group-F860CA578C61-FollowerState
2024-10-11 15:02:59,121 [NettyRpcService-workerGroup--thread1] INFO  server.RaftServer$Division (RaftServerImpl.java:setRole(379)) - s4@group-F860CA578C61: changes role from  FOLLOWER to FOLLOWER at term 0 for candidate:s2
2024-10-11 15:02:59,122 [NettyRpcService-workerGroup--thread1] INFO  impl.RoleInfo (RoleInfo.java:shutdownFollowerState(121)) - s4: shutdown s4@group-F860CA578C61-FollowerState
2024-10-11 15:02:59,121 [NettyRpcService-workerGroup--thread1] INFO  server.RaftServer$Division (RaftServerImpl.java:requestVote(1443)) - s0@group-F860CA578C61: receive requestVote(ELECTION, s2, group-F860CA578C61, 1, (t:0, i:0))
2024-10-11 15:02:59,122 [NettyRpcService-workerGroup--thread1] INFO  impl.VoteContext (VoteContext.java:log(49)) - s0@group-F860CA578C61-FOLLOWER: accept ELECTION from s2: our priority 0 <= candidate's priority 0
2024-10-11 15:02:59,122 [NettyRpcService-workerGroup--thread1] INFO  server.RaftServer$Division (RaftServerImpl.java:setRole(379)) - s0@group-F860CA578C61: changes role from  FOLLOWER to FOLLOWER at term 0 for candidate:s2
2024-10-11 15:02:59,122 [NettyRpcService-workerGroup--thread1] INFO  impl.RoleInfo (RoleInfo.java:shutdownFollowerState(121)) - s0: shutdown s0@group-F860CA578C61-FollowerState
2024-10-11 15:02:59,128 [NettyRpcService-workerGroup--thread1] INFO  server.RaftServer$Division (RaftServerImpl.java:setFirstElection(560)) - s3@group-F860CA578C61: set firstElectionSinceStartup to false for candidate:s2
2024-10-11 15:02:59,128 [s0@group-F860CA578C61-FollowerState] INFO  impl.FollowerState (FollowerState.java:runImpl(165)) - s0@group-F860CA578C61-FollowerState was interrupted
2024-10-11 15:02:59,128 [NettyRpcService-workerGroup--thread1] INFO  impl.RoleInfo (RoleInfo.java:updateAndGet(148)) - s0: start s0@group-F860CA578C61-FollowerState
2024-10-11 15:02:59,128 [NettyRpcService-workerGroup--thread1] INFO  impl.RoleInfo (RoleInfo.java:updateAndGet(148)) - s1: start s1@group-F860CA578C61-FollowerState
2024-10-11 15:02:59,128 [s4@group-F860CA578C61-FollowerState] INFO  impl.FollowerState (FollowerState.java:runImpl(165)) - s4@group-F860CA578C61-FollowerState was interrupted
2024-10-11 15:02:59,128 [NettyRpcService-workerGroup--thread1] INFO  impl.RoleInfo (RoleInfo.java:updateAndGet(148)) - s4: start s4@group-F860CA578C61-FollowerState
2024-10-11 15:02:59,128 [NettyRpcService-workerGroup--thread1] INFO  server.RaftServer$Division (RaftServerImpl.java:setFirstElection(560)) - s1@group-F860CA578C61: set firstElectionSinceStartup to false for candidate:s2
2024-10-11 15:02:59,128 [NettyRpcService-workerGroup--thread1] INFO  server.RaftServer$Division (RaftServerImpl.java:setFirstElection(560)) - s0@group-F860CA578C61: set firstElectionSinceStartup to false for candidate:s2
2024-10-11 15:02:59,129 [NettyRpcService-workerGroup--thread1] TRACE util.FileUtils (LogUtils.java:supplyAndLog(69)) - Successfully supplied FileChannel.open /home/runner/work/ratis/ratis/ratis-test/target/test/data/41eaf75c/MiniRaftClusterWithNettyb2b16173/s0/fc965035-3ee3-48ad-969a-f860ca578c61/current/raft-meta.tmp with options [CREATE, WRITE]: sun.nio.ch.FileChannelImpl@3a3603d3
2024-10-11 15:02:59,128 [NettyRpcService-workerGroup--thread1] TRACE util.FileUtils (LogUtils.java:supplyAndLog(69)) - Successfully supplied FileChannel.open /home/runner/work/ratis/ratis/ratis-test/target/test/data/41eaf75c/MiniRaftClusterWithNettyb2b16173/s3/fc965035-3ee3-48ad-969a-f860ca578c61/current/raft-meta.tmp with options [CREATE, WRITE]: sun.nio.ch.FileChannelImpl@62910da0
2024-10-11 15:02:59,129 [NettyRpcService-workerGroup--thread1] INFO  server.RaftServer$Division (RaftServerImpl.java:setFirstElection(560)) - s4@group-F860CA578C61: set firstElectionSinceStartup to false for candidate:s2
2024-10-11 15:02:59,129 [NettyRpcService-workerGroup--thread1] TRACE util.FileUtils (LogUtils.java:supplyAndLog(69)) - Successfully supplied FileChannel.open /home/runner/work/ratis/ratis/ratis-test/target/test/data/41eaf75c/MiniRaftClusterWithNettyb2b16173/s4/fc965035-3ee3-48ad-969a-f860ca578c61/current/raft-meta.tmp with options [CREATE, WRITE]: sun.nio.ch.FileChannelImpl@28758491
2024-10-11 15:02:59,130 [NettyRpcService-workerGroup--thread1] TRACE util.FileUtils (LogUtils.java:runAndLog(49)) - Successfully ran Atomic Files.move /home/runner/work/ratis/ratis/ratis-test/target/test/data/41eaf75c/MiniRaftClusterWithNettyb2b16173/s0/fc965035-3ee3-48ad-969a-f860ca578c61/current/raft-meta.tmp to /home/runner/work/ratis/ratis/ratis-test/target/test/data/41eaf75c/MiniRaftClusterWithNettyb2b16173/s0/fc965035-3ee3-48ad-969a-f860ca578c61/current/raft-meta with options [REPLACE_EXISTING]
2024-10-11 15:02:59,130 [NettyRpcService-workerGroup--thread1] INFO  server.RaftServer$Division (RaftServerImpl.java:requestVote(1476)) - s0@group-F860CA578C61 replies to ELECTION vote request: s2<-s0#0:OK-t1. Peer's state: s0@group-F860CA578C61:t1, leader=null, voted=s2, raftlog=Memoized:s0@group-F860CA578C61-SegmentedRaftLog:OPENED:c-1:lastnull, conf=conf: {index: -1, cur=peers:[s3|localhost:15152, s4|localhost:15156, s0|localhost:15140, s1|localhost:15144, s2|localhost:15148]|listeners:[], old=null}
2024-10-11 15:02:59,130 [NettyRpcService-workerGroup--thread1] TRACE util.FileUtils (LogUtils.java:runAndLog(49)) - Successfully ran Atomic Files.move /home/runner/work/ratis/ratis/ratis-test/target/test/data/41eaf75c/MiniRaftClusterWithNettyb2b16173/s3/fc965035-3ee3-48ad-969a-f860ca578c61/current/raft-meta.tmp to /home/runner/work/ratis/ratis/ratis-test/target/test/data/41eaf75c/MiniRaftClusterWithNettyb2b16173/s3/fc965035-3ee3-48ad-969a-f860ca578c61/current/raft-meta with options [REPLACE_EXISTING]
2024-10-11 15:02:59,131 [NettyRpcService-workerGroup--thread1] TRACE util.FileUtils (LogUtils.java:runAndLog(49)) - Successfully ran Atomic Files.move /home/runner/work/ratis/ratis/ratis-test/target/test/data/41eaf75c/MiniRaftClusterWithNettyb2b16173/s4/fc965035-3ee3-48ad-969a-f860ca578c61/current/raft-meta.tmp to /home/runner/work/ratis/ratis/ratis-test/target/test/data/41eaf75c/MiniRaftClusterWithNettyb2b16173/s4/fc965035-3ee3-48ad-969a-f860ca578c61/current/raft-meta with options [REPLACE_EXISTING]
2024-10-11 15:02:59,131 [NettyRpcService-workerGroup--thread1] INFO  server.RaftServer$Division (RaftServerImpl.java:requestVote(1476)) - s3@group-F860CA578C61 replies to ELECTION vote request: s2<-s3#0:OK-t1. Peer's state: s3@group-F860CA578C61:t1, leader=null, voted=s2, raftlog=Memoized:s3@group-F860CA578C61-SegmentedRaftLog:OPENED:c-1:lastnull, conf=conf: {index: -1, cur=peers:[s3|localhost:15152, s4|localhost:15156, s0|localhost:15140, s1|localhost:15144, s2|localhost:15148]|listeners:[], old=null}
2024-10-11 15:02:59,131 [NettyRpcService-workerGroup--thread1] INFO  server.RaftServer$Division (RaftServerImpl.java:requestVote(1476)) - s4@group-F860CA578C61 replies to ELECTION vote request: s2<-s4#0:OK-t1. Peer's state: s4@group-F860CA578C61:t1, leader=null, voted=s2, raftlog=Memoized:s4@group-F860CA578C61-SegmentedRaftLog:OPENED:c-1:lastnull, conf=conf: {index: -1, cur=peers:[s3|localhost:15152, s4|localhost:15156, s0|localhost:15140, s1|localhost:15144, s2|localhost:15148]|listeners:[], old=null}
2024-10-11 15:02:59,131 [s2@group-F860CA578C61-LeaderElection17] INFO  impl.LeaderElection (LeaderElection.java:logAndReturn(90)) - s2@group-F860CA578C61-LeaderElection17: ELECTION PASSED received 2 response(s) and 0 exception(s):
2024-10-11 15:02:59,131 [s2@group-F860CA578C61-LeaderElection17] INFO  impl.LeaderElection (LeaderElection.java:logAndReturn(94)) -   Response 0: s2<-s3#0:OK-t1
2024-10-11 15:02:59,131 [s2@group-F860CA578C61-LeaderElection17] INFO  impl.LeaderElection (LeaderElection.java:logAndReturn(94)) -   Response 1: s2<-s0#0:OK-t1
2024-10-11 15:02:59,131 [s2@group-F860CA578C61-LeaderElection17] INFO  impl.LeaderElection (LeaderElection.java:askForVotes(339)) - s2@group-F860CA578C61-LeaderElection17 ELECTION round 0: result PASSED
2024-10-11 15:02:59,131 [s2@group-F860CA578C61-LeaderElection17] INFO  impl.RoleInfo (RoleInfo.java:shutdownLeaderElection(141)) - s2: shutdown s2@group-F860CA578C61-LeaderElection17
2024-10-11 15:02:59,131 [s2@group-F860CA578C61-LeaderElection17] INFO  server.RaftServer$Division (RaftServerImpl.java:setRole(379)) - s2@group-F860CA578C61: changes role from CANDIDATE to LEADER at term 1 for changeToLeader
2024-10-11 15:02:59,131 [s2@group-F860CA578C61-LeaderElection17] INFO  server.RaftServerConfigKeys (ConfUtils.java:logGet(46)) - raft.server.staging.catchup.gap = 1000 (default)
2024-10-11 15:02:59,132 [s2@group-F860CA578C61-LeaderElection17] INFO  server.RaftServerConfigKeys (ConfUtils.java:logGet(46)) - raft.server.write.element-limit = 4096 (default)
2024-10-11 15:02:59,132 [s2@group-F860CA578C61-LeaderElection17] INFO  server.RaftServerConfigKeys (ConfUtils.java:logGet(46)) - raft.server.write.byte-limit = 64MB (=67108864) (default)
2024-10-11 15:02:59,132 [s2@group-F860CA578C61-LeaderElection17] INFO  server.RaftServerConfigKeys (ConfUtils.java:logGet(46)) - raft.server.watch.timeout = 10s (default)
2024-10-11 15:02:59,132 [s2@group-F860CA578C61-LeaderElection17] INFO  server.RaftServerConfigKeys (ConfUtils.java:logGet(46)) - raft.server.watch.timeout.denomination = 1s (default)
2024-10-11 15:02:59,132 [s2@group-F860CA578C61-LeaderElection17] INFO  server.RaftServerConfigKeys (ConfUtils.java:logGet(46)) - raft.server.watch.element-limit = 65536 (default)
2024-10-11 15:02:59,132 [s2@group-F860CA578C61-LeaderElection17] INFO  server.RaftServerConfigKeys (ConfUtils.java:logGet(46)) - raft.server.read.leader.lease.enabled = false (default)
2024-10-11 15:02:59,132 [s2@group-F860CA578C61-LeaderElection17] INFO  server.RaftServerConfigKeys (ConfUtils.java:logGet(46)) - raft.server.read.leader.lease.timeout.ratio = 0.9 (default)
2024-10-11 15:02:59,132 [s2@group-F860CA578C61-LeaderElection17] INFO  server.RaftServerConfigKeys (ConfUtils.java:logGet(46)) - raft.server.rpc.timeout.min = 150ms (default)
2024-10-11 15:02:59,132 [s2@group-F860CA578C61-LeaderElection17] INFO  server.RaftServerConfigKeys (ConfUtils.java:logGet(46)) - raft.server.log.log-metadata.enabled = true (default)
2024-10-11 15:02:59,132 [s2@group-F860CA578C61-LeaderElection17] INFO  server.RaftServerConfigKeys (ConfUtils.java:logGet(46)) - raft.server.write.element-limit = 4096 (default)
2024-10-11 15:02:59,132 [s2@group-F860CA578C61-LeaderElection17] INFO  server.RaftServerConfigKeys (ConfUtils.java:logGet(46)) - raft.server.write.follower.gap.ratio.max = -1.0 (default)
2024-10-11 15:02:59,133 [s2@group-F860CA578C61-LeaderElection17] INFO  server.RaftServerConfigKeys (ConfUtils.java:logGet(46)) - raft.server.log.appender.snapshot.chunk.size.max = 16MB (=16777216) (default)
2024-10-11 15:02:59,133 [s2@group-F860CA578C61-LeaderElection17] INFO  server.RaftServerConfigKeys (ConfUtils.java:logGet(46)) - raft.server.log.appender.buffer.byte-limit = 4MB (=4194304) (default)
2024-10-11 15:02:59,133 [s2@group-F860CA578C61-LeaderElection17] INFO  server.RaftServerConfigKeys (ConfUtils.java:logGet(46)) - raft.server.log.appender.buffer.element-limit = 0 (default)
2024-10-11 15:02:59,133 [s2@group-F860CA578C61-LeaderElection17] INFO  server.RaftServerConfigKeys (ConfUtils.java:logGet(46)) - raft.server.log.appender.wait-time.min = 1ms (default)
2024-10-11 15:02:59,133 [s2@group-F860CA578C61-LeaderElection17] INFO  server.RaftServerConfigKeys (ConfUtils.java:logGet(46)) - raft.server.log.appender.snapshot.chunk.size.max = 16MB (=16777216) (default)
2024-10-11 15:02:59,133 [s2@group-F860CA578C61-LeaderElection17] INFO  server.RaftServerConfigKeys (ConfUtils.java:logGet(46)) - raft.server.log.appender.buffer.byte-limit = 4MB (=4194304) (default)
2024-10-11 15:02:59,133 [s2@group-F860CA578C61-LeaderElection17] INFO  server.RaftServerConfigKeys (ConfUtils.java:logGet(46)) - raft.server.log.appender.buffer.element-limit = 0 (default)
2024-10-11 15:02:59,133 [s2@group-F860CA578C61-LeaderElection17] INFO  server.RaftServerConfigKeys (ConfUtils.java:logGet(46)) - raft.server.log.appender.wait-time.min = 1ms (default)
2024-10-11 15:02:59,133 [s2@group-F860CA578C61-LeaderElection17] INFO  server.RaftServerConfigKeys (ConfUtils.java:logGet(46)) - raft.server.log.appender.snapshot.chunk.size.max = 16MB (=16777216) (default)
2024-10-11 15:02:59,134 [s2@group-F860CA578C61-LeaderElection17] INFO  server.RaftServerConfigKeys (ConfUtils.java:logGet(46)) - raft.server.log.appender.buffer.byte-limit = 4MB (=4194304) (default)
2024-10-11 15:02:59,134 [s2@group-F860CA578C61-LeaderElection17] INFO  server.RaftServerConfigKeys (ConfUtils.java:logGet(46)) - raft.server.log.appender.buffer.element-limit = 0 (default)
2024-10-11 15:02:59,134 [s2@group-F860CA578C61-LeaderElection17] INFO  server.RaftServerConfigKeys (ConfUtils.java:logGet(46)) - raft.server.log.appender.wait-time.min = 1ms (default)
2024-10-11 15:02:59,134 [s2@group-F860CA578C61-LeaderElection17] INFO  server.RaftServerConfigKeys (ConfUtils.java:logGet(46)) - raft.server.log.appender.snapshot.chunk.size.max = 16MB (=16777216) (default)
2024-10-11 15:02:59,134 [s2@group-F860CA578C61-LeaderElection17] INFO  server.RaftServerConfigKeys (ConfUtils.java:logGet(46)) - raft.server.log.appender.buffer.byte-limit = 4MB (=4194304) (default)
2024-10-11 15:02:59,134 [s2@group-F860CA578C61-LeaderElection17] INFO  server.RaftServerConfigKeys (ConfUtils.java:logGet(46)) - raft.server.log.appender.buffer.element-limit = 0 (default)
2024-10-11 15:02:59,134 [s2@group-F860CA578C61-LeaderElection17] INFO  server.RaftServerConfigKeys (ConfUtils.java:logGet(46)) - raft.server.log.appender.wait-time.min = 1ms (default)
2024-10-11 15:02:59,134 [s2@group-F860CA578C61-LeaderElection17] INFO  impl.RoleInfo (RoleInfo.java:updateAndGet(148)) - s2: start s2@group-F860CA578C61-LeaderStateImpl
2024-10-11 15:02:59,134 [s2@group-F860CA578C61-LeaderElection17] INFO  server.RaftServer$Division (RaftServerImpl.java:setFirstElection(560)) - s2@group-F860CA578C61: set firstElectionSinceStartup to false for becomeLeader
2024-10-11 15:02:59,134 [s2@group-F860CA578C61-LeaderElection17] INFO  server.RaftServer$Division (ServerState.java:setLeader(272)) - s2@group-F860CA578C61: change Leader from null to s2 at term 1 for becomeLeader, leader elected after 238ms
2024-10-11 15:02:59,134 [s2@group-F860CA578C61-LeaderElection17] INFO  segmented.SegmentedRaftLogWorker (SegmentedRaftLogWorker.java:startLogSegment(442)) - s2@group-F860CA578C61-SegmentedRaftLogWorker: Starting segment from index:0
2024-10-11 15:02:59,135 [s2@group-F860CA578C61-SegmentedRaftLogWorker] INFO  segmented.BufferedWriteChannel (BufferedWriteChannel.java:open(61)) - open log_inprogress_0 at position 0
2024-10-11 15:02:59,137 [s2@group-F860CA578C61-LeaderElection17] INFO  server.RaftServer$Division (ServerState.java:setRaftConf(386)) - s2@group-F860CA578C61: set configuration conf: {index: 0, cur=peers:[s3|localhost:15152, s4|localhost:15156, s0|localhost:15140, s1|localhost:15144, s2|localhost:15148]|listeners:[], old=null}
2024-10-11 15:02:59,139 [NettyRpcService-workerGroup--thread1] INFO  server.RaftServer$Division (ServerState.java:setLeader(272)) - s3@group-F860CA578C61: change Leader from null to s2 at term 1 for appendEntries, leader elected after 263ms
2024-10-11 15:02:59,139 [NettyRpcService-workerGroup--thread1] INFO  server.RaftServer$Division (ServerState.java:setLeader(272)) - s4@group-F860CA578C61: change Leader from null to s2 at term 1 for appendEntries, leader elected after 258ms
2024-10-11 15:02:59,140 [NettyRpcService-workerGroup--thread1] INFO  server.RaftServer$Division (ServerState.java:setLeader(272)) - s0@group-F860CA578C61: change Leader from null to s2 at term 1 for appendEntries, leader elected after 253ms
2024-10-11 15:02:59,144 [NettyRpcService-workerGroup--thread1] DEBUG server.RaftServer$Division (RaftServerImpl.java:logAppendEntries(1545)) - s3@group-F860CA578C61: appendEntries* s2->s3#767-t1,previous=(t:0, i:0),leaderCommit=-1,initializing? false,entries: size=1, first=(t:1, i:0), CONFIGURATIONENTRY(current:id:"s3"address:"localhost:15152"dataStreamAddress:"localhost:15155"clientAddress:"localhost:15154"adminAddress:"localhost:15153"startupRole:FOLLOWER, id:"s4"address:"localhost:15156"dataStreamAddress:"localhost:15159"clientAddress:"localhost:15158"adminAddress:"localhost:15157"startupRole:FOLLOWER, id:"s0"address:"localhost:15140"dataStreamAddress:"localhost:15143"clientAddress:"localhost:15142"adminAddress:"localhost:15141"startupRole:FOLLOWER, id:"s1"address:"localhost:15144"dataStreamAddress:"localhost:15147"clientAddress:"localhost:15146"adminAddress:"localhost:15145"startupRole:FOLLOWER, id:"s2"address:"localhost:15148"dataStreamAddress:"localhost:15151"clientAddress:"localhost:15150"adminAddress:"localhost:15149"startupRole:FOLLOWER, old:)
2024-10-11 15:02:59,144 [NettyRpcService-workerGroup--thread1] INFO  server.RaftServer$Division (ServerState.java:setRaftConf(386)) - s3@group-F860CA578C61: set configuration conf: {index: 0, cur=peers:[s3|localhost:15152, s4|localhost:15156, s0|localhost:15140, s1|localhost:15144, s2|localhost:15148]|listeners:[], old=null}
2024-10-11 15:02:59,144 [NettyRpcService-workerGroup--thread1] INFO  segmented.SegmentedRaftLogWorker (SegmentedRaftLogWorker.java:startLogSegment(442)) - s3@group-F860CA578C61-SegmentedRaftLogWorker: Starting segment from index:0
2024-10-11 15:02:59,145 [s3@group-F860CA578C61-SegmentedRaftLogWorker] INFO  segmented.BufferedWriteChannel (BufferedWriteChannel.java:open(61)) - open log_inprogress_0 at position 0
2024-10-11 15:02:59,146 [s2@group-F860CA578C61-SegmentedRaftLogWorker] INFO  segmented.SegmentedRaftLogWorker (SegmentedRaftLogWorker.java:execute(663)) - s2@group-F860CA578C61-SegmentedRaftLogWorker: created new log segment /home/runner/work/ratis/ratis/ratis-test/target/test/data/41eaf75c/MiniRaftClusterWithNettyb2b16173/s2/fc965035-3ee3-48ad-969a-f860ca578c61/current/log_inprogress_0
2024-10-11 15:02:59,144 [NettyRpcService-workerGroup--thread1] DEBUG server.RaftServer$Division (RaftServerImpl.java:logAppendEntries(1545)) - s4@group-F860CA578C61: appendEntries* s2->s4#766-t1,previous=(t:0, i:0),leaderCommit=-1,initializing? false,entries: size=1, first=(t:1, i:0), CONFIGURATIONENTRY(current:id:"s3"address:"localhost:15152"dataStreamAddress:"localhost:15155"clientAddress:"localhost:15154"adminAddress:"localhost:15153"startupRole:FOLLOWER, id:"s4"address:"localhost:15156"dataStreamAddress:"localhost:15159"clientAddress:"localhost:15158"adminAddress:"localhost:15157"startupRole:FOLLOWER, id:"s0"address:"localhost:15140"dataStreamAddress:"localhost:15143"clientAddress:"localhost:15142"adminAddress:"localhost:15141"startupRole:FOLLOWER, id:"s1"address:"localhost:15144"dataStreamAddress:"localhost:15147"clientAddress:"localhost:15146"adminAddress:"localhost:15145"startupRole:FOLLOWER, id:"s2"address:"localhost:15148"dataStreamAddress:"localhost:15151"clientAddress:"localhost:15150"adminAddress:"localhost:15149"startupRole:FOLLOWER, old:)
2024-10-11 15:02:59,150 [NettyRpcService-workerGroup--thread1] INFO  server.RaftServer$Division (ServerState.java:setRaftConf(386)) - s4@group-F860CA578C61: set configuration conf: {index: 0, cur=peers:[s3|localhost:15152, s4|localhost:15156, s0|localhost:15140, s1|localhost:15144, s2|localhost:15148]|listeners:[], old=null}
2024-10-11 15:02:59,150 [NettyRpcService-workerGroup--thread1] INFO  segmented.SegmentedRaftLogWorker (SegmentedRaftLogWorker.java:startLogSegment(442)) - s4@group-F860CA578C61-SegmentedRaftLogWorker: Starting segment from index:0
2024-10-11 15:02:59,150 [NettyRpcService-workerGroup--thread1] DEBUG server.RaftServer$Division (RaftServerImpl.java:logAppendEntries(1545)) - s0@group-F860CA578C61: appendEntries* s2->s0#768-t1,previous=(t:0, i:0),leaderCommit=-1,initializing? false,entries: size=1, first=(t:1, i:0), CONFIGURATIONENTRY(current:id:"s3"address:"localhost:15152"dataStreamAddress:"localhost:15155"clientAddress:"localhost:15154"adminAddress:"localhost:15153"startupRole:FOLLOWER, id:"s4"address:"localhost:15156"dataStreamAddress:"localhost:15159"clientAddress:"localhost:15158"adminAddress:"localhost:15157"startupRole:FOLLOWER, id:"s0"address:"localhost:15140"dataStreamAddress:"localhost:15143"clientAddress:"localhost:15142"adminAddress:"localhost:15141"startupRole:FOLLOWER, id:"s1"address:"localhost:15144"dataStreamAddress:"localhost:15147"clientAddress:"localhost:15146"adminAddress:"localhost:15145"startupRole:FOLLOWER, id:"s2"address:"localhost:15148"dataStreamAddress:"localhost:15151"clientAddress:"localhost:15150"adminAddress:"localhost:15149"startupRole:FOLLOWER, old:)
2024-10-11 15:02:59,151 [s4@group-F860CA578C61-SegmentedRaftLogWorker] INFO  segmented.BufferedWriteChannel (BufferedWriteChannel.java:open(61)) - open log_inprogress_0 at position 0
2024-10-11 15:02:59,151 [NettyRpcService-workerGroup--thread1] INFO  server.RaftServer$Division (ServerState.java:setRaftConf(386)) - s0@group-F860CA578C61: set configuration conf: {index: 0, cur=peers:[s3|localhost:15152, s4|localhost:15156, s0|localhost:15140, s1|localhost:15144, s2|localhost:15148]|listeners:[], old=null}
2024-10-11 15:02:59,151 [NettyRpcService-workerGroup--thread1] INFO  segmented.SegmentedRaftLogWorker (SegmentedRaftLogWorker.java:startLogSegment(442)) - s0@group-F860CA578C61-SegmentedRaftLogWorker: Starting segment from index:0
2024-10-11 15:02:59,151 [s0@group-F860CA578C61-SegmentedRaftLogWorker] INFO  segmented.BufferedWriteChannel (BufferedWriteChannel.java:open(61)) - open log_inprogress_0 at position 0
2024-10-11 15:02:59,160 [s3@group-F860CA578C61-SegmentedRaftLogWorker] INFO  segmented.SegmentedRaftLogWorker (SegmentedRaftLogWorker.java:execute(663)) - s3@group-F860CA578C61-SegmentedRaftLogWorker: created new log segment /home/runner/work/ratis/ratis/ratis-test/target/test/data/41eaf75c/MiniRaftClusterWithNettyb2b16173/s3/fc965035-3ee3-48ad-969a-f860ca578c61/current/log_inprogress_0
2024-10-11 15:02:59,163 [s3-server-thread1] DEBUG server.RaftServer$Division (RaftServerImpl.java:logAppendEntries(1545)) - s3@group-F860CA578C61: appendEntries* reply s2<-s3#767:OK-t1,SUCCESS,nextIndex=1,followerCommit=-1,matchIndex=0
2024-10-11 15:02:59,163 [s0@group-F860CA578C61-SegmentedRaftLogWorker] INFO  segmented.SegmentedRaftLogWorker (SegmentedRaftLogWorker.java:execute(663)) - s0@group-F860CA578C61-SegmentedRaftLogWorker: created new log segment /home/runner/work/ratis/ratis/ratis-test/target/test/data/41eaf75c/MiniRaftClusterWithNettyb2b16173/s0/fc965035-3ee3-48ad-969a-f860ca578c61/current/log_inprogress_0
2024-10-11 15:02:59,164 [s0-server-thread1] DEBUG server.RaftServer$Division (RaftServerImpl.java:logAppendEntries(1545)) - s0@group-F860CA578C61: appendEntries* reply s2<-s0#768:OK-t1,SUCCESS,nextIndex=1,followerCommit=-1,matchIndex=0
2024-10-11 15:02:59,164 [s4@group-F860CA578C61-SegmentedRaftLogWorker] INFO  segmented.SegmentedRaftLogWorker (SegmentedRaftLogWorker.java:execute(663)) - s4@group-F860CA578C61-SegmentedRaftLogWorker: created new log segment /home/runner/work/ratis/ratis/ratis-test/target/test/data/41eaf75c/MiniRaftClusterWithNettyb2b16173/s4/fc965035-3ee3-48ad-969a-f860ca578c61/current/log_inprogress_0
2024-10-11 15:02:59,164 [s4-server-thread1] DEBUG server.RaftServer$Division (RaftServerImpl.java:logAppendEntries(1545)) - s4@group-F860CA578C61: appendEntries* reply s2<-s4#766:OK-t1,SUCCESS,nextIndex=1,followerCommit=-1,matchIndex=0
2024-10-11 15:02:59,165 [s2@group-F860CA578C61-StateMachineUpdater] TRACE util.FileUtils (LogUtils.java:supplyAndLog(69)) - Successfully supplied FileChannel.open /home/runner/work/ratis/ratis/ratis-test/target/test/data/41eaf75c/MiniRaftClusterWithNettyb2b16173/s2/fc965035-3ee3-48ad-969a-f860ca578c61/current/raft-meta.conf.tmp with options [CREATE, WRITE]: sun.nio.ch.FileChannelImpl@5751ed23
2024-10-11 15:02:59,167 [s2@group-F860CA578C61-StateMachineUpdater] TRACE util.FileUtils (LogUtils.java:runAndLog(49)) - Successfully ran Atomic Files.move /home/runner/work/ratis/ratis/ratis-test/target/test/data/41eaf75c/MiniRaftClusterWithNettyb2b16173/s2/fc965035-3ee3-48ad-969a-f860ca578c61/current/raft-meta.conf.tmp to /home/runner/work/ratis/ratis/ratis-test/target/test/data/41eaf75c/MiniRaftClusterWithNettyb2b16173/s2/fc965035-3ee3-48ad-969a-f860ca578c61/current/raft-meta.conf with options [REPLACE_EXISTING]
2024-10-11 15:02:59,167 [s2@group-F860CA578C61-StateMachineUpdater] INFO  server.RaftServer$Division (LeaderStateImpl.java:checkStartIndex(314)) - Leader s2@group-F860CA578C61-LeaderStateImpl is ready since appliedIndex == startIndex == 0
2024-10-11 15:02:59,241 [s3@group-F860CA578C61-StateMachineUpdater] TRACE util.FileUtils (LogUtils.java:supplyAndLog(69)) - Successfully supplied FileChannel.open /home/runner/work/ratis/ratis/ratis-test/target/test/data/41eaf75c/MiniRaftClusterWithNettyb2b16173/s3/fc965035-3ee3-48ad-969a-f860ca578c61/current/raft-meta.conf.tmp with options [CREATE, WRITE]: sun.nio.ch.FileChannelImpl@4662cba9
2024-10-11 15:02:59,241 [s0@group-F860CA578C61-StateMachineUpdater] TRACE util.FileUtils (LogUtils.java:supplyAndLog(69)) - Successfully supplied FileChannel.open /home/runner/work/ratis/ratis/ratis-test/target/test/data/41eaf75c/MiniRaftClusterWithNettyb2b16173/s0/fc965035-3ee3-48ad-969a-f860ca578c61/current/raft-meta.conf.tmp with options [CREATE, WRITE]: sun.nio.ch.FileChannelImpl@51df0104
2024-10-11 15:02:59,241 [s4@group-F860CA578C61-StateMachineUpdater] TRACE util.FileUtils (LogUtils.java:supplyAndLog(69)) - Successfully supplied FileChannel.open /home/runner/work/ratis/ratis/ratis-test/target/test/data/41eaf75c/MiniRaftClusterWithNettyb2b16173/s4/fc965035-3ee3-48ad-969a-f860ca578c61/current/raft-meta.conf.tmp with options [CREATE, WRITE]: sun.nio.ch.FileChannelImpl@338662c1
2024-10-11 15:02:59,244 [s4@group-F860CA578C61-StateMachineUpdater] TRACE util.FileUtils (LogUtils.java:runAndLog(49)) - Successfully ran Atomic Files.move /home/runner/work/ratis/ratis/ratis-test/target/test/data/41eaf75c/MiniRaftClusterWithNettyb2b16173/s4/fc965035-3ee3-48ad-969a-f860ca578c61/current/raft-meta.conf.tmp to /home/runner/work/ratis/ratis/ratis-test/target/test/data/41eaf75c/MiniRaftClusterWithNettyb2b16173/s4/fc965035-3ee3-48ad-969a-f860ca578c61/current/raft-meta.conf with options [REPLACE_EXISTING]
2024-10-11 15:02:59,244 [s0@group-F860CA578C61-StateMachineUpdater] TRACE util.FileUtils (LogUtils.java:runAndLog(49)) - Successfully ran Atomic Files.move /home/runner/work/ratis/ratis/ratis-test/target/test/data/41eaf75c/MiniRaftClusterWithNettyb2b16173/s0/fc965035-3ee3-48ad-969a-f860ca578c61/current/raft-meta.conf.tmp to /home/runner/work/ratis/ratis/ratis-test/target/test/data/41eaf75c/MiniRaftClusterWithNettyb2b16173/s0/fc965035-3ee3-48ad-969a-f860ca578c61/current/raft-meta.conf with options [REPLACE_EXISTING]
2024-10-11 15:02:59,245 [s3@group-F860CA578C61-StateMachineUpdater] TRACE util.FileUtils (LogUtils.java:runAndLog(49)) - Successfully ran Atomic Files.move /home/runner/work/ratis/ratis/ratis-test/target/test/data/41eaf75c/MiniRaftClusterWithNettyb2b16173/s3/fc965035-3ee3-48ad-969a-f860ca578c61/current/raft-meta.conf.tmp to /home/runner/work/ratis/ratis/ratis-test/target/test/data/41eaf75c/MiniRaftClusterWithNettyb2b16173/s3/fc965035-3ee3-48ad-969a-f860ca578c61/current/raft-meta.conf with options [REPLACE_EXISTING]
2024-10-11 15:02:59,394 [main] INFO  ratis.RaftTestUtil (RaftTestUtil.java:waitForLeader(131)) - printing ALL groups
  s3:  RUNNING  FOLLOWER s3@group-F860CA578C61:t1, leader=s2, voted=s2, raftlog=Memoized:s3@group-F860CA578C61-SegmentedRaftLog:OPENED:c0:last(t:1, i:0), conf=conf: {index: 0, cur=peers:[s3|localhost:15152, s4|localhost:15156, s0|localhost:15140, s1|localhost:15144, s2|localhost:15148]|listeners:[], old=null} RUNNING
  s4:  RUNNING  FOLLOWER s4@group-F860CA578C61:t1, leader=s2, voted=s2, raftlog=Memoized:s4@group-F860CA578C61-SegmentedRaftLog:OPENED:c0:last(t:1, i:0), conf=conf: {index: 0, cur=peers:[s3|localhost:15152, s4|localhost:15156, s0|localhost:15140, s1|localhost:15144, s2|localhost:15148]|listeners:[], old=null} RUNNING
  s0:  RUNNING  FOLLOWER s0@group-F860CA578C61:t1, leader=s2, voted=s2, raftlog=Memoized:s0@group-F860CA578C61-SegmentedRaftLog:OPENED:c0:last(t:1, i:0), conf=conf: {index: 0, cur=peers:[s3|localhost:15152, s4|localhost:15156, s0|localhost:15140, s1|localhost:15144, s2|localhost:15148]|listeners:[], old=null} RUNNING
  s1:  RUNNING  FOLLOWER s1@group-F860CA578C61:t1, leader=null, voted=null, raftlog=Memoized:s1@group-F860CA578C61-SegmentedRaftLog:OPENED:c-1:lastnull, conf=conf: {index: -1, cur=peers:[s3|localhost:15152, s4|localhost:15156, s0|localhost:15140, s1|localhost:15144, s2|localhost:15148]|listeners:[], old=null} RUNNING
  s2:  RUNNING    LEADER s2@group-F860CA578C61:t1, leader=s2, voted=s2, raftlog=Memoized:s2@group-F860CA578C61-SegmentedRaftLog:OPENED:c0:last(t:1, i:0), conf=conf: {index: 0, cur=peers:[s3|localhost:15152, s4|localhost:15156, s0|localhost:15140, s1|localhost:15144, s2|localhost:15148]|listeners:[], old=null} RUNNING
2024-10-11 15:02:59,394 [main] INFO  ratis.RaftTestUtil (RaftTestUtil.java:waitAndKillLeader(147)) - killing leader =    LEADER s2@group-F860CA578C61:t1, leader=s2, voted=s2, raftlog=Memoized:s2@group-F860CA578C61-SegmentedRaftLog:OPENED:c0:last(t:1, i:0), conf=conf: {index: 0, cur=peers:[s3|localhost:15152, s4|localhost:15156, s0|localhost:15140, s1|localhost:15144, s2|localhost:15148]|listeners:[], old=null} RUNNING
2024-10-11 15:02:59,394 [main] INFO  impl.MiniRaftCluster (MiniRaftCluster.java:killServer(539)) - killServer s2
2024-10-11 15:02:59,395 [main] INFO  server.RaftServer (RaftServerProxy.java:lambda$close$9(418)) - s2: close
2024-10-11 15:02:59,395 [s2-impl-thread1] INFO  server.RaftServer$Division (RaftServerImpl.java:lambda$close$1(511)) - s2@group-F860CA578C61: shutdown
2024-10-11 15:02:59,395 [NettyRpcService-bossGroup--thread1] INFO  logging.LoggingHandler (AbstractInternalLogger.java:log(148)) - [id: 0xe2b3b427, L:/0.0.0.0:15148] CLOSE
2024-10-11 15:02:59,395 [s2-impl-thread1] INFO  util.JmxRegister (JmxRegister.java:unregister(74)) - Successfully un-registered JMX Bean with object name Ratis:service=RaftServer,group=group-F860CA578C61,id=s2
2024-10-11 15:02:59,395 [s2-impl-thread1] INFO  impl.RoleInfo (RoleInfo.java:shutdownLeaderState(103)) - s2: shutdown s2@group-F860CA578C61-LeaderStateImpl
2024-10-11 15:02:59,395 [NettyRpcService-bossGroup--thread1] INFO  logging.LoggingHandler (AbstractInternalLogger.java:log(148)) - [id: 0xe2b3b427, L:/0.0.0.0:15148] INACTIVE
2024-10-11 15:02:59,395 [s2@group-F860CA578C61->s0-LogAppenderDefault-LogAppenderDaemon] INFO  leader.LogAppenderDaemon (LogAppenderDaemon.java:run(85)) - s2@group-F860CA578C61->s0-LogAppenderDefault-LogAppenderDaemon was interrupted: java.lang.InterruptedException
2024-10-11 15:02:59,395 [s2-impl-thread1] INFO  impl.PendingRequests (PendingRequests.java:sendNotLeaderResponses(287)) - s2@group-F860CA578C61-PendingRequests: sendNotLeaderResponses
2024-10-11 15:02:59,395 [s2@group-F860CA578C61->s3-LogAppenderDefault-LogAppenderDaemon] INFO  leader.LogAppenderDaemon (LogAppenderDaemon.java:run(85)) - s2@group-F860CA578C61->s3-LogAppenderDefault-LogAppenderDaemon was interrupted: java.lang.InterruptedException
2024-10-11 15:02:59,395 [NettyRpcService-bossGroup--thread1] INFO  logging.LoggingHandler (AbstractInternalLogger.java:log(148)) - [id: 0xe2b3b427, L:/0.0.0.0:15148] UNREGISTERED
2024-10-11 15:02:59,395 [s2@group-F860CA578C61->s4-LogAppenderDefault-LogAppenderDaemon] INFO  leader.LogAppenderDaemon (LogAppenderDaemon.java:run(85)) - s2@group-F860CA578C61->s4-LogAppenderDefault-LogAppenderDaemon was interrupted: java.lang.InterruptedException
2024-10-11 15:02:59,395 [s2@group-F860CA578C61->s1-LogAppenderDefault-LogAppenderDaemon] INFO  leader.LogAppenderDaemon (LogAppenderDaemon.java:run(87)) - s2@group-F860CA578C61->s1-LogAppenderDefault-LogAppenderDaemon I/O was interrupted: java.io.InterruptedIOException: s2->s1#765 sending from s1|localhost:15144 is interrupted.
2024-10-11 15:02:59,396 [s2-impl-thread1] INFO  impl.StateMachineUpdater (StateMachineUpdater.java:stopAndJoin(164)) - s2@group-F860CA578C61-StateMachineUpdater: set stopIndex = 0
2024-10-11 15:02:59,396 [s2@group-F860CA578C61-StateMachineUpdater] INFO  impl.StateMachineUpdater (StateMachineUpdater.java:stop(141)) - s2@group-F860CA578C61-StateMachineUpdater: closing BaseStateMachine, lastApplied=(t:1, i:0)
2024-10-11 15:02:59,396 [s2-impl-thread1] INFO  raftlog.RaftLog (SegmentedRaftLog.java:close(567)) - Start closing s2@group-F860CA578C61-SegmentedRaftLog:OPENED:c0:last(t:1, i:0)
2024-10-11 15:02:59,396 [s2@group-F860CA578C61-cacheEviction-AwaitToRun] INFO  util.AwaitToRun (AwaitToRun.java:run(49)) - s2@group-F860CA578C61-cacheEviction-AwaitToRun-AwaitForSignal is interrupted
2024-10-11 15:02:59,397 [s2-impl-thread1] INFO  segmented.LogSegment (LogSegment.java:close(348)) - Successfully closed EntryCache-log_inprogress_0
2024-10-11 15:02:59,686 [s0@group-F860CA578C61-FollowerState] INFO  impl.FollowerState (FollowerState.java:runImpl(156)) - s0@group-F860CA578C61-FollowerState: change to CANDIDATE, lastRpcElapsedTime:292009867ns, electionTimeout:230ms
2024-10-11 15:02:59,686 [s0@group-F860CA578C61-FollowerState] INFO  impl.RoleInfo (RoleInfo.java:shutdownFollowerState(121)) - s0: shutdown s0@group-F860CA578C61-FollowerState
2024-10-11 15:02:59,686 [s0@group-F860CA578C61-FollowerState] INFO  server.RaftServer$Division (RaftServerImpl.java:setRole(379)) - s0@group-F860CA578C61: changes role from  FOLLOWER to CANDIDATE at term 1 for changeToCandidate
2024-10-11 15:02:59,686 [s0@group-F860CA578C61-FollowerState] INFO  server.RaftServerConfigKeys (ConfUtils.java:logGet(46)) - raft.server.leaderelection.pre-vote = true (default)
2024-10-11 15:02:59,686 [s0@group-F860CA578C61-FollowerState] INFO  impl.RoleInfo (RoleInfo.java:updateAndGet(148)) - s0: start s0@group-F860CA578C61-LeaderElection18
2024-10-11 15:02:59,686 [s0@group-F860CA578C61-LeaderElection18] INFO  server.RaftServer$Division (ServerState.java:setLeader(272)) - s0@group-F860CA578C61: change Leader from s2 to null at term 1 for PRE_VOTE
2024-10-11 15:02:59,687 [s0@group-F860CA578C61-LeaderElection18] INFO  impl.LeaderElection (LeaderElection.java:askForVotes(337)) - s0@group-F860CA578C61-LeaderElection18 PRE_VOTE round 0: submit vote requests at term 1 for conf: {index: 0, cur=peers:[s3|localhost:15152, s4|localhost:15156, s0|localhost:15140, s1|localhost:15144, s2|localhost:15148]|listeners:[], old=null}
2024-10-11 15:02:59,688 [NettyRpcService-bossGroup--thread1] INFO  logging.LoggingHandler (AbstractInternalLogger.java:log(148)) - [id: 0xa689d762, L:/0.0.0.0:15152] READ: [id: 0x9e5d1be5, L:/127.0.0.1:15152 - R:/127.0.0.1:46780]
2024-10-11 15:02:59,688 [NettyRpcService-bossGroup--thread1] INFO  logging.LoggingHandler (AbstractInternalLogger.java:log(148)) - [id: 0x51dc07eb, L:/0.0.0.0:15144] READ: [id: 0xf19767b9, L:/127.0.0.1:15144 - R:/127.0.0.1:43154]
2024-10-11 15:02:59,689 [NettyRpcService-bossGroup--thread1] INFO  logging.LoggingHandler (AbstractInternalLogger.java:log(148)) - [id: 0x51dc07eb, L:/0.0.0.0:15144] READ COMPLETE
2024-10-11 15:02:59,689 [NettyRpcService-bossGroup--thread1] INFO  logging.LoggingHandler (AbstractInternalLogger.java:log(148)) - [id: 0xa689d762, L:/0.0.0.0:15152] READ COMPLETE
2024-10-11 15:02:59,689 [NettyRpcService-workerGroup--thread2] INFO  server.RaftServer$Division (RaftServerImpl.java:requestVote(1443)) - s1@group-F860CA578C61: receive requestVote(PRE_VOTE, s0, group-F860CA578C61, 1, (t:1, i:0))
2024-10-11 15:02:59,689 [NettyRpcService-workerGroup--thread2] INFO  server.RaftServer$Division (RaftServerImpl.java:requestVote(1443)) - s3@group-F860CA578C61: receive requestVote(PRE_VOTE, s0, group-F860CA578C61, 1, (t:1, i:0))
2024-10-11 15:02:59,690 [NettyRpcService-workerGroup--thread2] INFO  impl.VoteContext (VoteContext.java:log(49)) - s3@group-F860CA578C61-FOLLOWER: accept PRE_VOTE from s0: our priority 0 <= candidate's priority 0
2024-10-11 15:02:59,690 [NettyRpcService-bossGroup--thread1] INFO  logging.LoggingHandler (AbstractInternalLogger.java:log(148)) - [id: 0xbe8da037, L:/0.0.0.0:15156] READ: [id: 0x2eb8ba14, L:/127.0.0.1:15156 - R:/127.0.0.1:56432]
2024-10-11 15:02:59,690 [NettyRpcService-bossGroup--thread1] INFO  logging.LoggingHandler (AbstractInternalLogger.java:log(148)) - [id: 0xbe8da037, L:/0.0.0.0:15156] READ COMPLETE
2024-10-11 15:02:59,690 [NettyRpcService-workerGroup--thread2] INFO  server.RaftServer$Division (RaftServerImpl.java:requestVote(1476)) - s3@group-F860CA578C61 replies to PRE_VOTE vote request: s0<-s3#0:OK-t1. Peer's state: s3@group-F860CA578C61:t1, leader=s2, voted=s2, raftlog=Memoized:s3@group-F860CA578C61-SegmentedRaftLog:OPENED:c0:last(t:1, i:0), conf=conf: {index: 0, cur=peers:[s3|localhost:15152, s4|localhost:15156, s0|localhost:15140, s1|localhost:15144, s2|localhost:15148]|listeners:[], old=null}
2024-10-11 15:02:59,690 [NettyRpcService-workerGroup--thread2] INFO  server.RaftServer$Division (RaftServerImpl.java:requestVote(1443)) - s4@group-F860CA578C61: receive requestVote(PRE_VOTE, s0, group-F860CA578C61, 1, (t:1, i:0))
2024-10-11 15:02:59,690 [NettyRpcService-workerGroup--thread2] INFO  impl.VoteContext (VoteContext.java:log(49)) - s4@group-F860CA578C61-FOLLOWER: accept PRE_VOTE from s0: our priority 0 <= candidate's priority 0
2024-10-11 15:02:59,690 [s0@group-F860CA578C61-LeaderElection18] INFO  impl.LeaderElection (LogUtils.java:infoOrTrace(136)) - s0@group-F860CA578C61-LeaderElection18 got exception when requesting votes: java.util.concurrent.ExecutionException: org.apache.ratis.thirdparty.io.netty.channel.AbstractChannel$AnnotatedConnectException: finishConnect(..) failed: Connection refused: localhost/127.0.0.1:15148
2024-10-11 15:02:59,691 [NettyRpcService-workerGroup--thread2] INFO  server.RaftServer$Division (RaftServerImpl.java:requestVote(1476)) - s4@group-F860CA578C61 replies to PRE_VOTE vote request: s0<-s4#0:OK-t1. Peer's state: s4@group-F860CA578C61:t1, leader=s2, voted=s2, raftlog=Memoized:s4@group-F860CA578C61-SegmentedRaftLog:OPENED:c0:last(t:1, i:0), conf=conf: {index: 0, cur=peers:[s3|localhost:15152, s4|localhost:15156, s0|localhost:15140, s1|localhost:15144, s2|localhost:15148]|listeners:[], old=null}
2024-10-11 15:02:59,691 [s0@group-F860CA578C61-LeaderElection18] INFO  impl.LeaderElection (LeaderElection.java:logAndReturn(90)) - s0@group-F860CA578C61-LeaderElection18: PRE_VOTE PASSED received 2 response(s) and 1 exception(s):
2024-10-11 15:02:59,691 [s0@group-F860CA578C61-LeaderElection18] INFO  impl.LeaderElection (LeaderElection.java:logAndReturn(94)) -   Response 0: s0<-s3#0:OK-t1
2024-10-11 15:02:59,691 [s0@group-F860CA578C61-LeaderElection18] INFO  impl.LeaderElection (LeaderElection.java:logAndReturn(94)) -   Response 1: s0<-s4#0:OK-t1
2024-10-11 15:02:59,691 [s0@group-F860CA578C61-LeaderElection18] INFO  impl.LeaderElection (LogUtils.java:infoOrTrace(136)) -   Exception 2: java.util.concurrent.ExecutionException: org.apache.ratis.thirdparty.io.netty.channel.AbstractChannel$AnnotatedConnectException: finishConnect(..) failed: Connection refused: localhost/127.0.0.1:15148
2024-10-11 15:02:59,692 [s0@group-F860CA578C61-LeaderElection18] INFO  impl.LeaderElection (LeaderElection.java:askForVotes(339)) - s0@group-F860CA578C61-LeaderElection18 PRE_VOTE round 0: result PASSED
2024-10-11 15:02:59,692 [s0@group-F860CA578C61-LeaderElection18] TRACE util.FileUtils (LogUtils.java:supplyAndLog(69)) - Successfully supplied FileChannel.open /home/runner/work/ratis/ratis/ratis-test/target/test/data/41eaf75c/MiniRaftClusterWithNettyb2b16173/s0/fc965035-3ee3-48ad-969a-f860ca578c61/current/raft-meta.tmp with options [CREATE, WRITE]: sun.nio.ch.FileChannelImpl@284815a9
2024-10-11 15:02:59,693 [s0@group-F860CA578C61-LeaderElection18] TRACE util.FileUtils (LogUtils.java:runAndLog(49)) - Successfully ran Atomic Files.move /home/runner/work/ratis/ratis/ratis-test/target/test/data/41eaf75c/MiniRaftClusterWithNettyb2b16173/s0/fc965035-3ee3-48ad-969a-f860ca578c61/current/raft-meta.tmp to /home/runner/work/ratis/ratis/ratis-test/target/test/data/41eaf75c/MiniRaftClusterWithNettyb2b16173/s0/fc965035-3ee3-48ad-969a-f860ca578c61/current/raft-meta with options [REPLACE_EXISTING]
2024-10-11 15:02:59,693 [s0@group-F860CA578C61-LeaderElection18] INFO  impl.LeaderElection (LeaderElection.java:askForVotes(337)) - s0@group-F860CA578C61-LeaderElection18 ELECTION round 0: submit vote requests at term 2 for conf: {index: 0, cur=peers:[s3|localhost:15152, s4|localhost:15156, s0|localhost:15140, s1|localhost:15144, s2|localhost:15148]|listeners:[], old=null}
2024-10-11 15:02:59,694 [NettyRpcService-workerGroup--thread2] INFO  server.RaftServer$Division (RaftServerImpl.java:requestVote(1443)) - s3@group-F860CA578C61: receive requestVote(ELECTION, s0, group-F860CA578C61, 2, (t:1, i:0))
2024-10-11 15:02:59,694 [NettyRpcService-workerGroup--thread2] INFO  impl.VoteContext (VoteContext.java:log(49)) - s3@group-F860CA578C61-FOLLOWER: accept ELECTION from s0: our priority 0 <= candidate's priority 0
2024-10-11 15:02:59,694 [NettyRpcService-workerGroup--thread2] INFO  server.RaftServer$Division (RaftServerImpl.java:setRole(379)) - s3@group-F860CA578C61: changes role from  FOLLOWER to FOLLOWER at term 1 for candidate:s0
2024-10-11 15:02:59,694 [NettyRpcService-workerGroup--thread2] INFO  impl.RoleInfo (RoleInfo.java:shutdownFollowerState(121)) - s3: shutdown s3@group-F860CA578C61-FollowerState
2024-10-11 15:02:59,694 [NettyRpcService-workerGroup--thread2] INFO  server.RaftServer$Division (ServerState.java:setLeader(272)) - s3@group-F860CA578C61: change Leader from s2 to null at term 2 for updateCurrentTerm
2024-10-11 15:02:59,694 [NettyRpcService-workerGroup--thread2] INFO  impl.RoleInfo (RoleInfo.java:updateAndGet(148)) - s3: start s3@group-F860CA578C61-FollowerState
2024-10-11 15:02:59,694 [NettyRpcService-workerGroup--thread2] INFO  server.RaftServer$Division (RaftServerImpl.java:requestVote(1443)) - s4@group-F860CA578C61: receive requestVote(ELECTION, s0, group-F860CA578C61, 2, (t:1, i:0))
2024-10-11 15:02:59,694 [NettyRpcService-workerGroup--thread2] INFO  impl.VoteContext (VoteContext.java:log(49)) - s4@group-F860CA578C61-FOLLOWER: accept ELECTION from s0: our priority 0 <= candidate's priority 0
2024-10-11 15:02:59,694 [NettyRpcService-workerGroup--thread2] INFO  server.RaftServer$Division (RaftServerImpl.java:setRole(379)) - s4@group-F860CA578C61: changes role from  FOLLOWER to FOLLOWER at term 1 for candidate:s0
2024-10-11 15:02:59,694 [NettyRpcService-workerGroup--thread2] INFO  impl.RoleInfo (RoleInfo.java:shutdownFollowerState(121)) - s4: shutdown s4@group-F860CA578C61-FollowerState
2024-10-11 15:02:59,695 [NettyRpcService-workerGroup--thread2] INFO  server.RaftServer$Division (ServerState.java:setLeader(272)) - s4@group-F860CA578C61: change Leader from s2 to null at term 2 for updateCurrentTerm
2024-10-11 15:02:59,695 [NettyRpcService-workerGroup--thread2] INFO  impl.RoleInfo (RoleInfo.java:updateAndGet(148)) - s4: start s4@group-F860CA578C61-FollowerState
2024-10-11 15:02:59,694 [s3@group-F860CA578C61-FollowerState] INFO  impl.FollowerState (FollowerState.java:runImpl(165)) - s3@group-F860CA578C61-FollowerState was interrupted
2024-10-11 15:02:59,695 [s0@group-F860CA578C61-LeaderElection18] INFO  impl.LeaderElection (LogUtils.java:infoOrTrace(136)) - s0@group-F860CA578C61-LeaderElection18 got exception when requesting votes: java.util.concurrent.ExecutionException: org.apache.ratis.thirdparty.io.netty.channel.AbstractChannel$AnnotatedConnectException: finishConnect(..) failed: Connection refused: localhost/127.0.0.1:15148
2024-10-11 15:02:59,695 [NettyRpcService-workerGroup--thread2] TRACE util.FileUtils (LogUtils.java:supplyAndLog(69)) - Successfully supplied FileChannel.open /home/runner/work/ratis/ratis/ratis-test/target/test/data/41eaf75c/MiniRaftClusterWithNettyb2b16173/s3/fc965035-3ee3-48ad-969a-f860ca578c61/current/raft-meta.tmp with options [CREATE, WRITE]: sun.nio.ch.FileChannelImpl@3ecd1c8a
2024-10-11 15:02:59,695 [s4@group-F860CA578C61-FollowerState] INFO  impl.FollowerState (FollowerState.java:runImpl(165)) - s4@group-F860CA578C61-FollowerState was interrupted
2024-10-11 15:02:59,696 [NettyRpcService-workerGroup--thread2] TRACE util.FileUtils (LogUtils.java:supplyAndLog(69)) - Successfully supplied FileChannel.open /home/runner/work/ratis/ratis/ratis-test/target/test/data/41eaf75c/MiniRaftClusterWithNettyb2b16173/s4/fc965035-3ee3-48ad-969a-f860ca578c61/current/raft-meta.tmp with options [CREATE, WRITE]: sun.nio.ch.FileChannelImpl@254eb0e7
2024-10-11 15:02:59,696 [NettyRpcService-workerGroup--thread2] TRACE util.FileUtils (LogUtils.java:runAndLog(49)) - Successfully ran Atomic Files.move /home/runner/work/ratis/ratis/ratis-test/target/test/data/41eaf75c/MiniRaftClusterWithNettyb2b16173/s3/fc965035-3ee3-48ad-969a-f860ca578c61/current/raft-meta.tmp to /home/runner/work/ratis/ratis/ratis-test/target/test/data/41eaf75c/MiniRaftClusterWithNettyb2b16173/s3/fc965035-3ee3-48ad-969a-f860ca578c61/current/raft-meta with options [REPLACE_EXISTING]
2024-10-11 15:02:59,696 [NettyRpcService-workerGroup--thread2] INFO  server.RaftServer$Division (RaftServerImpl.java:requestVote(1476)) - s3@group-F860CA578C61 replies to ELECTION vote request: s0<-s3#0:OK-t2. Peer's state: s3@group-F860CA578C61:t2, leader=null, voted=s0, raftlog=Memoized:s3@group-F860CA578C61-SegmentedRaftLog:OPENED:c0:last(t:1, i:0), conf=conf: {index: 0, cur=peers:[s3|localhost:15152, s4|localhost:15156, s0|localhost:15140, s1|localhost:15144, s2|localhost:15148]|listeners:[], old=null}
2024-10-11 15:02:59,697 [NettyRpcService-workerGroup--thread2] TRACE util.FileUtils (LogUtils.java:runAndLog(49)) - Successfully ran Atomic Files.move /home/runner/work/ratis/ratis/ratis-test/target/test/data/41eaf75c/MiniRaftClusterWithNettyb2b16173/s4/fc965035-3ee3-48ad-969a-f860ca578c61/current/raft-meta.tmp to /home/runner/work/ratis/ratis/ratis-test/target/test/data/41eaf75c/MiniRaftClusterWithNettyb2b16173/s4/fc965035-3ee3-48ad-969a-f860ca578c61/current/raft-meta with options [REPLACE_EXISTING]
2024-10-11 15:02:59,697 [NettyRpcService-workerGroup--thread2] INFO  server.RaftServer$Division (RaftServerImpl.java:requestVote(1476)) - s4@group-F860CA578C61 replies to ELECTION vote request: s0<-s4#0:OK-t2. Peer's state: s4@group-F860CA578C61:t2, leader=null, voted=s0, raftlog=Memoized:s4@group-F860CA578C61-SegmentedRaftLog:OPENED:c0:last(t:1, i:0), conf=conf: {index: 0, cur=peers:[s3|localhost:15152, s4|localhost:15156, s0|localhost:15140, s1|localhost:15144, s2|localhost:15148]|listeners:[], old=null}
2024-10-11 15:02:59,697 [s0@group-F860CA578C61-LeaderElection18] INFO  impl.LeaderElection (LeaderElection.java:logAndReturn(90)) - s0@group-F860CA578C61-LeaderElection18: ELECTION PASSED received 2 response(s) and 1 exception(s):
2024-10-11 15:02:59,697 [s0@group-F860CA578C61-LeaderElection18] INFO  impl.LeaderElection (LeaderElection.java:logAndReturn(94)) -   Response 0: s0<-s3#0:OK-t2
2024-10-11 15:02:59,697 [s0@group-F860CA578C61-LeaderElection18] INFO  impl.LeaderElection (LeaderElection.java:logAndReturn(94)) -   Response 1: s0<-s4#0:OK-t2
2024-10-11 15:02:59,697 [s0@group-F860CA578C61-LeaderElection18] INFO  impl.LeaderElection (LogUtils.java:infoOrTrace(136)) -   Exception 2: java.util.concurrent.ExecutionException: org.apache.ratis.thirdparty.io.netty.channel.AbstractChannel$AnnotatedConnectException: finishConnect(..) failed: Connection refused: localhost/127.0.0.1:15148
2024-10-11 15:02:59,697 [s0@group-F860CA578C61-LeaderElection18] INFO  impl.LeaderElection (LeaderElection.java:askForVotes(339)) - s0@group-F860CA578C61-LeaderElection18 ELECTION round 0: result PASSED
2024-10-11 15:02:59,697 [s0@group-F860CA578C61-LeaderElection18] INFO  impl.RoleInfo (RoleInfo.java:shutdownLeaderElection(141)) - s0: shutdown s0@group-F860CA578C61-LeaderElection18
2024-10-11 15:02:59,698 [s0@group-F860CA578C61-LeaderElection18] INFO  server.RaftServer$Division (RaftServerImpl.java:setRole(379)) - s0@group-F860CA578C61: changes role from CANDIDATE to LEADER at term 2 for changeToLeader
2024-10-11 15:02:59,698 [s0@group-F860CA578C61-LeaderElection18] INFO  server.RaftServerConfigKeys (ConfUtils.java:logGet(46)) - raft.server.staging.catchup.gap = 1000 (default)
2024-10-11 15:02:59,698 [s0@group-F860CA578C61-LeaderElection18] INFO  server.RaftServerConfigKeys (ConfUtils.java:logGet(46)) - raft.server.write.element-limit = 4096 (default)
2024-10-11 15:02:59,698 [s0@group-F860CA578C61-LeaderElection18] INFO  server.RaftServerConfigKeys (ConfUtils.java:logGet(46)) - raft.server.write.byte-limit = 64MB (=67108864) (default)
2024-10-11 15:02:59,698 [s0@group-F860CA578C61-LeaderElection18] INFO  server.RaftServerConfigKeys (ConfUtils.java:logGet(46)) - raft.server.watch.timeout = 10s (default)
2024-10-11 15:02:59,698 [s0@group-F860CA578C61-LeaderElection18] INFO  server.RaftServerConfigKeys (ConfUtils.java:logGet(46)) - raft.server.watch.timeout.denomination = 1s (default)
2024-10-11 15:02:59,698 [s0@group-F860CA578C61-LeaderElection18] INFO  server.RaftServerConfigKeys (ConfUtils.java:logGet(46)) - raft.server.watch.element-limit = 65536 (default)
2024-10-11 15:02:59,698 [s0@group-F860CA578C61-LeaderElection18] INFO  server.RaftServerConfigKeys (ConfUtils.java:logGet(46)) - raft.server.read.leader.lease.enabled = false (default)
2024-10-11 15:02:59,698 [s0@group-F860CA578C61-LeaderElection18] INFO  server.RaftServerConfigKeys (ConfUtils.java:logGet(46)) - raft.server.read.leader.lease.timeout.ratio = 0.9 (default)
2024-10-11 15:02:59,698 [s0@group-F860CA578C61-LeaderElection18] INFO  server.RaftServerConfigKeys (ConfUtils.java:logGet(46)) - raft.server.rpc.timeout.min = 150ms (default)
2024-10-11 15:02:59,698 [s0@group-F860CA578C61-LeaderElection18] INFO  server.RaftServerConfigKeys (ConfUtils.java:logGet(46)) - raft.server.log.log-metadata.enabled = true (default)
2024-10-11 15:02:59,698 [s0@group-F860CA578C61-LeaderElection18] INFO  server.RaftServerConfigKeys (ConfUtils.java:logGet(46)) - raft.server.write.element-limit = 4096 (default)
2024-10-11 15:02:59,698 [s0@group-F860CA578C61-LeaderElection18] INFO  server.RaftServerConfigKeys (ConfUtils.java:logGet(46)) - raft.server.write.follower.gap.ratio.max = -1.0 (default)
2024-10-11 15:02:59,698 [s0@group-F860CA578C61-LeaderElection18] INFO  server.RaftServerConfigKeys (ConfUtils.java:logGet(46)) - raft.server.log.appender.snapshot.chunk.size.max = 16MB (=16777216) (default)
2024-10-11 15:02:59,698 [s0@group-F860CA578C61-LeaderElection18] INFO  server.RaftServerConfigKeys (ConfUtils.java:logGet(46)) - raft.server.log.appender.buffer.byte-limit = 4MB (=4194304) (default)
2024-10-11 15:02:59,698 [s0@group-F860CA578C61-LeaderElection18] INFO  server.RaftServerConfigKeys (ConfUtils.java:logGet(46)) - raft.server.log.appender.buffer.element-limit = 0 (default)
2024-10-11 15:02:59,699 [s0@group-F860CA578C61-LeaderElection18] INFO  server.RaftServerConfigKeys (ConfUtils.java:logGet(46)) - raft.server.log.appender.wait-time.min = 1ms (default)
2024-10-11 15:02:59,699 [s0@group-F860CA578C61-LeaderElection18] INFO  server.RaftServerConfigKeys (ConfUtils.java:logGet(46)) - raft.server.log.appender.snapshot.chunk.size.max = 16MB (=16777216) (default)
2024-10-11 15:02:59,699 [s0@group-F860CA578C61-LeaderElection18] INFO  server.RaftServerConfigKeys (ConfUtils.java:logGet(46)) - raft.server.log.appender.buffer.byte-limit = 4MB (=4194304) (default)
2024-10-11 15:02:59,699 [s0@group-F860CA578C61-LeaderElection18] INFO  server.RaftServerConfigKeys (ConfUtils.java:logGet(46)) - raft.server.log.appender.buffer.element-limit = 0 (default)
2024-10-11 15:02:59,699 [s0@group-F860CA578C61-LeaderElection18] INFO  server.RaftServerConfigKeys (ConfUtils.java:logGet(46)) - raft.server.log.appender.wait-time.min = 1ms (default)
2024-10-11 15:02:59,699 [s0@group-F860CA578C61-LeaderElection18] INFO  server.RaftServerConfigKeys (ConfUtils.java:logGet(46)) - raft.server.log.appender.snapshot.chunk.size.max = 16MB (=16777216) (default)
2024-10-11 15:02:59,699 [s0@group-F860CA578C61-LeaderElection18] INFO  server.RaftServerConfigKeys (ConfUtils.java:logGet(46)) - raft.server.log.appender.buffer.byte-limit = 4MB (=4194304) (default)
2024-10-11 15:02:59,699 [s0@group-F860CA578C61-LeaderElection18] INFO  server.RaftServerConfigKeys (ConfUtils.java:logGet(46)) - raft.server.log.appender.buffer.element-limit = 0 (default)
2024-10-11 15:02:59,699 [s0@group-F860CA578C61-LeaderElection18] INFO  server.RaftServerConfigKeys (ConfUtils.java:logGet(46)) - raft.server.log.appender.wait-time.min = 1ms (default)
2024-10-11 15:02:59,699 [s0@group-F860CA578C61-LeaderElection18] INFO  server.RaftServerConfigKeys (ConfUtils.java:logGet(46)) - raft.server.log.appender.snapshot.chunk.size.max = 16MB (=16777216) (default)
2024-10-11 15:02:59,699 [s0@group-F860CA578C61-LeaderElection18] INFO  server.RaftServerConfigKeys (ConfUtils.java:logGet(46)) - raft.server.log.appender.buffer.byte-limit = 4MB (=4194304) (default)
2024-10-11 15:02:59,699 [s0@group-F860CA578C61-LeaderElection18] INFO  server.RaftServerConfigKeys (ConfUtils.java:logGet(46)) - raft.server.log.appender.buffer.element-limit = 0 (default)
2024-10-11 15:02:59,699 [s0@group-F860CA578C61-LeaderElection18] INFO  server.RaftServerConfigKeys (ConfUtils.java:logGet(46)) - raft.server.log.appender.wait-time.min = 1ms (default)
2024-10-11 15:02:59,699 [s0@group-F860CA578C61-LeaderElection18] INFO  impl.RoleInfo (RoleInfo.java:updateAndGet(148)) - s0: start s0@group-F860CA578C61-LeaderStateImpl
2024-10-11 15:02:59,699 [s0@group-F860CA578C61-LeaderElection18] INFO  server.RaftServer$Division (ServerState.java:setLeader(272)) - s0@group-F860CA578C61: change Leader from null to s0 at term 2 for becomeLeader, leader elected after 12ms
2024-10-11 15:02:59,700 [s0@group-F860CA578C61-LeaderElection18] INFO  segmented.SegmentedRaftLogWorker (SegmentedRaftLogWorker.java:rollLogSegment(447)) - s0@group-F860CA578C61-SegmentedRaftLogWorker: Rolling segment log-0_0 to index:0
2024-10-11 15:02:59,700 [s0@group-F860CA578C61-LeaderElection18] INFO  server.RaftServer$Division (ServerState.java:setRaftConf(386)) - s0@group-F860CA578C61: set configuration conf: {index: 1, cur=peers:[s3|localhost:15152, s4|localhost:15156, s0|localhost:15140, s1|localhost:15144, s2|localhost:15148]|listeners:[], old=null}
2024-10-11 15:02:59,701 [s0@group-F860CA578C61-SegmentedRaftLogWorker] TRACE util.FileUtils (LogUtils.java:runAndLog(49)) - Successfully ran Atomic Files.move /home/runner/work/ratis/ratis/ratis-test/target/test/data/41eaf75c/MiniRaftClusterWithNettyb2b16173/s0/fc965035-3ee3-48ad-969a-f860ca578c61/current/log_inprogress_0 to /home/runner/work/ratis/ratis/ratis-test/target/test/data/41eaf75c/MiniRaftClusterWithNettyb2b16173/s0/fc965035-3ee3-48ad-969a-f860ca578c61/current/log_0-0
2024-10-11 15:02:59,701 [s0@group-F860CA578C61-SegmentedRaftLogWorker] INFO  segmented.SegmentedRaftLogWorker (SegmentedRaftLogWorker.java:execute(620)) - s0@group-F860CA578C61-SegmentedRaftLogWorker: Rolled log segment from /home/runner/work/ratis/ratis/ratis-test/target/test/data/41eaf75c/MiniRaftClusterWithNettyb2b16173/s0/fc965035-3ee3-48ad-969a-f860ca578c61/current/log_inprogress_0 to /home/runner/work/ratis/ratis/ratis-test/target/test/data/41eaf75c/MiniRaftClusterWithNettyb2b16173/s0/fc965035-3ee3-48ad-969a-f860ca578c61/current/log_0-0
2024-10-11 15:02:59,701 [s0@group-F860CA578C61-SegmentedRaftLogWorker] INFO  segmented.BufferedWriteChannel (BufferedWriteChannel.java:open(61)) - open log_inprogress_1 at position 0
2024-10-11 15:02:59,701 [NettyRpcService-workerGroup--thread2] INFO  server.RaftServer$Division (ServerState.java:setLeader(272)) - s3@group-F860CA578C61: change Leader from null to s0 at term 2 for appendEntries, leader elected after 7ms
2024-10-11 15:02:59,701 [NettyRpcService-workerGroup--thread2] INFO  server.RaftServer$Division (ServerState.java:setLeader(272)) - s4@group-F860CA578C61: change Leader from null to s0 at term 2 for appendEntries, leader elected after 6ms
2024-10-11 15:02:59,706 [NettyRpcService-workerGroup--thread2] DEBUG server.RaftServer$Division (RaftServerImpl.java:logAppendEntries(1545)) - s3@group-F860CA578C61: appendEntries* s0->s3#795-t2,previous=(t:1, i:0),leaderCommit=0,initializing? false,entries: size=1, first=(t:2, i:1), CONFIGURATIONENTRY(current:id:"s3"address:"localhost:15152"dataStreamAddress:"localhost:15155"clientAddress:"localhost:15154"adminAddress:"localhost:15153"startupRole:FOLLOWER, id:"s4"address:"localhost:15156"dataStreamAddress:"localhost:15159"clientAddress:"localhost:15158"adminAddress:"localhost:15157"startupRole:FOLLOWER, id:"s0"address:"localhost:15140"dataStreamAddress:"localhost:15143"clientAddress:"localhost:15142"adminAddress:"localhost:15141"startupRole:FOLLOWER, id:"s1"address:"localhost:15144"dataStreamAddress:"localhost:15147"clientAddress:"localhost:15146"adminAddress:"localhost:15145"startupRole:FOLLOWER, id:"s2"address:"localhost:15148"dataStreamAddress:"localhost:15151"clientAddress:"localhost:15150"adminAddress:"localhost:15149"startupRole:FOLLOWER, old:)
2024-10-11 15:02:59,706 [NettyRpcService-workerGroup--thread2] DEBUG server.RaftServer$Division (RaftServerImpl.java:logAppendEntries(1545)) - s4@group-F860CA578C61: appendEntries* s0->s4#796-t2,previous=(t:1, i:0),leaderCommit=0,initializing? false,entries: size=1, first=(t:2, i:1), CONFIGURATIONENTRY(current:id:"s3"address:"localhost:15152"dataStreamAddress:"localhost:15155"clientAddress:"localhost:15154"adminAddress:"localhost:15153"startupRole:FOLLOWER, id:"s4"address:"localhost:15156"dataStreamAddress:"localhost:15159"clientAddress:"localhost:15158"adminAddress:"localhost:15157"startupRole:FOLLOWER, id:"s0"address:"localhost:15140"dataStreamAddress:"localhost:15143"clientAddress:"localhost:15142"adminAddress:"localhost:15141"startupRole:FOLLOWER, id:"s1"address:"localhost:15144"dataStreamAddress:"localhost:15147"clientAddress:"localhost:15146"adminAddress:"localhost:15145"startupRole:FOLLOWER, id:"s2"address:"localhost:15148"dataStreamAddress:"localhost:15151"clientAddress:"localhost:15150"adminAddress:"localhost:15149"startupRole:FOLLOWER, old:)
2024-10-11 15:02:59,706 [NettyRpcService-workerGroup--thread2] INFO  server.RaftServer$Division (ServerState.java:setRaftConf(386)) - s3@group-F860CA578C61: set configuration conf: {index: 1, cur=peers:[s3|localhost:15152, s4|localhost:15156, s0|localhost:15140, s1|localhost:15144, s2|localhost:15148]|listeners:[], old=null}
2024-10-11 15:02:59,706 [NettyRpcService-workerGroup--thread2] INFO  server.RaftServer$Division (ServerState.java:setRaftConf(386)) - s4@group-F860CA578C61: set configuration conf: {index: 1, cur=peers:[s3|localhost:15152, s4|localhost:15156, s0|localhost:15140, s1|localhost:15144, s2|localhost:15148]|listeners:[], old=null}
2024-10-11 15:02:59,707 [NettyRpcService-workerGroup--thread2] INFO  segmented.SegmentedRaftLogWorker (SegmentedRaftLogWorker.java:rollLogSegment(447)) - s3@group-F860CA578C61-SegmentedRaftLogWorker: Rolling segment log-0_0 to index:0
2024-10-11 15:02:59,707 [NettyRpcService-workerGroup--thread2] INFO  segmented.SegmentedRaftLogWorker (SegmentedRaftLogWorker.java:rollLogSegment(447)) - s4@group-F860CA578C61-SegmentedRaftLogWorker: Rolling segment log-0_0 to index:0
2024-10-11 15:02:59,708 [s3@group-F860CA578C61-SegmentedRaftLogWorker] TRACE util.FileUtils (LogUtils.java:runAndLog(49)) - Successfully ran Atomic Files.move /home/runner/work/ratis/ratis/ratis-test/target/test/data/41eaf75c/MiniRaftClusterWithNettyb2b16173/s3/fc965035-3ee3-48ad-969a-f860ca578c61/current/log_inprogress_0 to /home/runner/work/ratis/ratis/ratis-test/target/test/data/41eaf75c/MiniRaftClusterWithNettyb2b16173/s3/fc965035-3ee3-48ad-969a-f860ca578c61/current/log_0-0
2024-10-11 15:02:59,708 [s3@group-F860CA578C61-SegmentedRaftLogWorker] INFO  segmented.SegmentedRaftLogWorker (SegmentedRaftLogWorker.java:execute(620)) - s3@group-F860CA578C61-SegmentedRaftLogWorker: Rolled log segment from /home/runner/work/ratis/ratis/ratis-test/target/test/data/41eaf75c/MiniRaftClusterWithNettyb2b16173/s3/fc965035-3ee3-48ad-969a-f860ca578c61/current/log_inprogress_0 to /home/runner/work/ratis/ratis/ratis-test/target/test/data/41eaf75c/MiniRaftClusterWithNettyb2b16173/s3/fc965035-3ee3-48ad-969a-f860ca578c61/current/log_0-0
2024-10-11 15:02:59,708 [s4@group-F860CA578C61-SegmentedRaftLogWorker] TRACE util.FileUtils (LogUtils.java:runAndLog(49)) - Successfully ran Atomic Files.move /home/runner/work/ratis/ratis/ratis-test/target/test/data/41eaf75c/MiniRaftClusterWithNettyb2b16173/s4/fc965035-3ee3-48ad-969a-f860ca578c61/current/log_inprogress_0 to /home/runner/work/ratis/ratis/ratis-test/target/test/data/41eaf75c/MiniRaftClusterWithNettyb2b16173/s4/fc965035-3ee3-48ad-969a-f860ca578c61/current/log_0-0
2024-10-11 15:02:59,708 [s4@group-F860CA578C61-SegmentedRaftLogWorker] INFO  segmented.SegmentedRaftLogWorker (SegmentedRaftLogWorker.java:execute(620)) - s4@group-F860CA578C61-SegmentedRaftLogWorker: Rolled log segment from /home/runner/work/ratis/ratis/ratis-test/target/test/data/41eaf75c/MiniRaftClusterWithNettyb2b16173/s4/fc965035-3ee3-48ad-969a-f860ca578c61/current/log_inprogress_0 to /home/runner/work/ratis/ratis/ratis-test/target/test/data/41eaf75c/MiniRaftClusterWithNettyb2b16173/s4/fc965035-3ee3-48ad-969a-f860ca578c61/current/log_0-0
2024-10-11 15:02:59,708 [s3@group-F860CA578C61-SegmentedRaftLogWorker] INFO  segmented.BufferedWriteChannel (BufferedWriteChannel.java:open(61)) - open log_inprogress_1 at position 0
2024-10-11 15:02:59,708 [s4@group-F860CA578C61-SegmentedRaftLogWorker] INFO  segmented.BufferedWriteChannel (BufferedWriteChannel.java:open(61)) - open log_inprogress_1 at position 0
2024-10-11 15:02:59,709 [s0@group-F860CA578C61->s2-LogAppenderDefault-LogAppenderDaemon] WARN  leader.LogAppender (LogAppenderDefault.java:sendAppendEntriesWithRetries(94)) - s0@group-F860CA578C61->s2-LogAppenderDefault: Failed to appendEntries (retry=1)
org.apache.ratis.thirdparty.io.netty.channel.AbstractChannel$AnnotatedConnectException: finishConnect(..) failed: Connection refused: localhost/127.0.0.1:15148
Caused by: java.net.ConnectException: finishConnect(..) failed: Connection refused
	at org.apache.ratis.thirdparty.io.netty.channel.unix.Errors.newConnectException0(Errors.java:166)
	at org.apache.ratis.thirdparty.io.netty.channel.unix.Errors.handleConnectErrno(Errors.java:131)
	at org.apache.ratis.thirdparty.io.netty.channel.unix.Socket.finishConnect(Socket.java:359)
	at org.apache.ratis.thirdparty.io.netty.channel.epoll.AbstractEpollChannel$AbstractEpollUnsafe.doFinishConnect(AbstractEpollChannel.java:715)
	at org.apache.ratis.thirdparty.io.netty.channel.epoll.AbstractEpollChannel$AbstractEpollUnsafe.finishConnect(AbstractEpollChannel.java:692)
	at org.apache.ratis.thirdparty.io.netty.channel.epoll.AbstractEpollChannel$AbstractEpollUnsafe.epollOutReady(AbstractEpollChannel.java:567)
	at org.apache.ratis.thirdparty.io.netty.channel.epoll.EpollEventLoop.processReady(EpollEventLoop.java:491)
	at org.apache.ratis.thirdparty.io.netty.channel.epoll.EpollEventLoop.run(EpollEventLoop.java:399)
	at org.apache.ratis.thirdparty.io.netty.util.concurrent.SingleThreadEventExecutor$4.run(SingleThreadEventExecutor.java:997)
	at org.apache.ratis.thirdparty.io.netty.util.internal.ThreadExecutorMap$2.run(ThreadExecutorMap.java:74)
	at java.lang.Thread.run(Thread.java:750)
2024-10-11 15:02:59,716 [s0@group-F860CA578C61-SegmentedRaftLogWorker] INFO  segmented.SegmentedRaftLogWorker (SegmentedRaftLogWorker.java:execute(663)) - s0@group-F860CA578C61-SegmentedRaftLogWorker: created new log segment /home/runner/work/ratis/ratis/ratis-test/target/test/data/41eaf75c/MiniRaftClusterWithNettyb2b16173/s0/fc965035-3ee3-48ad-969a-f860ca578c61/current/log_inprogress_1
2024-10-11 15:02:59,720 [s3@group-F860CA578C61-SegmentedRaftLogWorker] INFO  segmented.SegmentedRaftLogWorker (SegmentedRaftLogWorker.java:execute(663)) - s3@group-F860CA578C61-SegmentedRaftLogWorker: created new log segment /home/runner/work/ratis/ratis/ratis-test/target/test/data/41eaf75c/MiniRaftClusterWithNettyb2b16173/s3/fc965035-3ee3-48ad-969a-f860ca578c61/current/log_inprogress_1
2024-10-11 15:02:59,721 [s3-server-thread1] DEBUG server.RaftServer$Division (RaftServerImpl.java:logAppendEntries(1545)) - s3@group-F860CA578C61: appendEntries* reply s0<-s3#795:OK-t2,SUCCESS,nextIndex=2,followerCommit=0,matchIndex=1
2024-10-11 15:02:59,721 [s4@group-F860CA578C61-SegmentedRaftLogWorker] INFO  segmented.SegmentedRaftLogWorker (SegmentedRaftLogWorker.java:execute(663)) - s4@group-F860CA578C61-SegmentedRaftLogWorker: created new log segment /home/runner/work/ratis/ratis/ratis-test/target/test/data/41eaf75c/MiniRaftClusterWithNettyb2b16173/s4/fc965035-3ee3-48ad-969a-f860ca578c61/current/log_inprogress_1
2024-10-11 15:02:59,721 [s4-server-thread1] DEBUG server.RaftServer$Division (RaftServerImpl.java:logAppendEntries(1545)) - s4@group-F860CA578C61: appendEntries* reply s0<-s4#796:OK-t2,SUCCESS,nextIndex=2,followerCommit=0,matchIndex=1
2024-10-11 15:02:59,722 [s0@group-F860CA578C61-StateMachineUpdater] TRACE util.FileUtils (LogUtils.java:supplyAndLog(69)) - Successfully supplied FileChannel.open /home/runner/work/ratis/ratis/ratis-test/target/test/data/41eaf75c/MiniRaftClusterWithNettyb2b16173/s0/fc965035-3ee3-48ad-969a-f860ca578c61/current/raft-meta.conf.tmp with options [CREATE, WRITE]: sun.nio.ch.FileChannelImpl@5f18f54f
2024-10-11 15:02:59,722 [NettyRpcService-workerGroup--thread2] DEBUG server.RaftServer$Division (RaftServerImpl.java:logAppendEntries(1545)) - s4@group-F860CA578C61: appendEntries* s0->s4#797-t2,previous=(t:2, i:1),leaderCommit=1,initializing? false,entries: size=1, first=(t:2, i:2), METADATAENTRY(c:1)
2024-10-11 15:02:59,722 [NettyRpcService-workerGroup--thread2] DEBUG server.RaftServer$Division (RaftServerImpl.java:logAppendEntries(1545)) - s3@group-F860CA578C61: appendEntries* s0->s3#798-t2,previous=(t:2, i:1),leaderCommit=1,initializing? false,entries: size=1, first=(t:2, i:2), METADATAENTRY(c:1)
2024-10-11 15:02:59,723 [s4-server-thread1] DEBUG server.RaftServer$Division (RaftServerImpl.java:logAppendEntries(1545)) - s4@group-F860CA578C61: appendEntries* reply s0<-s4#797:OK-t2,SUCCESS,nextIndex=3,followerCommit=1,matchIndex=2
2024-10-11 15:02:59,723 [s3-server-thread1] DEBUG server.RaftServer$Division (RaftServerImpl.java:logAppendEntries(1545)) - s3@group-F860CA578C61: appendEntries* reply s0<-s3#798:OK-t2,SUCCESS,nextIndex=3,followerCommit=1,matchIndex=2
2024-10-11 15:02:59,723 [s3@group-F860CA578C61-StateMachineUpdater] TRACE util.FileUtils (LogUtils.java:supplyAndLog(69)) - Successfully supplied FileChannel.open /home/runner/work/ratis/ratis/ratis-test/target/test/data/41eaf75c/MiniRaftClusterWithNettyb2b16173/s3/fc965035-3ee3-48ad-969a-f860ca578c61/current/raft-meta.conf.tmp with options [CREATE, WRITE]: sun.nio.ch.FileChannelImpl@48a53d15
2024-10-11 15:02:59,725 [s3@group-F860CA578C61-StateMachineUpdater] TRACE util.FileUtils (LogUtils.java:runAndLog(49)) - Successfully ran Atomic Files.move /home/runner/work/ratis/ratis/ratis-test/target/test/data/41eaf75c/MiniRaftClusterWithNettyb2b16173/s3/fc965035-3ee3-48ad-969a-f860ca578c61/current/raft-meta.conf.tmp to /home/runner/work/ratis/ratis/ratis-test/target/test/data/41eaf75c/MiniRaftClusterWithNettyb2b16173/s3/fc965035-3ee3-48ad-969a-f860ca578c61/current/raft-meta.conf with options [REPLACE_EXISTING]
2024-10-11 15:02:59,725 [s4@group-F860CA578C61-StateMachineUpdater] TRACE util.FileUtils (LogUtils.java:supplyAndLog(69)) - Successfully supplied FileChannel.open /home/runner/work/ratis/ratis/ratis-test/target/test/data/41eaf75c/MiniRaftClusterWithNettyb2b16173/s4/fc965035-3ee3-48ad-969a-f860ca578c61/current/raft-meta.conf.tmp with options [CREATE, WRITE]: sun.nio.ch.FileChannelImpl@3d418ac1
2024-10-11 15:02:59,726 [s0@group-F860CA578C61-StateMachineUpdater] TRACE util.FileUtils (LogUtils.java:runAndLog(49)) - Successfully ran Atomic Files.move /home/runner/work/ratis/ratis/ratis-test/target/test/data/41eaf75c/MiniRaftClusterWithNettyb2b16173/s0/fc965035-3ee3-48ad-969a-f860ca578c61/current/raft-meta.conf.tmp to /home/runner/work/ratis/ratis/ratis-test/target/test/data/41eaf75c/MiniRaftClusterWithNettyb2b16173/s0/fc965035-3ee3-48ad-969a-f860ca578c61/current/raft-meta.conf with options [REPLACE_EXISTING]
2024-10-11 15:02:59,726 [s0@group-F860CA578C61-StateMachineUpdater] INFO  server.RaftServer$Division (LeaderStateImpl.java:checkStartIndex(314)) - Leader s0@group-F860CA578C61-LeaderStateImpl is ready since appliedIndex == startIndex == 1
2024-10-11 15:02:59,728 [s4@group-F860CA578C61-StateMachineUpdater] TRACE util.FileUtils (LogUtils.java:runAndLog(49)) - Successfully ran Atomic Files.move /home/runner/work/ratis/ratis/ratis-test/target/test/data/41eaf75c/MiniRaftClusterWithNettyb2b16173/s4/fc965035-3ee3-48ad-969a-f860ca578c61/current/raft-meta.conf.tmp to /home/runner/work/ratis/ratis/ratis-test/target/test/data/41eaf75c/MiniRaftClusterWithNettyb2b16173/s4/fc965035-3ee3-48ad-969a-f860ca578c61/current/raft-meta.conf with options [REPLACE_EXISTING]
2024-10-11 15:02:59,965 [s0@group-F860CA578C61->s2-LogAppenderDefault-LogAppenderDaemon] WARN  leader.LogAppender (LogAppenderDefault.java:sendAppendEntriesWithRetries(94)) - s0@group-F860CA578C61->s2-LogAppenderDefault: Failed to appendEntries (retry=11)
org.apache.ratis.thirdparty.io.netty.channel.AbstractChannel$AnnotatedConnectException: finishConnect(..) failed: Connection refused: localhost/127.0.0.1:15148
Caused by: java.net.ConnectException: finishConnect(..) failed: Connection refused
	at org.apache.ratis.thirdparty.io.netty.channel.unix.Errors.newConnectException0(Errors.java:166)
	at org.apache.ratis.thirdparty.io.netty.channel.unix.Errors.handleConnectErrno(Errors.java:131)
	at org.apache.ratis.thirdparty.io.netty.channel.unix.Socket.finishConnect(Socket.java:359)
	at org.apache.ratis.thirdparty.io.netty.channel.epoll.AbstractEpollChannel$AbstractEpollUnsafe.doFinishConnect(AbstractEpollChannel.java:715)
	at org.apache.ratis.thirdparty.io.netty.channel.epoll.AbstractEpollChannel$AbstractEpollUnsafe.finishConnect(AbstractEpollChannel.java:692)
	at org.apache.ratis.thirdparty.io.netty.channel.epoll.AbstractEpollChannel$AbstractEpollUnsafe.epollOutReady(AbstractEpollChannel.java:567)
	at org.apache.ratis.thirdparty.io.netty.channel.epoll.EpollEventLoop.processReady(EpollEventLoop.java:491)
	at org.apache.ratis.thirdparty.io.netty.channel.epoll.EpollEventLoop.run(EpollEventLoop.java:399)
	at org.apache.ratis.thirdparty.io.netty.util.concurrent.SingleThreadEventExecutor$4.run(SingleThreadEventExecutor.java:997)
	at org.apache.ratis.thirdparty.io.netty.util.internal.ThreadExecutorMap$2.run(ThreadExecutorMap.java:74)
	at java.lang.Thread.run(Thread.java:750)
2024-10-11 15:03:00,148 [s2-impl-thread1] INFO  segmented.SegmentedRaftLogWorker (SegmentedRaftLogWorker.java:close(253)) - s2@group-F860CA578C61-SegmentedRaftLogWorker close()
2024-10-11 15:03:00,148 [s2-impl-thread1] INFO  raftlog.RaftLog (SegmentedRaftLog.java:close(575)) - Successfully closed s2@group-F860CA578C61-SegmentedRaftLog:CLOSED:c0
2024-10-11 15:03:00,149 [JvmPauseMonitor39] INFO  util.JvmPauseMonitor (JvmPauseMonitor.java:run(152)) - JvmPauseMonitor-s2: Stopped
2024-10-11 15:03:00,149 [main] INFO  server.RaftServerConfigKeys (ConfUtils.java:logGet(46)) - raft.server.rpc.timeout.max = 300ms (default)
2024-10-11 15:03:00,149 [main] INFO  ratis.RaftTestUtil (RaftTestUtil.java:waitForLeader(107)) - printing ALL groups
  s3:  RUNNING  FOLLOWER s3@group-F860CA578C61:t2, leader=s0, voted=s0, raftlog=Memoized:s3@group-F860CA578C61-SegmentedRaftLog:OPENED:c2:last(t:2, i:2), conf=conf: {index: 1, cur=peers:[s3|localhost:15152, s4|localhost:15156, s0|localhost:15140, s1|localhost:15144, s2|localhost:15148]|listeners:[], old=null} RUNNING
  s4:  RUNNING  FOLLOWER s4@group-F860CA578C61:t2, leader=s0, voted=s0, raftlog=Memoized:s4@group-F860CA578C61-SegmentedRaftLog:OPENED:c2:last(t:2, i:2), conf=conf: {index: 1, cur=peers:[s3|localhost:15152, s4|localhost:15156, s0|localhost:15140, s1|localhost:15144, s2|localhost:15148]|listeners:[], old=null} RUNNING
  s0:  RUNNING    LEADER s0@group-F860CA578C61:t2, leader=s0, voted=s0, raftlog=Memoized:s0@group-F860CA578C61-SegmentedRaftLog:OPENED:c2:last(t:2, i:2), conf=conf: {index: 1, cur=peers:[s3|localhost:15152, s4|localhost:15156, s0|localhost:15140, s1|localhost:15144, s2|localhost:15148]|listeners:[], old=null} RUNNING
  s1:  RUNNING  FOLLOWER s1@group-F860CA578C61:t1, leader=null, voted=null, raftlog=Memoized:s1@group-F860CA578C61-SegmentedRaftLog:OPENED:c-1:lastnull, conf=conf: {index: -1, cur=peers:[s3|localhost:15152, s4|localhost:15156, s0|localhost:15140, s1|localhost:15144, s2|localhost:15148]|listeners:[], old=null} RUNNING
  s2:   CLOSED    LEADER s2@group-F860CA578C61:t1, leader=s2, voted=s2, raftlog=Memoized:s2@group-F860CA578C61-SegmentedRaftLog:CLOSED:c0, conf=conf: {index: 0, cur=peers:[s3|localhost:15152, s4|localhost:15156, s0|localhost:15140, s1|localhost:15144, s2|localhost:15148]|listeners:[], old=null} CLOSED
2024-10-11 15:03:00,149 [main] INFO  ratis.RaftTestUtil (RaftTestUtil.java:waitForLeader(131)) - printing ALL groups
  s3:  RUNNING  FOLLOWER s3@group-F860CA578C61:t2, leader=s0, voted=s0, raftlog=Memoized:s3@group-F860CA578C61-SegmentedRaftLog:OPENED:c2:last(t:2, i:2), conf=conf: {index: 1, cur=peers:[s3|localhost:15152, s4|localhost:15156, s0|localhost:15140, s1|localhost:15144, s2|localhost:15148]|listeners:[], old=null} RUNNING
  s4:  RUNNING  FOLLOWER s4@group-F860CA578C61:t2, leader=s0, voted=s0, raftlog=Memoized:s4@group-F860CA578C61-SegmentedRaftLog:OPENED:c2:last(t:2, i:2), conf=conf: {index: 1, cur=peers:[s3|localhost:15152, s4|localhost:15156, s0|localhost:15140, s1|localhost:15144, s2|localhost:15148]|listeners:[], old=null} RUNNING
  s0:  RUNNING    LEADER s0@group-F860CA578C61:t2, leader=s0, voted=s0, raftlog=Memoized:s0@group-F860CA578C61-SegmentedRaftLog:OPENED:c2:last(t:2, i:2), conf=conf: {index: 1, cur=peers:[s3|localhost:15152, s4|localhost:15156, s0|localhost:15140, s1|localhost:15144, s2|localhost:15148]|listeners:[], old=null} RUNNING
  s1:  RUNNING  FOLLOWER s1@group-F860CA578C61:t1, leader=null, voted=null, raftlog=Memoized:s1@group-F860CA578C61-SegmentedRaftLog:OPENED:c-1:lastnull, conf=conf: {index: -1, cur=peers:[s3|localhost:15152, s4|localhost:15156, s0|localhost:15140, s1|localhost:15144, s2|localhost:15148]|listeners:[], old=null} RUNNING
  s2:   CLOSED    LEADER s2@group-F860CA578C61:t1, leader=s2, voted=s2, raftlog=Memoized:s2@group-F860CA578C61-SegmentedRaftLog:CLOSED:c0, conf=conf: {index: 0, cur=peers:[s3|localhost:15152, s4|localhost:15156, s0|localhost:15140, s1|localhost:15144, s2|localhost:15148]|listeners:[], old=null} CLOSED
2024-10-11 15:03:00,149 [main] INFO  ratis.RaftTestUtil (RaftTestUtil.java:waitAndKillLeader(147)) - killing leader =    LEADER s0@group-F860CA578C61:t2, leader=s0, voted=s0, raftlog=Memoized:s0@group-F860CA578C61-SegmentedRaftLog:OPENED:c2:last(t:2, i:2), conf=conf: {index: 1, cur=peers:[s3|localhost:15152, s4|localhost:15156, s0|localhost:15140, s1|localhost:15144, s2|localhost:15148]|listeners:[], old=null} RUNNING
2024-10-11 15:03:00,149 [main] INFO  impl.MiniRaftCluster (MiniRaftCluster.java:killServer(539)) - killServer s0
2024-10-11 15:03:00,150 [main] INFO  server.RaftServer (RaftServerProxy.java:lambda$close$9(418)) - s0: close
2024-10-11 15:03:00,150 [s0-impl-thread1] INFO  server.RaftServer$Division (RaftServerImpl.java:lambda$close$1(511)) - s0@group-F860CA578C61: shutdown
2024-10-11 15:03:00,150 [NettyRpcService-bossGroup--thread1] INFO  logging.LoggingHandler (AbstractInternalLogger.java:log(148)) - [id: 0xc6ecafd2, L:/0.0.0.0:15140] CLOSE
2024-10-11 15:03:00,150 [s0-impl-thread1] INFO  util.JmxRegister (JmxRegister.java:unregister(74)) - Successfully un-registered JMX Bean with object name Ratis:service=RaftServer,group=group-F860CA578C61,id=s0
2024-10-11 15:03:00,150 [s0-impl-thread1] INFO  impl.RoleInfo (RoleInfo.java:shutdownLeaderState(103)) - s0: shutdown s0@group-F860CA578C61-LeaderStateImpl
2024-10-11 15:03:00,150 [NettyRpcService-bossGroup--thread1] INFO  logging.LoggingHandler (AbstractInternalLogger.java:log(148)) - [id: 0xc6ecafd2, L:/0.0.0.0:15140] INACTIVE
2024-10-11 15:03:00,150 [NettyRpcService-bossGroup--thread1] INFO  logging.LoggingHandler (AbstractInternalLogger.java:log(148)) - [id: 0xc6ecafd2, L:/0.0.0.0:15140] UNREGISTERED
2024-10-11 15:03:00,150 [s0-impl-thread1] INFO  impl.PendingRequests (PendingRequests.java:sendNotLeaderResponses(287)) - s0@group-F860CA578C61-PendingRequests: sendNotLeaderResponses
2024-10-11 15:03:00,150 [s0@group-F860CA578C61->s1-LogAppenderDefault-LogAppenderDaemon] INFO  leader.LogAppenderDaemon (LogAppenderDaemon.java:run(87)) - s0@group-F860CA578C61->s1-LogAppenderDefault-LogAppenderDaemon I/O was interrupted: java.io.InterruptedIOException: s0->s1#792 sending from s1|localhost:15144 is interrupted.
2024-10-11 15:03:00,151 [s0@group-F860CA578C61->s3-LogAppenderDefault-LogAppenderDaemon] INFO  leader.LogAppenderDaemon (LogAppenderDaemon.java:run(85)) - s0@group-F860CA578C61->s3-LogAppenderDefault-LogAppenderDaemon was interrupted: java.lang.InterruptedException
2024-10-11 15:03:00,154 [s0@group-F860CA578C61->s2-LogAppenderDefault-LogAppenderDaemon] INFO  leader.LogAppenderDaemon (LogAppenderDaemon.java:run(85)) - s0@group-F860CA578C61->s2-LogAppenderDefault-LogAppenderDaemon was interrupted: java.lang.InterruptedException: sleep interrupted
2024-10-11 15:03:00,154 [s0@group-F860CA578C61->s4-LogAppenderDefault-LogAppenderDaemon] INFO  leader.LogAppenderDaemon (LogAppenderDaemon.java:run(85)) - s0@group-F860CA578C61->s4-LogAppenderDefault-LogAppenderDaemon was interrupted: java.lang.InterruptedException
2024-10-11 15:03:00,154 [s0-impl-thread1] INFO  impl.StateMachineUpdater (StateMachineUpdater.java:stopAndJoin(164)) - s0@group-F860CA578C61-StateMachineUpdater: set stopIndex = 2
2024-10-11 15:03:00,154 [s0@group-F860CA578C61-StateMachineUpdater] INFO  impl.StateMachineUpdater (StateMachineUpdater.java:stop(141)) - s0@group-F860CA578C61-StateMachineUpdater: closing BaseStateMachine, lastApplied=(t:2, i:2)
2024-10-11 15:03:00,154 [s0-impl-thread1] INFO  raftlog.RaftLog (SegmentedRaftLog.java:close(567)) - Start closing s0@group-F860CA578C61-SegmentedRaftLog:OPENED:c2:last(t:2, i:2)
2024-10-11 15:03:00,155 [s0@group-F860CA578C61-cacheEviction-AwaitToRun] INFO  util.AwaitToRun (AwaitToRun.java:run(49)) - s0@group-F860CA578C61-cacheEviction-AwaitToRun-AwaitForSignal is interrupted
2024-10-11 15:03:00,155 [s0-impl-thread1] INFO  segmented.LogSegment (LogSegment.java:close(348)) - Successfully closed EntryCache-log_inprogress_1
2024-10-11 15:03:00,155 [s0-impl-thread1] INFO  segmented.LogSegment (LogSegment.java:close(348)) - Successfully closed EntryCache-log-0_0
2024-10-11 15:03:00,385 [s4@group-F860CA578C61-FollowerState] INFO  impl.FollowerState (FollowerState.java:runImpl(156)) - s4@group-F860CA578C61-FollowerState: change to CANDIDATE, lastRpcElapsedTime:281920981ns, electionTimeout:178ms
2024-10-11 15:03:00,385 [s4@group-F860CA578C61-FollowerState] INFO  impl.RoleInfo (RoleInfo.java:shutdownFollowerState(121)) - s4: shutdown s4@group-F860CA578C61-FollowerState
2024-10-11 15:03:00,386 [s4@group-F860CA578C61-FollowerState] INFO  server.RaftServer$Division (RaftServerImpl.java:setRole(379)) - s4@group-F860CA578C61: changes role from  FOLLOWER to CANDIDATE at term 2 for changeToCandidate
2024-10-11 15:03:00,386 [s4@group-F860CA578C61-FollowerState] INFO  server.RaftServerConfigKeys (ConfUtils.java:logGet(46)) - raft.server.leaderelection.pre-vote = true (default)
2024-10-11 15:03:00,386 [s4@group-F860CA578C61-FollowerState] INFO  impl.RoleInfo (RoleInfo.java:updateAndGet(148)) - s4: start s4@group-F860CA578C61-LeaderElection19
2024-10-11 15:03:00,386 [s4@group-F860CA578C61-LeaderElection19] INFO  server.RaftServer$Division (ServerState.java:setLeader(272)) - s4@group-F860CA578C61: change Leader from s0 to null at term 2 for PRE_VOTE
2024-10-11 15:03:00,386 [s4@group-F860CA578C61-LeaderElection19] INFO  impl.LeaderElection (LeaderElection.java:askForVotes(337)) - s4@group-F860CA578C61-LeaderElection19 PRE_VOTE round 0: submit vote requests at term 2 for conf: {index: 1, cur=peers:[s3|localhost:15152, s4|localhost:15156, s0|localhost:15140, s1|localhost:15144, s2|localhost:15148]|listeners:[], old=null}
2024-10-11 15:03:00,387 [NettyRpcService-bossGroup--thread1] INFO  logging.LoggingHandler (AbstractInternalLogger.java:log(148)) - [id: 0xa689d762, L:/0.0.0.0:15152] READ: [id: 0x396644a2, L:/127.0.0.1:15152 - R:/127.0.0.1:46784]
2024-10-11 15:03:00,388 [NettyRpcService-bossGroup--thread1] INFO  logging.LoggingHandler (AbstractInternalLogger.java:log(148)) - [id: 0xa689d762, L:/0.0.0.0:15152] READ COMPLETE
2024-10-11 15:03:00,388 [s4@group-F860CA578C61-LeaderElection19] INFO  impl.LeaderElection (LogUtils.java:infoOrTrace(136)) - s4@group-F860CA578C61-LeaderElection19 got exception when requesting votes: java.util.concurrent.ExecutionException: org.apache.ratis.thirdparty.io.netty.channel.AbstractChannel$AnnotatedConnectException: finishConnect(..) failed: Connection refused: localhost/127.0.0.1:15140
2024-10-11 15:03:00,388 [NettyRpcService-bossGroup--thread1] INFO  logging.LoggingHandler (AbstractInternalLogger.java:log(148)) - [id: 0x51dc07eb, L:/0.0.0.0:15144] READ: [id: 0x6c2c7934, L:/127.0.0.1:15144 - R:/127.0.0.1:43160]
2024-10-11 15:03:00,388 [NettyRpcService-bossGroup--thread1] INFO  logging.LoggingHandler (AbstractInternalLogger.java:log(148)) - [id: 0x51dc07eb, L:/0.0.0.0:15144] READ COMPLETE
2024-10-11 15:03:00,389 [s4@group-F860CA578C61-LeaderElection19] INFO  impl.LeaderElection (LogUtils.java:infoOrTrace(136)) - s4@group-F860CA578C61-LeaderElection19 got exception when requesting votes: java.util.concurrent.ExecutionException: org.apache.ratis.thirdparty.io.netty.channel.AbstractChannel$AnnotatedConnectException: finishConnect(..) failed: Connection refused: localhost/127.0.0.1:15148
2024-10-11 15:03:00,389 [NettyRpcService-workerGroup--thread3] INFO  server.RaftServer$Division (RaftServerImpl.java:requestVote(1443)) - s3@group-F860CA578C61: receive requestVote(PRE_VOTE, s4, group-F860CA578C61, 2, (t:2, i:2))
2024-10-11 15:03:00,389 [NettyRpcService-workerGroup--thread3] INFO  server.RaftServer$Division (RaftServerImpl.java:requestVote(1443)) - s1@group-F860CA578C61: receive requestVote(PRE_VOTE, s4, group-F860CA578C61, 2, (t:2, i:2))
2024-10-11 15:03:00,389 [NettyRpcService-workerGroup--thread3] INFO  impl.VoteContext (VoteContext.java:log(49)) - s3@group-F860CA578C61-FOLLOWER: accept PRE_VOTE from s4: our priority 0 <= candidate's priority 0
2024-10-11 15:03:00,389 [NettyRpcService-workerGroup--thread3] INFO  server.RaftServer$Division (RaftServerImpl.java:requestVote(1476)) - s3@group-F860CA578C61 replies to PRE_VOTE vote request: s4<-s3#0:OK-t2. Peer's state: s3@group-F860CA578C61:t2, leader=s0, voted=s0, raftlog=Memoized:s3@group-F860CA578C61-SegmentedRaftLog:OPENED:c2:last(t:2, i:2), conf=conf: {index: 1, cur=peers:[s3|localhost:15152, s4|localhost:15156, s0|localhost:15140, s1|localhost:15144, s2|localhost:15148]|listeners:[], old=null}
2024-10-11 15:03:00,617 [s4@group-F860CA578C61-LeaderElection19] INFO  impl.LeaderElection (LeaderElection.java:logAndReturn(90)) - s4@group-F860CA578C61-LeaderElection19: PRE_VOTE TIMEOUT received 1 response(s) and 2 exception(s):
2024-10-11 15:03:00,617 [s4@group-F860CA578C61-LeaderElection19] INFO  impl.LeaderElection (LeaderElection.java:logAndReturn(94)) -   Response 0: s4<-s3#0:OK-t2
2024-10-11 15:03:00,617 [s4@group-F860CA578C61-LeaderElection19] INFO  impl.LeaderElection (LogUtils.java:infoOrTrace(136)) -   Exception 1: java.util.concurrent.ExecutionException: org.apache.ratis.thirdparty.io.netty.channel.AbstractChannel$AnnotatedConnectException: finishConnect(..) failed: Connection refused: localhost/127.0.0.1:15140
2024-10-11 15:03:00,617 [s4@group-F860CA578C61-LeaderElection19] INFO  impl.LeaderElection (LogUtils.java:infoOrTrace(136)) -   Exception 2: java.util.concurrent.ExecutionException: org.apache.ratis.thirdparty.io.netty.channel.AbstractChannel$AnnotatedConnectException: finishConnect(..) failed: Connection refused: localhost/127.0.0.1:15148
2024-10-11 15:03:00,617 [s4@group-F860CA578C61-LeaderElection19] INFO  impl.LeaderElection (LeaderElection.java:askForVotes(339)) - s4@group-F860CA578C61-LeaderElection19 PRE_VOTE round 0: result TIMEOUT
2024-10-11 15:03:00,617 [s4@group-F860CA578C61-LeaderElection19] INFO  impl.LeaderElection (LeaderElection.java:askForVotes(337)) - s4@group-F860CA578C61-LeaderElection19 PRE_VOTE round 1: submit vote requests at term 2 for conf: {index: 1, cur=peers:[s3|localhost:15152, s4|localhost:15156, s0|localhost:15140, s1|localhost:15144, s2|localhost:15148]|listeners:[], old=null}
2024-10-11 15:03:00,618 [NettyRpcService-workerGroup--thread3] INFO  server.RaftServer$Division (RaftServerImpl.java:requestVote(1443)) - s3@group-F860CA578C61: receive requestVote(PRE_VOTE, s4, group-F860CA578C61, 2, (t:2, i:2))
2024-10-11 15:03:00,618 [NettyRpcService-workerGroup--thread3] INFO  impl.VoteContext (VoteContext.java:log(49)) - s3@group-F860CA578C61-FOLLOWER: accept PRE_VOTE from s4: our priority 0 <= candidate's priority 0
2024-10-11 15:03:00,618 [NettyRpcService-workerGroup--thread3] INFO  server.RaftServer$Division (RaftServerImpl.java:requestVote(1476)) - s3@group-F860CA578C61 replies to PRE_VOTE vote request: s4<-s3#0:OK-t2. Peer's state: s3@group-F860CA578C61:t2, leader=s0, voted=s0, raftlog=Memoized:s3@group-F860CA578C61-SegmentedRaftLog:OPENED:c2:last(t:2, i:2), conf=conf: {index: 1, cur=peers:[s3|localhost:15152, s4|localhost:15156, s0|localhost:15140, s1|localhost:15144, s2|localhost:15148]|listeners:[], old=null}
2024-10-11 15:03:00,619 [s4@group-F860CA578C61-LeaderElection19] INFO  impl.LeaderElection (LogUtils.java:infoOrTrace(136)) - s4@group-F860CA578C61-LeaderElection19 got exception when requesting votes: java.util.concurrent.ExecutionException: org.apache.ratis.thirdparty.io.netty.channel.AbstractChannel$AnnotatedConnectException: finishConnect(..) failed: Connection refused: localhost/127.0.0.1:15140
2024-10-11 15:03:00,619 [s4@group-F860CA578C61-LeaderElection19] INFO  impl.LeaderElection (LogUtils.java:infoOrTrace(136)) - s4@group-F860CA578C61-LeaderElection19 got exception when requesting votes: java.util.concurrent.ExecutionException: org.apache.ratis.thirdparty.io.netty.channel.AbstractChannel$AnnotatedConnectException: finishConnect(..) failed: Connection refused: localhost/127.0.0.1:15148
2024-10-11 15:03:00,724 [s0-impl-thread1] INFO  segmented.SegmentedRaftLogWorker (SegmentedRaftLogWorker.java:close(253)) - s0@group-F860CA578C61-SegmentedRaftLogWorker close()
2024-10-11 15:03:00,724 [s0-impl-thread1] INFO  raftlog.RaftLog (SegmentedRaftLog.java:close(575)) - Successfully closed s0@group-F860CA578C61-SegmentedRaftLog:CLOSED:c2
2024-10-11 15:03:00,724 [JvmPauseMonitor37] INFO  util.JvmPauseMonitor (JvmPauseMonitor.java:run(152)) - JvmPauseMonitor-s0: Stopped
2024-10-11 15:03:00,724 [main] INFO  server.RaftServerConfigKeys (ConfUtils.java:logGet(46)) - raft.server.rpc.timeout.max = 300ms (default)
2024-10-11 15:03:00,725 [main] INFO  ratis.RaftTestUtil (RaftTestUtil.java:waitForLeader(107)) - printing ALL groups
  s3:  RUNNING  FOLLOWER s3@group-F860CA578C61:t2, leader=s0, voted=s0, raftlog=Memoized:s3@group-F860CA578C61-SegmentedRaftLog:OPENED:c2:last(t:2, i:2), conf=conf: {index: 1, cur=peers:[s3|localhost:15152, s4|localhost:15156, s0|localhost:15140, s1|localhost:15144, s2|localhost:15148]|listeners:[], old=null} RUNNING
  s4:  RUNNING CANDIDATE s4@group-F860CA578C61:t2, leader=null, voted=s0, raftlog=Memoized:s4@group-F860CA578C61-SegmentedRaftLog:OPENED:c2:last(t:2, i:2), conf=conf: {index: 1, cur=peers:[s3|localhost:15152, s4|localhost:15156, s0|localhost:15140, s1|localhost:15144, s2|localhost:15148]|listeners:[], old=null} RUNNING
  s0:   CLOSED    LEADER s0@group-F860CA578C61:t2, leader=s0, voted=s0, raftlog=Memoized:s0@group-F860CA578C61-SegmentedRaftLog:CLOSED:c2, conf=conf: {index: 1, cur=peers:[s3|localhost:15152, s4|localhost:15156, s0|localhost:15140, s1|localhost:15144, s2|localhost:15148]|listeners:[], old=null} CLOSED
  s1:  RUNNING  FOLLOWER s1@group-F860CA578C61:t1, leader=null, voted=null, raftlog=Memoized:s1@group-F860CA578C61-SegmentedRaftLog:OPENED:c-1:lastnull, conf=conf: {index: -1, cur=peers:[s3|localhost:15152, s4|localhost:15156, s0|localhost:15140, s1|localhost:15144, s2|localhost:15148]|listeners:[], old=null} RUNNING
  s2:   CLOSED    LEADER s2@group-F860CA578C61:t1, leader=s2, voted=s2, raftlog=Memoized:s2@group-F860CA578C61-SegmentedRaftLog:CLOSED:c0, conf=conf: {index: 0, cur=peers:[s3|localhost:15152, s4|localhost:15156, s0|localhost:15140, s1|localhost:15144, s2|localhost:15148]|listeners:[], old=null} CLOSED
2024-10-11 15:03:00,725 [main] WARN  ratis.RaftTestUtil (RaftTestUtil.java:lambda$waitForLeader$3(126)) - Attempt #1 failed: java.lang.IllegalStateException: No leader yet : printing ALL groups
  s3:  RUNNING  FOLLOWER s3@group-F860CA578C61:t2, leader=s0, voted=s0, raftlog=Memoized:s3@group-F860CA578C61-SegmentedRaftLog:OPENED:c2:last(t:2, i:2), conf=conf: {index: 1, cur=peers:[s3|localhost:15152, s4|localhost:15156, s0|localhost:15140, s1|localhost:15144, s2|localhost:15148]|listeners:[], old=null} RUNNING
  s4:  RUNNING CANDIDATE s4@group-F860CA578C61:t2, leader=null, voted=s0, raftlog=Memoized:s4@group-F860CA578C61-SegmentedRaftLog:OPENED:c2:last(t:2, i:2), conf=conf: {index: 1, cur=peers:[s3|localhost:15152, s4|localhost:15156, s0|localhost:15140, s1|localhost:15144, s2|localhost:15148]|listeners:[], old=null} RUNNING
  s0:   CLOSED    LEADER s0@group-F860CA578C61:t2, leader=s0, voted=s0, raftlog=Memoized:s0@group-F860CA578C61-SegmentedRaftLog:CLOSED:c2, conf=conf: {index: 1, cur=peers:[s3|localhost:15152, s4|localhost:15156, s0|localhost:15140, s1|localhost:15144, s2|localhost:15148]|listeners:[], old=null} CLOSED
  s1:  RUNNING  FOLLOWER s1@group-F860CA578C61:t1, leader=null, voted=null, raftlog=Memoized:s1@group-F860CA578C61-SegmentedRaftLog:OPENED:c-1:lastnull, conf=conf: {index: -1, cur=peers:[s3|localhost:15152, s4|localhost:15156, s0|localhost:15140, s1|localhost:15144, s2|localhost:15148]|listeners:[], old=null} RUNNING
  s2:   CLOSED    LEADER s2@group-F860CA578C61:t1, leader=s2, voted=s2, raftlog=Memoized:s2@group-F860CA578C61-SegmentedRaftLog:CLOSED:c0, conf=conf: {index: 0, cur=peers:[s3|localhost:15152, s4|localhost:15156, s0|localhost:15140, s1|localhost:15144, s2|localhost:15148]|listeners:[], old=null} CLOSED
2024-10-11 15:03:00,841 [s4@group-F860CA578C61-LeaderElection19] INFO  impl.LeaderElection (LeaderElection.java:logAndReturn(90)) - s4@group-F860CA578C61-LeaderElection19: PRE_VOTE TIMEOUT received 1 response(s) and 2 exception(s):
2024-10-11 15:03:00,841 [s4@group-F860CA578C61-LeaderElection19] INFO  impl.LeaderElection (LeaderElection.java:logAndReturn(94)) -   Response 0: s4<-s3#0:OK-t2
2024-10-11 15:03:00,841 [s4@group-F860CA578C61-LeaderElection19] INFO  impl.LeaderElection (LogUtils.java:infoOrTrace(136)) -   Exception 1: java.util.concurrent.ExecutionException: org.apache.ratis.thirdparty.io.netty.channel.AbstractChannel$AnnotatedConnectException: finishConnect(..) failed: Connection refused: localhost/127.0.0.1:15140
2024-10-11 15:03:00,841 [s4@group-F860CA578C61-LeaderElection19] INFO  impl.LeaderElection (LogUtils.java:infoOrTrace(136)) -   Exception 2: java.util.concurrent.ExecutionException: org.apache.ratis.thirdparty.io.netty.channel.AbstractChannel$AnnotatedConnectException: finishConnect(..) failed: Connection refused: localhost/127.0.0.1:15148
2024-10-11 15:03:00,841 [s4@group-F860CA578C61-LeaderElection19] INFO  impl.LeaderElection (LeaderElection.java:askForVotes(339)) - s4@group-F860CA578C61-LeaderElection19 PRE_VOTE round 1: result TIMEOUT
2024-10-11 15:03:00,841 [s4@group-F860CA578C61-LeaderElection19] INFO  impl.LeaderElection (LeaderElection.java:askForVotes(337)) - s4@group-F860CA578C61-LeaderElection19 PRE_VOTE round 2: submit vote requests at term 2 for conf: {index: 1, cur=peers:[s3|localhost:15152, s4|localhost:15156, s0|localhost:15140, s1|localhost:15144, s2|localhost:15148]|listeners:[], old=null}
2024-10-11 15:03:00,842 [NettyRpcService-workerGroup--thread3] INFO  server.RaftServer$Division (RaftServerImpl.java:requestVote(1443)) - s3@group-F860CA578C61: receive requestVote(PRE_VOTE, s4, group-F860CA578C61, 2, (t:2, i:2))
2024-10-11 15:03:00,842 [NettyRpcService-workerGroup--thread3] INFO  impl.VoteContext (VoteContext.java:log(49)) - s3@group-F860CA578C61-FOLLOWER: accept PRE_VOTE from s4: our priority 0 <= candidate's priority 0
2024-10-11 15:03:00,843 [NettyRpcService-workerGroup--thread3] INFO  server.RaftServer$Division (RaftServerImpl.java:requestVote(1476)) - s3@group-F860CA578C61 replies to PRE_VOTE vote request: s4<-s3#0:OK-t2. Peer's state: s3@group-F860CA578C61:t2, leader=s0, voted=s0, raftlog=Memoized:s3@group-F860CA578C61-SegmentedRaftLog:OPENED:c2:last(t:2, i:2), conf=conf: {index: 1, cur=peers:[s3|localhost:15152, s4|localhost:15156, s0|localhost:15140, s1|localhost:15144, s2|localhost:15148]|listeners:[], old=null}
2024-10-11 15:03:00,843 [s4@group-F860CA578C61-LeaderElection19] INFO  impl.LeaderElection (LogUtils.java:infoOrTrace(136)) - s4@group-F860CA578C61-LeaderElection19 got exception when requesting votes: java.util.concurrent.ExecutionException: org.apache.ratis.thirdparty.io.netty.channel.AbstractChannel$AnnotatedConnectException: finishConnect(..) failed: Connection refused: localhost/127.0.0.1:15148
2024-10-11 15:03:00,843 [s4@group-F860CA578C61-LeaderElection19] INFO  impl.LeaderElection (LogUtils.java:infoOrTrace(136)) - s4@group-F860CA578C61-LeaderElection19 got exception when requesting votes: java.util.concurrent.ExecutionException: org.apache.ratis.thirdparty.io.netty.channel.AbstractChannel$AnnotatedConnectException: finishConnect(..) failed: Connection refused: localhost/127.0.0.1:15140
2024-10-11 15:03:01,090 [s4@group-F860CA578C61-LeaderElection19] INFO  impl.LeaderElection (LeaderElection.java:logAndReturn(90)) - s4@group-F860CA578C61-LeaderElection19: PRE_VOTE TIMEOUT received 1 response(s) and 2 exception(s):
2024-10-11 15:03:01,090 [s4@group-F860CA578C61-LeaderElection19] INFO  impl.LeaderElection (LeaderElection.java:logAndReturn(94)) -   Response 0: s4<-s3#0:OK-t2
2024-10-11 15:03:01,090 [s4@group-F860CA578C61-LeaderElection19] INFO  impl.LeaderElection (LogUtils.java:infoOrTrace(136)) -   Exception 1: java.util.concurrent.ExecutionException: org.apache.ratis.thirdparty.io.netty.channel.AbstractChannel$AnnotatedConnectException: finishConnect(..) failed: Connection refused: localhost/127.0.0.1:15148
2024-10-11 15:03:01,090 [s4@group-F860CA578C61-LeaderElection19] INFO  impl.LeaderElection (LogUtils.java:infoOrTrace(136)) -   Exception 2: java.util.concurrent.ExecutionException: org.apache.ratis.thirdparty.io.netty.channel.AbstractChannel$AnnotatedConnectException: finishConnect(..) failed: Connection refused: localhost/127.0.0.1:15140
2024-10-11 15:03:01,091 [s4@group-F860CA578C61-LeaderElection19] INFO  impl.LeaderElection (LeaderElection.java:askForVotes(339)) - s4@group-F860CA578C61-LeaderElection19 PRE_VOTE round 2: result TIMEOUT
2024-10-11 15:03:01,091 [s4@group-F860CA578C61-LeaderElection19] INFO  impl.LeaderElection (LeaderElection.java:askForVotes(337)) - s4@group-F860CA578C61-LeaderElection19 PRE_VOTE round 3: submit vote requests at term 2 for conf: {index: 1, cur=peers:[s3|localhost:15152, s4|localhost:15156, s0|localhost:15140, s1|localhost:15144, s2|localhost:15148]|listeners:[], old=null}
2024-10-11 15:03:01,091 [NettyRpcService-workerGroup--thread3] INFO  server.RaftServer$Division (RaftServerImpl.java:requestVote(1443)) - s3@group-F860CA578C61: receive requestVote(PRE_VOTE, s4, group-F860CA578C61, 2, (t:2, i:2))
2024-10-11 15:03:01,092 [NettyRpcService-workerGroup--thread3] INFO  impl.VoteContext (VoteContext.java:log(49)) - s3@group-F860CA578C61-FOLLOWER: accept PRE_VOTE from s4: our priority 0 <= candidate's priority 0
2024-10-11 15:03:01,092 [NettyRpcService-workerGroup--thread3] INFO  server.RaftServer$Division (RaftServerImpl.java:requestVote(1476)) - s3@group-F860CA578C61 replies to PRE_VOTE vote request: s4<-s3#0:OK-t2. Peer's state: s3@group-F860CA578C61:t2, leader=s0, voted=s0, raftlog=Memoized:s3@group-F860CA578C61-SegmentedRaftLog:OPENED:c2:last(t:2, i:2), conf=conf: {index: 1, cur=peers:[s3|localhost:15152, s4|localhost:15156, s0|localhost:15140, s1|localhost:15144, s2|localhost:15148]|listeners:[], old=null}
2024-10-11 15:03:01,092 [s4@group-F860CA578C61-LeaderElection19] INFO  impl.LeaderElection (LogUtils.java:infoOrTrace(136)) - s4@group-F860CA578C61-LeaderElection19 got exception when requesting votes: java.util.concurrent.ExecutionException: org.apache.ratis.thirdparty.io.netty.channel.AbstractChannel$AnnotatedConnectException: finishConnect(..) failed: Connection refused: localhost/127.0.0.1:15148
2024-10-11 15:03:01,092 [s4@group-F860CA578C61-LeaderElection19] INFO  impl.LeaderElection (LogUtils.java:infoOrTrace(136)) - s4@group-F860CA578C61-LeaderElection19 got exception when requesting votes: java.util.concurrent.ExecutionException: org.apache.ratis.thirdparty.io.netty.channel.AbstractChannel$AnnotatedConnectException: finishConnect(..) failed: Connection refused: localhost/127.0.0.1:15140
2024-10-11 15:03:01,176 [main] WARN  ratis.RaftTestUtil (RaftTestUtil.java:lambda$waitForLeader$3(126)) - Attempt #2 failed: java.lang.IllegalStateException: No leader yet : printing ALL groups
  s3:  RUNNING  FOLLOWER s3@group-F860CA578C61:t2, leader=s0, voted=s0, raftlog=Memoized:s3@group-F860CA578C61-SegmentedRaftLog:OPENED:c2:last(t:2, i:2), conf=conf: {index: 1, cur=peers:[s3|localhost:15152, s4|localhost:15156, s0|localhost:15140, s1|localhost:15144, s2|localhost:15148]|listeners:[], old=null} RUNNING
  s4:  RUNNING CANDIDATE s4@group-F860CA578C61:t2, leader=null, voted=s0, raftlog=Memoized:s4@group-F860CA578C61-SegmentedRaftLog:OPENED:c2:last(t:2, i:2), conf=conf: {index: 1, cur=peers:[s3|localhost:15152, s4|localhost:15156, s0|localhost:15140, s1|localhost:15144, s2|localhost:15148]|listeners:[], old=null} RUNNING
  s0:   CLOSED    LEADER s0@group-F860CA578C61:t2, leader=s0, voted=s0, raftlog=Memoized:s0@group-F860CA578C61-SegmentedRaftLog:CLOSED:c2, conf=conf: {index: 1, cur=peers:[s3|localhost:15152, s4|localhost:15156, s0|localhost:15140, s1|localhost:15144, s2|localhost:15148]|listeners:[], old=null} CLOSED
  s1:  RUNNING  FOLLOWER s1@group-F860CA578C61:t1, leader=null, voted=null, raftlog=Memoized:s1@group-F860CA578C61-SegmentedRaftLog:OPENED:c-1:lastnull, conf=conf: {index: -1, cur=peers:[s3|localhost:15152, s4|localhost:15156, s0|localhost:15140, s1|localhost:15144, s2|localhost:15148]|listeners:[], old=null} RUNNING
  s2:   CLOSED    LEADER s2@group-F860CA578C61:t1, leader=s2, voted=s2, raftlog=Memoized:s2@group-F860CA578C61-SegmentedRaftLog:CLOSED:c0, conf=conf: {index: 0, cur=peers:[s3|localhost:15152, s4|localhost:15156, s0|localhost:15140, s1|localhost:15144, s2|localhost:15148]|listeners:[], old=null} CLOSED
2024-10-11 15:03:01,297 [s4@group-F860CA578C61-LeaderElection19] INFO  impl.LeaderElection (LeaderElection.java:logAndReturn(90)) - s4@group-F860CA578C61-LeaderElection19: PRE_VOTE TIMEOUT received 1 response(s) and 2 exception(s):
2024-10-11 15:03:01,297 [s4@group-F860CA578C61-LeaderElection19] INFO  impl.LeaderElection (LeaderElection.java:logAndReturn(94)) -   Response 0: s4<-s3#0:OK-t2
2024-10-11 15:03:01,297 [s4@group-F860CA578C61-LeaderElection19] INFO  impl.LeaderElection (LogUtils.java:infoOrTrace(136)) -   Exception 1: java.util.concurrent.ExecutionException: org.apache.ratis.thirdparty.io.netty.channel.AbstractChannel$AnnotatedConnectException: finishConnect(..) failed: Connection refused: localhost/127.0.0.1:15148
2024-10-11 15:03:01,298 [s4@group-F860CA578C61-LeaderElection19] INFO  impl.LeaderElection (LogUtils.java:infoOrTrace(136)) -   Exception 2: java.util.concurrent.ExecutionException: org.apache.ratis.thirdparty.io.netty.channel.AbstractChannel$AnnotatedConnectException: finishConnect(..) failed: Connection refused: localhost/127.0.0.1:15140
2024-10-11 15:03:01,298 [s4@group-F860CA578C61-LeaderElection19] INFO  impl.LeaderElection (LeaderElection.java:askForVotes(339)) - s4@group-F860CA578C61-LeaderElection19 PRE_VOTE round 3: result TIMEOUT
2024-10-11 15:03:01,298 [s4@group-F860CA578C61-LeaderElection19] INFO  impl.LeaderElection (LeaderElection.java:askForVotes(337)) - s4@group-F860CA578C61-LeaderElection19 PRE_VOTE round 4: submit vote requests at term 2 for conf: {index: 1, cur=peers:[s3|localhost:15152, s4|localhost:15156, s0|localhost:15140, s1|localhost:15144, s2|localhost:15148]|listeners:[], old=null}
2024-10-11 15:03:01,299 [NettyRpcService-workerGroup--thread3] INFO  server.RaftServer$Division (RaftServerImpl.java:requestVote(1443)) - s3@group-F860CA578C61: receive requestVote(PRE_VOTE, s4, group-F860CA578C61, 2, (t:2, i:2))
2024-10-11 15:03:01,299 [NettyRpcService-workerGroup--thread3] INFO  impl.VoteContext (VoteContext.java:log(49)) - s3@group-F860CA578C61-FOLLOWER: accept PRE_VOTE from s4: our priority 0 <= candidate's priority 0
2024-10-11 15:03:01,299 [NettyRpcService-workerGroup--thread3] INFO  server.RaftServer$Division (RaftServerImpl.java:requestVote(1476)) - s3@group-F860CA578C61 replies to PRE_VOTE vote request: s4<-s3#0:OK-t2. Peer's state: s3@group-F860CA578C61:t2, leader=s0, voted=s0, raftlog=Memoized:s3@group-F860CA578C61-SegmentedRaftLog:OPENED:c2:last(t:2, i:2), conf=conf: {index: 1, cur=peers:[s3|localhost:15152, s4|localhost:15156, s0|localhost:15140, s1|localhost:15144, s2|localhost:15148]|listeners:[], old=null}
2024-10-11 15:03:01,299 [s4@group-F860CA578C61-LeaderElection19] INFO  impl.LeaderElection (LogUtils.java:infoOrTrace(136)) - s4@group-F860CA578C61-LeaderElection19 got exception when requesting votes: java.util.concurrent.ExecutionException: org.apache.ratis.thirdparty.io.netty.channel.AbstractChannel$AnnotatedConnectException: finishConnect(..) failed: Connection refused: localhost/127.0.0.1:15148
2024-10-11 15:03:01,300 [s4@group-F860CA578C61-LeaderElection19] INFO  impl.LeaderElection (LogUtils.java:infoOrTrace(136)) - s4@group-F860CA578C61-LeaderElection19 got exception when requesting votes: java.util.concurrent.ExecutionException: org.apache.ratis.thirdparty.io.netty.channel.AbstractChannel$AnnotatedConnectException: finishConnect(..) failed: Connection refused: localhost/127.0.0.1:15140
2024-10-11 15:03:01,489 [s4@group-F860CA578C61-LeaderElection19] INFO  impl.LeaderElection (LeaderElection.java:logAndReturn(90)) - s4@group-F860CA578C61-LeaderElection19: PRE_VOTE TIMEOUT received 1 response(s) and 2 exception(s):
2024-10-11 15:03:01,490 [s4@group-F860CA578C61-LeaderElection19] INFO  impl.LeaderElection (LeaderElection.java:logAndReturn(94)) -   Response 0: s4<-s3#0:OK-t2
2024-10-11 15:03:01,490 [s4@group-F860CA578C61-LeaderElection19] INFO  impl.LeaderElection (LogUtils.java:infoOrTrace(136)) -   Exception 1: java.util.concurrent.ExecutionException: org.apache.ratis.thirdparty.io.netty.channel.AbstractChannel$AnnotatedConnectException: finishConnect(..) failed: Connection refused: localhost/127.0.0.1:15148
2024-10-11 15:03:01,490 [s4@group-F860CA578C61-LeaderElection19] INFO  impl.LeaderElection (LogUtils.java:infoOrTrace(136)) -   Exception 2: java.util.concurrent.ExecutionException: org.apache.ratis.thirdparty.io.netty.channel.AbstractChannel$AnnotatedConnectException: finishConnect(..) failed: Connection refused: localhost/127.0.0.1:15140
2024-10-11 15:03:01,490 [s4@group-F860CA578C61-LeaderElection19] INFO  impl.LeaderElection (LeaderElection.java:askForVotes(339)) - s4@group-F860CA578C61-LeaderElection19 PRE_VOTE round 4: result TIMEOUT
2024-10-11 15:03:01,490 [s4@group-F860CA578C61-LeaderElection19] INFO  impl.LeaderElection (LeaderElection.java:askForVotes(337)) - s4@group-F860CA578C61-LeaderElection19 PRE_VOTE round 5: submit vote requests at term 2 for conf: {index: 1, cur=peers:[s3|localhost:15152, s4|localhost:15156, s0|localhost:15140, s1|localhost:15144, s2|localhost:15148]|listeners:[], old=null}
2024-10-11 15:03:01,491 [NettyRpcService-workerGroup--thread3] INFO  server.RaftServer$Division (RaftServerImpl.java:requestVote(1443)) - s3@group-F860CA578C61: receive requestVote(PRE_VOTE, s4, group-F860CA578C61, 2, (t:2, i:2))
2024-10-11 15:03:01,491 [NettyRpcService-workerGroup--thread3] INFO  impl.VoteContext (VoteContext.java:log(49)) - s3@group-F860CA578C61-FOLLOWER: accept PRE_VOTE from s4: our priority 0 <= candidate's priority 0
2024-10-11 15:03:01,491 [NettyRpcService-workerGroup--thread3] INFO  server.RaftServer$Division (RaftServerImpl.java:requestVote(1476)) - s3@group-F860CA578C61 replies to PRE_VOTE vote request: s4<-s3#0:OK-t2. Peer's state: s3@group-F860CA578C61:t2, leader=s0, voted=s0, raftlog=Memoized:s3@group-F860CA578C61-SegmentedRaftLog:OPENED:c2:last(t:2, i:2), conf=conf: {index: 1, cur=peers:[s3|localhost:15152, s4|localhost:15156, s0|localhost:15140, s1|localhost:15144, s2|localhost:15148]|listeners:[], old=null}
2024-10-11 15:03:01,491 [s4@group-F860CA578C61-LeaderElection19] INFO  impl.LeaderElection (LogUtils.java:infoOrTrace(136)) - s4@group-F860CA578C61-LeaderElection19 got exception when requesting votes: java.util.concurrent.ExecutionException: org.apache.ratis.thirdparty.io.netty.channel.AbstractChannel$AnnotatedConnectException: finishConnect(..) failed: Connection refused: localhost/127.0.0.1:15140
2024-10-11 15:03:01,492 [s4@group-F860CA578C61-LeaderElection19] INFO  impl.LeaderElection (LogUtils.java:infoOrTrace(136)) - s4@group-F860CA578C61-LeaderElection19 got exception when requesting votes: java.util.concurrent.ExecutionException: org.apache.ratis.thirdparty.io.netty.channel.AbstractChannel$AnnotatedConnectException: finishConnect(..) failed: Connection refused: localhost/127.0.0.1:15148
2024-10-11 15:03:01,626 [main] WARN  ratis.RaftTestUtil (RaftTestUtil.java:lambda$waitForLeader$3(126)) - Attempt #3 failed: java.lang.IllegalStateException: No leader yet : printing ALL groups
  s3:  RUNNING  FOLLOWER s3@group-F860CA578C61:t2, leader=s0, voted=s0, raftlog=Memoized:s3@group-F860CA578C61-SegmentedRaftLog:OPENED:c2:last(t:2, i:2), conf=conf: {index: 1, cur=peers:[s3|localhost:15152, s4|localhost:15156, s0|localhost:15140, s1|localhost:15144, s2|localhost:15148]|listeners:[], old=null} RUNNING
  s4:  RUNNING CANDIDATE s4@group-F860CA578C61:t2, leader=null, voted=s0, raftlog=Memoized:s4@group-F860CA578C61-SegmentedRaftLog:OPENED:c2:last(t:2, i:2), conf=conf: {index: 1, cur=peers:[s3|localhost:15152, s4|localhost:15156, s0|localhost:15140, s1|localhost:15144, s2|localhost:15148]|listeners:[], old=null} RUNNING
  s0:   CLOSED    LEADER s0@group-F860CA578C61:t2, leader=s0, voted=s0, raftlog=Memoized:s0@group-F860CA578C61-SegmentedRaftLog:CLOSED:c2, conf=conf: {index: 1, cur=peers:[s3|localhost:15152, s4|localhost:15156, s0|localhost:15140, s1|localhost:15144, s2|localhost:15148]|listeners:[], old=null} CLOSED
  s1:  RUNNING  FOLLOWER s1@group-F860CA578C61:t1, leader=null, voted=null, raftlog=Memoized:s1@group-F860CA578C61-SegmentedRaftLog:OPENED:c-1:lastnull, conf=conf: {index: -1, cur=peers:[s3|localhost:15152, s4|localhost:15156, s0|localhost:15140, s1|localhost:15144, s2|localhost:15148]|listeners:[], old=null} RUNNING
  s2:   CLOSED    LEADER s2@group-F860CA578C61:t1, leader=s2, voted=s2, raftlog=Memoized:s2@group-F860CA578C61-SegmentedRaftLog:CLOSED:c0, conf=conf: {index: 0, cur=peers:[s3|localhost:15152, s4|localhost:15156, s0|localhost:15140, s1|localhost:15144, s2|localhost:15148]|listeners:[], old=null} CLOSED
2024-10-11 15:03:01,698 [s4@group-F860CA578C61-LeaderElection19] INFO  impl.LeaderElection (LeaderElection.java:logAndReturn(90)) - s4@group-F860CA578C61-LeaderElection19: PRE_VOTE TIMEOUT received 1 response(s) and 2 exception(s):
2024-10-11 15:03:01,698 [s4@group-F860CA578C61-LeaderElection19] INFO  impl.LeaderElection (LeaderElection.java:logAndReturn(94)) -   Response 0: s4<-s3#0:OK-t2
2024-10-11 15:03:01,698 [s4@group-F860CA578C61-LeaderElection19] INFO  impl.LeaderElection (LogUtils.java:infoOrTrace(136)) -   Exception 1: java.util.concurrent.ExecutionException: org.apache.ratis.thirdparty.io.netty.channel.AbstractChannel$AnnotatedConnectException: finishConnect(..) failed: Connection refused: localhost/127.0.0.1:15140
2024-10-11 15:03:01,698 [s4@group-F860CA578C61-LeaderElection19] INFO  impl.LeaderElection (LogUtils.java:infoOrTrace(136)) -   Exception 2: java.util.concurrent.ExecutionException: org.apache.ratis.thirdparty.io.netty.channel.AbstractChannel$AnnotatedConnectException: finishConnect(..) failed: Connection refused: localhost/127.0.0.1:15148
2024-10-11 15:03:01,698 [s4@group-F860CA578C61-LeaderElection19] INFO  impl.LeaderElection (LeaderElection.java:askForVotes(339)) - s4@group-F860CA578C61-LeaderElection19 PRE_VOTE round 5: result TIMEOUT
2024-10-11 15:03:01,698 [s4@group-F860CA578C61-LeaderElection19] INFO  impl.LeaderElection (LeaderElection.java:askForVotes(337)) - s4@group-F860CA578C61-LeaderElection19 PRE_VOTE round 6: submit vote requests at term 2 for conf: {index: 1, cur=peers:[s3|localhost:15152, s4|localhost:15156, s0|localhost:15140, s1|localhost:15144, s2|localhost:15148]|listeners:[], old=null}
2024-10-11 15:03:01,699 [NettyRpcService-workerGroup--thread3] INFO  server.RaftServer$Division (RaftServerImpl.java:requestVote(1443)) - s3@group-F860CA578C61: receive requestVote(PRE_VOTE, s4, group-F860CA578C61, 2, (t:2, i:2))
2024-10-11 15:03:01,699 [NettyRpcService-workerGroup--thread3] INFO  impl.VoteContext (VoteContext.java:log(49)) - s3@group-F860CA578C61-FOLLOWER: accept PRE_VOTE from s4: our priority 0 <= candidate's priority 0
2024-10-11 15:03:01,699 [NettyRpcService-workerGroup--thread3] INFO  server.RaftServer$Division (RaftServerImpl.java:requestVote(1476)) - s3@group-F860CA578C61 replies to PRE_VOTE vote request: s4<-s3#0:OK-t2. Peer's state: s3@group-F860CA578C61:t2, leader=s0, voted=s0, raftlog=Memoized:s3@group-F860CA578C61-SegmentedRaftLog:OPENED:c2:last(t:2, i:2), conf=conf: {index: 1, cur=peers:[s3|localhost:15152, s4|localhost:15156, s0|localhost:15140, s1|localhost:15144, s2|localhost:15148]|listeners:[], old=null}
2024-10-11 15:03:01,699 [s4@group-F860CA578C61-LeaderElection19] INFO  impl.LeaderElection (LogUtils.java:infoOrTrace(136)) - s4@group-F860CA578C61-LeaderElection19 got exception when requesting votes: java.util.concurrent.ExecutionException: org.apache.ratis.thirdparty.io.netty.channel.AbstractChannel$AnnotatedConnectException: finishConnect(..) failed: Connection refused: localhost/127.0.0.1:15140
2024-10-11 15:03:01,700 [s4@group-F860CA578C61-LeaderElection19] INFO  impl.LeaderElection (LogUtils.java:infoOrTrace(136)) - s4@group-F860CA578C61-LeaderElection19 got exception when requesting votes: java.util.concurrent.ExecutionException: org.apache.ratis.thirdparty.io.netty.channel.AbstractChannel$AnnotatedConnectException: finishConnect(..) failed: Connection refused: localhost/127.0.0.1:15148
2024-10-11 15:03:01,864 [s4@group-F860CA578C61-LeaderElection19] INFO  impl.LeaderElection (LeaderElection.java:logAndReturn(90)) - s4@group-F860CA578C61-LeaderElection19: PRE_VOTE TIMEOUT received 1 response(s) and 2 exception(s):
2024-10-11 15:03:01,864 [s4@group-F860CA578C61-LeaderElection19] INFO  impl.LeaderElection (LeaderElection.java:logAndReturn(94)) -   Response 0: s4<-s3#0:OK-t2
2024-10-11 15:03:01,864 [s4@group-F860CA578C61-LeaderElection19] INFO  impl.LeaderElection (LogUtils.java:infoOrTrace(136)) -   Exception 1: java.util.concurrent.ExecutionException: org.apache.ratis.thirdparty.io.netty.channel.AbstractChannel$AnnotatedConnectException: finishConnect(..) failed: Connection refused: localhost/127.0.0.1:15140
2024-10-11 15:03:01,864 [s4@group-F860CA578C61-LeaderElection19] INFO  impl.LeaderElection (LogUtils.java:infoOrTrace(136)) -   Exception 2: java.util.concurrent.ExecutionException: org.apache.ratis.thirdparty.io.netty.channel.AbstractChannel$AnnotatedConnectException: finishConnect(..) failed: Connection refused: localhost/127.0.0.1:15148
2024-10-11 15:03:01,864 [s4@group-F860CA578C61-LeaderElection19] INFO  impl.LeaderElection (LeaderElection.java:askForVotes(339)) - s4@group-F860CA578C61-LeaderElection19 PRE_VOTE round 6: result TIMEOUT
2024-10-11 15:03:01,864 [s4@group-F860CA578C61-LeaderElection19] INFO  impl.LeaderElection (LeaderElection.java:askForVotes(337)) - s4@group-F860CA578C61-LeaderElection19 PRE_VOTE round 7: submit vote requests at term 2 for conf: {index: 1, cur=peers:[s3|localhost:15152, s4|localhost:15156, s0|localhost:15140, s1|localhost:15144, s2|localhost:15148]|listeners:[], old=null}
2024-10-11 15:03:01,865 [NettyRpcService-workerGroup--thread3] INFO  server.RaftServer$Division (RaftServerImpl.java:requestVote(1443)) - s3@group-F860CA578C61: receive requestVote(PRE_VOTE, s4, group-F860CA578C61, 2, (t:2, i:2))
2024-10-11 15:03:01,865 [NettyRpcService-workerGroup--thread3] INFO  impl.VoteContext (VoteContext.java:log(49)) - s3@group-F860CA578C61-FOLLOWER: accept PRE_VOTE from s4: our priority 0 <= candidate's priority 0
2024-10-11 15:03:01,865 [NettyRpcService-workerGroup--thread3] INFO  server.RaftServer$Division (RaftServerImpl.java:requestVote(1476)) - s3@group-F860CA578C61 replies to PRE_VOTE vote request: s4<-s3#0:OK-t2. Peer's state: s3@group-F860CA578C61:t2, leader=s0, voted=s0, raftlog=Memoized:s3@group-F860CA578C61-SegmentedRaftLog:OPENED:c2:last(t:2, i:2), conf=conf: {index: 1, cur=peers:[s3|localhost:15152, s4|localhost:15156, s0|localhost:15140, s1|localhost:15144, s2|localhost:15148]|listeners:[], old=null}
2024-10-11 15:03:01,866 [s4@group-F860CA578C61-LeaderElection19] INFO  impl.LeaderElection (LogUtils.java:infoOrTrace(136)) - s4@group-F860CA578C61-LeaderElection19 got exception when requesting votes: java.util.concurrent.ExecutionException: org.apache.ratis.thirdparty.io.netty.channel.AbstractChannel$AnnotatedConnectException: finishConnect(..) failed: Connection refused: localhost/127.0.0.1:15140
2024-10-11 15:03:01,866 [s4@group-F860CA578C61-LeaderElection19] INFO  impl.LeaderElection (LogUtils.java:infoOrTrace(136)) - s4@group-F860CA578C61-LeaderElection19 got exception when requesting votes: java.util.concurrent.ExecutionException: org.apache.ratis.thirdparty.io.netty.channel.AbstractChannel$AnnotatedConnectException: finishConnect(..) failed: Connection refused: localhost/127.0.0.1:15148
2024-10-11 15:03:02,077 [main] WARN  ratis.RaftTestUtil (RaftTestUtil.java:lambda$waitForLeader$3(126)) - Attempt #4 failed: java.lang.IllegalStateException: No leader yet : printing ALL groups
  s3:  RUNNING  FOLLOWER s3@group-F860CA578C61:t2, leader=s0, voted=s0, raftlog=Memoized:s3@group-F860CA578C61-SegmentedRaftLog:OPENED:c2:last(t:2, i:2), conf=conf: {index: 1, cur=peers:[s3|localhost:15152, s4|localhost:15156, s0|localhost:15140, s1|localhost:15144, s2|localhost:15148]|listeners:[], old=null} RUNNING
  s4:  RUNNING CANDIDATE s4@group-F860CA578C61:t2, leader=null, voted=s0, raftlog=Memoized:s4@group-F860CA578C61-SegmentedRaftLog:OPENED:c2:last(t:2, i:2), conf=conf: {index: 1, cur=peers:[s3|localhost:15152, s4|localhost:15156, s0|localhost:15140, s1|localhost:15144, s2|localhost:15148]|listeners:[], old=null} RUNNING
  s0:   CLOSED    LEADER s0@group-F860CA578C61:t2, leader=s0, voted=s0, raftlog=Memoized:s0@group-F860CA578C61-SegmentedRaftLog:CLOSED:c2, conf=conf: {index: 1, cur=peers:[s3|localhost:15152, s4|localhost:15156, s0|localhost:15140, s1|localhost:15144, s2|localhost:15148]|listeners:[], old=null} CLOSED
  s1:  RUNNING  FOLLOWER s1@group-F860CA578C61:t1, leader=null, voted=null, raftlog=Memoized:s1@group-F860CA578C61-SegmentedRaftLog:OPENED:c-1:lastnull, conf=conf: {index: -1, cur=peers:[s3|localhost:15152, s4|localhost:15156, s0|localhost:15140, s1|localhost:15144, s2|localhost:15148]|listeners:[], old=null} RUNNING
  s2:   CLOSED    LEADER s2@group-F860CA578C61:t1, leader=s2, voted=s2, raftlog=Memoized:s2@group-F860CA578C61-SegmentedRaftLog:CLOSED:c0, conf=conf: {index: 0, cur=peers:[s3|localhost:15152, s4|localhost:15156, s0|localhost:15140, s1|localhost:15144, s2|localhost:15148]|listeners:[], old=null} CLOSED
2024-10-11 15:03:02,103 [s4@group-F860CA578C61-LeaderElection19] INFO  impl.LeaderElection (LeaderElection.java:logAndReturn(90)) - s4@group-F860CA578C61-LeaderElection19: PRE_VOTE TIMEOUT received 1 response(s) and 2 exception(s):
2024-10-11 15:03:02,103 [s4@group-F860CA578C61-LeaderElection19] INFO  impl.LeaderElection (LeaderElection.java:logAndReturn(94)) -   Response 0: s4<-s3#0:OK-t2
2024-10-11 15:03:02,103 [s4@group-F860CA578C61-LeaderElection19] INFO  impl.LeaderElection (LogUtils.java:infoOrTrace(136)) -   Exception 1: java.util.concurrent.ExecutionException: org.apache.ratis.thirdparty.io.netty.channel.AbstractChannel$AnnotatedConnectException: finishConnect(..) failed: Connection refused: localhost/127.0.0.1:15140
2024-10-11 15:03:02,103 [s4@group-F860CA578C61-LeaderElection19] INFO  impl.LeaderElection (LogUtils.java:infoOrTrace(136)) -   Exception 2: java.util.concurrent.ExecutionException: org.apache.ratis.thirdparty.io.netty.channel.AbstractChannel$AnnotatedConnectException: finishConnect(..) failed: Connection refused: localhost/127.0.0.1:15148
2024-10-11 15:03:02,103 [s4@group-F860CA578C61-LeaderElection19] INFO  impl.LeaderElection (LeaderElection.java:askForVotes(339)) - s4@group-F860CA578C61-LeaderElection19 PRE_VOTE round 7: result TIMEOUT
2024-10-11 15:03:02,103 [s4@group-F860CA578C61-LeaderElection19] INFO  impl.LeaderElection (LeaderElection.java:askForVotes(337)) - s4@group-F860CA578C61-LeaderElection19 PRE_VOTE round 8: submit vote requests at term 2 for conf: {index: 1, cur=peers:[s3|localhost:15152, s4|localhost:15156, s0|localhost:15140, s1|localhost:15144, s2|localhost:15148]|listeners:[], old=null}
2024-10-11 15:03:02,104 [NettyRpcService-workerGroup--thread3] INFO  server.RaftServer$Division (RaftServerImpl.java:requestVote(1443)) - s3@group-F860CA578C61: receive requestVote(PRE_VOTE, s4, group-F860CA578C61, 2, (t:2, i:2))
2024-10-11 15:03:02,104 [NettyRpcService-workerGroup--thread3] INFO  impl.VoteContext (VoteContext.java:log(49)) - s3@group-F860CA578C61-FOLLOWER: accept PRE_VOTE from s4: our priority 0 <= candidate's priority 0
2024-10-11 15:03:02,104 [NettyRpcService-workerGroup--thread3] INFO  server.RaftServer$Division (RaftServerImpl.java:requestVote(1476)) - s3@group-F860CA578C61 replies to PRE_VOTE vote request: s4<-s3#0:OK-t2. Peer's state: s3@group-F860CA578C61:t2, leader=s0, voted=s0, raftlog=Memoized:s3@group-F860CA578C61-SegmentedRaftLog:OPENED:c2:last(t:2, i:2), conf=conf: {index: 1, cur=peers:[s3|localhost:15152, s4|localhost:15156, s0|localhost:15140, s1|localhost:15144, s2|localhost:15148]|listeners:[], old=null}
2024-10-11 15:03:02,105 [s4@group-F860CA578C61-LeaderElection19] INFO  impl.LeaderElection (LogUtils.java:infoOrTrace(136)) - s4@group-F860CA578C61-LeaderElection19 got exception when requesting votes: java.util.concurrent.ExecutionException: org.apache.ratis.thirdparty.io.netty.channel.AbstractChannel$AnnotatedConnectException: finishConnect(..) failed: Connection refused: localhost/127.0.0.1:15140
2024-10-11 15:03:02,105 [s4@group-F860CA578C61-LeaderElection19] INFO  impl.LeaderElection (LogUtils.java:infoOrTrace(136)) - s4@group-F860CA578C61-LeaderElection19 got exception when requesting votes: java.util.concurrent.ExecutionException: org.apache.ratis.thirdparty.io.netty.channel.AbstractChannel$AnnotatedConnectException: finishConnect(..) failed: Connection refused: localhost/127.0.0.1:15148
2024-10-11 15:03:02,351 [s4@group-F860CA578C61-LeaderElection19] INFO  impl.LeaderElection (LeaderElection.java:logAndReturn(90)) - s4@group-F860CA578C61-LeaderElection19: PRE_VOTE TIMEOUT received 1 response(s) and 2 exception(s):
2024-10-11 15:03:02,351 [s4@group-F860CA578C61-LeaderElection19] INFO  impl.LeaderElection (LeaderElection.java:logAndReturn(94)) -   Response 0: s4<-s3#0:OK-t2
2024-10-11 15:03:02,351 [s4@group-F860CA578C61-LeaderElection19] INFO  impl.LeaderElection (LogUtils.java:infoOrTrace(136)) -   Exception 1: java.util.concurrent.ExecutionException: org.apache.ratis.thirdparty.io.netty.channel.AbstractChannel$AnnotatedConnectException: finishConnect(..) failed: Connection refused: localhost/127.0.0.1:15140
2024-10-11 15:03:02,351 [s4@group-F860CA578C61-LeaderElection19] INFO  impl.LeaderElection (LogUtils.java:infoOrTrace(136)) -   Exception 2: java.util.concurrent.ExecutionException: org.apache.ratis.thirdparty.io.netty.channel.AbstractChannel$AnnotatedConnectException: finishConnect(..) failed: Connection refused: localhost/127.0.0.1:15148
2024-10-11 15:03:02,352 [s4@group-F860CA578C61-LeaderElection19] INFO  impl.LeaderElection (LeaderElection.java:askForVotes(339)) - s4@group-F860CA578C61-LeaderElection19 PRE_VOTE round 8: result TIMEOUT
2024-10-11 15:03:02,352 [s4@group-F860CA578C61-LeaderElection19] INFO  impl.LeaderElection (LeaderElection.java:askForVotes(337)) - s4@group-F860CA578C61-LeaderElection19 PRE_VOTE round 9: submit vote requests at term 2 for conf: {index: 1, cur=peers:[s3|localhost:15152, s4|localhost:15156, s0|localhost:15140, s1|localhost:15144, s2|localhost:15148]|listeners:[], old=null}
2024-10-11 15:03:02,353 [NettyRpcService-workerGroup--thread3] INFO  server.RaftServer$Division (RaftServerImpl.java:requestVote(1443)) - s3@group-F860CA578C61: receive requestVote(PRE_VOTE, s4, group-F860CA578C61, 2, (t:2, i:2))
2024-10-11 15:03:02,353 [NettyRpcService-workerGroup--thread3] INFO  impl.VoteContext (VoteContext.java:log(49)) - s3@group-F860CA578C61-FOLLOWER: accept PRE_VOTE from s4: our priority 0 <= candidate's priority 0
2024-10-11 15:03:02,353 [NettyRpcService-workerGroup--thread3] INFO  server.RaftServer$Division (RaftServerImpl.java:requestVote(1476)) - s3@group-F860CA578C61 replies to PRE_VOTE vote request: s4<-s3#0:OK-t2. Peer's state: s3@group-F860CA578C61:t2, leader=s0, voted=s0, raftlog=Memoized:s3@group-F860CA578C61-SegmentedRaftLog:OPENED:c2:last(t:2, i:2), conf=conf: {index: 1, cur=peers:[s3|localhost:15152, s4|localhost:15156, s0|localhost:15140, s1|localhost:15144, s2|localhost:15148]|listeners:[], old=null}
2024-10-11 15:03:02,353 [s4@group-F860CA578C61-LeaderElection19] INFO  impl.LeaderElection (LogUtils.java:infoOrTrace(136)) - s4@group-F860CA578C61-LeaderElection19 got exception when requesting votes: java.util.concurrent.ExecutionException: org.apache.ratis.thirdparty.io.netty.channel.AbstractChannel$AnnotatedConnectException: finishConnect(..) failed: Connection refused: localhost/127.0.0.1:15140
2024-10-11 15:03:02,354 [s4@group-F860CA578C61-LeaderElection19] INFO  impl.LeaderElection (LogUtils.java:infoOrTrace(136)) - s4@group-F860CA578C61-LeaderElection19 got exception when requesting votes: java.util.concurrent.ExecutionException: org.apache.ratis.thirdparty.io.netty.channel.AbstractChannel$AnnotatedConnectException: finishConnect(..) failed: Connection refused: localhost/127.0.0.1:15148
2024-10-11 15:03:02,528 [main] WARN  ratis.RaftTestUtil (RaftTestUtil.java:lambda$waitForLeader$3(126)) - Attempt #5 failed: java.lang.IllegalStateException: No leader yet : printing ALL groups
  s3:  RUNNING  FOLLOWER s3@group-F860CA578C61:t2, leader=s0, voted=s0, raftlog=Memoized:s3@group-F860CA578C61-SegmentedRaftLog:OPENED:c2:last(t:2, i:2), conf=conf: {index: 1, cur=peers:[s3|localhost:15152, s4|localhost:15156, s0|localhost:15140, s1|localhost:15144, s2|localhost:15148]|listeners:[], old=null} RUNNING
  s4:  RUNNING CANDIDATE s4@group-F860CA578C61:t2, leader=null, voted=s0, raftlog=Memoized:s4@group-F860CA578C61-SegmentedRaftLog:OPENED:c2:last(t:2, i:2), conf=conf: {index: 1, cur=peers:[s3|localhost:15152, s4|localhost:15156, s0|localhost:15140, s1|localhost:15144, s2|localhost:15148]|listeners:[], old=null} RUNNING
  s0:   CLOSED    LEADER s0@group-F860CA578C61:t2, leader=s0, voted=s0, raftlog=Memoized:s0@group-F860CA578C61-SegmentedRaftLog:CLOSED:c2, conf=conf: {index: 1, cur=peers:[s3|localhost:15152, s4|localhost:15156, s0|localhost:15140, s1|localhost:15144, s2|localhost:15148]|listeners:[], old=null} CLOSED
  s1:  RUNNING  FOLLOWER s1@group-F860CA578C61:t1, leader=null, voted=null, raftlog=Memoized:s1@group-F860CA578C61-SegmentedRaftLog:OPENED:c-1:lastnull, conf=conf: {index: -1, cur=peers:[s3|localhost:15152, s4|localhost:15156, s0|localhost:15140, s1|localhost:15144, s2|localhost:15148]|listeners:[], old=null} RUNNING
  s2:   CLOSED    LEADER s2@group-F860CA578C61:t1, leader=s2, voted=s2, raftlog=Memoized:s2@group-F860CA578C61-SegmentedRaftLog:CLOSED:c0, conf=conf: {index: 0, cur=peers:[s3|localhost:15152, s4|localhost:15156, s0|localhost:15140, s1|localhost:15144, s2|localhost:15148]|listeners:[], old=null} CLOSED
2024-10-11 15:03:02,586 [s4@group-F860CA578C61-LeaderElection19] INFO  impl.LeaderElection (LeaderElection.java:logAndReturn(90)) - s4@group-F860CA578C61-LeaderElection19: PRE_VOTE TIMEOUT received 1 response(s) and 2 exception(s):
2024-10-11 15:03:02,586 [s4@group-F860CA578C61-LeaderElection19] INFO  impl.LeaderElection (LeaderElection.java:logAndReturn(94)) -   Response 0: s4<-s3#0:OK-t2
2024-10-11 15:03:02,586 [s4@group-F860CA578C61-LeaderElection19] INFO  impl.LeaderElection (LogUtils.java:infoOrTrace(136)) -   Exception 1: java.util.concurrent.ExecutionException: org.apache.ratis.thirdparty.io.netty.channel.AbstractChannel$AnnotatedConnectException: finishConnect(..) failed: Connection refused: localhost/127.0.0.1:15140
2024-10-11 15:03:02,586 [s4@group-F860CA578C61-LeaderElection19] INFO  impl.LeaderElection (LogUtils.java:infoOrTrace(136)) -   Exception 2: java.util.concurrent.ExecutionException: org.apache.ratis.thirdparty.io.netty.channel.AbstractChannel$AnnotatedConnectException: finishConnect(..) failed: Connection refused: localhost/127.0.0.1:15148
2024-10-11 15:03:02,586 [s4@group-F860CA578C61-LeaderElection19] INFO  impl.LeaderElection (LeaderElection.java:askForVotes(339)) - s4@group-F860CA578C61-LeaderElection19 PRE_VOTE round 9: result TIMEOUT
2024-10-11 15:03:02,586 [s4@group-F860CA578C61-LeaderElection19] INFO  impl.LeaderElection (LeaderElection.java:askForVotes(337)) - s4@group-F860CA578C61-LeaderElection19 PRE_VOTE round 10: submit vote requests at term 2 for conf: {index: 1, cur=peers:[s3|localhost:15152, s4|localhost:15156, s0|localhost:15140, s1|localhost:15144, s2|localhost:15148]|listeners:[], old=null}
2024-10-11 15:03:02,587 [NettyRpcService-workerGroup--thread3] INFO  server.RaftServer$Division (RaftServerImpl.java:requestVote(1443)) - s3@group-F860CA578C61: receive requestVote(PRE_VOTE, s4, group-F860CA578C61, 2, (t:2, i:2))
2024-10-11 15:03:02,587 [NettyRpcService-workerGroup--thread3] INFO  impl.VoteContext (VoteContext.java:log(49)) - s3@group-F860CA578C61-FOLLOWER: accept PRE_VOTE from s4: our priority 0 <= candidate's priority 0
2024-10-11 15:03:02,587 [NettyRpcService-workerGroup--thread3] INFO  server.RaftServer$Division (RaftServerImpl.java:requestVote(1476)) - s3@group-F860CA578C61 replies to PRE_VOTE vote request: s4<-s3#0:OK-t2. Peer's state: s3@group-F860CA578C61:t2, leader=s0, voted=s0, raftlog=Memoized:s3@group-F860CA578C61-SegmentedRaftLog:OPENED:c2:last(t:2, i:2), conf=conf: {index: 1, cur=peers:[s3|localhost:15152, s4|localhost:15156, s0|localhost:15140, s1|localhost:15144, s2|localhost:15148]|listeners:[], old=null}
2024-10-11 15:03:02,587 [s4@group-F860CA578C61-LeaderElection19] INFO  impl.LeaderElection (LogUtils.java:infoOrTrace(136)) - s4@group-F860CA578C61-LeaderElection19 got exception when requesting votes: java.util.concurrent.ExecutionException: org.apache.ratis.thirdparty.io.netty.channel.AbstractChannel$AnnotatedConnectException: finishConnect(..) failed: Connection refused: localhost/127.0.0.1:15148
2024-10-11 15:03:02,588 [s4@group-F860CA578C61-LeaderElection19] INFO  impl.LeaderElection (LogUtils.java:infoOrTrace(136)) - s4@group-F860CA578C61-LeaderElection19 got exception when requesting votes: java.util.concurrent.ExecutionException: org.apache.ratis.thirdparty.io.netty.channel.AbstractChannel$AnnotatedConnectException: finishConnect(..) failed: Connection refused: localhost/127.0.0.1:15140
2024-10-11 15:03:02,866 [s4@group-F860CA578C61-LeaderElection19] INFO  impl.LeaderElection (LeaderElection.java:logAndReturn(90)) - s4@group-F860CA578C61-LeaderElection19: PRE_VOTE TIMEOUT received 1 response(s) and 2 exception(s):
2024-10-11 15:03:02,866 [s4@group-F860CA578C61-LeaderElection19] INFO  impl.LeaderElection (LeaderElection.java:logAndReturn(94)) -   Response 0: s4<-s3#0:OK-t2
2024-10-11 15:03:02,866 [s4@group-F860CA578C61-LeaderElection19] INFO  impl.LeaderElection (LogUtils.java:infoOrTrace(136)) -   Exception 1: java.util.concurrent.ExecutionException: org.apache.ratis.thirdparty.io.netty.channel.AbstractChannel$AnnotatedConnectException: finishConnect(..) failed: Connection refused: localhost/127.0.0.1:15148
2024-10-11 15:03:02,866 [s4@group-F860CA578C61-LeaderElection19] INFO  impl.LeaderElection (LogUtils.java:infoOrTrace(136)) -   Exception 2: java.util.concurrent.ExecutionException: org.apache.ratis.thirdparty.io.netty.channel.AbstractChannel$AnnotatedConnectException: finishConnect(..) failed: Connection refused: localhost/127.0.0.1:15140
2024-10-11 15:03:02,866 [s4@group-F860CA578C61-LeaderElection19] INFO  impl.LeaderElection (LeaderElection.java:askForVotes(339)) - s4@group-F860CA578C61-LeaderElection19 PRE_VOTE round 10: result TIMEOUT
2024-10-11 15:03:02,866 [s4@group-F860CA578C61-LeaderElection19] INFO  impl.LeaderElection (LeaderElection.java:askForVotes(337)) - s4@group-F860CA578C61-LeaderElection19 PRE_VOTE round 11: submit vote requests at term 2 for conf: {index: 1, cur=peers:[s3|localhost:15152, s4|localhost:15156, s0|localhost:15140, s1|localhost:15144, s2|localhost:15148]|listeners:[], old=null}
2024-10-11 15:03:02,867 [NettyRpcService-workerGroup--thread3] INFO  server.RaftServer$Division (RaftServerImpl.java:requestVote(1443)) - s3@group-F860CA578C61: receive requestVote(PRE_VOTE, s4, group-F860CA578C61, 2, (t:2, i:2))
2024-10-11 15:03:02,867 [NettyRpcService-workerGroup--thread3] INFO  impl.VoteContext (VoteContext.java:log(49)) - s3@group-F860CA578C61-FOLLOWER: accept PRE_VOTE from s4: our priority 0 <= candidate's priority 0
2024-10-11 15:03:02,867 [NettyRpcService-workerGroup--thread3] INFO  server.RaftServer$Division (RaftServerImpl.java:requestVote(1476)) - s3@group-F860CA578C61 replies to PRE_VOTE vote request: s4<-s3#0:OK-t2. Peer's state: s3@group-F860CA578C61:t2, leader=s0, voted=s0, raftlog=Memoized:s3@group-F860CA578C61-SegmentedRaftLog:OPENED:c2:last(t:2, i:2), conf=conf: {index: 1, cur=peers:[s3|localhost:15152, s4|localhost:15156, s0|localhost:15140, s1|localhost:15144, s2|localhost:15148]|listeners:[], old=null}
2024-10-11 15:03:02,868 [s4@group-F860CA578C61-LeaderElection19] INFO  impl.LeaderElection (LogUtils.java:infoOrTrace(136)) - s4@group-F860CA578C61-LeaderElection19 got exception when requesting votes: java.util.concurrent.ExecutionException: org.apache.ratis.thirdparty.io.netty.channel.AbstractChannel$AnnotatedConnectException: finishConnect(..) failed: Connection refused: localhost/127.0.0.1:15140
2024-10-11 15:03:02,868 [s4@group-F860CA578C61-LeaderElection19] INFO  impl.LeaderElection (LogUtils.java:infoOrTrace(136)) - s4@group-F860CA578C61-LeaderElection19 got exception when requesting votes: java.util.concurrent.ExecutionException: org.apache.ratis.thirdparty.io.netty.channel.AbstractChannel$AnnotatedConnectException: finishConnect(..) failed: Connection refused: localhost/127.0.0.1:15148
2024-10-11 15:03:02,979 [main] WARN  ratis.RaftTestUtil (RaftTestUtil.java:lambda$waitForLeader$3(126)) - Attempt #6 failed: java.lang.IllegalStateException: No leader yet : printing ALL groups
  s3:  RUNNING  FOLLOWER s3@group-F860CA578C61:t2, leader=s0, voted=s0, raftlog=Memoized:s3@group-F860CA578C61-SegmentedRaftLog:OPENED:c2:last(t:2, i:2), conf=conf: {index: 1, cur=peers:[s3|localhost:15152, s4|localhost:15156, s0|localhost:15140, s1|localhost:15144, s2|localhost:15148]|listeners:[], old=null} RUNNING
  s4:  RUNNING CANDIDATE s4@group-F860CA578C61:t2, leader=null, voted=s0, raftlog=Memoized:s4@group-F860CA578C61-SegmentedRaftLog:OPENED:c2:last(t:2, i:2), conf=conf: {index: 1, cur=peers:[s3|localhost:15152, s4|localhost:15156, s0|localhost:15140, s1|localhost:15144, s2|localhost:15148]|listeners:[], old=null} RUNNING
  s0:   CLOSED    LEADER s0@group-F860CA578C61:t2, leader=s0, voted=s0, raftlog=Memoized:s0@group-F860CA578C61-SegmentedRaftLog:CLOSED:c2, conf=conf: {index: 1, cur=peers:[s3|localhost:15152, s4|localhost:15156, s0|localhost:15140, s1|localhost:15144, s2|localhost:15148]|listeners:[], old=null} CLOSED
  s1:  RUNNING  FOLLOWER s1@group-F860CA578C61:t1, leader=null, voted=null, raftlog=Memoized:s1@group-F860CA578C61-SegmentedRaftLog:OPENED:c-1:lastnull, conf=conf: {index: -1, cur=peers:[s3|localhost:15152, s4|localhost:15156, s0|localhost:15140, s1|localhost:15144, s2|localhost:15148]|listeners:[], old=null} RUNNING
  s2:   CLOSED    LEADER s2@group-F860CA578C61:t1, leader=s2, voted=s2, raftlog=Memoized:s2@group-F860CA578C61-SegmentedRaftLog:CLOSED:c0, conf=conf: {index: 0, cur=peers:[s3|localhost:15152, s4|localhost:15156, s0|localhost:15140, s1|localhost:15144, s2|localhost:15148]|listeners:[], old=null} CLOSED
2024-10-11 15:03:03,044 [s3@group-F860CA578C61-FollowerState] INFO  impl.FollowerState (FollowerState.java:runImpl(156)) - s3@group-F860CA578C61-FollowerState: change to CANDIDATE, lastRpcElapsedTime:176576428ns, electionTimeout:160ms
2024-10-11 15:03:03,044 [s3@group-F860CA578C61-FollowerState] INFO  impl.RoleInfo (RoleInfo.java:shutdownFollowerState(121)) - s3: shutdown s3@group-F860CA578C61-FollowerState
2024-10-11 15:03:03,044 [s3@group-F860CA578C61-FollowerState] INFO  server.RaftServer$Division (RaftServerImpl.java:setRole(379)) - s3@group-F860CA578C61: changes role from  FOLLOWER to CANDIDATE at term 2 for changeToCandidate
2024-10-11 15:03:03,044 [s3@group-F860CA578C61-FollowerState] INFO  server.RaftServerConfigKeys (ConfUtils.java:logGet(46)) - raft.server.leaderelection.pre-vote = true (default)
2024-10-11 15:03:03,044 [s3@group-F860CA578C61-FollowerState] INFO  impl.RoleInfo (RoleInfo.java:updateAndGet(148)) - s3: start s3@group-F860CA578C61-LeaderElection20
2024-10-11 15:03:03,045 [s3@group-F860CA578C61-LeaderElection20] INFO  server.RaftServer$Division (ServerState.java:setLeader(272)) - s3@group-F860CA578C61: change Leader from s0 to null at term 2 for PRE_VOTE
2024-10-11 15:03:03,045 [s3@group-F860CA578C61-LeaderElection20] INFO  impl.LeaderElection (LeaderElection.java:askForVotes(337)) - s3@group-F860CA578C61-LeaderElection20 PRE_VOTE round 0: submit vote requests at term 2 for conf: {index: 1, cur=peers:[s3|localhost:15152, s4|localhost:15156, s0|localhost:15140, s1|localhost:15144, s2|localhost:15148]|listeners:[], old=null}
2024-10-11 15:03:03,046 [NettyRpcService-bossGroup--thread1] INFO  logging.LoggingHandler (AbstractInternalLogger.java:log(148)) - [id: 0x51dc07eb, L:/0.0.0.0:15144] READ: [id: 0xaee649f5, L:/127.0.0.1:15144 - R:/127.0.0.1:43162]
2024-10-11 15:03:03,046 [s3@group-F860CA578C61-LeaderElection20] INFO  impl.LeaderElection (LogUtils.java:infoOrTrace(136)) - s3@group-F860CA578C61-LeaderElection20 got exception when requesting votes: java.util.concurrent.ExecutionException: org.apache.ratis.thirdparty.io.netty.channel.AbstractChannel$AnnotatedConnectException: finishConnect(..) failed: Connection refused: localhost/127.0.0.1:15148
2024-10-11 15:03:03,046 [NettyRpcService-bossGroup--thread1] INFO  logging.LoggingHandler (AbstractInternalLogger.java:log(148)) - [id: 0xbe8da037, L:/0.0.0.0:15156] READ: [id: 0x786dceef, L:/127.0.0.1:15156 - R:/127.0.0.1:56440]
2024-10-11 15:03:03,046 [NettyRpcService-bossGroup--thread1] INFO  logging.LoggingHandler (AbstractInternalLogger.java:log(148)) - [id: 0x51dc07eb, L:/0.0.0.0:15144] READ COMPLETE
2024-10-11 15:03:03,047 [NettyRpcService-workerGroup--thread4] INFO  server.RaftServer$Division (RaftServerImpl.java:requestVote(1443)) - s1@group-F860CA578C61: receive requestVote(PRE_VOTE, s3, group-F860CA578C61, 2, (t:2, i:2))
2024-10-11 15:03:03,048 [NettyRpcService-bossGroup--thread1] INFO  logging.LoggingHandler (AbstractInternalLogger.java:log(148)) - [id: 0xbe8da037, L:/0.0.0.0:15156] READ COMPLETE
2024-10-11 15:03:03,048 [NettyRpcService-workerGroup--thread3] INFO  server.RaftServer$Division (RaftServerImpl.java:requestVote(1443)) - s4@group-F860CA578C61: receive requestVote(PRE_VOTE, s3, group-F860CA578C61, 2, (t:2, i:2))
2024-10-11 15:03:03,048 [NettyRpcService-workerGroup--thread3] INFO  impl.VoteContext (VoteContext.java:log(49)) - s4@group-F860CA578C61-CANDIDATE: accept PRE_VOTE from s3: our priority 0 <= candidate's priority 0
2024-10-11 15:03:03,048 [NettyRpcService-workerGroup--thread3] INFO  server.RaftServer$Division (RaftServerImpl.java:requestVote(1476)) - s4@group-F860CA578C61 replies to PRE_VOTE vote request: s3<-s4#0:OK-t2. Peer's state: s4@group-F860CA578C61:t2, leader=null, voted=s0, raftlog=Memoized:s4@group-F860CA578C61-SegmentedRaftLog:OPENED:c2:last(t:2, i:2), conf=conf: {index: 1, cur=peers:[s3|localhost:15152, s4|localhost:15156, s0|localhost:15140, s1|localhost:15144, s2|localhost:15148]|listeners:[], old=null}
2024-10-11 15:03:03,049 [s3@group-F860CA578C61-LeaderElection20] INFO  impl.LeaderElection (LogUtils.java:infoOrTrace(136)) - s3@group-F860CA578C61-LeaderElection20 got exception when requesting votes: java.util.concurrent.ExecutionException: org.apache.ratis.thirdparty.io.netty.channel.AbstractChannel$AnnotatedConnectException: finishConnect(..) failed: Connection refused: localhost/127.0.0.1:15140
2024-10-11 15:03:03,155 [s4@group-F860CA578C61-LeaderElection19] INFO  impl.LeaderElection (LeaderElection.java:logAndReturn(90)) - s4@group-F860CA578C61-LeaderElection19: PRE_VOTE TIMEOUT received 1 response(s) and 2 exception(s):
2024-10-11 15:03:03,155 [s4@group-F860CA578C61-LeaderElection19] INFO  impl.LeaderElection (LeaderElection.java:logAndReturn(94)) -   Response 0: s4<-s3#0:OK-t2
2024-10-11 15:03:03,155 [s4@group-F860CA578C61-LeaderElection19] INFO  impl.LeaderElection (LogUtils.java:infoOrTrace(136)) -   Exception 1: java.util.concurrent.ExecutionException: org.apache.ratis.thirdparty.io.netty.channel.AbstractChannel$AnnotatedConnectException: finishConnect(..) failed: Connection refused: localhost/127.0.0.1:15140
2024-10-11 15:03:03,155 [s4@group-F860CA578C61-LeaderElection19] INFO  impl.LeaderElection (LogUtils.java:infoOrTrace(136)) -   Exception 2: java.util.concurrent.ExecutionException: org.apache.ratis.thirdparty.io.netty.channel.AbstractChannel$AnnotatedConnectException: finishConnect(..) failed: Connection refused: localhost/127.0.0.1:15148
2024-10-11 15:03:03,155 [s4@group-F860CA578C61-LeaderElection19] INFO  impl.LeaderElection (LeaderElection.java:askForVotes(339)) - s4@group-F860CA578C61-LeaderElection19 PRE_VOTE round 11: result TIMEOUT
2024-10-11 15:03:03,155 [s4@group-F860CA578C61-LeaderElection19] INFO  impl.LeaderElection (LeaderElection.java:askForVotes(337)) - s4@group-F860CA578C61-LeaderElection19 PRE_VOTE round 12: submit vote requests at term 2 for conf: {index: 1, cur=peers:[s3|localhost:15152, s4|localhost:15156, s0|localhost:15140, s1|localhost:15144, s2|localhost:15148]|listeners:[], old=null}
2024-10-11 15:03:03,156 [NettyRpcService-workerGroup--thread3] INFO  server.RaftServer$Division (RaftServerImpl.java:requestVote(1443)) - s3@group-F860CA578C61: receive requestVote(PRE_VOTE, s4, group-F860CA578C61, 2, (t:2, i:2))
2024-10-11 15:03:03,156 [NettyRpcService-workerGroup--thread3] INFO  impl.VoteContext (VoteContext.java:log(49)) - s3@group-F860CA578C61-CANDIDATE: accept PRE_VOTE from s4: our priority 0 <= candidate's priority 0
2024-10-11 15:03:03,156 [NettyRpcService-workerGroup--thread3] INFO  server.RaftServer$Division (RaftServerImpl.java:requestVote(1476)) - s3@group-F860CA578C61 replies to PRE_VOTE vote request: s4<-s3#0:OK-t2. Peer's state: s3@group-F860CA578C61:t2, leader=null, voted=s0, raftlog=Memoized:s3@group-F860CA578C61-SegmentedRaftLog:OPENED:c2:last(t:2, i:2), conf=conf: {index: 1, cur=peers:[s3|localhost:15152, s4|localhost:15156, s0|localhost:15140, s1|localhost:15144, s2|localhost:15148]|listeners:[], old=null}
2024-10-11 15:03:03,156 [s4@group-F860CA578C61-LeaderElection19] INFO  impl.LeaderElection (LogUtils.java:infoOrTrace(136)) - s4@group-F860CA578C61-LeaderElection19 got exception when requesting votes: java.util.concurrent.ExecutionException: org.apache.ratis.thirdparty.io.netty.channel.AbstractChannel$AnnotatedConnectException: finishConnect(..) failed: Connection refused: localhost/127.0.0.1:15140
2024-10-11 15:03:03,157 [s4@group-F860CA578C61-LeaderElection19] INFO  impl.LeaderElection (LogUtils.java:infoOrTrace(136)) - s4@group-F860CA578C61-LeaderElection19 got exception when requesting votes: java.util.concurrent.ExecutionException: org.apache.ratis.thirdparty.io.netty.channel.AbstractChannel$AnnotatedConnectException: finishConnect(..) failed: Connection refused: localhost/127.0.0.1:15148
2024-10-11 15:03:03,329 [s3@group-F860CA578C61-LeaderElection20] INFO  impl.LeaderElection (LeaderElection.java:logAndReturn(90)) - s3@group-F860CA578C61-LeaderElection20: PRE_VOTE TIMEOUT received 1 response(s) and 2 exception(s):
2024-10-11 15:03:03,329 [s3@group-F860CA578C61-LeaderElection20] INFO  impl.LeaderElection (LeaderElection.java:logAndReturn(94)) -   Response 0: s3<-s4#0:OK-t2
2024-10-11 15:03:03,329 [s3@group-F860CA578C61-LeaderElection20] INFO  impl.LeaderElection (LogUtils.java:infoOrTrace(136)) -   Exception 1: java.util.concurrent.ExecutionException: org.apache.ratis.thirdparty.io.netty.channel.AbstractChannel$AnnotatedConnectException: finishConnect(..) failed: Connection refused: localhost/127.0.0.1:15148
2024-10-11 15:03:03,329 [s3@group-F860CA578C61-LeaderElection20] INFO  impl.LeaderElection (LogUtils.java:infoOrTrace(136)) -   Exception 2: java.util.concurrent.ExecutionException: org.apache.ratis.thirdparty.io.netty.channel.AbstractChannel$AnnotatedConnectException: finishConnect(..) failed: Connection refused: localhost/127.0.0.1:15140
2024-10-11 15:03:03,330 [s3@group-F860CA578C61-LeaderElection20] INFO  impl.LeaderElection (LeaderElection.java:askForVotes(339)) - s3@group-F860CA578C61-LeaderElection20 PRE_VOTE round 0: result TIMEOUT
2024-10-11 15:03:03,330 [s3@group-F860CA578C61-LeaderElection20] INFO  impl.LeaderElection (LeaderElection.java:askForVotes(337)) - s3@group-F860CA578C61-LeaderElection20 PRE_VOTE round 1: submit vote requests at term 2 for conf: {index: 1, cur=peers:[s3|localhost:15152, s4|localhost:15156, s0|localhost:15140, s1|localhost:15144, s2|localhost:15148]|listeners:[], old=null}
2024-10-11 15:03:03,330 [NettyRpcService-workerGroup--thread3] INFO  server.RaftServer$Division (RaftServerImpl.java:requestVote(1443)) - s4@group-F860CA578C61: receive requestVote(PRE_VOTE, s3, group-F860CA578C61, 2, (t:2, i:2))
2024-10-11 15:03:03,331 [NettyRpcService-workerGroup--thread3] INFO  impl.VoteContext (VoteContext.java:log(49)) - s4@group-F860CA578C61-CANDIDATE: accept PRE_VOTE from s3: our priority 0 <= candidate's priority 0
2024-10-11 15:03:03,331 [NettyRpcService-workerGroup--thread3] INFO  server.RaftServer$Division (RaftServerImpl.java:requestVote(1476)) - s4@group-F860CA578C61 replies to PRE_VOTE vote request: s3<-s4#0:OK-t2. Peer's state: s4@group-F860CA578C61:t2, leader=null, voted=s0, raftlog=Memoized:s4@group-F860CA578C61-SegmentedRaftLog:OPENED:c2:last(t:2, i:2), conf=conf: {index: 1, cur=peers:[s3|localhost:15152, s4|localhost:15156, s0|localhost:15140, s1|localhost:15144, s2|localhost:15148]|listeners:[], old=null}
2024-10-11 15:03:03,332 [s3@group-F860CA578C61-LeaderElection20] INFO  impl.LeaderElection (LogUtils.java:infoOrTrace(136)) - s3@group-F860CA578C61-LeaderElection20 got exception when requesting votes: java.util.concurrent.ExecutionException: org.apache.ratis.thirdparty.io.netty.channel.AbstractChannel$AnnotatedConnectException: finishConnect(..) failed: Connection refused: localhost/127.0.0.1:15140
2024-10-11 15:03:03,332 [s3@group-F860CA578C61-LeaderElection20] INFO  impl.LeaderElection (LogUtils.java:infoOrTrace(136)) - s3@group-F860CA578C61-LeaderElection20 got exception when requesting votes: java.util.concurrent.ExecutionException: org.apache.ratis.thirdparty.io.netty.channel.AbstractChannel$AnnotatedConnectException: finishConnect(..) failed: Connection refused: localhost/127.0.0.1:15148
2024-10-11 15:03:03,355 [s4@group-F860CA578C61-LeaderElection19] INFO  impl.LeaderElection (LeaderElection.java:logAndReturn(90)) - s4@group-F860CA578C61-LeaderElection19: PRE_VOTE TIMEOUT received 1 response(s) and 2 exception(s):
2024-10-11 15:03:03,355 [s4@group-F860CA578C61-LeaderElection19] INFO  impl.LeaderElection (LeaderElection.java:logAndReturn(94)) -   Response 0: s4<-s3#0:OK-t2
2024-10-11 15:03:03,355 [s4@group-F860CA578C61-LeaderElection19] INFO  impl.LeaderElection (LogUtils.java:infoOrTrace(136)) -   Exception 1: java.util.concurrent.ExecutionException: org.apache.ratis.thirdparty.io.netty.channel.AbstractChannel$AnnotatedConnectException: finishConnect(..) failed: Connection refused: localhost/127.0.0.1:15140
2024-10-11 15:03:03,355 [s4@group-F860CA578C61-LeaderElection19] INFO  impl.LeaderElection (LogUtils.java:infoOrTrace(136)) -   Exception 2: java.util.concurrent.ExecutionException: org.apache.ratis.thirdparty.io.netty.channel.AbstractChannel$AnnotatedConnectException: finishConnect(..) failed: Connection refused: localhost/127.0.0.1:15148
2024-10-11 15:03:03,355 [s4@group-F860CA578C61-LeaderElection19] INFO  impl.LeaderElection (LeaderElection.java:askForVotes(339)) - s4@group-F860CA578C61-LeaderElection19 PRE_VOTE round 12: result TIMEOUT
2024-10-11 15:03:03,355 [s4@group-F860CA578C61-LeaderElection19] INFO  impl.LeaderElection (LeaderElection.java:askForVotes(337)) - s4@group-F860CA578C61-LeaderElection19 PRE_VOTE round 13: submit vote requests at term 2 for conf: {index: 1, cur=peers:[s3|localhost:15152, s4|localhost:15156, s0|localhost:15140, s1|localhost:15144, s2|localhost:15148]|listeners:[], old=null}
2024-10-11 15:03:03,356 [NettyRpcService-workerGroup--thread3] INFO  server.RaftServer$Division (RaftServerImpl.java:requestVote(1443)) - s3@group-F860CA578C61: receive requestVote(PRE_VOTE, s4, group-F860CA578C61, 2, (t:2, i:2))
2024-10-11 15:03:03,356 [NettyRpcService-workerGroup--thread3] INFO  impl.VoteContext (VoteContext.java:log(49)) - s3@group-F860CA578C61-CANDIDATE: accept PRE_VOTE from s4: our priority 0 <= candidate's priority 0
2024-10-11 15:03:03,356 [NettyRpcService-workerGroup--thread3] INFO  server.RaftServer$Division (RaftServerImpl.java:requestVote(1476)) - s3@group-F860CA578C61 replies to PRE_VOTE vote request: s4<-s3#0:OK-t2. Peer's state: s3@group-F860CA578C61:t2, leader=null, voted=s0, raftlog=Memoized:s3@group-F860CA578C61-SegmentedRaftLog:OPENED:c2:last(t:2, i:2), conf=conf: {index: 1, cur=peers:[s3|localhost:15152, s4|localhost:15156, s0|localhost:15140, s1|localhost:15144, s2|localhost:15148]|listeners:[], old=null}
2024-10-11 15:03:03,356 [s4@group-F860CA578C61-LeaderElection19] INFO  impl.LeaderElection (LogUtils.java:infoOrTrace(136)) - s4@group-F860CA578C61-LeaderElection19 got exception when requesting votes: java.util.concurrent.ExecutionException: org.apache.ratis.thirdparty.io.netty.channel.AbstractChannel$AnnotatedConnectException: finishConnect(..) failed: Connection refused: localhost/127.0.0.1:15140
2024-10-11 15:03:03,357 [s4@group-F860CA578C61-LeaderElection19] INFO  impl.LeaderElection (LogUtils.java:infoOrTrace(136)) - s4@group-F860CA578C61-LeaderElection19 got exception when requesting votes: java.util.concurrent.ExecutionException: org.apache.ratis.thirdparty.io.netty.channel.AbstractChannel$AnnotatedConnectException: finishConnect(..) failed: Connection refused: localhost/127.0.0.1:15148
2024-10-11 15:03:03,429 [main] WARN  ratis.RaftTestUtil (RaftTestUtil.java:lambda$waitForLeader$3(126)) - Attempt #7 failed: java.lang.IllegalStateException: No leader yet : printing ALL groups
  s3:  RUNNING CANDIDATE s3@group-F860CA578C61:t2, leader=null, voted=s0, raftlog=Memoized:s3@group-F860CA578C61-SegmentedRaftLog:OPENED:c2:last(t:2, i:2), conf=conf: {index: 1, cur=peers:[s3|localhost:15152, s4|localhost:15156, s0|localhost:15140, s1|localhost:15144, s2|localhost:15148]|listeners:[], old=null} RUNNING
  s4:  RUNNING CANDIDATE s4@group-F860CA578C61:t2, leader=null, voted=s0, raftlog=Memoized:s4@group-F860CA578C61-SegmentedRaftLog:OPENED:c2:last(t:2, i:2), conf=conf: {index: 1, cur=peers:[s3|localhost:15152, s4|localhost:15156, s0|localhost:15140, s1|localhost:15144, s2|localhost:15148]|listeners:[], old=null} RUNNING
  s0:   CLOSED    LEADER s0@group-F860CA578C61:t2, leader=s0, voted=s0, raftlog=Memoized:s0@group-F860CA578C61-SegmentedRaftLog:CLOSED:c2, conf=conf: {index: 1, cur=peers:[s3|localhost:15152, s4|localhost:15156, s0|localhost:15140, s1|localhost:15144, s2|localhost:15148]|listeners:[], old=null} CLOSED
  s1:  RUNNING  FOLLOWER s1@group-F860CA578C61:t1, leader=null, voted=null, raftlog=Memoized:s1@group-F860CA578C61-SegmentedRaftLog:OPENED:c-1:lastnull, conf=conf: {index: -1, cur=peers:[s3|localhost:15152, s4|localhost:15156, s0|localhost:15140, s1|localhost:15144, s2|localhost:15148]|listeners:[], old=null} RUNNING
  s2:   CLOSED    LEADER s2@group-F860CA578C61:t1, leader=s2, voted=s2, raftlog=Memoized:s2@group-F860CA578C61-SegmentedRaftLog:CLOSED:c0, conf=conf: {index: 0, cur=peers:[s3|localhost:15152, s4|localhost:15156, s0|localhost:15140, s1|localhost:15144, s2|localhost:15148]|listeners:[], old=null} CLOSED
2024-10-11 15:03:03,540 [s3@group-F860CA578C61-LeaderElection20] INFO  impl.LeaderElection (LeaderElection.java:logAndReturn(90)) - s3@group-F860CA578C61-LeaderElection20: PRE_VOTE TIMEOUT received 1 response(s) and 2 exception(s):
2024-10-11 15:03:03,541 [s3@group-F860CA578C61-LeaderElection20] INFO  impl.LeaderElection (LeaderElection.java:logAndReturn(94)) -   Response 0: s3<-s4#0:OK-t2
2024-10-11 15:03:03,541 [s3@group-F860CA578C61-LeaderElection20] INFO  impl.LeaderElection (LogUtils.java:infoOrTrace(136)) -   Exception 1: java.util.concurrent.ExecutionException: org.apache.ratis.thirdparty.io.netty.channel.AbstractChannel$AnnotatedConnectException: finishConnect(..) failed: Connection refused: localhost/127.0.0.1:15140
2024-10-11 15:03:03,541 [s3@group-F860CA578C61-LeaderElection20] INFO  impl.LeaderElection (LogUtils.java:infoOrTrace(136)) -   Exception 2: java.util.concurrent.ExecutionException: org.apache.ratis.thirdparty.io.netty.channel.AbstractChannel$AnnotatedConnectException: finishConnect(..) failed: Connection refused: localhost/127.0.0.1:15148
2024-10-11 15:03:03,541 [s3@group-F860CA578C61-LeaderElection20] INFO  impl.LeaderElection (LeaderElection.java:askForVotes(339)) - s3@group-F860CA578C61-LeaderElection20 PRE_VOTE round 1: result TIMEOUT
2024-10-11 15:03:03,541 [s3@group-F860CA578C61-LeaderElection20] INFO  impl.LeaderElection (LeaderElection.java:askForVotes(337)) - s3@group-F860CA578C61-LeaderElection20 PRE_VOTE round 2: submit vote requests at term 2 for conf: {index: 1, cur=peers:[s3|localhost:15152, s4|localhost:15156, s0|localhost:15140, s1|localhost:15144, s2|localhost:15148]|listeners:[], old=null}
2024-10-11 15:03:03,542 [NettyRpcService-workerGroup--thread3] INFO  server.RaftServer$Division (RaftServerImpl.java:requestVote(1443)) - s4@group-F860CA578C61: receive requestVote(PRE_VOTE, s3, group-F860CA578C61, 2, (t:2, i:2))
2024-10-11 15:03:03,542 [NettyRpcService-workerGroup--thread3] INFO  impl.VoteContext (VoteContext.java:log(49)) - s4@group-F860CA578C61-CANDIDATE: accept PRE_VOTE from s3: our priority 0 <= candidate's priority 0
2024-10-11 15:03:03,542 [NettyRpcService-workerGroup--thread3] INFO  server.RaftServer$Division (RaftServerImpl.java:requestVote(1476)) - s4@group-F860CA578C61 replies to PRE_VOTE vote request: s3<-s4#0:OK-t2. Peer's state: s4@group-F860CA578C61:t2, leader=null, voted=s0, raftlog=Memoized:s4@group-F860CA578C61-SegmentedRaftLog:OPENED:c2:last(t:2, i:2), conf=conf: {index: 1, cur=peers:[s3|localhost:15152, s4|localhost:15156, s0|localhost:15140, s1|localhost:15144, s2|localhost:15148]|listeners:[], old=null}
2024-10-11 15:03:03,543 [s3@group-F860CA578C61-LeaderElection20] INFO  impl.LeaderElection (LogUtils.java:infoOrTrace(136)) - s3@group-F860CA578C61-LeaderElection20 got exception when requesting votes: java.util.concurrent.ExecutionException: org.apache.ratis.thirdparty.io.netty.channel.AbstractChannel$AnnotatedConnectException: finishConnect(..) failed: Connection refused: localhost/127.0.0.1:15148
2024-10-11 15:03:03,543 [s3@group-F860CA578C61-LeaderElection20] INFO  impl.LeaderElection (LogUtils.java:infoOrTrace(136)) - s3@group-F860CA578C61-LeaderElection20 got exception when requesting votes: java.util.concurrent.ExecutionException: org.apache.ratis.thirdparty.io.netty.channel.AbstractChannel$AnnotatedConnectException: finishConnect(..) failed: Connection refused: localhost/127.0.0.1:15140
2024-10-11 15:03:03,610 [s4@group-F860CA578C61-LeaderElection19] INFO  impl.LeaderElection (LeaderElection.java:logAndReturn(90)) - s4@group-F860CA578C61-LeaderElection19: PRE_VOTE TIMEOUT received 1 response(s) and 2 exception(s):
2024-10-11 15:03:03,610 [s4@group-F860CA578C61-LeaderElection19] INFO  impl.LeaderElection (LeaderElection.java:logAndReturn(94)) -   Response 0: s4<-s3#0:OK-t2
2024-10-11 15:03:03,610 [s4@group-F860CA578C61-LeaderElection19] INFO  impl.LeaderElection (LogUtils.java:infoOrTrace(136)) -   Exception 1: java.util.concurrent.ExecutionException: org.apache.ratis.thirdparty.io.netty.channel.AbstractChannel$AnnotatedConnectException: finishConnect(..) failed: Connection refused: localhost/127.0.0.1:15140
2024-10-11 15:03:03,610 [s4@group-F860CA578C61-LeaderElection19] INFO  impl.LeaderElection (LogUtils.java:infoOrTrace(136)) -   Exception 2: java.util.concurrent.ExecutionException: org.apache.ratis.thirdparty.io.netty.channel.AbstractChannel$AnnotatedConnectException: finishConnect(..) failed: Connection refused: localhost/127.0.0.1:15148
2024-10-11 15:03:03,610 [s4@group-F860CA578C61-LeaderElection19] INFO  impl.LeaderElection (LeaderElection.java:askForVotes(339)) - s4@group-F860CA578C61-LeaderElection19 PRE_VOTE round 13: result TIMEOUT
2024-10-11 15:03:03,611 [s4@group-F860CA578C61-LeaderElection19] INFO  impl.LeaderElection (LeaderElection.java:askForVotes(337)) - s4@group-F860CA578C61-LeaderElection19 PRE_VOTE round 14: submit vote requests at term 2 for conf: {index: 1, cur=peers:[s3|localhost:15152, s4|localhost:15156, s0|localhost:15140, s1|localhost:15144, s2|localhost:15148]|listeners:[], old=null}
2024-10-11 15:03:03,611 [NettyRpcService-workerGroup--thread3] INFO  server.RaftServer$Division (RaftServerImpl.java:requestVote(1443)) - s3@group-F860CA578C61: receive requestVote(PRE_VOTE, s4, group-F860CA578C61, 2, (t:2, i:2))
2024-10-11 15:03:03,611 [NettyRpcService-workerGroup--thread3] INFO  impl.VoteContext (VoteContext.java:log(49)) - s3@group-F860CA578C61-CANDIDATE: accept PRE_VOTE from s4: our priority 0 <= candidate's priority 0
2024-10-11 15:03:03,611 [NettyRpcService-workerGroup--thread3] INFO  server.RaftServer$Division (RaftServerImpl.java:requestVote(1476)) - s3@group-F860CA578C61 replies to PRE_VOTE vote request: s4<-s3#0:OK-t2. Peer's state: s3@group-F860CA578C61:t2, leader=null, voted=s0, raftlog=Memoized:s3@group-F860CA578C61-SegmentedRaftLog:OPENED:c2:last(t:2, i:2), conf=conf: {index: 1, cur=peers:[s3|localhost:15152, s4|localhost:15156, s0|localhost:15140, s1|localhost:15144, s2|localhost:15148]|listeners:[], old=null}
2024-10-11 15:03:03,612 [s4@group-F860CA578C61-LeaderElection19] INFO  impl.LeaderElection (LogUtils.java:infoOrTrace(136)) - s4@group-F860CA578C61-LeaderElection19 got exception when requesting votes: java.util.concurrent.ExecutionException: org.apache.ratis.thirdparty.io.netty.channel.AbstractChannel$AnnotatedConnectException: finishConnect(..) failed: Connection refused: localhost/127.0.0.1:15148
2024-10-11 15:03:03,612 [s4@group-F860CA578C61-LeaderElection19] INFO  impl.LeaderElection (LogUtils.java:infoOrTrace(136)) - s4@group-F860CA578C61-LeaderElection19 got exception when requesting votes: java.util.concurrent.ExecutionException: org.apache.ratis.thirdparty.io.netty.channel.AbstractChannel$AnnotatedConnectException: finishConnect(..) failed: Connection refused: localhost/127.0.0.1:15140
2024-10-11 15:03:03,773 [s4@group-F860CA578C61-LeaderElection19] INFO  impl.LeaderElection (LeaderElection.java:logAndReturn(90)) - s4@group-F860CA578C61-LeaderElection19: PRE_VOTE TIMEOUT received 1 response(s) and 2 exception(s):
2024-10-11 15:03:03,773 [s4@group-F860CA578C61-LeaderElection19] INFO  impl.LeaderElection (LeaderElection.java:logAndReturn(94)) -   Response 0: s4<-s3#0:OK-t2
2024-10-11 15:03:03,773 [s4@group-F860CA578C61-LeaderElection19] INFO  impl.LeaderElection (LogUtils.java:infoOrTrace(136)) -   Exception 1: java.util.concurrent.ExecutionException: org.apache.ratis.thirdparty.io.netty.channel.AbstractChannel$AnnotatedConnectException: finishConnect(..) failed: Connection refused: localhost/127.0.0.1:15148
2024-10-11 15:03:03,773 [s4@group-F860CA578C61-LeaderElection19] INFO  impl.LeaderElection (LogUtils.java:infoOrTrace(136)) -   Exception 2: java.util.concurrent.ExecutionException: org.apache.ratis.thirdparty.io.netty.channel.AbstractChannel$AnnotatedConnectException: finishConnect(..) failed: Connection refused: localhost/127.0.0.1:15140
2024-10-11 15:03:03,773 [s4@group-F860CA578C61-LeaderElection19] INFO  impl.LeaderElection (LeaderElection.java:askForVotes(339)) - s4@group-F860CA578C61-LeaderElection19 PRE_VOTE round 14: result TIMEOUT
2024-10-11 15:03:03,774 [s4@group-F860CA578C61-LeaderElection19] INFO  impl.LeaderElection (LeaderElection.java:askForVotes(337)) - s4@group-F860CA578C61-LeaderElection19 PRE_VOTE round 15: submit vote requests at term 2 for conf: {index: 1, cur=peers:[s3|localhost:15152, s4|localhost:15156, s0|localhost:15140, s1|localhost:15144, s2|localhost:15148]|listeners:[], old=null}
2024-10-11 15:03:03,774 [NettyRpcService-workerGroup--thread3] INFO  server.RaftServer$Division (RaftServerImpl.java:requestVote(1443)) - s3@group-F860CA578C61: receive requestVote(PRE_VOTE, s4, group-F860CA578C61, 2, (t:2, i:2))
2024-10-11 15:03:03,774 [NettyRpcService-workerGroup--thread3] INFO  impl.VoteContext (VoteContext.java:log(49)) - s3@group-F860CA578C61-CANDIDATE: accept PRE_VOTE from s4: our priority 0 <= candidate's priority 0
2024-10-11 15:03:03,775 [NettyRpcService-workerGroup--thread3] INFO  server.RaftServer$Division (RaftServerImpl.java:requestVote(1476)) - s3@group-F860CA578C61 replies to PRE_VOTE vote request: s4<-s3#0:OK-t2. Peer's state: s3@group-F860CA578C61:t2, leader=null, voted=s0, raftlog=Memoized:s3@group-F860CA578C61-SegmentedRaftLog:OPENED:c2:last(t:2, i:2), conf=conf: {index: 1, cur=peers:[s3|localhost:15152, s4|localhost:15156, s0|localhost:15140, s1|localhost:15144, s2|localhost:15148]|listeners:[], old=null}
2024-10-11 15:03:03,775 [s4@group-F860CA578C61-LeaderElection19] INFO  impl.LeaderElection (LogUtils.java:infoOrTrace(136)) - s4@group-F860CA578C61-LeaderElection19 got exception when requesting votes: java.util.concurrent.ExecutionException: org.apache.ratis.thirdparty.io.netty.channel.AbstractChannel$AnnotatedConnectException: finishConnect(..) failed: Connection refused: localhost/127.0.0.1:15148
2024-10-11 15:03:03,775 [s4@group-F860CA578C61-LeaderElection19] INFO  impl.LeaderElection (LogUtils.java:infoOrTrace(136)) - s4@group-F860CA578C61-LeaderElection19 got exception when requesting votes: java.util.concurrent.ExecutionException: org.apache.ratis.thirdparty.io.netty.channel.AbstractChannel$AnnotatedConnectException: finishConnect(..) failed: Connection refused: localhost/127.0.0.1:15140
2024-10-11 15:03:03,824 [s3@group-F860CA578C61-LeaderElection20] INFO  impl.LeaderElection (LeaderElection.java:logAndReturn(90)) - s3@group-F860CA578C61-LeaderElection20: PRE_VOTE TIMEOUT received 1 response(s) and 2 exception(s):
2024-10-11 15:03:03,824 [s3@group-F860CA578C61-LeaderElection20] INFO  impl.LeaderElection (LeaderElection.java:logAndReturn(94)) -   Response 0: s3<-s4#0:OK-t2
2024-10-11 15:03:03,824 [s3@group-F860CA578C61-LeaderElection20] INFO  impl.LeaderElection (LogUtils.java:infoOrTrace(136)) -   Exception 1: java.util.concurrent.ExecutionException: org.apache.ratis.thirdparty.io.netty.channel.AbstractChannel$AnnotatedConnectException: finishConnect(..) failed: Connection refused: localhost/127.0.0.1:15148
2024-10-11 15:03:03,824 [s3@group-F860CA578C61-LeaderElection20] INFO  impl.LeaderElection (LogUtils.java:infoOrTrace(136)) -   Exception 2: java.util.concurrent.ExecutionException: org.apache.ratis.thirdparty.io.netty.channel.AbstractChannel$AnnotatedConnectException: finishConnect(..) failed: Connection refused: localhost/127.0.0.1:15140
2024-10-11 15:03:03,824 [s3@group-F860CA578C61-LeaderElection20] INFO  impl.LeaderElection (LeaderElection.java:askForVotes(339)) - s3@group-F860CA578C61-LeaderElection20 PRE_VOTE round 2: result TIMEOUT
2024-10-11 15:03:03,824 [s3@group-F860CA578C61-LeaderElection20] INFO  impl.LeaderElection (LeaderElection.java:askForVotes(337)) - s3@group-F860CA578C61-LeaderElection20 PRE_VOTE round 3: submit vote requests at term 2 for conf: {index: 1, cur=peers:[s3|localhost:15152, s4|localhost:15156, s0|localhost:15140, s1|localhost:15144, s2|localhost:15148]|listeners:[], old=null}
2024-10-11 15:03:03,825 [NettyRpcService-workerGroup--thread3] INFO  server.RaftServer$Division (RaftServerImpl.java:requestVote(1443)) - s4@group-F860CA578C61: receive requestVote(PRE_VOTE, s3, group-F860CA578C61, 2, (t:2, i:2))
2024-10-11 15:03:03,825 [NettyRpcService-workerGroup--thread3] INFO  impl.VoteContext (VoteContext.java:log(49)) - s4@group-F860CA578C61-CANDIDATE: accept PRE_VOTE from s3: our priority 0 <= candidate's priority 0
2024-10-11 15:03:03,825 [NettyRpcService-workerGroup--thread3] INFO  server.RaftServer$Division (RaftServerImpl.java:requestVote(1476)) - s4@group-F860CA578C61 replies to PRE_VOTE vote request: s3<-s4#0:OK-t2. Peer's state: s4@group-F860CA578C61:t2, leader=null, voted=s0, raftlog=Memoized:s4@group-F860CA578C61-SegmentedRaftLog:OPENED:c2:last(t:2, i:2), conf=conf: {index: 1, cur=peers:[s3|localhost:15152, s4|localhost:15156, s0|localhost:15140, s1|localhost:15144, s2|localhost:15148]|listeners:[], old=null}
2024-10-11 15:03:03,825 [s3@group-F860CA578C61-LeaderElection20] INFO  impl.LeaderElection (LogUtils.java:infoOrTrace(136)) - s3@group-F860CA578C61-LeaderElection20 got exception when requesting votes: java.util.concurrent.ExecutionException: org.apache.ratis.thirdparty.io.netty.channel.AbstractChannel$AnnotatedConnectException: finishConnect(..) failed: Connection refused: localhost/127.0.0.1:15140
2024-10-11 15:03:03,825 [s3@group-F860CA578C61-LeaderElection20] INFO  impl.LeaderElection (LogUtils.java:infoOrTrace(136)) - s3@group-F860CA578C61-LeaderElection20 got exception when requesting votes: java.util.concurrent.ExecutionException: org.apache.ratis.thirdparty.io.netty.channel.AbstractChannel$AnnotatedConnectException: finishConnect(..) failed: Connection refused: localhost/127.0.0.1:15148
2024-10-11 15:03:03,880 [main] WARN  ratis.RaftTestUtil (RaftTestUtil.java:lambda$waitForLeader$3(126)) - Attempt #8 failed: java.lang.IllegalStateException: No leader yet : printing ALL groups
  s3:  RUNNING CANDIDATE s3@group-F860CA578C61:t2, leader=null, voted=s0, raftlog=Memoized:s3@group-F860CA578C61-SegmentedRaftLog:OPENED:c2:last(t:2, i:2), conf=conf: {index: 1, cur=peers:[s3|localhost:15152, s4|localhost:15156, s0|localhost:15140, s1|localhost:15144, s2|localhost:15148]|listeners:[], old=null} RUNNING
  s4:  RUNNING CANDIDATE s4@group-F860CA578C61:t2, leader=null, voted=s0, raftlog=Memoized:s4@group-F860CA578C61-SegmentedRaftLog:OPENED:c2:last(t:2, i:2), conf=conf: {index: 1, cur=peers:[s3|localhost:15152, s4|localhost:15156, s0|localhost:15140, s1|localhost:15144, s2|localhost:15148]|listeners:[], old=null} RUNNING
  s0:   CLOSED    LEADER s0@group-F860CA578C61:t2, leader=s0, voted=s0, raftlog=Memoized:s0@group-F860CA578C61-SegmentedRaftLog:CLOSED:c2, conf=conf: {index: 1, cur=peers:[s3|localhost:15152, s4|localhost:15156, s0|localhost:15140, s1|localhost:15144, s2|localhost:15148]|listeners:[], old=null} CLOSED
  s1:  RUNNING  FOLLOWER s1@group-F860CA578C61:t1, leader=null, voted=null, raftlog=Memoized:s1@group-F860CA578C61-SegmentedRaftLog:OPENED:c-1:lastnull, conf=conf: {index: -1, cur=peers:[s3|localhost:15152, s4|localhost:15156, s0|localhost:15140, s1|localhost:15144, s2|localhost:15148]|listeners:[], old=null} RUNNING
  s2:   CLOSED    LEADER s2@group-F860CA578C61:t1, leader=s2, voted=s2, raftlog=Memoized:s2@group-F860CA578C61-SegmentedRaftLog:CLOSED:c0, conf=conf: {index: 0, cur=peers:[s3|localhost:15152, s4|localhost:15156, s0|localhost:15140, s1|localhost:15144, s2|localhost:15148]|listeners:[], old=null} CLOSED
2024-10-11 15:03:04,049 [s3@group-F860CA578C61-LeaderElection20] INFO  impl.LeaderElection (LeaderElection.java:logAndReturn(90)) - s3@group-F860CA578C61-LeaderElection20: PRE_VOTE TIMEOUT received 1 response(s) and 2 exception(s):
2024-10-11 15:03:04,049 [s3@group-F860CA578C61-LeaderElection20] INFO  impl.LeaderElection (LeaderElection.java:logAndReturn(94)) -   Response 0: s3<-s4#0:OK-t2
2024-10-11 15:03:04,049 [s3@group-F860CA578C61-LeaderElection20] INFO  impl.LeaderElection (LogUtils.java:infoOrTrace(136)) -   Exception 1: java.util.concurrent.ExecutionException: org.apache.ratis.thirdparty.io.netty.channel.AbstractChannel$AnnotatedConnectException: finishConnect(..) failed: Connection refused: localhost/127.0.0.1:15140
2024-10-11 15:03:04,049 [s3@group-F860CA578C61-LeaderElection20] INFO  impl.LeaderElection (LogUtils.java:infoOrTrace(136)) -   Exception 2: java.util.concurrent.ExecutionException: org.apache.ratis.thirdparty.io.netty.channel.AbstractChannel$AnnotatedConnectException: finishConnect(..) failed: Connection refused: localhost/127.0.0.1:15148
2024-10-11 15:03:04,049 [s3@group-F860CA578C61-LeaderElection20] INFO  impl.LeaderElection (LeaderElection.java:askForVotes(339)) - s3@group-F860CA578C61-LeaderElection20 PRE_VOTE round 3: result TIMEOUT
2024-10-11 15:03:04,049 [s3@group-F860CA578C61-LeaderElection20] INFO  impl.LeaderElection (LeaderElection.java:askForVotes(337)) - s3@group-F860CA578C61-LeaderElection20 PRE_VOTE round 4: submit vote requests at term 2 for conf: {index: 1, cur=peers:[s3|localhost:15152, s4|localhost:15156, s0|localhost:15140, s1|localhost:15144, s2|localhost:15148]|listeners:[], old=null}
2024-10-11 15:03:04,050 [NettyRpcService-workerGroup--thread3] INFO  server.RaftServer$Division (RaftServerImpl.java:requestVote(1443)) - s4@group-F860CA578C61: receive requestVote(PRE_VOTE, s3, group-F860CA578C61, 2, (t:2, i:2))
2024-10-11 15:03:04,050 [NettyRpcService-workerGroup--thread3] INFO  impl.VoteContext (VoteContext.java:log(49)) - s4@group-F860CA578C61-CANDIDATE: accept PRE_VOTE from s3: our priority 0 <= candidate's priority 0
2024-10-11 15:03:04,050 [NettyRpcService-workerGroup--thread3] INFO  server.RaftServer$Division (RaftServerImpl.java:requestVote(1476)) - s4@group-F860CA578C61 replies to PRE_VOTE vote request: s3<-s4#0:OK-t2. Peer's state: s4@group-F860CA578C61:t2, leader=null, voted=s0, raftlog=Memoized:s4@group-F860CA578C61-SegmentedRaftLog:OPENED:c2:last(t:2, i:2), conf=conf: {index: 1, cur=peers:[s3|localhost:15152, s4|localhost:15156, s0|localhost:15140, s1|localhost:15144, s2|localhost:15148]|listeners:[], old=null}
2024-10-11 15:03:04,050 [s3@group-F860CA578C61-LeaderElection20] INFO  impl.LeaderElection (LogUtils.java:infoOrTrace(136)) - s3@group-F860CA578C61-LeaderElection20 got exception when requesting votes: java.util.concurrent.ExecutionException: org.apache.ratis.thirdparty.io.netty.channel.AbstractChannel$AnnotatedConnectException: finishConnect(..) failed: Connection refused: localhost/127.0.0.1:15148
2024-10-11 15:03:04,050 [s3@group-F860CA578C61-LeaderElection20] INFO  impl.LeaderElection (LogUtils.java:infoOrTrace(136)) - s3@group-F860CA578C61-LeaderElection20 got exception when requesting votes: java.util.concurrent.ExecutionException: org.apache.ratis.thirdparty.io.netty.channel.AbstractChannel$AnnotatedConnectException: finishConnect(..) failed: Connection refused: localhost/127.0.0.1:15140
2024-10-11 15:03:04,058 [s4@group-F860CA578C61-LeaderElection19] INFO  impl.LeaderElection (LeaderElection.java:logAndReturn(90)) - s4@group-F860CA578C61-LeaderElection19: PRE_VOTE TIMEOUT received 1 response(s) and 2 exception(s):
2024-10-11 15:03:04,058 [s4@group-F860CA578C61-LeaderElection19] INFO  impl.LeaderElection (LeaderElection.java:logAndReturn(94)) -   Response 0: s4<-s3#0:OK-t2
2024-10-11 15:03:04,058 [s4@group-F860CA578C61-LeaderElection19] INFO  impl.LeaderElection (LogUtils.java:infoOrTrace(136)) -   Exception 1: java.util.concurrent.ExecutionException: org.apache.ratis.thirdparty.io.netty.channel.AbstractChannel$AnnotatedConnectException: finishConnect(..) failed: Connection refused: localhost/127.0.0.1:15148
2024-10-11 15:03:04,058 [s4@group-F860CA578C61-LeaderElection19] INFO  impl.LeaderElection (LogUtils.java:infoOrTrace(136)) -   Exception 2: java.util.concurrent.ExecutionException: org.apache.ratis.thirdparty.io.netty.channel.AbstractChannel$AnnotatedConnectException: finishConnect(..) failed: Connection refused: localhost/127.0.0.1:15140
2024-10-11 15:03:04,059 [s4@group-F860CA578C61-LeaderElection19] INFO  impl.LeaderElection (LeaderElection.java:askForVotes(339)) - s4@group-F860CA578C61-LeaderElection19 PRE_VOTE round 15: result TIMEOUT
2024-10-11 15:03:04,059 [s4@group-F860CA578C61-LeaderElection19] INFO  impl.LeaderElection (LeaderElection.java:askForVotes(337)) - s4@group-F860CA578C61-LeaderElection19 PRE_VOTE round 16: submit vote requests at term 2 for conf: {index: 1, cur=peers:[s3|localhost:15152, s4|localhost:15156, s0|localhost:15140, s1|localhost:15144, s2|localhost:15148]|listeners:[], old=null}
2024-10-11 15:03:04,059 [NettyRpcService-workerGroup--thread3] INFO  server.RaftServer$Division (RaftServerImpl.java:requestVote(1443)) - s3@group-F860CA578C61: receive requestVote(PRE_VOTE, s4, group-F860CA578C61, 2, (t:2, i:2))
2024-10-11 15:03:04,059 [NettyRpcService-workerGroup--thread3] INFO  impl.VoteContext (VoteContext.java:log(49)) - s3@group-F860CA578C61-CANDIDATE: accept PRE_VOTE from s4: our priority 0 <= candidate's priority 0
2024-10-11 15:03:04,059 [NettyRpcService-workerGroup--thread3] INFO  server.RaftServer$Division (RaftServerImpl.java:requestVote(1476)) - s3@group-F860CA578C61 replies to PRE_VOTE vote request: s4<-s3#0:OK-t2. Peer's state: s3@group-F860CA578C61:t2, leader=null, voted=s0, raftlog=Memoized:s3@group-F860CA578C61-SegmentedRaftLog:OPENED:c2:last(t:2, i:2), conf=conf: {index: 1, cur=peers:[s3|localhost:15152, s4|localhost:15156, s0|localhost:15140, s1|localhost:15144, s2|localhost:15148]|listeners:[], old=null}
2024-10-11 15:03:04,061 [s4@group-F860CA578C61-LeaderElection19] INFO  impl.LeaderElection (LogUtils.java:infoOrTrace(136)) - s4@group-F860CA578C61-LeaderElection19 got exception when requesting votes: java.util.concurrent.ExecutionException: org.apache.ratis.thirdparty.io.netty.channel.AbstractChannel$AnnotatedConnectException: finishConnect(..) failed: Connection refused: localhost/127.0.0.1:15140
2024-10-11 15:03:04,061 [s4@group-F860CA578C61-LeaderElection19] INFO  impl.LeaderElection (LogUtils.java:infoOrTrace(136)) - s4@group-F860CA578C61-LeaderElection19 got exception when requesting votes: java.util.concurrent.ExecutionException: org.apache.ratis.thirdparty.io.netty.channel.AbstractChannel$AnnotatedConnectException: finishConnect(..) failed: Connection refused: localhost/127.0.0.1:15148
2024-10-11 15:03:04,287 [s4@group-F860CA578C61-LeaderElection19] INFO  impl.LeaderElection (LeaderElection.java:logAndReturn(90)) - s4@group-F860CA578C61-LeaderElection19: PRE_VOTE TIMEOUT received 1 response(s) and 2 exception(s):
2024-10-11 15:03:04,287 [s4@group-F860CA578C61-LeaderElection19] INFO  impl.LeaderElection (LeaderElection.java:logAndReturn(94)) -   Response 0: s4<-s3#0:OK-t2
2024-10-11 15:03:04,287 [s4@group-F860CA578C61-LeaderElection19] INFO  impl.LeaderElection (LogUtils.java:infoOrTrace(136)) -   Exception 1: java.util.concurrent.ExecutionException: org.apache.ratis.thirdparty.io.netty.channel.AbstractChannel$AnnotatedConnectException: finishConnect(..) failed: Connection refused: localhost/127.0.0.1:15140
2024-10-11 15:03:04,287 [s4@group-F860CA578C61-LeaderElection19] INFO  impl.LeaderElection (LogUtils.java:infoOrTrace(136)) -   Exception 2: java.util.concurrent.ExecutionException: org.apache.ratis.thirdparty.io.netty.channel.AbstractChannel$AnnotatedConnectException: finishConnect(..) failed: Connection refused: localhost/127.0.0.1:15148
2024-10-11 15:03:04,287 [s4@group-F860CA578C61-LeaderElection19] INFO  impl.LeaderElection (LeaderElection.java:askForVotes(339)) - s4@group-F860CA578C61-LeaderElection19 PRE_VOTE round 16: result TIMEOUT
2024-10-11 15:03:04,287 [s4@group-F860CA578C61-LeaderElection19] INFO  impl.LeaderElection (LeaderElection.java:askForVotes(337)) - s4@group-F860CA578C61-LeaderElection19 PRE_VOTE round 17: submit vote requests at term 2 for conf: {index: 1, cur=peers:[s3|localhost:15152, s4|localhost:15156, s0|localhost:15140, s1|localhost:15144, s2|localhost:15148]|listeners:[], old=null}
2024-10-11 15:03:04,288 [NettyRpcService-workerGroup--thread3] INFO  server.RaftServer$Division (RaftServerImpl.java:requestVote(1443)) - s3@group-F860CA578C61: receive requestVote(PRE_VOTE, s4, group-F860CA578C61, 2, (t:2, i:2))
2024-10-11 15:03:04,288 [NettyRpcService-workerGroup--thread3] INFO  impl.VoteContext (VoteContext.java:log(49)) - s3@group-F860CA578C61-CANDIDATE: accept PRE_VOTE from s4: our priority 0 <= candidate's priority 0
2024-10-11 15:03:04,288 [NettyRpcService-workerGroup--thread3] INFO  server.RaftServer$Division (RaftServerImpl.java:requestVote(1476)) - s3@group-F860CA578C61 replies to PRE_VOTE vote request: s4<-s3#0:OK-t2. Peer's state: s3@group-F860CA578C61:t2, leader=null, voted=s0, raftlog=Memoized:s3@group-F860CA578C61-SegmentedRaftLog:OPENED:c2:last(t:2, i:2), conf=conf: {index: 1, cur=peers:[s3|localhost:15152, s4|localhost:15156, s0|localhost:15140, s1|localhost:15144, s2|localhost:15148]|listeners:[], old=null}
2024-10-11 15:03:04,288 [s4@group-F860CA578C61-LeaderElection19] INFO  impl.LeaderElection (LogUtils.java:infoOrTrace(136)) - s4@group-F860CA578C61-LeaderElection19 got exception when requesting votes: java.util.concurrent.ExecutionException: org.apache.ratis.thirdparty.io.netty.channel.AbstractChannel$AnnotatedConnectException: finishConnect(..) failed: Connection refused: localhost/127.0.0.1:15140
2024-10-11 15:03:04,288 [s4@group-F860CA578C61-LeaderElection19] INFO  impl.LeaderElection (LogUtils.java:infoOrTrace(136)) - s4@group-F860CA578C61-LeaderElection19 got exception when requesting votes: java.util.concurrent.ExecutionException: org.apache.ratis.thirdparty.io.netty.channel.AbstractChannel$AnnotatedConnectException: finishConnect(..) failed: Connection refused: localhost/127.0.0.1:15148
2024-10-11 15:03:04,330 [main] WARN  ratis.RaftTestUtil (RaftTestUtil.java:lambda$waitForLeader$3(126)) - Attempt #9 failed: java.lang.IllegalStateException: No leader yet : printing ALL groups
  s3:  RUNNING CANDIDATE s3@group-F860CA578C61:t2, leader=null, voted=s0, raftlog=Memoized:s3@group-F860CA578C61-SegmentedRaftLog:OPENED:c2:last(t:2, i:2), conf=conf: {index: 1, cur=peers:[s3|localhost:15152, s4|localhost:15156, s0|localhost:15140, s1|localhost:15144, s2|localhost:15148]|listeners:[], old=null} RUNNING
  s4:  RUNNING CANDIDATE s4@group-F860CA578C61:t2, leader=null, voted=s0, raftlog=Memoized:s4@group-F860CA578C61-SegmentedRaftLog:OPENED:c2:last(t:2, i:2), conf=conf: {index: 1, cur=peers:[s3|localhost:15152, s4|localhost:15156, s0|localhost:15140, s1|localhost:15144, s2|localhost:15148]|listeners:[], old=null} RUNNING
  s0:   CLOSED    LEADER s0@group-F860CA578C61:t2, leader=s0, voted=s0, raftlog=Memoized:s0@group-F860CA578C61-SegmentedRaftLog:CLOSED:c2, conf=conf: {index: 1, cur=peers:[s3|localhost:15152, s4|localhost:15156, s0|localhost:15140, s1|localhost:15144, s2|localhost:15148]|listeners:[], old=null} CLOSED
  s1:  RUNNING  FOLLOWER s1@group-F860CA578C61:t1, leader=null, voted=null, raftlog=Memoized:s1@group-F860CA578C61-SegmentedRaftLog:OPENED:c-1:lastnull, conf=conf: {index: -1, cur=peers:[s3|localhost:15152, s4|localhost:15156, s0|localhost:15140, s1|localhost:15144, s2|localhost:15148]|listeners:[], old=null} RUNNING
  s2:   CLOSED    LEADER s2@group-F860CA578C61:t1, leader=s2, voted=s2, raftlog=Memoized:s2@group-F860CA578C61-SegmentedRaftLog:CLOSED:c0, conf=conf: {index: 0, cur=peers:[s3|localhost:15152, s4|localhost:15156, s0|localhost:15140, s1|localhost:15144, s2|localhost:15148]|listeners:[], old=null} CLOSED
2024-10-11 15:03:04,333 [s3@group-F860CA578C61-LeaderElection20] INFO  impl.LeaderElection (LeaderElection.java:logAndReturn(90)) - s3@group-F860CA578C61-LeaderElection20: PRE_VOTE TIMEOUT received 1 response(s) and 2 exception(s):
2024-10-11 15:03:04,333 [s3@group-F860CA578C61-LeaderElection20] INFO  impl.LeaderElection (LeaderElection.java:logAndReturn(94)) -   Response 0: s3<-s4#0:OK-t2
2024-10-11 15:03:04,333 [s3@group-F860CA578C61-LeaderElection20] INFO  impl.LeaderElection (LogUtils.java:infoOrTrace(136)) -   Exception 1: java.util.concurrent.ExecutionException: org.apache.ratis.thirdparty.io.netty.channel.AbstractChannel$AnnotatedConnectException: finishConnect(..) failed: Connection refused: localhost/127.0.0.1:15148
2024-10-11 15:03:04,333 [s3@group-F860CA578C61-LeaderElection20] INFO  impl.LeaderElection (LogUtils.java:infoOrTrace(136)) -   Exception 2: java.util.concurrent.ExecutionException: org.apache.ratis.thirdparty.io.netty.channel.AbstractChannel$AnnotatedConnectException: finishConnect(..) failed: Connection refused: localhost/127.0.0.1:15140
2024-10-11 15:03:04,333 [s3@group-F860CA578C61-LeaderElection20] INFO  impl.LeaderElection (LeaderElection.java:askForVotes(339)) - s3@group-F860CA578C61-LeaderElection20 PRE_VOTE round 4: result TIMEOUT
2024-10-11 15:03:04,333 [s3@group-F860CA578C61-LeaderElection20] INFO  impl.LeaderElection (LeaderElection.java:askForVotes(337)) - s3@group-F860CA578C61-LeaderElection20 PRE_VOTE round 5: submit vote requests at term 2 for conf: {index: 1, cur=peers:[s3|localhost:15152, s4|localhost:15156, s0|localhost:15140, s1|localhost:15144, s2|localhost:15148]|listeners:[], old=null}
2024-10-11 15:03:04,334 [NettyRpcService-workerGroup--thread3] INFO  server.RaftServer$Division (RaftServerImpl.java:requestVote(1443)) - s4@group-F860CA578C61: receive requestVote(PRE_VOTE, s3, group-F860CA578C61, 2, (t:2, i:2))
2024-10-11 15:03:04,334 [NettyRpcService-workerGroup--thread3] INFO  impl.VoteContext (VoteContext.java:log(49)) - s4@group-F860CA578C61-CANDIDATE: accept PRE_VOTE from s3: our priority 0 <= candidate's priority 0
2024-10-11 15:03:04,334 [NettyRpcService-workerGroup--thread3] INFO  server.RaftServer$Division (RaftServerImpl.java:requestVote(1476)) - s4@group-F860CA578C61 replies to PRE_VOTE vote request: s3<-s4#0:OK-t2. Peer's state: s4@group-F860CA578C61:t2, leader=null, voted=s0, raftlog=Memoized:s4@group-F860CA578C61-SegmentedRaftLog:OPENED:c2:last(t:2, i:2), conf=conf: {index: 1, cur=peers:[s3|localhost:15152, s4|localhost:15156, s0|localhost:15140, s1|localhost:15144, s2|localhost:15148]|listeners:[], old=null}
2024-10-11 15:03:04,334 [s3@group-F860CA578C61-LeaderElection20] INFO  impl.LeaderElection (LogUtils.java:infoOrTrace(136)) - s3@group-F860CA578C61-LeaderElection20 got exception when requesting votes: java.util.concurrent.ExecutionException: org.apache.ratis.thirdparty.io.netty.channel.AbstractChannel$AnnotatedConnectException: finishConnect(..) failed: Connection refused: localhost/127.0.0.1:15140
2024-10-11 15:03:04,334 [s3@group-F860CA578C61-LeaderElection20] INFO  impl.LeaderElection (LogUtils.java:infoOrTrace(136)) - s3@group-F860CA578C61-LeaderElection20 got exception when requesting votes: java.util.concurrent.ExecutionException: org.apache.ratis.thirdparty.io.netty.channel.AbstractChannel$AnnotatedConnectException: finishConnect(..) failed: Connection refused: localhost/127.0.0.1:15148
2024-10-11 15:03:04,459 [s4@group-F860CA578C61-LeaderElection19] INFO  impl.LeaderElection (LeaderElection.java:logAndReturn(90)) - s4@group-F860CA578C61-LeaderElection19: PRE_VOTE TIMEOUT received 1 response(s) and 2 exception(s):
2024-10-11 15:03:04,459 [s4@group-F860CA578C61-LeaderElection19] INFO  impl.LeaderElection (LeaderElection.java:logAndReturn(94)) -   Response 0: s4<-s3#0:OK-t2
2024-10-11 15:03:04,459 [s4@group-F860CA578C61-LeaderElection19] INFO  impl.LeaderElection (LogUtils.java:infoOrTrace(136)) -   Exception 1: java.util.concurrent.ExecutionException: org.apache.ratis.thirdparty.io.netty.channel.AbstractChannel$AnnotatedConnectException: finishConnect(..) failed: Connection refused: localhost/127.0.0.1:15140
2024-10-11 15:03:04,459 [s4@group-F860CA578C61-LeaderElection19] INFO  impl.LeaderElection (LogUtils.java:infoOrTrace(136)) -   Exception 2: java.util.concurrent.ExecutionException: org.apache.ratis.thirdparty.io.netty.channel.AbstractChannel$AnnotatedConnectException: finishConnect(..) failed: Connection refused: localhost/127.0.0.1:15148
2024-10-11 15:03:04,459 [s4@group-F860CA578C61-LeaderElection19] INFO  impl.LeaderElection (LeaderElection.java:askForVotes(339)) - s4@group-F860CA578C61-LeaderElection19 PRE_VOTE round 17: result TIMEOUT
2024-10-11 15:03:04,459 [s4@group-F860CA578C61-LeaderElection19] INFO  impl.LeaderElection (LeaderElection.java:askForVotes(337)) - s4@group-F860CA578C61-LeaderElection19 PRE_VOTE round 18: submit vote requests at term 2 for conf: {index: 1, cur=peers:[s3|localhost:15152, s4|localhost:15156, s0|localhost:15140, s1|localhost:15144, s2|localhost:15148]|listeners:[], old=null}
2024-10-11 15:03:04,460 [NettyRpcService-workerGroup--thread3] INFO  server.RaftServer$Division (RaftServerImpl.java:requestVote(1443)) - s3@group-F860CA578C61: receive requestVote(PRE_VOTE, s4, group-F860CA578C61, 2, (t:2, i:2))
2024-10-11 15:03:04,460 [NettyRpcService-workerGroup--thread3] INFO  impl.VoteContext (VoteContext.java:log(49)) - s3@group-F860CA578C61-CANDIDATE: accept PRE_VOTE from s4: our priority 0 <= candidate's priority 0
2024-10-11 15:03:04,461 [NettyRpcService-workerGroup--thread3] INFO  server.RaftServer$Division (RaftServerImpl.java:requestVote(1476)) - s3@group-F860CA578C61 replies to PRE_VOTE vote request: s4<-s3#0:OK-t2. Peer's state: s3@group-F860CA578C61:t2, leader=null, voted=s0, raftlog=Memoized:s3@group-F860CA578C61-SegmentedRaftLog:OPENED:c2:last(t:2, i:2), conf=conf: {index: 1, cur=peers:[s3|localhost:15152, s4|localhost:15156, s0|localhost:15140, s1|localhost:15144, s2|localhost:15148]|listeners:[], old=null}
2024-10-11 15:03:04,461 [s4@group-F860CA578C61-LeaderElection19] INFO  impl.LeaderElection (LogUtils.java:infoOrTrace(136)) - s4@group-F860CA578C61-LeaderElection19 got exception when requesting votes: java.util.concurrent.ExecutionException: org.apache.ratis.thirdparty.io.netty.channel.AbstractChannel$AnnotatedConnectException: finishConnect(..) failed: Connection refused: localhost/127.0.0.1:15140
2024-10-11 15:03:04,461 [s4@group-F860CA578C61-LeaderElection19] INFO  impl.LeaderElection (LogUtils.java:infoOrTrace(136)) - s4@group-F860CA578C61-LeaderElection19 got exception when requesting votes: java.util.concurrent.ExecutionException: org.apache.ratis.thirdparty.io.netty.channel.AbstractChannel$AnnotatedConnectException: finishConnect(..) failed: Connection refused: localhost/127.0.0.1:15148
2024-10-11 15:03:04,503 [s3@group-F860CA578C61-LeaderElection20] INFO  impl.LeaderElection (LeaderElection.java:logAndReturn(90)) - s3@group-F860CA578C61-LeaderElection20: PRE_VOTE TIMEOUT received 1 response(s) and 2 exception(s):
2024-10-11 15:03:04,503 [s3@group-F860CA578C61-LeaderElection20] INFO  impl.LeaderElection (LeaderElection.java:logAndReturn(94)) -   Response 0: s3<-s4#0:OK-t2
2024-10-11 15:03:04,503 [s3@group-F860CA578C61-LeaderElection20] INFO  impl.LeaderElection (LogUtils.java:infoOrTrace(136)) -   Exception 1: java.util.concurrent.ExecutionException: org.apache.ratis.thirdparty.io.netty.channel.AbstractChannel$AnnotatedConnectException: finishConnect(..) failed: Connection refused: localhost/127.0.0.1:15140
2024-10-11 15:03:04,503 [s3@group-F860CA578C61-LeaderElection20] INFO  impl.LeaderElection (LogUtils.java:infoOrTrace(136)) -   Exception 2: java.util.concurrent.ExecutionException: org.apache.ratis.thirdparty.io.netty.channel.AbstractChannel$AnnotatedConnectException: finishConnect(..) failed: Connection refused: localhost/127.0.0.1:15148
2024-10-11 15:03:04,503 [s3@group-F860CA578C61-LeaderElection20] INFO  impl.LeaderElection (LeaderElection.java:askForVotes(339)) - s3@group-F860CA578C61-LeaderElection20 PRE_VOTE round 5: result TIMEOUT
2024-10-11 15:03:04,503 [s3@group-F860CA578C61-LeaderElection20] INFO  impl.LeaderElection (LeaderElection.java:askForVotes(337)) - s3@group-F860CA578C61-LeaderElection20 PRE_VOTE round 6: submit vote requests at term 2 for conf: {index: 1, cur=peers:[s3|localhost:15152, s4|localhost:15156, s0|localhost:15140, s1|localhost:15144, s2|localhost:15148]|listeners:[], old=null}
2024-10-11 15:03:04,504 [NettyRpcService-workerGroup--thread3] INFO  server.RaftServer$Division (RaftServerImpl.java:requestVote(1443)) - s4@group-F860CA578C61: receive requestVote(PRE_VOTE, s3, group-F860CA578C61, 2, (t:2, i:2))
2024-10-11 15:03:04,504 [NettyRpcService-workerGroup--thread3] INFO  impl.VoteContext (VoteContext.java:log(49)) - s4@group-F860CA578C61-CANDIDATE: accept PRE_VOTE from s3: our priority 0 <= candidate's priority 0
2024-10-11 15:03:04,504 [NettyRpcService-workerGroup--thread3] INFO  server.RaftServer$Division (RaftServerImpl.java:requestVote(1476)) - s4@group-F860CA578C61 replies to PRE_VOTE vote request: s3<-s4#0:OK-t2. Peer's state: s4@group-F860CA578C61:t2, leader=null, voted=s0, raftlog=Memoized:s4@group-F860CA578C61-SegmentedRaftLog:OPENED:c2:last(t:2, i:2), conf=conf: {index: 1, cur=peers:[s3|localhost:15152, s4|localhost:15156, s0|localhost:15140, s1|localhost:15144, s2|localhost:15148]|listeners:[], old=null}
2024-10-11 15:03:04,504 [s3@group-F860CA578C61-LeaderElection20] INFO  impl.LeaderElection (LogUtils.java:infoOrTrace(136)) - s3@group-F860CA578C61-LeaderElection20 got exception when requesting votes: java.util.concurrent.ExecutionException: org.apache.ratis.thirdparty.io.netty.channel.AbstractChannel$AnnotatedConnectException: finishConnect(..) failed: Connection refused: localhost/127.0.0.1:15140
2024-10-11 15:03:04,505 [s3@group-F860CA578C61-LeaderElection20] INFO  impl.LeaderElection (LogUtils.java:infoOrTrace(136)) - s3@group-F860CA578C61-LeaderElection20 got exception when requesting votes: java.util.concurrent.ExecutionException: org.apache.ratis.thirdparty.io.netty.channel.AbstractChannel$AnnotatedConnectException: finishConnect(..) failed: Connection refused: localhost/127.0.0.1:15148
2024-10-11 15:03:04,706 [s3@group-F860CA578C61-LeaderElection20] INFO  impl.LeaderElection (LeaderElection.java:logAndReturn(90)) - s3@group-F860CA578C61-LeaderElection20: PRE_VOTE TIMEOUT received 1 response(s) and 2 exception(s):
2024-10-11 15:03:04,706 [s3@group-F860CA578C61-LeaderElection20] INFO  impl.LeaderElection (LeaderElection.java:logAndReturn(94)) -   Response 0: s3<-s4#0:OK-t2
2024-10-11 15:03:04,706 [s3@group-F860CA578C61-LeaderElection20] INFO  impl.LeaderElection (LogUtils.java:infoOrTrace(136)) -   Exception 1: java.util.concurrent.ExecutionException: org.apache.ratis.thirdparty.io.netty.channel.AbstractChannel$AnnotatedConnectException: finishConnect(..) failed: Connection refused: localhost/127.0.0.1:15140
2024-10-11 15:03:04,706 [s3@group-F860CA578C61-LeaderElection20] INFO  impl.LeaderElection (LogUtils.java:infoOrTrace(136)) -   Exception 2: java.util.concurrent.ExecutionException: org.apache.ratis.thirdparty.io.netty.channel.AbstractChannel$AnnotatedConnectException: finishConnect(..) failed: Connection refused: localhost/127.0.0.1:15148
2024-10-11 15:03:04,706 [s3@group-F860CA578C61-LeaderElection20] INFO  impl.LeaderElection (LeaderElection.java:askForVotes(339)) - s3@group-F860CA578C61-LeaderElection20 PRE_VOTE round 6: result TIMEOUT
2024-10-11 15:03:04,706 [s3@group-F860CA578C61-LeaderElection20] INFO  impl.LeaderElection (LeaderElection.java:askForVotes(337)) - s3@group-F860CA578C61-LeaderElection20 PRE_VOTE round 7: submit vote requests at term 2 for conf: {index: 1, cur=peers:[s3|localhost:15152, s4|localhost:15156, s0|localhost:15140, s1|localhost:15144, s2|localhost:15148]|listeners:[], old=null}
2024-10-11 15:03:04,707 [NettyRpcService-workerGroup--thread3] INFO  server.RaftServer$Division (RaftServerImpl.java:requestVote(1443)) - s4@group-F860CA578C61: receive requestVote(PRE_VOTE, s3, group-F860CA578C61, 2, (t:2, i:2))
2024-10-11 15:03:04,707 [NettyRpcService-workerGroup--thread3] INFO  impl.VoteContext (VoteContext.java:log(49)) - s4@group-F860CA578C61-CANDIDATE: accept PRE_VOTE from s3: our priority 0 <= candidate's priority 0
2024-10-11 15:03:04,707 [NettyRpcService-workerGroup--thread3] INFO  server.RaftServer$Division (RaftServerImpl.java:requestVote(1476)) - s4@group-F860CA578C61 replies to PRE_VOTE vote request: s3<-s4#0:OK-t2. Peer's state: s4@group-F860CA578C61:t2, leader=null, voted=s0, raftlog=Memoized:s4@group-F860CA578C61-SegmentedRaftLog:OPENED:c2:last(t:2, i:2), conf=conf: {index: 1, cur=peers:[s3|localhost:15152, s4|localhost:15156, s0|localhost:15140, s1|localhost:15144, s2|localhost:15148]|listeners:[], old=null}
2024-10-11 15:03:04,708 [s3@group-F860CA578C61-LeaderElection20] INFO  impl.LeaderElection (LogUtils.java:infoOrTrace(136)) - s3@group-F860CA578C61-LeaderElection20 got exception when requesting votes: java.util.concurrent.ExecutionException: org.apache.ratis.thirdparty.io.netty.channel.AbstractChannel$AnnotatedConnectException: finishConnect(..) failed: Connection refused: localhost/127.0.0.1:15148
2024-10-11 15:03:04,708 [s3@group-F860CA578C61-LeaderElection20] INFO  impl.LeaderElection (LogUtils.java:infoOrTrace(136)) - s3@group-F860CA578C61-LeaderElection20 got exception when requesting votes: java.util.concurrent.ExecutionException: org.apache.ratis.thirdparty.io.netty.channel.AbstractChannel$AnnotatedConnectException: finishConnect(..) failed: Connection refused: localhost/127.0.0.1:15140
2024-10-11 15:03:04,727 [s4@group-F860CA578C61-LeaderElection19] INFO  impl.LeaderElection (LeaderElection.java:logAndReturn(90)) - s4@group-F860CA578C61-LeaderElection19: PRE_VOTE TIMEOUT received 1 response(s) and 2 exception(s):
2024-10-11 15:03:04,727 [s4@group-F860CA578C61-LeaderElection19] INFO  impl.LeaderElection (LeaderElection.java:logAndReturn(94)) -   Response 0: s4<-s3#0:OK-t2
2024-10-11 15:03:04,727 [s4@group-F860CA578C61-LeaderElection19] INFO  impl.LeaderElection (LogUtils.java:infoOrTrace(136)) -   Exception 1: java.util.concurrent.ExecutionException: org.apache.ratis.thirdparty.io.netty.channel.AbstractChannel$AnnotatedConnectException: finishConnect(..) failed: Connection refused: localhost/127.0.0.1:15140
2024-10-11 15:03:04,728 [s4@group-F860CA578C61-LeaderElection19] INFO  impl.LeaderElection (LogUtils.java:infoOrTrace(136)) -   Exception 2: java.util.concurrent.ExecutionException: org.apache.ratis.thirdparty.io.netty.channel.AbstractChannel$AnnotatedConnectException: finishConnect(..) failed: Connection refused: localhost/127.0.0.1:15148
2024-10-11 15:03:04,728 [s4@group-F860CA578C61-LeaderElection19] INFO  impl.LeaderElection (LeaderElection.java:askForVotes(339)) - s4@group-F860CA578C61-LeaderElection19 PRE_VOTE round 18: result TIMEOUT
2024-10-11 15:03:04,728 [s4@group-F860CA578C61-LeaderElection19] INFO  impl.LeaderElection (LeaderElection.java:askForVotes(337)) - s4@group-F860CA578C61-LeaderElection19 PRE_VOTE round 19: submit vote requests at term 2 for conf: {index: 1, cur=peers:[s3|localhost:15152, s4|localhost:15156, s0|localhost:15140, s1|localhost:15144, s2|localhost:15148]|listeners:[], old=null}
2024-10-11 15:03:04,728 [NettyRpcService-workerGroup--thread3] INFO  server.RaftServer$Division (RaftServerImpl.java:requestVote(1443)) - s3@group-F860CA578C61: receive requestVote(PRE_VOTE, s4, group-F860CA578C61, 2, (t:2, i:2))
2024-10-11 15:03:04,728 [NettyRpcService-workerGroup--thread3] INFO  impl.VoteContext (VoteContext.java:log(49)) - s3@group-F860CA578C61-CANDIDATE: accept PRE_VOTE from s4: our priority 0 <= candidate's priority 0
2024-10-11 15:03:04,728 [NettyRpcService-workerGroup--thread3] INFO  server.RaftServer$Division (RaftServerImpl.java:requestVote(1476)) - s3@group-F860CA578C61 replies to PRE_VOTE vote request: s4<-s3#0:OK-t2. Peer's state: s3@group-F860CA578C61:t2, leader=null, voted=s0, raftlog=Memoized:s3@group-F860CA578C61-SegmentedRaftLog:OPENED:c2:last(t:2, i:2), conf=conf: {index: 1, cur=peers:[s3|localhost:15152, s4|localhost:15156, s0|localhost:15140, s1|localhost:15144, s2|localhost:15148]|listeners:[], old=null}
2024-10-11 15:03:04,729 [s4@group-F860CA578C61-LeaderElection19] INFO  impl.LeaderElection (LogUtils.java:infoOrTrace(136)) - s4@group-F860CA578C61-LeaderElection19 got exception when requesting votes: java.util.concurrent.ExecutionException: org.apache.ratis.thirdparty.io.netty.channel.AbstractChannel$AnnotatedConnectException: finishConnect(..) failed: Connection refused: localhost/127.0.0.1:15140
2024-10-11 15:03:04,730 [s4@group-F860CA578C61-LeaderElection19] INFO  impl.LeaderElection (LogUtils.java:infoOrTrace(136)) - s4@group-F860CA578C61-LeaderElection19 got exception when requesting votes: java.util.concurrent.ExecutionException: org.apache.ratis.thirdparty.io.netty.channel.AbstractChannel$AnnotatedConnectException: finishConnect(..) failed: Connection refused: localhost/127.0.0.1:15148
2024-10-11 15:03:04,781 [main] WARN  ratis.RaftTestUtil (RaftTestUtil.java:lambda$waitForLeader$3(126)) - Attempt #10 failed: java.lang.IllegalStateException: No leader yet : printing ALL groups
  s3:  RUNNING CANDIDATE s3@group-F860CA578C61:t2, leader=null, voted=s0, raftlog=Memoized:s3@group-F860CA578C61-SegmentedRaftLog:OPENED:c2:last(t:2, i:2), conf=conf: {index: 1, cur=peers:[s3|localhost:15152, s4|localhost:15156, s0|localhost:15140, s1|localhost:15144, s2|localhost:15148]|listeners:[], old=null} RUNNING
  s4:  RUNNING CANDIDATE s4@group-F860CA578C61:t2, leader=null, voted=s0, raftlog=Memoized:s4@group-F860CA578C61-SegmentedRaftLog:OPENED:c2:last(t:2, i:2), conf=conf: {index: 1, cur=peers:[s3|localhost:15152, s4|localhost:15156, s0|localhost:15140, s1|localhost:15144, s2|localhost:15148]|listeners:[], old=null} RUNNING
  s0:   CLOSED    LEADER s0@group-F860CA578C61:t2, leader=s0, voted=s0, raftlog=Memoized:s0@group-F860CA578C61-SegmentedRaftLog:CLOSED:c2, conf=conf: {index: 1, cur=peers:[s3|localhost:15152, s4|localhost:15156, s0|localhost:15140, s1|localhost:15144, s2|localhost:15148]|listeners:[], old=null} CLOSED
  s1:  RUNNING  FOLLOWER s1@group-F860CA578C61:t1, leader=null, voted=null, raftlog=Memoized:s1@group-F860CA578C61-SegmentedRaftLog:OPENED:c-1:lastnull, conf=conf: {index: -1, cur=peers:[s3|localhost:15152, s4|localhost:15156, s0|localhost:15140, s1|localhost:15144, s2|localhost:15148]|listeners:[], old=null} RUNNING
  s2:   CLOSED    LEADER s2@group-F860CA578C61:t1, leader=s2, voted=s2, raftlog=Memoized:s2@group-F860CA578C61-SegmentedRaftLog:CLOSED:c0, conf=conf: {index: 0, cur=peers:[s3|localhost:15152, s4|localhost:15156, s0|localhost:15140, s1|localhost:15144, s2|localhost:15148]|listeners:[], old=null} CLOSED
2024-10-11 15:03:04,890 [s3@group-F860CA578C61-LeaderElection20] INFO  impl.LeaderElection (LeaderElection.java:logAndReturn(90)) - s3@group-F860CA578C61-LeaderElection20: PRE_VOTE TIMEOUT received 1 response(s) and 2 exception(s):
2024-10-11 15:03:04,890 [s3@group-F860CA578C61-LeaderElection20] INFO  impl.LeaderElection (LeaderElection.java:logAndReturn(94)) -   Response 0: s3<-s4#0:OK-t2
2024-10-11 15:03:04,890 [s3@group-F860CA578C61-LeaderElection20] INFO  impl.LeaderElection (LogUtils.java:infoOrTrace(136)) -   Exception 1: java.util.concurrent.ExecutionException: org.apache.ratis.thirdparty.io.netty.channel.AbstractChannel$AnnotatedConnectException: finishConnect(..) failed: Connection refused: localhost/127.0.0.1:15148
2024-10-11 15:03:04,890 [s3@group-F860CA578C61-LeaderElection20] INFO  impl.LeaderElection (LogUtils.java:infoOrTrace(136)) -   Exception 2: java.util.concurrent.ExecutionException: org.apache.ratis.thirdparty.io.netty.channel.AbstractChannel$AnnotatedConnectException: finishConnect(..) failed: Connection refused: localhost/127.0.0.1:15140
2024-10-11 15:03:04,890 [s3@group-F860CA578C61-LeaderElection20] INFO  impl.LeaderElection (LeaderElection.java:askForVotes(339)) - s3@group-F860CA578C61-LeaderElection20 PRE_VOTE round 7: result TIMEOUT
2024-10-11 15:03:04,890 [s3@group-F860CA578C61-LeaderElection20] INFO  impl.LeaderElection (LeaderElection.java:askForVotes(337)) - s3@group-F860CA578C61-LeaderElection20 PRE_VOTE round 8: submit vote requests at term 2 for conf: {index: 1, cur=peers:[s3|localhost:15152, s4|localhost:15156, s0|localhost:15140, s1|localhost:15144, s2|localhost:15148]|listeners:[], old=null}
2024-10-11 15:03:04,891 [NettyRpcService-workerGroup--thread3] INFO  server.RaftServer$Division (RaftServerImpl.java:requestVote(1443)) - s4@group-F860CA578C61: receive requestVote(PRE_VOTE, s3, group-F860CA578C61, 2, (t:2, i:2))
2024-10-11 15:03:04,891 [NettyRpcService-workerGroup--thread3] INFO  impl.VoteContext (VoteContext.java:log(49)) - s4@group-F860CA578C61-CANDIDATE: accept PRE_VOTE from s3: our priority 0 <= candidate's priority 0
2024-10-11 15:03:04,891 [NettyRpcService-workerGroup--thread3] INFO  server.RaftServer$Division (RaftServerImpl.java:requestVote(1476)) - s4@group-F860CA578C61 replies to PRE_VOTE vote request: s3<-s4#0:OK-t2. Peer's state: s4@group-F860CA578C61:t2, leader=null, voted=s0, raftlog=Memoized:s4@group-F860CA578C61-SegmentedRaftLog:OPENED:c2:last(t:2, i:2), conf=conf: {index: 1, cur=peers:[s3|localhost:15152, s4|localhost:15156, s0|localhost:15140, s1|localhost:15144, s2|localhost:15148]|listeners:[], old=null}
2024-10-11 15:03:04,892 [s3@group-F860CA578C61-LeaderElection20] INFO  impl.LeaderElection (LogUtils.java:infoOrTrace(136)) - s3@group-F860CA578C61-LeaderElection20 got exception when requesting votes: java.util.concurrent.ExecutionException: org.apache.ratis.thirdparty.io.netty.channel.AbstractChannel$AnnotatedConnectException: finishConnect(..) failed: Connection refused: localhost/127.0.0.1:15148
2024-10-11 15:03:04,892 [s3@group-F860CA578C61-LeaderElection20] INFO  impl.LeaderElection (LogUtils.java:infoOrTrace(136)) - s3@group-F860CA578C61-LeaderElection20 got exception when requesting votes: java.util.concurrent.ExecutionException: org.apache.ratis.thirdparty.io.netty.channel.AbstractChannel$AnnotatedConnectException: finishConnect(..) failed: Connection refused: localhost/127.0.0.1:15140
2024-10-11 15:03:04,934 [s4@group-F860CA578C61-LeaderElection19] INFO  impl.LeaderElection (LeaderElection.java:logAndReturn(90)) - s4@group-F860CA578C61-LeaderElection19: PRE_VOTE TIMEOUT received 1 response(s) and 2 exception(s):
2024-10-11 15:03:04,934 [s4@group-F860CA578C61-LeaderElection19] INFO  impl.LeaderElection (LeaderElection.java:logAndReturn(94)) -   Response 0: s4<-s3#0:OK-t2
2024-10-11 15:03:04,934 [s4@group-F860CA578C61-LeaderElection19] INFO  impl.LeaderElection (LogUtils.java:infoOrTrace(136)) -   Exception 1: java.util.concurrent.ExecutionException: org.apache.ratis.thirdparty.io.netty.channel.AbstractChannel$AnnotatedConnectException: finishConnect(..) failed: Connection refused: localhost/127.0.0.1:15140
2024-10-11 15:03:04,934 [s4@group-F860CA578C61-LeaderElection19] INFO  impl.LeaderElection (LogUtils.java:infoOrTrace(136)) -   Exception 2: java.util.concurrent.ExecutionException: org.apache.ratis.thirdparty.io.netty.channel.AbstractChannel$AnnotatedConnectException: finishConnect(..) failed: Connection refused: localhost/127.0.0.1:15148
2024-10-11 15:03:04,934 [s4@group-F860CA578C61-LeaderElection19] INFO  impl.LeaderElection (LeaderElection.java:askForVotes(339)) - s4@group-F860CA578C61-LeaderElection19 PRE_VOTE round 19: result TIMEOUT
2024-10-11 15:03:04,934 [s4@group-F860CA578C61-LeaderElection19] INFO  impl.LeaderElection (LeaderElection.java:askForVotes(337)) - s4@group-F860CA578C61-LeaderElection19 PRE_VOTE round 20: submit vote requests at term 2 for conf: {index: 1, cur=peers:[s3|localhost:15152, s4|localhost:15156, s0|localhost:15140, s1|localhost:15144, s2|localhost:15148]|listeners:[], old=null}
2024-10-11 15:03:04,935 [NettyRpcService-workerGroup--thread3] INFO  server.RaftServer$Division (RaftServerImpl.java:requestVote(1443)) - s3@group-F860CA578C61: receive requestVote(PRE_VOTE, s4, group-F860CA578C61, 2, (t:2, i:2))
2024-10-11 15:03:04,935 [NettyRpcService-workerGroup--thread3] INFO  impl.VoteContext (VoteContext.java:log(49)) - s3@group-F860CA578C61-CANDIDATE: accept PRE_VOTE from s4: our priority 0 <= candidate's priority 0
2024-10-11 15:03:04,935 [NettyRpcService-workerGroup--thread3] INFO  server.RaftServer$Division (RaftServerImpl.java:requestVote(1476)) - s3@group-F860CA578C61 replies to PRE_VOTE vote request: s4<-s3#0:OK-t2. Peer's state: s3@group-F860CA578C61:t2, leader=null, voted=s0, raftlog=Memoized:s3@group-F860CA578C61-SegmentedRaftLog:OPENED:c2:last(t:2, i:2), conf=conf: {index: 1, cur=peers:[s3|localhost:15152, s4|localhost:15156, s0|localhost:15140, s1|localhost:15144, s2|localhost:15148]|listeners:[], old=null}
2024-10-11 15:03:04,936 [s4@group-F860CA578C61-LeaderElection19] INFO  impl.LeaderElection (LogUtils.java:infoOrTrace(136)) - s4@group-F860CA578C61-LeaderElection19 got exception when requesting votes: java.util.concurrent.ExecutionException: org.apache.ratis.thirdparty.io.netty.channel.AbstractChannel$AnnotatedConnectException: finishConnect(..) failed: Connection refused: localhost/127.0.0.1:15140
2024-10-11 15:03:04,936 [s4@group-F860CA578C61-LeaderElection19] INFO  impl.LeaderElection (LogUtils.java:infoOrTrace(136)) - s4@group-F860CA578C61-LeaderElection19 got exception when requesting votes: java.util.concurrent.ExecutionException: org.apache.ratis.thirdparty.io.netty.channel.AbstractChannel$AnnotatedConnectException: finishConnect(..) failed: Connection refused: localhost/127.0.0.1:15148
2024-10-11 15:03:05,075 [s3@group-F860CA578C61-LeaderElection20] INFO  impl.LeaderElection (LeaderElection.java:logAndReturn(90)) - s3@group-F860CA578C61-LeaderElection20: PRE_VOTE TIMEOUT received 1 response(s) and 2 exception(s):
2024-10-11 15:03:05,075 [s3@group-F860CA578C61-LeaderElection20] INFO  impl.LeaderElection (LeaderElection.java:logAndReturn(94)) -   Response 0: s3<-s4#0:OK-t2
2024-10-11 15:03:05,075 [s3@group-F860CA578C61-LeaderElection20] INFO  impl.LeaderElection (LogUtils.java:infoOrTrace(136)) -   Exception 1: java.util.concurrent.ExecutionException: org.apache.ratis.thirdparty.io.netty.channel.AbstractChannel$AnnotatedConnectException: finishConnect(..) failed: Connection refused: localhost/127.0.0.1:15148
2024-10-11 15:03:05,075 [s3@group-F860CA578C61-LeaderElection20] INFO  impl.LeaderElection (LogUtils.java:infoOrTrace(136)) -   Exception 2: java.util.concurrent.ExecutionException: org.apache.ratis.thirdparty.io.netty.channel.AbstractChannel$AnnotatedConnectException: finishConnect(..) failed: Connection refused: localhost/127.0.0.1:15140
2024-10-11 15:03:05,075 [s3@group-F860CA578C61-LeaderElection20] INFO  impl.LeaderElection (LeaderElection.java:askForVotes(339)) - s3@group-F860CA578C61-LeaderElection20 PRE_VOTE round 8: result TIMEOUT
2024-10-11 15:03:05,075 [s3@group-F860CA578C61-LeaderElection20] INFO  impl.LeaderElection (LeaderElection.java:askForVotes(337)) - s3@group-F860CA578C61-LeaderElection20 PRE_VOTE round 9: submit vote requests at term 2 for conf: {index: 1, cur=peers:[s3|localhost:15152, s4|localhost:15156, s0|localhost:15140, s1|localhost:15144, s2|localhost:15148]|listeners:[], old=null}
2024-10-11 15:03:05,076 [NettyRpcService-workerGroup--thread3] INFO  server.RaftServer$Division (RaftServerImpl.java:requestVote(1443)) - s4@group-F860CA578C61: receive requestVote(PRE_VOTE, s3, group-F860CA578C61, 2, (t:2, i:2))
2024-10-11 15:03:05,076 [NettyRpcService-workerGroup--thread3] INFO  impl.VoteContext (VoteContext.java:log(49)) - s4@group-F860CA578C61-CANDIDATE: accept PRE_VOTE from s3: our priority 0 <= candidate's priority 0
2024-10-11 15:03:05,076 [NettyRpcService-workerGroup--thread3] INFO  server.RaftServer$Division (RaftServerImpl.java:requestVote(1476)) - s4@group-F860CA578C61 replies to PRE_VOTE vote request: s3<-s4#0:OK-t2. Peer's state: s4@group-F860CA578C61:t2, leader=null, voted=s0, raftlog=Memoized:s4@group-F860CA578C61-SegmentedRaftLog:OPENED:c2:last(t:2, i:2), conf=conf: {index: 1, cur=peers:[s3|localhost:15152, s4|localhost:15156, s0|localhost:15140, s1|localhost:15144, s2|localhost:15148]|listeners:[], old=null}
2024-10-11 15:03:05,077 [s3@group-F860CA578C61-LeaderElection20] INFO  impl.LeaderElection (LogUtils.java:infoOrTrace(136)) - s3@group-F860CA578C61-LeaderElection20 got exception when requesting votes: java.util.concurrent.ExecutionException: org.apache.ratis.thirdparty.io.netty.channel.AbstractChannel$AnnotatedConnectException: finishConnect(..) failed: Connection refused: localhost/127.0.0.1:15140
2024-10-11 15:03:05,077 [s3@group-F860CA578C61-LeaderElection20] INFO  impl.LeaderElection (LogUtils.java:infoOrTrace(136)) - s3@group-F860CA578C61-LeaderElection20 got exception when requesting votes: java.util.concurrent.ExecutionException: org.apache.ratis.thirdparty.io.netty.channel.AbstractChannel$AnnotatedConnectException: finishConnect(..) failed: Connection refused: localhost/127.0.0.1:15148
2024-10-11 15:03:05,173 [s4@group-F860CA578C61-LeaderElection19] INFO  impl.LeaderElection (LeaderElection.java:logAndReturn(90)) - s4@group-F860CA578C61-LeaderElection19: PRE_VOTE TIMEOUT received 1 response(s) and 2 exception(s):
2024-10-11 15:03:05,173 [s4@group-F860CA578C61-LeaderElection19] INFO  impl.LeaderElection (LeaderElection.java:logAndReturn(94)) -   Response 0: s4<-s3#0:OK-t2
2024-10-11 15:03:05,173 [s4@group-F860CA578C61-LeaderElection19] INFO  impl.LeaderElection (LogUtils.java:infoOrTrace(136)) -   Exception 1: java.util.concurrent.ExecutionException: org.apache.ratis.thirdparty.io.netty.channel.AbstractChannel$AnnotatedConnectException: finishConnect(..) failed: Connection refused: localhost/127.0.0.1:15140
2024-10-11 15:03:05,173 [s4@group-F860CA578C61-LeaderElection19] INFO  impl.LeaderElection (LogUtils.java:infoOrTrace(136)) -   Exception 2: java.util.concurrent.ExecutionException: org.apache.ratis.thirdparty.io.netty.channel.AbstractChannel$AnnotatedConnectException: finishConnect(..) failed: Connection refused: localhost/127.0.0.1:15148
2024-10-11 15:03:05,173 [s4@group-F860CA578C61-LeaderElection19] INFO  impl.LeaderElection (LeaderElection.java:askForVotes(339)) - s4@group-F860CA578C61-LeaderElection19 PRE_VOTE round 20: result TIMEOUT
2024-10-11 15:03:05,173 [s4@group-F860CA578C61-LeaderElection19] INFO  impl.LeaderElection (LeaderElection.java:askForVotes(337)) - s4@group-F860CA578C61-LeaderElection19 PRE_VOTE round 21: submit vote requests at term 2 for conf: {index: 1, cur=peers:[s3|localhost:15152, s4|localhost:15156, s0|localhost:15140, s1|localhost:15144, s2|localhost:15148]|listeners:[], old=null}
2024-10-11 15:03:05,174 [NettyRpcService-workerGroup--thread3] INFO  server.RaftServer$Division (RaftServerImpl.java:requestVote(1443)) - s3@group-F860CA578C61: receive requestVote(PRE_VOTE, s4, group-F860CA578C61, 2, (t:2, i:2))
2024-10-11 15:03:05,174 [NettyRpcService-workerGroup--thread3] INFO  impl.VoteContext (VoteContext.java:log(49)) - s3@group-F860CA578C61-CANDIDATE: accept PRE_VOTE from s4: our priority 0 <= candidate's priority 0
2024-10-11 15:03:05,174 [NettyRpcService-workerGroup--thread3] INFO  server.RaftServer$Division (RaftServerImpl.java:requestVote(1476)) - s3@group-F860CA578C61 replies to PRE_VOTE vote request: s4<-s3#0:OK-t2. Peer's state: s3@group-F860CA578C61:t2, leader=null, voted=s0, raftlog=Memoized:s3@group-F860CA578C61-SegmentedRaftLog:OPENED:c2:last(t:2, i:2), conf=conf: {index: 1, cur=peers:[s3|localhost:15152, s4|localhost:15156, s0|localhost:15140, s1|localhost:15144, s2|localhost:15148]|listeners:[], old=null}
2024-10-11 15:03:05,175 [s4@group-F860CA578C61-LeaderElection19] INFO  impl.LeaderElection (LogUtils.java:infoOrTrace(136)) - s4@group-F860CA578C61-LeaderElection19 got exception when requesting votes: java.util.concurrent.ExecutionException: org.apache.ratis.thirdparty.io.netty.channel.AbstractChannel$AnnotatedConnectException: finishConnect(..) failed: Connection refused: localhost/127.0.0.1:15140
2024-10-11 15:03:05,175 [s4@group-F860CA578C61-LeaderElection19] INFO  impl.LeaderElection (LogUtils.java:infoOrTrace(136)) - s4@group-F860CA578C61-LeaderElection19 got exception when requesting votes: java.util.concurrent.ExecutionException: org.apache.ratis.thirdparty.io.netty.channel.AbstractChannel$AnnotatedConnectException: finishConnect(..) failed: Connection refused: localhost/127.0.0.1:15148
2024-10-11 15:03:05,232 [main] WARN  ratis.RaftTestUtil (RaftTestUtil.java:lambda$waitForLeader$3(126)) - Attempt #11 failed: java.lang.IllegalStateException: No leader yet : printing ALL groups
  s3:  RUNNING CANDIDATE s3@group-F860CA578C61:t2, leader=null, voted=s0, raftlog=Memoized:s3@group-F860CA578C61-SegmentedRaftLog:OPENED:c2:last(t:2, i:2), conf=conf: {index: 1, cur=peers:[s3|localhost:15152, s4|localhost:15156, s0|localhost:15140, s1|localhost:15144, s2|localhost:15148]|listeners:[], old=null} RUNNING
  s4:  RUNNING CANDIDATE s4@group-F860CA578C61:t2, leader=null, voted=s0, raftlog=Memoized:s4@group-F860CA578C61-SegmentedRaftLog:OPENED:c2:last(t:2, i:2), conf=conf: {index: 1, cur=peers:[s3|localhost:15152, s4|localhost:15156, s0|localhost:15140, s1|localhost:15144, s2|localhost:15148]|listeners:[], old=null} RUNNING
  s0:   CLOSED    LEADER s0@group-F860CA578C61:t2, leader=s0, voted=s0, raftlog=Memoized:s0@group-F860CA578C61-SegmentedRaftLog:CLOSED:c2, conf=conf: {index: 1, cur=peers:[s3|localhost:15152, s4|localhost:15156, s0|localhost:15140, s1|localhost:15144, s2|localhost:15148]|listeners:[], old=null} CLOSED
  s1:  RUNNING  FOLLOWER s1@group-F860CA578C61:t1, leader=null, voted=null, raftlog=Memoized:s1@group-F860CA578C61-SegmentedRaftLog:OPENED:c-1:lastnull, conf=conf: {index: -1, cur=peers:[s3|localhost:15152, s4|localhost:15156, s0|localhost:15140, s1|localhost:15144, s2|localhost:15148]|listeners:[], old=null} RUNNING
  s2:   CLOSED    LEADER s2@group-F860CA578C61:t1, leader=s2, voted=s2, raftlog=Memoized:s2@group-F860CA578C61-SegmentedRaftLog:CLOSED:c0, conf=conf: {index: 0, cur=peers:[s3|localhost:15152, s4|localhost:15156, s0|localhost:15140, s1|localhost:15144, s2|localhost:15148]|listeners:[], old=null} CLOSED
2024-10-11 15:03:05,270 [s3@group-F860CA578C61-LeaderElection20] INFO  impl.LeaderElection (LeaderElection.java:logAndReturn(90)) - s3@group-F860CA578C61-LeaderElection20: PRE_VOTE TIMEOUT received 1 response(s) and 2 exception(s):
2024-10-11 15:03:05,270 [s3@group-F860CA578C61-LeaderElection20] INFO  impl.LeaderElection (LeaderElection.java:logAndReturn(94)) -   Response 0: s3<-s4#0:OK-t2
2024-10-11 15:03:05,270 [s3@group-F860CA578C61-LeaderElection20] INFO  impl.LeaderElection (LogUtils.java:infoOrTrace(136)) -   Exception 1: java.util.concurrent.ExecutionException: org.apache.ratis.thirdparty.io.netty.channel.AbstractChannel$AnnotatedConnectException: finishConnect(..) failed: Connection refused: localhost/127.0.0.1:15140
2024-10-11 15:03:05,270 [s3@group-F860CA578C61-LeaderElection20] INFO  impl.LeaderElection (LogUtils.java:infoOrTrace(136)) -   Exception 2: java.util.concurrent.ExecutionException: org.apache.ratis.thirdparty.io.netty.channel.AbstractChannel$AnnotatedConnectException: finishConnect(..) failed: Connection refused: localhost/127.0.0.1:15148
2024-10-11 15:03:05,271 [s3@group-F860CA578C61-LeaderElection20] INFO  impl.LeaderElection (LeaderElection.java:askForVotes(339)) - s3@group-F860CA578C61-LeaderElection20 PRE_VOTE round 9: result TIMEOUT
2024-10-11 15:03:05,271 [s3@group-F860CA578C61-LeaderElection20] INFO  impl.LeaderElection (LeaderElection.java:askForVotes(337)) - s3@group-F860CA578C61-LeaderElection20 PRE_VOTE round 10: submit vote requests at term 2 for conf: {index: 1, cur=peers:[s3|localhost:15152, s4|localhost:15156, s0|localhost:15140, s1|localhost:15144, s2|localhost:15148]|listeners:[], old=null}
2024-10-11 15:03:05,272 [NettyRpcService-workerGroup--thread3] INFO  server.RaftServer$Division (RaftServerImpl.java:requestVote(1443)) - s4@group-F860CA578C61: receive requestVote(PRE_VOTE, s3, group-F860CA578C61, 2, (t:2, i:2))
2024-10-11 15:03:05,272 [NettyRpcService-workerGroup--thread3] INFO  impl.VoteContext (VoteContext.java:log(49)) - s4@group-F860CA578C61-CANDIDATE: accept PRE_VOTE from s3: our priority 0 <= candidate's priority 0
2024-10-11 15:03:05,272 [NettyRpcService-workerGroup--thread3] INFO  server.RaftServer$Division (RaftServerImpl.java:requestVote(1476)) - s4@group-F860CA578C61 replies to PRE_VOTE vote request: s3<-s4#0:OK-t2. Peer's state: s4@group-F860CA578C61:t2, leader=null, voted=s0, raftlog=Memoized:s4@group-F860CA578C61-SegmentedRaftLog:OPENED:c2:last(t:2, i:2), conf=conf: {index: 1, cur=peers:[s3|localhost:15152, s4|localhost:15156, s0|localhost:15140, s1|localhost:15144, s2|localhost:15148]|listeners:[], old=null}
2024-10-11 15:03:05,273 [s3@group-F860CA578C61-LeaderElection20] INFO  impl.LeaderElection (LogUtils.java:infoOrTrace(136)) - s3@group-F860CA578C61-LeaderElection20 got exception when requesting votes: java.util.concurrent.ExecutionException: org.apache.ratis.thirdparty.io.netty.channel.AbstractChannel$AnnotatedConnectException: finishConnect(..) failed: Connection refused: localhost/127.0.0.1:15140
2024-10-11 15:03:05,277 [s3@group-F860CA578C61-LeaderElection20] INFO  impl.LeaderElection (LogUtils.java:infoOrTrace(136)) - s3@group-F860CA578C61-LeaderElection20 got exception when requesting votes: java.util.concurrent.ExecutionException: org.apache.ratis.thirdparty.io.netty.channel.AbstractChannel$AnnotatedConnectException: finishConnect(..) failed: Connection refused: localhost/127.0.0.1:15148
2024-10-11 15:03:05,468 [s4@group-F860CA578C61-LeaderElection19] INFO  impl.LeaderElection (LeaderElection.java:logAndReturn(90)) - s4@group-F860CA578C61-LeaderElection19: PRE_VOTE TIMEOUT received 1 response(s) and 2 exception(s):
2024-10-11 15:03:05,468 [s4@group-F860CA578C61-LeaderElection19] INFO  impl.LeaderElection (LeaderElection.java:logAndReturn(94)) -   Response 0: s4<-s3#0:OK-t2
2024-10-11 15:03:05,468 [s4@group-F860CA578C61-LeaderElection19] INFO  impl.LeaderElection (LogUtils.java:infoOrTrace(136)) -   Exception 1: java.util.concurrent.ExecutionException: org.apache.ratis.thirdparty.io.netty.channel.AbstractChannel$AnnotatedConnectException: finishConnect(..) failed: Connection refused: localhost/127.0.0.1:15140
2024-10-11 15:03:05,469 [s4@group-F860CA578C61-LeaderElection19] INFO  impl.LeaderElection (LogUtils.java:infoOrTrace(136)) -   Exception 2: java.util.concurrent.ExecutionException: org.apache.ratis.thirdparty.io.netty.channel.AbstractChannel$AnnotatedConnectException: finishConnect(..) failed: Connection refused: localhost/127.0.0.1:15148
2024-10-11 15:03:05,469 [s4@group-F860CA578C61-LeaderElection19] INFO  impl.LeaderElection (LeaderElection.java:askForVotes(339)) - s4@group-F860CA578C61-LeaderElection19 PRE_VOTE round 21: result TIMEOUT
2024-10-11 15:03:05,469 [s4@group-F860CA578C61-LeaderElection19] INFO  impl.LeaderElection (LeaderElection.java:askForVotes(337)) - s4@group-F860CA578C61-LeaderElection19 PRE_VOTE round 22: submit vote requests at term 2 for conf: {index: 1, cur=peers:[s3|localhost:15152, s4|localhost:15156, s0|localhost:15140, s1|localhost:15144, s2|localhost:15148]|listeners:[], old=null}
2024-10-11 15:03:05,470 [NettyRpcService-workerGroup--thread3] INFO  server.RaftServer$Division (RaftServerImpl.java:requestVote(1443)) - s3@group-F860CA578C61: receive requestVote(PRE_VOTE, s4, group-F860CA578C61, 2, (t:2, i:2))
2024-10-11 15:03:05,470 [NettyRpcService-workerGroup--thread3] INFO  impl.VoteContext (VoteContext.java:log(49)) - s3@group-F860CA578C61-CANDIDATE: accept PRE_VOTE from s4: our priority 0 <= candidate's priority 0
2024-10-11 15:03:05,470 [NettyRpcService-workerGroup--thread3] INFO  server.RaftServer$Division (RaftServerImpl.java:requestVote(1476)) - s3@group-F860CA578C61 replies to PRE_VOTE vote request: s4<-s3#0:OK-t2. Peer's state: s3@group-F860CA578C61:t2, leader=null, voted=s0, raftlog=Memoized:s3@group-F860CA578C61-SegmentedRaftLog:OPENED:c2:last(t:2, i:2), conf=conf: {index: 1, cur=peers:[s3|localhost:15152, s4|localhost:15156, s0|localhost:15140, s1|localhost:15144, s2|localhost:15148]|listeners:[], old=null}
2024-10-11 15:03:05,470 [s4@group-F860CA578C61-LeaderElection19] INFO  impl.LeaderElection (LogUtils.java:infoOrTrace(136)) - s4@group-F860CA578C61-LeaderElection19 got exception when requesting votes: java.util.concurrent.ExecutionException: org.apache.ratis.thirdparty.io.netty.channel.AbstractChannel$AnnotatedConnectException: finishConnect(..) failed: Connection refused: localhost/127.0.0.1:15140
2024-10-11 15:03:05,470 [s4@group-F860CA578C61-LeaderElection19] INFO  impl.LeaderElection (LogUtils.java:infoOrTrace(136)) - s4@group-F860CA578C61-LeaderElection19 got exception when requesting votes: java.util.concurrent.ExecutionException: org.apache.ratis.thirdparty.io.netty.channel.AbstractChannel$AnnotatedConnectException: finishConnect(..) failed: Connection refused: localhost/127.0.0.1:15148
2024-10-11 15:03:05,485 [s3@group-F860CA578C61-LeaderElection20] INFO  impl.LeaderElection (LeaderElection.java:logAndReturn(90)) - s3@group-F860CA578C61-LeaderElection20: PRE_VOTE TIMEOUT received 1 response(s) and 2 exception(s):
2024-10-11 15:03:05,486 [s3@group-F860CA578C61-LeaderElection20] INFO  impl.LeaderElection (LeaderElection.java:logAndReturn(94)) -   Response 0: s3<-s4#0:OK-t2
2024-10-11 15:03:05,486 [s3@group-F860CA578C61-LeaderElection20] INFO  impl.LeaderElection (LogUtils.java:infoOrTrace(136)) -   Exception 1: java.util.concurrent.ExecutionException: org.apache.ratis.thirdparty.io.netty.channel.AbstractChannel$AnnotatedConnectException: finishConnect(..) failed: Connection refused: localhost/127.0.0.1:15140
2024-10-11 15:03:05,486 [s3@group-F860CA578C61-LeaderElection20] INFO  impl.LeaderElection (LogUtils.java:infoOrTrace(136)) -   Exception 2: java.util.concurrent.ExecutionException: org.apache.ratis.thirdparty.io.netty.channel.AbstractChannel$AnnotatedConnectException: finishConnect(..) failed: Connection refused: localhost/127.0.0.1:15148
2024-10-11 15:03:05,486 [s3@group-F860CA578C61-LeaderElection20] INFO  impl.LeaderElection (LeaderElection.java:askForVotes(339)) - s3@group-F860CA578C61-LeaderElection20 PRE_VOTE round 10: result TIMEOUT
2024-10-11 15:03:05,486 [s3@group-F860CA578C61-LeaderElection20] INFO  impl.LeaderElection (LeaderElection.java:askForVotes(337)) - s3@group-F860CA578C61-LeaderElection20 PRE_VOTE round 11: submit vote requests at term 2 for conf: {index: 1, cur=peers:[s3|localhost:15152, s4|localhost:15156, s0|localhost:15140, s1|localhost:15144, s2|localhost:15148]|listeners:[], old=null}
2024-10-11 15:03:05,486 [NettyRpcService-workerGroup--thread3] INFO  server.RaftServer$Division (RaftServerImpl.java:requestVote(1443)) - s4@group-F860CA578C61: receive requestVote(PRE_VOTE, s3, group-F860CA578C61, 2, (t:2, i:2))
2024-10-11 15:03:05,487 [NettyRpcService-workerGroup--thread3] INFO  impl.VoteContext (VoteContext.java:log(49)) - s4@group-F860CA578C61-CANDIDATE: accept PRE_VOTE from s3: our priority 0 <= candidate's priority 0
2024-10-11 15:03:05,487 [NettyRpcService-workerGroup--thread3] INFO  server.RaftServer$Division (RaftServerImpl.java:requestVote(1476)) - s4@group-F860CA578C61 replies to PRE_VOTE vote request: s3<-s4#0:OK-t2. Peer's state: s4@group-F860CA578C61:t2, leader=null, voted=s0, raftlog=Memoized:s4@group-F860CA578C61-SegmentedRaftLog:OPENED:c2:last(t:2, i:2), conf=conf: {index: 1, cur=peers:[s3|localhost:15152, s4|localhost:15156, s0|localhost:15140, s1|localhost:15144, s2|localhost:15148]|listeners:[], old=null}
2024-10-11 15:03:05,487 [s3@group-F860CA578C61-LeaderElection20] INFO  impl.LeaderElection (LogUtils.java:infoOrTrace(136)) - s3@group-F860CA578C61-LeaderElection20 got exception when requesting votes: java.util.concurrent.ExecutionException: org.apache.ratis.thirdparty.io.netty.channel.AbstractChannel$AnnotatedConnectException: finishConnect(..) failed: Connection refused: localhost/127.0.0.1:15140
2024-10-11 15:03:05,487 [s3@group-F860CA578C61-LeaderElection20] INFO  impl.LeaderElection (LogUtils.java:infoOrTrace(136)) - s3@group-F860CA578C61-LeaderElection20 got exception when requesting votes: java.util.concurrent.ExecutionException: org.apache.ratis.thirdparty.io.netty.channel.AbstractChannel$AnnotatedConnectException: finishConnect(..) failed: Connection refused: localhost/127.0.0.1:15148
2024-10-11 15:03:05,670 [s3@group-F860CA578C61-LeaderElection20] INFO  impl.LeaderElection (LeaderElection.java:logAndReturn(90)) - s3@group-F860CA578C61-LeaderElection20: PRE_VOTE TIMEOUT received 1 response(s) and 2 exception(s):
2024-10-11 15:03:05,671 [s3@group-F860CA578C61-LeaderElection20] INFO  impl.LeaderElection (LeaderElection.java:logAndReturn(94)) -   Response 0: s3<-s4#0:OK-t2
2024-10-11 15:03:05,671 [s3@group-F860CA578C61-LeaderElection20] INFO  impl.LeaderElection (LogUtils.java:infoOrTrace(136)) -   Exception 1: java.util.concurrent.ExecutionException: org.apache.ratis.thirdparty.io.netty.channel.AbstractChannel$AnnotatedConnectException: finishConnect(..) failed: Connection refused: localhost/127.0.0.1:15140
2024-10-11 15:03:05,671 [s3@group-F860CA578C61-LeaderElection20] INFO  impl.LeaderElection (LogUtils.java:infoOrTrace(136)) -   Exception 2: java.util.concurrent.ExecutionException: org.apache.ratis.thirdparty.io.netty.channel.AbstractChannel$AnnotatedConnectException: finishConnect(..) failed: Connection refused: localhost/127.0.0.1:15148
2024-10-11 15:03:05,671 [s3@group-F860CA578C61-LeaderElection20] INFO  impl.LeaderElection (LeaderElection.java:askForVotes(339)) - s3@group-F860CA578C61-LeaderElection20 PRE_VOTE round 11: result TIMEOUT
2024-10-11 15:03:05,671 [s3@group-F860CA578C61-LeaderElection20] INFO  impl.LeaderElection (LeaderElection.java:askForVotes(337)) - s3@group-F860CA578C61-LeaderElection20 PRE_VOTE round 12: submit vote requests at term 2 for conf: {index: 1, cur=peers:[s3|localhost:15152, s4|localhost:15156, s0|localhost:15140, s1|localhost:15144, s2|localhost:15148]|listeners:[], old=null}
2024-10-11 15:03:05,672 [NettyRpcService-workerGroup--thread3] INFO  server.RaftServer$Division (RaftServerImpl.java:requestVote(1443)) - s4@group-F860CA578C61: receive requestVote(PRE_VOTE, s3, group-F860CA578C61, 2, (t:2, i:2))
2024-10-11 15:03:05,672 [NettyRpcService-workerGroup--thread3] INFO  impl.VoteContext (VoteContext.java:log(49)) - s4@group-F860CA578C61-CANDIDATE: accept PRE_VOTE from s3: our priority 0 <= candidate's priority 0
2024-10-11 15:03:05,672 [NettyRpcService-workerGroup--thread3] INFO  server.RaftServer$Division (RaftServerImpl.java:requestVote(1476)) - s4@group-F860CA578C61 replies to PRE_VOTE vote request: s3<-s4#0:OK-t2. Peer's state: s4@group-F860CA578C61:t2, leader=null, voted=s0, raftlog=Memoized:s4@group-F860CA578C61-SegmentedRaftLog:OPENED:c2:last(t:2, i:2), conf=conf: {index: 1, cur=peers:[s3|localhost:15152, s4|localhost:15156, s0|localhost:15140, s1|localhost:15144, s2|localhost:15148]|listeners:[], old=null}
2024-10-11 15:03:05,672 [s3@group-F860CA578C61-LeaderElection20] INFO  impl.LeaderElection (LogUtils.java:infoOrTrace(136)) - s3@group-F860CA578C61-LeaderElection20 got exception when requesting votes: java.util.concurrent.ExecutionException: org.apache.ratis.thirdparty.io.netty.channel.AbstractChannel$AnnotatedConnectException: finishConnect(..) failed: Connection refused: localhost/127.0.0.1:15148
2024-10-11 15:03:05,672 [s3@group-F860CA578C61-LeaderElection20] INFO  impl.LeaderElection (LogUtils.java:infoOrTrace(136)) - s3@group-F860CA578C61-LeaderElection20 got exception when requesting votes: java.util.concurrent.ExecutionException: org.apache.ratis.thirdparty.io.netty.channel.AbstractChannel$AnnotatedConnectException: finishConnect(..) failed: Connection refused: localhost/127.0.0.1:15140
2024-10-11 15:03:05,682 [main] WARN  ratis.RaftTestUtil (RaftTestUtil.java:lambda$waitForLeader$3(126)) - Attempt #12 failed: java.lang.IllegalStateException: No leader yet : printing ALL groups
  s3:  RUNNING CANDIDATE s3@group-F860CA578C61:t2, leader=null, voted=s0, raftlog=Memoized:s3@group-F860CA578C61-SegmentedRaftLog:OPENED:c2:last(t:2, i:2), conf=conf: {index: 1, cur=peers:[s3|localhost:15152, s4|localhost:15156, s0|localhost:15140, s1|localhost:15144, s2|localhost:15148]|listeners:[], old=null} RUNNING
  s4:  RUNNING CANDIDATE s4@group-F860CA578C61:t2, leader=null, voted=s0, raftlog=Memoized:s4@group-F860CA578C61-SegmentedRaftLog:OPENED:c2:last(t:2, i:2), conf=conf: {index: 1, cur=peers:[s3|localhost:15152, s4|localhost:15156, s0|localhost:15140, s1|localhost:15144, s2|localhost:15148]|listeners:[], old=null} RUNNING
  s0:   CLOSED    LEADER s0@group-F860CA578C61:t2, leader=s0, voted=s0, raftlog=Memoized:s0@group-F860CA578C61-SegmentedRaftLog:CLOSED:c2, conf=conf: {index: 1, cur=peers:[s3|localhost:15152, s4|localhost:15156, s0|localhost:15140, s1|localhost:15144, s2|localhost:15148]|listeners:[], old=null} CLOSED
  s1:  RUNNING  FOLLOWER s1@group-F860CA578C61:t1, leader=null, voted=null, raftlog=Memoized:s1@group-F860CA578C61-SegmentedRaftLog:OPENED:c-1:lastnull, conf=conf: {index: -1, cur=peers:[s3|localhost:15152, s4|localhost:15156, s0|localhost:15140, s1|localhost:15144, s2|localhost:15148]|listeners:[], old=null} RUNNING
  s2:   CLOSED    LEADER s2@group-F860CA578C61:t1, leader=s2, voted=s2, raftlog=Memoized:s2@group-F860CA578C61-SegmentedRaftLog:CLOSED:c0, conf=conf: {index: 0, cur=peers:[s3|localhost:15152, s4|localhost:15156, s0|localhost:15140, s1|localhost:15144, s2|localhost:15148]|listeners:[], old=null} CLOSED
2024-10-11 15:03:05,745 [s4@group-F860CA578C61-LeaderElection19] INFO  impl.LeaderElection (LeaderElection.java:logAndReturn(90)) - s4@group-F860CA578C61-LeaderElection19: PRE_VOTE TIMEOUT received 1 response(s) and 2 exception(s):
2024-10-11 15:03:05,745 [s4@group-F860CA578C61-LeaderElection19] INFO  impl.LeaderElection (LeaderElection.java:logAndReturn(94)) -   Response 0: s4<-s3#0:OK-t2
2024-10-11 15:03:05,745 [s4@group-F860CA578C61-LeaderElection19] INFO  impl.LeaderElection (LogUtils.java:infoOrTrace(136)) -   Exception 1: java.util.concurrent.ExecutionException: org.apache.ratis.thirdparty.io.netty.channel.AbstractChannel$AnnotatedConnectException: finishConnect(..) failed: Connection refused: localhost/127.0.0.1:15140
2024-10-11 15:03:05,745 [s4@group-F860CA578C61-LeaderElection19] INFO  impl.LeaderElection (LogUtils.java:infoOrTrace(136)) -   Exception 2: java.util.concurrent.ExecutionException: org.apache.ratis.thirdparty.io.netty.channel.AbstractChannel$AnnotatedConnectException: finishConnect(..) failed: Connection refused: localhost/127.0.0.1:15148
2024-10-11 15:03:05,745 [s4@group-F860CA578C61-LeaderElection19] INFO  impl.LeaderElection (LeaderElection.java:askForVotes(339)) - s4@group-F860CA578C61-LeaderElection19 PRE_VOTE round 22: result TIMEOUT
2024-10-11 15:03:05,745 [s4@group-F860CA578C61-LeaderElection19] INFO  impl.LeaderElection (LeaderElection.java:askForVotes(337)) - s4@group-F860CA578C61-LeaderElection19 PRE_VOTE round 23: submit vote requests at term 2 for conf: {index: 1, cur=peers:[s3|localhost:15152, s4|localhost:15156, s0|localhost:15140, s1|localhost:15144, s2|localhost:15148]|listeners:[], old=null}
2024-10-11 15:03:05,746 [NettyRpcService-workerGroup--thread3] INFO  server.RaftServer$Division (RaftServerImpl.java:requestVote(1443)) - s3@group-F860CA578C61: receive requestVote(PRE_VOTE, s4, group-F860CA578C61, 2, (t:2, i:2))
2024-10-11 15:03:05,746 [NettyRpcService-workerGroup--thread3] INFO  impl.VoteContext (VoteContext.java:log(49)) - s3@group-F860CA578C61-CANDIDATE: accept PRE_VOTE from s4: our priority 0 <= candidate's priority 0
2024-10-11 15:03:05,746 [NettyRpcService-workerGroup--thread3] INFO  server.RaftServer$Division (RaftServerImpl.java:requestVote(1476)) - s3@group-F860CA578C61 replies to PRE_VOTE vote request: s4<-s3#0:OK-t2. Peer's state: s3@group-F860CA578C61:t2, leader=null, voted=s0, raftlog=Memoized:s3@group-F860CA578C61-SegmentedRaftLog:OPENED:c2:last(t:2, i:2), conf=conf: {index: 1, cur=peers:[s3|localhost:15152, s4|localhost:15156, s0|localhost:15140, s1|localhost:15144, s2|localhost:15148]|listeners:[], old=null}
2024-10-11 15:03:05,746 [s4@group-F860CA578C61-LeaderElection19] INFO  impl.LeaderElection (LogUtils.java:infoOrTrace(136)) - s4@group-F860CA578C61-LeaderElection19 got exception when requesting votes: java.util.concurrent.ExecutionException: org.apache.ratis.thirdparty.io.netty.channel.AbstractChannel$AnnotatedConnectException: finishConnect(..) failed: Connection refused: localhost/127.0.0.1:15148
2024-10-11 15:03:05,746 [s4@group-F860CA578C61-LeaderElection19] INFO  impl.LeaderElection (LogUtils.java:infoOrTrace(136)) - s4@group-F860CA578C61-LeaderElection19 got exception when requesting votes: java.util.concurrent.ExecutionException: org.apache.ratis.thirdparty.io.netty.channel.AbstractChannel$AnnotatedConnectException: finishConnect(..) failed: Connection refused: localhost/127.0.0.1:15140
2024-10-11 15:03:05,822 [s3@group-F860CA578C61-LeaderElection20] INFO  impl.LeaderElection (LeaderElection.java:logAndReturn(90)) - s3@group-F860CA578C61-LeaderElection20: PRE_VOTE TIMEOUT received 1 response(s) and 2 exception(s):
2024-10-11 15:03:05,822 [s3@group-F860CA578C61-LeaderElection20] INFO  impl.LeaderElection (LeaderElection.java:logAndReturn(94)) -   Response 0: s3<-s4#0:OK-t2
2024-10-11 15:03:05,822 [s3@group-F860CA578C61-LeaderElection20] INFO  impl.LeaderElection (LogUtils.java:infoOrTrace(136)) -   Exception 1: java.util.concurrent.ExecutionException: org.apache.ratis.thirdparty.io.netty.channel.AbstractChannel$AnnotatedConnectException: finishConnect(..) failed: Connection refused: localhost/127.0.0.1:15148
2024-10-11 15:03:05,822 [s3@group-F860CA578C61-LeaderElection20] INFO  impl.LeaderElection (LogUtils.java:infoOrTrace(136)) -   Exception 2: java.util.concurrent.ExecutionException: org.apache.ratis.thirdparty.io.netty.channel.AbstractChannel$AnnotatedConnectException: finishConnect(..) failed: Connection refused: localhost/127.0.0.1:15140
2024-10-11 15:03:05,822 [s3@group-F860CA578C61-LeaderElection20] INFO  impl.LeaderElection (LeaderElection.java:askForVotes(339)) - s3@group-F860CA578C61-LeaderElection20 PRE_VOTE round 12: result TIMEOUT
2024-10-11 15:03:05,822 [s3@group-F860CA578C61-LeaderElection20] INFO  impl.LeaderElection (LeaderElection.java:askForVotes(337)) - s3@group-F860CA578C61-LeaderElection20 PRE_VOTE round 13: submit vote requests at term 2 for conf: {index: 1, cur=peers:[s3|localhost:15152, s4|localhost:15156, s0|localhost:15140, s1|localhost:15144, s2|localhost:15148]|listeners:[], old=null}
2024-10-11 15:03:05,823 [NettyRpcService-workerGroup--thread3] INFO  server.RaftServer$Division (RaftServerImpl.java:requestVote(1443)) - s4@group-F860CA578C61: receive requestVote(PRE_VOTE, s3, group-F860CA578C61, 2, (t:2, i:2))
2024-10-11 15:03:05,823 [NettyRpcService-workerGroup--thread3] INFO  impl.VoteContext (VoteContext.java:log(49)) - s4@group-F860CA578C61-CANDIDATE: accept PRE_VOTE from s3: our priority 0 <= candidate's priority 0
2024-10-11 15:03:05,823 [NettyRpcService-workerGroup--thread3] INFO  server.RaftServer$Division (RaftServerImpl.java:requestVote(1476)) - s4@group-F860CA578C61 replies to PRE_VOTE vote request: s3<-s4#0:OK-t2. Peer's state: s4@group-F860CA578C61:t2, leader=null, voted=s0, raftlog=Memoized:s4@group-F860CA578C61-SegmentedRaftLog:OPENED:c2:last(t:2, i:2), conf=conf: {index: 1, cur=peers:[s3|localhost:15152, s4|localhost:15156, s0|localhost:15140, s1|localhost:15144, s2|localhost:15148]|listeners:[], old=null}
2024-10-11 15:03:05,824 [s3@group-F860CA578C61-LeaderElection20] INFO  impl.LeaderElection (LogUtils.java:infoOrTrace(136)) - s3@group-F860CA578C61-LeaderElection20 got exception when requesting votes: java.util.concurrent.ExecutionException: org.apache.ratis.thirdparty.io.netty.channel.AbstractChannel$AnnotatedConnectException: finishConnect(..) failed: Connection refused: localhost/127.0.0.1:15148
2024-10-11 15:03:05,824 [s3@group-F860CA578C61-LeaderElection20] INFO  impl.LeaderElection (LogUtils.java:infoOrTrace(136)) - s3@group-F860CA578C61-LeaderElection20 got exception when requesting votes: java.util.concurrent.ExecutionException: org.apache.ratis.thirdparty.io.netty.channel.AbstractChannel$AnnotatedConnectException: finishConnect(..) failed: Connection refused: localhost/127.0.0.1:15140
2024-10-11 15:03:05,934 [s4@group-F860CA578C61-LeaderElection19] INFO  impl.LeaderElection (LeaderElection.java:logAndReturn(90)) - s4@group-F860CA578C61-LeaderElection19: PRE_VOTE TIMEOUT received 1 response(s) and 2 exception(s):
2024-10-11 15:03:05,934 [s4@group-F860CA578C61-LeaderElection19] INFO  impl.LeaderElection (LeaderElection.java:logAndReturn(94)) -   Response 0: s4<-s3#0:OK-t2
2024-10-11 15:03:05,934 [s4@group-F860CA578C61-LeaderElection19] INFO  impl.LeaderElection (LogUtils.java:infoOrTrace(136)) -   Exception 1: java.util.concurrent.ExecutionException: org.apache.ratis.thirdparty.io.netty.channel.AbstractChannel$AnnotatedConnectException: finishConnect(..) failed: Connection refused: localhost/127.0.0.1:15148
2024-10-11 15:03:05,934 [s4@group-F860CA578C61-LeaderElection19] INFO  impl.LeaderElection (LogUtils.java:infoOrTrace(136)) -   Exception 2: java.util.concurrent.ExecutionException: org.apache.ratis.thirdparty.io.netty.channel.AbstractChannel$AnnotatedConnectException: finishConnect(..) failed: Connection refused: localhost/127.0.0.1:15140
2024-10-11 15:03:05,934 [s4@group-F860CA578C61-LeaderElection19] INFO  impl.LeaderElection (LeaderElection.java:askForVotes(339)) - s4@group-F860CA578C61-LeaderElection19 PRE_VOTE round 23: result TIMEOUT
2024-10-11 15:03:05,934 [s4@group-F860CA578C61-LeaderElection19] INFO  impl.LeaderElection (LeaderElection.java:askForVotes(337)) - s4@group-F860CA578C61-LeaderElection19 PRE_VOTE round 24: submit vote requests at term 2 for conf: {index: 1, cur=peers:[s3|localhost:15152, s4|localhost:15156, s0|localhost:15140, s1|localhost:15144, s2|localhost:15148]|listeners:[], old=null}
2024-10-11 15:03:05,935 [NettyRpcService-workerGroup--thread3] INFO  server.RaftServer$Division (RaftServerImpl.java:requestVote(1443)) - s3@group-F860CA578C61: receive requestVote(PRE_VOTE, s4, group-F860CA578C61, 2, (t:2, i:2))
2024-10-11 15:03:05,935 [NettyRpcService-workerGroup--thread3] INFO  impl.VoteContext (VoteContext.java:log(49)) - s3@group-F860CA578C61-CANDIDATE: accept PRE_VOTE from s4: our priority 0 <= candidate's priority 0
2024-10-11 15:03:05,935 [NettyRpcService-workerGroup--thread3] INFO  server.RaftServer$Division (RaftServerImpl.java:requestVote(1476)) - s3@group-F860CA578C61 replies to PRE_VOTE vote request: s4<-s3#0:OK-t2. Peer's state: s3@group-F860CA578C61:t2, leader=null, voted=s0, raftlog=Memoized:s3@group-F860CA578C61-SegmentedRaftLog:OPENED:c2:last(t:2, i:2), conf=conf: {index: 1, cur=peers:[s3|localhost:15152, s4|localhost:15156, s0|localhost:15140, s1|localhost:15144, s2|localhost:15148]|listeners:[], old=null}
2024-10-11 15:03:05,935 [s4@group-F860CA578C61-LeaderElection19] INFO  impl.LeaderElection (LogUtils.java:infoOrTrace(136)) - s4@group-F860CA578C61-LeaderElection19 got exception when requesting votes: java.util.concurrent.ExecutionException: org.apache.ratis.thirdparty.io.netty.channel.AbstractChannel$AnnotatedConnectException: finishConnect(..) failed: Connection refused: localhost/127.0.0.1:15148
2024-10-11 15:03:05,936 [s4@group-F860CA578C61-LeaderElection19] INFO  impl.LeaderElection (LogUtils.java:infoOrTrace(136)) - s4@group-F860CA578C61-LeaderElection19 got exception when requesting votes: java.util.concurrent.ExecutionException: org.apache.ratis.thirdparty.io.netty.channel.AbstractChannel$AnnotatedConnectException: finishConnect(..) failed: Connection refused: localhost/127.0.0.1:15140
2024-10-11 15:03:06,044 [s3@group-F860CA578C61-LeaderElection20] INFO  impl.LeaderElection (LeaderElection.java:logAndReturn(90)) - s3@group-F860CA578C61-LeaderElection20: PRE_VOTE TIMEOUT received 1 response(s) and 2 exception(s):
2024-10-11 15:03:06,044 [s3@group-F860CA578C61-LeaderElection20] INFO  impl.LeaderElection (LeaderElection.java:logAndReturn(94)) -   Response 0: s3<-s4#0:OK-t2
2024-10-11 15:03:06,044 [s3@group-F860CA578C61-LeaderElection20] INFO  impl.LeaderElection (LogUtils.java:infoOrTrace(136)) -   Exception 1: java.util.concurrent.ExecutionException: org.apache.ratis.thirdparty.io.netty.channel.AbstractChannel$AnnotatedConnectException: finishConnect(..) failed: Connection refused: localhost/127.0.0.1:15148
2024-10-11 15:03:06,044 [s3@group-F860CA578C61-LeaderElection20] INFO  impl.LeaderElection (LogUtils.java:infoOrTrace(136)) -   Exception 2: java.util.concurrent.ExecutionException: org.apache.ratis.thirdparty.io.netty.channel.AbstractChannel$AnnotatedConnectException: finishConnect(..) failed: Connection refused: localhost/127.0.0.1:15140
2024-10-11 15:03:06,044 [s3@group-F860CA578C61-LeaderElection20] INFO  impl.LeaderElection (LeaderElection.java:askForVotes(339)) - s3@group-F860CA578C61-LeaderElection20 PRE_VOTE round 13: result TIMEOUT
2024-10-11 15:03:06,044 [s3@group-F860CA578C61-LeaderElection20] INFO  impl.LeaderElection (LeaderElection.java:askForVotes(337)) - s3@group-F860CA578C61-LeaderElection20 PRE_VOTE round 14: submit vote requests at term 2 for conf: {index: 1, cur=peers:[s3|localhost:15152, s4|localhost:15156, s0|localhost:15140, s1|localhost:15144, s2|localhost:15148]|listeners:[], old=null}
2024-10-11 15:03:06,045 [NettyRpcService-workerGroup--thread3] INFO  server.RaftServer$Division (RaftServerImpl.java:requestVote(1443)) - s4@group-F860CA578C61: receive requestVote(PRE_VOTE, s3, group-F860CA578C61, 2, (t:2, i:2))
2024-10-11 15:03:06,045 [NettyRpcService-workerGroup--thread3] INFO  impl.VoteContext (VoteContext.java:log(49)) - s4@group-F860CA578C61-CANDIDATE: accept PRE_VOTE from s3: our priority 0 <= candidate's priority 0
2024-10-11 15:03:06,045 [NettyRpcService-workerGroup--thread3] INFO  server.RaftServer$Division (RaftServerImpl.java:requestVote(1476)) - s4@group-F860CA578C61 replies to PRE_VOTE vote request: s3<-s4#0:OK-t2. Peer's state: s4@group-F860CA578C61:t2, leader=null, voted=s0, raftlog=Memoized:s4@group-F860CA578C61-SegmentedRaftLog:OPENED:c2:last(t:2, i:2), conf=conf: {index: 1, cur=peers:[s3|localhost:15152, s4|localhost:15156, s0|localhost:15140, s1|localhost:15144, s2|localhost:15148]|listeners:[], old=null}
2024-10-11 15:03:06,046 [s3@group-F860CA578C61-LeaderElection20] INFO  impl.LeaderElection (LogUtils.java:infoOrTrace(136)) - s3@group-F860CA578C61-LeaderElection20 got exception when requesting votes: java.util.concurrent.ExecutionException: org.apache.ratis.thirdparty.io.netty.channel.AbstractChannel$AnnotatedConnectException: finishConnect(..) failed: Connection refused: localhost/127.0.0.1:15148
2024-10-11 15:03:06,046 [s3@group-F860CA578C61-LeaderElection20] INFO  impl.LeaderElection (LogUtils.java:infoOrTrace(136)) - s3@group-F860CA578C61-LeaderElection20 got exception when requesting votes: java.util.concurrent.ExecutionException: org.apache.ratis.thirdparty.io.netty.channel.AbstractChannel$AnnotatedConnectException: finishConnect(..) failed: Connection refused: localhost/127.0.0.1:15140
2024-10-11 15:03:06,088 [s4@group-F860CA578C61-LeaderElection19] INFO  impl.LeaderElection (LeaderElection.java:logAndReturn(90)) - s4@group-F860CA578C61-LeaderElection19: PRE_VOTE TIMEOUT received 1 response(s) and 2 exception(s):
2024-10-11 15:03:06,088 [s4@group-F860CA578C61-LeaderElection19] INFO  impl.LeaderElection (LeaderElection.java:logAndReturn(94)) -   Response 0: s4<-s3#0:OK-t2
2024-10-11 15:03:06,088 [s4@group-F860CA578C61-LeaderElection19] INFO  impl.LeaderElection (LogUtils.java:infoOrTrace(136)) -   Exception 1: java.util.concurrent.ExecutionException: org.apache.ratis.thirdparty.io.netty.channel.AbstractChannel$AnnotatedConnectException: finishConnect(..) failed: Connection refused: localhost/127.0.0.1:15148
2024-10-11 15:03:06,088 [s4@group-F860CA578C61-LeaderElection19] INFO  impl.LeaderElection (LogUtils.java:infoOrTrace(136)) -   Exception 2: java.util.concurrent.ExecutionException: org.apache.ratis.thirdparty.io.netty.channel.AbstractChannel$AnnotatedConnectException: finishConnect(..) failed: Connection refused: localhost/127.0.0.1:15140
2024-10-11 15:03:06,088 [s4@group-F860CA578C61-LeaderElection19] INFO  impl.LeaderElection (LeaderElection.java:askForVotes(339)) - s4@group-F860CA578C61-LeaderElection19 PRE_VOTE round 24: result TIMEOUT
2024-10-11 15:03:06,088 [s4@group-F860CA578C61-LeaderElection19] INFO  impl.LeaderElection (LeaderElection.java:askForVotes(337)) - s4@group-F860CA578C61-LeaderElection19 PRE_VOTE round 25: submit vote requests at term 2 for conf: {index: 1, cur=peers:[s3|localhost:15152, s4|localhost:15156, s0|localhost:15140, s1|localhost:15144, s2|localhost:15148]|listeners:[], old=null}
2024-10-11 15:03:06,089 [NettyRpcService-workerGroup--thread3] INFO  server.RaftServer$Division (RaftServerImpl.java:requestVote(1443)) - s3@group-F860CA578C61: receive requestVote(PRE_VOTE, s4, group-F860CA578C61, 2, (t:2, i:2))
2024-10-11 15:03:06,089 [NettyRpcService-workerGroup--thread3] INFO  impl.VoteContext (VoteContext.java:log(49)) - s3@group-F860CA578C61-CANDIDATE: accept PRE_VOTE from s4: our priority 0 <= candidate's priority 0
2024-10-11 15:03:06,089 [NettyRpcService-workerGroup--thread3] INFO  server.RaftServer$Division (RaftServerImpl.java:requestVote(1476)) - s3@group-F860CA578C61 replies to PRE_VOTE vote request: s4<-s3#0:OK-t2. Peer's state: s3@group-F860CA578C61:t2, leader=null, voted=s0, raftlog=Memoized:s3@group-F860CA578C61-SegmentedRaftLog:OPENED:c2:last(t:2, i:2), conf=conf: {index: 1, cur=peers:[s3|localhost:15152, s4|localhost:15156, s0|localhost:15140, s1|localhost:15144, s2|localhost:15148]|listeners:[], old=null}
2024-10-11 15:03:06,090 [s4@group-F860CA578C61-LeaderElection19] INFO  impl.LeaderElection (LogUtils.java:infoOrTrace(136)) - s4@group-F860CA578C61-LeaderElection19 got exception when requesting votes: java.util.concurrent.ExecutionException: org.apache.ratis.thirdparty.io.netty.channel.AbstractChannel$AnnotatedConnectException: finishConnect(..) failed: Connection refused: localhost/127.0.0.1:15148
2024-10-11 15:03:06,090 [s4@group-F860CA578C61-LeaderElection19] INFO  impl.LeaderElection (LogUtils.java:infoOrTrace(136)) - s4@group-F860CA578C61-LeaderElection19 got exception when requesting votes: java.util.concurrent.ExecutionException: org.apache.ratis.thirdparty.io.netty.channel.AbstractChannel$AnnotatedConnectException: finishConnect(..) failed: Connection refused: localhost/127.0.0.1:15140
2024-10-11 15:03:06,133 [main] WARN  ratis.RaftTestUtil (RaftTestUtil.java:lambda$waitForLeader$3(126)) - Attempt #13 failed: java.lang.IllegalStateException: No leader yet : printing ALL groups
  s3:  RUNNING CANDIDATE s3@group-F860CA578C61:t2, leader=null, voted=s0, raftlog=Memoized:s3@group-F860CA578C61-SegmentedRaftLog:OPENED:c2:last(t:2, i:2), conf=conf: {index: 1, cur=peers:[s3|localhost:15152, s4|localhost:15156, s0|localhost:15140, s1|localhost:15144, s2|localhost:15148]|listeners:[], old=null} RUNNING
  s4:  RUNNING CANDIDATE s4@group-F860CA578C61:t2, leader=null, voted=s0, raftlog=Memoized:s4@group-F860CA578C61-SegmentedRaftLog:OPENED:c2:last(t:2, i:2), conf=conf: {index: 1, cur=peers:[s3|localhost:15152, s4|localhost:15156, s0|localhost:15140, s1|localhost:15144, s2|localhost:15148]|listeners:[], old=null} RUNNING
  s0:   CLOSED    LEADER s0@group-F860CA578C61:t2, leader=s0, voted=s0, raftlog=Memoized:s0@group-F860CA578C61-SegmentedRaftLog:CLOSED:c2, conf=conf: {index: 1, cur=peers:[s3|localhost:15152, s4|localhost:15156, s0|localhost:15140, s1|localhost:15144, s2|localhost:15148]|listeners:[], old=null} CLOSED
  s1:  RUNNING  FOLLOWER s1@group-F860CA578C61:t1, leader=null, voted=null, raftlog=Memoized:s1@group-F860CA578C61-SegmentedRaftLog:OPENED:c-1:lastnull, conf=conf: {index: -1, cur=peers:[s3|localhost:15152, s4|localhost:15156, s0|localhost:15140, s1|localhost:15144, s2|localhost:15148]|listeners:[], old=null} RUNNING
  s2:   CLOSED    LEADER s2@group-F860CA578C61:t1, leader=s2, voted=s2, raftlog=Memoized:s2@group-F860CA578C61-SegmentedRaftLog:CLOSED:c0, conf=conf: {index: 0, cur=peers:[s3|localhost:15152, s4|localhost:15156, s0|localhost:15140, s1|localhost:15144, s2|localhost:15148]|listeners:[], old=null} CLOSED
2024-10-11 15:03:06,332 [s3@group-F860CA578C61-LeaderElection20] INFO  impl.LeaderElection (LeaderElection.java:logAndReturn(90)) - s3@group-F860CA578C61-LeaderElection20: PRE_VOTE TIMEOUT received 1 response(s) and 2 exception(s):
2024-10-11 15:03:06,332 [s3@group-F860CA578C61-LeaderElection20] INFO  impl.LeaderElection (LeaderElection.java:logAndReturn(94)) -   Response 0: s3<-s4#0:OK-t2
2024-10-11 15:03:06,332 [s3@group-F860CA578C61-LeaderElection20] INFO  impl.LeaderElection (LogUtils.java:infoOrTrace(136)) -   Exception 1: java.util.concurrent.ExecutionException: org.apache.ratis.thirdparty.io.netty.channel.AbstractChannel$AnnotatedConnectException: finishConnect(..) failed: Connection refused: localhost/127.0.0.1:15148
2024-10-11 15:03:06,332 [s3@group-F860CA578C61-LeaderElection20] INFO  impl.LeaderElection (LogUtils.java:infoOrTrace(136)) -   Exception 2: java.util.concurrent.ExecutionException: org.apache.ratis.thirdparty.io.netty.channel.AbstractChannel$AnnotatedConnectException: finishConnect(..) failed: Connection refused: localhost/127.0.0.1:15140
2024-10-11 15:03:06,332 [s3@group-F860CA578C61-LeaderElection20] INFO  impl.LeaderElection (LeaderElection.java:askForVotes(339)) - s3@group-F860CA578C61-LeaderElection20 PRE_VOTE round 14: result TIMEOUT
2024-10-11 15:03:06,332 [s3@group-F860CA578C61-LeaderElection20] INFO  impl.LeaderElection (LeaderElection.java:askForVotes(337)) - s3@group-F860CA578C61-LeaderElection20 PRE_VOTE round 15: submit vote requests at term 2 for conf: {index: 1, cur=peers:[s3|localhost:15152, s4|localhost:15156, s0|localhost:15140, s1|localhost:15144, s2|localhost:15148]|listeners:[], old=null}
2024-10-11 15:03:06,333 [NettyRpcService-workerGroup--thread3] INFO  server.RaftServer$Division (RaftServerImpl.java:requestVote(1443)) - s4@group-F860CA578C61: receive requestVote(PRE_VOTE, s3, group-F860CA578C61, 2, (t:2, i:2))
2024-10-11 15:03:06,333 [NettyRpcService-workerGroup--thread3] INFO  impl.VoteContext (VoteContext.java:log(49)) - s4@group-F860CA578C61-CANDIDATE: accept PRE_VOTE from s3: our priority 0 <= candidate's priority 0
2024-10-11 15:03:06,333 [NettyRpcService-workerGroup--thread3] INFO  server.RaftServer$Division (RaftServerImpl.java:requestVote(1476)) - s4@group-F860CA578C61 replies to PRE_VOTE vote request: s3<-s4#0:OK-t2. Peer's state: s4@group-F860CA578C61:t2, leader=null, voted=s0, raftlog=Memoized:s4@group-F860CA578C61-SegmentedRaftLog:OPENED:c2:last(t:2, i:2), conf=conf: {index: 1, cur=peers:[s3|localhost:15152, s4|localhost:15156, s0|localhost:15140, s1|localhost:15144, s2|localhost:15148]|listeners:[], old=null}
2024-10-11 15:03:06,334 [s3@group-F860CA578C61-LeaderElection20] INFO  impl.LeaderElection (LogUtils.java:infoOrTrace(136)) - s3@group-F860CA578C61-LeaderElection20 got exception when requesting votes: java.util.concurrent.ExecutionException: org.apache.ratis.thirdparty.io.netty.channel.AbstractChannel$AnnotatedConnectException: finishConnect(..) failed: Connection refused: localhost/127.0.0.1:15140
2024-10-11 15:03:06,334 [s3@group-F860CA578C61-LeaderElection20] INFO  impl.LeaderElection (LogUtils.java:infoOrTrace(136)) - s3@group-F860CA578C61-LeaderElection20 got exception when requesting votes: java.util.concurrent.ExecutionException: org.apache.ratis.thirdparty.io.netty.channel.AbstractChannel$AnnotatedConnectException: finishConnect(..) failed: Connection refused: localhost/127.0.0.1:15148
2024-10-11 15:03:06,385 [s4@group-F860CA578C61-LeaderElection19] INFO  impl.LeaderElection (LeaderElection.java:logAndReturn(90)) - s4@group-F860CA578C61-LeaderElection19: PRE_VOTE TIMEOUT received 1 response(s) and 2 exception(s):
2024-10-11 15:03:06,385 [s4@group-F860CA578C61-LeaderElection19] INFO  impl.LeaderElection (LeaderElection.java:logAndReturn(94)) -   Response 0: s4<-s3#0:OK-t2
2024-10-11 15:03:06,385 [s4@group-F860CA578C61-LeaderElection19] INFO  impl.LeaderElection (LogUtils.java:infoOrTrace(136)) -   Exception 1: java.util.concurrent.ExecutionException: org.apache.ratis.thirdparty.io.netty.channel.AbstractChannel$AnnotatedConnectException: finishConnect(..) failed: Connection refused: localhost/127.0.0.1:15148
2024-10-11 15:03:06,385 [s4@group-F860CA578C61-LeaderElection19] INFO  impl.LeaderElection (LogUtils.java:infoOrTrace(136)) -   Exception 2: java.util.concurrent.ExecutionException: org.apache.ratis.thirdparty.io.netty.channel.AbstractChannel$AnnotatedConnectException: finishConnect(..) failed: Connection refused: localhost/127.0.0.1:15140
2024-10-11 15:03:06,385 [s4@group-F860CA578C61-LeaderElection19] INFO  impl.LeaderElection (LeaderElection.java:askForVotes(339)) - s4@group-F860CA578C61-LeaderElection19 PRE_VOTE round 25: result TIMEOUT
2024-10-11 15:03:06,385 [s4@group-F860CA578C61-LeaderElection19] INFO  impl.LeaderElection (LeaderElection.java:askForVotes(337)) - s4@group-F860CA578C61-LeaderElection19 PRE_VOTE round 26: submit vote requests at term 2 for conf: {index: 1, cur=peers:[s3|localhost:15152, s4|localhost:15156, s0|localhost:15140, s1|localhost:15144, s2|localhost:15148]|listeners:[], old=null}
2024-10-11 15:03:06,386 [NettyRpcService-workerGroup--thread3] INFO  server.RaftServer$Division (RaftServerImpl.java:requestVote(1443)) - s3@group-F860CA578C61: receive requestVote(PRE_VOTE, s4, group-F860CA578C61, 2, (t:2, i:2))
2024-10-11 15:03:06,386 [NettyRpcService-workerGroup--thread3] INFO  impl.VoteContext (VoteContext.java:log(49)) - s3@group-F860CA578C61-CANDIDATE: accept PRE_VOTE from s4: our priority 0 <= candidate's priority 0
2024-10-11 15:03:06,386 [NettyRpcService-workerGroup--thread3] INFO  server.RaftServer$Division (RaftServerImpl.java:requestVote(1476)) - s3@group-F860CA578C61 replies to PRE_VOTE vote request: s4<-s3#0:OK-t2. Peer's state: s3@group-F860CA578C61:t2, leader=null, voted=s0, raftlog=Memoized:s3@group-F860CA578C61-SegmentedRaftLog:OPENED:c2:last(t:2, i:2), conf=conf: {index: 1, cur=peers:[s3|localhost:15152, s4|localhost:15156, s0|localhost:15140, s1|localhost:15144, s2|localhost:15148]|listeners:[], old=null}
2024-10-11 15:03:06,387 [s4@group-F860CA578C61-LeaderElection19] INFO  impl.LeaderElection (LogUtils.java:infoOrTrace(136)) - s4@group-F860CA578C61-LeaderElection19 got exception when requesting votes: java.util.concurrent.ExecutionException: org.apache.ratis.thirdparty.io.netty.channel.AbstractChannel$AnnotatedConnectException: finishConnect(..) failed: Connection refused: localhost/127.0.0.1:15140
2024-10-11 15:03:06,387 [s4@group-F860CA578C61-LeaderElection19] INFO  impl.LeaderElection (LogUtils.java:infoOrTrace(136)) - s4@group-F860CA578C61-LeaderElection19 got exception when requesting votes: java.util.concurrent.ExecutionException: org.apache.ratis.thirdparty.io.netty.channel.AbstractChannel$AnnotatedConnectException: finishConnect(..) failed: Connection refused: localhost/127.0.0.1:15148
2024-10-11 15:03:06,584 [main] WARN  ratis.RaftTestUtil (RaftTestUtil.java:lambda$waitForLeader$3(126)) - Attempt #14 failed: java.lang.IllegalStateException: No leader yet : printing ALL groups
  s3:  RUNNING CANDIDATE s3@group-F860CA578C61:t2, leader=null, voted=s0, raftlog=Memoized:s3@group-F860CA578C61-SegmentedRaftLog:OPENED:c2:last(t:2, i:2), conf=conf: {index: 1, cur=peers:[s3|localhost:15152, s4|localhost:15156, s0|localhost:15140, s1|localhost:15144, s2|localhost:15148]|listeners:[], old=null} RUNNING
  s4:  RUNNING CANDIDATE s4@group-F860CA578C61:t2, leader=null, voted=s0, raftlog=Memoized:s4@group-F860CA578C61-SegmentedRaftLog:OPENED:c2:last(t:2, i:2), conf=conf: {index: 1, cur=peers:[s3|localhost:15152, s4|localhost:15156, s0|localhost:15140, s1|localhost:15144, s2|localhost:15148]|listeners:[], old=null} RUNNING
  s0:   CLOSED    LEADER s0@group-F860CA578C61:t2, leader=s0, voted=s0, raftlog=Memoized:s0@group-F860CA578C61-SegmentedRaftLog:CLOSED:c2, conf=conf: {index: 1, cur=peers:[s3|localhost:15152, s4|localhost:15156, s0|localhost:15140, s1|localhost:15144, s2|localhost:15148]|listeners:[], old=null} CLOSED
  s1:  RUNNING  FOLLOWER s1@group-F860CA578C61:t1, leader=null, voted=null, raftlog=Memoized:s1@group-F860CA578C61-SegmentedRaftLog:OPENED:c-1:lastnull, conf=conf: {index: -1, cur=peers:[s3|localhost:15152, s4|localhost:15156, s0|localhost:15140, s1|localhost:15144, s2|localhost:15148]|listeners:[], old=null} RUNNING
  s2:   CLOSED    LEADER s2@group-F860CA578C61:t1, leader=s2, voted=s2, raftlog=Memoized:s2@group-F860CA578C61-SegmentedRaftLog:CLOSED:c0, conf=conf: {index: 0, cur=peers:[s3|localhost:15152, s4|localhost:15156, s0|localhost:15140, s1|localhost:15144, s2|localhost:15148]|listeners:[], old=null} CLOSED
2024-10-11 15:03:06,600 [s3@group-F860CA578C61-LeaderElection20] INFO  impl.LeaderElection (LeaderElection.java:logAndReturn(90)) - s3@group-F860CA578C61-LeaderElection20: PRE_VOTE TIMEOUT received 1 response(s) and 2 exception(s):
2024-10-11 15:03:06,600 [s3@group-F860CA578C61-LeaderElection20] INFO  impl.LeaderElection (LeaderElection.java:logAndReturn(94)) -   Response 0: s3<-s4#0:OK-t2
2024-10-11 15:03:06,600 [s3@group-F860CA578C61-LeaderElection20] INFO  impl.LeaderElection (LogUtils.java:infoOrTrace(136)) -   Exception 1: java.util.concurrent.ExecutionException: org.apache.ratis.thirdparty.io.netty.channel.AbstractChannel$AnnotatedConnectException: finishConnect(..) failed: Connection refused: localhost/127.0.0.1:15140
2024-10-11 15:03:06,600 [s3@group-F860CA578C61-LeaderElection20] INFO  impl.LeaderElection (LogUtils.java:infoOrTrace(136)) -   Exception 2: java.util.concurrent.ExecutionException: org.apache.ratis.thirdparty.io.netty.channel.AbstractChannel$AnnotatedConnectException: finishConnect(..) failed: Connection refused: localhost/127.0.0.1:15148
2024-10-11 15:03:06,600 [s3@group-F860CA578C61-LeaderElection20] INFO  impl.LeaderElection (LeaderElection.java:askForVotes(339)) - s3@group-F860CA578C61-LeaderElection20 PRE_VOTE round 15: result TIMEOUT
2024-10-11 15:03:06,600 [s3@group-F860CA578C61-LeaderElection20] INFO  impl.LeaderElection (LeaderElection.java:askForVotes(337)) - s3@group-F860CA578C61-LeaderElection20 PRE_VOTE round 16: submit vote requests at term 2 for conf: {index: 1, cur=peers:[s3|localhost:15152, s4|localhost:15156, s0|localhost:15140, s1|localhost:15144, s2|localhost:15148]|listeners:[], old=null}
2024-10-11 15:03:06,601 [NettyRpcService-workerGroup--thread3] INFO  server.RaftServer$Division (RaftServerImpl.java:requestVote(1443)) - s4@group-F860CA578C61: receive requestVote(PRE_VOTE, s3, group-F860CA578C61, 2, (t:2, i:2))
2024-10-11 15:03:06,601 [NettyRpcService-workerGroup--thread3] INFO  impl.VoteContext (VoteContext.java:log(49)) - s4@group-F860CA578C61-CANDIDATE: accept PRE_VOTE from s3: our priority 0 <= candidate's priority 0
2024-10-11 15:03:06,602 [NettyRpcService-workerGroup--thread3] INFO  server.RaftServer$Division (RaftServerImpl.java:requestVote(1476)) - s4@group-F860CA578C61 replies to PRE_VOTE vote request: s3<-s4#0:OK-t2. Peer's state: s4@group-F860CA578C61:t2, leader=null, voted=s0, raftlog=Memoized:s4@group-F860CA578C61-SegmentedRaftLog:OPENED:c2:last(t:2, i:2), conf=conf: {index: 1, cur=peers:[s3|localhost:15152, s4|localhost:15156, s0|localhost:15140, s1|localhost:15144, s2|localhost:15148]|listeners:[], old=null}
2024-10-11 15:03:06,602 [s3@group-F860CA578C61-LeaderElection20] INFO  impl.LeaderElection (LogUtils.java:infoOrTrace(136)) - s3@group-F860CA578C61-LeaderElection20 got exception when requesting votes: java.util.concurrent.ExecutionException: org.apache.ratis.thirdparty.io.netty.channel.AbstractChannel$AnnotatedConnectException: finishConnect(..) failed: Connection refused: localhost/127.0.0.1:15140
2024-10-11 15:03:06,602 [s3@group-F860CA578C61-LeaderElection20] INFO  impl.LeaderElection (LogUtils.java:infoOrTrace(136)) - s3@group-F860CA578C61-LeaderElection20 got exception when requesting votes: java.util.concurrent.ExecutionException: org.apache.ratis.thirdparty.io.netty.channel.AbstractChannel$AnnotatedConnectException: finishConnect(..) failed: Connection refused: localhost/127.0.0.1:15148
2024-10-11 15:03:06,633 [s4@group-F860CA578C61-LeaderElection19] INFO  impl.LeaderElection (LeaderElection.java:logAndReturn(90)) - s4@group-F860CA578C61-LeaderElection19: PRE_VOTE TIMEOUT received 1 response(s) and 2 exception(s):
2024-10-11 15:03:06,633 [s4@group-F860CA578C61-LeaderElection19] INFO  impl.LeaderElection (LeaderElection.java:logAndReturn(94)) -   Response 0: s4<-s3#0:OK-t2
2024-10-11 15:03:06,633 [s4@group-F860CA578C61-LeaderElection19] INFO  impl.LeaderElection (LogUtils.java:infoOrTrace(136)) -   Exception 1: java.util.concurrent.ExecutionException: org.apache.ratis.thirdparty.io.netty.channel.AbstractChannel$AnnotatedConnectException: finishConnect(..) failed: Connection refused: localhost/127.0.0.1:15140
2024-10-11 15:03:06,633 [s4@group-F860CA578C61-LeaderElection19] INFO  impl.LeaderElection (LogUtils.java:infoOrTrace(136)) -   Exception 2: java.util.concurrent.ExecutionException: org.apache.ratis.thirdparty.io.netty.channel.AbstractChannel$AnnotatedConnectException: finishConnect(..) failed: Connection refused: localhost/127.0.0.1:15148
2024-10-11 15:03:06,633 [s4@group-F860CA578C61-LeaderElection19] INFO  impl.LeaderElection (LeaderElection.java:askForVotes(339)) - s4@group-F860CA578C61-LeaderElection19 PRE_VOTE round 26: result TIMEOUT
2024-10-11 15:03:06,633 [s4@group-F860CA578C61-LeaderElection19] INFO  impl.LeaderElection (LeaderElection.java:askForVotes(337)) - s4@group-F860CA578C61-LeaderElection19 PRE_VOTE round 27: submit vote requests at term 2 for conf: {index: 1, cur=peers:[s3|localhost:15152, s4|localhost:15156, s0|localhost:15140, s1|localhost:15144, s2|localhost:15148]|listeners:[], old=null}
2024-10-11 15:03:06,634 [NettyRpcService-workerGroup--thread3] INFO  server.RaftServer$Division (RaftServerImpl.java:requestVote(1443)) - s3@group-F860CA578C61: receive requestVote(PRE_VOTE, s4, group-F860CA578C61, 2, (t:2, i:2))
2024-10-11 15:03:06,634 [NettyRpcService-workerGroup--thread3] INFO  impl.VoteContext (VoteContext.java:log(49)) - s3@group-F860CA578C61-CANDIDATE: accept PRE_VOTE from s4: our priority 0 <= candidate's priority 0
2024-10-11 15:03:06,634 [NettyRpcService-workerGroup--thread3] INFO  server.RaftServer$Division (RaftServerImpl.java:requestVote(1476)) - s3@group-F860CA578C61 replies to PRE_VOTE vote request: s4<-s3#0:OK-t2. Peer's state: s3@group-F860CA578C61:t2, leader=null, voted=s0, raftlog=Memoized:s3@group-F860CA578C61-SegmentedRaftLog:OPENED:c2:last(t:2, i:2), conf=conf: {index: 1, cur=peers:[s3|localhost:15152, s4|localhost:15156, s0|localhost:15140, s1|localhost:15144, s2|localhost:15148]|listeners:[], old=null}
2024-10-11 15:03:06,634 [s4@group-F860CA578C61-LeaderElection19] INFO  impl.LeaderElection (LogUtils.java:infoOrTrace(136)) - s4@group-F860CA578C61-LeaderElection19 got exception when requesting votes: java.util.concurrent.ExecutionException: org.apache.ratis.thirdparty.io.netty.channel.AbstractChannel$AnnotatedConnectException: finishConnect(..) failed: Connection refused: localhost/127.0.0.1:15140
2024-10-11 15:03:06,635 [s4@group-F860CA578C61-LeaderElection19] INFO  impl.LeaderElection (LogUtils.java:infoOrTrace(136)) - s4@group-F860CA578C61-LeaderElection19 got exception when requesting votes: java.util.concurrent.ExecutionException: org.apache.ratis.thirdparty.io.netty.channel.AbstractChannel$AnnotatedConnectException: finishConnect(..) failed: Connection refused: localhost/127.0.0.1:15148
2024-10-11 15:03:06,764 [s3@group-F860CA578C61-LeaderElection20] INFO  impl.LeaderElection (LeaderElection.java:logAndReturn(90)) - s3@group-F860CA578C61-LeaderElection20: PRE_VOTE TIMEOUT received 1 response(s) and 2 exception(s):
2024-10-11 15:03:06,764 [s3@group-F860CA578C61-LeaderElection20] INFO  impl.LeaderElection (LeaderElection.java:logAndReturn(94)) -   Response 0: s3<-s4#0:OK-t2
2024-10-11 15:03:06,764 [s3@group-F860CA578C61-LeaderElection20] INFO  impl.LeaderElection (LogUtils.java:infoOrTrace(136)) -   Exception 1: java.util.concurrent.ExecutionException: org.apache.ratis.thirdparty.io.netty.channel.AbstractChannel$AnnotatedConnectException: finishConnect(..) failed: Connection refused: localhost/127.0.0.1:15140
2024-10-11 15:03:06,764 [s3@group-F860CA578C61-LeaderElection20] INFO  impl.LeaderElection (LogUtils.java:infoOrTrace(136)) -   Exception 2: java.util.concurrent.ExecutionException: org.apache.ratis.thirdparty.io.netty.channel.AbstractChannel$AnnotatedConnectException: finishConnect(..) failed: Connection refused: localhost/127.0.0.1:15148
2024-10-11 15:03:06,765 [s3@group-F860CA578C61-LeaderElection20] INFO  impl.LeaderElection (LeaderElection.java:askForVotes(339)) - s3@group-F860CA578C61-LeaderElection20 PRE_VOTE round 16: result TIMEOUT
2024-10-11 15:03:06,765 [s3@group-F860CA578C61-LeaderElection20] INFO  impl.LeaderElection (LeaderElection.java:askForVotes(337)) - s3@group-F860CA578C61-LeaderElection20 PRE_VOTE round 17: submit vote requests at term 2 for conf: {index: 1, cur=peers:[s3|localhost:15152, s4|localhost:15156, s0|localhost:15140, s1|localhost:15144, s2|localhost:15148]|listeners:[], old=null}
2024-10-11 15:03:06,765 [NettyRpcService-workerGroup--thread3] INFO  server.RaftServer$Division (RaftServerImpl.java:requestVote(1443)) - s4@group-F860CA578C61: receive requestVote(PRE_VOTE, s3, group-F860CA578C61, 2, (t:2, i:2))
2024-10-11 15:03:06,766 [NettyRpcService-workerGroup--thread3] INFO  impl.VoteContext (VoteContext.java:log(49)) - s4@group-F860CA578C61-CANDIDATE: accept PRE_VOTE from s3: our priority 0 <= candidate's priority 0
2024-10-11 15:03:06,766 [NettyRpcService-workerGroup--thread3] INFO  server.RaftServer$Division (RaftServerImpl.java:requestVote(1476)) - s4@group-F860CA578C61 replies to PRE_VOTE vote request: s3<-s4#0:OK-t2. Peer's state: s4@group-F860CA578C61:t2, leader=null, voted=s0, raftlog=Memoized:s4@group-F860CA578C61-SegmentedRaftLog:OPENED:c2:last(t:2, i:2), conf=conf: {index: 1, cur=peers:[s3|localhost:15152, s4|localhost:15156, s0|localhost:15140, s1|localhost:15144, s2|localhost:15148]|listeners:[], old=null}
2024-10-11 15:03:06,766 [s3@group-F860CA578C61-LeaderElection20] INFO  impl.LeaderElection (LogUtils.java:infoOrTrace(136)) - s3@group-F860CA578C61-LeaderElection20 got exception when requesting votes: java.util.concurrent.ExecutionException: org.apache.ratis.thirdparty.io.netty.channel.AbstractChannel$AnnotatedConnectException: finishConnect(..) failed: Connection refused: localhost/127.0.0.1:15140
2024-10-11 15:03:06,766 [s3@group-F860CA578C61-LeaderElection20] INFO  impl.LeaderElection (LogUtils.java:infoOrTrace(136)) - s3@group-F860CA578C61-LeaderElection20 got exception when requesting votes: java.util.concurrent.ExecutionException: org.apache.ratis.thirdparty.io.netty.channel.AbstractChannel$AnnotatedConnectException: finishConnect(..) failed: Connection refused: localhost/127.0.0.1:15148
2024-10-11 15:03:06,853 [s4@group-F860CA578C61-LeaderElection19] INFO  impl.LeaderElection (LeaderElection.java:logAndReturn(90)) - s4@group-F860CA578C61-LeaderElection19: PRE_VOTE TIMEOUT received 1 response(s) and 2 exception(s):
2024-10-11 15:03:06,853 [s4@group-F860CA578C61-LeaderElection19] INFO  impl.LeaderElection (LeaderElection.java:logAndReturn(94)) -   Response 0: s4<-s3#0:OK-t2
2024-10-11 15:03:06,853 [s4@group-F860CA578C61-LeaderElection19] INFO  impl.LeaderElection (LogUtils.java:infoOrTrace(136)) -   Exception 1: java.util.concurrent.ExecutionException: org.apache.ratis.thirdparty.io.netty.channel.AbstractChannel$AnnotatedConnectException: finishConnect(..) failed: Connection refused: localhost/127.0.0.1:15140
2024-10-11 15:03:06,853 [s4@group-F860CA578C61-LeaderElection19] INFO  impl.LeaderElection (LogUtils.java:infoOrTrace(136)) -   Exception 2: java.util.concurrent.ExecutionException: org.apache.ratis.thirdparty.io.netty.channel.AbstractChannel$AnnotatedConnectException: finishConnect(..) failed: Connection refused: localhost/127.0.0.1:15148
2024-10-11 15:03:06,853 [s4@group-F860CA578C61-LeaderElection19] INFO  impl.LeaderElection (LeaderElection.java:askForVotes(339)) - s4@group-F860CA578C61-LeaderElection19 PRE_VOTE round 27: result TIMEOUT
2024-10-11 15:03:06,853 [s4@group-F860CA578C61-LeaderElection19] INFO  impl.LeaderElection (LeaderElection.java:askForVotes(337)) - s4@group-F860CA578C61-LeaderElection19 PRE_VOTE round 28: submit vote requests at term 2 for conf: {index: 1, cur=peers:[s3|localhost:15152, s4|localhost:15156, s0|localhost:15140, s1|localhost:15144, s2|localhost:15148]|listeners:[], old=null}
2024-10-11 15:03:06,854 [NettyRpcService-workerGroup--thread3] INFO  server.RaftServer$Division (RaftServerImpl.java:requestVote(1443)) - s3@group-F860CA578C61: receive requestVote(PRE_VOTE, s4, group-F860CA578C61, 2, (t:2, i:2))
2024-10-11 15:03:06,854 [NettyRpcService-workerGroup--thread3] INFO  impl.VoteContext (VoteContext.java:log(49)) - s3@group-F860CA578C61-CANDIDATE: accept PRE_VOTE from s4: our priority 0 <= candidate's priority 0
2024-10-11 15:03:06,855 [NettyRpcService-workerGroup--thread3] INFO  server.RaftServer$Division (RaftServerImpl.java:requestVote(1476)) - s3@group-F860CA578C61 replies to PRE_VOTE vote request: s4<-s3#0:OK-t2. Peer's state: s3@group-F860CA578C61:t2, leader=null, voted=s0, raftlog=Memoized:s3@group-F860CA578C61-SegmentedRaftLog:OPENED:c2:last(t:2, i:2), conf=conf: {index: 1, cur=peers:[s3|localhost:15152, s4|localhost:15156, s0|localhost:15140, s1|localhost:15144, s2|localhost:15148]|listeners:[], old=null}
2024-10-11 15:03:06,855 [s4@group-F860CA578C61-LeaderElection19] INFO  impl.LeaderElection (LogUtils.java:infoOrTrace(136)) - s4@group-F860CA578C61-LeaderElection19 got exception when requesting votes: java.util.concurrent.ExecutionException: org.apache.ratis.thirdparty.io.netty.channel.AbstractChannel$AnnotatedConnectException: finishConnect(..) failed: Connection refused: localhost/127.0.0.1:15148
2024-10-11 15:03:06,855 [s4@group-F860CA578C61-LeaderElection19] INFO  impl.LeaderElection (LogUtils.java:infoOrTrace(136)) - s4@group-F860CA578C61-LeaderElection19 got exception when requesting votes: java.util.concurrent.ExecutionException: org.apache.ratis.thirdparty.io.netty.channel.AbstractChannel$AnnotatedConnectException: finishConnect(..) failed: Connection refused: localhost/127.0.0.1:15140
2024-10-11 15:03:07,034 [main] WARN  ratis.RaftTestUtil (RaftTestUtil.java:lambda$waitForLeader$3(126)) - Attempt #15 failed: java.lang.IllegalStateException: No leader yet : printing ALL groups
  s3:  RUNNING CANDIDATE s3@group-F860CA578C61:t2, leader=null, voted=s0, raftlog=Memoized:s3@group-F860CA578C61-SegmentedRaftLog:OPENED:c2:last(t:2, i:2), conf=conf: {index: 1, cur=peers:[s3|localhost:15152, s4|localhost:15156, s0|localhost:15140, s1|localhost:15144, s2|localhost:15148]|listeners:[], old=null} RUNNING
  s4:  RUNNING CANDIDATE s4@group-F860CA578C61:t2, leader=null, voted=s0, raftlog=Memoized:s4@group-F860CA578C61-SegmentedRaftLog:OPENED:c2:last(t:2, i:2), conf=conf: {index: 1, cur=peers:[s3|localhost:15152, s4|localhost:15156, s0|localhost:15140, s1|localhost:15144, s2|localhost:15148]|listeners:[], old=null} RUNNING
  s0:   CLOSED    LEADER s0@group-F860CA578C61:t2, leader=s0, voted=s0, raftlog=Memoized:s0@group-F860CA578C61-SegmentedRaftLog:CLOSED:c2, conf=conf: {index: 1, cur=peers:[s3|localhost:15152, s4|localhost:15156, s0|localhost:15140, s1|localhost:15144, s2|localhost:15148]|listeners:[], old=null} CLOSED
  s1:  RUNNING  FOLLOWER s1@group-F860CA578C61:t1, leader=null, voted=null, raftlog=Memoized:s1@group-F860CA578C61-SegmentedRaftLog:OPENED:c-1:lastnull, conf=conf: {index: -1, cur=peers:[s3|localhost:15152, s4|localhost:15156, s0|localhost:15140, s1|localhost:15144, s2|localhost:15148]|listeners:[], old=null} RUNNING
  s2:   CLOSED    LEADER s2@group-F860CA578C61:t1, leader=s2, voted=s2, raftlog=Memoized:s2@group-F860CA578C61-SegmentedRaftLog:CLOSED:c0, conf=conf: {index: 0, cur=peers:[s3|localhost:15152, s4|localhost:15156, s0|localhost:15140, s1|localhost:15144, s2|localhost:15148]|listeners:[], old=null} CLOSED
2024-10-11 15:03:07,035 [s3@group-F860CA578C61-LeaderElection20] INFO  impl.LeaderElection (LeaderElection.java:logAndReturn(90)) - s3@group-F860CA578C61-LeaderElection20: PRE_VOTE TIMEOUT received 1 response(s) and 2 exception(s):
2024-10-11 15:03:07,035 [s3@group-F860CA578C61-LeaderElection20] INFO  impl.LeaderElection (LeaderElection.java:logAndReturn(94)) -   Response 0: s3<-s4#0:OK-t2
2024-10-11 15:03:07,035 [s3@group-F860CA578C61-LeaderElection20] INFO  impl.LeaderElection (LogUtils.java:infoOrTrace(136)) -   Exception 1: java.util.concurrent.ExecutionException: org.apache.ratis.thirdparty.io.netty.channel.AbstractChannel$AnnotatedConnectException: finishConnect(..) failed: Connection refused: localhost/127.0.0.1:15140
2024-10-11 15:03:07,035 [s3@group-F860CA578C61-LeaderElection20] INFO  impl.LeaderElection (LogUtils.java:infoOrTrace(136)) -   Exception 2: java.util.concurrent.ExecutionException: org.apache.ratis.thirdparty.io.netty.channel.AbstractChannel$AnnotatedConnectException: finishConnect(..) failed: Connection refused: localhost/127.0.0.1:15148
2024-10-11 15:03:07,036 [s3@group-F860CA578C61-LeaderElection20] INFO  impl.LeaderElection (LeaderElection.java:askForVotes(339)) - s3@group-F860CA578C61-LeaderElection20 PRE_VOTE round 17: result TIMEOUT
2024-10-11 15:03:07,036 [s3@group-F860CA578C61-LeaderElection20] INFO  impl.LeaderElection (LeaderElection.java:askForVotes(337)) - s3@group-F860CA578C61-LeaderElection20 PRE_VOTE round 18: submit vote requests at term 2 for conf: {index: 1, cur=peers:[s3|localhost:15152, s4|localhost:15156, s0|localhost:15140, s1|localhost:15144, s2|localhost:15148]|listeners:[], old=null}
2024-10-11 15:03:07,036 [NettyRpcService-workerGroup--thread3] INFO  server.RaftServer$Division (RaftServerImpl.java:requestVote(1443)) - s4@group-F860CA578C61: receive requestVote(PRE_VOTE, s3, group-F860CA578C61, 2, (t:2, i:2))
2024-10-11 15:03:07,037 [NettyRpcService-workerGroup--thread3] INFO  impl.VoteContext (VoteContext.java:log(49)) - s4@group-F860CA578C61-CANDIDATE: accept PRE_VOTE from s3: our priority 0 <= candidate's priority 0
2024-10-11 15:03:07,037 [NettyRpcService-workerGroup--thread3] INFO  server.RaftServer$Division (RaftServerImpl.java:requestVote(1476)) - s4@group-F860CA578C61 replies to PRE_VOTE vote request: s3<-s4#0:OK-t2. Peer's state: s4@group-F860CA578C61:t2, leader=null, voted=s0, raftlog=Memoized:s4@group-F860CA578C61-SegmentedRaftLog:OPENED:c2:last(t:2, i:2), conf=conf: {index: 1, cur=peers:[s3|localhost:15152, s4|localhost:15156, s0|localhost:15140, s1|localhost:15144, s2|localhost:15148]|listeners:[], old=null}
2024-10-11 15:03:07,037 [s3@group-F860CA578C61-LeaderElection20] INFO  impl.LeaderElection (LogUtils.java:infoOrTrace(136)) - s3@group-F860CA578C61-LeaderElection20 got exception when requesting votes: java.util.concurrent.ExecutionException: org.apache.ratis.thirdparty.io.netty.channel.AbstractChannel$AnnotatedConnectException: finishConnect(..) failed: Connection refused: localhost/127.0.0.1:15140
2024-10-11 15:03:07,038 [s3@group-F860CA578C61-LeaderElection20] INFO  impl.LeaderElection (LogUtils.java:infoOrTrace(136)) - s3@group-F860CA578C61-LeaderElection20 got exception when requesting votes: java.util.concurrent.ExecutionException: org.apache.ratis.thirdparty.io.netty.channel.AbstractChannel$AnnotatedConnectException: finishConnect(..) failed: Connection refused: localhost/127.0.0.1:15148
2024-10-11 15:03:07,061 [s4@group-F860CA578C61-LeaderElection19] INFO  impl.LeaderElection (LeaderElection.java:logAndReturn(90)) - s4@group-F860CA578C61-LeaderElection19: PRE_VOTE TIMEOUT received 1 response(s) and 2 exception(s):
2024-10-11 15:03:07,061 [s4@group-F860CA578C61-LeaderElection19] INFO  impl.LeaderElection (LeaderElection.java:logAndReturn(94)) -   Response 0: s4<-s3#0:OK-t2
2024-10-11 15:03:07,061 [s4@group-F860CA578C61-LeaderElection19] INFO  impl.LeaderElection (LogUtils.java:infoOrTrace(136)) -   Exception 1: java.util.concurrent.ExecutionException: org.apache.ratis.thirdparty.io.netty.channel.AbstractChannel$AnnotatedConnectException: finishConnect(..) failed: Connection refused: localhost/127.0.0.1:15148
2024-10-11 15:03:07,061 [s4@group-F860CA578C61-LeaderElection19] INFO  impl.LeaderElection (LogUtils.java:infoOrTrace(136)) -   Exception 2: java.util.concurrent.ExecutionException: org.apache.ratis.thirdparty.io.netty.channel.AbstractChannel$AnnotatedConnectException: finishConnect(..) failed: Connection refused: localhost/127.0.0.1:15140
2024-10-11 15:03:07,061 [s4@group-F860CA578C61-LeaderElection19] INFO  impl.LeaderElection (LeaderElection.java:askForVotes(339)) - s4@group-F860CA578C61-LeaderElection19 PRE_VOTE round 28: result TIMEOUT
2024-10-11 15:03:07,061 [s4@group-F860CA578C61-LeaderElection19] INFO  impl.LeaderElection (LeaderElection.java:askForVotes(337)) - s4@group-F860CA578C61-LeaderElection19 PRE_VOTE round 29: submit vote requests at term 2 for conf: {index: 1, cur=peers:[s3|localhost:15152, s4|localhost:15156, s0|localhost:15140, s1|localhost:15144, s2|localhost:15148]|listeners:[], old=null}
2024-10-11 15:03:07,062 [NettyRpcService-workerGroup--thread3] INFO  server.RaftServer$Division (RaftServerImpl.java:requestVote(1443)) - s3@group-F860CA578C61: receive requestVote(PRE_VOTE, s4, group-F860CA578C61, 2, (t:2, i:2))
2024-10-11 15:03:07,062 [NettyRpcService-workerGroup--thread3] INFO  impl.VoteContext (VoteContext.java:log(49)) - s3@group-F860CA578C61-CANDIDATE: accept PRE_VOTE from s4: our priority 0 <= candidate's priority 0
2024-10-11 15:03:07,062 [NettyRpcService-workerGroup--thread3] INFO  server.RaftServer$Division (RaftServerImpl.java:requestVote(1476)) - s3@group-F860CA578C61 replies to PRE_VOTE vote request: s4<-s3#0:OK-t2. Peer's state: s3@group-F860CA578C61:t2, leader=null, voted=s0, raftlog=Memoized:s3@group-F860CA578C61-SegmentedRaftLog:OPENED:c2:last(t:2, i:2), conf=conf: {index: 1, cur=peers:[s3|localhost:15152, s4|localhost:15156, s0|localhost:15140, s1|localhost:15144, s2|localhost:15148]|listeners:[], old=null}
2024-10-11 15:03:07,062 [s4@group-F860CA578C61-LeaderElection19] INFO  impl.LeaderElection (LogUtils.java:infoOrTrace(136)) - s4@group-F860CA578C61-LeaderElection19 got exception when requesting votes: java.util.concurrent.ExecutionException: org.apache.ratis.thirdparty.io.netty.channel.AbstractChannel$AnnotatedConnectException: finishConnect(..) failed: Connection refused: localhost/127.0.0.1:15140
2024-10-11 15:03:07,063 [s4@group-F860CA578C61-LeaderElection19] INFO  impl.LeaderElection (LogUtils.java:infoOrTrace(136)) - s4@group-F860CA578C61-LeaderElection19 got exception when requesting votes: java.util.concurrent.ExecutionException: org.apache.ratis.thirdparty.io.netty.channel.AbstractChannel$AnnotatedConnectException: finishConnect(..) failed: Connection refused: localhost/127.0.0.1:15148
2024-10-11 15:03:07,240 [s3@group-F860CA578C61-LeaderElection20] INFO  impl.LeaderElection (LeaderElection.java:logAndReturn(90)) - s3@group-F860CA578C61-LeaderElection20: PRE_VOTE TIMEOUT received 1 response(s) and 2 exception(s):
2024-10-11 15:03:07,241 [s3@group-F860CA578C61-LeaderElection20] INFO  impl.LeaderElection (LeaderElection.java:logAndReturn(94)) -   Response 0: s3<-s4#0:OK-t2
2024-10-11 15:03:07,241 [s3@group-F860CA578C61-LeaderElection20] INFO  impl.LeaderElection (LogUtils.java:infoOrTrace(136)) -   Exception 1: java.util.concurrent.ExecutionException: org.apache.ratis.thirdparty.io.netty.channel.AbstractChannel$AnnotatedConnectException: finishConnect(..) failed: Connection refused: localhost/127.0.0.1:15140
2024-10-11 15:03:07,241 [s3@group-F860CA578C61-LeaderElection20] INFO  impl.LeaderElection (LogUtils.java:infoOrTrace(136)) -   Exception 2: java.util.concurrent.ExecutionException: org.apache.ratis.thirdparty.io.netty.channel.AbstractChannel$AnnotatedConnectException: finishConnect(..) failed: Connection refused: localhost/127.0.0.1:15148
2024-10-11 15:03:07,241 [s3@group-F860CA578C61-LeaderElection20] INFO  impl.LeaderElection (LeaderElection.java:askForVotes(339)) - s3@group-F860CA578C61-LeaderElection20 PRE_VOTE round 18: result TIMEOUT
2024-10-11 15:03:07,241 [s3@group-F860CA578C61-LeaderElection20] INFO  impl.LeaderElection (LeaderElection.java:askForVotes(337)) - s3@group-F860CA578C61-LeaderElection20 PRE_VOTE round 19: submit vote requests at term 2 for conf: {index: 1, cur=peers:[s3|localhost:15152, s4|localhost:15156, s0|localhost:15140, s1|localhost:15144, s2|localhost:15148]|listeners:[], old=null}
2024-10-11 15:03:07,242 [NettyRpcService-workerGroup--thread3] INFO  server.RaftServer$Division (RaftServerImpl.java:requestVote(1443)) - s4@group-F860CA578C61: receive requestVote(PRE_VOTE, s3, group-F860CA578C61, 2, (t:2, i:2))
2024-10-11 15:03:07,242 [NettyRpcService-workerGroup--thread3] INFO  impl.VoteContext (VoteContext.java:log(49)) - s4@group-F860CA578C61-CANDIDATE: accept PRE_VOTE from s3: our priority 0 <= candidate's priority 0
2024-10-11 15:03:07,242 [NettyRpcService-workerGroup--thread3] INFO  server.RaftServer$Division (RaftServerImpl.java:requestVote(1476)) - s4@group-F860CA578C61 replies to PRE_VOTE vote request: s3<-s4#0:OK-t2. Peer's state: s4@group-F860CA578C61:t2, leader=null, voted=s0, raftlog=Memoized:s4@group-F860CA578C61-SegmentedRaftLog:OPENED:c2:last(t:2, i:2), conf=conf: {index: 1, cur=peers:[s3|localhost:15152, s4|localhost:15156, s0|localhost:15140, s1|localhost:15144, s2|localhost:15148]|listeners:[], old=null}
2024-10-11 15:03:07,242 [s3@group-F860CA578C61-LeaderElection20] INFO  impl.LeaderElection (LogUtils.java:infoOrTrace(136)) - s3@group-F860CA578C61-LeaderElection20 got exception when requesting votes: java.util.concurrent.ExecutionException: org.apache.ratis.thirdparty.io.netty.channel.AbstractChannel$AnnotatedConnectException: finishConnect(..) failed: Connection refused: localhost/127.0.0.1:15148
2024-10-11 15:03:07,242 [s3@group-F860CA578C61-LeaderElection20] INFO  impl.LeaderElection (LogUtils.java:infoOrTrace(136)) - s3@group-F860CA578C61-LeaderElection20 got exception when requesting votes: java.util.concurrent.ExecutionException: org.apache.ratis.thirdparty.io.netty.channel.AbstractChannel$AnnotatedConnectException: finishConnect(..) failed: Connection refused: localhost/127.0.0.1:15140
2024-10-11 15:03:07,349 [s4@group-F860CA578C61-LeaderElection19] INFO  impl.LeaderElection (LeaderElection.java:logAndReturn(90)) - s4@group-F860CA578C61-LeaderElection19: PRE_VOTE TIMEOUT received 1 response(s) and 2 exception(s):
2024-10-11 15:03:07,349 [s4@group-F860CA578C61-LeaderElection19] INFO  impl.LeaderElection (LeaderElection.java:logAndReturn(94)) -   Response 0: s4<-s3#0:OK-t2
2024-10-11 15:03:07,349 [s4@group-F860CA578C61-LeaderElection19] INFO  impl.LeaderElection (LogUtils.java:infoOrTrace(136)) -   Exception 1: java.util.concurrent.ExecutionException: org.apache.ratis.thirdparty.io.netty.channel.AbstractChannel$AnnotatedConnectException: finishConnect(..) failed: Connection refused: localhost/127.0.0.1:15140
2024-10-11 15:03:07,349 [s4@group-F860CA578C61-LeaderElection19] INFO  impl.LeaderElection (LogUtils.java:infoOrTrace(136)) -   Exception 2: java.util.concurrent.ExecutionException: org.apache.ratis.thirdparty.io.netty.channel.AbstractChannel$AnnotatedConnectException: finishConnect(..) failed: Connection refused: localhost/127.0.0.1:15148
2024-10-11 15:03:07,349 [s4@group-F860CA578C61-LeaderElection19] INFO  impl.LeaderElection (LeaderElection.java:askForVotes(339)) - s4@group-F860CA578C61-LeaderElection19 PRE_VOTE round 29: result TIMEOUT
2024-10-11 15:03:07,349 [s4@group-F860CA578C61-LeaderElection19] INFO  impl.LeaderElection (LeaderElection.java:askForVotes(337)) - s4@group-F860CA578C61-LeaderElection19 PRE_VOTE round 30: submit vote requests at term 2 for conf: {index: 1, cur=peers:[s3|localhost:15152, s4|localhost:15156, s0|localhost:15140, s1|localhost:15144, s2|localhost:15148]|listeners:[], old=null}
2024-10-11 15:03:07,350 [NettyRpcService-workerGroup--thread3] INFO  server.RaftServer$Division (RaftServerImpl.java:requestVote(1443)) - s3@group-F860CA578C61: receive requestVote(PRE_VOTE, s4, group-F860CA578C61, 2, (t:2, i:2))
2024-10-11 15:03:07,350 [NettyRpcService-workerGroup--thread3] INFO  impl.VoteContext (VoteContext.java:log(49)) - s3@group-F860CA578C61-CANDIDATE: accept PRE_VOTE from s4: our priority 0 <= candidate's priority 0
2024-10-11 15:03:07,350 [NettyRpcService-workerGroup--thread3] INFO  server.RaftServer$Division (RaftServerImpl.java:requestVote(1476)) - s3@group-F860CA578C61 replies to PRE_VOTE vote request: s4<-s3#0:OK-t2. Peer's state: s3@group-F860CA578C61:t2, leader=null, voted=s0, raftlog=Memoized:s3@group-F860CA578C61-SegmentedRaftLog:OPENED:c2:last(t:2, i:2), conf=conf: {index: 1, cur=peers:[s3|localhost:15152, s4|localhost:15156, s0|localhost:15140, s1|localhost:15144, s2|localhost:15148]|listeners:[], old=null}
2024-10-11 15:03:07,350 [s4@group-F860CA578C61-LeaderElection19] INFO  impl.LeaderElection (LogUtils.java:infoOrTrace(136)) - s4@group-F860CA578C61-LeaderElection19 got exception when requesting votes: java.util.concurrent.ExecutionException: org.apache.ratis.thirdparty.io.netty.channel.AbstractChannel$AnnotatedConnectException: finishConnect(..) failed: Connection refused: localhost/127.0.0.1:15140
2024-10-11 15:03:07,351 [s4@group-F860CA578C61-LeaderElection19] INFO  impl.LeaderElection (LogUtils.java:infoOrTrace(136)) - s4@group-F860CA578C61-LeaderElection19 got exception when requesting votes: java.util.concurrent.ExecutionException: org.apache.ratis.thirdparty.io.netty.channel.AbstractChannel$AnnotatedConnectException: finishConnect(..) failed: Connection refused: localhost/127.0.0.1:15148
2024-10-11 15:03:07,485 [main] WARN  ratis.RaftTestUtil (RaftTestUtil.java:lambda$waitForLeader$3(126)) - Attempt #16 failed: java.lang.IllegalStateException: No leader yet : printing ALL groups
  s3:  RUNNING CANDIDATE s3@group-F860CA578C61:t2, leader=null, voted=s0, raftlog=Memoized:s3@group-F860CA578C61-SegmentedRaftLog:OPENED:c2:last(t:2, i:2), conf=conf: {index: 1, cur=peers:[s3|localhost:15152, s4|localhost:15156, s0|localhost:15140, s1|localhost:15144, s2|localhost:15148]|listeners:[], old=null} RUNNING
  s4:  RUNNING CANDIDATE s4@group-F860CA578C61:t2, leader=null, voted=s0, raftlog=Memoized:s4@group-F860CA578C61-SegmentedRaftLog:OPENED:c2:last(t:2, i:2), conf=conf: {index: 1, cur=peers:[s3|localhost:15152, s4|localhost:15156, s0|localhost:15140, s1|localhost:15144, s2|localhost:15148]|listeners:[], old=null} RUNNING
  s0:   CLOSED    LEADER s0@group-F860CA578C61:t2, leader=s0, voted=s0, raftlog=Memoized:s0@group-F860CA578C61-SegmentedRaftLog:CLOSED:c2, conf=conf: {index: 1, cur=peers:[s3|localhost:15152, s4|localhost:15156, s0|localhost:15140, s1|localhost:15144, s2|localhost:15148]|listeners:[], old=null} CLOSED
  s1:  RUNNING  FOLLOWER s1@group-F860CA578C61:t1, leader=null, voted=null, raftlog=Memoized:s1@group-F860CA578C61-SegmentedRaftLog:OPENED:c-1:lastnull, conf=conf: {index: -1, cur=peers:[s3|localhost:15152, s4|localhost:15156, s0|localhost:15140, s1|localhost:15144, s2|localhost:15148]|listeners:[], old=null} RUNNING
  s2:   CLOSED    LEADER s2@group-F860CA578C61:t1, leader=s2, voted=s2, raftlog=Memoized:s2@group-F860CA578C61-SegmentedRaftLog:CLOSED:c0, conf=conf: {index: 0, cur=peers:[s3|localhost:15152, s4|localhost:15156, s0|localhost:15140, s1|localhost:15144, s2|localhost:15148]|listeners:[], old=null} CLOSED
2024-10-11 15:03:07,517 [s4@group-F860CA578C61-LeaderElection19] INFO  impl.LeaderElection (LeaderElection.java:logAndReturn(90)) - s4@group-F860CA578C61-LeaderElection19: PRE_VOTE TIMEOUT received 1 response(s) and 2 exception(s):
2024-10-11 15:03:07,517 [s4@group-F860CA578C61-LeaderElection19] INFO  impl.LeaderElection (LeaderElection.java:logAndReturn(94)) -   Response 0: s4<-s3#0:OK-t2
2024-10-11 15:03:07,517 [s4@group-F860CA578C61-LeaderElection19] INFO  impl.LeaderElection (LogUtils.java:infoOrTrace(136)) -   Exception 1: java.util.concurrent.ExecutionException: org.apache.ratis.thirdparty.io.netty.channel.AbstractChannel$AnnotatedConnectException: finishConnect(..) failed: Connection refused: localhost/127.0.0.1:15140
2024-10-11 15:03:07,517 [s4@group-F860CA578C61-LeaderElection19] INFO  impl.LeaderElection (LogUtils.java:infoOrTrace(136)) -   Exception 2: java.util.concurrent.ExecutionException: org.apache.ratis.thirdparty.io.netty.channel.AbstractChannel$AnnotatedConnectException: finishConnect(..) failed: Connection refused: localhost/127.0.0.1:15148
2024-10-11 15:03:07,517 [s4@group-F860CA578C61-LeaderElection19] INFO  impl.LeaderElection (LeaderElection.java:askForVotes(339)) - s4@group-F860CA578C61-LeaderElection19 PRE_VOTE round 30: result TIMEOUT
2024-10-11 15:03:07,517 [s4@group-F860CA578C61-LeaderElection19] INFO  impl.LeaderElection (LeaderElection.java:askForVotes(337)) - s4@group-F860CA578C61-LeaderElection19 PRE_VOTE round 31: submit vote requests at term 2 for conf: {index: 1, cur=peers:[s3|localhost:15152, s4|localhost:15156, s0|localhost:15140, s1|localhost:15144, s2|localhost:15148]|listeners:[], old=null}
2024-10-11 15:03:07,518 [NettyRpcService-workerGroup--thread3] INFO  server.RaftServer$Division (RaftServerImpl.java:requestVote(1443)) - s3@group-F860CA578C61: receive requestVote(PRE_VOTE, s4, group-F860CA578C61, 2, (t:2, i:2))
2024-10-11 15:03:07,518 [NettyRpcService-workerGroup--thread3] INFO  impl.VoteContext (VoteContext.java:log(49)) - s3@group-F860CA578C61-CANDIDATE: accept PRE_VOTE from s4: our priority 0 <= candidate's priority 0
2024-10-11 15:03:07,518 [NettyRpcService-workerGroup--thread3] INFO  server.RaftServer$Division (RaftServerImpl.java:requestVote(1476)) - s3@group-F860CA578C61 replies to PRE_VOTE vote request: s4<-s3#0:OK-t2. Peer's state: s3@group-F860CA578C61:t2, leader=null, voted=s0, raftlog=Memoized:s3@group-F860CA578C61-SegmentedRaftLog:OPENED:c2:last(t:2, i:2), conf=conf: {index: 1, cur=peers:[s3|localhost:15152, s4|localhost:15156, s0|localhost:15140, s1|localhost:15144, s2|localhost:15148]|listeners:[], old=null}
2024-10-11 15:03:07,519 [s4@group-F860CA578C61-LeaderElection19] INFO  impl.LeaderElection (LogUtils.java:infoOrTrace(136)) - s4@group-F860CA578C61-LeaderElection19 got exception when requesting votes: java.util.concurrent.ExecutionException: org.apache.ratis.thirdparty.io.netty.channel.AbstractChannel$AnnotatedConnectException: finishConnect(..) failed: Connection refused: localhost/127.0.0.1:15140
2024-10-11 15:03:07,519 [s4@group-F860CA578C61-LeaderElection19] INFO  impl.LeaderElection (LogUtils.java:infoOrTrace(136)) - s4@group-F860CA578C61-LeaderElection19 got exception when requesting votes: java.util.concurrent.ExecutionException: org.apache.ratis.thirdparty.io.netty.channel.AbstractChannel$AnnotatedConnectException: finishConnect(..) failed: Connection refused: localhost/127.0.0.1:15148
2024-10-11 15:03:07,536 [s3@group-F860CA578C61-LeaderElection20] INFO  impl.LeaderElection (LeaderElection.java:logAndReturn(90)) - s3@group-F860CA578C61-LeaderElection20: PRE_VOTE TIMEOUT received 1 response(s) and 2 exception(s):
2024-10-11 15:03:07,537 [s3@group-F860CA578C61-LeaderElection20] INFO  impl.LeaderElection (LeaderElection.java:logAndReturn(94)) -   Response 0: s3<-s4#0:OK-t2
2024-10-11 15:03:07,537 [s3@group-F860CA578C61-LeaderElection20] INFO  impl.LeaderElection (LogUtils.java:infoOrTrace(136)) -   Exception 1: java.util.concurrent.ExecutionException: org.apache.ratis.thirdparty.io.netty.channel.AbstractChannel$AnnotatedConnectException: finishConnect(..) failed: Connection refused: localhost/127.0.0.1:15148
2024-10-11 15:03:07,537 [s3@group-F860CA578C61-LeaderElection20] INFO  impl.LeaderElection (LogUtils.java:infoOrTrace(136)) -   Exception 2: java.util.concurrent.ExecutionException: org.apache.ratis.thirdparty.io.netty.channel.AbstractChannel$AnnotatedConnectException: finishConnect(..) failed: Connection refused: localhost/127.0.0.1:15140
2024-10-11 15:03:07,537 [s3@group-F860CA578C61-LeaderElection20] INFO  impl.LeaderElection (LeaderElection.java:askForVotes(339)) - s3@group-F860CA578C61-LeaderElection20 PRE_VOTE round 19: result TIMEOUT
2024-10-11 15:03:07,537 [s3@group-F860CA578C61-LeaderElection20] INFO  impl.LeaderElection (LeaderElection.java:askForVotes(337)) - s3@group-F860CA578C61-LeaderElection20 PRE_VOTE round 20: submit vote requests at term 2 for conf: {index: 1, cur=peers:[s3|localhost:15152, s4|localhost:15156, s0|localhost:15140, s1|localhost:15144, s2|localhost:15148]|listeners:[], old=null}
2024-10-11 15:03:07,537 [NettyRpcService-workerGroup--thread3] INFO  server.RaftServer$Division (RaftServerImpl.java:requestVote(1443)) - s4@group-F860CA578C61: receive requestVote(PRE_VOTE, s3, group-F860CA578C61, 2, (t:2, i:2))
2024-10-11 15:03:07,537 [NettyRpcService-workerGroup--thread3] INFO  impl.VoteContext (VoteContext.java:log(49)) - s4@group-F860CA578C61-CANDIDATE: accept PRE_VOTE from s3: our priority 0 <= candidate's priority 0
2024-10-11 15:03:07,538 [NettyRpcService-workerGroup--thread3] INFO  server.RaftServer$Division (RaftServerImpl.java:requestVote(1476)) - s4@group-F860CA578C61 replies to PRE_VOTE vote request: s3<-s4#0:OK-t2. Peer's state: s4@group-F860CA578C61:t2, leader=null, voted=s0, raftlog=Memoized:s4@group-F860CA578C61-SegmentedRaftLog:OPENED:c2:last(t:2, i:2), conf=conf: {index: 1, cur=peers:[s3|localhost:15152, s4|localhost:15156, s0|localhost:15140, s1|localhost:15144, s2|localhost:15148]|listeners:[], old=null}
2024-10-11 15:03:07,538 [s3@group-F860CA578C61-LeaderElection20] INFO  impl.LeaderElection (LogUtils.java:infoOrTrace(136)) - s3@group-F860CA578C61-LeaderElection20 got exception when requesting votes: java.util.concurrent.ExecutionException: org.apache.ratis.thirdparty.io.netty.channel.AbstractChannel$AnnotatedConnectException: finishConnect(..) failed: Connection refused: localhost/127.0.0.1:15140
2024-10-11 15:03:07,538 [s3@group-F860CA578C61-LeaderElection20] INFO  impl.LeaderElection (LogUtils.java:infoOrTrace(136)) - s3@group-F860CA578C61-LeaderElection20 got exception when requesting votes: java.util.concurrent.ExecutionException: org.apache.ratis.thirdparty.io.netty.channel.AbstractChannel$AnnotatedConnectException: finishConnect(..) failed: Connection refused: localhost/127.0.0.1:15148
2024-10-11 15:03:07,762 [s3@group-F860CA578C61-LeaderElection20] INFO  impl.LeaderElection (LeaderElection.java:logAndReturn(90)) - s3@group-F860CA578C61-LeaderElection20: PRE_VOTE TIMEOUT received 1 response(s) and 2 exception(s):
2024-10-11 15:03:07,763 [s3@group-F860CA578C61-LeaderElection20] INFO  impl.LeaderElection (LeaderElection.java:logAndReturn(94)) -   Response 0: s3<-s4#0:OK-t2
2024-10-11 15:03:07,763 [s3@group-F860CA578C61-LeaderElection20] INFO  impl.LeaderElection (LogUtils.java:infoOrTrace(136)) -   Exception 1: java.util.concurrent.ExecutionException: org.apache.ratis.thirdparty.io.netty.channel.AbstractChannel$AnnotatedConnectException: finishConnect(..) failed: Connection refused: localhost/127.0.0.1:15140
2024-10-11 15:03:07,763 [s3@group-F860CA578C61-LeaderElection20] INFO  impl.LeaderElection (LogUtils.java:infoOrTrace(136)) -   Exception 2: java.util.concurrent.ExecutionException: org.apache.ratis.thirdparty.io.netty.channel.AbstractChannel$AnnotatedConnectException: finishConnect(..) failed: Connection refused: localhost/127.0.0.1:15148
2024-10-11 15:03:07,763 [s3@group-F860CA578C61-LeaderElection20] INFO  impl.LeaderElection (LeaderElection.java:askForVotes(339)) - s3@group-F860CA578C61-LeaderElection20 PRE_VOTE round 20: result TIMEOUT
2024-10-11 15:03:07,763 [s3@group-F860CA578C61-LeaderElection20] INFO  impl.LeaderElection (LeaderElection.java:askForVotes(337)) - s3@group-F860CA578C61-LeaderElection20 PRE_VOTE round 21: submit vote requests at term 2 for conf: {index: 1, cur=peers:[s3|localhost:15152, s4|localhost:15156, s0|localhost:15140, s1|localhost:15144, s2|localhost:15148]|listeners:[], old=null}
2024-10-11 15:03:07,764 [NettyRpcService-workerGroup--thread3] INFO  server.RaftServer$Division (RaftServerImpl.java:requestVote(1443)) - s4@group-F860CA578C61: receive requestVote(PRE_VOTE, s3, group-F860CA578C61, 2, (t:2, i:2))
2024-10-11 15:03:07,764 [NettyRpcService-workerGroup--thread3] INFO  impl.VoteContext (VoteContext.java:log(49)) - s4@group-F860CA578C61-CANDIDATE: accept PRE_VOTE from s3: our priority 0 <= candidate's priority 0
2024-10-11 15:03:07,764 [s3@group-F860CA578C61-LeaderElection20] INFO  impl.LeaderElection (LogUtils.java:infoOrTrace(136)) - s3@group-F860CA578C61-LeaderElection20 got exception when requesting votes: java.util.concurrent.ExecutionException: org.apache.ratis.thirdparty.io.netty.channel.AbstractChannel$AnnotatedConnectException: finishConnect(..) failed: Connection refused: localhost/127.0.0.1:15148
2024-10-11 15:03:07,764 [NettyRpcService-workerGroup--thread3] INFO  server.RaftServer$Division (RaftServerImpl.java:requestVote(1476)) - s4@group-F860CA578C61 replies to PRE_VOTE vote request: s3<-s4#0:OK-t2. Peer's state: s4@group-F860CA578C61:t2, leader=null, voted=s0, raftlog=Memoized:s4@group-F860CA578C61-SegmentedRaftLog:OPENED:c2:last(t:2, i:2), conf=conf: {index: 1, cur=peers:[s3|localhost:15152, s4|localhost:15156, s0|localhost:15140, s1|localhost:15144, s2|localhost:15148]|listeners:[], old=null}
2024-10-11 15:03:07,765 [s3@group-F860CA578C61-LeaderElection20] INFO  impl.LeaderElection (LogUtils.java:infoOrTrace(136)) - s3@group-F860CA578C61-LeaderElection20 got exception when requesting votes: java.util.concurrent.ExecutionException: org.apache.ratis.thirdparty.io.netty.channel.AbstractChannel$AnnotatedConnectException: finishConnect(..) failed: Connection refused: localhost/127.0.0.1:15140
2024-10-11 15:03:07,803 [s4@group-F860CA578C61-LeaderElection19] INFO  impl.LeaderElection (LeaderElection.java:logAndReturn(90)) - s4@group-F860CA578C61-LeaderElection19: PRE_VOTE TIMEOUT received 1 response(s) and 2 exception(s):
2024-10-11 15:03:07,803 [s4@group-F860CA578C61-LeaderElection19] INFO  impl.LeaderElection (LeaderElection.java:logAndReturn(94)) -   Response 0: s4<-s3#0:OK-t2
2024-10-11 15:03:07,803 [s4@group-F860CA578C61-LeaderElection19] INFO  impl.LeaderElection (LogUtils.java:infoOrTrace(136)) -   Exception 1: java.util.concurrent.ExecutionException: org.apache.ratis.thirdparty.io.netty.channel.AbstractChannel$AnnotatedConnectException: finishConnect(..) failed: Connection refused: localhost/127.0.0.1:15140
2024-10-11 15:03:07,803 [s4@group-F860CA578C61-LeaderElection19] INFO  impl.LeaderElection (LogUtils.java:infoOrTrace(136)) -   Exception 2: java.util.concurrent.ExecutionException: org.apache.ratis.thirdparty.io.netty.channel.AbstractChannel$AnnotatedConnectException: finishConnect(..) failed: Connection refused: localhost/127.0.0.1:15148
2024-10-11 15:03:07,803 [s4@group-F860CA578C61-LeaderElection19] INFO  impl.LeaderElection (LeaderElection.java:askForVotes(339)) - s4@group-F860CA578C61-LeaderElection19 PRE_VOTE round 31: result TIMEOUT
2024-10-11 15:03:07,804 [s4@group-F860CA578C61-LeaderElection19] INFO  impl.LeaderElection (LeaderElection.java:askForVotes(337)) - s4@group-F860CA578C61-LeaderElection19 PRE_VOTE round 32: submit vote requests at term 2 for conf: {index: 1, cur=peers:[s3|localhost:15152, s4|localhost:15156, s0|localhost:15140, s1|localhost:15144, s2|localhost:15148]|listeners:[], old=null}
2024-10-11 15:03:07,804 [NettyRpcService-workerGroup--thread3] INFO  server.RaftServer$Division (RaftServerImpl.java:requestVote(1443)) - s3@group-F860CA578C61: receive requestVote(PRE_VOTE, s4, group-F860CA578C61, 2, (t:2, i:2))
2024-10-11 15:03:07,805 [NettyRpcService-workerGroup--thread3] INFO  impl.VoteContext (VoteContext.java:log(49)) - s3@group-F860CA578C61-CANDIDATE: accept PRE_VOTE from s4: our priority 0 <= candidate's priority 0
2024-10-11 15:03:07,805 [NettyRpcService-workerGroup--thread3] INFO  server.RaftServer$Division (RaftServerImpl.java:requestVote(1476)) - s3@group-F860CA578C61 replies to PRE_VOTE vote request: s4<-s3#0:OK-t2. Peer's state: s3@group-F860CA578C61:t2, leader=null, voted=s0, raftlog=Memoized:s3@group-F860CA578C61-SegmentedRaftLog:OPENED:c2:last(t:2, i:2), conf=conf: {index: 1, cur=peers:[s3|localhost:15152, s4|localhost:15156, s0|localhost:15140, s1|localhost:15144, s2|localhost:15148]|listeners:[], old=null}
2024-10-11 15:03:07,805 [s4@group-F860CA578C61-LeaderElection19] INFO  impl.LeaderElection (LogUtils.java:infoOrTrace(136)) - s4@group-F860CA578C61-LeaderElection19 got exception when requesting votes: java.util.concurrent.ExecutionException: org.apache.ratis.thirdparty.io.netty.channel.AbstractChannel$AnnotatedConnectException: finishConnect(..) failed: Connection refused: localhost/127.0.0.1:15140
2024-10-11 15:03:07,806 [s4@group-F860CA578C61-LeaderElection19] INFO  impl.LeaderElection (LogUtils.java:infoOrTrace(136)) - s4@group-F860CA578C61-LeaderElection19 got exception when requesting votes: java.util.concurrent.ExecutionException: org.apache.ratis.thirdparty.io.netty.channel.AbstractChannel$AnnotatedConnectException: finishConnect(..) failed: Connection refused: localhost/127.0.0.1:15148
2024-10-11 15:03:07,936 [main] WARN  ratis.RaftTestUtil (RaftTestUtil.java:lambda$waitForLeader$3(126)) - Attempt #17 failed: java.lang.IllegalStateException: No leader yet : printing ALL groups
  s3:  RUNNING CANDIDATE s3@group-F860CA578C61:t2, leader=null, voted=s0, raftlog=Memoized:s3@group-F860CA578C61-SegmentedRaftLog:OPENED:c2:last(t:2, i:2), conf=conf: {index: 1, cur=peers:[s3|localhost:15152, s4|localhost:15156, s0|localhost:15140, s1|localhost:15144, s2|localhost:15148]|listeners:[], old=null} RUNNING
  s4:  RUNNING CANDIDATE s4@group-F860CA578C61:t2, leader=null, voted=s0, raftlog=Memoized:s4@group-F860CA578C61-SegmentedRaftLog:OPENED:c2:last(t:2, i:2), conf=conf: {index: 1, cur=peers:[s3|localhost:15152, s4|localhost:15156, s0|localhost:15140, s1|localhost:15144, s2|localhost:15148]|listeners:[], old=null} RUNNING
  s0:   CLOSED    LEADER s0@group-F860CA578C61:t2, leader=s0, voted=s0, raftlog=Memoized:s0@group-F860CA578C61-SegmentedRaftLog:CLOSED:c2, conf=conf: {index: 1, cur=peers:[s3|localhost:15152, s4|localhost:15156, s0|localhost:15140, s1|localhost:15144, s2|localhost:15148]|listeners:[], old=null} CLOSED
  s1:  RUNNING  FOLLOWER s1@group-F860CA578C61:t1, leader=null, voted=null, raftlog=Memoized:s1@group-F860CA578C61-SegmentedRaftLog:OPENED:c-1:lastnull, conf=conf: {index: -1, cur=peers:[s3|localhost:15152, s4|localhost:15156, s0|localhost:15140, s1|localhost:15144, s2|localhost:15148]|listeners:[], old=null} RUNNING
  s2:   CLOSED    LEADER s2@group-F860CA578C61:t1, leader=s2, voted=s2, raftlog=Memoized:s2@group-F860CA578C61-SegmentedRaftLog:CLOSED:c0, conf=conf: {index: 0, cur=peers:[s3|localhost:15152, s4|localhost:15156, s0|localhost:15140, s1|localhost:15144, s2|localhost:15148]|listeners:[], old=null} CLOSED
2024-10-11 15:03:08,040 [s3@group-F860CA578C61-LeaderElection20] INFO  impl.LeaderElection (LeaderElection.java:logAndReturn(90)) - s3@group-F860CA578C61-LeaderElection20: PRE_VOTE TIMEOUT received 1 response(s) and 2 exception(s):
2024-10-11 15:03:08,041 [s3@group-F860CA578C61-LeaderElection20] INFO  impl.LeaderElection (LeaderElection.java:logAndReturn(94)) -   Response 0: s3<-s4#0:OK-t2
2024-10-11 15:03:08,041 [s3@group-F860CA578C61-LeaderElection20] INFO  impl.LeaderElection (LogUtils.java:infoOrTrace(136)) -   Exception 1: java.util.concurrent.ExecutionException: org.apache.ratis.thirdparty.io.netty.channel.AbstractChannel$AnnotatedConnectException: finishConnect(..) failed: Connection refused: localhost/127.0.0.1:15148
2024-10-11 15:03:08,041 [s3@group-F860CA578C61-LeaderElection20] INFO  impl.LeaderElection (LogUtils.java:infoOrTrace(136)) -   Exception 2: java.util.concurrent.ExecutionException: org.apache.ratis.thirdparty.io.netty.channel.AbstractChannel$AnnotatedConnectException: finishConnect(..) failed: Connection refused: localhost/127.0.0.1:15140
2024-10-11 15:03:08,041 [s3@group-F860CA578C61-LeaderElection20] INFO  impl.LeaderElection (LeaderElection.java:askForVotes(339)) - s3@group-F860CA578C61-LeaderElection20 PRE_VOTE round 21: result TIMEOUT
2024-10-11 15:03:08,041 [s3@group-F860CA578C61-LeaderElection20] INFO  impl.LeaderElection (LeaderElection.java:askForVotes(337)) - s3@group-F860CA578C61-LeaderElection20 PRE_VOTE round 22: submit vote requests at term 2 for conf: {index: 1, cur=peers:[s3|localhost:15152, s4|localhost:15156, s0|localhost:15140, s1|localhost:15144, s2|localhost:15148]|listeners:[], old=null}
2024-10-11 15:03:08,042 [NettyRpcService-workerGroup--thread3] INFO  server.RaftServer$Division (RaftServerImpl.java:requestVote(1443)) - s4@group-F860CA578C61: receive requestVote(PRE_VOTE, s3, group-F860CA578C61, 2, (t:2, i:2))
2024-10-11 15:03:08,042 [NettyRpcService-workerGroup--thread3] INFO  impl.VoteContext (VoteContext.java:log(49)) - s4@group-F860CA578C61-CANDIDATE: accept PRE_VOTE from s3: our priority 0 <= candidate's priority 0
2024-10-11 15:03:08,042 [NettyRpcService-workerGroup--thread3] INFO  server.RaftServer$Division (RaftServerImpl.java:requestVote(1476)) - s4@group-F860CA578C61 replies to PRE_VOTE vote request: s3<-s4#0:OK-t2. Peer's state: s4@group-F860CA578C61:t2, leader=null, voted=s0, raftlog=Memoized:s4@group-F860CA578C61-SegmentedRaftLog:OPENED:c2:last(t:2, i:2), conf=conf: {index: 1, cur=peers:[s3|localhost:15152, s4|localhost:15156, s0|localhost:15140, s1|localhost:15144, s2|localhost:15148]|listeners:[], old=null}
2024-10-11 15:03:08,042 [s3@group-F860CA578C61-LeaderElection20] INFO  impl.LeaderElection (LogUtils.java:infoOrTrace(136)) - s3@group-F860CA578C61-LeaderElection20 got exception when requesting votes: java.util.concurrent.ExecutionException: org.apache.ratis.thirdparty.io.netty.channel.AbstractChannel$AnnotatedConnectException: finishConnect(..) failed: Connection refused: localhost/127.0.0.1:15148
2024-10-11 15:03:08,042 [s3@group-F860CA578C61-LeaderElection20] INFO  impl.LeaderElection (LogUtils.java:infoOrTrace(136)) - s3@group-F860CA578C61-LeaderElection20 got exception when requesting votes: java.util.concurrent.ExecutionException: org.apache.ratis.thirdparty.io.netty.channel.AbstractChannel$AnnotatedConnectException: finishConnect(..) failed: Connection refused: localhost/127.0.0.1:15140
2024-10-11 15:03:08,101 [s4@group-F860CA578C61-LeaderElection19] INFO  impl.LeaderElection (LeaderElection.java:logAndReturn(90)) - s4@group-F860CA578C61-LeaderElection19: PRE_VOTE TIMEOUT received 1 response(s) and 2 exception(s):
2024-10-11 15:03:08,101 [s4@group-F860CA578C61-LeaderElection19] INFO  impl.LeaderElection (LeaderElection.java:logAndReturn(94)) -   Response 0: s4<-s3#0:OK-t2
2024-10-11 15:03:08,101 [s4@group-F860CA578C61-LeaderElection19] INFO  impl.LeaderElection (LogUtils.java:infoOrTrace(136)) -   Exception 1: java.util.concurrent.ExecutionException: org.apache.ratis.thirdparty.io.netty.channel.AbstractChannel$AnnotatedConnectException: finishConnect(..) failed: Connection refused: localhost/127.0.0.1:15140
2024-10-11 15:03:08,101 [s4@group-F860CA578C61-LeaderElection19] INFO  impl.LeaderElection (LogUtils.java:infoOrTrace(136)) -   Exception 2: java.util.concurrent.ExecutionException: org.apache.ratis.thirdparty.io.netty.channel.AbstractChannel$AnnotatedConnectException: finishConnect(..) failed: Connection refused: localhost/127.0.0.1:15148
2024-10-11 15:03:08,101 [s4@group-F860CA578C61-LeaderElection19] INFO  impl.LeaderElection (LeaderElection.java:askForVotes(339)) - s4@group-F860CA578C61-LeaderElection19 PRE_VOTE round 32: result TIMEOUT
2024-10-11 15:03:08,101 [s4@group-F860CA578C61-LeaderElection19] INFO  impl.LeaderElection (LeaderElection.java:askForVotes(337)) - s4@group-F860CA578C61-LeaderElection19 PRE_VOTE round 33: submit vote requests at term 2 for conf: {index: 1, cur=peers:[s3|localhost:15152, s4|localhost:15156, s0|localhost:15140, s1|localhost:15144, s2|localhost:15148]|listeners:[], old=null}
2024-10-11 15:03:08,102 [NettyRpcService-workerGroup--thread3] INFO  server.RaftServer$Division (RaftServerImpl.java:requestVote(1443)) - s3@group-F860CA578C61: receive requestVote(PRE_VOTE, s4, group-F860CA578C61, 2, (t:2, i:2))
2024-10-11 15:03:08,102 [NettyRpcService-workerGroup--thread3] INFO  impl.VoteContext (VoteContext.java:log(49)) - s3@group-F860CA578C61-CANDIDATE: accept PRE_VOTE from s4: our priority 0 <= candidate's priority 0
2024-10-11 15:03:08,102 [NettyRpcService-workerGroup--thread3] INFO  server.RaftServer$Division (RaftServerImpl.java:requestVote(1476)) - s3@group-F860CA578C61 replies to PRE_VOTE vote request: s4<-s3#0:OK-t2. Peer's state: s3@group-F860CA578C61:t2, leader=null, voted=s0, raftlog=Memoized:s3@group-F860CA578C61-SegmentedRaftLog:OPENED:c2:last(t:2, i:2), conf=conf: {index: 1, cur=peers:[s3|localhost:15152, s4|localhost:15156, s0|localhost:15140, s1|localhost:15144, s2|localhost:15148]|listeners:[], old=null}
2024-10-11 15:03:08,102 [s4@group-F860CA578C61-LeaderElection19] INFO  impl.LeaderElection (LogUtils.java:infoOrTrace(136)) - s4@group-F860CA578C61-LeaderElection19 got exception when requesting votes: java.util.concurrent.ExecutionException: org.apache.ratis.thirdparty.io.netty.channel.AbstractChannel$AnnotatedConnectException: finishConnect(..) failed: Connection refused: localhost/127.0.0.1:15140
2024-10-11 15:03:08,102 [s4@group-F860CA578C61-LeaderElection19] INFO  impl.LeaderElection (LogUtils.java:infoOrTrace(136)) - s4@group-F860CA578C61-LeaderElection19 got exception when requesting votes: java.util.concurrent.ExecutionException: org.apache.ratis.thirdparty.io.netty.channel.AbstractChannel$AnnotatedConnectException: finishConnect(..) failed: Connection refused: localhost/127.0.0.1:15148
2024-10-11 15:03:08,264 [s3@group-F860CA578C61-LeaderElection20] INFO  impl.LeaderElection (LeaderElection.java:logAndReturn(90)) - s3@group-F860CA578C61-LeaderElection20: PRE_VOTE TIMEOUT received 1 response(s) and 2 exception(s):
2024-10-11 15:03:08,264 [s3@group-F860CA578C61-LeaderElection20] INFO  impl.LeaderElection (LeaderElection.java:logAndReturn(94)) -   Response 0: s3<-s4#0:OK-t2
2024-10-11 15:03:08,264 [s3@group-F860CA578C61-LeaderElection20] INFO  impl.LeaderElection (LogUtils.java:infoOrTrace(136)) -   Exception 1: java.util.concurrent.ExecutionException: org.apache.ratis.thirdparty.io.netty.channel.AbstractChannel$AnnotatedConnectException: finishConnect(..) failed: Connection refused: localhost/127.0.0.1:15148
2024-10-11 15:03:08,264 [s3@group-F860CA578C61-LeaderElection20] INFO  impl.LeaderElection (LogUtils.java:infoOrTrace(136)) -   Exception 2: java.util.concurrent.ExecutionException: org.apache.ratis.thirdparty.io.netty.channel.AbstractChannel$AnnotatedConnectException: finishConnect(..) failed: Connection refused: localhost/127.0.0.1:15140
2024-10-11 15:03:08,264 [s3@group-F860CA578C61-LeaderElection20] INFO  impl.LeaderElection (LeaderElection.java:askForVotes(339)) - s3@group-F860CA578C61-LeaderElection20 PRE_VOTE round 22: result TIMEOUT
2024-10-11 15:03:08,264 [s3@group-F860CA578C61-LeaderElection20] INFO  impl.LeaderElection (LeaderElection.java:askForVotes(337)) - s3@group-F860CA578C61-LeaderElection20 PRE_VOTE round 23: submit vote requests at term 2 for conf: {index: 1, cur=peers:[s3|localhost:15152, s4|localhost:15156, s0|localhost:15140, s1|localhost:15144, s2|localhost:15148]|listeners:[], old=null}
2024-10-11 15:03:08,265 [NettyRpcService-workerGroup--thread3] INFO  server.RaftServer$Division (RaftServerImpl.java:requestVote(1443)) - s4@group-F860CA578C61: receive requestVote(PRE_VOTE, s3, group-F860CA578C61, 2, (t:2, i:2))
2024-10-11 15:03:08,265 [NettyRpcService-workerGroup--thread3] INFO  impl.VoteContext (VoteContext.java:log(49)) - s4@group-F860CA578C61-CANDIDATE: accept PRE_VOTE from s3: our priority 0 <= candidate's priority 0
2024-10-11 15:03:08,265 [NettyRpcService-workerGroup--thread3] INFO  server.RaftServer$Division (RaftServerImpl.java:requestVote(1476)) - s4@group-F860CA578C61 replies to PRE_VOTE vote request: s3<-s4#0:OK-t2. Peer's state: s4@group-F860CA578C61:t2, leader=null, voted=s0, raftlog=Memoized:s4@group-F860CA578C61-SegmentedRaftLog:OPENED:c2:last(t:2, i:2), conf=conf: {index: 1, cur=peers:[s3|localhost:15152, s4|localhost:15156, s0|localhost:15140, s1|localhost:15144, s2|localhost:15148]|listeners:[], old=null}
2024-10-11 15:03:08,265 [s3@group-F860CA578C61-LeaderElection20] INFO  impl.LeaderElection (LogUtils.java:infoOrTrace(136)) - s3@group-F860CA578C61-LeaderElection20 got exception when requesting votes: java.util.concurrent.ExecutionException: org.apache.ratis.thirdparty.io.netty.channel.AbstractChannel$AnnotatedConnectException: finishConnect(..) failed: Connection refused: localhost/127.0.0.1:15148
2024-10-11 15:03:08,266 [s3@group-F860CA578C61-LeaderElection20] INFO  impl.LeaderElection (LogUtils.java:infoOrTrace(136)) - s3@group-F860CA578C61-LeaderElection20 got exception when requesting votes: java.util.concurrent.ExecutionException: org.apache.ratis.thirdparty.io.netty.channel.AbstractChannel$AnnotatedConnectException: finishConnect(..) failed: Connection refused: localhost/127.0.0.1:15140
2024-10-11 15:03:08,277 [s4@group-F860CA578C61-LeaderElection19] INFO  impl.LeaderElection (LeaderElection.java:logAndReturn(90)) - s4@group-F860CA578C61-LeaderElection19: PRE_VOTE TIMEOUT received 1 response(s) and 2 exception(s):
2024-10-11 15:03:08,277 [s4@group-F860CA578C61-LeaderElection19] INFO  impl.LeaderElection (LeaderElection.java:logAndReturn(94)) -   Response 0: s4<-s3#0:OK-t2
2024-10-11 15:03:08,277 [s4@group-F860CA578C61-LeaderElection19] INFO  impl.LeaderElection (LogUtils.java:infoOrTrace(136)) -   Exception 1: java.util.concurrent.ExecutionException: org.apache.ratis.thirdparty.io.netty.channel.AbstractChannel$AnnotatedConnectException: finishConnect(..) failed: Connection refused: localhost/127.0.0.1:15140
2024-10-11 15:03:08,277 [s4@group-F860CA578C61-LeaderElection19] INFO  impl.LeaderElection (LogUtils.java:infoOrTrace(136)) -   Exception 2: java.util.concurrent.ExecutionException: org.apache.ratis.thirdparty.io.netty.channel.AbstractChannel$AnnotatedConnectException: finishConnect(..) failed: Connection refused: localhost/127.0.0.1:15148
2024-10-11 15:03:08,277 [s4@group-F860CA578C61-LeaderElection19] INFO  impl.LeaderElection (LeaderElection.java:askForVotes(339)) - s4@group-F860CA578C61-LeaderElection19 PRE_VOTE round 33: result TIMEOUT
2024-10-11 15:03:08,277 [s4@group-F860CA578C61-LeaderElection19] INFO  impl.LeaderElection (LeaderElection.java:askForVotes(337)) - s4@group-F860CA578C61-LeaderElection19 PRE_VOTE round 34: submit vote requests at term 2 for conf: {index: 1, cur=peers:[s3|localhost:15152, s4|localhost:15156, s0|localhost:15140, s1|localhost:15144, s2|localhost:15148]|listeners:[], old=null}
2024-10-11 15:03:08,278 [NettyRpcService-workerGroup--thread3] INFO  server.RaftServer$Division (RaftServerImpl.java:requestVote(1443)) - s3@group-F860CA578C61: receive requestVote(PRE_VOTE, s4, group-F860CA578C61, 2, (t:2, i:2))
2024-10-11 15:03:08,278 [NettyRpcService-workerGroup--thread3] INFO  impl.VoteContext (VoteContext.java:log(49)) - s3@group-F860CA578C61-CANDIDATE: accept PRE_VOTE from s4: our priority 0 <= candidate's priority 0
2024-10-11 15:03:08,278 [NettyRpcService-workerGroup--thread3] INFO  server.RaftServer$Division (RaftServerImpl.java:requestVote(1476)) - s3@group-F860CA578C61 replies to PRE_VOTE vote request: s4<-s3#0:OK-t2. Peer's state: s3@group-F860CA578C61:t2, leader=null, voted=s0, raftlog=Memoized:s3@group-F860CA578C61-SegmentedRaftLog:OPENED:c2:last(t:2, i:2), conf=conf: {index: 1, cur=peers:[s3|localhost:15152, s4|localhost:15156, s0|localhost:15140, s1|localhost:15144, s2|localhost:15148]|listeners:[], old=null}
2024-10-11 15:03:08,278 [s4@group-F860CA578C61-LeaderElection19] INFO  impl.LeaderElection (LogUtils.java:infoOrTrace(136)) - s4@group-F860CA578C61-LeaderElection19 got exception when requesting votes: java.util.concurrent.ExecutionException: org.apache.ratis.thirdparty.io.netty.channel.AbstractChannel$AnnotatedConnectException: finishConnect(..) failed: Connection refused: localhost/127.0.0.1:15140
2024-10-11 15:03:08,278 [s4@group-F860CA578C61-LeaderElection19] INFO  impl.LeaderElection (LogUtils.java:infoOrTrace(136)) - s4@group-F860CA578C61-LeaderElection19 got exception when requesting votes: java.util.concurrent.ExecutionException: org.apache.ratis.thirdparty.io.netty.channel.AbstractChannel$AnnotatedConnectException: finishConnect(..) failed: Connection refused: localhost/127.0.0.1:15148
2024-10-11 15:03:08,386 [main] WARN  ratis.RaftTestUtil (RaftTestUtil.java:lambda$waitForLeader$3(126)) - Attempt #18 failed: java.lang.IllegalStateException: No leader yet : printing ALL groups
  s3:  RUNNING CANDIDATE s3@group-F860CA578C61:t2, leader=null, voted=s0, raftlog=Memoized:s3@group-F860CA578C61-SegmentedRaftLog:OPENED:c2:last(t:2, i:2), conf=conf: {index: 1, cur=peers:[s3|localhost:15152, s4|localhost:15156, s0|localhost:15140, s1|localhost:15144, s2|localhost:15148]|listeners:[], old=null} RUNNING
  s4:  RUNNING CANDIDATE s4@group-F860CA578C61:t2, leader=null, voted=s0, raftlog=Memoized:s4@group-F860CA578C61-SegmentedRaftLog:OPENED:c2:last(t:2, i:2), conf=conf: {index: 1, cur=peers:[s3|localhost:15152, s4|localhost:15156, s0|localhost:15140, s1|localhost:15144, s2|localhost:15148]|listeners:[], old=null} RUNNING
  s0:   CLOSED    LEADER s0@group-F860CA578C61:t2, leader=s0, voted=s0, raftlog=Memoized:s0@group-F860CA578C61-SegmentedRaftLog:CLOSED:c2, conf=conf: {index: 1, cur=peers:[s3|localhost:15152, s4|localhost:15156, s0|localhost:15140, s1|localhost:15144, s2|localhost:15148]|listeners:[], old=null} CLOSED
  s1:  RUNNING  FOLLOWER s1@group-F860CA578C61:t1, leader=null, voted=null, raftlog=Memoized:s1@group-F860CA578C61-SegmentedRaftLog:OPENED:c-1:lastnull, conf=conf: {index: -1, cur=peers:[s3|localhost:15152, s4|localhost:15156, s0|localhost:15140, s1|localhost:15144, s2|localhost:15148]|listeners:[], old=null} RUNNING
  s2:   CLOSED    LEADER s2@group-F860CA578C61:t1, leader=s2, voted=s2, raftlog=Memoized:s2@group-F860CA578C61-SegmentedRaftLog:CLOSED:c0, conf=conf: {index: 0, cur=peers:[s3|localhost:15152, s4|localhost:15156, s0|localhost:15140, s1|localhost:15144, s2|localhost:15148]|listeners:[], old=null} CLOSED
2024-10-11 15:03:08,433 [s3@group-F860CA578C61-LeaderElection20] INFO  impl.LeaderElection (LeaderElection.java:logAndReturn(90)) - s3@group-F860CA578C61-LeaderElection20: PRE_VOTE TIMEOUT received 1 response(s) and 2 exception(s):
2024-10-11 15:03:08,433 [s3@group-F860CA578C61-LeaderElection20] INFO  impl.LeaderElection (LeaderElection.java:logAndReturn(94)) -   Response 0: s3<-s4#0:OK-t2
2024-10-11 15:03:08,433 [s3@group-F860CA578C61-LeaderElection20] INFO  impl.LeaderElection (LogUtils.java:infoOrTrace(136)) -   Exception 1: java.util.concurrent.ExecutionException: org.apache.ratis.thirdparty.io.netty.channel.AbstractChannel$AnnotatedConnectException: finishConnect(..) failed: Connection refused: localhost/127.0.0.1:15148
2024-10-11 15:03:08,433 [s3@group-F860CA578C61-LeaderElection20] INFO  impl.LeaderElection (LogUtils.java:infoOrTrace(136)) -   Exception 2: java.util.concurrent.ExecutionException: org.apache.ratis.thirdparty.io.netty.channel.AbstractChannel$AnnotatedConnectException: finishConnect(..) failed: Connection refused: localhost/127.0.0.1:15140
2024-10-11 15:03:08,433 [s3@group-F860CA578C61-LeaderElection20] INFO  impl.LeaderElection (LeaderElection.java:askForVotes(339)) - s3@group-F860CA578C61-LeaderElection20 PRE_VOTE round 23: result TIMEOUT
2024-10-11 15:03:08,433 [s3@group-F860CA578C61-LeaderElection20] INFO  impl.LeaderElection (LeaderElection.java:askForVotes(337)) - s3@group-F860CA578C61-LeaderElection20 PRE_VOTE round 24: submit vote requests at term 2 for conf: {index: 1, cur=peers:[s3|localhost:15152, s4|localhost:15156, s0|localhost:15140, s1|localhost:15144, s2|localhost:15148]|listeners:[], old=null}
2024-10-11 15:03:08,434 [NettyRpcService-workerGroup--thread3] INFO  server.RaftServer$Division (RaftServerImpl.java:requestVote(1443)) - s4@group-F860CA578C61: receive requestVote(PRE_VOTE, s3, group-F860CA578C61, 2, (t:2, i:2))
2024-10-11 15:03:08,434 [NettyRpcService-workerGroup--thread3] INFO  impl.VoteContext (VoteContext.java:log(49)) - s4@group-F860CA578C61-CANDIDATE: accept PRE_VOTE from s3: our priority 0 <= candidate's priority 0
2024-10-11 15:03:08,434 [NettyRpcService-workerGroup--thread3] INFO  server.RaftServer$Division (RaftServerImpl.java:requestVote(1476)) - s4@group-F860CA578C61 replies to PRE_VOTE vote request: s3<-s4#0:OK-t2. Peer's state: s4@group-F860CA578C61:t2, leader=null, voted=s0, raftlog=Memoized:s4@group-F860CA578C61-SegmentedRaftLog:OPENED:c2:last(t:2, i:2), conf=conf: {index: 1, cur=peers:[s3|localhost:15152, s4|localhost:15156, s0|localhost:15140, s1|localhost:15144, s2|localhost:15148]|listeners:[], old=null}
2024-10-11 15:03:08,434 [s3@group-F860CA578C61-LeaderElection20] INFO  impl.LeaderElection (LogUtils.java:infoOrTrace(136)) - s3@group-F860CA578C61-LeaderElection20 got exception when requesting votes: java.util.concurrent.ExecutionException: org.apache.ratis.thirdparty.io.netty.channel.AbstractChannel$AnnotatedConnectException: finishConnect(..) failed: Connection refused: localhost/127.0.0.1:15140
2024-10-11 15:03:08,434 [s3@group-F860CA578C61-LeaderElection20] INFO  impl.LeaderElection (LogUtils.java:infoOrTrace(136)) - s3@group-F860CA578C61-LeaderElection20 got exception when requesting votes: java.util.concurrent.ExecutionException: org.apache.ratis.thirdparty.io.netty.channel.AbstractChannel$AnnotatedConnectException: finishConnect(..) failed: Connection refused: localhost/127.0.0.1:15148
2024-10-11 15:03:08,538 [s4@group-F860CA578C61-LeaderElection19] INFO  impl.LeaderElection (LeaderElection.java:logAndReturn(90)) - s4@group-F860CA578C61-LeaderElection19: PRE_VOTE TIMEOUT received 1 response(s) and 2 exception(s):
2024-10-11 15:03:08,538 [s4@group-F860CA578C61-LeaderElection19] INFO  impl.LeaderElection (LeaderElection.java:logAndReturn(94)) -   Response 0: s4<-s3#0:OK-t2
2024-10-11 15:03:08,538 [s4@group-F860CA578C61-LeaderElection19] INFO  impl.LeaderElection (LogUtils.java:infoOrTrace(136)) -   Exception 1: java.util.concurrent.ExecutionException: org.apache.ratis.thirdparty.io.netty.channel.AbstractChannel$AnnotatedConnectException: finishConnect(..) failed: Connection refused: localhost/127.0.0.1:15140
2024-10-11 15:03:08,538 [s4@group-F860CA578C61-LeaderElection19] INFO  impl.LeaderElection (LogUtils.java:infoOrTrace(136)) -   Exception 2: java.util.concurrent.ExecutionException: org.apache.ratis.thirdparty.io.netty.channel.AbstractChannel$AnnotatedConnectException: finishConnect(..) failed: Connection refused: localhost/127.0.0.1:15148
2024-10-11 15:03:08,538 [s4@group-F860CA578C61-LeaderElection19] INFO  impl.LeaderElection (LeaderElection.java:askForVotes(339)) - s4@group-F860CA578C61-LeaderElection19 PRE_VOTE round 34: result TIMEOUT
2024-10-11 15:03:08,538 [s4@group-F860CA578C61-LeaderElection19] INFO  impl.LeaderElection (LeaderElection.java:askForVotes(337)) - s4@group-F860CA578C61-LeaderElection19 PRE_VOTE round 35: submit vote requests at term 2 for conf: {index: 1, cur=peers:[s3|localhost:15152, s4|localhost:15156, s0|localhost:15140, s1|localhost:15144, s2|localhost:15148]|listeners:[], old=null}
2024-10-11 15:03:08,539 [NettyRpcService-workerGroup--thread3] INFO  server.RaftServer$Division (RaftServerImpl.java:requestVote(1443)) - s3@group-F860CA578C61: receive requestVote(PRE_VOTE, s4, group-F860CA578C61, 2, (t:2, i:2))
2024-10-11 15:03:08,539 [NettyRpcService-workerGroup--thread3] INFO  impl.VoteContext (VoteContext.java:log(49)) - s3@group-F860CA578C61-CANDIDATE: accept PRE_VOTE from s4: our priority 0 <= candidate's priority 0
2024-10-11 15:03:08,539 [NettyRpcService-workerGroup--thread3] INFO  server.RaftServer$Division (RaftServerImpl.java:requestVote(1476)) - s3@group-F860CA578C61 replies to PRE_VOTE vote request: s4<-s3#0:OK-t2. Peer's state: s3@group-F860CA578C61:t2, leader=null, voted=s0, raftlog=Memoized:s3@group-F860CA578C61-SegmentedRaftLog:OPENED:c2:last(t:2, i:2), conf=conf: {index: 1, cur=peers:[s3|localhost:15152, s4|localhost:15156, s0|localhost:15140, s1|localhost:15144, s2|localhost:15148]|listeners:[], old=null}
2024-10-11 15:03:08,539 [s4@group-F860CA578C61-LeaderElection19] INFO  impl.LeaderElection (LogUtils.java:infoOrTrace(136)) - s4@group-F860CA578C61-LeaderElection19 got exception when requesting votes: java.util.concurrent.ExecutionException: org.apache.ratis.thirdparty.io.netty.channel.AbstractChannel$AnnotatedConnectException: finishConnect(..) failed: Connection refused: localhost/127.0.0.1:15148
2024-10-11 15:03:08,539 [s4@group-F860CA578C61-LeaderElection19] INFO  impl.LeaderElection (LogUtils.java:infoOrTrace(136)) - s4@group-F860CA578C61-LeaderElection19 got exception when requesting votes: java.util.concurrent.ExecutionException: org.apache.ratis.thirdparty.io.netty.channel.AbstractChannel$AnnotatedConnectException: finishConnect(..) failed: Connection refused: localhost/127.0.0.1:15140
2024-10-11 15:03:08,720 [s4@group-F860CA578C61-LeaderElection19] INFO  impl.LeaderElection (LeaderElection.java:logAndReturn(90)) - s4@group-F860CA578C61-LeaderElection19: PRE_VOTE TIMEOUT received 1 response(s) and 2 exception(s):
2024-10-11 15:03:08,720 [s4@group-F860CA578C61-LeaderElection19] INFO  impl.LeaderElection (LeaderElection.java:logAndReturn(94)) -   Response 0: s4<-s3#0:OK-t2
2024-10-11 15:03:08,720 [s4@group-F860CA578C61-LeaderElection19] INFO  impl.LeaderElection (LogUtils.java:infoOrTrace(136)) -   Exception 1: java.util.concurrent.ExecutionException: org.apache.ratis.thirdparty.io.netty.channel.AbstractChannel$AnnotatedConnectException: finishConnect(..) failed: Connection refused: localhost/127.0.0.1:15148
2024-10-11 15:03:08,720 [s4@group-F860CA578C61-LeaderElection19] INFO  impl.LeaderElection (LogUtils.java:infoOrTrace(136)) -   Exception 2: java.util.concurrent.ExecutionException: org.apache.ratis.thirdparty.io.netty.channel.AbstractChannel$AnnotatedConnectException: finishConnect(..) failed: Connection refused: localhost/127.0.0.1:15140
2024-10-11 15:03:08,720 [s4@group-F860CA578C61-LeaderElection19] INFO  impl.LeaderElection (LeaderElection.java:askForVotes(339)) - s4@group-F860CA578C61-LeaderElection19 PRE_VOTE round 35: result TIMEOUT
2024-10-11 15:03:08,720 [s4@group-F860CA578C61-LeaderElection19] INFO  impl.LeaderElection (LeaderElection.java:askForVotes(337)) - s4@group-F860CA578C61-LeaderElection19 PRE_VOTE round 36: submit vote requests at term 2 for conf: {index: 1, cur=peers:[s3|localhost:15152, s4|localhost:15156, s0|localhost:15140, s1|localhost:15144, s2|localhost:15148]|listeners:[], old=null}
2024-10-11 15:03:08,721 [NettyRpcService-workerGroup--thread3] INFO  server.RaftServer$Division (RaftServerImpl.java:requestVote(1443)) - s3@group-F860CA578C61: receive requestVote(PRE_VOTE, s4, group-F860CA578C61, 2, (t:2, i:2))
2024-10-11 15:03:08,721 [NettyRpcService-workerGroup--thread3] INFO  impl.VoteContext (VoteContext.java:log(49)) - s3@group-F860CA578C61-CANDIDATE: accept PRE_VOTE from s4: our priority 0 <= candidate's priority 0
2024-10-11 15:03:08,721 [NettyRpcService-workerGroup--thread3] INFO  server.RaftServer$Division (RaftServerImpl.java:requestVote(1476)) - s3@group-F860CA578C61 replies to PRE_VOTE vote request: s4<-s3#0:OK-t2. Peer's state: s3@group-F860CA578C61:t2, leader=null, voted=s0, raftlog=Memoized:s3@group-F860CA578C61-SegmentedRaftLog:OPENED:c2:last(t:2, i:2), conf=conf: {index: 1, cur=peers:[s3|localhost:15152, s4|localhost:15156, s0|localhost:15140, s1|localhost:15144, s2|localhost:15148]|listeners:[], old=null}
2024-10-11 15:03:08,722 [s4@group-F860CA578C61-LeaderElection19] INFO  impl.LeaderElection (LogUtils.java:infoOrTrace(136)) - s4@group-F860CA578C61-LeaderElection19 got exception when requesting votes: java.util.concurrent.ExecutionException: org.apache.ratis.thirdparty.io.netty.channel.AbstractChannel$AnnotatedConnectException: finishConnect(..) failed: Connection refused: localhost/127.0.0.1:15140
2024-10-11 15:03:08,722 [s4@group-F860CA578C61-LeaderElection19] INFO  impl.LeaderElection (LogUtils.java:infoOrTrace(136)) - s4@group-F860CA578C61-LeaderElection19 got exception when requesting votes: java.util.concurrent.ExecutionException: org.apache.ratis.thirdparty.io.netty.channel.AbstractChannel$AnnotatedConnectException: finishConnect(..) failed: Connection refused: localhost/127.0.0.1:15148
2024-10-11 15:03:08,727 [s3@group-F860CA578C61-LeaderElection20] INFO  impl.LeaderElection (LeaderElection.java:logAndReturn(90)) - s3@group-F860CA578C61-LeaderElection20: PRE_VOTE TIMEOUT received 1 response(s) and 2 exception(s):
2024-10-11 15:03:08,727 [s3@group-F860CA578C61-LeaderElection20] INFO  impl.LeaderElection (LeaderElection.java:logAndReturn(94)) -   Response 0: s3<-s4#0:OK-t2
2024-10-11 15:03:08,727 [s3@group-F860CA578C61-LeaderElection20] INFO  impl.LeaderElection (LogUtils.java:infoOrTrace(136)) -   Exception 1: java.util.concurrent.ExecutionException: org.apache.ratis.thirdparty.io.netty.channel.AbstractChannel$AnnotatedConnectException: finishConnect(..) failed: Connection refused: localhost/127.0.0.1:15140
2024-10-11 15:03:08,727 [s3@group-F860CA578C61-LeaderElection20] INFO  impl.LeaderElection (LogUtils.java:infoOrTrace(136)) -   Exception 2: java.util.concurrent.ExecutionException: org.apache.ratis.thirdparty.io.netty.channel.AbstractChannel$AnnotatedConnectException: finishConnect(..) failed: Connection refused: localhost/127.0.0.1:15148
2024-10-11 15:03:08,727 [s3@group-F860CA578C61-LeaderElection20] INFO  impl.LeaderElection (LeaderElection.java:askForVotes(339)) - s3@group-F860CA578C61-LeaderElection20 PRE_VOTE round 24: result TIMEOUT
2024-10-11 15:03:08,727 [s3@group-F860CA578C61-LeaderElection20] INFO  impl.LeaderElection (LeaderElection.java:askForVotes(337)) - s3@group-F860CA578C61-LeaderElection20 PRE_VOTE round 25: submit vote requests at term 2 for conf: {index: 1, cur=peers:[s3|localhost:15152, s4|localhost:15156, s0|localhost:15140, s1|localhost:15144, s2|localhost:15148]|listeners:[], old=null}
2024-10-11 15:03:08,728 [NettyRpcService-workerGroup--thread3] INFO  server.RaftServer$Division (RaftServerImpl.java:requestVote(1443)) - s4@group-F860CA578C61: receive requestVote(PRE_VOTE, s3, group-F860CA578C61, 2, (t:2, i:2))
2024-10-11 15:03:08,728 [NettyRpcService-workerGroup--thread3] INFO  impl.VoteContext (VoteContext.java:log(49)) - s4@group-F860CA578C61-CANDIDATE: accept PRE_VOTE from s3: our priority 0 <= candidate's priority 0
2024-10-11 15:03:08,728 [NettyRpcService-workerGroup--thread3] INFO  server.RaftServer$Division (RaftServerImpl.java:requestVote(1476)) - s4@group-F860CA578C61 replies to PRE_VOTE vote request: s3<-s4#0:OK-t2. Peer's state: s4@group-F860CA578C61:t2, leader=null, voted=s0, raftlog=Memoized:s4@group-F860CA578C61-SegmentedRaftLog:OPENED:c2:last(t:2, i:2), conf=conf: {index: 1, cur=peers:[s3|localhost:15152, s4|localhost:15156, s0|localhost:15140, s1|localhost:15144, s2|localhost:15148]|listeners:[], old=null}
2024-10-11 15:03:08,728 [s3@group-F860CA578C61-LeaderElection20] INFO  impl.LeaderElection (LogUtils.java:infoOrTrace(136)) - s3@group-F860CA578C61-LeaderElection20 got exception when requesting votes: java.util.concurrent.ExecutionException: org.apache.ratis.thirdparty.io.netty.channel.AbstractChannel$AnnotatedConnectException: finishConnect(..) failed: Connection refused: localhost/127.0.0.1:15140
2024-10-11 15:03:08,729 [s3@group-F860CA578C61-LeaderElection20] INFO  impl.LeaderElection (LogUtils.java:infoOrTrace(136)) - s3@group-F860CA578C61-LeaderElection20 got exception when requesting votes: java.util.concurrent.ExecutionException: org.apache.ratis.thirdparty.io.netty.channel.AbstractChannel$AnnotatedConnectException: finishConnect(..) failed: Connection refused: localhost/127.0.0.1:15148
2024-10-11 15:03:08,837 [main] WARN  ratis.RaftTestUtil (RaftTestUtil.java:lambda$waitForLeader$3(126)) - Attempt #19 failed: java.lang.IllegalStateException: No leader yet : printing ALL groups
  s3:  RUNNING CANDIDATE s3@group-F860CA578C61:t2, leader=null, voted=s0, raftlog=Memoized:s3@group-F860CA578C61-SegmentedRaftLog:OPENED:c2:last(t:2, i:2), conf=conf: {index: 1, cur=peers:[s3|localhost:15152, s4|localhost:15156, s0|localhost:15140, s1|localhost:15144, s2|localhost:15148]|listeners:[], old=null} RUNNING
  s4:  RUNNING CANDIDATE s4@group-F860CA578C61:t2, leader=null, voted=s0, raftlog=Memoized:s4@group-F860CA578C61-SegmentedRaftLog:OPENED:c2:last(t:2, i:2), conf=conf: {index: 1, cur=peers:[s3|localhost:15152, s4|localhost:15156, s0|localhost:15140, s1|localhost:15144, s2|localhost:15148]|listeners:[], old=null} RUNNING
  s0:   CLOSED    LEADER s0@group-F860CA578C61:t2, leader=s0, voted=s0, raftlog=Memoized:s0@group-F860CA578C61-SegmentedRaftLog:CLOSED:c2, conf=conf: {index: 1, cur=peers:[s3|localhost:15152, s4|localhost:15156, s0|localhost:15140, s1|localhost:15144, s2|localhost:15148]|listeners:[], old=null} CLOSED
  s1:  RUNNING  FOLLOWER s1@group-F860CA578C61:t1, leader=null, voted=null, raftlog=Memoized:s1@group-F860CA578C61-SegmentedRaftLog:OPENED:c-1:lastnull, conf=conf: {index: -1, cur=peers:[s3|localhost:15152, s4|localhost:15156, s0|localhost:15140, s1|localhost:15144, s2|localhost:15148]|listeners:[], old=null} RUNNING
  s2:   CLOSED    LEADER s2@group-F860CA578C61:t1, leader=s2, voted=s2, raftlog=Memoized:s2@group-F860CA578C61-SegmentedRaftLog:CLOSED:c0, conf=conf: {index: 0, cur=peers:[s3|localhost:15152, s4|localhost:15156, s0|localhost:15140, s1|localhost:15144, s2|localhost:15148]|listeners:[], old=null} CLOSED
2024-10-11 15:03:08,944 [Timer-8] INFO  impl.MiniRaftCluster (MiniRaftCluster.java:lambda$null$7(352)) - TIMED-PRINT: printing ALL groups
  s3:  RUNNING CANDIDATE s3@group-F860CA578C61:t2, leader=null, voted=s0, raftlog=Memoized:s3@group-F860CA578C61-SegmentedRaftLog:OPENED:c2:last(t:2, i:2), conf=conf: {index: 1, cur=peers:[s3|localhost:15152, s4|localhost:15156, s0|localhost:15140, s1|localhost:15144, s2|localhost:15148]|listeners:[], old=null} RUNNING
  s4:  RUNNING CANDIDATE s4@group-F860CA578C61:t2, leader=null, voted=s0, raftlog=Memoized:s4@group-F860CA578C61-SegmentedRaftLog:OPENED:c2:last(t:2, i:2), conf=conf: {index: 1, cur=peers:[s3|localhost:15152, s4|localhost:15156, s0|localhost:15140, s1|localhost:15144, s2|localhost:15148]|listeners:[], old=null} RUNNING
  s0:   CLOSED    LEADER s0@group-F860CA578C61:t2, leader=s0, voted=s0, raftlog=Memoized:s0@group-F860CA578C61-SegmentedRaftLog:CLOSED:c2, conf=conf: {index: 1, cur=peers:[s3|localhost:15152, s4|localhost:15156, s0|localhost:15140, s1|localhost:15144, s2|localhost:15148]|listeners:[], old=null} CLOSED
  s1:  RUNNING  FOLLOWER s1@group-F860CA578C61:t1, leader=null, voted=null, raftlog=Memoized:s1@group-F860CA578C61-SegmentedRaftLog:OPENED:c-1:lastnull, conf=conf: {index: -1, cur=peers:[s3|localhost:15152, s4|localhost:15156, s0|localhost:15140, s1|localhost:15144, s2|localhost:15148]|listeners:[], old=null} RUNNING
  s2:   CLOSED    LEADER s2@group-F860CA578C61:t1, leader=s2, voted=s2, raftlog=Memoized:s2@group-F860CA578C61-SegmentedRaftLog:CLOSED:c0, conf=conf: {index: 0, cur=peers:[s3|localhost:15152, s4|localhost:15156, s0|localhost:15140, s1|localhost:15144, s2|localhost:15148]|listeners:[], old=null} CLOSED
2024-10-11 15:03:08,972 [s3@group-F860CA578C61-LeaderElection20] INFO  impl.LeaderElection (LeaderElection.java:logAndReturn(90)) - s3@group-F860CA578C61-LeaderElection20: PRE_VOTE TIMEOUT received 1 response(s) and 2 exception(s):
2024-10-11 15:03:08,972 [s3@group-F860CA578C61-LeaderElection20] INFO  impl.LeaderElection (LeaderElection.java:logAndReturn(94)) -   Response 0: s3<-s4#0:OK-t2
2024-10-11 15:03:08,972 [s3@group-F860CA578C61-LeaderElection20] INFO  impl.LeaderElection (LogUtils.java:infoOrTrace(136)) -   Exception 1: java.util.concurrent.ExecutionException: org.apache.ratis.thirdparty.io.netty.channel.AbstractChannel$AnnotatedConnectException: finishConnect(..) failed: Connection refused: localhost/127.0.0.1:15140
2024-10-11 15:03:08,972 [s3@group-F860CA578C61-LeaderElection20] INFO  impl.LeaderElection (LogUtils.java:infoOrTrace(136)) -   Exception 2: java.util.concurrent.ExecutionException: org.apache.ratis.thirdparty.io.netty.channel.AbstractChannel$AnnotatedConnectException: finishConnect(..) failed: Connection refused: localhost/127.0.0.1:15148
2024-10-11 15:03:08,972 [s3@group-F860CA578C61-LeaderElection20] INFO  impl.LeaderElection (LeaderElection.java:askForVotes(339)) - s3@group-F860CA578C61-LeaderElection20 PRE_VOTE round 25: result TIMEOUT
2024-10-11 15:03:08,972 [s3@group-F860CA578C61-LeaderElection20] INFO  impl.LeaderElection (LeaderElection.java:askForVotes(337)) - s3@group-F860CA578C61-LeaderElection20 PRE_VOTE round 26: submit vote requests at term 2 for conf: {index: 1, cur=peers:[s3|localhost:15152, s4|localhost:15156, s0|localhost:15140, s1|localhost:15144, s2|localhost:15148]|listeners:[], old=null}
2024-10-11 15:03:08,973 [NettyRpcService-workerGroup--thread3] INFO  server.RaftServer$Division (RaftServerImpl.java:requestVote(1443)) - s4@group-F860CA578C61: receive requestVote(PRE_VOTE, s3, group-F860CA578C61, 2, (t:2, i:2))
2024-10-11 15:03:08,974 [NettyRpcService-workerGroup--thread3] INFO  impl.VoteContext (VoteContext.java:log(49)) - s4@group-F860CA578C61-CANDIDATE: accept PRE_VOTE from s3: our priority 0 <= candidate's priority 0
2024-10-11 15:03:08,974 [s3@group-F860CA578C61-LeaderElection20] INFO  impl.LeaderElection (LogUtils.java:infoOrTrace(136)) - s3@group-F860CA578C61-LeaderElection20 got exception when requesting votes: java.util.concurrent.ExecutionException: org.apache.ratis.thirdparty.io.netty.channel.AbstractChannel$AnnotatedConnectException: finishConnect(..) failed: Connection refused: localhost/127.0.0.1:15148
2024-10-11 15:03:08,974 [NettyRpcService-workerGroup--thread3] INFO  server.RaftServer$Division (RaftServerImpl.java:requestVote(1476)) - s4@group-F860CA578C61 replies to PRE_VOTE vote request: s3<-s4#0:OK-t2. Peer's state: s4@group-F860CA578C61:t2, leader=null, voted=s0, raftlog=Memoized:s4@group-F860CA578C61-SegmentedRaftLog:OPENED:c2:last(t:2, i:2), conf=conf: {index: 1, cur=peers:[s3|localhost:15152, s4|localhost:15156, s0|localhost:15140, s1|localhost:15144, s2|localhost:15148]|listeners:[], old=null}
2024-10-11 15:03:08,974 [s3@group-F860CA578C61-LeaderElection20] INFO  impl.LeaderElection (LogUtils.java:infoOrTrace(136)) - s3@group-F860CA578C61-LeaderElection20 got exception when requesting votes: java.util.concurrent.ExecutionException: org.apache.ratis.thirdparty.io.netty.channel.AbstractChannel$AnnotatedConnectException: finishConnect(..) failed: Connection refused: localhost/127.0.0.1:15140
2024-10-11 15:03:09,009 [s4@group-F860CA578C61-LeaderElection19] INFO  impl.LeaderElection (LeaderElection.java:logAndReturn(90)) - s4@group-F860CA578C61-LeaderElection19: PRE_VOTE TIMEOUT received 1 response(s) and 2 exception(s):
2024-10-11 15:03:09,009 [s4@group-F860CA578C61-LeaderElection19] INFO  impl.LeaderElection (LeaderElection.java:logAndReturn(94)) -   Response 0: s4<-s3#0:OK-t2
2024-10-11 15:03:09,009 [s4@group-F860CA578C61-LeaderElection19] INFO  impl.LeaderElection (LogUtils.java:infoOrTrace(136)) -   Exception 1: java.util.concurrent.ExecutionException: org.apache.ratis.thirdparty.io.netty.channel.AbstractChannel$AnnotatedConnectException: finishConnect(..) failed: Connection refused: localhost/127.0.0.1:15140
2024-10-11 15:03:09,009 [s4@group-F860CA578C61-LeaderElection19] INFO  impl.LeaderElection (LogUtils.java:infoOrTrace(136)) -   Exception 2: java.util.concurrent.ExecutionException: org.apache.ratis.thirdparty.io.netty.channel.AbstractChannel$AnnotatedConnectException: finishConnect(..) failed: Connection refused: localhost/127.0.0.1:15148
2024-10-11 15:03:09,009 [s4@group-F860CA578C61-LeaderElection19] INFO  impl.LeaderElection (LeaderElection.java:askForVotes(339)) - s4@group-F860CA578C61-LeaderElection19 PRE_VOTE round 36: result TIMEOUT
2024-10-11 15:03:09,009 [s4@group-F860CA578C61-LeaderElection19] INFO  impl.LeaderElection (LeaderElection.java:askForVotes(337)) - s4@group-F860CA578C61-LeaderElection19 PRE_VOTE round 37: submit vote requests at term 2 for conf: {index: 1, cur=peers:[s3|localhost:15152, s4|localhost:15156, s0|localhost:15140, s1|localhost:15144, s2|localhost:15148]|listeners:[], old=null}
2024-10-11 15:03:09,010 [NettyRpcService-workerGroup--thread3] INFO  server.RaftServer$Division (RaftServerImpl.java:requestVote(1443)) - s3@group-F860CA578C61: receive requestVote(PRE_VOTE, s4, group-F860CA578C61, 2, (t:2, i:2))
2024-10-11 15:03:09,010 [NettyRpcService-workerGroup--thread3] INFO  impl.VoteContext (VoteContext.java:log(49)) - s3@group-F860CA578C61-CANDIDATE: accept PRE_VOTE from s4: our priority 0 <= candidate's priority 0
2024-10-11 15:03:09,010 [NettyRpcService-workerGroup--thread3] INFO  server.RaftServer$Division (RaftServerImpl.java:requestVote(1476)) - s3@group-F860CA578C61 replies to PRE_VOTE vote request: s4<-s3#0:OK-t2. Peer's state: s3@group-F860CA578C61:t2, leader=null, voted=s0, raftlog=Memoized:s3@group-F860CA578C61-SegmentedRaftLog:OPENED:c2:last(t:2, i:2), conf=conf: {index: 1, cur=peers:[s3|localhost:15152, s4|localhost:15156, s0|localhost:15140, s1|localhost:15144, s2|localhost:15148]|listeners:[], old=null}
2024-10-11 15:03:09,011 [s4@group-F860CA578C61-LeaderElection19] INFO  impl.LeaderElection (LogUtils.java:infoOrTrace(136)) - s4@group-F860CA578C61-LeaderElection19 got exception when requesting votes: java.util.concurrent.ExecutionException: org.apache.ratis.thirdparty.io.netty.channel.AbstractChannel$AnnotatedConnectException: finishConnect(..) failed: Connection refused: localhost/127.0.0.1:15140
2024-10-11 15:03:09,012 [s4@group-F860CA578C61-LeaderElection19] INFO  impl.LeaderElection (LogUtils.java:infoOrTrace(136)) - s4@group-F860CA578C61-LeaderElection19 got exception when requesting votes: java.util.concurrent.ExecutionException: org.apache.ratis.thirdparty.io.netty.channel.AbstractChannel$AnnotatedConnectException: finishConnect(..) failed: Connection refused: localhost/127.0.0.1:15148
2024-10-11 15:03:09,164 [s3@group-F860CA578C61-LeaderElection20] INFO  impl.LeaderElection (LeaderElection.java:logAndReturn(90)) - s3@group-F860CA578C61-LeaderElection20: PRE_VOTE TIMEOUT received 1 response(s) and 2 exception(s):
2024-10-11 15:03:09,164 [s3@group-F860CA578C61-LeaderElection20] INFO  impl.LeaderElection (LeaderElection.java:logAndReturn(94)) -   Response 0: s3<-s4#0:OK-t2
2024-10-11 15:03:09,164 [s3@group-F860CA578C61-LeaderElection20] INFO  impl.LeaderElection (LogUtils.java:infoOrTrace(136)) -   Exception 1: java.util.concurrent.ExecutionException: org.apache.ratis.thirdparty.io.netty.channel.AbstractChannel$AnnotatedConnectException: finishConnect(..) failed: Connection refused: localhost/127.0.0.1:15148
2024-10-11 15:03:09,164 [s3@group-F860CA578C61-LeaderElection20] INFO  impl.LeaderElection (LogUtils.java:infoOrTrace(136)) -   Exception 2: java.util.concurrent.ExecutionException: org.apache.ratis.thirdparty.io.netty.channel.AbstractChannel$AnnotatedConnectException: finishConnect(..) failed: Connection refused: localhost/127.0.0.1:15140
2024-10-11 15:03:09,164 [s3@group-F860CA578C61-LeaderElection20] INFO  impl.LeaderElection (LeaderElection.java:askForVotes(339)) - s3@group-F860CA578C61-LeaderElection20 PRE_VOTE round 26: result TIMEOUT
2024-10-11 15:03:09,165 [s3@group-F860CA578C61-LeaderElection20] INFO  impl.LeaderElection (LeaderElection.java:askForVotes(337)) - s3@group-F860CA578C61-LeaderElection20 PRE_VOTE round 27: submit vote requests at term 2 for conf: {index: 1, cur=peers:[s3|localhost:15152, s4|localhost:15156, s0|localhost:15140, s1|localhost:15144, s2|localhost:15148]|listeners:[], old=null}
2024-10-11 15:03:09,165 [NettyRpcService-workerGroup--thread3] INFO  server.RaftServer$Division (RaftServerImpl.java:requestVote(1443)) - s4@group-F860CA578C61: receive requestVote(PRE_VOTE, s3, group-F860CA578C61, 2, (t:2, i:2))
2024-10-11 15:03:09,165 [NettyRpcService-workerGroup--thread3] INFO  impl.VoteContext (VoteContext.java:log(49)) - s4@group-F860CA578C61-CANDIDATE: accept PRE_VOTE from s3: our priority 0 <= candidate's priority 0
2024-10-11 15:03:09,166 [NettyRpcService-workerGroup--thread3] INFO  server.RaftServer$Division (RaftServerImpl.java:requestVote(1476)) - s4@group-F860CA578C61 replies to PRE_VOTE vote request: s3<-s4#0:OK-t2. Peer's state: s4@group-F860CA578C61:t2, leader=null, voted=s0, raftlog=Memoized:s4@group-F860CA578C61-SegmentedRaftLog:OPENED:c2:last(t:2, i:2), conf=conf: {index: 1, cur=peers:[s3|localhost:15152, s4|localhost:15156, s0|localhost:15140, s1|localhost:15144, s2|localhost:15148]|listeners:[], old=null}
2024-10-11 15:03:09,166 [s3@group-F860CA578C61-LeaderElection20] INFO  impl.LeaderElection (LogUtils.java:infoOrTrace(136)) - s3@group-F860CA578C61-LeaderElection20 got exception when requesting votes: java.util.concurrent.ExecutionException: org.apache.ratis.thirdparty.io.netty.channel.AbstractChannel$AnnotatedConnectException: finishConnect(..) failed: Connection refused: localhost/127.0.0.1:15140
2024-10-11 15:03:09,166 [s3@group-F860CA578C61-LeaderElection20] INFO  impl.LeaderElection (LogUtils.java:infoOrTrace(136)) - s3@group-F860CA578C61-LeaderElection20 got exception when requesting votes: java.util.concurrent.ExecutionException: org.apache.ratis.thirdparty.io.netty.channel.AbstractChannel$AnnotatedConnectException: finishConnect(..) failed: Connection refused: localhost/127.0.0.1:15148
2024-10-11 15:03:09,175 [s4@group-F860CA578C61-LeaderElection19] INFO  impl.LeaderElection (LeaderElection.java:logAndReturn(90)) - s4@group-F860CA578C61-LeaderElection19: PRE_VOTE TIMEOUT received 1 response(s) and 2 exception(s):
2024-10-11 15:03:09,175 [s4@group-F860CA578C61-LeaderElection19] INFO  impl.LeaderElection (LeaderElection.java:logAndReturn(94)) -   Response 0: s4<-s3#0:OK-t2
2024-10-11 15:03:09,175 [s4@group-F860CA578C61-LeaderElection19] INFO  impl.LeaderElection (LogUtils.java:infoOrTrace(136)) -   Exception 1: java.util.concurrent.ExecutionException: org.apache.ratis.thirdparty.io.netty.channel.AbstractChannel$AnnotatedConnectException: finishConnect(..) failed: Connection refused: localhost/127.0.0.1:15140
2024-10-11 15:03:09,175 [s4@group-F860CA578C61-LeaderElection19] INFO  impl.LeaderElection (LogUtils.java:infoOrTrace(136)) -   Exception 2: java.util.concurrent.ExecutionException: org.apache.ratis.thirdparty.io.netty.channel.AbstractChannel$AnnotatedConnectException: finishConnect(..) failed: Connection refused: localhost/127.0.0.1:15148
2024-10-11 15:03:09,175 [s4@group-F860CA578C61-LeaderElection19] INFO  impl.LeaderElection (LeaderElection.java:askForVotes(339)) - s4@group-F860CA578C61-LeaderElection19 PRE_VOTE round 37: result TIMEOUT
2024-10-11 15:03:09,175 [s4@group-F860CA578C61-LeaderElection19] INFO  impl.LeaderElection (LeaderElection.java:askForVotes(337)) - s4@group-F860CA578C61-LeaderElection19 PRE_VOTE round 38: submit vote requests at term 2 for conf: {index: 1, cur=peers:[s3|localhost:15152, s4|localhost:15156, s0|localhost:15140, s1|localhost:15144, s2|localhost:15148]|listeners:[], old=null}
2024-10-11 15:03:09,176 [NettyRpcService-workerGroup--thread3] INFO  server.RaftServer$Division (RaftServerImpl.java:requestVote(1443)) - s3@group-F860CA578C61: receive requestVote(PRE_VOTE, s4, group-F860CA578C61, 2, (t:2, i:2))
2024-10-11 15:03:09,176 [NettyRpcService-workerGroup--thread3] INFO  impl.VoteContext (VoteContext.java:log(49)) - s3@group-F860CA578C61-CANDIDATE: accept PRE_VOTE from s4: our priority 0 <= candidate's priority 0
2024-10-11 15:03:09,176 [NettyRpcService-workerGroup--thread3] INFO  server.RaftServer$Division (RaftServerImpl.java:requestVote(1476)) - s3@group-F860CA578C61 replies to PRE_VOTE vote request: s4<-s3#0:OK-t2. Peer's state: s3@group-F860CA578C61:t2, leader=null, voted=s0, raftlog=Memoized:s3@group-F860CA578C61-SegmentedRaftLog:OPENED:c2:last(t:2, i:2), conf=conf: {index: 1, cur=peers:[s3|localhost:15152, s4|localhost:15156, s0|localhost:15140, s1|localhost:15144, s2|localhost:15148]|listeners:[], old=null}
2024-10-11 15:03:09,176 [s4@group-F860CA578C61-LeaderElection19] INFO  impl.LeaderElection (LogUtils.java:infoOrTrace(136)) - s4@group-F860CA578C61-LeaderElection19 got exception when requesting votes: java.util.concurrent.ExecutionException: org.apache.ratis.thirdparty.io.netty.channel.AbstractChannel$AnnotatedConnectException: finishConnect(..) failed: Connection refused: localhost/127.0.0.1:15140
2024-10-11 15:03:09,177 [s4@group-F860CA578C61-LeaderElection19] INFO  impl.LeaderElection (LogUtils.java:infoOrTrace(136)) - s4@group-F860CA578C61-LeaderElection19 got exception when requesting votes: java.util.concurrent.ExecutionException: org.apache.ratis.thirdparty.io.netty.channel.AbstractChannel$AnnotatedConnectException: finishConnect(..) failed: Connection refused: localhost/127.0.0.1:15148
2024-10-11 15:03:09,287 [main] WARN  ratis.RaftTestUtil (RaftTestUtil.java:lambda$waitForLeader$3(126)) - Attempt #20 failed: java.lang.IllegalStateException: No leader yet : printing ALL groups
  s3:  RUNNING CANDIDATE s3@group-F860CA578C61:t2, leader=null, voted=s0, raftlog=Memoized:s3@group-F860CA578C61-SegmentedRaftLog:OPENED:c2:last(t:2, i:2), conf=conf: {index: 1, cur=peers:[s3|localhost:15152, s4|localhost:15156, s0|localhost:15140, s1|localhost:15144, s2|localhost:15148]|listeners:[], old=null} RUNNING
  s4:  RUNNING CANDIDATE s4@group-F860CA578C61:t2, leader=null, voted=s0, raftlog=Memoized:s4@group-F860CA578C61-SegmentedRaftLog:OPENED:c2:last(t:2, i:2), conf=conf: {index: 1, cur=peers:[s3|localhost:15152, s4|localhost:15156, s0|localhost:15140, s1|localhost:15144, s2|localhost:15148]|listeners:[], old=null} RUNNING
  s0:   CLOSED    LEADER s0@group-F860CA578C61:t2, leader=s0, voted=s0, raftlog=Memoized:s0@group-F860CA578C61-SegmentedRaftLog:CLOSED:c2, conf=conf: {index: 1, cur=peers:[s3|localhost:15152, s4|localhost:15156, s0|localhost:15140, s1|localhost:15144, s2|localhost:15148]|listeners:[], old=null} CLOSED
  s1:  RUNNING  FOLLOWER s1@group-F860CA578C61:t1, leader=null, voted=null, raftlog=Memoized:s1@group-F860CA578C61-SegmentedRaftLog:OPENED:c-1:lastnull, conf=conf: {index: -1, cur=peers:[s3|localhost:15152, s4|localhost:15156, s0|localhost:15140, s1|localhost:15144, s2|localhost:15148]|listeners:[], old=null} RUNNING
  s2:   CLOSED    LEADER s2@group-F860CA578C61:t1, leader=s2, voted=s2, raftlog=Memoized:s2@group-F860CA578C61-SegmentedRaftLog:CLOSED:c0, conf=conf: {index: 0, cur=peers:[s3|localhost:15152, s4|localhost:15156, s0|localhost:15140, s1|localhost:15144, s2|localhost:15148]|listeners:[], old=null} CLOSED
2024-10-11 15:03:09,414 [s3@group-F860CA578C61-LeaderElection20] INFO  impl.LeaderElection (LeaderElection.java:logAndReturn(90)) - s3@group-F860CA578C61-LeaderElection20: PRE_VOTE TIMEOUT received 1 response(s) and 2 exception(s):
2024-10-11 15:03:09,414 [s3@group-F860CA578C61-LeaderElection20] INFO  impl.LeaderElection (LeaderElection.java:logAndReturn(94)) -   Response 0: s3<-s4#0:OK-t2
2024-10-11 15:03:09,415 [s3@group-F860CA578C61-LeaderElection20] INFO  impl.LeaderElection (LogUtils.java:infoOrTrace(136)) -   Exception 1: java.util.concurrent.ExecutionException: org.apache.ratis.thirdparty.io.netty.channel.AbstractChannel$AnnotatedConnectException: finishConnect(..) failed: Connection refused: localhost/127.0.0.1:15140
2024-10-11 15:03:09,415 [s3@group-F860CA578C61-LeaderElection20] INFO  impl.LeaderElection (LogUtils.java:infoOrTrace(136)) -   Exception 2: java.util.concurrent.ExecutionException: org.apache.ratis.thirdparty.io.netty.channel.AbstractChannel$AnnotatedConnectException: finishConnect(..) failed: Connection refused: localhost/127.0.0.1:15148
2024-10-11 15:03:09,415 [s3@group-F860CA578C61-LeaderElection20] INFO  impl.LeaderElection (LeaderElection.java:askForVotes(339)) - s3@group-F860CA578C61-LeaderElection20 PRE_VOTE round 27: result TIMEOUT
2024-10-11 15:03:09,415 [s3@group-F860CA578C61-LeaderElection20] INFO  impl.LeaderElection (LeaderElection.java:askForVotes(337)) - s3@group-F860CA578C61-LeaderElection20 PRE_VOTE round 28: submit vote requests at term 2 for conf: {index: 1, cur=peers:[s3|localhost:15152, s4|localhost:15156, s0|localhost:15140, s1|localhost:15144, s2|localhost:15148]|listeners:[], old=null}
2024-10-11 15:03:09,416 [NettyRpcService-workerGroup--thread3] INFO  server.RaftServer$Division (RaftServerImpl.java:requestVote(1443)) - s4@group-F860CA578C61: receive requestVote(PRE_VOTE, s3, group-F860CA578C61, 2, (t:2, i:2))
2024-10-11 15:03:09,416 [NettyRpcService-workerGroup--thread3] INFO  impl.VoteContext (VoteContext.java:log(49)) - s4@group-F860CA578C61-CANDIDATE: accept PRE_VOTE from s3: our priority 0 <= candidate's priority 0
2024-10-11 15:03:09,416 [NettyRpcService-workerGroup--thread3] INFO  server.RaftServer$Division (RaftServerImpl.java:requestVote(1476)) - s4@group-F860CA578C61 replies to PRE_VOTE vote request: s3<-s4#0:OK-t2. Peer's state: s4@group-F860CA578C61:t2, leader=null, voted=s0, raftlog=Memoized:s4@group-F860CA578C61-SegmentedRaftLog:OPENED:c2:last(t:2, i:2), conf=conf: {index: 1, cur=peers:[s3|localhost:15152, s4|localhost:15156, s0|localhost:15140, s1|localhost:15144, s2|localhost:15148]|listeners:[], old=null}
2024-10-11 15:03:09,416 [s3@group-F860CA578C61-LeaderElection20] INFO  impl.LeaderElection (LogUtils.java:infoOrTrace(136)) - s3@group-F860CA578C61-LeaderElection20 got exception when requesting votes: java.util.concurrent.ExecutionException: org.apache.ratis.thirdparty.io.netty.channel.AbstractChannel$AnnotatedConnectException: finishConnect(..) failed: Connection refused: localhost/127.0.0.1:15140
2024-10-11 15:03:09,416 [s3@group-F860CA578C61-LeaderElection20] INFO  impl.LeaderElection (LogUtils.java:infoOrTrace(136)) - s3@group-F860CA578C61-LeaderElection20 got exception when requesting votes: java.util.concurrent.ExecutionException: org.apache.ratis.thirdparty.io.netty.channel.AbstractChannel$AnnotatedConnectException: finishConnect(..) failed: Connection refused: localhost/127.0.0.1:15148
2024-10-11 15:03:09,433 [s4@group-F860CA578C61-LeaderElection19] INFO  impl.LeaderElection (LeaderElection.java:logAndReturn(90)) - s4@group-F860CA578C61-LeaderElection19: PRE_VOTE TIMEOUT received 1 response(s) and 2 exception(s):
2024-10-11 15:03:09,433 [s4@group-F860CA578C61-LeaderElection19] INFO  impl.LeaderElection (LeaderElection.java:logAndReturn(94)) -   Response 0: s4<-s3#0:OK-t2
2024-10-11 15:03:09,433 [s4@group-F860CA578C61-LeaderElection19] INFO  impl.LeaderElection (LogUtils.java:infoOrTrace(136)) -   Exception 1: java.util.concurrent.ExecutionException: org.apache.ratis.thirdparty.io.netty.channel.AbstractChannel$AnnotatedConnectException: finishConnect(..) failed: Connection refused: localhost/127.0.0.1:15140
2024-10-11 15:03:09,433 [s4@group-F860CA578C61-LeaderElection19] INFO  impl.LeaderElection (LogUtils.java:infoOrTrace(136)) -   Exception 2: java.util.concurrent.ExecutionException: org.apache.ratis.thirdparty.io.netty.channel.AbstractChannel$AnnotatedConnectException: finishConnect(..) failed: Connection refused: localhost/127.0.0.1:15148
2024-10-11 15:03:09,433 [s4@group-F860CA578C61-LeaderElection19] INFO  impl.LeaderElection (LeaderElection.java:askForVotes(339)) - s4@group-F860CA578C61-LeaderElection19 PRE_VOTE round 38: result TIMEOUT
2024-10-11 15:03:09,433 [s4@group-F860CA578C61-LeaderElection19] INFO  impl.LeaderElection (LeaderElection.java:askForVotes(337)) - s4@group-F860CA578C61-LeaderElection19 PRE_VOTE round 39: submit vote requests at term 2 for conf: {index: 1, cur=peers:[s3|localhost:15152, s4|localhost:15156, s0|localhost:15140, s1|localhost:15144, s2|localhost:15148]|listeners:[], old=null}
2024-10-11 15:03:09,434 [NettyRpcService-workerGroup--thread3] INFO  server.RaftServer$Division (RaftServerImpl.java:requestVote(1443)) - s3@group-F860CA578C61: receive requestVote(PRE_VOTE, s4, group-F860CA578C61, 2, (t:2, i:2))
2024-10-11 15:03:09,434 [NettyRpcService-workerGroup--thread3] INFO  impl.VoteContext (VoteContext.java:log(49)) - s3@group-F860CA578C61-CANDIDATE: accept PRE_VOTE from s4: our priority 0 <= candidate's priority 0
2024-10-11 15:03:09,434 [NettyRpcService-workerGroup--thread3] INFO  server.RaftServer$Division (RaftServerImpl.java:requestVote(1476)) - s3@group-F860CA578C61 replies to PRE_VOTE vote request: s4<-s3#0:OK-t2. Peer's state: s3@group-F860CA578C61:t2, leader=null, voted=s0, raftlog=Memoized:s3@group-F860CA578C61-SegmentedRaftLog:OPENED:c2:last(t:2, i:2), conf=conf: {index: 1, cur=peers:[s3|localhost:15152, s4|localhost:15156, s0|localhost:15140, s1|localhost:15144, s2|localhost:15148]|listeners:[], old=null}
2024-10-11 15:03:09,435 [s4@group-F860CA578C61-LeaderElection19] INFO  impl.LeaderElection (LogUtils.java:infoOrTrace(136)) - s4@group-F860CA578C61-LeaderElection19 got exception when requesting votes: java.util.concurrent.ExecutionException: org.apache.ratis.thirdparty.io.netty.channel.AbstractChannel$AnnotatedConnectException: finishConnect(..) failed: Connection refused: localhost/127.0.0.1:15148
2024-10-11 15:03:09,435 [s4@group-F860CA578C61-LeaderElection19] INFO  impl.LeaderElection (LogUtils.java:infoOrTrace(136)) - s4@group-F860CA578C61-LeaderElection19 got exception when requesting votes: java.util.concurrent.ExecutionException: org.apache.ratis.thirdparty.io.netty.channel.AbstractChannel$AnnotatedConnectException: finishConnect(..) failed: Connection refused: localhost/127.0.0.1:15140
2024-10-11 15:03:09,573 [s3@group-F860CA578C61-LeaderElection20] INFO  impl.LeaderElection (LeaderElection.java:logAndReturn(90)) - s3@group-F860CA578C61-LeaderElection20: PRE_VOTE TIMEOUT received 1 response(s) and 2 exception(s):
2024-10-11 15:03:09,574 [s3@group-F860CA578C61-LeaderElection20] INFO  impl.LeaderElection (LeaderElection.java:logAndReturn(94)) -   Response 0: s3<-s4#0:OK-t2
2024-10-11 15:03:09,574 [s3@group-F860CA578C61-LeaderElection20] INFO  impl.LeaderElection (LogUtils.java:infoOrTrace(136)) -   Exception 1: java.util.concurrent.ExecutionException: org.apache.ratis.thirdparty.io.netty.channel.AbstractChannel$AnnotatedConnectException: finishConnect(..) failed: Connection refused: localhost/127.0.0.1:15140
2024-10-11 15:03:09,574 [s3@group-F860CA578C61-LeaderElection20] INFO  impl.LeaderElection (LogUtils.java:infoOrTrace(136)) -   Exception 2: java.util.concurrent.ExecutionException: org.apache.ratis.thirdparty.io.netty.channel.AbstractChannel$AnnotatedConnectException: finishConnect(..) failed: Connection refused: localhost/127.0.0.1:15148
2024-10-11 15:03:09,574 [s3@group-F860CA578C61-LeaderElection20] INFO  impl.LeaderElection (LeaderElection.java:askForVotes(339)) - s3@group-F860CA578C61-LeaderElection20 PRE_VOTE round 28: result TIMEOUT
2024-10-11 15:03:09,574 [s3@group-F860CA578C61-LeaderElection20] INFO  impl.LeaderElection (LeaderElection.java:askForVotes(337)) - s3@group-F860CA578C61-LeaderElection20 PRE_VOTE round 29: submit vote requests at term 2 for conf: {index: 1, cur=peers:[s3|localhost:15152, s4|localhost:15156, s0|localhost:15140, s1|localhost:15144, s2|localhost:15148]|listeners:[], old=null}
2024-10-11 15:03:09,575 [NettyRpcService-workerGroup--thread3] INFO  server.RaftServer$Division (RaftServerImpl.java:requestVote(1443)) - s4@group-F860CA578C61: receive requestVote(PRE_VOTE, s3, group-F860CA578C61, 2, (t:2, i:2))
2024-10-11 15:03:09,575 [NettyRpcService-workerGroup--thread3] INFO  impl.VoteContext (VoteContext.java:log(49)) - s4@group-F860CA578C61-CANDIDATE: accept PRE_VOTE from s3: our priority 0 <= candidate's priority 0
2024-10-11 15:03:09,575 [NettyRpcService-workerGroup--thread3] INFO  server.RaftServer$Division (RaftServerImpl.java:requestVote(1476)) - s4@group-F860CA578C61 replies to PRE_VOTE vote request: s3<-s4#0:OK-t2. Peer's state: s4@group-F860CA578C61:t2, leader=null, voted=s0, raftlog=Memoized:s4@group-F860CA578C61-SegmentedRaftLog:OPENED:c2:last(t:2, i:2), conf=conf: {index: 1, cur=peers:[s3|localhost:15152, s4|localhost:15156, s0|localhost:15140, s1|localhost:15144, s2|localhost:15148]|listeners:[], old=null}
2024-10-11 15:03:09,575 [s3@group-F860CA578C61-LeaderElection20] INFO  impl.LeaderElection (LogUtils.java:infoOrTrace(136)) - s3@group-F860CA578C61-LeaderElection20 got exception when requesting votes: java.util.concurrent.ExecutionException: org.apache.ratis.thirdparty.io.netty.channel.AbstractChannel$AnnotatedConnectException: finishConnect(..) failed: Connection refused: localhost/127.0.0.1:15148
2024-10-11 15:03:09,575 [s3@group-F860CA578C61-LeaderElection20] INFO  impl.LeaderElection (LogUtils.java:infoOrTrace(136)) - s3@group-F860CA578C61-LeaderElection20 got exception when requesting votes: java.util.concurrent.ExecutionException: org.apache.ratis.thirdparty.io.netty.channel.AbstractChannel$AnnotatedConnectException: finishConnect(..) failed: Connection refused: localhost/127.0.0.1:15140
2024-10-11 15:03:09,612 [s4@group-F860CA578C61-LeaderElection19] INFO  impl.LeaderElection (LeaderElection.java:logAndReturn(90)) - s4@group-F860CA578C61-LeaderElection19: PRE_VOTE TIMEOUT received 1 response(s) and 2 exception(s):
2024-10-11 15:03:09,612 [s4@group-F860CA578C61-LeaderElection19] INFO  impl.LeaderElection (LeaderElection.java:logAndReturn(94)) -   Response 0: s4<-s3#0:OK-t2
2024-10-11 15:03:09,612 [s4@group-F860CA578C61-LeaderElection19] INFO  impl.LeaderElection (LogUtils.java:infoOrTrace(136)) -   Exception 1: java.util.concurrent.ExecutionException: org.apache.ratis.thirdparty.io.netty.channel.AbstractChannel$AnnotatedConnectException: finishConnect(..) failed: Connection refused: localhost/127.0.0.1:15148
2024-10-11 15:03:09,612 [s4@group-F860CA578C61-LeaderElection19] INFO  impl.LeaderElection (LogUtils.java:infoOrTrace(136)) -   Exception 2: java.util.concurrent.ExecutionException: org.apache.ratis.thirdparty.io.netty.channel.AbstractChannel$AnnotatedConnectException: finishConnect(..) failed: Connection refused: localhost/127.0.0.1:15140
2024-10-11 15:03:09,612 [s4@group-F860CA578C61-LeaderElection19] INFO  impl.LeaderElection (LeaderElection.java:askForVotes(339)) - s4@group-F860CA578C61-LeaderElection19 PRE_VOTE round 39: result TIMEOUT
2024-10-11 15:03:09,612 [s4@group-F860CA578C61-LeaderElection19] INFO  impl.LeaderElection (LeaderElection.java:askForVotes(337)) - s4@group-F860CA578C61-LeaderElection19 PRE_VOTE round 40: submit vote requests at term 2 for conf: {index: 1, cur=peers:[s3|localhost:15152, s4|localhost:15156, s0|localhost:15140, s1|localhost:15144, s2|localhost:15148]|listeners:[], old=null}
2024-10-11 15:03:09,613 [NettyRpcService-workerGroup--thread3] INFO  server.RaftServer$Division (RaftServerImpl.java:requestVote(1443)) - s3@group-F860CA578C61: receive requestVote(PRE_VOTE, s4, group-F860CA578C61, 2, (t:2, i:2))
2024-10-11 15:03:09,613 [NettyRpcService-workerGroup--thread3] INFO  impl.VoteContext (VoteContext.java:log(49)) - s3@group-F860CA578C61-CANDIDATE: accept PRE_VOTE from s4: our priority 0 <= candidate's priority 0
2024-10-11 15:03:09,613 [NettyRpcService-workerGroup--thread3] INFO  server.RaftServer$Division (RaftServerImpl.java:requestVote(1476)) - s3@group-F860CA578C61 replies to PRE_VOTE vote request: s4<-s3#0:OK-t2. Peer's state: s3@group-F860CA578C61:t2, leader=null, voted=s0, raftlog=Memoized:s3@group-F860CA578C61-SegmentedRaftLog:OPENED:c2:last(t:2, i:2), conf=conf: {index: 1, cur=peers:[s3|localhost:15152, s4|localhost:15156, s0|localhost:15140, s1|localhost:15144, s2|localhost:15148]|listeners:[], old=null}
2024-10-11 15:03:09,614 [s4@group-F860CA578C61-LeaderElection19] INFO  impl.LeaderElection (LogUtils.java:infoOrTrace(136)) - s4@group-F860CA578C61-LeaderElection19 got exception when requesting votes: java.util.concurrent.ExecutionException: org.apache.ratis.thirdparty.io.netty.channel.AbstractChannel$AnnotatedConnectException: finishConnect(..) failed: Connection refused: localhost/127.0.0.1:15140
2024-10-11 15:03:09,614 [s4@group-F860CA578C61-LeaderElection19] INFO  impl.LeaderElection (LogUtils.java:infoOrTrace(136)) - s4@group-F860CA578C61-LeaderElection19 got exception when requesting votes: java.util.concurrent.ExecutionException: org.apache.ratis.thirdparty.io.netty.channel.AbstractChannel$AnnotatedConnectException: finishConnect(..) failed: Connection refused: localhost/127.0.0.1:15148
2024-10-11 15:03:09,738 [main] WARN  ratis.RaftTestUtil (RaftTestUtil.java:lambda$waitForLeader$3(126)) - Attempt #21 failed: java.lang.IllegalStateException: No leader yet : printing ALL groups
  s3:  RUNNING CANDIDATE s3@group-F860CA578C61:t2, leader=null, voted=s0, raftlog=Memoized:s3@group-F860CA578C61-SegmentedRaftLog:OPENED:c2:last(t:2, i:2), conf=conf: {index: 1, cur=peers:[s3|localhost:15152, s4|localhost:15156, s0|localhost:15140, s1|localhost:15144, s2|localhost:15148]|listeners:[], old=null} RUNNING
  s4:  RUNNING CANDIDATE s4@group-F860CA578C61:t2, leader=null, voted=s0, raftlog=Memoized:s4@group-F860CA578C61-SegmentedRaftLog:OPENED:c2:last(t:2, i:2), conf=conf: {index: 1, cur=peers:[s3|localhost:15152, s4|localhost:15156, s0|localhost:15140, s1|localhost:15144, s2|localhost:15148]|listeners:[], old=null} RUNNING
  s0:   CLOSED    LEADER s0@group-F860CA578C61:t2, leader=s0, voted=s0, raftlog=Memoized:s0@group-F860CA578C61-SegmentedRaftLog:CLOSED:c2, conf=conf: {index: 1, cur=peers:[s3|localhost:15152, s4|localhost:15156, s0|localhost:15140, s1|localhost:15144, s2|localhost:15148]|listeners:[], old=null} CLOSED
  s1:  RUNNING  FOLLOWER s1@group-F860CA578C61:t1, leader=null, voted=null, raftlog=Memoized:s1@group-F860CA578C61-SegmentedRaftLog:OPENED:c-1:lastnull, conf=conf: {index: -1, cur=peers:[s3|localhost:15152, s4|localhost:15156, s0|localhost:15140, s1|localhost:15144, s2|localhost:15148]|listeners:[], old=null} RUNNING
  s2:   CLOSED    LEADER s2@group-F860CA578C61:t1, leader=s2, voted=s2, raftlog=Memoized:s2@group-F860CA578C61-SegmentedRaftLog:CLOSED:c0, conf=conf: {index: 0, cur=peers:[s3|localhost:15152, s4|localhost:15156, s0|localhost:15140, s1|localhost:15144, s2|localhost:15148]|listeners:[], old=null} CLOSED
2024-10-11 15:03:09,778 [s3@group-F860CA578C61-LeaderElection20] INFO  impl.LeaderElection (LeaderElection.java:logAndReturn(90)) - s3@group-F860CA578C61-LeaderElection20: PRE_VOTE TIMEOUT received 1 response(s) and 2 exception(s):
2024-10-11 15:03:09,778 [s3@group-F860CA578C61-LeaderElection20] INFO  impl.LeaderElection (LeaderElection.java:logAndReturn(94)) -   Response 0: s3<-s4#0:OK-t2
2024-10-11 15:03:09,778 [s3@group-F860CA578C61-LeaderElection20] INFO  impl.LeaderElection (LogUtils.java:infoOrTrace(136)) -   Exception 1: java.util.concurrent.ExecutionException: org.apache.ratis.thirdparty.io.netty.channel.AbstractChannel$AnnotatedConnectException: finishConnect(..) failed: Connection refused: localhost/127.0.0.1:15148
2024-10-11 15:03:09,778 [s3@group-F860CA578C61-LeaderElection20] INFO  impl.LeaderElection (LogUtils.java:infoOrTrace(136)) -   Exception 2: java.util.concurrent.ExecutionException: org.apache.ratis.thirdparty.io.netty.channel.AbstractChannel$AnnotatedConnectException: finishConnect(..) failed: Connection refused: localhost/127.0.0.1:15140
2024-10-11 15:03:09,778 [s3@group-F860CA578C61-LeaderElection20] INFO  impl.LeaderElection (LeaderElection.java:askForVotes(339)) - s3@group-F860CA578C61-LeaderElection20 PRE_VOTE round 29: result TIMEOUT
2024-10-11 15:03:09,778 [s3@group-F860CA578C61-LeaderElection20] INFO  impl.LeaderElection (LeaderElection.java:askForVotes(337)) - s3@group-F860CA578C61-LeaderElection20 PRE_VOTE round 30: submit vote requests at term 2 for conf: {index: 1, cur=peers:[s3|localhost:15152, s4|localhost:15156, s0|localhost:15140, s1|localhost:15144, s2|localhost:15148]|listeners:[], old=null}
2024-10-11 15:03:09,779 [NettyRpcService-workerGroup--thread3] INFO  server.RaftServer$Division (RaftServerImpl.java:requestVote(1443)) - s4@group-F860CA578C61: receive requestVote(PRE_VOTE, s3, group-F860CA578C61, 2, (t:2, i:2))
2024-10-11 15:03:09,779 [NettyRpcService-workerGroup--thread3] INFO  impl.VoteContext (VoteContext.java:log(49)) - s4@group-F860CA578C61-CANDIDATE: accept PRE_VOTE from s3: our priority 0 <= candidate's priority 0
2024-10-11 15:03:09,779 [NettyRpcService-workerGroup--thread3] INFO  server.RaftServer$Division (RaftServerImpl.java:requestVote(1476)) - s4@group-F860CA578C61 replies to PRE_VOTE vote request: s3<-s4#0:OK-t2. Peer's state: s4@group-F860CA578C61:t2, leader=null, voted=s0, raftlog=Memoized:s4@group-F860CA578C61-SegmentedRaftLog:OPENED:c2:last(t:2, i:2), conf=conf: {index: 1, cur=peers:[s3|localhost:15152, s4|localhost:15156, s0|localhost:15140, s1|localhost:15144, s2|localhost:15148]|listeners:[], old=null}
2024-10-11 15:03:09,780 [s3@group-F860CA578C61-LeaderElection20] INFO  impl.LeaderElection (LogUtils.java:infoOrTrace(136)) - s3@group-F860CA578C61-LeaderElection20 got exception when requesting votes: java.util.concurrent.ExecutionException: org.apache.ratis.thirdparty.io.netty.channel.AbstractChannel$AnnotatedConnectException: finishConnect(..) failed: Connection refused: localhost/127.0.0.1:15140
2024-10-11 15:03:09,780 [s3@group-F860CA578C61-LeaderElection20] INFO  impl.LeaderElection (LogUtils.java:infoOrTrace(136)) - s3@group-F860CA578C61-LeaderElection20 got exception when requesting votes: java.util.concurrent.ExecutionException: org.apache.ratis.thirdparty.io.netty.channel.AbstractChannel$AnnotatedConnectException: finishConnect(..) failed: Connection refused: localhost/127.0.0.1:15148
2024-10-11 15:03:09,802 [s4@group-F860CA578C61-LeaderElection19] INFO  impl.LeaderElection (LeaderElection.java:logAndReturn(90)) - s4@group-F860CA578C61-LeaderElection19: PRE_VOTE TIMEOUT received 1 response(s) and 2 exception(s):
2024-10-11 15:03:09,802 [s4@group-F860CA578C61-LeaderElection19] INFO  impl.LeaderElection (LeaderElection.java:logAndReturn(94)) -   Response 0: s4<-s3#0:OK-t2
2024-10-11 15:03:09,802 [s4@group-F860CA578C61-LeaderElection19] INFO  impl.LeaderElection (LogUtils.java:infoOrTrace(136)) -   Exception 1: java.util.concurrent.ExecutionException: org.apache.ratis.thirdparty.io.netty.channel.AbstractChannel$AnnotatedConnectException: finishConnect(..) failed: Connection refused: localhost/127.0.0.1:15140
2024-10-11 15:03:09,802 [s4@group-F860CA578C61-LeaderElection19] INFO  impl.LeaderElection (LogUtils.java:infoOrTrace(136)) -   Exception 2: java.util.concurrent.ExecutionException: org.apache.ratis.thirdparty.io.netty.channel.AbstractChannel$AnnotatedConnectException: finishConnect(..) failed: Connection refused: localhost/127.0.0.1:15148
2024-10-11 15:03:09,802 [s4@group-F860CA578C61-LeaderElection19] INFO  impl.LeaderElection (LeaderElection.java:askForVotes(339)) - s4@group-F860CA578C61-LeaderElection19 PRE_VOTE round 40: result TIMEOUT
2024-10-11 15:03:09,802 [s4@group-F860CA578C61-LeaderElection19] INFO  impl.LeaderElection (LeaderElection.java:askForVotes(337)) - s4@group-F860CA578C61-LeaderElection19 PRE_VOTE round 41: submit vote requests at term 2 for conf: {index: 1, cur=peers:[s3|localhost:15152, s4|localhost:15156, s0|localhost:15140, s1|localhost:15144, s2|localhost:15148]|listeners:[], old=null}
2024-10-11 15:03:09,802 [NettyRpcService-workerGroup--thread3] INFO  server.RaftServer$Division (RaftServerImpl.java:requestVote(1443)) - s3@group-F860CA578C61: receive requestVote(PRE_VOTE, s4, group-F860CA578C61, 2, (t:2, i:2))
2024-10-11 15:03:09,802 [NettyRpcService-workerGroup--thread3] INFO  impl.VoteContext (VoteContext.java:log(49)) - s3@group-F860CA578C61-CANDIDATE: accept PRE_VOTE from s4: our priority 0 <= candidate's priority 0
2024-10-11 15:03:09,803 [NettyRpcService-workerGroup--thread3] INFO  server.RaftServer$Division (RaftServerImpl.java:requestVote(1476)) - s3@group-F860CA578C61 replies to PRE_VOTE vote request: s4<-s3#0:OK-t2. Peer's state: s3@group-F860CA578C61:t2, leader=null, voted=s0, raftlog=Memoized:s3@group-F860CA578C61-SegmentedRaftLog:OPENED:c2:last(t:2, i:2), conf=conf: {index: 1, cur=peers:[s3|localhost:15152, s4|localhost:15156, s0|localhost:15140, s1|localhost:15144, s2|localhost:15148]|listeners:[], old=null}
2024-10-11 15:03:09,803 [s4@group-F860CA578C61-LeaderElection19] INFO  impl.LeaderElection (LogUtils.java:infoOrTrace(136)) - s4@group-F860CA578C61-LeaderElection19 got exception when requesting votes: java.util.concurrent.ExecutionException: org.apache.ratis.thirdparty.io.netty.channel.AbstractChannel$AnnotatedConnectException: finishConnect(..) failed: Connection refused: localhost/127.0.0.1:15140
2024-10-11 15:03:09,803 [s4@group-F860CA578C61-LeaderElection19] INFO  impl.LeaderElection (LogUtils.java:infoOrTrace(136)) - s4@group-F860CA578C61-LeaderElection19 got exception when requesting votes: java.util.concurrent.ExecutionException: org.apache.ratis.thirdparty.io.netty.channel.AbstractChannel$AnnotatedConnectException: finishConnect(..) failed: Connection refused: localhost/127.0.0.1:15148
2024-10-11 15:03:09,961 [s4@group-F860CA578C61-LeaderElection19] INFO  impl.LeaderElection (LeaderElection.java:logAndReturn(90)) - s4@group-F860CA578C61-LeaderElection19: PRE_VOTE TIMEOUT received 1 response(s) and 2 exception(s):
2024-10-11 15:03:09,962 [s4@group-F860CA578C61-LeaderElection19] INFO  impl.LeaderElection (LeaderElection.java:logAndReturn(94)) -   Response 0: s4<-s3#0:OK-t2
2024-10-11 15:03:09,962 [s4@group-F860CA578C61-LeaderElection19] INFO  impl.LeaderElection (LogUtils.java:infoOrTrace(136)) -   Exception 1: java.util.concurrent.ExecutionException: org.apache.ratis.thirdparty.io.netty.channel.AbstractChannel$AnnotatedConnectException: finishConnect(..) failed: Connection refused: localhost/127.0.0.1:15140
2024-10-11 15:03:09,962 [s4@group-F860CA578C61-LeaderElection19] INFO  impl.LeaderElection (LogUtils.java:infoOrTrace(136)) -   Exception 2: java.util.concurrent.ExecutionException: org.apache.ratis.thirdparty.io.netty.channel.AbstractChannel$AnnotatedConnectException: finishConnect(..) failed: Connection refused: localhost/127.0.0.1:15148
2024-10-11 15:03:09,962 [s4@group-F860CA578C61-LeaderElection19] INFO  impl.LeaderElection (LeaderElection.java:askForVotes(339)) - s4@group-F860CA578C61-LeaderElection19 PRE_VOTE round 41: result TIMEOUT
2024-10-11 15:03:09,962 [s4@group-F860CA578C61-LeaderElection19] INFO  impl.LeaderElection (LeaderElection.java:askForVotes(337)) - s4@group-F860CA578C61-LeaderElection19 PRE_VOTE round 42: submit vote requests at term 2 for conf: {index: 1, cur=peers:[s3|localhost:15152, s4|localhost:15156, s0|localhost:15140, s1|localhost:15144, s2|localhost:15148]|listeners:[], old=null}
2024-10-11 15:03:09,963 [NettyRpcService-workerGroup--thread3] INFO  server.RaftServer$Division (RaftServerImpl.java:requestVote(1443)) - s3@group-F860CA578C61: receive requestVote(PRE_VOTE, s4, group-F860CA578C61, 2, (t:2, i:2))
2024-10-11 15:03:09,963 [NettyRpcService-workerGroup--thread3] INFO  impl.VoteContext (VoteContext.java:log(49)) - s3@group-F860CA578C61-CANDIDATE: accept PRE_VOTE from s4: our priority 0 <= candidate's priority 0
2024-10-11 15:03:09,963 [NettyRpcService-workerGroup--thread3] INFO  server.RaftServer$Division (RaftServerImpl.java:requestVote(1476)) - s3@group-F860CA578C61 replies to PRE_VOTE vote request: s4<-s3#0:OK-t2. Peer's state: s3@group-F860CA578C61:t2, leader=null, voted=s0, raftlog=Memoized:s3@group-F860CA578C61-SegmentedRaftLog:OPENED:c2:last(t:2, i:2), conf=conf: {index: 1, cur=peers:[s3|localhost:15152, s4|localhost:15156, s0|localhost:15140, s1|localhost:15144, s2|localhost:15148]|listeners:[], old=null}
2024-10-11 15:03:09,963 [s4@group-F860CA578C61-LeaderElection19] INFO  impl.LeaderElection (LogUtils.java:infoOrTrace(136)) - s4@group-F860CA578C61-LeaderElection19 got exception when requesting votes: java.util.concurrent.ExecutionException: org.apache.ratis.thirdparty.io.netty.channel.AbstractChannel$AnnotatedConnectException: finishConnect(..) failed: Connection refused: localhost/127.0.0.1:15148
2024-10-11 15:03:09,963 [s4@group-F860CA578C61-LeaderElection19] INFO  impl.LeaderElection (LogUtils.java:infoOrTrace(136)) - s4@group-F860CA578C61-LeaderElection19 got exception when requesting votes: java.util.concurrent.ExecutionException: org.apache.ratis.thirdparty.io.netty.channel.AbstractChannel$AnnotatedConnectException: finishConnect(..) failed: Connection refused: localhost/127.0.0.1:15140
2024-10-11 15:03:09,977 [s3@group-F860CA578C61-LeaderElection20] INFO  impl.LeaderElection (LeaderElection.java:logAndReturn(90)) - s3@group-F860CA578C61-LeaderElection20: PRE_VOTE TIMEOUT received 1 response(s) and 2 exception(s):
2024-10-11 15:03:09,977 [s3@group-F860CA578C61-LeaderElection20] INFO  impl.LeaderElection (LeaderElection.java:logAndReturn(94)) -   Response 0: s3<-s4#0:OK-t2
2024-10-11 15:03:09,977 [s3@group-F860CA578C61-LeaderElection20] INFO  impl.LeaderElection (LogUtils.java:infoOrTrace(136)) -   Exception 1: java.util.concurrent.ExecutionException: org.apache.ratis.thirdparty.io.netty.channel.AbstractChannel$AnnotatedConnectException: finishConnect(..) failed: Connection refused: localhost/127.0.0.1:15140
2024-10-11 15:03:09,977 [s3@group-F860CA578C61-LeaderElection20] INFO  impl.LeaderElection (LogUtils.java:infoOrTrace(136)) -   Exception 2: java.util.concurrent.ExecutionException: org.apache.ratis.thirdparty.io.netty.channel.AbstractChannel$AnnotatedConnectException: finishConnect(..) failed: Connection refused: localhost/127.0.0.1:15148
2024-10-11 15:03:09,977 [s3@group-F860CA578C61-LeaderElection20] INFO  impl.LeaderElection (LeaderElection.java:askForVotes(339)) - s3@group-F860CA578C61-LeaderElection20 PRE_VOTE round 30: result TIMEOUT
2024-10-11 15:03:09,977 [s3@group-F860CA578C61-LeaderElection20] INFO  impl.LeaderElection (LeaderElection.java:askForVotes(337)) - s3@group-F860CA578C61-LeaderElection20 PRE_VOTE round 31: submit vote requests at term 2 for conf: {index: 1, cur=peers:[s3|localhost:15152, s4|localhost:15156, s0|localhost:15140, s1|localhost:15144, s2|localhost:15148]|listeners:[], old=null}
2024-10-11 15:03:09,978 [NettyRpcService-workerGroup--thread3] INFO  server.RaftServer$Division (RaftServerImpl.java:requestVote(1443)) - s4@group-F860CA578C61: receive requestVote(PRE_VOTE, s3, group-F860CA578C61, 2, (t:2, i:2))
2024-10-11 15:03:09,978 [NettyRpcService-workerGroup--thread3] INFO  impl.VoteContext (VoteContext.java:log(49)) - s4@group-F860CA578C61-CANDIDATE: accept PRE_VOTE from s3: our priority 0 <= candidate's priority 0
2024-10-11 15:03:09,978 [NettyRpcService-workerGroup--thread3] INFO  server.RaftServer$Division (RaftServerImpl.java:requestVote(1476)) - s4@group-F860CA578C61 replies to PRE_VOTE vote request: s3<-s4#0:OK-t2. Peer's state: s4@group-F860CA578C61:t2, leader=null, voted=s0, raftlog=Memoized:s4@group-F860CA578C61-SegmentedRaftLog:OPENED:c2:last(t:2, i:2), conf=conf: {index: 1, cur=peers:[s3|localhost:15152, s4|localhost:15156, s0|localhost:15140, s1|localhost:15144, s2|localhost:15148]|listeners:[], old=null}
2024-10-11 15:03:09,978 [s3@group-F860CA578C61-LeaderElection20] INFO  impl.LeaderElection (LogUtils.java:infoOrTrace(136)) - s3@group-F860CA578C61-LeaderElection20 got exception when requesting votes: java.util.concurrent.ExecutionException: org.apache.ratis.thirdparty.io.netty.channel.AbstractChannel$AnnotatedConnectException: finishConnect(..) failed: Connection refused: localhost/127.0.0.1:15148
2024-10-11 15:03:09,978 [s3@group-F860CA578C61-LeaderElection20] INFO  impl.LeaderElection (LogUtils.java:infoOrTrace(136)) - s3@group-F860CA578C61-LeaderElection20 got exception when requesting votes: java.util.concurrent.ExecutionException: org.apache.ratis.thirdparty.io.netty.channel.AbstractChannel$AnnotatedConnectException: finishConnect(..) failed: Connection refused: localhost/127.0.0.1:15140
2024-10-11 15:03:10,136 [s3@group-F860CA578C61-LeaderElection20] INFO  impl.LeaderElection (LeaderElection.java:logAndReturn(90)) - s3@group-F860CA578C61-LeaderElection20: PRE_VOTE TIMEOUT received 1 response(s) and 2 exception(s):
2024-10-11 15:03:10,136 [s3@group-F860CA578C61-LeaderElection20] INFO  impl.LeaderElection (LeaderElection.java:logAndReturn(94)) -   Response 0: s3<-s4#0:OK-t2
2024-10-11 15:03:10,136 [s3@group-F860CA578C61-LeaderElection20] INFO  impl.LeaderElection (LogUtils.java:infoOrTrace(136)) -   Exception 1: java.util.concurrent.ExecutionException: org.apache.ratis.thirdparty.io.netty.channel.AbstractChannel$AnnotatedConnectException: finishConnect(..) failed: Connection refused: localhost/127.0.0.1:15148
2024-10-11 15:03:10,136 [s3@group-F860CA578C61-LeaderElection20] INFO  impl.LeaderElection (LogUtils.java:infoOrTrace(136)) -   Exception 2: java.util.concurrent.ExecutionException: org.apache.ratis.thirdparty.io.netty.channel.AbstractChannel$AnnotatedConnectException: finishConnect(..) failed: Connection refused: localhost/127.0.0.1:15140
2024-10-11 15:03:10,136 [s3@group-F860CA578C61-LeaderElection20] INFO  impl.LeaderElection (LeaderElection.java:askForVotes(339)) - s3@group-F860CA578C61-LeaderElection20 PRE_VOTE round 31: result TIMEOUT
2024-10-11 15:03:10,136 [s3@group-F860CA578C61-LeaderElection20] INFO  impl.LeaderElection (LeaderElection.java:askForVotes(337)) - s3@group-F860CA578C61-LeaderElection20 PRE_VOTE round 32: submit vote requests at term 2 for conf: {index: 1, cur=peers:[s3|localhost:15152, s4|localhost:15156, s0|localhost:15140, s1|localhost:15144, s2|localhost:15148]|listeners:[], old=null}
2024-10-11 15:03:10,137 [NettyRpcService-workerGroup--thread3] INFO  server.RaftServer$Division (RaftServerImpl.java:requestVote(1443)) - s4@group-F860CA578C61: receive requestVote(PRE_VOTE, s3, group-F860CA578C61, 2, (t:2, i:2))
2024-10-11 15:03:10,137 [NettyRpcService-workerGroup--thread3] INFO  impl.VoteContext (VoteContext.java:log(49)) - s4@group-F860CA578C61-CANDIDATE: accept PRE_VOTE from s3: our priority 0 <= candidate's priority 0
2024-10-11 15:03:10,137 [NettyRpcService-workerGroup--thread3] INFO  server.RaftServer$Division (RaftServerImpl.java:requestVote(1476)) - s4@group-F860CA578C61 replies to PRE_VOTE vote request: s3<-s4#0:OK-t2. Peer's state: s4@group-F860CA578C61:t2, leader=null, voted=s0, raftlog=Memoized:s4@group-F860CA578C61-SegmentedRaftLog:OPENED:c2:last(t:2, i:2), conf=conf: {index: 1, cur=peers:[s3|localhost:15152, s4|localhost:15156, s0|localhost:15140, s1|localhost:15144, s2|localhost:15148]|listeners:[], old=null}
2024-10-11 15:03:10,137 [s3@group-F860CA578C61-LeaderElection20] INFO  impl.LeaderElection (LogUtils.java:infoOrTrace(136)) - s3@group-F860CA578C61-LeaderElection20 got exception when requesting votes: java.util.concurrent.ExecutionException: org.apache.ratis.thirdparty.io.netty.channel.AbstractChannel$AnnotatedConnectException: finishConnect(..) failed: Connection refused: localhost/127.0.0.1:15140
2024-10-11 15:03:10,138 [s3@group-F860CA578C61-LeaderElection20] INFO  impl.LeaderElection (LogUtils.java:infoOrTrace(136)) - s3@group-F860CA578C61-LeaderElection20 got exception when requesting votes: java.util.concurrent.ExecutionException: org.apache.ratis.thirdparty.io.netty.channel.AbstractChannel$AnnotatedConnectException: finishConnect(..) failed: Connection refused: localhost/127.0.0.1:15148
2024-10-11 15:03:10,189 [main] WARN  ratis.RaftTestUtil (RaftTestUtil.java:lambda$waitForLeader$3(126)) - Attempt #22 failed: java.lang.IllegalStateException: No leader yet : printing ALL groups
  s3:  RUNNING CANDIDATE s3@group-F860CA578C61:t2, leader=null, voted=s0, raftlog=Memoized:s3@group-F860CA578C61-SegmentedRaftLog:OPENED:c2:last(t:2, i:2), conf=conf: {index: 1, cur=peers:[s3|localhost:15152, s4|localhost:15156, s0|localhost:15140, s1|localhost:15144, s2|localhost:15148]|listeners:[], old=null} RUNNING
  s4:  RUNNING CANDIDATE s4@group-F860CA578C61:t2, leader=null, voted=s0, raftlog=Memoized:s4@group-F860CA578C61-SegmentedRaftLog:OPENED:c2:last(t:2, i:2), conf=conf: {index: 1, cur=peers:[s3|localhost:15152, s4|localhost:15156, s0|localhost:15140, s1|localhost:15144, s2|localhost:15148]|listeners:[], old=null} RUNNING
  s0:   CLOSED    LEADER s0@group-F860CA578C61:t2, leader=s0, voted=s0, raftlog=Memoized:s0@group-F860CA578C61-SegmentedRaftLog:CLOSED:c2, conf=conf: {index: 1, cur=peers:[s3|localhost:15152, s4|localhost:15156, s0|localhost:15140, s1|localhost:15144, s2|localhost:15148]|listeners:[], old=null} CLOSED
  s1:  RUNNING  FOLLOWER s1@group-F860CA578C61:t1, leader=null, voted=null, raftlog=Memoized:s1@group-F860CA578C61-SegmentedRaftLog:OPENED:c-1:lastnull, conf=conf: {index: -1, cur=peers:[s3|localhost:15152, s4|localhost:15156, s0|localhost:15140, s1|localhost:15144, s2|localhost:15148]|listeners:[], old=null} RUNNING
  s2:   CLOSED    LEADER s2@group-F860CA578C61:t1, leader=s2, voted=s2, raftlog=Memoized:s2@group-F860CA578C61-SegmentedRaftLog:CLOSED:c0, conf=conf: {index: 0, cur=peers:[s3|localhost:15152, s4|localhost:15156, s0|localhost:15140, s1|localhost:15144, s2|localhost:15148]|listeners:[], old=null} CLOSED
2024-10-11 15:03:10,191 [s4@group-F860CA578C61-LeaderElection19] INFO  impl.LeaderElection (LeaderElection.java:logAndReturn(90)) - s4@group-F860CA578C61-LeaderElection19: PRE_VOTE TIMEOUT received 1 response(s) and 2 exception(s):
2024-10-11 15:03:10,191 [s4@group-F860CA578C61-LeaderElection19] INFO  impl.LeaderElection (LeaderElection.java:logAndReturn(94)) -   Response 0: s4<-s3#0:OK-t2
2024-10-11 15:03:10,191 [s4@group-F860CA578C61-LeaderElection19] INFO  impl.LeaderElection (LogUtils.java:infoOrTrace(136)) -   Exception 1: java.util.concurrent.ExecutionException: org.apache.ratis.thirdparty.io.netty.channel.AbstractChannel$AnnotatedConnectException: finishConnect(..) failed: Connection refused: localhost/127.0.0.1:15148
2024-10-11 15:03:10,191 [s4@group-F860CA578C61-LeaderElection19] INFO  impl.LeaderElection (LogUtils.java:infoOrTrace(136)) -   Exception 2: java.util.concurrent.ExecutionException: org.apache.ratis.thirdparty.io.netty.channel.AbstractChannel$AnnotatedConnectException: finishConnect(..) failed: Connection refused: localhost/127.0.0.1:15140
2024-10-11 15:03:10,191 [s4@group-F860CA578C61-LeaderElection19] INFO  impl.LeaderElection (LeaderElection.java:askForVotes(339)) - s4@group-F860CA578C61-LeaderElection19 PRE_VOTE round 42: result TIMEOUT
2024-10-11 15:03:10,191 [s4@group-F860CA578C61-LeaderElection19] INFO  impl.LeaderElection (LeaderElection.java:askForVotes(337)) - s4@group-F860CA578C61-LeaderElection19 PRE_VOTE round 43: submit vote requests at term 2 for conf: {index: 1, cur=peers:[s3|localhost:15152, s4|localhost:15156, s0|localhost:15140, s1|localhost:15144, s2|localhost:15148]|listeners:[], old=null}
2024-10-11 15:03:10,192 [s4@group-F860CA578C61-LeaderElection19] INFO  impl.LeaderElection (LogUtils.java:infoOrTrace(136)) - s4@group-F860CA578C61-LeaderElection19 got exception when requesting votes: java.util.concurrent.ExecutionException: org.apache.ratis.thirdparty.io.netty.channel.AbstractChannel$AnnotatedConnectException: finishConnect(..) failed: Connection refused: localhost/127.0.0.1:15148
2024-10-11 15:03:10,192 [NettyRpcService-workerGroup--thread3] INFO  server.RaftServer$Division (RaftServerImpl.java:requestVote(1443)) - s3@group-F860CA578C61: receive requestVote(PRE_VOTE, s4, group-F860CA578C61, 2, (t:2, i:2))
2024-10-11 15:03:10,193 [NettyRpcService-workerGroup--thread3] INFO  impl.VoteContext (VoteContext.java:log(49)) - s3@group-F860CA578C61-CANDIDATE: accept PRE_VOTE from s4: our priority 0 <= candidate's priority 0
2024-10-11 15:03:10,193 [s4@group-F860CA578C61-LeaderElection19] INFO  impl.LeaderElection (LogUtils.java:infoOrTrace(136)) - s4@group-F860CA578C61-LeaderElection19 got exception when requesting votes: java.util.concurrent.ExecutionException: org.apache.ratis.thirdparty.io.netty.channel.AbstractChannel$AnnotatedConnectException: finishConnect(..) failed: Connection refused: localhost/127.0.0.1:15140
2024-10-11 15:03:10,193 [NettyRpcService-workerGroup--thread3] INFO  server.RaftServer$Division (RaftServerImpl.java:requestVote(1476)) - s3@group-F860CA578C61 replies to PRE_VOTE vote request: s4<-s3#0:OK-t2. Peer's state: s3@group-F860CA578C61:t2, leader=null, voted=s0, raftlog=Memoized:s3@group-F860CA578C61-SegmentedRaftLog:OPENED:c2:last(t:2, i:2), conf=conf: {index: 1, cur=peers:[s3|localhost:15152, s4|localhost:15156, s0|localhost:15140, s1|localhost:15144, s2|localhost:15148]|listeners:[], old=null}
2024-10-11 15:03:10,334 [s3@group-F860CA578C61-LeaderElection20] INFO  impl.LeaderElection (LeaderElection.java:logAndReturn(90)) - s3@group-F860CA578C61-LeaderElection20: PRE_VOTE TIMEOUT received 1 response(s) and 2 exception(s):
2024-10-11 15:03:10,334 [s3@group-F860CA578C61-LeaderElection20] INFO  impl.LeaderElection (LeaderElection.java:logAndReturn(94)) -   Response 0: s3<-s4#0:OK-t2
2024-10-11 15:03:10,334 [s3@group-F860CA578C61-LeaderElection20] INFO  impl.LeaderElection (LogUtils.java:infoOrTrace(136)) -   Exception 1: java.util.concurrent.ExecutionException: org.apache.ratis.thirdparty.io.netty.channel.AbstractChannel$AnnotatedConnectException: finishConnect(..) failed: Connection refused: localhost/127.0.0.1:15140
2024-10-11 15:03:10,334 [s3@group-F860CA578C61-LeaderElection20] INFO  impl.LeaderElection (LogUtils.java:infoOrTrace(136)) -   Exception 2: java.util.concurrent.ExecutionException: org.apache.ratis.thirdparty.io.netty.channel.AbstractChannel$AnnotatedConnectException: finishConnect(..) failed: Connection refused: localhost/127.0.0.1:15148
2024-10-11 15:03:10,334 [s3@group-F860CA578C61-LeaderElection20] INFO  impl.LeaderElection (LeaderElection.java:askForVotes(339)) - s3@group-F860CA578C61-LeaderElection20 PRE_VOTE round 32: result TIMEOUT
2024-10-11 15:03:10,334 [s3@group-F860CA578C61-LeaderElection20] INFO  impl.LeaderElection (LeaderElection.java:askForVotes(337)) - s3@group-F860CA578C61-LeaderElection20 PRE_VOTE round 33: submit vote requests at term 2 for conf: {index: 1, cur=peers:[s3|localhost:15152, s4|localhost:15156, s0|localhost:15140, s1|localhost:15144, s2|localhost:15148]|listeners:[], old=null}
2024-10-11 15:03:10,335 [NettyRpcService-workerGroup--thread3] INFO  server.RaftServer$Division (RaftServerImpl.java:requestVote(1443)) - s4@group-F860CA578C61: receive requestVote(PRE_VOTE, s3, group-F860CA578C61, 2, (t:2, i:2))
2024-10-11 15:03:10,335 [NettyRpcService-workerGroup--thread3] INFO  impl.VoteContext (VoteContext.java:log(49)) - s4@group-F860CA578C61-CANDIDATE: accept PRE_VOTE from s3: our priority 0 <= candidate's priority 0
2024-10-11 15:03:10,335 [NettyRpcService-workerGroup--thread3] INFO  server.RaftServer$Division (RaftServerImpl.java:requestVote(1476)) - s4@group-F860CA578C61 replies to PRE_VOTE vote request: s3<-s4#0:OK-t2. Peer's state: s4@group-F860CA578C61:t2, leader=null, voted=s0, raftlog=Memoized:s4@group-F860CA578C61-SegmentedRaftLog:OPENED:c2:last(t:2, i:2), conf=conf: {index: 1, cur=peers:[s3|localhost:15152, s4|localhost:15156, s0|localhost:15140, s1|localhost:15144, s2|localhost:15148]|listeners:[], old=null}
2024-10-11 15:03:10,336 [s3@group-F860CA578C61-LeaderElection20] INFO  impl.LeaderElection (LogUtils.java:infoOrTrace(136)) - s3@group-F860CA578C61-LeaderElection20 got exception when requesting votes: java.util.concurrent.ExecutionException: org.apache.ratis.thirdparty.io.netty.channel.AbstractChannel$AnnotatedConnectException: finishConnect(..) failed: Connection refused: localhost/127.0.0.1:15148
2024-10-11 15:03:10,336 [s3@group-F860CA578C61-LeaderElection20] INFO  impl.LeaderElection (LogUtils.java:infoOrTrace(136)) - s3@group-F860CA578C61-LeaderElection20 got exception when requesting votes: java.util.concurrent.ExecutionException: org.apache.ratis.thirdparty.io.netty.channel.AbstractChannel$AnnotatedConnectException: finishConnect(..) failed: Connection refused: localhost/127.0.0.1:15140
2024-10-11 15:03:10,420 [s4@group-F860CA578C61-LeaderElection19] INFO  impl.LeaderElection (LeaderElection.java:logAndReturn(90)) - s4@group-F860CA578C61-LeaderElection19: PRE_VOTE TIMEOUT received 1 response(s) and 2 exception(s):
2024-10-11 15:03:10,420 [s4@group-F860CA578C61-LeaderElection19] INFO  impl.LeaderElection (LeaderElection.java:logAndReturn(94)) -   Response 0: s4<-s3#0:OK-t2
2024-10-11 15:03:10,420 [s4@group-F860CA578C61-LeaderElection19] INFO  impl.LeaderElection (LogUtils.java:infoOrTrace(136)) -   Exception 1: java.util.concurrent.ExecutionException: org.apache.ratis.thirdparty.io.netty.channel.AbstractChannel$AnnotatedConnectException: finishConnect(..) failed: Connection refused: localhost/127.0.0.1:15148
2024-10-11 15:03:10,420 [s4@group-F860CA578C61-LeaderElection19] INFO  impl.LeaderElection (LogUtils.java:infoOrTrace(136)) -   Exception 2: java.util.concurrent.ExecutionException: org.apache.ratis.thirdparty.io.netty.channel.AbstractChannel$AnnotatedConnectException: finishConnect(..) failed: Connection refused: localhost/127.0.0.1:15140
2024-10-11 15:03:10,420 [s4@group-F860CA578C61-LeaderElection19] INFO  impl.LeaderElection (LeaderElection.java:askForVotes(339)) - s4@group-F860CA578C61-LeaderElection19 PRE_VOTE round 43: result TIMEOUT
2024-10-11 15:03:10,420 [s4@group-F860CA578C61-LeaderElection19] INFO  impl.LeaderElection (LeaderElection.java:askForVotes(337)) - s4@group-F860CA578C61-LeaderElection19 PRE_VOTE round 44: submit vote requests at term 2 for conf: {index: 1, cur=peers:[s3|localhost:15152, s4|localhost:15156, s0|localhost:15140, s1|localhost:15144, s2|localhost:15148]|listeners:[], old=null}
2024-10-11 15:03:10,421 [NettyRpcService-workerGroup--thread3] INFO  server.RaftServer$Division (RaftServerImpl.java:requestVote(1443)) - s3@group-F860CA578C61: receive requestVote(PRE_VOTE, s4, group-F860CA578C61, 2, (t:2, i:2))
2024-10-11 15:03:10,421 [NettyRpcService-workerGroup--thread3] INFO  impl.VoteContext (VoteContext.java:log(49)) - s3@group-F860CA578C61-CANDIDATE: accept PRE_VOTE from s4: our priority 0 <= candidate's priority 0
2024-10-11 15:03:10,421 [NettyRpcService-workerGroup--thread3] INFO  server.RaftServer$Division (RaftServerImpl.java:requestVote(1476)) - s3@group-F860CA578C61 replies to PRE_VOTE vote request: s4<-s3#0:OK-t2. Peer's state: s3@group-F860CA578C61:t2, leader=null, voted=s0, raftlog=Memoized:s3@group-F860CA578C61-SegmentedRaftLog:OPENED:c2:last(t:2, i:2), conf=conf: {index: 1, cur=peers:[s3|localhost:15152, s4|localhost:15156, s0|localhost:15140, s1|localhost:15144, s2|localhost:15148]|listeners:[], old=null}
2024-10-11 15:03:10,421 [s4@group-F860CA578C61-LeaderElection19] INFO  impl.LeaderElection (LogUtils.java:infoOrTrace(136)) - s4@group-F860CA578C61-LeaderElection19 got exception when requesting votes: java.util.concurrent.ExecutionException: org.apache.ratis.thirdparty.io.netty.channel.AbstractChannel$AnnotatedConnectException: finishConnect(..) failed: Connection refused: localhost/127.0.0.1:15140
2024-10-11 15:03:10,421 [s4@group-F860CA578C61-LeaderElection19] INFO  impl.LeaderElection (LogUtils.java:infoOrTrace(136)) - s4@group-F860CA578C61-LeaderElection19 got exception when requesting votes: java.util.concurrent.ExecutionException: org.apache.ratis.thirdparty.io.netty.channel.AbstractChannel$AnnotatedConnectException: finishConnect(..) failed: Connection refused: localhost/127.0.0.1:15148
2024-10-11 15:03:10,591 [s3@group-F860CA578C61-LeaderElection20] INFO  impl.LeaderElection (LeaderElection.java:logAndReturn(90)) - s3@group-F860CA578C61-LeaderElection20: PRE_VOTE TIMEOUT received 1 response(s) and 2 exception(s):
2024-10-11 15:03:10,591 [s3@group-F860CA578C61-LeaderElection20] INFO  impl.LeaderElection (LeaderElection.java:logAndReturn(94)) -   Response 0: s3<-s4#0:OK-t2
2024-10-11 15:03:10,591 [s3@group-F860CA578C61-LeaderElection20] INFO  impl.LeaderElection (LogUtils.java:infoOrTrace(136)) -   Exception 1: java.util.concurrent.ExecutionException: org.apache.ratis.thirdparty.io.netty.channel.AbstractChannel$AnnotatedConnectException: finishConnect(..) failed: Connection refused: localhost/127.0.0.1:15148
2024-10-11 15:03:10,591 [s3@group-F860CA578C61-LeaderElection20] INFO  impl.LeaderElection (LogUtils.java:infoOrTrace(136)) -   Exception 2: java.util.concurrent.ExecutionException: org.apache.ratis.thirdparty.io.netty.channel.AbstractChannel$AnnotatedConnectException: finishConnect(..) failed: Connection refused: localhost/127.0.0.1:15140
2024-10-11 15:03:10,591 [s3@group-F860CA578C61-LeaderElection20] INFO  impl.LeaderElection (LeaderElection.java:askForVotes(339)) - s3@group-F860CA578C61-LeaderElection20 PRE_VOTE round 33: result TIMEOUT
2024-10-11 15:03:10,591 [s3@group-F860CA578C61-LeaderElection20] INFO  impl.LeaderElection (LeaderElection.java:askForVotes(337)) - s3@group-F860CA578C61-LeaderElection20 PRE_VOTE round 34: submit vote requests at term 2 for conf: {index: 1, cur=peers:[s3|localhost:15152, s4|localhost:15156, s0|localhost:15140, s1|localhost:15144, s2|localhost:15148]|listeners:[], old=null}
2024-10-11 15:03:10,592 [NettyRpcService-workerGroup--thread3] INFO  server.RaftServer$Division (RaftServerImpl.java:requestVote(1443)) - s4@group-F860CA578C61: receive requestVote(PRE_VOTE, s3, group-F860CA578C61, 2, (t:2, i:2))
2024-10-11 15:03:10,592 [NettyRpcService-workerGroup--thread3] INFO  impl.VoteContext (VoteContext.java:log(49)) - s4@group-F860CA578C61-CANDIDATE: accept PRE_VOTE from s3: our priority 0 <= candidate's priority 0
2024-10-11 15:03:10,592 [s3@group-F860CA578C61-LeaderElection20] INFO  impl.LeaderElection (LogUtils.java:infoOrTrace(136)) - s3@group-F860CA578C61-LeaderElection20 got exception when requesting votes: java.util.concurrent.ExecutionException: org.apache.ratis.thirdparty.io.netty.channel.AbstractChannel$AnnotatedConnectException: finishConnect(..) failed: Connection refused: localhost/127.0.0.1:15148
2024-10-11 15:03:10,593 [s3@group-F860CA578C61-LeaderElection20] INFO  impl.LeaderElection (LogUtils.java:infoOrTrace(136)) - s3@group-F860CA578C61-LeaderElection20 got exception when requesting votes: java.util.concurrent.ExecutionException: org.apache.ratis.thirdparty.io.netty.channel.AbstractChannel$AnnotatedConnectException: finishConnect(..) failed: Connection refused: localhost/127.0.0.1:15140
2024-10-11 15:03:10,592 [NettyRpcService-workerGroup--thread3] INFO  server.RaftServer$Division (RaftServerImpl.java:requestVote(1476)) - s4@group-F860CA578C61 replies to PRE_VOTE vote request: s3<-s4#0:OK-t2. Peer's state: s4@group-F860CA578C61:t2, leader=null, voted=s0, raftlog=Memoized:s4@group-F860CA578C61-SegmentedRaftLog:OPENED:c2:last(t:2, i:2), conf=conf: {index: 1, cur=peers:[s3|localhost:15152, s4|localhost:15156, s0|localhost:15140, s1|localhost:15144, s2|localhost:15148]|listeners:[], old=null}
2024-10-11 15:03:10,602 [s4@group-F860CA578C61-LeaderElection19] INFO  impl.LeaderElection (LeaderElection.java:logAndReturn(90)) - s4@group-F860CA578C61-LeaderElection19: PRE_VOTE TIMEOUT received 1 response(s) and 2 exception(s):
2024-10-11 15:03:10,602 [s4@group-F860CA578C61-LeaderElection19] INFO  impl.LeaderElection (LeaderElection.java:logAndReturn(94)) -   Response 0: s4<-s3#0:OK-t2
2024-10-11 15:03:10,602 [s4@group-F860CA578C61-LeaderElection19] INFO  impl.LeaderElection (LogUtils.java:infoOrTrace(136)) -   Exception 1: java.util.concurrent.ExecutionException: org.apache.ratis.thirdparty.io.netty.channel.AbstractChannel$AnnotatedConnectException: finishConnect(..) failed: Connection refused: localhost/127.0.0.1:15140
2024-10-11 15:03:10,602 [s4@group-F860CA578C61-LeaderElection19] INFO  impl.LeaderElection (LogUtils.java:infoOrTrace(136)) -   Exception 2: java.util.concurrent.ExecutionException: org.apache.ratis.thirdparty.io.netty.channel.AbstractChannel$AnnotatedConnectException: finishConnect(..) failed: Connection refused: localhost/127.0.0.1:15148
2024-10-11 15:03:10,602 [s4@group-F860CA578C61-LeaderElection19] INFO  impl.LeaderElection (LeaderElection.java:askForVotes(339)) - s4@group-F860CA578C61-LeaderElection19 PRE_VOTE round 44: result TIMEOUT
2024-10-11 15:03:10,602 [s4@group-F860CA578C61-LeaderElection19] INFO  impl.LeaderElection (LeaderElection.java:askForVotes(337)) - s4@group-F860CA578C61-LeaderElection19 PRE_VOTE round 45: submit vote requests at term 2 for conf: {index: 1, cur=peers:[s3|localhost:15152, s4|localhost:15156, s0|localhost:15140, s1|localhost:15144, s2|localhost:15148]|listeners:[], old=null}
2024-10-11 15:03:10,603 [NettyRpcService-workerGroup--thread3] INFO  server.RaftServer$Division (RaftServerImpl.java:requestVote(1443)) - s3@group-F860CA578C61: receive requestVote(PRE_VOTE, s4, group-F860CA578C61, 2, (t:2, i:2))
2024-10-11 15:03:10,603 [NettyRpcService-workerGroup--thread3] INFO  impl.VoteContext (VoteContext.java:log(49)) - s3@group-F860CA578C61-CANDIDATE: accept PRE_VOTE from s4: our priority 0 <= candidate's priority 0
2024-10-11 15:03:10,603 [NettyRpcService-workerGroup--thread3] INFO  server.RaftServer$Division (RaftServerImpl.java:requestVote(1476)) - s3@group-F860CA578C61 replies to PRE_VOTE vote request: s4<-s3#0:OK-t2. Peer's state: s3@group-F860CA578C61:t2, leader=null, voted=s0, raftlog=Memoized:s3@group-F860CA578C61-SegmentedRaftLog:OPENED:c2:last(t:2, i:2), conf=conf: {index: 1, cur=peers:[s3|localhost:15152, s4|localhost:15156, s0|localhost:15140, s1|localhost:15144, s2|localhost:15148]|listeners:[], old=null}
2024-10-11 15:03:10,603 [s4@group-F860CA578C61-LeaderElection19] INFO  impl.LeaderElection (LogUtils.java:infoOrTrace(136)) - s4@group-F860CA578C61-LeaderElection19 got exception when requesting votes: java.util.concurrent.ExecutionException: org.apache.ratis.thirdparty.io.netty.channel.AbstractChannel$AnnotatedConnectException: finishConnect(..) failed: Connection refused: localhost/127.0.0.1:15140
2024-10-11 15:03:10,603 [s4@group-F860CA578C61-LeaderElection19] INFO  impl.LeaderElection (LogUtils.java:infoOrTrace(136)) - s4@group-F860CA578C61-LeaderElection19 got exception when requesting votes: java.util.concurrent.ExecutionException: org.apache.ratis.thirdparty.io.netty.channel.AbstractChannel$AnnotatedConnectException: finishConnect(..) failed: Connection refused: localhost/127.0.0.1:15148
2024-10-11 15:03:10,639 [main] WARN  ratis.RaftTestUtil (RaftTestUtil.java:lambda$waitForLeader$3(126)) - Attempt #23 failed: java.lang.IllegalStateException: No leader yet : printing ALL groups
  s3:  RUNNING CANDIDATE s3@group-F860CA578C61:t2, leader=null, voted=s0, raftlog=Memoized:s3@group-F860CA578C61-SegmentedRaftLog:OPENED:c2:last(t:2, i:2), conf=conf: {index: 1, cur=peers:[s3|localhost:15152, s4|localhost:15156, s0|localhost:15140, s1|localhost:15144, s2|localhost:15148]|listeners:[], old=null} RUNNING
  s4:  RUNNING CANDIDATE s4@group-F860CA578C61:t2, leader=null, voted=s0, raftlog=Memoized:s4@group-F860CA578C61-SegmentedRaftLog:OPENED:c2:last(t:2, i:2), conf=conf: {index: 1, cur=peers:[s3|localhost:15152, s4|localhost:15156, s0|localhost:15140, s1|localhost:15144, s2|localhost:15148]|listeners:[], old=null} RUNNING
  s0:   CLOSED    LEADER s0@group-F860CA578C61:t2, leader=s0, voted=s0, raftlog=Memoized:s0@group-F860CA578C61-SegmentedRaftLog:CLOSED:c2, conf=conf: {index: 1, cur=peers:[s3|localhost:15152, s4|localhost:15156, s0|localhost:15140, s1|localhost:15144, s2|localhost:15148]|listeners:[], old=null} CLOSED
  s1:  RUNNING  FOLLOWER s1@group-F860CA578C61:t1, leader=null, voted=null, raftlog=Memoized:s1@group-F860CA578C61-SegmentedRaftLog:OPENED:c-1:lastnull, conf=conf: {index: -1, cur=peers:[s3|localhost:15152, s4|localhost:15156, s0|localhost:15140, s1|localhost:15144, s2|localhost:15148]|listeners:[], old=null} RUNNING
  s2:   CLOSED    LEADER s2@group-F860CA578C61:t1, leader=s2, voted=s2, raftlog=Memoized:s2@group-F860CA578C61-SegmentedRaftLog:CLOSED:c0, conf=conf: {index: 0, cur=peers:[s3|localhost:15152, s4|localhost:15156, s0|localhost:15140, s1|localhost:15144, s2|localhost:15148]|listeners:[], old=null} CLOSED
2024-10-11 15:03:10,771 [s4@group-F860CA578C61-LeaderElection19] INFO  impl.LeaderElection (LeaderElection.java:logAndReturn(90)) - s4@group-F860CA578C61-LeaderElection19: PRE_VOTE TIMEOUT received 1 response(s) and 2 exception(s):
2024-10-11 15:03:10,771 [s4@group-F860CA578C61-LeaderElection19] INFO  impl.LeaderElection (LeaderElection.java:logAndReturn(94)) -   Response 0: s4<-s3#0:OK-t2
2024-10-11 15:03:10,771 [s4@group-F860CA578C61-LeaderElection19] INFO  impl.LeaderElection (LogUtils.java:infoOrTrace(136)) -   Exception 1: java.util.concurrent.ExecutionException: org.apache.ratis.thirdparty.io.netty.channel.AbstractChannel$AnnotatedConnectException: finishConnect(..) failed: Connection refused: localhost/127.0.0.1:15140
2024-10-11 15:03:10,771 [s4@group-F860CA578C61-LeaderElection19] INFO  impl.LeaderElection (LogUtils.java:infoOrTrace(136)) -   Exception 2: java.util.concurrent.ExecutionException: org.apache.ratis.thirdparty.io.netty.channel.AbstractChannel$AnnotatedConnectException: finishConnect(..) failed: Connection refused: localhost/127.0.0.1:15148
2024-10-11 15:03:10,771 [s4@group-F860CA578C61-LeaderElection19] INFO  impl.LeaderElection (LeaderElection.java:askForVotes(339)) - s4@group-F860CA578C61-LeaderElection19 PRE_VOTE round 45: result TIMEOUT
2024-10-11 15:03:10,771 [s4@group-F860CA578C61-LeaderElection19] INFO  impl.LeaderElection (LeaderElection.java:askForVotes(337)) - s4@group-F860CA578C61-LeaderElection19 PRE_VOTE round 46: submit vote requests at term 2 for conf: {index: 1, cur=peers:[s3|localhost:15152, s4|localhost:15156, s0|localhost:15140, s1|localhost:15144, s2|localhost:15148]|listeners:[], old=null}
2024-10-11 15:03:10,772 [NettyRpcService-workerGroup--thread3] INFO  server.RaftServer$Division (RaftServerImpl.java:requestVote(1443)) - s3@group-F860CA578C61: receive requestVote(PRE_VOTE, s4, group-F860CA578C61, 2, (t:2, i:2))
2024-10-11 15:03:10,772 [NettyRpcService-workerGroup--thread3] INFO  impl.VoteContext (VoteContext.java:log(49)) - s3@group-F860CA578C61-CANDIDATE: accept PRE_VOTE from s4: our priority 0 <= candidate's priority 0
2024-10-11 15:03:10,772 [NettyRpcService-workerGroup--thread3] INFO  server.RaftServer$Division (RaftServerImpl.java:requestVote(1476)) - s3@group-F860CA578C61 replies to PRE_VOTE vote request: s4<-s3#0:OK-t2. Peer's state: s3@group-F860CA578C61:t2, leader=null, voted=s0, raftlog=Memoized:s3@group-F860CA578C61-SegmentedRaftLog:OPENED:c2:last(t:2, i:2), conf=conf: {index: 1, cur=peers:[s3|localhost:15152, s4|localhost:15156, s0|localhost:15140, s1|localhost:15144, s2|localhost:15148]|listeners:[], old=null}
2024-10-11 15:03:10,772 [s4@group-F860CA578C61-LeaderElection19] INFO  impl.LeaderElection (LogUtils.java:infoOrTrace(136)) - s4@group-F860CA578C61-LeaderElection19 got exception when requesting votes: java.util.concurrent.ExecutionException: org.apache.ratis.thirdparty.io.netty.channel.AbstractChannel$AnnotatedConnectException: finishConnect(..) failed: Connection refused: localhost/127.0.0.1:15140
2024-10-11 15:03:10,772 [s4@group-F860CA578C61-LeaderElection19] INFO  impl.LeaderElection (LogUtils.java:infoOrTrace(136)) - s4@group-F860CA578C61-LeaderElection19 got exception when requesting votes: java.util.concurrent.ExecutionException: org.apache.ratis.thirdparty.io.netty.channel.AbstractChannel$AnnotatedConnectException: finishConnect(..) failed: Connection refused: localhost/127.0.0.1:15148
2024-10-11 15:03:10,859 [s3@group-F860CA578C61-LeaderElection20] INFO  impl.LeaderElection (LeaderElection.java:logAndReturn(90)) - s3@group-F860CA578C61-LeaderElection20: PRE_VOTE TIMEOUT received 1 response(s) and 2 exception(s):
2024-10-11 15:03:10,859 [s3@group-F860CA578C61-LeaderElection20] INFO  impl.LeaderElection (LeaderElection.java:logAndReturn(94)) -   Response 0: s3<-s4#0:OK-t2
2024-10-11 15:03:10,859 [s3@group-F860CA578C61-LeaderElection20] INFO  impl.LeaderElection (LogUtils.java:infoOrTrace(136)) -   Exception 1: java.util.concurrent.ExecutionException: org.apache.ratis.thirdparty.io.netty.channel.AbstractChannel$AnnotatedConnectException: finishConnect(..) failed: Connection refused: localhost/127.0.0.1:15148
2024-10-11 15:03:10,859 [s3@group-F860CA578C61-LeaderElection20] INFO  impl.LeaderElection (LogUtils.java:infoOrTrace(136)) -   Exception 2: java.util.concurrent.ExecutionException: org.apache.ratis.thirdparty.io.netty.channel.AbstractChannel$AnnotatedConnectException: finishConnect(..) failed: Connection refused: localhost/127.0.0.1:15140
2024-10-11 15:03:10,859 [s3@group-F860CA578C61-LeaderElection20] INFO  impl.LeaderElection (LeaderElection.java:askForVotes(339)) - s3@group-F860CA578C61-LeaderElection20 PRE_VOTE round 34: result TIMEOUT
2024-10-11 15:03:10,859 [s3@group-F860CA578C61-LeaderElection20] INFO  impl.LeaderElection (LeaderElection.java:askForVotes(337)) - s3@group-F860CA578C61-LeaderElection20 PRE_VOTE round 35: submit vote requests at term 2 for conf: {index: 1, cur=peers:[s3|localhost:15152, s4|localhost:15156, s0|localhost:15140, s1|localhost:15144, s2|localhost:15148]|listeners:[], old=null}
2024-10-11 15:03:10,860 [NettyRpcService-workerGroup--thread3] INFO  server.RaftServer$Division (RaftServerImpl.java:requestVote(1443)) - s4@group-F860CA578C61: receive requestVote(PRE_VOTE, s3, group-F860CA578C61, 2, (t:2, i:2))
2024-10-11 15:03:10,860 [NettyRpcService-workerGroup--thread3] INFO  impl.VoteContext (VoteContext.java:log(49)) - s4@group-F860CA578C61-CANDIDATE: accept PRE_VOTE from s3: our priority 0 <= candidate's priority 0
2024-10-11 15:03:10,860 [NettyRpcService-workerGroup--thread3] INFO  server.RaftServer$Division (RaftServerImpl.java:requestVote(1476)) - s4@group-F860CA578C61 replies to PRE_VOTE vote request: s3<-s4#0:OK-t2. Peer's state: s4@group-F860CA578C61:t2, leader=null, voted=s0, raftlog=Memoized:s4@group-F860CA578C61-SegmentedRaftLog:OPENED:c2:last(t:2, i:2), conf=conf: {index: 1, cur=peers:[s3|localhost:15152, s4|localhost:15156, s0|localhost:15140, s1|localhost:15144, s2|localhost:15148]|listeners:[], old=null}
2024-10-11 15:03:10,860 [s3@group-F860CA578C61-LeaderElection20] INFO  impl.LeaderElection (LogUtils.java:infoOrTrace(136)) - s3@group-F860CA578C61-LeaderElection20 got exception when requesting votes: java.util.concurrent.ExecutionException: org.apache.ratis.thirdparty.io.netty.channel.AbstractChannel$AnnotatedConnectException: finishConnect(..) failed: Connection refused: localhost/127.0.0.1:15140
2024-10-11 15:03:10,861 [s3@group-F860CA578C61-LeaderElection20] INFO  impl.LeaderElection (LogUtils.java:infoOrTrace(136)) - s3@group-F860CA578C61-LeaderElection20 got exception when requesting votes: java.util.concurrent.ExecutionException: org.apache.ratis.thirdparty.io.netty.channel.AbstractChannel$AnnotatedConnectException: finishConnect(..) failed: Connection refused: localhost/127.0.0.1:15148
2024-10-11 15:03:11,036 [s4@group-F860CA578C61-LeaderElection19] INFO  impl.LeaderElection (LeaderElection.java:logAndReturn(90)) - s4@group-F860CA578C61-LeaderElection19: PRE_VOTE TIMEOUT received 1 response(s) and 2 exception(s):
2024-10-11 15:03:11,036 [s4@group-F860CA578C61-LeaderElection19] INFO  impl.LeaderElection (LeaderElection.java:logAndReturn(94)) -   Response 0: s4<-s3#0:OK-t2
2024-10-11 15:03:11,036 [s4@group-F860CA578C61-LeaderElection19] INFO  impl.LeaderElection (LogUtils.java:infoOrTrace(136)) -   Exception 1: java.util.concurrent.ExecutionException: org.apache.ratis.thirdparty.io.netty.channel.AbstractChannel$AnnotatedConnectException: finishConnect(..) failed: Connection refused: localhost/127.0.0.1:15140
2024-10-11 15:03:11,036 [s4@group-F860CA578C61-LeaderElection19] INFO  impl.LeaderElection (LogUtils.java:infoOrTrace(136)) -   Exception 2: java.util.concurrent.ExecutionException: org.apache.ratis.thirdparty.io.netty.channel.AbstractChannel$AnnotatedConnectException: finishConnect(..) failed: Connection refused: localhost/127.0.0.1:15148
2024-10-11 15:03:11,036 [s4@group-F860CA578C61-LeaderElection19] INFO  impl.LeaderElection (LeaderElection.java:askForVotes(339)) - s4@group-F860CA578C61-LeaderElection19 PRE_VOTE round 46: result TIMEOUT
2024-10-11 15:03:11,036 [s4@group-F860CA578C61-LeaderElection19] INFO  impl.LeaderElection (LeaderElection.java:askForVotes(337)) - s4@group-F860CA578C61-LeaderElection19 PRE_VOTE round 47: submit vote requests at term 2 for conf: {index: 1, cur=peers:[s3|localhost:15152, s4|localhost:15156, s0|localhost:15140, s1|localhost:15144, s2|localhost:15148]|listeners:[], old=null}
2024-10-11 15:03:11,037 [NettyRpcService-workerGroup--thread3] INFO  server.RaftServer$Division (RaftServerImpl.java:requestVote(1443)) - s3@group-F860CA578C61: receive requestVote(PRE_VOTE, s4, group-F860CA578C61, 2, (t:2, i:2))
2024-10-11 15:03:11,037 [NettyRpcService-workerGroup--thread3] INFO  impl.VoteContext (VoteContext.java:log(49)) - s3@group-F860CA578C61-CANDIDATE: accept PRE_VOTE from s4: our priority 0 <= candidate's priority 0
2024-10-11 15:03:11,037 [NettyRpcService-workerGroup--thread3] INFO  server.RaftServer$Division (RaftServerImpl.java:requestVote(1476)) - s3@group-F860CA578C61 replies to PRE_VOTE vote request: s4<-s3#0:OK-t2. Peer's state: s3@group-F860CA578C61:t2, leader=null, voted=s0, raftlog=Memoized:s3@group-F860CA578C61-SegmentedRaftLog:OPENED:c2:last(t:2, i:2), conf=conf: {index: 1, cur=peers:[s3|localhost:15152, s4|localhost:15156, s0|localhost:15140, s1|localhost:15144, s2|localhost:15148]|listeners:[], old=null}
2024-10-11 15:03:11,038 [s4@group-F860CA578C61-LeaderElection19] INFO  impl.LeaderElection (LogUtils.java:infoOrTrace(136)) - s4@group-F860CA578C61-LeaderElection19 got exception when requesting votes: java.util.concurrent.ExecutionException: org.apache.ratis.thirdparty.io.netty.channel.AbstractChannel$AnnotatedConnectException: finishConnect(..) failed: Connection refused: localhost/127.0.0.1:15140
2024-10-11 15:03:11,038 [s4@group-F860CA578C61-LeaderElection19] INFO  impl.LeaderElection (LogUtils.java:infoOrTrace(136)) - s4@group-F860CA578C61-LeaderElection19 got exception when requesting votes: java.util.concurrent.ExecutionException: org.apache.ratis.thirdparty.io.netty.channel.AbstractChannel$AnnotatedConnectException: finishConnect(..) failed: Connection refused: localhost/127.0.0.1:15148
2024-10-11 15:03:11,090 [main] WARN  ratis.RaftTestUtil (RaftTestUtil.java:lambda$waitForLeader$3(126)) - Attempt #24 failed: java.lang.IllegalStateException: No leader yet : printing ALL groups
  s3:  RUNNING CANDIDATE s3@group-F860CA578C61:t2, leader=null, voted=s0, raftlog=Memoized:s3@group-F860CA578C61-SegmentedRaftLog:OPENED:c2:last(t:2, i:2), conf=conf: {index: 1, cur=peers:[s3|localhost:15152, s4|localhost:15156, s0|localhost:15140, s1|localhost:15144, s2|localhost:15148]|listeners:[], old=null} RUNNING
  s4:  RUNNING CANDIDATE s4@group-F860CA578C61:t2, leader=null, voted=s0, raftlog=Memoized:s4@group-F860CA578C61-SegmentedRaftLog:OPENED:c2:last(t:2, i:2), conf=conf: {index: 1, cur=peers:[s3|localhost:15152, s4|localhost:15156, s0|localhost:15140, s1|localhost:15144, s2|localhost:15148]|listeners:[], old=null} RUNNING
  s0:   CLOSED    LEADER s0@group-F860CA578C61:t2, leader=s0, voted=s0, raftlog=Memoized:s0@group-F860CA578C61-SegmentedRaftLog:CLOSED:c2, conf=conf: {index: 1, cur=peers:[s3|localhost:15152, s4|localhost:15156, s0|localhost:15140, s1|localhost:15144, s2|localhost:15148]|listeners:[], old=null} CLOSED
  s1:  RUNNING  FOLLOWER s1@group-F860CA578C61:t1, leader=null, voted=null, raftlog=Memoized:s1@group-F860CA578C61-SegmentedRaftLog:OPENED:c-1:lastnull, conf=conf: {index: -1, cur=peers:[s3|localhost:15152, s4|localhost:15156, s0|localhost:15140, s1|localhost:15144, s2|localhost:15148]|listeners:[], old=null} RUNNING
  s2:   CLOSED    LEADER s2@group-F860CA578C61:t1, leader=s2, voted=s2, raftlog=Memoized:s2@group-F860CA578C61-SegmentedRaftLog:CLOSED:c0, conf=conf: {index: 0, cur=peers:[s3|localhost:15152, s4|localhost:15156, s0|localhost:15140, s1|localhost:15144, s2|localhost:15148]|listeners:[], old=null} CLOSED
2024-10-11 15:03:11,097 [s3@group-F860CA578C61-LeaderElection20] INFO  impl.LeaderElection (LeaderElection.java:logAndReturn(90)) - s3@group-F860CA578C61-LeaderElection20: PRE_VOTE TIMEOUT received 1 response(s) and 2 exception(s):
2024-10-11 15:03:11,097 [s3@group-F860CA578C61-LeaderElection20] INFO  impl.LeaderElection (LeaderElection.java:logAndReturn(94)) -   Response 0: s3<-s4#0:OK-t2
2024-10-11 15:03:11,097 [s3@group-F860CA578C61-LeaderElection20] INFO  impl.LeaderElection (LogUtils.java:infoOrTrace(136)) -   Exception 1: java.util.concurrent.ExecutionException: org.apache.ratis.thirdparty.io.netty.channel.AbstractChannel$AnnotatedConnectException: finishConnect(..) failed: Connection refused: localhost/127.0.0.1:15140
2024-10-11 15:03:11,097 [s3@group-F860CA578C61-LeaderElection20] INFO  impl.LeaderElection (LogUtils.java:infoOrTrace(136)) -   Exception 2: java.util.concurrent.ExecutionException: org.apache.ratis.thirdparty.io.netty.channel.AbstractChannel$AnnotatedConnectException: finishConnect(..) failed: Connection refused: localhost/127.0.0.1:15148
2024-10-11 15:03:11,097 [s3@group-F860CA578C61-LeaderElection20] INFO  impl.LeaderElection (LeaderElection.java:askForVotes(339)) - s3@group-F860CA578C61-LeaderElection20 PRE_VOTE round 35: result TIMEOUT
2024-10-11 15:03:11,098 [s3@group-F860CA578C61-LeaderElection20] INFO  impl.LeaderElection (LeaderElection.java:askForVotes(337)) - s3@group-F860CA578C61-LeaderElection20 PRE_VOTE round 36: submit vote requests at term 2 for conf: {index: 1, cur=peers:[s3|localhost:15152, s4|localhost:15156, s0|localhost:15140, s1|localhost:15144, s2|localhost:15148]|listeners:[], old=null}
2024-10-11 15:03:11,098 [NettyRpcService-workerGroup--thread3] INFO  server.RaftServer$Division (RaftServerImpl.java:requestVote(1443)) - s4@group-F860CA578C61: receive requestVote(PRE_VOTE, s3, group-F860CA578C61, 2, (t:2, i:2))
2024-10-11 15:03:11,098 [NettyRpcService-workerGroup--thread3] INFO  impl.VoteContext (VoteContext.java:log(49)) - s4@group-F860CA578C61-CANDIDATE: accept PRE_VOTE from s3: our priority 0 <= candidate's priority 0
2024-10-11 15:03:11,098 [NettyRpcService-workerGroup--thread3] INFO  server.RaftServer$Division (RaftServerImpl.java:requestVote(1476)) - s4@group-F860CA578C61 replies to PRE_VOTE vote request: s3<-s4#0:OK-t2. Peer's state: s4@group-F860CA578C61:t2, leader=null, voted=s0, raftlog=Memoized:s4@group-F860CA578C61-SegmentedRaftLog:OPENED:c2:last(t:2, i:2), conf=conf: {index: 1, cur=peers:[s3|localhost:15152, s4|localhost:15156, s0|localhost:15140, s1|localhost:15144, s2|localhost:15148]|listeners:[], old=null}
2024-10-11 15:03:11,098 [s3@group-F860CA578C61-LeaderElection20] INFO  impl.LeaderElection (LogUtils.java:infoOrTrace(136)) - s3@group-F860CA578C61-LeaderElection20 got exception when requesting votes: java.util.concurrent.ExecutionException: org.apache.ratis.thirdparty.io.netty.channel.AbstractChannel$AnnotatedConnectException: finishConnect(..) failed: Connection refused: localhost/127.0.0.1:15140
2024-10-11 15:03:11,099 [s3@group-F860CA578C61-LeaderElection20] INFO  impl.LeaderElection (LogUtils.java:infoOrTrace(136)) - s3@group-F860CA578C61-LeaderElection20 got exception when requesting votes: java.util.concurrent.ExecutionException: org.apache.ratis.thirdparty.io.netty.channel.AbstractChannel$AnnotatedConnectException: finishConnect(..) failed: Connection refused: localhost/127.0.0.1:15148
2024-10-11 15:03:11,228 [s4@group-F860CA578C61-LeaderElection19] INFO  impl.LeaderElection (LeaderElection.java:logAndReturn(90)) - s4@group-F860CA578C61-LeaderElection19: PRE_VOTE TIMEOUT received 1 response(s) and 2 exception(s):
2024-10-11 15:03:11,228 [s4@group-F860CA578C61-LeaderElection19] INFO  impl.LeaderElection (LeaderElection.java:logAndReturn(94)) -   Response 0: s4<-s3#0:OK-t2
2024-10-11 15:03:11,228 [s4@group-F860CA578C61-LeaderElection19] INFO  impl.LeaderElection (LogUtils.java:infoOrTrace(136)) -   Exception 1: java.util.concurrent.ExecutionException: org.apache.ratis.thirdparty.io.netty.channel.AbstractChannel$AnnotatedConnectException: finishConnect(..) failed: Connection refused: localhost/127.0.0.1:15140
2024-10-11 15:03:11,228 [s4@group-F860CA578C61-LeaderElection19] INFO  impl.LeaderElection (LogUtils.java:infoOrTrace(136)) -   Exception 2: java.util.concurrent.ExecutionException: org.apache.ratis.thirdparty.io.netty.channel.AbstractChannel$AnnotatedConnectException: finishConnect(..) failed: Connection refused: localhost/127.0.0.1:15148
2024-10-11 15:03:11,228 [s4@group-F860CA578C61-LeaderElection19] INFO  impl.LeaderElection (LeaderElection.java:askForVotes(339)) - s4@group-F860CA578C61-LeaderElection19 PRE_VOTE round 47: result TIMEOUT
2024-10-11 15:03:11,228 [s4@group-F860CA578C61-LeaderElection19] INFO  impl.LeaderElection (LeaderElection.java:askForVotes(337)) - s4@group-F860CA578C61-LeaderElection19 PRE_VOTE round 48: submit vote requests at term 2 for conf: {index: 1, cur=peers:[s3|localhost:15152, s4|localhost:15156, s0|localhost:15140, s1|localhost:15144, s2|localhost:15148]|listeners:[], old=null}
2024-10-11 15:03:11,229 [NettyRpcService-workerGroup--thread3] INFO  server.RaftServer$Division (RaftServerImpl.java:requestVote(1443)) - s3@group-F860CA578C61: receive requestVote(PRE_VOTE, s4, group-F860CA578C61, 2, (t:2, i:2))
2024-10-11 15:03:11,229 [NettyRpcService-workerGroup--thread3] INFO  impl.VoteContext (VoteContext.java:log(49)) - s3@group-F860CA578C61-CANDIDATE: accept PRE_VOTE from s4: our priority 0 <= candidate's priority 0
2024-10-11 15:03:11,229 [NettyRpcService-workerGroup--thread3] INFO  server.RaftServer$Division (RaftServerImpl.java:requestVote(1476)) - s3@group-F860CA578C61 replies to PRE_VOTE vote request: s4<-s3#0:OK-t2. Peer's state: s3@group-F860CA578C61:t2, leader=null, voted=s0, raftlog=Memoized:s3@group-F860CA578C61-SegmentedRaftLog:OPENED:c2:last(t:2, i:2), conf=conf: {index: 1, cur=peers:[s3|localhost:15152, s4|localhost:15156, s0|localhost:15140, s1|localhost:15144, s2|localhost:15148]|listeners:[], old=null}
2024-10-11 15:03:11,229 [s4@group-F860CA578C61-LeaderElection19] INFO  impl.LeaderElection (LogUtils.java:infoOrTrace(136)) - s4@group-F860CA578C61-LeaderElection19 got exception when requesting votes: java.util.concurrent.ExecutionException: org.apache.ratis.thirdparty.io.netty.channel.AbstractChannel$AnnotatedConnectException: finishConnect(..) failed: Connection refused: localhost/127.0.0.1:15140
2024-10-11 15:03:11,229 [s4@group-F860CA578C61-LeaderElection19] INFO  impl.LeaderElection (LogUtils.java:infoOrTrace(136)) - s4@group-F860CA578C61-LeaderElection19 got exception when requesting votes: java.util.concurrent.ExecutionException: org.apache.ratis.thirdparty.io.netty.channel.AbstractChannel$AnnotatedConnectException: finishConnect(..) failed: Connection refused: localhost/127.0.0.1:15148
2024-10-11 15:03:11,338 [s3@group-F860CA578C61-LeaderElection20] INFO  impl.LeaderElection (LeaderElection.java:logAndReturn(90)) - s3@group-F860CA578C61-LeaderElection20: PRE_VOTE TIMEOUT received 1 response(s) and 2 exception(s):
2024-10-11 15:03:11,338 [s3@group-F860CA578C61-LeaderElection20] INFO  impl.LeaderElection (LeaderElection.java:logAndReturn(94)) -   Response 0: s3<-s4#0:OK-t2
2024-10-11 15:03:11,338 [s3@group-F860CA578C61-LeaderElection20] INFO  impl.LeaderElection (LogUtils.java:infoOrTrace(136)) -   Exception 1: java.util.concurrent.ExecutionException: org.apache.ratis.thirdparty.io.netty.channel.AbstractChannel$AnnotatedConnectException: finishConnect(..) failed: Connection refused: localhost/127.0.0.1:15140
2024-10-11 15:03:11,338 [s3@group-F860CA578C61-LeaderElection20] INFO  impl.LeaderElection (LogUtils.java:infoOrTrace(136)) -   Exception 2: java.util.concurrent.ExecutionException: org.apache.ratis.thirdparty.io.netty.channel.AbstractChannel$AnnotatedConnectException: finishConnect(..) failed: Connection refused: localhost/127.0.0.1:15148
2024-10-11 15:03:11,338 [s3@group-F860CA578C61-LeaderElection20] INFO  impl.LeaderElection (LeaderElection.java:askForVotes(339)) - s3@group-F860CA578C61-LeaderElection20 PRE_VOTE round 36: result TIMEOUT
2024-10-11 15:03:11,338 [s3@group-F860CA578C61-LeaderElection20] INFO  impl.LeaderElection (LeaderElection.java:askForVotes(337)) - s3@group-F860CA578C61-LeaderElection20 PRE_VOTE round 37: submit vote requests at term 2 for conf: {index: 1, cur=peers:[s3|localhost:15152, s4|localhost:15156, s0|localhost:15140, s1|localhost:15144, s2|localhost:15148]|listeners:[], old=null}
2024-10-11 15:03:11,339 [NettyRpcService-workerGroup--thread3] INFO  server.RaftServer$Division (RaftServerImpl.java:requestVote(1443)) - s4@group-F860CA578C61: receive requestVote(PRE_VOTE, s3, group-F860CA578C61, 2, (t:2, i:2))
2024-10-11 15:03:11,339 [NettyRpcService-workerGroup--thread3] INFO  impl.VoteContext (VoteContext.java:log(49)) - s4@group-F860CA578C61-CANDIDATE: accept PRE_VOTE from s3: our priority 0 <= candidate's priority 0
2024-10-11 15:03:11,339 [NettyRpcService-workerGroup--thread3] INFO  server.RaftServer$Division (RaftServerImpl.java:requestVote(1476)) - s4@group-F860CA578C61 replies to PRE_VOTE vote request: s3<-s4#0:OK-t2. Peer's state: s4@group-F860CA578C61:t2, leader=null, voted=s0, raftlog=Memoized:s4@group-F860CA578C61-SegmentedRaftLog:OPENED:c2:last(t:2, i:2), conf=conf: {index: 1, cur=peers:[s3|localhost:15152, s4|localhost:15156, s0|localhost:15140, s1|localhost:15144, s2|localhost:15148]|listeners:[], old=null}
2024-10-11 15:03:11,339 [s3@group-F860CA578C61-LeaderElection20] INFO  impl.LeaderElection (LogUtils.java:infoOrTrace(136)) - s3@group-F860CA578C61-LeaderElection20 got exception when requesting votes: java.util.concurrent.ExecutionException: org.apache.ratis.thirdparty.io.netty.channel.AbstractChannel$AnnotatedConnectException: finishConnect(..) failed: Connection refused: localhost/127.0.0.1:15148
2024-10-11 15:03:11,339 [s3@group-F860CA578C61-LeaderElection20] INFO  impl.LeaderElection (LogUtils.java:infoOrTrace(136)) - s3@group-F860CA578C61-LeaderElection20 got exception when requesting votes: java.util.concurrent.ExecutionException: org.apache.ratis.thirdparty.io.netty.channel.AbstractChannel$AnnotatedConnectException: finishConnect(..) failed: Connection refused: localhost/127.0.0.1:15140
2024-10-11 15:03:11,415 [s4@group-F860CA578C61-LeaderElection19] INFO  impl.LeaderElection (LeaderElection.java:logAndReturn(90)) - s4@group-F860CA578C61-LeaderElection19: PRE_VOTE TIMEOUT received 1 response(s) and 2 exception(s):
2024-10-11 15:03:11,415 [s4@group-F860CA578C61-LeaderElection19] INFO  impl.LeaderElection (LeaderElection.java:logAndReturn(94)) -   Response 0: s4<-s3#0:OK-t2
2024-10-11 15:03:11,415 [s4@group-F860CA578C61-LeaderElection19] INFO  impl.LeaderElection (LogUtils.java:infoOrTrace(136)) -   Exception 1: java.util.concurrent.ExecutionException: org.apache.ratis.thirdparty.io.netty.channel.AbstractChannel$AnnotatedConnectException: finishConnect(..) failed: Connection refused: localhost/127.0.0.1:15140
2024-10-11 15:03:11,415 [s4@group-F860CA578C61-LeaderElection19] INFO  impl.LeaderElection (LogUtils.java:infoOrTrace(136)) -   Exception 2: java.util.concurrent.ExecutionException: org.apache.ratis.thirdparty.io.netty.channel.AbstractChannel$AnnotatedConnectException: finishConnect(..) failed: Connection refused: localhost/127.0.0.1:15148
2024-10-11 15:03:11,415 [s4@group-F860CA578C61-LeaderElection19] INFO  impl.LeaderElection (LeaderElection.java:askForVotes(339)) - s4@group-F860CA578C61-LeaderElection19 PRE_VOTE round 48: result TIMEOUT
2024-10-11 15:03:11,415 [s4@group-F860CA578C61-LeaderElection19] INFO  impl.LeaderElection (LeaderElection.java:askForVotes(337)) - s4@group-F860CA578C61-LeaderElection19 PRE_VOTE round 49: submit vote requests at term 2 for conf: {index: 1, cur=peers:[s3|localhost:15152, s4|localhost:15156, s0|localhost:15140, s1|localhost:15144, s2|localhost:15148]|listeners:[], old=null}
2024-10-11 15:03:11,416 [NettyRpcService-workerGroup--thread3] INFO  server.RaftServer$Division (RaftServerImpl.java:requestVote(1443)) - s3@group-F860CA578C61: receive requestVote(PRE_VOTE, s4, group-F860CA578C61, 2, (t:2, i:2))
2024-10-11 15:03:11,416 [NettyRpcService-workerGroup--thread3] INFO  impl.VoteContext (VoteContext.java:log(49)) - s3@group-F860CA578C61-CANDIDATE: accept PRE_VOTE from s4: our priority 0 <= candidate's priority 0
2024-10-11 15:03:11,416 [NettyRpcService-workerGroup--thread3] INFO  server.RaftServer$Division (RaftServerImpl.java:requestVote(1476)) - s3@group-F860CA578C61 replies to PRE_VOTE vote request: s4<-s3#0:OK-t2. Peer's state: s3@group-F860CA578C61:t2, leader=null, voted=s0, raftlog=Memoized:s3@group-F860CA578C61-SegmentedRaftLog:OPENED:c2:last(t:2, i:2), conf=conf: {index: 1, cur=peers:[s3|localhost:15152, s4|localhost:15156, s0|localhost:15140, s1|localhost:15144, s2|localhost:15148]|listeners:[], old=null}
2024-10-11 15:03:11,416 [s4@group-F860CA578C61-LeaderElection19] INFO  impl.LeaderElection (LogUtils.java:infoOrTrace(136)) - s4@group-F860CA578C61-LeaderElection19 got exception when requesting votes: java.util.concurrent.ExecutionException: org.apache.ratis.thirdparty.io.netty.channel.AbstractChannel$AnnotatedConnectException: finishConnect(..) failed: Connection refused: localhost/127.0.0.1:15140
2024-10-11 15:03:11,417 [s4@group-F860CA578C61-LeaderElection19] INFO  impl.LeaderElection (LogUtils.java:infoOrTrace(136)) - s4@group-F860CA578C61-LeaderElection19 got exception when requesting votes: java.util.concurrent.ExecutionException: org.apache.ratis.thirdparty.io.netty.channel.AbstractChannel$AnnotatedConnectException: finishConnect(..) failed: Connection refused: localhost/127.0.0.1:15148
2024-10-11 15:03:11,540 [main] WARN  ratis.RaftTestUtil (RaftTestUtil.java:lambda$waitForLeader$3(126)) - Attempt #25 failed: java.lang.IllegalStateException: No leader yet : printing ALL groups
  s3:  RUNNING CANDIDATE s3@group-F860CA578C61:t2, leader=null, voted=s0, raftlog=Memoized:s3@group-F860CA578C61-SegmentedRaftLog:OPENED:c2:last(t:2, i:2), conf=conf: {index: 1, cur=peers:[s3|localhost:15152, s4|localhost:15156, s0|localhost:15140, s1|localhost:15144, s2|localhost:15148]|listeners:[], old=null} RUNNING
  s4:  RUNNING CANDIDATE s4@group-F860CA578C61:t2, leader=null, voted=s0, raftlog=Memoized:s4@group-F860CA578C61-SegmentedRaftLog:OPENED:c2:last(t:2, i:2), conf=conf: {index: 1, cur=peers:[s3|localhost:15152, s4|localhost:15156, s0|localhost:15140, s1|localhost:15144, s2|localhost:15148]|listeners:[], old=null} RUNNING
  s0:   CLOSED    LEADER s0@group-F860CA578C61:t2, leader=s0, voted=s0, raftlog=Memoized:s0@group-F860CA578C61-SegmentedRaftLog:CLOSED:c2, conf=conf: {index: 1, cur=peers:[s3|localhost:15152, s4|localhost:15156, s0|localhost:15140, s1|localhost:15144, s2|localhost:15148]|listeners:[], old=null} CLOSED
  s1:  RUNNING  FOLLOWER s1@group-F860CA578C61:t1, leader=null, voted=null, raftlog=Memoized:s1@group-F860CA578C61-SegmentedRaftLog:OPENED:c-1:lastnull, conf=conf: {index: -1, cur=peers:[s3|localhost:15152, s4|localhost:15156, s0|localhost:15140, s1|localhost:15144, s2|localhost:15148]|listeners:[], old=null} RUNNING
  s2:   CLOSED    LEADER s2@group-F860CA578C61:t1, leader=s2, voted=s2, raftlog=Memoized:s2@group-F860CA578C61-SegmentedRaftLog:CLOSED:c0, conf=conf: {index: 0, cur=peers:[s3|localhost:15152, s4|localhost:15156, s0|localhost:15140, s1|localhost:15144, s2|localhost:15148]|listeners:[], old=null} CLOSED
2024-10-11 15:03:11,552 [s3@group-F860CA578C61-LeaderElection20] INFO  impl.LeaderElection (LeaderElection.java:logAndReturn(90)) - s3@group-F860CA578C61-LeaderElection20: PRE_VOTE TIMEOUT received 1 response(s) and 2 exception(s):
2024-10-11 15:03:11,552 [s3@group-F860CA578C61-LeaderElection20] INFO  impl.LeaderElection (LeaderElection.java:logAndReturn(94)) -   Response 0: s3<-s4#0:OK-t2
2024-10-11 15:03:11,552 [s3@group-F860CA578C61-LeaderElection20] INFO  impl.LeaderElection (LogUtils.java:infoOrTrace(136)) -   Exception 1: java.util.concurrent.ExecutionException: org.apache.ratis.thirdparty.io.netty.channel.AbstractChannel$AnnotatedConnectException: finishConnect(..) failed: Connection refused: localhost/127.0.0.1:15148
2024-10-11 15:03:11,552 [s3@group-F860CA578C61-LeaderElection20] INFO  impl.LeaderElection (LogUtils.java:infoOrTrace(136)) -   Exception 2: java.util.concurrent.ExecutionException: org.apache.ratis.thirdparty.io.netty.channel.AbstractChannel$AnnotatedConnectException: finishConnect(..) failed: Connection refused: localhost/127.0.0.1:15140
2024-10-11 15:03:11,552 [s3@group-F860CA578C61-LeaderElection20] INFO  impl.LeaderElection (LeaderElection.java:askForVotes(339)) - s3@group-F860CA578C61-LeaderElection20 PRE_VOTE round 37: result TIMEOUT
2024-10-11 15:03:11,552 [s3@group-F860CA578C61-LeaderElection20] INFO  impl.LeaderElection (LeaderElection.java:askForVotes(337)) - s3@group-F860CA578C61-LeaderElection20 PRE_VOTE round 38: submit vote requests at term 2 for conf: {index: 1, cur=peers:[s3|localhost:15152, s4|localhost:15156, s0|localhost:15140, s1|localhost:15144, s2|localhost:15148]|listeners:[], old=null}
2024-10-11 15:03:11,553 [NettyRpcService-workerGroup--thread3] INFO  server.RaftServer$Division (RaftServerImpl.java:requestVote(1443)) - s4@group-F860CA578C61: receive requestVote(PRE_VOTE, s3, group-F860CA578C61, 2, (t:2, i:2))
2024-10-11 15:03:11,553 [NettyRpcService-workerGroup--thread3] INFO  impl.VoteContext (VoteContext.java:log(49)) - s4@group-F860CA578C61-CANDIDATE: accept PRE_VOTE from s3: our priority 0 <= candidate's priority 0
2024-10-11 15:03:11,553 [NettyRpcService-workerGroup--thread3] INFO  server.RaftServer$Division (RaftServerImpl.java:requestVote(1476)) - s4@group-F860CA578C61 replies to PRE_VOTE vote request: s3<-s4#0:OK-t2. Peer's state: s4@group-F860CA578C61:t2, leader=null, voted=s0, raftlog=Memoized:s4@group-F860CA578C61-SegmentedRaftLog:OPENED:c2:last(t:2, i:2), conf=conf: {index: 1, cur=peers:[s3|localhost:15152, s4|localhost:15156, s0|localhost:15140, s1|localhost:15144, s2|localhost:15148]|listeners:[], old=null}
2024-10-11 15:03:11,553 [s3@group-F860CA578C61-LeaderElection20] INFO  impl.LeaderElection (LogUtils.java:infoOrTrace(136)) - s3@group-F860CA578C61-LeaderElection20 got exception when requesting votes: java.util.concurrent.ExecutionException: org.apache.ratis.thirdparty.io.netty.channel.AbstractChannel$AnnotatedConnectException: finishConnect(..) failed: Connection refused: localhost/127.0.0.1:15148
2024-10-11 15:03:11,554 [s3@group-F860CA578C61-LeaderElection20] INFO  impl.LeaderElection (LogUtils.java:infoOrTrace(136)) - s3@group-F860CA578C61-LeaderElection20 got exception when requesting votes: java.util.concurrent.ExecutionException: org.apache.ratis.thirdparty.io.netty.channel.AbstractChannel$AnnotatedConnectException: finishConnect(..) failed: Connection refused: localhost/127.0.0.1:15140
2024-10-11 15:03:11,648 [s4@group-F860CA578C61-LeaderElection19] INFO  impl.LeaderElection (LeaderElection.java:logAndReturn(90)) - s4@group-F860CA578C61-LeaderElection19: PRE_VOTE TIMEOUT received 1 response(s) and 2 exception(s):
2024-10-11 15:03:11,648 [s4@group-F860CA578C61-LeaderElection19] INFO  impl.LeaderElection (LeaderElection.java:logAndReturn(94)) -   Response 0: s4<-s3#0:OK-t2
2024-10-11 15:03:11,648 [s4@group-F860CA578C61-LeaderElection19] INFO  impl.LeaderElection (LogUtils.java:infoOrTrace(136)) -   Exception 1: java.util.concurrent.ExecutionException: org.apache.ratis.thirdparty.io.netty.channel.AbstractChannel$AnnotatedConnectException: finishConnect(..) failed: Connection refused: localhost/127.0.0.1:15140
2024-10-11 15:03:11,648 [s4@group-F860CA578C61-LeaderElection19] INFO  impl.LeaderElection (LogUtils.java:infoOrTrace(136)) -   Exception 2: java.util.concurrent.ExecutionException: org.apache.ratis.thirdparty.io.netty.channel.AbstractChannel$AnnotatedConnectException: finishConnect(..) failed: Connection refused: localhost/127.0.0.1:15148
2024-10-11 15:03:11,648 [s4@group-F860CA578C61-LeaderElection19] INFO  impl.LeaderElection (LeaderElection.java:askForVotes(339)) - s4@group-F860CA578C61-LeaderElection19 PRE_VOTE round 49: result TIMEOUT
2024-10-11 15:03:11,648 [s4@group-F860CA578C61-LeaderElection19] INFO  impl.LeaderElection (LeaderElection.java:askForVotes(337)) - s4@group-F860CA578C61-LeaderElection19 PRE_VOTE round 50: submit vote requests at term 2 for conf: {index: 1, cur=peers:[s3|localhost:15152, s4|localhost:15156, s0|localhost:15140, s1|localhost:15144, s2|localhost:15148]|listeners:[], old=null}
2024-10-11 15:03:11,649 [NettyRpcService-workerGroup--thread3] INFO  server.RaftServer$Division (RaftServerImpl.java:requestVote(1443)) - s3@group-F860CA578C61: receive requestVote(PRE_VOTE, s4, group-F860CA578C61, 2, (t:2, i:2))
2024-10-11 15:03:11,649 [NettyRpcService-workerGroup--thread3] INFO  impl.VoteContext (VoteContext.java:log(49)) - s3@group-F860CA578C61-CANDIDATE: accept PRE_VOTE from s4: our priority 0 <= candidate's priority 0
2024-10-11 15:03:11,649 [NettyRpcService-workerGroup--thread3] INFO  server.RaftServer$Division (RaftServerImpl.java:requestVote(1476)) - s3@group-F860CA578C61 replies to PRE_VOTE vote request: s4<-s3#0:OK-t2. Peer's state: s3@group-F860CA578C61:t2, leader=null, voted=s0, raftlog=Memoized:s3@group-F860CA578C61-SegmentedRaftLog:OPENED:c2:last(t:2, i:2), conf=conf: {index: 1, cur=peers:[s3|localhost:15152, s4|localhost:15156, s0|localhost:15140, s1|localhost:15144, s2|localhost:15148]|listeners:[], old=null}
2024-10-11 15:03:11,649 [s4@group-F860CA578C61-LeaderElection19] INFO  impl.LeaderElection (LogUtils.java:infoOrTrace(136)) - s4@group-F860CA578C61-LeaderElection19 got exception when requesting votes: java.util.concurrent.ExecutionException: org.apache.ratis.thirdparty.io.netty.channel.AbstractChannel$AnnotatedConnectException: finishConnect(..) failed: Connection refused: localhost/127.0.0.1:15140
2024-10-11 15:03:11,649 [s4@group-F860CA578C61-LeaderElection19] INFO  impl.LeaderElection (LogUtils.java:infoOrTrace(136)) - s4@group-F860CA578C61-LeaderElection19 got exception when requesting votes: java.util.concurrent.ExecutionException: org.apache.ratis.thirdparty.io.netty.channel.AbstractChannel$AnnotatedConnectException: finishConnect(..) failed: Connection refused: localhost/127.0.0.1:15148
2024-10-11 15:03:11,779 [s3@group-F860CA578C61-LeaderElection20] INFO  impl.LeaderElection (LeaderElection.java:logAndReturn(90)) - s3@group-F860CA578C61-LeaderElection20: PRE_VOTE TIMEOUT received 1 response(s) and 2 exception(s):
2024-10-11 15:03:11,779 [s3@group-F860CA578C61-LeaderElection20] INFO  impl.LeaderElection (LeaderElection.java:logAndReturn(94)) -   Response 0: s3<-s4#0:OK-t2
2024-10-11 15:03:11,780 [s3@group-F860CA578C61-LeaderElection20] INFO  impl.LeaderElection (LogUtils.java:infoOrTrace(136)) -   Exception 1: java.util.concurrent.ExecutionException: org.apache.ratis.thirdparty.io.netty.channel.AbstractChannel$AnnotatedConnectException: finishConnect(..) failed: Connection refused: localhost/127.0.0.1:15148
2024-10-11 15:03:11,780 [s3@group-F860CA578C61-LeaderElection20] INFO  impl.LeaderElection (LogUtils.java:infoOrTrace(136)) -   Exception 2: java.util.concurrent.ExecutionException: org.apache.ratis.thirdparty.io.netty.channel.AbstractChannel$AnnotatedConnectException: finishConnect(..) failed: Connection refused: localhost/127.0.0.1:15140
2024-10-11 15:03:11,781 [s3@group-F860CA578C61-LeaderElection20] INFO  impl.LeaderElection (LeaderElection.java:askForVotes(339)) - s3@group-F860CA578C61-LeaderElection20 PRE_VOTE round 38: result TIMEOUT
2024-10-11 15:03:11,781 [s3@group-F860CA578C61-LeaderElection20] INFO  impl.LeaderElection (LeaderElection.java:askForVotes(337)) - s3@group-F860CA578C61-LeaderElection20 PRE_VOTE round 39: submit vote requests at term 2 for conf: {index: 1, cur=peers:[s3|localhost:15152, s4|localhost:15156, s0|localhost:15140, s1|localhost:15144, s2|localhost:15148]|listeners:[], old=null}
2024-10-11 15:03:11,781 [NettyRpcService-workerGroup--thread3] INFO  server.RaftServer$Division (RaftServerImpl.java:requestVote(1443)) - s4@group-F860CA578C61: receive requestVote(PRE_VOTE, s3, group-F860CA578C61, 2, (t:2, i:2))
2024-10-11 15:03:11,781 [NettyRpcService-workerGroup--thread3] INFO  impl.VoteContext (VoteContext.java:log(49)) - s4@group-F860CA578C61-CANDIDATE: accept PRE_VOTE from s3: our priority 0 <= candidate's priority 0
2024-10-11 15:03:11,782 [NettyRpcService-workerGroup--thread3] INFO  server.RaftServer$Division (RaftServerImpl.java:requestVote(1476)) - s4@group-F860CA578C61 replies to PRE_VOTE vote request: s3<-s4#0:OK-t2. Peer's state: s4@group-F860CA578C61:t2, leader=null, voted=s0, raftlog=Memoized:s4@group-F860CA578C61-SegmentedRaftLog:OPENED:c2:last(t:2, i:2), conf=conf: {index: 1, cur=peers:[s3|localhost:15152, s4|localhost:15156, s0|localhost:15140, s1|localhost:15144, s2|localhost:15148]|listeners:[], old=null}
2024-10-11 15:03:11,782 [s3@group-F860CA578C61-LeaderElection20] INFO  impl.LeaderElection (LogUtils.java:infoOrTrace(136)) - s3@group-F860CA578C61-LeaderElection20 got exception when requesting votes: java.util.concurrent.ExecutionException: org.apache.ratis.thirdparty.io.netty.channel.AbstractChannel$AnnotatedConnectException: finishConnect(..) failed: Connection refused: localhost/127.0.0.1:15140
2024-10-11 15:03:11,782 [s3@group-F860CA578C61-LeaderElection20] INFO  impl.LeaderElection (LogUtils.java:infoOrTrace(136)) - s3@group-F860CA578C61-LeaderElection20 got exception when requesting votes: java.util.concurrent.ExecutionException: org.apache.ratis.thirdparty.io.netty.channel.AbstractChannel$AnnotatedConnectException: finishConnect(..) failed: Connection refused: localhost/127.0.0.1:15148
2024-10-11 15:03:11,912 [s4@group-F860CA578C61-LeaderElection19] INFO  impl.LeaderElection (LeaderElection.java:logAndReturn(90)) - s4@group-F860CA578C61-LeaderElection19: PRE_VOTE TIMEOUT received 1 response(s) and 2 exception(s):
2024-10-11 15:03:11,912 [s4@group-F860CA578C61-LeaderElection19] INFO  impl.LeaderElection (LeaderElection.java:logAndReturn(94)) -   Response 0: s4<-s3#0:OK-t2
2024-10-11 15:03:11,912 [s4@group-F860CA578C61-LeaderElection19] INFO  impl.LeaderElection (LogUtils.java:infoOrTrace(136)) -   Exception 1: java.util.concurrent.ExecutionException: org.apache.ratis.thirdparty.io.netty.channel.AbstractChannel$AnnotatedConnectException: finishConnect(..) failed: Connection refused: localhost/127.0.0.1:15140
2024-10-11 15:03:11,912 [s4@group-F860CA578C61-LeaderElection19] INFO  impl.LeaderElection (LogUtils.java:infoOrTrace(136)) -   Exception 2: java.util.concurrent.ExecutionException: org.apache.ratis.thirdparty.io.netty.channel.AbstractChannel$AnnotatedConnectException: finishConnect(..) failed: Connection refused: localhost/127.0.0.1:15148
2024-10-11 15:03:11,912 [s4@group-F860CA578C61-LeaderElection19] INFO  impl.LeaderElection (LeaderElection.java:askForVotes(339)) - s4@group-F860CA578C61-LeaderElection19 PRE_VOTE round 50: result TIMEOUT
2024-10-11 15:03:11,912 [s4@group-F860CA578C61-LeaderElection19] INFO  impl.LeaderElection (LeaderElection.java:askForVotes(337)) - s4@group-F860CA578C61-LeaderElection19 PRE_VOTE round 51: submit vote requests at term 2 for conf: {index: 1, cur=peers:[s3|localhost:15152, s4|localhost:15156, s0|localhost:15140, s1|localhost:15144, s2|localhost:15148]|listeners:[], old=null}
2024-10-11 15:03:11,913 [NettyRpcService-workerGroup--thread3] INFO  server.RaftServer$Division (RaftServerImpl.java:requestVote(1443)) - s3@group-F860CA578C61: receive requestVote(PRE_VOTE, s4, group-F860CA578C61, 2, (t:2, i:2))
2024-10-11 15:03:11,913 [NettyRpcService-workerGroup--thread3] INFO  impl.VoteContext (VoteContext.java:log(49)) - s3@group-F860CA578C61-CANDIDATE: accept PRE_VOTE from s4: our priority 0 <= candidate's priority 0
2024-10-11 15:03:11,913 [NettyRpcService-workerGroup--thread3] INFO  server.RaftServer$Division (RaftServerImpl.java:requestVote(1476)) - s3@group-F860CA578C61 replies to PRE_VOTE vote request: s4<-s3#0:OK-t2. Peer's state: s3@group-F860CA578C61:t2, leader=null, voted=s0, raftlog=Memoized:s3@group-F860CA578C61-SegmentedRaftLog:OPENED:c2:last(t:2, i:2), conf=conf: {index: 1, cur=peers:[s3|localhost:15152, s4|localhost:15156, s0|localhost:15140, s1|localhost:15144, s2|localhost:15148]|listeners:[], old=null}
2024-10-11 15:03:11,913 [s4@group-F860CA578C61-LeaderElection19] INFO  impl.LeaderElection (LogUtils.java:infoOrTrace(136)) - s4@group-F860CA578C61-LeaderElection19 got exception when requesting votes: java.util.concurrent.ExecutionException: org.apache.ratis.thirdparty.io.netty.channel.AbstractChannel$AnnotatedConnectException: finishConnect(..) failed: Connection refused: localhost/127.0.0.1:15140
2024-10-11 15:03:11,914 [s4@group-F860CA578C61-LeaderElection19] INFO  impl.LeaderElection (LogUtils.java:infoOrTrace(136)) - s4@group-F860CA578C61-LeaderElection19 got exception when requesting votes: java.util.concurrent.ExecutionException: org.apache.ratis.thirdparty.io.netty.channel.AbstractChannel$AnnotatedConnectException: finishConnect(..) failed: Connection refused: localhost/127.0.0.1:15148
2024-10-11 15:03:11,975 [s3@group-F860CA578C61-LeaderElection20] INFO  impl.LeaderElection (LeaderElection.java:logAndReturn(90)) - s3@group-F860CA578C61-LeaderElection20: PRE_VOTE TIMEOUT received 1 response(s) and 2 exception(s):
2024-10-11 15:03:11,975 [s3@group-F860CA578C61-LeaderElection20] INFO  impl.LeaderElection (LeaderElection.java:logAndReturn(94)) -   Response 0: s3<-s4#0:OK-t2
2024-10-11 15:03:11,975 [s3@group-F860CA578C61-LeaderElection20] INFO  impl.LeaderElection (LogUtils.java:infoOrTrace(136)) -   Exception 1: java.util.concurrent.ExecutionException: org.apache.ratis.thirdparty.io.netty.channel.AbstractChannel$AnnotatedConnectException: finishConnect(..) failed: Connection refused: localhost/127.0.0.1:15140
2024-10-11 15:03:11,975 [s3@group-F860CA578C61-LeaderElection20] INFO  impl.LeaderElection (LogUtils.java:infoOrTrace(136)) -   Exception 2: java.util.concurrent.ExecutionException: org.apache.ratis.thirdparty.io.netty.channel.AbstractChannel$AnnotatedConnectException: finishConnect(..) failed: Connection refused: localhost/127.0.0.1:15148
2024-10-11 15:03:11,976 [s3@group-F860CA578C61-LeaderElection20] INFO  impl.LeaderElection (LeaderElection.java:askForVotes(339)) - s3@group-F860CA578C61-LeaderElection20 PRE_VOTE round 39: result TIMEOUT
2024-10-11 15:03:11,976 [s3@group-F860CA578C61-LeaderElection20] INFO  impl.LeaderElection (LeaderElection.java:askForVotes(337)) - s3@group-F860CA578C61-LeaderElection20 PRE_VOTE round 40: submit vote requests at term 2 for conf: {index: 1, cur=peers:[s3|localhost:15152, s4|localhost:15156, s0|localhost:15140, s1|localhost:15144, s2|localhost:15148]|listeners:[], old=null}
2024-10-11 15:03:11,976 [NettyRpcService-workerGroup--thread3] INFO  server.RaftServer$Division (RaftServerImpl.java:requestVote(1443)) - s4@group-F860CA578C61: receive requestVote(PRE_VOTE, s3, group-F860CA578C61, 2, (t:2, i:2))
2024-10-11 15:03:11,976 [NettyRpcService-workerGroup--thread3] INFO  impl.VoteContext (VoteContext.java:log(49)) - s4@group-F860CA578C61-CANDIDATE: accept PRE_VOTE from s3: our priority 0 <= candidate's priority 0
2024-10-11 15:03:11,977 [NettyRpcService-workerGroup--thread3] INFO  server.RaftServer$Division (RaftServerImpl.java:requestVote(1476)) - s4@group-F860CA578C61 replies to PRE_VOTE vote request: s3<-s4#0:OK-t2. Peer's state: s4@group-F860CA578C61:t2, leader=null, voted=s0, raftlog=Memoized:s4@group-F860CA578C61-SegmentedRaftLog:OPENED:c2:last(t:2, i:2), conf=conf: {index: 1, cur=peers:[s3|localhost:15152, s4|localhost:15156, s0|localhost:15140, s1|localhost:15144, s2|localhost:15148]|listeners:[], old=null}
2024-10-11 15:03:11,977 [s3@group-F860CA578C61-LeaderElection20] INFO  impl.LeaderElection (LogUtils.java:infoOrTrace(136)) - s3@group-F860CA578C61-LeaderElection20 got exception when requesting votes: java.util.concurrent.ExecutionException: org.apache.ratis.thirdparty.io.netty.channel.AbstractChannel$AnnotatedConnectException: finishConnect(..) failed: Connection refused: localhost/127.0.0.1:15148
2024-10-11 15:03:11,977 [s3@group-F860CA578C61-LeaderElection20] INFO  impl.LeaderElection (LogUtils.java:infoOrTrace(136)) - s3@group-F860CA578C61-LeaderElection20 got exception when requesting votes: java.util.concurrent.ExecutionException: org.apache.ratis.thirdparty.io.netty.channel.AbstractChannel$AnnotatedConnectException: finishConnect(..) failed: Connection refused: localhost/127.0.0.1:15140
2024-10-11 15:03:11,991 [main] WARN  ratis.RaftTestUtil (RaftTestUtil.java:lambda$waitForLeader$3(126)) - Attempt #26 failed: java.lang.IllegalStateException: No leader yet : printing ALL groups
  s3:  RUNNING CANDIDATE s3@group-F860CA578C61:t2, leader=null, voted=s0, raftlog=Memoized:s3@group-F860CA578C61-SegmentedRaftLog:OPENED:c2:last(t:2, i:2), conf=conf: {index: 1, cur=peers:[s3|localhost:15152, s4|localhost:15156, s0|localhost:15140, s1|localhost:15144, s2|localhost:15148]|listeners:[], old=null} RUNNING
  s4:  RUNNING CANDIDATE s4@group-F860CA578C61:t2, leader=null, voted=s0, raftlog=Memoized:s4@group-F860CA578C61-SegmentedRaftLog:OPENED:c2:last(t:2, i:2), conf=conf: {index: 1, cur=peers:[s3|localhost:15152, s4|localhost:15156, s0|localhost:15140, s1|localhost:15144, s2|localhost:15148]|listeners:[], old=null} RUNNING
  s0:   CLOSED    LEADER s0@group-F860CA578C61:t2, leader=s0, voted=s0, raftlog=Memoized:s0@group-F860CA578C61-SegmentedRaftLog:CLOSED:c2, conf=conf: {index: 1, cur=peers:[s3|localhost:15152, s4|localhost:15156, s0|localhost:15140, s1|localhost:15144, s2|localhost:15148]|listeners:[], old=null} CLOSED
  s1:  RUNNING  FOLLOWER s1@group-F860CA578C61:t1, leader=null, voted=null, raftlog=Memoized:s1@group-F860CA578C61-SegmentedRaftLog:OPENED:c-1:lastnull, conf=conf: {index: -1, cur=peers:[s3|localhost:15152, s4|localhost:15156, s0|localhost:15140, s1|localhost:15144, s2|localhost:15148]|listeners:[], old=null} RUNNING
  s2:   CLOSED    LEADER s2@group-F860CA578C61:t1, leader=s2, voted=s2, raftlog=Memoized:s2@group-F860CA578C61-SegmentedRaftLog:CLOSED:c0, conf=conf: {index: 0, cur=peers:[s3|localhost:15152, s4|localhost:15156, s0|localhost:15140, s1|localhost:15144, s2|localhost:15148]|listeners:[], old=null} CLOSED
2024-10-11 15:03:12,104 [s4@group-F860CA578C61-LeaderElection19] INFO  impl.LeaderElection (LeaderElection.java:logAndReturn(90)) - s4@group-F860CA578C61-LeaderElection19: PRE_VOTE TIMEOUT received 1 response(s) and 2 exception(s):
2024-10-11 15:03:12,104 [s4@group-F860CA578C61-LeaderElection19] INFO  impl.LeaderElection (LeaderElection.java:logAndReturn(94)) -   Response 0: s4<-s3#0:OK-t2
2024-10-11 15:03:12,104 [s4@group-F860CA578C61-LeaderElection19] INFO  impl.LeaderElection (LogUtils.java:infoOrTrace(136)) -   Exception 1: java.util.concurrent.ExecutionException: org.apache.ratis.thirdparty.io.netty.channel.AbstractChannel$AnnotatedConnectException: finishConnect(..) failed: Connection refused: localhost/127.0.0.1:15140
2024-10-11 15:03:12,104 [s4@group-F860CA578C61-LeaderElection19] INFO  impl.LeaderElection (LogUtils.java:infoOrTrace(136)) -   Exception 2: java.util.concurrent.ExecutionException: org.apache.ratis.thirdparty.io.netty.channel.AbstractChannel$AnnotatedConnectException: finishConnect(..) failed: Connection refused: localhost/127.0.0.1:15148
2024-10-11 15:03:12,104 [s4@group-F860CA578C61-LeaderElection19] INFO  impl.LeaderElection (LeaderElection.java:askForVotes(339)) - s4@group-F860CA578C61-LeaderElection19 PRE_VOTE round 51: result TIMEOUT
2024-10-11 15:03:12,105 [s4@group-F860CA578C61-LeaderElection19] INFO  impl.LeaderElection (LeaderElection.java:askForVotes(337)) - s4@group-F860CA578C61-LeaderElection19 PRE_VOTE round 52: submit vote requests at term 2 for conf: {index: 1, cur=peers:[s3|localhost:15152, s4|localhost:15156, s0|localhost:15140, s1|localhost:15144, s2|localhost:15148]|listeners:[], old=null}
2024-10-11 15:03:12,105 [NettyRpcService-workerGroup--thread3] INFO  server.RaftServer$Division (RaftServerImpl.java:requestVote(1443)) - s3@group-F860CA578C61: receive requestVote(PRE_VOTE, s4, group-F860CA578C61, 2, (t:2, i:2))
2024-10-11 15:03:12,106 [NettyRpcService-workerGroup--thread3] INFO  impl.VoteContext (VoteContext.java:log(49)) - s3@group-F860CA578C61-CANDIDATE: accept PRE_VOTE from s4: our priority 0 <= candidate's priority 0
2024-10-11 15:03:12,106 [NettyRpcService-workerGroup--thread3] INFO  server.RaftServer$Division (RaftServerImpl.java:requestVote(1476)) - s3@group-F860CA578C61 replies to PRE_VOTE vote request: s4<-s3#0:OK-t2. Peer's state: s3@group-F860CA578C61:t2, leader=null, voted=s0, raftlog=Memoized:s3@group-F860CA578C61-SegmentedRaftLog:OPENED:c2:last(t:2, i:2), conf=conf: {index: 1, cur=peers:[s3|localhost:15152, s4|localhost:15156, s0|localhost:15140, s1|localhost:15144, s2|localhost:15148]|listeners:[], old=null}
2024-10-11 15:03:12,106 [s4@group-F860CA578C61-LeaderElection19] INFO  impl.LeaderElection (LogUtils.java:infoOrTrace(136)) - s4@group-F860CA578C61-LeaderElection19 got exception when requesting votes: java.util.concurrent.ExecutionException: org.apache.ratis.thirdparty.io.netty.channel.AbstractChannel$AnnotatedConnectException: finishConnect(..) failed: Connection refused: localhost/127.0.0.1:15140
2024-10-11 15:03:12,106 [s4@group-F860CA578C61-LeaderElection19] INFO  impl.LeaderElection (LogUtils.java:infoOrTrace(136)) - s4@group-F860CA578C61-LeaderElection19 got exception when requesting votes: java.util.concurrent.ExecutionException: org.apache.ratis.thirdparty.io.netty.channel.AbstractChannel$AnnotatedConnectException: finishConnect(..) failed: Connection refused: localhost/127.0.0.1:15148
2024-10-11 15:03:12,240 [s3@group-F860CA578C61-LeaderElection20] INFO  impl.LeaderElection (LeaderElection.java:logAndReturn(90)) - s3@group-F860CA578C61-LeaderElection20: PRE_VOTE TIMEOUT received 1 response(s) and 2 exception(s):
2024-10-11 15:03:12,240 [s3@group-F860CA578C61-LeaderElection20] INFO  impl.LeaderElection (LeaderElection.java:logAndReturn(94)) -   Response 0: s3<-s4#0:OK-t2
2024-10-11 15:03:12,240 [s3@group-F860CA578C61-LeaderElection20] INFO  impl.LeaderElection (LogUtils.java:infoOrTrace(136)) -   Exception 1: java.util.concurrent.ExecutionException: org.apache.ratis.thirdparty.io.netty.channel.AbstractChannel$AnnotatedConnectException: finishConnect(..) failed: Connection refused: localhost/127.0.0.1:15148
2024-10-11 15:03:12,241 [s3@group-F860CA578C61-LeaderElection20] INFO  impl.LeaderElection (LogUtils.java:infoOrTrace(136)) -   Exception 2: java.util.concurrent.ExecutionException: org.apache.ratis.thirdparty.io.netty.channel.AbstractChannel$AnnotatedConnectException: finishConnect(..) failed: Connection refused: localhost/127.0.0.1:15140
2024-10-11 15:03:12,241 [s3@group-F860CA578C61-LeaderElection20] INFO  impl.LeaderElection (LeaderElection.java:askForVotes(339)) - s3@group-F860CA578C61-LeaderElection20 PRE_VOTE round 40: result TIMEOUT
2024-10-11 15:03:12,241 [s3@group-F860CA578C61-LeaderElection20] INFO  impl.LeaderElection (LeaderElection.java:askForVotes(337)) - s3@group-F860CA578C61-LeaderElection20 PRE_VOTE round 41: submit vote requests at term 2 for conf: {index: 1, cur=peers:[s3|localhost:15152, s4|localhost:15156, s0|localhost:15140, s1|localhost:15144, s2|localhost:15148]|listeners:[], old=null}
2024-10-11 15:03:12,242 [NettyRpcService-workerGroup--thread3] INFO  server.RaftServer$Division (RaftServerImpl.java:requestVote(1443)) - s4@group-F860CA578C61: receive requestVote(PRE_VOTE, s3, group-F860CA578C61, 2, (t:2, i:2))
2024-10-11 15:03:12,242 [NettyRpcService-workerGroup--thread3] INFO  impl.VoteContext (VoteContext.java:log(49)) - s4@group-F860CA578C61-CANDIDATE: accept PRE_VOTE from s3: our priority 0 <= candidate's priority 0
2024-10-11 15:03:12,242 [NettyRpcService-workerGroup--thread3] INFO  server.RaftServer$Division (RaftServerImpl.java:requestVote(1476)) - s4@group-F860CA578C61 replies to PRE_VOTE vote request: s3<-s4#0:OK-t2. Peer's state: s4@group-F860CA578C61:t2, leader=null, voted=s0, raftlog=Memoized:s4@group-F860CA578C61-SegmentedRaftLog:OPENED:c2:last(t:2, i:2), conf=conf: {index: 1, cur=peers:[s3|localhost:15152, s4|localhost:15156, s0|localhost:15140, s1|localhost:15144, s2|localhost:15148]|listeners:[], old=null}
2024-10-11 15:03:12,242 [s3@group-F860CA578C61-LeaderElection20] INFO  impl.LeaderElection (LogUtils.java:infoOrTrace(136)) - s3@group-F860CA578C61-LeaderElection20 got exception when requesting votes: java.util.concurrent.ExecutionException: org.apache.ratis.thirdparty.io.netty.channel.AbstractChannel$AnnotatedConnectException: finishConnect(..) failed: Connection refused: localhost/127.0.0.1:15140
2024-10-11 15:03:12,242 [s3@group-F860CA578C61-LeaderElection20] INFO  impl.LeaderElection (LogUtils.java:infoOrTrace(136)) - s3@group-F860CA578C61-LeaderElection20 got exception when requesting votes: java.util.concurrent.ExecutionException: org.apache.ratis.thirdparty.io.netty.channel.AbstractChannel$AnnotatedConnectException: finishConnect(..) failed: Connection refused: localhost/127.0.0.1:15148
2024-10-11 15:03:12,314 [s4@group-F860CA578C61-LeaderElection19] INFO  impl.LeaderElection (LeaderElection.java:logAndReturn(90)) - s4@group-F860CA578C61-LeaderElection19: PRE_VOTE TIMEOUT received 1 response(s) and 2 exception(s):
2024-10-11 15:03:12,314 [s4@group-F860CA578C61-LeaderElection19] INFO  impl.LeaderElection (LeaderElection.java:logAndReturn(94)) -   Response 0: s4<-s3#0:OK-t2
2024-10-11 15:03:12,314 [s4@group-F860CA578C61-LeaderElection19] INFO  impl.LeaderElection (LogUtils.java:infoOrTrace(136)) -   Exception 1: java.util.concurrent.ExecutionException: org.apache.ratis.thirdparty.io.netty.channel.AbstractChannel$AnnotatedConnectException: finishConnect(..) failed: Connection refused: localhost/127.0.0.1:15140
2024-10-11 15:03:12,314 [s4@group-F860CA578C61-LeaderElection19] INFO  impl.LeaderElection (LogUtils.java:infoOrTrace(136)) -   Exception 2: java.util.concurrent.ExecutionException: org.apache.ratis.thirdparty.io.netty.channel.AbstractChannel$AnnotatedConnectException: finishConnect(..) failed: Connection refused: localhost/127.0.0.1:15148
2024-10-11 15:03:12,315 [s4@group-F860CA578C61-LeaderElection19] INFO  impl.LeaderElection (LeaderElection.java:askForVotes(339)) - s4@group-F860CA578C61-LeaderElection19 PRE_VOTE round 52: result TIMEOUT
2024-10-11 15:03:12,315 [s4@group-F860CA578C61-LeaderElection19] INFO  impl.LeaderElection (LeaderElection.java:askForVotes(337)) - s4@group-F860CA578C61-LeaderElection19 PRE_VOTE round 53: submit vote requests at term 2 for conf: {index: 1, cur=peers:[s3|localhost:15152, s4|localhost:15156, s0|localhost:15140, s1|localhost:15144, s2|localhost:15148]|listeners:[], old=null}
2024-10-11 15:03:12,315 [NettyRpcService-workerGroup--thread3] INFO  server.RaftServer$Division (RaftServerImpl.java:requestVote(1443)) - s3@group-F860CA578C61: receive requestVote(PRE_VOTE, s4, group-F860CA578C61, 2, (t:2, i:2))
2024-10-11 15:03:12,315 [NettyRpcService-workerGroup--thread3] INFO  impl.VoteContext (VoteContext.java:log(49)) - s3@group-F860CA578C61-CANDIDATE: accept PRE_VOTE from s4: our priority 0 <= candidate's priority 0
2024-10-11 15:03:12,315 [NettyRpcService-workerGroup--thread3] INFO  server.RaftServer$Division (RaftServerImpl.java:requestVote(1476)) - s3@group-F860CA578C61 replies to PRE_VOTE vote request: s4<-s3#0:OK-t2. Peer's state: s3@group-F860CA578C61:t2, leader=null, voted=s0, raftlog=Memoized:s3@group-F860CA578C61-SegmentedRaftLog:OPENED:c2:last(t:2, i:2), conf=conf: {index: 1, cur=peers:[s3|localhost:15152, s4|localhost:15156, s0|localhost:15140, s1|localhost:15144, s2|localhost:15148]|listeners:[], old=null}
2024-10-11 15:03:12,315 [s4@group-F860CA578C61-LeaderElection19] INFO  impl.LeaderElection (LogUtils.java:infoOrTrace(136)) - s4@group-F860CA578C61-LeaderElection19 got exception when requesting votes: java.util.concurrent.ExecutionException: org.apache.ratis.thirdparty.io.netty.channel.AbstractChannel$AnnotatedConnectException: finishConnect(..) failed: Connection refused: localhost/127.0.0.1:15140
2024-10-11 15:03:12,316 [s4@group-F860CA578C61-LeaderElection19] INFO  impl.LeaderElection (LogUtils.java:infoOrTrace(136)) - s4@group-F860CA578C61-LeaderElection19 got exception when requesting votes: java.util.concurrent.ExecutionException: org.apache.ratis.thirdparty.io.netty.channel.AbstractChannel$AnnotatedConnectException: finishConnect(..) failed: Connection refused: localhost/127.0.0.1:15148
2024-10-11 15:03:12,393 [s3@group-F860CA578C61-LeaderElection20] INFO  impl.LeaderElection (LeaderElection.java:logAndReturn(90)) - s3@group-F860CA578C61-LeaderElection20: PRE_VOTE TIMEOUT received 1 response(s) and 2 exception(s):
2024-10-11 15:03:12,394 [s3@group-F860CA578C61-LeaderElection20] INFO  impl.LeaderElection (LeaderElection.java:logAndReturn(94)) -   Response 0: s3<-s4#0:OK-t2
2024-10-11 15:03:12,394 [s3@group-F860CA578C61-LeaderElection20] INFO  impl.LeaderElection (LogUtils.java:infoOrTrace(136)) -   Exception 1: java.util.concurrent.ExecutionException: org.apache.ratis.thirdparty.io.netty.channel.AbstractChannel$AnnotatedConnectException: finishConnect(..) failed: Connection refused: localhost/127.0.0.1:15140
2024-10-11 15:03:12,394 [s3@group-F860CA578C61-LeaderElection20] INFO  impl.LeaderElection (LogUtils.java:infoOrTrace(136)) -   Exception 2: java.util.concurrent.ExecutionException: org.apache.ratis.thirdparty.io.netty.channel.AbstractChannel$AnnotatedConnectException: finishConnect(..) failed: Connection refused: localhost/127.0.0.1:15148
2024-10-11 15:03:12,394 [s3@group-F860CA578C61-LeaderElection20] INFO  impl.LeaderElection (LeaderElection.java:askForVotes(339)) - s3@group-F860CA578C61-LeaderElection20 PRE_VOTE round 41: result TIMEOUT
2024-10-11 15:03:12,394 [s3@group-F860CA578C61-LeaderElection20] INFO  impl.LeaderElection (LeaderElection.java:askForVotes(337)) - s3@group-F860CA578C61-LeaderElection20 PRE_VOTE round 42: submit vote requests at term 2 for conf: {index: 1, cur=peers:[s3|localhost:15152, s4|localhost:15156, s0|localhost:15140, s1|localhost:15144, s2|localhost:15148]|listeners:[], old=null}
2024-10-11 15:03:12,395 [NettyRpcService-workerGroup--thread3] INFO  server.RaftServer$Division (RaftServerImpl.java:requestVote(1443)) - s4@group-F860CA578C61: receive requestVote(PRE_VOTE, s3, group-F860CA578C61, 2, (t:2, i:2))
2024-10-11 15:03:12,395 [NettyRpcService-workerGroup--thread3] INFO  impl.VoteContext (VoteContext.java:log(49)) - s4@group-F860CA578C61-CANDIDATE: accept PRE_VOTE from s3: our priority 0 <= candidate's priority 0
2024-10-11 15:03:12,395 [NettyRpcService-workerGroup--thread3] INFO  server.RaftServer$Division (RaftServerImpl.java:requestVote(1476)) - s4@group-F860CA578C61 replies to PRE_VOTE vote request: s3<-s4#0:OK-t2. Peer's state: s4@group-F860CA578C61:t2, leader=null, voted=s0, raftlog=Memoized:s4@group-F860CA578C61-SegmentedRaftLog:OPENED:c2:last(t:2, i:2), conf=conf: {index: 1, cur=peers:[s3|localhost:15152, s4|localhost:15156, s0|localhost:15140, s1|localhost:15144, s2|localhost:15148]|listeners:[], old=null}
2024-10-11 15:03:12,395 [s3@group-F860CA578C61-LeaderElection20] INFO  impl.LeaderElection (LogUtils.java:infoOrTrace(136)) - s3@group-F860CA578C61-LeaderElection20 got exception when requesting votes: java.util.concurrent.ExecutionException: org.apache.ratis.thirdparty.io.netty.channel.AbstractChannel$AnnotatedConnectException: finishConnect(..) failed: Connection refused: localhost/127.0.0.1:15140
2024-10-11 15:03:12,395 [s3@group-F860CA578C61-LeaderElection20] INFO  impl.LeaderElection (LogUtils.java:infoOrTrace(136)) - s3@group-F860CA578C61-LeaderElection20 got exception when requesting votes: java.util.concurrent.ExecutionException: org.apache.ratis.thirdparty.io.netty.channel.AbstractChannel$AnnotatedConnectException: finishConnect(..) failed: Connection refused: localhost/127.0.0.1:15148
2024-10-11 15:03:12,441 [main] WARN  ratis.RaftTestUtil (RaftTestUtil.java:lambda$waitForLeader$3(126)) - Attempt #27 failed: java.lang.IllegalStateException: No leader yet : printing ALL groups
  s3:  RUNNING CANDIDATE s3@group-F860CA578C61:t2, leader=null, voted=s0, raftlog=Memoized:s3@group-F860CA578C61-SegmentedRaftLog:OPENED:c2:last(t:2, i:2), conf=conf: {index: 1, cur=peers:[s3|localhost:15152, s4|localhost:15156, s0|localhost:15140, s1|localhost:15144, s2|localhost:15148]|listeners:[], old=null} RUNNING
  s4:  RUNNING CANDIDATE s4@group-F860CA578C61:t2, leader=null, voted=s0, raftlog=Memoized:s4@group-F860CA578C61-SegmentedRaftLog:OPENED:c2:last(t:2, i:2), conf=conf: {index: 1, cur=peers:[s3|localhost:15152, s4|localhost:15156, s0|localhost:15140, s1|localhost:15144, s2|localhost:15148]|listeners:[], old=null} RUNNING
  s0:   CLOSED    LEADER s0@group-F860CA578C61:t2, leader=s0, voted=s0, raftlog=Memoized:s0@group-F860CA578C61-SegmentedRaftLog:CLOSED:c2, conf=conf: {index: 1, cur=peers:[s3|localhost:15152, s4|localhost:15156, s0|localhost:15140, s1|localhost:15144, s2|localhost:15148]|listeners:[], old=null} CLOSED
  s1:  RUNNING  FOLLOWER s1@group-F860CA578C61:t1, leader=null, voted=null, raftlog=Memoized:s1@group-F860CA578C61-SegmentedRaftLog:OPENED:c-1:lastnull, conf=conf: {index: -1, cur=peers:[s3|localhost:15152, s4|localhost:15156, s0|localhost:15140, s1|localhost:15144, s2|localhost:15148]|listeners:[], old=null} RUNNING
  s2:   CLOSED    LEADER s2@group-F860CA578C61:t1, leader=s2, voted=s2, raftlog=Memoized:s2@group-F860CA578C61-SegmentedRaftLog:CLOSED:c0, conf=conf: {index: 0, cur=peers:[s3|localhost:15152, s4|localhost:15156, s0|localhost:15140, s1|localhost:15144, s2|localhost:15148]|listeners:[], old=null} CLOSED
2024-10-11 15:03:12,466 [s4@group-F860CA578C61-LeaderElection19] INFO  impl.LeaderElection (LeaderElection.java:logAndReturn(90)) - s4@group-F860CA578C61-LeaderElection19: PRE_VOTE TIMEOUT received 1 response(s) and 2 exception(s):
2024-10-11 15:03:12,466 [s4@group-F860CA578C61-LeaderElection19] INFO  impl.LeaderElection (LeaderElection.java:logAndReturn(94)) -   Response 0: s4<-s3#0:OK-t2
2024-10-11 15:03:12,466 [s4@group-F860CA578C61-LeaderElection19] INFO  impl.LeaderElection (LogUtils.java:infoOrTrace(136)) -   Exception 1: java.util.concurrent.ExecutionException: org.apache.ratis.thirdparty.io.netty.channel.AbstractChannel$AnnotatedConnectException: finishConnect(..) failed: Connection refused: localhost/127.0.0.1:15140
2024-10-11 15:03:12,466 [s4@group-F860CA578C61-LeaderElection19] INFO  impl.LeaderElection (LogUtils.java:infoOrTrace(136)) -   Exception 2: java.util.concurrent.ExecutionException: org.apache.ratis.thirdparty.io.netty.channel.AbstractChannel$AnnotatedConnectException: finishConnect(..) failed: Connection refused: localhost/127.0.0.1:15148
2024-10-11 15:03:12,466 [s4@group-F860CA578C61-LeaderElection19] INFO  impl.LeaderElection (LeaderElection.java:askForVotes(339)) - s4@group-F860CA578C61-LeaderElection19 PRE_VOTE round 53: result TIMEOUT
2024-10-11 15:03:12,466 [s4@group-F860CA578C61-LeaderElection19] INFO  impl.LeaderElection (LeaderElection.java:askForVotes(337)) - s4@group-F860CA578C61-LeaderElection19 PRE_VOTE round 54: submit vote requests at term 2 for conf: {index: 1, cur=peers:[s3|localhost:15152, s4|localhost:15156, s0|localhost:15140, s1|localhost:15144, s2|localhost:15148]|listeners:[], old=null}
2024-10-11 15:03:12,467 [NettyRpcService-workerGroup--thread3] INFO  server.RaftServer$Division (RaftServerImpl.java:requestVote(1443)) - s3@group-F860CA578C61: receive requestVote(PRE_VOTE, s4, group-F860CA578C61, 2, (t:2, i:2))
2024-10-11 15:03:12,467 [NettyRpcService-workerGroup--thread3] INFO  impl.VoteContext (VoteContext.java:log(49)) - s3@group-F860CA578C61-CANDIDATE: accept PRE_VOTE from s4: our priority 0 <= candidate's priority 0
2024-10-11 15:03:12,467 [s4@group-F860CA578C61-LeaderElection19] INFO  impl.LeaderElection (LogUtils.java:infoOrTrace(136)) - s4@group-F860CA578C61-LeaderElection19 got exception when requesting votes: java.util.concurrent.ExecutionException: org.apache.ratis.thirdparty.io.netty.channel.AbstractChannel$AnnotatedConnectException: finishConnect(..) failed: Connection refused: localhost/127.0.0.1:15140
2024-10-11 15:03:12,467 [NettyRpcService-workerGroup--thread3] INFO  server.RaftServer$Division (RaftServerImpl.java:requestVote(1476)) - s3@group-F860CA578C61 replies to PRE_VOTE vote request: s4<-s3#0:OK-t2. Peer's state: s3@group-F860CA578C61:t2, leader=null, voted=s0, raftlog=Memoized:s3@group-F860CA578C61-SegmentedRaftLog:OPENED:c2:last(t:2, i:2), conf=conf: {index: 1, cur=peers:[s3|localhost:15152, s4|localhost:15156, s0|localhost:15140, s1|localhost:15144, s2|localhost:15148]|listeners:[], old=null}
2024-10-11 15:03:12,467 [s4@group-F860CA578C61-LeaderElection19] INFO  impl.LeaderElection (LogUtils.java:infoOrTrace(136)) - s4@group-F860CA578C61-LeaderElection19 got exception when requesting votes: java.util.concurrent.ExecutionException: org.apache.ratis.thirdparty.io.netty.channel.AbstractChannel$AnnotatedConnectException: finishConnect(..) failed: Connection refused: localhost/127.0.0.1:15148
2024-10-11 15:03:12,627 [s3@group-F860CA578C61-LeaderElection20] INFO  impl.LeaderElection (LeaderElection.java:logAndReturn(90)) - s3@group-F860CA578C61-LeaderElection20: PRE_VOTE TIMEOUT received 1 response(s) and 2 exception(s):
2024-10-11 15:03:12,628 [s3@group-F860CA578C61-LeaderElection20] INFO  impl.LeaderElection (LeaderElection.java:logAndReturn(94)) -   Response 0: s3<-s4#0:OK-t2
2024-10-11 15:03:12,628 [s3@group-F860CA578C61-LeaderElection20] INFO  impl.LeaderElection (LogUtils.java:infoOrTrace(136)) -   Exception 1: java.util.concurrent.ExecutionException: org.apache.ratis.thirdparty.io.netty.channel.AbstractChannel$AnnotatedConnectException: finishConnect(..) failed: Connection refused: localhost/127.0.0.1:15140
2024-10-11 15:03:12,628 [s3@group-F860CA578C61-LeaderElection20] INFO  impl.LeaderElection (LogUtils.java:infoOrTrace(136)) -   Exception 2: java.util.concurrent.ExecutionException: org.apache.ratis.thirdparty.io.netty.channel.AbstractChannel$AnnotatedConnectException: finishConnect(..) failed: Connection refused: localhost/127.0.0.1:15148
2024-10-11 15:03:12,628 [s3@group-F860CA578C61-LeaderElection20] INFO  impl.LeaderElection (LeaderElection.java:askForVotes(339)) - s3@group-F860CA578C61-LeaderElection20 PRE_VOTE round 42: result TIMEOUT
2024-10-11 15:03:12,628 [s3@group-F860CA578C61-LeaderElection20] INFO  impl.LeaderElection (LeaderElection.java:askForVotes(337)) - s3@group-F860CA578C61-LeaderElection20 PRE_VOTE round 43: submit vote requests at term 2 for conf: {index: 1, cur=peers:[s3|localhost:15152, s4|localhost:15156, s0|localhost:15140, s1|localhost:15144, s2|localhost:15148]|listeners:[], old=null}
2024-10-11 15:03:12,629 [NettyRpcService-workerGroup--thread3] INFO  server.RaftServer$Division (RaftServerImpl.java:requestVote(1443)) - s4@group-F860CA578C61: receive requestVote(PRE_VOTE, s3, group-F860CA578C61, 2, (t:2, i:2))
2024-10-11 15:03:12,629 [NettyRpcService-workerGroup--thread3] INFO  impl.VoteContext (VoteContext.java:log(49)) - s4@group-F860CA578C61-CANDIDATE: accept PRE_VOTE from s3: our priority 0 <= candidate's priority 0
2024-10-11 15:03:12,629 [NettyRpcService-workerGroup--thread3] INFO  server.RaftServer$Division (RaftServerImpl.java:requestVote(1476)) - s4@group-F860CA578C61 replies to PRE_VOTE vote request: s3<-s4#0:OK-t2. Peer's state: s4@group-F860CA578C61:t2, leader=null, voted=s0, raftlog=Memoized:s4@group-F860CA578C61-SegmentedRaftLog:OPENED:c2:last(t:2, i:2), conf=conf: {index: 1, cur=peers:[s3|localhost:15152, s4|localhost:15156, s0|localhost:15140, s1|localhost:15144, s2|localhost:15148]|listeners:[], old=null}
2024-10-11 15:03:12,629 [s3@group-F860CA578C61-LeaderElection20] INFO  impl.LeaderElection (LogUtils.java:infoOrTrace(136)) - s3@group-F860CA578C61-LeaderElection20 got exception when requesting votes: java.util.concurrent.ExecutionException: org.apache.ratis.thirdparty.io.netty.channel.AbstractChannel$AnnotatedConnectException: finishConnect(..) failed: Connection refused: localhost/127.0.0.1:15140
2024-10-11 15:03:12,630 [s3@group-F860CA578C61-LeaderElection20] INFO  impl.LeaderElection (LogUtils.java:infoOrTrace(136)) - s3@group-F860CA578C61-LeaderElection20 got exception when requesting votes: java.util.concurrent.ExecutionException: org.apache.ratis.thirdparty.io.netty.channel.AbstractChannel$AnnotatedConnectException: finishConnect(..) failed: Connection refused: localhost/127.0.0.1:15148
2024-10-11 15:03:12,743 [s4@group-F860CA578C61-LeaderElection19] INFO  impl.LeaderElection (LeaderElection.java:logAndReturn(90)) - s4@group-F860CA578C61-LeaderElection19: PRE_VOTE TIMEOUT received 1 response(s) and 2 exception(s):
2024-10-11 15:03:12,744 [s4@group-F860CA578C61-LeaderElection19] INFO  impl.LeaderElection (LeaderElection.java:logAndReturn(94)) -   Response 0: s4<-s3#0:OK-t2
2024-10-11 15:03:12,744 [s4@group-F860CA578C61-LeaderElection19] INFO  impl.LeaderElection (LogUtils.java:infoOrTrace(136)) -   Exception 1: java.util.concurrent.ExecutionException: org.apache.ratis.thirdparty.io.netty.channel.AbstractChannel$AnnotatedConnectException: finishConnect(..) failed: Connection refused: localhost/127.0.0.1:15140
2024-10-11 15:03:12,744 [s4@group-F860CA578C61-LeaderElection19] INFO  impl.LeaderElection (LogUtils.java:infoOrTrace(136)) -   Exception 2: java.util.concurrent.ExecutionException: org.apache.ratis.thirdparty.io.netty.channel.AbstractChannel$AnnotatedConnectException: finishConnect(..) failed: Connection refused: localhost/127.0.0.1:15148
2024-10-11 15:03:12,744 [s4@group-F860CA578C61-LeaderElection19] INFO  impl.LeaderElection (LeaderElection.java:askForVotes(339)) - s4@group-F860CA578C61-LeaderElection19 PRE_VOTE round 54: result TIMEOUT
2024-10-11 15:03:12,744 [s4@group-F860CA578C61-LeaderElection19] INFO  impl.LeaderElection (LeaderElection.java:askForVotes(337)) - s4@group-F860CA578C61-LeaderElection19 PRE_VOTE round 55: submit vote requests at term 2 for conf: {index: 1, cur=peers:[s3|localhost:15152, s4|localhost:15156, s0|localhost:15140, s1|localhost:15144, s2|localhost:15148]|listeners:[], old=null}
2024-10-11 15:03:12,744 [NettyRpcService-workerGroup--thread3] INFO  server.RaftServer$Division (RaftServerImpl.java:requestVote(1443)) - s3@group-F860CA578C61: receive requestVote(PRE_VOTE, s4, group-F860CA578C61, 2, (t:2, i:2))
2024-10-11 15:03:12,745 [NettyRpcService-workerGroup--thread3] INFO  impl.VoteContext (VoteContext.java:log(49)) - s3@group-F860CA578C61-CANDIDATE: accept PRE_VOTE from s4: our priority 0 <= candidate's priority 0
2024-10-11 15:03:12,745 [NettyRpcService-workerGroup--thread3] INFO  server.RaftServer$Division (RaftServerImpl.java:requestVote(1476)) - s3@group-F860CA578C61 replies to PRE_VOTE vote request: s4<-s3#0:OK-t2. Peer's state: s3@group-F860CA578C61:t2, leader=null, voted=s0, raftlog=Memoized:s3@group-F860CA578C61-SegmentedRaftLog:OPENED:c2:last(t:2, i:2), conf=conf: {index: 1, cur=peers:[s3|localhost:15152, s4|localhost:15156, s0|localhost:15140, s1|localhost:15144, s2|localhost:15148]|listeners:[], old=null}
2024-10-11 15:03:12,745 [s4@group-F860CA578C61-LeaderElection19] INFO  impl.LeaderElection (LogUtils.java:infoOrTrace(136)) - s4@group-F860CA578C61-LeaderElection19 got exception when requesting votes: java.util.concurrent.ExecutionException: org.apache.ratis.thirdparty.io.netty.channel.AbstractChannel$AnnotatedConnectException: finishConnect(..) failed: Connection refused: localhost/127.0.0.1:15140
2024-10-11 15:03:12,745 [s4@group-F860CA578C61-LeaderElection19] INFO  impl.LeaderElection (LogUtils.java:infoOrTrace(136)) - s4@group-F860CA578C61-LeaderElection19 got exception when requesting votes: java.util.concurrent.ExecutionException: org.apache.ratis.thirdparty.io.netty.channel.AbstractChannel$AnnotatedConnectException: finishConnect(..) failed: Connection refused: localhost/127.0.0.1:15148
2024-10-11 15:03:12,842 [s3@group-F860CA578C61-LeaderElection20] INFO  impl.LeaderElection (LeaderElection.java:logAndReturn(90)) - s3@group-F860CA578C61-LeaderElection20: PRE_VOTE TIMEOUT received 1 response(s) and 2 exception(s):
2024-10-11 15:03:12,842 [s3@group-F860CA578C61-LeaderElection20] INFO  impl.LeaderElection (LeaderElection.java:logAndReturn(94)) -   Response 0: s3<-s4#0:OK-t2
2024-10-11 15:03:12,842 [s3@group-F860CA578C61-LeaderElection20] INFO  impl.LeaderElection (LogUtils.java:infoOrTrace(136)) -   Exception 1: java.util.concurrent.ExecutionException: org.apache.ratis.thirdparty.io.netty.channel.AbstractChannel$AnnotatedConnectException: finishConnect(..) failed: Connection refused: localhost/127.0.0.1:15140
2024-10-11 15:03:12,842 [s3@group-F860CA578C61-LeaderElection20] INFO  impl.LeaderElection (LogUtils.java:infoOrTrace(136)) -   Exception 2: java.util.concurrent.ExecutionException: org.apache.ratis.thirdparty.io.netty.channel.AbstractChannel$AnnotatedConnectException: finishConnect(..) failed: Connection refused: localhost/127.0.0.1:15148
2024-10-11 15:03:12,842 [s3@group-F860CA578C61-LeaderElection20] INFO  impl.LeaderElection (LeaderElection.java:askForVotes(339)) - s3@group-F860CA578C61-LeaderElection20 PRE_VOTE round 43: result TIMEOUT
2024-10-11 15:03:12,842 [s3@group-F860CA578C61-LeaderElection20] INFO  impl.LeaderElection (LeaderElection.java:askForVotes(337)) - s3@group-F860CA578C61-LeaderElection20 PRE_VOTE round 44: submit vote requests at term 2 for conf: {index: 1, cur=peers:[s3|localhost:15152, s4|localhost:15156, s0|localhost:15140, s1|localhost:15144, s2|localhost:15148]|listeners:[], old=null}
2024-10-11 15:03:12,843 [NettyRpcService-workerGroup--thread3] INFO  server.RaftServer$Division (RaftServerImpl.java:requestVote(1443)) - s4@group-F860CA578C61: receive requestVote(PRE_VOTE, s3, group-F860CA578C61, 2, (t:2, i:2))
2024-10-11 15:03:12,843 [NettyRpcService-workerGroup--thread3] INFO  impl.VoteContext (VoteContext.java:log(49)) - s4@group-F860CA578C61-CANDIDATE: accept PRE_VOTE from s3: our priority 0 <= candidate's priority 0
2024-10-11 15:03:12,843 [NettyRpcService-workerGroup--thread3] INFO  server.RaftServer$Division (RaftServerImpl.java:requestVote(1476)) - s4@group-F860CA578C61 replies to PRE_VOTE vote request: s3<-s4#0:OK-t2. Peer's state: s4@group-F860CA578C61:t2, leader=null, voted=s0, raftlog=Memoized:s4@group-F860CA578C61-SegmentedRaftLog:OPENED:c2:last(t:2, i:2), conf=conf: {index: 1, cur=peers:[s3|localhost:15152, s4|localhost:15156, s0|localhost:15140, s1|localhost:15144, s2|localhost:15148]|listeners:[], old=null}
2024-10-11 15:03:12,843 [s3@group-F860CA578C61-LeaderElection20] INFO  impl.LeaderElection (LogUtils.java:infoOrTrace(136)) - s3@group-F860CA578C61-LeaderElection20 got exception when requesting votes: java.util.concurrent.ExecutionException: org.apache.ratis.thirdparty.io.netty.channel.AbstractChannel$AnnotatedConnectException: finishConnect(..) failed: Connection refused: localhost/127.0.0.1:15148
2024-10-11 15:03:12,844 [s3@group-F860CA578C61-LeaderElection20] INFO  impl.LeaderElection (LogUtils.java:infoOrTrace(136)) - s3@group-F860CA578C61-LeaderElection20 got exception when requesting votes: java.util.concurrent.ExecutionException: org.apache.ratis.thirdparty.io.netty.channel.AbstractChannel$AnnotatedConnectException: finishConnect(..) failed: Connection refused: localhost/127.0.0.1:15140
2024-10-11 15:03:12,892 [main] WARN  ratis.RaftTestUtil (RaftTestUtil.java:lambda$waitForLeader$3(126)) - Attempt #28 failed: java.lang.IllegalStateException: No leader yet : printing ALL groups
  s3:  RUNNING CANDIDATE s3@group-F860CA578C61:t2, leader=null, voted=s0, raftlog=Memoized:s3@group-F860CA578C61-SegmentedRaftLog:OPENED:c2:last(t:2, i:2), conf=conf: {index: 1, cur=peers:[s3|localhost:15152, s4|localhost:15156, s0|localhost:15140, s1|localhost:15144, s2|localhost:15148]|listeners:[], old=null} RUNNING
  s4:  RUNNING CANDIDATE s4@group-F860CA578C61:t2, leader=null, voted=s0, raftlog=Memoized:s4@group-F860CA578C61-SegmentedRaftLog:OPENED:c2:last(t:2, i:2), conf=conf: {index: 1, cur=peers:[s3|localhost:15152, s4|localhost:15156, s0|localhost:15140, s1|localhost:15144, s2|localhost:15148]|listeners:[], old=null} RUNNING
  s0:   CLOSED    LEADER s0@group-F860CA578C61:t2, leader=s0, voted=s0, raftlog=Memoized:s0@group-F860CA578C61-SegmentedRaftLog:CLOSED:c2, conf=conf: {index: 1, cur=peers:[s3|localhost:15152, s4|localhost:15156, s0|localhost:15140, s1|localhost:15144, s2|localhost:15148]|listeners:[], old=null} CLOSED
  s1:  RUNNING  FOLLOWER s1@group-F860CA578C61:t1, leader=null, voted=null, raftlog=Memoized:s1@group-F860CA578C61-SegmentedRaftLog:OPENED:c-1:lastnull, conf=conf: {index: -1, cur=peers:[s3|localhost:15152, s4|localhost:15156, s0|localhost:15140, s1|localhost:15144, s2|localhost:15148]|listeners:[], old=null} RUNNING
  s2:   CLOSED    LEADER s2@group-F860CA578C61:t1, leader=s2, voted=s2, raftlog=Memoized:s2@group-F860CA578C61-SegmentedRaftLog:CLOSED:c0, conf=conf: {index: 0, cur=peers:[s3|localhost:15152, s4|localhost:15156, s0|localhost:15140, s1|localhost:15144, s2|localhost:15148]|listeners:[], old=null} CLOSED
2024-10-11 15:03:13,010 [s4@group-F860CA578C61-LeaderElection19] INFO  impl.LeaderElection (LeaderElection.java:logAndReturn(90)) - s4@group-F860CA578C61-LeaderElection19: PRE_VOTE TIMEOUT received 1 response(s) and 2 exception(s):
2024-10-11 15:03:13,011 [s4@group-F860CA578C61-LeaderElection19] INFO  impl.LeaderElection (LeaderElection.java:logAndReturn(94)) -   Response 0: s4<-s3#0:OK-t2
2024-10-11 15:03:13,011 [s4@group-F860CA578C61-LeaderElection19] INFO  impl.LeaderElection (LogUtils.java:infoOrTrace(136)) -   Exception 1: java.util.concurrent.ExecutionException: org.apache.ratis.thirdparty.io.netty.channel.AbstractChannel$AnnotatedConnectException: finishConnect(..) failed: Connection refused: localhost/127.0.0.1:15140
2024-10-11 15:03:13,011 [s4@group-F860CA578C61-LeaderElection19] INFO  impl.LeaderElection (LogUtils.java:infoOrTrace(136)) -   Exception 2: java.util.concurrent.ExecutionException: org.apache.ratis.thirdparty.io.netty.channel.AbstractChannel$AnnotatedConnectException: finishConnect(..) failed: Connection refused: localhost/127.0.0.1:15148
2024-10-11 15:03:13,011 [s4@group-F860CA578C61-LeaderElection19] INFO  impl.LeaderElection (LeaderElection.java:askForVotes(339)) - s4@group-F860CA578C61-LeaderElection19 PRE_VOTE round 55: result TIMEOUT
2024-10-11 15:03:13,011 [s4@group-F860CA578C61-LeaderElection19] INFO  impl.LeaderElection (LeaderElection.java:askForVotes(337)) - s4@group-F860CA578C61-LeaderElection19 PRE_VOTE round 56: submit vote requests at term 2 for conf: {index: 1, cur=peers:[s3|localhost:15152, s4|localhost:15156, s0|localhost:15140, s1|localhost:15144, s2|localhost:15148]|listeners:[], old=null}
2024-10-11 15:03:13,012 [NettyRpcService-workerGroup--thread3] INFO  server.RaftServer$Division (RaftServerImpl.java:requestVote(1443)) - s3@group-F860CA578C61: receive requestVote(PRE_VOTE, s4, group-F860CA578C61, 2, (t:2, i:2))
2024-10-11 15:03:13,012 [NettyRpcService-workerGroup--thread3] INFO  impl.VoteContext (VoteContext.java:log(49)) - s3@group-F860CA578C61-CANDIDATE: accept PRE_VOTE from s4: our priority 0 <= candidate's priority 0
2024-10-11 15:03:13,012 [NettyRpcService-workerGroup--thread3] INFO  server.RaftServer$Division (RaftServerImpl.java:requestVote(1476)) - s3@group-F860CA578C61 replies to PRE_VOTE vote request: s4<-s3#0:OK-t2. Peer's state: s3@group-F860CA578C61:t2, leader=null, voted=s0, raftlog=Memoized:s3@group-F860CA578C61-SegmentedRaftLog:OPENED:c2:last(t:2, i:2), conf=conf: {index: 1, cur=peers:[s3|localhost:15152, s4|localhost:15156, s0|localhost:15140, s1|localhost:15144, s2|localhost:15148]|listeners:[], old=null}
2024-10-11 15:03:13,012 [s4@group-F860CA578C61-LeaderElection19] INFO  impl.LeaderElection (LogUtils.java:infoOrTrace(136)) - s4@group-F860CA578C61-LeaderElection19 got exception when requesting votes: java.util.concurrent.ExecutionException: org.apache.ratis.thirdparty.io.netty.channel.AbstractChannel$AnnotatedConnectException: finishConnect(..) failed: Connection refused: localhost/127.0.0.1:15140
2024-10-11 15:03:13,012 [s4@group-F860CA578C61-LeaderElection19] INFO  impl.LeaderElection (LogUtils.java:infoOrTrace(136)) - s4@group-F860CA578C61-LeaderElection19 got exception when requesting votes: java.util.concurrent.ExecutionException: org.apache.ratis.thirdparty.io.netty.channel.AbstractChannel$AnnotatedConnectException: finishConnect(..) failed: Connection refused: localhost/127.0.0.1:15148
2024-10-11 15:03:13,125 [s3@group-F860CA578C61-LeaderElection20] INFO  impl.LeaderElection (LeaderElection.java:logAndReturn(90)) - s3@group-F860CA578C61-LeaderElection20: PRE_VOTE TIMEOUT received 1 response(s) and 2 exception(s):
2024-10-11 15:03:13,125 [s3@group-F860CA578C61-LeaderElection20] INFO  impl.LeaderElection (LeaderElection.java:logAndReturn(94)) -   Response 0: s3<-s4#0:OK-t2
2024-10-11 15:03:13,125 [s3@group-F860CA578C61-LeaderElection20] INFO  impl.LeaderElection (LogUtils.java:infoOrTrace(136)) -   Exception 1: java.util.concurrent.ExecutionException: org.apache.ratis.thirdparty.io.netty.channel.AbstractChannel$AnnotatedConnectException: finishConnect(..) failed: Connection refused: localhost/127.0.0.1:15148
2024-10-11 15:03:13,125 [s3@group-F860CA578C61-LeaderElection20] INFO  impl.LeaderElection (LogUtils.java:infoOrTrace(136)) -   Exception 2: java.util.concurrent.ExecutionException: org.apache.ratis.thirdparty.io.netty.channel.AbstractChannel$AnnotatedConnectException: finishConnect(..) failed: Connection refused: localhost/127.0.0.1:15140
2024-10-11 15:03:13,125 [s3@group-F860CA578C61-LeaderElection20] INFO  impl.LeaderElection (LeaderElection.java:askForVotes(339)) - s3@group-F860CA578C61-LeaderElection20 PRE_VOTE round 44: result TIMEOUT
2024-10-11 15:03:13,125 [s3@group-F860CA578C61-LeaderElection20] INFO  impl.LeaderElection (LeaderElection.java:askForVotes(337)) - s3@group-F860CA578C61-LeaderElection20 PRE_VOTE round 45: submit vote requests at term 2 for conf: {index: 1, cur=peers:[s3|localhost:15152, s4|localhost:15156, s0|localhost:15140, s1|localhost:15144, s2|localhost:15148]|listeners:[], old=null}
2024-10-11 15:03:13,126 [NettyRpcService-workerGroup--thread3] INFO  server.RaftServer$Division (RaftServerImpl.java:requestVote(1443)) - s4@group-F860CA578C61: receive requestVote(PRE_VOTE, s3, group-F860CA578C61, 2, (t:2, i:2))
2024-10-11 15:03:13,126 [NettyRpcService-workerGroup--thread3] INFO  impl.VoteContext (VoteContext.java:log(49)) - s4@group-F860CA578C61-CANDIDATE: accept PRE_VOTE from s3: our priority 0 <= candidate's priority 0
2024-10-11 15:03:13,126 [NettyRpcService-workerGroup--thread3] INFO  server.RaftServer$Division (RaftServerImpl.java:requestVote(1476)) - s4@group-F860CA578C61 replies to PRE_VOTE vote request: s3<-s4#0:OK-t2. Peer's state: s4@group-F860CA578C61:t2, leader=null, voted=s0, raftlog=Memoized:s4@group-F860CA578C61-SegmentedRaftLog:OPENED:c2:last(t:2, i:2), conf=conf: {index: 1, cur=peers:[s3|localhost:15152, s4|localhost:15156, s0|localhost:15140, s1|localhost:15144, s2|localhost:15148]|listeners:[], old=null}
2024-10-11 15:03:13,126 [s3@group-F860CA578C61-LeaderElection20] INFO  impl.LeaderElection (LogUtils.java:infoOrTrace(136)) - s3@group-F860CA578C61-LeaderElection20 got exception when requesting votes: java.util.concurrent.ExecutionException: org.apache.ratis.thirdparty.io.netty.channel.AbstractChannel$AnnotatedConnectException: finishConnect(..) failed: Connection refused: localhost/127.0.0.1:15140
2024-10-11 15:03:13,126 [s3@group-F860CA578C61-LeaderElection20] INFO  impl.LeaderElection (LogUtils.java:infoOrTrace(136)) - s3@group-F860CA578C61-LeaderElection20 got exception when requesting votes: java.util.concurrent.ExecutionException: org.apache.ratis.thirdparty.io.netty.channel.AbstractChannel$AnnotatedConnectException: finishConnect(..) failed: Connection refused: localhost/127.0.0.1:15148
2024-10-11 15:03:13,211 [s4@group-F860CA578C61-LeaderElection19] INFO  impl.LeaderElection (LeaderElection.java:logAndReturn(90)) - s4@group-F860CA578C61-LeaderElection19: PRE_VOTE TIMEOUT received 1 response(s) and 2 exception(s):
2024-10-11 15:03:13,212 [s4@group-F860CA578C61-LeaderElection19] INFO  impl.LeaderElection (LeaderElection.java:logAndReturn(94)) -   Response 0: s4<-s3#0:OK-t2
2024-10-11 15:03:13,212 [s4@group-F860CA578C61-LeaderElection19] INFO  impl.LeaderElection (LogUtils.java:infoOrTrace(136)) -   Exception 1: java.util.concurrent.ExecutionException: org.apache.ratis.thirdparty.io.netty.channel.AbstractChannel$AnnotatedConnectException: finishConnect(..) failed: Connection refused: localhost/127.0.0.1:15140
2024-10-11 15:03:13,212 [s4@group-F860CA578C61-LeaderElection19] INFO  impl.LeaderElection (LogUtils.java:infoOrTrace(136)) -   Exception 2: java.util.concurrent.ExecutionException: org.apache.ratis.thirdparty.io.netty.channel.AbstractChannel$AnnotatedConnectException: finishConnect(..) failed: Connection refused: localhost/127.0.0.1:15148
2024-10-11 15:03:13,212 [s4@group-F860CA578C61-LeaderElection19] INFO  impl.LeaderElection (LeaderElection.java:askForVotes(339)) - s4@group-F860CA578C61-LeaderElection19 PRE_VOTE round 56: result TIMEOUT
2024-10-11 15:03:13,212 [s4@group-F860CA578C61-LeaderElection19] INFO  impl.LeaderElection (LeaderElection.java:askForVotes(337)) - s4@group-F860CA578C61-LeaderElection19 PRE_VOTE round 57: submit vote requests at term 2 for conf: {index: 1, cur=peers:[s3|localhost:15152, s4|localhost:15156, s0|localhost:15140, s1|localhost:15144, s2|localhost:15148]|listeners:[], old=null}
2024-10-11 15:03:13,212 [NettyRpcService-workerGroup--thread3] INFO  server.RaftServer$Division (RaftServerImpl.java:requestVote(1443)) - s3@group-F860CA578C61: receive requestVote(PRE_VOTE, s4, group-F860CA578C61, 2, (t:2, i:2))
2024-10-11 15:03:13,213 [NettyRpcService-workerGroup--thread3] INFO  impl.VoteContext (VoteContext.java:log(49)) - s3@group-F860CA578C61-CANDIDATE: accept PRE_VOTE from s4: our priority 0 <= candidate's priority 0
2024-10-11 15:03:13,213 [s4@group-F860CA578C61-LeaderElection19] INFO  impl.LeaderElection (LogUtils.java:infoOrTrace(136)) - s4@group-F860CA578C61-LeaderElection19 got exception when requesting votes: java.util.concurrent.ExecutionException: org.apache.ratis.thirdparty.io.netty.channel.AbstractChannel$AnnotatedConnectException: finishConnect(..) failed: Connection refused: localhost/127.0.0.1:15140
2024-10-11 15:03:13,213 [NettyRpcService-workerGroup--thread3] INFO  server.RaftServer$Division (RaftServerImpl.java:requestVote(1476)) - s3@group-F860CA578C61 replies to PRE_VOTE vote request: s4<-s3#0:OK-t2. Peer's state: s3@group-F860CA578C61:t2, leader=null, voted=s0, raftlog=Memoized:s3@group-F860CA578C61-SegmentedRaftLog:OPENED:c2:last(t:2, i:2), conf=conf: {index: 1, cur=peers:[s3|localhost:15152, s4|localhost:15156, s0|localhost:15140, s1|localhost:15144, s2|localhost:15148]|listeners:[], old=null}
2024-10-11 15:03:13,214 [s4@group-F860CA578C61-LeaderElection19] INFO  impl.LeaderElection (LogUtils.java:infoOrTrace(136)) - s4@group-F860CA578C61-LeaderElection19 got exception when requesting votes: java.util.concurrent.ExecutionException: org.apache.ratis.thirdparty.io.netty.channel.AbstractChannel$AnnotatedConnectException: finishConnect(..) failed: Connection refused: localhost/127.0.0.1:15148
2024-10-11 15:03:13,290 [s3@group-F860CA578C61-LeaderElection20] INFO  impl.LeaderElection (LeaderElection.java:logAndReturn(90)) - s3@group-F860CA578C61-LeaderElection20: PRE_VOTE TIMEOUT received 1 response(s) and 2 exception(s):
2024-10-11 15:03:13,290 [s3@group-F860CA578C61-LeaderElection20] INFO  impl.LeaderElection (LeaderElection.java:logAndReturn(94)) -   Response 0: s3<-s4#0:OK-t2
2024-10-11 15:03:13,290 [s3@group-F860CA578C61-LeaderElection20] INFO  impl.LeaderElection (LogUtils.java:infoOrTrace(136)) -   Exception 1: java.util.concurrent.ExecutionException: org.apache.ratis.thirdparty.io.netty.channel.AbstractChannel$AnnotatedConnectException: finishConnect(..) failed: Connection refused: localhost/127.0.0.1:15140
2024-10-11 15:03:13,290 [s3@group-F860CA578C61-LeaderElection20] INFO  impl.LeaderElection (LogUtils.java:infoOrTrace(136)) -   Exception 2: java.util.concurrent.ExecutionException: org.apache.ratis.thirdparty.io.netty.channel.AbstractChannel$AnnotatedConnectException: finishConnect(..) failed: Connection refused: localhost/127.0.0.1:15148
2024-10-11 15:03:13,290 [s3@group-F860CA578C61-LeaderElection20] INFO  impl.LeaderElection (LeaderElection.java:askForVotes(339)) - s3@group-F860CA578C61-LeaderElection20 PRE_VOTE round 45: result TIMEOUT
2024-10-11 15:03:13,290 [s3@group-F860CA578C61-LeaderElection20] INFO  impl.LeaderElection (LeaderElection.java:askForVotes(337)) - s3@group-F860CA578C61-LeaderElection20 PRE_VOTE round 46: submit vote requests at term 2 for conf: {index: 1, cur=peers:[s3|localhost:15152, s4|localhost:15156, s0|localhost:15140, s1|localhost:15144, s2|localhost:15148]|listeners:[], old=null}
2024-10-11 15:03:13,291 [NettyRpcService-workerGroup--thread3] INFO  server.RaftServer$Division (RaftServerImpl.java:requestVote(1443)) - s4@group-F860CA578C61: receive requestVote(PRE_VOTE, s3, group-F860CA578C61, 2, (t:2, i:2))
2024-10-11 15:03:13,291 [NettyRpcService-workerGroup--thread3] INFO  impl.VoteContext (VoteContext.java:log(49)) - s4@group-F860CA578C61-CANDIDATE: accept PRE_VOTE from s3: our priority 0 <= candidate's priority 0
2024-10-11 15:03:13,291 [NettyRpcService-workerGroup--thread3] INFO  server.RaftServer$Division (RaftServerImpl.java:requestVote(1476)) - s4@group-F860CA578C61 replies to PRE_VOTE vote request: s3<-s4#0:OK-t2. Peer's state: s4@group-F860CA578C61:t2, leader=null, voted=s0, raftlog=Memoized:s4@group-F860CA578C61-SegmentedRaftLog:OPENED:c2:last(t:2, i:2), conf=conf: {index: 1, cur=peers:[s3|localhost:15152, s4|localhost:15156, s0|localhost:15140, s1|localhost:15144, s2|localhost:15148]|listeners:[], old=null}
2024-10-11 15:03:13,291 [s3@group-F860CA578C61-LeaderElection20] INFO  impl.LeaderElection (LogUtils.java:infoOrTrace(136)) - s3@group-F860CA578C61-LeaderElection20 got exception when requesting votes: java.util.concurrent.ExecutionException: org.apache.ratis.thirdparty.io.netty.channel.AbstractChannel$AnnotatedConnectException: finishConnect(..) failed: Connection refused: localhost/127.0.0.1:15140
2024-10-11 15:03:13,291 [s3@group-F860CA578C61-LeaderElection20] INFO  impl.LeaderElection (LogUtils.java:infoOrTrace(136)) - s3@group-F860CA578C61-LeaderElection20 got exception when requesting votes: java.util.concurrent.ExecutionException: org.apache.ratis.thirdparty.io.netty.channel.AbstractChannel$AnnotatedConnectException: finishConnect(..) failed: Connection refused: localhost/127.0.0.1:15148
2024-10-11 15:03:13,342 [main] WARN  ratis.RaftTestUtil (RaftTestUtil.java:lambda$waitForLeader$3(126)) - Attempt #29 failed: java.lang.IllegalStateException: No leader yet : printing ALL groups
  s3:  RUNNING CANDIDATE s3@group-F860CA578C61:t2, leader=null, voted=s0, raftlog=Memoized:s3@group-F860CA578C61-SegmentedRaftLog:OPENED:c2:last(t:2, i:2), conf=conf: {index: 1, cur=peers:[s3|localhost:15152, s4|localhost:15156, s0|localhost:15140, s1|localhost:15144, s2|localhost:15148]|listeners:[], old=null} RUNNING
  s4:  RUNNING CANDIDATE s4@group-F860CA578C61:t2, leader=null, voted=s0, raftlog=Memoized:s4@group-F860CA578C61-SegmentedRaftLog:OPENED:c2:last(t:2, i:2), conf=conf: {index: 1, cur=peers:[s3|localhost:15152, s4|localhost:15156, s0|localhost:15140, s1|localhost:15144, s2|localhost:15148]|listeners:[], old=null} RUNNING
  s0:   CLOSED    LEADER s0@group-F860CA578C61:t2, leader=s0, voted=s0, raftlog=Memoized:s0@group-F860CA578C61-SegmentedRaftLog:CLOSED:c2, conf=conf: {index: 1, cur=peers:[s3|localhost:15152, s4|localhost:15156, s0|localhost:15140, s1|localhost:15144, s2|localhost:15148]|listeners:[], old=null} CLOSED
  s1:  RUNNING  FOLLOWER s1@group-F860CA578C61:t1, leader=null, voted=null, raftlog=Memoized:s1@group-F860CA578C61-SegmentedRaftLog:OPENED:c-1:lastnull, conf=conf: {index: -1, cur=peers:[s3|localhost:15152, s4|localhost:15156, s0|localhost:15140, s1|localhost:15144, s2|localhost:15148]|listeners:[], old=null} RUNNING
  s2:   CLOSED    LEADER s2@group-F860CA578C61:t1, leader=s2, voted=s2, raftlog=Memoized:s2@group-F860CA578C61-SegmentedRaftLog:CLOSED:c0, conf=conf: {index: 0, cur=peers:[s3|localhost:15152, s4|localhost:15156, s0|localhost:15140, s1|localhost:15144, s2|localhost:15148]|listeners:[], old=null} CLOSED
2024-10-11 15:03:13,410 [s4@group-F860CA578C61-LeaderElection19] INFO  impl.LeaderElection (LeaderElection.java:logAndReturn(90)) - s4@group-F860CA578C61-LeaderElection19: PRE_VOTE TIMEOUT received 1 response(s) and 2 exception(s):
2024-10-11 15:03:13,411 [s4@group-F860CA578C61-LeaderElection19] INFO  impl.LeaderElection (LeaderElection.java:logAndReturn(94)) -   Response 0: s4<-s3#0:OK-t2
2024-10-11 15:03:13,411 [s4@group-F860CA578C61-LeaderElection19] INFO  impl.LeaderElection (LogUtils.java:infoOrTrace(136)) -   Exception 1: java.util.concurrent.ExecutionException: org.apache.ratis.thirdparty.io.netty.channel.AbstractChannel$AnnotatedConnectException: finishConnect(..) failed: Connection refused: localhost/127.0.0.1:15140
2024-10-11 15:03:13,411 [s4@group-F860CA578C61-LeaderElection19] INFO  impl.LeaderElection (LogUtils.java:infoOrTrace(136)) -   Exception 2: java.util.concurrent.ExecutionException: org.apache.ratis.thirdparty.io.netty.channel.AbstractChannel$AnnotatedConnectException: finishConnect(..) failed: Connection refused: localhost/127.0.0.1:15148
2024-10-11 15:03:13,411 [s4@group-F860CA578C61-LeaderElection19] INFO  impl.LeaderElection (LeaderElection.java:askForVotes(339)) - s4@group-F860CA578C61-LeaderElection19 PRE_VOTE round 57: result TIMEOUT
2024-10-11 15:03:13,411 [s4@group-F860CA578C61-LeaderElection19] INFO  impl.LeaderElection (LeaderElection.java:askForVotes(337)) - s4@group-F860CA578C61-LeaderElection19 PRE_VOTE round 58: submit vote requests at term 2 for conf: {index: 1, cur=peers:[s3|localhost:15152, s4|localhost:15156, s0|localhost:15140, s1|localhost:15144, s2|localhost:15148]|listeners:[], old=null}
2024-10-11 15:03:13,412 [NettyRpcService-workerGroup--thread3] INFO  server.RaftServer$Division (RaftServerImpl.java:requestVote(1443)) - s3@group-F860CA578C61: receive requestVote(PRE_VOTE, s4, group-F860CA578C61, 2, (t:2, i:2))
2024-10-11 15:03:13,412 [NettyRpcService-workerGroup--thread3] INFO  impl.VoteContext (VoteContext.java:log(49)) - s3@group-F860CA578C61-CANDIDATE: accept PRE_VOTE from s4: our priority 0 <= candidate's priority 0
2024-10-11 15:03:13,412 [NettyRpcService-workerGroup--thread3] INFO  server.RaftServer$Division (RaftServerImpl.java:requestVote(1476)) - s3@group-F860CA578C61 replies to PRE_VOTE vote request: s4<-s3#0:OK-t2. Peer's state: s3@group-F860CA578C61:t2, leader=null, voted=s0, raftlog=Memoized:s3@group-F860CA578C61-SegmentedRaftLog:OPENED:c2:last(t:2, i:2), conf=conf: {index: 1, cur=peers:[s3|localhost:15152, s4|localhost:15156, s0|localhost:15140, s1|localhost:15144, s2|localhost:15148]|listeners:[], old=null}
2024-10-11 15:03:13,412 [s4@group-F860CA578C61-LeaderElection19] INFO  impl.LeaderElection (LogUtils.java:infoOrTrace(136)) - s4@group-F860CA578C61-LeaderElection19 got exception when requesting votes: java.util.concurrent.ExecutionException: org.apache.ratis.thirdparty.io.netty.channel.AbstractChannel$AnnotatedConnectException: finishConnect(..) failed: Connection refused: localhost/127.0.0.1:15140
2024-10-11 15:03:13,413 [s4@group-F860CA578C61-LeaderElection19] INFO  impl.LeaderElection (LogUtils.java:infoOrTrace(136)) - s4@group-F860CA578C61-LeaderElection19 got exception when requesting votes: java.util.concurrent.ExecutionException: org.apache.ratis.thirdparty.io.netty.channel.AbstractChannel$AnnotatedConnectException: finishConnect(..) failed: Connection refused: localhost/127.0.0.1:15148
2024-10-11 15:03:13,528 [s3@group-F860CA578C61-LeaderElection20] INFO  impl.LeaderElection (LeaderElection.java:logAndReturn(90)) - s3@group-F860CA578C61-LeaderElection20: PRE_VOTE TIMEOUT received 1 response(s) and 2 exception(s):
2024-10-11 15:03:13,528 [s3@group-F860CA578C61-LeaderElection20] INFO  impl.LeaderElection (LeaderElection.java:logAndReturn(94)) -   Response 0: s3<-s4#0:OK-t2
2024-10-11 15:03:13,528 [s3@group-F860CA578C61-LeaderElection20] INFO  impl.LeaderElection (LogUtils.java:infoOrTrace(136)) -   Exception 1: java.util.concurrent.ExecutionException: org.apache.ratis.thirdparty.io.netty.channel.AbstractChannel$AnnotatedConnectException: finishConnect(..) failed: Connection refused: localhost/127.0.0.1:15140
2024-10-11 15:03:13,528 [s3@group-F860CA578C61-LeaderElection20] INFO  impl.LeaderElection (LogUtils.java:infoOrTrace(136)) -   Exception 2: java.util.concurrent.ExecutionException: org.apache.ratis.thirdparty.io.netty.channel.AbstractChannel$AnnotatedConnectException: finishConnect(..) failed: Connection refused: localhost/127.0.0.1:15148
2024-10-11 15:03:13,528 [s3@group-F860CA578C61-LeaderElection20] INFO  impl.LeaderElection (LeaderElection.java:askForVotes(339)) - s3@group-F860CA578C61-LeaderElection20 PRE_VOTE round 46: result TIMEOUT
2024-10-11 15:03:13,528 [s3@group-F860CA578C61-LeaderElection20] INFO  impl.LeaderElection (LeaderElection.java:askForVotes(337)) - s3@group-F860CA578C61-LeaderElection20 PRE_VOTE round 47: submit vote requests at term 2 for conf: {index: 1, cur=peers:[s3|localhost:15152, s4|localhost:15156, s0|localhost:15140, s1|localhost:15144, s2|localhost:15148]|listeners:[], old=null}
2024-10-11 15:03:13,529 [NettyRpcService-workerGroup--thread3] INFO  server.RaftServer$Division (RaftServerImpl.java:requestVote(1443)) - s4@group-F860CA578C61: receive requestVote(PRE_VOTE, s3, group-F860CA578C61, 2, (t:2, i:2))
2024-10-11 15:03:13,529 [NettyRpcService-workerGroup--thread3] INFO  impl.VoteContext (VoteContext.java:log(49)) - s4@group-F860CA578C61-CANDIDATE: accept PRE_VOTE from s3: our priority 0 <= candidate's priority 0
2024-10-11 15:03:13,529 [NettyRpcService-workerGroup--thread3] INFO  server.RaftServer$Division (RaftServerImpl.java:requestVote(1476)) - s4@group-F860CA578C61 replies to PRE_VOTE vote request: s3<-s4#0:OK-t2. Peer's state: s4@group-F860CA578C61:t2, leader=null, voted=s0, raftlog=Memoized:s4@group-F860CA578C61-SegmentedRaftLog:OPENED:c2:last(t:2, i:2), conf=conf: {index: 1, cur=peers:[s3|localhost:15152, s4|localhost:15156, s0|localhost:15140, s1|localhost:15144, s2|localhost:15148]|listeners:[], old=null}
2024-10-11 15:03:13,529 [s3@group-F860CA578C61-LeaderElection20] INFO  impl.LeaderElection (LogUtils.java:infoOrTrace(136)) - s3@group-F860CA578C61-LeaderElection20 got exception when requesting votes: java.util.concurrent.ExecutionException: org.apache.ratis.thirdparty.io.netty.channel.AbstractChannel$AnnotatedConnectException: finishConnect(..) failed: Connection refused: localhost/127.0.0.1:15140
2024-10-11 15:03:13,529 [s3@group-F860CA578C61-LeaderElection20] INFO  impl.LeaderElection (LogUtils.java:infoOrTrace(136)) - s3@group-F860CA578C61-LeaderElection20 got exception when requesting votes: java.util.concurrent.ExecutionException: org.apache.ratis.thirdparty.io.netty.channel.AbstractChannel$AnnotatedConnectException: finishConnect(..) failed: Connection refused: localhost/127.0.0.1:15148
2024-10-11 15:03:13,637 [s4@group-F860CA578C61-LeaderElection19] INFO  impl.LeaderElection (LeaderElection.java:logAndReturn(90)) - s4@group-F860CA578C61-LeaderElection19: PRE_VOTE TIMEOUT received 1 response(s) and 2 exception(s):
2024-10-11 15:03:13,637 [s4@group-F860CA578C61-LeaderElection19] INFO  impl.LeaderElection (LeaderElection.java:logAndReturn(94)) -   Response 0: s4<-s3#0:OK-t2
2024-10-11 15:03:13,637 [s4@group-F860CA578C61-LeaderElection19] INFO  impl.LeaderElection (LogUtils.java:infoOrTrace(136)) -   Exception 1: java.util.concurrent.ExecutionException: org.apache.ratis.thirdparty.io.netty.channel.AbstractChannel$AnnotatedConnectException: finishConnect(..) failed: Connection refused: localhost/127.0.0.1:15140
2024-10-11 15:03:13,637 [s4@group-F860CA578C61-LeaderElection19] INFO  impl.LeaderElection (LogUtils.java:infoOrTrace(136)) -   Exception 2: java.util.concurrent.ExecutionException: org.apache.ratis.thirdparty.io.netty.channel.AbstractChannel$AnnotatedConnectException: finishConnect(..) failed: Connection refused: localhost/127.0.0.1:15148
2024-10-11 15:03:13,637 [s4@group-F860CA578C61-LeaderElection19] INFO  impl.LeaderElection (LeaderElection.java:askForVotes(339)) - s4@group-F860CA578C61-LeaderElection19 PRE_VOTE round 58: result TIMEOUT
2024-10-11 15:03:13,637 [s4@group-F860CA578C61-LeaderElection19] INFO  impl.LeaderElection (LeaderElection.java:askForVotes(337)) - s4@group-F860CA578C61-LeaderElection19 PRE_VOTE round 59: submit vote requests at term 2 for conf: {index: 1, cur=peers:[s3|localhost:15152, s4|localhost:15156, s0|localhost:15140, s1|localhost:15144, s2|localhost:15148]|listeners:[], old=null}
2024-10-11 15:03:13,638 [NettyRpcService-workerGroup--thread3] INFO  server.RaftServer$Division (RaftServerImpl.java:requestVote(1443)) - s3@group-F860CA578C61: receive requestVote(PRE_VOTE, s4, group-F860CA578C61, 2, (t:2, i:2))
2024-10-11 15:03:13,638 [NettyRpcService-workerGroup--thread3] INFO  impl.VoteContext (VoteContext.java:log(49)) - s3@group-F860CA578C61-CANDIDATE: accept PRE_VOTE from s4: our priority 0 <= candidate's priority 0
2024-10-11 15:03:13,638 [NettyRpcService-workerGroup--thread3] INFO  server.RaftServer$Division (RaftServerImpl.java:requestVote(1476)) - s3@group-F860CA578C61 replies to PRE_VOTE vote request: s4<-s3#0:OK-t2. Peer's state: s3@group-F860CA578C61:t2, leader=null, voted=s0, raftlog=Memoized:s3@group-F860CA578C61-SegmentedRaftLog:OPENED:c2:last(t:2, i:2), conf=conf: {index: 1, cur=peers:[s3|localhost:15152, s4|localhost:15156, s0|localhost:15140, s1|localhost:15144, s2|localhost:15148]|listeners:[], old=null}
2024-10-11 15:03:13,638 [s4@group-F860CA578C61-LeaderElection19] INFO  impl.LeaderElection (LogUtils.java:infoOrTrace(136)) - s4@group-F860CA578C61-LeaderElection19 got exception when requesting votes: java.util.concurrent.ExecutionException: org.apache.ratis.thirdparty.io.netty.channel.AbstractChannel$AnnotatedConnectException: finishConnect(..) failed: Connection refused: localhost/127.0.0.1:15140
2024-10-11 15:03:13,639 [s4@group-F860CA578C61-LeaderElection19] INFO  impl.LeaderElection (LogUtils.java:infoOrTrace(136)) - s4@group-F860CA578C61-LeaderElection19 got exception when requesting votes: java.util.concurrent.ExecutionException: org.apache.ratis.thirdparty.io.netty.channel.AbstractChannel$AnnotatedConnectException: finishConnect(..) failed: Connection refused: localhost/127.0.0.1:15148
2024-10-11 15:03:13,706 [s3@group-F860CA578C61-LeaderElection20] INFO  impl.LeaderElection (LeaderElection.java:logAndReturn(90)) - s3@group-F860CA578C61-LeaderElection20: PRE_VOTE TIMEOUT received 1 response(s) and 2 exception(s):
2024-10-11 15:03:13,706 [s3@group-F860CA578C61-LeaderElection20] INFO  impl.LeaderElection (LeaderElection.java:logAndReturn(94)) -   Response 0: s3<-s4#0:OK-t2
2024-10-11 15:03:13,706 [s3@group-F860CA578C61-LeaderElection20] INFO  impl.LeaderElection (LogUtils.java:infoOrTrace(136)) -   Exception 1: java.util.concurrent.ExecutionException: org.apache.ratis.thirdparty.io.netty.channel.AbstractChannel$AnnotatedConnectException: finishConnect(..) failed: Connection refused: localhost/127.0.0.1:15140
2024-10-11 15:03:13,706 [s3@group-F860CA578C61-LeaderElection20] INFO  impl.LeaderElection (LogUtils.java:infoOrTrace(136)) -   Exception 2: java.util.concurrent.ExecutionException: org.apache.ratis.thirdparty.io.netty.channel.AbstractChannel$AnnotatedConnectException: finishConnect(..) failed: Connection refused: localhost/127.0.0.1:15148
2024-10-11 15:03:13,706 [s3@group-F860CA578C61-LeaderElection20] INFO  impl.LeaderElection (LeaderElection.java:askForVotes(339)) - s3@group-F860CA578C61-LeaderElection20 PRE_VOTE round 47: result TIMEOUT
2024-10-11 15:03:13,706 [s3@group-F860CA578C61-LeaderElection20] INFO  impl.LeaderElection (LeaderElection.java:askForVotes(337)) - s3@group-F860CA578C61-LeaderElection20 PRE_VOTE round 48: submit vote requests at term 2 for conf: {index: 1, cur=peers:[s3|localhost:15152, s4|localhost:15156, s0|localhost:15140, s1|localhost:15144, s2|localhost:15148]|listeners:[], old=null}
2024-10-11 15:03:13,707 [NettyRpcService-workerGroup--thread3] INFO  server.RaftServer$Division (RaftServerImpl.java:requestVote(1443)) - s4@group-F860CA578C61: receive requestVote(PRE_VOTE, s3, group-F860CA578C61, 2, (t:2, i:2))
2024-10-11 15:03:13,707 [NettyRpcService-workerGroup--thread3] INFO  impl.VoteContext (VoteContext.java:log(49)) - s4@group-F860CA578C61-CANDIDATE: accept PRE_VOTE from s3: our priority 0 <= candidate's priority 0
2024-10-11 15:03:13,707 [NettyRpcService-workerGroup--thread3] INFO  server.RaftServer$Division (RaftServerImpl.java:requestVote(1476)) - s4@group-F860CA578C61 replies to PRE_VOTE vote request: s3<-s4#0:OK-t2. Peer's state: s4@group-F860CA578C61:t2, leader=null, voted=s0, raftlog=Memoized:s4@group-F860CA578C61-SegmentedRaftLog:OPENED:c2:last(t:2, i:2), conf=conf: {index: 1, cur=peers:[s3|localhost:15152, s4|localhost:15156, s0|localhost:15140, s1|localhost:15144, s2|localhost:15148]|listeners:[], old=null}
2024-10-11 15:03:13,707 [s3@group-F860CA578C61-LeaderElection20] INFO  impl.LeaderElection (LogUtils.java:infoOrTrace(136)) - s3@group-F860CA578C61-LeaderElection20 got exception when requesting votes: java.util.concurrent.ExecutionException: org.apache.ratis.thirdparty.io.netty.channel.AbstractChannel$AnnotatedConnectException: finishConnect(..) failed: Connection refused: localhost/127.0.0.1:15140
2024-10-11 15:03:13,707 [s3@group-F860CA578C61-LeaderElection20] INFO  impl.LeaderElection (LogUtils.java:infoOrTrace(136)) - s3@group-F860CA578C61-LeaderElection20 got exception when requesting votes: java.util.concurrent.ExecutionException: org.apache.ratis.thirdparty.io.netty.channel.AbstractChannel$AnnotatedConnectException: finishConnect(..) failed: Connection refused: localhost/127.0.0.1:15148
2024-10-11 15:03:13,793 [main] WARN  ratis.RaftTestUtil (RaftTestUtil.java:lambda$waitForLeader$3(126)) - Attempt #30 failed: java.lang.IllegalStateException: No leader yet : printing ALL groups
  s3:  RUNNING CANDIDATE s3@group-F860CA578C61:t2, leader=null, voted=s0, raftlog=Memoized:s3@group-F860CA578C61-SegmentedRaftLog:OPENED:c2:last(t:2, i:2), conf=conf: {index: 1, cur=peers:[s3|localhost:15152, s4|localhost:15156, s0|localhost:15140, s1|localhost:15144, s2|localhost:15148]|listeners:[], old=null} RUNNING
  s4:  RUNNING CANDIDATE s4@group-F860CA578C61:t2, leader=null, voted=s0, raftlog=Memoized:s4@group-F860CA578C61-SegmentedRaftLog:OPENED:c2:last(t:2, i:2), conf=conf: {index: 1, cur=peers:[s3|localhost:15152, s4|localhost:15156, s0|localhost:15140, s1|localhost:15144, s2|localhost:15148]|listeners:[], old=null} RUNNING
  s0:   CLOSED    LEADER s0@group-F860CA578C61:t2, leader=s0, voted=s0, raftlog=Memoized:s0@group-F860CA578C61-SegmentedRaftLog:CLOSED:c2, conf=conf: {index: 1, cur=peers:[s3|localhost:15152, s4|localhost:15156, s0|localhost:15140, s1|localhost:15144, s2|localhost:15148]|listeners:[], old=null} CLOSED
  s1:  RUNNING  FOLLOWER s1@group-F860CA578C61:t1, leader=null, voted=null, raftlog=Memoized:s1@group-F860CA578C61-SegmentedRaftLog:OPENED:c-1:lastnull, conf=conf: {index: -1, cur=peers:[s3|localhost:15152, s4|localhost:15156, s0|localhost:15140, s1|localhost:15144, s2|localhost:15148]|listeners:[], old=null} RUNNING
  s2:   CLOSED    LEADER s2@group-F860CA578C61:t1, leader=s2, voted=s2, raftlog=Memoized:s2@group-F860CA578C61-SegmentedRaftLog:CLOSED:c0, conf=conf: {index: 0, cur=peers:[s3|localhost:15152, s4|localhost:15156, s0|localhost:15140, s1|localhost:15144, s2|localhost:15148]|listeners:[], old=null} CLOSED
2024-10-11 15:03:13,858 [s3@group-F860CA578C61-LeaderElection20] INFO  impl.LeaderElection (LeaderElection.java:logAndReturn(90)) - s3@group-F860CA578C61-LeaderElection20: PRE_VOTE TIMEOUT received 1 response(s) and 2 exception(s):
2024-10-11 15:03:13,858 [s3@group-F860CA578C61-LeaderElection20] INFO  impl.LeaderElection (LeaderElection.java:logAndReturn(94)) -   Response 0: s3<-s4#0:OK-t2
2024-10-11 15:03:13,858 [s3@group-F860CA578C61-LeaderElection20] INFO  impl.LeaderElection (LogUtils.java:infoOrTrace(136)) -   Exception 1: java.util.concurrent.ExecutionException: org.apache.ratis.thirdparty.io.netty.channel.AbstractChannel$AnnotatedConnectException: finishConnect(..) failed: Connection refused: localhost/127.0.0.1:15140
2024-10-11 15:03:13,858 [s3@group-F860CA578C61-LeaderElection20] INFO  impl.LeaderElection (LogUtils.java:infoOrTrace(136)) -   Exception 2: java.util.concurrent.ExecutionException: org.apache.ratis.thirdparty.io.netty.channel.AbstractChannel$AnnotatedConnectException: finishConnect(..) failed: Connection refused: localhost/127.0.0.1:15148
2024-10-11 15:03:13,858 [s3@group-F860CA578C61-LeaderElection20] INFO  impl.LeaderElection (LeaderElection.java:askForVotes(339)) - s3@group-F860CA578C61-LeaderElection20 PRE_VOTE round 48: result TIMEOUT
2024-10-11 15:03:13,858 [s3@group-F860CA578C61-LeaderElection20] INFO  impl.LeaderElection (LeaderElection.java:askForVotes(337)) - s3@group-F860CA578C61-LeaderElection20 PRE_VOTE round 49: submit vote requests at term 2 for conf: {index: 1, cur=peers:[s3|localhost:15152, s4|localhost:15156, s0|localhost:15140, s1|localhost:15144, s2|localhost:15148]|listeners:[], old=null}
2024-10-11 15:03:13,859 [NettyRpcService-workerGroup--thread3] INFO  server.RaftServer$Division (RaftServerImpl.java:requestVote(1443)) - s4@group-F860CA578C61: receive requestVote(PRE_VOTE, s3, group-F860CA578C61, 2, (t:2, i:2))
2024-10-11 15:03:13,859 [NettyRpcService-workerGroup--thread3] INFO  impl.VoteContext (VoteContext.java:log(49)) - s4@group-F860CA578C61-CANDIDATE: accept PRE_VOTE from s3: our priority 0 <= candidate's priority 0
2024-10-11 15:03:13,859 [NettyRpcService-workerGroup--thread3] INFO  server.RaftServer$Division (RaftServerImpl.java:requestVote(1476)) - s4@group-F860CA578C61 replies to PRE_VOTE vote request: s3<-s4#0:OK-t2. Peer's state: s4@group-F860CA578C61:t2, leader=null, voted=s0, raftlog=Memoized:s4@group-F860CA578C61-SegmentedRaftLog:OPENED:c2:last(t:2, i:2), conf=conf: {index: 1, cur=peers:[s3|localhost:15152, s4|localhost:15156, s0|localhost:15140, s1|localhost:15144, s2|localhost:15148]|listeners:[], old=null}
2024-10-11 15:03:13,859 [s3@group-F860CA578C61-LeaderElection20] INFO  impl.LeaderElection (LogUtils.java:infoOrTrace(136)) - s3@group-F860CA578C61-LeaderElection20 got exception when requesting votes: java.util.concurrent.ExecutionException: org.apache.ratis.thirdparty.io.netty.channel.AbstractChannel$AnnotatedConnectException: finishConnect(..) failed: Connection refused: localhost/127.0.0.1:15140
2024-10-11 15:03:13,860 [s3@group-F860CA578C61-LeaderElection20] INFO  impl.LeaderElection (LogUtils.java:infoOrTrace(136)) - s3@group-F860CA578C61-LeaderElection20 got exception when requesting votes: java.util.concurrent.ExecutionException: org.apache.ratis.thirdparty.io.netty.channel.AbstractChannel$AnnotatedConnectException: finishConnect(..) failed: Connection refused: localhost/127.0.0.1:15148
2024-10-11 15:03:13,938 [s4@group-F860CA578C61-LeaderElection19] INFO  impl.LeaderElection (LeaderElection.java:logAndReturn(90)) - s4@group-F860CA578C61-LeaderElection19: PRE_VOTE TIMEOUT received 1 response(s) and 2 exception(s):
2024-10-11 15:03:13,938 [s4@group-F860CA578C61-LeaderElection19] INFO  impl.LeaderElection (LeaderElection.java:logAndReturn(94)) -   Response 0: s4<-s3#0:OK-t2
2024-10-11 15:03:13,938 [s4@group-F860CA578C61-LeaderElection19] INFO  impl.LeaderElection (LogUtils.java:infoOrTrace(136)) -   Exception 1: java.util.concurrent.ExecutionException: org.apache.ratis.thirdparty.io.netty.channel.AbstractChannel$AnnotatedConnectException: finishConnect(..) failed: Connection refused: localhost/127.0.0.1:15140
2024-10-11 15:03:13,938 [s4@group-F860CA578C61-LeaderElection19] INFO  impl.LeaderElection (LogUtils.java:infoOrTrace(136)) -   Exception 2: java.util.concurrent.ExecutionException: org.apache.ratis.thirdparty.io.netty.channel.AbstractChannel$AnnotatedConnectException: finishConnect(..) failed: Connection refused: localhost/127.0.0.1:15148
2024-10-11 15:03:13,938 [s4@group-F860CA578C61-LeaderElection19] INFO  impl.LeaderElection (LeaderElection.java:askForVotes(339)) - s4@group-F860CA578C61-LeaderElection19 PRE_VOTE round 59: result TIMEOUT
2024-10-11 15:03:13,938 [s4@group-F860CA578C61-LeaderElection19] INFO  impl.LeaderElection (LeaderElection.java:askForVotes(337)) - s4@group-F860CA578C61-LeaderElection19 PRE_VOTE round 60: submit vote requests at term 2 for conf: {index: 1, cur=peers:[s3|localhost:15152, s4|localhost:15156, s0|localhost:15140, s1|localhost:15144, s2|localhost:15148]|listeners:[], old=null}
2024-10-11 15:03:13,939 [NettyRpcService-workerGroup--thread3] INFO  server.RaftServer$Division (RaftServerImpl.java:requestVote(1443)) - s3@group-F860CA578C61: receive requestVote(PRE_VOTE, s4, group-F860CA578C61, 2, (t:2, i:2))
2024-10-11 15:03:13,939 [NettyRpcService-workerGroup--thread3] INFO  impl.VoteContext (VoteContext.java:log(49)) - s3@group-F860CA578C61-CANDIDATE: accept PRE_VOTE from s4: our priority 0 <= candidate's priority 0
2024-10-11 15:03:13,939 [NettyRpcService-workerGroup--thread3] INFO  server.RaftServer$Division (RaftServerImpl.java:requestVote(1476)) - s3@group-F860CA578C61 replies to PRE_VOTE vote request: s4<-s3#0:OK-t2. Peer's state: s3@group-F860CA578C61:t2, leader=null, voted=s0, raftlog=Memoized:s3@group-F860CA578C61-SegmentedRaftLog:OPENED:c2:last(t:2, i:2), conf=conf: {index: 1, cur=peers:[s3|localhost:15152, s4|localhost:15156, s0|localhost:15140, s1|localhost:15144, s2|localhost:15148]|listeners:[], old=null}
2024-10-11 15:03:13,939 [s4@group-F860CA578C61-LeaderElection19] INFO  impl.LeaderElection (LogUtils.java:infoOrTrace(136)) - s4@group-F860CA578C61-LeaderElection19 got exception when requesting votes: java.util.concurrent.ExecutionException: org.apache.ratis.thirdparty.io.netty.channel.AbstractChannel$AnnotatedConnectException: finishConnect(..) failed: Connection refused: localhost/127.0.0.1:15140
2024-10-11 15:03:13,940 [s4@group-F860CA578C61-LeaderElection19] INFO  impl.LeaderElection (LogUtils.java:infoOrTrace(136)) - s4@group-F860CA578C61-LeaderElection19 got exception when requesting votes: java.util.concurrent.ExecutionException: org.apache.ratis.thirdparty.io.netty.channel.AbstractChannel$AnnotatedConnectException: finishConnect(..) failed: Connection refused: localhost/127.0.0.1:15148
2024-10-11 15:03:14,012 [s3@group-F860CA578C61-LeaderElection20] INFO  impl.LeaderElection (LeaderElection.java:logAndReturn(90)) - s3@group-F860CA578C61-LeaderElection20: PRE_VOTE TIMEOUT received 1 response(s) and 2 exception(s):
2024-10-11 15:03:14,012 [s3@group-F860CA578C61-LeaderElection20] INFO  impl.LeaderElection (LeaderElection.java:logAndReturn(94)) -   Response 0: s3<-s4#0:OK-t2
2024-10-11 15:03:14,012 [s3@group-F860CA578C61-LeaderElection20] INFO  impl.LeaderElection (LogUtils.java:infoOrTrace(136)) -   Exception 1: java.util.concurrent.ExecutionException: org.apache.ratis.thirdparty.io.netty.channel.AbstractChannel$AnnotatedConnectException: finishConnect(..) failed: Connection refused: localhost/127.0.0.1:15140
2024-10-11 15:03:14,012 [s3@group-F860CA578C61-LeaderElection20] INFO  impl.LeaderElection (LogUtils.java:infoOrTrace(136)) -   Exception 2: java.util.concurrent.ExecutionException: org.apache.ratis.thirdparty.io.netty.channel.AbstractChannel$AnnotatedConnectException: finishConnect(..) failed: Connection refused: localhost/127.0.0.1:15148
2024-10-11 15:03:14,012 [s3@group-F860CA578C61-LeaderElection20] INFO  impl.LeaderElection (LeaderElection.java:askForVotes(339)) - s3@group-F860CA578C61-LeaderElection20 PRE_VOTE round 49: result TIMEOUT
2024-10-11 15:03:14,012 [s3@group-F860CA578C61-LeaderElection20] INFO  impl.LeaderElection (LeaderElection.java:askForVotes(337)) - s3@group-F860CA578C61-LeaderElection20 PRE_VOTE round 50: submit vote requests at term 2 for conf: {index: 1, cur=peers:[s3|localhost:15152, s4|localhost:15156, s0|localhost:15140, s1|localhost:15144, s2|localhost:15148]|listeners:[], old=null}
2024-10-11 15:03:14,013 [NettyRpcService-workerGroup--thread3] INFO  server.RaftServer$Division (RaftServerImpl.java:requestVote(1443)) - s4@group-F860CA578C61: receive requestVote(PRE_VOTE, s3, group-F860CA578C61, 2, (t:2, i:2))
2024-10-11 15:03:14,013 [NettyRpcService-workerGroup--thread3] INFO  impl.VoteContext (VoteContext.java:log(49)) - s4@group-F860CA578C61-CANDIDATE: accept PRE_VOTE from s3: our priority 0 <= candidate's priority 0
2024-10-11 15:03:14,013 [NettyRpcService-workerGroup--thread3] INFO  server.RaftServer$Division (RaftServerImpl.java:requestVote(1476)) - s4@group-F860CA578C61 replies to PRE_VOTE vote request: s3<-s4#0:OK-t2. Peer's state: s4@group-F860CA578C61:t2, leader=null, voted=s0, raftlog=Memoized:s4@group-F860CA578C61-SegmentedRaftLog:OPENED:c2:last(t:2, i:2), conf=conf: {index: 1, cur=peers:[s3|localhost:15152, s4|localhost:15156, s0|localhost:15140, s1|localhost:15144, s2|localhost:15148]|listeners:[], old=null}
2024-10-11 15:03:14,013 [s3@group-F860CA578C61-LeaderElection20] INFO  impl.LeaderElection (LogUtils.java:infoOrTrace(136)) - s3@group-F860CA578C61-LeaderElection20 got exception when requesting votes: java.util.concurrent.ExecutionException: org.apache.ratis.thirdparty.io.netty.channel.AbstractChannel$AnnotatedConnectException: finishConnect(..) failed: Connection refused: localhost/127.0.0.1:15140
2024-10-11 15:03:14,014 [s3@group-F860CA578C61-LeaderElection20] INFO  impl.LeaderElection (LogUtils.java:infoOrTrace(136)) - s3@group-F860CA578C61-LeaderElection20 got exception when requesting votes: java.util.concurrent.ExecutionException: org.apache.ratis.thirdparty.io.netty.channel.AbstractChannel$AnnotatedConnectException: finishConnect(..) failed: Connection refused: localhost/127.0.0.1:15148
2024-10-11 15:03:14,196 [s3@group-F860CA578C61-LeaderElection20] INFO  impl.LeaderElection (LeaderElection.java:logAndReturn(90)) - s3@group-F860CA578C61-LeaderElection20: PRE_VOTE TIMEOUT received 1 response(s) and 2 exception(s):
2024-10-11 15:03:14,196 [s3@group-F860CA578C61-LeaderElection20] INFO  impl.LeaderElection (LeaderElection.java:logAndReturn(94)) -   Response 0: s3<-s4#0:OK-t2
2024-10-11 15:03:14,196 [s3@group-F860CA578C61-LeaderElection20] INFO  impl.LeaderElection (LogUtils.java:infoOrTrace(136)) -   Exception 1: java.util.concurrent.ExecutionException: org.apache.ratis.thirdparty.io.netty.channel.AbstractChannel$AnnotatedConnectException: finishConnect(..) failed: Connection refused: localhost/127.0.0.1:15140
2024-10-11 15:03:14,196 [s3@group-F860CA578C61-LeaderElection20] INFO  impl.LeaderElection (LogUtils.java:infoOrTrace(136)) -   Exception 2: java.util.concurrent.ExecutionException: org.apache.ratis.thirdparty.io.netty.channel.AbstractChannel$AnnotatedConnectException: finishConnect(..) failed: Connection refused: localhost/127.0.0.1:15148
2024-10-11 15:03:14,196 [s3@group-F860CA578C61-LeaderElection20] INFO  impl.LeaderElection (LeaderElection.java:askForVotes(339)) - s3@group-F860CA578C61-LeaderElection20 PRE_VOTE round 50: result TIMEOUT
2024-10-11 15:03:14,196 [s3@group-F860CA578C61-LeaderElection20] INFO  impl.LeaderElection (LeaderElection.java:askForVotes(337)) - s3@group-F860CA578C61-LeaderElection20 PRE_VOTE round 51: submit vote requests at term 2 for conf: {index: 1, cur=peers:[s3|localhost:15152, s4|localhost:15156, s0|localhost:15140, s1|localhost:15144, s2|localhost:15148]|listeners:[], old=null}
2024-10-11 15:03:14,197 [NettyRpcService-workerGroup--thread3] INFO  server.RaftServer$Division (RaftServerImpl.java:requestVote(1443)) - s4@group-F860CA578C61: receive requestVote(PRE_VOTE, s3, group-F860CA578C61, 2, (t:2, i:2))
2024-10-11 15:03:14,197 [NettyRpcService-workerGroup--thread3] INFO  impl.VoteContext (VoteContext.java:log(49)) - s4@group-F860CA578C61-CANDIDATE: accept PRE_VOTE from s3: our priority 0 <= candidate's priority 0
2024-10-11 15:03:14,198 [NettyRpcService-workerGroup--thread3] INFO  server.RaftServer$Division (RaftServerImpl.java:requestVote(1476)) - s4@group-F860CA578C61 replies to PRE_VOTE vote request: s3<-s4#0:OK-t2. Peer's state: s4@group-F860CA578C61:t2, leader=null, voted=s0, raftlog=Memoized:s4@group-F860CA578C61-SegmentedRaftLog:OPENED:c2:last(t:2, i:2), conf=conf: {index: 1, cur=peers:[s3|localhost:15152, s4|localhost:15156, s0|localhost:15140, s1|localhost:15144, s2|localhost:15148]|listeners:[], old=null}
2024-10-11 15:03:14,198 [s3@group-F860CA578C61-LeaderElection20] INFO  impl.LeaderElection (LogUtils.java:infoOrTrace(136)) - s3@group-F860CA578C61-LeaderElection20 got exception when requesting votes: java.util.concurrent.ExecutionException: org.apache.ratis.thirdparty.io.netty.channel.AbstractChannel$AnnotatedConnectException: finishConnect(..) failed: Connection refused: localhost/127.0.0.1:15148
2024-10-11 15:03:14,201 [s3@group-F860CA578C61-LeaderElection20] INFO  impl.LeaderElection (LogUtils.java:infoOrTrace(136)) - s3@group-F860CA578C61-LeaderElection20 got exception when requesting votes: java.util.concurrent.ExecutionException: org.apache.ratis.thirdparty.io.netty.channel.AbstractChannel$AnnotatedConnectException: finishConnect(..) failed: Connection refused: localhost/127.0.0.1:15140
2024-10-11 15:03:14,201 [s4@group-F860CA578C61-LeaderElection19] INFO  impl.LeaderElection (LeaderElection.java:logAndReturn(90)) - s4@group-F860CA578C61-LeaderElection19: PRE_VOTE TIMEOUT received 1 response(s) and 2 exception(s):
2024-10-11 15:03:14,201 [s4@group-F860CA578C61-LeaderElection19] INFO  impl.LeaderElection (LeaderElection.java:logAndReturn(94)) -   Response 0: s4<-s3#0:OK-t2
2024-10-11 15:03:14,201 [s4@group-F860CA578C61-LeaderElection19] INFO  impl.LeaderElection (LogUtils.java:infoOrTrace(136)) -   Exception 1: java.util.concurrent.ExecutionException: org.apache.ratis.thirdparty.io.netty.channel.AbstractChannel$AnnotatedConnectException: finishConnect(..) failed: Connection refused: localhost/127.0.0.1:15140
2024-10-11 15:03:14,201 [s4@group-F860CA578C61-LeaderElection19] INFO  impl.LeaderElection (LogUtils.java:infoOrTrace(136)) -   Exception 2: java.util.concurrent.ExecutionException: org.apache.ratis.thirdparty.io.netty.channel.AbstractChannel$AnnotatedConnectException: finishConnect(..) failed: Connection refused: localhost/127.0.0.1:15148
2024-10-11 15:03:14,201 [s4@group-F860CA578C61-LeaderElection19] INFO  impl.LeaderElection (LeaderElection.java:askForVotes(339)) - s4@group-F860CA578C61-LeaderElection19 PRE_VOTE round 60: result TIMEOUT
2024-10-11 15:03:14,201 [s4@group-F860CA578C61-LeaderElection19] INFO  impl.LeaderElection (LeaderElection.java:askForVotes(337)) - s4@group-F860CA578C61-LeaderElection19 PRE_VOTE round 61: submit vote requests at term 2 for conf: {index: 1, cur=peers:[s3|localhost:15152, s4|localhost:15156, s0|localhost:15140, s1|localhost:15144, s2|localhost:15148]|listeners:[], old=null}
2024-10-11 15:03:14,202 [NettyRpcService-workerGroup--thread3] INFO  server.RaftServer$Division (RaftServerImpl.java:requestVote(1443)) - s3@group-F860CA578C61: receive requestVote(PRE_VOTE, s4, group-F860CA578C61, 2, (t:2, i:2))
2024-10-11 15:03:14,202 [NettyRpcService-workerGroup--thread3] INFO  impl.VoteContext (VoteContext.java:log(49)) - s3@group-F860CA578C61-CANDIDATE: accept PRE_VOTE from s4: our priority 0 <= candidate's priority 0
2024-10-11 15:03:14,202 [NettyRpcService-workerGroup--thread3] INFO  server.RaftServer$Division (RaftServerImpl.java:requestVote(1476)) - s3@group-F860CA578C61 replies to PRE_VOTE vote request: s4<-s3#0:OK-t2. Peer's state: s3@group-F860CA578C61:t2, leader=null, voted=s0, raftlog=Memoized:s3@group-F860CA578C61-SegmentedRaftLog:OPENED:c2:last(t:2, i:2), conf=conf: {index: 1, cur=peers:[s3|localhost:15152, s4|localhost:15156, s0|localhost:15140, s1|localhost:15144, s2|localhost:15148]|listeners:[], old=null}
2024-10-11 15:03:14,204 [s4@group-F860CA578C61-LeaderElection19] INFO  impl.LeaderElection (LogUtils.java:infoOrTrace(136)) - s4@group-F860CA578C61-LeaderElection19 got exception when requesting votes: java.util.concurrent.ExecutionException: org.apache.ratis.thirdparty.io.netty.channel.AbstractChannel$AnnotatedConnectException: finishConnect(..) failed: Connection refused: localhost/127.0.0.1:15140
2024-10-11 15:03:14,204 [s4@group-F860CA578C61-LeaderElection19] INFO  impl.LeaderElection (LogUtils.java:infoOrTrace(136)) - s4@group-F860CA578C61-LeaderElection19 got exception when requesting votes: java.util.concurrent.ExecutionException: org.apache.ratis.thirdparty.io.netty.channel.AbstractChannel$AnnotatedConnectException: finishConnect(..) failed: Connection refused: localhost/127.0.0.1:15148
2024-10-11 15:03:14,243 [main] WARN  ratis.RaftTestUtil (RaftTestUtil.java:lambda$waitForLeader$3(126)) - Attempt #31 failed: java.lang.IllegalStateException: No leader yet : printing ALL groups
  s3:  RUNNING CANDIDATE s3@group-F860CA578C61:t2, leader=null, voted=s0, raftlog=Memoized:s3@group-F860CA578C61-SegmentedRaftLog:OPENED:c2:last(t:2, i:2), conf=conf: {index: 1, cur=peers:[s3|localhost:15152, s4|localhost:15156, s0|localhost:15140, s1|localhost:15144, s2|localhost:15148]|listeners:[], old=null} RUNNING
  s4:  RUNNING CANDIDATE s4@group-F860CA578C61:t2, leader=null, voted=s0, raftlog=Memoized:s4@group-F860CA578C61-SegmentedRaftLog:OPENED:c2:last(t:2, i:2), conf=conf: {index: 1, cur=peers:[s3|localhost:15152, s4|localhost:15156, s0|localhost:15140, s1|localhost:15144, s2|localhost:15148]|listeners:[], old=null} RUNNING
  s0:   CLOSED    LEADER s0@group-F860CA578C61:t2, leader=s0, voted=s0, raftlog=Memoized:s0@group-F860CA578C61-SegmentedRaftLog:CLOSED:c2, conf=conf: {index: 1, cur=peers:[s3|localhost:15152, s4|localhost:15156, s0|localhost:15140, s1|localhost:15144, s2|localhost:15148]|listeners:[], old=null} CLOSED
  s1:  RUNNING  FOLLOWER s1@group-F860CA578C61:t1, leader=null, voted=null, raftlog=Memoized:s1@group-F860CA578C61-SegmentedRaftLog:OPENED:c-1:lastnull, conf=conf: {index: -1, cur=peers:[s3|localhost:15152, s4|localhost:15156, s0|localhost:15140, s1|localhost:15144, s2|localhost:15148]|listeners:[], old=null} RUNNING
  s2:   CLOSED    LEADER s2@group-F860CA578C61:t1, leader=s2, voted=s2, raftlog=Memoized:s2@group-F860CA578C61-SegmentedRaftLog:CLOSED:c0, conf=conf: {index: 0, cur=peers:[s3|localhost:15152, s4|localhost:15156, s0|localhost:15140, s1|localhost:15144, s2|localhost:15148]|listeners:[], old=null} CLOSED
2024-10-11 15:03:14,465 [s4@group-F860CA578C61-LeaderElection19] INFO  impl.LeaderElection (LeaderElection.java:logAndReturn(90)) - s4@group-F860CA578C61-LeaderElection19: PRE_VOTE TIMEOUT received 1 response(s) and 2 exception(s):
2024-10-11 15:03:14,465 [s4@group-F860CA578C61-LeaderElection19] INFO  impl.LeaderElection (LeaderElection.java:logAndReturn(94)) -   Response 0: s4<-s3#0:OK-t2
2024-10-11 15:03:14,465 [s4@group-F860CA578C61-LeaderElection19] INFO  impl.LeaderElection (LogUtils.java:infoOrTrace(136)) -   Exception 1: java.util.concurrent.ExecutionException: org.apache.ratis.thirdparty.io.netty.channel.AbstractChannel$AnnotatedConnectException: finishConnect(..) failed: Connection refused: localhost/127.0.0.1:15140
2024-10-11 15:03:14,465 [s4@group-F860CA578C61-LeaderElection19] INFO  impl.LeaderElection (LogUtils.java:infoOrTrace(136)) -   Exception 2: java.util.concurrent.ExecutionException: org.apache.ratis.thirdparty.io.netty.channel.AbstractChannel$AnnotatedConnectException: finishConnect(..) failed: Connection refused: localhost/127.0.0.1:15148
2024-10-11 15:03:14,465 [s4@group-F860CA578C61-LeaderElection19] INFO  impl.LeaderElection (LeaderElection.java:askForVotes(339)) - s4@group-F860CA578C61-LeaderElection19 PRE_VOTE round 61: result TIMEOUT
2024-10-11 15:03:14,465 [s4@group-F860CA578C61-LeaderElection19] INFO  impl.LeaderElection (LeaderElection.java:askForVotes(337)) - s4@group-F860CA578C61-LeaderElection19 PRE_VOTE round 62: submit vote requests at term 2 for conf: {index: 1, cur=peers:[s3|localhost:15152, s4|localhost:15156, s0|localhost:15140, s1|localhost:15144, s2|localhost:15148]|listeners:[], old=null}
2024-10-11 15:03:14,466 [NettyRpcService-workerGroup--thread3] INFO  server.RaftServer$Division (RaftServerImpl.java:requestVote(1443)) - s3@group-F860CA578C61: receive requestVote(PRE_VOTE, s4, group-F860CA578C61, 2, (t:2, i:2))
2024-10-11 15:03:14,466 [NettyRpcService-workerGroup--thread3] INFO  impl.VoteContext (VoteContext.java:log(49)) - s3@group-F860CA578C61-CANDIDATE: accept PRE_VOTE from s4: our priority 0 <= candidate's priority 0
2024-10-11 15:03:14,466 [NettyRpcService-workerGroup--thread3] INFO  server.RaftServer$Division (RaftServerImpl.java:requestVote(1476)) - s3@group-F860CA578C61 replies to PRE_VOTE vote request: s4<-s3#0:OK-t2. Peer's state: s3@group-F860CA578C61:t2, leader=null, voted=s0, raftlog=Memoized:s3@group-F860CA578C61-SegmentedRaftLog:OPENED:c2:last(t:2, i:2), conf=conf: {index: 1, cur=peers:[s3|localhost:15152, s4|localhost:15156, s0|localhost:15140, s1|localhost:15144, s2|localhost:15148]|listeners:[], old=null}
2024-10-11 15:03:14,467 [s4@group-F860CA578C61-LeaderElection19] INFO  impl.LeaderElection (LogUtils.java:infoOrTrace(136)) - s4@group-F860CA578C61-LeaderElection19 got exception when requesting votes: java.util.concurrent.ExecutionException: org.apache.ratis.thirdparty.io.netty.channel.AbstractChannel$AnnotatedConnectException: finishConnect(..) failed: Connection refused: localhost/127.0.0.1:15140
2024-10-11 15:03:14,467 [s4@group-F860CA578C61-LeaderElection19] INFO  impl.LeaderElection (LogUtils.java:infoOrTrace(136)) - s4@group-F860CA578C61-LeaderElection19 got exception when requesting votes: java.util.concurrent.ExecutionException: org.apache.ratis.thirdparty.io.netty.channel.AbstractChannel$AnnotatedConnectException: finishConnect(..) failed: Connection refused: localhost/127.0.0.1:15148
2024-10-11 15:03:14,491 [s3@group-F860CA578C61-LeaderElection20] INFO  impl.LeaderElection (LeaderElection.java:logAndReturn(90)) - s3@group-F860CA578C61-LeaderElection20: PRE_VOTE TIMEOUT received 1 response(s) and 2 exception(s):
2024-10-11 15:03:14,491 [s3@group-F860CA578C61-LeaderElection20] INFO  impl.LeaderElection (LeaderElection.java:logAndReturn(94)) -   Response 0: s3<-s4#0:OK-t2
2024-10-11 15:03:14,491 [s3@group-F860CA578C61-LeaderElection20] INFO  impl.LeaderElection (LogUtils.java:infoOrTrace(136)) -   Exception 1: java.util.concurrent.ExecutionException: org.apache.ratis.thirdparty.io.netty.channel.AbstractChannel$AnnotatedConnectException: finishConnect(..) failed: Connection refused: localhost/127.0.0.1:15148
2024-10-11 15:03:14,491 [s3@group-F860CA578C61-LeaderElection20] INFO  impl.LeaderElection (LogUtils.java:infoOrTrace(136)) -   Exception 2: java.util.concurrent.ExecutionException: org.apache.ratis.thirdparty.io.netty.channel.AbstractChannel$AnnotatedConnectException: finishConnect(..) failed: Connection refused: localhost/127.0.0.1:15140
2024-10-11 15:03:14,491 [s3@group-F860CA578C61-LeaderElection20] INFO  impl.LeaderElection (LeaderElection.java:askForVotes(339)) - s3@group-F860CA578C61-LeaderElection20 PRE_VOTE round 51: result TIMEOUT
2024-10-11 15:03:14,491 [s3@group-F860CA578C61-LeaderElection20] INFO  impl.LeaderElection (LeaderElection.java:askForVotes(337)) - s3@group-F860CA578C61-LeaderElection20 PRE_VOTE round 52: submit vote requests at term 2 for conf: {index: 1, cur=peers:[s3|localhost:15152, s4|localhost:15156, s0|localhost:15140, s1|localhost:15144, s2|localhost:15148]|listeners:[], old=null}
2024-10-11 15:03:14,492 [NettyRpcService-workerGroup--thread3] INFO  server.RaftServer$Division (RaftServerImpl.java:requestVote(1443)) - s4@group-F860CA578C61: receive requestVote(PRE_VOTE, s3, group-F860CA578C61, 2, (t:2, i:2))
2024-10-11 15:03:14,492 [NettyRpcService-workerGroup--thread3] INFO  impl.VoteContext (VoteContext.java:log(49)) - s4@group-F860CA578C61-CANDIDATE: accept PRE_VOTE from s3: our priority 0 <= candidate's priority 0
2024-10-11 15:03:14,492 [NettyRpcService-workerGroup--thread3] INFO  server.RaftServer$Division (RaftServerImpl.java:requestVote(1476)) - s4@group-F860CA578C61 replies to PRE_VOTE vote request: s3<-s4#0:OK-t2. Peer's state: s4@group-F860CA578C61:t2, leader=null, voted=s0, raftlog=Memoized:s4@group-F860CA578C61-SegmentedRaftLog:OPENED:c2:last(t:2, i:2), conf=conf: {index: 1, cur=peers:[s3|localhost:15152, s4|localhost:15156, s0|localhost:15140, s1|localhost:15144, s2|localhost:15148]|listeners:[], old=null}
2024-10-11 15:03:14,492 [s3@group-F860CA578C61-LeaderElection20] INFO  impl.LeaderElection (LogUtils.java:infoOrTrace(136)) - s3@group-F860CA578C61-LeaderElection20 got exception when requesting votes: java.util.concurrent.ExecutionException: org.apache.ratis.thirdparty.io.netty.channel.AbstractChannel$AnnotatedConnectException: finishConnect(..) failed: Connection refused: localhost/127.0.0.1:15148
2024-10-11 15:03:14,493 [s3@group-F860CA578C61-LeaderElection20] INFO  impl.LeaderElection (LogUtils.java:infoOrTrace(136)) - s3@group-F860CA578C61-LeaderElection20 got exception when requesting votes: java.util.concurrent.ExecutionException: org.apache.ratis.thirdparty.io.netty.channel.AbstractChannel$AnnotatedConnectException: finishConnect(..) failed: Connection refused: localhost/127.0.0.1:15140
2024-10-11 15:03:14,694 [main] WARN  ratis.RaftTestUtil (RaftTestUtil.java:lambda$waitForLeader$3(126)) - Attempt #32 failed: java.lang.IllegalStateException: No leader yet : printing ALL groups
  s3:  RUNNING CANDIDATE s3@group-F860CA578C61:t2, leader=null, voted=s0, raftlog=Memoized:s3@group-F860CA578C61-SegmentedRaftLog:OPENED:c2:last(t:2, i:2), conf=conf: {index: 1, cur=peers:[s3|localhost:15152, s4|localhost:15156, s0|localhost:15140, s1|localhost:15144, s2|localhost:15148]|listeners:[], old=null} RUNNING
  s4:  RUNNING CANDIDATE s4@group-F860CA578C61:t2, leader=null, voted=s0, raftlog=Memoized:s4@group-F860CA578C61-SegmentedRaftLog:OPENED:c2:last(t:2, i:2), conf=conf: {index: 1, cur=peers:[s3|localhost:15152, s4|localhost:15156, s0|localhost:15140, s1|localhost:15144, s2|localhost:15148]|listeners:[], old=null} RUNNING
  s0:   CLOSED    LEADER s0@group-F860CA578C61:t2, leader=s0, voted=s0, raftlog=Memoized:s0@group-F860CA578C61-SegmentedRaftLog:CLOSED:c2, conf=conf: {index: 1, cur=peers:[s3|localhost:15152, s4|localhost:15156, s0|localhost:15140, s1|localhost:15144, s2|localhost:15148]|listeners:[], old=null} CLOSED
  s1:  RUNNING  FOLLOWER s1@group-F860CA578C61:t1, leader=null, voted=null, raftlog=Memoized:s1@group-F860CA578C61-SegmentedRaftLog:OPENED:c-1:lastnull, conf=conf: {index: -1, cur=peers:[s3|localhost:15152, s4|localhost:15156, s0|localhost:15140, s1|localhost:15144, s2|localhost:15148]|listeners:[], old=null} RUNNING
  s2:   CLOSED    LEADER s2@group-F860CA578C61:t1, leader=s2, voted=s2, raftlog=Memoized:s2@group-F860CA578C61-SegmentedRaftLog:CLOSED:c0, conf=conf: {index: 0, cur=peers:[s3|localhost:15152, s4|localhost:15156, s0|localhost:15140, s1|localhost:15144, s2|localhost:15148]|listeners:[], old=null} CLOSED
2024-10-11 15:03:14,706 [s4@group-F860CA578C61-LeaderElection19] INFO  impl.LeaderElection (LeaderElection.java:logAndReturn(90)) - s4@group-F860CA578C61-LeaderElection19: PRE_VOTE TIMEOUT received 1 response(s) and 2 exception(s):
2024-10-11 15:03:14,706 [s4@group-F860CA578C61-LeaderElection19] INFO  impl.LeaderElection (LeaderElection.java:logAndReturn(94)) -   Response 0: s4<-s3#0:OK-t2
2024-10-11 15:03:14,706 [s4@group-F860CA578C61-LeaderElection19] INFO  impl.LeaderElection (LogUtils.java:infoOrTrace(136)) -   Exception 1: java.util.concurrent.ExecutionException: org.apache.ratis.thirdparty.io.netty.channel.AbstractChannel$AnnotatedConnectException: finishConnect(..) failed: Connection refused: localhost/127.0.0.1:15140
2024-10-11 15:03:14,706 [s4@group-F860CA578C61-LeaderElection19] INFO  impl.LeaderElection (LogUtils.java:infoOrTrace(136)) -   Exception 2: java.util.concurrent.ExecutionException: org.apache.ratis.thirdparty.io.netty.channel.AbstractChannel$AnnotatedConnectException: finishConnect(..) failed: Connection refused: localhost/127.0.0.1:15148
2024-10-11 15:03:14,706 [s4@group-F860CA578C61-LeaderElection19] INFO  impl.LeaderElection (LeaderElection.java:askForVotes(339)) - s4@group-F860CA578C61-LeaderElection19 PRE_VOTE round 62: result TIMEOUT
2024-10-11 15:03:14,706 [s4@group-F860CA578C61-LeaderElection19] INFO  impl.LeaderElection (LeaderElection.java:askForVotes(337)) - s4@group-F860CA578C61-LeaderElection19 PRE_VOTE round 63: submit vote requests at term 2 for conf: {index: 1, cur=peers:[s3|localhost:15152, s4|localhost:15156, s0|localhost:15140, s1|localhost:15144, s2|localhost:15148]|listeners:[], old=null}
2024-10-11 15:03:14,707 [s3@group-F860CA578C61-LeaderElection20] INFO  impl.LeaderElection (LeaderElection.java:logAndReturn(90)) - s3@group-F860CA578C61-LeaderElection20: PRE_VOTE TIMEOUT received 1 response(s) and 2 exception(s):
2024-10-11 15:03:14,707 [s3@group-F860CA578C61-LeaderElection20] INFO  impl.LeaderElection (LeaderElection.java:logAndReturn(94)) -   Response 0: s3<-s4#0:OK-t2
2024-10-11 15:03:14,707 [s3@group-F860CA578C61-LeaderElection20] INFO  impl.LeaderElection (LogUtils.java:infoOrTrace(136)) -   Exception 1: java.util.concurrent.ExecutionException: org.apache.ratis.thirdparty.io.netty.channel.AbstractChannel$AnnotatedConnectException: finishConnect(..) failed: Connection refused: localhost/127.0.0.1:15148
2024-10-11 15:03:14,707 [s3@group-F860CA578C61-LeaderElection20] INFO  impl.LeaderElection (LogUtils.java:infoOrTrace(136)) -   Exception 2: java.util.concurrent.ExecutionException: org.apache.ratis.thirdparty.io.netty.channel.AbstractChannel$AnnotatedConnectException: finishConnect(..) failed: Connection refused: localhost/127.0.0.1:15140
2024-10-11 15:03:14,707 [NettyRpcService-workerGroup--thread3] INFO  server.RaftServer$Division (RaftServerImpl.java:requestVote(1443)) - s3@group-F860CA578C61: receive requestVote(PRE_VOTE, s4, group-F860CA578C61, 2, (t:2, i:2))
2024-10-11 15:03:14,707 [s3@group-F860CA578C61-LeaderElection20] INFO  impl.LeaderElection (LeaderElection.java:askForVotes(339)) - s3@group-F860CA578C61-LeaderElection20 PRE_VOTE round 52: result TIMEOUT
2024-10-11 15:03:14,707 [NettyRpcService-workerGroup--thread3] INFO  impl.VoteContext (VoteContext.java:log(49)) - s3@group-F860CA578C61-CANDIDATE: accept PRE_VOTE from s4: our priority 0 <= candidate's priority 0
2024-10-11 15:03:14,707 [NettyRpcService-workerGroup--thread3] INFO  server.RaftServer$Division (RaftServerImpl.java:requestVote(1476)) - s3@group-F860CA578C61 replies to PRE_VOTE vote request: s4<-s3#0:OK-t2. Peer's state: s3@group-F860CA578C61:t2, leader=null, voted=s0, raftlog=Memoized:s3@group-F860CA578C61-SegmentedRaftLog:OPENED:c2:last(t:2, i:2), conf=conf: {index: 1, cur=peers:[s3|localhost:15152, s4|localhost:15156, s0|localhost:15140, s1|localhost:15144, s2|localhost:15148]|listeners:[], old=null}
2024-10-11 15:03:14,707 [s4@group-F860CA578C61-LeaderElection19] INFO  impl.LeaderElection (LogUtils.java:infoOrTrace(136)) - s4@group-F860CA578C61-LeaderElection19 got exception when requesting votes: java.util.concurrent.ExecutionException: org.apache.ratis.thirdparty.io.netty.channel.AbstractChannel$AnnotatedConnectException: finishConnect(..) failed: Connection refused: localhost/127.0.0.1:15148
2024-10-11 15:03:14,708 [s3@group-F860CA578C61-LeaderElection20] INFO  impl.LeaderElection (LeaderElection.java:askForVotes(337)) - s3@group-F860CA578C61-LeaderElection20 PRE_VOTE round 53: submit vote requests at term 2 for conf: {index: 1, cur=peers:[s3|localhost:15152, s4|localhost:15156, s0|localhost:15140, s1|localhost:15144, s2|localhost:15148]|listeners:[], old=null}
2024-10-11 15:03:14,708 [s4@group-F860CA578C61-LeaderElection19] INFO  impl.LeaderElection (LogUtils.java:infoOrTrace(136)) - s4@group-F860CA578C61-LeaderElection19 got exception when requesting votes: java.util.concurrent.ExecutionException: org.apache.ratis.thirdparty.io.netty.channel.AbstractChannel$AnnotatedConnectException: finishConnect(..) failed: Connection refused: localhost/127.0.0.1:15140
2024-10-11 15:03:14,708 [NettyRpcService-workerGroup--thread3] INFO  server.RaftServer$Division (RaftServerImpl.java:requestVote(1443)) - s4@group-F860CA578C61: receive requestVote(PRE_VOTE, s3, group-F860CA578C61, 2, (t:2, i:2))
2024-10-11 15:03:14,708 [NettyRpcService-workerGroup--thread3] INFO  impl.VoteContext (VoteContext.java:log(49)) - s4@group-F860CA578C61-CANDIDATE: accept PRE_VOTE from s3: our priority 0 <= candidate's priority 0
2024-10-11 15:03:14,708 [NettyRpcService-workerGroup--thread3] INFO  server.RaftServer$Division (RaftServerImpl.java:requestVote(1476)) - s4@group-F860CA578C61 replies to PRE_VOTE vote request: s3<-s4#0:OK-t2. Peer's state: s4@group-F860CA578C61:t2, leader=null, voted=s0, raftlog=Memoized:s4@group-F860CA578C61-SegmentedRaftLog:OPENED:c2:last(t:2, i:2), conf=conf: {index: 1, cur=peers:[s3|localhost:15152, s4|localhost:15156, s0|localhost:15140, s1|localhost:15144, s2|localhost:15148]|listeners:[], old=null}
2024-10-11 15:03:14,708 [s3@group-F860CA578C61-LeaderElection20] INFO  impl.LeaderElection (LogUtils.java:infoOrTrace(136)) - s3@group-F860CA578C61-LeaderElection20 got exception when requesting votes: java.util.concurrent.ExecutionException: org.apache.ratis.thirdparty.io.netty.channel.AbstractChannel$AnnotatedConnectException: finishConnect(..) failed: Connection refused: localhost/127.0.0.1:15140
2024-10-11 15:03:14,709 [s3@group-F860CA578C61-LeaderElection20] INFO  impl.LeaderElection (LogUtils.java:infoOrTrace(136)) - s3@group-F860CA578C61-LeaderElection20 got exception when requesting votes: java.util.concurrent.ExecutionException: org.apache.ratis.thirdparty.io.netty.channel.AbstractChannel$AnnotatedConnectException: finishConnect(..) failed: Connection refused: localhost/127.0.0.1:15148
2024-10-11 15:03:14,860 [s4@group-F860CA578C61-LeaderElection19] INFO  impl.LeaderElection (LeaderElection.java:logAndReturn(90)) - s4@group-F860CA578C61-LeaderElection19: PRE_VOTE TIMEOUT received 1 response(s) and 2 exception(s):
2024-10-11 15:03:14,860 [s4@group-F860CA578C61-LeaderElection19] INFO  impl.LeaderElection (LeaderElection.java:logAndReturn(94)) -   Response 0: s4<-s3#0:OK-t2
2024-10-11 15:03:14,860 [s4@group-F860CA578C61-LeaderElection19] INFO  impl.LeaderElection (LogUtils.java:infoOrTrace(136)) -   Exception 1: java.util.concurrent.ExecutionException: org.apache.ratis.thirdparty.io.netty.channel.AbstractChannel$AnnotatedConnectException: finishConnect(..) failed: Connection refused: localhost/127.0.0.1:15148
2024-10-11 15:03:14,860 [s4@group-F860CA578C61-LeaderElection19] INFO  impl.LeaderElection (LogUtils.java:infoOrTrace(136)) -   Exception 2: java.util.concurrent.ExecutionException: org.apache.ratis.thirdparty.io.netty.channel.AbstractChannel$AnnotatedConnectException: finishConnect(..) failed: Connection refused: localhost/127.0.0.1:15140
2024-10-11 15:03:14,860 [s4@group-F860CA578C61-LeaderElection19] INFO  impl.LeaderElection (LeaderElection.java:askForVotes(339)) - s4@group-F860CA578C61-LeaderElection19 PRE_VOTE round 63: result TIMEOUT
2024-10-11 15:03:14,860 [s4@group-F860CA578C61-LeaderElection19] INFO  impl.LeaderElection (LeaderElection.java:askForVotes(337)) - s4@group-F860CA578C61-LeaderElection19 PRE_VOTE round 64: submit vote requests at term 2 for conf: {index: 1, cur=peers:[s3|localhost:15152, s4|localhost:15156, s0|localhost:15140, s1|localhost:15144, s2|localhost:15148]|listeners:[], old=null}
2024-10-11 15:03:14,861 [NettyRpcService-workerGroup--thread3] INFO  server.RaftServer$Division (RaftServerImpl.java:requestVote(1443)) - s3@group-F860CA578C61: receive requestVote(PRE_VOTE, s4, group-F860CA578C61, 2, (t:2, i:2))
2024-10-11 15:03:14,861 [NettyRpcService-workerGroup--thread3] INFO  impl.VoteContext (VoteContext.java:log(49)) - s3@group-F860CA578C61-CANDIDATE: accept PRE_VOTE from s4: our priority 0 <= candidate's priority 0
2024-10-11 15:03:14,861 [NettyRpcService-workerGroup--thread3] INFO  server.RaftServer$Division (RaftServerImpl.java:requestVote(1476)) - s3@group-F860CA578C61 replies to PRE_VOTE vote request: s4<-s3#0:OK-t2. Peer's state: s3@group-F860CA578C61:t2, leader=null, voted=s0, raftlog=Memoized:s3@group-F860CA578C61-SegmentedRaftLog:OPENED:c2:last(t:2, i:2), conf=conf: {index: 1, cur=peers:[s3|localhost:15152, s4|localhost:15156, s0|localhost:15140, s1|localhost:15144, s2|localhost:15148]|listeners:[], old=null}
2024-10-11 15:03:14,862 [s4@group-F860CA578C61-LeaderElection19] INFO  impl.LeaderElection (LogUtils.java:infoOrTrace(136)) - s4@group-F860CA578C61-LeaderElection19 got exception when requesting votes: java.util.concurrent.ExecutionException: org.apache.ratis.thirdparty.io.netty.channel.AbstractChannel$AnnotatedConnectException: finishConnect(..) failed: Connection refused: localhost/127.0.0.1:15140
2024-10-11 15:03:14,862 [s4@group-F860CA578C61-LeaderElection19] INFO  impl.LeaderElection (LogUtils.java:infoOrTrace(136)) - s4@group-F860CA578C61-LeaderElection19 got exception when requesting votes: java.util.concurrent.ExecutionException: org.apache.ratis.thirdparty.io.netty.channel.AbstractChannel$AnnotatedConnectException: finishConnect(..) failed: Connection refused: localhost/127.0.0.1:15148
2024-10-11 15:03:14,948 [s3@group-F860CA578C61-LeaderElection20] INFO  impl.LeaderElection (LeaderElection.java:logAndReturn(90)) - s3@group-F860CA578C61-LeaderElection20: PRE_VOTE TIMEOUT received 1 response(s) and 2 exception(s):
2024-10-11 15:03:14,948 [s3@group-F860CA578C61-LeaderElection20] INFO  impl.LeaderElection (LeaderElection.java:logAndReturn(94)) -   Response 0: s3<-s4#0:OK-t2
2024-10-11 15:03:14,948 [s3@group-F860CA578C61-LeaderElection20] INFO  impl.LeaderElection (LogUtils.java:infoOrTrace(136)) -   Exception 1: java.util.concurrent.ExecutionException: org.apache.ratis.thirdparty.io.netty.channel.AbstractChannel$AnnotatedConnectException: finishConnect(..) failed: Connection refused: localhost/127.0.0.1:15140
2024-10-11 15:03:14,948 [s3@group-F860CA578C61-LeaderElection20] INFO  impl.LeaderElection (LogUtils.java:infoOrTrace(136)) -   Exception 2: java.util.concurrent.ExecutionException: org.apache.ratis.thirdparty.io.netty.channel.AbstractChannel$AnnotatedConnectException: finishConnect(..) failed: Connection refused: localhost/127.0.0.1:15148
2024-10-11 15:03:14,948 [s3@group-F860CA578C61-LeaderElection20] INFO  impl.LeaderElection (LeaderElection.java:askForVotes(339)) - s3@group-F860CA578C61-LeaderElection20 PRE_VOTE round 53: result TIMEOUT
2024-10-11 15:03:14,949 [s3@group-F860CA578C61-LeaderElection20] INFO  impl.LeaderElection (LeaderElection.java:askForVotes(337)) - s3@group-F860CA578C61-LeaderElection20 PRE_VOTE round 54: submit vote requests at term 2 for conf: {index: 1, cur=peers:[s3|localhost:15152, s4|localhost:15156, s0|localhost:15140, s1|localhost:15144, s2|localhost:15148]|listeners:[], old=null}
2024-10-11 15:03:14,949 [NettyRpcService-workerGroup--thread3] INFO  server.RaftServer$Division (RaftServerImpl.java:requestVote(1443)) - s4@group-F860CA578C61: receive requestVote(PRE_VOTE, s3, group-F860CA578C61, 2, (t:2, i:2))
2024-10-11 15:03:14,949 [NettyRpcService-workerGroup--thread3] INFO  impl.VoteContext (VoteContext.java:log(49)) - s4@group-F860CA578C61-CANDIDATE: accept PRE_VOTE from s3: our priority 0 <= candidate's priority 0
2024-10-11 15:03:14,950 [NettyRpcService-workerGroup--thread3] INFO  server.RaftServer$Division (RaftServerImpl.java:requestVote(1476)) - s4@group-F860CA578C61 replies to PRE_VOTE vote request: s3<-s4#0:OK-t2. Peer's state: s4@group-F860CA578C61:t2, leader=null, voted=s0, raftlog=Memoized:s4@group-F860CA578C61-SegmentedRaftLog:OPENED:c2:last(t:2, i:2), conf=conf: {index: 1, cur=peers:[s3|localhost:15152, s4|localhost:15156, s0|localhost:15140, s1|localhost:15144, s2|localhost:15148]|listeners:[], old=null}
2024-10-11 15:03:14,950 [s3@group-F860CA578C61-LeaderElection20] INFO  impl.LeaderElection (LogUtils.java:infoOrTrace(136)) - s3@group-F860CA578C61-LeaderElection20 got exception when requesting votes: java.util.concurrent.ExecutionException: org.apache.ratis.thirdparty.io.netty.channel.AbstractChannel$AnnotatedConnectException: finishConnect(..) failed: Connection refused: localhost/127.0.0.1:15148
2024-10-11 15:03:14,950 [s3@group-F860CA578C61-LeaderElection20] INFO  impl.LeaderElection (LogUtils.java:infoOrTrace(136)) - s3@group-F860CA578C61-LeaderElection20 got exception when requesting votes: java.util.concurrent.ExecutionException: org.apache.ratis.thirdparty.io.netty.channel.AbstractChannel$AnnotatedConnectException: finishConnect(..) failed: Connection refused: localhost/127.0.0.1:15140
2024-10-11 15:03:15,036 [s4@group-F860CA578C61-LeaderElection19] INFO  impl.LeaderElection (LeaderElection.java:logAndReturn(90)) - s4@group-F860CA578C61-LeaderElection19: PRE_VOTE TIMEOUT received 1 response(s) and 2 exception(s):
2024-10-11 15:03:15,036 [s4@group-F860CA578C61-LeaderElection19] INFO  impl.LeaderElection (LeaderElection.java:logAndReturn(94)) -   Response 0: s4<-s3#0:OK-t2
2024-10-11 15:03:15,036 [s4@group-F860CA578C61-LeaderElection19] INFO  impl.LeaderElection (LogUtils.java:infoOrTrace(136)) -   Exception 1: java.util.concurrent.ExecutionException: org.apache.ratis.thirdparty.io.netty.channel.AbstractChannel$AnnotatedConnectException: finishConnect(..) failed: Connection refused: localhost/127.0.0.1:15140
2024-10-11 15:03:15,036 [s4@group-F860CA578C61-LeaderElection19] INFO  impl.LeaderElection (LogUtils.java:infoOrTrace(136)) -   Exception 2: java.util.concurrent.ExecutionException: org.apache.ratis.thirdparty.io.netty.channel.AbstractChannel$AnnotatedConnectException: finishConnect(..) failed: Connection refused: localhost/127.0.0.1:15148
2024-10-11 15:03:15,036 [s4@group-F860CA578C61-LeaderElection19] INFO  impl.LeaderElection (LeaderElection.java:askForVotes(339)) - s4@group-F860CA578C61-LeaderElection19 PRE_VOTE round 64: result TIMEOUT
2024-10-11 15:03:15,036 [s4@group-F860CA578C61-LeaderElection19] INFO  impl.LeaderElection (LeaderElection.java:askForVotes(337)) - s4@group-F860CA578C61-LeaderElection19 PRE_VOTE round 65: submit vote requests at term 2 for conf: {index: 1, cur=peers:[s3|localhost:15152, s4|localhost:15156, s0|localhost:15140, s1|localhost:15144, s2|localhost:15148]|listeners:[], old=null}
2024-10-11 15:03:15,037 [NettyRpcService-workerGroup--thread3] INFO  server.RaftServer$Division (RaftServerImpl.java:requestVote(1443)) - s3@group-F860CA578C61: receive requestVote(PRE_VOTE, s4, group-F860CA578C61, 2, (t:2, i:2))
2024-10-11 15:03:15,037 [NettyRpcService-workerGroup--thread3] INFO  impl.VoteContext (VoteContext.java:log(49)) - s3@group-F860CA578C61-CANDIDATE: accept PRE_VOTE from s4: our priority 0 <= candidate's priority 0
2024-10-11 15:03:15,037 [NettyRpcService-workerGroup--thread3] INFO  server.RaftServer$Division (RaftServerImpl.java:requestVote(1476)) - s3@group-F860CA578C61 replies to PRE_VOTE vote request: s4<-s3#0:OK-t2. Peer's state: s3@group-F860CA578C61:t2, leader=null, voted=s0, raftlog=Memoized:s3@group-F860CA578C61-SegmentedRaftLog:OPENED:c2:last(t:2, i:2), conf=conf: {index: 1, cur=peers:[s3|localhost:15152, s4|localhost:15156, s0|localhost:15140, s1|localhost:15144, s2|localhost:15148]|listeners:[], old=null}
2024-10-11 15:03:15,037 [s4@group-F860CA578C61-LeaderElection19] INFO  impl.LeaderElection (LogUtils.java:infoOrTrace(136)) - s4@group-F860CA578C61-LeaderElection19 got exception when requesting votes: java.util.concurrent.ExecutionException: org.apache.ratis.thirdparty.io.netty.channel.AbstractChannel$AnnotatedConnectException: finishConnect(..) failed: Connection refused: localhost/127.0.0.1:15148
2024-10-11 15:03:15,038 [s4@group-F860CA578C61-LeaderElection19] INFO  impl.LeaderElection (LogUtils.java:infoOrTrace(136)) - s4@group-F860CA578C61-LeaderElection19 got exception when requesting votes: java.util.concurrent.ExecutionException: org.apache.ratis.thirdparty.io.netty.channel.AbstractChannel$AnnotatedConnectException: finishConnect(..) failed: Connection refused: localhost/127.0.0.1:15140
2024-10-11 15:03:15,122 [s3@group-F860CA578C61-LeaderElection20] INFO  impl.LeaderElection (LeaderElection.java:logAndReturn(90)) - s3@group-F860CA578C61-LeaderElection20: PRE_VOTE TIMEOUT received 1 response(s) and 2 exception(s):
2024-10-11 15:03:15,122 [s3@group-F860CA578C61-LeaderElection20] INFO  impl.LeaderElection (LeaderElection.java:logAndReturn(94)) -   Response 0: s3<-s4#0:OK-t2
2024-10-11 15:03:15,122 [s3@group-F860CA578C61-LeaderElection20] INFO  impl.LeaderElection (LogUtils.java:infoOrTrace(136)) -   Exception 1: java.util.concurrent.ExecutionException: org.apache.ratis.thirdparty.io.netty.channel.AbstractChannel$AnnotatedConnectException: finishConnect(..) failed: Connection refused: localhost/127.0.0.1:15148
2024-10-11 15:03:15,122 [s3@group-F860CA578C61-LeaderElection20] INFO  impl.LeaderElection (LogUtils.java:infoOrTrace(136)) -   Exception 2: java.util.concurrent.ExecutionException: org.apache.ratis.thirdparty.io.netty.channel.AbstractChannel$AnnotatedConnectException: finishConnect(..) failed: Connection refused: localhost/127.0.0.1:15140
2024-10-11 15:03:15,122 [s3@group-F860CA578C61-LeaderElection20] INFO  impl.LeaderElection (LeaderElection.java:askForVotes(339)) - s3@group-F860CA578C61-LeaderElection20 PRE_VOTE round 54: result TIMEOUT
2024-10-11 15:03:15,123 [s3@group-F860CA578C61-LeaderElection20] INFO  impl.LeaderElection (LeaderElection.java:askForVotes(337)) - s3@group-F860CA578C61-LeaderElection20 PRE_VOTE round 55: submit vote requests at term 2 for conf: {index: 1, cur=peers:[s3|localhost:15152, s4|localhost:15156, s0|localhost:15140, s1|localhost:15144, s2|localhost:15148]|listeners:[], old=null}
2024-10-11 15:03:15,123 [NettyRpcService-workerGroup--thread3] INFO  server.RaftServer$Division (RaftServerImpl.java:requestVote(1443)) - s4@group-F860CA578C61: receive requestVote(PRE_VOTE, s3, group-F860CA578C61, 2, (t:2, i:2))
2024-10-11 15:03:15,123 [NettyRpcService-workerGroup--thread3] INFO  impl.VoteContext (VoteContext.java:log(49)) - s4@group-F860CA578C61-CANDIDATE: accept PRE_VOTE from s3: our priority 0 <= candidate's priority 0
2024-10-11 15:03:15,123 [NettyRpcService-workerGroup--thread3] INFO  server.RaftServer$Division (RaftServerImpl.java:requestVote(1476)) - s4@group-F860CA578C61 replies to PRE_VOTE vote request: s3<-s4#0:OK-t2. Peer's state: s4@group-F860CA578C61:t2, leader=null, voted=s0, raftlog=Memoized:s4@group-F860CA578C61-SegmentedRaftLog:OPENED:c2:last(t:2, i:2), conf=conf: {index: 1, cur=peers:[s3|localhost:15152, s4|localhost:15156, s0|localhost:15140, s1|localhost:15144, s2|localhost:15148]|listeners:[], old=null}
2024-10-11 15:03:15,124 [s3@group-F860CA578C61-LeaderElection20] INFO  impl.LeaderElection (LogUtils.java:infoOrTrace(136)) - s3@group-F860CA578C61-LeaderElection20 got exception when requesting votes: java.util.concurrent.ExecutionException: org.apache.ratis.thirdparty.io.netty.channel.AbstractChannel$AnnotatedConnectException: finishConnect(..) failed: Connection refused: localhost/127.0.0.1:15140
2024-10-11 15:03:15,124 [s3@group-F860CA578C61-LeaderElection20] INFO  impl.LeaderElection (LogUtils.java:infoOrTrace(136)) - s3@group-F860CA578C61-LeaderElection20 got exception when requesting votes: java.util.concurrent.ExecutionException: org.apache.ratis.thirdparty.io.netty.channel.AbstractChannel$AnnotatedConnectException: finishConnect(..) failed: Connection refused: localhost/127.0.0.1:15148
2024-10-11 15:03:15,144 [main] WARN  ratis.RaftTestUtil (RaftTestUtil.java:lambda$waitForLeader$3(126)) - Attempt #33 failed: java.lang.IllegalStateException: No leader yet : printing ALL groups
  s3:  RUNNING CANDIDATE s3@group-F860CA578C61:t2, leader=null, voted=s0, raftlog=Memoized:s3@group-F860CA578C61-SegmentedRaftLog:OPENED:c2:last(t:2, i:2), conf=conf: {index: 1, cur=peers:[s3|localhost:15152, s4|localhost:15156, s0|localhost:15140, s1|localhost:15144, s2|localhost:15148]|listeners:[], old=null} RUNNING
  s4:  RUNNING CANDIDATE s4@group-F860CA578C61:t2, leader=null, voted=s0, raftlog=Memoized:s4@group-F860CA578C61-SegmentedRaftLog:OPENED:c2:last(t:2, i:2), conf=conf: {index: 1, cur=peers:[s3|localhost:15152, s4|localhost:15156, s0|localhost:15140, s1|localhost:15144, s2|localhost:15148]|listeners:[], old=null} RUNNING
  s0:   CLOSED    LEADER s0@group-F860CA578C61:t2, leader=s0, voted=s0, raftlog=Memoized:s0@group-F860CA578C61-SegmentedRaftLog:CLOSED:c2, conf=conf: {index: 1, cur=peers:[s3|localhost:15152, s4|localhost:15156, s0|localhost:15140, s1|localhost:15144, s2|localhost:15148]|listeners:[], old=null} CLOSED
  s1:  RUNNING  FOLLOWER s1@group-F860CA578C61:t1, leader=null, voted=null, raftlog=Memoized:s1@group-F860CA578C61-SegmentedRaftLog:OPENED:c-1:lastnull, conf=conf: {index: -1, cur=peers:[s3|localhost:15152, s4|localhost:15156, s0|localhost:15140, s1|localhost:15144, s2|localhost:15148]|listeners:[], old=null} RUNNING
  s2:   CLOSED    LEADER s2@group-F860CA578C61:t1, leader=s2, voted=s2, raftlog=Memoized:s2@group-F860CA578C61-SegmentedRaftLog:CLOSED:c0, conf=conf: {index: 0, cur=peers:[s3|localhost:15152, s4|localhost:15156, s0|localhost:15140, s1|localhost:15144, s2|localhost:15148]|listeners:[], old=null} CLOSED
2024-10-11 15:03:15,215 [s4@group-F860CA578C61-LeaderElection19] INFO  impl.LeaderElection (LeaderElection.java:logAndReturn(90)) - s4@group-F860CA578C61-LeaderElection19: PRE_VOTE TIMEOUT received 1 response(s) and 2 exception(s):
2024-10-11 15:03:15,215 [s4@group-F860CA578C61-LeaderElection19] INFO  impl.LeaderElection (LeaderElection.java:logAndReturn(94)) -   Response 0: s4<-s3#0:OK-t2
2024-10-11 15:03:15,215 [s4@group-F860CA578C61-LeaderElection19] INFO  impl.LeaderElection (LogUtils.java:infoOrTrace(136)) -   Exception 1: java.util.concurrent.ExecutionException: org.apache.ratis.thirdparty.io.netty.channel.AbstractChannel$AnnotatedConnectException: finishConnect(..) failed: Connection refused: localhost/127.0.0.1:15148
2024-10-11 15:03:15,215 [s4@group-F860CA578C61-LeaderElection19] INFO  impl.LeaderElection (LogUtils.java:infoOrTrace(136)) -   Exception 2: java.util.concurrent.ExecutionException: org.apache.ratis.thirdparty.io.netty.channel.AbstractChannel$AnnotatedConnectException: finishConnect(..) failed: Connection refused: localhost/127.0.0.1:15140
2024-10-11 15:03:15,215 [s4@group-F860CA578C61-LeaderElection19] INFO  impl.LeaderElection (LeaderElection.java:askForVotes(339)) - s4@group-F860CA578C61-LeaderElection19 PRE_VOTE round 65: result TIMEOUT
2024-10-11 15:03:15,216 [s4@group-F860CA578C61-LeaderElection19] INFO  impl.LeaderElection (LeaderElection.java:askForVotes(337)) - s4@group-F860CA578C61-LeaderElection19 PRE_VOTE round 66: submit vote requests at term 2 for conf: {index: 1, cur=peers:[s3|localhost:15152, s4|localhost:15156, s0|localhost:15140, s1|localhost:15144, s2|localhost:15148]|listeners:[], old=null}
2024-10-11 15:03:15,216 [NettyRpcService-workerGroup--thread3] INFO  server.RaftServer$Division (RaftServerImpl.java:requestVote(1443)) - s3@group-F860CA578C61: receive requestVote(PRE_VOTE, s4, group-F860CA578C61, 2, (t:2, i:2))
2024-10-11 15:03:15,217 [NettyRpcService-workerGroup--thread3] INFO  impl.VoteContext (VoteContext.java:log(49)) - s3@group-F860CA578C61-CANDIDATE: accept PRE_VOTE from s4: our priority 0 <= candidate's priority 0
2024-10-11 15:03:15,217 [s4@group-F860CA578C61-LeaderElection19] INFO  impl.LeaderElection (LogUtils.java:infoOrTrace(136)) - s4@group-F860CA578C61-LeaderElection19 got exception when requesting votes: java.util.concurrent.ExecutionException: org.apache.ratis.thirdparty.io.netty.channel.AbstractChannel$AnnotatedConnectException: finishConnect(..) failed: Connection refused: localhost/127.0.0.1:15140
2024-10-11 15:03:15,217 [NettyRpcService-workerGroup--thread3] INFO  server.RaftServer$Division (RaftServerImpl.java:requestVote(1476)) - s3@group-F860CA578C61 replies to PRE_VOTE vote request: s4<-s3#0:OK-t2. Peer's state: s3@group-F860CA578C61:t2, leader=null, voted=s0, raftlog=Memoized:s3@group-F860CA578C61-SegmentedRaftLog:OPENED:c2:last(t:2, i:2), conf=conf: {index: 1, cur=peers:[s3|localhost:15152, s4|localhost:15156, s0|localhost:15140, s1|localhost:15144, s2|localhost:15148]|listeners:[], old=null}
2024-10-11 15:03:15,217 [s4@group-F860CA578C61-LeaderElection19] INFO  impl.LeaderElection (LogUtils.java:infoOrTrace(136)) - s4@group-F860CA578C61-LeaderElection19 got exception when requesting votes: java.util.concurrent.ExecutionException: org.apache.ratis.thirdparty.io.netty.channel.AbstractChannel$AnnotatedConnectException: finishConnect(..) failed: Connection refused: localhost/127.0.0.1:15148
2024-10-11 15:03:15,367 [s3@group-F860CA578C61-LeaderElection20] INFO  impl.LeaderElection (LeaderElection.java:logAndReturn(90)) - s3@group-F860CA578C61-LeaderElection20: PRE_VOTE TIMEOUT received 1 response(s) and 2 exception(s):
2024-10-11 15:03:15,367 [s3@group-F860CA578C61-LeaderElection20] INFO  impl.LeaderElection (LeaderElection.java:logAndReturn(94)) -   Response 0: s3<-s4#0:OK-t2
2024-10-11 15:03:15,367 [s3@group-F860CA578C61-LeaderElection20] INFO  impl.LeaderElection (LogUtils.java:infoOrTrace(136)) -   Exception 1: java.util.concurrent.ExecutionException: org.apache.ratis.thirdparty.io.netty.channel.AbstractChannel$AnnotatedConnectException: finishConnect(..) failed: Connection refused: localhost/127.0.0.1:15140
2024-10-11 15:03:15,367 [s3@group-F860CA578C61-LeaderElection20] INFO  impl.LeaderElection (LogUtils.java:infoOrTrace(136)) -   Exception 2: java.util.concurrent.ExecutionException: org.apache.ratis.thirdparty.io.netty.channel.AbstractChannel$AnnotatedConnectException: finishConnect(..) failed: Connection refused: localhost/127.0.0.1:15148
2024-10-11 15:03:15,368 [s3@group-F860CA578C61-LeaderElection20] INFO  impl.LeaderElection (LeaderElection.java:askForVotes(339)) - s3@group-F860CA578C61-LeaderElection20 PRE_VOTE round 55: result TIMEOUT
2024-10-11 15:03:15,368 [s3@group-F860CA578C61-LeaderElection20] INFO  impl.LeaderElection (LeaderElection.java:askForVotes(337)) - s3@group-F860CA578C61-LeaderElection20 PRE_VOTE round 56: submit vote requests at term 2 for conf: {index: 1, cur=peers:[s3|localhost:15152, s4|localhost:15156, s0|localhost:15140, s1|localhost:15144, s2|localhost:15148]|listeners:[], old=null}
2024-10-11 15:03:15,368 [NettyRpcService-workerGroup--thread3] INFO  server.RaftServer$Division (RaftServerImpl.java:requestVote(1443)) - s4@group-F860CA578C61: receive requestVote(PRE_VOTE, s3, group-F860CA578C61, 2, (t:2, i:2))
2024-10-11 15:03:15,369 [NettyRpcService-workerGroup--thread3] INFO  impl.VoteContext (VoteContext.java:log(49)) - s4@group-F860CA578C61-CANDIDATE: accept PRE_VOTE from s3: our priority 0 <= candidate's priority 0
2024-10-11 15:03:15,369 [NettyRpcService-workerGroup--thread3] INFO  server.RaftServer$Division (RaftServerImpl.java:requestVote(1476)) - s4@group-F860CA578C61 replies to PRE_VOTE vote request: s3<-s4#0:OK-t2. Peer's state: s4@group-F860CA578C61:t2, leader=null, voted=s0, raftlog=Memoized:s4@group-F860CA578C61-SegmentedRaftLog:OPENED:c2:last(t:2, i:2), conf=conf: {index: 1, cur=peers:[s3|localhost:15152, s4|localhost:15156, s0|localhost:15140, s1|localhost:15144, s2|localhost:15148]|listeners:[], old=null}
2024-10-11 15:03:15,369 [s3@group-F860CA578C61-LeaderElection20] INFO  impl.LeaderElection (LogUtils.java:infoOrTrace(136)) - s3@group-F860CA578C61-LeaderElection20 got exception when requesting votes: java.util.concurrent.ExecutionException: org.apache.ratis.thirdparty.io.netty.channel.AbstractChannel$AnnotatedConnectException: finishConnect(..) failed: Connection refused: localhost/127.0.0.1:15140
2024-10-11 15:03:15,369 [s3@group-F860CA578C61-LeaderElection20] INFO  impl.LeaderElection (LogUtils.java:infoOrTrace(136)) - s3@group-F860CA578C61-LeaderElection20 got exception when requesting votes: java.util.concurrent.ExecutionException: org.apache.ratis.thirdparty.io.netty.channel.AbstractChannel$AnnotatedConnectException: finishConnect(..) failed: Connection refused: localhost/127.0.0.1:15148
2024-10-11 15:03:15,498 [s4@group-F860CA578C61-LeaderElection19] INFO  impl.LeaderElection (LeaderElection.java:logAndReturn(90)) - s4@group-F860CA578C61-LeaderElection19: PRE_VOTE TIMEOUT received 1 response(s) and 2 exception(s):
2024-10-11 15:03:15,499 [s4@group-F860CA578C61-LeaderElection19] INFO  impl.LeaderElection (LeaderElection.java:logAndReturn(94)) -   Response 0: s4<-s3#0:OK-t2
2024-10-11 15:03:15,499 [s4@group-F860CA578C61-LeaderElection19] INFO  impl.LeaderElection (LogUtils.java:infoOrTrace(136)) -   Exception 1: java.util.concurrent.ExecutionException: org.apache.ratis.thirdparty.io.netty.channel.AbstractChannel$AnnotatedConnectException: finishConnect(..) failed: Connection refused: localhost/127.0.0.1:15140
2024-10-11 15:03:15,499 [s4@group-F860CA578C61-LeaderElection19] INFO  impl.LeaderElection (LogUtils.java:infoOrTrace(136)) -   Exception 2: java.util.concurrent.ExecutionException: org.apache.ratis.thirdparty.io.netty.channel.AbstractChannel$AnnotatedConnectException: finishConnect(..) failed: Connection refused: localhost/127.0.0.1:15148
2024-10-11 15:03:15,499 [s4@group-F860CA578C61-LeaderElection19] INFO  impl.LeaderElection (LeaderElection.java:askForVotes(339)) - s4@group-F860CA578C61-LeaderElection19 PRE_VOTE round 66: result TIMEOUT
2024-10-11 15:03:15,499 [s4@group-F860CA578C61-LeaderElection19] INFO  impl.LeaderElection (LeaderElection.java:askForVotes(337)) - s4@group-F860CA578C61-LeaderElection19 PRE_VOTE round 67: submit vote requests at term 2 for conf: {index: 1, cur=peers:[s3|localhost:15152, s4|localhost:15156, s0|localhost:15140, s1|localhost:15144, s2|localhost:15148]|listeners:[], old=null}
2024-10-11 15:03:15,500 [NettyRpcService-workerGroup--thread3] INFO  server.RaftServer$Division (RaftServerImpl.java:requestVote(1443)) - s3@group-F860CA578C61: receive requestVote(PRE_VOTE, s4, group-F860CA578C61, 2, (t:2, i:2))
2024-10-11 15:03:15,500 [NettyRpcService-workerGroup--thread3] INFO  impl.VoteContext (VoteContext.java:log(49)) - s3@group-F860CA578C61-CANDIDATE: accept PRE_VOTE from s4: our priority 0 <= candidate's priority 0
2024-10-11 15:03:15,500 [NettyRpcService-workerGroup--thread3] INFO  server.RaftServer$Division (RaftServerImpl.java:requestVote(1476)) - s3@group-F860CA578C61 replies to PRE_VOTE vote request: s4<-s3#0:OK-t2. Peer's state: s3@group-F860CA578C61:t2, leader=null, voted=s0, raftlog=Memoized:s3@group-F860CA578C61-SegmentedRaftLog:OPENED:c2:last(t:2, i:2), conf=conf: {index: 1, cur=peers:[s3|localhost:15152, s4|localhost:15156, s0|localhost:15140, s1|localhost:15144, s2|localhost:15148]|listeners:[], old=null}
2024-10-11 15:03:15,500 [s4@group-F860CA578C61-LeaderElection19] INFO  impl.LeaderElection (LogUtils.java:infoOrTrace(136)) - s4@group-F860CA578C61-LeaderElection19 got exception when requesting votes: java.util.concurrent.ExecutionException: org.apache.ratis.thirdparty.io.netty.channel.AbstractChannel$AnnotatedConnectException: finishConnect(..) failed: Connection refused: localhost/127.0.0.1:15140
2024-10-11 15:03:15,501 [s4@group-F860CA578C61-LeaderElection19] INFO  impl.LeaderElection (LogUtils.java:infoOrTrace(136)) - s4@group-F860CA578C61-LeaderElection19 got exception when requesting votes: java.util.concurrent.ExecutionException: org.apache.ratis.thirdparty.io.netty.channel.AbstractChannel$AnnotatedConnectException: finishConnect(..) failed: Connection refused: localhost/127.0.0.1:15148
2024-10-11 15:03:15,526 [s3@group-F860CA578C61-LeaderElection20] INFO  impl.LeaderElection (LeaderElection.java:logAndReturn(90)) - s3@group-F860CA578C61-LeaderElection20: PRE_VOTE TIMEOUT received 1 response(s) and 2 exception(s):
2024-10-11 15:03:15,527 [s3@group-F860CA578C61-LeaderElection20] INFO  impl.LeaderElection (LeaderElection.java:logAndReturn(94)) -   Response 0: s3<-s4#0:OK-t2
2024-10-11 15:03:15,527 [s3@group-F860CA578C61-LeaderElection20] INFO  impl.LeaderElection (LogUtils.java:infoOrTrace(136)) -   Exception 1: java.util.concurrent.ExecutionException: org.apache.ratis.thirdparty.io.netty.channel.AbstractChannel$AnnotatedConnectException: finishConnect(..) failed: Connection refused: localhost/127.0.0.1:15140
2024-10-11 15:03:15,527 [s3@group-F860CA578C61-LeaderElection20] INFO  impl.LeaderElection (LogUtils.java:infoOrTrace(136)) -   Exception 2: java.util.concurrent.ExecutionException: org.apache.ratis.thirdparty.io.netty.channel.AbstractChannel$AnnotatedConnectException: finishConnect(..) failed: Connection refused: localhost/127.0.0.1:15148
2024-10-11 15:03:15,527 [s3@group-F860CA578C61-LeaderElection20] INFO  impl.LeaderElection (LeaderElection.java:askForVotes(339)) - s3@group-F860CA578C61-LeaderElection20 PRE_VOTE round 56: result TIMEOUT
2024-10-11 15:03:15,527 [s3@group-F860CA578C61-LeaderElection20] INFO  impl.LeaderElection (LeaderElection.java:askForVotes(337)) - s3@group-F860CA578C61-LeaderElection20 PRE_VOTE round 57: submit vote requests at term 2 for conf: {index: 1, cur=peers:[s3|localhost:15152, s4|localhost:15156, s0|localhost:15140, s1|localhost:15144, s2|localhost:15148]|listeners:[], old=null}
2024-10-11 15:03:15,527 [NettyRpcService-workerGroup--thread3] INFO  server.RaftServer$Division (RaftServerImpl.java:requestVote(1443)) - s4@group-F860CA578C61: receive requestVote(PRE_VOTE, s3, group-F860CA578C61, 2, (t:2, i:2))
2024-10-11 15:03:15,527 [NettyRpcService-workerGroup--thread3] INFO  impl.VoteContext (VoteContext.java:log(49)) - s4@group-F860CA578C61-CANDIDATE: accept PRE_VOTE from s3: our priority 0 <= candidate's priority 0
2024-10-11 15:03:15,527 [NettyRpcService-workerGroup--thread3] INFO  server.RaftServer$Division (RaftServerImpl.java:requestVote(1476)) - s4@group-F860CA578C61 replies to PRE_VOTE vote request: s3<-s4#0:OK-t2. Peer's state: s4@group-F860CA578C61:t2, leader=null, voted=s0, raftlog=Memoized:s4@group-F860CA578C61-SegmentedRaftLog:OPENED:c2:last(t:2, i:2), conf=conf: {index: 1, cur=peers:[s3|localhost:15152, s4|localhost:15156, s0|localhost:15140, s1|localhost:15144, s2|localhost:15148]|listeners:[], old=null}
2024-10-11 15:03:15,528 [s3@group-F860CA578C61-LeaderElection20] INFO  impl.LeaderElection (LogUtils.java:infoOrTrace(136)) - s3@group-F860CA578C61-LeaderElection20 got exception when requesting votes: java.util.concurrent.ExecutionException: org.apache.ratis.thirdparty.io.netty.channel.AbstractChannel$AnnotatedConnectException: finishConnect(..) failed: Connection refused: localhost/127.0.0.1:15140
2024-10-11 15:03:15,528 [s3@group-F860CA578C61-LeaderElection20] INFO  impl.LeaderElection (LogUtils.java:infoOrTrace(136)) - s3@group-F860CA578C61-LeaderElection20 got exception when requesting votes: java.util.concurrent.ExecutionException: org.apache.ratis.thirdparty.io.netty.channel.AbstractChannel$AnnotatedConnectException: finishConnect(..) failed: Connection refused: localhost/127.0.0.1:15148
2024-10-11 15:03:15,595 [main] WARN  ratis.RaftTestUtil (RaftTestUtil.java:lambda$waitForLeader$3(126)) - Attempt #34 failed: java.lang.IllegalStateException: No leader yet : printing ALL groups
  s3:  RUNNING CANDIDATE s3@group-F860CA578C61:t2, leader=null, voted=s0, raftlog=Memoized:s3@group-F860CA578C61-SegmentedRaftLog:OPENED:c2:last(t:2, i:2), conf=conf: {index: 1, cur=peers:[s3|localhost:15152, s4|localhost:15156, s0|localhost:15140, s1|localhost:15144, s2|localhost:15148]|listeners:[], old=null} RUNNING
  s4:  RUNNING CANDIDATE s4@group-F860CA578C61:t2, leader=null, voted=s0, raftlog=Memoized:s4@group-F860CA578C61-SegmentedRaftLog:OPENED:c2:last(t:2, i:2), conf=conf: {index: 1, cur=peers:[s3|localhost:15152, s4|localhost:15156, s0|localhost:15140, s1|localhost:15144, s2|localhost:15148]|listeners:[], old=null} RUNNING
  s0:   CLOSED    LEADER s0@group-F860CA578C61:t2, leader=s0, voted=s0, raftlog=Memoized:s0@group-F860CA578C61-SegmentedRaftLog:CLOSED:c2, conf=conf: {index: 1, cur=peers:[s3|localhost:15152, s4|localhost:15156, s0|localhost:15140, s1|localhost:15144, s2|localhost:15148]|listeners:[], old=null} CLOSED
  s1:  RUNNING  FOLLOWER s1@group-F860CA578C61:t1, leader=null, voted=null, raftlog=Memoized:s1@group-F860CA578C61-SegmentedRaftLog:OPENED:c-1:lastnull, conf=conf: {index: -1, cur=peers:[s3|localhost:15152, s4|localhost:15156, s0|localhost:15140, s1|localhost:15144, s2|localhost:15148]|listeners:[], old=null} RUNNING
  s2:   CLOSED    LEADER s2@group-F860CA578C61:t1, leader=s2, voted=s2, raftlog=Memoized:s2@group-F860CA578C61-SegmentedRaftLog:CLOSED:c0, conf=conf: {index: 0, cur=peers:[s3|localhost:15152, s4|localhost:15156, s0|localhost:15140, s1|localhost:15144, s2|localhost:15148]|listeners:[], old=null} CLOSED
2024-10-11 15:03:15,679 [s4@group-F860CA578C61-LeaderElection19] INFO  impl.LeaderElection (LeaderElection.java:logAndReturn(90)) - s4@group-F860CA578C61-LeaderElection19: PRE_VOTE TIMEOUT received 1 response(s) and 2 exception(s):
2024-10-11 15:03:15,679 [s4@group-F860CA578C61-LeaderElection19] INFO  impl.LeaderElection (LeaderElection.java:logAndReturn(94)) -   Response 0: s4<-s3#0:OK-t2
2024-10-11 15:03:15,679 [s4@group-F860CA578C61-LeaderElection19] INFO  impl.LeaderElection (LogUtils.java:infoOrTrace(136)) -   Exception 1: java.util.concurrent.ExecutionException: org.apache.ratis.thirdparty.io.netty.channel.AbstractChannel$AnnotatedConnectException: finishConnect(..) failed: Connection refused: localhost/127.0.0.1:15140
2024-10-11 15:03:15,679 [s4@group-F860CA578C61-LeaderElection19] INFO  impl.LeaderElection (LogUtils.java:infoOrTrace(136)) -   Exception 2: java.util.concurrent.ExecutionException: org.apache.ratis.thirdparty.io.netty.channel.AbstractChannel$AnnotatedConnectException: finishConnect(..) failed: Connection refused: localhost/127.0.0.1:15148
2024-10-11 15:03:15,679 [s4@group-F860CA578C61-LeaderElection19] INFO  impl.LeaderElection (LeaderElection.java:askForVotes(339)) - s4@group-F860CA578C61-LeaderElection19 PRE_VOTE round 67: result TIMEOUT
2024-10-11 15:03:15,679 [s4@group-F860CA578C61-LeaderElection19] INFO  impl.LeaderElection (LeaderElection.java:askForVotes(337)) - s4@group-F860CA578C61-LeaderElection19 PRE_VOTE round 68: submit vote requests at term 2 for conf: {index: 1, cur=peers:[s3|localhost:15152, s4|localhost:15156, s0|localhost:15140, s1|localhost:15144, s2|localhost:15148]|listeners:[], old=null}
2024-10-11 15:03:15,680 [NettyRpcService-workerGroup--thread3] INFO  server.RaftServer$Division (RaftServerImpl.java:requestVote(1443)) - s3@group-F860CA578C61: receive requestVote(PRE_VOTE, s4, group-F860CA578C61, 2, (t:2, i:2))
2024-10-11 15:03:15,680 [NettyRpcService-workerGroup--thread3] INFO  impl.VoteContext (VoteContext.java:log(49)) - s3@group-F860CA578C61-CANDIDATE: accept PRE_VOTE from s4: our priority 0 <= candidate's priority 0
2024-10-11 15:03:15,680 [NettyRpcService-workerGroup--thread3] INFO  server.RaftServer$Division (RaftServerImpl.java:requestVote(1476)) - s3@group-F860CA578C61 replies to PRE_VOTE vote request: s4<-s3#0:OK-t2. Peer's state: s3@group-F860CA578C61:t2, leader=null, voted=s0, raftlog=Memoized:s3@group-F860CA578C61-SegmentedRaftLog:OPENED:c2:last(t:2, i:2), conf=conf: {index: 1, cur=peers:[s3|localhost:15152, s4|localhost:15156, s0|localhost:15140, s1|localhost:15144, s2|localhost:15148]|listeners:[], old=null}
2024-10-11 15:03:15,680 [s4@group-F860CA578C61-LeaderElection19] INFO  impl.LeaderElection (LogUtils.java:infoOrTrace(136)) - s4@group-F860CA578C61-LeaderElection19 got exception when requesting votes: java.util.concurrent.ExecutionException: org.apache.ratis.thirdparty.io.netty.channel.AbstractChannel$AnnotatedConnectException: finishConnect(..) failed: Connection refused: localhost/127.0.0.1:15140
2024-10-11 15:03:15,680 [s4@group-F860CA578C61-LeaderElection19] INFO  impl.LeaderElection (LogUtils.java:infoOrTrace(136)) - s4@group-F860CA578C61-LeaderElection19 got exception when requesting votes: java.util.concurrent.ExecutionException: org.apache.ratis.thirdparty.io.netty.channel.AbstractChannel$AnnotatedConnectException: finishConnect(..) failed: Connection refused: localhost/127.0.0.1:15148
2024-10-11 15:03:15,768 [s3@group-F860CA578C61-LeaderElection20] INFO  impl.LeaderElection (LeaderElection.java:logAndReturn(90)) - s3@group-F860CA578C61-LeaderElection20: PRE_VOTE TIMEOUT received 1 response(s) and 2 exception(s):
2024-10-11 15:03:15,768 [s3@group-F860CA578C61-LeaderElection20] INFO  impl.LeaderElection (LeaderElection.java:logAndReturn(94)) -   Response 0: s3<-s4#0:OK-t2
2024-10-11 15:03:15,768 [s3@group-F860CA578C61-LeaderElection20] INFO  impl.LeaderElection (LogUtils.java:infoOrTrace(136)) -   Exception 1: java.util.concurrent.ExecutionException: org.apache.ratis.thirdparty.io.netty.channel.AbstractChannel$AnnotatedConnectException: finishConnect(..) failed: Connection refused: localhost/127.0.0.1:15140
2024-10-11 15:03:15,768 [s3@group-F860CA578C61-LeaderElection20] INFO  impl.LeaderElection (LogUtils.java:infoOrTrace(136)) -   Exception 2: java.util.concurrent.ExecutionException: org.apache.ratis.thirdparty.io.netty.channel.AbstractChannel$AnnotatedConnectException: finishConnect(..) failed: Connection refused: localhost/127.0.0.1:15148
2024-10-11 15:03:15,768 [s3@group-F860CA578C61-LeaderElection20] INFO  impl.LeaderElection (LeaderElection.java:askForVotes(339)) - s3@group-F860CA578C61-LeaderElection20 PRE_VOTE round 57: result TIMEOUT
2024-10-11 15:03:15,768 [s3@group-F860CA578C61-LeaderElection20] INFO  impl.LeaderElection (LeaderElection.java:askForVotes(337)) - s3@group-F860CA578C61-LeaderElection20 PRE_VOTE round 58: submit vote requests at term 2 for conf: {index: 1, cur=peers:[s3|localhost:15152, s4|localhost:15156, s0|localhost:15140, s1|localhost:15144, s2|localhost:15148]|listeners:[], old=null}
2024-10-11 15:03:15,769 [NettyRpcService-workerGroup--thread3] INFO  server.RaftServer$Division (RaftServerImpl.java:requestVote(1443)) - s4@group-F860CA578C61: receive requestVote(PRE_VOTE, s3, group-F860CA578C61, 2, (t:2, i:2))
2024-10-11 15:03:15,769 [NettyRpcService-workerGroup--thread3] INFO  impl.VoteContext (VoteContext.java:log(49)) - s4@group-F860CA578C61-CANDIDATE: accept PRE_VOTE from s3: our priority 0 <= candidate's priority 0
2024-10-11 15:03:15,769 [s3@group-F860CA578C61-LeaderElection20] INFO  impl.LeaderElection (LogUtils.java:infoOrTrace(136)) - s3@group-F860CA578C61-LeaderElection20 got exception when requesting votes: java.util.concurrent.ExecutionException: org.apache.ratis.thirdparty.io.netty.channel.AbstractChannel$AnnotatedConnectException: finishConnect(..) failed: Connection refused: localhost/127.0.0.1:15140
2024-10-11 15:03:15,769 [NettyRpcService-workerGroup--thread3] INFO  server.RaftServer$Division (RaftServerImpl.java:requestVote(1476)) - s4@group-F860CA578C61 replies to PRE_VOTE vote request: s3<-s4#0:OK-t2. Peer's state: s4@group-F860CA578C61:t2, leader=null, voted=s0, raftlog=Memoized:s4@group-F860CA578C61-SegmentedRaftLog:OPENED:c2:last(t:2, i:2), conf=conf: {index: 1, cur=peers:[s3|localhost:15152, s4|localhost:15156, s0|localhost:15140, s1|localhost:15144, s2|localhost:15148]|listeners:[], old=null}
2024-10-11 15:03:15,770 [s3@group-F860CA578C61-LeaderElection20] INFO  impl.LeaderElection (LogUtils.java:infoOrTrace(136)) - s3@group-F860CA578C61-LeaderElection20 got exception when requesting votes: java.util.concurrent.ExecutionException: org.apache.ratis.thirdparty.io.netty.channel.AbstractChannel$AnnotatedConnectException: finishConnect(..) failed: Connection refused: localhost/127.0.0.1:15148
2024-10-11 15:03:15,845 [s4@group-F860CA578C61-LeaderElection19] INFO  impl.LeaderElection (LeaderElection.java:logAndReturn(90)) - s4@group-F860CA578C61-LeaderElection19: PRE_VOTE TIMEOUT received 1 response(s) and 2 exception(s):
2024-10-11 15:03:15,845 [s4@group-F860CA578C61-LeaderElection19] INFO  impl.LeaderElection (LeaderElection.java:logAndReturn(94)) -   Response 0: s4<-s3#0:OK-t2
2024-10-11 15:03:15,845 [s4@group-F860CA578C61-LeaderElection19] INFO  impl.LeaderElection (LogUtils.java:infoOrTrace(136)) -   Exception 1: java.util.concurrent.ExecutionException: org.apache.ratis.thirdparty.io.netty.channel.AbstractChannel$AnnotatedConnectException: finishConnect(..) failed: Connection refused: localhost/127.0.0.1:15140
2024-10-11 15:03:15,845 [s4@group-F860CA578C61-LeaderElection19] INFO  impl.LeaderElection (LogUtils.java:infoOrTrace(136)) -   Exception 2: java.util.concurrent.ExecutionException: org.apache.ratis.thirdparty.io.netty.channel.AbstractChannel$AnnotatedConnectException: finishConnect(..) failed: Connection refused: localhost/127.0.0.1:15148
2024-10-11 15:03:15,845 [s4@group-F860CA578C61-LeaderElection19] INFO  impl.LeaderElection (LeaderElection.java:askForVotes(339)) - s4@group-F860CA578C61-LeaderElection19 PRE_VOTE round 68: result TIMEOUT
2024-10-11 15:03:15,845 [s4@group-F860CA578C61-LeaderElection19] INFO  impl.LeaderElection (LeaderElection.java:askForVotes(337)) - s4@group-F860CA578C61-LeaderElection19 PRE_VOTE round 69: submit vote requests at term 2 for conf: {index: 1, cur=peers:[s3|localhost:15152, s4|localhost:15156, s0|localhost:15140, s1|localhost:15144, s2|localhost:15148]|listeners:[], old=null}
2024-10-11 15:03:15,846 [NettyRpcService-workerGroup--thread3] INFO  server.RaftServer$Division (RaftServerImpl.java:requestVote(1443)) - s3@group-F860CA578C61: receive requestVote(PRE_VOTE, s4, group-F860CA578C61, 2, (t:2, i:2))
2024-10-11 15:03:15,846 [NettyRpcService-workerGroup--thread3] INFO  impl.VoteContext (VoteContext.java:log(49)) - s3@group-F860CA578C61-CANDIDATE: accept PRE_VOTE from s4: our priority 0 <= candidate's priority 0
2024-10-11 15:03:15,846 [NettyRpcService-workerGroup--thread3] INFO  server.RaftServer$Division (RaftServerImpl.java:requestVote(1476)) - s3@group-F860CA578C61 replies to PRE_VOTE vote request: s4<-s3#0:OK-t2. Peer's state: s3@group-F860CA578C61:t2, leader=null, voted=s0, raftlog=Memoized:s3@group-F860CA578C61-SegmentedRaftLog:OPENED:c2:last(t:2, i:2), conf=conf: {index: 1, cur=peers:[s3|localhost:15152, s4|localhost:15156, s0|localhost:15140, s1|localhost:15144, s2|localhost:15148]|listeners:[], old=null}
2024-10-11 15:03:15,846 [s4@group-F860CA578C61-LeaderElection19] INFO  impl.LeaderElection (LogUtils.java:infoOrTrace(136)) - s4@group-F860CA578C61-LeaderElection19 got exception when requesting votes: java.util.concurrent.ExecutionException: org.apache.ratis.thirdparty.io.netty.channel.AbstractChannel$AnnotatedConnectException: finishConnect(..) failed: Connection refused: localhost/127.0.0.1:15140
2024-10-11 15:03:15,846 [s4@group-F860CA578C61-LeaderElection19] INFO  impl.LeaderElection (LogUtils.java:infoOrTrace(136)) - s4@group-F860CA578C61-LeaderElection19 got exception when requesting votes: java.util.concurrent.ExecutionException: org.apache.ratis.thirdparty.io.netty.channel.AbstractChannel$AnnotatedConnectException: finishConnect(..) failed: Connection refused: localhost/127.0.0.1:15148
2024-10-11 15:03:15,986 [s3@group-F860CA578C61-LeaderElection20] INFO  impl.LeaderElection (LeaderElection.java:logAndReturn(90)) - s3@group-F860CA578C61-LeaderElection20: PRE_VOTE TIMEOUT received 1 response(s) and 2 exception(s):
2024-10-11 15:03:15,987 [s3@group-F860CA578C61-LeaderElection20] INFO  impl.LeaderElection (LeaderElection.java:logAndReturn(94)) -   Response 0: s3<-s4#0:OK-t2
2024-10-11 15:03:15,987 [s3@group-F860CA578C61-LeaderElection20] INFO  impl.LeaderElection (LogUtils.java:infoOrTrace(136)) -   Exception 1: java.util.concurrent.ExecutionException: org.apache.ratis.thirdparty.io.netty.channel.AbstractChannel$AnnotatedConnectException: finishConnect(..) failed: Connection refused: localhost/127.0.0.1:15140
2024-10-11 15:03:15,987 [s3@group-F860CA578C61-LeaderElection20] INFO  impl.LeaderElection (LogUtils.java:infoOrTrace(136)) -   Exception 2: java.util.concurrent.ExecutionException: org.apache.ratis.thirdparty.io.netty.channel.AbstractChannel$AnnotatedConnectException: finishConnect(..) failed: Connection refused: localhost/127.0.0.1:15148
2024-10-11 15:03:15,987 [s3@group-F860CA578C61-LeaderElection20] INFO  impl.LeaderElection (LeaderElection.java:askForVotes(339)) - s3@group-F860CA578C61-LeaderElection20 PRE_VOTE round 58: result TIMEOUT
2024-10-11 15:03:15,987 [s3@group-F860CA578C61-LeaderElection20] INFO  impl.LeaderElection (LeaderElection.java:askForVotes(337)) - s3@group-F860CA578C61-LeaderElection20 PRE_VOTE round 59: submit vote requests at term 2 for conf: {index: 1, cur=peers:[s3|localhost:15152, s4|localhost:15156, s0|localhost:15140, s1|localhost:15144, s2|localhost:15148]|listeners:[], old=null}
2024-10-11 15:03:15,988 [NettyRpcService-workerGroup--thread3] INFO  server.RaftServer$Division (RaftServerImpl.java:requestVote(1443)) - s4@group-F860CA578C61: receive requestVote(PRE_VOTE, s3, group-F860CA578C61, 2, (t:2, i:2))
2024-10-11 15:03:15,988 [NettyRpcService-workerGroup--thread3] INFO  impl.VoteContext (VoteContext.java:log(49)) - s4@group-F860CA578C61-CANDIDATE: accept PRE_VOTE from s3: our priority 0 <= candidate's priority 0
2024-10-11 15:03:15,988 [NettyRpcService-workerGroup--thread3] INFO  server.RaftServer$Division (RaftServerImpl.java:requestVote(1476)) - s4@group-F860CA578C61 replies to PRE_VOTE vote request: s3<-s4#0:OK-t2. Peer's state: s4@group-F860CA578C61:t2, leader=null, voted=s0, raftlog=Memoized:s4@group-F860CA578C61-SegmentedRaftLog:OPENED:c2:last(t:2, i:2), conf=conf: {index: 1, cur=peers:[s3|localhost:15152, s4|localhost:15156, s0|localhost:15140, s1|localhost:15144, s2|localhost:15148]|listeners:[], old=null}
2024-10-11 15:03:15,988 [s3@group-F860CA578C61-LeaderElection20] INFO  impl.LeaderElection (LogUtils.java:infoOrTrace(136)) - s3@group-F860CA578C61-LeaderElection20 got exception when requesting votes: java.util.concurrent.ExecutionException: org.apache.ratis.thirdparty.io.netty.channel.AbstractChannel$AnnotatedConnectException: finishConnect(..) failed: Connection refused: localhost/127.0.0.1:15140
2024-10-11 15:03:15,988 [s3@group-F860CA578C61-LeaderElection20] INFO  impl.LeaderElection (LogUtils.java:infoOrTrace(136)) - s3@group-F860CA578C61-LeaderElection20 got exception when requesting votes: java.util.concurrent.ExecutionException: org.apache.ratis.thirdparty.io.netty.channel.AbstractChannel$AnnotatedConnectException: finishConnect(..) failed: Connection refused: localhost/127.0.0.1:15148
2024-10-11 15:03:16,030 [s4@group-F860CA578C61-LeaderElection19] INFO  impl.LeaderElection (LeaderElection.java:logAndReturn(90)) - s4@group-F860CA578C61-LeaderElection19: PRE_VOTE TIMEOUT received 1 response(s) and 2 exception(s):
2024-10-11 15:03:16,030 [s4@group-F860CA578C61-LeaderElection19] INFO  impl.LeaderElection (LeaderElection.java:logAndReturn(94)) -   Response 0: s4<-s3#0:OK-t2
2024-10-11 15:03:16,030 [s4@group-F860CA578C61-LeaderElection19] INFO  impl.LeaderElection (LogUtils.java:infoOrTrace(136)) -   Exception 1: java.util.concurrent.ExecutionException: org.apache.ratis.thirdparty.io.netty.channel.AbstractChannel$AnnotatedConnectException: finishConnect(..) failed: Connection refused: localhost/127.0.0.1:15140
2024-10-11 15:03:16,030 [s4@group-F860CA578C61-LeaderElection19] INFO  impl.LeaderElection (LogUtils.java:infoOrTrace(136)) -   Exception 2: java.util.concurrent.ExecutionException: org.apache.ratis.thirdparty.io.netty.channel.AbstractChannel$AnnotatedConnectException: finishConnect(..) failed: Connection refused: localhost/127.0.0.1:15148
2024-10-11 15:03:16,030 [s4@group-F860CA578C61-LeaderElection19] INFO  impl.LeaderElection (LeaderElection.java:askForVotes(339)) - s4@group-F860CA578C61-LeaderElection19 PRE_VOTE round 69: result TIMEOUT
2024-10-11 15:03:16,030 [s4@group-F860CA578C61-LeaderElection19] INFO  impl.LeaderElection (LeaderElection.java:askForVotes(337)) - s4@group-F860CA578C61-LeaderElection19 PRE_VOTE round 70: submit vote requests at term 2 for conf: {index: 1, cur=peers:[s3|localhost:15152, s4|localhost:15156, s0|localhost:15140, s1|localhost:15144, s2|localhost:15148]|listeners:[], old=null}
2024-10-11 15:03:16,031 [NettyRpcService-workerGroup--thread3] INFO  server.RaftServer$Division (RaftServerImpl.java:requestVote(1443)) - s3@group-F860CA578C61: receive requestVote(PRE_VOTE, s4, group-F860CA578C61, 2, (t:2, i:2))
2024-10-11 15:03:16,031 [NettyRpcService-workerGroup--thread3] INFO  impl.VoteContext (VoteContext.java:log(49)) - s3@group-F860CA578C61-CANDIDATE: accept PRE_VOTE from s4: our priority 0 <= candidate's priority 0
2024-10-11 15:03:16,031 [NettyRpcService-workerGroup--thread3] INFO  server.RaftServer$Division (RaftServerImpl.java:requestVote(1476)) - s3@group-F860CA578C61 replies to PRE_VOTE vote request: s4<-s3#0:OK-t2. Peer's state: s3@group-F860CA578C61:t2, leader=null, voted=s0, raftlog=Memoized:s3@group-F860CA578C61-SegmentedRaftLog:OPENED:c2:last(t:2, i:2), conf=conf: {index: 1, cur=peers:[s3|localhost:15152, s4|localhost:15156, s0|localhost:15140, s1|localhost:15144, s2|localhost:15148]|listeners:[], old=null}
2024-10-11 15:03:16,031 [s4@group-F860CA578C61-LeaderElection19] INFO  impl.LeaderElection (LogUtils.java:infoOrTrace(136)) - s4@group-F860CA578C61-LeaderElection19 got exception when requesting votes: java.util.concurrent.ExecutionException: org.apache.ratis.thirdparty.io.netty.channel.AbstractChannel$AnnotatedConnectException: finishConnect(..) failed: Connection refused: localhost/127.0.0.1:15140
2024-10-11 15:03:16,031 [s4@group-F860CA578C61-LeaderElection19] INFO  impl.LeaderElection (LogUtils.java:infoOrTrace(136)) - s4@group-F860CA578C61-LeaderElection19 got exception when requesting votes: java.util.concurrent.ExecutionException: org.apache.ratis.thirdparty.io.netty.channel.AbstractChannel$AnnotatedConnectException: finishConnect(..) failed: Connection refused: localhost/127.0.0.1:15148
2024-10-11 15:03:16,045 [main] WARN  ratis.RaftTestUtil (RaftTestUtil.java:lambda$waitForLeader$3(126)) - Attempt #35 failed: java.lang.IllegalStateException: No leader yet : printing ALL groups
  s3:  RUNNING CANDIDATE s3@group-F860CA578C61:t2, leader=null, voted=s0, raftlog=Memoized:s3@group-F860CA578C61-SegmentedRaftLog:OPENED:c2:last(t:2, i:2), conf=conf: {index: 1, cur=peers:[s3|localhost:15152, s4|localhost:15156, s0|localhost:15140, s1|localhost:15144, s2|localhost:15148]|listeners:[], old=null} RUNNING
  s4:  RUNNING CANDIDATE s4@group-F860CA578C61:t2, leader=null, voted=s0, raftlog=Memoized:s4@group-F860CA578C61-SegmentedRaftLog:OPENED:c2:last(t:2, i:2), conf=conf: {index: 1, cur=peers:[s3|localhost:15152, s4|localhost:15156, s0|localhost:15140, s1|localhost:15144, s2|localhost:15148]|listeners:[], old=null} RUNNING
  s0:   CLOSED    LEADER s0@group-F860CA578C61:t2, leader=s0, voted=s0, raftlog=Memoized:s0@group-F860CA578C61-SegmentedRaftLog:CLOSED:c2, conf=conf: {index: 1, cur=peers:[s3|localhost:15152, s4|localhost:15156, s0|localhost:15140, s1|localhost:15144, s2|localhost:15148]|listeners:[], old=null} CLOSED
  s1:  RUNNING  FOLLOWER s1@group-F860CA578C61:t1, leader=null, voted=null, raftlog=Memoized:s1@group-F860CA578C61-SegmentedRaftLog:OPENED:c-1:lastnull, conf=conf: {index: -1, cur=peers:[s3|localhost:15152, s4|localhost:15156, s0|localhost:15140, s1|localhost:15144, s2|localhost:15148]|listeners:[], old=null} RUNNING
  s2:   CLOSED    LEADER s2@group-F860CA578C61:t1, leader=s2, voted=s2, raftlog=Memoized:s2@group-F860CA578C61-SegmentedRaftLog:CLOSED:c0, conf=conf: {index: 0, cur=peers:[s3|localhost:15152, s4|localhost:15156, s0|localhost:15140, s1|localhost:15144, s2|localhost:15148]|listeners:[], old=null} CLOSED
2024-10-11 15:03:16,253 [s3@group-F860CA578C61-LeaderElection20] INFO  impl.LeaderElection (LeaderElection.java:logAndReturn(90)) - s3@group-F860CA578C61-LeaderElection20: PRE_VOTE TIMEOUT received 1 response(s) and 2 exception(s):
2024-10-11 15:03:16,253 [s3@group-F860CA578C61-LeaderElection20] INFO  impl.LeaderElection (LeaderElection.java:logAndReturn(94)) -   Response 0: s3<-s4#0:OK-t2
2024-10-11 15:03:16,253 [s3@group-F860CA578C61-LeaderElection20] INFO  impl.LeaderElection (LogUtils.java:infoOrTrace(136)) -   Exception 1: java.util.concurrent.ExecutionException: org.apache.ratis.thirdparty.io.netty.channel.AbstractChannel$AnnotatedConnectException: finishConnect(..) failed: Connection refused: localhost/127.0.0.1:15140
2024-10-11 15:03:16,253 [s3@group-F860CA578C61-LeaderElection20] INFO  impl.LeaderElection (LogUtils.java:infoOrTrace(136)) -   Exception 2: java.util.concurrent.ExecutionException: org.apache.ratis.thirdparty.io.netty.channel.AbstractChannel$AnnotatedConnectException: finishConnect(..) failed: Connection refused: localhost/127.0.0.1:15148
2024-10-11 15:03:16,253 [s3@group-F860CA578C61-LeaderElection20] INFO  impl.LeaderElection (LeaderElection.java:askForVotes(339)) - s3@group-F860CA578C61-LeaderElection20 PRE_VOTE round 59: result TIMEOUT
2024-10-11 15:03:16,253 [s3@group-F860CA578C61-LeaderElection20] INFO  impl.LeaderElection (LeaderElection.java:askForVotes(337)) - s3@group-F860CA578C61-LeaderElection20 PRE_VOTE round 60: submit vote requests at term 2 for conf: {index: 1, cur=peers:[s3|localhost:15152, s4|localhost:15156, s0|localhost:15140, s1|localhost:15144, s2|localhost:15148]|listeners:[], old=null}
2024-10-11 15:03:16,254 [NettyRpcService-workerGroup--thread3] INFO  server.RaftServer$Division (RaftServerImpl.java:requestVote(1443)) - s4@group-F860CA578C61: receive requestVote(PRE_VOTE, s3, group-F860CA578C61, 2, (t:2, i:2))
2024-10-11 15:03:16,254 [NettyRpcService-workerGroup--thread3] INFO  impl.VoteContext (VoteContext.java:log(49)) - s4@group-F860CA578C61-CANDIDATE: accept PRE_VOTE from s3: our priority 0 <= candidate's priority 0
2024-10-11 15:03:16,254 [s3@group-F860CA578C61-LeaderElection20] INFO  impl.LeaderElection (LogUtils.java:infoOrTrace(136)) - s3@group-F860CA578C61-LeaderElection20 got exception when requesting votes: java.util.concurrent.ExecutionException: org.apache.ratis.thirdparty.io.netty.channel.AbstractChannel$AnnotatedConnectException: finishConnect(..) failed: Connection refused: localhost/127.0.0.1:15148
2024-10-11 15:03:16,254 [NettyRpcService-workerGroup--thread3] INFO  server.RaftServer$Division (RaftServerImpl.java:requestVote(1476)) - s4@group-F860CA578C61 replies to PRE_VOTE vote request: s3<-s4#0:OK-t2. Peer's state: s4@group-F860CA578C61:t2, leader=null, voted=s0, raftlog=Memoized:s4@group-F860CA578C61-SegmentedRaftLog:OPENED:c2:last(t:2, i:2), conf=conf: {index: 1, cur=peers:[s3|localhost:15152, s4|localhost:15156, s0|localhost:15140, s1|localhost:15144, s2|localhost:15148]|listeners:[], old=null}
2024-10-11 15:03:16,255 [s3@group-F860CA578C61-LeaderElection20] INFO  impl.LeaderElection (LogUtils.java:infoOrTrace(136)) - s3@group-F860CA578C61-LeaderElection20 got exception when requesting votes: java.util.concurrent.ExecutionException: org.apache.ratis.thirdparty.io.netty.channel.AbstractChannel$AnnotatedConnectException: finishConnect(..) failed: Connection refused: localhost/127.0.0.1:15140
2024-10-11 15:03:16,257 [s4@group-F860CA578C61-LeaderElection19] INFO  impl.LeaderElection (LeaderElection.java:logAndReturn(90)) - s4@group-F860CA578C61-LeaderElection19: PRE_VOTE TIMEOUT received 1 response(s) and 2 exception(s):
2024-10-11 15:03:16,257 [s4@group-F860CA578C61-LeaderElection19] INFO  impl.LeaderElection (LeaderElection.java:logAndReturn(94)) -   Response 0: s4<-s3#0:OK-t2
2024-10-11 15:03:16,257 [s4@group-F860CA578C61-LeaderElection19] INFO  impl.LeaderElection (LogUtils.java:infoOrTrace(136)) -   Exception 1: java.util.concurrent.ExecutionException: org.apache.ratis.thirdparty.io.netty.channel.AbstractChannel$AnnotatedConnectException: finishConnect(..) failed: Connection refused: localhost/127.0.0.1:15140
2024-10-11 15:03:16,257 [s4@group-F860CA578C61-LeaderElection19] INFO  impl.LeaderElection (LogUtils.java:infoOrTrace(136)) -   Exception 2: java.util.concurrent.ExecutionException: org.apache.ratis.thirdparty.io.netty.channel.AbstractChannel$AnnotatedConnectException: finishConnect(..) failed: Connection refused: localhost/127.0.0.1:15148
2024-10-11 15:03:16,257 [s4@group-F860CA578C61-LeaderElection19] INFO  impl.LeaderElection (LeaderElection.java:askForVotes(339)) - s4@group-F860CA578C61-LeaderElection19 PRE_VOTE round 70: result TIMEOUT
2024-10-11 15:03:16,257 [s4@group-F860CA578C61-LeaderElection19] INFO  impl.LeaderElection (LeaderElection.java:askForVotes(337)) - s4@group-F860CA578C61-LeaderElection19 PRE_VOTE round 71: submit vote requests at term 2 for conf: {index: 1, cur=peers:[s3|localhost:15152, s4|localhost:15156, s0|localhost:15140, s1|localhost:15144, s2|localhost:15148]|listeners:[], old=null}
2024-10-11 15:03:16,257 [NettyRpcService-workerGroup--thread3] INFO  server.RaftServer$Division (RaftServerImpl.java:requestVote(1443)) - s3@group-F860CA578C61: receive requestVote(PRE_VOTE, s4, group-F860CA578C61, 2, (t:2, i:2))
2024-10-11 15:03:16,257 [NettyRpcService-workerGroup--thread3] INFO  impl.VoteContext (VoteContext.java:log(49)) - s3@group-F860CA578C61-CANDIDATE: accept PRE_VOTE from s4: our priority 0 <= candidate's priority 0
2024-10-11 15:03:16,258 [NettyRpcService-workerGroup--thread3] INFO  server.RaftServer$Division (RaftServerImpl.java:requestVote(1476)) - s3@group-F860CA578C61 replies to PRE_VOTE vote request: s4<-s3#0:OK-t2. Peer's state: s3@group-F860CA578C61:t2, leader=null, voted=s0, raftlog=Memoized:s3@group-F860CA578C61-SegmentedRaftLog:OPENED:c2:last(t:2, i:2), conf=conf: {index: 1, cur=peers:[s3|localhost:15152, s4|localhost:15156, s0|localhost:15140, s1|localhost:15144, s2|localhost:15148]|listeners:[], old=null}
2024-10-11 15:03:16,258 [s4@group-F860CA578C61-LeaderElection19] INFO  impl.LeaderElection (LogUtils.java:infoOrTrace(136)) - s4@group-F860CA578C61-LeaderElection19 got exception when requesting votes: java.util.concurrent.ExecutionException: org.apache.ratis.thirdparty.io.netty.channel.AbstractChannel$AnnotatedConnectException: finishConnect(..) failed: Connection refused: localhost/127.0.0.1:15140
2024-10-11 15:03:16,258 [s4@group-F860CA578C61-LeaderElection19] INFO  impl.LeaderElection (LogUtils.java:infoOrTrace(136)) - s4@group-F860CA578C61-LeaderElection19 got exception when requesting votes: java.util.concurrent.ExecutionException: org.apache.ratis.thirdparty.io.netty.channel.AbstractChannel$AnnotatedConnectException: finishConnect(..) failed: Connection refused: localhost/127.0.0.1:15148
2024-10-11 15:03:16,406 [s3@group-F860CA578C61-LeaderElection20] INFO  impl.LeaderElection (LeaderElection.java:logAndReturn(90)) - s3@group-F860CA578C61-LeaderElection20: PRE_VOTE TIMEOUT received 1 response(s) and 2 exception(s):
2024-10-11 15:03:16,406 [s3@group-F860CA578C61-LeaderElection20] INFO  impl.LeaderElection (LeaderElection.java:logAndReturn(94)) -   Response 0: s3<-s4#0:OK-t2
2024-10-11 15:03:16,406 [s3@group-F860CA578C61-LeaderElection20] INFO  impl.LeaderElection (LogUtils.java:infoOrTrace(136)) -   Exception 1: java.util.concurrent.ExecutionException: org.apache.ratis.thirdparty.io.netty.channel.AbstractChannel$AnnotatedConnectException: finishConnect(..) failed: Connection refused: localhost/127.0.0.1:15148
2024-10-11 15:03:16,406 [s3@group-F860CA578C61-LeaderElection20] INFO  impl.LeaderElection (LogUtils.java:infoOrTrace(136)) -   Exception 2: java.util.concurrent.ExecutionException: org.apache.ratis.thirdparty.io.netty.channel.AbstractChannel$AnnotatedConnectException: finishConnect(..) failed: Connection refused: localhost/127.0.0.1:15140
2024-10-11 15:03:16,406 [s3@group-F860CA578C61-LeaderElection20] INFO  impl.LeaderElection (LeaderElection.java:askForVotes(339)) - s3@group-F860CA578C61-LeaderElection20 PRE_VOTE round 60: result TIMEOUT
2024-10-11 15:03:16,406 [s3@group-F860CA578C61-LeaderElection20] INFO  impl.LeaderElection (LeaderElection.java:askForVotes(337)) - s3@group-F860CA578C61-LeaderElection20 PRE_VOTE round 61: submit vote requests at term 2 for conf: {index: 1, cur=peers:[s3|localhost:15152, s4|localhost:15156, s0|localhost:15140, s1|localhost:15144, s2|localhost:15148]|listeners:[], old=null}
2024-10-11 15:03:16,407 [NettyRpcService-workerGroup--thread3] INFO  server.RaftServer$Division (RaftServerImpl.java:requestVote(1443)) - s4@group-F860CA578C61: receive requestVote(PRE_VOTE, s3, group-F860CA578C61, 2, (t:2, i:2))
2024-10-11 15:03:16,407 [NettyRpcService-workerGroup--thread3] INFO  impl.VoteContext (VoteContext.java:log(49)) - s4@group-F860CA578C61-CANDIDATE: accept PRE_VOTE from s3: our priority 0 <= candidate's priority 0
2024-10-11 15:03:16,407 [NettyRpcService-workerGroup--thread3] INFO  server.RaftServer$Division (RaftServerImpl.java:requestVote(1476)) - s4@group-F860CA578C61 replies to PRE_VOTE vote request: s3<-s4#0:OK-t2. Peer's state: s4@group-F860CA578C61:t2, leader=null, voted=s0, raftlog=Memoized:s4@group-F860CA578C61-SegmentedRaftLog:OPENED:c2:last(t:2, i:2), conf=conf: {index: 1, cur=peers:[s3|localhost:15152, s4|localhost:15156, s0|localhost:15140, s1|localhost:15144, s2|localhost:15148]|listeners:[], old=null}
2024-10-11 15:03:16,407 [s3@group-F860CA578C61-LeaderElection20] INFO  impl.LeaderElection (LogUtils.java:infoOrTrace(136)) - s3@group-F860CA578C61-LeaderElection20 got exception when requesting votes: java.util.concurrent.ExecutionException: org.apache.ratis.thirdparty.io.netty.channel.AbstractChannel$AnnotatedConnectException: finishConnect(..) failed: Connection refused: localhost/127.0.0.1:15148
2024-10-11 15:03:16,408 [s3@group-F860CA578C61-LeaderElection20] INFO  impl.LeaderElection (LogUtils.java:infoOrTrace(136)) - s3@group-F860CA578C61-LeaderElection20 got exception when requesting votes: java.util.concurrent.ExecutionException: org.apache.ratis.thirdparty.io.netty.channel.AbstractChannel$AnnotatedConnectException: finishConnect(..) failed: Connection refused: localhost/127.0.0.1:15140
2024-10-11 15:03:16,448 [s4@group-F860CA578C61-LeaderElection19] INFO  impl.LeaderElection (LeaderElection.java:logAndReturn(90)) - s4@group-F860CA578C61-LeaderElection19: PRE_VOTE TIMEOUT received 1 response(s) and 2 exception(s):
2024-10-11 15:03:16,448 [s4@group-F860CA578C61-LeaderElection19] INFO  impl.LeaderElection (LeaderElection.java:logAndReturn(94)) -   Response 0: s4<-s3#0:OK-t2
2024-10-11 15:03:16,448 [s4@group-F860CA578C61-LeaderElection19] INFO  impl.LeaderElection (LogUtils.java:infoOrTrace(136)) -   Exception 1: java.util.concurrent.ExecutionException: org.apache.ratis.thirdparty.io.netty.channel.AbstractChannel$AnnotatedConnectException: finishConnect(..) failed: Connection refused: localhost/127.0.0.1:15140
2024-10-11 15:03:16,448 [s4@group-F860CA578C61-LeaderElection19] INFO  impl.LeaderElection (LogUtils.java:infoOrTrace(136)) -   Exception 2: java.util.concurrent.ExecutionException: org.apache.ratis.thirdparty.io.netty.channel.AbstractChannel$AnnotatedConnectException: finishConnect(..) failed: Connection refused: localhost/127.0.0.1:15148
2024-10-11 15:03:16,449 [s4@group-F860CA578C61-LeaderElection19] INFO  impl.LeaderElection (LeaderElection.java:askForVotes(339)) - s4@group-F860CA578C61-LeaderElection19 PRE_VOTE round 71: result TIMEOUT
2024-10-11 15:03:16,449 [s4@group-F860CA578C61-LeaderElection19] INFO  impl.LeaderElection (LeaderElection.java:askForVotes(337)) - s4@group-F860CA578C61-LeaderElection19 PRE_VOTE round 72: submit vote requests at term 2 for conf: {index: 1, cur=peers:[s3|localhost:15152, s4|localhost:15156, s0|localhost:15140, s1|localhost:15144, s2|localhost:15148]|listeners:[], old=null}
2024-10-11 15:03:16,449 [NettyRpcService-workerGroup--thread3] INFO  server.RaftServer$Division (RaftServerImpl.java:requestVote(1443)) - s3@group-F860CA578C61: receive requestVote(PRE_VOTE, s4, group-F860CA578C61, 2, (t:2, i:2))
2024-10-11 15:03:16,450 [NettyRpcService-workerGroup--thread3] INFO  impl.VoteContext (VoteContext.java:log(49)) - s3@group-F860CA578C61-CANDIDATE: accept PRE_VOTE from s4: our priority 0 <= candidate's priority 0
2024-10-11 15:03:16,450 [NettyRpcService-workerGroup--thread3] INFO  server.RaftServer$Division (RaftServerImpl.java:requestVote(1476)) - s3@group-F860CA578C61 replies to PRE_VOTE vote request: s4<-s3#0:OK-t2. Peer's state: s3@group-F860CA578C61:t2, leader=null, voted=s0, raftlog=Memoized:s3@group-F860CA578C61-SegmentedRaftLog:OPENED:c2:last(t:2, i:2), conf=conf: {index: 1, cur=peers:[s3|localhost:15152, s4|localhost:15156, s0|localhost:15140, s1|localhost:15144, s2|localhost:15148]|listeners:[], old=null}
2024-10-11 15:03:16,450 [s4@group-F860CA578C61-LeaderElection19] INFO  impl.LeaderElection (LogUtils.java:infoOrTrace(136)) - s4@group-F860CA578C61-LeaderElection19 got exception when requesting votes: java.util.concurrent.ExecutionException: org.apache.ratis.thirdparty.io.netty.channel.AbstractChannel$AnnotatedConnectException: finishConnect(..) failed: Connection refused: localhost/127.0.0.1:15140
2024-10-11 15:03:16,450 [s4@group-F860CA578C61-LeaderElection19] INFO  impl.LeaderElection (LogUtils.java:infoOrTrace(136)) - s4@group-F860CA578C61-LeaderElection19 got exception when requesting votes: java.util.concurrent.ExecutionException: org.apache.ratis.thirdparty.io.netty.channel.AbstractChannel$AnnotatedConnectException: finishConnect(..) failed: Connection refused: localhost/127.0.0.1:15148
2024-10-11 15:03:16,496 [main] WARN  ratis.RaftTestUtil (RaftTestUtil.java:lambda$waitForLeader$3(126)) - Attempt #36 failed: java.lang.IllegalStateException: No leader yet : printing ALL groups
  s3:  RUNNING CANDIDATE s3@group-F860CA578C61:t2, leader=null, voted=s0, raftlog=Memoized:s3@group-F860CA578C61-SegmentedRaftLog:OPENED:c2:last(t:2, i:2), conf=conf: {index: 1, cur=peers:[s3|localhost:15152, s4|localhost:15156, s0|localhost:15140, s1|localhost:15144, s2|localhost:15148]|listeners:[], old=null} RUNNING
  s4:  RUNNING CANDIDATE s4@group-F860CA578C61:t2, leader=null, voted=s0, raftlog=Memoized:s4@group-F860CA578C61-SegmentedRaftLog:OPENED:c2:last(t:2, i:2), conf=conf: {index: 1, cur=peers:[s3|localhost:15152, s4|localhost:15156, s0|localhost:15140, s1|localhost:15144, s2|localhost:15148]|listeners:[], old=null} RUNNING
  s0:   CLOSED    LEADER s0@group-F860CA578C61:t2, leader=s0, voted=s0, raftlog=Memoized:s0@group-F860CA578C61-SegmentedRaftLog:CLOSED:c2, conf=conf: {index: 1, cur=peers:[s3|localhost:15152, s4|localhost:15156, s0|localhost:15140, s1|localhost:15144, s2|localhost:15148]|listeners:[], old=null} CLOSED
  s1:  RUNNING  FOLLOWER s1@group-F860CA578C61:t1, leader=null, voted=null, raftlog=Memoized:s1@group-F860CA578C61-SegmentedRaftLog:OPENED:c-1:lastnull, conf=conf: {index: -1, cur=peers:[s3|localhost:15152, s4|localhost:15156, s0|localhost:15140, s1|localhost:15144, s2|localhost:15148]|listeners:[], old=null} RUNNING
  s2:   CLOSED    LEADER s2@group-F860CA578C61:t1, leader=s2, voted=s2, raftlog=Memoized:s2@group-F860CA578C61-SegmentedRaftLog:CLOSED:c0, conf=conf: {index: 0, cur=peers:[s3|localhost:15152, s4|localhost:15156, s0|localhost:15140, s1|localhost:15144, s2|localhost:15148]|listeners:[], old=null} CLOSED
2024-10-11 15:03:16,639 [s3@group-F860CA578C61-LeaderElection20] INFO  impl.LeaderElection (LeaderElection.java:logAndReturn(90)) - s3@group-F860CA578C61-LeaderElection20: PRE_VOTE TIMEOUT received 1 response(s) and 2 exception(s):
2024-10-11 15:03:16,639 [s3@group-F860CA578C61-LeaderElection20] INFO  impl.LeaderElection (LeaderElection.java:logAndReturn(94)) -   Response 0: s3<-s4#0:OK-t2
2024-10-11 15:03:16,639 [s3@group-F860CA578C61-LeaderElection20] INFO  impl.LeaderElection (LogUtils.java:infoOrTrace(136)) -   Exception 1: java.util.concurrent.ExecutionException: org.apache.ratis.thirdparty.io.netty.channel.AbstractChannel$AnnotatedConnectException: finishConnect(..) failed: Connection refused: localhost/127.0.0.1:15148
2024-10-11 15:03:16,639 [s3@group-F860CA578C61-LeaderElection20] INFO  impl.LeaderElection (LogUtils.java:infoOrTrace(136)) -   Exception 2: java.util.concurrent.ExecutionException: org.apache.ratis.thirdparty.io.netty.channel.AbstractChannel$AnnotatedConnectException: finishConnect(..) failed: Connection refused: localhost/127.0.0.1:15140
2024-10-11 15:03:16,639 [s3@group-F860CA578C61-LeaderElection20] INFO  impl.LeaderElection (LeaderElection.java:askForVotes(339)) - s3@group-F860CA578C61-LeaderElection20 PRE_VOTE round 61: result TIMEOUT
2024-10-11 15:03:16,639 [s3@group-F860CA578C61-LeaderElection20] INFO  impl.LeaderElection (LeaderElection.java:askForVotes(337)) - s3@group-F860CA578C61-LeaderElection20 PRE_VOTE round 62: submit vote requests at term 2 for conf: {index: 1, cur=peers:[s3|localhost:15152, s4|localhost:15156, s0|localhost:15140, s1|localhost:15144, s2|localhost:15148]|listeners:[], old=null}
2024-10-11 15:03:16,640 [NettyRpcService-workerGroup--thread3] INFO  server.RaftServer$Division (RaftServerImpl.java:requestVote(1443)) - s4@group-F860CA578C61: receive requestVote(PRE_VOTE, s3, group-F860CA578C61, 2, (t:2, i:2))
2024-10-11 15:03:16,640 [NettyRpcService-workerGroup--thread3] INFO  impl.VoteContext (VoteContext.java:log(49)) - s4@group-F860CA578C61-CANDIDATE: accept PRE_VOTE from s3: our priority 0 <= candidate's priority 0
2024-10-11 15:03:16,640 [NettyRpcService-workerGroup--thread3] INFO  server.RaftServer$Division (RaftServerImpl.java:requestVote(1476)) - s4@group-F860CA578C61 replies to PRE_VOTE vote request: s3<-s4#0:OK-t2. Peer's state: s4@group-F860CA578C61:t2, leader=null, voted=s0, raftlog=Memoized:s4@group-F860CA578C61-SegmentedRaftLog:OPENED:c2:last(t:2, i:2), conf=conf: {index: 1, cur=peers:[s3|localhost:15152, s4|localhost:15156, s0|localhost:15140, s1|localhost:15144, s2|localhost:15148]|listeners:[], old=null}
2024-10-11 15:03:16,641 [s3@group-F860CA578C61-LeaderElection20] INFO  impl.LeaderElection (LogUtils.java:infoOrTrace(136)) - s3@group-F860CA578C61-LeaderElection20 got exception when requesting votes: java.util.concurrent.ExecutionException: org.apache.ratis.thirdparty.io.netty.channel.AbstractChannel$AnnotatedConnectException: finishConnect(..) failed: Connection refused: localhost/127.0.0.1:15140
2024-10-11 15:03:16,641 [s3@group-F860CA578C61-LeaderElection20] INFO  impl.LeaderElection (LogUtils.java:infoOrTrace(136)) - s3@group-F860CA578C61-LeaderElection20 got exception when requesting votes: java.util.concurrent.ExecutionException: org.apache.ratis.thirdparty.io.netty.channel.AbstractChannel$AnnotatedConnectException: finishConnect(..) failed: Connection refused: localhost/127.0.0.1:15148
2024-10-11 15:03:16,654 [s4@group-F860CA578C61-LeaderElection19] INFO  impl.LeaderElection (LeaderElection.java:logAndReturn(90)) - s4@group-F860CA578C61-LeaderElection19: PRE_VOTE TIMEOUT received 1 response(s) and 2 exception(s):
2024-10-11 15:03:16,654 [s4@group-F860CA578C61-LeaderElection19] INFO  impl.LeaderElection (LeaderElection.java:logAndReturn(94)) -   Response 0: s4<-s3#0:OK-t2
2024-10-11 15:03:16,654 [s4@group-F860CA578C61-LeaderElection19] INFO  impl.LeaderElection (LogUtils.java:infoOrTrace(136)) -   Exception 1: java.util.concurrent.ExecutionException: org.apache.ratis.thirdparty.io.netty.channel.AbstractChannel$AnnotatedConnectException: finishConnect(..) failed: Connection refused: localhost/127.0.0.1:15140
2024-10-11 15:03:16,654 [s4@group-F860CA578C61-LeaderElection19] INFO  impl.LeaderElection (LogUtils.java:infoOrTrace(136)) -   Exception 2: java.util.concurrent.ExecutionException: org.apache.ratis.thirdparty.io.netty.channel.AbstractChannel$AnnotatedConnectException: finishConnect(..) failed: Connection refused: localhost/127.0.0.1:15148
2024-10-11 15:03:16,654 [s4@group-F860CA578C61-LeaderElection19] INFO  impl.LeaderElection (LeaderElection.java:askForVotes(339)) - s4@group-F860CA578C61-LeaderElection19 PRE_VOTE round 72: result TIMEOUT
2024-10-11 15:03:16,654 [s4@group-F860CA578C61-LeaderElection19] INFO  impl.LeaderElection (LeaderElection.java:askForVotes(337)) - s4@group-F860CA578C61-LeaderElection19 PRE_VOTE round 73: submit vote requests at term 2 for conf: {index: 1, cur=peers:[s3|localhost:15152, s4|localhost:15156, s0|localhost:15140, s1|localhost:15144, s2|localhost:15148]|listeners:[], old=null}
2024-10-11 15:03:16,655 [NettyRpcService-workerGroup--thread3] INFO  server.RaftServer$Division (RaftServerImpl.java:requestVote(1443)) - s3@group-F860CA578C61: receive requestVote(PRE_VOTE, s4, group-F860CA578C61, 2, (t:2, i:2))
2024-10-11 15:03:16,655 [NettyRpcService-workerGroup--thread3] INFO  impl.VoteContext (VoteContext.java:log(49)) - s3@group-F860CA578C61-CANDIDATE: accept PRE_VOTE from s4: our priority 0 <= candidate's priority 0
2024-10-11 15:03:16,655 [NettyRpcService-workerGroup--thread3] INFO  server.RaftServer$Division (RaftServerImpl.java:requestVote(1476)) - s3@group-F860CA578C61 replies to PRE_VOTE vote request: s4<-s3#0:OK-t2. Peer's state: s3@group-F860CA578C61:t2, leader=null, voted=s0, raftlog=Memoized:s3@group-F860CA578C61-SegmentedRaftLog:OPENED:c2:last(t:2, i:2), conf=conf: {index: 1, cur=peers:[s3|localhost:15152, s4|localhost:15156, s0|localhost:15140, s1|localhost:15144, s2|localhost:15148]|listeners:[], old=null}
2024-10-11 15:03:16,655 [s4@group-F860CA578C61-LeaderElection19] INFO  impl.LeaderElection (LogUtils.java:infoOrTrace(136)) - s4@group-F860CA578C61-LeaderElection19 got exception when requesting votes: java.util.concurrent.ExecutionException: org.apache.ratis.thirdparty.io.netty.channel.AbstractChannel$AnnotatedConnectException: finishConnect(..) failed: Connection refused: localhost/127.0.0.1:15140
2024-10-11 15:03:16,656 [s4@group-F860CA578C61-LeaderElection19] INFO  impl.LeaderElection (LogUtils.java:infoOrTrace(136)) - s4@group-F860CA578C61-LeaderElection19 got exception when requesting votes: java.util.concurrent.ExecutionException: org.apache.ratis.thirdparty.io.netty.channel.AbstractChannel$AnnotatedConnectException: finishConnect(..) failed: Connection refused: localhost/127.0.0.1:15148
2024-10-11 15:03:16,874 [s3@group-F860CA578C61-LeaderElection20] INFO  impl.LeaderElection (LeaderElection.java:logAndReturn(90)) - s3@group-F860CA578C61-LeaderElection20: PRE_VOTE TIMEOUT received 1 response(s) and 2 exception(s):
2024-10-11 15:03:16,874 [s3@group-F860CA578C61-LeaderElection20] INFO  impl.LeaderElection (LeaderElection.java:logAndReturn(94)) -   Response 0: s3<-s4#0:OK-t2
2024-10-11 15:03:16,874 [s3@group-F860CA578C61-LeaderElection20] INFO  impl.LeaderElection (LogUtils.java:infoOrTrace(136)) -   Exception 1: java.util.concurrent.ExecutionException: org.apache.ratis.thirdparty.io.netty.channel.AbstractChannel$AnnotatedConnectException: finishConnect(..) failed: Connection refused: localhost/127.0.0.1:15140
2024-10-11 15:03:16,874 [s3@group-F860CA578C61-LeaderElection20] INFO  impl.LeaderElection (LogUtils.java:infoOrTrace(136)) -   Exception 2: java.util.concurrent.ExecutionException: org.apache.ratis.thirdparty.io.netty.channel.AbstractChannel$AnnotatedConnectException: finishConnect(..) failed: Connection refused: localhost/127.0.0.1:15148
2024-10-11 15:03:16,874 [s3@group-F860CA578C61-LeaderElection20] INFO  impl.LeaderElection (LeaderElection.java:askForVotes(339)) - s3@group-F860CA578C61-LeaderElection20 PRE_VOTE round 62: result TIMEOUT
2024-10-11 15:03:16,874 [s3@group-F860CA578C61-LeaderElection20] INFO  impl.LeaderElection (LeaderElection.java:askForVotes(337)) - s3@group-F860CA578C61-LeaderElection20 PRE_VOTE round 63: submit vote requests at term 2 for conf: {index: 1, cur=peers:[s3|localhost:15152, s4|localhost:15156, s0|localhost:15140, s1|localhost:15144, s2|localhost:15148]|listeners:[], old=null}
2024-10-11 15:03:16,875 [NettyRpcService-workerGroup--thread3] INFO  server.RaftServer$Division (RaftServerImpl.java:requestVote(1443)) - s4@group-F860CA578C61: receive requestVote(PRE_VOTE, s3, group-F860CA578C61, 2, (t:2, i:2))
2024-10-11 15:03:16,875 [NettyRpcService-workerGroup--thread3] INFO  impl.VoteContext (VoteContext.java:log(49)) - s4@group-F860CA578C61-CANDIDATE: accept PRE_VOTE from s3: our priority 0 <= candidate's priority 0
2024-10-11 15:03:16,875 [NettyRpcService-workerGroup--thread3] INFO  server.RaftServer$Division (RaftServerImpl.java:requestVote(1476)) - s4@group-F860CA578C61 replies to PRE_VOTE vote request: s3<-s4#0:OK-t2. Peer's state: s4@group-F860CA578C61:t2, leader=null, voted=s0, raftlog=Memoized:s4@group-F860CA578C61-SegmentedRaftLog:OPENED:c2:last(t:2, i:2), conf=conf: {index: 1, cur=peers:[s3|localhost:15152, s4|localhost:15156, s0|localhost:15140, s1|localhost:15144, s2|localhost:15148]|listeners:[], old=null}
2024-10-11 15:03:16,875 [s3@group-F860CA578C61-LeaderElection20] INFO  impl.LeaderElection (LogUtils.java:infoOrTrace(136)) - s3@group-F860CA578C61-LeaderElection20 got exception when requesting votes: java.util.concurrent.ExecutionException: org.apache.ratis.thirdparty.io.netty.channel.AbstractChannel$AnnotatedConnectException: finishConnect(..) failed: Connection refused: localhost/127.0.0.1:15140
2024-10-11 15:03:16,876 [s3@group-F860CA578C61-LeaderElection20] INFO  impl.LeaderElection (LogUtils.java:infoOrTrace(136)) - s3@group-F860CA578C61-LeaderElection20 got exception when requesting votes: java.util.concurrent.ExecutionException: org.apache.ratis.thirdparty.io.netty.channel.AbstractChannel$AnnotatedConnectException: finishConnect(..) failed: Connection refused: localhost/127.0.0.1:15148
2024-10-11 15:03:16,941 [s4@group-F860CA578C61-LeaderElection19] INFO  impl.LeaderElection (LeaderElection.java:logAndReturn(90)) - s4@group-F860CA578C61-LeaderElection19: PRE_VOTE TIMEOUT received 1 response(s) and 2 exception(s):
2024-10-11 15:03:16,941 [s4@group-F860CA578C61-LeaderElection19] INFO  impl.LeaderElection (LeaderElection.java:logAndReturn(94)) -   Response 0: s4<-s3#0:OK-t2
2024-10-11 15:03:16,941 [s4@group-F860CA578C61-LeaderElection19] INFO  impl.LeaderElection (LogUtils.java:infoOrTrace(136)) -   Exception 1: java.util.concurrent.ExecutionException: org.apache.ratis.thirdparty.io.netty.channel.AbstractChannel$AnnotatedConnectException: finishConnect(..) failed: Connection refused: localhost/127.0.0.1:15140
2024-10-11 15:03:16,941 [s4@group-F860CA578C61-LeaderElection19] INFO  impl.LeaderElection (LogUtils.java:infoOrTrace(136)) -   Exception 2: java.util.concurrent.ExecutionException: org.apache.ratis.thirdparty.io.netty.channel.AbstractChannel$AnnotatedConnectException: finishConnect(..) failed: Connection refused: localhost/127.0.0.1:15148
2024-10-11 15:03:16,941 [s4@group-F860CA578C61-LeaderElection19] INFO  impl.LeaderElection (LeaderElection.java:askForVotes(339)) - s4@group-F860CA578C61-LeaderElection19 PRE_VOTE round 73: result TIMEOUT
2024-10-11 15:03:16,942 [s4@group-F860CA578C61-LeaderElection19] INFO  impl.LeaderElection (LeaderElection.java:askForVotes(337)) - s4@group-F860CA578C61-LeaderElection19 PRE_VOTE round 74: submit vote requests at term 2 for conf: {index: 1, cur=peers:[s3|localhost:15152, s4|localhost:15156, s0|localhost:15140, s1|localhost:15144, s2|localhost:15148]|listeners:[], old=null}
2024-10-11 15:03:16,942 [NettyRpcService-workerGroup--thread3] INFO  server.RaftServer$Division (RaftServerImpl.java:requestVote(1443)) - s3@group-F860CA578C61: receive requestVote(PRE_VOTE, s4, group-F860CA578C61, 2, (t:2, i:2))
2024-10-11 15:03:16,942 [NettyRpcService-workerGroup--thread3] INFO  impl.VoteContext (VoteContext.java:log(49)) - s3@group-F860CA578C61-CANDIDATE: accept PRE_VOTE from s4: our priority 0 <= candidate's priority 0
2024-10-11 15:03:16,942 [NettyRpcService-workerGroup--thread3] INFO  server.RaftServer$Division (RaftServerImpl.java:requestVote(1476)) - s3@group-F860CA578C61 replies to PRE_VOTE vote request: s4<-s3#0:OK-t2. Peer's state: s3@group-F860CA578C61:t2, leader=null, voted=s0, raftlog=Memoized:s3@group-F860CA578C61-SegmentedRaftLog:OPENED:c2:last(t:2, i:2), conf=conf: {index: 1, cur=peers:[s3|localhost:15152, s4|localhost:15156, s0|localhost:15140, s1|localhost:15144, s2|localhost:15148]|listeners:[], old=null}
2024-10-11 15:03:16,943 [s4@group-F860CA578C61-LeaderElection19] INFO  impl.LeaderElection (LogUtils.java:infoOrTrace(136)) - s4@group-F860CA578C61-LeaderElection19 got exception when requesting votes: java.util.concurrent.ExecutionException: org.apache.ratis.thirdparty.io.netty.channel.AbstractChannel$AnnotatedConnectException: finishConnect(..) failed: Connection refused: localhost/127.0.0.1:15140
2024-10-11 15:03:16,943 [s4@group-F860CA578C61-LeaderElection19] INFO  impl.LeaderElection (LogUtils.java:infoOrTrace(136)) - s4@group-F860CA578C61-LeaderElection19 got exception when requesting votes: java.util.concurrent.ExecutionException: org.apache.ratis.thirdparty.io.netty.channel.AbstractChannel$AnnotatedConnectException: finishConnect(..) failed: Connection refused: localhost/127.0.0.1:15148
2024-10-11 15:03:16,946 [main] WARN  ratis.RaftTestUtil (RaftTestUtil.java:lambda$waitForLeader$3(126)) - Attempt #37 failed: java.lang.IllegalStateException: No leader yet : printing ALL groups
  s3:  RUNNING CANDIDATE s3@group-F860CA578C61:t2, leader=null, voted=s0, raftlog=Memoized:s3@group-F860CA578C61-SegmentedRaftLog:OPENED:c2:last(t:2, i:2), conf=conf: {index: 1, cur=peers:[s3|localhost:15152, s4|localhost:15156, s0|localhost:15140, s1|localhost:15144, s2|localhost:15148]|listeners:[], old=null} RUNNING
  s4:  RUNNING CANDIDATE s4@group-F860CA578C61:t2, leader=null, voted=s0, raftlog=Memoized:s4@group-F860CA578C61-SegmentedRaftLog:OPENED:c2:last(t:2, i:2), conf=conf: {index: 1, cur=peers:[s3|localhost:15152, s4|localhost:15156, s0|localhost:15140, s1|localhost:15144, s2|localhost:15148]|listeners:[], old=null} RUNNING
  s0:   CLOSED    LEADER s0@group-F860CA578C61:t2, leader=s0, voted=s0, raftlog=Memoized:s0@group-F860CA578C61-SegmentedRaftLog:CLOSED:c2, conf=conf: {index: 1, cur=peers:[s3|localhost:15152, s4|localhost:15156, s0|localhost:15140, s1|localhost:15144, s2|localhost:15148]|listeners:[], old=null} CLOSED
  s1:  RUNNING  FOLLOWER s1@group-F860CA578C61:t1, leader=null, voted=null, raftlog=Memoized:s1@group-F860CA578C61-SegmentedRaftLog:OPENED:c-1:lastnull, conf=conf: {index: -1, cur=peers:[s3|localhost:15152, s4|localhost:15156, s0|localhost:15140, s1|localhost:15144, s2|localhost:15148]|listeners:[], old=null} RUNNING
  s2:   CLOSED    LEADER s2@group-F860CA578C61:t1, leader=s2, voted=s2, raftlog=Memoized:s2@group-F860CA578C61-SegmentedRaftLog:CLOSED:c0, conf=conf: {index: 0, cur=peers:[s3|localhost:15152, s4|localhost:15156, s0|localhost:15140, s1|localhost:15144, s2|localhost:15148]|listeners:[], old=null} CLOSED
2024-10-11 15:03:17,025 [s3@group-F860CA578C61-LeaderElection20] INFO  impl.LeaderElection (LeaderElection.java:logAndReturn(90)) - s3@group-F860CA578C61-LeaderElection20: PRE_VOTE TIMEOUT received 1 response(s) and 2 exception(s):
2024-10-11 15:03:17,025 [s3@group-F860CA578C61-LeaderElection20] INFO  impl.LeaderElection (LeaderElection.java:logAndReturn(94)) -   Response 0: s3<-s4#0:OK-t2
2024-10-11 15:03:17,025 [s3@group-F860CA578C61-LeaderElection20] INFO  impl.LeaderElection (LogUtils.java:infoOrTrace(136)) -   Exception 1: java.util.concurrent.ExecutionException: org.apache.ratis.thirdparty.io.netty.channel.AbstractChannel$AnnotatedConnectException: finishConnect(..) failed: Connection refused: localhost/127.0.0.1:15140
2024-10-11 15:03:17,025 [s3@group-F860CA578C61-LeaderElection20] INFO  impl.LeaderElection (LogUtils.java:infoOrTrace(136)) -   Exception 2: java.util.concurrent.ExecutionException: org.apache.ratis.thirdparty.io.netty.channel.AbstractChannel$AnnotatedConnectException: finishConnect(..) failed: Connection refused: localhost/127.0.0.1:15148
2024-10-11 15:03:17,025 [s3@group-F860CA578C61-LeaderElection20] INFO  impl.LeaderElection (LeaderElection.java:askForVotes(339)) - s3@group-F860CA578C61-LeaderElection20 PRE_VOTE round 63: result TIMEOUT
2024-10-11 15:03:17,025 [s3@group-F860CA578C61-LeaderElection20] INFO  impl.LeaderElection (LeaderElection.java:askForVotes(337)) - s3@group-F860CA578C61-LeaderElection20 PRE_VOTE round 64: submit vote requests at term 2 for conf: {index: 1, cur=peers:[s3|localhost:15152, s4|localhost:15156, s0|localhost:15140, s1|localhost:15144, s2|localhost:15148]|listeners:[], old=null}
2024-10-11 15:03:17,026 [NettyRpcService-workerGroup--thread3] INFO  server.RaftServer$Division (RaftServerImpl.java:requestVote(1443)) - s4@group-F860CA578C61: receive requestVote(PRE_VOTE, s3, group-F860CA578C61, 2, (t:2, i:2))
2024-10-11 15:03:17,026 [NettyRpcService-workerGroup--thread3] INFO  impl.VoteContext (VoteContext.java:log(49)) - s4@group-F860CA578C61-CANDIDATE: accept PRE_VOTE from s3: our priority 0 <= candidate's priority 0
2024-10-11 15:03:17,026 [NettyRpcService-workerGroup--thread3] INFO  server.RaftServer$Division (RaftServerImpl.java:requestVote(1476)) - s4@group-F860CA578C61 replies to PRE_VOTE vote request: s3<-s4#0:OK-t2. Peer's state: s4@group-F860CA578C61:t2, leader=null, voted=s0, raftlog=Memoized:s4@group-F860CA578C61-SegmentedRaftLog:OPENED:c2:last(t:2, i:2), conf=conf: {index: 1, cur=peers:[s3|localhost:15152, s4|localhost:15156, s0|localhost:15140, s1|localhost:15144, s2|localhost:15148]|listeners:[], old=null}
2024-10-11 15:03:17,026 [s3@group-F860CA578C61-LeaderElection20] INFO  impl.LeaderElection (LogUtils.java:infoOrTrace(136)) - s3@group-F860CA578C61-LeaderElection20 got exception when requesting votes: java.util.concurrent.ExecutionException: org.apache.ratis.thirdparty.io.netty.channel.AbstractChannel$AnnotatedConnectException: finishConnect(..) failed: Connection refused: localhost/127.0.0.1:15140
2024-10-11 15:03:17,026 [s3@group-F860CA578C61-LeaderElection20] INFO  impl.LeaderElection (LogUtils.java:infoOrTrace(136)) - s3@group-F860CA578C61-LeaderElection20 got exception when requesting votes: java.util.concurrent.ExecutionException: org.apache.ratis.thirdparty.io.netty.channel.AbstractChannel$AnnotatedConnectException: finishConnect(..) failed: Connection refused: localhost/127.0.0.1:15148
2024-10-11 15:03:17,205 [s4@group-F860CA578C61-LeaderElection19] INFO  impl.LeaderElection (LeaderElection.java:logAndReturn(90)) - s4@group-F860CA578C61-LeaderElection19: PRE_VOTE TIMEOUT received 1 response(s) and 2 exception(s):
2024-10-11 15:03:17,205 [s4@group-F860CA578C61-LeaderElection19] INFO  impl.LeaderElection (LeaderElection.java:logAndReturn(94)) -   Response 0: s4<-s3#0:OK-t2
2024-10-11 15:03:17,205 [s4@group-F860CA578C61-LeaderElection19] INFO  impl.LeaderElection (LogUtils.java:infoOrTrace(136)) -   Exception 1: java.util.concurrent.ExecutionException: org.apache.ratis.thirdparty.io.netty.channel.AbstractChannel$AnnotatedConnectException: finishConnect(..) failed: Connection refused: localhost/127.0.0.1:15140
2024-10-11 15:03:17,205 [s4@group-F860CA578C61-LeaderElection19] INFO  impl.LeaderElection (LogUtils.java:infoOrTrace(136)) -   Exception 2: java.util.concurrent.ExecutionException: org.apache.ratis.thirdparty.io.netty.channel.AbstractChannel$AnnotatedConnectException: finishConnect(..) failed: Connection refused: localhost/127.0.0.1:15148
2024-10-11 15:03:17,206 [s4@group-F860CA578C61-LeaderElection19] INFO  impl.LeaderElection (LeaderElection.java:askForVotes(339)) - s4@group-F860CA578C61-LeaderElection19 PRE_VOTE round 74: result TIMEOUT
2024-10-11 15:03:17,206 [s4@group-F860CA578C61-LeaderElection19] INFO  impl.LeaderElection (LeaderElection.java:askForVotes(337)) - s4@group-F860CA578C61-LeaderElection19 PRE_VOTE round 75: submit vote requests at term 2 for conf: {index: 1, cur=peers:[s3|localhost:15152, s4|localhost:15156, s0|localhost:15140, s1|localhost:15144, s2|localhost:15148]|listeners:[], old=null}
2024-10-11 15:03:17,206 [NettyRpcService-workerGroup--thread3] INFO  server.RaftServer$Division (RaftServerImpl.java:requestVote(1443)) - s3@group-F860CA578C61: receive requestVote(PRE_VOTE, s4, group-F860CA578C61, 2, (t:2, i:2))
2024-10-11 15:03:17,206 [NettyRpcService-workerGroup--thread3] INFO  impl.VoteContext (VoteContext.java:log(49)) - s3@group-F860CA578C61-CANDIDATE: accept PRE_VOTE from s4: our priority 0 <= candidate's priority 0
2024-10-11 15:03:17,207 [NettyRpcService-workerGroup--thread3] INFO  server.RaftServer$Division (RaftServerImpl.java:requestVote(1476)) - s3@group-F860CA578C61 replies to PRE_VOTE vote request: s4<-s3#0:OK-t2. Peer's state: s3@group-F860CA578C61:t2, leader=null, voted=s0, raftlog=Memoized:s3@group-F860CA578C61-SegmentedRaftLog:OPENED:c2:last(t:2, i:2), conf=conf: {index: 1, cur=peers:[s3|localhost:15152, s4|localhost:15156, s0|localhost:15140, s1|localhost:15144, s2|localhost:15148]|listeners:[], old=null}
2024-10-11 15:03:17,207 [s4@group-F860CA578C61-LeaderElection19] INFO  impl.LeaderElection (LogUtils.java:infoOrTrace(136)) - s4@group-F860CA578C61-LeaderElection19 got exception when requesting votes: java.util.concurrent.ExecutionException: org.apache.ratis.thirdparty.io.netty.channel.AbstractChannel$AnnotatedConnectException: finishConnect(..) failed: Connection refused: localhost/127.0.0.1:15148
2024-10-11 15:03:17,207 [s4@group-F860CA578C61-LeaderElection19] INFO  impl.LeaderElection (LogUtils.java:infoOrTrace(136)) - s4@group-F860CA578C61-LeaderElection19 got exception when requesting votes: java.util.concurrent.ExecutionException: org.apache.ratis.thirdparty.io.netty.channel.AbstractChannel$AnnotatedConnectException: finishConnect(..) failed: Connection refused: localhost/127.0.0.1:15140
2024-10-11 15:03:17,235 [s3@group-F860CA578C61-LeaderElection20] INFO  impl.LeaderElection (LeaderElection.java:logAndReturn(90)) - s3@group-F860CA578C61-LeaderElection20: PRE_VOTE TIMEOUT received 1 response(s) and 2 exception(s):
2024-10-11 15:03:17,235 [s3@group-F860CA578C61-LeaderElection20] INFO  impl.LeaderElection (LeaderElection.java:logAndReturn(94)) -   Response 0: s3<-s4#0:OK-t2
2024-10-11 15:03:17,235 [s3@group-F860CA578C61-LeaderElection20] INFO  impl.LeaderElection (LogUtils.java:infoOrTrace(136)) -   Exception 1: java.util.concurrent.ExecutionException: org.apache.ratis.thirdparty.io.netty.channel.AbstractChannel$AnnotatedConnectException: finishConnect(..) failed: Connection refused: localhost/127.0.0.1:15140
2024-10-11 15:03:17,235 [s3@group-F860CA578C61-LeaderElection20] INFO  impl.LeaderElection (LogUtils.java:infoOrTrace(136)) -   Exception 2: java.util.concurrent.ExecutionException: org.apache.ratis.thirdparty.io.netty.channel.AbstractChannel$AnnotatedConnectException: finishConnect(..) failed: Connection refused: localhost/127.0.0.1:15148
2024-10-11 15:03:17,235 [s3@group-F860CA578C61-LeaderElection20] INFO  impl.LeaderElection (LeaderElection.java:askForVotes(339)) - s3@group-F860CA578C61-LeaderElection20 PRE_VOTE round 64: result TIMEOUT
2024-10-11 15:03:17,235 [s3@group-F860CA578C61-LeaderElection20] INFO  impl.LeaderElection (LeaderElection.java:askForVotes(337)) - s3@group-F860CA578C61-LeaderElection20 PRE_VOTE round 65: submit vote requests at term 2 for conf: {index: 1, cur=peers:[s3|localhost:15152, s4|localhost:15156, s0|localhost:15140, s1|localhost:15144, s2|localhost:15148]|listeners:[], old=null}
2024-10-11 15:03:17,236 [NettyRpcService-workerGroup--thread3] INFO  server.RaftServer$Division (RaftServerImpl.java:requestVote(1443)) - s4@group-F860CA578C61: receive requestVote(PRE_VOTE, s3, group-F860CA578C61, 2, (t:2, i:2))
2024-10-11 15:03:17,236 [NettyRpcService-workerGroup--thread3] INFO  impl.VoteContext (VoteContext.java:log(49)) - s4@group-F860CA578C61-CANDIDATE: accept PRE_VOTE from s3: our priority 0 <= candidate's priority 0
2024-10-11 15:03:17,236 [NettyRpcService-workerGroup--thread3] INFO  server.RaftServer$Division (RaftServerImpl.java:requestVote(1476)) - s4@group-F860CA578C61 replies to PRE_VOTE vote request: s3<-s4#0:OK-t2. Peer's state: s4@group-F860CA578C61:t2, leader=null, voted=s0, raftlog=Memoized:s4@group-F860CA578C61-SegmentedRaftLog:OPENED:c2:last(t:2, i:2), conf=conf: {index: 1, cur=peers:[s3|localhost:15152, s4|localhost:15156, s0|localhost:15140, s1|localhost:15144, s2|localhost:15148]|listeners:[], old=null}
2024-10-11 15:03:17,237 [s3@group-F860CA578C61-LeaderElection20] INFO  impl.LeaderElection (LogUtils.java:infoOrTrace(136)) - s3@group-F860CA578C61-LeaderElection20 got exception when requesting votes: java.util.concurrent.ExecutionException: org.apache.ratis.thirdparty.io.netty.channel.AbstractChannel$AnnotatedConnectException: finishConnect(..) failed: Connection refused: localhost/127.0.0.1:15140
2024-10-11 15:03:17,241 [s3@group-F860CA578C61-LeaderElection20] INFO  impl.LeaderElection (LogUtils.java:infoOrTrace(136)) - s3@group-F860CA578C61-LeaderElection20 got exception when requesting votes: java.util.concurrent.ExecutionException: org.apache.ratis.thirdparty.io.netty.channel.AbstractChannel$AnnotatedConnectException: finishConnect(..) failed: Connection refused: localhost/127.0.0.1:15148
2024-10-11 15:03:17,370 [s4@group-F860CA578C61-LeaderElection19] INFO  impl.LeaderElection (LeaderElection.java:logAndReturn(90)) - s4@group-F860CA578C61-LeaderElection19: PRE_VOTE TIMEOUT received 1 response(s) and 2 exception(s):
2024-10-11 15:03:17,370 [s4@group-F860CA578C61-LeaderElection19] INFO  impl.LeaderElection (LeaderElection.java:logAndReturn(94)) -   Response 0: s4<-s3#0:OK-t2
2024-10-11 15:03:17,370 [s4@group-F860CA578C61-LeaderElection19] INFO  impl.LeaderElection (LogUtils.java:infoOrTrace(136)) -   Exception 1: java.util.concurrent.ExecutionException: org.apache.ratis.thirdparty.io.netty.channel.AbstractChannel$AnnotatedConnectException: finishConnect(..) failed: Connection refused: localhost/127.0.0.1:15148
2024-10-11 15:03:17,370 [s4@group-F860CA578C61-LeaderElection19] INFO  impl.LeaderElection (LogUtils.java:infoOrTrace(136)) -   Exception 2: java.util.concurrent.ExecutionException: org.apache.ratis.thirdparty.io.netty.channel.AbstractChannel$AnnotatedConnectException: finishConnect(..) failed: Connection refused: localhost/127.0.0.1:15140
2024-10-11 15:03:17,371 [s4@group-F860CA578C61-LeaderElection19] INFO  impl.LeaderElection (LeaderElection.java:askForVotes(339)) - s4@group-F860CA578C61-LeaderElection19 PRE_VOTE round 75: result TIMEOUT
2024-10-11 15:03:17,371 [s4@group-F860CA578C61-LeaderElection19] INFO  impl.LeaderElection (LeaderElection.java:askForVotes(337)) - s4@group-F860CA578C61-LeaderElection19 PRE_VOTE round 76: submit vote requests at term 2 for conf: {index: 1, cur=peers:[s3|localhost:15152, s4|localhost:15156, s0|localhost:15140, s1|localhost:15144, s2|localhost:15148]|listeners:[], old=null}
2024-10-11 15:03:17,371 [NettyRpcService-workerGroup--thread3] INFO  server.RaftServer$Division (RaftServerImpl.java:requestVote(1443)) - s3@group-F860CA578C61: receive requestVote(PRE_VOTE, s4, group-F860CA578C61, 2, (t:2, i:2))
2024-10-11 15:03:17,372 [NettyRpcService-workerGroup--thread3] INFO  impl.VoteContext (VoteContext.java:log(49)) - s3@group-F860CA578C61-CANDIDATE: accept PRE_VOTE from s4: our priority 0 <= candidate's priority 0
2024-10-11 15:03:17,372 [NettyRpcService-workerGroup--thread3] INFO  server.RaftServer$Division (RaftServerImpl.java:requestVote(1476)) - s3@group-F860CA578C61 replies to PRE_VOTE vote request: s4<-s3#0:OK-t2. Peer's state: s3@group-F860CA578C61:t2, leader=null, voted=s0, raftlog=Memoized:s3@group-F860CA578C61-SegmentedRaftLog:OPENED:c2:last(t:2, i:2), conf=conf: {index: 1, cur=peers:[s3|localhost:15152, s4|localhost:15156, s0|localhost:15140, s1|localhost:15144, s2|localhost:15148]|listeners:[], old=null}
2024-10-11 15:03:17,372 [s4@group-F860CA578C61-LeaderElection19] INFO  impl.LeaderElection (LogUtils.java:infoOrTrace(136)) - s4@group-F860CA578C61-LeaderElection19 got exception when requesting votes: java.util.concurrent.ExecutionException: org.apache.ratis.thirdparty.io.netty.channel.AbstractChannel$AnnotatedConnectException: finishConnect(..) failed: Connection refused: localhost/127.0.0.1:15140
2024-10-11 15:03:17,372 [s4@group-F860CA578C61-LeaderElection19] INFO  impl.LeaderElection (LogUtils.java:infoOrTrace(136)) - s4@group-F860CA578C61-LeaderElection19 got exception when requesting votes: java.util.concurrent.ExecutionException: org.apache.ratis.thirdparty.io.netty.channel.AbstractChannel$AnnotatedConnectException: finishConnect(..) failed: Connection refused: localhost/127.0.0.1:15148
2024-10-11 15:03:17,397 [main] WARN  ratis.RaftTestUtil (RaftTestUtil.java:lambda$waitForLeader$3(126)) - Attempt #38 failed: java.lang.IllegalStateException: No leader yet : printing ALL groups
  s3:  RUNNING CANDIDATE s3@group-F860CA578C61:t2, leader=null, voted=s0, raftlog=Memoized:s3@group-F860CA578C61-SegmentedRaftLog:OPENED:c2:last(t:2, i:2), conf=conf: {index: 1, cur=peers:[s3|localhost:15152, s4|localhost:15156, s0|localhost:15140, s1|localhost:15144, s2|localhost:15148]|listeners:[], old=null} RUNNING
  s4:  RUNNING CANDIDATE s4@group-F860CA578C61:t2, leader=null, voted=s0, raftlog=Memoized:s4@group-F860CA578C61-SegmentedRaftLog:OPENED:c2:last(t:2, i:2), conf=conf: {index: 1, cur=peers:[s3|localhost:15152, s4|localhost:15156, s0|localhost:15140, s1|localhost:15144, s2|localhost:15148]|listeners:[], old=null} RUNNING
  s0:   CLOSED    LEADER s0@group-F860CA578C61:t2, leader=s0, voted=s0, raftlog=Memoized:s0@group-F860CA578C61-SegmentedRaftLog:CLOSED:c2, conf=conf: {index: 1, cur=peers:[s3|localhost:15152, s4|localhost:15156, s0|localhost:15140, s1|localhost:15144, s2|localhost:15148]|listeners:[], old=null} CLOSED
  s1:  RUNNING  FOLLOWER s1@group-F860CA578C61:t1, leader=null, voted=null, raftlog=Memoized:s1@group-F860CA578C61-SegmentedRaftLog:OPENED:c-1:lastnull, conf=conf: {index: -1, cur=peers:[s3|localhost:15152, s4|localhost:15156, s0|localhost:15140, s1|localhost:15144, s2|localhost:15148]|listeners:[], old=null} RUNNING
  s2:   CLOSED    LEADER s2@group-F860CA578C61:t1, leader=s2, voted=s2, raftlog=Memoized:s2@group-F860CA578C61-SegmentedRaftLog:CLOSED:c0, conf=conf: {index: 0, cur=peers:[s3|localhost:15152, s4|localhost:15156, s0|localhost:15140, s1|localhost:15144, s2|localhost:15148]|listeners:[], old=null} CLOSED
2024-10-11 15:03:17,516 [s3@group-F860CA578C61-LeaderElection20] INFO  impl.LeaderElection (LeaderElection.java:logAndReturn(90)) - s3@group-F860CA578C61-LeaderElection20: PRE_VOTE TIMEOUT received 1 response(s) and 2 exception(s):
2024-10-11 15:03:17,516 [s3@group-F860CA578C61-LeaderElection20] INFO  impl.LeaderElection (LeaderElection.java:logAndReturn(94)) -   Response 0: s3<-s4#0:OK-t2
2024-10-11 15:03:17,516 [s3@group-F860CA578C61-LeaderElection20] INFO  impl.LeaderElection (LogUtils.java:infoOrTrace(136)) -   Exception 1: java.util.concurrent.ExecutionException: org.apache.ratis.thirdparty.io.netty.channel.AbstractChannel$AnnotatedConnectException: finishConnect(..) failed: Connection refused: localhost/127.0.0.1:15140
2024-10-11 15:03:17,516 [s3@group-F860CA578C61-LeaderElection20] INFO  impl.LeaderElection (LogUtils.java:infoOrTrace(136)) -   Exception 2: java.util.concurrent.ExecutionException: org.apache.ratis.thirdparty.io.netty.channel.AbstractChannel$AnnotatedConnectException: finishConnect(..) failed: Connection refused: localhost/127.0.0.1:15148
2024-10-11 15:03:17,516 [s3@group-F860CA578C61-LeaderElection20] INFO  impl.LeaderElection (LeaderElection.java:askForVotes(339)) - s3@group-F860CA578C61-LeaderElection20 PRE_VOTE round 65: result TIMEOUT
2024-10-11 15:03:17,516 [s3@group-F860CA578C61-LeaderElection20] INFO  impl.LeaderElection (LeaderElection.java:askForVotes(337)) - s3@group-F860CA578C61-LeaderElection20 PRE_VOTE round 66: submit vote requests at term 2 for conf: {index: 1, cur=peers:[s3|localhost:15152, s4|localhost:15156, s0|localhost:15140, s1|localhost:15144, s2|localhost:15148]|listeners:[], old=null}
2024-10-11 15:03:17,517 [NettyRpcService-workerGroup--thread3] INFO  server.RaftServer$Division (RaftServerImpl.java:requestVote(1443)) - s4@group-F860CA578C61: receive requestVote(PRE_VOTE, s3, group-F860CA578C61, 2, (t:2, i:2))
2024-10-11 15:03:17,518 [NettyRpcService-workerGroup--thread3] INFO  impl.VoteContext (VoteContext.java:log(49)) - s4@group-F860CA578C61-CANDIDATE: accept PRE_VOTE from s3: our priority 0 <= candidate's priority 0
2024-10-11 15:03:17,518 [NettyRpcService-workerGroup--thread3] INFO  server.RaftServer$Division (RaftServerImpl.java:requestVote(1476)) - s4@group-F860CA578C61 replies to PRE_VOTE vote request: s3<-s4#0:OK-t2. Peer's state: s4@group-F860CA578C61:t2, leader=null, voted=s0, raftlog=Memoized:s4@group-F860CA578C61-SegmentedRaftLog:OPENED:c2:last(t:2, i:2), conf=conf: {index: 1, cur=peers:[s3|localhost:15152, s4|localhost:15156, s0|localhost:15140, s1|localhost:15144, s2|localhost:15148]|listeners:[], old=null}
2024-10-11 15:03:17,518 [s3@group-F860CA578C61-LeaderElection20] INFO  impl.LeaderElection (LogUtils.java:infoOrTrace(136)) - s3@group-F860CA578C61-LeaderElection20 got exception when requesting votes: java.util.concurrent.ExecutionException: org.apache.ratis.thirdparty.io.netty.channel.AbstractChannel$AnnotatedConnectException: finishConnect(..) failed: Connection refused: localhost/127.0.0.1:15140
2024-10-11 15:03:17,518 [s3@group-F860CA578C61-LeaderElection20] INFO  impl.LeaderElection (LogUtils.java:infoOrTrace(136)) - s3@group-F860CA578C61-LeaderElection20 got exception when requesting votes: java.util.concurrent.ExecutionException: org.apache.ratis.thirdparty.io.netty.channel.AbstractChannel$AnnotatedConnectException: finishConnect(..) failed: Connection refused: localhost/127.0.0.1:15148
2024-10-11 15:03:17,607 [s4@group-F860CA578C61-LeaderElection19] INFO  impl.LeaderElection (LeaderElection.java:logAndReturn(90)) - s4@group-F860CA578C61-LeaderElection19: PRE_VOTE TIMEOUT received 1 response(s) and 2 exception(s):
2024-10-11 15:03:17,607 [s4@group-F860CA578C61-LeaderElection19] INFO  impl.LeaderElection (LeaderElection.java:logAndReturn(94)) -   Response 0: s4<-s3#0:OK-t2
2024-10-11 15:03:17,607 [s4@group-F860CA578C61-LeaderElection19] INFO  impl.LeaderElection (LogUtils.java:infoOrTrace(136)) -   Exception 1: java.util.concurrent.ExecutionException: org.apache.ratis.thirdparty.io.netty.channel.AbstractChannel$AnnotatedConnectException: finishConnect(..) failed: Connection refused: localhost/127.0.0.1:15140
2024-10-11 15:03:17,607 [s4@group-F860CA578C61-LeaderElection19] INFO  impl.LeaderElection (LogUtils.java:infoOrTrace(136)) -   Exception 2: java.util.concurrent.ExecutionException: org.apache.ratis.thirdparty.io.netty.channel.AbstractChannel$AnnotatedConnectException: finishConnect(..) failed: Connection refused: localhost/127.0.0.1:15148
2024-10-11 15:03:17,608 [s4@group-F860CA578C61-LeaderElection19] INFO  impl.LeaderElection (LeaderElection.java:askForVotes(339)) - s4@group-F860CA578C61-LeaderElection19 PRE_VOTE round 76: result TIMEOUT
2024-10-11 15:03:17,608 [s4@group-F860CA578C61-LeaderElection19] INFO  impl.LeaderElection (LeaderElection.java:askForVotes(337)) - s4@group-F860CA578C61-LeaderElection19 PRE_VOTE round 77: submit vote requests at term 2 for conf: {index: 1, cur=peers:[s3|localhost:15152, s4|localhost:15156, s0|localhost:15140, s1|localhost:15144, s2|localhost:15148]|listeners:[], old=null}
2024-10-11 15:03:17,608 [NettyRpcService-workerGroup--thread3] INFO  server.RaftServer$Division (RaftServerImpl.java:requestVote(1443)) - s3@group-F860CA578C61: receive requestVote(PRE_VOTE, s4, group-F860CA578C61, 2, (t:2, i:2))
2024-10-11 15:03:17,608 [NettyRpcService-workerGroup--thread3] INFO  impl.VoteContext (VoteContext.java:log(49)) - s3@group-F860CA578C61-CANDIDATE: accept PRE_VOTE from s4: our priority 0 <= candidate's priority 0
2024-10-11 15:03:17,609 [s4@group-F860CA578C61-LeaderElection19] INFO  impl.LeaderElection (LogUtils.java:infoOrTrace(136)) - s4@group-F860CA578C61-LeaderElection19 got exception when requesting votes: java.util.concurrent.ExecutionException: org.apache.ratis.thirdparty.io.netty.channel.AbstractChannel$AnnotatedConnectException: finishConnect(..) failed: Connection refused: localhost/127.0.0.1:15140
2024-10-11 15:03:17,609 [NettyRpcService-workerGroup--thread3] INFO  server.RaftServer$Division (RaftServerImpl.java:requestVote(1476)) - s3@group-F860CA578C61 replies to PRE_VOTE vote request: s4<-s3#0:OK-t2. Peer's state: s3@group-F860CA578C61:t2, leader=null, voted=s0, raftlog=Memoized:s3@group-F860CA578C61-SegmentedRaftLog:OPENED:c2:last(t:2, i:2), conf=conf: {index: 1, cur=peers:[s3|localhost:15152, s4|localhost:15156, s0|localhost:15140, s1|localhost:15144, s2|localhost:15148]|listeners:[], old=null}
2024-10-11 15:03:17,609 [s4@group-F860CA578C61-LeaderElection19] INFO  impl.LeaderElection (LogUtils.java:infoOrTrace(136)) - s4@group-F860CA578C61-LeaderElection19 got exception when requesting votes: java.util.concurrent.ExecutionException: org.apache.ratis.thirdparty.io.netty.channel.AbstractChannel$AnnotatedConnectException: finishConnect(..) failed: Connection refused: localhost/127.0.0.1:15148
2024-10-11 15:03:17,816 [s3@group-F860CA578C61-LeaderElection20] INFO  impl.LeaderElection (LeaderElection.java:logAndReturn(90)) - s3@group-F860CA578C61-LeaderElection20: PRE_VOTE TIMEOUT received 1 response(s) and 2 exception(s):
2024-10-11 15:03:17,816 [s3@group-F860CA578C61-LeaderElection20] INFO  impl.LeaderElection (LeaderElection.java:logAndReturn(94)) -   Response 0: s3<-s4#0:OK-t2
2024-10-11 15:03:17,816 [s3@group-F860CA578C61-LeaderElection20] INFO  impl.LeaderElection (LogUtils.java:infoOrTrace(136)) -   Exception 1: java.util.concurrent.ExecutionException: org.apache.ratis.thirdparty.io.netty.channel.AbstractChannel$AnnotatedConnectException: finishConnect(..) failed: Connection refused: localhost/127.0.0.1:15140
2024-10-11 15:03:17,816 [s3@group-F860CA578C61-LeaderElection20] INFO  impl.LeaderElection (LogUtils.java:infoOrTrace(136)) -   Exception 2: java.util.concurrent.ExecutionException: org.apache.ratis.thirdparty.io.netty.channel.AbstractChannel$AnnotatedConnectException: finishConnect(..) failed: Connection refused: localhost/127.0.0.1:15148
2024-10-11 15:03:17,816 [s3@group-F860CA578C61-LeaderElection20] INFO  impl.LeaderElection (LeaderElection.java:askForVotes(339)) - s3@group-F860CA578C61-LeaderElection20 PRE_VOTE round 66: result TIMEOUT
2024-10-11 15:03:17,816 [s3@group-F860CA578C61-LeaderElection20] INFO  impl.LeaderElection (LeaderElection.java:askForVotes(337)) - s3@group-F860CA578C61-LeaderElection20 PRE_VOTE round 67: submit vote requests at term 2 for conf: {index: 1, cur=peers:[s3|localhost:15152, s4|localhost:15156, s0|localhost:15140, s1|localhost:15144, s2|localhost:15148]|listeners:[], old=null}
2024-10-11 15:03:17,817 [NettyRpcService-workerGroup--thread3] INFO  server.RaftServer$Division (RaftServerImpl.java:requestVote(1443)) - s4@group-F860CA578C61: receive requestVote(PRE_VOTE, s3, group-F860CA578C61, 2, (t:2, i:2))
2024-10-11 15:03:17,817 [NettyRpcService-workerGroup--thread3] INFO  impl.VoteContext (VoteContext.java:log(49)) - s4@group-F860CA578C61-CANDIDATE: accept PRE_VOTE from s3: our priority 0 <= candidate's priority 0
2024-10-11 15:03:17,817 [NettyRpcService-workerGroup--thread3] INFO  server.RaftServer$Division (RaftServerImpl.java:requestVote(1476)) - s4@group-F860CA578C61 replies to PRE_VOTE vote request: s3<-s4#0:OK-t2. Peer's state: s4@group-F860CA578C61:t2, leader=null, voted=s0, raftlog=Memoized:s4@group-F860CA578C61-SegmentedRaftLog:OPENED:c2:last(t:2, i:2), conf=conf: {index: 1, cur=peers:[s3|localhost:15152, s4|localhost:15156, s0|localhost:15140, s1|localhost:15144, s2|localhost:15148]|listeners:[], old=null}
2024-10-11 15:03:17,818 [s3@group-F860CA578C61-LeaderElection20] INFO  impl.LeaderElection (LogUtils.java:infoOrTrace(136)) - s3@group-F860CA578C61-LeaderElection20 got exception when requesting votes: java.util.concurrent.ExecutionException: org.apache.ratis.thirdparty.io.netty.channel.AbstractChannel$AnnotatedConnectException: finishConnect(..) failed: Connection refused: localhost/127.0.0.1:15140
2024-10-11 15:03:17,818 [s3@group-F860CA578C61-LeaderElection20] INFO  impl.LeaderElection (LogUtils.java:infoOrTrace(136)) - s3@group-F860CA578C61-LeaderElection20 got exception when requesting votes: java.util.concurrent.ExecutionException: org.apache.ratis.thirdparty.io.netty.channel.AbstractChannel$AnnotatedConnectException: finishConnect(..) failed: Connection refused: localhost/127.0.0.1:15148
2024-10-11 15:03:17,847 [main] WARN  ratis.RaftTestUtil (RaftTestUtil.java:lambda$waitForLeader$3(126)) - Attempt #39 failed: java.lang.IllegalStateException: No leader yet : printing ALL groups
  s3:  RUNNING CANDIDATE s3@group-F860CA578C61:t2, leader=null, voted=s0, raftlog=Memoized:s3@group-F860CA578C61-SegmentedRaftLog:OPENED:c2:last(t:2, i:2), conf=conf: {index: 1, cur=peers:[s3|localhost:15152, s4|localhost:15156, s0|localhost:15140, s1|localhost:15144, s2|localhost:15148]|listeners:[], old=null} RUNNING
  s4:  RUNNING CANDIDATE s4@group-F860CA578C61:t2, leader=null, voted=s0, raftlog=Memoized:s4@group-F860CA578C61-SegmentedRaftLog:OPENED:c2:last(t:2, i:2), conf=conf: {index: 1, cur=peers:[s3|localhost:15152, s4|localhost:15156, s0|localhost:15140, s1|localhost:15144, s2|localhost:15148]|listeners:[], old=null} RUNNING
  s0:   CLOSED    LEADER s0@group-F860CA578C61:t2, leader=s0, voted=s0, raftlog=Memoized:s0@group-F860CA578C61-SegmentedRaftLog:CLOSED:c2, conf=conf: {index: 1, cur=peers:[s3|localhost:15152, s4|localhost:15156, s0|localhost:15140, s1|localhost:15144, s2|localhost:15148]|listeners:[], old=null} CLOSED
  s1:  RUNNING  FOLLOWER s1@group-F860CA578C61:t1, leader=null, voted=null, raftlog=Memoized:s1@group-F860CA578C61-SegmentedRaftLog:OPENED:c-1:lastnull, conf=conf: {index: -1, cur=peers:[s3|localhost:15152, s4|localhost:15156, s0|localhost:15140, s1|localhost:15144, s2|localhost:15148]|listeners:[], old=null} RUNNING
  s2:   CLOSED    LEADER s2@group-F860CA578C61:t1, leader=s2, voted=s2, raftlog=Memoized:s2@group-F860CA578C61-SegmentedRaftLog:CLOSED:c0, conf=conf: {index: 0, cur=peers:[s3|localhost:15152, s4|localhost:15156, s0|localhost:15140, s1|localhost:15144, s2|localhost:15148]|listeners:[], old=null} CLOSED
2024-10-11 15:03:17,851 [s4@group-F860CA578C61-LeaderElection19] INFO  impl.LeaderElection (LeaderElection.java:logAndReturn(90)) - s4@group-F860CA578C61-LeaderElection19: PRE_VOTE TIMEOUT received 1 response(s) and 2 exception(s):
2024-10-11 15:03:17,851 [s4@group-F860CA578C61-LeaderElection19] INFO  impl.LeaderElection (LeaderElection.java:logAndReturn(94)) -   Response 0: s4<-s3#0:OK-t2
2024-10-11 15:03:17,851 [s4@group-F860CA578C61-LeaderElection19] INFO  impl.LeaderElection (LogUtils.java:infoOrTrace(136)) -   Exception 1: java.util.concurrent.ExecutionException: org.apache.ratis.thirdparty.io.netty.channel.AbstractChannel$AnnotatedConnectException: finishConnect(..) failed: Connection refused: localhost/127.0.0.1:15140
2024-10-11 15:03:17,851 [s4@group-F860CA578C61-LeaderElection19] INFO  impl.LeaderElection (LogUtils.java:infoOrTrace(136)) -   Exception 2: java.util.concurrent.ExecutionException: org.apache.ratis.thirdparty.io.netty.channel.AbstractChannel$AnnotatedConnectException: finishConnect(..) failed: Connection refused: localhost/127.0.0.1:15148
2024-10-11 15:03:17,851 [s4@group-F860CA578C61-LeaderElection19] INFO  impl.LeaderElection (LeaderElection.java:askForVotes(339)) - s4@group-F860CA578C61-LeaderElection19 PRE_VOTE round 77: result TIMEOUT
2024-10-11 15:03:17,851 [s4@group-F860CA578C61-LeaderElection19] INFO  impl.LeaderElection (LeaderElection.java:askForVotes(337)) - s4@group-F860CA578C61-LeaderElection19 PRE_VOTE round 78: submit vote requests at term 2 for conf: {index: 1, cur=peers:[s3|localhost:15152, s4|localhost:15156, s0|localhost:15140, s1|localhost:15144, s2|localhost:15148]|listeners:[], old=null}
2024-10-11 15:03:17,852 [NettyRpcService-workerGroup--thread3] INFO  server.RaftServer$Division (RaftServerImpl.java:requestVote(1443)) - s3@group-F860CA578C61: receive requestVote(PRE_VOTE, s4, group-F860CA578C61, 2, (t:2, i:2))
2024-10-11 15:03:17,852 [NettyRpcService-workerGroup--thread3] INFO  impl.VoteContext (VoteContext.java:log(49)) - s3@group-F860CA578C61-CANDIDATE: accept PRE_VOTE from s4: our priority 0 <= candidate's priority 0
2024-10-11 15:03:17,852 [NettyRpcService-workerGroup--thread3] INFO  server.RaftServer$Division (RaftServerImpl.java:requestVote(1476)) - s3@group-F860CA578C61 replies to PRE_VOTE vote request: s4<-s3#0:OK-t2. Peer's state: s3@group-F860CA578C61:t2, leader=null, voted=s0, raftlog=Memoized:s3@group-F860CA578C61-SegmentedRaftLog:OPENED:c2:last(t:2, i:2), conf=conf: {index: 1, cur=peers:[s3|localhost:15152, s4|localhost:15156, s0|localhost:15140, s1|localhost:15144, s2|localhost:15148]|listeners:[], old=null}
2024-10-11 15:03:17,852 [s4@group-F860CA578C61-LeaderElection19] INFO  impl.LeaderElection (LogUtils.java:infoOrTrace(136)) - s4@group-F860CA578C61-LeaderElection19 got exception when requesting votes: java.util.concurrent.ExecutionException: org.apache.ratis.thirdparty.io.netty.channel.AbstractChannel$AnnotatedConnectException: finishConnect(..) failed: Connection refused: localhost/127.0.0.1:15140
2024-10-11 15:03:17,853 [s4@group-F860CA578C61-LeaderElection19] INFO  impl.LeaderElection (LogUtils.java:infoOrTrace(136)) - s4@group-F860CA578C61-LeaderElection19 got exception when requesting votes: java.util.concurrent.ExecutionException: org.apache.ratis.thirdparty.io.netty.channel.AbstractChannel$AnnotatedConnectException: finishConnect(..) failed: Connection refused: localhost/127.0.0.1:15148
2024-10-11 15:03:18,063 [s3@group-F860CA578C61-LeaderElection20] INFO  impl.LeaderElection (LeaderElection.java:logAndReturn(90)) - s3@group-F860CA578C61-LeaderElection20: PRE_VOTE TIMEOUT received 1 response(s) and 2 exception(s):
2024-10-11 15:03:18,063 [s3@group-F860CA578C61-LeaderElection20] INFO  impl.LeaderElection (LeaderElection.java:logAndReturn(94)) -   Response 0: s3<-s4#0:OK-t2
2024-10-11 15:03:18,063 [s3@group-F860CA578C61-LeaderElection20] INFO  impl.LeaderElection (LogUtils.java:infoOrTrace(136)) -   Exception 1: java.util.concurrent.ExecutionException: org.apache.ratis.thirdparty.io.netty.channel.AbstractChannel$AnnotatedConnectException: finishConnect(..) failed: Connection refused: localhost/127.0.0.1:15140
2024-10-11 15:03:18,063 [s3@group-F860CA578C61-LeaderElection20] INFO  impl.LeaderElection (LogUtils.java:infoOrTrace(136)) -   Exception 2: java.util.concurrent.ExecutionException: org.apache.ratis.thirdparty.io.netty.channel.AbstractChannel$AnnotatedConnectException: finishConnect(..) failed: Connection refused: localhost/127.0.0.1:15148
2024-10-11 15:03:18,063 [s3@group-F860CA578C61-LeaderElection20] INFO  impl.LeaderElection (LeaderElection.java:askForVotes(339)) - s3@group-F860CA578C61-LeaderElection20 PRE_VOTE round 67: result TIMEOUT
2024-10-11 15:03:18,064 [s3@group-F860CA578C61-LeaderElection20] INFO  impl.LeaderElection (LeaderElection.java:askForVotes(337)) - s3@group-F860CA578C61-LeaderElection20 PRE_VOTE round 68: submit vote requests at term 2 for conf: {index: 1, cur=peers:[s3|localhost:15152, s4|localhost:15156, s0|localhost:15140, s1|localhost:15144, s2|localhost:15148]|listeners:[], old=null}
2024-10-11 15:03:18,064 [NettyRpcService-workerGroup--thread3] INFO  server.RaftServer$Division (RaftServerImpl.java:requestVote(1443)) - s4@group-F860CA578C61: receive requestVote(PRE_VOTE, s3, group-F860CA578C61, 2, (t:2, i:2))
2024-10-11 15:03:18,064 [NettyRpcService-workerGroup--thread3] INFO  impl.VoteContext (VoteContext.java:log(49)) - s4@group-F860CA578C61-CANDIDATE: accept PRE_VOTE from s3: our priority 0 <= candidate's priority 0
2024-10-11 15:03:18,064 [NettyRpcService-workerGroup--thread3] INFO  server.RaftServer$Division (RaftServerImpl.java:requestVote(1476)) - s4@group-F860CA578C61 replies to PRE_VOTE vote request: s3<-s4#0:OK-t2. Peer's state: s4@group-F860CA578C61:t2, leader=null, voted=s0, raftlog=Memoized:s4@group-F860CA578C61-SegmentedRaftLog:OPENED:c2:last(t:2, i:2), conf=conf: {index: 1, cur=peers:[s3|localhost:15152, s4|localhost:15156, s0|localhost:15140, s1|localhost:15144, s2|localhost:15148]|listeners:[], old=null}
2024-10-11 15:03:18,065 [s3@group-F860CA578C61-LeaderElection20] INFO  impl.LeaderElection (LogUtils.java:infoOrTrace(136)) - s3@group-F860CA578C61-LeaderElection20 got exception when requesting votes: java.util.concurrent.ExecutionException: org.apache.ratis.thirdparty.io.netty.channel.AbstractChannel$AnnotatedConnectException: finishConnect(..) failed: Connection refused: localhost/127.0.0.1:15140
2024-10-11 15:03:18,065 [s3@group-F860CA578C61-LeaderElection20] INFO  impl.LeaderElection (LogUtils.java:infoOrTrace(136)) - s3@group-F860CA578C61-LeaderElection20 got exception when requesting votes: java.util.concurrent.ExecutionException: org.apache.ratis.thirdparty.io.netty.channel.AbstractChannel$AnnotatedConnectException: finishConnect(..) failed: Connection refused: localhost/127.0.0.1:15148
2024-10-11 15:03:18,083 [s4@group-F860CA578C61-LeaderElection19] INFO  impl.LeaderElection (LeaderElection.java:logAndReturn(90)) - s4@group-F860CA578C61-LeaderElection19: PRE_VOTE TIMEOUT received 1 response(s) and 2 exception(s):
2024-10-11 15:03:18,083 [s4@group-F860CA578C61-LeaderElection19] INFO  impl.LeaderElection (LeaderElection.java:logAndReturn(94)) -   Response 0: s4<-s3#0:OK-t2
2024-10-11 15:03:18,083 [s4@group-F860CA578C61-LeaderElection19] INFO  impl.LeaderElection (LogUtils.java:infoOrTrace(136)) -   Exception 1: java.util.concurrent.ExecutionException: org.apache.ratis.thirdparty.io.netty.channel.AbstractChannel$AnnotatedConnectException: finishConnect(..) failed: Connection refused: localhost/127.0.0.1:15140
2024-10-11 15:03:18,083 [s4@group-F860CA578C61-LeaderElection19] INFO  impl.LeaderElection (LogUtils.java:infoOrTrace(136)) -   Exception 2: java.util.concurrent.ExecutionException: org.apache.ratis.thirdparty.io.netty.channel.AbstractChannel$AnnotatedConnectException: finishConnect(..) failed: Connection refused: localhost/127.0.0.1:15148
2024-10-11 15:03:18,083 [s4@group-F860CA578C61-LeaderElection19] INFO  impl.LeaderElection (LeaderElection.java:askForVotes(339)) - s4@group-F860CA578C61-LeaderElection19 PRE_VOTE round 78: result TIMEOUT
2024-10-11 15:03:18,083 [s4@group-F860CA578C61-LeaderElection19] INFO  impl.LeaderElection (LeaderElection.java:askForVotes(337)) - s4@group-F860CA578C61-LeaderElection19 PRE_VOTE round 79: submit vote requests at term 2 for conf: {index: 1, cur=peers:[s3|localhost:15152, s4|localhost:15156, s0|localhost:15140, s1|localhost:15144, s2|localhost:15148]|listeners:[], old=null}
2024-10-11 15:03:18,084 [NettyRpcService-workerGroup--thread3] INFO  server.RaftServer$Division (RaftServerImpl.java:requestVote(1443)) - s3@group-F860CA578C61: receive requestVote(PRE_VOTE, s4, group-F860CA578C61, 2, (t:2, i:2))
2024-10-11 15:03:18,084 [NettyRpcService-workerGroup--thread3] INFO  impl.VoteContext (VoteContext.java:log(49)) - s3@group-F860CA578C61-CANDIDATE: accept PRE_VOTE from s4: our priority 0 <= candidate's priority 0
2024-10-11 15:03:18,084 [NettyRpcService-workerGroup--thread3] INFO  server.RaftServer$Division (RaftServerImpl.java:requestVote(1476)) - s3@group-F860CA578C61 replies to PRE_VOTE vote request: s4<-s3#0:OK-t2. Peer's state: s3@group-F860CA578C61:t2, leader=null, voted=s0, raftlog=Memoized:s3@group-F860CA578C61-SegmentedRaftLog:OPENED:c2:last(t:2, i:2), conf=conf: {index: 1, cur=peers:[s3|localhost:15152, s4|localhost:15156, s0|localhost:15140, s1|localhost:15144, s2|localhost:15148]|listeners:[], old=null}
2024-10-11 15:03:18,084 [s4@group-F860CA578C61-LeaderElection19] INFO  impl.LeaderElection (LogUtils.java:infoOrTrace(136)) - s4@group-F860CA578C61-LeaderElection19 got exception when requesting votes: java.util.concurrent.ExecutionException: org.apache.ratis.thirdparty.io.netty.channel.AbstractChannel$AnnotatedConnectException: finishConnect(..) failed: Connection refused: localhost/127.0.0.1:15140
2024-10-11 15:03:18,085 [s4@group-F860CA578C61-LeaderElection19] INFO  impl.LeaderElection (LogUtils.java:infoOrTrace(136)) - s4@group-F860CA578C61-LeaderElection19 got exception when requesting votes: java.util.concurrent.ExecutionException: org.apache.ratis.thirdparty.io.netty.channel.AbstractChannel$AnnotatedConnectException: finishConnect(..) failed: Connection refused: localhost/127.0.0.1:15148
2024-10-11 15:03:18,298 [main] WARN  ratis.RaftTestUtil (RaftTestUtil.java:lambda$waitForLeader$3(126)) - Attempt #40 failed: java.lang.IllegalStateException: No leader yet : printing ALL groups
  s3:  RUNNING CANDIDATE s3@group-F860CA578C61:t2, leader=null, voted=s0, raftlog=Memoized:s3@group-F860CA578C61-SegmentedRaftLog:OPENED:c2:last(t:2, i:2), conf=conf: {index: 1, cur=peers:[s3|localhost:15152, s4|localhost:15156, s0|localhost:15140, s1|localhost:15144, s2|localhost:15148]|listeners:[], old=null} RUNNING
  s4:  RUNNING CANDIDATE s4@group-F860CA578C61:t2, leader=null, voted=s0, raftlog=Memoized:s4@group-F860CA578C61-SegmentedRaftLog:OPENED:c2:last(t:2, i:2), conf=conf: {index: 1, cur=peers:[s3|localhost:15152, s4|localhost:15156, s0|localhost:15140, s1|localhost:15144, s2|localhost:15148]|listeners:[], old=null} RUNNING
  s0:   CLOSED    LEADER s0@group-F860CA578C61:t2, leader=s0, voted=s0, raftlog=Memoized:s0@group-F860CA578C61-SegmentedRaftLog:CLOSED:c2, conf=conf: {index: 1, cur=peers:[s3|localhost:15152, s4|localhost:15156, s0|localhost:15140, s1|localhost:15144, s2|localhost:15148]|listeners:[], old=null} CLOSED
  s1:  RUNNING  FOLLOWER s1@group-F860CA578C61:t1, leader=null, voted=null, raftlog=Memoized:s1@group-F860CA578C61-SegmentedRaftLog:OPENED:c-1:lastnull, conf=conf: {index: -1, cur=peers:[s3|localhost:15152, s4|localhost:15156, s0|localhost:15140, s1|localhost:15144, s2|localhost:15148]|listeners:[], old=null} RUNNING
  s2:   CLOSED    LEADER s2@group-F860CA578C61:t1, leader=s2, voted=s2, raftlog=Memoized:s2@group-F860CA578C61-SegmentedRaftLog:CLOSED:c0, conf=conf: {index: 0, cur=peers:[s3|localhost:15152, s4|localhost:15156, s0|localhost:15140, s1|localhost:15144, s2|localhost:15148]|listeners:[], old=null} CLOSED
2024-10-11 15:03:18,307 [s4@group-F860CA578C61-LeaderElection19] INFO  impl.LeaderElection (LeaderElection.java:logAndReturn(90)) - s4@group-F860CA578C61-LeaderElection19: PRE_VOTE TIMEOUT received 1 response(s) and 2 exception(s):
2024-10-11 15:03:18,307 [s4@group-F860CA578C61-LeaderElection19] INFO  impl.LeaderElection (LeaderElection.java:logAndReturn(94)) -   Response 0: s4<-s3#0:OK-t2
2024-10-11 15:03:18,308 [s4@group-F860CA578C61-LeaderElection19] INFO  impl.LeaderElection (LogUtils.java:infoOrTrace(136)) -   Exception 1: java.util.concurrent.ExecutionException: org.apache.ratis.thirdparty.io.netty.channel.AbstractChannel$AnnotatedConnectException: finishConnect(..) failed: Connection refused: localhost/127.0.0.1:15140
2024-10-11 15:03:18,308 [s4@group-F860CA578C61-LeaderElection19] INFO  impl.LeaderElection (LogUtils.java:infoOrTrace(136)) -   Exception 2: java.util.concurrent.ExecutionException: org.apache.ratis.thirdparty.io.netty.channel.AbstractChannel$AnnotatedConnectException: finishConnect(..) failed: Connection refused: localhost/127.0.0.1:15148
2024-10-11 15:03:18,308 [s4@group-F860CA578C61-LeaderElection19] INFO  impl.LeaderElection (LeaderElection.java:askForVotes(339)) - s4@group-F860CA578C61-LeaderElection19 PRE_VOTE round 79: result TIMEOUT
2024-10-11 15:03:18,308 [s4@group-F860CA578C61-LeaderElection19] INFO  impl.LeaderElection (LeaderElection.java:askForVotes(337)) - s4@group-F860CA578C61-LeaderElection19 PRE_VOTE round 80: submit vote requests at term 2 for conf: {index: 1, cur=peers:[s3|localhost:15152, s4|localhost:15156, s0|localhost:15140, s1|localhost:15144, s2|localhost:15148]|listeners:[], old=null}
2024-10-11 15:03:18,309 [NettyRpcService-workerGroup--thread3] INFO  server.RaftServer$Division (RaftServerImpl.java:requestVote(1443)) - s3@group-F860CA578C61: receive requestVote(PRE_VOTE, s4, group-F860CA578C61, 2, (t:2, i:2))
2024-10-11 15:03:18,309 [NettyRpcService-workerGroup--thread3] INFO  impl.VoteContext (VoteContext.java:log(49)) - s3@group-F860CA578C61-CANDIDATE: accept PRE_VOTE from s4: our priority 0 <= candidate's priority 0
2024-10-11 15:03:18,309 [NettyRpcService-workerGroup--thread3] INFO  server.RaftServer$Division (RaftServerImpl.java:requestVote(1476)) - s3@group-F860CA578C61 replies to PRE_VOTE vote request: s4<-s3#0:OK-t2. Peer's state: s3@group-F860CA578C61:t2, leader=null, voted=s0, raftlog=Memoized:s3@group-F860CA578C61-SegmentedRaftLog:OPENED:c2:last(t:2, i:2), conf=conf: {index: 1, cur=peers:[s3|localhost:15152, s4|localhost:15156, s0|localhost:15140, s1|localhost:15144, s2|localhost:15148]|listeners:[], old=null}
2024-10-11 15:03:18,309 [s4@group-F860CA578C61-LeaderElection19] INFO  impl.LeaderElection (LogUtils.java:infoOrTrace(136)) - s4@group-F860CA578C61-LeaderElection19 got exception when requesting votes: java.util.concurrent.ExecutionException: org.apache.ratis.thirdparty.io.netty.channel.AbstractChannel$AnnotatedConnectException: finishConnect(..) failed: Connection refused: localhost/127.0.0.1:15140
2024-10-11 15:03:18,309 [s4@group-F860CA578C61-LeaderElection19] INFO  impl.LeaderElection (LogUtils.java:infoOrTrace(136)) - s4@group-F860CA578C61-LeaderElection19 got exception when requesting votes: java.util.concurrent.ExecutionException: org.apache.ratis.thirdparty.io.netty.channel.AbstractChannel$AnnotatedConnectException: finishConnect(..) failed: Connection refused: localhost/127.0.0.1:15148
2024-10-11 15:03:18,359 [s3@group-F860CA578C61-LeaderElection20] INFO  impl.LeaderElection (LeaderElection.java:logAndReturn(90)) - s3@group-F860CA578C61-LeaderElection20: PRE_VOTE TIMEOUT received 1 response(s) and 2 exception(s):
2024-10-11 15:03:18,359 [s3@group-F860CA578C61-LeaderElection20] INFO  impl.LeaderElection (LeaderElection.java:logAndReturn(94)) -   Response 0: s3<-s4#0:OK-t2
2024-10-11 15:03:18,359 [s3@group-F860CA578C61-LeaderElection20] INFO  impl.LeaderElection (LogUtils.java:infoOrTrace(136)) -   Exception 1: java.util.concurrent.ExecutionException: org.apache.ratis.thirdparty.io.netty.channel.AbstractChannel$AnnotatedConnectException: finishConnect(..) failed: Connection refused: localhost/127.0.0.1:15140
2024-10-11 15:03:18,359 [s3@group-F860CA578C61-LeaderElection20] INFO  impl.LeaderElection (LogUtils.java:infoOrTrace(136)) -   Exception 2: java.util.concurrent.ExecutionException: org.apache.ratis.thirdparty.io.netty.channel.AbstractChannel$AnnotatedConnectException: finishConnect(..) failed: Connection refused: localhost/127.0.0.1:15148
2024-10-11 15:03:18,359 [s3@group-F860CA578C61-LeaderElection20] INFO  impl.LeaderElection (LeaderElection.java:askForVotes(339)) - s3@group-F860CA578C61-LeaderElection20 PRE_VOTE round 68: result TIMEOUT
2024-10-11 15:03:18,359 [s3@group-F860CA578C61-LeaderElection20] INFO  impl.LeaderElection (LeaderElection.java:askForVotes(337)) - s3@group-F860CA578C61-LeaderElection20 PRE_VOTE round 69: submit vote requests at term 2 for conf: {index: 1, cur=peers:[s3|localhost:15152, s4|localhost:15156, s0|localhost:15140, s1|localhost:15144, s2|localhost:15148]|listeners:[], old=null}
2024-10-11 15:03:18,360 [NettyRpcService-workerGroup--thread3] INFO  server.RaftServer$Division (RaftServerImpl.java:requestVote(1443)) - s4@group-F860CA578C61: receive requestVote(PRE_VOTE, s3, group-F860CA578C61, 2, (t:2, i:2))
2024-10-11 15:03:18,360 [NettyRpcService-workerGroup--thread3] INFO  impl.VoteContext (VoteContext.java:log(49)) - s4@group-F860CA578C61-CANDIDATE: accept PRE_VOTE from s3: our priority 0 <= candidate's priority 0
2024-10-11 15:03:18,360 [NettyRpcService-workerGroup--thread3] INFO  server.RaftServer$Division (RaftServerImpl.java:requestVote(1476)) - s4@group-F860CA578C61 replies to PRE_VOTE vote request: s3<-s4#0:OK-t2. Peer's state: s4@group-F860CA578C61:t2, leader=null, voted=s0, raftlog=Memoized:s4@group-F860CA578C61-SegmentedRaftLog:OPENED:c2:last(t:2, i:2), conf=conf: {index: 1, cur=peers:[s3|localhost:15152, s4|localhost:15156, s0|localhost:15140, s1|localhost:15144, s2|localhost:15148]|listeners:[], old=null}
2024-10-11 15:03:18,361 [s3@group-F860CA578C61-LeaderElection20] INFO  impl.LeaderElection (LogUtils.java:infoOrTrace(136)) - s3@group-F860CA578C61-LeaderElection20 got exception when requesting votes: java.util.concurrent.ExecutionException: org.apache.ratis.thirdparty.io.netty.channel.AbstractChannel$AnnotatedConnectException: finishConnect(..) failed: Connection refused: localhost/127.0.0.1:15140
2024-10-11 15:03:18,361 [s3@group-F860CA578C61-LeaderElection20] INFO  impl.LeaderElection (LogUtils.java:infoOrTrace(136)) - s3@group-F860CA578C61-LeaderElection20 got exception when requesting votes: java.util.concurrent.ExecutionException: org.apache.ratis.thirdparty.io.netty.channel.AbstractChannel$AnnotatedConnectException: finishConnect(..) failed: Connection refused: localhost/127.0.0.1:15148
2024-10-11 15:03:18,596 [s4@group-F860CA578C61-LeaderElection19] INFO  impl.LeaderElection (LeaderElection.java:logAndReturn(90)) - s4@group-F860CA578C61-LeaderElection19: PRE_VOTE TIMEOUT received 1 response(s) and 2 exception(s):
2024-10-11 15:03:18,597 [s4@group-F860CA578C61-LeaderElection19] INFO  impl.LeaderElection (LeaderElection.java:logAndReturn(94)) -   Response 0: s4<-s3#0:OK-t2
2024-10-11 15:03:18,597 [s4@group-F860CA578C61-LeaderElection19] INFO  impl.LeaderElection (LogUtils.java:infoOrTrace(136)) -   Exception 1: java.util.concurrent.ExecutionException: org.apache.ratis.thirdparty.io.netty.channel.AbstractChannel$AnnotatedConnectException: finishConnect(..) failed: Connection refused: localhost/127.0.0.1:15140
2024-10-11 15:03:18,597 [s4@group-F860CA578C61-LeaderElection19] INFO  impl.LeaderElection (LogUtils.java:infoOrTrace(136)) -   Exception 2: java.util.concurrent.ExecutionException: org.apache.ratis.thirdparty.io.netty.channel.AbstractChannel$AnnotatedConnectException: finishConnect(..) failed: Connection refused: localhost/127.0.0.1:15148
2024-10-11 15:03:18,597 [s4@group-F860CA578C61-LeaderElection19] INFO  impl.LeaderElection (LeaderElection.java:askForVotes(339)) - s4@group-F860CA578C61-LeaderElection19 PRE_VOTE round 80: result TIMEOUT
2024-10-11 15:03:18,597 [s4@group-F860CA578C61-LeaderElection19] INFO  impl.LeaderElection (LeaderElection.java:askForVotes(337)) - s4@group-F860CA578C61-LeaderElection19 PRE_VOTE round 81: submit vote requests at term 2 for conf: {index: 1, cur=peers:[s3|localhost:15152, s4|localhost:15156, s0|localhost:15140, s1|localhost:15144, s2|localhost:15148]|listeners:[], old=null}
2024-10-11 15:03:18,598 [NettyRpcService-workerGroup--thread3] INFO  server.RaftServer$Division (RaftServerImpl.java:requestVote(1443)) - s3@group-F860CA578C61: receive requestVote(PRE_VOTE, s4, group-F860CA578C61, 2, (t:2, i:2))
2024-10-11 15:03:18,598 [NettyRpcService-workerGroup--thread3] INFO  impl.VoteContext (VoteContext.java:log(49)) - s3@group-F860CA578C61-CANDIDATE: accept PRE_VOTE from s4: our priority 0 <= candidate's priority 0
2024-10-11 15:03:18,598 [NettyRpcService-workerGroup--thread3] INFO  server.RaftServer$Division (RaftServerImpl.java:requestVote(1476)) - s3@group-F860CA578C61 replies to PRE_VOTE vote request: s4<-s3#0:OK-t2. Peer's state: s3@group-F860CA578C61:t2, leader=null, voted=s0, raftlog=Memoized:s3@group-F860CA578C61-SegmentedRaftLog:OPENED:c2:last(t:2, i:2), conf=conf: {index: 1, cur=peers:[s3|localhost:15152, s4|localhost:15156, s0|localhost:15140, s1|localhost:15144, s2|localhost:15148]|listeners:[], old=null}
2024-10-11 15:03:18,598 [s4@group-F860CA578C61-LeaderElection19] INFO  impl.LeaderElection (LogUtils.java:infoOrTrace(136)) - s4@group-F860CA578C61-LeaderElection19 got exception when requesting votes: java.util.concurrent.ExecutionException: org.apache.ratis.thirdparty.io.netty.channel.AbstractChannel$AnnotatedConnectException: finishConnect(..) failed: Connection refused: localhost/127.0.0.1:15140
2024-10-11 15:03:18,598 [s4@group-F860CA578C61-LeaderElection19] INFO  impl.LeaderElection (LogUtils.java:infoOrTrace(136)) - s4@group-F860CA578C61-LeaderElection19 got exception when requesting votes: java.util.concurrent.ExecutionException: org.apache.ratis.thirdparty.io.netty.channel.AbstractChannel$AnnotatedConnectException: finishConnect(..) failed: Connection refused: localhost/127.0.0.1:15148
2024-10-11 15:03:18,640 [s3@group-F860CA578C61-LeaderElection20] INFO  impl.LeaderElection (LeaderElection.java:logAndReturn(90)) - s3@group-F860CA578C61-LeaderElection20: PRE_VOTE TIMEOUT received 1 response(s) and 2 exception(s):
2024-10-11 15:03:18,640 [s3@group-F860CA578C61-LeaderElection20] INFO  impl.LeaderElection (LeaderElection.java:logAndReturn(94)) -   Response 0: s3<-s4#0:OK-t2
2024-10-11 15:03:18,640 [s3@group-F860CA578C61-LeaderElection20] INFO  impl.LeaderElection (LogUtils.java:infoOrTrace(136)) -   Exception 1: java.util.concurrent.ExecutionException: org.apache.ratis.thirdparty.io.netty.channel.AbstractChannel$AnnotatedConnectException: finishConnect(..) failed: Connection refused: localhost/127.0.0.1:15140
2024-10-11 15:03:18,640 [s3@group-F860CA578C61-LeaderElection20] INFO  impl.LeaderElection (LogUtils.java:infoOrTrace(136)) -   Exception 2: java.util.concurrent.ExecutionException: org.apache.ratis.thirdparty.io.netty.channel.AbstractChannel$AnnotatedConnectException: finishConnect(..) failed: Connection refused: localhost/127.0.0.1:15148
2024-10-11 15:03:18,640 [s3@group-F860CA578C61-LeaderElection20] INFO  impl.LeaderElection (LeaderElection.java:askForVotes(339)) - s3@group-F860CA578C61-LeaderElection20 PRE_VOTE round 69: result TIMEOUT
2024-10-11 15:03:18,640 [s3@group-F860CA578C61-LeaderElection20] INFO  impl.LeaderElection (LeaderElection.java:askForVotes(337)) - s3@group-F860CA578C61-LeaderElection20 PRE_VOTE round 70: submit vote requests at term 2 for conf: {index: 1, cur=peers:[s3|localhost:15152, s4|localhost:15156, s0|localhost:15140, s1|localhost:15144, s2|localhost:15148]|listeners:[], old=null}
2024-10-11 15:03:18,641 [NettyRpcService-workerGroup--thread3] INFO  server.RaftServer$Division (RaftServerImpl.java:requestVote(1443)) - s4@group-F860CA578C61: receive requestVote(PRE_VOTE, s3, group-F860CA578C61, 2, (t:2, i:2))
2024-10-11 15:03:18,641 [NettyRpcService-workerGroup--thread3] INFO  impl.VoteContext (VoteContext.java:log(49)) - s4@group-F860CA578C61-CANDIDATE: accept PRE_VOTE from s3: our priority 0 <= candidate's priority 0
2024-10-11 15:03:18,641 [NettyRpcService-workerGroup--thread3] INFO  server.RaftServer$Division (RaftServerImpl.java:requestVote(1476)) - s4@group-F860CA578C61 replies to PRE_VOTE vote request: s3<-s4#0:OK-t2. Peer's state: s4@group-F860CA578C61:t2, leader=null, voted=s0, raftlog=Memoized:s4@group-F860CA578C61-SegmentedRaftLog:OPENED:c2:last(t:2, i:2), conf=conf: {index: 1, cur=peers:[s3|localhost:15152, s4|localhost:15156, s0|localhost:15140, s1|localhost:15144, s2|localhost:15148]|listeners:[], old=null}
2024-10-11 15:03:18,641 [s3@group-F860CA578C61-LeaderElection20] INFO  impl.LeaderElection (LogUtils.java:infoOrTrace(136)) - s3@group-F860CA578C61-LeaderElection20 got exception when requesting votes: java.util.concurrent.ExecutionException: org.apache.ratis.thirdparty.io.netty.channel.AbstractChannel$AnnotatedConnectException: finishConnect(..) failed: Connection refused: localhost/127.0.0.1:15140
2024-10-11 15:03:18,642 [s3@group-F860CA578C61-LeaderElection20] INFO  impl.LeaderElection (LogUtils.java:infoOrTrace(136)) - s3@group-F860CA578C61-LeaderElection20 got exception when requesting votes: java.util.concurrent.ExecutionException: org.apache.ratis.thirdparty.io.netty.channel.AbstractChannel$AnnotatedConnectException: finishConnect(..) failed: Connection refused: localhost/127.0.0.1:15148
2024-10-11 15:03:18,748 [main] WARN  ratis.RaftTestUtil (RaftTestUtil.java:lambda$waitForLeader$3(126)) - Attempt #41 failed: java.lang.IllegalStateException: No leader yet : printing ALL groups
  s3:  RUNNING CANDIDATE s3@group-F860CA578C61:t2, leader=null, voted=s0, raftlog=Memoized:s3@group-F860CA578C61-SegmentedRaftLog:OPENED:c2:last(t:2, i:2), conf=conf: {index: 1, cur=peers:[s3|localhost:15152, s4|localhost:15156, s0|localhost:15140, s1|localhost:15144, s2|localhost:15148]|listeners:[], old=null} RUNNING
  s4:  RUNNING CANDIDATE s4@group-F860CA578C61:t2, leader=null, voted=s0, raftlog=Memoized:s4@group-F860CA578C61-SegmentedRaftLog:OPENED:c2:last(t:2, i:2), conf=conf: {index: 1, cur=peers:[s3|localhost:15152, s4|localhost:15156, s0|localhost:15140, s1|localhost:15144, s2|localhost:15148]|listeners:[], old=null} RUNNING
  s0:   CLOSED    LEADER s0@group-F860CA578C61:t2, leader=s0, voted=s0, raftlog=Memoized:s0@group-F860CA578C61-SegmentedRaftLog:CLOSED:c2, conf=conf: {index: 1, cur=peers:[s3|localhost:15152, s4|localhost:15156, s0|localhost:15140, s1|localhost:15144, s2|localhost:15148]|listeners:[], old=null} CLOSED
  s1:  RUNNING  FOLLOWER s1@group-F860CA578C61:t1, leader=null, voted=null, raftlog=Memoized:s1@group-F860CA578C61-SegmentedRaftLog:OPENED:c-1:lastnull, conf=conf: {index: -1, cur=peers:[s3|localhost:15152, s4|localhost:15156, s0|localhost:15140, s1|localhost:15144, s2|localhost:15148]|listeners:[], old=null} RUNNING
  s2:   CLOSED    LEADER s2@group-F860CA578C61:t1, leader=s2, voted=s2, raftlog=Memoized:s2@group-F860CA578C61-SegmentedRaftLog:CLOSED:c0, conf=conf: {index: 0, cur=peers:[s3|localhost:15152, s4|localhost:15156, s0|localhost:15140, s1|localhost:15144, s2|localhost:15148]|listeners:[], old=null} CLOSED
2024-10-11 15:03:18,892 [s4@group-F860CA578C61-LeaderElection19] INFO  impl.LeaderElection (LeaderElection.java:logAndReturn(90)) - s4@group-F860CA578C61-LeaderElection19: PRE_VOTE TIMEOUT received 1 response(s) and 2 exception(s):
2024-10-11 15:03:18,892 [s4@group-F860CA578C61-LeaderElection19] INFO  impl.LeaderElection (LeaderElection.java:logAndReturn(94)) -   Response 0: s4<-s3#0:OK-t2
2024-10-11 15:03:18,892 [s4@group-F860CA578C61-LeaderElection19] INFO  impl.LeaderElection (LogUtils.java:infoOrTrace(136)) -   Exception 1: java.util.concurrent.ExecutionException: org.apache.ratis.thirdparty.io.netty.channel.AbstractChannel$AnnotatedConnectException: finishConnect(..) failed: Connection refused: localhost/127.0.0.1:15140
2024-10-11 15:03:18,892 [s4@group-F860CA578C61-LeaderElection19] INFO  impl.LeaderElection (LogUtils.java:infoOrTrace(136)) -   Exception 2: java.util.concurrent.ExecutionException: org.apache.ratis.thirdparty.io.netty.channel.AbstractChannel$AnnotatedConnectException: finishConnect(..) failed: Connection refused: localhost/127.0.0.1:15148
2024-10-11 15:03:18,892 [s4@group-F860CA578C61-LeaderElection19] INFO  impl.LeaderElection (LeaderElection.java:askForVotes(339)) - s4@group-F860CA578C61-LeaderElection19 PRE_VOTE round 81: result TIMEOUT
2024-10-11 15:03:18,892 [s4@group-F860CA578C61-LeaderElection19] INFO  impl.LeaderElection (LeaderElection.java:askForVotes(337)) - s4@group-F860CA578C61-LeaderElection19 PRE_VOTE round 82: submit vote requests at term 2 for conf: {index: 1, cur=peers:[s3|localhost:15152, s4|localhost:15156, s0|localhost:15140, s1|localhost:15144, s2|localhost:15148]|listeners:[], old=null}
2024-10-11 15:03:18,893 [NettyRpcService-workerGroup--thread3] INFO  server.RaftServer$Division (RaftServerImpl.java:requestVote(1443)) - s3@group-F860CA578C61: receive requestVote(PRE_VOTE, s4, group-F860CA578C61, 2, (t:2, i:2))
2024-10-11 15:03:18,893 [NettyRpcService-workerGroup--thread3] INFO  impl.VoteContext (VoteContext.java:log(49)) - s3@group-F860CA578C61-CANDIDATE: accept PRE_VOTE from s4: our priority 0 <= candidate's priority 0
2024-10-11 15:03:18,893 [NettyRpcService-workerGroup--thread3] INFO  server.RaftServer$Division (RaftServerImpl.java:requestVote(1476)) - s3@group-F860CA578C61 replies to PRE_VOTE vote request: s4<-s3#0:OK-t2. Peer's state: s3@group-F860CA578C61:t2, leader=null, voted=s0, raftlog=Memoized:s3@group-F860CA578C61-SegmentedRaftLog:OPENED:c2:last(t:2, i:2), conf=conf: {index: 1, cur=peers:[s3|localhost:15152, s4|localhost:15156, s0|localhost:15140, s1|localhost:15144, s2|localhost:15148]|listeners:[], old=null}
2024-10-11 15:03:18,893 [s4@group-F860CA578C61-LeaderElection19] INFO  impl.LeaderElection (LogUtils.java:infoOrTrace(136)) - s4@group-F860CA578C61-LeaderElection19 got exception when requesting votes: java.util.concurrent.ExecutionException: org.apache.ratis.thirdparty.io.netty.channel.AbstractChannel$AnnotatedConnectException: finishConnect(..) failed: Connection refused: localhost/127.0.0.1:15148
2024-10-11 15:03:18,893 [s4@group-F860CA578C61-LeaderElection19] INFO  impl.LeaderElection (LogUtils.java:infoOrTrace(136)) - s4@group-F860CA578C61-LeaderElection19 got exception when requesting votes: java.util.concurrent.ExecutionException: org.apache.ratis.thirdparty.io.netty.channel.AbstractChannel$AnnotatedConnectException: finishConnect(..) failed: Connection refused: localhost/127.0.0.1:15140
2024-10-11 15:03:18,898 [s3@group-F860CA578C61-LeaderElection20] INFO  impl.LeaderElection (LeaderElection.java:logAndReturn(90)) - s3@group-F860CA578C61-LeaderElection20: PRE_VOTE TIMEOUT received 1 response(s) and 2 exception(s):
2024-10-11 15:03:18,898 [s3@group-F860CA578C61-LeaderElection20] INFO  impl.LeaderElection (LeaderElection.java:logAndReturn(94)) -   Response 0: s3<-s4#0:OK-t2
2024-10-11 15:03:18,898 [s3@group-F860CA578C61-LeaderElection20] INFO  impl.LeaderElection (LogUtils.java:infoOrTrace(136)) -   Exception 1: java.util.concurrent.ExecutionException: org.apache.ratis.thirdparty.io.netty.channel.AbstractChannel$AnnotatedConnectException: finishConnect(..) failed: Connection refused: localhost/127.0.0.1:15140
2024-10-11 15:03:18,898 [s3@group-F860CA578C61-LeaderElection20] INFO  impl.LeaderElection (LogUtils.java:infoOrTrace(136)) -   Exception 2: java.util.concurrent.ExecutionException: org.apache.ratis.thirdparty.io.netty.channel.AbstractChannel$AnnotatedConnectException: finishConnect(..) failed: Connection refused: localhost/127.0.0.1:15148
2024-10-11 15:03:18,898 [s3@group-F860CA578C61-LeaderElection20] INFO  impl.LeaderElection (LeaderElection.java:askForVotes(339)) - s3@group-F860CA578C61-LeaderElection20 PRE_VOTE round 70: result TIMEOUT
2024-10-11 15:03:18,898 [s3@group-F860CA578C61-LeaderElection20] INFO  impl.LeaderElection (LeaderElection.java:askForVotes(337)) - s3@group-F860CA578C61-LeaderElection20 PRE_VOTE round 71: submit vote requests at term 2 for conf: {index: 1, cur=peers:[s3|localhost:15152, s4|localhost:15156, s0|localhost:15140, s1|localhost:15144, s2|localhost:15148]|listeners:[], old=null}
2024-10-11 15:03:18,899 [NettyRpcService-workerGroup--thread3] INFO  server.RaftServer$Division (RaftServerImpl.java:requestVote(1443)) - s4@group-F860CA578C61: receive requestVote(PRE_VOTE, s3, group-F860CA578C61, 2, (t:2, i:2))
2024-10-11 15:03:18,899 [NettyRpcService-workerGroup--thread3] INFO  impl.VoteContext (VoteContext.java:log(49)) - s4@group-F860CA578C61-CANDIDATE: accept PRE_VOTE from s3: our priority 0 <= candidate's priority 0
2024-10-11 15:03:18,899 [NettyRpcService-workerGroup--thread3] INFO  server.RaftServer$Division (RaftServerImpl.java:requestVote(1476)) - s4@group-F860CA578C61 replies to PRE_VOTE vote request: s3<-s4#0:OK-t2. Peer's state: s4@group-F860CA578C61:t2, leader=null, voted=s0, raftlog=Memoized:s4@group-F860CA578C61-SegmentedRaftLog:OPENED:c2:last(t:2, i:2), conf=conf: {index: 1, cur=peers:[s3|localhost:15152, s4|localhost:15156, s0|localhost:15140, s1|localhost:15144, s2|localhost:15148]|listeners:[], old=null}
2024-10-11 15:03:18,900 [s3@group-F860CA578C61-LeaderElection20] INFO  impl.LeaderElection (LogUtils.java:infoOrTrace(136)) - s3@group-F860CA578C61-LeaderElection20 got exception when requesting votes: java.util.concurrent.ExecutionException: org.apache.ratis.thirdparty.io.netty.channel.AbstractChannel$AnnotatedConnectException: finishConnect(..) failed: Connection refused: localhost/127.0.0.1:15140
2024-10-11 15:03:18,900 [s3@group-F860CA578C61-LeaderElection20] INFO  impl.LeaderElection (LogUtils.java:infoOrTrace(136)) - s3@group-F860CA578C61-LeaderElection20 got exception when requesting votes: java.util.concurrent.ExecutionException: org.apache.ratis.thirdparty.io.netty.channel.AbstractChannel$AnnotatedConnectException: finishConnect(..) failed: Connection refused: localhost/127.0.0.1:15148
2024-10-11 15:03:18,944 [Timer-8] INFO  impl.MiniRaftCluster (MiniRaftCluster.java:lambda$null$7(352)) - TIMED-PRINT: printing ALL groups
  s3:  RUNNING CANDIDATE s3@group-F860CA578C61:t2, leader=null, voted=s0, raftlog=Memoized:s3@group-F860CA578C61-SegmentedRaftLog:OPENED:c2:last(t:2, i:2), conf=conf: {index: 1, cur=peers:[s3|localhost:15152, s4|localhost:15156, s0|localhost:15140, s1|localhost:15144, s2|localhost:15148]|listeners:[], old=null} RUNNING
  s4:  RUNNING CANDIDATE s4@group-F860CA578C61:t2, leader=null, voted=s0, raftlog=Memoized:s4@group-F860CA578C61-SegmentedRaftLog:OPENED:c2:last(t:2, i:2), conf=conf: {index: 1, cur=peers:[s3|localhost:15152, s4|localhost:15156, s0|localhost:15140, s1|localhost:15144, s2|localhost:15148]|listeners:[], old=null} RUNNING
  s0:   CLOSED    LEADER s0@group-F860CA578C61:t2, leader=s0, voted=s0, raftlog=Memoized:s0@group-F860CA578C61-SegmentedRaftLog:CLOSED:c2, conf=conf: {index: 1, cur=peers:[s3|localhost:15152, s4|localhost:15156, s0|localhost:15140, s1|localhost:15144, s2|localhost:15148]|listeners:[], old=null} CLOSED
  s1:  RUNNING  FOLLOWER s1@group-F860CA578C61:t1, leader=null, voted=null, raftlog=Memoized:s1@group-F860CA578C61-SegmentedRaftLog:OPENED:c-1:lastnull, conf=conf: {index: -1, cur=peers:[s3|localhost:15152, s4|localhost:15156, s0|localhost:15140, s1|localhost:15144, s2|localhost:15148]|listeners:[], old=null} RUNNING
  s2:   CLOSED    LEADER s2@group-F860CA578C61:t1, leader=s2, voted=s2, raftlog=Memoized:s2@group-F860CA578C61-SegmentedRaftLog:CLOSED:c0, conf=conf: {index: 0, cur=peers:[s3|localhost:15152, s4|localhost:15156, s0|localhost:15140, s1|localhost:15144, s2|localhost:15148]|listeners:[], old=null} CLOSED
2024-10-11 15:03:19,060 [s4@group-F860CA578C61-LeaderElection19] INFO  impl.LeaderElection (LeaderElection.java:logAndReturn(90)) - s4@group-F860CA578C61-LeaderElection19: PRE_VOTE TIMEOUT received 1 response(s) and 2 exception(s):
2024-10-11 15:03:19,060 [s4@group-F860CA578C61-LeaderElection19] INFO  impl.LeaderElection (LeaderElection.java:logAndReturn(94)) -   Response 0: s4<-s3#0:OK-t2
2024-10-11 15:03:19,060 [s4@group-F860CA578C61-LeaderElection19] INFO  impl.LeaderElection (LogUtils.java:infoOrTrace(136)) -   Exception 1: java.util.concurrent.ExecutionException: org.apache.ratis.thirdparty.io.netty.channel.AbstractChannel$AnnotatedConnectException: finishConnect(..) failed: Connection refused: localhost/127.0.0.1:15148
2024-10-11 15:03:19,060 [s4@group-F860CA578C61-LeaderElection19] INFO  impl.LeaderElection (LogUtils.java:infoOrTrace(136)) -   Exception 2: java.util.concurrent.ExecutionException: org.apache.ratis.thirdparty.io.netty.channel.AbstractChannel$AnnotatedConnectException: finishConnect(..) failed: Connection refused: localhost/127.0.0.1:15140
2024-10-11 15:03:19,060 [s4@group-F860CA578C61-LeaderElection19] INFO  impl.LeaderElection (LeaderElection.java:askForVotes(339)) - s4@group-F860CA578C61-LeaderElection19 PRE_VOTE round 82: result TIMEOUT
2024-10-11 15:03:19,060 [s4@group-F860CA578C61-LeaderElection19] INFO  impl.LeaderElection (LeaderElection.java:askForVotes(337)) - s4@group-F860CA578C61-LeaderElection19 PRE_VOTE round 83: submit vote requests at term 2 for conf: {index: 1, cur=peers:[s3|localhost:15152, s4|localhost:15156, s0|localhost:15140, s1|localhost:15144, s2|localhost:15148]|listeners:[], old=null}
2024-10-11 15:03:19,061 [NettyRpcService-workerGroup--thread3] INFO  server.RaftServer$Division (RaftServerImpl.java:requestVote(1443)) - s3@group-F860CA578C61: receive requestVote(PRE_VOTE, s4, group-F860CA578C61, 2, (t:2, i:2))
2024-10-11 15:03:19,061 [NettyRpcService-workerGroup--thread3] INFO  impl.VoteContext (VoteContext.java:log(49)) - s3@group-F860CA578C61-CANDIDATE: accept PRE_VOTE from s4: our priority 0 <= candidate's priority 0
2024-10-11 15:03:19,061 [NettyRpcService-workerGroup--thread3] INFO  server.RaftServer$Division (RaftServerImpl.java:requestVote(1476)) - s3@group-F860CA578C61 replies to PRE_VOTE vote request: s4<-s3#0:OK-t2. Peer's state: s3@group-F860CA578C61:t2, leader=null, voted=s0, raftlog=Memoized:s3@group-F860CA578C61-SegmentedRaftLog:OPENED:c2:last(t:2, i:2), conf=conf: {index: 1, cur=peers:[s3|localhost:15152, s4|localhost:15156, s0|localhost:15140, s1|localhost:15144, s2|localhost:15148]|listeners:[], old=null}
2024-10-11 15:03:19,061 [s4@group-F860CA578C61-LeaderElection19] INFO  impl.LeaderElection (LogUtils.java:infoOrTrace(136)) - s4@group-F860CA578C61-LeaderElection19 got exception when requesting votes: java.util.concurrent.ExecutionException: org.apache.ratis.thirdparty.io.netty.channel.AbstractChannel$AnnotatedConnectException: finishConnect(..) failed: Connection refused: localhost/127.0.0.1:15148
2024-10-11 15:03:19,061 [s4@group-F860CA578C61-LeaderElection19] INFO  impl.LeaderElection (LogUtils.java:infoOrTrace(136)) - s4@group-F860CA578C61-LeaderElection19 got exception when requesting votes: java.util.concurrent.ExecutionException: org.apache.ratis.thirdparty.io.netty.channel.AbstractChannel$AnnotatedConnectException: finishConnect(..) failed: Connection refused: localhost/127.0.0.1:15140
2024-10-11 15:03:19,115 [s3@group-F860CA578C61-LeaderElection20] INFO  impl.LeaderElection (LeaderElection.java:logAndReturn(90)) - s3@group-F860CA578C61-LeaderElection20: PRE_VOTE TIMEOUT received 1 response(s) and 2 exception(s):
2024-10-11 15:03:19,115 [s3@group-F860CA578C61-LeaderElection20] INFO  impl.LeaderElection (LeaderElection.java:logAndReturn(94)) -   Response 0: s3<-s4#0:OK-t2
2024-10-11 15:03:19,115 [s3@group-F860CA578C61-LeaderElection20] INFO  impl.LeaderElection (LogUtils.java:infoOrTrace(136)) -   Exception 1: java.util.concurrent.ExecutionException: org.apache.ratis.thirdparty.io.netty.channel.AbstractChannel$AnnotatedConnectException: finishConnect(..) failed: Connection refused: localhost/127.0.0.1:15140
2024-10-11 15:03:19,115 [s3@group-F860CA578C61-LeaderElection20] INFO  impl.LeaderElection (LogUtils.java:infoOrTrace(136)) -   Exception 2: java.util.concurrent.ExecutionException: org.apache.ratis.thirdparty.io.netty.channel.AbstractChannel$AnnotatedConnectException: finishConnect(..) failed: Connection refused: localhost/127.0.0.1:15148
2024-10-11 15:03:19,115 [s3@group-F860CA578C61-LeaderElection20] INFO  impl.LeaderElection (LeaderElection.java:askForVotes(339)) - s3@group-F860CA578C61-LeaderElection20 PRE_VOTE round 71: result TIMEOUT
2024-10-11 15:03:19,115 [s3@group-F860CA578C61-LeaderElection20] INFO  impl.LeaderElection (LeaderElection.java:askForVotes(337)) - s3@group-F860CA578C61-LeaderElection20 PRE_VOTE round 72: submit vote requests at term 2 for conf: {index: 1, cur=peers:[s3|localhost:15152, s4|localhost:15156, s0|localhost:15140, s1|localhost:15144, s2|localhost:15148]|listeners:[], old=null}
2024-10-11 15:03:19,116 [NettyRpcService-workerGroup--thread3] INFO  server.RaftServer$Division (RaftServerImpl.java:requestVote(1443)) - s4@group-F860CA578C61: receive requestVote(PRE_VOTE, s3, group-F860CA578C61, 2, (t:2, i:2))
2024-10-11 15:03:19,116 [NettyRpcService-workerGroup--thread3] INFO  impl.VoteContext (VoteContext.java:log(49)) - s4@group-F860CA578C61-CANDIDATE: accept PRE_VOTE from s3: our priority 0 <= candidate's priority 0
2024-10-11 15:03:19,116 [s3@group-F860CA578C61-LeaderElection20] INFO  impl.LeaderElection (LogUtils.java:infoOrTrace(136)) - s3@group-F860CA578C61-LeaderElection20 got exception when requesting votes: java.util.concurrent.ExecutionException: org.apache.ratis.thirdparty.io.netty.channel.AbstractChannel$AnnotatedConnectException: finishConnect(..) failed: Connection refused: localhost/127.0.0.1:15140
2024-10-11 15:03:19,116 [s3@group-F860CA578C61-LeaderElection20] INFO  impl.LeaderElection (LogUtils.java:infoOrTrace(136)) - s3@group-F860CA578C61-LeaderElection20 got exception when requesting votes: java.util.concurrent.ExecutionException: org.apache.ratis.thirdparty.io.netty.channel.AbstractChannel$AnnotatedConnectException: finishConnect(..) failed: Connection refused: localhost/127.0.0.1:15148
2024-10-11 15:03:19,117 [NettyRpcService-workerGroup--thread3] INFO  server.RaftServer$Division (RaftServerImpl.java:requestVote(1476)) - s4@group-F860CA578C61 replies to PRE_VOTE vote request: s3<-s4#0:OK-t2. Peer's state: s4@group-F860CA578C61:t2, leader=null, voted=s0, raftlog=Memoized:s4@group-F860CA578C61-SegmentedRaftLog:OPENED:c2:last(t:2, i:2), conf=conf: {index: 1, cur=peers:[s3|localhost:15152, s4|localhost:15156, s0|localhost:15140, s1|localhost:15144, s2|localhost:15148]|listeners:[], old=null}
2024-10-11 15:03:19,199 [main] WARN  ratis.RaftTestUtil (RaftTestUtil.java:lambda$waitForLeader$3(126)) - Attempt #42 failed: java.lang.IllegalStateException: No leader yet : printing ALL groups
  s3:  RUNNING CANDIDATE s3@group-F860CA578C61:t2, leader=null, voted=s0, raftlog=Memoized:s3@group-F860CA578C61-SegmentedRaftLog:OPENED:c2:last(t:2, i:2), conf=conf: {index: 1, cur=peers:[s3|localhost:15152, s4|localhost:15156, s0|localhost:15140, s1|localhost:15144, s2|localhost:15148]|listeners:[], old=null} RUNNING
  s4:  RUNNING CANDIDATE s4@group-F860CA578C61:t2, leader=null, voted=s0, raftlog=Memoized:s4@group-F860CA578C61-SegmentedRaftLog:OPENED:c2:last(t:2, i:2), conf=conf: {index: 1, cur=peers:[s3|localhost:15152, s4|localhost:15156, s0|localhost:15140, s1|localhost:15144, s2|localhost:15148]|listeners:[], old=null} RUNNING
  s0:   CLOSED    LEADER s0@group-F860CA578C61:t2, leader=s0, voted=s0, raftlog=Memoized:s0@group-F860CA578C61-SegmentedRaftLog:CLOSED:c2, conf=conf: {index: 1, cur=peers:[s3|localhost:15152, s4|localhost:15156, s0|localhost:15140, s1|localhost:15144, s2|localhost:15148]|listeners:[], old=null} CLOSED
  s1:  RUNNING  FOLLOWER s1@group-F860CA578C61:t1, leader=null, voted=null, raftlog=Memoized:s1@group-F860CA578C61-SegmentedRaftLog:OPENED:c-1:lastnull, conf=conf: {index: -1, cur=peers:[s3|localhost:15152, s4|localhost:15156, s0|localhost:15140, s1|localhost:15144, s2|localhost:15148]|listeners:[], old=null} RUNNING
  s2:   CLOSED    LEADER s2@group-F860CA578C61:t1, leader=s2, voted=s2, raftlog=Memoized:s2@group-F860CA578C61-SegmentedRaftLog:CLOSED:c0, conf=conf: {index: 0, cur=peers:[s3|localhost:15152, s4|localhost:15156, s0|localhost:15140, s1|localhost:15144, s2|localhost:15148]|listeners:[], old=null} CLOSED
2024-10-11 15:03:19,272 [s3@group-F860CA578C61-LeaderElection20] INFO  impl.LeaderElection (LeaderElection.java:logAndReturn(90)) - s3@group-F860CA578C61-LeaderElection20: PRE_VOTE TIMEOUT received 1 response(s) and 2 exception(s):
2024-10-11 15:03:19,272 [s3@group-F860CA578C61-LeaderElection20] INFO  impl.LeaderElection (LeaderElection.java:logAndReturn(94)) -   Response 0: s3<-s4#0:OK-t2
2024-10-11 15:03:19,272 [s3@group-F860CA578C61-LeaderElection20] INFO  impl.LeaderElection (LogUtils.java:infoOrTrace(136)) -   Exception 1: java.util.concurrent.ExecutionException: org.apache.ratis.thirdparty.io.netty.channel.AbstractChannel$AnnotatedConnectException: finishConnect(..) failed: Connection refused: localhost/127.0.0.1:15140
2024-10-11 15:03:19,272 [s3@group-F860CA578C61-LeaderElection20] INFO  impl.LeaderElection (LogUtils.java:infoOrTrace(136)) -   Exception 2: java.util.concurrent.ExecutionException: org.apache.ratis.thirdparty.io.netty.channel.AbstractChannel$AnnotatedConnectException: finishConnect(..) failed: Connection refused: localhost/127.0.0.1:15148
2024-10-11 15:03:19,272 [s3@group-F860CA578C61-LeaderElection20] INFO  impl.LeaderElection (LeaderElection.java:askForVotes(339)) - s3@group-F860CA578C61-LeaderElection20 PRE_VOTE round 72: result TIMEOUT
2024-10-11 15:03:19,272 [s3@group-F860CA578C61-LeaderElection20] INFO  impl.LeaderElection (LeaderElection.java:askForVotes(337)) - s3@group-F860CA578C61-LeaderElection20 PRE_VOTE round 73: submit vote requests at term 2 for conf: {index: 1, cur=peers:[s3|localhost:15152, s4|localhost:15156, s0|localhost:15140, s1|localhost:15144, s2|localhost:15148]|listeners:[], old=null}
2024-10-11 15:03:19,273 [NettyRpcService-workerGroup--thread3] INFO  server.RaftServer$Division (RaftServerImpl.java:requestVote(1443)) - s4@group-F860CA578C61: receive requestVote(PRE_VOTE, s3, group-F860CA578C61, 2, (t:2, i:2))
2024-10-11 15:03:19,273 [NettyRpcService-workerGroup--thread3] INFO  impl.VoteContext (VoteContext.java:log(49)) - s4@group-F860CA578C61-CANDIDATE: accept PRE_VOTE from s3: our priority 0 <= candidate's priority 0
2024-10-11 15:03:19,274 [NettyRpcService-workerGroup--thread3] INFO  server.RaftServer$Division (RaftServerImpl.java:requestVote(1476)) - s4@group-F860CA578C61 replies to PRE_VOTE vote request: s3<-s4#0:OK-t2. Peer's state: s4@group-F860CA578C61:t2, leader=null, voted=s0, raftlog=Memoized:s4@group-F860CA578C61-SegmentedRaftLog:OPENED:c2:last(t:2, i:2), conf=conf: {index: 1, cur=peers:[s3|localhost:15152, s4|localhost:15156, s0|localhost:15140, s1|localhost:15144, s2|localhost:15148]|listeners:[], old=null}
2024-10-11 15:03:19,274 [s3@group-F860CA578C61-LeaderElection20] INFO  impl.LeaderElection (LogUtils.java:infoOrTrace(136)) - s3@group-F860CA578C61-LeaderElection20 got exception when requesting votes: java.util.concurrent.ExecutionException: org.apache.ratis.thirdparty.io.netty.channel.AbstractChannel$AnnotatedConnectException: finishConnect(..) failed: Connection refused: localhost/127.0.0.1:15140
2024-10-11 15:03:19,274 [s3@group-F860CA578C61-LeaderElection20] INFO  impl.LeaderElection (LogUtils.java:infoOrTrace(136)) - s3@group-F860CA578C61-LeaderElection20 got exception when requesting votes: java.util.concurrent.ExecutionException: org.apache.ratis.thirdparty.io.netty.channel.AbstractChannel$AnnotatedConnectException: finishConnect(..) failed: Connection refused: localhost/127.0.0.1:15148
2024-10-11 15:03:19,277 [s4@group-F860CA578C61-LeaderElection19] INFO  impl.LeaderElection (LeaderElection.java:logAndReturn(90)) - s4@group-F860CA578C61-LeaderElection19: PRE_VOTE TIMEOUT received 1 response(s) and 2 exception(s):
2024-10-11 15:03:19,277 [s4@group-F860CA578C61-LeaderElection19] INFO  impl.LeaderElection (LeaderElection.java:logAndReturn(94)) -   Response 0: s4<-s3#0:OK-t2
2024-10-11 15:03:19,277 [s4@group-F860CA578C61-LeaderElection19] INFO  impl.LeaderElection (LogUtils.java:infoOrTrace(136)) -   Exception 1: java.util.concurrent.ExecutionException: org.apache.ratis.thirdparty.io.netty.channel.AbstractChannel$AnnotatedConnectException: finishConnect(..) failed: Connection refused: localhost/127.0.0.1:15148
2024-10-11 15:03:19,277 [s4@group-F860CA578C61-LeaderElection19] INFO  impl.LeaderElection (LogUtils.java:infoOrTrace(136)) -   Exception 2: java.util.concurrent.ExecutionException: org.apache.ratis.thirdparty.io.netty.channel.AbstractChannel$AnnotatedConnectException: finishConnect(..) failed: Connection refused: localhost/127.0.0.1:15140
2024-10-11 15:03:19,277 [s4@group-F860CA578C61-LeaderElection19] INFO  impl.LeaderElection (LeaderElection.java:askForVotes(339)) - s4@group-F860CA578C61-LeaderElection19 PRE_VOTE round 83: result TIMEOUT
2024-10-11 15:03:19,277 [s4@group-F860CA578C61-LeaderElection19] INFO  impl.LeaderElection (LeaderElection.java:askForVotes(337)) - s4@group-F860CA578C61-LeaderElection19 PRE_VOTE round 84: submit vote requests at term 2 for conf: {index: 1, cur=peers:[s3|localhost:15152, s4|localhost:15156, s0|localhost:15140, s1|localhost:15144, s2|localhost:15148]|listeners:[], old=null}
2024-10-11 15:03:19,277 [NettyRpcService-workerGroup--thread3] INFO  server.RaftServer$Division (RaftServerImpl.java:requestVote(1443)) - s3@group-F860CA578C61: receive requestVote(PRE_VOTE, s4, group-F860CA578C61, 2, (t:2, i:2))
2024-10-11 15:03:19,277 [NettyRpcService-workerGroup--thread3] INFO  impl.VoteContext (VoteContext.java:log(49)) - s3@group-F860CA578C61-CANDIDATE: accept PRE_VOTE from s4: our priority 0 <= candidate's priority 0
2024-10-11 15:03:19,278 [NettyRpcService-workerGroup--thread3] INFO  server.RaftServer$Division (RaftServerImpl.java:requestVote(1476)) - s3@group-F860CA578C61 replies to PRE_VOTE vote request: s4<-s3#0:OK-t2. Peer's state: s3@group-F860CA578C61:t2, leader=null, voted=s0, raftlog=Memoized:s3@group-F860CA578C61-SegmentedRaftLog:OPENED:c2:last(t:2, i:2), conf=conf: {index: 1, cur=peers:[s3|localhost:15152, s4|localhost:15156, s0|localhost:15140, s1|localhost:15144, s2|localhost:15148]|listeners:[], old=null}
2024-10-11 15:03:19,278 [s4@group-F860CA578C61-LeaderElection19] INFO  impl.LeaderElection (LogUtils.java:infoOrTrace(136)) - s4@group-F860CA578C61-LeaderElection19 got exception when requesting votes: java.util.concurrent.ExecutionException: org.apache.ratis.thirdparty.io.netty.channel.AbstractChannel$AnnotatedConnectException: finishConnect(..) failed: Connection refused: localhost/127.0.0.1:15140
2024-10-11 15:03:19,278 [s4@group-F860CA578C61-LeaderElection19] INFO  impl.LeaderElection (LogUtils.java:infoOrTrace(136)) - s4@group-F860CA578C61-LeaderElection19 got exception when requesting votes: java.util.concurrent.ExecutionException: org.apache.ratis.thirdparty.io.netty.channel.AbstractChannel$AnnotatedConnectException: finishConnect(..) failed: Connection refused: localhost/127.0.0.1:15148
2024-10-11 15:03:19,456 [s4@group-F860CA578C61-LeaderElection19] INFO  impl.LeaderElection (LeaderElection.java:logAndReturn(90)) - s4@group-F860CA578C61-LeaderElection19: PRE_VOTE TIMEOUT received 1 response(s) and 2 exception(s):
2024-10-11 15:03:19,457 [s4@group-F860CA578C61-LeaderElection19] INFO  impl.LeaderElection (LeaderElection.java:logAndReturn(94)) -   Response 0: s4<-s3#0:OK-t2
2024-10-11 15:03:19,457 [s4@group-F860CA578C61-LeaderElection19] INFO  impl.LeaderElection (LogUtils.java:infoOrTrace(136)) -   Exception 1: java.util.concurrent.ExecutionException: org.apache.ratis.thirdparty.io.netty.channel.AbstractChannel$AnnotatedConnectException: finishConnect(..) failed: Connection refused: localhost/127.0.0.1:15140
2024-10-11 15:03:19,457 [s4@group-F860CA578C61-LeaderElection19] INFO  impl.LeaderElection (LogUtils.java:infoOrTrace(136)) -   Exception 2: java.util.concurrent.ExecutionException: org.apache.ratis.thirdparty.io.netty.channel.AbstractChannel$AnnotatedConnectException: finishConnect(..) failed: Connection refused: localhost/127.0.0.1:15148
2024-10-11 15:03:19,457 [s4@group-F860CA578C61-LeaderElection19] INFO  impl.LeaderElection (LeaderElection.java:askForVotes(339)) - s4@group-F860CA578C61-LeaderElection19 PRE_VOTE round 84: result TIMEOUT
2024-10-11 15:03:19,457 [s4@group-F860CA578C61-LeaderElection19] INFO  impl.LeaderElection (LeaderElection.java:askForVotes(337)) - s4@group-F860CA578C61-LeaderElection19 PRE_VOTE round 85: submit vote requests at term 2 for conf: {index: 1, cur=peers:[s3|localhost:15152, s4|localhost:15156, s0|localhost:15140, s1|localhost:15144, s2|localhost:15148]|listeners:[], old=null}
2024-10-11 15:03:19,458 [NettyRpcService-workerGroup--thread3] INFO  server.RaftServer$Division (RaftServerImpl.java:requestVote(1443)) - s3@group-F860CA578C61: receive requestVote(PRE_VOTE, s4, group-F860CA578C61, 2, (t:2, i:2))
2024-10-11 15:03:19,458 [NettyRpcService-workerGroup--thread3] INFO  impl.VoteContext (VoteContext.java:log(49)) - s3@group-F860CA578C61-CANDIDATE: accept PRE_VOTE from s4: our priority 0 <= candidate's priority 0
2024-10-11 15:03:19,458 [NettyRpcService-workerGroup--thread3] INFO  server.RaftServer$Division (RaftServerImpl.java:requestVote(1476)) - s3@group-F860CA578C61 replies to PRE_VOTE vote request: s4<-s3#0:OK-t2. Peer's state: s3@group-F860CA578C61:t2, leader=null, voted=s0, raftlog=Memoized:s3@group-F860CA578C61-SegmentedRaftLog:OPENED:c2:last(t:2, i:2), conf=conf: {index: 1, cur=peers:[s3|localhost:15152, s4|localhost:15156, s0|localhost:15140, s1|localhost:15144, s2|localhost:15148]|listeners:[], old=null}
2024-10-11 15:03:19,458 [s4@group-F860CA578C61-LeaderElection19] INFO  impl.LeaderElection (LogUtils.java:infoOrTrace(136)) - s4@group-F860CA578C61-LeaderElection19 got exception when requesting votes: java.util.concurrent.ExecutionException: org.apache.ratis.thirdparty.io.netty.channel.AbstractChannel$AnnotatedConnectException: finishConnect(..) failed: Connection refused: localhost/127.0.0.1:15148
2024-10-11 15:03:19,460 [s4@group-F860CA578C61-LeaderElection19] INFO  impl.LeaderElection (LogUtils.java:infoOrTrace(136)) - s4@group-F860CA578C61-LeaderElection19 got exception when requesting votes: java.util.concurrent.ExecutionException: org.apache.ratis.thirdparty.io.netty.channel.AbstractChannel$AnnotatedConnectException: finishConnect(..) failed: Connection refused: localhost/127.0.0.1:15140
2024-10-11 15:03:19,517 [s3@group-F860CA578C61-LeaderElection20] INFO  impl.LeaderElection (LeaderElection.java:logAndReturn(90)) - s3@group-F860CA578C61-LeaderElection20: PRE_VOTE TIMEOUT received 1 response(s) and 2 exception(s):
2024-10-11 15:03:19,517 [s3@group-F860CA578C61-LeaderElection20] INFO  impl.LeaderElection (LeaderElection.java:logAndReturn(94)) -   Response 0: s3<-s4#0:OK-t2
2024-10-11 15:03:19,517 [s3@group-F860CA578C61-LeaderElection20] INFO  impl.LeaderElection (LogUtils.java:infoOrTrace(136)) -   Exception 1: java.util.concurrent.ExecutionException: org.apache.ratis.thirdparty.io.netty.channel.AbstractChannel$AnnotatedConnectException: finishConnect(..) failed: Connection refused: localhost/127.0.0.1:15140
2024-10-11 15:03:19,517 [s3@group-F860CA578C61-LeaderElection20] INFO  impl.LeaderElection (LogUtils.java:infoOrTrace(136)) -   Exception 2: java.util.concurrent.ExecutionException: org.apache.ratis.thirdparty.io.netty.channel.AbstractChannel$AnnotatedConnectException: finishConnect(..) failed: Connection refused: localhost/127.0.0.1:15148
2024-10-11 15:03:19,517 [s3@group-F860CA578C61-LeaderElection20] INFO  impl.LeaderElection (LeaderElection.java:askForVotes(339)) - s3@group-F860CA578C61-LeaderElection20 PRE_VOTE round 73: result TIMEOUT
2024-10-11 15:03:19,518 [s3@group-F860CA578C61-LeaderElection20] INFO  impl.LeaderElection (LeaderElection.java:askForVotes(337)) - s3@group-F860CA578C61-LeaderElection20 PRE_VOTE round 74: submit vote requests at term 2 for conf: {index: 1, cur=peers:[s3|localhost:15152, s4|localhost:15156, s0|localhost:15140, s1|localhost:15144, s2|localhost:15148]|listeners:[], old=null}
2024-10-11 15:03:19,518 [NettyRpcService-workerGroup--thread3] INFO  server.RaftServer$Division (RaftServerImpl.java:requestVote(1443)) - s4@group-F860CA578C61: receive requestVote(PRE_VOTE, s3, group-F860CA578C61, 2, (t:2, i:2))
2024-10-11 15:03:19,518 [NettyRpcService-workerGroup--thread3] INFO  impl.VoteContext (VoteContext.java:log(49)) - s4@group-F860CA578C61-CANDIDATE: accept PRE_VOTE from s3: our priority 0 <= candidate's priority 0
2024-10-11 15:03:19,519 [NettyRpcService-workerGroup--thread3] INFO  server.RaftServer$Division (RaftServerImpl.java:requestVote(1476)) - s4@group-F860CA578C61 replies to PRE_VOTE vote request: s3<-s4#0:OK-t2. Peer's state: s4@group-F860CA578C61:t2, leader=null, voted=s0, raftlog=Memoized:s4@group-F860CA578C61-SegmentedRaftLog:OPENED:c2:last(t:2, i:2), conf=conf: {index: 1, cur=peers:[s3|localhost:15152, s4|localhost:15156, s0|localhost:15140, s1|localhost:15144, s2|localhost:15148]|listeners:[], old=null}
2024-10-11 15:03:19,519 [s3@group-F860CA578C61-LeaderElection20] INFO  impl.LeaderElection (LogUtils.java:infoOrTrace(136)) - s3@group-F860CA578C61-LeaderElection20 got exception when requesting votes: java.util.concurrent.ExecutionException: org.apache.ratis.thirdparty.io.netty.channel.AbstractChannel$AnnotatedConnectException: finishConnect(..) failed: Connection refused: localhost/127.0.0.1:15148
2024-10-11 15:03:19,519 [s3@group-F860CA578C61-LeaderElection20] INFO  impl.LeaderElection (LogUtils.java:infoOrTrace(136)) - s3@group-F860CA578C61-LeaderElection20 got exception when requesting votes: java.util.concurrent.ExecutionException: org.apache.ratis.thirdparty.io.netty.channel.AbstractChannel$AnnotatedConnectException: finishConnect(..) failed: Connection refused: localhost/127.0.0.1:15140
2024-10-11 15:03:19,650 [main] WARN  ratis.RaftTestUtil (RaftTestUtil.java:lambda$waitForLeader$3(126)) - Attempt #43 failed: java.lang.IllegalStateException: No leader yet : printing ALL groups
  s3:  RUNNING CANDIDATE s3@group-F860CA578C61:t2, leader=null, voted=s0, raftlog=Memoized:s3@group-F860CA578C61-SegmentedRaftLog:OPENED:c2:last(t:2, i:2), conf=conf: {index: 1, cur=peers:[s3|localhost:15152, s4|localhost:15156, s0|localhost:15140, s1|localhost:15144, s2|localhost:15148]|listeners:[], old=null} RUNNING
  s4:  RUNNING CANDIDATE s4@group-F860CA578C61:t2, leader=null, voted=s0, raftlog=Memoized:s4@group-F860CA578C61-SegmentedRaftLog:OPENED:c2:last(t:2, i:2), conf=conf: {index: 1, cur=peers:[s3|localhost:15152, s4|localhost:15156, s0|localhost:15140, s1|localhost:15144, s2|localhost:15148]|listeners:[], old=null} RUNNING
  s0:   CLOSED    LEADER s0@group-F860CA578C61:t2, leader=s0, voted=s0, raftlog=Memoized:s0@group-F860CA578C61-SegmentedRaftLog:CLOSED:c2, conf=conf: {index: 1, cur=peers:[s3|localhost:15152, s4|localhost:15156, s0|localhost:15140, s1|localhost:15144, s2|localhost:15148]|listeners:[], old=null} CLOSED
  s1:  RUNNING  FOLLOWER s1@group-F860CA578C61:t1, leader=null, voted=null, raftlog=Memoized:s1@group-F860CA578C61-SegmentedRaftLog:OPENED:c-1:lastnull, conf=conf: {index: -1, cur=peers:[s3|localhost:15152, s4|localhost:15156, s0|localhost:15140, s1|localhost:15144, s2|localhost:15148]|listeners:[], old=null} RUNNING
  s2:   CLOSED    LEADER s2@group-F860CA578C61:t1, leader=s2, voted=s2, raftlog=Memoized:s2@group-F860CA578C61-SegmentedRaftLog:CLOSED:c0, conf=conf: {index: 0, cur=peers:[s3|localhost:15152, s4|localhost:15156, s0|localhost:15140, s1|localhost:15144, s2|localhost:15148]|listeners:[], old=null} CLOSED
2024-10-11 15:03:19,678 [s3@group-F860CA578C61-LeaderElection20] INFO  impl.LeaderElection (LeaderElection.java:logAndReturn(90)) - s3@group-F860CA578C61-LeaderElection20: PRE_VOTE TIMEOUT received 1 response(s) and 2 exception(s):
2024-10-11 15:03:19,678 [s3@group-F860CA578C61-LeaderElection20] INFO  impl.LeaderElection (LeaderElection.java:logAndReturn(94)) -   Response 0: s3<-s4#0:OK-t2
2024-10-11 15:03:19,678 [s3@group-F860CA578C61-LeaderElection20] INFO  impl.LeaderElection (LogUtils.java:infoOrTrace(136)) -   Exception 1: java.util.concurrent.ExecutionException: org.apache.ratis.thirdparty.io.netty.channel.AbstractChannel$AnnotatedConnectException: finishConnect(..) failed: Connection refused: localhost/127.0.0.1:15148
2024-10-11 15:03:19,678 [s3@group-F860CA578C61-LeaderElection20] INFO  impl.LeaderElection (LogUtils.java:infoOrTrace(136)) -   Exception 2: java.util.concurrent.ExecutionException: org.apache.ratis.thirdparty.io.netty.channel.AbstractChannel$AnnotatedConnectException: finishConnect(..) failed: Connection refused: localhost/127.0.0.1:15140
2024-10-11 15:03:19,678 [s3@group-F860CA578C61-LeaderElection20] INFO  impl.LeaderElection (LeaderElection.java:askForVotes(339)) - s3@group-F860CA578C61-LeaderElection20 PRE_VOTE round 74: result TIMEOUT
2024-10-11 15:03:19,678 [s3@group-F860CA578C61-LeaderElection20] INFO  impl.LeaderElection (LeaderElection.java:askForVotes(337)) - s3@group-F860CA578C61-LeaderElection20 PRE_VOTE round 75: submit vote requests at term 2 for conf: {index: 1, cur=peers:[s3|localhost:15152, s4|localhost:15156, s0|localhost:15140, s1|localhost:15144, s2|localhost:15148]|listeners:[], old=null}
2024-10-11 15:03:19,679 [NettyRpcService-workerGroup--thread3] INFO  server.RaftServer$Division (RaftServerImpl.java:requestVote(1443)) - s4@group-F860CA578C61: receive requestVote(PRE_VOTE, s3, group-F860CA578C61, 2, (t:2, i:2))
2024-10-11 15:03:19,679 [NettyRpcService-workerGroup--thread3] INFO  impl.VoteContext (VoteContext.java:log(49)) - s4@group-F860CA578C61-CANDIDATE: accept PRE_VOTE from s3: our priority 0 <= candidate's priority 0
2024-10-11 15:03:19,679 [NettyRpcService-workerGroup--thread3] INFO  server.RaftServer$Division (RaftServerImpl.java:requestVote(1476)) - s4@group-F860CA578C61 replies to PRE_VOTE vote request: s3<-s4#0:OK-t2. Peer's state: s4@group-F860CA578C61:t2, leader=null, voted=s0, raftlog=Memoized:s4@group-F860CA578C61-SegmentedRaftLog:OPENED:c2:last(t:2, i:2), conf=conf: {index: 1, cur=peers:[s3|localhost:15152, s4|localhost:15156, s0|localhost:15140, s1|localhost:15144, s2|localhost:15148]|listeners:[], old=null}
2024-10-11 15:03:19,680 [s3@group-F860CA578C61-LeaderElection20] INFO  impl.LeaderElection (LogUtils.java:infoOrTrace(136)) - s3@group-F860CA578C61-LeaderElection20 got exception when requesting votes: java.util.concurrent.ExecutionException: org.apache.ratis.thirdparty.io.netty.channel.AbstractChannel$AnnotatedConnectException: finishConnect(..) failed: Connection refused: localhost/127.0.0.1:15140
2024-10-11 15:03:19,681 [s3@group-F860CA578C61-LeaderElection20] INFO  impl.LeaderElection (LogUtils.java:infoOrTrace(136)) - s3@group-F860CA578C61-LeaderElection20 got exception when requesting votes: java.util.concurrent.ExecutionException: org.apache.ratis.thirdparty.io.netty.channel.AbstractChannel$AnnotatedConnectException: finishConnect(..) failed: Connection refused: localhost/127.0.0.1:15148
2024-10-11 15:03:19,756 [s4@group-F860CA578C61-LeaderElection19] INFO  impl.LeaderElection (LeaderElection.java:logAndReturn(90)) - s4@group-F860CA578C61-LeaderElection19: PRE_VOTE TIMEOUT received 1 response(s) and 2 exception(s):
2024-10-11 15:03:19,756 [s4@group-F860CA578C61-LeaderElection19] INFO  impl.LeaderElection (LeaderElection.java:logAndReturn(94)) -   Response 0: s4<-s3#0:OK-t2
2024-10-11 15:03:19,756 [s4@group-F860CA578C61-LeaderElection19] INFO  impl.LeaderElection (LogUtils.java:infoOrTrace(136)) -   Exception 1: java.util.concurrent.ExecutionException: org.apache.ratis.thirdparty.io.netty.channel.AbstractChannel$AnnotatedConnectException: finishConnect(..) failed: Connection refused: localhost/127.0.0.1:15148
2024-10-11 15:03:19,756 [s4@group-F860CA578C61-LeaderElection19] INFO  impl.LeaderElection (LogUtils.java:infoOrTrace(136)) -   Exception 2: java.util.concurrent.ExecutionException: org.apache.ratis.thirdparty.io.netty.channel.AbstractChannel$AnnotatedConnectException: finishConnect(..) failed: Connection refused: localhost/127.0.0.1:15140
2024-10-11 15:03:19,756 [s4@group-F860CA578C61-LeaderElection19] INFO  impl.LeaderElection (LeaderElection.java:askForVotes(339)) - s4@group-F860CA578C61-LeaderElection19 PRE_VOTE round 85: result TIMEOUT
2024-10-11 15:03:19,756 [s4@group-F860CA578C61-LeaderElection19] INFO  impl.LeaderElection (LeaderElection.java:askForVotes(337)) - s4@group-F860CA578C61-LeaderElection19 PRE_VOTE round 86: submit vote requests at term 2 for conf: {index: 1, cur=peers:[s3|localhost:15152, s4|localhost:15156, s0|localhost:15140, s1|localhost:15144, s2|localhost:15148]|listeners:[], old=null}
2024-10-11 15:03:19,757 [NettyRpcService-workerGroup--thread3] INFO  server.RaftServer$Division (RaftServerImpl.java:requestVote(1443)) - s3@group-F860CA578C61: receive requestVote(PRE_VOTE, s4, group-F860CA578C61, 2, (t:2, i:2))
2024-10-11 15:03:19,757 [NettyRpcService-workerGroup--thread3] INFO  impl.VoteContext (VoteContext.java:log(49)) - s3@group-F860CA578C61-CANDIDATE: accept PRE_VOTE from s4: our priority 0 <= candidate's priority 0
2024-10-11 15:03:19,757 [NettyRpcService-workerGroup--thread3] INFO  server.RaftServer$Division (RaftServerImpl.java:requestVote(1476)) - s3@group-F860CA578C61 replies to PRE_VOTE vote request: s4<-s3#0:OK-t2. Peer's state: s3@group-F860CA578C61:t2, leader=null, voted=s0, raftlog=Memoized:s3@group-F860CA578C61-SegmentedRaftLog:OPENED:c2:last(t:2, i:2), conf=conf: {index: 1, cur=peers:[s3|localhost:15152, s4|localhost:15156, s0|localhost:15140, s1|localhost:15144, s2|localhost:15148]|listeners:[], old=null}
2024-10-11 15:03:19,757 [s4@group-F860CA578C61-LeaderElection19] INFO  impl.LeaderElection (LogUtils.java:infoOrTrace(136)) - s4@group-F860CA578C61-LeaderElection19 got exception when requesting votes: java.util.concurrent.ExecutionException: org.apache.ratis.thirdparty.io.netty.channel.AbstractChannel$AnnotatedConnectException: finishConnect(..) failed: Connection refused: localhost/127.0.0.1:15140
2024-10-11 15:03:19,757 [s4@group-F860CA578C61-LeaderElection19] INFO  impl.LeaderElection (LogUtils.java:infoOrTrace(136)) - s4@group-F860CA578C61-LeaderElection19 got exception when requesting votes: java.util.concurrent.ExecutionException: org.apache.ratis.thirdparty.io.netty.channel.AbstractChannel$AnnotatedConnectException: finishConnect(..) failed: Connection refused: localhost/127.0.0.1:15148
2024-10-11 15:03:19,886 [s3@group-F860CA578C61-LeaderElection20] INFO  impl.LeaderElection (LeaderElection.java:logAndReturn(90)) - s3@group-F860CA578C61-LeaderElection20: PRE_VOTE TIMEOUT received 1 response(s) and 2 exception(s):
2024-10-11 15:03:19,886 [s3@group-F860CA578C61-LeaderElection20] INFO  impl.LeaderElection (LeaderElection.java:logAndReturn(94)) -   Response 0: s3<-s4#0:OK-t2
2024-10-11 15:03:19,886 [s3@group-F860CA578C61-LeaderElection20] INFO  impl.LeaderElection (LogUtils.java:infoOrTrace(136)) -   Exception 1: java.util.concurrent.ExecutionException: org.apache.ratis.thirdparty.io.netty.channel.AbstractChannel$AnnotatedConnectException: finishConnect(..) failed: Connection refused: localhost/127.0.0.1:15140
2024-10-11 15:03:19,886 [s3@group-F860CA578C61-LeaderElection20] INFO  impl.LeaderElection (LogUtils.java:infoOrTrace(136)) -   Exception 2: java.util.concurrent.ExecutionException: org.apache.ratis.thirdparty.io.netty.channel.AbstractChannel$AnnotatedConnectException: finishConnect(..) failed: Connection refused: localhost/127.0.0.1:15148
2024-10-11 15:03:19,886 [s3@group-F860CA578C61-LeaderElection20] INFO  impl.LeaderElection (LeaderElection.java:askForVotes(339)) - s3@group-F860CA578C61-LeaderElection20 PRE_VOTE round 75: result TIMEOUT
2024-10-11 15:03:19,887 [s3@group-F860CA578C61-LeaderElection20] INFO  impl.LeaderElection (LeaderElection.java:askForVotes(337)) - s3@group-F860CA578C61-LeaderElection20 PRE_VOTE round 76: submit vote requests at term 2 for conf: {index: 1, cur=peers:[s3|localhost:15152, s4|localhost:15156, s0|localhost:15140, s1|localhost:15144, s2|localhost:15148]|listeners:[], old=null}
2024-10-11 15:03:19,887 [NettyRpcService-workerGroup--thread3] INFO  server.RaftServer$Division (RaftServerImpl.java:requestVote(1443)) - s4@group-F860CA578C61: receive requestVote(PRE_VOTE, s3, group-F860CA578C61, 2, (t:2, i:2))
2024-10-11 15:03:19,887 [NettyRpcService-workerGroup--thread3] INFO  impl.VoteContext (VoteContext.java:log(49)) - s4@group-F860CA578C61-CANDIDATE: accept PRE_VOTE from s3: our priority 0 <= candidate's priority 0
2024-10-11 15:03:19,887 [NettyRpcService-workerGroup--thread3] INFO  server.RaftServer$Division (RaftServerImpl.java:requestVote(1476)) - s4@group-F860CA578C61 replies to PRE_VOTE vote request: s3<-s4#0:OK-t2. Peer's state: s4@group-F860CA578C61:t2, leader=null, voted=s0, raftlog=Memoized:s4@group-F860CA578C61-SegmentedRaftLog:OPENED:c2:last(t:2, i:2), conf=conf: {index: 1, cur=peers:[s3|localhost:15152, s4|localhost:15156, s0|localhost:15140, s1|localhost:15144, s2|localhost:15148]|listeners:[], old=null}
2024-10-11 15:03:19,888 [s3@group-F860CA578C61-LeaderElection20] INFO  impl.LeaderElection (LogUtils.java:infoOrTrace(136)) - s3@group-F860CA578C61-LeaderElection20 got exception when requesting votes: java.util.concurrent.ExecutionException: org.apache.ratis.thirdparty.io.netty.channel.AbstractChannel$AnnotatedConnectException: finishConnect(..) failed: Connection refused: localhost/127.0.0.1:15148
2024-10-11 15:03:19,888 [s3@group-F860CA578C61-LeaderElection20] INFO  impl.LeaderElection (LogUtils.java:infoOrTrace(136)) - s3@group-F860CA578C61-LeaderElection20 got exception when requesting votes: java.util.concurrent.ExecutionException: org.apache.ratis.thirdparty.io.netty.channel.AbstractChannel$AnnotatedConnectException: finishConnect(..) failed: Connection refused: localhost/127.0.0.1:15140
2024-10-11 15:03:20,048 [s4@group-F860CA578C61-LeaderElection19] INFO  impl.LeaderElection (LeaderElection.java:logAndReturn(90)) - s4@group-F860CA578C61-LeaderElection19: PRE_VOTE TIMEOUT received 1 response(s) and 2 exception(s):
2024-10-11 15:03:20,048 [s4@group-F860CA578C61-LeaderElection19] INFO  impl.LeaderElection (LeaderElection.java:logAndReturn(94)) -   Response 0: s4<-s3#0:OK-t2
2024-10-11 15:03:20,048 [s4@group-F860CA578C61-LeaderElection19] INFO  impl.LeaderElection (LogUtils.java:infoOrTrace(136)) -   Exception 1: java.util.concurrent.ExecutionException: org.apache.ratis.thirdparty.io.netty.channel.AbstractChannel$AnnotatedConnectException: finishConnect(..) failed: Connection refused: localhost/127.0.0.1:15140
2024-10-11 15:03:20,048 [s4@group-F860CA578C61-LeaderElection19] INFO  impl.LeaderElection (LogUtils.java:infoOrTrace(136)) -   Exception 2: java.util.concurrent.ExecutionException: org.apache.ratis.thirdparty.io.netty.channel.AbstractChannel$AnnotatedConnectException: finishConnect(..) failed: Connection refused: localhost/127.0.0.1:15148
2024-10-11 15:03:20,048 [s4@group-F860CA578C61-LeaderElection19] INFO  impl.LeaderElection (LeaderElection.java:askForVotes(339)) - s4@group-F860CA578C61-LeaderElection19 PRE_VOTE round 86: result TIMEOUT
2024-10-11 15:03:20,048 [s4@group-F860CA578C61-LeaderElection19] INFO  impl.LeaderElection (LeaderElection.java:askForVotes(337)) - s4@group-F860CA578C61-LeaderElection19 PRE_VOTE round 87: submit vote requests at term 2 for conf: {index: 1, cur=peers:[s3|localhost:15152, s4|localhost:15156, s0|localhost:15140, s1|localhost:15144, s2|localhost:15148]|listeners:[], old=null}
2024-10-11 15:03:20,049 [NettyRpcService-workerGroup--thread3] INFO  server.RaftServer$Division (RaftServerImpl.java:requestVote(1443)) - s3@group-F860CA578C61: receive requestVote(PRE_VOTE, s4, group-F860CA578C61, 2, (t:2, i:2))
2024-10-11 15:03:20,049 [NettyRpcService-workerGroup--thread3] INFO  impl.VoteContext (VoteContext.java:log(49)) - s3@group-F860CA578C61-CANDIDATE: accept PRE_VOTE from s4: our priority 0 <= candidate's priority 0
2024-10-11 15:03:20,049 [s4@group-F860CA578C61-LeaderElection19] INFO  impl.LeaderElection (LogUtils.java:infoOrTrace(136)) - s4@group-F860CA578C61-LeaderElection19 got exception when requesting votes: java.util.concurrent.ExecutionException: org.apache.ratis.thirdparty.io.netty.channel.AbstractChannel$AnnotatedConnectException: finishConnect(..) failed: Connection refused: localhost/127.0.0.1:15140
2024-10-11 15:03:20,050 [NettyRpcService-workerGroup--thread3] INFO  server.RaftServer$Division (RaftServerImpl.java:requestVote(1476)) - s3@group-F860CA578C61 replies to PRE_VOTE vote request: s4<-s3#0:OK-t2. Peer's state: s3@group-F860CA578C61:t2, leader=null, voted=s0, raftlog=Memoized:s3@group-F860CA578C61-SegmentedRaftLog:OPENED:c2:last(t:2, i:2), conf=conf: {index: 1, cur=peers:[s3|localhost:15152, s4|localhost:15156, s0|localhost:15140, s1|localhost:15144, s2|localhost:15148]|listeners:[], old=null}
2024-10-11 15:03:20,050 [s4@group-F860CA578C61-LeaderElection19] INFO  impl.LeaderElection (LogUtils.java:infoOrTrace(136)) - s4@group-F860CA578C61-LeaderElection19 got exception when requesting votes: java.util.concurrent.ExecutionException: org.apache.ratis.thirdparty.io.netty.channel.AbstractChannel$AnnotatedConnectException: finishConnect(..) failed: Connection refused: localhost/127.0.0.1:15148
2024-10-11 15:03:20,100 [main] WARN  ratis.RaftTestUtil (RaftTestUtil.java:lambda$waitForLeader$3(126)) - Attempt #44 failed: java.lang.IllegalStateException: No leader yet : printing ALL groups
  s3:  RUNNING CANDIDATE s3@group-F860CA578C61:t2, leader=null, voted=s0, raftlog=Memoized:s3@group-F860CA578C61-SegmentedRaftLog:OPENED:c2:last(t:2, i:2), conf=conf: {index: 1, cur=peers:[s3|localhost:15152, s4|localhost:15156, s0|localhost:15140, s1|localhost:15144, s2|localhost:15148]|listeners:[], old=null} RUNNING
  s4:  RUNNING CANDIDATE s4@group-F860CA578C61:t2, leader=null, voted=s0, raftlog=Memoized:s4@group-F860CA578C61-SegmentedRaftLog:OPENED:c2:last(t:2, i:2), conf=conf: {index: 1, cur=peers:[s3|localhost:15152, s4|localhost:15156, s0|localhost:15140, s1|localhost:15144, s2|localhost:15148]|listeners:[], old=null} RUNNING
  s0:   CLOSED    LEADER s0@group-F860CA578C61:t2, leader=s0, voted=s0, raftlog=Memoized:s0@group-F860CA578C61-SegmentedRaftLog:CLOSED:c2, conf=conf: {index: 1, cur=peers:[s3|localhost:15152, s4|localhost:15156, s0|localhost:15140, s1|localhost:15144, s2|localhost:15148]|listeners:[], old=null} CLOSED
  s1:  RUNNING  FOLLOWER s1@group-F860CA578C61:t1, leader=null, voted=null, raftlog=Memoized:s1@group-F860CA578C61-SegmentedRaftLog:OPENED:c-1:lastnull, conf=conf: {index: -1, cur=peers:[s3|localhost:15152, s4|localhost:15156, s0|localhost:15140, s1|localhost:15144, s2|localhost:15148]|listeners:[], old=null} RUNNING
  s2:   CLOSED    LEADER s2@group-F860CA578C61:t1, leader=s2, voted=s2, raftlog=Memoized:s2@group-F860CA578C61-SegmentedRaftLog:CLOSED:c0, conf=conf: {index: 0, cur=peers:[s3|localhost:15152, s4|localhost:15156, s0|localhost:15140, s1|localhost:15144, s2|localhost:15148]|listeners:[], old=null} CLOSED
2024-10-11 15:03:20,115 [s3@group-F860CA578C61-LeaderElection20] INFO  impl.LeaderElection (LeaderElection.java:logAndReturn(90)) - s3@group-F860CA578C61-LeaderElection20: PRE_VOTE TIMEOUT received 1 response(s) and 2 exception(s):
2024-10-11 15:03:20,115 [s3@group-F860CA578C61-LeaderElection20] INFO  impl.LeaderElection (LeaderElection.java:logAndReturn(94)) -   Response 0: s3<-s4#0:OK-t2
2024-10-11 15:03:20,115 [s3@group-F860CA578C61-LeaderElection20] INFO  impl.LeaderElection (LogUtils.java:infoOrTrace(136)) -   Exception 1: java.util.concurrent.ExecutionException: org.apache.ratis.thirdparty.io.netty.channel.AbstractChannel$AnnotatedConnectException: finishConnect(..) failed: Connection refused: localhost/127.0.0.1:15148
2024-10-11 15:03:20,115 [s3@group-F860CA578C61-LeaderElection20] INFO  impl.LeaderElection (LogUtils.java:infoOrTrace(136)) -   Exception 2: java.util.concurrent.ExecutionException: org.apache.ratis.thirdparty.io.netty.channel.AbstractChannel$AnnotatedConnectException: finishConnect(..) failed: Connection refused: localhost/127.0.0.1:15140
2024-10-11 15:03:20,115 [s3@group-F860CA578C61-LeaderElection20] INFO  impl.LeaderElection (LeaderElection.java:askForVotes(339)) - s3@group-F860CA578C61-LeaderElection20 PRE_VOTE round 76: result TIMEOUT
2024-10-11 15:03:20,115 [s3@group-F860CA578C61-LeaderElection20] INFO  impl.LeaderElection (LeaderElection.java:askForVotes(337)) - s3@group-F860CA578C61-LeaderElection20 PRE_VOTE round 77: submit vote requests at term 2 for conf: {index: 1, cur=peers:[s3|localhost:15152, s4|localhost:15156, s0|localhost:15140, s1|localhost:15144, s2|localhost:15148]|listeners:[], old=null}
2024-10-11 15:03:20,116 [NettyRpcService-workerGroup--thread3] INFO  server.RaftServer$Division (RaftServerImpl.java:requestVote(1443)) - s4@group-F860CA578C61: receive requestVote(PRE_VOTE, s3, group-F860CA578C61, 2, (t:2, i:2))
2024-10-11 15:03:20,116 [NettyRpcService-workerGroup--thread3] INFO  impl.VoteContext (VoteContext.java:log(49)) - s4@group-F860CA578C61-CANDIDATE: accept PRE_VOTE from s3: our priority 0 <= candidate's priority 0
2024-10-11 15:03:20,116 [NettyRpcService-workerGroup--thread3] INFO  server.RaftServer$Division (RaftServerImpl.java:requestVote(1476)) - s4@group-F860CA578C61 replies to PRE_VOTE vote request: s3<-s4#0:OK-t2. Peer's state: s4@group-F860CA578C61:t2, leader=null, voted=s0, raftlog=Memoized:s4@group-F860CA578C61-SegmentedRaftLog:OPENED:c2:last(t:2, i:2), conf=conf: {index: 1, cur=peers:[s3|localhost:15152, s4|localhost:15156, s0|localhost:15140, s1|localhost:15144, s2|localhost:15148]|listeners:[], old=null}
2024-10-11 15:03:20,117 [s3@group-F860CA578C61-LeaderElection20] INFO  impl.LeaderElection (LogUtils.java:infoOrTrace(136)) - s3@group-F860CA578C61-LeaderElection20 got exception when requesting votes: java.util.concurrent.ExecutionException: org.apache.ratis.thirdparty.io.netty.channel.AbstractChannel$AnnotatedConnectException: finishConnect(..) failed: Connection refused: localhost/127.0.0.1:15140
2024-10-11 15:03:20,117 [s3@group-F860CA578C61-LeaderElection20] INFO  impl.LeaderElection (LogUtils.java:infoOrTrace(136)) - s3@group-F860CA578C61-LeaderElection20 got exception when requesting votes: java.util.concurrent.ExecutionException: org.apache.ratis.thirdparty.io.netty.channel.AbstractChannel$AnnotatedConnectException: finishConnect(..) failed: Connection refused: localhost/127.0.0.1:15148
2024-10-11 15:03:20,205 [s4@group-F860CA578C61-LeaderElection19] INFO  impl.LeaderElection (LeaderElection.java:logAndReturn(90)) - s4@group-F860CA578C61-LeaderElection19: PRE_VOTE TIMEOUT received 1 response(s) and 2 exception(s):
2024-10-11 15:03:20,205 [s4@group-F860CA578C61-LeaderElection19] INFO  impl.LeaderElection (LeaderElection.java:logAndReturn(94)) -   Response 0: s4<-s3#0:OK-t2
2024-10-11 15:03:20,205 [s4@group-F860CA578C61-LeaderElection19] INFO  impl.LeaderElection (LogUtils.java:infoOrTrace(136)) -   Exception 1: java.util.concurrent.ExecutionException: org.apache.ratis.thirdparty.io.netty.channel.AbstractChannel$AnnotatedConnectException: finishConnect(..) failed: Connection refused: localhost/127.0.0.1:15140
2024-10-11 15:03:20,205 [s4@group-F860CA578C61-LeaderElection19] INFO  impl.LeaderElection (LogUtils.java:infoOrTrace(136)) -   Exception 2: java.util.concurrent.ExecutionException: org.apache.ratis.thirdparty.io.netty.channel.AbstractChannel$AnnotatedConnectException: finishConnect(..) failed: Connection refused: localhost/127.0.0.1:15148
2024-10-11 15:03:20,205 [s4@group-F860CA578C61-LeaderElection19] INFO  impl.LeaderElection (LeaderElection.java:askForVotes(339)) - s4@group-F860CA578C61-LeaderElection19 PRE_VOTE round 87: result TIMEOUT
2024-10-11 15:03:20,205 [s4@group-F860CA578C61-LeaderElection19] INFO  impl.LeaderElection (LeaderElection.java:askForVotes(337)) - s4@group-F860CA578C61-LeaderElection19 PRE_VOTE round 88: submit vote requests at term 2 for conf: {index: 1, cur=peers:[s3|localhost:15152, s4|localhost:15156, s0|localhost:15140, s1|localhost:15144, s2|localhost:15148]|listeners:[], old=null}
2024-10-11 15:03:20,206 [NettyRpcService-workerGroup--thread3] INFO  server.RaftServer$Division (RaftServerImpl.java:requestVote(1443)) - s3@group-F860CA578C61: receive requestVote(PRE_VOTE, s4, group-F860CA578C61, 2, (t:2, i:2))
2024-10-11 15:03:20,206 [NettyRpcService-workerGroup--thread3] INFO  impl.VoteContext (VoteContext.java:log(49)) - s3@group-F860CA578C61-CANDIDATE: accept PRE_VOTE from s4: our priority 0 <= candidate's priority 0
2024-10-11 15:03:20,206 [s4@group-F860CA578C61-LeaderElection19] INFO  impl.LeaderElection (LogUtils.java:infoOrTrace(136)) - s4@group-F860CA578C61-LeaderElection19 got exception when requesting votes: java.util.concurrent.ExecutionException: org.apache.ratis.thirdparty.io.netty.channel.AbstractChannel$AnnotatedConnectException: finishConnect(..) failed: Connection refused: localhost/127.0.0.1:15148
2024-10-11 15:03:20,206 [NettyRpcService-workerGroup--thread3] INFO  server.RaftServer$Division (RaftServerImpl.java:requestVote(1476)) - s3@group-F860CA578C61 replies to PRE_VOTE vote request: s4<-s3#0:OK-t2. Peer's state: s3@group-F860CA578C61:t2, leader=null, voted=s0, raftlog=Memoized:s3@group-F860CA578C61-SegmentedRaftLog:OPENED:c2:last(t:2, i:2), conf=conf: {index: 1, cur=peers:[s3|localhost:15152, s4|localhost:15156, s0|localhost:15140, s1|localhost:15144, s2|localhost:15148]|listeners:[], old=null}
2024-10-11 15:03:20,206 [s4@group-F860CA578C61-LeaderElection19] INFO  impl.LeaderElection (LogUtils.java:infoOrTrace(136)) - s4@group-F860CA578C61-LeaderElection19 got exception when requesting votes: java.util.concurrent.ExecutionException: org.apache.ratis.thirdparty.io.netty.channel.AbstractChannel$AnnotatedConnectException: finishConnect(..) failed: Connection refused: localhost/127.0.0.1:15140
2024-10-11 15:03:20,374 [s3@group-F860CA578C61-LeaderElection20] INFO  impl.LeaderElection (LeaderElection.java:logAndReturn(90)) - s3@group-F860CA578C61-LeaderElection20: PRE_VOTE TIMEOUT received 1 response(s) and 2 exception(s):
2024-10-11 15:03:20,374 [s3@group-F860CA578C61-LeaderElection20] INFO  impl.LeaderElection (LeaderElection.java:logAndReturn(94)) -   Response 0: s3<-s4#0:OK-t2
2024-10-11 15:03:20,374 [s3@group-F860CA578C61-LeaderElection20] INFO  impl.LeaderElection (LogUtils.java:infoOrTrace(136)) -   Exception 1: java.util.concurrent.ExecutionException: org.apache.ratis.thirdparty.io.netty.channel.AbstractChannel$AnnotatedConnectException: finishConnect(..) failed: Connection refused: localhost/127.0.0.1:15140
2024-10-11 15:03:20,374 [s3@group-F860CA578C61-LeaderElection20] INFO  impl.LeaderElection (LogUtils.java:infoOrTrace(136)) -   Exception 2: java.util.concurrent.ExecutionException: org.apache.ratis.thirdparty.io.netty.channel.AbstractChannel$AnnotatedConnectException: finishConnect(..) failed: Connection refused: localhost/127.0.0.1:15148
2024-10-11 15:03:20,374 [s3@group-F860CA578C61-LeaderElection20] INFO  impl.LeaderElection (LeaderElection.java:askForVotes(339)) - s3@group-F860CA578C61-LeaderElection20 PRE_VOTE round 77: result TIMEOUT
2024-10-11 15:03:20,374 [s3@group-F860CA578C61-LeaderElection20] INFO  impl.LeaderElection (LeaderElection.java:askForVotes(337)) - s3@group-F860CA578C61-LeaderElection20 PRE_VOTE round 78: submit vote requests at term 2 for conf: {index: 1, cur=peers:[s3|localhost:15152, s4|localhost:15156, s0|localhost:15140, s1|localhost:15144, s2|localhost:15148]|listeners:[], old=null}
2024-10-11 15:03:20,375 [NettyRpcService-workerGroup--thread3] INFO  server.RaftServer$Division (RaftServerImpl.java:requestVote(1443)) - s4@group-F860CA578C61: receive requestVote(PRE_VOTE, s3, group-F860CA578C61, 2, (t:2, i:2))
2024-10-11 15:03:20,375 [NettyRpcService-workerGroup--thread3] INFO  impl.VoteContext (VoteContext.java:log(49)) - s4@group-F860CA578C61-CANDIDATE: accept PRE_VOTE from s3: our priority 0 <= candidate's priority 0
2024-10-11 15:03:20,375 [NettyRpcService-workerGroup--thread3] INFO  server.RaftServer$Division (RaftServerImpl.java:requestVote(1476)) - s4@group-F860CA578C61 replies to PRE_VOTE vote request: s3<-s4#0:OK-t2. Peer's state: s4@group-F860CA578C61:t2, leader=null, voted=s0, raftlog=Memoized:s4@group-F860CA578C61-SegmentedRaftLog:OPENED:c2:last(t:2, i:2), conf=conf: {index: 1, cur=peers:[s3|localhost:15152, s4|localhost:15156, s0|localhost:15140, s1|localhost:15144, s2|localhost:15148]|listeners:[], old=null}
2024-10-11 15:03:20,377 [s3@group-F860CA578C61-LeaderElection20] INFO  impl.LeaderElection (LogUtils.java:infoOrTrace(136)) - s3@group-F860CA578C61-LeaderElection20 got exception when requesting votes: java.util.concurrent.ExecutionException: org.apache.ratis.thirdparty.io.netty.channel.AbstractChannel$AnnotatedConnectException: finishConnect(..) failed: Connection refused: localhost/127.0.0.1:15140
2024-10-11 15:03:20,377 [s3@group-F860CA578C61-LeaderElection20] INFO  impl.LeaderElection (LogUtils.java:infoOrTrace(136)) - s3@group-F860CA578C61-LeaderElection20 got exception when requesting votes: java.util.concurrent.ExecutionException: org.apache.ratis.thirdparty.io.netty.channel.AbstractChannel$AnnotatedConnectException: finishConnect(..) failed: Connection refused: localhost/127.0.0.1:15148
2024-10-11 15:03:20,457 [s4@group-F860CA578C61-LeaderElection19] INFO  impl.LeaderElection (LeaderElection.java:logAndReturn(90)) - s4@group-F860CA578C61-LeaderElection19: PRE_VOTE TIMEOUT received 1 response(s) and 2 exception(s):
2024-10-11 15:03:20,457 [s4@group-F860CA578C61-LeaderElection19] INFO  impl.LeaderElection (LeaderElection.java:logAndReturn(94)) -   Response 0: s4<-s3#0:OK-t2
2024-10-11 15:03:20,457 [s4@group-F860CA578C61-LeaderElection19] INFO  impl.LeaderElection (LogUtils.java:infoOrTrace(136)) -   Exception 1: java.util.concurrent.ExecutionException: org.apache.ratis.thirdparty.io.netty.channel.AbstractChannel$AnnotatedConnectException: finishConnect(..) failed: Connection refused: localhost/127.0.0.1:15148
2024-10-11 15:03:20,457 [s4@group-F860CA578C61-LeaderElection19] INFO  impl.LeaderElection (LogUtils.java:infoOrTrace(136)) -   Exception 2: java.util.concurrent.ExecutionException: org.apache.ratis.thirdparty.io.netty.channel.AbstractChannel$AnnotatedConnectException: finishConnect(..) failed: Connection refused: localhost/127.0.0.1:15140
2024-10-11 15:03:20,457 [s4@group-F860CA578C61-LeaderElection19] INFO  impl.LeaderElection (LeaderElection.java:askForVotes(339)) - s4@group-F860CA578C61-LeaderElection19 PRE_VOTE round 88: result TIMEOUT
2024-10-11 15:03:20,457 [s4@group-F860CA578C61-LeaderElection19] INFO  impl.LeaderElection (LeaderElection.java:askForVotes(337)) - s4@group-F860CA578C61-LeaderElection19 PRE_VOTE round 89: submit vote requests at term 2 for conf: {index: 1, cur=peers:[s3|localhost:15152, s4|localhost:15156, s0|localhost:15140, s1|localhost:15144, s2|localhost:15148]|listeners:[], old=null}
2024-10-11 15:03:20,458 [NettyRpcService-workerGroup--thread3] INFO  server.RaftServer$Division (RaftServerImpl.java:requestVote(1443)) - s3@group-F860CA578C61: receive requestVote(PRE_VOTE, s4, group-F860CA578C61, 2, (t:2, i:2))
2024-10-11 15:03:20,458 [NettyRpcService-workerGroup--thread3] INFO  impl.VoteContext (VoteContext.java:log(49)) - s3@group-F860CA578C61-CANDIDATE: accept PRE_VOTE from s4: our priority 0 <= candidate's priority 0
2024-10-11 15:03:20,458 [s4@group-F860CA578C61-LeaderElection19] INFO  impl.LeaderElection (LogUtils.java:infoOrTrace(136)) - s4@group-F860CA578C61-LeaderElection19 got exception when requesting votes: java.util.concurrent.ExecutionException: org.apache.ratis.thirdparty.io.netty.channel.AbstractChannel$AnnotatedConnectException: finishConnect(..) failed: Connection refused: localhost/127.0.0.1:15140
2024-10-11 15:03:20,458 [NettyRpcService-workerGroup--thread3] INFO  server.RaftServer$Division (RaftServerImpl.java:requestVote(1476)) - s3@group-F860CA578C61 replies to PRE_VOTE vote request: s4<-s3#0:OK-t2. Peer's state: s3@group-F860CA578C61:t2, leader=null, voted=s0, raftlog=Memoized:s3@group-F860CA578C61-SegmentedRaftLog:OPENED:c2:last(t:2, i:2), conf=conf: {index: 1, cur=peers:[s3|localhost:15152, s4|localhost:15156, s0|localhost:15140, s1|localhost:15144, s2|localhost:15148]|listeners:[], old=null}
2024-10-11 15:03:20,459 [s4@group-F860CA578C61-LeaderElection19] INFO  impl.LeaderElection (LogUtils.java:infoOrTrace(136)) - s4@group-F860CA578C61-LeaderElection19 got exception when requesting votes: java.util.concurrent.ExecutionException: org.apache.ratis.thirdparty.io.netty.channel.AbstractChannel$AnnotatedConnectException: finishConnect(..) failed: Connection refused: localhost/127.0.0.1:15148
2024-10-11 15:03:20,551 [main] WARN  ratis.RaftTestUtil (RaftTestUtil.java:lambda$waitForLeader$3(126)) - Attempt #45 failed: java.lang.IllegalStateException: No leader yet : printing ALL groups
  s3:  RUNNING CANDIDATE s3@group-F860CA578C61:t2, leader=null, voted=s0, raftlog=Memoized:s3@group-F860CA578C61-SegmentedRaftLog:OPENED:c2:last(t:2, i:2), conf=conf: {index: 1, cur=peers:[s3|localhost:15152, s4|localhost:15156, s0|localhost:15140, s1|localhost:15144, s2|localhost:15148]|listeners:[], old=null} RUNNING
  s4:  RUNNING CANDIDATE s4@group-F860CA578C61:t2, leader=null, voted=s0, raftlog=Memoized:s4@group-F860CA578C61-SegmentedRaftLog:OPENED:c2:last(t:2, i:2), conf=conf: {index: 1, cur=peers:[s3|localhost:15152, s4|localhost:15156, s0|localhost:15140, s1|localhost:15144, s2|localhost:15148]|listeners:[], old=null} RUNNING
  s0:   CLOSED    LEADER s0@group-F860CA578C61:t2, leader=s0, voted=s0, raftlog=Memoized:s0@group-F860CA578C61-SegmentedRaftLog:CLOSED:c2, conf=conf: {index: 1, cur=peers:[s3|localhost:15152, s4|localhost:15156, s0|localhost:15140, s1|localhost:15144, s2|localhost:15148]|listeners:[], old=null} CLOSED
  s1:  RUNNING  FOLLOWER s1@group-F860CA578C61:t1, leader=null, voted=null, raftlog=Memoized:s1@group-F860CA578C61-SegmentedRaftLog:OPENED:c-1:lastnull, conf=conf: {index: -1, cur=peers:[s3|localhost:15152, s4|localhost:15156, s0|localhost:15140, s1|localhost:15144, s2|localhost:15148]|listeners:[], old=null} RUNNING
  s2:   CLOSED    LEADER s2@group-F860CA578C61:t1, leader=s2, voted=s2, raftlog=Memoized:s2@group-F860CA578C61-SegmentedRaftLog:CLOSED:c0, conf=conf: {index: 0, cur=peers:[s3|localhost:15152, s4|localhost:15156, s0|localhost:15140, s1|localhost:15144, s2|localhost:15148]|listeners:[], old=null} CLOSED
2024-10-11 15:03:20,647 [s3@group-F860CA578C61-LeaderElection20] INFO  impl.LeaderElection (LeaderElection.java:logAndReturn(90)) - s3@group-F860CA578C61-LeaderElection20: PRE_VOTE TIMEOUT received 1 response(s) and 2 exception(s):
2024-10-11 15:03:20,647 [s3@group-F860CA578C61-LeaderElection20] INFO  impl.LeaderElection (LeaderElection.java:logAndReturn(94)) -   Response 0: s3<-s4#0:OK-t2
2024-10-11 15:03:20,647 [s3@group-F860CA578C61-LeaderElection20] INFO  impl.LeaderElection (LogUtils.java:infoOrTrace(136)) -   Exception 1: java.util.concurrent.ExecutionException: org.apache.ratis.thirdparty.io.netty.channel.AbstractChannel$AnnotatedConnectException: finishConnect(..) failed: Connection refused: localhost/127.0.0.1:15140
2024-10-11 15:03:20,647 [s3@group-F860CA578C61-LeaderElection20] INFO  impl.LeaderElection (LogUtils.java:infoOrTrace(136)) -   Exception 2: java.util.concurrent.ExecutionException: org.apache.ratis.thirdparty.io.netty.channel.AbstractChannel$AnnotatedConnectException: finishConnect(..) failed: Connection refused: localhost/127.0.0.1:15148
2024-10-11 15:03:20,647 [s3@group-F860CA578C61-LeaderElection20] INFO  impl.LeaderElection (LeaderElection.java:askForVotes(339)) - s3@group-F860CA578C61-LeaderElection20 PRE_VOTE round 78: result TIMEOUT
2024-10-11 15:03:20,647 [s3@group-F860CA578C61-LeaderElection20] INFO  impl.LeaderElection (LeaderElection.java:askForVotes(337)) - s3@group-F860CA578C61-LeaderElection20 PRE_VOTE round 79: submit vote requests at term 2 for conf: {index: 1, cur=peers:[s3|localhost:15152, s4|localhost:15156, s0|localhost:15140, s1|localhost:15144, s2|localhost:15148]|listeners:[], old=null}
2024-10-11 15:03:20,648 [NettyRpcService-workerGroup--thread3] INFO  server.RaftServer$Division (RaftServerImpl.java:requestVote(1443)) - s4@group-F860CA578C61: receive requestVote(PRE_VOTE, s3, group-F860CA578C61, 2, (t:2, i:2))
2024-10-11 15:03:20,648 [NettyRpcService-workerGroup--thread3] INFO  impl.VoteContext (VoteContext.java:log(49)) - s4@group-F860CA578C61-CANDIDATE: accept PRE_VOTE from s3: our priority 0 <= candidate's priority 0
2024-10-11 15:03:20,648 [NettyRpcService-workerGroup--thread3] INFO  server.RaftServer$Division (RaftServerImpl.java:requestVote(1476)) - s4@group-F860CA578C61 replies to PRE_VOTE vote request: s3<-s4#0:OK-t2. Peer's state: s4@group-F860CA578C61:t2, leader=null, voted=s0, raftlog=Memoized:s4@group-F860CA578C61-SegmentedRaftLog:OPENED:c2:last(t:2, i:2), conf=conf: {index: 1, cur=peers:[s3|localhost:15152, s4|localhost:15156, s0|localhost:15140, s1|localhost:15144, s2|localhost:15148]|listeners:[], old=null}
2024-10-11 15:03:20,648 [s3@group-F860CA578C61-LeaderElection20] INFO  impl.LeaderElection (LogUtils.java:infoOrTrace(136)) - s3@group-F860CA578C61-LeaderElection20 got exception when requesting votes: java.util.concurrent.ExecutionException: org.apache.ratis.thirdparty.io.netty.channel.AbstractChannel$AnnotatedConnectException: finishConnect(..) failed: Connection refused: localhost/127.0.0.1:15148
2024-10-11 15:03:20,648 [s3@group-F860CA578C61-LeaderElection20] INFO  impl.LeaderElection (LogUtils.java:infoOrTrace(136)) - s3@group-F860CA578C61-LeaderElection20 got exception when requesting votes: java.util.concurrent.ExecutionException: org.apache.ratis.thirdparty.io.netty.channel.AbstractChannel$AnnotatedConnectException: finishConnect(..) failed: Connection refused: localhost/127.0.0.1:15140
2024-10-11 15:03:20,729 [s4@group-F860CA578C61-LeaderElection19] INFO  impl.LeaderElection (LeaderElection.java:logAndReturn(90)) - s4@group-F860CA578C61-LeaderElection19: PRE_VOTE TIMEOUT received 1 response(s) and 2 exception(s):
2024-10-11 15:03:20,729 [s4@group-F860CA578C61-LeaderElection19] INFO  impl.LeaderElection (LeaderElection.java:logAndReturn(94)) -   Response 0: s4<-s3#0:OK-t2
2024-10-11 15:03:20,729 [s4@group-F860CA578C61-LeaderElection19] INFO  impl.LeaderElection (LogUtils.java:infoOrTrace(136)) -   Exception 1: java.util.concurrent.ExecutionException: org.apache.ratis.thirdparty.io.netty.channel.AbstractChannel$AnnotatedConnectException: finishConnect(..) failed: Connection refused: localhost/127.0.0.1:15140
2024-10-11 15:03:20,729 [s4@group-F860CA578C61-LeaderElection19] INFO  impl.LeaderElection (LogUtils.java:infoOrTrace(136)) -   Exception 2: java.util.concurrent.ExecutionException: org.apache.ratis.thirdparty.io.netty.channel.AbstractChannel$AnnotatedConnectException: finishConnect(..) failed: Connection refused: localhost/127.0.0.1:15148
2024-10-11 15:03:20,730 [s4@group-F860CA578C61-LeaderElection19] INFO  impl.LeaderElection (LeaderElection.java:askForVotes(339)) - s4@group-F860CA578C61-LeaderElection19 PRE_VOTE round 89: result TIMEOUT
2024-10-11 15:03:20,730 [s4@group-F860CA578C61-LeaderElection19] INFO  impl.LeaderElection (LeaderElection.java:askForVotes(337)) - s4@group-F860CA578C61-LeaderElection19 PRE_VOTE round 90: submit vote requests at term 2 for conf: {index: 1, cur=peers:[s3|localhost:15152, s4|localhost:15156, s0|localhost:15140, s1|localhost:15144, s2|localhost:15148]|listeners:[], old=null}
2024-10-11 15:03:20,730 [NettyRpcService-workerGroup--thread3] INFO  server.RaftServer$Division (RaftServerImpl.java:requestVote(1443)) - s3@group-F860CA578C61: receive requestVote(PRE_VOTE, s4, group-F860CA578C61, 2, (t:2, i:2))
2024-10-11 15:03:20,731 [NettyRpcService-workerGroup--thread3] INFO  impl.VoteContext (VoteContext.java:log(49)) - s3@group-F860CA578C61-CANDIDATE: accept PRE_VOTE from s4: our priority 0 <= candidate's priority 0
2024-10-11 15:03:20,731 [NettyRpcService-workerGroup--thread3] INFO  server.RaftServer$Division (RaftServerImpl.java:requestVote(1476)) - s3@group-F860CA578C61 replies to PRE_VOTE vote request: s4<-s3#0:OK-t2. Peer's state: s3@group-F860CA578C61:t2, leader=null, voted=s0, raftlog=Memoized:s3@group-F860CA578C61-SegmentedRaftLog:OPENED:c2:last(t:2, i:2), conf=conf: {index: 1, cur=peers:[s3|localhost:15152, s4|localhost:15156, s0|localhost:15140, s1|localhost:15144, s2|localhost:15148]|listeners:[], old=null}
2024-10-11 15:03:20,731 [s4@group-F860CA578C61-LeaderElection19] INFO  impl.LeaderElection (LogUtils.java:infoOrTrace(136)) - s4@group-F860CA578C61-LeaderElection19 got exception when requesting votes: java.util.concurrent.ExecutionException: org.apache.ratis.thirdparty.io.netty.channel.AbstractChannel$AnnotatedConnectException: finishConnect(..) failed: Connection refused: localhost/127.0.0.1:15148
2024-10-11 15:03:20,733 [s4@group-F860CA578C61-LeaderElection19] INFO  impl.LeaderElection (LogUtils.java:infoOrTrace(136)) - s4@group-F860CA578C61-LeaderElection19 got exception when requesting votes: java.util.concurrent.ExecutionException: org.apache.ratis.thirdparty.io.netty.channel.AbstractChannel$AnnotatedConnectException: finishConnect(..) failed: Connection refused: localhost/127.0.0.1:15140
2024-10-11 15:03:20,866 [s3@group-F860CA578C61-LeaderElection20] INFO  impl.LeaderElection (LeaderElection.java:logAndReturn(90)) - s3@group-F860CA578C61-LeaderElection20: PRE_VOTE TIMEOUT received 1 response(s) and 2 exception(s):
2024-10-11 15:03:20,866 [s3@group-F860CA578C61-LeaderElection20] INFO  impl.LeaderElection (LeaderElection.java:logAndReturn(94)) -   Response 0: s3<-s4#0:OK-t2
2024-10-11 15:03:20,866 [s3@group-F860CA578C61-LeaderElection20] INFO  impl.LeaderElection (LogUtils.java:infoOrTrace(136)) -   Exception 1: java.util.concurrent.ExecutionException: org.apache.ratis.thirdparty.io.netty.channel.AbstractChannel$AnnotatedConnectException: finishConnect(..) failed: Connection refused: localhost/127.0.0.1:15148
2024-10-11 15:03:20,866 [s3@group-F860CA578C61-LeaderElection20] INFO  impl.LeaderElection (LogUtils.java:infoOrTrace(136)) -   Exception 2: java.util.concurrent.ExecutionException: org.apache.ratis.thirdparty.io.netty.channel.AbstractChannel$AnnotatedConnectException: finishConnect(..) failed: Connection refused: localhost/127.0.0.1:15140
2024-10-11 15:03:20,866 [s3@group-F860CA578C61-LeaderElection20] INFO  impl.LeaderElection (LeaderElection.java:askForVotes(339)) - s3@group-F860CA578C61-LeaderElection20 PRE_VOTE round 79: result TIMEOUT
2024-10-11 15:03:20,866 [s3@group-F860CA578C61-LeaderElection20] INFO  impl.LeaderElection (LeaderElection.java:askForVotes(337)) - s3@group-F860CA578C61-LeaderElection20 PRE_VOTE round 80: submit vote requests at term 2 for conf: {index: 1, cur=peers:[s3|localhost:15152, s4|localhost:15156, s0|localhost:15140, s1|localhost:15144, s2|localhost:15148]|listeners:[], old=null}
2024-10-11 15:03:20,867 [NettyRpcService-workerGroup--thread3] INFO  server.RaftServer$Division (RaftServerImpl.java:requestVote(1443)) - s4@group-F860CA578C61: receive requestVote(PRE_VOTE, s3, group-F860CA578C61, 2, (t:2, i:2))
2024-10-11 15:03:20,867 [NettyRpcService-workerGroup--thread3] INFO  impl.VoteContext (VoteContext.java:log(49)) - s4@group-F860CA578C61-CANDIDATE: accept PRE_VOTE from s3: our priority 0 <= candidate's priority 0
2024-10-11 15:03:20,867 [s3@group-F860CA578C61-LeaderElection20] INFO  impl.LeaderElection (LogUtils.java:infoOrTrace(136)) - s3@group-F860CA578C61-LeaderElection20 got exception when requesting votes: java.util.concurrent.ExecutionException: org.apache.ratis.thirdparty.io.netty.channel.AbstractChannel$AnnotatedConnectException: finishConnect(..) failed: Connection refused: localhost/127.0.0.1:15140
2024-10-11 15:03:20,867 [NettyRpcService-workerGroup--thread3] INFO  server.RaftServer$Division (RaftServerImpl.java:requestVote(1476)) - s4@group-F860CA578C61 replies to PRE_VOTE vote request: s3<-s4#0:OK-t2. Peer's state: s4@group-F860CA578C61:t2, leader=null, voted=s0, raftlog=Memoized:s4@group-F860CA578C61-SegmentedRaftLog:OPENED:c2:last(t:2, i:2), conf=conf: {index: 1, cur=peers:[s3|localhost:15152, s4|localhost:15156, s0|localhost:15140, s1|localhost:15144, s2|localhost:15148]|listeners:[], old=null}
2024-10-11 15:03:20,867 [s3@group-F860CA578C61-LeaderElection20] INFO  impl.LeaderElection (LogUtils.java:infoOrTrace(136)) - s3@group-F860CA578C61-LeaderElection20 got exception when requesting votes: java.util.concurrent.ExecutionException: org.apache.ratis.thirdparty.io.netty.channel.AbstractChannel$AnnotatedConnectException: finishConnect(..) failed: Connection refused: localhost/127.0.0.1:15148
2024-10-11 15:03:20,993 [s4@group-F860CA578C61-LeaderElection19] INFO  impl.LeaderElection (LeaderElection.java:logAndReturn(90)) - s4@group-F860CA578C61-LeaderElection19: PRE_VOTE TIMEOUT received 1 response(s) and 2 exception(s):
2024-10-11 15:03:20,993 [s4@group-F860CA578C61-LeaderElection19] INFO  impl.LeaderElection (LeaderElection.java:logAndReturn(94)) -   Response 0: s4<-s3#0:OK-t2
2024-10-11 15:03:20,993 [s4@group-F860CA578C61-LeaderElection19] INFO  impl.LeaderElection (LogUtils.java:infoOrTrace(136)) -   Exception 1: java.util.concurrent.ExecutionException: org.apache.ratis.thirdparty.io.netty.channel.AbstractChannel$AnnotatedConnectException: finishConnect(..) failed: Connection refused: localhost/127.0.0.1:15148
2024-10-11 15:03:20,994 [s4@group-F860CA578C61-LeaderElection19] INFO  impl.LeaderElection (LogUtils.java:infoOrTrace(136)) -   Exception 2: java.util.concurrent.ExecutionException: org.apache.ratis.thirdparty.io.netty.channel.AbstractChannel$AnnotatedConnectException: finishConnect(..) failed: Connection refused: localhost/127.0.0.1:15140
2024-10-11 15:03:20,994 [s4@group-F860CA578C61-LeaderElection19] INFO  impl.LeaderElection (LeaderElection.java:askForVotes(339)) - s4@group-F860CA578C61-LeaderElection19 PRE_VOTE round 90: result TIMEOUT
2024-10-11 15:03:20,994 [s4@group-F860CA578C61-LeaderElection19] INFO  impl.LeaderElection (LeaderElection.java:askForVotes(337)) - s4@group-F860CA578C61-LeaderElection19 PRE_VOTE round 91: submit vote requests at term 2 for conf: {index: 1, cur=peers:[s3|localhost:15152, s4|localhost:15156, s0|localhost:15140, s1|localhost:15144, s2|localhost:15148]|listeners:[], old=null}
2024-10-11 15:03:20,995 [NettyRpcService-workerGroup--thread3] INFO  server.RaftServer$Division (RaftServerImpl.java:requestVote(1443)) - s3@group-F860CA578C61: receive requestVote(PRE_VOTE, s4, group-F860CA578C61, 2, (t:2, i:2))
2024-10-11 15:03:20,995 [NettyRpcService-workerGroup--thread3] INFO  impl.VoteContext (VoteContext.java:log(49)) - s3@group-F860CA578C61-CANDIDATE: accept PRE_VOTE from s4: our priority 0 <= candidate's priority 0
2024-10-11 15:03:20,995 [NettyRpcService-workerGroup--thread3] INFO  server.RaftServer$Division (RaftServerImpl.java:requestVote(1476)) - s3@group-F860CA578C61 replies to PRE_VOTE vote request: s4<-s3#0:OK-t2. Peer's state: s3@group-F860CA578C61:t2, leader=null, voted=s0, raftlog=Memoized:s3@group-F860CA578C61-SegmentedRaftLog:OPENED:c2:last(t:2, i:2), conf=conf: {index: 1, cur=peers:[s3|localhost:15152, s4|localhost:15156, s0|localhost:15140, s1|localhost:15144, s2|localhost:15148]|listeners:[], old=null}
2024-10-11 15:03:20,995 [s4@group-F860CA578C61-LeaderElection19] INFO  impl.LeaderElection (LogUtils.java:infoOrTrace(136)) - s4@group-F860CA578C61-LeaderElection19 got exception when requesting votes: java.util.concurrent.ExecutionException: org.apache.ratis.thirdparty.io.netty.channel.AbstractChannel$AnnotatedConnectException: finishConnect(..) failed: Connection refused: localhost/127.0.0.1:15140
2024-10-11 15:03:20,995 [s4@group-F860CA578C61-LeaderElection19] INFO  impl.LeaderElection (LogUtils.java:infoOrTrace(136)) - s4@group-F860CA578C61-LeaderElection19 got exception when requesting votes: java.util.concurrent.ExecutionException: org.apache.ratis.thirdparty.io.netty.channel.AbstractChannel$AnnotatedConnectException: finishConnect(..) failed: Connection refused: localhost/127.0.0.1:15148
2024-10-11 15:03:21,001 [main] WARN  ratis.RaftTestUtil (RaftTestUtil.java:lambda$waitForLeader$3(126)) - Attempt #46 failed: java.lang.IllegalStateException: No leader yet : printing ALL groups
  s3:  RUNNING CANDIDATE s3@group-F860CA578C61:t2, leader=null, voted=s0, raftlog=Memoized:s3@group-F860CA578C61-SegmentedRaftLog:OPENED:c2:last(t:2, i:2), conf=conf: {index: 1, cur=peers:[s3|localhost:15152, s4|localhost:15156, s0|localhost:15140, s1|localhost:15144, s2|localhost:15148]|listeners:[], old=null} RUNNING
  s4:  RUNNING CANDIDATE s4@group-F860CA578C61:t2, leader=null, voted=s0, raftlog=Memoized:s4@group-F860CA578C61-SegmentedRaftLog:OPENED:c2:last(t:2, i:2), conf=conf: {index: 1, cur=peers:[s3|localhost:15152, s4|localhost:15156, s0|localhost:15140, s1|localhost:15144, s2|localhost:15148]|listeners:[], old=null} RUNNING
  s0:   CLOSED    LEADER s0@group-F860CA578C61:t2, leader=s0, voted=s0, raftlog=Memoized:s0@group-F860CA578C61-SegmentedRaftLog:CLOSED:c2, conf=conf: {index: 1, cur=peers:[s3|localhost:15152, s4|localhost:15156, s0|localhost:15140, s1|localhost:15144, s2|localhost:15148]|listeners:[], old=null} CLOSED
  s1:  RUNNING  FOLLOWER s1@group-F860CA578C61:t1, leader=null, voted=null, raftlog=Memoized:s1@group-F860CA578C61-SegmentedRaftLog:OPENED:c-1:lastnull, conf=conf: {index: -1, cur=peers:[s3|localhost:15152, s4|localhost:15156, s0|localhost:15140, s1|localhost:15144, s2|localhost:15148]|listeners:[], old=null} RUNNING
  s2:   CLOSED    LEADER s2@group-F860CA578C61:t1, leader=s2, voted=s2, raftlog=Memoized:s2@group-F860CA578C61-SegmentedRaftLog:CLOSED:c0, conf=conf: {index: 0, cur=peers:[s3|localhost:15152, s4|localhost:15156, s0|localhost:15140, s1|localhost:15144, s2|localhost:15148]|listeners:[], old=null} CLOSED
2024-10-11 15:03:21,080 [s3@group-F860CA578C61-LeaderElection20] INFO  impl.LeaderElection (LeaderElection.java:logAndReturn(90)) - s3@group-F860CA578C61-LeaderElection20: PRE_VOTE TIMEOUT received 1 response(s) and 2 exception(s):
2024-10-11 15:03:21,080 [s3@group-F860CA578C61-LeaderElection20] INFO  impl.LeaderElection (LeaderElection.java:logAndReturn(94)) -   Response 0: s3<-s4#0:OK-t2
2024-10-11 15:03:21,080 [s3@group-F860CA578C61-LeaderElection20] INFO  impl.LeaderElection (LogUtils.java:infoOrTrace(136)) -   Exception 1: java.util.concurrent.ExecutionException: org.apache.ratis.thirdparty.io.netty.channel.AbstractChannel$AnnotatedConnectException: finishConnect(..) failed: Connection refused: localhost/127.0.0.1:15140
2024-10-11 15:03:21,080 [s3@group-F860CA578C61-LeaderElection20] INFO  impl.LeaderElection (LogUtils.java:infoOrTrace(136)) -   Exception 2: java.util.concurrent.ExecutionException: org.apache.ratis.thirdparty.io.netty.channel.AbstractChannel$AnnotatedConnectException: finishConnect(..) failed: Connection refused: localhost/127.0.0.1:15148
2024-10-11 15:03:21,080 [s3@group-F860CA578C61-LeaderElection20] INFO  impl.LeaderElection (LeaderElection.java:askForVotes(339)) - s3@group-F860CA578C61-LeaderElection20 PRE_VOTE round 80: result TIMEOUT
2024-10-11 15:03:21,080 [s3@group-F860CA578C61-LeaderElection20] INFO  impl.LeaderElection (LeaderElection.java:askForVotes(337)) - s3@group-F860CA578C61-LeaderElection20 PRE_VOTE round 81: submit vote requests at term 2 for conf: {index: 1, cur=peers:[s3|localhost:15152, s4|localhost:15156, s0|localhost:15140, s1|localhost:15144, s2|localhost:15148]|listeners:[], old=null}
2024-10-11 15:03:21,081 [NettyRpcService-workerGroup--thread3] INFO  server.RaftServer$Division (RaftServerImpl.java:requestVote(1443)) - s4@group-F860CA578C61: receive requestVote(PRE_VOTE, s3, group-F860CA578C61, 2, (t:2, i:2))
2024-10-11 15:03:21,081 [NettyRpcService-workerGroup--thread3] INFO  impl.VoteContext (VoteContext.java:log(49)) - s4@group-F860CA578C61-CANDIDATE: accept PRE_VOTE from s3: our priority 0 <= candidate's priority 0
2024-10-11 15:03:21,081 [NettyRpcService-workerGroup--thread3] INFO  server.RaftServer$Division (RaftServerImpl.java:requestVote(1476)) - s4@group-F860CA578C61 replies to PRE_VOTE vote request: s3<-s4#0:OK-t2. Peer's state: s4@group-F860CA578C61:t2, leader=null, voted=s0, raftlog=Memoized:s4@group-F860CA578C61-SegmentedRaftLog:OPENED:c2:last(t:2, i:2), conf=conf: {index: 1, cur=peers:[s3|localhost:15152, s4|localhost:15156, s0|localhost:15140, s1|localhost:15144, s2|localhost:15148]|listeners:[], old=null}
2024-10-11 15:03:21,082 [s3@group-F860CA578C61-LeaderElection20] INFO  impl.LeaderElection (LogUtils.java:infoOrTrace(136)) - s3@group-F860CA578C61-LeaderElection20 got exception when requesting votes: java.util.concurrent.ExecutionException: org.apache.ratis.thirdparty.io.netty.channel.AbstractChannel$AnnotatedConnectException: finishConnect(..) failed: Connection refused: localhost/127.0.0.1:15140
2024-10-11 15:03:21,082 [s3@group-F860CA578C61-LeaderElection20] INFO  impl.LeaderElection (LogUtils.java:infoOrTrace(136)) - s3@group-F860CA578C61-LeaderElection20 got exception when requesting votes: java.util.concurrent.ExecutionException: org.apache.ratis.thirdparty.io.netty.channel.AbstractChannel$AnnotatedConnectException: finishConnect(..) failed: Connection refused: localhost/127.0.0.1:15148
2024-10-11 15:03:21,214 [s4@group-F860CA578C61-LeaderElection19] INFO  impl.LeaderElection (LeaderElection.java:logAndReturn(90)) - s4@group-F860CA578C61-LeaderElection19: PRE_VOTE TIMEOUT received 1 response(s) and 2 exception(s):
2024-10-11 15:03:21,214 [s4@group-F860CA578C61-LeaderElection19] INFO  impl.LeaderElection (LeaderElection.java:logAndReturn(94)) -   Response 0: s4<-s3#0:OK-t2
2024-10-11 15:03:21,214 [s4@group-F860CA578C61-LeaderElection19] INFO  impl.LeaderElection (LogUtils.java:infoOrTrace(136)) -   Exception 1: java.util.concurrent.ExecutionException: org.apache.ratis.thirdparty.io.netty.channel.AbstractChannel$AnnotatedConnectException: finishConnect(..) failed: Connection refused: localhost/127.0.0.1:15140
2024-10-11 15:03:21,214 [s4@group-F860CA578C61-LeaderElection19] INFO  impl.LeaderElection (LogUtils.java:infoOrTrace(136)) -   Exception 2: java.util.concurrent.ExecutionException: org.apache.ratis.thirdparty.io.netty.channel.AbstractChannel$AnnotatedConnectException: finishConnect(..) failed: Connection refused: localhost/127.0.0.1:15148
2024-10-11 15:03:21,214 [s4@group-F860CA578C61-LeaderElection19] INFO  impl.LeaderElection (LeaderElection.java:askForVotes(339)) - s4@group-F860CA578C61-LeaderElection19 PRE_VOTE round 91: result TIMEOUT
2024-10-11 15:03:21,214 [s4@group-F860CA578C61-LeaderElection19] INFO  impl.LeaderElection (LeaderElection.java:askForVotes(337)) - s4@group-F860CA578C61-LeaderElection19 PRE_VOTE round 92: submit vote requests at term 2 for conf: {index: 1, cur=peers:[s3|localhost:15152, s4|localhost:15156, s0|localhost:15140, s1|localhost:15144, s2|localhost:15148]|listeners:[], old=null}
2024-10-11 15:03:21,215 [NettyRpcService-workerGroup--thread3] INFO  server.RaftServer$Division (RaftServerImpl.java:requestVote(1443)) - s3@group-F860CA578C61: receive requestVote(PRE_VOTE, s4, group-F860CA578C61, 2, (t:2, i:2))
2024-10-11 15:03:21,215 [NettyRpcService-workerGroup--thread3] INFO  impl.VoteContext (VoteContext.java:log(49)) - s3@group-F860CA578C61-CANDIDATE: accept PRE_VOTE from s4: our priority 0 <= candidate's priority 0
2024-10-11 15:03:21,215 [NettyRpcService-workerGroup--thread3] INFO  server.RaftServer$Division (RaftServerImpl.java:requestVote(1476)) - s3@group-F860CA578C61 replies to PRE_VOTE vote request: s4<-s3#0:OK-t2. Peer's state: s3@group-F860CA578C61:t2, leader=null, voted=s0, raftlog=Memoized:s3@group-F860CA578C61-SegmentedRaftLog:OPENED:c2:last(t:2, i:2), conf=conf: {index: 1, cur=peers:[s3|localhost:15152, s4|localhost:15156, s0|localhost:15140, s1|localhost:15144, s2|localhost:15148]|listeners:[], old=null}
2024-10-11 15:03:21,215 [s4@group-F860CA578C61-LeaderElection19] INFO  impl.LeaderElection (LogUtils.java:infoOrTrace(136)) - s4@group-F860CA578C61-LeaderElection19 got exception when requesting votes: java.util.concurrent.ExecutionException: org.apache.ratis.thirdparty.io.netty.channel.AbstractChannel$AnnotatedConnectException: finishConnect(..) failed: Connection refused: localhost/127.0.0.1:15148
2024-10-11 15:03:21,217 [s4@group-F860CA578C61-LeaderElection19] INFO  impl.LeaderElection (LogUtils.java:infoOrTrace(136)) - s4@group-F860CA578C61-LeaderElection19 got exception when requesting votes: java.util.concurrent.ExecutionException: org.apache.ratis.thirdparty.io.netty.channel.AbstractChannel$AnnotatedConnectException: finishConnect(..) failed: Connection refused: localhost/127.0.0.1:15140
2024-10-11 15:03:21,273 [s3@group-F860CA578C61-LeaderElection20] INFO  impl.LeaderElection (LeaderElection.java:logAndReturn(90)) - s3@group-F860CA578C61-LeaderElection20: PRE_VOTE TIMEOUT received 1 response(s) and 2 exception(s):
2024-10-11 15:03:21,273 [s3@group-F860CA578C61-LeaderElection20] INFO  impl.LeaderElection (LeaderElection.java:logAndReturn(94)) -   Response 0: s3<-s4#0:OK-t2
2024-10-11 15:03:21,273 [s3@group-F860CA578C61-LeaderElection20] INFO  impl.LeaderElection (LogUtils.java:infoOrTrace(136)) -   Exception 1: java.util.concurrent.ExecutionException: org.apache.ratis.thirdparty.io.netty.channel.AbstractChannel$AnnotatedConnectException: finishConnect(..) failed: Connection refused: localhost/127.0.0.1:15140
2024-10-11 15:03:21,273 [s3@group-F860CA578C61-LeaderElection20] INFO  impl.LeaderElection (LogUtils.java:infoOrTrace(136)) -   Exception 2: java.util.concurrent.ExecutionException: org.apache.ratis.thirdparty.io.netty.channel.AbstractChannel$AnnotatedConnectException: finishConnect(..) failed: Connection refused: localhost/127.0.0.1:15148
2024-10-11 15:03:21,273 [s3@group-F860CA578C61-LeaderElection20] INFO  impl.LeaderElection (LeaderElection.java:askForVotes(339)) - s3@group-F860CA578C61-LeaderElection20 PRE_VOTE round 81: result TIMEOUT
2024-10-11 15:03:21,273 [s3@group-F860CA578C61-LeaderElection20] INFO  impl.LeaderElection (LeaderElection.java:askForVotes(337)) - s3@group-F860CA578C61-LeaderElection20 PRE_VOTE round 82: submit vote requests at term 2 for conf: {index: 1, cur=peers:[s3|localhost:15152, s4|localhost:15156, s0|localhost:15140, s1|localhost:15144, s2|localhost:15148]|listeners:[], old=null}
2024-10-11 15:03:21,274 [NettyRpcService-workerGroup--thread3] INFO  server.RaftServer$Division (RaftServerImpl.java:requestVote(1443)) - s4@group-F860CA578C61: receive requestVote(PRE_VOTE, s3, group-F860CA578C61, 2, (t:2, i:2))
2024-10-11 15:03:21,274 [NettyRpcService-workerGroup--thread3] INFO  impl.VoteContext (VoteContext.java:log(49)) - s4@group-F860CA578C61-CANDIDATE: accept PRE_VOTE from s3: our priority 0 <= candidate's priority 0
2024-10-11 15:03:21,274 [s3@group-F860CA578C61-LeaderElection20] INFO  impl.LeaderElection (LogUtils.java:infoOrTrace(136)) - s3@group-F860CA578C61-LeaderElection20 got exception when requesting votes: java.util.concurrent.ExecutionException: org.apache.ratis.thirdparty.io.netty.channel.AbstractChannel$AnnotatedConnectException: finishConnect(..) failed: Connection refused: localhost/127.0.0.1:15140
2024-10-11 15:03:21,274 [NettyRpcService-workerGroup--thread3] INFO  server.RaftServer$Division (RaftServerImpl.java:requestVote(1476)) - s4@group-F860CA578C61 replies to PRE_VOTE vote request: s3<-s4#0:OK-t2. Peer's state: s4@group-F860CA578C61:t2, leader=null, voted=s0, raftlog=Memoized:s4@group-F860CA578C61-SegmentedRaftLog:OPENED:c2:last(t:2, i:2), conf=conf: {index: 1, cur=peers:[s3|localhost:15152, s4|localhost:15156, s0|localhost:15140, s1|localhost:15144, s2|localhost:15148]|listeners:[], old=null}
2024-10-11 15:03:21,275 [s3@group-F860CA578C61-LeaderElection20] INFO  impl.LeaderElection (LogUtils.java:infoOrTrace(136)) - s3@group-F860CA578C61-LeaderElection20 got exception when requesting votes: java.util.concurrent.ExecutionException: org.apache.ratis.thirdparty.io.netty.channel.AbstractChannel$AnnotatedConnectException: finishConnect(..) failed: Connection refused: localhost/127.0.0.1:15148
2024-10-11 15:03:21,452 [main] WARN  ratis.RaftTestUtil (RaftTestUtil.java:lambda$waitForLeader$3(126)) - Attempt #47 failed: java.lang.IllegalStateException: No leader yet : printing ALL groups
  s3:  RUNNING CANDIDATE s3@group-F860CA578C61:t2, leader=null, voted=s0, raftlog=Memoized:s3@group-F860CA578C61-SegmentedRaftLog:OPENED:c2:last(t:2, i:2), conf=conf: {index: 1, cur=peers:[s3|localhost:15152, s4|localhost:15156, s0|localhost:15140, s1|localhost:15144, s2|localhost:15148]|listeners:[], old=null} RUNNING
  s4:  RUNNING CANDIDATE s4@group-F860CA578C61:t2, leader=null, voted=s0, raftlog=Memoized:s4@group-F860CA578C61-SegmentedRaftLog:OPENED:c2:last(t:2, i:2), conf=conf: {index: 1, cur=peers:[s3|localhost:15152, s4|localhost:15156, s0|localhost:15140, s1|localhost:15144, s2|localhost:15148]|listeners:[], old=null} RUNNING
  s0:   CLOSED    LEADER s0@group-F860CA578C61:t2, leader=s0, voted=s0, raftlog=Memoized:s0@group-F860CA578C61-SegmentedRaftLog:CLOSED:c2, conf=conf: {index: 1, cur=peers:[s3|localhost:15152, s4|localhost:15156, s0|localhost:15140, s1|localhost:15144, s2|localhost:15148]|listeners:[], old=null} CLOSED
  s1:  RUNNING  FOLLOWER s1@group-F860CA578C61:t1, leader=null, voted=null, raftlog=Memoized:s1@group-F860CA578C61-SegmentedRaftLog:OPENED:c-1:lastnull, conf=conf: {index: -1, cur=peers:[s3|localhost:15152, s4|localhost:15156, s0|localhost:15140, s1|localhost:15144, s2|localhost:15148]|listeners:[], old=null} RUNNING
  s2:   CLOSED    LEADER s2@group-F860CA578C61:t1, leader=s2, voted=s2, raftlog=Memoized:s2@group-F860CA578C61-SegmentedRaftLog:CLOSED:c0, conf=conf: {index: 0, cur=peers:[s3|localhost:15152, s4|localhost:15156, s0|localhost:15140, s1|localhost:15144, s2|localhost:15148]|listeners:[], old=null} CLOSED
2024-10-11 15:03:21,499 [s3@group-F860CA578C61-LeaderElection20] INFO  impl.LeaderElection (LeaderElection.java:logAndReturn(90)) - s3@group-F860CA578C61-LeaderElection20: PRE_VOTE TIMEOUT received 1 response(s) and 2 exception(s):
2024-10-11 15:03:21,499 [s3@group-F860CA578C61-LeaderElection20] INFO  impl.LeaderElection (LeaderElection.java:logAndReturn(94)) -   Response 0: s3<-s4#0:OK-t2
2024-10-11 15:03:21,499 [s3@group-F860CA578C61-LeaderElection20] INFO  impl.LeaderElection (LogUtils.java:infoOrTrace(136)) -   Exception 1: java.util.concurrent.ExecutionException: org.apache.ratis.thirdparty.io.netty.channel.AbstractChannel$AnnotatedConnectException: finishConnect(..) failed: Connection refused: localhost/127.0.0.1:15140
2024-10-11 15:03:21,499 [s3@group-F860CA578C61-LeaderElection20] INFO  impl.LeaderElection (LogUtils.java:infoOrTrace(136)) -   Exception 2: java.util.concurrent.ExecutionException: org.apache.ratis.thirdparty.io.netty.channel.AbstractChannel$AnnotatedConnectException: finishConnect(..) failed: Connection refused: localhost/127.0.0.1:15148
2024-10-11 15:03:21,499 [s3@group-F860CA578C61-LeaderElection20] INFO  impl.LeaderElection (LeaderElection.java:askForVotes(339)) - s3@group-F860CA578C61-LeaderElection20 PRE_VOTE round 82: result TIMEOUT
2024-10-11 15:03:21,499 [s3@group-F860CA578C61-LeaderElection20] INFO  impl.LeaderElection (LeaderElection.java:askForVotes(337)) - s3@group-F860CA578C61-LeaderElection20 PRE_VOTE round 83: submit vote requests at term 2 for conf: {index: 1, cur=peers:[s3|localhost:15152, s4|localhost:15156, s0|localhost:15140, s1|localhost:15144, s2|localhost:15148]|listeners:[], old=null}
2024-10-11 15:03:21,500 [NettyRpcService-workerGroup--thread3] INFO  server.RaftServer$Division (RaftServerImpl.java:requestVote(1443)) - s4@group-F860CA578C61: receive requestVote(PRE_VOTE, s3, group-F860CA578C61, 2, (t:2, i:2))
2024-10-11 15:03:21,501 [NettyRpcService-workerGroup--thread3] INFO  impl.VoteContext (VoteContext.java:log(49)) - s4@group-F860CA578C61-CANDIDATE: accept PRE_VOTE from s3: our priority 0 <= candidate's priority 0
2024-10-11 15:03:21,501 [s3@group-F860CA578C61-LeaderElection20] INFO  impl.LeaderElection (LogUtils.java:infoOrTrace(136)) - s3@group-F860CA578C61-LeaderElection20 got exception when requesting votes: java.util.concurrent.ExecutionException: org.apache.ratis.thirdparty.io.netty.channel.AbstractChannel$AnnotatedConnectException: finishConnect(..) failed: Connection refused: localhost/127.0.0.1:15140
2024-10-11 15:03:21,501 [s3@group-F860CA578C61-LeaderElection20] INFO  impl.LeaderElection (LogUtils.java:infoOrTrace(136)) - s3@group-F860CA578C61-LeaderElection20 got exception when requesting votes: java.util.concurrent.ExecutionException: org.apache.ratis.thirdparty.io.netty.channel.AbstractChannel$AnnotatedConnectException: finishConnect(..) failed: Connection refused: localhost/127.0.0.1:15148
2024-10-11 15:03:21,501 [NettyRpcService-workerGroup--thread3] INFO  server.RaftServer$Division (RaftServerImpl.java:requestVote(1476)) - s4@group-F860CA578C61 replies to PRE_VOTE vote request: s3<-s4#0:OK-t2. Peer's state: s4@group-F860CA578C61:t2, leader=null, voted=s0, raftlog=Memoized:s4@group-F860CA578C61-SegmentedRaftLog:OPENED:c2:last(t:2, i:2), conf=conf: {index: 1, cur=peers:[s3|localhost:15152, s4|localhost:15156, s0|localhost:15140, s1|localhost:15144, s2|localhost:15148]|listeners:[], old=null}
2024-10-11 15:03:21,510 [s4@group-F860CA578C61-LeaderElection19] INFO  impl.LeaderElection (LeaderElection.java:logAndReturn(90)) - s4@group-F860CA578C61-LeaderElection19: PRE_VOTE TIMEOUT received 1 response(s) and 2 exception(s):
2024-10-11 15:03:21,510 [s4@group-F860CA578C61-LeaderElection19] INFO  impl.LeaderElection (LeaderElection.java:logAndReturn(94)) -   Response 0: s4<-s3#0:OK-t2
2024-10-11 15:03:21,510 [s4@group-F860CA578C61-LeaderElection19] INFO  impl.LeaderElection (LogUtils.java:infoOrTrace(136)) -   Exception 1: java.util.concurrent.ExecutionException: org.apache.ratis.thirdparty.io.netty.channel.AbstractChannel$AnnotatedConnectException: finishConnect(..) failed: Connection refused: localhost/127.0.0.1:15148
2024-10-11 15:03:21,510 [s4@group-F860CA578C61-LeaderElection19] INFO  impl.LeaderElection (LogUtils.java:infoOrTrace(136)) -   Exception 2: java.util.concurrent.ExecutionException: org.apache.ratis.thirdparty.io.netty.channel.AbstractChannel$AnnotatedConnectException: finishConnect(..) failed: Connection refused: localhost/127.0.0.1:15140
2024-10-11 15:03:21,510 [s4@group-F860CA578C61-LeaderElection19] INFO  impl.LeaderElection (LeaderElection.java:askForVotes(339)) - s4@group-F860CA578C61-LeaderElection19 PRE_VOTE round 92: result TIMEOUT
2024-10-11 15:03:21,510 [s4@group-F860CA578C61-LeaderElection19] INFO  impl.LeaderElection (LeaderElection.java:askForVotes(337)) - s4@group-F860CA578C61-LeaderElection19 PRE_VOTE round 93: submit vote requests at term 2 for conf: {index: 1, cur=peers:[s3|localhost:15152, s4|localhost:15156, s0|localhost:15140, s1|localhost:15144, s2|localhost:15148]|listeners:[], old=null}
2024-10-11 15:03:21,511 [NettyRpcService-workerGroup--thread3] INFO  server.RaftServer$Division (RaftServerImpl.java:requestVote(1443)) - s3@group-F860CA578C61: receive requestVote(PRE_VOTE, s4, group-F860CA578C61, 2, (t:2, i:2))
2024-10-11 15:03:21,511 [NettyRpcService-workerGroup--thread3] INFO  impl.VoteContext (VoteContext.java:log(49)) - s3@group-F860CA578C61-CANDIDATE: accept PRE_VOTE from s4: our priority 0 <= candidate's priority 0
2024-10-11 15:03:21,511 [NettyRpcService-workerGroup--thread3] INFO  server.RaftServer$Division (RaftServerImpl.java:requestVote(1476)) - s3@group-F860CA578C61 replies to PRE_VOTE vote request: s4<-s3#0:OK-t2. Peer's state: s3@group-F860CA578C61:t2, leader=null, voted=s0, raftlog=Memoized:s3@group-F860CA578C61-SegmentedRaftLog:OPENED:c2:last(t:2, i:2), conf=conf: {index: 1, cur=peers:[s3|localhost:15152, s4|localhost:15156, s0|localhost:15140, s1|localhost:15144, s2|localhost:15148]|listeners:[], old=null}
2024-10-11 15:03:21,511 [s4@group-F860CA578C61-LeaderElection19] INFO  impl.LeaderElection (LogUtils.java:infoOrTrace(136)) - s4@group-F860CA578C61-LeaderElection19 got exception when requesting votes: java.util.concurrent.ExecutionException: org.apache.ratis.thirdparty.io.netty.channel.AbstractChannel$AnnotatedConnectException: finishConnect(..) failed: Connection refused: localhost/127.0.0.1:15148
2024-10-11 15:03:21,512 [s4@group-F860CA578C61-LeaderElection19] INFO  impl.LeaderElection (LogUtils.java:infoOrTrace(136)) - s4@group-F860CA578C61-LeaderElection19 got exception when requesting votes: java.util.concurrent.ExecutionException: org.apache.ratis.thirdparty.io.netty.channel.AbstractChannel$AnnotatedConnectException: finishConnect(..) failed: Connection refused: localhost/127.0.0.1:15140
2024-10-11 15:03:21,746 [s4@group-F860CA578C61-LeaderElection19] INFO  impl.LeaderElection (LeaderElection.java:logAndReturn(90)) - s4@group-F860CA578C61-LeaderElection19: PRE_VOTE TIMEOUT received 1 response(s) and 2 exception(s):
2024-10-11 15:03:21,746 [s4@group-F860CA578C61-LeaderElection19] INFO  impl.LeaderElection (LeaderElection.java:logAndReturn(94)) -   Response 0: s4<-s3#0:OK-t2
2024-10-11 15:03:21,746 [s4@group-F860CA578C61-LeaderElection19] INFO  impl.LeaderElection (LogUtils.java:infoOrTrace(136)) -   Exception 1: java.util.concurrent.ExecutionException: org.apache.ratis.thirdparty.io.netty.channel.AbstractChannel$AnnotatedConnectException: finishConnect(..) failed: Connection refused: localhost/127.0.0.1:15148
2024-10-11 15:03:21,746 [s4@group-F860CA578C61-LeaderElection19] INFO  impl.LeaderElection (LogUtils.java:infoOrTrace(136)) -   Exception 2: java.util.concurrent.ExecutionException: org.apache.ratis.thirdparty.io.netty.channel.AbstractChannel$AnnotatedConnectException: finishConnect(..) failed: Connection refused: localhost/127.0.0.1:15140
2024-10-11 15:03:21,746 [s4@group-F860CA578C61-LeaderElection19] INFO  impl.LeaderElection (LeaderElection.java:askForVotes(339)) - s4@group-F860CA578C61-LeaderElection19 PRE_VOTE round 93: result TIMEOUT
2024-10-11 15:03:21,746 [s4@group-F860CA578C61-LeaderElection19] INFO  impl.LeaderElection (LeaderElection.java:askForVotes(337)) - s4@group-F860CA578C61-LeaderElection19 PRE_VOTE round 94: submit vote requests at term 2 for conf: {index: 1, cur=peers:[s3|localhost:15152, s4|localhost:15156, s0|localhost:15140, s1|localhost:15144, s2|localhost:15148]|listeners:[], old=null}
2024-10-11 15:03:21,747 [NettyRpcService-workerGroup--thread3] INFO  server.RaftServer$Division (RaftServerImpl.java:requestVote(1443)) - s3@group-F860CA578C61: receive requestVote(PRE_VOTE, s4, group-F860CA578C61, 2, (t:2, i:2))
2024-10-11 15:03:21,747 [NettyRpcService-workerGroup--thread3] INFO  impl.VoteContext (VoteContext.java:log(49)) - s3@group-F860CA578C61-CANDIDATE: accept PRE_VOTE from s4: our priority 0 <= candidate's priority 0
2024-10-11 15:03:21,747 [NettyRpcService-workerGroup--thread3] INFO  server.RaftServer$Division (RaftServerImpl.java:requestVote(1476)) - s3@group-F860CA578C61 replies to PRE_VOTE vote request: s4<-s3#0:OK-t2. Peer's state: s3@group-F860CA578C61:t2, leader=null, voted=s0, raftlog=Memoized:s3@group-F860CA578C61-SegmentedRaftLog:OPENED:c2:last(t:2, i:2), conf=conf: {index: 1, cur=peers:[s3|localhost:15152, s4|localhost:15156, s0|localhost:15140, s1|localhost:15144, s2|localhost:15148]|listeners:[], old=null}
2024-10-11 15:03:21,747 [s4@group-F860CA578C61-LeaderElection19] INFO  impl.LeaderElection (LogUtils.java:infoOrTrace(136)) - s4@group-F860CA578C61-LeaderElection19 got exception when requesting votes: java.util.concurrent.ExecutionException: org.apache.ratis.thirdparty.io.netty.channel.AbstractChannel$AnnotatedConnectException: finishConnect(..) failed: Connection refused: localhost/127.0.0.1:15148
2024-10-11 15:03:21,747 [s4@group-F860CA578C61-LeaderElection19] INFO  impl.LeaderElection (LogUtils.java:infoOrTrace(136)) - s4@group-F860CA578C61-LeaderElection19 got exception when requesting votes: java.util.concurrent.ExecutionException: org.apache.ratis.thirdparty.io.netty.channel.AbstractChannel$AnnotatedConnectException: finishConnect(..) failed: Connection refused: localhost/127.0.0.1:15140
2024-10-11 15:03:21,783 [s3@group-F860CA578C61-LeaderElection20] INFO  impl.LeaderElection (LeaderElection.java:logAndReturn(90)) - s3@group-F860CA578C61-LeaderElection20: PRE_VOTE TIMEOUT received 1 response(s) and 2 exception(s):
2024-10-11 15:03:21,783 [s3@group-F860CA578C61-LeaderElection20] INFO  impl.LeaderElection (LeaderElection.java:logAndReturn(94)) -   Response 0: s3<-s4#0:OK-t2
2024-10-11 15:03:21,783 [s3@group-F860CA578C61-LeaderElection20] INFO  impl.LeaderElection (LogUtils.java:infoOrTrace(136)) -   Exception 1: java.util.concurrent.ExecutionException: org.apache.ratis.thirdparty.io.netty.channel.AbstractChannel$AnnotatedConnectException: finishConnect(..) failed: Connection refused: localhost/127.0.0.1:15140
2024-10-11 15:03:21,783 [s3@group-F860CA578C61-LeaderElection20] INFO  impl.LeaderElection (LogUtils.java:infoOrTrace(136)) -   Exception 2: java.util.concurrent.ExecutionException: org.apache.ratis.thirdparty.io.netty.channel.AbstractChannel$AnnotatedConnectException: finishConnect(..) failed: Connection refused: localhost/127.0.0.1:15148
2024-10-11 15:03:21,784 [s3@group-F860CA578C61-LeaderElection20] INFO  impl.LeaderElection (LeaderElection.java:askForVotes(339)) - s3@group-F860CA578C61-LeaderElection20 PRE_VOTE round 83: result TIMEOUT
2024-10-11 15:03:21,784 [s3@group-F860CA578C61-LeaderElection20] INFO  impl.LeaderElection (LeaderElection.java:askForVotes(337)) - s3@group-F860CA578C61-LeaderElection20 PRE_VOTE round 84: submit vote requests at term 2 for conf: {index: 1, cur=peers:[s3|localhost:15152, s4|localhost:15156, s0|localhost:15140, s1|localhost:15144, s2|localhost:15148]|listeners:[], old=null}
2024-10-11 15:03:21,784 [NettyRpcService-workerGroup--thread3] INFO  server.RaftServer$Division (RaftServerImpl.java:requestVote(1443)) - s4@group-F860CA578C61: receive requestVote(PRE_VOTE, s3, group-F860CA578C61, 2, (t:2, i:2))
2024-10-11 15:03:21,784 [NettyRpcService-workerGroup--thread3] INFO  impl.VoteContext (VoteContext.java:log(49)) - s4@group-F860CA578C61-CANDIDATE: accept PRE_VOTE from s3: our priority 0 <= candidate's priority 0
2024-10-11 15:03:21,785 [NettyRpcService-workerGroup--thread3] INFO  server.RaftServer$Division (RaftServerImpl.java:requestVote(1476)) - s4@group-F860CA578C61 replies to PRE_VOTE vote request: s3<-s4#0:OK-t2. Peer's state: s4@group-F860CA578C61:t2, leader=null, voted=s0, raftlog=Memoized:s4@group-F860CA578C61-SegmentedRaftLog:OPENED:c2:last(t:2, i:2), conf=conf: {index: 1, cur=peers:[s3|localhost:15152, s4|localhost:15156, s0|localhost:15140, s1|localhost:15144, s2|localhost:15148]|listeners:[], old=null}
2024-10-11 15:03:21,785 [s3@group-F860CA578C61-LeaderElection20] INFO  impl.LeaderElection (LogUtils.java:infoOrTrace(136)) - s3@group-F860CA578C61-LeaderElection20 got exception when requesting votes: java.util.concurrent.ExecutionException: org.apache.ratis.thirdparty.io.netty.channel.AbstractChannel$AnnotatedConnectException: finishConnect(..) failed: Connection refused: localhost/127.0.0.1:15140
2024-10-11 15:03:21,785 [s3@group-F860CA578C61-LeaderElection20] INFO  impl.LeaderElection (LogUtils.java:infoOrTrace(136)) - s3@group-F860CA578C61-LeaderElection20 got exception when requesting votes: java.util.concurrent.ExecutionException: org.apache.ratis.thirdparty.io.netty.channel.AbstractChannel$AnnotatedConnectException: finishConnect(..) failed: Connection refused: localhost/127.0.0.1:15148
2024-10-11 15:03:21,902 [main] WARN  ratis.RaftTestUtil (RaftTestUtil.java:lambda$waitForLeader$3(126)) - Attempt #48 failed: java.lang.IllegalStateException: No leader yet : printing ALL groups
  s3:  RUNNING CANDIDATE s3@group-F860CA578C61:t2, leader=null, voted=s0, raftlog=Memoized:s3@group-F860CA578C61-SegmentedRaftLog:OPENED:c2:last(t:2, i:2), conf=conf: {index: 1, cur=peers:[s3|localhost:15152, s4|localhost:15156, s0|localhost:15140, s1|localhost:15144, s2|localhost:15148]|listeners:[], old=null} RUNNING
  s4:  RUNNING CANDIDATE s4@group-F860CA578C61:t2, leader=null, voted=s0, raftlog=Memoized:s4@group-F860CA578C61-SegmentedRaftLog:OPENED:c2:last(t:2, i:2), conf=conf: {index: 1, cur=peers:[s3|localhost:15152, s4|localhost:15156, s0|localhost:15140, s1|localhost:15144, s2|localhost:15148]|listeners:[], old=null} RUNNING
  s0:   CLOSED    LEADER s0@group-F860CA578C61:t2, leader=s0, voted=s0, raftlog=Memoized:s0@group-F860CA578C61-SegmentedRaftLog:CLOSED:c2, conf=conf: {index: 1, cur=peers:[s3|localhost:15152, s4|localhost:15156, s0|localhost:15140, s1|localhost:15144, s2|localhost:15148]|listeners:[], old=null} CLOSED
  s1:  RUNNING  FOLLOWER s1@group-F860CA578C61:t1, leader=null, voted=null, raftlog=Memoized:s1@group-F860CA578C61-SegmentedRaftLog:OPENED:c-1:lastnull, conf=conf: {index: -1, cur=peers:[s3|localhost:15152, s4|localhost:15156, s0|localhost:15140, s1|localhost:15144, s2|localhost:15148]|listeners:[], old=null} RUNNING
  s2:   CLOSED    LEADER s2@group-F860CA578C61:t1, leader=s2, voted=s2, raftlog=Memoized:s2@group-F860CA578C61-SegmentedRaftLog:CLOSED:c0, conf=conf: {index: 0, cur=peers:[s3|localhost:15152, s4|localhost:15156, s0|localhost:15140, s1|localhost:15144, s2|localhost:15148]|listeners:[], old=null} CLOSED
2024-10-11 15:03:21,943 [s3@group-F860CA578C61-LeaderElection20] INFO  impl.LeaderElection (LeaderElection.java:logAndReturn(90)) - s3@group-F860CA578C61-LeaderElection20: PRE_VOTE TIMEOUT received 1 response(s) and 2 exception(s):
2024-10-11 15:03:21,943 [s3@group-F860CA578C61-LeaderElection20] INFO  impl.LeaderElection (LeaderElection.java:logAndReturn(94)) -   Response 0: s3<-s4#0:OK-t2
2024-10-11 15:03:21,943 [s3@group-F860CA578C61-LeaderElection20] INFO  impl.LeaderElection (LogUtils.java:infoOrTrace(136)) -   Exception 1: java.util.concurrent.ExecutionException: org.apache.ratis.thirdparty.io.netty.channel.AbstractChannel$AnnotatedConnectException: finishConnect(..) failed: Connection refused: localhost/127.0.0.1:15140
2024-10-11 15:03:21,943 [s3@group-F860CA578C61-LeaderElection20] INFO  impl.LeaderElection (LogUtils.java:infoOrTrace(136)) -   Exception 2: java.util.concurrent.ExecutionException: org.apache.ratis.thirdparty.io.netty.channel.AbstractChannel$AnnotatedConnectException: finishConnect(..) failed: Connection refused: localhost/127.0.0.1:15148
2024-10-11 15:03:21,944 [s3@group-F860CA578C61-LeaderElection20] INFO  impl.LeaderElection (LeaderElection.java:askForVotes(339)) - s3@group-F860CA578C61-LeaderElection20 PRE_VOTE round 84: result TIMEOUT
2024-10-11 15:03:21,944 [s3@group-F860CA578C61-LeaderElection20] INFO  impl.LeaderElection (LeaderElection.java:askForVotes(337)) - s3@group-F860CA578C61-LeaderElection20 PRE_VOTE round 85: submit vote requests at term 2 for conf: {index: 1, cur=peers:[s3|localhost:15152, s4|localhost:15156, s0|localhost:15140, s1|localhost:15144, s2|localhost:15148]|listeners:[], old=null}
2024-10-11 15:03:21,945 [NettyRpcService-workerGroup--thread3] INFO  server.RaftServer$Division (RaftServerImpl.java:requestVote(1443)) - s4@group-F860CA578C61: receive requestVote(PRE_VOTE, s3, group-F860CA578C61, 2, (t:2, i:2))
2024-10-11 15:03:21,945 [NettyRpcService-workerGroup--thread3] INFO  impl.VoteContext (VoteContext.java:log(49)) - s4@group-F860CA578C61-CANDIDATE: accept PRE_VOTE from s3: our priority 0 <= candidate's priority 0
2024-10-11 15:03:21,945 [s3@group-F860CA578C61-LeaderElection20] INFO  impl.LeaderElection (LogUtils.java:infoOrTrace(136)) - s3@group-F860CA578C61-LeaderElection20 got exception when requesting votes: java.util.concurrent.ExecutionException: org.apache.ratis.thirdparty.io.netty.channel.AbstractChannel$AnnotatedConnectException: finishConnect(..) failed: Connection refused: localhost/127.0.0.1:15140
2024-10-11 15:03:21,945 [NettyRpcService-workerGroup--thread3] INFO  server.RaftServer$Division (RaftServerImpl.java:requestVote(1476)) - s4@group-F860CA578C61 replies to PRE_VOTE vote request: s3<-s4#0:OK-t2. Peer's state: s4@group-F860CA578C61:t2, leader=null, voted=s0, raftlog=Memoized:s4@group-F860CA578C61-SegmentedRaftLog:OPENED:c2:last(t:2, i:2), conf=conf: {index: 1, cur=peers:[s3|localhost:15152, s4|localhost:15156, s0|localhost:15140, s1|localhost:15144, s2|localhost:15148]|listeners:[], old=null}
2024-10-11 15:03:21,945 [s3@group-F860CA578C61-LeaderElection20] INFO  impl.LeaderElection (LogUtils.java:infoOrTrace(136)) - s3@group-F860CA578C61-LeaderElection20 got exception when requesting votes: java.util.concurrent.ExecutionException: org.apache.ratis.thirdparty.io.netty.channel.AbstractChannel$AnnotatedConnectException: finishConnect(..) failed: Connection refused: localhost/127.0.0.1:15148
2024-10-11 15:03:22,016 [s4@group-F860CA578C61-LeaderElection19] INFO  impl.LeaderElection (LeaderElection.java:logAndReturn(90)) - s4@group-F860CA578C61-LeaderElection19: PRE_VOTE TIMEOUT received 1 response(s) and 2 exception(s):
2024-10-11 15:03:22,016 [s4@group-F860CA578C61-LeaderElection19] INFO  impl.LeaderElection (LeaderElection.java:logAndReturn(94)) -   Response 0: s4<-s3#0:OK-t2
2024-10-11 15:03:22,016 [s4@group-F860CA578C61-LeaderElection19] INFO  impl.LeaderElection (LogUtils.java:infoOrTrace(136)) -   Exception 1: java.util.concurrent.ExecutionException: org.apache.ratis.thirdparty.io.netty.channel.AbstractChannel$AnnotatedConnectException: finishConnect(..) failed: Connection refused: localhost/127.0.0.1:15148
2024-10-11 15:03:22,016 [s4@group-F860CA578C61-LeaderElection19] INFO  impl.LeaderElection (LogUtils.java:infoOrTrace(136)) -   Exception 2: java.util.concurrent.ExecutionException: org.apache.ratis.thirdparty.io.netty.channel.AbstractChannel$AnnotatedConnectException: finishConnect(..) failed: Connection refused: localhost/127.0.0.1:15140
2024-10-11 15:03:22,016 [s4@group-F860CA578C61-LeaderElection19] INFO  impl.LeaderElection (LeaderElection.java:askForVotes(339)) - s4@group-F860CA578C61-LeaderElection19 PRE_VOTE round 94: result TIMEOUT
2024-10-11 15:03:22,016 [s4@group-F860CA578C61-LeaderElection19] INFO  impl.LeaderElection (LeaderElection.java:askForVotes(337)) - s4@group-F860CA578C61-LeaderElection19 PRE_VOTE round 95: submit vote requests at term 2 for conf: {index: 1, cur=peers:[s3|localhost:15152, s4|localhost:15156, s0|localhost:15140, s1|localhost:15144, s2|localhost:15148]|listeners:[], old=null}
2024-10-11 15:03:22,017 [NettyRpcService-workerGroup--thread3] INFO  server.RaftServer$Division (RaftServerImpl.java:requestVote(1443)) - s3@group-F860CA578C61: receive requestVote(PRE_VOTE, s4, group-F860CA578C61, 2, (t:2, i:2))
2024-10-11 15:03:22,017 [NettyRpcService-workerGroup--thread3] INFO  impl.VoteContext (VoteContext.java:log(49)) - s3@group-F860CA578C61-CANDIDATE: accept PRE_VOTE from s4: our priority 0 <= candidate's priority 0
2024-10-11 15:03:22,017 [NettyRpcService-workerGroup--thread3] INFO  server.RaftServer$Division (RaftServerImpl.java:requestVote(1476)) - s3@group-F860CA578C61 replies to PRE_VOTE vote request: s4<-s3#0:OK-t2. Peer's state: s3@group-F860CA578C61:t2, leader=null, voted=s0, raftlog=Memoized:s3@group-F860CA578C61-SegmentedRaftLog:OPENED:c2:last(t:2, i:2), conf=conf: {index: 1, cur=peers:[s3|localhost:15152, s4|localhost:15156, s0|localhost:15140, s1|localhost:15144, s2|localhost:15148]|listeners:[], old=null}
2024-10-11 15:03:22,017 [s4@group-F860CA578C61-LeaderElection19] INFO  impl.LeaderElection (LogUtils.java:infoOrTrace(136)) - s4@group-F860CA578C61-LeaderElection19 got exception when requesting votes: java.util.concurrent.ExecutionException: org.apache.ratis.thirdparty.io.netty.channel.AbstractChannel$AnnotatedConnectException: finishConnect(..) failed: Connection refused: localhost/127.0.0.1:15140
2024-10-11 15:03:22,018 [s4@group-F860CA578C61-LeaderElection19] INFO  impl.LeaderElection (LogUtils.java:infoOrTrace(136)) - s4@group-F860CA578C61-LeaderElection19 got exception when requesting votes: java.util.concurrent.ExecutionException: org.apache.ratis.thirdparty.io.netty.channel.AbstractChannel$AnnotatedConnectException: finishConnect(..) failed: Connection refused: localhost/127.0.0.1:15148
2024-10-11 15:03:22,237 [s3@group-F860CA578C61-LeaderElection20] INFO  impl.LeaderElection (LeaderElection.java:logAndReturn(90)) - s3@group-F860CA578C61-LeaderElection20: PRE_VOTE TIMEOUT received 1 response(s) and 2 exception(s):
2024-10-11 15:03:22,238 [s3@group-F860CA578C61-LeaderElection20] INFO  impl.LeaderElection (LeaderElection.java:logAndReturn(94)) -   Response 0: s3<-s4#0:OK-t2
2024-10-11 15:03:22,238 [s3@group-F860CA578C61-LeaderElection20] INFO  impl.LeaderElection (LogUtils.java:infoOrTrace(136)) -   Exception 1: java.util.concurrent.ExecutionException: org.apache.ratis.thirdparty.io.netty.channel.AbstractChannel$AnnotatedConnectException: finishConnect(..) failed: Connection refused: localhost/127.0.0.1:15140
2024-10-11 15:03:22,238 [s3@group-F860CA578C61-LeaderElection20] INFO  impl.LeaderElection (LogUtils.java:infoOrTrace(136)) -   Exception 2: java.util.concurrent.ExecutionException: org.apache.ratis.thirdparty.io.netty.channel.AbstractChannel$AnnotatedConnectException: finishConnect(..) failed: Connection refused: localhost/127.0.0.1:15148
2024-10-11 15:03:22,238 [s3@group-F860CA578C61-LeaderElection20] INFO  impl.LeaderElection (LeaderElection.java:askForVotes(339)) - s3@group-F860CA578C61-LeaderElection20 PRE_VOTE round 85: result TIMEOUT
2024-10-11 15:03:22,238 [s3@group-F860CA578C61-LeaderElection20] INFO  impl.LeaderElection (LeaderElection.java:askForVotes(337)) - s3@group-F860CA578C61-LeaderElection20 PRE_VOTE round 86: submit vote requests at term 2 for conf: {index: 1, cur=peers:[s3|localhost:15152, s4|localhost:15156, s0|localhost:15140, s1|localhost:15144, s2|localhost:15148]|listeners:[], old=null}
2024-10-11 15:03:22,239 [s3@group-F860CA578C61-LeaderElection20] INFO  impl.LeaderElection (LogUtils.java:infoOrTrace(136)) - s3@group-F860CA578C61-LeaderElection20 got exception when requesting votes: java.util.concurrent.ExecutionException: org.apache.ratis.thirdparty.io.netty.channel.AbstractChannel$AnnotatedConnectException: finishConnect(..) failed: Connection refused: localhost/127.0.0.1:15140
2024-10-11 15:03:22,239 [s3@group-F860CA578C61-LeaderElection20] INFO  impl.LeaderElection (LogUtils.java:infoOrTrace(136)) - s3@group-F860CA578C61-LeaderElection20 got exception when requesting votes: java.util.concurrent.ExecutionException: org.apache.ratis.thirdparty.io.netty.channel.AbstractChannel$AnnotatedConnectException: finishConnect(..) failed: Connection refused: localhost/127.0.0.1:15148
2024-10-11 15:03:22,239 [NettyRpcService-workerGroup--thread3] INFO  server.RaftServer$Division (RaftServerImpl.java:requestVote(1443)) - s4@group-F860CA578C61: receive requestVote(PRE_VOTE, s3, group-F860CA578C61, 2, (t:2, i:2))
2024-10-11 15:03:22,239 [NettyRpcService-workerGroup--thread3] INFO  impl.VoteContext (VoteContext.java:log(49)) - s4@group-F860CA578C61-CANDIDATE: accept PRE_VOTE from s3: our priority 0 <= candidate's priority 0
2024-10-11 15:03:22,240 [NettyRpcService-workerGroup--thread3] INFO  server.RaftServer$Division (RaftServerImpl.java:requestVote(1476)) - s4@group-F860CA578C61 replies to PRE_VOTE vote request: s3<-s4#0:OK-t2. Peer's state: s4@group-F860CA578C61:t2, leader=null, voted=s0, raftlog=Memoized:s4@group-F860CA578C61-SegmentedRaftLog:OPENED:c2:last(t:2, i:2), conf=conf: {index: 1, cur=peers:[s3|localhost:15152, s4|localhost:15156, s0|localhost:15140, s1|localhost:15144, s2|localhost:15148]|listeners:[], old=null}
2024-10-11 15:03:22,244 [s4@group-F860CA578C61-LeaderElection19] INFO  impl.LeaderElection (LeaderElection.java:logAndReturn(90)) - s4@group-F860CA578C61-LeaderElection19: PRE_VOTE TIMEOUT received 1 response(s) and 2 exception(s):
2024-10-11 15:03:22,244 [s4@group-F860CA578C61-LeaderElection19] INFO  impl.LeaderElection (LeaderElection.java:logAndReturn(94)) -   Response 0: s4<-s3#0:OK-t2
2024-10-11 15:03:22,244 [s4@group-F860CA578C61-LeaderElection19] INFO  impl.LeaderElection (LogUtils.java:infoOrTrace(136)) -   Exception 1: java.util.concurrent.ExecutionException: org.apache.ratis.thirdparty.io.netty.channel.AbstractChannel$AnnotatedConnectException: finishConnect(..) failed: Connection refused: localhost/127.0.0.1:15140
2024-10-11 15:03:22,244 [s4@group-F860CA578C61-LeaderElection19] INFO  impl.LeaderElection (LogUtils.java:infoOrTrace(136)) -   Exception 2: java.util.concurrent.ExecutionException: org.apache.ratis.thirdparty.io.netty.channel.AbstractChannel$AnnotatedConnectException: finishConnect(..) failed: Connection refused: localhost/127.0.0.1:15148
2024-10-11 15:03:22,244 [s4@group-F860CA578C61-LeaderElection19] INFO  impl.LeaderElection (LeaderElection.java:askForVotes(339)) - s4@group-F860CA578C61-LeaderElection19 PRE_VOTE round 95: result TIMEOUT
2024-10-11 15:03:22,244 [s4@group-F860CA578C61-LeaderElection19] INFO  impl.LeaderElection (LeaderElection.java:askForVotes(337)) - s4@group-F860CA578C61-LeaderElection19 PRE_VOTE round 96: submit vote requests at term 2 for conf: {index: 1, cur=peers:[s3|localhost:15152, s4|localhost:15156, s0|localhost:15140, s1|localhost:15144, s2|localhost:15148]|listeners:[], old=null}
2024-10-11 15:03:22,245 [NettyRpcService-workerGroup--thread3] INFO  server.RaftServer$Division (RaftServerImpl.java:requestVote(1443)) - s3@group-F860CA578C61: receive requestVote(PRE_VOTE, s4, group-F860CA578C61, 2, (t:2, i:2))
2024-10-11 15:03:22,245 [NettyRpcService-workerGroup--thread3] INFO  impl.VoteContext (VoteContext.java:log(49)) - s3@group-F860CA578C61-CANDIDATE: accept PRE_VOTE from s4: our priority 0 <= candidate's priority 0
2024-10-11 15:03:22,245 [NettyRpcService-workerGroup--thread3] INFO  server.RaftServer$Division (RaftServerImpl.java:requestVote(1476)) - s3@group-F860CA578C61 replies to PRE_VOTE vote request: s4<-s3#0:OK-t2. Peer's state: s3@group-F860CA578C61:t2, leader=null, voted=s0, raftlog=Memoized:s3@group-F860CA578C61-SegmentedRaftLog:OPENED:c2:last(t:2, i:2), conf=conf: {index: 1, cur=peers:[s3|localhost:15152, s4|localhost:15156, s0|localhost:15140, s1|localhost:15144, s2|localhost:15148]|listeners:[], old=null}
2024-10-11 15:03:22,245 [s4@group-F860CA578C61-LeaderElection19] INFO  impl.LeaderElection (LogUtils.java:infoOrTrace(136)) - s4@group-F860CA578C61-LeaderElection19 got exception when requesting votes: java.util.concurrent.ExecutionException: org.apache.ratis.thirdparty.io.netty.channel.AbstractChannel$AnnotatedConnectException: finishConnect(..) failed: Connection refused: localhost/127.0.0.1:15140
2024-10-11 15:03:22,245 [s4@group-F860CA578C61-LeaderElection19] INFO  impl.LeaderElection (LogUtils.java:infoOrTrace(136)) - s4@group-F860CA578C61-LeaderElection19 got exception when requesting votes: java.util.concurrent.ExecutionException: org.apache.ratis.thirdparty.io.netty.channel.AbstractChannel$AnnotatedConnectException: finishConnect(..) failed: Connection refused: localhost/127.0.0.1:15148
2024-10-11 15:03:22,353 [main] WARN  ratis.RaftTestUtil (RaftTestUtil.java:lambda$waitForLeader$3(126)) - Attempt #49 failed: java.lang.IllegalStateException: No leader yet : printing ALL groups
  s3:  RUNNING CANDIDATE s3@group-F860CA578C61:t2, leader=null, voted=s0, raftlog=Memoized:s3@group-F860CA578C61-SegmentedRaftLog:OPENED:c2:last(t:2, i:2), conf=conf: {index: 1, cur=peers:[s3|localhost:15152, s4|localhost:15156, s0|localhost:15140, s1|localhost:15144, s2|localhost:15148]|listeners:[], old=null} RUNNING
  s4:  RUNNING CANDIDATE s4@group-F860CA578C61:t2, leader=null, voted=s0, raftlog=Memoized:s4@group-F860CA578C61-SegmentedRaftLog:OPENED:c2:last(t:2, i:2), conf=conf: {index: 1, cur=peers:[s3|localhost:15152, s4|localhost:15156, s0|localhost:15140, s1|localhost:15144, s2|localhost:15148]|listeners:[], old=null} RUNNING
  s0:   CLOSED    LEADER s0@group-F860CA578C61:t2, leader=s0, voted=s0, raftlog=Memoized:s0@group-F860CA578C61-SegmentedRaftLog:CLOSED:c2, conf=conf: {index: 1, cur=peers:[s3|localhost:15152, s4|localhost:15156, s0|localhost:15140, s1|localhost:15144, s2|localhost:15148]|listeners:[], old=null} CLOSED
  s1:  RUNNING  FOLLOWER s1@group-F860CA578C61:t1, leader=null, voted=null, raftlog=Memoized:s1@group-F860CA578C61-SegmentedRaftLog:OPENED:c-1:lastnull, conf=conf: {index: -1, cur=peers:[s3|localhost:15152, s4|localhost:15156, s0|localhost:15140, s1|localhost:15144, s2|localhost:15148]|listeners:[], old=null} RUNNING
  s2:   CLOSED    LEADER s2@group-F860CA578C61:t1, leader=s2, voted=s2, raftlog=Memoized:s2@group-F860CA578C61-SegmentedRaftLog:CLOSED:c0, conf=conf: {index: 0, cur=peers:[s3|localhost:15152, s4|localhost:15156, s0|localhost:15140, s1|localhost:15144, s2|localhost:15148]|listeners:[], old=null} CLOSED
2024-10-11 15:03:22,410 [s3@group-F860CA578C61-LeaderElection20] INFO  impl.LeaderElection (LeaderElection.java:logAndReturn(90)) - s3@group-F860CA578C61-LeaderElection20: PRE_VOTE TIMEOUT received 1 response(s) and 2 exception(s):
2024-10-11 15:03:22,410 [s3@group-F860CA578C61-LeaderElection20] INFO  impl.LeaderElection (LeaderElection.java:logAndReturn(94)) -   Response 0: s3<-s4#0:OK-t2
2024-10-11 15:03:22,410 [s3@group-F860CA578C61-LeaderElection20] INFO  impl.LeaderElection (LogUtils.java:infoOrTrace(136)) -   Exception 1: java.util.concurrent.ExecutionException: org.apache.ratis.thirdparty.io.netty.channel.AbstractChannel$AnnotatedConnectException: finishConnect(..) failed: Connection refused: localhost/127.0.0.1:15140
2024-10-11 15:03:22,410 [s3@group-F860CA578C61-LeaderElection20] INFO  impl.LeaderElection (LogUtils.java:infoOrTrace(136)) -   Exception 2: java.util.concurrent.ExecutionException: org.apache.ratis.thirdparty.io.netty.channel.AbstractChannel$AnnotatedConnectException: finishConnect(..) failed: Connection refused: localhost/127.0.0.1:15148
2024-10-11 15:03:22,410 [s3@group-F860CA578C61-LeaderElection20] INFO  impl.LeaderElection (LeaderElection.java:askForVotes(339)) - s3@group-F860CA578C61-LeaderElection20 PRE_VOTE round 86: result TIMEOUT
2024-10-11 15:03:22,410 [s3@group-F860CA578C61-LeaderElection20] INFO  impl.LeaderElection (LeaderElection.java:askForVotes(337)) - s3@group-F860CA578C61-LeaderElection20 PRE_VOTE round 87: submit vote requests at term 2 for conf: {index: 1, cur=peers:[s3|localhost:15152, s4|localhost:15156, s0|localhost:15140, s1|localhost:15144, s2|localhost:15148]|listeners:[], old=null}
2024-10-11 15:03:22,411 [NettyRpcService-workerGroup--thread3] INFO  server.RaftServer$Division (RaftServerImpl.java:requestVote(1443)) - s4@group-F860CA578C61: receive requestVote(PRE_VOTE, s3, group-F860CA578C61, 2, (t:2, i:2))
2024-10-11 15:03:22,411 [NettyRpcService-workerGroup--thread3] INFO  impl.VoteContext (VoteContext.java:log(49)) - s4@group-F860CA578C61-CANDIDATE: accept PRE_VOTE from s3: our priority 0 <= candidate's priority 0
2024-10-11 15:03:22,411 [s3@group-F860CA578C61-LeaderElection20] INFO  impl.LeaderElection (LogUtils.java:infoOrTrace(136)) - s3@group-F860CA578C61-LeaderElection20 got exception when requesting votes: java.util.concurrent.ExecutionException: org.apache.ratis.thirdparty.io.netty.channel.AbstractChannel$AnnotatedConnectException: finishConnect(..) failed: Connection refused: localhost/127.0.0.1:15148
2024-10-11 15:03:22,411 [NettyRpcService-workerGroup--thread3] INFO  server.RaftServer$Division (RaftServerImpl.java:requestVote(1476)) - s4@group-F860CA578C61 replies to PRE_VOTE vote request: s3<-s4#0:OK-t2. Peer's state: s4@group-F860CA578C61:t2, leader=null, voted=s0, raftlog=Memoized:s4@group-F860CA578C61-SegmentedRaftLog:OPENED:c2:last(t:2, i:2), conf=conf: {index: 1, cur=peers:[s3|localhost:15152, s4|localhost:15156, s0|localhost:15140, s1|localhost:15144, s2|localhost:15148]|listeners:[], old=null}
2024-10-11 15:03:22,412 [s3@group-F860CA578C61-LeaderElection20] INFO  impl.LeaderElection (LogUtils.java:infoOrTrace(136)) - s3@group-F860CA578C61-LeaderElection20 got exception when requesting votes: java.util.concurrent.ExecutionException: org.apache.ratis.thirdparty.io.netty.channel.AbstractChannel$AnnotatedConnectException: finishConnect(..) failed: Connection refused: localhost/127.0.0.1:15140
2024-10-11 15:03:22,481 [s4@group-F860CA578C61-LeaderElection19] INFO  impl.LeaderElection (LeaderElection.java:logAndReturn(90)) - s4@group-F860CA578C61-LeaderElection19: PRE_VOTE TIMEOUT received 1 response(s) and 2 exception(s):
2024-10-11 15:03:22,481 [s4@group-F860CA578C61-LeaderElection19] INFO  impl.LeaderElection (LeaderElection.java:logAndReturn(94)) -   Response 0: s4<-s3#0:OK-t2
2024-10-11 15:03:22,481 [s4@group-F860CA578C61-LeaderElection19] INFO  impl.LeaderElection (LogUtils.java:infoOrTrace(136)) -   Exception 1: java.util.concurrent.ExecutionException: org.apache.ratis.thirdparty.io.netty.channel.AbstractChannel$AnnotatedConnectException: finishConnect(..) failed: Connection refused: localhost/127.0.0.1:15140
2024-10-11 15:03:22,481 [s4@group-F860CA578C61-LeaderElection19] INFO  impl.LeaderElection (LogUtils.java:infoOrTrace(136)) -   Exception 2: java.util.concurrent.ExecutionException: org.apache.ratis.thirdparty.io.netty.channel.AbstractChannel$AnnotatedConnectException: finishConnect(..) failed: Connection refused: localhost/127.0.0.1:15148
2024-10-11 15:03:22,482 [s4@group-F860CA578C61-LeaderElection19] INFO  impl.LeaderElection (LeaderElection.java:askForVotes(339)) - s4@group-F860CA578C61-LeaderElection19 PRE_VOTE round 96: result TIMEOUT
2024-10-11 15:03:22,482 [s4@group-F860CA578C61-LeaderElection19] INFO  impl.LeaderElection (LeaderElection.java:askForVotes(337)) - s4@group-F860CA578C61-LeaderElection19 PRE_VOTE round 97: submit vote requests at term 2 for conf: {index: 1, cur=peers:[s3|localhost:15152, s4|localhost:15156, s0|localhost:15140, s1|localhost:15144, s2|localhost:15148]|listeners:[], old=null}
2024-10-11 15:03:22,482 [NettyRpcService-workerGroup--thread3] INFO  server.RaftServer$Division (RaftServerImpl.java:requestVote(1443)) - s3@group-F860CA578C61: receive requestVote(PRE_VOTE, s4, group-F860CA578C61, 2, (t:2, i:2))
2024-10-11 15:03:22,483 [NettyRpcService-workerGroup--thread3] INFO  impl.VoteContext (VoteContext.java:log(49)) - s3@group-F860CA578C61-CANDIDATE: accept PRE_VOTE from s4: our priority 0 <= candidate's priority 0
2024-10-11 15:03:22,483 [s4@group-F860CA578C61-LeaderElection19] INFO  impl.LeaderElection (LogUtils.java:infoOrTrace(136)) - s4@group-F860CA578C61-LeaderElection19 got exception when requesting votes: java.util.concurrent.ExecutionException: org.apache.ratis.thirdparty.io.netty.channel.AbstractChannel$AnnotatedConnectException: finishConnect(..) failed: Connection refused: localhost/127.0.0.1:15148
2024-10-11 15:03:22,483 [NettyRpcService-workerGroup--thread3] INFO  server.RaftServer$Division (RaftServerImpl.java:requestVote(1476)) - s3@group-F860CA578C61 replies to PRE_VOTE vote request: s4<-s3#0:OK-t2. Peer's state: s3@group-F860CA578C61:t2, leader=null, voted=s0, raftlog=Memoized:s3@group-F860CA578C61-SegmentedRaftLog:OPENED:c2:last(t:2, i:2), conf=conf: {index: 1, cur=peers:[s3|localhost:15152, s4|localhost:15156, s0|localhost:15140, s1|localhost:15144, s2|localhost:15148]|listeners:[], old=null}
2024-10-11 15:03:22,483 [s4@group-F860CA578C61-LeaderElection19] INFO  impl.LeaderElection (LogUtils.java:infoOrTrace(136)) - s4@group-F860CA578C61-LeaderElection19 got exception when requesting votes: java.util.concurrent.ExecutionException: org.apache.ratis.thirdparty.io.netty.channel.AbstractChannel$AnnotatedConnectException: finishConnect(..) failed: Connection refused: localhost/127.0.0.1:15140
2024-10-11 15:03:22,609 [s3@group-F860CA578C61-LeaderElection20] INFO  impl.LeaderElection (LeaderElection.java:logAndReturn(90)) - s3@group-F860CA578C61-LeaderElection20: PRE_VOTE TIMEOUT received 1 response(s) and 2 exception(s):
2024-10-11 15:03:22,609 [s3@group-F860CA578C61-LeaderElection20] INFO  impl.LeaderElection (LeaderElection.java:logAndReturn(94)) -   Response 0: s3<-s4#0:OK-t2
2024-10-11 15:03:22,609 [s3@group-F860CA578C61-LeaderElection20] INFO  impl.LeaderElection (LogUtils.java:infoOrTrace(136)) -   Exception 1: java.util.concurrent.ExecutionException: org.apache.ratis.thirdparty.io.netty.channel.AbstractChannel$AnnotatedConnectException: finishConnect(..) failed: Connection refused: localhost/127.0.0.1:15148
2024-10-11 15:03:22,609 [s3@group-F860CA578C61-LeaderElection20] INFO  impl.LeaderElection (LogUtils.java:infoOrTrace(136)) -   Exception 2: java.util.concurrent.ExecutionException: org.apache.ratis.thirdparty.io.netty.channel.AbstractChannel$AnnotatedConnectException: finishConnect(..) failed: Connection refused: localhost/127.0.0.1:15140
2024-10-11 15:03:22,609 [s3@group-F860CA578C61-LeaderElection20] INFO  impl.LeaderElection (LeaderElection.java:askForVotes(339)) - s3@group-F860CA578C61-LeaderElection20 PRE_VOTE round 87: result TIMEOUT
2024-10-11 15:03:22,609 [s3@group-F860CA578C61-LeaderElection20] INFO  impl.LeaderElection (LeaderElection.java:askForVotes(337)) - s3@group-F860CA578C61-LeaderElection20 PRE_VOTE round 88: submit vote requests at term 2 for conf: {index: 1, cur=peers:[s3|localhost:15152, s4|localhost:15156, s0|localhost:15140, s1|localhost:15144, s2|localhost:15148]|listeners:[], old=null}
2024-10-11 15:03:22,610 [NettyRpcService-workerGroup--thread3] INFO  server.RaftServer$Division (RaftServerImpl.java:requestVote(1443)) - s4@group-F860CA578C61: receive requestVote(PRE_VOTE, s3, group-F860CA578C61, 2, (t:2, i:2))
2024-10-11 15:03:22,610 [NettyRpcService-workerGroup--thread3] INFO  impl.VoteContext (VoteContext.java:log(49)) - s4@group-F860CA578C61-CANDIDATE: accept PRE_VOTE from s3: our priority 0 <= candidate's priority 0
2024-10-11 15:03:22,610 [s3@group-F860CA578C61-LeaderElection20] INFO  impl.LeaderElection (LogUtils.java:infoOrTrace(136)) - s3@group-F860CA578C61-LeaderElection20 got exception when requesting votes: java.util.concurrent.ExecutionException: org.apache.ratis.thirdparty.io.netty.channel.AbstractChannel$AnnotatedConnectException: finishConnect(..) failed: Connection refused: localhost/127.0.0.1:15148
2024-10-11 15:03:22,610 [NettyRpcService-workerGroup--thread3] INFO  server.RaftServer$Division (RaftServerImpl.java:requestVote(1476)) - s4@group-F860CA578C61 replies to PRE_VOTE vote request: s3<-s4#0:OK-t2. Peer's state: s4@group-F860CA578C61:t2, leader=null, voted=s0, raftlog=Memoized:s4@group-F860CA578C61-SegmentedRaftLog:OPENED:c2:last(t:2, i:2), conf=conf: {index: 1, cur=peers:[s3|localhost:15152, s4|localhost:15156, s0|localhost:15140, s1|localhost:15144, s2|localhost:15148]|listeners:[], old=null}
2024-10-11 15:03:22,610 [s3@group-F860CA578C61-LeaderElection20] INFO  impl.LeaderElection (LogUtils.java:infoOrTrace(136)) - s3@group-F860CA578C61-LeaderElection20 got exception when requesting votes: java.util.concurrent.ExecutionException: org.apache.ratis.thirdparty.io.netty.channel.AbstractChannel$AnnotatedConnectException: finishConnect(..) failed: Connection refused: localhost/127.0.0.1:15140
2024-10-11 15:03:22,686 [s4@group-F860CA578C61-LeaderElection19] INFO  impl.LeaderElection (LeaderElection.java:logAndReturn(90)) - s4@group-F860CA578C61-LeaderElection19: PRE_VOTE TIMEOUT received 1 response(s) and 2 exception(s):
2024-10-11 15:03:22,686 [s4@group-F860CA578C61-LeaderElection19] INFO  impl.LeaderElection (LeaderElection.java:logAndReturn(94)) -   Response 0: s4<-s3#0:OK-t2
2024-10-11 15:03:22,686 [s4@group-F860CA578C61-LeaderElection19] INFO  impl.LeaderElection (LogUtils.java:infoOrTrace(136)) -   Exception 1: java.util.concurrent.ExecutionException: org.apache.ratis.thirdparty.io.netty.channel.AbstractChannel$AnnotatedConnectException: finishConnect(..) failed: Connection refused: localhost/127.0.0.1:15148
2024-10-11 15:03:22,686 [s4@group-F860CA578C61-LeaderElection19] INFO  impl.LeaderElection (LogUtils.java:infoOrTrace(136)) -   Exception 2: java.util.concurrent.ExecutionException: org.apache.ratis.thirdparty.io.netty.channel.AbstractChannel$AnnotatedConnectException: finishConnect(..) failed: Connection refused: localhost/127.0.0.1:15140
2024-10-11 15:03:22,687 [s4@group-F860CA578C61-LeaderElection19] INFO  impl.LeaderElection (LeaderElection.java:askForVotes(339)) - s4@group-F860CA578C61-LeaderElection19 PRE_VOTE round 97: result TIMEOUT
2024-10-11 15:03:22,687 [s4@group-F860CA578C61-LeaderElection19] INFO  impl.LeaderElection (LeaderElection.java:askForVotes(337)) - s4@group-F860CA578C61-LeaderElection19 PRE_VOTE round 98: submit vote requests at term 2 for conf: {index: 1, cur=peers:[s3|localhost:15152, s4|localhost:15156, s0|localhost:15140, s1|localhost:15144, s2|localhost:15148]|listeners:[], old=null}
2024-10-11 15:03:22,687 [NettyRpcService-workerGroup--thread3] INFO  server.RaftServer$Division (RaftServerImpl.java:requestVote(1443)) - s3@group-F860CA578C61: receive requestVote(PRE_VOTE, s4, group-F860CA578C61, 2, (t:2, i:2))
2024-10-11 15:03:22,687 [NettyRpcService-workerGroup--thread3] INFO  impl.VoteContext (VoteContext.java:log(49)) - s3@group-F860CA578C61-CANDIDATE: accept PRE_VOTE from s4: our priority 0 <= candidate's priority 0
2024-10-11 15:03:22,687 [s4@group-F860CA578C61-LeaderElection19] INFO  impl.LeaderElection (LogUtils.java:infoOrTrace(136)) - s4@group-F860CA578C61-LeaderElection19 got exception when requesting votes: java.util.concurrent.ExecutionException: org.apache.ratis.thirdparty.io.netty.channel.AbstractChannel$AnnotatedConnectException: finishConnect(..) failed: Connection refused: localhost/127.0.0.1:15140
2024-10-11 15:03:22,688 [NettyRpcService-workerGroup--thread3] INFO  server.RaftServer$Division (RaftServerImpl.java:requestVote(1476)) - s3@group-F860CA578C61 replies to PRE_VOTE vote request: s4<-s3#0:OK-t2. Peer's state: s3@group-F860CA578C61:t2, leader=null, voted=s0, raftlog=Memoized:s3@group-F860CA578C61-SegmentedRaftLog:OPENED:c2:last(t:2, i:2), conf=conf: {index: 1, cur=peers:[s3|localhost:15152, s4|localhost:15156, s0|localhost:15140, s1|localhost:15144, s2|localhost:15148]|listeners:[], old=null}
2024-10-11 15:03:22,688 [s4@group-F860CA578C61-LeaderElection19] INFO  impl.LeaderElection (LogUtils.java:infoOrTrace(136)) - s4@group-F860CA578C61-LeaderElection19 got exception when requesting votes: java.util.concurrent.ExecutionException: org.apache.ratis.thirdparty.io.netty.channel.AbstractChannel$AnnotatedConnectException: finishConnect(..) failed: Connection refused: localhost/127.0.0.1:15148
2024-10-11 15:03:22,776 [s3@group-F860CA578C61-LeaderElection20] INFO  impl.LeaderElection (LeaderElection.java:logAndReturn(90)) - s3@group-F860CA578C61-LeaderElection20: PRE_VOTE TIMEOUT received 1 response(s) and 2 exception(s):
2024-10-11 15:03:22,776 [s3@group-F860CA578C61-LeaderElection20] INFO  impl.LeaderElection (LeaderElection.java:logAndReturn(94)) -   Response 0: s3<-s4#0:OK-t2
2024-10-11 15:03:22,776 [s3@group-F860CA578C61-LeaderElection20] INFO  impl.LeaderElection (LogUtils.java:infoOrTrace(136)) -   Exception 1: java.util.concurrent.ExecutionException: org.apache.ratis.thirdparty.io.netty.channel.AbstractChannel$AnnotatedConnectException: finishConnect(..) failed: Connection refused: localhost/127.0.0.1:15148
2024-10-11 15:03:22,776 [s3@group-F860CA578C61-LeaderElection20] INFO  impl.LeaderElection (LogUtils.java:infoOrTrace(136)) -   Exception 2: java.util.concurrent.ExecutionException: org.apache.ratis.thirdparty.io.netty.channel.AbstractChannel$AnnotatedConnectException: finishConnect(..) failed: Connection refused: localhost/127.0.0.1:15140
2024-10-11 15:03:22,776 [s3@group-F860CA578C61-LeaderElection20] INFO  impl.LeaderElection (LeaderElection.java:askForVotes(339)) - s3@group-F860CA578C61-LeaderElection20 PRE_VOTE round 88: result TIMEOUT
2024-10-11 15:03:22,776 [s3@group-F860CA578C61-LeaderElection20] INFO  impl.LeaderElection (LeaderElection.java:askForVotes(337)) - s3@group-F860CA578C61-LeaderElection20 PRE_VOTE round 89: submit vote requests at term 2 for conf: {index: 1, cur=peers:[s3|localhost:15152, s4|localhost:15156, s0|localhost:15140, s1|localhost:15144, s2|localhost:15148]|listeners:[], old=null}
2024-10-11 15:03:22,777 [NettyRpcService-workerGroup--thread3] INFO  server.RaftServer$Division (RaftServerImpl.java:requestVote(1443)) - s4@group-F860CA578C61: receive requestVote(PRE_VOTE, s3, group-F860CA578C61, 2, (t:2, i:2))
2024-10-11 15:03:22,777 [NettyRpcService-workerGroup--thread3] INFO  impl.VoteContext (VoteContext.java:log(49)) - s4@group-F860CA578C61-CANDIDATE: accept PRE_VOTE from s3: our priority 0 <= candidate's priority 0
2024-10-11 15:03:22,777 [NettyRpcService-workerGroup--thread3] INFO  server.RaftServer$Division (RaftServerImpl.java:requestVote(1476)) - s4@group-F860CA578C61 replies to PRE_VOTE vote request: s3<-s4#0:OK-t2. Peer's state: s4@group-F860CA578C61:t2, leader=null, voted=s0, raftlog=Memoized:s4@group-F860CA578C61-SegmentedRaftLog:OPENED:c2:last(t:2, i:2), conf=conf: {index: 1, cur=peers:[s3|localhost:15152, s4|localhost:15156, s0|localhost:15140, s1|localhost:15144, s2|localhost:15148]|listeners:[], old=null}
2024-10-11 15:03:22,777 [s3@group-F860CA578C61-LeaderElection20] INFO  impl.LeaderElection (LogUtils.java:infoOrTrace(136)) - s3@group-F860CA578C61-LeaderElection20 got exception when requesting votes: java.util.concurrent.ExecutionException: org.apache.ratis.thirdparty.io.netty.channel.AbstractChannel$AnnotatedConnectException: finishConnect(..) failed: Connection refused: localhost/127.0.0.1:15140
2024-10-11 15:03:22,777 [s3@group-F860CA578C61-LeaderElection20] INFO  impl.LeaderElection (LogUtils.java:infoOrTrace(136)) - s3@group-F860CA578C61-LeaderElection20 got exception when requesting votes: java.util.concurrent.ExecutionException: org.apache.ratis.thirdparty.io.netty.channel.AbstractChannel$AnnotatedConnectException: finishConnect(..) failed: Connection refused: localhost/127.0.0.1:15148
2024-10-11 15:03:22,803 [main] WARN  ratis.RaftTestUtil (RaftTestUtil.java:lambda$waitForLeader$3(126)) - Attempt #50 failed: java.lang.IllegalStateException: No leader yet : printing ALL groups
  s3:  RUNNING CANDIDATE s3@group-F860CA578C61:t2, leader=null, voted=s0, raftlog=Memoized:s3@group-F860CA578C61-SegmentedRaftLog:OPENED:c2:last(t:2, i:2), conf=conf: {index: 1, cur=peers:[s3|localhost:15152, s4|localhost:15156, s0|localhost:15140, s1|localhost:15144, s2|localhost:15148]|listeners:[], old=null} RUNNING
  s4:  RUNNING CANDIDATE s4@group-F860CA578C61:t2, leader=null, voted=s0, raftlog=Memoized:s4@group-F860CA578C61-SegmentedRaftLog:OPENED:c2:last(t:2, i:2), conf=conf: {index: 1, cur=peers:[s3|localhost:15152, s4|localhost:15156, s0|localhost:15140, s1|localhost:15144, s2|localhost:15148]|listeners:[], old=null} RUNNING
  s0:   CLOSED    LEADER s0@group-F860CA578C61:t2, leader=s0, voted=s0, raftlog=Memoized:s0@group-F860CA578C61-SegmentedRaftLog:CLOSED:c2, conf=conf: {index: 1, cur=peers:[s3|localhost:15152, s4|localhost:15156, s0|localhost:15140, s1|localhost:15144, s2|localhost:15148]|listeners:[], old=null} CLOSED
  s1:  RUNNING  FOLLOWER s1@group-F860CA578C61:t1, leader=null, voted=null, raftlog=Memoized:s1@group-F860CA578C61-SegmentedRaftLog:OPENED:c-1:lastnull, conf=conf: {index: -1, cur=peers:[s3|localhost:15152, s4|localhost:15156, s0|localhost:15140, s1|localhost:15144, s2|localhost:15148]|listeners:[], old=null} RUNNING
  s2:   CLOSED    LEADER s2@group-F860CA578C61:t1, leader=s2, voted=s2, raftlog=Memoized:s2@group-F860CA578C61-SegmentedRaftLog:CLOSED:c0, conf=conf: {index: 0, cur=peers:[s3|localhost:15152, s4|localhost:15156, s0|localhost:15140, s1|localhost:15144, s2|localhost:15148]|listeners:[], old=null} CLOSED
2024-10-11 15:03:22,837 [s4@group-F860CA578C61-LeaderElection19] INFO  impl.LeaderElection (LeaderElection.java:logAndReturn(90)) - s4@group-F860CA578C61-LeaderElection19: PRE_VOTE TIMEOUT received 1 response(s) and 2 exception(s):
2024-10-11 15:03:22,837 [s4@group-F860CA578C61-LeaderElection19] INFO  impl.LeaderElection (LeaderElection.java:logAndReturn(94)) -   Response 0: s4<-s3#0:OK-t2
2024-10-11 15:03:22,838 [s4@group-F860CA578C61-LeaderElection19] INFO  impl.LeaderElection (LogUtils.java:infoOrTrace(136)) -   Exception 1: java.util.concurrent.ExecutionException: org.apache.ratis.thirdparty.io.netty.channel.AbstractChannel$AnnotatedConnectException: finishConnect(..) failed: Connection refused: localhost/127.0.0.1:15140
2024-10-11 15:03:22,838 [s4@group-F860CA578C61-LeaderElection19] INFO  impl.LeaderElection (LogUtils.java:infoOrTrace(136)) -   Exception 2: java.util.concurrent.ExecutionException: org.apache.ratis.thirdparty.io.netty.channel.AbstractChannel$AnnotatedConnectException: finishConnect(..) failed: Connection refused: localhost/127.0.0.1:15148
2024-10-11 15:03:22,838 [s4@group-F860CA578C61-LeaderElection19] INFO  impl.LeaderElection (LeaderElection.java:askForVotes(339)) - s4@group-F860CA578C61-LeaderElection19 PRE_VOTE round 98: result TIMEOUT
2024-10-11 15:03:22,838 [s4@group-F860CA578C61-LeaderElection19] INFO  impl.LeaderElection (LeaderElection.java:askForVotes(337)) - s4@group-F860CA578C61-LeaderElection19 PRE_VOTE round 99: submit vote requests at term 2 for conf: {index: 1, cur=peers:[s3|localhost:15152, s4|localhost:15156, s0|localhost:15140, s1|localhost:15144, s2|localhost:15148]|listeners:[], old=null}
2024-10-11 15:03:22,838 [NettyRpcService-workerGroup--thread3] INFO  server.RaftServer$Division (RaftServerImpl.java:requestVote(1443)) - s3@group-F860CA578C61: receive requestVote(PRE_VOTE, s4, group-F860CA578C61, 2, (t:2, i:2))
2024-10-11 15:03:22,839 [NettyRpcService-workerGroup--thread3] INFO  impl.VoteContext (VoteContext.java:log(49)) - s3@group-F860CA578C61-CANDIDATE: accept PRE_VOTE from s4: our priority 0 <= candidate's priority 0
2024-10-11 15:03:22,839 [NettyRpcService-workerGroup--thread3] INFO  server.RaftServer$Division (RaftServerImpl.java:requestVote(1476)) - s3@group-F860CA578C61 replies to PRE_VOTE vote request: s4<-s3#0:OK-t2. Peer's state: s3@group-F860CA578C61:t2, leader=null, voted=s0, raftlog=Memoized:s3@group-F860CA578C61-SegmentedRaftLog:OPENED:c2:last(t:2, i:2), conf=conf: {index: 1, cur=peers:[s3|localhost:15152, s4|localhost:15156, s0|localhost:15140, s1|localhost:15144, s2|localhost:15148]|listeners:[], old=null}
2024-10-11 15:03:22,839 [s4@group-F860CA578C61-LeaderElection19] INFO  impl.LeaderElection (LogUtils.java:infoOrTrace(136)) - s4@group-F860CA578C61-LeaderElection19 got exception when requesting votes: java.util.concurrent.ExecutionException: org.apache.ratis.thirdparty.io.netty.channel.AbstractChannel$AnnotatedConnectException: finishConnect(..) failed: Connection refused: localhost/127.0.0.1:15140
2024-10-11 15:03:22,839 [s4@group-F860CA578C61-LeaderElection19] INFO  impl.LeaderElection (LogUtils.java:infoOrTrace(136)) - s4@group-F860CA578C61-LeaderElection19 got exception when requesting votes: java.util.concurrent.ExecutionException: org.apache.ratis.thirdparty.io.netty.channel.AbstractChannel$AnnotatedConnectException: finishConnect(..) failed: Connection refused: localhost/127.0.0.1:15148
2024-10-11 15:03:22,936 [s3@group-F860CA578C61-LeaderElection20] INFO  impl.LeaderElection (LeaderElection.java:logAndReturn(90)) - s3@group-F860CA578C61-LeaderElection20: PRE_VOTE TIMEOUT received 1 response(s) and 2 exception(s):
2024-10-11 15:03:22,936 [s3@group-F860CA578C61-LeaderElection20] INFO  impl.LeaderElection (LeaderElection.java:logAndReturn(94)) -   Response 0: s3<-s4#0:OK-t2
2024-10-11 15:03:22,936 [s3@group-F860CA578C61-LeaderElection20] INFO  impl.LeaderElection (LogUtils.java:infoOrTrace(136)) -   Exception 1: java.util.concurrent.ExecutionException: org.apache.ratis.thirdparty.io.netty.channel.AbstractChannel$AnnotatedConnectException: finishConnect(..) failed: Connection refused: localhost/127.0.0.1:15140
2024-10-11 15:03:22,936 [s3@group-F860CA578C61-LeaderElection20] INFO  impl.LeaderElection (LogUtils.java:infoOrTrace(136)) -   Exception 2: java.util.concurrent.ExecutionException: org.apache.ratis.thirdparty.io.netty.channel.AbstractChannel$AnnotatedConnectException: finishConnect(..) failed: Connection refused: localhost/127.0.0.1:15148
2024-10-11 15:03:22,936 [s3@group-F860CA578C61-LeaderElection20] INFO  impl.LeaderElection (LeaderElection.java:askForVotes(339)) - s3@group-F860CA578C61-LeaderElection20 PRE_VOTE round 89: result TIMEOUT
2024-10-11 15:03:22,936 [s3@group-F860CA578C61-LeaderElection20] INFO  impl.LeaderElection (LeaderElection.java:askForVotes(337)) - s3@group-F860CA578C61-LeaderElection20 PRE_VOTE round 90: submit vote requests at term 2 for conf: {index: 1, cur=peers:[s3|localhost:15152, s4|localhost:15156, s0|localhost:15140, s1|localhost:15144, s2|localhost:15148]|listeners:[], old=null}
2024-10-11 15:03:22,937 [NettyRpcService-workerGroup--thread3] INFO  server.RaftServer$Division (RaftServerImpl.java:requestVote(1443)) - s4@group-F860CA578C61: receive requestVote(PRE_VOTE, s3, group-F860CA578C61, 2, (t:2, i:2))
2024-10-11 15:03:22,937 [NettyRpcService-workerGroup--thread3] INFO  impl.VoteContext (VoteContext.java:log(49)) - s4@group-F860CA578C61-CANDIDATE: accept PRE_VOTE from s3: our priority 0 <= candidate's priority 0
2024-10-11 15:03:22,937 [s3@group-F860CA578C61-LeaderElection20] INFO  impl.LeaderElection (LogUtils.java:infoOrTrace(136)) - s3@group-F860CA578C61-LeaderElection20 got exception when requesting votes: java.util.concurrent.ExecutionException: org.apache.ratis.thirdparty.io.netty.channel.AbstractChannel$AnnotatedConnectException: finishConnect(..) failed: Connection refused: localhost/127.0.0.1:15140
2024-10-11 15:03:22,937 [NettyRpcService-workerGroup--thread3] INFO  server.RaftServer$Division (RaftServerImpl.java:requestVote(1476)) - s4@group-F860CA578C61 replies to PRE_VOTE vote request: s3<-s4#0:OK-t2. Peer's state: s4@group-F860CA578C61:t2, leader=null, voted=s0, raftlog=Memoized:s4@group-F860CA578C61-SegmentedRaftLog:OPENED:c2:last(t:2, i:2), conf=conf: {index: 1, cur=peers:[s3|localhost:15152, s4|localhost:15156, s0|localhost:15140, s1|localhost:15144, s2|localhost:15148]|listeners:[], old=null}
2024-10-11 15:03:22,937 [s3@group-F860CA578C61-LeaderElection20] INFO  impl.LeaderElection (LogUtils.java:infoOrTrace(136)) - s3@group-F860CA578C61-LeaderElection20 got exception when requesting votes: java.util.concurrent.ExecutionException: org.apache.ratis.thirdparty.io.netty.channel.AbstractChannel$AnnotatedConnectException: finishConnect(..) failed: Connection refused: localhost/127.0.0.1:15148
2024-10-11 15:03:23,077 [s4@group-F860CA578C61-LeaderElection19] INFO  impl.LeaderElection (LeaderElection.java:logAndReturn(90)) - s4@group-F860CA578C61-LeaderElection19: PRE_VOTE TIMEOUT received 1 response(s) and 2 exception(s):
2024-10-11 15:03:23,077 [s4@group-F860CA578C61-LeaderElection19] INFO  impl.LeaderElection (LeaderElection.java:logAndReturn(94)) -   Response 0: s4<-s3#0:OK-t2
2024-10-11 15:03:23,077 [s4@group-F860CA578C61-LeaderElection19] INFO  impl.LeaderElection (LogUtils.java:infoOrTrace(136)) -   Exception 1: java.util.concurrent.ExecutionException: org.apache.ratis.thirdparty.io.netty.channel.AbstractChannel$AnnotatedConnectException: finishConnect(..) failed: Connection refused: localhost/127.0.0.1:15140
2024-10-11 15:03:23,077 [s4@group-F860CA578C61-LeaderElection19] INFO  impl.LeaderElection (LogUtils.java:infoOrTrace(136)) -   Exception 2: java.util.concurrent.ExecutionException: org.apache.ratis.thirdparty.io.netty.channel.AbstractChannel$AnnotatedConnectException: finishConnect(..) failed: Connection refused: localhost/127.0.0.1:15148
2024-10-11 15:03:23,077 [s4@group-F860CA578C61-LeaderElection19] INFO  impl.LeaderElection (LeaderElection.java:askForVotes(339)) - s4@group-F860CA578C61-LeaderElection19 PRE_VOTE round 99: result TIMEOUT
2024-10-11 15:03:23,077 [s4@group-F860CA578C61-LeaderElection19] INFO  impl.LeaderElection (LeaderElection.java:askForVotes(337)) - s4@group-F860CA578C61-LeaderElection19 PRE_VOTE round 100: submit vote requests at term 2 for conf: {index: 1, cur=peers:[s3|localhost:15152, s4|localhost:15156, s0|localhost:15140, s1|localhost:15144, s2|localhost:15148]|listeners:[], old=null}
2024-10-11 15:03:23,078 [NettyRpcService-workerGroup--thread3] INFO  server.RaftServer$Division (RaftServerImpl.java:requestVote(1443)) - s3@group-F860CA578C61: receive requestVote(PRE_VOTE, s4, group-F860CA578C61, 2, (t:2, i:2))
2024-10-11 15:03:23,078 [NettyRpcService-workerGroup--thread3] INFO  impl.VoteContext (VoteContext.java:log(49)) - s3@group-F860CA578C61-CANDIDATE: accept PRE_VOTE from s4: our priority 0 <= candidate's priority 0
2024-10-11 15:03:23,078 [s4@group-F860CA578C61-LeaderElection19] INFO  impl.LeaderElection (LogUtils.java:infoOrTrace(136)) - s4@group-F860CA578C61-LeaderElection19 got exception when requesting votes: java.util.concurrent.ExecutionException: org.apache.ratis.thirdparty.io.netty.channel.AbstractChannel$AnnotatedConnectException: finishConnect(..) failed: Connection refused: localhost/127.0.0.1:15148
2024-10-11 15:03:23,078 [s4@group-F860CA578C61-LeaderElection19] INFO  impl.LeaderElection (LogUtils.java:infoOrTrace(136)) - s4@group-F860CA578C61-LeaderElection19 got exception when requesting votes: java.util.concurrent.ExecutionException: org.apache.ratis.thirdparty.io.netty.channel.AbstractChannel$AnnotatedConnectException: finishConnect(..) failed: Connection refused: localhost/127.0.0.1:15140
2024-10-11 15:03:23,078 [NettyRpcService-workerGroup--thread3] INFO  server.RaftServer$Division (RaftServerImpl.java:requestVote(1476)) - s3@group-F860CA578C61 replies to PRE_VOTE vote request: s4<-s3#0:OK-t2. Peer's state: s3@group-F860CA578C61:t2, leader=null, voted=s0, raftlog=Memoized:s3@group-F860CA578C61-SegmentedRaftLog:OPENED:c2:last(t:2, i:2), conf=conf: {index: 1, cur=peers:[s3|localhost:15152, s4|localhost:15156, s0|localhost:15140, s1|localhost:15144, s2|localhost:15148]|listeners:[], old=null}
2024-10-11 15:03:23,153 [s3@group-F860CA578C61-LeaderElection20] INFO  impl.LeaderElection (LeaderElection.java:logAndReturn(90)) - s3@group-F860CA578C61-LeaderElection20: PRE_VOTE TIMEOUT received 1 response(s) and 2 exception(s):
2024-10-11 15:03:23,153 [s3@group-F860CA578C61-LeaderElection20] INFO  impl.LeaderElection (LeaderElection.java:logAndReturn(94)) -   Response 0: s3<-s4#0:OK-t2
2024-10-11 15:03:23,153 [s3@group-F860CA578C61-LeaderElection20] INFO  impl.LeaderElection (LogUtils.java:infoOrTrace(136)) -   Exception 1: java.util.concurrent.ExecutionException: org.apache.ratis.thirdparty.io.netty.channel.AbstractChannel$AnnotatedConnectException: finishConnect(..) failed: Connection refused: localhost/127.0.0.1:15140
2024-10-11 15:03:23,153 [s3@group-F860CA578C61-LeaderElection20] INFO  impl.LeaderElection (LogUtils.java:infoOrTrace(136)) -   Exception 2: java.util.concurrent.ExecutionException: org.apache.ratis.thirdparty.io.netty.channel.AbstractChannel$AnnotatedConnectException: finishConnect(..) failed: Connection refused: localhost/127.0.0.1:15148
2024-10-11 15:03:23,153 [s3@group-F860CA578C61-LeaderElection20] INFO  impl.LeaderElection (LeaderElection.java:askForVotes(339)) - s3@group-F860CA578C61-LeaderElection20 PRE_VOTE round 90: result TIMEOUT
2024-10-11 15:03:23,153 [s3@group-F860CA578C61-LeaderElection20] INFO  impl.LeaderElection (LeaderElection.java:askForVotes(337)) - s3@group-F860CA578C61-LeaderElection20 PRE_VOTE round 91: submit vote requests at term 2 for conf: {index: 1, cur=peers:[s3|localhost:15152, s4|localhost:15156, s0|localhost:15140, s1|localhost:15144, s2|localhost:15148]|listeners:[], old=null}
2024-10-11 15:03:23,154 [NettyRpcService-workerGroup--thread3] INFO  server.RaftServer$Division (RaftServerImpl.java:requestVote(1443)) - s4@group-F860CA578C61: receive requestVote(PRE_VOTE, s3, group-F860CA578C61, 2, (t:2, i:2))
2024-10-11 15:03:23,154 [s3@group-F860CA578C61-LeaderElection20] INFO  impl.LeaderElection (LogUtils.java:infoOrTrace(136)) - s3@group-F860CA578C61-LeaderElection20 got exception when requesting votes: java.util.concurrent.ExecutionException: org.apache.ratis.thirdparty.io.netty.channel.AbstractChannel$AnnotatedConnectException: finishConnect(..) failed: Connection refused: localhost/127.0.0.1:15148
2024-10-11 15:03:23,154 [NettyRpcService-workerGroup--thread3] INFO  impl.VoteContext (VoteContext.java:log(49)) - s4@group-F860CA578C61-CANDIDATE: accept PRE_VOTE from s3: our priority 0 <= candidate's priority 0
2024-10-11 15:03:23,154 [s3@group-F860CA578C61-LeaderElection20] INFO  impl.LeaderElection (LogUtils.java:infoOrTrace(136)) - s3@group-F860CA578C61-LeaderElection20 got exception when requesting votes: java.util.concurrent.ExecutionException: org.apache.ratis.thirdparty.io.netty.channel.AbstractChannel$AnnotatedConnectException: finishConnect(..) failed: Connection refused: localhost/127.0.0.1:15140
2024-10-11 15:03:23,154 [NettyRpcService-workerGroup--thread3] INFO  server.RaftServer$Division (RaftServerImpl.java:requestVote(1476)) - s4@group-F860CA578C61 replies to PRE_VOTE vote request: s3<-s4#0:OK-t2. Peer's state: s4@group-F860CA578C61:t2, leader=null, voted=s0, raftlog=Memoized:s4@group-F860CA578C61-SegmentedRaftLog:OPENED:c2:last(t:2, i:2), conf=conf: {index: 1, cur=peers:[s3|localhost:15152, s4|localhost:15156, s0|localhost:15140, s1|localhost:15144, s2|localhost:15148]|listeners:[], old=null}
2024-10-11 15:03:23,254 [main] WARN  ratis.RaftTestUtil (RaftTestUtil.java:lambda$waitForLeader$3(126)) - Attempt #51 failed: java.lang.IllegalStateException: No leader yet : printing ALL groups
  s3:  RUNNING CANDIDATE s3@group-F860CA578C61:t2, leader=null, voted=s0, raftlog=Memoized:s3@group-F860CA578C61-SegmentedRaftLog:OPENED:c2:last(t:2, i:2), conf=conf: {index: 1, cur=peers:[s3|localhost:15152, s4|localhost:15156, s0|localhost:15140, s1|localhost:15144, s2|localhost:15148]|listeners:[], old=null} RUNNING
  s4:  RUNNING CANDIDATE s4@group-F860CA578C61:t2, leader=null, voted=s0, raftlog=Memoized:s4@group-F860CA578C61-SegmentedRaftLog:OPENED:c2:last(t:2, i:2), conf=conf: {index: 1, cur=peers:[s3|localhost:15152, s4|localhost:15156, s0|localhost:15140, s1|localhost:15144, s2|localhost:15148]|listeners:[], old=null} RUNNING
  s0:   CLOSED    LEADER s0@group-F860CA578C61:t2, leader=s0, voted=s0, raftlog=Memoized:s0@group-F860CA578C61-SegmentedRaftLog:CLOSED:c2, conf=conf: {index: 1, cur=peers:[s3|localhost:15152, s4|localhost:15156, s0|localhost:15140, s1|localhost:15144, s2|localhost:15148]|listeners:[], old=null} CLOSED
  s1:  RUNNING  FOLLOWER s1@group-F860CA578C61:t1, leader=null, voted=null, raftlog=Memoized:s1@group-F860CA578C61-SegmentedRaftLog:OPENED:c-1:lastnull, conf=conf: {index: -1, cur=peers:[s3|localhost:15152, s4|localhost:15156, s0|localhost:15140, s1|localhost:15144, s2|localhost:15148]|listeners:[], old=null} RUNNING
  s2:   CLOSED    LEADER s2@group-F860CA578C61:t1, leader=s2, voted=s2, raftlog=Memoized:s2@group-F860CA578C61-SegmentedRaftLog:CLOSED:c0, conf=conf: {index: 0, cur=peers:[s3|localhost:15152, s4|localhost:15156, s0|localhost:15140, s1|localhost:15144, s2|localhost:15148]|listeners:[], old=null} CLOSED
2024-10-11 15:03:23,263 [s4@group-F860CA578C61-LeaderElection19] INFO  impl.LeaderElection (LeaderElection.java:logAndReturn(90)) - s4@group-F860CA578C61-LeaderElection19: PRE_VOTE TIMEOUT received 1 response(s) and 2 exception(s):
2024-10-11 15:03:23,263 [s4@group-F860CA578C61-LeaderElection19] INFO  impl.LeaderElection (LeaderElection.java:logAndReturn(94)) -   Response 0: s4<-s3#0:OK-t2
2024-10-11 15:03:23,263 [s4@group-F860CA578C61-LeaderElection19] INFO  impl.LeaderElection (LogUtils.java:infoOrTrace(136)) -   Exception 1: java.util.concurrent.ExecutionException: org.apache.ratis.thirdparty.io.netty.channel.AbstractChannel$AnnotatedConnectException: finishConnect(..) failed: Connection refused: localhost/127.0.0.1:15148
2024-10-11 15:03:23,263 [s4@group-F860CA578C61-LeaderElection19] INFO  impl.LeaderElection (LogUtils.java:infoOrTrace(136)) -   Exception 2: java.util.concurrent.ExecutionException: org.apache.ratis.thirdparty.io.netty.channel.AbstractChannel$AnnotatedConnectException: finishConnect(..) failed: Connection refused: localhost/127.0.0.1:15140
2024-10-11 15:03:23,263 [s4@group-F860CA578C61-LeaderElection19] INFO  impl.LeaderElection (LeaderElection.java:askForVotes(339)) - s4@group-F860CA578C61-LeaderElection19 PRE_VOTE round 100: result TIMEOUT
2024-10-11 15:03:23,263 [s4@group-F860CA578C61-LeaderElection19] INFO  impl.LeaderElection (LeaderElection.java:askForVotes(337)) - s4@group-F860CA578C61-LeaderElection19 PRE_VOTE round 101: submit vote requests at term 2 for conf: {index: 1, cur=peers:[s3|localhost:15152, s4|localhost:15156, s0|localhost:15140, s1|localhost:15144, s2|localhost:15148]|listeners:[], old=null}
2024-10-11 15:03:23,264 [NettyRpcService-workerGroup--thread3] INFO  server.RaftServer$Division (RaftServerImpl.java:requestVote(1443)) - s3@group-F860CA578C61: receive requestVote(PRE_VOTE, s4, group-F860CA578C61, 2, (t:2, i:2))
2024-10-11 15:03:23,264 [NettyRpcService-workerGroup--thread3] INFO  impl.VoteContext (VoteContext.java:log(49)) - s3@group-F860CA578C61-CANDIDATE: accept PRE_VOTE from s4: our priority 0 <= candidate's priority 0
2024-10-11 15:03:23,264 [s4@group-F860CA578C61-LeaderElection19] INFO  impl.LeaderElection (LogUtils.java:infoOrTrace(136)) - s4@group-F860CA578C61-LeaderElection19 got exception when requesting votes: java.util.concurrent.ExecutionException: org.apache.ratis.thirdparty.io.netty.channel.AbstractChannel$AnnotatedConnectException: finishConnect(..) failed: Connection refused: localhost/127.0.0.1:15140
2024-10-11 15:03:23,264 [NettyRpcService-workerGroup--thread3] INFO  server.RaftServer$Division (RaftServerImpl.java:requestVote(1476)) - s3@group-F860CA578C61 replies to PRE_VOTE vote request: s4<-s3#0:OK-t2. Peer's state: s3@group-F860CA578C61:t2, leader=null, voted=s0, raftlog=Memoized:s3@group-F860CA578C61-SegmentedRaftLog:OPENED:c2:last(t:2, i:2), conf=conf: {index: 1, cur=peers:[s3|localhost:15152, s4|localhost:15156, s0|localhost:15140, s1|localhost:15144, s2|localhost:15148]|listeners:[], old=null}
2024-10-11 15:03:23,264 [s4@group-F860CA578C61-LeaderElection19] INFO  impl.LeaderElection (LogUtils.java:infoOrTrace(136)) - s4@group-F860CA578C61-LeaderElection19 got exception when requesting votes: java.util.concurrent.ExecutionException: org.apache.ratis.thirdparty.io.netty.channel.AbstractChannel$AnnotatedConnectException: finishConnect(..) failed: Connection refused: localhost/127.0.0.1:15148
2024-10-11 15:03:23,328 [s3@group-F860CA578C61-LeaderElection20] INFO  impl.LeaderElection (LeaderElection.java:logAndReturn(90)) - s3@group-F860CA578C61-LeaderElection20: PRE_VOTE TIMEOUT received 1 response(s) and 2 exception(s):
2024-10-11 15:03:23,328 [s3@group-F860CA578C61-LeaderElection20] INFO  impl.LeaderElection (LeaderElection.java:logAndReturn(94)) -   Response 0: s3<-s4#0:OK-t2
2024-10-11 15:03:23,328 [s3@group-F860CA578C61-LeaderElection20] INFO  impl.LeaderElection (LogUtils.java:infoOrTrace(136)) -   Exception 1: java.util.concurrent.ExecutionException: org.apache.ratis.thirdparty.io.netty.channel.AbstractChannel$AnnotatedConnectException: finishConnect(..) failed: Connection refused: localhost/127.0.0.1:15148
2024-10-11 15:03:23,328 [s3@group-F860CA578C61-LeaderElection20] INFO  impl.LeaderElection (LogUtils.java:infoOrTrace(136)) -   Exception 2: java.util.concurrent.ExecutionException: org.apache.ratis.thirdparty.io.netty.channel.AbstractChannel$AnnotatedConnectException: finishConnect(..) failed: Connection refused: localhost/127.0.0.1:15140
2024-10-11 15:03:23,328 [s3@group-F860CA578C61-LeaderElection20] INFO  impl.LeaderElection (LeaderElection.java:askForVotes(339)) - s3@group-F860CA578C61-LeaderElection20 PRE_VOTE round 91: result TIMEOUT
2024-10-11 15:03:23,328 [s3@group-F860CA578C61-LeaderElection20] INFO  impl.LeaderElection (LeaderElection.java:askForVotes(337)) - s3@group-F860CA578C61-LeaderElection20 PRE_VOTE round 92: submit vote requests at term 2 for conf: {index: 1, cur=peers:[s3|localhost:15152, s4|localhost:15156, s0|localhost:15140, s1|localhost:15144, s2|localhost:15148]|listeners:[], old=null}
2024-10-11 15:03:23,329 [NettyRpcService-workerGroup--thread3] INFO  server.RaftServer$Division (RaftServerImpl.java:requestVote(1443)) - s4@group-F860CA578C61: receive requestVote(PRE_VOTE, s3, group-F860CA578C61, 2, (t:2, i:2))
2024-10-11 15:03:23,329 [NettyRpcService-workerGroup--thread3] INFO  impl.VoteContext (VoteContext.java:log(49)) - s4@group-F860CA578C61-CANDIDATE: accept PRE_VOTE from s3: our priority 0 <= candidate's priority 0
2024-10-11 15:03:23,329 [NettyRpcService-workerGroup--thread3] INFO  server.RaftServer$Division (RaftServerImpl.java:requestVote(1476)) - s4@group-F860CA578C61 replies to PRE_VOTE vote request: s3<-s4#0:OK-t2. Peer's state: s4@group-F860CA578C61:t2, leader=null, voted=s0, raftlog=Memoized:s4@group-F860CA578C61-SegmentedRaftLog:OPENED:c2:last(t:2, i:2), conf=conf: {index: 1, cur=peers:[s3|localhost:15152, s4|localhost:15156, s0|localhost:15140, s1|localhost:15144, s2|localhost:15148]|listeners:[], old=null}
2024-10-11 15:03:23,329 [s3@group-F860CA578C61-LeaderElection20] INFO  impl.LeaderElection (LogUtils.java:infoOrTrace(136)) - s3@group-F860CA578C61-LeaderElection20 got exception when requesting votes: java.util.concurrent.ExecutionException: org.apache.ratis.thirdparty.io.netty.channel.AbstractChannel$AnnotatedConnectException: finishConnect(..) failed: Connection refused: localhost/127.0.0.1:15140
2024-10-11 15:03:23,329 [s3@group-F860CA578C61-LeaderElection20] INFO  impl.LeaderElection (LogUtils.java:infoOrTrace(136)) - s3@group-F860CA578C61-LeaderElection20 got exception when requesting votes: java.util.concurrent.ExecutionException: org.apache.ratis.thirdparty.io.netty.channel.AbstractChannel$AnnotatedConnectException: finishConnect(..) failed: Connection refused: localhost/127.0.0.1:15148
2024-10-11 15:03:23,453 [s4@group-F860CA578C61-LeaderElection19] INFO  impl.LeaderElection (LeaderElection.java:logAndReturn(90)) - s4@group-F860CA578C61-LeaderElection19: PRE_VOTE TIMEOUT received 1 response(s) and 2 exception(s):
2024-10-11 15:03:23,453 [s4@group-F860CA578C61-LeaderElection19] INFO  impl.LeaderElection (LeaderElection.java:logAndReturn(94)) -   Response 0: s4<-s3#0:OK-t2
2024-10-11 15:03:23,453 [s4@group-F860CA578C61-LeaderElection19] INFO  impl.LeaderElection (LogUtils.java:infoOrTrace(136)) -   Exception 1: java.util.concurrent.ExecutionException: org.apache.ratis.thirdparty.io.netty.channel.AbstractChannel$AnnotatedConnectException: finishConnect(..) failed: Connection refused: localhost/127.0.0.1:15140
2024-10-11 15:03:23,453 [s4@group-F860CA578C61-LeaderElection19] INFO  impl.LeaderElection (LogUtils.java:infoOrTrace(136)) -   Exception 2: java.util.concurrent.ExecutionException: org.apache.ratis.thirdparty.io.netty.channel.AbstractChannel$AnnotatedConnectException: finishConnect(..) failed: Connection refused: localhost/127.0.0.1:15148
2024-10-11 15:03:23,453 [s4@group-F860CA578C61-LeaderElection19] INFO  impl.LeaderElection (LeaderElection.java:askForVotes(339)) - s4@group-F860CA578C61-LeaderElection19 PRE_VOTE round 101: result TIMEOUT
2024-10-11 15:03:23,453 [s4@group-F860CA578C61-LeaderElection19] INFO  impl.LeaderElection (LeaderElection.java:askForVotes(337)) - s4@group-F860CA578C61-LeaderElection19 PRE_VOTE round 102: submit vote requests at term 2 for conf: {index: 1, cur=peers:[s3|localhost:15152, s4|localhost:15156, s0|localhost:15140, s1|localhost:15144, s2|localhost:15148]|listeners:[], old=null}
2024-10-11 15:03:23,454 [NettyRpcService-workerGroup--thread3] INFO  server.RaftServer$Division (RaftServerImpl.java:requestVote(1443)) - s3@group-F860CA578C61: receive requestVote(PRE_VOTE, s4, group-F860CA578C61, 2, (t:2, i:2))
2024-10-11 15:03:23,454 [NettyRpcService-workerGroup--thread3] INFO  impl.VoteContext (VoteContext.java:log(49)) - s3@group-F860CA578C61-CANDIDATE: accept PRE_VOTE from s4: our priority 0 <= candidate's priority 0
2024-10-11 15:03:23,454 [NettyRpcService-workerGroup--thread3] INFO  server.RaftServer$Division (RaftServerImpl.java:requestVote(1476)) - s3@group-F860CA578C61 replies to PRE_VOTE vote request: s4<-s3#0:OK-t2. Peer's state: s3@group-F860CA578C61:t2, leader=null, voted=s0, raftlog=Memoized:s3@group-F860CA578C61-SegmentedRaftLog:OPENED:c2:last(t:2, i:2), conf=conf: {index: 1, cur=peers:[s3|localhost:15152, s4|localhost:15156, s0|localhost:15140, s1|localhost:15144, s2|localhost:15148]|listeners:[], old=null}
2024-10-11 15:03:23,454 [s4@group-F860CA578C61-LeaderElection19] INFO  impl.LeaderElection (LogUtils.java:infoOrTrace(136)) - s4@group-F860CA578C61-LeaderElection19 got exception when requesting votes: java.util.concurrent.ExecutionException: org.apache.ratis.thirdparty.io.netty.channel.AbstractChannel$AnnotatedConnectException: finishConnect(..) failed: Connection refused: localhost/127.0.0.1:15148
2024-10-11 15:03:23,455 [s4@group-F860CA578C61-LeaderElection19] INFO  impl.LeaderElection (LogUtils.java:infoOrTrace(136)) - s4@group-F860CA578C61-LeaderElection19 got exception when requesting votes: java.util.concurrent.ExecutionException: org.apache.ratis.thirdparty.io.netty.channel.AbstractChannel$AnnotatedConnectException: finishConnect(..) failed: Connection refused: localhost/127.0.0.1:15140
2024-10-11 15:03:23,512 [s3@group-F860CA578C61-LeaderElection20] INFO  impl.LeaderElection (LeaderElection.java:logAndReturn(90)) - s3@group-F860CA578C61-LeaderElection20: PRE_VOTE TIMEOUT received 1 response(s) and 2 exception(s):
2024-10-11 15:03:23,512 [s3@group-F860CA578C61-LeaderElection20] INFO  impl.LeaderElection (LeaderElection.java:logAndReturn(94)) -   Response 0: s3<-s4#0:OK-t2
2024-10-11 15:03:23,512 [s3@group-F860CA578C61-LeaderElection20] INFO  impl.LeaderElection (LogUtils.java:infoOrTrace(136)) -   Exception 1: java.util.concurrent.ExecutionException: org.apache.ratis.thirdparty.io.netty.channel.AbstractChannel$AnnotatedConnectException: finishConnect(..) failed: Connection refused: localhost/127.0.0.1:15140
2024-10-11 15:03:23,512 [s3@group-F860CA578C61-LeaderElection20] INFO  impl.LeaderElection (LogUtils.java:infoOrTrace(136)) -   Exception 2: java.util.concurrent.ExecutionException: org.apache.ratis.thirdparty.io.netty.channel.AbstractChannel$AnnotatedConnectException: finishConnect(..) failed: Connection refused: localhost/127.0.0.1:15148
2024-10-11 15:03:23,512 [s3@group-F860CA578C61-LeaderElection20] INFO  impl.LeaderElection (LeaderElection.java:askForVotes(339)) - s3@group-F860CA578C61-LeaderElection20 PRE_VOTE round 92: result TIMEOUT
2024-10-11 15:03:23,512 [s3@group-F860CA578C61-LeaderElection20] INFO  impl.LeaderElection (LeaderElection.java:askForVotes(337)) - s3@group-F860CA578C61-LeaderElection20 PRE_VOTE round 93: submit vote requests at term 2 for conf: {index: 1, cur=peers:[s3|localhost:15152, s4|localhost:15156, s0|localhost:15140, s1|localhost:15144, s2|localhost:15148]|listeners:[], old=null}
2024-10-11 15:03:23,513 [NettyRpcService-workerGroup--thread3] INFO  server.RaftServer$Division (RaftServerImpl.java:requestVote(1443)) - s4@group-F860CA578C61: receive requestVote(PRE_VOTE, s3, group-F860CA578C61, 2, (t:2, i:2))
2024-10-11 15:03:23,513 [NettyRpcService-workerGroup--thread3] INFO  impl.VoteContext (VoteContext.java:log(49)) - s4@group-F860CA578C61-CANDIDATE: accept PRE_VOTE from s3: our priority 0 <= candidate's priority 0
2024-10-11 15:03:23,513 [NettyRpcService-workerGroup--thread3] INFO  server.RaftServer$Division (RaftServerImpl.java:requestVote(1476)) - s4@group-F860CA578C61 replies to PRE_VOTE vote request: s3<-s4#0:OK-t2. Peer's state: s4@group-F860CA578C61:t2, leader=null, voted=s0, raftlog=Memoized:s4@group-F860CA578C61-SegmentedRaftLog:OPENED:c2:last(t:2, i:2), conf=conf: {index: 1, cur=peers:[s3|localhost:15152, s4|localhost:15156, s0|localhost:15140, s1|localhost:15144, s2|localhost:15148]|listeners:[], old=null}
2024-10-11 15:03:23,513 [s3@group-F860CA578C61-LeaderElection20] INFO  impl.LeaderElection (LogUtils.java:infoOrTrace(136)) - s3@group-F860CA578C61-LeaderElection20 got exception when requesting votes: java.util.concurrent.ExecutionException: org.apache.ratis.thirdparty.io.netty.channel.AbstractChannel$AnnotatedConnectException: finishConnect(..) failed: Connection refused: localhost/127.0.0.1:15148
2024-10-11 15:03:23,514 [s3@group-F860CA578C61-LeaderElection20] INFO  impl.LeaderElection (LogUtils.java:infoOrTrace(136)) - s3@group-F860CA578C61-LeaderElection20 got exception when requesting votes: java.util.concurrent.ExecutionException: org.apache.ratis.thirdparty.io.netty.channel.AbstractChannel$AnnotatedConnectException: finishConnect(..) failed: Connection refused: localhost/127.0.0.1:15140
2024-10-11 15:03:23,691 [s4@group-F860CA578C61-LeaderElection19] INFO  impl.LeaderElection (LeaderElection.java:logAndReturn(90)) - s4@group-F860CA578C61-LeaderElection19: PRE_VOTE TIMEOUT received 1 response(s) and 2 exception(s):
2024-10-11 15:03:23,691 [s4@group-F860CA578C61-LeaderElection19] INFO  impl.LeaderElection (LeaderElection.java:logAndReturn(94)) -   Response 0: s4<-s3#0:OK-t2
2024-10-11 15:03:23,691 [s4@group-F860CA578C61-LeaderElection19] INFO  impl.LeaderElection (LogUtils.java:infoOrTrace(136)) -   Exception 1: java.util.concurrent.ExecutionException: org.apache.ratis.thirdparty.io.netty.channel.AbstractChannel$AnnotatedConnectException: finishConnect(..) failed: Connection refused: localhost/127.0.0.1:15148
2024-10-11 15:03:23,692 [s4@group-F860CA578C61-LeaderElection19] INFO  impl.LeaderElection (LogUtils.java:infoOrTrace(136)) -   Exception 2: java.util.concurrent.ExecutionException: org.apache.ratis.thirdparty.io.netty.channel.AbstractChannel$AnnotatedConnectException: finishConnect(..) failed: Connection refused: localhost/127.0.0.1:15140
2024-10-11 15:03:23,692 [s4@group-F860CA578C61-LeaderElection19] INFO  impl.LeaderElection (LeaderElection.java:askForVotes(339)) - s4@group-F860CA578C61-LeaderElection19 PRE_VOTE round 102: result TIMEOUT
2024-10-11 15:03:23,692 [s4@group-F860CA578C61-LeaderElection19] INFO  impl.LeaderElection (LeaderElection.java:askForVotes(337)) - s4@group-F860CA578C61-LeaderElection19 PRE_VOTE round 103: submit vote requests at term 2 for conf: {index: 1, cur=peers:[s3|localhost:15152, s4|localhost:15156, s0|localhost:15140, s1|localhost:15144, s2|localhost:15148]|listeners:[], old=null}
2024-10-11 15:03:23,693 [NettyRpcService-workerGroup--thread3] INFO  server.RaftServer$Division (RaftServerImpl.java:requestVote(1443)) - s3@group-F860CA578C61: receive requestVote(PRE_VOTE, s4, group-F860CA578C61, 2, (t:2, i:2))
2024-10-11 15:03:23,693 [NettyRpcService-workerGroup--thread3] INFO  impl.VoteContext (VoteContext.java:log(49)) - s3@group-F860CA578C61-CANDIDATE: accept PRE_VOTE from s4: our priority 0 <= candidate's priority 0
2024-10-11 15:03:23,693 [NettyRpcService-workerGroup--thread3] INFO  server.RaftServer$Division (RaftServerImpl.java:requestVote(1476)) - s3@group-F860CA578C61 replies to PRE_VOTE vote request: s4<-s3#0:OK-t2. Peer's state: s3@group-F860CA578C61:t2, leader=null, voted=s0, raftlog=Memoized:s3@group-F860CA578C61-SegmentedRaftLog:OPENED:c2:last(t:2, i:2), conf=conf: {index: 1, cur=peers:[s3|localhost:15152, s4|localhost:15156, s0|localhost:15140, s1|localhost:15144, s2|localhost:15148]|listeners:[], old=null}
2024-10-11 15:03:23,693 [s4@group-F860CA578C61-LeaderElection19] INFO  impl.LeaderElection (LogUtils.java:infoOrTrace(136)) - s4@group-F860CA578C61-LeaderElection19 got exception when requesting votes: java.util.concurrent.ExecutionException: org.apache.ratis.thirdparty.io.netty.channel.AbstractChannel$AnnotatedConnectException: finishConnect(..) failed: Connection refused: localhost/127.0.0.1:15148
2024-10-11 15:03:23,693 [s4@group-F860CA578C61-LeaderElection19] INFO  impl.LeaderElection (LogUtils.java:infoOrTrace(136)) - s4@group-F860CA578C61-LeaderElection19 got exception when requesting votes: java.util.concurrent.ExecutionException: org.apache.ratis.thirdparty.io.netty.channel.AbstractChannel$AnnotatedConnectException: finishConnect(..) failed: Connection refused: localhost/127.0.0.1:15140
2024-10-11 15:03:23,704 [main] WARN  ratis.RaftTestUtil (RaftTestUtil.java:lambda$waitForLeader$3(126)) - Attempt #52 failed: java.lang.IllegalStateException: No leader yet : printing ALL groups
  s3:  RUNNING CANDIDATE s3@group-F860CA578C61:t2, leader=null, voted=s0, raftlog=Memoized:s3@group-F860CA578C61-SegmentedRaftLog:OPENED:c2:last(t:2, i:2), conf=conf: {index: 1, cur=peers:[s3|localhost:15152, s4|localhost:15156, s0|localhost:15140, s1|localhost:15144, s2|localhost:15148]|listeners:[], old=null} RUNNING
  s4:  RUNNING CANDIDATE s4@group-F860CA578C61:t2, leader=null, voted=s0, raftlog=Memoized:s4@group-F860CA578C61-SegmentedRaftLog:OPENED:c2:last(t:2, i:2), conf=conf: {index: 1, cur=peers:[s3|localhost:15152, s4|localhost:15156, s0|localhost:15140, s1|localhost:15144, s2|localhost:15148]|listeners:[], old=null} RUNNING
  s0:   CLOSED    LEADER s0@group-F860CA578C61:t2, leader=s0, voted=s0, raftlog=Memoized:s0@group-F860CA578C61-SegmentedRaftLog:CLOSED:c2, conf=conf: {index: 1, cur=peers:[s3|localhost:15152, s4|localhost:15156, s0|localhost:15140, s1|localhost:15144, s2|localhost:15148]|listeners:[], old=null} CLOSED
  s1:  RUNNING  FOLLOWER s1@group-F860CA578C61:t1, leader=null, voted=null, raftlog=Memoized:s1@group-F860CA578C61-SegmentedRaftLog:OPENED:c-1:lastnull, conf=conf: {index: -1, cur=peers:[s3|localhost:15152, s4|localhost:15156, s0|localhost:15140, s1|localhost:15144, s2|localhost:15148]|listeners:[], old=null} RUNNING
  s2:   CLOSED    LEADER s2@group-F860CA578C61:t1, leader=s2, voted=s2, raftlog=Memoized:s2@group-F860CA578C61-SegmentedRaftLog:CLOSED:c0, conf=conf: {index: 0, cur=peers:[s3|localhost:15152, s4|localhost:15156, s0|localhost:15140, s1|localhost:15144, s2|localhost:15148]|listeners:[], old=null} CLOSED
2024-10-11 15:03:23,812 [s3@group-F860CA578C61-LeaderElection20] INFO  impl.LeaderElection (LeaderElection.java:logAndReturn(90)) - s3@group-F860CA578C61-LeaderElection20: PRE_VOTE TIMEOUT received 1 response(s) and 2 exception(s):
2024-10-11 15:03:23,812 [s3@group-F860CA578C61-LeaderElection20] INFO  impl.LeaderElection (LeaderElection.java:logAndReturn(94)) -   Response 0: s3<-s4#0:OK-t2
2024-10-11 15:03:23,812 [s3@group-F860CA578C61-LeaderElection20] INFO  impl.LeaderElection (LogUtils.java:infoOrTrace(136)) -   Exception 1: java.util.concurrent.ExecutionException: org.apache.ratis.thirdparty.io.netty.channel.AbstractChannel$AnnotatedConnectException: finishConnect(..) failed: Connection refused: localhost/127.0.0.1:15148
2024-10-11 15:03:23,812 [s3@group-F860CA578C61-LeaderElection20] INFO  impl.LeaderElection (LogUtils.java:infoOrTrace(136)) -   Exception 2: java.util.concurrent.ExecutionException: org.apache.ratis.thirdparty.io.netty.channel.AbstractChannel$AnnotatedConnectException: finishConnect(..) failed: Connection refused: localhost/127.0.0.1:15140
2024-10-11 15:03:23,812 [s3@group-F860CA578C61-LeaderElection20] INFO  impl.LeaderElection (LeaderElection.java:askForVotes(339)) - s3@group-F860CA578C61-LeaderElection20 PRE_VOTE round 93: result TIMEOUT
2024-10-11 15:03:23,812 [s3@group-F860CA578C61-LeaderElection20] INFO  impl.LeaderElection (LeaderElection.java:askForVotes(337)) - s3@group-F860CA578C61-LeaderElection20 PRE_VOTE round 94: submit vote requests at term 2 for conf: {index: 1, cur=peers:[s3|localhost:15152, s4|localhost:15156, s0|localhost:15140, s1|localhost:15144, s2|localhost:15148]|listeners:[], old=null}
2024-10-11 15:03:23,813 [NettyRpcService-workerGroup--thread3] INFO  server.RaftServer$Division (RaftServerImpl.java:requestVote(1443)) - s4@group-F860CA578C61: receive requestVote(PRE_VOTE, s3, group-F860CA578C61, 2, (t:2, i:2))
2024-10-11 15:03:23,813 [NettyRpcService-workerGroup--thread3] INFO  impl.VoteContext (VoteContext.java:log(49)) - s4@group-F860CA578C61-CANDIDATE: accept PRE_VOTE from s3: our priority 0 <= candidate's priority 0
2024-10-11 15:03:23,814 [NettyRpcService-workerGroup--thread3] INFO  server.RaftServer$Division (RaftServerImpl.java:requestVote(1476)) - s4@group-F860CA578C61 replies to PRE_VOTE vote request: s3<-s4#0:OK-t2. Peer's state: s4@group-F860CA578C61:t2, leader=null, voted=s0, raftlog=Memoized:s4@group-F860CA578C61-SegmentedRaftLog:OPENED:c2:last(t:2, i:2), conf=conf: {index: 1, cur=peers:[s3|localhost:15152, s4|localhost:15156, s0|localhost:15140, s1|localhost:15144, s2|localhost:15148]|listeners:[], old=null}
2024-10-11 15:03:23,815 [s3@group-F860CA578C61-LeaderElection20] INFO  impl.LeaderElection (LogUtils.java:infoOrTrace(136)) - s3@group-F860CA578C61-LeaderElection20 got exception when requesting votes: java.util.concurrent.ExecutionException: org.apache.ratis.thirdparty.io.netty.channel.AbstractChannel$AnnotatedConnectException: finishConnect(..) failed: Connection refused: localhost/127.0.0.1:15140
2024-10-11 15:03:23,815 [s3@group-F860CA578C61-LeaderElection20] INFO  impl.LeaderElection (LogUtils.java:infoOrTrace(136)) - s3@group-F860CA578C61-LeaderElection20 got exception when requesting votes: java.util.concurrent.ExecutionException: org.apache.ratis.thirdparty.io.netty.channel.AbstractChannel$AnnotatedConnectException: finishConnect(..) failed: Connection refused: localhost/127.0.0.1:15148
2024-10-11 15:03:23,870 [s4@group-F860CA578C61-LeaderElection19] INFO  impl.LeaderElection (LeaderElection.java:logAndReturn(90)) - s4@group-F860CA578C61-LeaderElection19: PRE_VOTE TIMEOUT received 1 response(s) and 2 exception(s):
2024-10-11 15:03:23,871 [s4@group-F860CA578C61-LeaderElection19] INFO  impl.LeaderElection (LeaderElection.java:logAndReturn(94)) -   Response 0: s4<-s3#0:OK-t2
2024-10-11 15:03:23,871 [s4@group-F860CA578C61-LeaderElection19] INFO  impl.LeaderElection (LogUtils.java:infoOrTrace(136)) -   Exception 1: java.util.concurrent.ExecutionException: org.apache.ratis.thirdparty.io.netty.channel.AbstractChannel$AnnotatedConnectException: finishConnect(..) failed: Connection refused: localhost/127.0.0.1:15148
2024-10-11 15:03:23,871 [s4@group-F860CA578C61-LeaderElection19] INFO  impl.LeaderElection (LogUtils.java:infoOrTrace(136)) -   Exception 2: java.util.concurrent.ExecutionException: org.apache.ratis.thirdparty.io.netty.channel.AbstractChannel$AnnotatedConnectException: finishConnect(..) failed: Connection refused: localhost/127.0.0.1:15140
2024-10-11 15:03:23,871 [s4@group-F860CA578C61-LeaderElection19] INFO  impl.LeaderElection (LeaderElection.java:askForVotes(339)) - s4@group-F860CA578C61-LeaderElection19 PRE_VOTE round 103: result TIMEOUT
2024-10-11 15:03:23,871 [s4@group-F860CA578C61-LeaderElection19] INFO  impl.LeaderElection (LeaderElection.java:askForVotes(337)) - s4@group-F860CA578C61-LeaderElection19 PRE_VOTE round 104: submit vote requests at term 2 for conf: {index: 1, cur=peers:[s3|localhost:15152, s4|localhost:15156, s0|localhost:15140, s1|localhost:15144, s2|localhost:15148]|listeners:[], old=null}
2024-10-11 15:03:23,872 [NettyRpcService-workerGroup--thread3] INFO  server.RaftServer$Division (RaftServerImpl.java:requestVote(1443)) - s3@group-F860CA578C61: receive requestVote(PRE_VOTE, s4, group-F860CA578C61, 2, (t:2, i:2))
2024-10-11 15:03:23,872 [NettyRpcService-workerGroup--thread3] INFO  impl.VoteContext (VoteContext.java:log(49)) - s3@group-F860CA578C61-CANDIDATE: accept PRE_VOTE from s4: our priority 0 <= candidate's priority 0
2024-10-11 15:03:23,872 [NettyRpcService-workerGroup--thread3] INFO  server.RaftServer$Division (RaftServerImpl.java:requestVote(1476)) - s3@group-F860CA578C61 replies to PRE_VOTE vote request: s4<-s3#0:OK-t2. Peer's state: s3@group-F860CA578C61:t2, leader=null, voted=s0, raftlog=Memoized:s3@group-F860CA578C61-SegmentedRaftLog:OPENED:c2:last(t:2, i:2), conf=conf: {index: 1, cur=peers:[s3|localhost:15152, s4|localhost:15156, s0|localhost:15140, s1|localhost:15144, s2|localhost:15148]|listeners:[], old=null}
2024-10-11 15:03:23,872 [s4@group-F860CA578C61-LeaderElection19] INFO  impl.LeaderElection (LogUtils.java:infoOrTrace(136)) - s4@group-F860CA578C61-LeaderElection19 got exception when requesting votes: java.util.concurrent.ExecutionException: org.apache.ratis.thirdparty.io.netty.channel.AbstractChannel$AnnotatedConnectException: finishConnect(..) failed: Connection refused: localhost/127.0.0.1:15148
2024-10-11 15:03:23,873 [s4@group-F860CA578C61-LeaderElection19] INFO  impl.LeaderElection (LogUtils.java:infoOrTrace(136)) - s4@group-F860CA578C61-LeaderElection19 got exception when requesting votes: java.util.concurrent.ExecutionException: org.apache.ratis.thirdparty.io.netty.channel.AbstractChannel$AnnotatedConnectException: finishConnect(..) failed: Connection refused: localhost/127.0.0.1:15140
2024-10-11 15:03:23,966 [s3@group-F860CA578C61-LeaderElection20] INFO  impl.LeaderElection (LeaderElection.java:logAndReturn(90)) - s3@group-F860CA578C61-LeaderElection20: PRE_VOTE TIMEOUT received 1 response(s) and 2 exception(s):
2024-10-11 15:03:23,966 [s3@group-F860CA578C61-LeaderElection20] INFO  impl.LeaderElection (LeaderElection.java:logAndReturn(94)) -   Response 0: s3<-s4#0:OK-t2
2024-10-11 15:03:23,966 [s3@group-F860CA578C61-LeaderElection20] INFO  impl.LeaderElection (LogUtils.java:infoOrTrace(136)) -   Exception 1: java.util.concurrent.ExecutionException: org.apache.ratis.thirdparty.io.netty.channel.AbstractChannel$AnnotatedConnectException: finishConnect(..) failed: Connection refused: localhost/127.0.0.1:15140
2024-10-11 15:03:23,966 [s3@group-F860CA578C61-LeaderElection20] INFO  impl.LeaderElection (LogUtils.java:infoOrTrace(136)) -   Exception 2: java.util.concurrent.ExecutionException: org.apache.ratis.thirdparty.io.netty.channel.AbstractChannel$AnnotatedConnectException: finishConnect(..) failed: Connection refused: localhost/127.0.0.1:15148
2024-10-11 15:03:23,967 [s3@group-F860CA578C61-LeaderElection20] INFO  impl.LeaderElection (LeaderElection.java:askForVotes(339)) - s3@group-F860CA578C61-LeaderElection20 PRE_VOTE round 94: result TIMEOUT
2024-10-11 15:03:23,967 [s3@group-F860CA578C61-LeaderElection20] INFO  impl.LeaderElection (LeaderElection.java:askForVotes(337)) - s3@group-F860CA578C61-LeaderElection20 PRE_VOTE round 95: submit vote requests at term 2 for conf: {index: 1, cur=peers:[s3|localhost:15152, s4|localhost:15156, s0|localhost:15140, s1|localhost:15144, s2|localhost:15148]|listeners:[], old=null}
2024-10-11 15:03:23,967 [NettyRpcService-workerGroup--thread3] INFO  server.RaftServer$Division (RaftServerImpl.java:requestVote(1443)) - s4@group-F860CA578C61: receive requestVote(PRE_VOTE, s3, group-F860CA578C61, 2, (t:2, i:2))
2024-10-11 15:03:23,968 [s3@group-F860CA578C61-LeaderElection20] INFO  impl.LeaderElection (LogUtils.java:infoOrTrace(136)) - s3@group-F860CA578C61-LeaderElection20 got exception when requesting votes: java.util.concurrent.ExecutionException: org.apache.ratis.thirdparty.io.netty.channel.AbstractChannel$AnnotatedConnectException: finishConnect(..) failed: Connection refused: localhost/127.0.0.1:15140
2024-10-11 15:03:23,968 [NettyRpcService-workerGroup--thread3] INFO  impl.VoteContext (VoteContext.java:log(49)) - s4@group-F860CA578C61-CANDIDATE: accept PRE_VOTE from s3: our priority 0 <= candidate's priority 0
2024-10-11 15:03:23,968 [s3@group-F860CA578C61-LeaderElection20] INFO  impl.LeaderElection (LogUtils.java:infoOrTrace(136)) - s3@group-F860CA578C61-LeaderElection20 got exception when requesting votes: java.util.concurrent.ExecutionException: org.apache.ratis.thirdparty.io.netty.channel.AbstractChannel$AnnotatedConnectException: finishConnect(..) failed: Connection refused: localhost/127.0.0.1:15148
2024-10-11 15:03:23,968 [NettyRpcService-workerGroup--thread3] INFO  server.RaftServer$Division (RaftServerImpl.java:requestVote(1476)) - s4@group-F860CA578C61 replies to PRE_VOTE vote request: s3<-s4#0:OK-t2. Peer's state: s4@group-F860CA578C61:t2, leader=null, voted=s0, raftlog=Memoized:s4@group-F860CA578C61-SegmentedRaftLog:OPENED:c2:last(t:2, i:2), conf=conf: {index: 1, cur=peers:[s3|localhost:15152, s4|localhost:15156, s0|localhost:15140, s1|localhost:15144, s2|localhost:15148]|listeners:[], old=null}
2024-10-11 15:03:24,023 [s4@group-F860CA578C61-LeaderElection19] INFO  impl.LeaderElection (LeaderElection.java:logAndReturn(90)) - s4@group-F860CA578C61-LeaderElection19: PRE_VOTE TIMEOUT received 1 response(s) and 2 exception(s):
2024-10-11 15:03:24,023 [s4@group-F860CA578C61-LeaderElection19] INFO  impl.LeaderElection (LeaderElection.java:logAndReturn(94)) -   Response 0: s4<-s3#0:OK-t2
2024-10-11 15:03:24,023 [s4@group-F860CA578C61-LeaderElection19] INFO  impl.LeaderElection (LogUtils.java:infoOrTrace(136)) -   Exception 1: java.util.concurrent.ExecutionException: org.apache.ratis.thirdparty.io.netty.channel.AbstractChannel$AnnotatedConnectException: finishConnect(..) failed: Connection refused: localhost/127.0.0.1:15148
2024-10-11 15:03:24,023 [s4@group-F860CA578C61-LeaderElection19] INFO  impl.LeaderElection (LogUtils.java:infoOrTrace(136)) -   Exception 2: java.util.concurrent.ExecutionException: org.apache.ratis.thirdparty.io.netty.channel.AbstractChannel$AnnotatedConnectException: finishConnect(..) failed: Connection refused: localhost/127.0.0.1:15140
2024-10-11 15:03:24,023 [s4@group-F860CA578C61-LeaderElection19] INFO  impl.LeaderElection (LeaderElection.java:askForVotes(339)) - s4@group-F860CA578C61-LeaderElection19 PRE_VOTE round 104: result TIMEOUT
2024-10-11 15:03:24,023 [s4@group-F860CA578C61-LeaderElection19] INFO  impl.LeaderElection (LeaderElection.java:askForVotes(337)) - s4@group-F860CA578C61-LeaderElection19 PRE_VOTE round 105: submit vote requests at term 2 for conf: {index: 1, cur=peers:[s3|localhost:15152, s4|localhost:15156, s0|localhost:15140, s1|localhost:15144, s2|localhost:15148]|listeners:[], old=null}
2024-10-11 15:03:24,024 [NettyRpcService-workerGroup--thread3] INFO  server.RaftServer$Division (RaftServerImpl.java:requestVote(1443)) - s3@group-F860CA578C61: receive requestVote(PRE_VOTE, s4, group-F860CA578C61, 2, (t:2, i:2))
2024-10-11 15:03:24,024 [NettyRpcService-workerGroup--thread3] INFO  impl.VoteContext (VoteContext.java:log(49)) - s3@group-F860CA578C61-CANDIDATE: accept PRE_VOTE from s4: our priority 0 <= candidate's priority 0
2024-10-11 15:03:24,024 [s4@group-F860CA578C61-LeaderElection19] INFO  impl.LeaderElection (LogUtils.java:infoOrTrace(136)) - s4@group-F860CA578C61-LeaderElection19 got exception when requesting votes: java.util.concurrent.ExecutionException: org.apache.ratis.thirdparty.io.netty.channel.AbstractChannel$AnnotatedConnectException: finishConnect(..) failed: Connection refused: localhost/127.0.0.1:15140
2024-10-11 15:03:24,024 [NettyRpcService-workerGroup--thread3] INFO  server.RaftServer$Division (RaftServerImpl.java:requestVote(1476)) - s3@group-F860CA578C61 replies to PRE_VOTE vote request: s4<-s3#0:OK-t2. Peer's state: s3@group-F860CA578C61:t2, leader=null, voted=s0, raftlog=Memoized:s3@group-F860CA578C61-SegmentedRaftLog:OPENED:c2:last(t:2, i:2), conf=conf: {index: 1, cur=peers:[s3|localhost:15152, s4|localhost:15156, s0|localhost:15140, s1|localhost:15144, s2|localhost:15148]|listeners:[], old=null}
2024-10-11 15:03:24,024 [s4@group-F860CA578C61-LeaderElection19] INFO  impl.LeaderElection (LogUtils.java:infoOrTrace(136)) - s4@group-F860CA578C61-LeaderElection19 got exception when requesting votes: java.util.concurrent.ExecutionException: org.apache.ratis.thirdparty.io.netty.channel.AbstractChannel$AnnotatedConnectException: finishConnect(..) failed: Connection refused: localhost/127.0.0.1:15148
2024-10-11 15:03:24,155 [main] WARN  ratis.RaftTestUtil (RaftTestUtil.java:lambda$waitForLeader$3(126)) - Attempt #53 failed: java.lang.IllegalStateException: No leader yet : printing ALL groups
  s3:  RUNNING CANDIDATE s3@group-F860CA578C61:t2, leader=null, voted=s0, raftlog=Memoized:s3@group-F860CA578C61-SegmentedRaftLog:OPENED:c2:last(t:2, i:2), conf=conf: {index: 1, cur=peers:[s3|localhost:15152, s4|localhost:15156, s0|localhost:15140, s1|localhost:15144, s2|localhost:15148]|listeners:[], old=null} RUNNING
  s4:  RUNNING CANDIDATE s4@group-F860CA578C61:t2, leader=null, voted=s0, raftlog=Memoized:s4@group-F860CA578C61-SegmentedRaftLog:OPENED:c2:last(t:2, i:2), conf=conf: {index: 1, cur=peers:[s3|localhost:15152, s4|localhost:15156, s0|localhost:15140, s1|localhost:15144, s2|localhost:15148]|listeners:[], old=null} RUNNING
  s0:   CLOSED    LEADER s0@group-F860CA578C61:t2, leader=s0, voted=s0, raftlog=Memoized:s0@group-F860CA578C61-SegmentedRaftLog:CLOSED:c2, conf=conf: {index: 1, cur=peers:[s3|localhost:15152, s4|localhost:15156, s0|localhost:15140, s1|localhost:15144, s2|localhost:15148]|listeners:[], old=null} CLOSED
  s1:  RUNNING  FOLLOWER s1@group-F860CA578C61:t1, leader=null, voted=null, raftlog=Memoized:s1@group-F860CA578C61-SegmentedRaftLog:OPENED:c-1:lastnull, conf=conf: {index: -1, cur=peers:[s3|localhost:15152, s4|localhost:15156, s0|localhost:15140, s1|localhost:15144, s2|localhost:15148]|listeners:[], old=null} RUNNING
  s2:   CLOSED    LEADER s2@group-F860CA578C61:t1, leader=s2, voted=s2, raftlog=Memoized:s2@group-F860CA578C61-SegmentedRaftLog:CLOSED:c0, conf=conf: {index: 0, cur=peers:[s3|localhost:15152, s4|localhost:15156, s0|localhost:15140, s1|localhost:15144, s2|localhost:15148]|listeners:[], old=null} CLOSED
2024-10-11 15:03:24,157 [s3@group-F860CA578C61-LeaderElection20] INFO  impl.LeaderElection (LeaderElection.java:logAndReturn(90)) - s3@group-F860CA578C61-LeaderElection20: PRE_VOTE TIMEOUT received 1 response(s) and 2 exception(s):
2024-10-11 15:03:24,157 [s3@group-F860CA578C61-LeaderElection20] INFO  impl.LeaderElection (LeaderElection.java:logAndReturn(94)) -   Response 0: s3<-s4#0:OK-t2
2024-10-11 15:03:24,157 [s3@group-F860CA578C61-LeaderElection20] INFO  impl.LeaderElection (LogUtils.java:infoOrTrace(136)) -   Exception 1: java.util.concurrent.ExecutionException: org.apache.ratis.thirdparty.io.netty.channel.AbstractChannel$AnnotatedConnectException: finishConnect(..) failed: Connection refused: localhost/127.0.0.1:15140
2024-10-11 15:03:24,157 [s3@group-F860CA578C61-LeaderElection20] INFO  impl.LeaderElection (LogUtils.java:infoOrTrace(136)) -   Exception 2: java.util.concurrent.ExecutionException: org.apache.ratis.thirdparty.io.netty.channel.AbstractChannel$AnnotatedConnectException: finishConnect(..) failed: Connection refused: localhost/127.0.0.1:15148
2024-10-11 15:03:24,158 [s3@group-F860CA578C61-LeaderElection20] INFO  impl.LeaderElection (LeaderElection.java:askForVotes(339)) - s3@group-F860CA578C61-LeaderElection20 PRE_VOTE round 95: result TIMEOUT
2024-10-11 15:03:24,158 [s3@group-F860CA578C61-LeaderElection20] INFO  impl.LeaderElection (LeaderElection.java:askForVotes(337)) - s3@group-F860CA578C61-LeaderElection20 PRE_VOTE round 96: submit vote requests at term 2 for conf: {index: 1, cur=peers:[s3|localhost:15152, s4|localhost:15156, s0|localhost:15140, s1|localhost:15144, s2|localhost:15148]|listeners:[], old=null}
2024-10-11 15:03:24,158 [NettyRpcService-workerGroup--thread3] INFO  server.RaftServer$Division (RaftServerImpl.java:requestVote(1443)) - s4@group-F860CA578C61: receive requestVote(PRE_VOTE, s3, group-F860CA578C61, 2, (t:2, i:2))
2024-10-11 15:03:24,158 [NettyRpcService-workerGroup--thread3] INFO  impl.VoteContext (VoteContext.java:log(49)) - s4@group-F860CA578C61-CANDIDATE: accept PRE_VOTE from s3: our priority 0 <= candidate's priority 0
2024-10-11 15:03:24,159 [NettyRpcService-workerGroup--thread3] INFO  server.RaftServer$Division (RaftServerImpl.java:requestVote(1476)) - s4@group-F860CA578C61 replies to PRE_VOTE vote request: s3<-s4#0:OK-t2. Peer's state: s4@group-F860CA578C61:t2, leader=null, voted=s0, raftlog=Memoized:s4@group-F860CA578C61-SegmentedRaftLog:OPENED:c2:last(t:2, i:2), conf=conf: {index: 1, cur=peers:[s3|localhost:15152, s4|localhost:15156, s0|localhost:15140, s1|localhost:15144, s2|localhost:15148]|listeners:[], old=null}
2024-10-11 15:03:24,159 [s3@group-F860CA578C61-LeaderElection20] INFO  impl.LeaderElection (LogUtils.java:infoOrTrace(136)) - s3@group-F860CA578C61-LeaderElection20 got exception when requesting votes: java.util.concurrent.ExecutionException: org.apache.ratis.thirdparty.io.netty.channel.AbstractChannel$AnnotatedConnectException: finishConnect(..) failed: Connection refused: localhost/127.0.0.1:15140
2024-10-11 15:03:24,159 [s3@group-F860CA578C61-LeaderElection20] INFO  impl.LeaderElection (LogUtils.java:infoOrTrace(136)) - s3@group-F860CA578C61-LeaderElection20 got exception when requesting votes: java.util.concurrent.ExecutionException: org.apache.ratis.thirdparty.io.netty.channel.AbstractChannel$AnnotatedConnectException: finishConnect(..) failed: Connection refused: localhost/127.0.0.1:15148
2024-10-11 15:03:24,219 [s4@group-F860CA578C61-LeaderElection19] INFO  impl.LeaderElection (LeaderElection.java:logAndReturn(90)) - s4@group-F860CA578C61-LeaderElection19: PRE_VOTE TIMEOUT received 1 response(s) and 2 exception(s):
2024-10-11 15:03:24,219 [s4@group-F860CA578C61-LeaderElection19] INFO  impl.LeaderElection (LeaderElection.java:logAndReturn(94)) -   Response 0: s4<-s3#0:OK-t2
2024-10-11 15:03:24,219 [s4@group-F860CA578C61-LeaderElection19] INFO  impl.LeaderElection (LogUtils.java:infoOrTrace(136)) -   Exception 1: java.util.concurrent.ExecutionException: org.apache.ratis.thirdparty.io.netty.channel.AbstractChannel$AnnotatedConnectException: finishConnect(..) failed: Connection refused: localhost/127.0.0.1:15140
2024-10-11 15:03:24,219 [s4@group-F860CA578C61-LeaderElection19] INFO  impl.LeaderElection (LogUtils.java:infoOrTrace(136)) -   Exception 2: java.util.concurrent.ExecutionException: org.apache.ratis.thirdparty.io.netty.channel.AbstractChannel$AnnotatedConnectException: finishConnect(..) failed: Connection refused: localhost/127.0.0.1:15148
2024-10-11 15:03:24,219 [s4@group-F860CA578C61-LeaderElection19] INFO  impl.LeaderElection (LeaderElection.java:askForVotes(339)) - s4@group-F860CA578C61-LeaderElection19 PRE_VOTE round 105: result TIMEOUT
2024-10-11 15:03:24,219 [s4@group-F860CA578C61-LeaderElection19] INFO  impl.LeaderElection (LeaderElection.java:askForVotes(337)) - s4@group-F860CA578C61-LeaderElection19 PRE_VOTE round 106: submit vote requests at term 2 for conf: {index: 1, cur=peers:[s3|localhost:15152, s4|localhost:15156, s0|localhost:15140, s1|localhost:15144, s2|localhost:15148]|listeners:[], old=null}
2024-10-11 15:03:24,220 [NettyRpcService-workerGroup--thread3] INFO  server.RaftServer$Division (RaftServerImpl.java:requestVote(1443)) - s3@group-F860CA578C61: receive requestVote(PRE_VOTE, s4, group-F860CA578C61, 2, (t:2, i:2))
2024-10-11 15:03:24,220 [NettyRpcService-workerGroup--thread3] INFO  impl.VoteContext (VoteContext.java:log(49)) - s3@group-F860CA578C61-CANDIDATE: accept PRE_VOTE from s4: our priority 0 <= candidate's priority 0
2024-10-11 15:03:24,220 [s4@group-F860CA578C61-LeaderElection19] INFO  impl.LeaderElection (LogUtils.java:infoOrTrace(136)) - s4@group-F860CA578C61-LeaderElection19 got exception when requesting votes: java.util.concurrent.ExecutionException: org.apache.ratis.thirdparty.io.netty.channel.AbstractChannel$AnnotatedConnectException: finishConnect(..) failed: Connection refused: localhost/127.0.0.1:15140
2024-10-11 15:03:24,220 [NettyRpcService-workerGroup--thread3] INFO  server.RaftServer$Division (RaftServerImpl.java:requestVote(1476)) - s3@group-F860CA578C61 replies to PRE_VOTE vote request: s4<-s3#0:OK-t2. Peer's state: s3@group-F860CA578C61:t2, leader=null, voted=s0, raftlog=Memoized:s3@group-F860CA578C61-SegmentedRaftLog:OPENED:c2:last(t:2, i:2), conf=conf: {index: 1, cur=peers:[s3|localhost:15152, s4|localhost:15156, s0|localhost:15140, s1|localhost:15144, s2|localhost:15148]|listeners:[], old=null}
2024-10-11 15:03:24,220 [s4@group-F860CA578C61-LeaderElection19] INFO  impl.LeaderElection (LogUtils.java:infoOrTrace(136)) - s4@group-F860CA578C61-LeaderElection19 got exception when requesting votes: java.util.concurrent.ExecutionException: org.apache.ratis.thirdparty.io.netty.channel.AbstractChannel$AnnotatedConnectException: finishConnect(..) failed: Connection refused: localhost/127.0.0.1:15148
2024-10-11 15:03:24,366 [s3@group-F860CA578C61-LeaderElection20] INFO  impl.LeaderElection (LeaderElection.java:logAndReturn(90)) - s3@group-F860CA578C61-LeaderElection20: PRE_VOTE TIMEOUT received 1 response(s) and 2 exception(s):
2024-10-11 15:03:24,366 [s3@group-F860CA578C61-LeaderElection20] INFO  impl.LeaderElection (LeaderElection.java:logAndReturn(94)) -   Response 0: s3<-s4#0:OK-t2
2024-10-11 15:03:24,367 [s3@group-F860CA578C61-LeaderElection20] INFO  impl.LeaderElection (LogUtils.java:infoOrTrace(136)) -   Exception 1: java.util.concurrent.ExecutionException: org.apache.ratis.thirdparty.io.netty.channel.AbstractChannel$AnnotatedConnectException: finishConnect(..) failed: Connection refused: localhost/127.0.0.1:15140
2024-10-11 15:03:24,367 [s3@group-F860CA578C61-LeaderElection20] INFO  impl.LeaderElection (LogUtils.java:infoOrTrace(136)) -   Exception 2: java.util.concurrent.ExecutionException: org.apache.ratis.thirdparty.io.netty.channel.AbstractChannel$AnnotatedConnectException: finishConnect(..) failed: Connection refused: localhost/127.0.0.1:15148
2024-10-11 15:03:24,367 [s3@group-F860CA578C61-LeaderElection20] INFO  impl.LeaderElection (LeaderElection.java:askForVotes(339)) - s3@group-F860CA578C61-LeaderElection20 PRE_VOTE round 96: result TIMEOUT
2024-10-11 15:03:24,367 [s3@group-F860CA578C61-LeaderElection20] INFO  impl.LeaderElection (LeaderElection.java:askForVotes(337)) - s3@group-F860CA578C61-LeaderElection20 PRE_VOTE round 97: submit vote requests at term 2 for conf: {index: 1, cur=peers:[s3|localhost:15152, s4|localhost:15156, s0|localhost:15140, s1|localhost:15144, s2|localhost:15148]|listeners:[], old=null}
2024-10-11 15:03:24,367 [NettyRpcService-workerGroup--thread3] INFO  server.RaftServer$Division (RaftServerImpl.java:requestVote(1443)) - s4@group-F860CA578C61: receive requestVote(PRE_VOTE, s3, group-F860CA578C61, 2, (t:2, i:2))
2024-10-11 15:03:24,368 [NettyRpcService-workerGroup--thread3] INFO  impl.VoteContext (VoteContext.java:log(49)) - s4@group-F860CA578C61-CANDIDATE: accept PRE_VOTE from s3: our priority 0 <= candidate's priority 0
2024-10-11 15:03:24,368 [NettyRpcService-workerGroup--thread3] INFO  server.RaftServer$Division (RaftServerImpl.java:requestVote(1476)) - s4@group-F860CA578C61 replies to PRE_VOTE vote request: s3<-s4#0:OK-t2. Peer's state: s4@group-F860CA578C61:t2, leader=null, voted=s0, raftlog=Memoized:s4@group-F860CA578C61-SegmentedRaftLog:OPENED:c2:last(t:2, i:2), conf=conf: {index: 1, cur=peers:[s3|localhost:15152, s4|localhost:15156, s0|localhost:15140, s1|localhost:15144, s2|localhost:15148]|listeners:[], old=null}
2024-10-11 15:03:24,368 [s3@group-F860CA578C61-LeaderElection20] INFO  impl.LeaderElection (LogUtils.java:infoOrTrace(136)) - s3@group-F860CA578C61-LeaderElection20 got exception when requesting votes: java.util.concurrent.ExecutionException: org.apache.ratis.thirdparty.io.netty.channel.AbstractChannel$AnnotatedConnectException: finishConnect(..) failed: Connection refused: localhost/127.0.0.1:15148
2024-10-11 15:03:24,368 [s3@group-F860CA578C61-LeaderElection20] INFO  impl.LeaderElection (LogUtils.java:infoOrTrace(136)) - s3@group-F860CA578C61-LeaderElection20 got exception when requesting votes: java.util.concurrent.ExecutionException: org.apache.ratis.thirdparty.io.netty.channel.AbstractChannel$AnnotatedConnectException: finishConnect(..) failed: Connection refused: localhost/127.0.0.1:15140
2024-10-11 15:03:24,388 [s4@group-F860CA578C61-LeaderElection19] INFO  impl.LeaderElection (LeaderElection.java:logAndReturn(90)) - s4@group-F860CA578C61-LeaderElection19: PRE_VOTE TIMEOUT received 1 response(s) and 2 exception(s):
2024-10-11 15:03:24,388 [s4@group-F860CA578C61-LeaderElection19] INFO  impl.LeaderElection (LeaderElection.java:logAndReturn(94)) -   Response 0: s4<-s3#0:OK-t2
2024-10-11 15:03:24,388 [s4@group-F860CA578C61-LeaderElection19] INFO  impl.LeaderElection (LogUtils.java:infoOrTrace(136)) -   Exception 1: java.util.concurrent.ExecutionException: org.apache.ratis.thirdparty.io.netty.channel.AbstractChannel$AnnotatedConnectException: finishConnect(..) failed: Connection refused: localhost/127.0.0.1:15140
2024-10-11 15:03:24,388 [s4@group-F860CA578C61-LeaderElection19] INFO  impl.LeaderElection (LogUtils.java:infoOrTrace(136)) -   Exception 2: java.util.concurrent.ExecutionException: org.apache.ratis.thirdparty.io.netty.channel.AbstractChannel$AnnotatedConnectException: finishConnect(..) failed: Connection refused: localhost/127.0.0.1:15148
2024-10-11 15:03:24,388 [s4@group-F860CA578C61-LeaderElection19] INFO  impl.LeaderElection (LeaderElection.java:askForVotes(339)) - s4@group-F860CA578C61-LeaderElection19 PRE_VOTE round 106: result TIMEOUT
2024-10-11 15:03:24,388 [s4@group-F860CA578C61-LeaderElection19] INFO  impl.LeaderElection (LeaderElection.java:askForVotes(337)) - s4@group-F860CA578C61-LeaderElection19 PRE_VOTE round 107: submit vote requests at term 2 for conf: {index: 1, cur=peers:[s3|localhost:15152, s4|localhost:15156, s0|localhost:15140, s1|localhost:15144, s2|localhost:15148]|listeners:[], old=null}
2024-10-11 15:03:24,389 [NettyRpcService-workerGroup--thread3] INFO  server.RaftServer$Division (RaftServerImpl.java:requestVote(1443)) - s3@group-F860CA578C61: receive requestVote(PRE_VOTE, s4, group-F860CA578C61, 2, (t:2, i:2))
2024-10-11 15:03:24,389 [NettyRpcService-workerGroup--thread3] INFO  impl.VoteContext (VoteContext.java:log(49)) - s3@group-F860CA578C61-CANDIDATE: accept PRE_VOTE from s4: our priority 0 <= candidate's priority 0
2024-10-11 15:03:24,389 [NettyRpcService-workerGroup--thread3] INFO  server.RaftServer$Division (RaftServerImpl.java:requestVote(1476)) - s3@group-F860CA578C61 replies to PRE_VOTE vote request: s4<-s3#0:OK-t2. Peer's state: s3@group-F860CA578C61:t2, leader=null, voted=s0, raftlog=Memoized:s3@group-F860CA578C61-SegmentedRaftLog:OPENED:c2:last(t:2, i:2), conf=conf: {index: 1, cur=peers:[s3|localhost:15152, s4|localhost:15156, s0|localhost:15140, s1|localhost:15144, s2|localhost:15148]|listeners:[], old=null}
2024-10-11 15:03:24,389 [s4@group-F860CA578C61-LeaderElection19] INFO  impl.LeaderElection (LogUtils.java:infoOrTrace(136)) - s4@group-F860CA578C61-LeaderElection19 got exception when requesting votes: java.util.concurrent.ExecutionException: org.apache.ratis.thirdparty.io.netty.channel.AbstractChannel$AnnotatedConnectException: finishConnect(..) failed: Connection refused: localhost/127.0.0.1:15140
2024-10-11 15:03:24,389 [s4@group-F860CA578C61-LeaderElection19] INFO  impl.LeaderElection (LogUtils.java:infoOrTrace(136)) - s4@group-F860CA578C61-LeaderElection19 got exception when requesting votes: java.util.concurrent.ExecutionException: org.apache.ratis.thirdparty.io.netty.channel.AbstractChannel$AnnotatedConnectException: finishConnect(..) failed: Connection refused: localhost/127.0.0.1:15148
2024-10-11 15:03:24,525 [s3@group-F860CA578C61-LeaderElection20] INFO  impl.LeaderElection (LeaderElection.java:logAndReturn(90)) - s3@group-F860CA578C61-LeaderElection20: PRE_VOTE TIMEOUT received 1 response(s) and 2 exception(s):
2024-10-11 15:03:24,525 [s3@group-F860CA578C61-LeaderElection20] INFO  impl.LeaderElection (LeaderElection.java:logAndReturn(94)) -   Response 0: s3<-s4#0:OK-t2
2024-10-11 15:03:24,526 [s3@group-F860CA578C61-LeaderElection20] INFO  impl.LeaderElection (LogUtils.java:infoOrTrace(136)) -   Exception 1: java.util.concurrent.ExecutionException: org.apache.ratis.thirdparty.io.netty.channel.AbstractChannel$AnnotatedConnectException: finishConnect(..) failed: Connection refused: localhost/127.0.0.1:15148
2024-10-11 15:03:24,526 [s3@group-F860CA578C61-LeaderElection20] INFO  impl.LeaderElection (LogUtils.java:infoOrTrace(136)) -   Exception 2: java.util.concurrent.ExecutionException: org.apache.ratis.thirdparty.io.netty.channel.AbstractChannel$AnnotatedConnectException: finishConnect(..) failed: Connection refused: localhost/127.0.0.1:15140
2024-10-11 15:03:24,526 [s3@group-F860CA578C61-LeaderElection20] INFO  impl.LeaderElection (LeaderElection.java:askForVotes(339)) - s3@group-F860CA578C61-LeaderElection20 PRE_VOTE round 97: result TIMEOUT
2024-10-11 15:03:24,526 [s3@group-F860CA578C61-LeaderElection20] INFO  impl.LeaderElection (LeaderElection.java:askForVotes(337)) - s3@group-F860CA578C61-LeaderElection20 PRE_VOTE round 98: submit vote requests at term 2 for conf: {index: 1, cur=peers:[s3|localhost:15152, s4|localhost:15156, s0|localhost:15140, s1|localhost:15144, s2|localhost:15148]|listeners:[], old=null}
2024-10-11 15:03:24,526 [NettyRpcService-workerGroup--thread3] INFO  server.RaftServer$Division (RaftServerImpl.java:requestVote(1443)) - s4@group-F860CA578C61: receive requestVote(PRE_VOTE, s3, group-F860CA578C61, 2, (t:2, i:2))
2024-10-11 15:03:24,527 [NettyRpcService-workerGroup--thread3] INFO  impl.VoteContext (VoteContext.java:log(49)) - s4@group-F860CA578C61-CANDIDATE: accept PRE_VOTE from s3: our priority 0 <= candidate's priority 0
2024-10-11 15:03:24,527 [NettyRpcService-workerGroup--thread3] INFO  server.RaftServer$Division (RaftServerImpl.java:requestVote(1476)) - s4@group-F860CA578C61 replies to PRE_VOTE vote request: s3<-s4#0:OK-t2. Peer's state: s4@group-F860CA578C61:t2, leader=null, voted=s0, raftlog=Memoized:s4@group-F860CA578C61-SegmentedRaftLog:OPENED:c2:last(t:2, i:2), conf=conf: {index: 1, cur=peers:[s3|localhost:15152, s4|localhost:15156, s0|localhost:15140, s1|localhost:15144, s2|localhost:15148]|listeners:[], old=null}
2024-10-11 15:03:24,527 [s3@group-F860CA578C61-LeaderElection20] INFO  impl.LeaderElection (LogUtils.java:infoOrTrace(136)) - s3@group-F860CA578C61-LeaderElection20 got exception when requesting votes: java.util.concurrent.ExecutionException: org.apache.ratis.thirdparty.io.netty.channel.AbstractChannel$AnnotatedConnectException: finishConnect(..) failed: Connection refused: localhost/127.0.0.1:15140
2024-10-11 15:03:24,527 [s3@group-F860CA578C61-LeaderElection20] INFO  impl.LeaderElection (LogUtils.java:infoOrTrace(136)) - s3@group-F860CA578C61-LeaderElection20 got exception when requesting votes: java.util.concurrent.ExecutionException: org.apache.ratis.thirdparty.io.netty.channel.AbstractChannel$AnnotatedConnectException: finishConnect(..) failed: Connection refused: localhost/127.0.0.1:15148
2024-10-11 15:03:24,556 [s4@group-F860CA578C61-LeaderElection19] INFO  impl.LeaderElection (LeaderElection.java:logAndReturn(90)) - s4@group-F860CA578C61-LeaderElection19: PRE_VOTE TIMEOUT received 1 response(s) and 2 exception(s):
2024-10-11 15:03:24,556 [s4@group-F860CA578C61-LeaderElection19] INFO  impl.LeaderElection (LeaderElection.java:logAndReturn(94)) -   Response 0: s4<-s3#0:OK-t2
2024-10-11 15:03:24,556 [s4@group-F860CA578C61-LeaderElection19] INFO  impl.LeaderElection (LogUtils.java:infoOrTrace(136)) -   Exception 1: java.util.concurrent.ExecutionException: org.apache.ratis.thirdparty.io.netty.channel.AbstractChannel$AnnotatedConnectException: finishConnect(..) failed: Connection refused: localhost/127.0.0.1:15140
2024-10-11 15:03:24,556 [s4@group-F860CA578C61-LeaderElection19] INFO  impl.LeaderElection (LogUtils.java:infoOrTrace(136)) -   Exception 2: java.util.concurrent.ExecutionException: org.apache.ratis.thirdparty.io.netty.channel.AbstractChannel$AnnotatedConnectException: finishConnect(..) failed: Connection refused: localhost/127.0.0.1:15148
2024-10-11 15:03:24,556 [s4@group-F860CA578C61-LeaderElection19] INFO  impl.LeaderElection (LeaderElection.java:askForVotes(339)) - s4@group-F860CA578C61-LeaderElection19 PRE_VOTE round 107: result TIMEOUT
2024-10-11 15:03:24,557 [s4@group-F860CA578C61-LeaderElection19] INFO  impl.LeaderElection (LeaderElection.java:askForVotes(337)) - s4@group-F860CA578C61-LeaderElection19 PRE_VOTE round 108: submit vote requests at term 2 for conf: {index: 1, cur=peers:[s3|localhost:15152, s4|localhost:15156, s0|localhost:15140, s1|localhost:15144, s2|localhost:15148]|listeners:[], old=null}
2024-10-11 15:03:24,557 [NettyRpcService-workerGroup--thread3] INFO  server.RaftServer$Division (RaftServerImpl.java:requestVote(1443)) - s3@group-F860CA578C61: receive requestVote(PRE_VOTE, s4, group-F860CA578C61, 2, (t:2, i:2))
2024-10-11 15:03:24,557 [NettyRpcService-workerGroup--thread3] INFO  impl.VoteContext (VoteContext.java:log(49)) - s3@group-F860CA578C61-CANDIDATE: accept PRE_VOTE from s4: our priority 0 <= candidate's priority 0
2024-10-11 15:03:24,557 [NettyRpcService-workerGroup--thread3] INFO  server.RaftServer$Division (RaftServerImpl.java:requestVote(1476)) - s3@group-F860CA578C61 replies to PRE_VOTE vote request: s4<-s3#0:OK-t2. Peer's state: s3@group-F860CA578C61:t2, leader=null, voted=s0, raftlog=Memoized:s3@group-F860CA578C61-SegmentedRaftLog:OPENED:c2:last(t:2, i:2), conf=conf: {index: 1, cur=peers:[s3|localhost:15152, s4|localhost:15156, s0|localhost:15140, s1|localhost:15144, s2|localhost:15148]|listeners:[], old=null}
2024-10-11 15:03:24,557 [s4@group-F860CA578C61-LeaderElection19] INFO  impl.LeaderElection (LogUtils.java:infoOrTrace(136)) - s4@group-F860CA578C61-LeaderElection19 got exception when requesting votes: java.util.concurrent.ExecutionException: org.apache.ratis.thirdparty.io.netty.channel.AbstractChannel$AnnotatedConnectException: finishConnect(..) failed: Connection refused: localhost/127.0.0.1:15140
2024-10-11 15:03:24,557 [s4@group-F860CA578C61-LeaderElection19] INFO  impl.LeaderElection (LogUtils.java:infoOrTrace(136)) - s4@group-F860CA578C61-LeaderElection19 got exception when requesting votes: java.util.concurrent.ExecutionException: org.apache.ratis.thirdparty.io.netty.channel.AbstractChannel$AnnotatedConnectException: finishConnect(..) failed: Connection refused: localhost/127.0.0.1:15148
2024-10-11 15:03:24,606 [main] WARN  ratis.RaftTestUtil (RaftTestUtil.java:lambda$waitForLeader$3(126)) - Attempt #54 failed: java.lang.IllegalStateException: No leader yet : printing ALL groups
  s3:  RUNNING CANDIDATE s3@group-F860CA578C61:t2, leader=null, voted=s0, raftlog=Memoized:s3@group-F860CA578C61-SegmentedRaftLog:OPENED:c2:last(t:2, i:2), conf=conf: {index: 1, cur=peers:[s3|localhost:15152, s4|localhost:15156, s0|localhost:15140, s1|localhost:15144, s2|localhost:15148]|listeners:[], old=null} RUNNING
  s4:  RUNNING CANDIDATE s4@group-F860CA578C61:t2, leader=null, voted=s0, raftlog=Memoized:s4@group-F860CA578C61-SegmentedRaftLog:OPENED:c2:last(t:2, i:2), conf=conf: {index: 1, cur=peers:[s3|localhost:15152, s4|localhost:15156, s0|localhost:15140, s1|localhost:15144, s2|localhost:15148]|listeners:[], old=null} RUNNING
  s0:   CLOSED    LEADER s0@group-F860CA578C61:t2, leader=s0, voted=s0, raftlog=Memoized:s0@group-F860CA578C61-SegmentedRaftLog:CLOSED:c2, conf=conf: {index: 1, cur=peers:[s3|localhost:15152, s4|localhost:15156, s0|localhost:15140, s1|localhost:15144, s2|localhost:15148]|listeners:[], old=null} CLOSED
  s1:  RUNNING  FOLLOWER s1@group-F860CA578C61:t1, leader=null, voted=null, raftlog=Memoized:s1@group-F860CA578C61-SegmentedRaftLog:OPENED:c-1:lastnull, conf=conf: {index: -1, cur=peers:[s3|localhost:15152, s4|localhost:15156, s0|localhost:15140, s1|localhost:15144, s2|localhost:15148]|listeners:[], old=null} RUNNING
  s2:   CLOSED    LEADER s2@group-F860CA578C61:t1, leader=s2, voted=s2, raftlog=Memoized:s2@group-F860CA578C61-SegmentedRaftLog:CLOSED:c0, conf=conf: {index: 0, cur=peers:[s3|localhost:15152, s4|localhost:15156, s0|localhost:15140, s1|localhost:15144, s2|localhost:15148]|listeners:[], old=null} CLOSED
2024-10-11 15:03:24,816 [s3@group-F860CA578C61-LeaderElection20] INFO  impl.LeaderElection (LeaderElection.java:logAndReturn(90)) - s3@group-F860CA578C61-LeaderElection20: PRE_VOTE TIMEOUT received 1 response(s) and 2 exception(s):
2024-10-11 15:03:24,816 [s3@group-F860CA578C61-LeaderElection20] INFO  impl.LeaderElection (LeaderElection.java:logAndReturn(94)) -   Response 0: s3<-s4#0:OK-t2
2024-10-11 15:03:24,816 [s3@group-F860CA578C61-LeaderElection20] INFO  impl.LeaderElection (LogUtils.java:infoOrTrace(136)) -   Exception 1: java.util.concurrent.ExecutionException: org.apache.ratis.thirdparty.io.netty.channel.AbstractChannel$AnnotatedConnectException: finishConnect(..) failed: Connection refused: localhost/127.0.0.1:15140
2024-10-11 15:03:24,817 [s3@group-F860CA578C61-LeaderElection20] INFO  impl.LeaderElection (LogUtils.java:infoOrTrace(136)) -   Exception 2: java.util.concurrent.ExecutionException: org.apache.ratis.thirdparty.io.netty.channel.AbstractChannel$AnnotatedConnectException: finishConnect(..) failed: Connection refused: localhost/127.0.0.1:15148
2024-10-11 15:03:24,817 [s3@group-F860CA578C61-LeaderElection20] INFO  impl.LeaderElection (LeaderElection.java:askForVotes(339)) - s3@group-F860CA578C61-LeaderElection20 PRE_VOTE round 98: result TIMEOUT
2024-10-11 15:03:24,817 [s3@group-F860CA578C61-LeaderElection20] INFO  impl.LeaderElection (LeaderElection.java:askForVotes(337)) - s3@group-F860CA578C61-LeaderElection20 PRE_VOTE round 99: submit vote requests at term 2 for conf: {index: 1, cur=peers:[s3|localhost:15152, s4|localhost:15156, s0|localhost:15140, s1|localhost:15144, s2|localhost:15148]|listeners:[], old=null}
2024-10-11 15:03:24,817 [NettyRpcService-workerGroup--thread3] INFO  server.RaftServer$Division (RaftServerImpl.java:requestVote(1443)) - s4@group-F860CA578C61: receive requestVote(PRE_VOTE, s3, group-F860CA578C61, 2, (t:2, i:2))
2024-10-11 15:03:24,818 [NettyRpcService-workerGroup--thread3] INFO  impl.VoteContext (VoteContext.java:log(49)) - s4@group-F860CA578C61-CANDIDATE: accept PRE_VOTE from s3: our priority 0 <= candidate's priority 0
2024-10-11 15:03:24,818 [s3@group-F860CA578C61-LeaderElection20] INFO  impl.LeaderElection (LogUtils.java:infoOrTrace(136)) - s3@group-F860CA578C61-LeaderElection20 got exception when requesting votes: java.util.concurrent.ExecutionException: org.apache.ratis.thirdparty.io.netty.channel.AbstractChannel$AnnotatedConnectException: finishConnect(..) failed: Connection refused: localhost/127.0.0.1:15148
2024-10-11 15:03:24,818 [NettyRpcService-workerGroup--thread3] INFO  server.RaftServer$Division (RaftServerImpl.java:requestVote(1476)) - s4@group-F860CA578C61 replies to PRE_VOTE vote request: s3<-s4#0:OK-t2. Peer's state: s4@group-F860CA578C61:t2, leader=null, voted=s0, raftlog=Memoized:s4@group-F860CA578C61-SegmentedRaftLog:OPENED:c2:last(t:2, i:2), conf=conf: {index: 1, cur=peers:[s3|localhost:15152, s4|localhost:15156, s0|localhost:15140, s1|localhost:15144, s2|localhost:15148]|listeners:[], old=null}
2024-10-11 15:03:24,818 [s3@group-F860CA578C61-LeaderElection20] INFO  impl.LeaderElection (LogUtils.java:infoOrTrace(136)) - s3@group-F860CA578C61-LeaderElection20 got exception when requesting votes: java.util.concurrent.ExecutionException: org.apache.ratis.thirdparty.io.netty.channel.AbstractChannel$AnnotatedConnectException: finishConnect(..) failed: Connection refused: localhost/127.0.0.1:15140
2024-10-11 15:03:24,827 [s4@group-F860CA578C61-LeaderElection19] INFO  impl.LeaderElection (LeaderElection.java:logAndReturn(90)) - s4@group-F860CA578C61-LeaderElection19: PRE_VOTE TIMEOUT received 1 response(s) and 2 exception(s):
2024-10-11 15:03:24,827 [s4@group-F860CA578C61-LeaderElection19] INFO  impl.LeaderElection (LeaderElection.java:logAndReturn(94)) -   Response 0: s4<-s3#0:OK-t2
2024-10-11 15:03:24,827 [s4@group-F860CA578C61-LeaderElection19] INFO  impl.LeaderElection (LogUtils.java:infoOrTrace(136)) -   Exception 1: java.util.concurrent.ExecutionException: org.apache.ratis.thirdparty.io.netty.channel.AbstractChannel$AnnotatedConnectException: finishConnect(..) failed: Connection refused: localhost/127.0.0.1:15140
2024-10-11 15:03:24,827 [s4@group-F860CA578C61-LeaderElection19] INFO  impl.LeaderElection (LogUtils.java:infoOrTrace(136)) -   Exception 2: java.util.concurrent.ExecutionException: org.apache.ratis.thirdparty.io.netty.channel.AbstractChannel$AnnotatedConnectException: finishConnect(..) failed: Connection refused: localhost/127.0.0.1:15148
2024-10-11 15:03:24,827 [s4@group-F860CA578C61-LeaderElection19] INFO  impl.LeaderElection (LeaderElection.java:askForVotes(339)) - s4@group-F860CA578C61-LeaderElection19 PRE_VOTE round 108: result TIMEOUT
2024-10-11 15:03:24,828 [s4@group-F860CA578C61-LeaderElection19] INFO  impl.LeaderElection (LeaderElection.java:askForVotes(337)) - s4@group-F860CA578C61-LeaderElection19 PRE_VOTE round 109: submit vote requests at term 2 for conf: {index: 1, cur=peers:[s3|localhost:15152, s4|localhost:15156, s0|localhost:15140, s1|localhost:15144, s2|localhost:15148]|listeners:[], old=null}
2024-10-11 15:03:24,828 [NettyRpcService-workerGroup--thread3] INFO  server.RaftServer$Division (RaftServerImpl.java:requestVote(1443)) - s3@group-F860CA578C61: receive requestVote(PRE_VOTE, s4, group-F860CA578C61, 2, (t:2, i:2))
2024-10-11 15:03:24,828 [NettyRpcService-workerGroup--thread3] INFO  impl.VoteContext (VoteContext.java:log(49)) - s3@group-F860CA578C61-CANDIDATE: accept PRE_VOTE from s4: our priority 0 <= candidate's priority 0
2024-10-11 15:03:24,828 [NettyRpcService-workerGroup--thread3] INFO  server.RaftServer$Division (RaftServerImpl.java:requestVote(1476)) - s3@group-F860CA578C61 replies to PRE_VOTE vote request: s4<-s3#0:OK-t2. Peer's state: s3@group-F860CA578C61:t2, leader=null, voted=s0, raftlog=Memoized:s3@group-F860CA578C61-SegmentedRaftLog:OPENED:c2:last(t:2, i:2), conf=conf: {index: 1, cur=peers:[s3|localhost:15152, s4|localhost:15156, s0|localhost:15140, s1|localhost:15144, s2|localhost:15148]|listeners:[], old=null}
2024-10-11 15:03:24,828 [s4@group-F860CA578C61-LeaderElection19] INFO  impl.LeaderElection (LogUtils.java:infoOrTrace(136)) - s4@group-F860CA578C61-LeaderElection19 got exception when requesting votes: java.util.concurrent.ExecutionException: org.apache.ratis.thirdparty.io.netty.channel.AbstractChannel$AnnotatedConnectException: finishConnect(..) failed: Connection refused: localhost/127.0.0.1:15140
2024-10-11 15:03:24,829 [s4@group-F860CA578C61-LeaderElection19] INFO  impl.LeaderElection (LogUtils.java:infoOrTrace(136)) - s4@group-F860CA578C61-LeaderElection19 got exception when requesting votes: java.util.concurrent.ExecutionException: org.apache.ratis.thirdparty.io.netty.channel.AbstractChannel$AnnotatedConnectException: finishConnect(..) failed: Connection refused: localhost/127.0.0.1:15148
2024-10-11 15:03:25,020 [s3@group-F860CA578C61-LeaderElection20] INFO  impl.LeaderElection (LeaderElection.java:logAndReturn(90)) - s3@group-F860CA578C61-LeaderElection20: PRE_VOTE TIMEOUT received 1 response(s) and 2 exception(s):
2024-10-11 15:03:25,021 [s3@group-F860CA578C61-LeaderElection20] INFO  impl.LeaderElection (LeaderElection.java:logAndReturn(94)) -   Response 0: s3<-s4#0:OK-t2
2024-10-11 15:03:25,021 [s3@group-F860CA578C61-LeaderElection20] INFO  impl.LeaderElection (LogUtils.java:infoOrTrace(136)) -   Exception 1: java.util.concurrent.ExecutionException: org.apache.ratis.thirdparty.io.netty.channel.AbstractChannel$AnnotatedConnectException: finishConnect(..) failed: Connection refused: localhost/127.0.0.1:15148
2024-10-11 15:03:25,021 [s3@group-F860CA578C61-LeaderElection20] INFO  impl.LeaderElection (LogUtils.java:infoOrTrace(136)) -   Exception 2: java.util.concurrent.ExecutionException: org.apache.ratis.thirdparty.io.netty.channel.AbstractChannel$AnnotatedConnectException: finishConnect(..) failed: Connection refused: localhost/127.0.0.1:15140
2024-10-11 15:03:25,021 [s3@group-F860CA578C61-LeaderElection20] INFO  impl.LeaderElection (LeaderElection.java:askForVotes(339)) - s3@group-F860CA578C61-LeaderElection20 PRE_VOTE round 99: result TIMEOUT
2024-10-11 15:03:25,021 [s3@group-F860CA578C61-LeaderElection20] INFO  impl.LeaderElection (LeaderElection.java:askForVotes(337)) - s3@group-F860CA578C61-LeaderElection20 PRE_VOTE round 100: submit vote requests at term 2 for conf: {index: 1, cur=peers:[s3|localhost:15152, s4|localhost:15156, s0|localhost:15140, s1|localhost:15144, s2|localhost:15148]|listeners:[], old=null}
2024-10-11 15:03:25,022 [NettyRpcService-workerGroup--thread3] INFO  server.RaftServer$Division (RaftServerImpl.java:requestVote(1443)) - s4@group-F860CA578C61: receive requestVote(PRE_VOTE, s3, group-F860CA578C61, 2, (t:2, i:2))
2024-10-11 15:03:25,022 [NettyRpcService-workerGroup--thread3] INFO  impl.VoteContext (VoteContext.java:log(49)) - s4@group-F860CA578C61-CANDIDATE: accept PRE_VOTE from s3: our priority 0 <= candidate's priority 0
2024-10-11 15:03:25,022 [NettyRpcService-workerGroup--thread3] INFO  server.RaftServer$Division (RaftServerImpl.java:requestVote(1476)) - s4@group-F860CA578C61 replies to PRE_VOTE vote request: s3<-s4#0:OK-t2. Peer's state: s4@group-F860CA578C61:t2, leader=null, voted=s0, raftlog=Memoized:s4@group-F860CA578C61-SegmentedRaftLog:OPENED:c2:last(t:2, i:2), conf=conf: {index: 1, cur=peers:[s3|localhost:15152, s4|localhost:15156, s0|localhost:15140, s1|localhost:15144, s2|localhost:15148]|listeners:[], old=null}
2024-10-11 15:03:25,022 [s3@group-F860CA578C61-LeaderElection20] INFO  impl.LeaderElection (LogUtils.java:infoOrTrace(136)) - s3@group-F860CA578C61-LeaderElection20 got exception when requesting votes: java.util.concurrent.ExecutionException: org.apache.ratis.thirdparty.io.netty.channel.AbstractChannel$AnnotatedConnectException: finishConnect(..) failed: Connection refused: localhost/127.0.0.1:15140
2024-10-11 15:03:25,022 [s3@group-F860CA578C61-LeaderElection20] INFO  impl.LeaderElection (LogUtils.java:infoOrTrace(136)) - s3@group-F860CA578C61-LeaderElection20 got exception when requesting votes: java.util.concurrent.ExecutionException: org.apache.ratis.thirdparty.io.netty.channel.AbstractChannel$AnnotatedConnectException: finishConnect(..) failed: Connection refused: localhost/127.0.0.1:15148
2024-10-11 15:03:25,043 [s4@group-F860CA578C61-LeaderElection19] INFO  impl.LeaderElection (LeaderElection.java:logAndReturn(90)) - s4@group-F860CA578C61-LeaderElection19: PRE_VOTE TIMEOUT received 1 response(s) and 2 exception(s):
2024-10-11 15:03:25,043 [s4@group-F860CA578C61-LeaderElection19] INFO  impl.LeaderElection (LeaderElection.java:logAndReturn(94)) -   Response 0: s4<-s3#0:OK-t2
2024-10-11 15:03:25,043 [s4@group-F860CA578C61-LeaderElection19] INFO  impl.LeaderElection (LogUtils.java:infoOrTrace(136)) -   Exception 1: java.util.concurrent.ExecutionException: org.apache.ratis.thirdparty.io.netty.channel.AbstractChannel$AnnotatedConnectException: finishConnect(..) failed: Connection refused: localhost/127.0.0.1:15140
2024-10-11 15:03:25,043 [s4@group-F860CA578C61-LeaderElection19] INFO  impl.LeaderElection (LogUtils.java:infoOrTrace(136)) -   Exception 2: java.util.concurrent.ExecutionException: org.apache.ratis.thirdparty.io.netty.channel.AbstractChannel$AnnotatedConnectException: finishConnect(..) failed: Connection refused: localhost/127.0.0.1:15148
2024-10-11 15:03:25,043 [s4@group-F860CA578C61-LeaderElection19] INFO  impl.LeaderElection (LeaderElection.java:askForVotes(339)) - s4@group-F860CA578C61-LeaderElection19 PRE_VOTE round 109: result TIMEOUT
2024-10-11 15:03:25,043 [s4@group-F860CA578C61-LeaderElection19] INFO  impl.LeaderElection (LeaderElection.java:askForVotes(337)) - s4@group-F860CA578C61-LeaderElection19 PRE_VOTE round 110: submit vote requests at term 2 for conf: {index: 1, cur=peers:[s3|localhost:15152, s4|localhost:15156, s0|localhost:15140, s1|localhost:15144, s2|localhost:15148]|listeners:[], old=null}
2024-10-11 15:03:25,044 [NettyRpcService-workerGroup--thread3] INFO  server.RaftServer$Division (RaftServerImpl.java:requestVote(1443)) - s3@group-F860CA578C61: receive requestVote(PRE_VOTE, s4, group-F860CA578C61, 2, (t:2, i:2))
2024-10-11 15:03:25,044 [NettyRpcService-workerGroup--thread3] INFO  impl.VoteContext (VoteContext.java:log(49)) - s3@group-F860CA578C61-CANDIDATE: accept PRE_VOTE from s4: our priority 0 <= candidate's priority 0
2024-10-11 15:03:25,044 [s4@group-F860CA578C61-LeaderElection19] INFO  impl.LeaderElection (LogUtils.java:infoOrTrace(136)) - s4@group-F860CA578C61-LeaderElection19 got exception when requesting votes: java.util.concurrent.ExecutionException: org.apache.ratis.thirdparty.io.netty.channel.AbstractChannel$AnnotatedConnectException: finishConnect(..) failed: Connection refused: localhost/127.0.0.1:15140
2024-10-11 15:03:25,044 [NettyRpcService-workerGroup--thread3] INFO  server.RaftServer$Division (RaftServerImpl.java:requestVote(1476)) - s3@group-F860CA578C61 replies to PRE_VOTE vote request: s4<-s3#0:OK-t2. Peer's state: s3@group-F860CA578C61:t2, leader=null, voted=s0, raftlog=Memoized:s3@group-F860CA578C61-SegmentedRaftLog:OPENED:c2:last(t:2, i:2), conf=conf: {index: 1, cur=peers:[s3|localhost:15152, s4|localhost:15156, s0|localhost:15140, s1|localhost:15144, s2|localhost:15148]|listeners:[], old=null}
2024-10-11 15:03:25,044 [s4@group-F860CA578C61-LeaderElection19] INFO  impl.LeaderElection (LogUtils.java:infoOrTrace(136)) - s4@group-F860CA578C61-LeaderElection19 got exception when requesting votes: java.util.concurrent.ExecutionException: org.apache.ratis.thirdparty.io.netty.channel.AbstractChannel$AnnotatedConnectException: finishConnect(..) failed: Connection refused: localhost/127.0.0.1:15148
2024-10-11 15:03:25,056 [main] WARN  ratis.RaftTestUtil (RaftTestUtil.java:lambda$waitForLeader$3(126)) - Attempt #55 failed: java.lang.IllegalStateException: No leader yet : printing ALL groups
  s3:  RUNNING CANDIDATE s3@group-F860CA578C61:t2, leader=null, voted=s0, raftlog=Memoized:s3@group-F860CA578C61-SegmentedRaftLog:OPENED:c2:last(t:2, i:2), conf=conf: {index: 1, cur=peers:[s3|localhost:15152, s4|localhost:15156, s0|localhost:15140, s1|localhost:15144, s2|localhost:15148]|listeners:[], old=null} RUNNING
  s4:  RUNNING CANDIDATE s4@group-F860CA578C61:t2, leader=null, voted=s0, raftlog=Memoized:s4@group-F860CA578C61-SegmentedRaftLog:OPENED:c2:last(t:2, i:2), conf=conf: {index: 1, cur=peers:[s3|localhost:15152, s4|localhost:15156, s0|localhost:15140, s1|localhost:15144, s2|localhost:15148]|listeners:[], old=null} RUNNING
  s0:   CLOSED    LEADER s0@group-F860CA578C61:t2, leader=s0, voted=s0, raftlog=Memoized:s0@group-F860CA578C61-SegmentedRaftLog:CLOSED:c2, conf=conf: {index: 1, cur=peers:[s3|localhost:15152, s4|localhost:15156, s0|localhost:15140, s1|localhost:15144, s2|localhost:15148]|listeners:[], old=null} CLOSED
  s1:  RUNNING  FOLLOWER s1@group-F860CA578C61:t1, leader=null, voted=null, raftlog=Memoized:s1@group-F860CA578C61-SegmentedRaftLog:OPENED:c-1:lastnull, conf=conf: {index: -1, cur=peers:[s3|localhost:15152, s4|localhost:15156, s0|localhost:15140, s1|localhost:15144, s2|localhost:15148]|listeners:[], old=null} RUNNING
  s2:   CLOSED    LEADER s2@group-F860CA578C61:t1, leader=s2, voted=s2, raftlog=Memoized:s2@group-F860CA578C61-SegmentedRaftLog:CLOSED:c0, conf=conf: {index: 0, cur=peers:[s3|localhost:15152, s4|localhost:15156, s0|localhost:15140, s1|localhost:15144, s2|localhost:15148]|listeners:[], old=null} CLOSED
2024-10-11 15:03:25,181 [s3@group-F860CA578C61-LeaderElection20] INFO  impl.LeaderElection (LeaderElection.java:logAndReturn(90)) - s3@group-F860CA578C61-LeaderElection20: PRE_VOTE TIMEOUT received 1 response(s) and 2 exception(s):
2024-10-11 15:03:25,181 [s3@group-F860CA578C61-LeaderElection20] INFO  impl.LeaderElection (LeaderElection.java:logAndReturn(94)) -   Response 0: s3<-s4#0:OK-t2
2024-10-11 15:03:25,181 [s3@group-F860CA578C61-LeaderElection20] INFO  impl.LeaderElection (LogUtils.java:infoOrTrace(136)) -   Exception 1: java.util.concurrent.ExecutionException: org.apache.ratis.thirdparty.io.netty.channel.AbstractChannel$AnnotatedConnectException: finishConnect(..) failed: Connection refused: localhost/127.0.0.1:15140
2024-10-11 15:03:25,181 [s3@group-F860CA578C61-LeaderElection20] INFO  impl.LeaderElection (LogUtils.java:infoOrTrace(136)) -   Exception 2: java.util.concurrent.ExecutionException: org.apache.ratis.thirdparty.io.netty.channel.AbstractChannel$AnnotatedConnectException: finishConnect(..) failed: Connection refused: localhost/127.0.0.1:15148
2024-10-11 15:03:25,181 [s3@group-F860CA578C61-LeaderElection20] INFO  impl.LeaderElection (LeaderElection.java:askForVotes(339)) - s3@group-F860CA578C61-LeaderElection20 PRE_VOTE round 100: result TIMEOUT
2024-10-11 15:03:25,181 [s3@group-F860CA578C61-LeaderElection20] INFO  impl.LeaderElection (LeaderElection.java:askForVotes(337)) - s3@group-F860CA578C61-LeaderElection20 PRE_VOTE round 101: submit vote requests at term 2 for conf: {index: 1, cur=peers:[s3|localhost:15152, s4|localhost:15156, s0|localhost:15140, s1|localhost:15144, s2|localhost:15148]|listeners:[], old=null}
2024-10-11 15:03:25,182 [NettyRpcService-workerGroup--thread3] INFO  server.RaftServer$Division (RaftServerImpl.java:requestVote(1443)) - s4@group-F860CA578C61: receive requestVote(PRE_VOTE, s3, group-F860CA578C61, 2, (t:2, i:2))
2024-10-11 15:03:25,182 [s3@group-F860CA578C61-LeaderElection20] INFO  impl.LeaderElection (LogUtils.java:infoOrTrace(136)) - s3@group-F860CA578C61-LeaderElection20 got exception when requesting votes: java.util.concurrent.ExecutionException: org.apache.ratis.thirdparty.io.netty.channel.AbstractChannel$AnnotatedConnectException: finishConnect(..) failed: Connection refused: localhost/127.0.0.1:15140
2024-10-11 15:03:25,182 [NettyRpcService-workerGroup--thread3] INFO  impl.VoteContext (VoteContext.java:log(49)) - s4@group-F860CA578C61-CANDIDATE: accept PRE_VOTE from s3: our priority 0 <= candidate's priority 0
2024-10-11 15:03:25,182 [s3@group-F860CA578C61-LeaderElection20] INFO  impl.LeaderElection (LogUtils.java:infoOrTrace(136)) - s3@group-F860CA578C61-LeaderElection20 got exception when requesting votes: java.util.concurrent.ExecutionException: org.apache.ratis.thirdparty.io.netty.channel.AbstractChannel$AnnotatedConnectException: finishConnect(..) failed: Connection refused: localhost/127.0.0.1:15148
2024-10-11 15:03:25,182 [NettyRpcService-workerGroup--thread3] INFO  server.RaftServer$Division (RaftServerImpl.java:requestVote(1476)) - s4@group-F860CA578C61 replies to PRE_VOTE vote request: s3<-s4#0:OK-t2. Peer's state: s4@group-F860CA578C61:t2, leader=null, voted=s0, raftlog=Memoized:s4@group-F860CA578C61-SegmentedRaftLog:OPENED:c2:last(t:2, i:2), conf=conf: {index: 1, cur=peers:[s3|localhost:15152, s4|localhost:15156, s0|localhost:15140, s1|localhost:15144, s2|localhost:15148]|listeners:[], old=null}
2024-10-11 15:03:25,334 [s4@group-F860CA578C61-LeaderElection19] INFO  impl.LeaderElection (LeaderElection.java:logAndReturn(90)) - s4@group-F860CA578C61-LeaderElection19: PRE_VOTE TIMEOUT received 1 response(s) and 2 exception(s):
2024-10-11 15:03:25,334 [s4@group-F860CA578C61-LeaderElection19] INFO  impl.LeaderElection (LeaderElection.java:logAndReturn(94)) -   Response 0: s4<-s3#0:OK-t2
2024-10-11 15:03:25,334 [s4@group-F860CA578C61-LeaderElection19] INFO  impl.LeaderElection (LogUtils.java:infoOrTrace(136)) -   Exception 1: java.util.concurrent.ExecutionException: org.apache.ratis.thirdparty.io.netty.channel.AbstractChannel$AnnotatedConnectException: finishConnect(..) failed: Connection refused: localhost/127.0.0.1:15140
2024-10-11 15:03:25,334 [s4@group-F860CA578C61-LeaderElection19] INFO  impl.LeaderElection (LogUtils.java:infoOrTrace(136)) -   Exception 2: java.util.concurrent.ExecutionException: org.apache.ratis.thirdparty.io.netty.channel.AbstractChannel$AnnotatedConnectException: finishConnect(..) failed: Connection refused: localhost/127.0.0.1:15148
2024-10-11 15:03:25,334 [s4@group-F860CA578C61-LeaderElection19] INFO  impl.LeaderElection (LeaderElection.java:askForVotes(339)) - s4@group-F860CA578C61-LeaderElection19 PRE_VOTE round 110: result TIMEOUT
2024-10-11 15:03:25,334 [s4@group-F860CA578C61-LeaderElection19] INFO  impl.LeaderElection (LeaderElection.java:askForVotes(337)) - s4@group-F860CA578C61-LeaderElection19 PRE_VOTE round 111: submit vote requests at term 2 for conf: {index: 1, cur=peers:[s3|localhost:15152, s4|localhost:15156, s0|localhost:15140, s1|localhost:15144, s2|localhost:15148]|listeners:[], old=null}
2024-10-11 15:03:25,335 [NettyRpcService-workerGroup--thread3] INFO  server.RaftServer$Division (RaftServerImpl.java:requestVote(1443)) - s3@group-F860CA578C61: receive requestVote(PRE_VOTE, s4, group-F860CA578C61, 2, (t:2, i:2))
2024-10-11 15:03:25,335 [NettyRpcService-workerGroup--thread3] INFO  impl.VoteContext (VoteContext.java:log(49)) - s3@group-F860CA578C61-CANDIDATE: accept PRE_VOTE from s4: our priority 0 <= candidate's priority 0
2024-10-11 15:03:25,335 [NettyRpcService-workerGroup--thread3] INFO  server.RaftServer$Division (RaftServerImpl.java:requestVote(1476)) - s3@group-F860CA578C61 replies to PRE_VOTE vote request: s4<-s3#0:OK-t2. Peer's state: s3@group-F860CA578C61:t2, leader=null, voted=s0, raftlog=Memoized:s3@group-F860CA578C61-SegmentedRaftLog:OPENED:c2:last(t:2, i:2), conf=conf: {index: 1, cur=peers:[s3|localhost:15152, s4|localhost:15156, s0|localhost:15140, s1|localhost:15144, s2|localhost:15148]|listeners:[], old=null}
2024-10-11 15:03:25,335 [s4@group-F860CA578C61-LeaderElection19] INFO  impl.LeaderElection (LogUtils.java:infoOrTrace(136)) - s4@group-F860CA578C61-LeaderElection19 got exception when requesting votes: java.util.concurrent.ExecutionException: org.apache.ratis.thirdparty.io.netty.channel.AbstractChannel$AnnotatedConnectException: finishConnect(..) failed: Connection refused: localhost/127.0.0.1:15148
2024-10-11 15:03:25,336 [s4@group-F860CA578C61-LeaderElection19] INFO  impl.LeaderElection (LogUtils.java:infoOrTrace(136)) - s4@group-F860CA578C61-LeaderElection19 got exception when requesting votes: java.util.concurrent.ExecutionException: org.apache.ratis.thirdparty.io.netty.channel.AbstractChannel$AnnotatedConnectException: finishConnect(..) failed: Connection refused: localhost/127.0.0.1:15140
2024-10-11 15:03:25,396 [s3@group-F860CA578C61-LeaderElection20] INFO  impl.LeaderElection (LeaderElection.java:logAndReturn(90)) - s3@group-F860CA578C61-LeaderElection20: PRE_VOTE TIMEOUT received 1 response(s) and 2 exception(s):
2024-10-11 15:03:25,396 [s3@group-F860CA578C61-LeaderElection20] INFO  impl.LeaderElection (LeaderElection.java:logAndReturn(94)) -   Response 0: s3<-s4#0:OK-t2
2024-10-11 15:03:25,396 [s3@group-F860CA578C61-LeaderElection20] INFO  impl.LeaderElection (LogUtils.java:infoOrTrace(136)) -   Exception 1: java.util.concurrent.ExecutionException: org.apache.ratis.thirdparty.io.netty.channel.AbstractChannel$AnnotatedConnectException: finishConnect(..) failed: Connection refused: localhost/127.0.0.1:15140
2024-10-11 15:03:25,396 [s3@group-F860CA578C61-LeaderElection20] INFO  impl.LeaderElection (LogUtils.java:infoOrTrace(136)) -   Exception 2: java.util.concurrent.ExecutionException: org.apache.ratis.thirdparty.io.netty.channel.AbstractChannel$AnnotatedConnectException: finishConnect(..) failed: Connection refused: localhost/127.0.0.1:15148
2024-10-11 15:03:25,396 [s3@group-F860CA578C61-LeaderElection20] INFO  impl.LeaderElection (LeaderElection.java:askForVotes(339)) - s3@group-F860CA578C61-LeaderElection20 PRE_VOTE round 101: result TIMEOUT
2024-10-11 15:03:25,396 [s3@group-F860CA578C61-LeaderElection20] INFO  impl.LeaderElection (LeaderElection.java:askForVotes(337)) - s3@group-F860CA578C61-LeaderElection20 PRE_VOTE round 102: submit vote requests at term 2 for conf: {index: 1, cur=peers:[s3|localhost:15152, s4|localhost:15156, s0|localhost:15140, s1|localhost:15144, s2|localhost:15148]|listeners:[], old=null}
2024-10-11 15:03:25,396 [NettyRpcService-workerGroup--thread3] INFO  server.RaftServer$Division (RaftServerImpl.java:requestVote(1443)) - s4@group-F860CA578C61: receive requestVote(PRE_VOTE, s3, group-F860CA578C61, 2, (t:2, i:2))
2024-10-11 15:03:25,396 [NettyRpcService-workerGroup--thread3] INFO  impl.VoteContext (VoteContext.java:log(49)) - s4@group-F860CA578C61-CANDIDATE: accept PRE_VOTE from s3: our priority 0 <= candidate's priority 0
2024-10-11 15:03:25,397 [NettyRpcService-workerGroup--thread3] INFO  server.RaftServer$Division (RaftServerImpl.java:requestVote(1476)) - s4@group-F860CA578C61 replies to PRE_VOTE vote request: s3<-s4#0:OK-t2. Peer's state: s4@group-F860CA578C61:t2, leader=null, voted=s0, raftlog=Memoized:s4@group-F860CA578C61-SegmentedRaftLog:OPENED:c2:last(t:2, i:2), conf=conf: {index: 1, cur=peers:[s3|localhost:15152, s4|localhost:15156, s0|localhost:15140, s1|localhost:15144, s2|localhost:15148]|listeners:[], old=null}
2024-10-11 15:03:25,397 [s3@group-F860CA578C61-LeaderElection20] INFO  impl.LeaderElection (LogUtils.java:infoOrTrace(136)) - s3@group-F860CA578C61-LeaderElection20 got exception when requesting votes: java.util.concurrent.ExecutionException: org.apache.ratis.thirdparty.io.netty.channel.AbstractChannel$AnnotatedConnectException: finishConnect(..) failed: Connection refused: localhost/127.0.0.1:15140
2024-10-11 15:03:25,397 [s3@group-F860CA578C61-LeaderElection20] INFO  impl.LeaderElection (LogUtils.java:infoOrTrace(136)) - s3@group-F860CA578C61-LeaderElection20 got exception when requesting votes: java.util.concurrent.ExecutionException: org.apache.ratis.thirdparty.io.netty.channel.AbstractChannel$AnnotatedConnectException: finishConnect(..) failed: Connection refused: localhost/127.0.0.1:15148
2024-10-11 15:03:25,507 [main] WARN  ratis.RaftTestUtil (RaftTestUtil.java:lambda$waitForLeader$3(126)) - Attempt #56 failed: java.lang.IllegalStateException: No leader yet : printing ALL groups
  s3:  RUNNING CANDIDATE s3@group-F860CA578C61:t2, leader=null, voted=s0, raftlog=Memoized:s3@group-F860CA578C61-SegmentedRaftLog:OPENED:c2:last(t:2, i:2), conf=conf: {index: 1, cur=peers:[s3|localhost:15152, s4|localhost:15156, s0|localhost:15140, s1|localhost:15144, s2|localhost:15148]|listeners:[], old=null} RUNNING
  s4:  RUNNING CANDIDATE s4@group-F860CA578C61:t2, leader=null, voted=s0, raftlog=Memoized:s4@group-F860CA578C61-SegmentedRaftLog:OPENED:c2:last(t:2, i:2), conf=conf: {index: 1, cur=peers:[s3|localhost:15152, s4|localhost:15156, s0|localhost:15140, s1|localhost:15144, s2|localhost:15148]|listeners:[], old=null} RUNNING
  s0:   CLOSED    LEADER s0@group-F860CA578C61:t2, leader=s0, voted=s0, raftlog=Memoized:s0@group-F860CA578C61-SegmentedRaftLog:CLOSED:c2, conf=conf: {index: 1, cur=peers:[s3|localhost:15152, s4|localhost:15156, s0|localhost:15140, s1|localhost:15144, s2|localhost:15148]|listeners:[], old=null} CLOSED
  s1:  RUNNING  FOLLOWER s1@group-F860CA578C61:t1, leader=null, voted=null, raftlog=Memoized:s1@group-F860CA578C61-SegmentedRaftLog:OPENED:c-1:lastnull, conf=conf: {index: -1, cur=peers:[s3|localhost:15152, s4|localhost:15156, s0|localhost:15140, s1|localhost:15144, s2|localhost:15148]|listeners:[], old=null} RUNNING
  s2:   CLOSED    LEADER s2@group-F860CA578C61:t1, leader=s2, voted=s2, raftlog=Memoized:s2@group-F860CA578C61-SegmentedRaftLog:CLOSED:c0, conf=conf: {index: 0, cur=peers:[s3|localhost:15152, s4|localhost:15156, s0|localhost:15140, s1|localhost:15144, s2|localhost:15148]|listeners:[], old=null} CLOSED
2024-10-11 15:03:25,550 [s4@group-F860CA578C61-LeaderElection19] INFO  impl.LeaderElection (LeaderElection.java:logAndReturn(90)) - s4@group-F860CA578C61-LeaderElection19: PRE_VOTE TIMEOUT received 1 response(s) and 2 exception(s):
2024-10-11 15:03:25,550 [s4@group-F860CA578C61-LeaderElection19] INFO  impl.LeaderElection (LeaderElection.java:logAndReturn(94)) -   Response 0: s4<-s3#0:OK-t2
2024-10-11 15:03:25,550 [s4@group-F860CA578C61-LeaderElection19] INFO  impl.LeaderElection (LogUtils.java:infoOrTrace(136)) -   Exception 1: java.util.concurrent.ExecutionException: org.apache.ratis.thirdparty.io.netty.channel.AbstractChannel$AnnotatedConnectException: finishConnect(..) failed: Connection refused: localhost/127.0.0.1:15148
2024-10-11 15:03:25,550 [s4@group-F860CA578C61-LeaderElection19] INFO  impl.LeaderElection (LogUtils.java:infoOrTrace(136)) -   Exception 2: java.util.concurrent.ExecutionException: org.apache.ratis.thirdparty.io.netty.channel.AbstractChannel$AnnotatedConnectException: finishConnect(..) failed: Connection refused: localhost/127.0.0.1:15140
2024-10-11 15:03:25,550 [s4@group-F860CA578C61-LeaderElection19] INFO  impl.LeaderElection (LeaderElection.java:askForVotes(339)) - s4@group-F860CA578C61-LeaderElection19 PRE_VOTE round 111: result TIMEOUT
2024-10-11 15:03:25,550 [s4@group-F860CA578C61-LeaderElection19] INFO  impl.LeaderElection (LeaderElection.java:askForVotes(337)) - s4@group-F860CA578C61-LeaderElection19 PRE_VOTE round 112: submit vote requests at term 2 for conf: {index: 1, cur=peers:[s3|localhost:15152, s4|localhost:15156, s0|localhost:15140, s1|localhost:15144, s2|localhost:15148]|listeners:[], old=null}
2024-10-11 15:03:25,551 [NettyRpcService-workerGroup--thread3] INFO  server.RaftServer$Division (RaftServerImpl.java:requestVote(1443)) - s3@group-F860CA578C61: receive requestVote(PRE_VOTE, s4, group-F860CA578C61, 2, (t:2, i:2))
2024-10-11 15:03:25,551 [NettyRpcService-workerGroup--thread3] INFO  impl.VoteContext (VoteContext.java:log(49)) - s3@group-F860CA578C61-CANDIDATE: accept PRE_VOTE from s4: our priority 0 <= candidate's priority 0
2024-10-11 15:03:25,551 [NettyRpcService-workerGroup--thread3] INFO  server.RaftServer$Division (RaftServerImpl.java:requestVote(1476)) - s3@group-F860CA578C61 replies to PRE_VOTE vote request: s4<-s3#0:OK-t2. Peer's state: s3@group-F860CA578C61:t2, leader=null, voted=s0, raftlog=Memoized:s3@group-F860CA578C61-SegmentedRaftLog:OPENED:c2:last(t:2, i:2), conf=conf: {index: 1, cur=peers:[s3|localhost:15152, s4|localhost:15156, s0|localhost:15140, s1|localhost:15144, s2|localhost:15148]|listeners:[], old=null}
2024-10-11 15:03:25,551 [s4@group-F860CA578C61-LeaderElection19] INFO  impl.LeaderElection (LogUtils.java:infoOrTrace(136)) - s4@group-F860CA578C61-LeaderElection19 got exception when requesting votes: java.util.concurrent.ExecutionException: org.apache.ratis.thirdparty.io.netty.channel.AbstractChannel$AnnotatedConnectException: finishConnect(..) failed: Connection refused: localhost/127.0.0.1:15148
2024-10-11 15:03:25,551 [s4@group-F860CA578C61-LeaderElection19] INFO  impl.LeaderElection (LogUtils.java:infoOrTrace(136)) - s4@group-F860CA578C61-LeaderElection19 got exception when requesting votes: java.util.concurrent.ExecutionException: org.apache.ratis.thirdparty.io.netty.channel.AbstractChannel$AnnotatedConnectException: finishConnect(..) failed: Connection refused: localhost/127.0.0.1:15140
2024-10-11 15:03:25,585 [s3@group-F860CA578C61-LeaderElection20] INFO  impl.LeaderElection (LeaderElection.java:logAndReturn(90)) - s3@group-F860CA578C61-LeaderElection20: PRE_VOTE TIMEOUT received 1 response(s) and 2 exception(s):
2024-10-11 15:03:25,586 [s3@group-F860CA578C61-LeaderElection20] INFO  impl.LeaderElection (LeaderElection.java:logAndReturn(94)) -   Response 0: s3<-s4#0:OK-t2
2024-10-11 15:03:25,586 [s3@group-F860CA578C61-LeaderElection20] INFO  impl.LeaderElection (LogUtils.java:infoOrTrace(136)) -   Exception 1: java.util.concurrent.ExecutionException: org.apache.ratis.thirdparty.io.netty.channel.AbstractChannel$AnnotatedConnectException: finishConnect(..) failed: Connection refused: localhost/127.0.0.1:15140
2024-10-11 15:03:25,586 [s3@group-F860CA578C61-LeaderElection20] INFO  impl.LeaderElection (LogUtils.java:infoOrTrace(136)) -   Exception 2: java.util.concurrent.ExecutionException: org.apache.ratis.thirdparty.io.netty.channel.AbstractChannel$AnnotatedConnectException: finishConnect(..) failed: Connection refused: localhost/127.0.0.1:15148
2024-10-11 15:03:25,586 [s3@group-F860CA578C61-LeaderElection20] INFO  impl.LeaderElection (LeaderElection.java:askForVotes(339)) - s3@group-F860CA578C61-LeaderElection20 PRE_VOTE round 102: result TIMEOUT
2024-10-11 15:03:25,586 [s3@group-F860CA578C61-LeaderElection20] INFO  impl.LeaderElection (LeaderElection.java:askForVotes(337)) - s3@group-F860CA578C61-LeaderElection20 PRE_VOTE round 103: submit vote requests at term 2 for conf: {index: 1, cur=peers:[s3|localhost:15152, s4|localhost:15156, s0|localhost:15140, s1|localhost:15144, s2|localhost:15148]|listeners:[], old=null}
2024-10-11 15:03:25,586 [NettyRpcService-workerGroup--thread3] INFO  server.RaftServer$Division (RaftServerImpl.java:requestVote(1443)) - s4@group-F860CA578C61: receive requestVote(PRE_VOTE, s3, group-F860CA578C61, 2, (t:2, i:2))
2024-10-11 15:03:25,587 [NettyRpcService-workerGroup--thread3] INFO  impl.VoteContext (VoteContext.java:log(49)) - s4@group-F860CA578C61-CANDIDATE: accept PRE_VOTE from s3: our priority 0 <= candidate's priority 0
2024-10-11 15:03:25,587 [NettyRpcService-workerGroup--thread3] INFO  server.RaftServer$Division (RaftServerImpl.java:requestVote(1476)) - s4@group-F860CA578C61 replies to PRE_VOTE vote request: s3<-s4#0:OK-t2. Peer's state: s4@group-F860CA578C61:t2, leader=null, voted=s0, raftlog=Memoized:s4@group-F860CA578C61-SegmentedRaftLog:OPENED:c2:last(t:2, i:2), conf=conf: {index: 1, cur=peers:[s3|localhost:15152, s4|localhost:15156, s0|localhost:15140, s1|localhost:15144, s2|localhost:15148]|listeners:[], old=null}
2024-10-11 15:03:25,587 [s3@group-F860CA578C61-LeaderElection20] INFO  impl.LeaderElection (LogUtils.java:infoOrTrace(136)) - s3@group-F860CA578C61-LeaderElection20 got exception when requesting votes: java.util.concurrent.ExecutionException: org.apache.ratis.thirdparty.io.netty.channel.AbstractChannel$AnnotatedConnectException: finishConnect(..) failed: Connection refused: localhost/127.0.0.1:15148
2024-10-11 15:03:25,587 [s3@group-F860CA578C61-LeaderElection20] INFO  impl.LeaderElection (LogUtils.java:infoOrTrace(136)) - s3@group-F860CA578C61-LeaderElection20 got exception when requesting votes: java.util.concurrent.ExecutionException: org.apache.ratis.thirdparty.io.netty.channel.AbstractChannel$AnnotatedConnectException: finishConnect(..) failed: Connection refused: localhost/127.0.0.1:15140
2024-10-11 15:03:25,725 [s4@group-F860CA578C61-LeaderElection19] INFO  impl.LeaderElection (LeaderElection.java:logAndReturn(90)) - s4@group-F860CA578C61-LeaderElection19: PRE_VOTE TIMEOUT received 1 response(s) and 2 exception(s):
2024-10-11 15:03:25,725 [s4@group-F860CA578C61-LeaderElection19] INFO  impl.LeaderElection (LeaderElection.java:logAndReturn(94)) -   Response 0: s4<-s3#0:OK-t2
2024-10-11 15:03:25,725 [s4@group-F860CA578C61-LeaderElection19] INFO  impl.LeaderElection (LogUtils.java:infoOrTrace(136)) -   Exception 1: java.util.concurrent.ExecutionException: org.apache.ratis.thirdparty.io.netty.channel.AbstractChannel$AnnotatedConnectException: finishConnect(..) failed: Connection refused: localhost/127.0.0.1:15148
2024-10-11 15:03:25,725 [s4@group-F860CA578C61-LeaderElection19] INFO  impl.LeaderElection (LogUtils.java:infoOrTrace(136)) -   Exception 2: java.util.concurrent.ExecutionException: org.apache.ratis.thirdparty.io.netty.channel.AbstractChannel$AnnotatedConnectException: finishConnect(..) failed: Connection refused: localhost/127.0.0.1:15140
2024-10-11 15:03:25,725 [s4@group-F860CA578C61-LeaderElection19] INFO  impl.LeaderElection (LeaderElection.java:askForVotes(339)) - s4@group-F860CA578C61-LeaderElection19 PRE_VOTE round 112: result TIMEOUT
2024-10-11 15:03:25,725 [s4@group-F860CA578C61-LeaderElection19] INFO  impl.LeaderElection (LeaderElection.java:askForVotes(337)) - s4@group-F860CA578C61-LeaderElection19 PRE_VOTE round 113: submit vote requests at term 2 for conf: {index: 1, cur=peers:[s3|localhost:15152, s4|localhost:15156, s0|localhost:15140, s1|localhost:15144, s2|localhost:15148]|listeners:[], old=null}
2024-10-11 15:03:25,726 [NettyRpcService-workerGroup--thread3] INFO  server.RaftServer$Division (RaftServerImpl.java:requestVote(1443)) - s3@group-F860CA578C61: receive requestVote(PRE_VOTE, s4, group-F860CA578C61, 2, (t:2, i:2))
2024-10-11 15:03:25,726 [s4@group-F860CA578C61-LeaderElection19] INFO  impl.LeaderElection (LogUtils.java:infoOrTrace(136)) - s4@group-F860CA578C61-LeaderElection19 got exception when requesting votes: java.util.concurrent.ExecutionException: org.apache.ratis.thirdparty.io.netty.channel.AbstractChannel$AnnotatedConnectException: finishConnect(..) failed: Connection refused: localhost/127.0.0.1:15148
2024-10-11 15:03:25,726 [NettyRpcService-workerGroup--thread3] INFO  impl.VoteContext (VoteContext.java:log(49)) - s3@group-F860CA578C61-CANDIDATE: accept PRE_VOTE from s4: our priority 0 <= candidate's priority 0
2024-10-11 15:03:25,726 [s4@group-F860CA578C61-LeaderElection19] INFO  impl.LeaderElection (LogUtils.java:infoOrTrace(136)) - s4@group-F860CA578C61-LeaderElection19 got exception when requesting votes: java.util.concurrent.ExecutionException: org.apache.ratis.thirdparty.io.netty.channel.AbstractChannel$AnnotatedConnectException: finishConnect(..) failed: Connection refused: localhost/127.0.0.1:15140
2024-10-11 15:03:25,726 [NettyRpcService-workerGroup--thread3] INFO  server.RaftServer$Division (RaftServerImpl.java:requestVote(1476)) - s3@group-F860CA578C61 replies to PRE_VOTE vote request: s4<-s3#0:OK-t2. Peer's state: s3@group-F860CA578C61:t2, leader=null, voted=s0, raftlog=Memoized:s3@group-F860CA578C61-SegmentedRaftLog:OPENED:c2:last(t:2, i:2), conf=conf: {index: 1, cur=peers:[s3|localhost:15152, s4|localhost:15156, s0|localhost:15140, s1|localhost:15144, s2|localhost:15148]|listeners:[], old=null}
2024-10-11 15:03:25,745 [s3@group-F860CA578C61-LeaderElection20] INFO  impl.LeaderElection (LeaderElection.java:logAndReturn(90)) - s3@group-F860CA578C61-LeaderElection20: PRE_VOTE TIMEOUT received 1 response(s) and 2 exception(s):
2024-10-11 15:03:25,745 [s3@group-F860CA578C61-LeaderElection20] INFO  impl.LeaderElection (LeaderElection.java:logAndReturn(94)) -   Response 0: s3<-s4#0:OK-t2
2024-10-11 15:03:25,745 [s3@group-F860CA578C61-LeaderElection20] INFO  impl.LeaderElection (LogUtils.java:infoOrTrace(136)) -   Exception 1: java.util.concurrent.ExecutionException: org.apache.ratis.thirdparty.io.netty.channel.AbstractChannel$AnnotatedConnectException: finishConnect(..) failed: Connection refused: localhost/127.0.0.1:15148
2024-10-11 15:03:25,746 [s3@group-F860CA578C61-LeaderElection20] INFO  impl.LeaderElection (LogUtils.java:infoOrTrace(136)) -   Exception 2: java.util.concurrent.ExecutionException: org.apache.ratis.thirdparty.io.netty.channel.AbstractChannel$AnnotatedConnectException: finishConnect(..) failed: Connection refused: localhost/127.0.0.1:15140
2024-10-11 15:03:25,746 [s3@group-F860CA578C61-LeaderElection20] INFO  impl.LeaderElection (LeaderElection.java:askForVotes(339)) - s3@group-F860CA578C61-LeaderElection20 PRE_VOTE round 103: result TIMEOUT
2024-10-11 15:03:25,746 [s3@group-F860CA578C61-LeaderElection20] INFO  impl.LeaderElection (LeaderElection.java:askForVotes(337)) - s3@group-F860CA578C61-LeaderElection20 PRE_VOTE round 104: submit vote requests at term 2 for conf: {index: 1, cur=peers:[s3|localhost:15152, s4|localhost:15156, s0|localhost:15140, s1|localhost:15144, s2|localhost:15148]|listeners:[], old=null}
2024-10-11 15:03:25,746 [NettyRpcService-workerGroup--thread3] INFO  server.RaftServer$Division (RaftServerImpl.java:requestVote(1443)) - s4@group-F860CA578C61: receive requestVote(PRE_VOTE, s3, group-F860CA578C61, 2, (t:2, i:2))
2024-10-11 15:03:25,746 [NettyRpcService-workerGroup--thread3] INFO  impl.VoteContext (VoteContext.java:log(49)) - s4@group-F860CA578C61-CANDIDATE: accept PRE_VOTE from s3: our priority 0 <= candidate's priority 0
2024-10-11 15:03:25,746 [NettyRpcService-workerGroup--thread3] INFO  server.RaftServer$Division (RaftServerImpl.java:requestVote(1476)) - s4@group-F860CA578C61 replies to PRE_VOTE vote request: s3<-s4#0:OK-t2. Peer's state: s4@group-F860CA578C61:t2, leader=null, voted=s0, raftlog=Memoized:s4@group-F860CA578C61-SegmentedRaftLog:OPENED:c2:last(t:2, i:2), conf=conf: {index: 1, cur=peers:[s3|localhost:15152, s4|localhost:15156, s0|localhost:15140, s1|localhost:15144, s2|localhost:15148]|listeners:[], old=null}
2024-10-11 15:03:25,746 [s3@group-F860CA578C61-LeaderElection20] INFO  impl.LeaderElection (LogUtils.java:infoOrTrace(136)) - s3@group-F860CA578C61-LeaderElection20 got exception when requesting votes: java.util.concurrent.ExecutionException: org.apache.ratis.thirdparty.io.netty.channel.AbstractChannel$AnnotatedConnectException: finishConnect(..) failed: Connection refused: localhost/127.0.0.1:15140
2024-10-11 15:03:25,747 [s3@group-F860CA578C61-LeaderElection20] INFO  impl.LeaderElection (LogUtils.java:infoOrTrace(136)) - s3@group-F860CA578C61-LeaderElection20 got exception when requesting votes: java.util.concurrent.ExecutionException: org.apache.ratis.thirdparty.io.netty.channel.AbstractChannel$AnnotatedConnectException: finishConnect(..) failed: Connection refused: localhost/127.0.0.1:15148
2024-10-11 15:03:25,957 [main] WARN  ratis.RaftTestUtil (RaftTestUtil.java:lambda$waitForLeader$3(126)) - Attempt #57 failed: java.lang.IllegalStateException: No leader yet : printing ALL groups
  s3:  RUNNING CANDIDATE s3@group-F860CA578C61:t2, leader=null, voted=s0, raftlog=Memoized:s3@group-F860CA578C61-SegmentedRaftLog:OPENED:c2:last(t:2, i:2), conf=conf: {index: 1, cur=peers:[s3|localhost:15152, s4|localhost:15156, s0|localhost:15140, s1|localhost:15144, s2|localhost:15148]|listeners:[], old=null} RUNNING
  s4:  RUNNING CANDIDATE s4@group-F860CA578C61:t2, leader=null, voted=s0, raftlog=Memoized:s4@group-F860CA578C61-SegmentedRaftLog:OPENED:c2:last(t:2, i:2), conf=conf: {index: 1, cur=peers:[s3|localhost:15152, s4|localhost:15156, s0|localhost:15140, s1|localhost:15144, s2|localhost:15148]|listeners:[], old=null} RUNNING
  s0:   CLOSED    LEADER s0@group-F860CA578C61:t2, leader=s0, voted=s0, raftlog=Memoized:s0@group-F860CA578C61-SegmentedRaftLog:CLOSED:c2, conf=conf: {index: 1, cur=peers:[s3|localhost:15152, s4|localhost:15156, s0|localhost:15140, s1|localhost:15144, s2|localhost:15148]|listeners:[], old=null} CLOSED
  s1:  RUNNING  FOLLOWER s1@group-F860CA578C61:t1, leader=null, voted=null, raftlog=Memoized:s1@group-F860CA578C61-SegmentedRaftLog:OPENED:c-1:lastnull, conf=conf: {index: -1, cur=peers:[s3|localhost:15152, s4|localhost:15156, s0|localhost:15140, s1|localhost:15144, s2|localhost:15148]|listeners:[], old=null} RUNNING
  s2:   CLOSED    LEADER s2@group-F860CA578C61:t1, leader=s2, voted=s2, raftlog=Memoized:s2@group-F860CA578C61-SegmentedRaftLog:CLOSED:c0, conf=conf: {index: 0, cur=peers:[s3|localhost:15152, s4|localhost:15156, s0|localhost:15140, s1|localhost:15144, s2|localhost:15148]|listeners:[], old=null} CLOSED
2024-10-11 15:03:25,968 [s4@group-F860CA578C61-LeaderElection19] INFO  impl.LeaderElection (LeaderElection.java:logAndReturn(90)) - s4@group-F860CA578C61-LeaderElection19: PRE_VOTE TIMEOUT received 1 response(s) and 2 exception(s):
2024-10-11 15:03:25,968 [s4@group-F860CA578C61-LeaderElection19] INFO  impl.LeaderElection (LeaderElection.java:logAndReturn(94)) -   Response 0: s4<-s3#0:OK-t2
2024-10-11 15:03:25,968 [s4@group-F860CA578C61-LeaderElection19] INFO  impl.LeaderElection (LogUtils.java:infoOrTrace(136)) -   Exception 1: java.util.concurrent.ExecutionException: org.apache.ratis.thirdparty.io.netty.channel.AbstractChannel$AnnotatedConnectException: finishConnect(..) failed: Connection refused: localhost/127.0.0.1:15148
2024-10-11 15:03:25,968 [s4@group-F860CA578C61-LeaderElection19] INFO  impl.LeaderElection (LogUtils.java:infoOrTrace(136)) -   Exception 2: java.util.concurrent.ExecutionException: org.apache.ratis.thirdparty.io.netty.channel.AbstractChannel$AnnotatedConnectException: finishConnect(..) failed: Connection refused: localhost/127.0.0.1:15140
2024-10-11 15:03:25,968 [s4@group-F860CA578C61-LeaderElection19] INFO  impl.LeaderElection (LeaderElection.java:askForVotes(339)) - s4@group-F860CA578C61-LeaderElection19 PRE_VOTE round 113: result TIMEOUT
2024-10-11 15:03:25,968 [s4@group-F860CA578C61-LeaderElection19] INFO  impl.LeaderElection (LeaderElection.java:askForVotes(337)) - s4@group-F860CA578C61-LeaderElection19 PRE_VOTE round 114: submit vote requests at term 2 for conf: {index: 1, cur=peers:[s3|localhost:15152, s4|localhost:15156, s0|localhost:15140, s1|localhost:15144, s2|localhost:15148]|listeners:[], old=null}
2024-10-11 15:03:25,969 [NettyRpcService-workerGroup--thread3] INFO  server.RaftServer$Division (RaftServerImpl.java:requestVote(1443)) - s3@group-F860CA578C61: receive requestVote(PRE_VOTE, s4, group-F860CA578C61, 2, (t:2, i:2))
2024-10-11 15:03:25,969 [NettyRpcService-workerGroup--thread3] INFO  impl.VoteContext (VoteContext.java:log(49)) - s3@group-F860CA578C61-CANDIDATE: accept PRE_VOTE from s4: our priority 0 <= candidate's priority 0
2024-10-11 15:03:25,969 [s4@group-F860CA578C61-LeaderElection19] INFO  impl.LeaderElection (LogUtils.java:infoOrTrace(136)) - s4@group-F860CA578C61-LeaderElection19 got exception when requesting votes: java.util.concurrent.ExecutionException: org.apache.ratis.thirdparty.io.netty.channel.AbstractChannel$AnnotatedConnectException: finishConnect(..) failed: Connection refused: localhost/127.0.0.1:15140
2024-10-11 15:03:25,969 [NettyRpcService-workerGroup--thread3] INFO  server.RaftServer$Division (RaftServerImpl.java:requestVote(1476)) - s3@group-F860CA578C61 replies to PRE_VOTE vote request: s4<-s3#0:OK-t2. Peer's state: s3@group-F860CA578C61:t2, leader=null, voted=s0, raftlog=Memoized:s3@group-F860CA578C61-SegmentedRaftLog:OPENED:c2:last(t:2, i:2), conf=conf: {index: 1, cur=peers:[s3|localhost:15152, s4|localhost:15156, s0|localhost:15140, s1|localhost:15144, s2|localhost:15148]|listeners:[], old=null}
2024-10-11 15:03:25,969 [s4@group-F860CA578C61-LeaderElection19] INFO  impl.LeaderElection (LogUtils.java:infoOrTrace(136)) - s4@group-F860CA578C61-LeaderElection19 got exception when requesting votes: java.util.concurrent.ExecutionException: org.apache.ratis.thirdparty.io.netty.channel.AbstractChannel$AnnotatedConnectException: finishConnect(..) failed: Connection refused: localhost/127.0.0.1:15148
2024-10-11 15:03:26,015 [s3@group-F860CA578C61-LeaderElection20] INFO  impl.LeaderElection (LeaderElection.java:logAndReturn(90)) - s3@group-F860CA578C61-LeaderElection20: PRE_VOTE TIMEOUT received 1 response(s) and 2 exception(s):
2024-10-11 15:03:26,015 [s3@group-F860CA578C61-LeaderElection20] INFO  impl.LeaderElection (LeaderElection.java:logAndReturn(94)) -   Response 0: s3<-s4#0:OK-t2
2024-10-11 15:03:26,016 [s3@group-F860CA578C61-LeaderElection20] INFO  impl.LeaderElection (LogUtils.java:infoOrTrace(136)) -   Exception 1: java.util.concurrent.ExecutionException: org.apache.ratis.thirdparty.io.netty.channel.AbstractChannel$AnnotatedConnectException: finishConnect(..) failed: Connection refused: localhost/127.0.0.1:15140
2024-10-11 15:03:26,016 [s3@group-F860CA578C61-LeaderElection20] INFO  impl.LeaderElection (LogUtils.java:infoOrTrace(136)) -   Exception 2: java.util.concurrent.ExecutionException: org.apache.ratis.thirdparty.io.netty.channel.AbstractChannel$AnnotatedConnectException: finishConnect(..) failed: Connection refused: localhost/127.0.0.1:15148
2024-10-11 15:03:26,016 [s3@group-F860CA578C61-LeaderElection20] INFO  impl.LeaderElection (LeaderElection.java:askForVotes(339)) - s3@group-F860CA578C61-LeaderElection20 PRE_VOTE round 104: result TIMEOUT
2024-10-11 15:03:26,016 [s3@group-F860CA578C61-LeaderElection20] INFO  impl.LeaderElection (LeaderElection.java:askForVotes(337)) - s3@group-F860CA578C61-LeaderElection20 PRE_VOTE round 105: submit vote requests at term 2 for conf: {index: 1, cur=peers:[s3|localhost:15152, s4|localhost:15156, s0|localhost:15140, s1|localhost:15144, s2|localhost:15148]|listeners:[], old=null}
2024-10-11 15:03:26,016 [NettyRpcService-workerGroup--thread3] INFO  server.RaftServer$Division (RaftServerImpl.java:requestVote(1443)) - s4@group-F860CA578C61: receive requestVote(PRE_VOTE, s3, group-F860CA578C61, 2, (t:2, i:2))
2024-10-11 15:03:26,016 [NettyRpcService-workerGroup--thread3] INFO  impl.VoteContext (VoteContext.java:log(49)) - s4@group-F860CA578C61-CANDIDATE: accept PRE_VOTE from s3: our priority 0 <= candidate's priority 0
2024-10-11 15:03:26,017 [NettyRpcService-workerGroup--thread3] INFO  server.RaftServer$Division (RaftServerImpl.java:requestVote(1476)) - s4@group-F860CA578C61 replies to PRE_VOTE vote request: s3<-s4#0:OK-t2. Peer's state: s4@group-F860CA578C61:t2, leader=null, voted=s0, raftlog=Memoized:s4@group-F860CA578C61-SegmentedRaftLog:OPENED:c2:last(t:2, i:2), conf=conf: {index: 1, cur=peers:[s3|localhost:15152, s4|localhost:15156, s0|localhost:15140, s1|localhost:15144, s2|localhost:15148]|listeners:[], old=null}
2024-10-11 15:03:26,017 [s3@group-F860CA578C61-LeaderElection20] INFO  impl.LeaderElection (LogUtils.java:infoOrTrace(136)) - s3@group-F860CA578C61-LeaderElection20 got exception when requesting votes: java.util.concurrent.ExecutionException: org.apache.ratis.thirdparty.io.netty.channel.AbstractChannel$AnnotatedConnectException: finishConnect(..) failed: Connection refused: localhost/127.0.0.1:15148
2024-10-11 15:03:26,017 [s3@group-F860CA578C61-LeaderElection20] INFO  impl.LeaderElection (LogUtils.java:infoOrTrace(136)) - s3@group-F860CA578C61-LeaderElection20 got exception when requesting votes: java.util.concurrent.ExecutionException: org.apache.ratis.thirdparty.io.netty.channel.AbstractChannel$AnnotatedConnectException: finishConnect(..) failed: Connection refused: localhost/127.0.0.1:15140
2024-10-11 15:03:26,194 [s4@group-F860CA578C61-LeaderElection19] INFO  impl.LeaderElection (LeaderElection.java:logAndReturn(90)) - s4@group-F860CA578C61-LeaderElection19: PRE_VOTE TIMEOUT received 1 response(s) and 2 exception(s):
2024-10-11 15:03:26,194 [s4@group-F860CA578C61-LeaderElection19] INFO  impl.LeaderElection (LeaderElection.java:logAndReturn(94)) -   Response 0: s4<-s3#0:OK-t2
2024-10-11 15:03:26,194 [s4@group-F860CA578C61-LeaderElection19] INFO  impl.LeaderElection (LogUtils.java:infoOrTrace(136)) -   Exception 1: java.util.concurrent.ExecutionException: org.apache.ratis.thirdparty.io.netty.channel.AbstractChannel$AnnotatedConnectException: finishConnect(..) failed: Connection refused: localhost/127.0.0.1:15140
2024-10-11 15:03:26,194 [s4@group-F860CA578C61-LeaderElection19] INFO  impl.LeaderElection (LogUtils.java:infoOrTrace(136)) -   Exception 2: java.util.concurrent.ExecutionException: org.apache.ratis.thirdparty.io.netty.channel.AbstractChannel$AnnotatedConnectException: finishConnect(..) failed: Connection refused: localhost/127.0.0.1:15148
2024-10-11 15:03:26,194 [s4@group-F860CA578C61-LeaderElection19] INFO  impl.LeaderElection (LeaderElection.java:askForVotes(339)) - s4@group-F860CA578C61-LeaderElection19 PRE_VOTE round 114: result TIMEOUT
2024-10-11 15:03:26,194 [s4@group-F860CA578C61-LeaderElection19] INFO  impl.LeaderElection (LeaderElection.java:askForVotes(337)) - s4@group-F860CA578C61-LeaderElection19 PRE_VOTE round 115: submit vote requests at term 2 for conf: {index: 1, cur=peers:[s3|localhost:15152, s4|localhost:15156, s0|localhost:15140, s1|localhost:15144, s2|localhost:15148]|listeners:[], old=null}
2024-10-11 15:03:26,195 [NettyRpcService-workerGroup--thread3] INFO  server.RaftServer$Division (RaftServerImpl.java:requestVote(1443)) - s3@group-F860CA578C61: receive requestVote(PRE_VOTE, s4, group-F860CA578C61, 2, (t:2, i:2))
2024-10-11 15:03:26,195 [NettyRpcService-workerGroup--thread3] INFO  impl.VoteContext (VoteContext.java:log(49)) - s3@group-F860CA578C61-CANDIDATE: accept PRE_VOTE from s4: our priority 0 <= candidate's priority 0
2024-10-11 15:03:26,195 [NettyRpcService-workerGroup--thread3] INFO  server.RaftServer$Division (RaftServerImpl.java:requestVote(1476)) - s3@group-F860CA578C61 replies to PRE_VOTE vote request: s4<-s3#0:OK-t2. Peer's state: s3@group-F860CA578C61:t2, leader=null, voted=s0, raftlog=Memoized:s3@group-F860CA578C61-SegmentedRaftLog:OPENED:c2:last(t:2, i:2), conf=conf: {index: 1, cur=peers:[s3|localhost:15152, s4|localhost:15156, s0|localhost:15140, s1|localhost:15144, s2|localhost:15148]|listeners:[], old=null}
2024-10-11 15:03:26,195 [s4@group-F860CA578C61-LeaderElection19] INFO  impl.LeaderElection (LogUtils.java:infoOrTrace(136)) - s4@group-F860CA578C61-LeaderElection19 got exception when requesting votes: java.util.concurrent.ExecutionException: org.apache.ratis.thirdparty.io.netty.channel.AbstractChannel$AnnotatedConnectException: finishConnect(..) failed: Connection refused: localhost/127.0.0.1:15140
2024-10-11 15:03:26,196 [s4@group-F860CA578C61-LeaderElection19] INFO  impl.LeaderElection (LogUtils.java:infoOrTrace(136)) - s4@group-F860CA578C61-LeaderElection19 got exception when requesting votes: java.util.concurrent.ExecutionException: org.apache.ratis.thirdparty.io.netty.channel.AbstractChannel$AnnotatedConnectException: finishConnect(..) failed: Connection refused: localhost/127.0.0.1:15148
2024-10-11 15:03:26,266 [s3@group-F860CA578C61-LeaderElection20] INFO  impl.LeaderElection (LeaderElection.java:logAndReturn(90)) - s3@group-F860CA578C61-LeaderElection20: PRE_VOTE TIMEOUT received 1 response(s) and 2 exception(s):
2024-10-11 15:03:26,267 [s3@group-F860CA578C61-LeaderElection20] INFO  impl.LeaderElection (LeaderElection.java:logAndReturn(94)) -   Response 0: s3<-s4#0:OK-t2
2024-10-11 15:03:26,267 [s3@group-F860CA578C61-LeaderElection20] INFO  impl.LeaderElection (LogUtils.java:infoOrTrace(136)) -   Exception 1: java.util.concurrent.ExecutionException: org.apache.ratis.thirdparty.io.netty.channel.AbstractChannel$AnnotatedConnectException: finishConnect(..) failed: Connection refused: localhost/127.0.0.1:15148
2024-10-11 15:03:26,267 [s3@group-F860CA578C61-LeaderElection20] INFO  impl.LeaderElection (LogUtils.java:infoOrTrace(136)) -   Exception 2: java.util.concurrent.ExecutionException: org.apache.ratis.thirdparty.io.netty.channel.AbstractChannel$AnnotatedConnectException: finishConnect(..) failed: Connection refused: localhost/127.0.0.1:15140
2024-10-11 15:03:26,267 [s3@group-F860CA578C61-LeaderElection20] INFO  impl.LeaderElection (LeaderElection.java:askForVotes(339)) - s3@group-F860CA578C61-LeaderElection20 PRE_VOTE round 105: result TIMEOUT
2024-10-11 15:03:26,267 [s3@group-F860CA578C61-LeaderElection20] INFO  impl.LeaderElection (LeaderElection.java:askForVotes(337)) - s3@group-F860CA578C61-LeaderElection20 PRE_VOTE round 106: submit vote requests at term 2 for conf: {index: 1, cur=peers:[s3|localhost:15152, s4|localhost:15156, s0|localhost:15140, s1|localhost:15144, s2|localhost:15148]|listeners:[], old=null}
2024-10-11 15:03:26,268 [NettyRpcService-workerGroup--thread3] INFO  server.RaftServer$Division (RaftServerImpl.java:requestVote(1443)) - s4@group-F860CA578C61: receive requestVote(PRE_VOTE, s3, group-F860CA578C61, 2, (t:2, i:2))
2024-10-11 15:03:26,268 [s3@group-F860CA578C61-LeaderElection20] INFO  impl.LeaderElection (LogUtils.java:infoOrTrace(136)) - s3@group-F860CA578C61-LeaderElection20 got exception when requesting votes: java.util.concurrent.ExecutionException: org.apache.ratis.thirdparty.io.netty.channel.AbstractChannel$AnnotatedConnectException: finishConnect(..) failed: Connection refused: localhost/127.0.0.1:15140
2024-10-11 15:03:26,268 [NettyRpcService-workerGroup--thread3] INFO  impl.VoteContext (VoteContext.java:log(49)) - s4@group-F860CA578C61-CANDIDATE: accept PRE_VOTE from s3: our priority 0 <= candidate's priority 0
2024-10-11 15:03:26,268 [NettyRpcService-workerGroup--thread3] INFO  server.RaftServer$Division (RaftServerImpl.java:requestVote(1476)) - s4@group-F860CA578C61 replies to PRE_VOTE vote request: s3<-s4#0:OK-t2. Peer's state: s4@group-F860CA578C61:t2, leader=null, voted=s0, raftlog=Memoized:s4@group-F860CA578C61-SegmentedRaftLog:OPENED:c2:last(t:2, i:2), conf=conf: {index: 1, cur=peers:[s3|localhost:15152, s4|localhost:15156, s0|localhost:15140, s1|localhost:15144, s2|localhost:15148]|listeners:[], old=null}
2024-10-11 15:03:26,268 [s3@group-F860CA578C61-LeaderElection20] INFO  impl.LeaderElection (LogUtils.java:infoOrTrace(136)) - s3@group-F860CA578C61-LeaderElection20 got exception when requesting votes: java.util.concurrent.ExecutionException: org.apache.ratis.thirdparty.io.netty.channel.AbstractChannel$AnnotatedConnectException: finishConnect(..) failed: Connection refused: localhost/127.0.0.1:15148
2024-10-11 15:03:26,408 [main] WARN  ratis.RaftTestUtil (RaftTestUtil.java:lambda$waitForLeader$3(126)) - Attempt #58 failed: java.lang.IllegalStateException: No leader yet : printing ALL groups
  s3:  RUNNING CANDIDATE s3@group-F860CA578C61:t2, leader=null, voted=s0, raftlog=Memoized:s3@group-F860CA578C61-SegmentedRaftLog:OPENED:c2:last(t:2, i:2), conf=conf: {index: 1, cur=peers:[s3|localhost:15152, s4|localhost:15156, s0|localhost:15140, s1|localhost:15144, s2|localhost:15148]|listeners:[], old=null} RUNNING
  s4:  RUNNING CANDIDATE s4@group-F860CA578C61:t2, leader=null, voted=s0, raftlog=Memoized:s4@group-F860CA578C61-SegmentedRaftLog:OPENED:c2:last(t:2, i:2), conf=conf: {index: 1, cur=peers:[s3|localhost:15152, s4|localhost:15156, s0|localhost:15140, s1|localhost:15144, s2|localhost:15148]|listeners:[], old=null} RUNNING
  s0:   CLOSED    LEADER s0@group-F860CA578C61:t2, leader=s0, voted=s0, raftlog=Memoized:s0@group-F860CA578C61-SegmentedRaftLog:CLOSED:c2, conf=conf: {index: 1, cur=peers:[s3|localhost:15152, s4|localhost:15156, s0|localhost:15140, s1|localhost:15144, s2|localhost:15148]|listeners:[], old=null} CLOSED
  s1:  RUNNING  FOLLOWER s1@group-F860CA578C61:t1, leader=null, voted=null, raftlog=Memoized:s1@group-F860CA578C61-SegmentedRaftLog:OPENED:c-1:lastnull, conf=conf: {index: -1, cur=peers:[s3|localhost:15152, s4|localhost:15156, s0|localhost:15140, s1|localhost:15144, s2|localhost:15148]|listeners:[], old=null} RUNNING
  s2:   CLOSED    LEADER s2@group-F860CA578C61:t1, leader=s2, voted=s2, raftlog=Memoized:s2@group-F860CA578C61-SegmentedRaftLog:CLOSED:c0, conf=conf: {index: 0, cur=peers:[s3|localhost:15152, s4|localhost:15156, s0|localhost:15140, s1|localhost:15144, s2|localhost:15148]|listeners:[], old=null} CLOSED
2024-10-11 15:03:26,423 [s4@group-F860CA578C61-LeaderElection19] INFO  impl.LeaderElection (LeaderElection.java:logAndReturn(90)) - s4@group-F860CA578C61-LeaderElection19: PRE_VOTE TIMEOUT received 1 response(s) and 2 exception(s):
2024-10-11 15:03:26,423 [s4@group-F860CA578C61-LeaderElection19] INFO  impl.LeaderElection (LeaderElection.java:logAndReturn(94)) -   Response 0: s4<-s3#0:OK-t2
2024-10-11 15:03:26,423 [s4@group-F860CA578C61-LeaderElection19] INFO  impl.LeaderElection (LogUtils.java:infoOrTrace(136)) -   Exception 1: java.util.concurrent.ExecutionException: org.apache.ratis.thirdparty.io.netty.channel.AbstractChannel$AnnotatedConnectException: finishConnect(..) failed: Connection refused: localhost/127.0.0.1:15140
2024-10-11 15:03:26,423 [s4@group-F860CA578C61-LeaderElection19] INFO  impl.LeaderElection (LogUtils.java:infoOrTrace(136)) -   Exception 2: java.util.concurrent.ExecutionException: org.apache.ratis.thirdparty.io.netty.channel.AbstractChannel$AnnotatedConnectException: finishConnect(..) failed: Connection refused: localhost/127.0.0.1:15148
2024-10-11 15:03:26,423 [s4@group-F860CA578C61-LeaderElection19] INFO  impl.LeaderElection (LeaderElection.java:askForVotes(339)) - s4@group-F860CA578C61-LeaderElection19 PRE_VOTE round 115: result TIMEOUT
2024-10-11 15:03:26,423 [s4@group-F860CA578C61-LeaderElection19] INFO  impl.LeaderElection (LeaderElection.java:askForVotes(337)) - s4@group-F860CA578C61-LeaderElection19 PRE_VOTE round 116: submit vote requests at term 2 for conf: {index: 1, cur=peers:[s3|localhost:15152, s4|localhost:15156, s0|localhost:15140, s1|localhost:15144, s2|localhost:15148]|listeners:[], old=null}
2024-10-11 15:03:26,424 [NettyRpcService-workerGroup--thread3] INFO  server.RaftServer$Division (RaftServerImpl.java:requestVote(1443)) - s3@group-F860CA578C61: receive requestVote(PRE_VOTE, s4, group-F860CA578C61, 2, (t:2, i:2))
2024-10-11 15:03:26,424 [NettyRpcService-workerGroup--thread3] INFO  impl.VoteContext (VoteContext.java:log(49)) - s3@group-F860CA578C61-CANDIDATE: accept PRE_VOTE from s4: our priority 0 <= candidate's priority 0
2024-10-11 15:03:26,424 [NettyRpcService-workerGroup--thread3] INFO  server.RaftServer$Division (RaftServerImpl.java:requestVote(1476)) - s3@group-F860CA578C61 replies to PRE_VOTE vote request: s4<-s3#0:OK-t2. Peer's state: s3@group-F860CA578C61:t2, leader=null, voted=s0, raftlog=Memoized:s3@group-F860CA578C61-SegmentedRaftLog:OPENED:c2:last(t:2, i:2), conf=conf: {index: 1, cur=peers:[s3|localhost:15152, s4|localhost:15156, s0|localhost:15140, s1|localhost:15144, s2|localhost:15148]|listeners:[], old=null}
2024-10-11 15:03:26,424 [s4@group-F860CA578C61-LeaderElection19] INFO  impl.LeaderElection (LogUtils.java:infoOrTrace(136)) - s4@group-F860CA578C61-LeaderElection19 got exception when requesting votes: java.util.concurrent.ExecutionException: org.apache.ratis.thirdparty.io.netty.channel.AbstractChannel$AnnotatedConnectException: finishConnect(..) failed: Connection refused: localhost/127.0.0.1:15148
2024-10-11 15:03:26,424 [s4@group-F860CA578C61-LeaderElection19] INFO  impl.LeaderElection (LogUtils.java:infoOrTrace(136)) - s4@group-F860CA578C61-LeaderElection19 got exception when requesting votes: java.util.concurrent.ExecutionException: org.apache.ratis.thirdparty.io.netty.channel.AbstractChannel$AnnotatedConnectException: finishConnect(..) failed: Connection refused: localhost/127.0.0.1:15140
2024-10-11 15:03:26,447 [s3@group-F860CA578C61-LeaderElection20] INFO  impl.LeaderElection (LeaderElection.java:logAndReturn(90)) - s3@group-F860CA578C61-LeaderElection20: PRE_VOTE TIMEOUT received 1 response(s) and 2 exception(s):
2024-10-11 15:03:26,447 [s3@group-F860CA578C61-LeaderElection20] INFO  impl.LeaderElection (LeaderElection.java:logAndReturn(94)) -   Response 0: s3<-s4#0:OK-t2
2024-10-11 15:03:26,447 [s3@group-F860CA578C61-LeaderElection20] INFO  impl.LeaderElection (LogUtils.java:infoOrTrace(136)) -   Exception 1: java.util.concurrent.ExecutionException: org.apache.ratis.thirdparty.io.netty.channel.AbstractChannel$AnnotatedConnectException: finishConnect(..) failed: Connection refused: localhost/127.0.0.1:15140
2024-10-11 15:03:26,447 [s3@group-F860CA578C61-LeaderElection20] INFO  impl.LeaderElection (LogUtils.java:infoOrTrace(136)) -   Exception 2: java.util.concurrent.ExecutionException: org.apache.ratis.thirdparty.io.netty.channel.AbstractChannel$AnnotatedConnectException: finishConnect(..) failed: Connection refused: localhost/127.0.0.1:15148
2024-10-11 15:03:26,447 [s3@group-F860CA578C61-LeaderElection20] INFO  impl.LeaderElection (LeaderElection.java:askForVotes(339)) - s3@group-F860CA578C61-LeaderElection20 PRE_VOTE round 106: result TIMEOUT
2024-10-11 15:03:26,447 [s3@group-F860CA578C61-LeaderElection20] INFO  impl.LeaderElection (LeaderElection.java:askForVotes(337)) - s3@group-F860CA578C61-LeaderElection20 PRE_VOTE round 107: submit vote requests at term 2 for conf: {index: 1, cur=peers:[s3|localhost:15152, s4|localhost:15156, s0|localhost:15140, s1|localhost:15144, s2|localhost:15148]|listeners:[], old=null}
2024-10-11 15:03:26,448 [NettyRpcService-workerGroup--thread3] INFO  server.RaftServer$Division (RaftServerImpl.java:requestVote(1443)) - s4@group-F860CA578C61: receive requestVote(PRE_VOTE, s3, group-F860CA578C61, 2, (t:2, i:2))
2024-10-11 15:03:26,448 [NettyRpcService-workerGroup--thread3] INFO  impl.VoteContext (VoteContext.java:log(49)) - s4@group-F860CA578C61-CANDIDATE: accept PRE_VOTE from s3: our priority 0 <= candidate's priority 0
2024-10-11 15:03:26,448 [s3@group-F860CA578C61-LeaderElection20] INFO  impl.LeaderElection (LogUtils.java:infoOrTrace(136)) - s3@group-F860CA578C61-LeaderElection20 got exception when requesting votes: java.util.concurrent.ExecutionException: org.apache.ratis.thirdparty.io.netty.channel.AbstractChannel$AnnotatedConnectException: finishConnect(..) failed: Connection refused: localhost/127.0.0.1:15140
2024-10-11 15:03:26,448 [NettyRpcService-workerGroup--thread3] INFO  server.RaftServer$Division (RaftServerImpl.java:requestVote(1476)) - s4@group-F860CA578C61 replies to PRE_VOTE vote request: s3<-s4#0:OK-t2. Peer's state: s4@group-F860CA578C61:t2, leader=null, voted=s0, raftlog=Memoized:s4@group-F860CA578C61-SegmentedRaftLog:OPENED:c2:last(t:2, i:2), conf=conf: {index: 1, cur=peers:[s3|localhost:15152, s4|localhost:15156, s0|localhost:15140, s1|localhost:15144, s2|localhost:15148]|listeners:[], old=null}
2024-10-11 15:03:26,448 [s3@group-F860CA578C61-LeaderElection20] INFO  impl.LeaderElection (LogUtils.java:infoOrTrace(136)) - s3@group-F860CA578C61-LeaderElection20 got exception when requesting votes: java.util.concurrent.ExecutionException: org.apache.ratis.thirdparty.io.netty.channel.AbstractChannel$AnnotatedConnectException: finishConnect(..) failed: Connection refused: localhost/127.0.0.1:15148
2024-10-11 15:03:26,662 [s4@group-F860CA578C61-LeaderElection19] INFO  impl.LeaderElection (LeaderElection.java:logAndReturn(90)) - s4@group-F860CA578C61-LeaderElection19: PRE_VOTE TIMEOUT received 1 response(s) and 2 exception(s):
2024-10-11 15:03:26,662 [s4@group-F860CA578C61-LeaderElection19] INFO  impl.LeaderElection (LeaderElection.java:logAndReturn(94)) -   Response 0: s4<-s3#0:OK-t2
2024-10-11 15:03:26,662 [s4@group-F860CA578C61-LeaderElection19] INFO  impl.LeaderElection (LogUtils.java:infoOrTrace(136)) -   Exception 1: java.util.concurrent.ExecutionException: org.apache.ratis.thirdparty.io.netty.channel.AbstractChannel$AnnotatedConnectException: finishConnect(..) failed: Connection refused: localhost/127.0.0.1:15148
2024-10-11 15:03:26,662 [s4@group-F860CA578C61-LeaderElection19] INFO  impl.LeaderElection (LogUtils.java:infoOrTrace(136)) -   Exception 2: java.util.concurrent.ExecutionException: org.apache.ratis.thirdparty.io.netty.channel.AbstractChannel$AnnotatedConnectException: finishConnect(..) failed: Connection refused: localhost/127.0.0.1:15140
2024-10-11 15:03:26,662 [s4@group-F860CA578C61-LeaderElection19] INFO  impl.LeaderElection (LeaderElection.java:askForVotes(339)) - s4@group-F860CA578C61-LeaderElection19 PRE_VOTE round 116: result TIMEOUT
2024-10-11 15:03:26,662 [s4@group-F860CA578C61-LeaderElection19] INFO  impl.LeaderElection (LeaderElection.java:askForVotes(337)) - s4@group-F860CA578C61-LeaderElection19 PRE_VOTE round 117: submit vote requests at term 2 for conf: {index: 1, cur=peers:[s3|localhost:15152, s4|localhost:15156, s0|localhost:15140, s1|localhost:15144, s2|localhost:15148]|listeners:[], old=null}
2024-10-11 15:03:26,663 [NettyRpcService-workerGroup--thread3] INFO  server.RaftServer$Division (RaftServerImpl.java:requestVote(1443)) - s3@group-F860CA578C61: receive requestVote(PRE_VOTE, s4, group-F860CA578C61, 2, (t:2, i:2))
2024-10-11 15:03:26,663 [NettyRpcService-workerGroup--thread3] INFO  impl.VoteContext (VoteContext.java:log(49)) - s3@group-F860CA578C61-CANDIDATE: accept PRE_VOTE from s4: our priority 0 <= candidate's priority 0
2024-10-11 15:03:26,663 [s4@group-F860CA578C61-LeaderElection19] INFO  impl.LeaderElection (LogUtils.java:infoOrTrace(136)) - s4@group-F860CA578C61-LeaderElection19 got exception when requesting votes: java.util.concurrent.ExecutionException: org.apache.ratis.thirdparty.io.netty.channel.AbstractChannel$AnnotatedConnectException: finishConnect(..) failed: Connection refused: localhost/127.0.0.1:15148
2024-10-11 15:03:26,663 [NettyRpcService-workerGroup--thread3] INFO  server.RaftServer$Division (RaftServerImpl.java:requestVote(1476)) - s3@group-F860CA578C61 replies to PRE_VOTE vote request: s4<-s3#0:OK-t2. Peer's state: s3@group-F860CA578C61:t2, leader=null, voted=s0, raftlog=Memoized:s3@group-F860CA578C61-SegmentedRaftLog:OPENED:c2:last(t:2, i:2), conf=conf: {index: 1, cur=peers:[s3|localhost:15152, s4|localhost:15156, s0|localhost:15140, s1|localhost:15144, s2|localhost:15148]|listeners:[], old=null}
2024-10-11 15:03:26,663 [s4@group-F860CA578C61-LeaderElection19] INFO  impl.LeaderElection (LogUtils.java:infoOrTrace(136)) - s4@group-F860CA578C61-LeaderElection19 got exception when requesting votes: java.util.concurrent.ExecutionException: org.apache.ratis.thirdparty.io.netty.channel.AbstractChannel$AnnotatedConnectException: finishConnect(..) failed: Connection refused: localhost/127.0.0.1:15140
2024-10-11 15:03:26,737 [s3@group-F860CA578C61-LeaderElection20] INFO  impl.LeaderElection (LeaderElection.java:logAndReturn(90)) - s3@group-F860CA578C61-LeaderElection20: PRE_VOTE TIMEOUT received 1 response(s) and 2 exception(s):
2024-10-11 15:03:26,737 [s3@group-F860CA578C61-LeaderElection20] INFO  impl.LeaderElection (LeaderElection.java:logAndReturn(94)) -   Response 0: s3<-s4#0:OK-t2
2024-10-11 15:03:26,737 [s3@group-F860CA578C61-LeaderElection20] INFO  impl.LeaderElection (LogUtils.java:infoOrTrace(136)) -   Exception 1: java.util.concurrent.ExecutionException: org.apache.ratis.thirdparty.io.netty.channel.AbstractChannel$AnnotatedConnectException: finishConnect(..) failed: Connection refused: localhost/127.0.0.1:15140
2024-10-11 15:03:26,737 [s3@group-F860CA578C61-LeaderElection20] INFO  impl.LeaderElection (LogUtils.java:infoOrTrace(136)) -   Exception 2: java.util.concurrent.ExecutionException: org.apache.ratis.thirdparty.io.netty.channel.AbstractChannel$AnnotatedConnectException: finishConnect(..) failed: Connection refused: localhost/127.0.0.1:15148
2024-10-11 15:03:26,737 [s3@group-F860CA578C61-LeaderElection20] INFO  impl.LeaderElection (LeaderElection.java:askForVotes(339)) - s3@group-F860CA578C61-LeaderElection20 PRE_VOTE round 107: result TIMEOUT
2024-10-11 15:03:26,737 [s3@group-F860CA578C61-LeaderElection20] INFO  impl.LeaderElection (LeaderElection.java:askForVotes(337)) - s3@group-F860CA578C61-LeaderElection20 PRE_VOTE round 108: submit vote requests at term 2 for conf: {index: 1, cur=peers:[s3|localhost:15152, s4|localhost:15156, s0|localhost:15140, s1|localhost:15144, s2|localhost:15148]|listeners:[], old=null}
2024-10-11 15:03:26,738 [NettyRpcService-workerGroup--thread3] INFO  server.RaftServer$Division (RaftServerImpl.java:requestVote(1443)) - s4@group-F860CA578C61: receive requestVote(PRE_VOTE, s3, group-F860CA578C61, 2, (t:2, i:2))
2024-10-11 15:03:26,738 [NettyRpcService-workerGroup--thread3] INFO  impl.VoteContext (VoteContext.java:log(49)) - s4@group-F860CA578C61-CANDIDATE: accept PRE_VOTE from s3: our priority 0 <= candidate's priority 0
2024-10-11 15:03:26,738 [NettyRpcService-workerGroup--thread3] INFO  server.RaftServer$Division (RaftServerImpl.java:requestVote(1476)) - s4@group-F860CA578C61 replies to PRE_VOTE vote request: s3<-s4#0:OK-t2. Peer's state: s4@group-F860CA578C61:t2, leader=null, voted=s0, raftlog=Memoized:s4@group-F860CA578C61-SegmentedRaftLog:OPENED:c2:last(t:2, i:2), conf=conf: {index: 1, cur=peers:[s3|localhost:15152, s4|localhost:15156, s0|localhost:15140, s1|localhost:15144, s2|localhost:15148]|listeners:[], old=null}
2024-10-11 15:03:26,738 [s3@group-F860CA578C61-LeaderElection20] INFO  impl.LeaderElection (LogUtils.java:infoOrTrace(136)) - s3@group-F860CA578C61-LeaderElection20 got exception when requesting votes: java.util.concurrent.ExecutionException: org.apache.ratis.thirdparty.io.netty.channel.AbstractChannel$AnnotatedConnectException: finishConnect(..) failed: Connection refused: localhost/127.0.0.1:15148
2024-10-11 15:03:26,738 [s3@group-F860CA578C61-LeaderElection20] INFO  impl.LeaderElection (LogUtils.java:infoOrTrace(136)) - s3@group-F860CA578C61-LeaderElection20 got exception when requesting votes: java.util.concurrent.ExecutionException: org.apache.ratis.thirdparty.io.netty.channel.AbstractChannel$AnnotatedConnectException: finishConnect(..) failed: Connection refused: localhost/127.0.0.1:15140
2024-10-11 15:03:26,858 [main] WARN  ratis.RaftTestUtil (RaftTestUtil.java:lambda$waitForLeader$3(126)) - Attempt #59 failed: java.lang.IllegalStateException: No leader yet : printing ALL groups
  s3:  RUNNING CANDIDATE s3@group-F860CA578C61:t2, leader=null, voted=s0, raftlog=Memoized:s3@group-F860CA578C61-SegmentedRaftLog:OPENED:c2:last(t:2, i:2), conf=conf: {index: 1, cur=peers:[s3|localhost:15152, s4|localhost:15156, s0|localhost:15140, s1|localhost:15144, s2|localhost:15148]|listeners:[], old=null} RUNNING
  s4:  RUNNING CANDIDATE s4@group-F860CA578C61:t2, leader=null, voted=s0, raftlog=Memoized:s4@group-F860CA578C61-SegmentedRaftLog:OPENED:c2:last(t:2, i:2), conf=conf: {index: 1, cur=peers:[s3|localhost:15152, s4|localhost:15156, s0|localhost:15140, s1|localhost:15144, s2|localhost:15148]|listeners:[], old=null} RUNNING
  s0:   CLOSED    LEADER s0@group-F860CA578C61:t2, leader=s0, voted=s0, raftlog=Memoized:s0@group-F860CA578C61-SegmentedRaftLog:CLOSED:c2, conf=conf: {index: 1, cur=peers:[s3|localhost:15152, s4|localhost:15156, s0|localhost:15140, s1|localhost:15144, s2|localhost:15148]|listeners:[], old=null} CLOSED
  s1:  RUNNING  FOLLOWER s1@group-F860CA578C61:t1, leader=null, voted=null, raftlog=Memoized:s1@group-F860CA578C61-SegmentedRaftLog:OPENED:c-1:lastnull, conf=conf: {index: -1, cur=peers:[s3|localhost:15152, s4|localhost:15156, s0|localhost:15140, s1|localhost:15144, s2|localhost:15148]|listeners:[], old=null} RUNNING
  s2:   CLOSED    LEADER s2@group-F860CA578C61:t1, leader=s2, voted=s2, raftlog=Memoized:s2@group-F860CA578C61-SegmentedRaftLog:CLOSED:c0, conf=conf: {index: 0, cur=peers:[s3|localhost:15152, s4|localhost:15156, s0|localhost:15140, s1|localhost:15144, s2|localhost:15148]|listeners:[], old=null} CLOSED
2024-10-11 15:03:26,921 [s4@group-F860CA578C61-LeaderElection19] INFO  impl.LeaderElection (LeaderElection.java:logAndReturn(90)) - s4@group-F860CA578C61-LeaderElection19: PRE_VOTE TIMEOUT received 1 response(s) and 2 exception(s):
2024-10-11 15:03:26,921 [s4@group-F860CA578C61-LeaderElection19] INFO  impl.LeaderElection (LeaderElection.java:logAndReturn(94)) -   Response 0: s4<-s3#0:OK-t2
2024-10-11 15:03:26,921 [s4@group-F860CA578C61-LeaderElection19] INFO  impl.LeaderElection (LogUtils.java:infoOrTrace(136)) -   Exception 1: java.util.concurrent.ExecutionException: org.apache.ratis.thirdparty.io.netty.channel.AbstractChannel$AnnotatedConnectException: finishConnect(..) failed: Connection refused: localhost/127.0.0.1:15148
2024-10-11 15:03:26,921 [s4@group-F860CA578C61-LeaderElection19] INFO  impl.LeaderElection (LogUtils.java:infoOrTrace(136)) -   Exception 2: java.util.concurrent.ExecutionException: org.apache.ratis.thirdparty.io.netty.channel.AbstractChannel$AnnotatedConnectException: finishConnect(..) failed: Connection refused: localhost/127.0.0.1:15140
2024-10-11 15:03:26,921 [s4@group-F860CA578C61-LeaderElection19] INFO  impl.LeaderElection (LeaderElection.java:askForVotes(339)) - s4@group-F860CA578C61-LeaderElection19 PRE_VOTE round 117: result TIMEOUT
2024-10-11 15:03:26,921 [s4@group-F860CA578C61-LeaderElection19] INFO  impl.LeaderElection (LeaderElection.java:askForVotes(337)) - s4@group-F860CA578C61-LeaderElection19 PRE_VOTE round 118: submit vote requests at term 2 for conf: {index: 1, cur=peers:[s3|localhost:15152, s4|localhost:15156, s0|localhost:15140, s1|localhost:15144, s2|localhost:15148]|listeners:[], old=null}
2024-10-11 15:03:26,922 [NettyRpcService-workerGroup--thread3] INFO  server.RaftServer$Division (RaftServerImpl.java:requestVote(1443)) - s3@group-F860CA578C61: receive requestVote(PRE_VOTE, s4, group-F860CA578C61, 2, (t:2, i:2))
2024-10-11 15:03:26,922 [NettyRpcService-workerGroup--thread3] INFO  impl.VoteContext (VoteContext.java:log(49)) - s3@group-F860CA578C61-CANDIDATE: accept PRE_VOTE from s4: our priority 0 <= candidate's priority 0
2024-10-11 15:03:26,922 [s4@group-F860CA578C61-LeaderElection19] INFO  impl.LeaderElection (LogUtils.java:infoOrTrace(136)) - s4@group-F860CA578C61-LeaderElection19 got exception when requesting votes: java.util.concurrent.ExecutionException: org.apache.ratis.thirdparty.io.netty.channel.AbstractChannel$AnnotatedConnectException: finishConnect(..) failed: Connection refused: localhost/127.0.0.1:15140
2024-10-11 15:03:26,922 [NettyRpcService-workerGroup--thread3] INFO  server.RaftServer$Division (RaftServerImpl.java:requestVote(1476)) - s3@group-F860CA578C61 replies to PRE_VOTE vote request: s4<-s3#0:OK-t2. Peer's state: s3@group-F860CA578C61:t2, leader=null, voted=s0, raftlog=Memoized:s3@group-F860CA578C61-SegmentedRaftLog:OPENED:c2:last(t:2, i:2), conf=conf: {index: 1, cur=peers:[s3|localhost:15152, s4|localhost:15156, s0|localhost:15140, s1|localhost:15144, s2|localhost:15148]|listeners:[], old=null}
2024-10-11 15:03:26,922 [s4@group-F860CA578C61-LeaderElection19] INFO  impl.LeaderElection (LogUtils.java:infoOrTrace(136)) - s4@group-F860CA578C61-LeaderElection19 got exception when requesting votes: java.util.concurrent.ExecutionException: org.apache.ratis.thirdparty.io.netty.channel.AbstractChannel$AnnotatedConnectException: finishConnect(..) failed: Connection refused: localhost/127.0.0.1:15148
2024-10-11 15:03:27,021 [s3@group-F860CA578C61-LeaderElection20] INFO  impl.LeaderElection (LeaderElection.java:logAndReturn(90)) - s3@group-F860CA578C61-LeaderElection20: PRE_VOTE TIMEOUT received 1 response(s) and 2 exception(s):
2024-10-11 15:03:27,021 [s3@group-F860CA578C61-LeaderElection20] INFO  impl.LeaderElection (LeaderElection.java:logAndReturn(94)) -   Response 0: s3<-s4#0:OK-t2
2024-10-11 15:03:27,021 [s3@group-F860CA578C61-LeaderElection20] INFO  impl.LeaderElection (LogUtils.java:infoOrTrace(136)) -   Exception 1: java.util.concurrent.ExecutionException: org.apache.ratis.thirdparty.io.netty.channel.AbstractChannel$AnnotatedConnectException: finishConnect(..) failed: Connection refused: localhost/127.0.0.1:15148
2024-10-11 15:03:27,021 [s3@group-F860CA578C61-LeaderElection20] INFO  impl.LeaderElection (LogUtils.java:infoOrTrace(136)) -   Exception 2: java.util.concurrent.ExecutionException: org.apache.ratis.thirdparty.io.netty.channel.AbstractChannel$AnnotatedConnectException: finishConnect(..) failed: Connection refused: localhost/127.0.0.1:15140
2024-10-11 15:03:27,021 [s3@group-F860CA578C61-LeaderElection20] INFO  impl.LeaderElection (LeaderElection.java:askForVotes(339)) - s3@group-F860CA578C61-LeaderElection20 PRE_VOTE round 108: result TIMEOUT
2024-10-11 15:03:27,021 [s3@group-F860CA578C61-LeaderElection20] INFO  impl.LeaderElection (LeaderElection.java:askForVotes(337)) - s3@group-F860CA578C61-LeaderElection20 PRE_VOTE round 109: submit vote requests at term 2 for conf: {index: 1, cur=peers:[s3|localhost:15152, s4|localhost:15156, s0|localhost:15140, s1|localhost:15144, s2|localhost:15148]|listeners:[], old=null}
2024-10-11 15:03:27,022 [NettyRpcService-workerGroup--thread3] INFO  server.RaftServer$Division (RaftServerImpl.java:requestVote(1443)) - s4@group-F860CA578C61: receive requestVote(PRE_VOTE, s3, group-F860CA578C61, 2, (t:2, i:2))
2024-10-11 15:03:27,022 [NettyRpcService-workerGroup--thread3] INFO  impl.VoteContext (VoteContext.java:log(49)) - s4@group-F860CA578C61-CANDIDATE: accept PRE_VOTE from s3: our priority 0 <= candidate's priority 0
2024-10-11 15:03:27,022 [s3@group-F860CA578C61-LeaderElection20] INFO  impl.LeaderElection (LogUtils.java:infoOrTrace(136)) - s3@group-F860CA578C61-LeaderElection20 got exception when requesting votes: java.util.concurrent.ExecutionException: org.apache.ratis.thirdparty.io.netty.channel.AbstractChannel$AnnotatedConnectException: finishConnect(..) failed: Connection refused: localhost/127.0.0.1:15148
2024-10-11 15:03:27,022 [NettyRpcService-workerGroup--thread3] INFO  server.RaftServer$Division (RaftServerImpl.java:requestVote(1476)) - s4@group-F860CA578C61 replies to PRE_VOTE vote request: s3<-s4#0:OK-t2. Peer's state: s4@group-F860CA578C61:t2, leader=null, voted=s0, raftlog=Memoized:s4@group-F860CA578C61-SegmentedRaftLog:OPENED:c2:last(t:2, i:2), conf=conf: {index: 1, cur=peers:[s3|localhost:15152, s4|localhost:15156, s0|localhost:15140, s1|localhost:15144, s2|localhost:15148]|listeners:[], old=null}
2024-10-11 15:03:27,022 [s3@group-F860CA578C61-LeaderElection20] INFO  impl.LeaderElection (LogUtils.java:infoOrTrace(136)) - s3@group-F860CA578C61-LeaderElection20 got exception when requesting votes: java.util.concurrent.ExecutionException: org.apache.ratis.thirdparty.io.netty.channel.AbstractChannel$AnnotatedConnectException: finishConnect(..) failed: Connection refused: localhost/127.0.0.1:15140
2024-10-11 15:03:27,097 [s4@group-F860CA578C61-LeaderElection19] INFO  impl.LeaderElection (LeaderElection.java:logAndReturn(90)) - s4@group-F860CA578C61-LeaderElection19: PRE_VOTE TIMEOUT received 1 response(s) and 2 exception(s):
2024-10-11 15:03:27,097 [s4@group-F860CA578C61-LeaderElection19] INFO  impl.LeaderElection (LeaderElection.java:logAndReturn(94)) -   Response 0: s4<-s3#0:OK-t2
2024-10-11 15:03:27,097 [s4@group-F860CA578C61-LeaderElection19] INFO  impl.LeaderElection (LogUtils.java:infoOrTrace(136)) -   Exception 1: java.util.concurrent.ExecutionException: org.apache.ratis.thirdparty.io.netty.channel.AbstractChannel$AnnotatedConnectException: finishConnect(..) failed: Connection refused: localhost/127.0.0.1:15140
2024-10-11 15:03:27,097 [s4@group-F860CA578C61-LeaderElection19] INFO  impl.LeaderElection (LogUtils.java:infoOrTrace(136)) -   Exception 2: java.util.concurrent.ExecutionException: org.apache.ratis.thirdparty.io.netty.channel.AbstractChannel$AnnotatedConnectException: finishConnect(..) failed: Connection refused: localhost/127.0.0.1:15148
2024-10-11 15:03:27,097 [s4@group-F860CA578C61-LeaderElection19] INFO  impl.LeaderElection (LeaderElection.java:askForVotes(339)) - s4@group-F860CA578C61-LeaderElection19 PRE_VOTE round 118: result TIMEOUT
2024-10-11 15:03:27,097 [s4@group-F860CA578C61-LeaderElection19] INFO  impl.LeaderElection (LeaderElection.java:askForVotes(337)) - s4@group-F860CA578C61-LeaderElection19 PRE_VOTE round 119: submit vote requests at term 2 for conf: {index: 1, cur=peers:[s3|localhost:15152, s4|localhost:15156, s0|localhost:15140, s1|localhost:15144, s2|localhost:15148]|listeners:[], old=null}
2024-10-11 15:03:27,098 [NettyRpcService-workerGroup--thread3] INFO  server.RaftServer$Division (RaftServerImpl.java:requestVote(1443)) - s3@group-F860CA578C61: receive requestVote(PRE_VOTE, s4, group-F860CA578C61, 2, (t:2, i:2))
2024-10-11 15:03:27,098 [NettyRpcService-workerGroup--thread3] INFO  impl.VoteContext (VoteContext.java:log(49)) - s3@group-F860CA578C61-CANDIDATE: accept PRE_VOTE from s4: our priority 0 <= candidate's priority 0
2024-10-11 15:03:27,098 [NettyRpcService-workerGroup--thread3] INFO  server.RaftServer$Division (RaftServerImpl.java:requestVote(1476)) - s3@group-F860CA578C61 replies to PRE_VOTE vote request: s4<-s3#0:OK-t2. Peer's state: s3@group-F860CA578C61:t2, leader=null, voted=s0, raftlog=Memoized:s3@group-F860CA578C61-SegmentedRaftLog:OPENED:c2:last(t:2, i:2), conf=conf: {index: 1, cur=peers:[s3|localhost:15152, s4|localhost:15156, s0|localhost:15140, s1|localhost:15144, s2|localhost:15148]|listeners:[], old=null}
2024-10-11 15:03:27,098 [s4@group-F860CA578C61-LeaderElection19] INFO  impl.LeaderElection (LogUtils.java:infoOrTrace(136)) - s4@group-F860CA578C61-LeaderElection19 got exception when requesting votes: java.util.concurrent.ExecutionException: org.apache.ratis.thirdparty.io.netty.channel.AbstractChannel$AnnotatedConnectException: finishConnect(..) failed: Connection refused: localhost/127.0.0.1:15140
2024-10-11 15:03:27,098 [s4@group-F860CA578C61-LeaderElection19] INFO  impl.LeaderElection (LogUtils.java:infoOrTrace(136)) - s4@group-F860CA578C61-LeaderElection19 got exception when requesting votes: java.util.concurrent.ExecutionException: org.apache.ratis.thirdparty.io.netty.channel.AbstractChannel$AnnotatedConnectException: finishConnect(..) failed: Connection refused: localhost/127.0.0.1:15148
2024-10-11 15:03:27,198 [s3@group-F860CA578C61-LeaderElection20] INFO  impl.LeaderElection (LeaderElection.java:logAndReturn(90)) - s3@group-F860CA578C61-LeaderElection20: PRE_VOTE TIMEOUT received 1 response(s) and 2 exception(s):
2024-10-11 15:03:27,198 [s3@group-F860CA578C61-LeaderElection20] INFO  impl.LeaderElection (LeaderElection.java:logAndReturn(94)) -   Response 0: s3<-s4#0:OK-t2
2024-10-11 15:03:27,198 [s3@group-F860CA578C61-LeaderElection20] INFO  impl.LeaderElection (LogUtils.java:infoOrTrace(136)) -   Exception 1: java.util.concurrent.ExecutionException: org.apache.ratis.thirdparty.io.netty.channel.AbstractChannel$AnnotatedConnectException: finishConnect(..) failed: Connection refused: localhost/127.0.0.1:15148
2024-10-11 15:03:27,198 [s3@group-F860CA578C61-LeaderElection20] INFO  impl.LeaderElection (LogUtils.java:infoOrTrace(136)) -   Exception 2: java.util.concurrent.ExecutionException: org.apache.ratis.thirdparty.io.netty.channel.AbstractChannel$AnnotatedConnectException: finishConnect(..) failed: Connection refused: localhost/127.0.0.1:15140
2024-10-11 15:03:27,198 [s3@group-F860CA578C61-LeaderElection20] INFO  impl.LeaderElection (LeaderElection.java:askForVotes(339)) - s3@group-F860CA578C61-LeaderElection20 PRE_VOTE round 109: result TIMEOUT
2024-10-11 15:03:27,198 [s3@group-F860CA578C61-LeaderElection20] INFO  impl.LeaderElection (LeaderElection.java:askForVotes(337)) - s3@group-F860CA578C61-LeaderElection20 PRE_VOTE round 110: submit vote requests at term 2 for conf: {index: 1, cur=peers:[s3|localhost:15152, s4|localhost:15156, s0|localhost:15140, s1|localhost:15144, s2|localhost:15148]|listeners:[], old=null}
2024-10-11 15:03:27,199 [NettyRpcService-workerGroup--thread3] INFO  server.RaftServer$Division (RaftServerImpl.java:requestVote(1443)) - s4@group-F860CA578C61: receive requestVote(PRE_VOTE, s3, group-F860CA578C61, 2, (t:2, i:2))
2024-10-11 15:03:27,199 [NettyRpcService-workerGroup--thread3] INFO  impl.VoteContext (VoteContext.java:log(49)) - s4@group-F860CA578C61-CANDIDATE: accept PRE_VOTE from s3: our priority 0 <= candidate's priority 0
2024-10-11 15:03:27,199 [s3@group-F860CA578C61-LeaderElection20] INFO  impl.LeaderElection (LogUtils.java:infoOrTrace(136)) - s3@group-F860CA578C61-LeaderElection20 got exception when requesting votes: java.util.concurrent.ExecutionException: org.apache.ratis.thirdparty.io.netty.channel.AbstractChannel$AnnotatedConnectException: finishConnect(..) failed: Connection refused: localhost/127.0.0.1:15140
2024-10-11 15:03:27,199 [NettyRpcService-workerGroup--thread3] INFO  server.RaftServer$Division (RaftServerImpl.java:requestVote(1476)) - s4@group-F860CA578C61 replies to PRE_VOTE vote request: s3<-s4#0:OK-t2. Peer's state: s4@group-F860CA578C61:t2, leader=null, voted=s0, raftlog=Memoized:s4@group-F860CA578C61-SegmentedRaftLog:OPENED:c2:last(t:2, i:2), conf=conf: {index: 1, cur=peers:[s3|localhost:15152, s4|localhost:15156, s0|localhost:15140, s1|localhost:15144, s2|localhost:15148]|listeners:[], old=null}
2024-10-11 15:03:27,199 [s3@group-F860CA578C61-LeaderElection20] INFO  impl.LeaderElection (LogUtils.java:infoOrTrace(136)) - s3@group-F860CA578C61-LeaderElection20 got exception when requesting votes: java.util.concurrent.ExecutionException: org.apache.ratis.thirdparty.io.netty.channel.AbstractChannel$AnnotatedConnectException: finishConnect(..) failed: Connection refused: localhost/127.0.0.1:15148
2024-10-11 15:03:27,309 [main] WARN  ratis.RaftTestUtil (RaftTestUtil.java:lambda$waitForLeader$3(126)) - Attempt #60 failed: java.lang.IllegalStateException: No leader yet : printing ALL groups
  s3:  RUNNING CANDIDATE s3@group-F860CA578C61:t2, leader=null, voted=s0, raftlog=Memoized:s3@group-F860CA578C61-SegmentedRaftLog:OPENED:c2:last(t:2, i:2), conf=conf: {index: 1, cur=peers:[s3|localhost:15152, s4|localhost:15156, s0|localhost:15140, s1|localhost:15144, s2|localhost:15148]|listeners:[], old=null} RUNNING
  s4:  RUNNING CANDIDATE s4@group-F860CA578C61:t2, leader=null, voted=s0, raftlog=Memoized:s4@group-F860CA578C61-SegmentedRaftLog:OPENED:c2:last(t:2, i:2), conf=conf: {index: 1, cur=peers:[s3|localhost:15152, s4|localhost:15156, s0|localhost:15140, s1|localhost:15144, s2|localhost:15148]|listeners:[], old=null} RUNNING
  s0:   CLOSED    LEADER s0@group-F860CA578C61:t2, leader=s0, voted=s0, raftlog=Memoized:s0@group-F860CA578C61-SegmentedRaftLog:CLOSED:c2, conf=conf: {index: 1, cur=peers:[s3|localhost:15152, s4|localhost:15156, s0|localhost:15140, s1|localhost:15144, s2|localhost:15148]|listeners:[], old=null} CLOSED
  s1:  RUNNING  FOLLOWER s1@group-F860CA578C61:t1, leader=null, voted=null, raftlog=Memoized:s1@group-F860CA578C61-SegmentedRaftLog:OPENED:c-1:lastnull, conf=conf: {index: -1, cur=peers:[s3|localhost:15152, s4|localhost:15156, s0|localhost:15140, s1|localhost:15144, s2|localhost:15148]|listeners:[], old=null} RUNNING
  s2:   CLOSED    LEADER s2@group-F860CA578C61:t1, leader=s2, voted=s2, raftlog=Memoized:s2@group-F860CA578C61-SegmentedRaftLog:CLOSED:c0, conf=conf: {index: 0, cur=peers:[s3|localhost:15152, s4|localhost:15156, s0|localhost:15140, s1|localhost:15144, s2|localhost:15148]|listeners:[], old=null} CLOSED
2024-10-11 15:03:27,319 [s4@group-F860CA578C61-LeaderElection19] INFO  impl.LeaderElection (LeaderElection.java:logAndReturn(90)) - s4@group-F860CA578C61-LeaderElection19: PRE_VOTE TIMEOUT received 1 response(s) and 2 exception(s):
2024-10-11 15:03:27,319 [s4@group-F860CA578C61-LeaderElection19] INFO  impl.LeaderElection (LeaderElection.java:logAndReturn(94)) -   Response 0: s4<-s3#0:OK-t2
2024-10-11 15:03:27,319 [s4@group-F860CA578C61-LeaderElection19] INFO  impl.LeaderElection (LogUtils.java:infoOrTrace(136)) -   Exception 1: java.util.concurrent.ExecutionException: org.apache.ratis.thirdparty.io.netty.channel.AbstractChannel$AnnotatedConnectException: finishConnect(..) failed: Connection refused: localhost/127.0.0.1:15140
2024-10-11 15:03:27,319 [s4@group-F860CA578C61-LeaderElection19] INFO  impl.LeaderElection (LogUtils.java:infoOrTrace(136)) -   Exception 2: java.util.concurrent.ExecutionException: org.apache.ratis.thirdparty.io.netty.channel.AbstractChannel$AnnotatedConnectException: finishConnect(..) failed: Connection refused: localhost/127.0.0.1:15148
2024-10-11 15:03:27,319 [s4@group-F860CA578C61-LeaderElection19] INFO  impl.LeaderElection (LeaderElection.java:askForVotes(339)) - s4@group-F860CA578C61-LeaderElection19 PRE_VOTE round 119: result TIMEOUT
2024-10-11 15:03:27,319 [s4@group-F860CA578C61-LeaderElection19] INFO  impl.LeaderElection (LeaderElection.java:askForVotes(337)) - s4@group-F860CA578C61-LeaderElection19 PRE_VOTE round 120: submit vote requests at term 2 for conf: {index: 1, cur=peers:[s3|localhost:15152, s4|localhost:15156, s0|localhost:15140, s1|localhost:15144, s2|localhost:15148]|listeners:[], old=null}
2024-10-11 15:03:27,320 [NettyRpcService-workerGroup--thread3] INFO  server.RaftServer$Division (RaftServerImpl.java:requestVote(1443)) - s3@group-F860CA578C61: receive requestVote(PRE_VOTE, s4, group-F860CA578C61, 2, (t:2, i:2))
2024-10-11 15:03:27,320 [NettyRpcService-workerGroup--thread3] INFO  impl.VoteContext (VoteContext.java:log(49)) - s3@group-F860CA578C61-CANDIDATE: accept PRE_VOTE from s4: our priority 0 <= candidate's priority 0
2024-10-11 15:03:27,320 [NettyRpcService-workerGroup--thread3] INFO  server.RaftServer$Division (RaftServerImpl.java:requestVote(1476)) - s3@group-F860CA578C61 replies to PRE_VOTE vote request: s4<-s3#0:OK-t2. Peer's state: s3@group-F860CA578C61:t2, leader=null, voted=s0, raftlog=Memoized:s3@group-F860CA578C61-SegmentedRaftLog:OPENED:c2:last(t:2, i:2), conf=conf: {index: 1, cur=peers:[s3|localhost:15152, s4|localhost:15156, s0|localhost:15140, s1|localhost:15144, s2|localhost:15148]|listeners:[], old=null}
2024-10-11 15:03:27,320 [s4@group-F860CA578C61-LeaderElection19] INFO  impl.LeaderElection (LogUtils.java:infoOrTrace(136)) - s4@group-F860CA578C61-LeaderElection19 got exception when requesting votes: java.util.concurrent.ExecutionException: org.apache.ratis.thirdparty.io.netty.channel.AbstractChannel$AnnotatedConnectException: finishConnect(..) failed: Connection refused: localhost/127.0.0.1:15140
2024-10-11 15:03:27,320 [s4@group-F860CA578C61-LeaderElection19] INFO  impl.LeaderElection (LogUtils.java:infoOrTrace(136)) - s4@group-F860CA578C61-LeaderElection19 got exception when requesting votes: java.util.concurrent.ExecutionException: org.apache.ratis.thirdparty.io.netty.channel.AbstractChannel$AnnotatedConnectException: finishConnect(..) failed: Connection refused: localhost/127.0.0.1:15148
2024-10-11 15:03:27,397 [s3@group-F860CA578C61-LeaderElection20] INFO  impl.LeaderElection (LeaderElection.java:logAndReturn(90)) - s3@group-F860CA578C61-LeaderElection20: PRE_VOTE TIMEOUT received 1 response(s) and 2 exception(s):
2024-10-11 15:03:27,397 [s3@group-F860CA578C61-LeaderElection20] INFO  impl.LeaderElection (LeaderElection.java:logAndReturn(94)) -   Response 0: s3<-s4#0:OK-t2
2024-10-11 15:03:27,397 [s3@group-F860CA578C61-LeaderElection20] INFO  impl.LeaderElection (LogUtils.java:infoOrTrace(136)) -   Exception 1: java.util.concurrent.ExecutionException: org.apache.ratis.thirdparty.io.netty.channel.AbstractChannel$AnnotatedConnectException: finishConnect(..) failed: Connection refused: localhost/127.0.0.1:15140
2024-10-11 15:03:27,397 [s3@group-F860CA578C61-LeaderElection20] INFO  impl.LeaderElection (LogUtils.java:infoOrTrace(136)) -   Exception 2: java.util.concurrent.ExecutionException: org.apache.ratis.thirdparty.io.netty.channel.AbstractChannel$AnnotatedConnectException: finishConnect(..) failed: Connection refused: localhost/127.0.0.1:15148
2024-10-11 15:03:27,397 [s3@group-F860CA578C61-LeaderElection20] INFO  impl.LeaderElection (LeaderElection.java:askForVotes(339)) - s3@group-F860CA578C61-LeaderElection20 PRE_VOTE round 110: result TIMEOUT
2024-10-11 15:03:27,397 [s3@group-F860CA578C61-LeaderElection20] INFO  impl.LeaderElection (LeaderElection.java:askForVotes(337)) - s3@group-F860CA578C61-LeaderElection20 PRE_VOTE round 111: submit vote requests at term 2 for conf: {index: 1, cur=peers:[s3|localhost:15152, s4|localhost:15156, s0|localhost:15140, s1|localhost:15144, s2|localhost:15148]|listeners:[], old=null}
2024-10-11 15:03:27,398 [NettyRpcService-workerGroup--thread3] INFO  server.RaftServer$Division (RaftServerImpl.java:requestVote(1443)) - s4@group-F860CA578C61: receive requestVote(PRE_VOTE, s3, group-F860CA578C61, 2, (t:2, i:2))
2024-10-11 15:03:27,398 [NettyRpcService-workerGroup--thread3] INFO  impl.VoteContext (VoteContext.java:log(49)) - s4@group-F860CA578C61-CANDIDATE: accept PRE_VOTE from s3: our priority 0 <= candidate's priority 0
2024-10-11 15:03:27,398 [NettyRpcService-workerGroup--thread3] INFO  server.RaftServer$Division (RaftServerImpl.java:requestVote(1476)) - s4@group-F860CA578C61 replies to PRE_VOTE vote request: s3<-s4#0:OK-t2. Peer's state: s4@group-F860CA578C61:t2, leader=null, voted=s0, raftlog=Memoized:s4@group-F860CA578C61-SegmentedRaftLog:OPENED:c2:last(t:2, i:2), conf=conf: {index: 1, cur=peers:[s3|localhost:15152, s4|localhost:15156, s0|localhost:15140, s1|localhost:15144, s2|localhost:15148]|listeners:[], old=null}
2024-10-11 15:03:27,399 [s3@group-F860CA578C61-LeaderElection20] INFO  impl.LeaderElection (LogUtils.java:infoOrTrace(136)) - s3@group-F860CA578C61-LeaderElection20 got exception when requesting votes: java.util.concurrent.ExecutionException: org.apache.ratis.thirdparty.io.netty.channel.AbstractChannel$AnnotatedConnectException: finishConnect(..) failed: Connection refused: localhost/127.0.0.1:15140
2024-10-11 15:03:27,399 [s3@group-F860CA578C61-LeaderElection20] INFO  impl.LeaderElection (LogUtils.java:infoOrTrace(136)) - s3@group-F860CA578C61-LeaderElection20 got exception when requesting votes: java.util.concurrent.ExecutionException: org.apache.ratis.thirdparty.io.netty.channel.AbstractChannel$AnnotatedConnectException: finishConnect(..) failed: Connection refused: localhost/127.0.0.1:15148
2024-10-11 15:03:27,525 [s4@group-F860CA578C61-LeaderElection19] INFO  impl.LeaderElection (LeaderElection.java:logAndReturn(90)) - s4@group-F860CA578C61-LeaderElection19: PRE_VOTE TIMEOUT received 1 response(s) and 2 exception(s):
2024-10-11 15:03:27,525 [s4@group-F860CA578C61-LeaderElection19] INFO  impl.LeaderElection (LeaderElection.java:logAndReturn(94)) -   Response 0: s4<-s3#0:OK-t2
2024-10-11 15:03:27,525 [s4@group-F860CA578C61-LeaderElection19] INFO  impl.LeaderElection (LogUtils.java:infoOrTrace(136)) -   Exception 1: java.util.concurrent.ExecutionException: org.apache.ratis.thirdparty.io.netty.channel.AbstractChannel$AnnotatedConnectException: finishConnect(..) failed: Connection refused: localhost/127.0.0.1:15140
2024-10-11 15:03:27,525 [s4@group-F860CA578C61-LeaderElection19] INFO  impl.LeaderElection (LogUtils.java:infoOrTrace(136)) -   Exception 2: java.util.concurrent.ExecutionException: org.apache.ratis.thirdparty.io.netty.channel.AbstractChannel$AnnotatedConnectException: finishConnect(..) failed: Connection refused: localhost/127.0.0.1:15148
2024-10-11 15:03:27,525 [s4@group-F860CA578C61-LeaderElection19] INFO  impl.LeaderElection (LeaderElection.java:askForVotes(339)) - s4@group-F860CA578C61-LeaderElection19 PRE_VOTE round 120: result TIMEOUT
2024-10-11 15:03:27,525 [s4@group-F860CA578C61-LeaderElection19] INFO  impl.LeaderElection (LeaderElection.java:askForVotes(337)) - s4@group-F860CA578C61-LeaderElection19 PRE_VOTE round 121: submit vote requests at term 2 for conf: {index: 1, cur=peers:[s3|localhost:15152, s4|localhost:15156, s0|localhost:15140, s1|localhost:15144, s2|localhost:15148]|listeners:[], old=null}
2024-10-11 15:03:27,526 [NettyRpcService-workerGroup--thread3] INFO  server.RaftServer$Division (RaftServerImpl.java:requestVote(1443)) - s3@group-F860CA578C61: receive requestVote(PRE_VOTE, s4, group-F860CA578C61, 2, (t:2, i:2))
2024-10-11 15:03:27,526 [NettyRpcService-workerGroup--thread3] INFO  impl.VoteContext (VoteContext.java:log(49)) - s3@group-F860CA578C61-CANDIDATE: accept PRE_VOTE from s4: our priority 0 <= candidate's priority 0
2024-10-11 15:03:27,526 [NettyRpcService-workerGroup--thread3] INFO  server.RaftServer$Division (RaftServerImpl.java:requestVote(1476)) - s3@group-F860CA578C61 replies to PRE_VOTE vote request: s4<-s3#0:OK-t2. Peer's state: s3@group-F860CA578C61:t2, leader=null, voted=s0, raftlog=Memoized:s3@group-F860CA578C61-SegmentedRaftLog:OPENED:c2:last(t:2, i:2), conf=conf: {index: 1, cur=peers:[s3|localhost:15152, s4|localhost:15156, s0|localhost:15140, s1|localhost:15144, s2|localhost:15148]|listeners:[], old=null}
2024-10-11 15:03:27,526 [s4@group-F860CA578C61-LeaderElection19] INFO  impl.LeaderElection (LogUtils.java:infoOrTrace(136)) - s4@group-F860CA578C61-LeaderElection19 got exception when requesting votes: java.util.concurrent.ExecutionException: org.apache.ratis.thirdparty.io.netty.channel.AbstractChannel$AnnotatedConnectException: finishConnect(..) failed: Connection refused: localhost/127.0.0.1:15148
2024-10-11 15:03:27,526 [s4@group-F860CA578C61-LeaderElection19] INFO  impl.LeaderElection (LogUtils.java:infoOrTrace(136)) - s4@group-F860CA578C61-LeaderElection19 got exception when requesting votes: java.util.concurrent.ExecutionException: org.apache.ratis.thirdparty.io.netty.channel.AbstractChannel$AnnotatedConnectException: finishConnect(..) failed: Connection refused: localhost/127.0.0.1:15140
2024-10-11 15:03:27,622 [s3@group-F860CA578C61-LeaderElection20] INFO  impl.LeaderElection (LeaderElection.java:logAndReturn(90)) - s3@group-F860CA578C61-LeaderElection20: PRE_VOTE TIMEOUT received 1 response(s) and 2 exception(s):
2024-10-11 15:03:27,622 [s3@group-F860CA578C61-LeaderElection20] INFO  impl.LeaderElection (LeaderElection.java:logAndReturn(94)) -   Response 0: s3<-s4#0:OK-t2
2024-10-11 15:03:27,622 [s3@group-F860CA578C61-LeaderElection20] INFO  impl.LeaderElection (LogUtils.java:infoOrTrace(136)) -   Exception 1: java.util.concurrent.ExecutionException: org.apache.ratis.thirdparty.io.netty.channel.AbstractChannel$AnnotatedConnectException: finishConnect(..) failed: Connection refused: localhost/127.0.0.1:15140
2024-10-11 15:03:27,622 [s3@group-F860CA578C61-LeaderElection20] INFO  impl.LeaderElection (LogUtils.java:infoOrTrace(136)) -   Exception 2: java.util.concurrent.ExecutionException: org.apache.ratis.thirdparty.io.netty.channel.AbstractChannel$AnnotatedConnectException: finishConnect(..) failed: Connection refused: localhost/127.0.0.1:15148
2024-10-11 15:03:27,622 [s3@group-F860CA578C61-LeaderElection20] INFO  impl.LeaderElection (LeaderElection.java:askForVotes(339)) - s3@group-F860CA578C61-LeaderElection20 PRE_VOTE round 111: result TIMEOUT
2024-10-11 15:03:27,622 [s3@group-F860CA578C61-LeaderElection20] INFO  impl.LeaderElection (LeaderElection.java:askForVotes(337)) - s3@group-F860CA578C61-LeaderElection20 PRE_VOTE round 112: submit vote requests at term 2 for conf: {index: 1, cur=peers:[s3|localhost:15152, s4|localhost:15156, s0|localhost:15140, s1|localhost:15144, s2|localhost:15148]|listeners:[], old=null}
2024-10-11 15:03:27,623 [NettyRpcService-workerGroup--thread3] INFO  server.RaftServer$Division (RaftServerImpl.java:requestVote(1443)) - s4@group-F860CA578C61: receive requestVote(PRE_VOTE, s3, group-F860CA578C61, 2, (t:2, i:2))
2024-10-11 15:03:27,623 [NettyRpcService-workerGroup--thread3] INFO  impl.VoteContext (VoteContext.java:log(49)) - s4@group-F860CA578C61-CANDIDATE: accept PRE_VOTE from s3: our priority 0 <= candidate's priority 0
2024-10-11 15:03:27,623 [NettyRpcService-workerGroup--thread3] INFO  server.RaftServer$Division (RaftServerImpl.java:requestVote(1476)) - s4@group-F860CA578C61 replies to PRE_VOTE vote request: s3<-s4#0:OK-t2. Peer's state: s4@group-F860CA578C61:t2, leader=null, voted=s0, raftlog=Memoized:s4@group-F860CA578C61-SegmentedRaftLog:OPENED:c2:last(t:2, i:2), conf=conf: {index: 1, cur=peers:[s3|localhost:15152, s4|localhost:15156, s0|localhost:15140, s1|localhost:15144, s2|localhost:15148]|listeners:[], old=null}
2024-10-11 15:03:27,623 [s3@group-F860CA578C61-LeaderElection20] INFO  impl.LeaderElection (LogUtils.java:infoOrTrace(136)) - s3@group-F860CA578C61-LeaderElection20 got exception when requesting votes: java.util.concurrent.ExecutionException: org.apache.ratis.thirdparty.io.netty.channel.AbstractChannel$AnnotatedConnectException: finishConnect(..) failed: Connection refused: localhost/127.0.0.1:15140
2024-10-11 15:03:27,623 [s3@group-F860CA578C61-LeaderElection20] INFO  impl.LeaderElection (LogUtils.java:infoOrTrace(136)) - s3@group-F860CA578C61-LeaderElection20 got exception when requesting votes: java.util.concurrent.ExecutionException: org.apache.ratis.thirdparty.io.netty.channel.AbstractChannel$AnnotatedConnectException: finishConnect(..) failed: Connection refused: localhost/127.0.0.1:15148
2024-10-11 15:03:27,759 [main] WARN  ratis.RaftTestUtil (RaftTestUtil.java:lambda$waitForLeader$3(126)) - Attempt #61 failed: java.lang.IllegalStateException: No leader yet : printing ALL groups
  s3:  RUNNING CANDIDATE s3@group-F860CA578C61:t2, leader=null, voted=s0, raftlog=Memoized:s3@group-F860CA578C61-SegmentedRaftLog:OPENED:c2:last(t:2, i:2), conf=conf: {index: 1, cur=peers:[s3|localhost:15152, s4|localhost:15156, s0|localhost:15140, s1|localhost:15144, s2|localhost:15148]|listeners:[], old=null} RUNNING
  s4:  RUNNING CANDIDATE s4@group-F860CA578C61:t2, leader=null, voted=s0, raftlog=Memoized:s4@group-F860CA578C61-SegmentedRaftLog:OPENED:c2:last(t:2, i:2), conf=conf: {index: 1, cur=peers:[s3|localhost:15152, s4|localhost:15156, s0|localhost:15140, s1|localhost:15144, s2|localhost:15148]|listeners:[], old=null} RUNNING
  s0:   CLOSED    LEADER s0@group-F860CA578C61:t2, leader=s0, voted=s0, raftlog=Memoized:s0@group-F860CA578C61-SegmentedRaftLog:CLOSED:c2, conf=conf: {index: 1, cur=peers:[s3|localhost:15152, s4|localhost:15156, s0|localhost:15140, s1|localhost:15144, s2|localhost:15148]|listeners:[], old=null} CLOSED
  s1:  RUNNING  FOLLOWER s1@group-F860CA578C61:t1, leader=null, voted=null, raftlog=Memoized:s1@group-F860CA578C61-SegmentedRaftLog:OPENED:c-1:lastnull, conf=conf: {index: -1, cur=peers:[s3|localhost:15152, s4|localhost:15156, s0|localhost:15140, s1|localhost:15144, s2|localhost:15148]|listeners:[], old=null} RUNNING
  s2:   CLOSED    LEADER s2@group-F860CA578C61:t1, leader=s2, voted=s2, raftlog=Memoized:s2@group-F860CA578C61-SegmentedRaftLog:CLOSED:c0, conf=conf: {index: 0, cur=peers:[s3|localhost:15152, s4|localhost:15156, s0|localhost:15140, s1|localhost:15144, s2|localhost:15148]|listeners:[], old=null} CLOSED
2024-10-11 15:03:27,770 [s4@group-F860CA578C61-LeaderElection19] INFO  impl.LeaderElection (LeaderElection.java:logAndReturn(90)) - s4@group-F860CA578C61-LeaderElection19: PRE_VOTE TIMEOUT received 1 response(s) and 2 exception(s):
2024-10-11 15:03:27,770 [s4@group-F860CA578C61-LeaderElection19] INFO  impl.LeaderElection (LeaderElection.java:logAndReturn(94)) -   Response 0: s4<-s3#0:OK-t2
2024-10-11 15:03:27,770 [s4@group-F860CA578C61-LeaderElection19] INFO  impl.LeaderElection (LogUtils.java:infoOrTrace(136)) -   Exception 1: java.util.concurrent.ExecutionException: org.apache.ratis.thirdparty.io.netty.channel.AbstractChannel$AnnotatedConnectException: finishConnect(..) failed: Connection refused: localhost/127.0.0.1:15148
2024-10-11 15:03:27,770 [s4@group-F860CA578C61-LeaderElection19] INFO  impl.LeaderElection (LogUtils.java:infoOrTrace(136)) -   Exception 2: java.util.concurrent.ExecutionException: org.apache.ratis.thirdparty.io.netty.channel.AbstractChannel$AnnotatedConnectException: finishConnect(..) failed: Connection refused: localhost/127.0.0.1:15140
2024-10-11 15:03:27,770 [s4@group-F860CA578C61-LeaderElection19] INFO  impl.LeaderElection (LeaderElection.java:askForVotes(339)) - s4@group-F860CA578C61-LeaderElection19 PRE_VOTE round 121: result TIMEOUT
2024-10-11 15:03:27,770 [s4@group-F860CA578C61-LeaderElection19] INFO  impl.LeaderElection (LeaderElection.java:askForVotes(337)) - s4@group-F860CA578C61-LeaderElection19 PRE_VOTE round 122: submit vote requests at term 2 for conf: {index: 1, cur=peers:[s3|localhost:15152, s4|localhost:15156, s0|localhost:15140, s1|localhost:15144, s2|localhost:15148]|listeners:[], old=null}
2024-10-11 15:03:27,771 [NettyRpcService-workerGroup--thread3] INFO  server.RaftServer$Division (RaftServerImpl.java:requestVote(1443)) - s3@group-F860CA578C61: receive requestVote(PRE_VOTE, s4, group-F860CA578C61, 2, (t:2, i:2))
2024-10-11 15:03:27,771 [NettyRpcService-workerGroup--thread3] INFO  impl.VoteContext (VoteContext.java:log(49)) - s3@group-F860CA578C61-CANDIDATE: accept PRE_VOTE from s4: our priority 0 <= candidate's priority 0
2024-10-11 15:03:27,771 [s4@group-F860CA578C61-LeaderElection19] INFO  impl.LeaderElection (LogUtils.java:infoOrTrace(136)) - s4@group-F860CA578C61-LeaderElection19 got exception when requesting votes: java.util.concurrent.ExecutionException: org.apache.ratis.thirdparty.io.netty.channel.AbstractChannel$AnnotatedConnectException: finishConnect(..) failed: Connection refused: localhost/127.0.0.1:15140
2024-10-11 15:03:27,771 [NettyRpcService-workerGroup--thread3] INFO  server.RaftServer$Division (RaftServerImpl.java:requestVote(1476)) - s3@group-F860CA578C61 replies to PRE_VOTE vote request: s4<-s3#0:OK-t2. Peer's state: s3@group-F860CA578C61:t2, leader=null, voted=s0, raftlog=Memoized:s3@group-F860CA578C61-SegmentedRaftLog:OPENED:c2:last(t:2, i:2), conf=conf: {index: 1, cur=peers:[s3|localhost:15152, s4|localhost:15156, s0|localhost:15140, s1|localhost:15144, s2|localhost:15148]|listeners:[], old=null}
2024-10-11 15:03:27,771 [s4@group-F860CA578C61-LeaderElection19] INFO  impl.LeaderElection (LogUtils.java:infoOrTrace(136)) - s4@group-F860CA578C61-LeaderElection19 got exception when requesting votes: java.util.concurrent.ExecutionException: org.apache.ratis.thirdparty.io.netty.channel.AbstractChannel$AnnotatedConnectException: finishConnect(..) failed: Connection refused: localhost/127.0.0.1:15148
2024-10-11 15:03:27,816 [s3@group-F860CA578C61-LeaderElection20] INFO  impl.LeaderElection (LeaderElection.java:logAndReturn(90)) - s3@group-F860CA578C61-LeaderElection20: PRE_VOTE TIMEOUT received 1 response(s) and 2 exception(s):
2024-10-11 15:03:27,816 [s3@group-F860CA578C61-LeaderElection20] INFO  impl.LeaderElection (LeaderElection.java:logAndReturn(94)) -   Response 0: s3<-s4#0:OK-t2
2024-10-11 15:03:27,816 [s3@group-F860CA578C61-LeaderElection20] INFO  impl.LeaderElection (LogUtils.java:infoOrTrace(136)) -   Exception 1: java.util.concurrent.ExecutionException: org.apache.ratis.thirdparty.io.netty.channel.AbstractChannel$AnnotatedConnectException: finishConnect(..) failed: Connection refused: localhost/127.0.0.1:15140
2024-10-11 15:03:27,816 [s3@group-F860CA578C61-LeaderElection20] INFO  impl.LeaderElection (LogUtils.java:infoOrTrace(136)) -   Exception 2: java.util.concurrent.ExecutionException: org.apache.ratis.thirdparty.io.netty.channel.AbstractChannel$AnnotatedConnectException: finishConnect(..) failed: Connection refused: localhost/127.0.0.1:15148
2024-10-11 15:03:27,816 [s3@group-F860CA578C61-LeaderElection20] INFO  impl.LeaderElection (LeaderElection.java:askForVotes(339)) - s3@group-F860CA578C61-LeaderElection20 PRE_VOTE round 112: result TIMEOUT
2024-10-11 15:03:27,816 [s3@group-F860CA578C61-LeaderElection20] INFO  impl.LeaderElection (LeaderElection.java:askForVotes(337)) - s3@group-F860CA578C61-LeaderElection20 PRE_VOTE round 113: submit vote requests at term 2 for conf: {index: 1, cur=peers:[s3|localhost:15152, s4|localhost:15156, s0|localhost:15140, s1|localhost:15144, s2|localhost:15148]|listeners:[], old=null}
2024-10-11 15:03:27,817 [NettyRpcService-workerGroup--thread3] INFO  server.RaftServer$Division (RaftServerImpl.java:requestVote(1443)) - s4@group-F860CA578C61: receive requestVote(PRE_VOTE, s3, group-F860CA578C61, 2, (t:2, i:2))
2024-10-11 15:03:27,817 [NettyRpcService-workerGroup--thread3] INFO  impl.VoteContext (VoteContext.java:log(49)) - s4@group-F860CA578C61-CANDIDATE: accept PRE_VOTE from s3: our priority 0 <= candidate's priority 0
2024-10-11 15:03:27,817 [NettyRpcService-workerGroup--thread3] INFO  server.RaftServer$Division (RaftServerImpl.java:requestVote(1476)) - s4@group-F860CA578C61 replies to PRE_VOTE vote request: s3<-s4#0:OK-t2. Peer's state: s4@group-F860CA578C61:t2, leader=null, voted=s0, raftlog=Memoized:s4@group-F860CA578C61-SegmentedRaftLog:OPENED:c2:last(t:2, i:2), conf=conf: {index: 1, cur=peers:[s3|localhost:15152, s4|localhost:15156, s0|localhost:15140, s1|localhost:15144, s2|localhost:15148]|listeners:[], old=null}
2024-10-11 15:03:27,817 [s3@group-F860CA578C61-LeaderElection20] INFO  impl.LeaderElection (LogUtils.java:infoOrTrace(136)) - s3@group-F860CA578C61-LeaderElection20 got exception when requesting votes: java.util.concurrent.ExecutionException: org.apache.ratis.thirdparty.io.netty.channel.AbstractChannel$AnnotatedConnectException: finishConnect(..) failed: Connection refused: localhost/127.0.0.1:15140
2024-10-11 15:03:27,817 [s3@group-F860CA578C61-LeaderElection20] INFO  impl.LeaderElection (LogUtils.java:infoOrTrace(136)) - s3@group-F860CA578C61-LeaderElection20 got exception when requesting votes: java.util.concurrent.ExecutionException: org.apache.ratis.thirdparty.io.netty.channel.AbstractChannel$AnnotatedConnectException: finishConnect(..) failed: Connection refused: localhost/127.0.0.1:15148
2024-10-11 15:03:28,011 [s4@group-F860CA578C61-LeaderElection19] INFO  impl.LeaderElection (LeaderElection.java:logAndReturn(90)) - s4@group-F860CA578C61-LeaderElection19: PRE_VOTE TIMEOUT received 1 response(s) and 2 exception(s):
2024-10-11 15:03:28,011 [s4@group-F860CA578C61-LeaderElection19] INFO  impl.LeaderElection (LeaderElection.java:logAndReturn(94)) -   Response 0: s4<-s3#0:OK-t2
2024-10-11 15:03:28,011 [s4@group-F860CA578C61-LeaderElection19] INFO  impl.LeaderElection (LogUtils.java:infoOrTrace(136)) -   Exception 1: java.util.concurrent.ExecutionException: org.apache.ratis.thirdparty.io.netty.channel.AbstractChannel$AnnotatedConnectException: finishConnect(..) failed: Connection refused: localhost/127.0.0.1:15140
2024-10-11 15:03:28,011 [s4@group-F860CA578C61-LeaderElection19] INFO  impl.LeaderElection (LogUtils.java:infoOrTrace(136)) -   Exception 2: java.util.concurrent.ExecutionException: org.apache.ratis.thirdparty.io.netty.channel.AbstractChannel$AnnotatedConnectException: finishConnect(..) failed: Connection refused: localhost/127.0.0.1:15148
2024-10-11 15:03:28,011 [s4@group-F860CA578C61-LeaderElection19] INFO  impl.LeaderElection (LeaderElection.java:askForVotes(339)) - s4@group-F860CA578C61-LeaderElection19 PRE_VOTE round 122: result TIMEOUT
2024-10-11 15:03:28,011 [s4@group-F860CA578C61-LeaderElection19] INFO  impl.LeaderElection (LeaderElection.java:askForVotes(337)) - s4@group-F860CA578C61-LeaderElection19 PRE_VOTE round 123: submit vote requests at term 2 for conf: {index: 1, cur=peers:[s3|localhost:15152, s4|localhost:15156, s0|localhost:15140, s1|localhost:15144, s2|localhost:15148]|listeners:[], old=null}
2024-10-11 15:03:28,012 [NettyRpcService-workerGroup--thread3] INFO  server.RaftServer$Division (RaftServerImpl.java:requestVote(1443)) - s3@group-F860CA578C61: receive requestVote(PRE_VOTE, s4, group-F860CA578C61, 2, (t:2, i:2))
2024-10-11 15:03:28,012 [NettyRpcService-workerGroup--thread3] INFO  impl.VoteContext (VoteContext.java:log(49)) - s3@group-F860CA578C61-CANDIDATE: accept PRE_VOTE from s4: our priority 0 <= candidate's priority 0
2024-10-11 15:03:28,012 [s4@group-F860CA578C61-LeaderElection19] INFO  impl.LeaderElection (LogUtils.java:infoOrTrace(136)) - s4@group-F860CA578C61-LeaderElection19 got exception when requesting votes: java.util.concurrent.ExecutionException: org.apache.ratis.thirdparty.io.netty.channel.AbstractChannel$AnnotatedConnectException: finishConnect(..) failed: Connection refused: localhost/127.0.0.1:15140
2024-10-11 15:03:28,012 [NettyRpcService-workerGroup--thread3] INFO  server.RaftServer$Division (RaftServerImpl.java:requestVote(1476)) - s3@group-F860CA578C61 replies to PRE_VOTE vote request: s4<-s3#0:OK-t2. Peer's state: s3@group-F860CA578C61:t2, leader=null, voted=s0, raftlog=Memoized:s3@group-F860CA578C61-SegmentedRaftLog:OPENED:c2:last(t:2, i:2), conf=conf: {index: 1, cur=peers:[s3|localhost:15152, s4|localhost:15156, s0|localhost:15140, s1|localhost:15144, s2|localhost:15148]|listeners:[], old=null}
2024-10-11 15:03:28,012 [s4@group-F860CA578C61-LeaderElection19] INFO  impl.LeaderElection (LogUtils.java:infoOrTrace(136)) - s4@group-F860CA578C61-LeaderElection19 got exception when requesting votes: java.util.concurrent.ExecutionException: org.apache.ratis.thirdparty.io.netty.channel.AbstractChannel$AnnotatedConnectException: finishConnect(..) failed: Connection refused: localhost/127.0.0.1:15148
2024-10-11 15:03:28,107 [s3@group-F860CA578C61-LeaderElection20] INFO  impl.LeaderElection (LeaderElection.java:logAndReturn(90)) - s3@group-F860CA578C61-LeaderElection20: PRE_VOTE TIMEOUT received 1 response(s) and 2 exception(s):
2024-10-11 15:03:28,107 [s3@group-F860CA578C61-LeaderElection20] INFO  impl.LeaderElection (LeaderElection.java:logAndReturn(94)) -   Response 0: s3<-s4#0:OK-t2
2024-10-11 15:03:28,107 [s3@group-F860CA578C61-LeaderElection20] INFO  impl.LeaderElection (LogUtils.java:infoOrTrace(136)) -   Exception 1: java.util.concurrent.ExecutionException: org.apache.ratis.thirdparty.io.netty.channel.AbstractChannel$AnnotatedConnectException: finishConnect(..) failed: Connection refused: localhost/127.0.0.1:15140
2024-10-11 15:03:28,107 [s3@group-F860CA578C61-LeaderElection20] INFO  impl.LeaderElection (LogUtils.java:infoOrTrace(136)) -   Exception 2: java.util.concurrent.ExecutionException: org.apache.ratis.thirdparty.io.netty.channel.AbstractChannel$AnnotatedConnectException: finishConnect(..) failed: Connection refused: localhost/127.0.0.1:15148
2024-10-11 15:03:28,107 [s3@group-F860CA578C61-LeaderElection20] INFO  impl.LeaderElection (LeaderElection.java:askForVotes(339)) - s3@group-F860CA578C61-LeaderElection20 PRE_VOTE round 113: result TIMEOUT
2024-10-11 15:03:28,107 [s3@group-F860CA578C61-LeaderElection20] INFO  impl.LeaderElection (LeaderElection.java:askForVotes(337)) - s3@group-F860CA578C61-LeaderElection20 PRE_VOTE round 114: submit vote requests at term 2 for conf: {index: 1, cur=peers:[s3|localhost:15152, s4|localhost:15156, s0|localhost:15140, s1|localhost:15144, s2|localhost:15148]|listeners:[], old=null}
2024-10-11 15:03:28,108 [NettyRpcService-workerGroup--thread3] INFO  server.RaftServer$Division (RaftServerImpl.java:requestVote(1443)) - s4@group-F860CA578C61: receive requestVote(PRE_VOTE, s3, group-F860CA578C61, 2, (t:2, i:2))
2024-10-11 15:03:28,108 [NettyRpcService-workerGroup--thread3] INFO  impl.VoteContext (VoteContext.java:log(49)) - s4@group-F860CA578C61-CANDIDATE: accept PRE_VOTE from s3: our priority 0 <= candidate's priority 0
2024-10-11 15:03:28,108 [s3@group-F860CA578C61-LeaderElection20] INFO  impl.LeaderElection (LogUtils.java:infoOrTrace(136)) - s3@group-F860CA578C61-LeaderElection20 got exception when requesting votes: java.util.concurrent.ExecutionException: org.apache.ratis.thirdparty.io.netty.channel.AbstractChannel$AnnotatedConnectException: finishConnect(..) failed: Connection refused: localhost/127.0.0.1:15140
2024-10-11 15:03:28,108 [NettyRpcService-workerGroup--thread3] INFO  server.RaftServer$Division (RaftServerImpl.java:requestVote(1476)) - s4@group-F860CA578C61 replies to PRE_VOTE vote request: s3<-s4#0:OK-t2. Peer's state: s4@group-F860CA578C61:t2, leader=null, voted=s0, raftlog=Memoized:s4@group-F860CA578C61-SegmentedRaftLog:OPENED:c2:last(t:2, i:2), conf=conf: {index: 1, cur=peers:[s3|localhost:15152, s4|localhost:15156, s0|localhost:15140, s1|localhost:15144, s2|localhost:15148]|listeners:[], old=null}
2024-10-11 15:03:28,108 [s3@group-F860CA578C61-LeaderElection20] INFO  impl.LeaderElection (LogUtils.java:infoOrTrace(136)) - s3@group-F860CA578C61-LeaderElection20 got exception when requesting votes: java.util.concurrent.ExecutionException: org.apache.ratis.thirdparty.io.netty.channel.AbstractChannel$AnnotatedConnectException: finishConnect(..) failed: Connection refused: localhost/127.0.0.1:15148
2024-10-11 15:03:28,210 [main] WARN  ratis.RaftTestUtil (RaftTestUtil.java:lambda$waitForLeader$3(126)) - Attempt #62 failed: java.lang.IllegalStateException: No leader yet : printing ALL groups
  s3:  RUNNING CANDIDATE s3@group-F860CA578C61:t2, leader=null, voted=s0, raftlog=Memoized:s3@group-F860CA578C61-SegmentedRaftLog:OPENED:c2:last(t:2, i:2), conf=conf: {index: 1, cur=peers:[s3|localhost:15152, s4|localhost:15156, s0|localhost:15140, s1|localhost:15144, s2|localhost:15148]|listeners:[], old=null} RUNNING
  s4:  RUNNING CANDIDATE s4@group-F860CA578C61:t2, leader=null, voted=s0, raftlog=Memoized:s4@group-F860CA578C61-SegmentedRaftLog:OPENED:c2:last(t:2, i:2), conf=conf: {index: 1, cur=peers:[s3|localhost:15152, s4|localhost:15156, s0|localhost:15140, s1|localhost:15144, s2|localhost:15148]|listeners:[], old=null} RUNNING
  s0:   CLOSED    LEADER s0@group-F860CA578C61:t2, leader=s0, voted=s0, raftlog=Memoized:s0@group-F860CA578C61-SegmentedRaftLog:CLOSED:c2, conf=conf: {index: 1, cur=peers:[s3|localhost:15152, s4|localhost:15156, s0|localhost:15140, s1|localhost:15144, s2|localhost:15148]|listeners:[], old=null} CLOSED
  s1:  RUNNING  FOLLOWER s1@group-F860CA578C61:t1, leader=null, voted=null, raftlog=Memoized:s1@group-F860CA578C61-SegmentedRaftLog:OPENED:c-1:lastnull, conf=conf: {index: -1, cur=peers:[s3|localhost:15152, s4|localhost:15156, s0|localhost:15140, s1|localhost:15144, s2|localhost:15148]|listeners:[], old=null} RUNNING
  s2:   CLOSED    LEADER s2@group-F860CA578C61:t1, leader=s2, voted=s2, raftlog=Memoized:s2@group-F860CA578C61-SegmentedRaftLog:CLOSED:c0, conf=conf: {index: 0, cur=peers:[s3|localhost:15152, s4|localhost:15156, s0|localhost:15140, s1|localhost:15144, s2|localhost:15148]|listeners:[], old=null} CLOSED
2024-10-11 15:03:28,240 [s4@group-F860CA578C61-LeaderElection19] INFO  impl.LeaderElection (LeaderElection.java:logAndReturn(90)) - s4@group-F860CA578C61-LeaderElection19: PRE_VOTE TIMEOUT received 1 response(s) and 2 exception(s):
2024-10-11 15:03:28,240 [s4@group-F860CA578C61-LeaderElection19] INFO  impl.LeaderElection (LeaderElection.java:logAndReturn(94)) -   Response 0: s4<-s3#0:OK-t2
2024-10-11 15:03:28,240 [s4@group-F860CA578C61-LeaderElection19] INFO  impl.LeaderElection (LogUtils.java:infoOrTrace(136)) -   Exception 1: java.util.concurrent.ExecutionException: org.apache.ratis.thirdparty.io.netty.channel.AbstractChannel$AnnotatedConnectException: finishConnect(..) failed: Connection refused: localhost/127.0.0.1:15140
2024-10-11 15:03:28,240 [s4@group-F860CA578C61-LeaderElection19] INFO  impl.LeaderElection (LogUtils.java:infoOrTrace(136)) -   Exception 2: java.util.concurrent.ExecutionException: org.apache.ratis.thirdparty.io.netty.channel.AbstractChannel$AnnotatedConnectException: finishConnect(..) failed: Connection refused: localhost/127.0.0.1:15148
2024-10-11 15:03:28,240 [s4@group-F860CA578C61-LeaderElection19] INFO  impl.LeaderElection (LeaderElection.java:askForVotes(339)) - s4@group-F860CA578C61-LeaderElection19 PRE_VOTE round 123: result TIMEOUT
2024-10-11 15:03:28,240 [s4@group-F860CA578C61-LeaderElection19] INFO  impl.LeaderElection (LeaderElection.java:askForVotes(337)) - s4@group-F860CA578C61-LeaderElection19 PRE_VOTE round 124: submit vote requests at term 2 for conf: {index: 1, cur=peers:[s3|localhost:15152, s4|localhost:15156, s0|localhost:15140, s1|localhost:15144, s2|localhost:15148]|listeners:[], old=null}
2024-10-11 15:03:28,241 [NettyRpcService-workerGroup--thread3] INFO  server.RaftServer$Division (RaftServerImpl.java:requestVote(1443)) - s3@group-F860CA578C61: receive requestVote(PRE_VOTE, s4, group-F860CA578C61, 2, (t:2, i:2))
2024-10-11 15:03:28,241 [NettyRpcService-workerGroup--thread3] INFO  impl.VoteContext (VoteContext.java:log(49)) - s3@group-F860CA578C61-CANDIDATE: accept PRE_VOTE from s4: our priority 0 <= candidate's priority 0
2024-10-11 15:03:28,241 [s4@group-F860CA578C61-LeaderElection19] INFO  impl.LeaderElection (LogUtils.java:infoOrTrace(136)) - s4@group-F860CA578C61-LeaderElection19 got exception when requesting votes: java.util.concurrent.ExecutionException: org.apache.ratis.thirdparty.io.netty.channel.AbstractChannel$AnnotatedConnectException: finishConnect(..) failed: Connection refused: localhost/127.0.0.1:15148
2024-10-11 15:03:28,241 [NettyRpcService-workerGroup--thread3] INFO  server.RaftServer$Division (RaftServerImpl.java:requestVote(1476)) - s3@group-F860CA578C61 replies to PRE_VOTE vote request: s4<-s3#0:OK-t2. Peer's state: s3@group-F860CA578C61:t2, leader=null, voted=s0, raftlog=Memoized:s3@group-F860CA578C61-SegmentedRaftLog:OPENED:c2:last(t:2, i:2), conf=conf: {index: 1, cur=peers:[s3|localhost:15152, s4|localhost:15156, s0|localhost:15140, s1|localhost:15144, s2|localhost:15148]|listeners:[], old=null}
2024-10-11 15:03:28,241 [s4@group-F860CA578C61-LeaderElection19] INFO  impl.LeaderElection (LogUtils.java:infoOrTrace(136)) - s4@group-F860CA578C61-LeaderElection19 got exception when requesting votes: java.util.concurrent.ExecutionException: org.apache.ratis.thirdparty.io.netty.channel.AbstractChannel$AnnotatedConnectException: finishConnect(..) failed: Connection refused: localhost/127.0.0.1:15140
2024-10-11 15:03:28,287 [s3@group-F860CA578C61-LeaderElection20] INFO  impl.LeaderElection (LeaderElection.java:logAndReturn(90)) - s3@group-F860CA578C61-LeaderElection20: PRE_VOTE TIMEOUT received 1 response(s) and 2 exception(s):
2024-10-11 15:03:28,287 [s3@group-F860CA578C61-LeaderElection20] INFO  impl.LeaderElection (LeaderElection.java:logAndReturn(94)) -   Response 0: s3<-s4#0:OK-t2
2024-10-11 15:03:28,287 [s3@group-F860CA578C61-LeaderElection20] INFO  impl.LeaderElection (LogUtils.java:infoOrTrace(136)) -   Exception 1: java.util.concurrent.ExecutionException: org.apache.ratis.thirdparty.io.netty.channel.AbstractChannel$AnnotatedConnectException: finishConnect(..) failed: Connection refused: localhost/127.0.0.1:15140
2024-10-11 15:03:28,287 [s3@group-F860CA578C61-LeaderElection20] INFO  impl.LeaderElection (LogUtils.java:infoOrTrace(136)) -   Exception 2: java.util.concurrent.ExecutionException: org.apache.ratis.thirdparty.io.netty.channel.AbstractChannel$AnnotatedConnectException: finishConnect(..) failed: Connection refused: localhost/127.0.0.1:15148
2024-10-11 15:03:28,287 [s3@group-F860CA578C61-LeaderElection20] INFO  impl.LeaderElection (LeaderElection.java:askForVotes(339)) - s3@group-F860CA578C61-LeaderElection20 PRE_VOTE round 114: result TIMEOUT
2024-10-11 15:03:28,287 [s3@group-F860CA578C61-LeaderElection20] INFO  impl.LeaderElection (LeaderElection.java:askForVotes(337)) - s3@group-F860CA578C61-LeaderElection20 PRE_VOTE round 115: submit vote requests at term 2 for conf: {index: 1, cur=peers:[s3|localhost:15152, s4|localhost:15156, s0|localhost:15140, s1|localhost:15144, s2|localhost:15148]|listeners:[], old=null}
2024-10-11 15:03:28,287 [NettyRpcService-workerGroup--thread3] INFO  server.RaftServer$Division (RaftServerImpl.java:requestVote(1443)) - s4@group-F860CA578C61: receive requestVote(PRE_VOTE, s3, group-F860CA578C61, 2, (t:2, i:2))
2024-10-11 15:03:28,288 [NettyRpcService-workerGroup--thread3] INFO  impl.VoteContext (VoteContext.java:log(49)) - s4@group-F860CA578C61-CANDIDATE: accept PRE_VOTE from s3: our priority 0 <= candidate's priority 0
2024-10-11 15:03:28,288 [s3@group-F860CA578C61-LeaderElection20] INFO  impl.LeaderElection (LogUtils.java:infoOrTrace(136)) - s3@group-F860CA578C61-LeaderElection20 got exception when requesting votes: java.util.concurrent.ExecutionException: org.apache.ratis.thirdparty.io.netty.channel.AbstractChannel$AnnotatedConnectException: finishConnect(..) failed: Connection refused: localhost/127.0.0.1:15140
2024-10-11 15:03:28,288 [NettyRpcService-workerGroup--thread3] INFO  server.RaftServer$Division (RaftServerImpl.java:requestVote(1476)) - s4@group-F860CA578C61 replies to PRE_VOTE vote request: s3<-s4#0:OK-t2. Peer's state: s4@group-F860CA578C61:t2, leader=null, voted=s0, raftlog=Memoized:s4@group-F860CA578C61-SegmentedRaftLog:OPENED:c2:last(t:2, i:2), conf=conf: {index: 1, cur=peers:[s3|localhost:15152, s4|localhost:15156, s0|localhost:15140, s1|localhost:15144, s2|localhost:15148]|listeners:[], old=null}
2024-10-11 15:03:28,288 [s3@group-F860CA578C61-LeaderElection20] INFO  impl.LeaderElection (LogUtils.java:infoOrTrace(136)) - s3@group-F860CA578C61-LeaderElection20 got exception when requesting votes: java.util.concurrent.ExecutionException: org.apache.ratis.thirdparty.io.netty.channel.AbstractChannel$AnnotatedConnectException: finishConnect(..) failed: Connection refused: localhost/127.0.0.1:15148
2024-10-11 15:03:28,468 [s4@group-F860CA578C61-LeaderElection19] INFO  impl.LeaderElection (LeaderElection.java:logAndReturn(90)) - s4@group-F860CA578C61-LeaderElection19: PRE_VOTE TIMEOUT received 1 response(s) and 2 exception(s):
2024-10-11 15:03:28,468 [s4@group-F860CA578C61-LeaderElection19] INFO  impl.LeaderElection (LeaderElection.java:logAndReturn(94)) -   Response 0: s4<-s3#0:OK-t2
2024-10-11 15:03:28,468 [s4@group-F860CA578C61-LeaderElection19] INFO  impl.LeaderElection (LogUtils.java:infoOrTrace(136)) -   Exception 1: java.util.concurrent.ExecutionException: org.apache.ratis.thirdparty.io.netty.channel.AbstractChannel$AnnotatedConnectException: finishConnect(..) failed: Connection refused: localhost/127.0.0.1:15148
2024-10-11 15:03:28,468 [s4@group-F860CA578C61-LeaderElection19] INFO  impl.LeaderElection (LogUtils.java:infoOrTrace(136)) -   Exception 2: java.util.concurrent.ExecutionException: org.apache.ratis.thirdparty.io.netty.channel.AbstractChannel$AnnotatedConnectException: finishConnect(..) failed: Connection refused: localhost/127.0.0.1:15140
2024-10-11 15:03:28,468 [s4@group-F860CA578C61-LeaderElection19] INFO  impl.LeaderElection (LeaderElection.java:askForVotes(339)) - s4@group-F860CA578C61-LeaderElection19 PRE_VOTE round 124: result TIMEOUT
2024-10-11 15:03:28,468 [s4@group-F860CA578C61-LeaderElection19] INFO  impl.LeaderElection (LeaderElection.java:askForVotes(337)) - s4@group-F860CA578C61-LeaderElection19 PRE_VOTE round 125: submit vote requests at term 2 for conf: {index: 1, cur=peers:[s3|localhost:15152, s4|localhost:15156, s0|localhost:15140, s1|localhost:15144, s2|localhost:15148]|listeners:[], old=null}
2024-10-11 15:03:28,469 [NettyRpcService-workerGroup--thread3] INFO  server.RaftServer$Division (RaftServerImpl.java:requestVote(1443)) - s3@group-F860CA578C61: receive requestVote(PRE_VOTE, s4, group-F860CA578C61, 2, (t:2, i:2))
2024-10-11 15:03:28,469 [NettyRpcService-workerGroup--thread3] INFO  impl.VoteContext (VoteContext.java:log(49)) - s3@group-F860CA578C61-CANDIDATE: accept PRE_VOTE from s4: our priority 0 <= candidate's priority 0
2024-10-11 15:03:28,469 [s4@group-F860CA578C61-LeaderElection19] INFO  impl.LeaderElection (LogUtils.java:infoOrTrace(136)) - s4@group-F860CA578C61-LeaderElection19 got exception when requesting votes: java.util.concurrent.ExecutionException: org.apache.ratis.thirdparty.io.netty.channel.AbstractChannel$AnnotatedConnectException: finishConnect(..) failed: Connection refused: localhost/127.0.0.1:15140
2024-10-11 15:03:28,469 [NettyRpcService-workerGroup--thread3] INFO  server.RaftServer$Division (RaftServerImpl.java:requestVote(1476)) - s3@group-F860CA578C61 replies to PRE_VOTE vote request: s4<-s3#0:OK-t2. Peer's state: s3@group-F860CA578C61:t2, leader=null, voted=s0, raftlog=Memoized:s3@group-F860CA578C61-SegmentedRaftLog:OPENED:c2:last(t:2, i:2), conf=conf: {index: 1, cur=peers:[s3|localhost:15152, s4|localhost:15156, s0|localhost:15140, s1|localhost:15144, s2|localhost:15148]|listeners:[], old=null}
2024-10-11 15:03:28,469 [s4@group-F860CA578C61-LeaderElection19] INFO  impl.LeaderElection (LogUtils.java:infoOrTrace(136)) - s4@group-F860CA578C61-LeaderElection19 got exception when requesting votes: java.util.concurrent.ExecutionException: org.apache.ratis.thirdparty.io.netty.channel.AbstractChannel$AnnotatedConnectException: finishConnect(..) failed: Connection refused: localhost/127.0.0.1:15148
2024-10-11 15:03:28,569 [s3@group-F860CA578C61-LeaderElection20] INFO  impl.LeaderElection (LeaderElection.java:logAndReturn(90)) - s3@group-F860CA578C61-LeaderElection20: PRE_VOTE TIMEOUT received 1 response(s) and 2 exception(s):
2024-10-11 15:03:28,569 [s3@group-F860CA578C61-LeaderElection20] INFO  impl.LeaderElection (LeaderElection.java:logAndReturn(94)) -   Response 0: s3<-s4#0:OK-t2
2024-10-11 15:03:28,569 [s3@group-F860CA578C61-LeaderElection20] INFO  impl.LeaderElection (LogUtils.java:infoOrTrace(136)) -   Exception 1: java.util.concurrent.ExecutionException: org.apache.ratis.thirdparty.io.netty.channel.AbstractChannel$AnnotatedConnectException: finishConnect(..) failed: Connection refused: localhost/127.0.0.1:15140
2024-10-11 15:03:28,569 [s3@group-F860CA578C61-LeaderElection20] INFO  impl.LeaderElection (LogUtils.java:infoOrTrace(136)) -   Exception 2: java.util.concurrent.ExecutionException: org.apache.ratis.thirdparty.io.netty.channel.AbstractChannel$AnnotatedConnectException: finishConnect(..) failed: Connection refused: localhost/127.0.0.1:15148
2024-10-11 15:03:28,569 [s3@group-F860CA578C61-LeaderElection20] INFO  impl.LeaderElection (LeaderElection.java:askForVotes(339)) - s3@group-F860CA578C61-LeaderElection20 PRE_VOTE round 115: result TIMEOUT
2024-10-11 15:03:28,569 [s3@group-F860CA578C61-LeaderElection20] INFO  impl.LeaderElection (LeaderElection.java:askForVotes(337)) - s3@group-F860CA578C61-LeaderElection20 PRE_VOTE round 116: submit vote requests at term 2 for conf: {index: 1, cur=peers:[s3|localhost:15152, s4|localhost:15156, s0|localhost:15140, s1|localhost:15144, s2|localhost:15148]|listeners:[], old=null}
2024-10-11 15:03:28,570 [NettyRpcService-workerGroup--thread3] INFO  server.RaftServer$Division (RaftServerImpl.java:requestVote(1443)) - s4@group-F860CA578C61: receive requestVote(PRE_VOTE, s3, group-F860CA578C61, 2, (t:2, i:2))
2024-10-11 15:03:28,570 [NettyRpcService-workerGroup--thread3] INFO  impl.VoteContext (VoteContext.java:log(49)) - s4@group-F860CA578C61-CANDIDATE: accept PRE_VOTE from s3: our priority 0 <= candidate's priority 0
2024-10-11 15:03:28,570 [s3@group-F860CA578C61-LeaderElection20] INFO  impl.LeaderElection (LogUtils.java:infoOrTrace(136)) - s3@group-F860CA578C61-LeaderElection20 got exception when requesting votes: java.util.concurrent.ExecutionException: org.apache.ratis.thirdparty.io.netty.channel.AbstractChannel$AnnotatedConnectException: finishConnect(..) failed: Connection refused: localhost/127.0.0.1:15140
2024-10-11 15:03:28,570 [NettyRpcService-workerGroup--thread3] INFO  server.RaftServer$Division (RaftServerImpl.java:requestVote(1476)) - s4@group-F860CA578C61 replies to PRE_VOTE vote request: s3<-s4#0:OK-t2. Peer's state: s4@group-F860CA578C61:t2, leader=null, voted=s0, raftlog=Memoized:s4@group-F860CA578C61-SegmentedRaftLog:OPENED:c2:last(t:2, i:2), conf=conf: {index: 1, cur=peers:[s3|localhost:15152, s4|localhost:15156, s0|localhost:15140, s1|localhost:15144, s2|localhost:15148]|listeners:[], old=null}
2024-10-11 15:03:28,571 [s3@group-F860CA578C61-LeaderElection20] INFO  impl.LeaderElection (LogUtils.java:infoOrTrace(136)) - s3@group-F860CA578C61-LeaderElection20 got exception when requesting votes: java.util.concurrent.ExecutionException: org.apache.ratis.thirdparty.io.netty.channel.AbstractChannel$AnnotatedConnectException: finishConnect(..) failed: Connection refused: localhost/127.0.0.1:15148
2024-10-11 15:03:28,654 [s4@group-F860CA578C61-LeaderElection19] INFO  impl.LeaderElection (LeaderElection.java:logAndReturn(90)) - s4@group-F860CA578C61-LeaderElection19: PRE_VOTE TIMEOUT received 1 response(s) and 2 exception(s):
2024-10-11 15:03:28,654 [s4@group-F860CA578C61-LeaderElection19] INFO  impl.LeaderElection (LeaderElection.java:logAndReturn(94)) -   Response 0: s4<-s3#0:OK-t2
2024-10-11 15:03:28,654 [s4@group-F860CA578C61-LeaderElection19] INFO  impl.LeaderElection (LogUtils.java:infoOrTrace(136)) -   Exception 1: java.util.concurrent.ExecutionException: org.apache.ratis.thirdparty.io.netty.channel.AbstractChannel$AnnotatedConnectException: finishConnect(..) failed: Connection refused: localhost/127.0.0.1:15140
2024-10-11 15:03:28,654 [s4@group-F860CA578C61-LeaderElection19] INFO  impl.LeaderElection (LogUtils.java:infoOrTrace(136)) -   Exception 2: java.util.concurrent.ExecutionException: org.apache.ratis.thirdparty.io.netty.channel.AbstractChannel$AnnotatedConnectException: finishConnect(..) failed: Connection refused: localhost/127.0.0.1:15148
2024-10-11 15:03:28,654 [s4@group-F860CA578C61-LeaderElection19] INFO  impl.LeaderElection (LeaderElection.java:askForVotes(339)) - s4@group-F860CA578C61-LeaderElection19 PRE_VOTE round 125: result TIMEOUT
2024-10-11 15:03:28,654 [s4@group-F860CA578C61-LeaderElection19] INFO  impl.LeaderElection (LeaderElection.java:askForVotes(337)) - s4@group-F860CA578C61-LeaderElection19 PRE_VOTE round 126: submit vote requests at term 2 for conf: {index: 1, cur=peers:[s3|localhost:15152, s4|localhost:15156, s0|localhost:15140, s1|localhost:15144, s2|localhost:15148]|listeners:[], old=null}
2024-10-11 15:03:28,655 [NettyRpcService-workerGroup--thread3] INFO  server.RaftServer$Division (RaftServerImpl.java:requestVote(1443)) - s3@group-F860CA578C61: receive requestVote(PRE_VOTE, s4, group-F860CA578C61, 2, (t:2, i:2))
2024-10-11 15:03:28,655 [NettyRpcService-workerGroup--thread3] INFO  impl.VoteContext (VoteContext.java:log(49)) - s3@group-F860CA578C61-CANDIDATE: accept PRE_VOTE from s4: our priority 0 <= candidate's priority 0
2024-10-11 15:03:28,655 [NettyRpcService-workerGroup--thread3] INFO  server.RaftServer$Division (RaftServerImpl.java:requestVote(1476)) - s3@group-F860CA578C61 replies to PRE_VOTE vote request: s4<-s3#0:OK-t2. Peer's state: s3@group-F860CA578C61:t2, leader=null, voted=s0, raftlog=Memoized:s3@group-F860CA578C61-SegmentedRaftLog:OPENED:c2:last(t:2, i:2), conf=conf: {index: 1, cur=peers:[s3|localhost:15152, s4|localhost:15156, s0|localhost:15140, s1|localhost:15144, s2|localhost:15148]|listeners:[], old=null}
2024-10-11 15:03:28,655 [s4@group-F860CA578C61-LeaderElection19] INFO  impl.LeaderElection (LogUtils.java:infoOrTrace(136)) - s4@group-F860CA578C61-LeaderElection19 got exception when requesting votes: java.util.concurrent.ExecutionException: org.apache.ratis.thirdparty.io.netty.channel.AbstractChannel$AnnotatedConnectException: finishConnect(..) failed: Connection refused: localhost/127.0.0.1:15140
2024-10-11 15:03:28,655 [s4@group-F860CA578C61-LeaderElection19] INFO  impl.LeaderElection (LogUtils.java:infoOrTrace(136)) - s4@group-F860CA578C61-LeaderElection19 got exception when requesting votes: java.util.concurrent.ExecutionException: org.apache.ratis.thirdparty.io.netty.channel.AbstractChannel$AnnotatedConnectException: finishConnect(..) failed: Connection refused: localhost/127.0.0.1:15148
2024-10-11 15:03:28,661 [main] WARN  ratis.RaftTestUtil (RaftTestUtil.java:lambda$waitForLeader$3(126)) - Attempt #63 failed: java.lang.IllegalStateException: No leader yet : printing ALL groups
  s3:  RUNNING CANDIDATE s3@group-F860CA578C61:t2, leader=null, voted=s0, raftlog=Memoized:s3@group-F860CA578C61-SegmentedRaftLog:OPENED:c2:last(t:2, i:2), conf=conf: {index: 1, cur=peers:[s3|localhost:15152, s4|localhost:15156, s0|localhost:15140, s1|localhost:15144, s2|localhost:15148]|listeners:[], old=null} RUNNING
  s4:  RUNNING CANDIDATE s4@group-F860CA578C61:t2, leader=null, voted=s0, raftlog=Memoized:s4@group-F860CA578C61-SegmentedRaftLog:OPENED:c2:last(t:2, i:2), conf=conf: {index: 1, cur=peers:[s3|localhost:15152, s4|localhost:15156, s0|localhost:15140, s1|localhost:15144, s2|localhost:15148]|listeners:[], old=null} RUNNING
  s0:   CLOSED    LEADER s0@group-F860CA578C61:t2, leader=s0, voted=s0, raftlog=Memoized:s0@group-F860CA578C61-SegmentedRaftLog:CLOSED:c2, conf=conf: {index: 1, cur=peers:[s3|localhost:15152, s4|localhost:15156, s0|localhost:15140, s1|localhost:15144, s2|localhost:15148]|listeners:[], old=null} CLOSED
  s1:  RUNNING  FOLLOWER s1@group-F860CA578C61:t1, leader=null, voted=null, raftlog=Memoized:s1@group-F860CA578C61-SegmentedRaftLog:OPENED:c-1:lastnull, conf=conf: {index: -1, cur=peers:[s3|localhost:15152, s4|localhost:15156, s0|localhost:15140, s1|localhost:15144, s2|localhost:15148]|listeners:[], old=null} RUNNING
  s2:   CLOSED    LEADER s2@group-F860CA578C61:t1, leader=s2, voted=s2, raftlog=Memoized:s2@group-F860CA578C61-SegmentedRaftLog:CLOSED:c0, conf=conf: {index: 0, cur=peers:[s3|localhost:15152, s4|localhost:15156, s0|localhost:15140, s1|localhost:15144, s2|localhost:15148]|listeners:[], old=null} CLOSED
2024-10-11 15:03:28,746 [s3@group-F860CA578C61-LeaderElection20] INFO  impl.LeaderElection (LeaderElection.java:logAndReturn(90)) - s3@group-F860CA578C61-LeaderElection20: PRE_VOTE TIMEOUT received 1 response(s) and 2 exception(s):
2024-10-11 15:03:28,746 [s3@group-F860CA578C61-LeaderElection20] INFO  impl.LeaderElection (LeaderElection.java:logAndReturn(94)) -   Response 0: s3<-s4#0:OK-t2
2024-10-11 15:03:28,746 [s3@group-F860CA578C61-LeaderElection20] INFO  impl.LeaderElection (LogUtils.java:infoOrTrace(136)) -   Exception 1: java.util.concurrent.ExecutionException: org.apache.ratis.thirdparty.io.netty.channel.AbstractChannel$AnnotatedConnectException: finishConnect(..) failed: Connection refused: localhost/127.0.0.1:15140
2024-10-11 15:03:28,746 [s3@group-F860CA578C61-LeaderElection20] INFO  impl.LeaderElection (LogUtils.java:infoOrTrace(136)) -   Exception 2: java.util.concurrent.ExecutionException: org.apache.ratis.thirdparty.io.netty.channel.AbstractChannel$AnnotatedConnectException: finishConnect(..) failed: Connection refused: localhost/127.0.0.1:15148
2024-10-11 15:03:28,746 [s3@group-F860CA578C61-LeaderElection20] INFO  impl.LeaderElection (LeaderElection.java:askForVotes(339)) - s3@group-F860CA578C61-LeaderElection20 PRE_VOTE round 116: result TIMEOUT
2024-10-11 15:03:28,746 [s3@group-F860CA578C61-LeaderElection20] INFO  impl.LeaderElection (LeaderElection.java:askForVotes(337)) - s3@group-F860CA578C61-LeaderElection20 PRE_VOTE round 117: submit vote requests at term 2 for conf: {index: 1, cur=peers:[s3|localhost:15152, s4|localhost:15156, s0|localhost:15140, s1|localhost:15144, s2|localhost:15148]|listeners:[], old=null}
2024-10-11 15:03:28,747 [NettyRpcService-workerGroup--thread3] INFO  server.RaftServer$Division (RaftServerImpl.java:requestVote(1443)) - s4@group-F860CA578C61: receive requestVote(PRE_VOTE, s3, group-F860CA578C61, 2, (t:2, i:2))
2024-10-11 15:03:28,747 [NettyRpcService-workerGroup--thread3] INFO  impl.VoteContext (VoteContext.java:log(49)) - s4@group-F860CA578C61-CANDIDATE: accept PRE_VOTE from s3: our priority 0 <= candidate's priority 0
2024-10-11 15:03:28,747 [s3@group-F860CA578C61-LeaderElection20] INFO  impl.LeaderElection (LogUtils.java:infoOrTrace(136)) - s3@group-F860CA578C61-LeaderElection20 got exception when requesting votes: java.util.concurrent.ExecutionException: org.apache.ratis.thirdparty.io.netty.channel.AbstractChannel$AnnotatedConnectException: finishConnect(..) failed: Connection refused: localhost/127.0.0.1:15140
2024-10-11 15:03:28,747 [NettyRpcService-workerGroup--thread3] INFO  server.RaftServer$Division (RaftServerImpl.java:requestVote(1476)) - s4@group-F860CA578C61 replies to PRE_VOTE vote request: s3<-s4#0:OK-t2. Peer's state: s4@group-F860CA578C61:t2, leader=null, voted=s0, raftlog=Memoized:s4@group-F860CA578C61-SegmentedRaftLog:OPENED:c2:last(t:2, i:2), conf=conf: {index: 1, cur=peers:[s3|localhost:15152, s4|localhost:15156, s0|localhost:15140, s1|localhost:15144, s2|localhost:15148]|listeners:[], old=null}
2024-10-11 15:03:28,747 [s3@group-F860CA578C61-LeaderElection20] INFO  impl.LeaderElection (LogUtils.java:infoOrTrace(136)) - s3@group-F860CA578C61-LeaderElection20 got exception when requesting votes: java.util.concurrent.ExecutionException: org.apache.ratis.thirdparty.io.netty.channel.AbstractChannel$AnnotatedConnectException: finishConnect(..) failed: Connection refused: localhost/127.0.0.1:15148
2024-10-11 15:03:28,897 [s3@group-F860CA578C61-LeaderElection20] INFO  impl.LeaderElection (LeaderElection.java:logAndReturn(90)) - s3@group-F860CA578C61-LeaderElection20: PRE_VOTE TIMEOUT received 1 response(s) and 2 exception(s):
2024-10-11 15:03:28,897 [s3@group-F860CA578C61-LeaderElection20] INFO  impl.LeaderElection (LeaderElection.java:logAndReturn(94)) -   Response 0: s3<-s4#0:OK-t2
2024-10-11 15:03:28,897 [s3@group-F860CA578C61-LeaderElection20] INFO  impl.LeaderElection (LogUtils.java:infoOrTrace(136)) -   Exception 1: java.util.concurrent.ExecutionException: org.apache.ratis.thirdparty.io.netty.channel.AbstractChannel$AnnotatedConnectException: finishConnect(..) failed: Connection refused: localhost/127.0.0.1:15140
2024-10-11 15:03:28,897 [s3@group-F860CA578C61-LeaderElection20] INFO  impl.LeaderElection (LogUtils.java:infoOrTrace(136)) -   Exception 2: java.util.concurrent.ExecutionException: org.apache.ratis.thirdparty.io.netty.channel.AbstractChannel$AnnotatedConnectException: finishConnect(..) failed: Connection refused: localhost/127.0.0.1:15148
2024-10-11 15:03:28,897 [s3@group-F860CA578C61-LeaderElection20] INFO  impl.LeaderElection (LeaderElection.java:askForVotes(339)) - s3@group-F860CA578C61-LeaderElection20 PRE_VOTE round 117: result TIMEOUT
2024-10-11 15:03:28,897 [s3@group-F860CA578C61-LeaderElection20] INFO  impl.LeaderElection (LeaderElection.java:askForVotes(337)) - s3@group-F860CA578C61-LeaderElection20 PRE_VOTE round 118: submit vote requests at term 2 for conf: {index: 1, cur=peers:[s3|localhost:15152, s4|localhost:15156, s0|localhost:15140, s1|localhost:15144, s2|localhost:15148]|listeners:[], old=null}
2024-10-11 15:03:28,898 [NettyRpcService-workerGroup--thread3] INFO  server.RaftServer$Division (RaftServerImpl.java:requestVote(1443)) - s4@group-F860CA578C61: receive requestVote(PRE_VOTE, s3, group-F860CA578C61, 2, (t:2, i:2))
2024-10-11 15:03:28,898 [NettyRpcService-workerGroup--thread3] INFO  impl.VoteContext (VoteContext.java:log(49)) - s4@group-F860CA578C61-CANDIDATE: accept PRE_VOTE from s3: our priority 0 <= candidate's priority 0
2024-10-11 15:03:28,898 [NettyRpcService-workerGroup--thread3] INFO  server.RaftServer$Division (RaftServerImpl.java:requestVote(1476)) - s4@group-F860CA578C61 replies to PRE_VOTE vote request: s3<-s4#0:OK-t2. Peer's state: s4@group-F860CA578C61:t2, leader=null, voted=s0, raftlog=Memoized:s4@group-F860CA578C61-SegmentedRaftLog:OPENED:c2:last(t:2, i:2), conf=conf: {index: 1, cur=peers:[s3|localhost:15152, s4|localhost:15156, s0|localhost:15140, s1|localhost:15144, s2|localhost:15148]|listeners:[], old=null}
2024-10-11 15:03:28,898 [s3@group-F860CA578C61-LeaderElection20] INFO  impl.LeaderElection (LogUtils.java:infoOrTrace(136)) - s3@group-F860CA578C61-LeaderElection20 got exception when requesting votes: java.util.concurrent.ExecutionException: org.apache.ratis.thirdparty.io.netty.channel.AbstractChannel$AnnotatedConnectException: finishConnect(..) failed: Connection refused: localhost/127.0.0.1:15140
2024-10-11 15:03:28,898 [s3@group-F860CA578C61-LeaderElection20] INFO  impl.LeaderElection (LogUtils.java:infoOrTrace(136)) - s3@group-F860CA578C61-LeaderElection20 got exception when requesting votes: java.util.concurrent.ExecutionException: org.apache.ratis.thirdparty.io.netty.channel.AbstractChannel$AnnotatedConnectException: finishConnect(..) failed: Connection refused: localhost/127.0.0.1:15148
2024-10-11 15:03:28,929 [s4@group-F860CA578C61-LeaderElection19] INFO  impl.LeaderElection (LeaderElection.java:logAndReturn(90)) - s4@group-F860CA578C61-LeaderElection19: PRE_VOTE TIMEOUT received 1 response(s) and 2 exception(s):
2024-10-11 15:03:28,929 [s4@group-F860CA578C61-LeaderElection19] INFO  impl.LeaderElection (LeaderElection.java:logAndReturn(94)) -   Response 0: s4<-s3#0:OK-t2
2024-10-11 15:03:28,929 [s4@group-F860CA578C61-LeaderElection19] INFO  impl.LeaderElection (LogUtils.java:infoOrTrace(136)) -   Exception 1: java.util.concurrent.ExecutionException: org.apache.ratis.thirdparty.io.netty.channel.AbstractChannel$AnnotatedConnectException: finishConnect(..) failed: Connection refused: localhost/127.0.0.1:15140
2024-10-11 15:03:28,929 [s4@group-F860CA578C61-LeaderElection19] INFO  impl.LeaderElection (LogUtils.java:infoOrTrace(136)) -   Exception 2: java.util.concurrent.ExecutionException: org.apache.ratis.thirdparty.io.netty.channel.AbstractChannel$AnnotatedConnectException: finishConnect(..) failed: Connection refused: localhost/127.0.0.1:15148
2024-10-11 15:03:28,929 [s4@group-F860CA578C61-LeaderElection19] INFO  impl.LeaderElection (LeaderElection.java:askForVotes(339)) - s4@group-F860CA578C61-LeaderElection19 PRE_VOTE round 126: result TIMEOUT
2024-10-11 15:03:28,929 [s4@group-F860CA578C61-LeaderElection19] INFO  impl.LeaderElection (LeaderElection.java:askForVotes(337)) - s4@group-F860CA578C61-LeaderElection19 PRE_VOTE round 127: submit vote requests at term 2 for conf: {index: 1, cur=peers:[s3|localhost:15152, s4|localhost:15156, s0|localhost:15140, s1|localhost:15144, s2|localhost:15148]|listeners:[], old=null}
2024-10-11 15:03:28,930 [NettyRpcService-workerGroup--thread3] INFO  server.RaftServer$Division (RaftServerImpl.java:requestVote(1443)) - s3@group-F860CA578C61: receive requestVote(PRE_VOTE, s4, group-F860CA578C61, 2, (t:2, i:2))
2024-10-11 15:03:28,930 [NettyRpcService-workerGroup--thread3] INFO  impl.VoteContext (VoteContext.java:log(49)) - s3@group-F860CA578C61-CANDIDATE: accept PRE_VOTE from s4: our priority 0 <= candidate's priority 0
2024-10-11 15:03:28,930 [NettyRpcService-workerGroup--thread3] INFO  server.RaftServer$Division (RaftServerImpl.java:requestVote(1476)) - s3@group-F860CA578C61 replies to PRE_VOTE vote request: s4<-s3#0:OK-t2. Peer's state: s3@group-F860CA578C61:t2, leader=null, voted=s0, raftlog=Memoized:s3@group-F860CA578C61-SegmentedRaftLog:OPENED:c2:last(t:2, i:2), conf=conf: {index: 1, cur=peers:[s3|localhost:15152, s4|localhost:15156, s0|localhost:15140, s1|localhost:15144, s2|localhost:15148]|listeners:[], old=null}
2024-10-11 15:03:28,930 [s4@group-F860CA578C61-LeaderElection19] INFO  impl.LeaderElection (LogUtils.java:infoOrTrace(136)) - s4@group-F860CA578C61-LeaderElection19 got exception when requesting votes: java.util.concurrent.ExecutionException: org.apache.ratis.thirdparty.io.netty.channel.AbstractChannel$AnnotatedConnectException: finishConnect(..) failed: Connection refused: localhost/127.0.0.1:15140
2024-10-11 15:03:28,930 [s4@group-F860CA578C61-LeaderElection19] INFO  impl.LeaderElection (LogUtils.java:infoOrTrace(136)) - s4@group-F860CA578C61-LeaderElection19 got exception when requesting votes: java.util.concurrent.ExecutionException: org.apache.ratis.thirdparty.io.netty.channel.AbstractChannel$AnnotatedConnectException: finishConnect(..) failed: Connection refused: localhost/127.0.0.1:15148
2024-10-11 15:03:28,943 [Timer-8] INFO  impl.MiniRaftCluster (MiniRaftCluster.java:lambda$null$7(352)) - TIMED-PRINT: printing ALL groups
  s3:  RUNNING CANDIDATE s3@group-F860CA578C61:t2, leader=null, voted=s0, raftlog=Memoized:s3@group-F860CA578C61-SegmentedRaftLog:OPENED:c2:last(t:2, i:2), conf=conf: {index: 1, cur=peers:[s3|localhost:15152, s4|localhost:15156, s0|localhost:15140, s1|localhost:15144, s2|localhost:15148]|listeners:[], old=null} RUNNING
  s4:  RUNNING CANDIDATE s4@group-F860CA578C61:t2, leader=null, voted=s0, raftlog=Memoized:s4@group-F860CA578C61-SegmentedRaftLog:OPENED:c2:last(t:2, i:2), conf=conf: {index: 1, cur=peers:[s3|localhost:15152, s4|localhost:15156, s0|localhost:15140, s1|localhost:15144, s2|localhost:15148]|listeners:[], old=null} RUNNING
  s0:   CLOSED    LEADER s0@group-F860CA578C61:t2, leader=s0, voted=s0, raftlog=Memoized:s0@group-F860CA578C61-SegmentedRaftLog:CLOSED:c2, conf=conf: {index: 1, cur=peers:[s3|localhost:15152, s4|localhost:15156, s0|localhost:15140, s1|localhost:15144, s2|localhost:15148]|listeners:[], old=null} CLOSED
  s1:  RUNNING  FOLLOWER s1@group-F860CA578C61:t1, leader=null, voted=null, raftlog=Memoized:s1@group-F860CA578C61-SegmentedRaftLog:OPENED:c-1:lastnull, conf=conf: {index: -1, cur=peers:[s3|localhost:15152, s4|localhost:15156, s0|localhost:15140, s1|localhost:15144, s2|localhost:15148]|listeners:[], old=null} RUNNING
  s2:   CLOSED    LEADER s2@group-F860CA578C61:t1, leader=s2, voted=s2, raftlog=Memoized:s2@group-F860CA578C61-SegmentedRaftLog:CLOSED:c0, conf=conf: {index: 0, cur=peers:[s3|localhost:15152, s4|localhost:15156, s0|localhost:15140, s1|localhost:15144, s2|localhost:15148]|listeners:[], old=null} CLOSED
2024-10-11 15:03:29,111 [main] WARN  ratis.RaftTestUtil (RaftTestUtil.java:lambda$waitForLeader$3(126)) - Attempt #64 failed: java.lang.IllegalStateException: No leader yet : printing ALL groups
  s3:  RUNNING CANDIDATE s3@group-F860CA578C61:t2, leader=null, voted=s0, raftlog=Memoized:s3@group-F860CA578C61-SegmentedRaftLog:OPENED:c2:last(t:2, i:2), conf=conf: {index: 1, cur=peers:[s3|localhost:15152, s4|localhost:15156, s0|localhost:15140, s1|localhost:15144, s2|localhost:15148]|listeners:[], old=null} RUNNING
  s4:  RUNNING CANDIDATE s4@group-F860CA578C61:t2, leader=null, voted=s0, raftlog=Memoized:s4@group-F860CA578C61-SegmentedRaftLog:OPENED:c2:last(t:2, i:2), conf=conf: {index: 1, cur=peers:[s3|localhost:15152, s4|localhost:15156, s0|localhost:15140, s1|localhost:15144, s2|localhost:15148]|listeners:[], old=null} RUNNING
  s0:   CLOSED    LEADER s0@group-F860CA578C61:t2, leader=s0, voted=s0, raftlog=Memoized:s0@group-F860CA578C61-SegmentedRaftLog:CLOSED:c2, conf=conf: {index: 1, cur=peers:[s3|localhost:15152, s4|localhost:15156, s0|localhost:15140, s1|localhost:15144, s2|localhost:15148]|listeners:[], old=null} CLOSED
  s1:  RUNNING  FOLLOWER s1@group-F860CA578C61:t1, leader=null, voted=null, raftlog=Memoized:s1@group-F860CA578C61-SegmentedRaftLog:OPENED:c-1:lastnull, conf=conf: {index: -1, cur=peers:[s3|localhost:15152, s4|localhost:15156, s0|localhost:15140, s1|localhost:15144, s2|localhost:15148]|listeners:[], old=null} RUNNING
  s2:   CLOSED    LEADER s2@group-F860CA578C61:t1, leader=s2, voted=s2, raftlog=Memoized:s2@group-F860CA578C61-SegmentedRaftLog:CLOSED:c0, conf=conf: {index: 0, cur=peers:[s3|localhost:15152, s4|localhost:15156, s0|localhost:15140, s1|localhost:15144, s2|localhost:15148]|listeners:[], old=null} CLOSED
2024-10-11 15:03:29,150 [s4@group-F860CA578C61-LeaderElection19] INFO  impl.LeaderElection (LeaderElection.java:logAndReturn(90)) - s4@group-F860CA578C61-LeaderElection19: PRE_VOTE TIMEOUT received 1 response(s) and 2 exception(s):
2024-10-11 15:03:29,150 [s4@group-F860CA578C61-LeaderElection19] INFO  impl.LeaderElection (LeaderElection.java:logAndReturn(94)) -   Response 0: s4<-s3#0:OK-t2
2024-10-11 15:03:29,150 [s4@group-F860CA578C61-LeaderElection19] INFO  impl.LeaderElection (LogUtils.java:infoOrTrace(136)) -   Exception 1: java.util.concurrent.ExecutionException: org.apache.ratis.thirdparty.io.netty.channel.AbstractChannel$AnnotatedConnectException: finishConnect(..) failed: Connection refused: localhost/127.0.0.1:15140
2024-10-11 15:03:29,150 [s4@group-F860CA578C61-LeaderElection19] INFO  impl.LeaderElection (LogUtils.java:infoOrTrace(136)) -   Exception 2: java.util.concurrent.ExecutionException: org.apache.ratis.thirdparty.io.netty.channel.AbstractChannel$AnnotatedConnectException: finishConnect(..) failed: Connection refused: localhost/127.0.0.1:15148
2024-10-11 15:03:29,150 [s4@group-F860CA578C61-LeaderElection19] INFO  impl.LeaderElection (LeaderElection.java:askForVotes(339)) - s4@group-F860CA578C61-LeaderElection19 PRE_VOTE round 127: result TIMEOUT
2024-10-11 15:03:29,150 [s4@group-F860CA578C61-LeaderElection19] INFO  impl.LeaderElection (LeaderElection.java:askForVotes(337)) - s4@group-F860CA578C61-LeaderElection19 PRE_VOTE round 128: submit vote requests at term 2 for conf: {index: 1, cur=peers:[s3|localhost:15152, s4|localhost:15156, s0|localhost:15140, s1|localhost:15144, s2|localhost:15148]|listeners:[], old=null}
2024-10-11 15:03:29,151 [NettyRpcService-workerGroup--thread3] INFO  server.RaftServer$Division (RaftServerImpl.java:requestVote(1443)) - s3@group-F860CA578C61: receive requestVote(PRE_VOTE, s4, group-F860CA578C61, 2, (t:2, i:2))
2024-10-11 15:03:29,151 [NettyRpcService-workerGroup--thread3] INFO  impl.VoteContext (VoteContext.java:log(49)) - s3@group-F860CA578C61-CANDIDATE: accept PRE_VOTE from s4: our priority 0 <= candidate's priority 0
2024-10-11 15:03:29,151 [NettyRpcService-workerGroup--thread3] INFO  server.RaftServer$Division (RaftServerImpl.java:requestVote(1476)) - s3@group-F860CA578C61 replies to PRE_VOTE vote request: s4<-s3#0:OK-t2. Peer's state: s3@group-F860CA578C61:t2, leader=null, voted=s0, raftlog=Memoized:s3@group-F860CA578C61-SegmentedRaftLog:OPENED:c2:last(t:2, i:2), conf=conf: {index: 1, cur=peers:[s3|localhost:15152, s4|localhost:15156, s0|localhost:15140, s1|localhost:15144, s2|localhost:15148]|listeners:[], old=null}
2024-10-11 15:03:29,152 [s4@group-F860CA578C61-LeaderElection19] INFO  impl.LeaderElection (LogUtils.java:infoOrTrace(136)) - s4@group-F860CA578C61-LeaderElection19 got exception when requesting votes: java.util.concurrent.ExecutionException: org.apache.ratis.thirdparty.io.netty.channel.AbstractChannel$AnnotatedConnectException: finishConnect(..) failed: Connection refused: localhost/127.0.0.1:15140
2024-10-11 15:03:29,152 [s4@group-F860CA578C61-LeaderElection19] INFO  impl.LeaderElection (LogUtils.java:infoOrTrace(136)) - s4@group-F860CA578C61-LeaderElection19 got exception when requesting votes: java.util.concurrent.ExecutionException: org.apache.ratis.thirdparty.io.netty.channel.AbstractChannel$AnnotatedConnectException: finishConnect(..) failed: Connection refused: localhost/127.0.0.1:15148
2024-10-11 15:03:29,195 [s3@group-F860CA578C61-LeaderElection20] INFO  impl.LeaderElection (LeaderElection.java:logAndReturn(90)) - s3@group-F860CA578C61-LeaderElection20: PRE_VOTE TIMEOUT received 1 response(s) and 2 exception(s):
2024-10-11 15:03:29,196 [s3@group-F860CA578C61-LeaderElection20] INFO  impl.LeaderElection (LeaderElection.java:logAndReturn(94)) -   Response 0: s3<-s4#0:OK-t2
2024-10-11 15:03:29,196 [s3@group-F860CA578C61-LeaderElection20] INFO  impl.LeaderElection (LogUtils.java:infoOrTrace(136)) -   Exception 1: java.util.concurrent.ExecutionException: org.apache.ratis.thirdparty.io.netty.channel.AbstractChannel$AnnotatedConnectException: finishConnect(..) failed: Connection refused: localhost/127.0.0.1:15140
2024-10-11 15:03:29,196 [s3@group-F860CA578C61-LeaderElection20] INFO  impl.LeaderElection (LogUtils.java:infoOrTrace(136)) -   Exception 2: java.util.concurrent.ExecutionException: org.apache.ratis.thirdparty.io.netty.channel.AbstractChannel$AnnotatedConnectException: finishConnect(..) failed: Connection refused: localhost/127.0.0.1:15148
2024-10-11 15:03:29,196 [s3@group-F860CA578C61-LeaderElection20] INFO  impl.LeaderElection (LeaderElection.java:askForVotes(339)) - s3@group-F860CA578C61-LeaderElection20 PRE_VOTE round 118: result TIMEOUT
2024-10-11 15:03:29,196 [s3@group-F860CA578C61-LeaderElection20] INFO  impl.LeaderElection (LeaderElection.java:askForVotes(337)) - s3@group-F860CA578C61-LeaderElection20 PRE_VOTE round 119: submit vote requests at term 2 for conf: {index: 1, cur=peers:[s3|localhost:15152, s4|localhost:15156, s0|localhost:15140, s1|localhost:15144, s2|localhost:15148]|listeners:[], old=null}
2024-10-11 15:03:29,196 [NettyRpcService-workerGroup--thread3] INFO  server.RaftServer$Division (RaftServerImpl.java:requestVote(1443)) - s4@group-F860CA578C61: receive requestVote(PRE_VOTE, s3, group-F860CA578C61, 2, (t:2, i:2))
2024-10-11 15:03:29,197 [NettyRpcService-workerGroup--thread3] INFO  impl.VoteContext (VoteContext.java:log(49)) - s4@group-F860CA578C61-CANDIDATE: accept PRE_VOTE from s3: our priority 0 <= candidate's priority 0
2024-10-11 15:03:29,197 [NettyRpcService-workerGroup--thread3] INFO  server.RaftServer$Division (RaftServerImpl.java:requestVote(1476)) - s4@group-F860CA578C61 replies to PRE_VOTE vote request: s3<-s4#0:OK-t2. Peer's state: s4@group-F860CA578C61:t2, leader=null, voted=s0, raftlog=Memoized:s4@group-F860CA578C61-SegmentedRaftLog:OPENED:c2:last(t:2, i:2), conf=conf: {index: 1, cur=peers:[s3|localhost:15152, s4|localhost:15156, s0|localhost:15140, s1|localhost:15144, s2|localhost:15148]|listeners:[], old=null}
2024-10-11 15:03:29,197 [s3@group-F860CA578C61-LeaderElection20] INFO  impl.LeaderElection (LogUtils.java:infoOrTrace(136)) - s3@group-F860CA578C61-LeaderElection20 got exception when requesting votes: java.util.concurrent.ExecutionException: org.apache.ratis.thirdparty.io.netty.channel.AbstractChannel$AnnotatedConnectException: finishConnect(..) failed: Connection refused: localhost/127.0.0.1:15140
2024-10-11 15:03:29,197 [s3@group-F860CA578C61-LeaderElection20] INFO  impl.LeaderElection (LogUtils.java:infoOrTrace(136)) - s3@group-F860CA578C61-LeaderElection20 got exception when requesting votes: java.util.concurrent.ExecutionException: org.apache.ratis.thirdparty.io.netty.channel.AbstractChannel$AnnotatedConnectException: finishConnect(..) failed: Connection refused: localhost/127.0.0.1:15148
2024-10-11 15:03:29,353 [s4@group-F860CA578C61-LeaderElection19] INFO  impl.LeaderElection (LeaderElection.java:logAndReturn(90)) - s4@group-F860CA578C61-LeaderElection19: PRE_VOTE TIMEOUT received 1 response(s) and 2 exception(s):
2024-10-11 15:03:29,353 [s4@group-F860CA578C61-LeaderElection19] INFO  impl.LeaderElection (LeaderElection.java:logAndReturn(94)) -   Response 0: s4<-s3#0:OK-t2
2024-10-11 15:03:29,353 [s4@group-F860CA578C61-LeaderElection19] INFO  impl.LeaderElection (LogUtils.java:infoOrTrace(136)) -   Exception 1: java.util.concurrent.ExecutionException: org.apache.ratis.thirdparty.io.netty.channel.AbstractChannel$AnnotatedConnectException: finishConnect(..) failed: Connection refused: localhost/127.0.0.1:15140
2024-10-11 15:03:29,353 [s4@group-F860CA578C61-LeaderElection19] INFO  impl.LeaderElection (LogUtils.java:infoOrTrace(136)) -   Exception 2: java.util.concurrent.ExecutionException: org.apache.ratis.thirdparty.io.netty.channel.AbstractChannel$AnnotatedConnectException: finishConnect(..) failed: Connection refused: localhost/127.0.0.1:15148
2024-10-11 15:03:29,353 [s4@group-F860CA578C61-LeaderElection19] INFO  impl.LeaderElection (LeaderElection.java:askForVotes(339)) - s4@group-F860CA578C61-LeaderElection19 PRE_VOTE round 128: result TIMEOUT
2024-10-11 15:03:29,353 [s4@group-F860CA578C61-LeaderElection19] INFO  impl.LeaderElection (LeaderElection.java:askForVotes(337)) - s4@group-F860CA578C61-LeaderElection19 PRE_VOTE round 129: submit vote requests at term 2 for conf: {index: 1, cur=peers:[s3|localhost:15152, s4|localhost:15156, s0|localhost:15140, s1|localhost:15144, s2|localhost:15148]|listeners:[], old=null}
2024-10-11 15:03:29,354 [NettyRpcService-workerGroup--thread3] INFO  server.RaftServer$Division (RaftServerImpl.java:requestVote(1443)) - s3@group-F860CA578C61: receive requestVote(PRE_VOTE, s4, group-F860CA578C61, 2, (t:2, i:2))
2024-10-11 15:03:29,354 [NettyRpcService-workerGroup--thread3] INFO  impl.VoteContext (VoteContext.java:log(49)) - s3@group-F860CA578C61-CANDIDATE: accept PRE_VOTE from s4: our priority 0 <= candidate's priority 0
2024-10-11 15:03:29,354 [s4@group-F860CA578C61-LeaderElection19] INFO  impl.LeaderElection (LogUtils.java:infoOrTrace(136)) - s4@group-F860CA578C61-LeaderElection19 got exception when requesting votes: java.util.concurrent.ExecutionException: org.apache.ratis.thirdparty.io.netty.channel.AbstractChannel$AnnotatedConnectException: finishConnect(..) failed: Connection refused: localhost/127.0.0.1:15148
2024-10-11 15:03:29,354 [NettyRpcService-workerGroup--thread3] INFO  server.RaftServer$Division (RaftServerImpl.java:requestVote(1476)) - s3@group-F860CA578C61 replies to PRE_VOTE vote request: s4<-s3#0:OK-t2. Peer's state: s3@group-F860CA578C61:t2, leader=null, voted=s0, raftlog=Memoized:s3@group-F860CA578C61-SegmentedRaftLog:OPENED:c2:last(t:2, i:2), conf=conf: {index: 1, cur=peers:[s3|localhost:15152, s4|localhost:15156, s0|localhost:15140, s1|localhost:15144, s2|localhost:15148]|listeners:[], old=null}
2024-10-11 15:03:29,354 [s4@group-F860CA578C61-LeaderElection19] INFO  impl.LeaderElection (LogUtils.java:infoOrTrace(136)) - s4@group-F860CA578C61-LeaderElection19 got exception when requesting votes: java.util.concurrent.ExecutionException: org.apache.ratis.thirdparty.io.netty.channel.AbstractChannel$AnnotatedConnectException: finishConnect(..) failed: Connection refused: localhost/127.0.0.1:15140
2024-10-11 15:03:29,379 [s3@group-F860CA578C61-LeaderElection20] INFO  impl.LeaderElection (LeaderElection.java:logAndReturn(90)) - s3@group-F860CA578C61-LeaderElection20: PRE_VOTE TIMEOUT received 1 response(s) and 2 exception(s):
2024-10-11 15:03:29,380 [s3@group-F860CA578C61-LeaderElection20] INFO  impl.LeaderElection (LeaderElection.java:logAndReturn(94)) -   Response 0: s3<-s4#0:OK-t2
2024-10-11 15:03:29,380 [s3@group-F860CA578C61-LeaderElection20] INFO  impl.LeaderElection (LogUtils.java:infoOrTrace(136)) -   Exception 1: java.util.concurrent.ExecutionException: org.apache.ratis.thirdparty.io.netty.channel.AbstractChannel$AnnotatedConnectException: finishConnect(..) failed: Connection refused: localhost/127.0.0.1:15140
2024-10-11 15:03:29,380 [s3@group-F860CA578C61-LeaderElection20] INFO  impl.LeaderElection (LogUtils.java:infoOrTrace(136)) -   Exception 2: java.util.concurrent.ExecutionException: org.apache.ratis.thirdparty.io.netty.channel.AbstractChannel$AnnotatedConnectException: finishConnect(..) failed: Connection refused: localhost/127.0.0.1:15148
2024-10-11 15:03:29,380 [s3@group-F860CA578C61-LeaderElection20] INFO  impl.LeaderElection (LeaderElection.java:askForVotes(339)) - s3@group-F860CA578C61-LeaderElection20 PRE_VOTE round 119: result TIMEOUT
2024-10-11 15:03:29,380 [s3@group-F860CA578C61-LeaderElection20] INFO  impl.LeaderElection (LeaderElection.java:askForVotes(337)) - s3@group-F860CA578C61-LeaderElection20 PRE_VOTE round 120: submit vote requests at term 2 for conf: {index: 1, cur=peers:[s3|localhost:15152, s4|localhost:15156, s0|localhost:15140, s1|localhost:15144, s2|localhost:15148]|listeners:[], old=null}
2024-10-11 15:03:29,380 [NettyRpcService-workerGroup--thread3] INFO  server.RaftServer$Division (RaftServerImpl.java:requestVote(1443)) - s4@group-F860CA578C61: receive requestVote(PRE_VOTE, s3, group-F860CA578C61, 2, (t:2, i:2))
2024-10-11 15:03:29,380 [NettyRpcService-workerGroup--thread3] INFO  impl.VoteContext (VoteContext.java:log(49)) - s4@group-F860CA578C61-CANDIDATE: accept PRE_VOTE from s3: our priority 0 <= candidate's priority 0
2024-10-11 15:03:29,380 [NettyRpcService-workerGroup--thread3] INFO  server.RaftServer$Division (RaftServerImpl.java:requestVote(1476)) - s4@group-F860CA578C61 replies to PRE_VOTE vote request: s3<-s4#0:OK-t2. Peer's state: s4@group-F860CA578C61:t2, leader=null, voted=s0, raftlog=Memoized:s4@group-F860CA578C61-SegmentedRaftLog:OPENED:c2:last(t:2, i:2), conf=conf: {index: 1, cur=peers:[s3|localhost:15152, s4|localhost:15156, s0|localhost:15140, s1|localhost:15144, s2|localhost:15148]|listeners:[], old=null}
2024-10-11 15:03:29,381 [s3@group-F860CA578C61-LeaderElection20] INFO  impl.LeaderElection (LogUtils.java:infoOrTrace(136)) - s3@group-F860CA578C61-LeaderElection20 got exception when requesting votes: java.util.concurrent.ExecutionException: org.apache.ratis.thirdparty.io.netty.channel.AbstractChannel$AnnotatedConnectException: finishConnect(..) failed: Connection refused: localhost/127.0.0.1:15140
2024-10-11 15:03:29,381 [s3@group-F860CA578C61-LeaderElection20] INFO  impl.LeaderElection (LogUtils.java:infoOrTrace(136)) - s3@group-F860CA578C61-LeaderElection20 got exception when requesting votes: java.util.concurrent.ExecutionException: org.apache.ratis.thirdparty.io.netty.channel.AbstractChannel$AnnotatedConnectException: finishConnect(..) failed: Connection refused: localhost/127.0.0.1:15148
2024-10-11 15:03:29,562 [main] WARN  ratis.RaftTestUtil (RaftTestUtil.java:lambda$waitForLeader$3(126)) - Attempt #65 failed: java.lang.IllegalStateException: No leader yet : printing ALL groups
  s3:  RUNNING CANDIDATE s3@group-F860CA578C61:t2, leader=null, voted=s0, raftlog=Memoized:s3@group-F860CA578C61-SegmentedRaftLog:OPENED:c2:last(t:2, i:2), conf=conf: {index: 1, cur=peers:[s3|localhost:15152, s4|localhost:15156, s0|localhost:15140, s1|localhost:15144, s2|localhost:15148]|listeners:[], old=null} RUNNING
  s4:  RUNNING CANDIDATE s4@group-F860CA578C61:t2, leader=null, voted=s0, raftlog=Memoized:s4@group-F860CA578C61-SegmentedRaftLog:OPENED:c2:last(t:2, i:2), conf=conf: {index: 1, cur=peers:[s3|localhost:15152, s4|localhost:15156, s0|localhost:15140, s1|localhost:15144, s2|localhost:15148]|listeners:[], old=null} RUNNING
  s0:   CLOSED    LEADER s0@group-F860CA578C61:t2, leader=s0, voted=s0, raftlog=Memoized:s0@group-F860CA578C61-SegmentedRaftLog:CLOSED:c2, conf=conf: {index: 1, cur=peers:[s3|localhost:15152, s4|localhost:15156, s0|localhost:15140, s1|localhost:15144, s2|localhost:15148]|listeners:[], old=null} CLOSED
  s1:  RUNNING  FOLLOWER s1@group-F860CA578C61:t1, leader=null, voted=null, raftlog=Memoized:s1@group-F860CA578C61-SegmentedRaftLog:OPENED:c-1:lastnull, conf=conf: {index: -1, cur=peers:[s3|localhost:15152, s4|localhost:15156, s0|localhost:15140, s1|localhost:15144, s2|localhost:15148]|listeners:[], old=null} RUNNING
  s2:   CLOSED    LEADER s2@group-F860CA578C61:t1, leader=s2, voted=s2, raftlog=Memoized:s2@group-F860CA578C61-SegmentedRaftLog:CLOSED:c0, conf=conf: {index: 0, cur=peers:[s3|localhost:15152, s4|localhost:15156, s0|localhost:15140, s1|localhost:15144, s2|localhost:15148]|listeners:[], old=null} CLOSED
2024-10-11 15:03:29,568 [s4@group-F860CA578C61-LeaderElection19] INFO  impl.LeaderElection (LeaderElection.java:logAndReturn(90)) - s4@group-F860CA578C61-LeaderElection19: PRE_VOTE TIMEOUT received 1 response(s) and 2 exception(s):
2024-10-11 15:03:29,568 [s4@group-F860CA578C61-LeaderElection19] INFO  impl.LeaderElection (LeaderElection.java:logAndReturn(94)) -   Response 0: s4<-s3#0:OK-t2
2024-10-11 15:03:29,568 [s4@group-F860CA578C61-LeaderElection19] INFO  impl.LeaderElection (LogUtils.java:infoOrTrace(136)) -   Exception 1: java.util.concurrent.ExecutionException: org.apache.ratis.thirdparty.io.netty.channel.AbstractChannel$AnnotatedConnectException: finishConnect(..) failed: Connection refused: localhost/127.0.0.1:15148
2024-10-11 15:03:29,568 [s4@group-F860CA578C61-LeaderElection19] INFO  impl.LeaderElection (LogUtils.java:infoOrTrace(136)) -   Exception 2: java.util.concurrent.ExecutionException: org.apache.ratis.thirdparty.io.netty.channel.AbstractChannel$AnnotatedConnectException: finishConnect(..) failed: Connection refused: localhost/127.0.0.1:15140
2024-10-11 15:03:29,568 [s4@group-F860CA578C61-LeaderElection19] INFO  impl.LeaderElection (LeaderElection.java:askForVotes(339)) - s4@group-F860CA578C61-LeaderElection19 PRE_VOTE round 129: result TIMEOUT
2024-10-11 15:03:29,568 [s4@group-F860CA578C61-LeaderElection19] INFO  impl.LeaderElection (LeaderElection.java:askForVotes(337)) - s4@group-F860CA578C61-LeaderElection19 PRE_VOTE round 130: submit vote requests at term 2 for conf: {index: 1, cur=peers:[s3|localhost:15152, s4|localhost:15156, s0|localhost:15140, s1|localhost:15144, s2|localhost:15148]|listeners:[], old=null}
2024-10-11 15:03:29,569 [NettyRpcService-workerGroup--thread3] INFO  server.RaftServer$Division (RaftServerImpl.java:requestVote(1443)) - s3@group-F860CA578C61: receive requestVote(PRE_VOTE, s4, group-F860CA578C61, 2, (t:2, i:2))
2024-10-11 15:03:29,569 [NettyRpcService-workerGroup--thread3] INFO  impl.VoteContext (VoteContext.java:log(49)) - s3@group-F860CA578C61-CANDIDATE: accept PRE_VOTE from s4: our priority 0 <= candidate's priority 0
2024-10-11 15:03:29,569 [NettyRpcService-workerGroup--thread3] INFO  server.RaftServer$Division (RaftServerImpl.java:requestVote(1476)) - s3@group-F860CA578C61 replies to PRE_VOTE vote request: s4<-s3#0:OK-t2. Peer's state: s3@group-F860CA578C61:t2, leader=null, voted=s0, raftlog=Memoized:s3@group-F860CA578C61-SegmentedRaftLog:OPENED:c2:last(t:2, i:2), conf=conf: {index: 1, cur=peers:[s3|localhost:15152, s4|localhost:15156, s0|localhost:15140, s1|localhost:15144, s2|localhost:15148]|listeners:[], old=null}
2024-10-11 15:03:29,569 [s4@group-F860CA578C61-LeaderElection19] INFO  impl.LeaderElection (LogUtils.java:infoOrTrace(136)) - s4@group-F860CA578C61-LeaderElection19 got exception when requesting votes: java.util.concurrent.ExecutionException: org.apache.ratis.thirdparty.io.netty.channel.AbstractChannel$AnnotatedConnectException: finishConnect(..) failed: Connection refused: localhost/127.0.0.1:15148
2024-10-11 15:03:29,569 [s4@group-F860CA578C61-LeaderElection19] INFO  impl.LeaderElection (LogUtils.java:infoOrTrace(136)) - s4@group-F860CA578C61-LeaderElection19 got exception when requesting votes: java.util.concurrent.ExecutionException: org.apache.ratis.thirdparty.io.netty.channel.AbstractChannel$AnnotatedConnectException: finishConnect(..) failed: Connection refused: localhost/127.0.0.1:15140
2024-10-11 15:03:29,643 [s3@group-F860CA578C61-LeaderElection20] INFO  impl.LeaderElection (LeaderElection.java:logAndReturn(90)) - s3@group-F860CA578C61-LeaderElection20: PRE_VOTE TIMEOUT received 1 response(s) and 2 exception(s):
2024-10-11 15:03:29,643 [s3@group-F860CA578C61-LeaderElection20] INFO  impl.LeaderElection (LeaderElection.java:logAndReturn(94)) -   Response 0: s3<-s4#0:OK-t2
2024-10-11 15:03:29,644 [s3@group-F860CA578C61-LeaderElection20] INFO  impl.LeaderElection (LogUtils.java:infoOrTrace(136)) -   Exception 1: java.util.concurrent.ExecutionException: org.apache.ratis.thirdparty.io.netty.channel.AbstractChannel$AnnotatedConnectException: finishConnect(..) failed: Connection refused: localhost/127.0.0.1:15140
2024-10-11 15:03:29,644 [s3@group-F860CA578C61-LeaderElection20] INFO  impl.LeaderElection (LogUtils.java:infoOrTrace(136)) -   Exception 2: java.util.concurrent.ExecutionException: org.apache.ratis.thirdparty.io.netty.channel.AbstractChannel$AnnotatedConnectException: finishConnect(..) failed: Connection refused: localhost/127.0.0.1:15148
2024-10-11 15:03:29,644 [s3@group-F860CA578C61-LeaderElection20] INFO  impl.LeaderElection (LeaderElection.java:askForVotes(339)) - s3@group-F860CA578C61-LeaderElection20 PRE_VOTE round 120: result TIMEOUT
2024-10-11 15:03:29,644 [s3@group-F860CA578C61-LeaderElection20] INFO  impl.LeaderElection (LeaderElection.java:askForVotes(337)) - s3@group-F860CA578C61-LeaderElection20 PRE_VOTE round 121: submit vote requests at term 2 for conf: {index: 1, cur=peers:[s3|localhost:15152, s4|localhost:15156, s0|localhost:15140, s1|localhost:15144, s2|localhost:15148]|listeners:[], old=null}
2024-10-11 15:03:29,644 [NettyRpcService-workerGroup--thread3] INFO  server.RaftServer$Division (RaftServerImpl.java:requestVote(1443)) - s4@group-F860CA578C61: receive requestVote(PRE_VOTE, s3, group-F860CA578C61, 2, (t:2, i:2))
2024-10-11 15:03:29,645 [NettyRpcService-workerGroup--thread3] INFO  impl.VoteContext (VoteContext.java:log(49)) - s4@group-F860CA578C61-CANDIDATE: accept PRE_VOTE from s3: our priority 0 <= candidate's priority 0
2024-10-11 15:03:29,645 [NettyRpcService-workerGroup--thread3] INFO  server.RaftServer$Division (RaftServerImpl.java:requestVote(1476)) - s4@group-F860CA578C61 replies to PRE_VOTE vote request: s3<-s4#0:OK-t2. Peer's state: s4@group-F860CA578C61:t2, leader=null, voted=s0, raftlog=Memoized:s4@group-F860CA578C61-SegmentedRaftLog:OPENED:c2:last(t:2, i:2), conf=conf: {index: 1, cur=peers:[s3|localhost:15152, s4|localhost:15156, s0|localhost:15140, s1|localhost:15144, s2|localhost:15148]|listeners:[], old=null}
2024-10-11 15:03:29,645 [s3@group-F860CA578C61-LeaderElection20] INFO  impl.LeaderElection (LogUtils.java:infoOrTrace(136)) - s3@group-F860CA578C61-LeaderElection20 got exception when requesting votes: java.util.concurrent.ExecutionException: org.apache.ratis.thirdparty.io.netty.channel.AbstractChannel$AnnotatedConnectException: finishConnect(..) failed: Connection refused: localhost/127.0.0.1:15140
2024-10-11 15:03:29,645 [s3@group-F860CA578C61-LeaderElection20] INFO  impl.LeaderElection (LogUtils.java:infoOrTrace(136)) - s3@group-F860CA578C61-LeaderElection20 got exception when requesting votes: java.util.concurrent.ExecutionException: org.apache.ratis.thirdparty.io.netty.channel.AbstractChannel$AnnotatedConnectException: finishConnect(..) failed: Connection refused: localhost/127.0.0.1:15148
2024-10-11 15:03:29,744 [s4@group-F860CA578C61-LeaderElection19] INFO  impl.LeaderElection (LeaderElection.java:logAndReturn(90)) - s4@group-F860CA578C61-LeaderElection19: PRE_VOTE TIMEOUT received 1 response(s) and 2 exception(s):
2024-10-11 15:03:29,744 [s4@group-F860CA578C61-LeaderElection19] INFO  impl.LeaderElection (LeaderElection.java:logAndReturn(94)) -   Response 0: s4<-s3#0:OK-t2
2024-10-11 15:03:29,744 [s4@group-F860CA578C61-LeaderElection19] INFO  impl.LeaderElection (LogUtils.java:infoOrTrace(136)) -   Exception 1: java.util.concurrent.ExecutionException: org.apache.ratis.thirdparty.io.netty.channel.AbstractChannel$AnnotatedConnectException: finishConnect(..) failed: Connection refused: localhost/127.0.0.1:15148
2024-10-11 15:03:29,744 [s4@group-F860CA578C61-LeaderElection19] INFO  impl.LeaderElection (LogUtils.java:infoOrTrace(136)) -   Exception 2: java.util.concurrent.ExecutionException: org.apache.ratis.thirdparty.io.netty.channel.AbstractChannel$AnnotatedConnectException: finishConnect(..) failed: Connection refused: localhost/127.0.0.1:15140
2024-10-11 15:03:29,744 [s4@group-F860CA578C61-LeaderElection19] INFO  impl.LeaderElection (LeaderElection.java:askForVotes(339)) - s4@group-F860CA578C61-LeaderElection19 PRE_VOTE round 130: result TIMEOUT
2024-10-11 15:03:29,744 [s4@group-F860CA578C61-LeaderElection19] INFO  impl.LeaderElection (LeaderElection.java:askForVotes(337)) - s4@group-F860CA578C61-LeaderElection19 PRE_VOTE round 131: submit vote requests at term 2 for conf: {index: 1, cur=peers:[s3|localhost:15152, s4|localhost:15156, s0|localhost:15140, s1|localhost:15144, s2|localhost:15148]|listeners:[], old=null}
2024-10-11 15:03:29,745 [NettyRpcService-workerGroup--thread3] INFO  server.RaftServer$Division (RaftServerImpl.java:requestVote(1443)) - s3@group-F860CA578C61: receive requestVote(PRE_VOTE, s4, group-F860CA578C61, 2, (t:2, i:2))
2024-10-11 15:03:29,745 [NettyRpcService-workerGroup--thread3] INFO  impl.VoteContext (VoteContext.java:log(49)) - s3@group-F860CA578C61-CANDIDATE: accept PRE_VOTE from s4: our priority 0 <= candidate's priority 0
2024-10-11 15:03:29,745 [s4@group-F860CA578C61-LeaderElection19] INFO  impl.LeaderElection (LogUtils.java:infoOrTrace(136)) - s4@group-F860CA578C61-LeaderElection19 got exception when requesting votes: java.util.concurrent.ExecutionException: org.apache.ratis.thirdparty.io.netty.channel.AbstractChannel$AnnotatedConnectException: finishConnect(..) failed: Connection refused: localhost/127.0.0.1:15148
2024-10-11 15:03:29,745 [NettyRpcService-workerGroup--thread3] INFO  server.RaftServer$Division (RaftServerImpl.java:requestVote(1476)) - s3@group-F860CA578C61 replies to PRE_VOTE vote request: s4<-s3#0:OK-t2. Peer's state: s3@group-F860CA578C61:t2, leader=null, voted=s0, raftlog=Memoized:s3@group-F860CA578C61-SegmentedRaftLog:OPENED:c2:last(t:2, i:2), conf=conf: {index: 1, cur=peers:[s3|localhost:15152, s4|localhost:15156, s0|localhost:15140, s1|localhost:15144, s2|localhost:15148]|listeners:[], old=null}
2024-10-11 15:03:29,745 [s4@group-F860CA578C61-LeaderElection19] INFO  impl.LeaderElection (LogUtils.java:infoOrTrace(136)) - s4@group-F860CA578C61-LeaderElection19 got exception when requesting votes: java.util.concurrent.ExecutionException: org.apache.ratis.thirdparty.io.netty.channel.AbstractChannel$AnnotatedConnectException: finishConnect(..) failed: Connection refused: localhost/127.0.0.1:15140
2024-10-11 15:03:29,913 [s3@group-F860CA578C61-LeaderElection20] INFO  impl.LeaderElection (LeaderElection.java:logAndReturn(90)) - s3@group-F860CA578C61-LeaderElection20: PRE_VOTE TIMEOUT received 1 response(s) and 2 exception(s):
2024-10-11 15:03:29,913 [s3@group-F860CA578C61-LeaderElection20] INFO  impl.LeaderElection (LeaderElection.java:logAndReturn(94)) -   Response 0: s3<-s4#0:OK-t2
2024-10-11 15:03:29,913 [s3@group-F860CA578C61-LeaderElection20] INFO  impl.LeaderElection (LogUtils.java:infoOrTrace(136)) -   Exception 1: java.util.concurrent.ExecutionException: org.apache.ratis.thirdparty.io.netty.channel.AbstractChannel$AnnotatedConnectException: finishConnect(..) failed: Connection refused: localhost/127.0.0.1:15140
2024-10-11 15:03:29,913 [s3@group-F860CA578C61-LeaderElection20] INFO  impl.LeaderElection (LogUtils.java:infoOrTrace(136)) -   Exception 2: java.util.concurrent.ExecutionException: org.apache.ratis.thirdparty.io.netty.channel.AbstractChannel$AnnotatedConnectException: finishConnect(..) failed: Connection refused: localhost/127.0.0.1:15148
2024-10-11 15:03:29,913 [s3@group-F860CA578C61-LeaderElection20] INFO  impl.LeaderElection (LeaderElection.java:askForVotes(339)) - s3@group-F860CA578C61-LeaderElection20 PRE_VOTE round 121: result TIMEOUT
2024-10-11 15:03:29,913 [s3@group-F860CA578C61-LeaderElection20] INFO  impl.LeaderElection (LeaderElection.java:askForVotes(337)) - s3@group-F860CA578C61-LeaderElection20 PRE_VOTE round 122: submit vote requests at term 2 for conf: {index: 1, cur=peers:[s3|localhost:15152, s4|localhost:15156, s0|localhost:15140, s1|localhost:15144, s2|localhost:15148]|listeners:[], old=null}
2024-10-11 15:03:29,914 [NettyRpcService-workerGroup--thread3] INFO  server.RaftServer$Division (RaftServerImpl.java:requestVote(1443)) - s4@group-F860CA578C61: receive requestVote(PRE_VOTE, s3, group-F860CA578C61, 2, (t:2, i:2))
2024-10-11 15:03:29,914 [NettyRpcService-workerGroup--thread3] INFO  impl.VoteContext (VoteContext.java:log(49)) - s4@group-F860CA578C61-CANDIDATE: accept PRE_VOTE from s3: our priority 0 <= candidate's priority 0
2024-10-11 15:03:29,914 [NettyRpcService-workerGroup--thread3] INFO  server.RaftServer$Division (RaftServerImpl.java:requestVote(1476)) - s4@group-F860CA578C61 replies to PRE_VOTE vote request: s3<-s4#0:OK-t2. Peer's state: s4@group-F860CA578C61:t2, leader=null, voted=s0, raftlog=Memoized:s4@group-F860CA578C61-SegmentedRaftLog:OPENED:c2:last(t:2, i:2), conf=conf: {index: 1, cur=peers:[s3|localhost:15152, s4|localhost:15156, s0|localhost:15140, s1|localhost:15144, s2|localhost:15148]|listeners:[], old=null}
2024-10-11 15:03:29,914 [s3@group-F860CA578C61-LeaderElection20] INFO  impl.LeaderElection (LogUtils.java:infoOrTrace(136)) - s3@group-F860CA578C61-LeaderElection20 got exception when requesting votes: java.util.concurrent.ExecutionException: org.apache.ratis.thirdparty.io.netty.channel.AbstractChannel$AnnotatedConnectException: finishConnect(..) failed: Connection refused: localhost/127.0.0.1:15140
2024-10-11 15:03:29,914 [s3@group-F860CA578C61-LeaderElection20] INFO  impl.LeaderElection (LogUtils.java:infoOrTrace(136)) - s3@group-F860CA578C61-LeaderElection20 got exception when requesting votes: java.util.concurrent.ExecutionException: org.apache.ratis.thirdparty.io.netty.channel.AbstractChannel$AnnotatedConnectException: finishConnect(..) failed: Connection refused: localhost/127.0.0.1:15148
2024-10-11 15:03:29,991 [s4@group-F860CA578C61-LeaderElection19] INFO  impl.LeaderElection (LeaderElection.java:logAndReturn(90)) - s4@group-F860CA578C61-LeaderElection19: PRE_VOTE TIMEOUT received 1 response(s) and 2 exception(s):
2024-10-11 15:03:29,991 [s4@group-F860CA578C61-LeaderElection19] INFO  impl.LeaderElection (LeaderElection.java:logAndReturn(94)) -   Response 0: s4<-s3#0:OK-t2
2024-10-11 15:03:29,991 [s4@group-F860CA578C61-LeaderElection19] INFO  impl.LeaderElection (LogUtils.java:infoOrTrace(136)) -   Exception 1: java.util.concurrent.ExecutionException: org.apache.ratis.thirdparty.io.netty.channel.AbstractChannel$AnnotatedConnectException: finishConnect(..) failed: Connection refused: localhost/127.0.0.1:15148
2024-10-11 15:03:29,991 [s4@group-F860CA578C61-LeaderElection19] INFO  impl.LeaderElection (LogUtils.java:infoOrTrace(136)) -   Exception 2: java.util.concurrent.ExecutionException: org.apache.ratis.thirdparty.io.netty.channel.AbstractChannel$AnnotatedConnectException: finishConnect(..) failed: Connection refused: localhost/127.0.0.1:15140
2024-10-11 15:03:29,991 [s4@group-F860CA578C61-LeaderElection19] INFO  impl.LeaderElection (LeaderElection.java:askForVotes(339)) - s4@group-F860CA578C61-LeaderElection19 PRE_VOTE round 131: result TIMEOUT
2024-10-11 15:03:29,991 [s4@group-F860CA578C61-LeaderElection19] INFO  impl.LeaderElection (LeaderElection.java:askForVotes(337)) - s4@group-F860CA578C61-LeaderElection19 PRE_VOTE round 132: submit vote requests at term 2 for conf: {index: 1, cur=peers:[s3|localhost:15152, s4|localhost:15156, s0|localhost:15140, s1|localhost:15144, s2|localhost:15148]|listeners:[], old=null}
2024-10-11 15:03:29,991 [NettyRpcService-workerGroup--thread3] INFO  server.RaftServer$Division (RaftServerImpl.java:requestVote(1443)) - s3@group-F860CA578C61: receive requestVote(PRE_VOTE, s4, group-F860CA578C61, 2, (t:2, i:2))
2024-10-11 15:03:29,992 [NettyRpcService-workerGroup--thread3] INFO  impl.VoteContext (VoteContext.java:log(49)) - s3@group-F860CA578C61-CANDIDATE: accept PRE_VOTE from s4: our priority 0 <= candidate's priority 0
2024-10-11 15:03:29,992 [NettyRpcService-workerGroup--thread3] INFO  server.RaftServer$Division (RaftServerImpl.java:requestVote(1476)) - s3@group-F860CA578C61 replies to PRE_VOTE vote request: s4<-s3#0:OK-t2. Peer's state: s3@group-F860CA578C61:t2, leader=null, voted=s0, raftlog=Memoized:s3@group-F860CA578C61-SegmentedRaftLog:OPENED:c2:last(t:2, i:2), conf=conf: {index: 1, cur=peers:[s3|localhost:15152, s4|localhost:15156, s0|localhost:15140, s1|localhost:15144, s2|localhost:15148]|listeners:[], old=null}
2024-10-11 15:03:29,992 [s4@group-F860CA578C61-LeaderElection19] INFO  impl.LeaderElection (LogUtils.java:infoOrTrace(136)) - s4@group-F860CA578C61-LeaderElection19 got exception when requesting votes: java.util.concurrent.ExecutionException: org.apache.ratis.thirdparty.io.netty.channel.AbstractChannel$AnnotatedConnectException: finishConnect(..) failed: Connection refused: localhost/127.0.0.1:15148
2024-10-11 15:03:29,992 [s4@group-F860CA578C61-LeaderElection19] INFO  impl.LeaderElection (LogUtils.java:infoOrTrace(136)) - s4@group-F860CA578C61-LeaderElection19 got exception when requesting votes: java.util.concurrent.ExecutionException: org.apache.ratis.thirdparty.io.netty.channel.AbstractChannel$AnnotatedConnectException: finishConnect(..) failed: Connection refused: localhost/127.0.0.1:15140
2024-10-11 15:03:30,012 [main] WARN  ratis.RaftTestUtil (RaftTestUtil.java:lambda$waitForLeader$3(126)) - Attempt #66 failed: java.lang.IllegalStateException: No leader yet : printing ALL groups
  s3:  RUNNING CANDIDATE s3@group-F860CA578C61:t2, leader=null, voted=s0, raftlog=Memoized:s3@group-F860CA578C61-SegmentedRaftLog:OPENED:c2:last(t:2, i:2), conf=conf: {index: 1, cur=peers:[s3|localhost:15152, s4|localhost:15156, s0|localhost:15140, s1|localhost:15144, s2|localhost:15148]|listeners:[], old=null} RUNNING
  s4:  RUNNING CANDIDATE s4@group-F860CA578C61:t2, leader=null, voted=s0, raftlog=Memoized:s4@group-F860CA578C61-SegmentedRaftLog:OPENED:c2:last(t:2, i:2), conf=conf: {index: 1, cur=peers:[s3|localhost:15152, s4|localhost:15156, s0|localhost:15140, s1|localhost:15144, s2|localhost:15148]|listeners:[], old=null} RUNNING
  s0:   CLOSED    LEADER s0@group-F860CA578C61:t2, leader=s0, voted=s0, raftlog=Memoized:s0@group-F860CA578C61-SegmentedRaftLog:CLOSED:c2, conf=conf: {index: 1, cur=peers:[s3|localhost:15152, s4|localhost:15156, s0|localhost:15140, s1|localhost:15144, s2|localhost:15148]|listeners:[], old=null} CLOSED
  s1:  RUNNING  FOLLOWER s1@group-F860CA578C61:t1, leader=null, voted=null, raftlog=Memoized:s1@group-F860CA578C61-SegmentedRaftLog:OPENED:c-1:lastnull, conf=conf: {index: -1, cur=peers:[s3|localhost:15152, s4|localhost:15156, s0|localhost:15140, s1|localhost:15144, s2|localhost:15148]|listeners:[], old=null} RUNNING
  s2:   CLOSED    LEADER s2@group-F860CA578C61:t1, leader=s2, voted=s2, raftlog=Memoized:s2@group-F860CA578C61-SegmentedRaftLog:CLOSED:c0, conf=conf: {index: 0, cur=peers:[s3|localhost:15152, s4|localhost:15156, s0|localhost:15140, s1|localhost:15144, s2|localhost:15148]|listeners:[], old=null} CLOSED
2024-10-11 15:03:30,092 [s3@group-F860CA578C61-LeaderElection20] INFO  impl.LeaderElection (LeaderElection.java:logAndReturn(90)) - s3@group-F860CA578C61-LeaderElection20: PRE_VOTE TIMEOUT received 1 response(s) and 2 exception(s):
2024-10-11 15:03:30,092 [s3@group-F860CA578C61-LeaderElection20] INFO  impl.LeaderElection (LeaderElection.java:logAndReturn(94)) -   Response 0: s3<-s4#0:OK-t2
2024-10-11 15:03:30,092 [s3@group-F860CA578C61-LeaderElection20] INFO  impl.LeaderElection (LogUtils.java:infoOrTrace(136)) -   Exception 1: java.util.concurrent.ExecutionException: org.apache.ratis.thirdparty.io.netty.channel.AbstractChannel$AnnotatedConnectException: finishConnect(..) failed: Connection refused: localhost/127.0.0.1:15140
2024-10-11 15:03:30,092 [s3@group-F860CA578C61-LeaderElection20] INFO  impl.LeaderElection (LogUtils.java:infoOrTrace(136)) -   Exception 2: java.util.concurrent.ExecutionException: org.apache.ratis.thirdparty.io.netty.channel.AbstractChannel$AnnotatedConnectException: finishConnect(..) failed: Connection refused: localhost/127.0.0.1:15148
2024-10-11 15:03:30,092 [s3@group-F860CA578C61-LeaderElection20] INFO  impl.LeaderElection (LeaderElection.java:askForVotes(339)) - s3@group-F860CA578C61-LeaderElection20 PRE_VOTE round 122: result TIMEOUT
2024-10-11 15:03:30,092 [s3@group-F860CA578C61-LeaderElection20] INFO  impl.LeaderElection (LeaderElection.java:askForVotes(337)) - s3@group-F860CA578C61-LeaderElection20 PRE_VOTE round 123: submit vote requests at term 2 for conf: {index: 1, cur=peers:[s3|localhost:15152, s4|localhost:15156, s0|localhost:15140, s1|localhost:15144, s2|localhost:15148]|listeners:[], old=null}
2024-10-11 15:03:30,093 [NettyRpcService-workerGroup--thread3] INFO  server.RaftServer$Division (RaftServerImpl.java:requestVote(1443)) - s4@group-F860CA578C61: receive requestVote(PRE_VOTE, s3, group-F860CA578C61, 2, (t:2, i:2))
2024-10-11 15:03:30,093 [NettyRpcService-workerGroup--thread3] INFO  impl.VoteContext (VoteContext.java:log(49)) - s4@group-F860CA578C61-CANDIDATE: accept PRE_VOTE from s3: our priority 0 <= candidate's priority 0
2024-10-11 15:03:30,093 [NettyRpcService-workerGroup--thread3] INFO  server.RaftServer$Division (RaftServerImpl.java:requestVote(1476)) - s4@group-F860CA578C61 replies to PRE_VOTE vote request: s3<-s4#0:OK-t2. Peer's state: s4@group-F860CA578C61:t2, leader=null, voted=s0, raftlog=Memoized:s4@group-F860CA578C61-SegmentedRaftLog:OPENED:c2:last(t:2, i:2), conf=conf: {index: 1, cur=peers:[s3|localhost:15152, s4|localhost:15156, s0|localhost:15140, s1|localhost:15144, s2|localhost:15148]|listeners:[], old=null}
2024-10-11 15:03:30,093 [s3@group-F860CA578C61-LeaderElection20] INFO  impl.LeaderElection (LogUtils.java:infoOrTrace(136)) - s3@group-F860CA578C61-LeaderElection20 got exception when requesting votes: java.util.concurrent.ExecutionException: org.apache.ratis.thirdparty.io.netty.channel.AbstractChannel$AnnotatedConnectException: finishConnect(..) failed: Connection refused: localhost/127.0.0.1:15148
2024-10-11 15:03:30,094 [s3@group-F860CA578C61-LeaderElection20] INFO  impl.LeaderElection (LogUtils.java:infoOrTrace(136)) - s3@group-F860CA578C61-LeaderElection20 got exception when requesting votes: java.util.concurrent.ExecutionException: org.apache.ratis.thirdparty.io.netty.channel.AbstractChannel$AnnotatedConnectException: finishConnect(..) failed: Connection refused: localhost/127.0.0.1:15140
2024-10-11 15:03:30,254 [s4@group-F860CA578C61-LeaderElection19] INFO  impl.LeaderElection (LeaderElection.java:logAndReturn(90)) - s4@group-F860CA578C61-LeaderElection19: PRE_VOTE TIMEOUT received 1 response(s) and 2 exception(s):
2024-10-11 15:03:30,254 [s4@group-F860CA578C61-LeaderElection19] INFO  impl.LeaderElection (LeaderElection.java:logAndReturn(94)) -   Response 0: s4<-s3#0:OK-t2
2024-10-11 15:03:30,254 [s4@group-F860CA578C61-LeaderElection19] INFO  impl.LeaderElection (LogUtils.java:infoOrTrace(136)) -   Exception 1: java.util.concurrent.ExecutionException: org.apache.ratis.thirdparty.io.netty.channel.AbstractChannel$AnnotatedConnectException: finishConnect(..) failed: Connection refused: localhost/127.0.0.1:15148
2024-10-11 15:03:30,254 [s4@group-F860CA578C61-LeaderElection19] INFO  impl.LeaderElection (LogUtils.java:infoOrTrace(136)) -   Exception 2: java.util.concurrent.ExecutionException: org.apache.ratis.thirdparty.io.netty.channel.AbstractChannel$AnnotatedConnectException: finishConnect(..) failed: Connection refused: localhost/127.0.0.1:15140
2024-10-11 15:03:30,254 [s4@group-F860CA578C61-LeaderElection19] INFO  impl.LeaderElection (LeaderElection.java:askForVotes(339)) - s4@group-F860CA578C61-LeaderElection19 PRE_VOTE round 132: result TIMEOUT
2024-10-11 15:03:30,254 [s4@group-F860CA578C61-LeaderElection19] INFO  impl.LeaderElection (LeaderElection.java:askForVotes(337)) - s4@group-F860CA578C61-LeaderElection19 PRE_VOTE round 133: submit vote requests at term 2 for conf: {index: 1, cur=peers:[s3|localhost:15152, s4|localhost:15156, s0|localhost:15140, s1|localhost:15144, s2|localhost:15148]|listeners:[], old=null}
2024-10-11 15:03:30,255 [NettyRpcService-workerGroup--thread3] INFO  server.RaftServer$Division (RaftServerImpl.java:requestVote(1443)) - s3@group-F860CA578C61: receive requestVote(PRE_VOTE, s4, group-F860CA578C61, 2, (t:2, i:2))
2024-10-11 15:03:30,255 [NettyRpcService-workerGroup--thread3] INFO  impl.VoteContext (VoteContext.java:log(49)) - s3@group-F860CA578C61-CANDIDATE: accept PRE_VOTE from s4: our priority 0 <= candidate's priority 0
2024-10-11 15:03:30,255 [s4@group-F860CA578C61-LeaderElection19] INFO  impl.LeaderElection (LogUtils.java:infoOrTrace(136)) - s4@group-F860CA578C61-LeaderElection19 got exception when requesting votes: java.util.concurrent.ExecutionException: org.apache.ratis.thirdparty.io.netty.channel.AbstractChannel$AnnotatedConnectException: finishConnect(..) failed: Connection refused: localhost/127.0.0.1:15140
2024-10-11 15:03:30,255 [NettyRpcService-workerGroup--thread3] INFO  server.RaftServer$Division (RaftServerImpl.java:requestVote(1476)) - s3@group-F860CA578C61 replies to PRE_VOTE vote request: s4<-s3#0:OK-t2. Peer's state: s3@group-F860CA578C61:t2, leader=null, voted=s0, raftlog=Memoized:s3@group-F860CA578C61-SegmentedRaftLog:OPENED:c2:last(t:2, i:2), conf=conf: {index: 1, cur=peers:[s3|localhost:15152, s4|localhost:15156, s0|localhost:15140, s1|localhost:15144, s2|localhost:15148]|listeners:[], old=null}
2024-10-11 15:03:30,255 [s4@group-F860CA578C61-LeaderElection19] INFO  impl.LeaderElection (LogUtils.java:infoOrTrace(136)) - s4@group-F860CA578C61-LeaderElection19 got exception when requesting votes: java.util.concurrent.ExecutionException: org.apache.ratis.thirdparty.io.netty.channel.AbstractChannel$AnnotatedConnectException: finishConnect(..) failed: Connection refused: localhost/127.0.0.1:15148
2024-10-11 15:03:30,302 [s3@group-F860CA578C61-LeaderElection20] INFO  impl.LeaderElection (LeaderElection.java:logAndReturn(90)) - s3@group-F860CA578C61-LeaderElection20: PRE_VOTE TIMEOUT received 1 response(s) and 2 exception(s):
2024-10-11 15:03:30,302 [s3@group-F860CA578C61-LeaderElection20] INFO  impl.LeaderElection (LeaderElection.java:logAndReturn(94)) -   Response 0: s3<-s4#0:OK-t2
2024-10-11 15:03:30,302 [s3@group-F860CA578C61-LeaderElection20] INFO  impl.LeaderElection (LogUtils.java:infoOrTrace(136)) -   Exception 1: java.util.concurrent.ExecutionException: org.apache.ratis.thirdparty.io.netty.channel.AbstractChannel$AnnotatedConnectException: finishConnect(..) failed: Connection refused: localhost/127.0.0.1:15148
2024-10-11 15:03:30,302 [s3@group-F860CA578C61-LeaderElection20] INFO  impl.LeaderElection (LogUtils.java:infoOrTrace(136)) -   Exception 2: java.util.concurrent.ExecutionException: org.apache.ratis.thirdparty.io.netty.channel.AbstractChannel$AnnotatedConnectException: finishConnect(..) failed: Connection refused: localhost/127.0.0.1:15140
2024-10-11 15:03:30,302 [s3@group-F860CA578C61-LeaderElection20] INFO  impl.LeaderElection (LeaderElection.java:askForVotes(339)) - s3@group-F860CA578C61-LeaderElection20 PRE_VOTE round 123: result TIMEOUT
2024-10-11 15:03:30,302 [s3@group-F860CA578C61-LeaderElection20] INFO  impl.LeaderElection (LeaderElection.java:askForVotes(337)) - s3@group-F860CA578C61-LeaderElection20 PRE_VOTE round 124: submit vote requests at term 2 for conf: {index: 1, cur=peers:[s3|localhost:15152, s4|localhost:15156, s0|localhost:15140, s1|localhost:15144, s2|localhost:15148]|listeners:[], old=null}
2024-10-11 15:03:30,303 [NettyRpcService-workerGroup--thread3] INFO  server.RaftServer$Division (RaftServerImpl.java:requestVote(1443)) - s4@group-F860CA578C61: receive requestVote(PRE_VOTE, s3, group-F860CA578C61, 2, (t:2, i:2))
2024-10-11 15:03:30,303 [NettyRpcService-workerGroup--thread3] INFO  impl.VoteContext (VoteContext.java:log(49)) - s4@group-F860CA578C61-CANDIDATE: accept PRE_VOTE from s3: our priority 0 <= candidate's priority 0
2024-10-11 15:03:30,303 [s3@group-F860CA578C61-LeaderElection20] INFO  impl.LeaderElection (LogUtils.java:infoOrTrace(136)) - s3@group-F860CA578C61-LeaderElection20 got exception when requesting votes: java.util.concurrent.ExecutionException: org.apache.ratis.thirdparty.io.netty.channel.AbstractChannel$AnnotatedConnectException: finishConnect(..) failed: Connection refused: localhost/127.0.0.1:15148
2024-10-11 15:03:30,303 [NettyRpcService-workerGroup--thread3] INFO  server.RaftServer$Division (RaftServerImpl.java:requestVote(1476)) - s4@group-F860CA578C61 replies to PRE_VOTE vote request: s3<-s4#0:OK-t2. Peer's state: s4@group-F860CA578C61:t2, leader=null, voted=s0, raftlog=Memoized:s4@group-F860CA578C61-SegmentedRaftLog:OPENED:c2:last(t:2, i:2), conf=conf: {index: 1, cur=peers:[s3|localhost:15152, s4|localhost:15156, s0|localhost:15140, s1|localhost:15144, s2|localhost:15148]|listeners:[], old=null}
2024-10-11 15:03:30,303 [s3@group-F860CA578C61-LeaderElection20] INFO  impl.LeaderElection (LogUtils.java:infoOrTrace(136)) - s3@group-F860CA578C61-LeaderElection20 got exception when requesting votes: java.util.concurrent.ExecutionException: org.apache.ratis.thirdparty.io.netty.channel.AbstractChannel$AnnotatedConnectException: finishConnect(..) failed: Connection refused: localhost/127.0.0.1:15140
2024-10-11 15:03:30,463 [main] WARN  ratis.RaftTestUtil (RaftTestUtil.java:lambda$waitForLeader$3(126)) - Attempt #67 failed: java.lang.IllegalStateException: No leader yet : printing ALL groups
  s3:  RUNNING CANDIDATE s3@group-F860CA578C61:t2, leader=null, voted=s0, raftlog=Memoized:s3@group-F860CA578C61-SegmentedRaftLog:OPENED:c2:last(t:2, i:2), conf=conf: {index: 1, cur=peers:[s3|localhost:15152, s4|localhost:15156, s0|localhost:15140, s1|localhost:15144, s2|localhost:15148]|listeners:[], old=null} RUNNING
  s4:  RUNNING CANDIDATE s4@group-F860CA578C61:t2, leader=null, voted=s0, raftlog=Memoized:s4@group-F860CA578C61-SegmentedRaftLog:OPENED:c2:last(t:2, i:2), conf=conf: {index: 1, cur=peers:[s3|localhost:15152, s4|localhost:15156, s0|localhost:15140, s1|localhost:15144, s2|localhost:15148]|listeners:[], old=null} RUNNING
  s0:   CLOSED    LEADER s0@group-F860CA578C61:t2, leader=s0, voted=s0, raftlog=Memoized:s0@group-F860CA578C61-SegmentedRaftLog:CLOSED:c2, conf=conf: {index: 1, cur=peers:[s3|localhost:15152, s4|localhost:15156, s0|localhost:15140, s1|localhost:15144, s2|localhost:15148]|listeners:[], old=null} CLOSED
  s1:  RUNNING  FOLLOWER s1@group-F860CA578C61:t1, leader=null, voted=null, raftlog=Memoized:s1@group-F860CA578C61-SegmentedRaftLog:OPENED:c-1:lastnull, conf=conf: {index: -1, cur=peers:[s3|localhost:15152, s4|localhost:15156, s0|localhost:15140, s1|localhost:15144, s2|localhost:15148]|listeners:[], old=null} RUNNING
  s2:   CLOSED    LEADER s2@group-F860CA578C61:t1, leader=s2, voted=s2, raftlog=Memoized:s2@group-F860CA578C61-SegmentedRaftLog:CLOSED:c0, conf=conf: {index: 0, cur=peers:[s3|localhost:15152, s4|localhost:15156, s0|localhost:15140, s1|localhost:15144, s2|localhost:15148]|listeners:[], old=null} CLOSED
2024-10-11 15:03:30,510 [s4@group-F860CA578C61-LeaderElection19] INFO  impl.LeaderElection (LeaderElection.java:logAndReturn(90)) - s4@group-F860CA578C61-LeaderElection19: PRE_VOTE TIMEOUT received 1 response(s) and 2 exception(s):
2024-10-11 15:03:30,510 [s4@group-F860CA578C61-LeaderElection19] INFO  impl.LeaderElection (LeaderElection.java:logAndReturn(94)) -   Response 0: s4<-s3#0:OK-t2
2024-10-11 15:03:30,510 [s4@group-F860CA578C61-LeaderElection19] INFO  impl.LeaderElection (LogUtils.java:infoOrTrace(136)) -   Exception 1: java.util.concurrent.ExecutionException: org.apache.ratis.thirdparty.io.netty.channel.AbstractChannel$AnnotatedConnectException: finishConnect(..) failed: Connection refused: localhost/127.0.0.1:15140
2024-10-11 15:03:30,510 [s4@group-F860CA578C61-LeaderElection19] INFO  impl.LeaderElection (LogUtils.java:infoOrTrace(136)) -   Exception 2: java.util.concurrent.ExecutionException: org.apache.ratis.thirdparty.io.netty.channel.AbstractChannel$AnnotatedConnectException: finishConnect(..) failed: Connection refused: localhost/127.0.0.1:15148
2024-10-11 15:03:30,510 [s4@group-F860CA578C61-LeaderElection19] INFO  impl.LeaderElection (LeaderElection.java:askForVotes(339)) - s4@group-F860CA578C61-LeaderElection19 PRE_VOTE round 133: result TIMEOUT
2024-10-11 15:03:30,510 [s4@group-F860CA578C61-LeaderElection19] INFO  impl.LeaderElection (LeaderElection.java:askForVotes(337)) - s4@group-F860CA578C61-LeaderElection19 PRE_VOTE round 134: submit vote requests at term 2 for conf: {index: 1, cur=peers:[s3|localhost:15152, s4|localhost:15156, s0|localhost:15140, s1|localhost:15144, s2|localhost:15148]|listeners:[], old=null}
2024-10-11 15:03:30,511 [NettyRpcService-workerGroup--thread3] INFO  server.RaftServer$Division (RaftServerImpl.java:requestVote(1443)) - s3@group-F860CA578C61: receive requestVote(PRE_VOTE, s4, group-F860CA578C61, 2, (t:2, i:2))
2024-10-11 15:03:30,511 [NettyRpcService-workerGroup--thread3] INFO  impl.VoteContext (VoteContext.java:log(49)) - s3@group-F860CA578C61-CANDIDATE: accept PRE_VOTE from s4: our priority 0 <= candidate's priority 0
2024-10-11 15:03:30,511 [NettyRpcService-workerGroup--thread3] INFO  server.RaftServer$Division (RaftServerImpl.java:requestVote(1476)) - s3@group-F860CA578C61 replies to PRE_VOTE vote request: s4<-s3#0:OK-t2. Peer's state: s3@group-F860CA578C61:t2, leader=null, voted=s0, raftlog=Memoized:s3@group-F860CA578C61-SegmentedRaftLog:OPENED:c2:last(t:2, i:2), conf=conf: {index: 1, cur=peers:[s3|localhost:15152, s4|localhost:15156, s0|localhost:15140, s1|localhost:15144, s2|localhost:15148]|listeners:[], old=null}
2024-10-11 15:03:30,511 [s4@group-F860CA578C61-LeaderElection19] INFO  impl.LeaderElection (LogUtils.java:infoOrTrace(136)) - s4@group-F860CA578C61-LeaderElection19 got exception when requesting votes: java.util.concurrent.ExecutionException: org.apache.ratis.thirdparty.io.netty.channel.AbstractChannel$AnnotatedConnectException: finishConnect(..) failed: Connection refused: localhost/127.0.0.1:15148
2024-10-11 15:03:30,511 [s4@group-F860CA578C61-LeaderElection19] INFO  impl.LeaderElection (LogUtils.java:infoOrTrace(136)) - s4@group-F860CA578C61-LeaderElection19 got exception when requesting votes: java.util.concurrent.ExecutionException: org.apache.ratis.thirdparty.io.netty.channel.AbstractChannel$AnnotatedConnectException: finishConnect(..) failed: Connection refused: localhost/127.0.0.1:15140
2024-10-11 15:03:30,538 [s3@group-F860CA578C61-LeaderElection20] INFO  impl.LeaderElection (LeaderElection.java:logAndReturn(90)) - s3@group-F860CA578C61-LeaderElection20: PRE_VOTE TIMEOUT received 1 response(s) and 2 exception(s):
2024-10-11 15:03:30,538 [s3@group-F860CA578C61-LeaderElection20] INFO  impl.LeaderElection (LeaderElection.java:logAndReturn(94)) -   Response 0: s3<-s4#0:OK-t2
2024-10-11 15:03:30,538 [s3@group-F860CA578C61-LeaderElection20] INFO  impl.LeaderElection (LogUtils.java:infoOrTrace(136)) -   Exception 1: java.util.concurrent.ExecutionException: org.apache.ratis.thirdparty.io.netty.channel.AbstractChannel$AnnotatedConnectException: finishConnect(..) failed: Connection refused: localhost/127.0.0.1:15148
2024-10-11 15:03:30,538 [s3@group-F860CA578C61-LeaderElection20] INFO  impl.LeaderElection (LogUtils.java:infoOrTrace(136)) -   Exception 2: java.util.concurrent.ExecutionException: org.apache.ratis.thirdparty.io.netty.channel.AbstractChannel$AnnotatedConnectException: finishConnect(..) failed: Connection refused: localhost/127.0.0.1:15140
2024-10-11 15:03:30,538 [s3@group-F860CA578C61-LeaderElection20] INFO  impl.LeaderElection (LeaderElection.java:askForVotes(339)) - s3@group-F860CA578C61-LeaderElection20 PRE_VOTE round 124: result TIMEOUT
2024-10-11 15:03:30,538 [s3@group-F860CA578C61-LeaderElection20] INFO  impl.LeaderElection (LeaderElection.java:askForVotes(337)) - s3@group-F860CA578C61-LeaderElection20 PRE_VOTE round 125: submit vote requests at term 2 for conf: {index: 1, cur=peers:[s3|localhost:15152, s4|localhost:15156, s0|localhost:15140, s1|localhost:15144, s2|localhost:15148]|listeners:[], old=null}
2024-10-11 15:03:30,539 [NettyRpcService-workerGroup--thread3] INFO  server.RaftServer$Division (RaftServerImpl.java:requestVote(1443)) - s4@group-F860CA578C61: receive requestVote(PRE_VOTE, s3, group-F860CA578C61, 2, (t:2, i:2))
2024-10-11 15:03:30,539 [NettyRpcService-workerGroup--thread3] INFO  impl.VoteContext (VoteContext.java:log(49)) - s4@group-F860CA578C61-CANDIDATE: accept PRE_VOTE from s3: our priority 0 <= candidate's priority 0
2024-10-11 15:03:30,539 [NettyRpcService-workerGroup--thread3] INFO  server.RaftServer$Division (RaftServerImpl.java:requestVote(1476)) - s4@group-F860CA578C61 replies to PRE_VOTE vote request: s3<-s4#0:OK-t2. Peer's state: s4@group-F860CA578C61:t2, leader=null, voted=s0, raftlog=Memoized:s4@group-F860CA578C61-SegmentedRaftLog:OPENED:c2:last(t:2, i:2), conf=conf: {index: 1, cur=peers:[s3|localhost:15152, s4|localhost:15156, s0|localhost:15140, s1|localhost:15144, s2|localhost:15148]|listeners:[], old=null}
2024-10-11 15:03:30,539 [s3@group-F860CA578C61-LeaderElection20] INFO  impl.LeaderElection (LogUtils.java:infoOrTrace(136)) - s3@group-F860CA578C61-LeaderElection20 got exception when requesting votes: java.util.concurrent.ExecutionException: org.apache.ratis.thirdparty.io.netty.channel.AbstractChannel$AnnotatedConnectException: finishConnect(..) failed: Connection refused: localhost/127.0.0.1:15140
2024-10-11 15:03:30,539 [s3@group-F860CA578C61-LeaderElection20] INFO  impl.LeaderElection (LogUtils.java:infoOrTrace(136)) - s3@group-F860CA578C61-LeaderElection20 got exception when requesting votes: java.util.concurrent.ExecutionException: org.apache.ratis.thirdparty.io.netty.channel.AbstractChannel$AnnotatedConnectException: finishConnect(..) failed: Connection refused: localhost/127.0.0.1:15148
2024-10-11 15:03:30,776 [s3@group-F860CA578C61-LeaderElection20] INFO  impl.LeaderElection (LeaderElection.java:logAndReturn(90)) - s3@group-F860CA578C61-LeaderElection20: PRE_VOTE TIMEOUT received 1 response(s) and 2 exception(s):
2024-10-11 15:03:30,776 [s3@group-F860CA578C61-LeaderElection20] INFO  impl.LeaderElection (LeaderElection.java:logAndReturn(94)) -   Response 0: s3<-s4#0:OK-t2
2024-10-11 15:03:30,776 [s3@group-F860CA578C61-LeaderElection20] INFO  impl.LeaderElection (LogUtils.java:infoOrTrace(136)) -   Exception 1: java.util.concurrent.ExecutionException: org.apache.ratis.thirdparty.io.netty.channel.AbstractChannel$AnnotatedConnectException: finishConnect(..) failed: Connection refused: localhost/127.0.0.1:15140
2024-10-11 15:03:30,776 [s3@group-F860CA578C61-LeaderElection20] INFO  impl.LeaderElection (LogUtils.java:infoOrTrace(136)) -   Exception 2: java.util.concurrent.ExecutionException: org.apache.ratis.thirdparty.io.netty.channel.AbstractChannel$AnnotatedConnectException: finishConnect(..) failed: Connection refused: localhost/127.0.0.1:15148
2024-10-11 15:03:30,776 [s3@group-F860CA578C61-LeaderElection20] INFO  impl.LeaderElection (LeaderElection.java:askForVotes(339)) - s3@group-F860CA578C61-LeaderElection20 PRE_VOTE round 125: result TIMEOUT
2024-10-11 15:03:30,776 [s3@group-F860CA578C61-LeaderElection20] INFO  impl.LeaderElection (LeaderElection.java:askForVotes(337)) - s3@group-F860CA578C61-LeaderElection20 PRE_VOTE round 126: submit vote requests at term 2 for conf: {index: 1, cur=peers:[s3|localhost:15152, s4|localhost:15156, s0|localhost:15140, s1|localhost:15144, s2|localhost:15148]|listeners:[], old=null}
2024-10-11 15:03:30,777 [NettyRpcService-workerGroup--thread3] INFO  server.RaftServer$Division (RaftServerImpl.java:requestVote(1443)) - s4@group-F860CA578C61: receive requestVote(PRE_VOTE, s3, group-F860CA578C61, 2, (t:2, i:2))
2024-10-11 15:03:30,777 [NettyRpcService-workerGroup--thread3] INFO  impl.VoteContext (VoteContext.java:log(49)) - s4@group-F860CA578C61-CANDIDATE: accept PRE_VOTE from s3: our priority 0 <= candidate's priority 0
2024-10-11 15:03:30,777 [NettyRpcService-workerGroup--thread3] INFO  server.RaftServer$Division (RaftServerImpl.java:requestVote(1476)) - s4@group-F860CA578C61 replies to PRE_VOTE vote request: s3<-s4#0:OK-t2. Peer's state: s4@group-F860CA578C61:t2, leader=null, voted=s0, raftlog=Memoized:s4@group-F860CA578C61-SegmentedRaftLog:OPENED:c2:last(t:2, i:2), conf=conf: {index: 1, cur=peers:[s3|localhost:15152, s4|localhost:15156, s0|localhost:15140, s1|localhost:15144, s2|localhost:15148]|listeners:[], old=null}
2024-10-11 15:03:30,777 [s3@group-F860CA578C61-LeaderElection20] INFO  impl.LeaderElection (LogUtils.java:infoOrTrace(136)) - s3@group-F860CA578C61-LeaderElection20 got exception when requesting votes: java.util.concurrent.ExecutionException: org.apache.ratis.thirdparty.io.netty.channel.AbstractChannel$AnnotatedConnectException: finishConnect(..) failed: Connection refused: localhost/127.0.0.1:15140
2024-10-11 15:03:30,777 [s3@group-F860CA578C61-LeaderElection20] INFO  impl.LeaderElection (LogUtils.java:infoOrTrace(136)) - s3@group-F860CA578C61-LeaderElection20 got exception when requesting votes: java.util.concurrent.ExecutionException: org.apache.ratis.thirdparty.io.netty.channel.AbstractChannel$AnnotatedConnectException: finishConnect(..) failed: Connection refused: localhost/127.0.0.1:15148
2024-10-11 15:03:30,778 [s4@group-F860CA578C61-LeaderElection19] INFO  impl.LeaderElection (LeaderElection.java:logAndReturn(90)) - s4@group-F860CA578C61-LeaderElection19: PRE_VOTE TIMEOUT received 1 response(s) and 2 exception(s):
2024-10-11 15:03:30,778 [s4@group-F860CA578C61-LeaderElection19] INFO  impl.LeaderElection (LeaderElection.java:logAndReturn(94)) -   Response 0: s4<-s3#0:OK-t2
2024-10-11 15:03:30,778 [s4@group-F860CA578C61-LeaderElection19] INFO  impl.LeaderElection (LogUtils.java:infoOrTrace(136)) -   Exception 1: java.util.concurrent.ExecutionException: org.apache.ratis.thirdparty.io.netty.channel.AbstractChannel$AnnotatedConnectException: finishConnect(..) failed: Connection refused: localhost/127.0.0.1:15148
2024-10-11 15:03:30,778 [s4@group-F860CA578C61-LeaderElection19] INFO  impl.LeaderElection (LogUtils.java:infoOrTrace(136)) -   Exception 2: java.util.concurrent.ExecutionException: org.apache.ratis.thirdparty.io.netty.channel.AbstractChannel$AnnotatedConnectException: finishConnect(..) failed: Connection refused: localhost/127.0.0.1:15140
2024-10-11 15:03:30,778 [s4@group-F860CA578C61-LeaderElection19] INFO  impl.LeaderElection (LeaderElection.java:askForVotes(339)) - s4@group-F860CA578C61-LeaderElection19 PRE_VOTE round 134: result TIMEOUT
2024-10-11 15:03:30,778 [s4@group-F860CA578C61-LeaderElection19] INFO  impl.LeaderElection (LeaderElection.java:askForVotes(337)) - s4@group-F860CA578C61-LeaderElection19 PRE_VOTE round 135: submit vote requests at term 2 for conf: {index: 1, cur=peers:[s3|localhost:15152, s4|localhost:15156, s0|localhost:15140, s1|localhost:15144, s2|localhost:15148]|listeners:[], old=null}
2024-10-11 15:03:30,778 [NettyRpcService-workerGroup--thread3] INFO  server.RaftServer$Division (RaftServerImpl.java:requestVote(1443)) - s3@group-F860CA578C61: receive requestVote(PRE_VOTE, s4, group-F860CA578C61, 2, (t:2, i:2))
2024-10-11 15:03:30,779 [NettyRpcService-workerGroup--thread3] INFO  impl.VoteContext (VoteContext.java:log(49)) - s3@group-F860CA578C61-CANDIDATE: accept PRE_VOTE from s4: our priority 0 <= candidate's priority 0
2024-10-11 15:03:30,779 [NettyRpcService-workerGroup--thread3] INFO  server.RaftServer$Division (RaftServerImpl.java:requestVote(1476)) - s3@group-F860CA578C61 replies to PRE_VOTE vote request: s4<-s3#0:OK-t2. Peer's state: s3@group-F860CA578C61:t2, leader=null, voted=s0, raftlog=Memoized:s3@group-F860CA578C61-SegmentedRaftLog:OPENED:c2:last(t:2, i:2), conf=conf: {index: 1, cur=peers:[s3|localhost:15152, s4|localhost:15156, s0|localhost:15140, s1|localhost:15144, s2|localhost:15148]|listeners:[], old=null}
2024-10-11 15:03:30,780 [s4@group-F860CA578C61-LeaderElection19] INFO  impl.LeaderElection (LogUtils.java:infoOrTrace(136)) - s4@group-F860CA578C61-LeaderElection19 got exception when requesting votes: java.util.concurrent.ExecutionException: org.apache.ratis.thirdparty.io.netty.channel.AbstractChannel$AnnotatedConnectException: finishConnect(..) failed: Connection refused: localhost/127.0.0.1:15140
2024-10-11 15:03:30,780 [s4@group-F860CA578C61-LeaderElection19] INFO  impl.LeaderElection (LogUtils.java:infoOrTrace(136)) - s4@group-F860CA578C61-LeaderElection19 got exception when requesting votes: java.util.concurrent.ExecutionException: org.apache.ratis.thirdparty.io.netty.channel.AbstractChannel$AnnotatedConnectException: finishConnect(..) failed: Connection refused: localhost/127.0.0.1:15148
2024-10-11 15:03:30,913 [main] WARN  ratis.RaftTestUtil (RaftTestUtil.java:lambda$waitForLeader$3(126)) - Attempt #68 failed: java.lang.IllegalStateException: No leader yet : printing ALL groups
  s3:  RUNNING CANDIDATE s3@group-F860CA578C61:t2, leader=null, voted=s0, raftlog=Memoized:s3@group-F860CA578C61-SegmentedRaftLog:OPENED:c2:last(t:2, i:2), conf=conf: {index: 1, cur=peers:[s3|localhost:15152, s4|localhost:15156, s0|localhost:15140, s1|localhost:15144, s2|localhost:15148]|listeners:[], old=null} RUNNING
  s4:  RUNNING CANDIDATE s4@group-F860CA578C61:t2, leader=null, voted=s0, raftlog=Memoized:s4@group-F860CA578C61-SegmentedRaftLog:OPENED:c2:last(t:2, i:2), conf=conf: {index: 1, cur=peers:[s3|localhost:15152, s4|localhost:15156, s0|localhost:15140, s1|localhost:15144, s2|localhost:15148]|listeners:[], old=null} RUNNING
  s0:   CLOSED    LEADER s0@group-F860CA578C61:t2, leader=s0, voted=s0, raftlog=Memoized:s0@group-F860CA578C61-SegmentedRaftLog:CLOSED:c2, conf=conf: {index: 1, cur=peers:[s3|localhost:15152, s4|localhost:15156, s0|localhost:15140, s1|localhost:15144, s2|localhost:15148]|listeners:[], old=null} CLOSED
  s1:  RUNNING  FOLLOWER s1@group-F860CA578C61:t1, leader=null, voted=null, raftlog=Memoized:s1@group-F860CA578C61-SegmentedRaftLog:OPENED:c-1:lastnull, conf=conf: {index: -1, cur=peers:[s3|localhost:15152, s4|localhost:15156, s0|localhost:15140, s1|localhost:15144, s2|localhost:15148]|listeners:[], old=null} RUNNING
  s2:   CLOSED    LEADER s2@group-F860CA578C61:t1, leader=s2, voted=s2, raftlog=Memoized:s2@group-F860CA578C61-SegmentedRaftLog:CLOSED:c0, conf=conf: {index: 0, cur=peers:[s3|localhost:15152, s4|localhost:15156, s0|localhost:15140, s1|localhost:15144, s2|localhost:15148]|listeners:[], old=null} CLOSED
2024-10-11 15:03:31,001 [s4@group-F860CA578C61-LeaderElection19] INFO  impl.LeaderElection (LeaderElection.java:logAndReturn(90)) - s4@group-F860CA578C61-LeaderElection19: PRE_VOTE TIMEOUT received 1 response(s) and 2 exception(s):
2024-10-11 15:03:31,001 [s4@group-F860CA578C61-LeaderElection19] INFO  impl.LeaderElection (LeaderElection.java:logAndReturn(94)) -   Response 0: s4<-s3#0:OK-t2
2024-10-11 15:03:31,001 [s4@group-F860CA578C61-LeaderElection19] INFO  impl.LeaderElection (LogUtils.java:infoOrTrace(136)) -   Exception 1: java.util.concurrent.ExecutionException: org.apache.ratis.thirdparty.io.netty.channel.AbstractChannel$AnnotatedConnectException: finishConnect(..) failed: Connection refused: localhost/127.0.0.1:15140
2024-10-11 15:03:31,001 [s4@group-F860CA578C61-LeaderElection19] INFO  impl.LeaderElection (LogUtils.java:infoOrTrace(136)) -   Exception 2: java.util.concurrent.ExecutionException: org.apache.ratis.thirdparty.io.netty.channel.AbstractChannel$AnnotatedConnectException: finishConnect(..) failed: Connection refused: localhost/127.0.0.1:15148
2024-10-11 15:03:31,002 [s4@group-F860CA578C61-LeaderElection19] INFO  impl.LeaderElection (LeaderElection.java:askForVotes(339)) - s4@group-F860CA578C61-LeaderElection19 PRE_VOTE round 135: result TIMEOUT
2024-10-11 15:03:31,002 [s4@group-F860CA578C61-LeaderElection19] INFO  impl.LeaderElection (LeaderElection.java:askForVotes(337)) - s4@group-F860CA578C61-LeaderElection19 PRE_VOTE round 136: submit vote requests at term 2 for conf: {index: 1, cur=peers:[s3|localhost:15152, s4|localhost:15156, s0|localhost:15140, s1|localhost:15144, s2|localhost:15148]|listeners:[], old=null}
2024-10-11 15:03:31,002 [NettyRpcService-workerGroup--thread3] INFO  server.RaftServer$Division (RaftServerImpl.java:requestVote(1443)) - s3@group-F860CA578C61: receive requestVote(PRE_VOTE, s4, group-F860CA578C61, 2, (t:2, i:2))
2024-10-11 15:03:31,003 [NettyRpcService-workerGroup--thread3] INFO  impl.VoteContext (VoteContext.java:log(49)) - s3@group-F860CA578C61-CANDIDATE: accept PRE_VOTE from s4: our priority 0 <= candidate's priority 0
2024-10-11 15:03:31,003 [NettyRpcService-workerGroup--thread3] INFO  server.RaftServer$Division (RaftServerImpl.java:requestVote(1476)) - s3@group-F860CA578C61 replies to PRE_VOTE vote request: s4<-s3#0:OK-t2. Peer's state: s3@group-F860CA578C61:t2, leader=null, voted=s0, raftlog=Memoized:s3@group-F860CA578C61-SegmentedRaftLog:OPENED:c2:last(t:2, i:2), conf=conf: {index: 1, cur=peers:[s3|localhost:15152, s4|localhost:15156, s0|localhost:15140, s1|localhost:15144, s2|localhost:15148]|listeners:[], old=null}
2024-10-11 15:03:31,003 [s4@group-F860CA578C61-LeaderElection19] INFO  impl.LeaderElection (LogUtils.java:infoOrTrace(136)) - s4@group-F860CA578C61-LeaderElection19 got exception when requesting votes: java.util.concurrent.ExecutionException: org.apache.ratis.thirdparty.io.netty.channel.AbstractChannel$AnnotatedConnectException: finishConnect(..) failed: Connection refused: localhost/127.0.0.1:15148
2024-10-11 15:03:31,003 [s4@group-F860CA578C61-LeaderElection19] INFO  impl.LeaderElection (LogUtils.java:infoOrTrace(136)) - s4@group-F860CA578C61-LeaderElection19 got exception when requesting votes: java.util.concurrent.ExecutionException: org.apache.ratis.thirdparty.io.netty.channel.AbstractChannel$AnnotatedConnectException: finishConnect(..) failed: Connection refused: localhost/127.0.0.1:15140
2024-10-11 15:03:31,013 [s3@group-F860CA578C61-LeaderElection20] INFO  impl.LeaderElection (LeaderElection.java:logAndReturn(90)) - s3@group-F860CA578C61-LeaderElection20: PRE_VOTE TIMEOUT received 1 response(s) and 2 exception(s):
2024-10-11 15:03:31,013 [s3@group-F860CA578C61-LeaderElection20] INFO  impl.LeaderElection (LeaderElection.java:logAndReturn(94)) -   Response 0: s3<-s4#0:OK-t2
2024-10-11 15:03:31,013 [s3@group-F860CA578C61-LeaderElection20] INFO  impl.LeaderElection (LogUtils.java:infoOrTrace(136)) -   Exception 1: java.util.concurrent.ExecutionException: org.apache.ratis.thirdparty.io.netty.channel.AbstractChannel$AnnotatedConnectException: finishConnect(..) failed: Connection refused: localhost/127.0.0.1:15140
2024-10-11 15:03:31,013 [s3@group-F860CA578C61-LeaderElection20] INFO  impl.LeaderElection (LogUtils.java:infoOrTrace(136)) -   Exception 2: java.util.concurrent.ExecutionException: org.apache.ratis.thirdparty.io.netty.channel.AbstractChannel$AnnotatedConnectException: finishConnect(..) failed: Connection refused: localhost/127.0.0.1:15148
2024-10-11 15:03:31,013 [s3@group-F860CA578C61-LeaderElection20] INFO  impl.LeaderElection (LeaderElection.java:askForVotes(339)) - s3@group-F860CA578C61-LeaderElection20 PRE_VOTE round 126: result TIMEOUT
2024-10-11 15:03:31,013 [s3@group-F860CA578C61-LeaderElection20] INFO  impl.LeaderElection (LeaderElection.java:askForVotes(337)) - s3@group-F860CA578C61-LeaderElection20 PRE_VOTE round 127: submit vote requests at term 2 for conf: {index: 1, cur=peers:[s3|localhost:15152, s4|localhost:15156, s0|localhost:15140, s1|localhost:15144, s2|localhost:15148]|listeners:[], old=null}
2024-10-11 15:03:31,013 [NettyRpcService-workerGroup--thread3] INFO  server.RaftServer$Division (RaftServerImpl.java:requestVote(1443)) - s4@group-F860CA578C61: receive requestVote(PRE_VOTE, s3, group-F860CA578C61, 2, (t:2, i:2))
2024-10-11 15:03:31,013 [NettyRpcService-workerGroup--thread3] INFO  impl.VoteContext (VoteContext.java:log(49)) - s4@group-F860CA578C61-CANDIDATE: accept PRE_VOTE from s3: our priority 0 <= candidate's priority 0
2024-10-11 15:03:31,014 [NettyRpcService-workerGroup--thread3] INFO  server.RaftServer$Division (RaftServerImpl.java:requestVote(1476)) - s4@group-F860CA578C61 replies to PRE_VOTE vote request: s3<-s4#0:OK-t2. Peer's state: s4@group-F860CA578C61:t2, leader=null, voted=s0, raftlog=Memoized:s4@group-F860CA578C61-SegmentedRaftLog:OPENED:c2:last(t:2, i:2), conf=conf: {index: 1, cur=peers:[s3|localhost:15152, s4|localhost:15156, s0|localhost:15140, s1|localhost:15144, s2|localhost:15148]|listeners:[], old=null}
2024-10-11 15:03:31,014 [s3@group-F860CA578C61-LeaderElection20] INFO  impl.LeaderElection (LogUtils.java:infoOrTrace(136)) - s3@group-F860CA578C61-LeaderElection20 got exception when requesting votes: java.util.concurrent.ExecutionException: org.apache.ratis.thirdparty.io.netty.channel.AbstractChannel$AnnotatedConnectException: finishConnect(..) failed: Connection refused: localhost/127.0.0.1:15140
2024-10-11 15:03:31,014 [s3@group-F860CA578C61-LeaderElection20] INFO  impl.LeaderElection (LogUtils.java:infoOrTrace(136)) - s3@group-F860CA578C61-LeaderElection20 got exception when requesting votes: java.util.concurrent.ExecutionException: org.apache.ratis.thirdparty.io.netty.channel.AbstractChannel$AnnotatedConnectException: finishConnect(..) failed: Connection refused: localhost/127.0.0.1:15148
2024-10-11 15:03:31,211 [s4@group-F860CA578C61-LeaderElection19] INFO  impl.LeaderElection (LeaderElection.java:logAndReturn(90)) - s4@group-F860CA578C61-LeaderElection19: PRE_VOTE TIMEOUT received 1 response(s) and 2 exception(s):
2024-10-11 15:03:31,212 [s4@group-F860CA578C61-LeaderElection19] INFO  impl.LeaderElection (LeaderElection.java:logAndReturn(94)) -   Response 0: s4<-s3#0:OK-t2
2024-10-11 15:03:31,212 [s4@group-F860CA578C61-LeaderElection19] INFO  impl.LeaderElection (LogUtils.java:infoOrTrace(136)) -   Exception 1: java.util.concurrent.ExecutionException: org.apache.ratis.thirdparty.io.netty.channel.AbstractChannel$AnnotatedConnectException: finishConnect(..) failed: Connection refused: localhost/127.0.0.1:15148
2024-10-11 15:03:31,212 [s4@group-F860CA578C61-LeaderElection19] INFO  impl.LeaderElection (LogUtils.java:infoOrTrace(136)) -   Exception 2: java.util.concurrent.ExecutionException: org.apache.ratis.thirdparty.io.netty.channel.AbstractChannel$AnnotatedConnectException: finishConnect(..) failed: Connection refused: localhost/127.0.0.1:15140
2024-10-11 15:03:31,212 [s4@group-F860CA578C61-LeaderElection19] INFO  impl.LeaderElection (LeaderElection.java:askForVotes(339)) - s4@group-F860CA578C61-LeaderElection19 PRE_VOTE round 136: result TIMEOUT
2024-10-11 15:03:31,212 [s4@group-F860CA578C61-LeaderElection19] INFO  impl.LeaderElection (LeaderElection.java:askForVotes(337)) - s4@group-F860CA578C61-LeaderElection19 PRE_VOTE round 137: submit vote requests at term 2 for conf: {index: 1, cur=peers:[s3|localhost:15152, s4|localhost:15156, s0|localhost:15140, s1|localhost:15144, s2|localhost:15148]|listeners:[], old=null}
2024-10-11 15:03:31,213 [NettyRpcService-workerGroup--thread3] INFO  server.RaftServer$Division (RaftServerImpl.java:requestVote(1443)) - s3@group-F860CA578C61: receive requestVote(PRE_VOTE, s4, group-F860CA578C61, 2, (t:2, i:2))
2024-10-11 15:03:31,213 [NettyRpcService-workerGroup--thread3] INFO  impl.VoteContext (VoteContext.java:log(49)) - s3@group-F860CA578C61-CANDIDATE: accept PRE_VOTE from s4: our priority 0 <= candidate's priority 0
2024-10-11 15:03:31,213 [NettyRpcService-workerGroup--thread3] INFO  server.RaftServer$Division (RaftServerImpl.java:requestVote(1476)) - s3@group-F860CA578C61 replies to PRE_VOTE vote request: s4<-s3#0:OK-t2. Peer's state: s3@group-F860CA578C61:t2, leader=null, voted=s0, raftlog=Memoized:s3@group-F860CA578C61-SegmentedRaftLog:OPENED:c2:last(t:2, i:2), conf=conf: {index: 1, cur=peers:[s3|localhost:15152, s4|localhost:15156, s0|localhost:15140, s1|localhost:15144, s2|localhost:15148]|listeners:[], old=null}
2024-10-11 15:03:31,213 [s4@group-F860CA578C61-LeaderElection19] INFO  impl.LeaderElection (LogUtils.java:infoOrTrace(136)) - s4@group-F860CA578C61-LeaderElection19 got exception when requesting votes: java.util.concurrent.ExecutionException: org.apache.ratis.thirdparty.io.netty.channel.AbstractChannel$AnnotatedConnectException: finishConnect(..) failed: Connection refused: localhost/127.0.0.1:15148
2024-10-11 15:03:31,213 [s4@group-F860CA578C61-LeaderElection19] INFO  impl.LeaderElection (LogUtils.java:infoOrTrace(136)) - s4@group-F860CA578C61-LeaderElection19 got exception when requesting votes: java.util.concurrent.ExecutionException: org.apache.ratis.thirdparty.io.netty.channel.AbstractChannel$AnnotatedConnectException: finishConnect(..) failed: Connection refused: localhost/127.0.0.1:15140
2024-10-11 15:03:31,288 [s3@group-F860CA578C61-LeaderElection20] INFO  impl.LeaderElection (LeaderElection.java:logAndReturn(90)) - s3@group-F860CA578C61-LeaderElection20: PRE_VOTE TIMEOUT received 1 response(s) and 2 exception(s):
2024-10-11 15:03:31,288 [s3@group-F860CA578C61-LeaderElection20] INFO  impl.LeaderElection (LeaderElection.java:logAndReturn(94)) -   Response 0: s3<-s4#0:OK-t2
2024-10-11 15:03:31,288 [s3@group-F860CA578C61-LeaderElection20] INFO  impl.LeaderElection (LogUtils.java:infoOrTrace(136)) -   Exception 1: java.util.concurrent.ExecutionException: org.apache.ratis.thirdparty.io.netty.channel.AbstractChannel$AnnotatedConnectException: finishConnect(..) failed: Connection refused: localhost/127.0.0.1:15140
2024-10-11 15:03:31,288 [s3@group-F860CA578C61-LeaderElection20] INFO  impl.LeaderElection (LogUtils.java:infoOrTrace(136)) -   Exception 2: java.util.concurrent.ExecutionException: org.apache.ratis.thirdparty.io.netty.channel.AbstractChannel$AnnotatedConnectException: finishConnect(..) failed: Connection refused: localhost/127.0.0.1:15148
2024-10-11 15:03:31,288 [s3@group-F860CA578C61-LeaderElection20] INFO  impl.LeaderElection (LeaderElection.java:askForVotes(339)) - s3@group-F860CA578C61-LeaderElection20 PRE_VOTE round 127: result TIMEOUT
2024-10-11 15:03:31,288 [s3@group-F860CA578C61-LeaderElection20] INFO  impl.LeaderElection (LeaderElection.java:askForVotes(337)) - s3@group-F860CA578C61-LeaderElection20 PRE_VOTE round 128: submit vote requests at term 2 for conf: {index: 1, cur=peers:[s3|localhost:15152, s4|localhost:15156, s0|localhost:15140, s1|localhost:15144, s2|localhost:15148]|listeners:[], old=null}
2024-10-11 15:03:31,288 [NettyRpcService-workerGroup--thread3] INFO  server.RaftServer$Division (RaftServerImpl.java:requestVote(1443)) - s4@group-F860CA578C61: receive requestVote(PRE_VOTE, s3, group-F860CA578C61, 2, (t:2, i:2))
2024-10-11 15:03:31,288 [NettyRpcService-workerGroup--thread3] INFO  impl.VoteContext (VoteContext.java:log(49)) - s4@group-F860CA578C61-CANDIDATE: accept PRE_VOTE from s3: our priority 0 <= candidate's priority 0
2024-10-11 15:03:31,289 [NettyRpcService-workerGroup--thread3] INFO  server.RaftServer$Division (RaftServerImpl.java:requestVote(1476)) - s4@group-F860CA578C61 replies to PRE_VOTE vote request: s3<-s4#0:OK-t2. Peer's state: s4@group-F860CA578C61:t2, leader=null, voted=s0, raftlog=Memoized:s4@group-F860CA578C61-SegmentedRaftLog:OPENED:c2:last(t:2, i:2), conf=conf: {index: 1, cur=peers:[s3|localhost:15152, s4|localhost:15156, s0|localhost:15140, s1|localhost:15144, s2|localhost:15148]|listeners:[], old=null}
2024-10-11 15:03:31,289 [s3@group-F860CA578C61-LeaderElection20] INFO  impl.LeaderElection (LogUtils.java:infoOrTrace(136)) - s3@group-F860CA578C61-LeaderElection20 got exception when requesting votes: java.util.concurrent.ExecutionException: org.apache.ratis.thirdparty.io.netty.channel.AbstractChannel$AnnotatedConnectException: finishConnect(..) failed: Connection refused: localhost/127.0.0.1:15140
2024-10-11 15:03:31,289 [s3@group-F860CA578C61-LeaderElection20] INFO  impl.LeaderElection (LogUtils.java:infoOrTrace(136)) - s3@group-F860CA578C61-LeaderElection20 got exception when requesting votes: java.util.concurrent.ExecutionException: org.apache.ratis.thirdparty.io.netty.channel.AbstractChannel$AnnotatedConnectException: finishConnect(..) failed: Connection refused: localhost/127.0.0.1:15148
2024-10-11 15:03:31,364 [main] WARN  ratis.RaftTestUtil (RaftTestUtil.java:lambda$waitForLeader$3(126)) - Attempt #69 failed: java.lang.IllegalStateException: No leader yet : printing ALL groups
  s3:  RUNNING CANDIDATE s3@group-F860CA578C61:t2, leader=null, voted=s0, raftlog=Memoized:s3@group-F860CA578C61-SegmentedRaftLog:OPENED:c2:last(t:2, i:2), conf=conf: {index: 1, cur=peers:[s3|localhost:15152, s4|localhost:15156, s0|localhost:15140, s1|localhost:15144, s2|localhost:15148]|listeners:[], old=null} RUNNING
  s4:  RUNNING CANDIDATE s4@group-F860CA578C61:t2, leader=null, voted=s0, raftlog=Memoized:s4@group-F860CA578C61-SegmentedRaftLog:OPENED:c2:last(t:2, i:2), conf=conf: {index: 1, cur=peers:[s3|localhost:15152, s4|localhost:15156, s0|localhost:15140, s1|localhost:15144, s2|localhost:15148]|listeners:[], old=null} RUNNING
  s0:   CLOSED    LEADER s0@group-F860CA578C61:t2, leader=s0, voted=s0, raftlog=Memoized:s0@group-F860CA578C61-SegmentedRaftLog:CLOSED:c2, conf=conf: {index: 1, cur=peers:[s3|localhost:15152, s4|localhost:15156, s0|localhost:15140, s1|localhost:15144, s2|localhost:15148]|listeners:[], old=null} CLOSED
  s1:  RUNNING  FOLLOWER s1@group-F860CA578C61:t1, leader=null, voted=null, raftlog=Memoized:s1@group-F860CA578C61-SegmentedRaftLog:OPENED:c-1:lastnull, conf=conf: {index: -1, cur=peers:[s3|localhost:15152, s4|localhost:15156, s0|localhost:15140, s1|localhost:15144, s2|localhost:15148]|listeners:[], old=null} RUNNING
  s2:   CLOSED    LEADER s2@group-F860CA578C61:t1, leader=s2, voted=s2, raftlog=Memoized:s2@group-F860CA578C61-SegmentedRaftLog:CLOSED:c0, conf=conf: {index: 0, cur=peers:[s3|localhost:15152, s4|localhost:15156, s0|localhost:15140, s1|localhost:15144, s2|localhost:15148]|listeners:[], old=null} CLOSED
2024-10-11 15:03:31,365 [s4@group-F860CA578C61-LeaderElection19] INFO  impl.LeaderElection (LeaderElection.java:logAndReturn(90)) - s4@group-F860CA578C61-LeaderElection19: PRE_VOTE TIMEOUT received 1 response(s) and 2 exception(s):
2024-10-11 15:03:31,366 [s4@group-F860CA578C61-LeaderElection19] INFO  impl.LeaderElection (LeaderElection.java:logAndReturn(94)) -   Response 0: s4<-s3#0:OK-t2
2024-10-11 15:03:31,366 [s4@group-F860CA578C61-LeaderElection19] INFO  impl.LeaderElection (LogUtils.java:infoOrTrace(136)) -   Exception 1: java.util.concurrent.ExecutionException: org.apache.ratis.thirdparty.io.netty.channel.AbstractChannel$AnnotatedConnectException: finishConnect(..) failed: Connection refused: localhost/127.0.0.1:15148
2024-10-11 15:03:31,366 [s4@group-F860CA578C61-LeaderElection19] INFO  impl.LeaderElection (LogUtils.java:infoOrTrace(136)) -   Exception 2: java.util.concurrent.ExecutionException: org.apache.ratis.thirdparty.io.netty.channel.AbstractChannel$AnnotatedConnectException: finishConnect(..) failed: Connection refused: localhost/127.0.0.1:15140
2024-10-11 15:03:31,366 [s4@group-F860CA578C61-LeaderElection19] INFO  impl.LeaderElection (LeaderElection.java:askForVotes(339)) - s4@group-F860CA578C61-LeaderElection19 PRE_VOTE round 137: result TIMEOUT
2024-10-11 15:03:31,366 [s4@group-F860CA578C61-LeaderElection19] INFO  impl.LeaderElection (LeaderElection.java:askForVotes(337)) - s4@group-F860CA578C61-LeaderElection19 PRE_VOTE round 138: submit vote requests at term 2 for conf: {index: 1, cur=peers:[s3|localhost:15152, s4|localhost:15156, s0|localhost:15140, s1|localhost:15144, s2|localhost:15148]|listeners:[], old=null}
2024-10-11 15:03:31,366 [NettyRpcService-workerGroup--thread3] INFO  server.RaftServer$Division (RaftServerImpl.java:requestVote(1443)) - s3@group-F860CA578C61: receive requestVote(PRE_VOTE, s4, group-F860CA578C61, 2, (t:2, i:2))
2024-10-11 15:03:31,366 [NettyRpcService-workerGroup--thread3] INFO  impl.VoteContext (VoteContext.java:log(49)) - s3@group-F860CA578C61-CANDIDATE: accept PRE_VOTE from s4: our priority 0 <= candidate's priority 0
2024-10-11 15:03:31,366 [NettyRpcService-workerGroup--thread3] INFO  server.RaftServer$Division (RaftServerImpl.java:requestVote(1476)) - s3@group-F860CA578C61 replies to PRE_VOTE vote request: s4<-s3#0:OK-t2. Peer's state: s3@group-F860CA578C61:t2, leader=null, voted=s0, raftlog=Memoized:s3@group-F860CA578C61-SegmentedRaftLog:OPENED:c2:last(t:2, i:2), conf=conf: {index: 1, cur=peers:[s3|localhost:15152, s4|localhost:15156, s0|localhost:15140, s1|localhost:15144, s2|localhost:15148]|listeners:[], old=null}
2024-10-11 15:03:31,367 [s4@group-F860CA578C61-LeaderElection19] INFO  impl.LeaderElection (LogUtils.java:infoOrTrace(136)) - s4@group-F860CA578C61-LeaderElection19 got exception when requesting votes: java.util.concurrent.ExecutionException: org.apache.ratis.thirdparty.io.netty.channel.AbstractChannel$AnnotatedConnectException: finishConnect(..) failed: Connection refused: localhost/127.0.0.1:15148
2024-10-11 15:03:31,367 [s4@group-F860CA578C61-LeaderElection19] INFO  impl.LeaderElection (LogUtils.java:infoOrTrace(136)) - s4@group-F860CA578C61-LeaderElection19 got exception when requesting votes: java.util.concurrent.ExecutionException: org.apache.ratis.thirdparty.io.netty.channel.AbstractChannel$AnnotatedConnectException: finishConnect(..) failed: Connection refused: localhost/127.0.0.1:15140
2024-10-11 15:03:31,447 [s3@group-F860CA578C61-LeaderElection20] INFO  impl.LeaderElection (LeaderElection.java:logAndReturn(90)) - s3@group-F860CA578C61-LeaderElection20: PRE_VOTE TIMEOUT received 1 response(s) and 2 exception(s):
2024-10-11 15:03:31,447 [s3@group-F860CA578C61-LeaderElection20] INFO  impl.LeaderElection (LeaderElection.java:logAndReturn(94)) -   Response 0: s3<-s4#0:OK-t2
2024-10-11 15:03:31,448 [s3@group-F860CA578C61-LeaderElection20] INFO  impl.LeaderElection (LogUtils.java:infoOrTrace(136)) -   Exception 1: java.util.concurrent.ExecutionException: org.apache.ratis.thirdparty.io.netty.channel.AbstractChannel$AnnotatedConnectException: finishConnect(..) failed: Connection refused: localhost/127.0.0.1:15140
2024-10-11 15:03:31,448 [s3@group-F860CA578C61-LeaderElection20] INFO  impl.LeaderElection (LogUtils.java:infoOrTrace(136)) -   Exception 2: java.util.concurrent.ExecutionException: org.apache.ratis.thirdparty.io.netty.channel.AbstractChannel$AnnotatedConnectException: finishConnect(..) failed: Connection refused: localhost/127.0.0.1:15148
2024-10-11 15:03:31,448 [s3@group-F860CA578C61-LeaderElection20] INFO  impl.LeaderElection (LeaderElection.java:askForVotes(339)) - s3@group-F860CA578C61-LeaderElection20 PRE_VOTE round 128: result TIMEOUT
2024-10-11 15:03:31,448 [s3@group-F860CA578C61-LeaderElection20] INFO  impl.LeaderElection (LeaderElection.java:askForVotes(337)) - s3@group-F860CA578C61-LeaderElection20 PRE_VOTE round 129: submit vote requests at term 2 for conf: {index: 1, cur=peers:[s3|localhost:15152, s4|localhost:15156, s0|localhost:15140, s1|localhost:15144, s2|localhost:15148]|listeners:[], old=null}
2024-10-11 15:03:31,449 [NettyRpcService-workerGroup--thread3] INFO  server.RaftServer$Division (RaftServerImpl.java:requestVote(1443)) - s4@group-F860CA578C61: receive requestVote(PRE_VOTE, s3, group-F860CA578C61, 2, (t:2, i:2))
2024-10-11 15:03:31,449 [NettyRpcService-workerGroup--thread3] INFO  impl.VoteContext (VoteContext.java:log(49)) - s4@group-F860CA578C61-CANDIDATE: accept PRE_VOTE from s3: our priority 0 <= candidate's priority 0
2024-10-11 15:03:31,449 [NettyRpcService-workerGroup--thread3] INFO  server.RaftServer$Division (RaftServerImpl.java:requestVote(1476)) - s4@group-F860CA578C61 replies to PRE_VOTE vote request: s3<-s4#0:OK-t2. Peer's state: s4@group-F860CA578C61:t2, leader=null, voted=s0, raftlog=Memoized:s4@group-F860CA578C61-SegmentedRaftLog:OPENED:c2:last(t:2, i:2), conf=conf: {index: 1, cur=peers:[s3|localhost:15152, s4|localhost:15156, s0|localhost:15140, s1|localhost:15144, s2|localhost:15148]|listeners:[], old=null}
2024-10-11 15:03:31,449 [s3@group-F860CA578C61-LeaderElection20] INFO  impl.LeaderElection (LogUtils.java:infoOrTrace(136)) - s3@group-F860CA578C61-LeaderElection20 got exception when requesting votes: java.util.concurrent.ExecutionException: org.apache.ratis.thirdparty.io.netty.channel.AbstractChannel$AnnotatedConnectException: finishConnect(..) failed: Connection refused: localhost/127.0.0.1:15140
2024-10-11 15:03:31,449 [s3@group-F860CA578C61-LeaderElection20] INFO  impl.LeaderElection (LogUtils.java:infoOrTrace(136)) - s3@group-F860CA578C61-LeaderElection20 got exception when requesting votes: java.util.concurrent.ExecutionException: org.apache.ratis.thirdparty.io.netty.channel.AbstractChannel$AnnotatedConnectException: finishConnect(..) failed: Connection refused: localhost/127.0.0.1:15148
2024-10-11 15:03:31,567 [s4@group-F860CA578C61-LeaderElection19] INFO  impl.LeaderElection (LeaderElection.java:logAndReturn(90)) - s4@group-F860CA578C61-LeaderElection19: PRE_VOTE TIMEOUT received 1 response(s) and 2 exception(s):
2024-10-11 15:03:31,567 [s4@group-F860CA578C61-LeaderElection19] INFO  impl.LeaderElection (LeaderElection.java:logAndReturn(94)) -   Response 0: s4<-s3#0:OK-t2
2024-10-11 15:03:31,567 [s4@group-F860CA578C61-LeaderElection19] INFO  impl.LeaderElection (LogUtils.java:infoOrTrace(136)) -   Exception 1: java.util.concurrent.ExecutionException: org.apache.ratis.thirdparty.io.netty.channel.AbstractChannel$AnnotatedConnectException: finishConnect(..) failed: Connection refused: localhost/127.0.0.1:15148
2024-10-11 15:03:31,567 [s4@group-F860CA578C61-LeaderElection19] INFO  impl.LeaderElection (LogUtils.java:infoOrTrace(136)) -   Exception 2: java.util.concurrent.ExecutionException: org.apache.ratis.thirdparty.io.netty.channel.AbstractChannel$AnnotatedConnectException: finishConnect(..) failed: Connection refused: localhost/127.0.0.1:15140
2024-10-11 15:03:31,568 [s4@group-F860CA578C61-LeaderElection19] INFO  impl.LeaderElection (LeaderElection.java:askForVotes(339)) - s4@group-F860CA578C61-LeaderElection19 PRE_VOTE round 138: result TIMEOUT
2024-10-11 15:03:31,568 [s4@group-F860CA578C61-LeaderElection19] INFO  impl.LeaderElection (LeaderElection.java:askForVotes(337)) - s4@group-F860CA578C61-LeaderElection19 PRE_VOTE round 139: submit vote requests at term 2 for conf: {index: 1, cur=peers:[s3|localhost:15152, s4|localhost:15156, s0|localhost:15140, s1|localhost:15144, s2|localhost:15148]|listeners:[], old=null}
2024-10-11 15:03:31,568 [NettyRpcService-workerGroup--thread3] INFO  server.RaftServer$Division (RaftServerImpl.java:requestVote(1443)) - s3@group-F860CA578C61: receive requestVote(PRE_VOTE, s4, group-F860CA578C61, 2, (t:2, i:2))
2024-10-11 15:03:31,569 [NettyRpcService-workerGroup--thread3] INFO  impl.VoteContext (VoteContext.java:log(49)) - s3@group-F860CA578C61-CANDIDATE: accept PRE_VOTE from s4: our priority 0 <= candidate's priority 0
2024-10-11 15:03:31,569 [NettyRpcService-workerGroup--thread3] INFO  server.RaftServer$Division (RaftServerImpl.java:requestVote(1476)) - s3@group-F860CA578C61 replies to PRE_VOTE vote request: s4<-s3#0:OK-t2. Peer's state: s3@group-F860CA578C61:t2, leader=null, voted=s0, raftlog=Memoized:s3@group-F860CA578C61-SegmentedRaftLog:OPENED:c2:last(t:2, i:2), conf=conf: {index: 1, cur=peers:[s3|localhost:15152, s4|localhost:15156, s0|localhost:15140, s1|localhost:15144, s2|localhost:15148]|listeners:[], old=null}
2024-10-11 15:03:31,569 [s4@group-F860CA578C61-LeaderElection19] INFO  impl.LeaderElection (LogUtils.java:infoOrTrace(136)) - s4@group-F860CA578C61-LeaderElection19 got exception when requesting votes: java.util.concurrent.ExecutionException: org.apache.ratis.thirdparty.io.netty.channel.AbstractChannel$AnnotatedConnectException: finishConnect(..) failed: Connection refused: localhost/127.0.0.1:15140
2024-10-11 15:03:31,569 [s4@group-F860CA578C61-LeaderElection19] INFO  impl.LeaderElection (LogUtils.java:infoOrTrace(136)) - s4@group-F860CA578C61-LeaderElection19 got exception when requesting votes: java.util.concurrent.ExecutionException: org.apache.ratis.thirdparty.io.netty.channel.AbstractChannel$AnnotatedConnectException: finishConnect(..) failed: Connection refused: localhost/127.0.0.1:15148
2024-10-11 15:03:31,732 [s3@group-F860CA578C61-LeaderElection20] INFO  impl.LeaderElection (LeaderElection.java:logAndReturn(90)) - s3@group-F860CA578C61-LeaderElection20: PRE_VOTE TIMEOUT received 1 response(s) and 2 exception(s):
2024-10-11 15:03:31,732 [s3@group-F860CA578C61-LeaderElection20] INFO  impl.LeaderElection (LeaderElection.java:logAndReturn(94)) -   Response 0: s3<-s4#0:OK-t2
2024-10-11 15:03:31,732 [s3@group-F860CA578C61-LeaderElection20] INFO  impl.LeaderElection (LogUtils.java:infoOrTrace(136)) -   Exception 1: java.util.concurrent.ExecutionException: org.apache.ratis.thirdparty.io.netty.channel.AbstractChannel$AnnotatedConnectException: finishConnect(..) failed: Connection refused: localhost/127.0.0.1:15140
2024-10-11 15:03:31,732 [s3@group-F860CA578C61-LeaderElection20] INFO  impl.LeaderElection (LogUtils.java:infoOrTrace(136)) -   Exception 2: java.util.concurrent.ExecutionException: org.apache.ratis.thirdparty.io.netty.channel.AbstractChannel$AnnotatedConnectException: finishConnect(..) failed: Connection refused: localhost/127.0.0.1:15148
2024-10-11 15:03:31,732 [s3@group-F860CA578C61-LeaderElection20] INFO  impl.LeaderElection (LeaderElection.java:askForVotes(339)) - s3@group-F860CA578C61-LeaderElection20 PRE_VOTE round 129: result TIMEOUT
2024-10-11 15:03:31,732 [s3@group-F860CA578C61-LeaderElection20] INFO  impl.LeaderElection (LeaderElection.java:askForVotes(337)) - s3@group-F860CA578C61-LeaderElection20 PRE_VOTE round 130: submit vote requests at term 2 for conf: {index: 1, cur=peers:[s3|localhost:15152, s4|localhost:15156, s0|localhost:15140, s1|localhost:15144, s2|localhost:15148]|listeners:[], old=null}
2024-10-11 15:03:31,732 [NettyRpcService-workerGroup--thread3] INFO  server.RaftServer$Division (RaftServerImpl.java:requestVote(1443)) - s4@group-F860CA578C61: receive requestVote(PRE_VOTE, s3, group-F860CA578C61, 2, (t:2, i:2))
2024-10-11 15:03:31,733 [NettyRpcService-workerGroup--thread3] INFO  impl.VoteContext (VoteContext.java:log(49)) - s4@group-F860CA578C61-CANDIDATE: accept PRE_VOTE from s3: our priority 0 <= candidate's priority 0
2024-10-11 15:03:31,733 [s3@group-F860CA578C61-LeaderElection20] INFO  impl.LeaderElection (LogUtils.java:infoOrTrace(136)) - s3@group-F860CA578C61-LeaderElection20 got exception when requesting votes: java.util.concurrent.ExecutionException: org.apache.ratis.thirdparty.io.netty.channel.AbstractChannel$AnnotatedConnectException: finishConnect(..) failed: Connection refused: localhost/127.0.0.1:15140
2024-10-11 15:03:31,733 [NettyRpcService-workerGroup--thread3] INFO  server.RaftServer$Division (RaftServerImpl.java:requestVote(1476)) - s4@group-F860CA578C61 replies to PRE_VOTE vote request: s3<-s4#0:OK-t2. Peer's state: s4@group-F860CA578C61:t2, leader=null, voted=s0, raftlog=Memoized:s4@group-F860CA578C61-SegmentedRaftLog:OPENED:c2:last(t:2, i:2), conf=conf: {index: 1, cur=peers:[s3|localhost:15152, s4|localhost:15156, s0|localhost:15140, s1|localhost:15144, s2|localhost:15148]|listeners:[], old=null}
2024-10-11 15:03:31,733 [s3@group-F860CA578C61-LeaderElection20] INFO  impl.LeaderElection (LogUtils.java:infoOrTrace(136)) - s3@group-F860CA578C61-LeaderElection20 got exception when requesting votes: java.util.concurrent.ExecutionException: org.apache.ratis.thirdparty.io.netty.channel.AbstractChannel$AnnotatedConnectException: finishConnect(..) failed: Connection refused: localhost/127.0.0.1:15148
2024-10-11 15:03:31,814 [main] WARN  ratis.RaftTestUtil (RaftTestUtil.java:lambda$waitForLeader$3(126)) - Attempt #70 failed: java.lang.IllegalStateException: No leader yet : printing ALL groups
  s3:  RUNNING CANDIDATE s3@group-F860CA578C61:t2, leader=null, voted=s0, raftlog=Memoized:s3@group-F860CA578C61-SegmentedRaftLog:OPENED:c2:last(t:2, i:2), conf=conf: {index: 1, cur=peers:[s3|localhost:15152, s4|localhost:15156, s0|localhost:15140, s1|localhost:15144, s2|localhost:15148]|listeners:[], old=null} RUNNING
  s4:  RUNNING CANDIDATE s4@group-F860CA578C61:t2, leader=null, voted=s0, raftlog=Memoized:s4@group-F860CA578C61-SegmentedRaftLog:OPENED:c2:last(t:2, i:2), conf=conf: {index: 1, cur=peers:[s3|localhost:15152, s4|localhost:15156, s0|localhost:15140, s1|localhost:15144, s2|localhost:15148]|listeners:[], old=null} RUNNING
  s0:   CLOSED    LEADER s0@group-F860CA578C61:t2, leader=s0, voted=s0, raftlog=Memoized:s0@group-F860CA578C61-SegmentedRaftLog:CLOSED:c2, conf=conf: {index: 1, cur=peers:[s3|localhost:15152, s4|localhost:15156, s0|localhost:15140, s1|localhost:15144, s2|localhost:15148]|listeners:[], old=null} CLOSED
  s1:  RUNNING  FOLLOWER s1@group-F860CA578C61:t1, leader=null, voted=null, raftlog=Memoized:s1@group-F860CA578C61-SegmentedRaftLog:OPENED:c-1:lastnull, conf=conf: {index: -1, cur=peers:[s3|localhost:15152, s4|localhost:15156, s0|localhost:15140, s1|localhost:15144, s2|localhost:15148]|listeners:[], old=null} RUNNING
  s2:   CLOSED    LEADER s2@group-F860CA578C61:t1, leader=s2, voted=s2, raftlog=Memoized:s2@group-F860CA578C61-SegmentedRaftLog:CLOSED:c0, conf=conf: {index: 0, cur=peers:[s3|localhost:15152, s4|localhost:15156, s0|localhost:15140, s1|localhost:15144, s2|localhost:15148]|listeners:[], old=null} CLOSED
2024-10-11 15:03:31,840 [s4@group-F860CA578C61-LeaderElection19] INFO  impl.LeaderElection (LeaderElection.java:logAndReturn(90)) - s4@group-F860CA578C61-LeaderElection19: PRE_VOTE TIMEOUT received 1 response(s) and 2 exception(s):
2024-10-11 15:03:31,841 [s4@group-F860CA578C61-LeaderElection19] INFO  impl.LeaderElection (LeaderElection.java:logAndReturn(94)) -   Response 0: s4<-s3#0:OK-t2
2024-10-11 15:03:31,841 [s4@group-F860CA578C61-LeaderElection19] INFO  impl.LeaderElection (LogUtils.java:infoOrTrace(136)) -   Exception 1: java.util.concurrent.ExecutionException: org.apache.ratis.thirdparty.io.netty.channel.AbstractChannel$AnnotatedConnectException: finishConnect(..) failed: Connection refused: localhost/127.0.0.1:15140
2024-10-11 15:03:31,841 [s4@group-F860CA578C61-LeaderElection19] INFO  impl.LeaderElection (LogUtils.java:infoOrTrace(136)) -   Exception 2: java.util.concurrent.ExecutionException: org.apache.ratis.thirdparty.io.netty.channel.AbstractChannel$AnnotatedConnectException: finishConnect(..) failed: Connection refused: localhost/127.0.0.1:15148
2024-10-11 15:03:31,841 [s4@group-F860CA578C61-LeaderElection19] INFO  impl.LeaderElection (LeaderElection.java:askForVotes(339)) - s4@group-F860CA578C61-LeaderElection19 PRE_VOTE round 139: result TIMEOUT
2024-10-11 15:03:31,841 [s4@group-F860CA578C61-LeaderElection19] INFO  impl.LeaderElection (LeaderElection.java:askForVotes(337)) - s4@group-F860CA578C61-LeaderElection19 PRE_VOTE round 140: submit vote requests at term 2 for conf: {index: 1, cur=peers:[s3|localhost:15152, s4|localhost:15156, s0|localhost:15140, s1|localhost:15144, s2|localhost:15148]|listeners:[], old=null}
2024-10-11 15:03:31,841 [NettyRpcService-workerGroup--thread3] INFO  server.RaftServer$Division (RaftServerImpl.java:requestVote(1443)) - s3@group-F860CA578C61: receive requestVote(PRE_VOTE, s4, group-F860CA578C61, 2, (t:2, i:2))
2024-10-11 15:03:31,841 [NettyRpcService-workerGroup--thread3] INFO  impl.VoteContext (VoteContext.java:log(49)) - s3@group-F860CA578C61-CANDIDATE: accept PRE_VOTE from s4: our priority 0 <= candidate's priority 0
2024-10-11 15:03:31,842 [NettyRpcService-workerGroup--thread3] INFO  server.RaftServer$Division (RaftServerImpl.java:requestVote(1476)) - s3@group-F860CA578C61 replies to PRE_VOTE vote request: s4<-s3#0:OK-t2. Peer's state: s3@group-F860CA578C61:t2, leader=null, voted=s0, raftlog=Memoized:s3@group-F860CA578C61-SegmentedRaftLog:OPENED:c2:last(t:2, i:2), conf=conf: {index: 1, cur=peers:[s3|localhost:15152, s4|localhost:15156, s0|localhost:15140, s1|localhost:15144, s2|localhost:15148]|listeners:[], old=null}
2024-10-11 15:03:31,842 [s4@group-F860CA578C61-LeaderElection19] INFO  impl.LeaderElection (LogUtils.java:infoOrTrace(136)) - s4@group-F860CA578C61-LeaderElection19 got exception when requesting votes: java.util.concurrent.ExecutionException: org.apache.ratis.thirdparty.io.netty.channel.AbstractChannel$AnnotatedConnectException: finishConnect(..) failed: Connection refused: localhost/127.0.0.1:15140
2024-10-11 15:03:31,842 [s4@group-F860CA578C61-LeaderElection19] INFO  impl.LeaderElection (LogUtils.java:infoOrTrace(136)) - s4@group-F860CA578C61-LeaderElection19 got exception when requesting votes: java.util.concurrent.ExecutionException: org.apache.ratis.thirdparty.io.netty.channel.AbstractChannel$AnnotatedConnectException: finishConnect(..) failed: Connection refused: localhost/127.0.0.1:15148
2024-10-11 15:03:31,936 [s3@group-F860CA578C61-LeaderElection20] INFO  impl.LeaderElection (LeaderElection.java:logAndReturn(90)) - s3@group-F860CA578C61-LeaderElection20: PRE_VOTE TIMEOUT received 1 response(s) and 2 exception(s):
2024-10-11 15:03:31,937 [s3@group-F860CA578C61-LeaderElection20] INFO  impl.LeaderElection (LeaderElection.java:logAndReturn(94)) -   Response 0: s3<-s4#0:OK-t2
2024-10-11 15:03:31,937 [s3@group-F860CA578C61-LeaderElection20] INFO  impl.LeaderElection (LogUtils.java:infoOrTrace(136)) -   Exception 1: java.util.concurrent.ExecutionException: org.apache.ratis.thirdparty.io.netty.channel.AbstractChannel$AnnotatedConnectException: finishConnect(..) failed: Connection refused: localhost/127.0.0.1:15140
2024-10-11 15:03:31,937 [s3@group-F860CA578C61-LeaderElection20] INFO  impl.LeaderElection (LogUtils.java:infoOrTrace(136)) -   Exception 2: java.util.concurrent.ExecutionException: org.apache.ratis.thirdparty.io.netty.channel.AbstractChannel$AnnotatedConnectException: finishConnect(..) failed: Connection refused: localhost/127.0.0.1:15148
2024-10-11 15:03:31,937 [s3@group-F860CA578C61-LeaderElection20] INFO  impl.LeaderElection (LeaderElection.java:askForVotes(339)) - s3@group-F860CA578C61-LeaderElection20 PRE_VOTE round 130: result TIMEOUT
2024-10-11 15:03:31,937 [s3@group-F860CA578C61-LeaderElection20] INFO  impl.LeaderElection (LeaderElection.java:askForVotes(337)) - s3@group-F860CA578C61-LeaderElection20 PRE_VOTE round 131: submit vote requests at term 2 for conf: {index: 1, cur=peers:[s3|localhost:15152, s4|localhost:15156, s0|localhost:15140, s1|localhost:15144, s2|localhost:15148]|listeners:[], old=null}
2024-10-11 15:03:31,938 [NettyRpcService-workerGroup--thread3] INFO  server.RaftServer$Division (RaftServerImpl.java:requestVote(1443)) - s4@group-F860CA578C61: receive requestVote(PRE_VOTE, s3, group-F860CA578C61, 2, (t:2, i:2))
2024-10-11 15:03:31,938 [s3@group-F860CA578C61-LeaderElection20] INFO  impl.LeaderElection (LogUtils.java:infoOrTrace(136)) - s3@group-F860CA578C61-LeaderElection20 got exception when requesting votes: java.util.concurrent.ExecutionException: org.apache.ratis.thirdparty.io.netty.channel.AbstractChannel$AnnotatedConnectException: finishConnect(..) failed: Connection refused: localhost/127.0.0.1:15148
2024-10-11 15:03:31,938 [NettyRpcService-workerGroup--thread3] INFO  impl.VoteContext (VoteContext.java:log(49)) - s4@group-F860CA578C61-CANDIDATE: accept PRE_VOTE from s3: our priority 0 <= candidate's priority 0
2024-10-11 15:03:31,938 [s3@group-F860CA578C61-LeaderElection20] INFO  impl.LeaderElection (LogUtils.java:infoOrTrace(136)) - s3@group-F860CA578C61-LeaderElection20 got exception when requesting votes: java.util.concurrent.ExecutionException: org.apache.ratis.thirdparty.io.netty.channel.AbstractChannel$AnnotatedConnectException: finishConnect(..) failed: Connection refused: localhost/127.0.0.1:15140
2024-10-11 15:03:31,938 [NettyRpcService-workerGroup--thread3] INFO  server.RaftServer$Division (RaftServerImpl.java:requestVote(1476)) - s4@group-F860CA578C61 replies to PRE_VOTE vote request: s3<-s4#0:OK-t2. Peer's state: s4@group-F860CA578C61:t2, leader=null, voted=s0, raftlog=Memoized:s4@group-F860CA578C61-SegmentedRaftLog:OPENED:c2:last(t:2, i:2), conf=conf: {index: 1, cur=peers:[s3|localhost:15152, s4|localhost:15156, s0|localhost:15140, s1|localhost:15144, s2|localhost:15148]|listeners:[], old=null}
2024-10-11 15:03:32,037 [s4@group-F860CA578C61-LeaderElection19] INFO  impl.LeaderElection (LeaderElection.java:logAndReturn(90)) - s4@group-F860CA578C61-LeaderElection19: PRE_VOTE TIMEOUT received 1 response(s) and 2 exception(s):
2024-10-11 15:03:32,038 [s4@group-F860CA578C61-LeaderElection19] INFO  impl.LeaderElection (LeaderElection.java:logAndReturn(94)) -   Response 0: s4<-s3#0:OK-t2
2024-10-11 15:03:32,038 [s4@group-F860CA578C61-LeaderElection19] INFO  impl.LeaderElection (LogUtils.java:infoOrTrace(136)) -   Exception 1: java.util.concurrent.ExecutionException: org.apache.ratis.thirdparty.io.netty.channel.AbstractChannel$AnnotatedConnectException: finishConnect(..) failed: Connection refused: localhost/127.0.0.1:15140
2024-10-11 15:03:32,038 [s4@group-F860CA578C61-LeaderElection19] INFO  impl.LeaderElection (LogUtils.java:infoOrTrace(136)) -   Exception 2: java.util.concurrent.ExecutionException: org.apache.ratis.thirdparty.io.netty.channel.AbstractChannel$AnnotatedConnectException: finishConnect(..) failed: Connection refused: localhost/127.0.0.1:15148
2024-10-11 15:03:32,038 [s4@group-F860CA578C61-LeaderElection19] INFO  impl.LeaderElection (LeaderElection.java:askForVotes(339)) - s4@group-F860CA578C61-LeaderElection19 PRE_VOTE round 140: result TIMEOUT
2024-10-11 15:03:32,038 [s4@group-F860CA578C61-LeaderElection19] INFO  impl.LeaderElection (LeaderElection.java:askForVotes(337)) - s4@group-F860CA578C61-LeaderElection19 PRE_VOTE round 141: submit vote requests at term 2 for conf: {index: 1, cur=peers:[s3|localhost:15152, s4|localhost:15156, s0|localhost:15140, s1|localhost:15144, s2|localhost:15148]|listeners:[], old=null}
2024-10-11 15:03:32,039 [NettyRpcService-workerGroup--thread3] INFO  server.RaftServer$Division (RaftServerImpl.java:requestVote(1443)) - s3@group-F860CA578C61: receive requestVote(PRE_VOTE, s4, group-F860CA578C61, 2, (t:2, i:2))
2024-10-11 15:03:32,039 [s4@group-F860CA578C61-LeaderElection19] INFO  impl.LeaderElection (LogUtils.java:infoOrTrace(136)) - s4@group-F860CA578C61-LeaderElection19 got exception when requesting votes: java.util.concurrent.ExecutionException: org.apache.ratis.thirdparty.io.netty.channel.AbstractChannel$AnnotatedConnectException: finishConnect(..) failed: Connection refused: localhost/127.0.0.1:15140
2024-10-11 15:03:32,039 [NettyRpcService-workerGroup--thread3] INFO  impl.VoteContext (VoteContext.java:log(49)) - s3@group-F860CA578C61-CANDIDATE: accept PRE_VOTE from s4: our priority 0 <= candidate's priority 0
2024-10-11 15:03:32,039 [NettyRpcService-workerGroup--thread3] INFO  server.RaftServer$Division (RaftServerImpl.java:requestVote(1476)) - s3@group-F860CA578C61 replies to PRE_VOTE vote request: s4<-s3#0:OK-t2. Peer's state: s3@group-F860CA578C61:t2, leader=null, voted=s0, raftlog=Memoized:s3@group-F860CA578C61-SegmentedRaftLog:OPENED:c2:last(t:2, i:2), conf=conf: {index: 1, cur=peers:[s3|localhost:15152, s4|localhost:15156, s0|localhost:15140, s1|localhost:15144, s2|localhost:15148]|listeners:[], old=null}
2024-10-11 15:03:32,039 [s4@group-F860CA578C61-LeaderElection19] INFO  impl.LeaderElection (LogUtils.java:infoOrTrace(136)) - s4@group-F860CA578C61-LeaderElection19 got exception when requesting votes: java.util.concurrent.ExecutionException: org.apache.ratis.thirdparty.io.netty.channel.AbstractChannel$AnnotatedConnectException: finishConnect(..) failed: Connection refused: localhost/127.0.0.1:15148
2024-10-11 15:03:32,236 [s3@group-F860CA578C61-LeaderElection20] INFO  impl.LeaderElection (LeaderElection.java:logAndReturn(90)) - s3@group-F860CA578C61-LeaderElection20: PRE_VOTE TIMEOUT received 1 response(s) and 2 exception(s):
2024-10-11 15:03:32,237 [s3@group-F860CA578C61-LeaderElection20] INFO  impl.LeaderElection (LeaderElection.java:logAndReturn(94)) -   Response 0: s3<-s4#0:OK-t2
2024-10-11 15:03:32,237 [s3@group-F860CA578C61-LeaderElection20] INFO  impl.LeaderElection (LogUtils.java:infoOrTrace(136)) -   Exception 1: java.util.concurrent.ExecutionException: org.apache.ratis.thirdparty.io.netty.channel.AbstractChannel$AnnotatedConnectException: finishConnect(..) failed: Connection refused: localhost/127.0.0.1:15148
2024-10-11 15:03:32,237 [s3@group-F860CA578C61-LeaderElection20] INFO  impl.LeaderElection (LogUtils.java:infoOrTrace(136)) -   Exception 2: java.util.concurrent.ExecutionException: org.apache.ratis.thirdparty.io.netty.channel.AbstractChannel$AnnotatedConnectException: finishConnect(..) failed: Connection refused: localhost/127.0.0.1:15140
2024-10-11 15:03:32,237 [s3@group-F860CA578C61-LeaderElection20] INFO  impl.LeaderElection (LeaderElection.java:askForVotes(339)) - s3@group-F860CA578C61-LeaderElection20 PRE_VOTE round 131: result TIMEOUT
2024-10-11 15:03:32,237 [s3@group-F860CA578C61-LeaderElection20] INFO  impl.LeaderElection (LeaderElection.java:askForVotes(337)) - s3@group-F860CA578C61-LeaderElection20 PRE_VOTE round 132: submit vote requests at term 2 for conf: {index: 1, cur=peers:[s3|localhost:15152, s4|localhost:15156, s0|localhost:15140, s1|localhost:15144, s2|localhost:15148]|listeners:[], old=null}
2024-10-11 15:03:32,237 [NettyRpcService-workerGroup--thread3] INFO  server.RaftServer$Division (RaftServerImpl.java:requestVote(1443)) - s4@group-F860CA578C61: receive requestVote(PRE_VOTE, s3, group-F860CA578C61, 2, (t:2, i:2))
2024-10-11 15:03:32,238 [NettyRpcService-workerGroup--thread3] INFO  impl.VoteContext (VoteContext.java:log(49)) - s4@group-F860CA578C61-CANDIDATE: accept PRE_VOTE from s3: our priority 0 <= candidate's priority 0
2024-10-11 15:03:32,238 [NettyRpcService-workerGroup--thread3] INFO  server.RaftServer$Division (RaftServerImpl.java:requestVote(1476)) - s4@group-F860CA578C61 replies to PRE_VOTE vote request: s3<-s4#0:OK-t2. Peer's state: s4@group-F860CA578C61:t2, leader=null, voted=s0, raftlog=Memoized:s4@group-F860CA578C61-SegmentedRaftLog:OPENED:c2:last(t:2, i:2), conf=conf: {index: 1, cur=peers:[s3|localhost:15152, s4|localhost:15156, s0|localhost:15140, s1|localhost:15144, s2|localhost:15148]|listeners:[], old=null}
2024-10-11 15:03:32,238 [s3@group-F860CA578C61-LeaderElection20] INFO  impl.LeaderElection (LogUtils.java:infoOrTrace(136)) - s3@group-F860CA578C61-LeaderElection20 got exception when requesting votes: java.util.concurrent.ExecutionException: org.apache.ratis.thirdparty.io.netty.channel.AbstractChannel$AnnotatedConnectException: finishConnect(..) failed: Connection refused: localhost/127.0.0.1:15140
2024-10-11 15:03:32,238 [s3@group-F860CA578C61-LeaderElection20] INFO  impl.LeaderElection (LogUtils.java:infoOrTrace(136)) - s3@group-F860CA578C61-LeaderElection20 got exception when requesting votes: java.util.concurrent.ExecutionException: org.apache.ratis.thirdparty.io.netty.channel.AbstractChannel$AnnotatedConnectException: finishConnect(..) failed: Connection refused: localhost/127.0.0.1:15148
2024-10-11 15:03:32,265 [main] WARN  ratis.RaftTestUtil (RaftTestUtil.java:lambda$waitForLeader$3(126)) - Attempt #71 failed: java.lang.IllegalStateException: No leader yet : printing ALL groups
  s3:  RUNNING CANDIDATE s3@group-F860CA578C61:t2, leader=null, voted=s0, raftlog=Memoized:s3@group-F860CA578C61-SegmentedRaftLog:OPENED:c2:last(t:2, i:2), conf=conf: {index: 1, cur=peers:[s3|localhost:15152, s4|localhost:15156, s0|localhost:15140, s1|localhost:15144, s2|localhost:15148]|listeners:[], old=null} RUNNING
  s4:  RUNNING CANDIDATE s4@group-F860CA578C61:t2, leader=null, voted=s0, raftlog=Memoized:s4@group-F860CA578C61-SegmentedRaftLog:OPENED:c2:last(t:2, i:2), conf=conf: {index: 1, cur=peers:[s3|localhost:15152, s4|localhost:15156, s0|localhost:15140, s1|localhost:15144, s2|localhost:15148]|listeners:[], old=null} RUNNING
  s0:   CLOSED    LEADER s0@group-F860CA578C61:t2, leader=s0, voted=s0, raftlog=Memoized:s0@group-F860CA578C61-SegmentedRaftLog:CLOSED:c2, conf=conf: {index: 1, cur=peers:[s3|localhost:15152, s4|localhost:15156, s0|localhost:15140, s1|localhost:15144, s2|localhost:15148]|listeners:[], old=null} CLOSED
  s1:  RUNNING  FOLLOWER s1@group-F860CA578C61:t1, leader=null, voted=null, raftlog=Memoized:s1@group-F860CA578C61-SegmentedRaftLog:OPENED:c-1:lastnull, conf=conf: {index: -1, cur=peers:[s3|localhost:15152, s4|localhost:15156, s0|localhost:15140, s1|localhost:15144, s2|localhost:15148]|listeners:[], old=null} RUNNING
  s2:   CLOSED    LEADER s2@group-F860CA578C61:t1, leader=s2, voted=s2, raftlog=Memoized:s2@group-F860CA578C61-SegmentedRaftLog:CLOSED:c0, conf=conf: {index: 0, cur=peers:[s3|localhost:15152, s4|localhost:15156, s0|localhost:15140, s1|localhost:15144, s2|localhost:15148]|listeners:[], old=null} CLOSED
2024-10-11 15:03:32,330 [s4@group-F860CA578C61-LeaderElection19] INFO  impl.LeaderElection (LeaderElection.java:logAndReturn(90)) - s4@group-F860CA578C61-LeaderElection19: PRE_VOTE TIMEOUT received 1 response(s) and 2 exception(s):
2024-10-11 15:03:32,331 [s4@group-F860CA578C61-LeaderElection19] INFO  impl.LeaderElection (LeaderElection.java:logAndReturn(94)) -   Response 0: s4<-s3#0:OK-t2
2024-10-11 15:03:32,331 [s4@group-F860CA578C61-LeaderElection19] INFO  impl.LeaderElection (LogUtils.java:infoOrTrace(136)) -   Exception 1: java.util.concurrent.ExecutionException: org.apache.ratis.thirdparty.io.netty.channel.AbstractChannel$AnnotatedConnectException: finishConnect(..) failed: Connection refused: localhost/127.0.0.1:15140
2024-10-11 15:03:32,331 [s4@group-F860CA578C61-LeaderElection19] INFO  impl.LeaderElection (LogUtils.java:infoOrTrace(136)) -   Exception 2: java.util.concurrent.ExecutionException: org.apache.ratis.thirdparty.io.netty.channel.AbstractChannel$AnnotatedConnectException: finishConnect(..) failed: Connection refused: localhost/127.0.0.1:15148
2024-10-11 15:03:32,331 [s4@group-F860CA578C61-LeaderElection19] INFO  impl.LeaderElection (LeaderElection.java:askForVotes(339)) - s4@group-F860CA578C61-LeaderElection19 PRE_VOTE round 141: result TIMEOUT
2024-10-11 15:03:32,331 [s4@group-F860CA578C61-LeaderElection19] INFO  impl.LeaderElection (LeaderElection.java:askForVotes(337)) - s4@group-F860CA578C61-LeaderElection19 PRE_VOTE round 142: submit vote requests at term 2 for conf: {index: 1, cur=peers:[s3|localhost:15152, s4|localhost:15156, s0|localhost:15140, s1|localhost:15144, s2|localhost:15148]|listeners:[], old=null}
2024-10-11 15:03:32,332 [NettyRpcService-workerGroup--thread3] INFO  server.RaftServer$Division (RaftServerImpl.java:requestVote(1443)) - s3@group-F860CA578C61: receive requestVote(PRE_VOTE, s4, group-F860CA578C61, 2, (t:2, i:2))
2024-10-11 15:03:32,332 [NettyRpcService-workerGroup--thread3] INFO  impl.VoteContext (VoteContext.java:log(49)) - s3@group-F860CA578C61-CANDIDATE: accept PRE_VOTE from s4: our priority 0 <= candidate's priority 0
2024-10-11 15:03:32,332 [s4@group-F860CA578C61-LeaderElection19] INFO  impl.LeaderElection (LogUtils.java:infoOrTrace(136)) - s4@group-F860CA578C61-LeaderElection19 got exception when requesting votes: java.util.concurrent.ExecutionException: org.apache.ratis.thirdparty.io.netty.channel.AbstractChannel$AnnotatedConnectException: finishConnect(..) failed: Connection refused: localhost/127.0.0.1:15148
2024-10-11 15:03:32,332 [NettyRpcService-workerGroup--thread3] INFO  server.RaftServer$Division (RaftServerImpl.java:requestVote(1476)) - s3@group-F860CA578C61 replies to PRE_VOTE vote request: s4<-s3#0:OK-t2. Peer's state: s3@group-F860CA578C61:t2, leader=null, voted=s0, raftlog=Memoized:s3@group-F860CA578C61-SegmentedRaftLog:OPENED:c2:last(t:2, i:2), conf=conf: {index: 1, cur=peers:[s3|localhost:15152, s4|localhost:15156, s0|localhost:15140, s1|localhost:15144, s2|localhost:15148]|listeners:[], old=null}
2024-10-11 15:03:32,332 [s4@group-F860CA578C61-LeaderElection19] INFO  impl.LeaderElection (LogUtils.java:infoOrTrace(136)) - s4@group-F860CA578C61-LeaderElection19 got exception when requesting votes: java.util.concurrent.ExecutionException: org.apache.ratis.thirdparty.io.netty.channel.AbstractChannel$AnnotatedConnectException: finishConnect(..) failed: Connection refused: localhost/127.0.0.1:15140
2024-10-11 15:03:32,415 [s3@group-F860CA578C61-LeaderElection20] INFO  impl.LeaderElection (LeaderElection.java:logAndReturn(90)) - s3@group-F860CA578C61-LeaderElection20: PRE_VOTE TIMEOUT received 1 response(s) and 2 exception(s):
2024-10-11 15:03:32,415 [s3@group-F860CA578C61-LeaderElection20] INFO  impl.LeaderElection (LeaderElection.java:logAndReturn(94)) -   Response 0: s3<-s4#0:OK-t2
2024-10-11 15:03:32,415 [s3@group-F860CA578C61-LeaderElection20] INFO  impl.LeaderElection (LogUtils.java:infoOrTrace(136)) -   Exception 1: java.util.concurrent.ExecutionException: org.apache.ratis.thirdparty.io.netty.channel.AbstractChannel$AnnotatedConnectException: finishConnect(..) failed: Connection refused: localhost/127.0.0.1:15140
2024-10-11 15:03:32,415 [s3@group-F860CA578C61-LeaderElection20] INFO  impl.LeaderElection (LogUtils.java:infoOrTrace(136)) -   Exception 2: java.util.concurrent.ExecutionException: org.apache.ratis.thirdparty.io.netty.channel.AbstractChannel$AnnotatedConnectException: finishConnect(..) failed: Connection refused: localhost/127.0.0.1:15148
2024-10-11 15:03:32,415 [s3@group-F860CA578C61-LeaderElection20] INFO  impl.LeaderElection (LeaderElection.java:askForVotes(339)) - s3@group-F860CA578C61-LeaderElection20 PRE_VOTE round 132: result TIMEOUT
2024-10-11 15:03:32,415 [s3@group-F860CA578C61-LeaderElection20] INFO  impl.LeaderElection (LeaderElection.java:askForVotes(337)) - s3@group-F860CA578C61-LeaderElection20 PRE_VOTE round 133: submit vote requests at term 2 for conf: {index: 1, cur=peers:[s3|localhost:15152, s4|localhost:15156, s0|localhost:15140, s1|localhost:15144, s2|localhost:15148]|listeners:[], old=null}
2024-10-11 15:03:32,416 [NettyRpcService-workerGroup--thread3] INFO  server.RaftServer$Division (RaftServerImpl.java:requestVote(1443)) - s4@group-F860CA578C61: receive requestVote(PRE_VOTE, s3, group-F860CA578C61, 2, (t:2, i:2))
2024-10-11 15:03:32,416 [NettyRpcService-workerGroup--thread3] INFO  impl.VoteContext (VoteContext.java:log(49)) - s4@group-F860CA578C61-CANDIDATE: accept PRE_VOTE from s3: our priority 0 <= candidate's priority 0
2024-10-11 15:03:32,416 [s3@group-F860CA578C61-LeaderElection20] INFO  impl.LeaderElection (LogUtils.java:infoOrTrace(136)) - s3@group-F860CA578C61-LeaderElection20 got exception when requesting votes: java.util.concurrent.ExecutionException: org.apache.ratis.thirdparty.io.netty.channel.AbstractChannel$AnnotatedConnectException: finishConnect(..) failed: Connection refused: localhost/127.0.0.1:15140
2024-10-11 15:03:32,416 [s3@group-F860CA578C61-LeaderElection20] INFO  impl.LeaderElection (LogUtils.java:infoOrTrace(136)) - s3@group-F860CA578C61-LeaderElection20 got exception when requesting votes: java.util.concurrent.ExecutionException: org.apache.ratis.thirdparty.io.netty.channel.AbstractChannel$AnnotatedConnectException: finishConnect(..) failed: Connection refused: localhost/127.0.0.1:15148
2024-10-11 15:03:32,416 [NettyRpcService-workerGroup--thread3] INFO  server.RaftServer$Division (RaftServerImpl.java:requestVote(1476)) - s4@group-F860CA578C61 replies to PRE_VOTE vote request: s3<-s4#0:OK-t2. Peer's state: s4@group-F860CA578C61:t2, leader=null, voted=s0, raftlog=Memoized:s4@group-F860CA578C61-SegmentedRaftLog:OPENED:c2:last(t:2, i:2), conf=conf: {index: 1, cur=peers:[s3|localhost:15152, s4|localhost:15156, s0|localhost:15140, s1|localhost:15144, s2|localhost:15148]|listeners:[], old=null}
2024-10-11 15:03:32,555 [s4@group-F860CA578C61-LeaderElection19] INFO  impl.LeaderElection (LeaderElection.java:logAndReturn(90)) - s4@group-F860CA578C61-LeaderElection19: PRE_VOTE TIMEOUT received 1 response(s) and 2 exception(s):
2024-10-11 15:03:32,555 [s4@group-F860CA578C61-LeaderElection19] INFO  impl.LeaderElection (LeaderElection.java:logAndReturn(94)) -   Response 0: s4<-s3#0:OK-t2
2024-10-11 15:03:32,555 [s4@group-F860CA578C61-LeaderElection19] INFO  impl.LeaderElection (LogUtils.java:infoOrTrace(136)) -   Exception 1: java.util.concurrent.ExecutionException: org.apache.ratis.thirdparty.io.netty.channel.AbstractChannel$AnnotatedConnectException: finishConnect(..) failed: Connection refused: localhost/127.0.0.1:15148
2024-10-11 15:03:32,555 [s4@group-F860CA578C61-LeaderElection19] INFO  impl.LeaderElection (LogUtils.java:infoOrTrace(136)) -   Exception 2: java.util.concurrent.ExecutionException: org.apache.ratis.thirdparty.io.netty.channel.AbstractChannel$AnnotatedConnectException: finishConnect(..) failed: Connection refused: localhost/127.0.0.1:15140
2024-10-11 15:03:32,555 [s4@group-F860CA578C61-LeaderElection19] INFO  impl.LeaderElection (LeaderElection.java:askForVotes(339)) - s4@group-F860CA578C61-LeaderElection19 PRE_VOTE round 142: result TIMEOUT
2024-10-11 15:03:32,555 [s4@group-F860CA578C61-LeaderElection19] INFO  impl.LeaderElection (LeaderElection.java:askForVotes(337)) - s4@group-F860CA578C61-LeaderElection19 PRE_VOTE round 143: submit vote requests at term 2 for conf: {index: 1, cur=peers:[s3|localhost:15152, s4|localhost:15156, s0|localhost:15140, s1|localhost:15144, s2|localhost:15148]|listeners:[], old=null}
2024-10-11 15:03:32,556 [NettyRpcService-workerGroup--thread3] INFO  server.RaftServer$Division (RaftServerImpl.java:requestVote(1443)) - s3@group-F860CA578C61: receive requestVote(PRE_VOTE, s4, group-F860CA578C61, 2, (t:2, i:2))
2024-10-11 15:03:32,556 [s4@group-F860CA578C61-LeaderElection19] INFO  impl.LeaderElection (LogUtils.java:infoOrTrace(136)) - s4@group-F860CA578C61-LeaderElection19 got exception when requesting votes: java.util.concurrent.ExecutionException: org.apache.ratis.thirdparty.io.netty.channel.AbstractChannel$AnnotatedConnectException: finishConnect(..) failed: Connection refused: localhost/127.0.0.1:15140
2024-10-11 15:03:32,556 [NettyRpcService-workerGroup--thread3] INFO  impl.VoteContext (VoteContext.java:log(49)) - s3@group-F860CA578C61-CANDIDATE: accept PRE_VOTE from s4: our priority 0 <= candidate's priority 0
2024-10-11 15:03:32,556 [s4@group-F860CA578C61-LeaderElection19] INFO  impl.LeaderElection (LogUtils.java:infoOrTrace(136)) - s4@group-F860CA578C61-LeaderElection19 got exception when requesting votes: java.util.concurrent.ExecutionException: org.apache.ratis.thirdparty.io.netty.channel.AbstractChannel$AnnotatedConnectException: finishConnect(..) failed: Connection refused: localhost/127.0.0.1:15148
2024-10-11 15:03:32,556 [NettyRpcService-workerGroup--thread3] INFO  server.RaftServer$Division (RaftServerImpl.java:requestVote(1476)) - s3@group-F860CA578C61 replies to PRE_VOTE vote request: s4<-s3#0:OK-t2. Peer's state: s3@group-F860CA578C61:t2, leader=null, voted=s0, raftlog=Memoized:s3@group-F860CA578C61-SegmentedRaftLog:OPENED:c2:last(t:2, i:2), conf=conf: {index: 1, cur=peers:[s3|localhost:15152, s4|localhost:15156, s0|localhost:15140, s1|localhost:15144, s2|localhost:15148]|listeners:[], old=null}
2024-10-11 15:03:32,686 [s3@group-F860CA578C61-LeaderElection20] INFO  impl.LeaderElection (LeaderElection.java:logAndReturn(90)) - s3@group-F860CA578C61-LeaderElection20: PRE_VOTE TIMEOUT received 1 response(s) and 2 exception(s):
2024-10-11 15:03:32,686 [s3@group-F860CA578C61-LeaderElection20] INFO  impl.LeaderElection (LeaderElection.java:logAndReturn(94)) -   Response 0: s3<-s4#0:OK-t2
2024-10-11 15:03:32,686 [s3@group-F860CA578C61-LeaderElection20] INFO  impl.LeaderElection (LogUtils.java:infoOrTrace(136)) -   Exception 1: java.util.concurrent.ExecutionException: org.apache.ratis.thirdparty.io.netty.channel.AbstractChannel$AnnotatedConnectException: finishConnect(..) failed: Connection refused: localhost/127.0.0.1:15140
2024-10-11 15:03:32,686 [s3@group-F860CA578C61-LeaderElection20] INFO  impl.LeaderElection (LogUtils.java:infoOrTrace(136)) -   Exception 2: java.util.concurrent.ExecutionException: org.apache.ratis.thirdparty.io.netty.channel.AbstractChannel$AnnotatedConnectException: finishConnect(..) failed: Connection refused: localhost/127.0.0.1:15148
2024-10-11 15:03:32,686 [s3@group-F860CA578C61-LeaderElection20] INFO  impl.LeaderElection (LeaderElection.java:askForVotes(339)) - s3@group-F860CA578C61-LeaderElection20 PRE_VOTE round 133: result TIMEOUT
2024-10-11 15:03:32,686 [s3@group-F860CA578C61-LeaderElection20] INFO  impl.LeaderElection (LeaderElection.java:askForVotes(337)) - s3@group-F860CA578C61-LeaderElection20 PRE_VOTE round 134: submit vote requests at term 2 for conf: {index: 1, cur=peers:[s3|localhost:15152, s4|localhost:15156, s0|localhost:15140, s1|localhost:15144, s2|localhost:15148]|listeners:[], old=null}
2024-10-11 15:03:32,687 [NettyRpcService-workerGroup--thread3] INFO  server.RaftServer$Division (RaftServerImpl.java:requestVote(1443)) - s4@group-F860CA578C61: receive requestVote(PRE_VOTE, s3, group-F860CA578C61, 2, (t:2, i:2))
2024-10-11 15:03:32,687 [s3@group-F860CA578C61-LeaderElection20] INFO  impl.LeaderElection (LogUtils.java:infoOrTrace(136)) - s3@group-F860CA578C61-LeaderElection20 got exception when requesting votes: java.util.concurrent.ExecutionException: org.apache.ratis.thirdparty.io.netty.channel.AbstractChannel$AnnotatedConnectException: finishConnect(..) failed: Connection refused: localhost/127.0.0.1:15148
2024-10-11 15:03:32,687 [s3@group-F860CA578C61-LeaderElection20] INFO  impl.LeaderElection (LogUtils.java:infoOrTrace(136)) - s3@group-F860CA578C61-LeaderElection20 got exception when requesting votes: java.util.concurrent.ExecutionException: org.apache.ratis.thirdparty.io.netty.channel.AbstractChannel$AnnotatedConnectException: finishConnect(..) failed: Connection refused: localhost/127.0.0.1:15140
2024-10-11 15:03:32,687 [NettyRpcService-workerGroup--thread3] INFO  impl.VoteContext (VoteContext.java:log(49)) - s4@group-F860CA578C61-CANDIDATE: accept PRE_VOTE from s3: our priority 0 <= candidate's priority 0
2024-10-11 15:03:32,687 [NettyRpcService-workerGroup--thread3] INFO  server.RaftServer$Division (RaftServerImpl.java:requestVote(1476)) - s4@group-F860CA578C61 replies to PRE_VOTE vote request: s3<-s4#0:OK-t2. Peer's state: s4@group-F860CA578C61:t2, leader=null, voted=s0, raftlog=Memoized:s4@group-F860CA578C61-SegmentedRaftLog:OPENED:c2:last(t:2, i:2), conf=conf: {index: 1, cur=peers:[s3|localhost:15152, s4|localhost:15156, s0|localhost:15140, s1|localhost:15144, s2|localhost:15148]|listeners:[], old=null}
2024-10-11 15:03:32,715 [main] WARN  ratis.RaftTestUtil (RaftTestUtil.java:lambda$waitForLeader$3(126)) - Attempt #72 failed: java.lang.IllegalStateException: No leader yet : printing ALL groups
  s3:  RUNNING CANDIDATE s3@group-F860CA578C61:t2, leader=null, voted=s0, raftlog=Memoized:s3@group-F860CA578C61-SegmentedRaftLog:OPENED:c2:last(t:2, i:2), conf=conf: {index: 1, cur=peers:[s3|localhost:15152, s4|localhost:15156, s0|localhost:15140, s1|localhost:15144, s2|localhost:15148]|listeners:[], old=null} RUNNING
  s4:  RUNNING CANDIDATE s4@group-F860CA578C61:t2, leader=null, voted=s0, raftlog=Memoized:s4@group-F860CA578C61-SegmentedRaftLog:OPENED:c2:last(t:2, i:2), conf=conf: {index: 1, cur=peers:[s3|localhost:15152, s4|localhost:15156, s0|localhost:15140, s1|localhost:15144, s2|localhost:15148]|listeners:[], old=null} RUNNING
  s0:   CLOSED    LEADER s0@group-F860CA578C61:t2, leader=s0, voted=s0, raftlog=Memoized:s0@group-F860CA578C61-SegmentedRaftLog:CLOSED:c2, conf=conf: {index: 1, cur=peers:[s3|localhost:15152, s4|localhost:15156, s0|localhost:15140, s1|localhost:15144, s2|localhost:15148]|listeners:[], old=null} CLOSED
  s1:  RUNNING  FOLLOWER s1@group-F860CA578C61:t1, leader=null, voted=null, raftlog=Memoized:s1@group-F860CA578C61-SegmentedRaftLog:OPENED:c-1:lastnull, conf=conf: {index: -1, cur=peers:[s3|localhost:15152, s4|localhost:15156, s0|localhost:15140, s1|localhost:15144, s2|localhost:15148]|listeners:[], old=null} RUNNING
  s2:   CLOSED    LEADER s2@group-F860CA578C61:t1, leader=s2, voted=s2, raftlog=Memoized:s2@group-F860CA578C61-SegmentedRaftLog:CLOSED:c0, conf=conf: {index: 0, cur=peers:[s3|localhost:15152, s4|localhost:15156, s0|localhost:15140, s1|localhost:15144, s2|localhost:15148]|listeners:[], old=null} CLOSED
2024-10-11 15:03:32,757 [s4@group-F860CA578C61-LeaderElection19] INFO  impl.LeaderElection (LeaderElection.java:logAndReturn(90)) - s4@group-F860CA578C61-LeaderElection19: PRE_VOTE TIMEOUT received 1 response(s) and 2 exception(s):
2024-10-11 15:03:32,757 [s4@group-F860CA578C61-LeaderElection19] INFO  impl.LeaderElection (LeaderElection.java:logAndReturn(94)) -   Response 0: s4<-s3#0:OK-t2
2024-10-11 15:03:32,757 [s4@group-F860CA578C61-LeaderElection19] INFO  impl.LeaderElection (LogUtils.java:infoOrTrace(136)) -   Exception 1: java.util.concurrent.ExecutionException: org.apache.ratis.thirdparty.io.netty.channel.AbstractChannel$AnnotatedConnectException: finishConnect(..) failed: Connection refused: localhost/127.0.0.1:15140
2024-10-11 15:03:32,758 [s4@group-F860CA578C61-LeaderElection19] INFO  impl.LeaderElection (LogUtils.java:infoOrTrace(136)) -   Exception 2: java.util.concurrent.ExecutionException: org.apache.ratis.thirdparty.io.netty.channel.AbstractChannel$AnnotatedConnectException: finishConnect(..) failed: Connection refused: localhost/127.0.0.1:15148
2024-10-11 15:03:32,758 [s4@group-F860CA578C61-LeaderElection19] INFO  impl.LeaderElection (LeaderElection.java:askForVotes(339)) - s4@group-F860CA578C61-LeaderElection19 PRE_VOTE round 143: result TIMEOUT
2024-10-11 15:03:32,758 [s4@group-F860CA578C61-LeaderElection19] INFO  impl.LeaderElection (LeaderElection.java:askForVotes(337)) - s4@group-F860CA578C61-LeaderElection19 PRE_VOTE round 144: submit vote requests at term 2 for conf: {index: 1, cur=peers:[s3|localhost:15152, s4|localhost:15156, s0|localhost:15140, s1|localhost:15144, s2|localhost:15148]|listeners:[], old=null}
2024-10-11 15:03:32,758 [NettyRpcService-workerGroup--thread3] INFO  server.RaftServer$Division (RaftServerImpl.java:requestVote(1443)) - s3@group-F860CA578C61: receive requestVote(PRE_VOTE, s4, group-F860CA578C61, 2, (t:2, i:2))
2024-10-11 15:03:32,758 [NettyRpcService-workerGroup--thread3] INFO  impl.VoteContext (VoteContext.java:log(49)) - s3@group-F860CA578C61-CANDIDATE: accept PRE_VOTE from s4: our priority 0 <= candidate's priority 0
2024-10-11 15:03:32,758 [s4@group-F860CA578C61-LeaderElection19] INFO  impl.LeaderElection (LogUtils.java:infoOrTrace(136)) - s4@group-F860CA578C61-LeaderElection19 got exception when requesting votes: java.util.concurrent.ExecutionException: org.apache.ratis.thirdparty.io.netty.channel.AbstractChannel$AnnotatedConnectException: finishConnect(..) failed: Connection refused: localhost/127.0.0.1:15140
2024-10-11 15:03:32,758 [NettyRpcService-workerGroup--thread3] INFO  server.RaftServer$Division (RaftServerImpl.java:requestVote(1476)) - s3@group-F860CA578C61 replies to PRE_VOTE vote request: s4<-s3#0:OK-t2. Peer's state: s3@group-F860CA578C61:t2, leader=null, voted=s0, raftlog=Memoized:s3@group-F860CA578C61-SegmentedRaftLog:OPENED:c2:last(t:2, i:2), conf=conf: {index: 1, cur=peers:[s3|localhost:15152, s4|localhost:15156, s0|localhost:15140, s1|localhost:15144, s2|localhost:15148]|listeners:[], old=null}
2024-10-11 15:03:32,759 [s4@group-F860CA578C61-LeaderElection19] INFO  impl.LeaderElection (LogUtils.java:infoOrTrace(136)) - s4@group-F860CA578C61-LeaderElection19 got exception when requesting votes: java.util.concurrent.ExecutionException: org.apache.ratis.thirdparty.io.netty.channel.AbstractChannel$AnnotatedConnectException: finishConnect(..) failed: Connection refused: localhost/127.0.0.1:15148
2024-10-11 15:03:32,980 [s3@group-F860CA578C61-LeaderElection20] INFO  impl.LeaderElection (LeaderElection.java:logAndReturn(90)) - s3@group-F860CA578C61-LeaderElection20: PRE_VOTE TIMEOUT received 1 response(s) and 2 exception(s):
2024-10-11 15:03:32,980 [s3@group-F860CA578C61-LeaderElection20] INFO  impl.LeaderElection (LeaderElection.java:logAndReturn(94)) -   Response 0: s3<-s4#0:OK-t2
2024-10-11 15:03:32,980 [s3@group-F860CA578C61-LeaderElection20] INFO  impl.LeaderElection (LogUtils.java:infoOrTrace(136)) -   Exception 1: java.util.concurrent.ExecutionException: org.apache.ratis.thirdparty.io.netty.channel.AbstractChannel$AnnotatedConnectException: finishConnect(..) failed: Connection refused: localhost/127.0.0.1:15148
2024-10-11 15:03:32,980 [s3@group-F860CA578C61-LeaderElection20] INFO  impl.LeaderElection (LogUtils.java:infoOrTrace(136)) -   Exception 2: java.util.concurrent.ExecutionException: org.apache.ratis.thirdparty.io.netty.channel.AbstractChannel$AnnotatedConnectException: finishConnect(..) failed: Connection refused: localhost/127.0.0.1:15140
2024-10-11 15:03:32,980 [s3@group-F860CA578C61-LeaderElection20] INFO  impl.LeaderElection (LeaderElection.java:askForVotes(339)) - s3@group-F860CA578C61-LeaderElection20 PRE_VOTE round 134: result TIMEOUT
2024-10-11 15:03:32,980 [s3@group-F860CA578C61-LeaderElection20] INFO  impl.LeaderElection (LeaderElection.java:askForVotes(337)) - s3@group-F860CA578C61-LeaderElection20 PRE_VOTE round 135: submit vote requests at term 2 for conf: {index: 1, cur=peers:[s3|localhost:15152, s4|localhost:15156, s0|localhost:15140, s1|localhost:15144, s2|localhost:15148]|listeners:[], old=null}
2024-10-11 15:03:32,981 [NettyRpcService-workerGroup--thread3] INFO  server.RaftServer$Division (RaftServerImpl.java:requestVote(1443)) - s4@group-F860CA578C61: receive requestVote(PRE_VOTE, s3, group-F860CA578C61, 2, (t:2, i:2))
2024-10-11 15:03:32,981 [NettyRpcService-workerGroup--thread3] INFO  impl.VoteContext (VoteContext.java:log(49)) - s4@group-F860CA578C61-CANDIDATE: accept PRE_VOTE from s3: our priority 0 <= candidate's priority 0
2024-10-11 15:03:32,981 [NettyRpcService-workerGroup--thread3] INFO  server.RaftServer$Division (RaftServerImpl.java:requestVote(1476)) - s4@group-F860CA578C61 replies to PRE_VOTE vote request: s3<-s4#0:OK-t2. Peer's state: s4@group-F860CA578C61:t2, leader=null, voted=s0, raftlog=Memoized:s4@group-F860CA578C61-SegmentedRaftLog:OPENED:c2:last(t:2, i:2), conf=conf: {index: 1, cur=peers:[s3|localhost:15152, s4|localhost:15156, s0|localhost:15140, s1|localhost:15144, s2|localhost:15148]|listeners:[], old=null}
2024-10-11 15:03:32,981 [s3@group-F860CA578C61-LeaderElection20] INFO  impl.LeaderElection (LogUtils.java:infoOrTrace(136)) - s3@group-F860CA578C61-LeaderElection20 got exception when requesting votes: java.util.concurrent.ExecutionException: org.apache.ratis.thirdparty.io.netty.channel.AbstractChannel$AnnotatedConnectException: finishConnect(..) failed: Connection refused: localhost/127.0.0.1:15140
2024-10-11 15:03:32,981 [s3@group-F860CA578C61-LeaderElection20] INFO  impl.LeaderElection (LogUtils.java:infoOrTrace(136)) - s3@group-F860CA578C61-LeaderElection20 got exception when requesting votes: java.util.concurrent.ExecutionException: org.apache.ratis.thirdparty.io.netty.channel.AbstractChannel$AnnotatedConnectException: finishConnect(..) failed: Connection refused: localhost/127.0.0.1:15148
2024-10-11 15:03:33,044 [s4@group-F860CA578C61-LeaderElection19] INFO  impl.LeaderElection (LeaderElection.java:logAndReturn(90)) - s4@group-F860CA578C61-LeaderElection19: PRE_VOTE TIMEOUT received 1 response(s) and 2 exception(s):
2024-10-11 15:03:33,044 [s4@group-F860CA578C61-LeaderElection19] INFO  impl.LeaderElection (LeaderElection.java:logAndReturn(94)) -   Response 0: s4<-s3#0:OK-t2
2024-10-11 15:03:33,044 [s4@group-F860CA578C61-LeaderElection19] INFO  impl.LeaderElection (LogUtils.java:infoOrTrace(136)) -   Exception 1: java.util.concurrent.ExecutionException: org.apache.ratis.thirdparty.io.netty.channel.AbstractChannel$AnnotatedConnectException: finishConnect(..) failed: Connection refused: localhost/127.0.0.1:15140
2024-10-11 15:03:33,044 [s4@group-F860CA578C61-LeaderElection19] INFO  impl.LeaderElection (LogUtils.java:infoOrTrace(136)) -   Exception 2: java.util.concurrent.ExecutionException: org.apache.ratis.thirdparty.io.netty.channel.AbstractChannel$AnnotatedConnectException: finishConnect(..) failed: Connection refused: localhost/127.0.0.1:15148
2024-10-11 15:03:33,045 [s4@group-F860CA578C61-LeaderElection19] INFO  impl.LeaderElection (LeaderElection.java:askForVotes(339)) - s4@group-F860CA578C61-LeaderElection19 PRE_VOTE round 144: result TIMEOUT
2024-10-11 15:03:33,045 [s4@group-F860CA578C61-LeaderElection19] INFO  impl.LeaderElection (LeaderElection.java:askForVotes(337)) - s4@group-F860CA578C61-LeaderElection19 PRE_VOTE round 145: submit vote requests at term 2 for conf: {index: 1, cur=peers:[s3|localhost:15152, s4|localhost:15156, s0|localhost:15140, s1|localhost:15144, s2|localhost:15148]|listeners:[], old=null}
2024-10-11 15:03:33,045 [NettyRpcService-workerGroup--thread3] INFO  server.RaftServer$Division (RaftServerImpl.java:requestVote(1443)) - s3@group-F860CA578C61: receive requestVote(PRE_VOTE, s4, group-F860CA578C61, 2, (t:2, i:2))
2024-10-11 15:03:33,045 [NettyRpcService-workerGroup--thread3] INFO  impl.VoteContext (VoteContext.java:log(49)) - s3@group-F860CA578C61-CANDIDATE: accept PRE_VOTE from s4: our priority 0 <= candidate's priority 0
2024-10-11 15:03:33,045 [NettyRpcService-workerGroup--thread3] INFO  server.RaftServer$Division (RaftServerImpl.java:requestVote(1476)) - s3@group-F860CA578C61 replies to PRE_VOTE vote request: s4<-s3#0:OK-t2. Peer's state: s3@group-F860CA578C61:t2, leader=null, voted=s0, raftlog=Memoized:s3@group-F860CA578C61-SegmentedRaftLog:OPENED:c2:last(t:2, i:2), conf=conf: {index: 1, cur=peers:[s3|localhost:15152, s4|localhost:15156, s0|localhost:15140, s1|localhost:15144, s2|localhost:15148]|listeners:[], old=null}
2024-10-11 15:03:33,045 [s4@group-F860CA578C61-LeaderElection19] INFO  impl.LeaderElection (LogUtils.java:infoOrTrace(136)) - s4@group-F860CA578C61-LeaderElection19 got exception when requesting votes: java.util.concurrent.ExecutionException: org.apache.ratis.thirdparty.io.netty.channel.AbstractChannel$AnnotatedConnectException: finishConnect(..) failed: Connection refused: localhost/127.0.0.1:15140
2024-10-11 15:03:33,046 [s4@group-F860CA578C61-LeaderElection19] INFO  impl.LeaderElection (LogUtils.java:infoOrTrace(136)) - s4@group-F860CA578C61-LeaderElection19 got exception when requesting votes: java.util.concurrent.ExecutionException: org.apache.ratis.thirdparty.io.netty.channel.AbstractChannel$AnnotatedConnectException: finishConnect(..) failed: Connection refused: localhost/127.0.0.1:15148
2024-10-11 15:03:33,166 [main] WARN  ratis.RaftTestUtil (RaftTestUtil.java:lambda$waitForLeader$3(126)) - Attempt #73 failed: java.lang.IllegalStateException: No leader yet : printing ALL groups
  s3:  RUNNING CANDIDATE s3@group-F860CA578C61:t2, leader=null, voted=s0, raftlog=Memoized:s3@group-F860CA578C61-SegmentedRaftLog:OPENED:c2:last(t:2, i:2), conf=conf: {index: 1, cur=peers:[s3|localhost:15152, s4|localhost:15156, s0|localhost:15140, s1|localhost:15144, s2|localhost:15148]|listeners:[], old=null} RUNNING
  s4:  RUNNING CANDIDATE s4@group-F860CA578C61:t2, leader=null, voted=s0, raftlog=Memoized:s4@group-F860CA578C61-SegmentedRaftLog:OPENED:c2:last(t:2, i:2), conf=conf: {index: 1, cur=peers:[s3|localhost:15152, s4|localhost:15156, s0|localhost:15140, s1|localhost:15144, s2|localhost:15148]|listeners:[], old=null} RUNNING
  s0:   CLOSED    LEADER s0@group-F860CA578C61:t2, leader=s0, voted=s0, raftlog=Memoized:s0@group-F860CA578C61-SegmentedRaftLog:CLOSED:c2, conf=conf: {index: 1, cur=peers:[s3|localhost:15152, s4|localhost:15156, s0|localhost:15140, s1|localhost:15144, s2|localhost:15148]|listeners:[], old=null} CLOSED
  s1:  RUNNING  FOLLOWER s1@group-F860CA578C61:t1, leader=null, voted=null, raftlog=Memoized:s1@group-F860CA578C61-SegmentedRaftLog:OPENED:c-1:lastnull, conf=conf: {index: -1, cur=peers:[s3|localhost:15152, s4|localhost:15156, s0|localhost:15140, s1|localhost:15144, s2|localhost:15148]|listeners:[], old=null} RUNNING
  s2:   CLOSED    LEADER s2@group-F860CA578C61:t1, leader=s2, voted=s2, raftlog=Memoized:s2@group-F860CA578C61-SegmentedRaftLog:CLOSED:c0, conf=conf: {index: 0, cur=peers:[s3|localhost:15152, s4|localhost:15156, s0|localhost:15140, s1|localhost:15144, s2|localhost:15148]|listeners:[], old=null} CLOSED
2024-10-11 15:03:33,196 [s3@group-F860CA578C61-LeaderElection20] INFO  impl.LeaderElection (LeaderElection.java:logAndReturn(90)) - s3@group-F860CA578C61-LeaderElection20: PRE_VOTE TIMEOUT received 1 response(s) and 2 exception(s):
2024-10-11 15:03:33,196 [s3@group-F860CA578C61-LeaderElection20] INFO  impl.LeaderElection (LeaderElection.java:logAndReturn(94)) -   Response 0: s3<-s4#0:OK-t2
2024-10-11 15:03:33,196 [s3@group-F860CA578C61-LeaderElection20] INFO  impl.LeaderElection (LogUtils.java:infoOrTrace(136)) -   Exception 1: java.util.concurrent.ExecutionException: org.apache.ratis.thirdparty.io.netty.channel.AbstractChannel$AnnotatedConnectException: finishConnect(..) failed: Connection refused: localhost/127.0.0.1:15140
2024-10-11 15:03:33,196 [s3@group-F860CA578C61-LeaderElection20] INFO  impl.LeaderElection (LogUtils.java:infoOrTrace(136)) -   Exception 2: java.util.concurrent.ExecutionException: org.apache.ratis.thirdparty.io.netty.channel.AbstractChannel$AnnotatedConnectException: finishConnect(..) failed: Connection refused: localhost/127.0.0.1:15148
2024-10-11 15:03:33,196 [s3@group-F860CA578C61-LeaderElection20] INFO  impl.LeaderElection (LeaderElection.java:askForVotes(339)) - s3@group-F860CA578C61-LeaderElection20 PRE_VOTE round 135: result TIMEOUT
2024-10-11 15:03:33,196 [s3@group-F860CA578C61-LeaderElection20] INFO  impl.LeaderElection (LeaderElection.java:askForVotes(337)) - s3@group-F860CA578C61-LeaderElection20 PRE_VOTE round 136: submit vote requests at term 2 for conf: {index: 1, cur=peers:[s3|localhost:15152, s4|localhost:15156, s0|localhost:15140, s1|localhost:15144, s2|localhost:15148]|listeners:[], old=null}
2024-10-11 15:03:33,196 [NettyRpcService-workerGroup--thread3] INFO  server.RaftServer$Division (RaftServerImpl.java:requestVote(1443)) - s4@group-F860CA578C61: receive requestVote(PRE_VOTE, s3, group-F860CA578C61, 2, (t:2, i:2))
2024-10-11 15:03:33,197 [NettyRpcService-workerGroup--thread3] INFO  impl.VoteContext (VoteContext.java:log(49)) - s4@group-F860CA578C61-CANDIDATE: accept PRE_VOTE from s3: our priority 0 <= candidate's priority 0
2024-10-11 15:03:33,197 [s3@group-F860CA578C61-LeaderElection20] INFO  impl.LeaderElection (LogUtils.java:infoOrTrace(136)) - s3@group-F860CA578C61-LeaderElection20 got exception when requesting votes: java.util.concurrent.ExecutionException: org.apache.ratis.thirdparty.io.netty.channel.AbstractChannel$AnnotatedConnectException: finishConnect(..) failed: Connection refused: localhost/127.0.0.1:15140
2024-10-11 15:03:33,197 [NettyRpcService-workerGroup--thread3] INFO  server.RaftServer$Division (RaftServerImpl.java:requestVote(1476)) - s4@group-F860CA578C61 replies to PRE_VOTE vote request: s3<-s4#0:OK-t2. Peer's state: s4@group-F860CA578C61:t2, leader=null, voted=s0, raftlog=Memoized:s4@group-F860CA578C61-SegmentedRaftLog:OPENED:c2:last(t:2, i:2), conf=conf: {index: 1, cur=peers:[s3|localhost:15152, s4|localhost:15156, s0|localhost:15140, s1|localhost:15144, s2|localhost:15148]|listeners:[], old=null}
2024-10-11 15:03:33,197 [s3@group-F860CA578C61-LeaderElection20] INFO  impl.LeaderElection (LogUtils.java:infoOrTrace(136)) - s3@group-F860CA578C61-LeaderElection20 got exception when requesting votes: java.util.concurrent.ExecutionException: org.apache.ratis.thirdparty.io.netty.channel.AbstractChannel$AnnotatedConnectException: finishConnect(..) failed: Connection refused: localhost/127.0.0.1:15148
2024-10-11 15:03:33,265 [s4@group-F860CA578C61-LeaderElection19] INFO  impl.LeaderElection (LeaderElection.java:logAndReturn(90)) - s4@group-F860CA578C61-LeaderElection19: PRE_VOTE TIMEOUT received 1 response(s) and 2 exception(s):
2024-10-11 15:03:33,265 [s4@group-F860CA578C61-LeaderElection19] INFO  impl.LeaderElection (LeaderElection.java:logAndReturn(94)) -   Response 0: s4<-s3#0:OK-t2
2024-10-11 15:03:33,265 [s4@group-F860CA578C61-LeaderElection19] INFO  impl.LeaderElection (LogUtils.java:infoOrTrace(136)) -   Exception 1: java.util.concurrent.ExecutionException: org.apache.ratis.thirdparty.io.netty.channel.AbstractChannel$AnnotatedConnectException: finishConnect(..) failed: Connection refused: localhost/127.0.0.1:15140
2024-10-11 15:03:33,265 [s4@group-F860CA578C61-LeaderElection19] INFO  impl.LeaderElection (LogUtils.java:infoOrTrace(136)) -   Exception 2: java.util.concurrent.ExecutionException: org.apache.ratis.thirdparty.io.netty.channel.AbstractChannel$AnnotatedConnectException: finishConnect(..) failed: Connection refused: localhost/127.0.0.1:15148
2024-10-11 15:03:33,265 [s4@group-F860CA578C61-LeaderElection19] INFO  impl.LeaderElection (LeaderElection.java:askForVotes(339)) - s4@group-F860CA578C61-LeaderElection19 PRE_VOTE round 145: result TIMEOUT
2024-10-11 15:03:33,266 [s4@group-F860CA578C61-LeaderElection19] INFO  impl.LeaderElection (LeaderElection.java:askForVotes(337)) - s4@group-F860CA578C61-LeaderElection19 PRE_VOTE round 146: submit vote requests at term 2 for conf: {index: 1, cur=peers:[s3|localhost:15152, s4|localhost:15156, s0|localhost:15140, s1|localhost:15144, s2|localhost:15148]|listeners:[], old=null}
2024-10-11 15:03:33,266 [NettyRpcService-workerGroup--thread3] INFO  server.RaftServer$Division (RaftServerImpl.java:requestVote(1443)) - s3@group-F860CA578C61: receive requestVote(PRE_VOTE, s4, group-F860CA578C61, 2, (t:2, i:2))
2024-10-11 15:03:33,266 [NettyRpcService-workerGroup--thread3] INFO  impl.VoteContext (VoteContext.java:log(49)) - s3@group-F860CA578C61-CANDIDATE: accept PRE_VOTE from s4: our priority 0 <= candidate's priority 0
2024-10-11 15:03:33,266 [s4@group-F860CA578C61-LeaderElection19] INFO  impl.LeaderElection (LogUtils.java:infoOrTrace(136)) - s4@group-F860CA578C61-LeaderElection19 got exception when requesting votes: java.util.concurrent.ExecutionException: org.apache.ratis.thirdparty.io.netty.channel.AbstractChannel$AnnotatedConnectException: finishConnect(..) failed: Connection refused: localhost/127.0.0.1:15140
2024-10-11 15:03:33,266 [NettyRpcService-workerGroup--thread3] INFO  server.RaftServer$Division (RaftServerImpl.java:requestVote(1476)) - s3@group-F860CA578C61 replies to PRE_VOTE vote request: s4<-s3#0:OK-t2. Peer's state: s3@group-F860CA578C61:t2, leader=null, voted=s0, raftlog=Memoized:s3@group-F860CA578C61-SegmentedRaftLog:OPENED:c2:last(t:2, i:2), conf=conf: {index: 1, cur=peers:[s3|localhost:15152, s4|localhost:15156, s0|localhost:15140, s1|localhost:15144, s2|localhost:15148]|listeners:[], old=null}
2024-10-11 15:03:33,267 [s4@group-F860CA578C61-LeaderElection19] INFO  impl.LeaderElection (LogUtils.java:infoOrTrace(136)) - s4@group-F860CA578C61-LeaderElection19 got exception when requesting votes: java.util.concurrent.ExecutionException: org.apache.ratis.thirdparty.io.netty.channel.AbstractChannel$AnnotatedConnectException: finishConnect(..) failed: Connection refused: localhost/127.0.0.1:15148
2024-10-11 15:03:33,492 [s3@group-F860CA578C61-LeaderElection20] INFO  impl.LeaderElection (LeaderElection.java:logAndReturn(90)) - s3@group-F860CA578C61-LeaderElection20: PRE_VOTE TIMEOUT received 1 response(s) and 2 exception(s):
2024-10-11 15:03:33,493 [s3@group-F860CA578C61-LeaderElection20] INFO  impl.LeaderElection (LeaderElection.java:logAndReturn(94)) -   Response 0: s3<-s4#0:OK-t2
2024-10-11 15:03:33,493 [s3@group-F860CA578C61-LeaderElection20] INFO  impl.LeaderElection (LogUtils.java:infoOrTrace(136)) -   Exception 1: java.util.concurrent.ExecutionException: org.apache.ratis.thirdparty.io.netty.channel.AbstractChannel$AnnotatedConnectException: finishConnect(..) failed: Connection refused: localhost/127.0.0.1:15140
2024-10-11 15:03:33,493 [s3@group-F860CA578C61-LeaderElection20] INFO  impl.LeaderElection (LogUtils.java:infoOrTrace(136)) -   Exception 2: java.util.concurrent.ExecutionException: org.apache.ratis.thirdparty.io.netty.channel.AbstractChannel$AnnotatedConnectException: finishConnect(..) failed: Connection refused: localhost/127.0.0.1:15148
2024-10-11 15:03:33,493 [s3@group-F860CA578C61-LeaderElection20] INFO  impl.LeaderElection (LeaderElection.java:askForVotes(339)) - s3@group-F860CA578C61-LeaderElection20 PRE_VOTE round 136: result TIMEOUT
2024-10-11 15:03:33,493 [s3@group-F860CA578C61-LeaderElection20] INFO  impl.LeaderElection (LeaderElection.java:askForVotes(337)) - s3@group-F860CA578C61-LeaderElection20 PRE_VOTE round 137: submit vote requests at term 2 for conf: {index: 1, cur=peers:[s3|localhost:15152, s4|localhost:15156, s0|localhost:15140, s1|localhost:15144, s2|localhost:15148]|listeners:[], old=null}
2024-10-11 15:03:33,494 [NettyRpcService-workerGroup--thread3] INFO  server.RaftServer$Division (RaftServerImpl.java:requestVote(1443)) - s4@group-F860CA578C61: receive requestVote(PRE_VOTE, s3, group-F860CA578C61, 2, (t:2, i:2))
2024-10-11 15:03:33,494 [NettyRpcService-workerGroup--thread3] INFO  impl.VoteContext (VoteContext.java:log(49)) - s4@group-F860CA578C61-CANDIDATE: accept PRE_VOTE from s3: our priority 0 <= candidate's priority 0
2024-10-11 15:03:33,494 [s3@group-F860CA578C61-LeaderElection20] INFO  impl.LeaderElection (LogUtils.java:infoOrTrace(136)) - s3@group-F860CA578C61-LeaderElection20 got exception when requesting votes: java.util.concurrent.ExecutionException: org.apache.ratis.thirdparty.io.netty.channel.AbstractChannel$AnnotatedConnectException: finishConnect(..) failed: Connection refused: localhost/127.0.0.1:15140
2024-10-11 15:03:33,494 [NettyRpcService-workerGroup--thread3] INFO  server.RaftServer$Division (RaftServerImpl.java:requestVote(1476)) - s4@group-F860CA578C61 replies to PRE_VOTE vote request: s3<-s4#0:OK-t2. Peer's state: s4@group-F860CA578C61:t2, leader=null, voted=s0, raftlog=Memoized:s4@group-F860CA578C61-SegmentedRaftLog:OPENED:c2:last(t:2, i:2), conf=conf: {index: 1, cur=peers:[s3|localhost:15152, s4|localhost:15156, s0|localhost:15140, s1|localhost:15144, s2|localhost:15148]|listeners:[], old=null}
2024-10-11 15:03:33,494 [s3@group-F860CA578C61-LeaderElection20] INFO  impl.LeaderElection (LogUtils.java:infoOrTrace(136)) - s3@group-F860CA578C61-LeaderElection20 got exception when requesting votes: java.util.concurrent.ExecutionException: org.apache.ratis.thirdparty.io.netty.channel.AbstractChannel$AnnotatedConnectException: finishConnect(..) failed: Connection refused: localhost/127.0.0.1:15148
2024-10-11 15:03:33,529 [s4@group-F860CA578C61-LeaderElection19] INFO  impl.LeaderElection (LeaderElection.java:logAndReturn(90)) - s4@group-F860CA578C61-LeaderElection19: PRE_VOTE TIMEOUT received 1 response(s) and 2 exception(s):
2024-10-11 15:03:33,529 [s4@group-F860CA578C61-LeaderElection19] INFO  impl.LeaderElection (LeaderElection.java:logAndReturn(94)) -   Response 0: s4<-s3#0:OK-t2
2024-10-11 15:03:33,529 [s4@group-F860CA578C61-LeaderElection19] INFO  impl.LeaderElection (LogUtils.java:infoOrTrace(136)) -   Exception 1: java.util.concurrent.ExecutionException: org.apache.ratis.thirdparty.io.netty.channel.AbstractChannel$AnnotatedConnectException: finishConnect(..) failed: Connection refused: localhost/127.0.0.1:15140
2024-10-11 15:03:33,529 [s4@group-F860CA578C61-LeaderElection19] INFO  impl.LeaderElection (LogUtils.java:infoOrTrace(136)) -   Exception 2: java.util.concurrent.ExecutionException: org.apache.ratis.thirdparty.io.netty.channel.AbstractChannel$AnnotatedConnectException: finishConnect(..) failed: Connection refused: localhost/127.0.0.1:15148
2024-10-11 15:03:33,530 [s4@group-F860CA578C61-LeaderElection19] INFO  impl.LeaderElection (LeaderElection.java:askForVotes(339)) - s4@group-F860CA578C61-LeaderElection19 PRE_VOTE round 146: result TIMEOUT
2024-10-11 15:03:33,530 [s4@group-F860CA578C61-LeaderElection19] INFO  impl.LeaderElection (LeaderElection.java:askForVotes(337)) - s4@group-F860CA578C61-LeaderElection19 PRE_VOTE round 147: submit vote requests at term 2 for conf: {index: 1, cur=peers:[s3|localhost:15152, s4|localhost:15156, s0|localhost:15140, s1|localhost:15144, s2|localhost:15148]|listeners:[], old=null}
2024-10-11 15:03:33,530 [NettyRpcService-workerGroup--thread3] INFO  server.RaftServer$Division (RaftServerImpl.java:requestVote(1443)) - s3@group-F860CA578C61: receive requestVote(PRE_VOTE, s4, group-F860CA578C61, 2, (t:2, i:2))
2024-10-11 15:03:33,530 [NettyRpcService-workerGroup--thread3] INFO  impl.VoteContext (VoteContext.java:log(49)) - s3@group-F860CA578C61-CANDIDATE: accept PRE_VOTE from s4: our priority 0 <= candidate's priority 0
2024-10-11 15:03:33,530 [NettyRpcService-workerGroup--thread3] INFO  server.RaftServer$Division (RaftServerImpl.java:requestVote(1476)) - s3@group-F860CA578C61 replies to PRE_VOTE vote request: s4<-s3#0:OK-t2. Peer's state: s3@group-F860CA578C61:t2, leader=null, voted=s0, raftlog=Memoized:s3@group-F860CA578C61-SegmentedRaftLog:OPENED:c2:last(t:2, i:2), conf=conf: {index: 1, cur=peers:[s3|localhost:15152, s4|localhost:15156, s0|localhost:15140, s1|localhost:15144, s2|localhost:15148]|listeners:[], old=null}
2024-10-11 15:03:33,530 [s4@group-F860CA578C61-LeaderElection19] INFO  impl.LeaderElection (LogUtils.java:infoOrTrace(136)) - s4@group-F860CA578C61-LeaderElection19 got exception when requesting votes: java.util.concurrent.ExecutionException: org.apache.ratis.thirdparty.io.netty.channel.AbstractChannel$AnnotatedConnectException: finishConnect(..) failed: Connection refused: localhost/127.0.0.1:15140
2024-10-11 15:03:33,531 [s4@group-F860CA578C61-LeaderElection19] INFO  impl.LeaderElection (LogUtils.java:infoOrTrace(136)) - s4@group-F860CA578C61-LeaderElection19 got exception when requesting votes: java.util.concurrent.ExecutionException: org.apache.ratis.thirdparty.io.netty.channel.AbstractChannel$AnnotatedConnectException: finishConnect(..) failed: Connection refused: localhost/127.0.0.1:15148
2024-10-11 15:03:33,616 [main] WARN  ratis.RaftTestUtil (RaftTestUtil.java:lambda$waitForLeader$3(126)) - Attempt #74 failed: java.lang.IllegalStateException: No leader yet : printing ALL groups
  s3:  RUNNING CANDIDATE s3@group-F860CA578C61:t2, leader=null, voted=s0, raftlog=Memoized:s3@group-F860CA578C61-SegmentedRaftLog:OPENED:c2:last(t:2, i:2), conf=conf: {index: 1, cur=peers:[s3|localhost:15152, s4|localhost:15156, s0|localhost:15140, s1|localhost:15144, s2|localhost:15148]|listeners:[], old=null} RUNNING
  s4:  RUNNING CANDIDATE s4@group-F860CA578C61:t2, leader=null, voted=s0, raftlog=Memoized:s4@group-F860CA578C61-SegmentedRaftLog:OPENED:c2:last(t:2, i:2), conf=conf: {index: 1, cur=peers:[s3|localhost:15152, s4|localhost:15156, s0|localhost:15140, s1|localhost:15144, s2|localhost:15148]|listeners:[], old=null} RUNNING
  s0:   CLOSED    LEADER s0@group-F860CA578C61:t2, leader=s0, voted=s0, raftlog=Memoized:s0@group-F860CA578C61-SegmentedRaftLog:CLOSED:c2, conf=conf: {index: 1, cur=peers:[s3|localhost:15152, s4|localhost:15156, s0|localhost:15140, s1|localhost:15144, s2|localhost:15148]|listeners:[], old=null} CLOSED
  s1:  RUNNING  FOLLOWER s1@group-F860CA578C61:t1, leader=null, voted=null, raftlog=Memoized:s1@group-F860CA578C61-SegmentedRaftLog:OPENED:c-1:lastnull, conf=conf: {index: -1, cur=peers:[s3|localhost:15152, s4|localhost:15156, s0|localhost:15140, s1|localhost:15144, s2|localhost:15148]|listeners:[], old=null} RUNNING
  s2:   CLOSED    LEADER s2@group-F860CA578C61:t1, leader=s2, voted=s2, raftlog=Memoized:s2@group-F860CA578C61-SegmentedRaftLog:CLOSED:c0, conf=conf: {index: 0, cur=peers:[s3|localhost:15152, s4|localhost:15156, s0|localhost:15140, s1|localhost:15144, s2|localhost:15148]|listeners:[], old=null} CLOSED
2024-10-11 15:03:33,698 [s3@group-F860CA578C61-LeaderElection20] INFO  impl.LeaderElection (LeaderElection.java:logAndReturn(90)) - s3@group-F860CA578C61-LeaderElection20: PRE_VOTE TIMEOUT received 1 response(s) and 2 exception(s):
2024-10-11 15:03:33,698 [s3@group-F860CA578C61-LeaderElection20] INFO  impl.LeaderElection (LeaderElection.java:logAndReturn(94)) -   Response 0: s3<-s4#0:OK-t2
2024-10-11 15:03:33,698 [s3@group-F860CA578C61-LeaderElection20] INFO  impl.LeaderElection (LogUtils.java:infoOrTrace(136)) -   Exception 1: java.util.concurrent.ExecutionException: org.apache.ratis.thirdparty.io.netty.channel.AbstractChannel$AnnotatedConnectException: finishConnect(..) failed: Connection refused: localhost/127.0.0.1:15140
2024-10-11 15:03:33,698 [s3@group-F860CA578C61-LeaderElection20] INFO  impl.LeaderElection (LogUtils.java:infoOrTrace(136)) -   Exception 2: java.util.concurrent.ExecutionException: org.apache.ratis.thirdparty.io.netty.channel.AbstractChannel$AnnotatedConnectException: finishConnect(..) failed: Connection refused: localhost/127.0.0.1:15148
2024-10-11 15:03:33,698 [s3@group-F860CA578C61-LeaderElection20] INFO  impl.LeaderElection (LeaderElection.java:askForVotes(339)) - s3@group-F860CA578C61-LeaderElection20 PRE_VOTE round 137: result TIMEOUT
2024-10-11 15:03:33,698 [s3@group-F860CA578C61-LeaderElection20] INFO  impl.LeaderElection (LeaderElection.java:askForVotes(337)) - s3@group-F860CA578C61-LeaderElection20 PRE_VOTE round 138: submit vote requests at term 2 for conf: {index: 1, cur=peers:[s3|localhost:15152, s4|localhost:15156, s0|localhost:15140, s1|localhost:15144, s2|localhost:15148]|listeners:[], old=null}
2024-10-11 15:03:33,699 [NettyRpcService-workerGroup--thread3] INFO  server.RaftServer$Division (RaftServerImpl.java:requestVote(1443)) - s4@group-F860CA578C61: receive requestVote(PRE_VOTE, s3, group-F860CA578C61, 2, (t:2, i:2))
2024-10-11 15:03:33,699 [NettyRpcService-workerGroup--thread3] INFO  impl.VoteContext (VoteContext.java:log(49)) - s4@group-F860CA578C61-CANDIDATE: accept PRE_VOTE from s3: our priority 0 <= candidate's priority 0
2024-10-11 15:03:33,699 [NettyRpcService-workerGroup--thread3] INFO  server.RaftServer$Division (RaftServerImpl.java:requestVote(1476)) - s4@group-F860CA578C61 replies to PRE_VOTE vote request: s3<-s4#0:OK-t2. Peer's state: s4@group-F860CA578C61:t2, leader=null, voted=s0, raftlog=Memoized:s4@group-F860CA578C61-SegmentedRaftLog:OPENED:c2:last(t:2, i:2), conf=conf: {index: 1, cur=peers:[s3|localhost:15152, s4|localhost:15156, s0|localhost:15140, s1|localhost:15144, s2|localhost:15148]|listeners:[], old=null}
2024-10-11 15:03:33,699 [s3@group-F860CA578C61-LeaderElection20] INFO  impl.LeaderElection (LogUtils.java:infoOrTrace(136)) - s3@group-F860CA578C61-LeaderElection20 got exception when requesting votes: java.util.concurrent.ExecutionException: org.apache.ratis.thirdparty.io.netty.channel.AbstractChannel$AnnotatedConnectException: finishConnect(..) failed: Connection refused: localhost/127.0.0.1:15140
2024-10-11 15:03:33,699 [s3@group-F860CA578C61-LeaderElection20] INFO  impl.LeaderElection (LogUtils.java:infoOrTrace(136)) - s3@group-F860CA578C61-LeaderElection20 got exception when requesting votes: java.util.concurrent.ExecutionException: org.apache.ratis.thirdparty.io.netty.channel.AbstractChannel$AnnotatedConnectException: finishConnect(..) failed: Connection refused: localhost/127.0.0.1:15148
2024-10-11 15:03:33,730 [s4@group-F860CA578C61-LeaderElection19] INFO  impl.LeaderElection (LeaderElection.java:logAndReturn(90)) - s4@group-F860CA578C61-LeaderElection19: PRE_VOTE TIMEOUT received 1 response(s) and 2 exception(s):
2024-10-11 15:03:33,730 [s4@group-F860CA578C61-LeaderElection19] INFO  impl.LeaderElection (LeaderElection.java:logAndReturn(94)) -   Response 0: s4<-s3#0:OK-t2
2024-10-11 15:03:33,730 [s4@group-F860CA578C61-LeaderElection19] INFO  impl.LeaderElection (LogUtils.java:infoOrTrace(136)) -   Exception 1: java.util.concurrent.ExecutionException: org.apache.ratis.thirdparty.io.netty.channel.AbstractChannel$AnnotatedConnectException: finishConnect(..) failed: Connection refused: localhost/127.0.0.1:15140
2024-10-11 15:03:33,730 [s4@group-F860CA578C61-LeaderElection19] INFO  impl.LeaderElection (LogUtils.java:infoOrTrace(136)) -   Exception 2: java.util.concurrent.ExecutionException: org.apache.ratis.thirdparty.io.netty.channel.AbstractChannel$AnnotatedConnectException: finishConnect(..) failed: Connection refused: localhost/127.0.0.1:15148
2024-10-11 15:03:33,731 [s4@group-F860CA578C61-LeaderElection19] INFO  impl.LeaderElection (LeaderElection.java:askForVotes(339)) - s4@group-F860CA578C61-LeaderElection19 PRE_VOTE round 147: result TIMEOUT
2024-10-11 15:03:33,731 [s4@group-F860CA578C61-LeaderElection19] INFO  impl.LeaderElection (LeaderElection.java:askForVotes(337)) - s4@group-F860CA578C61-LeaderElection19 PRE_VOTE round 148: submit vote requests at term 2 for conf: {index: 1, cur=peers:[s3|localhost:15152, s4|localhost:15156, s0|localhost:15140, s1|localhost:15144, s2|localhost:15148]|listeners:[], old=null}
2024-10-11 15:03:33,731 [NettyRpcService-workerGroup--thread3] INFO  server.RaftServer$Division (RaftServerImpl.java:requestVote(1443)) - s3@group-F860CA578C61: receive requestVote(PRE_VOTE, s4, group-F860CA578C61, 2, (t:2, i:2))
2024-10-11 15:03:33,731 [NettyRpcService-workerGroup--thread3] INFO  impl.VoteContext (VoteContext.java:log(49)) - s3@group-F860CA578C61-CANDIDATE: accept PRE_VOTE from s4: our priority 0 <= candidate's priority 0
2024-10-11 15:03:33,731 [s4@group-F860CA578C61-LeaderElection19] INFO  impl.LeaderElection (LogUtils.java:infoOrTrace(136)) - s4@group-F860CA578C61-LeaderElection19 got exception when requesting votes: java.util.concurrent.ExecutionException: org.apache.ratis.thirdparty.io.netty.channel.AbstractChannel$AnnotatedConnectException: finishConnect(..) failed: Connection refused: localhost/127.0.0.1:15148
2024-10-11 15:03:33,732 [NettyRpcService-workerGroup--thread3] INFO  server.RaftServer$Division (RaftServerImpl.java:requestVote(1476)) - s3@group-F860CA578C61 replies to PRE_VOTE vote request: s4<-s3#0:OK-t2. Peer's state: s3@group-F860CA578C61:t2, leader=null, voted=s0, raftlog=Memoized:s3@group-F860CA578C61-SegmentedRaftLog:OPENED:c2:last(t:2, i:2), conf=conf: {index: 1, cur=peers:[s3|localhost:15152, s4|localhost:15156, s0|localhost:15140, s1|localhost:15144, s2|localhost:15148]|listeners:[], old=null}
2024-10-11 15:03:33,732 [s4@group-F860CA578C61-LeaderElection19] INFO  impl.LeaderElection (LogUtils.java:infoOrTrace(136)) - s4@group-F860CA578C61-LeaderElection19 got exception when requesting votes: java.util.concurrent.ExecutionException: org.apache.ratis.thirdparty.io.netty.channel.AbstractChannel$AnnotatedConnectException: finishConnect(..) failed: Connection refused: localhost/127.0.0.1:15140
2024-10-11 15:03:33,921 [s4@group-F860CA578C61-LeaderElection19] INFO  impl.LeaderElection (LeaderElection.java:logAndReturn(90)) - s4@group-F860CA578C61-LeaderElection19: PRE_VOTE TIMEOUT received 1 response(s) and 2 exception(s):
2024-10-11 15:03:33,921 [s4@group-F860CA578C61-LeaderElection19] INFO  impl.LeaderElection (LeaderElection.java:logAndReturn(94)) -   Response 0: s4<-s3#0:OK-t2
2024-10-11 15:03:33,921 [s4@group-F860CA578C61-LeaderElection19] INFO  impl.LeaderElection (LogUtils.java:infoOrTrace(136)) -   Exception 1: java.util.concurrent.ExecutionException: org.apache.ratis.thirdparty.io.netty.channel.AbstractChannel$AnnotatedConnectException: finishConnect(..) failed: Connection refused: localhost/127.0.0.1:15148
2024-10-11 15:03:33,921 [s4@group-F860CA578C61-LeaderElection19] INFO  impl.LeaderElection (LogUtils.java:infoOrTrace(136)) -   Exception 2: java.util.concurrent.ExecutionException: org.apache.ratis.thirdparty.io.netty.channel.AbstractChannel$AnnotatedConnectException: finishConnect(..) failed: Connection refused: localhost/127.0.0.1:15140
2024-10-11 15:03:33,922 [s4@group-F860CA578C61-LeaderElection19] INFO  impl.LeaderElection (LeaderElection.java:askForVotes(339)) - s4@group-F860CA578C61-LeaderElection19 PRE_VOTE round 148: result TIMEOUT
2024-10-11 15:03:33,922 [s4@group-F860CA578C61-LeaderElection19] INFO  impl.LeaderElection (LeaderElection.java:askForVotes(337)) - s4@group-F860CA578C61-LeaderElection19 PRE_VOTE round 149: submit vote requests at term 2 for conf: {index: 1, cur=peers:[s3|localhost:15152, s4|localhost:15156, s0|localhost:15140, s1|localhost:15144, s2|localhost:15148]|listeners:[], old=null}
2024-10-11 15:03:33,922 [NettyRpcService-workerGroup--thread3] INFO  server.RaftServer$Division (RaftServerImpl.java:requestVote(1443)) - s3@group-F860CA578C61: receive requestVote(PRE_VOTE, s4, group-F860CA578C61, 2, (t:2, i:2))
2024-10-11 15:03:33,922 [NettyRpcService-workerGroup--thread3] INFO  impl.VoteContext (VoteContext.java:log(49)) - s3@group-F860CA578C61-CANDIDATE: accept PRE_VOTE from s4: our priority 0 <= candidate's priority 0
2024-10-11 15:03:33,923 [NettyRpcService-workerGroup--thread3] INFO  server.RaftServer$Division (RaftServerImpl.java:requestVote(1476)) - s3@group-F860CA578C61 replies to PRE_VOTE vote request: s4<-s3#0:OK-t2. Peer's state: s3@group-F860CA578C61:t2, leader=null, voted=s0, raftlog=Memoized:s3@group-F860CA578C61-SegmentedRaftLog:OPENED:c2:last(t:2, i:2), conf=conf: {index: 1, cur=peers:[s3|localhost:15152, s4|localhost:15156, s0|localhost:15140, s1|localhost:15144, s2|localhost:15148]|listeners:[], old=null}
2024-10-11 15:03:33,923 [s4@group-F860CA578C61-LeaderElection19] INFO  impl.LeaderElection (LogUtils.java:infoOrTrace(136)) - s4@group-F860CA578C61-LeaderElection19 got exception when requesting votes: java.util.concurrent.ExecutionException: org.apache.ratis.thirdparty.io.netty.channel.AbstractChannel$AnnotatedConnectException: finishConnect(..) failed: Connection refused: localhost/127.0.0.1:15140
2024-10-11 15:03:33,923 [s4@group-F860CA578C61-LeaderElection19] INFO  impl.LeaderElection (LogUtils.java:infoOrTrace(136)) - s4@group-F860CA578C61-LeaderElection19 got exception when requesting votes: java.util.concurrent.ExecutionException: org.apache.ratis.thirdparty.io.netty.channel.AbstractChannel$AnnotatedConnectException: finishConnect(..) failed: Connection refused: localhost/127.0.0.1:15148
2024-10-11 15:03:33,955 [s3@group-F860CA578C61-LeaderElection20] INFO  impl.LeaderElection (LeaderElection.java:logAndReturn(90)) - s3@group-F860CA578C61-LeaderElection20: PRE_VOTE TIMEOUT received 1 response(s) and 2 exception(s):
2024-10-11 15:03:33,955 [s3@group-F860CA578C61-LeaderElection20] INFO  impl.LeaderElection (LeaderElection.java:logAndReturn(94)) -   Response 0: s3<-s4#0:OK-t2
2024-10-11 15:03:33,955 [s3@group-F860CA578C61-LeaderElection20] INFO  impl.LeaderElection (LogUtils.java:infoOrTrace(136)) -   Exception 1: java.util.concurrent.ExecutionException: org.apache.ratis.thirdparty.io.netty.channel.AbstractChannel$AnnotatedConnectException: finishConnect(..) failed: Connection refused: localhost/127.0.0.1:15140
2024-10-11 15:03:33,955 [s3@group-F860CA578C61-LeaderElection20] INFO  impl.LeaderElection (LogUtils.java:infoOrTrace(136)) -   Exception 2: java.util.concurrent.ExecutionException: org.apache.ratis.thirdparty.io.netty.channel.AbstractChannel$AnnotatedConnectException: finishConnect(..) failed: Connection refused: localhost/127.0.0.1:15148
2024-10-11 15:03:33,955 [s3@group-F860CA578C61-LeaderElection20] INFO  impl.LeaderElection (LeaderElection.java:askForVotes(339)) - s3@group-F860CA578C61-LeaderElection20 PRE_VOTE round 138: result TIMEOUT
2024-10-11 15:03:33,955 [s3@group-F860CA578C61-LeaderElection20] INFO  impl.LeaderElection (LeaderElection.java:askForVotes(337)) - s3@group-F860CA578C61-LeaderElection20 PRE_VOTE round 139: submit vote requests at term 2 for conf: {index: 1, cur=peers:[s3|localhost:15152, s4|localhost:15156, s0|localhost:15140, s1|localhost:15144, s2|localhost:15148]|listeners:[], old=null}
2024-10-11 15:03:33,955 [NettyRpcService-workerGroup--thread3] INFO  server.RaftServer$Division (RaftServerImpl.java:requestVote(1443)) - s4@group-F860CA578C61: receive requestVote(PRE_VOTE, s3, group-F860CA578C61, 2, (t:2, i:2))
2024-10-11 15:03:33,955 [NettyRpcService-workerGroup--thread3] INFO  impl.VoteContext (VoteContext.java:log(49)) - s4@group-F860CA578C61-CANDIDATE: accept PRE_VOTE from s3: our priority 0 <= candidate's priority 0
2024-10-11 15:03:33,956 [s3@group-F860CA578C61-LeaderElection20] INFO  impl.LeaderElection (LogUtils.java:infoOrTrace(136)) - s3@group-F860CA578C61-LeaderElection20 got exception when requesting votes: java.util.concurrent.ExecutionException: org.apache.ratis.thirdparty.io.netty.channel.AbstractChannel$AnnotatedConnectException: finishConnect(..) failed: Connection refused: localhost/127.0.0.1:15140
2024-10-11 15:03:33,956 [NettyRpcService-workerGroup--thread3] INFO  server.RaftServer$Division (RaftServerImpl.java:requestVote(1476)) - s4@group-F860CA578C61 replies to PRE_VOTE vote request: s3<-s4#0:OK-t2. Peer's state: s4@group-F860CA578C61:t2, leader=null, voted=s0, raftlog=Memoized:s4@group-F860CA578C61-SegmentedRaftLog:OPENED:c2:last(t:2, i:2), conf=conf: {index: 1, cur=peers:[s3|localhost:15152, s4|localhost:15156, s0|localhost:15140, s1|localhost:15144, s2|localhost:15148]|listeners:[], old=null}
2024-10-11 15:03:33,956 [s3@group-F860CA578C61-LeaderElection20] INFO  impl.LeaderElection (LogUtils.java:infoOrTrace(136)) - s3@group-F860CA578C61-LeaderElection20 got exception when requesting votes: java.util.concurrent.ExecutionException: org.apache.ratis.thirdparty.io.netty.channel.AbstractChannel$AnnotatedConnectException: finishConnect(..) failed: Connection refused: localhost/127.0.0.1:15148
2024-10-11 15:03:34,067 [main] WARN  ratis.RaftTestUtil (RaftTestUtil.java:lambda$waitForLeader$3(126)) - Attempt #75 failed: java.lang.IllegalStateException: No leader yet : printing ALL groups
  s3:  RUNNING CANDIDATE s3@group-F860CA578C61:t2, leader=null, voted=s0, raftlog=Memoized:s3@group-F860CA578C61-SegmentedRaftLog:OPENED:c2:last(t:2, i:2), conf=conf: {index: 1, cur=peers:[s3|localhost:15152, s4|localhost:15156, s0|localhost:15140, s1|localhost:15144, s2|localhost:15148]|listeners:[], old=null} RUNNING
  s4:  RUNNING CANDIDATE s4@group-F860CA578C61:t2, leader=null, voted=s0, raftlog=Memoized:s4@group-F860CA578C61-SegmentedRaftLog:OPENED:c2:last(t:2, i:2), conf=conf: {index: 1, cur=peers:[s3|localhost:15152, s4|localhost:15156, s0|localhost:15140, s1|localhost:15144, s2|localhost:15148]|listeners:[], old=null} RUNNING
  s0:   CLOSED    LEADER s0@group-F860CA578C61:t2, leader=s0, voted=s0, raftlog=Memoized:s0@group-F860CA578C61-SegmentedRaftLog:CLOSED:c2, conf=conf: {index: 1, cur=peers:[s3|localhost:15152, s4|localhost:15156, s0|localhost:15140, s1|localhost:15144, s2|localhost:15148]|listeners:[], old=null} CLOSED
  s1:  RUNNING  FOLLOWER s1@group-F860CA578C61:t1, leader=null, voted=null, raftlog=Memoized:s1@group-F860CA578C61-SegmentedRaftLog:OPENED:c-1:lastnull, conf=conf: {index: -1, cur=peers:[s3|localhost:15152, s4|localhost:15156, s0|localhost:15140, s1|localhost:15144, s2|localhost:15148]|listeners:[], old=null} RUNNING
  s2:   CLOSED    LEADER s2@group-F860CA578C61:t1, leader=s2, voted=s2, raftlog=Memoized:s2@group-F860CA578C61-SegmentedRaftLog:CLOSED:c0, conf=conf: {index: 0, cur=peers:[s3|localhost:15152, s4|localhost:15156, s0|localhost:15140, s1|localhost:15144, s2|localhost:15148]|listeners:[], old=null} CLOSED
2024-10-11 15:03:34,173 [s3@group-F860CA578C61-LeaderElection20] INFO  impl.LeaderElection (LeaderElection.java:logAndReturn(90)) - s3@group-F860CA578C61-LeaderElection20: PRE_VOTE TIMEOUT received 1 response(s) and 2 exception(s):
2024-10-11 15:03:34,174 [s3@group-F860CA578C61-LeaderElection20] INFO  impl.LeaderElection (LeaderElection.java:logAndReturn(94)) -   Response 0: s3<-s4#0:OK-t2
2024-10-11 15:03:34,174 [s3@group-F860CA578C61-LeaderElection20] INFO  impl.LeaderElection (LogUtils.java:infoOrTrace(136)) -   Exception 1: java.util.concurrent.ExecutionException: org.apache.ratis.thirdparty.io.netty.channel.AbstractChannel$AnnotatedConnectException: finishConnect(..) failed: Connection refused: localhost/127.0.0.1:15140
2024-10-11 15:03:34,174 [s3@group-F860CA578C61-LeaderElection20] INFO  impl.LeaderElection (LogUtils.java:infoOrTrace(136)) -   Exception 2: java.util.concurrent.ExecutionException: org.apache.ratis.thirdparty.io.netty.channel.AbstractChannel$AnnotatedConnectException: finishConnect(..) failed: Connection refused: localhost/127.0.0.1:15148
2024-10-11 15:03:34,174 [s3@group-F860CA578C61-LeaderElection20] INFO  impl.LeaderElection (LeaderElection.java:askForVotes(339)) - s3@group-F860CA578C61-LeaderElection20 PRE_VOTE round 139: result TIMEOUT
2024-10-11 15:03:34,174 [s3@group-F860CA578C61-LeaderElection20] INFO  impl.LeaderElection (LeaderElection.java:askForVotes(337)) - s3@group-F860CA578C61-LeaderElection20 PRE_VOTE round 140: submit vote requests at term 2 for conf: {index: 1, cur=peers:[s3|localhost:15152, s4|localhost:15156, s0|localhost:15140, s1|localhost:15144, s2|localhost:15148]|listeners:[], old=null}
2024-10-11 15:03:34,175 [s3@group-F860CA578C61-LeaderElection20] INFO  impl.LeaderElection (LogUtils.java:infoOrTrace(136)) - s3@group-F860CA578C61-LeaderElection20 got exception when requesting votes: java.util.concurrent.ExecutionException: org.apache.ratis.thirdparty.io.netty.channel.AbstractChannel$AnnotatedConnectException: finishConnect(..) failed: Connection refused: localhost/127.0.0.1:15148
2024-10-11 15:03:34,175 [NettyRpcService-workerGroup--thread3] INFO  server.RaftServer$Division (RaftServerImpl.java:requestVote(1443)) - s4@group-F860CA578C61: receive requestVote(PRE_VOTE, s3, group-F860CA578C61, 2, (t:2, i:2))
2024-10-11 15:03:34,175 [s3@group-F860CA578C61-LeaderElection20] INFO  impl.LeaderElection (LogUtils.java:infoOrTrace(136)) - s3@group-F860CA578C61-LeaderElection20 got exception when requesting votes: java.util.concurrent.ExecutionException: org.apache.ratis.thirdparty.io.netty.channel.AbstractChannel$AnnotatedConnectException: finishConnect(..) failed: Connection refused: localhost/127.0.0.1:15140
2024-10-11 15:03:34,175 [NettyRpcService-workerGroup--thread3] INFO  impl.VoteContext (VoteContext.java:log(49)) - s4@group-F860CA578C61-CANDIDATE: accept PRE_VOTE from s3: our priority 0 <= candidate's priority 0
2024-10-11 15:03:34,175 [NettyRpcService-workerGroup--thread3] INFO  server.RaftServer$Division (RaftServerImpl.java:requestVote(1476)) - s4@group-F860CA578C61 replies to PRE_VOTE vote request: s3<-s4#0:OK-t2. Peer's state: s4@group-F860CA578C61:t2, leader=null, voted=s0, raftlog=Memoized:s4@group-F860CA578C61-SegmentedRaftLog:OPENED:c2:last(t:2, i:2), conf=conf: {index: 1, cur=peers:[s3|localhost:15152, s4|localhost:15156, s0|localhost:15140, s1|localhost:15144, s2|localhost:15148]|listeners:[], old=null}
2024-10-11 15:03:34,181 [s4@group-F860CA578C61-LeaderElection19] INFO  impl.LeaderElection (LeaderElection.java:logAndReturn(90)) - s4@group-F860CA578C61-LeaderElection19: PRE_VOTE TIMEOUT received 1 response(s) and 2 exception(s):
2024-10-11 15:03:34,181 [s4@group-F860CA578C61-LeaderElection19] INFO  impl.LeaderElection (LeaderElection.java:logAndReturn(94)) -   Response 0: s4<-s3#0:OK-t2
2024-10-11 15:03:34,181 [s4@group-F860CA578C61-LeaderElection19] INFO  impl.LeaderElection (LogUtils.java:infoOrTrace(136)) -   Exception 1: java.util.concurrent.ExecutionException: org.apache.ratis.thirdparty.io.netty.channel.AbstractChannel$AnnotatedConnectException: finishConnect(..) failed: Connection refused: localhost/127.0.0.1:15140
2024-10-11 15:03:34,181 [s4@group-F860CA578C61-LeaderElection19] INFO  impl.LeaderElection (LogUtils.java:infoOrTrace(136)) -   Exception 2: java.util.concurrent.ExecutionException: org.apache.ratis.thirdparty.io.netty.channel.AbstractChannel$AnnotatedConnectException: finishConnect(..) failed: Connection refused: localhost/127.0.0.1:15148
2024-10-11 15:03:34,181 [s4@group-F860CA578C61-LeaderElection19] INFO  impl.LeaderElection (LeaderElection.java:askForVotes(339)) - s4@group-F860CA578C61-LeaderElection19 PRE_VOTE round 149: result TIMEOUT
2024-10-11 15:03:34,182 [s4@group-F860CA578C61-LeaderElection19] INFO  impl.LeaderElection (LeaderElection.java:askForVotes(337)) - s4@group-F860CA578C61-LeaderElection19 PRE_VOTE round 150: submit vote requests at term 2 for conf: {index: 1, cur=peers:[s3|localhost:15152, s4|localhost:15156, s0|localhost:15140, s1|localhost:15144, s2|localhost:15148]|listeners:[], old=null}
2024-10-11 15:03:34,182 [NettyRpcService-workerGroup--thread3] INFO  server.RaftServer$Division (RaftServerImpl.java:requestVote(1443)) - s3@group-F860CA578C61: receive requestVote(PRE_VOTE, s4, group-F860CA578C61, 2, (t:2, i:2))
2024-10-11 15:03:34,182 [NettyRpcService-workerGroup--thread3] INFO  impl.VoteContext (VoteContext.java:log(49)) - s3@group-F860CA578C61-CANDIDATE: accept PRE_VOTE from s4: our priority 0 <= candidate's priority 0
2024-10-11 15:03:34,182 [NettyRpcService-workerGroup--thread3] INFO  server.RaftServer$Division (RaftServerImpl.java:requestVote(1476)) - s3@group-F860CA578C61 replies to PRE_VOTE vote request: s4<-s3#0:OK-t2. Peer's state: s3@group-F860CA578C61:t2, leader=null, voted=s0, raftlog=Memoized:s3@group-F860CA578C61-SegmentedRaftLog:OPENED:c2:last(t:2, i:2), conf=conf: {index: 1, cur=peers:[s3|localhost:15152, s4|localhost:15156, s0|localhost:15140, s1|localhost:15144, s2|localhost:15148]|listeners:[], old=null}
2024-10-11 15:03:34,183 [s4@group-F860CA578C61-LeaderElection19] INFO  impl.LeaderElection (LogUtils.java:infoOrTrace(136)) - s4@group-F860CA578C61-LeaderElection19 got exception when requesting votes: java.util.concurrent.ExecutionException: org.apache.ratis.thirdparty.io.netty.channel.AbstractChannel$AnnotatedConnectException: finishConnect(..) failed: Connection refused: localhost/127.0.0.1:15140
2024-10-11 15:03:34,183 [s4@group-F860CA578C61-LeaderElection19] INFO  impl.LeaderElection (LogUtils.java:infoOrTrace(136)) - s4@group-F860CA578C61-LeaderElection19 got exception when requesting votes: java.util.concurrent.ExecutionException: org.apache.ratis.thirdparty.io.netty.channel.AbstractChannel$AnnotatedConnectException: finishConnect(..) failed: Connection refused: localhost/127.0.0.1:15148
2024-10-11 15:03:34,427 [s4@group-F860CA578C61-LeaderElection19] INFO  impl.LeaderElection (LeaderElection.java:logAndReturn(90)) - s4@group-F860CA578C61-LeaderElection19: PRE_VOTE TIMEOUT received 1 response(s) and 2 exception(s):
2024-10-11 15:03:34,427 [s4@group-F860CA578C61-LeaderElection19] INFO  impl.LeaderElection (LeaderElection.java:logAndReturn(94)) -   Response 0: s4<-s3#0:OK-t2
2024-10-11 15:03:34,427 [s4@group-F860CA578C61-LeaderElection19] INFO  impl.LeaderElection (LogUtils.java:infoOrTrace(136)) -   Exception 1: java.util.concurrent.ExecutionException: org.apache.ratis.thirdparty.io.netty.channel.AbstractChannel$AnnotatedConnectException: finishConnect(..) failed: Connection refused: localhost/127.0.0.1:15140
2024-10-11 15:03:34,427 [s4@group-F860CA578C61-LeaderElection19] INFO  impl.LeaderElection (LogUtils.java:infoOrTrace(136)) -   Exception 2: java.util.concurrent.ExecutionException: org.apache.ratis.thirdparty.io.netty.channel.AbstractChannel$AnnotatedConnectException: finishConnect(..) failed: Connection refused: localhost/127.0.0.1:15148
2024-10-11 15:03:34,428 [s4@group-F860CA578C61-LeaderElection19] INFO  impl.LeaderElection (LeaderElection.java:askForVotes(339)) - s4@group-F860CA578C61-LeaderElection19 PRE_VOTE round 150: result TIMEOUT
2024-10-11 15:03:34,428 [s4@group-F860CA578C61-LeaderElection19] INFO  impl.LeaderElection (LeaderElection.java:askForVotes(337)) - s4@group-F860CA578C61-LeaderElection19 PRE_VOTE round 151: submit vote requests at term 2 for conf: {index: 1, cur=peers:[s3|localhost:15152, s4|localhost:15156, s0|localhost:15140, s1|localhost:15144, s2|localhost:15148]|listeners:[], old=null}
2024-10-11 15:03:34,428 [NettyRpcService-workerGroup--thread3] INFO  server.RaftServer$Division (RaftServerImpl.java:requestVote(1443)) - s3@group-F860CA578C61: receive requestVote(PRE_VOTE, s4, group-F860CA578C61, 2, (t:2, i:2))
2024-10-11 15:03:34,428 [NettyRpcService-workerGroup--thread3] INFO  impl.VoteContext (VoteContext.java:log(49)) - s3@group-F860CA578C61-CANDIDATE: accept PRE_VOTE from s4: our priority 0 <= candidate's priority 0
2024-10-11 15:03:34,429 [NettyRpcService-workerGroup--thread3] INFO  server.RaftServer$Division (RaftServerImpl.java:requestVote(1476)) - s3@group-F860CA578C61 replies to PRE_VOTE vote request: s4<-s3#0:OK-t2. Peer's state: s3@group-F860CA578C61:t2, leader=null, voted=s0, raftlog=Memoized:s3@group-F860CA578C61-SegmentedRaftLog:OPENED:c2:last(t:2, i:2), conf=conf: {index: 1, cur=peers:[s3|localhost:15152, s4|localhost:15156, s0|localhost:15140, s1|localhost:15144, s2|localhost:15148]|listeners:[], old=null}
2024-10-11 15:03:34,429 [s4@group-F860CA578C61-LeaderElection19] INFO  impl.LeaderElection (LogUtils.java:infoOrTrace(136)) - s4@group-F860CA578C61-LeaderElection19 got exception when requesting votes: java.util.concurrent.ExecutionException: org.apache.ratis.thirdparty.io.netty.channel.AbstractChannel$AnnotatedConnectException: finishConnect(..) failed: Connection refused: localhost/127.0.0.1:15148
2024-10-11 15:03:34,429 [s4@group-F860CA578C61-LeaderElection19] INFO  impl.LeaderElection (LogUtils.java:infoOrTrace(136)) - s4@group-F860CA578C61-LeaderElection19 got exception when requesting votes: java.util.concurrent.ExecutionException: org.apache.ratis.thirdparty.io.netty.channel.AbstractChannel$AnnotatedConnectException: finishConnect(..) failed: Connection refused: localhost/127.0.0.1:15140
2024-10-11 15:03:34,429 [s3@group-F860CA578C61-LeaderElection20] INFO  impl.LeaderElection (LeaderElection.java:logAndReturn(90)) - s3@group-F860CA578C61-LeaderElection20: PRE_VOTE TIMEOUT received 1 response(s) and 2 exception(s):
2024-10-11 15:03:34,429 [s3@group-F860CA578C61-LeaderElection20] INFO  impl.LeaderElection (LeaderElection.java:logAndReturn(94)) -   Response 0: s3<-s4#0:OK-t2
2024-10-11 15:03:34,429 [s3@group-F860CA578C61-LeaderElection20] INFO  impl.LeaderElection (LogUtils.java:infoOrTrace(136)) -   Exception 1: java.util.concurrent.ExecutionException: org.apache.ratis.thirdparty.io.netty.channel.AbstractChannel$AnnotatedConnectException: finishConnect(..) failed: Connection refused: localhost/127.0.0.1:15148
2024-10-11 15:03:34,430 [s3@group-F860CA578C61-LeaderElection20] INFO  impl.LeaderElection (LogUtils.java:infoOrTrace(136)) -   Exception 2: java.util.concurrent.ExecutionException: org.apache.ratis.thirdparty.io.netty.channel.AbstractChannel$AnnotatedConnectException: finishConnect(..) failed: Connection refused: localhost/127.0.0.1:15140
2024-10-11 15:03:34,430 [s3@group-F860CA578C61-LeaderElection20] INFO  impl.LeaderElection (LeaderElection.java:askForVotes(339)) - s3@group-F860CA578C61-LeaderElection20 PRE_VOTE round 140: result TIMEOUT
2024-10-11 15:03:34,430 [s3@group-F860CA578C61-LeaderElection20] INFO  impl.LeaderElection (LeaderElection.java:askForVotes(337)) - s3@group-F860CA578C61-LeaderElection20 PRE_VOTE round 141: submit vote requests at term 2 for conf: {index: 1, cur=peers:[s3|localhost:15152, s4|localhost:15156, s0|localhost:15140, s1|localhost:15144, s2|localhost:15148]|listeners:[], old=null}
2024-10-11 15:03:34,430 [NettyRpcService-workerGroup--thread3] INFO  server.RaftServer$Division (RaftServerImpl.java:requestVote(1443)) - s4@group-F860CA578C61: receive requestVote(PRE_VOTE, s3, group-F860CA578C61, 2, (t:2, i:2))
2024-10-11 15:03:34,430 [NettyRpcService-workerGroup--thread3] INFO  impl.VoteContext (VoteContext.java:log(49)) - s4@group-F860CA578C61-CANDIDATE: accept PRE_VOTE from s3: our priority 0 <= candidate's priority 0
2024-10-11 15:03:34,430 [NettyRpcService-workerGroup--thread3] INFO  server.RaftServer$Division (RaftServerImpl.java:requestVote(1476)) - s4@group-F860CA578C61 replies to PRE_VOTE vote request: s3<-s4#0:OK-t2. Peer's state: s4@group-F860CA578C61:t2, leader=null, voted=s0, raftlog=Memoized:s4@group-F860CA578C61-SegmentedRaftLog:OPENED:c2:last(t:2, i:2), conf=conf: {index: 1, cur=peers:[s3|localhost:15152, s4|localhost:15156, s0|localhost:15140, s1|localhost:15144, s2|localhost:15148]|listeners:[], old=null}
2024-10-11 15:03:34,430 [s3@group-F860CA578C61-LeaderElection20] INFO  impl.LeaderElection (LogUtils.java:infoOrTrace(136)) - s3@group-F860CA578C61-LeaderElection20 got exception when requesting votes: java.util.concurrent.ExecutionException: org.apache.ratis.thirdparty.io.netty.channel.AbstractChannel$AnnotatedConnectException: finishConnect(..) failed: Connection refused: localhost/127.0.0.1:15140
2024-10-11 15:03:34,431 [s3@group-F860CA578C61-LeaderElection20] INFO  impl.LeaderElection (LogUtils.java:infoOrTrace(136)) - s3@group-F860CA578C61-LeaderElection20 got exception when requesting votes: java.util.concurrent.ExecutionException: org.apache.ratis.thirdparty.io.netty.channel.AbstractChannel$AnnotatedConnectException: finishConnect(..) failed: Connection refused: localhost/127.0.0.1:15148
2024-10-11 15:03:34,517 [main] WARN  ratis.RaftTestUtil (RaftTestUtil.java:lambda$waitForLeader$3(126)) - Attempt #76 failed: java.lang.IllegalStateException: No leader yet : printing ALL groups
  s3:  RUNNING CANDIDATE s3@group-F860CA578C61:t2, leader=null, voted=s0, raftlog=Memoized:s3@group-F860CA578C61-SegmentedRaftLog:OPENED:c2:last(t:2, i:2), conf=conf: {index: 1, cur=peers:[s3|localhost:15152, s4|localhost:15156, s0|localhost:15140, s1|localhost:15144, s2|localhost:15148]|listeners:[], old=null} RUNNING
  s4:  RUNNING CANDIDATE s4@group-F860CA578C61:t2, leader=null, voted=s0, raftlog=Memoized:s4@group-F860CA578C61-SegmentedRaftLog:OPENED:c2:last(t:2, i:2), conf=conf: {index: 1, cur=peers:[s3|localhost:15152, s4|localhost:15156, s0|localhost:15140, s1|localhost:15144, s2|localhost:15148]|listeners:[], old=null} RUNNING
  s0:   CLOSED    LEADER s0@group-F860CA578C61:t2, leader=s0, voted=s0, raftlog=Memoized:s0@group-F860CA578C61-SegmentedRaftLog:CLOSED:c2, conf=conf: {index: 1, cur=peers:[s3|localhost:15152, s4|localhost:15156, s0|localhost:15140, s1|localhost:15144, s2|localhost:15148]|listeners:[], old=null} CLOSED
  s1:  RUNNING  FOLLOWER s1@group-F860CA578C61:t1, leader=null, voted=null, raftlog=Memoized:s1@group-F860CA578C61-SegmentedRaftLog:OPENED:c-1:lastnull, conf=conf: {index: -1, cur=peers:[s3|localhost:15152, s4|localhost:15156, s0|localhost:15140, s1|localhost:15144, s2|localhost:15148]|listeners:[], old=null} RUNNING
  s2:   CLOSED    LEADER s2@group-F860CA578C61:t1, leader=s2, voted=s2, raftlog=Memoized:s2@group-F860CA578C61-SegmentedRaftLog:CLOSED:c0, conf=conf: {index: 0, cur=peers:[s3|localhost:15152, s4|localhost:15156, s0|localhost:15140, s1|localhost:15144, s2|localhost:15148]|listeners:[], old=null} CLOSED
2024-10-11 15:03:34,612 [s4@group-F860CA578C61-LeaderElection19] INFO  impl.LeaderElection (LeaderElection.java:logAndReturn(90)) - s4@group-F860CA578C61-LeaderElection19: PRE_VOTE TIMEOUT received 1 response(s) and 2 exception(s):
2024-10-11 15:03:34,612 [s4@group-F860CA578C61-LeaderElection19] INFO  impl.LeaderElection (LeaderElection.java:logAndReturn(94)) -   Response 0: s4<-s3#0:OK-t2
2024-10-11 15:03:34,612 [s4@group-F860CA578C61-LeaderElection19] INFO  impl.LeaderElection (LogUtils.java:infoOrTrace(136)) -   Exception 1: java.util.concurrent.ExecutionException: org.apache.ratis.thirdparty.io.netty.channel.AbstractChannel$AnnotatedConnectException: finishConnect(..) failed: Connection refused: localhost/127.0.0.1:15148
2024-10-11 15:03:34,613 [s4@group-F860CA578C61-LeaderElection19] INFO  impl.LeaderElection (LogUtils.java:infoOrTrace(136)) -   Exception 2: java.util.concurrent.ExecutionException: org.apache.ratis.thirdparty.io.netty.channel.AbstractChannel$AnnotatedConnectException: finishConnect(..) failed: Connection refused: localhost/127.0.0.1:15140
2024-10-11 15:03:34,613 [s4@group-F860CA578C61-LeaderElection19] INFO  impl.LeaderElection (LeaderElection.java:askForVotes(339)) - s4@group-F860CA578C61-LeaderElection19 PRE_VOTE round 151: result TIMEOUT
2024-10-11 15:03:34,613 [s4@group-F860CA578C61-LeaderElection19] INFO  impl.LeaderElection (LeaderElection.java:askForVotes(337)) - s4@group-F860CA578C61-LeaderElection19 PRE_VOTE round 152: submit vote requests at term 2 for conf: {index: 1, cur=peers:[s3|localhost:15152, s4|localhost:15156, s0|localhost:15140, s1|localhost:15144, s2|localhost:15148]|listeners:[], old=null}
2024-10-11 15:03:34,613 [NettyRpcService-workerGroup--thread3] INFO  server.RaftServer$Division (RaftServerImpl.java:requestVote(1443)) - s3@group-F860CA578C61: receive requestVote(PRE_VOTE, s4, group-F860CA578C61, 2, (t:2, i:2))
2024-10-11 15:03:34,614 [NettyRpcService-workerGroup--thread3] INFO  impl.VoteContext (VoteContext.java:log(49)) - s3@group-F860CA578C61-CANDIDATE: accept PRE_VOTE from s4: our priority 0 <= candidate's priority 0
2024-10-11 15:03:34,614 [s4@group-F860CA578C61-LeaderElection19] INFO  impl.LeaderElection (LogUtils.java:infoOrTrace(136)) - s4@group-F860CA578C61-LeaderElection19 got exception when requesting votes: java.util.concurrent.ExecutionException: org.apache.ratis.thirdparty.io.netty.channel.AbstractChannel$AnnotatedConnectException: finishConnect(..) failed: Connection refused: localhost/127.0.0.1:15140
2024-10-11 15:03:34,614 [NettyRpcService-workerGroup--thread3] INFO  server.RaftServer$Division (RaftServerImpl.java:requestVote(1476)) - s3@group-F860CA578C61 replies to PRE_VOTE vote request: s4<-s3#0:OK-t2. Peer's state: s3@group-F860CA578C61:t2, leader=null, voted=s0, raftlog=Memoized:s3@group-F860CA578C61-SegmentedRaftLog:OPENED:c2:last(t:2, i:2), conf=conf: {index: 1, cur=peers:[s3|localhost:15152, s4|localhost:15156, s0|localhost:15140, s1|localhost:15144, s2|localhost:15148]|listeners:[], old=null}
2024-10-11 15:03:34,614 [s4@group-F860CA578C61-LeaderElection19] INFO  impl.LeaderElection (LogUtils.java:infoOrTrace(136)) - s4@group-F860CA578C61-LeaderElection19 got exception when requesting votes: java.util.concurrent.ExecutionException: org.apache.ratis.thirdparty.io.netty.channel.AbstractChannel$AnnotatedConnectException: finishConnect(..) failed: Connection refused: localhost/127.0.0.1:15148
2024-10-11 15:03:34,683 [s3@group-F860CA578C61-LeaderElection20] INFO  impl.LeaderElection (LeaderElection.java:logAndReturn(90)) - s3@group-F860CA578C61-LeaderElection20: PRE_VOTE TIMEOUT received 1 response(s) and 2 exception(s):
2024-10-11 15:03:34,683 [s3@group-F860CA578C61-LeaderElection20] INFO  impl.LeaderElection (LeaderElection.java:logAndReturn(94)) -   Response 0: s3<-s4#0:OK-t2
2024-10-11 15:03:34,683 [s3@group-F860CA578C61-LeaderElection20] INFO  impl.LeaderElection (LogUtils.java:infoOrTrace(136)) -   Exception 1: java.util.concurrent.ExecutionException: org.apache.ratis.thirdparty.io.netty.channel.AbstractChannel$AnnotatedConnectException: finishConnect(..) failed: Connection refused: localhost/127.0.0.1:15140
2024-10-11 15:03:34,683 [s3@group-F860CA578C61-LeaderElection20] INFO  impl.LeaderElection (LogUtils.java:infoOrTrace(136)) -   Exception 2: java.util.concurrent.ExecutionException: org.apache.ratis.thirdparty.io.netty.channel.AbstractChannel$AnnotatedConnectException: finishConnect(..) failed: Connection refused: localhost/127.0.0.1:15148
2024-10-11 15:03:34,683 [s3@group-F860CA578C61-LeaderElection20] INFO  impl.LeaderElection (LeaderElection.java:askForVotes(339)) - s3@group-F860CA578C61-LeaderElection20 PRE_VOTE round 141: result TIMEOUT
2024-10-11 15:03:34,683 [s3@group-F860CA578C61-LeaderElection20] INFO  impl.LeaderElection (LeaderElection.java:askForVotes(337)) - s3@group-F860CA578C61-LeaderElection20 PRE_VOTE round 142: submit vote requests at term 2 for conf: {index: 1, cur=peers:[s3|localhost:15152, s4|localhost:15156, s0|localhost:15140, s1|localhost:15144, s2|localhost:15148]|listeners:[], old=null}
2024-10-11 15:03:34,684 [NettyRpcService-workerGroup--thread3] INFO  server.RaftServer$Division (RaftServerImpl.java:requestVote(1443)) - s4@group-F860CA578C61: receive requestVote(PRE_VOTE, s3, group-F860CA578C61, 2, (t:2, i:2))
2024-10-11 15:03:34,684 [NettyRpcService-workerGroup--thread3] INFO  impl.VoteContext (VoteContext.java:log(49)) - s4@group-F860CA578C61-CANDIDATE: accept PRE_VOTE from s3: our priority 0 <= candidate's priority 0
2024-10-11 15:03:34,684 [NettyRpcService-workerGroup--thread3] INFO  server.RaftServer$Division (RaftServerImpl.java:requestVote(1476)) - s4@group-F860CA578C61 replies to PRE_VOTE vote request: s3<-s4#0:OK-t2. Peer's state: s4@group-F860CA578C61:t2, leader=null, voted=s0, raftlog=Memoized:s4@group-F860CA578C61-SegmentedRaftLog:OPENED:c2:last(t:2, i:2), conf=conf: {index: 1, cur=peers:[s3|localhost:15152, s4|localhost:15156, s0|localhost:15140, s1|localhost:15144, s2|localhost:15148]|listeners:[], old=null}
2024-10-11 15:03:34,684 [s3@group-F860CA578C61-LeaderElection20] INFO  impl.LeaderElection (LogUtils.java:infoOrTrace(136)) - s3@group-F860CA578C61-LeaderElection20 got exception when requesting votes: java.util.concurrent.ExecutionException: org.apache.ratis.thirdparty.io.netty.channel.AbstractChannel$AnnotatedConnectException: finishConnect(..) failed: Connection refused: localhost/127.0.0.1:15148
2024-10-11 15:03:34,684 [s3@group-F860CA578C61-LeaderElection20] INFO  impl.LeaderElection (LogUtils.java:infoOrTrace(136)) - s3@group-F860CA578C61-LeaderElection20 got exception when requesting votes: java.util.concurrent.ExecutionException: org.apache.ratis.thirdparty.io.netty.channel.AbstractChannel$AnnotatedConnectException: finishConnect(..) failed: Connection refused: localhost/127.0.0.1:15140
2024-10-11 15:03:34,804 [s4@group-F860CA578C61-LeaderElection19] INFO  impl.LeaderElection (LeaderElection.java:logAndReturn(90)) - s4@group-F860CA578C61-LeaderElection19: PRE_VOTE TIMEOUT received 1 response(s) and 2 exception(s):
2024-10-11 15:03:34,804 [s4@group-F860CA578C61-LeaderElection19] INFO  impl.LeaderElection (LeaderElection.java:logAndReturn(94)) -   Response 0: s4<-s3#0:OK-t2
2024-10-11 15:03:34,804 [s4@group-F860CA578C61-LeaderElection19] INFO  impl.LeaderElection (LogUtils.java:infoOrTrace(136)) -   Exception 1: java.util.concurrent.ExecutionException: org.apache.ratis.thirdparty.io.netty.channel.AbstractChannel$AnnotatedConnectException: finishConnect(..) failed: Connection refused: localhost/127.0.0.1:15140
2024-10-11 15:03:34,804 [s4@group-F860CA578C61-LeaderElection19] INFO  impl.LeaderElection (LogUtils.java:infoOrTrace(136)) -   Exception 2: java.util.concurrent.ExecutionException: org.apache.ratis.thirdparty.io.netty.channel.AbstractChannel$AnnotatedConnectException: finishConnect(..) failed: Connection refused: localhost/127.0.0.1:15148
2024-10-11 15:03:34,805 [s4@group-F860CA578C61-LeaderElection19] INFO  impl.LeaderElection (LeaderElection.java:askForVotes(339)) - s4@group-F860CA578C61-LeaderElection19 PRE_VOTE round 152: result TIMEOUT
2024-10-11 15:03:34,805 [s4@group-F860CA578C61-LeaderElection19] INFO  impl.LeaderElection (LeaderElection.java:askForVotes(337)) - s4@group-F860CA578C61-LeaderElection19 PRE_VOTE round 153: submit vote requests at term 2 for conf: {index: 1, cur=peers:[s3|localhost:15152, s4|localhost:15156, s0|localhost:15140, s1|localhost:15144, s2|localhost:15148]|listeners:[], old=null}
2024-10-11 15:03:34,805 [NettyRpcService-workerGroup--thread3] INFO  server.RaftServer$Division (RaftServerImpl.java:requestVote(1443)) - s3@group-F860CA578C61: receive requestVote(PRE_VOTE, s4, group-F860CA578C61, 2, (t:2, i:2))
2024-10-11 15:03:34,805 [NettyRpcService-workerGroup--thread3] INFO  impl.VoteContext (VoteContext.java:log(49)) - s3@group-F860CA578C61-CANDIDATE: accept PRE_VOTE from s4: our priority 0 <= candidate's priority 0
2024-10-11 15:03:34,806 [NettyRpcService-workerGroup--thread3] INFO  server.RaftServer$Division (RaftServerImpl.java:requestVote(1476)) - s3@group-F860CA578C61 replies to PRE_VOTE vote request: s4<-s3#0:OK-t2. Peer's state: s3@group-F860CA578C61:t2, leader=null, voted=s0, raftlog=Memoized:s3@group-F860CA578C61-SegmentedRaftLog:OPENED:c2:last(t:2, i:2), conf=conf: {index: 1, cur=peers:[s3|localhost:15152, s4|localhost:15156, s0|localhost:15140, s1|localhost:15144, s2|localhost:15148]|listeners:[], old=null}
2024-10-11 15:03:34,806 [s4@group-F860CA578C61-LeaderElection19] INFO  impl.LeaderElection (LogUtils.java:infoOrTrace(136)) - s4@group-F860CA578C61-LeaderElection19 got exception when requesting votes: java.util.concurrent.ExecutionException: org.apache.ratis.thirdparty.io.netty.channel.AbstractChannel$AnnotatedConnectException: finishConnect(..) failed: Connection refused: localhost/127.0.0.1:15148
2024-10-11 15:03:34,806 [s4@group-F860CA578C61-LeaderElection19] INFO  impl.LeaderElection (LogUtils.java:infoOrTrace(136)) - s4@group-F860CA578C61-LeaderElection19 got exception when requesting votes: java.util.concurrent.ExecutionException: org.apache.ratis.thirdparty.io.netty.channel.AbstractChannel$AnnotatedConnectException: finishConnect(..) failed: Connection refused: localhost/127.0.0.1:15140
2024-10-11 15:03:34,843 [s3@group-F860CA578C61-LeaderElection20] INFO  impl.LeaderElection (LeaderElection.java:logAndReturn(90)) - s3@group-F860CA578C61-LeaderElection20: PRE_VOTE TIMEOUT received 1 response(s) and 2 exception(s):
2024-10-11 15:03:34,844 [s3@group-F860CA578C61-LeaderElection20] INFO  impl.LeaderElection (LeaderElection.java:logAndReturn(94)) -   Response 0: s3<-s4#0:OK-t2
2024-10-11 15:03:34,844 [s3@group-F860CA578C61-LeaderElection20] INFO  impl.LeaderElection (LogUtils.java:infoOrTrace(136)) -   Exception 1: java.util.concurrent.ExecutionException: org.apache.ratis.thirdparty.io.netty.channel.AbstractChannel$AnnotatedConnectException: finishConnect(..) failed: Connection refused: localhost/127.0.0.1:15148
2024-10-11 15:03:34,844 [s3@group-F860CA578C61-LeaderElection20] INFO  impl.LeaderElection (LogUtils.java:infoOrTrace(136)) -   Exception 2: java.util.concurrent.ExecutionException: org.apache.ratis.thirdparty.io.netty.channel.AbstractChannel$AnnotatedConnectException: finishConnect(..) failed: Connection refused: localhost/127.0.0.1:15140
2024-10-11 15:03:34,844 [s3@group-F860CA578C61-LeaderElection20] INFO  impl.LeaderElection (LeaderElection.java:askForVotes(339)) - s3@group-F860CA578C61-LeaderElection20 PRE_VOTE round 142: result TIMEOUT
2024-10-11 15:03:34,844 [s3@group-F860CA578C61-LeaderElection20] INFO  impl.LeaderElection (LeaderElection.java:askForVotes(337)) - s3@group-F860CA578C61-LeaderElection20 PRE_VOTE round 143: submit vote requests at term 2 for conf: {index: 1, cur=peers:[s3|localhost:15152, s4|localhost:15156, s0|localhost:15140, s1|localhost:15144, s2|localhost:15148]|listeners:[], old=null}
2024-10-11 15:03:34,844 [NettyRpcService-workerGroup--thread3] INFO  server.RaftServer$Division (RaftServerImpl.java:requestVote(1443)) - s4@group-F860CA578C61: receive requestVote(PRE_VOTE, s3, group-F860CA578C61, 2, (t:2, i:2))
2024-10-11 15:03:34,844 [NettyRpcService-workerGroup--thread3] INFO  impl.VoteContext (VoteContext.java:log(49)) - s4@group-F860CA578C61-CANDIDATE: accept PRE_VOTE from s3: our priority 0 <= candidate's priority 0
2024-10-11 15:03:34,844 [NettyRpcService-workerGroup--thread3] INFO  server.RaftServer$Division (RaftServerImpl.java:requestVote(1476)) - s4@group-F860CA578C61 replies to PRE_VOTE vote request: s3<-s4#0:OK-t2. Peer's state: s4@group-F860CA578C61:t2, leader=null, voted=s0, raftlog=Memoized:s4@group-F860CA578C61-SegmentedRaftLog:OPENED:c2:last(t:2, i:2), conf=conf: {index: 1, cur=peers:[s3|localhost:15152, s4|localhost:15156, s0|localhost:15140, s1|localhost:15144, s2|localhost:15148]|listeners:[], old=null}
2024-10-11 15:03:34,845 [s3@group-F860CA578C61-LeaderElection20] INFO  impl.LeaderElection (LogUtils.java:infoOrTrace(136)) - s3@group-F860CA578C61-LeaderElection20 got exception when requesting votes: java.util.concurrent.ExecutionException: org.apache.ratis.thirdparty.io.netty.channel.AbstractChannel$AnnotatedConnectException: finishConnect(..) failed: Connection refused: localhost/127.0.0.1:15140
2024-10-11 15:03:34,845 [s3@group-F860CA578C61-LeaderElection20] INFO  impl.LeaderElection (LogUtils.java:infoOrTrace(136)) - s3@group-F860CA578C61-LeaderElection20 got exception when requesting votes: java.util.concurrent.ExecutionException: org.apache.ratis.thirdparty.io.netty.channel.AbstractChannel$AnnotatedConnectException: finishConnect(..) failed: Connection refused: localhost/127.0.0.1:15148
2024-10-11 15:03:34,968 [main] WARN  ratis.RaftTestUtil (RaftTestUtil.java:lambda$waitForLeader$3(126)) - Attempt #77 failed: java.lang.IllegalStateException: No leader yet : printing ALL groups
  s3:  RUNNING CANDIDATE s3@group-F860CA578C61:t2, leader=null, voted=s0, raftlog=Memoized:s3@group-F860CA578C61-SegmentedRaftLog:OPENED:c2:last(t:2, i:2), conf=conf: {index: 1, cur=peers:[s3|localhost:15152, s4|localhost:15156, s0|localhost:15140, s1|localhost:15144, s2|localhost:15148]|listeners:[], old=null} RUNNING
  s4:  RUNNING CANDIDATE s4@group-F860CA578C61:t2, leader=null, voted=s0, raftlog=Memoized:s4@group-F860CA578C61-SegmentedRaftLog:OPENED:c2:last(t:2, i:2), conf=conf: {index: 1, cur=peers:[s3|localhost:15152, s4|localhost:15156, s0|localhost:15140, s1|localhost:15144, s2|localhost:15148]|listeners:[], old=null} RUNNING
  s0:   CLOSED    LEADER s0@group-F860CA578C61:t2, leader=s0, voted=s0, raftlog=Memoized:s0@group-F860CA578C61-SegmentedRaftLog:CLOSED:c2, conf=conf: {index: 1, cur=peers:[s3|localhost:15152, s4|localhost:15156, s0|localhost:15140, s1|localhost:15144, s2|localhost:15148]|listeners:[], old=null} CLOSED
  s1:  RUNNING  FOLLOWER s1@group-F860CA578C61:t1, leader=null, voted=null, raftlog=Memoized:s1@group-F860CA578C61-SegmentedRaftLog:OPENED:c-1:lastnull, conf=conf: {index: -1, cur=peers:[s3|localhost:15152, s4|localhost:15156, s0|localhost:15140, s1|localhost:15144, s2|localhost:15148]|listeners:[], old=null} RUNNING
  s2:   CLOSED    LEADER s2@group-F860CA578C61:t1, leader=s2, voted=s2, raftlog=Memoized:s2@group-F860CA578C61-SegmentedRaftLog:CLOSED:c0, conf=conf: {index: 0, cur=peers:[s3|localhost:15152, s4|localhost:15156, s0|localhost:15140, s1|localhost:15144, s2|localhost:15148]|listeners:[], old=null} CLOSED
2024-10-11 15:03:35,053 [s4@group-F860CA578C61-LeaderElection19] INFO  impl.LeaderElection (LeaderElection.java:logAndReturn(90)) - s4@group-F860CA578C61-LeaderElection19: PRE_VOTE TIMEOUT received 1 response(s) and 2 exception(s):
2024-10-11 15:03:35,053 [s4@group-F860CA578C61-LeaderElection19] INFO  impl.LeaderElection (LeaderElection.java:logAndReturn(94)) -   Response 0: s4<-s3#0:OK-t2
2024-10-11 15:03:35,053 [s4@group-F860CA578C61-LeaderElection19] INFO  impl.LeaderElection (LogUtils.java:infoOrTrace(136)) -   Exception 1: java.util.concurrent.ExecutionException: org.apache.ratis.thirdparty.io.netty.channel.AbstractChannel$AnnotatedConnectException: finishConnect(..) failed: Connection refused: localhost/127.0.0.1:15148
2024-10-11 15:03:35,054 [s4@group-F860CA578C61-LeaderElection19] INFO  impl.LeaderElection (LogUtils.java:infoOrTrace(136)) -   Exception 2: java.util.concurrent.ExecutionException: org.apache.ratis.thirdparty.io.netty.channel.AbstractChannel$AnnotatedConnectException: finishConnect(..) failed: Connection refused: localhost/127.0.0.1:15140
2024-10-11 15:03:35,054 [s4@group-F860CA578C61-LeaderElection19] INFO  impl.LeaderElection (LeaderElection.java:askForVotes(339)) - s4@group-F860CA578C61-LeaderElection19 PRE_VOTE round 153: result TIMEOUT
2024-10-11 15:03:35,054 [s4@group-F860CA578C61-LeaderElection19] INFO  impl.LeaderElection (LeaderElection.java:askForVotes(337)) - s4@group-F860CA578C61-LeaderElection19 PRE_VOTE round 154: submit vote requests at term 2 for conf: {index: 1, cur=peers:[s3|localhost:15152, s4|localhost:15156, s0|localhost:15140, s1|localhost:15144, s2|localhost:15148]|listeners:[], old=null}
2024-10-11 15:03:35,054 [NettyRpcService-workerGroup--thread3] INFO  server.RaftServer$Division (RaftServerImpl.java:requestVote(1443)) - s3@group-F860CA578C61: receive requestVote(PRE_VOTE, s4, group-F860CA578C61, 2, (t:2, i:2))
2024-10-11 15:03:35,054 [NettyRpcService-workerGroup--thread3] INFO  impl.VoteContext (VoteContext.java:log(49)) - s3@group-F860CA578C61-CANDIDATE: accept PRE_VOTE from s4: our priority 0 <= candidate's priority 0
2024-10-11 15:03:35,055 [NettyRpcService-workerGroup--thread3] INFO  server.RaftServer$Division (RaftServerImpl.java:requestVote(1476)) - s3@group-F860CA578C61 replies to PRE_VOTE vote request: s4<-s3#0:OK-t2. Peer's state: s3@group-F860CA578C61:t2, leader=null, voted=s0, raftlog=Memoized:s3@group-F860CA578C61-SegmentedRaftLog:OPENED:c2:last(t:2, i:2), conf=conf: {index: 1, cur=peers:[s3|localhost:15152, s4|localhost:15156, s0|localhost:15140, s1|localhost:15144, s2|localhost:15148]|listeners:[], old=null}
2024-10-11 15:03:35,055 [s4@group-F860CA578C61-LeaderElection19] INFO  impl.LeaderElection (LogUtils.java:infoOrTrace(136)) - s4@group-F860CA578C61-LeaderElection19 got exception when requesting votes: java.util.concurrent.ExecutionException: org.apache.ratis.thirdparty.io.netty.channel.AbstractChannel$AnnotatedConnectException: finishConnect(..) failed: Connection refused: localhost/127.0.0.1:15140
2024-10-11 15:03:35,055 [s4@group-F860CA578C61-LeaderElection19] INFO  impl.LeaderElection (LogUtils.java:infoOrTrace(136)) - s4@group-F860CA578C61-LeaderElection19 got exception when requesting votes: java.util.concurrent.ExecutionException: org.apache.ratis.thirdparty.io.netty.channel.AbstractChannel$AnnotatedConnectException: finishConnect(..) failed: Connection refused: localhost/127.0.0.1:15148
2024-10-11 15:03:35,103 [s3@group-F860CA578C61-LeaderElection20] INFO  impl.LeaderElection (LeaderElection.java:logAndReturn(90)) - s3@group-F860CA578C61-LeaderElection20: PRE_VOTE TIMEOUT received 1 response(s) and 2 exception(s):
2024-10-11 15:03:35,103 [s3@group-F860CA578C61-LeaderElection20] INFO  impl.LeaderElection (LeaderElection.java:logAndReturn(94)) -   Response 0: s3<-s4#0:OK-t2
2024-10-11 15:03:35,103 [s3@group-F860CA578C61-LeaderElection20] INFO  impl.LeaderElection (LogUtils.java:infoOrTrace(136)) -   Exception 1: java.util.concurrent.ExecutionException: org.apache.ratis.thirdparty.io.netty.channel.AbstractChannel$AnnotatedConnectException: finishConnect(..) failed: Connection refused: localhost/127.0.0.1:15140
2024-10-11 15:03:35,103 [s3@group-F860CA578C61-LeaderElection20] INFO  impl.LeaderElection (LogUtils.java:infoOrTrace(136)) -   Exception 2: java.util.concurrent.ExecutionException: org.apache.ratis.thirdparty.io.netty.channel.AbstractChannel$AnnotatedConnectException: finishConnect(..) failed: Connection refused: localhost/127.0.0.1:15148
2024-10-11 15:03:35,103 [s3@group-F860CA578C61-LeaderElection20] INFO  impl.LeaderElection (LeaderElection.java:askForVotes(339)) - s3@group-F860CA578C61-LeaderElection20 PRE_VOTE round 143: result TIMEOUT
2024-10-11 15:03:35,103 [s3@group-F860CA578C61-LeaderElection20] INFO  impl.LeaderElection (LeaderElection.java:askForVotes(337)) - s3@group-F860CA578C61-LeaderElection20 PRE_VOTE round 144: submit vote requests at term 2 for conf: {index: 1, cur=peers:[s3|localhost:15152, s4|localhost:15156, s0|localhost:15140, s1|localhost:15144, s2|localhost:15148]|listeners:[], old=null}
2024-10-11 15:03:35,103 [NettyRpcService-workerGroup--thread3] INFO  server.RaftServer$Division (RaftServerImpl.java:requestVote(1443)) - s4@group-F860CA578C61: receive requestVote(PRE_VOTE, s3, group-F860CA578C61, 2, (t:2, i:2))
2024-10-11 15:03:35,104 [NettyRpcService-workerGroup--thread3] INFO  impl.VoteContext (VoteContext.java:log(49)) - s4@group-F860CA578C61-CANDIDATE: accept PRE_VOTE from s3: our priority 0 <= candidate's priority 0
2024-10-11 15:03:35,104 [s3@group-F860CA578C61-LeaderElection20] INFO  impl.LeaderElection (LogUtils.java:infoOrTrace(136)) - s3@group-F860CA578C61-LeaderElection20 got exception when requesting votes: java.util.concurrent.ExecutionException: org.apache.ratis.thirdparty.io.netty.channel.AbstractChannel$AnnotatedConnectException: finishConnect(..) failed: Connection refused: localhost/127.0.0.1:15140
2024-10-11 15:03:35,104 [NettyRpcService-workerGroup--thread3] INFO  server.RaftServer$Division (RaftServerImpl.java:requestVote(1476)) - s4@group-F860CA578C61 replies to PRE_VOTE vote request: s3<-s4#0:OK-t2. Peer's state: s4@group-F860CA578C61:t2, leader=null, voted=s0, raftlog=Memoized:s4@group-F860CA578C61-SegmentedRaftLog:OPENED:c2:last(t:2, i:2), conf=conf: {index: 1, cur=peers:[s3|localhost:15152, s4|localhost:15156, s0|localhost:15140, s1|localhost:15144, s2|localhost:15148]|listeners:[], old=null}
2024-10-11 15:03:35,104 [s3@group-F860CA578C61-LeaderElection20] INFO  impl.LeaderElection (LogUtils.java:infoOrTrace(136)) - s3@group-F860CA578C61-LeaderElection20 got exception when requesting votes: java.util.concurrent.ExecutionException: org.apache.ratis.thirdparty.io.netty.channel.AbstractChannel$AnnotatedConnectException: finishConnect(..) failed: Connection refused: localhost/127.0.0.1:15148
2024-10-11 15:03:35,284 [s3@group-F860CA578C61-LeaderElection20] INFO  impl.LeaderElection (LeaderElection.java:logAndReturn(90)) - s3@group-F860CA578C61-LeaderElection20: PRE_VOTE TIMEOUT received 1 response(s) and 2 exception(s):
2024-10-11 15:03:35,284 [s3@group-F860CA578C61-LeaderElection20] INFO  impl.LeaderElection (LeaderElection.java:logAndReturn(94)) -   Response 0: s3<-s4#0:OK-t2
2024-10-11 15:03:35,284 [s3@group-F860CA578C61-LeaderElection20] INFO  impl.LeaderElection (LogUtils.java:infoOrTrace(136)) -   Exception 1: java.util.concurrent.ExecutionException: org.apache.ratis.thirdparty.io.netty.channel.AbstractChannel$AnnotatedConnectException: finishConnect(..) failed: Connection refused: localhost/127.0.0.1:15140
2024-10-11 15:03:35,284 [s3@group-F860CA578C61-LeaderElection20] INFO  impl.LeaderElection (LogUtils.java:infoOrTrace(136)) -   Exception 2: java.util.concurrent.ExecutionException: org.apache.ratis.thirdparty.io.netty.channel.AbstractChannel$AnnotatedConnectException: finishConnect(..) failed: Connection refused: localhost/127.0.0.1:15148
2024-10-11 15:03:35,284 [s3@group-F860CA578C61-LeaderElection20] INFO  impl.LeaderElection (LeaderElection.java:askForVotes(339)) - s3@group-F860CA578C61-LeaderElection20 PRE_VOTE round 144: result TIMEOUT
2024-10-11 15:03:35,284 [s3@group-F860CA578C61-LeaderElection20] INFO  impl.LeaderElection (LeaderElection.java:askForVotes(337)) - s3@group-F860CA578C61-LeaderElection20 PRE_VOTE round 145: submit vote requests at term 2 for conf: {index: 1, cur=peers:[s3|localhost:15152, s4|localhost:15156, s0|localhost:15140, s1|localhost:15144, s2|localhost:15148]|listeners:[], old=null}
2024-10-11 15:03:35,285 [NettyRpcService-workerGroup--thread3] INFO  server.RaftServer$Division (RaftServerImpl.java:requestVote(1443)) - s4@group-F860CA578C61: receive requestVote(PRE_VOTE, s3, group-F860CA578C61, 2, (t:2, i:2))
2024-10-11 15:03:35,285 [NettyRpcService-workerGroup--thread3] INFO  impl.VoteContext (VoteContext.java:log(49)) - s4@group-F860CA578C61-CANDIDATE: accept PRE_VOTE from s3: our priority 0 <= candidate's priority 0
2024-10-11 15:03:35,285 [NettyRpcService-workerGroup--thread3] INFO  server.RaftServer$Division (RaftServerImpl.java:requestVote(1476)) - s4@group-F860CA578C61 replies to PRE_VOTE vote request: s3<-s4#0:OK-t2. Peer's state: s4@group-F860CA578C61:t2, leader=null, voted=s0, raftlog=Memoized:s4@group-F860CA578C61-SegmentedRaftLog:OPENED:c2:last(t:2, i:2), conf=conf: {index: 1, cur=peers:[s3|localhost:15152, s4|localhost:15156, s0|localhost:15140, s1|localhost:15144, s2|localhost:15148]|listeners:[], old=null}
2024-10-11 15:03:35,285 [s3@group-F860CA578C61-LeaderElection20] INFO  impl.LeaderElection (LogUtils.java:infoOrTrace(136)) - s3@group-F860CA578C61-LeaderElection20 got exception when requesting votes: java.util.concurrent.ExecutionException: org.apache.ratis.thirdparty.io.netty.channel.AbstractChannel$AnnotatedConnectException: finishConnect(..) failed: Connection refused: localhost/127.0.0.1:15140
2024-10-11 15:03:35,285 [s3@group-F860CA578C61-LeaderElection20] INFO  impl.LeaderElection (LogUtils.java:infoOrTrace(136)) - s3@group-F860CA578C61-LeaderElection20 got exception when requesting votes: java.util.concurrent.ExecutionException: org.apache.ratis.thirdparty.io.netty.channel.AbstractChannel$AnnotatedConnectException: finishConnect(..) failed: Connection refused: localhost/127.0.0.1:15148
2024-10-11 15:03:35,338 [s4@group-F860CA578C61-LeaderElection19] INFO  impl.LeaderElection (LeaderElection.java:logAndReturn(90)) - s4@group-F860CA578C61-LeaderElection19: PRE_VOTE TIMEOUT received 1 response(s) and 2 exception(s):
2024-10-11 15:03:35,338 [s4@group-F860CA578C61-LeaderElection19] INFO  impl.LeaderElection (LeaderElection.java:logAndReturn(94)) -   Response 0: s4<-s3#0:OK-t2
2024-10-11 15:03:35,338 [s4@group-F860CA578C61-LeaderElection19] INFO  impl.LeaderElection (LogUtils.java:infoOrTrace(136)) -   Exception 1: java.util.concurrent.ExecutionException: org.apache.ratis.thirdparty.io.netty.channel.AbstractChannel$AnnotatedConnectException: finishConnect(..) failed: Connection refused: localhost/127.0.0.1:15140
2024-10-11 15:03:35,338 [s4@group-F860CA578C61-LeaderElection19] INFO  impl.LeaderElection (LogUtils.java:infoOrTrace(136)) -   Exception 2: java.util.concurrent.ExecutionException: org.apache.ratis.thirdparty.io.netty.channel.AbstractChannel$AnnotatedConnectException: finishConnect(..) failed: Connection refused: localhost/127.0.0.1:15148
2024-10-11 15:03:35,338 [s4@group-F860CA578C61-LeaderElection19] INFO  impl.LeaderElection (LeaderElection.java:askForVotes(339)) - s4@group-F860CA578C61-LeaderElection19 PRE_VOTE round 154: result TIMEOUT
2024-10-11 15:03:35,338 [s4@group-F860CA578C61-LeaderElection19] INFO  impl.LeaderElection (LeaderElection.java:askForVotes(337)) - s4@group-F860CA578C61-LeaderElection19 PRE_VOTE round 155: submit vote requests at term 2 for conf: {index: 1, cur=peers:[s3|localhost:15152, s4|localhost:15156, s0|localhost:15140, s1|localhost:15144, s2|localhost:15148]|listeners:[], old=null}
2024-10-11 15:03:35,339 [NettyRpcService-workerGroup--thread3] INFO  server.RaftServer$Division (RaftServerImpl.java:requestVote(1443)) - s3@group-F860CA578C61: receive requestVote(PRE_VOTE, s4, group-F860CA578C61, 2, (t:2, i:2))
2024-10-11 15:03:35,339 [NettyRpcService-workerGroup--thread3] INFO  impl.VoteContext (VoteContext.java:log(49)) - s3@group-F860CA578C61-CANDIDATE: accept PRE_VOTE from s4: our priority 0 <= candidate's priority 0
2024-10-11 15:03:35,339 [NettyRpcService-workerGroup--thread3] INFO  server.RaftServer$Division (RaftServerImpl.java:requestVote(1476)) - s3@group-F860CA578C61 replies to PRE_VOTE vote request: s4<-s3#0:OK-t2. Peer's state: s3@group-F860CA578C61:t2, leader=null, voted=s0, raftlog=Memoized:s3@group-F860CA578C61-SegmentedRaftLog:OPENED:c2:last(t:2, i:2), conf=conf: {index: 1, cur=peers:[s3|localhost:15152, s4|localhost:15156, s0|localhost:15140, s1|localhost:15144, s2|localhost:15148]|listeners:[], old=null}
2024-10-11 15:03:35,339 [s4@group-F860CA578C61-LeaderElection19] INFO  impl.LeaderElection (LogUtils.java:infoOrTrace(136)) - s4@group-F860CA578C61-LeaderElection19 got exception when requesting votes: java.util.concurrent.ExecutionException: org.apache.ratis.thirdparty.io.netty.channel.AbstractChannel$AnnotatedConnectException: finishConnect(..) failed: Connection refused: localhost/127.0.0.1:15140
2024-10-11 15:03:35,339 [s4@group-F860CA578C61-LeaderElection19] INFO  impl.LeaderElection (LogUtils.java:infoOrTrace(136)) - s4@group-F860CA578C61-LeaderElection19 got exception when requesting votes: java.util.concurrent.ExecutionException: org.apache.ratis.thirdparty.io.netty.channel.AbstractChannel$AnnotatedConnectException: finishConnect(..) failed: Connection refused: localhost/127.0.0.1:15148
2024-10-11 15:03:35,418 [main] WARN  ratis.RaftTestUtil (RaftTestUtil.java:lambda$waitForLeader$3(126)) - Attempt #78 failed: java.lang.IllegalStateException: No leader yet : printing ALL groups
  s3:  RUNNING CANDIDATE s3@group-F860CA578C61:t2, leader=null, voted=s0, raftlog=Memoized:s3@group-F860CA578C61-SegmentedRaftLog:OPENED:c2:last(t:2, i:2), conf=conf: {index: 1, cur=peers:[s3|localhost:15152, s4|localhost:15156, s0|localhost:15140, s1|localhost:15144, s2|localhost:15148]|listeners:[], old=null} RUNNING
  s4:  RUNNING CANDIDATE s4@group-F860CA578C61:t2, leader=null, voted=s0, raftlog=Memoized:s4@group-F860CA578C61-SegmentedRaftLog:OPENED:c2:last(t:2, i:2), conf=conf: {index: 1, cur=peers:[s3|localhost:15152, s4|localhost:15156, s0|localhost:15140, s1|localhost:15144, s2|localhost:15148]|listeners:[], old=null} RUNNING
  s0:   CLOSED    LEADER s0@group-F860CA578C61:t2, leader=s0, voted=s0, raftlog=Memoized:s0@group-F860CA578C61-SegmentedRaftLog:CLOSED:c2, conf=conf: {index: 1, cur=peers:[s3|localhost:15152, s4|localhost:15156, s0|localhost:15140, s1|localhost:15144, s2|localhost:15148]|listeners:[], old=null} CLOSED
  s1:  RUNNING  FOLLOWER s1@group-F860CA578C61:t1, leader=null, voted=null, raftlog=Memoized:s1@group-F860CA578C61-SegmentedRaftLog:OPENED:c-1:lastnull, conf=conf: {index: -1, cur=peers:[s3|localhost:15152, s4|localhost:15156, s0|localhost:15140, s1|localhost:15144, s2|localhost:15148]|listeners:[], old=null} RUNNING
  s2:   CLOSED    LEADER s2@group-F860CA578C61:t1, leader=s2, voted=s2, raftlog=Memoized:s2@group-F860CA578C61-SegmentedRaftLog:CLOSED:c0, conf=conf: {index: 0, cur=peers:[s3|localhost:15152, s4|localhost:15156, s0|localhost:15140, s1|localhost:15144, s2|localhost:15148]|listeners:[], old=null} CLOSED
2024-10-11 15:03:35,508 [s4@group-F860CA578C61-LeaderElection19] INFO  impl.LeaderElection (LeaderElection.java:logAndReturn(90)) - s4@group-F860CA578C61-LeaderElection19: PRE_VOTE TIMEOUT received 1 response(s) and 2 exception(s):
2024-10-11 15:03:35,508 [s4@group-F860CA578C61-LeaderElection19] INFO  impl.LeaderElection (LeaderElection.java:logAndReturn(94)) -   Response 0: s4<-s3#0:OK-t2
2024-10-11 15:03:35,508 [s4@group-F860CA578C61-LeaderElection19] INFO  impl.LeaderElection (LogUtils.java:infoOrTrace(136)) -   Exception 1: java.util.concurrent.ExecutionException: org.apache.ratis.thirdparty.io.netty.channel.AbstractChannel$AnnotatedConnectException: finishConnect(..) failed: Connection refused: localhost/127.0.0.1:15140
2024-10-11 15:03:35,508 [s4@group-F860CA578C61-LeaderElection19] INFO  impl.LeaderElection (LogUtils.java:infoOrTrace(136)) -   Exception 2: java.util.concurrent.ExecutionException: org.apache.ratis.thirdparty.io.netty.channel.AbstractChannel$AnnotatedConnectException: finishConnect(..) failed: Connection refused: localhost/127.0.0.1:15148
2024-10-11 15:03:35,508 [s4@group-F860CA578C61-LeaderElection19] INFO  impl.LeaderElection (LeaderElection.java:askForVotes(339)) - s4@group-F860CA578C61-LeaderElection19 PRE_VOTE round 155: result TIMEOUT
2024-10-11 15:03:35,509 [s4@group-F860CA578C61-LeaderElection19] INFO  impl.LeaderElection (LeaderElection.java:askForVotes(337)) - s4@group-F860CA578C61-LeaderElection19 PRE_VOTE round 156: submit vote requests at term 2 for conf: {index: 1, cur=peers:[s3|localhost:15152, s4|localhost:15156, s0|localhost:15140, s1|localhost:15144, s2|localhost:15148]|listeners:[], old=null}
2024-10-11 15:03:35,509 [NettyRpcService-workerGroup--thread3] INFO  server.RaftServer$Division (RaftServerImpl.java:requestVote(1443)) - s3@group-F860CA578C61: receive requestVote(PRE_VOTE, s4, group-F860CA578C61, 2, (t:2, i:2))
2024-10-11 15:03:35,509 [NettyRpcService-workerGroup--thread3] INFO  impl.VoteContext (VoteContext.java:log(49)) - s3@group-F860CA578C61-CANDIDATE: accept PRE_VOTE from s4: our priority 0 <= candidate's priority 0
2024-10-11 15:03:35,509 [s4@group-F860CA578C61-LeaderElection19] INFO  impl.LeaderElection (LogUtils.java:infoOrTrace(136)) - s4@group-F860CA578C61-LeaderElection19 got exception when requesting votes: java.util.concurrent.ExecutionException: org.apache.ratis.thirdparty.io.netty.channel.AbstractChannel$AnnotatedConnectException: finishConnect(..) failed: Connection refused: localhost/127.0.0.1:15140
2024-10-11 15:03:35,510 [NettyRpcService-workerGroup--thread3] INFO  server.RaftServer$Division (RaftServerImpl.java:requestVote(1476)) - s3@group-F860CA578C61 replies to PRE_VOTE vote request: s4<-s3#0:OK-t2. Peer's state: s3@group-F860CA578C61:t2, leader=null, voted=s0, raftlog=Memoized:s3@group-F860CA578C61-SegmentedRaftLog:OPENED:c2:last(t:2, i:2), conf=conf: {index: 1, cur=peers:[s3|localhost:15152, s4|localhost:15156, s0|localhost:15140, s1|localhost:15144, s2|localhost:15148]|listeners:[], old=null}
2024-10-11 15:03:35,510 [s4@group-F860CA578C61-LeaderElection19] INFO  impl.LeaderElection (LogUtils.java:infoOrTrace(136)) - s4@group-F860CA578C61-LeaderElection19 got exception when requesting votes: java.util.concurrent.ExecutionException: org.apache.ratis.thirdparty.io.netty.channel.AbstractChannel$AnnotatedConnectException: finishConnect(..) failed: Connection refused: localhost/127.0.0.1:15148
2024-10-11 15:03:35,516 [s3@group-F860CA578C61-LeaderElection20] INFO  impl.LeaderElection (LeaderElection.java:logAndReturn(90)) - s3@group-F860CA578C61-LeaderElection20: PRE_VOTE TIMEOUT received 1 response(s) and 2 exception(s):
2024-10-11 15:03:35,516 [s3@group-F860CA578C61-LeaderElection20] INFO  impl.LeaderElection (LeaderElection.java:logAndReturn(94)) -   Response 0: s3<-s4#0:OK-t2
2024-10-11 15:03:35,516 [s3@group-F860CA578C61-LeaderElection20] INFO  impl.LeaderElection (LogUtils.java:infoOrTrace(136)) -   Exception 1: java.util.concurrent.ExecutionException: org.apache.ratis.thirdparty.io.netty.channel.AbstractChannel$AnnotatedConnectException: finishConnect(..) failed: Connection refused: localhost/127.0.0.1:15140
2024-10-11 15:03:35,516 [s3@group-F860CA578C61-LeaderElection20] INFO  impl.LeaderElection (LogUtils.java:infoOrTrace(136)) -   Exception 2: java.util.concurrent.ExecutionException: org.apache.ratis.thirdparty.io.netty.channel.AbstractChannel$AnnotatedConnectException: finishConnect(..) failed: Connection refused: localhost/127.0.0.1:15148
2024-10-11 15:03:35,516 [s3@group-F860CA578C61-LeaderElection20] INFO  impl.LeaderElection (LeaderElection.java:askForVotes(339)) - s3@group-F860CA578C61-LeaderElection20 PRE_VOTE round 145: result TIMEOUT
2024-10-11 15:03:35,516 [s3@group-F860CA578C61-LeaderElection20] INFO  impl.LeaderElection (LeaderElection.java:askForVotes(337)) - s3@group-F860CA578C61-LeaderElection20 PRE_VOTE round 146: submit vote requests at term 2 for conf: {index: 1, cur=peers:[s3|localhost:15152, s4|localhost:15156, s0|localhost:15140, s1|localhost:15144, s2|localhost:15148]|listeners:[], old=null}
2024-10-11 15:03:35,516 [NettyRpcService-workerGroup--thread3] INFO  server.RaftServer$Division (RaftServerImpl.java:requestVote(1443)) - s4@group-F860CA578C61: receive requestVote(PRE_VOTE, s3, group-F860CA578C61, 2, (t:2, i:2))
2024-10-11 15:03:35,516 [NettyRpcService-workerGroup--thread3] INFO  impl.VoteContext (VoteContext.java:log(49)) - s4@group-F860CA578C61-CANDIDATE: accept PRE_VOTE from s3: our priority 0 <= candidate's priority 0
2024-10-11 15:03:35,517 [NettyRpcService-workerGroup--thread3] INFO  server.RaftServer$Division (RaftServerImpl.java:requestVote(1476)) - s4@group-F860CA578C61 replies to PRE_VOTE vote request: s3<-s4#0:OK-t2. Peer's state: s4@group-F860CA578C61:t2, leader=null, voted=s0, raftlog=Memoized:s4@group-F860CA578C61-SegmentedRaftLog:OPENED:c2:last(t:2, i:2), conf=conf: {index: 1, cur=peers:[s3|localhost:15152, s4|localhost:15156, s0|localhost:15140, s1|localhost:15144, s2|localhost:15148]|listeners:[], old=null}
2024-10-11 15:03:35,517 [s3@group-F860CA578C61-LeaderElection20] INFO  impl.LeaderElection (LogUtils.java:infoOrTrace(136)) - s3@group-F860CA578C61-LeaderElection20 got exception when requesting votes: java.util.concurrent.ExecutionException: org.apache.ratis.thirdparty.io.netty.channel.AbstractChannel$AnnotatedConnectException: finishConnect(..) failed: Connection refused: localhost/127.0.0.1:15140
2024-10-11 15:03:35,517 [s3@group-F860CA578C61-LeaderElection20] INFO  impl.LeaderElection (LogUtils.java:infoOrTrace(136)) - s3@group-F860CA578C61-LeaderElection20 got exception when requesting votes: java.util.concurrent.ExecutionException: org.apache.ratis.thirdparty.io.netty.channel.AbstractChannel$AnnotatedConnectException: finishConnect(..) failed: Connection refused: localhost/127.0.0.1:15148
2024-10-11 15:03:35,760 [s3@group-F860CA578C61-LeaderElection20] INFO  impl.LeaderElection (LeaderElection.java:logAndReturn(90)) - s3@group-F860CA578C61-LeaderElection20: PRE_VOTE TIMEOUT received 1 response(s) and 2 exception(s):
2024-10-11 15:03:35,760 [s3@group-F860CA578C61-LeaderElection20] INFO  impl.LeaderElection (LeaderElection.java:logAndReturn(94)) -   Response 0: s3<-s4#0:OK-t2
2024-10-11 15:03:35,760 [s3@group-F860CA578C61-LeaderElection20] INFO  impl.LeaderElection (LogUtils.java:infoOrTrace(136)) -   Exception 1: java.util.concurrent.ExecutionException: org.apache.ratis.thirdparty.io.netty.channel.AbstractChannel$AnnotatedConnectException: finishConnect(..) failed: Connection refused: localhost/127.0.0.1:15140
2024-10-11 15:03:35,760 [s3@group-F860CA578C61-LeaderElection20] INFO  impl.LeaderElection (LogUtils.java:infoOrTrace(136)) -   Exception 2: java.util.concurrent.ExecutionException: org.apache.ratis.thirdparty.io.netty.channel.AbstractChannel$AnnotatedConnectException: finishConnect(..) failed: Connection refused: localhost/127.0.0.1:15148
2024-10-11 15:03:35,760 [s3@group-F860CA578C61-LeaderElection20] INFO  impl.LeaderElection (LeaderElection.java:askForVotes(339)) - s3@group-F860CA578C61-LeaderElection20 PRE_VOTE round 146: result TIMEOUT
2024-10-11 15:03:35,760 [s3@group-F860CA578C61-LeaderElection20] INFO  impl.LeaderElection (LeaderElection.java:askForVotes(337)) - s3@group-F860CA578C61-LeaderElection20 PRE_VOTE round 147: submit vote requests at term 2 for conf: {index: 1, cur=peers:[s3|localhost:15152, s4|localhost:15156, s0|localhost:15140, s1|localhost:15144, s2|localhost:15148]|listeners:[], old=null}
2024-10-11 15:03:35,760 [NettyRpcService-workerGroup--thread3] INFO  server.RaftServer$Division (RaftServerImpl.java:requestVote(1443)) - s4@group-F860CA578C61: receive requestVote(PRE_VOTE, s3, group-F860CA578C61, 2, (t:2, i:2))
2024-10-11 15:03:35,761 [NettyRpcService-workerGroup--thread3] INFO  impl.VoteContext (VoteContext.java:log(49)) - s4@group-F860CA578C61-CANDIDATE: accept PRE_VOTE from s3: our priority 0 <= candidate's priority 0
2024-10-11 15:03:35,761 [NettyRpcService-workerGroup--thread3] INFO  server.RaftServer$Division (RaftServerImpl.java:requestVote(1476)) - s4@group-F860CA578C61 replies to PRE_VOTE vote request: s3<-s4#0:OK-t2. Peer's state: s4@group-F860CA578C61:t2, leader=null, voted=s0, raftlog=Memoized:s4@group-F860CA578C61-SegmentedRaftLog:OPENED:c2:last(t:2, i:2), conf=conf: {index: 1, cur=peers:[s3|localhost:15152, s4|localhost:15156, s0|localhost:15140, s1|localhost:15144, s2|localhost:15148]|listeners:[], old=null}
2024-10-11 15:03:35,761 [s3@group-F860CA578C61-LeaderElection20] INFO  impl.LeaderElection (LogUtils.java:infoOrTrace(136)) - s3@group-F860CA578C61-LeaderElection20 got exception when requesting votes: java.util.concurrent.ExecutionException: org.apache.ratis.thirdparty.io.netty.channel.AbstractChannel$AnnotatedConnectException: finishConnect(..) failed: Connection refused: localhost/127.0.0.1:15148
2024-10-11 15:03:35,761 [s4@group-F860CA578C61-LeaderElection19] INFO  impl.LeaderElection (LeaderElection.java:logAndReturn(90)) - s4@group-F860CA578C61-LeaderElection19: PRE_VOTE TIMEOUT received 1 response(s) and 2 exception(s):
2024-10-11 15:03:35,761 [s4@group-F860CA578C61-LeaderElection19] INFO  impl.LeaderElection (LeaderElection.java:logAndReturn(94)) -   Response 0: s4<-s3#0:OK-t2
2024-10-11 15:03:35,761 [s4@group-F860CA578C61-LeaderElection19] INFO  impl.LeaderElection (LogUtils.java:infoOrTrace(136)) -   Exception 1: java.util.concurrent.ExecutionException: org.apache.ratis.thirdparty.io.netty.channel.AbstractChannel$AnnotatedConnectException: finishConnect(..) failed: Connection refused: localhost/127.0.0.1:15140
2024-10-11 15:03:35,761 [s4@group-F860CA578C61-LeaderElection19] INFO  impl.LeaderElection (LogUtils.java:infoOrTrace(136)) -   Exception 2: java.util.concurrent.ExecutionException: org.apache.ratis.thirdparty.io.netty.channel.AbstractChannel$AnnotatedConnectException: finishConnect(..) failed: Connection refused: localhost/127.0.0.1:15148
2024-10-11 15:03:35,761 [s3@group-F860CA578C61-LeaderElection20] INFO  impl.LeaderElection (LogUtils.java:infoOrTrace(136)) - s3@group-F860CA578C61-LeaderElection20 got exception when requesting votes: java.util.concurrent.ExecutionException: org.apache.ratis.thirdparty.io.netty.channel.AbstractChannel$AnnotatedConnectException: finishConnect(..) failed: Connection refused: localhost/127.0.0.1:15140
2024-10-11 15:03:35,761 [s4@group-F860CA578C61-LeaderElection19] INFO  impl.LeaderElection (LeaderElection.java:askForVotes(339)) - s4@group-F860CA578C61-LeaderElection19 PRE_VOTE round 156: result TIMEOUT
2024-10-11 15:03:35,761 [s4@group-F860CA578C61-LeaderElection19] INFO  impl.LeaderElection (LeaderElection.java:askForVotes(337)) - s4@group-F860CA578C61-LeaderElection19 PRE_VOTE round 157: submit vote requests at term 2 for conf: {index: 1, cur=peers:[s3|localhost:15152, s4|localhost:15156, s0|localhost:15140, s1|localhost:15144, s2|localhost:15148]|listeners:[], old=null}
2024-10-11 15:03:35,762 [s4@group-F860CA578C61-LeaderElection19] INFO  impl.LeaderElection (LogUtils.java:infoOrTrace(136)) - s4@group-F860CA578C61-LeaderElection19 got exception when requesting votes: java.util.concurrent.ExecutionException: org.apache.ratis.thirdparty.io.netty.channel.AbstractChannel$AnnotatedConnectException: finishConnect(..) failed: Connection refused: localhost/127.0.0.1:15140
2024-10-11 15:03:35,764 [s4@group-F860CA578C61-LeaderElection19] INFO  impl.LeaderElection (LogUtils.java:infoOrTrace(136)) - s4@group-F860CA578C61-LeaderElection19 got exception when requesting votes: java.util.concurrent.ExecutionException: org.apache.ratis.thirdparty.io.netty.channel.AbstractChannel$AnnotatedConnectException: finishConnect(..) failed: Connection refused: localhost/127.0.0.1:15148
2024-10-11 15:03:35,765 [NettyRpcService-workerGroup--thread3] INFO  server.RaftServer$Division (RaftServerImpl.java:requestVote(1443)) - s3@group-F860CA578C61: receive requestVote(PRE_VOTE, s4, group-F860CA578C61, 2, (t:2, i:2))
2024-10-11 15:03:35,765 [NettyRpcService-workerGroup--thread3] INFO  impl.VoteContext (VoteContext.java:log(49)) - s3@group-F860CA578C61-CANDIDATE: accept PRE_VOTE from s4: our priority 0 <= candidate's priority 0
2024-10-11 15:03:35,765 [NettyRpcService-workerGroup--thread3] INFO  server.RaftServer$Division (RaftServerImpl.java:requestVote(1476)) - s3@group-F860CA578C61 replies to PRE_VOTE vote request: s4<-s3#0:OK-t2. Peer's state: s3@group-F860CA578C61:t2, leader=null, voted=s0, raftlog=Memoized:s3@group-F860CA578C61-SegmentedRaftLog:OPENED:c2:last(t:2, i:2), conf=conf: {index: 1, cur=peers:[s3|localhost:15152, s4|localhost:15156, s0|localhost:15140, s1|localhost:15144, s2|localhost:15148]|listeners:[], old=null}
2024-10-11 15:03:35,869 [main] WARN  ratis.RaftTestUtil (RaftTestUtil.java:lambda$waitForLeader$3(126)) - Attempt #79 failed: java.lang.IllegalStateException: No leader yet : printing ALL groups
  s3:  RUNNING CANDIDATE s3@group-F860CA578C61:t2, leader=null, voted=s0, raftlog=Memoized:s3@group-F860CA578C61-SegmentedRaftLog:OPENED:c2:last(t:2, i:2), conf=conf: {index: 1, cur=peers:[s3|localhost:15152, s4|localhost:15156, s0|localhost:15140, s1|localhost:15144, s2|localhost:15148]|listeners:[], old=null} RUNNING
  s4:  RUNNING CANDIDATE s4@group-F860CA578C61:t2, leader=null, voted=s0, raftlog=Memoized:s4@group-F860CA578C61-SegmentedRaftLog:OPENED:c2:last(t:2, i:2), conf=conf: {index: 1, cur=peers:[s3|localhost:15152, s4|localhost:15156, s0|localhost:15140, s1|localhost:15144, s2|localhost:15148]|listeners:[], old=null} RUNNING
  s0:   CLOSED    LEADER s0@group-F860CA578C61:t2, leader=s0, voted=s0, raftlog=Memoized:s0@group-F860CA578C61-SegmentedRaftLog:CLOSED:c2, conf=conf: {index: 1, cur=peers:[s3|localhost:15152, s4|localhost:15156, s0|localhost:15140, s1|localhost:15144, s2|localhost:15148]|listeners:[], old=null} CLOSED
  s1:  RUNNING  FOLLOWER s1@group-F860CA578C61:t1, leader=null, voted=null, raftlog=Memoized:s1@group-F860CA578C61-SegmentedRaftLog:OPENED:c-1:lastnull, conf=conf: {index: -1, cur=peers:[s3|localhost:15152, s4|localhost:15156, s0|localhost:15140, s1|localhost:15144, s2|localhost:15148]|listeners:[], old=null} RUNNING
  s2:   CLOSED    LEADER s2@group-F860CA578C61:t1, leader=s2, voted=s2, raftlog=Memoized:s2@group-F860CA578C61-SegmentedRaftLog:CLOSED:c0, conf=conf: {index: 0, cur=peers:[s3|localhost:15152, s4|localhost:15156, s0|localhost:15140, s1|localhost:15144, s2|localhost:15148]|listeners:[], old=null} CLOSED
2024-10-11 15:03:35,953 [s4@group-F860CA578C61-LeaderElection19] INFO  impl.LeaderElection (LeaderElection.java:logAndReturn(90)) - s4@group-F860CA578C61-LeaderElection19: PRE_VOTE TIMEOUT received 1 response(s) and 2 exception(s):
2024-10-11 15:03:35,953 [s4@group-F860CA578C61-LeaderElection19] INFO  impl.LeaderElection (LeaderElection.java:logAndReturn(94)) -   Response 0: s4<-s3#0:OK-t2
2024-10-11 15:03:35,953 [s4@group-F860CA578C61-LeaderElection19] INFO  impl.LeaderElection (LogUtils.java:infoOrTrace(136)) -   Exception 1: java.util.concurrent.ExecutionException: org.apache.ratis.thirdparty.io.netty.channel.AbstractChannel$AnnotatedConnectException: finishConnect(..) failed: Connection refused: localhost/127.0.0.1:15140
2024-10-11 15:03:35,953 [s4@group-F860CA578C61-LeaderElection19] INFO  impl.LeaderElection (LogUtils.java:infoOrTrace(136)) -   Exception 2: java.util.concurrent.ExecutionException: org.apache.ratis.thirdparty.io.netty.channel.AbstractChannel$AnnotatedConnectException: finishConnect(..) failed: Connection refused: localhost/127.0.0.1:15148
2024-10-11 15:03:35,953 [s4@group-F860CA578C61-LeaderElection19] INFO  impl.LeaderElection (LeaderElection.java:askForVotes(339)) - s4@group-F860CA578C61-LeaderElection19 PRE_VOTE round 157: result TIMEOUT
2024-10-11 15:03:35,954 [s4@group-F860CA578C61-LeaderElection19] INFO  impl.LeaderElection (LeaderElection.java:askForVotes(337)) - s4@group-F860CA578C61-LeaderElection19 PRE_VOTE round 158: submit vote requests at term 2 for conf: {index: 1, cur=peers:[s3|localhost:15152, s4|localhost:15156, s0|localhost:15140, s1|localhost:15144, s2|localhost:15148]|listeners:[], old=null}
2024-10-11 15:03:35,954 [NettyRpcService-workerGroup--thread3] INFO  server.RaftServer$Division (RaftServerImpl.java:requestVote(1443)) - s3@group-F860CA578C61: receive requestVote(PRE_VOTE, s4, group-F860CA578C61, 2, (t:2, i:2))
2024-10-11 15:03:35,954 [NettyRpcService-workerGroup--thread3] INFO  impl.VoteContext (VoteContext.java:log(49)) - s3@group-F860CA578C61-CANDIDATE: accept PRE_VOTE from s4: our priority 0 <= candidate's priority 0
2024-10-11 15:03:35,954 [s4@group-F860CA578C61-LeaderElection19] INFO  impl.LeaderElection (LogUtils.java:infoOrTrace(136)) - s4@group-F860CA578C61-LeaderElection19 got exception when requesting votes: java.util.concurrent.ExecutionException: org.apache.ratis.thirdparty.io.netty.channel.AbstractChannel$AnnotatedConnectException: finishConnect(..) failed: Connection refused: localhost/127.0.0.1:15140
2024-10-11 15:03:35,955 [NettyRpcService-workerGroup--thread3] INFO  server.RaftServer$Division (RaftServerImpl.java:requestVote(1476)) - s3@group-F860CA578C61 replies to PRE_VOTE vote request: s4<-s3#0:OK-t2. Peer's state: s3@group-F860CA578C61:t2, leader=null, voted=s0, raftlog=Memoized:s3@group-F860CA578C61-SegmentedRaftLog:OPENED:c2:last(t:2, i:2), conf=conf: {index: 1, cur=peers:[s3|localhost:15152, s4|localhost:15156, s0|localhost:15140, s1|localhost:15144, s2|localhost:15148]|listeners:[], old=null}
2024-10-11 15:03:35,955 [s4@group-F860CA578C61-LeaderElection19] INFO  impl.LeaderElection (LogUtils.java:infoOrTrace(136)) - s4@group-F860CA578C61-LeaderElection19 got exception when requesting votes: java.util.concurrent.ExecutionException: org.apache.ratis.thirdparty.io.netty.channel.AbstractChannel$AnnotatedConnectException: finishConnect(..) failed: Connection refused: localhost/127.0.0.1:15148
2024-10-11 15:03:35,981 [s3@group-F860CA578C61-LeaderElection20] INFO  impl.LeaderElection (LeaderElection.java:logAndReturn(90)) - s3@group-F860CA578C61-LeaderElection20: PRE_VOTE TIMEOUT received 1 response(s) and 2 exception(s):
2024-10-11 15:03:35,981 [s3@group-F860CA578C61-LeaderElection20] INFO  impl.LeaderElection (LeaderElection.java:logAndReturn(94)) -   Response 0: s3<-s4#0:OK-t2
2024-10-11 15:03:35,981 [s3@group-F860CA578C61-LeaderElection20] INFO  impl.LeaderElection (LogUtils.java:infoOrTrace(136)) -   Exception 1: java.util.concurrent.ExecutionException: org.apache.ratis.thirdparty.io.netty.channel.AbstractChannel$AnnotatedConnectException: finishConnect(..) failed: Connection refused: localhost/127.0.0.1:15148
2024-10-11 15:03:35,981 [s3@group-F860CA578C61-LeaderElection20] INFO  impl.LeaderElection (LogUtils.java:infoOrTrace(136)) -   Exception 2: java.util.concurrent.ExecutionException: org.apache.ratis.thirdparty.io.netty.channel.AbstractChannel$AnnotatedConnectException: finishConnect(..) failed: Connection refused: localhost/127.0.0.1:15140
2024-10-11 15:03:35,981 [s3@group-F860CA578C61-LeaderElection20] INFO  impl.LeaderElection (LeaderElection.java:askForVotes(339)) - s3@group-F860CA578C61-LeaderElection20 PRE_VOTE round 147: result TIMEOUT
2024-10-11 15:03:35,981 [s3@group-F860CA578C61-LeaderElection20] INFO  impl.LeaderElection (LeaderElection.java:askForVotes(337)) - s3@group-F860CA578C61-LeaderElection20 PRE_VOTE round 148: submit vote requests at term 2 for conf: {index: 1, cur=peers:[s3|localhost:15152, s4|localhost:15156, s0|localhost:15140, s1|localhost:15144, s2|localhost:15148]|listeners:[], old=null}
2024-10-11 15:03:35,981 [NettyRpcService-workerGroup--thread3] INFO  server.RaftServer$Division (RaftServerImpl.java:requestVote(1443)) - s4@group-F860CA578C61: receive requestVote(PRE_VOTE, s3, group-F860CA578C61, 2, (t:2, i:2))
2024-10-11 15:03:35,981 [NettyRpcService-workerGroup--thread3] INFO  impl.VoteContext (VoteContext.java:log(49)) - s4@group-F860CA578C61-CANDIDATE: accept PRE_VOTE from s3: our priority 0 <= candidate's priority 0
2024-10-11 15:03:35,982 [NettyRpcService-workerGroup--thread3] INFO  server.RaftServer$Division (RaftServerImpl.java:requestVote(1476)) - s4@group-F860CA578C61 replies to PRE_VOTE vote request: s3<-s4#0:OK-t2. Peer's state: s4@group-F860CA578C61:t2, leader=null, voted=s0, raftlog=Memoized:s4@group-F860CA578C61-SegmentedRaftLog:OPENED:c2:last(t:2, i:2), conf=conf: {index: 1, cur=peers:[s3|localhost:15152, s4|localhost:15156, s0|localhost:15140, s1|localhost:15144, s2|localhost:15148]|listeners:[], old=null}
2024-10-11 15:03:35,982 [s3@group-F860CA578C61-LeaderElection20] INFO  impl.LeaderElection (LogUtils.java:infoOrTrace(136)) - s3@group-F860CA578C61-LeaderElection20 got exception when requesting votes: java.util.concurrent.ExecutionException: org.apache.ratis.thirdparty.io.netty.channel.AbstractChannel$AnnotatedConnectException: finishConnect(..) failed: Connection refused: localhost/127.0.0.1:15148
2024-10-11 15:03:35,982 [s3@group-F860CA578C61-LeaderElection20] INFO  impl.LeaderElection (LogUtils.java:infoOrTrace(136)) - s3@group-F860CA578C61-LeaderElection20 got exception when requesting votes: java.util.concurrent.ExecutionException: org.apache.ratis.thirdparty.io.netty.channel.AbstractChannel$AnnotatedConnectException: finishConnect(..) failed: Connection refused: localhost/127.0.0.1:15140
2024-10-11 15:03:36,135 [s3@group-F860CA578C61-LeaderElection20] INFO  impl.LeaderElection (LeaderElection.java:logAndReturn(90)) - s3@group-F860CA578C61-LeaderElection20: PRE_VOTE TIMEOUT received 1 response(s) and 2 exception(s):
2024-10-11 15:03:36,136 [s3@group-F860CA578C61-LeaderElection20] INFO  impl.LeaderElection (LeaderElection.java:logAndReturn(94)) -   Response 0: s3<-s4#0:OK-t2
2024-10-11 15:03:36,136 [s3@group-F860CA578C61-LeaderElection20] INFO  impl.LeaderElection (LogUtils.java:infoOrTrace(136)) -   Exception 1: java.util.concurrent.ExecutionException: org.apache.ratis.thirdparty.io.netty.channel.AbstractChannel$AnnotatedConnectException: finishConnect(..) failed: Connection refused: localhost/127.0.0.1:15148
2024-10-11 15:03:36,136 [s3@group-F860CA578C61-LeaderElection20] INFO  impl.LeaderElection (LogUtils.java:infoOrTrace(136)) -   Exception 2: java.util.concurrent.ExecutionException: org.apache.ratis.thirdparty.io.netty.channel.AbstractChannel$AnnotatedConnectException: finishConnect(..) failed: Connection refused: localhost/127.0.0.1:15140
2024-10-11 15:03:36,136 [s3@group-F860CA578C61-LeaderElection20] INFO  impl.LeaderElection (LeaderElection.java:askForVotes(339)) - s3@group-F860CA578C61-LeaderElection20 PRE_VOTE round 148: result TIMEOUT
2024-10-11 15:03:36,136 [s3@group-F860CA578C61-LeaderElection20] INFO  impl.LeaderElection (LeaderElection.java:askForVotes(337)) - s3@group-F860CA578C61-LeaderElection20 PRE_VOTE round 149: submit vote requests at term 2 for conf: {index: 1, cur=peers:[s3|localhost:15152, s4|localhost:15156, s0|localhost:15140, s1|localhost:15144, s2|localhost:15148]|listeners:[], old=null}
2024-10-11 15:03:36,137 [NettyRpcService-workerGroup--thread3] INFO  server.RaftServer$Division (RaftServerImpl.java:requestVote(1443)) - s4@group-F860CA578C61: receive requestVote(PRE_VOTE, s3, group-F860CA578C61, 2, (t:2, i:2))
2024-10-11 15:03:36,137 [NettyRpcService-workerGroup--thread3] INFO  impl.VoteContext (VoteContext.java:log(49)) - s4@group-F860CA578C61-CANDIDATE: accept PRE_VOTE from s3: our priority 0 <= candidate's priority 0
2024-10-11 15:03:36,137 [NettyRpcService-workerGroup--thread3] INFO  server.RaftServer$Division (RaftServerImpl.java:requestVote(1476)) - s4@group-F860CA578C61 replies to PRE_VOTE vote request: s3<-s4#0:OK-t2. Peer's state: s4@group-F860CA578C61:t2, leader=null, voted=s0, raftlog=Memoized:s4@group-F860CA578C61-SegmentedRaftLog:OPENED:c2:last(t:2, i:2), conf=conf: {index: 1, cur=peers:[s3|localhost:15152, s4|localhost:15156, s0|localhost:15140, s1|localhost:15144, s2|localhost:15148]|listeners:[], old=null}
2024-10-11 15:03:36,137 [s3@group-F860CA578C61-LeaderElection20] INFO  impl.LeaderElection (LogUtils.java:infoOrTrace(136)) - s3@group-F860CA578C61-LeaderElection20 got exception when requesting votes: java.util.concurrent.ExecutionException: org.apache.ratis.thirdparty.io.netty.channel.AbstractChannel$AnnotatedConnectException: finishConnect(..) failed: Connection refused: localhost/127.0.0.1:15148
2024-10-11 15:03:36,137 [s3@group-F860CA578C61-LeaderElection20] INFO  impl.LeaderElection (LogUtils.java:infoOrTrace(136)) - s3@group-F860CA578C61-LeaderElection20 got exception when requesting votes: java.util.concurrent.ExecutionException: org.apache.ratis.thirdparty.io.netty.channel.AbstractChannel$AnnotatedConnectException: finishConnect(..) failed: Connection refused: localhost/127.0.0.1:15140
2024-10-11 15:03:36,184 [s4@group-F860CA578C61-LeaderElection19] INFO  impl.LeaderElection (LeaderElection.java:logAndReturn(90)) - s4@group-F860CA578C61-LeaderElection19: PRE_VOTE TIMEOUT received 1 response(s) and 2 exception(s):
2024-10-11 15:03:36,184 [s4@group-F860CA578C61-LeaderElection19] INFO  impl.LeaderElection (LeaderElection.java:logAndReturn(94)) -   Response 0: s4<-s3#0:OK-t2
2024-10-11 15:03:36,184 [s4@group-F860CA578C61-LeaderElection19] INFO  impl.LeaderElection (LogUtils.java:infoOrTrace(136)) -   Exception 1: java.util.concurrent.ExecutionException: org.apache.ratis.thirdparty.io.netty.channel.AbstractChannel$AnnotatedConnectException: finishConnect(..) failed: Connection refused: localhost/127.0.0.1:15140
2024-10-11 15:03:36,184 [s4@group-F860CA578C61-LeaderElection19] INFO  impl.LeaderElection (LogUtils.java:infoOrTrace(136)) -   Exception 2: java.util.concurrent.ExecutionException: org.apache.ratis.thirdparty.io.netty.channel.AbstractChannel$AnnotatedConnectException: finishConnect(..) failed: Connection refused: localhost/127.0.0.1:15148
2024-10-11 15:03:36,185 [s4@group-F860CA578C61-LeaderElection19] INFO  impl.LeaderElection (LeaderElection.java:askForVotes(339)) - s4@group-F860CA578C61-LeaderElection19 PRE_VOTE round 158: result TIMEOUT
2024-10-11 15:03:36,185 [s4@group-F860CA578C61-LeaderElection19] INFO  impl.LeaderElection (LeaderElection.java:askForVotes(337)) - s4@group-F860CA578C61-LeaderElection19 PRE_VOTE round 159: submit vote requests at term 2 for conf: {index: 1, cur=peers:[s3|localhost:15152, s4|localhost:15156, s0|localhost:15140, s1|localhost:15144, s2|localhost:15148]|listeners:[], old=null}
2024-10-11 15:03:36,185 [NettyRpcService-workerGroup--thread3] INFO  server.RaftServer$Division (RaftServerImpl.java:requestVote(1443)) - s3@group-F860CA578C61: receive requestVote(PRE_VOTE, s4, group-F860CA578C61, 2, (t:2, i:2))
2024-10-11 15:03:36,185 [NettyRpcService-workerGroup--thread3] INFO  impl.VoteContext (VoteContext.java:log(49)) - s3@group-F860CA578C61-CANDIDATE: accept PRE_VOTE from s4: our priority 0 <= candidate's priority 0
2024-10-11 15:03:36,185 [NettyRpcService-workerGroup--thread3] INFO  server.RaftServer$Division (RaftServerImpl.java:requestVote(1476)) - s3@group-F860CA578C61 replies to PRE_VOTE vote request: s4<-s3#0:OK-t2. Peer's state: s3@group-F860CA578C61:t2, leader=null, voted=s0, raftlog=Memoized:s3@group-F860CA578C61-SegmentedRaftLog:OPENED:c2:last(t:2, i:2), conf=conf: {index: 1, cur=peers:[s3|localhost:15152, s4|localhost:15156, s0|localhost:15140, s1|localhost:15144, s2|localhost:15148]|listeners:[], old=null}
2024-10-11 15:03:36,186 [s4@group-F860CA578C61-LeaderElection19] INFO  impl.LeaderElection (LogUtils.java:infoOrTrace(136)) - s4@group-F860CA578C61-LeaderElection19 got exception when requesting votes: java.util.concurrent.ExecutionException: org.apache.ratis.thirdparty.io.netty.channel.AbstractChannel$AnnotatedConnectException: finishConnect(..) failed: Connection refused: localhost/127.0.0.1:15140
2024-10-11 15:03:36,186 [s4@group-F860CA578C61-LeaderElection19] INFO  impl.LeaderElection (LogUtils.java:infoOrTrace(136)) - s4@group-F860CA578C61-LeaderElection19 got exception when requesting votes: java.util.concurrent.ExecutionException: org.apache.ratis.thirdparty.io.netty.channel.AbstractChannel$AnnotatedConnectException: finishConnect(..) failed: Connection refused: localhost/127.0.0.1:15148
2024-10-11 15:03:36,319 [main] WARN  ratis.RaftTestUtil (RaftTestUtil.java:lambda$waitForLeader$3(126)) - Attempt #80 failed: java.lang.IllegalStateException: No leader yet : printing ALL groups
  s3:  RUNNING CANDIDATE s3@group-F860CA578C61:t2, leader=null, voted=s0, raftlog=Memoized:s3@group-F860CA578C61-SegmentedRaftLog:OPENED:c2:last(t:2, i:2), conf=conf: {index: 1, cur=peers:[s3|localhost:15152, s4|localhost:15156, s0|localhost:15140, s1|localhost:15144, s2|localhost:15148]|listeners:[], old=null} RUNNING
  s4:  RUNNING CANDIDATE s4@group-F860CA578C61:t2, leader=null, voted=s0, raftlog=Memoized:s4@group-F860CA578C61-SegmentedRaftLog:OPENED:c2:last(t:2, i:2), conf=conf: {index: 1, cur=peers:[s3|localhost:15152, s4|localhost:15156, s0|localhost:15140, s1|localhost:15144, s2|localhost:15148]|listeners:[], old=null} RUNNING
  s0:   CLOSED    LEADER s0@group-F860CA578C61:t2, leader=s0, voted=s0, raftlog=Memoized:s0@group-F860CA578C61-SegmentedRaftLog:CLOSED:c2, conf=conf: {index: 1, cur=peers:[s3|localhost:15152, s4|localhost:15156, s0|localhost:15140, s1|localhost:15144, s2|localhost:15148]|listeners:[], old=null} CLOSED
  s1:  RUNNING  FOLLOWER s1@group-F860CA578C61:t1, leader=null, voted=null, raftlog=Memoized:s1@group-F860CA578C61-SegmentedRaftLog:OPENED:c-1:lastnull, conf=conf: {index: -1, cur=peers:[s3|localhost:15152, s4|localhost:15156, s0|localhost:15140, s1|localhost:15144, s2|localhost:15148]|listeners:[], old=null} RUNNING
  s2:   CLOSED    LEADER s2@group-F860CA578C61:t1, leader=s2, voted=s2, raftlog=Memoized:s2@group-F860CA578C61-SegmentedRaftLog:CLOSED:c0, conf=conf: {index: 0, cur=peers:[s3|localhost:15152, s4|localhost:15156, s0|localhost:15140, s1|localhost:15144, s2|localhost:15148]|listeners:[], old=null} CLOSED
2024-10-11 15:03:36,372 [s3@group-F860CA578C61-LeaderElection20] INFO  impl.LeaderElection (LeaderElection.java:logAndReturn(90)) - s3@group-F860CA578C61-LeaderElection20: PRE_VOTE TIMEOUT received 1 response(s) and 2 exception(s):
2024-10-11 15:03:36,372 [s3@group-F860CA578C61-LeaderElection20] INFO  impl.LeaderElection (LeaderElection.java:logAndReturn(94)) -   Response 0: s3<-s4#0:OK-t2
2024-10-11 15:03:36,372 [s3@group-F860CA578C61-LeaderElection20] INFO  impl.LeaderElection (LogUtils.java:infoOrTrace(136)) -   Exception 1: java.util.concurrent.ExecutionException: org.apache.ratis.thirdparty.io.netty.channel.AbstractChannel$AnnotatedConnectException: finishConnect(..) failed: Connection refused: localhost/127.0.0.1:15148
2024-10-11 15:03:36,372 [s3@group-F860CA578C61-LeaderElection20] INFO  impl.LeaderElection (LogUtils.java:infoOrTrace(136)) -   Exception 2: java.util.concurrent.ExecutionException: org.apache.ratis.thirdparty.io.netty.channel.AbstractChannel$AnnotatedConnectException: finishConnect(..) failed: Connection refused: localhost/127.0.0.1:15140
2024-10-11 15:03:36,372 [s3@group-F860CA578C61-LeaderElection20] INFO  impl.LeaderElection (LeaderElection.java:askForVotes(339)) - s3@group-F860CA578C61-LeaderElection20 PRE_VOTE round 149: result TIMEOUT
2024-10-11 15:03:36,372 [s3@group-F860CA578C61-LeaderElection20] INFO  impl.LeaderElection (LeaderElection.java:askForVotes(337)) - s3@group-F860CA578C61-LeaderElection20 PRE_VOTE round 150: submit vote requests at term 2 for conf: {index: 1, cur=peers:[s3|localhost:15152, s4|localhost:15156, s0|localhost:15140, s1|localhost:15144, s2|localhost:15148]|listeners:[], old=null}
2024-10-11 15:03:36,372 [NettyRpcService-workerGroup--thread3] INFO  server.RaftServer$Division (RaftServerImpl.java:requestVote(1443)) - s4@group-F860CA578C61: receive requestVote(PRE_VOTE, s3, group-F860CA578C61, 2, (t:2, i:2))
2024-10-11 15:03:36,373 [NettyRpcService-workerGroup--thread3] INFO  impl.VoteContext (VoteContext.java:log(49)) - s4@group-F860CA578C61-CANDIDATE: accept PRE_VOTE from s3: our priority 0 <= candidate's priority 0
2024-10-11 15:03:36,373 [s3@group-F860CA578C61-LeaderElection20] INFO  impl.LeaderElection (LogUtils.java:infoOrTrace(136)) - s3@group-F860CA578C61-LeaderElection20 got exception when requesting votes: java.util.concurrent.ExecutionException: org.apache.ratis.thirdparty.io.netty.channel.AbstractChannel$AnnotatedConnectException: finishConnect(..) failed: Connection refused: localhost/127.0.0.1:15140
2024-10-11 15:03:36,373 [NettyRpcService-workerGroup--thread3] INFO  server.RaftServer$Division (RaftServerImpl.java:requestVote(1476)) - s4@group-F860CA578C61 replies to PRE_VOTE vote request: s3<-s4#0:OK-t2. Peer's state: s4@group-F860CA578C61:t2, leader=null, voted=s0, raftlog=Memoized:s4@group-F860CA578C61-SegmentedRaftLog:OPENED:c2:last(t:2, i:2), conf=conf: {index: 1, cur=peers:[s3|localhost:15152, s4|localhost:15156, s0|localhost:15140, s1|localhost:15144, s2|localhost:15148]|listeners:[], old=null}
2024-10-11 15:03:36,373 [s3@group-F860CA578C61-LeaderElection20] INFO  impl.LeaderElection (LogUtils.java:infoOrTrace(136)) - s3@group-F860CA578C61-LeaderElection20 got exception when requesting votes: java.util.concurrent.ExecutionException: org.apache.ratis.thirdparty.io.netty.channel.AbstractChannel$AnnotatedConnectException: finishConnect(..) failed: Connection refused: localhost/127.0.0.1:15148
2024-10-11 15:03:36,432 [s4@group-F860CA578C61-LeaderElection19] INFO  impl.LeaderElection (LeaderElection.java:logAndReturn(90)) - s4@group-F860CA578C61-LeaderElection19: PRE_VOTE TIMEOUT received 1 response(s) and 2 exception(s):
2024-10-11 15:03:36,432 [s4@group-F860CA578C61-LeaderElection19] INFO  impl.LeaderElection (LeaderElection.java:logAndReturn(94)) -   Response 0: s4<-s3#0:OK-t2
2024-10-11 15:03:36,432 [s4@group-F860CA578C61-LeaderElection19] INFO  impl.LeaderElection (LogUtils.java:infoOrTrace(136)) -   Exception 1: java.util.concurrent.ExecutionException: org.apache.ratis.thirdparty.io.netty.channel.AbstractChannel$AnnotatedConnectException: finishConnect(..) failed: Connection refused: localhost/127.0.0.1:15140
2024-10-11 15:03:36,433 [s4@group-F860CA578C61-LeaderElection19] INFO  impl.LeaderElection (LogUtils.java:infoOrTrace(136)) -   Exception 2: java.util.concurrent.ExecutionException: org.apache.ratis.thirdparty.io.netty.channel.AbstractChannel$AnnotatedConnectException: finishConnect(..) failed: Connection refused: localhost/127.0.0.1:15148
2024-10-11 15:03:36,433 [s4@group-F860CA578C61-LeaderElection19] INFO  impl.LeaderElection (LeaderElection.java:askForVotes(339)) - s4@group-F860CA578C61-LeaderElection19 PRE_VOTE round 159: result TIMEOUT
2024-10-11 15:03:36,433 [s4@group-F860CA578C61-LeaderElection19] INFO  impl.LeaderElection (LeaderElection.java:askForVotes(337)) - s4@group-F860CA578C61-LeaderElection19 PRE_VOTE round 160: submit vote requests at term 2 for conf: {index: 1, cur=peers:[s3|localhost:15152, s4|localhost:15156, s0|localhost:15140, s1|localhost:15144, s2|localhost:15148]|listeners:[], old=null}
2024-10-11 15:03:36,433 [NettyRpcService-workerGroup--thread3] INFO  server.RaftServer$Division (RaftServerImpl.java:requestVote(1443)) - s3@group-F860CA578C61: receive requestVote(PRE_VOTE, s4, group-F860CA578C61, 2, (t:2, i:2))
2024-10-11 15:03:36,434 [NettyRpcService-workerGroup--thread3] INFO  impl.VoteContext (VoteContext.java:log(49)) - s3@group-F860CA578C61-CANDIDATE: accept PRE_VOTE from s4: our priority 0 <= candidate's priority 0
2024-10-11 15:03:36,434 [s4@group-F860CA578C61-LeaderElection19] INFO  impl.LeaderElection (LogUtils.java:infoOrTrace(136)) - s4@group-F860CA578C61-LeaderElection19 got exception when requesting votes: java.util.concurrent.ExecutionException: org.apache.ratis.thirdparty.io.netty.channel.AbstractChannel$AnnotatedConnectException: finishConnect(..) failed: Connection refused: localhost/127.0.0.1:15140
2024-10-11 15:03:36,434 [NettyRpcService-workerGroup--thread3] INFO  server.RaftServer$Division (RaftServerImpl.java:requestVote(1476)) - s3@group-F860CA578C61 replies to PRE_VOTE vote request: s4<-s3#0:OK-t2. Peer's state: s3@group-F860CA578C61:t2, leader=null, voted=s0, raftlog=Memoized:s3@group-F860CA578C61-SegmentedRaftLog:OPENED:c2:last(t:2, i:2), conf=conf: {index: 1, cur=peers:[s3|localhost:15152, s4|localhost:15156, s0|localhost:15140, s1|localhost:15144, s2|localhost:15148]|listeners:[], old=null}
2024-10-11 15:03:36,434 [s4@group-F860CA578C61-LeaderElection19] INFO  impl.LeaderElection (LogUtils.java:infoOrTrace(136)) - s4@group-F860CA578C61-LeaderElection19 got exception when requesting votes: java.util.concurrent.ExecutionException: org.apache.ratis.thirdparty.io.netty.channel.AbstractChannel$AnnotatedConnectException: finishConnect(..) failed: Connection refused: localhost/127.0.0.1:15148
2024-10-11 15:03:36,548 [s3@group-F860CA578C61-LeaderElection20] INFO  impl.LeaderElection (LeaderElection.java:logAndReturn(90)) - s3@group-F860CA578C61-LeaderElection20: PRE_VOTE TIMEOUT received 1 response(s) and 2 exception(s):
2024-10-11 15:03:36,548 [s3@group-F860CA578C61-LeaderElection20] INFO  impl.LeaderElection (LeaderElection.java:logAndReturn(94)) -   Response 0: s3<-s4#0:OK-t2
2024-10-11 15:03:36,548 [s3@group-F860CA578C61-LeaderElection20] INFO  impl.LeaderElection (LogUtils.java:infoOrTrace(136)) -   Exception 1: java.util.concurrent.ExecutionException: org.apache.ratis.thirdparty.io.netty.channel.AbstractChannel$AnnotatedConnectException: finishConnect(..) failed: Connection refused: localhost/127.0.0.1:15140
2024-10-11 15:03:36,548 [s3@group-F860CA578C61-LeaderElection20] INFO  impl.LeaderElection (LogUtils.java:infoOrTrace(136)) -   Exception 2: java.util.concurrent.ExecutionException: org.apache.ratis.thirdparty.io.netty.channel.AbstractChannel$AnnotatedConnectException: finishConnect(..) failed: Connection refused: localhost/127.0.0.1:15148
2024-10-11 15:03:36,549 [s3@group-F860CA578C61-LeaderElection20] INFO  impl.LeaderElection (LeaderElection.java:askForVotes(339)) - s3@group-F860CA578C61-LeaderElection20 PRE_VOTE round 150: result TIMEOUT
2024-10-11 15:03:36,549 [s3@group-F860CA578C61-LeaderElection20] INFO  impl.LeaderElection (LeaderElection.java:askForVotes(337)) - s3@group-F860CA578C61-LeaderElection20 PRE_VOTE round 151: submit vote requests at term 2 for conf: {index: 1, cur=peers:[s3|localhost:15152, s4|localhost:15156, s0|localhost:15140, s1|localhost:15144, s2|localhost:15148]|listeners:[], old=null}
2024-10-11 15:03:36,549 [NettyRpcService-workerGroup--thread3] INFO  server.RaftServer$Division (RaftServerImpl.java:requestVote(1443)) - s4@group-F860CA578C61: receive requestVote(PRE_VOTE, s3, group-F860CA578C61, 2, (t:2, i:2))
2024-10-11 15:03:36,549 [NettyRpcService-workerGroup--thread3] INFO  impl.VoteContext (VoteContext.java:log(49)) - s4@group-F860CA578C61-CANDIDATE: accept PRE_VOTE from s3: our priority 0 <= candidate's priority 0
2024-10-11 15:03:36,550 [s3@group-F860CA578C61-LeaderElection20] INFO  impl.LeaderElection (LogUtils.java:infoOrTrace(136)) - s3@group-F860CA578C61-LeaderElection20 got exception when requesting votes: java.util.concurrent.ExecutionException: org.apache.ratis.thirdparty.io.netty.channel.AbstractChannel$AnnotatedConnectException: finishConnect(..) failed: Connection refused: localhost/127.0.0.1:15140
2024-10-11 15:03:36,550 [NettyRpcService-workerGroup--thread3] INFO  server.RaftServer$Division (RaftServerImpl.java:requestVote(1476)) - s4@group-F860CA578C61 replies to PRE_VOTE vote request: s3<-s4#0:OK-t2. Peer's state: s4@group-F860CA578C61:t2, leader=null, voted=s0, raftlog=Memoized:s4@group-F860CA578C61-SegmentedRaftLog:OPENED:c2:last(t:2, i:2), conf=conf: {index: 1, cur=peers:[s3|localhost:15152, s4|localhost:15156, s0|localhost:15140, s1|localhost:15144, s2|localhost:15148]|listeners:[], old=null}
2024-10-11 15:03:36,550 [s3@group-F860CA578C61-LeaderElection20] INFO  impl.LeaderElection (LogUtils.java:infoOrTrace(136)) - s3@group-F860CA578C61-LeaderElection20 got exception when requesting votes: java.util.concurrent.ExecutionException: org.apache.ratis.thirdparty.io.netty.channel.AbstractChannel$AnnotatedConnectException: finishConnect(..) failed: Connection refused: localhost/127.0.0.1:15148
2024-10-11 15:03:36,656 [s4@group-F860CA578C61-LeaderElection19] INFO  impl.LeaderElection (LeaderElection.java:logAndReturn(90)) - s4@group-F860CA578C61-LeaderElection19: PRE_VOTE TIMEOUT received 1 response(s) and 2 exception(s):
2024-10-11 15:03:36,656 [s4@group-F860CA578C61-LeaderElection19] INFO  impl.LeaderElection (LeaderElection.java:logAndReturn(94)) -   Response 0: s4<-s3#0:OK-t2
2024-10-11 15:03:36,657 [s4@group-F860CA578C61-LeaderElection19] INFO  impl.LeaderElection (LogUtils.java:infoOrTrace(136)) -   Exception 1: java.util.concurrent.ExecutionException: org.apache.ratis.thirdparty.io.netty.channel.AbstractChannel$AnnotatedConnectException: finishConnect(..) failed: Connection refused: localhost/127.0.0.1:15140
2024-10-11 15:03:36,657 [s4@group-F860CA578C61-LeaderElection19] INFO  impl.LeaderElection (LogUtils.java:infoOrTrace(136)) -   Exception 2: java.util.concurrent.ExecutionException: org.apache.ratis.thirdparty.io.netty.channel.AbstractChannel$AnnotatedConnectException: finishConnect(..) failed: Connection refused: localhost/127.0.0.1:15148
2024-10-11 15:03:36,657 [s4@group-F860CA578C61-LeaderElection19] INFO  impl.LeaderElection (LeaderElection.java:askForVotes(339)) - s4@group-F860CA578C61-LeaderElection19 PRE_VOTE round 160: result TIMEOUT
2024-10-11 15:03:36,657 [s4@group-F860CA578C61-LeaderElection19] INFO  impl.LeaderElection (LeaderElection.java:askForVotes(337)) - s4@group-F860CA578C61-LeaderElection19 PRE_VOTE round 161: submit vote requests at term 2 for conf: {index: 1, cur=peers:[s3|localhost:15152, s4|localhost:15156, s0|localhost:15140, s1|localhost:15144, s2|localhost:15148]|listeners:[], old=null}
2024-10-11 15:03:36,658 [NettyRpcService-workerGroup--thread3] INFO  server.RaftServer$Division (RaftServerImpl.java:requestVote(1443)) - s3@group-F860CA578C61: receive requestVote(PRE_VOTE, s4, group-F860CA578C61, 2, (t:2, i:2))
2024-10-11 15:03:36,658 [NettyRpcService-workerGroup--thread3] INFO  impl.VoteContext (VoteContext.java:log(49)) - s3@group-F860CA578C61-CANDIDATE: accept PRE_VOTE from s4: our priority 0 <= candidate's priority 0
2024-10-11 15:03:36,658 [NettyRpcService-workerGroup--thread3] INFO  server.RaftServer$Division (RaftServerImpl.java:requestVote(1476)) - s3@group-F860CA578C61 replies to PRE_VOTE vote request: s4<-s3#0:OK-t2. Peer's state: s3@group-F860CA578C61:t2, leader=null, voted=s0, raftlog=Memoized:s3@group-F860CA578C61-SegmentedRaftLog:OPENED:c2:last(t:2, i:2), conf=conf: {index: 1, cur=peers:[s3|localhost:15152, s4|localhost:15156, s0|localhost:15140, s1|localhost:15144, s2|localhost:15148]|listeners:[], old=null}
2024-10-11 15:03:36,658 [s4@group-F860CA578C61-LeaderElection19] INFO  impl.LeaderElection (LogUtils.java:infoOrTrace(136)) - s4@group-F860CA578C61-LeaderElection19 got exception when requesting votes: java.util.concurrent.ExecutionException: org.apache.ratis.thirdparty.io.netty.channel.AbstractChannel$AnnotatedConnectException: finishConnect(..) failed: Connection refused: localhost/127.0.0.1:15148
2024-10-11 15:03:36,658 [s4@group-F860CA578C61-LeaderElection19] INFO  impl.LeaderElection (LogUtils.java:infoOrTrace(136)) - s4@group-F860CA578C61-LeaderElection19 got exception when requesting votes: java.util.concurrent.ExecutionException: org.apache.ratis.thirdparty.io.netty.channel.AbstractChannel$AnnotatedConnectException: finishConnect(..) failed: Connection refused: localhost/127.0.0.1:15140
2024-10-11 15:03:36,727 [s3@group-F860CA578C61-LeaderElection20] INFO  impl.LeaderElection (LeaderElection.java:logAndReturn(90)) - s3@group-F860CA578C61-LeaderElection20: PRE_VOTE TIMEOUT received 1 response(s) and 2 exception(s):
2024-10-11 15:03:36,727 [s3@group-F860CA578C61-LeaderElection20] INFO  impl.LeaderElection (LeaderElection.java:logAndReturn(94)) -   Response 0: s3<-s4#0:OK-t2
2024-10-11 15:03:36,727 [s3@group-F860CA578C61-LeaderElection20] INFO  impl.LeaderElection (LogUtils.java:infoOrTrace(136)) -   Exception 1: java.util.concurrent.ExecutionException: org.apache.ratis.thirdparty.io.netty.channel.AbstractChannel$AnnotatedConnectException: finishConnect(..) failed: Connection refused: localhost/127.0.0.1:15140
2024-10-11 15:03:36,727 [s3@group-F860CA578C61-LeaderElection20] INFO  impl.LeaderElection (LogUtils.java:infoOrTrace(136)) -   Exception 2: java.util.concurrent.ExecutionException: org.apache.ratis.thirdparty.io.netty.channel.AbstractChannel$AnnotatedConnectException: finishConnect(..) failed: Connection refused: localhost/127.0.0.1:15148
2024-10-11 15:03:36,728 [s3@group-F860CA578C61-LeaderElection20] INFO  impl.LeaderElection (LeaderElection.java:askForVotes(339)) - s3@group-F860CA578C61-LeaderElection20 PRE_VOTE round 151: result TIMEOUT
2024-10-11 15:03:36,728 [s3@group-F860CA578C61-LeaderElection20] INFO  impl.LeaderElection (LeaderElection.java:askForVotes(337)) - s3@group-F860CA578C61-LeaderElection20 PRE_VOTE round 152: submit vote requests at term 2 for conf: {index: 1, cur=peers:[s3|localhost:15152, s4|localhost:15156, s0|localhost:15140, s1|localhost:15144, s2|localhost:15148]|listeners:[], old=null}
2024-10-11 15:03:36,728 [NettyRpcService-workerGroup--thread3] INFO  server.RaftServer$Division (RaftServerImpl.java:requestVote(1443)) - s4@group-F860CA578C61: receive requestVote(PRE_VOTE, s3, group-F860CA578C61, 2, (t:2, i:2))
2024-10-11 15:03:36,728 [NettyRpcService-workerGroup--thread3] INFO  impl.VoteContext (VoteContext.java:log(49)) - s4@group-F860CA578C61-CANDIDATE: accept PRE_VOTE from s3: our priority 0 <= candidate's priority 0
2024-10-11 15:03:36,728 [NettyRpcService-workerGroup--thread3] INFO  server.RaftServer$Division (RaftServerImpl.java:requestVote(1476)) - s4@group-F860CA578C61 replies to PRE_VOTE vote request: s3<-s4#0:OK-t2. Peer's state: s4@group-F860CA578C61:t2, leader=null, voted=s0, raftlog=Memoized:s4@group-F860CA578C61-SegmentedRaftLog:OPENED:c2:last(t:2, i:2), conf=conf: {index: 1, cur=peers:[s3|localhost:15152, s4|localhost:15156, s0|localhost:15140, s1|localhost:15144, s2|localhost:15148]|listeners:[], old=null}
2024-10-11 15:03:36,728 [s3@group-F860CA578C61-LeaderElection20] INFO  impl.LeaderElection (LogUtils.java:infoOrTrace(136)) - s3@group-F860CA578C61-LeaderElection20 got exception when requesting votes: java.util.concurrent.ExecutionException: org.apache.ratis.thirdparty.io.netty.channel.AbstractChannel$AnnotatedConnectException: finishConnect(..) failed: Connection refused: localhost/127.0.0.1:15140
2024-10-11 15:03:36,729 [s3@group-F860CA578C61-LeaderElection20] INFO  impl.LeaderElection (LogUtils.java:infoOrTrace(136)) - s3@group-F860CA578C61-LeaderElection20 got exception when requesting votes: java.util.concurrent.ExecutionException: org.apache.ratis.thirdparty.io.netty.channel.AbstractChannel$AnnotatedConnectException: finishConnect(..) failed: Connection refused: localhost/127.0.0.1:15148
2024-10-11 15:03:36,770 [main] WARN  ratis.RaftTestUtil (RaftTestUtil.java:lambda$waitForLeader$3(126)) - Attempt #81 failed: java.lang.IllegalStateException: No leader yet : printing ALL groups
  s3:  RUNNING CANDIDATE s3@group-F860CA578C61:t2, leader=null, voted=s0, raftlog=Memoized:s3@group-F860CA578C61-SegmentedRaftLog:OPENED:c2:last(t:2, i:2), conf=conf: {index: 1, cur=peers:[s3|localhost:15152, s4|localhost:15156, s0|localhost:15140, s1|localhost:15144, s2|localhost:15148]|listeners:[], old=null} RUNNING
  s4:  RUNNING CANDIDATE s4@group-F860CA578C61:t2, leader=null, voted=s0, raftlog=Memoized:s4@group-F860CA578C61-SegmentedRaftLog:OPENED:c2:last(t:2, i:2), conf=conf: {index: 1, cur=peers:[s3|localhost:15152, s4|localhost:15156, s0|localhost:15140, s1|localhost:15144, s2|localhost:15148]|listeners:[], old=null} RUNNING
  s0:   CLOSED    LEADER s0@group-F860CA578C61:t2, leader=s0, voted=s0, raftlog=Memoized:s0@group-F860CA578C61-SegmentedRaftLog:CLOSED:c2, conf=conf: {index: 1, cur=peers:[s3|localhost:15152, s4|localhost:15156, s0|localhost:15140, s1|localhost:15144, s2|localhost:15148]|listeners:[], old=null} CLOSED
  s1:  RUNNING  FOLLOWER s1@group-F860CA578C61:t1, leader=null, voted=null, raftlog=Memoized:s1@group-F860CA578C61-SegmentedRaftLog:OPENED:c-1:lastnull, conf=conf: {index: -1, cur=peers:[s3|localhost:15152, s4|localhost:15156, s0|localhost:15140, s1|localhost:15144, s2|localhost:15148]|listeners:[], old=null} RUNNING
  s2:   CLOSED    LEADER s2@group-F860CA578C61:t1, leader=s2, voted=s2, raftlog=Memoized:s2@group-F860CA578C61-SegmentedRaftLog:CLOSED:c0, conf=conf: {index: 0, cur=peers:[s3|localhost:15152, s4|localhost:15156, s0|localhost:15140, s1|localhost:15144, s2|localhost:15148]|listeners:[], old=null} CLOSED
2024-10-11 15:03:36,855 [s4@group-F860CA578C61-LeaderElection19] INFO  impl.LeaderElection (LeaderElection.java:logAndReturn(90)) - s4@group-F860CA578C61-LeaderElection19: PRE_VOTE TIMEOUT received 1 response(s) and 2 exception(s):
2024-10-11 15:03:36,856 [s4@group-F860CA578C61-LeaderElection19] INFO  impl.LeaderElection (LeaderElection.java:logAndReturn(94)) -   Response 0: s4<-s3#0:OK-t2
2024-10-11 15:03:36,856 [s4@group-F860CA578C61-LeaderElection19] INFO  impl.LeaderElection (LogUtils.java:infoOrTrace(136)) -   Exception 1: java.util.concurrent.ExecutionException: org.apache.ratis.thirdparty.io.netty.channel.AbstractChannel$AnnotatedConnectException: finishConnect(..) failed: Connection refused: localhost/127.0.0.1:15148
2024-10-11 15:03:36,856 [s4@group-F860CA578C61-LeaderElection19] INFO  impl.LeaderElection (LogUtils.java:infoOrTrace(136)) -   Exception 2: java.util.concurrent.ExecutionException: org.apache.ratis.thirdparty.io.netty.channel.AbstractChannel$AnnotatedConnectException: finishConnect(..) failed: Connection refused: localhost/127.0.0.1:15140
2024-10-11 15:03:36,856 [s4@group-F860CA578C61-LeaderElection19] INFO  impl.LeaderElection (LeaderElection.java:askForVotes(339)) - s4@group-F860CA578C61-LeaderElection19 PRE_VOTE round 161: result TIMEOUT
2024-10-11 15:03:36,856 [s4@group-F860CA578C61-LeaderElection19] INFO  impl.LeaderElection (LeaderElection.java:askForVotes(337)) - s4@group-F860CA578C61-LeaderElection19 PRE_VOTE round 162: submit vote requests at term 2 for conf: {index: 1, cur=peers:[s3|localhost:15152, s4|localhost:15156, s0|localhost:15140, s1|localhost:15144, s2|localhost:15148]|listeners:[], old=null}
2024-10-11 15:03:36,856 [NettyRpcService-workerGroup--thread3] INFO  server.RaftServer$Division (RaftServerImpl.java:requestVote(1443)) - s3@group-F860CA578C61: receive requestVote(PRE_VOTE, s4, group-F860CA578C61, 2, (t:2, i:2))
2024-10-11 15:03:36,857 [NettyRpcService-workerGroup--thread3] INFO  impl.VoteContext (VoteContext.java:log(49)) - s3@group-F860CA578C61-CANDIDATE: accept PRE_VOTE from s4: our priority 0 <= candidate's priority 0
2024-10-11 15:03:36,857 [NettyRpcService-workerGroup--thread3] INFO  server.RaftServer$Division (RaftServerImpl.java:requestVote(1476)) - s3@group-F860CA578C61 replies to PRE_VOTE vote request: s4<-s3#0:OK-t2. Peer's state: s3@group-F860CA578C61:t2, leader=null, voted=s0, raftlog=Memoized:s3@group-F860CA578C61-SegmentedRaftLog:OPENED:c2:last(t:2, i:2), conf=conf: {index: 1, cur=peers:[s3|localhost:15152, s4|localhost:15156, s0|localhost:15140, s1|localhost:15144, s2|localhost:15148]|listeners:[], old=null}
2024-10-11 15:03:36,857 [s4@group-F860CA578C61-LeaderElection19] INFO  impl.LeaderElection (LogUtils.java:infoOrTrace(136)) - s4@group-F860CA578C61-LeaderElection19 got exception when requesting votes: java.util.concurrent.ExecutionException: org.apache.ratis.thirdparty.io.netty.channel.AbstractChannel$AnnotatedConnectException: finishConnect(..) failed: Connection refused: localhost/127.0.0.1:15140
2024-10-11 15:03:36,857 [s4@group-F860CA578C61-LeaderElection19] INFO  impl.LeaderElection (LogUtils.java:infoOrTrace(136)) - s4@group-F860CA578C61-LeaderElection19 got exception when requesting votes: java.util.concurrent.ExecutionException: org.apache.ratis.thirdparty.io.netty.channel.AbstractChannel$AnnotatedConnectException: finishConnect(..) failed: Connection refused: localhost/127.0.0.1:15148
2024-10-11 15:03:36,981 [s3@group-F860CA578C61-LeaderElection20] INFO  impl.LeaderElection (LeaderElection.java:logAndReturn(90)) - s3@group-F860CA578C61-LeaderElection20: PRE_VOTE TIMEOUT received 1 response(s) and 2 exception(s):
2024-10-11 15:03:36,981 [s3@group-F860CA578C61-LeaderElection20] INFO  impl.LeaderElection (LeaderElection.java:logAndReturn(94)) -   Response 0: s3<-s4#0:OK-t2
2024-10-11 15:03:36,981 [s3@group-F860CA578C61-LeaderElection20] INFO  impl.LeaderElection (LogUtils.java:infoOrTrace(136)) -   Exception 1: java.util.concurrent.ExecutionException: org.apache.ratis.thirdparty.io.netty.channel.AbstractChannel$AnnotatedConnectException: finishConnect(..) failed: Connection refused: localhost/127.0.0.1:15140
2024-10-11 15:03:36,981 [s3@group-F860CA578C61-LeaderElection20] INFO  impl.LeaderElection (LogUtils.java:infoOrTrace(136)) -   Exception 2: java.util.concurrent.ExecutionException: org.apache.ratis.thirdparty.io.netty.channel.AbstractChannel$AnnotatedConnectException: finishConnect(..) failed: Connection refused: localhost/127.0.0.1:15148
2024-10-11 15:03:36,982 [s3@group-F860CA578C61-LeaderElection20] INFO  impl.LeaderElection (LeaderElection.java:askForVotes(339)) - s3@group-F860CA578C61-LeaderElection20 PRE_VOTE round 152: result TIMEOUT
2024-10-11 15:03:36,982 [s3@group-F860CA578C61-LeaderElection20] INFO  impl.LeaderElection (LeaderElection.java:askForVotes(337)) - s3@group-F860CA578C61-LeaderElection20 PRE_VOTE round 153: submit vote requests at term 2 for conf: {index: 1, cur=peers:[s3|localhost:15152, s4|localhost:15156, s0|localhost:15140, s1|localhost:15144, s2|localhost:15148]|listeners:[], old=null}
2024-10-11 15:03:36,982 [NettyRpcService-workerGroup--thread3] INFO  server.RaftServer$Division (RaftServerImpl.java:requestVote(1443)) - s4@group-F860CA578C61: receive requestVote(PRE_VOTE, s3, group-F860CA578C61, 2, (t:2, i:2))
2024-10-11 15:03:36,982 [NettyRpcService-workerGroup--thread3] INFO  impl.VoteContext (VoteContext.java:log(49)) - s4@group-F860CA578C61-CANDIDATE: accept PRE_VOTE from s3: our priority 0 <= candidate's priority 0
2024-10-11 15:03:36,983 [NettyRpcService-workerGroup--thread3] INFO  server.RaftServer$Division (RaftServerImpl.java:requestVote(1476)) - s4@group-F860CA578C61 replies to PRE_VOTE vote request: s3<-s4#0:OK-t2. Peer's state: s4@group-F860CA578C61:t2, leader=null, voted=s0, raftlog=Memoized:s4@group-F860CA578C61-SegmentedRaftLog:OPENED:c2:last(t:2, i:2), conf=conf: {index: 1, cur=peers:[s3|localhost:15152, s4|localhost:15156, s0|localhost:15140, s1|localhost:15144, s2|localhost:15148]|listeners:[], old=null}
2024-10-11 15:03:36,983 [s3@group-F860CA578C61-LeaderElection20] INFO  impl.LeaderElection (LogUtils.java:infoOrTrace(136)) - s3@group-F860CA578C61-LeaderElection20 got exception when requesting votes: java.util.concurrent.ExecutionException: org.apache.ratis.thirdparty.io.netty.channel.AbstractChannel$AnnotatedConnectException: finishConnect(..) failed: Connection refused: localhost/127.0.0.1:15140
2024-10-11 15:03:36,983 [s3@group-F860CA578C61-LeaderElection20] INFO  impl.LeaderElection (LogUtils.java:infoOrTrace(136)) - s3@group-F860CA578C61-LeaderElection20 got exception when requesting votes: java.util.concurrent.ExecutionException: org.apache.ratis.thirdparty.io.netty.channel.AbstractChannel$AnnotatedConnectException: finishConnect(..) failed: Connection refused: localhost/127.0.0.1:15148
2024-10-11 15:03:37,097 [s4@group-F860CA578C61-LeaderElection19] INFO  impl.LeaderElection (LeaderElection.java:logAndReturn(90)) - s4@group-F860CA578C61-LeaderElection19: PRE_VOTE TIMEOUT received 1 response(s) and 2 exception(s):
2024-10-11 15:03:37,097 [s4@group-F860CA578C61-LeaderElection19] INFO  impl.LeaderElection (LeaderElection.java:logAndReturn(94)) -   Response 0: s4<-s3#0:OK-t2
2024-10-11 15:03:37,097 [s4@group-F860CA578C61-LeaderElection19] INFO  impl.LeaderElection (LogUtils.java:infoOrTrace(136)) -   Exception 1: java.util.concurrent.ExecutionException: org.apache.ratis.thirdparty.io.netty.channel.AbstractChannel$AnnotatedConnectException: finishConnect(..) failed: Connection refused: localhost/127.0.0.1:15140
2024-10-11 15:03:37,097 [s4@group-F860CA578C61-LeaderElection19] INFO  impl.LeaderElection (LogUtils.java:infoOrTrace(136)) -   Exception 2: java.util.concurrent.ExecutionException: org.apache.ratis.thirdparty.io.netty.channel.AbstractChannel$AnnotatedConnectException: finishConnect(..) failed: Connection refused: localhost/127.0.0.1:15148
2024-10-11 15:03:37,097 [s4@group-F860CA578C61-LeaderElection19] INFO  impl.LeaderElection (LeaderElection.java:askForVotes(339)) - s4@group-F860CA578C61-LeaderElection19 PRE_VOTE round 162: result TIMEOUT
2024-10-11 15:03:37,097 [s4@group-F860CA578C61-LeaderElection19] INFO  impl.LeaderElection (LeaderElection.java:askForVotes(337)) - s4@group-F860CA578C61-LeaderElection19 PRE_VOTE round 163: submit vote requests at term 2 for conf: {index: 1, cur=peers:[s3|localhost:15152, s4|localhost:15156, s0|localhost:15140, s1|localhost:15144, s2|localhost:15148]|listeners:[], old=null}
2024-10-11 15:03:37,098 [NettyRpcService-workerGroup--thread3] INFO  server.RaftServer$Division (RaftServerImpl.java:requestVote(1443)) - s3@group-F860CA578C61: receive requestVote(PRE_VOTE, s4, group-F860CA578C61, 2, (t:2, i:2))
2024-10-11 15:03:37,098 [NettyRpcService-workerGroup--thread3] INFO  impl.VoteContext (VoteContext.java:log(49)) - s3@group-F860CA578C61-CANDIDATE: accept PRE_VOTE from s4: our priority 0 <= candidate's priority 0
2024-10-11 15:03:37,098 [s4@group-F860CA578C61-LeaderElection19] INFO  impl.LeaderElection (LogUtils.java:infoOrTrace(136)) - s4@group-F860CA578C61-LeaderElection19 got exception when requesting votes: java.util.concurrent.ExecutionException: org.apache.ratis.thirdparty.io.netty.channel.AbstractChannel$AnnotatedConnectException: finishConnect(..) failed: Connection refused: localhost/127.0.0.1:15148
2024-10-11 15:03:37,098 [NettyRpcService-workerGroup--thread3] INFO  server.RaftServer$Division (RaftServerImpl.java:requestVote(1476)) - s3@group-F860CA578C61 replies to PRE_VOTE vote request: s4<-s3#0:OK-t2. Peer's state: s3@group-F860CA578C61:t2, leader=null, voted=s0, raftlog=Memoized:s3@group-F860CA578C61-SegmentedRaftLog:OPENED:c2:last(t:2, i:2), conf=conf: {index: 1, cur=peers:[s3|localhost:15152, s4|localhost:15156, s0|localhost:15140, s1|localhost:15144, s2|localhost:15148]|listeners:[], old=null}
2024-10-11 15:03:37,098 [s4@group-F860CA578C61-LeaderElection19] INFO  impl.LeaderElection (LogUtils.java:infoOrTrace(136)) - s4@group-F860CA578C61-LeaderElection19 got exception when requesting votes: java.util.concurrent.ExecutionException: org.apache.ratis.thirdparty.io.netty.channel.AbstractChannel$AnnotatedConnectException: finishConnect(..) failed: Connection refused: localhost/127.0.0.1:15140
2024-10-11 15:03:37,220 [main] WARN  ratis.RaftTestUtil (RaftTestUtil.java:lambda$waitForLeader$3(126)) - Attempt #82 failed: java.lang.IllegalStateException: No leader yet : printing ALL groups
  s3:  RUNNING CANDIDATE s3@group-F860CA578C61:t2, leader=null, voted=s0, raftlog=Memoized:s3@group-F860CA578C61-SegmentedRaftLog:OPENED:c2:last(t:2, i:2), conf=conf: {index: 1, cur=peers:[s3|localhost:15152, s4|localhost:15156, s0|localhost:15140, s1|localhost:15144, s2|localhost:15148]|listeners:[], old=null} RUNNING
  s4:  RUNNING CANDIDATE s4@group-F860CA578C61:t2, leader=null, voted=s0, raftlog=Memoized:s4@group-F860CA578C61-SegmentedRaftLog:OPENED:c2:last(t:2, i:2), conf=conf: {index: 1, cur=peers:[s3|localhost:15152, s4|localhost:15156, s0|localhost:15140, s1|localhost:15144, s2|localhost:15148]|listeners:[], old=null} RUNNING
  s0:   CLOSED    LEADER s0@group-F860CA578C61:t2, leader=s0, voted=s0, raftlog=Memoized:s0@group-F860CA578C61-SegmentedRaftLog:CLOSED:c2, conf=conf: {index: 1, cur=peers:[s3|localhost:15152, s4|localhost:15156, s0|localhost:15140, s1|localhost:15144, s2|localhost:15148]|listeners:[], old=null} CLOSED
  s1:  RUNNING  FOLLOWER s1@group-F860CA578C61:t1, leader=null, voted=null, raftlog=Memoized:s1@group-F860CA578C61-SegmentedRaftLog:OPENED:c-1:lastnull, conf=conf: {index: -1, cur=peers:[s3|localhost:15152, s4|localhost:15156, s0|localhost:15140, s1|localhost:15144, s2|localhost:15148]|listeners:[], old=null} RUNNING
  s2:   CLOSED    LEADER s2@group-F860CA578C61:t1, leader=s2, voted=s2, raftlog=Memoized:s2@group-F860CA578C61-SegmentedRaftLog:CLOSED:c0, conf=conf: {index: 0, cur=peers:[s3|localhost:15152, s4|localhost:15156, s0|localhost:15140, s1|localhost:15144, s2|localhost:15148]|listeners:[], old=null} CLOSED
2024-10-11 15:03:37,258 [s3@group-F860CA578C61-LeaderElection20] INFO  impl.LeaderElection (LeaderElection.java:logAndReturn(90)) - s3@group-F860CA578C61-LeaderElection20: PRE_VOTE TIMEOUT received 1 response(s) and 2 exception(s):
2024-10-11 15:03:37,258 [s3@group-F860CA578C61-LeaderElection20] INFO  impl.LeaderElection (LeaderElection.java:logAndReturn(94)) -   Response 0: s3<-s4#0:OK-t2
2024-10-11 15:03:37,258 [s3@group-F860CA578C61-LeaderElection20] INFO  impl.LeaderElection (LogUtils.java:infoOrTrace(136)) -   Exception 1: java.util.concurrent.ExecutionException: org.apache.ratis.thirdparty.io.netty.channel.AbstractChannel$AnnotatedConnectException: finishConnect(..) failed: Connection refused: localhost/127.0.0.1:15140
2024-10-11 15:03:37,258 [s3@group-F860CA578C61-LeaderElection20] INFO  impl.LeaderElection (LogUtils.java:infoOrTrace(136)) -   Exception 2: java.util.concurrent.ExecutionException: org.apache.ratis.thirdparty.io.netty.channel.AbstractChannel$AnnotatedConnectException: finishConnect(..) failed: Connection refused: localhost/127.0.0.1:15148
2024-10-11 15:03:37,259 [s3@group-F860CA578C61-LeaderElection20] INFO  impl.LeaderElection (LeaderElection.java:askForVotes(339)) - s3@group-F860CA578C61-LeaderElection20 PRE_VOTE round 153: result TIMEOUT
2024-10-11 15:03:37,259 [s3@group-F860CA578C61-LeaderElection20] INFO  impl.LeaderElection (LeaderElection.java:askForVotes(337)) - s3@group-F860CA578C61-LeaderElection20 PRE_VOTE round 154: submit vote requests at term 2 for conf: {index: 1, cur=peers:[s3|localhost:15152, s4|localhost:15156, s0|localhost:15140, s1|localhost:15144, s2|localhost:15148]|listeners:[], old=null}
2024-10-11 15:03:37,259 [NettyRpcService-workerGroup--thread3] INFO  server.RaftServer$Division (RaftServerImpl.java:requestVote(1443)) - s4@group-F860CA578C61: receive requestVote(PRE_VOTE, s3, group-F860CA578C61, 2, (t:2, i:2))
2024-10-11 15:03:37,260 [s3@group-F860CA578C61-LeaderElection20] INFO  impl.LeaderElection (LogUtils.java:infoOrTrace(136)) - s3@group-F860CA578C61-LeaderElection20 got exception when requesting votes: java.util.concurrent.ExecutionException: org.apache.ratis.thirdparty.io.netty.channel.AbstractChannel$AnnotatedConnectException: finishConnect(..) failed: Connection refused: localhost/127.0.0.1:15140
2024-10-11 15:03:37,260 [NettyRpcService-workerGroup--thread3] INFO  impl.VoteContext (VoteContext.java:log(49)) - s4@group-F860CA578C61-CANDIDATE: accept PRE_VOTE from s3: our priority 0 <= candidate's priority 0
2024-10-11 15:03:37,260 [s3@group-F860CA578C61-LeaderElection20] INFO  impl.LeaderElection (LogUtils.java:infoOrTrace(136)) - s3@group-F860CA578C61-LeaderElection20 got exception when requesting votes: java.util.concurrent.ExecutionException: org.apache.ratis.thirdparty.io.netty.channel.AbstractChannel$AnnotatedConnectException: finishConnect(..) failed: Connection refused: localhost/127.0.0.1:15148
2024-10-11 15:03:37,260 [NettyRpcService-workerGroup--thread3] INFO  server.RaftServer$Division (RaftServerImpl.java:requestVote(1476)) - s4@group-F860CA578C61 replies to PRE_VOTE vote request: s3<-s4#0:OK-t2. Peer's state: s4@group-F860CA578C61:t2, leader=null, voted=s0, raftlog=Memoized:s4@group-F860CA578C61-SegmentedRaftLog:OPENED:c2:last(t:2, i:2), conf=conf: {index: 1, cur=peers:[s3|localhost:15152, s4|localhost:15156, s0|localhost:15140, s1|localhost:15144, s2|localhost:15148]|listeners:[], old=null}
2024-10-11 15:03:37,294 [s4@group-F860CA578C61-LeaderElection19] INFO  impl.LeaderElection (LeaderElection.java:logAndReturn(90)) - s4@group-F860CA578C61-LeaderElection19: PRE_VOTE TIMEOUT received 1 response(s) and 2 exception(s):
2024-10-11 15:03:37,294 [s4@group-F860CA578C61-LeaderElection19] INFO  impl.LeaderElection (LeaderElection.java:logAndReturn(94)) -   Response 0: s4<-s3#0:OK-t2
2024-10-11 15:03:37,294 [s4@group-F860CA578C61-LeaderElection19] INFO  impl.LeaderElection (LogUtils.java:infoOrTrace(136)) -   Exception 1: java.util.concurrent.ExecutionException: org.apache.ratis.thirdparty.io.netty.channel.AbstractChannel$AnnotatedConnectException: finishConnect(..) failed: Connection refused: localhost/127.0.0.1:15148
2024-10-11 15:03:37,294 [s4@group-F860CA578C61-LeaderElection19] INFO  impl.LeaderElection (LogUtils.java:infoOrTrace(136)) -   Exception 2: java.util.concurrent.ExecutionException: org.apache.ratis.thirdparty.io.netty.channel.AbstractChannel$AnnotatedConnectException: finishConnect(..) failed: Connection refused: localhost/127.0.0.1:15140
2024-10-11 15:03:37,294 [s4@group-F860CA578C61-LeaderElection19] INFO  impl.LeaderElection (LeaderElection.java:askForVotes(339)) - s4@group-F860CA578C61-LeaderElection19 PRE_VOTE round 163: result TIMEOUT
2024-10-11 15:03:37,294 [s4@group-F860CA578C61-LeaderElection19] INFO  impl.LeaderElection (LeaderElection.java:askForVotes(337)) - s4@group-F860CA578C61-LeaderElection19 PRE_VOTE round 164: submit vote requests at term 2 for conf: {index: 1, cur=peers:[s3|localhost:15152, s4|localhost:15156, s0|localhost:15140, s1|localhost:15144, s2|localhost:15148]|listeners:[], old=null}
2024-10-11 15:03:37,295 [NettyRpcService-workerGroup--thread3] INFO  server.RaftServer$Division (RaftServerImpl.java:requestVote(1443)) - s3@group-F860CA578C61: receive requestVote(PRE_VOTE, s4, group-F860CA578C61, 2, (t:2, i:2))
2024-10-11 15:03:37,295 [NettyRpcService-workerGroup--thread3] INFO  impl.VoteContext (VoteContext.java:log(49)) - s3@group-F860CA578C61-CANDIDATE: accept PRE_VOTE from s4: our priority 0 <= candidate's priority 0
2024-10-11 15:03:37,295 [NettyRpcService-workerGroup--thread3] INFO  server.RaftServer$Division (RaftServerImpl.java:requestVote(1476)) - s3@group-F860CA578C61 replies to PRE_VOTE vote request: s4<-s3#0:OK-t2. Peer's state: s3@group-F860CA578C61:t2, leader=null, voted=s0, raftlog=Memoized:s3@group-F860CA578C61-SegmentedRaftLog:OPENED:c2:last(t:2, i:2), conf=conf: {index: 1, cur=peers:[s3|localhost:15152, s4|localhost:15156, s0|localhost:15140, s1|localhost:15144, s2|localhost:15148]|listeners:[], old=null}
2024-10-11 15:03:37,295 [s4@group-F860CA578C61-LeaderElection19] INFO  impl.LeaderElection (LogUtils.java:infoOrTrace(136)) - s4@group-F860CA578C61-LeaderElection19 got exception when requesting votes: java.util.concurrent.ExecutionException: org.apache.ratis.thirdparty.io.netty.channel.AbstractChannel$AnnotatedConnectException: finishConnect(..) failed: Connection refused: localhost/127.0.0.1:15140
2024-10-11 15:03:37,295 [s4@group-F860CA578C61-LeaderElection19] INFO  impl.LeaderElection (LogUtils.java:infoOrTrace(136)) - s4@group-F860CA578C61-LeaderElection19 got exception when requesting votes: java.util.concurrent.ExecutionException: org.apache.ratis.thirdparty.io.netty.channel.AbstractChannel$AnnotatedConnectException: finishConnect(..) failed: Connection refused: localhost/127.0.0.1:15148
2024-10-11 15:03:37,500 [s3@group-F860CA578C61-LeaderElection20] INFO  impl.LeaderElection (LeaderElection.java:logAndReturn(90)) - s3@group-F860CA578C61-LeaderElection20: PRE_VOTE TIMEOUT received 1 response(s) and 2 exception(s):
2024-10-11 15:03:37,500 [s3@group-F860CA578C61-LeaderElection20] INFO  impl.LeaderElection (LeaderElection.java:logAndReturn(94)) -   Response 0: s3<-s4#0:OK-t2
2024-10-11 15:03:37,500 [s3@group-F860CA578C61-LeaderElection20] INFO  impl.LeaderElection (LogUtils.java:infoOrTrace(136)) -   Exception 1: java.util.concurrent.ExecutionException: org.apache.ratis.thirdparty.io.netty.channel.AbstractChannel$AnnotatedConnectException: finishConnect(..) failed: Connection refused: localhost/127.0.0.1:15140
2024-10-11 15:03:37,500 [s3@group-F860CA578C61-LeaderElection20] INFO  impl.LeaderElection (LogUtils.java:infoOrTrace(136)) -   Exception 2: java.util.concurrent.ExecutionException: org.apache.ratis.thirdparty.io.netty.channel.AbstractChannel$AnnotatedConnectException: finishConnect(..) failed: Connection refused: localhost/127.0.0.1:15148
2024-10-11 15:03:37,501 [s3@group-F860CA578C61-LeaderElection20] INFO  impl.LeaderElection (LeaderElection.java:askForVotes(339)) - s3@group-F860CA578C61-LeaderElection20 PRE_VOTE round 154: result TIMEOUT
2024-10-11 15:03:37,501 [s3@group-F860CA578C61-LeaderElection20] INFO  impl.LeaderElection (LeaderElection.java:askForVotes(337)) - s3@group-F860CA578C61-LeaderElection20 PRE_VOTE round 155: submit vote requests at term 2 for conf: {index: 1, cur=peers:[s3|localhost:15152, s4|localhost:15156, s0|localhost:15140, s1|localhost:15144, s2|localhost:15148]|listeners:[], old=null}
2024-10-11 15:03:37,501 [NettyRpcService-workerGroup--thread3] INFO  server.RaftServer$Division (RaftServerImpl.java:requestVote(1443)) - s4@group-F860CA578C61: receive requestVote(PRE_VOTE, s3, group-F860CA578C61, 2, (t:2, i:2))
2024-10-11 15:03:37,502 [NettyRpcService-workerGroup--thread3] INFO  impl.VoteContext (VoteContext.java:log(49)) - s4@group-F860CA578C61-CANDIDATE: accept PRE_VOTE from s3: our priority 0 <= candidate's priority 0
2024-10-11 15:03:37,502 [NettyRpcService-workerGroup--thread3] INFO  server.RaftServer$Division (RaftServerImpl.java:requestVote(1476)) - s4@group-F860CA578C61 replies to PRE_VOTE vote request: s3<-s4#0:OK-t2. Peer's state: s4@group-F860CA578C61:t2, leader=null, voted=s0, raftlog=Memoized:s4@group-F860CA578C61-SegmentedRaftLog:OPENED:c2:last(t:2, i:2), conf=conf: {index: 1, cur=peers:[s3|localhost:15152, s4|localhost:15156, s0|localhost:15140, s1|localhost:15144, s2|localhost:15148]|listeners:[], old=null}
2024-10-11 15:03:37,502 [s3@group-F860CA578C61-LeaderElection20] INFO  impl.LeaderElection (LogUtils.java:infoOrTrace(136)) - s3@group-F860CA578C61-LeaderElection20 got exception when requesting votes: java.util.concurrent.ExecutionException: org.apache.ratis.thirdparty.io.netty.channel.AbstractChannel$AnnotatedConnectException: finishConnect(..) failed: Connection refused: localhost/127.0.0.1:15140
2024-10-11 15:03:37,502 [s3@group-F860CA578C61-LeaderElection20] INFO  impl.LeaderElection (LogUtils.java:infoOrTrace(136)) - s3@group-F860CA578C61-LeaderElection20 got exception when requesting votes: java.util.concurrent.ExecutionException: org.apache.ratis.thirdparty.io.netty.channel.AbstractChannel$AnnotatedConnectException: finishConnect(..) failed: Connection refused: localhost/127.0.0.1:15148
2024-10-11 15:03:37,555 [s4@group-F860CA578C61-LeaderElection19] INFO  impl.LeaderElection (LeaderElection.java:logAndReturn(90)) - s4@group-F860CA578C61-LeaderElection19: PRE_VOTE TIMEOUT received 1 response(s) and 2 exception(s):
2024-10-11 15:03:37,555 [s4@group-F860CA578C61-LeaderElection19] INFO  impl.LeaderElection (LeaderElection.java:logAndReturn(94)) -   Response 0: s4<-s3#0:OK-t2
2024-10-11 15:03:37,555 [s4@group-F860CA578C61-LeaderElection19] INFO  impl.LeaderElection (LogUtils.java:infoOrTrace(136)) -   Exception 1: java.util.concurrent.ExecutionException: org.apache.ratis.thirdparty.io.netty.channel.AbstractChannel$AnnotatedConnectException: finishConnect(..) failed: Connection refused: localhost/127.0.0.1:15140
2024-10-11 15:03:37,555 [s4@group-F860CA578C61-LeaderElection19] INFO  impl.LeaderElection (LogUtils.java:infoOrTrace(136)) -   Exception 2: java.util.concurrent.ExecutionException: org.apache.ratis.thirdparty.io.netty.channel.AbstractChannel$AnnotatedConnectException: finishConnect(..) failed: Connection refused: localhost/127.0.0.1:15148
2024-10-11 15:03:37,555 [s4@group-F860CA578C61-LeaderElection19] INFO  impl.LeaderElection (LeaderElection.java:askForVotes(339)) - s4@group-F860CA578C61-LeaderElection19 PRE_VOTE round 164: result TIMEOUT
2024-10-11 15:03:37,555 [s4@group-F860CA578C61-LeaderElection19] INFO  impl.LeaderElection (LeaderElection.java:askForVotes(337)) - s4@group-F860CA578C61-LeaderElection19 PRE_VOTE round 165: submit vote requests at term 2 for conf: {index: 1, cur=peers:[s3|localhost:15152, s4|localhost:15156, s0|localhost:15140, s1|localhost:15144, s2|localhost:15148]|listeners:[], old=null}
2024-10-11 15:03:37,555 [NettyRpcService-workerGroup--thread3] INFO  server.RaftServer$Division (RaftServerImpl.java:requestVote(1443)) - s3@group-F860CA578C61: receive requestVote(PRE_VOTE, s4, group-F860CA578C61, 2, (t:2, i:2))
2024-10-11 15:03:37,555 [NettyRpcService-workerGroup--thread3] INFO  impl.VoteContext (VoteContext.java:log(49)) - s3@group-F860CA578C61-CANDIDATE: accept PRE_VOTE from s4: our priority 0 <= candidate's priority 0
2024-10-11 15:03:37,556 [NettyRpcService-workerGroup--thread3] INFO  server.RaftServer$Division (RaftServerImpl.java:requestVote(1476)) - s3@group-F860CA578C61 replies to PRE_VOTE vote request: s4<-s3#0:OK-t2. Peer's state: s3@group-F860CA578C61:t2, leader=null, voted=s0, raftlog=Memoized:s3@group-F860CA578C61-SegmentedRaftLog:OPENED:c2:last(t:2, i:2), conf=conf: {index: 1, cur=peers:[s3|localhost:15152, s4|localhost:15156, s0|localhost:15140, s1|localhost:15144, s2|localhost:15148]|listeners:[], old=null}
2024-10-11 15:03:37,556 [s4@group-F860CA578C61-LeaderElection19] INFO  impl.LeaderElection (LogUtils.java:infoOrTrace(136)) - s4@group-F860CA578C61-LeaderElection19 got exception when requesting votes: java.util.concurrent.ExecutionException: org.apache.ratis.thirdparty.io.netty.channel.AbstractChannel$AnnotatedConnectException: finishConnect(..) failed: Connection refused: localhost/127.0.0.1:15140
2024-10-11 15:03:37,556 [s4@group-F860CA578C61-LeaderElection19] INFO  impl.LeaderElection (LogUtils.java:infoOrTrace(136)) - s4@group-F860CA578C61-LeaderElection19 got exception when requesting votes: java.util.concurrent.ExecutionException: org.apache.ratis.thirdparty.io.netty.channel.AbstractChannel$AnnotatedConnectException: finishConnect(..) failed: Connection refused: localhost/127.0.0.1:15148
2024-10-11 15:03:37,668 [s3@group-F860CA578C61-LeaderElection20] INFO  impl.LeaderElection (LeaderElection.java:logAndReturn(90)) - s3@group-F860CA578C61-LeaderElection20: PRE_VOTE TIMEOUT received 1 response(s) and 2 exception(s):
2024-10-11 15:03:37,668 [s3@group-F860CA578C61-LeaderElection20] INFO  impl.LeaderElection (LeaderElection.java:logAndReturn(94)) -   Response 0: s3<-s4#0:OK-t2
2024-10-11 15:03:37,668 [s3@group-F860CA578C61-LeaderElection20] INFO  impl.LeaderElection (LogUtils.java:infoOrTrace(136)) -   Exception 1: java.util.concurrent.ExecutionException: org.apache.ratis.thirdparty.io.netty.channel.AbstractChannel$AnnotatedConnectException: finishConnect(..) failed: Connection refused: localhost/127.0.0.1:15140
2024-10-11 15:03:37,668 [s3@group-F860CA578C61-LeaderElection20] INFO  impl.LeaderElection (LogUtils.java:infoOrTrace(136)) -   Exception 2: java.util.concurrent.ExecutionException: org.apache.ratis.thirdparty.io.netty.channel.AbstractChannel$AnnotatedConnectException: finishConnect(..) failed: Connection refused: localhost/127.0.0.1:15148
2024-10-11 15:03:37,669 [s3@group-F860CA578C61-LeaderElection20] INFO  impl.LeaderElection (LeaderElection.java:askForVotes(339)) - s3@group-F860CA578C61-LeaderElection20 PRE_VOTE round 155: result TIMEOUT
2024-10-11 15:03:37,669 [s3@group-F860CA578C61-LeaderElection20] INFO  impl.LeaderElection (LeaderElection.java:askForVotes(337)) - s3@group-F860CA578C61-LeaderElection20 PRE_VOTE round 156: submit vote requests at term 2 for conf: {index: 1, cur=peers:[s3|localhost:15152, s4|localhost:15156, s0|localhost:15140, s1|localhost:15144, s2|localhost:15148]|listeners:[], old=null}
2024-10-11 15:03:37,669 [NettyRpcService-workerGroup--thread3] INFO  server.RaftServer$Division (RaftServerImpl.java:requestVote(1443)) - s4@group-F860CA578C61: receive requestVote(PRE_VOTE, s3, group-F860CA578C61, 2, (t:2, i:2))
2024-10-11 15:03:37,669 [NettyRpcService-workerGroup--thread3] INFO  impl.VoteContext (VoteContext.java:log(49)) - s4@group-F860CA578C61-CANDIDATE: accept PRE_VOTE from s3: our priority 0 <= candidate's priority 0
2024-10-11 15:03:37,669 [NettyRpcService-workerGroup--thread3] INFO  server.RaftServer$Division (RaftServerImpl.java:requestVote(1476)) - s4@group-F860CA578C61 replies to PRE_VOTE vote request: s3<-s4#0:OK-t2. Peer's state: s4@group-F860CA578C61:t2, leader=null, voted=s0, raftlog=Memoized:s4@group-F860CA578C61-SegmentedRaftLog:OPENED:c2:last(t:2, i:2), conf=conf: {index: 1, cur=peers:[s3|localhost:15152, s4|localhost:15156, s0|localhost:15140, s1|localhost:15144, s2|localhost:15148]|listeners:[], old=null}
2024-10-11 15:03:37,669 [s3@group-F860CA578C61-LeaderElection20] INFO  impl.LeaderElection (LogUtils.java:infoOrTrace(136)) - s3@group-F860CA578C61-LeaderElection20 got exception when requesting votes: java.util.concurrent.ExecutionException: org.apache.ratis.thirdparty.io.netty.channel.AbstractChannel$AnnotatedConnectException: finishConnect(..) failed: Connection refused: localhost/127.0.0.1:15140
2024-10-11 15:03:37,670 [s3@group-F860CA578C61-LeaderElection20] INFO  impl.LeaderElection (LogUtils.java:infoOrTrace(136)) - s3@group-F860CA578C61-LeaderElection20 got exception when requesting votes: java.util.concurrent.ExecutionException: org.apache.ratis.thirdparty.io.netty.channel.AbstractChannel$AnnotatedConnectException: finishConnect(..) failed: Connection refused: localhost/127.0.0.1:15148
2024-10-11 15:03:37,671 [main] WARN  ratis.RaftTestUtil (RaftTestUtil.java:lambda$waitForLeader$3(126)) - Attempt #83 failed: java.lang.IllegalStateException: No leader yet : printing ALL groups
  s3:  RUNNING CANDIDATE s3@group-F860CA578C61:t2, leader=null, voted=s0, raftlog=Memoized:s3@group-F860CA578C61-SegmentedRaftLog:OPENED:c2:last(t:2, i:2), conf=conf: {index: 1, cur=peers:[s3|localhost:15152, s4|localhost:15156, s0|localhost:15140, s1|localhost:15144, s2|localhost:15148]|listeners:[], old=null} RUNNING
  s4:  RUNNING CANDIDATE s4@group-F860CA578C61:t2, leader=null, voted=s0, raftlog=Memoized:s4@group-F860CA578C61-SegmentedRaftLog:OPENED:c2:last(t:2, i:2), conf=conf: {index: 1, cur=peers:[s3|localhost:15152, s4|localhost:15156, s0|localhost:15140, s1|localhost:15144, s2|localhost:15148]|listeners:[], old=null} RUNNING
  s0:   CLOSED    LEADER s0@group-F860CA578C61:t2, leader=s0, voted=s0, raftlog=Memoized:s0@group-F860CA578C61-SegmentedRaftLog:CLOSED:c2, conf=conf: {index: 1, cur=peers:[s3|localhost:15152, s4|localhost:15156, s0|localhost:15140, s1|localhost:15144, s2|localhost:15148]|listeners:[], old=null} CLOSED
  s1:  RUNNING  FOLLOWER s1@group-F860CA578C61:t1, leader=null, voted=null, raftlog=Memoized:s1@group-F860CA578C61-SegmentedRaftLog:OPENED:c-1:lastnull, conf=conf: {index: -1, cur=peers:[s3|localhost:15152, s4|localhost:15156, s0|localhost:15140, s1|localhost:15144, s2|localhost:15148]|listeners:[], old=null} RUNNING
  s2:   CLOSED    LEADER s2@group-F860CA578C61:t1, leader=s2, voted=s2, raftlog=Memoized:s2@group-F860CA578C61-SegmentedRaftLog:CLOSED:c0, conf=conf: {index: 0, cur=peers:[s3|localhost:15152, s4|localhost:15156, s0|localhost:15140, s1|localhost:15144, s2|localhost:15148]|listeners:[], old=null} CLOSED
2024-10-11 15:03:37,759 [s4@group-F860CA578C61-LeaderElection19] INFO  impl.LeaderElection (LeaderElection.java:logAndReturn(90)) - s4@group-F860CA578C61-LeaderElection19: PRE_VOTE TIMEOUT received 1 response(s) and 2 exception(s):
2024-10-11 15:03:37,759 [s4@group-F860CA578C61-LeaderElection19] INFO  impl.LeaderElection (LeaderElection.java:logAndReturn(94)) -   Response 0: s4<-s3#0:OK-t2
2024-10-11 15:03:37,759 [s4@group-F860CA578C61-LeaderElection19] INFO  impl.LeaderElection (LogUtils.java:infoOrTrace(136)) -   Exception 1: java.util.concurrent.ExecutionException: org.apache.ratis.thirdparty.io.netty.channel.AbstractChannel$AnnotatedConnectException: finishConnect(..) failed: Connection refused: localhost/127.0.0.1:15140
2024-10-11 15:03:37,759 [s4@group-F860CA578C61-LeaderElection19] INFO  impl.LeaderElection (LogUtils.java:infoOrTrace(136)) -   Exception 2: java.util.concurrent.ExecutionException: org.apache.ratis.thirdparty.io.netty.channel.AbstractChannel$AnnotatedConnectException: finishConnect(..) failed: Connection refused: localhost/127.0.0.1:15148
2024-10-11 15:03:37,759 [s4@group-F860CA578C61-LeaderElection19] INFO  impl.LeaderElection (LeaderElection.java:askForVotes(339)) - s4@group-F860CA578C61-LeaderElection19 PRE_VOTE round 165: result TIMEOUT
2024-10-11 15:03:37,759 [s4@group-F860CA578C61-LeaderElection19] INFO  impl.LeaderElection (LeaderElection.java:askForVotes(337)) - s4@group-F860CA578C61-LeaderElection19 PRE_VOTE round 166: submit vote requests at term 2 for conf: {index: 1, cur=peers:[s3|localhost:15152, s4|localhost:15156, s0|localhost:15140, s1|localhost:15144, s2|localhost:15148]|listeners:[], old=null}
2024-10-11 15:03:37,760 [NettyRpcService-workerGroup--thread3] INFO  server.RaftServer$Division (RaftServerImpl.java:requestVote(1443)) - s3@group-F860CA578C61: receive requestVote(PRE_VOTE, s4, group-F860CA578C61, 2, (t:2, i:2))
2024-10-11 15:03:37,760 [NettyRpcService-workerGroup--thread3] INFO  impl.VoteContext (VoteContext.java:log(49)) - s3@group-F860CA578C61-CANDIDATE: accept PRE_VOTE from s4: our priority 0 <= candidate's priority 0
2024-10-11 15:03:37,760 [s4@group-F860CA578C61-LeaderElection19] INFO  impl.LeaderElection (LogUtils.java:infoOrTrace(136)) - s4@group-F860CA578C61-LeaderElection19 got exception when requesting votes: java.util.concurrent.ExecutionException: org.apache.ratis.thirdparty.io.netty.channel.AbstractChannel$AnnotatedConnectException: finishConnect(..) failed: Connection refused: localhost/127.0.0.1:15148
2024-10-11 15:03:37,760 [NettyRpcService-workerGroup--thread3] INFO  server.RaftServer$Division (RaftServerImpl.java:requestVote(1476)) - s3@group-F860CA578C61 replies to PRE_VOTE vote request: s4<-s3#0:OK-t2. Peer's state: s3@group-F860CA578C61:t2, leader=null, voted=s0, raftlog=Memoized:s3@group-F860CA578C61-SegmentedRaftLog:OPENED:c2:last(t:2, i:2), conf=conf: {index: 1, cur=peers:[s3|localhost:15152, s4|localhost:15156, s0|localhost:15140, s1|localhost:15144, s2|localhost:15148]|listeners:[], old=null}
2024-10-11 15:03:37,760 [s4@group-F860CA578C61-LeaderElection19] INFO  impl.LeaderElection (LogUtils.java:infoOrTrace(136)) - s4@group-F860CA578C61-LeaderElection19 got exception when requesting votes: java.util.concurrent.ExecutionException: org.apache.ratis.thirdparty.io.netty.channel.AbstractChannel$AnnotatedConnectException: finishConnect(..) failed: Connection refused: localhost/127.0.0.1:15140
2024-10-11 15:03:37,824 [s3@group-F860CA578C61-LeaderElection20] INFO  impl.LeaderElection (LeaderElection.java:logAndReturn(90)) - s3@group-F860CA578C61-LeaderElection20: PRE_VOTE TIMEOUT received 1 response(s) and 2 exception(s):
2024-10-11 15:03:37,825 [s3@group-F860CA578C61-LeaderElection20] INFO  impl.LeaderElection (LeaderElection.java:logAndReturn(94)) -   Response 0: s3<-s4#0:OK-t2
2024-10-11 15:03:37,825 [s3@group-F860CA578C61-LeaderElection20] INFO  impl.LeaderElection (LogUtils.java:infoOrTrace(136)) -   Exception 1: java.util.concurrent.ExecutionException: org.apache.ratis.thirdparty.io.netty.channel.AbstractChannel$AnnotatedConnectException: finishConnect(..) failed: Connection refused: localhost/127.0.0.1:15140
2024-10-11 15:03:37,825 [s3@group-F860CA578C61-LeaderElection20] INFO  impl.LeaderElection (LogUtils.java:infoOrTrace(136)) -   Exception 2: java.util.concurrent.ExecutionException: org.apache.ratis.thirdparty.io.netty.channel.AbstractChannel$AnnotatedConnectException: finishConnect(..) failed: Connection refused: localhost/127.0.0.1:15148
2024-10-11 15:03:37,825 [s3@group-F860CA578C61-LeaderElection20] INFO  impl.LeaderElection (LeaderElection.java:askForVotes(339)) - s3@group-F860CA578C61-LeaderElection20 PRE_VOTE round 156: result TIMEOUT
2024-10-11 15:03:37,825 [s3@group-F860CA578C61-LeaderElection20] INFO  impl.LeaderElection (LeaderElection.java:askForVotes(337)) - s3@group-F860CA578C61-LeaderElection20 PRE_VOTE round 157: submit vote requests at term 2 for conf: {index: 1, cur=peers:[s3|localhost:15152, s4|localhost:15156, s0|localhost:15140, s1|localhost:15144, s2|localhost:15148]|listeners:[], old=null}
2024-10-11 15:03:37,826 [NettyRpcService-workerGroup--thread3] INFO  server.RaftServer$Division (RaftServerImpl.java:requestVote(1443)) - s4@group-F860CA578C61: receive requestVote(PRE_VOTE, s3, group-F860CA578C61, 2, (t:2, i:2))
2024-10-11 15:03:37,826 [NettyRpcService-workerGroup--thread3] INFO  impl.VoteContext (VoteContext.java:log(49)) - s4@group-F860CA578C61-CANDIDATE: accept PRE_VOTE from s3: our priority 0 <= candidate's priority 0
2024-10-11 15:03:37,826 [s3@group-F860CA578C61-LeaderElection20] INFO  impl.LeaderElection (LogUtils.java:infoOrTrace(136)) - s3@group-F860CA578C61-LeaderElection20 got exception when requesting votes: java.util.concurrent.ExecutionException: org.apache.ratis.thirdparty.io.netty.channel.AbstractChannel$AnnotatedConnectException: finishConnect(..) failed: Connection refused: localhost/127.0.0.1:15140
2024-10-11 15:03:37,826 [NettyRpcService-workerGroup--thread3] INFO  server.RaftServer$Division (RaftServerImpl.java:requestVote(1476)) - s4@group-F860CA578C61 replies to PRE_VOTE vote request: s3<-s4#0:OK-t2. Peer's state: s4@group-F860CA578C61:t2, leader=null, voted=s0, raftlog=Memoized:s4@group-F860CA578C61-SegmentedRaftLog:OPENED:c2:last(t:2, i:2), conf=conf: {index: 1, cur=peers:[s3|localhost:15152, s4|localhost:15156, s0|localhost:15140, s1|localhost:15144, s2|localhost:15148]|listeners:[], old=null}
2024-10-11 15:03:37,826 [s3@group-F860CA578C61-LeaderElection20] INFO  impl.LeaderElection (LogUtils.java:infoOrTrace(136)) - s3@group-F860CA578C61-LeaderElection20 got exception when requesting votes: java.util.concurrent.ExecutionException: org.apache.ratis.thirdparty.io.netty.channel.AbstractChannel$AnnotatedConnectException: finishConnect(..) failed: Connection refused: localhost/127.0.0.1:15148
2024-10-11 15:03:37,910 [s4@group-F860CA578C61-LeaderElection19] INFO  impl.LeaderElection (LeaderElection.java:logAndReturn(90)) - s4@group-F860CA578C61-LeaderElection19: PRE_VOTE TIMEOUT received 1 response(s) and 2 exception(s):
2024-10-11 15:03:37,910 [s4@group-F860CA578C61-LeaderElection19] INFO  impl.LeaderElection (LeaderElection.java:logAndReturn(94)) -   Response 0: s4<-s3#0:OK-t2
2024-10-11 15:03:37,910 [s4@group-F860CA578C61-LeaderElection19] INFO  impl.LeaderElection (LogUtils.java:infoOrTrace(136)) -   Exception 1: java.util.concurrent.ExecutionException: org.apache.ratis.thirdparty.io.netty.channel.AbstractChannel$AnnotatedConnectException: finishConnect(..) failed: Connection refused: localhost/127.0.0.1:15148
2024-10-11 15:03:37,910 [s4@group-F860CA578C61-LeaderElection19] INFO  impl.LeaderElection (LogUtils.java:infoOrTrace(136)) -   Exception 2: java.util.concurrent.ExecutionException: org.apache.ratis.thirdparty.io.netty.channel.AbstractChannel$AnnotatedConnectException: finishConnect(..) failed: Connection refused: localhost/127.0.0.1:15140
2024-10-11 15:03:37,910 [s4@group-F860CA578C61-LeaderElection19] INFO  impl.LeaderElection (LeaderElection.java:askForVotes(339)) - s4@group-F860CA578C61-LeaderElection19 PRE_VOTE round 166: result TIMEOUT
2024-10-11 15:03:37,910 [s4@group-F860CA578C61-LeaderElection19] INFO  impl.LeaderElection (LeaderElection.java:askForVotes(337)) - s4@group-F860CA578C61-LeaderElection19 PRE_VOTE round 167: submit vote requests at term 2 for conf: {index: 1, cur=peers:[s3|localhost:15152, s4|localhost:15156, s0|localhost:15140, s1|localhost:15144, s2|localhost:15148]|listeners:[], old=null}
2024-10-11 15:03:37,911 [NettyRpcService-workerGroup--thread3] INFO  server.RaftServer$Division (RaftServerImpl.java:requestVote(1443)) - s3@group-F860CA578C61: receive requestVote(PRE_VOTE, s4, group-F860CA578C61, 2, (t:2, i:2))
2024-10-11 15:03:37,911 [NettyRpcService-workerGroup--thread3] INFO  impl.VoteContext (VoteContext.java:log(49)) - s3@group-F860CA578C61-CANDIDATE: accept PRE_VOTE from s4: our priority 0 <= candidate's priority 0
2024-10-11 15:03:37,911 [s4@group-F860CA578C61-LeaderElection19] INFO  impl.LeaderElection (LogUtils.java:infoOrTrace(136)) - s4@group-F860CA578C61-LeaderElection19 got exception when requesting votes: java.util.concurrent.ExecutionException: org.apache.ratis.thirdparty.io.netty.channel.AbstractChannel$AnnotatedConnectException: finishConnect(..) failed: Connection refused: localhost/127.0.0.1:15148
2024-10-11 15:03:37,911 [NettyRpcService-workerGroup--thread3] INFO  server.RaftServer$Division (RaftServerImpl.java:requestVote(1476)) - s3@group-F860CA578C61 replies to PRE_VOTE vote request: s4<-s3#0:OK-t2. Peer's state: s3@group-F860CA578C61:t2, leader=null, voted=s0, raftlog=Memoized:s3@group-F860CA578C61-SegmentedRaftLog:OPENED:c2:last(t:2, i:2), conf=conf: {index: 1, cur=peers:[s3|localhost:15152, s4|localhost:15156, s0|localhost:15140, s1|localhost:15144, s2|localhost:15148]|listeners:[], old=null}
2024-10-11 15:03:37,911 [s4@group-F860CA578C61-LeaderElection19] INFO  impl.LeaderElection (LogUtils.java:infoOrTrace(136)) - s4@group-F860CA578C61-LeaderElection19 got exception when requesting votes: java.util.concurrent.ExecutionException: org.apache.ratis.thirdparty.io.netty.channel.AbstractChannel$AnnotatedConnectException: finishConnect(..) failed: Connection refused: localhost/127.0.0.1:15140
2024-10-11 15:03:38,103 [s4@group-F860CA578C61-LeaderElection19] INFO  impl.LeaderElection (LeaderElection.java:logAndReturn(90)) - s4@group-F860CA578C61-LeaderElection19: PRE_VOTE TIMEOUT received 1 response(s) and 2 exception(s):
2024-10-11 15:03:38,103 [s4@group-F860CA578C61-LeaderElection19] INFO  impl.LeaderElection (LeaderElection.java:logAndReturn(94)) -   Response 0: s4<-s3#0:OK-t2
2024-10-11 15:03:38,103 [s4@group-F860CA578C61-LeaderElection19] INFO  impl.LeaderElection (LogUtils.java:infoOrTrace(136)) -   Exception 1: java.util.concurrent.ExecutionException: org.apache.ratis.thirdparty.io.netty.channel.AbstractChannel$AnnotatedConnectException: finishConnect(..) failed: Connection refused: localhost/127.0.0.1:15148
2024-10-11 15:03:38,103 [s4@group-F860CA578C61-LeaderElection19] INFO  impl.LeaderElection (LogUtils.java:infoOrTrace(136)) -   Exception 2: java.util.concurrent.ExecutionException: org.apache.ratis.thirdparty.io.netty.channel.AbstractChannel$AnnotatedConnectException: finishConnect(..) failed: Connection refused: localhost/127.0.0.1:15140
2024-10-11 15:03:38,103 [s4@group-F860CA578C61-LeaderElection19] INFO  impl.LeaderElection (LeaderElection.java:askForVotes(339)) - s4@group-F860CA578C61-LeaderElection19 PRE_VOTE round 167: result TIMEOUT
2024-10-11 15:03:38,103 [s4@group-F860CA578C61-LeaderElection19] INFO  impl.LeaderElection (LeaderElection.java:askForVotes(337)) - s4@group-F860CA578C61-LeaderElection19 PRE_VOTE round 168: submit vote requests at term 2 for conf: {index: 1, cur=peers:[s3|localhost:15152, s4|localhost:15156, s0|localhost:15140, s1|localhost:15144, s2|localhost:15148]|listeners:[], old=null}
2024-10-11 15:03:38,104 [NettyRpcService-workerGroup--thread3] INFO  server.RaftServer$Division (RaftServerImpl.java:requestVote(1443)) - s3@group-F860CA578C61: receive requestVote(PRE_VOTE, s4, group-F860CA578C61, 2, (t:2, i:2))
2024-10-11 15:03:38,104 [NettyRpcService-workerGroup--thread3] INFO  impl.VoteContext (VoteContext.java:log(49)) - s3@group-F860CA578C61-CANDIDATE: accept PRE_VOTE from s4: our priority 0 <= candidate's priority 0
2024-10-11 15:03:38,105 [s4@group-F860CA578C61-LeaderElection19] INFO  impl.LeaderElection (LogUtils.java:infoOrTrace(136)) - s4@group-F860CA578C61-LeaderElection19 got exception when requesting votes: java.util.concurrent.ExecutionException: org.apache.ratis.thirdparty.io.netty.channel.AbstractChannel$AnnotatedConnectException: finishConnect(..) failed: Connection refused: localhost/127.0.0.1:15140
2024-10-11 15:03:38,105 [NettyRpcService-workerGroup--thread3] INFO  server.RaftServer$Division (RaftServerImpl.java:requestVote(1476)) - s3@group-F860CA578C61 replies to PRE_VOTE vote request: s4<-s3#0:OK-t2. Peer's state: s3@group-F860CA578C61:t2, leader=null, voted=s0, raftlog=Memoized:s3@group-F860CA578C61-SegmentedRaftLog:OPENED:c2:last(t:2, i:2), conf=conf: {index: 1, cur=peers:[s3|localhost:15152, s4|localhost:15156, s0|localhost:15140, s1|localhost:15144, s2|localhost:15148]|listeners:[], old=null}
2024-10-11 15:03:38,105 [s4@group-F860CA578C61-LeaderElection19] INFO  impl.LeaderElection (LogUtils.java:infoOrTrace(136)) - s4@group-F860CA578C61-LeaderElection19 got exception when requesting votes: java.util.concurrent.ExecutionException: org.apache.ratis.thirdparty.io.netty.channel.AbstractChannel$AnnotatedConnectException: finishConnect(..) failed: Connection refused: localhost/127.0.0.1:15148
2024-10-11 15:03:38,106 [s3@group-F860CA578C61-LeaderElection20] INFO  impl.LeaderElection (LeaderElection.java:logAndReturn(90)) - s3@group-F860CA578C61-LeaderElection20: PRE_VOTE TIMEOUT received 1 response(s) and 2 exception(s):
2024-10-11 15:03:38,106 [s3@group-F860CA578C61-LeaderElection20] INFO  impl.LeaderElection (LeaderElection.java:logAndReturn(94)) -   Response 0: s3<-s4#0:OK-t2
2024-10-11 15:03:38,106 [s3@group-F860CA578C61-LeaderElection20] INFO  impl.LeaderElection (LogUtils.java:infoOrTrace(136)) -   Exception 1: java.util.concurrent.ExecutionException: org.apache.ratis.thirdparty.io.netty.channel.AbstractChannel$AnnotatedConnectException: finishConnect(..) failed: Connection refused: localhost/127.0.0.1:15140
2024-10-11 15:03:38,106 [s3@group-F860CA578C61-LeaderElection20] INFO  impl.LeaderElection (LogUtils.java:infoOrTrace(136)) -   Exception 2: java.util.concurrent.ExecutionException: org.apache.ratis.thirdparty.io.netty.channel.AbstractChannel$AnnotatedConnectException: finishConnect(..) failed: Connection refused: localhost/127.0.0.1:15148
2024-10-11 15:03:38,106 [s3@group-F860CA578C61-LeaderElection20] INFO  impl.LeaderElection (LeaderElection.java:askForVotes(339)) - s3@group-F860CA578C61-LeaderElection20 PRE_VOTE round 157: result TIMEOUT
2024-10-11 15:03:38,106 [s3@group-F860CA578C61-LeaderElection20] INFO  impl.LeaderElection (LeaderElection.java:askForVotes(337)) - s3@group-F860CA578C61-LeaderElection20 PRE_VOTE round 158: submit vote requests at term 2 for conf: {index: 1, cur=peers:[s3|localhost:15152, s4|localhost:15156, s0|localhost:15140, s1|localhost:15144, s2|localhost:15148]|listeners:[], old=null}
2024-10-11 15:03:38,106 [NettyRpcService-workerGroup--thread3] INFO  server.RaftServer$Division (RaftServerImpl.java:requestVote(1443)) - s4@group-F860CA578C61: receive requestVote(PRE_VOTE, s3, group-F860CA578C61, 2, (t:2, i:2))
2024-10-11 15:03:38,106 [NettyRpcService-workerGroup--thread3] INFO  impl.VoteContext (VoteContext.java:log(49)) - s4@group-F860CA578C61-CANDIDATE: accept PRE_VOTE from s3: our priority 0 <= candidate's priority 0
2024-10-11 15:03:38,107 [NettyRpcService-workerGroup--thread3] INFO  server.RaftServer$Division (RaftServerImpl.java:requestVote(1476)) - s4@group-F860CA578C61 replies to PRE_VOTE vote request: s3<-s4#0:OK-t2. Peer's state: s4@group-F860CA578C61:t2, leader=null, voted=s0, raftlog=Memoized:s4@group-F860CA578C61-SegmentedRaftLog:OPENED:c2:last(t:2, i:2), conf=conf: {index: 1, cur=peers:[s3|localhost:15152, s4|localhost:15156, s0|localhost:15140, s1|localhost:15144, s2|localhost:15148]|listeners:[], old=null}
2024-10-11 15:03:38,107 [s3@group-F860CA578C61-LeaderElection20] INFO  impl.LeaderElection (LogUtils.java:infoOrTrace(136)) - s3@group-F860CA578C61-LeaderElection20 got exception when requesting votes: java.util.concurrent.ExecutionException: org.apache.ratis.thirdparty.io.netty.channel.AbstractChannel$AnnotatedConnectException: finishConnect(..) failed: Connection refused: localhost/127.0.0.1:15140
2024-10-11 15:03:38,107 [s3@group-F860CA578C61-LeaderElection20] INFO  impl.LeaderElection (LogUtils.java:infoOrTrace(136)) - s3@group-F860CA578C61-LeaderElection20 got exception when requesting votes: java.util.concurrent.ExecutionException: org.apache.ratis.thirdparty.io.netty.channel.AbstractChannel$AnnotatedConnectException: finishConnect(..) failed: Connection refused: localhost/127.0.0.1:15148
2024-10-11 15:03:38,121 [main] WARN  ratis.RaftTestUtil (RaftTestUtil.java:lambda$waitForLeader$3(126)) - Attempt #84 failed: java.lang.IllegalStateException: No leader yet : printing ALL groups
  s3:  RUNNING CANDIDATE s3@group-F860CA578C61:t2, leader=null, voted=s0, raftlog=Memoized:s3@group-F860CA578C61-SegmentedRaftLog:OPENED:c2:last(t:2, i:2), conf=conf: {index: 1, cur=peers:[s3|localhost:15152, s4|localhost:15156, s0|localhost:15140, s1|localhost:15144, s2|localhost:15148]|listeners:[], old=null} RUNNING
  s4:  RUNNING CANDIDATE s4@group-F860CA578C61:t2, leader=null, voted=s0, raftlog=Memoized:s4@group-F860CA578C61-SegmentedRaftLog:OPENED:c2:last(t:2, i:2), conf=conf: {index: 1, cur=peers:[s3|localhost:15152, s4|localhost:15156, s0|localhost:15140, s1|localhost:15144, s2|localhost:15148]|listeners:[], old=null} RUNNING
  s0:   CLOSED    LEADER s0@group-F860CA578C61:t2, leader=s0, voted=s0, raftlog=Memoized:s0@group-F860CA578C61-SegmentedRaftLog:CLOSED:c2, conf=conf: {index: 1, cur=peers:[s3|localhost:15152, s4|localhost:15156, s0|localhost:15140, s1|localhost:15144, s2|localhost:15148]|listeners:[], old=null} CLOSED
  s1:  RUNNING  FOLLOWER s1@group-F860CA578C61:t1, leader=null, voted=null, raftlog=Memoized:s1@group-F860CA578C61-SegmentedRaftLog:OPENED:c-1:lastnull, conf=conf: {index: -1, cur=peers:[s3|localhost:15152, s4|localhost:15156, s0|localhost:15140, s1|localhost:15144, s2|localhost:15148]|listeners:[], old=null} RUNNING
  s2:   CLOSED    LEADER s2@group-F860CA578C61:t1, leader=s2, voted=s2, raftlog=Memoized:s2@group-F860CA578C61-SegmentedRaftLog:CLOSED:c0, conf=conf: {index: 0, cur=peers:[s3|localhost:15152, s4|localhost:15156, s0|localhost:15140, s1|localhost:15144, s2|localhost:15148]|listeners:[], old=null} CLOSED
2024-10-11 15:03:38,333 [s3@group-F860CA578C61-LeaderElection20] INFO  impl.LeaderElection (LeaderElection.java:logAndReturn(90)) - s3@group-F860CA578C61-LeaderElection20: PRE_VOTE TIMEOUT received 1 response(s) and 2 exception(s):
2024-10-11 15:03:38,334 [s3@group-F860CA578C61-LeaderElection20] INFO  impl.LeaderElection (LeaderElection.java:logAndReturn(94)) -   Response 0: s3<-s4#0:OK-t2
2024-10-11 15:03:38,334 [s3@group-F860CA578C61-LeaderElection20] INFO  impl.LeaderElection (LogUtils.java:infoOrTrace(136)) -   Exception 1: java.util.concurrent.ExecutionException: org.apache.ratis.thirdparty.io.netty.channel.AbstractChannel$AnnotatedConnectException: finishConnect(..) failed: Connection refused: localhost/127.0.0.1:15140
2024-10-11 15:03:38,334 [s3@group-F860CA578C61-LeaderElection20] INFO  impl.LeaderElection (LogUtils.java:infoOrTrace(136)) -   Exception 2: java.util.concurrent.ExecutionException: org.apache.ratis.thirdparty.io.netty.channel.AbstractChannel$AnnotatedConnectException: finishConnect(..) failed: Connection refused: localhost/127.0.0.1:15148
2024-10-11 15:03:38,334 [s3@group-F860CA578C61-LeaderElection20] INFO  impl.LeaderElection (LeaderElection.java:askForVotes(339)) - s3@group-F860CA578C61-LeaderElection20 PRE_VOTE round 158: result TIMEOUT
2024-10-11 15:03:38,334 [s3@group-F860CA578C61-LeaderElection20] INFO  impl.LeaderElection (LeaderElection.java:askForVotes(337)) - s3@group-F860CA578C61-LeaderElection20 PRE_VOTE round 159: submit vote requests at term 2 for conf: {index: 1, cur=peers:[s3|localhost:15152, s4|localhost:15156, s0|localhost:15140, s1|localhost:15144, s2|localhost:15148]|listeners:[], old=null}
2024-10-11 15:03:38,334 [NettyRpcService-workerGroup--thread3] INFO  server.RaftServer$Division (RaftServerImpl.java:requestVote(1443)) - s4@group-F860CA578C61: receive requestVote(PRE_VOTE, s3, group-F860CA578C61, 2, (t:2, i:2))
2024-10-11 15:03:38,335 [NettyRpcService-workerGroup--thread3] INFO  impl.VoteContext (VoteContext.java:log(49)) - s4@group-F860CA578C61-CANDIDATE: accept PRE_VOTE from s3: our priority 0 <= candidate's priority 0
2024-10-11 15:03:38,335 [NettyRpcService-workerGroup--thread3] INFO  server.RaftServer$Division (RaftServerImpl.java:requestVote(1476)) - s4@group-F860CA578C61 replies to PRE_VOTE vote request: s3<-s4#0:OK-t2. Peer's state: s4@group-F860CA578C61:t2, leader=null, voted=s0, raftlog=Memoized:s4@group-F860CA578C61-SegmentedRaftLog:OPENED:c2:last(t:2, i:2), conf=conf: {index: 1, cur=peers:[s3|localhost:15152, s4|localhost:15156, s0|localhost:15140, s1|localhost:15144, s2|localhost:15148]|listeners:[], old=null}
2024-10-11 15:03:38,335 [s3@group-F860CA578C61-LeaderElection20] INFO  impl.LeaderElection (LogUtils.java:infoOrTrace(136)) - s3@group-F860CA578C61-LeaderElection20 got exception when requesting votes: java.util.concurrent.ExecutionException: org.apache.ratis.thirdparty.io.netty.channel.AbstractChannel$AnnotatedConnectException: finishConnect(..) failed: Connection refused: localhost/127.0.0.1:15148
2024-10-11 15:03:38,335 [s3@group-F860CA578C61-LeaderElection20] INFO  impl.LeaderElection (LogUtils.java:infoOrTrace(136)) - s3@group-F860CA578C61-LeaderElection20 got exception when requesting votes: java.util.concurrent.ExecutionException: org.apache.ratis.thirdparty.io.netty.channel.AbstractChannel$AnnotatedConnectException: finishConnect(..) failed: Connection refused: localhost/127.0.0.1:15140
2024-10-11 15:03:38,344 [s4@group-F860CA578C61-LeaderElection19] INFO  impl.LeaderElection (LeaderElection.java:logAndReturn(90)) - s4@group-F860CA578C61-LeaderElection19: PRE_VOTE TIMEOUT received 1 response(s) and 2 exception(s):
2024-10-11 15:03:38,344 [s4@group-F860CA578C61-LeaderElection19] INFO  impl.LeaderElection (LeaderElection.java:logAndReturn(94)) -   Response 0: s4<-s3#0:OK-t2
2024-10-11 15:03:38,344 [s4@group-F860CA578C61-LeaderElection19] INFO  impl.LeaderElection (LogUtils.java:infoOrTrace(136)) -   Exception 1: java.util.concurrent.ExecutionException: org.apache.ratis.thirdparty.io.netty.channel.AbstractChannel$AnnotatedConnectException: finishConnect(..) failed: Connection refused: localhost/127.0.0.1:15140
2024-10-11 15:03:38,344 [s4@group-F860CA578C61-LeaderElection19] INFO  impl.LeaderElection (LogUtils.java:infoOrTrace(136)) -   Exception 2: java.util.concurrent.ExecutionException: org.apache.ratis.thirdparty.io.netty.channel.AbstractChannel$AnnotatedConnectException: finishConnect(..) failed: Connection refused: localhost/127.0.0.1:15148
2024-10-11 15:03:38,344 [s4@group-F860CA578C61-LeaderElection19] INFO  impl.LeaderElection (LeaderElection.java:askForVotes(339)) - s4@group-F860CA578C61-LeaderElection19 PRE_VOTE round 168: result TIMEOUT
2024-10-11 15:03:38,345 [s4@group-F860CA578C61-LeaderElection19] INFO  impl.LeaderElection (LeaderElection.java:askForVotes(337)) - s4@group-F860CA578C61-LeaderElection19 PRE_VOTE round 169: submit vote requests at term 2 for conf: {index: 1, cur=peers:[s3|localhost:15152, s4|localhost:15156, s0|localhost:15140, s1|localhost:15144, s2|localhost:15148]|listeners:[], old=null}
2024-10-11 15:03:38,345 [NettyRpcService-workerGroup--thread3] INFO  server.RaftServer$Division (RaftServerImpl.java:requestVote(1443)) - s3@group-F860CA578C61: receive requestVote(PRE_VOTE, s4, group-F860CA578C61, 2, (t:2, i:2))
2024-10-11 15:03:38,345 [NettyRpcService-workerGroup--thread3] INFO  impl.VoteContext (VoteContext.java:log(49)) - s3@group-F860CA578C61-CANDIDATE: accept PRE_VOTE from s4: our priority 0 <= candidate's priority 0
2024-10-11 15:03:38,345 [NettyRpcService-workerGroup--thread3] INFO  server.RaftServer$Division (RaftServerImpl.java:requestVote(1476)) - s3@group-F860CA578C61 replies to PRE_VOTE vote request: s4<-s3#0:OK-t2. Peer's state: s3@group-F860CA578C61:t2, leader=null, voted=s0, raftlog=Memoized:s3@group-F860CA578C61-SegmentedRaftLog:OPENED:c2:last(t:2, i:2), conf=conf: {index: 1, cur=peers:[s3|localhost:15152, s4|localhost:15156, s0|localhost:15140, s1|localhost:15144, s2|localhost:15148]|listeners:[], old=null}
2024-10-11 15:03:38,345 [s4@group-F860CA578C61-LeaderElection19] INFO  impl.LeaderElection (LogUtils.java:infoOrTrace(136)) - s4@group-F860CA578C61-LeaderElection19 got exception when requesting votes: java.util.concurrent.ExecutionException: org.apache.ratis.thirdparty.io.netty.channel.AbstractChannel$AnnotatedConnectException: finishConnect(..) failed: Connection refused: localhost/127.0.0.1:15140
2024-10-11 15:03:38,345 [s4@group-F860CA578C61-LeaderElection19] INFO  impl.LeaderElection (LogUtils.java:infoOrTrace(136)) - s4@group-F860CA578C61-LeaderElection19 got exception when requesting votes: java.util.concurrent.ExecutionException: org.apache.ratis.thirdparty.io.netty.channel.AbstractChannel$AnnotatedConnectException: finishConnect(..) failed: Connection refused: localhost/127.0.0.1:15148
2024-10-11 15:03:38,492 [s3@group-F860CA578C61-LeaderElection20] INFO  impl.LeaderElection (LeaderElection.java:logAndReturn(90)) - s3@group-F860CA578C61-LeaderElection20: PRE_VOTE TIMEOUT received 1 response(s) and 2 exception(s):
2024-10-11 15:03:38,493 [s3@group-F860CA578C61-LeaderElection20] INFO  impl.LeaderElection (LeaderElection.java:logAndReturn(94)) -   Response 0: s3<-s4#0:OK-t2
2024-10-11 15:03:38,493 [s3@group-F860CA578C61-LeaderElection20] INFO  impl.LeaderElection (LogUtils.java:infoOrTrace(136)) -   Exception 1: java.util.concurrent.ExecutionException: org.apache.ratis.thirdparty.io.netty.channel.AbstractChannel$AnnotatedConnectException: finishConnect(..) failed: Connection refused: localhost/127.0.0.1:15148
2024-10-11 15:03:38,493 [s3@group-F860CA578C61-LeaderElection20] INFO  impl.LeaderElection (LogUtils.java:infoOrTrace(136)) -   Exception 2: java.util.concurrent.ExecutionException: org.apache.ratis.thirdparty.io.netty.channel.AbstractChannel$AnnotatedConnectException: finishConnect(..) failed: Connection refused: localhost/127.0.0.1:15140
2024-10-11 15:03:38,493 [s3@group-F860CA578C61-LeaderElection20] INFO  impl.LeaderElection (LeaderElection.java:askForVotes(339)) - s3@group-F860CA578C61-LeaderElection20 PRE_VOTE round 159: result TIMEOUT
2024-10-11 15:03:38,493 [s3@group-F860CA578C61-LeaderElection20] INFO  impl.LeaderElection (LeaderElection.java:askForVotes(337)) - s3@group-F860CA578C61-LeaderElection20 PRE_VOTE round 160: submit vote requests at term 2 for conf: {index: 1, cur=peers:[s3|localhost:15152, s4|localhost:15156, s0|localhost:15140, s1|localhost:15144, s2|localhost:15148]|listeners:[], old=null}
2024-10-11 15:03:38,494 [NettyRpcService-workerGroup--thread3] INFO  server.RaftServer$Division (RaftServerImpl.java:requestVote(1443)) - s4@group-F860CA578C61: receive requestVote(PRE_VOTE, s3, group-F860CA578C61, 2, (t:2, i:2))
2024-10-11 15:03:38,494 [NettyRpcService-workerGroup--thread3] INFO  impl.VoteContext (VoteContext.java:log(49)) - s4@group-F860CA578C61-CANDIDATE: accept PRE_VOTE from s3: our priority 0 <= candidate's priority 0
2024-10-11 15:03:38,494 [NettyRpcService-workerGroup--thread3] INFO  server.RaftServer$Division (RaftServerImpl.java:requestVote(1476)) - s4@group-F860CA578C61 replies to PRE_VOTE vote request: s3<-s4#0:OK-t2. Peer's state: s4@group-F860CA578C61:t2, leader=null, voted=s0, raftlog=Memoized:s4@group-F860CA578C61-SegmentedRaftLog:OPENED:c2:last(t:2, i:2), conf=conf: {index: 1, cur=peers:[s3|localhost:15152, s4|localhost:15156, s0|localhost:15140, s1|localhost:15144, s2|localhost:15148]|listeners:[], old=null}
2024-10-11 15:03:38,494 [s3@group-F860CA578C61-LeaderElection20] INFO  impl.LeaderElection (LogUtils.java:infoOrTrace(136)) - s3@group-F860CA578C61-LeaderElection20 got exception when requesting votes: java.util.concurrent.ExecutionException: org.apache.ratis.thirdparty.io.netty.channel.AbstractChannel$AnnotatedConnectException: finishConnect(..) failed: Connection refused: localhost/127.0.0.1:15140
2024-10-11 15:03:38,494 [s3@group-F860CA578C61-LeaderElection20] INFO  impl.LeaderElection (LogUtils.java:infoOrTrace(136)) - s3@group-F860CA578C61-LeaderElection20 got exception when requesting votes: java.util.concurrent.ExecutionException: org.apache.ratis.thirdparty.io.netty.channel.AbstractChannel$AnnotatedConnectException: finishConnect(..) failed: Connection refused: localhost/127.0.0.1:15148
2024-10-11 15:03:38,572 [main] WARN  ratis.RaftTestUtil (RaftTestUtil.java:lambda$waitForLeader$3(126)) - Attempt #85 failed: java.lang.IllegalStateException: No leader yet : printing ALL groups
  s3:  RUNNING CANDIDATE s3@group-F860CA578C61:t2, leader=null, voted=s0, raftlog=Memoized:s3@group-F860CA578C61-SegmentedRaftLog:OPENED:c2:last(t:2, i:2), conf=conf: {index: 1, cur=peers:[s3|localhost:15152, s4|localhost:15156, s0|localhost:15140, s1|localhost:15144, s2|localhost:15148]|listeners:[], old=null} RUNNING
  s4:  RUNNING CANDIDATE s4@group-F860CA578C61:t2, leader=null, voted=s0, raftlog=Memoized:s4@group-F860CA578C61-SegmentedRaftLog:OPENED:c2:last(t:2, i:2), conf=conf: {index: 1, cur=peers:[s3|localhost:15152, s4|localhost:15156, s0|localhost:15140, s1|localhost:15144, s2|localhost:15148]|listeners:[], old=null} RUNNING
  s0:   CLOSED    LEADER s0@group-F860CA578C61:t2, leader=s0, voted=s0, raftlog=Memoized:s0@group-F860CA578C61-SegmentedRaftLog:CLOSED:c2, conf=conf: {index: 1, cur=peers:[s3|localhost:15152, s4|localhost:15156, s0|localhost:15140, s1|localhost:15144, s2|localhost:15148]|listeners:[], old=null} CLOSED
  s1:  RUNNING  FOLLOWER s1@group-F860CA578C61:t1, leader=null, voted=null, raftlog=Memoized:s1@group-F860CA578C61-SegmentedRaftLog:OPENED:c-1:lastnull, conf=conf: {index: -1, cur=peers:[s3|localhost:15152, s4|localhost:15156, s0|localhost:15140, s1|localhost:15144, s2|localhost:15148]|listeners:[], old=null} RUNNING
  s2:   CLOSED    LEADER s2@group-F860CA578C61:t1, leader=s2, voted=s2, raftlog=Memoized:s2@group-F860CA578C61-SegmentedRaftLog:CLOSED:c0, conf=conf: {index: 0, cur=peers:[s3|localhost:15152, s4|localhost:15156, s0|localhost:15140, s1|localhost:15144, s2|localhost:15148]|listeners:[], old=null} CLOSED
2024-10-11 15:03:38,586 [s4@group-F860CA578C61-LeaderElection19] INFO  impl.LeaderElection (LeaderElection.java:logAndReturn(90)) - s4@group-F860CA578C61-LeaderElection19: PRE_VOTE TIMEOUT received 1 response(s) and 2 exception(s):
2024-10-11 15:03:38,586 [s4@group-F860CA578C61-LeaderElection19] INFO  impl.LeaderElection (LeaderElection.java:logAndReturn(94)) -   Response 0: s4<-s3#0:OK-t2
2024-10-11 15:03:38,586 [s4@group-F860CA578C61-LeaderElection19] INFO  impl.LeaderElection (LogUtils.java:infoOrTrace(136)) -   Exception 1: java.util.concurrent.ExecutionException: org.apache.ratis.thirdparty.io.netty.channel.AbstractChannel$AnnotatedConnectException: finishConnect(..) failed: Connection refused: localhost/127.0.0.1:15140
2024-10-11 15:03:38,586 [s4@group-F860CA578C61-LeaderElection19] INFO  impl.LeaderElection (LogUtils.java:infoOrTrace(136)) -   Exception 2: java.util.concurrent.ExecutionException: org.apache.ratis.thirdparty.io.netty.channel.AbstractChannel$AnnotatedConnectException: finishConnect(..) failed: Connection refused: localhost/127.0.0.1:15148
2024-10-11 15:03:38,586 [s4@group-F860CA578C61-LeaderElection19] INFO  impl.LeaderElection (LeaderElection.java:askForVotes(339)) - s4@group-F860CA578C61-LeaderElection19 PRE_VOTE round 169: result TIMEOUT
2024-10-11 15:03:38,586 [s4@group-F860CA578C61-LeaderElection19] INFO  impl.LeaderElection (LeaderElection.java:askForVotes(337)) - s4@group-F860CA578C61-LeaderElection19 PRE_VOTE round 170: submit vote requests at term 2 for conf: {index: 1, cur=peers:[s3|localhost:15152, s4|localhost:15156, s0|localhost:15140, s1|localhost:15144, s2|localhost:15148]|listeners:[], old=null}
2024-10-11 15:03:38,587 [NettyRpcService-workerGroup--thread3] INFO  server.RaftServer$Division (RaftServerImpl.java:requestVote(1443)) - s3@group-F860CA578C61: receive requestVote(PRE_VOTE, s4, group-F860CA578C61, 2, (t:2, i:2))
2024-10-11 15:03:38,587 [NettyRpcService-workerGroup--thread3] INFO  impl.VoteContext (VoteContext.java:log(49)) - s3@group-F860CA578C61-CANDIDATE: accept PRE_VOTE from s4: our priority 0 <= candidate's priority 0
2024-10-11 15:03:38,587 [NettyRpcService-workerGroup--thread3] INFO  server.RaftServer$Division (RaftServerImpl.java:requestVote(1476)) - s3@group-F860CA578C61 replies to PRE_VOTE vote request: s4<-s3#0:OK-t2. Peer's state: s3@group-F860CA578C61:t2, leader=null, voted=s0, raftlog=Memoized:s3@group-F860CA578C61-SegmentedRaftLog:OPENED:c2:last(t:2, i:2), conf=conf: {index: 1, cur=peers:[s3|localhost:15152, s4|localhost:15156, s0|localhost:15140, s1|localhost:15144, s2|localhost:15148]|listeners:[], old=null}
2024-10-11 15:03:38,587 [s4@group-F860CA578C61-LeaderElection19] INFO  impl.LeaderElection (LogUtils.java:infoOrTrace(136)) - s4@group-F860CA578C61-LeaderElection19 got exception when requesting votes: java.util.concurrent.ExecutionException: org.apache.ratis.thirdparty.io.netty.channel.AbstractChannel$AnnotatedConnectException: finishConnect(..) failed: Connection refused: localhost/127.0.0.1:15140
2024-10-11 15:03:38,588 [s4@group-F860CA578C61-LeaderElection19] INFO  impl.LeaderElection (LogUtils.java:infoOrTrace(136)) - s4@group-F860CA578C61-LeaderElection19 got exception when requesting votes: java.util.concurrent.ExecutionException: org.apache.ratis.thirdparty.io.netty.channel.AbstractChannel$AnnotatedConnectException: finishConnect(..) failed: Connection refused: localhost/127.0.0.1:15148
2024-10-11 15:03:38,718 [s3@group-F860CA578C61-LeaderElection20] INFO  impl.LeaderElection (LeaderElection.java:logAndReturn(90)) - s3@group-F860CA578C61-LeaderElection20: PRE_VOTE TIMEOUT received 1 response(s) and 2 exception(s):
2024-10-11 15:03:38,719 [s3@group-F860CA578C61-LeaderElection20] INFO  impl.LeaderElection (LeaderElection.java:logAndReturn(94)) -   Response 0: s3<-s4#0:OK-t2
2024-10-11 15:03:38,719 [s3@group-F860CA578C61-LeaderElection20] INFO  impl.LeaderElection (LogUtils.java:infoOrTrace(136)) -   Exception 1: java.util.concurrent.ExecutionException: org.apache.ratis.thirdparty.io.netty.channel.AbstractChannel$AnnotatedConnectException: finishConnect(..) failed: Connection refused: localhost/127.0.0.1:15140
2024-10-11 15:03:38,719 [s3@group-F860CA578C61-LeaderElection20] INFO  impl.LeaderElection (LogUtils.java:infoOrTrace(136)) -   Exception 2: java.util.concurrent.ExecutionException: org.apache.ratis.thirdparty.io.netty.channel.AbstractChannel$AnnotatedConnectException: finishConnect(..) failed: Connection refused: localhost/127.0.0.1:15148
2024-10-11 15:03:38,719 [s3@group-F860CA578C61-LeaderElection20] INFO  impl.LeaderElection (LeaderElection.java:askForVotes(339)) - s3@group-F860CA578C61-LeaderElection20 PRE_VOTE round 160: result TIMEOUT
2024-10-11 15:03:38,719 [s3@group-F860CA578C61-LeaderElection20] INFO  impl.LeaderElection (LeaderElection.java:askForVotes(337)) - s3@group-F860CA578C61-LeaderElection20 PRE_VOTE round 161: submit vote requests at term 2 for conf: {index: 1, cur=peers:[s3|localhost:15152, s4|localhost:15156, s0|localhost:15140, s1|localhost:15144, s2|localhost:15148]|listeners:[], old=null}
2024-10-11 15:03:38,720 [NettyRpcService-workerGroup--thread3] INFO  server.RaftServer$Division (RaftServerImpl.java:requestVote(1443)) - s4@group-F860CA578C61: receive requestVote(PRE_VOTE, s3, group-F860CA578C61, 2, (t:2, i:2))
2024-10-11 15:03:38,720 [NettyRpcService-workerGroup--thread3] INFO  impl.VoteContext (VoteContext.java:log(49)) - s4@group-F860CA578C61-CANDIDATE: accept PRE_VOTE from s3: our priority 0 <= candidate's priority 0
2024-10-11 15:03:38,720 [s3@group-F860CA578C61-LeaderElection20] INFO  impl.LeaderElection (LogUtils.java:infoOrTrace(136)) - s3@group-F860CA578C61-LeaderElection20 got exception when requesting votes: java.util.concurrent.ExecutionException: org.apache.ratis.thirdparty.io.netty.channel.AbstractChannel$AnnotatedConnectException: finishConnect(..) failed: Connection refused: localhost/127.0.0.1:15140
2024-10-11 15:03:38,720 [NettyRpcService-workerGroup--thread3] INFO  server.RaftServer$Division (RaftServerImpl.java:requestVote(1476)) - s4@group-F860CA578C61 replies to PRE_VOTE vote request: s3<-s4#0:OK-t2. Peer's state: s4@group-F860CA578C61:t2, leader=null, voted=s0, raftlog=Memoized:s4@group-F860CA578C61-SegmentedRaftLog:OPENED:c2:last(t:2, i:2), conf=conf: {index: 1, cur=peers:[s3|localhost:15152, s4|localhost:15156, s0|localhost:15140, s1|localhost:15144, s2|localhost:15148]|listeners:[], old=null}
2024-10-11 15:03:38,720 [s3@group-F860CA578C61-LeaderElection20] INFO  impl.LeaderElection (LogUtils.java:infoOrTrace(136)) - s3@group-F860CA578C61-LeaderElection20 got exception when requesting votes: java.util.concurrent.ExecutionException: org.apache.ratis.thirdparty.io.netty.channel.AbstractChannel$AnnotatedConnectException: finishConnect(..) failed: Connection refused: localhost/127.0.0.1:15148
2024-10-11 15:03:38,831 [s4@group-F860CA578C61-LeaderElection19] INFO  impl.LeaderElection (LeaderElection.java:logAndReturn(90)) - s4@group-F860CA578C61-LeaderElection19: PRE_VOTE TIMEOUT received 1 response(s) and 2 exception(s):
2024-10-11 15:03:38,831 [s4@group-F860CA578C61-LeaderElection19] INFO  impl.LeaderElection (LeaderElection.java:logAndReturn(94)) -   Response 0: s4<-s3#0:OK-t2
2024-10-11 15:03:38,831 [s4@group-F860CA578C61-LeaderElection19] INFO  impl.LeaderElection (LogUtils.java:infoOrTrace(136)) -   Exception 1: java.util.concurrent.ExecutionException: org.apache.ratis.thirdparty.io.netty.channel.AbstractChannel$AnnotatedConnectException: finishConnect(..) failed: Connection refused: localhost/127.0.0.1:15140
2024-10-11 15:03:38,831 [s4@group-F860CA578C61-LeaderElection19] INFO  impl.LeaderElection (LogUtils.java:infoOrTrace(136)) -   Exception 2: java.util.concurrent.ExecutionException: org.apache.ratis.thirdparty.io.netty.channel.AbstractChannel$AnnotatedConnectException: finishConnect(..) failed: Connection refused: localhost/127.0.0.1:15148
2024-10-11 15:03:38,831 [s4@group-F860CA578C61-LeaderElection19] INFO  impl.LeaderElection (LeaderElection.java:askForVotes(339)) - s4@group-F860CA578C61-LeaderElection19 PRE_VOTE round 170: result TIMEOUT
2024-10-11 15:03:38,831 [s4@group-F860CA578C61-LeaderElection19] INFO  impl.LeaderElection (LeaderElection.java:askForVotes(337)) - s4@group-F860CA578C61-LeaderElection19 PRE_VOTE round 171: submit vote requests at term 2 for conf: {index: 1, cur=peers:[s3|localhost:15152, s4|localhost:15156, s0|localhost:15140, s1|localhost:15144, s2|localhost:15148]|listeners:[], old=null}
2024-10-11 15:03:38,832 [NettyRpcService-workerGroup--thread3] INFO  server.RaftServer$Division (RaftServerImpl.java:requestVote(1443)) - s3@group-F860CA578C61: receive requestVote(PRE_VOTE, s4, group-F860CA578C61, 2, (t:2, i:2))
2024-10-11 15:03:38,832 [NettyRpcService-workerGroup--thread3] INFO  impl.VoteContext (VoteContext.java:log(49)) - s3@group-F860CA578C61-CANDIDATE: accept PRE_VOTE from s4: our priority 0 <= candidate's priority 0
2024-10-11 15:03:38,832 [s4@group-F860CA578C61-LeaderElection19] INFO  impl.LeaderElection (LogUtils.java:infoOrTrace(136)) - s4@group-F860CA578C61-LeaderElection19 got exception when requesting votes: java.util.concurrent.ExecutionException: org.apache.ratis.thirdparty.io.netty.channel.AbstractChannel$AnnotatedConnectException: finishConnect(..) failed: Connection refused: localhost/127.0.0.1:15140
2024-10-11 15:03:38,832 [NettyRpcService-workerGroup--thread3] INFO  server.RaftServer$Division (RaftServerImpl.java:requestVote(1476)) - s3@group-F860CA578C61 replies to PRE_VOTE vote request: s4<-s3#0:OK-t2. Peer's state: s3@group-F860CA578C61:t2, leader=null, voted=s0, raftlog=Memoized:s3@group-F860CA578C61-SegmentedRaftLog:OPENED:c2:last(t:2, i:2), conf=conf: {index: 1, cur=peers:[s3|localhost:15152, s4|localhost:15156, s0|localhost:15140, s1|localhost:15144, s2|localhost:15148]|listeners:[], old=null}
2024-10-11 15:03:38,832 [s4@group-F860CA578C61-LeaderElection19] INFO  impl.LeaderElection (LogUtils.java:infoOrTrace(136)) - s4@group-F860CA578C61-LeaderElection19 got exception when requesting votes: java.util.concurrent.ExecutionException: org.apache.ratis.thirdparty.io.netty.channel.AbstractChannel$AnnotatedConnectException: finishConnect(..) failed: Connection refused: localhost/127.0.0.1:15148
2024-10-11 15:03:38,943 [Timer-8] INFO  impl.MiniRaftCluster (MiniRaftCluster.java:lambda$null$7(352)) - TIMED-PRINT: printing ALL groups
  s3:  RUNNING CANDIDATE s3@group-F860CA578C61:t2, leader=null, voted=s0, raftlog=Memoized:s3@group-F860CA578C61-SegmentedRaftLog:OPENED:c2:last(t:2, i:2), conf=conf: {index: 1, cur=peers:[s3|localhost:15152, s4|localhost:15156, s0|localhost:15140, s1|localhost:15144, s2|localhost:15148]|listeners:[], old=null} RUNNING
  s4:  RUNNING CANDIDATE s4@group-F860CA578C61:t2, leader=null, voted=s0, raftlog=Memoized:s4@group-F860CA578C61-SegmentedRaftLog:OPENED:c2:last(t:2, i:2), conf=conf: {index: 1, cur=peers:[s3|localhost:15152, s4|localhost:15156, s0|localhost:15140, s1|localhost:15144, s2|localhost:15148]|listeners:[], old=null} RUNNING
  s0:   CLOSED    LEADER s0@group-F860CA578C61:t2, leader=s0, voted=s0, raftlog=Memoized:s0@group-F860CA578C61-SegmentedRaftLog:CLOSED:c2, conf=conf: {index: 1, cur=peers:[s3|localhost:15152, s4|localhost:15156, s0|localhost:15140, s1|localhost:15144, s2|localhost:15148]|listeners:[], old=null} CLOSED
  s1:  RUNNING  FOLLOWER s1@group-F860CA578C61:t1, leader=null, voted=null, raftlog=Memoized:s1@group-F860CA578C61-SegmentedRaftLog:OPENED:c-1:lastnull, conf=conf: {index: -1, cur=peers:[s3|localhost:15152, s4|localhost:15156, s0|localhost:15140, s1|localhost:15144, s2|localhost:15148]|listeners:[], old=null} RUNNING
  s2:   CLOSED    LEADER s2@group-F860CA578C61:t1, leader=s2, voted=s2, raftlog=Memoized:s2@group-F860CA578C61-SegmentedRaftLog:CLOSED:c0, conf=conf: {index: 0, cur=peers:[s3|localhost:15152, s4|localhost:15156, s0|localhost:15140, s1|localhost:15144, s2|localhost:15148]|listeners:[], old=null} CLOSED
2024-10-11 15:03:38,986 [s3@group-F860CA578C61-LeaderElection20] INFO  impl.LeaderElection (LeaderElection.java:logAndReturn(90)) - s3@group-F860CA578C61-LeaderElection20: PRE_VOTE TIMEOUT received 1 response(s) and 2 exception(s):
2024-10-11 15:03:38,986 [s3@group-F860CA578C61-LeaderElection20] INFO  impl.LeaderElection (LeaderElection.java:logAndReturn(94)) -   Response 0: s3<-s4#0:OK-t2
2024-10-11 15:03:38,986 [s3@group-F860CA578C61-LeaderElection20] INFO  impl.LeaderElection (LogUtils.java:infoOrTrace(136)) -   Exception 1: java.util.concurrent.ExecutionException: org.apache.ratis.thirdparty.io.netty.channel.AbstractChannel$AnnotatedConnectException: finishConnect(..) failed: Connection refused: localhost/127.0.0.1:15140
2024-10-11 15:03:38,986 [s3@group-F860CA578C61-LeaderElection20] INFO  impl.LeaderElection (LogUtils.java:infoOrTrace(136)) -   Exception 2: java.util.concurrent.ExecutionException: org.apache.ratis.thirdparty.io.netty.channel.AbstractChannel$AnnotatedConnectException: finishConnect(..) failed: Connection refused: localhost/127.0.0.1:15148
2024-10-11 15:03:38,986 [s3@group-F860CA578C61-LeaderElection20] INFO  impl.LeaderElection (LeaderElection.java:askForVotes(339)) - s3@group-F860CA578C61-LeaderElection20 PRE_VOTE round 161: result TIMEOUT
2024-10-11 15:03:38,986 [s3@group-F860CA578C61-LeaderElection20] INFO  impl.LeaderElection (LeaderElection.java:askForVotes(337)) - s3@group-F860CA578C61-LeaderElection20 PRE_VOTE round 162: submit vote requests at term 2 for conf: {index: 1, cur=peers:[s3|localhost:15152, s4|localhost:15156, s0|localhost:15140, s1|localhost:15144, s2|localhost:15148]|listeners:[], old=null}
2024-10-11 15:03:38,987 [NettyRpcService-workerGroup--thread3] INFO  server.RaftServer$Division (RaftServerImpl.java:requestVote(1443)) - s4@group-F860CA578C61: receive requestVote(PRE_VOTE, s3, group-F860CA578C61, 2, (t:2, i:2))
2024-10-11 15:03:38,987 [NettyRpcService-workerGroup--thread3] INFO  impl.VoteContext (VoteContext.java:log(49)) - s4@group-F860CA578C61-CANDIDATE: accept PRE_VOTE from s3: our priority 0 <= candidate's priority 0
2024-10-11 15:03:38,987 [NettyRpcService-workerGroup--thread3] INFO  server.RaftServer$Division (RaftServerImpl.java:requestVote(1476)) - s4@group-F860CA578C61 replies to PRE_VOTE vote request: s3<-s4#0:OK-t2. Peer's state: s4@group-F860CA578C61:t2, leader=null, voted=s0, raftlog=Memoized:s4@group-F860CA578C61-SegmentedRaftLog:OPENED:c2:last(t:2, i:2), conf=conf: {index: 1, cur=peers:[s3|localhost:15152, s4|localhost:15156, s0|localhost:15140, s1|localhost:15144, s2|localhost:15148]|listeners:[], old=null}
2024-10-11 15:03:38,987 [s3@group-F860CA578C61-LeaderElection20] INFO  impl.LeaderElection (LogUtils.java:infoOrTrace(136)) - s3@group-F860CA578C61-LeaderElection20 got exception when requesting votes: java.util.concurrent.ExecutionException: org.apache.ratis.thirdparty.io.netty.channel.AbstractChannel$AnnotatedConnectException: finishConnect(..) failed: Connection refused: localhost/127.0.0.1:15140
2024-10-11 15:03:38,987 [s3@group-F860CA578C61-LeaderElection20] INFO  impl.LeaderElection (LogUtils.java:infoOrTrace(136)) - s3@group-F860CA578C61-LeaderElection20 got exception when requesting votes: java.util.concurrent.ExecutionException: org.apache.ratis.thirdparty.io.netty.channel.AbstractChannel$AnnotatedConnectException: finishConnect(..) failed: Connection refused: localhost/127.0.0.1:15148
2024-10-11 15:03:39,022 [main] WARN  ratis.RaftTestUtil (RaftTestUtil.java:lambda$waitForLeader$3(126)) - Attempt #86 failed: java.lang.IllegalStateException: No leader yet : printing ALL groups
  s3:  RUNNING CANDIDATE s3@group-F860CA578C61:t2, leader=null, voted=s0, raftlog=Memoized:s3@group-F860CA578C61-SegmentedRaftLog:OPENED:c2:last(t:2, i:2), conf=conf: {index: 1, cur=peers:[s3|localhost:15152, s4|localhost:15156, s0|localhost:15140, s1|localhost:15144, s2|localhost:15148]|listeners:[], old=null} RUNNING
  s4:  RUNNING CANDIDATE s4@group-F860CA578C61:t2, leader=null, voted=s0, raftlog=Memoized:s4@group-F860CA578C61-SegmentedRaftLog:OPENED:c2:last(t:2, i:2), conf=conf: {index: 1, cur=peers:[s3|localhost:15152, s4|localhost:15156, s0|localhost:15140, s1|localhost:15144, s2|localhost:15148]|listeners:[], old=null} RUNNING
  s0:   CLOSED    LEADER s0@group-F860CA578C61:t2, leader=s0, voted=s0, raftlog=Memoized:s0@group-F860CA578C61-SegmentedRaftLog:CLOSED:c2, conf=conf: {index: 1, cur=peers:[s3|localhost:15152, s4|localhost:15156, s0|localhost:15140, s1|localhost:15144, s2|localhost:15148]|listeners:[], old=null} CLOSED
  s1:  RUNNING  FOLLOWER s1@group-F860CA578C61:t1, leader=null, voted=null, raftlog=Memoized:s1@group-F860CA578C61-SegmentedRaftLog:OPENED:c-1:lastnull, conf=conf: {index: -1, cur=peers:[s3|localhost:15152, s4|localhost:15156, s0|localhost:15140, s1|localhost:15144, s2|localhost:15148]|listeners:[], old=null} RUNNING
  s2:   CLOSED    LEADER s2@group-F860CA578C61:t1, leader=s2, voted=s2, raftlog=Memoized:s2@group-F860CA578C61-SegmentedRaftLog:CLOSED:c0, conf=conf: {index: 0, cur=peers:[s3|localhost:15152, s4|localhost:15156, s0|localhost:15140, s1|localhost:15144, s2|localhost:15148]|listeners:[], old=null} CLOSED
2024-10-11 15:03:39,104 [s4@group-F860CA578C61-LeaderElection19] INFO  impl.LeaderElection (LeaderElection.java:logAndReturn(90)) - s4@group-F860CA578C61-LeaderElection19: PRE_VOTE TIMEOUT received 1 response(s) and 2 exception(s):
2024-10-11 15:03:39,104 [s4@group-F860CA578C61-LeaderElection19] INFO  impl.LeaderElection (LeaderElection.java:logAndReturn(94)) -   Response 0: s4<-s3#0:OK-t2
2024-10-11 15:03:39,104 [s4@group-F860CA578C61-LeaderElection19] INFO  impl.LeaderElection (LogUtils.java:infoOrTrace(136)) -   Exception 1: java.util.concurrent.ExecutionException: org.apache.ratis.thirdparty.io.netty.channel.AbstractChannel$AnnotatedConnectException: finishConnect(..) failed: Connection refused: localhost/127.0.0.1:15140
2024-10-11 15:03:39,104 [s4@group-F860CA578C61-LeaderElection19] INFO  impl.LeaderElection (LogUtils.java:infoOrTrace(136)) -   Exception 2: java.util.concurrent.ExecutionException: org.apache.ratis.thirdparty.io.netty.channel.AbstractChannel$AnnotatedConnectException: finishConnect(..) failed: Connection refused: localhost/127.0.0.1:15148
2024-10-11 15:03:39,104 [s4@group-F860CA578C61-LeaderElection19] INFO  impl.LeaderElection (LeaderElection.java:askForVotes(339)) - s4@group-F860CA578C61-LeaderElection19 PRE_VOTE round 171: result TIMEOUT
2024-10-11 15:03:39,104 [s4@group-F860CA578C61-LeaderElection19] INFO  impl.LeaderElection (LeaderElection.java:askForVotes(337)) - s4@group-F860CA578C61-LeaderElection19 PRE_VOTE round 172: submit vote requests at term 2 for conf: {index: 1, cur=peers:[s3|localhost:15152, s4|localhost:15156, s0|localhost:15140, s1|localhost:15144, s2|localhost:15148]|listeners:[], old=null}
2024-10-11 15:03:39,105 [NettyRpcService-workerGroup--thread3] INFO  server.RaftServer$Division (RaftServerImpl.java:requestVote(1443)) - s3@group-F860CA578C61: receive requestVote(PRE_VOTE, s4, group-F860CA578C61, 2, (t:2, i:2))
2024-10-11 15:03:39,105 [NettyRpcService-workerGroup--thread3] INFO  impl.VoteContext (VoteContext.java:log(49)) - s3@group-F860CA578C61-CANDIDATE: accept PRE_VOTE from s4: our priority 0 <= candidate's priority 0
2024-10-11 15:03:39,105 [NettyRpcService-workerGroup--thread3] INFO  server.RaftServer$Division (RaftServerImpl.java:requestVote(1476)) - s3@group-F860CA578C61 replies to PRE_VOTE vote request: s4<-s3#0:OK-t2. Peer's state: s3@group-F860CA578C61:t2, leader=null, voted=s0, raftlog=Memoized:s3@group-F860CA578C61-SegmentedRaftLog:OPENED:c2:last(t:2, i:2), conf=conf: {index: 1, cur=peers:[s3|localhost:15152, s4|localhost:15156, s0|localhost:15140, s1|localhost:15144, s2|localhost:15148]|listeners:[], old=null}
2024-10-11 15:03:39,105 [s4@group-F860CA578C61-LeaderElection19] INFO  impl.LeaderElection (LogUtils.java:infoOrTrace(136)) - s4@group-F860CA578C61-LeaderElection19 got exception when requesting votes: java.util.concurrent.ExecutionException: org.apache.ratis.thirdparty.io.netty.channel.AbstractChannel$AnnotatedConnectException: finishConnect(..) failed: Connection refused: localhost/127.0.0.1:15148
2024-10-11 15:03:39,105 [s4@group-F860CA578C61-LeaderElection19] INFO  impl.LeaderElection (LogUtils.java:infoOrTrace(136)) - s4@group-F860CA578C61-LeaderElection19 got exception when requesting votes: java.util.concurrent.ExecutionException: org.apache.ratis.thirdparty.io.netty.channel.AbstractChannel$AnnotatedConnectException: finishConnect(..) failed: Connection refused: localhost/127.0.0.1:15140
2024-10-11 15:03:39,231 [s3@group-F860CA578C61-LeaderElection20] INFO  impl.LeaderElection (LeaderElection.java:logAndReturn(90)) - s3@group-F860CA578C61-LeaderElection20: PRE_VOTE TIMEOUT received 1 response(s) and 2 exception(s):
2024-10-11 15:03:39,231 [s3@group-F860CA578C61-LeaderElection20] INFO  impl.LeaderElection (LeaderElection.java:logAndReturn(94)) -   Response 0: s3<-s4#0:OK-t2
2024-10-11 15:03:39,231 [s3@group-F860CA578C61-LeaderElection20] INFO  impl.LeaderElection (LogUtils.java:infoOrTrace(136)) -   Exception 1: java.util.concurrent.ExecutionException: org.apache.ratis.thirdparty.io.netty.channel.AbstractChannel$AnnotatedConnectException: finishConnect(..) failed: Connection refused: localhost/127.0.0.1:15140
2024-10-11 15:03:39,231 [s3@group-F860CA578C61-LeaderElection20] INFO  impl.LeaderElection (LogUtils.java:infoOrTrace(136)) -   Exception 2: java.util.concurrent.ExecutionException: org.apache.ratis.thirdparty.io.netty.channel.AbstractChannel$AnnotatedConnectException: finishConnect(..) failed: Connection refused: localhost/127.0.0.1:15148
2024-10-11 15:03:39,231 [s3@group-F860CA578C61-LeaderElection20] INFO  impl.LeaderElection (LeaderElection.java:askForVotes(339)) - s3@group-F860CA578C61-LeaderElection20 PRE_VOTE round 162: result TIMEOUT
2024-10-11 15:03:39,231 [s3@group-F860CA578C61-LeaderElection20] INFO  impl.LeaderElection (LeaderElection.java:askForVotes(337)) - s3@group-F860CA578C61-LeaderElection20 PRE_VOTE round 163: submit vote requests at term 2 for conf: {index: 1, cur=peers:[s3|localhost:15152, s4|localhost:15156, s0|localhost:15140, s1|localhost:15144, s2|localhost:15148]|listeners:[], old=null}
2024-10-11 15:03:39,231 [NettyRpcService-workerGroup--thread3] INFO  server.RaftServer$Division (RaftServerImpl.java:requestVote(1443)) - s4@group-F860CA578C61: receive requestVote(PRE_VOTE, s3, group-F860CA578C61, 2, (t:2, i:2))
2024-10-11 15:03:39,232 [NettyRpcService-workerGroup--thread3] INFO  impl.VoteContext (VoteContext.java:log(49)) - s4@group-F860CA578C61-CANDIDATE: accept PRE_VOTE from s3: our priority 0 <= candidate's priority 0
2024-10-11 15:03:39,232 [NettyRpcService-workerGroup--thread3] INFO  server.RaftServer$Division (RaftServerImpl.java:requestVote(1476)) - s4@group-F860CA578C61 replies to PRE_VOTE vote request: s3<-s4#0:OK-t2. Peer's state: s4@group-F860CA578C61:t2, leader=null, voted=s0, raftlog=Memoized:s4@group-F860CA578C61-SegmentedRaftLog:OPENED:c2:last(t:2, i:2), conf=conf: {index: 1, cur=peers:[s3|localhost:15152, s4|localhost:15156, s0|localhost:15140, s1|localhost:15144, s2|localhost:15148]|listeners:[], old=null}
2024-10-11 15:03:39,232 [s3@group-F860CA578C61-LeaderElection20] INFO  impl.LeaderElection (LogUtils.java:infoOrTrace(136)) - s3@group-F860CA578C61-LeaderElection20 got exception when requesting votes: java.util.concurrent.ExecutionException: org.apache.ratis.thirdparty.io.netty.channel.AbstractChannel$AnnotatedConnectException: finishConnect(..) failed: Connection refused: localhost/127.0.0.1:15148
2024-10-11 15:03:39,232 [s3@group-F860CA578C61-LeaderElection20] INFO  impl.LeaderElection (LogUtils.java:infoOrTrace(136)) - s3@group-F860CA578C61-LeaderElection20 got exception when requesting votes: java.util.concurrent.ExecutionException: org.apache.ratis.thirdparty.io.netty.channel.AbstractChannel$AnnotatedConnectException: finishConnect(..) failed: Connection refused: localhost/127.0.0.1:15140
2024-10-11 15:03:39,333 [s4@group-F860CA578C61-LeaderElection19] INFO  impl.LeaderElection (LeaderElection.java:logAndReturn(90)) - s4@group-F860CA578C61-LeaderElection19: PRE_VOTE TIMEOUT received 1 response(s) and 2 exception(s):
2024-10-11 15:03:39,333 [s4@group-F860CA578C61-LeaderElection19] INFO  impl.LeaderElection (LeaderElection.java:logAndReturn(94)) -   Response 0: s4<-s3#0:OK-t2
2024-10-11 15:03:39,333 [s4@group-F860CA578C61-LeaderElection19] INFO  impl.LeaderElection (LogUtils.java:infoOrTrace(136)) -   Exception 1: java.util.concurrent.ExecutionException: org.apache.ratis.thirdparty.io.netty.channel.AbstractChannel$AnnotatedConnectException: finishConnect(..) failed: Connection refused: localhost/127.0.0.1:15148
2024-10-11 15:03:39,333 [s4@group-F860CA578C61-LeaderElection19] INFO  impl.LeaderElection (LogUtils.java:infoOrTrace(136)) -   Exception 2: java.util.concurrent.ExecutionException: org.apache.ratis.thirdparty.io.netty.channel.AbstractChannel$AnnotatedConnectException: finishConnect(..) failed: Connection refused: localhost/127.0.0.1:15140
2024-10-11 15:03:39,333 [s4@group-F860CA578C61-LeaderElection19] INFO  impl.LeaderElection (LeaderElection.java:askForVotes(339)) - s4@group-F860CA578C61-LeaderElection19 PRE_VOTE round 172: result TIMEOUT
2024-10-11 15:03:39,333 [s4@group-F860CA578C61-LeaderElection19] INFO  impl.LeaderElection (LeaderElection.java:askForVotes(337)) - s4@group-F860CA578C61-LeaderElection19 PRE_VOTE round 173: submit vote requests at term 2 for conf: {index: 1, cur=peers:[s3|localhost:15152, s4|localhost:15156, s0|localhost:15140, s1|localhost:15144, s2|localhost:15148]|listeners:[], old=null}
2024-10-11 15:03:39,334 [NettyRpcService-workerGroup--thread3] INFO  server.RaftServer$Division (RaftServerImpl.java:requestVote(1443)) - s3@group-F860CA578C61: receive requestVote(PRE_VOTE, s4, group-F860CA578C61, 2, (t:2, i:2))
2024-10-11 15:03:39,334 [NettyRpcService-workerGroup--thread3] INFO  impl.VoteContext (VoteContext.java:log(49)) - s3@group-F860CA578C61-CANDIDATE: accept PRE_VOTE from s4: our priority 0 <= candidate's priority 0
2024-10-11 15:03:39,334 [NettyRpcService-workerGroup--thread3] INFO  server.RaftServer$Division (RaftServerImpl.java:requestVote(1476)) - s3@group-F860CA578C61 replies to PRE_VOTE vote request: s4<-s3#0:OK-t2. Peer's state: s3@group-F860CA578C61:t2, leader=null, voted=s0, raftlog=Memoized:s3@group-F860CA578C61-SegmentedRaftLog:OPENED:c2:last(t:2, i:2), conf=conf: {index: 1, cur=peers:[s3|localhost:15152, s4|localhost:15156, s0|localhost:15140, s1|localhost:15144, s2|localhost:15148]|listeners:[], old=null}
2024-10-11 15:03:39,334 [s4@group-F860CA578C61-LeaderElection19] INFO  impl.LeaderElection (LogUtils.java:infoOrTrace(136)) - s4@group-F860CA578C61-LeaderElection19 got exception when requesting votes: java.util.concurrent.ExecutionException: org.apache.ratis.thirdparty.io.netty.channel.AbstractChannel$AnnotatedConnectException: finishConnect(..) failed: Connection refused: localhost/127.0.0.1:15140
2024-10-11 15:03:39,334 [s4@group-F860CA578C61-LeaderElection19] INFO  impl.LeaderElection (LogUtils.java:infoOrTrace(136)) - s4@group-F860CA578C61-LeaderElection19 got exception when requesting votes: java.util.concurrent.ExecutionException: org.apache.ratis.thirdparty.io.netty.channel.AbstractChannel$AnnotatedConnectException: finishConnect(..) failed: Connection refused: localhost/127.0.0.1:15148
2024-10-11 15:03:39,414 [s3@group-F860CA578C61-LeaderElection20] INFO  impl.LeaderElection (LeaderElection.java:logAndReturn(90)) - s3@group-F860CA578C61-LeaderElection20: PRE_VOTE TIMEOUT received 1 response(s) and 2 exception(s):
2024-10-11 15:03:39,414 [s3@group-F860CA578C61-LeaderElection20] INFO  impl.LeaderElection (LeaderElection.java:logAndReturn(94)) -   Response 0: s3<-s4#0:OK-t2
2024-10-11 15:03:39,415 [s3@group-F860CA578C61-LeaderElection20] INFO  impl.LeaderElection (LogUtils.java:infoOrTrace(136)) -   Exception 1: java.util.concurrent.ExecutionException: org.apache.ratis.thirdparty.io.netty.channel.AbstractChannel$AnnotatedConnectException: finishConnect(..) failed: Connection refused: localhost/127.0.0.1:15148
2024-10-11 15:03:39,415 [s3@group-F860CA578C61-LeaderElection20] INFO  impl.LeaderElection (LogUtils.java:infoOrTrace(136)) -   Exception 2: java.util.concurrent.ExecutionException: org.apache.ratis.thirdparty.io.netty.channel.AbstractChannel$AnnotatedConnectException: finishConnect(..) failed: Connection refused: localhost/127.0.0.1:15140
2024-10-11 15:03:39,415 [s3@group-F860CA578C61-LeaderElection20] INFO  impl.LeaderElection (LeaderElection.java:askForVotes(339)) - s3@group-F860CA578C61-LeaderElection20 PRE_VOTE round 163: result TIMEOUT
2024-10-11 15:03:39,415 [s3@group-F860CA578C61-LeaderElection20] INFO  impl.LeaderElection (LeaderElection.java:askForVotes(337)) - s3@group-F860CA578C61-LeaderElection20 PRE_VOTE round 164: submit vote requests at term 2 for conf: {index: 1, cur=peers:[s3|localhost:15152, s4|localhost:15156, s0|localhost:15140, s1|localhost:15144, s2|localhost:15148]|listeners:[], old=null}
2024-10-11 15:03:39,415 [NettyRpcService-workerGroup--thread3] INFO  server.RaftServer$Division (RaftServerImpl.java:requestVote(1443)) - s4@group-F860CA578C61: receive requestVote(PRE_VOTE, s3, group-F860CA578C61, 2, (t:2, i:2))
2024-10-11 15:03:39,416 [NettyRpcService-workerGroup--thread3] INFO  impl.VoteContext (VoteContext.java:log(49)) - s4@group-F860CA578C61-CANDIDATE: accept PRE_VOTE from s3: our priority 0 <= candidate's priority 0
2024-10-11 15:03:39,416 [NettyRpcService-workerGroup--thread3] INFO  server.RaftServer$Division (RaftServerImpl.java:requestVote(1476)) - s4@group-F860CA578C61 replies to PRE_VOTE vote request: s3<-s4#0:OK-t2. Peer's state: s4@group-F860CA578C61:t2, leader=null, voted=s0, raftlog=Memoized:s4@group-F860CA578C61-SegmentedRaftLog:OPENED:c2:last(t:2, i:2), conf=conf: {index: 1, cur=peers:[s3|localhost:15152, s4|localhost:15156, s0|localhost:15140, s1|localhost:15144, s2|localhost:15148]|listeners:[], old=null}
2024-10-11 15:03:39,416 [s3@group-F860CA578C61-LeaderElection20] INFO  impl.LeaderElection (LogUtils.java:infoOrTrace(136)) - s3@group-F860CA578C61-LeaderElection20 got exception when requesting votes: java.util.concurrent.ExecutionException: org.apache.ratis.thirdparty.io.netty.channel.AbstractChannel$AnnotatedConnectException: finishConnect(..) failed: Connection refused: localhost/127.0.0.1:15140
2024-10-11 15:03:39,416 [s3@group-F860CA578C61-LeaderElection20] INFO  impl.LeaderElection (LogUtils.java:infoOrTrace(136)) - s3@group-F860CA578C61-LeaderElection20 got exception when requesting votes: java.util.concurrent.ExecutionException: org.apache.ratis.thirdparty.io.netty.channel.AbstractChannel$AnnotatedConnectException: finishConnect(..) failed: Connection refused: localhost/127.0.0.1:15148
2024-10-11 15:03:39,473 [main] WARN  ratis.RaftTestUtil (RaftTestUtil.java:lambda$waitForLeader$3(126)) - Attempt #87 failed: java.lang.IllegalStateException: No leader yet : printing ALL groups
  s3:  RUNNING CANDIDATE s3@group-F860CA578C61:t2, leader=null, voted=s0, raftlog=Memoized:s3@group-F860CA578C61-SegmentedRaftLog:OPENED:c2:last(t:2, i:2), conf=conf: {index: 1, cur=peers:[s3|localhost:15152, s4|localhost:15156, s0|localhost:15140, s1|localhost:15144, s2|localhost:15148]|listeners:[], old=null} RUNNING
  s4:  RUNNING CANDIDATE s4@group-F860CA578C61:t2, leader=null, voted=s0, raftlog=Memoized:s4@group-F860CA578C61-SegmentedRaftLog:OPENED:c2:last(t:2, i:2), conf=conf: {index: 1, cur=peers:[s3|localhost:15152, s4|localhost:15156, s0|localhost:15140, s1|localhost:15144, s2|localhost:15148]|listeners:[], old=null} RUNNING
  s0:   CLOSED    LEADER s0@group-F860CA578C61:t2, leader=s0, voted=s0, raftlog=Memoized:s0@group-F860CA578C61-SegmentedRaftLog:CLOSED:c2, conf=conf: {index: 1, cur=peers:[s3|localhost:15152, s4|localhost:15156, s0|localhost:15140, s1|localhost:15144, s2|localhost:15148]|listeners:[], old=null} CLOSED
  s1:  RUNNING  FOLLOWER s1@group-F860CA578C61:t1, leader=null, voted=null, raftlog=Memoized:s1@group-F860CA578C61-SegmentedRaftLog:OPENED:c-1:lastnull, conf=conf: {index: -1, cur=peers:[s3|localhost:15152, s4|localhost:15156, s0|localhost:15140, s1|localhost:15144, s2|localhost:15148]|listeners:[], old=null} RUNNING
  s2:   CLOSED    LEADER s2@group-F860CA578C61:t1, leader=s2, voted=s2, raftlog=Memoized:s2@group-F860CA578C61-SegmentedRaftLog:CLOSED:c0, conf=conf: {index: 0, cur=peers:[s3|localhost:15152, s4|localhost:15156, s0|localhost:15140, s1|localhost:15144, s2|localhost:15148]|listeners:[], old=null} CLOSED
2024-10-11 15:03:39,506 [s4@group-F860CA578C61-LeaderElection19] INFO  impl.LeaderElection (LeaderElection.java:logAndReturn(90)) - s4@group-F860CA578C61-LeaderElection19: PRE_VOTE TIMEOUT received 1 response(s) and 2 exception(s):
2024-10-11 15:03:39,506 [s4@group-F860CA578C61-LeaderElection19] INFO  impl.LeaderElection (LeaderElection.java:logAndReturn(94)) -   Response 0: s4<-s3#0:OK-t2
2024-10-11 15:03:39,506 [s4@group-F860CA578C61-LeaderElection19] INFO  impl.LeaderElection (LogUtils.java:infoOrTrace(136)) -   Exception 1: java.util.concurrent.ExecutionException: org.apache.ratis.thirdparty.io.netty.channel.AbstractChannel$AnnotatedConnectException: finishConnect(..) failed: Connection refused: localhost/127.0.0.1:15140
2024-10-11 15:03:39,506 [s4@group-F860CA578C61-LeaderElection19] INFO  impl.LeaderElection (LogUtils.java:infoOrTrace(136)) -   Exception 2: java.util.concurrent.ExecutionException: org.apache.ratis.thirdparty.io.netty.channel.AbstractChannel$AnnotatedConnectException: finishConnect(..) failed: Connection refused: localhost/127.0.0.1:15148
2024-10-11 15:03:39,506 [s4@group-F860CA578C61-LeaderElection19] INFO  impl.LeaderElection (LeaderElection.java:askForVotes(339)) - s4@group-F860CA578C61-LeaderElection19 PRE_VOTE round 173: result TIMEOUT
2024-10-11 15:03:39,506 [s4@group-F860CA578C61-LeaderElection19] INFO  impl.LeaderElection (LeaderElection.java:askForVotes(337)) - s4@group-F860CA578C61-LeaderElection19 PRE_VOTE round 174: submit vote requests at term 2 for conf: {index: 1, cur=peers:[s3|localhost:15152, s4|localhost:15156, s0|localhost:15140, s1|localhost:15144, s2|localhost:15148]|listeners:[], old=null}
2024-10-11 15:03:39,507 [NettyRpcService-workerGroup--thread3] INFO  server.RaftServer$Division (RaftServerImpl.java:requestVote(1443)) - s3@group-F860CA578C61: receive requestVote(PRE_VOTE, s4, group-F860CA578C61, 2, (t:2, i:2))
2024-10-11 15:03:39,507 [NettyRpcService-workerGroup--thread3] INFO  impl.VoteContext (VoteContext.java:log(49)) - s3@group-F860CA578C61-CANDIDATE: accept PRE_VOTE from s4: our priority 0 <= candidate's priority 0
2024-10-11 15:03:39,507 [s4@group-F860CA578C61-LeaderElection19] INFO  impl.LeaderElection (LogUtils.java:infoOrTrace(136)) - s4@group-F860CA578C61-LeaderElection19 got exception when requesting votes: java.util.concurrent.ExecutionException: org.apache.ratis.thirdparty.io.netty.channel.AbstractChannel$AnnotatedConnectException: finishConnect(..) failed: Connection refused: localhost/127.0.0.1:15148
2024-10-11 15:03:39,507 [NettyRpcService-workerGroup--thread3] INFO  server.RaftServer$Division (RaftServerImpl.java:requestVote(1476)) - s3@group-F860CA578C61 replies to PRE_VOTE vote request: s4<-s3#0:OK-t2. Peer's state: s3@group-F860CA578C61:t2, leader=null, voted=s0, raftlog=Memoized:s3@group-F860CA578C61-SegmentedRaftLog:OPENED:c2:last(t:2, i:2), conf=conf: {index: 1, cur=peers:[s3|localhost:15152, s4|localhost:15156, s0|localhost:15140, s1|localhost:15144, s2|localhost:15148]|listeners:[], old=null}
2024-10-11 15:03:39,507 [s4@group-F860CA578C61-LeaderElection19] INFO  impl.LeaderElection (LogUtils.java:infoOrTrace(136)) - s4@group-F860CA578C61-LeaderElection19 got exception when requesting votes: java.util.concurrent.ExecutionException: org.apache.ratis.thirdparty.io.netty.channel.AbstractChannel$AnnotatedConnectException: finishConnect(..) failed: Connection refused: localhost/127.0.0.1:15140
2024-10-11 15:03:39,591 [s3@group-F860CA578C61-LeaderElection20] INFO  impl.LeaderElection (LeaderElection.java:logAndReturn(90)) - s3@group-F860CA578C61-LeaderElection20: PRE_VOTE TIMEOUT received 1 response(s) and 2 exception(s):
2024-10-11 15:03:39,591 [s3@group-F860CA578C61-LeaderElection20] INFO  impl.LeaderElection (LeaderElection.java:logAndReturn(94)) -   Response 0: s3<-s4#0:OK-t2
2024-10-11 15:03:39,591 [s3@group-F860CA578C61-LeaderElection20] INFO  impl.LeaderElection (LogUtils.java:infoOrTrace(136)) -   Exception 1: java.util.concurrent.ExecutionException: org.apache.ratis.thirdparty.io.netty.channel.AbstractChannel$AnnotatedConnectException: finishConnect(..) failed: Connection refused: localhost/127.0.0.1:15140
2024-10-11 15:03:39,591 [s3@group-F860CA578C61-LeaderElection20] INFO  impl.LeaderElection (LogUtils.java:infoOrTrace(136)) -   Exception 2: java.util.concurrent.ExecutionException: org.apache.ratis.thirdparty.io.netty.channel.AbstractChannel$AnnotatedConnectException: finishConnect(..) failed: Connection refused: localhost/127.0.0.1:15148
2024-10-11 15:03:39,591 [s3@group-F860CA578C61-LeaderElection20] INFO  impl.LeaderElection (LeaderElection.java:askForVotes(339)) - s3@group-F860CA578C61-LeaderElection20 PRE_VOTE round 164: result TIMEOUT
2024-10-11 15:03:39,591 [s3@group-F860CA578C61-LeaderElection20] INFO  impl.LeaderElection (LeaderElection.java:askForVotes(337)) - s3@group-F860CA578C61-LeaderElection20 PRE_VOTE round 165: submit vote requests at term 2 for conf: {index: 1, cur=peers:[s3|localhost:15152, s4|localhost:15156, s0|localhost:15140, s1|localhost:15144, s2|localhost:15148]|listeners:[], old=null}
2024-10-11 15:03:39,592 [NettyRpcService-workerGroup--thread3] INFO  server.RaftServer$Division (RaftServerImpl.java:requestVote(1443)) - s4@group-F860CA578C61: receive requestVote(PRE_VOTE, s3, group-F860CA578C61, 2, (t:2, i:2))
2024-10-11 15:03:39,592 [NettyRpcService-workerGroup--thread3] INFO  impl.VoteContext (VoteContext.java:log(49)) - s4@group-F860CA578C61-CANDIDATE: accept PRE_VOTE from s3: our priority 0 <= candidate's priority 0
2024-10-11 15:03:39,592 [NettyRpcService-workerGroup--thread3] INFO  server.RaftServer$Division (RaftServerImpl.java:requestVote(1476)) - s4@group-F860CA578C61 replies to PRE_VOTE vote request: s3<-s4#0:OK-t2. Peer's state: s4@group-F860CA578C61:t2, leader=null, voted=s0, raftlog=Memoized:s4@group-F860CA578C61-SegmentedRaftLog:OPENED:c2:last(t:2, i:2), conf=conf: {index: 1, cur=peers:[s3|localhost:15152, s4|localhost:15156, s0|localhost:15140, s1|localhost:15144, s2|localhost:15148]|listeners:[], old=null}
2024-10-11 15:03:39,592 [s3@group-F860CA578C61-LeaderElection20] INFO  impl.LeaderElection (LogUtils.java:infoOrTrace(136)) - s3@group-F860CA578C61-LeaderElection20 got exception when requesting votes: java.util.concurrent.ExecutionException: org.apache.ratis.thirdparty.io.netty.channel.AbstractChannel$AnnotatedConnectException: finishConnect(..) failed: Connection refused: localhost/127.0.0.1:15140
2024-10-11 15:03:39,592 [s3@group-F860CA578C61-LeaderElection20] INFO  impl.LeaderElection (LogUtils.java:infoOrTrace(136)) - s3@group-F860CA578C61-LeaderElection20 got exception when requesting votes: java.util.concurrent.ExecutionException: org.apache.ratis.thirdparty.io.netty.channel.AbstractChannel$AnnotatedConnectException: finishConnect(..) failed: Connection refused: localhost/127.0.0.1:15148
2024-10-11 15:03:39,667 [s4@group-F860CA578C61-LeaderElection19] INFO  impl.LeaderElection (LeaderElection.java:logAndReturn(90)) - s4@group-F860CA578C61-LeaderElection19: PRE_VOTE TIMEOUT received 1 response(s) and 2 exception(s):
2024-10-11 15:03:39,667 [s4@group-F860CA578C61-LeaderElection19] INFO  impl.LeaderElection (LeaderElection.java:logAndReturn(94)) -   Response 0: s4<-s3#0:OK-t2
2024-10-11 15:03:39,667 [s4@group-F860CA578C61-LeaderElection19] INFO  impl.LeaderElection (LogUtils.java:infoOrTrace(136)) -   Exception 1: java.util.concurrent.ExecutionException: org.apache.ratis.thirdparty.io.netty.channel.AbstractChannel$AnnotatedConnectException: finishConnect(..) failed: Connection refused: localhost/127.0.0.1:15148
2024-10-11 15:03:39,667 [s4@group-F860CA578C61-LeaderElection19] INFO  impl.LeaderElection (LogUtils.java:infoOrTrace(136)) -   Exception 2: java.util.concurrent.ExecutionException: org.apache.ratis.thirdparty.io.netty.channel.AbstractChannel$AnnotatedConnectException: finishConnect(..) failed: Connection refused: localhost/127.0.0.1:15140
2024-10-11 15:03:39,667 [s4@group-F860CA578C61-LeaderElection19] INFO  impl.LeaderElection (LeaderElection.java:askForVotes(339)) - s4@group-F860CA578C61-LeaderElection19 PRE_VOTE round 174: result TIMEOUT
2024-10-11 15:03:39,667 [s4@group-F860CA578C61-LeaderElection19] INFO  impl.LeaderElection (LeaderElection.java:askForVotes(337)) - s4@group-F860CA578C61-LeaderElection19 PRE_VOTE round 175: submit vote requests at term 2 for conf: {index: 1, cur=peers:[s3|localhost:15152, s4|localhost:15156, s0|localhost:15140, s1|localhost:15144, s2|localhost:15148]|listeners:[], old=null}
2024-10-11 15:03:39,668 [NettyRpcService-workerGroup--thread3] INFO  server.RaftServer$Division (RaftServerImpl.java:requestVote(1443)) - s3@group-F860CA578C61: receive requestVote(PRE_VOTE, s4, group-F860CA578C61, 2, (t:2, i:2))
2024-10-11 15:03:39,668 [NettyRpcService-workerGroup--thread3] INFO  impl.VoteContext (VoteContext.java:log(49)) - s3@group-F860CA578C61-CANDIDATE: accept PRE_VOTE from s4: our priority 0 <= candidate's priority 0
2024-10-11 15:03:39,668 [s4@group-F860CA578C61-LeaderElection19] INFO  impl.LeaderElection (LogUtils.java:infoOrTrace(136)) - s4@group-F860CA578C61-LeaderElection19 got exception when requesting votes: java.util.concurrent.ExecutionException: org.apache.ratis.thirdparty.io.netty.channel.AbstractChannel$AnnotatedConnectException: finishConnect(..) failed: Connection refused: localhost/127.0.0.1:15140
2024-10-11 15:03:39,668 [s4@group-F860CA578C61-LeaderElection19] INFO  impl.LeaderElection (LogUtils.java:infoOrTrace(136)) - s4@group-F860CA578C61-LeaderElection19 got exception when requesting votes: java.util.concurrent.ExecutionException: org.apache.ratis.thirdparty.io.netty.channel.AbstractChannel$AnnotatedConnectException: finishConnect(..) failed: Connection refused: localhost/127.0.0.1:15148
2024-10-11 15:03:39,668 [NettyRpcService-workerGroup--thread3] INFO  server.RaftServer$Division (RaftServerImpl.java:requestVote(1476)) - s3@group-F860CA578C61 replies to PRE_VOTE vote request: s4<-s3#0:OK-t2. Peer's state: s3@group-F860CA578C61:t2, leader=null, voted=s0, raftlog=Memoized:s3@group-F860CA578C61-SegmentedRaftLog:OPENED:c2:last(t:2, i:2), conf=conf: {index: 1, cur=peers:[s3|localhost:15152, s4|localhost:15156, s0|localhost:15140, s1|localhost:15144, s2|localhost:15148]|listeners:[], old=null}
2024-10-11 15:03:39,754 [s3@group-F860CA578C61-LeaderElection20] INFO  impl.LeaderElection (LeaderElection.java:logAndReturn(90)) - s3@group-F860CA578C61-LeaderElection20: PRE_VOTE TIMEOUT received 1 response(s) and 2 exception(s):
2024-10-11 15:03:39,754 [s3@group-F860CA578C61-LeaderElection20] INFO  impl.LeaderElection (LeaderElection.java:logAndReturn(94)) -   Response 0: s3<-s4#0:OK-t2
2024-10-11 15:03:39,754 [s3@group-F860CA578C61-LeaderElection20] INFO  impl.LeaderElection (LogUtils.java:infoOrTrace(136)) -   Exception 1: java.util.concurrent.ExecutionException: org.apache.ratis.thirdparty.io.netty.channel.AbstractChannel$AnnotatedConnectException: finishConnect(..) failed: Connection refused: localhost/127.0.0.1:15140
2024-10-11 15:03:39,754 [s3@group-F860CA578C61-LeaderElection20] INFO  impl.LeaderElection (LogUtils.java:infoOrTrace(136)) -   Exception 2: java.util.concurrent.ExecutionException: org.apache.ratis.thirdparty.io.netty.channel.AbstractChannel$AnnotatedConnectException: finishConnect(..) failed: Connection refused: localhost/127.0.0.1:15148
2024-10-11 15:03:39,754 [s3@group-F860CA578C61-LeaderElection20] INFO  impl.LeaderElection (LeaderElection.java:askForVotes(339)) - s3@group-F860CA578C61-LeaderElection20 PRE_VOTE round 165: result TIMEOUT
2024-10-11 15:03:39,754 [s3@group-F860CA578C61-LeaderElection20] INFO  impl.LeaderElection (LeaderElection.java:askForVotes(337)) - s3@group-F860CA578C61-LeaderElection20 PRE_VOTE round 166: submit vote requests at term 2 for conf: {index: 1, cur=peers:[s3|localhost:15152, s4|localhost:15156, s0|localhost:15140, s1|localhost:15144, s2|localhost:15148]|listeners:[], old=null}
2024-10-11 15:03:39,755 [NettyRpcService-workerGroup--thread3] INFO  server.RaftServer$Division (RaftServerImpl.java:requestVote(1443)) - s4@group-F860CA578C61: receive requestVote(PRE_VOTE, s3, group-F860CA578C61, 2, (t:2, i:2))
2024-10-11 15:03:39,755 [NettyRpcService-workerGroup--thread3] INFO  impl.VoteContext (VoteContext.java:log(49)) - s4@group-F860CA578C61-CANDIDATE: accept PRE_VOTE from s3: our priority 0 <= candidate's priority 0
2024-10-11 15:03:39,755 [NettyRpcService-workerGroup--thread3] INFO  server.RaftServer$Division (RaftServerImpl.java:requestVote(1476)) - s4@group-F860CA578C61 replies to PRE_VOTE vote request: s3<-s4#0:OK-t2. Peer's state: s4@group-F860CA578C61:t2, leader=null, voted=s0, raftlog=Memoized:s4@group-F860CA578C61-SegmentedRaftLog:OPENED:c2:last(t:2, i:2), conf=conf: {index: 1, cur=peers:[s3|localhost:15152, s4|localhost:15156, s0|localhost:15140, s1|localhost:15144, s2|localhost:15148]|listeners:[], old=null}
2024-10-11 15:03:39,755 [s3@group-F860CA578C61-LeaderElection20] INFO  impl.LeaderElection (LogUtils.java:infoOrTrace(136)) - s3@group-F860CA578C61-LeaderElection20 got exception when requesting votes: java.util.concurrent.ExecutionException: org.apache.ratis.thirdparty.io.netty.channel.AbstractChannel$AnnotatedConnectException: finishConnect(..) failed: Connection refused: localhost/127.0.0.1:15140
2024-10-11 15:03:39,755 [s3@group-F860CA578C61-LeaderElection20] INFO  impl.LeaderElection (LogUtils.java:infoOrTrace(136)) - s3@group-F860CA578C61-LeaderElection20 got exception when requesting votes: java.util.concurrent.ExecutionException: org.apache.ratis.thirdparty.io.netty.channel.AbstractChannel$AnnotatedConnectException: finishConnect(..) failed: Connection refused: localhost/127.0.0.1:15148
2024-10-11 15:03:39,912 [s4@group-F860CA578C61-LeaderElection19] INFO  impl.LeaderElection (LeaderElection.java:logAndReturn(90)) - s4@group-F860CA578C61-LeaderElection19: PRE_VOTE TIMEOUT received 1 response(s) and 2 exception(s):
2024-10-11 15:03:39,912 [s4@group-F860CA578C61-LeaderElection19] INFO  impl.LeaderElection (LeaderElection.java:logAndReturn(94)) -   Response 0: s4<-s3#0:OK-t2
2024-10-11 15:03:39,912 [s4@group-F860CA578C61-LeaderElection19] INFO  impl.LeaderElection (LogUtils.java:infoOrTrace(136)) -   Exception 1: java.util.concurrent.ExecutionException: org.apache.ratis.thirdparty.io.netty.channel.AbstractChannel$AnnotatedConnectException: finishConnect(..) failed: Connection refused: localhost/127.0.0.1:15140
2024-10-11 15:03:39,912 [s4@group-F860CA578C61-LeaderElection19] INFO  impl.LeaderElection (LogUtils.java:infoOrTrace(136)) -   Exception 2: java.util.concurrent.ExecutionException: org.apache.ratis.thirdparty.io.netty.channel.AbstractChannel$AnnotatedConnectException: finishConnect(..) failed: Connection refused: localhost/127.0.0.1:15148
2024-10-11 15:03:39,912 [s4@group-F860CA578C61-LeaderElection19] INFO  impl.LeaderElection (LeaderElection.java:askForVotes(339)) - s4@group-F860CA578C61-LeaderElection19 PRE_VOTE round 175: result TIMEOUT
2024-10-11 15:03:39,912 [s4@group-F860CA578C61-LeaderElection19] INFO  impl.LeaderElection (LeaderElection.java:askForVotes(337)) - s4@group-F860CA578C61-LeaderElection19 PRE_VOTE round 176: submit vote requests at term 2 for conf: {index: 1, cur=peers:[s3|localhost:15152, s4|localhost:15156, s0|localhost:15140, s1|localhost:15144, s2|localhost:15148]|listeners:[], old=null}
2024-10-11 15:03:39,912 [NettyRpcService-workerGroup--thread3] INFO  server.RaftServer$Division (RaftServerImpl.java:requestVote(1443)) - s3@group-F860CA578C61: receive requestVote(PRE_VOTE, s4, group-F860CA578C61, 2, (t:2, i:2))
2024-10-11 15:03:39,913 [NettyRpcService-workerGroup--thread3] INFO  impl.VoteContext (VoteContext.java:log(49)) - s3@group-F860CA578C61-CANDIDATE: accept PRE_VOTE from s4: our priority 0 <= candidate's priority 0
2024-10-11 15:03:39,913 [NettyRpcService-workerGroup--thread3] INFO  server.RaftServer$Division (RaftServerImpl.java:requestVote(1476)) - s3@group-F860CA578C61 replies to PRE_VOTE vote request: s4<-s3#0:OK-t2. Peer's state: s3@group-F860CA578C61:t2, leader=null, voted=s0, raftlog=Memoized:s3@group-F860CA578C61-SegmentedRaftLog:OPENED:c2:last(t:2, i:2), conf=conf: {index: 1, cur=peers:[s3|localhost:15152, s4|localhost:15156, s0|localhost:15140, s1|localhost:15144, s2|localhost:15148]|listeners:[], old=null}
2024-10-11 15:03:39,913 [s4@group-F860CA578C61-LeaderElection19] INFO  impl.LeaderElection (LogUtils.java:infoOrTrace(136)) - s4@group-F860CA578C61-LeaderElection19 got exception when requesting votes: java.util.concurrent.ExecutionException: org.apache.ratis.thirdparty.io.netty.channel.AbstractChannel$AnnotatedConnectException: finishConnect(..) failed: Connection refused: localhost/127.0.0.1:15140
2024-10-11 15:03:39,913 [s4@group-F860CA578C61-LeaderElection19] INFO  impl.LeaderElection (LogUtils.java:infoOrTrace(136)) - s4@group-F860CA578C61-LeaderElection19 got exception when requesting votes: java.util.concurrent.ExecutionException: org.apache.ratis.thirdparty.io.netty.channel.AbstractChannel$AnnotatedConnectException: finishConnect(..) failed: Connection refused: localhost/127.0.0.1:15148
2024-10-11 15:03:39,923 [main] WARN  ratis.RaftTestUtil (RaftTestUtil.java:lambda$waitForLeader$3(126)) - Attempt #88 failed: java.lang.IllegalStateException: No leader yet : printing ALL groups
  s3:  RUNNING CANDIDATE s3@group-F860CA578C61:t2, leader=null, voted=s0, raftlog=Memoized:s3@group-F860CA578C61-SegmentedRaftLog:OPENED:c2:last(t:2, i:2), conf=conf: {index: 1, cur=peers:[s3|localhost:15152, s4|localhost:15156, s0|localhost:15140, s1|localhost:15144, s2|localhost:15148]|listeners:[], old=null} RUNNING
  s4:  RUNNING CANDIDATE s4@group-F860CA578C61:t2, leader=null, voted=s0, raftlog=Memoized:s4@group-F860CA578C61-SegmentedRaftLog:OPENED:c2:last(t:2, i:2), conf=conf: {index: 1, cur=peers:[s3|localhost:15152, s4|localhost:15156, s0|localhost:15140, s1|localhost:15144, s2|localhost:15148]|listeners:[], old=null} RUNNING
  s0:   CLOSED    LEADER s0@group-F860CA578C61:t2, leader=s0, voted=s0, raftlog=Memoized:s0@group-F860CA578C61-SegmentedRaftLog:CLOSED:c2, conf=conf: {index: 1, cur=peers:[s3|localhost:15152, s4|localhost:15156, s0|localhost:15140, s1|localhost:15144, s2|localhost:15148]|listeners:[], old=null} CLOSED
  s1:  RUNNING  FOLLOWER s1@group-F860CA578C61:t1, leader=null, voted=null, raftlog=Memoized:s1@group-F860CA578C61-SegmentedRaftLog:OPENED:c-1:lastnull, conf=conf: {index: -1, cur=peers:[s3|localhost:15152, s4|localhost:15156, s0|localhost:15140, s1|localhost:15144, s2|localhost:15148]|listeners:[], old=null} RUNNING
  s2:   CLOSED    LEADER s2@group-F860CA578C61:t1, leader=s2, voted=s2, raftlog=Memoized:s2@group-F860CA578C61-SegmentedRaftLog:CLOSED:c0, conf=conf: {index: 0, cur=peers:[s3|localhost:15152, s4|localhost:15156, s0|localhost:15140, s1|localhost:15144, s2|localhost:15148]|listeners:[], old=null} CLOSED
2024-10-11 15:03:39,978 [s3@group-F860CA578C61-LeaderElection20] INFO  impl.LeaderElection (LeaderElection.java:logAndReturn(90)) - s3@group-F860CA578C61-LeaderElection20: PRE_VOTE TIMEOUT received 1 response(s) and 2 exception(s):
2024-10-11 15:03:39,978 [s3@group-F860CA578C61-LeaderElection20] INFO  impl.LeaderElection (LeaderElection.java:logAndReturn(94)) -   Response 0: s3<-s4#0:OK-t2
2024-10-11 15:03:39,978 [s3@group-F860CA578C61-LeaderElection20] INFO  impl.LeaderElection (LogUtils.java:infoOrTrace(136)) -   Exception 1: java.util.concurrent.ExecutionException: org.apache.ratis.thirdparty.io.netty.channel.AbstractChannel$AnnotatedConnectException: finishConnect(..) failed: Connection refused: localhost/127.0.0.1:15140
2024-10-11 15:03:39,978 [s3@group-F860CA578C61-LeaderElection20] INFO  impl.LeaderElection (LogUtils.java:infoOrTrace(136)) -   Exception 2: java.util.concurrent.ExecutionException: org.apache.ratis.thirdparty.io.netty.channel.AbstractChannel$AnnotatedConnectException: finishConnect(..) failed: Connection refused: localhost/127.0.0.1:15148
2024-10-11 15:03:39,978 [s3@group-F860CA578C61-LeaderElection20] INFO  impl.LeaderElection (LeaderElection.java:askForVotes(339)) - s3@group-F860CA578C61-LeaderElection20 PRE_VOTE round 166: result TIMEOUT
2024-10-11 15:03:39,978 [s3@group-F860CA578C61-LeaderElection20] INFO  impl.LeaderElection (LeaderElection.java:askForVotes(337)) - s3@group-F860CA578C61-LeaderElection20 PRE_VOTE round 167: submit vote requests at term 2 for conf: {index: 1, cur=peers:[s3|localhost:15152, s4|localhost:15156, s0|localhost:15140, s1|localhost:15144, s2|localhost:15148]|listeners:[], old=null}
2024-10-11 15:03:39,979 [NettyRpcService-workerGroup--thread3] INFO  server.RaftServer$Division (RaftServerImpl.java:requestVote(1443)) - s4@group-F860CA578C61: receive requestVote(PRE_VOTE, s3, group-F860CA578C61, 2, (t:2, i:2))
2024-10-11 15:03:39,979 [NettyRpcService-workerGroup--thread3] INFO  impl.VoteContext (VoteContext.java:log(49)) - s4@group-F860CA578C61-CANDIDATE: accept PRE_VOTE from s3: our priority 0 <= candidate's priority 0
2024-10-11 15:03:39,979 [s3@group-F860CA578C61-LeaderElection20] INFO  impl.LeaderElection (LogUtils.java:infoOrTrace(136)) - s3@group-F860CA578C61-LeaderElection20 got exception when requesting votes: java.util.concurrent.ExecutionException: org.apache.ratis.thirdparty.io.netty.channel.AbstractChannel$AnnotatedConnectException: finishConnect(..) failed: Connection refused: localhost/127.0.0.1:15148
2024-10-11 15:03:39,979 [s3@group-F860CA578C61-LeaderElection20] INFO  impl.LeaderElection (LogUtils.java:infoOrTrace(136)) - s3@group-F860CA578C61-LeaderElection20 got exception when requesting votes: java.util.concurrent.ExecutionException: org.apache.ratis.thirdparty.io.netty.channel.AbstractChannel$AnnotatedConnectException: finishConnect(..) failed: Connection refused: localhost/127.0.0.1:15140
2024-10-11 15:03:39,979 [NettyRpcService-workerGroup--thread3] INFO  server.RaftServer$Division (RaftServerImpl.java:requestVote(1476)) - s4@group-F860CA578C61 replies to PRE_VOTE vote request: s3<-s4#0:OK-t2. Peer's state: s4@group-F860CA578C61:t2, leader=null, voted=s0, raftlog=Memoized:s4@group-F860CA578C61-SegmentedRaftLog:OPENED:c2:last(t:2, i:2), conf=conf: {index: 1, cur=peers:[s3|localhost:15152, s4|localhost:15156, s0|localhost:15140, s1|localhost:15144, s2|localhost:15148]|listeners:[], old=null}
2024-10-11 15:03:40,073 [s4@group-F860CA578C61-LeaderElection19] INFO  impl.LeaderElection (LeaderElection.java:logAndReturn(90)) - s4@group-F860CA578C61-LeaderElection19: PRE_VOTE TIMEOUT received 1 response(s) and 2 exception(s):
2024-10-11 15:03:40,074 [s4@group-F860CA578C61-LeaderElection19] INFO  impl.LeaderElection (LeaderElection.java:logAndReturn(94)) -   Response 0: s4<-s3#0:OK-t2
2024-10-11 15:03:40,074 [s4@group-F860CA578C61-LeaderElection19] INFO  impl.LeaderElection (LogUtils.java:infoOrTrace(136)) -   Exception 1: java.util.concurrent.ExecutionException: org.apache.ratis.thirdparty.io.netty.channel.AbstractChannel$AnnotatedConnectException: finishConnect(..) failed: Connection refused: localhost/127.0.0.1:15140
2024-10-11 15:03:40,074 [s4@group-F860CA578C61-LeaderElection19] INFO  impl.LeaderElection (LogUtils.java:infoOrTrace(136)) -   Exception 2: java.util.concurrent.ExecutionException: org.apache.ratis.thirdparty.io.netty.channel.AbstractChannel$AnnotatedConnectException: finishConnect(..) failed: Connection refused: localhost/127.0.0.1:15148
2024-10-11 15:03:40,074 [s4@group-F860CA578C61-LeaderElection19] INFO  impl.LeaderElection (LeaderElection.java:askForVotes(339)) - s4@group-F860CA578C61-LeaderElection19 PRE_VOTE round 176: result TIMEOUT
2024-10-11 15:03:40,074 [s4@group-F860CA578C61-LeaderElection19] INFO  impl.LeaderElection (LeaderElection.java:askForVotes(337)) - s4@group-F860CA578C61-LeaderElection19 PRE_VOTE round 177: submit vote requests at term 2 for conf: {index: 1, cur=peers:[s3|localhost:15152, s4|localhost:15156, s0|localhost:15140, s1|localhost:15144, s2|localhost:15148]|listeners:[], old=null}
2024-10-11 15:03:40,074 [NettyRpcService-workerGroup--thread3] INFO  server.RaftServer$Division (RaftServerImpl.java:requestVote(1443)) - s3@group-F860CA578C61: receive requestVote(PRE_VOTE, s4, group-F860CA578C61, 2, (t:2, i:2))
2024-10-11 15:03:40,075 [NettyRpcService-workerGroup--thread3] INFO  impl.VoteContext (VoteContext.java:log(49)) - s3@group-F860CA578C61-CANDIDATE: accept PRE_VOTE from s4: our priority 0 <= candidate's priority 0
2024-10-11 15:03:40,075 [NettyRpcService-workerGroup--thread3] INFO  server.RaftServer$Division (RaftServerImpl.java:requestVote(1476)) - s3@group-F860CA578C61 replies to PRE_VOTE vote request: s4<-s3#0:OK-t2. Peer's state: s3@group-F860CA578C61:t2, leader=null, voted=s0, raftlog=Memoized:s3@group-F860CA578C61-SegmentedRaftLog:OPENED:c2:last(t:2, i:2), conf=conf: {index: 1, cur=peers:[s3|localhost:15152, s4|localhost:15156, s0|localhost:15140, s1|localhost:15144, s2|localhost:15148]|listeners:[], old=null}
2024-10-11 15:03:40,075 [s4@group-F860CA578C61-LeaderElection19] INFO  impl.LeaderElection (LogUtils.java:infoOrTrace(136)) - s4@group-F860CA578C61-LeaderElection19 got exception when requesting votes: java.util.concurrent.ExecutionException: org.apache.ratis.thirdparty.io.netty.channel.AbstractChannel$AnnotatedConnectException: finishConnect(..) failed: Connection refused: localhost/127.0.0.1:15140
2024-10-11 15:03:40,075 [s4@group-F860CA578C61-LeaderElection19] INFO  impl.LeaderElection (LogUtils.java:infoOrTrace(136)) - s4@group-F860CA578C61-LeaderElection19 got exception when requesting votes: java.util.concurrent.ExecutionException: org.apache.ratis.thirdparty.io.netty.channel.AbstractChannel$AnnotatedConnectException: finishConnect(..) failed: Connection refused: localhost/127.0.0.1:15148
2024-10-11 15:03:40,252 [s3@group-F860CA578C61-LeaderElection20] INFO  impl.LeaderElection (LeaderElection.java:logAndReturn(90)) - s3@group-F860CA578C61-LeaderElection20: PRE_VOTE TIMEOUT received 1 response(s) and 2 exception(s):
2024-10-11 15:03:40,252 [s3@group-F860CA578C61-LeaderElection20] INFO  impl.LeaderElection (LeaderElection.java:logAndReturn(94)) -   Response 0: s3<-s4#0:OK-t2
2024-10-11 15:03:40,252 [s3@group-F860CA578C61-LeaderElection20] INFO  impl.LeaderElection (LogUtils.java:infoOrTrace(136)) -   Exception 1: java.util.concurrent.ExecutionException: org.apache.ratis.thirdparty.io.netty.channel.AbstractChannel$AnnotatedConnectException: finishConnect(..) failed: Connection refused: localhost/127.0.0.1:15148
2024-10-11 15:03:40,252 [s3@group-F860CA578C61-LeaderElection20] INFO  impl.LeaderElection (LogUtils.java:infoOrTrace(136)) -   Exception 2: java.util.concurrent.ExecutionException: org.apache.ratis.thirdparty.io.netty.channel.AbstractChannel$AnnotatedConnectException: finishConnect(..) failed: Connection refused: localhost/127.0.0.1:15140
2024-10-11 15:03:40,252 [s3@group-F860CA578C61-LeaderElection20] INFO  impl.LeaderElection (LeaderElection.java:askForVotes(339)) - s3@group-F860CA578C61-LeaderElection20 PRE_VOTE round 167: result TIMEOUT
2024-10-11 15:03:40,252 [s3@group-F860CA578C61-LeaderElection20] INFO  impl.LeaderElection (LeaderElection.java:askForVotes(337)) - s3@group-F860CA578C61-LeaderElection20 PRE_VOTE round 168: submit vote requests at term 2 for conf: {index: 1, cur=peers:[s3|localhost:15152, s4|localhost:15156, s0|localhost:15140, s1|localhost:15144, s2|localhost:15148]|listeners:[], old=null}
2024-10-11 15:03:40,253 [NettyRpcService-workerGroup--thread3] INFO  server.RaftServer$Division (RaftServerImpl.java:requestVote(1443)) - s4@group-F860CA578C61: receive requestVote(PRE_VOTE, s3, group-F860CA578C61, 2, (t:2, i:2))
2024-10-11 15:03:40,253 [NettyRpcService-workerGroup--thread3] INFO  impl.VoteContext (VoteContext.java:log(49)) - s4@group-F860CA578C61-CANDIDATE: accept PRE_VOTE from s3: our priority 0 <= candidate's priority 0
2024-10-11 15:03:40,253 [s3@group-F860CA578C61-LeaderElection20] INFO  impl.LeaderElection (LogUtils.java:infoOrTrace(136)) - s3@group-F860CA578C61-LeaderElection20 got exception when requesting votes: java.util.concurrent.ExecutionException: org.apache.ratis.thirdparty.io.netty.channel.AbstractChannel$AnnotatedConnectException: finishConnect(..) failed: Connection refused: localhost/127.0.0.1:15140
2024-10-11 15:03:40,253 [NettyRpcService-workerGroup--thread3] INFO  server.RaftServer$Division (RaftServerImpl.java:requestVote(1476)) - s4@group-F860CA578C61 replies to PRE_VOTE vote request: s3<-s4#0:OK-t2. Peer's state: s4@group-F860CA578C61:t2, leader=null, voted=s0, raftlog=Memoized:s4@group-F860CA578C61-SegmentedRaftLog:OPENED:c2:last(t:2, i:2), conf=conf: {index: 1, cur=peers:[s3|localhost:15152, s4|localhost:15156, s0|localhost:15140, s1|localhost:15144, s2|localhost:15148]|listeners:[], old=null}
2024-10-11 15:03:40,253 [s3@group-F860CA578C61-LeaderElection20] INFO  impl.LeaderElection (LogUtils.java:infoOrTrace(136)) - s3@group-F860CA578C61-LeaderElection20 got exception when requesting votes: java.util.concurrent.ExecutionException: org.apache.ratis.thirdparty.io.netty.channel.AbstractChannel$AnnotatedConnectException: finishConnect(..) failed: Connection refused: localhost/127.0.0.1:15148
2024-10-11 15:03:40,271 [s4@group-F860CA578C61-LeaderElection19] INFO  impl.LeaderElection (LeaderElection.java:logAndReturn(90)) - s4@group-F860CA578C61-LeaderElection19: PRE_VOTE TIMEOUT received 1 response(s) and 2 exception(s):
2024-10-11 15:03:40,271 [s4@group-F860CA578C61-LeaderElection19] INFO  impl.LeaderElection (LeaderElection.java:logAndReturn(94)) -   Response 0: s4<-s3#0:OK-t2
2024-10-11 15:03:40,271 [s4@group-F860CA578C61-LeaderElection19] INFO  impl.LeaderElection (LogUtils.java:infoOrTrace(136)) -   Exception 1: java.util.concurrent.ExecutionException: org.apache.ratis.thirdparty.io.netty.channel.AbstractChannel$AnnotatedConnectException: finishConnect(..) failed: Connection refused: localhost/127.0.0.1:15140
2024-10-11 15:03:40,271 [s4@group-F860CA578C61-LeaderElection19] INFO  impl.LeaderElection (LogUtils.java:infoOrTrace(136)) -   Exception 2: java.util.concurrent.ExecutionException: org.apache.ratis.thirdparty.io.netty.channel.AbstractChannel$AnnotatedConnectException: finishConnect(..) failed: Connection refused: localhost/127.0.0.1:15148
2024-10-11 15:03:40,272 [s4@group-F860CA578C61-LeaderElection19] INFO  impl.LeaderElection (LeaderElection.java:askForVotes(339)) - s4@group-F860CA578C61-LeaderElection19 PRE_VOTE round 177: result TIMEOUT
2024-10-11 15:03:40,272 [s4@group-F860CA578C61-LeaderElection19] INFO  impl.LeaderElection (LeaderElection.java:askForVotes(337)) - s4@group-F860CA578C61-LeaderElection19 PRE_VOTE round 178: submit vote requests at term 2 for conf: {index: 1, cur=peers:[s3|localhost:15152, s4|localhost:15156, s0|localhost:15140, s1|localhost:15144, s2|localhost:15148]|listeners:[], old=null}
2024-10-11 15:03:40,272 [NettyRpcService-workerGroup--thread3] INFO  server.RaftServer$Division (RaftServerImpl.java:requestVote(1443)) - s3@group-F860CA578C61: receive requestVote(PRE_VOTE, s4, group-F860CA578C61, 2, (t:2, i:2))
2024-10-11 15:03:40,272 [NettyRpcService-workerGroup--thread3] INFO  impl.VoteContext (VoteContext.java:log(49)) - s3@group-F860CA578C61-CANDIDATE: accept PRE_VOTE from s4: our priority 0 <= candidate's priority 0
2024-10-11 15:03:40,272 [NettyRpcService-workerGroup--thread3] INFO  server.RaftServer$Division (RaftServerImpl.java:requestVote(1476)) - s3@group-F860CA578C61 replies to PRE_VOTE vote request: s4<-s3#0:OK-t2. Peer's state: s3@group-F860CA578C61:t2, leader=null, voted=s0, raftlog=Memoized:s3@group-F860CA578C61-SegmentedRaftLog:OPENED:c2:last(t:2, i:2), conf=conf: {index: 1, cur=peers:[s3|localhost:15152, s4|localhost:15156, s0|localhost:15140, s1|localhost:15144, s2|localhost:15148]|listeners:[], old=null}
2024-10-11 15:03:40,273 [s4@group-F860CA578C61-LeaderElection19] INFO  impl.LeaderElection (LogUtils.java:infoOrTrace(136)) - s4@group-F860CA578C61-LeaderElection19 got exception when requesting votes: java.util.concurrent.ExecutionException: org.apache.ratis.thirdparty.io.netty.channel.AbstractChannel$AnnotatedConnectException: finishConnect(..) failed: Connection refused: localhost/127.0.0.1:15140
2024-10-11 15:03:40,273 [s4@group-F860CA578C61-LeaderElection19] INFO  impl.LeaderElection (LogUtils.java:infoOrTrace(136)) - s4@group-F860CA578C61-LeaderElection19 got exception when requesting votes: java.util.concurrent.ExecutionException: org.apache.ratis.thirdparty.io.netty.channel.AbstractChannel$AnnotatedConnectException: finishConnect(..) failed: Connection refused: localhost/127.0.0.1:15148
2024-10-11 15:03:40,374 [main] WARN  ratis.RaftTestUtil (RaftTestUtil.java:lambda$waitForLeader$3(126)) - Attempt #89 failed: java.lang.IllegalStateException: No leader yet : printing ALL groups
  s3:  RUNNING CANDIDATE s3@group-F860CA578C61:t2, leader=null, voted=s0, raftlog=Memoized:s3@group-F860CA578C61-SegmentedRaftLog:OPENED:c2:last(t:2, i:2), conf=conf: {index: 1, cur=peers:[s3|localhost:15152, s4|localhost:15156, s0|localhost:15140, s1|localhost:15144, s2|localhost:15148]|listeners:[], old=null} RUNNING
  s4:  RUNNING CANDIDATE s4@group-F860CA578C61:t2, leader=null, voted=s0, raftlog=Memoized:s4@group-F860CA578C61-SegmentedRaftLog:OPENED:c2:last(t:2, i:2), conf=conf: {index: 1, cur=peers:[s3|localhost:15152, s4|localhost:15156, s0|localhost:15140, s1|localhost:15144, s2|localhost:15148]|listeners:[], old=null} RUNNING
  s0:   CLOSED    LEADER s0@group-F860CA578C61:t2, leader=s0, voted=s0, raftlog=Memoized:s0@group-F860CA578C61-SegmentedRaftLog:CLOSED:c2, conf=conf: {index: 1, cur=peers:[s3|localhost:15152, s4|localhost:15156, s0|localhost:15140, s1|localhost:15144, s2|localhost:15148]|listeners:[], old=null} CLOSED
  s1:  RUNNING  FOLLOWER s1@group-F860CA578C61:t1, leader=null, voted=null, raftlog=Memoized:s1@group-F860CA578C61-SegmentedRaftLog:OPENED:c-1:lastnull, conf=conf: {index: -1, cur=peers:[s3|localhost:15152, s4|localhost:15156, s0|localhost:15140, s1|localhost:15144, s2|localhost:15148]|listeners:[], old=null} RUNNING
  s2:   CLOSED    LEADER s2@group-F860CA578C61:t1, leader=s2, voted=s2, raftlog=Memoized:s2@group-F860CA578C61-SegmentedRaftLog:CLOSED:c0, conf=conf: {index: 0, cur=peers:[s3|localhost:15152, s4|localhost:15156, s0|localhost:15140, s1|localhost:15144, s2|localhost:15148]|listeners:[], old=null} CLOSED
2024-10-11 15:03:40,438 [s4@group-F860CA578C61-LeaderElection19] INFO  impl.LeaderElection (LeaderElection.java:logAndReturn(90)) - s4@group-F860CA578C61-LeaderElection19: PRE_VOTE TIMEOUT received 1 response(s) and 2 exception(s):
2024-10-11 15:03:40,438 [s4@group-F860CA578C61-LeaderElection19] INFO  impl.LeaderElection (LeaderElection.java:logAndReturn(94)) -   Response 0: s4<-s3#0:OK-t2
2024-10-11 15:03:40,438 [s4@group-F860CA578C61-LeaderElection19] INFO  impl.LeaderElection (LogUtils.java:infoOrTrace(136)) -   Exception 1: java.util.concurrent.ExecutionException: org.apache.ratis.thirdparty.io.netty.channel.AbstractChannel$AnnotatedConnectException: finishConnect(..) failed: Connection refused: localhost/127.0.0.1:15140
2024-10-11 15:03:40,438 [s4@group-F860CA578C61-LeaderElection19] INFO  impl.LeaderElection (LogUtils.java:infoOrTrace(136)) -   Exception 2: java.util.concurrent.ExecutionException: org.apache.ratis.thirdparty.io.netty.channel.AbstractChannel$AnnotatedConnectException: finishConnect(..) failed: Connection refused: localhost/127.0.0.1:15148
2024-10-11 15:03:40,438 [s4@group-F860CA578C61-LeaderElection19] INFO  impl.LeaderElection (LeaderElection.java:askForVotes(339)) - s4@group-F860CA578C61-LeaderElection19 PRE_VOTE round 178: result TIMEOUT
2024-10-11 15:03:40,438 [s4@group-F860CA578C61-LeaderElection19] INFO  impl.LeaderElection (LeaderElection.java:askForVotes(337)) - s4@group-F860CA578C61-LeaderElection19 PRE_VOTE round 179: submit vote requests at term 2 for conf: {index: 1, cur=peers:[s3|localhost:15152, s4|localhost:15156, s0|localhost:15140, s1|localhost:15144, s2|localhost:15148]|listeners:[], old=null}
2024-10-11 15:03:40,438 [NettyRpcService-workerGroup--thread3] INFO  server.RaftServer$Division (RaftServerImpl.java:requestVote(1443)) - s3@group-F860CA578C61: receive requestVote(PRE_VOTE, s4, group-F860CA578C61, 2, (t:2, i:2))
2024-10-11 15:03:40,438 [NettyRpcService-workerGroup--thread3] INFO  impl.VoteContext (VoteContext.java:log(49)) - s3@group-F860CA578C61-CANDIDATE: accept PRE_VOTE from s4: our priority 0 <= candidate's priority 0
2024-10-11 15:03:40,439 [NettyRpcService-workerGroup--thread3] INFO  server.RaftServer$Division (RaftServerImpl.java:requestVote(1476)) - s3@group-F860CA578C61 replies to PRE_VOTE vote request: s4<-s3#0:OK-t2. Peer's state: s3@group-F860CA578C61:t2, leader=null, voted=s0, raftlog=Memoized:s3@group-F860CA578C61-SegmentedRaftLog:OPENED:c2:last(t:2, i:2), conf=conf: {index: 1, cur=peers:[s3|localhost:15152, s4|localhost:15156, s0|localhost:15140, s1|localhost:15144, s2|localhost:15148]|listeners:[], old=null}
2024-10-11 15:03:40,439 [s4@group-F860CA578C61-LeaderElection19] INFO  impl.LeaderElection (LogUtils.java:infoOrTrace(136)) - s4@group-F860CA578C61-LeaderElection19 got exception when requesting votes: java.util.concurrent.ExecutionException: org.apache.ratis.thirdparty.io.netty.channel.AbstractChannel$AnnotatedConnectException: finishConnect(..) failed: Connection refused: localhost/127.0.0.1:15140
2024-10-11 15:03:40,439 [s4@group-F860CA578C61-LeaderElection19] INFO  impl.LeaderElection (LogUtils.java:infoOrTrace(136)) - s4@group-F860CA578C61-LeaderElection19 got exception when requesting votes: java.util.concurrent.ExecutionException: org.apache.ratis.thirdparty.io.netty.channel.AbstractChannel$AnnotatedConnectException: finishConnect(..) failed: Connection refused: localhost/127.0.0.1:15148
2024-10-11 15:03:40,470 [s3@group-F860CA578C61-LeaderElection20] INFO  impl.LeaderElection (LeaderElection.java:logAndReturn(90)) - s3@group-F860CA578C61-LeaderElection20: PRE_VOTE TIMEOUT received 1 response(s) and 2 exception(s):
2024-10-11 15:03:40,470 [s3@group-F860CA578C61-LeaderElection20] INFO  impl.LeaderElection (LeaderElection.java:logAndReturn(94)) -   Response 0: s3<-s4#0:OK-t2
2024-10-11 15:03:40,470 [s3@group-F860CA578C61-LeaderElection20] INFO  impl.LeaderElection (LogUtils.java:infoOrTrace(136)) -   Exception 1: java.util.concurrent.ExecutionException: org.apache.ratis.thirdparty.io.netty.channel.AbstractChannel$AnnotatedConnectException: finishConnect(..) failed: Connection refused: localhost/127.0.0.1:15140
2024-10-11 15:03:40,470 [s3@group-F860CA578C61-LeaderElection20] INFO  impl.LeaderElection (LogUtils.java:infoOrTrace(136)) -   Exception 2: java.util.concurrent.ExecutionException: org.apache.ratis.thirdparty.io.netty.channel.AbstractChannel$AnnotatedConnectException: finishConnect(..) failed: Connection refused: localhost/127.0.0.1:15148
2024-10-11 15:03:40,470 [s3@group-F860CA578C61-LeaderElection20] INFO  impl.LeaderElection (LeaderElection.java:askForVotes(339)) - s3@group-F860CA578C61-LeaderElection20 PRE_VOTE round 168: result TIMEOUT
2024-10-11 15:03:40,470 [s3@group-F860CA578C61-LeaderElection20] INFO  impl.LeaderElection (LeaderElection.java:askForVotes(337)) - s3@group-F860CA578C61-LeaderElection20 PRE_VOTE round 169: submit vote requests at term 2 for conf: {index: 1, cur=peers:[s3|localhost:15152, s4|localhost:15156, s0|localhost:15140, s1|localhost:15144, s2|localhost:15148]|listeners:[], old=null}
2024-10-11 15:03:40,471 [NettyRpcService-workerGroup--thread3] INFO  server.RaftServer$Division (RaftServerImpl.java:requestVote(1443)) - s4@group-F860CA578C61: receive requestVote(PRE_VOTE, s3, group-F860CA578C61, 2, (t:2, i:2))
2024-10-11 15:03:40,471 [NettyRpcService-workerGroup--thread3] INFO  impl.VoteContext (VoteContext.java:log(49)) - s4@group-F860CA578C61-CANDIDATE: accept PRE_VOTE from s3: our priority 0 <= candidate's priority 0
2024-10-11 15:03:40,471 [NettyRpcService-workerGroup--thread3] INFO  server.RaftServer$Division (RaftServerImpl.java:requestVote(1476)) - s4@group-F860CA578C61 replies to PRE_VOTE vote request: s3<-s4#0:OK-t2. Peer's state: s4@group-F860CA578C61:t2, leader=null, voted=s0, raftlog=Memoized:s4@group-F860CA578C61-SegmentedRaftLog:OPENED:c2:last(t:2, i:2), conf=conf: {index: 1, cur=peers:[s3|localhost:15152, s4|localhost:15156, s0|localhost:15140, s1|localhost:15144, s2|localhost:15148]|listeners:[], old=null}
2024-10-11 15:03:40,471 [s3@group-F860CA578C61-LeaderElection20] INFO  impl.LeaderElection (LogUtils.java:infoOrTrace(136)) - s3@group-F860CA578C61-LeaderElection20 got exception when requesting votes: java.util.concurrent.ExecutionException: org.apache.ratis.thirdparty.io.netty.channel.AbstractChannel$AnnotatedConnectException: finishConnect(..) failed: Connection refused: localhost/127.0.0.1:15148
2024-10-11 15:03:40,471 [s3@group-F860CA578C61-LeaderElection20] INFO  impl.LeaderElection (LogUtils.java:infoOrTrace(136)) - s3@group-F860CA578C61-LeaderElection20 got exception when requesting votes: java.util.concurrent.ExecutionException: org.apache.ratis.thirdparty.io.netty.channel.AbstractChannel$AnnotatedConnectException: finishConnect(..) failed: Connection refused: localhost/127.0.0.1:15140
2024-10-11 15:03:40,697 [s3@group-F860CA578C61-LeaderElection20] INFO  impl.LeaderElection (LeaderElection.java:logAndReturn(90)) - s3@group-F860CA578C61-LeaderElection20: PRE_VOTE TIMEOUT received 1 response(s) and 2 exception(s):
2024-10-11 15:03:40,697 [s3@group-F860CA578C61-LeaderElection20] INFO  impl.LeaderElection (LeaderElection.java:logAndReturn(94)) -   Response 0: s3<-s4#0:OK-t2
2024-10-11 15:03:40,697 [s3@group-F860CA578C61-LeaderElection20] INFO  impl.LeaderElection (LogUtils.java:infoOrTrace(136)) -   Exception 1: java.util.concurrent.ExecutionException: org.apache.ratis.thirdparty.io.netty.channel.AbstractChannel$AnnotatedConnectException: finishConnect(..) failed: Connection refused: localhost/127.0.0.1:15148
2024-10-11 15:03:40,697 [s3@group-F860CA578C61-LeaderElection20] INFO  impl.LeaderElection (LogUtils.java:infoOrTrace(136)) -   Exception 2: java.util.concurrent.ExecutionException: org.apache.ratis.thirdparty.io.netty.channel.AbstractChannel$AnnotatedConnectException: finishConnect(..) failed: Connection refused: localhost/127.0.0.1:15140
2024-10-11 15:03:40,697 [s3@group-F860CA578C61-LeaderElection20] INFO  impl.LeaderElection (LeaderElection.java:askForVotes(339)) - s3@group-F860CA578C61-LeaderElection20 PRE_VOTE round 169: result TIMEOUT
2024-10-11 15:03:40,697 [s3@group-F860CA578C61-LeaderElection20] INFO  impl.LeaderElection (LeaderElection.java:askForVotes(337)) - s3@group-F860CA578C61-LeaderElection20 PRE_VOTE round 170: submit vote requests at term 2 for conf: {index: 1, cur=peers:[s3|localhost:15152, s4|localhost:15156, s0|localhost:15140, s1|localhost:15144, s2|localhost:15148]|listeners:[], old=null}
2024-10-11 15:03:40,698 [NettyRpcService-workerGroup--thread3] INFO  server.RaftServer$Division (RaftServerImpl.java:requestVote(1443)) - s4@group-F860CA578C61: receive requestVote(PRE_VOTE, s3, group-F860CA578C61, 2, (t:2, i:2))
2024-10-11 15:03:40,698 [NettyRpcService-workerGroup--thread3] INFO  impl.VoteContext (VoteContext.java:log(49)) - s4@group-F860CA578C61-CANDIDATE: accept PRE_VOTE from s3: our priority 0 <= candidate's priority 0
2024-10-11 15:03:40,698 [NettyRpcService-workerGroup--thread3] INFO  server.RaftServer$Division (RaftServerImpl.java:requestVote(1476)) - s4@group-F860CA578C61 replies to PRE_VOTE vote request: s3<-s4#0:OK-t2. Peer's state: s4@group-F860CA578C61:t2, leader=null, voted=s0, raftlog=Memoized:s4@group-F860CA578C61-SegmentedRaftLog:OPENED:c2:last(t:2, i:2), conf=conf: {index: 1, cur=peers:[s3|localhost:15152, s4|localhost:15156, s0|localhost:15140, s1|localhost:15144, s2|localhost:15148]|listeners:[], old=null}
2024-10-11 15:03:40,698 [s3@group-F860CA578C61-LeaderElection20] INFO  impl.LeaderElection (LogUtils.java:infoOrTrace(136)) - s3@group-F860CA578C61-LeaderElection20 got exception when requesting votes: java.util.concurrent.ExecutionException: org.apache.ratis.thirdparty.io.netty.channel.AbstractChannel$AnnotatedConnectException: finishConnect(..) failed: Connection refused: localhost/127.0.0.1:15148
2024-10-11 15:03:40,698 [s3@group-F860CA578C61-LeaderElection20] INFO  impl.LeaderElection (LogUtils.java:infoOrTrace(136)) - s3@group-F860CA578C61-LeaderElection20 got exception when requesting votes: java.util.concurrent.ExecutionException: org.apache.ratis.thirdparty.io.netty.channel.AbstractChannel$AnnotatedConnectException: finishConnect(..) failed: Connection refused: localhost/127.0.0.1:15140
2024-10-11 15:03:40,698 [s4@group-F860CA578C61-LeaderElection19] INFO  impl.LeaderElection (LeaderElection.java:logAndReturn(90)) - s4@group-F860CA578C61-LeaderElection19: PRE_VOTE TIMEOUT received 1 response(s) and 2 exception(s):
2024-10-11 15:03:40,699 [s4@group-F860CA578C61-LeaderElection19] INFO  impl.LeaderElection (LeaderElection.java:logAndReturn(94)) -   Response 0: s4<-s3#0:OK-t2
2024-10-11 15:03:40,699 [s4@group-F860CA578C61-LeaderElection19] INFO  impl.LeaderElection (LogUtils.java:infoOrTrace(136)) -   Exception 1: java.util.concurrent.ExecutionException: org.apache.ratis.thirdparty.io.netty.channel.AbstractChannel$AnnotatedConnectException: finishConnect(..) failed: Connection refused: localhost/127.0.0.1:15140
2024-10-11 15:03:40,699 [s4@group-F860CA578C61-LeaderElection19] INFO  impl.LeaderElection (LogUtils.java:infoOrTrace(136)) -   Exception 2: java.util.concurrent.ExecutionException: org.apache.ratis.thirdparty.io.netty.channel.AbstractChannel$AnnotatedConnectException: finishConnect(..) failed: Connection refused: localhost/127.0.0.1:15148
2024-10-11 15:03:40,699 [s4@group-F860CA578C61-LeaderElection19] INFO  impl.LeaderElection (LeaderElection.java:askForVotes(339)) - s4@group-F860CA578C61-LeaderElection19 PRE_VOTE round 179: result TIMEOUT
2024-10-11 15:03:40,699 [s4@group-F860CA578C61-LeaderElection19] INFO  impl.LeaderElection (LeaderElection.java:askForVotes(337)) - s4@group-F860CA578C61-LeaderElection19 PRE_VOTE round 180: submit vote requests at term 2 for conf: {index: 1, cur=peers:[s3|localhost:15152, s4|localhost:15156, s0|localhost:15140, s1|localhost:15144, s2|localhost:15148]|listeners:[], old=null}
2024-10-11 15:03:40,699 [NettyRpcService-workerGroup--thread3] INFO  server.RaftServer$Division (RaftServerImpl.java:requestVote(1443)) - s3@group-F860CA578C61: receive requestVote(PRE_VOTE, s4, group-F860CA578C61, 2, (t:2, i:2))
2024-10-11 15:03:40,699 [NettyRpcService-workerGroup--thread3] INFO  impl.VoteContext (VoteContext.java:log(49)) - s3@group-F860CA578C61-CANDIDATE: accept PRE_VOTE from s4: our priority 0 <= candidate's priority 0
2024-10-11 15:03:40,699 [NettyRpcService-workerGroup--thread3] INFO  server.RaftServer$Division (RaftServerImpl.java:requestVote(1476)) - s3@group-F860CA578C61 replies to PRE_VOTE vote request: s4<-s3#0:OK-t2. Peer's state: s3@group-F860CA578C61:t2, leader=null, voted=s0, raftlog=Memoized:s3@group-F860CA578C61-SegmentedRaftLog:OPENED:c2:last(t:2, i:2), conf=conf: {index: 1, cur=peers:[s3|localhost:15152, s4|localhost:15156, s0|localhost:15140, s1|localhost:15144, s2|localhost:15148]|listeners:[], old=null}
2024-10-11 15:03:40,700 [s4@group-F860CA578C61-LeaderElection19] INFO  impl.LeaderElection (LogUtils.java:infoOrTrace(136)) - s4@group-F860CA578C61-LeaderElection19 got exception when requesting votes: java.util.concurrent.ExecutionException: org.apache.ratis.thirdparty.io.netty.channel.AbstractChannel$AnnotatedConnectException: finishConnect(..) failed: Connection refused: localhost/127.0.0.1:15140
2024-10-11 15:03:40,700 [s4@group-F860CA578C61-LeaderElection19] INFO  impl.LeaderElection (LogUtils.java:infoOrTrace(136)) - s4@group-F860CA578C61-LeaderElection19 got exception when requesting votes: java.util.concurrent.ExecutionException: org.apache.ratis.thirdparty.io.netty.channel.AbstractChannel$AnnotatedConnectException: finishConnect(..) failed: Connection refused: localhost/127.0.0.1:15148
2024-10-11 15:03:40,824 [main] WARN  ratis.RaftTestUtil (RaftTestUtil.java:lambda$waitForLeader$3(126)) - Attempt #90 failed: java.lang.IllegalStateException: No leader yet : printing ALL groups
  s3:  RUNNING CANDIDATE s3@group-F860CA578C61:t2, leader=null, voted=s0, raftlog=Memoized:s3@group-F860CA578C61-SegmentedRaftLog:OPENED:c2:last(t:2, i:2), conf=conf: {index: 1, cur=peers:[s3|localhost:15152, s4|localhost:15156, s0|localhost:15140, s1|localhost:15144, s2|localhost:15148]|listeners:[], old=null} RUNNING
  s4:  RUNNING CANDIDATE s4@group-F860CA578C61:t2, leader=null, voted=s0, raftlog=Memoized:s4@group-F860CA578C61-SegmentedRaftLog:OPENED:c2:last(t:2, i:2), conf=conf: {index: 1, cur=peers:[s3|localhost:15152, s4|localhost:15156, s0|localhost:15140, s1|localhost:15144, s2|localhost:15148]|listeners:[], old=null} RUNNING
  s0:   CLOSED    LEADER s0@group-F860CA578C61:t2, leader=s0, voted=s0, raftlog=Memoized:s0@group-F860CA578C61-SegmentedRaftLog:CLOSED:c2, conf=conf: {index: 1, cur=peers:[s3|localhost:15152, s4|localhost:15156, s0|localhost:15140, s1|localhost:15144, s2|localhost:15148]|listeners:[], old=null} CLOSED
  s1:  RUNNING  FOLLOWER s1@group-F860CA578C61:t1, leader=null, voted=null, raftlog=Memoized:s1@group-F860CA578C61-SegmentedRaftLog:OPENED:c-1:lastnull, conf=conf: {index: -1, cur=peers:[s3|localhost:15152, s4|localhost:15156, s0|localhost:15140, s1|localhost:15144, s2|localhost:15148]|listeners:[], old=null} RUNNING
  s2:   CLOSED    LEADER s2@group-F860CA578C61:t1, leader=s2, voted=s2, raftlog=Memoized:s2@group-F860CA578C61-SegmentedRaftLog:CLOSED:c0, conf=conf: {index: 0, cur=peers:[s3|localhost:15152, s4|localhost:15156, s0|localhost:15140, s1|localhost:15144, s2|localhost:15148]|listeners:[], old=null} CLOSED
2024-10-11 15:03:40,910 [s4@group-F860CA578C61-LeaderElection19] INFO  impl.LeaderElection (LeaderElection.java:logAndReturn(90)) - s4@group-F860CA578C61-LeaderElection19: PRE_VOTE TIMEOUT received 1 response(s) and 2 exception(s):
2024-10-11 15:03:40,910 [s4@group-F860CA578C61-LeaderElection19] INFO  impl.LeaderElection (LeaderElection.java:logAndReturn(94)) -   Response 0: s4<-s3#0:OK-t2
2024-10-11 15:03:40,910 [s4@group-F860CA578C61-LeaderElection19] INFO  impl.LeaderElection (LogUtils.java:infoOrTrace(136)) -   Exception 1: java.util.concurrent.ExecutionException: org.apache.ratis.thirdparty.io.netty.channel.AbstractChannel$AnnotatedConnectException: finishConnect(..) failed: Connection refused: localhost/127.0.0.1:15140
2024-10-11 15:03:40,910 [s4@group-F860CA578C61-LeaderElection19] INFO  impl.LeaderElection (LogUtils.java:infoOrTrace(136)) -   Exception 2: java.util.concurrent.ExecutionException: org.apache.ratis.thirdparty.io.netty.channel.AbstractChannel$AnnotatedConnectException: finishConnect(..) failed: Connection refused: localhost/127.0.0.1:15148
2024-10-11 15:03:40,910 [s4@group-F860CA578C61-LeaderElection19] INFO  impl.LeaderElection (LeaderElection.java:askForVotes(339)) - s4@group-F860CA578C61-LeaderElection19 PRE_VOTE round 180: result TIMEOUT
2024-10-11 15:03:40,910 [s4@group-F860CA578C61-LeaderElection19] INFO  impl.LeaderElection (LeaderElection.java:askForVotes(337)) - s4@group-F860CA578C61-LeaderElection19 PRE_VOTE round 181: submit vote requests at term 2 for conf: {index: 1, cur=peers:[s3|localhost:15152, s4|localhost:15156, s0|localhost:15140, s1|localhost:15144, s2|localhost:15148]|listeners:[], old=null}
2024-10-11 15:03:40,910 [NettyRpcService-workerGroup--thread3] INFO  server.RaftServer$Division (RaftServerImpl.java:requestVote(1443)) - s3@group-F860CA578C61: receive requestVote(PRE_VOTE, s4, group-F860CA578C61, 2, (t:2, i:2))
2024-10-11 15:03:40,911 [NettyRpcService-workerGroup--thread3] INFO  impl.VoteContext (VoteContext.java:log(49)) - s3@group-F860CA578C61-CANDIDATE: accept PRE_VOTE from s4: our priority 0 <= candidate's priority 0
2024-10-11 15:03:40,911 [NettyRpcService-workerGroup--thread3] INFO  server.RaftServer$Division (RaftServerImpl.java:requestVote(1476)) - s3@group-F860CA578C61 replies to PRE_VOTE vote request: s4<-s3#0:OK-t2. Peer's state: s3@group-F860CA578C61:t2, leader=null, voted=s0, raftlog=Memoized:s3@group-F860CA578C61-SegmentedRaftLog:OPENED:c2:last(t:2, i:2), conf=conf: {index: 1, cur=peers:[s3|localhost:15152, s4|localhost:15156, s0|localhost:15140, s1|localhost:15144, s2|localhost:15148]|listeners:[], old=null}
2024-10-11 15:03:40,911 [s4@group-F860CA578C61-LeaderElection19] INFO  impl.LeaderElection (LogUtils.java:infoOrTrace(136)) - s4@group-F860CA578C61-LeaderElection19 got exception when requesting votes: java.util.concurrent.ExecutionException: org.apache.ratis.thirdparty.io.netty.channel.AbstractChannel$AnnotatedConnectException: finishConnect(..) failed: Connection refused: localhost/127.0.0.1:15140
2024-10-11 15:03:40,911 [s4@group-F860CA578C61-LeaderElection19] INFO  impl.LeaderElection (LogUtils.java:infoOrTrace(136)) - s4@group-F860CA578C61-LeaderElection19 got exception when requesting votes: java.util.concurrent.ExecutionException: org.apache.ratis.thirdparty.io.netty.channel.AbstractChannel$AnnotatedConnectException: finishConnect(..) failed: Connection refused: localhost/127.0.0.1:15148
2024-10-11 15:03:40,985 [s3@group-F860CA578C61-LeaderElection20] INFO  impl.LeaderElection (LeaderElection.java:logAndReturn(90)) - s3@group-F860CA578C61-LeaderElection20: PRE_VOTE TIMEOUT received 1 response(s) and 2 exception(s):
2024-10-11 15:03:40,985 [s3@group-F860CA578C61-LeaderElection20] INFO  impl.LeaderElection (LeaderElection.java:logAndReturn(94)) -   Response 0: s3<-s4#0:OK-t2
2024-10-11 15:03:40,985 [s3@group-F860CA578C61-LeaderElection20] INFO  impl.LeaderElection (LogUtils.java:infoOrTrace(136)) -   Exception 1: java.util.concurrent.ExecutionException: org.apache.ratis.thirdparty.io.netty.channel.AbstractChannel$AnnotatedConnectException: finishConnect(..) failed: Connection refused: localhost/127.0.0.1:15148
2024-10-11 15:03:40,985 [s3@group-F860CA578C61-LeaderElection20] INFO  impl.LeaderElection (LogUtils.java:infoOrTrace(136)) -   Exception 2: java.util.concurrent.ExecutionException: org.apache.ratis.thirdparty.io.netty.channel.AbstractChannel$AnnotatedConnectException: finishConnect(..) failed: Connection refused: localhost/127.0.0.1:15140
2024-10-11 15:03:40,985 [s3@group-F860CA578C61-LeaderElection20] INFO  impl.LeaderElection (LeaderElection.java:askForVotes(339)) - s3@group-F860CA578C61-LeaderElection20 PRE_VOTE round 170: result TIMEOUT
2024-10-11 15:03:40,985 [s3@group-F860CA578C61-LeaderElection20] INFO  impl.LeaderElection (LeaderElection.java:askForVotes(337)) - s3@group-F860CA578C61-LeaderElection20 PRE_VOTE round 171: submit vote requests at term 2 for conf: {index: 1, cur=peers:[s3|localhost:15152, s4|localhost:15156, s0|localhost:15140, s1|localhost:15144, s2|localhost:15148]|listeners:[], old=null}
2024-10-11 15:03:40,986 [NettyRpcService-workerGroup--thread3] INFO  server.RaftServer$Division (RaftServerImpl.java:requestVote(1443)) - s4@group-F860CA578C61: receive requestVote(PRE_VOTE, s3, group-F860CA578C61, 2, (t:2, i:2))
2024-10-11 15:03:40,986 [NettyRpcService-workerGroup--thread3] INFO  impl.VoteContext (VoteContext.java:log(49)) - s4@group-F860CA578C61-CANDIDATE: accept PRE_VOTE from s3: our priority 0 <= candidate's priority 0
2024-10-11 15:03:40,986 [NettyRpcService-workerGroup--thread3] INFO  server.RaftServer$Division (RaftServerImpl.java:requestVote(1476)) - s4@group-F860CA578C61 replies to PRE_VOTE vote request: s3<-s4#0:OK-t2. Peer's state: s4@group-F860CA578C61:t2, leader=null, voted=s0, raftlog=Memoized:s4@group-F860CA578C61-SegmentedRaftLog:OPENED:c2:last(t:2, i:2), conf=conf: {index: 1, cur=peers:[s3|localhost:15152, s4|localhost:15156, s0|localhost:15140, s1|localhost:15144, s2|localhost:15148]|listeners:[], old=null}
2024-10-11 15:03:40,986 [s3@group-F860CA578C61-LeaderElection20] INFO  impl.LeaderElection (LogUtils.java:infoOrTrace(136)) - s3@group-F860CA578C61-LeaderElection20 got exception when requesting votes: java.util.concurrent.ExecutionException: org.apache.ratis.thirdparty.io.netty.channel.AbstractChannel$AnnotatedConnectException: finishConnect(..) failed: Connection refused: localhost/127.0.0.1:15140
2024-10-11 15:03:40,986 [s3@group-F860CA578C61-LeaderElection20] INFO  impl.LeaderElection (LogUtils.java:infoOrTrace(136)) - s3@group-F860CA578C61-LeaderElection20 got exception when requesting votes: java.util.concurrent.ExecutionException: org.apache.ratis.thirdparty.io.netty.channel.AbstractChannel$AnnotatedConnectException: finishConnect(..) failed: Connection refused: localhost/127.0.0.1:15148
2024-10-11 15:03:41,188 [s4@group-F860CA578C61-LeaderElection19] INFO  impl.LeaderElection (LeaderElection.java:logAndReturn(90)) - s4@group-F860CA578C61-LeaderElection19: PRE_VOTE TIMEOUT received 1 response(s) and 2 exception(s):
2024-10-11 15:03:41,188 [s4@group-F860CA578C61-LeaderElection19] INFO  impl.LeaderElection (LeaderElection.java:logAndReturn(94)) -   Response 0: s4<-s3#0:OK-t2
2024-10-11 15:03:41,188 [s4@group-F860CA578C61-LeaderElection19] INFO  impl.LeaderElection (LogUtils.java:infoOrTrace(136)) -   Exception 1: java.util.concurrent.ExecutionException: org.apache.ratis.thirdparty.io.netty.channel.AbstractChannel$AnnotatedConnectException: finishConnect(..) failed: Connection refused: localhost/127.0.0.1:15140
2024-10-11 15:03:41,188 [s4@group-F860CA578C61-LeaderElection19] INFO  impl.LeaderElection (LogUtils.java:infoOrTrace(136)) -   Exception 2: java.util.concurrent.ExecutionException: org.apache.ratis.thirdparty.io.netty.channel.AbstractChannel$AnnotatedConnectException: finishConnect(..) failed: Connection refused: localhost/127.0.0.1:15148
2024-10-11 15:03:41,188 [s4@group-F860CA578C61-LeaderElection19] INFO  impl.LeaderElection (LeaderElection.java:askForVotes(339)) - s4@group-F860CA578C61-LeaderElection19 PRE_VOTE round 181: result TIMEOUT
2024-10-11 15:03:41,188 [s4@group-F860CA578C61-LeaderElection19] INFO  impl.LeaderElection (LeaderElection.java:askForVotes(337)) - s4@group-F860CA578C61-LeaderElection19 PRE_VOTE round 182: submit vote requests at term 2 for conf: {index: 1, cur=peers:[s3|localhost:15152, s4|localhost:15156, s0|localhost:15140, s1|localhost:15144, s2|localhost:15148]|listeners:[], old=null}
2024-10-11 15:03:41,189 [NettyRpcService-workerGroup--thread3] INFO  server.RaftServer$Division (RaftServerImpl.java:requestVote(1443)) - s3@group-F860CA578C61: receive requestVote(PRE_VOTE, s4, group-F860CA578C61, 2, (t:2, i:2))
2024-10-11 15:03:41,189 [NettyRpcService-workerGroup--thread3] INFO  impl.VoteContext (VoteContext.java:log(49)) - s3@group-F860CA578C61-CANDIDATE: accept PRE_VOTE from s4: our priority 0 <= candidate's priority 0
2024-10-11 15:03:41,189 [s4@group-F860CA578C61-LeaderElection19] INFO  impl.LeaderElection (LogUtils.java:infoOrTrace(136)) - s4@group-F860CA578C61-LeaderElection19 got exception when requesting votes: java.util.concurrent.ExecutionException: org.apache.ratis.thirdparty.io.netty.channel.AbstractChannel$AnnotatedConnectException: finishConnect(..) failed: Connection refused: localhost/127.0.0.1:15140
2024-10-11 15:03:41,189 [NettyRpcService-workerGroup--thread3] INFO  server.RaftServer$Division (RaftServerImpl.java:requestVote(1476)) - s3@group-F860CA578C61 replies to PRE_VOTE vote request: s4<-s3#0:OK-t2. Peer's state: s3@group-F860CA578C61:t2, leader=null, voted=s0, raftlog=Memoized:s3@group-F860CA578C61-SegmentedRaftLog:OPENED:c2:last(t:2, i:2), conf=conf: {index: 1, cur=peers:[s3|localhost:15152, s4|localhost:15156, s0|localhost:15140, s1|localhost:15144, s2|localhost:15148]|listeners:[], old=null}
2024-10-11 15:03:41,189 [s4@group-F860CA578C61-LeaderElection19] INFO  impl.LeaderElection (LogUtils.java:infoOrTrace(136)) - s4@group-F860CA578C61-LeaderElection19 got exception when requesting votes: java.util.concurrent.ExecutionException: org.apache.ratis.thirdparty.io.netty.channel.AbstractChannel$AnnotatedConnectException: finishConnect(..) failed: Connection refused: localhost/127.0.0.1:15148
2024-10-11 15:03:41,204 [s3@group-F860CA578C61-LeaderElection20] INFO  impl.LeaderElection (LeaderElection.java:logAndReturn(90)) - s3@group-F860CA578C61-LeaderElection20: PRE_VOTE TIMEOUT received 1 response(s) and 2 exception(s):
2024-10-11 15:03:41,204 [s3@group-F860CA578C61-LeaderElection20] INFO  impl.LeaderElection (LeaderElection.java:logAndReturn(94)) -   Response 0: s3<-s4#0:OK-t2
2024-10-11 15:03:41,204 [s3@group-F860CA578C61-LeaderElection20] INFO  impl.LeaderElection (LogUtils.java:infoOrTrace(136)) -   Exception 1: java.util.concurrent.ExecutionException: org.apache.ratis.thirdparty.io.netty.channel.AbstractChannel$AnnotatedConnectException: finishConnect(..) failed: Connection refused: localhost/127.0.0.1:15140
2024-10-11 15:03:41,204 [s3@group-F860CA578C61-LeaderElection20] INFO  impl.LeaderElection (LogUtils.java:infoOrTrace(136)) -   Exception 2: java.util.concurrent.ExecutionException: org.apache.ratis.thirdparty.io.netty.channel.AbstractChannel$AnnotatedConnectException: finishConnect(..) failed: Connection refused: localhost/127.0.0.1:15148
2024-10-11 15:03:41,204 [s3@group-F860CA578C61-LeaderElection20] INFO  impl.LeaderElection (LeaderElection.java:askForVotes(339)) - s3@group-F860CA578C61-LeaderElection20 PRE_VOTE round 171: result TIMEOUT
2024-10-11 15:03:41,204 [s3@group-F860CA578C61-LeaderElection20] INFO  impl.LeaderElection (LeaderElection.java:askForVotes(337)) - s3@group-F860CA578C61-LeaderElection20 PRE_VOTE round 172: submit vote requests at term 2 for conf: {index: 1, cur=peers:[s3|localhost:15152, s4|localhost:15156, s0|localhost:15140, s1|localhost:15144, s2|localhost:15148]|listeners:[], old=null}
2024-10-11 15:03:41,205 [NettyRpcService-workerGroup--thread3] INFO  server.RaftServer$Division (RaftServerImpl.java:requestVote(1443)) - s4@group-F860CA578C61: receive requestVote(PRE_VOTE, s3, group-F860CA578C61, 2, (t:2, i:2))
2024-10-11 15:03:41,205 [NettyRpcService-workerGroup--thread3] INFO  impl.VoteContext (VoteContext.java:log(49)) - s4@group-F860CA578C61-CANDIDATE: accept PRE_VOTE from s3: our priority 0 <= candidate's priority 0
2024-10-11 15:03:41,205 [NettyRpcService-workerGroup--thread3] INFO  server.RaftServer$Division (RaftServerImpl.java:requestVote(1476)) - s4@group-F860CA578C61 replies to PRE_VOTE vote request: s3<-s4#0:OK-t2. Peer's state: s4@group-F860CA578C61:t2, leader=null, voted=s0, raftlog=Memoized:s4@group-F860CA578C61-SegmentedRaftLog:OPENED:c2:last(t:2, i:2), conf=conf: {index: 1, cur=peers:[s3|localhost:15152, s4|localhost:15156, s0|localhost:15140, s1|localhost:15144, s2|localhost:15148]|listeners:[], old=null}
2024-10-11 15:03:41,205 [s3@group-F860CA578C61-LeaderElection20] INFO  impl.LeaderElection (LogUtils.java:infoOrTrace(136)) - s3@group-F860CA578C61-LeaderElection20 got exception when requesting votes: java.util.concurrent.ExecutionException: org.apache.ratis.thirdparty.io.netty.channel.AbstractChannel$AnnotatedConnectException: finishConnect(..) failed: Connection refused: localhost/127.0.0.1:15140
2024-10-11 15:03:41,205 [s3@group-F860CA578C61-LeaderElection20] INFO  impl.LeaderElection (LogUtils.java:infoOrTrace(136)) - s3@group-F860CA578C61-LeaderElection20 got exception when requesting votes: java.util.concurrent.ExecutionException: org.apache.ratis.thirdparty.io.netty.channel.AbstractChannel$AnnotatedConnectException: finishConnect(..) failed: Connection refused: localhost/127.0.0.1:15148
2024-10-11 15:03:41,275 [main] WARN  ratis.RaftTestUtil (RaftTestUtil.java:lambda$waitForLeader$3(126)) - Attempt #91 failed: java.lang.IllegalStateException: No leader yet : printing ALL groups
  s3:  RUNNING CANDIDATE s3@group-F860CA578C61:t2, leader=null, voted=s0, raftlog=Memoized:s3@group-F860CA578C61-SegmentedRaftLog:OPENED:c2:last(t:2, i:2), conf=conf: {index: 1, cur=peers:[s3|localhost:15152, s4|localhost:15156, s0|localhost:15140, s1|localhost:15144, s2|localhost:15148]|listeners:[], old=null} RUNNING
  s4:  RUNNING CANDIDATE s4@group-F860CA578C61:t2, leader=null, voted=s0, raftlog=Memoized:s4@group-F860CA578C61-SegmentedRaftLog:OPENED:c2:last(t:2, i:2), conf=conf: {index: 1, cur=peers:[s3|localhost:15152, s4|localhost:15156, s0|localhost:15140, s1|localhost:15144, s2|localhost:15148]|listeners:[], old=null} RUNNING
  s0:   CLOSED    LEADER s0@group-F860CA578C61:t2, leader=s0, voted=s0, raftlog=Memoized:s0@group-F860CA578C61-SegmentedRaftLog:CLOSED:c2, conf=conf: {index: 1, cur=peers:[s3|localhost:15152, s4|localhost:15156, s0|localhost:15140, s1|localhost:15144, s2|localhost:15148]|listeners:[], old=null} CLOSED
  s1:  RUNNING  FOLLOWER s1@group-F860CA578C61:t1, leader=null, voted=null, raftlog=Memoized:s1@group-F860CA578C61-SegmentedRaftLog:OPENED:c-1:lastnull, conf=conf: {index: -1, cur=peers:[s3|localhost:15152, s4|localhost:15156, s0|localhost:15140, s1|localhost:15144, s2|localhost:15148]|listeners:[], old=null} RUNNING
  s2:   CLOSED    LEADER s2@group-F860CA578C61:t1, leader=s2, voted=s2, raftlog=Memoized:s2@group-F860CA578C61-SegmentedRaftLog:CLOSED:c0, conf=conf: {index: 0, cur=peers:[s3|localhost:15152, s4|localhost:15156, s0|localhost:15140, s1|localhost:15144, s2|localhost:15148]|listeners:[], old=null} CLOSED
2024-10-11 15:03:41,386 [s4@group-F860CA578C61-LeaderElection19] INFO  impl.LeaderElection (LeaderElection.java:logAndReturn(90)) - s4@group-F860CA578C61-LeaderElection19: PRE_VOTE TIMEOUT received 1 response(s) and 2 exception(s):
2024-10-11 15:03:41,386 [s4@group-F860CA578C61-LeaderElection19] INFO  impl.LeaderElection (LeaderElection.java:logAndReturn(94)) -   Response 0: s4<-s3#0:OK-t2
2024-10-11 15:03:41,386 [s4@group-F860CA578C61-LeaderElection19] INFO  impl.LeaderElection (LogUtils.java:infoOrTrace(136)) -   Exception 1: java.util.concurrent.ExecutionException: org.apache.ratis.thirdparty.io.netty.channel.AbstractChannel$AnnotatedConnectException: finishConnect(..) failed: Connection refused: localhost/127.0.0.1:15140
2024-10-11 15:03:41,386 [s4@group-F860CA578C61-LeaderElection19] INFO  impl.LeaderElection (LogUtils.java:infoOrTrace(136)) -   Exception 2: java.util.concurrent.ExecutionException: org.apache.ratis.thirdparty.io.netty.channel.AbstractChannel$AnnotatedConnectException: finishConnect(..) failed: Connection refused: localhost/127.0.0.1:15148
2024-10-11 15:03:41,386 [s4@group-F860CA578C61-LeaderElection19] INFO  impl.LeaderElection (LeaderElection.java:askForVotes(339)) - s4@group-F860CA578C61-LeaderElection19 PRE_VOTE round 182: result TIMEOUT
2024-10-11 15:03:41,386 [s4@group-F860CA578C61-LeaderElection19] INFO  impl.LeaderElection (LeaderElection.java:askForVotes(337)) - s4@group-F860CA578C61-LeaderElection19 PRE_VOTE round 183: submit vote requests at term 2 for conf: {index: 1, cur=peers:[s3|localhost:15152, s4|localhost:15156, s0|localhost:15140, s1|localhost:15144, s2|localhost:15148]|listeners:[], old=null}
2024-10-11 15:03:41,387 [NettyRpcService-workerGroup--thread3] INFO  server.RaftServer$Division (RaftServerImpl.java:requestVote(1443)) - s3@group-F860CA578C61: receive requestVote(PRE_VOTE, s4, group-F860CA578C61, 2, (t:2, i:2))
2024-10-11 15:03:41,387 [NettyRpcService-workerGroup--thread3] INFO  impl.VoteContext (VoteContext.java:log(49)) - s3@group-F860CA578C61-CANDIDATE: accept PRE_VOTE from s4: our priority 0 <= candidate's priority 0
2024-10-11 15:03:41,387 [NettyRpcService-workerGroup--thread3] INFO  server.RaftServer$Division (RaftServerImpl.java:requestVote(1476)) - s3@group-F860CA578C61 replies to PRE_VOTE vote request: s4<-s3#0:OK-t2. Peer's state: s3@group-F860CA578C61:t2, leader=null, voted=s0, raftlog=Memoized:s3@group-F860CA578C61-SegmentedRaftLog:OPENED:c2:last(t:2, i:2), conf=conf: {index: 1, cur=peers:[s3|localhost:15152, s4|localhost:15156, s0|localhost:15140, s1|localhost:15144, s2|localhost:15148]|listeners:[], old=null}
2024-10-11 15:03:41,387 [s4@group-F860CA578C61-LeaderElection19] INFO  impl.LeaderElection (LogUtils.java:infoOrTrace(136)) - s4@group-F860CA578C61-LeaderElection19 got exception when requesting votes: java.util.concurrent.ExecutionException: org.apache.ratis.thirdparty.io.netty.channel.AbstractChannel$AnnotatedConnectException: finishConnect(..) failed: Connection refused: localhost/127.0.0.1:15140
2024-10-11 15:03:41,387 [s4@group-F860CA578C61-LeaderElection19] INFO  impl.LeaderElection (LogUtils.java:infoOrTrace(136)) - s4@group-F860CA578C61-LeaderElection19 got exception when requesting votes: java.util.concurrent.ExecutionException: org.apache.ratis.thirdparty.io.netty.channel.AbstractChannel$AnnotatedConnectException: finishConnect(..) failed: Connection refused: localhost/127.0.0.1:15148
2024-10-11 15:03:41,461 [s3@group-F860CA578C61-LeaderElection20] INFO  impl.LeaderElection (LeaderElection.java:logAndReturn(90)) - s3@group-F860CA578C61-LeaderElection20: PRE_VOTE TIMEOUT received 1 response(s) and 2 exception(s):
2024-10-11 15:03:41,461 [s3@group-F860CA578C61-LeaderElection20] INFO  impl.LeaderElection (LeaderElection.java:logAndReturn(94)) -   Response 0: s3<-s4#0:OK-t2
2024-10-11 15:03:41,461 [s3@group-F860CA578C61-LeaderElection20] INFO  impl.LeaderElection (LogUtils.java:infoOrTrace(136)) -   Exception 1: java.util.concurrent.ExecutionException: org.apache.ratis.thirdparty.io.netty.channel.AbstractChannel$AnnotatedConnectException: finishConnect(..) failed: Connection refused: localhost/127.0.0.1:15140
2024-10-11 15:03:41,461 [s3@group-F860CA578C61-LeaderElection20] INFO  impl.LeaderElection (LogUtils.java:infoOrTrace(136)) -   Exception 2: java.util.concurrent.ExecutionException: org.apache.ratis.thirdparty.io.netty.channel.AbstractChannel$AnnotatedConnectException: finishConnect(..) failed: Connection refused: localhost/127.0.0.1:15148
2024-10-11 15:03:41,461 [s3@group-F860CA578C61-LeaderElection20] INFO  impl.LeaderElection (LeaderElection.java:askForVotes(339)) - s3@group-F860CA578C61-LeaderElection20 PRE_VOTE round 172: result TIMEOUT
2024-10-11 15:03:41,461 [s3@group-F860CA578C61-LeaderElection20] INFO  impl.LeaderElection (LeaderElection.java:askForVotes(337)) - s3@group-F860CA578C61-LeaderElection20 PRE_VOTE round 173: submit vote requests at term 2 for conf: {index: 1, cur=peers:[s3|localhost:15152, s4|localhost:15156, s0|localhost:15140, s1|localhost:15144, s2|localhost:15148]|listeners:[], old=null}
2024-10-11 15:03:41,462 [NettyRpcService-workerGroup--thread3] INFO  server.RaftServer$Division (RaftServerImpl.java:requestVote(1443)) - s4@group-F860CA578C61: receive requestVote(PRE_VOTE, s3, group-F860CA578C61, 2, (t:2, i:2))
2024-10-11 15:03:41,462 [NettyRpcService-workerGroup--thread3] INFO  impl.VoteContext (VoteContext.java:log(49)) - s4@group-F860CA578C61-CANDIDATE: accept PRE_VOTE from s3: our priority 0 <= candidate's priority 0
2024-10-11 15:03:41,462 [s3@group-F860CA578C61-LeaderElection20] INFO  impl.LeaderElection (LogUtils.java:infoOrTrace(136)) - s3@group-F860CA578C61-LeaderElection20 got exception when requesting votes: java.util.concurrent.ExecutionException: org.apache.ratis.thirdparty.io.netty.channel.AbstractChannel$AnnotatedConnectException: finishConnect(..) failed: Connection refused: localhost/127.0.0.1:15140
2024-10-11 15:03:41,462 [NettyRpcService-workerGroup--thread3] INFO  server.RaftServer$Division (RaftServerImpl.java:requestVote(1476)) - s4@group-F860CA578C61 replies to PRE_VOTE vote request: s3<-s4#0:OK-t2. Peer's state: s4@group-F860CA578C61:t2, leader=null, voted=s0, raftlog=Memoized:s4@group-F860CA578C61-SegmentedRaftLog:OPENED:c2:last(t:2, i:2), conf=conf: {index: 1, cur=peers:[s3|localhost:15152, s4|localhost:15156, s0|localhost:15140, s1|localhost:15144, s2|localhost:15148]|listeners:[], old=null}
2024-10-11 15:03:41,462 [s3@group-F860CA578C61-LeaderElection20] INFO  impl.LeaderElection (LogUtils.java:infoOrTrace(136)) - s3@group-F860CA578C61-LeaderElection20 got exception when requesting votes: java.util.concurrent.ExecutionException: org.apache.ratis.thirdparty.io.netty.channel.AbstractChannel$AnnotatedConnectException: finishConnect(..) failed: Connection refused: localhost/127.0.0.1:15148
2024-10-11 15:03:41,560 [s4@group-F860CA578C61-LeaderElection19] INFO  impl.LeaderElection (LeaderElection.java:logAndReturn(90)) - s4@group-F860CA578C61-LeaderElection19: PRE_VOTE TIMEOUT received 1 response(s) and 2 exception(s):
2024-10-11 15:03:41,560 [s4@group-F860CA578C61-LeaderElection19] INFO  impl.LeaderElection (LeaderElection.java:logAndReturn(94)) -   Response 0: s4<-s3#0:OK-t2
2024-10-11 15:03:41,560 [s4@group-F860CA578C61-LeaderElection19] INFO  impl.LeaderElection (LogUtils.java:infoOrTrace(136)) -   Exception 1: java.util.concurrent.ExecutionException: org.apache.ratis.thirdparty.io.netty.channel.AbstractChannel$AnnotatedConnectException: finishConnect(..) failed: Connection refused: localhost/127.0.0.1:15140
2024-10-11 15:03:41,560 [s4@group-F860CA578C61-LeaderElection19] INFO  impl.LeaderElection (LogUtils.java:infoOrTrace(136)) -   Exception 2: java.util.concurrent.ExecutionException: org.apache.ratis.thirdparty.io.netty.channel.AbstractChannel$AnnotatedConnectException: finishConnect(..) failed: Connection refused: localhost/127.0.0.1:15148
2024-10-11 15:03:41,560 [s4@group-F860CA578C61-LeaderElection19] INFO  impl.LeaderElection (LeaderElection.java:askForVotes(339)) - s4@group-F860CA578C61-LeaderElection19 PRE_VOTE round 183: result TIMEOUT
2024-10-11 15:03:41,560 [s4@group-F860CA578C61-LeaderElection19] INFO  impl.LeaderElection (LeaderElection.java:askForVotes(337)) - s4@group-F860CA578C61-LeaderElection19 PRE_VOTE round 184: submit vote requests at term 2 for conf: {index: 1, cur=peers:[s3|localhost:15152, s4|localhost:15156, s0|localhost:15140, s1|localhost:15144, s2|localhost:15148]|listeners:[], old=null}
2024-10-11 15:03:41,561 [NettyRpcService-workerGroup--thread3] INFO  server.RaftServer$Division (RaftServerImpl.java:requestVote(1443)) - s3@group-F860CA578C61: receive requestVote(PRE_VOTE, s4, group-F860CA578C61, 2, (t:2, i:2))
2024-10-11 15:03:41,561 [s4@group-F860CA578C61-LeaderElection19] INFO  impl.LeaderElection (LogUtils.java:infoOrTrace(136)) - s4@group-F860CA578C61-LeaderElection19 got exception when requesting votes: java.util.concurrent.ExecutionException: org.apache.ratis.thirdparty.io.netty.channel.AbstractChannel$AnnotatedConnectException: finishConnect(..) failed: Connection refused: localhost/127.0.0.1:15140
2024-10-11 15:03:41,561 [NettyRpcService-workerGroup--thread3] INFO  impl.VoteContext (VoteContext.java:log(49)) - s3@group-F860CA578C61-CANDIDATE: accept PRE_VOTE from s4: our priority 0 <= candidate's priority 0
2024-10-11 15:03:41,561 [s4@group-F860CA578C61-LeaderElection19] INFO  impl.LeaderElection (LogUtils.java:infoOrTrace(136)) - s4@group-F860CA578C61-LeaderElection19 got exception when requesting votes: java.util.concurrent.ExecutionException: org.apache.ratis.thirdparty.io.netty.channel.AbstractChannel$AnnotatedConnectException: finishConnect(..) failed: Connection refused: localhost/127.0.0.1:15148
2024-10-11 15:03:41,561 [NettyRpcService-workerGroup--thread3] INFO  server.RaftServer$Division (RaftServerImpl.java:requestVote(1476)) - s3@group-F860CA578C61 replies to PRE_VOTE vote request: s4<-s3#0:OK-t2. Peer's state: s3@group-F860CA578C61:t2, leader=null, voted=s0, raftlog=Memoized:s3@group-F860CA578C61-SegmentedRaftLog:OPENED:c2:last(t:2, i:2), conf=conf: {index: 1, cur=peers:[s3|localhost:15152, s4|localhost:15156, s0|localhost:15140, s1|localhost:15144, s2|localhost:15148]|listeners:[], old=null}
2024-10-11 15:03:41,706 [s3@group-F860CA578C61-LeaderElection20] INFO  impl.LeaderElection (LeaderElection.java:logAndReturn(90)) - s3@group-F860CA578C61-LeaderElection20: PRE_VOTE TIMEOUT received 1 response(s) and 2 exception(s):
2024-10-11 15:03:41,706 [s3@group-F860CA578C61-LeaderElection20] INFO  impl.LeaderElection (LeaderElection.java:logAndReturn(94)) -   Response 0: s3<-s4#0:OK-t2
2024-10-11 15:03:41,706 [s3@group-F860CA578C61-LeaderElection20] INFO  impl.LeaderElection (LogUtils.java:infoOrTrace(136)) -   Exception 1: java.util.concurrent.ExecutionException: org.apache.ratis.thirdparty.io.netty.channel.AbstractChannel$AnnotatedConnectException: finishConnect(..) failed: Connection refused: localhost/127.0.0.1:15140
2024-10-11 15:03:41,706 [s3@group-F860CA578C61-LeaderElection20] INFO  impl.LeaderElection (LogUtils.java:infoOrTrace(136)) -   Exception 2: java.util.concurrent.ExecutionException: org.apache.ratis.thirdparty.io.netty.channel.AbstractChannel$AnnotatedConnectException: finishConnect(..) failed: Connection refused: localhost/127.0.0.1:15148
2024-10-11 15:03:41,706 [s3@group-F860CA578C61-LeaderElection20] INFO  impl.LeaderElection (LeaderElection.java:askForVotes(339)) - s3@group-F860CA578C61-LeaderElection20 PRE_VOTE round 173: result TIMEOUT
2024-10-11 15:03:41,706 [s3@group-F860CA578C61-LeaderElection20] INFO  impl.LeaderElection (LeaderElection.java:askForVotes(337)) - s3@group-F860CA578C61-LeaderElection20 PRE_VOTE round 174: submit vote requests at term 2 for conf: {index: 1, cur=peers:[s3|localhost:15152, s4|localhost:15156, s0|localhost:15140, s1|localhost:15144, s2|localhost:15148]|listeners:[], old=null}
2024-10-11 15:03:41,707 [NettyRpcService-workerGroup--thread3] INFO  server.RaftServer$Division (RaftServerImpl.java:requestVote(1443)) - s4@group-F860CA578C61: receive requestVote(PRE_VOTE, s3, group-F860CA578C61, 2, (t:2, i:2))
2024-10-11 15:03:41,707 [NettyRpcService-workerGroup--thread3] INFO  impl.VoteContext (VoteContext.java:log(49)) - s4@group-F860CA578C61-CANDIDATE: accept PRE_VOTE from s3: our priority 0 <= candidate's priority 0
2024-10-11 15:03:41,707 [s3@group-F860CA578C61-LeaderElection20] INFO  impl.LeaderElection (LogUtils.java:infoOrTrace(136)) - s3@group-F860CA578C61-LeaderElection20 got exception when requesting votes: java.util.concurrent.ExecutionException: org.apache.ratis.thirdparty.io.netty.channel.AbstractChannel$AnnotatedConnectException: finishConnect(..) failed: Connection refused: localhost/127.0.0.1:15148
2024-10-11 15:03:41,707 [NettyRpcService-workerGroup--thread3] INFO  server.RaftServer$Division (RaftServerImpl.java:requestVote(1476)) - s4@group-F860CA578C61 replies to PRE_VOTE vote request: s3<-s4#0:OK-t2. Peer's state: s4@group-F860CA578C61:t2, leader=null, voted=s0, raftlog=Memoized:s4@group-F860CA578C61-SegmentedRaftLog:OPENED:c2:last(t:2, i:2), conf=conf: {index: 1, cur=peers:[s3|localhost:15152, s4|localhost:15156, s0|localhost:15140, s1|localhost:15144, s2|localhost:15148]|listeners:[], old=null}
2024-10-11 15:03:41,707 [s3@group-F860CA578C61-LeaderElection20] INFO  impl.LeaderElection (LogUtils.java:infoOrTrace(136)) - s3@group-F860CA578C61-LeaderElection20 got exception when requesting votes: java.util.concurrent.ExecutionException: org.apache.ratis.thirdparty.io.netty.channel.AbstractChannel$AnnotatedConnectException: finishConnect(..) failed: Connection refused: localhost/127.0.0.1:15140
2024-10-11 15:03:41,725 [main] WARN  ratis.RaftTestUtil (RaftTestUtil.java:lambda$waitForLeader$3(126)) - Attempt #92 failed: java.lang.IllegalStateException: No leader yet : printing ALL groups
  s3:  RUNNING CANDIDATE s3@group-F860CA578C61:t2, leader=null, voted=s0, raftlog=Memoized:s3@group-F860CA578C61-SegmentedRaftLog:OPENED:c2:last(t:2, i:2), conf=conf: {index: 1, cur=peers:[s3|localhost:15152, s4|localhost:15156, s0|localhost:15140, s1|localhost:15144, s2|localhost:15148]|listeners:[], old=null} RUNNING
  s4:  RUNNING CANDIDATE s4@group-F860CA578C61:t2, leader=null, voted=s0, raftlog=Memoized:s4@group-F860CA578C61-SegmentedRaftLog:OPENED:c2:last(t:2, i:2), conf=conf: {index: 1, cur=peers:[s3|localhost:15152, s4|localhost:15156, s0|localhost:15140, s1|localhost:15144, s2|localhost:15148]|listeners:[], old=null} RUNNING
  s0:   CLOSED    LEADER s0@group-F860CA578C61:t2, leader=s0, voted=s0, raftlog=Memoized:s0@group-F860CA578C61-SegmentedRaftLog:CLOSED:c2, conf=conf: {index: 1, cur=peers:[s3|localhost:15152, s4|localhost:15156, s0|localhost:15140, s1|localhost:15144, s2|localhost:15148]|listeners:[], old=null} CLOSED
  s1:  RUNNING  FOLLOWER s1@group-F860CA578C61:t1, leader=null, voted=null, raftlog=Memoized:s1@group-F860CA578C61-SegmentedRaftLog:OPENED:c-1:lastnull, conf=conf: {index: -1, cur=peers:[s3|localhost:15152, s4|localhost:15156, s0|localhost:15140, s1|localhost:15144, s2|localhost:15148]|listeners:[], old=null} RUNNING
  s2:   CLOSED    LEADER s2@group-F860CA578C61:t1, leader=s2, voted=s2, raftlog=Memoized:s2@group-F860CA578C61-SegmentedRaftLog:CLOSED:c0, conf=conf: {index: 0, cur=peers:[s3|localhost:15152, s4|localhost:15156, s0|localhost:15140, s1|localhost:15144, s2|localhost:15148]|listeners:[], old=null} CLOSED
2024-10-11 15:03:41,810 [s4@group-F860CA578C61-LeaderElection19] INFO  impl.LeaderElection (LeaderElection.java:logAndReturn(90)) - s4@group-F860CA578C61-LeaderElection19: PRE_VOTE TIMEOUT received 1 response(s) and 2 exception(s):
2024-10-11 15:03:41,810 [s4@group-F860CA578C61-LeaderElection19] INFO  impl.LeaderElection (LeaderElection.java:logAndReturn(94)) -   Response 0: s4<-s3#0:OK-t2
2024-10-11 15:03:41,810 [s4@group-F860CA578C61-LeaderElection19] INFO  impl.LeaderElection (LogUtils.java:infoOrTrace(136)) -   Exception 1: java.util.concurrent.ExecutionException: org.apache.ratis.thirdparty.io.netty.channel.AbstractChannel$AnnotatedConnectException: finishConnect(..) failed: Connection refused: localhost/127.0.0.1:15140
2024-10-11 15:03:41,810 [s4@group-F860CA578C61-LeaderElection19] INFO  impl.LeaderElection (LogUtils.java:infoOrTrace(136)) -   Exception 2: java.util.concurrent.ExecutionException: org.apache.ratis.thirdparty.io.netty.channel.AbstractChannel$AnnotatedConnectException: finishConnect(..) failed: Connection refused: localhost/127.0.0.1:15148
2024-10-11 15:03:41,810 [s4@group-F860CA578C61-LeaderElection19] INFO  impl.LeaderElection (LeaderElection.java:askForVotes(339)) - s4@group-F860CA578C61-LeaderElection19 PRE_VOTE round 184: result TIMEOUT
2024-10-11 15:03:41,810 [s4@group-F860CA578C61-LeaderElection19] INFO  impl.LeaderElection (LeaderElection.java:askForVotes(337)) - s4@group-F860CA578C61-LeaderElection19 PRE_VOTE round 185: submit vote requests at term 2 for conf: {index: 1, cur=peers:[s3|localhost:15152, s4|localhost:15156, s0|localhost:15140, s1|localhost:15144, s2|localhost:15148]|listeners:[], old=null}
2024-10-11 15:03:41,811 [NettyRpcService-workerGroup--thread3] INFO  server.RaftServer$Division (RaftServerImpl.java:requestVote(1443)) - s3@group-F860CA578C61: receive requestVote(PRE_VOTE, s4, group-F860CA578C61, 2, (t:2, i:2))
2024-10-11 15:03:41,811 [NettyRpcService-workerGroup--thread3] INFO  impl.VoteContext (VoteContext.java:log(49)) - s3@group-F860CA578C61-CANDIDATE: accept PRE_VOTE from s4: our priority 0 <= candidate's priority 0
2024-10-11 15:03:41,811 [s4@group-F860CA578C61-LeaderElection19] INFO  impl.LeaderElection (LogUtils.java:infoOrTrace(136)) - s4@group-F860CA578C61-LeaderElection19 got exception when requesting votes: java.util.concurrent.ExecutionException: org.apache.ratis.thirdparty.io.netty.channel.AbstractChannel$AnnotatedConnectException: finishConnect(..) failed: Connection refused: localhost/127.0.0.1:15148
2024-10-11 15:03:41,811 [s4@group-F860CA578C61-LeaderElection19] INFO  impl.LeaderElection (LogUtils.java:infoOrTrace(136)) - s4@group-F860CA578C61-LeaderElection19 got exception when requesting votes: java.util.concurrent.ExecutionException: org.apache.ratis.thirdparty.io.netty.channel.AbstractChannel$AnnotatedConnectException: finishConnect(..) failed: Connection refused: localhost/127.0.0.1:15140
2024-10-11 15:03:41,811 [NettyRpcService-workerGroup--thread3] INFO  server.RaftServer$Division (RaftServerImpl.java:requestVote(1476)) - s3@group-F860CA578C61 replies to PRE_VOTE vote request: s4<-s3#0:OK-t2. Peer's state: s3@group-F860CA578C61:t2, leader=null, voted=s0, raftlog=Memoized:s3@group-F860CA578C61-SegmentedRaftLog:OPENED:c2:last(t:2, i:2), conf=conf: {index: 1, cur=peers:[s3|localhost:15152, s4|localhost:15156, s0|localhost:15140, s1|localhost:15144, s2|localhost:15148]|listeners:[], old=null}
2024-10-11 15:03:41,885 [s3@group-F860CA578C61-LeaderElection20] INFO  impl.LeaderElection (LeaderElection.java:logAndReturn(90)) - s3@group-F860CA578C61-LeaderElection20: PRE_VOTE TIMEOUT received 1 response(s) and 2 exception(s):
2024-10-11 15:03:41,885 [s3@group-F860CA578C61-LeaderElection20] INFO  impl.LeaderElection (LeaderElection.java:logAndReturn(94)) -   Response 0: s3<-s4#0:OK-t2
2024-10-11 15:03:41,885 [s3@group-F860CA578C61-LeaderElection20] INFO  impl.LeaderElection (LogUtils.java:infoOrTrace(136)) -   Exception 1: java.util.concurrent.ExecutionException: org.apache.ratis.thirdparty.io.netty.channel.AbstractChannel$AnnotatedConnectException: finishConnect(..) failed: Connection refused: localhost/127.0.0.1:15148
2024-10-11 15:03:41,885 [s3@group-F860CA578C61-LeaderElection20] INFO  impl.LeaderElection (LogUtils.java:infoOrTrace(136)) -   Exception 2: java.util.concurrent.ExecutionException: org.apache.ratis.thirdparty.io.netty.channel.AbstractChannel$AnnotatedConnectException: finishConnect(..) failed: Connection refused: localhost/127.0.0.1:15140
2024-10-11 15:03:41,885 [s3@group-F860CA578C61-LeaderElection20] INFO  impl.LeaderElection (LeaderElection.java:askForVotes(339)) - s3@group-F860CA578C61-LeaderElection20 PRE_VOTE round 174: result TIMEOUT
2024-10-11 15:03:41,885 [s3@group-F860CA578C61-LeaderElection20] INFO  impl.LeaderElection (LeaderElection.java:askForVotes(337)) - s3@group-F860CA578C61-LeaderElection20 PRE_VOTE round 175: submit vote requests at term 2 for conf: {index: 1, cur=peers:[s3|localhost:15152, s4|localhost:15156, s0|localhost:15140, s1|localhost:15144, s2|localhost:15148]|listeners:[], old=null}
2024-10-11 15:03:41,886 [NettyRpcService-workerGroup--thread3] INFO  server.RaftServer$Division (RaftServerImpl.java:requestVote(1443)) - s4@group-F860CA578C61: receive requestVote(PRE_VOTE, s3, group-F860CA578C61, 2, (t:2, i:2))
2024-10-11 15:03:41,886 [NettyRpcService-workerGroup--thread3] INFO  impl.VoteContext (VoteContext.java:log(49)) - s4@group-F860CA578C61-CANDIDATE: accept PRE_VOTE from s3: our priority 0 <= candidate's priority 0
2024-10-11 15:03:41,886 [s3@group-F860CA578C61-LeaderElection20] INFO  impl.LeaderElection (LogUtils.java:infoOrTrace(136)) - s3@group-F860CA578C61-LeaderElection20 got exception when requesting votes: java.util.concurrent.ExecutionException: org.apache.ratis.thirdparty.io.netty.channel.AbstractChannel$AnnotatedConnectException: finishConnect(..) failed: Connection refused: localhost/127.0.0.1:15148
2024-10-11 15:03:41,886 [NettyRpcService-workerGroup--thread3] INFO  server.RaftServer$Division (RaftServerImpl.java:requestVote(1476)) - s4@group-F860CA578C61 replies to PRE_VOTE vote request: s3<-s4#0:OK-t2. Peer's state: s4@group-F860CA578C61:t2, leader=null, voted=s0, raftlog=Memoized:s4@group-F860CA578C61-SegmentedRaftLog:OPENED:c2:last(t:2, i:2), conf=conf: {index: 1, cur=peers:[s3|localhost:15152, s4|localhost:15156, s0|localhost:15140, s1|localhost:15144, s2|localhost:15148]|listeners:[], old=null}
2024-10-11 15:03:41,886 [s3@group-F860CA578C61-LeaderElection20] INFO  impl.LeaderElection (LogUtils.java:infoOrTrace(136)) - s3@group-F860CA578C61-LeaderElection20 got exception when requesting votes: java.util.concurrent.ExecutionException: org.apache.ratis.thirdparty.io.netty.channel.AbstractChannel$AnnotatedConnectException: finishConnect(..) failed: Connection refused: localhost/127.0.0.1:15140
2024-10-11 15:03:42,037 [s4@group-F860CA578C61-LeaderElection19] INFO  impl.LeaderElection (LeaderElection.java:logAndReturn(90)) - s4@group-F860CA578C61-LeaderElection19: PRE_VOTE TIMEOUT received 1 response(s) and 2 exception(s):
2024-10-11 15:03:42,037 [s4@group-F860CA578C61-LeaderElection19] INFO  impl.LeaderElection (LeaderElection.java:logAndReturn(94)) -   Response 0: s4<-s3#0:OK-t2
2024-10-11 15:03:42,037 [s4@group-F860CA578C61-LeaderElection19] INFO  impl.LeaderElection (LogUtils.java:infoOrTrace(136)) -   Exception 1: java.util.concurrent.ExecutionException: org.apache.ratis.thirdparty.io.netty.channel.AbstractChannel$AnnotatedConnectException: finishConnect(..) failed: Connection refused: localhost/127.0.0.1:15148
2024-10-11 15:03:42,037 [s4@group-F860CA578C61-LeaderElection19] INFO  impl.LeaderElection (LogUtils.java:infoOrTrace(136)) -   Exception 2: java.util.concurrent.ExecutionException: org.apache.ratis.thirdparty.io.netty.channel.AbstractChannel$AnnotatedConnectException: finishConnect(..) failed: Connection refused: localhost/127.0.0.1:15140
2024-10-11 15:03:42,037 [s4@group-F860CA578C61-LeaderElection19] INFO  impl.LeaderElection (LeaderElection.java:askForVotes(339)) - s4@group-F860CA578C61-LeaderElection19 PRE_VOTE round 185: result TIMEOUT
2024-10-11 15:03:42,037 [s4@group-F860CA578C61-LeaderElection19] INFO  impl.LeaderElection (LeaderElection.java:askForVotes(337)) - s4@group-F860CA578C61-LeaderElection19 PRE_VOTE round 186: submit vote requests at term 2 for conf: {index: 1, cur=peers:[s3|localhost:15152, s4|localhost:15156, s0|localhost:15140, s1|localhost:15144, s2|localhost:15148]|listeners:[], old=null}
2024-10-11 15:03:42,038 [NettyRpcService-workerGroup--thread3] INFO  server.RaftServer$Division (RaftServerImpl.java:requestVote(1443)) - s3@group-F860CA578C61: receive requestVote(PRE_VOTE, s4, group-F860CA578C61, 2, (t:2, i:2))
2024-10-11 15:03:42,038 [s4@group-F860CA578C61-LeaderElection19] INFO  impl.LeaderElection (LogUtils.java:infoOrTrace(136)) - s4@group-F860CA578C61-LeaderElection19 got exception when requesting votes: java.util.concurrent.ExecutionException: org.apache.ratis.thirdparty.io.netty.channel.AbstractChannel$AnnotatedConnectException: finishConnect(..) failed: Connection refused: localhost/127.0.0.1:15140
2024-10-11 15:03:42,038 [NettyRpcService-workerGroup--thread3] INFO  impl.VoteContext (VoteContext.java:log(49)) - s3@group-F860CA578C61-CANDIDATE: accept PRE_VOTE from s4: our priority 0 <= candidate's priority 0
2024-10-11 15:03:42,038 [s4@group-F860CA578C61-LeaderElection19] INFO  impl.LeaderElection (LogUtils.java:infoOrTrace(136)) - s4@group-F860CA578C61-LeaderElection19 got exception when requesting votes: java.util.concurrent.ExecutionException: org.apache.ratis.thirdparty.io.netty.channel.AbstractChannel$AnnotatedConnectException: finishConnect(..) failed: Connection refused: localhost/127.0.0.1:15148
2024-10-11 15:03:42,038 [NettyRpcService-workerGroup--thread3] INFO  server.RaftServer$Division (RaftServerImpl.java:requestVote(1476)) - s3@group-F860CA578C61 replies to PRE_VOTE vote request: s4<-s3#0:OK-t2. Peer's state: s3@group-F860CA578C61:t2, leader=null, voted=s0, raftlog=Memoized:s3@group-F860CA578C61-SegmentedRaftLog:OPENED:c2:last(t:2, i:2), conf=conf: {index: 1, cur=peers:[s3|localhost:15152, s4|localhost:15156, s0|localhost:15140, s1|localhost:15144, s2|localhost:15148]|listeners:[], old=null}
2024-10-11 15:03:42,049 [s3@group-F860CA578C61-LeaderElection20] INFO  impl.LeaderElection (LeaderElection.java:logAndReturn(90)) - s3@group-F860CA578C61-LeaderElection20: PRE_VOTE TIMEOUT received 1 response(s) and 2 exception(s):
2024-10-11 15:03:42,049 [s3@group-F860CA578C61-LeaderElection20] INFO  impl.LeaderElection (LeaderElection.java:logAndReturn(94)) -   Response 0: s3<-s4#0:OK-t2
2024-10-11 15:03:42,049 [s3@group-F860CA578C61-LeaderElection20] INFO  impl.LeaderElection (LogUtils.java:infoOrTrace(136)) -   Exception 1: java.util.concurrent.ExecutionException: org.apache.ratis.thirdparty.io.netty.channel.AbstractChannel$AnnotatedConnectException: finishConnect(..) failed: Connection refused: localhost/127.0.0.1:15148
2024-10-11 15:03:42,049 [s3@group-F860CA578C61-LeaderElection20] INFO  impl.LeaderElection (LogUtils.java:infoOrTrace(136)) -   Exception 2: java.util.concurrent.ExecutionException: org.apache.ratis.thirdparty.io.netty.channel.AbstractChannel$AnnotatedConnectException: finishConnect(..) failed: Connection refused: localhost/127.0.0.1:15140
2024-10-11 15:03:42,049 [s3@group-F860CA578C61-LeaderElection20] INFO  impl.LeaderElection (LeaderElection.java:askForVotes(339)) - s3@group-F860CA578C61-LeaderElection20 PRE_VOTE round 175: result TIMEOUT
2024-10-11 15:03:42,049 [s3@group-F860CA578C61-LeaderElection20] INFO  impl.LeaderElection (LeaderElection.java:askForVotes(337)) - s3@group-F860CA578C61-LeaderElection20 PRE_VOTE round 176: submit vote requests at term 2 for conf: {index: 1, cur=peers:[s3|localhost:15152, s4|localhost:15156, s0|localhost:15140, s1|localhost:15144, s2|localhost:15148]|listeners:[], old=null}
2024-10-11 15:03:42,050 [NettyRpcService-workerGroup--thread3] INFO  server.RaftServer$Division (RaftServerImpl.java:requestVote(1443)) - s4@group-F860CA578C61: receive requestVote(PRE_VOTE, s3, group-F860CA578C61, 2, (t:2, i:2))
2024-10-11 15:03:42,050 [NettyRpcService-workerGroup--thread3] INFO  impl.VoteContext (VoteContext.java:log(49)) - s4@group-F860CA578C61-CANDIDATE: accept PRE_VOTE from s3: our priority 0 <= candidate's priority 0
2024-10-11 15:03:42,050 [s3@group-F860CA578C61-LeaderElection20] INFO  impl.LeaderElection (LogUtils.java:infoOrTrace(136)) - s3@group-F860CA578C61-LeaderElection20 got exception when requesting votes: java.util.concurrent.ExecutionException: org.apache.ratis.thirdparty.io.netty.channel.AbstractChannel$AnnotatedConnectException: finishConnect(..) failed: Connection refused: localhost/127.0.0.1:15140
2024-10-11 15:03:42,050 [NettyRpcService-workerGroup--thread3] INFO  server.RaftServer$Division (RaftServerImpl.java:requestVote(1476)) - s4@group-F860CA578C61 replies to PRE_VOTE vote request: s3<-s4#0:OK-t2. Peer's state: s4@group-F860CA578C61:t2, leader=null, voted=s0, raftlog=Memoized:s4@group-F860CA578C61-SegmentedRaftLog:OPENED:c2:last(t:2, i:2), conf=conf: {index: 1, cur=peers:[s3|localhost:15152, s4|localhost:15156, s0|localhost:15140, s1|localhost:15144, s2|localhost:15148]|listeners:[], old=null}
2024-10-11 15:03:42,050 [s3@group-F860CA578C61-LeaderElection20] INFO  impl.LeaderElection (LogUtils.java:infoOrTrace(136)) - s3@group-F860CA578C61-LeaderElection20 got exception when requesting votes: java.util.concurrent.ExecutionException: org.apache.ratis.thirdparty.io.netty.channel.AbstractChannel$AnnotatedConnectException: finishConnect(..) failed: Connection refused: localhost/127.0.0.1:15148
2024-10-11 15:03:42,176 [main] WARN  ratis.RaftTestUtil (RaftTestUtil.java:lambda$waitForLeader$3(126)) - Attempt #93 failed: java.lang.IllegalStateException: No leader yet : printing ALL groups
  s3:  RUNNING CANDIDATE s3@group-F860CA578C61:t2, leader=null, voted=s0, raftlog=Memoized:s3@group-F860CA578C61-SegmentedRaftLog:OPENED:c2:last(t:2, i:2), conf=conf: {index: 1, cur=peers:[s3|localhost:15152, s4|localhost:15156, s0|localhost:15140, s1|localhost:15144, s2|localhost:15148]|listeners:[], old=null} RUNNING
  s4:  RUNNING CANDIDATE s4@group-F860CA578C61:t2, leader=null, voted=s0, raftlog=Memoized:s4@group-F860CA578C61-SegmentedRaftLog:OPENED:c2:last(t:2, i:2), conf=conf: {index: 1, cur=peers:[s3|localhost:15152, s4|localhost:15156, s0|localhost:15140, s1|localhost:15144, s2|localhost:15148]|listeners:[], old=null} RUNNING
  s0:   CLOSED    LEADER s0@group-F860CA578C61:t2, leader=s0, voted=s0, raftlog=Memoized:s0@group-F860CA578C61-SegmentedRaftLog:CLOSED:c2, conf=conf: {index: 1, cur=peers:[s3|localhost:15152, s4|localhost:15156, s0|localhost:15140, s1|localhost:15144, s2|localhost:15148]|listeners:[], old=null} CLOSED
  s1:  RUNNING  FOLLOWER s1@group-F860CA578C61:t1, leader=null, voted=null, raftlog=Memoized:s1@group-F860CA578C61-SegmentedRaftLog:OPENED:c-1:lastnull, conf=conf: {index: -1, cur=peers:[s3|localhost:15152, s4|localhost:15156, s0|localhost:15140, s1|localhost:15144, s2|localhost:15148]|listeners:[], old=null} RUNNING
  s2:   CLOSED    LEADER s2@group-F860CA578C61:t1, leader=s2, voted=s2, raftlog=Memoized:s2@group-F860CA578C61-SegmentedRaftLog:CLOSED:c0, conf=conf: {index: 0, cur=peers:[s3|localhost:15152, s4|localhost:15156, s0|localhost:15140, s1|localhost:15144, s2|localhost:15148]|listeners:[], old=null} CLOSED
2024-10-11 15:03:42,260 [s4@group-F860CA578C61-LeaderElection19] INFO  impl.LeaderElection (LeaderElection.java:logAndReturn(90)) - s4@group-F860CA578C61-LeaderElection19: PRE_VOTE TIMEOUT received 1 response(s) and 2 exception(s):
2024-10-11 15:03:42,260 [s4@group-F860CA578C61-LeaderElection19] INFO  impl.LeaderElection (LeaderElection.java:logAndReturn(94)) -   Response 0: s4<-s3#0:OK-t2
2024-10-11 15:03:42,260 [s4@group-F860CA578C61-LeaderElection19] INFO  impl.LeaderElection (LogUtils.java:infoOrTrace(136)) -   Exception 1: java.util.concurrent.ExecutionException: org.apache.ratis.thirdparty.io.netty.channel.AbstractChannel$AnnotatedConnectException: finishConnect(..) failed: Connection refused: localhost/127.0.0.1:15140
2024-10-11 15:03:42,260 [s4@group-F860CA578C61-LeaderElection19] INFO  impl.LeaderElection (LogUtils.java:infoOrTrace(136)) -   Exception 2: java.util.concurrent.ExecutionException: org.apache.ratis.thirdparty.io.netty.channel.AbstractChannel$AnnotatedConnectException: finishConnect(..) failed: Connection refused: localhost/127.0.0.1:15148
2024-10-11 15:03:42,260 [s4@group-F860CA578C61-LeaderElection19] INFO  impl.LeaderElection (LeaderElection.java:askForVotes(339)) - s4@group-F860CA578C61-LeaderElection19 PRE_VOTE round 186: result TIMEOUT
2024-10-11 15:03:42,260 [s4@group-F860CA578C61-LeaderElection19] INFO  impl.LeaderElection (LeaderElection.java:askForVotes(337)) - s4@group-F860CA578C61-LeaderElection19 PRE_VOTE round 187: submit vote requests at term 2 for conf: {index: 1, cur=peers:[s3|localhost:15152, s4|localhost:15156, s0|localhost:15140, s1|localhost:15144, s2|localhost:15148]|listeners:[], old=null}
2024-10-11 15:03:42,261 [NettyRpcService-workerGroup--thread3] INFO  server.RaftServer$Division (RaftServerImpl.java:requestVote(1443)) - s3@group-F860CA578C61: receive requestVote(PRE_VOTE, s4, group-F860CA578C61, 2, (t:2, i:2))
2024-10-11 15:03:42,261 [NettyRpcService-workerGroup--thread3] INFO  impl.VoteContext (VoteContext.java:log(49)) - s3@group-F860CA578C61-CANDIDATE: accept PRE_VOTE from s4: our priority 0 <= candidate's priority 0
2024-10-11 15:03:42,261 [s4@group-F860CA578C61-LeaderElection19] INFO  impl.LeaderElection (LogUtils.java:infoOrTrace(136)) - s4@group-F860CA578C61-LeaderElection19 got exception when requesting votes: java.util.concurrent.ExecutionException: org.apache.ratis.thirdparty.io.netty.channel.AbstractChannel$AnnotatedConnectException: finishConnect(..) failed: Connection refused: localhost/127.0.0.1:15140
2024-10-11 15:03:42,261 [NettyRpcService-workerGroup--thread3] INFO  server.RaftServer$Division (RaftServerImpl.java:requestVote(1476)) - s3@group-F860CA578C61 replies to PRE_VOTE vote request: s4<-s3#0:OK-t2. Peer's state: s3@group-F860CA578C61:t2, leader=null, voted=s0, raftlog=Memoized:s3@group-F860CA578C61-SegmentedRaftLog:OPENED:c2:last(t:2, i:2), conf=conf: {index: 1, cur=peers:[s3|localhost:15152, s4|localhost:15156, s0|localhost:15140, s1|localhost:15144, s2|localhost:15148]|listeners:[], old=null}
2024-10-11 15:03:42,261 [s4@group-F860CA578C61-LeaderElection19] INFO  impl.LeaderElection (LogUtils.java:infoOrTrace(136)) - s4@group-F860CA578C61-LeaderElection19 got exception when requesting votes: java.util.concurrent.ExecutionException: org.apache.ratis.thirdparty.io.netty.channel.AbstractChannel$AnnotatedConnectException: finishConnect(..) failed: Connection refused: localhost/127.0.0.1:15148
2024-10-11 15:03:42,318 [s3@group-F860CA578C61-LeaderElection20] INFO  impl.LeaderElection (LeaderElection.java:logAndReturn(90)) - s3@group-F860CA578C61-LeaderElection20: PRE_VOTE TIMEOUT received 1 response(s) and 2 exception(s):
2024-10-11 15:03:42,318 [s3@group-F860CA578C61-LeaderElection20] INFO  impl.LeaderElection (LeaderElection.java:logAndReturn(94)) -   Response 0: s3<-s4#0:OK-t2
2024-10-11 15:03:42,318 [s3@group-F860CA578C61-LeaderElection20] INFO  impl.LeaderElection (LogUtils.java:infoOrTrace(136)) -   Exception 1: java.util.concurrent.ExecutionException: org.apache.ratis.thirdparty.io.netty.channel.AbstractChannel$AnnotatedConnectException: finishConnect(..) failed: Connection refused: localhost/127.0.0.1:15140
2024-10-11 15:03:42,318 [s3@group-F860CA578C61-LeaderElection20] INFO  impl.LeaderElection (LogUtils.java:infoOrTrace(136)) -   Exception 2: java.util.concurrent.ExecutionException: org.apache.ratis.thirdparty.io.netty.channel.AbstractChannel$AnnotatedConnectException: finishConnect(..) failed: Connection refused: localhost/127.0.0.1:15148
2024-10-11 15:03:42,318 [s3@group-F860CA578C61-LeaderElection20] INFO  impl.LeaderElection (LeaderElection.java:askForVotes(339)) - s3@group-F860CA578C61-LeaderElection20 PRE_VOTE round 176: result TIMEOUT
2024-10-11 15:03:42,318 [s3@group-F860CA578C61-LeaderElection20] INFO  impl.LeaderElection (LeaderElection.java:askForVotes(337)) - s3@group-F860CA578C61-LeaderElection20 PRE_VOTE round 177: submit vote requests at term 2 for conf: {index: 1, cur=peers:[s3|localhost:15152, s4|localhost:15156, s0|localhost:15140, s1|localhost:15144, s2|localhost:15148]|listeners:[], old=null}
2024-10-11 15:03:42,319 [NettyRpcService-workerGroup--thread3] INFO  server.RaftServer$Division (RaftServerImpl.java:requestVote(1443)) - s4@group-F860CA578C61: receive requestVote(PRE_VOTE, s3, group-F860CA578C61, 2, (t:2, i:2))
2024-10-11 15:03:42,319 [NettyRpcService-workerGroup--thread3] INFO  impl.VoteContext (VoteContext.java:log(49)) - s4@group-F860CA578C61-CANDIDATE: accept PRE_VOTE from s3: our priority 0 <= candidate's priority 0
2024-10-11 15:03:42,319 [NettyRpcService-workerGroup--thread3] INFO  server.RaftServer$Division (RaftServerImpl.java:requestVote(1476)) - s4@group-F860CA578C61 replies to PRE_VOTE vote request: s3<-s4#0:OK-t2. Peer's state: s4@group-F860CA578C61:t2, leader=null, voted=s0, raftlog=Memoized:s4@group-F860CA578C61-SegmentedRaftLog:OPENED:c2:last(t:2, i:2), conf=conf: {index: 1, cur=peers:[s3|localhost:15152, s4|localhost:15156, s0|localhost:15140, s1|localhost:15144, s2|localhost:15148]|listeners:[], old=null}
2024-10-11 15:03:42,319 [s3@group-F860CA578C61-LeaderElection20] INFO  impl.LeaderElection (LogUtils.java:infoOrTrace(136)) - s3@group-F860CA578C61-LeaderElection20 got exception when requesting votes: java.util.concurrent.ExecutionException: org.apache.ratis.thirdparty.io.netty.channel.AbstractChannel$AnnotatedConnectException: finishConnect(..) failed: Connection refused: localhost/127.0.0.1:15148
2024-10-11 15:03:42,320 [s3@group-F860CA578C61-LeaderElection20] INFO  impl.LeaderElection (LogUtils.java:infoOrTrace(136)) - s3@group-F860CA578C61-LeaderElection20 got exception when requesting votes: java.util.concurrent.ExecutionException: org.apache.ratis.thirdparty.io.netty.channel.AbstractChannel$AnnotatedConnectException: finishConnect(..) failed: Connection refused: localhost/127.0.0.1:15140
2024-10-11 15:03:42,531 [s4@group-F860CA578C61-LeaderElection19] INFO  impl.LeaderElection (LeaderElection.java:logAndReturn(90)) - s4@group-F860CA578C61-LeaderElection19: PRE_VOTE TIMEOUT received 1 response(s) and 2 exception(s):
2024-10-11 15:03:42,531 [s4@group-F860CA578C61-LeaderElection19] INFO  impl.LeaderElection (LeaderElection.java:logAndReturn(94)) -   Response 0: s4<-s3#0:OK-t2
2024-10-11 15:03:42,531 [s4@group-F860CA578C61-LeaderElection19] INFO  impl.LeaderElection (LogUtils.java:infoOrTrace(136)) -   Exception 1: java.util.concurrent.ExecutionException: org.apache.ratis.thirdparty.io.netty.channel.AbstractChannel$AnnotatedConnectException: finishConnect(..) failed: Connection refused: localhost/127.0.0.1:15140
2024-10-11 15:03:42,531 [s4@group-F860CA578C61-LeaderElection19] INFO  impl.LeaderElection (LogUtils.java:infoOrTrace(136)) -   Exception 2: java.util.concurrent.ExecutionException: org.apache.ratis.thirdparty.io.netty.channel.AbstractChannel$AnnotatedConnectException: finishConnect(..) failed: Connection refused: localhost/127.0.0.1:15148
2024-10-11 15:03:42,531 [s4@group-F860CA578C61-LeaderElection19] INFO  impl.LeaderElection (LeaderElection.java:askForVotes(339)) - s4@group-F860CA578C61-LeaderElection19 PRE_VOTE round 187: result TIMEOUT
2024-10-11 15:03:42,531 [s4@group-F860CA578C61-LeaderElection19] INFO  impl.LeaderElection (LeaderElection.java:askForVotes(337)) - s4@group-F860CA578C61-LeaderElection19 PRE_VOTE round 188: submit vote requests at term 2 for conf: {index: 1, cur=peers:[s3|localhost:15152, s4|localhost:15156, s0|localhost:15140, s1|localhost:15144, s2|localhost:15148]|listeners:[], old=null}
2024-10-11 15:03:42,532 [NettyRpcService-workerGroup--thread3] INFO  server.RaftServer$Division (RaftServerImpl.java:requestVote(1443)) - s3@group-F860CA578C61: receive requestVote(PRE_VOTE, s4, group-F860CA578C61, 2, (t:2, i:2))
2024-10-11 15:03:42,532 [NettyRpcService-workerGroup--thread3] INFO  impl.VoteContext (VoteContext.java:log(49)) - s3@group-F860CA578C61-CANDIDATE: accept PRE_VOTE from s4: our priority 0 <= candidate's priority 0
2024-10-11 15:03:42,532 [NettyRpcService-workerGroup--thread3] INFO  server.RaftServer$Division (RaftServerImpl.java:requestVote(1476)) - s3@group-F860CA578C61 replies to PRE_VOTE vote request: s4<-s3#0:OK-t2. Peer's state: s3@group-F860CA578C61:t2, leader=null, voted=s0, raftlog=Memoized:s3@group-F860CA578C61-SegmentedRaftLog:OPENED:c2:last(t:2, i:2), conf=conf: {index: 1, cur=peers:[s3|localhost:15152, s4|localhost:15156, s0|localhost:15140, s1|localhost:15144, s2|localhost:15148]|listeners:[], old=null}
2024-10-11 15:03:42,532 [s4@group-F860CA578C61-LeaderElection19] INFO  impl.LeaderElection (LogUtils.java:infoOrTrace(136)) - s4@group-F860CA578C61-LeaderElection19 got exception when requesting votes: java.util.concurrent.ExecutionException: org.apache.ratis.thirdparty.io.netty.channel.AbstractChannel$AnnotatedConnectException: finishConnect(..) failed: Connection refused: localhost/127.0.0.1:15140
2024-10-11 15:03:42,532 [s4@group-F860CA578C61-LeaderElection19] INFO  impl.LeaderElection (LogUtils.java:infoOrTrace(136)) - s4@group-F860CA578C61-LeaderElection19 got exception when requesting votes: java.util.concurrent.ExecutionException: org.apache.ratis.thirdparty.io.netty.channel.AbstractChannel$AnnotatedConnectException: finishConnect(..) failed: Connection refused: localhost/127.0.0.1:15148
2024-10-11 15:03:42,563 [s3@group-F860CA578C61-LeaderElection20] INFO  impl.LeaderElection (LeaderElection.java:logAndReturn(90)) - s3@group-F860CA578C61-LeaderElection20: PRE_VOTE TIMEOUT received 1 response(s) and 2 exception(s):
2024-10-11 15:03:42,563 [s3@group-F860CA578C61-LeaderElection20] INFO  impl.LeaderElection (LeaderElection.java:logAndReturn(94)) -   Response 0: s3<-s4#0:OK-t2
2024-10-11 15:03:42,563 [s3@group-F860CA578C61-LeaderElection20] INFO  impl.LeaderElection (LogUtils.java:infoOrTrace(136)) -   Exception 1: java.util.concurrent.ExecutionException: org.apache.ratis.thirdparty.io.netty.channel.AbstractChannel$AnnotatedConnectException: finishConnect(..) failed: Connection refused: localhost/127.0.0.1:15148
2024-10-11 15:03:42,563 [s3@group-F860CA578C61-LeaderElection20] INFO  impl.LeaderElection (LogUtils.java:infoOrTrace(136)) -   Exception 2: java.util.concurrent.ExecutionException: org.apache.ratis.thirdparty.io.netty.channel.AbstractChannel$AnnotatedConnectException: finishConnect(..) failed: Connection refused: localhost/127.0.0.1:15140
2024-10-11 15:03:42,563 [s3@group-F860CA578C61-LeaderElection20] INFO  impl.LeaderElection (LeaderElection.java:askForVotes(339)) - s3@group-F860CA578C61-LeaderElection20 PRE_VOTE round 177: result TIMEOUT
2024-10-11 15:03:42,563 [s3@group-F860CA578C61-LeaderElection20] INFO  impl.LeaderElection (LeaderElection.java:askForVotes(337)) - s3@group-F860CA578C61-LeaderElection20 PRE_VOTE round 178: submit vote requests at term 2 for conf: {index: 1, cur=peers:[s3|localhost:15152, s4|localhost:15156, s0|localhost:15140, s1|localhost:15144, s2|localhost:15148]|listeners:[], old=null}
2024-10-11 15:03:42,564 [NettyRpcService-workerGroup--thread3] INFO  server.RaftServer$Division (RaftServerImpl.java:requestVote(1443)) - s4@group-F860CA578C61: receive requestVote(PRE_VOTE, s3, group-F860CA578C61, 2, (t:2, i:2))
2024-10-11 15:03:42,564 [NettyRpcService-workerGroup--thread3] INFO  impl.VoteContext (VoteContext.java:log(49)) - s4@group-F860CA578C61-CANDIDATE: accept PRE_VOTE from s3: our priority 0 <= candidate's priority 0
2024-10-11 15:03:42,564 [NettyRpcService-workerGroup--thread3] INFO  server.RaftServer$Division (RaftServerImpl.java:requestVote(1476)) - s4@group-F860CA578C61 replies to PRE_VOTE vote request: s3<-s4#0:OK-t2. Peer's state: s4@group-F860CA578C61:t2, leader=null, voted=s0, raftlog=Memoized:s4@group-F860CA578C61-SegmentedRaftLog:OPENED:c2:last(t:2, i:2), conf=conf: {index: 1, cur=peers:[s3|localhost:15152, s4|localhost:15156, s0|localhost:15140, s1|localhost:15144, s2|localhost:15148]|listeners:[], old=null}
2024-10-11 15:03:42,564 [s3@group-F860CA578C61-LeaderElection20] INFO  impl.LeaderElection (LogUtils.java:infoOrTrace(136)) - s3@group-F860CA578C61-LeaderElection20 got exception when requesting votes: java.util.concurrent.ExecutionException: org.apache.ratis.thirdparty.io.netty.channel.AbstractChannel$AnnotatedConnectException: finishConnect(..) failed: Connection refused: localhost/127.0.0.1:15148
2024-10-11 15:03:42,564 [s3@group-F860CA578C61-LeaderElection20] INFO  impl.LeaderElection (LogUtils.java:infoOrTrace(136)) - s3@group-F860CA578C61-LeaderElection20 got exception when requesting votes: java.util.concurrent.ExecutionException: org.apache.ratis.thirdparty.io.netty.channel.AbstractChannel$AnnotatedConnectException: finishConnect(..) failed: Connection refused: localhost/127.0.0.1:15140
2024-10-11 15:03:42,626 [main] WARN  ratis.RaftTestUtil (RaftTestUtil.java:lambda$waitForLeader$3(126)) - Attempt #94 failed: java.lang.IllegalStateException: No leader yet : printing ALL groups
  s3:  RUNNING CANDIDATE s3@group-F860CA578C61:t2, leader=null, voted=s0, raftlog=Memoized:s3@group-F860CA578C61-SegmentedRaftLog:OPENED:c2:last(t:2, i:2), conf=conf: {index: 1, cur=peers:[s3|localhost:15152, s4|localhost:15156, s0|localhost:15140, s1|localhost:15144, s2|localhost:15148]|listeners:[], old=null} RUNNING
  s4:  RUNNING CANDIDATE s4@group-F860CA578C61:t2, leader=null, voted=s0, raftlog=Memoized:s4@group-F860CA578C61-SegmentedRaftLog:OPENED:c2:last(t:2, i:2), conf=conf: {index: 1, cur=peers:[s3|localhost:15152, s4|localhost:15156, s0|localhost:15140, s1|localhost:15144, s2|localhost:15148]|listeners:[], old=null} RUNNING
  s0:   CLOSED    LEADER s0@group-F860CA578C61:t2, leader=s0, voted=s0, raftlog=Memoized:s0@group-F860CA578C61-SegmentedRaftLog:CLOSED:c2, conf=conf: {index: 1, cur=peers:[s3|localhost:15152, s4|localhost:15156, s0|localhost:15140, s1|localhost:15144, s2|localhost:15148]|listeners:[], old=null} CLOSED
  s1:  RUNNING  FOLLOWER s1@group-F860CA578C61:t1, leader=null, voted=null, raftlog=Memoized:s1@group-F860CA578C61-SegmentedRaftLog:OPENED:c-1:lastnull, conf=conf: {index: -1, cur=peers:[s3|localhost:15152, s4|localhost:15156, s0|localhost:15140, s1|localhost:15144, s2|localhost:15148]|listeners:[], old=null} RUNNING
  s2:   CLOSED    LEADER s2@group-F860CA578C61:t1, leader=s2, voted=s2, raftlog=Memoized:s2@group-F860CA578C61-SegmentedRaftLog:CLOSED:c0, conf=conf: {index: 0, cur=peers:[s3|localhost:15152, s4|localhost:15156, s0|localhost:15140, s1|localhost:15144, s2|localhost:15148]|listeners:[], old=null} CLOSED
2024-10-11 15:03:42,712 [s4@group-F860CA578C61-LeaderElection19] INFO  impl.LeaderElection (LeaderElection.java:logAndReturn(90)) - s4@group-F860CA578C61-LeaderElection19: PRE_VOTE TIMEOUT received 1 response(s) and 2 exception(s):
2024-10-11 15:03:42,712 [s4@group-F860CA578C61-LeaderElection19] INFO  impl.LeaderElection (LeaderElection.java:logAndReturn(94)) -   Response 0: s4<-s3#0:OK-t2
2024-10-11 15:03:42,712 [s4@group-F860CA578C61-LeaderElection19] INFO  impl.LeaderElection (LogUtils.java:infoOrTrace(136)) -   Exception 1: java.util.concurrent.ExecutionException: org.apache.ratis.thirdparty.io.netty.channel.AbstractChannel$AnnotatedConnectException: finishConnect(..) failed: Connection refused: localhost/127.0.0.1:15140
2024-10-11 15:03:42,712 [s4@group-F860CA578C61-LeaderElection19] INFO  impl.LeaderElection (LogUtils.java:infoOrTrace(136)) -   Exception 2: java.util.concurrent.ExecutionException: org.apache.ratis.thirdparty.io.netty.channel.AbstractChannel$AnnotatedConnectException: finishConnect(..) failed: Connection refused: localhost/127.0.0.1:15148
2024-10-11 15:03:42,712 [s4@group-F860CA578C61-LeaderElection19] INFO  impl.LeaderElection (LeaderElection.java:askForVotes(339)) - s4@group-F860CA578C61-LeaderElection19 PRE_VOTE round 188: result TIMEOUT
2024-10-11 15:03:42,712 [s4@group-F860CA578C61-LeaderElection19] INFO  impl.LeaderElection (LeaderElection.java:askForVotes(337)) - s4@group-F860CA578C61-LeaderElection19 PRE_VOTE round 189: submit vote requests at term 2 for conf: {index: 1, cur=peers:[s3|localhost:15152, s4|localhost:15156, s0|localhost:15140, s1|localhost:15144, s2|localhost:15148]|listeners:[], old=null}
2024-10-11 15:03:42,713 [NettyRpcService-workerGroup--thread3] INFO  server.RaftServer$Division (RaftServerImpl.java:requestVote(1443)) - s3@group-F860CA578C61: receive requestVote(PRE_VOTE, s4, group-F860CA578C61, 2, (t:2, i:2))
2024-10-11 15:03:42,713 [NettyRpcService-workerGroup--thread3] INFO  impl.VoteContext (VoteContext.java:log(49)) - s3@group-F860CA578C61-CANDIDATE: accept PRE_VOTE from s4: our priority 0 <= candidate's priority 0
2024-10-11 15:03:42,713 [s4@group-F860CA578C61-LeaderElection19] INFO  impl.LeaderElection (LogUtils.java:infoOrTrace(136)) - s4@group-F860CA578C61-LeaderElection19 got exception when requesting votes: java.util.concurrent.ExecutionException: org.apache.ratis.thirdparty.io.netty.channel.AbstractChannel$AnnotatedConnectException: finishConnect(..) failed: Connection refused: localhost/127.0.0.1:15148
2024-10-11 15:03:42,713 [NettyRpcService-workerGroup--thread3] INFO  server.RaftServer$Division (RaftServerImpl.java:requestVote(1476)) - s3@group-F860CA578C61 replies to PRE_VOTE vote request: s4<-s3#0:OK-t2. Peer's state: s3@group-F860CA578C61:t2, leader=null, voted=s0, raftlog=Memoized:s3@group-F860CA578C61-SegmentedRaftLog:OPENED:c2:last(t:2, i:2), conf=conf: {index: 1, cur=peers:[s3|localhost:15152, s4|localhost:15156, s0|localhost:15140, s1|localhost:15144, s2|localhost:15148]|listeners:[], old=null}
2024-10-11 15:03:42,713 [s4@group-F860CA578C61-LeaderElection19] INFO  impl.LeaderElection (LogUtils.java:infoOrTrace(136)) - s4@group-F860CA578C61-LeaderElection19 got exception when requesting votes: java.util.concurrent.ExecutionException: org.apache.ratis.thirdparty.io.netty.channel.AbstractChannel$AnnotatedConnectException: finishConnect(..) failed: Connection refused: localhost/127.0.0.1:15140
2024-10-11 15:03:42,798 [s3@group-F860CA578C61-LeaderElection20] INFO  impl.LeaderElection (LeaderElection.java:logAndReturn(90)) - s3@group-F860CA578C61-LeaderElection20: PRE_VOTE TIMEOUT received 1 response(s) and 2 exception(s):
2024-10-11 15:03:42,798 [s3@group-F860CA578C61-LeaderElection20] INFO  impl.LeaderElection (LeaderElection.java:logAndReturn(94)) -   Response 0: s3<-s4#0:OK-t2
2024-10-11 15:03:42,798 [s3@group-F860CA578C61-LeaderElection20] INFO  impl.LeaderElection (LogUtils.java:infoOrTrace(136)) -   Exception 1: java.util.concurrent.ExecutionException: org.apache.ratis.thirdparty.io.netty.channel.AbstractChannel$AnnotatedConnectException: finishConnect(..) failed: Connection refused: localhost/127.0.0.1:15148
2024-10-11 15:03:42,798 [s3@group-F860CA578C61-LeaderElection20] INFO  impl.LeaderElection (LogUtils.java:infoOrTrace(136)) -   Exception 2: java.util.concurrent.ExecutionException: org.apache.ratis.thirdparty.io.netty.channel.AbstractChannel$AnnotatedConnectException: finishConnect(..) failed: Connection refused: localhost/127.0.0.1:15140
2024-10-11 15:03:42,798 [s3@group-F860CA578C61-LeaderElection20] INFO  impl.LeaderElection (LeaderElection.java:askForVotes(339)) - s3@group-F860CA578C61-LeaderElection20 PRE_VOTE round 178: result TIMEOUT
2024-10-11 15:03:42,798 [s3@group-F860CA578C61-LeaderElection20] INFO  impl.LeaderElection (LeaderElection.java:askForVotes(337)) - s3@group-F860CA578C61-LeaderElection20 PRE_VOTE round 179: submit vote requests at term 2 for conf: {index: 1, cur=peers:[s3|localhost:15152, s4|localhost:15156, s0|localhost:15140, s1|localhost:15144, s2|localhost:15148]|listeners:[], old=null}
2024-10-11 15:03:42,798 [NettyRpcService-workerGroup--thread3] INFO  server.RaftServer$Division (RaftServerImpl.java:requestVote(1443)) - s4@group-F860CA578C61: receive requestVote(PRE_VOTE, s3, group-F860CA578C61, 2, (t:2, i:2))
2024-10-11 15:03:42,799 [NettyRpcService-workerGroup--thread3] INFO  impl.VoteContext (VoteContext.java:log(49)) - s4@group-F860CA578C61-CANDIDATE: accept PRE_VOTE from s3: our priority 0 <= candidate's priority 0
2024-10-11 15:03:42,799 [s3@group-F860CA578C61-LeaderElection20] INFO  impl.LeaderElection (LogUtils.java:infoOrTrace(136)) - s3@group-F860CA578C61-LeaderElection20 got exception when requesting votes: java.util.concurrent.ExecutionException: org.apache.ratis.thirdparty.io.netty.channel.AbstractChannel$AnnotatedConnectException: finishConnect(..) failed: Connection refused: localhost/127.0.0.1:15140
2024-10-11 15:03:42,799 [NettyRpcService-workerGroup--thread3] INFO  server.RaftServer$Division (RaftServerImpl.java:requestVote(1476)) - s4@group-F860CA578C61 replies to PRE_VOTE vote request: s3<-s4#0:OK-t2. Peer's state: s4@group-F860CA578C61:t2, leader=null, voted=s0, raftlog=Memoized:s4@group-F860CA578C61-SegmentedRaftLog:OPENED:c2:last(t:2, i:2), conf=conf: {index: 1, cur=peers:[s3|localhost:15152, s4|localhost:15156, s0|localhost:15140, s1|localhost:15144, s2|localhost:15148]|listeners:[], old=null}
2024-10-11 15:03:42,799 [s3@group-F860CA578C61-LeaderElection20] INFO  impl.LeaderElection (LogUtils.java:infoOrTrace(136)) - s3@group-F860CA578C61-LeaderElection20 got exception when requesting votes: java.util.concurrent.ExecutionException: org.apache.ratis.thirdparty.io.netty.channel.AbstractChannel$AnnotatedConnectException: finishConnect(..) failed: Connection refused: localhost/127.0.0.1:15148
2024-10-11 15:03:42,936 [s4@group-F860CA578C61-LeaderElection19] INFO  impl.LeaderElection (LeaderElection.java:logAndReturn(90)) - s4@group-F860CA578C61-LeaderElection19: PRE_VOTE TIMEOUT received 1 response(s) and 2 exception(s):
2024-10-11 15:03:42,936 [s4@group-F860CA578C61-LeaderElection19] INFO  impl.LeaderElection (LeaderElection.java:logAndReturn(94)) -   Response 0: s4<-s3#0:OK-t2
2024-10-11 15:03:42,936 [s4@group-F860CA578C61-LeaderElection19] INFO  impl.LeaderElection (LogUtils.java:infoOrTrace(136)) -   Exception 1: java.util.concurrent.ExecutionException: org.apache.ratis.thirdparty.io.netty.channel.AbstractChannel$AnnotatedConnectException: finishConnect(..) failed: Connection refused: localhost/127.0.0.1:15148
2024-10-11 15:03:42,936 [s4@group-F860CA578C61-LeaderElection19] INFO  impl.LeaderElection (LogUtils.java:infoOrTrace(136)) -   Exception 2: java.util.concurrent.ExecutionException: org.apache.ratis.thirdparty.io.netty.channel.AbstractChannel$AnnotatedConnectException: finishConnect(..) failed: Connection refused: localhost/127.0.0.1:15140
2024-10-11 15:03:42,936 [s4@group-F860CA578C61-LeaderElection19] INFO  impl.LeaderElection (LeaderElection.java:askForVotes(339)) - s4@group-F860CA578C61-LeaderElection19 PRE_VOTE round 189: result TIMEOUT
2024-10-11 15:03:42,936 [s4@group-F860CA578C61-LeaderElection19] INFO  impl.LeaderElection (LeaderElection.java:askForVotes(337)) - s4@group-F860CA578C61-LeaderElection19 PRE_VOTE round 190: submit vote requests at term 2 for conf: {index: 1, cur=peers:[s3|localhost:15152, s4|localhost:15156, s0|localhost:15140, s1|localhost:15144, s2|localhost:15148]|listeners:[], old=null}
2024-10-11 15:03:42,937 [NettyRpcService-workerGroup--thread3] INFO  server.RaftServer$Division (RaftServerImpl.java:requestVote(1443)) - s3@group-F860CA578C61: receive requestVote(PRE_VOTE, s4, group-F860CA578C61, 2, (t:2, i:2))
2024-10-11 15:03:42,937 [NettyRpcService-workerGroup--thread3] INFO  impl.VoteContext (VoteContext.java:log(49)) - s3@group-F860CA578C61-CANDIDATE: accept PRE_VOTE from s4: our priority 0 <= candidate's priority 0
2024-10-11 15:03:42,937 [NettyRpcService-workerGroup--thread3] INFO  server.RaftServer$Division (RaftServerImpl.java:requestVote(1476)) - s3@group-F860CA578C61 replies to PRE_VOTE vote request: s4<-s3#0:OK-t2. Peer's state: s3@group-F860CA578C61:t2, leader=null, voted=s0, raftlog=Memoized:s3@group-F860CA578C61-SegmentedRaftLog:OPENED:c2:last(t:2, i:2), conf=conf: {index: 1, cur=peers:[s3|localhost:15152, s4|localhost:15156, s0|localhost:15140, s1|localhost:15144, s2|localhost:15148]|listeners:[], old=null}
2024-10-11 15:03:42,937 [s4@group-F860CA578C61-LeaderElection19] INFO  impl.LeaderElection (LogUtils.java:infoOrTrace(136)) - s4@group-F860CA578C61-LeaderElection19 got exception when requesting votes: java.util.concurrent.ExecutionException: org.apache.ratis.thirdparty.io.netty.channel.AbstractChannel$AnnotatedConnectException: finishConnect(..) failed: Connection refused: localhost/127.0.0.1:15140
2024-10-11 15:03:42,937 [s4@group-F860CA578C61-LeaderElection19] INFO  impl.LeaderElection (LogUtils.java:infoOrTrace(136)) - s4@group-F860CA578C61-LeaderElection19 got exception when requesting votes: java.util.concurrent.ExecutionException: org.apache.ratis.thirdparty.io.netty.channel.AbstractChannel$AnnotatedConnectException: finishConnect(..) failed: Connection refused: localhost/127.0.0.1:15148
2024-10-11 15:03:42,989 [s3@group-F860CA578C61-LeaderElection20] INFO  impl.LeaderElection (LeaderElection.java:logAndReturn(90)) - s3@group-F860CA578C61-LeaderElection20: PRE_VOTE TIMEOUT received 1 response(s) and 2 exception(s):
2024-10-11 15:03:42,990 [s3@group-F860CA578C61-LeaderElection20] INFO  impl.LeaderElection (LeaderElection.java:logAndReturn(94)) -   Response 0: s3<-s4#0:OK-t2
2024-10-11 15:03:42,990 [s3@group-F860CA578C61-LeaderElection20] INFO  impl.LeaderElection (LogUtils.java:infoOrTrace(136)) -   Exception 1: java.util.concurrent.ExecutionException: org.apache.ratis.thirdparty.io.netty.channel.AbstractChannel$AnnotatedConnectException: finishConnect(..) failed: Connection refused: localhost/127.0.0.1:15140
2024-10-11 15:03:42,990 [s3@group-F860CA578C61-LeaderElection20] INFO  impl.LeaderElection (LogUtils.java:infoOrTrace(136)) -   Exception 2: java.util.concurrent.ExecutionException: org.apache.ratis.thirdparty.io.netty.channel.AbstractChannel$AnnotatedConnectException: finishConnect(..) failed: Connection refused: localhost/127.0.0.1:15148
2024-10-11 15:03:42,990 [s3@group-F860CA578C61-LeaderElection20] INFO  impl.LeaderElection (LeaderElection.java:askForVotes(339)) - s3@group-F860CA578C61-LeaderElection20 PRE_VOTE round 179: result TIMEOUT
2024-10-11 15:03:42,990 [s3@group-F860CA578C61-LeaderElection20] INFO  impl.LeaderElection (LeaderElection.java:askForVotes(337)) - s3@group-F860CA578C61-LeaderElection20 PRE_VOTE round 180: submit vote requests at term 2 for conf: {index: 1, cur=peers:[s3|localhost:15152, s4|localhost:15156, s0|localhost:15140, s1|localhost:15144, s2|localhost:15148]|listeners:[], old=null}
2024-10-11 15:03:42,990 [NettyRpcService-workerGroup--thread3] INFO  server.RaftServer$Division (RaftServerImpl.java:requestVote(1443)) - s4@group-F860CA578C61: receive requestVote(PRE_VOTE, s3, group-F860CA578C61, 2, (t:2, i:2))
2024-10-11 15:03:42,990 [NettyRpcService-workerGroup--thread3] INFO  impl.VoteContext (VoteContext.java:log(49)) - s4@group-F860CA578C61-CANDIDATE: accept PRE_VOTE from s3: our priority 0 <= candidate's priority 0
2024-10-11 15:03:42,990 [s3@group-F860CA578C61-LeaderElection20] INFO  impl.LeaderElection (LogUtils.java:infoOrTrace(136)) - s3@group-F860CA578C61-LeaderElection20 got exception when requesting votes: java.util.concurrent.ExecutionException: org.apache.ratis.thirdparty.io.netty.channel.AbstractChannel$AnnotatedConnectException: finishConnect(..) failed: Connection refused: localhost/127.0.0.1:15140
2024-10-11 15:03:42,991 [NettyRpcService-workerGroup--thread3] INFO  server.RaftServer$Division (RaftServerImpl.java:requestVote(1476)) - s4@group-F860CA578C61 replies to PRE_VOTE vote request: s3<-s4#0:OK-t2. Peer's state: s4@group-F860CA578C61:t2, leader=null, voted=s0, raftlog=Memoized:s4@group-F860CA578C61-SegmentedRaftLog:OPENED:c2:last(t:2, i:2), conf=conf: {index: 1, cur=peers:[s3|localhost:15152, s4|localhost:15156, s0|localhost:15140, s1|localhost:15144, s2|localhost:15148]|listeners:[], old=null}
2024-10-11 15:03:42,991 [s3@group-F860CA578C61-LeaderElection20] INFO  impl.LeaderElection (LogUtils.java:infoOrTrace(136)) - s3@group-F860CA578C61-LeaderElection20 got exception when requesting votes: java.util.concurrent.ExecutionException: org.apache.ratis.thirdparty.io.netty.channel.AbstractChannel$AnnotatedConnectException: finishConnect(..) failed: Connection refused: localhost/127.0.0.1:15148
2024-10-11 15:03:43,077 [main] WARN  ratis.RaftTestUtil (RaftTestUtil.java:lambda$waitForLeader$3(126)) - Attempt #95 failed: java.lang.IllegalStateException: No leader yet : printing ALL groups
  s3:  RUNNING CANDIDATE s3@group-F860CA578C61:t2, leader=null, voted=s0, raftlog=Memoized:s3@group-F860CA578C61-SegmentedRaftLog:OPENED:c2:last(t:2, i:2), conf=conf: {index: 1, cur=peers:[s3|localhost:15152, s4|localhost:15156, s0|localhost:15140, s1|localhost:15144, s2|localhost:15148]|listeners:[], old=null} RUNNING
  s4:  RUNNING CANDIDATE s4@group-F860CA578C61:t2, leader=null, voted=s0, raftlog=Memoized:s4@group-F860CA578C61-SegmentedRaftLog:OPENED:c2:last(t:2, i:2), conf=conf: {index: 1, cur=peers:[s3|localhost:15152, s4|localhost:15156, s0|localhost:15140, s1|localhost:15144, s2|localhost:15148]|listeners:[], old=null} RUNNING
  s0:   CLOSED    LEADER s0@group-F860CA578C61:t2, leader=s0, voted=s0, raftlog=Memoized:s0@group-F860CA578C61-SegmentedRaftLog:CLOSED:c2, conf=conf: {index: 1, cur=peers:[s3|localhost:15152, s4|localhost:15156, s0|localhost:15140, s1|localhost:15144, s2|localhost:15148]|listeners:[], old=null} CLOSED
  s1:  RUNNING  FOLLOWER s1@group-F860CA578C61:t1, leader=null, voted=null, raftlog=Memoized:s1@group-F860CA578C61-SegmentedRaftLog:OPENED:c-1:lastnull, conf=conf: {index: -1, cur=peers:[s3|localhost:15152, s4|localhost:15156, s0|localhost:15140, s1|localhost:15144, s2|localhost:15148]|listeners:[], old=null} RUNNING
  s2:   CLOSED    LEADER s2@group-F860CA578C61:t1, leader=s2, voted=s2, raftlog=Memoized:s2@group-F860CA578C61-SegmentedRaftLog:CLOSED:c0, conf=conf: {index: 0, cur=peers:[s3|localhost:15152, s4|localhost:15156, s0|localhost:15140, s1|localhost:15144, s2|localhost:15148]|listeners:[], old=null} CLOSED
2024-10-11 15:03:43,161 [s4@group-F860CA578C61-LeaderElection19] INFO  impl.LeaderElection (LeaderElection.java:logAndReturn(90)) - s4@group-F860CA578C61-LeaderElection19: PRE_VOTE TIMEOUT received 1 response(s) and 2 exception(s):
2024-10-11 15:03:43,161 [s4@group-F860CA578C61-LeaderElection19] INFO  impl.LeaderElection (LeaderElection.java:logAndReturn(94)) -   Response 0: s4<-s3#0:OK-t2
2024-10-11 15:03:43,161 [s4@group-F860CA578C61-LeaderElection19] INFO  impl.LeaderElection (LogUtils.java:infoOrTrace(136)) -   Exception 1: java.util.concurrent.ExecutionException: org.apache.ratis.thirdparty.io.netty.channel.AbstractChannel$AnnotatedConnectException: finishConnect(..) failed: Connection refused: localhost/127.0.0.1:15140
2024-10-11 15:03:43,161 [s4@group-F860CA578C61-LeaderElection19] INFO  impl.LeaderElection (LogUtils.java:infoOrTrace(136)) -   Exception 2: java.util.concurrent.ExecutionException: org.apache.ratis.thirdparty.io.netty.channel.AbstractChannel$AnnotatedConnectException: finishConnect(..) failed: Connection refused: localhost/127.0.0.1:15148
2024-10-11 15:03:43,161 [s4@group-F860CA578C61-LeaderElection19] INFO  impl.LeaderElection (LeaderElection.java:askForVotes(339)) - s4@group-F860CA578C61-LeaderElection19 PRE_VOTE round 190: result TIMEOUT
2024-10-11 15:03:43,161 [s4@group-F860CA578C61-LeaderElection19] INFO  impl.LeaderElection (LeaderElection.java:askForVotes(337)) - s4@group-F860CA578C61-LeaderElection19 PRE_VOTE round 191: submit vote requests at term 2 for conf: {index: 1, cur=peers:[s3|localhost:15152, s4|localhost:15156, s0|localhost:15140, s1|localhost:15144, s2|localhost:15148]|listeners:[], old=null}
2024-10-11 15:03:43,162 [NettyRpcService-workerGroup--thread3] INFO  server.RaftServer$Division (RaftServerImpl.java:requestVote(1443)) - s3@group-F860CA578C61: receive requestVote(PRE_VOTE, s4, group-F860CA578C61, 2, (t:2, i:2))
2024-10-11 15:03:43,162 [NettyRpcService-workerGroup--thread3] INFO  impl.VoteContext (VoteContext.java:log(49)) - s3@group-F860CA578C61-CANDIDATE: accept PRE_VOTE from s4: our priority 0 <= candidate's priority 0
2024-10-11 15:03:43,162 [s4@group-F860CA578C61-LeaderElection19] INFO  impl.LeaderElection (LogUtils.java:infoOrTrace(136)) - s4@group-F860CA578C61-LeaderElection19 got exception when requesting votes: java.util.concurrent.ExecutionException: org.apache.ratis.thirdparty.io.netty.channel.AbstractChannel$AnnotatedConnectException: finishConnect(..) failed: Connection refused: localhost/127.0.0.1:15140
2024-10-11 15:03:43,162 [NettyRpcService-workerGroup--thread3] INFO  server.RaftServer$Division (RaftServerImpl.java:requestVote(1476)) - s3@group-F860CA578C61 replies to PRE_VOTE vote request: s4<-s3#0:OK-t2. Peer's state: s3@group-F860CA578C61:t2, leader=null, voted=s0, raftlog=Memoized:s3@group-F860CA578C61-SegmentedRaftLog:OPENED:c2:last(t:2, i:2), conf=conf: {index: 1, cur=peers:[s3|localhost:15152, s4|localhost:15156, s0|localhost:15140, s1|localhost:15144, s2|localhost:15148]|listeners:[], old=null}
2024-10-11 15:03:43,162 [s4@group-F860CA578C61-LeaderElection19] INFO  impl.LeaderElection (LogUtils.java:infoOrTrace(136)) - s4@group-F860CA578C61-LeaderElection19 got exception when requesting votes: java.util.concurrent.ExecutionException: org.apache.ratis.thirdparty.io.netty.channel.AbstractChannel$AnnotatedConnectException: finishConnect(..) failed: Connection refused: localhost/127.0.0.1:15148
2024-10-11 15:03:43,182 [s3@group-F860CA578C61-LeaderElection20] INFO  impl.LeaderElection (LeaderElection.java:logAndReturn(90)) - s3@group-F860CA578C61-LeaderElection20: PRE_VOTE TIMEOUT received 1 response(s) and 2 exception(s):
2024-10-11 15:03:43,182 [s3@group-F860CA578C61-LeaderElection20] INFO  impl.LeaderElection (LeaderElection.java:logAndReturn(94)) -   Response 0: s3<-s4#0:OK-t2
2024-10-11 15:03:43,182 [s3@group-F860CA578C61-LeaderElection20] INFO  impl.LeaderElection (LogUtils.java:infoOrTrace(136)) -   Exception 1: java.util.concurrent.ExecutionException: org.apache.ratis.thirdparty.io.netty.channel.AbstractChannel$AnnotatedConnectException: finishConnect(..) failed: Connection refused: localhost/127.0.0.1:15140
2024-10-11 15:03:43,182 [s3@group-F860CA578C61-LeaderElection20] INFO  impl.LeaderElection (LogUtils.java:infoOrTrace(136)) -   Exception 2: java.util.concurrent.ExecutionException: org.apache.ratis.thirdparty.io.netty.channel.AbstractChannel$AnnotatedConnectException: finishConnect(..) failed: Connection refused: localhost/127.0.0.1:15148
2024-10-11 15:03:43,183 [s3@group-F860CA578C61-LeaderElection20] INFO  impl.LeaderElection (LeaderElection.java:askForVotes(339)) - s3@group-F860CA578C61-LeaderElection20 PRE_VOTE round 180: result TIMEOUT
2024-10-11 15:03:43,183 [s3@group-F860CA578C61-LeaderElection20] INFO  impl.LeaderElection (LeaderElection.java:askForVotes(337)) - s3@group-F860CA578C61-LeaderElection20 PRE_VOTE round 181: submit vote requests at term 2 for conf: {index: 1, cur=peers:[s3|localhost:15152, s4|localhost:15156, s0|localhost:15140, s1|localhost:15144, s2|localhost:15148]|listeners:[], old=null}
2024-10-11 15:03:43,183 [NettyRpcService-workerGroup--thread3] INFO  server.RaftServer$Division (RaftServerImpl.java:requestVote(1443)) - s4@group-F860CA578C61: receive requestVote(PRE_VOTE, s3, group-F860CA578C61, 2, (t:2, i:2))
2024-10-11 15:03:43,183 [NettyRpcService-workerGroup--thread3] INFO  impl.VoteContext (VoteContext.java:log(49)) - s4@group-F860CA578C61-CANDIDATE: accept PRE_VOTE from s3: our priority 0 <= candidate's priority 0
2024-10-11 15:03:43,183 [NettyRpcService-workerGroup--thread3] INFO  server.RaftServer$Division (RaftServerImpl.java:requestVote(1476)) - s4@group-F860CA578C61 replies to PRE_VOTE vote request: s3<-s4#0:OK-t2. Peer's state: s4@group-F860CA578C61:t2, leader=null, voted=s0, raftlog=Memoized:s4@group-F860CA578C61-SegmentedRaftLog:OPENED:c2:last(t:2, i:2), conf=conf: {index: 1, cur=peers:[s3|localhost:15152, s4|localhost:15156, s0|localhost:15140, s1|localhost:15144, s2|localhost:15148]|listeners:[], old=null}
2024-10-11 15:03:43,183 [s3@group-F860CA578C61-LeaderElection20] INFO  impl.LeaderElection (LogUtils.java:infoOrTrace(136)) - s3@group-F860CA578C61-LeaderElection20 got exception when requesting votes: java.util.concurrent.ExecutionException: org.apache.ratis.thirdparty.io.netty.channel.AbstractChannel$AnnotatedConnectException: finishConnect(..) failed: Connection refused: localhost/127.0.0.1:15140
2024-10-11 15:03:43,183 [s3@group-F860CA578C61-LeaderElection20] INFO  impl.LeaderElection (LogUtils.java:infoOrTrace(136)) - s3@group-F860CA578C61-LeaderElection20 got exception when requesting votes: java.util.concurrent.ExecutionException: org.apache.ratis.thirdparty.io.netty.channel.AbstractChannel$AnnotatedConnectException: finishConnect(..) failed: Connection refused: localhost/127.0.0.1:15148
2024-10-11 15:03:43,346 [s3@group-F860CA578C61-LeaderElection20] INFO  impl.LeaderElection (LeaderElection.java:logAndReturn(90)) - s3@group-F860CA578C61-LeaderElection20: PRE_VOTE TIMEOUT received 1 response(s) and 2 exception(s):
2024-10-11 15:03:43,346 [s3@group-F860CA578C61-LeaderElection20] INFO  impl.LeaderElection (LeaderElection.java:logAndReturn(94)) -   Response 0: s3<-s4#0:OK-t2
2024-10-11 15:03:43,346 [s3@group-F860CA578C61-LeaderElection20] INFO  impl.LeaderElection (LogUtils.java:infoOrTrace(136)) -   Exception 1: java.util.concurrent.ExecutionException: org.apache.ratis.thirdparty.io.netty.channel.AbstractChannel$AnnotatedConnectException: finishConnect(..) failed: Connection refused: localhost/127.0.0.1:15140
2024-10-11 15:03:43,346 [s3@group-F860CA578C61-LeaderElection20] INFO  impl.LeaderElection (LogUtils.java:infoOrTrace(136)) -   Exception 2: java.util.concurrent.ExecutionException: org.apache.ratis.thirdparty.io.netty.channel.AbstractChannel$AnnotatedConnectException: finishConnect(..) failed: Connection refused: localhost/127.0.0.1:15148
2024-10-11 15:03:43,346 [s3@group-F860CA578C61-LeaderElection20] INFO  impl.LeaderElection (LeaderElection.java:askForVotes(339)) - s3@group-F860CA578C61-LeaderElection20 PRE_VOTE round 181: result TIMEOUT
2024-10-11 15:03:43,346 [s3@group-F860CA578C61-LeaderElection20] INFO  impl.LeaderElection (LeaderElection.java:askForVotes(337)) - s3@group-F860CA578C61-LeaderElection20 PRE_VOTE round 182: submit vote requests at term 2 for conf: {index: 1, cur=peers:[s3|localhost:15152, s4|localhost:15156, s0|localhost:15140, s1|localhost:15144, s2|localhost:15148]|listeners:[], old=null}
2024-10-11 15:03:43,347 [NettyRpcService-workerGroup--thread3] INFO  server.RaftServer$Division (RaftServerImpl.java:requestVote(1443)) - s4@group-F860CA578C61: receive requestVote(PRE_VOTE, s3, group-F860CA578C61, 2, (t:2, i:2))
2024-10-11 15:03:43,347 [NettyRpcService-workerGroup--thread3] INFO  impl.VoteContext (VoteContext.java:log(49)) - s4@group-F860CA578C61-CANDIDATE: accept PRE_VOTE from s3: our priority 0 <= candidate's priority 0
2024-10-11 15:03:43,347 [s3@group-F860CA578C61-LeaderElection20] INFO  impl.LeaderElection (LogUtils.java:infoOrTrace(136)) - s3@group-F860CA578C61-LeaderElection20 got exception when requesting votes: java.util.concurrent.ExecutionException: org.apache.ratis.thirdparty.io.netty.channel.AbstractChannel$AnnotatedConnectException: finishConnect(..) failed: Connection refused: localhost/127.0.0.1:15148
2024-10-11 15:03:43,348 [s3@group-F860CA578C61-LeaderElection20] INFO  impl.LeaderElection (LogUtils.java:infoOrTrace(136)) - s3@group-F860CA578C61-LeaderElection20 got exception when requesting votes: java.util.concurrent.ExecutionException: org.apache.ratis.thirdparty.io.netty.channel.AbstractChannel$AnnotatedConnectException: finishConnect(..) failed: Connection refused: localhost/127.0.0.1:15140
2024-10-11 15:03:43,348 [NettyRpcService-workerGroup--thread3] INFO  server.RaftServer$Division (RaftServerImpl.java:requestVote(1476)) - s4@group-F860CA578C61 replies to PRE_VOTE vote request: s3<-s4#0:OK-t2. Peer's state: s4@group-F860CA578C61:t2, leader=null, voted=s0, raftlog=Memoized:s4@group-F860CA578C61-SegmentedRaftLog:OPENED:c2:last(t:2, i:2), conf=conf: {index: 1, cur=peers:[s3|localhost:15152, s4|localhost:15156, s0|localhost:15140, s1|localhost:15144, s2|localhost:15148]|listeners:[], old=null}
2024-10-11 15:03:43,423 [s4@group-F860CA578C61-LeaderElection19] INFO  impl.LeaderElection (LeaderElection.java:logAndReturn(90)) - s4@group-F860CA578C61-LeaderElection19: PRE_VOTE TIMEOUT received 1 response(s) and 2 exception(s):
2024-10-11 15:03:43,423 [s4@group-F860CA578C61-LeaderElection19] INFO  impl.LeaderElection (LeaderElection.java:logAndReturn(94)) -   Response 0: s4<-s3#0:OK-t2
2024-10-11 15:03:43,423 [s4@group-F860CA578C61-LeaderElection19] INFO  impl.LeaderElection (LogUtils.java:infoOrTrace(136)) -   Exception 1: java.util.concurrent.ExecutionException: org.apache.ratis.thirdparty.io.netty.channel.AbstractChannel$AnnotatedConnectException: finishConnect(..) failed: Connection refused: localhost/127.0.0.1:15140
2024-10-11 15:03:43,423 [s4@group-F860CA578C61-LeaderElection19] INFO  impl.LeaderElection (LogUtils.java:infoOrTrace(136)) -   Exception 2: java.util.concurrent.ExecutionException: org.apache.ratis.thirdparty.io.netty.channel.AbstractChannel$AnnotatedConnectException: finishConnect(..) failed: Connection refused: localhost/127.0.0.1:15148
2024-10-11 15:03:43,423 [s4@group-F860CA578C61-LeaderElection19] INFO  impl.LeaderElection (LeaderElection.java:askForVotes(339)) - s4@group-F860CA578C61-LeaderElection19 PRE_VOTE round 191: result TIMEOUT
2024-10-11 15:03:43,423 [s4@group-F860CA578C61-LeaderElection19] INFO  impl.LeaderElection (LeaderElection.java:askForVotes(337)) - s4@group-F860CA578C61-LeaderElection19 PRE_VOTE round 192: submit vote requests at term 2 for conf: {index: 1, cur=peers:[s3|localhost:15152, s4|localhost:15156, s0|localhost:15140, s1|localhost:15144, s2|localhost:15148]|listeners:[], old=null}
2024-10-11 15:03:43,424 [NettyRpcService-workerGroup--thread3] INFO  server.RaftServer$Division (RaftServerImpl.java:requestVote(1443)) - s3@group-F860CA578C61: receive requestVote(PRE_VOTE, s4, group-F860CA578C61, 2, (t:2, i:2))
2024-10-11 15:03:43,424 [NettyRpcService-workerGroup--thread3] INFO  impl.VoteContext (VoteContext.java:log(49)) - s3@group-F860CA578C61-CANDIDATE: accept PRE_VOTE from s4: our priority 0 <= candidate's priority 0
2024-10-11 15:03:43,424 [s4@group-F860CA578C61-LeaderElection19] INFO  impl.LeaderElection (LogUtils.java:infoOrTrace(136)) - s4@group-F860CA578C61-LeaderElection19 got exception when requesting votes: java.util.concurrent.ExecutionException: org.apache.ratis.thirdparty.io.netty.channel.AbstractChannel$AnnotatedConnectException: finishConnect(..) failed: Connection refused: localhost/127.0.0.1:15140
2024-10-11 15:03:43,424 [s4@group-F860CA578C61-LeaderElection19] INFO  impl.LeaderElection (LogUtils.java:infoOrTrace(136)) - s4@group-F860CA578C61-LeaderElection19 got exception when requesting votes: java.util.concurrent.ExecutionException: org.apache.ratis.thirdparty.io.netty.channel.AbstractChannel$AnnotatedConnectException: finishConnect(..) failed: Connection refused: localhost/127.0.0.1:15148
2024-10-11 15:03:43,424 [NettyRpcService-workerGroup--thread3] INFO  server.RaftServer$Division (RaftServerImpl.java:requestVote(1476)) - s3@group-F860CA578C61 replies to PRE_VOTE vote request: s4<-s3#0:OK-t2. Peer's state: s3@group-F860CA578C61:t2, leader=null, voted=s0, raftlog=Memoized:s3@group-F860CA578C61-SegmentedRaftLog:OPENED:c2:last(t:2, i:2), conf=conf: {index: 1, cur=peers:[s3|localhost:15152, s4|localhost:15156, s0|localhost:15140, s1|localhost:15144, s2|localhost:15148]|listeners:[], old=null}
2024-10-11 15:03:43,527 [main] WARN  ratis.RaftTestUtil (RaftTestUtil.java:lambda$waitForLeader$3(126)) - Attempt #96 failed: java.lang.IllegalStateException: No leader yet : printing ALL groups
  s3:  RUNNING CANDIDATE s3@group-F860CA578C61:t2, leader=null, voted=s0, raftlog=Memoized:s3@group-F860CA578C61-SegmentedRaftLog:OPENED:c2:last(t:2, i:2), conf=conf: {index: 1, cur=peers:[s3|localhost:15152, s4|localhost:15156, s0|localhost:15140, s1|localhost:15144, s2|localhost:15148]|listeners:[], old=null} RUNNING
  s4:  RUNNING CANDIDATE s4@group-F860CA578C61:t2, leader=null, voted=s0, raftlog=Memoized:s4@group-F860CA578C61-SegmentedRaftLog:OPENED:c2:last(t:2, i:2), conf=conf: {index: 1, cur=peers:[s3|localhost:15152, s4|localhost:15156, s0|localhost:15140, s1|localhost:15144, s2|localhost:15148]|listeners:[], old=null} RUNNING
  s0:   CLOSED    LEADER s0@group-F860CA578C61:t2, leader=s0, voted=s0, raftlog=Memoized:s0@group-F860CA578C61-SegmentedRaftLog:CLOSED:c2, conf=conf: {index: 1, cur=peers:[s3|localhost:15152, s4|localhost:15156, s0|localhost:15140, s1|localhost:15144, s2|localhost:15148]|listeners:[], old=null} CLOSED
  s1:  RUNNING  FOLLOWER s1@group-F860CA578C61:t1, leader=null, voted=null, raftlog=Memoized:s1@group-F860CA578C61-SegmentedRaftLog:OPENED:c-1:lastnull, conf=conf: {index: -1, cur=peers:[s3|localhost:15152, s4|localhost:15156, s0|localhost:15140, s1|localhost:15144, s2|localhost:15148]|listeners:[], old=null} RUNNING
  s2:   CLOSED    LEADER s2@group-F860CA578C61:t1, leader=s2, voted=s2, raftlog=Memoized:s2@group-F860CA578C61-SegmentedRaftLog:CLOSED:c0, conf=conf: {index: 0, cur=peers:[s3|localhost:15152, s4|localhost:15156, s0|localhost:15140, s1|localhost:15144, s2|localhost:15148]|listeners:[], old=null} CLOSED
2024-10-11 15:03:43,623 [s3@group-F860CA578C61-LeaderElection20] INFO  impl.LeaderElection (LeaderElection.java:logAndReturn(90)) - s3@group-F860CA578C61-LeaderElection20: PRE_VOTE TIMEOUT received 1 response(s) and 2 exception(s):
2024-10-11 15:03:43,623 [s3@group-F860CA578C61-LeaderElection20] INFO  impl.LeaderElection (LeaderElection.java:logAndReturn(94)) -   Response 0: s3<-s4#0:OK-t2
2024-10-11 15:03:43,623 [s3@group-F860CA578C61-LeaderElection20] INFO  impl.LeaderElection (LogUtils.java:infoOrTrace(136)) -   Exception 1: java.util.concurrent.ExecutionException: org.apache.ratis.thirdparty.io.netty.channel.AbstractChannel$AnnotatedConnectException: finishConnect(..) failed: Connection refused: localhost/127.0.0.1:15148
2024-10-11 15:03:43,623 [s3@group-F860CA578C61-LeaderElection20] INFO  impl.LeaderElection (LogUtils.java:infoOrTrace(136)) -   Exception 2: java.util.concurrent.ExecutionException: org.apache.ratis.thirdparty.io.netty.channel.AbstractChannel$AnnotatedConnectException: finishConnect(..) failed: Connection refused: localhost/127.0.0.1:15140
2024-10-11 15:03:43,623 [s3@group-F860CA578C61-LeaderElection20] INFO  impl.LeaderElection (LeaderElection.java:askForVotes(339)) - s3@group-F860CA578C61-LeaderElection20 PRE_VOTE round 182: result TIMEOUT
2024-10-11 15:03:43,623 [s3@group-F860CA578C61-LeaderElection20] INFO  impl.LeaderElection (LeaderElection.java:askForVotes(337)) - s3@group-F860CA578C61-LeaderElection20 PRE_VOTE round 183: submit vote requests at term 2 for conf: {index: 1, cur=peers:[s3|localhost:15152, s4|localhost:15156, s0|localhost:15140, s1|localhost:15144, s2|localhost:15148]|listeners:[], old=null}
2024-10-11 15:03:43,624 [NettyRpcService-workerGroup--thread3] INFO  server.RaftServer$Division (RaftServerImpl.java:requestVote(1443)) - s4@group-F860CA578C61: receive requestVote(PRE_VOTE, s3, group-F860CA578C61, 2, (t:2, i:2))
2024-10-11 15:03:43,624 [NettyRpcService-workerGroup--thread3] INFO  impl.VoteContext (VoteContext.java:log(49)) - s4@group-F860CA578C61-CANDIDATE: accept PRE_VOTE from s3: our priority 0 <= candidate's priority 0
2024-10-11 15:03:43,624 [s3@group-F860CA578C61-LeaderElection20] INFO  impl.LeaderElection (LogUtils.java:infoOrTrace(136)) - s3@group-F860CA578C61-LeaderElection20 got exception when requesting votes: java.util.concurrent.ExecutionException: org.apache.ratis.thirdparty.io.netty.channel.AbstractChannel$AnnotatedConnectException: finishConnect(..) failed: Connection refused: localhost/127.0.0.1:15148
2024-10-11 15:03:43,624 [NettyRpcService-workerGroup--thread3] INFO  server.RaftServer$Division (RaftServerImpl.java:requestVote(1476)) - s4@group-F860CA578C61 replies to PRE_VOTE vote request: s3<-s4#0:OK-t2. Peer's state: s4@group-F860CA578C61:t2, leader=null, voted=s0, raftlog=Memoized:s4@group-F860CA578C61-SegmentedRaftLog:OPENED:c2:last(t:2, i:2), conf=conf: {index: 1, cur=peers:[s3|localhost:15152, s4|localhost:15156, s0|localhost:15140, s1|localhost:15144, s2|localhost:15148]|listeners:[], old=null}
2024-10-11 15:03:43,624 [s3@group-F860CA578C61-LeaderElection20] INFO  impl.LeaderElection (LogUtils.java:infoOrTrace(136)) - s3@group-F860CA578C61-LeaderElection20 got exception when requesting votes: java.util.concurrent.ExecutionException: org.apache.ratis.thirdparty.io.netty.channel.AbstractChannel$AnnotatedConnectException: finishConnect(..) failed: Connection refused: localhost/127.0.0.1:15140
2024-10-11 15:03:43,634 [s4@group-F860CA578C61-LeaderElection19] INFO  impl.LeaderElection (LeaderElection.java:logAndReturn(90)) - s4@group-F860CA578C61-LeaderElection19: PRE_VOTE TIMEOUT received 1 response(s) and 2 exception(s):
2024-10-11 15:03:43,634 [s4@group-F860CA578C61-LeaderElection19] INFO  impl.LeaderElection (LeaderElection.java:logAndReturn(94)) -   Response 0: s4<-s3#0:OK-t2
2024-10-11 15:03:43,634 [s4@group-F860CA578C61-LeaderElection19] INFO  impl.LeaderElection (LogUtils.java:infoOrTrace(136)) -   Exception 1: java.util.concurrent.ExecutionException: org.apache.ratis.thirdparty.io.netty.channel.AbstractChannel$AnnotatedConnectException: finishConnect(..) failed: Connection refused: localhost/127.0.0.1:15140
2024-10-11 15:03:43,634 [s4@group-F860CA578C61-LeaderElection19] INFO  impl.LeaderElection (LogUtils.java:infoOrTrace(136)) -   Exception 2: java.util.concurrent.ExecutionException: org.apache.ratis.thirdparty.io.netty.channel.AbstractChannel$AnnotatedConnectException: finishConnect(..) failed: Connection refused: localhost/127.0.0.1:15148
2024-10-11 15:03:43,634 [s4@group-F860CA578C61-LeaderElection19] INFO  impl.LeaderElection (LeaderElection.java:askForVotes(339)) - s4@group-F860CA578C61-LeaderElection19 PRE_VOTE round 192: result TIMEOUT
2024-10-11 15:03:43,634 [s4@group-F860CA578C61-LeaderElection19] INFO  impl.LeaderElection (LeaderElection.java:askForVotes(337)) - s4@group-F860CA578C61-LeaderElection19 PRE_VOTE round 193: submit vote requests at term 2 for conf: {index: 1, cur=peers:[s3|localhost:15152, s4|localhost:15156, s0|localhost:15140, s1|localhost:15144, s2|localhost:15148]|listeners:[], old=null}
2024-10-11 15:03:43,634 [NettyRpcService-workerGroup--thread3] INFO  server.RaftServer$Division (RaftServerImpl.java:requestVote(1443)) - s3@group-F860CA578C61: receive requestVote(PRE_VOTE, s4, group-F860CA578C61, 2, (t:2, i:2))
2024-10-11 15:03:43,635 [NettyRpcService-workerGroup--thread3] INFO  impl.VoteContext (VoteContext.java:log(49)) - s3@group-F860CA578C61-CANDIDATE: accept PRE_VOTE from s4: our priority 0 <= candidate's priority 0
2024-10-11 15:03:43,635 [NettyRpcService-workerGroup--thread3] INFO  server.RaftServer$Division (RaftServerImpl.java:requestVote(1476)) - s3@group-F860CA578C61 replies to PRE_VOTE vote request: s4<-s3#0:OK-t2. Peer's state: s3@group-F860CA578C61:t2, leader=null, voted=s0, raftlog=Memoized:s3@group-F860CA578C61-SegmentedRaftLog:OPENED:c2:last(t:2, i:2), conf=conf: {index: 1, cur=peers:[s3|localhost:15152, s4|localhost:15156, s0|localhost:15140, s1|localhost:15144, s2|localhost:15148]|listeners:[], old=null}
2024-10-11 15:03:43,635 [s4@group-F860CA578C61-LeaderElection19] INFO  impl.LeaderElection (LogUtils.java:infoOrTrace(136)) - s4@group-F860CA578C61-LeaderElection19 got exception when requesting votes: java.util.concurrent.ExecutionException: org.apache.ratis.thirdparty.io.netty.channel.AbstractChannel$AnnotatedConnectException: finishConnect(..) failed: Connection refused: localhost/127.0.0.1:15140
2024-10-11 15:03:43,635 [s4@group-F860CA578C61-LeaderElection19] INFO  impl.LeaderElection (LogUtils.java:infoOrTrace(136)) - s4@group-F860CA578C61-LeaderElection19 got exception when requesting votes: java.util.concurrent.ExecutionException: org.apache.ratis.thirdparty.io.netty.channel.AbstractChannel$AnnotatedConnectException: finishConnect(..) failed: Connection refused: localhost/127.0.0.1:15148
2024-10-11 15:03:43,828 [s4@group-F860CA578C61-LeaderElection19] INFO  impl.LeaderElection (LeaderElection.java:logAndReturn(90)) - s4@group-F860CA578C61-LeaderElection19: PRE_VOTE TIMEOUT received 1 response(s) and 2 exception(s):
2024-10-11 15:03:43,828 [s4@group-F860CA578C61-LeaderElection19] INFO  impl.LeaderElection (LeaderElection.java:logAndReturn(94)) -   Response 0: s4<-s3#0:OK-t2
2024-10-11 15:03:43,828 [s4@group-F860CA578C61-LeaderElection19] INFO  impl.LeaderElection (LogUtils.java:infoOrTrace(136)) -   Exception 1: java.util.concurrent.ExecutionException: org.apache.ratis.thirdparty.io.netty.channel.AbstractChannel$AnnotatedConnectException: finishConnect(..) failed: Connection refused: localhost/127.0.0.1:15140
2024-10-11 15:03:43,828 [s4@group-F860CA578C61-LeaderElection19] INFO  impl.LeaderElection (LogUtils.java:infoOrTrace(136)) -   Exception 2: java.util.concurrent.ExecutionException: org.apache.ratis.thirdparty.io.netty.channel.AbstractChannel$AnnotatedConnectException: finishConnect(..) failed: Connection refused: localhost/127.0.0.1:15148
2024-10-11 15:03:43,828 [s4@group-F860CA578C61-LeaderElection19] INFO  impl.LeaderElection (LeaderElection.java:askForVotes(339)) - s4@group-F860CA578C61-LeaderElection19 PRE_VOTE round 193: result TIMEOUT
2024-10-11 15:03:43,828 [s4@group-F860CA578C61-LeaderElection19] INFO  impl.LeaderElection (LeaderElection.java:askForVotes(337)) - s4@group-F860CA578C61-LeaderElection19 PRE_VOTE round 194: submit vote requests at term 2 for conf: {index: 1, cur=peers:[s3|localhost:15152, s4|localhost:15156, s0|localhost:15140, s1|localhost:15144, s2|localhost:15148]|listeners:[], old=null}
2024-10-11 15:03:43,829 [NettyRpcService-workerGroup--thread3] INFO  server.RaftServer$Division (RaftServerImpl.java:requestVote(1443)) - s3@group-F860CA578C61: receive requestVote(PRE_VOTE, s4, group-F860CA578C61, 2, (t:2, i:2))
2024-10-11 15:03:43,829 [NettyRpcService-workerGroup--thread3] INFO  impl.VoteContext (VoteContext.java:log(49)) - s3@group-F860CA578C61-CANDIDATE: accept PRE_VOTE from s4: our priority 0 <= candidate's priority 0
2024-10-11 15:03:43,829 [s4@group-F860CA578C61-LeaderElection19] INFO  impl.LeaderElection (LogUtils.java:infoOrTrace(136)) - s4@group-F860CA578C61-LeaderElection19 got exception when requesting votes: java.util.concurrent.ExecutionException: org.apache.ratis.thirdparty.io.netty.channel.AbstractChannel$AnnotatedConnectException: finishConnect(..) failed: Connection refused: localhost/127.0.0.1:15140
2024-10-11 15:03:43,829 [NettyRpcService-workerGroup--thread3] INFO  server.RaftServer$Division (RaftServerImpl.java:requestVote(1476)) - s3@group-F860CA578C61 replies to PRE_VOTE vote request: s4<-s3#0:OK-t2. Peer's state: s3@group-F860CA578C61:t2, leader=null, voted=s0, raftlog=Memoized:s3@group-F860CA578C61-SegmentedRaftLog:OPENED:c2:last(t:2, i:2), conf=conf: {index: 1, cur=peers:[s3|localhost:15152, s4|localhost:15156, s0|localhost:15140, s1|localhost:15144, s2|localhost:15148]|listeners:[], old=null}
2024-10-11 15:03:43,829 [s4@group-F860CA578C61-LeaderElection19] INFO  impl.LeaderElection (LogUtils.java:infoOrTrace(136)) - s4@group-F860CA578C61-LeaderElection19 got exception when requesting votes: java.util.concurrent.ExecutionException: org.apache.ratis.thirdparty.io.netty.channel.AbstractChannel$AnnotatedConnectException: finishConnect(..) failed: Connection refused: localhost/127.0.0.1:15148
2024-10-11 15:03:43,909 [s3@group-F860CA578C61-LeaderElection20] INFO  impl.LeaderElection (LeaderElection.java:logAndReturn(90)) - s3@group-F860CA578C61-LeaderElection20: PRE_VOTE TIMEOUT received 1 response(s) and 2 exception(s):
2024-10-11 15:03:43,909 [s3@group-F860CA578C61-LeaderElection20] INFO  impl.LeaderElection (LeaderElection.java:logAndReturn(94)) -   Response 0: s3<-s4#0:OK-t2
2024-10-11 15:03:43,909 [s3@group-F860CA578C61-LeaderElection20] INFO  impl.LeaderElection (LogUtils.java:infoOrTrace(136)) -   Exception 1: java.util.concurrent.ExecutionException: org.apache.ratis.thirdparty.io.netty.channel.AbstractChannel$AnnotatedConnectException: finishConnect(..) failed: Connection refused: localhost/127.0.0.1:15148
2024-10-11 15:03:43,909 [s3@group-F860CA578C61-LeaderElection20] INFO  impl.LeaderElection (LogUtils.java:infoOrTrace(136)) -   Exception 2: java.util.concurrent.ExecutionException: org.apache.ratis.thirdparty.io.netty.channel.AbstractChannel$AnnotatedConnectException: finishConnect(..) failed: Connection refused: localhost/127.0.0.1:15140
2024-10-11 15:03:43,909 [s3@group-F860CA578C61-LeaderElection20] INFO  impl.LeaderElection (LeaderElection.java:askForVotes(339)) - s3@group-F860CA578C61-LeaderElection20 PRE_VOTE round 183: result TIMEOUT
2024-10-11 15:03:43,909 [s3@group-F860CA578C61-LeaderElection20] INFO  impl.LeaderElection (LeaderElection.java:askForVotes(337)) - s3@group-F860CA578C61-LeaderElection20 PRE_VOTE round 184: submit vote requests at term 2 for conf: {index: 1, cur=peers:[s3|localhost:15152, s4|localhost:15156, s0|localhost:15140, s1|localhost:15144, s2|localhost:15148]|listeners:[], old=null}
2024-10-11 15:03:43,910 [NettyRpcService-workerGroup--thread3] INFO  server.RaftServer$Division (RaftServerImpl.java:requestVote(1443)) - s4@group-F860CA578C61: receive requestVote(PRE_VOTE, s3, group-F860CA578C61, 2, (t:2, i:2))
2024-10-11 15:03:43,910 [NettyRpcService-workerGroup--thread3] INFO  impl.VoteContext (VoteContext.java:log(49)) - s4@group-F860CA578C61-CANDIDATE: accept PRE_VOTE from s3: our priority 0 <= candidate's priority 0
2024-10-11 15:03:43,910 [s3@group-F860CA578C61-LeaderElection20] INFO  impl.LeaderElection (LogUtils.java:infoOrTrace(136)) - s3@group-F860CA578C61-LeaderElection20 got exception when requesting votes: java.util.concurrent.ExecutionException: org.apache.ratis.thirdparty.io.netty.channel.AbstractChannel$AnnotatedConnectException: finishConnect(..) failed: Connection refused: localhost/127.0.0.1:15140
2024-10-11 15:03:43,910 [NettyRpcService-workerGroup--thread3] INFO  server.RaftServer$Division (RaftServerImpl.java:requestVote(1476)) - s4@group-F860CA578C61 replies to PRE_VOTE vote request: s3<-s4#0:OK-t2. Peer's state: s4@group-F860CA578C61:t2, leader=null, voted=s0, raftlog=Memoized:s4@group-F860CA578C61-SegmentedRaftLog:OPENED:c2:last(t:2, i:2), conf=conf: {index: 1, cur=peers:[s3|localhost:15152, s4|localhost:15156, s0|localhost:15140, s1|localhost:15144, s2|localhost:15148]|listeners:[], old=null}
2024-10-11 15:03:43,910 [s3@group-F860CA578C61-LeaderElection20] INFO  impl.LeaderElection (LogUtils.java:infoOrTrace(136)) - s3@group-F860CA578C61-LeaderElection20 got exception when requesting votes: java.util.concurrent.ExecutionException: org.apache.ratis.thirdparty.io.netty.channel.AbstractChannel$AnnotatedConnectException: finishConnect(..) failed: Connection refused: localhost/127.0.0.1:15148
2024-10-11 15:03:43,978 [main] WARN  ratis.RaftTestUtil (RaftTestUtil.java:lambda$waitForLeader$3(126)) - Attempt #97 failed: java.lang.IllegalStateException: No leader yet : printing ALL groups
  s3:  RUNNING CANDIDATE s3@group-F860CA578C61:t2, leader=null, voted=s0, raftlog=Memoized:s3@group-F860CA578C61-SegmentedRaftLog:OPENED:c2:last(t:2, i:2), conf=conf: {index: 1, cur=peers:[s3|localhost:15152, s4|localhost:15156, s0|localhost:15140, s1|localhost:15144, s2|localhost:15148]|listeners:[], old=null} RUNNING
  s4:  RUNNING CANDIDATE s4@group-F860CA578C61:t2, leader=null, voted=s0, raftlog=Memoized:s4@group-F860CA578C61-SegmentedRaftLog:OPENED:c2:last(t:2, i:2), conf=conf: {index: 1, cur=peers:[s3|localhost:15152, s4|localhost:15156, s0|localhost:15140, s1|localhost:15144, s2|localhost:15148]|listeners:[], old=null} RUNNING
  s0:   CLOSED    LEADER s0@group-F860CA578C61:t2, leader=s0, voted=s0, raftlog=Memoized:s0@group-F860CA578C61-SegmentedRaftLog:CLOSED:c2, conf=conf: {index: 1, cur=peers:[s3|localhost:15152, s4|localhost:15156, s0|localhost:15140, s1|localhost:15144, s2|localhost:15148]|listeners:[], old=null} CLOSED
  s1:  RUNNING  FOLLOWER s1@group-F860CA578C61:t1, leader=null, voted=null, raftlog=Memoized:s1@group-F860CA578C61-SegmentedRaftLog:OPENED:c-1:lastnull, conf=conf: {index: -1, cur=peers:[s3|localhost:15152, s4|localhost:15156, s0|localhost:15140, s1|localhost:15144, s2|localhost:15148]|listeners:[], old=null} RUNNING
  s2:   CLOSED    LEADER s2@group-F860CA578C61:t1, leader=s2, voted=s2, raftlog=Memoized:s2@group-F860CA578C61-SegmentedRaftLog:CLOSED:c0, conf=conf: {index: 0, cur=peers:[s3|localhost:15152, s4|localhost:15156, s0|localhost:15140, s1|localhost:15144, s2|localhost:15148]|listeners:[], old=null} CLOSED
2024-10-11 15:03:44,070 [s4@group-F860CA578C61-LeaderElection19] INFO  impl.LeaderElection (LeaderElection.java:logAndReturn(90)) - s4@group-F860CA578C61-LeaderElection19: PRE_VOTE TIMEOUT received 1 response(s) and 2 exception(s):
2024-10-11 15:03:44,070 [s4@group-F860CA578C61-LeaderElection19] INFO  impl.LeaderElection (LeaderElection.java:logAndReturn(94)) -   Response 0: s4<-s3#0:OK-t2
2024-10-11 15:03:44,070 [s4@group-F860CA578C61-LeaderElection19] INFO  impl.LeaderElection (LogUtils.java:infoOrTrace(136)) -   Exception 1: java.util.concurrent.ExecutionException: org.apache.ratis.thirdparty.io.netty.channel.AbstractChannel$AnnotatedConnectException: finishConnect(..) failed: Connection refused: localhost/127.0.0.1:15140
2024-10-11 15:03:44,070 [s4@group-F860CA578C61-LeaderElection19] INFO  impl.LeaderElection (LogUtils.java:infoOrTrace(136)) -   Exception 2: java.util.concurrent.ExecutionException: org.apache.ratis.thirdparty.io.netty.channel.AbstractChannel$AnnotatedConnectException: finishConnect(..) failed: Connection refused: localhost/127.0.0.1:15148
2024-10-11 15:03:44,070 [s4@group-F860CA578C61-LeaderElection19] INFO  impl.LeaderElection (LeaderElection.java:askForVotes(339)) - s4@group-F860CA578C61-LeaderElection19 PRE_VOTE round 194: result TIMEOUT
2024-10-11 15:03:44,070 [s4@group-F860CA578C61-LeaderElection19] INFO  impl.LeaderElection (LeaderElection.java:askForVotes(337)) - s4@group-F860CA578C61-LeaderElection19 PRE_VOTE round 195: submit vote requests at term 2 for conf: {index: 1, cur=peers:[s3|localhost:15152, s4|localhost:15156, s0|localhost:15140, s1|localhost:15144, s2|localhost:15148]|listeners:[], old=null}
2024-10-11 15:03:44,071 [NettyRpcService-workerGroup--thread3] INFO  server.RaftServer$Division (RaftServerImpl.java:requestVote(1443)) - s3@group-F860CA578C61: receive requestVote(PRE_VOTE, s4, group-F860CA578C61, 2, (t:2, i:2))
2024-10-11 15:03:44,071 [NettyRpcService-workerGroup--thread3] INFO  impl.VoteContext (VoteContext.java:log(49)) - s3@group-F860CA578C61-CANDIDATE: accept PRE_VOTE from s4: our priority 0 <= candidate's priority 0
2024-10-11 15:03:44,071 [s4@group-F860CA578C61-LeaderElection19] INFO  impl.LeaderElection (LogUtils.java:infoOrTrace(136)) - s4@group-F860CA578C61-LeaderElection19 got exception when requesting votes: java.util.concurrent.ExecutionException: org.apache.ratis.thirdparty.io.netty.channel.AbstractChannel$AnnotatedConnectException: finishConnect(..) failed: Connection refused: localhost/127.0.0.1:15148
2024-10-11 15:03:44,071 [NettyRpcService-workerGroup--thread3] INFO  server.RaftServer$Division (RaftServerImpl.java:requestVote(1476)) - s3@group-F860CA578C61 replies to PRE_VOTE vote request: s4<-s3#0:OK-t2. Peer's state: s3@group-F860CA578C61:t2, leader=null, voted=s0, raftlog=Memoized:s3@group-F860CA578C61-SegmentedRaftLog:OPENED:c2:last(t:2, i:2), conf=conf: {index: 1, cur=peers:[s3|localhost:15152, s4|localhost:15156, s0|localhost:15140, s1|localhost:15144, s2|localhost:15148]|listeners:[], old=null}
2024-10-11 15:03:44,071 [s4@group-F860CA578C61-LeaderElection19] INFO  impl.LeaderElection (LogUtils.java:infoOrTrace(136)) - s4@group-F860CA578C61-LeaderElection19 got exception when requesting votes: java.util.concurrent.ExecutionException: org.apache.ratis.thirdparty.io.netty.channel.AbstractChannel$AnnotatedConnectException: finishConnect(..) failed: Connection refused: localhost/127.0.0.1:15140
2024-10-11 15:03:44,129 [s3@group-F860CA578C61-LeaderElection20] INFO  impl.LeaderElection (LeaderElection.java:logAndReturn(90)) - s3@group-F860CA578C61-LeaderElection20: PRE_VOTE TIMEOUT received 1 response(s) and 2 exception(s):
2024-10-11 15:03:44,129 [s3@group-F860CA578C61-LeaderElection20] INFO  impl.LeaderElection (LeaderElection.java:logAndReturn(94)) -   Response 0: s3<-s4#0:OK-t2
2024-10-11 15:03:44,129 [s3@group-F860CA578C61-LeaderElection20] INFO  impl.LeaderElection (LogUtils.java:infoOrTrace(136)) -   Exception 1: java.util.concurrent.ExecutionException: org.apache.ratis.thirdparty.io.netty.channel.AbstractChannel$AnnotatedConnectException: finishConnect(..) failed: Connection refused: localhost/127.0.0.1:15140
2024-10-11 15:03:44,129 [s3@group-F860CA578C61-LeaderElection20] INFO  impl.LeaderElection (LogUtils.java:infoOrTrace(136)) -   Exception 2: java.util.concurrent.ExecutionException: org.apache.ratis.thirdparty.io.netty.channel.AbstractChannel$AnnotatedConnectException: finishConnect(..) failed: Connection refused: localhost/127.0.0.1:15148
2024-10-11 15:03:44,129 [s3@group-F860CA578C61-LeaderElection20] INFO  impl.LeaderElection (LeaderElection.java:askForVotes(339)) - s3@group-F860CA578C61-LeaderElection20 PRE_VOTE round 184: result TIMEOUT
2024-10-11 15:03:44,129 [s3@group-F860CA578C61-LeaderElection20] INFO  impl.LeaderElection (LeaderElection.java:askForVotes(337)) - s3@group-F860CA578C61-LeaderElection20 PRE_VOTE round 185: submit vote requests at term 2 for conf: {index: 1, cur=peers:[s3|localhost:15152, s4|localhost:15156, s0|localhost:15140, s1|localhost:15144, s2|localhost:15148]|listeners:[], old=null}
2024-10-11 15:03:44,130 [NettyRpcService-workerGroup--thread3] INFO  server.RaftServer$Division (RaftServerImpl.java:requestVote(1443)) - s4@group-F860CA578C61: receive requestVote(PRE_VOTE, s3, group-F860CA578C61, 2, (t:2, i:2))
2024-10-11 15:03:44,130 [NettyRpcService-workerGroup--thread3] INFO  impl.VoteContext (VoteContext.java:log(49)) - s4@group-F860CA578C61-CANDIDATE: accept PRE_VOTE from s3: our priority 0 <= candidate's priority 0
2024-10-11 15:03:44,130 [s3@group-F860CA578C61-LeaderElection20] INFO  impl.LeaderElection (LogUtils.java:infoOrTrace(136)) - s3@group-F860CA578C61-LeaderElection20 got exception when requesting votes: java.util.concurrent.ExecutionException: org.apache.ratis.thirdparty.io.netty.channel.AbstractChannel$AnnotatedConnectException: finishConnect(..) failed: Connection refused: localhost/127.0.0.1:15140
2024-10-11 15:03:44,130 [NettyRpcService-workerGroup--thread3] INFO  server.RaftServer$Division (RaftServerImpl.java:requestVote(1476)) - s4@group-F860CA578C61 replies to PRE_VOTE vote request: s3<-s4#0:OK-t2. Peer's state: s4@group-F860CA578C61:t2, leader=null, voted=s0, raftlog=Memoized:s4@group-F860CA578C61-SegmentedRaftLog:OPENED:c2:last(t:2, i:2), conf=conf: {index: 1, cur=peers:[s3|localhost:15152, s4|localhost:15156, s0|localhost:15140, s1|localhost:15144, s2|localhost:15148]|listeners:[], old=null}
2024-10-11 15:03:44,130 [s3@group-F860CA578C61-LeaderElection20] INFO  impl.LeaderElection (LogUtils.java:infoOrTrace(136)) - s3@group-F860CA578C61-LeaderElection20 got exception when requesting votes: java.util.concurrent.ExecutionException: org.apache.ratis.thirdparty.io.netty.channel.AbstractChannel$AnnotatedConnectException: finishConnect(..) failed: Connection refused: localhost/127.0.0.1:15148
2024-10-11 15:03:44,254 [s4@group-F860CA578C61-LeaderElection19] INFO  impl.LeaderElection (LeaderElection.java:logAndReturn(90)) - s4@group-F860CA578C61-LeaderElection19: PRE_VOTE TIMEOUT received 1 response(s) and 2 exception(s):
2024-10-11 15:03:44,254 [s4@group-F860CA578C61-LeaderElection19] INFO  impl.LeaderElection (LeaderElection.java:logAndReturn(94)) -   Response 0: s4<-s3#0:OK-t2
2024-10-11 15:03:44,254 [s4@group-F860CA578C61-LeaderElection19] INFO  impl.LeaderElection (LogUtils.java:infoOrTrace(136)) -   Exception 1: java.util.concurrent.ExecutionException: org.apache.ratis.thirdparty.io.netty.channel.AbstractChannel$AnnotatedConnectException: finishConnect(..) failed: Connection refused: localhost/127.0.0.1:15148
2024-10-11 15:03:44,254 [s4@group-F860CA578C61-LeaderElection19] INFO  impl.LeaderElection (LogUtils.java:infoOrTrace(136)) -   Exception 2: java.util.concurrent.ExecutionException: org.apache.ratis.thirdparty.io.netty.channel.AbstractChannel$AnnotatedConnectException: finishConnect(..) failed: Connection refused: localhost/127.0.0.1:15140
2024-10-11 15:03:44,254 [s4@group-F860CA578C61-LeaderElection19] INFO  impl.LeaderElection (LeaderElection.java:askForVotes(339)) - s4@group-F860CA578C61-LeaderElection19 PRE_VOTE round 195: result TIMEOUT
2024-10-11 15:03:44,254 [s4@group-F860CA578C61-LeaderElection19] INFO  impl.LeaderElection (LeaderElection.java:askForVotes(337)) - s4@group-F860CA578C61-LeaderElection19 PRE_VOTE round 196: submit vote requests at term 2 for conf: {index: 1, cur=peers:[s3|localhost:15152, s4|localhost:15156, s0|localhost:15140, s1|localhost:15144, s2|localhost:15148]|listeners:[], old=null}
2024-10-11 15:03:44,255 [NettyRpcService-workerGroup--thread3] INFO  server.RaftServer$Division (RaftServerImpl.java:requestVote(1443)) - s3@group-F860CA578C61: receive requestVote(PRE_VOTE, s4, group-F860CA578C61, 2, (t:2, i:2))
2024-10-11 15:03:44,255 [NettyRpcService-workerGroup--thread3] INFO  impl.VoteContext (VoteContext.java:log(49)) - s3@group-F860CA578C61-CANDIDATE: accept PRE_VOTE from s4: our priority 0 <= candidate's priority 0
2024-10-11 15:03:44,255 [s4@group-F860CA578C61-LeaderElection19] INFO  impl.LeaderElection (LogUtils.java:infoOrTrace(136)) - s4@group-F860CA578C61-LeaderElection19 got exception when requesting votes: java.util.concurrent.ExecutionException: org.apache.ratis.thirdparty.io.netty.channel.AbstractChannel$AnnotatedConnectException: finishConnect(..) failed: Connection refused: localhost/127.0.0.1:15140
2024-10-11 15:03:44,255 [NettyRpcService-workerGroup--thread3] INFO  server.RaftServer$Division (RaftServerImpl.java:requestVote(1476)) - s3@group-F860CA578C61 replies to PRE_VOTE vote request: s4<-s3#0:OK-t2. Peer's state: s3@group-F860CA578C61:t2, leader=null, voted=s0, raftlog=Memoized:s3@group-F860CA578C61-SegmentedRaftLog:OPENED:c2:last(t:2, i:2), conf=conf: {index: 1, cur=peers:[s3|localhost:15152, s4|localhost:15156, s0|localhost:15140, s1|localhost:15144, s2|localhost:15148]|listeners:[], old=null}
2024-10-11 15:03:44,255 [s4@group-F860CA578C61-LeaderElection19] INFO  impl.LeaderElection (LogUtils.java:infoOrTrace(136)) - s4@group-F860CA578C61-LeaderElection19 got exception when requesting votes: java.util.concurrent.ExecutionException: org.apache.ratis.thirdparty.io.netty.channel.AbstractChannel$AnnotatedConnectException: finishConnect(..) failed: Connection refused: localhost/127.0.0.1:15148
2024-10-11 15:03:44,371 [s3@group-F860CA578C61-LeaderElection20] INFO  impl.LeaderElection (LeaderElection.java:logAndReturn(90)) - s3@group-F860CA578C61-LeaderElection20: PRE_VOTE TIMEOUT received 1 response(s) and 2 exception(s):
2024-10-11 15:03:44,371 [s3@group-F860CA578C61-LeaderElection20] INFO  impl.LeaderElection (LeaderElection.java:logAndReturn(94)) -   Response 0: s3<-s4#0:OK-t2
2024-10-11 15:03:44,371 [s3@group-F860CA578C61-LeaderElection20] INFO  impl.LeaderElection (LogUtils.java:infoOrTrace(136)) -   Exception 1: java.util.concurrent.ExecutionException: org.apache.ratis.thirdparty.io.netty.channel.AbstractChannel$AnnotatedConnectException: finishConnect(..) failed: Connection refused: localhost/127.0.0.1:15140
2024-10-11 15:03:44,371 [s3@group-F860CA578C61-LeaderElection20] INFO  impl.LeaderElection (LogUtils.java:infoOrTrace(136)) -   Exception 2: java.util.concurrent.ExecutionException: org.apache.ratis.thirdparty.io.netty.channel.AbstractChannel$AnnotatedConnectException: finishConnect(..) failed: Connection refused: localhost/127.0.0.1:15148
2024-10-11 15:03:44,371 [s3@group-F860CA578C61-LeaderElection20] INFO  impl.LeaderElection (LeaderElection.java:askForVotes(339)) - s3@group-F860CA578C61-LeaderElection20 PRE_VOTE round 185: result TIMEOUT
2024-10-11 15:03:44,371 [s3@group-F860CA578C61-LeaderElection20] INFO  impl.LeaderElection (LeaderElection.java:askForVotes(337)) - s3@group-F860CA578C61-LeaderElection20 PRE_VOTE round 186: submit vote requests at term 2 for conf: {index: 1, cur=peers:[s3|localhost:15152, s4|localhost:15156, s0|localhost:15140, s1|localhost:15144, s2|localhost:15148]|listeners:[], old=null}
2024-10-11 15:03:44,372 [NettyRpcService-workerGroup--thread3] INFO  server.RaftServer$Division (RaftServerImpl.java:requestVote(1443)) - s4@group-F860CA578C61: receive requestVote(PRE_VOTE, s3, group-F860CA578C61, 2, (t:2, i:2))
2024-10-11 15:03:44,372 [NettyRpcService-workerGroup--thread3] INFO  impl.VoteContext (VoteContext.java:log(49)) - s4@group-F860CA578C61-CANDIDATE: accept PRE_VOTE from s3: our priority 0 <= candidate's priority 0
2024-10-11 15:03:44,372 [NettyRpcService-workerGroup--thread3] INFO  server.RaftServer$Division (RaftServerImpl.java:requestVote(1476)) - s4@group-F860CA578C61 replies to PRE_VOTE vote request: s3<-s4#0:OK-t2. Peer's state: s4@group-F860CA578C61:t2, leader=null, voted=s0, raftlog=Memoized:s4@group-F860CA578C61-SegmentedRaftLog:OPENED:c2:last(t:2, i:2), conf=conf: {index: 1, cur=peers:[s3|localhost:15152, s4|localhost:15156, s0|localhost:15140, s1|localhost:15144, s2|localhost:15148]|listeners:[], old=null}
2024-10-11 15:03:44,372 [s3@group-F860CA578C61-LeaderElection20] INFO  impl.LeaderElection (LogUtils.java:infoOrTrace(136)) - s3@group-F860CA578C61-LeaderElection20 got exception when requesting votes: java.util.concurrent.ExecutionException: org.apache.ratis.thirdparty.io.netty.channel.AbstractChannel$AnnotatedConnectException: finishConnect(..) failed: Connection refused: localhost/127.0.0.1:15140
2024-10-11 15:03:44,372 [s3@group-F860CA578C61-LeaderElection20] INFO  impl.LeaderElection (LogUtils.java:infoOrTrace(136)) - s3@group-F860CA578C61-LeaderElection20 got exception when requesting votes: java.util.concurrent.ExecutionException: org.apache.ratis.thirdparty.io.netty.channel.AbstractChannel$AnnotatedConnectException: finishConnect(..) failed: Connection refused: localhost/127.0.0.1:15148
2024-10-11 15:03:44,409 [s4@group-F860CA578C61-LeaderElection19] INFO  impl.LeaderElection (LeaderElection.java:logAndReturn(90)) - s4@group-F860CA578C61-LeaderElection19: PRE_VOTE TIMEOUT received 1 response(s) and 2 exception(s):
2024-10-11 15:03:44,409 [s4@group-F860CA578C61-LeaderElection19] INFO  impl.LeaderElection (LeaderElection.java:logAndReturn(94)) -   Response 0: s4<-s3#0:OK-t2
2024-10-11 15:03:44,409 [s4@group-F860CA578C61-LeaderElection19] INFO  impl.LeaderElection (LogUtils.java:infoOrTrace(136)) -   Exception 1: java.util.concurrent.ExecutionException: org.apache.ratis.thirdparty.io.netty.channel.AbstractChannel$AnnotatedConnectException: finishConnect(..) failed: Connection refused: localhost/127.0.0.1:15140
2024-10-11 15:03:44,409 [s4@group-F860CA578C61-LeaderElection19] INFO  impl.LeaderElection (LogUtils.java:infoOrTrace(136)) -   Exception 2: java.util.concurrent.ExecutionException: org.apache.ratis.thirdparty.io.netty.channel.AbstractChannel$AnnotatedConnectException: finishConnect(..) failed: Connection refused: localhost/127.0.0.1:15148
2024-10-11 15:03:44,409 [s4@group-F860CA578C61-LeaderElection19] INFO  impl.LeaderElection (LeaderElection.java:askForVotes(339)) - s4@group-F860CA578C61-LeaderElection19 PRE_VOTE round 196: result TIMEOUT
2024-10-11 15:03:44,409 [s4@group-F860CA578C61-LeaderElection19] INFO  impl.LeaderElection (LeaderElection.java:askForVotes(337)) - s4@group-F860CA578C61-LeaderElection19 PRE_VOTE round 197: submit vote requests at term 2 for conf: {index: 1, cur=peers:[s3|localhost:15152, s4|localhost:15156, s0|localhost:15140, s1|localhost:15144, s2|localhost:15148]|listeners:[], old=null}
2024-10-11 15:03:44,409 [NettyRpcService-workerGroup--thread3] INFO  server.RaftServer$Division (RaftServerImpl.java:requestVote(1443)) - s3@group-F860CA578C61: receive requestVote(PRE_VOTE, s4, group-F860CA578C61, 2, (t:2, i:2))
2024-10-11 15:03:44,409 [NettyRpcService-workerGroup--thread3] INFO  impl.VoteContext (VoteContext.java:log(49)) - s3@group-F860CA578C61-CANDIDATE: accept PRE_VOTE from s4: our priority 0 <= candidate's priority 0
2024-10-11 15:03:44,410 [NettyRpcService-workerGroup--thread3] INFO  server.RaftServer$Division (RaftServerImpl.java:requestVote(1476)) - s3@group-F860CA578C61 replies to PRE_VOTE vote request: s4<-s3#0:OK-t2. Peer's state: s3@group-F860CA578C61:t2, leader=null, voted=s0, raftlog=Memoized:s3@group-F860CA578C61-SegmentedRaftLog:OPENED:c2:last(t:2, i:2), conf=conf: {index: 1, cur=peers:[s3|localhost:15152, s4|localhost:15156, s0|localhost:15140, s1|localhost:15144, s2|localhost:15148]|listeners:[], old=null}
2024-10-11 15:03:44,410 [s4@group-F860CA578C61-LeaderElection19] INFO  impl.LeaderElection (LogUtils.java:infoOrTrace(136)) - s4@group-F860CA578C61-LeaderElection19 got exception when requesting votes: java.util.concurrent.ExecutionException: org.apache.ratis.thirdparty.io.netty.channel.AbstractChannel$AnnotatedConnectException: finishConnect(..) failed: Connection refused: localhost/127.0.0.1:15148
2024-10-11 15:03:44,410 [s4@group-F860CA578C61-LeaderElection19] INFO  impl.LeaderElection (LogUtils.java:infoOrTrace(136)) - s4@group-F860CA578C61-LeaderElection19 got exception when requesting votes: java.util.concurrent.ExecutionException: org.apache.ratis.thirdparty.io.netty.channel.AbstractChannel$AnnotatedConnectException: finishConnect(..) failed: Connection refused: localhost/127.0.0.1:15140
2024-10-11 15:03:44,428 [main] WARN  ratis.RaftTestUtil (RaftTestUtil.java:lambda$waitForLeader$3(126)) - Attempt #98 failed: java.lang.IllegalStateException: No leader yet : printing ALL groups
  s3:  RUNNING CANDIDATE s3@group-F860CA578C61:t2, leader=null, voted=s0, raftlog=Memoized:s3@group-F860CA578C61-SegmentedRaftLog:OPENED:c2:last(t:2, i:2), conf=conf: {index: 1, cur=peers:[s3|localhost:15152, s4|localhost:15156, s0|localhost:15140, s1|localhost:15144, s2|localhost:15148]|listeners:[], old=null} RUNNING
  s4:  RUNNING CANDIDATE s4@group-F860CA578C61:t2, leader=null, voted=s0, raftlog=Memoized:s4@group-F860CA578C61-SegmentedRaftLog:OPENED:c2:last(t:2, i:2), conf=conf: {index: 1, cur=peers:[s3|localhost:15152, s4|localhost:15156, s0|localhost:15140, s1|localhost:15144, s2|localhost:15148]|listeners:[], old=null} RUNNING
  s0:   CLOSED    LEADER s0@group-F860CA578C61:t2, leader=s0, voted=s0, raftlog=Memoized:s0@group-F860CA578C61-SegmentedRaftLog:CLOSED:c2, conf=conf: {index: 1, cur=peers:[s3|localhost:15152, s4|localhost:15156, s0|localhost:15140, s1|localhost:15144, s2|localhost:15148]|listeners:[], old=null} CLOSED
  s1:  RUNNING  FOLLOWER s1@group-F860CA578C61:t1, leader=null, voted=null, raftlog=Memoized:s1@group-F860CA578C61-SegmentedRaftLog:OPENED:c-1:lastnull, conf=conf: {index: -1, cur=peers:[s3|localhost:15152, s4|localhost:15156, s0|localhost:15140, s1|localhost:15144, s2|localhost:15148]|listeners:[], old=null} RUNNING
  s2:   CLOSED    LEADER s2@group-F860CA578C61:t1, leader=s2, voted=s2, raftlog=Memoized:s2@group-F860CA578C61-SegmentedRaftLog:CLOSED:c0, conf=conf: {index: 0, cur=peers:[s3|localhost:15152, s4|localhost:15156, s0|localhost:15140, s1|localhost:15144, s2|localhost:15148]|listeners:[], old=null} CLOSED
2024-10-11 15:03:44,574 [s3@group-F860CA578C61-LeaderElection20] INFO  impl.LeaderElection (LeaderElection.java:logAndReturn(90)) - s3@group-F860CA578C61-LeaderElection20: PRE_VOTE TIMEOUT received 1 response(s) and 2 exception(s):
2024-10-11 15:03:44,574 [s3@group-F860CA578C61-LeaderElection20] INFO  impl.LeaderElection (LeaderElection.java:logAndReturn(94)) -   Response 0: s3<-s4#0:OK-t2
2024-10-11 15:03:44,574 [s3@group-F860CA578C61-LeaderElection20] INFO  impl.LeaderElection (LogUtils.java:infoOrTrace(136)) -   Exception 1: java.util.concurrent.ExecutionException: org.apache.ratis.thirdparty.io.netty.channel.AbstractChannel$AnnotatedConnectException: finishConnect(..) failed: Connection refused: localhost/127.0.0.1:15140
2024-10-11 15:03:44,574 [s3@group-F860CA578C61-LeaderElection20] INFO  impl.LeaderElection (LogUtils.java:infoOrTrace(136)) -   Exception 2: java.util.concurrent.ExecutionException: org.apache.ratis.thirdparty.io.netty.channel.AbstractChannel$AnnotatedConnectException: finishConnect(..) failed: Connection refused: localhost/127.0.0.1:15148
2024-10-11 15:03:44,574 [s3@group-F860CA578C61-LeaderElection20] INFO  impl.LeaderElection (LeaderElection.java:askForVotes(339)) - s3@group-F860CA578C61-LeaderElection20 PRE_VOTE round 186: result TIMEOUT
2024-10-11 15:03:44,574 [s3@group-F860CA578C61-LeaderElection20] INFO  impl.LeaderElection (LeaderElection.java:askForVotes(337)) - s3@group-F860CA578C61-LeaderElection20 PRE_VOTE round 187: submit vote requests at term 2 for conf: {index: 1, cur=peers:[s3|localhost:15152, s4|localhost:15156, s0|localhost:15140, s1|localhost:15144, s2|localhost:15148]|listeners:[], old=null}
2024-10-11 15:03:44,575 [NettyRpcService-workerGroup--thread3] INFO  server.RaftServer$Division (RaftServerImpl.java:requestVote(1443)) - s4@group-F860CA578C61: receive requestVote(PRE_VOTE, s3, group-F860CA578C61, 2, (t:2, i:2))
2024-10-11 15:03:44,575 [NettyRpcService-workerGroup--thread3] INFO  impl.VoteContext (VoteContext.java:log(49)) - s4@group-F860CA578C61-CANDIDATE: accept PRE_VOTE from s3: our priority 0 <= candidate's priority 0
2024-10-11 15:03:44,575 [s3@group-F860CA578C61-LeaderElection20] INFO  impl.LeaderElection (LogUtils.java:infoOrTrace(136)) - s3@group-F860CA578C61-LeaderElection20 got exception when requesting votes: java.util.concurrent.ExecutionException: org.apache.ratis.thirdparty.io.netty.channel.AbstractChannel$AnnotatedConnectException: finishConnect(..) failed: Connection refused: localhost/127.0.0.1:15140
2024-10-11 15:03:44,575 [NettyRpcService-workerGroup--thread3] INFO  server.RaftServer$Division (RaftServerImpl.java:requestVote(1476)) - s4@group-F860CA578C61 replies to PRE_VOTE vote request: s3<-s4#0:OK-t2. Peer's state: s4@group-F860CA578C61:t2, leader=null, voted=s0, raftlog=Memoized:s4@group-F860CA578C61-SegmentedRaftLog:OPENED:c2:last(t:2, i:2), conf=conf: {index: 1, cur=peers:[s3|localhost:15152, s4|localhost:15156, s0|localhost:15140, s1|localhost:15144, s2|localhost:15148]|listeners:[], old=null}
2024-10-11 15:03:44,575 [s3@group-F860CA578C61-LeaderElection20] INFO  impl.LeaderElection (LogUtils.java:infoOrTrace(136)) - s3@group-F860CA578C61-LeaderElection20 got exception when requesting votes: java.util.concurrent.ExecutionException: org.apache.ratis.thirdparty.io.netty.channel.AbstractChannel$AnnotatedConnectException: finishConnect(..) failed: Connection refused: localhost/127.0.0.1:15148
2024-10-11 15:03:44,661 [s4@group-F860CA578C61-LeaderElection19] INFO  impl.LeaderElection (LeaderElection.java:logAndReturn(90)) - s4@group-F860CA578C61-LeaderElection19: PRE_VOTE TIMEOUT received 1 response(s) and 2 exception(s):
2024-10-11 15:03:44,662 [s4@group-F860CA578C61-LeaderElection19] INFO  impl.LeaderElection (LeaderElection.java:logAndReturn(94)) -   Response 0: s4<-s3#0:OK-t2
2024-10-11 15:03:44,662 [s4@group-F860CA578C61-LeaderElection19] INFO  impl.LeaderElection (LogUtils.java:infoOrTrace(136)) -   Exception 1: java.util.concurrent.ExecutionException: org.apache.ratis.thirdparty.io.netty.channel.AbstractChannel$AnnotatedConnectException: finishConnect(..) failed: Connection refused: localhost/127.0.0.1:15148
2024-10-11 15:03:44,662 [s4@group-F860CA578C61-LeaderElection19] INFO  impl.LeaderElection (LogUtils.java:infoOrTrace(136)) -   Exception 2: java.util.concurrent.ExecutionException: org.apache.ratis.thirdparty.io.netty.channel.AbstractChannel$AnnotatedConnectException: finishConnect(..) failed: Connection refused: localhost/127.0.0.1:15140
2024-10-11 15:03:44,662 [s4@group-F860CA578C61-LeaderElection19] INFO  impl.LeaderElection (LeaderElection.java:askForVotes(339)) - s4@group-F860CA578C61-LeaderElection19 PRE_VOTE round 197: result TIMEOUT
2024-10-11 15:03:44,662 [s4@group-F860CA578C61-LeaderElection19] INFO  impl.LeaderElection (LeaderElection.java:askForVotes(337)) - s4@group-F860CA578C61-LeaderElection19 PRE_VOTE round 198: submit vote requests at term 2 for conf: {index: 1, cur=peers:[s3|localhost:15152, s4|localhost:15156, s0|localhost:15140, s1|localhost:15144, s2|localhost:15148]|listeners:[], old=null}
2024-10-11 15:03:44,663 [NettyRpcService-workerGroup--thread3] INFO  server.RaftServer$Division (RaftServerImpl.java:requestVote(1443)) - s3@group-F860CA578C61: receive requestVote(PRE_VOTE, s4, group-F860CA578C61, 2, (t:2, i:2))
2024-10-11 15:03:44,663 [NettyRpcService-workerGroup--thread3] INFO  impl.VoteContext (VoteContext.java:log(49)) - s3@group-F860CA578C61-CANDIDATE: accept PRE_VOTE from s4: our priority 0 <= candidate's priority 0
2024-10-11 15:03:44,663 [s4@group-F860CA578C61-LeaderElection19] INFO  impl.LeaderElection (LogUtils.java:infoOrTrace(136)) - s4@group-F860CA578C61-LeaderElection19 got exception when requesting votes: java.util.concurrent.ExecutionException: org.apache.ratis.thirdparty.io.netty.channel.AbstractChannel$AnnotatedConnectException: finishConnect(..) failed: Connection refused: localhost/127.0.0.1:15148
2024-10-11 15:03:44,663 [s4@group-F860CA578C61-LeaderElection19] INFO  impl.LeaderElection (LogUtils.java:infoOrTrace(136)) - s4@group-F860CA578C61-LeaderElection19 got exception when requesting votes: java.util.concurrent.ExecutionException: org.apache.ratis.thirdparty.io.netty.channel.AbstractChannel$AnnotatedConnectException: finishConnect(..) failed: Connection refused: localhost/127.0.0.1:15140
2024-10-11 15:03:44,663 [NettyRpcService-workerGroup--thread3] INFO  server.RaftServer$Division (RaftServerImpl.java:requestVote(1476)) - s3@group-F860CA578C61 replies to PRE_VOTE vote request: s4<-s3#0:OK-t2. Peer's state: s3@group-F860CA578C61:t2, leader=null, voted=s0, raftlog=Memoized:s3@group-F860CA578C61-SegmentedRaftLog:OPENED:c2:last(t:2, i:2), conf=conf: {index: 1, cur=peers:[s3|localhost:15152, s4|localhost:15156, s0|localhost:15140, s1|localhost:15144, s2|localhost:15148]|listeners:[], old=null}
2024-10-11 15:03:44,852 [s3@group-F860CA578C61-LeaderElection20] INFO  impl.LeaderElection (LeaderElection.java:logAndReturn(90)) - s3@group-F860CA578C61-LeaderElection20: PRE_VOTE TIMEOUT received 1 response(s) and 2 exception(s):
2024-10-11 15:03:44,852 [s3@group-F860CA578C61-LeaderElection20] INFO  impl.LeaderElection (LeaderElection.java:logAndReturn(94)) -   Response 0: s3<-s4#0:OK-t2
2024-10-11 15:03:44,852 [s3@group-F860CA578C61-LeaderElection20] INFO  impl.LeaderElection (LogUtils.java:infoOrTrace(136)) -   Exception 1: java.util.concurrent.ExecutionException: org.apache.ratis.thirdparty.io.netty.channel.AbstractChannel$AnnotatedConnectException: finishConnect(..) failed: Connection refused: localhost/127.0.0.1:15140
2024-10-11 15:03:44,852 [s3@group-F860CA578C61-LeaderElection20] INFO  impl.LeaderElection (LogUtils.java:infoOrTrace(136)) -   Exception 2: java.util.concurrent.ExecutionException: org.apache.ratis.thirdparty.io.netty.channel.AbstractChannel$AnnotatedConnectException: finishConnect(..) failed: Connection refused: localhost/127.0.0.1:15148
2024-10-11 15:03:44,852 [s3@group-F860CA578C61-LeaderElection20] INFO  impl.LeaderElection (LeaderElection.java:askForVotes(339)) - s3@group-F860CA578C61-LeaderElection20 PRE_VOTE round 187: result TIMEOUT
2024-10-11 15:03:44,852 [s3@group-F860CA578C61-LeaderElection20] INFO  impl.LeaderElection (LeaderElection.java:askForVotes(337)) - s3@group-F860CA578C61-LeaderElection20 PRE_VOTE round 188: submit vote requests at term 2 for conf: {index: 1, cur=peers:[s3|localhost:15152, s4|localhost:15156, s0|localhost:15140, s1|localhost:15144, s2|localhost:15148]|listeners:[], old=null}
2024-10-11 15:03:44,853 [NettyRpcService-workerGroup--thread3] INFO  server.RaftServer$Division (RaftServerImpl.java:requestVote(1443)) - s4@group-F860CA578C61: receive requestVote(PRE_VOTE, s3, group-F860CA578C61, 2, (t:2, i:2))
2024-10-11 15:03:44,853 [NettyRpcService-workerGroup--thread3] INFO  impl.VoteContext (VoteContext.java:log(49)) - s4@group-F860CA578C61-CANDIDATE: accept PRE_VOTE from s3: our priority 0 <= candidate's priority 0
2024-10-11 15:03:44,853 [NettyRpcService-workerGroup--thread3] INFO  server.RaftServer$Division (RaftServerImpl.java:requestVote(1476)) - s4@group-F860CA578C61 replies to PRE_VOTE vote request: s3<-s4#0:OK-t2. Peer's state: s4@group-F860CA578C61:t2, leader=null, voted=s0, raftlog=Memoized:s4@group-F860CA578C61-SegmentedRaftLog:OPENED:c2:last(t:2, i:2), conf=conf: {index: 1, cur=peers:[s3|localhost:15152, s4|localhost:15156, s0|localhost:15140, s1|localhost:15144, s2|localhost:15148]|listeners:[], old=null}
2024-10-11 15:03:44,853 [s3@group-F860CA578C61-LeaderElection20] INFO  impl.LeaderElection (LogUtils.java:infoOrTrace(136)) - s3@group-F860CA578C61-LeaderElection20 got exception when requesting votes: java.util.concurrent.ExecutionException: org.apache.ratis.thirdparty.io.netty.channel.AbstractChannel$AnnotatedConnectException: finishConnect(..) failed: Connection refused: localhost/127.0.0.1:15140
2024-10-11 15:03:44,853 [s3@group-F860CA578C61-LeaderElection20] INFO  impl.LeaderElection (LogUtils.java:infoOrTrace(136)) - s3@group-F860CA578C61-LeaderElection20 got exception when requesting votes: java.util.concurrent.ExecutionException: org.apache.ratis.thirdparty.io.netty.channel.AbstractChannel$AnnotatedConnectException: finishConnect(..) failed: Connection refused: localhost/127.0.0.1:15148
2024-10-11 15:03:44,879 [main] WARN  ratis.RaftTestUtil (RaftTestUtil.java:lambda$waitForLeader$3(126)) - Attempt #99 failed: java.lang.IllegalStateException: No leader yet : printing ALL groups
  s3:  RUNNING CANDIDATE s3@group-F860CA578C61:t2, leader=null, voted=s0, raftlog=Memoized:s3@group-F860CA578C61-SegmentedRaftLog:OPENED:c2:last(t:2, i:2), conf=conf: {index: 1, cur=peers:[s3|localhost:15152, s4|localhost:15156, s0|localhost:15140, s1|localhost:15144, s2|localhost:15148]|listeners:[], old=null} RUNNING
  s4:  RUNNING CANDIDATE s4@group-F860CA578C61:t2, leader=null, voted=s0, raftlog=Memoized:s4@group-F860CA578C61-SegmentedRaftLog:OPENED:c2:last(t:2, i:2), conf=conf: {index: 1, cur=peers:[s3|localhost:15152, s4|localhost:15156, s0|localhost:15140, s1|localhost:15144, s2|localhost:15148]|listeners:[], old=null} RUNNING
  s0:   CLOSED    LEADER s0@group-F860CA578C61:t2, leader=s0, voted=s0, raftlog=Memoized:s0@group-F860CA578C61-SegmentedRaftLog:CLOSED:c2, conf=conf: {index: 1, cur=peers:[s3|localhost:15152, s4|localhost:15156, s0|localhost:15140, s1|localhost:15144, s2|localhost:15148]|listeners:[], old=null} CLOSED
  s1:  RUNNING  FOLLOWER s1@group-F860CA578C61:t1, leader=null, voted=null, raftlog=Memoized:s1@group-F860CA578C61-SegmentedRaftLog:OPENED:c-1:lastnull, conf=conf: {index: -1, cur=peers:[s3|localhost:15152, s4|localhost:15156, s0|localhost:15140, s1|localhost:15144, s2|localhost:15148]|listeners:[], old=null} RUNNING
  s2:   CLOSED    LEADER s2@group-F860CA578C61:t1, leader=s2, voted=s2, raftlog=Memoized:s2@group-F860CA578C61-SegmentedRaftLog:CLOSED:c0, conf=conf: {index: 0, cur=peers:[s3|localhost:15152, s4|localhost:15156, s0|localhost:15140, s1|localhost:15144, s2|localhost:15148]|listeners:[], old=null} CLOSED
2024-10-11 15:03:44,928 [s4@group-F860CA578C61-LeaderElection19] INFO  impl.LeaderElection (LeaderElection.java:logAndReturn(90)) - s4@group-F860CA578C61-LeaderElection19: PRE_VOTE TIMEOUT received 1 response(s) and 2 exception(s):
2024-10-11 15:03:44,929 [s4@group-F860CA578C61-LeaderElection19] INFO  impl.LeaderElection (LeaderElection.java:logAndReturn(94)) -   Response 0: s4<-s3#0:OK-t2
2024-10-11 15:03:44,929 [s4@group-F860CA578C61-LeaderElection19] INFO  impl.LeaderElection (LogUtils.java:infoOrTrace(136)) -   Exception 1: java.util.concurrent.ExecutionException: org.apache.ratis.thirdparty.io.netty.channel.AbstractChannel$AnnotatedConnectException: finishConnect(..) failed: Connection refused: localhost/127.0.0.1:15148
2024-10-11 15:03:44,929 [s4@group-F860CA578C61-LeaderElection19] INFO  impl.LeaderElection (LogUtils.java:infoOrTrace(136)) -   Exception 2: java.util.concurrent.ExecutionException: org.apache.ratis.thirdparty.io.netty.channel.AbstractChannel$AnnotatedConnectException: finishConnect(..) failed: Connection refused: localhost/127.0.0.1:15140
2024-10-11 15:03:44,929 [s4@group-F860CA578C61-LeaderElection19] INFO  impl.LeaderElection (LeaderElection.java:askForVotes(339)) - s4@group-F860CA578C61-LeaderElection19 PRE_VOTE round 198: result TIMEOUT
2024-10-11 15:03:44,929 [s4@group-F860CA578C61-LeaderElection19] INFO  impl.LeaderElection (LeaderElection.java:askForVotes(337)) - s4@group-F860CA578C61-LeaderElection19 PRE_VOTE round 199: submit vote requests at term 2 for conf: {index: 1, cur=peers:[s3|localhost:15152, s4|localhost:15156, s0|localhost:15140, s1|localhost:15144, s2|localhost:15148]|listeners:[], old=null}
2024-10-11 15:03:44,929 [NettyRpcService-workerGroup--thread3] INFO  server.RaftServer$Division (RaftServerImpl.java:requestVote(1443)) - s3@group-F860CA578C61: receive requestVote(PRE_VOTE, s4, group-F860CA578C61, 2, (t:2, i:2))
2024-10-11 15:03:44,930 [NettyRpcService-workerGroup--thread3] INFO  impl.VoteContext (VoteContext.java:log(49)) - s3@group-F860CA578C61-CANDIDATE: accept PRE_VOTE from s4: our priority 0 <= candidate's priority 0
2024-10-11 15:03:44,930 [s4@group-F860CA578C61-LeaderElection19] INFO  impl.LeaderElection (LogUtils.java:infoOrTrace(136)) - s4@group-F860CA578C61-LeaderElection19 got exception when requesting votes: java.util.concurrent.ExecutionException: org.apache.ratis.thirdparty.io.netty.channel.AbstractChannel$AnnotatedConnectException: finishConnect(..) failed: Connection refused: localhost/127.0.0.1:15148
2024-10-11 15:03:44,930 [NettyRpcService-workerGroup--thread3] INFO  server.RaftServer$Division (RaftServerImpl.java:requestVote(1476)) - s3@group-F860CA578C61 replies to PRE_VOTE vote request: s4<-s3#0:OK-t2. Peer's state: s3@group-F860CA578C61:t2, leader=null, voted=s0, raftlog=Memoized:s3@group-F860CA578C61-SegmentedRaftLog:OPENED:c2:last(t:2, i:2), conf=conf: {index: 1, cur=peers:[s3|localhost:15152, s4|localhost:15156, s0|localhost:15140, s1|localhost:15144, s2|localhost:15148]|listeners:[], old=null}
2024-10-11 15:03:44,930 [s4@group-F860CA578C61-LeaderElection19] INFO  impl.LeaderElection (LogUtils.java:infoOrTrace(136)) - s4@group-F860CA578C61-LeaderElection19 got exception when requesting votes: java.util.concurrent.ExecutionException: org.apache.ratis.thirdparty.io.netty.channel.AbstractChannel$AnnotatedConnectException: finishConnect(..) failed: Connection refused: localhost/127.0.0.1:15140
2024-10-11 15:03:45,097 [s4@group-F860CA578C61-LeaderElection19] INFO  impl.LeaderElection (LeaderElection.java:logAndReturn(90)) - s4@group-F860CA578C61-LeaderElection19: PRE_VOTE TIMEOUT received 1 response(s) and 2 exception(s):
2024-10-11 15:03:45,098 [s4@group-F860CA578C61-LeaderElection19] INFO  impl.LeaderElection (LeaderElection.java:logAndReturn(94)) -   Response 0: s4<-s3#0:OK-t2
2024-10-11 15:03:45,098 [s4@group-F860CA578C61-LeaderElection19] INFO  impl.LeaderElection (LogUtils.java:infoOrTrace(136)) -   Exception 1: java.util.concurrent.ExecutionException: org.apache.ratis.thirdparty.io.netty.channel.AbstractChannel$AnnotatedConnectException: finishConnect(..) failed: Connection refused: localhost/127.0.0.1:15148
2024-10-11 15:03:45,098 [s4@group-F860CA578C61-LeaderElection19] INFO  impl.LeaderElection (LogUtils.java:infoOrTrace(136)) -   Exception 2: java.util.concurrent.ExecutionException: org.apache.ratis.thirdparty.io.netty.channel.AbstractChannel$AnnotatedConnectException: finishConnect(..) failed: Connection refused: localhost/127.0.0.1:15140
2024-10-11 15:03:45,098 [s4@group-F860CA578C61-LeaderElection19] INFO  impl.LeaderElection (LeaderElection.java:askForVotes(339)) - s4@group-F860CA578C61-LeaderElection19 PRE_VOTE round 199: result TIMEOUT
2024-10-11 15:03:45,098 [s4@group-F860CA578C61-LeaderElection19] INFO  impl.LeaderElection (LeaderElection.java:askForVotes(337)) - s4@group-F860CA578C61-LeaderElection19 PRE_VOTE round 200: submit vote requests at term 2 for conf: {index: 1, cur=peers:[s3|localhost:15152, s4|localhost:15156, s0|localhost:15140, s1|localhost:15144, s2|localhost:15148]|listeners:[], old=null}
2024-10-11 15:03:45,098 [NettyRpcService-workerGroup--thread3] INFO  server.RaftServer$Division (RaftServerImpl.java:requestVote(1443)) - s3@group-F860CA578C61: receive requestVote(PRE_VOTE, s4, group-F860CA578C61, 2, (t:2, i:2))
2024-10-11 15:03:45,098 [NettyRpcService-workerGroup--thread3] INFO  impl.VoteContext (VoteContext.java:log(49)) - s3@group-F860CA578C61-CANDIDATE: accept PRE_VOTE from s4: our priority 0 <= candidate's priority 0
2024-10-11 15:03:45,099 [NettyRpcService-workerGroup--thread3] INFO  server.RaftServer$Division (RaftServerImpl.java:requestVote(1476)) - s3@group-F860CA578C61 replies to PRE_VOTE vote request: s4<-s3#0:OK-t2. Peer's state: s3@group-F860CA578C61:t2, leader=null, voted=s0, raftlog=Memoized:s3@group-F860CA578C61-SegmentedRaftLog:OPENED:c2:last(t:2, i:2), conf=conf: {index: 1, cur=peers:[s3|localhost:15152, s4|localhost:15156, s0|localhost:15140, s1|localhost:15144, s2|localhost:15148]|listeners:[], old=null}
2024-10-11 15:03:45,099 [s4@group-F860CA578C61-LeaderElection19] INFO  impl.LeaderElection (LogUtils.java:infoOrTrace(136)) - s4@group-F860CA578C61-LeaderElection19 got exception when requesting votes: java.util.concurrent.ExecutionException: org.apache.ratis.thirdparty.io.netty.channel.AbstractChannel$AnnotatedConnectException: finishConnect(..) failed: Connection refused: localhost/127.0.0.1:15140
2024-10-11 15:03:45,099 [s4@group-F860CA578C61-LeaderElection19] INFO  impl.LeaderElection (LogUtils.java:infoOrTrace(136)) - s4@group-F860CA578C61-LeaderElection19 got exception when requesting votes: java.util.concurrent.ExecutionException: org.apache.ratis.thirdparty.io.netty.channel.AbstractChannel$AnnotatedConnectException: finishConnect(..) failed: Connection refused: localhost/127.0.0.1:15148
2024-10-11 15:03:45,136 [s3@group-F860CA578C61-LeaderElection20] INFO  impl.LeaderElection (LeaderElection.java:logAndReturn(90)) - s3@group-F860CA578C61-LeaderElection20: PRE_VOTE TIMEOUT received 1 response(s) and 2 exception(s):
2024-10-11 15:03:45,136 [s3@group-F860CA578C61-LeaderElection20] INFO  impl.LeaderElection (LeaderElection.java:logAndReturn(94)) -   Response 0: s3<-s4#0:OK-t2
2024-10-11 15:03:45,136 [s3@group-F860CA578C61-LeaderElection20] INFO  impl.LeaderElection (LogUtils.java:infoOrTrace(136)) -   Exception 1: java.util.concurrent.ExecutionException: org.apache.ratis.thirdparty.io.netty.channel.AbstractChannel$AnnotatedConnectException: finishConnect(..) failed: Connection refused: localhost/127.0.0.1:15140
2024-10-11 15:03:45,136 [s3@group-F860CA578C61-LeaderElection20] INFO  impl.LeaderElection (LogUtils.java:infoOrTrace(136)) -   Exception 2: java.util.concurrent.ExecutionException: org.apache.ratis.thirdparty.io.netty.channel.AbstractChannel$AnnotatedConnectException: finishConnect(..) failed: Connection refused: localhost/127.0.0.1:15148
2024-10-11 15:03:45,136 [s3@group-F860CA578C61-LeaderElection20] INFO  impl.LeaderElection (LeaderElection.java:askForVotes(339)) - s3@group-F860CA578C61-LeaderElection20 PRE_VOTE round 188: result TIMEOUT
2024-10-11 15:03:45,136 [s3@group-F860CA578C61-LeaderElection20] INFO  impl.LeaderElection (LeaderElection.java:askForVotes(337)) - s3@group-F860CA578C61-LeaderElection20 PRE_VOTE round 189: submit vote requests at term 2 for conf: {index: 1, cur=peers:[s3|localhost:15152, s4|localhost:15156, s0|localhost:15140, s1|localhost:15144, s2|localhost:15148]|listeners:[], old=null}
2024-10-11 15:03:45,137 [NettyRpcService-workerGroup--thread3] INFO  server.RaftServer$Division (RaftServerImpl.java:requestVote(1443)) - s4@group-F860CA578C61: receive requestVote(PRE_VOTE, s3, group-F860CA578C61, 2, (t:2, i:2))
2024-10-11 15:03:45,137 [NettyRpcService-workerGroup--thread3] INFO  impl.VoteContext (VoteContext.java:log(49)) - s4@group-F860CA578C61-CANDIDATE: accept PRE_VOTE from s3: our priority 0 <= candidate's priority 0
2024-10-11 15:03:45,137 [s3@group-F860CA578C61-LeaderElection20] INFO  impl.LeaderElection (LogUtils.java:infoOrTrace(136)) - s3@group-F860CA578C61-LeaderElection20 got exception when requesting votes: java.util.concurrent.ExecutionException: org.apache.ratis.thirdparty.io.netty.channel.AbstractChannel$AnnotatedConnectException: finishConnect(..) failed: Connection refused: localhost/127.0.0.1:15140
2024-10-11 15:03:45,137 [NettyRpcService-workerGroup--thread3] INFO  server.RaftServer$Division (RaftServerImpl.java:requestVote(1476)) - s4@group-F860CA578C61 replies to PRE_VOTE vote request: s3<-s4#0:OK-t2. Peer's state: s4@group-F860CA578C61:t2, leader=null, voted=s0, raftlog=Memoized:s4@group-F860CA578C61-SegmentedRaftLog:OPENED:c2:last(t:2, i:2), conf=conf: {index: 1, cur=peers:[s3|localhost:15152, s4|localhost:15156, s0|localhost:15140, s1|localhost:15144, s2|localhost:15148]|listeners:[], old=null}
2024-10-11 15:03:45,137 [s3@group-F860CA578C61-LeaderElection20] INFO  impl.LeaderElection (LogUtils.java:infoOrTrace(136)) - s3@group-F860CA578C61-LeaderElection20 got exception when requesting votes: java.util.concurrent.ExecutionException: org.apache.ratis.thirdparty.io.netty.channel.AbstractChannel$AnnotatedConnectException: finishConnect(..) failed: Connection refused: localhost/127.0.0.1:15148
2024-10-11 15:03:45,310 [s4@group-F860CA578C61-LeaderElection19] INFO  impl.LeaderElection (LeaderElection.java:logAndReturn(90)) - s4@group-F860CA578C61-LeaderElection19: PRE_VOTE TIMEOUT received 1 response(s) and 2 exception(s):
2024-10-11 15:03:45,310 [s4@group-F860CA578C61-LeaderElection19] INFO  impl.LeaderElection (LeaderElection.java:logAndReturn(94)) -   Response 0: s4<-s3#0:OK-t2
2024-10-11 15:03:45,310 [s4@group-F860CA578C61-LeaderElection19] INFO  impl.LeaderElection (LogUtils.java:infoOrTrace(136)) -   Exception 1: java.util.concurrent.ExecutionException: org.apache.ratis.thirdparty.io.netty.channel.AbstractChannel$AnnotatedConnectException: finishConnect(..) failed: Connection refused: localhost/127.0.0.1:15140
2024-10-11 15:03:45,311 [s4@group-F860CA578C61-LeaderElection19] INFO  impl.LeaderElection (LogUtils.java:infoOrTrace(136)) -   Exception 2: java.util.concurrent.ExecutionException: org.apache.ratis.thirdparty.io.netty.channel.AbstractChannel$AnnotatedConnectException: finishConnect(..) failed: Connection refused: localhost/127.0.0.1:15148
2024-10-11 15:03:45,311 [s4@group-F860CA578C61-LeaderElection19] INFO  impl.LeaderElection (LeaderElection.java:askForVotes(339)) - s4@group-F860CA578C61-LeaderElection19 PRE_VOTE round 200: result TIMEOUT
2024-10-11 15:03:45,311 [s4@group-F860CA578C61-LeaderElection19] INFO  impl.LeaderElection (LeaderElection.java:askForVotes(337)) - s4@group-F860CA578C61-LeaderElection19 PRE_VOTE round 201: submit vote requests at term 2 for conf: {index: 1, cur=peers:[s3|localhost:15152, s4|localhost:15156, s0|localhost:15140, s1|localhost:15144, s2|localhost:15148]|listeners:[], old=null}
2024-10-11 15:03:45,311 [NettyRpcService-workerGroup--thread3] INFO  server.RaftServer$Division (RaftServerImpl.java:requestVote(1443)) - s3@group-F860CA578C61: receive requestVote(PRE_VOTE, s4, group-F860CA578C61, 2, (t:2, i:2))
2024-10-11 15:03:45,312 [NettyRpcService-workerGroup--thread3] INFO  impl.VoteContext (VoteContext.java:log(49)) - s3@group-F860CA578C61-CANDIDATE: accept PRE_VOTE from s4: our priority 0 <= candidate's priority 0
2024-10-11 15:03:45,312 [s4@group-F860CA578C61-LeaderElection19] INFO  impl.LeaderElection (LogUtils.java:infoOrTrace(136)) - s4@group-F860CA578C61-LeaderElection19 got exception when requesting votes: java.util.concurrent.ExecutionException: org.apache.ratis.thirdparty.io.netty.channel.AbstractChannel$AnnotatedConnectException: finishConnect(..) failed: Connection refused: localhost/127.0.0.1:15148
2024-10-11 15:03:45,312 [s4@group-F860CA578C61-LeaderElection19] INFO  impl.LeaderElection (LogUtils.java:infoOrTrace(136)) - s4@group-F860CA578C61-LeaderElection19 got exception when requesting votes: java.util.concurrent.ExecutionException: org.apache.ratis.thirdparty.io.netty.channel.AbstractChannel$AnnotatedConnectException: finishConnect(..) failed: Connection refused: localhost/127.0.0.1:15140
2024-10-11 15:03:45,312 [NettyRpcService-workerGroup--thread3] INFO  server.RaftServer$Division (RaftServerImpl.java:requestVote(1476)) - s3@group-F860CA578C61 replies to PRE_VOTE vote request: s4<-s3#0:OK-t2. Peer's state: s3@group-F860CA578C61:t2, leader=null, voted=s0, raftlog=Memoized:s3@group-F860CA578C61-SegmentedRaftLog:OPENED:c2:last(t:2, i:2), conf=conf: {index: 1, cur=peers:[s3|localhost:15152, s4|localhost:15156, s0|localhost:15140, s1|localhost:15144, s2|localhost:15148]|listeners:[], old=null}
2024-10-11 15:03:45,329 [main] WARN  ratis.RaftTestUtil (RaftTestUtil.java:lambda$waitForLeader$3(126)) - Attempt #100 failed: java.lang.IllegalStateException: No leader yet : printing ALL groups
  s3:  RUNNING CANDIDATE s3@group-F860CA578C61:t2, leader=null, voted=s0, raftlog=Memoized:s3@group-F860CA578C61-SegmentedRaftLog:OPENED:c2:last(t:2, i:2), conf=conf: {index: 1, cur=peers:[s3|localhost:15152, s4|localhost:15156, s0|localhost:15140, s1|localhost:15144, s2|localhost:15148]|listeners:[], old=null} RUNNING
  s4:  RUNNING CANDIDATE s4@group-F860CA578C61:t2, leader=null, voted=s0, raftlog=Memoized:s4@group-F860CA578C61-SegmentedRaftLog:OPENED:c2:last(t:2, i:2), conf=conf: {index: 1, cur=peers:[s3|localhost:15152, s4|localhost:15156, s0|localhost:15140, s1|localhost:15144, s2|localhost:15148]|listeners:[], old=null} RUNNING
  s0:   CLOSED    LEADER s0@group-F860CA578C61:t2, leader=s0, voted=s0, raftlog=Memoized:s0@group-F860CA578C61-SegmentedRaftLog:CLOSED:c2, conf=conf: {index: 1, cur=peers:[s3|localhost:15152, s4|localhost:15156, s0|localhost:15140, s1|localhost:15144, s2|localhost:15148]|listeners:[], old=null} CLOSED
  s1:  RUNNING  FOLLOWER s1@group-F860CA578C61:t1, leader=null, voted=null, raftlog=Memoized:s1@group-F860CA578C61-SegmentedRaftLog:OPENED:c-1:lastnull, conf=conf: {index: -1, cur=peers:[s3|localhost:15152, s4|localhost:15156, s0|localhost:15140, s1|localhost:15144, s2|localhost:15148]|listeners:[], old=null} RUNNING
  s2:   CLOSED    LEADER s2@group-F860CA578C61:t1, leader=s2, voted=s2, raftlog=Memoized:s2@group-F860CA578C61-SegmentedRaftLog:CLOSED:c0, conf=conf: {index: 0, cur=peers:[s3|localhost:15152, s4|localhost:15156, s0|localhost:15140, s1|localhost:15144, s2|localhost:15148]|listeners:[], old=null} CLOSED
]]></system-out>
  </testcase>
  <testcase name="testChangeFollowerToListener" classname="org.apache.ratis.netty.TestLeaderElectionWithNetty" time="1.787"/>
  <testcase name="testTransferLeader" classname="org.apache.ratis.netty.TestLeaderElectionWithNetty" time="2.368"/>
  <testcase name="testPauseResumeLeaderElection" classname="org.apache.ratis.netty.TestLeaderElectionWithNetty" time="2.007"/>
  <testcase name="testYieldLeaderToHigherPriority" classname="org.apache.ratis.netty.TestLeaderElectionWithNetty" time="2.882"/>
  <testcase name="testLeaderLeaseDuringReconfiguration" classname="org.apache.ratis.netty.TestLeaderElectionWithNetty" time="1.69"/>
  <testcase name="testChangeLeader" classname="org.apache.ratis.netty.TestLeaderElectionWithNetty" time="7.159"/>
  <testcase name="testChangeListenerToFollower" classname="org.apache.ratis.netty.TestLeaderElectionWithNetty" time="1.78"/>
  <testcase name="testShutdownBeforeStart" classname="org.apache.ratis.netty.TestLeaderElectionWithNetty" time="1.447"/>
  <testcase name="testLeaderLease" classname="org.apache.ratis.netty.TestLeaderElectionWithNetty" time="1.776"/>
  <testcase name="testLeaderNotCountListenerForMajority" classname="org.apache.ratis.netty.TestLeaderElectionWithNetty" time="1.795"/>
  <testcase name="testImmediatelyRevertedToFollower" classname="org.apache.ratis.netty.TestLeaderElectionWithNetty" time="0.005"/>
  <testcase name="testLeaderElectionMetrics" classname="org.apache.ratis.netty.TestLeaderElectionWithNetty" time="1.419"/>
  <testcase name="testEnforceLeader" classname="org.apache.ratis.netty.TestLeaderElectionWithNetty" time="2.981"/>
  <testcase name="testDisconnectLeader" classname="org.apache.ratis.netty.TestLeaderElectionWithNetty" time="3.235"/>
</testsuite>