<?xml version="1.0" encoding="UTF-8"?>
<testsuite xmlns:xsi="http://www.w3.org/2001/XMLSchema-instance" xsi:noNamespaceSchemaLocation="https://maven.apache.org/surefire/maven-surefire-plugin/xsd/surefire-test-report-3.0.xsd" version="3.0" name="org.apache.ratis.statemachine.TestStateMachine" time="12.349" tests="3" errors="0" skipped="0" failures="1">
  <properties>
    <property name="awt.toolkit" value="sun.awt.X11.XToolkit"/>
    <property name="file.encoding.pkg" value="sun.io"/>
    <property name="java.specification.version" value="1.8"/>
    <property name="sun.cpu.isalist" value=""/>
    <property name="sun.jnu.encoding" value="UTF-8"/>
    <property name="java.class.path" value="/home/runner/work/ratis/ratis/ratis-test/target/test-classes:/home/runner/work/ratis/ratis/ratis-test/target/classes:/home/runner/work/ratis/ratis/ratis-common/target/classes:/home/runner/.m2/repository/org/apache/ratis/ratis-thirdparty-misc/1.0.5/ratis-thirdparty-misc-1.0.5.jar:/home/runner/work/ratis/ratis/ratis-proto/target/classes:/home/runner/work/ratis/ratis/ratis-common/target/test-classes:/home/runner/work/ratis/ratis/ratis-client/target/classes:/home/runner/work/ratis/ratis/ratis-server/target/classes:/home/runner/work/ratis/ratis/ratis-server-api/target/classes:/home/runner/work/ratis/ratis/ratis-metrics-api/target/classes:/home/runner/work/ratis/ratis/ratis-server/target/test-classes:/home/runner/work/ratis/ratis/ratis-metrics-default/target/classes:/home/runner/work/ratis/ratis/ratis-netty/target/classes:/home/runner/work/ratis/ratis/ratis-netty/target/test-classes:/home/runner/work/ratis/ratis/ratis-grpc/target/classes:/home/runner/work/ratis/ratis/ratis-grpc/target/test-classes:/home/runner/work/ratis/ratis/ratis-shell/target/classes:/home/runner/.m2/repository/commons-cli/commons-cli/1.5.0/commons-cli-1.5.0.jar:/home/runner/.m2/repository/org/reflections/reflections/0.10.2/reflections-0.10.2.jar:/home/runner/.m2/repository/org/javassist/javassist/3.28.0-GA/javassist-3.28.0-GA.jar:/home/runner/.m2/repository/com/google/code/findbugs/jsr305/3.0.2/jsr305-3.0.2.jar:/home/runner/.m2/repository/org/bouncycastle/bcprov-jdk18on/1.76/bcprov-jdk18on-1.76.jar:/home/runner/.m2/repository/org/bouncycastle/bcpkix-jdk18on/1.76/bcpkix-jdk18on-1.76.jar:/home/runner/.m2/repository/org/bouncycastle/bcutil-jdk18on/1.76/bcutil-jdk18on-1.76.jar:/home/runner/.m2/repository/org/slf4j/slf4j-api/2.0.7/slf4j-api-2.0.7.jar:/home/runner/.m2/repository/org/slf4j/slf4j-reload4j/2.0.7/slf4j-reload4j-2.0.7.jar:/home/runner/.m2/repository/ch/qos/reload4j/reload4j/1.2.22/reload4j-1.2.22.jar:/home/runner/.m2/repository/junit/junit/4.13.2/junit-4.13.2.jar:/home/runner/.m2/repository/org/hamcrest/hamcrest-core/1.3/hamcrest-core-1.3.jar:/home/runner/.m2/repository/org/junit/jupiter/junit-jupiter-engine/5.10.1/junit-jupiter-engine-5.10.1.jar:/home/runner/.m2/repository/org/junit/platform/junit-platform-engine/1.10.1/junit-platform-engine-1.10.1.jar:/home/runner/.m2/repository/org/apiguardian/apiguardian-api/1.1.2/apiguardian-api-1.1.2.jar:/home/runner/.m2/repository/org/junit/jupiter/junit-jupiter-api/5.10.1/junit-jupiter-api-5.10.1.jar:/home/runner/.m2/repository/org/opentest4j/opentest4j/1.3.0/opentest4j-1.3.0.jar:/home/runner/.m2/repository/org/junit/platform/junit-platform-commons/1.10.1/junit-platform-commons-1.10.1.jar:/home/runner/.m2/repository/org/junit/jupiter/junit-jupiter-params/5.10.1/junit-jupiter-params-5.10.1.jar:/home/runner/.m2/repository/org/mockito/mockito-core/4.3.1/mockito-core-4.3.1.jar:/home/runner/.m2/repository/net/bytebuddy/byte-buddy/1.12.7/byte-buddy-1.12.7.jar:/home/runner/.m2/repository/net/bytebuddy/byte-buddy-agent/1.12.7/byte-buddy-agent-1.12.7.jar:/home/runner/.m2/repository/org/objenesis/objenesis/3.2/objenesis-3.2.jar:"/>
    <property name="java.vm.vendor" value="Temurin"/>
    <property name="sun.arch.data.model" value="64"/>
    <property name="java.vendor.url" value="https://adoptium.net/"/>
    <property name="user.timezone" value="Etc/UTC"/>
    <property name="java.vm.specification.version" value="1.8"/>
    <property name="os.name" value="Linux"/>
    <property name="sun.java.launcher" value="SUN_STANDARD"/>
    <property name="sun.boot.library.path" value="/usr/lib/jvm/temurin-8-jdk-amd64/jre/lib/amd64"/>
    <property name="sun.java.command" value="/home/runner/work/ratis/ratis/ratis-test/target/surefire/surefirebooter-20240503184946760_69.jar /home/runner/work/ratis/ratis/ratis-test/target/surefire 2024-05-03T18-49-14_083-jvmRun1 surefire-20240503184946760_67tmp surefire_14-20240503184946760_68tmp"/>
    <property name="surefire.test.class.path" value="/home/runner/work/ratis/ratis/ratis-test/target/test-classes:/home/runner/work/ratis/ratis/ratis-test/target/classes:/home/runner/work/ratis/ratis/ratis-common/target/classes:/home/runner/.m2/repository/org/apache/ratis/ratis-thirdparty-misc/1.0.5/ratis-thirdparty-misc-1.0.5.jar:/home/runner/work/ratis/ratis/ratis-proto/target/classes:/home/runner/work/ratis/ratis/ratis-common/target/test-classes:/home/runner/work/ratis/ratis/ratis-client/target/classes:/home/runner/work/ratis/ratis/ratis-server/target/classes:/home/runner/work/ratis/ratis/ratis-server-api/target/classes:/home/runner/work/ratis/ratis/ratis-metrics-api/target/classes:/home/runner/work/ratis/ratis/ratis-server/target/test-classes:/home/runner/work/ratis/ratis/ratis-metrics-default/target/classes:/home/runner/work/ratis/ratis/ratis-netty/target/classes:/home/runner/work/ratis/ratis/ratis-netty/target/test-classes:/home/runner/work/ratis/ratis/ratis-grpc/target/classes:/home/runner/work/ratis/ratis/ratis-grpc/target/test-classes:/home/runner/work/ratis/ratis/ratis-shell/target/classes:/home/runner/.m2/repository/commons-cli/commons-cli/1.5.0/commons-cli-1.5.0.jar:/home/runner/.m2/repository/org/reflections/reflections/0.10.2/reflections-0.10.2.jar:/home/runner/.m2/repository/org/javassist/javassist/3.28.0-GA/javassist-3.28.0-GA.jar:/home/runner/.m2/repository/com/google/code/findbugs/jsr305/3.0.2/jsr305-3.0.2.jar:/home/runner/.m2/repository/org/bouncycastle/bcprov-jdk18on/1.76/bcprov-jdk18on-1.76.jar:/home/runner/.m2/repository/org/bouncycastle/bcpkix-jdk18on/1.76/bcpkix-jdk18on-1.76.jar:/home/runner/.m2/repository/org/bouncycastle/bcutil-jdk18on/1.76/bcutil-jdk18on-1.76.jar:/home/runner/.m2/repository/org/slf4j/slf4j-api/2.0.7/slf4j-api-2.0.7.jar:/home/runner/.m2/repository/org/slf4j/slf4j-reload4j/2.0.7/slf4j-reload4j-2.0.7.jar:/home/runner/.m2/repository/ch/qos/reload4j/reload4j/1.2.22/reload4j-1.2.22.jar:/home/runner/.m2/repository/junit/junit/4.13.2/junit-4.13.2.jar:/home/runner/.m2/repository/org/hamcrest/hamcrest-core/1.3/hamcrest-core-1.3.jar:/home/runner/.m2/repository/org/junit/jupiter/junit-jupiter-engine/5.10.1/junit-jupiter-engine-5.10.1.jar:/home/runner/.m2/repository/org/junit/platform/junit-platform-engine/1.10.1/junit-platform-engine-1.10.1.jar:/home/runner/.m2/repository/org/apiguardian/apiguardian-api/1.1.2/apiguardian-api-1.1.2.jar:/home/runner/.m2/repository/org/junit/jupiter/junit-jupiter-api/5.10.1/junit-jupiter-api-5.10.1.jar:/home/runner/.m2/repository/org/opentest4j/opentest4j/1.3.0/opentest4j-1.3.0.jar:/home/runner/.m2/repository/org/junit/platform/junit-platform-commons/1.10.1/junit-platform-commons-1.10.1.jar:/home/runner/.m2/repository/org/junit/jupiter/junit-jupiter-params/5.10.1/junit-jupiter-params-5.10.1.jar:/home/runner/.m2/repository/org/mockito/mockito-core/4.3.1/mockito-core-4.3.1.jar:/home/runner/.m2/repository/net/bytebuddy/byte-buddy/1.12.7/byte-buddy-1.12.7.jar:/home/runner/.m2/repository/net/bytebuddy/byte-buddy-agent/1.12.7/byte-buddy-agent-1.12.7.jar:/home/runner/.m2/repository/org/objenesis/objenesis/3.2/objenesis-3.2.jar:"/>
    <property name="sun.cpu.endian" value="little"/>
    <property name="user.home" value="/home/runner"/>
    <property name="user.language" value="en"/>
    <property name="java.specification.vendor" value="Oracle Corporation"/>
    <property name="java.home" value="/usr/lib/jvm/temurin-8-jdk-amd64/jre"/>
    <property name="basedir" value="/home/runner/work/ratis/ratis/ratis-test"/>
    <property name="file.separator" value="/"/>
    <property name="line.separator" value="&#10;"/>
    <property name="java.vm.specification.vendor" value="Oracle Corporation"/>
    <property name="java.specification.name" value="Java Platform API Specification"/>
    <property name="java.awt.graphicsenv" value="sun.awt.X11GraphicsEnvironment"/>
    <property name="surefire.real.class.path" value="/home/runner/work/ratis/ratis/ratis-test/target/surefire/surefirebooter-20240503184946760_69.jar:/home/runner/.m2/repository/org/jacoco/org.jacoco.agent/0.8.11/org.jacoco.agent-0.8.11-runtime.jar"/>
    <property name="sun.boot.class.path" value="/usr/lib/jvm/temurin-8-jdk-amd64/jre/lib/resources.jar:/usr/lib/jvm/temurin-8-jdk-amd64/jre/lib/rt.jar:/usr/lib/jvm/temurin-8-jdk-amd64/jre/lib/sunrsasign.jar:/usr/lib/jvm/temurin-8-jdk-amd64/jre/lib/jsse.jar:/usr/lib/jvm/temurin-8-jdk-amd64/jre/lib/jce.jar:/usr/lib/jvm/temurin-8-jdk-amd64/jre/lib/charsets.jar:/usr/lib/jvm/temurin-8-jdk-amd64/jre/lib/jfr.jar:/usr/lib/jvm/temurin-8-jdk-amd64/jre/classes"/>
    <property name="sun.management.compiler" value="HotSpot 64-Bit Tiered Compilers"/>
    <property name="java.runtime.version" value="1.8.0_402-b06"/>
    <property name="java.net.preferIPv4Stack" value="true"/>
    <property name="user.name" value="runner"/>
    <property name="path.separator" value=":"/>
    <property name="os.version" value="5.15.0-1061-azure"/>
    <property name="java.endorsed.dirs" value="/usr/lib/jvm/temurin-8-jdk-amd64/jre/lib/endorsed"/>
    <property name="java.runtime.name" value="OpenJDK Runtime Environment"/>
    <property name="file.encoding" value="UTF-8"/>
    <property name="java.vm.name" value="OpenJDK 64-Bit Server VM"/>
    <property name="localRepository" value="/home/runner/.m2/repository"/>
    <property name="java.vendor.url.bug" value="https://github.com/adoptium/adoptium-support/issues"/>
    <property name="java.io.tmpdir" value="/tmp"/>
    <property name="java.version" value="1.8.0_402"/>
    <property name="user.dir" value="/home/runner/work/ratis/ratis/ratis-test"/>
    <property name="os.arch" value="amd64"/>
    <property name="ratis.tmp.dir" value="/home/runner/work/ratis/ratis/ratis-test/target/tmp"/>
    <property name="java.vm.specification.name" value="Java Virtual Machine Specification"/>
    <property name="java.awt.printerjob" value="sun.print.PSPrinterJob"/>
    <property name="ratis.log.dir" value="/home/runner/work/ratis/ratis/ratis-test/target/log"/>
    <property name="sun.os.patch.level" value="unknown"/>
    <property name="java.library.path" value="/usr/java/packages/lib/amd64:/usr/lib64:/lib64:/lib:/usr/lib"/>
    <property name="java.vm.info" value="mixed mode"/>
    <property name="java.vendor" value="Temurin"/>
    <property name="java.vm.version" value="25.402-b06"/>
    <property name="java.specification.maintenance.version" value="5"/>
    <property name="java.ext.dirs" value="/usr/lib/jvm/temurin-8-jdk-amd64/jre/lib/ext:/usr/java/packages/lib/ext"/>
    <property name="sun.io.unicode.encoding" value="UnicodeLittle"/>
    <property name="java.class.version" value="52.0"/>
  </properties>
  <testcase name="testTransactionContextIsPassedBack" classname="org.apache.ratis.statemachine.TestStateMachine" time="7.126">
    <failure message="expected: &lt;100&gt; but was: &lt;41&gt;" type="org.opentest4j.AssertionFailedError"><![CDATA[org.opentest4j.AssertionFailedError: expected: <100> but was: <41>
	at org.junit.jupiter.api.AssertionFailureBuilder.build(AssertionFailureBuilder.java:151)
	at org.junit.jupiter.api.AssertionFailureBuilder.buildAndThrow(AssertionFailureBuilder.java:132)
	at org.junit.jupiter.api.AssertEquals.failNotEqual(AssertEquals.java:197)
	at org.junit.jupiter.api.AssertEquals.assertEquals(AssertEquals.java:166)
	at org.junit.jupiter.api.AssertEquals.assertEquals(AssertEquals.java:161)
	at org.junit.jupiter.api.Assertions.assertEquals(Assertions.java:632)
	at org.apache.ratis.statemachine.TestStateMachine.runTestTransactionContextIsPassedBack(TestStateMachine.java:160)
	at org.apache.ratis.statemachine.TestStateMachine.runTestTransactionContextIsPassedBack(TestStateMachine.java:140)
	at org.apache.ratis.statemachine.TestStateMachine.testTransactionContextIsPassedBack(TestStateMachine.java:125)
	at java.lang.reflect.Method.invoke(Method.java:498)
	at java.util.ArrayList.forEach(ArrayList.java:1259)
	at java.util.ArrayList.forEach(ArrayList.java:1259)
]]></failure>
    <system-out><![CDATA[2024-05-03 18:50:18,482 [main] INFO  util.LogUtils (Slf4jUtils.java:setLogLevel(38)) - Successfully set org.apache.ratis.server.RaftServer$Division log level to DEBUG
2024-05-03 18:50:18,485 [main] INFO  util.LogUtils (Slf4jUtils.java:setLogLevel(38)) - Successfully set org.apache.ratis.client.RaftClient log level to DEBUG
2024-05-03 18:50:18,492 [main] INFO  util.LogUtils (Slf4jUtils.java:setLogLevel(38)) - Successfully set org.apache.ratis.conf.ConfUtils log level to WARN
2024-05-03 18:50:18,497 [main] INFO  util.LogUtils (Slf4jUtils.java:setLogLevel(38)) - Successfully set org.apache.ratis.util.FileUtils log level to TRACE
2024-05-03 18:50:18,548 [main] INFO  simulation.MiniRaftClusterWithSimulatedRpc (ConfUtils.java:logGet(46)) - org.apache.ratis.server.simulation.SimulatedRequestReply.simulateLatencyMs = 150 (default)
2024-05-03 18:50:18,651 [main] INFO  impl.MiniRaftCluster (MiniRaftCluster.java:<init>(306)) - new MiniRaftClusterWithSimulatedRpc with group-BCC0B035F111:[s0|localhost:15000, s1|localhost:15004, s2|localhost:15008]
2024-05-03 18:50:18,652 [main] INFO  impl.MiniRaftCluster (MiniRaftCluster.java:start(339)) - .............................................................. 
2024-05-03 18:50:18,652 [main] INFO  impl.MiniRaftCluster (MiniRaftCluster.java:start(340)) - ... 
2024-05-03 18:50:18,652 [main] INFO  impl.MiniRaftCluster (MiniRaftCluster.java:start(341)) - ...     Starting MiniRaftClusterWithSimulatedRpc
2024-05-03 18:50:18,652 [main] INFO  impl.MiniRaftCluster (MiniRaftCluster.java:start(342)) - ... 
2024-05-03 18:50:18,652 [main] INFO  impl.MiniRaftCluster (MiniRaftCluster.java:start(343)) - .............................................................. 
2024-05-03 18:50:18,653 [main] INFO  impl.MiniRaftCluster (MiniRaftCluster.java:initServers(318)) - servers = {}
2024-05-03 18:50:18,659 [main] INFO  impl.MiniRaftCluster (MiniRaftCluster.java:newRaftServer(382)) - newRaftServer: s0, group-BCC0B035F111:[s0|localhost:15000, s1|localhost:15004, s2|localhost:15008], format? true
2024-05-03 18:50:18,660 [main] TRACE util.FileUtils (FileUtils.java:deleteFully(305)) - deleteFully target/test/data/14253bed/MiniRaftClusterWithSimulatedRpce720d009/s0
2024-05-03 18:50:18,662 [main] TRACE util.FileUtils (FileUtils.java:deleteFully(318)) - deleteFully: target/test/data/14253bed/MiniRaftClusterWithSimulatedRpce720d009/s0 does not exist.
2024-05-03 18:50:18,662 [main] INFO  impl.MiniRaftCluster (MiniRaftCluster.java:newRaftServer(387)) - Formatted directory target/test/data/14253bed/MiniRaftClusterWithSimulatedRpce720d009/s0
2024-05-03 18:50:18,675 [main] INFO  server.RaftServer (ConfUtils.java:logGet(46)) - raft.rpc.type = org.apache.ratis.server.simulation.SimulatedRpc (custom)
2024-05-03 18:50:18,684 [main] INFO  impl.DataStreamServerImpl (ConfUtils.java:logGet(46)) - raft.datastream.type = DISABLED (default)
2024-05-03 18:50:18,687 [main] INFO  server.RaftServerConfigKeys (ConfUtils.java:logGet(46)) - raft.server.sleep.deviation.threshold = 300ms (default)
2024-05-03 18:50:18,688 [main] INFO  server.RaftServerConfigKeys (ConfUtils.java:logGet(46)) - raft.server.close.threshold = 60s (default)
2024-05-03 18:50:18,689 [main] INFO  server.RaftServerConfigKeys (ConfUtils.java:logGet(46)) - raft.server.leaderelection.leader.step-down.wait-time = 10s (default)
2024-05-03 18:50:18,718 [main] INFO  server.RaftServerConfigKeys (ConfUtils.java:logGet(46)) - raft.server.storage.dir = [/home/runner/work/ratis/ratis/ratis-test/target/test/data/14253bed/MiniRaftClusterWithSimulatedRpce720d009/s0] (custom)
2024-05-03 18:50:18,720 [main] INFO  server.RaftServerConfigKeys (ConfUtils.java:logGet(46)) - raft.server.threadpool.proxy.cached = true (default)
2024-05-03 18:50:18,721 [main] INFO  server.RaftServerConfigKeys (ConfUtils.java:logGet(46)) - raft.server.threadpool.proxy.size = 0 (default)
2024-05-03 18:50:18,734 [main] INFO  server.RaftServer (RaftServerProxy.java:addNew(101)) - s0: addNew group-BCC0B035F111:[s0|localhost:15000, s1|localhost:15004, s2|localhost:15008] returns group-BCC0B035F111:java.util.concurrent.CompletableFuture@5e5073ab[Not completed]
2024-05-03 18:50:18,735 [main] INFO  impl.MiniRaftCluster (MiniRaftCluster.java:newRaftServer(382)) - newRaftServer: s1, group-BCC0B035F111:[s0|localhost:15000, s1|localhost:15004, s2|localhost:15008], format? true
2024-05-03 18:50:18,735 [main] TRACE util.FileUtils (FileUtils.java:deleteFully(305)) - deleteFully target/test/data/14253bed/MiniRaftClusterWithSimulatedRpce720d009/s1
2024-05-03 18:50:18,735 [main] TRACE util.FileUtils (FileUtils.java:deleteFully(318)) - deleteFully: target/test/data/14253bed/MiniRaftClusterWithSimulatedRpce720d009/s1 does not exist.
2024-05-03 18:50:18,736 [main] INFO  impl.MiniRaftCluster (MiniRaftCluster.java:newRaftServer(387)) - Formatted directory target/test/data/14253bed/MiniRaftClusterWithSimulatedRpce720d009/s1
2024-05-03 18:50:18,737 [main] INFO  server.RaftServer (ConfUtils.java:logGet(46)) - raft.rpc.type = org.apache.ratis.server.simulation.SimulatedRpc (custom)
2024-05-03 18:50:18,737 [main] INFO  impl.DataStreamServerImpl (ConfUtils.java:logGet(46)) - raft.datastream.type = DISABLED (default)
2024-05-03 18:50:18,738 [main] INFO  server.RaftServerConfigKeys (ConfUtils.java:logGet(46)) - raft.server.sleep.deviation.threshold = 300ms (default)
2024-05-03 18:50:18,739 [main] INFO  server.RaftServerConfigKeys (ConfUtils.java:logGet(46)) - raft.server.close.threshold = 60s (default)
2024-05-03 18:50:18,739 [main] INFO  server.RaftServerConfigKeys (ConfUtils.java:logGet(46)) - raft.server.leaderelection.leader.step-down.wait-time = 10s (default)
2024-05-03 18:50:18,741 [main] INFO  server.RaftServerConfigKeys (ConfUtils.java:logGet(46)) - raft.server.storage.dir = [/home/runner/work/ratis/ratis/ratis-test/target/test/data/14253bed/MiniRaftClusterWithSimulatedRpce720d009/s1] (custom)
2024-05-03 18:50:18,741 [main] INFO  server.RaftServerConfigKeys (ConfUtils.java:logGet(46)) - raft.server.threadpool.proxy.cached = true (default)
2024-05-03 18:50:18,741 [main] INFO  server.RaftServerConfigKeys (ConfUtils.java:logGet(46)) - raft.server.threadpool.proxy.size = 0 (default)
2024-05-03 18:50:18,747 [s0-groupManagement] INFO  server.RaftServerConfigKeys (ConfUtils.java:logGet(46)) - raft.server.log.segment.size.max = 32MB (=33554432) (default)
2024-05-03 18:50:18,747 [s0-groupManagement] INFO  server.RaftServerConfigKeys (ConfUtils.java:logGet(46)) - raft.server.log.preallocated.size = 4MB (=4194304) (default)
2024-05-03 18:50:18,748 [s0-groupManagement] INFO  server.RaftServerConfigKeys (ConfUtils.java:logGet(46)) - raft.server.log.write.buffer.size = 8MB (=8388608) (default)
2024-05-03 18:50:18,748 [main] INFO  server.RaftServer (RaftServerProxy.java:addNew(101)) - s1: addNew group-BCC0B035F111:[s0|localhost:15000, s1|localhost:15004, s2|localhost:15008] returns group-BCC0B035F111:java.util.concurrent.CompletableFuture@30c0d731[Not completed]
2024-05-03 18:50:18,748 [main] INFO  impl.MiniRaftCluster (MiniRaftCluster.java:newRaftServer(382)) - newRaftServer: s2, group-BCC0B035F111:[s0|localhost:15000, s1|localhost:15004, s2|localhost:15008], format? true
2024-05-03 18:50:18,749 [main] TRACE util.FileUtils (FileUtils.java:deleteFully(305)) - deleteFully target/test/data/14253bed/MiniRaftClusterWithSimulatedRpce720d009/s2
2024-05-03 18:50:18,749 [main] TRACE util.FileUtils (FileUtils.java:deleteFully(318)) - deleteFully: target/test/data/14253bed/MiniRaftClusterWithSimulatedRpce720d009/s2 does not exist.
2024-05-03 18:50:18,749 [main] INFO  impl.MiniRaftCluster (MiniRaftCluster.java:newRaftServer(387)) - Formatted directory target/test/data/14253bed/MiniRaftClusterWithSimulatedRpce720d009/s2
2024-05-03 18:50:18,750 [main] INFO  server.RaftServer (ConfUtils.java:logGet(46)) - raft.rpc.type = org.apache.ratis.server.simulation.SimulatedRpc (custom)
2024-05-03 18:50:18,750 [main] INFO  impl.DataStreamServerImpl (ConfUtils.java:logGet(46)) - raft.datastream.type = DISABLED (default)
2024-05-03 18:50:18,751 [main] INFO  server.RaftServerConfigKeys (ConfUtils.java:logGet(46)) - raft.server.sleep.deviation.threshold = 300ms (default)
2024-05-03 18:50:18,751 [main] INFO  server.RaftServerConfigKeys (ConfUtils.java:logGet(46)) - raft.server.close.threshold = 60s (default)
2024-05-03 18:50:18,751 [main] INFO  server.RaftServerConfigKeys (ConfUtils.java:logGet(46)) - raft.server.leaderelection.leader.step-down.wait-time = 10s (default)
2024-05-03 18:50:18,752 [main] INFO  server.RaftServerConfigKeys (ConfUtils.java:logGet(46)) - raft.server.storage.dir = [/home/runner/work/ratis/ratis/ratis-test/target/test/data/14253bed/MiniRaftClusterWithSimulatedRpce720d009/s2] (custom)
2024-05-03 18:50:18,752 [main] INFO  server.RaftServerConfigKeys (ConfUtils.java:logGet(46)) - raft.server.threadpool.proxy.cached = true (default)
2024-05-03 18:50:18,752 [main] INFO  server.RaftServerConfigKeys (ConfUtils.java:logGet(46)) - raft.server.threadpool.proxy.size = 0 (default)
2024-05-03 18:50:18,753 [s1-groupManagement] INFO  server.RaftServerConfigKeys (ConfUtils.java:logGet(46)) - raft.server.log.segment.size.max = 32MB (=33554432) (default)
2024-05-03 18:50:18,753 [s1-groupManagement] INFO  server.RaftServerConfigKeys (ConfUtils.java:logGet(46)) - raft.server.log.preallocated.size = 4MB (=4194304) (default)
2024-05-03 18:50:18,753 [s1-groupManagement] INFO  server.RaftServerConfigKeys (ConfUtils.java:logGet(46)) - raft.server.log.write.buffer.size = 8MB (=8388608) (default)
2024-05-03 18:50:18,754 [main] INFO  server.RaftServer (RaftServerProxy.java:addNew(101)) - s2: addNew group-BCC0B035F111:[s0|localhost:15000, s1|localhost:15004, s2|localhost:15008] returns group-BCC0B035F111:java.util.concurrent.CompletableFuture@30669dac[Not completed]
2024-05-03 18:50:18,755 [s0-groupManagement] INFO  server.RaftServer$Division (RaftServerImpl.java:<init>(253)) - s0: new RaftServerImpl for group-BCC0B035F111:[s0|localhost:15000, s1|localhost:15004, s2|localhost:15008] with SMTransactionContext:uninitialized
2024-05-03 18:50:18,758 [s0-groupManagement] INFO  server.RaftServerConfigKeys (ConfUtils.java:logGet(46)) - raft.server.rpc.timeout.min = 150ms (default)
2024-05-03 18:50:18,759 [s0-groupManagement] INFO  server.RaftServerConfigKeys (ConfUtils.java:logGet(46)) - raft.server.rpc.timeout.max = 300ms (default)
2024-05-03 18:50:18,759 [s0-groupManagement] INFO  server.RaftServerConfigKeys (ConfUtils.java:logGet(46)) - raft.server.rpc.sleep.time = 25ms (default)
2024-05-03 18:50:18,759 [s0-groupManagement] INFO  server.RaftServerConfigKeys (ConfUtils.java:logGet(46)) - raft.server.rpc.slowness.timeout = 60s (default)
2024-05-03 18:50:18,759 [s0-groupManagement] INFO  server.RaftServerConfigKeys (ConfUtils.java:logGet(46)) - raft.server.leaderelection.leader.step-down.wait-time = 10s (default)
2024-05-03 18:50:18,760 [s0-groupManagement] INFO  server.RaftServerConfigKeys (ConfUtils.java:logGet(46)) - raft.server.leaderelection.member.majority-add = false (default)
2024-05-03 18:50:18,760 [s0-groupManagement] INFO  server.RaftServerConfigKeys (ConfUtils.java:logGet(46)) - raft.server.sleep.deviation.threshold = 300ms (default)
2024-05-03 18:50:18,761 [s1-groupManagement] INFO  server.RaftServer$Division (RaftServerImpl.java:<init>(253)) - s1: new RaftServerImpl for group-BCC0B035F111:[s0|localhost:15000, s1|localhost:15004, s2|localhost:15008] with SMTransactionContext:uninitialized
2024-05-03 18:50:18,761 [s1-groupManagement] INFO  server.RaftServerConfigKeys (ConfUtils.java:logGet(46)) - raft.server.rpc.timeout.min = 150ms (default)
2024-05-03 18:50:18,761 [s1-groupManagement] INFO  server.RaftServerConfigKeys (ConfUtils.java:logGet(46)) - raft.server.rpc.timeout.max = 300ms (default)
2024-05-03 18:50:18,761 [s1-groupManagement] INFO  server.RaftServerConfigKeys (ConfUtils.java:logGet(46)) - raft.server.rpc.sleep.time = 25ms (default)
2024-05-03 18:50:18,762 [s1-groupManagement] INFO  server.RaftServerConfigKeys (ConfUtils.java:logGet(46)) - raft.server.rpc.slowness.timeout = 60s (default)
2024-05-03 18:50:18,762 [s1-groupManagement] INFO  server.RaftServerConfigKeys (ConfUtils.java:logGet(46)) - raft.server.leaderelection.leader.step-down.wait-time = 10s (default)
2024-05-03 18:50:18,762 [s1-groupManagement] INFO  server.RaftServerConfigKeys (ConfUtils.java:logGet(46)) - raft.server.leaderelection.member.majority-add = false (default)
2024-05-03 18:50:18,762 [s1-groupManagement] INFO  server.RaftServerConfigKeys (ConfUtils.java:logGet(46)) - raft.server.sleep.deviation.threshold = 300ms (default)
2024-05-03 18:50:18,763 [s2-groupManagement] INFO  server.RaftServerConfigKeys (ConfUtils.java:logGet(46)) - raft.server.log.segment.size.max = 32MB (=33554432) (default)
2024-05-03 18:50:18,763 [s2-groupManagement] INFO  server.RaftServerConfigKeys (ConfUtils.java:logGet(46)) - raft.server.log.preallocated.size = 4MB (=4194304) (default)
2024-05-03 18:50:18,763 [s2-groupManagement] INFO  server.RaftServerConfigKeys (ConfUtils.java:logGet(46)) - raft.server.log.write.buffer.size = 8MB (=8388608) (default)
2024-05-03 18:50:18,763 [s2-groupManagement] INFO  server.RaftServer$Division (RaftServerImpl.java:<init>(253)) - s2: new RaftServerImpl for group-BCC0B035F111:[s0|localhost:15000, s1|localhost:15004, s2|localhost:15008] with SMTransactionContext:uninitialized
2024-05-03 18:50:18,763 [s2-groupManagement] INFO  server.RaftServerConfigKeys (ConfUtils.java:logGet(46)) - raft.server.rpc.timeout.min = 150ms (default)
2024-05-03 18:50:18,764 [s2-groupManagement] INFO  server.RaftServerConfigKeys (ConfUtils.java:logGet(46)) - raft.server.rpc.timeout.max = 300ms (default)
2024-05-03 18:50:18,764 [s2-groupManagement] INFO  server.RaftServerConfigKeys (ConfUtils.java:logGet(46)) - raft.server.rpc.sleep.time = 25ms (default)
2024-05-03 18:50:18,764 [s2-groupManagement] INFO  server.RaftServerConfigKeys (ConfUtils.java:logGet(46)) - raft.server.rpc.slowness.timeout = 60s (default)
2024-05-03 18:50:18,764 [s2-groupManagement] INFO  server.RaftServerConfigKeys (ConfUtils.java:logGet(46)) - raft.server.leaderelection.leader.step-down.wait-time = 10s (default)
2024-05-03 18:50:18,764 [s2-groupManagement] INFO  server.RaftServerConfigKeys (ConfUtils.java:logGet(46)) - raft.server.leaderelection.member.majority-add = false (default)
2024-05-03 18:50:18,765 [s2-groupManagement] INFO  server.RaftServerConfigKeys (ConfUtils.java:logGet(46)) - raft.server.sleep.deviation.threshold = 300ms (default)
2024-05-03 18:50:18,773 [s1-groupManagement] INFO  server.RaftServer$Division (ServerState.java:<init>(114)) - s1@group-BCC0B035F111: ConfigurationManager, init=conf: {index: -1, cur=peers:[s0|localhost:15000, s1|localhost:15004, s2|localhost:15008]|listeners:[], old=null}, confs=<EMPTY_MAP>
2024-05-03 18:50:18,776 [s0-groupManagement] INFO  server.RaftServer$Division (ServerState.java:<init>(114)) - s0@group-BCC0B035F111: ConfigurationManager, init=conf: {index: -1, cur=peers:[s0|localhost:15000, s1|localhost:15004, s2|localhost:15008]|listeners:[], old=null}, confs=<EMPTY_MAP>
2024-05-03 18:50:18,776 [s2-groupManagement] INFO  server.RaftServer$Division (ServerState.java:<init>(114)) - s2@group-BCC0B035F111: ConfigurationManager, init=conf: {index: -1, cur=peers:[s0|localhost:15000, s1|localhost:15004, s2|localhost:15008]|listeners:[], old=null}, confs=<EMPTY_MAP>
2024-05-03 18:50:18,782 [s0-groupManagement] INFO  server.RaftServerConfigKeys (ConfUtils.java:logGet(46)) - raft.server.notification.no-leader.timeout = 60s (default)
2024-05-03 18:50:18,783 [s1-groupManagement] INFO  server.RaftServerConfigKeys (ConfUtils.java:logGet(46)) - raft.server.notification.no-leader.timeout = 60s (default)
2024-05-03 18:50:18,784 [s2-groupManagement] INFO  server.RaftServerConfigKeys (ConfUtils.java:logGet(46)) - raft.server.notification.no-leader.timeout = 60s (default)
2024-05-03 18:50:18,787 [s0-groupManagement] INFO  server.RaftServerConfigKeys (ConfUtils.java:logGet(46)) - raft.server.read.timeout = 10s (default)
2024-05-03 18:50:18,789 [s2-groupManagement] INFO  server.RaftServerConfigKeys (ConfUtils.java:logGet(46)) - raft.server.read.timeout = 10s (default)
2024-05-03 18:50:18,789 [s1-groupManagement] INFO  server.RaftServerConfigKeys (ConfUtils.java:logGet(46)) - raft.server.read.timeout = 10s (default)
2024-05-03 18:50:18,793 [s0-groupManagement] INFO  server.RaftServerConfigKeys (ConfUtils.java:logGet(46)) - raft.server.retrycache.expirytime = 60s (default)
2024-05-03 18:50:18,793 [s1-groupManagement] INFO  server.RaftServerConfigKeys (ConfUtils.java:logGet(46)) - raft.server.retrycache.expirytime = 60s (default)
2024-05-03 18:50:18,793 [s1-groupManagement] INFO  server.RaftServerConfigKeys (ConfUtils.java:logGet(46)) - raft.server.retrycache.statistics.expirytime = 100ms (default)
2024-05-03 18:50:18,793 [s2-groupManagement] INFO  server.RaftServerConfigKeys (ConfUtils.java:logGet(46)) - raft.server.retrycache.expirytime = 60s (default)
2024-05-03 18:50:18,796 [s2-groupManagement] INFO  server.RaftServerConfigKeys (ConfUtils.java:logGet(46)) - raft.server.retrycache.statistics.expirytime = 100ms (default)
2024-05-03 18:50:18,793 [s0-groupManagement] INFO  server.RaftServerConfigKeys (ConfUtils.java:logGet(46)) - raft.server.retrycache.statistics.expirytime = 100ms (default)
2024-05-03 18:50:18,799 [s1-groupManagement] INFO  server.RaftServerConfigKeys (ConfUtils.java:logGet(46)) - raft.server.read.option = DEFAULT (default)
2024-05-03 18:50:18,801 [s1-groupManagement] INFO  server.RaftServerConfigKeys (ConfUtils.java:logGet(46)) - raft.server.read.read-after-write-consistent.write-index-cache.expiry-time = 60s (default)
2024-05-03 18:50:18,804 [s2-groupManagement] INFO  server.RaftServerConfigKeys (ConfUtils.java:logGet(46)) - raft.server.read.option = DEFAULT (default)
2024-05-03 18:50:18,804 [s2-groupManagement] INFO  server.RaftServerConfigKeys (ConfUtils.java:logGet(46)) - raft.server.read.read-after-write-consistent.write-index-cache.expiry-time = 60s (default)
2024-05-03 18:50:18,804 [s0-groupManagement] INFO  server.RaftServerConfigKeys (ConfUtils.java:logGet(46)) - raft.server.read.option = DEFAULT (default)
2024-05-03 18:50:18,805 [s0-groupManagement] INFO  server.RaftServerConfigKeys (ConfUtils.java:logGet(46)) - raft.server.read.read-after-write-consistent.write-index-cache.expiry-time = 60s (default)
2024-05-03 18:50:18,812 [s0-groupManagement] INFO  metrics.MetricRegistries (MetricRegistriesLoader.java:load(64)) - Loaded MetricRegistries class org.apache.ratis.metrics.impl.MetricRegistriesImpl
2024-05-03 18:50:18,905 [s0-groupManagement] INFO  server.RaftServerConfigKeys (ConfUtils.java:logGet(46)) - raft.server.rpc.request.timeout = 3000ms (default)
2024-05-03 18:50:18,905 [s2-groupManagement] INFO  server.RaftServerConfigKeys (ConfUtils.java:logGet(46)) - raft.server.rpc.request.timeout = 3000ms (default)
2024-05-03 18:50:18,905 [s1-groupManagement] INFO  server.RaftServerConfigKeys (ConfUtils.java:logGet(46)) - raft.server.rpc.request.timeout = 3000ms (default)
2024-05-03 18:50:18,911 [s0-groupManagement] INFO  server.RaftServerConfigKeys (ConfUtils.java:logGet(46)) - raft.server.log.appender.install.snapshot.enabled = true (default)
2024-05-03 18:50:18,911 [s2-groupManagement] INFO  server.RaftServerConfigKeys (ConfUtils.java:logGet(46)) - raft.server.log.appender.install.snapshot.enabled = true (default)
2024-05-03 18:50:18,912 [s2-groupManagement] INFO  server.RaftServerConfigKeys (ConfUtils.java:logGet(46)) - raft.server.threadpool.server.cached = true (default)
2024-05-03 18:50:18,912 [s0-groupManagement] INFO  server.RaftServerConfigKeys (ConfUtils.java:logGet(46)) - raft.server.threadpool.server.cached = true (default)
2024-05-03 18:50:18,912 [s2-groupManagement] INFO  server.RaftServerConfigKeys (ConfUtils.java:logGet(46)) - raft.server.threadpool.server.size = 0 (default)
2024-05-03 18:50:18,912 [s0-groupManagement] INFO  server.RaftServerConfigKeys (ConfUtils.java:logGet(46)) - raft.server.threadpool.server.size = 0 (default)
2024-05-03 18:50:18,911 [s1-groupManagement] INFO  server.RaftServerConfigKeys (ConfUtils.java:logGet(46)) - raft.server.log.appender.install.snapshot.enabled = true (default)
2024-05-03 18:50:18,912 [s1-groupManagement] INFO  server.RaftServerConfigKeys (ConfUtils.java:logGet(46)) - raft.server.threadpool.server.cached = true (default)
2024-05-03 18:50:18,913 [s1-groupManagement] INFO  server.RaftServerConfigKeys (ConfUtils.java:logGet(46)) - raft.server.threadpool.server.size = 0 (default)
2024-05-03 18:50:18,912 [s0-groupManagement] INFO  server.RaftServerConfigKeys (ConfUtils.java:logGet(46)) - raft.server.threadpool.client.cached = true (default)
2024-05-03 18:50:18,912 [s2-groupManagement] INFO  server.RaftServerConfigKeys (ConfUtils.java:logGet(46)) - raft.server.threadpool.client.cached = true (default)
2024-05-03 18:50:18,913 [s0-groupManagement] INFO  server.RaftServerConfigKeys (ConfUtils.java:logGet(46)) - raft.server.threadpool.client.size = 0 (default)
2024-05-03 18:50:18,913 [s1-groupManagement] INFO  server.RaftServerConfigKeys (ConfUtils.java:logGet(46)) - raft.server.threadpool.client.cached = true (default)
2024-05-03 18:50:18,915 [s0-impl-thread1] INFO  server.RaftServerConfigKeys (ConfUtils.java:logGet(46)) - raft.server.storage.free-space.min = 0MB (=0) (default)
2024-05-03 18:50:18,913 [s2-groupManagement] INFO  server.RaftServerConfigKeys (ConfUtils.java:logGet(46)) - raft.server.threadpool.client.size = 0 (default)
2024-05-03 18:50:18,916 [s1-groupManagement] INFO  server.RaftServerConfigKeys (ConfUtils.java:logGet(46)) - raft.server.threadpool.client.size = 0 (default)
2024-05-03 18:50:18,916 [s0-impl-thread1] INFO  server.RaftServerConfigKeys (ConfUtils.java:logGet(46)) - raft.server.log.corruption.policy = EXCEPTION (default)
2024-05-03 18:50:18,917 [s0-impl-thread1] INFO  server.RaftServerConfigKeys (ConfUtils.java:logGet(46)) - raft.server.storage.dir = [/home/runner/work/ratis/ratis/ratis-test/target/test/data/14253bed/MiniRaftClusterWithSimulatedRpce720d009/s0] (custom)
2024-05-03 18:50:18,922 [s0-impl-thread1] INFO  storage.RaftStorageDirectory (RaftStorageDirectoryImpl.java:analyzeStorage(138)) - The storage directory /home/runner/work/ratis/ratis/ratis-test/target/test/data/14253bed/MiniRaftClusterWithSimulatedRpce720d009/s0/44884d0e-a76d-4898-8f45-bcc0b035f111 does not exist. Creating ...
2024-05-03 18:50:18,924 [s0-impl-thread1] TRACE util.FileUtils (LogUtils.java:runAndLog(49)) - Successfully ran Files.createDirectories /home/runner/work/ratis/ratis/ratis-test/target/test/data/14253bed/MiniRaftClusterWithSimulatedRpce720d009/s0/44884d0e-a76d-4898-8f45-bcc0b035f111
2024-05-03 18:50:18,927 [s0-impl-thread1] INFO  storage.RaftStorageDirectory (RaftStorageDirectoryImpl.java:tryLock(229)) - Lock on /home/runner/work/ratis/ratis/ratis-test/target/test/data/14253bed/MiniRaftClusterWithSimulatedRpce720d009/s0/44884d0e-a76d-4898-8f45-bcc0b035f111/in_use.lock acquired by nodename 2940@fv-az1423-355
2024-05-03 18:50:18,927 [s0-impl-thread1] TRACE util.FileUtils (LogUtils.java:runAndLog(49)) - Successfully ran Files.createDirectories /home/runner/work/ratis/ratis/ratis-test/target/test/data/14253bed/MiniRaftClusterWithSimulatedRpce720d009/s0/44884d0e-a76d-4898-8f45-bcc0b035f111/current
2024-05-03 18:50:18,927 [s0-impl-thread1] TRACE util.FileUtils (LogUtils.java:runAndLog(49)) - Successfully ran Files.createDirectories /home/runner/work/ratis/ratis/ratis-test/target/test/data/14253bed/MiniRaftClusterWithSimulatedRpce720d009/s0/44884d0e-a76d-4898-8f45-bcc0b035f111/sm
2024-05-03 18:50:18,952 [s0-impl-thread1] TRACE util.FileUtils (LogUtils.java:supplyAndLog(69)) - Successfully supplied FileChannel.open /home/runner/work/ratis/ratis/ratis-test/target/test/data/14253bed/MiniRaftClusterWithSimulatedRpce720d009/s0/44884d0e-a76d-4898-8f45-bcc0b035f111/current/raft-meta.tmp with options [CREATE, WRITE]: sun.nio.ch.FileChannelImpl@4d442ccc
2024-05-03 18:50:18,958 [s0-impl-thread1] TRACE util.FileUtils (LogUtils.java:runAndLog(49)) - Successfully ran Atomic Files.move /home/runner/work/ratis/ratis/ratis-test/target/test/data/14253bed/MiniRaftClusterWithSimulatedRpce720d009/s0/44884d0e-a76d-4898-8f45-bcc0b035f111/current/raft-meta.tmp to /home/runner/work/ratis/ratis/ratis-test/target/test/data/14253bed/MiniRaftClusterWithSimulatedRpce720d009/s0/44884d0e-a76d-4898-8f45-bcc0b035f111/current/raft-meta with options [REPLACE_EXISTING]
2024-05-03 18:50:18,958 [s0-impl-thread1] INFO  storage.RaftStorage (RaftStorageImpl.java:format(98)) - Storage directory /home/runner/work/ratis/ratis/ratis-test/target/test/data/14253bed/MiniRaftClusterWithSimulatedRpce720d009/s0/44884d0e-a76d-4898-8f45-bcc0b035f111 has been successfully formatted.
2024-05-03 18:50:18,958 [s0-impl-thread1] INFO  impl.SimpleStateMachine4Testing (SimpleStateMachine4Testing.java:initialize(216)) - Initializing SMTransactionContext:uninitialized
2024-05-03 18:50:18,960 [s0-impl-thread1] INFO  impl.SimpleStateMachine4Testing (SimpleStateMachine4Testing.java:loadSnapshot(301)) - Loading snapshot null
2024-05-03 18:50:18,962 [s0-impl-thread1] INFO  server.RaftServerConfigKeys (ConfUtils.java:logGet(46)) - raft.server.log.use.memory = false (default)
2024-05-03 18:50:18,978 [s0-impl-thread1] INFO  server.RaftServerConfigKeys (ConfUtils.java:logGet(46)) - raft.server.log.purge.gap = 1024 (default)
2024-05-03 18:50:18,978 [s0-impl-thread1] INFO  server.RaftServerConfigKeys (ConfUtils.java:logGet(46)) - raft.server.log.appender.buffer.byte-limit = 4MB (=4194304) (default)
2024-05-03 18:50:18,980 [s0-impl-thread1] INFO  server.RaftServerConfigKeys (ConfUtils.java:logGet(46)) - raft.server.log.statemachine.data.read.timeout = 1000ms (default)
2024-05-03 18:50:18,981 [s0-impl-thread1] INFO  server.RaftServerConfigKeys (ConfUtils.java:logGet(46)) - raft.server.log.purge.preservation.log.num = 0 (default)
2024-05-03 18:50:18,985 [s0-impl-thread1] INFO  server.RaftServerConfigKeys (ConfUtils.java:logGet(46)) - raft.server.log.segment.size.max = 32MB (=33554432) (default)
2024-05-03 18:50:18,994 [s0-impl-thread1] INFO  server.RaftServerConfigKeys (ConfUtils.java:logGet(46)) - raft.server.log.segment.cache.num.max = 6 (default)
2024-05-03 18:50:18,994 [s0-impl-thread1] INFO  server.RaftServerConfigKeys (ConfUtils.java:logGet(46)) - raft.server.log.segment.cache.size.max = 200MB (=209715200) (default)
2024-05-03 18:50:18,995 [s0-impl-thread1] INFO  server.RaftServerConfigKeys (ConfUtils.java:logGet(46)) - raft.server.log.appender.buffer.byte-limit = 4MB (=4194304) (default)
2024-05-03 18:50:18,997 [s0-impl-thread1] INFO  util.AwaitToRun (AwaitToRun.java:start(81)) - Thread[s0@group-BCC0B035F111-cacheEviction-AwaitToRun,5,main] started
2024-05-03 18:50:19,006 [s0-impl-thread1] INFO  segmented.SegmentedRaftLogWorker (SegmentedRaftLogWorker.java:<init>(184)) - new s0@group-BCC0B035F111-SegmentedRaftLogWorker for RaftStorageImpl:Storage Directory /home/runner/work/ratis/ratis/ratis-test/target/test/data/14253bed/MiniRaftClusterWithSimulatedRpce720d009/s0/44884d0e-a76d-4898-8f45-bcc0b035f111
2024-05-03 18:50:19,007 [s0-impl-thread1] INFO  server.RaftServerConfigKeys (ConfUtils.java:logGet(46)) - raft.server.log.queue.byte-limit = 64MB (=67108864) (default)
2024-05-03 18:50:19,008 [s0-impl-thread1] INFO  server.RaftServerConfigKeys (ConfUtils.java:logGet(46)) - raft.server.log.queue.element-limit = 4096 (default)
2024-05-03 18:50:19,011 [s0-impl-thread1] INFO  server.RaftServerConfigKeys (ConfUtils.java:logGet(46)) - raft.server.log.segment.size.max = 32MB (=33554432) (default)
2024-05-03 18:50:19,011 [s0-impl-thread1] INFO  server.RaftServerConfigKeys (ConfUtils.java:logGet(46)) - raft.server.log.preallocated.size = 4MB (=4194304) (default)
2024-05-03 18:50:19,012 [s0-impl-thread1] INFO  server.RaftServerConfigKeys (ConfUtils.java:logGet(46)) - raft.server.log.force.sync.num = 128 (default)
2024-05-03 18:50:19,012 [s0-impl-thread1] INFO  server.RaftServerConfigKeys (ConfUtils.java:logGet(46)) - raft.server.log.statemachine.data.sync = true (default)
2024-05-03 18:50:19,013 [s0-impl-thread1] INFO  server.RaftServerConfigKeys (ConfUtils.java:logGet(46)) - raft.server.log.statemachine.data.sync.timeout = 10s (default)
2024-05-03 18:50:19,013 [s0-impl-thread1] INFO  server.RaftServerConfigKeys (ConfUtils.java:logGet(46)) - raft.server.log.statemachine.data.sync.timeout.retry = -1 (default)
2024-05-03 18:50:19,014 [s0-impl-thread1] INFO  server.RaftServerConfigKeys (ConfUtils.java:logGet(46)) - raft.server.log.write.buffer.size = 8MB (=8388608) (default)
2024-05-03 18:50:19,016 [s0-impl-thread1] INFO  server.RaftServerConfigKeys (ConfUtils.java:logGet(46)) - raft.server.log.appender.buffer.byte-limit = 4MB (=4194304) (default)
2024-05-03 18:50:19,016 [s0-impl-thread1] INFO  server.RaftServerConfigKeys (ConfUtils.java:logGet(46)) - raft.server.log.unsafe-flush.enabled = false (default)
2024-05-03 18:50:19,017 [s0-impl-thread1] INFO  server.RaftServerConfigKeys (ConfUtils.java:logGet(46)) - raft.server.log.async-flush.enabled = false (default)
2024-05-03 18:50:19,017 [s0-impl-thread1] INFO  server.RaftServerConfigKeys (ConfUtils.java:logGet(46)) - raft.server.log.statemachine.data.caching.enabled = false (default)
2024-05-03 18:50:19,025 [s0-impl-thread1] INFO  segmented.SegmentedRaftLogWorker (SegmentedRaftLogWorker.java:lambda$new$0(135)) - s0@group-BCC0B035F111-SegmentedRaftLogWorker: flushIndex: setUnconditionally 0 -> -1
2024-05-03 18:50:19,025 [s0-impl-thread1] INFO  segmented.SegmentedRaftLogWorker (SegmentedRaftLogWorker.java:lambda$new$0(135)) - s0@group-BCC0B035F111-SegmentedRaftLogWorker: safeCacheEvictIndex: setUnconditionally 0 -> -1
2024-05-03 18:50:19,027 [s0-impl-thread1] INFO  server.RaftServer$Division (RaftServerImpl.java:start(389)) - s0@group-BCC0B035F111: start as a follower, conf=conf: {index: -1, cur=peers:[s0|localhost:15000, s1|localhost:15004, s2|localhost:15008]|listeners:[], old=null}
2024-05-03 18:50:19,027 [s0-impl-thread1] INFO  server.RaftServer$Division (RaftServerImpl.java:setRole(376)) - s0@group-BCC0B035F111: changes role from      null to FOLLOWER at term 0 for startAsFollower
2024-05-03 18:50:19,029 [s0-impl-thread1] INFO  impl.RoleInfo (RoleInfo.java:updateAndGet(148)) - s0: start s0@group-BCC0B035F111-FollowerState
2024-05-03 18:50:19,030 [s0-impl-thread1] INFO  util.JmxRegister (JmxRegister.java:tryRegister(44)) - Successfully registered JMX Bean with object name Ratis:service=RaftServer,group=group-BCC0B035F111,id=s0
2024-05-03 18:50:19,030 [s0-impl-thread1] INFO  util.JmxRegister (JmxRegister.java:register(58)) - register mxBean class org.apache.ratis.server.impl.RaftServerJmxAdapter as Ratis:service=RaftServer,group=group-BCC0B035F111,id=s0
2024-05-03 18:50:19,060 [s0-impl-thread1] INFO  server.RaftServerConfigKeys (ConfUtils.java:logGet(46)) - raft.server.snapshot.trigger-when-stop.enabled = true (default)
2024-05-03 18:50:19,060 [s0@group-BCC0B035F111-FollowerState] INFO  server.RaftServerConfigKeys (ConfUtils.java:logFallback(53)) - raft.server.rpc.first-election.timeout.min = 150ms (fallback to raft.server.rpc.timeout.min)
2024-05-03 18:50:19,060 [s0@group-BCC0B035F111-FollowerState] INFO  server.RaftServerConfigKeys (ConfUtils.java:logFallback(53)) - raft.server.rpc.first-election.timeout.max = 300ms (fallback to raft.server.rpc.timeout.max)
2024-05-03 18:50:19,060 [s0-impl-thread1] INFO  server.RaftServerConfigKeys (ConfUtils.java:logGet(46)) - raft.server.snapshot.trigger-when-remove.enabled = true (default)
2024-05-03 18:50:19,061 [s0-impl-thread1] INFO  server.RaftServerConfigKeys (ConfUtils.java:logGet(46)) - raft.server.snapshot.auto.trigger.enabled = false (default)
2024-05-03 18:50:19,061 [s0-impl-thread1] INFO  server.RaftServerConfigKeys (ConfUtils.java:logGet(46)) - raft.server.snapshot.retention.file.num = -1 (default)
2024-05-03 18:50:19,061 [s0-impl-thread1] INFO  server.RaftServerConfigKeys (ConfUtils.java:logGet(46)) - raft.server.log.purge.upto.snapshot.index = false (default)
2024-05-03 18:50:19,065 [main] INFO  server.RaftServer (RaftServerProxy.java:startImpl(407)) - s0: start RPC server
2024-05-03 18:50:19,068 [s1-impl-thread1] INFO  server.RaftServerConfigKeys (ConfUtils.java:logGet(46)) - raft.server.storage.free-space.min = 0MB (=0) (default)
2024-05-03 18:50:19,069 [JvmPauseMonitor0] INFO  util.JvmPauseMonitor (JvmPauseMonitor.java:run(146)) - JvmPauseMonitor-s0: Started
2024-05-03 18:50:19,069 [s1-impl-thread1] INFO  server.RaftServerConfigKeys (ConfUtils.java:logGet(46)) - raft.server.log.corruption.policy = EXCEPTION (default)
2024-05-03 18:50:19,069 [s1-impl-thread1] INFO  server.RaftServerConfigKeys (ConfUtils.java:logGet(46)) - raft.server.storage.dir = [/home/runner/work/ratis/ratis/ratis-test/target/test/data/14253bed/MiniRaftClusterWithSimulatedRpce720d009/s1] (custom)
2024-05-03 18:50:19,069 [s1-impl-thread1] INFO  storage.RaftStorageDirectory (RaftStorageDirectoryImpl.java:analyzeStorage(138)) - The storage directory /home/runner/work/ratis/ratis/ratis-test/target/test/data/14253bed/MiniRaftClusterWithSimulatedRpce720d009/s1/44884d0e-a76d-4898-8f45-bcc0b035f111 does not exist. Creating ...
2024-05-03 18:50:19,070 [s1-impl-thread1] TRACE util.FileUtils (LogUtils.java:runAndLog(49)) - Successfully ran Files.createDirectories /home/runner/work/ratis/ratis/ratis-test/target/test/data/14253bed/MiniRaftClusterWithSimulatedRpce720d009/s1/44884d0e-a76d-4898-8f45-bcc0b035f111
2024-05-03 18:50:19,071 [s1-impl-thread1] INFO  storage.RaftStorageDirectory (RaftStorageDirectoryImpl.java:tryLock(229)) - Lock on /home/runner/work/ratis/ratis/ratis-test/target/test/data/14253bed/MiniRaftClusterWithSimulatedRpce720d009/s1/44884d0e-a76d-4898-8f45-bcc0b035f111/in_use.lock acquired by nodename 2940@fv-az1423-355
2024-05-03 18:50:19,072 [s1-impl-thread1] TRACE util.FileUtils (LogUtils.java:runAndLog(49)) - Successfully ran Files.createDirectories /home/runner/work/ratis/ratis/ratis-test/target/test/data/14253bed/MiniRaftClusterWithSimulatedRpce720d009/s1/44884d0e-a76d-4898-8f45-bcc0b035f111/current
2024-05-03 18:50:19,072 [s1-impl-thread1] TRACE util.FileUtils (LogUtils.java:runAndLog(49)) - Successfully ran Files.createDirectories /home/runner/work/ratis/ratis/ratis-test/target/test/data/14253bed/MiniRaftClusterWithSimulatedRpce720d009/s1/44884d0e-a76d-4898-8f45-bcc0b035f111/sm
2024-05-03 18:50:19,072 [s1-impl-thread1] TRACE util.FileUtils (LogUtils.java:supplyAndLog(69)) - Successfully supplied FileChannel.open /home/runner/work/ratis/ratis/ratis-test/target/test/data/14253bed/MiniRaftClusterWithSimulatedRpce720d009/s1/44884d0e-a76d-4898-8f45-bcc0b035f111/current/raft-meta.tmp with options [CREATE, WRITE]: sun.nio.ch.FileChannelImpl@3c603c36
2024-05-03 18:50:19,074 [s1-impl-thread1] TRACE util.FileUtils (LogUtils.java:runAndLog(49)) - Successfully ran Atomic Files.move /home/runner/work/ratis/ratis/ratis-test/target/test/data/14253bed/MiniRaftClusterWithSimulatedRpce720d009/s1/44884d0e-a76d-4898-8f45-bcc0b035f111/current/raft-meta.tmp to /home/runner/work/ratis/ratis/ratis-test/target/test/data/14253bed/MiniRaftClusterWithSimulatedRpce720d009/s1/44884d0e-a76d-4898-8f45-bcc0b035f111/current/raft-meta with options [REPLACE_EXISTING]
2024-05-03 18:50:19,074 [s1-impl-thread1] INFO  storage.RaftStorage (RaftStorageImpl.java:format(98)) - Storage directory /home/runner/work/ratis/ratis/ratis-test/target/test/data/14253bed/MiniRaftClusterWithSimulatedRpce720d009/s1/44884d0e-a76d-4898-8f45-bcc0b035f111 has been successfully formatted.
2024-05-03 18:50:19,074 [s1-impl-thread1] INFO  impl.SimpleStateMachine4Testing (SimpleStateMachine4Testing.java:initialize(216)) - Initializing SMTransactionContext:uninitialized
2024-05-03 18:50:19,074 [s1-impl-thread1] INFO  impl.SimpleStateMachine4Testing (SimpleStateMachine4Testing.java:loadSnapshot(301)) - Loading snapshot null
2024-05-03 18:50:19,074 [s1-impl-thread1] INFO  server.RaftServerConfigKeys (ConfUtils.java:logGet(46)) - raft.server.log.use.memory = false (default)
2024-05-03 18:50:19,074 [s1-impl-thread1] INFO  server.RaftServerConfigKeys (ConfUtils.java:logGet(46)) - raft.server.log.purge.gap = 1024 (default)
2024-05-03 18:50:19,074 [s1-impl-thread1] INFO  server.RaftServerConfigKeys (ConfUtils.java:logGet(46)) - raft.server.log.appender.buffer.byte-limit = 4MB (=4194304) (default)
2024-05-03 18:50:19,075 [s1-impl-thread1] INFO  server.RaftServerConfigKeys (ConfUtils.java:logGet(46)) - raft.server.log.statemachine.data.read.timeout = 1000ms (default)
2024-05-03 18:50:19,075 [s1-impl-thread1] INFO  server.RaftServerConfigKeys (ConfUtils.java:logGet(46)) - raft.server.log.purge.preservation.log.num = 0 (default)
2024-05-03 18:50:19,076 [s1-impl-thread1] INFO  server.RaftServerConfigKeys (ConfUtils.java:logGet(46)) - raft.server.log.segment.size.max = 32MB (=33554432) (default)
2024-05-03 18:50:19,076 [s1-impl-thread1] INFO  server.RaftServerConfigKeys (ConfUtils.java:logGet(46)) - raft.server.log.segment.cache.num.max = 6 (default)
2024-05-03 18:50:19,076 [s1-impl-thread1] INFO  server.RaftServerConfigKeys (ConfUtils.java:logGet(46)) - raft.server.log.segment.cache.size.max = 200MB (=209715200) (default)
2024-05-03 18:50:19,076 [s1-impl-thread1] INFO  server.RaftServerConfigKeys (ConfUtils.java:logGet(46)) - raft.server.log.appender.buffer.byte-limit = 4MB (=4194304) (default)
2024-05-03 18:50:19,076 [s1-impl-thread1] INFO  util.AwaitToRun (AwaitToRun.java:start(81)) - Thread[s1@group-BCC0B035F111-cacheEviction-AwaitToRun,5,main] started
2024-05-03 18:50:19,076 [s1-impl-thread1] INFO  segmented.SegmentedRaftLogWorker (SegmentedRaftLogWorker.java:<init>(184)) - new s1@group-BCC0B035F111-SegmentedRaftLogWorker for RaftStorageImpl:Storage Directory /home/runner/work/ratis/ratis/ratis-test/target/test/data/14253bed/MiniRaftClusterWithSimulatedRpce720d009/s1/44884d0e-a76d-4898-8f45-bcc0b035f111
2024-05-03 18:50:19,077 [s1-impl-thread1] INFO  server.RaftServerConfigKeys (ConfUtils.java:logGet(46)) - raft.server.log.queue.byte-limit = 64MB (=67108864) (default)
2024-05-03 18:50:19,077 [s1-impl-thread1] INFO  server.RaftServerConfigKeys (ConfUtils.java:logGet(46)) - raft.server.log.queue.element-limit = 4096 (default)
2024-05-03 18:50:19,077 [s1-impl-thread1] INFO  server.RaftServerConfigKeys (ConfUtils.java:logGet(46)) - raft.server.log.segment.size.max = 32MB (=33554432) (default)
2024-05-03 18:50:19,077 [s1-impl-thread1] INFO  server.RaftServerConfigKeys (ConfUtils.java:logGet(46)) - raft.server.log.preallocated.size = 4MB (=4194304) (default)
2024-05-03 18:50:19,077 [s1-impl-thread1] INFO  server.RaftServerConfigKeys (ConfUtils.java:logGet(46)) - raft.server.log.force.sync.num = 128 (default)
2024-05-03 18:50:19,077 [s1-impl-thread1] INFO  server.RaftServerConfigKeys (ConfUtils.java:logGet(46)) - raft.server.log.statemachine.data.sync = true (default)
2024-05-03 18:50:19,077 [s1-impl-thread1] INFO  server.RaftServerConfigKeys (ConfUtils.java:logGet(46)) - raft.server.log.statemachine.data.sync.timeout = 10s (default)
2024-05-03 18:50:19,077 [s1-impl-thread1] INFO  server.RaftServerConfigKeys (ConfUtils.java:logGet(46)) - raft.server.log.statemachine.data.sync.timeout.retry = -1 (default)
2024-05-03 18:50:19,077 [s1-impl-thread1] INFO  server.RaftServerConfigKeys (ConfUtils.java:logGet(46)) - raft.server.log.write.buffer.size = 8MB (=8388608) (default)
2024-05-03 18:50:19,078 [s1-impl-thread1] INFO  server.RaftServerConfigKeys (ConfUtils.java:logGet(46)) - raft.server.log.appender.buffer.byte-limit = 4MB (=4194304) (default)
2024-05-03 18:50:19,078 [s1-impl-thread1] INFO  server.RaftServerConfigKeys (ConfUtils.java:logGet(46)) - raft.server.log.unsafe-flush.enabled = false (default)
2024-05-03 18:50:19,079 [s1-impl-thread1] INFO  server.RaftServerConfigKeys (ConfUtils.java:logGet(46)) - raft.server.log.async-flush.enabled = false (default)
2024-05-03 18:50:19,079 [s1-impl-thread1] INFO  server.RaftServerConfigKeys (ConfUtils.java:logGet(46)) - raft.server.log.statemachine.data.caching.enabled = false (default)
2024-05-03 18:50:19,079 [s1-impl-thread1] INFO  segmented.SegmentedRaftLogWorker (SegmentedRaftLogWorker.java:lambda$new$0(135)) - s1@group-BCC0B035F111-SegmentedRaftLogWorker: flushIndex: setUnconditionally 0 -> -1
2024-05-03 18:50:19,079 [s1-impl-thread1] INFO  segmented.SegmentedRaftLogWorker (SegmentedRaftLogWorker.java:lambda$new$0(135)) - s1@group-BCC0B035F111-SegmentedRaftLogWorker: safeCacheEvictIndex: setUnconditionally 0 -> -1
2024-05-03 18:50:19,079 [s1-impl-thread1] INFO  server.RaftServer$Division (RaftServerImpl.java:start(389)) - s1@group-BCC0B035F111: start as a follower, conf=conf: {index: -1, cur=peers:[s0|localhost:15000, s1|localhost:15004, s2|localhost:15008]|listeners:[], old=null}
2024-05-03 18:50:19,079 [s1-impl-thread1] INFO  server.RaftServer$Division (RaftServerImpl.java:setRole(376)) - s1@group-BCC0B035F111: changes role from      null to FOLLOWER at term 0 for startAsFollower
2024-05-03 18:50:19,079 [s1-impl-thread1] INFO  impl.RoleInfo (RoleInfo.java:updateAndGet(148)) - s1: start s1@group-BCC0B035F111-FollowerState
2024-05-03 18:50:19,080 [s1-impl-thread1] INFO  util.JmxRegister (JmxRegister.java:tryRegister(44)) - Successfully registered JMX Bean with object name Ratis:service=RaftServer,group=group-BCC0B035F111,id=s1
2024-05-03 18:50:19,080 [s1@group-BCC0B035F111-FollowerState] INFO  server.RaftServerConfigKeys (ConfUtils.java:logFallback(53)) - raft.server.rpc.first-election.timeout.min = 150ms (fallback to raft.server.rpc.timeout.min)
2024-05-03 18:50:19,080 [s1-impl-thread1] INFO  util.JmxRegister (JmxRegister.java:register(58)) - register mxBean class org.apache.ratis.server.impl.RaftServerJmxAdapter as Ratis:service=RaftServer,group=group-BCC0B035F111,id=s1
2024-05-03 18:50:19,080 [s1-impl-thread1] INFO  server.RaftServerConfigKeys (ConfUtils.java:logGet(46)) - raft.server.snapshot.trigger-when-stop.enabled = true (default)
2024-05-03 18:50:19,080 [s1-impl-thread1] INFO  server.RaftServerConfigKeys (ConfUtils.java:logGet(46)) - raft.server.snapshot.trigger-when-remove.enabled = true (default)
2024-05-03 18:50:19,080 [s1-impl-thread1] INFO  server.RaftServerConfigKeys (ConfUtils.java:logGet(46)) - raft.server.snapshot.auto.trigger.enabled = false (default)
2024-05-03 18:50:19,080 [s1@group-BCC0B035F111-FollowerState] INFO  server.RaftServerConfigKeys (ConfUtils.java:logFallback(53)) - raft.server.rpc.first-election.timeout.max = 300ms (fallback to raft.server.rpc.timeout.max)
2024-05-03 18:50:19,080 [s1-impl-thread1] INFO  server.RaftServerConfigKeys (ConfUtils.java:logGet(46)) - raft.server.snapshot.retention.file.num = -1 (default)
2024-05-03 18:50:19,080 [s1-impl-thread1] INFO  server.RaftServerConfigKeys (ConfUtils.java:logGet(46)) - raft.server.log.purge.upto.snapshot.index = false (default)
2024-05-03 18:50:19,081 [main] INFO  server.RaftServer (RaftServerProxy.java:startImpl(407)) - s1: start RPC server
2024-05-03 18:50:19,081 [JvmPauseMonitor1] INFO  util.JvmPauseMonitor (JvmPauseMonitor.java:run(146)) - JvmPauseMonitor-s1: Started
2024-05-03 18:50:19,081 [s2-impl-thread1] INFO  server.RaftServerConfigKeys (ConfUtils.java:logGet(46)) - raft.server.storage.free-space.min = 0MB (=0) (default)
2024-05-03 18:50:19,082 [s2-impl-thread1] INFO  server.RaftServerConfigKeys (ConfUtils.java:logGet(46)) - raft.server.log.corruption.policy = EXCEPTION (default)
2024-05-03 18:50:19,082 [s2-impl-thread1] INFO  server.RaftServerConfigKeys (ConfUtils.java:logGet(46)) - raft.server.storage.dir = [/home/runner/work/ratis/ratis/ratis-test/target/test/data/14253bed/MiniRaftClusterWithSimulatedRpce720d009/s2] (custom)
2024-05-03 18:50:19,082 [s2-impl-thread1] INFO  storage.RaftStorageDirectory (RaftStorageDirectoryImpl.java:analyzeStorage(138)) - The storage directory /home/runner/work/ratis/ratis/ratis-test/target/test/data/14253bed/MiniRaftClusterWithSimulatedRpce720d009/s2/44884d0e-a76d-4898-8f45-bcc0b035f111 does not exist. Creating ...
2024-05-03 18:50:19,082 [s2-impl-thread1] TRACE util.FileUtils (LogUtils.java:runAndLog(49)) - Successfully ran Files.createDirectories /home/runner/work/ratis/ratis/ratis-test/target/test/data/14253bed/MiniRaftClusterWithSimulatedRpce720d009/s2/44884d0e-a76d-4898-8f45-bcc0b035f111
2024-05-03 18:50:19,083 [s2-impl-thread1] INFO  storage.RaftStorageDirectory (RaftStorageDirectoryImpl.java:tryLock(229)) - Lock on /home/runner/work/ratis/ratis/ratis-test/target/test/data/14253bed/MiniRaftClusterWithSimulatedRpce720d009/s2/44884d0e-a76d-4898-8f45-bcc0b035f111/in_use.lock acquired by nodename 2940@fv-az1423-355
2024-05-03 18:50:19,083 [s2-impl-thread1] TRACE util.FileUtils (LogUtils.java:runAndLog(49)) - Successfully ran Files.createDirectories /home/runner/work/ratis/ratis/ratis-test/target/test/data/14253bed/MiniRaftClusterWithSimulatedRpce720d009/s2/44884d0e-a76d-4898-8f45-bcc0b035f111/current
2024-05-03 18:50:19,083 [s2-impl-thread1] TRACE util.FileUtils (LogUtils.java:runAndLog(49)) - Successfully ran Files.createDirectories /home/runner/work/ratis/ratis/ratis-test/target/test/data/14253bed/MiniRaftClusterWithSimulatedRpce720d009/s2/44884d0e-a76d-4898-8f45-bcc0b035f111/sm
2024-05-03 18:50:19,083 [s2-impl-thread1] TRACE util.FileUtils (LogUtils.java:supplyAndLog(69)) - Successfully supplied FileChannel.open /home/runner/work/ratis/ratis/ratis-test/target/test/data/14253bed/MiniRaftClusterWithSimulatedRpce720d009/s2/44884d0e-a76d-4898-8f45-bcc0b035f111/current/raft-meta.tmp with options [CREATE, WRITE]: sun.nio.ch.FileChannelImpl@3acf0325
2024-05-03 18:50:19,084 [s2-impl-thread1] TRACE util.FileUtils (LogUtils.java:runAndLog(49)) - Successfully ran Atomic Files.move /home/runner/work/ratis/ratis/ratis-test/target/test/data/14253bed/MiniRaftClusterWithSimulatedRpce720d009/s2/44884d0e-a76d-4898-8f45-bcc0b035f111/current/raft-meta.tmp to /home/runner/work/ratis/ratis/ratis-test/target/test/data/14253bed/MiniRaftClusterWithSimulatedRpce720d009/s2/44884d0e-a76d-4898-8f45-bcc0b035f111/current/raft-meta with options [REPLACE_EXISTING]
2024-05-03 18:50:19,085 [s2-impl-thread1] INFO  storage.RaftStorage (RaftStorageImpl.java:format(98)) - Storage directory /home/runner/work/ratis/ratis/ratis-test/target/test/data/14253bed/MiniRaftClusterWithSimulatedRpce720d009/s2/44884d0e-a76d-4898-8f45-bcc0b035f111 has been successfully formatted.
2024-05-03 18:50:19,085 [s2-impl-thread1] INFO  impl.SimpleStateMachine4Testing (SimpleStateMachine4Testing.java:initialize(216)) - Initializing SMTransactionContext:uninitialized
2024-05-03 18:50:19,085 [s2-impl-thread1] INFO  impl.SimpleStateMachine4Testing (SimpleStateMachine4Testing.java:loadSnapshot(301)) - Loading snapshot null
2024-05-03 18:50:19,085 [s2-impl-thread1] INFO  server.RaftServerConfigKeys (ConfUtils.java:logGet(46)) - raft.server.log.use.memory = false (default)
2024-05-03 18:50:19,085 [s2-impl-thread1] INFO  server.RaftServerConfigKeys (ConfUtils.java:logGet(46)) - raft.server.log.purge.gap = 1024 (default)
2024-05-03 18:50:19,085 [s2-impl-thread1] INFO  server.RaftServerConfigKeys (ConfUtils.java:logGet(46)) - raft.server.log.appender.buffer.byte-limit = 4MB (=4194304) (default)
2024-05-03 18:50:19,086 [s2-impl-thread1] INFO  server.RaftServerConfigKeys (ConfUtils.java:logGet(46)) - raft.server.log.statemachine.data.read.timeout = 1000ms (default)
2024-05-03 18:50:19,086 [s2-impl-thread1] INFO  server.RaftServerConfigKeys (ConfUtils.java:logGet(46)) - raft.server.log.purge.preservation.log.num = 0 (default)
2024-05-03 18:50:19,087 [s2-impl-thread1] INFO  server.RaftServerConfigKeys (ConfUtils.java:logGet(46)) - raft.server.log.segment.size.max = 32MB (=33554432) (default)
2024-05-03 18:50:19,087 [s2-impl-thread1] INFO  server.RaftServerConfigKeys (ConfUtils.java:logGet(46)) - raft.server.log.segment.cache.num.max = 6 (default)
2024-05-03 18:50:19,087 [s2-impl-thread1] INFO  server.RaftServerConfigKeys (ConfUtils.java:logGet(46)) - raft.server.log.segment.cache.size.max = 200MB (=209715200) (default)
2024-05-03 18:50:19,087 [s2-impl-thread1] INFO  server.RaftServerConfigKeys (ConfUtils.java:logGet(46)) - raft.server.log.appender.buffer.byte-limit = 4MB (=4194304) (default)
2024-05-03 18:50:19,088 [s2-impl-thread1] INFO  util.AwaitToRun (AwaitToRun.java:start(81)) - Thread[s2@group-BCC0B035F111-cacheEviction-AwaitToRun,5,main] started
2024-05-03 18:50:19,088 [s2-impl-thread1] INFO  segmented.SegmentedRaftLogWorker (SegmentedRaftLogWorker.java:<init>(184)) - new s2@group-BCC0B035F111-SegmentedRaftLogWorker for RaftStorageImpl:Storage Directory /home/runner/work/ratis/ratis/ratis-test/target/test/data/14253bed/MiniRaftClusterWithSimulatedRpce720d009/s2/44884d0e-a76d-4898-8f45-bcc0b035f111
2024-05-03 18:50:19,088 [s2-impl-thread1] INFO  server.RaftServerConfigKeys (ConfUtils.java:logGet(46)) - raft.server.log.queue.byte-limit = 64MB (=67108864) (default)
2024-05-03 18:50:19,088 [s2-impl-thread1] INFO  server.RaftServerConfigKeys (ConfUtils.java:logGet(46)) - raft.server.log.queue.element-limit = 4096 (default)
2024-05-03 18:50:19,088 [s2-impl-thread1] INFO  server.RaftServerConfigKeys (ConfUtils.java:logGet(46)) - raft.server.log.segment.size.max = 32MB (=33554432) (default)
2024-05-03 18:50:19,088 [s2-impl-thread1] INFO  server.RaftServerConfigKeys (ConfUtils.java:logGet(46)) - raft.server.log.preallocated.size = 4MB (=4194304) (default)
2024-05-03 18:50:19,089 [s2-impl-thread1] INFO  server.RaftServerConfigKeys (ConfUtils.java:logGet(46)) - raft.server.log.force.sync.num = 128 (default)
2024-05-03 18:50:19,089 [s2-impl-thread1] INFO  server.RaftServerConfigKeys (ConfUtils.java:logGet(46)) - raft.server.log.statemachine.data.sync = true (default)
2024-05-03 18:50:19,089 [s2-impl-thread1] INFO  server.RaftServerConfigKeys (ConfUtils.java:logGet(46)) - raft.server.log.statemachine.data.sync.timeout = 10s (default)
2024-05-03 18:50:19,089 [s2-impl-thread1] INFO  server.RaftServerConfigKeys (ConfUtils.java:logGet(46)) - raft.server.log.statemachine.data.sync.timeout.retry = -1 (default)
2024-05-03 18:50:19,089 [s2-impl-thread1] INFO  server.RaftServerConfigKeys (ConfUtils.java:logGet(46)) - raft.server.log.write.buffer.size = 8MB (=8388608) (default)
2024-05-03 18:50:19,091 [s2-impl-thread1] INFO  server.RaftServerConfigKeys (ConfUtils.java:logGet(46)) - raft.server.log.appender.buffer.byte-limit = 4MB (=4194304) (default)
2024-05-03 18:50:19,091 [s2-impl-thread1] INFO  server.RaftServerConfigKeys (ConfUtils.java:logGet(46)) - raft.server.log.unsafe-flush.enabled = false (default)
2024-05-03 18:50:19,091 [s2-impl-thread1] INFO  server.RaftServerConfigKeys (ConfUtils.java:logGet(46)) - raft.server.log.async-flush.enabled = false (default)
2024-05-03 18:50:19,091 [s2-impl-thread1] INFO  server.RaftServerConfigKeys (ConfUtils.java:logGet(46)) - raft.server.log.statemachine.data.caching.enabled = false (default)
2024-05-03 18:50:19,092 [s2-impl-thread1] INFO  segmented.SegmentedRaftLogWorker (SegmentedRaftLogWorker.java:lambda$new$0(135)) - s2@group-BCC0B035F111-SegmentedRaftLogWorker: flushIndex: setUnconditionally 0 -> -1
2024-05-03 18:50:19,092 [s2-impl-thread1] INFO  segmented.SegmentedRaftLogWorker (SegmentedRaftLogWorker.java:lambda$new$0(135)) - s2@group-BCC0B035F111-SegmentedRaftLogWorker: safeCacheEvictIndex: setUnconditionally 0 -> -1
2024-05-03 18:50:19,092 [s2-impl-thread1] INFO  server.RaftServer$Division (RaftServerImpl.java:start(389)) - s2@group-BCC0B035F111: start as a follower, conf=conf: {index: -1, cur=peers:[s0|localhost:15000, s1|localhost:15004, s2|localhost:15008]|listeners:[], old=null}
2024-05-03 18:50:19,092 [s2-impl-thread1] INFO  server.RaftServer$Division (RaftServerImpl.java:setRole(376)) - s2@group-BCC0B035F111: changes role from      null to FOLLOWER at term 0 for startAsFollower
2024-05-03 18:50:19,092 [s2-impl-thread1] INFO  impl.RoleInfo (RoleInfo.java:updateAndGet(148)) - s2: start s2@group-BCC0B035F111-FollowerState
2024-05-03 18:50:19,093 [s2@group-BCC0B035F111-FollowerState] INFO  server.RaftServerConfigKeys (ConfUtils.java:logFallback(53)) - raft.server.rpc.first-election.timeout.min = 150ms (fallback to raft.server.rpc.timeout.min)
2024-05-03 18:50:19,093 [s2-impl-thread1] INFO  util.JmxRegister (JmxRegister.java:tryRegister(44)) - Successfully registered JMX Bean with object name Ratis:service=RaftServer,group=group-BCC0B035F111,id=s2
2024-05-03 18:50:19,093 [s2@group-BCC0B035F111-FollowerState] INFO  server.RaftServerConfigKeys (ConfUtils.java:logFallback(53)) - raft.server.rpc.first-election.timeout.max = 300ms (fallback to raft.server.rpc.timeout.max)
2024-05-03 18:50:19,093 [s2-impl-thread1] INFO  util.JmxRegister (JmxRegister.java:register(58)) - register mxBean class org.apache.ratis.server.impl.RaftServerJmxAdapter as Ratis:service=RaftServer,group=group-BCC0B035F111,id=s2
2024-05-03 18:50:19,093 [s2-impl-thread1] INFO  server.RaftServerConfigKeys (ConfUtils.java:logGet(46)) - raft.server.snapshot.trigger-when-stop.enabled = true (default)
2024-05-03 18:50:19,093 [s2-impl-thread1] INFO  server.RaftServerConfigKeys (ConfUtils.java:logGet(46)) - raft.server.snapshot.trigger-when-remove.enabled = true (default)
2024-05-03 18:50:19,093 [s2-impl-thread1] INFO  server.RaftServerConfigKeys (ConfUtils.java:logGet(46)) - raft.server.snapshot.auto.trigger.enabled = false (default)
2024-05-03 18:50:19,093 [s2-impl-thread1] INFO  server.RaftServerConfigKeys (ConfUtils.java:logGet(46)) - raft.server.snapshot.retention.file.num = -1 (default)
2024-05-03 18:50:19,093 [s2-impl-thread1] INFO  server.RaftServerConfigKeys (ConfUtils.java:logGet(46)) - raft.server.log.purge.upto.snapshot.index = false (default)
2024-05-03 18:50:19,094 [main] INFO  server.RaftServer (RaftServerProxy.java:startImpl(407)) - s2: start RPC server
2024-05-03 18:50:19,095 [JvmPauseMonitor2] INFO  util.JvmPauseMonitor (JvmPauseMonitor.java:run(146)) - JvmPauseMonitor-s2: Started
2024-05-03 18:50:19,102 [main] DEBUG client.RaftClient (ConfUtils.java:logGet(46)) - raft.rpc.type = org.apache.ratis.server.simulation.SimulatedRpc (custom)
2024-05-03 18:50:19,132 [main] DEBUG client.RaftClient (RaftClientImpl.java:get(158)) - client-CA0EFDF6E02E: get 1 returns []
2024-05-03 18:50:19,133 [main] DEBUG client.RaftClient (RaftClientImpl.java:newRequest(95)) - attempt #1, newRequest RaftClientRequest:client-CA0EFDF6E02E->s0@group-BCC0B035F111, cid=1, seq=null, RW, m0
2024-05-03 18:50:19,144 [s0-client-thread1] DEBUG server.RaftServer$Division (RaftServerImpl.java:submitClientRequestAsync(889)) - s0@group-BCC0B035F111: receive client request(RaftClientRequest:client-CA0EFDF6E02E->s0@group-BCC0B035F111, cid=1, seq=null, RW, m0)
2024-05-03 18:50:19,172 [main] DEBUG client.RaftClient (RaftClientImpl.java:handleIOException(418)) - client-CA0EFDF6E02E: suggested new leader: null. Failed RaftClientRequest:client-CA0EFDF6E02E->s0@group-BCC0B035F111, cid=1, seq=null, RW, m0
org.apache.ratis.protocol.exceptions.NotLeaderException: Server s0@group-BCC0B035F111 is not the leader
	at org.apache.ratis.server.impl.RaftServerImpl.generateNotLeaderException(RaftServerImpl.java:766)
	at org.apache.ratis.server.impl.RaftServerImpl.checkLeaderState(RaftServerImpl.java:731)
	at org.apache.ratis.server.impl.RaftServerImpl.checkLeaderState(RaftServerImpl.java:717)
	at org.apache.ratis.server.impl.RaftServerImpl.writeAsync(RaftServerImpl.java:938)
	at org.apache.ratis.server.impl.RaftServerImpl.replyFuture(RaftServerImpl.java:930)
	at org.apache.ratis.server.impl.RaftServerImpl.submitClientRequestAsync(RaftServerImpl.java:903)
	at org.apache.ratis.server.impl.RaftServerImpl.lambda$executeSubmitClientRequestAsync$12(RaftServerImpl.java:882)
	at java.util.concurrent.CompletableFuture$AsyncSupply.run(CompletableFuture.java:1604)
	at java.util.concurrent.ThreadPoolExecutor.runWorker(ThreadPoolExecutor.java:1149)
	at java.util.concurrent.ThreadPoolExecutor$Worker.run(ThreadPoolExecutor.java:624)
	at java.lang.Thread.run(Thread.java:750)
2024-05-03 18:50:19,175 [main] DEBUG client.RaftClient (RaftClientImpl.java:handleIOException(436)) - client-CA0EFDF6E02E: oldLeader=s0,  curLeader=s0, newLeader=s2
2024-05-03 18:50:19,175 [main] DEBUG client.RaftClient (RaftClientImpl.java:handleIOException(442)) - client-CA0EFDF6E02E changes Leader from s0 to s2 for group-BCC0B035F111
org.apache.ratis.protocol.exceptions.NotLeaderException: Server s0@group-BCC0B035F111 is not the leader
	at org.apache.ratis.server.impl.RaftServerImpl.generateNotLeaderException(RaftServerImpl.java:766)
	at org.apache.ratis.server.impl.RaftServerImpl.checkLeaderState(RaftServerImpl.java:731)
	at org.apache.ratis.server.impl.RaftServerImpl.checkLeaderState(RaftServerImpl.java:717)
	at org.apache.ratis.server.impl.RaftServerImpl.writeAsync(RaftServerImpl.java:938)
	at org.apache.ratis.server.impl.RaftServerImpl.replyFuture(RaftServerImpl.java:930)
	at org.apache.ratis.server.impl.RaftServerImpl.submitClientRequestAsync(RaftServerImpl.java:903)
	at org.apache.ratis.server.impl.RaftServerImpl.lambda$executeSubmitClientRequestAsync$12(RaftServerImpl.java:882)
	at java.util.concurrent.CompletableFuture$AsyncSupply.run(CompletableFuture.java:1604)
	at java.util.concurrent.ThreadPoolExecutor.runWorker(ThreadPoolExecutor.java:1149)
	at java.util.concurrent.ThreadPoolExecutor$Worker.run(ThreadPoolExecutor.java:624)
	at java.lang.Thread.run(Thread.java:750)
2024-05-03 18:50:19,264 [s1@group-BCC0B035F111-FollowerState] INFO  impl.FollowerState (FollowerState.java:run(144)) - s1@group-BCC0B035F111-FollowerState: change to CANDIDATE, lastRpcElapsedTime:185047443ns, electionTimeout:183ms
2024-05-03 18:50:19,265 [s1@group-BCC0B035F111-FollowerState] INFO  impl.RoleInfo (RoleInfo.java:shutdownFollowerState(119)) - s1: shutdown s1@group-BCC0B035F111-FollowerState
2024-05-03 18:50:19,265 [s1@group-BCC0B035F111-FollowerState] INFO  server.RaftServer$Division (RaftServerImpl.java:setRole(376)) - s1@group-BCC0B035F111: changes role from  FOLLOWER to CANDIDATE at term 0 for changeToCandidate
2024-05-03 18:50:19,269 [s1@group-BCC0B035F111-FollowerState] INFO  server.RaftServerConfigKeys (ConfUtils.java:logGet(46)) - raft.server.leaderelection.pre-vote = true (default)
2024-05-03 18:50:19,269 [s1@group-BCC0B035F111-FollowerState] INFO  impl.RoleInfo (RoleInfo.java:updateAndGet(148)) - s1: start s1@group-BCC0B035F111-LeaderElection1
2024-05-03 18:50:19,271 [s1@group-BCC0B035F111-LeaderElection1] INFO  impl.LeaderElection (LeaderElection.java:askForVotes(321)) - s1@group-BCC0B035F111-LeaderElection1 PRE_VOTE round 0: submit vote requests at term 0 for conf: {index: -1, cur=peers:[s0|localhost:15000, s1|localhost:15004, s2|localhost:15008]|listeners:[], old=null}
2024-05-03 18:50:19,276 [main] DEBUG client.RaftClient (RaftClientImpl.java:get(158)) - client-CA0EFDF6E02E: get 1 returns []
2024-05-03 18:50:19,277 [main] DEBUG client.RaftClient (RaftClientImpl.java:newRequest(95)) - attempt #2, newRequest RaftClientRequest:client-CA0EFDF6E02E->s2@group-BCC0B035F111, cid=1, seq=null, RW, m0
2024-05-03 18:50:19,277 [s2-client-thread1] DEBUG server.RaftServer$Division (RaftServerImpl.java:submitClientRequestAsync(889)) - s2@group-BCC0B035F111: receive client request(RaftClientRequest:client-CA0EFDF6E02E->s2@group-BCC0B035F111, cid=1, seq=null, RW, m0)
2024-05-03 18:50:19,295 [s1@group-BCC0B035F111-LeaderElection1] INFO  server.RaftServerConfigKeys (ConfUtils.java:logFallback(53)) - raft.server.rpc.first-election.timeout.min = 150ms (fallback to raft.server.rpc.timeout.min)
2024-05-03 18:50:19,295 [s1@group-BCC0B035F111-LeaderElection1] INFO  server.RaftServerConfigKeys (ConfUtils.java:logFallback(53)) - raft.server.rpc.first-election.timeout.max = 300ms (fallback to raft.server.rpc.timeout.max)
2024-05-03 18:50:19,297 [main] DEBUG client.RaftClient (RaftClientImpl.java:handleIOException(418)) - client-CA0EFDF6E02E: suggested new leader: null. Failed RaftClientRequest:client-CA0EFDF6E02E->s2@group-BCC0B035F111, cid=1, seq=null, RW, m0
org.apache.ratis.protocol.exceptions.NotLeaderException: Server s2@group-BCC0B035F111 is not the leader
	at org.apache.ratis.server.impl.RaftServerImpl.generateNotLeaderException(RaftServerImpl.java:766)
	at org.apache.ratis.server.impl.RaftServerImpl.checkLeaderState(RaftServerImpl.java:731)
	at org.apache.ratis.server.impl.RaftServerImpl.checkLeaderState(RaftServerImpl.java:717)
	at org.apache.ratis.server.impl.RaftServerImpl.writeAsync(RaftServerImpl.java:938)
	at org.apache.ratis.server.impl.RaftServerImpl.replyFuture(RaftServerImpl.java:930)
	at org.apache.ratis.server.impl.RaftServerImpl.submitClientRequestAsync(RaftServerImpl.java:903)
	at org.apache.ratis.server.impl.RaftServerImpl.lambda$executeSubmitClientRequestAsync$12(RaftServerImpl.java:882)
	at java.util.concurrent.CompletableFuture$AsyncSupply.run(CompletableFuture.java:1604)
	at java.util.concurrent.ThreadPoolExecutor.runWorker(ThreadPoolExecutor.java:1149)
	at java.util.concurrent.ThreadPoolExecutor$Worker.run(ThreadPoolExecutor.java:624)
	at java.lang.Thread.run(Thread.java:750)
2024-05-03 18:50:19,298 [main] DEBUG client.RaftClient (RaftClientImpl.java:handleIOException(436)) - client-CA0EFDF6E02E: oldLeader=s2,  curLeader=s2, newLeader=s0
2024-05-03 18:50:19,298 [main] DEBUG client.RaftClient (RaftClientImpl.java:handleIOException(442)) - client-CA0EFDF6E02E changes Leader from s2 to s0 for group-BCC0B035F111
org.apache.ratis.protocol.exceptions.NotLeaderException: Server s2@group-BCC0B035F111 is not the leader
	at org.apache.ratis.server.impl.RaftServerImpl.generateNotLeaderException(RaftServerImpl.java:766)
	at org.apache.ratis.server.impl.RaftServerImpl.checkLeaderState(RaftServerImpl.java:731)
	at org.apache.ratis.server.impl.RaftServerImpl.checkLeaderState(RaftServerImpl.java:717)
	at org.apache.ratis.server.impl.RaftServerImpl.writeAsync(RaftServerImpl.java:938)
	at org.apache.ratis.server.impl.RaftServerImpl.replyFuture(RaftServerImpl.java:930)
	at org.apache.ratis.server.impl.RaftServerImpl.submitClientRequestAsync(RaftServerImpl.java:903)
	at org.apache.ratis.server.impl.RaftServerImpl.lambda$executeSubmitClientRequestAsync$12(RaftServerImpl.java:882)
	at java.util.concurrent.CompletableFuture$AsyncSupply.run(CompletableFuture.java:1604)
	at java.util.concurrent.ThreadPoolExecutor.runWorker(ThreadPoolExecutor.java:1149)
	at java.util.concurrent.ThreadPoolExecutor$Worker.run(ThreadPoolExecutor.java:624)
	at java.lang.Thread.run(Thread.java:750)
2024-05-03 18:50:19,301 [HandlerDaemon-0] INFO  server.RaftServer$Division (RaftServerImpl.java:requestVote(1403)) - s0@group-BCC0B035F111: receive requestVote(PRE_VOTE, s1, group-BCC0B035F111, 0, (t:0, i:0))
2024-05-03 18:50:19,302 [HandlerDaemon-0] INFO  server.RaftServer$Division (RaftServerImpl.java:requestVote(1403)) - s2@group-BCC0B035F111: receive requestVote(PRE_VOTE, s1, group-BCC0B035F111, 0, (t:0, i:0))
2024-05-03 18:50:19,303 [HandlerDaemon-0] INFO  impl.VoteContext (VoteContext.java:log(49)) - s2@group-BCC0B035F111-FOLLOWER: accept PRE_VOTE from s1: our priority 0 <= candidate's priority 0
2024-05-03 18:50:19,303 [HandlerDaemon-0] INFO  impl.VoteContext (VoteContext.java:log(49)) - s0@group-BCC0B035F111-FOLLOWER: accept PRE_VOTE from s1: our priority 0 <= candidate's priority 0
2024-05-03 18:50:19,311 [HandlerDaemon-0] INFO  server.RaftServer$Division (RaftServerImpl.java:requestVote(1436)) - s2@group-BCC0B035F111 replies to PRE_VOTE vote request: s1<-s2#0:OK-t0. Peer's state: s2@group-BCC0B035F111:t0, leader=null, voted=, raftlog=Memoized:s2@group-BCC0B035F111-SegmentedRaftLog:OPENED:c-1:lastnull, conf=conf: {index: -1, cur=peers:[s0|localhost:15000, s1|localhost:15004, s2|localhost:15008]|listeners:[], old=null}
2024-05-03 18:50:19,311 [HandlerDaemon-0] INFO  server.RaftServer$Division (RaftServerImpl.java:requestVote(1436)) - s0@group-BCC0B035F111 replies to PRE_VOTE vote request: s1<-s0#0:OK-t0. Peer's state: s0@group-BCC0B035F111:t0, leader=null, voted=, raftlog=Memoized:s0@group-BCC0B035F111-SegmentedRaftLog:OPENED:c-1:lastnull, conf=conf: {index: -1, cur=peers:[s0|localhost:15000, s1|localhost:15004, s2|localhost:15008]|listeners:[], old=null}
2024-05-03 18:50:19,312 [s0@group-BCC0B035F111-FollowerState] INFO  server.RaftServerConfigKeys (ConfUtils.java:logFallback(53)) - raft.server.rpc.first-election.timeout.min = 150ms (fallback to raft.server.rpc.timeout.min)
2024-05-03 18:50:19,312 [s0@group-BCC0B035F111-FollowerState] INFO  server.RaftServerConfigKeys (ConfUtils.java:logFallback(53)) - raft.server.rpc.first-election.timeout.max = 300ms (fallback to raft.server.rpc.timeout.max)
2024-05-03 18:50:19,318 [s2@group-BCC0B035F111-FollowerState] INFO  server.RaftServerConfigKeys (ConfUtils.java:logFallback(53)) - raft.server.rpc.first-election.timeout.min = 150ms (fallback to raft.server.rpc.timeout.min)
2024-05-03 18:50:19,318 [s2@group-BCC0B035F111-FollowerState] INFO  server.RaftServerConfigKeys (ConfUtils.java:logFallback(53)) - raft.server.rpc.first-election.timeout.max = 300ms (fallback to raft.server.rpc.timeout.max)
2024-05-03 18:50:19,325 [s1@group-BCC0B035F111-LeaderElection1] INFO  impl.LeaderElection (LeaderElection.java:logAndReturn(89)) - s1@group-BCC0B035F111-LeaderElection1: PRE_VOTE PASSED received 1 response(s) and 0 exception(s):
2024-05-03 18:50:19,325 [s1@group-BCC0B035F111-LeaderElection1] INFO  impl.LeaderElection (LeaderElection.java:logAndReturn(93)) -   Response 0: s1<-s0#0:OK-t0
2024-05-03 18:50:19,325 [s1@group-BCC0B035F111-LeaderElection1] INFO  impl.LeaderElection (LeaderElection.java:askForVotes(323)) - s1@group-BCC0B035F111-LeaderElection1 PRE_VOTE round 0: result PASSED
2024-05-03 18:50:19,326 [s1@group-BCC0B035F111-LeaderElection1] TRACE util.FileUtils (LogUtils.java:supplyAndLog(69)) - Successfully supplied FileChannel.open /home/runner/work/ratis/ratis/ratis-test/target/test/data/14253bed/MiniRaftClusterWithSimulatedRpce720d009/s1/44884d0e-a76d-4898-8f45-bcc0b035f111/current/raft-meta.tmp with options [CREATE, WRITE]: sun.nio.ch.FileChannelImpl@35e7378e
2024-05-03 18:50:19,327 [s1@group-BCC0B035F111-LeaderElection1] TRACE util.FileUtils (LogUtils.java:runAndLog(49)) - Successfully ran Atomic Files.move /home/runner/work/ratis/ratis/ratis-test/target/test/data/14253bed/MiniRaftClusterWithSimulatedRpce720d009/s1/44884d0e-a76d-4898-8f45-bcc0b035f111/current/raft-meta.tmp to /home/runner/work/ratis/ratis/ratis-test/target/test/data/14253bed/MiniRaftClusterWithSimulatedRpce720d009/s1/44884d0e-a76d-4898-8f45-bcc0b035f111/current/raft-meta with options [REPLACE_EXISTING]
2024-05-03 18:50:19,328 [s1@group-BCC0B035F111-LeaderElection1] INFO  impl.LeaderElection (LeaderElection.java:askForVotes(321)) - s1@group-BCC0B035F111-LeaderElection1 ELECTION round 0: submit vote requests at term 1 for conf: {index: -1, cur=peers:[s0|localhost:15000, s1|localhost:15004, s2|localhost:15008]|listeners:[], old=null}
2024-05-03 18:50:19,328 [s1@group-BCC0B035F111-LeaderElection1] INFO  server.RaftServerConfigKeys (ConfUtils.java:logFallback(53)) - raft.server.rpc.first-election.timeout.min = 150ms (fallback to raft.server.rpc.timeout.min)
2024-05-03 18:50:19,328 [s1@group-BCC0B035F111-LeaderElection1] INFO  server.RaftServerConfigKeys (ConfUtils.java:logFallback(53)) - raft.server.rpc.first-election.timeout.max = 300ms (fallback to raft.server.rpc.timeout.max)
2024-05-03 18:50:19,329 [HandlerDaemon-1] INFO  server.RaftServer$Division (RaftServerImpl.java:requestVote(1403)) - s0@group-BCC0B035F111: receive requestVote(ELECTION, s1, group-BCC0B035F111, 1, (t:0, i:0))
2024-05-03 18:50:19,329 [HandlerDaemon-1] INFO  impl.VoteContext (VoteContext.java:log(49)) - s0@group-BCC0B035F111-FOLLOWER: accept ELECTION from s1: our priority 0 <= candidate's priority 0
2024-05-03 18:50:19,329 [HandlerDaemon-1] INFO  server.RaftServer$Division (RaftServerImpl.java:requestVote(1403)) - s2@group-BCC0B035F111: receive requestVote(ELECTION, s1, group-BCC0B035F111, 1, (t:0, i:0))
2024-05-03 18:50:19,329 [HandlerDaemon-1] INFO  impl.VoteContext (VoteContext.java:log(49)) - s2@group-BCC0B035F111-FOLLOWER: accept ELECTION from s1: our priority 0 <= candidate's priority 0
2024-05-03 18:50:19,330 [HandlerDaemon-1] INFO  server.RaftServer$Division (RaftServerImpl.java:setRole(376)) - s2@group-BCC0B035F111: changes role from  FOLLOWER to FOLLOWER at term 1 for candidate:s1
2024-05-03 18:50:19,330 [HandlerDaemon-1] INFO  server.RaftServer$Division (RaftServerImpl.java:setRole(376)) - s0@group-BCC0B035F111: changes role from  FOLLOWER to FOLLOWER at term 1 for candidate:s1
2024-05-03 18:50:19,330 [HandlerDaemon-1] INFO  impl.RoleInfo (RoleInfo.java:shutdownFollowerState(119)) - s0: shutdown s0@group-BCC0B035F111-FollowerState
2024-05-03 18:50:19,330 [HandlerDaemon-1] INFO  impl.RoleInfo (RoleInfo.java:updateAndGet(148)) - s0: start s0@group-BCC0B035F111-FollowerState
2024-05-03 18:50:19,330 [s0@group-BCC0B035F111-FollowerState] INFO  impl.FollowerState (FollowerState.java:run(153)) - s0@group-BCC0B035F111-FollowerState was interrupted
2024-05-03 18:50:19,330 [HandlerDaemon-1] INFO  impl.RoleInfo (RoleInfo.java:shutdownFollowerState(119)) - s2: shutdown s2@group-BCC0B035F111-FollowerState
2024-05-03 18:50:19,330 [HandlerDaemon-1] INFO  server.RaftServer$Division (RaftServerImpl.java:setFirstElection(549)) - s0@group-BCC0B035F111: set firstElectionSinceStartup to false for candidate:s1
2024-05-03 18:50:19,331 [HandlerDaemon-1] TRACE util.FileUtils (LogUtils.java:supplyAndLog(69)) - Successfully supplied FileChannel.open /home/runner/work/ratis/ratis/ratis-test/target/test/data/14253bed/MiniRaftClusterWithSimulatedRpce720d009/s0/44884d0e-a76d-4898-8f45-bcc0b035f111/current/raft-meta.tmp with options [CREATE, WRITE]: sun.nio.ch.FileChannelImpl@5fd37fd
2024-05-03 18:50:19,331 [HandlerDaemon-1] INFO  impl.RoleInfo (RoleInfo.java:updateAndGet(148)) - s2: start s2@group-BCC0B035F111-FollowerState
2024-05-03 18:50:19,332 [s2@group-BCC0B035F111-FollowerState] INFO  impl.FollowerState (FollowerState.java:run(153)) - s2@group-BCC0B035F111-FollowerState was interrupted
2024-05-03 18:50:19,332 [HandlerDaemon-1] INFO  server.RaftServer$Division (RaftServerImpl.java:setFirstElection(549)) - s2@group-BCC0B035F111: set firstElectionSinceStartup to false for candidate:s1
2024-05-03 18:50:19,332 [HandlerDaemon-1] TRACE util.FileUtils (LogUtils.java:supplyAndLog(69)) - Successfully supplied FileChannel.open /home/runner/work/ratis/ratis/ratis-test/target/test/data/14253bed/MiniRaftClusterWithSimulatedRpce720d009/s2/44884d0e-a76d-4898-8f45-bcc0b035f111/current/raft-meta.tmp with options [CREATE, WRITE]: sun.nio.ch.FileChannelImpl@6bd9d02e
2024-05-03 18:50:19,333 [HandlerDaemon-1] TRACE util.FileUtils (LogUtils.java:runAndLog(49)) - Successfully ran Atomic Files.move /home/runner/work/ratis/ratis/ratis-test/target/test/data/14253bed/MiniRaftClusterWithSimulatedRpce720d009/s0/44884d0e-a76d-4898-8f45-bcc0b035f111/current/raft-meta.tmp to /home/runner/work/ratis/ratis/ratis-test/target/test/data/14253bed/MiniRaftClusterWithSimulatedRpce720d009/s0/44884d0e-a76d-4898-8f45-bcc0b035f111/current/raft-meta with options [REPLACE_EXISTING]
2024-05-03 18:50:19,333 [HandlerDaemon-1] INFO  server.RaftServer$Division (RaftServerImpl.java:requestVote(1436)) - s0@group-BCC0B035F111 replies to ELECTION vote request: s1<-s0#0:OK-t1. Peer's state: s0@group-BCC0B035F111:t1, leader=null, voted=s1, raftlog=Memoized:s0@group-BCC0B035F111-SegmentedRaftLog:OPENED:c-1:lastnull, conf=conf: {index: -1, cur=peers:[s0|localhost:15000, s1|localhost:15004, s2|localhost:15008]|listeners:[], old=null}
2024-05-03 18:50:19,333 [HandlerDaemon-1] TRACE util.FileUtils (LogUtils.java:runAndLog(49)) - Successfully ran Atomic Files.move /home/runner/work/ratis/ratis/ratis-test/target/test/data/14253bed/MiniRaftClusterWithSimulatedRpce720d009/s2/44884d0e-a76d-4898-8f45-bcc0b035f111/current/raft-meta.tmp to /home/runner/work/ratis/ratis/ratis-test/target/test/data/14253bed/MiniRaftClusterWithSimulatedRpce720d009/s2/44884d0e-a76d-4898-8f45-bcc0b035f111/current/raft-meta with options [REPLACE_EXISTING]
2024-05-03 18:50:19,333 [HandlerDaemon-1] INFO  server.RaftServer$Division (RaftServerImpl.java:requestVote(1436)) - s2@group-BCC0B035F111 replies to ELECTION vote request: s1<-s2#0:OK-t1. Peer's state: s2@group-BCC0B035F111:t1, leader=null, voted=s1, raftlog=Memoized:s2@group-BCC0B035F111-SegmentedRaftLog:OPENED:c-1:lastnull, conf=conf: {index: -1, cur=peers:[s0|localhost:15000, s1|localhost:15004, s2|localhost:15008]|listeners:[], old=null}
2024-05-03 18:50:19,346 [s1@group-BCC0B035F111-LeaderElection1] INFO  impl.LeaderElection (LeaderElection.java:logAndReturn(89)) - s1@group-BCC0B035F111-LeaderElection1: ELECTION PASSED received 1 response(s) and 0 exception(s):
2024-05-03 18:50:19,346 [s1@group-BCC0B035F111-LeaderElection1] INFO  impl.LeaderElection (LeaderElection.java:logAndReturn(93)) -   Response 0: s1<-s0#0:OK-t1
2024-05-03 18:50:19,347 [s1@group-BCC0B035F111-LeaderElection1] INFO  impl.LeaderElection (LeaderElection.java:askForVotes(323)) - s1@group-BCC0B035F111-LeaderElection1 ELECTION round 0: result PASSED
2024-05-03 18:50:19,347 [s1@group-BCC0B035F111-LeaderElection1] INFO  impl.RoleInfo (RoleInfo.java:shutdownLeaderElection(139)) - s1: shutdown s1@group-BCC0B035F111-LeaderElection1
2024-05-03 18:50:19,347 [s1@group-BCC0B035F111-LeaderElection1] INFO  server.RaftServer$Division (RaftServerImpl.java:setRole(376)) - s1@group-BCC0B035F111: changes role from CANDIDATE to LEADER at term 1 for changeToLeader
2024-05-03 18:50:19,354 [s1@group-BCC0B035F111-LeaderElection1] INFO  server.RaftServerConfigKeys (ConfUtils.java:logGet(46)) - raft.server.staging.catchup.gap = 1000 (default)
2024-05-03 18:50:19,358 [s1@group-BCC0B035F111-LeaderElection1] INFO  server.RaftServerConfigKeys (ConfUtils.java:logGet(46)) - raft.server.write.element-limit = 4096 (default)
2024-05-03 18:50:19,358 [s1@group-BCC0B035F111-LeaderElection1] INFO  server.RaftServerConfigKeys (ConfUtils.java:logGet(46)) - raft.server.write.byte-limit = 64MB (=67108864) (default)
2024-05-03 18:50:19,362 [s1@group-BCC0B035F111-LeaderElection1] INFO  server.RaftServerConfigKeys (ConfUtils.java:logGet(46)) - raft.server.watch.timeout = 10s (default)
2024-05-03 18:50:19,362 [s1@group-BCC0B035F111-LeaderElection1] INFO  server.RaftServerConfigKeys (ConfUtils.java:logGet(46)) - raft.server.watch.timeout.denomination = 1s (default)
2024-05-03 18:50:19,363 [s1@group-BCC0B035F111-LeaderElection1] INFO  server.RaftServerConfigKeys (ConfUtils.java:logGet(46)) - raft.server.watch.element-limit = 65536 (default)
2024-05-03 18:50:19,369 [s1@group-BCC0B035F111-LeaderElection1] INFO  server.RaftServerConfigKeys (ConfUtils.java:logGet(46)) - raft.server.read.leader.lease.enabled = false (default)
2024-05-03 18:50:19,371 [s1@group-BCC0B035F111-LeaderElection1] INFO  server.RaftServerConfigKeys (ConfUtils.java:logGet(46)) - raft.server.read.leader.lease.timeout.ratio = 0.9 (default)
2024-05-03 18:50:19,371 [s1@group-BCC0B035F111-LeaderElection1] INFO  server.RaftServerConfigKeys (ConfUtils.java:logGet(46)) - raft.server.rpc.timeout.min = 150ms (default)
2024-05-03 18:50:19,371 [s1@group-BCC0B035F111-LeaderElection1] INFO  server.RaftServerConfigKeys (ConfUtils.java:logGet(46)) - raft.server.write.element-limit = 4096 (default)
2024-05-03 18:50:19,371 [s1@group-BCC0B035F111-LeaderElection1] INFO  server.RaftServerConfigKeys (ConfUtils.java:logGet(46)) - raft.server.write.follower.gap.ratio.max = -1.0 (default)
2024-05-03 18:50:19,379 [s1@group-BCC0B035F111-LeaderElection1] INFO  server.RaftServerConfigKeys (ConfUtils.java:logGet(46)) - raft.server.log.appender.snapshot.chunk.size.max = 16MB (=16777216) (default)
2024-05-03 18:50:19,379 [s1@group-BCC0B035F111-LeaderElection1] INFO  server.RaftServerConfigKeys (ConfUtils.java:logGet(46)) - raft.server.log.appender.buffer.byte-limit = 4MB (=4194304) (default)
2024-05-03 18:50:19,379 [s1@group-BCC0B035F111-LeaderElection1] INFO  server.RaftServerConfigKeys (ConfUtils.java:logGet(46)) - raft.server.log.appender.buffer.element-limit = 0 (default)
2024-05-03 18:50:19,381 [s1@group-BCC0B035F111-LeaderElection1] INFO  server.RaftServerConfigKeys (ConfUtils.java:logGet(46)) - raft.server.log.appender.wait-time.min = 1ms (default)
2024-05-03 18:50:19,382 [s1@group-BCC0B035F111-LeaderElection1] INFO  server.RaftServerConfigKeys (ConfUtils.java:logGet(46)) - raft.server.log.appender.snapshot.chunk.size.max = 16MB (=16777216) (default)
2024-05-03 18:50:19,382 [s1@group-BCC0B035F111-LeaderElection1] INFO  server.RaftServerConfigKeys (ConfUtils.java:logGet(46)) - raft.server.log.appender.buffer.byte-limit = 4MB (=4194304) (default)
2024-05-03 18:50:19,382 [s1@group-BCC0B035F111-LeaderElection1] INFO  server.RaftServerConfigKeys (ConfUtils.java:logGet(46)) - raft.server.log.appender.buffer.element-limit = 0 (default)
2024-05-03 18:50:19,382 [s1@group-BCC0B035F111-LeaderElection1] INFO  server.RaftServerConfigKeys (ConfUtils.java:logGet(46)) - raft.server.log.appender.wait-time.min = 1ms (default)
2024-05-03 18:50:19,383 [s1@group-BCC0B035F111-LeaderElection1] INFO  impl.RoleInfo (RoleInfo.java:updateAndGet(148)) - s1: start s1@group-BCC0B035F111-LeaderStateImpl
2024-05-03 18:50:19,383 [s1@group-BCC0B035F111-LeaderElection1] INFO  server.RaftServer$Division (RaftServerImpl.java:setFirstElection(549)) - s1@group-BCC0B035F111: set firstElectionSinceStartup to false for becomeLeader
2024-05-03 18:50:19,383 [s1@group-BCC0B035F111-LeaderElection1] INFO  server.RaftServer$Division (ServerState.java:setLeader(272)) - s1@group-BCC0B035F111: change Leader from null to s1 at term 1 for becomeLeader, leader elected after 601ms
2024-05-03 18:50:19,399 [main] DEBUG client.RaftClient (RaftClientImpl.java:get(158)) - client-CA0EFDF6E02E: get 1 returns []
2024-05-03 18:50:19,399 [main] DEBUG client.RaftClient (RaftClientImpl.java:newRequest(95)) - attempt #3, newRequest RaftClientRequest:client-CA0EFDF6E02E->s0@group-BCC0B035F111, cid=1, seq=null, RW, m0
2024-05-03 18:50:19,399 [s0-client-thread1] DEBUG server.RaftServer$Division (RaftServerImpl.java:submitClientRequestAsync(889)) - s0@group-BCC0B035F111: receive client request(RaftClientRequest:client-CA0EFDF6E02E->s0@group-BCC0B035F111, cid=1, seq=null, RW, m0)
2024-05-03 18:50:19,401 [s1@group-BCC0B035F111-LeaderElection1] INFO  segmented.SegmentedRaftLogWorker (SegmentedRaftLogWorker.java:startLogSegment(433)) - s1@group-BCC0B035F111-SegmentedRaftLogWorker: Starting segment from index:0
2024-05-03 18:50:19,419 [main] DEBUG client.RaftClient (RaftClientImpl.java:handleIOException(418)) - client-CA0EFDF6E02E: suggested new leader: null. Failed RaftClientRequest:client-CA0EFDF6E02E->s0@group-BCC0B035F111, cid=1, seq=null, RW, m0
org.apache.ratis.protocol.exceptions.NotLeaderException: Server s0@group-BCC0B035F111 is not the leader
	at org.apache.ratis.server.impl.RaftServerImpl.generateNotLeaderException(RaftServerImpl.java:766)
	at org.apache.ratis.server.impl.RaftServerImpl.checkLeaderState(RaftServerImpl.java:731)
	at org.apache.ratis.server.impl.RaftServerImpl.checkLeaderState(RaftServerImpl.java:717)
	at org.apache.ratis.server.impl.RaftServerImpl.writeAsync(RaftServerImpl.java:938)
	at org.apache.ratis.server.impl.RaftServerImpl.replyFuture(RaftServerImpl.java:930)
	at org.apache.ratis.server.impl.RaftServerImpl.submitClientRequestAsync(RaftServerImpl.java:903)
	at org.apache.ratis.server.impl.RaftServerImpl.lambda$executeSubmitClientRequestAsync$12(RaftServerImpl.java:882)
	at java.util.concurrent.CompletableFuture$AsyncSupply.run(CompletableFuture.java:1604)
	at java.util.concurrent.ThreadPoolExecutor.runWorker(ThreadPoolExecutor.java:1149)
	at java.util.concurrent.ThreadPoolExecutor$Worker.run(ThreadPoolExecutor.java:624)
	at java.lang.Thread.run(Thread.java:750)
2024-05-03 18:50:19,420 [main] DEBUG client.RaftClient (RaftClientImpl.java:handleIOException(436)) - client-CA0EFDF6E02E: oldLeader=s0,  curLeader=s0, newLeader=s2
2024-05-03 18:50:19,420 [main] DEBUG client.RaftClient (RaftClientImpl.java:handleIOException(442)) - client-CA0EFDF6E02E changes Leader from s0 to s2 for group-BCC0B035F111
org.apache.ratis.protocol.exceptions.NotLeaderException: Server s0@group-BCC0B035F111 is not the leader
	at org.apache.ratis.server.impl.RaftServerImpl.generateNotLeaderException(RaftServerImpl.java:766)
	at org.apache.ratis.server.impl.RaftServerImpl.checkLeaderState(RaftServerImpl.java:731)
	at org.apache.ratis.server.impl.RaftServerImpl.checkLeaderState(RaftServerImpl.java:717)
	at org.apache.ratis.server.impl.RaftServerImpl.writeAsync(RaftServerImpl.java:938)
	at org.apache.ratis.server.impl.RaftServerImpl.replyFuture(RaftServerImpl.java:930)
	at org.apache.ratis.server.impl.RaftServerImpl.submitClientRequestAsync(RaftServerImpl.java:903)
	at org.apache.ratis.server.impl.RaftServerImpl.lambda$executeSubmitClientRequestAsync$12(RaftServerImpl.java:882)
	at java.util.concurrent.CompletableFuture$AsyncSupply.run(CompletableFuture.java:1604)
	at java.util.concurrent.ThreadPoolExecutor.runWorker(ThreadPoolExecutor.java:1149)
	at java.util.concurrent.ThreadPoolExecutor$Worker.run(ThreadPoolExecutor.java:624)
	at java.lang.Thread.run(Thread.java:750)
2024-05-03 18:50:19,427 [s1@group-BCC0B035F111-LeaderElection1] INFO  server.RaftServer$Division (ServerState.java:setRaftConf(386)) - s1@group-BCC0B035F111: set configuration conf: {index: 0, cur=peers:[s0|localhost:15000, s1|localhost:15004, s2|localhost:15008]|listeners:[], old=null}
2024-05-03 18:50:19,438 [s1@group-BCC0B035F111-SegmentedRaftLogWorker] INFO  segmented.BufferedWriteChannel (BufferedWriteChannel.java:open(61)) - open log_inprogress_0 at position 0
2024-05-03 18:50:19,440 [HandlerDaemon-2] INFO  server.RaftServer$Division (ServerState.java:setLeader(272)) - s0@group-BCC0B035F111: change Leader from null to s1 at term 1 for appendEntries, leader elected after 658ms
2024-05-03 18:50:19,447 [s1@group-BCC0B035F111-SegmentedRaftLogWorker] INFO  segmented.SegmentedRaftLogWorker (SegmentedRaftLogWorker.java:execute(641)) - s1@group-BCC0B035F111-SegmentedRaftLogWorker: created new log segment /home/runner/work/ratis/ratis/ratis-test/target/test/data/14253bed/MiniRaftClusterWithSimulatedRpce720d009/s1/44884d0e-a76d-4898-8f45-bcc0b035f111/current/log_inprogress_0
2024-05-03 18:50:19,449 [HandlerDaemon-2] INFO  server.RaftServer$Division (ServerState.java:setLeader(272)) - s2@group-BCC0B035F111: change Leader from null to s1 at term 1 for appendEntries, leader elected after 667ms
2024-05-03 18:50:19,521 [main] DEBUG client.RaftClient (RaftClientImpl.java:get(158)) - client-CA0EFDF6E02E: get 1 returns []
2024-05-03 18:50:19,521 [main] DEBUG client.RaftClient (RaftClientImpl.java:newRequest(95)) - attempt #4, newRequest RaftClientRequest:client-CA0EFDF6E02E->s2@group-BCC0B035F111, cid=1, seq=null, RW, m0
2024-05-03 18:50:19,522 [s2-client-thread1] DEBUG server.RaftServer$Division (RaftServerImpl.java:submitClientRequestAsync(889)) - s2@group-BCC0B035F111: receive client request(RaftClientRequest:client-CA0EFDF6E02E->s2@group-BCC0B035F111, cid=1, seq=null, RW, m0)
2024-05-03 18:50:19,542 [main] DEBUG client.RaftClient (RaftClientImpl.java:handleIOException(418)) - client-CA0EFDF6E02E: suggested new leader: s1. Failed RaftClientRequest:client-CA0EFDF6E02E->s2@group-BCC0B035F111, cid=1, seq=null, RW, m0
org.apache.ratis.protocol.exceptions.NotLeaderException: Server s2@group-BCC0B035F111 is not the leader s1|localhost:15004
	at org.apache.ratis.server.impl.RaftServerImpl.generateNotLeaderException(RaftServerImpl.java:766)
	at org.apache.ratis.server.impl.RaftServerImpl.checkLeaderState(RaftServerImpl.java:731)
	at org.apache.ratis.server.impl.RaftServerImpl.checkLeaderState(RaftServerImpl.java:717)
	at org.apache.ratis.server.impl.RaftServerImpl.writeAsync(RaftServerImpl.java:938)
	at org.apache.ratis.server.impl.RaftServerImpl.replyFuture(RaftServerImpl.java:930)
	at org.apache.ratis.server.impl.RaftServerImpl.submitClientRequestAsync(RaftServerImpl.java:903)
	at org.apache.ratis.server.impl.RaftServerImpl.lambda$executeSubmitClientRequestAsync$12(RaftServerImpl.java:882)
	at java.util.concurrent.CompletableFuture$AsyncSupply.run(CompletableFuture.java:1604)
	at java.util.concurrent.ThreadPoolExecutor.runWorker(ThreadPoolExecutor.java:1149)
	at java.util.concurrent.ThreadPoolExecutor$Worker.run(ThreadPoolExecutor.java:624)
	at java.lang.Thread.run(Thread.java:750)
2024-05-03 18:50:19,542 [main] DEBUG client.RaftClient (RaftClientImpl.java:handleIOException(436)) - client-CA0EFDF6E02E: oldLeader=s2,  curLeader=s2, newLeader=s1
2024-05-03 18:50:19,542 [main] DEBUG client.RaftClient (RaftClientImpl.java:handleIOException(442)) - client-CA0EFDF6E02E changes Leader from s2 to s1 for group-BCC0B035F111
org.apache.ratis.protocol.exceptions.NotLeaderException: Server s2@group-BCC0B035F111 is not the leader s1|localhost:15004
	at org.apache.ratis.server.impl.RaftServerImpl.generateNotLeaderException(RaftServerImpl.java:766)
	at org.apache.ratis.server.impl.RaftServerImpl.checkLeaderState(RaftServerImpl.java:731)
	at org.apache.ratis.server.impl.RaftServerImpl.checkLeaderState(RaftServerImpl.java:717)
	at org.apache.ratis.server.impl.RaftServerImpl.writeAsync(RaftServerImpl.java:938)
	at org.apache.ratis.server.impl.RaftServerImpl.replyFuture(RaftServerImpl.java:930)
	at org.apache.ratis.server.impl.RaftServerImpl.submitClientRequestAsync(RaftServerImpl.java:903)
	at org.apache.ratis.server.impl.RaftServerImpl.lambda$executeSubmitClientRequestAsync$12(RaftServerImpl.java:882)
	at java.util.concurrent.CompletableFuture$AsyncSupply.run(CompletableFuture.java:1604)
	at java.util.concurrent.ThreadPoolExecutor.runWorker(ThreadPoolExecutor.java:1149)
	at java.util.concurrent.ThreadPoolExecutor$Worker.run(ThreadPoolExecutor.java:624)
	at java.lang.Thread.run(Thread.java:750)
2024-05-03 18:50:19,613 [HandlerDaemon-0] DEBUG server.RaftServer$Division (RaftServerImpl.java:logAppendEntries(1505)) - s2@group-BCC0B035F111: appendEntries* s1->s2#6-t1,previous=(t:0, i:0),leaderCommit=-1,initializing? false,entries: size=1, first=(t:1, i:0), CONFIGURATIONENTRY(current:id:"s0"address:"localhost:15000"dataStreamAddress:"localhost:15003"clientAddress:"localhost:15002"adminAddress:"localhost:15001"startupRole:FOLLOWER, id:"s1"address:"localhost:15004"dataStreamAddress:"localhost:15007"clientAddress:"localhost:15006"adminAddress:"localhost:15005"startupRole:FOLLOWER, id:"s2"address:"localhost:15008"dataStreamAddress:"localhost:15011"clientAddress:"localhost:15010"adminAddress:"localhost:15009"startupRole:FOLLOWER, old:)
2024-05-03 18:50:19,613 [HandlerDaemon-0] DEBUG server.RaftServer$Division (RaftServerImpl.java:logAppendEntries(1505)) - s0@group-BCC0B035F111: appendEntries* s1->s0#7-t1,previous=(t:0, i:0),leaderCommit=-1,initializing? false,entries: size=1, first=(t:1, i:0), CONFIGURATIONENTRY(current:id:"s0"address:"localhost:15000"dataStreamAddress:"localhost:15003"clientAddress:"localhost:15002"adminAddress:"localhost:15001"startupRole:FOLLOWER, id:"s1"address:"localhost:15004"dataStreamAddress:"localhost:15007"clientAddress:"localhost:15006"adminAddress:"localhost:15005"startupRole:FOLLOWER, id:"s2"address:"localhost:15008"dataStreamAddress:"localhost:15011"clientAddress:"localhost:15010"adminAddress:"localhost:15009"startupRole:FOLLOWER, old:)
2024-05-03 18:50:19,615 [HandlerDaemon-0] INFO  server.RaftServer$Division (ServerState.java:setRaftConf(386)) - s0@group-BCC0B035F111: set configuration conf: {index: 0, cur=peers:[s0|localhost:15000, s1|localhost:15004, s2|localhost:15008]|listeners:[], old=null}
2024-05-03 18:50:19,615 [HandlerDaemon-0] INFO  server.RaftServer$Division (ServerState.java:setRaftConf(386)) - s2@group-BCC0B035F111: set configuration conf: {index: 0, cur=peers:[s0|localhost:15000, s1|localhost:15004, s2|localhost:15008]|listeners:[], old=null}
2024-05-03 18:50:19,616 [HandlerDaemon-0] INFO  segmented.SegmentedRaftLogWorker (SegmentedRaftLogWorker.java:startLogSegment(433)) - s2@group-BCC0B035F111-SegmentedRaftLogWorker: Starting segment from index:0
2024-05-03 18:50:19,617 [s2@group-BCC0B035F111-SegmentedRaftLogWorker] INFO  segmented.BufferedWriteChannel (BufferedWriteChannel.java:open(61)) - open log_inprogress_0 at position 0
2024-05-03 18:50:19,621 [HandlerDaemon-0] INFO  segmented.SegmentedRaftLogWorker (SegmentedRaftLogWorker.java:startLogSegment(433)) - s0@group-BCC0B035F111-SegmentedRaftLogWorker: Starting segment from index:0
2024-05-03 18:50:19,621 [s0@group-BCC0B035F111-SegmentedRaftLogWorker] INFO  segmented.BufferedWriteChannel (BufferedWriteChannel.java:open(61)) - open log_inprogress_0 at position 0
2024-05-03 18:50:19,629 [s2@group-BCC0B035F111-SegmentedRaftLogWorker] INFO  segmented.SegmentedRaftLogWorker (SegmentedRaftLogWorker.java:execute(641)) - s2@group-BCC0B035F111-SegmentedRaftLogWorker: created new log segment /home/runner/work/ratis/ratis/ratis-test/target/test/data/14253bed/MiniRaftClusterWithSimulatedRpce720d009/s2/44884d0e-a76d-4898-8f45-bcc0b035f111/current/log_inprogress_0
2024-05-03 18:50:19,630 [s2-server-thread1] DEBUG server.RaftServer$Division (RaftServerImpl.java:logAppendEntries(1505)) - s2@group-BCC0B035F111: appendEntries* reply s1<-s2#6:OK-t1,SUCCESS,nextIndex=1,followerCommit=-1,matchIndex=0
2024-05-03 18:50:19,630 [s0@group-BCC0B035F111-SegmentedRaftLogWorker] INFO  segmented.SegmentedRaftLogWorker (SegmentedRaftLogWorker.java:execute(641)) - s0@group-BCC0B035F111-SegmentedRaftLogWorker: created new log segment /home/runner/work/ratis/ratis/ratis-test/target/test/data/14253bed/MiniRaftClusterWithSimulatedRpce720d009/s0/44884d0e-a76d-4898-8f45-bcc0b035f111/current/log_inprogress_0
2024-05-03 18:50:19,631 [s0-server-thread1] DEBUG server.RaftServer$Division (RaftServerImpl.java:logAppendEntries(1505)) - s0@group-BCC0B035F111: appendEntries* reply s1<-s0#7:OK-t1,SUCCESS,nextIndex=1,followerCommit=-1,matchIndex=0
2024-05-03 18:50:19,643 [main] DEBUG client.RaftClient (RaftClientImpl.java:get(158)) - client-CA0EFDF6E02E: get 1 returns []
2024-05-03 18:50:19,643 [main] DEBUG client.RaftClient (RaftClientImpl.java:newRequest(95)) - attempt #5, newRequest RaftClientRequest:client-CA0EFDF6E02E->s1@group-BCC0B035F111, cid=1, seq=null, RW, m0
2024-05-03 18:50:19,643 [s1-client-thread1] DEBUG server.RaftServer$Division (RaftServerImpl.java:submitClientRequestAsync(889)) - s1@group-BCC0B035F111: receive client request(RaftClientRequest:client-CA0EFDF6E02E->s1@group-BCC0B035F111, cid=1, seq=null, RW, m0)
2024-05-03 18:50:19,647 [s1@group-BCC0B035F111-StateMachineUpdater] TRACE util.FileUtils (LogUtils.java:supplyAndLog(69)) - Successfully supplied FileChannel.open /home/runner/work/ratis/ratis/ratis-test/target/test/data/14253bed/MiniRaftClusterWithSimulatedRpce720d009/s1/44884d0e-a76d-4898-8f45-bcc0b035f111/current/raft-meta.conf.tmp with options [CREATE, WRITE]: sun.nio.ch.FileChannelImpl@6354b01f
2024-05-03 18:50:19,651 [s1@group-BCC0B035F111-StateMachineUpdater] TRACE util.FileUtils (LogUtils.java:runAndLog(49)) - Successfully ran Atomic Files.move /home/runner/work/ratis/ratis/ratis-test/target/test/data/14253bed/MiniRaftClusterWithSimulatedRpce720d009/s1/44884d0e-a76d-4898-8f45-bcc0b035f111/current/raft-meta.conf.tmp to /home/runner/work/ratis/ratis/ratis-test/target/test/data/14253bed/MiniRaftClusterWithSimulatedRpce720d009/s1/44884d0e-a76d-4898-8f45-bcc0b035f111/current/raft-meta.conf with options [REPLACE_EXISTING]
2024-05-03 18:50:19,651 [s1@group-BCC0B035F111-StateMachineUpdater] INFO  server.RaftServer$Division (LeaderStateImpl.java:checkStartIndex(317)) - Leader s1@group-BCC0B035F111-LeaderStateImpl is ready since appliedIndex == startIndex == 0
2024-05-03 18:50:19,722 [s2@group-BCC0B035F111-StateMachineUpdater] TRACE util.FileUtils (LogUtils.java:supplyAndLog(69)) - Successfully supplied FileChannel.open /home/runner/work/ratis/ratis/ratis-test/target/test/data/14253bed/MiniRaftClusterWithSimulatedRpce720d009/s2/44884d0e-a76d-4898-8f45-bcc0b035f111/current/raft-meta.conf.tmp with options [CREATE, WRITE]: sun.nio.ch.FileChannelImpl@56bbed8f
2024-05-03 18:50:19,723 [s0@group-BCC0B035F111-StateMachineUpdater] TRACE util.FileUtils (LogUtils.java:supplyAndLog(69)) - Successfully supplied FileChannel.open /home/runner/work/ratis/ratis/ratis-test/target/test/data/14253bed/MiniRaftClusterWithSimulatedRpce720d009/s0/44884d0e-a76d-4898-8f45-bcc0b035f111/current/raft-meta.conf.tmp with options [CREATE, WRITE]: sun.nio.ch.FileChannelImpl@16887697
2024-05-03 18:50:19,725 [s0@group-BCC0B035F111-StateMachineUpdater] TRACE util.FileUtils (LogUtils.java:runAndLog(49)) - Successfully ran Atomic Files.move /home/runner/work/ratis/ratis/ratis-test/target/test/data/14253bed/MiniRaftClusterWithSimulatedRpce720d009/s0/44884d0e-a76d-4898-8f45-bcc0b035f111/current/raft-meta.conf.tmp to /home/runner/work/ratis/ratis/ratis-test/target/test/data/14253bed/MiniRaftClusterWithSimulatedRpce720d009/s0/44884d0e-a76d-4898-8f45-bcc0b035f111/current/raft-meta.conf with options [REPLACE_EXISTING]
2024-05-03 18:50:19,725 [s2@group-BCC0B035F111-StateMachineUpdater] TRACE util.FileUtils (LogUtils.java:runAndLog(49)) - Successfully ran Atomic Files.move /home/runner/work/ratis/ratis/ratis-test/target/test/data/14253bed/MiniRaftClusterWithSimulatedRpce720d009/s2/44884d0e-a76d-4898-8f45-bcc0b035f111/current/raft-meta.conf.tmp to /home/runner/work/ratis/ratis/ratis-test/target/test/data/14253bed/MiniRaftClusterWithSimulatedRpce720d009/s2/44884d0e-a76d-4898-8f45-bcc0b035f111/current/raft-meta.conf with options [REPLACE_EXISTING]
2024-05-03 18:50:19,763 [main] DEBUG client.RaftClient (RaftClientImpl.java:get(158)) - client-CA0EFDF6E02E: get 1 returns []
2024-05-03 18:50:19,763 [main] DEBUG client.RaftClient (RaftClientImpl.java:newRequest(95)) - attempt #6, newRequest RaftClientRequest:client-CA0EFDF6E02E->s1@group-BCC0B035F111, cid=1, seq=null, RW, m0
2024-05-03 18:50:19,763 [s1-client-thread1] DEBUG server.RaftServer$Division (RaftServerImpl.java:submitClientRequestAsync(889)) - s1@group-BCC0B035F111: receive client request(RaftClientRequest:client-CA0EFDF6E02E->s1@group-BCC0B035F111, cid=1, seq=null, RW, m0)
2024-05-03 18:50:19,777 [s1-client-thread1] DEBUG server.RaftServer$Division (LeaderStateImpl.java:addPendingRequest(530)) - s1@group-BCC0B035F111-LeaderStateImpl: addPendingRequest at RaftClientRequest:client-CA0EFDF6E02E->s1@group-BCC0B035F111, cid=1, seq=null, RW, m0, entry=(t:1, i:1), STATEMACHINELOGENTRY, WRITE: logData.size=2, stateMachineData.size=0, logEntryProtoSerializedSize=0
2024-05-03 18:50:19,827 [HandlerDaemon-2] DEBUG server.RaftServer$Division (RaftServerImpl.java:logAppendEntries(1505)) - s2@group-BCC0B035F111: appendEntries* s1->s2#13-t1,previous=(t:1, i:0),leaderCommit=0,initializing? false,entries: size=1, first=(t:1, i:1), STATEMACHINELOGENTRY, StateMachineLogEntryProto:1@client-CA0EFDF6E02E
2024-05-03 18:50:19,827 [HandlerDaemon-2] DEBUG server.RaftServer$Division (RaftServerImpl.java:logAppendEntries(1505)) - s0@group-BCC0B035F111: appendEntries* s1->s0#12-t1,previous=(t:1, i:0),leaderCommit=0,initializing? false,entries: size=1, first=(t:1, i:1), STATEMACHINELOGENTRY, StateMachineLogEntryProto:1@client-CA0EFDF6E02E
2024-05-03 18:50:19,829 [s0-server-thread1] DEBUG server.RaftServer$Division (RaftServerImpl.java:logAppendEntries(1505)) - s0@group-BCC0B035F111: appendEntries* reply s1<-s0#12:OK-t1,SUCCESS,nextIndex=2,followerCommit=0,matchIndex=1
2024-05-03 18:50:19,829 [s2-server-thread1] DEBUG server.RaftServer$Division (RaftServerImpl.java:logAppendEntries(1505)) - s2@group-BCC0B035F111: appendEntries* reply s1<-s2#13:OK-t1,SUCCESS,nextIndex=2,followerCommit=0,matchIndex=1
2024-05-03 18:50:19,848 [HandlerDaemon-0] DEBUG server.RaftServer$Division (RaftServerImpl.java:logAppendEntries(1505)) - s0@group-BCC0B035F111: appendEntries* s1->s0#14-t1,previous=(t:1, i:1),leaderCommit=1,initializing? false,entries: size=1, first=(t:1, i:2), METADATAENTRY(c:1)
2024-05-03 18:50:19,849 [HandlerDaemon-0] DEBUG server.RaftServer$Division (RaftServerImpl.java:logAppendEntries(1505)) - s2@group-BCC0B035F111: appendEntries* s1->s2#15-t1,previous=(t:1, i:1),leaderCommit=1,initializing? false,entries: size=1, first=(t:1, i:2), METADATAENTRY(c:1)
2024-05-03 18:50:19,850 [s2-server-thread1] DEBUG server.RaftServer$Division (RaftServerImpl.java:logAppendEntries(1505)) - s2@group-BCC0B035F111: appendEntries* reply s1<-s2#15:OK-t1,SUCCESS,nextIndex=3,followerCommit=1,matchIndex=2
2024-05-03 18:50:19,853 [s0-server-thread1] DEBUG server.RaftServer$Division (RaftServerImpl.java:logAppendEntries(1505)) - s0@group-BCC0B035F111: appendEntries* reply s1<-s0#14:OK-t1,SUCCESS,nextIndex=3,followerCommit=1,matchIndex=2
2024-05-03 18:50:19,867 [main] DEBUG client.RaftClient (RaftClientImpl.java:add(146)) - client-CA0EFDF6E02E: add replied callId 1
2024-05-03 18:50:19,867 [main] DEBUG client.RaftClient (RaftClientImpl.java:get(158)) - client-CA0EFDF6E02E: get 16 returns [1]
2024-05-03 18:50:19,868 [main] DEBUG client.RaftClient (RaftClientImpl.java:newRequest(95)) - attempt #1, newRequest RaftClientRequest:client-CA0EFDF6E02E->s1@group-BCC0B035F111, cid=16, seq=null, RW, m1
2024-05-03 18:50:19,868 [s1-client-thread1] DEBUG server.RaftServer$Division (RaftServerImpl.java:submitClientRequestAsync(889)) - s1@group-BCC0B035F111: receive client request(RaftClientRequest:client-CA0EFDF6E02E->s1@group-BCC0B035F111, cid=16, seq=null, RW, m1)
2024-05-03 18:50:19,885 [s1-client-thread1] DEBUG server.RaftServer$Division (LeaderStateImpl.java:addPendingRequest(530)) - s1@group-BCC0B035F111-LeaderStateImpl: addPendingRequest at RaftClientRequest:client-CA0EFDF6E02E->s1@group-BCC0B035F111, cid=16, seq=null, RW, m1, entry=(t:1, i:3), STATEMACHINELOGENTRY, WRITE: logData.size=2, stateMachineData.size=0, logEntryProtoSerializedSize=0
2024-05-03 18:50:19,886 [HandlerDaemon-1] DEBUG server.RaftServer$Division (RaftServerImpl.java:logAppendEntries(1505)) - s0@group-BCC0B035F111: appendEntries* s1->s0#17-t1,previous=(t:1, i:2),leaderCommit=2,initializing? false,entries: size=1, first=(t:1, i:3), STATEMACHINELOGENTRY, StateMachineLogEntryProto:16@client-CA0EFDF6E02E
2024-05-03 18:50:19,887 [s0-server-thread1] DEBUG server.RaftServer$Division (RaftServerImpl.java:logAppendEntries(1505)) - s0@group-BCC0B035F111: appendEntries* reply s1<-s0#17:OK-t1,SUCCESS,nextIndex=4,followerCommit=2,matchIndex=3
2024-05-03 18:50:19,887 [HandlerDaemon-1] DEBUG server.RaftServer$Division (RaftServerImpl.java:logAppendEntries(1505)) - s2@group-BCC0B035F111: appendEntries* s1->s2#18-t1,previous=(t:1, i:2),leaderCommit=2,initializing? false,entries: size=1, first=(t:1, i:3), STATEMACHINELOGENTRY, StateMachineLogEntryProto:16@client-CA0EFDF6E02E
2024-05-03 18:50:19,888 [s2-server-thread1] DEBUG server.RaftServer$Division (RaftServerImpl.java:logAppendEntries(1505)) - s2@group-BCC0B035F111: appendEntries* reply s1<-s2#18:OK-t1,SUCCESS,nextIndex=4,followerCommit=2,matchIndex=3
2024-05-03 18:50:19,907 [HandlerDaemon-2] DEBUG server.RaftServer$Division (RaftServerImpl.java:logAppendEntries(1505)) - s2@group-BCC0B035F111: appendEntries* s1->s2#19-t1,previous=(t:1, i:3),leaderCommit=3,initializing? false,entries: size=1, first=(t:1, i:4), METADATAENTRY(c:3)
2024-05-03 18:50:19,907 [HandlerDaemon-2] DEBUG server.RaftServer$Division (RaftServerImpl.java:logAppendEntries(1505)) - s0@group-BCC0B035F111: appendEntries* s1->s0#20-t1,previous=(t:1, i:3),leaderCommit=3,initializing? false,entries: size=1, first=(t:1, i:4), METADATAENTRY(c:3)
2024-05-03 18:50:19,908 [s2-server-thread1] DEBUG server.RaftServer$Division (RaftServerImpl.java:logAppendEntries(1505)) - s2@group-BCC0B035F111: appendEntries* reply s1<-s2#19:OK-t1,SUCCESS,nextIndex=5,followerCommit=3,matchIndex=4
2024-05-03 18:50:19,908 [s0-server-thread1] DEBUG server.RaftServer$Division (RaftServerImpl.java:logAppendEntries(1505)) - s0@group-BCC0B035F111: appendEntries* reply s1<-s0#20:OK-t1,SUCCESS,nextIndex=5,followerCommit=3,matchIndex=4
2024-05-03 18:50:19,922 [main] DEBUG client.RaftClient (RaftClientImpl.java:add(146)) - client-CA0EFDF6E02E: add replied callId 16
2024-05-03 18:50:19,923 [main] DEBUG client.RaftClient (RaftClientImpl.java:get(158)) - client-CA0EFDF6E02E: get 21 returns [16]
2024-05-03 18:50:19,923 [main] DEBUG client.RaftClient (RaftClientImpl.java:newRequest(95)) - attempt #1, newRequest RaftClientRequest:client-CA0EFDF6E02E->s1@group-BCC0B035F111, cid=21, seq=null, RW, m2
2024-05-03 18:50:19,923 [s1-client-thread1] DEBUG server.RaftServer$Division (RaftServerImpl.java:submitClientRequestAsync(889)) - s1@group-BCC0B035F111: receive client request(RaftClientRequest:client-CA0EFDF6E02E->s1@group-BCC0B035F111, cid=21, seq=null, RW, m2)
2024-05-03 18:50:19,924 [s1-client-thread1] DEBUG server.RaftServer$Division (LeaderStateImpl.java:addPendingRequest(530)) - s1@group-BCC0B035F111-LeaderStateImpl: addPendingRequest at RaftClientRequest:client-CA0EFDF6E02E->s1@group-BCC0B035F111, cid=21, seq=null, RW, m2, entry=(t:1, i:5), STATEMACHINELOGENTRY, WRITE: logData.size=2, stateMachineData.size=0, logEntryProtoSerializedSize=0
2024-05-03 18:50:19,924 [HandlerDaemon-0] DEBUG server.RaftServer$Division (RaftServerImpl.java:logAppendEntries(1505)) - s0@group-BCC0B035F111: appendEntries* s1->s0#22-t1,previous=(t:1, i:4),leaderCommit=4,initializing? false,entries: size=1, first=(t:1, i:5), STATEMACHINELOGENTRY, StateMachineLogEntryProto:21@client-CA0EFDF6E02E
2024-05-03 18:50:19,924 [HandlerDaemon-0] DEBUG server.RaftServer$Division (RaftServerImpl.java:logAppendEntries(1505)) - s2@group-BCC0B035F111: appendEntries* s1->s2#23-t1,previous=(t:1, i:4),leaderCommit=4,initializing? false,entries: size=1, first=(t:1, i:5), STATEMACHINELOGENTRY, StateMachineLogEntryProto:21@client-CA0EFDF6E02E
2024-05-03 18:50:19,925 [s0-server-thread1] DEBUG server.RaftServer$Division (RaftServerImpl.java:logAppendEntries(1505)) - s0@group-BCC0B035F111: appendEntries* reply s1<-s0#22:OK-t1,SUCCESS,nextIndex=6,followerCommit=4,matchIndex=5
2024-05-03 18:50:19,925 [s2-server-thread1] DEBUG server.RaftServer$Division (RaftServerImpl.java:logAppendEntries(1505)) - s2@group-BCC0B035F111: appendEntries* reply s1<-s2#23:OK-t1,SUCCESS,nextIndex=6,followerCommit=4,matchIndex=5
2024-05-03 18:50:19,940 [HandlerDaemon-1] DEBUG server.RaftServer$Division (RaftServerImpl.java:logAppendEntries(1505)) - s2@group-BCC0B035F111: appendEntries* s1->s2#24-t1,previous=(t:1, i:5),leaderCommit=5,initializing? false,entries: size=1, first=(t:1, i:6), METADATAENTRY(c:5)
2024-05-03 18:50:19,940 [s2-server-thread1] DEBUG server.RaftServer$Division (RaftServerImpl.java:logAppendEntries(1505)) - s2@group-BCC0B035F111: appendEntries* reply s1<-s2#24:OK-t1,SUCCESS,nextIndex=7,followerCommit=5,matchIndex=6
2024-05-03 18:50:19,943 [HandlerDaemon-1] DEBUG server.RaftServer$Division (RaftServerImpl.java:logAppendEntries(1505)) - s0@group-BCC0B035F111: appendEntries* s1->s0#25-t1,previous=(t:1, i:5),leaderCommit=5,initializing? false,entries: size=1, first=(t:1, i:6), METADATAENTRY(c:5)
2024-05-03 18:50:19,944 [s0-server-thread1] DEBUG server.RaftServer$Division (RaftServerImpl.java:logAppendEntries(1505)) - s0@group-BCC0B035F111: appendEntries* reply s1<-s0#25:OK-t1,SUCCESS,nextIndex=7,followerCommit=5,matchIndex=6
2024-05-03 18:50:19,952 [main] DEBUG client.RaftClient (RaftClientImpl.java:add(146)) - client-CA0EFDF6E02E: add replied callId 21
2024-05-03 18:50:19,952 [main] DEBUG client.RaftClient (RaftClientImpl.java:get(158)) - client-CA0EFDF6E02E: get 26 returns [21]
2024-05-03 18:50:19,952 [main] DEBUG client.RaftClient (RaftClientImpl.java:newRequest(95)) - attempt #1, newRequest RaftClientRequest:client-CA0EFDF6E02E->s1@group-BCC0B035F111, cid=26, seq=null, RW, m3
2024-05-03 18:50:19,953 [s1-client-thread1] DEBUG server.RaftServer$Division (RaftServerImpl.java:submitClientRequestAsync(889)) - s1@group-BCC0B035F111: receive client request(RaftClientRequest:client-CA0EFDF6E02E->s1@group-BCC0B035F111, cid=26, seq=null, RW, m3)
2024-05-03 18:50:19,953 [s1-client-thread1] DEBUG server.RaftServer$Division (LeaderStateImpl.java:addPendingRequest(530)) - s1@group-BCC0B035F111-LeaderStateImpl: addPendingRequest at RaftClientRequest:client-CA0EFDF6E02E->s1@group-BCC0B035F111, cid=26, seq=null, RW, m3, entry=(t:1, i:7), STATEMACHINELOGENTRY, WRITE: logData.size=2, stateMachineData.size=0, logEntryProtoSerializedSize=0
2024-05-03 18:50:19,956 [HandlerDaemon-2] DEBUG server.RaftServer$Division (RaftServerImpl.java:logAppendEntries(1505)) - s2@group-BCC0B035F111: appendEntries* s1->s2#27-t1,previous=(t:1, i:6),leaderCommit=6,initializing? false,entries: size=1, first=(t:1, i:7), STATEMACHINELOGENTRY, StateMachineLogEntryProto:26@client-CA0EFDF6E02E
2024-05-03 18:50:19,957 [s2-server-thread1] DEBUG server.RaftServer$Division (RaftServerImpl.java:logAppendEntries(1505)) - s2@group-BCC0B035F111: appendEntries* reply s1<-s2#27:OK-t1,SUCCESS,nextIndex=8,followerCommit=6,matchIndex=7
2024-05-03 18:50:19,964 [HandlerDaemon-2] DEBUG server.RaftServer$Division (RaftServerImpl.java:logAppendEntries(1505)) - s0@group-BCC0B035F111: appendEntries* s1->s0#28-t1,previous=(t:1, i:6),leaderCommit=6,initializing? false,entries: size=1, first=(t:1, i:7), STATEMACHINELOGENTRY, StateMachineLogEntryProto:26@client-CA0EFDF6E02E
2024-05-03 18:50:19,964 [s0-server-thread1] DEBUG server.RaftServer$Division (RaftServerImpl.java:logAppendEntries(1505)) - s0@group-BCC0B035F111: appendEntries* reply s1<-s0#28:OK-t1,SUCCESS,nextIndex=8,followerCommit=6,matchIndex=7
2024-05-03 18:50:19,977 [HandlerDaemon-0] DEBUG server.RaftServer$Division (RaftServerImpl.java:logAppendEntries(1505)) - s2@group-BCC0B035F111: appendEntries* s1->s2#29-t1,previous=(t:1, i:7),leaderCommit=7,initializing? false,entries: size=1, first=(t:1, i:8), METADATAENTRY(c:7)
2024-05-03 18:50:19,978 [s2-server-thread1] DEBUG server.RaftServer$Division (RaftServerImpl.java:logAppendEntries(1505)) - s2@group-BCC0B035F111: appendEntries* reply s1<-s2#29:OK-t1,SUCCESS,nextIndex=9,followerCommit=7,matchIndex=8
2024-05-03 18:50:19,978 [HandlerDaemon-0] DEBUG server.RaftServer$Division (RaftServerImpl.java:logAppendEntries(1505)) - s0@group-BCC0B035F111: appendEntries* s1->s0#30-t1,previous=(t:1, i:7),leaderCommit=7,initializing? false,entries: size=1, first=(t:1, i:8), METADATAENTRY(c:7)
2024-05-03 18:50:19,979 [s0-server-thread1] DEBUG server.RaftServer$Division (RaftServerImpl.java:logAppendEntries(1505)) - s0@group-BCC0B035F111: appendEntries* reply s1<-s0#30:OK-t1,SUCCESS,nextIndex=9,followerCommit=7,matchIndex=8
2024-05-03 18:50:19,992 [main] DEBUG client.RaftClient (RaftClientImpl.java:add(146)) - client-CA0EFDF6E02E: add replied callId 26
2024-05-03 18:50:19,992 [main] DEBUG client.RaftClient (RaftClientImpl.java:get(158)) - client-CA0EFDF6E02E: get 31 returns [26]
2024-05-03 18:50:19,992 [main] DEBUG client.RaftClient (RaftClientImpl.java:newRequest(95)) - attempt #1, newRequest RaftClientRequest:client-CA0EFDF6E02E->s1@group-BCC0B035F111, cid=31, seq=null, RW, m4
2024-05-03 18:50:19,993 [s1-client-thread1] DEBUG server.RaftServer$Division (RaftServerImpl.java:submitClientRequestAsync(889)) - s1@group-BCC0B035F111: receive client request(RaftClientRequest:client-CA0EFDF6E02E->s1@group-BCC0B035F111, cid=31, seq=null, RW, m4)
2024-05-03 18:50:19,993 [s1-client-thread1] DEBUG server.RaftServer$Division (LeaderStateImpl.java:addPendingRequest(530)) - s1@group-BCC0B035F111-LeaderStateImpl: addPendingRequest at RaftClientRequest:client-CA0EFDF6E02E->s1@group-BCC0B035F111, cid=31, seq=null, RW, m4, entry=(t:1, i:9), STATEMACHINELOGENTRY, WRITE: logData.size=2, stateMachineData.size=0, logEntryProtoSerializedSize=0
2024-05-03 18:50:19,994 [HandlerDaemon-1] DEBUG server.RaftServer$Division (RaftServerImpl.java:logAppendEntries(1505)) - s0@group-BCC0B035F111: appendEntries* s1->s0#32-t1,previous=(t:1, i:8),leaderCommit=8,initializing? false,entries: size=1, first=(t:1, i:9), STATEMACHINELOGENTRY, StateMachineLogEntryProto:31@client-CA0EFDF6E02E
2024-05-03 18:50:19,996 [HandlerDaemon-1] DEBUG server.RaftServer$Division (RaftServerImpl.java:logAppendEntries(1505)) - s2@group-BCC0B035F111: appendEntries* s1->s2#33-t1,previous=(t:1, i:8),leaderCommit=8,initializing? false,entries: size=1, first=(t:1, i:9), STATEMACHINELOGENTRY, StateMachineLogEntryProto:31@client-CA0EFDF6E02E
2024-05-03 18:50:19,996 [s0-server-thread1] DEBUG server.RaftServer$Division (RaftServerImpl.java:logAppendEntries(1505)) - s0@group-BCC0B035F111: appendEntries* reply s1<-s0#32:OK-t1,SUCCESS,nextIndex=10,followerCommit=8,matchIndex=9
2024-05-03 18:50:19,997 [s2-server-thread1] DEBUG server.RaftServer$Division (RaftServerImpl.java:logAppendEntries(1505)) - s2@group-BCC0B035F111: appendEntries* reply s1<-s2#33:OK-t1,SUCCESS,nextIndex=10,followerCommit=8,matchIndex=9
2024-05-03 18:50:20,009 [HandlerDaemon-2] DEBUG server.RaftServer$Division (RaftServerImpl.java:logAppendEntries(1505)) - s2@group-BCC0B035F111: appendEntries* s1->s2#34-t1,previous=(t:1, i:9),leaderCommit=9,initializing? false,entries: size=1, first=(t:1, i:10), METADATAENTRY(c:9)
2024-05-03 18:50:20,009 [s2-server-thread1] DEBUG server.RaftServer$Division (RaftServerImpl.java:logAppendEntries(1505)) - s2@group-BCC0B035F111: appendEntries* reply s1<-s2#34:OK-t1,SUCCESS,nextIndex=11,followerCommit=9,matchIndex=10
2024-05-03 18:50:20,010 [HandlerDaemon-2] DEBUG server.RaftServer$Division (RaftServerImpl.java:logAppendEntries(1505)) - s0@group-BCC0B035F111: appendEntries* s1->s0#35-t1,previous=(t:1, i:9),leaderCommit=9,initializing? false,entries: size=1, first=(t:1, i:10), METADATAENTRY(c:9)
2024-05-03 18:50:20,011 [s0-server-thread1] DEBUG server.RaftServer$Division (RaftServerImpl.java:logAppendEntries(1505)) - s0@group-BCC0B035F111: appendEntries* reply s1<-s0#35:OK-t1,SUCCESS,nextIndex=11,followerCommit=9,matchIndex=10
2024-05-03 18:50:20,021 [main] DEBUG client.RaftClient (RaftClientImpl.java:add(146)) - client-CA0EFDF6E02E: add replied callId 31
2024-05-03 18:50:20,022 [main] DEBUG client.RaftClient (RaftClientImpl.java:get(158)) - client-CA0EFDF6E02E: get 36 returns [31]
2024-05-03 18:50:20,022 [main] DEBUG client.RaftClient (RaftClientImpl.java:newRequest(95)) - attempt #1, newRequest RaftClientRequest:client-CA0EFDF6E02E->s1@group-BCC0B035F111, cid=36, seq=null, RW, m5
2024-05-03 18:50:20,022 [s1-client-thread1] DEBUG server.RaftServer$Division (RaftServerImpl.java:submitClientRequestAsync(889)) - s1@group-BCC0B035F111: receive client request(RaftClientRequest:client-CA0EFDF6E02E->s1@group-BCC0B035F111, cid=36, seq=null, RW, m5)
2024-05-03 18:50:20,023 [s1-client-thread1] DEBUG server.RaftServer$Division (LeaderStateImpl.java:addPendingRequest(530)) - s1@group-BCC0B035F111-LeaderStateImpl: addPendingRequest at RaftClientRequest:client-CA0EFDF6E02E->s1@group-BCC0B035F111, cid=36, seq=null, RW, m5, entry=(t:1, i:11), STATEMACHINELOGENTRY, WRITE: logData.size=2, stateMachineData.size=0, logEntryProtoSerializedSize=0
2024-05-03 18:50:20,025 [HandlerDaemon-0] DEBUG server.RaftServer$Division (RaftServerImpl.java:logAppendEntries(1505)) - s2@group-BCC0B035F111: appendEntries* s1->s2#37-t1,previous=(t:1, i:10),leaderCommit=10,initializing? false,entries: size=1, first=(t:1, i:11), STATEMACHINELOGENTRY, StateMachineLogEntryProto:36@client-CA0EFDF6E02E
2024-05-03 18:50:20,025 [HandlerDaemon-0] DEBUG server.RaftServer$Division (RaftServerImpl.java:logAppendEntries(1505)) - s0@group-BCC0B035F111: appendEntries* s1->s0#38-t1,previous=(t:1, i:10),leaderCommit=10,initializing? false,entries: size=1, first=(t:1, i:11), STATEMACHINELOGENTRY, StateMachineLogEntryProto:36@client-CA0EFDF6E02E
2024-05-03 18:50:20,026 [s2-server-thread1] DEBUG server.RaftServer$Division (RaftServerImpl.java:logAppendEntries(1505)) - s2@group-BCC0B035F111: appendEntries* reply s1<-s2#37:OK-t1,SUCCESS,nextIndex=12,followerCommit=10,matchIndex=11
2024-05-03 18:50:20,026 [s0-server-thread1] DEBUG server.RaftServer$Division (RaftServerImpl.java:logAppendEntries(1505)) - s0@group-BCC0B035F111: appendEntries* reply s1<-s0#38:OK-t1,SUCCESS,nextIndex=12,followerCommit=10,matchIndex=11
2024-05-03 18:50:20,037 [HandlerDaemon-1] DEBUG server.RaftServer$Division (RaftServerImpl.java:logAppendEntries(1505)) - s2@group-BCC0B035F111: appendEntries* s1->s2#39-t1,previous=(t:1, i:11),leaderCommit=11,initializing? false,entries: size=1, first=(t:1, i:12), METADATAENTRY(c:11)
2024-05-03 18:50:20,038 [HandlerDaemon-1] DEBUG server.RaftServer$Division (RaftServerImpl.java:logAppendEntries(1505)) - s0@group-BCC0B035F111: appendEntries* s1->s0#40-t1,previous=(t:1, i:11),leaderCommit=11,initializing? false,entries: size=1, first=(t:1, i:12), METADATAENTRY(c:11)
2024-05-03 18:50:20,038 [s2-server-thread1] DEBUG server.RaftServer$Division (RaftServerImpl.java:logAppendEntries(1505)) - s2@group-BCC0B035F111: appendEntries* reply s1<-s2#39:OK-t1,SUCCESS,nextIndex=13,followerCommit=11,matchIndex=12
2024-05-03 18:50:20,039 [s0-server-thread1] DEBUG server.RaftServer$Division (RaftServerImpl.java:logAppendEntries(1505)) - s0@group-BCC0B035F111: appendEntries* reply s1<-s0#40:OK-t1,SUCCESS,nextIndex=13,followerCommit=11,matchIndex=12
2024-05-03 18:50:20,053 [main] DEBUG client.RaftClient (RaftClientImpl.java:add(146)) - client-CA0EFDF6E02E: add replied callId 36
2024-05-03 18:50:20,053 [main] DEBUG client.RaftClient (RaftClientImpl.java:get(158)) - client-CA0EFDF6E02E: get 41 returns [36]
2024-05-03 18:50:20,053 [main] DEBUG client.RaftClient (RaftClientImpl.java:newRequest(95)) - attempt #1, newRequest RaftClientRequest:client-CA0EFDF6E02E->s1@group-BCC0B035F111, cid=41, seq=null, RW, m6
2024-05-03 18:50:20,053 [s1-client-thread1] DEBUG server.RaftServer$Division (RaftServerImpl.java:submitClientRequestAsync(889)) - s1@group-BCC0B035F111: receive client request(RaftClientRequest:client-CA0EFDF6E02E->s1@group-BCC0B035F111, cid=41, seq=null, RW, m6)
2024-05-03 18:50:20,054 [s1-client-thread1] DEBUG server.RaftServer$Division (LeaderStateImpl.java:addPendingRequest(530)) - s1@group-BCC0B035F111-LeaderStateImpl: addPendingRequest at RaftClientRequest:client-CA0EFDF6E02E->s1@group-BCC0B035F111, cid=41, seq=null, RW, m6, entry=(t:1, i:13), STATEMACHINELOGENTRY, WRITE: logData.size=2, stateMachineData.size=0, logEntryProtoSerializedSize=0
2024-05-03 18:50:20,054 [HandlerDaemon-2] DEBUG server.RaftServer$Division (RaftServerImpl.java:logAppendEntries(1505)) - s2@group-BCC0B035F111: appendEntries* s1->s2#42-t1,previous=(t:1, i:12),leaderCommit=12,initializing? false,entries: size=1, first=(t:1, i:13), STATEMACHINELOGENTRY, StateMachineLogEntryProto:41@client-CA0EFDF6E02E
2024-05-03 18:50:20,055 [HandlerDaemon-2] DEBUG server.RaftServer$Division (RaftServerImpl.java:logAppendEntries(1505)) - s0@group-BCC0B035F111: appendEntries* s1->s0#43-t1,previous=(t:1, i:12),leaderCommit=12,initializing? false,entries: size=1, first=(t:1, i:13), STATEMACHINELOGENTRY, StateMachineLogEntryProto:41@client-CA0EFDF6E02E
2024-05-03 18:50:20,055 [s2-server-thread1] DEBUG server.RaftServer$Division (RaftServerImpl.java:logAppendEntries(1505)) - s2@group-BCC0B035F111: appendEntries* reply s1<-s2#42:OK-t1,SUCCESS,nextIndex=14,followerCommit=12,matchIndex=13
2024-05-03 18:50:20,056 [s0-server-thread1] DEBUG server.RaftServer$Division (RaftServerImpl.java:logAppendEntries(1505)) - s0@group-BCC0B035F111: appendEntries* reply s1<-s0#43:OK-t1,SUCCESS,nextIndex=14,followerCommit=12,matchIndex=13
2024-05-03 18:50:20,071 [HandlerDaemon-0] DEBUG server.RaftServer$Division (RaftServerImpl.java:logAppendEntries(1505)) - s2@group-BCC0B035F111: appendEntries* s1->s2#44-t1,previous=(t:1, i:13),leaderCommit=13,initializing? false,entries: size=1, first=(t:1, i:14), METADATAENTRY(c:13)
2024-05-03 18:50:20,071 [s2-server-thread1] DEBUG server.RaftServer$Division (RaftServerImpl.java:logAppendEntries(1505)) - s2@group-BCC0B035F111: appendEntries* reply s1<-s2#44:OK-t1,SUCCESS,nextIndex=15,followerCommit=13,matchIndex=14
2024-05-03 18:50:20,075 [HandlerDaemon-0] DEBUG server.RaftServer$Division (RaftServerImpl.java:logAppendEntries(1505)) - s0@group-BCC0B035F111: appendEntries* s1->s0#45-t1,previous=(t:1, i:13),leaderCommit=13,initializing? false,entries: size=1, first=(t:1, i:14), METADATAENTRY(c:13)
2024-05-03 18:50:20,076 [s0-server-thread1] DEBUG server.RaftServer$Division (RaftServerImpl.java:logAppendEntries(1505)) - s0@group-BCC0B035F111: appendEntries* reply s1<-s0#45:OK-t1,SUCCESS,nextIndex=15,followerCommit=13,matchIndex=14
2024-05-03 18:50:20,088 [main] DEBUG client.RaftClient (RaftClientImpl.java:add(146)) - client-CA0EFDF6E02E: add replied callId 41
2024-05-03 18:50:20,088 [main] DEBUG client.RaftClient (RaftClientImpl.java:get(158)) - client-CA0EFDF6E02E: get 46 returns [41]
2024-05-03 18:50:20,089 [main] DEBUG client.RaftClient (RaftClientImpl.java:newRequest(95)) - attempt #1, newRequest RaftClientRequest:client-CA0EFDF6E02E->s1@group-BCC0B035F111, cid=46, seq=null, RW, m7
2024-05-03 18:50:20,089 [s1-client-thread1] DEBUG server.RaftServer$Division (RaftServerImpl.java:submitClientRequestAsync(889)) - s1@group-BCC0B035F111: receive client request(RaftClientRequest:client-CA0EFDF6E02E->s1@group-BCC0B035F111, cid=46, seq=null, RW, m7)
2024-05-03 18:50:20,089 [s1-client-thread1] DEBUG server.RaftServer$Division (LeaderStateImpl.java:addPendingRequest(530)) - s1@group-BCC0B035F111-LeaderStateImpl: addPendingRequest at RaftClientRequest:client-CA0EFDF6E02E->s1@group-BCC0B035F111, cid=46, seq=null, RW, m7, entry=(t:1, i:15), STATEMACHINELOGENTRY, WRITE: logData.size=2, stateMachineData.size=0, logEntryProtoSerializedSize=0
2024-05-03 18:50:20,090 [HandlerDaemon-1] DEBUG server.RaftServer$Division (RaftServerImpl.java:logAppendEntries(1505)) - s2@group-BCC0B035F111: appendEntries* s1->s2#47-t1,previous=(t:1, i:14),leaderCommit=14,initializing? false,entries: size=1, first=(t:1, i:15), STATEMACHINELOGENTRY, StateMachineLogEntryProto:46@client-CA0EFDF6E02E
2024-05-03 18:50:20,090 [s2-server-thread1] DEBUG server.RaftServer$Division (RaftServerImpl.java:logAppendEntries(1505)) - s2@group-BCC0B035F111: appendEntries* reply s1<-s2#47:OK-t1,SUCCESS,nextIndex=16,followerCommit=14,matchIndex=15
2024-05-03 18:50:20,094 [HandlerDaemon-1] DEBUG server.RaftServer$Division (RaftServerImpl.java:logAppendEntries(1505)) - s0@group-BCC0B035F111: appendEntries* s1->s0#48-t1,previous=(t:1, i:14),leaderCommit=14,initializing? false,entries: size=1, first=(t:1, i:15), STATEMACHINELOGENTRY, StateMachineLogEntryProto:46@client-CA0EFDF6E02E
2024-05-03 18:50:20,095 [s0-server-thread1] DEBUG server.RaftServer$Division (RaftServerImpl.java:logAppendEntries(1505)) - s0@group-BCC0B035F111: appendEntries* reply s1<-s0#48:OK-t1,SUCCESS,nextIndex=16,followerCommit=14,matchIndex=15
2024-05-03 18:50:20,106 [HandlerDaemon-2] DEBUG server.RaftServer$Division (RaftServerImpl.java:logAppendEntries(1505)) - s2@group-BCC0B035F111: appendEntries* s1->s2#49-t1,previous=(t:1, i:15),leaderCommit=15,initializing? false,entries: size=1, first=(t:1, i:16), METADATAENTRY(c:15)
2024-05-03 18:50:20,106 [s2-server-thread1] DEBUG server.RaftServer$Division (RaftServerImpl.java:logAppendEntries(1505)) - s2@group-BCC0B035F111: appendEntries* reply s1<-s2#49:OK-t1,SUCCESS,nextIndex=17,followerCommit=15,matchIndex=16
2024-05-03 18:50:20,112 [HandlerDaemon-2] DEBUG server.RaftServer$Division (RaftServerImpl.java:logAppendEntries(1505)) - s0@group-BCC0B035F111: appendEntries* s1->s0#50-t1,previous=(t:1, i:15),leaderCommit=15,initializing? false,entries: size=1, first=(t:1, i:16), METADATAENTRY(c:15)
2024-05-03 18:50:20,113 [s0-server-thread1] DEBUG server.RaftServer$Division (RaftServerImpl.java:logAppendEntries(1505)) - s0@group-BCC0B035F111: appendEntries* reply s1<-s0#50:OK-t1,SUCCESS,nextIndex=17,followerCommit=15,matchIndex=16
2024-05-03 18:50:20,117 [main] DEBUG client.RaftClient (RaftClientImpl.java:add(146)) - client-CA0EFDF6E02E: add replied callId 46
2024-05-03 18:50:20,118 [main] DEBUG client.RaftClient (RaftClientImpl.java:get(158)) - client-CA0EFDF6E02E: get 51 returns [46]
2024-05-03 18:50:20,118 [main] DEBUG client.RaftClient (RaftClientImpl.java:newRequest(95)) - attempt #1, newRequest RaftClientRequest:client-CA0EFDF6E02E->s1@group-BCC0B035F111, cid=51, seq=null, RW, m8
2024-05-03 18:50:20,118 [s1-client-thread1] DEBUG server.RaftServer$Division (RaftServerImpl.java:submitClientRequestAsync(889)) - s1@group-BCC0B035F111: receive client request(RaftClientRequest:client-CA0EFDF6E02E->s1@group-BCC0B035F111, cid=51, seq=null, RW, m8)
2024-05-03 18:50:20,119 [s1-client-thread1] DEBUG server.RaftServer$Division (LeaderStateImpl.java:addPendingRequest(530)) - s1@group-BCC0B035F111-LeaderStateImpl: addPendingRequest at RaftClientRequest:client-CA0EFDF6E02E->s1@group-BCC0B035F111, cid=51, seq=null, RW, m8, entry=(t:1, i:17), STATEMACHINELOGENTRY, WRITE: logData.size=2, stateMachineData.size=0, logEntryProtoSerializedSize=0
2024-05-03 18:50:20,119 [HandlerDaemon-0] DEBUG server.RaftServer$Division (RaftServerImpl.java:logAppendEntries(1505)) - s2@group-BCC0B035F111: appendEntries* s1->s2#52-t1,previous=(t:1, i:16),leaderCommit=16,initializing? false,entries: size=1, first=(t:1, i:17), STATEMACHINELOGENTRY, StateMachineLogEntryProto:51@client-CA0EFDF6E02E
2024-05-03 18:50:20,120 [s2-server-thread1] DEBUG server.RaftServer$Division (RaftServerImpl.java:logAppendEntries(1505)) - s2@group-BCC0B035F111: appendEntries* reply s1<-s2#52:OK-t1,SUCCESS,nextIndex=18,followerCommit=16,matchIndex=17
2024-05-03 18:50:20,130 [HandlerDaemon-0] DEBUG server.RaftServer$Division (RaftServerImpl.java:logAppendEntries(1505)) - s0@group-BCC0B035F111: appendEntries* s1->s0#53-t1,previous=(t:1, i:16),leaderCommit=16,initializing? false,entries: size=1, first=(t:1, i:17), STATEMACHINELOGENTRY, StateMachineLogEntryProto:51@client-CA0EFDF6E02E
2024-05-03 18:50:20,130 [s0-server-thread1] DEBUG server.RaftServer$Division (RaftServerImpl.java:logAppendEntries(1505)) - s0@group-BCC0B035F111: appendEntries* reply s1<-s0#53:OK-t1,SUCCESS,nextIndex=18,followerCommit=16,matchIndex=17
2024-05-03 18:50:20,133 [HandlerDaemon-1] DEBUG server.RaftServer$Division (RaftServerImpl.java:logAppendEntries(1505)) - s2@group-BCC0B035F111: appendEntries* s1->s2#54-t1,previous=(t:1, i:17),leaderCommit=17,initializing? false,entries: size=1, first=(t:1, i:18), METADATAENTRY(c:17)
2024-05-03 18:50:20,134 [s2-server-thread1] DEBUG server.RaftServer$Division (RaftServerImpl.java:logAppendEntries(1505)) - s2@group-BCC0B035F111: appendEntries* reply s1<-s2#54:OK-t1,SUCCESS,nextIndex=19,followerCommit=17,matchIndex=18
2024-05-03 18:50:20,146 [HandlerDaemon-1] DEBUG server.RaftServer$Division (RaftServerImpl.java:logAppendEntries(1505)) - s0@group-BCC0B035F111: appendEntries* s1->s0#55-t1,previous=(t:1, i:17),leaderCommit=18,initializing? false,entries: size=1, first=(t:1, i:18), METADATAENTRY(c:17)
2024-05-03 18:50:20,147 [s0-server-thread1] DEBUG server.RaftServer$Division (RaftServerImpl.java:logAppendEntries(1505)) - s0@group-BCC0B035F111: appendEntries* reply s1<-s0#55:OK-t1,SUCCESS,nextIndex=19,followerCommit=18,matchIndex=18
2024-05-03 18:50:20,151 [main] DEBUG client.RaftClient (RaftClientImpl.java:add(146)) - client-CA0EFDF6E02E: add replied callId 51
2024-05-03 18:50:20,151 [main] DEBUG client.RaftClient (RaftClientImpl.java:get(158)) - client-CA0EFDF6E02E: get 56 returns [51]
2024-05-03 18:50:20,151 [main] DEBUG client.RaftClient (RaftClientImpl.java:newRequest(95)) - attempt #1, newRequest RaftClientRequest:client-CA0EFDF6E02E->s1@group-BCC0B035F111, cid=56, seq=null, RW, m9
2024-05-03 18:50:20,152 [s1-client-thread1] DEBUG server.RaftServer$Division (RaftServerImpl.java:submitClientRequestAsync(889)) - s1@group-BCC0B035F111: receive client request(RaftClientRequest:client-CA0EFDF6E02E->s1@group-BCC0B035F111, cid=56, seq=null, RW, m9)
2024-05-03 18:50:20,152 [s1-client-thread1] DEBUG server.RaftServer$Division (LeaderStateImpl.java:addPendingRequest(530)) - s1@group-BCC0B035F111-LeaderStateImpl: addPendingRequest at RaftClientRequest:client-CA0EFDF6E02E->s1@group-BCC0B035F111, cid=56, seq=null, RW, m9, entry=(t:1, i:19), STATEMACHINELOGENTRY, WRITE: logData.size=2, stateMachineData.size=0, logEntryProtoSerializedSize=0
2024-05-03 18:50:20,153 [HandlerDaemon-2] DEBUG server.RaftServer$Division (RaftServerImpl.java:logAppendEntries(1505)) - s2@group-BCC0B035F111: appendEntries* s1->s2#57-t1,previous=(t:1, i:18),leaderCommit=18,initializing? false,entries: size=1, first=(t:1, i:19), STATEMACHINELOGENTRY, StateMachineLogEntryProto:56@client-CA0EFDF6E02E
2024-05-03 18:50:20,154 [s2-server-thread1] DEBUG server.RaftServer$Division (RaftServerImpl.java:logAppendEntries(1505)) - s2@group-BCC0B035F111: appendEntries* reply s1<-s2#57:OK-t1,SUCCESS,nextIndex=20,followerCommit=18,matchIndex=19
2024-05-03 18:50:20,165 [HandlerDaemon-2] DEBUG server.RaftServer$Division (RaftServerImpl.java:logAppendEntries(1505)) - s0@group-BCC0B035F111: appendEntries* s1->s0#58-t1,previous=(t:1, i:18),leaderCommit=18,initializing? false,entries: size=1, first=(t:1, i:19), STATEMACHINELOGENTRY, StateMachineLogEntryProto:56@client-CA0EFDF6E02E
2024-05-03 18:50:20,166 [s0-server-thread1] DEBUG server.RaftServer$Division (RaftServerImpl.java:logAppendEntries(1505)) - s0@group-BCC0B035F111: appendEntries* reply s1<-s0#58:OK-t1,SUCCESS,nextIndex=20,followerCommit=18,matchIndex=19
2024-05-03 18:50:20,169 [HandlerDaemon-0] DEBUG server.RaftServer$Division (RaftServerImpl.java:logAppendEntries(1505)) - s2@group-BCC0B035F111: appendEntries* s1->s2#59-t1,previous=(t:1, i:19),leaderCommit=19,initializing? false,entries: size=1, first=(t:1, i:20), METADATAENTRY(c:19)
2024-05-03 18:50:20,169 [s2-server-thread1] DEBUG server.RaftServer$Division (RaftServerImpl.java:logAppendEntries(1505)) - s2@group-BCC0B035F111: appendEntries* reply s1<-s2#59:OK-t1,SUCCESS,nextIndex=21,followerCommit=19,matchIndex=20
2024-05-03 18:50:20,185 [HandlerDaemon-0] DEBUG server.RaftServer$Division (RaftServerImpl.java:logAppendEntries(1505)) - s0@group-BCC0B035F111: appendEntries* s1->s0#60-t1,previous=(t:1, i:19),leaderCommit=20,initializing? false,entries: size=1, first=(t:1, i:20), METADATAENTRY(c:19)
2024-05-03 18:50:20,185 [s0-server-thread1] DEBUG server.RaftServer$Division (RaftServerImpl.java:logAppendEntries(1505)) - s0@group-BCC0B035F111: appendEntries* reply s1<-s0#60:OK-t1,SUCCESS,nextIndex=21,followerCommit=20,matchIndex=20
2024-05-03 18:50:20,186 [main] DEBUG client.RaftClient (RaftClientImpl.java:add(146)) - client-CA0EFDF6E02E: add replied callId 56
2024-05-03 18:50:20,187 [main] DEBUG client.RaftClient (RaftClientImpl.java:get(158)) - client-CA0EFDF6E02E: get 61 returns [56]
2024-05-03 18:50:20,187 [main] DEBUG client.RaftClient (RaftClientImpl.java:newRequest(95)) - attempt #1, newRequest RaftClientRequest:client-CA0EFDF6E02E->s1@group-BCC0B035F111, cid=61, seq=null, RW, m10
2024-05-03 18:50:20,187 [s1-client-thread1] DEBUG server.RaftServer$Division (RaftServerImpl.java:submitClientRequestAsync(889)) - s1@group-BCC0B035F111: receive client request(RaftClientRequest:client-CA0EFDF6E02E->s1@group-BCC0B035F111, cid=61, seq=null, RW, m10)
2024-05-03 18:50:20,187 [s1-client-thread1] DEBUG server.RaftServer$Division (LeaderStateImpl.java:addPendingRequest(530)) - s1@group-BCC0B035F111-LeaderStateImpl: addPendingRequest at RaftClientRequest:client-CA0EFDF6E02E->s1@group-BCC0B035F111, cid=61, seq=null, RW, m10, entry=(t:1, i:21), STATEMACHINELOGENTRY, WRITE: logData.size=3, stateMachineData.size=0, logEntryProtoSerializedSize=0
2024-05-03 18:50:20,188 [HandlerDaemon-1] DEBUG server.RaftServer$Division (RaftServerImpl.java:logAppendEntries(1505)) - s2@group-BCC0B035F111: appendEntries* s1->s2#62-t1,previous=(t:1, i:20),leaderCommit=20,initializing? false,entries: size=1, first=(t:1, i:21), STATEMACHINELOGENTRY, StateMachineLogEntryProto:61@client-CA0EFDF6E02E
2024-05-03 18:50:20,189 [s2-server-thread1] DEBUG server.RaftServer$Division (RaftServerImpl.java:logAppendEntries(1505)) - s2@group-BCC0B035F111: appendEntries* reply s1<-s2#62:OK-t1,SUCCESS,nextIndex=22,followerCommit=20,matchIndex=21
2024-05-03 18:50:20,201 [HandlerDaemon-1] DEBUG server.RaftServer$Division (RaftServerImpl.java:logAppendEntries(1505)) - s0@group-BCC0B035F111: appendEntries* s1->s0#63-t1,previous=(t:1, i:20),leaderCommit=20,initializing? false,entries: size=1, first=(t:1, i:21), STATEMACHINELOGENTRY, StateMachineLogEntryProto:61@client-CA0EFDF6E02E
2024-05-03 18:50:20,202 [s0-server-thread1] DEBUG server.RaftServer$Division (RaftServerImpl.java:logAppendEntries(1505)) - s0@group-BCC0B035F111: appendEntries* reply s1<-s0#63:OK-t1,SUCCESS,nextIndex=22,followerCommit=20,matchIndex=21
2024-05-03 18:50:20,208 [HandlerDaemon-2] DEBUG server.RaftServer$Division (RaftServerImpl.java:logAppendEntries(1505)) - s2@group-BCC0B035F111: appendEntries* s1->s2#64-t1,previous=(t:1, i:21),leaderCommit=21,initializing? false,entries: size=1, first=(t:1, i:22), METADATAENTRY(c:21)
2024-05-03 18:50:20,209 [s2-server-thread1] DEBUG server.RaftServer$Division (RaftServerImpl.java:logAppendEntries(1505)) - s2@group-BCC0B035F111: appendEntries* reply s1<-s2#64:OK-t1,SUCCESS,nextIndex=23,followerCommit=21,matchIndex=22
2024-05-03 18:50:20,222 [HandlerDaemon-2] DEBUG server.RaftServer$Division (RaftServerImpl.java:logAppendEntries(1505)) - s0@group-BCC0B035F111: appendEntries* s1->s0#65-t1,previous=(t:1, i:21),leaderCommit=21,initializing? false,entries: size=1, first=(t:1, i:22), METADATAENTRY(c:21)
2024-05-03 18:50:20,222 [s0-server-thread1] DEBUG server.RaftServer$Division (RaftServerImpl.java:logAppendEntries(1505)) - s0@group-BCC0B035F111: appendEntries* reply s1<-s0#65:OK-t1,SUCCESS,nextIndex=23,followerCommit=21,matchIndex=22
2024-05-03 18:50:20,226 [main] DEBUG client.RaftClient (RaftClientImpl.java:add(146)) - client-CA0EFDF6E02E: add replied callId 61
2024-05-03 18:50:20,226 [main] DEBUG client.RaftClient (RaftClientImpl.java:get(158)) - client-CA0EFDF6E02E: get 66 returns [61]
2024-05-03 18:50:20,226 [main] DEBUG client.RaftClient (RaftClientImpl.java:newRequest(95)) - attempt #1, newRequest RaftClientRequest:client-CA0EFDF6E02E->s1@group-BCC0B035F111, cid=66, seq=null, RW, m11
2024-05-03 18:50:20,226 [s1-client-thread1] DEBUG server.RaftServer$Division (RaftServerImpl.java:submitClientRequestAsync(889)) - s1@group-BCC0B035F111: receive client request(RaftClientRequest:client-CA0EFDF6E02E->s1@group-BCC0B035F111, cid=66, seq=null, RW, m11)
2024-05-03 18:50:20,227 [s1-client-thread1] DEBUG server.RaftServer$Division (LeaderStateImpl.java:addPendingRequest(530)) - s1@group-BCC0B035F111-LeaderStateImpl: addPendingRequest at RaftClientRequest:client-CA0EFDF6E02E->s1@group-BCC0B035F111, cid=66, seq=null, RW, m11, entry=(t:1, i:23), STATEMACHINELOGENTRY, WRITE: logData.size=3, stateMachineData.size=0, logEntryProtoSerializedSize=0
2024-05-03 18:50:20,227 [HandlerDaemon-0] DEBUG server.RaftServer$Division (RaftServerImpl.java:logAppendEntries(1505)) - s2@group-BCC0B035F111: appendEntries* s1->s2#67-t1,previous=(t:1, i:22),leaderCommit=22,initializing? false,entries: size=1, first=(t:1, i:23), STATEMACHINELOGENTRY, StateMachineLogEntryProto:66@client-CA0EFDF6E02E
2024-05-03 18:50:20,228 [s2-server-thread1] DEBUG server.RaftServer$Division (RaftServerImpl.java:logAppendEntries(1505)) - s2@group-BCC0B035F111: appendEntries* reply s1<-s2#67:OK-t1,SUCCESS,nextIndex=24,followerCommit=22,matchIndex=23
2024-05-03 18:50:20,238 [HandlerDaemon-0] DEBUG server.RaftServer$Division (RaftServerImpl.java:logAppendEntries(1505)) - s0@group-BCC0B035F111: appendEntries* s1->s0#68-t1,previous=(t:1, i:22),leaderCommit=22,initializing? false,entries: size=1, first=(t:1, i:23), STATEMACHINELOGENTRY, StateMachineLogEntryProto:66@client-CA0EFDF6E02E
2024-05-03 18:50:20,239 [s0-server-thread1] DEBUG server.RaftServer$Division (RaftServerImpl.java:logAppendEntries(1505)) - s0@group-BCC0B035F111: appendEntries* reply s1<-s0#68:OK-t1,SUCCESS,nextIndex=24,followerCommit=22,matchIndex=23
2024-05-03 18:50:20,242 [HandlerDaemon-1] DEBUG server.RaftServer$Division (RaftServerImpl.java:logAppendEntries(1505)) - s2@group-BCC0B035F111: appendEntries* s1->s2#69-t1,previous=(t:1, i:23),leaderCommit=23,initializing? false,entries: size=1, first=(t:1, i:24), METADATAENTRY(c:23)
2024-05-03 18:50:20,243 [s2-server-thread1] DEBUG server.RaftServer$Division (RaftServerImpl.java:logAppendEntries(1505)) - s2@group-BCC0B035F111: appendEntries* reply s1<-s2#69:OK-t1,SUCCESS,nextIndex=25,followerCommit=23,matchIndex=24
2024-05-03 18:50:20,252 [HandlerDaemon-1] DEBUG server.RaftServer$Division (RaftServerImpl.java:logAppendEntries(1505)) - s0@group-BCC0B035F111: appendEntries* s1->s0#70-t1,previous=(t:1, i:23),leaderCommit=23,initializing? false,entries: size=1, first=(t:1, i:24), METADATAENTRY(c:23)
2024-05-03 18:50:20,253 [s0-server-thread1] DEBUG server.RaftServer$Division (RaftServerImpl.java:logAppendEntries(1505)) - s0@group-BCC0B035F111: appendEntries* reply s1<-s0#70:OK-t1,SUCCESS,nextIndex=25,followerCommit=23,matchIndex=24
2024-05-03 18:50:20,257 [main] DEBUG client.RaftClient (RaftClientImpl.java:add(146)) - client-CA0EFDF6E02E: add replied callId 66
2024-05-03 18:50:20,257 [main] DEBUG client.RaftClient (RaftClientImpl.java:get(158)) - client-CA0EFDF6E02E: get 71 returns [66]
2024-05-03 18:50:20,258 [main] DEBUG client.RaftClient (RaftClientImpl.java:newRequest(95)) - attempt #1, newRequest RaftClientRequest:client-CA0EFDF6E02E->s1@group-BCC0B035F111, cid=71, seq=null, RW, m12
2024-05-03 18:50:20,258 [s1-client-thread1] DEBUG server.RaftServer$Division (RaftServerImpl.java:submitClientRequestAsync(889)) - s1@group-BCC0B035F111: receive client request(RaftClientRequest:client-CA0EFDF6E02E->s1@group-BCC0B035F111, cid=71, seq=null, RW, m12)
2024-05-03 18:50:20,258 [s1-client-thread1] DEBUG server.RaftServer$Division (LeaderStateImpl.java:addPendingRequest(530)) - s1@group-BCC0B035F111-LeaderStateImpl: addPendingRequest at RaftClientRequest:client-CA0EFDF6E02E->s1@group-BCC0B035F111, cid=71, seq=null, RW, m12, entry=(t:1, i:25), STATEMACHINELOGENTRY, WRITE: logData.size=3, stateMachineData.size=0, logEntryProtoSerializedSize=0
2024-05-03 18:50:20,259 [HandlerDaemon-2] DEBUG server.RaftServer$Division (RaftServerImpl.java:logAppendEntries(1505)) - s2@group-BCC0B035F111: appendEntries* s1->s2#72-t1,previous=(t:1, i:24),leaderCommit=24,initializing? false,entries: size=1, first=(t:1, i:25), STATEMACHINELOGENTRY, StateMachineLogEntryProto:71@client-CA0EFDF6E02E
2024-05-03 18:50:20,259 [s2-server-thread1] DEBUG server.RaftServer$Division (RaftServerImpl.java:logAppendEntries(1505)) - s2@group-BCC0B035F111: appendEntries* reply s1<-s2#72:OK-t1,SUCCESS,nextIndex=26,followerCommit=24,matchIndex=25
2024-05-03 18:50:20,271 [HandlerDaemon-2] DEBUG server.RaftServer$Division (RaftServerImpl.java:logAppendEntries(1505)) - s0@group-BCC0B035F111: appendEntries* s1->s0#73-t1,previous=(t:1, i:24),leaderCommit=24,initializing? false,entries: size=1, first=(t:1, i:25), STATEMACHINELOGENTRY, StateMachineLogEntryProto:71@client-CA0EFDF6E02E
2024-05-03 18:50:20,272 [s0-server-thread1] DEBUG server.RaftServer$Division (RaftServerImpl.java:logAppendEntries(1505)) - s0@group-BCC0B035F111: appendEntries* reply s1<-s0#73:OK-t1,SUCCESS,nextIndex=26,followerCommit=24,matchIndex=25
2024-05-03 18:50:20,278 [HandlerDaemon-0] DEBUG server.RaftServer$Division (RaftServerImpl.java:logAppendEntries(1505)) - s2@group-BCC0B035F111: appendEntries* s1->s2#74-t1,previous=(t:1, i:25),leaderCommit=25,initializing? false,entries: size=1, first=(t:1, i:26), METADATAENTRY(c:25)
2024-05-03 18:50:20,278 [s2-server-thread1] DEBUG server.RaftServer$Division (RaftServerImpl.java:logAppendEntries(1505)) - s2@group-BCC0B035F111: appendEntries* reply s1<-s2#74:OK-t1,SUCCESS,nextIndex=27,followerCommit=25,matchIndex=26
2024-05-03 18:50:20,284 [HandlerDaemon-0] DEBUG server.RaftServer$Division (RaftServerImpl.java:logAppendEntries(1505)) - s0@group-BCC0B035F111: appendEntries* s1->s0#75-t1,previous=(t:1, i:25),leaderCommit=25,initializing? false,entries: size=1, first=(t:1, i:26), METADATAENTRY(c:25)
2024-05-03 18:50:20,285 [s0-server-thread1] DEBUG server.RaftServer$Division (RaftServerImpl.java:logAppendEntries(1505)) - s0@group-BCC0B035F111: appendEntries* reply s1<-s0#75:OK-t1,SUCCESS,nextIndex=27,followerCommit=25,matchIndex=26
2024-05-03 18:50:20,296 [main] DEBUG client.RaftClient (RaftClientImpl.java:add(146)) - client-CA0EFDF6E02E: add replied callId 71
2024-05-03 18:50:20,296 [main] DEBUG client.RaftClient (RaftClientImpl.java:get(158)) - client-CA0EFDF6E02E: get 76 returns [71]
2024-05-03 18:50:20,296 [main] DEBUG client.RaftClient (RaftClientImpl.java:newRequest(95)) - attempt #1, newRequest RaftClientRequest:client-CA0EFDF6E02E->s1@group-BCC0B035F111, cid=76, seq=null, RW, m13
2024-05-03 18:50:20,297 [s1-client-thread1] DEBUG server.RaftServer$Division (RaftServerImpl.java:submitClientRequestAsync(889)) - s1@group-BCC0B035F111: receive client request(RaftClientRequest:client-CA0EFDF6E02E->s1@group-BCC0B035F111, cid=76, seq=null, RW, m13)
2024-05-03 18:50:20,297 [s1-client-thread1] DEBUG server.RaftServer$Division (LeaderStateImpl.java:addPendingRequest(530)) - s1@group-BCC0B035F111-LeaderStateImpl: addPendingRequest at RaftClientRequest:client-CA0EFDF6E02E->s1@group-BCC0B035F111, cid=76, seq=null, RW, m13, entry=(t:1, i:27), STATEMACHINELOGENTRY, WRITE: logData.size=3, stateMachineData.size=0, logEntryProtoSerializedSize=0
2024-05-03 18:50:20,298 [HandlerDaemon-1] DEBUG server.RaftServer$Division (RaftServerImpl.java:logAppendEntries(1505)) - s2@group-BCC0B035F111: appendEntries* s1->s2#77-t1,previous=(t:1, i:26),leaderCommit=26,initializing? false,entries: size=1, first=(t:1, i:27), STATEMACHINELOGENTRY, StateMachineLogEntryProto:76@client-CA0EFDF6E02E
2024-05-03 18:50:20,298 [s2-server-thread1] DEBUG server.RaftServer$Division (RaftServerImpl.java:logAppendEntries(1505)) - s2@group-BCC0B035F111: appendEntries* reply s1<-s2#77:OK-t1,SUCCESS,nextIndex=28,followerCommit=26,matchIndex=27
2024-05-03 18:50:20,300 [HandlerDaemon-1] DEBUG server.RaftServer$Division (RaftServerImpl.java:logAppendEntries(1505)) - s0@group-BCC0B035F111: appendEntries* s1->s0#78-t1,previous=(t:1, i:26),leaderCommit=26,initializing? false,entries: size=1, first=(t:1, i:27), STATEMACHINELOGENTRY, StateMachineLogEntryProto:76@client-CA0EFDF6E02E
2024-05-03 18:50:20,301 [s0-server-thread1] DEBUG server.RaftServer$Division (RaftServerImpl.java:logAppendEntries(1505)) - s0@group-BCC0B035F111: appendEntries* reply s1<-s0#78:OK-t1,SUCCESS,nextIndex=28,followerCommit=26,matchIndex=27
2024-05-03 18:50:20,314 [HandlerDaemon-2] DEBUG server.RaftServer$Division (RaftServerImpl.java:logAppendEntries(1505)) - s0@group-BCC0B035F111: appendEntries* s1->s0#79-t1,previous=(t:1, i:27),leaderCommit=27,initializing? false,entries: size=1, first=(t:1, i:28), METADATAENTRY(c:27)
2024-05-03 18:50:20,314 [s0-server-thread1] DEBUG server.RaftServer$Division (RaftServerImpl.java:logAppendEntries(1505)) - s0@group-BCC0B035F111: appendEntries* reply s1<-s0#79:OK-t1,SUCCESS,nextIndex=29,followerCommit=27,matchIndex=28
2024-05-03 18:50:20,316 [HandlerDaemon-2] DEBUG server.RaftServer$Division (RaftServerImpl.java:logAppendEntries(1505)) - s2@group-BCC0B035F111: appendEntries* s1->s2#80-t1,previous=(t:1, i:27),leaderCommit=27,initializing? false,entries: size=1, first=(t:1, i:28), METADATAENTRY(c:27)
2024-05-03 18:50:20,317 [s2-server-thread1] DEBUG server.RaftServer$Division (RaftServerImpl.java:logAppendEntries(1505)) - s2@group-BCC0B035F111: appendEntries* reply s1<-s2#80:OK-t1,SUCCESS,nextIndex=29,followerCommit=27,matchIndex=28
2024-05-03 18:50:20,326 [main] DEBUG client.RaftClient (RaftClientImpl.java:add(146)) - client-CA0EFDF6E02E: add replied callId 76
2024-05-03 18:50:20,326 [main] DEBUG client.RaftClient (RaftClientImpl.java:get(158)) - client-CA0EFDF6E02E: get 81 returns [76]
2024-05-03 18:50:20,326 [main] DEBUG client.RaftClient (RaftClientImpl.java:newRequest(95)) - attempt #1, newRequest RaftClientRequest:client-CA0EFDF6E02E->s1@group-BCC0B035F111, cid=81, seq=null, RW, m14
2024-05-03 18:50:20,326 [s1-client-thread1] DEBUG server.RaftServer$Division (RaftServerImpl.java:submitClientRequestAsync(889)) - s1@group-BCC0B035F111: receive client request(RaftClientRequest:client-CA0EFDF6E02E->s1@group-BCC0B035F111, cid=81, seq=null, RW, m14)
2024-05-03 18:50:20,327 [s1-client-thread1] DEBUG server.RaftServer$Division (LeaderStateImpl.java:addPendingRequest(530)) - s1@group-BCC0B035F111-LeaderStateImpl: addPendingRequest at RaftClientRequest:client-CA0EFDF6E02E->s1@group-BCC0B035F111, cid=81, seq=null, RW, m14, entry=(t:1, i:29), STATEMACHINELOGENTRY, WRITE: logData.size=3, stateMachineData.size=0, logEntryProtoSerializedSize=0
2024-05-03 18:50:20,327 [HandlerDaemon-0] DEBUG server.RaftServer$Division (RaftServerImpl.java:logAppendEntries(1505)) - s0@group-BCC0B035F111: appendEntries* s1->s0#82-t1,previous=(t:1, i:28),leaderCommit=28,initializing? false,entries: size=1, first=(t:1, i:29), STATEMACHINELOGENTRY, StateMachineLogEntryProto:81@client-CA0EFDF6E02E
2024-05-03 18:50:20,328 [s0-server-thread1] DEBUG server.RaftServer$Division (RaftServerImpl.java:logAppendEntries(1505)) - s0@group-BCC0B035F111: appendEntries* reply s1<-s0#82:OK-t1,SUCCESS,nextIndex=30,followerCommit=28,matchIndex=29
2024-05-03 18:50:20,335 [HandlerDaemon-0] DEBUG server.RaftServer$Division (RaftServerImpl.java:logAppendEntries(1505)) - s2@group-BCC0B035F111: appendEntries* s1->s2#83-t1,previous=(t:1, i:28),leaderCommit=28,initializing? false,entries: size=1, first=(t:1, i:29), STATEMACHINELOGENTRY, StateMachineLogEntryProto:81@client-CA0EFDF6E02E
2024-05-03 18:50:20,336 [s2-server-thread1] DEBUG server.RaftServer$Division (RaftServerImpl.java:logAppendEntries(1505)) - s2@group-BCC0B035F111: appendEntries* reply s1<-s2#83:OK-t1,SUCCESS,nextIndex=30,followerCommit=28,matchIndex=29
2024-05-03 18:50:20,347 [HandlerDaemon-1] DEBUG server.RaftServer$Division (RaftServerImpl.java:logAppendEntries(1505)) - s0@group-BCC0B035F111: appendEntries* s1->s0#84-t1,previous=(t:1, i:29),leaderCommit=29,initializing? false,entries: size=1, first=(t:1, i:30), METADATAENTRY(c:29)
2024-05-03 18:50:20,347 [s0-server-thread1] DEBUG server.RaftServer$Division (RaftServerImpl.java:logAppendEntries(1505)) - s0@group-BCC0B035F111: appendEntries* reply s1<-s0#84:OK-t1,SUCCESS,nextIndex=31,followerCommit=29,matchIndex=30
2024-05-03 18:50:20,351 [HandlerDaemon-1] DEBUG server.RaftServer$Division (RaftServerImpl.java:logAppendEntries(1505)) - s2@group-BCC0B035F111: appendEntries* s1->s2#85-t1,previous=(t:1, i:29),leaderCommit=29,initializing? false,entries: size=1, first=(t:1, i:30), METADATAENTRY(c:29)
2024-05-03 18:50:20,352 [s2-server-thread1] DEBUG server.RaftServer$Division (RaftServerImpl.java:logAppendEntries(1505)) - s2@group-BCC0B035F111: appendEntries* reply s1<-s2#85:OK-t1,SUCCESS,nextIndex=31,followerCommit=29,matchIndex=30
2024-05-03 18:50:20,361 [main] DEBUG client.RaftClient (RaftClientImpl.java:add(146)) - client-CA0EFDF6E02E: add replied callId 81
2024-05-03 18:50:20,362 [main] DEBUG client.RaftClient (RaftClientImpl.java:get(158)) - client-CA0EFDF6E02E: get 86 returns [81]
2024-05-03 18:50:20,362 [main] DEBUG client.RaftClient (RaftClientImpl.java:newRequest(95)) - attempt #1, newRequest RaftClientRequest:client-CA0EFDF6E02E->s1@group-BCC0B035F111, cid=86, seq=null, RW, m15
2024-05-03 18:50:20,362 [s1-client-thread1] DEBUG server.RaftServer$Division (RaftServerImpl.java:submitClientRequestAsync(889)) - s1@group-BCC0B035F111: receive client request(RaftClientRequest:client-CA0EFDF6E02E->s1@group-BCC0B035F111, cid=86, seq=null, RW, m15)
2024-05-03 18:50:20,363 [s1-client-thread1] DEBUG server.RaftServer$Division (LeaderStateImpl.java:addPendingRequest(530)) - s1@group-BCC0B035F111-LeaderStateImpl: addPendingRequest at RaftClientRequest:client-CA0EFDF6E02E->s1@group-BCC0B035F111, cid=86, seq=null, RW, m15, entry=(t:1, i:31), STATEMACHINELOGENTRY, WRITE: logData.size=3, stateMachineData.size=0, logEntryProtoSerializedSize=0
2024-05-03 18:50:20,364 [HandlerDaemon-2] DEBUG server.RaftServer$Division (RaftServerImpl.java:logAppendEntries(1505)) - s0@group-BCC0B035F111: appendEntries* s1->s0#87-t1,previous=(t:1, i:30),leaderCommit=30,initializing? false,entries: size=1, first=(t:1, i:31), STATEMACHINELOGENTRY, StateMachineLogEntryProto:86@client-CA0EFDF6E02E
2024-05-03 18:50:20,365 [s0-server-thread1] DEBUG server.RaftServer$Division (RaftServerImpl.java:logAppendEntries(1505)) - s0@group-BCC0B035F111: appendEntries* reply s1<-s0#87:OK-t1,SUCCESS,nextIndex=32,followerCommit=30,matchIndex=31
2024-05-03 18:50:20,365 [HandlerDaemon-2] DEBUG server.RaftServer$Division (RaftServerImpl.java:logAppendEntries(1505)) - s2@group-BCC0B035F111: appendEntries* s1->s2#88-t1,previous=(t:1, i:30),leaderCommit=30,initializing? false,entries: size=1, first=(t:1, i:31), STATEMACHINELOGENTRY, StateMachineLogEntryProto:86@client-CA0EFDF6E02E
2024-05-03 18:50:20,366 [s2-server-thread1] DEBUG server.RaftServer$Division (RaftServerImpl.java:logAppendEntries(1505)) - s2@group-BCC0B035F111: appendEntries* reply s1<-s2#88:OK-t1,SUCCESS,nextIndex=32,followerCommit=30,matchIndex=31
2024-05-03 18:50:20,377 [HandlerDaemon-0] DEBUG server.RaftServer$Division (RaftServerImpl.java:logAppendEntries(1505)) - s0@group-BCC0B035F111: appendEntries* s1->s0#89-t1,previous=(t:1, i:31),leaderCommit=31,initializing? false,entries: size=1, first=(t:1, i:32), METADATAENTRY(c:31)
2024-05-03 18:50:20,378 [s0-server-thread1] DEBUG server.RaftServer$Division (RaftServerImpl.java:logAppendEntries(1505)) - s0@group-BCC0B035F111: appendEntries* reply s1<-s0#89:OK-t1,SUCCESS,nextIndex=33,followerCommit=31,matchIndex=32
2024-05-03 18:50:20,384 [HandlerDaemon-0] DEBUG server.RaftServer$Division (RaftServerImpl.java:logAppendEntries(1505)) - s2@group-BCC0B035F111: appendEntries* s1->s2#90-t1,previous=(t:1, i:31),leaderCommit=31,initializing? false,entries: size=1, first=(t:1, i:32), METADATAENTRY(c:31)
2024-05-03 18:50:20,385 [s2-server-thread1] DEBUG server.RaftServer$Division (RaftServerImpl.java:logAppendEntries(1505)) - s2@group-BCC0B035F111: appendEntries* reply s1<-s2#90:OK-t1,SUCCESS,nextIndex=33,followerCommit=31,matchIndex=32
2024-05-03 18:50:20,396 [main] DEBUG client.RaftClient (RaftClientImpl.java:add(146)) - client-CA0EFDF6E02E: add replied callId 86
2024-05-03 18:50:20,397 [main] DEBUG client.RaftClient (RaftClientImpl.java:get(158)) - client-CA0EFDF6E02E: get 91 returns [86]
2024-05-03 18:50:20,397 [main] DEBUG client.RaftClient (RaftClientImpl.java:newRequest(95)) - attempt #1, newRequest RaftClientRequest:client-CA0EFDF6E02E->s1@group-BCC0B035F111, cid=91, seq=null, RW, m16
2024-05-03 18:50:20,397 [s1-client-thread1] DEBUG server.RaftServer$Division (RaftServerImpl.java:submitClientRequestAsync(889)) - s1@group-BCC0B035F111: receive client request(RaftClientRequest:client-CA0EFDF6E02E->s1@group-BCC0B035F111, cid=91, seq=null, RW, m16)
2024-05-03 18:50:20,397 [s1-client-thread1] DEBUG server.RaftServer$Division (LeaderStateImpl.java:addPendingRequest(530)) - s1@group-BCC0B035F111-LeaderStateImpl: addPendingRequest at RaftClientRequest:client-CA0EFDF6E02E->s1@group-BCC0B035F111, cid=91, seq=null, RW, m16, entry=(t:1, i:33), STATEMACHINELOGENTRY, WRITE: logData.size=3, stateMachineData.size=0, logEntryProtoSerializedSize=0
2024-05-03 18:50:20,398 [HandlerDaemon-1] DEBUG server.RaftServer$Division (RaftServerImpl.java:logAppendEntries(1505)) - s0@group-BCC0B035F111: appendEntries* s1->s0#92-t1,previous=(t:1, i:32),leaderCommit=32,initializing? false,entries: size=1, first=(t:1, i:33), STATEMACHINELOGENTRY, StateMachineLogEntryProto:91@client-CA0EFDF6E02E
2024-05-03 18:50:20,399 [s0-server-thread1] DEBUG server.RaftServer$Division (RaftServerImpl.java:logAppendEntries(1505)) - s0@group-BCC0B035F111: appendEntries* reply s1<-s0#92:OK-t1,SUCCESS,nextIndex=34,followerCommit=32,matchIndex=33
2024-05-03 18:50:20,402 [HandlerDaemon-1] DEBUG server.RaftServer$Division (RaftServerImpl.java:logAppendEntries(1505)) - s2@group-BCC0B035F111: appendEntries* s1->s2#93-t1,previous=(t:1, i:32),leaderCommit=32,initializing? false,entries: size=1, first=(t:1, i:33), STATEMACHINELOGENTRY, StateMachineLogEntryProto:91@client-CA0EFDF6E02E
2024-05-03 18:50:20,402 [s2-server-thread1] DEBUG server.RaftServer$Division (RaftServerImpl.java:logAppendEntries(1505)) - s2@group-BCC0B035F111: appendEntries* reply s1<-s2#93:OK-t1,SUCCESS,nextIndex=34,followerCommit=32,matchIndex=33
2024-05-03 18:50:20,414 [HandlerDaemon-2] DEBUG server.RaftServer$Division (RaftServerImpl.java:logAppendEntries(1505)) - s0@group-BCC0B035F111: appendEntries* s1->s0#94-t1,previous=(t:1, i:33),leaderCommit=33,initializing? false,entries: size=1, first=(t:1, i:34), METADATAENTRY(c:33)
2024-05-03 18:50:20,415 [s0-server-thread1] DEBUG server.RaftServer$Division (RaftServerImpl.java:logAppendEntries(1505)) - s0@group-BCC0B035F111: appendEntries* reply s1<-s0#94:OK-t1,SUCCESS,nextIndex=35,followerCommit=33,matchIndex=34
2024-05-03 18:50:20,420 [HandlerDaemon-2] DEBUG server.RaftServer$Division (RaftServerImpl.java:logAppendEntries(1505)) - s2@group-BCC0B035F111: appendEntries* s1->s2#95-t1,previous=(t:1, i:33),leaderCommit=33,initializing? false,entries: size=1, first=(t:1, i:34), METADATAENTRY(c:33)
2024-05-03 18:50:20,420 [s2-server-thread1] DEBUG server.RaftServer$Division (RaftServerImpl.java:logAppendEntries(1505)) - s2@group-BCC0B035F111: appendEntries* reply s1<-s2#95:OK-t1,SUCCESS,nextIndex=35,followerCommit=33,matchIndex=34
2024-05-03 18:50:20,424 [main] DEBUG client.RaftClient (RaftClientImpl.java:add(146)) - client-CA0EFDF6E02E: add replied callId 91
2024-05-03 18:50:20,425 [main] DEBUG client.RaftClient (RaftClientImpl.java:get(158)) - client-CA0EFDF6E02E: get 96 returns [91]
2024-05-03 18:50:20,425 [main] DEBUG client.RaftClient (RaftClientImpl.java:newRequest(95)) - attempt #1, newRequest RaftClientRequest:client-CA0EFDF6E02E->s1@group-BCC0B035F111, cid=96, seq=null, RW, m17
2024-05-03 18:50:20,425 [s1-client-thread1] DEBUG server.RaftServer$Division (RaftServerImpl.java:submitClientRequestAsync(889)) - s1@group-BCC0B035F111: receive client request(RaftClientRequest:client-CA0EFDF6E02E->s1@group-BCC0B035F111, cid=96, seq=null, RW, m17)
2024-05-03 18:50:20,425 [s1-client-thread1] DEBUG server.RaftServer$Division (LeaderStateImpl.java:addPendingRequest(530)) - s1@group-BCC0B035F111-LeaderStateImpl: addPendingRequest at RaftClientRequest:client-CA0EFDF6E02E->s1@group-BCC0B035F111, cid=96, seq=null, RW, m17, entry=(t:1, i:35), STATEMACHINELOGENTRY, WRITE: logData.size=3, stateMachineData.size=0, logEntryProtoSerializedSize=0
2024-05-03 18:50:20,431 [HandlerDaemon-0] DEBUG server.RaftServer$Division (RaftServerImpl.java:logAppendEntries(1505)) - s0@group-BCC0B035F111: appendEntries* s1->s0#97-t1,previous=(t:1, i:34),leaderCommit=34,initializing? false,entries: size=1, first=(t:1, i:35), STATEMACHINELOGENTRY, StateMachineLogEntryProto:96@client-CA0EFDF6E02E
2024-05-03 18:50:20,431 [s0-server-thread1] DEBUG server.RaftServer$Division (RaftServerImpl.java:logAppendEntries(1505)) - s0@group-BCC0B035F111: appendEntries* reply s1<-s0#97:OK-t1,SUCCESS,nextIndex=36,followerCommit=34,matchIndex=35
2024-05-03 18:50:20,440 [HandlerDaemon-0] DEBUG server.RaftServer$Division (RaftServerImpl.java:logAppendEntries(1505)) - s2@group-BCC0B035F111: appendEntries* s1->s2#98-t1,previous=(t:1, i:34),leaderCommit=34,initializing? false,entries: size=1, first=(t:1, i:35), STATEMACHINELOGENTRY, StateMachineLogEntryProto:96@client-CA0EFDF6E02E
2024-05-03 18:50:20,441 [s2-server-thread1] DEBUG server.RaftServer$Division (RaftServerImpl.java:logAppendEntries(1505)) - s2@group-BCC0B035F111: appendEntries* reply s1<-s2#98:OK-t1,SUCCESS,nextIndex=36,followerCommit=34,matchIndex=35
2024-05-03 18:50:20,451 [HandlerDaemon-1] DEBUG server.RaftServer$Division (RaftServerImpl.java:logAppendEntries(1505)) - s0@group-BCC0B035F111: appendEntries* s1->s0#99-t1,previous=(t:1, i:35),leaderCommit=35,initializing? false,entries: size=1, first=(t:1, i:36), METADATAENTRY(c:35)
2024-05-03 18:50:20,452 [s0-server-thread1] DEBUG server.RaftServer$Division (RaftServerImpl.java:logAppendEntries(1505)) - s0@group-BCC0B035F111: appendEntries* reply s1<-s0#99:OK-t1,SUCCESS,nextIndex=37,followerCommit=35,matchIndex=36
2024-05-03 18:50:20,454 [HandlerDaemon-1] DEBUG server.RaftServer$Division (RaftServerImpl.java:logAppendEntries(1505)) - s2@group-BCC0B035F111: appendEntries* s1->s2#100-t1,previous=(t:1, i:35),leaderCommit=35,initializing? false,entries: size=1, first=(t:1, i:36), METADATAENTRY(c:35)
2024-05-03 18:50:20,455 [s2-server-thread1] DEBUG server.RaftServer$Division (RaftServerImpl.java:logAppendEntries(1505)) - s2@group-BCC0B035F111: appendEntries* reply s1<-s2#100:OK-t1,SUCCESS,nextIndex=37,followerCommit=35,matchIndex=36
2024-05-03 18:50:20,463 [main] DEBUG client.RaftClient (RaftClientImpl.java:add(146)) - client-CA0EFDF6E02E: add replied callId 96
2024-05-03 18:50:20,463 [main] DEBUG client.RaftClient (RaftClientImpl.java:get(158)) - client-CA0EFDF6E02E: get 101 returns [96]
2024-05-03 18:50:20,463 [main] DEBUG client.RaftClient (RaftClientImpl.java:newRequest(95)) - attempt #1, newRequest RaftClientRequest:client-CA0EFDF6E02E->s1@group-BCC0B035F111, cid=101, seq=null, RW, m18
2024-05-03 18:50:20,464 [s1-client-thread1] DEBUG server.RaftServer$Division (RaftServerImpl.java:submitClientRequestAsync(889)) - s1@group-BCC0B035F111: receive client request(RaftClientRequest:client-CA0EFDF6E02E->s1@group-BCC0B035F111, cid=101, seq=null, RW, m18)
2024-05-03 18:50:20,464 [s1-client-thread1] DEBUG server.RaftServer$Division (LeaderStateImpl.java:addPendingRequest(530)) - s1@group-BCC0B035F111-LeaderStateImpl: addPendingRequest at RaftClientRequest:client-CA0EFDF6E02E->s1@group-BCC0B035F111, cid=101, seq=null, RW, m18, entry=(t:1, i:37), STATEMACHINELOGENTRY, WRITE: logData.size=3, stateMachineData.size=0, logEntryProtoSerializedSize=0
2024-05-03 18:50:20,468 [HandlerDaemon-2] DEBUG server.RaftServer$Division (RaftServerImpl.java:logAppendEntries(1505)) - s0@group-BCC0B035F111: appendEntries* s1->s0#102-t1,previous=(t:1, i:36),leaderCommit=36,initializing? false,entries: size=1, first=(t:1, i:37), STATEMACHINELOGENTRY, StateMachineLogEntryProto:101@client-CA0EFDF6E02E
2024-05-03 18:50:20,469 [s0-server-thread1] DEBUG server.RaftServer$Division (RaftServerImpl.java:logAppendEntries(1505)) - s0@group-BCC0B035F111: appendEntries* reply s1<-s0#102:OK-t1,SUCCESS,nextIndex=38,followerCommit=36,matchIndex=37
2024-05-03 18:50:20,469 [HandlerDaemon-2] DEBUG server.RaftServer$Division (RaftServerImpl.java:logAppendEntries(1505)) - s2@group-BCC0B035F111: appendEntries* s1->s2#103-t1,previous=(t:1, i:36),leaderCommit=36,initializing? false,entries: size=1, first=(t:1, i:37), STATEMACHINELOGENTRY, StateMachineLogEntryProto:101@client-CA0EFDF6E02E
2024-05-03 18:50:20,469 [s2-server-thread1] DEBUG server.RaftServer$Division (RaftServerImpl.java:logAppendEntries(1505)) - s2@group-BCC0B035F111: appendEntries* reply s1<-s2#103:OK-t1,SUCCESS,nextIndex=38,followerCommit=36,matchIndex=37
2024-05-03 18:50:20,480 [HandlerDaemon-0] DEBUG server.RaftServer$Division (RaftServerImpl.java:logAppendEntries(1505)) - s2@group-BCC0B035F111: appendEntries* s1->s2#104-t1,previous=(t:1, i:37),leaderCommit=37,initializing? false,entries: size=1, first=(t:1, i:38), METADATAENTRY(c:37)
2024-05-03 18:50:20,481 [s2-server-thread1] DEBUG server.RaftServer$Division (RaftServerImpl.java:logAppendEntries(1505)) - s2@group-BCC0B035F111: appendEntries* reply s1<-s2#104:OK-t1,SUCCESS,nextIndex=39,followerCommit=37,matchIndex=38
2024-05-03 18:50:20,487 [HandlerDaemon-0] DEBUG server.RaftServer$Division (RaftServerImpl.java:logAppendEntries(1505)) - s0@group-BCC0B035F111: appendEntries* s1->s0#105-t1,previous=(t:1, i:37),leaderCommit=37,initializing? false,entries: size=1, first=(t:1, i:38), METADATAENTRY(c:37)
2024-05-03 18:50:20,488 [s0-server-thread1] DEBUG server.RaftServer$Division (RaftServerImpl.java:logAppendEntries(1505)) - s0@group-BCC0B035F111: appendEntries* reply s1<-s0#105:OK-t1,SUCCESS,nextIndex=39,followerCommit=37,matchIndex=38
2024-05-03 18:50:20,499 [main] DEBUG client.RaftClient (RaftClientImpl.java:add(146)) - client-CA0EFDF6E02E: add replied callId 101
2024-05-03 18:50:20,499 [main] DEBUG client.RaftClient (RaftClientImpl.java:get(158)) - client-CA0EFDF6E02E: get 106 returns [101]
2024-05-03 18:50:20,499 [main] DEBUG client.RaftClient (RaftClientImpl.java:newRequest(95)) - attempt #1, newRequest RaftClientRequest:client-CA0EFDF6E02E->s1@group-BCC0B035F111, cid=106, seq=null, RW, m19
2024-05-03 18:50:20,500 [s1-client-thread1] DEBUG server.RaftServer$Division (RaftServerImpl.java:submitClientRequestAsync(889)) - s1@group-BCC0B035F111: receive client request(RaftClientRequest:client-CA0EFDF6E02E->s1@group-BCC0B035F111, cid=106, seq=null, RW, m19)
2024-05-03 18:50:20,500 [s1-client-thread1] DEBUG server.RaftServer$Division (LeaderStateImpl.java:addPendingRequest(530)) - s1@group-BCC0B035F111-LeaderStateImpl: addPendingRequest at RaftClientRequest:client-CA0EFDF6E02E->s1@group-BCC0B035F111, cid=106, seq=null, RW, m19, entry=(t:1, i:39), STATEMACHINELOGENTRY, WRITE: logData.size=3, stateMachineData.size=0, logEntryProtoSerializedSize=0
2024-05-03 18:50:20,500 [HandlerDaemon-1] DEBUG server.RaftServer$Division (RaftServerImpl.java:logAppendEntries(1505)) - s2@group-BCC0B035F111: appendEntries* s1->s2#107-t1,previous=(t:1, i:38),leaderCommit=38,initializing? false,entries: size=1, first=(t:1, i:39), STATEMACHINELOGENTRY, StateMachineLogEntryProto:106@client-CA0EFDF6E02E
2024-05-03 18:50:20,501 [s2-server-thread1] DEBUG server.RaftServer$Division (RaftServerImpl.java:logAppendEntries(1505)) - s2@group-BCC0B035F111: appendEntries* reply s1<-s2#107:OK-t1,SUCCESS,nextIndex=40,followerCommit=38,matchIndex=39
2024-05-03 18:50:20,507 [HandlerDaemon-1] DEBUG server.RaftServer$Division (RaftServerImpl.java:logAppendEntries(1505)) - s0@group-BCC0B035F111: appendEntries* s1->s0#108-t1,previous=(t:1, i:38),leaderCommit=38,initializing? false,entries: size=1, first=(t:1, i:39), STATEMACHINELOGENTRY, StateMachineLogEntryProto:106@client-CA0EFDF6E02E
2024-05-03 18:50:20,507 [s0-server-thread1] DEBUG server.RaftServer$Division (RaftServerImpl.java:logAppendEntries(1505)) - s0@group-BCC0B035F111: appendEntries* reply s1<-s0#108:OK-t1,SUCCESS,nextIndex=40,followerCommit=38,matchIndex=39
2024-05-03 18:50:20,518 [HandlerDaemon-2] DEBUG server.RaftServer$Division (RaftServerImpl.java:logAppendEntries(1505)) - s2@group-BCC0B035F111: appendEntries* s1->s2#109-t1,previous=(t:1, i:39),leaderCommit=39,initializing? false,entries: size=1, first=(t:1, i:40), METADATAENTRY(c:39)
2024-05-03 18:50:20,518 [s2-server-thread1] DEBUG server.RaftServer$Division (RaftServerImpl.java:logAppendEntries(1505)) - s2@group-BCC0B035F111: appendEntries* reply s1<-s2#109:OK-t1,SUCCESS,nextIndex=41,followerCommit=39,matchIndex=40
2024-05-03 18:50:20,521 [HandlerDaemon-2] DEBUG server.RaftServer$Division (RaftServerImpl.java:logAppendEntries(1505)) - s0@group-BCC0B035F111: appendEntries* s1->s0#110-t1,previous=(t:1, i:39),leaderCommit=39,initializing? false,entries: size=1, first=(t:1, i:40), METADATAENTRY(c:39)
2024-05-03 18:50:20,521 [s0-server-thread1] DEBUG server.RaftServer$Division (RaftServerImpl.java:logAppendEntries(1505)) - s0@group-BCC0B035F111: appendEntries* reply s1<-s0#110:OK-t1,SUCCESS,nextIndex=41,followerCommit=39,matchIndex=40
2024-05-03 18:50:20,537 [main] DEBUG client.RaftClient (RaftClientImpl.java:add(146)) - client-CA0EFDF6E02E: add replied callId 106
2024-05-03 18:50:20,537 [main] DEBUG client.RaftClient (RaftClientImpl.java:get(158)) - client-CA0EFDF6E02E: get 111 returns [106]
2024-05-03 18:50:20,537 [main] DEBUG client.RaftClient (RaftClientImpl.java:newRequest(95)) - attempt #1, newRequest RaftClientRequest:client-CA0EFDF6E02E->s1@group-BCC0B035F111, cid=111, seq=null, RW, m20
2024-05-03 18:50:20,537 [s1-client-thread1] DEBUG server.RaftServer$Division (RaftServerImpl.java:submitClientRequestAsync(889)) - s1@group-BCC0B035F111: receive client request(RaftClientRequest:client-CA0EFDF6E02E->s1@group-BCC0B035F111, cid=111, seq=null, RW, m20)
2024-05-03 18:50:20,537 [s1-client-thread1] DEBUG server.RaftServer$Division (LeaderStateImpl.java:addPendingRequest(530)) - s1@group-BCC0B035F111-LeaderStateImpl: addPendingRequest at RaftClientRequest:client-CA0EFDF6E02E->s1@group-BCC0B035F111, cid=111, seq=null, RW, m20, entry=(t:1, i:41), STATEMACHINELOGENTRY, WRITE: logData.size=3, stateMachineData.size=0, logEntryProtoSerializedSize=0
2024-05-03 18:50:20,538 [HandlerDaemon-0] DEBUG server.RaftServer$Division (RaftServerImpl.java:logAppendEntries(1505)) - s0@group-BCC0B035F111: appendEntries* s1->s0#112-t1,previous=(t:1, i:40),leaderCommit=40,initializing? false,entries: size=1, first=(t:1, i:41), STATEMACHINELOGENTRY, StateMachineLogEntryProto:111@client-CA0EFDF6E02E
2024-05-03 18:50:20,538 [HandlerDaemon-0] DEBUG server.RaftServer$Division (RaftServerImpl.java:logAppendEntries(1505)) - s2@group-BCC0B035F111: appendEntries* s1->s2#113-t1,previous=(t:1, i:40),leaderCommit=40,initializing? false,entries: size=1, first=(t:1, i:41), STATEMACHINELOGENTRY, StateMachineLogEntryProto:111@client-CA0EFDF6E02E
2024-05-03 18:50:20,539 [s2-server-thread1] DEBUG server.RaftServer$Division (RaftServerImpl.java:logAppendEntries(1505)) - s2@group-BCC0B035F111: appendEntries* reply s1<-s2#113:OK-t1,SUCCESS,nextIndex=42,followerCommit=40,matchIndex=41
2024-05-03 18:50:20,539 [s0-server-thread1] DEBUG server.RaftServer$Division (RaftServerImpl.java:logAppendEntries(1505)) - s0@group-BCC0B035F111: appendEntries* reply s1<-s0#112:OK-t1,SUCCESS,nextIndex=42,followerCommit=40,matchIndex=41
2024-05-03 18:50:20,552 [HandlerDaemon-1] DEBUG server.RaftServer$Division (RaftServerImpl.java:logAppendEntries(1505)) - s0@group-BCC0B035F111: appendEntries* s1->s0#114-t1,previous=(t:1, i:41),leaderCommit=41,initializing? false,entries: size=1, first=(t:1, i:42), METADATAENTRY(c:41)
2024-05-03 18:50:20,552 [s0-server-thread1] DEBUG server.RaftServer$Division (RaftServerImpl.java:logAppendEntries(1505)) - s0@group-BCC0B035F111: appendEntries* reply s1<-s0#114:OK-t1,SUCCESS,nextIndex=43,followerCommit=41,matchIndex=42
2024-05-03 18:50:20,553 [HandlerDaemon-1] DEBUG server.RaftServer$Division (RaftServerImpl.java:logAppendEntries(1505)) - s2@group-BCC0B035F111: appendEntries* s1->s2#115-t1,previous=(t:1, i:41),leaderCommit=41,initializing? false,entries: size=1, first=(t:1, i:42), METADATAENTRY(c:41)
2024-05-03 18:50:20,554 [s2-server-thread1] DEBUG server.RaftServer$Division (RaftServerImpl.java:logAppendEntries(1505)) - s2@group-BCC0B035F111: appendEntries* reply s1<-s2#115:OK-t1,SUCCESS,nextIndex=43,followerCommit=41,matchIndex=42
2024-05-03 18:50:20,567 [main] DEBUG client.RaftClient (RaftClientImpl.java:add(146)) - client-CA0EFDF6E02E: add replied callId 111
2024-05-03 18:50:20,567 [main] DEBUG client.RaftClient (RaftClientImpl.java:get(158)) - client-CA0EFDF6E02E: get 116 returns [111]
2024-05-03 18:50:20,567 [main] DEBUG client.RaftClient (RaftClientImpl.java:newRequest(95)) - attempt #1, newRequest RaftClientRequest:client-CA0EFDF6E02E->s1@group-BCC0B035F111, cid=116, seq=null, RW, m21
2024-05-03 18:50:20,567 [s1-client-thread1] DEBUG server.RaftServer$Division (RaftServerImpl.java:submitClientRequestAsync(889)) - s1@group-BCC0B035F111: receive client request(RaftClientRequest:client-CA0EFDF6E02E->s1@group-BCC0B035F111, cid=116, seq=null, RW, m21)
2024-05-03 18:50:20,567 [s1-client-thread1] DEBUG server.RaftServer$Division (LeaderStateImpl.java:addPendingRequest(530)) - s1@group-BCC0B035F111-LeaderStateImpl: addPendingRequest at RaftClientRequest:client-CA0EFDF6E02E->s1@group-BCC0B035F111, cid=116, seq=null, RW, m21, entry=(t:1, i:43), STATEMACHINELOGENTRY, WRITE: logData.size=3, stateMachineData.size=0, logEntryProtoSerializedSize=0
2024-05-03 18:50:20,568 [HandlerDaemon-2] DEBUG server.RaftServer$Division (RaftServerImpl.java:logAppendEntries(1505)) - s2@group-BCC0B035F111: appendEntries* s1->s2#117-t1,previous=(t:1, i:42),leaderCommit=42,initializing? false,entries: size=1, first=(t:1, i:43), STATEMACHINELOGENTRY, StateMachineLogEntryProto:116@client-CA0EFDF6E02E
2024-05-03 18:50:20,569 [s2-server-thread1] DEBUG server.RaftServer$Division (RaftServerImpl.java:logAppendEntries(1505)) - s2@group-BCC0B035F111: appendEntries* reply s1<-s2#117:OK-t1,SUCCESS,nextIndex=44,followerCommit=42,matchIndex=43
2024-05-03 18:50:20,572 [HandlerDaemon-2] DEBUG server.RaftServer$Division (RaftServerImpl.java:logAppendEntries(1505)) - s0@group-BCC0B035F111: appendEntries* s1->s0#118-t1,previous=(t:1, i:42),leaderCommit=42,initializing? false,entries: size=1, first=(t:1, i:43), STATEMACHINELOGENTRY, StateMachineLogEntryProto:116@client-CA0EFDF6E02E
2024-05-03 18:50:20,573 [s0-server-thread1] DEBUG server.RaftServer$Division (RaftServerImpl.java:logAppendEntries(1505)) - s0@group-BCC0B035F111: appendEntries* reply s1<-s0#118:OK-t1,SUCCESS,nextIndex=44,followerCommit=42,matchIndex=43
2024-05-03 18:50:20,584 [HandlerDaemon-0] DEBUG server.RaftServer$Division (RaftServerImpl.java:logAppendEntries(1505)) - s2@group-BCC0B035F111: appendEntries* s1->s2#119-t1,previous=(t:1, i:43),leaderCommit=43,initializing? false,entries: size=1, first=(t:1, i:44), METADATAENTRY(c:43)
2024-05-03 18:50:20,585 [s2-server-thread1] DEBUG server.RaftServer$Division (RaftServerImpl.java:logAppendEntries(1505)) - s2@group-BCC0B035F111: appendEntries* reply s1<-s2#119:OK-t1,SUCCESS,nextIndex=45,followerCommit=43,matchIndex=44
2024-05-03 18:50:20,593 [HandlerDaemon-0] DEBUG server.RaftServer$Division (RaftServerImpl.java:logAppendEntries(1505)) - s0@group-BCC0B035F111: appendEntries* s1->s0#120-t1,previous=(t:1, i:43),leaderCommit=43,initializing? false,entries: size=1, first=(t:1, i:44), METADATAENTRY(c:43)
2024-05-03 18:50:20,593 [s0-server-thread1] DEBUG server.RaftServer$Division (RaftServerImpl.java:logAppendEntries(1505)) - s0@group-BCC0B035F111: appendEntries* reply s1<-s0#120:OK-t1,SUCCESS,nextIndex=45,followerCommit=43,matchIndex=44
2024-05-03 18:50:20,597 [main] DEBUG client.RaftClient (RaftClientImpl.java:add(146)) - client-CA0EFDF6E02E: add replied callId 116
2024-05-03 18:50:20,597 [main] DEBUG client.RaftClient (RaftClientImpl.java:get(158)) - client-CA0EFDF6E02E: get 121 returns [116]
2024-05-03 18:50:20,597 [main] DEBUG client.RaftClient (RaftClientImpl.java:newRequest(95)) - attempt #1, newRequest RaftClientRequest:client-CA0EFDF6E02E->s1@group-BCC0B035F111, cid=121, seq=null, RW, m22
2024-05-03 18:50:20,597 [s1-client-thread1] DEBUG server.RaftServer$Division (RaftServerImpl.java:submitClientRequestAsync(889)) - s1@group-BCC0B035F111: receive client request(RaftClientRequest:client-CA0EFDF6E02E->s1@group-BCC0B035F111, cid=121, seq=null, RW, m22)
2024-05-03 18:50:20,597 [s1-client-thread1] DEBUG server.RaftServer$Division (LeaderStateImpl.java:addPendingRequest(530)) - s1@group-BCC0B035F111-LeaderStateImpl: addPendingRequest at RaftClientRequest:client-CA0EFDF6E02E->s1@group-BCC0B035F111, cid=121, seq=null, RW, m22, entry=(t:1, i:45), STATEMACHINELOGENTRY, WRITE: logData.size=3, stateMachineData.size=0, logEntryProtoSerializedSize=0
2024-05-03 18:50:20,598 [HandlerDaemon-1] DEBUG server.RaftServer$Division (RaftServerImpl.java:logAppendEntries(1505)) - s2@group-BCC0B035F111: appendEntries* s1->s2#122-t1,previous=(t:1, i:44),leaderCommit=44,initializing? false,entries: size=1, first=(t:1, i:45), STATEMACHINELOGENTRY, StateMachineLogEntryProto:121@client-CA0EFDF6E02E
2024-05-03 18:50:20,599 [s2-server-thread1] DEBUG server.RaftServer$Division (RaftServerImpl.java:logAppendEntries(1505)) - s2@group-BCC0B035F111: appendEntries* reply s1<-s2#122:OK-t1,SUCCESS,nextIndex=46,followerCommit=44,matchIndex=45
2024-05-03 18:50:20,606 [HandlerDaemon-1] DEBUG server.RaftServer$Division (RaftServerImpl.java:logAppendEntries(1505)) - s0@group-BCC0B035F111: appendEntries* s1->s0#123-t1,previous=(t:1, i:44),leaderCommit=44,initializing? false,entries: size=1, first=(t:1, i:45), STATEMACHINELOGENTRY, StateMachineLogEntryProto:121@client-CA0EFDF6E02E
2024-05-03 18:50:20,607 [s0-server-thread1] DEBUG server.RaftServer$Division (RaftServerImpl.java:logAppendEntries(1505)) - s0@group-BCC0B035F111: appendEntries* reply s1<-s0#123:OK-t1,SUCCESS,nextIndex=46,followerCommit=44,matchIndex=45
2024-05-03 18:50:20,615 [HandlerDaemon-2] DEBUG server.RaftServer$Division (RaftServerImpl.java:logAppendEntries(1505)) - s2@group-BCC0B035F111: appendEntries* s1->s2#124-t1,previous=(t:1, i:45),leaderCommit=45,initializing? false,entries: size=1, first=(t:1, i:46), METADATAENTRY(c:45)
2024-05-03 18:50:20,615 [s2-server-thread1] DEBUG server.RaftServer$Division (RaftServerImpl.java:logAppendEntries(1505)) - s2@group-BCC0B035F111: appendEntries* reply s1<-s2#124:OK-t1,SUCCESS,nextIndex=47,followerCommit=45,matchIndex=46
2024-05-03 18:50:20,624 [HandlerDaemon-2] DEBUG server.RaftServer$Division (RaftServerImpl.java:logAppendEntries(1505)) - s0@group-BCC0B035F111: appendEntries* s1->s0#125-t1,previous=(t:1, i:45),leaderCommit=45,initializing? false,entries: size=1, first=(t:1, i:46), METADATAENTRY(c:45)
2024-05-03 18:50:20,625 [s0-server-thread1] DEBUG server.RaftServer$Division (RaftServerImpl.java:logAppendEntries(1505)) - s0@group-BCC0B035F111: appendEntries* reply s1<-s0#125:OK-t1,SUCCESS,nextIndex=47,followerCommit=45,matchIndex=46
2024-05-03 18:50:20,631 [main] DEBUG client.RaftClient (RaftClientImpl.java:add(146)) - client-CA0EFDF6E02E: add replied callId 121
2024-05-03 18:50:20,632 [main] DEBUG client.RaftClient (RaftClientImpl.java:get(158)) - client-CA0EFDF6E02E: get 126 returns [121]
2024-05-03 18:50:20,632 [main] DEBUG client.RaftClient (RaftClientImpl.java:newRequest(95)) - attempt #1, newRequest RaftClientRequest:client-CA0EFDF6E02E->s1@group-BCC0B035F111, cid=126, seq=null, RW, m23
2024-05-03 18:50:20,632 [s1-client-thread1] DEBUG server.RaftServer$Division (RaftServerImpl.java:submitClientRequestAsync(889)) - s1@group-BCC0B035F111: receive client request(RaftClientRequest:client-CA0EFDF6E02E->s1@group-BCC0B035F111, cid=126, seq=null, RW, m23)
2024-05-03 18:50:20,633 [s1-client-thread1] DEBUG server.RaftServer$Division (LeaderStateImpl.java:addPendingRequest(530)) - s1@group-BCC0B035F111-LeaderStateImpl: addPendingRequest at RaftClientRequest:client-CA0EFDF6E02E->s1@group-BCC0B035F111, cid=126, seq=null, RW, m23, entry=(t:1, i:47), STATEMACHINELOGENTRY, WRITE: logData.size=3, stateMachineData.size=0, logEntryProtoSerializedSize=0
2024-05-03 18:50:20,633 [HandlerDaemon-0] DEBUG server.RaftServer$Division (RaftServerImpl.java:logAppendEntries(1505)) - s2@group-BCC0B035F111: appendEntries* s1->s2#127-t1,previous=(t:1, i:46),leaderCommit=46,initializing? false,entries: size=1, first=(t:1, i:47), STATEMACHINELOGENTRY, StateMachineLogEntryProto:126@client-CA0EFDF6E02E
2024-05-03 18:50:20,634 [s2-server-thread1] DEBUG server.RaftServer$Division (RaftServerImpl.java:logAppendEntries(1505)) - s2@group-BCC0B035F111: appendEntries* reply s1<-s2#127:OK-t1,SUCCESS,nextIndex=48,followerCommit=46,matchIndex=47
2024-05-03 18:50:20,644 [HandlerDaemon-0] DEBUG server.RaftServer$Division (RaftServerImpl.java:logAppendEntries(1505)) - s0@group-BCC0B035F111: appendEntries* s1->s0#128-t1,previous=(t:1, i:46),leaderCommit=46,initializing? false,entries: size=1, first=(t:1, i:47), STATEMACHINELOGENTRY, StateMachineLogEntryProto:126@client-CA0EFDF6E02E
2024-05-03 18:50:20,644 [s0-server-thread1] DEBUG server.RaftServer$Division (RaftServerImpl.java:logAppendEntries(1505)) - s0@group-BCC0B035F111: appendEntries* reply s1<-s0#128:OK-t1,SUCCESS,nextIndex=48,followerCommit=46,matchIndex=47
2024-05-03 18:50:20,649 [HandlerDaemon-1] DEBUG server.RaftServer$Division (RaftServerImpl.java:logAppendEntries(1505)) - s2@group-BCC0B035F111: appendEntries* s1->s2#129-t1,previous=(t:1, i:47),leaderCommit=47,initializing? false,entries: size=1, first=(t:1, i:48), METADATAENTRY(c:47)
2024-05-03 18:50:20,651 [s2-server-thread1] DEBUG server.RaftServer$Division (RaftServerImpl.java:logAppendEntries(1505)) - s2@group-BCC0B035F111: appendEntries* reply s1<-s2#129:OK-t1,SUCCESS,nextIndex=49,followerCommit=47,matchIndex=48
2024-05-03 18:50:20,660 [HandlerDaemon-1] DEBUG server.RaftServer$Division (RaftServerImpl.java:logAppendEntries(1505)) - s0@group-BCC0B035F111: appendEntries* s1->s0#130-t1,previous=(t:1, i:47),leaderCommit=47,initializing? false,entries: size=1, first=(t:1, i:48), METADATAENTRY(c:47)
2024-05-03 18:50:20,661 [s0-server-thread1] DEBUG server.RaftServer$Division (RaftServerImpl.java:logAppendEntries(1505)) - s0@group-BCC0B035F111: appendEntries* reply s1<-s0#130:OK-t1,SUCCESS,nextIndex=49,followerCommit=47,matchIndex=48
2024-05-03 18:50:20,668 [main] DEBUG client.RaftClient (RaftClientImpl.java:add(146)) - client-CA0EFDF6E02E: add replied callId 126
2024-05-03 18:50:20,669 [main] DEBUG client.RaftClient (RaftClientImpl.java:get(158)) - client-CA0EFDF6E02E: get 131 returns [126]
2024-05-03 18:50:20,669 [main] DEBUG client.RaftClient (RaftClientImpl.java:newRequest(95)) - attempt #1, newRequest RaftClientRequest:client-CA0EFDF6E02E->s1@group-BCC0B035F111, cid=131, seq=null, RW, m24
2024-05-03 18:50:20,669 [s1-client-thread1] DEBUG server.RaftServer$Division (RaftServerImpl.java:submitClientRequestAsync(889)) - s1@group-BCC0B035F111: receive client request(RaftClientRequest:client-CA0EFDF6E02E->s1@group-BCC0B035F111, cid=131, seq=null, RW, m24)
2024-05-03 18:50:20,669 [s1-client-thread1] DEBUG server.RaftServer$Division (LeaderStateImpl.java:addPendingRequest(530)) - s1@group-BCC0B035F111-LeaderStateImpl: addPendingRequest at RaftClientRequest:client-CA0EFDF6E02E->s1@group-BCC0B035F111, cid=131, seq=null, RW, m24, entry=(t:1, i:49), STATEMACHINELOGENTRY, WRITE: logData.size=3, stateMachineData.size=0, logEntryProtoSerializedSize=0
2024-05-03 18:50:20,670 [HandlerDaemon-2] DEBUG server.RaftServer$Division (RaftServerImpl.java:logAppendEntries(1505)) - s2@group-BCC0B035F111: appendEntries* s1->s2#132-t1,previous=(t:1, i:48),leaderCommit=48,initializing? false,entries: size=1, first=(t:1, i:49), STATEMACHINELOGENTRY, StateMachineLogEntryProto:131@client-CA0EFDF6E02E
2024-05-03 18:50:20,670 [s2-server-thread1] DEBUG server.RaftServer$Division (RaftServerImpl.java:logAppendEntries(1505)) - s2@group-BCC0B035F111: appendEntries* reply s1<-s2#132:OK-t1,SUCCESS,nextIndex=50,followerCommit=48,matchIndex=49
2024-05-03 18:50:20,673 [HandlerDaemon-2] DEBUG server.RaftServer$Division (RaftServerImpl.java:logAppendEntries(1505)) - s0@group-BCC0B035F111: appendEntries* s1->s0#133-t1,previous=(t:1, i:48),leaderCommit=48,initializing? false,entries: size=1, first=(t:1, i:49), STATEMACHINELOGENTRY, StateMachineLogEntryProto:131@client-CA0EFDF6E02E
2024-05-03 18:50:20,674 [s0-server-thread1] DEBUG server.RaftServer$Division (RaftServerImpl.java:logAppendEntries(1505)) - s0@group-BCC0B035F111: appendEntries* reply s1<-s0#133:OK-t1,SUCCESS,nextIndex=50,followerCommit=48,matchIndex=49
2024-05-03 18:50:20,690 [HandlerDaemon-0] DEBUG server.RaftServer$Division (RaftServerImpl.java:logAppendEntries(1505)) - s2@group-BCC0B035F111: appendEntries* s1->s2#134-t1,previous=(t:1, i:49),leaderCommit=49,initializing? false,entries: size=1, first=(t:1, i:50), METADATAENTRY(c:49)
2024-05-03 18:50:20,690 [HandlerDaemon-0] DEBUG server.RaftServer$Division (RaftServerImpl.java:logAppendEntries(1505)) - s0@group-BCC0B035F111: appendEntries* s1->s0#135-t1,previous=(t:1, i:49),leaderCommit=49,initializing? false,entries: size=1, first=(t:1, i:50), METADATAENTRY(c:49)
2024-05-03 18:50:20,690 [s2-server-thread1] DEBUG server.RaftServer$Division (RaftServerImpl.java:logAppendEntries(1505)) - s2@group-BCC0B035F111: appendEntries* reply s1<-s2#134:OK-t1,SUCCESS,nextIndex=51,followerCommit=49,matchIndex=50
2024-05-03 18:50:20,690 [s0-server-thread1] DEBUG server.RaftServer$Division (RaftServerImpl.java:logAppendEntries(1505)) - s0@group-BCC0B035F111: appendEntries* reply s1<-s0#135:OK-t1,SUCCESS,nextIndex=51,followerCommit=49,matchIndex=50
2024-05-03 18:50:20,709 [main] DEBUG client.RaftClient (RaftClientImpl.java:add(146)) - client-CA0EFDF6E02E: add replied callId 131
2024-05-03 18:50:20,709 [main] DEBUG client.RaftClient (RaftClientImpl.java:get(158)) - client-CA0EFDF6E02E: get 136 returns [131]
2024-05-03 18:50:20,709 [main] DEBUG client.RaftClient (RaftClientImpl.java:newRequest(95)) - attempt #1, newRequest RaftClientRequest:client-CA0EFDF6E02E->s1@group-BCC0B035F111, cid=136, seq=null, RW, m25
2024-05-03 18:50:20,709 [s1-client-thread1] DEBUG server.RaftServer$Division (RaftServerImpl.java:submitClientRequestAsync(889)) - s1@group-BCC0B035F111: receive client request(RaftClientRequest:client-CA0EFDF6E02E->s1@group-BCC0B035F111, cid=136, seq=null, RW, m25)
2024-05-03 18:50:20,710 [s1-client-thread1] DEBUG server.RaftServer$Division (LeaderStateImpl.java:addPendingRequest(530)) - s1@group-BCC0B035F111-LeaderStateImpl: addPendingRequest at RaftClientRequest:client-CA0EFDF6E02E->s1@group-BCC0B035F111, cid=136, seq=null, RW, m25, entry=(t:1, i:51), STATEMACHINELOGENTRY, WRITE: logData.size=3, stateMachineData.size=0, logEntryProtoSerializedSize=0
2024-05-03 18:50:20,710 [HandlerDaemon-1] DEBUG server.RaftServer$Division (RaftServerImpl.java:logAppendEntries(1505)) - s0@group-BCC0B035F111: appendEntries* s1->s0#137-t1,previous=(t:1, i:50),leaderCommit=50,initializing? false,entries: size=1, first=(t:1, i:51), STATEMACHINELOGENTRY, StateMachineLogEntryProto:136@client-CA0EFDF6E02E
2024-05-03 18:50:20,710 [HandlerDaemon-1] DEBUG server.RaftServer$Division (RaftServerImpl.java:logAppendEntries(1505)) - s2@group-BCC0B035F111: appendEntries* s1->s2#138-t1,previous=(t:1, i:50),leaderCommit=50,initializing? false,entries: size=1, first=(t:1, i:51), STATEMACHINELOGENTRY, StateMachineLogEntryProto:136@client-CA0EFDF6E02E
2024-05-03 18:50:20,711 [s2-server-thread1] DEBUG server.RaftServer$Division (RaftServerImpl.java:logAppendEntries(1505)) - s2@group-BCC0B035F111: appendEntries* reply s1<-s2#138:OK-t1,SUCCESS,nextIndex=52,followerCommit=50,matchIndex=51
2024-05-03 18:50:20,711 [s0-server-thread1] DEBUG server.RaftServer$Division (RaftServerImpl.java:logAppendEntries(1505)) - s0@group-BCC0B035F111: appendEntries* reply s1<-s0#137:OK-t1,SUCCESS,nextIndex=52,followerCommit=50,matchIndex=51
2024-05-03 18:50:20,724 [HandlerDaemon-2] DEBUG server.RaftServer$Division (RaftServerImpl.java:logAppendEntries(1505)) - s0@group-BCC0B035F111: appendEntries* s1->s0#139-t1,previous=(t:1, i:51),leaderCommit=51,initializing? false,entries: size=1, first=(t:1, i:52), METADATAENTRY(c:51)
2024-05-03 18:50:20,724 [s0-server-thread1] DEBUG server.RaftServer$Division (RaftServerImpl.java:logAppendEntries(1505)) - s0@group-BCC0B035F111: appendEntries* reply s1<-s0#139:OK-t1,SUCCESS,nextIndex=53,followerCommit=51,matchIndex=52
2024-05-03 18:50:20,725 [HandlerDaemon-2] DEBUG server.RaftServer$Division (RaftServerImpl.java:logAppendEntries(1505)) - s2@group-BCC0B035F111: appendEntries* s1->s2#140-t1,previous=(t:1, i:51),leaderCommit=51,initializing? false,entries: size=1, first=(t:1, i:52), METADATAENTRY(c:51)
2024-05-03 18:50:20,726 [s2-server-thread1] DEBUG server.RaftServer$Division (RaftServerImpl.java:logAppendEntries(1505)) - s2@group-BCC0B035F111: appendEntries* reply s1<-s2#140:OK-t1,SUCCESS,nextIndex=53,followerCommit=51,matchIndex=52
2024-05-03 18:50:20,741 [main] DEBUG client.RaftClient (RaftClientImpl.java:add(146)) - client-CA0EFDF6E02E: add replied callId 136
2024-05-03 18:50:20,742 [main] DEBUG client.RaftClient (RaftClientImpl.java:get(158)) - client-CA0EFDF6E02E: get 141 returns [136]
2024-05-03 18:50:20,742 [main] DEBUG client.RaftClient (RaftClientImpl.java:newRequest(95)) - attempt #1, newRequest RaftClientRequest:client-CA0EFDF6E02E->s1@group-BCC0B035F111, cid=141, seq=null, RW, m26
2024-05-03 18:50:20,742 [s1-client-thread1] DEBUG server.RaftServer$Division (RaftServerImpl.java:submitClientRequestAsync(889)) - s1@group-BCC0B035F111: receive client request(RaftClientRequest:client-CA0EFDF6E02E->s1@group-BCC0B035F111, cid=141, seq=null, RW, m26)
2024-05-03 18:50:20,742 [s1-client-thread1] DEBUG server.RaftServer$Division (LeaderStateImpl.java:addPendingRequest(530)) - s1@group-BCC0B035F111-LeaderStateImpl: addPendingRequest at RaftClientRequest:client-CA0EFDF6E02E->s1@group-BCC0B035F111, cid=141, seq=null, RW, m26, entry=(t:1, i:53), STATEMACHINELOGENTRY, WRITE: logData.size=3, stateMachineData.size=0, logEntryProtoSerializedSize=0
2024-05-03 18:50:20,743 [HandlerDaemon-0] DEBUG server.RaftServer$Division (RaftServerImpl.java:logAppendEntries(1505)) - s2@group-BCC0B035F111: appendEntries* s1->s2#142-t1,previous=(t:1, i:52),leaderCommit=52,initializing? false,entries: size=1, first=(t:1, i:53), STATEMACHINELOGENTRY, StateMachineLogEntryProto:141@client-CA0EFDF6E02E
2024-05-03 18:50:20,743 [HandlerDaemon-0] DEBUG server.RaftServer$Division (RaftServerImpl.java:logAppendEntries(1505)) - s0@group-BCC0B035F111: appendEntries* s1->s0#143-t1,previous=(t:1, i:52),leaderCommit=52,initializing? false,entries: size=1, first=(t:1, i:53), STATEMACHINELOGENTRY, StateMachineLogEntryProto:141@client-CA0EFDF6E02E
2024-05-03 18:50:20,743 [s0-server-thread1] DEBUG server.RaftServer$Division (RaftServerImpl.java:logAppendEntries(1505)) - s0@group-BCC0B035F111: appendEntries* reply s1<-s0#143:OK-t1,SUCCESS,nextIndex=54,followerCommit=52,matchIndex=53
2024-05-03 18:50:20,743 [s2-server-thread1] DEBUG server.RaftServer$Division (RaftServerImpl.java:logAppendEntries(1505)) - s2@group-BCC0B035F111: appendEntries* reply s1<-s2#142:OK-t1,SUCCESS,nextIndex=54,followerCommit=52,matchIndex=53
2024-05-03 18:50:20,755 [HandlerDaemon-1] DEBUG server.RaftServer$Division (RaftServerImpl.java:logAppendEntries(1505)) - s2@group-BCC0B035F111: appendEntries* s1->s2#144-t1,previous=(t:1, i:53),leaderCommit=53,initializing? false,entries: size=1, first=(t:1, i:54), METADATAENTRY(c:53)
2024-05-03 18:50:20,756 [s2-server-thread1] DEBUG server.RaftServer$Division (RaftServerImpl.java:logAppendEntries(1505)) - s2@group-BCC0B035F111: appendEntries* reply s1<-s2#144:OK-t1,SUCCESS,nextIndex=55,followerCommit=53,matchIndex=54
2024-05-03 18:50:20,761 [HandlerDaemon-1] DEBUG server.RaftServer$Division (RaftServerImpl.java:logAppendEntries(1505)) - s0@group-BCC0B035F111: appendEntries* s1->s0#145-t1,previous=(t:1, i:53),leaderCommit=53,initializing? false,entries: size=1, first=(t:1, i:54), METADATAENTRY(c:53)
2024-05-03 18:50:20,761 [s0-server-thread1] DEBUG server.RaftServer$Division (RaftServerImpl.java:logAppendEntries(1505)) - s0@group-BCC0B035F111: appendEntries* reply s1<-s0#145:OK-t1,SUCCESS,nextIndex=55,followerCommit=53,matchIndex=54
2024-05-03 18:50:20,765 [main] DEBUG client.RaftClient (RaftClientImpl.java:add(146)) - client-CA0EFDF6E02E: add replied callId 141
2024-05-03 18:50:20,765 [main] DEBUG client.RaftClient (RaftClientImpl.java:get(158)) - client-CA0EFDF6E02E: get 146 returns [141]
2024-05-03 18:50:20,765 [main] DEBUG client.RaftClient (RaftClientImpl.java:newRequest(95)) - attempt #1, newRequest RaftClientRequest:client-CA0EFDF6E02E->s1@group-BCC0B035F111, cid=146, seq=null, RW, m27
2024-05-03 18:50:20,765 [s1-client-thread1] DEBUG server.RaftServer$Division (RaftServerImpl.java:submitClientRequestAsync(889)) - s1@group-BCC0B035F111: receive client request(RaftClientRequest:client-CA0EFDF6E02E->s1@group-BCC0B035F111, cid=146, seq=null, RW, m27)
2024-05-03 18:50:20,766 [s1-client-thread1] DEBUG server.RaftServer$Division (LeaderStateImpl.java:addPendingRequest(530)) - s1@group-BCC0B035F111-LeaderStateImpl: addPendingRequest at RaftClientRequest:client-CA0EFDF6E02E->s1@group-BCC0B035F111, cid=146, seq=null, RW, m27, entry=(t:1, i:55), STATEMACHINELOGENTRY, WRITE: logData.size=3, stateMachineData.size=0, logEntryProtoSerializedSize=0
2024-05-03 18:50:20,769 [HandlerDaemon-2] DEBUG server.RaftServer$Division (RaftServerImpl.java:logAppendEntries(1505)) - s2@group-BCC0B035F111: appendEntries* s1->s2#147-t1,previous=(t:1, i:54),leaderCommit=54,initializing? false,entries: size=1, first=(t:1, i:55), STATEMACHINELOGENTRY, StateMachineLogEntryProto:146@client-CA0EFDF6E02E
2024-05-03 18:50:20,770 [s2-server-thread1] DEBUG server.RaftServer$Division (RaftServerImpl.java:logAppendEntries(1505)) - s2@group-BCC0B035F111: appendEntries* reply s1<-s2#147:OK-t1,SUCCESS,nextIndex=56,followerCommit=54,matchIndex=55
2024-05-03 18:50:20,777 [HandlerDaemon-2] DEBUG server.RaftServer$Division (RaftServerImpl.java:logAppendEntries(1505)) - s0@group-BCC0B035F111: appendEntries* s1->s0#148-t1,previous=(t:1, i:54),leaderCommit=54,initializing? false,entries: size=1, first=(t:1, i:55), STATEMACHINELOGENTRY, StateMachineLogEntryProto:146@client-CA0EFDF6E02E
2024-05-03 18:50:20,777 [s0-server-thread1] DEBUG server.RaftServer$Division (RaftServerImpl.java:logAppendEntries(1505)) - s0@group-BCC0B035F111: appendEntries* reply s1<-s0#148:OK-t1,SUCCESS,nextIndex=56,followerCommit=54,matchIndex=55
2024-05-03 18:50:20,788 [HandlerDaemon-0] DEBUG server.RaftServer$Division (RaftServerImpl.java:logAppendEntries(1505)) - s2@group-BCC0B035F111: appendEntries* s1->s2#149-t1,previous=(t:1, i:55),leaderCommit=55,initializing? false,entries: size=1, first=(t:1, i:56), METADATAENTRY(c:55)
2024-05-03 18:50:20,788 [s2-server-thread1] DEBUG server.RaftServer$Division (RaftServerImpl.java:logAppendEntries(1505)) - s2@group-BCC0B035F111: appendEntries* reply s1<-s2#149:OK-t1,SUCCESS,nextIndex=57,followerCommit=55,matchIndex=56
2024-05-03 18:50:20,796 [HandlerDaemon-0] DEBUG server.RaftServer$Division (RaftServerImpl.java:logAppendEntries(1505)) - s0@group-BCC0B035F111: appendEntries* s1->s0#150-t1,previous=(t:1, i:55),leaderCommit=55,initializing? false,entries: size=1, first=(t:1, i:56), METADATAENTRY(c:55)
2024-05-03 18:50:20,797 [s0-server-thread1] DEBUG server.RaftServer$Division (RaftServerImpl.java:logAppendEntries(1505)) - s0@group-BCC0B035F111: appendEntries* reply s1<-s0#150:OK-t1,SUCCESS,nextIndex=57,followerCommit=55,matchIndex=56
2024-05-03 18:50:20,802 [main] DEBUG client.RaftClient (RaftClientImpl.java:add(146)) - client-CA0EFDF6E02E: add replied callId 146
2024-05-03 18:50:20,803 [main] DEBUG client.RaftClient (RaftClientImpl.java:get(158)) - client-CA0EFDF6E02E: get 151 returns [146]
2024-05-03 18:50:20,803 [main] DEBUG client.RaftClient (RaftClientImpl.java:newRequest(95)) - attempt #1, newRequest RaftClientRequest:client-CA0EFDF6E02E->s1@group-BCC0B035F111, cid=151, seq=null, RW, m28
2024-05-03 18:50:20,803 [s1-client-thread1] DEBUG server.RaftServer$Division (RaftServerImpl.java:submitClientRequestAsync(889)) - s1@group-BCC0B035F111: receive client request(RaftClientRequest:client-CA0EFDF6E02E->s1@group-BCC0B035F111, cid=151, seq=null, RW, m28)
2024-05-03 18:50:20,803 [s1-client-thread1] DEBUG server.RaftServer$Division (LeaderStateImpl.java:addPendingRequest(530)) - s1@group-BCC0B035F111-LeaderStateImpl: addPendingRequest at RaftClientRequest:client-CA0EFDF6E02E->s1@group-BCC0B035F111, cid=151, seq=null, RW, m28, entry=(t:1, i:57), STATEMACHINELOGENTRY, WRITE: logData.size=3, stateMachineData.size=0, logEntryProtoSerializedSize=0
2024-05-03 18:50:20,804 [HandlerDaemon-1] DEBUG server.RaftServer$Division (RaftServerImpl.java:logAppendEntries(1505)) - s2@group-BCC0B035F111: appendEntries* s1->s2#152-t1,previous=(t:1, i:56),leaderCommit=56,initializing? false,entries: size=1, first=(t:1, i:57), STATEMACHINELOGENTRY, StateMachineLogEntryProto:151@client-CA0EFDF6E02E
2024-05-03 18:50:20,804 [s2-server-thread1] DEBUG server.RaftServer$Division (RaftServerImpl.java:logAppendEntries(1505)) - s2@group-BCC0B035F111: appendEntries* reply s1<-s2#152:OK-t1,SUCCESS,nextIndex=58,followerCommit=56,matchIndex=57
2024-05-03 18:50:20,815 [HandlerDaemon-1] DEBUG server.RaftServer$Division (RaftServerImpl.java:logAppendEntries(1505)) - s0@group-BCC0B035F111: appendEntries* s1->s0#153-t1,previous=(t:1, i:56),leaderCommit=56,initializing? false,entries: size=1, first=(t:1, i:57), STATEMACHINELOGENTRY, StateMachineLogEntryProto:151@client-CA0EFDF6E02E
2024-05-03 18:50:20,816 [s0-server-thread1] DEBUG server.RaftServer$Division (RaftServerImpl.java:logAppendEntries(1505)) - s0@group-BCC0B035F111: appendEntries* reply s1<-s0#153:OK-t1,SUCCESS,nextIndex=58,followerCommit=56,matchIndex=57
2024-05-03 18:50:20,821 [HandlerDaemon-2] DEBUG server.RaftServer$Division (RaftServerImpl.java:logAppendEntries(1505)) - s2@group-BCC0B035F111: appendEntries* s1->s2#154-t1,previous=(t:1, i:57),leaderCommit=57,initializing? false,entries: size=1, first=(t:1, i:58), METADATAENTRY(c:57)
2024-05-03 18:50:20,822 [s2-server-thread1] DEBUG server.RaftServer$Division (RaftServerImpl.java:logAppendEntries(1505)) - s2@group-BCC0B035F111: appendEntries* reply s1<-s2#154:OK-t1,SUCCESS,nextIndex=59,followerCommit=57,matchIndex=58
2024-05-03 18:50:20,835 [HandlerDaemon-2] DEBUG server.RaftServer$Division (RaftServerImpl.java:logAppendEntries(1505)) - s0@group-BCC0B035F111: appendEntries* s1->s0#155-t1,previous=(t:1, i:57),leaderCommit=57,initializing? false,entries: size=1, first=(t:1, i:58), METADATAENTRY(c:57)
2024-05-03 18:50:20,835 [s0-server-thread1] DEBUG server.RaftServer$Division (RaftServerImpl.java:logAppendEntries(1505)) - s0@group-BCC0B035F111: appendEntries* reply s1<-s0#155:OK-t1,SUCCESS,nextIndex=59,followerCommit=57,matchIndex=58
2024-05-03 18:50:20,837 [main] DEBUG client.RaftClient (RaftClientImpl.java:add(146)) - client-CA0EFDF6E02E: add replied callId 151
2024-05-03 18:50:20,837 [main] DEBUG client.RaftClient (RaftClientImpl.java:get(158)) - client-CA0EFDF6E02E: get 156 returns [151]
2024-05-03 18:50:20,837 [main] DEBUG client.RaftClient (RaftClientImpl.java:newRequest(95)) - attempt #1, newRequest RaftClientRequest:client-CA0EFDF6E02E->s1@group-BCC0B035F111, cid=156, seq=null, RW, m29
2024-05-03 18:50:20,837 [s1-client-thread1] DEBUG server.RaftServer$Division (RaftServerImpl.java:submitClientRequestAsync(889)) - s1@group-BCC0B035F111: receive client request(RaftClientRequest:client-CA0EFDF6E02E->s1@group-BCC0B035F111, cid=156, seq=null, RW, m29)
2024-05-03 18:50:20,838 [s1-client-thread1] DEBUG server.RaftServer$Division (LeaderStateImpl.java:addPendingRequest(530)) - s1@group-BCC0B035F111-LeaderStateImpl: addPendingRequest at RaftClientRequest:client-CA0EFDF6E02E->s1@group-BCC0B035F111, cid=156, seq=null, RW, m29, entry=(t:1, i:59), STATEMACHINELOGENTRY, WRITE: logData.size=3, stateMachineData.size=0, logEntryProtoSerializedSize=0
2024-05-03 18:50:20,841 [HandlerDaemon-0] DEBUG server.RaftServer$Division (RaftServerImpl.java:logAppendEntries(1505)) - s2@group-BCC0B035F111: appendEntries* s1->s2#157-t1,previous=(t:1, i:58),leaderCommit=58,initializing? false,entries: size=1, first=(t:1, i:59), STATEMACHINELOGENTRY, StateMachineLogEntryProto:156@client-CA0EFDF6E02E
2024-05-03 18:50:20,842 [s2-server-thread1] DEBUG server.RaftServer$Division (RaftServerImpl.java:logAppendEntries(1505)) - s2@group-BCC0B035F111: appendEntries* reply s1<-s2#157:OK-t1,SUCCESS,nextIndex=60,followerCommit=58,matchIndex=59
2024-05-03 18:50:20,851 [HandlerDaemon-0] DEBUG server.RaftServer$Division (RaftServerImpl.java:logAppendEntries(1505)) - s0@group-BCC0B035F111: appendEntries* s1->s0#158-t1,previous=(t:1, i:58),leaderCommit=58,initializing? false,entries: size=1, first=(t:1, i:59), STATEMACHINELOGENTRY, StateMachineLogEntryProto:156@client-CA0EFDF6E02E
2024-05-03 18:50:20,851 [s0-server-thread1] DEBUG server.RaftServer$Division (RaftServerImpl.java:logAppendEntries(1505)) - s0@group-BCC0B035F111: appendEntries* reply s1<-s0#158:OK-t1,SUCCESS,nextIndex=60,followerCommit=58,matchIndex=59
2024-05-03 18:50:20,855 [HandlerDaemon-1] DEBUG server.RaftServer$Division (RaftServerImpl.java:logAppendEntries(1505)) - s2@group-BCC0B035F111: appendEntries* s1->s2#159-t1,previous=(t:1, i:59),leaderCommit=59,initializing? false,entries: size=1, first=(t:1, i:60), METADATAENTRY(c:59)
2024-05-03 18:50:20,855 [s2-server-thread1] DEBUG server.RaftServer$Division (RaftServerImpl.java:logAppendEntries(1505)) - s2@group-BCC0B035F111: appendEntries* reply s1<-s2#159:OK-t1,SUCCESS,nextIndex=61,followerCommit=59,matchIndex=60
2024-05-03 18:50:20,868 [HandlerDaemon-1] DEBUG server.RaftServer$Division (RaftServerImpl.java:logAppendEntries(1505)) - s0@group-BCC0B035F111: appendEntries* s1->s0#160-t1,previous=(t:1, i:59),leaderCommit=59,initializing? false,entries: size=1, first=(t:1, i:60), METADATAENTRY(c:59)
2024-05-03 18:50:20,869 [s0-server-thread1] DEBUG server.RaftServer$Division (RaftServerImpl.java:logAppendEntries(1505)) - s0@group-BCC0B035F111: appendEntries* reply s1<-s0#160:OK-t1,SUCCESS,nextIndex=61,followerCommit=59,matchIndex=60
2024-05-03 18:50:20,874 [main] DEBUG client.RaftClient (RaftClientImpl.java:add(146)) - client-CA0EFDF6E02E: add replied callId 156
2024-05-03 18:50:20,874 [main] DEBUG client.RaftClient (RaftClientImpl.java:get(158)) - client-CA0EFDF6E02E: get 161 returns [156]
2024-05-03 18:50:20,874 [main] DEBUG client.RaftClient (RaftClientImpl.java:newRequest(95)) - attempt #1, newRequest RaftClientRequest:client-CA0EFDF6E02E->s1@group-BCC0B035F111, cid=161, seq=null, RW, m30
2024-05-03 18:50:20,874 [s1-client-thread1] DEBUG server.RaftServer$Division (RaftServerImpl.java:submitClientRequestAsync(889)) - s1@group-BCC0B035F111: receive client request(RaftClientRequest:client-CA0EFDF6E02E->s1@group-BCC0B035F111, cid=161, seq=null, RW, m30)
2024-05-03 18:50:20,874 [s1-client-thread1] DEBUG server.RaftServer$Division (LeaderStateImpl.java:addPendingRequest(530)) - s1@group-BCC0B035F111-LeaderStateImpl: addPendingRequest at RaftClientRequest:client-CA0EFDF6E02E->s1@group-BCC0B035F111, cid=161, seq=null, RW, m30, entry=(t:1, i:61), STATEMACHINELOGENTRY, WRITE: logData.size=3, stateMachineData.size=0, logEntryProtoSerializedSize=0
2024-05-03 18:50:20,875 [HandlerDaemon-2] DEBUG server.RaftServer$Division (RaftServerImpl.java:logAppendEntries(1505)) - s2@group-BCC0B035F111: appendEntries* s1->s2#162-t1,previous=(t:1, i:60),leaderCommit=60,initializing? false,entries: size=1, first=(t:1, i:61), STATEMACHINELOGENTRY, StateMachineLogEntryProto:161@client-CA0EFDF6E02E
2024-05-03 18:50:20,876 [s2-server-thread1] DEBUG server.RaftServer$Division (RaftServerImpl.java:logAppendEntries(1505)) - s2@group-BCC0B035F111: appendEntries* reply s1<-s2#162:OK-t1,SUCCESS,nextIndex=62,followerCommit=60,matchIndex=61
2024-05-03 18:50:20,885 [HandlerDaemon-2] DEBUG server.RaftServer$Division (RaftServerImpl.java:logAppendEntries(1505)) - s0@group-BCC0B035F111: appendEntries* s1->s0#163-t1,previous=(t:1, i:60),leaderCommit=60,initializing? false,entries: size=1, first=(t:1, i:61), STATEMACHINELOGENTRY, StateMachineLogEntryProto:161@client-CA0EFDF6E02E
2024-05-03 18:50:20,886 [s0-server-thread1] DEBUG server.RaftServer$Division (RaftServerImpl.java:logAppendEntries(1505)) - s0@group-BCC0B035F111: appendEntries* reply s1<-s0#163:OK-t1,SUCCESS,nextIndex=62,followerCommit=60,matchIndex=61
2024-05-03 18:50:20,896 [HandlerDaemon-0] DEBUG server.RaftServer$Division (RaftServerImpl.java:logAppendEntries(1505)) - s2@group-BCC0B035F111: appendEntries* s1->s2#164-t1,previous=(t:1, i:61),leaderCommit=61,initializing? false,entries: size=1, first=(t:1, i:62), METADATAENTRY(c:61)
2024-05-03 18:50:20,896 [s2-server-thread1] DEBUG server.RaftServer$Division (RaftServerImpl.java:logAppendEntries(1505)) - s2@group-BCC0B035F111: appendEntries* reply s1<-s2#164:OK-t1,SUCCESS,nextIndex=63,followerCommit=61,matchIndex=62
2024-05-03 18:50:20,903 [HandlerDaemon-0] DEBUG server.RaftServer$Division (RaftServerImpl.java:logAppendEntries(1505)) - s0@group-BCC0B035F111: appendEntries* s1->s0#165-t1,previous=(t:1, i:61),leaderCommit=61,initializing? false,entries: size=1, first=(t:1, i:62), METADATAENTRY(c:61)
2024-05-03 18:50:20,904 [s0-server-thread1] DEBUG server.RaftServer$Division (RaftServerImpl.java:logAppendEntries(1505)) - s0@group-BCC0B035F111: appendEntries* reply s1<-s0#165:OK-t1,SUCCESS,nextIndex=63,followerCommit=61,matchIndex=62
2024-05-03 18:50:20,905 [main] DEBUG client.RaftClient (RaftClientImpl.java:add(146)) - client-CA0EFDF6E02E: add replied callId 161
2024-05-03 18:50:20,905 [main] DEBUG client.RaftClient (RaftClientImpl.java:get(158)) - client-CA0EFDF6E02E: get 166 returns [161]
2024-05-03 18:50:20,906 [main] DEBUG client.RaftClient (RaftClientImpl.java:newRequest(95)) - attempt #1, newRequest RaftClientRequest:client-CA0EFDF6E02E->s1@group-BCC0B035F111, cid=166, seq=null, RW, m31
2024-05-03 18:50:20,906 [s1-client-thread1] DEBUG server.RaftServer$Division (RaftServerImpl.java:submitClientRequestAsync(889)) - s1@group-BCC0B035F111: receive client request(RaftClientRequest:client-CA0EFDF6E02E->s1@group-BCC0B035F111, cid=166, seq=null, RW, m31)
2024-05-03 18:50:20,906 [s1-client-thread1] DEBUG server.RaftServer$Division (LeaderStateImpl.java:addPendingRequest(530)) - s1@group-BCC0B035F111-LeaderStateImpl: addPendingRequest at RaftClientRequest:client-CA0EFDF6E02E->s1@group-BCC0B035F111, cid=166, seq=null, RW, m31, entry=(t:1, i:63), STATEMACHINELOGENTRY, WRITE: logData.size=3, stateMachineData.size=0, logEntryProtoSerializedSize=0
2024-05-03 18:50:20,910 [HandlerDaemon-1] DEBUG server.RaftServer$Division (RaftServerImpl.java:logAppendEntries(1505)) - s2@group-BCC0B035F111: appendEntries* s1->s2#167-t1,previous=(t:1, i:62),leaderCommit=62,initializing? false,entries: size=1, first=(t:1, i:63), STATEMACHINELOGENTRY, StateMachineLogEntryProto:166@client-CA0EFDF6E02E
2024-05-03 18:50:20,910 [s2-server-thread1] DEBUG server.RaftServer$Division (RaftServerImpl.java:logAppendEntries(1505)) - s2@group-BCC0B035F111: appendEntries* reply s1<-s2#167:OK-t1,SUCCESS,nextIndex=64,followerCommit=62,matchIndex=63
2024-05-03 18:50:20,916 [HandlerDaemon-1] DEBUG server.RaftServer$Division (RaftServerImpl.java:logAppendEntries(1505)) - s0@group-BCC0B035F111: appendEntries* s1->s0#168-t1,previous=(t:1, i:62),leaderCommit=62,initializing? false,entries: size=1, first=(t:1, i:63), STATEMACHINELOGENTRY, StateMachineLogEntryProto:166@client-CA0EFDF6E02E
2024-05-03 18:50:20,917 [s0-server-thread1] DEBUG server.RaftServer$Division (RaftServerImpl.java:logAppendEntries(1505)) - s0@group-BCC0B035F111: appendEntries* reply s1<-s0#168:OK-t1,SUCCESS,nextIndex=64,followerCommit=62,matchIndex=63
2024-05-03 18:50:20,924 [HandlerDaemon-2] DEBUG server.RaftServer$Division (RaftServerImpl.java:logAppendEntries(1505)) - s2@group-BCC0B035F111: appendEntries* s1->s2#169-t1,previous=(t:1, i:63),leaderCommit=63,initializing? false,entries: size=1, first=(t:1, i:64), METADATAENTRY(c:63)
2024-05-03 18:50:20,925 [s2-server-thread1] DEBUG server.RaftServer$Division (RaftServerImpl.java:logAppendEntries(1505)) - s2@group-BCC0B035F111: appendEntries* reply s1<-s2#169:OK-t1,SUCCESS,nextIndex=65,followerCommit=63,matchIndex=64
2024-05-03 18:50:20,933 [HandlerDaemon-2] DEBUG server.RaftServer$Division (RaftServerImpl.java:logAppendEntries(1505)) - s0@group-BCC0B035F111: appendEntries* s1->s0#170-t1,previous=(t:1, i:63),leaderCommit=63,initializing? false,entries: size=1, first=(t:1, i:64), METADATAENTRY(c:63)
2024-05-03 18:50:20,934 [s0-server-thread1] DEBUG server.RaftServer$Division (RaftServerImpl.java:logAppendEntries(1505)) - s0@group-BCC0B035F111: appendEntries* reply s1<-s0#170:OK-t1,SUCCESS,nextIndex=65,followerCommit=63,matchIndex=64
2024-05-03 18:50:20,935 [main] DEBUG client.RaftClient (RaftClientImpl.java:add(146)) - client-CA0EFDF6E02E: add replied callId 166
2024-05-03 18:50:20,935 [main] DEBUG client.RaftClient (RaftClientImpl.java:get(158)) - client-CA0EFDF6E02E: get 171 returns [166]
2024-05-03 18:50:20,935 [main] DEBUG client.RaftClient (RaftClientImpl.java:newRequest(95)) - attempt #1, newRequest RaftClientRequest:client-CA0EFDF6E02E->s1@group-BCC0B035F111, cid=171, seq=null, RW, m32
2024-05-03 18:50:20,935 [s1-client-thread1] DEBUG server.RaftServer$Division (RaftServerImpl.java:submitClientRequestAsync(889)) - s1@group-BCC0B035F111: receive client request(RaftClientRequest:client-CA0EFDF6E02E->s1@group-BCC0B035F111, cid=171, seq=null, RW, m32)
2024-05-03 18:50:20,936 [s1-client-thread1] DEBUG server.RaftServer$Division (LeaderStateImpl.java:addPendingRequest(530)) - s1@group-BCC0B035F111-LeaderStateImpl: addPendingRequest at RaftClientRequest:client-CA0EFDF6E02E->s1@group-BCC0B035F111, cid=171, seq=null, RW, m32, entry=(t:1, i:65), STATEMACHINELOGENTRY, WRITE: logData.size=3, stateMachineData.size=0, logEntryProtoSerializedSize=0
2024-05-03 18:50:20,937 [HandlerDaemon-0] DEBUG server.RaftServer$Division (RaftServerImpl.java:logAppendEntries(1505)) - s2@group-BCC0B035F111: appendEntries* s1->s2#172-t1,previous=(t:1, i:64),leaderCommit=63,initializing? false,entries: size=1, first=(t:1, i:65), STATEMACHINELOGENTRY, StateMachineLogEntryProto:171@client-CA0EFDF6E02E
2024-05-03 18:50:20,938 [s2-server-thread1] DEBUG server.RaftServer$Division (RaftServerImpl.java:logAppendEntries(1505)) - s2@group-BCC0B035F111: appendEntries* reply s1<-s2#172:OK-t1,SUCCESS,nextIndex=66,followerCommit=63,matchIndex=65
2024-05-03 18:50:20,946 [HandlerDaemon-0] DEBUG server.RaftServer$Division (RaftServerImpl.java:logAppendEntries(1505)) - s0@group-BCC0B035F111: appendEntries* s1->s0#173-t1,previous=(t:1, i:64),leaderCommit=64,initializing? false,entries: size=1, first=(t:1, i:65), STATEMACHINELOGENTRY, StateMachineLogEntryProto:171@client-CA0EFDF6E02E
2024-05-03 18:50:20,946 [s0-server-thread1] DEBUG server.RaftServer$Division (RaftServerImpl.java:logAppendEntries(1505)) - s0@group-BCC0B035F111: appendEntries* reply s1<-s0#173:OK-t1,SUCCESS,nextIndex=66,followerCommit=64,matchIndex=65
2024-05-03 18:50:20,952 [HandlerDaemon-1] DEBUG server.RaftServer$Division (RaftServerImpl.java:logAppendEntries(1505)) - s2@group-BCC0B035F111: appendEntries* s1->s2#174-t1,previous=(t:1, i:65),leaderCommit=65,initializing? false,entries: size=1, first=(t:1, i:66), METADATAENTRY(c:65)
2024-05-03 18:50:20,952 [s2-server-thread1] DEBUG server.RaftServer$Division (RaftServerImpl.java:logAppendEntries(1505)) - s2@group-BCC0B035F111: appendEntries* reply s1<-s2#174:OK-t1,SUCCESS,nextIndex=67,followerCommit=65,matchIndex=66
2024-05-03 18:50:20,959 [HandlerDaemon-1] DEBUG server.RaftServer$Division (RaftServerImpl.java:logAppendEntries(1505)) - s0@group-BCC0B035F111: appendEntries* s1->s0#175-t1,previous=(t:1, i:65),leaderCommit=65,initializing? false,entries: size=1, first=(t:1, i:66), METADATAENTRY(c:65)
2024-05-03 18:50:20,959 [s0-server-thread1] DEBUG server.RaftServer$Division (RaftServerImpl.java:logAppendEntries(1505)) - s0@group-BCC0B035F111: appendEntries* reply s1<-s0#175:OK-t1,SUCCESS,nextIndex=67,followerCommit=65,matchIndex=66
2024-05-03 18:50:20,963 [main] DEBUG client.RaftClient (RaftClientImpl.java:add(146)) - client-CA0EFDF6E02E: add replied callId 171
2024-05-03 18:50:20,964 [main] DEBUG client.RaftClient (RaftClientImpl.java:get(158)) - client-CA0EFDF6E02E: get 176 returns [171]
2024-05-03 18:50:20,964 [main] DEBUG client.RaftClient (RaftClientImpl.java:newRequest(95)) - attempt #1, newRequest RaftClientRequest:client-CA0EFDF6E02E->s1@group-BCC0B035F111, cid=176, seq=null, RW, m33
2024-05-03 18:50:20,964 [s1-client-thread1] DEBUG server.RaftServer$Division (RaftServerImpl.java:submitClientRequestAsync(889)) - s1@group-BCC0B035F111: receive client request(RaftClientRequest:client-CA0EFDF6E02E->s1@group-BCC0B035F111, cid=176, seq=null, RW, m33)
2024-05-03 18:50:20,964 [s1-client-thread1] DEBUG server.RaftServer$Division (LeaderStateImpl.java:addPendingRequest(530)) - s1@group-BCC0B035F111-LeaderStateImpl: addPendingRequest at RaftClientRequest:client-CA0EFDF6E02E->s1@group-BCC0B035F111, cid=176, seq=null, RW, m33, entry=(t:1, i:67), STATEMACHINELOGENTRY, WRITE: logData.size=3, stateMachineData.size=0, logEntryProtoSerializedSize=0
2024-05-03 18:50:20,970 [HandlerDaemon-2] DEBUG server.RaftServer$Division (RaftServerImpl.java:logAppendEntries(1505)) - s0@group-BCC0B035F111: appendEntries* s1->s0#177-t1,previous=(t:1, i:66),leaderCommit=66,initializing? false,entries: size=1, first=(t:1, i:67), STATEMACHINELOGENTRY, StateMachineLogEntryProto:176@client-CA0EFDF6E02E
2024-05-03 18:50:20,971 [s0-server-thread1] DEBUG server.RaftServer$Division (RaftServerImpl.java:logAppendEntries(1505)) - s0@group-BCC0B035F111: appendEntries* reply s1<-s0#177:OK-t1,SUCCESS,nextIndex=68,followerCommit=66,matchIndex=67
2024-05-03 18:50:20,971 [HandlerDaemon-2] DEBUG server.RaftServer$Division (RaftServerImpl.java:logAppendEntries(1505)) - s2@group-BCC0B035F111: appendEntries* s1->s2#178-t1,previous=(t:1, i:66),leaderCommit=66,initializing? false,entries: size=1, first=(t:1, i:67), STATEMACHINELOGENTRY, StateMachineLogEntryProto:176@client-CA0EFDF6E02E
2024-05-03 18:50:20,971 [s2-server-thread1] DEBUG server.RaftServer$Division (RaftServerImpl.java:logAppendEntries(1505)) - s2@group-BCC0B035F111: appendEntries* reply s1<-s2#178:OK-t1,SUCCESS,nextIndex=68,followerCommit=66,matchIndex=67
2024-05-03 18:50:20,983 [HandlerDaemon-0] DEBUG server.RaftServer$Division (RaftServerImpl.java:logAppendEntries(1505)) - s0@group-BCC0B035F111: appendEntries* s1->s0#179-t1,previous=(t:1, i:67),leaderCommit=67,initializing? false,entries: size=1, first=(t:1, i:68), METADATAENTRY(c:67)
2024-05-03 18:50:20,984 [s0-server-thread1] DEBUG server.RaftServer$Division (RaftServerImpl.java:logAppendEntries(1505)) - s0@group-BCC0B035F111: appendEntries* reply s1<-s0#179:OK-t1,SUCCESS,nextIndex=69,followerCommit=67,matchIndex=68
2024-05-03 18:50:20,991 [HandlerDaemon-0] DEBUG server.RaftServer$Division (RaftServerImpl.java:logAppendEntries(1505)) - s2@group-BCC0B035F111: appendEntries* s1->s2#180-t1,previous=(t:1, i:67),leaderCommit=67,initializing? false,entries: size=1, first=(t:1, i:68), METADATAENTRY(c:67)
2024-05-03 18:50:20,991 [s2-server-thread1] DEBUG server.RaftServer$Division (RaftServerImpl.java:logAppendEntries(1505)) - s2@group-BCC0B035F111: appendEntries* reply s1<-s2#180:OK-t1,SUCCESS,nextIndex=69,followerCommit=67,matchIndex=68
2024-05-03 18:50:21,002 [main] DEBUG client.RaftClient (RaftClientImpl.java:add(146)) - client-CA0EFDF6E02E: add replied callId 176
2024-05-03 18:50:21,002 [main] DEBUG client.RaftClient (RaftClientImpl.java:get(158)) - client-CA0EFDF6E02E: get 181 returns [176]
2024-05-03 18:50:21,003 [main] DEBUG client.RaftClient (RaftClientImpl.java:newRequest(95)) - attempt #1, newRequest RaftClientRequest:client-CA0EFDF6E02E->s1@group-BCC0B035F111, cid=181, seq=null, RW, m34
2024-05-03 18:50:21,003 [s1-client-thread1] DEBUG server.RaftServer$Division (RaftServerImpl.java:submitClientRequestAsync(889)) - s1@group-BCC0B035F111: receive client request(RaftClientRequest:client-CA0EFDF6E02E->s1@group-BCC0B035F111, cid=181, seq=null, RW, m34)
2024-05-03 18:50:21,003 [s1-client-thread1] DEBUG server.RaftServer$Division (LeaderStateImpl.java:addPendingRequest(530)) - s1@group-BCC0B035F111-LeaderStateImpl: addPendingRequest at RaftClientRequest:client-CA0EFDF6E02E->s1@group-BCC0B035F111, cid=181, seq=null, RW, m34, entry=(t:1, i:69), STATEMACHINELOGENTRY, WRITE: logData.size=3, stateMachineData.size=0, logEntryProtoSerializedSize=0
2024-05-03 18:50:21,003 [HandlerDaemon-1] DEBUG server.RaftServer$Division (RaftServerImpl.java:logAppendEntries(1505)) - s0@group-BCC0B035F111: appendEntries* s1->s0#182-t1,previous=(t:1, i:68),leaderCommit=68,initializing? false,entries: size=1, first=(t:1, i:69), STATEMACHINELOGENTRY, StateMachineLogEntryProto:181@client-CA0EFDF6E02E
2024-05-03 18:50:21,003 [HandlerDaemon-1] DEBUG server.RaftServer$Division (RaftServerImpl.java:logAppendEntries(1505)) - s2@group-BCC0B035F111: appendEntries* s1->s2#183-t1,previous=(t:1, i:68),leaderCommit=68,initializing? false,entries: size=1, first=(t:1, i:69), STATEMACHINELOGENTRY, StateMachineLogEntryProto:181@client-CA0EFDF6E02E
2024-05-03 18:50:21,004 [s0-server-thread1] DEBUG server.RaftServer$Division (RaftServerImpl.java:logAppendEntries(1505)) - s0@group-BCC0B035F111: appendEntries* reply s1<-s0#182:OK-t1,SUCCESS,nextIndex=70,followerCommit=68,matchIndex=69
2024-05-03 18:50:21,004 [s2-server-thread1] DEBUG server.RaftServer$Division (RaftServerImpl.java:logAppendEntries(1505)) - s2@group-BCC0B035F111: appendEntries* reply s1<-s2#183:OK-t1,SUCCESS,nextIndex=70,followerCommit=68,matchIndex=69
2024-05-03 18:50:21,015 [HandlerDaemon-2] DEBUG server.RaftServer$Division (RaftServerImpl.java:logAppendEntries(1505)) - s0@group-BCC0B035F111: appendEntries* s1->s0#184-t1,previous=(t:1, i:69),leaderCommit=69,initializing? false,entries: size=1, first=(t:1, i:70), METADATAENTRY(c:69)
2024-05-03 18:50:21,015 [s0-server-thread1] DEBUG server.RaftServer$Division (RaftServerImpl.java:logAppendEntries(1505)) - s0@group-BCC0B035F111: appendEntries* reply s1<-s0#184:OK-t1,SUCCESS,nextIndex=71,followerCommit=69,matchIndex=70
2024-05-03 18:50:21,017 [HandlerDaemon-2] DEBUG server.RaftServer$Division (RaftServerImpl.java:logAppendEntries(1505)) - s2@group-BCC0B035F111: appendEntries* s1->s2#185-t1,previous=(t:1, i:69),leaderCommit=69,initializing? false,entries: size=1, first=(t:1, i:70), METADATAENTRY(c:69)
2024-05-03 18:50:21,017 [s2-server-thread1] DEBUG server.RaftServer$Division (RaftServerImpl.java:logAppendEntries(1505)) - s2@group-BCC0B035F111: appendEntries* reply s1<-s2#185:OK-t1,SUCCESS,nextIndex=71,followerCommit=69,matchIndex=70
2024-05-03 18:50:21,027 [main] DEBUG client.RaftClient (RaftClientImpl.java:add(146)) - client-CA0EFDF6E02E: add replied callId 181
2024-05-03 18:50:21,027 [main] DEBUG client.RaftClient (RaftClientImpl.java:get(158)) - client-CA0EFDF6E02E: get 186 returns [181]
2024-05-03 18:50:21,027 [main] DEBUG client.RaftClient (RaftClientImpl.java:newRequest(95)) - attempt #1, newRequest RaftClientRequest:client-CA0EFDF6E02E->s1@group-BCC0B035F111, cid=186, seq=null, RW, m35
2024-05-03 18:50:21,027 [s1-client-thread1] DEBUG server.RaftServer$Division (RaftServerImpl.java:submitClientRequestAsync(889)) - s1@group-BCC0B035F111: receive client request(RaftClientRequest:client-CA0EFDF6E02E->s1@group-BCC0B035F111, cid=186, seq=null, RW, m35)
2024-05-03 18:50:21,027 [s1-client-thread1] DEBUG server.RaftServer$Division (LeaderStateImpl.java:addPendingRequest(530)) - s1@group-BCC0B035F111-LeaderStateImpl: addPendingRequest at RaftClientRequest:client-CA0EFDF6E02E->s1@group-BCC0B035F111, cid=186, seq=null, RW, m35, entry=(t:1, i:71), STATEMACHINELOGENTRY, WRITE: logData.size=3, stateMachineData.size=0, logEntryProtoSerializedSize=0
2024-05-03 18:50:21,028 [HandlerDaemon-0] DEBUG server.RaftServer$Division (RaftServerImpl.java:logAppendEntries(1505)) - s0@group-BCC0B035F111: appendEntries* s1->s0#187-t1,previous=(t:1, i:70),leaderCommit=70,initializing? false,entries: size=1, first=(t:1, i:71), STATEMACHINELOGENTRY, StateMachineLogEntryProto:186@client-CA0EFDF6E02E
2024-05-03 18:50:21,028 [s0-server-thread1] DEBUG server.RaftServer$Division (RaftServerImpl.java:logAppendEntries(1505)) - s0@group-BCC0B035F111: appendEntries* reply s1<-s0#187:OK-t1,SUCCESS,nextIndex=72,followerCommit=70,matchIndex=71
2024-05-03 18:50:21,029 [HandlerDaemon-0] DEBUG server.RaftServer$Division (RaftServerImpl.java:logAppendEntries(1505)) - s2@group-BCC0B035F111: appendEntries* s1->s2#188-t1,previous=(t:1, i:70),leaderCommit=70,initializing? false,entries: size=1, first=(t:1, i:71), STATEMACHINELOGENTRY, StateMachineLogEntryProto:186@client-CA0EFDF6E02E
2024-05-03 18:50:21,029 [s2-server-thread1] DEBUG server.RaftServer$Division (RaftServerImpl.java:logAppendEntries(1505)) - s2@group-BCC0B035F111: appendEntries* reply s1<-s2#188:OK-t1,SUCCESS,nextIndex=72,followerCommit=70,matchIndex=71
2024-05-03 18:50:21,047 [HandlerDaemon-1] DEBUG server.RaftServer$Division (RaftServerImpl.java:logAppendEntries(1505)) - s2@group-BCC0B035F111: appendEntries* s1->s2#189-t1,previous=(t:1, i:71),leaderCommit=71,initializing? false,entries: size=1, first=(t:1, i:72), METADATAENTRY(c:71)
2024-05-03 18:50:21,047 [HandlerDaemon-1] DEBUG server.RaftServer$Division (RaftServerImpl.java:logAppendEntries(1505)) - s0@group-BCC0B035F111: appendEntries* s1->s0#190-t1,previous=(t:1, i:71),leaderCommit=71,initializing? false,entries: size=1, first=(t:1, i:72), METADATAENTRY(c:71)
2024-05-03 18:50:21,047 [s0-server-thread1] DEBUG server.RaftServer$Division (RaftServerImpl.java:logAppendEntries(1505)) - s0@group-BCC0B035F111: appendEntries* reply s1<-s0#190:OK-t1,SUCCESS,nextIndex=73,followerCommit=71,matchIndex=72
2024-05-03 18:50:21,047 [s2-server-thread1] DEBUG server.RaftServer$Division (RaftServerImpl.java:logAppendEntries(1505)) - s2@group-BCC0B035F111: appendEntries* reply s1<-s2#189:OK-t1,SUCCESS,nextIndex=73,followerCommit=71,matchIndex=72
2024-05-03 18:50:21,060 [main] DEBUG client.RaftClient (RaftClientImpl.java:add(146)) - client-CA0EFDF6E02E: add replied callId 186
2024-05-03 18:50:21,060 [main] DEBUG client.RaftClient (RaftClientImpl.java:get(158)) - client-CA0EFDF6E02E: get 191 returns [186]
2024-05-03 18:50:21,060 [main] DEBUG client.RaftClient (RaftClientImpl.java:newRequest(95)) - attempt #1, newRequest RaftClientRequest:client-CA0EFDF6E02E->s1@group-BCC0B035F111, cid=191, seq=null, RW, m36
2024-05-03 18:50:21,060 [s1-client-thread1] DEBUG server.RaftServer$Division (RaftServerImpl.java:submitClientRequestAsync(889)) - s1@group-BCC0B035F111: receive client request(RaftClientRequest:client-CA0EFDF6E02E->s1@group-BCC0B035F111, cid=191, seq=null, RW, m36)
2024-05-03 18:50:21,061 [s1-client-thread1] DEBUG server.RaftServer$Division (LeaderStateImpl.java:addPendingRequest(530)) - s1@group-BCC0B035F111-LeaderStateImpl: addPendingRequest at RaftClientRequest:client-CA0EFDF6E02E->s1@group-BCC0B035F111, cid=191, seq=null, RW, m36, entry=(t:1, i:73), STATEMACHINELOGENTRY, WRITE: logData.size=3, stateMachineData.size=0, logEntryProtoSerializedSize=0
2024-05-03 18:50:21,061 [HandlerDaemon-2] DEBUG server.RaftServer$Division (RaftServerImpl.java:logAppendEntries(1505)) - s2@group-BCC0B035F111: appendEntries* s1->s2#192-t1,previous=(t:1, i:72),leaderCommit=72,initializing? false,entries: size=1, first=(t:1, i:73), STATEMACHINELOGENTRY, StateMachineLogEntryProto:191@client-CA0EFDF6E02E
2024-05-03 18:50:21,061 [s2-server-thread1] DEBUG server.RaftServer$Division (RaftServerImpl.java:logAppendEntries(1505)) - s2@group-BCC0B035F111: appendEntries* reply s1<-s2#192:OK-t1,SUCCESS,nextIndex=74,followerCommit=72,matchIndex=73
2024-05-03 18:50:21,062 [HandlerDaemon-2] DEBUG server.RaftServer$Division (RaftServerImpl.java:logAppendEntries(1505)) - s0@group-BCC0B035F111: appendEntries* s1->s0#193-t1,previous=(t:1, i:72),leaderCommit=72,initializing? false,entries: size=1, first=(t:1, i:73), STATEMACHINELOGENTRY, StateMachineLogEntryProto:191@client-CA0EFDF6E02E
2024-05-03 18:50:21,063 [s0-server-thread1] DEBUG server.RaftServer$Division (RaftServerImpl.java:logAppendEntries(1505)) - s0@group-BCC0B035F111: appendEntries* reply s1<-s0#193:OK-t1,SUCCESS,nextIndex=74,followerCommit=72,matchIndex=73
2024-05-03 18:50:21,075 [HandlerDaemon-0] DEBUG server.RaftServer$Division (RaftServerImpl.java:logAppendEntries(1505)) - s0@group-BCC0B035F111: appendEntries* s1->s0#194-t1,previous=(t:1, i:73),leaderCommit=73,initializing? false,entries: size=1, first=(t:1, i:74), METADATAENTRY(c:73)
2024-05-03 18:50:21,076 [s0-server-thread1] DEBUG server.RaftServer$Division (RaftServerImpl.java:logAppendEntries(1505)) - s0@group-BCC0B035F111: appendEntries* reply s1<-s0#194:OK-t1,SUCCESS,nextIndex=75,followerCommit=73,matchIndex=74
2024-05-03 18:50:21,077 [HandlerDaemon-0] DEBUG server.RaftServer$Division (RaftServerImpl.java:logAppendEntries(1505)) - s2@group-BCC0B035F111: appendEntries* s1->s2#195-t1,previous=(t:1, i:73),leaderCommit=73,initializing? false,entries: size=1, first=(t:1, i:74), METADATAENTRY(c:73)
2024-05-03 18:50:21,077 [s2-server-thread1] DEBUG server.RaftServer$Division (RaftServerImpl.java:logAppendEntries(1505)) - s2@group-BCC0B035F111: appendEntries* reply s1<-s2#195:OK-t1,SUCCESS,nextIndex=75,followerCommit=73,matchIndex=74
2024-05-03 18:50:21,093 [main] DEBUG client.RaftClient (RaftClientImpl.java:add(146)) - client-CA0EFDF6E02E: add replied callId 191
2024-05-03 18:50:21,093 [main] DEBUG client.RaftClient (RaftClientImpl.java:get(158)) - client-CA0EFDF6E02E: get 196 returns [191]
2024-05-03 18:50:21,094 [main] DEBUG client.RaftClient (RaftClientImpl.java:newRequest(95)) - attempt #1, newRequest RaftClientRequest:client-CA0EFDF6E02E->s1@group-BCC0B035F111, cid=196, seq=null, RW, m37
2024-05-03 18:50:21,094 [s1-client-thread1] DEBUG server.RaftServer$Division (RaftServerImpl.java:submitClientRequestAsync(889)) - s1@group-BCC0B035F111: receive client request(RaftClientRequest:client-CA0EFDF6E02E->s1@group-BCC0B035F111, cid=196, seq=null, RW, m37)
2024-05-03 18:50:21,094 [s1-client-thread1] DEBUG server.RaftServer$Division (LeaderStateImpl.java:addPendingRequest(530)) - s1@group-BCC0B035F111-LeaderStateImpl: addPendingRequest at RaftClientRequest:client-CA0EFDF6E02E->s1@group-BCC0B035F111, cid=196, seq=null, RW, m37, entry=(t:1, i:75), STATEMACHINELOGENTRY, WRITE: logData.size=3, stateMachineData.size=0, logEntryProtoSerializedSize=0
2024-05-03 18:50:21,095 [HandlerDaemon-1] DEBUG server.RaftServer$Division (RaftServerImpl.java:logAppendEntries(1505)) - s0@group-BCC0B035F111: appendEntries* s1->s0#197-t1,previous=(t:1, i:74),leaderCommit=74,initializing? false,entries: size=1, first=(t:1, i:75), STATEMACHINELOGENTRY, StateMachineLogEntryProto:196@client-CA0EFDF6E02E
2024-05-03 18:50:21,095 [HandlerDaemon-1] DEBUG server.RaftServer$Division (RaftServerImpl.java:logAppendEntries(1505)) - s2@group-BCC0B035F111: appendEntries* s1->s2#198-t1,previous=(t:1, i:74),leaderCommit=74,initializing? false,entries: size=1, first=(t:1, i:75), STATEMACHINELOGENTRY, StateMachineLogEntryProto:196@client-CA0EFDF6E02E
2024-05-03 18:50:21,095 [s0-server-thread1] DEBUG server.RaftServer$Division (RaftServerImpl.java:logAppendEntries(1505)) - s0@group-BCC0B035F111: appendEntries* reply s1<-s0#197:OK-t1,SUCCESS,nextIndex=76,followerCommit=74,matchIndex=75
2024-05-03 18:50:21,096 [s2-server-thread1] DEBUG server.RaftServer$Division (RaftServerImpl.java:logAppendEntries(1505)) - s2@group-BCC0B035F111: appendEntries* reply s1<-s2#198:OK-t1,SUCCESS,nextIndex=76,followerCommit=74,matchIndex=75
2024-05-03 18:50:21,106 [HandlerDaemon-2] DEBUG server.RaftServer$Division (RaftServerImpl.java:logAppendEntries(1505)) - s2@group-BCC0B035F111: appendEntries* s1->s2#199-t1,previous=(t:1, i:75),leaderCommit=75,initializing? false,entries: size=1, first=(t:1, i:76), METADATAENTRY(c:75)
2024-05-03 18:50:21,107 [s2-server-thread1] DEBUG server.RaftServer$Division (RaftServerImpl.java:logAppendEntries(1505)) - s2@group-BCC0B035F111: appendEntries* reply s1<-s2#199:OK-t1,SUCCESS,nextIndex=77,followerCommit=75,matchIndex=76
2024-05-03 18:50:21,113 [HandlerDaemon-2] DEBUG server.RaftServer$Division (RaftServerImpl.java:logAppendEntries(1505)) - s0@group-BCC0B035F111: appendEntries* s1->s0#200-t1,previous=(t:1, i:75),leaderCommit=75,initializing? false,entries: size=1, first=(t:1, i:76), METADATAENTRY(c:75)
2024-05-03 18:50:21,113 [s0-server-thread1] DEBUG server.RaftServer$Division (RaftServerImpl.java:logAppendEntries(1505)) - s0@group-BCC0B035F111: appendEntries* reply s1<-s0#200:OK-t1,SUCCESS,nextIndex=77,followerCommit=75,matchIndex=76
2024-05-03 18:50:21,125 [main] DEBUG client.RaftClient (RaftClientImpl.java:add(146)) - client-CA0EFDF6E02E: add replied callId 196
2024-05-03 18:50:21,125 [main] DEBUG client.RaftClient (RaftClientImpl.java:get(158)) - client-CA0EFDF6E02E: get 201 returns [196]
2024-05-03 18:50:21,126 [main] DEBUG client.RaftClient (RaftClientImpl.java:newRequest(95)) - attempt #1, newRequest RaftClientRequest:client-CA0EFDF6E02E->s1@group-BCC0B035F111, cid=201, seq=null, RW, m38
2024-05-03 18:50:21,126 [s1-client-thread1] DEBUG server.RaftServer$Division (RaftServerImpl.java:submitClientRequestAsync(889)) - s1@group-BCC0B035F111: receive client request(RaftClientRequest:client-CA0EFDF6E02E->s1@group-BCC0B035F111, cid=201, seq=null, RW, m38)
2024-05-03 18:50:21,126 [s1-client-thread1] DEBUG server.RaftServer$Division (LeaderStateImpl.java:addPendingRequest(530)) - s1@group-BCC0B035F111-LeaderStateImpl: addPendingRequest at RaftClientRequest:client-CA0EFDF6E02E->s1@group-BCC0B035F111, cid=201, seq=null, RW, m38, entry=(t:1, i:77), STATEMACHINELOGENTRY, WRITE: logData.size=3, stateMachineData.size=0, logEntryProtoSerializedSize=0
2024-05-03 18:50:21,127 [HandlerDaemon-0] DEBUG server.RaftServer$Division (RaftServerImpl.java:logAppendEntries(1505)) - s2@group-BCC0B035F111: appendEntries* s1->s2#202-t1,previous=(t:1, i:76),leaderCommit=76,initializing? false,entries: size=1, first=(t:1, i:77), STATEMACHINELOGENTRY, StateMachineLogEntryProto:201@client-CA0EFDF6E02E
2024-05-03 18:50:21,127 [s2-server-thread1] DEBUG server.RaftServer$Division (RaftServerImpl.java:logAppendEntries(1505)) - s2@group-BCC0B035F111: appendEntries* reply s1<-s2#202:OK-t1,SUCCESS,nextIndex=78,followerCommit=76,matchIndex=77
2024-05-03 18:50:21,127 [HandlerDaemon-0] DEBUG server.RaftServer$Division (RaftServerImpl.java:logAppendEntries(1505)) - s0@group-BCC0B035F111: appendEntries* s1->s0#203-t1,previous=(t:1, i:76),leaderCommit=76,initializing? false,entries: size=1, first=(t:1, i:77), STATEMACHINELOGENTRY, StateMachineLogEntryProto:201@client-CA0EFDF6E02E
2024-05-03 18:50:21,128 [s0-server-thread1] DEBUG server.RaftServer$Division (RaftServerImpl.java:logAppendEntries(1505)) - s0@group-BCC0B035F111: appendEntries* reply s1<-s0#203:OK-t1,SUCCESS,nextIndex=78,followerCommit=76,matchIndex=77
2024-05-03 18:50:21,138 [HandlerDaemon-1] DEBUG server.RaftServer$Division (RaftServerImpl.java:logAppendEntries(1505)) - s2@group-BCC0B035F111: appendEntries* s1->s2#204-t1,previous=(t:1, i:77),leaderCommit=77,initializing? false,entries: size=1, first=(t:1, i:78), METADATAENTRY(c:77)
2024-05-03 18:50:21,139 [s2-server-thread1] DEBUG server.RaftServer$Division (RaftServerImpl.java:logAppendEntries(1505)) - s2@group-BCC0B035F111: appendEntries* reply s1<-s2#204:OK-t1,SUCCESS,nextIndex=79,followerCommit=77,matchIndex=78
2024-05-03 18:50:21,141 [HandlerDaemon-1] DEBUG server.RaftServer$Division (RaftServerImpl.java:logAppendEntries(1505)) - s0@group-BCC0B035F111: appendEntries* s1->s0#205-t1,previous=(t:1, i:77),leaderCommit=77,initializing? false,entries: size=1, first=(t:1, i:78), METADATAENTRY(c:77)
2024-05-03 18:50:21,141 [s0-server-thread1] DEBUG server.RaftServer$Division (RaftServerImpl.java:logAppendEntries(1505)) - s0@group-BCC0B035F111: appendEntries* reply s1<-s0#205:OK-t1,SUCCESS,nextIndex=79,followerCommit=77,matchIndex=78
2024-05-03 18:50:21,149 [main] DEBUG client.RaftClient (RaftClientImpl.java:add(146)) - client-CA0EFDF6E02E: add replied callId 201
2024-05-03 18:50:21,149 [main] DEBUG client.RaftClient (RaftClientImpl.java:get(158)) - client-CA0EFDF6E02E: get 206 returns [201]
2024-05-03 18:50:21,149 [main] DEBUG client.RaftClient (RaftClientImpl.java:newRequest(95)) - attempt #1, newRequest RaftClientRequest:client-CA0EFDF6E02E->s1@group-BCC0B035F111, cid=206, seq=null, RW, m39
2024-05-03 18:50:21,150 [s1-client-thread1] DEBUG server.RaftServer$Division (RaftServerImpl.java:submitClientRequestAsync(889)) - s1@group-BCC0B035F111: receive client request(RaftClientRequest:client-CA0EFDF6E02E->s1@group-BCC0B035F111, cid=206, seq=null, RW, m39)
2024-05-03 18:50:21,150 [s1-client-thread1] DEBUG server.RaftServer$Division (LeaderStateImpl.java:addPendingRequest(530)) - s1@group-BCC0B035F111-LeaderStateImpl: addPendingRequest at RaftClientRequest:client-CA0EFDF6E02E->s1@group-BCC0B035F111, cid=206, seq=null, RW, m39, entry=(t:1, i:79), STATEMACHINELOGENTRY, WRITE: logData.size=3, stateMachineData.size=0, logEntryProtoSerializedSize=0
2024-05-03 18:50:21,159 [HandlerDaemon-2] DEBUG server.RaftServer$Division (RaftServerImpl.java:logAppendEntries(1505)) - s2@group-BCC0B035F111: appendEntries* s1->s2#207-t1,previous=(t:1, i:78),leaderCommit=78,initializing? false,entries: size=1, first=(t:1, i:79), STATEMACHINELOGENTRY, StateMachineLogEntryProto:206@client-CA0EFDF6E02E
2024-05-03 18:50:21,159 [s2-server-thread1] DEBUG server.RaftServer$Division (RaftServerImpl.java:logAppendEntries(1505)) - s2@group-BCC0B035F111: appendEntries* reply s1<-s2#207:OK-t1,SUCCESS,nextIndex=80,followerCommit=78,matchIndex=79
2024-05-03 18:50:21,160 [HandlerDaemon-2] DEBUG server.RaftServer$Division (RaftServerImpl.java:logAppendEntries(1505)) - s0@group-BCC0B035F111: appendEntries* s1->s0#208-t1,previous=(t:1, i:78),leaderCommit=78,initializing? false,entries: size=1, first=(t:1, i:79), STATEMACHINELOGENTRY, StateMachineLogEntryProto:206@client-CA0EFDF6E02E
2024-05-03 18:50:21,160 [s0-server-thread1] DEBUG server.RaftServer$Division (RaftServerImpl.java:logAppendEntries(1505)) - s0@group-BCC0B035F111: appendEntries* reply s1<-s0#208:OK-t1,SUCCESS,nextIndex=80,followerCommit=78,matchIndex=79
2024-05-03 18:50:21,173 [HandlerDaemon-0] DEBUG server.RaftServer$Division (RaftServerImpl.java:logAppendEntries(1505)) - s2@group-BCC0B035F111: appendEntries* s1->s2#209-t1,previous=(t:1, i:79),leaderCommit=79,initializing? false,entries: size=1, first=(t:1, i:80), METADATAENTRY(c:79)
2024-05-03 18:50:21,174 [s2-server-thread1] DEBUG server.RaftServer$Division (RaftServerImpl.java:logAppendEntries(1505)) - s2@group-BCC0B035F111: appendEntries* reply s1<-s2#209:OK-t1,SUCCESS,nextIndex=81,followerCommit=79,matchIndex=80
2024-05-03 18:50:21,176 [HandlerDaemon-0] DEBUG server.RaftServer$Division (RaftServerImpl.java:logAppendEntries(1505)) - s0@group-BCC0B035F111: appendEntries* s1->s0#210-t1,previous=(t:1, i:79),leaderCommit=79,initializing? false,entries: size=1, first=(t:1, i:80), METADATAENTRY(c:79)
2024-05-03 18:50:21,176 [s0-server-thread1] DEBUG server.RaftServer$Division (RaftServerImpl.java:logAppendEntries(1505)) - s0@group-BCC0B035F111: appendEntries* reply s1<-s0#210:OK-t1,SUCCESS,nextIndex=81,followerCommit=79,matchIndex=80
2024-05-03 18:50:21,190 [main] DEBUG client.RaftClient (RaftClientImpl.java:add(146)) - client-CA0EFDF6E02E: add replied callId 206
2024-05-03 18:50:21,190 [main] DEBUG client.RaftClient (RaftClientImpl.java:get(158)) - client-CA0EFDF6E02E: get 211 returns [206]
2024-05-03 18:50:21,190 [main] DEBUG client.RaftClient (RaftClientImpl.java:newRequest(95)) - attempt #1, newRequest RaftClientRequest:client-CA0EFDF6E02E->s1@group-BCC0B035F111, cid=211, seq=null, RW, m40
2024-05-03 18:50:21,191 [s1-client-thread1] DEBUG server.RaftServer$Division (RaftServerImpl.java:submitClientRequestAsync(889)) - s1@group-BCC0B035F111: receive client request(RaftClientRequest:client-CA0EFDF6E02E->s1@group-BCC0B035F111, cid=211, seq=null, RW, m40)
2024-05-03 18:50:21,191 [s1-client-thread1] DEBUG server.RaftServer$Division (LeaderStateImpl.java:addPendingRequest(530)) - s1@group-BCC0B035F111-LeaderStateImpl: addPendingRequest at RaftClientRequest:client-CA0EFDF6E02E->s1@group-BCC0B035F111, cid=211, seq=null, RW, m40, entry=(t:1, i:81), STATEMACHINELOGENTRY, WRITE: logData.size=3, stateMachineData.size=0, logEntryProtoSerializedSize=0
2024-05-03 18:50:21,191 [HandlerDaemon-1] DEBUG server.RaftServer$Division (RaftServerImpl.java:logAppendEntries(1505)) - s2@group-BCC0B035F111: appendEntries* s1->s2#212-t1,previous=(t:1, i:80),leaderCommit=80,initializing? false,entries: size=1, first=(t:1, i:81), STATEMACHINELOGENTRY, StateMachineLogEntryProto:211@client-CA0EFDF6E02E
2024-05-03 18:50:21,192 [HandlerDaemon-1] DEBUG server.RaftServer$Division (RaftServerImpl.java:logAppendEntries(1505)) - s0@group-BCC0B035F111: appendEntries* s1->s0#213-t1,previous=(t:1, i:80),leaderCommit=80,initializing? false,entries: size=1, first=(t:1, i:81), STATEMACHINELOGENTRY, StateMachineLogEntryProto:211@client-CA0EFDF6E02E
2024-05-03 18:50:21,192 [s2-server-thread1] DEBUG server.RaftServer$Division (RaftServerImpl.java:logAppendEntries(1505)) - s2@group-BCC0B035F111: appendEntries* reply s1<-s2#212:OK-t1,SUCCESS,nextIndex=82,followerCommit=80,matchIndex=81
2024-05-03 18:50:21,192 [s0-server-thread1] DEBUG server.RaftServer$Division (RaftServerImpl.java:logAppendEntries(1505)) - s0@group-BCC0B035F111: appendEntries* reply s1<-s0#213:OK-t1,SUCCESS,nextIndex=82,followerCommit=80,matchIndex=81
2024-05-03 18:50:21,204 [HandlerDaemon-2] DEBUG server.RaftServer$Division (RaftServerImpl.java:logAppendEntries(1505)) - s0@group-BCC0B035F111: appendEntries* s1->s0#214-t1,previous=(t:1, i:81),leaderCommit=81,initializing? false,entries: size=1, first=(t:1, i:82), METADATAENTRY(c:81)
2024-05-03 18:50:21,206 [HandlerDaemon-2] DEBUG server.RaftServer$Division (RaftServerImpl.java:logAppendEntries(1505)) - s2@group-BCC0B035F111: appendEntries* s1->s2#215-t1,previous=(t:1, i:81),leaderCommit=81,initializing? false,entries: size=1, first=(t:1, i:82), METADATAENTRY(c:81)
2024-05-03 18:50:21,219 [main] DEBUG client.RaftClient (RaftClientImpl.java:add(146)) - client-CA0EFDF6E02E: add replied callId 211
2024-05-03 18:50:21,219 [main] DEBUG client.RaftClient (RaftClientImpl.java:get(158)) - client-CA0EFDF6E02E: get 216 returns [211]
2024-05-03 18:50:21,219 [main] DEBUG client.RaftClient (RaftClientImpl.java:newRequest(95)) - attempt #1, newRequest RaftClientRequest:client-CA0EFDF6E02E->s1@group-BCC0B035F111, cid=216, seq=null, RW, m41
2024-05-03 18:50:21,219 [s1-client-thread1] DEBUG server.RaftServer$Division (RaftServerImpl.java:submitClientRequestAsync(889)) - s1@group-BCC0B035F111: receive client request(RaftClientRequest:client-CA0EFDF6E02E->s1@group-BCC0B035F111, cid=216, seq=null, RW, m41)
2024-05-03 18:50:21,220 [s1-client-thread1] DEBUG server.RaftServer$Division (LeaderStateImpl.java:addPendingRequest(530)) - s1@group-BCC0B035F111-LeaderStateImpl: addPendingRequest at RaftClientRequest:client-CA0EFDF6E02E->s1@group-BCC0B035F111, cid=216, seq=null, RW, m41, entry=(t:1, i:83), STATEMACHINELOGENTRY, WRITE: logData.size=3, stateMachineData.size=0, logEntryProtoSerializedSize=0
2024-05-03 18:50:21,507 [s1@group-BCC0B035F111-LeaderStateImpl] WARN  server.RaftServer$Division (LeaderStateImpl.java:checkLeadership(1111)) - s1@group-BCC0B035F111-LeaderStateImpl: Lost leadership on term: 1. Election timeout: 300ms. In charge for: 2159ms. Conf: conf: {index: 0, cur=peers:[s0|localhost:15000, s1|localhost:15004, s2|localhost:15008]|listeners:[], old=null}
2024-05-03 18:50:21,508 [s1@group-BCC0B035F111-LeaderStateImpl] WARN  server.RaftServer$Division (LeaderStateImpl.java:lambda$checkLeadership$20(1115)) - Follower s1@group-BCC0B035F111->s0(c80,m81,n82, caughtUp=true, lastRpcSendTime=303, lastRpcResponseTime=304)
2024-05-03 18:50:21,508 [s1@group-BCC0B035F111-LeaderStateImpl] WARN  server.RaftServer$Division (LeaderStateImpl.java:lambda$checkLeadership$20(1115)) - Follower s1@group-BCC0B035F111->s2(c80,m81,n82, caughtUp=true, lastRpcSendTime=301, lastRpcResponseTime=301)
2024-05-03 18:50:21,508 [s1@group-BCC0B035F111-LeaderStateImpl] INFO  server.RaftServer$Division (RaftServerImpl.java:setRole(376)) - s1@group-BCC0B035F111: changes role from    LEADER to FOLLOWER at term 1 for StepDownReason:LOST_MAJORITY_HEARTBEATS
2024-05-03 18:50:21,508 [s1@group-BCC0B035F111-LeaderStateImpl] INFO  impl.RoleInfo (RoleInfo.java:shutdownLeaderState(103)) - s1: shutdown s1@group-BCC0B035F111-LeaderStateImpl
2024-05-03 18:50:21,508 [s1@group-BCC0B035F111->s2-LogAppenderDefault-LogAppenderDaemon] INFO  leader.LogAppenderDaemon (LogAppenderDaemon.java:run(87)) - s1@group-BCC0B035F111->s2-LogAppenderDefault-LogAppenderDaemon I/O was interrupted: java.io.InterruptedIOException: 
2024-05-03 18:50:21,508 [s1@group-BCC0B035F111-LeaderStateImpl] INFO  impl.PendingRequests (PendingRequests.java:sendNotLeaderResponses(287)) - s1@group-BCC0B035F111-PendingRequests: sendNotLeaderResponses
2024-05-03 18:50:21,508 [s1@group-BCC0B035F111->s0-LogAppenderDefault-LogAppenderDaemon] INFO  leader.LogAppenderDaemon (LogAppenderDaemon.java:run(87)) - s1@group-BCC0B035F111->s0-LogAppenderDefault-LogAppenderDaemon I/O was interrupted: java.io.InterruptedIOException: 
2024-05-03 18:50:21,513 [s1@group-BCC0B035F111-LeaderStateImpl] INFO  server.RaftServer$Division (ServerState.java:setLeader(272)) - s1@group-BCC0B035F111: change Leader from s1 to null at term 1 for StepDownReason:LOST_MAJORITY_HEARTBEATS
2024-05-03 18:50:21,513 [s1@group-BCC0B035F111-LeaderStateImpl] INFO  impl.RoleInfo (RoleInfo.java:updateAndGet(148)) - s1: start s1@group-BCC0B035F111-FollowerState
2024-05-03 18:50:21,523 [main] DEBUG client.RaftClient (RaftClientImpl.java:handleIOException(418)) - client-CA0EFDF6E02E: suggested new leader: null. Failed RaftClientRequest:client-CA0EFDF6E02E->s1@group-BCC0B035F111, cid=216, seq=null, RW, m41
org.apache.ratis.protocol.exceptions.NotLeaderException: Server s1@group-BCC0B035F111 is not the leader
	at org.apache.ratis.server.impl.RaftServerImpl.generateNotLeaderException(RaftServerImpl.java:766)
	at org.apache.ratis.server.impl.LeaderStateImpl.stop(LeaderStateImpl.java:439)
	at org.apache.ratis.server.impl.RoleInfo.shutdownLeaderState(RoleInfo.java:104)
	at org.apache.ratis.server.impl.RaftServerImpl.changeToFollower(RaftServerImpl.java:573)
	at org.apache.ratis.server.impl.RaftServerImpl.changeToFollowerAndPersistMetadata(RaftServerImpl.java:600)
	at org.apache.ratis.server.impl.LeaderStateImpl.stepDown(LeaderStateImpl.java:711)
	at org.apache.ratis.server.impl.LeaderStateImpl.checkLeadership(LeaderStateImpl.java:1118)
	at org.apache.ratis.server.impl.LeaderStateImpl$EventProcessor.run(LeaderStateImpl.java:773)
2024-05-03 18:50:21,523 [main] DEBUG client.RaftClient (RaftClientImpl.java:handleIOException(436)) - client-CA0EFDF6E02E: oldLeader=s1,  curLeader=s1, newLeader=s0
2024-05-03 18:50:21,523 [main] DEBUG client.RaftClient (RaftClientImpl.java:handleIOException(442)) - client-CA0EFDF6E02E changes Leader from s1 to s0 for group-BCC0B035F111
org.apache.ratis.protocol.exceptions.NotLeaderException: Server s1@group-BCC0B035F111 is not the leader
	at org.apache.ratis.server.impl.RaftServerImpl.generateNotLeaderException(RaftServerImpl.java:766)
	at org.apache.ratis.server.impl.LeaderStateImpl.stop(LeaderStateImpl.java:439)
	at org.apache.ratis.server.impl.RoleInfo.shutdownLeaderState(RoleInfo.java:104)
	at org.apache.ratis.server.impl.RaftServerImpl.changeToFollower(RaftServerImpl.java:573)
	at org.apache.ratis.server.impl.RaftServerImpl.changeToFollowerAndPersistMetadata(RaftServerImpl.java:600)
	at org.apache.ratis.server.impl.LeaderStateImpl.stepDown(LeaderStateImpl.java:711)
	at org.apache.ratis.server.impl.LeaderStateImpl.checkLeadership(LeaderStateImpl.java:1118)
	at org.apache.ratis.server.impl.LeaderStateImpl$EventProcessor.run(LeaderStateImpl.java:773)
2024-05-03 18:50:21,623 [main] DEBUG client.RaftClient (RaftClientImpl.java:get(158)) - client-CA0EFDF6E02E: get 216 returns [211]
2024-05-03 18:50:21,623 [main] DEBUG client.RaftClient (RaftClientImpl.java:newRequest(95)) - attempt #2, newRequest RaftClientRequest:client-CA0EFDF6E02E->s0@group-BCC0B035F111, cid=216, seq=null, RW, m41
2024-05-03 18:50:21,624 [s0-client-thread1] DEBUG server.RaftServer$Division (RaftServerImpl.java:submitClientRequestAsync(889)) - s0@group-BCC0B035F111: receive client request(RaftClientRequest:client-CA0EFDF6E02E->s0@group-BCC0B035F111, cid=216, seq=null, RW, m41)
2024-05-03 18:50:21,640 [main] DEBUG client.RaftClient (RaftClientImpl.java:handleIOException(418)) - client-CA0EFDF6E02E: suggested new leader: s1. Failed RaftClientRequest:client-CA0EFDF6E02E->s0@group-BCC0B035F111, cid=216, seq=null, RW, m41
org.apache.ratis.protocol.exceptions.NotLeaderException: Server s0@group-BCC0B035F111 is not the leader s1|localhost:15004
	at org.apache.ratis.server.impl.RaftServerImpl.generateNotLeaderException(RaftServerImpl.java:766)
	at org.apache.ratis.server.impl.RaftServerImpl.checkLeaderState(RaftServerImpl.java:731)
	at org.apache.ratis.server.impl.RaftServerImpl.checkLeaderState(RaftServerImpl.java:717)
	at org.apache.ratis.server.impl.RaftServerImpl.writeAsync(RaftServerImpl.java:938)
	at org.apache.ratis.server.impl.RaftServerImpl.replyFuture(RaftServerImpl.java:930)
	at org.apache.ratis.server.impl.RaftServerImpl.submitClientRequestAsync(RaftServerImpl.java:903)
	at org.apache.ratis.server.impl.RaftServerImpl.lambda$executeSubmitClientRequestAsync$12(RaftServerImpl.java:882)
	at java.util.concurrent.CompletableFuture$AsyncSupply.run(CompletableFuture.java:1604)
	at java.util.concurrent.ThreadPoolExecutor.runWorker(ThreadPoolExecutor.java:1149)
	at java.util.concurrent.ThreadPoolExecutor$Worker.run(ThreadPoolExecutor.java:624)
	at java.lang.Thread.run(Thread.java:750)
2024-05-03 18:50:21,641 [main] DEBUG client.RaftClient (RaftClientImpl.java:handleIOException(436)) - client-CA0EFDF6E02E: oldLeader=s0,  curLeader=s0, newLeader=s1
2024-05-03 18:50:21,641 [main] DEBUG client.RaftClient (RaftClientImpl.java:handleIOException(442)) - client-CA0EFDF6E02E changes Leader from s0 to s1 for group-BCC0B035F111
org.apache.ratis.protocol.exceptions.NotLeaderException: Server s0@group-BCC0B035F111 is not the leader s1|localhost:15004
	at org.apache.ratis.server.impl.RaftServerImpl.generateNotLeaderException(RaftServerImpl.java:766)
	at org.apache.ratis.server.impl.RaftServerImpl.checkLeaderState(RaftServerImpl.java:731)
	at org.apache.ratis.server.impl.RaftServerImpl.checkLeaderState(RaftServerImpl.java:717)
	at org.apache.ratis.server.impl.RaftServerImpl.writeAsync(RaftServerImpl.java:938)
	at org.apache.ratis.server.impl.RaftServerImpl.replyFuture(RaftServerImpl.java:930)
	at org.apache.ratis.server.impl.RaftServerImpl.submitClientRequestAsync(RaftServerImpl.java:903)
	at org.apache.ratis.server.impl.RaftServerImpl.lambda$executeSubmitClientRequestAsync$12(RaftServerImpl.java:882)
	at java.util.concurrent.CompletableFuture$AsyncSupply.run(CompletableFuture.java:1604)
	at java.util.concurrent.ThreadPoolExecutor.runWorker(ThreadPoolExecutor.java:1149)
	at java.util.concurrent.ThreadPoolExecutor$Worker.run(ThreadPoolExecutor.java:624)
	at java.lang.Thread.run(Thread.java:750)
2024-05-03 18:50:21,671 [s1@group-BCC0B035F111-FollowerState] INFO  impl.FollowerState (FollowerState.java:lostMajorityHeartbeatsRecently(109)) - s1@group-BCC0B035F111-FollowerState: Skipping leader election since it stepped down recently (elapsed = 158ms < waitTime = 10s)
2024-05-03 18:50:21,741 [main] DEBUG client.RaftClient (RaftClientImpl.java:get(158)) - client-CA0EFDF6E02E: get 216 returns [211]
2024-05-03 18:50:21,741 [main] DEBUG client.RaftClient (RaftClientImpl.java:newRequest(95)) - attempt #3, newRequest RaftClientRequest:client-CA0EFDF6E02E->s1@group-BCC0B035F111, cid=216, seq=null, RW, m41
2024-05-03 18:50:21,741 [s1-client-thread1] DEBUG server.RaftServer$Division (RaftServerImpl.java:submitClientRequestAsync(889)) - s1@group-BCC0B035F111: receive client request(RaftClientRequest:client-CA0EFDF6E02E->s1@group-BCC0B035F111, cid=216, seq=null, RW, m41)
2024-05-03 18:50:21,752 [main] DEBUG client.RaftClient (RaftClientImpl.java:handleIOException(418)) - client-CA0EFDF6E02E: suggested new leader: null. Failed RaftClientRequest:client-CA0EFDF6E02E->s1@group-BCC0B035F111, cid=216, seq=null, RW, m41
org.apache.ratis.protocol.exceptions.NotLeaderException: Server s1@group-BCC0B035F111 is not the leader
	at org.apache.ratis.server.impl.RaftServerImpl.generateNotLeaderException(RaftServerImpl.java:766)
	at org.apache.ratis.server.impl.RaftServerImpl.checkLeaderState(RaftServerImpl.java:731)
	at org.apache.ratis.server.impl.RaftServerImpl.checkLeaderState(RaftServerImpl.java:717)
	at org.apache.ratis.server.impl.RaftServerImpl.writeAsync(RaftServerImpl.java:938)
	at org.apache.ratis.server.impl.RaftServerImpl.replyFuture(RaftServerImpl.java:930)
	at org.apache.ratis.server.impl.RaftServerImpl.submitClientRequestAsync(RaftServerImpl.java:903)
	at org.apache.ratis.server.impl.RaftServerImpl.lambda$executeSubmitClientRequestAsync$12(RaftServerImpl.java:882)
	at java.util.concurrent.CompletableFuture$AsyncSupply.run(CompletableFuture.java:1604)
	at java.util.concurrent.ThreadPoolExecutor.runWorker(ThreadPoolExecutor.java:1149)
	at java.util.concurrent.ThreadPoolExecutor$Worker.run(ThreadPoolExecutor.java:624)
	at java.lang.Thread.run(Thread.java:750)
2024-05-03 18:50:21,752 [main] DEBUG client.RaftClient (RaftClientImpl.java:handleIOException(436)) - client-CA0EFDF6E02E: oldLeader=s1,  curLeader=s1, newLeader=s0
2024-05-03 18:50:21,752 [main] DEBUG client.RaftClient (RaftClientImpl.java:handleIOException(442)) - client-CA0EFDF6E02E changes Leader from s1 to s0 for group-BCC0B035F111
org.apache.ratis.protocol.exceptions.NotLeaderException: Server s1@group-BCC0B035F111 is not the leader
	at org.apache.ratis.server.impl.RaftServerImpl.generateNotLeaderException(RaftServerImpl.java:766)
	at org.apache.ratis.server.impl.RaftServerImpl.checkLeaderState(RaftServerImpl.java:731)
	at org.apache.ratis.server.impl.RaftServerImpl.checkLeaderState(RaftServerImpl.java:717)
	at org.apache.ratis.server.impl.RaftServerImpl.writeAsync(RaftServerImpl.java:938)
	at org.apache.ratis.server.impl.RaftServerImpl.replyFuture(RaftServerImpl.java:930)
	at org.apache.ratis.server.impl.RaftServerImpl.submitClientRequestAsync(RaftServerImpl.java:903)
	at org.apache.ratis.server.impl.RaftServerImpl.lambda$executeSubmitClientRequestAsync$12(RaftServerImpl.java:882)
	at java.util.concurrent.CompletableFuture$AsyncSupply.run(CompletableFuture.java:1604)
	at java.util.concurrent.ThreadPoolExecutor.runWorker(ThreadPoolExecutor.java:1149)
	at java.util.concurrent.ThreadPoolExecutor$Worker.run(ThreadPoolExecutor.java:624)
	at java.lang.Thread.run(Thread.java:750)
2024-05-03 18:50:21,853 [main] DEBUG client.RaftClient (RaftClientImpl.java:get(158)) - client-CA0EFDF6E02E: get 216 returns [211]
2024-05-03 18:50:21,853 [main] DEBUG client.RaftClient (RaftClientImpl.java:newRequest(95)) - attempt #4, newRequest RaftClientRequest:client-CA0EFDF6E02E->s0@group-BCC0B035F111, cid=216, seq=null, RW, m41
2024-05-03 18:50:21,853 [s0-client-thread1] DEBUG server.RaftServer$Division (RaftServerImpl.java:submitClientRequestAsync(889)) - s0@group-BCC0B035F111: receive client request(RaftClientRequest:client-CA0EFDF6E02E->s0@group-BCC0B035F111, cid=216, seq=null, RW, m41)
2024-05-03 18:50:21,871 [main] DEBUG client.RaftClient (RaftClientImpl.java:handleIOException(418)) - client-CA0EFDF6E02E: suggested new leader: s1. Failed RaftClientRequest:client-CA0EFDF6E02E->s0@group-BCC0B035F111, cid=216, seq=null, RW, m41
org.apache.ratis.protocol.exceptions.NotLeaderException: Server s0@group-BCC0B035F111 is not the leader s1|localhost:15004
	at org.apache.ratis.server.impl.RaftServerImpl.generateNotLeaderException(RaftServerImpl.java:766)
	at org.apache.ratis.server.impl.RaftServerImpl.checkLeaderState(RaftServerImpl.java:731)
	at org.apache.ratis.server.impl.RaftServerImpl.checkLeaderState(RaftServerImpl.java:717)
	at org.apache.ratis.server.impl.RaftServerImpl.writeAsync(RaftServerImpl.java:938)
	at org.apache.ratis.server.impl.RaftServerImpl.replyFuture(RaftServerImpl.java:930)
	at org.apache.ratis.server.impl.RaftServerImpl.submitClientRequestAsync(RaftServerImpl.java:903)
	at org.apache.ratis.server.impl.RaftServerImpl.lambda$executeSubmitClientRequestAsync$12(RaftServerImpl.java:882)
	at java.util.concurrent.CompletableFuture$AsyncSupply.run(CompletableFuture.java:1604)
	at java.util.concurrent.ThreadPoolExecutor.runWorker(ThreadPoolExecutor.java:1149)
	at java.util.concurrent.ThreadPoolExecutor$Worker.run(ThreadPoolExecutor.java:624)
	at java.lang.Thread.run(Thread.java:750)
2024-05-03 18:50:21,872 [main] DEBUG client.RaftClient (RaftClientImpl.java:handleIOException(436)) - client-CA0EFDF6E02E: oldLeader=s0,  curLeader=s0, newLeader=s1
2024-05-03 18:50:21,872 [main] DEBUG client.RaftClient (RaftClientImpl.java:handleIOException(442)) - client-CA0EFDF6E02E changes Leader from s0 to s1 for group-BCC0B035F111
org.apache.ratis.protocol.exceptions.NotLeaderException: Server s0@group-BCC0B035F111 is not the leader s1|localhost:15004
	at org.apache.ratis.server.impl.RaftServerImpl.generateNotLeaderException(RaftServerImpl.java:766)
	at org.apache.ratis.server.impl.RaftServerImpl.checkLeaderState(RaftServerImpl.java:731)
	at org.apache.ratis.server.impl.RaftServerImpl.checkLeaderState(RaftServerImpl.java:717)
	at org.apache.ratis.server.impl.RaftServerImpl.writeAsync(RaftServerImpl.java:938)
	at org.apache.ratis.server.impl.RaftServerImpl.replyFuture(RaftServerImpl.java:930)
	at org.apache.ratis.server.impl.RaftServerImpl.submitClientRequestAsync(RaftServerImpl.java:903)
	at org.apache.ratis.server.impl.RaftServerImpl.lambda$executeSubmitClientRequestAsync$12(RaftServerImpl.java:882)
	at java.util.concurrent.CompletableFuture$AsyncSupply.run(CompletableFuture.java:1604)
	at java.util.concurrent.ThreadPoolExecutor.runWorker(ThreadPoolExecutor.java:1149)
	at java.util.concurrent.ThreadPoolExecutor$Worker.run(ThreadPoolExecutor.java:624)
	at java.lang.Thread.run(Thread.java:750)
2024-05-03 18:50:21,942 [s1@group-BCC0B035F111-FollowerState] INFO  impl.FollowerState (FollowerState.java:lostMajorityHeartbeatsRecently(109)) - s1@group-BCC0B035F111-FollowerState: Skipping leader election since it stepped down recently (elapsed = 428ms < waitTime = 10s)
2024-05-03 18:50:21,972 [main] DEBUG client.RaftClient (RaftClientImpl.java:get(158)) - client-CA0EFDF6E02E: get 216 returns [211]
2024-05-03 18:50:21,972 [main] DEBUG client.RaftClient (RaftClientImpl.java:newRequest(95)) - attempt #5, newRequest RaftClientRequest:client-CA0EFDF6E02E->s1@group-BCC0B035F111, cid=216, seq=null, RW, m41
2024-05-03 18:50:21,972 [s1-client-thread1] DEBUG server.RaftServer$Division (RaftServerImpl.java:submitClientRequestAsync(889)) - s1@group-BCC0B035F111: receive client request(RaftClientRequest:client-CA0EFDF6E02E->s1@group-BCC0B035F111, cid=216, seq=null, RW, m41)
2024-05-03 18:50:21,983 [main] DEBUG client.RaftClient (RaftClientImpl.java:handleIOException(418)) - client-CA0EFDF6E02E: suggested new leader: null. Failed RaftClientRequest:client-CA0EFDF6E02E->s1@group-BCC0B035F111, cid=216, seq=null, RW, m41
org.apache.ratis.protocol.exceptions.NotLeaderException: Server s1@group-BCC0B035F111 is not the leader
	at org.apache.ratis.server.impl.RaftServerImpl.generateNotLeaderException(RaftServerImpl.java:766)
	at org.apache.ratis.server.impl.RaftServerImpl.checkLeaderState(RaftServerImpl.java:731)
	at org.apache.ratis.server.impl.RaftServerImpl.checkLeaderState(RaftServerImpl.java:717)
	at org.apache.ratis.server.impl.RaftServerImpl.writeAsync(RaftServerImpl.java:938)
	at org.apache.ratis.server.impl.RaftServerImpl.replyFuture(RaftServerImpl.java:930)
	at org.apache.ratis.server.impl.RaftServerImpl.submitClientRequestAsync(RaftServerImpl.java:903)
	at org.apache.ratis.server.impl.RaftServerImpl.lambda$executeSubmitClientRequestAsync$12(RaftServerImpl.java:882)
	at java.util.concurrent.CompletableFuture$AsyncSupply.run(CompletableFuture.java:1604)
	at java.util.concurrent.ThreadPoolExecutor.runWorker(ThreadPoolExecutor.java:1149)
	at java.util.concurrent.ThreadPoolExecutor$Worker.run(ThreadPoolExecutor.java:624)
	at java.lang.Thread.run(Thread.java:750)
2024-05-03 18:50:21,983 [main] DEBUG client.RaftClient (RaftClientImpl.java:handleIOException(436)) - client-CA0EFDF6E02E: oldLeader=s1,  curLeader=s1, newLeader=s2
2024-05-03 18:50:21,983 [main] DEBUG client.RaftClient (RaftClientImpl.java:handleIOException(442)) - client-CA0EFDF6E02E changes Leader from s1 to s2 for group-BCC0B035F111
org.apache.ratis.protocol.exceptions.NotLeaderException: Server s1@group-BCC0B035F111 is not the leader
	at org.apache.ratis.server.impl.RaftServerImpl.generateNotLeaderException(RaftServerImpl.java:766)
	at org.apache.ratis.server.impl.RaftServerImpl.checkLeaderState(RaftServerImpl.java:731)
	at org.apache.ratis.server.impl.RaftServerImpl.checkLeaderState(RaftServerImpl.java:717)
	at org.apache.ratis.server.impl.RaftServerImpl.writeAsync(RaftServerImpl.java:938)
	at org.apache.ratis.server.impl.RaftServerImpl.replyFuture(RaftServerImpl.java:930)
	at org.apache.ratis.server.impl.RaftServerImpl.submitClientRequestAsync(RaftServerImpl.java:903)
	at org.apache.ratis.server.impl.RaftServerImpl.lambda$executeSubmitClientRequestAsync$12(RaftServerImpl.java:882)
	at java.util.concurrent.CompletableFuture$AsyncSupply.run(CompletableFuture.java:1604)
	at java.util.concurrent.ThreadPoolExecutor.runWorker(ThreadPoolExecutor.java:1149)
	at java.util.concurrent.ThreadPoolExecutor$Worker.run(ThreadPoolExecutor.java:624)
	at java.lang.Thread.run(Thread.java:750)
2024-05-03 18:50:22,015 [s2-server-thread1] DEBUG server.RaftServer$Division (RaftServerImpl.java:logAppendEntries(1505)) - s2@group-BCC0B035F111: appendEntries* reply s1<-s2#215:OK-t1,SUCCESS,nextIndex=83,followerCommit=81,matchIndex=82
2024-05-03 18:50:22,015 [s0-server-thread1] DEBUG server.RaftServer$Division (RaftServerImpl.java:logAppendEntries(1505)) - s0@group-BCC0B035F111: appendEntries* reply s1<-s0#214:OK-t1,SUCCESS,nextIndex=83,followerCommit=81,matchIndex=82
2024-05-03 18:50:22,084 [main] DEBUG client.RaftClient (RaftClientImpl.java:get(158)) - client-CA0EFDF6E02E: get 216 returns [211]
2024-05-03 18:50:22,084 [main] DEBUG client.RaftClient (RaftClientImpl.java:newRequest(95)) - attempt #6, newRequest RaftClientRequest:client-CA0EFDF6E02E->s2@group-BCC0B035F111, cid=216, seq=null, RW, m41
2024-05-03 18:50:22,084 [s2-client-thread1] DEBUG server.RaftServer$Division (RaftServerImpl.java:submitClientRequestAsync(889)) - s2@group-BCC0B035F111: receive client request(RaftClientRequest:client-CA0EFDF6E02E->s2@group-BCC0B035F111, cid=216, seq=null, RW, m41)
2024-05-03 18:50:22,103 [main] DEBUG client.RaftClient (RaftClientImpl.java:handleIOException(418)) - client-CA0EFDF6E02E: suggested new leader: s1. Failed RaftClientRequest:client-CA0EFDF6E02E->s2@group-BCC0B035F111, cid=216, seq=null, RW, m41
org.apache.ratis.protocol.exceptions.NotLeaderException: Server s2@group-BCC0B035F111 is not the leader s1|localhost:15004
	at org.apache.ratis.server.impl.RaftServerImpl.generateNotLeaderException(RaftServerImpl.java:766)
	at org.apache.ratis.server.impl.RaftServerImpl.checkLeaderState(RaftServerImpl.java:731)
	at org.apache.ratis.server.impl.RaftServerImpl.checkLeaderState(RaftServerImpl.java:717)
	at org.apache.ratis.server.impl.RaftServerImpl.writeAsync(RaftServerImpl.java:938)
	at org.apache.ratis.server.impl.RaftServerImpl.replyFuture(RaftServerImpl.java:930)
	at org.apache.ratis.server.impl.RaftServerImpl.submitClientRequestAsync(RaftServerImpl.java:903)
	at org.apache.ratis.server.impl.RaftServerImpl.lambda$executeSubmitClientRequestAsync$12(RaftServerImpl.java:882)
	at java.util.concurrent.CompletableFuture$AsyncSupply.run(CompletableFuture.java:1604)
	at java.util.concurrent.ThreadPoolExecutor.runWorker(ThreadPoolExecutor.java:1149)
	at java.util.concurrent.ThreadPoolExecutor$Worker.run(ThreadPoolExecutor.java:624)
	at java.lang.Thread.run(Thread.java:750)
2024-05-03 18:50:22,103 [main] DEBUG client.RaftClient (RaftClientImpl.java:handleIOException(436)) - client-CA0EFDF6E02E: oldLeader=s2,  curLeader=s2, newLeader=s1
2024-05-03 18:50:22,103 [main] DEBUG client.RaftClient (RaftClientImpl.java:handleIOException(442)) - client-CA0EFDF6E02E changes Leader from s2 to s1 for group-BCC0B035F111
org.apache.ratis.protocol.exceptions.NotLeaderException: Server s2@group-BCC0B035F111 is not the leader s1|localhost:15004
	at org.apache.ratis.server.impl.RaftServerImpl.generateNotLeaderException(RaftServerImpl.java:766)
	at org.apache.ratis.server.impl.RaftServerImpl.checkLeaderState(RaftServerImpl.java:731)
	at org.apache.ratis.server.impl.RaftServerImpl.checkLeaderState(RaftServerImpl.java:717)
	at org.apache.ratis.server.impl.RaftServerImpl.writeAsync(RaftServerImpl.java:938)
	at org.apache.ratis.server.impl.RaftServerImpl.replyFuture(RaftServerImpl.java:930)
	at org.apache.ratis.server.impl.RaftServerImpl.submitClientRequestAsync(RaftServerImpl.java:903)
	at org.apache.ratis.server.impl.RaftServerImpl.lambda$executeSubmitClientRequestAsync$12(RaftServerImpl.java:882)
	at java.util.concurrent.CompletableFuture$AsyncSupply.run(CompletableFuture.java:1604)
	at java.util.concurrent.ThreadPoolExecutor.runWorker(ThreadPoolExecutor.java:1149)
	at java.util.concurrent.ThreadPoolExecutor$Worker.run(ThreadPoolExecutor.java:624)
	at java.lang.Thread.run(Thread.java:750)
2024-05-03 18:50:22,197 [s1@group-BCC0B035F111-FollowerState] INFO  impl.FollowerState (FollowerState.java:lostMajorityHeartbeatsRecently(109)) - s1@group-BCC0B035F111-FollowerState: Skipping leader election since it stepped down recently (elapsed = 683ms < waitTime = 10s)
2024-05-03 18:50:22,203 [main] DEBUG client.RaftClient (RaftClientImpl.java:get(158)) - client-CA0EFDF6E02E: get 216 returns [211]
2024-05-03 18:50:22,204 [main] DEBUG client.RaftClient (RaftClientImpl.java:newRequest(95)) - attempt #7, newRequest RaftClientRequest:client-CA0EFDF6E02E->s1@group-BCC0B035F111, cid=216, seq=null, RW, m41
2024-05-03 18:50:22,204 [s1-client-thread1] DEBUG server.RaftServer$Division (RaftServerImpl.java:submitClientRequestAsync(889)) - s1@group-BCC0B035F111: receive client request(RaftClientRequest:client-CA0EFDF6E02E->s1@group-BCC0B035F111, cid=216, seq=null, RW, m41)
2024-05-03 18:50:22,219 [main] DEBUG client.RaftClient (RaftClientImpl.java:handleIOException(418)) - client-CA0EFDF6E02E: suggested new leader: null. Failed RaftClientRequest:client-CA0EFDF6E02E->s1@group-BCC0B035F111, cid=216, seq=null, RW, m41
org.apache.ratis.protocol.exceptions.NotLeaderException: Server s1@group-BCC0B035F111 is not the leader
	at org.apache.ratis.server.impl.RaftServerImpl.generateNotLeaderException(RaftServerImpl.java:766)
	at org.apache.ratis.server.impl.RaftServerImpl.checkLeaderState(RaftServerImpl.java:731)
	at org.apache.ratis.server.impl.RaftServerImpl.checkLeaderState(RaftServerImpl.java:717)
	at org.apache.ratis.server.impl.RaftServerImpl.writeAsync(RaftServerImpl.java:938)
	at org.apache.ratis.server.impl.RaftServerImpl.replyFuture(RaftServerImpl.java:930)
	at org.apache.ratis.server.impl.RaftServerImpl.submitClientRequestAsync(RaftServerImpl.java:903)
	at org.apache.ratis.server.impl.RaftServerImpl.lambda$executeSubmitClientRequestAsync$12(RaftServerImpl.java:882)
	at java.util.concurrent.CompletableFuture$AsyncSupply.run(CompletableFuture.java:1604)
	at java.util.concurrent.ThreadPoolExecutor.runWorker(ThreadPoolExecutor.java:1149)
	at java.util.concurrent.ThreadPoolExecutor$Worker.run(ThreadPoolExecutor.java:624)
	at java.lang.Thread.run(Thread.java:750)
2024-05-03 18:50:22,220 [main] DEBUG client.RaftClient (RaftClientImpl.java:handleIOException(436)) - client-CA0EFDF6E02E: oldLeader=s1,  curLeader=s1, newLeader=s2
2024-05-03 18:50:22,220 [main] DEBUG client.RaftClient (RaftClientImpl.java:handleIOException(442)) - client-CA0EFDF6E02E changes Leader from s1 to s2 for group-BCC0B035F111
org.apache.ratis.protocol.exceptions.NotLeaderException: Server s1@group-BCC0B035F111 is not the leader
	at org.apache.ratis.server.impl.RaftServerImpl.generateNotLeaderException(RaftServerImpl.java:766)
	at org.apache.ratis.server.impl.RaftServerImpl.checkLeaderState(RaftServerImpl.java:731)
	at org.apache.ratis.server.impl.RaftServerImpl.checkLeaderState(RaftServerImpl.java:717)
	at org.apache.ratis.server.impl.RaftServerImpl.writeAsync(RaftServerImpl.java:938)
	at org.apache.ratis.server.impl.RaftServerImpl.replyFuture(RaftServerImpl.java:930)
	at org.apache.ratis.server.impl.RaftServerImpl.submitClientRequestAsync(RaftServerImpl.java:903)
	at org.apache.ratis.server.impl.RaftServerImpl.lambda$executeSubmitClientRequestAsync$12(RaftServerImpl.java:882)
	at java.util.concurrent.CompletableFuture$AsyncSupply.run(CompletableFuture.java:1604)
	at java.util.concurrent.ThreadPoolExecutor.runWorker(ThreadPoolExecutor.java:1149)
	at java.util.concurrent.ThreadPoolExecutor$Worker.run(ThreadPoolExecutor.java:624)
	at java.lang.Thread.run(Thread.java:750)
2024-05-03 18:50:22,320 [main] DEBUG client.RaftClient (RaftClientImpl.java:get(158)) - client-CA0EFDF6E02E: get 216 returns [211]
2024-05-03 18:50:22,321 [main] DEBUG client.RaftClient (RaftClientImpl.java:newRequest(95)) - attempt #8, newRequest RaftClientRequest:client-CA0EFDF6E02E->s2@group-BCC0B035F111, cid=216, seq=null, RW, m41
2024-05-03 18:50:22,321 [s2-client-thread1] DEBUG server.RaftServer$Division (RaftServerImpl.java:submitClientRequestAsync(889)) - s2@group-BCC0B035F111: receive client request(RaftClientRequest:client-CA0EFDF6E02E->s2@group-BCC0B035F111, cid=216, seq=null, RW, m41)
2024-05-03 18:50:22,338 [s2@group-BCC0B035F111-FollowerState] INFO  impl.FollowerState (FollowerState.java:run(144)) - s2@group-BCC0B035F111-FollowerState: change to CANDIDATE, lastRpcElapsedTime:323483890ns, electionTimeout:154ms
2024-05-03 18:50:22,338 [s2@group-BCC0B035F111-FollowerState] INFO  impl.RoleInfo (RoleInfo.java:shutdownFollowerState(119)) - s2: shutdown s2@group-BCC0B035F111-FollowerState
2024-05-03 18:50:22,338 [s2@group-BCC0B035F111-FollowerState] INFO  server.RaftServer$Division (RaftServerImpl.java:setRole(376)) - s2@group-BCC0B035F111: changes role from  FOLLOWER to CANDIDATE at term 1 for changeToCandidate
2024-05-03 18:50:22,339 [s2@group-BCC0B035F111-FollowerState] INFO  server.RaftServerConfigKeys (ConfUtils.java:logGet(46)) - raft.server.leaderelection.pre-vote = true (default)
2024-05-03 18:50:22,339 [s2@group-BCC0B035F111-FollowerState] INFO  impl.RoleInfo (RoleInfo.java:updateAndGet(148)) - s2: start s2@group-BCC0B035F111-LeaderElection2
2024-05-03 18:50:22,339 [s2@group-BCC0B035F111-LeaderElection2] INFO  server.RaftServer$Division (ServerState.java:setLeader(272)) - s2@group-BCC0B035F111: change Leader from s1 to null at term 1 for PRE_VOTE
2024-05-03 18:50:22,339 [s2@group-BCC0B035F111-LeaderElection2] INFO  impl.LeaderElection (LeaderElection.java:askForVotes(321)) - s2@group-BCC0B035F111-LeaderElection2 PRE_VOTE round 0: submit vote requests at term 1 for conf: {index: 0, cur=peers:[s0|localhost:15000, s1|localhost:15004, s2|localhost:15008]|listeners:[], old=null}
2024-05-03 18:50:22,340 [HandlerDaemon-0] INFO  server.RaftServer$Division (RaftServerImpl.java:requestVote(1403)) - s0@group-BCC0B035F111: receive requestVote(PRE_VOTE, s2, group-BCC0B035F111, 1, (t:1, i:82))
2024-05-03 18:50:22,340 [HandlerDaemon-0] INFO  server.RaftServer$Division (RaftServerImpl.java:requestVote(1403)) - s1@group-BCC0B035F111: receive requestVote(PRE_VOTE, s2, group-BCC0B035F111, 1, (t:1, i:82))
2024-05-03 18:50:22,340 [HandlerDaemon-0] INFO  impl.VoteContext (VoteContext.java:log(49)) - s1@group-BCC0B035F111-FOLLOWER: reject PRE_VOTE from s2: our last entry (t:1, i:83) > candidate's last entry (t:1, i:82)
2024-05-03 18:50:22,340 [HandlerDaemon-0] INFO  server.RaftServer$Division (RaftServerImpl.java:requestVote(1436)) - s1@group-BCC0B035F111 replies to PRE_VOTE vote request: s2<-s1#0:FAIL-t1. Peer's state: s1@group-BCC0B035F111:t1, leader=null, voted=s1, raftlog=Memoized:s1@group-BCC0B035F111-SegmentedRaftLog:OPENED:c81:last(t:1, i:83), conf=conf: {index: 0, cur=peers:[s0|localhost:15000, s1|localhost:15004, s2|localhost:15008]|listeners:[], old=null}
2024-05-03 18:50:22,340 [HandlerDaemon-0] INFO  impl.VoteContext (VoteContext.java:log(49)) - s0@group-BCC0B035F111-FOLLOWER: accept PRE_VOTE from s2: our priority 0 <= candidate's priority 0
2024-05-03 18:50:22,340 [HandlerDaemon-0] INFO  server.RaftServer$Division (RaftServerImpl.java:requestVote(1436)) - s0@group-BCC0B035F111 replies to PRE_VOTE vote request: s2<-s0#0:OK-t1. Peer's state: s0@group-BCC0B035F111:t1, leader=s1, voted=s1, raftlog=Memoized:s0@group-BCC0B035F111-SegmentedRaftLog:OPENED:c81:last(t:1, i:82), conf=conf: {index: 0, cur=peers:[s0|localhost:15000, s1|localhost:15004, s2|localhost:15008]|listeners:[], old=null}
2024-05-03 18:50:22,340 [main] DEBUG client.RaftClient (RaftClientImpl.java:handleIOException(418)) - client-CA0EFDF6E02E: suggested new leader: s1. Failed RaftClientRequest:client-CA0EFDF6E02E->s2@group-BCC0B035F111, cid=216, seq=null, RW, m41
org.apache.ratis.protocol.exceptions.NotLeaderException: Server s2@group-BCC0B035F111 is not the leader s1|localhost:15004
	at org.apache.ratis.server.impl.RaftServerImpl.generateNotLeaderException(RaftServerImpl.java:766)
	at org.apache.ratis.server.impl.RaftServerImpl.checkLeaderState(RaftServerImpl.java:731)
	at org.apache.ratis.server.impl.RaftServerImpl.checkLeaderState(RaftServerImpl.java:717)
	at org.apache.ratis.server.impl.RaftServerImpl.writeAsync(RaftServerImpl.java:938)
	at org.apache.ratis.server.impl.RaftServerImpl.replyFuture(RaftServerImpl.java:930)
	at org.apache.ratis.server.impl.RaftServerImpl.submitClientRequestAsync(RaftServerImpl.java:903)
	at org.apache.ratis.server.impl.RaftServerImpl.lambda$executeSubmitClientRequestAsync$12(RaftServerImpl.java:882)
	at java.util.concurrent.CompletableFuture$AsyncSupply.run(CompletableFuture.java:1604)
	at java.util.concurrent.ThreadPoolExecutor.runWorker(ThreadPoolExecutor.java:1149)
	at java.util.concurrent.ThreadPoolExecutor$Worker.run(ThreadPoolExecutor.java:624)
	at java.lang.Thread.run(Thread.java:750)
2024-05-03 18:50:22,341 [main] DEBUG client.RaftClient (RaftClientImpl.java:handleIOException(436)) - client-CA0EFDF6E02E: oldLeader=s2,  curLeader=s2, newLeader=s1
2024-05-03 18:50:22,341 [main] DEBUG client.RaftClient (RaftClientImpl.java:handleIOException(442)) - client-CA0EFDF6E02E changes Leader from s2 to s1 for group-BCC0B035F111
org.apache.ratis.protocol.exceptions.NotLeaderException: Server s2@group-BCC0B035F111 is not the leader s1|localhost:15004
	at org.apache.ratis.server.impl.RaftServerImpl.generateNotLeaderException(RaftServerImpl.java:766)
	at org.apache.ratis.server.impl.RaftServerImpl.checkLeaderState(RaftServerImpl.java:731)
	at org.apache.ratis.server.impl.RaftServerImpl.checkLeaderState(RaftServerImpl.java:717)
	at org.apache.ratis.server.impl.RaftServerImpl.writeAsync(RaftServerImpl.java:938)
	at org.apache.ratis.server.impl.RaftServerImpl.replyFuture(RaftServerImpl.java:930)
	at org.apache.ratis.server.impl.RaftServerImpl.submitClientRequestAsync(RaftServerImpl.java:903)
	at org.apache.ratis.server.impl.RaftServerImpl.lambda$executeSubmitClientRequestAsync$12(RaftServerImpl.java:882)
	at java.util.concurrent.CompletableFuture$AsyncSupply.run(CompletableFuture.java:1604)
	at java.util.concurrent.ThreadPoolExecutor.runWorker(ThreadPoolExecutor.java:1149)
	at java.util.concurrent.ThreadPoolExecutor$Worker.run(ThreadPoolExecutor.java:624)
	at java.lang.Thread.run(Thread.java:750)
2024-05-03 18:50:22,356 [s2@group-BCC0B035F111-LeaderElection2] INFO  impl.LeaderElection (LeaderElection.java:logAndReturn(89)) - s2@group-BCC0B035F111-LeaderElection2: PRE_VOTE PASSED received 1 response(s) and 0 exception(s):
2024-05-03 18:50:22,357 [s2@group-BCC0B035F111-LeaderElection2] INFO  impl.LeaderElection (LeaderElection.java:logAndReturn(93)) -   Response 0: s2<-s0#0:OK-t1
2024-05-03 18:50:22,357 [s2@group-BCC0B035F111-LeaderElection2] INFO  impl.LeaderElection (LeaderElection.java:askForVotes(323)) - s2@group-BCC0B035F111-LeaderElection2 PRE_VOTE round 0: result PASSED
2024-05-03 18:50:22,357 [s2@group-BCC0B035F111-LeaderElection2] TRACE util.FileUtils (LogUtils.java:supplyAndLog(69)) - Successfully supplied FileChannel.open /home/runner/work/ratis/ratis/ratis-test/target/test/data/14253bed/MiniRaftClusterWithSimulatedRpce720d009/s2/44884d0e-a76d-4898-8f45-bcc0b035f111/current/raft-meta.tmp with options [CREATE, WRITE]: sun.nio.ch.FileChannelImpl@bc6292d
2024-05-03 18:50:22,359 [s2@group-BCC0B035F111-LeaderElection2] TRACE util.FileUtils (LogUtils.java:runAndLog(49)) - Successfully ran Atomic Files.move /home/runner/work/ratis/ratis/ratis-test/target/test/data/14253bed/MiniRaftClusterWithSimulatedRpce720d009/s2/44884d0e-a76d-4898-8f45-bcc0b035f111/current/raft-meta.tmp to /home/runner/work/ratis/ratis/ratis-test/target/test/data/14253bed/MiniRaftClusterWithSimulatedRpce720d009/s2/44884d0e-a76d-4898-8f45-bcc0b035f111/current/raft-meta with options [REPLACE_EXISTING]
2024-05-03 18:50:22,359 [s2@group-BCC0B035F111-LeaderElection2] INFO  impl.LeaderElection (LeaderElection.java:askForVotes(321)) - s2@group-BCC0B035F111-LeaderElection2 ELECTION round 0: submit vote requests at term 2 for conf: {index: 0, cur=peers:[s0|localhost:15000, s1|localhost:15004, s2|localhost:15008]|listeners:[], old=null}
2024-05-03 18:50:22,359 [HandlerDaemon-1] INFO  server.RaftServer$Division (RaftServerImpl.java:requestVote(1403)) - s0@group-BCC0B035F111: receive requestVote(ELECTION, s2, group-BCC0B035F111, 2, (t:1, i:82))
2024-05-03 18:50:22,359 [HandlerDaemon-1] INFO  server.RaftServer$Division (RaftServerImpl.java:requestVote(1403)) - s1@group-BCC0B035F111: receive requestVote(ELECTION, s2, group-BCC0B035F111, 2, (t:1, i:82))
2024-05-03 18:50:22,359 [HandlerDaemon-1] INFO  impl.VoteContext (VoteContext.java:log(49)) - s0@group-BCC0B035F111-FOLLOWER: accept ELECTION from s2: our priority 0 <= candidate's priority 0
2024-05-03 18:50:22,359 [HandlerDaemon-1] INFO  impl.VoteContext (VoteContext.java:log(49)) - s1@group-BCC0B035F111-FOLLOWER: reject ELECTION from s2: our last entry (t:1, i:83) > candidate's last entry (t:1, i:82)
2024-05-03 18:50:22,359 [HandlerDaemon-1] INFO  server.RaftServer$Division (ServerState.java:setLeader(272)) - s0@group-BCC0B035F111: change Leader from s1 to null at term 2 for updateCurrentTerm
2024-05-03 18:50:22,359 [HandlerDaemon-1] INFO  server.RaftServer$Division (RaftServerImpl.java:setRole(376)) - s1@group-BCC0B035F111: changes role from  FOLLOWER to FOLLOWER at term 2 for candidate:s2
2024-05-03 18:50:22,360 [HandlerDaemon-1] INFO  server.RaftServer$Division (RaftServerImpl.java:setRole(376)) - s0@group-BCC0B035F111: changes role from  FOLLOWER to FOLLOWER at term 2 for candidate:s2
2024-05-03 18:50:22,360 [HandlerDaemon-1] INFO  impl.RoleInfo (RoleInfo.java:shutdownFollowerState(119)) - s1: shutdown s1@group-BCC0B035F111-FollowerState
2024-05-03 18:50:22,360 [HandlerDaemon-1] INFO  impl.RoleInfo (RoleInfo.java:shutdownFollowerState(119)) - s0: shutdown s0@group-BCC0B035F111-FollowerState
2024-05-03 18:50:22,360 [HandlerDaemon-1] INFO  impl.RoleInfo (RoleInfo.java:updateAndGet(148)) - s1: start s1@group-BCC0B035F111-FollowerState
2024-05-03 18:50:22,360 [HandlerDaemon-1] INFO  impl.RoleInfo (RoleInfo.java:updateAndGet(148)) - s0: start s0@group-BCC0B035F111-FollowerState
2024-05-03 18:50:22,360 [s1@group-BCC0B035F111-FollowerState] INFO  impl.FollowerState (FollowerState.java:run(153)) - s1@group-BCC0B035F111-FollowerState was interrupted
2024-05-03 18:50:22,360 [HandlerDaemon-1] TRACE util.FileUtils (LogUtils.java:supplyAndLog(69)) - Successfully supplied FileChannel.open /home/runner/work/ratis/ratis/ratis-test/target/test/data/14253bed/MiniRaftClusterWithSimulatedRpce720d009/s0/44884d0e-a76d-4898-8f45-bcc0b035f111/current/raft-meta.tmp with options [CREATE, WRITE]: sun.nio.ch.FileChannelImpl@653b6480
2024-05-03 18:50:22,361 [s0@group-BCC0B035F111-FollowerState] INFO  impl.FollowerState (FollowerState.java:run(153)) - s0@group-BCC0B035F111-FollowerState was interrupted
2024-05-03 18:50:22,361 [HandlerDaemon-1] TRACE util.FileUtils (LogUtils.java:supplyAndLog(69)) - Successfully supplied FileChannel.open /home/runner/work/ratis/ratis/ratis-test/target/test/data/14253bed/MiniRaftClusterWithSimulatedRpce720d009/s1/44884d0e-a76d-4898-8f45-bcc0b035f111/current/raft-meta.tmp with options [CREATE, WRITE]: sun.nio.ch.FileChannelImpl@6eeb30ca
2024-05-03 18:50:22,361 [HandlerDaemon-1] TRACE util.FileUtils (LogUtils.java:runAndLog(49)) - Successfully ran Atomic Files.move /home/runner/work/ratis/ratis/ratis-test/target/test/data/14253bed/MiniRaftClusterWithSimulatedRpce720d009/s0/44884d0e-a76d-4898-8f45-bcc0b035f111/current/raft-meta.tmp to /home/runner/work/ratis/ratis/ratis-test/target/test/data/14253bed/MiniRaftClusterWithSimulatedRpce720d009/s0/44884d0e-a76d-4898-8f45-bcc0b035f111/current/raft-meta with options [REPLACE_EXISTING]
2024-05-03 18:50:22,361 [HandlerDaemon-1] INFO  server.RaftServer$Division (RaftServerImpl.java:requestVote(1436)) - s0@group-BCC0B035F111 replies to ELECTION vote request: s2<-s0#0:OK-t2. Peer's state: s0@group-BCC0B035F111:t2, leader=null, voted=s2, raftlog=Memoized:s0@group-BCC0B035F111-SegmentedRaftLog:OPENED:c81:last(t:1, i:82), conf=conf: {index: 0, cur=peers:[s0|localhost:15000, s1|localhost:15004, s2|localhost:15008]|listeners:[], old=null}
2024-05-03 18:50:22,362 [HandlerDaemon-1] TRACE util.FileUtils (LogUtils.java:runAndLog(49)) - Successfully ran Atomic Files.move /home/runner/work/ratis/ratis/ratis-test/target/test/data/14253bed/MiniRaftClusterWithSimulatedRpce720d009/s1/44884d0e-a76d-4898-8f45-bcc0b035f111/current/raft-meta.tmp to /home/runner/work/ratis/ratis/ratis-test/target/test/data/14253bed/MiniRaftClusterWithSimulatedRpce720d009/s1/44884d0e-a76d-4898-8f45-bcc0b035f111/current/raft-meta with options [REPLACE_EXISTING]
2024-05-03 18:50:22,362 [HandlerDaemon-1] INFO  server.RaftServer$Division (RaftServerImpl.java:requestVote(1436)) - s1@group-BCC0B035F111 replies to ELECTION vote request: s2<-s1#0:FAIL-t2. Peer's state: s1@group-BCC0B035F111:t2, leader=null, voted=null, raftlog=Memoized:s1@group-BCC0B035F111-SegmentedRaftLog:OPENED:c81:last(t:1, i:83), conf=conf: {index: 0, cur=peers:[s0|localhost:15000, s1|localhost:15004, s2|localhost:15008]|listeners:[], old=null}
2024-05-03 18:50:22,374 [s2@group-BCC0B035F111-LeaderElection2] INFO  impl.LeaderElection (LeaderElection.java:logAndReturn(89)) - s2@group-BCC0B035F111-LeaderElection2: ELECTION PASSED received 2 response(s) and 0 exception(s):
2024-05-03 18:50:22,375 [s2@group-BCC0B035F111-LeaderElection2] INFO  impl.LeaderElection (LeaderElection.java:logAndReturn(93)) -   Response 0: s2<-s0#0:OK-t2
2024-05-03 18:50:22,375 [s2@group-BCC0B035F111-LeaderElection2] INFO  impl.LeaderElection (LeaderElection.java:logAndReturn(93)) -   Response 1: s2<-s1#0:FAIL-t2
2024-05-03 18:50:22,375 [s2@group-BCC0B035F111-LeaderElection2] INFO  impl.LeaderElection (LeaderElection.java:askForVotes(323)) - s2@group-BCC0B035F111-LeaderElection2 ELECTION round 0: result PASSED
2024-05-03 18:50:22,375 [s2@group-BCC0B035F111-LeaderElection2] INFO  impl.RoleInfo (RoleInfo.java:shutdownLeaderElection(139)) - s2: shutdown s2@group-BCC0B035F111-LeaderElection2
2024-05-03 18:50:22,375 [s2@group-BCC0B035F111-LeaderElection2] INFO  server.RaftServer$Division (RaftServerImpl.java:setRole(376)) - s2@group-BCC0B035F111: changes role from CANDIDATE to LEADER at term 2 for changeToLeader
2024-05-03 18:50:22,375 [s2@group-BCC0B035F111-LeaderElection2] INFO  server.RaftServerConfigKeys (ConfUtils.java:logGet(46)) - raft.server.staging.catchup.gap = 1000 (default)
2024-05-03 18:50:22,375 [s2@group-BCC0B035F111-LeaderElection2] INFO  server.RaftServerConfigKeys (ConfUtils.java:logGet(46)) - raft.server.write.element-limit = 4096 (default)
2024-05-03 18:50:22,375 [s2@group-BCC0B035F111-LeaderElection2] INFO  server.RaftServerConfigKeys (ConfUtils.java:logGet(46)) - raft.server.write.byte-limit = 64MB (=67108864) (default)
2024-05-03 18:50:22,376 [s2@group-BCC0B035F111-LeaderElection2] INFO  server.RaftServerConfigKeys (ConfUtils.java:logGet(46)) - raft.server.watch.timeout = 10s (default)
2024-05-03 18:50:22,376 [s2@group-BCC0B035F111-LeaderElection2] INFO  server.RaftServerConfigKeys (ConfUtils.java:logGet(46)) - raft.server.watch.timeout.denomination = 1s (default)
2024-05-03 18:50:22,376 [s2@group-BCC0B035F111-LeaderElection2] INFO  server.RaftServerConfigKeys (ConfUtils.java:logGet(46)) - raft.server.watch.element-limit = 65536 (default)
2024-05-03 18:50:22,376 [s2@group-BCC0B035F111-LeaderElection2] INFO  server.RaftServerConfigKeys (ConfUtils.java:logGet(46)) - raft.server.read.leader.lease.enabled = false (default)
2024-05-03 18:50:22,376 [s2@group-BCC0B035F111-LeaderElection2] INFO  server.RaftServerConfigKeys (ConfUtils.java:logGet(46)) - raft.server.read.leader.lease.timeout.ratio = 0.9 (default)
2024-05-03 18:50:22,376 [s2@group-BCC0B035F111-LeaderElection2] INFO  server.RaftServerConfigKeys (ConfUtils.java:logGet(46)) - raft.server.rpc.timeout.min = 150ms (default)
2024-05-03 18:50:22,377 [s2@group-BCC0B035F111-LeaderElection2] INFO  server.RaftServerConfigKeys (ConfUtils.java:logGet(46)) - raft.server.write.element-limit = 4096 (default)
2024-05-03 18:50:22,377 [s2@group-BCC0B035F111-LeaderElection2] INFO  server.RaftServerConfigKeys (ConfUtils.java:logGet(46)) - raft.server.write.follower.gap.ratio.max = -1.0 (default)
2024-05-03 18:50:22,377 [s2@group-BCC0B035F111-LeaderElection2] INFO  server.RaftServerConfigKeys (ConfUtils.java:logGet(46)) - raft.server.log.appender.snapshot.chunk.size.max = 16MB (=16777216) (default)
2024-05-03 18:50:22,377 [s2@group-BCC0B035F111-LeaderElection2] INFO  server.RaftServerConfigKeys (ConfUtils.java:logGet(46)) - raft.server.log.appender.buffer.byte-limit = 4MB (=4194304) (default)
2024-05-03 18:50:22,377 [s2@group-BCC0B035F111-LeaderElection2] INFO  server.RaftServerConfigKeys (ConfUtils.java:logGet(46)) - raft.server.log.appender.buffer.element-limit = 0 (default)
2024-05-03 18:50:22,377 [s2@group-BCC0B035F111-LeaderElection2] INFO  server.RaftServerConfigKeys (ConfUtils.java:logGet(46)) - raft.server.log.appender.wait-time.min = 1ms (default)
2024-05-03 18:50:22,378 [s2@group-BCC0B035F111-LeaderElection2] INFO  server.RaftServerConfigKeys (ConfUtils.java:logGet(46)) - raft.server.log.appender.snapshot.chunk.size.max = 16MB (=16777216) (default)
2024-05-03 18:50:22,378 [s2@group-BCC0B035F111-LeaderElection2] INFO  server.RaftServerConfigKeys (ConfUtils.java:logGet(46)) - raft.server.log.appender.buffer.byte-limit = 4MB (=4194304) (default)
2024-05-03 18:50:22,378 [s2@group-BCC0B035F111-LeaderElection2] INFO  server.RaftServerConfigKeys (ConfUtils.java:logGet(46)) - raft.server.log.appender.buffer.element-limit = 0 (default)
2024-05-03 18:50:22,378 [s2@group-BCC0B035F111-LeaderElection2] INFO  server.RaftServerConfigKeys (ConfUtils.java:logGet(46)) - raft.server.log.appender.wait-time.min = 1ms (default)
2024-05-03 18:50:22,378 [s2@group-BCC0B035F111-LeaderElection2] INFO  impl.RoleInfo (RoleInfo.java:updateAndGet(148)) - s2: start s2@group-BCC0B035F111-LeaderStateImpl
2024-05-03 18:50:22,378 [s2@group-BCC0B035F111-LeaderElection2] INFO  server.RaftServer$Division (ServerState.java:setLeader(272)) - s2@group-BCC0B035F111: change Leader from null to s2 at term 2 for becomeLeader, leader elected after 39ms
2024-05-03 18:50:22,379 [s2@group-BCC0B035F111-LeaderElection2] INFO  segmented.SegmentedRaftLogWorker (SegmentedRaftLogWorker.java:rollLogSegment(438)) - s2@group-BCC0B035F111-SegmentedRaftLogWorker: Rolling segment log-0_82 to index:82
2024-05-03 18:50:22,380 [s2@group-BCC0B035F111-LeaderElection2] INFO  server.RaftServer$Division (ServerState.java:setRaftConf(386)) - s2@group-BCC0B035F111: set configuration conf: {index: 83, cur=peers:[s0|localhost:15000, s1|localhost:15004, s2|localhost:15008]|listeners:[], old=null}
2024-05-03 18:50:22,380 [HandlerDaemon-2] INFO  server.RaftServer$Division (ServerState.java:setLeader(272)) - s0@group-BCC0B035F111: change Leader from null to s2 at term 2 for appendEntries, leader elected after 20ms
2024-05-03 18:50:22,381 [s2@group-BCC0B035F111-SegmentedRaftLogWorker] TRACE util.FileUtils (LogUtils.java:runAndLog(49)) - Successfully ran Atomic Files.move /home/runner/work/ratis/ratis/ratis-test/target/test/data/14253bed/MiniRaftClusterWithSimulatedRpce720d009/s2/44884d0e-a76d-4898-8f45-bcc0b035f111/current/log_inprogress_0 to /home/runner/work/ratis/ratis/ratis-test/target/test/data/14253bed/MiniRaftClusterWithSimulatedRpce720d009/s2/44884d0e-a76d-4898-8f45-bcc0b035f111/current/log_0-82
2024-05-03 18:50:22,381 [s2@group-BCC0B035F111-SegmentedRaftLogWorker] INFO  segmented.SegmentedRaftLogWorker (SegmentedRaftLogWorker.java:execute(598)) - s2@group-BCC0B035F111-SegmentedRaftLogWorker: Rolled log segment from /home/runner/work/ratis/ratis/ratis-test/target/test/data/14253bed/MiniRaftClusterWithSimulatedRpce720d009/s2/44884d0e-a76d-4898-8f45-bcc0b035f111/current/log_inprogress_0 to /home/runner/work/ratis/ratis/ratis-test/target/test/data/14253bed/MiniRaftClusterWithSimulatedRpce720d009/s2/44884d0e-a76d-4898-8f45-bcc0b035f111/current/log_0-82
2024-05-03 18:50:22,381 [HandlerDaemon-2] INFO  server.RaftServer$Division (ServerState.java:setLeader(272)) - s1@group-BCC0B035F111: change Leader from null to s2 at term 2 for appendEntries, leader elected after 868ms
2024-05-03 18:50:22,381 [s2@group-BCC0B035F111-SegmentedRaftLogWorker] INFO  segmented.BufferedWriteChannel (BufferedWriteChannel.java:open(61)) - open log_inprogress_83 at position 0
2024-05-03 18:50:22,393 [s2@group-BCC0B035F111-SegmentedRaftLogWorker] INFO  segmented.SegmentedRaftLogWorker (SegmentedRaftLogWorker.java:execute(641)) - s2@group-BCC0B035F111-SegmentedRaftLogWorker: created new log segment /home/runner/work/ratis/ratis/ratis-test/target/test/data/14253bed/MiniRaftClusterWithSimulatedRpce720d009/s2/44884d0e-a76d-4898-8f45-bcc0b035f111/current/log_inprogress_83
2024-05-03 18:50:22,399 [s2@group-BCC0B035F111-StateMachineUpdater] TRACE util.FileUtils (LogUtils.java:supplyAndLog(69)) - Successfully supplied FileChannel.open /home/runner/work/ratis/ratis/ratis-test/target/test/data/14253bed/MiniRaftClusterWithSimulatedRpce720d009/s2/44884d0e-a76d-4898-8f45-bcc0b035f111/current/raft-meta.conf.tmp with options [CREATE, WRITE]: sun.nio.ch.FileChannelImpl@28123c53
2024-05-03 18:50:22,399 [HandlerDaemon-0] DEBUG server.RaftServer$Division (RaftServerImpl.java:logAppendEntries(1505)) - s1@group-BCC0B035F111: appendEntries* s2->s1#222-t2,previous=(t:2, i:83),leaderCommit=83,initializing? false,entries: size=1, first=(t:2, i:84), METADATAENTRY(c:83)
2024-05-03 18:50:22,399 [HandlerDaemon-0] INFO  server.RaftServer$Division (RaftServerImpl.java:checkInconsistentAppendEntries(1643)) - s1@group-BCC0B035F111: Failed appendEntries as previous log entry ((t:2, i:83)) is not found
2024-05-03 18:50:22,399 [HandlerDaemon-0] INFO  server.RaftServer$Division (RaftServerImpl.java:appendEntriesAsync(1575)) - s1@group-BCC0B035F111: appendEntries* reply s2<-s1#222:FAIL-t2,INCONSISTENCY,nextIndex=83,followerCommit=81,matchIndex=-1
2024-05-03 18:50:22,400 [s2@group-BCC0B035F111-StateMachineUpdater] TRACE util.FileUtils (LogUtils.java:runAndLog(49)) - Successfully ran Atomic Files.move /home/runner/work/ratis/ratis/ratis-test/target/test/data/14253bed/MiniRaftClusterWithSimulatedRpce720d009/s2/44884d0e-a76d-4898-8f45-bcc0b035f111/current/raft-meta.conf.tmp to /home/runner/work/ratis/ratis/ratis-test/target/test/data/14253bed/MiniRaftClusterWithSimulatedRpce720d009/s2/44884d0e-a76d-4898-8f45-bcc0b035f111/current/raft-meta.conf with options [REPLACE_EXISTING]
2024-05-03 18:50:22,400 [s2@group-BCC0B035F111-StateMachineUpdater] INFO  server.RaftServer$Division (LeaderStateImpl.java:checkStartIndex(317)) - Leader s2@group-BCC0B035F111-LeaderStateImpl is ready since appliedIndex == startIndex == 83
2024-05-03 18:50:22,401 [HandlerDaemon-0] DEBUG server.RaftServer$Division (RaftServerImpl.java:logAppendEntries(1505)) - s0@group-BCC0B035F111: appendEntries* s2->s0#221-t2,previous=(t:1, i:82),leaderCommit=81,initializing? false,entries: size=1, first=(t:2, i:83), CONFIGURATIONENTRY(current:id:"s0"address:"localhost:15000"dataStreamAddress:"localhost:15003"clientAddress:"localhost:15002"adminAddress:"localhost:15001"startupRole:FOLLOWER, id:"s1"address:"localhost:15004"dataStreamAddress:"localhost:15007"clientAddress:"localhost:15006"adminAddress:"localhost:15005"startupRole:FOLLOWER, id:"s2"address:"localhost:15008"dataStreamAddress:"localhost:15011"clientAddress:"localhost:15010"adminAddress:"localhost:15009"startupRole:FOLLOWER, old:)
2024-05-03 18:50:22,401 [HandlerDaemon-0] INFO  server.RaftServer$Division (ServerState.java:setRaftConf(386)) - s0@group-BCC0B035F111: set configuration conf: {index: 83, cur=peers:[s0|localhost:15000, s1|localhost:15004, s2|localhost:15008]|listeners:[], old=null}
2024-05-03 18:50:22,402 [HandlerDaemon-0] INFO  segmented.SegmentedRaftLogWorker (SegmentedRaftLogWorker.java:rollLogSegment(438)) - s0@group-BCC0B035F111-SegmentedRaftLogWorker: Rolling segment log-0_82 to index:82
2024-05-03 18:50:22,402 [s0@group-BCC0B035F111-SegmentedRaftLogWorker] TRACE util.FileUtils (LogUtils.java:runAndLog(49)) - Successfully ran Atomic Files.move /home/runner/work/ratis/ratis/ratis-test/target/test/data/14253bed/MiniRaftClusterWithSimulatedRpce720d009/s0/44884d0e-a76d-4898-8f45-bcc0b035f111/current/log_inprogress_0 to /home/runner/work/ratis/ratis/ratis-test/target/test/data/14253bed/MiniRaftClusterWithSimulatedRpce720d009/s0/44884d0e-a76d-4898-8f45-bcc0b035f111/current/log_0-82
2024-05-03 18:50:22,403 [s0@group-BCC0B035F111-SegmentedRaftLogWorker] INFO  segmented.SegmentedRaftLogWorker (SegmentedRaftLogWorker.java:execute(598)) - s0@group-BCC0B035F111-SegmentedRaftLogWorker: Rolled log segment from /home/runner/work/ratis/ratis/ratis-test/target/test/data/14253bed/MiniRaftClusterWithSimulatedRpce720d009/s0/44884d0e-a76d-4898-8f45-bcc0b035f111/current/log_inprogress_0 to /home/runner/work/ratis/ratis/ratis-test/target/test/data/14253bed/MiniRaftClusterWithSimulatedRpce720d009/s0/44884d0e-a76d-4898-8f45-bcc0b035f111/current/log_0-82
2024-05-03 18:50:22,403 [s0@group-BCC0B035F111-SegmentedRaftLogWorker] INFO  segmented.BufferedWriteChannel (BufferedWriteChannel.java:open(61)) - open log_inprogress_83 at position 0
2024-05-03 18:50:22,409 [s0@group-BCC0B035F111-SegmentedRaftLogWorker] INFO  segmented.SegmentedRaftLogWorker (SegmentedRaftLogWorker.java:execute(641)) - s0@group-BCC0B035F111-SegmentedRaftLogWorker: created new log segment /home/runner/work/ratis/ratis/ratis-test/target/test/data/14253bed/MiniRaftClusterWithSimulatedRpce720d009/s0/44884d0e-a76d-4898-8f45-bcc0b035f111/current/log_inprogress_83
2024-05-03 18:50:22,410 [s0-server-thread1] DEBUG server.RaftServer$Division (RaftServerImpl.java:logAppendEntries(1505)) - s0@group-BCC0B035F111: appendEntries* reply s2<-s0#221:OK-t2,SUCCESS,nextIndex=84,followerCommit=81,matchIndex=83
2024-05-03 18:50:22,417 [s2@group-BCC0B035F111->s1-LogAppenderDefault-LogAppenderDaemon] INFO  leader.FollowerInfo (FollowerInfoImpl.java:info(70)) - s2@group-BCC0B035F111->s1: decreaseNextIndex nextIndex: updateUnconditionally 84 -> 83
2024-05-03 18:50:22,418 [HandlerDaemon-1] DEBUG server.RaftServer$Division (RaftServerImpl.java:logAppendEntries(1505)) - s1@group-BCC0B035F111: appendEntries* s2->s1#223-t2,previous=(t:1, i:82),leaderCommit=83,initializing? false,entries: size=2, first=(t:2, i:83), CONFIGURATIONENTRY(current:id:"s0"address:"localhost:15000"dataStreamAddress:"localhost:15003"clientAddress:"localhost:15002"adminAddress:"localhost:15001"startupRole:FOLLOWER, id:"s1"address:"localhost:15004"dataStreamAddress:"localhost:15007"clientAddress:"localhost:15006"adminAddress:"localhost:15005"startupRole:FOLLOWER, id:"s2"address:"localhost:15008"dataStreamAddress:"localhost:15011"clientAddress:"localhost:15010"adminAddress:"localhost:15009"startupRole:FOLLOWER, old:)
2024-05-03 18:50:22,418 [HandlerDaemon-1] INFO  server.RaftServer$Division (ServerState.java:setRaftConf(386)) - s1@group-BCC0B035F111: set configuration conf: {index: 83, cur=peers:[s0|localhost:15000, s1|localhost:15004, s2|localhost:15008]|listeners:[], old=null}
2024-05-03 18:50:22,420 [HandlerDaemon-1] DEBUG server.RaftServer$Division (RaftServerImpl.java:logAppendEntries(1505)) - s0@group-BCC0B035F111: appendEntries* s2->s0#224-t2,previous=(t:2, i:83),leaderCommit=83,initializing? false,entries: size=1, first=(t:2, i:84), METADATAENTRY(c:83)
2024-05-03 18:50:22,421 [s0-server-thread1] DEBUG server.RaftServer$Division (RaftServerImpl.java:logAppendEntries(1505)) - s0@group-BCC0B035F111: appendEntries* reply s2<-s0#224:OK-t2,SUCCESS,nextIndex=85,followerCommit=83,matchIndex=84
2024-05-03 18:50:22,421 [s0@group-BCC0B035F111-StateMachineUpdater] TRACE util.FileUtils (LogUtils.java:supplyAndLog(69)) - Successfully supplied FileChannel.open /home/runner/work/ratis/ratis/ratis-test/target/test/data/14253bed/MiniRaftClusterWithSimulatedRpce720d009/s0/44884d0e-a76d-4898-8f45-bcc0b035f111/current/raft-meta.conf.tmp with options [CREATE, WRITE]: sun.nio.ch.FileChannelImpl@33c18d4f
2024-05-03 18:50:22,421 [HandlerDaemon-1] INFO  segmented.SegmentedRaftLogWorker (SegmentedRaftLogWorker.java:truncate(450)) - s1@group-BCC0B035F111-SegmentedRaftLogWorker: Truncating segments toTruncate: (0, 83) isOpen? true, length=2263, newEndIndex=82
  toDelete: [], start index 83
2024-05-03 18:50:22,422 [HandlerDaemon-1] INFO  segmented.SegmentedRaftLogWorker (SegmentedRaftLogWorker.java:startLogSegment(433)) - s1@group-BCC0B035F111-SegmentedRaftLogWorker: Starting segment from index:83
2024-05-03 18:50:22,422 [s0@group-BCC0B035F111-StateMachineUpdater] TRACE util.FileUtils (LogUtils.java:runAndLog(49)) - Successfully ran Atomic Files.move /home/runner/work/ratis/ratis/ratis-test/target/test/data/14253bed/MiniRaftClusterWithSimulatedRpce720d009/s0/44884d0e-a76d-4898-8f45-bcc0b035f111/current/raft-meta.conf.tmp to /home/runner/work/ratis/ratis/ratis-test/target/test/data/14253bed/MiniRaftClusterWithSimulatedRpce720d009/s0/44884d0e-a76d-4898-8f45-bcc0b035f111/current/raft-meta.conf with options [REPLACE_EXISTING]
2024-05-03 18:50:22,423 [s1@group-BCC0B035F111-SegmentedRaftLogWorker] TRACE util.FileUtils (LogUtils.java:runAndLog(49)) - Successfully ran FileChannel.truncate /home/runner/work/ratis/ratis/ratis-test/target/test/data/14253bed/MiniRaftClusterWithSimulatedRpce720d009/s1/44884d0e-a76d-4898-8f45-bcc0b035f111/current/log_inprogress_0 length: 2300 -> 2263
2024-05-03 18:50:22,423 [s1@group-BCC0B035F111-SegmentedRaftLogWorker] TRACE util.FileUtils (LogUtils.java:runAndLog(49)) - Successfully ran Atomic Files.move /home/runner/work/ratis/ratis/ratis-test/target/test/data/14253bed/MiniRaftClusterWithSimulatedRpce720d009/s1/44884d0e-a76d-4898-8f45-bcc0b035f111/current/log_inprogress_0 to /home/runner/work/ratis/ratis/ratis-test/target/test/data/14253bed/MiniRaftClusterWithSimulatedRpce720d009/s1/44884d0e-a76d-4898-8f45-bcc0b035f111/current/log_0-82
2024-05-03 18:50:22,423 [s1@group-BCC0B035F111-SegmentedRaftLogWorker] INFO  segmented.SegmentedRaftLogWorker (SegmentedRaftLogWorker.java:execute(696)) - s1@group-BCC0B035F111-SegmentedRaftLogWorker: Truncated log file /home/runner/work/ratis/ratis/ratis-test/target/test/data/14253bed/MiniRaftClusterWithSimulatedRpce720d009/s1/44884d0e-a76d-4898-8f45-bcc0b035f111/current/log_inprogress_0 to length 2263 and moved it to /home/runner/work/ratis/ratis/ratis-test/target/test/data/14253bed/MiniRaftClusterWithSimulatedRpce720d009/s1/44884d0e-a76d-4898-8f45-bcc0b035f111/current/log_0-82
2024-05-03 18:50:22,423 [s1@group-BCC0B035F111-SegmentedRaftLogWorker] INFO  segmented.SegmentedRaftLogWorker (SegmentedRaftLogWorker.java:lambda$new$0(135)) - s1@group-BCC0B035F111-SegmentedRaftLogWorker: flushIndex: setUnconditionally 83 -> 82
2024-05-03 18:50:22,423 [s1@group-BCC0B035F111-SegmentedRaftLogWorker] INFO  segmented.SegmentedRaftLogWorker (SegmentedRaftLogWorker.java:lambda$new$0(135)) - s1@group-BCC0B035F111-SegmentedRaftLogWorker: safeCacheEvictIndex: setUnconditionally -1 -> 82
2024-05-03 18:50:22,423 [s1@group-BCC0B035F111-SegmentedRaftLogWorker] INFO  segmented.BufferedWriteChannel (BufferedWriteChannel.java:open(61)) - open log_inprogress_83 at position 0
2024-05-03 18:50:22,432 [s1@group-BCC0B035F111-SegmentedRaftLogWorker] INFO  segmented.SegmentedRaftLogWorker (SegmentedRaftLogWorker.java:execute(641)) - s1@group-BCC0B035F111-SegmentedRaftLogWorker: created new log segment /home/runner/work/ratis/ratis/ratis-test/target/test/data/14253bed/MiniRaftClusterWithSimulatedRpce720d009/s1/44884d0e-a76d-4898-8f45-bcc0b035f111/current/log_inprogress_83
2024-05-03 18:50:22,432 [s1-server-thread1] DEBUG server.RaftServer$Division (RaftServerImpl.java:logAppendEntries(1505)) - s1@group-BCC0B035F111: appendEntries* reply s2<-s1#223:OK-t2,SUCCESS,nextIndex=85,followerCommit=83,matchIndex=84
2024-05-03 18:50:22,432 [s1@group-BCC0B035F111-StateMachineUpdater] TRACE util.FileUtils (LogUtils.java:supplyAndLog(69)) - Successfully supplied FileChannel.open /home/runner/work/ratis/ratis/ratis-test/target/test/data/14253bed/MiniRaftClusterWithSimulatedRpce720d009/s1/44884d0e-a76d-4898-8f45-bcc0b035f111/current/raft-meta.conf.tmp with options [CREATE, WRITE]: sun.nio.ch.FileChannelImpl@7fab63d3
2024-05-03 18:50:22,434 [s1@group-BCC0B035F111-StateMachineUpdater] TRACE util.FileUtils (LogUtils.java:runAndLog(49)) - Successfully ran Atomic Files.move /home/runner/work/ratis/ratis/ratis-test/target/test/data/14253bed/MiniRaftClusterWithSimulatedRpce720d009/s1/44884d0e-a76d-4898-8f45-bcc0b035f111/current/raft-meta.conf.tmp to /home/runner/work/ratis/ratis/ratis-test/target/test/data/14253bed/MiniRaftClusterWithSimulatedRpce720d009/s1/44884d0e-a76d-4898-8f45-bcc0b035f111/current/raft-meta.conf with options [REPLACE_EXISTING]
2024-05-03 18:50:22,441 [main] DEBUG client.RaftClient (RaftClientImpl.java:get(158)) - client-CA0EFDF6E02E: get 216 returns [211]
2024-05-03 18:50:22,441 [main] DEBUG client.RaftClient (RaftClientImpl.java:newRequest(95)) - attempt #9, newRequest RaftClientRequest:client-CA0EFDF6E02E->s1@group-BCC0B035F111, cid=216, seq=null, RW, m41
2024-05-03 18:50:22,441 [s1-client-thread1] DEBUG server.RaftServer$Division (RaftServerImpl.java:submitClientRequestAsync(889)) - s1@group-BCC0B035F111: receive client request(RaftClientRequest:client-CA0EFDF6E02E->s1@group-BCC0B035F111, cid=216, seq=null, RW, m41)
2024-05-03 18:50:22,453 [main] DEBUG client.RaftClient (RaftClientImpl.java:handleIOException(418)) - client-CA0EFDF6E02E: suggested new leader: s2. Failed RaftClientRequest:client-CA0EFDF6E02E->s1@group-BCC0B035F111, cid=216, seq=null, RW, m41
org.apache.ratis.protocol.exceptions.NotLeaderException: Server s1@group-BCC0B035F111 is not the leader s2|localhost:15008
	at org.apache.ratis.server.impl.RaftServerImpl.generateNotLeaderException(RaftServerImpl.java:766)
	at org.apache.ratis.server.impl.RaftServerImpl.checkLeaderState(RaftServerImpl.java:731)
	at org.apache.ratis.server.impl.RaftServerImpl.checkLeaderState(RaftServerImpl.java:717)
	at org.apache.ratis.server.impl.RaftServerImpl.writeAsync(RaftServerImpl.java:938)
	at org.apache.ratis.server.impl.RaftServerImpl.replyFuture(RaftServerImpl.java:930)
	at org.apache.ratis.server.impl.RaftServerImpl.submitClientRequestAsync(RaftServerImpl.java:903)
	at org.apache.ratis.server.impl.RaftServerImpl.lambda$executeSubmitClientRequestAsync$12(RaftServerImpl.java:882)
	at java.util.concurrent.CompletableFuture$AsyncSupply.run(CompletableFuture.java:1604)
	at java.util.concurrent.ThreadPoolExecutor.runWorker(ThreadPoolExecutor.java:1149)
	at java.util.concurrent.ThreadPoolExecutor$Worker.run(ThreadPoolExecutor.java:624)
	at java.lang.Thread.run(Thread.java:750)
2024-05-03 18:50:22,453 [main] DEBUG client.RaftClient (RaftClientImpl.java:handleIOException(436)) - client-CA0EFDF6E02E: oldLeader=s1,  curLeader=s1, newLeader=s2
2024-05-03 18:50:22,453 [main] DEBUG client.RaftClient (RaftClientImpl.java:handleIOException(442)) - client-CA0EFDF6E02E changes Leader from s1 to s2 for group-BCC0B035F111
org.apache.ratis.protocol.exceptions.NotLeaderException: Server s1@group-BCC0B035F111 is not the leader s2|localhost:15008
	at org.apache.ratis.server.impl.RaftServerImpl.generateNotLeaderException(RaftServerImpl.java:766)
	at org.apache.ratis.server.impl.RaftServerImpl.checkLeaderState(RaftServerImpl.java:731)
	at org.apache.ratis.server.impl.RaftServerImpl.checkLeaderState(RaftServerImpl.java:717)
	at org.apache.ratis.server.impl.RaftServerImpl.writeAsync(RaftServerImpl.java:938)
	at org.apache.ratis.server.impl.RaftServerImpl.replyFuture(RaftServerImpl.java:930)
	at org.apache.ratis.server.impl.RaftServerImpl.submitClientRequestAsync(RaftServerImpl.java:903)
	at org.apache.ratis.server.impl.RaftServerImpl.lambda$executeSubmitClientRequestAsync$12(RaftServerImpl.java:882)
	at java.util.concurrent.CompletableFuture$AsyncSupply.run(CompletableFuture.java:1604)
	at java.util.concurrent.ThreadPoolExecutor.runWorker(ThreadPoolExecutor.java:1149)
	at java.util.concurrent.ThreadPoolExecutor$Worker.run(ThreadPoolExecutor.java:624)
	at java.lang.Thread.run(Thread.java:750)
2024-05-03 18:50:22,553 [main] DEBUG client.RaftClient (RaftClientImpl.java:get(158)) - client-CA0EFDF6E02E: get 216 returns [211]
2024-05-03 18:50:22,554 [main] DEBUG client.RaftClient (RaftClientImpl.java:newRequest(95)) - attempt #10, newRequest RaftClientRequest:client-CA0EFDF6E02E->s2@group-BCC0B035F111, cid=216, seq=null, RW, m41
2024-05-03 18:50:22,554 [s2-client-thread1] DEBUG server.RaftServer$Division (RaftServerImpl.java:submitClientRequestAsync(889)) - s2@group-BCC0B035F111: receive client request(RaftClientRequest:client-CA0EFDF6E02E->s2@group-BCC0B035F111, cid=216, seq=null, RW, m41)
2024-05-03 18:50:22,555 [s2-client-thread1] DEBUG server.RaftServer$Division (LeaderStateImpl.java:addPendingRequest(530)) - s2@group-BCC0B035F111-LeaderStateImpl: addPendingRequest at RaftClientRequest:client-CA0EFDF6E02E->s2@group-BCC0B035F111, cid=216, seq=null, RW, m41, entry=(t:2, i:85), STATEMACHINELOGENTRY, WRITE: logData.size=3, stateMachineData.size=0, logEntryProtoSerializedSize=0
2024-05-03 18:50:22,555 [HandlerDaemon-0] DEBUG server.RaftServer$Division (RaftServerImpl.java:logAppendEntries(1505)) - s1@group-BCC0B035F111: appendEntries* s2->s1#229-t2,previous=(t:2, i:84),leaderCommit=84,initializing? false,entries: size=1, first=(t:2, i:85), STATEMACHINELOGENTRY, StateMachineLogEntryProto:216@client-CA0EFDF6E02E
2024-05-03 18:50:22,555 [HandlerDaemon-0] DEBUG server.RaftServer$Division (RaftServerImpl.java:logAppendEntries(1505)) - s0@group-BCC0B035F111: appendEntries* s2->s0#230-t2,previous=(t:2, i:84),leaderCommit=84,initializing? false,entries: size=1, first=(t:2, i:85), STATEMACHINELOGENTRY, StateMachineLogEntryProto:216@client-CA0EFDF6E02E
2024-05-03 18:50:22,556 [s1-server-thread1] DEBUG server.RaftServer$Division (RaftServerImpl.java:logAppendEntries(1505)) - s1@group-BCC0B035F111: appendEntries* reply s2<-s1#229:OK-t2,SUCCESS,nextIndex=86,followerCommit=84,matchIndex=85
2024-05-03 18:50:22,556 [s0-server-thread1] DEBUG server.RaftServer$Division (RaftServerImpl.java:logAppendEntries(1505)) - s0@group-BCC0B035F111: appendEntries* reply s2<-s0#230:OK-t2,SUCCESS,nextIndex=86,followerCommit=84,matchIndex=85
2024-05-03 18:50:22,571 [HandlerDaemon-1] DEBUG server.RaftServer$Division (RaftServerImpl.java:logAppendEntries(1505)) - s1@group-BCC0B035F111: appendEntries* s2->s1#231-t2,previous=(t:2, i:85),leaderCommit=85,initializing? false,entries: size=1, first=(t:2, i:86), METADATAENTRY(c:85)
2024-05-03 18:50:22,572 [HandlerDaemon-1] DEBUG server.RaftServer$Division (RaftServerImpl.java:logAppendEntries(1505)) - s0@group-BCC0B035F111: appendEntries* s2->s0#232-t2,previous=(t:2, i:85),leaderCommit=85,initializing? false,entries: size=1, first=(t:2, i:86), METADATAENTRY(c:85)
2024-05-03 18:50:22,572 [s0-server-thread1] DEBUG server.RaftServer$Division (RaftServerImpl.java:logAppendEntries(1505)) - s0@group-BCC0B035F111: appendEntries* reply s2<-s0#232:OK-t2,SUCCESS,nextIndex=87,followerCommit=85,matchIndex=86
2024-05-03 18:50:22,573 [s1-server-thread1] DEBUG server.RaftServer$Division (RaftServerImpl.java:logAppendEntries(1505)) - s1@group-BCC0B035F111: appendEntries* reply s2<-s1#231:OK-t2,SUCCESS,nextIndex=87,followerCommit=85,matchIndex=86
2024-05-03 18:50:22,574 [s1@group-BCC0B035F111-StateMachineUpdater] ERROR impl.StateMachineUpdater (StateMachineUpdater.java:run(206)) - s1@group-BCC0B035F111-StateMachineUpdater caught a Throwable.
org.opentest4j.AssertionFailedError: expected: not <null>
	at org.junit.jupiter.api.AssertionFailureBuilder.build(AssertionFailureBuilder.java:152)
	at org.junit.jupiter.api.AssertionFailureBuilder.buildAndThrow(AssertionFailureBuilder.java:132)
	at org.junit.jupiter.api.AssertNotNull.failNull(AssertNotNull.java:49)
	at org.junit.jupiter.api.AssertNotNull.assertNotNull(AssertNotNull.java:35)
	at org.junit.jupiter.api.AssertNotNull.assertNotNull(AssertNotNull.java:30)
	at org.junit.jupiter.api.Assertions.assertNotNull(Assertions.java:304)
	at org.apache.ratis.statemachine.TestStateMachine$SMTransactionContext.applyTransaction(TestStateMachine.java:98)
	at org.apache.ratis.server.impl.RaftServerImpl.applyLogToStateMachine(RaftServerImpl.java:1829)
	at org.apache.ratis.server.impl.StateMachineUpdater.applyLog(StateMachineUpdater.java:259)
	at org.apache.ratis.server.impl.StateMachineUpdater.run(StateMachineUpdater.java:193)
	at java.lang.Thread.run(Thread.java:750)
2024-05-03 18:50:22,575 [s1@group-BCC0B035F111-StateMachineUpdater] INFO  server.RaftServer$Division (RaftServerImpl.java:lambda$close$1(501)) - s1@group-BCC0B035F111: shutdown
2024-05-03 18:50:22,575 [s1@group-BCC0B035F111-StateMachineUpdater] INFO  util.JmxRegister (JmxRegister.java:unregister(74)) - Successfully un-registered JMX Bean with object name Ratis:service=RaftServer,group=group-BCC0B035F111,id=s1
2024-05-03 18:50:22,575 [s1@group-BCC0B035F111-StateMachineUpdater] INFO  impl.RoleInfo (RoleInfo.java:shutdownFollowerState(119)) - s1: shutdown s1@group-BCC0B035F111-FollowerState
2024-05-03 18:50:22,575 [s1@group-BCC0B035F111-StateMachineUpdater] INFO  impl.StateMachineUpdater (StateMachineUpdater.java:stop(141)) - s1@group-BCC0B035F111-StateMachineUpdater: closing SMTransactionContext, lastApplied=(t:2, i:84)
2024-05-03 18:50:22,575 [s1@group-BCC0B035F111-FollowerState] INFO  impl.FollowerState (FollowerState.java:run(153)) - s1@group-BCC0B035F111-FollowerState was interrupted
2024-05-03 18:50:22,576 [s1@group-BCC0B035F111-cacheEviction-AwaitToRun] INFO  util.AwaitToRun (AwaitToRun.java:run(49)) - s1@group-BCC0B035F111-cacheEviction-AwaitToRun-AwaitForSignal is interrupted
2024-05-03 18:50:22,586 [main] DEBUG client.RaftClient (RaftClientImpl.java:add(146)) - client-CA0EFDF6E02E: add replied callId 216
2024-05-03 18:50:22,586 [main] DEBUG client.RaftClient (RaftClientImpl.java:get(158)) - client-CA0EFDF6E02E: get 233 returns [216]
2024-05-03 18:50:22,586 [main] DEBUG client.RaftClient (RaftClientImpl.java:newRequest(95)) - attempt #1, newRequest RaftClientRequest:client-CA0EFDF6E02E->s2@group-BCC0B035F111, cid=233, seq=null, RW, m42
2024-05-03 18:50:22,587 [s2-client-thread1] DEBUG server.RaftServer$Division (RaftServerImpl.java:submitClientRequestAsync(889)) - s2@group-BCC0B035F111: receive client request(RaftClientRequest:client-CA0EFDF6E02E->s2@group-BCC0B035F111, cid=233, seq=null, RW, m42)
2024-05-03 18:50:22,587 [s2-client-thread1] DEBUG server.RaftServer$Division (LeaderStateImpl.java:addPendingRequest(530)) - s2@group-BCC0B035F111-LeaderStateImpl: addPendingRequest at RaftClientRequest:client-CA0EFDF6E02E->s2@group-BCC0B035F111, cid=233, seq=null, RW, m42, entry=(t:2, i:87), STATEMACHINELOGENTRY, WRITE: logData.size=3, stateMachineData.size=0, logEntryProtoSerializedSize=0
2024-05-03 18:50:22,587 [HandlerDaemon-2] DEBUG server.RaftServer$Division (RaftServerImpl.java:logAppendEntries(1505)) - s0@group-BCC0B035F111: appendEntries* s2->s0#234-t2,previous=(t:2, i:86),leaderCommit=86,initializing? false,entries: size=1, first=(t:2, i:87), STATEMACHINELOGENTRY, StateMachineLogEntryProto:233@client-CA0EFDF6E02E
2024-05-03 18:50:22,588 [s0-server-thread1] DEBUG server.RaftServer$Division (RaftServerImpl.java:logAppendEntries(1505)) - s0@group-BCC0B035F111: appendEntries* reply s2<-s0#234:OK-t2,SUCCESS,nextIndex=88,followerCommit=86,matchIndex=87
2024-05-03 18:50:22,593 [HandlerDaemon-2] ERROR server.RaftServer$Division (RaftServerImpl.java:appendEntriesAsync(1474)) - s1@group-BCC0B035F111: Failed appendEntries* s2->s1#235-t2,previous=(t:2, i:86),leaderCommit=86,initializing? false,entries: size=1, first=(t:2, i:87), STATEMACHINELOGENTRY, StateMachineLogEntryProto:233@client-CA0EFDF6E02E
org.apache.ratis.protocol.exceptions.ServerNotReadyException: s1@group-BCC0B035F111 is not in [STARTING, RUNNING]: current state is CLOSING
	at org.apache.ratis.server.impl.RaftServerImpl.lambda$assertLifeCycleState$7(RaftServerImpl.java:771)
	at org.apache.ratis.util.LifeCycle.assertCurrentState(LifeCycle.java:260)
	at org.apache.ratis.server.impl.RaftServerImpl.assertLifeCycleState(RaftServerImpl.java:770)
	at org.apache.ratis.server.impl.RaftServerImpl.appendEntriesAsync(RaftServerImpl.java:1465)
	at org.apache.ratis.server.impl.RaftServerImpl.appendEntries(RaftServerImpl.java:1447)
	at org.apache.ratis.server.impl.RaftServerProxy.appendEntries(RaftServerProxy.java:669)
	at org.apache.ratis.server.simulation.SimulatedServerRpc$1.handleRequest(SimulatedServerRpc.java:163)
	at org.apache.ratis.server.simulation.SimulatedServerRpc$1.handleRequest(SimulatedServerRpc.java:153)
	at org.apache.ratis.server.simulation.RequestHandler.handleRequest(RequestHandler.java:91)
	at org.apache.ratis.server.simulation.RequestHandler$HandlerDaemon.run(RequestHandler.java:125)
2024-05-03 18:50:22,600 [HandlerDaemon-0] DEBUG server.RaftServer$Division (RaftServerImpl.java:logAppendEntries(1505)) - s0@group-BCC0B035F111: appendEntries* s2->s0#236-t2,previous=(t:2, i:87),leaderCommit=87,initializing? false,entries: size=1, first=(t:2, i:88), METADATAENTRY(c:87)
2024-05-03 18:50:22,600 [s0-server-thread1] DEBUG server.RaftServer$Division (RaftServerImpl.java:logAppendEntries(1505)) - s0@group-BCC0B035F111: appendEntries* reply s2<-s0#236:OK-t2,SUCCESS,nextIndex=89,followerCommit=87,matchIndex=88
2024-05-03 18:50:22,605 [s2@group-BCC0B035F111->s1-LogAppenderDefault-LogAppenderDaemon] WARN  leader.LogAppender (LogAppenderDefault.java:sendAppendEntriesWithRetries(89)) - s2@group-BCC0B035F111->s1-LogAppenderDefault: Failed to appendEntries (retry=1)
org.apache.ratis.protocol.exceptions.ServerNotReadyException: s1@group-BCC0B035F111 is not in [STARTING, RUNNING]: current state is CLOSING
	at org.apache.ratis.server.impl.RaftServerImpl.lambda$assertLifeCycleState$7(RaftServerImpl.java:771)
	at org.apache.ratis.util.LifeCycle.assertCurrentState(LifeCycle.java:260)
	at org.apache.ratis.server.impl.RaftServerImpl.assertLifeCycleState(RaftServerImpl.java:770)
	at org.apache.ratis.server.impl.RaftServerImpl.appendEntriesAsync(RaftServerImpl.java:1465)
	at org.apache.ratis.server.impl.RaftServerImpl.appendEntries(RaftServerImpl.java:1447)
	at org.apache.ratis.server.impl.RaftServerProxy.appendEntries(RaftServerProxy.java:669)
	at org.apache.ratis.server.simulation.SimulatedServerRpc$1.handleRequest(SimulatedServerRpc.java:163)
	at org.apache.ratis.server.simulation.SimulatedServerRpc$1.handleRequest(SimulatedServerRpc.java:153)
	at org.apache.ratis.server.simulation.RequestHandler.handleRequest(RequestHandler.java:91)
	at org.apache.ratis.server.simulation.RequestHandler$HandlerDaemon.run(RequestHandler.java:125)
2024-05-03 18:50:22,612 [main] DEBUG client.RaftClient (RaftClientImpl.java:add(146)) - client-CA0EFDF6E02E: add replied callId 233
2024-05-03 18:50:22,612 [main] DEBUG client.RaftClient (RaftClientImpl.java:get(158)) - client-CA0EFDF6E02E: get 237 returns [233]
2024-05-03 18:50:22,612 [main] DEBUG client.RaftClient (RaftClientImpl.java:newRequest(95)) - attempt #1, newRequest RaftClientRequest:client-CA0EFDF6E02E->s2@group-BCC0B035F111, cid=237, seq=null, RW, m43
2024-05-03 18:50:22,613 [s2-client-thread1] DEBUG server.RaftServer$Division (RaftServerImpl.java:submitClientRequestAsync(889)) - s2@group-BCC0B035F111: receive client request(RaftClientRequest:client-CA0EFDF6E02E->s2@group-BCC0B035F111, cid=237, seq=null, RW, m43)
2024-05-03 18:50:22,613 [s2-client-thread1] DEBUG server.RaftServer$Division (LeaderStateImpl.java:addPendingRequest(530)) - s2@group-BCC0B035F111-LeaderStateImpl: addPendingRequest at RaftClientRequest:client-CA0EFDF6E02E->s2@group-BCC0B035F111, cid=237, seq=null, RW, m43, entry=(t:2, i:89), STATEMACHINELOGENTRY, WRITE: logData.size=3, stateMachineData.size=0, logEntryProtoSerializedSize=0
2024-05-03 18:50:22,613 [HandlerDaemon-1] DEBUG server.RaftServer$Division (RaftServerImpl.java:logAppendEntries(1505)) - s0@group-BCC0B035F111: appendEntries* s2->s0#238-t2,previous=(t:2, i:88),leaderCommit=88,initializing? false,entries: size=1, first=(t:2, i:89), STATEMACHINELOGENTRY, StateMachineLogEntryProto:237@client-CA0EFDF6E02E
2024-05-03 18:50:22,614 [s0-server-thread1] DEBUG server.RaftServer$Division (RaftServerImpl.java:logAppendEntries(1505)) - s0@group-BCC0B035F111: appendEntries* reply s2<-s0#238:OK-t2,SUCCESS,nextIndex=90,followerCommit=88,matchIndex=89
2024-05-03 18:50:22,625 [HandlerDaemon-2] DEBUG server.RaftServer$Division (RaftServerImpl.java:logAppendEntries(1505)) - s0@group-BCC0B035F111: appendEntries* s2->s0#239-t2,previous=(t:2, i:89),leaderCommit=89,initializing? false,entries: size=1, first=(t:2, i:90), METADATAENTRY(c:89)
2024-05-03 18:50:22,626 [s0-server-thread1] DEBUG server.RaftServer$Division (RaftServerImpl.java:logAppendEntries(1505)) - s0@group-BCC0B035F111: appendEntries* reply s2<-s0#239:OK-t2,SUCCESS,nextIndex=91,followerCommit=89,matchIndex=90
2024-05-03 18:50:22,630 [HandlerDaemon-0] ERROR server.RaftServer$Division (RaftServerImpl.java:appendEntriesAsync(1474)) - s1@group-BCC0B035F111: Failed appendEntries* s2->s1#235-t2,previous=(t:2, i:86),leaderCommit=86,initializing? false,entries: size=1, first=(t:2, i:87), STATEMACHINELOGENTRY, StateMachineLogEntryProto:233@client-CA0EFDF6E02E
org.apache.ratis.protocol.exceptions.ServerNotReadyException: s1@group-BCC0B035F111 is not in [STARTING, RUNNING]: current state is CLOSING
	at org.apache.ratis.server.impl.RaftServerImpl.lambda$assertLifeCycleState$7(RaftServerImpl.java:771)
	at org.apache.ratis.util.LifeCycle.assertCurrentState(LifeCycle.java:260)
	at org.apache.ratis.server.impl.RaftServerImpl.assertLifeCycleState(RaftServerImpl.java:770)
	at org.apache.ratis.server.impl.RaftServerImpl.appendEntriesAsync(RaftServerImpl.java:1465)
	at org.apache.ratis.server.impl.RaftServerImpl.appendEntries(RaftServerImpl.java:1447)
	at org.apache.ratis.server.impl.RaftServerProxy.appendEntries(RaftServerProxy.java:669)
	at org.apache.ratis.server.simulation.SimulatedServerRpc$1.handleRequest(SimulatedServerRpc.java:163)
	at org.apache.ratis.server.simulation.SimulatedServerRpc$1.handleRequest(SimulatedServerRpc.java:153)
	at org.apache.ratis.server.simulation.RequestHandler.handleRequest(RequestHandler.java:91)
	at org.apache.ratis.server.simulation.RequestHandler$HandlerDaemon.run(RequestHandler.java:125)
2024-05-03 18:50:22,640 [main] DEBUG client.RaftClient (RaftClientImpl.java:add(146)) - client-CA0EFDF6E02E: add replied callId 237
2024-05-03 18:50:22,640 [main] DEBUG client.RaftClient (RaftClientImpl.java:get(158)) - client-CA0EFDF6E02E: get 240 returns [237]
2024-05-03 18:50:22,641 [main] DEBUG client.RaftClient (RaftClientImpl.java:newRequest(95)) - attempt #1, newRequest RaftClientRequest:client-CA0EFDF6E02E->s2@group-BCC0B035F111, cid=240, seq=null, RW, m44
2024-05-03 18:50:22,641 [s2-client-thread1] DEBUG server.RaftServer$Division (RaftServerImpl.java:submitClientRequestAsync(889)) - s2@group-BCC0B035F111: receive client request(RaftClientRequest:client-CA0EFDF6E02E->s2@group-BCC0B035F111, cid=240, seq=null, RW, m44)
2024-05-03 18:50:22,641 [s2-client-thread1] DEBUG server.RaftServer$Division (LeaderStateImpl.java:addPendingRequest(530)) - s2@group-BCC0B035F111-LeaderStateImpl: addPendingRequest at RaftClientRequest:client-CA0EFDF6E02E->s2@group-BCC0B035F111, cid=240, seq=null, RW, m44, entry=(t:2, i:91), STATEMACHINELOGENTRY, WRITE: logData.size=3, stateMachineData.size=0, logEntryProtoSerializedSize=0
2024-05-03 18:50:22,642 [HandlerDaemon-0] DEBUG server.RaftServer$Division (RaftServerImpl.java:logAppendEntries(1505)) - s0@group-BCC0B035F111: appendEntries* s2->s0#241-t2,previous=(t:2, i:90),leaderCommit=90,initializing? false,entries: size=1, first=(t:2, i:91), STATEMACHINELOGENTRY, StateMachineLogEntryProto:240@client-CA0EFDF6E02E
2024-05-03 18:50:22,643 [s0-server-thread1] DEBUG server.RaftServer$Division (RaftServerImpl.java:logAppendEntries(1505)) - s0@group-BCC0B035F111: appendEntries* reply s2<-s0#241:OK-t2,SUCCESS,nextIndex=92,followerCommit=90,matchIndex=91
2024-05-03 18:50:22,659 [HandlerDaemon-1] DEBUG server.RaftServer$Division (RaftServerImpl.java:logAppendEntries(1505)) - s0@group-BCC0B035F111: appendEntries* s2->s0#242-t2,previous=(t:2, i:91),leaderCommit=91,initializing? false,entries: size=1, first=(t:2, i:92), METADATAENTRY(c:91)
2024-05-03 18:50:22,660 [s0-server-thread1] DEBUG server.RaftServer$Division (RaftServerImpl.java:logAppendEntries(1505)) - s0@group-BCC0B035F111: appendEntries* reply s2<-s0#242:OK-t2,SUCCESS,nextIndex=93,followerCommit=91,matchIndex=92
2024-05-03 18:50:22,675 [HandlerDaemon-1] ERROR server.RaftServer$Division (RaftServerImpl.java:appendEntriesAsync(1474)) - s1@group-BCC0B035F111: Failed appendEntries* s2->s1#235-t2,previous=(t:2, i:86),leaderCommit=86,initializing? false,entries: size=1, first=(t:2, i:87), STATEMACHINELOGENTRY, StateMachineLogEntryProto:233@client-CA0EFDF6E02E
org.apache.ratis.protocol.exceptions.ServerNotReadyException: s1@group-BCC0B035F111 is not in [STARTING, RUNNING]: current state is CLOSING
	at org.apache.ratis.server.impl.RaftServerImpl.lambda$assertLifeCycleState$7(RaftServerImpl.java:771)
	at org.apache.ratis.util.LifeCycle.assertCurrentState(LifeCycle.java:260)
	at org.apache.ratis.server.impl.RaftServerImpl.assertLifeCycleState(RaftServerImpl.java:770)
	at org.apache.ratis.server.impl.RaftServerImpl.appendEntriesAsync(RaftServerImpl.java:1465)
	at org.apache.ratis.server.impl.RaftServerImpl.appendEntries(RaftServerImpl.java:1447)
	at org.apache.ratis.server.impl.RaftServerProxy.appendEntries(RaftServerProxy.java:669)
	at org.apache.ratis.server.simulation.SimulatedServerRpc$1.handleRequest(SimulatedServerRpc.java:163)
	at org.apache.ratis.server.simulation.SimulatedServerRpc$1.handleRequest(SimulatedServerRpc.java:153)
	at org.apache.ratis.server.simulation.RequestHandler.handleRequest(RequestHandler.java:91)
	at org.apache.ratis.server.simulation.RequestHandler$HandlerDaemon.run(RequestHandler.java:125)
2024-05-03 18:50:22,676 [main] DEBUG client.RaftClient (RaftClientImpl.java:add(146)) - client-CA0EFDF6E02E: add replied callId 240
2024-05-03 18:50:22,676 [main] DEBUG client.RaftClient (RaftClientImpl.java:get(158)) - client-CA0EFDF6E02E: get 243 returns [240]
2024-05-03 18:50:22,677 [main] DEBUG client.RaftClient (RaftClientImpl.java:newRequest(95)) - attempt #1, newRequest RaftClientRequest:client-CA0EFDF6E02E->s2@group-BCC0B035F111, cid=243, seq=null, RW, m45
2024-05-03 18:50:22,677 [s2-client-thread1] DEBUG server.RaftServer$Division (RaftServerImpl.java:submitClientRequestAsync(889)) - s2@group-BCC0B035F111: receive client request(RaftClientRequest:client-CA0EFDF6E02E->s2@group-BCC0B035F111, cid=243, seq=null, RW, m45)
2024-05-03 18:50:22,677 [s2-client-thread1] DEBUG server.RaftServer$Division (LeaderStateImpl.java:addPendingRequest(530)) - s2@group-BCC0B035F111-LeaderStateImpl: addPendingRequest at RaftClientRequest:client-CA0EFDF6E02E->s2@group-BCC0B035F111, cid=243, seq=null, RW, m45, entry=(t:2, i:93), STATEMACHINELOGENTRY, WRITE: logData.size=3, stateMachineData.size=0, logEntryProtoSerializedSize=0
2024-05-03 18:50:22,679 [HandlerDaemon-2] DEBUG server.RaftServer$Division (RaftServerImpl.java:logAppendEntries(1505)) - s0@group-BCC0B035F111: appendEntries* s2->s0#244-t2,previous=(t:2, i:92),leaderCommit=92,initializing? false,entries: size=1, first=(t:2, i:93), STATEMACHINELOGENTRY, StateMachineLogEntryProto:243@client-CA0EFDF6E02E
2024-05-03 18:50:22,680 [s0-server-thread1] DEBUG server.RaftServer$Division (RaftServerImpl.java:logAppendEntries(1505)) - s0@group-BCC0B035F111: appendEntries* reply s2<-s0#244:OK-t2,SUCCESS,nextIndex=94,followerCommit=92,matchIndex=93
2024-05-03 18:50:22,693 [HandlerDaemon-0] DEBUG server.RaftServer$Division (RaftServerImpl.java:logAppendEntries(1505)) - s0@group-BCC0B035F111: appendEntries* s2->s0#245-t2,previous=(t:2, i:93),leaderCommit=93,initializing? false,entries: size=1, first=(t:2, i:94), METADATAENTRY(c:93)
2024-05-03 18:50:22,694 [s0-server-thread1] DEBUG server.RaftServer$Division (RaftServerImpl.java:logAppendEntries(1505)) - s0@group-BCC0B035F111: appendEntries* reply s2<-s0#245:OK-t2,SUCCESS,nextIndex=95,followerCommit=93,matchIndex=94
2024-05-03 18:50:22,707 [main] DEBUG client.RaftClient (RaftClientImpl.java:add(146)) - client-CA0EFDF6E02E: add replied callId 243
2024-05-03 18:50:22,708 [main] DEBUG client.RaftClient (RaftClientImpl.java:get(158)) - client-CA0EFDF6E02E: get 246 returns [243]
2024-05-03 18:50:22,708 [main] DEBUG client.RaftClient (RaftClientImpl.java:newRequest(95)) - attempt #1, newRequest RaftClientRequest:client-CA0EFDF6E02E->s2@group-BCC0B035F111, cid=246, seq=null, RW, m46
2024-05-03 18:50:22,708 [s2-client-thread1] DEBUG server.RaftServer$Division (RaftServerImpl.java:submitClientRequestAsync(889)) - s2@group-BCC0B035F111: receive client request(RaftClientRequest:client-CA0EFDF6E02E->s2@group-BCC0B035F111, cid=246, seq=null, RW, m46)
2024-05-03 18:50:22,708 [s2-client-thread1] DEBUG server.RaftServer$Division (LeaderStateImpl.java:addPendingRequest(530)) - s2@group-BCC0B035F111-LeaderStateImpl: addPendingRequest at RaftClientRequest:client-CA0EFDF6E02E->s2@group-BCC0B035F111, cid=246, seq=null, RW, m46, entry=(t:2, i:95), STATEMACHINELOGENTRY, WRITE: logData.size=3, stateMachineData.size=0, logEntryProtoSerializedSize=0
2024-05-03 18:50:22,711 [HandlerDaemon-1] DEBUG server.RaftServer$Division (RaftServerImpl.java:logAppendEntries(1505)) - s0@group-BCC0B035F111: appendEntries* s2->s0#247-t2,previous=(t:2, i:94),leaderCommit=94,initializing? false,entries: size=1, first=(t:2, i:95), STATEMACHINELOGENTRY, StateMachineLogEntryProto:246@client-CA0EFDF6E02E
2024-05-03 18:50:22,712 [s0-server-thread1] DEBUG server.RaftServer$Division (RaftServerImpl.java:logAppendEntries(1505)) - s0@group-BCC0B035F111: appendEntries* reply s2<-s0#247:OK-t2,SUCCESS,nextIndex=96,followerCommit=94,matchIndex=95
2024-05-03 18:50:22,712 [HandlerDaemon-2] ERROR server.RaftServer$Division (RaftServerImpl.java:appendEntriesAsync(1474)) - s1@group-BCC0B035F111: Failed appendEntries* s2->s1#235-t2,previous=(t:2, i:86),leaderCommit=86,initializing? false,entries: size=1, first=(t:2, i:87), STATEMACHINELOGENTRY, StateMachineLogEntryProto:233@client-CA0EFDF6E02E
org.apache.ratis.protocol.exceptions.ServerNotReadyException: s1@group-BCC0B035F111 is not in [STARTING, RUNNING]: current state is CLOSING
	at org.apache.ratis.server.impl.RaftServerImpl.lambda$assertLifeCycleState$7(RaftServerImpl.java:771)
	at org.apache.ratis.util.LifeCycle.assertCurrentState(LifeCycle.java:260)
	at org.apache.ratis.server.impl.RaftServerImpl.assertLifeCycleState(RaftServerImpl.java:770)
	at org.apache.ratis.server.impl.RaftServerImpl.appendEntriesAsync(RaftServerImpl.java:1465)
	at org.apache.ratis.server.impl.RaftServerImpl.appendEntries(RaftServerImpl.java:1447)
	at org.apache.ratis.server.impl.RaftServerProxy.appendEntries(RaftServerProxy.java:669)
	at org.apache.ratis.server.simulation.SimulatedServerRpc$1.handleRequest(SimulatedServerRpc.java:163)
	at org.apache.ratis.server.simulation.SimulatedServerRpc$1.handleRequest(SimulatedServerRpc.java:153)
	at org.apache.ratis.server.simulation.RequestHandler.handleRequest(RequestHandler.java:91)
	at org.apache.ratis.server.simulation.RequestHandler$HandlerDaemon.run(RequestHandler.java:125)
2024-05-03 18:50:22,730 [HandlerDaemon-2] DEBUG server.RaftServer$Division (RaftServerImpl.java:logAppendEntries(1505)) - s0@group-BCC0B035F111: appendEntries* s2->s0#248-t2,previous=(t:2, i:95),leaderCommit=95,initializing? false,entries: size=1, first=(t:2, i:96), METADATAENTRY(c:95)
2024-05-03 18:50:22,730 [s0-server-thread1] DEBUG server.RaftServer$Division (RaftServerImpl.java:logAppendEntries(1505)) - s0@group-BCC0B035F111: appendEntries* reply s2<-s0#248:OK-t2,SUCCESS,nextIndex=97,followerCommit=95,matchIndex=96
2024-05-03 18:50:22,744 [main] DEBUG client.RaftClient (RaftClientImpl.java:add(146)) - client-CA0EFDF6E02E: add replied callId 246
2024-05-03 18:50:22,745 [main] DEBUG client.RaftClient (RaftClientImpl.java:get(158)) - client-CA0EFDF6E02E: get 249 returns [246]
2024-05-03 18:50:22,745 [main] DEBUG client.RaftClient (RaftClientImpl.java:newRequest(95)) - attempt #1, newRequest RaftClientRequest:client-CA0EFDF6E02E->s2@group-BCC0B035F111, cid=249, seq=null, RW, m47
2024-05-03 18:50:22,745 [s2-client-thread1] DEBUG server.RaftServer$Division (RaftServerImpl.java:submitClientRequestAsync(889)) - s2@group-BCC0B035F111: receive client request(RaftClientRequest:client-CA0EFDF6E02E->s2@group-BCC0B035F111, cid=249, seq=null, RW, m47)
2024-05-03 18:50:22,745 [s2-client-thread1] DEBUG server.RaftServer$Division (LeaderStateImpl.java:addPendingRequest(530)) - s2@group-BCC0B035F111-LeaderStateImpl: addPendingRequest at RaftClientRequest:client-CA0EFDF6E02E->s2@group-BCC0B035F111, cid=249, seq=null, RW, m47, entry=(t:2, i:97), STATEMACHINELOGENTRY, WRITE: logData.size=3, stateMachineData.size=0, logEntryProtoSerializedSize=0
2024-05-03 18:50:22,746 [HandlerDaemon-0] DEBUG server.RaftServer$Division (RaftServerImpl.java:logAppendEntries(1505)) - s0@group-BCC0B035F111: appendEntries* s2->s0#250-t2,previous=(t:2, i:96),leaderCommit=96,initializing? false,entries: size=1, first=(t:2, i:97), STATEMACHINELOGENTRY, StateMachineLogEntryProto:249@client-CA0EFDF6E02E
2024-05-03 18:50:22,746 [s0-server-thread1] DEBUG server.RaftServer$Division (RaftServerImpl.java:logAppendEntries(1505)) - s0@group-BCC0B035F111: appendEntries* reply s2<-s0#250:OK-t2,SUCCESS,nextIndex=98,followerCommit=96,matchIndex=97
2024-05-03 18:50:22,756 [HandlerDaemon-0] ERROR server.RaftServer$Division (RaftServerImpl.java:appendEntriesAsync(1474)) - s1@group-BCC0B035F111: Failed appendEntries* s2->s1#235-t2,previous=(t:2, i:86),leaderCommit=86,initializing? false,entries: size=1, first=(t:2, i:87), STATEMACHINELOGENTRY, StateMachineLogEntryProto:233@client-CA0EFDF6E02E
org.apache.ratis.protocol.exceptions.ServerNotReadyException: s1@group-BCC0B035F111 is not in [STARTING, RUNNING]: current state is CLOSING
	at org.apache.ratis.server.impl.RaftServerImpl.lambda$assertLifeCycleState$7(RaftServerImpl.java:771)
	at org.apache.ratis.util.LifeCycle.assertCurrentState(LifeCycle.java:260)
	at org.apache.ratis.server.impl.RaftServerImpl.assertLifeCycleState(RaftServerImpl.java:770)
	at org.apache.ratis.server.impl.RaftServerImpl.appendEntriesAsync(RaftServerImpl.java:1465)
	at org.apache.ratis.server.impl.RaftServerImpl.appendEntries(RaftServerImpl.java:1447)
	at org.apache.ratis.server.impl.RaftServerProxy.appendEntries(RaftServerProxy.java:669)
	at org.apache.ratis.server.simulation.SimulatedServerRpc$1.handleRequest(SimulatedServerRpc.java:163)
	at org.apache.ratis.server.simulation.SimulatedServerRpc$1.handleRequest(SimulatedServerRpc.java:153)
	at org.apache.ratis.server.simulation.RequestHandler.handleRequest(RequestHandler.java:91)
	at org.apache.ratis.server.simulation.RequestHandler$HandlerDaemon.run(RequestHandler.java:125)
2024-05-03 18:50:22,760 [HandlerDaemon-1] DEBUG server.RaftServer$Division (RaftServerImpl.java:logAppendEntries(1505)) - s0@group-BCC0B035F111: appendEntries* s2->s0#251-t2,previous=(t:2, i:97),leaderCommit=97,initializing? false,entries: size=1, first=(t:2, i:98), METADATAENTRY(c:97)
2024-05-03 18:50:22,760 [s0-server-thread1] DEBUG server.RaftServer$Division (RaftServerImpl.java:logAppendEntries(1505)) - s0@group-BCC0B035F111: appendEntries* reply s2<-s0#251:OK-t2,SUCCESS,nextIndex=99,followerCommit=97,matchIndex=98
2024-05-03 18:50:22,775 [main] DEBUG client.RaftClient (RaftClientImpl.java:add(146)) - client-CA0EFDF6E02E: add replied callId 249
2024-05-03 18:50:22,775 [main] DEBUG client.RaftClient (RaftClientImpl.java:get(158)) - client-CA0EFDF6E02E: get 252 returns [249]
2024-05-03 18:50:22,775 [main] DEBUG client.RaftClient (RaftClientImpl.java:newRequest(95)) - attempt #1, newRequest RaftClientRequest:client-CA0EFDF6E02E->s2@group-BCC0B035F111, cid=252, seq=null, RW, m48
2024-05-03 18:50:22,775 [s2-client-thread1] DEBUG server.RaftServer$Division (RaftServerImpl.java:submitClientRequestAsync(889)) - s2@group-BCC0B035F111: receive client request(RaftClientRequest:client-CA0EFDF6E02E->s2@group-BCC0B035F111, cid=252, seq=null, RW, m48)
2024-05-03 18:50:22,776 [s2-client-thread1] DEBUG server.RaftServer$Division (LeaderStateImpl.java:addPendingRequest(530)) - s2@group-BCC0B035F111-LeaderStateImpl: addPendingRequest at RaftClientRequest:client-CA0EFDF6E02E->s2@group-BCC0B035F111, cid=252, seq=null, RW, m48, entry=(t:2, i:99), STATEMACHINELOGENTRY, WRITE: logData.size=3, stateMachineData.size=0, logEntryProtoSerializedSize=0
2024-05-03 18:50:22,776 [HandlerDaemon-2] DEBUG server.RaftServer$Division (RaftServerImpl.java:logAppendEntries(1505)) - s0@group-BCC0B035F111: appendEntries* s2->s0#253-t2,previous=(t:2, i:98),leaderCommit=98,initializing? false,entries: size=1, first=(t:2, i:99), STATEMACHINELOGENTRY, StateMachineLogEntryProto:252@client-CA0EFDF6E02E
2024-05-03 18:50:22,777 [s0-server-thread1] DEBUG server.RaftServer$Division (RaftServerImpl.java:logAppendEntries(1505)) - s0@group-BCC0B035F111: appendEntries* reply s2<-s0#253:OK-t2,SUCCESS,nextIndex=100,followerCommit=98,matchIndex=99
2024-05-03 18:50:22,791 [HandlerDaemon-0] DEBUG server.RaftServer$Division (RaftServerImpl.java:logAppendEntries(1505)) - s0@group-BCC0B035F111: appendEntries* s2->s0#254-t2,previous=(t:2, i:99),leaderCommit=99,initializing? false,entries: size=1, first=(t:2, i:100), METADATAENTRY(c:99)
2024-05-03 18:50:22,792 [s0-server-thread1] DEBUG server.RaftServer$Division (RaftServerImpl.java:logAppendEntries(1505)) - s0@group-BCC0B035F111: appendEntries* reply s2<-s0#254:OK-t2,SUCCESS,nextIndex=101,followerCommit=99,matchIndex=100
2024-05-03 18:50:22,796 [HandlerDaemon-1] ERROR server.RaftServer$Division (RaftServerImpl.java:appendEntriesAsync(1474)) - s1@group-BCC0B035F111: Failed appendEntries* s2->s1#235-t2,previous=(t:2, i:86),leaderCommit=86,initializing? false,entries: size=1, first=(t:2, i:87), STATEMACHINELOGENTRY, StateMachineLogEntryProto:233@client-CA0EFDF6E02E
org.apache.ratis.protocol.exceptions.ServerNotReadyException: s1@group-BCC0B035F111 is not in [STARTING, RUNNING]: current state is CLOSING
	at org.apache.ratis.server.impl.RaftServerImpl.lambda$assertLifeCycleState$7(RaftServerImpl.java:771)
	at org.apache.ratis.util.LifeCycle.assertCurrentState(LifeCycle.java:260)
	at org.apache.ratis.server.impl.RaftServerImpl.assertLifeCycleState(RaftServerImpl.java:770)
	at org.apache.ratis.server.impl.RaftServerImpl.appendEntriesAsync(RaftServerImpl.java:1465)
	at org.apache.ratis.server.impl.RaftServerImpl.appendEntries(RaftServerImpl.java:1447)
	at org.apache.ratis.server.impl.RaftServerProxy.appendEntries(RaftServerProxy.java:669)
	at org.apache.ratis.server.simulation.SimulatedServerRpc$1.handleRequest(SimulatedServerRpc.java:163)
	at org.apache.ratis.server.simulation.SimulatedServerRpc$1.handleRequest(SimulatedServerRpc.java:153)
	at org.apache.ratis.server.simulation.RequestHandler.handleRequest(RequestHandler.java:91)
	at org.apache.ratis.server.simulation.RequestHandler$HandlerDaemon.run(RequestHandler.java:125)
2024-05-03 18:50:22,801 [main] DEBUG client.RaftClient (RaftClientImpl.java:add(146)) - client-CA0EFDF6E02E: add replied callId 252
2024-05-03 18:50:22,801 [main] DEBUG client.RaftClient (RaftClientImpl.java:get(158)) - client-CA0EFDF6E02E: get 255 returns [252]
2024-05-03 18:50:22,802 [main] DEBUG client.RaftClient (RaftClientImpl.java:newRequest(95)) - attempt #1, newRequest RaftClientRequest:client-CA0EFDF6E02E->s2@group-BCC0B035F111, cid=255, seq=null, RW, m49
2024-05-03 18:50:22,802 [s2-client-thread1] DEBUG server.RaftServer$Division (RaftServerImpl.java:submitClientRequestAsync(889)) - s2@group-BCC0B035F111: receive client request(RaftClientRequest:client-CA0EFDF6E02E->s2@group-BCC0B035F111, cid=255, seq=null, RW, m49)
2024-05-03 18:50:22,802 [s2-client-thread1] DEBUG server.RaftServer$Division (LeaderStateImpl.java:addPendingRequest(530)) - s2@group-BCC0B035F111-LeaderStateImpl: addPendingRequest at RaftClientRequest:client-CA0EFDF6E02E->s2@group-BCC0B035F111, cid=255, seq=null, RW, m49, entry=(t:2, i:101), STATEMACHINELOGENTRY, WRITE: logData.size=3, stateMachineData.size=0, logEntryProtoSerializedSize=0
2024-05-03 18:50:22,810 [HandlerDaemon-1] DEBUG server.RaftServer$Division (RaftServerImpl.java:logAppendEntries(1505)) - s0@group-BCC0B035F111: appendEntries* s2->s0#256-t2,previous=(t:2, i:100),leaderCommit=100,initializing? false,entries: size=1, first=(t:2, i:101), STATEMACHINELOGENTRY, StateMachineLogEntryProto:255@client-CA0EFDF6E02E
2024-05-03 18:50:22,811 [s0-server-thread1] DEBUG server.RaftServer$Division (RaftServerImpl.java:logAppendEntries(1505)) - s0@group-BCC0B035F111: appendEntries* reply s2<-s0#256:OK-t2,SUCCESS,nextIndex=102,followerCommit=100,matchIndex=101
2024-05-03 18:50:22,825 [HandlerDaemon-2] DEBUG server.RaftServer$Division (RaftServerImpl.java:logAppendEntries(1505)) - s0@group-BCC0B035F111: appendEntries* s2->s0#257-t2,previous=(t:2, i:101),leaderCommit=101,initializing? false,entries: size=1, first=(t:2, i:102), METADATAENTRY(c:101)
2024-05-03 18:50:22,825 [s0-server-thread1] DEBUG server.RaftServer$Division (RaftServerImpl.java:logAppendEntries(1505)) - s0@group-BCC0B035F111: appendEntries* reply s2<-s0#257:OK-t2,SUCCESS,nextIndex=103,followerCommit=101,matchIndex=102
2024-05-03 18:50:22,836 [HandlerDaemon-2] ERROR server.RaftServer$Division (RaftServerImpl.java:appendEntriesAsync(1474)) - s1@group-BCC0B035F111: Failed appendEntries* s2->s1#235-t2,previous=(t:2, i:86),leaderCommit=86,initializing? false,entries: size=1, first=(t:2, i:87), STATEMACHINELOGENTRY, StateMachineLogEntryProto:233@client-CA0EFDF6E02E
org.apache.ratis.protocol.exceptions.ServerNotReadyException: s1@group-BCC0B035F111 is not in [STARTING, RUNNING]: current state is CLOSING
	at org.apache.ratis.server.impl.RaftServerImpl.lambda$assertLifeCycleState$7(RaftServerImpl.java:771)
	at org.apache.ratis.util.LifeCycle.assertCurrentState(LifeCycle.java:260)
	at org.apache.ratis.server.impl.RaftServerImpl.assertLifeCycleState(RaftServerImpl.java:770)
	at org.apache.ratis.server.impl.RaftServerImpl.appendEntriesAsync(RaftServerImpl.java:1465)
	at org.apache.ratis.server.impl.RaftServerImpl.appendEntries(RaftServerImpl.java:1447)
	at org.apache.ratis.server.impl.RaftServerProxy.appendEntries(RaftServerProxy.java:669)
	at org.apache.ratis.server.simulation.SimulatedServerRpc$1.handleRequest(SimulatedServerRpc.java:163)
	at org.apache.ratis.server.simulation.SimulatedServerRpc$1.handleRequest(SimulatedServerRpc.java:153)
	at org.apache.ratis.server.simulation.RequestHandler.handleRequest(RequestHandler.java:91)
	at org.apache.ratis.server.simulation.RequestHandler$HandlerDaemon.run(RequestHandler.java:125)
2024-05-03 18:50:22,842 [main] DEBUG client.RaftClient (RaftClientImpl.java:add(146)) - client-CA0EFDF6E02E: add replied callId 255
2024-05-03 18:50:22,842 [main] DEBUG client.RaftClient (RaftClientImpl.java:get(158)) - client-CA0EFDF6E02E: get 258 returns [255]
2024-05-03 18:50:22,842 [main] DEBUG client.RaftClient (RaftClientImpl.java:newRequest(95)) - attempt #1, newRequest RaftClientRequest:client-CA0EFDF6E02E->s2@group-BCC0B035F111, cid=258, seq=null, RW, m50
2024-05-03 18:50:22,842 [s2-client-thread1] DEBUG server.RaftServer$Division (RaftServerImpl.java:submitClientRequestAsync(889)) - s2@group-BCC0B035F111: receive client request(RaftClientRequest:client-CA0EFDF6E02E->s2@group-BCC0B035F111, cid=258, seq=null, RW, m50)
2024-05-03 18:50:22,843 [s2-client-thread1] DEBUG server.RaftServer$Division (LeaderStateImpl.java:addPendingRequest(530)) - s2@group-BCC0B035F111-LeaderStateImpl: addPendingRequest at RaftClientRequest:client-CA0EFDF6E02E->s2@group-BCC0B035F111, cid=258, seq=null, RW, m50, entry=(t:2, i:103), STATEMACHINELOGENTRY, WRITE: logData.size=3, stateMachineData.size=0, logEntryProtoSerializedSize=0
2024-05-03 18:50:22,843 [HandlerDaemon-0] DEBUG server.RaftServer$Division (RaftServerImpl.java:logAppendEntries(1505)) - s0@group-BCC0B035F111: appendEntries* s2->s0#259-t2,previous=(t:2, i:102),leaderCommit=102,initializing? false,entries: size=1, first=(t:2, i:103), STATEMACHINELOGENTRY, StateMachineLogEntryProto:258@client-CA0EFDF6E02E
2024-05-03 18:50:22,843 [s0-server-thread1] DEBUG server.RaftServer$Division (RaftServerImpl.java:logAppendEntries(1505)) - s0@group-BCC0B035F111: appendEntries* reply s2<-s0#259:OK-t2,SUCCESS,nextIndex=104,followerCommit=102,matchIndex=103
2024-05-03 18:50:22,863 [HandlerDaemon-1] DEBUG server.RaftServer$Division (RaftServerImpl.java:logAppendEntries(1505)) - s0@group-BCC0B035F111: appendEntries* s2->s0#260-t2,previous=(t:2, i:103),leaderCommit=103,initializing? false,entries: size=1, first=(t:2, i:104), METADATAENTRY(c:103)
2024-05-03 18:50:22,864 [s0-server-thread1] DEBUG server.RaftServer$Division (RaftServerImpl.java:logAppendEntries(1505)) - s0@group-BCC0B035F111: appendEntries* reply s2<-s0#260:OK-t2,SUCCESS,nextIndex=105,followerCommit=103,matchIndex=104
2024-05-03 18:50:22,879 [HandlerDaemon-0] ERROR server.RaftServer$Division (RaftServerImpl.java:appendEntriesAsync(1474)) - s1@group-BCC0B035F111: Failed appendEntries* s2->s1#235-t2,previous=(t:2, i:86),leaderCommit=86,initializing? false,entries: size=1, first=(t:2, i:87), STATEMACHINELOGENTRY, StateMachineLogEntryProto:233@client-CA0EFDF6E02E
org.apache.ratis.protocol.exceptions.ServerNotReadyException: s1@group-BCC0B035F111 is not in [STARTING, RUNNING]: current state is CLOSING
	at org.apache.ratis.server.impl.RaftServerImpl.lambda$assertLifeCycleState$7(RaftServerImpl.java:771)
	at org.apache.ratis.util.LifeCycle.assertCurrentState(LifeCycle.java:260)
	at org.apache.ratis.server.impl.RaftServerImpl.assertLifeCycleState(RaftServerImpl.java:770)
	at org.apache.ratis.server.impl.RaftServerImpl.appendEntriesAsync(RaftServerImpl.java:1465)
	at org.apache.ratis.server.impl.RaftServerImpl.appendEntries(RaftServerImpl.java:1447)
	at org.apache.ratis.server.impl.RaftServerProxy.appendEntries(RaftServerProxy.java:669)
	at org.apache.ratis.server.simulation.SimulatedServerRpc$1.handleRequest(SimulatedServerRpc.java:163)
	at org.apache.ratis.server.simulation.SimulatedServerRpc$1.handleRequest(SimulatedServerRpc.java:153)
	at org.apache.ratis.server.simulation.RequestHandler.handleRequest(RequestHandler.java:91)
	at org.apache.ratis.server.simulation.RequestHandler$HandlerDaemon.run(RequestHandler.java:125)
2024-05-03 18:50:22,880 [main] DEBUG client.RaftClient (RaftClientImpl.java:add(146)) - client-CA0EFDF6E02E: add replied callId 258
2024-05-03 18:50:22,880 [main] DEBUG client.RaftClient (RaftClientImpl.java:get(158)) - client-CA0EFDF6E02E: get 261 returns [258]
2024-05-03 18:50:22,880 [main] DEBUG client.RaftClient (RaftClientImpl.java:newRequest(95)) - attempt #1, newRequest RaftClientRequest:client-CA0EFDF6E02E->s2@group-BCC0B035F111, cid=261, seq=null, RW, m51
2024-05-03 18:50:22,881 [s2-client-thread1] DEBUG server.RaftServer$Division (RaftServerImpl.java:submitClientRequestAsync(889)) - s2@group-BCC0B035F111: receive client request(RaftClientRequest:client-CA0EFDF6E02E->s2@group-BCC0B035F111, cid=261, seq=null, RW, m51)
2024-05-03 18:50:22,881 [s2-client-thread1] DEBUG server.RaftServer$Division (LeaderStateImpl.java:addPendingRequest(530)) - s2@group-BCC0B035F111-LeaderStateImpl: addPendingRequest at RaftClientRequest:client-CA0EFDF6E02E->s2@group-BCC0B035F111, cid=261, seq=null, RW, m51, entry=(t:2, i:105), STATEMACHINELOGENTRY, WRITE: logData.size=3, stateMachineData.size=0, logEntryProtoSerializedSize=0
2024-05-03 18:50:22,883 [HandlerDaemon-2] DEBUG server.RaftServer$Division (RaftServerImpl.java:logAppendEntries(1505)) - s0@group-BCC0B035F111: appendEntries* s2->s0#262-t2,previous=(t:2, i:104),leaderCommit=104,initializing? false,entries: size=1, first=(t:2, i:105), STATEMACHINELOGENTRY, StateMachineLogEntryProto:261@client-CA0EFDF6E02E
2024-05-03 18:50:22,884 [s0-server-thread1] DEBUG server.RaftServer$Division (RaftServerImpl.java:logAppendEntries(1505)) - s0@group-BCC0B035F111: appendEntries* reply s2<-s0#262:OK-t2,SUCCESS,nextIndex=106,followerCommit=104,matchIndex=105
2024-05-03 18:50:22,901 [HandlerDaemon-0] DEBUG server.RaftServer$Division (RaftServerImpl.java:logAppendEntries(1505)) - s0@group-BCC0B035F111: appendEntries* s2->s0#263-t2,previous=(t:2, i:105),leaderCommit=105,initializing? false,entries: size=1, first=(t:2, i:106), METADATAENTRY(c:105)
2024-05-03 18:50:22,901 [s0-server-thread1] DEBUG server.RaftServer$Division (RaftServerImpl.java:logAppendEntries(1505)) - s0@group-BCC0B035F111: appendEntries* reply s2<-s0#263:OK-t2,SUCCESS,nextIndex=107,followerCommit=105,matchIndex=106
2024-05-03 18:50:22,914 [main] DEBUG client.RaftClient (RaftClientImpl.java:add(146)) - client-CA0EFDF6E02E: add replied callId 261
2024-05-03 18:50:22,914 [main] DEBUG client.RaftClient (RaftClientImpl.java:get(158)) - client-CA0EFDF6E02E: get 264 returns [261]
2024-05-03 18:50:22,914 [main] DEBUG client.RaftClient (RaftClientImpl.java:newRequest(95)) - attempt #1, newRequest RaftClientRequest:client-CA0EFDF6E02E->s2@group-BCC0B035F111, cid=264, seq=null, RW, m52
2024-05-03 18:50:22,914 [s2-client-thread1] DEBUG server.RaftServer$Division (RaftServerImpl.java:submitClientRequestAsync(889)) - s2@group-BCC0B035F111: receive client request(RaftClientRequest:client-CA0EFDF6E02E->s2@group-BCC0B035F111, cid=264, seq=null, RW, m52)
2024-05-03 18:50:22,914 [s2-client-thread1] DEBUG server.RaftServer$Division (LeaderStateImpl.java:addPendingRequest(530)) - s2@group-BCC0B035F111-LeaderStateImpl: addPendingRequest at RaftClientRequest:client-CA0EFDF6E02E->s2@group-BCC0B035F111, cid=264, seq=null, RW, m52, entry=(t:2, i:107), STATEMACHINELOGENTRY, WRITE: logData.size=3, stateMachineData.size=0, logEntryProtoSerializedSize=0
2024-05-03 18:50:22,915 [HandlerDaemon-1] DEBUG server.RaftServer$Division (RaftServerImpl.java:logAppendEntries(1505)) - s0@group-BCC0B035F111: appendEntries* s2->s0#265-t2,previous=(t:2, i:106),leaderCommit=106,initializing? false,entries: size=1, first=(t:2, i:107), STATEMACHINELOGENTRY, StateMachineLogEntryProto:264@client-CA0EFDF6E02E
2024-05-03 18:50:22,916 [s0-server-thread1] DEBUG server.RaftServer$Division (RaftServerImpl.java:logAppendEntries(1505)) - s0@group-BCC0B035F111: appendEntries* reply s2<-s0#265:OK-t2,SUCCESS,nextIndex=108,followerCommit=106,matchIndex=107
2024-05-03 18:50:22,917 [HandlerDaemon-1] ERROR server.RaftServer$Division (RaftServerImpl.java:appendEntriesAsync(1474)) - s1@group-BCC0B035F111: Failed appendEntries* s2->s1#235-t2,previous=(t:2, i:86),leaderCommit=86,initializing? false,entries: size=1, first=(t:2, i:87), STATEMACHINELOGENTRY, StateMachineLogEntryProto:233@client-CA0EFDF6E02E
org.apache.ratis.protocol.exceptions.ServerNotReadyException: s1@group-BCC0B035F111 is not in [STARTING, RUNNING]: current state is CLOSING
	at org.apache.ratis.server.impl.RaftServerImpl.lambda$assertLifeCycleState$7(RaftServerImpl.java:771)
	at org.apache.ratis.util.LifeCycle.assertCurrentState(LifeCycle.java:260)
	at org.apache.ratis.server.impl.RaftServerImpl.assertLifeCycleState(RaftServerImpl.java:770)
	at org.apache.ratis.server.impl.RaftServerImpl.appendEntriesAsync(RaftServerImpl.java:1465)
	at org.apache.ratis.server.impl.RaftServerImpl.appendEntries(RaftServerImpl.java:1447)
	at org.apache.ratis.server.impl.RaftServerProxy.appendEntries(RaftServerProxy.java:669)
	at org.apache.ratis.server.simulation.SimulatedServerRpc$1.handleRequest(SimulatedServerRpc.java:163)
	at org.apache.ratis.server.simulation.SimulatedServerRpc$1.handleRequest(SimulatedServerRpc.java:153)
	at org.apache.ratis.server.simulation.RequestHandler.handleRequest(RequestHandler.java:91)
	at org.apache.ratis.server.simulation.RequestHandler$HandlerDaemon.run(RequestHandler.java:125)
2024-05-03 18:50:22,931 [HandlerDaemon-2] DEBUG server.RaftServer$Division (RaftServerImpl.java:logAppendEntries(1505)) - s0@group-BCC0B035F111: appendEntries* s2->s0#266-t2,previous=(t:2, i:107),leaderCommit=107,initializing? false,entries: size=1, first=(t:2, i:108), METADATAENTRY(c:107)
2024-05-03 18:50:22,931 [s0-server-thread1] DEBUG server.RaftServer$Division (RaftServerImpl.java:logAppendEntries(1505)) - s0@group-BCC0B035F111: appendEntries* reply s2<-s0#266:OK-t2,SUCCESS,nextIndex=109,followerCommit=107,matchIndex=108
2024-05-03 18:50:22,944 [main] DEBUG client.RaftClient (RaftClientImpl.java:add(146)) - client-CA0EFDF6E02E: add replied callId 264
2024-05-03 18:50:22,945 [main] DEBUG client.RaftClient (RaftClientImpl.java:get(158)) - client-CA0EFDF6E02E: get 267 returns [264]
2024-05-03 18:50:22,945 [main] DEBUG client.RaftClient (RaftClientImpl.java:newRequest(95)) - attempt #1, newRequest RaftClientRequest:client-CA0EFDF6E02E->s2@group-BCC0B035F111, cid=267, seq=null, RW, m53
2024-05-03 18:50:22,945 [s2-client-thread1] DEBUG server.RaftServer$Division (RaftServerImpl.java:submitClientRequestAsync(889)) - s2@group-BCC0B035F111: receive client request(RaftClientRequest:client-CA0EFDF6E02E->s2@group-BCC0B035F111, cid=267, seq=null, RW, m53)
2024-05-03 18:50:22,945 [s2-client-thread1] DEBUG server.RaftServer$Division (LeaderStateImpl.java:addPendingRequest(530)) - s2@group-BCC0B035F111-LeaderStateImpl: addPendingRequest at RaftClientRequest:client-CA0EFDF6E02E->s2@group-BCC0B035F111, cid=267, seq=null, RW, m53, entry=(t:2, i:109), STATEMACHINELOGENTRY, WRITE: logData.size=3, stateMachineData.size=0, logEntryProtoSerializedSize=0
2024-05-03 18:50:22,949 [HandlerDaemon-0] DEBUG server.RaftServer$Division (RaftServerImpl.java:logAppendEntries(1505)) - s0@group-BCC0B035F111: appendEntries* s2->s0#268-t2,previous=(t:2, i:108),leaderCommit=108,initializing? false,entries: size=1, first=(t:2, i:109), STATEMACHINELOGENTRY, StateMachineLogEntryProto:267@client-CA0EFDF6E02E
2024-05-03 18:50:22,949 [s0-server-thread1] DEBUG server.RaftServer$Division (RaftServerImpl.java:logAppendEntries(1505)) - s0@group-BCC0B035F111: appendEntries* reply s2<-s0#268:OK-t2,SUCCESS,nextIndex=110,followerCommit=108,matchIndex=109
2024-05-03 18:50:22,960 [HandlerDaemon-2] ERROR server.RaftServer$Division (RaftServerImpl.java:appendEntriesAsync(1474)) - s1@group-BCC0B035F111: Failed appendEntries* s2->s1#235-t2,previous=(t:2, i:86),leaderCommit=86,initializing? false,entries: size=1, first=(t:2, i:87), STATEMACHINELOGENTRY, StateMachineLogEntryProto:233@client-CA0EFDF6E02E
org.apache.ratis.protocol.exceptions.ServerNotReadyException: s1@group-BCC0B035F111 is not in [STARTING, RUNNING]: current state is CLOSING
	at org.apache.ratis.server.impl.RaftServerImpl.lambda$assertLifeCycleState$7(RaftServerImpl.java:771)
	at org.apache.ratis.util.LifeCycle.assertCurrentState(LifeCycle.java:260)
	at org.apache.ratis.server.impl.RaftServerImpl.assertLifeCycleState(RaftServerImpl.java:770)
	at org.apache.ratis.server.impl.RaftServerImpl.appendEntriesAsync(RaftServerImpl.java:1465)
	at org.apache.ratis.server.impl.RaftServerImpl.appendEntries(RaftServerImpl.java:1447)
	at org.apache.ratis.server.impl.RaftServerProxy.appendEntries(RaftServerProxy.java:669)
	at org.apache.ratis.server.simulation.SimulatedServerRpc$1.handleRequest(SimulatedServerRpc.java:163)
	at org.apache.ratis.server.simulation.SimulatedServerRpc$1.handleRequest(SimulatedServerRpc.java:153)
	at org.apache.ratis.server.simulation.RequestHandler.handleRequest(RequestHandler.java:91)
	at org.apache.ratis.server.simulation.RequestHandler$HandlerDaemon.run(RequestHandler.java:125)
2024-05-03 18:50:22,961 [HandlerDaemon-1] DEBUG server.RaftServer$Division (RaftServerImpl.java:logAppendEntries(1505)) - s0@group-BCC0B035F111: appendEntries* s2->s0#269-t2,previous=(t:2, i:109),leaderCommit=109,initializing? false,entries: size=1, first=(t:2, i:110), METADATAENTRY(c:109)
2024-05-03 18:50:22,961 [s0-server-thread1] DEBUG server.RaftServer$Division (RaftServerImpl.java:logAppendEntries(1505)) - s0@group-BCC0B035F111: appendEntries* reply s2<-s0#269:OK-t2,SUCCESS,nextIndex=111,followerCommit=109,matchIndex=110
2024-05-03 18:50:22,979 [main] DEBUG client.RaftClient (RaftClientImpl.java:add(146)) - client-CA0EFDF6E02E: add replied callId 267
2024-05-03 18:50:22,979 [main] DEBUG client.RaftClient (RaftClientImpl.java:get(158)) - client-CA0EFDF6E02E: get 270 returns [267]
2024-05-03 18:50:22,979 [main] DEBUG client.RaftClient (RaftClientImpl.java:newRequest(95)) - attempt #1, newRequest RaftClientRequest:client-CA0EFDF6E02E->s2@group-BCC0B035F111, cid=270, seq=null, RW, m54
2024-05-03 18:50:22,979 [s2-client-thread1] DEBUG server.RaftServer$Division (RaftServerImpl.java:submitClientRequestAsync(889)) - s2@group-BCC0B035F111: receive client request(RaftClientRequest:client-CA0EFDF6E02E->s2@group-BCC0B035F111, cid=270, seq=null, RW, m54)
2024-05-03 18:50:22,980 [s2-client-thread1] DEBUG server.RaftServer$Division (LeaderStateImpl.java:addPendingRequest(530)) - s2@group-BCC0B035F111-LeaderStateImpl: addPendingRequest at RaftClientRequest:client-CA0EFDF6E02E->s2@group-BCC0B035F111, cid=270, seq=null, RW, m54, entry=(t:2, i:111), STATEMACHINELOGENTRY, WRITE: logData.size=3, stateMachineData.size=0, logEntryProtoSerializedSize=0
2024-05-03 18:50:22,980 [HandlerDaemon-2] DEBUG server.RaftServer$Division (RaftServerImpl.java:logAppendEntries(1505)) - s0@group-BCC0B035F111: appendEntries* s2->s0#271-t2,previous=(t:2, i:110),leaderCommit=110,initializing? false,entries: size=1, first=(t:2, i:111), STATEMACHINELOGENTRY, StateMachineLogEntryProto:270@client-CA0EFDF6E02E
2024-05-03 18:50:22,981 [s0-server-thread1] DEBUG server.RaftServer$Division (RaftServerImpl.java:logAppendEntries(1505)) - s0@group-BCC0B035F111: appendEntries* reply s2<-s0#271:OK-t2,SUCCESS,nextIndex=112,followerCommit=110,matchIndex=111
2024-05-03 18:50:22,999 [HandlerDaemon-0] DEBUG server.RaftServer$Division (RaftServerImpl.java:logAppendEntries(1505)) - s0@group-BCC0B035F111: appendEntries* s2->s0#272-t2,previous=(t:2, i:111),leaderCommit=111,initializing? false,entries: size=1, first=(t:2, i:112), METADATAENTRY(c:111)
2024-05-03 18:50:22,999 [s0-server-thread1] DEBUG server.RaftServer$Division (RaftServerImpl.java:logAppendEntries(1505)) - s0@group-BCC0B035F111: appendEntries* reply s2<-s0#272:OK-t2,SUCCESS,nextIndex=113,followerCommit=111,matchIndex=112
2024-05-03 18:50:23,004 [HandlerDaemon-0] ERROR server.RaftServer$Division (RaftServerImpl.java:appendEntriesAsync(1474)) - s1@group-BCC0B035F111: Failed appendEntries* s2->s1#235-t2,previous=(t:2, i:86),leaderCommit=86,initializing? false,entries: size=1, first=(t:2, i:87), STATEMACHINELOGENTRY, StateMachineLogEntryProto:233@client-CA0EFDF6E02E
org.apache.ratis.protocol.exceptions.ServerNotReadyException: s1@group-BCC0B035F111 is not in [STARTING, RUNNING]: current state is CLOSING
	at org.apache.ratis.server.impl.RaftServerImpl.lambda$assertLifeCycleState$7(RaftServerImpl.java:771)
	at org.apache.ratis.util.LifeCycle.assertCurrentState(LifeCycle.java:260)
	at org.apache.ratis.server.impl.RaftServerImpl.assertLifeCycleState(RaftServerImpl.java:770)
	at org.apache.ratis.server.impl.RaftServerImpl.appendEntriesAsync(RaftServerImpl.java:1465)
	at org.apache.ratis.server.impl.RaftServerImpl.appendEntries(RaftServerImpl.java:1447)
	at org.apache.ratis.server.impl.RaftServerProxy.appendEntries(RaftServerProxy.java:669)
	at org.apache.ratis.server.simulation.SimulatedServerRpc$1.handleRequest(SimulatedServerRpc.java:163)
	at org.apache.ratis.server.simulation.SimulatedServerRpc$1.handleRequest(SimulatedServerRpc.java:153)
	at org.apache.ratis.server.simulation.RequestHandler.handleRequest(RequestHandler.java:91)
	at org.apache.ratis.server.simulation.RequestHandler$HandlerDaemon.run(RequestHandler.java:125)
2024-05-03 18:50:23,014 [main] DEBUG client.RaftClient (RaftClientImpl.java:add(146)) - client-CA0EFDF6E02E: add replied callId 270
2024-05-03 18:50:23,014 [main] DEBUG client.RaftClient (RaftClientImpl.java:get(158)) - client-CA0EFDF6E02E: get 273 returns [270]
2024-05-03 18:50:23,014 [main] DEBUG client.RaftClient (RaftClientImpl.java:newRequest(95)) - attempt #1, newRequest RaftClientRequest:client-CA0EFDF6E02E->s2@group-BCC0B035F111, cid=273, seq=null, RW, m55
2024-05-03 18:50:23,014 [s2@group-BCC0B035F111->s1-LogAppenderDefault-LogAppenderDaemon] WARN  leader.LogAppender (LogAppenderDefault.java:sendAppendEntriesWithRetries(89)) - s2@group-BCC0B035F111->s1-LogAppenderDefault: Failed to appendEntries (retry=11)
org.apache.ratis.protocol.exceptions.ServerNotReadyException: s1@group-BCC0B035F111 is not in [STARTING, RUNNING]: current state is CLOSING
	at org.apache.ratis.server.impl.RaftServerImpl.lambda$assertLifeCycleState$7(RaftServerImpl.java:771)
	at org.apache.ratis.util.LifeCycle.assertCurrentState(LifeCycle.java:260)
	at org.apache.ratis.server.impl.RaftServerImpl.assertLifeCycleState(RaftServerImpl.java:770)
	at org.apache.ratis.server.impl.RaftServerImpl.appendEntriesAsync(RaftServerImpl.java:1465)
	at org.apache.ratis.server.impl.RaftServerImpl.appendEntries(RaftServerImpl.java:1447)
	at org.apache.ratis.server.impl.RaftServerProxy.appendEntries(RaftServerProxy.java:669)
	at org.apache.ratis.server.simulation.SimulatedServerRpc$1.handleRequest(SimulatedServerRpc.java:163)
	at org.apache.ratis.server.simulation.SimulatedServerRpc$1.handleRequest(SimulatedServerRpc.java:153)
	at org.apache.ratis.server.simulation.RequestHandler.handleRequest(RequestHandler.java:91)
	at org.apache.ratis.server.simulation.RequestHandler$HandlerDaemon.run(RequestHandler.java:125)
2024-05-03 18:50:23,014 [s2-client-thread1] DEBUG server.RaftServer$Division (RaftServerImpl.java:submitClientRequestAsync(889)) - s2@group-BCC0B035F111: receive client request(RaftClientRequest:client-CA0EFDF6E02E->s2@group-BCC0B035F111, cid=273, seq=null, RW, m55)
2024-05-03 18:50:23,015 [s2-client-thread1] DEBUG server.RaftServer$Division (LeaderStateImpl.java:addPendingRequest(530)) - s2@group-BCC0B035F111-LeaderStateImpl: addPendingRequest at RaftClientRequest:client-CA0EFDF6E02E->s2@group-BCC0B035F111, cid=273, seq=null, RW, m55, entry=(t:2, i:113), STATEMACHINELOGENTRY, WRITE: logData.size=3, stateMachineData.size=0, logEntryProtoSerializedSize=0
2024-05-03 18:50:23,019 [HandlerDaemon-1] DEBUG server.RaftServer$Division (RaftServerImpl.java:logAppendEntries(1505)) - s0@group-BCC0B035F111: appendEntries* s2->s0#274-t2,previous=(t:2, i:112),leaderCommit=112,initializing? false,entries: size=1, first=(t:2, i:113), STATEMACHINELOGENTRY, StateMachineLogEntryProto:273@client-CA0EFDF6E02E
2024-05-03 18:50:23,020 [s0-server-thread1] DEBUG server.RaftServer$Division (RaftServerImpl.java:logAppendEntries(1505)) - s0@group-BCC0B035F111: appendEntries* reply s2<-s0#274:OK-t2,SUCCESS,nextIndex=114,followerCommit=112,matchIndex=113
2024-05-03 18:50:23,035 [HandlerDaemon-2] DEBUG server.RaftServer$Division (RaftServerImpl.java:logAppendEntries(1505)) - s0@group-BCC0B035F111: appendEntries* s2->s0#275-t2,previous=(t:2, i:113),leaderCommit=113,initializing? false,entries: size=1, first=(t:2, i:114), METADATAENTRY(c:113)
2024-05-03 18:50:23,036 [s0-server-thread1] DEBUG server.RaftServer$Division (RaftServerImpl.java:logAppendEntries(1505)) - s0@group-BCC0B035F111: appendEntries* reply s2<-s0#275:OK-t2,SUCCESS,nextIndex=115,followerCommit=113,matchIndex=114
2024-05-03 18:50:23,039 [HandlerDaemon-1] ERROR server.RaftServer$Division (RaftServerImpl.java:appendEntriesAsync(1474)) - s1@group-BCC0B035F111: Failed appendEntries* s2->s1#235-t2,previous=(t:2, i:86),leaderCommit=86,initializing? false,entries: size=1, first=(t:2, i:87), STATEMACHINELOGENTRY, StateMachineLogEntryProto:233@client-CA0EFDF6E02E
org.apache.ratis.protocol.exceptions.ServerNotReadyException: s1@group-BCC0B035F111 is not in [STARTING, RUNNING]: current state is CLOSING
	at org.apache.ratis.server.impl.RaftServerImpl.lambda$assertLifeCycleState$7(RaftServerImpl.java:771)
	at org.apache.ratis.util.LifeCycle.assertCurrentState(LifeCycle.java:260)
	at org.apache.ratis.server.impl.RaftServerImpl.assertLifeCycleState(RaftServerImpl.java:770)
	at org.apache.ratis.server.impl.RaftServerImpl.appendEntriesAsync(RaftServerImpl.java:1465)
	at org.apache.ratis.server.impl.RaftServerImpl.appendEntries(RaftServerImpl.java:1447)
	at org.apache.ratis.server.impl.RaftServerProxy.appendEntries(RaftServerProxy.java:669)
	at org.apache.ratis.server.simulation.SimulatedServerRpc$1.handleRequest(SimulatedServerRpc.java:163)
	at org.apache.ratis.server.simulation.SimulatedServerRpc$1.handleRequest(SimulatedServerRpc.java:153)
	at org.apache.ratis.server.simulation.RequestHandler.handleRequest(RequestHandler.java:91)
	at org.apache.ratis.server.simulation.RequestHandler$HandlerDaemon.run(RequestHandler.java:125)
2024-05-03 18:50:23,052 [main] DEBUG client.RaftClient (RaftClientImpl.java:add(146)) - client-CA0EFDF6E02E: add replied callId 273
2024-05-03 18:50:23,053 [main] DEBUG client.RaftClient (RaftClientImpl.java:get(158)) - client-CA0EFDF6E02E: get 276 returns [273]
2024-05-03 18:50:23,053 [main] DEBUG client.RaftClient (RaftClientImpl.java:newRequest(95)) - attempt #1, newRequest RaftClientRequest:client-CA0EFDF6E02E->s2@group-BCC0B035F111, cid=276, seq=null, RW, m56
2024-05-03 18:50:23,053 [s2-client-thread1] DEBUG server.RaftServer$Division (RaftServerImpl.java:submitClientRequestAsync(889)) - s2@group-BCC0B035F111: receive client request(RaftClientRequest:client-CA0EFDF6E02E->s2@group-BCC0B035F111, cid=276, seq=null, RW, m56)
2024-05-03 18:50:23,053 [s2-client-thread1] DEBUG server.RaftServer$Division (LeaderStateImpl.java:addPendingRequest(530)) - s2@group-BCC0B035F111-LeaderStateImpl: addPendingRequest at RaftClientRequest:client-CA0EFDF6E02E->s2@group-BCC0B035F111, cid=276, seq=null, RW, m56, entry=(t:2, i:115), STATEMACHINELOGENTRY, WRITE: logData.size=3, stateMachineData.size=0, logEntryProtoSerializedSize=0
2024-05-03 18:50:23,054 [HandlerDaemon-0] DEBUG server.RaftServer$Division (RaftServerImpl.java:logAppendEntries(1505)) - s0@group-BCC0B035F111: appendEntries* s2->s0#277-t2,previous=(t:2, i:114),leaderCommit=114,initializing? false,entries: size=1, first=(t:2, i:115), STATEMACHINELOGENTRY, StateMachineLogEntryProto:276@client-CA0EFDF6E02E
2024-05-03 18:50:23,055 [s0-server-thread1] DEBUG server.RaftServer$Division (RaftServerImpl.java:logAppendEntries(1505)) - s0@group-BCC0B035F111: appendEntries* reply s2<-s0#277:OK-t2,SUCCESS,nextIndex=116,followerCommit=114,matchIndex=115
2024-05-03 18:50:23,074 [HandlerDaemon-1] DEBUG server.RaftServer$Division (RaftServerImpl.java:logAppendEntries(1505)) - s0@group-BCC0B035F111: appendEntries* s2->s0#278-t2,previous=(t:2, i:115),leaderCommit=115,initializing? false,entries: size=1, first=(t:2, i:116), METADATAENTRY(c:115)
2024-05-03 18:50:23,074 [s0-server-thread1] DEBUG server.RaftServer$Division (RaftServerImpl.java:logAppendEntries(1505)) - s0@group-BCC0B035F111: appendEntries* reply s2<-s0#278:OK-t2,SUCCESS,nextIndex=117,followerCommit=115,matchIndex=116
2024-05-03 18:50:23,084 [HandlerDaemon-2] ERROR server.RaftServer$Division (RaftServerImpl.java:appendEntriesAsync(1474)) - s1@group-BCC0B035F111: Failed appendEntries* s2->s1#235-t2,previous=(t:2, i:86),leaderCommit=86,initializing? false,entries: size=1, first=(t:2, i:87), STATEMACHINELOGENTRY, StateMachineLogEntryProto:233@client-CA0EFDF6E02E
org.apache.ratis.protocol.exceptions.ServerNotReadyException: s1@group-BCC0B035F111 is not in [STARTING, RUNNING]: current state is CLOSING
	at org.apache.ratis.server.impl.RaftServerImpl.lambda$assertLifeCycleState$7(RaftServerImpl.java:771)
	at org.apache.ratis.util.LifeCycle.assertCurrentState(LifeCycle.java:260)
	at org.apache.ratis.server.impl.RaftServerImpl.assertLifeCycleState(RaftServerImpl.java:770)
	at org.apache.ratis.server.impl.RaftServerImpl.appendEntriesAsync(RaftServerImpl.java:1465)
	at org.apache.ratis.server.impl.RaftServerImpl.appendEntries(RaftServerImpl.java:1447)
	at org.apache.ratis.server.impl.RaftServerProxy.appendEntries(RaftServerProxy.java:669)
	at org.apache.ratis.server.simulation.SimulatedServerRpc$1.handleRequest(SimulatedServerRpc.java:163)
	at org.apache.ratis.server.simulation.SimulatedServerRpc$1.handleRequest(SimulatedServerRpc.java:153)
	at org.apache.ratis.server.simulation.RequestHandler.handleRequest(RequestHandler.java:91)
	at org.apache.ratis.server.simulation.RequestHandler$HandlerDaemon.run(RequestHandler.java:125)
2024-05-03 18:50:23,084 [main] DEBUG client.RaftClient (RaftClientImpl.java:add(146)) - client-CA0EFDF6E02E: add replied callId 276
2024-05-03 18:50:23,085 [main] DEBUG client.RaftClient (RaftClientImpl.java:get(158)) - client-CA0EFDF6E02E: get 279 returns [276]
2024-05-03 18:50:23,085 [main] DEBUG client.RaftClient (RaftClientImpl.java:newRequest(95)) - attempt #1, newRequest RaftClientRequest:client-CA0EFDF6E02E->s2@group-BCC0B035F111, cid=279, seq=null, RW, m57
2024-05-03 18:50:23,085 [s2-client-thread1] DEBUG server.RaftServer$Division (RaftServerImpl.java:submitClientRequestAsync(889)) - s2@group-BCC0B035F111: receive client request(RaftClientRequest:client-CA0EFDF6E02E->s2@group-BCC0B035F111, cid=279, seq=null, RW, m57)
2024-05-03 18:50:23,085 [s2-client-thread1] DEBUG server.RaftServer$Division (LeaderStateImpl.java:addPendingRequest(530)) - s2@group-BCC0B035F111-LeaderStateImpl: addPendingRequest at RaftClientRequest:client-CA0EFDF6E02E->s2@group-BCC0B035F111, cid=279, seq=null, RW, m57, entry=(t:2, i:117), STATEMACHINELOGENTRY, WRITE: logData.size=3, stateMachineData.size=0, logEntryProtoSerializedSize=0
2024-05-03 18:50:23,087 [HandlerDaemon-2] DEBUG server.RaftServer$Division (RaftServerImpl.java:logAppendEntries(1505)) - s0@group-BCC0B035F111: appendEntries* s2->s0#280-t2,previous=(t:2, i:116),leaderCommit=116,initializing? false,entries: size=1, first=(t:2, i:117), STATEMACHINELOGENTRY, StateMachineLogEntryProto:279@client-CA0EFDF6E02E
2024-05-03 18:50:23,087 [s0-server-thread1] DEBUG server.RaftServer$Division (RaftServerImpl.java:logAppendEntries(1505)) - s0@group-BCC0B035F111: appendEntries* reply s2<-s0#280:OK-t2,SUCCESS,nextIndex=118,followerCommit=116,matchIndex=117
2024-05-03 18:50:23,101 [HandlerDaemon-0] DEBUG server.RaftServer$Division (RaftServerImpl.java:logAppendEntries(1505)) - s0@group-BCC0B035F111: appendEntries* s2->s0#281-t2,previous=(t:2, i:117),leaderCommit=117,initializing? false,entries: size=1, first=(t:2, i:118), METADATAENTRY(c:117)
2024-05-03 18:50:23,101 [s0-server-thread1] DEBUG server.RaftServer$Division (RaftServerImpl.java:logAppendEntries(1505)) - s0@group-BCC0B035F111: appendEntries* reply s2<-s0#281:OK-t2,SUCCESS,nextIndex=119,followerCommit=117,matchIndex=118
2024-05-03 18:50:23,118 [main] DEBUG client.RaftClient (RaftClientImpl.java:add(146)) - client-CA0EFDF6E02E: add replied callId 279
2024-05-03 18:50:23,118 [main] DEBUG client.RaftClient (RaftClientImpl.java:get(158)) - client-CA0EFDF6E02E: get 282 returns [279]
2024-05-03 18:50:23,118 [main] DEBUG client.RaftClient (RaftClientImpl.java:newRequest(95)) - attempt #1, newRequest RaftClientRequest:client-CA0EFDF6E02E->s2@group-BCC0B035F111, cid=282, seq=null, RW, m58
2024-05-03 18:50:23,118 [s2-client-thread1] DEBUG server.RaftServer$Division (RaftServerImpl.java:submitClientRequestAsync(889)) - s2@group-BCC0B035F111: receive client request(RaftClientRequest:client-CA0EFDF6E02E->s2@group-BCC0B035F111, cid=282, seq=null, RW, m58)
2024-05-03 18:50:23,119 [s2-client-thread1] DEBUG server.RaftServer$Division (LeaderStateImpl.java:addPendingRequest(530)) - s2@group-BCC0B035F111-LeaderStateImpl: addPendingRequest at RaftClientRequest:client-CA0EFDF6E02E->s2@group-BCC0B035F111, cid=282, seq=null, RW, m58, entry=(t:2, i:119), STATEMACHINELOGENTRY, WRITE: logData.size=3, stateMachineData.size=0, logEntryProtoSerializedSize=0
2024-05-03 18:50:23,119 [HandlerDaemon-1] DEBUG server.RaftServer$Division (RaftServerImpl.java:logAppendEntries(1505)) - s0@group-BCC0B035F111: appendEntries* s2->s0#283-t2,previous=(t:2, i:118),leaderCommit=118,initializing? false,entries: size=1, first=(t:2, i:119), STATEMACHINELOGENTRY, StateMachineLogEntryProto:282@client-CA0EFDF6E02E
2024-05-03 18:50:23,120 [s0-server-thread1] DEBUG server.RaftServer$Division (RaftServerImpl.java:logAppendEntries(1505)) - s0@group-BCC0B035F111: appendEntries* reply s2<-s0#283:OK-t2,SUCCESS,nextIndex=120,followerCommit=118,matchIndex=119
2024-05-03 18:50:23,126 [HandlerDaemon-0] ERROR server.RaftServer$Division (RaftServerImpl.java:appendEntriesAsync(1474)) - s1@group-BCC0B035F111: Failed appendEntries* s2->s1#235-t2,previous=(t:2, i:86),leaderCommit=86,initializing? false,entries: size=1, first=(t:2, i:87), STATEMACHINELOGENTRY, StateMachineLogEntryProto:233@client-CA0EFDF6E02E
org.apache.ratis.protocol.exceptions.ServerNotReadyException: s1@group-BCC0B035F111 is not in [STARTING, RUNNING]: current state is CLOSING
	at org.apache.ratis.server.impl.RaftServerImpl.lambda$assertLifeCycleState$7(RaftServerImpl.java:771)
	at org.apache.ratis.util.LifeCycle.assertCurrentState(LifeCycle.java:260)
	at org.apache.ratis.server.impl.RaftServerImpl.assertLifeCycleState(RaftServerImpl.java:770)
	at org.apache.ratis.server.impl.RaftServerImpl.appendEntriesAsync(RaftServerImpl.java:1465)
	at org.apache.ratis.server.impl.RaftServerImpl.appendEntries(RaftServerImpl.java:1447)
	at org.apache.ratis.server.impl.RaftServerProxy.appendEntries(RaftServerProxy.java:669)
	at org.apache.ratis.server.simulation.SimulatedServerRpc$1.handleRequest(SimulatedServerRpc.java:163)
	at org.apache.ratis.server.simulation.SimulatedServerRpc$1.handleRequest(SimulatedServerRpc.java:153)
	at org.apache.ratis.server.simulation.RequestHandler.handleRequest(RequestHandler.java:91)
	at org.apache.ratis.server.simulation.RequestHandler$HandlerDaemon.run(RequestHandler.java:125)
2024-05-03 18:50:23,131 [HandlerDaemon-2] DEBUG server.RaftServer$Division (RaftServerImpl.java:logAppendEntries(1505)) - s0@group-BCC0B035F111: appendEntries* s2->s0#284-t2,previous=(t:2, i:119),leaderCommit=119,initializing? false,entries: size=1, first=(t:2, i:120), METADATAENTRY(c:119)
2024-05-03 18:50:23,132 [s0-server-thread1] DEBUG server.RaftServer$Division (RaftServerImpl.java:logAppendEntries(1505)) - s0@group-BCC0B035F111: appendEntries* reply s2<-s0#284:OK-t2,SUCCESS,nextIndex=121,followerCommit=119,matchIndex=120
2024-05-03 18:50:23,145 [main] DEBUG client.RaftClient (RaftClientImpl.java:add(146)) - client-CA0EFDF6E02E: add replied callId 282
2024-05-03 18:50:23,145 [main] DEBUG client.RaftClient (RaftClientImpl.java:get(158)) - client-CA0EFDF6E02E: get 285 returns [282]
2024-05-03 18:50:23,146 [main] DEBUG client.RaftClient (RaftClientImpl.java:newRequest(95)) - attempt #1, newRequest RaftClientRequest:client-CA0EFDF6E02E->s2@group-BCC0B035F111, cid=285, seq=null, RW, m59
2024-05-03 18:50:23,146 [s2-client-thread1] DEBUG server.RaftServer$Division (RaftServerImpl.java:submitClientRequestAsync(889)) - s2@group-BCC0B035F111: receive client request(RaftClientRequest:client-CA0EFDF6E02E->s2@group-BCC0B035F111, cid=285, seq=null, RW, m59)
2024-05-03 18:50:23,146 [s2-client-thread1] DEBUG server.RaftServer$Division (LeaderStateImpl.java:addPendingRequest(530)) - s2@group-BCC0B035F111-LeaderStateImpl: addPendingRequest at RaftClientRequest:client-CA0EFDF6E02E->s2@group-BCC0B035F111, cid=285, seq=null, RW, m59, entry=(t:2, i:121), STATEMACHINELOGENTRY, WRITE: logData.size=3, stateMachineData.size=0, logEntryProtoSerializedSize=0
2024-05-03 18:50:23,151 [HandlerDaemon-0] DEBUG server.RaftServer$Division (RaftServerImpl.java:logAppendEntries(1505)) - s0@group-BCC0B035F111: appendEntries* s2->s0#286-t2,previous=(t:2, i:120),leaderCommit=120,initializing? false,entries: size=1, first=(t:2, i:121), STATEMACHINELOGENTRY, StateMachineLogEntryProto:285@client-CA0EFDF6E02E
2024-05-03 18:50:23,151 [s0-server-thread1] DEBUG server.RaftServer$Division (RaftServerImpl.java:logAppendEntries(1505)) - s0@group-BCC0B035F111: appendEntries* reply s2<-s0#286:OK-t2,SUCCESS,nextIndex=122,followerCommit=120,matchIndex=121
2024-05-03 18:50:23,167 [HandlerDaemon-1] DEBUG server.RaftServer$Division (RaftServerImpl.java:logAppendEntries(1505)) - s0@group-BCC0B035F111: appendEntries* s2->s0#287-t2,previous=(t:2, i:121),leaderCommit=121,initializing? false,entries: size=1, first=(t:2, i:122), METADATAENTRY(c:121)
2024-05-03 18:50:23,168 [s0-server-thread1] DEBUG server.RaftServer$Division (RaftServerImpl.java:logAppendEntries(1505)) - s0@group-BCC0B035F111: appendEntries* reply s2<-s0#287:OK-t2,SUCCESS,nextIndex=123,followerCommit=121,matchIndex=122
2024-05-03 18:50:23,168 [HandlerDaemon-1] ERROR server.RaftServer$Division (RaftServerImpl.java:appendEntriesAsync(1474)) - s1@group-BCC0B035F111: Failed appendEntries* s2->s1#235-t2,previous=(t:2, i:86),leaderCommit=86,initializing? false,entries: size=1, first=(t:2, i:87), STATEMACHINELOGENTRY, StateMachineLogEntryProto:233@client-CA0EFDF6E02E
org.apache.ratis.protocol.exceptions.ServerNotReadyException: s1@group-BCC0B035F111 is not in [STARTING, RUNNING]: current state is CLOSING
	at org.apache.ratis.server.impl.RaftServerImpl.lambda$assertLifeCycleState$7(RaftServerImpl.java:771)
	at org.apache.ratis.util.LifeCycle.assertCurrentState(LifeCycle.java:260)
	at org.apache.ratis.server.impl.RaftServerImpl.assertLifeCycleState(RaftServerImpl.java:770)
	at org.apache.ratis.server.impl.RaftServerImpl.appendEntriesAsync(RaftServerImpl.java:1465)
	at org.apache.ratis.server.impl.RaftServerImpl.appendEntries(RaftServerImpl.java:1447)
	at org.apache.ratis.server.impl.RaftServerProxy.appendEntries(RaftServerProxy.java:669)
	at org.apache.ratis.server.simulation.SimulatedServerRpc$1.handleRequest(SimulatedServerRpc.java:163)
	at org.apache.ratis.server.simulation.SimulatedServerRpc$1.handleRequest(SimulatedServerRpc.java:153)
	at org.apache.ratis.server.simulation.RequestHandler.handleRequest(RequestHandler.java:91)
	at org.apache.ratis.server.simulation.RequestHandler$HandlerDaemon.run(RequestHandler.java:125)
2024-05-03 18:50:23,177 [main] DEBUG client.RaftClient (RaftClientImpl.java:add(146)) - client-CA0EFDF6E02E: add replied callId 285
2024-05-03 18:50:23,177 [main] DEBUG client.RaftClient (RaftClientImpl.java:get(158)) - client-CA0EFDF6E02E: get 288 returns [285]
2024-05-03 18:50:23,177 [main] DEBUG client.RaftClient (RaftClientImpl.java:newRequest(95)) - attempt #1, newRequest RaftClientRequest:client-CA0EFDF6E02E->s2@group-BCC0B035F111, cid=288, seq=null, RW, m60
2024-05-03 18:50:23,177 [s2-client-thread1] DEBUG server.RaftServer$Division (RaftServerImpl.java:submitClientRequestAsync(889)) - s2@group-BCC0B035F111: receive client request(RaftClientRequest:client-CA0EFDF6E02E->s2@group-BCC0B035F111, cid=288, seq=null, RW, m60)
2024-05-03 18:50:23,178 [s2-client-thread1] DEBUG server.RaftServer$Division (LeaderStateImpl.java:addPendingRequest(530)) - s2@group-BCC0B035F111-LeaderStateImpl: addPendingRequest at RaftClientRequest:client-CA0EFDF6E02E->s2@group-BCC0B035F111, cid=288, seq=null, RW, m60, entry=(t:2, i:123), STATEMACHINELOGENTRY, WRITE: logData.size=3, stateMachineData.size=0, logEntryProtoSerializedSize=0
2024-05-03 18:50:23,187 [HandlerDaemon-2] DEBUG server.RaftServer$Division (RaftServerImpl.java:logAppendEntries(1505)) - s0@group-BCC0B035F111: appendEntries* s2->s0#289-t2,previous=(t:2, i:122),leaderCommit=122,initializing? false,entries: size=1, first=(t:2, i:123), STATEMACHINELOGENTRY, StateMachineLogEntryProto:288@client-CA0EFDF6E02E
2024-05-03 18:50:23,187 [s0-server-thread1] DEBUG server.RaftServer$Division (RaftServerImpl.java:logAppendEntries(1505)) - s0@group-BCC0B035F111: appendEntries* reply s2<-s0#289:OK-t2,SUCCESS,nextIndex=124,followerCommit=122,matchIndex=123
2024-05-03 18:50:23,202 [HandlerDaemon-0] DEBUG server.RaftServer$Division (RaftServerImpl.java:logAppendEntries(1505)) - s0@group-BCC0B035F111: appendEntries* s2->s0#290-t2,previous=(t:2, i:123),leaderCommit=123,initializing? false,entries: size=1, first=(t:2, i:124), METADATAENTRY(c:123)
2024-05-03 18:50:23,203 [s0-server-thread1] DEBUG server.RaftServer$Division (RaftServerImpl.java:logAppendEntries(1505)) - s0@group-BCC0B035F111: appendEntries* reply s2<-s0#290:OK-t2,SUCCESS,nextIndex=125,followerCommit=123,matchIndex=124
2024-05-03 18:50:23,208 [HandlerDaemon-2] ERROR server.RaftServer$Division (RaftServerImpl.java:appendEntriesAsync(1474)) - s1@group-BCC0B035F111: Failed appendEntries* s2->s1#235-t2,previous=(t:2, i:86),leaderCommit=86,initializing? false,entries: size=1, first=(t:2, i:87), STATEMACHINELOGENTRY, StateMachineLogEntryProto:233@client-CA0EFDF6E02E
org.apache.ratis.protocol.exceptions.ServerNotReadyException: s1@group-BCC0B035F111 is not in [STARTING, RUNNING]: current state is CLOSING
	at org.apache.ratis.server.impl.RaftServerImpl.lambda$assertLifeCycleState$7(RaftServerImpl.java:771)
	at org.apache.ratis.util.LifeCycle.assertCurrentState(LifeCycle.java:260)
	at org.apache.ratis.server.impl.RaftServerImpl.assertLifeCycleState(RaftServerImpl.java:770)
	at org.apache.ratis.server.impl.RaftServerImpl.appendEntriesAsync(RaftServerImpl.java:1465)
	at org.apache.ratis.server.impl.RaftServerImpl.appendEntries(RaftServerImpl.java:1447)
	at org.apache.ratis.server.impl.RaftServerProxy.appendEntries(RaftServerProxy.java:669)
	at org.apache.ratis.server.simulation.SimulatedServerRpc$1.handleRequest(SimulatedServerRpc.java:163)
	at org.apache.ratis.server.simulation.SimulatedServerRpc$1.handleRequest(SimulatedServerRpc.java:153)
	at org.apache.ratis.server.simulation.RequestHandler.handleRequest(RequestHandler.java:91)
	at org.apache.ratis.server.simulation.RequestHandler$HandlerDaemon.run(RequestHandler.java:125)
2024-05-03 18:50:23,218 [main] DEBUG client.RaftClient (RaftClientImpl.java:add(146)) - client-CA0EFDF6E02E: add replied callId 288
2024-05-03 18:50:23,218 [main] DEBUG client.RaftClient (RaftClientImpl.java:get(158)) - client-CA0EFDF6E02E: get 291 returns [288]
2024-05-03 18:50:23,218 [main] DEBUG client.RaftClient (RaftClientImpl.java:newRequest(95)) - attempt #1, newRequest RaftClientRequest:client-CA0EFDF6E02E->s2@group-BCC0B035F111, cid=291, seq=null, RW, m61
2024-05-03 18:50:23,219 [s2-client-thread1] DEBUG server.RaftServer$Division (RaftServerImpl.java:submitClientRequestAsync(889)) - s2@group-BCC0B035F111: receive client request(RaftClientRequest:client-CA0EFDF6E02E->s2@group-BCC0B035F111, cid=291, seq=null, RW, m61)
2024-05-03 18:50:23,219 [s2-client-thread1] DEBUG server.RaftServer$Division (LeaderStateImpl.java:addPendingRequest(530)) - s2@group-BCC0B035F111-LeaderStateImpl: addPendingRequest at RaftClientRequest:client-CA0EFDF6E02E->s2@group-BCC0B035F111, cid=291, seq=null, RW, m61, entry=(t:2, i:125), STATEMACHINELOGENTRY, WRITE: logData.size=3, stateMachineData.size=0, logEntryProtoSerializedSize=0
2024-05-03 18:50:23,219 [HandlerDaemon-1] DEBUG server.RaftServer$Division (RaftServerImpl.java:logAppendEntries(1505)) - s0@group-BCC0B035F111: appendEntries* s2->s0#292-t2,previous=(t:2, i:124),leaderCommit=124,initializing? false,entries: size=1, first=(t:2, i:125), STATEMACHINELOGENTRY, StateMachineLogEntryProto:291@client-CA0EFDF6E02E
2024-05-03 18:50:23,220 [s0-server-thread1] DEBUG server.RaftServer$Division (RaftServerImpl.java:logAppendEntries(1505)) - s0@group-BCC0B035F111: appendEntries* reply s2<-s0#292:OK-t2,SUCCESS,nextIndex=126,followerCommit=124,matchIndex=125
2024-05-03 18:50:23,231 [HandlerDaemon-2] DEBUG server.RaftServer$Division (RaftServerImpl.java:logAppendEntries(1505)) - s0@group-BCC0B035F111: appendEntries* s2->s0#293-t2,previous=(t:2, i:125),leaderCommit=125,initializing? false,entries: size=1, first=(t:2, i:126), METADATAENTRY(c:125)
2024-05-03 18:50:23,232 [s0-server-thread1] DEBUG server.RaftServer$Division (RaftServerImpl.java:logAppendEntries(1505)) - s0@group-BCC0B035F111: appendEntries* reply s2<-s0#293:OK-t2,SUCCESS,nextIndex=127,followerCommit=125,matchIndex=126
2024-05-03 18:50:23,246 [main] DEBUG client.RaftClient (RaftClientImpl.java:add(146)) - client-CA0EFDF6E02E: add replied callId 291
2024-05-03 18:50:23,246 [main] DEBUG client.RaftClient (RaftClientImpl.java:get(158)) - client-CA0EFDF6E02E: get 294 returns [291]
2024-05-03 18:50:23,246 [main] DEBUG client.RaftClient (RaftClientImpl.java:newRequest(95)) - attempt #1, newRequest RaftClientRequest:client-CA0EFDF6E02E->s2@group-BCC0B035F111, cid=294, seq=null, RW, m62
2024-05-03 18:50:23,247 [s2-client-thread1] DEBUG server.RaftServer$Division (RaftServerImpl.java:submitClientRequestAsync(889)) - s2@group-BCC0B035F111: receive client request(RaftClientRequest:client-CA0EFDF6E02E->s2@group-BCC0B035F111, cid=294, seq=null, RW, m62)
2024-05-03 18:50:23,247 [s2-client-thread1] DEBUG server.RaftServer$Division (LeaderStateImpl.java:addPendingRequest(530)) - s2@group-BCC0B035F111-LeaderStateImpl: addPendingRequest at RaftClientRequest:client-CA0EFDF6E02E->s2@group-BCC0B035F111, cid=294, seq=null, RW, m62, entry=(t:2, i:127), STATEMACHINELOGENTRY, WRITE: logData.size=3, stateMachineData.size=0, logEntryProtoSerializedSize=0
2024-05-03 18:50:23,247 [HandlerDaemon-0] DEBUG server.RaftServer$Division (RaftServerImpl.java:logAppendEntries(1505)) - s0@group-BCC0B035F111: appendEntries* s2->s0#295-t2,previous=(t:2, i:126),leaderCommit=126,initializing? false,entries: size=1, first=(t:2, i:127), STATEMACHINELOGENTRY, StateMachineLogEntryProto:294@client-CA0EFDF6E02E
2024-05-03 18:50:23,248 [s0-server-thread1] DEBUG server.RaftServer$Division (RaftServerImpl.java:logAppendEntries(1505)) - s0@group-BCC0B035F111: appendEntries* reply s2<-s0#295:OK-t2,SUCCESS,nextIndex=128,followerCommit=126,matchIndex=127
2024-05-03 18:50:23,250 [HandlerDaemon-0] ERROR server.RaftServer$Division (RaftServerImpl.java:appendEntriesAsync(1474)) - s1@group-BCC0B035F111: Failed appendEntries* s2->s1#235-t2,previous=(t:2, i:86),leaderCommit=86,initializing? false,entries: size=1, first=(t:2, i:87), STATEMACHINELOGENTRY, StateMachineLogEntryProto:233@client-CA0EFDF6E02E
org.apache.ratis.protocol.exceptions.ServerNotReadyException: s1@group-BCC0B035F111 is not in [STARTING, RUNNING]: current state is CLOSING
	at org.apache.ratis.server.impl.RaftServerImpl.lambda$assertLifeCycleState$7(RaftServerImpl.java:771)
	at org.apache.ratis.util.LifeCycle.assertCurrentState(LifeCycle.java:260)
	at org.apache.ratis.server.impl.RaftServerImpl.assertLifeCycleState(RaftServerImpl.java:770)
	at org.apache.ratis.server.impl.RaftServerImpl.appendEntriesAsync(RaftServerImpl.java:1465)
	at org.apache.ratis.server.impl.RaftServerImpl.appendEntries(RaftServerImpl.java:1447)
	at org.apache.ratis.server.impl.RaftServerProxy.appendEntries(RaftServerProxy.java:669)
	at org.apache.ratis.server.simulation.SimulatedServerRpc$1.handleRequest(SimulatedServerRpc.java:163)
	at org.apache.ratis.server.simulation.SimulatedServerRpc$1.handleRequest(SimulatedServerRpc.java:153)
	at org.apache.ratis.server.simulation.RequestHandler.handleRequest(RequestHandler.java:91)
	at org.apache.ratis.server.simulation.RequestHandler$HandlerDaemon.run(RequestHandler.java:125)
2024-05-03 18:50:23,266 [HandlerDaemon-1] DEBUG server.RaftServer$Division (RaftServerImpl.java:logAppendEntries(1505)) - s0@group-BCC0B035F111: appendEntries* s2->s0#296-t2,previous=(t:2, i:127),leaderCommit=127,initializing? false,entries: size=1, first=(t:2, i:128), METADATAENTRY(c:127)
2024-05-03 18:50:23,267 [s0-server-thread1] DEBUG server.RaftServer$Division (RaftServerImpl.java:logAppendEntries(1505)) - s0@group-BCC0B035F111: appendEntries* reply s2<-s0#296:OK-t2,SUCCESS,nextIndex=129,followerCommit=127,matchIndex=128
2024-05-03 18:50:23,281 [main] DEBUG client.RaftClient (RaftClientImpl.java:add(146)) - client-CA0EFDF6E02E: add replied callId 294
2024-05-03 18:50:23,281 [main] DEBUG client.RaftClient (RaftClientImpl.java:get(158)) - client-CA0EFDF6E02E: get 297 returns [294]
2024-05-03 18:50:23,281 [main] DEBUG client.RaftClient (RaftClientImpl.java:newRequest(95)) - attempt #1, newRequest RaftClientRequest:client-CA0EFDF6E02E->s2@group-BCC0B035F111, cid=297, seq=null, RW, m63
2024-05-03 18:50:23,282 [s2-client-thread1] DEBUG server.RaftServer$Division (RaftServerImpl.java:submitClientRequestAsync(889)) - s2@group-BCC0B035F111: receive client request(RaftClientRequest:client-CA0EFDF6E02E->s2@group-BCC0B035F111, cid=297, seq=null, RW, m63)
2024-05-03 18:50:23,282 [s2-client-thread1] DEBUG server.RaftServer$Division (LeaderStateImpl.java:addPendingRequest(530)) - s2@group-BCC0B035F111-LeaderStateImpl: addPendingRequest at RaftClientRequest:client-CA0EFDF6E02E->s2@group-BCC0B035F111, cid=297, seq=null, RW, m63, entry=(t:2, i:129), STATEMACHINELOGENTRY, WRITE: logData.size=3, stateMachineData.size=0, logEntryProtoSerializedSize=0
2024-05-03 18:50:23,283 [HandlerDaemon-2] DEBUG server.RaftServer$Division (RaftServerImpl.java:logAppendEntries(1505)) - s0@group-BCC0B035F111: appendEntries* s2->s0#298-t2,previous=(t:2, i:128),leaderCommit=128,initializing? false,entries: size=1, first=(t:2, i:129), STATEMACHINELOGENTRY, StateMachineLogEntryProto:297@client-CA0EFDF6E02E
2024-05-03 18:50:23,283 [s0-server-thread1] DEBUG server.RaftServer$Division (RaftServerImpl.java:logAppendEntries(1505)) - s0@group-BCC0B035F111: appendEntries* reply s2<-s0#298:OK-t2,SUCCESS,nextIndex=130,followerCommit=128,matchIndex=129
2024-05-03 18:50:23,290 [HandlerDaemon-1] ERROR server.RaftServer$Division (RaftServerImpl.java:appendEntriesAsync(1474)) - s1@group-BCC0B035F111: Failed appendEntries* s2->s1#235-t2,previous=(t:2, i:86),leaderCommit=86,initializing? false,entries: size=1, first=(t:2, i:87), STATEMACHINELOGENTRY, StateMachineLogEntryProto:233@client-CA0EFDF6E02E
org.apache.ratis.protocol.exceptions.ServerNotReadyException: s1@group-BCC0B035F111 is not in [STARTING, RUNNING]: current state is CLOSING
	at org.apache.ratis.server.impl.RaftServerImpl.lambda$assertLifeCycleState$7(RaftServerImpl.java:771)
	at org.apache.ratis.util.LifeCycle.assertCurrentState(LifeCycle.java:260)
	at org.apache.ratis.server.impl.RaftServerImpl.assertLifeCycleState(RaftServerImpl.java:770)
	at org.apache.ratis.server.impl.RaftServerImpl.appendEntriesAsync(RaftServerImpl.java:1465)
	at org.apache.ratis.server.impl.RaftServerImpl.appendEntries(RaftServerImpl.java:1447)
	at org.apache.ratis.server.impl.RaftServerProxy.appendEntries(RaftServerProxy.java:669)
	at org.apache.ratis.server.simulation.SimulatedServerRpc$1.handleRequest(SimulatedServerRpc.java:163)
	at org.apache.ratis.server.simulation.SimulatedServerRpc$1.handleRequest(SimulatedServerRpc.java:153)
	at org.apache.ratis.server.simulation.RequestHandler.handleRequest(RequestHandler.java:91)
	at org.apache.ratis.server.simulation.RequestHandler$HandlerDaemon.run(RequestHandler.java:125)
2024-05-03 18:50:23,294 [HandlerDaemon-0] DEBUG server.RaftServer$Division (RaftServerImpl.java:logAppendEntries(1505)) - s0@group-BCC0B035F111: appendEntries* s2->s0#299-t2,previous=(t:2, i:129),leaderCommit=129,initializing? false,entries: size=1, first=(t:2, i:130), METADATAENTRY(c:129)
2024-05-03 18:50:23,295 [s0-server-thread1] DEBUG server.RaftServer$Division (RaftServerImpl.java:logAppendEntries(1505)) - s0@group-BCC0B035F111: appendEntries* reply s2<-s0#299:OK-t2,SUCCESS,nextIndex=131,followerCommit=129,matchIndex=130
2024-05-03 18:50:23,310 [main] DEBUG client.RaftClient (RaftClientImpl.java:add(146)) - client-CA0EFDF6E02E: add replied callId 297
2024-05-03 18:50:23,310 [main] DEBUG client.RaftClient (RaftClientImpl.java:get(158)) - client-CA0EFDF6E02E: get 300 returns [297]
2024-05-03 18:50:23,310 [main] DEBUG client.RaftClient (RaftClientImpl.java:newRequest(95)) - attempt #1, newRequest RaftClientRequest:client-CA0EFDF6E02E->s2@group-BCC0B035F111, cid=300, seq=null, RW, m64
2024-05-03 18:50:23,310 [s2-client-thread1] DEBUG server.RaftServer$Division (RaftServerImpl.java:submitClientRequestAsync(889)) - s2@group-BCC0B035F111: receive client request(RaftClientRequest:client-CA0EFDF6E02E->s2@group-BCC0B035F111, cid=300, seq=null, RW, m64)
2024-05-03 18:50:23,311 [s2-client-thread1] DEBUG server.RaftServer$Division (LeaderStateImpl.java:addPendingRequest(530)) - s2@group-BCC0B035F111-LeaderStateImpl: addPendingRequest at RaftClientRequest:client-CA0EFDF6E02E->s2@group-BCC0B035F111, cid=300, seq=null, RW, m64, entry=(t:2, i:131), STATEMACHINELOGENTRY, WRITE: logData.size=3, stateMachineData.size=0, logEntryProtoSerializedSize=0
2024-05-03 18:50:23,311 [HandlerDaemon-1] DEBUG server.RaftServer$Division (RaftServerImpl.java:logAppendEntries(1505)) - s0@group-BCC0B035F111: appendEntries* s2->s0#301-t2,previous=(t:2, i:130),leaderCommit=130,initializing? false,entries: size=1, first=(t:2, i:131), STATEMACHINELOGENTRY, StateMachineLogEntryProto:300@client-CA0EFDF6E02E
2024-05-03 18:50:23,312 [s0-server-thread1] DEBUG server.RaftServer$Division (RaftServerImpl.java:logAppendEntries(1505)) - s0@group-BCC0B035F111: appendEntries* reply s2<-s0#301:OK-t2,SUCCESS,nextIndex=132,followerCommit=130,matchIndex=131
2024-05-03 18:50:23,325 [HandlerDaemon-2] DEBUG server.RaftServer$Division (RaftServerImpl.java:logAppendEntries(1505)) - s0@group-BCC0B035F111: appendEntries* s2->s0#302-t2,previous=(t:2, i:131),leaderCommit=131,initializing? false,entries: size=1, first=(t:2, i:132), METADATAENTRY(c:131)
2024-05-03 18:50:23,326 [s0-server-thread1] DEBUG server.RaftServer$Division (RaftServerImpl.java:logAppendEntries(1505)) - s0@group-BCC0B035F111: appendEntries* reply s2<-s0#302:OK-t2,SUCCESS,nextIndex=133,followerCommit=131,matchIndex=132
2024-05-03 18:50:23,330 [HandlerDaemon-2] ERROR server.RaftServer$Division (RaftServerImpl.java:appendEntriesAsync(1474)) - s1@group-BCC0B035F111: Failed appendEntries* s2->s1#235-t2,previous=(t:2, i:86),leaderCommit=86,initializing? false,entries: size=1, first=(t:2, i:87), STATEMACHINELOGENTRY, StateMachineLogEntryProto:233@client-CA0EFDF6E02E
org.apache.ratis.protocol.exceptions.ServerNotReadyException: s1@group-BCC0B035F111 is not in [STARTING, RUNNING]: current state is CLOSING
	at org.apache.ratis.server.impl.RaftServerImpl.lambda$assertLifeCycleState$7(RaftServerImpl.java:771)
	at org.apache.ratis.util.LifeCycle.assertCurrentState(LifeCycle.java:260)
	at org.apache.ratis.server.impl.RaftServerImpl.assertLifeCycleState(RaftServerImpl.java:770)
	at org.apache.ratis.server.impl.RaftServerImpl.appendEntriesAsync(RaftServerImpl.java:1465)
	at org.apache.ratis.server.impl.RaftServerImpl.appendEntries(RaftServerImpl.java:1447)
	at org.apache.ratis.server.impl.RaftServerProxy.appendEntries(RaftServerProxy.java:669)
	at org.apache.ratis.server.simulation.SimulatedServerRpc$1.handleRequest(SimulatedServerRpc.java:163)
	at org.apache.ratis.server.simulation.SimulatedServerRpc$1.handleRequest(SimulatedServerRpc.java:153)
	at org.apache.ratis.server.simulation.RequestHandler.handleRequest(RequestHandler.java:91)
	at org.apache.ratis.server.simulation.RequestHandler$HandlerDaemon.run(RequestHandler.java:125)
2024-05-03 18:50:23,340 [main] DEBUG client.RaftClient (RaftClientImpl.java:add(146)) - client-CA0EFDF6E02E: add replied callId 300
2024-05-03 18:50:23,340 [main] DEBUG client.RaftClient (RaftClientImpl.java:get(158)) - client-CA0EFDF6E02E: get 303 returns [300]
2024-05-03 18:50:23,340 [main] DEBUG client.RaftClient (RaftClientImpl.java:newRequest(95)) - attempt #1, newRequest RaftClientRequest:client-CA0EFDF6E02E->s2@group-BCC0B035F111, cid=303, seq=null, RW, m65
2024-05-03 18:50:23,341 [s2-client-thread1] DEBUG server.RaftServer$Division (RaftServerImpl.java:submitClientRequestAsync(889)) - s2@group-BCC0B035F111: receive client request(RaftClientRequest:client-CA0EFDF6E02E->s2@group-BCC0B035F111, cid=303, seq=null, RW, m65)
2024-05-03 18:50:23,341 [s2-client-thread1] DEBUG server.RaftServer$Division (LeaderStateImpl.java:addPendingRequest(530)) - s2@group-BCC0B035F111-LeaderStateImpl: addPendingRequest at RaftClientRequest:client-CA0EFDF6E02E->s2@group-BCC0B035F111, cid=303, seq=null, RW, m65, entry=(t:2, i:133), STATEMACHINELOGENTRY, WRITE: logData.size=3, stateMachineData.size=0, logEntryProtoSerializedSize=0
2024-05-03 18:50:23,342 [HandlerDaemon-0] DEBUG server.RaftServer$Division (RaftServerImpl.java:logAppendEntries(1505)) - s0@group-BCC0B035F111: appendEntries* s2->s0#304-t2,previous=(t:2, i:132),leaderCommit=132,initializing? false,entries: size=1, first=(t:2, i:133), STATEMACHINELOGENTRY, StateMachineLogEntryProto:303@client-CA0EFDF6E02E
2024-05-03 18:50:23,343 [s0-server-thread1] DEBUG server.RaftServer$Division (RaftServerImpl.java:logAppendEntries(1505)) - s0@group-BCC0B035F111: appendEntries* reply s2<-s0#304:OK-t2,SUCCESS,nextIndex=134,followerCommit=132,matchIndex=133
2024-05-03 18:50:23,357 [HandlerDaemon-1] DEBUG server.RaftServer$Division (RaftServerImpl.java:logAppendEntries(1505)) - s0@group-BCC0B035F111: appendEntries* s2->s0#305-t2,previous=(t:2, i:133),leaderCommit=133,initializing? false,entries: size=1, first=(t:2, i:134), METADATAENTRY(c:133)
2024-05-03 18:50:23,358 [s0-server-thread1] DEBUG server.RaftServer$Division (RaftServerImpl.java:logAppendEntries(1505)) - s0@group-BCC0B035F111: appendEntries* reply s2<-s0#305:OK-t2,SUCCESS,nextIndex=135,followerCommit=133,matchIndex=134
2024-05-03 18:50:23,369 [main] DEBUG client.RaftClient (RaftClientImpl.java:add(146)) - client-CA0EFDF6E02E: add replied callId 303
2024-05-03 18:50:23,369 [main] DEBUG client.RaftClient (RaftClientImpl.java:get(158)) - client-CA0EFDF6E02E: get 306 returns [303]
2024-05-03 18:50:23,370 [main] DEBUG client.RaftClient (RaftClientImpl.java:newRequest(95)) - attempt #1, newRequest RaftClientRequest:client-CA0EFDF6E02E->s2@group-BCC0B035F111, cid=306, seq=null, RW, m66
2024-05-03 18:50:23,370 [s2-client-thread1] DEBUG server.RaftServer$Division (RaftServerImpl.java:submitClientRequestAsync(889)) - s2@group-BCC0B035F111: receive client request(RaftClientRequest:client-CA0EFDF6E02E->s2@group-BCC0B035F111, cid=306, seq=null, RW, m66)
2024-05-03 18:50:23,370 [s2-client-thread1] DEBUG server.RaftServer$Division (LeaderStateImpl.java:addPendingRequest(530)) - s2@group-BCC0B035F111-LeaderStateImpl: addPendingRequest at RaftClientRequest:client-CA0EFDF6E02E->s2@group-BCC0B035F111, cid=306, seq=null, RW, m66, entry=(t:2, i:135), STATEMACHINELOGENTRY, WRITE: logData.size=3, stateMachineData.size=0, logEntryProtoSerializedSize=0
2024-05-03 18:50:23,372 [HandlerDaemon-0] ERROR server.RaftServer$Division (RaftServerImpl.java:appendEntriesAsync(1474)) - s1@group-BCC0B035F111: Failed appendEntries* s2->s1#235-t2,previous=(t:2, i:86),leaderCommit=86,initializing? false,entries: size=1, first=(t:2, i:87), STATEMACHINELOGENTRY, StateMachineLogEntryProto:233@client-CA0EFDF6E02E
org.apache.ratis.protocol.exceptions.ServerNotReadyException: s1@group-BCC0B035F111 is not in [STARTING, RUNNING]: current state is CLOSING
	at org.apache.ratis.server.impl.RaftServerImpl.lambda$assertLifeCycleState$7(RaftServerImpl.java:771)
	at org.apache.ratis.util.LifeCycle.assertCurrentState(LifeCycle.java:260)
	at org.apache.ratis.server.impl.RaftServerImpl.assertLifeCycleState(RaftServerImpl.java:770)
	at org.apache.ratis.server.impl.RaftServerImpl.appendEntriesAsync(RaftServerImpl.java:1465)
	at org.apache.ratis.server.impl.RaftServerImpl.appendEntries(RaftServerImpl.java:1447)
	at org.apache.ratis.server.impl.RaftServerProxy.appendEntries(RaftServerProxy.java:669)
	at org.apache.ratis.server.simulation.SimulatedServerRpc$1.handleRequest(SimulatedServerRpc.java:163)
	at org.apache.ratis.server.simulation.SimulatedServerRpc$1.handleRequest(SimulatedServerRpc.java:153)
	at org.apache.ratis.server.simulation.RequestHandler.handleRequest(RequestHandler.java:91)
	at org.apache.ratis.server.simulation.RequestHandler$HandlerDaemon.run(RequestHandler.java:125)
2024-05-03 18:50:23,377 [HandlerDaemon-2] DEBUG server.RaftServer$Division (RaftServerImpl.java:logAppendEntries(1505)) - s0@group-BCC0B035F111: appendEntries* s2->s0#307-t2,previous=(t:2, i:134),leaderCommit=134,initializing? false,entries: size=1, first=(t:2, i:135), STATEMACHINELOGENTRY, StateMachineLogEntryProto:306@client-CA0EFDF6E02E
2024-05-03 18:50:23,378 [s0-server-thread1] DEBUG server.RaftServer$Division (RaftServerImpl.java:logAppendEntries(1505)) - s0@group-BCC0B035F111: appendEntries* reply s2<-s0#307:OK-t2,SUCCESS,nextIndex=136,followerCommit=134,matchIndex=135
2024-05-03 18:50:23,388 [HandlerDaemon-0] DEBUG server.RaftServer$Division (RaftServerImpl.java:logAppendEntries(1505)) - s0@group-BCC0B035F111: appendEntries* s2->s0#308-t2,previous=(t:2, i:135),leaderCommit=135,initializing? false,entries: size=1, first=(t:2, i:136), METADATAENTRY(c:135)
2024-05-03 18:50:23,389 [s0-server-thread1] DEBUG server.RaftServer$Division (RaftServerImpl.java:logAppendEntries(1505)) - s0@group-BCC0B035F111: appendEntries* reply s2<-s0#308:OK-t2,SUCCESS,nextIndex=137,followerCommit=135,matchIndex=136
2024-05-03 18:50:23,407 [main] DEBUG client.RaftClient (RaftClientImpl.java:add(146)) - client-CA0EFDF6E02E: add replied callId 306
2024-05-03 18:50:23,407 [main] DEBUG client.RaftClient (RaftClientImpl.java:get(158)) - client-CA0EFDF6E02E: get 309 returns [306]
2024-05-03 18:50:23,408 [main] DEBUG client.RaftClient (RaftClientImpl.java:newRequest(95)) - attempt #1, newRequest RaftClientRequest:client-CA0EFDF6E02E->s2@group-BCC0B035F111, cid=309, seq=null, RW, m67
2024-05-03 18:50:23,408 [s2-client-thread1] DEBUG server.RaftServer$Division (RaftServerImpl.java:submitClientRequestAsync(889)) - s2@group-BCC0B035F111: receive client request(RaftClientRequest:client-CA0EFDF6E02E->s2@group-BCC0B035F111, cid=309, seq=null, RW, m67)
2024-05-03 18:50:23,408 [s2-client-thread1] DEBUG server.RaftServer$Division (LeaderStateImpl.java:addPendingRequest(530)) - s2@group-BCC0B035F111-LeaderStateImpl: addPendingRequest at RaftClientRequest:client-CA0EFDF6E02E->s2@group-BCC0B035F111, cid=309, seq=null, RW, m67, entry=(t:2, i:137), STATEMACHINELOGENTRY, WRITE: logData.size=3, stateMachineData.size=0, logEntryProtoSerializedSize=0
2024-05-03 18:50:23,408 [HandlerDaemon-1] DEBUG server.RaftServer$Division (RaftServerImpl.java:logAppendEntries(1505)) - s0@group-BCC0B035F111: appendEntries* s2->s0#310-t2,previous=(t:2, i:136),leaderCommit=136,initializing? false,entries: size=1, first=(t:2, i:137), STATEMACHINELOGENTRY, StateMachineLogEntryProto:309@client-CA0EFDF6E02E
2024-05-03 18:50:23,409 [s0-server-thread1] DEBUG server.RaftServer$Division (RaftServerImpl.java:logAppendEntries(1505)) - s0@group-BCC0B035F111: appendEntries* reply s2<-s0#310:OK-t2,SUCCESS,nextIndex=138,followerCommit=136,matchIndex=137
2024-05-03 18:50:23,410 [HandlerDaemon-1] ERROR server.RaftServer$Division (RaftServerImpl.java:appendEntriesAsync(1474)) - s1@group-BCC0B035F111: Failed appendEntries* s2->s1#235-t2,previous=(t:2, i:86),leaderCommit=86,initializing? false,entries: size=1, first=(t:2, i:87), STATEMACHINELOGENTRY, StateMachineLogEntryProto:233@client-CA0EFDF6E02E
org.apache.ratis.protocol.exceptions.ServerNotReadyException: s1@group-BCC0B035F111 is not in [STARTING, RUNNING]: current state is CLOSING
	at org.apache.ratis.server.impl.RaftServerImpl.lambda$assertLifeCycleState$7(RaftServerImpl.java:771)
	at org.apache.ratis.util.LifeCycle.assertCurrentState(LifeCycle.java:260)
	at org.apache.ratis.server.impl.RaftServerImpl.assertLifeCycleState(RaftServerImpl.java:770)
	at org.apache.ratis.server.impl.RaftServerImpl.appendEntriesAsync(RaftServerImpl.java:1465)
	at org.apache.ratis.server.impl.RaftServerImpl.appendEntries(RaftServerImpl.java:1447)
	at org.apache.ratis.server.impl.RaftServerProxy.appendEntries(RaftServerProxy.java:669)
	at org.apache.ratis.server.simulation.SimulatedServerRpc$1.handleRequest(SimulatedServerRpc.java:163)
	at org.apache.ratis.server.simulation.SimulatedServerRpc$1.handleRequest(SimulatedServerRpc.java:153)
	at org.apache.ratis.server.simulation.RequestHandler.handleRequest(RequestHandler.java:91)
	at org.apache.ratis.server.simulation.RequestHandler$HandlerDaemon.run(RequestHandler.java:125)
2024-05-03 18:50:23,421 [HandlerDaemon-2] DEBUG server.RaftServer$Division (RaftServerImpl.java:logAppendEntries(1505)) - s0@group-BCC0B035F111: appendEntries* s2->s0#311-t2,previous=(t:2, i:137),leaderCommit=137,initializing? false,entries: size=1, first=(t:2, i:138), METADATAENTRY(c:137)
2024-05-03 18:50:23,421 [s0-server-thread1] DEBUG server.RaftServer$Division (RaftServerImpl.java:logAppendEntries(1505)) - s0@group-BCC0B035F111: appendEntries* reply s2<-s0#311:OK-t2,SUCCESS,nextIndex=139,followerCommit=137,matchIndex=138
2024-05-03 18:50:23,428 [s2@group-BCC0B035F111->s1-LogAppenderDefault-LogAppenderDaemon] WARN  leader.LogAppender (LogAppenderDefault.java:sendAppendEntriesWithRetries(89)) - s2@group-BCC0B035F111->s1-LogAppenderDefault: Failed to appendEntries (retry=21)
org.apache.ratis.protocol.exceptions.ServerNotReadyException: s1@group-BCC0B035F111 is not in [STARTING, RUNNING]: current state is CLOSING
	at org.apache.ratis.server.impl.RaftServerImpl.lambda$assertLifeCycleState$7(RaftServerImpl.java:771)
	at org.apache.ratis.util.LifeCycle.assertCurrentState(LifeCycle.java:260)
	at org.apache.ratis.server.impl.RaftServerImpl.assertLifeCycleState(RaftServerImpl.java:770)
	at org.apache.ratis.server.impl.RaftServerImpl.appendEntriesAsync(RaftServerImpl.java:1465)
	at org.apache.ratis.server.impl.RaftServerImpl.appendEntries(RaftServerImpl.java:1447)
	at org.apache.ratis.server.impl.RaftServerProxy.appendEntries(RaftServerProxy.java:669)
	at org.apache.ratis.server.simulation.SimulatedServerRpc$1.handleRequest(SimulatedServerRpc.java:163)
	at org.apache.ratis.server.simulation.SimulatedServerRpc$1.handleRequest(SimulatedServerRpc.java:153)
	at org.apache.ratis.server.simulation.RequestHandler.handleRequest(RequestHandler.java:91)
	at org.apache.ratis.server.simulation.RequestHandler$HandlerDaemon.run(RequestHandler.java:125)
2024-05-03 18:50:23,435 [main] DEBUG client.RaftClient (RaftClientImpl.java:add(146)) - client-CA0EFDF6E02E: add replied callId 309
2024-05-03 18:50:23,435 [main] DEBUG client.RaftClient (RaftClientImpl.java:get(158)) - client-CA0EFDF6E02E: get 312 returns [309]
2024-05-03 18:50:23,435 [main] DEBUG client.RaftClient (RaftClientImpl.java:newRequest(95)) - attempt #1, newRequest RaftClientRequest:client-CA0EFDF6E02E->s2@group-BCC0B035F111, cid=312, seq=null, RW, m68
2024-05-03 18:50:23,435 [s2-client-thread1] DEBUG server.RaftServer$Division (RaftServerImpl.java:submitClientRequestAsync(889)) - s2@group-BCC0B035F111: receive client request(RaftClientRequest:client-CA0EFDF6E02E->s2@group-BCC0B035F111, cid=312, seq=null, RW, m68)
2024-05-03 18:50:23,435 [s2-client-thread1] DEBUG server.RaftServer$Division (LeaderStateImpl.java:addPendingRequest(530)) - s2@group-BCC0B035F111-LeaderStateImpl: addPendingRequest at RaftClientRequest:client-CA0EFDF6E02E->s2@group-BCC0B035F111, cid=312, seq=null, RW, m68, entry=(t:2, i:139), STATEMACHINELOGENTRY, WRITE: logData.size=3, stateMachineData.size=0, logEntryProtoSerializedSize=0
2024-05-03 18:50:23,436 [HandlerDaemon-0] DEBUG server.RaftServer$Division (RaftServerImpl.java:logAppendEntries(1505)) - s0@group-BCC0B035F111: appendEntries* s2->s0#313-t2,previous=(t:2, i:138),leaderCommit=138,initializing? false,entries: size=1, first=(t:2, i:139), STATEMACHINELOGENTRY, StateMachineLogEntryProto:312@client-CA0EFDF6E02E
2024-05-03 18:50:23,436 [s0-server-thread1] DEBUG server.RaftServer$Division (RaftServerImpl.java:logAppendEntries(1505)) - s0@group-BCC0B035F111: appendEntries* reply s2<-s0#313:OK-t2,SUCCESS,nextIndex=140,followerCommit=138,matchIndex=139
2024-05-03 18:50:23,454 [HandlerDaemon-2] ERROR server.RaftServer$Division (RaftServerImpl.java:appendEntriesAsync(1474)) - s1@group-BCC0B035F111: Failed appendEntries* s2->s1#235-t2,previous=(t:2, i:86),leaderCommit=86,initializing? false,entries: size=1, first=(t:2, i:87), STATEMACHINELOGENTRY, StateMachineLogEntryProto:233@client-CA0EFDF6E02E
org.apache.ratis.protocol.exceptions.ServerNotReadyException: s1@group-BCC0B035F111 is not in [STARTING, RUNNING]: current state is CLOSING
	at org.apache.ratis.server.impl.RaftServerImpl.lambda$assertLifeCycleState$7(RaftServerImpl.java:771)
	at org.apache.ratis.util.LifeCycle.assertCurrentState(LifeCycle.java:260)
	at org.apache.ratis.server.impl.RaftServerImpl.assertLifeCycleState(RaftServerImpl.java:770)
	at org.apache.ratis.server.impl.RaftServerImpl.appendEntriesAsync(RaftServerImpl.java:1465)
	at org.apache.ratis.server.impl.RaftServerImpl.appendEntries(RaftServerImpl.java:1447)
	at org.apache.ratis.server.impl.RaftServerProxy.appendEntries(RaftServerProxy.java:669)
	at org.apache.ratis.server.simulation.SimulatedServerRpc$1.handleRequest(SimulatedServerRpc.java:163)
	at org.apache.ratis.server.simulation.SimulatedServerRpc$1.handleRequest(SimulatedServerRpc.java:153)
	at org.apache.ratis.server.simulation.RequestHandler.handleRequest(RequestHandler.java:91)
	at org.apache.ratis.server.simulation.RequestHandler$HandlerDaemon.run(RequestHandler.java:125)
2024-05-03 18:50:23,456 [HandlerDaemon-1] DEBUG server.RaftServer$Division (RaftServerImpl.java:logAppendEntries(1505)) - s0@group-BCC0B035F111: appendEntries* s2->s0#314-t2,previous=(t:2, i:139),leaderCommit=139,initializing? false,entries: size=1, first=(t:2, i:140), METADATAENTRY(c:139)
2024-05-03 18:50:23,456 [s0-server-thread1] DEBUG server.RaftServer$Division (RaftServerImpl.java:logAppendEntries(1505)) - s0@group-BCC0B035F111: appendEntries* reply s2<-s0#314:OK-t2,SUCCESS,nextIndex=141,followerCommit=139,matchIndex=140
2024-05-03 18:50:23,472 [main] DEBUG client.RaftClient (RaftClientImpl.java:add(146)) - client-CA0EFDF6E02E: add replied callId 312
2024-05-03 18:50:23,472 [main] DEBUG client.RaftClient (RaftClientImpl.java:get(158)) - client-CA0EFDF6E02E: get 315 returns [312]
2024-05-03 18:50:23,472 [main] DEBUG client.RaftClient (RaftClientImpl.java:newRequest(95)) - attempt #1, newRequest RaftClientRequest:client-CA0EFDF6E02E->s2@group-BCC0B035F111, cid=315, seq=null, RW, m69
2024-05-03 18:50:23,472 [s2-client-thread1] DEBUG server.RaftServer$Division (RaftServerImpl.java:submitClientRequestAsync(889)) - s2@group-BCC0B035F111: receive client request(RaftClientRequest:client-CA0EFDF6E02E->s2@group-BCC0B035F111, cid=315, seq=null, RW, m69)
2024-05-03 18:50:23,473 [s2-client-thread1] DEBUG server.RaftServer$Division (LeaderStateImpl.java:addPendingRequest(530)) - s2@group-BCC0B035F111-LeaderStateImpl: addPendingRequest at RaftClientRequest:client-CA0EFDF6E02E->s2@group-BCC0B035F111, cid=315, seq=null, RW, m69, entry=(t:2, i:141), STATEMACHINELOGENTRY, WRITE: logData.size=3, stateMachineData.size=0, logEntryProtoSerializedSize=0
2024-05-03 18:50:23,473 [HandlerDaemon-2] DEBUG server.RaftServer$Division (RaftServerImpl.java:logAppendEntries(1505)) - s0@group-BCC0B035F111: appendEntries* s2->s0#316-t2,previous=(t:2, i:140),leaderCommit=140,initializing? false,entries: size=1, first=(t:2, i:141), STATEMACHINELOGENTRY, StateMachineLogEntryProto:315@client-CA0EFDF6E02E
2024-05-03 18:50:23,474 [s0-server-thread1] DEBUG server.RaftServer$Division (RaftServerImpl.java:logAppendEntries(1505)) - s0@group-BCC0B035F111: appendEntries* reply s2<-s0#316:OK-t2,SUCCESS,nextIndex=142,followerCommit=140,matchIndex=141
2024-05-03 18:50:23,491 [HandlerDaemon-0] DEBUG server.RaftServer$Division (RaftServerImpl.java:logAppendEntries(1505)) - s0@group-BCC0B035F111: appendEntries* s2->s0#317-t2,previous=(t:2, i:141),leaderCommit=141,initializing? false,entries: size=1, first=(t:2, i:142), METADATAENTRY(c:141)
2024-05-03 18:50:23,492 [s0-server-thread1] DEBUG server.RaftServer$Division (RaftServerImpl.java:logAppendEntries(1505)) - s0@group-BCC0B035F111: appendEntries* reply s2<-s0#317:OK-t2,SUCCESS,nextIndex=143,followerCommit=141,matchIndex=142
2024-05-03 18:50:23,493 [HandlerDaemon-0] ERROR server.RaftServer$Division (RaftServerImpl.java:appendEntriesAsync(1474)) - s1@group-BCC0B035F111: Failed appendEntries* s2->s1#235-t2,previous=(t:2, i:86),leaderCommit=86,initializing? false,entries: size=1, first=(t:2, i:87), STATEMACHINELOGENTRY, StateMachineLogEntryProto:233@client-CA0EFDF6E02E
org.apache.ratis.protocol.exceptions.ServerNotReadyException: s1@group-BCC0B035F111 is not in [STARTING, RUNNING]: current state is CLOSING
	at org.apache.ratis.server.impl.RaftServerImpl.lambda$assertLifeCycleState$7(RaftServerImpl.java:771)
	at org.apache.ratis.util.LifeCycle.assertCurrentState(LifeCycle.java:260)
	at org.apache.ratis.server.impl.RaftServerImpl.assertLifeCycleState(RaftServerImpl.java:770)
	at org.apache.ratis.server.impl.RaftServerImpl.appendEntriesAsync(RaftServerImpl.java:1465)
	at org.apache.ratis.server.impl.RaftServerImpl.appendEntries(RaftServerImpl.java:1447)
	at org.apache.ratis.server.impl.RaftServerProxy.appendEntries(RaftServerProxy.java:669)
	at org.apache.ratis.server.simulation.SimulatedServerRpc$1.handleRequest(SimulatedServerRpc.java:163)
	at org.apache.ratis.server.simulation.SimulatedServerRpc$1.handleRequest(SimulatedServerRpc.java:153)
	at org.apache.ratis.server.simulation.RequestHandler.handleRequest(RequestHandler.java:91)
	at org.apache.ratis.server.simulation.RequestHandler$HandlerDaemon.run(RequestHandler.java:125)
2024-05-03 18:50:23,503 [main] DEBUG client.RaftClient (RaftClientImpl.java:add(146)) - client-CA0EFDF6E02E: add replied callId 315
2024-05-03 18:50:23,503 [main] DEBUG client.RaftClient (RaftClientImpl.java:get(158)) - client-CA0EFDF6E02E: get 318 returns [315]
2024-05-03 18:50:23,504 [main] DEBUG client.RaftClient (RaftClientImpl.java:newRequest(95)) - attempt #1, newRequest RaftClientRequest:client-CA0EFDF6E02E->s2@group-BCC0B035F111, cid=318, seq=null, RW, m70
2024-05-03 18:50:23,504 [s2-client-thread1] DEBUG server.RaftServer$Division (RaftServerImpl.java:submitClientRequestAsync(889)) - s2@group-BCC0B035F111: receive client request(RaftClientRequest:client-CA0EFDF6E02E->s2@group-BCC0B035F111, cid=318, seq=null, RW, m70)
2024-05-03 18:50:23,504 [s2-client-thread1] DEBUG server.RaftServer$Division (LeaderStateImpl.java:addPendingRequest(530)) - s2@group-BCC0B035F111-LeaderStateImpl: addPendingRequest at RaftClientRequest:client-CA0EFDF6E02E->s2@group-BCC0B035F111, cid=318, seq=null, RW, m70, entry=(t:2, i:143), STATEMACHINELOGENTRY, WRITE: logData.size=3, stateMachineData.size=0, logEntryProtoSerializedSize=0
2024-05-03 18:50:23,509 [HandlerDaemon-1] DEBUG server.RaftServer$Division (RaftServerImpl.java:logAppendEntries(1505)) - s0@group-BCC0B035F111: appendEntries* s2->s0#319-t2,previous=(t:2, i:142),leaderCommit=142,initializing? false,entries: size=1, first=(t:2, i:143), STATEMACHINELOGENTRY, StateMachineLogEntryProto:318@client-CA0EFDF6E02E
2024-05-03 18:50:23,510 [s0-server-thread1] DEBUG server.RaftServer$Division (RaftServerImpl.java:logAppendEntries(1505)) - s0@group-BCC0B035F111: appendEntries* reply s2<-s0#319:OK-t2,SUCCESS,nextIndex=144,followerCommit=142,matchIndex=143
2024-05-03 18:50:23,523 [HandlerDaemon-2] DEBUG server.RaftServer$Division (RaftServerImpl.java:logAppendEntries(1505)) - s0@group-BCC0B035F111: appendEntries* s2->s0#320-t2,previous=(t:2, i:143),leaderCommit=143,initializing? false,entries: size=1, first=(t:2, i:144), METADATAENTRY(c:143)
2024-05-03 18:50:23,523 [s0-server-thread1] DEBUG server.RaftServer$Division (RaftServerImpl.java:logAppendEntries(1505)) - s0@group-BCC0B035F111: appendEntries* reply s2<-s0#320:OK-t2,SUCCESS,nextIndex=145,followerCommit=143,matchIndex=144
2024-05-03 18:50:23,535 [HandlerDaemon-1] ERROR server.RaftServer$Division (RaftServerImpl.java:appendEntriesAsync(1474)) - s1@group-BCC0B035F111: Failed appendEntries* s2->s1#235-t2,previous=(t:2, i:86),leaderCommit=86,initializing? false,entries: size=1, first=(t:2, i:87), STATEMACHINELOGENTRY, StateMachineLogEntryProto:233@client-CA0EFDF6E02E
org.apache.ratis.protocol.exceptions.ServerNotReadyException: s1@group-BCC0B035F111 is not in [STARTING, RUNNING]: current state is CLOSING
	at org.apache.ratis.server.impl.RaftServerImpl.lambda$assertLifeCycleState$7(RaftServerImpl.java:771)
	at org.apache.ratis.util.LifeCycle.assertCurrentState(LifeCycle.java:260)
	at org.apache.ratis.server.impl.RaftServerImpl.assertLifeCycleState(RaftServerImpl.java:770)
	at org.apache.ratis.server.impl.RaftServerImpl.appendEntriesAsync(RaftServerImpl.java:1465)
	at org.apache.ratis.server.impl.RaftServerImpl.appendEntries(RaftServerImpl.java:1447)
	at org.apache.ratis.server.impl.RaftServerProxy.appendEntries(RaftServerProxy.java:669)
	at org.apache.ratis.server.simulation.SimulatedServerRpc$1.handleRequest(SimulatedServerRpc.java:163)
	at org.apache.ratis.server.simulation.SimulatedServerRpc$1.handleRequest(SimulatedServerRpc.java:153)
	at org.apache.ratis.server.simulation.RequestHandler.handleRequest(RequestHandler.java:91)
	at org.apache.ratis.server.simulation.RequestHandler$HandlerDaemon.run(RequestHandler.java:125)
2024-05-03 18:50:23,539 [main] DEBUG client.RaftClient (RaftClientImpl.java:add(146)) - client-CA0EFDF6E02E: add replied callId 318
2024-05-03 18:50:23,539 [main] DEBUG client.RaftClient (RaftClientImpl.java:get(158)) - client-CA0EFDF6E02E: get 321 returns [318]
2024-05-03 18:50:23,539 [main] DEBUG client.RaftClient (RaftClientImpl.java:newRequest(95)) - attempt #1, newRequest RaftClientRequest:client-CA0EFDF6E02E->s2@group-BCC0B035F111, cid=321, seq=null, RW, m71
2024-05-03 18:50:23,539 [s2-client-thread1] DEBUG server.RaftServer$Division (RaftServerImpl.java:submitClientRequestAsync(889)) - s2@group-BCC0B035F111: receive client request(RaftClientRequest:client-CA0EFDF6E02E->s2@group-BCC0B035F111, cid=321, seq=null, RW, m71)
2024-05-03 18:50:23,540 [s2-client-thread1] DEBUG server.RaftServer$Division (LeaderStateImpl.java:addPendingRequest(530)) - s2@group-BCC0B035F111-LeaderStateImpl: addPendingRequest at RaftClientRequest:client-CA0EFDF6E02E->s2@group-BCC0B035F111, cid=321, seq=null, RW, m71, entry=(t:2, i:145), STATEMACHINELOGENTRY, WRITE: logData.size=3, stateMachineData.size=0, logEntryProtoSerializedSize=0
2024-05-03 18:50:23,540 [HandlerDaemon-0] DEBUG server.RaftServer$Division (RaftServerImpl.java:logAppendEntries(1505)) - s0@group-BCC0B035F111: appendEntries* s2->s0#322-t2,previous=(t:2, i:144),leaderCommit=144,initializing? false,entries: size=1, first=(t:2, i:145), STATEMACHINELOGENTRY, StateMachineLogEntryProto:321@client-CA0EFDF6E02E
2024-05-03 18:50:23,540 [s0-server-thread1] DEBUG server.RaftServer$Division (RaftServerImpl.java:logAppendEntries(1505)) - s0@group-BCC0B035F111: appendEntries* reply s2<-s0#322:OK-t2,SUCCESS,nextIndex=146,followerCommit=144,matchIndex=145
2024-05-03 18:50:23,552 [HandlerDaemon-1] DEBUG server.RaftServer$Division (RaftServerImpl.java:logAppendEntries(1505)) - s0@group-BCC0B035F111: appendEntries* s2->s0#323-t2,previous=(t:2, i:145),leaderCommit=145,initializing? false,entries: size=1, first=(t:2, i:146), METADATAENTRY(c:145)
2024-05-03 18:50:23,553 [s0-server-thread1] DEBUG server.RaftServer$Division (RaftServerImpl.java:logAppendEntries(1505)) - s0@group-BCC0B035F111: appendEntries* reply s2<-s0#323:OK-t2,SUCCESS,nextIndex=147,followerCommit=145,matchIndex=146
2024-05-03 18:50:23,562 [main] DEBUG client.RaftClient (RaftClientImpl.java:add(146)) - client-CA0EFDF6E02E: add replied callId 321
2024-05-03 18:50:23,562 [main] DEBUG client.RaftClient (RaftClientImpl.java:get(158)) - client-CA0EFDF6E02E: get 324 returns [321]
2024-05-03 18:50:23,562 [main] DEBUG client.RaftClient (RaftClientImpl.java:newRequest(95)) - attempt #1, newRequest RaftClientRequest:client-CA0EFDF6E02E->s2@group-BCC0B035F111, cid=324, seq=null, RW, m72
2024-05-03 18:50:23,563 [s2-client-thread1] DEBUG server.RaftServer$Division (RaftServerImpl.java:submitClientRequestAsync(889)) - s2@group-BCC0B035F111: receive client request(RaftClientRequest:client-CA0EFDF6E02E->s2@group-BCC0B035F111, cid=324, seq=null, RW, m72)
2024-05-03 18:50:23,563 [s2-client-thread1] DEBUG server.RaftServer$Division (LeaderStateImpl.java:addPendingRequest(530)) - s2@group-BCC0B035F111-LeaderStateImpl: addPendingRequest at RaftClientRequest:client-CA0EFDF6E02E->s2@group-BCC0B035F111, cid=324, seq=null, RW, m72, entry=(t:2, i:147), STATEMACHINELOGENTRY, WRITE: logData.size=3, stateMachineData.size=0, logEntryProtoSerializedSize=0
2024-05-03 18:50:23,569 [HandlerDaemon-2] DEBUG server.RaftServer$Division (RaftServerImpl.java:logAppendEntries(1505)) - s0@group-BCC0B035F111: appendEntries* s2->s0#325-t2,previous=(t:2, i:146),leaderCommit=146,initializing? false,entries: size=1, first=(t:2, i:147), STATEMACHINELOGENTRY, StateMachineLogEntryProto:324@client-CA0EFDF6E02E
2024-05-03 18:50:23,570 [s0-server-thread1] DEBUG server.RaftServer$Division (RaftServerImpl.java:logAppendEntries(1505)) - s0@group-BCC0B035F111: appendEntries* reply s2<-s0#325:OK-t2,SUCCESS,nextIndex=148,followerCommit=146,matchIndex=147
2024-05-03 18:50:23,573 [HandlerDaemon-2] ERROR server.RaftServer$Division (RaftServerImpl.java:appendEntriesAsync(1474)) - s1@group-BCC0B035F111: Failed appendEntries* s2->s1#235-t2,previous=(t:2, i:86),leaderCommit=86,initializing? false,entries: size=1, first=(t:2, i:87), STATEMACHINELOGENTRY, StateMachineLogEntryProto:233@client-CA0EFDF6E02E
org.apache.ratis.protocol.exceptions.ServerNotReadyException: s1@group-BCC0B035F111 is not in [STARTING, RUNNING]: current state is CLOSING
	at org.apache.ratis.server.impl.RaftServerImpl.lambda$assertLifeCycleState$7(RaftServerImpl.java:771)
	at org.apache.ratis.util.LifeCycle.assertCurrentState(LifeCycle.java:260)
	at org.apache.ratis.server.impl.RaftServerImpl.assertLifeCycleState(RaftServerImpl.java:770)
	at org.apache.ratis.server.impl.RaftServerImpl.appendEntriesAsync(RaftServerImpl.java:1465)
	at org.apache.ratis.server.impl.RaftServerImpl.appendEntries(RaftServerImpl.java:1447)
	at org.apache.ratis.server.impl.RaftServerProxy.appendEntries(RaftServerProxy.java:669)
	at org.apache.ratis.server.simulation.SimulatedServerRpc$1.handleRequest(SimulatedServerRpc.java:163)
	at org.apache.ratis.server.simulation.SimulatedServerRpc$1.handleRequest(SimulatedServerRpc.java:153)
	at org.apache.ratis.server.simulation.RequestHandler.handleRequest(RequestHandler.java:91)
	at org.apache.ratis.server.simulation.RequestHandler$HandlerDaemon.run(RequestHandler.java:125)
2024-05-03 18:50:23,583 [HandlerDaemon-0] DEBUG server.RaftServer$Division (RaftServerImpl.java:logAppendEntries(1505)) - s0@group-BCC0B035F111: appendEntries* s2->s0#326-t2,previous=(t:2, i:147),leaderCommit=147,initializing? false,entries: size=1, first=(t:2, i:148), METADATAENTRY(c:147)
2024-05-03 18:50:23,583 [s0-server-thread1] DEBUG server.RaftServer$Division (RaftServerImpl.java:logAppendEntries(1505)) - s0@group-BCC0B035F111: appendEntries* reply s2<-s0#326:OK-t2,SUCCESS,nextIndex=149,followerCommit=147,matchIndex=148
2024-05-03 18:50:23,598 [main] DEBUG client.RaftClient (RaftClientImpl.java:add(146)) - client-CA0EFDF6E02E: add replied callId 324
2024-05-03 18:50:23,599 [main] DEBUG client.RaftClient (RaftClientImpl.java:get(158)) - client-CA0EFDF6E02E: get 327 returns [324]
2024-05-03 18:50:23,599 [main] DEBUG client.RaftClient (RaftClientImpl.java:newRequest(95)) - attempt #1, newRequest RaftClientRequest:client-CA0EFDF6E02E->s2@group-BCC0B035F111, cid=327, seq=null, RW, m73
2024-05-03 18:50:23,599 [s2-client-thread1] DEBUG server.RaftServer$Division (RaftServerImpl.java:submitClientRequestAsync(889)) - s2@group-BCC0B035F111: receive client request(RaftClientRequest:client-CA0EFDF6E02E->s2@group-BCC0B035F111, cid=327, seq=null, RW, m73)
2024-05-03 18:50:23,600 [s2-client-thread1] DEBUG server.RaftServer$Division (LeaderStateImpl.java:addPendingRequest(530)) - s2@group-BCC0B035F111-LeaderStateImpl: addPendingRequest at RaftClientRequest:client-CA0EFDF6E02E->s2@group-BCC0B035F111, cid=327, seq=null, RW, m73, entry=(t:2, i:149), STATEMACHINELOGENTRY, WRITE: logData.size=3, stateMachineData.size=0, logEntryProtoSerializedSize=0
2024-05-03 18:50:23,600 [HandlerDaemon-1] DEBUG server.RaftServer$Division (RaftServerImpl.java:logAppendEntries(1505)) - s0@group-BCC0B035F111: appendEntries* s2->s0#328-t2,previous=(t:2, i:148),leaderCommit=148,initializing? false,entries: size=1, first=(t:2, i:149), STATEMACHINELOGENTRY, StateMachineLogEntryProto:327@client-CA0EFDF6E02E
2024-05-03 18:50:23,601 [s0-server-thread1] DEBUG server.RaftServer$Division (RaftServerImpl.java:logAppendEntries(1505)) - s0@group-BCC0B035F111: appendEntries* reply s2<-s0#328:OK-t2,SUCCESS,nextIndex=150,followerCommit=148,matchIndex=149
2024-05-03 18:50:23,609 [HandlerDaemon-0] ERROR server.RaftServer$Division (RaftServerImpl.java:appendEntriesAsync(1474)) - s1@group-BCC0B035F111: Failed appendEntries* s2->s1#235-t2,previous=(t:2, i:86),leaderCommit=86,initializing? false,entries: size=1, first=(t:2, i:87), STATEMACHINELOGENTRY, StateMachineLogEntryProto:233@client-CA0EFDF6E02E
org.apache.ratis.protocol.exceptions.ServerNotReadyException: s1@group-BCC0B035F111 is not in [STARTING, RUNNING]: current state is CLOSING
	at org.apache.ratis.server.impl.RaftServerImpl.lambda$assertLifeCycleState$7(RaftServerImpl.java:771)
	at org.apache.ratis.util.LifeCycle.assertCurrentState(LifeCycle.java:260)
	at org.apache.ratis.server.impl.RaftServerImpl.assertLifeCycleState(RaftServerImpl.java:770)
	at org.apache.ratis.server.impl.RaftServerImpl.appendEntriesAsync(RaftServerImpl.java:1465)
	at org.apache.ratis.server.impl.RaftServerImpl.appendEntries(RaftServerImpl.java:1447)
	at org.apache.ratis.server.impl.RaftServerProxy.appendEntries(RaftServerProxy.java:669)
	at org.apache.ratis.server.simulation.SimulatedServerRpc$1.handleRequest(SimulatedServerRpc.java:163)
	at org.apache.ratis.server.simulation.SimulatedServerRpc$1.handleRequest(SimulatedServerRpc.java:153)
	at org.apache.ratis.server.simulation.RequestHandler.handleRequest(RequestHandler.java:91)
	at org.apache.ratis.server.simulation.RequestHandler$HandlerDaemon.run(RequestHandler.java:125)
2024-05-03 18:50:23,613 [s1@group-BCC0B035F111-StateMachineUpdater] INFO  segmented.SegmentedRaftLogWorker (SegmentedRaftLogWorker.java:close(248)) - s1@group-BCC0B035F111-SegmentedRaftLogWorker close()
2024-05-03 18:50:23,619 [HandlerDaemon-2] DEBUG server.RaftServer$Division (RaftServerImpl.java:logAppendEntries(1505)) - s0@group-BCC0B035F111: appendEntries* s2->s0#329-t2,previous=(t:2, i:149),leaderCommit=149,initializing? false,entries: size=1, first=(t:2, i:150), METADATAENTRY(c:149)
2024-05-03 18:50:23,619 [s0-server-thread1] DEBUG server.RaftServer$Division (RaftServerImpl.java:logAppendEntries(1505)) - s0@group-BCC0B035F111: appendEntries* reply s2<-s0#329:OK-t2,SUCCESS,nextIndex=151,followerCommit=149,matchIndex=150
2024-05-03 18:50:23,631 [main] DEBUG client.RaftClient (RaftClientImpl.java:add(146)) - client-CA0EFDF6E02E: add replied callId 327
2024-05-03 18:50:23,631 [main] DEBUG client.RaftClient (RaftClientImpl.java:get(158)) - client-CA0EFDF6E02E: get 330 returns [327]
2024-05-03 18:50:23,631 [main] DEBUG client.RaftClient (RaftClientImpl.java:newRequest(95)) - attempt #1, newRequest RaftClientRequest:client-CA0EFDF6E02E->s2@group-BCC0B035F111, cid=330, seq=null, RW, m74
2024-05-03 18:50:23,631 [s2-client-thread1] DEBUG server.RaftServer$Division (RaftServerImpl.java:submitClientRequestAsync(889)) - s2@group-BCC0B035F111: receive client request(RaftClientRequest:client-CA0EFDF6E02E->s2@group-BCC0B035F111, cid=330, seq=null, RW, m74)
2024-05-03 18:50:23,632 [s2-client-thread1] DEBUG server.RaftServer$Division (LeaderStateImpl.java:addPendingRequest(530)) - s2@group-BCC0B035F111-LeaderStateImpl: addPendingRequest at RaftClientRequest:client-CA0EFDF6E02E->s2@group-BCC0B035F111, cid=330, seq=null, RW, m74, entry=(t:2, i:151), STATEMACHINELOGENTRY, WRITE: logData.size=3, stateMachineData.size=0, logEntryProtoSerializedSize=0
2024-05-03 18:50:23,638 [HandlerDaemon-0] DEBUG server.RaftServer$Division (RaftServerImpl.java:logAppendEntries(1505)) - s0@group-BCC0B035F111: appendEntries* s2->s0#331-t2,previous=(t:2, i:150),leaderCommit=150,initializing? false,entries: size=1, first=(t:2, i:151), STATEMACHINELOGENTRY, StateMachineLogEntryProto:330@client-CA0EFDF6E02E
2024-05-03 18:50:23,639 [s0-server-thread1] DEBUG server.RaftServer$Division (RaftServerImpl.java:logAppendEntries(1505)) - s0@group-BCC0B035F111: appendEntries* reply s2<-s0#331:OK-t2,SUCCESS,nextIndex=152,followerCommit=150,matchIndex=151
2024-05-03 18:50:23,652 [HandlerDaemon-1] ERROR server.RaftServer$Division (RaftServerImpl.java:appendEntriesAsync(1474)) - s1@group-BCC0B035F111: Failed appendEntries* s2->s1#235-t2,previous=(t:2, i:86),leaderCommit=86,initializing? false,entries: size=1, first=(t:2, i:87), STATEMACHINELOGENTRY, StateMachineLogEntryProto:233@client-CA0EFDF6E02E
org.apache.ratis.protocol.exceptions.ServerNotReadyException: s1@group-BCC0B035F111 is not in [STARTING, RUNNING]: current state is CLOSED
	at org.apache.ratis.server.impl.RaftServerImpl.lambda$assertLifeCycleState$7(RaftServerImpl.java:771)
	at org.apache.ratis.util.LifeCycle.assertCurrentState(LifeCycle.java:260)
	at org.apache.ratis.server.impl.RaftServerImpl.assertLifeCycleState(RaftServerImpl.java:770)
	at org.apache.ratis.server.impl.RaftServerImpl.appendEntriesAsync(RaftServerImpl.java:1465)
	at org.apache.ratis.server.impl.RaftServerImpl.appendEntries(RaftServerImpl.java:1447)
	at org.apache.ratis.server.impl.RaftServerProxy.appendEntries(RaftServerProxy.java:669)
	at org.apache.ratis.server.simulation.SimulatedServerRpc$1.handleRequest(SimulatedServerRpc.java:163)
	at org.apache.ratis.server.simulation.SimulatedServerRpc$1.handleRequest(SimulatedServerRpc.java:153)
	at org.apache.ratis.server.simulation.RequestHandler.handleRequest(RequestHandler.java:91)
	at org.apache.ratis.server.simulation.RequestHandler$HandlerDaemon.run(RequestHandler.java:125)
2024-05-03 18:50:23,653 [HandlerDaemon-1] DEBUG server.RaftServer$Division (RaftServerImpl.java:logAppendEntries(1505)) - s0@group-BCC0B035F111: appendEntries* s2->s0#332-t2,previous=(t:2, i:151),leaderCommit=151,initializing? false,entries: size=1, first=(t:2, i:152), METADATAENTRY(c:151)
2024-05-03 18:50:23,653 [s0-server-thread1] DEBUG server.RaftServer$Division (RaftServerImpl.java:logAppendEntries(1505)) - s0@group-BCC0B035F111: appendEntries* reply s2<-s0#332:OK-t2,SUCCESS,nextIndex=153,followerCommit=151,matchIndex=152
2024-05-03 18:50:23,663 [main] DEBUG client.RaftClient (RaftClientImpl.java:add(146)) - client-CA0EFDF6E02E: add replied callId 330
2024-05-03 18:50:23,664 [main] DEBUG client.RaftClient (RaftClientImpl.java:get(158)) - client-CA0EFDF6E02E: get 333 returns [330]
2024-05-03 18:50:23,664 [main] DEBUG client.RaftClient (RaftClientImpl.java:newRequest(95)) - attempt #1, newRequest RaftClientRequest:client-CA0EFDF6E02E->s2@group-BCC0B035F111, cid=333, seq=null, RW, m75
2024-05-03 18:50:23,664 [s2-client-thread1] DEBUG server.RaftServer$Division (RaftServerImpl.java:submitClientRequestAsync(889)) - s2@group-BCC0B035F111: receive client request(RaftClientRequest:client-CA0EFDF6E02E->s2@group-BCC0B035F111, cid=333, seq=null, RW, m75)
2024-05-03 18:50:23,665 [s2-client-thread1] DEBUG server.RaftServer$Division (LeaderStateImpl.java:addPendingRequest(530)) - s2@group-BCC0B035F111-LeaderStateImpl: addPendingRequest at RaftClientRequest:client-CA0EFDF6E02E->s2@group-BCC0B035F111, cid=333, seq=null, RW, m75, entry=(t:2, i:153), STATEMACHINELOGENTRY, WRITE: logData.size=3, stateMachineData.size=0, logEntryProtoSerializedSize=0
2024-05-03 18:50:23,672 [HandlerDaemon-2] DEBUG server.RaftServer$Division (RaftServerImpl.java:logAppendEntries(1505)) - s0@group-BCC0B035F111: appendEntries* s2->s0#334-t2,previous=(t:2, i:152),leaderCommit=151,initializing? false,entries: size=1, first=(t:2, i:153), STATEMACHINELOGENTRY, StateMachineLogEntryProto:333@client-CA0EFDF6E02E
2024-05-03 18:50:23,673 [s0-server-thread1] DEBUG server.RaftServer$Division (RaftServerImpl.java:logAppendEntries(1505)) - s0@group-BCC0B035F111: appendEntries* reply s2<-s0#334:OK-t2,SUCCESS,nextIndex=154,followerCommit=151,matchIndex=153
2024-05-03 18:50:23,688 [HandlerDaemon-0] DEBUG server.RaftServer$Division (RaftServerImpl.java:logAppendEntries(1505)) - s0@group-BCC0B035F111: appendEntries* s2->s0#335-t2,previous=(t:2, i:153),leaderCommit=153,initializing? false,entries: size=1, first=(t:2, i:154), METADATAENTRY(c:153)
2024-05-03 18:50:23,688 [s0-server-thread1] DEBUG server.RaftServer$Division (RaftServerImpl.java:logAppendEntries(1505)) - s0@group-BCC0B035F111: appendEntries* reply s2<-s0#335:OK-t2,SUCCESS,nextIndex=155,followerCommit=153,matchIndex=154
2024-05-03 18:50:23,695 [HandlerDaemon-2] ERROR server.RaftServer$Division (RaftServerImpl.java:appendEntriesAsync(1474)) - s1@group-BCC0B035F111: Failed appendEntries* s2->s1#235-t2,previous=(t:2, i:86),leaderCommit=86,initializing? false,entries: size=1, first=(t:2, i:87), STATEMACHINELOGENTRY, StateMachineLogEntryProto:233@client-CA0EFDF6E02E
org.apache.ratis.protocol.exceptions.ServerNotReadyException: s1@group-BCC0B035F111 is not in [STARTING, RUNNING]: current state is CLOSED
	at org.apache.ratis.server.impl.RaftServerImpl.lambda$assertLifeCycleState$7(RaftServerImpl.java:771)
	at org.apache.ratis.util.LifeCycle.assertCurrentState(LifeCycle.java:260)
	at org.apache.ratis.server.impl.RaftServerImpl.assertLifeCycleState(RaftServerImpl.java:770)
	at org.apache.ratis.server.impl.RaftServerImpl.appendEntriesAsync(RaftServerImpl.java:1465)
	at org.apache.ratis.server.impl.RaftServerImpl.appendEntries(RaftServerImpl.java:1447)
	at org.apache.ratis.server.impl.RaftServerProxy.appendEntries(RaftServerProxy.java:669)
	at org.apache.ratis.server.simulation.SimulatedServerRpc$1.handleRequest(SimulatedServerRpc.java:163)
	at org.apache.ratis.server.simulation.SimulatedServerRpc$1.handleRequest(SimulatedServerRpc.java:153)
	at org.apache.ratis.server.simulation.RequestHandler.handleRequest(RequestHandler.java:91)
	at org.apache.ratis.server.simulation.RequestHandler$HandlerDaemon.run(RequestHandler.java:125)
2024-05-03 18:50:23,698 [main] DEBUG client.RaftClient (RaftClientImpl.java:add(146)) - client-CA0EFDF6E02E: add replied callId 333
2024-05-03 18:50:23,699 [main] DEBUG client.RaftClient (RaftClientImpl.java:get(158)) - client-CA0EFDF6E02E: get 336 returns [333]
2024-05-03 18:50:23,699 [main] DEBUG client.RaftClient (RaftClientImpl.java:newRequest(95)) - attempt #1, newRequest RaftClientRequest:client-CA0EFDF6E02E->s2@group-BCC0B035F111, cid=336, seq=null, RW, m76
2024-05-03 18:50:23,699 [s2-client-thread1] DEBUG server.RaftServer$Division (RaftServerImpl.java:submitClientRequestAsync(889)) - s2@group-BCC0B035F111: receive client request(RaftClientRequest:client-CA0EFDF6E02E->s2@group-BCC0B035F111, cid=336, seq=null, RW, m76)
2024-05-03 18:50:23,699 [s2-client-thread1] DEBUG server.RaftServer$Division (LeaderStateImpl.java:addPendingRequest(530)) - s2@group-BCC0B035F111-LeaderStateImpl: addPendingRequest at RaftClientRequest:client-CA0EFDF6E02E->s2@group-BCC0B035F111, cid=336, seq=null, RW, m76, entry=(t:2, i:155), STATEMACHINELOGENTRY, WRITE: logData.size=3, stateMachineData.size=0, logEntryProtoSerializedSize=0
2024-05-03 18:50:23,702 [HandlerDaemon-1] DEBUG server.RaftServer$Division (RaftServerImpl.java:logAppendEntries(1505)) - s0@group-BCC0B035F111: appendEntries* s2->s0#337-t2,previous=(t:2, i:154),leaderCommit=154,initializing? false,entries: size=1, first=(t:2, i:155), STATEMACHINELOGENTRY, StateMachineLogEntryProto:336@client-CA0EFDF6E02E
2024-05-03 18:50:23,702 [s0-server-thread1] DEBUG server.RaftServer$Division (RaftServerImpl.java:logAppendEntries(1505)) - s0@group-BCC0B035F111: appendEntries* reply s2<-s0#337:OK-t2,SUCCESS,nextIndex=156,followerCommit=154,matchIndex=155
2024-05-03 18:50:23,717 [HandlerDaemon-2] DEBUG server.RaftServer$Division (RaftServerImpl.java:logAppendEntries(1505)) - s0@group-BCC0B035F111: appendEntries* s2->s0#338-t2,previous=(t:2, i:155),leaderCommit=155,initializing? false,entries: size=1, first=(t:2, i:156), METADATAENTRY(c:155)
2024-05-03 18:50:23,717 [s0-server-thread1] DEBUG server.RaftServer$Division (RaftServerImpl.java:logAppendEntries(1505)) - s0@group-BCC0B035F111: appendEntries* reply s2<-s0#338:OK-t2,SUCCESS,nextIndex=157,followerCommit=155,matchIndex=156
2024-05-03 18:50:23,727 [main] DEBUG client.RaftClient (RaftClientImpl.java:add(146)) - client-CA0EFDF6E02E: add replied callId 336
2024-05-03 18:50:23,727 [main] DEBUG client.RaftClient (RaftClientImpl.java:get(158)) - client-CA0EFDF6E02E: get 339 returns [336]
2024-05-03 18:50:23,727 [main] DEBUG client.RaftClient (RaftClientImpl.java:newRequest(95)) - attempt #1, newRequest RaftClientRequest:client-CA0EFDF6E02E->s2@group-BCC0B035F111, cid=339, seq=null, RW, m77
2024-05-03 18:50:23,727 [s2-client-thread1] DEBUG server.RaftServer$Division (RaftServerImpl.java:submitClientRequestAsync(889)) - s2@group-BCC0B035F111: receive client request(RaftClientRequest:client-CA0EFDF6E02E->s2@group-BCC0B035F111, cid=339, seq=null, RW, m77)
2024-05-03 18:50:23,728 [s2-client-thread1] DEBUG server.RaftServer$Division (LeaderStateImpl.java:addPendingRequest(530)) - s2@group-BCC0B035F111-LeaderStateImpl: addPendingRequest at RaftClientRequest:client-CA0EFDF6E02E->s2@group-BCC0B035F111, cid=339, seq=null, RW, m77, entry=(t:2, i:157), STATEMACHINELOGENTRY, WRITE: logData.size=3, stateMachineData.size=0, logEntryProtoSerializedSize=0
2024-05-03 18:50:23,734 [HandlerDaemon-0] ERROR server.RaftServer$Division (RaftServerImpl.java:appendEntriesAsync(1474)) - s1@group-BCC0B035F111: Failed appendEntries* s2->s1#235-t2,previous=(t:2, i:86),leaderCommit=86,initializing? false,entries: size=1, first=(t:2, i:87), STATEMACHINELOGENTRY, StateMachineLogEntryProto:233@client-CA0EFDF6E02E
org.apache.ratis.protocol.exceptions.ServerNotReadyException: s1@group-BCC0B035F111 is not in [STARTING, RUNNING]: current state is CLOSED
	at org.apache.ratis.server.impl.RaftServerImpl.lambda$assertLifeCycleState$7(RaftServerImpl.java:771)
	at org.apache.ratis.util.LifeCycle.assertCurrentState(LifeCycle.java:260)
	at org.apache.ratis.server.impl.RaftServerImpl.assertLifeCycleState(RaftServerImpl.java:770)
	at org.apache.ratis.server.impl.RaftServerImpl.appendEntriesAsync(RaftServerImpl.java:1465)
	at org.apache.ratis.server.impl.RaftServerImpl.appendEntries(RaftServerImpl.java:1447)
	at org.apache.ratis.server.impl.RaftServerProxy.appendEntries(RaftServerProxy.java:669)
	at org.apache.ratis.server.simulation.SimulatedServerRpc$1.handleRequest(SimulatedServerRpc.java:163)
	at org.apache.ratis.server.simulation.SimulatedServerRpc$1.handleRequest(SimulatedServerRpc.java:153)
	at org.apache.ratis.server.simulation.RequestHandler.handleRequest(RequestHandler.java:91)
	at org.apache.ratis.server.simulation.RequestHandler$HandlerDaemon.run(RequestHandler.java:125)
2024-05-03 18:50:23,736 [HandlerDaemon-0] DEBUG server.RaftServer$Division (RaftServerImpl.java:logAppendEntries(1505)) - s0@group-BCC0B035F111: appendEntries* s2->s0#340-t2,previous=(t:2, i:156),leaderCommit=156,initializing? false,entries: size=1, first=(t:2, i:157), STATEMACHINELOGENTRY, StateMachineLogEntryProto:339@client-CA0EFDF6E02E
2024-05-03 18:50:23,736 [s0-server-thread1] DEBUG server.RaftServer$Division (RaftServerImpl.java:logAppendEntries(1505)) - s0@group-BCC0B035F111: appendEntries* reply s2<-s0#340:OK-t2,SUCCESS,nextIndex=158,followerCommit=156,matchIndex=157
2024-05-03 18:50:23,753 [HandlerDaemon-1] DEBUG server.RaftServer$Division (RaftServerImpl.java:logAppendEntries(1505)) - s0@group-BCC0B035F111: appendEntries* s2->s0#341-t2,previous=(t:2, i:157),leaderCommit=157,initializing? false,entries: size=1, first=(t:2, i:158), METADATAENTRY(c:157)
2024-05-03 18:50:23,753 [s0-server-thread1] DEBUG server.RaftServer$Division (RaftServerImpl.java:logAppendEntries(1505)) - s0@group-BCC0B035F111: appendEntries* reply s2<-s0#341:OK-t2,SUCCESS,nextIndex=159,followerCommit=157,matchIndex=158
2024-05-03 18:50:23,771 [main] DEBUG client.RaftClient (RaftClientImpl.java:add(146)) - client-CA0EFDF6E02E: add replied callId 339
2024-05-03 18:50:23,771 [main] DEBUG client.RaftClient (RaftClientImpl.java:get(158)) - client-CA0EFDF6E02E: get 342 returns [339]
2024-05-03 18:50:23,771 [main] DEBUG client.RaftClient (RaftClientImpl.java:newRequest(95)) - attempt #1, newRequest RaftClientRequest:client-CA0EFDF6E02E->s2@group-BCC0B035F111, cid=342, seq=null, RW, m78
2024-05-03 18:50:23,771 [s2-client-thread1] DEBUG server.RaftServer$Division (RaftServerImpl.java:submitClientRequestAsync(889)) - s2@group-BCC0B035F111: receive client request(RaftClientRequest:client-CA0EFDF6E02E->s2@group-BCC0B035F111, cid=342, seq=null, RW, m78)
2024-05-03 18:50:23,772 [s2-client-thread1] DEBUG server.RaftServer$Division (LeaderStateImpl.java:addPendingRequest(530)) - s2@group-BCC0B035F111-LeaderStateImpl: addPendingRequest at RaftClientRequest:client-CA0EFDF6E02E->s2@group-BCC0B035F111, cid=342, seq=null, RW, m78, entry=(t:2, i:159), STATEMACHINELOGENTRY, WRITE: logData.size=3, stateMachineData.size=0, logEntryProtoSerializedSize=0
2024-05-03 18:50:23,772 [HandlerDaemon-2] DEBUG server.RaftServer$Division (RaftServerImpl.java:logAppendEntries(1505)) - s0@group-BCC0B035F111: appendEntries* s2->s0#343-t2,previous=(t:2, i:158),leaderCommit=158,initializing? false,entries: size=1, first=(t:2, i:159), STATEMACHINELOGENTRY, StateMachineLogEntryProto:342@client-CA0EFDF6E02E
2024-05-03 18:50:23,773 [s0-server-thread1] DEBUG server.RaftServer$Division (RaftServerImpl.java:logAppendEntries(1505)) - s0@group-BCC0B035F111: appendEntries* reply s2<-s0#343:OK-t2,SUCCESS,nextIndex=160,followerCommit=158,matchIndex=159
2024-05-03 18:50:23,777 [HandlerDaemon-1] ERROR server.RaftServer$Division (RaftServerImpl.java:appendEntriesAsync(1474)) - s1@group-BCC0B035F111: Failed appendEntries* s2->s1#235-t2,previous=(t:2, i:86),leaderCommit=86,initializing? false,entries: size=1, first=(t:2, i:87), STATEMACHINELOGENTRY, StateMachineLogEntryProto:233@client-CA0EFDF6E02E
org.apache.ratis.protocol.exceptions.ServerNotReadyException: s1@group-BCC0B035F111 is not in [STARTING, RUNNING]: current state is CLOSED
	at org.apache.ratis.server.impl.RaftServerImpl.lambda$assertLifeCycleState$7(RaftServerImpl.java:771)
	at org.apache.ratis.util.LifeCycle.assertCurrentState(LifeCycle.java:260)
	at org.apache.ratis.server.impl.RaftServerImpl.assertLifeCycleState(RaftServerImpl.java:770)
	at org.apache.ratis.server.impl.RaftServerImpl.appendEntriesAsync(RaftServerImpl.java:1465)
	at org.apache.ratis.server.impl.RaftServerImpl.appendEntries(RaftServerImpl.java:1447)
	at org.apache.ratis.server.impl.RaftServerProxy.appendEntries(RaftServerProxy.java:669)
	at org.apache.ratis.server.simulation.SimulatedServerRpc$1.handleRequest(SimulatedServerRpc.java:163)
	at org.apache.ratis.server.simulation.SimulatedServerRpc$1.handleRequest(SimulatedServerRpc.java:153)
	at org.apache.ratis.server.simulation.RequestHandler.handleRequest(RequestHandler.java:91)
	at org.apache.ratis.server.simulation.RequestHandler$HandlerDaemon.run(RequestHandler.java:125)
2024-05-03 18:50:23,788 [HandlerDaemon-0] DEBUG server.RaftServer$Division (RaftServerImpl.java:logAppendEntries(1505)) - s0@group-BCC0B035F111: appendEntries* s2->s0#344-t2,previous=(t:2, i:159),leaderCommit=159,initializing? false,entries: size=1, first=(t:2, i:160), METADATAENTRY(c:159)
2024-05-03 18:50:23,789 [s0-server-thread1] DEBUG server.RaftServer$Division (RaftServerImpl.java:logAppendEntries(1505)) - s0@group-BCC0B035F111: appendEntries* reply s2<-s0#344:OK-t2,SUCCESS,nextIndex=161,followerCommit=159,matchIndex=160
2024-05-03 18:50:23,801 [main] DEBUG client.RaftClient (RaftClientImpl.java:add(146)) - client-CA0EFDF6E02E: add replied callId 342
2024-05-03 18:50:23,801 [main] DEBUG client.RaftClient (RaftClientImpl.java:get(158)) - client-CA0EFDF6E02E: get 345 returns [342]
2024-05-03 18:50:23,801 [main] DEBUG client.RaftClient (RaftClientImpl.java:newRequest(95)) - attempt #1, newRequest RaftClientRequest:client-CA0EFDF6E02E->s2@group-BCC0B035F111, cid=345, seq=null, RW, m79
2024-05-03 18:50:23,802 [s2-client-thread1] DEBUG server.RaftServer$Division (RaftServerImpl.java:submitClientRequestAsync(889)) - s2@group-BCC0B035F111: receive client request(RaftClientRequest:client-CA0EFDF6E02E->s2@group-BCC0B035F111, cid=345, seq=null, RW, m79)
2024-05-03 18:50:23,802 [s2-client-thread1] DEBUG server.RaftServer$Division (LeaderStateImpl.java:addPendingRequest(530)) - s2@group-BCC0B035F111-LeaderStateImpl: addPendingRequest at RaftClientRequest:client-CA0EFDF6E02E->s2@group-BCC0B035F111, cid=345, seq=null, RW, m79, entry=(t:2, i:161), STATEMACHINELOGENTRY, WRITE: logData.size=3, stateMachineData.size=0, logEntryProtoSerializedSize=0
2024-05-03 18:50:23,807 [HandlerDaemon-1] DEBUG server.RaftServer$Division (RaftServerImpl.java:logAppendEntries(1505)) - s0@group-BCC0B035F111: appendEntries* s2->s0#346-t2,previous=(t:2, i:160),leaderCommit=160,initializing? false,entries: size=1, first=(t:2, i:161), STATEMACHINELOGENTRY, StateMachineLogEntryProto:345@client-CA0EFDF6E02E
2024-05-03 18:50:23,808 [s0-server-thread1] DEBUG server.RaftServer$Division (RaftServerImpl.java:logAppendEntries(1505)) - s0@group-BCC0B035F111: appendEntries* reply s2<-s0#346:OK-t2,SUCCESS,nextIndex=162,followerCommit=160,matchIndex=161
2024-05-03 18:50:23,819 [HandlerDaemon-2] ERROR server.RaftServer$Division (RaftServerImpl.java:appendEntriesAsync(1474)) - s1@group-BCC0B035F111: Failed appendEntries* s2->s1#235-t2,previous=(t:2, i:86),leaderCommit=86,initializing? false,entries: size=1, first=(t:2, i:87), STATEMACHINELOGENTRY, StateMachineLogEntryProto:233@client-CA0EFDF6E02E
org.apache.ratis.protocol.exceptions.ServerNotReadyException: s1@group-BCC0B035F111 is not in [STARTING, RUNNING]: current state is CLOSED
	at org.apache.ratis.server.impl.RaftServerImpl.lambda$assertLifeCycleState$7(RaftServerImpl.java:771)
	at org.apache.ratis.util.LifeCycle.assertCurrentState(LifeCycle.java:260)
	at org.apache.ratis.server.impl.RaftServerImpl.assertLifeCycleState(RaftServerImpl.java:770)
	at org.apache.ratis.server.impl.RaftServerImpl.appendEntriesAsync(RaftServerImpl.java:1465)
	at org.apache.ratis.server.impl.RaftServerImpl.appendEntries(RaftServerImpl.java:1447)
	at org.apache.ratis.server.impl.RaftServerProxy.appendEntries(RaftServerProxy.java:669)
	at org.apache.ratis.server.simulation.SimulatedServerRpc$1.handleRequest(SimulatedServerRpc.java:163)
	at org.apache.ratis.server.simulation.SimulatedServerRpc$1.handleRequest(SimulatedServerRpc.java:153)
	at org.apache.ratis.server.simulation.RequestHandler.handleRequest(RequestHandler.java:91)
	at org.apache.ratis.server.simulation.RequestHandler$HandlerDaemon.run(RequestHandler.java:125)
2024-05-03 18:50:23,822 [HandlerDaemon-2] DEBUG server.RaftServer$Division (RaftServerImpl.java:logAppendEntries(1505)) - s0@group-BCC0B035F111: appendEntries* s2->s0#347-t2,previous=(t:2, i:161),leaderCommit=161,initializing? false,entries: size=1, first=(t:2, i:162), METADATAENTRY(c:161)
2024-05-03 18:50:23,822 [s0-server-thread1] DEBUG server.RaftServer$Division (RaftServerImpl.java:logAppendEntries(1505)) - s0@group-BCC0B035F111: appendEntries* reply s2<-s0#347:OK-t2,SUCCESS,nextIndex=163,followerCommit=161,matchIndex=162
2024-05-03 18:50:23,834 [main] DEBUG client.RaftClient (RaftClientImpl.java:add(146)) - client-CA0EFDF6E02E: add replied callId 345
2024-05-03 18:50:23,834 [main] DEBUG client.RaftClient (RaftClientImpl.java:get(158)) - client-CA0EFDF6E02E: get 348 returns [345]
2024-05-03 18:50:23,834 [main] DEBUG client.RaftClient (RaftClientImpl.java:newRequest(95)) - attempt #1, newRequest RaftClientRequest:client-CA0EFDF6E02E->s2@group-BCC0B035F111, cid=348, seq=null, RW, m80
2024-05-03 18:50:23,834 [s2-client-thread1] DEBUG server.RaftServer$Division (RaftServerImpl.java:submitClientRequestAsync(889)) - s2@group-BCC0B035F111: receive client request(RaftClientRequest:client-CA0EFDF6E02E->s2@group-BCC0B035F111, cid=348, seq=null, RW, m80)
2024-05-03 18:50:23,835 [s2-client-thread1] DEBUG server.RaftServer$Division (LeaderStateImpl.java:addPendingRequest(530)) - s2@group-BCC0B035F111-LeaderStateImpl: addPendingRequest at RaftClientRequest:client-CA0EFDF6E02E->s2@group-BCC0B035F111, cid=348, seq=null, RW, m80, entry=(t:2, i:163), STATEMACHINELOGENTRY, WRITE: logData.size=3, stateMachineData.size=0, logEntryProtoSerializedSize=0
2024-05-03 18:50:23,835 [s2@group-BCC0B035F111->s1-LogAppenderDefault-LogAppenderDaemon] WARN  leader.LogAppender (LogAppenderDefault.java:sendAppendEntriesWithRetries(89)) - s2@group-BCC0B035F111->s1-LogAppenderDefault: Failed to appendEntries (retry=31)
org.apache.ratis.protocol.exceptions.ServerNotReadyException: s1@group-BCC0B035F111 is not in [STARTING, RUNNING]: current state is CLOSED
	at org.apache.ratis.server.impl.RaftServerImpl.lambda$assertLifeCycleState$7(RaftServerImpl.java:771)
	at org.apache.ratis.util.LifeCycle.assertCurrentState(LifeCycle.java:260)
	at org.apache.ratis.server.impl.RaftServerImpl.assertLifeCycleState(RaftServerImpl.java:770)
	at org.apache.ratis.server.impl.RaftServerImpl.appendEntriesAsync(RaftServerImpl.java:1465)
	at org.apache.ratis.server.impl.RaftServerImpl.appendEntries(RaftServerImpl.java:1447)
	at org.apache.ratis.server.impl.RaftServerProxy.appendEntries(RaftServerProxy.java:669)
	at org.apache.ratis.server.simulation.SimulatedServerRpc$1.handleRequest(SimulatedServerRpc.java:163)
	at org.apache.ratis.server.simulation.SimulatedServerRpc$1.handleRequest(SimulatedServerRpc.java:153)
	at org.apache.ratis.server.simulation.RequestHandler.handleRequest(RequestHandler.java:91)
	at org.apache.ratis.server.simulation.RequestHandler$HandlerDaemon.run(RequestHandler.java:125)
2024-05-03 18:50:23,835 [HandlerDaemon-0] DEBUG server.RaftServer$Division (RaftServerImpl.java:logAppendEntries(1505)) - s0@group-BCC0B035F111: appendEntries* s2->s0#349-t2,previous=(t:2, i:162),leaderCommit=162,initializing? false,entries: size=1, first=(t:2, i:163), STATEMACHINELOGENTRY, StateMachineLogEntryProto:348@client-CA0EFDF6E02E
2024-05-03 18:50:23,836 [s0-server-thread1] DEBUG server.RaftServer$Division (RaftServerImpl.java:logAppendEntries(1505)) - s0@group-BCC0B035F111: appendEntries* reply s2<-s0#349:OK-t2,SUCCESS,nextIndex=164,followerCommit=162,matchIndex=163
2024-05-03 18:50:23,855 [HandlerDaemon-1] DEBUG server.RaftServer$Division (RaftServerImpl.java:logAppendEntries(1505)) - s0@group-BCC0B035F111: appendEntries* s2->s0#350-t2,previous=(t:2, i:163),leaderCommit=163,initializing? false,entries: size=1, first=(t:2, i:164), METADATAENTRY(c:163)
2024-05-03 18:50:23,859 [s0-server-thread1] DEBUG server.RaftServer$Division (RaftServerImpl.java:logAppendEntries(1505)) - s0@group-BCC0B035F111: appendEntries* reply s2<-s0#350:OK-t2,SUCCESS,nextIndex=165,followerCommit=163,matchIndex=164
2024-05-03 18:50:23,860 [HandlerDaemon-0] ERROR server.RaftServer$Division (RaftServerImpl.java:appendEntriesAsync(1474)) - s1@group-BCC0B035F111: Failed appendEntries* s2->s1#235-t2,previous=(t:2, i:86),leaderCommit=86,initializing? false,entries: size=1, first=(t:2, i:87), STATEMACHINELOGENTRY, StateMachineLogEntryProto:233@client-CA0EFDF6E02E
org.apache.ratis.protocol.exceptions.ServerNotReadyException: s1@group-BCC0B035F111 is not in [STARTING, RUNNING]: current state is CLOSED
	at org.apache.ratis.server.impl.RaftServerImpl.lambda$assertLifeCycleState$7(RaftServerImpl.java:771)
	at org.apache.ratis.util.LifeCycle.assertCurrentState(LifeCycle.java:260)
	at org.apache.ratis.server.impl.RaftServerImpl.assertLifeCycleState(RaftServerImpl.java:770)
	at org.apache.ratis.server.impl.RaftServerImpl.appendEntriesAsync(RaftServerImpl.java:1465)
	at org.apache.ratis.server.impl.RaftServerImpl.appendEntries(RaftServerImpl.java:1447)
	at org.apache.ratis.server.impl.RaftServerProxy.appendEntries(RaftServerProxy.java:669)
	at org.apache.ratis.server.simulation.SimulatedServerRpc$1.handleRequest(SimulatedServerRpc.java:163)
	at org.apache.ratis.server.simulation.SimulatedServerRpc$1.handleRequest(SimulatedServerRpc.java:153)
	at org.apache.ratis.server.simulation.RequestHandler.handleRequest(RequestHandler.java:91)
	at org.apache.ratis.server.simulation.RequestHandler$HandlerDaemon.run(RequestHandler.java:125)
2024-05-03 18:50:23,865 [main] DEBUG client.RaftClient (RaftClientImpl.java:add(146)) - client-CA0EFDF6E02E: add replied callId 348
2024-05-03 18:50:23,865 [main] DEBUG client.RaftClient (RaftClientImpl.java:get(158)) - client-CA0EFDF6E02E: get 351 returns [348]
2024-05-03 18:50:23,865 [main] DEBUG client.RaftClient (RaftClientImpl.java:newRequest(95)) - attempt #1, newRequest RaftClientRequest:client-CA0EFDF6E02E->s2@group-BCC0B035F111, cid=351, seq=null, RW, m81
2024-05-03 18:50:23,866 [s2-client-thread1] DEBUG server.RaftServer$Division (RaftServerImpl.java:submitClientRequestAsync(889)) - s2@group-BCC0B035F111: receive client request(RaftClientRequest:client-CA0EFDF6E02E->s2@group-BCC0B035F111, cid=351, seq=null, RW, m81)
2024-05-03 18:50:23,866 [s2-client-thread1] DEBUG server.RaftServer$Division (LeaderStateImpl.java:addPendingRequest(530)) - s2@group-BCC0B035F111-LeaderStateImpl: addPendingRequest at RaftClientRequest:client-CA0EFDF6E02E->s2@group-BCC0B035F111, cid=351, seq=null, RW, m81, entry=(t:2, i:165), STATEMACHINELOGENTRY, WRITE: logData.size=3, stateMachineData.size=0, logEntryProtoSerializedSize=0
2024-05-03 18:50:23,870 [HandlerDaemon-2] DEBUG server.RaftServer$Division (RaftServerImpl.java:logAppendEntries(1505)) - s0@group-BCC0B035F111: appendEntries* s2->s0#352-t2,previous=(t:2, i:164),leaderCommit=164,initializing? false,entries: size=1, first=(t:2, i:165), STATEMACHINELOGENTRY, StateMachineLogEntryProto:351@client-CA0EFDF6E02E
2024-05-03 18:50:23,870 [s0-server-thread1] DEBUG server.RaftServer$Division (RaftServerImpl.java:logAppendEntries(1505)) - s0@group-BCC0B035F111: appendEntries* reply s2<-s0#352:OK-t2,SUCCESS,nextIndex=166,followerCommit=164,matchIndex=165
2024-05-03 18:50:23,885 [HandlerDaemon-0] DEBUG server.RaftServer$Division (RaftServerImpl.java:logAppendEntries(1505)) - s0@group-BCC0B035F111: appendEntries* s2->s0#353-t2,previous=(t:2, i:165),leaderCommit=165,initializing? false,entries: size=1, first=(t:2, i:166), METADATAENTRY(c:165)
2024-05-03 18:50:23,885 [s0-server-thread1] DEBUG server.RaftServer$Division (RaftServerImpl.java:logAppendEntries(1505)) - s0@group-BCC0B035F111: appendEntries* reply s2<-s0#353:OK-t2,SUCCESS,nextIndex=167,followerCommit=165,matchIndex=166
2024-05-03 18:50:23,901 [main] DEBUG client.RaftClient (RaftClientImpl.java:add(146)) - client-CA0EFDF6E02E: add replied callId 351
2024-05-03 18:50:23,901 [main] DEBUG client.RaftClient (RaftClientImpl.java:get(158)) - client-CA0EFDF6E02E: get 354 returns [351]
2024-05-03 18:50:23,901 [main] DEBUG client.RaftClient (RaftClientImpl.java:newRequest(95)) - attempt #1, newRequest RaftClientRequest:client-CA0EFDF6E02E->s2@group-BCC0B035F111, cid=354, seq=null, RW, m82
2024-05-03 18:50:23,902 [s2-client-thread1] DEBUG server.RaftServer$Division (RaftServerImpl.java:submitClientRequestAsync(889)) - s2@group-BCC0B035F111: receive client request(RaftClientRequest:client-CA0EFDF6E02E->s2@group-BCC0B035F111, cid=354, seq=null, RW, m82)
2024-05-03 18:50:23,902 [s2-client-thread1] DEBUG server.RaftServer$Division (LeaderStateImpl.java:addPendingRequest(530)) - s2@group-BCC0B035F111-LeaderStateImpl: addPendingRequest at RaftClientRequest:client-CA0EFDF6E02E->s2@group-BCC0B035F111, cid=354, seq=null, RW, m82, entry=(t:2, i:167), STATEMACHINELOGENTRY, WRITE: logData.size=3, stateMachineData.size=0, logEntryProtoSerializedSize=0
2024-05-03 18:50:23,904 [HandlerDaemon-1] ERROR server.RaftServer$Division (RaftServerImpl.java:appendEntriesAsync(1474)) - s1@group-BCC0B035F111: Failed appendEntries* s2->s1#235-t2,previous=(t:2, i:86),leaderCommit=86,initializing? false,entries: size=1, first=(t:2, i:87), STATEMACHINELOGENTRY, StateMachineLogEntryProto:233@client-CA0EFDF6E02E
org.apache.ratis.protocol.exceptions.ServerNotReadyException: s1@group-BCC0B035F111 is not in [STARTING, RUNNING]: current state is CLOSED
	at org.apache.ratis.server.impl.RaftServerImpl.lambda$assertLifeCycleState$7(RaftServerImpl.java:771)
	at org.apache.ratis.util.LifeCycle.assertCurrentState(LifeCycle.java:260)
	at org.apache.ratis.server.impl.RaftServerImpl.assertLifeCycleState(RaftServerImpl.java:770)
	at org.apache.ratis.server.impl.RaftServerImpl.appendEntriesAsync(RaftServerImpl.java:1465)
	at org.apache.ratis.server.impl.RaftServerImpl.appendEntries(RaftServerImpl.java:1447)
	at org.apache.ratis.server.impl.RaftServerProxy.appendEntries(RaftServerProxy.java:669)
	at org.apache.ratis.server.simulation.SimulatedServerRpc$1.handleRequest(SimulatedServerRpc.java:163)
	at org.apache.ratis.server.simulation.SimulatedServerRpc$1.handleRequest(SimulatedServerRpc.java:153)
	at org.apache.ratis.server.simulation.RequestHandler.handleRequest(RequestHandler.java:91)
	at org.apache.ratis.server.simulation.RequestHandler$HandlerDaemon.run(RequestHandler.java:125)
2024-05-03 18:50:23,905 [HandlerDaemon-1] DEBUG server.RaftServer$Division (RaftServerImpl.java:logAppendEntries(1505)) - s0@group-BCC0B035F111: appendEntries* s2->s0#355-t2,previous=(t:2, i:166),leaderCommit=166,initializing? false,entries: size=1, first=(t:2, i:167), STATEMACHINELOGENTRY, StateMachineLogEntryProto:354@client-CA0EFDF6E02E
2024-05-03 18:50:23,906 [s0-server-thread1] DEBUG server.RaftServer$Division (RaftServerImpl.java:logAppendEntries(1505)) - s0@group-BCC0B035F111: appendEntries* reply s2<-s0#355:OK-t2,SUCCESS,nextIndex=168,followerCommit=166,matchIndex=167
2024-05-03 18:50:23,916 [HandlerDaemon-2] DEBUG server.RaftServer$Division (RaftServerImpl.java:logAppendEntries(1505)) - s0@group-BCC0B035F111: appendEntries* s2->s0#356-t2,previous=(t:2, i:167),leaderCommit=167,initializing? false,entries: size=1, first=(t:2, i:168), METADATAENTRY(c:167)
2024-05-03 18:50:23,917 [s0-server-thread1] DEBUG server.RaftServer$Division (RaftServerImpl.java:logAppendEntries(1505)) - s0@group-BCC0B035F111: appendEntries* reply s2<-s0#356:OK-t2,SUCCESS,nextIndex=169,followerCommit=167,matchIndex=168
2024-05-03 18:50:23,931 [main] DEBUG client.RaftClient (RaftClientImpl.java:add(146)) - client-CA0EFDF6E02E: add replied callId 354
2024-05-03 18:50:23,931 [main] DEBUG client.RaftClient (RaftClientImpl.java:get(158)) - client-CA0EFDF6E02E: get 357 returns [354]
2024-05-03 18:50:23,932 [main] DEBUG client.RaftClient (RaftClientImpl.java:newRequest(95)) - attempt #1, newRequest RaftClientRequest:client-CA0EFDF6E02E->s2@group-BCC0B035F111, cid=357, seq=null, RW, m83
2024-05-03 18:50:23,932 [s2-client-thread1] DEBUG server.RaftServer$Division (RaftServerImpl.java:submitClientRequestAsync(889)) - s2@group-BCC0B035F111: receive client request(RaftClientRequest:client-CA0EFDF6E02E->s2@group-BCC0B035F111, cid=357, seq=null, RW, m83)
2024-05-03 18:50:23,932 [s2-client-thread1] DEBUG server.RaftServer$Division (LeaderStateImpl.java:addPendingRequest(530)) - s2@group-BCC0B035F111-LeaderStateImpl: addPendingRequest at RaftClientRequest:client-CA0EFDF6E02E->s2@group-BCC0B035F111, cid=357, seq=null, RW, m83, entry=(t:2, i:169), STATEMACHINELOGENTRY, WRITE: logData.size=3, stateMachineData.size=0, logEntryProtoSerializedSize=0
2024-05-03 18:50:23,933 [HandlerDaemon-0] DEBUG server.RaftServer$Division (RaftServerImpl.java:logAppendEntries(1505)) - s0@group-BCC0B035F111: appendEntries* s2->s0#358-t2,previous=(t:2, i:168),leaderCommit=168,initializing? false,entries: size=1, first=(t:2, i:169), STATEMACHINELOGENTRY, StateMachineLogEntryProto:357@client-CA0EFDF6E02E
2024-05-03 18:50:23,933 [s0-server-thread1] DEBUG server.RaftServer$Division (RaftServerImpl.java:logAppendEntries(1505)) - s0@group-BCC0B035F111: appendEntries* reply s2<-s0#358:OK-t2,SUCCESS,nextIndex=170,followerCommit=168,matchIndex=169
2024-05-03 18:50:23,941 [HandlerDaemon-2] ERROR server.RaftServer$Division (RaftServerImpl.java:appendEntriesAsync(1474)) - s1@group-BCC0B035F111: Failed appendEntries* s2->s1#235-t2,previous=(t:2, i:86),leaderCommit=86,initializing? false,entries: size=1, first=(t:2, i:87), STATEMACHINELOGENTRY, StateMachineLogEntryProto:233@client-CA0EFDF6E02E
org.apache.ratis.protocol.exceptions.ServerNotReadyException: s1@group-BCC0B035F111 is not in [STARTING, RUNNING]: current state is CLOSED
	at org.apache.ratis.server.impl.RaftServerImpl.lambda$assertLifeCycleState$7(RaftServerImpl.java:771)
	at org.apache.ratis.util.LifeCycle.assertCurrentState(LifeCycle.java:260)
	at org.apache.ratis.server.impl.RaftServerImpl.assertLifeCycleState(RaftServerImpl.java:770)
	at org.apache.ratis.server.impl.RaftServerImpl.appendEntriesAsync(RaftServerImpl.java:1465)
	at org.apache.ratis.server.impl.RaftServerImpl.appendEntries(RaftServerImpl.java:1447)
	at org.apache.ratis.server.impl.RaftServerProxy.appendEntries(RaftServerProxy.java:669)
	at org.apache.ratis.server.simulation.SimulatedServerRpc$1.handleRequest(SimulatedServerRpc.java:163)
	at org.apache.ratis.server.simulation.SimulatedServerRpc$1.handleRequest(SimulatedServerRpc.java:153)
	at org.apache.ratis.server.simulation.RequestHandler.handleRequest(RequestHandler.java:91)
	at org.apache.ratis.server.simulation.RequestHandler$HandlerDaemon.run(RequestHandler.java:125)
2024-05-03 18:50:23,946 [HandlerDaemon-1] DEBUG server.RaftServer$Division (RaftServerImpl.java:logAppendEntries(1505)) - s0@group-BCC0B035F111: appendEntries* s2->s0#359-t2,previous=(t:2, i:169),leaderCommit=169,initializing? false,entries: size=1, first=(t:2, i:170), METADATAENTRY(c:169)
2024-05-03 18:50:23,946 [s0-server-thread1] DEBUG server.RaftServer$Division (RaftServerImpl.java:logAppendEntries(1505)) - s0@group-BCC0B035F111: appendEntries* reply s2<-s0#359:OK-t2,SUCCESS,nextIndex=171,followerCommit=169,matchIndex=170
2024-05-03 18:50:23,963 [main] DEBUG client.RaftClient (RaftClientImpl.java:add(146)) - client-CA0EFDF6E02E: add replied callId 357
2024-05-03 18:50:23,963 [main] DEBUG client.RaftClient (RaftClientImpl.java:get(158)) - client-CA0EFDF6E02E: get 360 returns [357]
2024-05-03 18:50:23,963 [main] DEBUG client.RaftClient (RaftClientImpl.java:newRequest(95)) - attempt #1, newRequest RaftClientRequest:client-CA0EFDF6E02E->s2@group-BCC0B035F111, cid=360, seq=null, RW, m84
2024-05-03 18:50:23,963 [s2-client-thread1] DEBUG server.RaftServer$Division (RaftServerImpl.java:submitClientRequestAsync(889)) - s2@group-BCC0B035F111: receive client request(RaftClientRequest:client-CA0EFDF6E02E->s2@group-BCC0B035F111, cid=360, seq=null, RW, m84)
2024-05-03 18:50:23,963 [s2-client-thread1] DEBUG server.RaftServer$Division (LeaderStateImpl.java:addPendingRequest(530)) - s2@group-BCC0B035F111-LeaderStateImpl: addPendingRequest at RaftClientRequest:client-CA0EFDF6E02E->s2@group-BCC0B035F111, cid=360, seq=null, RW, m84, entry=(t:2, i:171), STATEMACHINELOGENTRY, WRITE: logData.size=3, stateMachineData.size=0, logEntryProtoSerializedSize=0
2024-05-03 18:50:23,964 [HandlerDaemon-2] DEBUG server.RaftServer$Division (RaftServerImpl.java:logAppendEntries(1505)) - s0@group-BCC0B035F111: appendEntries* s2->s0#361-t2,previous=(t:2, i:170),leaderCommit=170,initializing? false,entries: size=1, first=(t:2, i:171), STATEMACHINELOGENTRY, StateMachineLogEntryProto:360@client-CA0EFDF6E02E
2024-05-03 18:50:23,964 [s0-server-thread1] DEBUG server.RaftServer$Division (RaftServerImpl.java:logAppendEntries(1505)) - s0@group-BCC0B035F111: appendEntries* reply s2<-s0#361:OK-t2,SUCCESS,nextIndex=172,followerCommit=170,matchIndex=171
2024-05-03 18:50:23,975 [HandlerDaemon-0] DEBUG server.RaftServer$Division (RaftServerImpl.java:logAppendEntries(1505)) - s0@group-BCC0B035F111: appendEntries* s2->s0#362-t2,previous=(t:2, i:171),leaderCommit=171,initializing? false,entries: size=1, first=(t:2, i:172), METADATAENTRY(c:171)
2024-05-03 18:50:23,975 [s0-server-thread1] DEBUG server.RaftServer$Division (RaftServerImpl.java:logAppendEntries(1505)) - s0@group-BCC0B035F111: appendEntries* reply s2<-s0#362:OK-t2,SUCCESS,nextIndex=173,followerCommit=171,matchIndex=172
2024-05-03 18:50:23,980 [HandlerDaemon-0] ERROR server.RaftServer$Division (RaftServerImpl.java:appendEntriesAsync(1474)) - s1@group-BCC0B035F111: Failed appendEntries* s2->s1#235-t2,previous=(t:2, i:86),leaderCommit=86,initializing? false,entries: size=1, first=(t:2, i:87), STATEMACHINELOGENTRY, StateMachineLogEntryProto:233@client-CA0EFDF6E02E
org.apache.ratis.protocol.exceptions.ServerNotReadyException: s1@group-BCC0B035F111 is not in [STARTING, RUNNING]: current state is CLOSED
	at org.apache.ratis.server.impl.RaftServerImpl.lambda$assertLifeCycleState$7(RaftServerImpl.java:771)
	at org.apache.ratis.util.LifeCycle.assertCurrentState(LifeCycle.java:260)
	at org.apache.ratis.server.impl.RaftServerImpl.assertLifeCycleState(RaftServerImpl.java:770)
	at org.apache.ratis.server.impl.RaftServerImpl.appendEntriesAsync(RaftServerImpl.java:1465)
	at org.apache.ratis.server.impl.RaftServerImpl.appendEntries(RaftServerImpl.java:1447)
	at org.apache.ratis.server.impl.RaftServerProxy.appendEntries(RaftServerProxy.java:669)
	at org.apache.ratis.server.simulation.SimulatedServerRpc$1.handleRequest(SimulatedServerRpc.java:163)
	at org.apache.ratis.server.simulation.SimulatedServerRpc$1.handleRequest(SimulatedServerRpc.java:153)
	at org.apache.ratis.server.simulation.RequestHandler.handleRequest(RequestHandler.java:91)
	at org.apache.ratis.server.simulation.RequestHandler$HandlerDaemon.run(RequestHandler.java:125)
2024-05-03 18:50:23,985 [main] DEBUG client.RaftClient (RaftClientImpl.java:add(146)) - client-CA0EFDF6E02E: add replied callId 360
2024-05-03 18:50:23,985 [main] DEBUG client.RaftClient (RaftClientImpl.java:get(158)) - client-CA0EFDF6E02E: get 363 returns [360]
2024-05-03 18:50:23,985 [main] DEBUG client.RaftClient (RaftClientImpl.java:newRequest(95)) - attempt #1, newRequest RaftClientRequest:client-CA0EFDF6E02E->s2@group-BCC0B035F111, cid=363, seq=null, RW, m85
2024-05-03 18:50:23,985 [s2-client-thread1] DEBUG server.RaftServer$Division (RaftServerImpl.java:submitClientRequestAsync(889)) - s2@group-BCC0B035F111: receive client request(RaftClientRequest:client-CA0EFDF6E02E->s2@group-BCC0B035F111, cid=363, seq=null, RW, m85)
2024-05-03 18:50:23,986 [s2-client-thread1] DEBUG server.RaftServer$Division (LeaderStateImpl.java:addPendingRequest(530)) - s2@group-BCC0B035F111-LeaderStateImpl: addPendingRequest at RaftClientRequest:client-CA0EFDF6E02E->s2@group-BCC0B035F111, cid=363, seq=null, RW, m85, entry=(t:2, i:173), STATEMACHINELOGENTRY, WRITE: logData.size=3, stateMachineData.size=0, logEntryProtoSerializedSize=0
2024-05-03 18:50:23,990 [HandlerDaemon-1] DEBUG server.RaftServer$Division (RaftServerImpl.java:logAppendEntries(1505)) - s0@group-BCC0B035F111: appendEntries* s2->s0#364-t2,previous=(t:2, i:172),leaderCommit=172,initializing? false,entries: size=1, first=(t:2, i:173), STATEMACHINELOGENTRY, StateMachineLogEntryProto:363@client-CA0EFDF6E02E
2024-05-03 18:50:23,990 [s0-server-thread1] DEBUG server.RaftServer$Division (RaftServerImpl.java:logAppendEntries(1505)) - s0@group-BCC0B035F111: appendEntries* reply s2<-s0#364:OK-t2,SUCCESS,nextIndex=174,followerCommit=172,matchIndex=173
2024-05-03 18:50:24,004 [HandlerDaemon-2] DEBUG server.RaftServer$Division (RaftServerImpl.java:logAppendEntries(1505)) - s0@group-BCC0B035F111: appendEntries* s2->s0#365-t2,previous=(t:2, i:173),leaderCommit=173,initializing? false,entries: size=1, first=(t:2, i:174), METADATAENTRY(c:173)
2024-05-03 18:50:24,004 [s0-server-thread1] DEBUG server.RaftServer$Division (RaftServerImpl.java:logAppendEntries(1505)) - s0@group-BCC0B035F111: appendEntries* reply s2<-s0#365:OK-t2,SUCCESS,nextIndex=175,followerCommit=173,matchIndex=174
2024-05-03 18:50:24,022 [main] DEBUG client.RaftClient (RaftClientImpl.java:add(146)) - client-CA0EFDF6E02E: add replied callId 363
2024-05-03 18:50:24,022 [main] DEBUG client.RaftClient (RaftClientImpl.java:get(158)) - client-CA0EFDF6E02E: get 366 returns [363]
2024-05-03 18:50:24,022 [main] DEBUG client.RaftClient (RaftClientImpl.java:newRequest(95)) - attempt #1, newRequest RaftClientRequest:client-CA0EFDF6E02E->s2@group-BCC0B035F111, cid=366, seq=null, RW, m86
2024-05-03 18:50:24,022 [s2-client-thread1] DEBUG server.RaftServer$Division (RaftServerImpl.java:submitClientRequestAsync(889)) - s2@group-BCC0B035F111: receive client request(RaftClientRequest:client-CA0EFDF6E02E->s2@group-BCC0B035F111, cid=366, seq=null, RW, m86)
2024-05-03 18:50:24,022 [s2-client-thread1] DEBUG server.RaftServer$Division (LeaderStateImpl.java:addPendingRequest(530)) - s2@group-BCC0B035F111-LeaderStateImpl: addPendingRequest at RaftClientRequest:client-CA0EFDF6E02E->s2@group-BCC0B035F111, cid=366, seq=null, RW, m86, entry=(t:2, i:175), STATEMACHINELOGENTRY, WRITE: logData.size=3, stateMachineData.size=0, logEntryProtoSerializedSize=0
2024-05-03 18:50:24,023 [HandlerDaemon-0] DEBUG server.RaftServer$Division (RaftServerImpl.java:logAppendEntries(1505)) - s0@group-BCC0B035F111: appendEntries* s2->s0#367-t2,previous=(t:2, i:174),leaderCommit=174,initializing? false,entries: size=1, first=(t:2, i:175), STATEMACHINELOGENTRY, StateMachineLogEntryProto:366@client-CA0EFDF6E02E
2024-05-03 18:50:24,023 [s0-server-thread1] DEBUG server.RaftServer$Division (RaftServerImpl.java:logAppendEntries(1505)) - s0@group-BCC0B035F111: appendEntries* reply s2<-s0#367:OK-t2,SUCCESS,nextIndex=176,followerCommit=174,matchIndex=175
2024-05-03 18:50:24,024 [HandlerDaemon-1] ERROR server.RaftServer$Division (RaftServerImpl.java:appendEntriesAsync(1474)) - s1@group-BCC0B035F111: Failed appendEntries* s2->s1#235-t2,previous=(t:2, i:86),leaderCommit=86,initializing? false,entries: size=1, first=(t:2, i:87), STATEMACHINELOGENTRY, StateMachineLogEntryProto:233@client-CA0EFDF6E02E
org.apache.ratis.protocol.exceptions.ServerNotReadyException: s1@group-BCC0B035F111 is not in [STARTING, RUNNING]: current state is CLOSED
	at org.apache.ratis.server.impl.RaftServerImpl.lambda$assertLifeCycleState$7(RaftServerImpl.java:771)
	at org.apache.ratis.util.LifeCycle.assertCurrentState(LifeCycle.java:260)
	at org.apache.ratis.server.impl.RaftServerImpl.assertLifeCycleState(RaftServerImpl.java:770)
	at org.apache.ratis.server.impl.RaftServerImpl.appendEntriesAsync(RaftServerImpl.java:1465)
	at org.apache.ratis.server.impl.RaftServerImpl.appendEntries(RaftServerImpl.java:1447)
	at org.apache.ratis.server.impl.RaftServerProxy.appendEntries(RaftServerProxy.java:669)
	at org.apache.ratis.server.simulation.SimulatedServerRpc$1.handleRequest(SimulatedServerRpc.java:163)
	at org.apache.ratis.server.simulation.SimulatedServerRpc$1.handleRequest(SimulatedServerRpc.java:153)
	at org.apache.ratis.server.simulation.RequestHandler.handleRequest(RequestHandler.java:91)
	at org.apache.ratis.server.simulation.RequestHandler$HandlerDaemon.run(RequestHandler.java:125)
2024-05-03 18:50:24,041 [HandlerDaemon-1] DEBUG server.RaftServer$Division (RaftServerImpl.java:logAppendEntries(1505)) - s0@group-BCC0B035F111: appendEntries* s2->s0#368-t2,previous=(t:2, i:175),leaderCommit=175,initializing? false,entries: size=1, first=(t:2, i:176), METADATAENTRY(c:175)
2024-05-03 18:50:24,041 [s0-server-thread1] DEBUG server.RaftServer$Division (RaftServerImpl.java:logAppendEntries(1505)) - s0@group-BCC0B035F111: appendEntries* reply s2<-s0#368:OK-t2,SUCCESS,nextIndex=177,followerCommit=175,matchIndex=176
2024-05-03 18:50:24,056 [main] DEBUG client.RaftClient (RaftClientImpl.java:add(146)) - client-CA0EFDF6E02E: add replied callId 366
2024-05-03 18:50:24,056 [main] DEBUG client.RaftClient (RaftClientImpl.java:get(158)) - client-CA0EFDF6E02E: get 369 returns [366]
2024-05-03 18:50:24,056 [main] DEBUG client.RaftClient (RaftClientImpl.java:newRequest(95)) - attempt #1, newRequest RaftClientRequest:client-CA0EFDF6E02E->s2@group-BCC0B035F111, cid=369, seq=null, RW, m87
2024-05-03 18:50:24,056 [s2-client-thread1] DEBUG server.RaftServer$Division (RaftServerImpl.java:submitClientRequestAsync(889)) - s2@group-BCC0B035F111: receive client request(RaftClientRequest:client-CA0EFDF6E02E->s2@group-BCC0B035F111, cid=369, seq=null, RW, m87)
2024-05-03 18:50:24,056 [s2-client-thread1] DEBUG server.RaftServer$Division (LeaderStateImpl.java:addPendingRequest(530)) - s2@group-BCC0B035F111-LeaderStateImpl: addPendingRequest at RaftClientRequest:client-CA0EFDF6E02E->s2@group-BCC0B035F111, cid=369, seq=null, RW, m87, entry=(t:2, i:177), STATEMACHINELOGENTRY, WRITE: logData.size=3, stateMachineData.size=0, logEntryProtoSerializedSize=0
2024-05-03 18:50:24,060 [HandlerDaemon-2] DEBUG server.RaftServer$Division (RaftServerImpl.java:logAppendEntries(1505)) - s0@group-BCC0B035F111: appendEntries* s2->s0#370-t2,previous=(t:2, i:176),leaderCommit=176,initializing? false,entries: size=1, first=(t:2, i:177), STATEMACHINELOGENTRY, StateMachineLogEntryProto:369@client-CA0EFDF6E02E
2024-05-03 18:50:24,060 [s0-server-thread1] DEBUG server.RaftServer$Division (RaftServerImpl.java:logAppendEntries(1505)) - s0@group-BCC0B035F111: appendEntries* reply s2<-s0#370:OK-t2,SUCCESS,nextIndex=178,followerCommit=176,matchIndex=177
2024-05-03 18:50:24,064 [HandlerDaemon-2] ERROR server.RaftServer$Division (RaftServerImpl.java:appendEntriesAsync(1474)) - s1@group-BCC0B035F111: Failed appendEntries* s2->s1#235-t2,previous=(t:2, i:86),leaderCommit=86,initializing? false,entries: size=1, first=(t:2, i:87), STATEMACHINELOGENTRY, StateMachineLogEntryProto:233@client-CA0EFDF6E02E
org.apache.ratis.protocol.exceptions.ServerNotReadyException: s1@group-BCC0B035F111 is not in [STARTING, RUNNING]: current state is CLOSED
	at org.apache.ratis.server.impl.RaftServerImpl.lambda$assertLifeCycleState$7(RaftServerImpl.java:771)
	at org.apache.ratis.util.LifeCycle.assertCurrentState(LifeCycle.java:260)
	at org.apache.ratis.server.impl.RaftServerImpl.assertLifeCycleState(RaftServerImpl.java:770)
	at org.apache.ratis.server.impl.RaftServerImpl.appendEntriesAsync(RaftServerImpl.java:1465)
	at org.apache.ratis.server.impl.RaftServerImpl.appendEntries(RaftServerImpl.java:1447)
	at org.apache.ratis.server.impl.RaftServerProxy.appendEntries(RaftServerProxy.java:669)
	at org.apache.ratis.server.simulation.SimulatedServerRpc$1.handleRequest(SimulatedServerRpc.java:163)
	at org.apache.ratis.server.simulation.SimulatedServerRpc$1.handleRequest(SimulatedServerRpc.java:153)
	at org.apache.ratis.server.simulation.RequestHandler.handleRequest(RequestHandler.java:91)
	at org.apache.ratis.server.simulation.RequestHandler$HandlerDaemon.run(RequestHandler.java:125)
2024-05-03 18:50:24,080 [HandlerDaemon-0] DEBUG server.RaftServer$Division (RaftServerImpl.java:logAppendEntries(1505)) - s0@group-BCC0B035F111: appendEntries* s2->s0#371-t2,previous=(t:2, i:177),leaderCommit=177,initializing? false,entries: size=1, first=(t:2, i:178), METADATAENTRY(c:177)
2024-05-03 18:50:24,080 [s0-server-thread1] DEBUG server.RaftServer$Division (RaftServerImpl.java:logAppendEntries(1505)) - s0@group-BCC0B035F111: appendEntries* reply s2<-s0#371:OK-t2,SUCCESS,nextIndex=179,followerCommit=177,matchIndex=178
2024-05-03 18:50:24,092 [main] DEBUG client.RaftClient (RaftClientImpl.java:add(146)) - client-CA0EFDF6E02E: add replied callId 369
2024-05-03 18:50:24,092 [main] DEBUG client.RaftClient (RaftClientImpl.java:get(158)) - client-CA0EFDF6E02E: get 372 returns [369]
2024-05-03 18:50:24,092 [main] DEBUG client.RaftClient (RaftClientImpl.java:newRequest(95)) - attempt #1, newRequest RaftClientRequest:client-CA0EFDF6E02E->s2@group-BCC0B035F111, cid=372, seq=null, RW, m88
2024-05-03 18:50:24,092 [s2-client-thread1] DEBUG server.RaftServer$Division (RaftServerImpl.java:submitClientRequestAsync(889)) - s2@group-BCC0B035F111: receive client request(RaftClientRequest:client-CA0EFDF6E02E->s2@group-BCC0B035F111, cid=372, seq=null, RW, m88)
2024-05-03 18:50:24,092 [s2-client-thread1] DEBUG server.RaftServer$Division (LeaderStateImpl.java:addPendingRequest(530)) - s2@group-BCC0B035F111-LeaderStateImpl: addPendingRequest at RaftClientRequest:client-CA0EFDF6E02E->s2@group-BCC0B035F111, cid=372, seq=null, RW, m88, entry=(t:2, i:179), STATEMACHINELOGENTRY, WRITE: logData.size=3, stateMachineData.size=0, logEntryProtoSerializedSize=0
2024-05-03 18:50:24,096 [HandlerDaemon-1] DEBUG server.RaftServer$Division (RaftServerImpl.java:logAppendEntries(1505)) - s0@group-BCC0B035F111: appendEntries* s2->s0#373-t2,previous=(t:2, i:178),leaderCommit=178,initializing? false,entries: size=1, first=(t:2, i:179), STATEMACHINELOGENTRY, StateMachineLogEntryProto:372@client-CA0EFDF6E02E
2024-05-03 18:50:24,096 [s0-server-thread1] DEBUG server.RaftServer$Division (RaftServerImpl.java:logAppendEntries(1505)) - s0@group-BCC0B035F111: appendEntries* reply s2<-s0#373:OK-t2,SUCCESS,nextIndex=180,followerCommit=178,matchIndex=179
2024-05-03 18:50:24,102 [HandlerDaemon-0] ERROR server.RaftServer$Division (RaftServerImpl.java:appendEntriesAsync(1474)) - s1@group-BCC0B035F111: Failed appendEntries* s2->s1#235-t2,previous=(t:2, i:86),leaderCommit=86,initializing? false,entries: size=1, first=(t:2, i:87), STATEMACHINELOGENTRY, StateMachineLogEntryProto:233@client-CA0EFDF6E02E
org.apache.ratis.protocol.exceptions.ServerNotReadyException: s1@group-BCC0B035F111 is not in [STARTING, RUNNING]: current state is CLOSED
	at org.apache.ratis.server.impl.RaftServerImpl.lambda$assertLifeCycleState$7(RaftServerImpl.java:771)
	at org.apache.ratis.util.LifeCycle.assertCurrentState(LifeCycle.java:260)
	at org.apache.ratis.server.impl.RaftServerImpl.assertLifeCycleState(RaftServerImpl.java:770)
	at org.apache.ratis.server.impl.RaftServerImpl.appendEntriesAsync(RaftServerImpl.java:1465)
	at org.apache.ratis.server.impl.RaftServerImpl.appendEntries(RaftServerImpl.java:1447)
	at org.apache.ratis.server.impl.RaftServerProxy.appendEntries(RaftServerProxy.java:669)
	at org.apache.ratis.server.simulation.SimulatedServerRpc$1.handleRequest(SimulatedServerRpc.java:163)
	at org.apache.ratis.server.simulation.SimulatedServerRpc$1.handleRequest(SimulatedServerRpc.java:153)
	at org.apache.ratis.server.simulation.RequestHandler.handleRequest(RequestHandler.java:91)
	at org.apache.ratis.server.simulation.RequestHandler$HandlerDaemon.run(RequestHandler.java:125)
2024-05-03 18:50:24,110 [HandlerDaemon-2] DEBUG server.RaftServer$Division (RaftServerImpl.java:logAppendEntries(1505)) - s0@group-BCC0B035F111: appendEntries* s2->s0#374-t2,previous=(t:2, i:179),leaderCommit=179,initializing? false,entries: size=1, first=(t:2, i:180), METADATAENTRY(c:179)
2024-05-03 18:50:24,110 [s0-server-thread1] DEBUG server.RaftServer$Division (RaftServerImpl.java:logAppendEntries(1505)) - s0@group-BCC0B035F111: appendEntries* reply s2<-s0#374:OK-t2,SUCCESS,nextIndex=181,followerCommit=179,matchIndex=180
2024-05-03 18:50:24,129 [main] DEBUG client.RaftClient (RaftClientImpl.java:add(146)) - client-CA0EFDF6E02E: add replied callId 372
2024-05-03 18:50:24,129 [main] DEBUG client.RaftClient (RaftClientImpl.java:get(158)) - client-CA0EFDF6E02E: get 375 returns [372]
2024-05-03 18:50:24,129 [main] DEBUG client.RaftClient (RaftClientImpl.java:newRequest(95)) - attempt #1, newRequest RaftClientRequest:client-CA0EFDF6E02E->s2@group-BCC0B035F111, cid=375, seq=null, RW, m89
2024-05-03 18:50:24,129 [s2-client-thread1] DEBUG server.RaftServer$Division (RaftServerImpl.java:submitClientRequestAsync(889)) - s2@group-BCC0B035F111: receive client request(RaftClientRequest:client-CA0EFDF6E02E->s2@group-BCC0B035F111, cid=375, seq=null, RW, m89)
2024-05-03 18:50:24,129 [s2-client-thread1] DEBUG server.RaftServer$Division (LeaderStateImpl.java:addPendingRequest(530)) - s2@group-BCC0B035F111-LeaderStateImpl: addPendingRequest at RaftClientRequest:client-CA0EFDF6E02E->s2@group-BCC0B035F111, cid=375, seq=null, RW, m89, entry=(t:2, i:181), STATEMACHINELOGENTRY, WRITE: logData.size=3, stateMachineData.size=0, logEntryProtoSerializedSize=0
2024-05-03 18:50:24,130 [HandlerDaemon-0] DEBUG server.RaftServer$Division (RaftServerImpl.java:logAppendEntries(1505)) - s0@group-BCC0B035F111: appendEntries* s2->s0#376-t2,previous=(t:2, i:180),leaderCommit=180,initializing? false,entries: size=1, first=(t:2, i:181), STATEMACHINELOGENTRY, StateMachineLogEntryProto:375@client-CA0EFDF6E02E
2024-05-03 18:50:24,130 [s0-server-thread1] DEBUG server.RaftServer$Division (RaftServerImpl.java:logAppendEntries(1505)) - s0@group-BCC0B035F111: appendEntries* reply s2<-s0#376:OK-t2,SUCCESS,nextIndex=182,followerCommit=180,matchIndex=181
2024-05-03 18:50:24,141 [HandlerDaemon-1] DEBUG server.RaftServer$Division (RaftServerImpl.java:logAppendEntries(1505)) - s0@group-BCC0B035F111: appendEntries* s2->s0#377-t2,previous=(t:2, i:181),leaderCommit=181,initializing? false,entries: size=1, first=(t:2, i:182), METADATAENTRY(c:181)
2024-05-03 18:50:24,141 [s0-server-thread1] DEBUG server.RaftServer$Division (RaftServerImpl.java:logAppendEntries(1505)) - s0@group-BCC0B035F111: appendEntries* reply s2<-s0#377:OK-t2,SUCCESS,nextIndex=183,followerCommit=181,matchIndex=182
2024-05-03 18:50:24,142 [HandlerDaemon-1] ERROR server.RaftServer$Division (RaftServerImpl.java:appendEntriesAsync(1474)) - s1@group-BCC0B035F111: Failed appendEntries* s2->s1#235-t2,previous=(t:2, i:86),leaderCommit=86,initializing? false,entries: size=1, first=(t:2, i:87), STATEMACHINELOGENTRY, StateMachineLogEntryProto:233@client-CA0EFDF6E02E
org.apache.ratis.protocol.exceptions.ServerNotReadyException: s1@group-BCC0B035F111 is not in [STARTING, RUNNING]: current state is CLOSED
	at org.apache.ratis.server.impl.RaftServerImpl.lambda$assertLifeCycleState$7(RaftServerImpl.java:771)
	at org.apache.ratis.util.LifeCycle.assertCurrentState(LifeCycle.java:260)
	at org.apache.ratis.server.impl.RaftServerImpl.assertLifeCycleState(RaftServerImpl.java:770)
	at org.apache.ratis.server.impl.RaftServerImpl.appendEntriesAsync(RaftServerImpl.java:1465)
	at org.apache.ratis.server.impl.RaftServerImpl.appendEntries(RaftServerImpl.java:1447)
	at org.apache.ratis.server.impl.RaftServerProxy.appendEntries(RaftServerProxy.java:669)
	at org.apache.ratis.server.simulation.SimulatedServerRpc$1.handleRequest(SimulatedServerRpc.java:163)
	at org.apache.ratis.server.simulation.SimulatedServerRpc$1.handleRequest(SimulatedServerRpc.java:153)
	at org.apache.ratis.server.simulation.RequestHandler.handleRequest(RequestHandler.java:91)
	at org.apache.ratis.server.simulation.RequestHandler$HandlerDaemon.run(RequestHandler.java:125)
2024-05-03 18:50:24,154 [main] DEBUG client.RaftClient (RaftClientImpl.java:add(146)) - client-CA0EFDF6E02E: add replied callId 375
2024-05-03 18:50:24,154 [main] DEBUG client.RaftClient (RaftClientImpl.java:get(158)) - client-CA0EFDF6E02E: get 378 returns [375]
2024-05-03 18:50:24,154 [main] DEBUG client.RaftClient (RaftClientImpl.java:newRequest(95)) - attempt #1, newRequest RaftClientRequest:client-CA0EFDF6E02E->s2@group-BCC0B035F111, cid=378, seq=null, RW, m90
2024-05-03 18:50:24,154 [s2-client-thread1] DEBUG server.RaftServer$Division (RaftServerImpl.java:submitClientRequestAsync(889)) - s2@group-BCC0B035F111: receive client request(RaftClientRequest:client-CA0EFDF6E02E->s2@group-BCC0B035F111, cid=378, seq=null, RW, m90)
2024-05-03 18:50:24,154 [s2-client-thread1] DEBUG server.RaftServer$Division (LeaderStateImpl.java:addPendingRequest(530)) - s2@group-BCC0B035F111-LeaderStateImpl: addPendingRequest at RaftClientRequest:client-CA0EFDF6E02E->s2@group-BCC0B035F111, cid=378, seq=null, RW, m90, entry=(t:2, i:183), STATEMACHINELOGENTRY, WRITE: logData.size=3, stateMachineData.size=0, logEntryProtoSerializedSize=0
2024-05-03 18:50:24,154 [HandlerDaemon-2] DEBUG server.RaftServer$Division (RaftServerImpl.java:logAppendEntries(1505)) - s0@group-BCC0B035F111: appendEntries* s2->s0#379-t2,previous=(t:2, i:182),leaderCommit=182,initializing? false,entries: size=1, first=(t:2, i:183), STATEMACHINELOGENTRY, StateMachineLogEntryProto:378@client-CA0EFDF6E02E
2024-05-03 18:50:24,155 [s0-server-thread1] DEBUG server.RaftServer$Division (RaftServerImpl.java:logAppendEntries(1505)) - s0@group-BCC0B035F111: appendEntries* reply s2<-s0#379:OK-t2,SUCCESS,nextIndex=184,followerCommit=182,matchIndex=183
2024-05-03 18:50:24,165 [HandlerDaemon-0] DEBUG server.RaftServer$Division (RaftServerImpl.java:logAppendEntries(1505)) - s0@group-BCC0B035F111: appendEntries* s2->s0#380-t2,previous=(t:2, i:183),leaderCommit=183,initializing? false,entries: size=1, first=(t:2, i:184), METADATAENTRY(c:183)
2024-05-03 18:50:24,166 [s0-server-thread1] DEBUG server.RaftServer$Division (RaftServerImpl.java:logAppendEntries(1505)) - s0@group-BCC0B035F111: appendEntries* reply s2<-s0#380:OK-t2,SUCCESS,nextIndex=185,followerCommit=183,matchIndex=184
2024-05-03 18:50:24,175 [main] DEBUG client.RaftClient (RaftClientImpl.java:add(146)) - client-CA0EFDF6E02E: add replied callId 378
2024-05-03 18:50:24,176 [main] DEBUG client.RaftClient (RaftClientImpl.java:get(158)) - client-CA0EFDF6E02E: get 381 returns [378]
2024-05-03 18:50:24,176 [main] DEBUG client.RaftClient (RaftClientImpl.java:newRequest(95)) - attempt #1, newRequest RaftClientRequest:client-CA0EFDF6E02E->s2@group-BCC0B035F111, cid=381, seq=null, RW, m91
2024-05-03 18:50:24,176 [s2-client-thread1] DEBUG server.RaftServer$Division (RaftServerImpl.java:submitClientRequestAsync(889)) - s2@group-BCC0B035F111: receive client request(RaftClientRequest:client-CA0EFDF6E02E->s2@group-BCC0B035F111, cid=381, seq=null, RW, m91)
2024-05-03 18:50:24,176 [s2-client-thread1] DEBUG server.RaftServer$Division (LeaderStateImpl.java:addPendingRequest(530)) - s2@group-BCC0B035F111-LeaderStateImpl: addPendingRequest at RaftClientRequest:client-CA0EFDF6E02E->s2@group-BCC0B035F111, cid=381, seq=null, RW, m91, entry=(t:2, i:185), STATEMACHINELOGENTRY, WRITE: logData.size=3, stateMachineData.size=0, logEntryProtoSerializedSize=0
2024-05-03 18:50:24,182 [HandlerDaemon-1] DEBUG server.RaftServer$Division (RaftServerImpl.java:logAppendEntries(1505)) - s0@group-BCC0B035F111: appendEntries* s2->s0#382-t2,previous=(t:2, i:184),leaderCommit=184,initializing? false,entries: size=1, first=(t:2, i:185), STATEMACHINELOGENTRY, StateMachineLogEntryProto:381@client-CA0EFDF6E02E
2024-05-03 18:50:24,183 [s0-server-thread1] DEBUG server.RaftServer$Division (RaftServerImpl.java:logAppendEntries(1505)) - s0@group-BCC0B035F111: appendEntries* reply s2<-s0#382:OK-t2,SUCCESS,nextIndex=186,followerCommit=184,matchIndex=185
2024-05-03 18:50:24,184 [HandlerDaemon-2] ERROR server.RaftServer$Division (RaftServerImpl.java:appendEntriesAsync(1474)) - s1@group-BCC0B035F111: Failed appendEntries* s2->s1#235-t2,previous=(t:2, i:86),leaderCommit=86,initializing? false,entries: size=1, first=(t:2, i:87), STATEMACHINELOGENTRY, StateMachineLogEntryProto:233@client-CA0EFDF6E02E
org.apache.ratis.protocol.exceptions.ServerNotReadyException: s1@group-BCC0B035F111 is not in [STARTING, RUNNING]: current state is CLOSED
	at org.apache.ratis.server.impl.RaftServerImpl.lambda$assertLifeCycleState$7(RaftServerImpl.java:771)
	at org.apache.ratis.util.LifeCycle.assertCurrentState(LifeCycle.java:260)
	at org.apache.ratis.server.impl.RaftServerImpl.assertLifeCycleState(RaftServerImpl.java:770)
	at org.apache.ratis.server.impl.RaftServerImpl.appendEntriesAsync(RaftServerImpl.java:1465)
	at org.apache.ratis.server.impl.RaftServerImpl.appendEntries(RaftServerImpl.java:1447)
	at org.apache.ratis.server.impl.RaftServerProxy.appendEntries(RaftServerProxy.java:669)
	at org.apache.ratis.server.simulation.SimulatedServerRpc$1.handleRequest(SimulatedServerRpc.java:163)
	at org.apache.ratis.server.simulation.SimulatedServerRpc$1.handleRequest(SimulatedServerRpc.java:153)
	at org.apache.ratis.server.simulation.RequestHandler.handleRequest(RequestHandler.java:91)
	at org.apache.ratis.server.simulation.RequestHandler$HandlerDaemon.run(RequestHandler.java:125)
2024-05-03 18:50:24,199 [HandlerDaemon-2] DEBUG server.RaftServer$Division (RaftServerImpl.java:logAppendEntries(1505)) - s0@group-BCC0B035F111: appendEntries* s2->s0#383-t2,previous=(t:2, i:185),leaderCommit=185,initializing? false,entries: size=1, first=(t:2, i:186), METADATAENTRY(c:185)
2024-05-03 18:50:24,200 [s0-server-thread1] DEBUG server.RaftServer$Division (RaftServerImpl.java:logAppendEntries(1505)) - s0@group-BCC0B035F111: appendEntries* reply s2<-s0#383:OK-t2,SUCCESS,nextIndex=187,followerCommit=185,matchIndex=186
2024-05-03 18:50:24,217 [main] DEBUG client.RaftClient (RaftClientImpl.java:add(146)) - client-CA0EFDF6E02E: add replied callId 381
2024-05-03 18:50:24,217 [main] DEBUG client.RaftClient (RaftClientImpl.java:get(158)) - client-CA0EFDF6E02E: get 384 returns [381]
2024-05-03 18:50:24,218 [main] DEBUG client.RaftClient (RaftClientImpl.java:newRequest(95)) - attempt #1, newRequest RaftClientRequest:client-CA0EFDF6E02E->s2@group-BCC0B035F111, cid=384, seq=null, RW, m92
2024-05-03 18:50:24,218 [s2-client-thread1] DEBUG server.RaftServer$Division (RaftServerImpl.java:submitClientRequestAsync(889)) - s2@group-BCC0B035F111: receive client request(RaftClientRequest:client-CA0EFDF6E02E->s2@group-BCC0B035F111, cid=384, seq=null, RW, m92)
2024-05-03 18:50:24,218 [s2-client-thread1] DEBUG server.RaftServer$Division (LeaderStateImpl.java:addPendingRequest(530)) - s2@group-BCC0B035F111-LeaderStateImpl: addPendingRequest at RaftClientRequest:client-CA0EFDF6E02E->s2@group-BCC0B035F111, cid=384, seq=null, RW, m92, entry=(t:2, i:187), STATEMACHINELOGENTRY, WRITE: logData.size=3, stateMachineData.size=0, logEntryProtoSerializedSize=0
2024-05-03 18:50:24,218 [HandlerDaemon-0] DEBUG server.RaftServer$Division (RaftServerImpl.java:logAppendEntries(1505)) - s0@group-BCC0B035F111: appendEntries* s2->s0#385-t2,previous=(t:2, i:186),leaderCommit=186,initializing? false,entries: size=1, first=(t:2, i:187), STATEMACHINELOGENTRY, StateMachineLogEntryProto:384@client-CA0EFDF6E02E
2024-05-03 18:50:24,219 [s0-server-thread1] DEBUG server.RaftServer$Division (RaftServerImpl.java:logAppendEntries(1505)) - s0@group-BCC0B035F111: appendEntries* reply s2<-s0#385:OK-t2,SUCCESS,nextIndex=188,followerCommit=186,matchIndex=187
2024-05-03 18:50:24,227 [HandlerDaemon-0] ERROR server.RaftServer$Division (RaftServerImpl.java:appendEntriesAsync(1474)) - s1@group-BCC0B035F111: Failed appendEntries* s2->s1#235-t2,previous=(t:2, i:86),leaderCommit=86,initializing? false,entries: size=1, first=(t:2, i:87), STATEMACHINELOGENTRY, StateMachineLogEntryProto:233@client-CA0EFDF6E02E
org.apache.ratis.protocol.exceptions.ServerNotReadyException: s1@group-BCC0B035F111 is not in [STARTING, RUNNING]: current state is CLOSED
	at org.apache.ratis.server.impl.RaftServerImpl.lambda$assertLifeCycleState$7(RaftServerImpl.java:771)
	at org.apache.ratis.util.LifeCycle.assertCurrentState(LifeCycle.java:260)
	at org.apache.ratis.server.impl.RaftServerImpl.assertLifeCycleState(RaftServerImpl.java:770)
	at org.apache.ratis.server.impl.RaftServerImpl.appendEntriesAsync(RaftServerImpl.java:1465)
	at org.apache.ratis.server.impl.RaftServerImpl.appendEntries(RaftServerImpl.java:1447)
	at org.apache.ratis.server.impl.RaftServerProxy.appendEntries(RaftServerProxy.java:669)
	at org.apache.ratis.server.simulation.SimulatedServerRpc$1.handleRequest(SimulatedServerRpc.java:163)
	at org.apache.ratis.server.simulation.SimulatedServerRpc$1.handleRequest(SimulatedServerRpc.java:153)
	at org.apache.ratis.server.simulation.RequestHandler.handleRequest(RequestHandler.java:91)
	at org.apache.ratis.server.simulation.RequestHandler$HandlerDaemon.run(RequestHandler.java:125)
2024-05-03 18:50:24,236 [HandlerDaemon-1] DEBUG server.RaftServer$Division (RaftServerImpl.java:logAppendEntries(1505)) - s0@group-BCC0B035F111: appendEntries* s2->s0#386-t2,previous=(t:2, i:187),leaderCommit=187,initializing? false,entries: size=1, first=(t:2, i:188), METADATAENTRY(c:187)
2024-05-03 18:50:24,237 [s0-server-thread1] DEBUG server.RaftServer$Division (RaftServerImpl.java:logAppendEntries(1505)) - s0@group-BCC0B035F111: appendEntries* reply s2<-s0#386:OK-t2,SUCCESS,nextIndex=189,followerCommit=187,matchIndex=188
2024-05-03 18:50:24,244 [s2@group-BCC0B035F111->s1-LogAppenderDefault-LogAppenderDaemon] WARN  leader.LogAppender (LogAppenderDefault.java:sendAppendEntriesWithRetries(89)) - s2@group-BCC0B035F111->s1-LogAppenderDefault: Failed to appendEntries (retry=41)
org.apache.ratis.protocol.exceptions.ServerNotReadyException: s1@group-BCC0B035F111 is not in [STARTING, RUNNING]: current state is CLOSED
	at org.apache.ratis.server.impl.RaftServerImpl.lambda$assertLifeCycleState$7(RaftServerImpl.java:771)
	at org.apache.ratis.util.LifeCycle.assertCurrentState(LifeCycle.java:260)
	at org.apache.ratis.server.impl.RaftServerImpl.assertLifeCycleState(RaftServerImpl.java:770)
	at org.apache.ratis.server.impl.RaftServerImpl.appendEntriesAsync(RaftServerImpl.java:1465)
	at org.apache.ratis.server.impl.RaftServerImpl.appendEntries(RaftServerImpl.java:1447)
	at org.apache.ratis.server.impl.RaftServerProxy.appendEntries(RaftServerProxy.java:669)
	at org.apache.ratis.server.simulation.SimulatedServerRpc$1.handleRequest(SimulatedServerRpc.java:163)
	at org.apache.ratis.server.simulation.SimulatedServerRpc$1.handleRequest(SimulatedServerRpc.java:153)
	at org.apache.ratis.server.simulation.RequestHandler.handleRequest(RequestHandler.java:91)
	at org.apache.ratis.server.simulation.RequestHandler$HandlerDaemon.run(RequestHandler.java:125)
2024-05-03 18:50:24,254 [main] DEBUG client.RaftClient (RaftClientImpl.java:add(146)) - client-CA0EFDF6E02E: add replied callId 384
2024-05-03 18:50:24,254 [main] DEBUG client.RaftClient (RaftClientImpl.java:get(158)) - client-CA0EFDF6E02E: get 387 returns [384]
2024-05-03 18:50:24,255 [main] DEBUG client.RaftClient (RaftClientImpl.java:newRequest(95)) - attempt #1, newRequest RaftClientRequest:client-CA0EFDF6E02E->s2@group-BCC0B035F111, cid=387, seq=null, RW, m93
2024-05-03 18:50:24,255 [s2-client-thread1] DEBUG server.RaftServer$Division (RaftServerImpl.java:submitClientRequestAsync(889)) - s2@group-BCC0B035F111: receive client request(RaftClientRequest:client-CA0EFDF6E02E->s2@group-BCC0B035F111, cid=387, seq=null, RW, m93)
2024-05-03 18:50:24,255 [s2-client-thread1] DEBUG server.RaftServer$Division (LeaderStateImpl.java:addPendingRequest(530)) - s2@group-BCC0B035F111-LeaderStateImpl: addPendingRequest at RaftClientRequest:client-CA0EFDF6E02E->s2@group-BCC0B035F111, cid=387, seq=null, RW, m93, entry=(t:2, i:189), STATEMACHINELOGENTRY, WRITE: logData.size=3, stateMachineData.size=0, logEntryProtoSerializedSize=0
2024-05-03 18:50:24,255 [HandlerDaemon-2] DEBUG server.RaftServer$Division (RaftServerImpl.java:logAppendEntries(1505)) - s0@group-BCC0B035F111: appendEntries* s2->s0#388-t2,previous=(t:2, i:188),leaderCommit=188,initializing? false,entries: size=1, first=(t:2, i:189), STATEMACHINELOGENTRY, StateMachineLogEntryProto:387@client-CA0EFDF6E02E
2024-05-03 18:50:24,256 [s0-server-thread1] DEBUG server.RaftServer$Division (RaftServerImpl.java:logAppendEntries(1505)) - s0@group-BCC0B035F111: appendEntries* reply s2<-s0#388:OK-t2,SUCCESS,nextIndex=190,followerCommit=188,matchIndex=189
2024-05-03 18:50:24,269 [HandlerDaemon-0] DEBUG server.RaftServer$Division (RaftServerImpl.java:logAppendEntries(1505)) - s0@group-BCC0B035F111: appendEntries* s2->s0#389-t2,previous=(t:2, i:189),leaderCommit=189,initializing? false,entries: size=1, first=(t:2, i:190), METADATAENTRY(c:189)
2024-05-03 18:50:24,270 [HandlerDaemon-1] ERROR server.RaftServer$Division (RaftServerImpl.java:appendEntriesAsync(1474)) - s1@group-BCC0B035F111: Failed appendEntries* s2->s1#235-t2,previous=(t:2, i:86),leaderCommit=86,initializing? false,entries: size=1, first=(t:2, i:87), STATEMACHINELOGENTRY, StateMachineLogEntryProto:233@client-CA0EFDF6E02E
org.apache.ratis.protocol.exceptions.ServerNotReadyException: s1@group-BCC0B035F111 is not in [STARTING, RUNNING]: current state is CLOSED
	at org.apache.ratis.server.impl.RaftServerImpl.lambda$assertLifeCycleState$7(RaftServerImpl.java:771)
	at org.apache.ratis.util.LifeCycle.assertCurrentState(LifeCycle.java:260)
	at org.apache.ratis.server.impl.RaftServerImpl.assertLifeCycleState(RaftServerImpl.java:770)
	at org.apache.ratis.server.impl.RaftServerImpl.appendEntriesAsync(RaftServerImpl.java:1465)
	at org.apache.ratis.server.impl.RaftServerImpl.appendEntries(RaftServerImpl.java:1447)
	at org.apache.ratis.server.impl.RaftServerProxy.appendEntries(RaftServerProxy.java:669)
	at org.apache.ratis.server.simulation.SimulatedServerRpc$1.handleRequest(SimulatedServerRpc.java:163)
	at org.apache.ratis.server.simulation.SimulatedServerRpc$1.handleRequest(SimulatedServerRpc.java:153)
	at org.apache.ratis.server.simulation.RequestHandler.handleRequest(RequestHandler.java:91)
	at org.apache.ratis.server.simulation.RequestHandler$HandlerDaemon.run(RequestHandler.java:125)
2024-05-03 18:50:24,270 [s0-server-thread1] DEBUG server.RaftServer$Division (RaftServerImpl.java:logAppendEntries(1505)) - s0@group-BCC0B035F111: appendEntries* reply s2<-s0#389:OK-t2,SUCCESS,nextIndex=191,followerCommit=189,matchIndex=190
2024-05-03 18:50:24,288 [main] DEBUG client.RaftClient (RaftClientImpl.java:add(146)) - client-CA0EFDF6E02E: add replied callId 387
2024-05-03 18:50:24,288 [main] DEBUG client.RaftClient (RaftClientImpl.java:get(158)) - client-CA0EFDF6E02E: get 390 returns [387]
2024-05-03 18:50:24,289 [main] DEBUG client.RaftClient (RaftClientImpl.java:newRequest(95)) - attempt #1, newRequest RaftClientRequest:client-CA0EFDF6E02E->s2@group-BCC0B035F111, cid=390, seq=null, RW, m94
2024-05-03 18:50:24,289 [s2-client-thread1] DEBUG server.RaftServer$Division (RaftServerImpl.java:submitClientRequestAsync(889)) - s2@group-BCC0B035F111: receive client request(RaftClientRequest:client-CA0EFDF6E02E->s2@group-BCC0B035F111, cid=390, seq=null, RW, m94)
2024-05-03 18:50:24,289 [s2-client-thread1] DEBUG server.RaftServer$Division (LeaderStateImpl.java:addPendingRequest(530)) - s2@group-BCC0B035F111-LeaderStateImpl: addPendingRequest at RaftClientRequest:client-CA0EFDF6E02E->s2@group-BCC0B035F111, cid=390, seq=null, RW, m94, entry=(t:2, i:191), STATEMACHINELOGENTRY, WRITE: logData.size=3, stateMachineData.size=0, logEntryProtoSerializedSize=0
2024-05-03 18:50:24,289 [HandlerDaemon-1] DEBUG server.RaftServer$Division (RaftServerImpl.java:logAppendEntries(1505)) - s0@group-BCC0B035F111: appendEntries* s2->s0#391-t2,previous=(t:2, i:190),leaderCommit=190,initializing? false,entries: size=1, first=(t:2, i:191), STATEMACHINELOGENTRY, StateMachineLogEntryProto:390@client-CA0EFDF6E02E
2024-05-03 18:50:24,290 [s0-server-thread1] DEBUG server.RaftServer$Division (RaftServerImpl.java:logAppendEntries(1505)) - s0@group-BCC0B035F111: appendEntries* reply s2<-s0#391:OK-t2,SUCCESS,nextIndex=192,followerCommit=190,matchIndex=191
2024-05-03 18:50:24,304 [HandlerDaemon-2] DEBUG server.RaftServer$Division (RaftServerImpl.java:logAppendEntries(1505)) - s0@group-BCC0B035F111: appendEntries* s2->s0#392-t2,previous=(t:2, i:191),leaderCommit=191,initializing? false,entries: size=1, first=(t:2, i:192), METADATAENTRY(c:191)
2024-05-03 18:50:24,305 [s0-server-thread1] DEBUG server.RaftServer$Division (RaftServerImpl.java:logAppendEntries(1505)) - s0@group-BCC0B035F111: appendEntries* reply s2<-s0#392:OK-t2,SUCCESS,nextIndex=193,followerCommit=191,matchIndex=192
2024-05-03 18:50:24,308 [HandlerDaemon-2] ERROR server.RaftServer$Division (RaftServerImpl.java:appendEntriesAsync(1474)) - s1@group-BCC0B035F111: Failed appendEntries* s2->s1#235-t2,previous=(t:2, i:86),leaderCommit=86,initializing? false,entries: size=1, first=(t:2, i:87), STATEMACHINELOGENTRY, StateMachineLogEntryProto:233@client-CA0EFDF6E02E
org.apache.ratis.protocol.exceptions.ServerNotReadyException: s1@group-BCC0B035F111 is not in [STARTING, RUNNING]: current state is CLOSED
	at org.apache.ratis.server.impl.RaftServerImpl.lambda$assertLifeCycleState$7(RaftServerImpl.java:771)
	at org.apache.ratis.util.LifeCycle.assertCurrentState(LifeCycle.java:260)
	at org.apache.ratis.server.impl.RaftServerImpl.assertLifeCycleState(RaftServerImpl.java:770)
	at org.apache.ratis.server.impl.RaftServerImpl.appendEntriesAsync(RaftServerImpl.java:1465)
	at org.apache.ratis.server.impl.RaftServerImpl.appendEntries(RaftServerImpl.java:1447)
	at org.apache.ratis.server.impl.RaftServerProxy.appendEntries(RaftServerProxy.java:669)
	at org.apache.ratis.server.simulation.SimulatedServerRpc$1.handleRequest(SimulatedServerRpc.java:163)
	at org.apache.ratis.server.simulation.SimulatedServerRpc$1.handleRequest(SimulatedServerRpc.java:153)
	at org.apache.ratis.server.simulation.RequestHandler.handleRequest(RequestHandler.java:91)
	at org.apache.ratis.server.simulation.RequestHandler$HandlerDaemon.run(RequestHandler.java:125)
2024-05-03 18:50:24,320 [main] DEBUG client.RaftClient (RaftClientImpl.java:add(146)) - client-CA0EFDF6E02E: add replied callId 390
2024-05-03 18:50:24,320 [main] DEBUG client.RaftClient (RaftClientImpl.java:get(158)) - client-CA0EFDF6E02E: get 393 returns [390]
2024-05-03 18:50:24,321 [main] DEBUG client.RaftClient (RaftClientImpl.java:newRequest(95)) - attempt #1, newRequest RaftClientRequest:client-CA0EFDF6E02E->s2@group-BCC0B035F111, cid=393, seq=null, RW, m95
2024-05-03 18:50:24,321 [s2-client-thread1] DEBUG server.RaftServer$Division (RaftServerImpl.java:submitClientRequestAsync(889)) - s2@group-BCC0B035F111: receive client request(RaftClientRequest:client-CA0EFDF6E02E->s2@group-BCC0B035F111, cid=393, seq=null, RW, m95)
2024-05-03 18:50:24,321 [s2-client-thread1] DEBUG server.RaftServer$Division (LeaderStateImpl.java:addPendingRequest(530)) - s2@group-BCC0B035F111-LeaderStateImpl: addPendingRequest at RaftClientRequest:client-CA0EFDF6E02E->s2@group-BCC0B035F111, cid=393, seq=null, RW, m95, entry=(t:2, i:193), STATEMACHINELOGENTRY, WRITE: logData.size=3, stateMachineData.size=0, logEntryProtoSerializedSize=0
2024-05-03 18:50:24,321 [HandlerDaemon-0] DEBUG server.RaftServer$Division (RaftServerImpl.java:logAppendEntries(1505)) - s0@group-BCC0B035F111: appendEntries* s2->s0#394-t2,previous=(t:2, i:192),leaderCommit=192,initializing? false,entries: size=1, first=(t:2, i:193), STATEMACHINELOGENTRY, StateMachineLogEntryProto:393@client-CA0EFDF6E02E
2024-05-03 18:50:24,325 [s0-server-thread1] DEBUG server.RaftServer$Division (RaftServerImpl.java:logAppendEntries(1505)) - s0@group-BCC0B035F111: appendEntries* reply s2<-s0#394:OK-t2,SUCCESS,nextIndex=194,followerCommit=192,matchIndex=193
2024-05-03 18:50:24,342 [HandlerDaemon-1] DEBUG server.RaftServer$Division (RaftServerImpl.java:logAppendEntries(1505)) - s0@group-BCC0B035F111: appendEntries* s2->s0#395-t2,previous=(t:2, i:193),leaderCommit=193,initializing? false,entries: size=1, first=(t:2, i:194), METADATAENTRY(c:193)
2024-05-03 18:50:24,343 [s0-server-thread1] DEBUG server.RaftServer$Division (RaftServerImpl.java:logAppendEntries(1505)) - s0@group-BCC0B035F111: appendEntries* reply s2<-s0#395:OK-t2,SUCCESS,nextIndex=195,followerCommit=193,matchIndex=194
2024-05-03 18:50:24,346 [HandlerDaemon-0] ERROR server.RaftServer$Division (RaftServerImpl.java:appendEntriesAsync(1474)) - s1@group-BCC0B035F111: Failed appendEntries* s2->s1#235-t2,previous=(t:2, i:86),leaderCommit=86,initializing? false,entries: size=1, first=(t:2, i:87), STATEMACHINELOGENTRY, StateMachineLogEntryProto:233@client-CA0EFDF6E02E
org.apache.ratis.protocol.exceptions.ServerNotReadyException: s1@group-BCC0B035F111 is not in [STARTING, RUNNING]: current state is CLOSED
	at org.apache.ratis.server.impl.RaftServerImpl.lambda$assertLifeCycleState$7(RaftServerImpl.java:771)
	at org.apache.ratis.util.LifeCycle.assertCurrentState(LifeCycle.java:260)
	at org.apache.ratis.server.impl.RaftServerImpl.assertLifeCycleState(RaftServerImpl.java:770)
	at org.apache.ratis.server.impl.RaftServerImpl.appendEntriesAsync(RaftServerImpl.java:1465)
	at org.apache.ratis.server.impl.RaftServerImpl.appendEntries(RaftServerImpl.java:1447)
	at org.apache.ratis.server.impl.RaftServerProxy.appendEntries(RaftServerProxy.java:669)
	at org.apache.ratis.server.simulation.SimulatedServerRpc$1.handleRequest(SimulatedServerRpc.java:163)
	at org.apache.ratis.server.simulation.SimulatedServerRpc$1.handleRequest(SimulatedServerRpc.java:153)
	at org.apache.ratis.server.simulation.RequestHandler.handleRequest(RequestHandler.java:91)
	at org.apache.ratis.server.simulation.RequestHandler$HandlerDaemon.run(RequestHandler.java:125)
2024-05-03 18:50:24,356 [main] DEBUG client.RaftClient (RaftClientImpl.java:add(146)) - client-CA0EFDF6E02E: add replied callId 393
2024-05-03 18:50:24,356 [main] DEBUG client.RaftClient (RaftClientImpl.java:get(158)) - client-CA0EFDF6E02E: get 396 returns [393]
2024-05-03 18:50:24,356 [main] DEBUG client.RaftClient (RaftClientImpl.java:newRequest(95)) - attempt #1, newRequest RaftClientRequest:client-CA0EFDF6E02E->s2@group-BCC0B035F111, cid=396, seq=null, RW, m96
2024-05-03 18:50:24,357 [s2-client-thread1] DEBUG server.RaftServer$Division (RaftServerImpl.java:submitClientRequestAsync(889)) - s2@group-BCC0B035F111: receive client request(RaftClientRequest:client-CA0EFDF6E02E->s2@group-BCC0B035F111, cid=396, seq=null, RW, m96)
2024-05-03 18:50:24,357 [s2-client-thread1] DEBUG server.RaftServer$Division (LeaderStateImpl.java:addPendingRequest(530)) - s2@group-BCC0B035F111-LeaderStateImpl: addPendingRequest at RaftClientRequest:client-CA0EFDF6E02E->s2@group-BCC0B035F111, cid=396, seq=null, RW, m96, entry=(t:2, i:195), STATEMACHINELOGENTRY, WRITE: logData.size=3, stateMachineData.size=0, logEntryProtoSerializedSize=0
2024-05-03 18:50:24,357 [HandlerDaemon-2] DEBUG server.RaftServer$Division (RaftServerImpl.java:logAppendEntries(1505)) - s0@group-BCC0B035F111: appendEntries* s2->s0#397-t2,previous=(t:2, i:194),leaderCommit=193,initializing? false,entries: size=1, first=(t:2, i:195), STATEMACHINELOGENTRY, StateMachineLogEntryProto:396@client-CA0EFDF6E02E
2024-05-03 18:50:24,357 [s0-server-thread1] DEBUG server.RaftServer$Division (RaftServerImpl.java:logAppendEntries(1505)) - s0@group-BCC0B035F111: appendEntries* reply s2<-s0#397:OK-t2,SUCCESS,nextIndex=196,followerCommit=193,matchIndex=195
2024-05-03 18:50:24,369 [HandlerDaemon-0] DEBUG server.RaftServer$Division (RaftServerImpl.java:logAppendEntries(1505)) - s0@group-BCC0B035F111: appendEntries* s2->s0#398-t2,previous=(t:2, i:195),leaderCommit=195,initializing? false,entries: size=1, first=(t:2, i:196), METADATAENTRY(c:195)
2024-05-03 18:50:24,369 [s0-server-thread1] DEBUG server.RaftServer$Division (RaftServerImpl.java:logAppendEntries(1505)) - s0@group-BCC0B035F111: appendEntries* reply s2<-s0#398:OK-t2,SUCCESS,nextIndex=197,followerCommit=195,matchIndex=196
2024-05-03 18:50:24,383 [HandlerDaemon-1] ERROR server.RaftServer$Division (RaftServerImpl.java:appendEntriesAsync(1474)) - s1@group-BCC0B035F111: Failed appendEntries* s2->s1#235-t2,previous=(t:2, i:86),leaderCommit=86,initializing? false,entries: size=1, first=(t:2, i:87), STATEMACHINELOGENTRY, StateMachineLogEntryProto:233@client-CA0EFDF6E02E
org.apache.ratis.protocol.exceptions.ServerNotReadyException: s1@group-BCC0B035F111 is not in [STARTING, RUNNING]: current state is CLOSED
	at org.apache.ratis.server.impl.RaftServerImpl.lambda$assertLifeCycleState$7(RaftServerImpl.java:771)
	at org.apache.ratis.util.LifeCycle.assertCurrentState(LifeCycle.java:260)
	at org.apache.ratis.server.impl.RaftServerImpl.assertLifeCycleState(RaftServerImpl.java:770)
	at org.apache.ratis.server.impl.RaftServerImpl.appendEntriesAsync(RaftServerImpl.java:1465)
	at org.apache.ratis.server.impl.RaftServerImpl.appendEntries(RaftServerImpl.java:1447)
	at org.apache.ratis.server.impl.RaftServerProxy.appendEntries(RaftServerProxy.java:669)
	at org.apache.ratis.server.simulation.SimulatedServerRpc$1.handleRequest(SimulatedServerRpc.java:163)
	at org.apache.ratis.server.simulation.SimulatedServerRpc$1.handleRequest(SimulatedServerRpc.java:153)
	at org.apache.ratis.server.simulation.RequestHandler.handleRequest(RequestHandler.java:91)
	at org.apache.ratis.server.simulation.RequestHandler$HandlerDaemon.run(RequestHandler.java:125)
2024-05-03 18:50:24,388 [main] DEBUG client.RaftClient (RaftClientImpl.java:add(146)) - client-CA0EFDF6E02E: add replied callId 396
2024-05-03 18:50:24,388 [main] DEBUG client.RaftClient (RaftClientImpl.java:get(158)) - client-CA0EFDF6E02E: get 399 returns [396]
2024-05-03 18:50:24,388 [main] DEBUG client.RaftClient (RaftClientImpl.java:newRequest(95)) - attempt #1, newRequest RaftClientRequest:client-CA0EFDF6E02E->s2@group-BCC0B035F111, cid=399, seq=null, RW, m97
2024-05-03 18:50:24,388 [s2-client-thread1] DEBUG server.RaftServer$Division (RaftServerImpl.java:submitClientRequestAsync(889)) - s2@group-BCC0B035F111: receive client request(RaftClientRequest:client-CA0EFDF6E02E->s2@group-BCC0B035F111, cid=399, seq=null, RW, m97)
2024-05-03 18:50:24,389 [s2-client-thread1] DEBUG server.RaftServer$Division (LeaderStateImpl.java:addPendingRequest(530)) - s2@group-BCC0B035F111-LeaderStateImpl: addPendingRequest at RaftClientRequest:client-CA0EFDF6E02E->s2@group-BCC0B035F111, cid=399, seq=null, RW, m97, entry=(t:2, i:197), STATEMACHINELOGENTRY, WRITE: logData.size=3, stateMachineData.size=0, logEntryProtoSerializedSize=0
2024-05-03 18:50:24,389 [HandlerDaemon-1] DEBUG server.RaftServer$Division (RaftServerImpl.java:logAppendEntries(1505)) - s0@group-BCC0B035F111: appendEntries* s2->s0#400-t2,previous=(t:2, i:196),leaderCommit=196,initializing? false,entries: size=1, first=(t:2, i:197), STATEMACHINELOGENTRY, StateMachineLogEntryProto:399@client-CA0EFDF6E02E
2024-05-03 18:50:24,389 [s0-server-thread1] DEBUG server.RaftServer$Division (RaftServerImpl.java:logAppendEntries(1505)) - s0@group-BCC0B035F111: appendEntries* reply s2<-s0#400:OK-t2,SUCCESS,nextIndex=198,followerCommit=196,matchIndex=197
2024-05-03 18:50:24,408 [HandlerDaemon-2] DEBUG server.RaftServer$Division (RaftServerImpl.java:logAppendEntries(1505)) - s0@group-BCC0B035F111: appendEntries* s2->s0#401-t2,previous=(t:2, i:197),leaderCommit=197,initializing? false,entries: size=1, first=(t:2, i:198), METADATAENTRY(c:197)
2024-05-03 18:50:24,408 [s0-server-thread1] DEBUG server.RaftServer$Division (RaftServerImpl.java:logAppendEntries(1505)) - s0@group-BCC0B035F111: appendEntries* reply s2<-s0#401:OK-t2,SUCCESS,nextIndex=199,followerCommit=197,matchIndex=198
2024-05-03 18:50:24,418 [HandlerDaemon-2] ERROR server.RaftServer$Division (RaftServerImpl.java:appendEntriesAsync(1474)) - s1@group-BCC0B035F111: Failed appendEntries* s2->s1#235-t2,previous=(t:2, i:86),leaderCommit=86,initializing? false,entries: size=1, first=(t:2, i:87), STATEMACHINELOGENTRY, StateMachineLogEntryProto:233@client-CA0EFDF6E02E
org.apache.ratis.protocol.exceptions.ServerNotReadyException: s1@group-BCC0B035F111 is not in [STARTING, RUNNING]: current state is CLOSED
	at org.apache.ratis.server.impl.RaftServerImpl.lambda$assertLifeCycleState$7(RaftServerImpl.java:771)
	at org.apache.ratis.util.LifeCycle.assertCurrentState(LifeCycle.java:260)
	at org.apache.ratis.server.impl.RaftServerImpl.assertLifeCycleState(RaftServerImpl.java:770)
	at org.apache.ratis.server.impl.RaftServerImpl.appendEntriesAsync(RaftServerImpl.java:1465)
	at org.apache.ratis.server.impl.RaftServerImpl.appendEntries(RaftServerImpl.java:1447)
	at org.apache.ratis.server.impl.RaftServerProxy.appendEntries(RaftServerProxy.java:669)
	at org.apache.ratis.server.simulation.SimulatedServerRpc$1.handleRequest(SimulatedServerRpc.java:163)
	at org.apache.ratis.server.simulation.SimulatedServerRpc$1.handleRequest(SimulatedServerRpc.java:153)
	at org.apache.ratis.server.simulation.RequestHandler.handleRequest(RequestHandler.java:91)
	at org.apache.ratis.server.simulation.RequestHandler$HandlerDaemon.run(RequestHandler.java:125)
2024-05-03 18:50:24,419 [main] DEBUG client.RaftClient (RaftClientImpl.java:add(146)) - client-CA0EFDF6E02E: add replied callId 399
2024-05-03 18:50:24,419 [main] DEBUG client.RaftClient (RaftClientImpl.java:get(158)) - client-CA0EFDF6E02E: get 402 returns [399]
2024-05-03 18:50:24,419 [main] DEBUG client.RaftClient (RaftClientImpl.java:newRequest(95)) - attempt #1, newRequest RaftClientRequest:client-CA0EFDF6E02E->s2@group-BCC0B035F111, cid=402, seq=null, RW, m98
2024-05-03 18:50:24,419 [s2-client-thread1] DEBUG server.RaftServer$Division (RaftServerImpl.java:submitClientRequestAsync(889)) - s2@group-BCC0B035F111: receive client request(RaftClientRequest:client-CA0EFDF6E02E->s2@group-BCC0B035F111, cid=402, seq=null, RW, m98)
2024-05-03 18:50:24,420 [s2-client-thread1] DEBUG server.RaftServer$Division (LeaderStateImpl.java:addPendingRequest(530)) - s2@group-BCC0B035F111-LeaderStateImpl: addPendingRequest at RaftClientRequest:client-CA0EFDF6E02E->s2@group-BCC0B035F111, cid=402, seq=null, RW, m98, entry=(t:2, i:199), STATEMACHINELOGENTRY, WRITE: logData.size=3, stateMachineData.size=0, logEntryProtoSerializedSize=0
2024-05-03 18:50:24,423 [HandlerDaemon-0] DEBUG server.RaftServer$Division (RaftServerImpl.java:logAppendEntries(1505)) - s0@group-BCC0B035F111: appendEntries* s2->s0#403-t2,previous=(t:2, i:198),leaderCommit=198,initializing? false,entries: size=1, first=(t:2, i:199), STATEMACHINELOGENTRY, StateMachineLogEntryProto:402@client-CA0EFDF6E02E
2024-05-03 18:50:24,423 [s0-server-thread1] DEBUG server.RaftServer$Division (RaftServerImpl.java:logAppendEntries(1505)) - s0@group-BCC0B035F111: appendEntries* reply s2<-s0#403:OK-t2,SUCCESS,nextIndex=200,followerCommit=198,matchIndex=199
2024-05-03 18:50:24,443 [HandlerDaemon-1] DEBUG server.RaftServer$Division (RaftServerImpl.java:logAppendEntries(1505)) - s0@group-BCC0B035F111: appendEntries* s2->s0#404-t2,previous=(t:2, i:199),leaderCommit=199,initializing? false,entries: size=1, first=(t:2, i:200), METADATAENTRY(c:199)
2024-05-03 18:50:24,443 [s0-server-thread1] DEBUG server.RaftServer$Division (RaftServerImpl.java:logAppendEntries(1505)) - s0@group-BCC0B035F111: appendEntries* reply s2<-s0#404:OK-t2,SUCCESS,nextIndex=201,followerCommit=199,matchIndex=200
2024-05-03 18:50:24,454 [main] DEBUG client.RaftClient (RaftClientImpl.java:add(146)) - client-CA0EFDF6E02E: add replied callId 402
2024-05-03 18:50:24,454 [main] DEBUG client.RaftClient (RaftClientImpl.java:get(158)) - client-CA0EFDF6E02E: get 405 returns [402]
2024-05-03 18:50:24,454 [main] DEBUG client.RaftClient (RaftClientImpl.java:newRequest(95)) - attempt #1, newRequest RaftClientRequest:client-CA0EFDF6E02E->s2@group-BCC0B035F111, cid=405, seq=null, RW, m99
2024-05-03 18:50:24,454 [s2-client-thread1] DEBUG server.RaftServer$Division (RaftServerImpl.java:submitClientRequestAsync(889)) - s2@group-BCC0B035F111: receive client request(RaftClientRequest:client-CA0EFDF6E02E->s2@group-BCC0B035F111, cid=405, seq=null, RW, m99)
2024-05-03 18:50:24,454 [s2-client-thread1] DEBUG server.RaftServer$Division (LeaderStateImpl.java:addPendingRequest(530)) - s2@group-BCC0B035F111-LeaderStateImpl: addPendingRequest at RaftClientRequest:client-CA0EFDF6E02E->s2@group-BCC0B035F111, cid=405, seq=null, RW, m99, entry=(t:2, i:201), STATEMACHINELOGENTRY, WRITE: logData.size=3, stateMachineData.size=0, logEntryProtoSerializedSize=0
2024-05-03 18:50:24,456 [HandlerDaemon-0] ERROR server.RaftServer$Division (RaftServerImpl.java:appendEntriesAsync(1474)) - s1@group-BCC0B035F111: Failed appendEntries* s2->s1#235-t2,previous=(t:2, i:86),leaderCommit=86,initializing? false,entries: size=1, first=(t:2, i:87), STATEMACHINELOGENTRY, StateMachineLogEntryProto:233@client-CA0EFDF6E02E
org.apache.ratis.protocol.exceptions.ServerNotReadyException: s1@group-BCC0B035F111 is not in [STARTING, RUNNING]: current state is CLOSED
	at org.apache.ratis.server.impl.RaftServerImpl.lambda$assertLifeCycleState$7(RaftServerImpl.java:771)
	at org.apache.ratis.util.LifeCycle.assertCurrentState(LifeCycle.java:260)
	at org.apache.ratis.server.impl.RaftServerImpl.assertLifeCycleState(RaftServerImpl.java:770)
	at org.apache.ratis.server.impl.RaftServerImpl.appendEntriesAsync(RaftServerImpl.java:1465)
	at org.apache.ratis.server.impl.RaftServerImpl.appendEntries(RaftServerImpl.java:1447)
	at org.apache.ratis.server.impl.RaftServerProxy.appendEntries(RaftServerProxy.java:669)
	at org.apache.ratis.server.simulation.SimulatedServerRpc$1.handleRequest(SimulatedServerRpc.java:163)
	at org.apache.ratis.server.simulation.SimulatedServerRpc$1.handleRequest(SimulatedServerRpc.java:153)
	at org.apache.ratis.server.simulation.RequestHandler.handleRequest(RequestHandler.java:91)
	at org.apache.ratis.server.simulation.RequestHandler$HandlerDaemon.run(RequestHandler.java:125)
2024-05-03 18:50:24,461 [HandlerDaemon-2] DEBUG server.RaftServer$Division (RaftServerImpl.java:logAppendEntries(1505)) - s0@group-BCC0B035F111: appendEntries* s2->s0#406-t2,previous=(t:2, i:200),leaderCommit=200,initializing? false,entries: size=1, first=(t:2, i:201), STATEMACHINELOGENTRY, StateMachineLogEntryProto:405@client-CA0EFDF6E02E
2024-05-03 18:50:24,461 [s0-server-thread1] DEBUG server.RaftServer$Division (RaftServerImpl.java:logAppendEntries(1505)) - s0@group-BCC0B035F111: appendEntries* reply s2<-s0#406:OK-t2,SUCCESS,nextIndex=202,followerCommit=200,matchIndex=201
2024-05-03 18:50:24,472 [HandlerDaemon-0] DEBUG server.RaftServer$Division (RaftServerImpl.java:logAppendEntries(1505)) - s0@group-BCC0B035F111: appendEntries* s2->s0#407-t2,previous=(t:2, i:201),leaderCommit=201,initializing? false,entries: size=1, first=(t:2, i:202), METADATAENTRY(c:201)
2024-05-03 18:50:24,472 [s0-server-thread1] DEBUG server.RaftServer$Division (RaftServerImpl.java:logAppendEntries(1505)) - s0@group-BCC0B035F111: appendEntries* reply s2<-s0#407:OK-t2,SUCCESS,nextIndex=203,followerCommit=201,matchIndex=202
2024-05-03 18:50:24,486 [main] DEBUG client.RaftClient (RaftClientImpl.java:add(146)) - client-CA0EFDF6E02E: add replied callId 405
2024-05-03 18:50:24,486 [main] DEBUG client.RaftClient (RaftClientImpl.java:close(465)) - close client-CA0EFDF6E02E
2024-05-03 18:50:24,486 [main] INFO  server.RaftServerConfigKeys (ConfUtils.java:logGet(46)) - raft.server.rpc.timeout.max = 300ms (default)
2024-05-03 18:50:24,496 [HandlerDaemon-1] ERROR server.RaftServer$Division (RaftServerImpl.java:appendEntriesAsync(1474)) - s1@group-BCC0B035F111: Failed appendEntries* s2->s1#235-t2,previous=(t:2, i:86),leaderCommit=86,initializing? false,entries: size=1, first=(t:2, i:87), STATEMACHINELOGENTRY, StateMachineLogEntryProto:233@client-CA0EFDF6E02E
org.apache.ratis.protocol.exceptions.ServerNotReadyException: s1@group-BCC0B035F111 is not in [STARTING, RUNNING]: current state is CLOSED
	at org.apache.ratis.server.impl.RaftServerImpl.lambda$assertLifeCycleState$7(RaftServerImpl.java:771)
	at org.apache.ratis.util.LifeCycle.assertCurrentState(LifeCycle.java:260)
	at org.apache.ratis.server.impl.RaftServerImpl.assertLifeCycleState(RaftServerImpl.java:770)
	at org.apache.ratis.server.impl.RaftServerImpl.appendEntriesAsync(RaftServerImpl.java:1465)
	at org.apache.ratis.server.impl.RaftServerImpl.appendEntries(RaftServerImpl.java:1447)
	at org.apache.ratis.server.impl.RaftServerProxy.appendEntries(RaftServerProxy.java:669)
	at org.apache.ratis.server.simulation.SimulatedServerRpc$1.handleRequest(SimulatedServerRpc.java:163)
	at org.apache.ratis.server.simulation.SimulatedServerRpc$1.handleRequest(SimulatedServerRpc.java:153)
	at org.apache.ratis.server.simulation.RequestHandler.handleRequest(RequestHandler.java:91)
	at org.apache.ratis.server.simulation.RequestHandler$HandlerDaemon.run(RequestHandler.java:125)
2024-05-03 18:50:24,534 [HandlerDaemon-2] ERROR server.RaftServer$Division (RaftServerImpl.java:appendEntriesAsync(1474)) - s1@group-BCC0B035F111: Failed appendEntries* s2->s1#235-t2,previous=(t:2, i:86),leaderCommit=86,initializing? false,entries: size=1, first=(t:2, i:87), STATEMACHINELOGENTRY, StateMachineLogEntryProto:233@client-CA0EFDF6E02E
org.apache.ratis.protocol.exceptions.ServerNotReadyException: s1@group-BCC0B035F111 is not in [STARTING, RUNNING]: current state is CLOSED
	at org.apache.ratis.server.impl.RaftServerImpl.lambda$assertLifeCycleState$7(RaftServerImpl.java:771)
	at org.apache.ratis.util.LifeCycle.assertCurrentState(LifeCycle.java:260)
	at org.apache.ratis.server.impl.RaftServerImpl.assertLifeCycleState(RaftServerImpl.java:770)
	at org.apache.ratis.server.impl.RaftServerImpl.appendEntriesAsync(RaftServerImpl.java:1465)
	at org.apache.ratis.server.impl.RaftServerImpl.appendEntries(RaftServerImpl.java:1447)
	at org.apache.ratis.server.impl.RaftServerProxy.appendEntries(RaftServerProxy.java:669)
	at org.apache.ratis.server.simulation.SimulatedServerRpc$1.handleRequest(SimulatedServerRpc.java:163)
	at org.apache.ratis.server.simulation.SimulatedServerRpc$1.handleRequest(SimulatedServerRpc.java:153)
	at org.apache.ratis.server.simulation.RequestHandler.handleRequest(RequestHandler.java:91)
	at org.apache.ratis.server.simulation.RequestHandler$HandlerDaemon.run(RequestHandler.java:125)
2024-05-03 18:50:24,571 [HandlerDaemon-0] ERROR server.RaftServer$Division (RaftServerImpl.java:appendEntriesAsync(1474)) - s1@group-BCC0B035F111: Failed appendEntries* s2->s1#235-t2,previous=(t:2, i:86),leaderCommit=86,initializing? false,entries: size=1, first=(t:2, i:87), STATEMACHINELOGENTRY, StateMachineLogEntryProto:233@client-CA0EFDF6E02E
org.apache.ratis.protocol.exceptions.ServerNotReadyException: s1@group-BCC0B035F111 is not in [STARTING, RUNNING]: current state is CLOSED
	at org.apache.ratis.server.impl.RaftServerImpl.lambda$assertLifeCycleState$7(RaftServerImpl.java:771)
	at org.apache.ratis.util.LifeCycle.assertCurrentState(LifeCycle.java:260)
	at org.apache.ratis.server.impl.RaftServerImpl.assertLifeCycleState(RaftServerImpl.java:770)
	at org.apache.ratis.server.impl.RaftServerImpl.appendEntriesAsync(RaftServerImpl.java:1465)
	at org.apache.ratis.server.impl.RaftServerImpl.appendEntries(RaftServerImpl.java:1447)
	at org.apache.ratis.server.impl.RaftServerProxy.appendEntries(RaftServerProxy.java:669)
	at org.apache.ratis.server.simulation.SimulatedServerRpc$1.handleRequest(SimulatedServerRpc.java:163)
	at org.apache.ratis.server.simulation.SimulatedServerRpc$1.handleRequest(SimulatedServerRpc.java:153)
	at org.apache.ratis.server.simulation.RequestHandler.handleRequest(RequestHandler.java:91)
	at org.apache.ratis.server.simulation.RequestHandler$HandlerDaemon.run(RequestHandler.java:125)
2024-05-03 18:50:24,608 [HandlerDaemon-1] ERROR server.RaftServer$Division (RaftServerImpl.java:appendEntriesAsync(1474)) - s1@group-BCC0B035F111: Failed appendEntries* s2->s1#235-t2,previous=(t:2, i:86),leaderCommit=86,initializing? false,entries: size=1, first=(t:2, i:87), STATEMACHINELOGENTRY, StateMachineLogEntryProto:233@client-CA0EFDF6E02E
org.apache.ratis.protocol.exceptions.ServerNotReadyException: s1@group-BCC0B035F111 is not in [STARTING, RUNNING]: current state is CLOSED
	at org.apache.ratis.server.impl.RaftServerImpl.lambda$assertLifeCycleState$7(RaftServerImpl.java:771)
	at org.apache.ratis.util.LifeCycle.assertCurrentState(LifeCycle.java:260)
	at org.apache.ratis.server.impl.RaftServerImpl.assertLifeCycleState(RaftServerImpl.java:770)
	at org.apache.ratis.server.impl.RaftServerImpl.appendEntriesAsync(RaftServerImpl.java:1465)
	at org.apache.ratis.server.impl.RaftServerImpl.appendEntries(RaftServerImpl.java:1447)
	at org.apache.ratis.server.impl.RaftServerProxy.appendEntries(RaftServerProxy.java:669)
	at org.apache.ratis.server.simulation.SimulatedServerRpc$1.handleRequest(SimulatedServerRpc.java:163)
	at org.apache.ratis.server.simulation.SimulatedServerRpc$1.handleRequest(SimulatedServerRpc.java:153)
	at org.apache.ratis.server.simulation.RequestHandler.handleRequest(RequestHandler.java:91)
	at org.apache.ratis.server.simulation.RequestHandler$HandlerDaemon.run(RequestHandler.java:125)
2024-05-03 18:50:24,621 [s2@group-BCC0B035F111->s1-LogAppenderDefault-LogAppenderDaemon] WARN  leader.LogAppender (LogAppenderDefault.java:sendAppendEntriesWithRetries(89)) - s2@group-BCC0B035F111->s1-LogAppenderDefault: Failed to appendEntries (retry=51)
org.apache.ratis.protocol.exceptions.ServerNotReadyException: s1@group-BCC0B035F111 is not in [STARTING, RUNNING]: current state is CLOSED
	at org.apache.ratis.server.impl.RaftServerImpl.lambda$assertLifeCycleState$7(RaftServerImpl.java:771)
	at org.apache.ratis.util.LifeCycle.assertCurrentState(LifeCycle.java:260)
	at org.apache.ratis.server.impl.RaftServerImpl.assertLifeCycleState(RaftServerImpl.java:770)
	at org.apache.ratis.server.impl.RaftServerImpl.appendEntriesAsync(RaftServerImpl.java:1465)
	at org.apache.ratis.server.impl.RaftServerImpl.appendEntries(RaftServerImpl.java:1447)
	at org.apache.ratis.server.impl.RaftServerProxy.appendEntries(RaftServerProxy.java:669)
	at org.apache.ratis.server.simulation.SimulatedServerRpc$1.handleRequest(SimulatedServerRpc.java:163)
	at org.apache.ratis.server.simulation.SimulatedServerRpc$1.handleRequest(SimulatedServerRpc.java:153)
	at org.apache.ratis.server.simulation.RequestHandler.handleRequest(RequestHandler.java:91)
	at org.apache.ratis.server.simulation.RequestHandler$HandlerDaemon.run(RequestHandler.java:125)
2024-05-03 18:50:24,646 [HandlerDaemon-2] ERROR server.RaftServer$Division (RaftServerImpl.java:appendEntriesAsync(1474)) - s1@group-BCC0B035F111: Failed appendEntries* s2->s1#235-t2,previous=(t:2, i:86),leaderCommit=86,initializing? false,entries: size=1, first=(t:2, i:87), STATEMACHINELOGENTRY, StateMachineLogEntryProto:233@client-CA0EFDF6E02E
org.apache.ratis.protocol.exceptions.ServerNotReadyException: s1@group-BCC0B035F111 is not in [STARTING, RUNNING]: current state is CLOSED
	at org.apache.ratis.server.impl.RaftServerImpl.lambda$assertLifeCycleState$7(RaftServerImpl.java:771)
	at org.apache.ratis.util.LifeCycle.assertCurrentState(LifeCycle.java:260)
	at org.apache.ratis.server.impl.RaftServerImpl.assertLifeCycleState(RaftServerImpl.java:770)
	at org.apache.ratis.server.impl.RaftServerImpl.appendEntriesAsync(RaftServerImpl.java:1465)
	at org.apache.ratis.server.impl.RaftServerImpl.appendEntries(RaftServerImpl.java:1447)
	at org.apache.ratis.server.impl.RaftServerProxy.appendEntries(RaftServerProxy.java:669)
	at org.apache.ratis.server.simulation.SimulatedServerRpc$1.handleRequest(SimulatedServerRpc.java:163)
	at org.apache.ratis.server.simulation.SimulatedServerRpc$1.handleRequest(SimulatedServerRpc.java:153)
	at org.apache.ratis.server.simulation.RequestHandler.handleRequest(RequestHandler.java:91)
	at org.apache.ratis.server.simulation.RequestHandler$HandlerDaemon.run(RequestHandler.java:125)
2024-05-03 18:50:24,685 [HandlerDaemon-0] ERROR server.RaftServer$Division (RaftServerImpl.java:appendEntriesAsync(1474)) - s1@group-BCC0B035F111: Failed appendEntries* s2->s1#235-t2,previous=(t:2, i:86),leaderCommit=86,initializing? false,entries: size=1, first=(t:2, i:87), STATEMACHINELOGENTRY, StateMachineLogEntryProto:233@client-CA0EFDF6E02E
org.apache.ratis.protocol.exceptions.ServerNotReadyException: s1@group-BCC0B035F111 is not in [STARTING, RUNNING]: current state is CLOSED
	at org.apache.ratis.server.impl.RaftServerImpl.lambda$assertLifeCycleState$7(RaftServerImpl.java:771)
	at org.apache.ratis.util.LifeCycle.assertCurrentState(LifeCycle.java:260)
	at org.apache.ratis.server.impl.RaftServerImpl.assertLifeCycleState(RaftServerImpl.java:770)
	at org.apache.ratis.server.impl.RaftServerImpl.appendEntriesAsync(RaftServerImpl.java:1465)
	at org.apache.ratis.server.impl.RaftServerImpl.appendEntries(RaftServerImpl.java:1447)
	at org.apache.ratis.server.impl.RaftServerProxy.appendEntries(RaftServerProxy.java:669)
	at org.apache.ratis.server.simulation.SimulatedServerRpc$1.handleRequest(SimulatedServerRpc.java:163)
	at org.apache.ratis.server.simulation.SimulatedServerRpc$1.handleRequest(SimulatedServerRpc.java:153)
	at org.apache.ratis.server.simulation.RequestHandler.handleRequest(RequestHandler.java:91)
	at org.apache.ratis.server.simulation.RequestHandler$HandlerDaemon.run(RequestHandler.java:125)
2024-05-03 18:50:24,729 [HandlerDaemon-1] ERROR server.RaftServer$Division (RaftServerImpl.java:appendEntriesAsync(1474)) - s1@group-BCC0B035F111: Failed appendEntries* s2->s1#235-t2,previous=(t:2, i:86),leaderCommit=86,initializing? false,entries: size=1, first=(t:2, i:87), STATEMACHINELOGENTRY, StateMachineLogEntryProto:233@client-CA0EFDF6E02E
org.apache.ratis.protocol.exceptions.ServerNotReadyException: s1@group-BCC0B035F111 is not in [STARTING, RUNNING]: current state is CLOSED
	at org.apache.ratis.server.impl.RaftServerImpl.lambda$assertLifeCycleState$7(RaftServerImpl.java:771)
	at org.apache.ratis.util.LifeCycle.assertCurrentState(LifeCycle.java:260)
	at org.apache.ratis.server.impl.RaftServerImpl.assertLifeCycleState(RaftServerImpl.java:770)
	at org.apache.ratis.server.impl.RaftServerImpl.appendEntriesAsync(RaftServerImpl.java:1465)
	at org.apache.ratis.server.impl.RaftServerImpl.appendEntries(RaftServerImpl.java:1447)
	at org.apache.ratis.server.impl.RaftServerProxy.appendEntries(RaftServerProxy.java:669)
	at org.apache.ratis.server.simulation.SimulatedServerRpc$1.handleRequest(SimulatedServerRpc.java:163)
	at org.apache.ratis.server.simulation.SimulatedServerRpc$1.handleRequest(SimulatedServerRpc.java:153)
	at org.apache.ratis.server.simulation.RequestHandler.handleRequest(RequestHandler.java:91)
	at org.apache.ratis.server.simulation.RequestHandler$HandlerDaemon.run(RequestHandler.java:125)
2024-05-03 18:50:24,772 [HandlerDaemon-2] ERROR server.RaftServer$Division (RaftServerImpl.java:appendEntriesAsync(1474)) - s1@group-BCC0B035F111: Failed appendEntries* s2->s1#235-t2,previous=(t:2, i:86),leaderCommit=86,initializing? false,entries: size=1, first=(t:2, i:87), STATEMACHINELOGENTRY, StateMachineLogEntryProto:233@client-CA0EFDF6E02E
org.apache.ratis.protocol.exceptions.ServerNotReadyException: s1@group-BCC0B035F111 is not in [STARTING, RUNNING]: current state is CLOSED
	at org.apache.ratis.server.impl.RaftServerImpl.lambda$assertLifeCycleState$7(RaftServerImpl.java:771)
	at org.apache.ratis.util.LifeCycle.assertCurrentState(LifeCycle.java:260)
	at org.apache.ratis.server.impl.RaftServerImpl.assertLifeCycleState(RaftServerImpl.java:770)
	at org.apache.ratis.server.impl.RaftServerImpl.appendEntriesAsync(RaftServerImpl.java:1465)
	at org.apache.ratis.server.impl.RaftServerImpl.appendEntries(RaftServerImpl.java:1447)
	at org.apache.ratis.server.impl.RaftServerProxy.appendEntries(RaftServerProxy.java:669)
	at org.apache.ratis.server.simulation.SimulatedServerRpc$1.handleRequest(SimulatedServerRpc.java:163)
	at org.apache.ratis.server.simulation.SimulatedServerRpc$1.handleRequest(SimulatedServerRpc.java:153)
	at org.apache.ratis.server.simulation.RequestHandler.handleRequest(RequestHandler.java:91)
	at org.apache.ratis.server.simulation.RequestHandler$HandlerDaemon.run(RequestHandler.java:125)
2024-05-03 18:50:24,810 [HandlerDaemon-0] ERROR server.RaftServer$Division (RaftServerImpl.java:appendEntriesAsync(1474)) - s1@group-BCC0B035F111: Failed appendEntries* s2->s1#235-t2,previous=(t:2, i:86),leaderCommit=86,initializing? false,entries: size=1, first=(t:2, i:87), STATEMACHINELOGENTRY, StateMachineLogEntryProto:233@client-CA0EFDF6E02E
org.apache.ratis.protocol.exceptions.ServerNotReadyException: s1@group-BCC0B035F111 is not in [STARTING, RUNNING]: current state is CLOSED
	at org.apache.ratis.server.impl.RaftServerImpl.lambda$assertLifeCycleState$7(RaftServerImpl.java:771)
	at org.apache.ratis.util.LifeCycle.assertCurrentState(LifeCycle.java:260)
	at org.apache.ratis.server.impl.RaftServerImpl.assertLifeCycleState(RaftServerImpl.java:770)
	at org.apache.ratis.server.impl.RaftServerImpl.appendEntriesAsync(RaftServerImpl.java:1465)
	at org.apache.ratis.server.impl.RaftServerImpl.appendEntries(RaftServerImpl.java:1447)
	at org.apache.ratis.server.impl.RaftServerProxy.appendEntries(RaftServerProxy.java:669)
	at org.apache.ratis.server.simulation.SimulatedServerRpc$1.handleRequest(SimulatedServerRpc.java:163)
	at org.apache.ratis.server.simulation.SimulatedServerRpc$1.handleRequest(SimulatedServerRpc.java:153)
	at org.apache.ratis.server.simulation.RequestHandler.handleRequest(RequestHandler.java:91)
	at org.apache.ratis.server.simulation.RequestHandler$HandlerDaemon.run(RequestHandler.java:125)
2024-05-03 18:50:24,851 [HandlerDaemon-1] ERROR server.RaftServer$Division (RaftServerImpl.java:appendEntriesAsync(1474)) - s1@group-BCC0B035F111: Failed appendEntries* s2->s1#235-t2,previous=(t:2, i:86),leaderCommit=86,initializing? false,entries: size=1, first=(t:2, i:87), STATEMACHINELOGENTRY, StateMachineLogEntryProto:233@client-CA0EFDF6E02E
org.apache.ratis.protocol.exceptions.ServerNotReadyException: s1@group-BCC0B035F111 is not in [STARTING, RUNNING]: current state is CLOSED
	at org.apache.ratis.server.impl.RaftServerImpl.lambda$assertLifeCycleState$7(RaftServerImpl.java:771)
	at org.apache.ratis.util.LifeCycle.assertCurrentState(LifeCycle.java:260)
	at org.apache.ratis.server.impl.RaftServerImpl.assertLifeCycleState(RaftServerImpl.java:770)
	at org.apache.ratis.server.impl.RaftServerImpl.appendEntriesAsync(RaftServerImpl.java:1465)
	at org.apache.ratis.server.impl.RaftServerImpl.appendEntries(RaftServerImpl.java:1447)
	at org.apache.ratis.server.impl.RaftServerProxy.appendEntries(RaftServerProxy.java:669)
	at org.apache.ratis.server.simulation.SimulatedServerRpc$1.handleRequest(SimulatedServerRpc.java:163)
	at org.apache.ratis.server.simulation.SimulatedServerRpc$1.handleRequest(SimulatedServerRpc.java:153)
	at org.apache.ratis.server.simulation.RequestHandler.handleRequest(RequestHandler.java:91)
	at org.apache.ratis.server.simulation.RequestHandler$HandlerDaemon.run(RequestHandler.java:125)
2024-05-03 18:50:24,889 [main] INFO  impl.MiniRaftCluster (MiniRaftCluster.java:shutdown(833)) - ************************************************************** 
2024-05-03 18:50:24,890 [main] INFO  impl.MiniRaftCluster (MiniRaftCluster.java:shutdown(834)) - *** 
2024-05-03 18:50:24,890 [main] INFO  impl.MiniRaftCluster (MiniRaftCluster.java:shutdown(835)) - ***     Stopping MiniRaftClusterWithSimulatedRpc
2024-05-03 18:50:24,890 [main] INFO  impl.MiniRaftCluster (MiniRaftCluster.java:shutdown(836)) - *** 
2024-05-03 18:50:24,890 [main] INFO  impl.MiniRaftCluster (MiniRaftCluster.java:shutdown(837)) - ************************************************************** 
2024-05-03 18:50:24,890 [main] INFO  impl.MiniRaftCluster (MiniRaftCluster.java:shutdown(838)) - printing ALL groups
  s0:  RUNNING  FOLLOWER s0@group-BCC0B035F111:t2, leader=s2, voted=s2, raftlog=Memoized:s0@group-BCC0B035F111-SegmentedRaftLog:OPENED:c202:last(t:2, i:202), conf=conf: {index: 83, cur=peers:[s0|localhost:15000, s1|localhost:15004, s2|localhost:15008]|listeners:[], old=null} RUNNING
  s1:  RUNNING  FOLLOWER s1@group-BCC0B035F111:t2, leader=s2, voted=null, raftlog=Memoized:s1@group-BCC0B035F111-SegmentedRaftLog:CLOSED:c85, conf=conf: {index: 83, cur=peers:[s0|localhost:15000, s1|localhost:15004, s2|localhost:15008]|listeners:[], old=null} CLOSED
  s2:  RUNNING    LEADER s2@group-BCC0B035F111:t2, leader=s2, voted=s2, raftlog=Memoized:s2@group-BCC0B035F111-SegmentedRaftLog:OPENED:c202:last(t:2, i:202), conf=conf: {index: 83, cur=peers:[s0|localhost:15000, s1|localhost:15004, s2|localhost:15008]|listeners:[], old=null} RUNNING
2024-05-03 18:50:24,891 [HandlerDaemon-2] ERROR server.RaftServer$Division (RaftServerImpl.java:appendEntriesAsync(1474)) - s1@group-BCC0B035F111: Failed appendEntries* s2->s1#235-t2,previous=(t:2, i:86),leaderCommit=86,initializing? false,entries: size=1, first=(t:2, i:87), STATEMACHINELOGENTRY, StateMachineLogEntryProto:233@client-CA0EFDF6E02E
org.apache.ratis.protocol.exceptions.ServerNotReadyException: s1@group-BCC0B035F111 is not in [STARTING, RUNNING]: current state is CLOSED
	at org.apache.ratis.server.impl.RaftServerImpl.lambda$assertLifeCycleState$7(RaftServerImpl.java:771)
	at org.apache.ratis.util.LifeCycle.assertCurrentState(LifeCycle.java:260)
	at org.apache.ratis.server.impl.RaftServerImpl.assertLifeCycleState(RaftServerImpl.java:770)
	at org.apache.ratis.server.impl.RaftServerImpl.appendEntriesAsync(RaftServerImpl.java:1465)
	at org.apache.ratis.server.impl.RaftServerImpl.appendEntries(RaftServerImpl.java:1447)
	at org.apache.ratis.server.impl.RaftServerProxy.appendEntries(RaftServerProxy.java:669)
	at org.apache.ratis.server.simulation.SimulatedServerRpc$1.handleRequest(SimulatedServerRpc.java:163)
	at org.apache.ratis.server.simulation.SimulatedServerRpc$1.handleRequest(SimulatedServerRpc.java:153)
	at org.apache.ratis.server.simulation.RequestHandler.handleRequest(RequestHandler.java:91)
	at org.apache.ratis.server.simulation.RequestHandler$HandlerDaemon.run(RequestHandler.java:125)
2024-05-03 18:50:24,892 [MiniRaftCluster-1] INFO  server.RaftServer (RaftServerProxy.java:lambda$close$9(417)) - s0: close
2024-05-03 18:50:24,892 [MiniRaftCluster-2] INFO  server.RaftServer (RaftServerProxy.java:lambda$close$9(417)) - s1: close
2024-05-03 18:50:24,894 [s0-impl-thread1] INFO  server.RaftServer$Division (RaftServerImpl.java:lambda$close$1(501)) - s0@group-BCC0B035F111: shutdown
2024-05-03 18:50:24,894 [s0-impl-thread1] INFO  util.JmxRegister (JmxRegister.java:unregister(74)) - Successfully un-registered JMX Bean with object name Ratis:service=RaftServer,group=group-BCC0B035F111,id=s0
2024-05-03 18:50:24,894 [s0-impl-thread1] INFO  impl.RoleInfo (RoleInfo.java:shutdownFollowerState(119)) - s0: shutdown s0@group-BCC0B035F111-FollowerState
2024-05-03 18:50:24,894 [HandlerDaemon-0] INFO  simulation.RequestHandler (RequestHandler.java:run(127)) - s0.clientHandler0 is interrupted by java.io.InterruptedIOException: 
2024-05-03 18:50:24,894 [s0-impl-thread1] INFO  impl.StateMachineUpdater (StateMachineUpdater.java:stopAndJoin(164)) - s0@group-BCC0B035F111-StateMachineUpdater: set stopIndex = 202
2024-05-03 18:50:24,894 [s0@group-BCC0B035F111-StateMachineUpdater] INFO  impl.StateMachineUpdater (StateMachineUpdater.java:stop(141)) - s0@group-BCC0B035F111-StateMachineUpdater: closing SMTransactionContext, lastApplied=(t:2, i:202)
2024-05-03 18:50:24,894 [HandlerDaemon-2] INFO  simulation.RequestHandler (RequestHandler.java:run(127)) - s1.clientHandler2 is interrupted by java.io.InterruptedIOException: 
2024-05-03 18:50:24,894 [MiniRaftCluster-3] INFO  server.RaftServer (RaftServerProxy.java:lambda$close$9(417)) - s2: close
2024-05-03 18:50:24,895 [s0@group-BCC0B035F111-cacheEviction-AwaitToRun] INFO  util.AwaitToRun (AwaitToRun.java:run(49)) - s0@group-BCC0B035F111-cacheEviction-AwaitToRun-AwaitForSignal is interrupted
2024-05-03 18:50:24,895 [s2-impl-thread1] INFO  server.RaftServer$Division (RaftServerImpl.java:lambda$close$1(501)) - s2@group-BCC0B035F111: shutdown
2024-05-03 18:50:24,894 [s0@group-BCC0B035F111-FollowerState] INFO  impl.FollowerState (FollowerState.java:run(153)) - s0@group-BCC0B035F111-FollowerState was interrupted
2024-05-03 18:50:24,894 [HandlerDaemon-0] INFO  simulation.RequestHandler (RequestHandler.java:run(127)) - s1.clientHandler0 is interrupted by java.io.InterruptedIOException: 
2024-05-03 18:50:24,895 [HandlerDaemon-1] INFO  simulation.RequestHandler (RequestHandler.java:run(127)) - s2.clientHandler1 is interrupted by java.io.InterruptedIOException: 
2024-05-03 18:50:24,895 [HandlerDaemon-2] INFO  simulation.RequestHandler (RequestHandler.java:run(127)) - s2.clientHandler2 is interrupted by java.io.InterruptedIOException: 
2024-05-03 18:50:24,894 [HandlerDaemon-2] INFO  simulation.RequestHandler (RequestHandler.java:run(127)) - s0.clientHandler2 is interrupted by java.io.InterruptedIOException: 
2024-05-03 18:50:24,894 [HandlerDaemon-1] INFO  simulation.RequestHandler (RequestHandler.java:run(127)) - s0.clientHandler1 is interrupted by java.io.InterruptedIOException: 
2024-05-03 18:50:24,895 [HandlerDaemon-0] INFO  simulation.RequestHandler (RequestHandler.java:run(127)) - s2.clientHandler0 is interrupted by java.io.InterruptedIOException: 
2024-05-03 18:50:24,895 [s2-impl-thread1] INFO  util.JmxRegister (JmxRegister.java:unregister(74)) - Successfully un-registered JMX Bean with object name Ratis:service=RaftServer,group=group-BCC0B035F111,id=s2
2024-05-03 18:50:24,897 [HandlerDaemon-0] INFO  simulation.RequestHandler (RequestHandler.java:run(127)) - s2.serverHandler0 is interrupted by java.io.InterruptedIOException: 
2024-05-03 18:50:24,897 [s2-impl-thread1] INFO  impl.RoleInfo (RoleInfo.java:shutdownLeaderState(103)) - s2: shutdown s2@group-BCC0B035F111-LeaderStateImpl
2024-05-03 18:50:24,897 [HandlerDaemon-1] INFO  simulation.RequestHandler (RequestHandler.java:run(127)) - s2.serverHandler1 is interrupted by java.io.InterruptedIOException: 
2024-05-03 18:50:24,897 [HandlerDaemon-2] INFO  simulation.RequestHandler (RequestHandler.java:run(127)) - s2.serverHandler2 is interrupted by java.io.InterruptedIOException: 
2024-05-03 18:50:24,896 [HandlerDaemon-2] INFO  simulation.RequestHandler (RequestHandler.java:run(127)) - s0.serverHandler2 is interrupted by java.io.InterruptedIOException: 
2024-05-03 18:50:24,896 [HandlerDaemon-1] INFO  simulation.RequestHandler (RequestHandler.java:run(127)) - s0.serverHandler1 is interrupted by java.io.InterruptedIOException: 
2024-05-03 18:50:24,896 [HandlerDaemon-0] INFO  simulation.RequestHandler (RequestHandler.java:run(127)) - s0.serverHandler0 is interrupted by java.io.InterruptedIOException: 
2024-05-03 18:50:24,895 [HandlerDaemon-1] INFO  simulation.RequestHandler (RequestHandler.java:run(127)) - s1.clientHandler1 is interrupted by java.io.InterruptedIOException: 
2024-05-03 18:50:24,898 [s2@group-BCC0B035F111->s1-LogAppenderDefault-LogAppenderDaemon] INFO  leader.LogAppenderDaemon (LogAppenderDaemon.java:run(87)) - s2@group-BCC0B035F111->s1-LogAppenderDefault-LogAppenderDaemon I/O was interrupted: java.io.InterruptedIOException: 
2024-05-03 18:50:24,898 [s2@group-BCC0B035F111->s0-LogAppenderDefault-LogAppenderDaemon] INFO  leader.LogAppenderDaemon (LogAppenderDaemon.java:run(85)) - s2@group-BCC0B035F111->s0-LogAppenderDefault-LogAppenderDaemon was interrupted: java.lang.InterruptedException
2024-05-03 18:50:24,897 [s2-impl-thread1] INFO  impl.PendingRequests (PendingRequests.java:sendNotLeaderResponses(287)) - s2@group-BCC0B035F111-PendingRequests: sendNotLeaderResponses
2024-05-03 18:50:24,898 [HandlerDaemon-0] INFO  simulation.RequestHandler (RequestHandler.java:run(127)) - s1.serverHandler0 is interrupted by java.io.InterruptedIOException: 
2024-05-03 18:50:24,898 [HandlerDaemon-2] INFO  simulation.RequestHandler (RequestHandler.java:run(127)) - s1.serverHandler2 is interrupted by java.io.InterruptedIOException: 
2024-05-03 18:50:24,898 [HandlerDaemon-1] INFO  simulation.RequestHandler (RequestHandler.java:run(127)) - s1.serverHandler1 is interrupted by java.io.InterruptedIOException: 
2024-05-03 18:50:24,899 [JvmPauseMonitor1] INFO  util.JvmPauseMonitor (JvmPauseMonitor.java:run(152)) - JvmPauseMonitor-s1: Stopped
2024-05-03 18:50:24,900 [s2-impl-thread1] INFO  impl.StateMachineUpdater (StateMachineUpdater.java:stopAndJoin(164)) - s2@group-BCC0B035F111-StateMachineUpdater: set stopIndex = 202
2024-05-03 18:50:24,901 [s2@group-BCC0B035F111-StateMachineUpdater] INFO  impl.StateMachineUpdater (StateMachineUpdater.java:stop(141)) - s2@group-BCC0B035F111-StateMachineUpdater: closing SMTransactionContext, lastApplied=(t:2, i:202)
2024-05-03 18:50:24,901 [s2@group-BCC0B035F111-cacheEviction-AwaitToRun] INFO  util.AwaitToRun (AwaitToRun.java:run(49)) - s2@group-BCC0B035F111-cacheEviction-AwaitToRun-AwaitForSignal is interrupted
2024-05-03 18:50:25,473 [s2-impl-thread1] INFO  segmented.SegmentedRaftLogWorker (SegmentedRaftLogWorker.java:close(248)) - s2@group-BCC0B035F111-SegmentedRaftLogWorker close()
2024-05-03 18:50:25,473 [s0-impl-thread1] INFO  segmented.SegmentedRaftLogWorker (SegmentedRaftLogWorker.java:close(248)) - s0@group-BCC0B035F111-SegmentedRaftLogWorker close()
2024-05-03 18:50:25,474 [JvmPauseMonitor2] INFO  util.JvmPauseMonitor (JvmPauseMonitor.java:run(152)) - JvmPauseMonitor-s2: Stopped
2024-05-03 18:50:25,475 [JvmPauseMonitor0] INFO  util.JvmPauseMonitor (JvmPauseMonitor.java:run(152)) - JvmPauseMonitor-s0: Stopped
2024-05-03 18:50:25,475 [main] INFO  impl.MiniRaftCluster (MiniRaftCluster.java:shutdown(857)) - MiniRaftClusterWithSimulatedRpc shutdown completed
2024-05-03 18:50:25,475 [main] INFO  ratis.RaftTestUtil (RaftTestUtil.java:gc(578)) - gc 0
2024-05-03 18:50:25,619 [main] INFO  util.LeakDetector (LeakDetector.java:start(72)) - Starting leak detector thread NONE0.
]]></system-out>
  </testcase>
  <testcase name="testTransactionContextIsPassedBackUseMemory" classname="org.apache.ratis.statemachine.TestStateMachine" time="3.942">
    <system-out><![CDATA[2024-05-03 18:50:25,632 [main] INFO  util.LogUtils (Slf4jUtils.java:setLogLevel(38)) - Successfully set org.apache.ratis.conf.ConfUtils log level to WARN
2024-05-03 18:50:25,632 [main] INFO  util.LogUtils (Slf4jUtils.java:setLogLevel(38)) - Successfully set org.apache.ratis.util.FileUtils log level to TRACE
2024-05-03 18:50:25,634 [main] INFO  simulation.MiniRaftClusterWithSimulatedRpc (ConfUtils.java:logGet(46)) - org.apache.ratis.server.simulation.SimulatedRequestReply.simulateLatencyMs = 150 (default)
2024-05-03 18:50:25,635 [main] INFO  impl.MiniRaftCluster (MiniRaftCluster.java:<init>(306)) - new MiniRaftClusterWithSimulatedRpc with group-9EF6EF252B1E:[s0|localhost:15012, s1|localhost:15016, s2|localhost:15020]
2024-05-03 18:50:25,635 [main] INFO  impl.MiniRaftCluster (MiniRaftCluster.java:start(339)) - .............................................................. 
2024-05-03 18:50:25,635 [main] INFO  impl.MiniRaftCluster (MiniRaftCluster.java:start(340)) - ... 
2024-05-03 18:50:25,635 [main] INFO  impl.MiniRaftCluster (MiniRaftCluster.java:start(341)) - ...     Starting MiniRaftClusterWithSimulatedRpc
2024-05-03 18:50:25,636 [main] INFO  impl.MiniRaftCluster (MiniRaftCluster.java:start(342)) - ... 
2024-05-03 18:50:25,636 [main] INFO  impl.MiniRaftCluster (MiniRaftCluster.java:start(343)) - .............................................................. 
2024-05-03 18:50:25,636 [main] INFO  impl.MiniRaftCluster (MiniRaftCluster.java:initServers(318)) - servers = {}
2024-05-03 18:50:25,636 [main] INFO  impl.MiniRaftCluster (MiniRaftCluster.java:newRaftServer(382)) - newRaftServer: s0, group-9EF6EF252B1E:[s0|localhost:15012, s1|localhost:15016, s2|localhost:15020], format? true
2024-05-03 18:50:25,636 [main] TRACE util.FileUtils (FileUtils.java:deleteFully(305)) - deleteFully target/test/data/14253bed/MiniRaftClusterWithSimulatedRpce6a086c8/s0
2024-05-03 18:50:25,636 [main] TRACE util.FileUtils (FileUtils.java:deleteFully(318)) - deleteFully: target/test/data/14253bed/MiniRaftClusterWithSimulatedRpce6a086c8/s0 does not exist.
2024-05-03 18:50:25,637 [main] INFO  impl.MiniRaftCluster (MiniRaftCluster.java:newRaftServer(387)) - Formatted directory target/test/data/14253bed/MiniRaftClusterWithSimulatedRpce6a086c8/s0
2024-05-03 18:50:25,637 [main] INFO  server.RaftServer (ConfUtils.java:logGet(46)) - raft.rpc.type = org.apache.ratis.server.simulation.SimulatedRpc (custom)
2024-05-03 18:50:25,637 [main] INFO  impl.DataStreamServerImpl (ConfUtils.java:logGet(46)) - raft.datastream.type = DISABLED (default)
2024-05-03 18:50:25,637 [main] INFO  server.RaftServerConfigKeys (ConfUtils.java:logGet(46)) - raft.server.sleep.deviation.threshold = 300ms (default)
2024-05-03 18:50:25,638 [main] INFO  server.RaftServerConfigKeys (ConfUtils.java:logGet(46)) - raft.server.close.threshold = 60s (default)
2024-05-03 18:50:25,638 [main] INFO  server.RaftServerConfigKeys (ConfUtils.java:logGet(46)) - raft.server.leaderelection.leader.step-down.wait-time = 10s (default)
2024-05-03 18:50:25,638 [main] INFO  server.RaftServerConfigKeys (ConfUtils.java:logGet(46)) - raft.server.storage.dir = [/home/runner/work/ratis/ratis/ratis-test/target/test/data/14253bed/MiniRaftClusterWithSimulatedRpce6a086c8/s0] (custom)
2024-05-03 18:50:25,638 [main] INFO  server.RaftServerConfigKeys (ConfUtils.java:logGet(46)) - raft.server.threadpool.proxy.cached = true (default)
2024-05-03 18:50:25,639 [main] INFO  server.RaftServerConfigKeys (ConfUtils.java:logGet(46)) - raft.server.threadpool.proxy.size = 0 (default)
2024-05-03 18:50:25,639 [main] INFO  server.RaftServer (RaftServerProxy.java:addNew(101)) - s0: addNew group-9EF6EF252B1E:[s0|localhost:15012, s1|localhost:15016, s2|localhost:15020] returns group-9EF6EF252B1E:java.util.concurrent.CompletableFuture@4821aa9f[Not completed]
2024-05-03 18:50:25,639 [main] INFO  impl.MiniRaftCluster (MiniRaftCluster.java:newRaftServer(382)) - newRaftServer: s1, group-9EF6EF252B1E:[s0|localhost:15012, s1|localhost:15016, s2|localhost:15020], format? true
2024-05-03 18:50:25,640 [main] TRACE util.FileUtils (FileUtils.java:deleteFully(305)) - deleteFully target/test/data/14253bed/MiniRaftClusterWithSimulatedRpce6a086c8/s1
2024-05-03 18:50:25,639 [s0-groupManagement] INFO  server.RaftServerConfigKeys (ConfUtils.java:logGet(46)) - raft.server.log.segment.size.max = 32MB (=33554432) (default)
2024-05-03 18:50:25,640 [main] TRACE util.FileUtils (FileUtils.java:deleteFully(318)) - deleteFully: target/test/data/14253bed/MiniRaftClusterWithSimulatedRpce6a086c8/s1 does not exist.
2024-05-03 18:50:25,640 [main] INFO  impl.MiniRaftCluster (MiniRaftCluster.java:newRaftServer(387)) - Formatted directory target/test/data/14253bed/MiniRaftClusterWithSimulatedRpce6a086c8/s1
2024-05-03 18:50:25,640 [s0-groupManagement] INFO  server.RaftServerConfigKeys (ConfUtils.java:logGet(46)) - raft.server.log.preallocated.size = 4MB (=4194304) (default)
2024-05-03 18:50:25,640 [s0-groupManagement] INFO  server.RaftServerConfigKeys (ConfUtils.java:logGet(46)) - raft.server.log.write.buffer.size = 8MB (=8388608) (default)
2024-05-03 18:50:25,640 [main] INFO  server.RaftServer (ConfUtils.java:logGet(46)) - raft.rpc.type = org.apache.ratis.server.simulation.SimulatedRpc (custom)
2024-05-03 18:50:25,640 [s0-groupManagement] INFO  server.RaftServer$Division (RaftServerImpl.java:<init>(253)) - s0: new RaftServerImpl for group-9EF6EF252B1E:[s0|localhost:15012, s1|localhost:15016, s2|localhost:15020] with SMTransactionContext:uninitialized
2024-05-03 18:50:25,640 [s0-groupManagement] INFO  server.RaftServerConfigKeys (ConfUtils.java:logGet(46)) - raft.server.rpc.timeout.min = 150ms (default)
2024-05-03 18:50:25,640 [s0-groupManagement] INFO  server.RaftServerConfigKeys (ConfUtils.java:logGet(46)) - raft.server.rpc.timeout.max = 300ms (default)
2024-05-03 18:50:25,640 [main] INFO  impl.DataStreamServerImpl (ConfUtils.java:logGet(46)) - raft.datastream.type = DISABLED (default)
2024-05-03 18:50:25,640 [s0-groupManagement] INFO  server.RaftServerConfigKeys (ConfUtils.java:logGet(46)) - raft.server.rpc.sleep.time = 25ms (default)
2024-05-03 18:50:25,641 [s0-groupManagement] INFO  server.RaftServerConfigKeys (ConfUtils.java:logGet(46)) - raft.server.rpc.slowness.timeout = 60s (default)
2024-05-03 18:50:25,641 [main] INFO  server.RaftServerConfigKeys (ConfUtils.java:logGet(46)) - raft.server.sleep.deviation.threshold = 300ms (default)
2024-05-03 18:50:25,641 [s0-groupManagement] INFO  server.RaftServerConfigKeys (ConfUtils.java:logGet(46)) - raft.server.leaderelection.leader.step-down.wait-time = 10s (default)
2024-05-03 18:50:25,641 [main] INFO  server.RaftServerConfigKeys (ConfUtils.java:logGet(46)) - raft.server.close.threshold = 60s (default)
2024-05-03 18:50:25,641 [s0-groupManagement] INFO  server.RaftServerConfigKeys (ConfUtils.java:logGet(46)) - raft.server.leaderelection.member.majority-add = false (default)
2024-05-03 18:50:25,641 [main] INFO  server.RaftServerConfigKeys (ConfUtils.java:logGet(46)) - raft.server.leaderelection.leader.step-down.wait-time = 10s (default)
2024-05-03 18:50:25,641 [s0-groupManagement] INFO  server.RaftServerConfigKeys (ConfUtils.java:logGet(46)) - raft.server.sleep.deviation.threshold = 300ms (default)
2024-05-03 18:50:25,641 [main] INFO  server.RaftServerConfigKeys (ConfUtils.java:logGet(46)) - raft.server.storage.dir = [/home/runner/work/ratis/ratis/ratis-test/target/test/data/14253bed/MiniRaftClusterWithSimulatedRpce6a086c8/s1] (custom)
2024-05-03 18:50:25,641 [s0-groupManagement] INFO  server.RaftServer$Division (ServerState.java:<init>(114)) - s0@group-9EF6EF252B1E: ConfigurationManager, init=conf: {index: -1, cur=peers:[s0|localhost:15012, s1|localhost:15016, s2|localhost:15020]|listeners:[], old=null}, confs=<EMPTY_MAP>
2024-05-03 18:50:25,641 [main] INFO  server.RaftServerConfigKeys (ConfUtils.java:logGet(46)) - raft.server.threadpool.proxy.cached = true (default)
2024-05-03 18:50:25,641 [s0-groupManagement] INFO  server.RaftServerConfigKeys (ConfUtils.java:logGet(46)) - raft.server.notification.no-leader.timeout = 60s (default)
2024-05-03 18:50:25,641 [main] INFO  server.RaftServerConfigKeys (ConfUtils.java:logGet(46)) - raft.server.threadpool.proxy.size = 0 (default)
2024-05-03 18:50:25,641 [s0-groupManagement] INFO  server.RaftServerConfigKeys (ConfUtils.java:logGet(46)) - raft.server.read.timeout = 10s (default)
2024-05-03 18:50:25,642 [s0-groupManagement] INFO  server.RaftServerConfigKeys (ConfUtils.java:logGet(46)) - raft.server.retrycache.expirytime = 60s (default)
2024-05-03 18:50:25,642 [s0-groupManagement] INFO  server.RaftServerConfigKeys (ConfUtils.java:logGet(46)) - raft.server.retrycache.statistics.expirytime = 100ms (default)
2024-05-03 18:50:25,642 [s0-groupManagement] INFO  server.RaftServerConfigKeys (ConfUtils.java:logGet(46)) - raft.server.read.option = DEFAULT (default)
2024-05-03 18:50:25,642 [s0-groupManagement] INFO  server.RaftServerConfigKeys (ConfUtils.java:logGet(46)) - raft.server.read.read-after-write-consistent.write-index-cache.expiry-time = 60s (default)
2024-05-03 18:50:25,642 [main] INFO  server.RaftServer (RaftServerProxy.java:addNew(101)) - s1: addNew group-9EF6EF252B1E:[s0|localhost:15012, s1|localhost:15016, s2|localhost:15020] returns group-9EF6EF252B1E:java.util.concurrent.CompletableFuture@41294371[Not completed]
2024-05-03 18:50:25,643 [main] INFO  impl.MiniRaftCluster (MiniRaftCluster.java:newRaftServer(382)) - newRaftServer: s2, group-9EF6EF252B1E:[s0|localhost:15012, s1|localhost:15016, s2|localhost:15020], format? true
2024-05-03 18:50:25,643 [main] TRACE util.FileUtils (FileUtils.java:deleteFully(305)) - deleteFully target/test/data/14253bed/MiniRaftClusterWithSimulatedRpce6a086c8/s2
2024-05-03 18:50:25,643 [main] TRACE util.FileUtils (FileUtils.java:deleteFully(318)) - deleteFully: target/test/data/14253bed/MiniRaftClusterWithSimulatedRpce6a086c8/s2 does not exist.
2024-05-03 18:50:25,643 [main] INFO  impl.MiniRaftCluster (MiniRaftCluster.java:newRaftServer(387)) - Formatted directory target/test/data/14253bed/MiniRaftClusterWithSimulatedRpce6a086c8/s2
2024-05-03 18:50:25,643 [main] INFO  server.RaftServer (ConfUtils.java:logGet(46)) - raft.rpc.type = org.apache.ratis.server.simulation.SimulatedRpc (custom)
2024-05-03 18:50:25,644 [main] INFO  impl.DataStreamServerImpl (ConfUtils.java:logGet(46)) - raft.datastream.type = DISABLED (default)
2024-05-03 18:50:25,644 [main] INFO  server.RaftServerConfigKeys (ConfUtils.java:logGet(46)) - raft.server.sleep.deviation.threshold = 300ms (default)
2024-05-03 18:50:25,644 [main] INFO  server.RaftServerConfigKeys (ConfUtils.java:logGet(46)) - raft.server.close.threshold = 60s (default)
2024-05-03 18:50:25,644 [main] INFO  server.RaftServerConfigKeys (ConfUtils.java:logGet(46)) - raft.server.leaderelection.leader.step-down.wait-time = 10s (default)
2024-05-03 18:50:25,645 [main] INFO  server.RaftServerConfigKeys (ConfUtils.java:logGet(46)) - raft.server.storage.dir = [/home/runner/work/ratis/ratis/ratis-test/target/test/data/14253bed/MiniRaftClusterWithSimulatedRpce6a086c8/s2] (custom)
2024-05-03 18:50:25,645 [main] INFO  server.RaftServerConfigKeys (ConfUtils.java:logGet(46)) - raft.server.threadpool.proxy.cached = true (default)
2024-05-03 18:50:25,645 [main] INFO  server.RaftServerConfigKeys (ConfUtils.java:logGet(46)) - raft.server.threadpool.proxy.size = 0 (default)
2024-05-03 18:50:25,645 [s1-groupManagement] INFO  server.RaftServerConfigKeys (ConfUtils.java:logGet(46)) - raft.server.log.segment.size.max = 32MB (=33554432) (default)
2024-05-03 18:50:25,645 [s1-groupManagement] INFO  server.RaftServerConfigKeys (ConfUtils.java:logGet(46)) - raft.server.log.preallocated.size = 4MB (=4194304) (default)
2024-05-03 18:50:25,645 [s1-groupManagement] INFO  server.RaftServerConfigKeys (ConfUtils.java:logGet(46)) - raft.server.log.write.buffer.size = 8MB (=8388608) (default)
2024-05-03 18:50:25,646 [s1-groupManagement] INFO  server.RaftServer$Division (RaftServerImpl.java:<init>(253)) - s1: new RaftServerImpl for group-9EF6EF252B1E:[s0|localhost:15012, s1|localhost:15016, s2|localhost:15020] with SMTransactionContext:uninitialized
2024-05-03 18:50:25,646 [s0-groupManagement] INFO  server.RaftServerConfigKeys (ConfUtils.java:logGet(46)) - raft.server.rpc.request.timeout = 3000ms (default)
2024-05-03 18:50:25,646 [s1-groupManagement] INFO  server.RaftServerConfigKeys (ConfUtils.java:logGet(46)) - raft.server.rpc.timeout.min = 150ms (default)
2024-05-03 18:50:25,646 [s0-groupManagement] INFO  server.RaftServerConfigKeys (ConfUtils.java:logGet(46)) - raft.server.log.appender.install.snapshot.enabled = true (default)
2024-05-03 18:50:25,646 [s1-groupManagement] INFO  server.RaftServerConfigKeys (ConfUtils.java:logGet(46)) - raft.server.rpc.timeout.max = 300ms (default)
2024-05-03 18:50:25,646 [s0-groupManagement] INFO  server.RaftServerConfigKeys (ConfUtils.java:logGet(46)) - raft.server.threadpool.server.cached = true (default)
2024-05-03 18:50:25,646 [s1-groupManagement] INFO  server.RaftServerConfigKeys (ConfUtils.java:logGet(46)) - raft.server.rpc.sleep.time = 25ms (default)
2024-05-03 18:50:25,646 [s0-groupManagement] INFO  server.RaftServerConfigKeys (ConfUtils.java:logGet(46)) - raft.server.threadpool.server.size = 0 (default)
2024-05-03 18:50:25,646 [s1-groupManagement] INFO  server.RaftServerConfigKeys (ConfUtils.java:logGet(46)) - raft.server.rpc.slowness.timeout = 60s (default)
2024-05-03 18:50:25,646 [s0-groupManagement] INFO  server.RaftServerConfigKeys (ConfUtils.java:logGet(46)) - raft.server.threadpool.client.cached = true (default)
2024-05-03 18:50:25,646 [s1-groupManagement] INFO  server.RaftServerConfigKeys (ConfUtils.java:logGet(46)) - raft.server.leaderelection.leader.step-down.wait-time = 10s (default)
2024-05-03 18:50:25,646 [s0-groupManagement] INFO  server.RaftServerConfigKeys (ConfUtils.java:logGet(46)) - raft.server.threadpool.client.size = 0 (default)
2024-05-03 18:50:25,646 [s1-groupManagement] INFO  server.RaftServerConfigKeys (ConfUtils.java:logGet(46)) - raft.server.leaderelection.member.majority-add = false (default)
2024-05-03 18:50:25,646 [s1-groupManagement] INFO  server.RaftServerConfigKeys (ConfUtils.java:logGet(46)) - raft.server.sleep.deviation.threshold = 300ms (default)
2024-05-03 18:50:25,646 [s1-groupManagement] INFO  server.RaftServer$Division (ServerState.java:<init>(114)) - s1@group-9EF6EF252B1E: ConfigurationManager, init=conf: {index: -1, cur=peers:[s0|localhost:15012, s1|localhost:15016, s2|localhost:15020]|listeners:[], old=null}, confs=<EMPTY_MAP>
2024-05-03 18:50:25,647 [s1-groupManagement] INFO  server.RaftServerConfigKeys (ConfUtils.java:logGet(46)) - raft.server.notification.no-leader.timeout = 60s (default)
2024-05-03 18:50:25,647 [s1-groupManagement] INFO  server.RaftServerConfigKeys (ConfUtils.java:logGet(46)) - raft.server.read.timeout = 10s (default)
2024-05-03 18:50:25,647 [s1-groupManagement] INFO  server.RaftServerConfigKeys (ConfUtils.java:logGet(46)) - raft.server.retrycache.expirytime = 60s (default)
2024-05-03 18:50:25,647 [s1-groupManagement] INFO  server.RaftServerConfigKeys (ConfUtils.java:logGet(46)) - raft.server.retrycache.statistics.expirytime = 100ms (default)
2024-05-03 18:50:25,647 [s1-groupManagement] INFO  server.RaftServerConfigKeys (ConfUtils.java:logGet(46)) - raft.server.read.option = DEFAULT (default)
2024-05-03 18:50:25,647 [s1-groupManagement] INFO  server.RaftServerConfigKeys (ConfUtils.java:logGet(46)) - raft.server.read.read-after-write-consistent.write-index-cache.expiry-time = 60s (default)
2024-05-03 18:50:25,647 [main] INFO  server.RaftServer (RaftServerProxy.java:addNew(101)) - s2: addNew group-9EF6EF252B1E:[s0|localhost:15012, s1|localhost:15016, s2|localhost:15020] returns group-9EF6EF252B1E:java.util.concurrent.CompletableFuture@315f09ef[Not completed]
2024-05-03 18:50:25,647 [s2-groupManagement] INFO  server.RaftServerConfigKeys (ConfUtils.java:logGet(46)) - raft.server.log.segment.size.max = 32MB (=33554432) (default)
2024-05-03 18:50:25,647 [s2-groupManagement] INFO  server.RaftServerConfigKeys (ConfUtils.java:logGet(46)) - raft.server.log.preallocated.size = 4MB (=4194304) (default)
2024-05-03 18:50:25,647 [s0-impl-thread1] INFO  server.RaftServerConfigKeys (ConfUtils.java:logGet(46)) - raft.server.storage.free-space.min = 0MB (=0) (default)
2024-05-03 18:50:25,647 [s2-groupManagement] INFO  server.RaftServerConfigKeys (ConfUtils.java:logGet(46)) - raft.server.log.write.buffer.size = 8MB (=8388608) (default)
2024-05-03 18:50:25,647 [s0-impl-thread1] INFO  server.RaftServerConfigKeys (ConfUtils.java:logGet(46)) - raft.server.log.corruption.policy = EXCEPTION (default)
2024-05-03 18:50:25,648 [s2-groupManagement] INFO  server.RaftServer$Division (RaftServerImpl.java:<init>(253)) - s2: new RaftServerImpl for group-9EF6EF252B1E:[s0|localhost:15012, s1|localhost:15016, s2|localhost:15020] with SMTransactionContext:uninitialized
2024-05-03 18:50:25,648 [s0-impl-thread1] INFO  server.RaftServerConfigKeys (ConfUtils.java:logGet(46)) - raft.server.storage.dir = [/home/runner/work/ratis/ratis/ratis-test/target/test/data/14253bed/MiniRaftClusterWithSimulatedRpce6a086c8/s0] (custom)
2024-05-03 18:50:25,648 [s2-groupManagement] INFO  server.RaftServerConfigKeys (ConfUtils.java:logGet(46)) - raft.server.rpc.timeout.min = 150ms (default)
2024-05-03 18:50:25,648 [s2-groupManagement] INFO  server.RaftServerConfigKeys (ConfUtils.java:logGet(46)) - raft.server.rpc.timeout.max = 300ms (default)
2024-05-03 18:50:25,648 [s2-groupManagement] INFO  server.RaftServerConfigKeys (ConfUtils.java:logGet(46)) - raft.server.rpc.sleep.time = 25ms (default)
2024-05-03 18:50:25,648 [s0-impl-thread1] INFO  storage.RaftStorageDirectory (RaftStorageDirectoryImpl.java:analyzeStorage(138)) - The storage directory /home/runner/work/ratis/ratis/ratis-test/target/test/data/14253bed/MiniRaftClusterWithSimulatedRpce6a086c8/s0/191fd521-56d2-43c3-bce8-9ef6ef252b1e does not exist. Creating ...
2024-05-03 18:50:25,648 [s2-groupManagement] INFO  server.RaftServerConfigKeys (ConfUtils.java:logGet(46)) - raft.server.rpc.slowness.timeout = 60s (default)
2024-05-03 18:50:25,648 [s2-groupManagement] INFO  server.RaftServerConfigKeys (ConfUtils.java:logGet(46)) - raft.server.leaderelection.leader.step-down.wait-time = 10s (default)
2024-05-03 18:50:25,648 [s2-groupManagement] INFO  server.RaftServerConfigKeys (ConfUtils.java:logGet(46)) - raft.server.leaderelection.member.majority-add = false (default)
2024-05-03 18:50:25,648 [s2-groupManagement] INFO  server.RaftServerConfigKeys (ConfUtils.java:logGet(46)) - raft.server.sleep.deviation.threshold = 300ms (default)
2024-05-03 18:50:25,648 [s2-groupManagement] INFO  server.RaftServer$Division (ServerState.java:<init>(114)) - s2@group-9EF6EF252B1E: ConfigurationManager, init=conf: {index: -1, cur=peers:[s0|localhost:15012, s1|localhost:15016, s2|localhost:15020]|listeners:[], old=null}, confs=<EMPTY_MAP>
2024-05-03 18:50:25,648 [s0-impl-thread1] TRACE util.FileUtils (LogUtils.java:runAndLog(49)) - Successfully ran Files.createDirectories /home/runner/work/ratis/ratis/ratis-test/target/test/data/14253bed/MiniRaftClusterWithSimulatedRpce6a086c8/s0/191fd521-56d2-43c3-bce8-9ef6ef252b1e
2024-05-03 18:50:25,648 [s2-groupManagement] INFO  server.RaftServerConfigKeys (ConfUtils.java:logGet(46)) - raft.server.notification.no-leader.timeout = 60s (default)
2024-05-03 18:50:25,649 [s2-groupManagement] INFO  server.RaftServerConfigKeys (ConfUtils.java:logGet(46)) - raft.server.read.timeout = 10s (default)
2024-05-03 18:50:25,649 [s2-groupManagement] INFO  server.RaftServerConfigKeys (ConfUtils.java:logGet(46)) - raft.server.retrycache.expirytime = 60s (default)
2024-05-03 18:50:25,649 [s2-groupManagement] INFO  server.RaftServerConfigKeys (ConfUtils.java:logGet(46)) - raft.server.retrycache.statistics.expirytime = 100ms (default)
2024-05-03 18:50:25,649 [s2-groupManagement] INFO  server.RaftServerConfigKeys (ConfUtils.java:logGet(46)) - raft.server.read.option = DEFAULT (default)
2024-05-03 18:50:25,649 [s1-groupManagement] INFO  server.RaftServerConfigKeys (ConfUtils.java:logGet(46)) - raft.server.rpc.request.timeout = 3000ms (default)
2024-05-03 18:50:25,649 [s2-groupManagement] INFO  server.RaftServerConfigKeys (ConfUtils.java:logGet(46)) - raft.server.read.read-after-write-consistent.write-index-cache.expiry-time = 60s (default)
2024-05-03 18:50:25,649 [s1-groupManagement] INFO  server.RaftServerConfigKeys (ConfUtils.java:logGet(46)) - raft.server.log.appender.install.snapshot.enabled = true (default)
2024-05-03 18:50:25,649 [s1-groupManagement] INFO  server.RaftServerConfigKeys (ConfUtils.java:logGet(46)) - raft.server.threadpool.server.cached = true (default)
2024-05-03 18:50:25,654 [s2-groupManagement] INFO  server.RaftServerConfigKeys (ConfUtils.java:logGet(46)) - raft.server.rpc.request.timeout = 3000ms (default)
2024-05-03 18:50:25,654 [s2-groupManagement] INFO  server.RaftServerConfigKeys (ConfUtils.java:logGet(46)) - raft.server.log.appender.install.snapshot.enabled = true (default)
2024-05-03 18:50:25,654 [s2-groupManagement] INFO  server.RaftServerConfigKeys (ConfUtils.java:logGet(46)) - raft.server.threadpool.server.cached = true (default)
2024-05-03 18:50:25,654 [s2-groupManagement] INFO  server.RaftServerConfigKeys (ConfUtils.java:logGet(46)) - raft.server.threadpool.server.size = 0 (default)
2024-05-03 18:50:25,654 [s2-groupManagement] INFO  server.RaftServerConfigKeys (ConfUtils.java:logGet(46)) - raft.server.threadpool.client.cached = true (default)
2024-05-03 18:50:25,655 [s2-groupManagement] INFO  server.RaftServerConfigKeys (ConfUtils.java:logGet(46)) - raft.server.threadpool.client.size = 0 (default)
2024-05-03 18:50:25,649 [s0-impl-thread1] INFO  storage.RaftStorageDirectory (RaftStorageDirectoryImpl.java:tryLock(229)) - Lock on /home/runner/work/ratis/ratis/ratis-test/target/test/data/14253bed/MiniRaftClusterWithSimulatedRpce6a086c8/s0/191fd521-56d2-43c3-bce8-9ef6ef252b1e/in_use.lock acquired by nodename 2940@fv-az1423-355
2024-05-03 18:50:25,655 [s0-impl-thread1] TRACE util.FileUtils (LogUtils.java:runAndLog(49)) - Successfully ran Files.createDirectories /home/runner/work/ratis/ratis/ratis-test/target/test/data/14253bed/MiniRaftClusterWithSimulatedRpce6a086c8/s0/191fd521-56d2-43c3-bce8-9ef6ef252b1e/current
2024-05-03 18:50:25,656 [s0-impl-thread1] TRACE util.FileUtils (LogUtils.java:runAndLog(49)) - Successfully ran Files.createDirectories /home/runner/work/ratis/ratis/ratis-test/target/test/data/14253bed/MiniRaftClusterWithSimulatedRpce6a086c8/s0/191fd521-56d2-43c3-bce8-9ef6ef252b1e/sm
2024-05-03 18:50:25,656 [s0-impl-thread1] TRACE util.FileUtils (LogUtils.java:supplyAndLog(69)) - Successfully supplied FileChannel.open /home/runner/work/ratis/ratis/ratis-test/target/test/data/14253bed/MiniRaftClusterWithSimulatedRpce6a086c8/s0/191fd521-56d2-43c3-bce8-9ef6ef252b1e/current/raft-meta.tmp with options [CREATE, WRITE]: sun.nio.ch.FileChannelImpl@51ab51c5
2024-05-03 18:50:25,656 [s1-groupManagement] INFO  server.RaftServerConfigKeys (ConfUtils.java:logGet(46)) - raft.server.threadpool.server.size = 0 (default)
2024-05-03 18:50:25,656 [s1-groupManagement] INFO  server.RaftServerConfigKeys (ConfUtils.java:logGet(46)) - raft.server.threadpool.client.cached = true (default)
2024-05-03 18:50:25,656 [s1-groupManagement] INFO  server.RaftServerConfigKeys (ConfUtils.java:logGet(46)) - raft.server.threadpool.client.size = 0 (default)
2024-05-03 18:50:25,659 [s0-impl-thread1] TRACE util.FileUtils (LogUtils.java:runAndLog(49)) - Successfully ran Atomic Files.move /home/runner/work/ratis/ratis/ratis-test/target/test/data/14253bed/MiniRaftClusterWithSimulatedRpce6a086c8/s0/191fd521-56d2-43c3-bce8-9ef6ef252b1e/current/raft-meta.tmp to /home/runner/work/ratis/ratis/ratis-test/target/test/data/14253bed/MiniRaftClusterWithSimulatedRpce6a086c8/s0/191fd521-56d2-43c3-bce8-9ef6ef252b1e/current/raft-meta with options [REPLACE_EXISTING]
2024-05-03 18:50:25,660 [s0-impl-thread1] INFO  storage.RaftStorage (RaftStorageImpl.java:format(98)) - Storage directory /home/runner/work/ratis/ratis/ratis-test/target/test/data/14253bed/MiniRaftClusterWithSimulatedRpce6a086c8/s0/191fd521-56d2-43c3-bce8-9ef6ef252b1e has been successfully formatted.
2024-05-03 18:50:25,660 [s0-impl-thread1] INFO  impl.SimpleStateMachine4Testing (SimpleStateMachine4Testing.java:initialize(216)) - Initializing SMTransactionContext:uninitialized
2024-05-03 18:50:25,660 [s0-impl-thread1] INFO  impl.SimpleStateMachine4Testing (SimpleStateMachine4Testing.java:loadSnapshot(301)) - Loading snapshot null
2024-05-03 18:50:25,660 [s0-impl-thread1] INFO  server.RaftServerConfigKeys (ConfUtils.java:logGet(46)) - raft.server.log.use.memory = true (custom)
2024-05-03 18:50:25,662 [s0-impl-thread1] INFO  server.RaftServerConfigKeys (ConfUtils.java:logGet(46)) - raft.server.log.purge.gap = 1024 (default)
2024-05-03 18:50:25,662 [s0-impl-thread1] INFO  server.RaftServerConfigKeys (ConfUtils.java:logGet(46)) - raft.server.log.appender.buffer.byte-limit = 4MB (=4194304) (default)
2024-05-03 18:50:25,662 [s0-impl-thread1] INFO  server.RaftServerConfigKeys (ConfUtils.java:logGet(46)) - raft.server.log.statemachine.data.read.timeout = 1000ms (default)
2024-05-03 18:50:25,662 [s0-impl-thread1] INFO  server.RaftServerConfigKeys (ConfUtils.java:logGet(46)) - raft.server.log.purge.preservation.log.num = 0 (default)
2024-05-03 18:50:25,663 [s0-impl-thread1] INFO  server.RaftServer$Division (RaftServerImpl.java:start(389)) - s0@group-9EF6EF252B1E: start as a follower, conf=conf: {index: -1, cur=peers:[s0|localhost:15012, s1|localhost:15016, s2|localhost:15020]|listeners:[], old=null}
2024-05-03 18:50:25,663 [s0-impl-thread1] INFO  server.RaftServer$Division (RaftServerImpl.java:setRole(376)) - s0@group-9EF6EF252B1E: changes role from      null to FOLLOWER at term 0 for startAsFollower
2024-05-03 18:50:25,664 [s0-impl-thread1] INFO  impl.RoleInfo (RoleInfo.java:updateAndGet(148)) - s0: start s0@group-9EF6EF252B1E-FollowerState
2024-05-03 18:50:25,664 [s0@group-9EF6EF252B1E-FollowerState] INFO  server.RaftServerConfigKeys (ConfUtils.java:logFallback(53)) - raft.server.rpc.first-election.timeout.min = 150ms (fallback to raft.server.rpc.timeout.min)
2024-05-03 18:50:25,664 [s0@group-9EF6EF252B1E-FollowerState] INFO  server.RaftServerConfigKeys (ConfUtils.java:logFallback(53)) - raft.server.rpc.first-election.timeout.max = 300ms (fallback to raft.server.rpc.timeout.max)
2024-05-03 18:50:25,664 [s0-impl-thread1] INFO  util.JmxRegister (JmxRegister.java:tryRegister(44)) - Successfully registered JMX Bean with object name Ratis:service=RaftServer,group=group-9EF6EF252B1E,id=s0
2024-05-03 18:50:25,664 [s0-impl-thread1] INFO  util.JmxRegister (JmxRegister.java:register(58)) - register mxBean class org.apache.ratis.server.impl.RaftServerJmxAdapter as Ratis:service=RaftServer,group=group-9EF6EF252B1E,id=s0
2024-05-03 18:50:25,664 [s0-impl-thread1] INFO  server.RaftServerConfigKeys (ConfUtils.java:logGet(46)) - raft.server.snapshot.trigger-when-stop.enabled = true (default)
2024-05-03 18:50:25,664 [s0-impl-thread1] INFO  server.RaftServerConfigKeys (ConfUtils.java:logGet(46)) - raft.server.snapshot.trigger-when-remove.enabled = true (default)
2024-05-03 18:50:25,664 [s0-impl-thread1] INFO  server.RaftServerConfigKeys (ConfUtils.java:logGet(46)) - raft.server.snapshot.auto.trigger.enabled = false (default)
2024-05-03 18:50:25,664 [s0-impl-thread1] INFO  server.RaftServerConfigKeys (ConfUtils.java:logGet(46)) - raft.server.snapshot.retention.file.num = -1 (default)
2024-05-03 18:50:25,664 [s0-impl-thread1] INFO  server.RaftServerConfigKeys (ConfUtils.java:logGet(46)) - raft.server.log.purge.upto.snapshot.index = false (default)
2024-05-03 18:50:25,665 [main] INFO  server.RaftServer (RaftServerProxy.java:startImpl(407)) - s0: start RPC server
2024-05-03 18:50:25,665 [JvmPauseMonitor3] INFO  util.JvmPauseMonitor (JvmPauseMonitor.java:run(146)) - JvmPauseMonitor-s0: Started
2024-05-03 18:50:25,665 [s1-impl-thread1] INFO  server.RaftServerConfigKeys (ConfUtils.java:logGet(46)) - raft.server.storage.free-space.min = 0MB (=0) (default)
2024-05-03 18:50:25,665 [s1-impl-thread1] INFO  server.RaftServerConfigKeys (ConfUtils.java:logGet(46)) - raft.server.log.corruption.policy = EXCEPTION (default)
2024-05-03 18:50:25,665 [s1-impl-thread1] INFO  server.RaftServerConfigKeys (ConfUtils.java:logGet(46)) - raft.server.storage.dir = [/home/runner/work/ratis/ratis/ratis-test/target/test/data/14253bed/MiniRaftClusterWithSimulatedRpce6a086c8/s1] (custom)
2024-05-03 18:50:25,666 [s1-impl-thread1] INFO  storage.RaftStorageDirectory (RaftStorageDirectoryImpl.java:analyzeStorage(138)) - The storage directory /home/runner/work/ratis/ratis/ratis-test/target/test/data/14253bed/MiniRaftClusterWithSimulatedRpce6a086c8/s1/191fd521-56d2-43c3-bce8-9ef6ef252b1e does not exist. Creating ...
2024-05-03 18:50:25,666 [s1-impl-thread1] TRACE util.FileUtils (LogUtils.java:runAndLog(49)) - Successfully ran Files.createDirectories /home/runner/work/ratis/ratis/ratis-test/target/test/data/14253bed/MiniRaftClusterWithSimulatedRpce6a086c8/s1/191fd521-56d2-43c3-bce8-9ef6ef252b1e
2024-05-03 18:50:25,666 [s1-impl-thread1] INFO  storage.RaftStorageDirectory (RaftStorageDirectoryImpl.java:tryLock(229)) - Lock on /home/runner/work/ratis/ratis/ratis-test/target/test/data/14253bed/MiniRaftClusterWithSimulatedRpce6a086c8/s1/191fd521-56d2-43c3-bce8-9ef6ef252b1e/in_use.lock acquired by nodename 2940@fv-az1423-355
2024-05-03 18:50:25,666 [s1-impl-thread1] TRACE util.FileUtils (LogUtils.java:runAndLog(49)) - Successfully ran Files.createDirectories /home/runner/work/ratis/ratis/ratis-test/target/test/data/14253bed/MiniRaftClusterWithSimulatedRpce6a086c8/s1/191fd521-56d2-43c3-bce8-9ef6ef252b1e/current
2024-05-03 18:50:25,667 [s1-impl-thread1] TRACE util.FileUtils (LogUtils.java:runAndLog(49)) - Successfully ran Files.createDirectories /home/runner/work/ratis/ratis/ratis-test/target/test/data/14253bed/MiniRaftClusterWithSimulatedRpce6a086c8/s1/191fd521-56d2-43c3-bce8-9ef6ef252b1e/sm
2024-05-03 18:50:25,667 [s1-impl-thread1] TRACE util.FileUtils (LogUtils.java:supplyAndLog(69)) - Successfully supplied FileChannel.open /home/runner/work/ratis/ratis/ratis-test/target/test/data/14253bed/MiniRaftClusterWithSimulatedRpce6a086c8/s1/191fd521-56d2-43c3-bce8-9ef6ef252b1e/current/raft-meta.tmp with options [CREATE, WRITE]: sun.nio.ch.FileChannelImpl@1fc2afc2
2024-05-03 18:50:25,667 [s1-impl-thread1] TRACE util.FileUtils (LogUtils.java:runAndLog(49)) - Successfully ran Atomic Files.move /home/runner/work/ratis/ratis/ratis-test/target/test/data/14253bed/MiniRaftClusterWithSimulatedRpce6a086c8/s1/191fd521-56d2-43c3-bce8-9ef6ef252b1e/current/raft-meta.tmp to /home/runner/work/ratis/ratis/ratis-test/target/test/data/14253bed/MiniRaftClusterWithSimulatedRpce6a086c8/s1/191fd521-56d2-43c3-bce8-9ef6ef252b1e/current/raft-meta with options [REPLACE_EXISTING]
2024-05-03 18:50:25,667 [s1-impl-thread1] INFO  storage.RaftStorage (RaftStorageImpl.java:format(98)) - Storage directory /home/runner/work/ratis/ratis/ratis-test/target/test/data/14253bed/MiniRaftClusterWithSimulatedRpce6a086c8/s1/191fd521-56d2-43c3-bce8-9ef6ef252b1e has been successfully formatted.
2024-05-03 18:50:25,668 [s1-impl-thread1] INFO  impl.SimpleStateMachine4Testing (SimpleStateMachine4Testing.java:initialize(216)) - Initializing SMTransactionContext:uninitialized
2024-05-03 18:50:25,668 [s1-impl-thread1] INFO  impl.SimpleStateMachine4Testing (SimpleStateMachine4Testing.java:loadSnapshot(301)) - Loading snapshot null
2024-05-03 18:50:25,668 [s1-impl-thread1] INFO  server.RaftServerConfigKeys (ConfUtils.java:logGet(46)) - raft.server.log.use.memory = true (custom)
2024-05-03 18:50:25,668 [s1-impl-thread1] INFO  server.RaftServerConfigKeys (ConfUtils.java:logGet(46)) - raft.server.log.purge.gap = 1024 (default)
2024-05-03 18:50:25,668 [s1-impl-thread1] INFO  server.RaftServerConfigKeys (ConfUtils.java:logGet(46)) - raft.server.log.appender.buffer.byte-limit = 4MB (=4194304) (default)
2024-05-03 18:50:25,668 [s1-impl-thread1] INFO  server.RaftServerConfigKeys (ConfUtils.java:logGet(46)) - raft.server.log.statemachine.data.read.timeout = 1000ms (default)
2024-05-03 18:50:25,668 [s1-impl-thread1] INFO  server.RaftServerConfigKeys (ConfUtils.java:logGet(46)) - raft.server.log.purge.preservation.log.num = 0 (default)
2024-05-03 18:50:25,668 [s1-impl-thread1] INFO  server.RaftServer$Division (RaftServerImpl.java:start(389)) - s1@group-9EF6EF252B1E: start as a follower, conf=conf: {index: -1, cur=peers:[s0|localhost:15012, s1|localhost:15016, s2|localhost:15020]|listeners:[], old=null}
2024-05-03 18:50:25,668 [s1-impl-thread1] INFO  server.RaftServer$Division (RaftServerImpl.java:setRole(376)) - s1@group-9EF6EF252B1E: changes role from      null to FOLLOWER at term 0 for startAsFollower
2024-05-03 18:50:25,668 [s1-impl-thread1] INFO  impl.RoleInfo (RoleInfo.java:updateAndGet(148)) - s1: start s1@group-9EF6EF252B1E-FollowerState
2024-05-03 18:50:25,668 [s1@group-9EF6EF252B1E-FollowerState] INFO  server.RaftServerConfigKeys (ConfUtils.java:logFallback(53)) - raft.server.rpc.first-election.timeout.min = 150ms (fallback to raft.server.rpc.timeout.min)
2024-05-03 18:50:25,668 [s1-impl-thread1] INFO  util.JmxRegister (JmxRegister.java:tryRegister(44)) - Successfully registered JMX Bean with object name Ratis:service=RaftServer,group=group-9EF6EF252B1E,id=s1
2024-05-03 18:50:25,668 [s1-impl-thread1] INFO  util.JmxRegister (JmxRegister.java:register(58)) - register mxBean class org.apache.ratis.server.impl.RaftServerJmxAdapter as Ratis:service=RaftServer,group=group-9EF6EF252B1E,id=s1
2024-05-03 18:50:25,668 [s1@group-9EF6EF252B1E-FollowerState] INFO  server.RaftServerConfigKeys (ConfUtils.java:logFallback(53)) - raft.server.rpc.first-election.timeout.max = 300ms (fallback to raft.server.rpc.timeout.max)
2024-05-03 18:50:25,668 [s1-impl-thread1] INFO  server.RaftServerConfigKeys (ConfUtils.java:logGet(46)) - raft.server.snapshot.trigger-when-stop.enabled = true (default)
2024-05-03 18:50:25,669 [s1-impl-thread1] INFO  server.RaftServerConfigKeys (ConfUtils.java:logGet(46)) - raft.server.snapshot.trigger-when-remove.enabled = true (default)
2024-05-03 18:50:25,669 [s1-impl-thread1] INFO  server.RaftServerConfigKeys (ConfUtils.java:logGet(46)) - raft.server.snapshot.auto.trigger.enabled = false (default)
2024-05-03 18:50:25,669 [s1-impl-thread1] INFO  server.RaftServerConfigKeys (ConfUtils.java:logGet(46)) - raft.server.snapshot.retention.file.num = -1 (default)
2024-05-03 18:50:25,669 [s1-impl-thread1] INFO  server.RaftServerConfigKeys (ConfUtils.java:logGet(46)) - raft.server.log.purge.upto.snapshot.index = false (default)
2024-05-03 18:50:25,669 [main] INFO  server.RaftServer (RaftServerProxy.java:startImpl(407)) - s1: start RPC server
2024-05-03 18:50:25,669 [JvmPauseMonitor4] INFO  util.JvmPauseMonitor (JvmPauseMonitor.java:run(146)) - JvmPauseMonitor-s1: Started
2024-05-03 18:50:25,669 [s2-impl-thread1] INFO  server.RaftServerConfigKeys (ConfUtils.java:logGet(46)) - raft.server.storage.free-space.min = 0MB (=0) (default)
2024-05-03 18:50:25,670 [s2-impl-thread1] INFO  server.RaftServerConfigKeys (ConfUtils.java:logGet(46)) - raft.server.log.corruption.policy = EXCEPTION (default)
2024-05-03 18:50:25,670 [s2-impl-thread1] INFO  server.RaftServerConfigKeys (ConfUtils.java:logGet(46)) - raft.server.storage.dir = [/home/runner/work/ratis/ratis/ratis-test/target/test/data/14253bed/MiniRaftClusterWithSimulatedRpce6a086c8/s2] (custom)
2024-05-03 18:50:25,670 [s2-impl-thread1] INFO  storage.RaftStorageDirectory (RaftStorageDirectoryImpl.java:analyzeStorage(138)) - The storage directory /home/runner/work/ratis/ratis/ratis-test/target/test/data/14253bed/MiniRaftClusterWithSimulatedRpce6a086c8/s2/191fd521-56d2-43c3-bce8-9ef6ef252b1e does not exist. Creating ...
2024-05-03 18:50:25,670 [s2-impl-thread1] TRACE util.FileUtils (LogUtils.java:runAndLog(49)) - Successfully ran Files.createDirectories /home/runner/work/ratis/ratis/ratis-test/target/test/data/14253bed/MiniRaftClusterWithSimulatedRpce6a086c8/s2/191fd521-56d2-43c3-bce8-9ef6ef252b1e
2024-05-03 18:50:25,671 [s2-impl-thread1] INFO  storage.RaftStorageDirectory (RaftStorageDirectoryImpl.java:tryLock(229)) - Lock on /home/runner/work/ratis/ratis/ratis-test/target/test/data/14253bed/MiniRaftClusterWithSimulatedRpce6a086c8/s2/191fd521-56d2-43c3-bce8-9ef6ef252b1e/in_use.lock acquired by nodename 2940@fv-az1423-355
2024-05-03 18:50:25,671 [s2-impl-thread1] TRACE util.FileUtils (LogUtils.java:runAndLog(49)) - Successfully ran Files.createDirectories /home/runner/work/ratis/ratis/ratis-test/target/test/data/14253bed/MiniRaftClusterWithSimulatedRpce6a086c8/s2/191fd521-56d2-43c3-bce8-9ef6ef252b1e/current
2024-05-03 18:50:25,671 [s2-impl-thread1] TRACE util.FileUtils (LogUtils.java:runAndLog(49)) - Successfully ran Files.createDirectories /home/runner/work/ratis/ratis/ratis-test/target/test/data/14253bed/MiniRaftClusterWithSimulatedRpce6a086c8/s2/191fd521-56d2-43c3-bce8-9ef6ef252b1e/sm
2024-05-03 18:50:25,671 [s2-impl-thread1] TRACE util.FileUtils (LogUtils.java:supplyAndLog(69)) - Successfully supplied FileChannel.open /home/runner/work/ratis/ratis/ratis-test/target/test/data/14253bed/MiniRaftClusterWithSimulatedRpce6a086c8/s2/191fd521-56d2-43c3-bce8-9ef6ef252b1e/current/raft-meta.tmp with options [CREATE, WRITE]: sun.nio.ch.FileChannelImpl@1610fe6c
2024-05-03 18:50:25,672 [s2-impl-thread1] TRACE util.FileUtils (LogUtils.java:runAndLog(49)) - Successfully ran Atomic Files.move /home/runner/work/ratis/ratis/ratis-test/target/test/data/14253bed/MiniRaftClusterWithSimulatedRpce6a086c8/s2/191fd521-56d2-43c3-bce8-9ef6ef252b1e/current/raft-meta.tmp to /home/runner/work/ratis/ratis/ratis-test/target/test/data/14253bed/MiniRaftClusterWithSimulatedRpce6a086c8/s2/191fd521-56d2-43c3-bce8-9ef6ef252b1e/current/raft-meta with options [REPLACE_EXISTING]
2024-05-03 18:50:25,672 [s2-impl-thread1] INFO  storage.RaftStorage (RaftStorageImpl.java:format(98)) - Storage directory /home/runner/work/ratis/ratis/ratis-test/target/test/data/14253bed/MiniRaftClusterWithSimulatedRpce6a086c8/s2/191fd521-56d2-43c3-bce8-9ef6ef252b1e has been successfully formatted.
2024-05-03 18:50:25,672 [s2-impl-thread1] INFO  impl.SimpleStateMachine4Testing (SimpleStateMachine4Testing.java:initialize(216)) - Initializing SMTransactionContext:uninitialized
2024-05-03 18:50:25,672 [s2-impl-thread1] INFO  impl.SimpleStateMachine4Testing (SimpleStateMachine4Testing.java:loadSnapshot(301)) - Loading snapshot null
2024-05-03 18:50:25,672 [s2-impl-thread1] INFO  server.RaftServerConfigKeys (ConfUtils.java:logGet(46)) - raft.server.log.use.memory = true (custom)
2024-05-03 18:50:25,672 [s2-impl-thread1] INFO  server.RaftServerConfigKeys (ConfUtils.java:logGet(46)) - raft.server.log.purge.gap = 1024 (default)
2024-05-03 18:50:25,672 [s2-impl-thread1] INFO  server.RaftServerConfigKeys (ConfUtils.java:logGet(46)) - raft.server.log.appender.buffer.byte-limit = 4MB (=4194304) (default)
2024-05-03 18:50:25,672 [s2-impl-thread1] INFO  server.RaftServerConfigKeys (ConfUtils.java:logGet(46)) - raft.server.log.statemachine.data.read.timeout = 1000ms (default)
2024-05-03 18:50:25,672 [s2-impl-thread1] INFO  server.RaftServerConfigKeys (ConfUtils.java:logGet(46)) - raft.server.log.purge.preservation.log.num = 0 (default)
2024-05-03 18:50:25,672 [s2-impl-thread1] INFO  server.RaftServer$Division (RaftServerImpl.java:start(389)) - s2@group-9EF6EF252B1E: start as a follower, conf=conf: {index: -1, cur=peers:[s0|localhost:15012, s1|localhost:15016, s2|localhost:15020]|listeners:[], old=null}
2024-05-03 18:50:25,672 [s2-impl-thread1] INFO  server.RaftServer$Division (RaftServerImpl.java:setRole(376)) - s2@group-9EF6EF252B1E: changes role from      null to FOLLOWER at term 0 for startAsFollower
2024-05-03 18:50:25,673 [s2-impl-thread1] INFO  impl.RoleInfo (RoleInfo.java:updateAndGet(148)) - s2: start s2@group-9EF6EF252B1E-FollowerState
2024-05-03 18:50:25,673 [s2@group-9EF6EF252B1E-FollowerState] INFO  server.RaftServerConfigKeys (ConfUtils.java:logFallback(53)) - raft.server.rpc.first-election.timeout.min = 150ms (fallback to raft.server.rpc.timeout.min)
2024-05-03 18:50:25,673 [s2@group-9EF6EF252B1E-FollowerState] INFO  server.RaftServerConfigKeys (ConfUtils.java:logFallback(53)) - raft.server.rpc.first-election.timeout.max = 300ms (fallback to raft.server.rpc.timeout.max)
2024-05-03 18:50:25,673 [s2-impl-thread1] INFO  util.JmxRegister (JmxRegister.java:tryRegister(44)) - Successfully registered JMX Bean with object name Ratis:service=RaftServer,group=group-9EF6EF252B1E,id=s2
2024-05-03 18:50:25,673 [s2-impl-thread1] INFO  util.JmxRegister (JmxRegister.java:register(58)) - register mxBean class org.apache.ratis.server.impl.RaftServerJmxAdapter as Ratis:service=RaftServer,group=group-9EF6EF252B1E,id=s2
2024-05-03 18:50:25,673 [s2-impl-thread1] INFO  server.RaftServerConfigKeys (ConfUtils.java:logGet(46)) - raft.server.snapshot.trigger-when-stop.enabled = true (default)
2024-05-03 18:50:25,673 [s2-impl-thread1] INFO  server.RaftServerConfigKeys (ConfUtils.java:logGet(46)) - raft.server.snapshot.trigger-when-remove.enabled = true (default)
2024-05-03 18:50:25,673 [s2-impl-thread1] INFO  server.RaftServerConfigKeys (ConfUtils.java:logGet(46)) - raft.server.snapshot.auto.trigger.enabled = false (default)
2024-05-03 18:50:25,673 [s2-impl-thread1] INFO  server.RaftServerConfigKeys (ConfUtils.java:logGet(46)) - raft.server.snapshot.retention.file.num = -1 (default)
2024-05-03 18:50:25,673 [s2-impl-thread1] INFO  server.RaftServerConfigKeys (ConfUtils.java:logGet(46)) - raft.server.log.purge.upto.snapshot.index = false (default)
2024-05-03 18:50:25,673 [main] INFO  server.RaftServer (RaftServerProxy.java:startImpl(407)) - s2: start RPC server
2024-05-03 18:50:25,676 [JvmPauseMonitor5] INFO  util.JvmPauseMonitor (JvmPauseMonitor.java:run(146)) - JvmPauseMonitor-s2: Started
2024-05-03 18:50:25,676 [main] DEBUG client.RaftClient (ConfUtils.java:logGet(46)) - raft.rpc.type = org.apache.ratis.server.simulation.SimulatedRpc (custom)
2024-05-03 18:50:25,677 [main] DEBUG client.RaftClient (RaftClientImpl.java:get(158)) - client-138B7AB9D496: get 416 returns []
2024-05-03 18:50:25,677 [main] DEBUG client.RaftClient (RaftClientImpl.java:newRequest(95)) - attempt #1, newRequest RaftClientRequest:client-138B7AB9D496->s0@group-9EF6EF252B1E, cid=416, seq=null, RW, m0
2024-05-03 18:50:25,677 [s0-client-thread1] DEBUG server.RaftServer$Division (RaftServerImpl.java:submitClientRequestAsync(889)) - s0@group-9EF6EF252B1E: receive client request(RaftClientRequest:client-138B7AB9D496->s0@group-9EF6EF252B1E, cid=416, seq=null, RW, m0)
2024-05-03 18:50:25,688 [main] DEBUG client.RaftClient (RaftClientImpl.java:handleIOException(418)) - client-138B7AB9D496: suggested new leader: null. Failed RaftClientRequest:client-138B7AB9D496->s0@group-9EF6EF252B1E, cid=416, seq=null, RW, m0
org.apache.ratis.protocol.exceptions.NotLeaderException: Server s0@group-9EF6EF252B1E is not the leader
	at org.apache.ratis.server.impl.RaftServerImpl.generateNotLeaderException(RaftServerImpl.java:766)
	at org.apache.ratis.server.impl.RaftServerImpl.checkLeaderState(RaftServerImpl.java:731)
	at org.apache.ratis.server.impl.RaftServerImpl.checkLeaderState(RaftServerImpl.java:717)
	at org.apache.ratis.server.impl.RaftServerImpl.writeAsync(RaftServerImpl.java:938)
	at org.apache.ratis.server.impl.RaftServerImpl.replyFuture(RaftServerImpl.java:930)
	at org.apache.ratis.server.impl.RaftServerImpl.submitClientRequestAsync(RaftServerImpl.java:903)
	at org.apache.ratis.server.impl.RaftServerImpl.lambda$executeSubmitClientRequestAsync$12(RaftServerImpl.java:882)
	at java.util.concurrent.CompletableFuture$AsyncSupply.run(CompletableFuture.java:1604)
	at java.util.concurrent.ThreadPoolExecutor.runWorker(ThreadPoolExecutor.java:1149)
	at java.util.concurrent.ThreadPoolExecutor$Worker.run(ThreadPoolExecutor.java:624)
	at java.lang.Thread.run(Thread.java:750)
2024-05-03 18:50:25,692 [main] DEBUG client.RaftClient (RaftClientImpl.java:handleIOException(436)) - client-138B7AB9D496: oldLeader=s0,  curLeader=s0, newLeader=s2
2024-05-03 18:50:25,692 [main] DEBUG client.RaftClient (RaftClientImpl.java:handleIOException(442)) - client-138B7AB9D496 changes Leader from s0 to s2 for group-9EF6EF252B1E
org.apache.ratis.protocol.exceptions.NotLeaderException: Server s0@group-9EF6EF252B1E is not the leader
	at org.apache.ratis.server.impl.RaftServerImpl.generateNotLeaderException(RaftServerImpl.java:766)
	at org.apache.ratis.server.impl.RaftServerImpl.checkLeaderState(RaftServerImpl.java:731)
	at org.apache.ratis.server.impl.RaftServerImpl.checkLeaderState(RaftServerImpl.java:717)
	at org.apache.ratis.server.impl.RaftServerImpl.writeAsync(RaftServerImpl.java:938)
	at org.apache.ratis.server.impl.RaftServerImpl.replyFuture(RaftServerImpl.java:930)
	at org.apache.ratis.server.impl.RaftServerImpl.submitClientRequestAsync(RaftServerImpl.java:903)
	at org.apache.ratis.server.impl.RaftServerImpl.lambda$executeSubmitClientRequestAsync$12(RaftServerImpl.java:882)
	at java.util.concurrent.CompletableFuture$AsyncSupply.run(CompletableFuture.java:1604)
	at java.util.concurrent.ThreadPoolExecutor.runWorker(ThreadPoolExecutor.java:1149)
	at java.util.concurrent.ThreadPoolExecutor$Worker.run(ThreadPoolExecutor.java:624)
	at java.lang.Thread.run(Thread.java:750)
2024-05-03 18:50:25,792 [main] DEBUG client.RaftClient (RaftClientImpl.java:get(158)) - client-138B7AB9D496: get 416 returns []
2024-05-03 18:50:25,793 [main] DEBUG client.RaftClient (RaftClientImpl.java:newRequest(95)) - attempt #2, newRequest RaftClientRequest:client-138B7AB9D496->s2@group-9EF6EF252B1E, cid=416, seq=null, RW, m0
2024-05-03 18:50:25,793 [s2-client-thread1] DEBUG server.RaftServer$Division (RaftServerImpl.java:submitClientRequestAsync(889)) - s2@group-9EF6EF252B1E: receive client request(RaftClientRequest:client-138B7AB9D496->s2@group-9EF6EF252B1E, cid=416, seq=null, RW, m0)
2024-05-03 18:50:25,806 [main] DEBUG client.RaftClient (RaftClientImpl.java:handleIOException(418)) - client-138B7AB9D496: suggested new leader: null. Failed RaftClientRequest:client-138B7AB9D496->s2@group-9EF6EF252B1E, cid=416, seq=null, RW, m0
org.apache.ratis.protocol.exceptions.NotLeaderException: Server s2@group-9EF6EF252B1E is not the leader
	at org.apache.ratis.server.impl.RaftServerImpl.generateNotLeaderException(RaftServerImpl.java:766)
	at org.apache.ratis.server.impl.RaftServerImpl.checkLeaderState(RaftServerImpl.java:731)
	at org.apache.ratis.server.impl.RaftServerImpl.checkLeaderState(RaftServerImpl.java:717)
	at org.apache.ratis.server.impl.RaftServerImpl.writeAsync(RaftServerImpl.java:938)
	at org.apache.ratis.server.impl.RaftServerImpl.replyFuture(RaftServerImpl.java:930)
	at org.apache.ratis.server.impl.RaftServerImpl.submitClientRequestAsync(RaftServerImpl.java:903)
	at org.apache.ratis.server.impl.RaftServerImpl.lambda$executeSubmitClientRequestAsync$12(RaftServerImpl.java:882)
	at java.util.concurrent.CompletableFuture$AsyncSupply.run(CompletableFuture.java:1604)
	at java.util.concurrent.ThreadPoolExecutor.runWorker(ThreadPoolExecutor.java:1149)
	at java.util.concurrent.ThreadPoolExecutor$Worker.run(ThreadPoolExecutor.java:624)
	at java.lang.Thread.run(Thread.java:750)
2024-05-03 18:50:25,806 [main] DEBUG client.RaftClient (RaftClientImpl.java:handleIOException(436)) - client-138B7AB9D496: oldLeader=s2,  curLeader=s2, newLeader=s0
2024-05-03 18:50:25,806 [main] DEBUG client.RaftClient (RaftClientImpl.java:handleIOException(442)) - client-138B7AB9D496 changes Leader from s2 to s0 for group-9EF6EF252B1E
org.apache.ratis.protocol.exceptions.NotLeaderException: Server s2@group-9EF6EF252B1E is not the leader
	at org.apache.ratis.server.impl.RaftServerImpl.generateNotLeaderException(RaftServerImpl.java:766)
	at org.apache.ratis.server.impl.RaftServerImpl.checkLeaderState(RaftServerImpl.java:731)
	at org.apache.ratis.server.impl.RaftServerImpl.checkLeaderState(RaftServerImpl.java:717)
	at org.apache.ratis.server.impl.RaftServerImpl.writeAsync(RaftServerImpl.java:938)
	at org.apache.ratis.server.impl.RaftServerImpl.replyFuture(RaftServerImpl.java:930)
	at org.apache.ratis.server.impl.RaftServerImpl.submitClientRequestAsync(RaftServerImpl.java:903)
	at org.apache.ratis.server.impl.RaftServerImpl.lambda$executeSubmitClientRequestAsync$12(RaftServerImpl.java:882)
	at java.util.concurrent.CompletableFuture$AsyncSupply.run(CompletableFuture.java:1604)
	at java.util.concurrent.ThreadPoolExecutor.runWorker(ThreadPoolExecutor.java:1149)
	at java.util.concurrent.ThreadPoolExecutor$Worker.run(ThreadPoolExecutor.java:624)
	at java.lang.Thread.run(Thread.java:750)
2024-05-03 18:50:25,832 [s0@group-9EF6EF252B1E-FollowerState] INFO  impl.FollowerState (FollowerState.java:run(144)) - s0@group-9EF6EF252B1E-FollowerState: change to CANDIDATE, lastRpcElapsedTime:168531639ns, electionTimeout:168ms
2024-05-03 18:50:25,832 [s0@group-9EF6EF252B1E-FollowerState] INFO  impl.RoleInfo (RoleInfo.java:shutdownFollowerState(119)) - s0: shutdown s0@group-9EF6EF252B1E-FollowerState
2024-05-03 18:50:25,832 [s0@group-9EF6EF252B1E-FollowerState] INFO  server.RaftServer$Division (RaftServerImpl.java:setRole(376)) - s0@group-9EF6EF252B1E: changes role from  FOLLOWER to CANDIDATE at term 0 for changeToCandidate
2024-05-03 18:50:25,832 [s0@group-9EF6EF252B1E-FollowerState] INFO  server.RaftServerConfigKeys (ConfUtils.java:logGet(46)) - raft.server.leaderelection.pre-vote = true (default)
2024-05-03 18:50:25,832 [s0@group-9EF6EF252B1E-FollowerState] INFO  impl.RoleInfo (RoleInfo.java:updateAndGet(148)) - s0: start s0@group-9EF6EF252B1E-LeaderElection3
2024-05-03 18:50:25,833 [s0@group-9EF6EF252B1E-LeaderElection3] INFO  impl.LeaderElection (LeaderElection.java:askForVotes(321)) - s0@group-9EF6EF252B1E-LeaderElection3 PRE_VOTE round 0: submit vote requests at term 0 for conf: {index: -1, cur=peers:[s0|localhost:15012, s1|localhost:15016, s2|localhost:15020]|listeners:[], old=null}
2024-05-03 18:50:25,833 [s0@group-9EF6EF252B1E-LeaderElection3] INFO  server.RaftServerConfigKeys (ConfUtils.java:logFallback(53)) - raft.server.rpc.first-election.timeout.min = 150ms (fallback to raft.server.rpc.timeout.min)
2024-05-03 18:50:25,833 [HandlerDaemon-0] INFO  server.RaftServer$Division (RaftServerImpl.java:requestVote(1403)) - s1@group-9EF6EF252B1E: receive requestVote(PRE_VOTE, s0, group-9EF6EF252B1E, 0, (t:0, i:0))
2024-05-03 18:50:25,833 [s0@group-9EF6EF252B1E-LeaderElection3] INFO  server.RaftServerConfigKeys (ConfUtils.java:logFallback(53)) - raft.server.rpc.first-election.timeout.max = 300ms (fallback to raft.server.rpc.timeout.max)
2024-05-03 18:50:25,834 [HandlerDaemon-0] INFO  impl.VoteContext (VoteContext.java:log(49)) - s1@group-9EF6EF252B1E-FOLLOWER: accept PRE_VOTE from s0: our priority 0 <= candidate's priority 0
2024-05-03 18:50:25,834 [HandlerDaemon-0] INFO  server.RaftServer$Division (RaftServerImpl.java:requestVote(1436)) - s1@group-9EF6EF252B1E replies to PRE_VOTE vote request: s0<-s1#0:OK-t0. Peer's state: s1@group-9EF6EF252B1E:t0, leader=null, voted=, raftlog=Memoized:s1@group-9EF6EF252B1E-MemoryRaftLog:OPENED:c-1:lastnull, conf=conf: {index: -1, cur=peers:[s0|localhost:15012, s1|localhost:15016, s2|localhost:15020]|listeners:[], old=null}
2024-05-03 18:50:25,835 [HandlerDaemon-0] INFO  server.RaftServer$Division (RaftServerImpl.java:requestVote(1403)) - s2@group-9EF6EF252B1E: receive requestVote(PRE_VOTE, s0, group-9EF6EF252B1E, 0, (t:0, i:0))
2024-05-03 18:50:25,835 [HandlerDaemon-0] INFO  impl.VoteContext (VoteContext.java:log(49)) - s2@group-9EF6EF252B1E-FOLLOWER: accept PRE_VOTE from s0: our priority 0 <= candidate's priority 0
2024-05-03 18:50:25,835 [HandlerDaemon-0] INFO  server.RaftServer$Division (RaftServerImpl.java:requestVote(1436)) - s2@group-9EF6EF252B1E replies to PRE_VOTE vote request: s0<-s2#0:OK-t0. Peer's state: s2@group-9EF6EF252B1E:t0, leader=null, voted=, raftlog=Memoized:s2@group-9EF6EF252B1E-MemoryRaftLog:OPENED:c-1:lastnull, conf=conf: {index: -1, cur=peers:[s0|localhost:15012, s1|localhost:15016, s2|localhost:15020]|listeners:[], old=null}
2024-05-03 18:50:25,836 [s1@group-9EF6EF252B1E-FollowerState] INFO  server.RaftServerConfigKeys (ConfUtils.java:logFallback(53)) - raft.server.rpc.first-election.timeout.min = 150ms (fallback to raft.server.rpc.timeout.min)
2024-05-03 18:50:25,836 [s1@group-9EF6EF252B1E-FollowerState] INFO  server.RaftServerConfigKeys (ConfUtils.java:logFallback(53)) - raft.server.rpc.first-election.timeout.max = 300ms (fallback to raft.server.rpc.timeout.max)
2024-05-03 18:50:25,846 [s0@group-9EF6EF252B1E-LeaderElection3] INFO  impl.LeaderElection (LeaderElection.java:logAndReturn(89)) - s0@group-9EF6EF252B1E-LeaderElection3: PRE_VOTE PASSED received 1 response(s) and 0 exception(s):
2024-05-03 18:50:25,846 [s0@group-9EF6EF252B1E-LeaderElection3] INFO  impl.LeaderElection (LeaderElection.java:logAndReturn(93)) -   Response 0: s0<-s1#0:OK-t0
2024-05-03 18:50:25,846 [s0@group-9EF6EF252B1E-LeaderElection3] INFO  impl.LeaderElection (LeaderElection.java:askForVotes(323)) - s0@group-9EF6EF252B1E-LeaderElection3 PRE_VOTE round 0: result PASSED
2024-05-03 18:50:25,846 [s0@group-9EF6EF252B1E-LeaderElection3] INFO  impl.LeaderElection (LeaderElection.java:askForVotes(321)) - s0@group-9EF6EF252B1E-LeaderElection3 ELECTION round 0: submit vote requests at term 1 for conf: {index: -1, cur=peers:[s0|localhost:15012, s1|localhost:15016, s2|localhost:15020]|listeners:[], old=null}
2024-05-03 18:50:25,846 [s0@group-9EF6EF252B1E-LeaderElection3] INFO  server.RaftServerConfigKeys (ConfUtils.java:logFallback(53)) - raft.server.rpc.first-election.timeout.min = 150ms (fallback to raft.server.rpc.timeout.min)
2024-05-03 18:50:25,847 [HandlerDaemon-1] INFO  server.RaftServer$Division (RaftServerImpl.java:requestVote(1403)) - s1@group-9EF6EF252B1E: receive requestVote(ELECTION, s0, group-9EF6EF252B1E, 1, (t:0, i:0))
2024-05-03 18:50:25,847 [s0@group-9EF6EF252B1E-LeaderElection3] INFO  server.RaftServerConfigKeys (ConfUtils.java:logFallback(53)) - raft.server.rpc.first-election.timeout.max = 300ms (fallback to raft.server.rpc.timeout.max)
2024-05-03 18:50:25,847 [HandlerDaemon-1] INFO  impl.VoteContext (VoteContext.java:log(49)) - s1@group-9EF6EF252B1E-FOLLOWER: accept ELECTION from s0: our priority 0 <= candidate's priority 0
2024-05-03 18:50:25,847 [HandlerDaemon-1] INFO  server.RaftServer$Division (RaftServerImpl.java:requestVote(1403)) - s2@group-9EF6EF252B1E: receive requestVote(ELECTION, s0, group-9EF6EF252B1E, 1, (t:0, i:0))
2024-05-03 18:50:25,847 [HandlerDaemon-1] INFO  server.RaftServer$Division (RaftServerImpl.java:setRole(376)) - s1@group-9EF6EF252B1E: changes role from  FOLLOWER to FOLLOWER at term 1 for candidate:s0
2024-05-03 18:50:25,847 [HandlerDaemon-1] INFO  impl.VoteContext (VoteContext.java:log(49)) - s2@group-9EF6EF252B1E-FOLLOWER: accept ELECTION from s0: our priority 0 <= candidate's priority 0
2024-05-03 18:50:25,847 [HandlerDaemon-1] INFO  impl.RoleInfo (RoleInfo.java:shutdownFollowerState(119)) - s1: shutdown s1@group-9EF6EF252B1E-FollowerState
2024-05-03 18:50:25,847 [HandlerDaemon-1] INFO  server.RaftServer$Division (RaftServerImpl.java:setRole(376)) - s2@group-9EF6EF252B1E: changes role from  FOLLOWER to FOLLOWER at term 1 for candidate:s0
2024-05-03 18:50:25,847 [HandlerDaemon-1] INFO  impl.RoleInfo (RoleInfo.java:shutdownFollowerState(119)) - s2: shutdown s2@group-9EF6EF252B1E-FollowerState
2024-05-03 18:50:25,847 [s1@group-9EF6EF252B1E-FollowerState] INFO  impl.FollowerState (FollowerState.java:run(153)) - s1@group-9EF6EF252B1E-FollowerState was interrupted
2024-05-03 18:50:25,847 [HandlerDaemon-1] INFO  impl.RoleInfo (RoleInfo.java:updateAndGet(148)) - s1: start s1@group-9EF6EF252B1E-FollowerState
2024-05-03 18:50:25,848 [s2@group-9EF6EF252B1E-FollowerState] INFO  impl.FollowerState (FollowerState.java:run(153)) - s2@group-9EF6EF252B1E-FollowerState was interrupted
2024-05-03 18:50:25,848 [HandlerDaemon-1] INFO  impl.RoleInfo (RoleInfo.java:updateAndGet(148)) - s2: start s2@group-9EF6EF252B1E-FollowerState
2024-05-03 18:50:25,848 [HandlerDaemon-1] INFO  server.RaftServer$Division (RaftServerImpl.java:setFirstElection(549)) - s1@group-9EF6EF252B1E: set firstElectionSinceStartup to false for candidate:s0
2024-05-03 18:50:25,848 [HandlerDaemon-1] INFO  server.RaftServer$Division (RaftServerImpl.java:requestVote(1436)) - s1@group-9EF6EF252B1E replies to ELECTION vote request: s0<-s1#0:OK-t1. Peer's state: s1@group-9EF6EF252B1E:t1, leader=null, voted=s0, raftlog=Memoized:s1@group-9EF6EF252B1E-MemoryRaftLog:OPENED:c-1:lastnull, conf=conf: {index: -1, cur=peers:[s0|localhost:15012, s1|localhost:15016, s2|localhost:15020]|listeners:[], old=null}
2024-05-03 18:50:25,848 [HandlerDaemon-1] INFO  server.RaftServer$Division (RaftServerImpl.java:setFirstElection(549)) - s2@group-9EF6EF252B1E: set firstElectionSinceStartup to false for candidate:s0
2024-05-03 18:50:25,852 [HandlerDaemon-1] INFO  server.RaftServer$Division (RaftServerImpl.java:requestVote(1436)) - s2@group-9EF6EF252B1E replies to ELECTION vote request: s0<-s2#0:OK-t1. Peer's state: s2@group-9EF6EF252B1E:t1, leader=null, voted=s0, raftlog=Memoized:s2@group-9EF6EF252B1E-MemoryRaftLog:OPENED:c-1:lastnull, conf=conf: {index: -1, cur=peers:[s0|localhost:15012, s1|localhost:15016, s2|localhost:15020]|listeners:[], old=null}
2024-05-03 18:50:25,863 [s0@group-9EF6EF252B1E-LeaderElection3] INFO  impl.LeaderElection (LeaderElection.java:logAndReturn(89)) - s0@group-9EF6EF252B1E-LeaderElection3: ELECTION PASSED received 1 response(s) and 0 exception(s):
2024-05-03 18:50:25,864 [s0@group-9EF6EF252B1E-LeaderElection3] INFO  impl.LeaderElection (LeaderElection.java:logAndReturn(93)) -   Response 0: s0<-s2#0:OK-t1
2024-05-03 18:50:25,864 [s0@group-9EF6EF252B1E-LeaderElection3] INFO  impl.LeaderElection (LeaderElection.java:askForVotes(323)) - s0@group-9EF6EF252B1E-LeaderElection3 ELECTION round 0: result PASSED
2024-05-03 18:50:25,864 [s0@group-9EF6EF252B1E-LeaderElection3] INFO  impl.RoleInfo (RoleInfo.java:shutdownLeaderElection(139)) - s0: shutdown s0@group-9EF6EF252B1E-LeaderElection3
2024-05-03 18:50:25,864 [s0@group-9EF6EF252B1E-LeaderElection3] INFO  server.RaftServer$Division (RaftServerImpl.java:setRole(376)) - s0@group-9EF6EF252B1E: changes role from CANDIDATE to LEADER at term 1 for changeToLeader
2024-05-03 18:50:25,864 [s0@group-9EF6EF252B1E-LeaderElection3] INFO  server.RaftServerConfigKeys (ConfUtils.java:logGet(46)) - raft.server.staging.catchup.gap = 1000 (default)
2024-05-03 18:50:25,864 [s0@group-9EF6EF252B1E-LeaderElection3] INFO  server.RaftServerConfigKeys (ConfUtils.java:logGet(46)) - raft.server.write.element-limit = 4096 (default)
2024-05-03 18:50:25,864 [s0@group-9EF6EF252B1E-LeaderElection3] INFO  server.RaftServerConfigKeys (ConfUtils.java:logGet(46)) - raft.server.write.byte-limit = 64MB (=67108864) (default)
2024-05-03 18:50:25,864 [s0@group-9EF6EF252B1E-LeaderElection3] INFO  server.RaftServerConfigKeys (ConfUtils.java:logGet(46)) - raft.server.watch.timeout = 10s (default)
2024-05-03 18:50:25,864 [s0@group-9EF6EF252B1E-LeaderElection3] INFO  server.RaftServerConfigKeys (ConfUtils.java:logGet(46)) - raft.server.watch.timeout.denomination = 1s (default)
2024-05-03 18:50:25,864 [s0@group-9EF6EF252B1E-LeaderElection3] INFO  server.RaftServerConfigKeys (ConfUtils.java:logGet(46)) - raft.server.watch.element-limit = 65536 (default)
2024-05-03 18:50:25,865 [s0@group-9EF6EF252B1E-LeaderElection3] INFO  server.RaftServerConfigKeys (ConfUtils.java:logGet(46)) - raft.server.read.leader.lease.enabled = false (default)
2024-05-03 18:50:25,865 [s0@group-9EF6EF252B1E-LeaderElection3] INFO  server.RaftServerConfigKeys (ConfUtils.java:logGet(46)) - raft.server.read.leader.lease.timeout.ratio = 0.9 (default)
2024-05-03 18:50:25,865 [s0@group-9EF6EF252B1E-LeaderElection3] INFO  server.RaftServerConfigKeys (ConfUtils.java:logGet(46)) - raft.server.rpc.timeout.min = 150ms (default)
2024-05-03 18:50:25,865 [s0@group-9EF6EF252B1E-LeaderElection3] INFO  server.RaftServerConfigKeys (ConfUtils.java:logGet(46)) - raft.server.write.element-limit = 4096 (default)
2024-05-03 18:50:25,865 [s0@group-9EF6EF252B1E-LeaderElection3] INFO  server.RaftServerConfigKeys (ConfUtils.java:logGet(46)) - raft.server.write.follower.gap.ratio.max = -1.0 (default)
2024-05-03 18:50:25,866 [s0@group-9EF6EF252B1E-LeaderElection3] INFO  server.RaftServerConfigKeys (ConfUtils.java:logGet(46)) - raft.server.log.appender.snapshot.chunk.size.max = 16MB (=16777216) (default)
2024-05-03 18:50:25,866 [s0@group-9EF6EF252B1E-LeaderElection3] INFO  server.RaftServerConfigKeys (ConfUtils.java:logGet(46)) - raft.server.log.appender.buffer.byte-limit = 4MB (=4194304) (default)
2024-05-03 18:50:25,866 [s0@group-9EF6EF252B1E-LeaderElection3] INFO  server.RaftServerConfigKeys (ConfUtils.java:logGet(46)) - raft.server.log.appender.buffer.element-limit = 0 (default)
2024-05-03 18:50:25,866 [s0@group-9EF6EF252B1E-LeaderElection3] INFO  server.RaftServerConfigKeys (ConfUtils.java:logGet(46)) - raft.server.log.appender.wait-time.min = 1ms (default)
2024-05-03 18:50:25,867 [s0@group-9EF6EF252B1E-LeaderElection3] INFO  server.RaftServerConfigKeys (ConfUtils.java:logGet(46)) - raft.server.log.appender.snapshot.chunk.size.max = 16MB (=16777216) (default)
2024-05-03 18:50:25,867 [s0@group-9EF6EF252B1E-LeaderElection3] INFO  server.RaftServerConfigKeys (ConfUtils.java:logGet(46)) - raft.server.log.appender.buffer.byte-limit = 4MB (=4194304) (default)
2024-05-03 18:50:25,867 [s0@group-9EF6EF252B1E-LeaderElection3] INFO  server.RaftServerConfigKeys (ConfUtils.java:logGet(46)) - raft.server.log.appender.buffer.element-limit = 0 (default)
2024-05-03 18:50:25,867 [s0@group-9EF6EF252B1E-LeaderElection3] INFO  server.RaftServerConfigKeys (ConfUtils.java:logGet(46)) - raft.server.log.appender.wait-time.min = 1ms (default)
2024-05-03 18:50:25,867 [s0@group-9EF6EF252B1E-LeaderElection3] INFO  impl.RoleInfo (RoleInfo.java:updateAndGet(148)) - s0: start s0@group-9EF6EF252B1E-LeaderStateImpl
2024-05-03 18:50:25,867 [s0@group-9EF6EF252B1E-LeaderElection3] INFO  server.RaftServer$Division (RaftServerImpl.java:setFirstElection(549)) - s0@group-9EF6EF252B1E: set firstElectionSinceStartup to false for becomeLeader
2024-05-03 18:50:25,867 [s0@group-9EF6EF252B1E-LeaderElection3] INFO  server.RaftServer$Division (ServerState.java:setLeader(272)) - s0@group-9EF6EF252B1E: change Leader from null to s0 at term 1 for becomeLeader, leader elected after 225ms
2024-05-03 18:50:25,867 [s0@group-9EF6EF252B1E-LeaderElection3] INFO  server.RaftServer$Division (ServerState.java:setRaftConf(386)) - s0@group-9EF6EF252B1E: set configuration conf: {index: 0, cur=peers:[s0|localhost:15012, s1|localhost:15016, s2|localhost:15020]|listeners:[], old=null}
2024-05-03 18:50:25,868 [HandlerDaemon-2] INFO  server.RaftServer$Division (ServerState.java:setLeader(272)) - s2@group-9EF6EF252B1E: change Leader from null to s0 at term 1 for appendEntries, leader elected after 219ms
2024-05-03 18:50:25,868 [HandlerDaemon-2] INFO  server.RaftServer$Division (ServerState.java:setLeader(272)) - s1@group-9EF6EF252B1E: change Leader from null to s0 at term 1 for appendEntries, leader elected after 221ms
2024-05-03 18:50:25,883 [HandlerDaemon-0] DEBUG server.RaftServer$Division (RaftServerImpl.java:logAppendEntries(1505)) - s1@group-9EF6EF252B1E: appendEntries* s0->s1#421-t1,previous=(t:0, i:0),leaderCommit=-1,initializing? false,entries: size=1, first=(t:1, i:0), CONFIGURATIONENTRY(current:id:"s0"address:"localhost:15012"dataStreamAddress:"localhost:15015"clientAddress:"localhost:15014"adminAddress:"localhost:15013"startupRole:FOLLOWER, id:"s1"address:"localhost:15016"dataStreamAddress:"localhost:15019"clientAddress:"localhost:15018"adminAddress:"localhost:15017"startupRole:FOLLOWER, id:"s2"address:"localhost:15020"dataStreamAddress:"localhost:15023"clientAddress:"localhost:15022"adminAddress:"localhost:15021"startupRole:FOLLOWER, old:)
2024-05-03 18:50:25,883 [HandlerDaemon-0] INFO  server.RaftServer$Division (ServerState.java:setRaftConf(386)) - s1@group-9EF6EF252B1E: set configuration conf: {index: 0, cur=peers:[s0|localhost:15012, s1|localhost:15016, s2|localhost:15020]|listeners:[], old=null}
2024-05-03 18:50:25,884 [s1-server-thread1] DEBUG server.RaftServer$Division (RaftServerImpl.java:logAppendEntries(1505)) - s1@group-9EF6EF252B1E: appendEntries* reply s0<-s1#421:OK-t1,SUCCESS,nextIndex=1,followerCommit=-1,matchIndex=0
2024-05-03 18:50:25,889 [HandlerDaemon-0] DEBUG server.RaftServer$Division (RaftServerImpl.java:logAppendEntries(1505)) - s2@group-9EF6EF252B1E: appendEntries* s0->s2#422-t1,previous=(t:0, i:0),leaderCommit=-1,initializing? false,entries: size=1, first=(t:1, i:0), CONFIGURATIONENTRY(current:id:"s0"address:"localhost:15012"dataStreamAddress:"localhost:15015"clientAddress:"localhost:15014"adminAddress:"localhost:15013"startupRole:FOLLOWER, id:"s1"address:"localhost:15016"dataStreamAddress:"localhost:15019"clientAddress:"localhost:15018"adminAddress:"localhost:15017"startupRole:FOLLOWER, id:"s2"address:"localhost:15020"dataStreamAddress:"localhost:15023"clientAddress:"localhost:15022"adminAddress:"localhost:15021"startupRole:FOLLOWER, old:)
2024-05-03 18:50:25,889 [HandlerDaemon-0] INFO  server.RaftServer$Division (ServerState.java:setRaftConf(386)) - s2@group-9EF6EF252B1E: set configuration conf: {index: 0, cur=peers:[s0|localhost:15012, s1|localhost:15016, s2|localhost:15020]|listeners:[], old=null}
2024-05-03 18:50:25,890 [s2-server-thread1] DEBUG server.RaftServer$Division (RaftServerImpl.java:logAppendEntries(1505)) - s2@group-9EF6EF252B1E: appendEntries* reply s0<-s2#422:OK-t1,SUCCESS,nextIndex=1,followerCommit=-1,matchIndex=0
2024-05-03 18:50:25,897 [s0@group-9EF6EF252B1E-StateMachineUpdater] TRACE util.FileUtils (LogUtils.java:supplyAndLog(69)) - Successfully supplied FileChannel.open /home/runner/work/ratis/ratis/ratis-test/target/test/data/14253bed/MiniRaftClusterWithSimulatedRpce6a086c8/s0/191fd521-56d2-43c3-bce8-9ef6ef252b1e/current/raft-meta.conf.tmp with options [CREATE, WRITE]: sun.nio.ch.FileChannelImpl@d91a4ff
2024-05-03 18:50:25,899 [s0@group-9EF6EF252B1E-StateMachineUpdater] TRACE util.FileUtils (LogUtils.java:runAndLog(49)) - Successfully ran Atomic Files.move /home/runner/work/ratis/ratis/ratis-test/target/test/data/14253bed/MiniRaftClusterWithSimulatedRpce6a086c8/s0/191fd521-56d2-43c3-bce8-9ef6ef252b1e/current/raft-meta.conf.tmp to /home/runner/work/ratis/ratis/ratis-test/target/test/data/14253bed/MiniRaftClusterWithSimulatedRpce6a086c8/s0/191fd521-56d2-43c3-bce8-9ef6ef252b1e/current/raft-meta.conf with options [REPLACE_EXISTING]
2024-05-03 18:50:25,899 [s0@group-9EF6EF252B1E-StateMachineUpdater] INFO  server.RaftServer$Division (LeaderStateImpl.java:checkStartIndex(317)) - Leader s0@group-9EF6EF252B1E-LeaderStateImpl is ready since appliedIndex == startIndex == 0
2024-05-03 18:50:25,906 [main] DEBUG client.RaftClient (RaftClientImpl.java:get(158)) - client-138B7AB9D496: get 416 returns []
2024-05-03 18:50:25,907 [main] DEBUG client.RaftClient (RaftClientImpl.java:newRequest(95)) - attempt #3, newRequest RaftClientRequest:client-138B7AB9D496->s0@group-9EF6EF252B1E, cid=416, seq=null, RW, m0
2024-05-03 18:50:25,907 [s0-client-thread1] DEBUG server.RaftServer$Division (RaftServerImpl.java:submitClientRequestAsync(889)) - s0@group-9EF6EF252B1E: receive client request(RaftClientRequest:client-138B7AB9D496->s0@group-9EF6EF252B1E, cid=416, seq=null, RW, m0)
2024-05-03 18:50:25,907 [s0-client-thread1] DEBUG server.RaftServer$Division (LeaderStateImpl.java:addPendingRequest(530)) - s0@group-9EF6EF252B1E-LeaderStateImpl: addPendingRequest at RaftClientRequest:client-138B7AB9D496->s0@group-9EF6EF252B1E, cid=416, seq=null, RW, m0, entry=(t:1, i:1), STATEMACHINELOGENTRY, WRITE: logData.size=2, stateMachineData.size=0, logEntryProtoSerializedSize=0
2024-05-03 18:50:25,907 [HandlerDaemon-1] DEBUG server.RaftServer$Division (RaftServerImpl.java:logAppendEntries(1505)) - s2@group-9EF6EF252B1E: appendEntries* s0->s2#423-t1,previous=(t:1, i:0),leaderCommit=0,initializing? false,entries: size=1, first=(t:1, i:1), STATEMACHINELOGENTRY, StateMachineLogEntryProto:416@client-138B7AB9D496
2024-05-03 18:50:25,907 [HandlerDaemon-1] DEBUG server.RaftServer$Division (RaftServerImpl.java:logAppendEntries(1505)) - s1@group-9EF6EF252B1E: appendEntries* s0->s1#424-t1,previous=(t:1, i:0),leaderCommit=0,initializing? false,entries: size=1, first=(t:1, i:1), STATEMACHINELOGENTRY, StateMachineLogEntryProto:416@client-138B7AB9D496
2024-05-03 18:50:25,908 [s2@group-9EF6EF252B1E-StateMachineUpdater] TRACE util.FileUtils (LogUtils.java:supplyAndLog(69)) - Successfully supplied FileChannel.open /home/runner/work/ratis/ratis/ratis-test/target/test/data/14253bed/MiniRaftClusterWithSimulatedRpce6a086c8/s2/191fd521-56d2-43c3-bce8-9ef6ef252b1e/current/raft-meta.conf.tmp with options [CREATE, WRITE]: sun.nio.ch.FileChannelImpl@48b3a4d4
2024-05-03 18:50:25,908 [s1@group-9EF6EF252B1E-StateMachineUpdater] TRACE util.FileUtils (LogUtils.java:supplyAndLog(69)) - Successfully supplied FileChannel.open /home/runner/work/ratis/ratis/ratis-test/target/test/data/14253bed/MiniRaftClusterWithSimulatedRpce6a086c8/s1/191fd521-56d2-43c3-bce8-9ef6ef252b1e/current/raft-meta.conf.tmp with options [CREATE, WRITE]: sun.nio.ch.FileChannelImpl@afe31d0
2024-05-03 18:50:25,909 [s2-server-thread1] DEBUG server.RaftServer$Division (RaftServerImpl.java:logAppendEntries(1505)) - s2@group-9EF6EF252B1E: appendEntries* reply s0<-s2#423:OK-t1,SUCCESS,nextIndex=2,followerCommit=0,matchIndex=1
2024-05-03 18:50:25,910 [s1-server-thread1] DEBUG server.RaftServer$Division (RaftServerImpl.java:logAppendEntries(1505)) - s1@group-9EF6EF252B1E: appendEntries* reply s0<-s1#424:OK-t1,SUCCESS,nextIndex=2,followerCommit=0,matchIndex=1
2024-05-03 18:50:25,910 [s2@group-9EF6EF252B1E-StateMachineUpdater] TRACE util.FileUtils (LogUtils.java:runAndLog(49)) - Successfully ran Atomic Files.move /home/runner/work/ratis/ratis/ratis-test/target/test/data/14253bed/MiniRaftClusterWithSimulatedRpce6a086c8/s2/191fd521-56d2-43c3-bce8-9ef6ef252b1e/current/raft-meta.conf.tmp to /home/runner/work/ratis/ratis/ratis-test/target/test/data/14253bed/MiniRaftClusterWithSimulatedRpce6a086c8/s2/191fd521-56d2-43c3-bce8-9ef6ef252b1e/current/raft-meta.conf with options [REPLACE_EXISTING]
2024-05-03 18:50:25,911 [s1@group-9EF6EF252B1E-StateMachineUpdater] TRACE util.FileUtils (LogUtils.java:runAndLog(49)) - Successfully ran Atomic Files.move /home/runner/work/ratis/ratis/ratis-test/target/test/data/14253bed/MiniRaftClusterWithSimulatedRpce6a086c8/s1/191fd521-56d2-43c3-bce8-9ef6ef252b1e/current/raft-meta.conf.tmp to /home/runner/work/ratis/ratis/ratis-test/target/test/data/14253bed/MiniRaftClusterWithSimulatedRpce6a086c8/s1/191fd521-56d2-43c3-bce8-9ef6ef252b1e/current/raft-meta.conf with options [REPLACE_EXISTING]
2024-05-03 18:50:25,925 [HandlerDaemon-2] DEBUG server.RaftServer$Division (RaftServerImpl.java:logAppendEntries(1505)) - s1@group-9EF6EF252B1E: appendEntries* s0->s1#425-t1,previous=(t:1, i:1),leaderCommit=1,initializing? false,entries: size=1, first=(t:1, i:2), METADATAENTRY(c:1)
2024-05-03 18:50:25,926 [s1-server-thread1] DEBUG server.RaftServer$Division (RaftServerImpl.java:logAppendEntries(1505)) - s1@group-9EF6EF252B1E: appendEntries* reply s0<-s1#425:OK-t1,SUCCESS,nextIndex=3,followerCommit=1,matchIndex=2
2024-05-03 18:50:25,929 [HandlerDaemon-2] DEBUG server.RaftServer$Division (RaftServerImpl.java:logAppendEntries(1505)) - s2@group-9EF6EF252B1E: appendEntries* s0->s2#426-t1,previous=(t:1, i:1),leaderCommit=1,initializing? false,entries: size=1, first=(t:1, i:2), METADATAENTRY(c:1)
2024-05-03 18:50:25,929 [s2-server-thread1] DEBUG server.RaftServer$Division (RaftServerImpl.java:logAppendEntries(1505)) - s2@group-9EF6EF252B1E: appendEntries* reply s0<-s2#426:OK-t1,SUCCESS,nextIndex=3,followerCommit=1,matchIndex=2
2024-05-03 18:50:25,941 [main] DEBUG client.RaftClient (RaftClientImpl.java:add(146)) - client-138B7AB9D496: add replied callId 416
2024-05-03 18:50:25,941 [main] DEBUG client.RaftClient (RaftClientImpl.java:get(158)) - client-138B7AB9D496: get 427 returns [416]
2024-05-03 18:50:25,941 [main] DEBUG client.RaftClient (RaftClientImpl.java:newRequest(95)) - attempt #1, newRequest RaftClientRequest:client-138B7AB9D496->s0@group-9EF6EF252B1E, cid=427, seq=null, RW, m1
2024-05-03 18:50:25,941 [s0-client-thread1] DEBUG server.RaftServer$Division (RaftServerImpl.java:submitClientRequestAsync(889)) - s0@group-9EF6EF252B1E: receive client request(RaftClientRequest:client-138B7AB9D496->s0@group-9EF6EF252B1E, cid=427, seq=null, RW, m1)
2024-05-03 18:50:25,941 [s0-client-thread1] DEBUG server.RaftServer$Division (LeaderStateImpl.java:addPendingRequest(530)) - s0@group-9EF6EF252B1E-LeaderStateImpl: addPendingRequest at RaftClientRequest:client-138B7AB9D496->s0@group-9EF6EF252B1E, cid=427, seq=null, RW, m1, entry=(t:1, i:3), STATEMACHINELOGENTRY, WRITE: logData.size=2, stateMachineData.size=0, logEntryProtoSerializedSize=0
2024-05-03 18:50:25,941 [HandlerDaemon-0] DEBUG server.RaftServer$Division (RaftServerImpl.java:logAppendEntries(1505)) - s1@group-9EF6EF252B1E: appendEntries* s0->s1#428-t1,previous=(t:1, i:2),leaderCommit=2,initializing? false,entries: size=1, first=(t:1, i:3), STATEMACHINELOGENTRY, StateMachineLogEntryProto:427@client-138B7AB9D496
2024-05-03 18:50:25,942 [s1-server-thread1] DEBUG server.RaftServer$Division (RaftServerImpl.java:logAppendEntries(1505)) - s1@group-9EF6EF252B1E: appendEntries* reply s0<-s1#428:OK-t1,SUCCESS,nextIndex=4,followerCommit=2,matchIndex=3
2024-05-03 18:50:25,946 [HandlerDaemon-0] DEBUG server.RaftServer$Division (RaftServerImpl.java:logAppendEntries(1505)) - s2@group-9EF6EF252B1E: appendEntries* s0->s2#429-t1,previous=(t:1, i:2),leaderCommit=2,initializing? false,entries: size=1, first=(t:1, i:3), STATEMACHINELOGENTRY, StateMachineLogEntryProto:427@client-138B7AB9D496
2024-05-03 18:50:25,946 [s2-server-thread1] DEBUG server.RaftServer$Division (RaftServerImpl.java:logAppendEntries(1505)) - s2@group-9EF6EF252B1E: appendEntries* reply s0<-s2#429:OK-t1,SUCCESS,nextIndex=4,followerCommit=2,matchIndex=3
2024-05-03 18:50:25,960 [HandlerDaemon-1] DEBUG server.RaftServer$Division (RaftServerImpl.java:logAppendEntries(1505)) - s1@group-9EF6EF252B1E: appendEntries* s0->s1#430-t1,previous=(t:1, i:3),leaderCommit=3,initializing? false,entries: size=1, first=(t:1, i:4), METADATAENTRY(c:3)
2024-05-03 18:50:25,960 [s1-server-thread1] DEBUG server.RaftServer$Division (RaftServerImpl.java:logAppendEntries(1505)) - s1@group-9EF6EF252B1E: appendEntries* reply s0<-s1#430:OK-t1,SUCCESS,nextIndex=5,followerCommit=3,matchIndex=4
2024-05-03 18:50:25,965 [HandlerDaemon-1] DEBUG server.RaftServer$Division (RaftServerImpl.java:logAppendEntries(1505)) - s2@group-9EF6EF252B1E: appendEntries* s0->s2#431-t1,previous=(t:1, i:3),leaderCommit=3,initializing? false,entries: size=1, first=(t:1, i:4), METADATAENTRY(c:3)
2024-05-03 18:50:25,965 [s2-server-thread1] DEBUG server.RaftServer$Division (RaftServerImpl.java:logAppendEntries(1505)) - s2@group-9EF6EF252B1E: appendEntries* reply s0<-s2#431:OK-t1,SUCCESS,nextIndex=5,followerCommit=3,matchIndex=4
2024-05-03 18:50:25,975 [main] DEBUG client.RaftClient (RaftClientImpl.java:add(146)) - client-138B7AB9D496: add replied callId 427
2024-05-03 18:50:25,975 [main] DEBUG client.RaftClient (RaftClientImpl.java:get(158)) - client-138B7AB9D496: get 432 returns [427]
2024-05-03 18:50:25,976 [main] DEBUG client.RaftClient (RaftClientImpl.java:newRequest(95)) - attempt #1, newRequest RaftClientRequest:client-138B7AB9D496->s0@group-9EF6EF252B1E, cid=432, seq=null, RW, m2
2024-05-03 18:50:25,976 [s0-client-thread1] DEBUG server.RaftServer$Division (RaftServerImpl.java:submitClientRequestAsync(889)) - s0@group-9EF6EF252B1E: receive client request(RaftClientRequest:client-138B7AB9D496->s0@group-9EF6EF252B1E, cid=432, seq=null, RW, m2)
2024-05-03 18:50:25,976 [s0-client-thread1] DEBUG server.RaftServer$Division (LeaderStateImpl.java:addPendingRequest(530)) - s0@group-9EF6EF252B1E-LeaderStateImpl: addPendingRequest at RaftClientRequest:client-138B7AB9D496->s0@group-9EF6EF252B1E, cid=432, seq=null, RW, m2, entry=(t:1, i:5), STATEMACHINELOGENTRY, WRITE: logData.size=2, stateMachineData.size=0, logEntryProtoSerializedSize=0
2024-05-03 18:50:25,977 [HandlerDaemon-2] DEBUG server.RaftServer$Division (RaftServerImpl.java:logAppendEntries(1505)) - s1@group-9EF6EF252B1E: appendEntries* s0->s1#433-t1,previous=(t:1, i:4),leaderCommit=4,initializing? false,entries: size=1, first=(t:1, i:5), STATEMACHINELOGENTRY, StateMachineLogEntryProto:432@client-138B7AB9D496
2024-05-03 18:50:25,977 [s1-server-thread1] DEBUG server.RaftServer$Division (RaftServerImpl.java:logAppendEntries(1505)) - s1@group-9EF6EF252B1E: appendEntries* reply s0<-s1#433:OK-t1,SUCCESS,nextIndex=6,followerCommit=4,matchIndex=5
2024-05-03 18:50:25,981 [HandlerDaemon-2] DEBUG server.RaftServer$Division (RaftServerImpl.java:logAppendEntries(1505)) - s2@group-9EF6EF252B1E: appendEntries* s0->s2#434-t1,previous=(t:1, i:4),leaderCommit=4,initializing? false,entries: size=1, first=(t:1, i:5), STATEMACHINELOGENTRY, StateMachineLogEntryProto:432@client-138B7AB9D496
2024-05-03 18:50:25,982 [s2-server-thread1] DEBUG server.RaftServer$Division (RaftServerImpl.java:logAppendEntries(1505)) - s2@group-9EF6EF252B1E: appendEntries* reply s0<-s2#434:OK-t1,SUCCESS,nextIndex=6,followerCommit=4,matchIndex=5
2024-05-03 18:50:25,995 [HandlerDaemon-0] DEBUG server.RaftServer$Division (RaftServerImpl.java:logAppendEntries(1505)) - s1@group-9EF6EF252B1E: appendEntries* s0->s1#435-t1,previous=(t:1, i:5),leaderCommit=5,initializing? false,entries: size=1, first=(t:1, i:6), METADATAENTRY(c:5)
2024-05-03 18:50:25,995 [s1-server-thread1] DEBUG server.RaftServer$Division (RaftServerImpl.java:logAppendEntries(1505)) - s1@group-9EF6EF252B1E: appendEntries* reply s0<-s1#435:OK-t1,SUCCESS,nextIndex=7,followerCommit=5,matchIndex=6
2024-05-03 18:50:26,001 [HandlerDaemon-0] DEBUG server.RaftServer$Division (RaftServerImpl.java:logAppendEntries(1505)) - s2@group-9EF6EF252B1E: appendEntries* s0->s2#436-t1,previous=(t:1, i:5),leaderCommit=5,initializing? false,entries: size=1, first=(t:1, i:6), METADATAENTRY(c:5)
2024-05-03 18:50:26,001 [s2-server-thread1] DEBUG server.RaftServer$Division (RaftServerImpl.java:logAppendEntries(1505)) - s2@group-9EF6EF252B1E: appendEntries* reply s0<-s2#436:OK-t1,SUCCESS,nextIndex=7,followerCommit=5,matchIndex=6
2024-05-03 18:50:26,007 [main] DEBUG client.RaftClient (RaftClientImpl.java:add(146)) - client-138B7AB9D496: add replied callId 432
2024-05-03 18:50:26,007 [main] DEBUG client.RaftClient (RaftClientImpl.java:get(158)) - client-138B7AB9D496: get 437 returns [432]
2024-05-03 18:50:26,007 [main] DEBUG client.RaftClient (RaftClientImpl.java:newRequest(95)) - attempt #1, newRequest RaftClientRequest:client-138B7AB9D496->s0@group-9EF6EF252B1E, cid=437, seq=null, RW, m3
2024-05-03 18:50:26,008 [s0-client-thread1] DEBUG server.RaftServer$Division (RaftServerImpl.java:submitClientRequestAsync(889)) - s0@group-9EF6EF252B1E: receive client request(RaftClientRequest:client-138B7AB9D496->s0@group-9EF6EF252B1E, cid=437, seq=null, RW, m3)
2024-05-03 18:50:26,008 [s0-client-thread1] DEBUG server.RaftServer$Division (LeaderStateImpl.java:addPendingRequest(530)) - s0@group-9EF6EF252B1E-LeaderStateImpl: addPendingRequest at RaftClientRequest:client-138B7AB9D496->s0@group-9EF6EF252B1E, cid=437, seq=null, RW, m3, entry=(t:1, i:7), STATEMACHINELOGENTRY, WRITE: logData.size=2, stateMachineData.size=0, logEntryProtoSerializedSize=0
2024-05-03 18:50:26,013 [HandlerDaemon-1] DEBUG server.RaftServer$Division (RaftServerImpl.java:logAppendEntries(1505)) - s1@group-9EF6EF252B1E: appendEntries* s0->s1#438-t1,previous=(t:1, i:6),leaderCommit=6,initializing? false,entries: size=1, first=(t:1, i:7), STATEMACHINELOGENTRY, StateMachineLogEntryProto:437@client-138B7AB9D496
2024-05-03 18:50:26,013 [s1-server-thread1] DEBUG server.RaftServer$Division (RaftServerImpl.java:logAppendEntries(1505)) - s1@group-9EF6EF252B1E: appendEntries* reply s0<-s1#438:OK-t1,SUCCESS,nextIndex=8,followerCommit=6,matchIndex=7
2024-05-03 18:50:26,014 [HandlerDaemon-1] DEBUG server.RaftServer$Division (RaftServerImpl.java:logAppendEntries(1505)) - s2@group-9EF6EF252B1E: appendEntries* s0->s2#439-t1,previous=(t:1, i:6),leaderCommit=6,initializing? false,entries: size=1, first=(t:1, i:7), STATEMACHINELOGENTRY, StateMachineLogEntryProto:437@client-138B7AB9D496
2024-05-03 18:50:26,015 [s2-server-thread1] DEBUG server.RaftServer$Division (RaftServerImpl.java:logAppendEntries(1505)) - s2@group-9EF6EF252B1E: appendEntries* reply s0<-s2#439:OK-t1,SUCCESS,nextIndex=8,followerCommit=6,matchIndex=7
2024-05-03 18:50:26,029 [HandlerDaemon-2] DEBUG server.RaftServer$Division (RaftServerImpl.java:logAppendEntries(1505)) - s1@group-9EF6EF252B1E: appendEntries* s0->s1#440-t1,previous=(t:1, i:7),leaderCommit=7,initializing? false,entries: size=1, first=(t:1, i:8), METADATAENTRY(c:7)
2024-05-03 18:50:26,029 [s1-server-thread1] DEBUG server.RaftServer$Division (RaftServerImpl.java:logAppendEntries(1505)) - s1@group-9EF6EF252B1E: appendEntries* reply s0<-s1#440:OK-t1,SUCCESS,nextIndex=9,followerCommit=7,matchIndex=8
2024-05-03 18:50:26,032 [HandlerDaemon-2] DEBUG server.RaftServer$Division (RaftServerImpl.java:logAppendEntries(1505)) - s2@group-9EF6EF252B1E: appendEntries* s0->s2#441-t1,previous=(t:1, i:7),leaderCommit=7,initializing? false,entries: size=1, first=(t:1, i:8), METADATAENTRY(c:7)
2024-05-03 18:50:26,032 [s2-server-thread1] DEBUG server.RaftServer$Division (RaftServerImpl.java:logAppendEntries(1505)) - s2@group-9EF6EF252B1E: appendEntries* reply s0<-s2#441:OK-t1,SUCCESS,nextIndex=9,followerCommit=7,matchIndex=8
2024-05-03 18:50:26,040 [main] DEBUG client.RaftClient (RaftClientImpl.java:add(146)) - client-138B7AB9D496: add replied callId 437
2024-05-03 18:50:26,041 [main] DEBUG client.RaftClient (RaftClientImpl.java:get(158)) - client-138B7AB9D496: get 442 returns [437]
2024-05-03 18:50:26,041 [main] DEBUG client.RaftClient (RaftClientImpl.java:newRequest(95)) - attempt #1, newRequest RaftClientRequest:client-138B7AB9D496->s0@group-9EF6EF252B1E, cid=442, seq=null, RW, m4
2024-05-03 18:50:26,041 [s0-client-thread1] DEBUG server.RaftServer$Division (RaftServerImpl.java:submitClientRequestAsync(889)) - s0@group-9EF6EF252B1E: receive client request(RaftClientRequest:client-138B7AB9D496->s0@group-9EF6EF252B1E, cid=442, seq=null, RW, m4)
2024-05-03 18:50:26,041 [s0-client-thread1] DEBUG server.RaftServer$Division (LeaderStateImpl.java:addPendingRequest(530)) - s0@group-9EF6EF252B1E-LeaderStateImpl: addPendingRequest at RaftClientRequest:client-138B7AB9D496->s0@group-9EF6EF252B1E, cid=442, seq=null, RW, m4, entry=(t:1, i:9), STATEMACHINELOGENTRY, WRITE: logData.size=2, stateMachineData.size=0, logEntryProtoSerializedSize=0
2024-05-03 18:50:26,046 [HandlerDaemon-0] DEBUG server.RaftServer$Division (RaftServerImpl.java:logAppendEntries(1505)) - s1@group-9EF6EF252B1E: appendEntries* s0->s1#443-t1,previous=(t:1, i:8),leaderCommit=8,initializing? false,entries: size=1, first=(t:1, i:9), STATEMACHINELOGENTRY, StateMachineLogEntryProto:442@client-138B7AB9D496
2024-05-03 18:50:26,046 [s1-server-thread1] DEBUG server.RaftServer$Division (RaftServerImpl.java:logAppendEntries(1505)) - s1@group-9EF6EF252B1E: appendEntries* reply s0<-s1#443:OK-t1,SUCCESS,nextIndex=10,followerCommit=8,matchIndex=9
2024-05-03 18:50:26,047 [HandlerDaemon-0] DEBUG server.RaftServer$Division (RaftServerImpl.java:logAppendEntries(1505)) - s2@group-9EF6EF252B1E: appendEntries* s0->s2#444-t1,previous=(t:1, i:8),leaderCommit=8,initializing? false,entries: size=1, first=(t:1, i:9), STATEMACHINELOGENTRY, StateMachineLogEntryProto:442@client-138B7AB9D496
2024-05-03 18:50:26,047 [s2-server-thread1] DEBUG server.RaftServer$Division (RaftServerImpl.java:logAppendEntries(1505)) - s2@group-9EF6EF252B1E: appendEntries* reply s0<-s2#444:OK-t1,SUCCESS,nextIndex=10,followerCommit=8,matchIndex=9
2024-05-03 18:50:26,064 [HandlerDaemon-1] DEBUG server.RaftServer$Division (RaftServerImpl.java:logAppendEntries(1505)) - s2@group-9EF6EF252B1E: appendEntries* s0->s2#445-t1,previous=(t:1, i:9),leaderCommit=9,initializing? false,entries: size=1, first=(t:1, i:10), METADATAENTRY(c:9)
2024-05-03 18:50:26,064 [s2-server-thread1] DEBUG server.RaftServer$Division (RaftServerImpl.java:logAppendEntries(1505)) - s2@group-9EF6EF252B1E: appendEntries* reply s0<-s2#445:OK-t1,SUCCESS,nextIndex=11,followerCommit=9,matchIndex=10
2024-05-03 18:50:26,066 [HandlerDaemon-1] DEBUG server.RaftServer$Division (RaftServerImpl.java:logAppendEntries(1505)) - s1@group-9EF6EF252B1E: appendEntries* s0->s1#446-t1,previous=(t:1, i:9),leaderCommit=9,initializing? false,entries: size=1, first=(t:1, i:10), METADATAENTRY(c:9)
2024-05-03 18:50:26,066 [s1-server-thread1] DEBUG server.RaftServer$Division (RaftServerImpl.java:logAppendEntries(1505)) - s1@group-9EF6EF252B1E: appendEntries* reply s0<-s1#446:OK-t1,SUCCESS,nextIndex=11,followerCommit=9,matchIndex=10
2024-05-03 18:50:26,082 [main] DEBUG client.RaftClient (RaftClientImpl.java:add(146)) - client-138B7AB9D496: add replied callId 442
2024-05-03 18:50:26,082 [main] DEBUG client.RaftClient (RaftClientImpl.java:get(158)) - client-138B7AB9D496: get 447 returns [442]
2024-05-03 18:50:26,082 [main] DEBUG client.RaftClient (RaftClientImpl.java:newRequest(95)) - attempt #1, newRequest RaftClientRequest:client-138B7AB9D496->s0@group-9EF6EF252B1E, cid=447, seq=null, RW, m5
2024-05-03 18:50:26,082 [s0-client-thread1] DEBUG server.RaftServer$Division (RaftServerImpl.java:submitClientRequestAsync(889)) - s0@group-9EF6EF252B1E: receive client request(RaftClientRequest:client-138B7AB9D496->s0@group-9EF6EF252B1E, cid=447, seq=null, RW, m5)
2024-05-03 18:50:26,083 [s0-client-thread1] DEBUG server.RaftServer$Division (LeaderStateImpl.java:addPendingRequest(530)) - s0@group-9EF6EF252B1E-LeaderStateImpl: addPendingRequest at RaftClientRequest:client-138B7AB9D496->s0@group-9EF6EF252B1E, cid=447, seq=null, RW, m5, entry=(t:1, i:11), STATEMACHINELOGENTRY, WRITE: logData.size=2, stateMachineData.size=0, logEntryProtoSerializedSize=0
2024-05-03 18:50:26,083 [HandlerDaemon-2] DEBUG server.RaftServer$Division (RaftServerImpl.java:logAppendEntries(1505)) - s2@group-9EF6EF252B1E: appendEntries* s0->s2#448-t1,previous=(t:1, i:10),leaderCommit=10,initializing? false,entries: size=1, first=(t:1, i:11), STATEMACHINELOGENTRY, StateMachineLogEntryProto:447@client-138B7AB9D496
2024-05-03 18:50:26,083 [s2-server-thread1] DEBUG server.RaftServer$Division (RaftServerImpl.java:logAppendEntries(1505)) - s2@group-9EF6EF252B1E: appendEntries* reply s0<-s2#448:OK-t1,SUCCESS,nextIndex=12,followerCommit=10,matchIndex=11
2024-05-03 18:50:26,085 [HandlerDaemon-2] DEBUG server.RaftServer$Division (RaftServerImpl.java:logAppendEntries(1505)) - s1@group-9EF6EF252B1E: appendEntries* s0->s1#449-t1,previous=(t:1, i:10),leaderCommit=10,initializing? false,entries: size=1, first=(t:1, i:11), STATEMACHINELOGENTRY, StateMachineLogEntryProto:447@client-138B7AB9D496
2024-05-03 18:50:26,085 [s1-server-thread1] DEBUG server.RaftServer$Division (RaftServerImpl.java:logAppendEntries(1505)) - s1@group-9EF6EF252B1E: appendEntries* reply s0<-s1#449:OK-t1,SUCCESS,nextIndex=12,followerCommit=10,matchIndex=11
2024-05-03 18:50:26,095 [HandlerDaemon-0] DEBUG server.RaftServer$Division (RaftServerImpl.java:logAppendEntries(1505)) - s1@group-9EF6EF252B1E: appendEntries* s0->s1#450-t1,previous=(t:1, i:11),leaderCommit=11,initializing? false,entries: size=1, first=(t:1, i:12), METADATAENTRY(c:11)
2024-05-03 18:50:26,096 [HandlerDaemon-0] DEBUG server.RaftServer$Division (RaftServerImpl.java:logAppendEntries(1505)) - s2@group-9EF6EF252B1E: appendEntries* s0->s2#451-t1,previous=(t:1, i:11),leaderCommit=11,initializing? false,entries: size=1, first=(t:1, i:12), METADATAENTRY(c:11)
2024-05-03 18:50:26,096 [s2-server-thread1] DEBUG server.RaftServer$Division (RaftServerImpl.java:logAppendEntries(1505)) - s2@group-9EF6EF252B1E: appendEntries* reply s0<-s2#451:OK-t1,SUCCESS,nextIndex=13,followerCommit=11,matchIndex=12
2024-05-03 18:50:26,096 [s1-server-thread1] DEBUG server.RaftServer$Division (RaftServerImpl.java:logAppendEntries(1505)) - s1@group-9EF6EF252B1E: appendEntries* reply s0<-s1#450:OK-t1,SUCCESS,nextIndex=13,followerCommit=11,matchIndex=12
2024-05-03 18:50:26,114 [main] DEBUG client.RaftClient (RaftClientImpl.java:add(146)) - client-138B7AB9D496: add replied callId 447
2024-05-03 18:50:26,114 [main] DEBUG client.RaftClient (RaftClientImpl.java:get(158)) - client-138B7AB9D496: get 452 returns [447]
2024-05-03 18:50:26,115 [main] DEBUG client.RaftClient (RaftClientImpl.java:newRequest(95)) - attempt #1, newRequest RaftClientRequest:client-138B7AB9D496->s0@group-9EF6EF252B1E, cid=452, seq=null, RW, m6
2024-05-03 18:50:26,115 [s0-client-thread1] DEBUG server.RaftServer$Division (RaftServerImpl.java:submitClientRequestAsync(889)) - s0@group-9EF6EF252B1E: receive client request(RaftClientRequest:client-138B7AB9D496->s0@group-9EF6EF252B1E, cid=452, seq=null, RW, m6)
2024-05-03 18:50:26,115 [s0-client-thread1] DEBUG server.RaftServer$Division (LeaderStateImpl.java:addPendingRequest(530)) - s0@group-9EF6EF252B1E-LeaderStateImpl: addPendingRequest at RaftClientRequest:client-138B7AB9D496->s0@group-9EF6EF252B1E, cid=452, seq=null, RW, m6, entry=(t:1, i:13), STATEMACHINELOGENTRY, WRITE: logData.size=2, stateMachineData.size=0, logEntryProtoSerializedSize=0
2024-05-03 18:50:26,115 [HandlerDaemon-1] DEBUG server.RaftServer$Division (RaftServerImpl.java:logAppendEntries(1505)) - s2@group-9EF6EF252B1E: appendEntries* s0->s2#453-t1,previous=(t:1, i:12),leaderCommit=12,initializing? false,entries: size=1, first=(t:1, i:13), STATEMACHINELOGENTRY, StateMachineLogEntryProto:452@client-138B7AB9D496
2024-05-03 18:50:26,115 [HandlerDaemon-1] DEBUG server.RaftServer$Division (RaftServerImpl.java:logAppendEntries(1505)) - s1@group-9EF6EF252B1E: appendEntries* s0->s1#454-t1,previous=(t:1, i:12),leaderCommit=12,initializing? false,entries: size=1, first=(t:1, i:13), STATEMACHINELOGENTRY, StateMachineLogEntryProto:452@client-138B7AB9D496
2024-05-03 18:50:26,115 [s2-server-thread1] DEBUG server.RaftServer$Division (RaftServerImpl.java:logAppendEntries(1505)) - s2@group-9EF6EF252B1E: appendEntries* reply s0<-s2#453:OK-t1,SUCCESS,nextIndex=14,followerCommit=12,matchIndex=13
2024-05-03 18:50:26,116 [s1-server-thread1] DEBUG server.RaftServer$Division (RaftServerImpl.java:logAppendEntries(1505)) - s1@group-9EF6EF252B1E: appendEntries* reply s0<-s1#454:OK-t1,SUCCESS,nextIndex=14,followerCommit=12,matchIndex=13
2024-05-03 18:50:26,126 [HandlerDaemon-2] DEBUG server.RaftServer$Division (RaftServerImpl.java:logAppendEntries(1505)) - s2@group-9EF6EF252B1E: appendEntries* s0->s2#455-t1,previous=(t:1, i:13),leaderCommit=13,initializing? false,entries: size=1, first=(t:1, i:14), METADATAENTRY(c:13)
2024-05-03 18:50:26,126 [s2-server-thread1] DEBUG server.RaftServer$Division (RaftServerImpl.java:logAppendEntries(1505)) - s2@group-9EF6EF252B1E: appendEntries* reply s0<-s2#455:OK-t1,SUCCESS,nextIndex=15,followerCommit=13,matchIndex=14
2024-05-03 18:50:26,133 [HandlerDaemon-2] DEBUG server.RaftServer$Division (RaftServerImpl.java:logAppendEntries(1505)) - s1@group-9EF6EF252B1E: appendEntries* s0->s1#456-t1,previous=(t:1, i:13),leaderCommit=13,initializing? false,entries: size=1, first=(t:1, i:14), METADATAENTRY(c:13)
2024-05-03 18:50:26,133 [s1-server-thread1] DEBUG server.RaftServer$Division (RaftServerImpl.java:logAppendEntries(1505)) - s1@group-9EF6EF252B1E: appendEntries* reply s0<-s1#456:OK-t1,SUCCESS,nextIndex=15,followerCommit=13,matchIndex=14
2024-05-03 18:50:26,140 [main] DEBUG client.RaftClient (RaftClientImpl.java:add(146)) - client-138B7AB9D496: add replied callId 452
2024-05-03 18:50:26,140 [main] DEBUG client.RaftClient (RaftClientImpl.java:get(158)) - client-138B7AB9D496: get 457 returns [452]
2024-05-03 18:50:26,140 [main] DEBUG client.RaftClient (RaftClientImpl.java:newRequest(95)) - attempt #1, newRequest RaftClientRequest:client-138B7AB9D496->s0@group-9EF6EF252B1E, cid=457, seq=null, RW, m7
2024-05-03 18:50:26,140 [s0-client-thread1] DEBUG server.RaftServer$Division (RaftServerImpl.java:submitClientRequestAsync(889)) - s0@group-9EF6EF252B1E: receive client request(RaftClientRequest:client-138B7AB9D496->s0@group-9EF6EF252B1E, cid=457, seq=null, RW, m7)
2024-05-03 18:50:26,141 [s0-client-thread1] DEBUG server.RaftServer$Division (LeaderStateImpl.java:addPendingRequest(530)) - s0@group-9EF6EF252B1E-LeaderStateImpl: addPendingRequest at RaftClientRequest:client-138B7AB9D496->s0@group-9EF6EF252B1E, cid=457, seq=null, RW, m7, entry=(t:1, i:15), STATEMACHINELOGENTRY, WRITE: logData.size=2, stateMachineData.size=0, logEntryProtoSerializedSize=0
2024-05-03 18:50:26,144 [HandlerDaemon-0] DEBUG server.RaftServer$Division (RaftServerImpl.java:logAppendEntries(1505)) - s1@group-9EF6EF252B1E: appendEntries* s0->s1#458-t1,previous=(t:1, i:14),leaderCommit=14,initializing? false,entries: size=1, first=(t:1, i:15), STATEMACHINELOGENTRY, StateMachineLogEntryProto:457@client-138B7AB9D496
2024-05-03 18:50:26,144 [s1-server-thread1] DEBUG server.RaftServer$Division (RaftServerImpl.java:logAppendEntries(1505)) - s1@group-9EF6EF252B1E: appendEntries* reply s0<-s1#458:OK-t1,SUCCESS,nextIndex=16,followerCommit=14,matchIndex=15
2024-05-03 18:50:26,145 [HandlerDaemon-0] DEBUG server.RaftServer$Division (RaftServerImpl.java:logAppendEntries(1505)) - s2@group-9EF6EF252B1E: appendEntries* s0->s2#459-t1,previous=(t:1, i:14),leaderCommit=14,initializing? false,entries: size=1, first=(t:1, i:15), STATEMACHINELOGENTRY, StateMachineLogEntryProto:457@client-138B7AB9D496
2024-05-03 18:50:26,146 [s2-server-thread1] DEBUG server.RaftServer$Division (RaftServerImpl.java:logAppendEntries(1505)) - s2@group-9EF6EF252B1E: appendEntries* reply s0<-s2#459:OK-t1,SUCCESS,nextIndex=16,followerCommit=14,matchIndex=15
2024-05-03 18:50:26,155 [HandlerDaemon-1] DEBUG server.RaftServer$Division (RaftServerImpl.java:logAppendEntries(1505)) - s1@group-9EF6EF252B1E: appendEntries* s0->s1#460-t1,previous=(t:1, i:15),leaderCommit=15,initializing? false,entries: size=1, first=(t:1, i:16), METADATAENTRY(c:15)
2024-05-03 18:50:26,155 [s1-server-thread1] DEBUG server.RaftServer$Division (RaftServerImpl.java:logAppendEntries(1505)) - s1@group-9EF6EF252B1E: appendEntries* reply s0<-s1#460:OK-t1,SUCCESS,nextIndex=17,followerCommit=15,matchIndex=16
2024-05-03 18:50:26,160 [HandlerDaemon-1] DEBUG server.RaftServer$Division (RaftServerImpl.java:logAppendEntries(1505)) - s2@group-9EF6EF252B1E: appendEntries* s0->s2#461-t1,previous=(t:1, i:15),leaderCommit=15,initializing? false,entries: size=1, first=(t:1, i:16), METADATAENTRY(c:15)
2024-05-03 18:50:26,160 [s2-server-thread1] DEBUG server.RaftServer$Division (RaftServerImpl.java:logAppendEntries(1505)) - s2@group-9EF6EF252B1E: appendEntries* reply s0<-s2#461:OK-t1,SUCCESS,nextIndex=17,followerCommit=15,matchIndex=16
2024-05-03 18:50:26,172 [main] DEBUG client.RaftClient (RaftClientImpl.java:add(146)) - client-138B7AB9D496: add replied callId 457
2024-05-03 18:50:26,172 [main] DEBUG client.RaftClient (RaftClientImpl.java:get(158)) - client-138B7AB9D496: get 462 returns [457]
2024-05-03 18:50:26,172 [main] DEBUG client.RaftClient (RaftClientImpl.java:newRequest(95)) - attempt #1, newRequest RaftClientRequest:client-138B7AB9D496->s0@group-9EF6EF252B1E, cid=462, seq=null, RW, m8
2024-05-03 18:50:26,173 [s0-client-thread1] DEBUG server.RaftServer$Division (RaftServerImpl.java:submitClientRequestAsync(889)) - s0@group-9EF6EF252B1E: receive client request(RaftClientRequest:client-138B7AB9D496->s0@group-9EF6EF252B1E, cid=462, seq=null, RW, m8)
2024-05-03 18:50:26,173 [s0-client-thread1] DEBUG server.RaftServer$Division (LeaderStateImpl.java:addPendingRequest(530)) - s0@group-9EF6EF252B1E-LeaderStateImpl: addPendingRequest at RaftClientRequest:client-138B7AB9D496->s0@group-9EF6EF252B1E, cid=462, seq=null, RW, m8, entry=(t:1, i:17), STATEMACHINELOGENTRY, WRITE: logData.size=2, stateMachineData.size=0, logEntryProtoSerializedSize=0
2024-05-03 18:50:26,173 [HandlerDaemon-2] DEBUG server.RaftServer$Division (RaftServerImpl.java:logAppendEntries(1505)) - s2@group-9EF6EF252B1E: appendEntries* s0->s2#464-t1,previous=(t:1, i:16),leaderCommit=16,initializing? false,entries: size=1, first=(t:1, i:17), STATEMACHINELOGENTRY, StateMachineLogEntryProto:462@client-138B7AB9D496
2024-05-03 18:50:26,173 [HandlerDaemon-2] DEBUG server.RaftServer$Division (RaftServerImpl.java:logAppendEntries(1505)) - s1@group-9EF6EF252B1E: appendEntries* s0->s1#463-t1,previous=(t:1, i:16),leaderCommit=16,initializing? false,entries: size=1, first=(t:1, i:17), STATEMACHINELOGENTRY, StateMachineLogEntryProto:462@client-138B7AB9D496
2024-05-03 18:50:26,173 [s2-server-thread1] DEBUG server.RaftServer$Division (RaftServerImpl.java:logAppendEntries(1505)) - s2@group-9EF6EF252B1E: appendEntries* reply s0<-s2#464:OK-t1,SUCCESS,nextIndex=18,followerCommit=16,matchIndex=17
2024-05-03 18:50:26,173 [s1-server-thread1] DEBUG server.RaftServer$Division (RaftServerImpl.java:logAppendEntries(1505)) - s1@group-9EF6EF252B1E: appendEntries* reply s0<-s1#463:OK-t1,SUCCESS,nextIndex=18,followerCommit=16,matchIndex=17
2024-05-03 18:50:26,185 [HandlerDaemon-0] DEBUG server.RaftServer$Division (RaftServerImpl.java:logAppendEntries(1505)) - s2@group-9EF6EF252B1E: appendEntries* s0->s2#465-t1,previous=(t:1, i:17),leaderCommit=17,initializing? false,entries: size=1, first=(t:1, i:18), METADATAENTRY(c:17)
2024-05-03 18:50:26,185 [s2-server-thread1] DEBUG server.RaftServer$Division (RaftServerImpl.java:logAppendEntries(1505)) - s2@group-9EF6EF252B1E: appendEntries* reply s0<-s2#465:OK-t1,SUCCESS,nextIndex=19,followerCommit=17,matchIndex=18
2024-05-03 18:50:26,190 [HandlerDaemon-0] DEBUG server.RaftServer$Division (RaftServerImpl.java:logAppendEntries(1505)) - s1@group-9EF6EF252B1E: appendEntries* s0->s1#466-t1,previous=(t:1, i:17),leaderCommit=17,initializing? false,entries: size=1, first=(t:1, i:18), METADATAENTRY(c:17)
2024-05-03 18:50:26,190 [s1-server-thread1] DEBUG server.RaftServer$Division (RaftServerImpl.java:logAppendEntries(1505)) - s1@group-9EF6EF252B1E: appendEntries* reply s0<-s1#466:OK-t1,SUCCESS,nextIndex=19,followerCommit=17,matchIndex=18
2024-05-03 18:50:26,201 [main] DEBUG client.RaftClient (RaftClientImpl.java:add(146)) - client-138B7AB9D496: add replied callId 462
2024-05-03 18:50:26,201 [main] DEBUG client.RaftClient (RaftClientImpl.java:get(158)) - client-138B7AB9D496: get 467 returns [462]
2024-05-03 18:50:26,201 [main] DEBUG client.RaftClient (RaftClientImpl.java:newRequest(95)) - attempt #1, newRequest RaftClientRequest:client-138B7AB9D496->s0@group-9EF6EF252B1E, cid=467, seq=null, RW, m9
2024-05-03 18:50:26,201 [s0-client-thread1] DEBUG server.RaftServer$Division (RaftServerImpl.java:submitClientRequestAsync(889)) - s0@group-9EF6EF252B1E: receive client request(RaftClientRequest:client-138B7AB9D496->s0@group-9EF6EF252B1E, cid=467, seq=null, RW, m9)
2024-05-03 18:50:26,202 [s0-client-thread1] DEBUG server.RaftServer$Division (LeaderStateImpl.java:addPendingRequest(530)) - s0@group-9EF6EF252B1E-LeaderStateImpl: addPendingRequest at RaftClientRequest:client-138B7AB9D496->s0@group-9EF6EF252B1E, cid=467, seq=null, RW, m9, entry=(t:1, i:19), STATEMACHINELOGENTRY, WRITE: logData.size=2, stateMachineData.size=0, logEntryProtoSerializedSize=0
2024-05-03 18:50:26,204 [HandlerDaemon-1] DEBUG server.RaftServer$Division (RaftServerImpl.java:logAppendEntries(1505)) - s2@group-9EF6EF252B1E: appendEntries* s0->s2#468-t1,previous=(t:1, i:18),leaderCommit=18,initializing? false,entries: size=1, first=(t:1, i:19), STATEMACHINELOGENTRY, StateMachineLogEntryProto:467@client-138B7AB9D496
2024-05-03 18:50:26,204 [s2-server-thread1] DEBUG server.RaftServer$Division (RaftServerImpl.java:logAppendEntries(1505)) - s2@group-9EF6EF252B1E: appendEntries* reply s0<-s2#468:OK-t1,SUCCESS,nextIndex=20,followerCommit=18,matchIndex=19
2024-05-03 18:50:26,206 [HandlerDaemon-1] DEBUG server.RaftServer$Division (RaftServerImpl.java:logAppendEntries(1505)) - s1@group-9EF6EF252B1E: appendEntries* s0->s1#469-t1,previous=(t:1, i:18),leaderCommit=18,initializing? false,entries: size=1, first=(t:1, i:19), STATEMACHINELOGENTRY, StateMachineLogEntryProto:467@client-138B7AB9D496
2024-05-03 18:50:26,207 [s1-server-thread1] DEBUG server.RaftServer$Division (RaftServerImpl.java:logAppendEntries(1505)) - s1@group-9EF6EF252B1E: appendEntries* reply s0<-s1#469:OK-t1,SUCCESS,nextIndex=20,followerCommit=18,matchIndex=19
2024-05-03 18:50:26,218 [HandlerDaemon-2] DEBUG server.RaftServer$Division (RaftServerImpl.java:logAppendEntries(1505)) - s1@group-9EF6EF252B1E: appendEntries* s0->s1#470-t1,previous=(t:1, i:19),leaderCommit=19,initializing? false,entries: size=1, first=(t:1, i:20), METADATAENTRY(c:19)
2024-05-03 18:50:26,218 [s1-server-thread1] DEBUG server.RaftServer$Division (RaftServerImpl.java:logAppendEntries(1505)) - s1@group-9EF6EF252B1E: appendEntries* reply s0<-s1#470:OK-t1,SUCCESS,nextIndex=21,followerCommit=19,matchIndex=20
2024-05-03 18:50:26,222 [HandlerDaemon-2] DEBUG server.RaftServer$Division (RaftServerImpl.java:logAppendEntries(1505)) - s2@group-9EF6EF252B1E: appendEntries* s0->s2#471-t1,previous=(t:1, i:19),leaderCommit=19,initializing? false,entries: size=1, first=(t:1, i:20), METADATAENTRY(c:19)
2024-05-03 18:50:26,222 [s2-server-thread1] DEBUG server.RaftServer$Division (RaftServerImpl.java:logAppendEntries(1505)) - s2@group-9EF6EF252B1E: appendEntries* reply s0<-s2#471:OK-t1,SUCCESS,nextIndex=21,followerCommit=19,matchIndex=20
2024-05-03 18:50:26,229 [main] DEBUG client.RaftClient (RaftClientImpl.java:add(146)) - client-138B7AB9D496: add replied callId 467
2024-05-03 18:50:26,229 [main] DEBUG client.RaftClient (RaftClientImpl.java:get(158)) - client-138B7AB9D496: get 472 returns [467]
2024-05-03 18:50:26,229 [main] DEBUG client.RaftClient (RaftClientImpl.java:newRequest(95)) - attempt #1, newRequest RaftClientRequest:client-138B7AB9D496->s0@group-9EF6EF252B1E, cid=472, seq=null, RW, m10
2024-05-03 18:50:26,229 [s0-client-thread1] DEBUG server.RaftServer$Division (RaftServerImpl.java:submitClientRequestAsync(889)) - s0@group-9EF6EF252B1E: receive client request(RaftClientRequest:client-138B7AB9D496->s0@group-9EF6EF252B1E, cid=472, seq=null, RW, m10)
2024-05-03 18:50:26,230 [s0-client-thread1] DEBUG server.RaftServer$Division (LeaderStateImpl.java:addPendingRequest(530)) - s0@group-9EF6EF252B1E-LeaderStateImpl: addPendingRequest at RaftClientRequest:client-138B7AB9D496->s0@group-9EF6EF252B1E, cid=472, seq=null, RW, m10, entry=(t:1, i:21), STATEMACHINELOGENTRY, WRITE: logData.size=3, stateMachineData.size=0, logEntryProtoSerializedSize=0
2024-05-03 18:50:26,232 [HandlerDaemon-0] DEBUG server.RaftServer$Division (RaftServerImpl.java:logAppendEntries(1505)) - s1@group-9EF6EF252B1E: appendEntries* s0->s1#473-t1,previous=(t:1, i:20),leaderCommit=20,initializing? false,entries: size=1, first=(t:1, i:21), STATEMACHINELOGENTRY, StateMachineLogEntryProto:472@client-138B7AB9D496
2024-05-03 18:50:26,232 [s1-server-thread1] DEBUG server.RaftServer$Division (RaftServerImpl.java:logAppendEntries(1505)) - s1@group-9EF6EF252B1E: appendEntries* reply s0<-s1#473:OK-t1,SUCCESS,nextIndex=22,followerCommit=20,matchIndex=21
2024-05-03 18:50:26,233 [HandlerDaemon-0] DEBUG server.RaftServer$Division (RaftServerImpl.java:logAppendEntries(1505)) - s2@group-9EF6EF252B1E: appendEntries* s0->s2#474-t1,previous=(t:1, i:20),leaderCommit=20,initializing? false,entries: size=1, first=(t:1, i:21), STATEMACHINELOGENTRY, StateMachineLogEntryProto:472@client-138B7AB9D496
2024-05-03 18:50:26,233 [s2-server-thread1] DEBUG server.RaftServer$Division (RaftServerImpl.java:logAppendEntries(1505)) - s2@group-9EF6EF252B1E: appendEntries* reply s0<-s2#474:OK-t1,SUCCESS,nextIndex=22,followerCommit=20,matchIndex=21
2024-05-03 18:50:26,246 [HandlerDaemon-1] DEBUG server.RaftServer$Division (RaftServerImpl.java:logAppendEntries(1505)) - s2@group-9EF6EF252B1E: appendEntries* s0->s2#475-t1,previous=(t:1, i:21),leaderCommit=21,initializing? false,entries: size=1, first=(t:1, i:22), METADATAENTRY(c:21)
2024-05-03 18:50:26,247 [s2-server-thread1] DEBUG server.RaftServer$Division (RaftServerImpl.java:logAppendEntries(1505)) - s2@group-9EF6EF252B1E: appendEntries* reply s0<-s2#475:OK-t1,SUCCESS,nextIndex=23,followerCommit=21,matchIndex=22
2024-05-03 18:50:26,248 [HandlerDaemon-1] DEBUG server.RaftServer$Division (RaftServerImpl.java:logAppendEntries(1505)) - s1@group-9EF6EF252B1E: appendEntries* s0->s1#476-t1,previous=(t:1, i:21),leaderCommit=21,initializing? false,entries: size=1, first=(t:1, i:22), METADATAENTRY(c:21)
2024-05-03 18:50:26,248 [s1-server-thread1] DEBUG server.RaftServer$Division (RaftServerImpl.java:logAppendEntries(1505)) - s1@group-9EF6EF252B1E: appendEntries* reply s0<-s1#476:OK-t1,SUCCESS,nextIndex=23,followerCommit=21,matchIndex=22
2024-05-03 18:50:26,256 [main] DEBUG client.RaftClient (RaftClientImpl.java:add(146)) - client-138B7AB9D496: add replied callId 472
2024-05-03 18:50:26,257 [main] DEBUG client.RaftClient (RaftClientImpl.java:get(158)) - client-138B7AB9D496: get 477 returns [472]
2024-05-03 18:50:26,257 [main] DEBUG client.RaftClient (RaftClientImpl.java:newRequest(95)) - attempt #1, newRequest RaftClientRequest:client-138B7AB9D496->s0@group-9EF6EF252B1E, cid=477, seq=null, RW, m11
2024-05-03 18:50:26,257 [s0-client-thread1] DEBUG server.RaftServer$Division (RaftServerImpl.java:submitClientRequestAsync(889)) - s0@group-9EF6EF252B1E: receive client request(RaftClientRequest:client-138B7AB9D496->s0@group-9EF6EF252B1E, cid=477, seq=null, RW, m11)
2024-05-03 18:50:26,257 [s0-client-thread1] DEBUG server.RaftServer$Division (LeaderStateImpl.java:addPendingRequest(530)) - s0@group-9EF6EF252B1E-LeaderStateImpl: addPendingRequest at RaftClientRequest:client-138B7AB9D496->s0@group-9EF6EF252B1E, cid=477, seq=null, RW, m11, entry=(t:1, i:23), STATEMACHINELOGENTRY, WRITE: logData.size=3, stateMachineData.size=0, logEntryProtoSerializedSize=0
2024-05-03 18:50:26,258 [HandlerDaemon-2] DEBUG server.RaftServer$Division (RaftServerImpl.java:logAppendEntries(1505)) - s2@group-9EF6EF252B1E: appendEntries* s0->s2#478-t1,previous=(t:1, i:22),leaderCommit=22,initializing? false,entries: size=1, first=(t:1, i:23), STATEMACHINELOGENTRY, StateMachineLogEntryProto:477@client-138B7AB9D496
2024-05-03 18:50:26,258 [s2-server-thread1] DEBUG server.RaftServer$Division (RaftServerImpl.java:logAppendEntries(1505)) - s2@group-9EF6EF252B1E: appendEntries* reply s0<-s2#478:OK-t1,SUCCESS,nextIndex=24,followerCommit=22,matchIndex=23
2024-05-03 18:50:26,266 [HandlerDaemon-2] DEBUG server.RaftServer$Division (RaftServerImpl.java:logAppendEntries(1505)) - s1@group-9EF6EF252B1E: appendEntries* s0->s1#479-t1,previous=(t:1, i:22),leaderCommit=22,initializing? false,entries: size=1, first=(t:1, i:23), STATEMACHINELOGENTRY, StateMachineLogEntryProto:477@client-138B7AB9D496
2024-05-03 18:50:26,266 [s1-server-thread1] DEBUG server.RaftServer$Division (RaftServerImpl.java:logAppendEntries(1505)) - s1@group-9EF6EF252B1E: appendEntries* reply s0<-s1#479:OK-t1,SUCCESS,nextIndex=24,followerCommit=22,matchIndex=23
2024-05-03 18:50:26,276 [HandlerDaemon-0] DEBUG server.RaftServer$Division (RaftServerImpl.java:logAppendEntries(1505)) - s2@group-9EF6EF252B1E: appendEntries* s0->s2#480-t1,previous=(t:1, i:23),leaderCommit=23,initializing? false,entries: size=1, first=(t:1, i:24), METADATAENTRY(c:23)
2024-05-03 18:50:26,276 [s2-server-thread1] DEBUG server.RaftServer$Division (RaftServerImpl.java:logAppendEntries(1505)) - s2@group-9EF6EF252B1E: appendEntries* reply s0<-s2#480:OK-t1,SUCCESS,nextIndex=25,followerCommit=23,matchIndex=24
2024-05-03 18:50:26,285 [HandlerDaemon-0] DEBUG server.RaftServer$Division (RaftServerImpl.java:logAppendEntries(1505)) - s1@group-9EF6EF252B1E: appendEntries* s0->s1#481-t1,previous=(t:1, i:23),leaderCommit=23,initializing? false,entries: size=1, first=(t:1, i:24), METADATAENTRY(c:23)
2024-05-03 18:50:26,285 [s1-server-thread1] DEBUG server.RaftServer$Division (RaftServerImpl.java:logAppendEntries(1505)) - s1@group-9EF6EF252B1E: appendEntries* reply s0<-s1#481:OK-t1,SUCCESS,nextIndex=25,followerCommit=23,matchIndex=24
2024-05-03 18:50:26,293 [main] DEBUG client.RaftClient (RaftClientImpl.java:add(146)) - client-138B7AB9D496: add replied callId 477
2024-05-03 18:50:26,293 [main] DEBUG client.RaftClient (RaftClientImpl.java:get(158)) - client-138B7AB9D496: get 482 returns [477]
2024-05-03 18:50:26,293 [main] DEBUG client.RaftClient (RaftClientImpl.java:newRequest(95)) - attempt #1, newRequest RaftClientRequest:client-138B7AB9D496->s0@group-9EF6EF252B1E, cid=482, seq=null, RW, m12
2024-05-03 18:50:26,293 [s0-client-thread1] DEBUG server.RaftServer$Division (RaftServerImpl.java:submitClientRequestAsync(889)) - s0@group-9EF6EF252B1E: receive client request(RaftClientRequest:client-138B7AB9D496->s0@group-9EF6EF252B1E, cid=482, seq=null, RW, m12)
2024-05-03 18:50:26,293 [s0-client-thread1] DEBUG server.RaftServer$Division (LeaderStateImpl.java:addPendingRequest(530)) - s0@group-9EF6EF252B1E-LeaderStateImpl: addPendingRequest at RaftClientRequest:client-138B7AB9D496->s0@group-9EF6EF252B1E, cid=482, seq=null, RW, m12, entry=(t:1, i:25), STATEMACHINELOGENTRY, WRITE: logData.size=3, stateMachineData.size=0, logEntryProtoSerializedSize=0
2024-05-03 18:50:26,294 [HandlerDaemon-1] DEBUG server.RaftServer$Division (RaftServerImpl.java:logAppendEntries(1505)) - s2@group-9EF6EF252B1E: appendEntries* s0->s2#483-t1,previous=(t:1, i:24),leaderCommit=24,initializing? false,entries: size=1, first=(t:1, i:25), STATEMACHINELOGENTRY, StateMachineLogEntryProto:482@client-138B7AB9D496
2024-05-03 18:50:26,294 [s2-server-thread1] DEBUG server.RaftServer$Division (RaftServerImpl.java:logAppendEntries(1505)) - s2@group-9EF6EF252B1E: appendEntries* reply s0<-s2#483:OK-t1,SUCCESS,nextIndex=26,followerCommit=24,matchIndex=25
2024-05-03 18:50:26,298 [HandlerDaemon-1] DEBUG server.RaftServer$Division (RaftServerImpl.java:logAppendEntries(1505)) - s1@group-9EF6EF252B1E: appendEntries* s0->s1#484-t1,previous=(t:1, i:24),leaderCommit=24,initializing? false,entries: size=1, first=(t:1, i:25), STATEMACHINELOGENTRY, StateMachineLogEntryProto:482@client-138B7AB9D496
2024-05-03 18:50:26,298 [s1-server-thread1] DEBUG server.RaftServer$Division (RaftServerImpl.java:logAppendEntries(1505)) - s1@group-9EF6EF252B1E: appendEntries* reply s0<-s1#484:OK-t1,SUCCESS,nextIndex=26,followerCommit=24,matchIndex=25
2024-05-03 18:50:26,313 [HandlerDaemon-2] DEBUG server.RaftServer$Division (RaftServerImpl.java:logAppendEntries(1505)) - s2@group-9EF6EF252B1E: appendEntries* s0->s2#485-t1,previous=(t:1, i:25),leaderCommit=25,initializing? false,entries: size=1, first=(t:1, i:26), METADATAENTRY(c:25)
2024-05-03 18:50:26,313 [s2-server-thread1] DEBUG server.RaftServer$Division (RaftServerImpl.java:logAppendEntries(1505)) - s2@group-9EF6EF252B1E: appendEntries* reply s0<-s2#485:OK-t1,SUCCESS,nextIndex=27,followerCommit=25,matchIndex=26
2024-05-03 18:50:26,316 [HandlerDaemon-2] DEBUG server.RaftServer$Division (RaftServerImpl.java:logAppendEntries(1505)) - s1@group-9EF6EF252B1E: appendEntries* s0->s1#486-t1,previous=(t:1, i:25),leaderCommit=25,initializing? false,entries: size=1, first=(t:1, i:26), METADATAENTRY(c:25)
2024-05-03 18:50:26,316 [s1-server-thread1] DEBUG server.RaftServer$Division (RaftServerImpl.java:logAppendEntries(1505)) - s1@group-9EF6EF252B1E: appendEntries* reply s0<-s1#486:OK-t1,SUCCESS,nextIndex=27,followerCommit=25,matchIndex=26
2024-05-03 18:50:26,326 [main] DEBUG client.RaftClient (RaftClientImpl.java:add(146)) - client-138B7AB9D496: add replied callId 482
2024-05-03 18:50:26,326 [main] DEBUG client.RaftClient (RaftClientImpl.java:get(158)) - client-138B7AB9D496: get 487 returns [482]
2024-05-03 18:50:26,327 [main] DEBUG client.RaftClient (RaftClientImpl.java:newRequest(95)) - attempt #1, newRequest RaftClientRequest:client-138B7AB9D496->s0@group-9EF6EF252B1E, cid=487, seq=null, RW, m13
2024-05-03 18:50:26,327 [s0-client-thread1] DEBUG server.RaftServer$Division (RaftServerImpl.java:submitClientRequestAsync(889)) - s0@group-9EF6EF252B1E: receive client request(RaftClientRequest:client-138B7AB9D496->s0@group-9EF6EF252B1E, cid=487, seq=null, RW, m13)
2024-05-03 18:50:26,327 [s0-client-thread1] DEBUG server.RaftServer$Division (LeaderStateImpl.java:addPendingRequest(530)) - s0@group-9EF6EF252B1E-LeaderStateImpl: addPendingRequest at RaftClientRequest:client-138B7AB9D496->s0@group-9EF6EF252B1E, cid=487, seq=null, RW, m13, entry=(t:1, i:27), STATEMACHINELOGENTRY, WRITE: logData.size=3, stateMachineData.size=0, logEntryProtoSerializedSize=0
2024-05-03 18:50:26,329 [HandlerDaemon-0] DEBUG server.RaftServer$Division (RaftServerImpl.java:logAppendEntries(1505)) - s2@group-9EF6EF252B1E: appendEntries* s0->s2#488-t1,previous=(t:1, i:26),leaderCommit=26,initializing? false,entries: size=1, first=(t:1, i:27), STATEMACHINELOGENTRY, StateMachineLogEntryProto:487@client-138B7AB9D496
2024-05-03 18:50:26,329 [s2-server-thread1] DEBUG server.RaftServer$Division (RaftServerImpl.java:logAppendEntries(1505)) - s2@group-9EF6EF252B1E: appendEntries* reply s0<-s2#488:OK-t1,SUCCESS,nextIndex=28,followerCommit=26,matchIndex=27
2024-05-03 18:50:26,331 [HandlerDaemon-0] DEBUG server.RaftServer$Division (RaftServerImpl.java:logAppendEntries(1505)) - s1@group-9EF6EF252B1E: appendEntries* s0->s1#489-t1,previous=(t:1, i:26),leaderCommit=26,initializing? false,entries: size=1, first=(t:1, i:27), STATEMACHINELOGENTRY, StateMachineLogEntryProto:487@client-138B7AB9D496
2024-05-03 18:50:26,331 [s1-server-thread1] DEBUG server.RaftServer$Division (RaftServerImpl.java:logAppendEntries(1505)) - s1@group-9EF6EF252B1E: appendEntries* reply s0<-s1#489:OK-t1,SUCCESS,nextIndex=28,followerCommit=26,matchIndex=27
2024-05-03 18:50:26,349 [HandlerDaemon-1] DEBUG server.RaftServer$Division (RaftServerImpl.java:logAppendEntries(1505)) - s2@group-9EF6EF252B1E: appendEntries* s0->s2#490-t1,previous=(t:1, i:27),leaderCommit=27,initializing? false,entries: size=1, first=(t:1, i:28), METADATAENTRY(c:27)
2024-05-03 18:50:26,349 [s2-server-thread1] DEBUG server.RaftServer$Division (RaftServerImpl.java:logAppendEntries(1505)) - s2@group-9EF6EF252B1E: appendEntries* reply s0<-s2#490:OK-t1,SUCCESS,nextIndex=29,followerCommit=27,matchIndex=28
2024-05-03 18:50:26,351 [HandlerDaemon-1] DEBUG server.RaftServer$Division (RaftServerImpl.java:logAppendEntries(1505)) - s1@group-9EF6EF252B1E: appendEntries* s0->s1#491-t1,previous=(t:1, i:27),leaderCommit=27,initializing? false,entries: size=1, first=(t:1, i:28), METADATAENTRY(c:27)
2024-05-03 18:50:26,351 [s1-server-thread1] DEBUG server.RaftServer$Division (RaftServerImpl.java:logAppendEntries(1505)) - s1@group-9EF6EF252B1E: appendEntries* reply s0<-s1#491:OK-t1,SUCCESS,nextIndex=29,followerCommit=27,matchIndex=28
2024-05-03 18:50:26,362 [main] DEBUG client.RaftClient (RaftClientImpl.java:add(146)) - client-138B7AB9D496: add replied callId 487
2024-05-03 18:50:26,362 [main] DEBUG client.RaftClient (RaftClientImpl.java:get(158)) - client-138B7AB9D496: get 492 returns [487]
2024-05-03 18:50:26,362 [main] DEBUG client.RaftClient (RaftClientImpl.java:newRequest(95)) - attempt #1, newRequest RaftClientRequest:client-138B7AB9D496->s0@group-9EF6EF252B1E, cid=492, seq=null, RW, m14
2024-05-03 18:50:26,362 [s0-client-thread1] DEBUG server.RaftServer$Division (RaftServerImpl.java:submitClientRequestAsync(889)) - s0@group-9EF6EF252B1E: receive client request(RaftClientRequest:client-138B7AB9D496->s0@group-9EF6EF252B1E, cid=492, seq=null, RW, m14)
2024-05-03 18:50:26,362 [s0-client-thread1] DEBUG server.RaftServer$Division (LeaderStateImpl.java:addPendingRequest(530)) - s0@group-9EF6EF252B1E-LeaderStateImpl: addPendingRequest at RaftClientRequest:client-138B7AB9D496->s0@group-9EF6EF252B1E, cid=492, seq=null, RW, m14, entry=(t:1, i:29), STATEMACHINELOGENTRY, WRITE: logData.size=3, stateMachineData.size=0, logEntryProtoSerializedSize=0
2024-05-03 18:50:26,368 [HandlerDaemon-2] DEBUG server.RaftServer$Division (RaftServerImpl.java:logAppendEntries(1505)) - s1@group-9EF6EF252B1E: appendEntries* s0->s1#493-t1,previous=(t:1, i:28),leaderCommit=27,initializing? false,entries: size=1, first=(t:1, i:29), STATEMACHINELOGENTRY, StateMachineLogEntryProto:492@client-138B7AB9D496
2024-05-03 18:50:26,369 [s1-server-thread1] DEBUG server.RaftServer$Division (RaftServerImpl.java:logAppendEntries(1505)) - s1@group-9EF6EF252B1E: appendEntries* reply s0<-s1#493:OK-t1,SUCCESS,nextIndex=30,followerCommit=27,matchIndex=29
2024-05-03 18:50:26,369 [HandlerDaemon-2] DEBUG server.RaftServer$Division (RaftServerImpl.java:logAppendEntries(1505)) - s2@group-9EF6EF252B1E: appendEntries* s0->s2#494-t1,previous=(t:1, i:28),leaderCommit=28,initializing? false,entries: size=1, first=(t:1, i:29), STATEMACHINELOGENTRY, StateMachineLogEntryProto:492@client-138B7AB9D496
2024-05-03 18:50:26,369 [s2-server-thread1] DEBUG server.RaftServer$Division (RaftServerImpl.java:logAppendEntries(1505)) - s2@group-9EF6EF252B1E: appendEntries* reply s0<-s2#494:OK-t1,SUCCESS,nextIndex=30,followerCommit=28,matchIndex=29
2024-05-03 18:50:26,384 [HandlerDaemon-0] DEBUG server.RaftServer$Division (RaftServerImpl.java:logAppendEntries(1505)) - s1@group-9EF6EF252B1E: appendEntries* s0->s1#495-t1,previous=(t:1, i:29),leaderCommit=29,initializing? false,entries: size=1, first=(t:1, i:30), METADATAENTRY(c:29)
2024-05-03 18:50:26,385 [s1-server-thread1] DEBUG server.RaftServer$Division (RaftServerImpl.java:logAppendEntries(1505)) - s1@group-9EF6EF252B1E: appendEntries* reply s0<-s1#495:OK-t1,SUCCESS,nextIndex=31,followerCommit=29,matchIndex=30
2024-05-03 18:50:26,386 [HandlerDaemon-0] DEBUG server.RaftServer$Division (RaftServerImpl.java:logAppendEntries(1505)) - s2@group-9EF6EF252B1E: appendEntries* s0->s2#496-t1,previous=(t:1, i:29),leaderCommit=29,initializing? false,entries: size=1, first=(t:1, i:30), METADATAENTRY(c:29)
2024-05-03 18:50:26,386 [s2-server-thread1] DEBUG server.RaftServer$Division (RaftServerImpl.java:logAppendEntries(1505)) - s2@group-9EF6EF252B1E: appendEntries* reply s0<-s2#496:OK-t1,SUCCESS,nextIndex=31,followerCommit=29,matchIndex=30
2024-05-03 18:50:26,399 [main] DEBUG client.RaftClient (RaftClientImpl.java:add(146)) - client-138B7AB9D496: add replied callId 492
2024-05-03 18:50:26,399 [main] DEBUG client.RaftClient (RaftClientImpl.java:get(158)) - client-138B7AB9D496: get 497 returns [492]
2024-05-03 18:50:26,399 [main] DEBUG client.RaftClient (RaftClientImpl.java:newRequest(95)) - attempt #1, newRequest RaftClientRequest:client-138B7AB9D496->s0@group-9EF6EF252B1E, cid=497, seq=null, RW, m15
2024-05-03 18:50:26,399 [s0-client-thread1] DEBUG server.RaftServer$Division (RaftServerImpl.java:submitClientRequestAsync(889)) - s0@group-9EF6EF252B1E: receive client request(RaftClientRequest:client-138B7AB9D496->s0@group-9EF6EF252B1E, cid=497, seq=null, RW, m15)
2024-05-03 18:50:26,400 [s0-client-thread1] DEBUG server.RaftServer$Division (LeaderStateImpl.java:addPendingRequest(530)) - s0@group-9EF6EF252B1E-LeaderStateImpl: addPendingRequest at RaftClientRequest:client-138B7AB9D496->s0@group-9EF6EF252B1E, cid=497, seq=null, RW, m15, entry=(t:1, i:31), STATEMACHINELOGENTRY, WRITE: logData.size=3, stateMachineData.size=0, logEntryProtoSerializedSize=0
2024-05-03 18:50:26,402 [HandlerDaemon-1] DEBUG server.RaftServer$Division (RaftServerImpl.java:logAppendEntries(1505)) - s1@group-9EF6EF252B1E: appendEntries* s0->s1#498-t1,previous=(t:1, i:30),leaderCommit=30,initializing? false,entries: size=1, first=(t:1, i:31), STATEMACHINELOGENTRY, StateMachineLogEntryProto:497@client-138B7AB9D496
2024-05-03 18:50:26,402 [s1-server-thread1] DEBUG server.RaftServer$Division (RaftServerImpl.java:logAppendEntries(1505)) - s1@group-9EF6EF252B1E: appendEntries* reply s0<-s1#498:OK-t1,SUCCESS,nextIndex=32,followerCommit=30,matchIndex=31
2024-05-03 18:50:26,406 [HandlerDaemon-1] DEBUG server.RaftServer$Division (RaftServerImpl.java:logAppendEntries(1505)) - s2@group-9EF6EF252B1E: appendEntries* s0->s2#499-t1,previous=(t:1, i:30),leaderCommit=30,initializing? false,entries: size=1, first=(t:1, i:31), STATEMACHINELOGENTRY, StateMachineLogEntryProto:497@client-138B7AB9D496
2024-05-03 18:50:26,406 [s2-server-thread1] DEBUG server.RaftServer$Division (RaftServerImpl.java:logAppendEntries(1505)) - s2@group-9EF6EF252B1E: appendEntries* reply s0<-s2#499:OK-t1,SUCCESS,nextIndex=32,followerCommit=30,matchIndex=31
2024-05-03 18:50:26,420 [HandlerDaemon-2] DEBUG server.RaftServer$Division (RaftServerImpl.java:logAppendEntries(1505)) - s1@group-9EF6EF252B1E: appendEntries* s0->s1#500-t1,previous=(t:1, i:31),leaderCommit=31,initializing? false,entries: size=1, first=(t:1, i:32), METADATAENTRY(c:31)
2024-05-03 18:50:26,420 [s1-server-thread1] DEBUG server.RaftServer$Division (RaftServerImpl.java:logAppendEntries(1505)) - s1@group-9EF6EF252B1E: appendEntries* reply s0<-s1#500:OK-t1,SUCCESS,nextIndex=33,followerCommit=31,matchIndex=32
2024-05-03 18:50:26,422 [HandlerDaemon-2] DEBUG server.RaftServer$Division (RaftServerImpl.java:logAppendEntries(1505)) - s2@group-9EF6EF252B1E: appendEntries* s0->s2#501-t1,previous=(t:1, i:31),leaderCommit=31,initializing? false,entries: size=1, first=(t:1, i:32), METADATAENTRY(c:31)
2024-05-03 18:50:26,423 [s2-server-thread1] DEBUG server.RaftServer$Division (RaftServerImpl.java:logAppendEntries(1505)) - s2@group-9EF6EF252B1E: appendEntries* reply s0<-s2#501:OK-t1,SUCCESS,nextIndex=33,followerCommit=31,matchIndex=32
2024-05-03 18:50:26,436 [main] DEBUG client.RaftClient (RaftClientImpl.java:add(146)) - client-138B7AB9D496: add replied callId 497
2024-05-03 18:50:26,436 [main] DEBUG client.RaftClient (RaftClientImpl.java:get(158)) - client-138B7AB9D496: get 502 returns [497]
2024-05-03 18:50:26,436 [main] DEBUG client.RaftClient (RaftClientImpl.java:newRequest(95)) - attempt #1, newRequest RaftClientRequest:client-138B7AB9D496->s0@group-9EF6EF252B1E, cid=502, seq=null, RW, m16
2024-05-03 18:50:26,436 [s0-client-thread1] DEBUG server.RaftServer$Division (RaftServerImpl.java:submitClientRequestAsync(889)) - s0@group-9EF6EF252B1E: receive client request(RaftClientRequest:client-138B7AB9D496->s0@group-9EF6EF252B1E, cid=502, seq=null, RW, m16)
2024-05-03 18:50:26,436 [s0-client-thread1] DEBUG server.RaftServer$Division (LeaderStateImpl.java:addPendingRequest(530)) - s0@group-9EF6EF252B1E-LeaderStateImpl: addPendingRequest at RaftClientRequest:client-138B7AB9D496->s0@group-9EF6EF252B1E, cid=502, seq=null, RW, m16, entry=(t:1, i:33), STATEMACHINELOGENTRY, WRITE: logData.size=3, stateMachineData.size=0, logEntryProtoSerializedSize=0
2024-05-03 18:50:26,437 [HandlerDaemon-0] DEBUG server.RaftServer$Division (RaftServerImpl.java:logAppendEntries(1505)) - s1@group-9EF6EF252B1E: appendEntries* s0->s1#503-t1,previous=(t:1, i:32),leaderCommit=32,initializing? false,entries: size=1, first=(t:1, i:33), STATEMACHINELOGENTRY, StateMachineLogEntryProto:502@client-138B7AB9D496
2024-05-03 18:50:26,437 [s1-server-thread1] DEBUG server.RaftServer$Division (RaftServerImpl.java:logAppendEntries(1505)) - s1@group-9EF6EF252B1E: appendEntries* reply s0<-s1#503:OK-t1,SUCCESS,nextIndex=34,followerCommit=32,matchIndex=33
2024-05-03 18:50:26,440 [HandlerDaemon-0] DEBUG server.RaftServer$Division (RaftServerImpl.java:logAppendEntries(1505)) - s2@group-9EF6EF252B1E: appendEntries* s0->s2#504-t1,previous=(t:1, i:32),leaderCommit=32,initializing? false,entries: size=1, first=(t:1, i:33), STATEMACHINELOGENTRY, StateMachineLogEntryProto:502@client-138B7AB9D496
2024-05-03 18:50:26,440 [s2-server-thread1] DEBUG server.RaftServer$Division (RaftServerImpl.java:logAppendEntries(1505)) - s2@group-9EF6EF252B1E: appendEntries* reply s0<-s2#504:OK-t1,SUCCESS,nextIndex=34,followerCommit=32,matchIndex=33
2024-05-03 18:50:26,451 [HandlerDaemon-1] DEBUG server.RaftServer$Division (RaftServerImpl.java:logAppendEntries(1505)) - s2@group-9EF6EF252B1E: appendEntries* s0->s2#505-t1,previous=(t:1, i:33),leaderCommit=33,initializing? false,entries: size=1, first=(t:1, i:34), METADATAENTRY(c:33)
2024-05-03 18:50:26,451 [s2-server-thread1] DEBUG server.RaftServer$Division (RaftServerImpl.java:logAppendEntries(1505)) - s2@group-9EF6EF252B1E: appendEntries* reply s0<-s2#505:OK-t1,SUCCESS,nextIndex=35,followerCommit=33,matchIndex=34
2024-05-03 18:50:26,452 [HandlerDaemon-1] DEBUG server.RaftServer$Division (RaftServerImpl.java:logAppendEntries(1505)) - s1@group-9EF6EF252B1E: appendEntries* s0->s1#506-t1,previous=(t:1, i:33),leaderCommit=33,initializing? false,entries: size=1, first=(t:1, i:34), METADATAENTRY(c:33)
2024-05-03 18:50:26,452 [s1-server-thread1] DEBUG server.RaftServer$Division (RaftServerImpl.java:logAppendEntries(1505)) - s1@group-9EF6EF252B1E: appendEntries* reply s0<-s1#506:OK-t1,SUCCESS,nextIndex=35,followerCommit=33,matchIndex=34
2024-05-03 18:50:26,463 [main] DEBUG client.RaftClient (RaftClientImpl.java:add(146)) - client-138B7AB9D496: add replied callId 502
2024-05-03 18:50:26,463 [main] DEBUG client.RaftClient (RaftClientImpl.java:get(158)) - client-138B7AB9D496: get 507 returns [502]
2024-05-03 18:50:26,463 [main] DEBUG client.RaftClient (RaftClientImpl.java:newRequest(95)) - attempt #1, newRequest RaftClientRequest:client-138B7AB9D496->s0@group-9EF6EF252B1E, cid=507, seq=null, RW, m17
2024-05-03 18:50:26,463 [s0-client-thread1] DEBUG server.RaftServer$Division (RaftServerImpl.java:submitClientRequestAsync(889)) - s0@group-9EF6EF252B1E: receive client request(RaftClientRequest:client-138B7AB9D496->s0@group-9EF6EF252B1E, cid=507, seq=null, RW, m17)
2024-05-03 18:50:26,464 [s0-client-thread1] DEBUG server.RaftServer$Division (LeaderStateImpl.java:addPendingRequest(530)) - s0@group-9EF6EF252B1E-LeaderStateImpl: addPendingRequest at RaftClientRequest:client-138B7AB9D496->s0@group-9EF6EF252B1E, cid=507, seq=null, RW, m17, entry=(t:1, i:35), STATEMACHINELOGENTRY, WRITE: logData.size=3, stateMachineData.size=0, logEntryProtoSerializedSize=0
2024-05-03 18:50:26,465 [HandlerDaemon-2] DEBUG server.RaftServer$Division (RaftServerImpl.java:logAppendEntries(1505)) - s2@group-9EF6EF252B1E: appendEntries* s0->s2#508-t1,previous=(t:1, i:34),leaderCommit=34,initializing? false,entries: size=1, first=(t:1, i:35), STATEMACHINELOGENTRY, StateMachineLogEntryProto:507@client-138B7AB9D496
2024-05-03 18:50:26,465 [s2-server-thread1] DEBUG server.RaftServer$Division (RaftServerImpl.java:logAppendEntries(1505)) - s2@group-9EF6EF252B1E: appendEntries* reply s0<-s2#508:OK-t1,SUCCESS,nextIndex=36,followerCommit=34,matchIndex=35
2024-05-03 18:50:26,471 [HandlerDaemon-2] DEBUG server.RaftServer$Division (RaftServerImpl.java:logAppendEntries(1505)) - s1@group-9EF6EF252B1E: appendEntries* s0->s1#509-t1,previous=(t:1, i:34),leaderCommit=34,initializing? false,entries: size=1, first=(t:1, i:35), STATEMACHINELOGENTRY, StateMachineLogEntryProto:507@client-138B7AB9D496
2024-05-03 18:50:26,471 [s1-server-thread1] DEBUG server.RaftServer$Division (RaftServerImpl.java:logAppendEntries(1505)) - s1@group-9EF6EF252B1E: appendEntries* reply s0<-s1#509:OK-t1,SUCCESS,nextIndex=36,followerCommit=34,matchIndex=35
2024-05-03 18:50:26,476 [HandlerDaemon-0] DEBUG server.RaftServer$Division (RaftServerImpl.java:logAppendEntries(1505)) - s2@group-9EF6EF252B1E: appendEntries* s0->s2#510-t1,previous=(t:1, i:35),leaderCommit=35,initializing? false,entries: size=1, first=(t:1, i:36), METADATAENTRY(c:35)
2024-05-03 18:50:26,477 [s2-server-thread1] DEBUG server.RaftServer$Division (RaftServerImpl.java:logAppendEntries(1505)) - s2@group-9EF6EF252B1E: appendEntries* reply s0<-s2#510:OK-t1,SUCCESS,nextIndex=37,followerCommit=35,matchIndex=36
2024-05-03 18:50:26,484 [HandlerDaemon-0] DEBUG server.RaftServer$Division (RaftServerImpl.java:logAppendEntries(1505)) - s1@group-9EF6EF252B1E: appendEntries* s0->s1#511-t1,previous=(t:1, i:35),leaderCommit=35,initializing? false,entries: size=1, first=(t:1, i:36), METADATAENTRY(c:35)
2024-05-03 18:50:26,485 [s1-server-thread1] DEBUG server.RaftServer$Division (RaftServerImpl.java:logAppendEntries(1505)) - s1@group-9EF6EF252B1E: appendEntries* reply s0<-s1#511:OK-t1,SUCCESS,nextIndex=37,followerCommit=35,matchIndex=36
2024-05-03 18:50:26,491 [main] DEBUG client.RaftClient (RaftClientImpl.java:add(146)) - client-138B7AB9D496: add replied callId 507
2024-05-03 18:50:26,492 [main] DEBUG client.RaftClient (RaftClientImpl.java:get(158)) - client-138B7AB9D496: get 512 returns [507]
2024-05-03 18:50:26,492 [main] DEBUG client.RaftClient (RaftClientImpl.java:newRequest(95)) - attempt #1, newRequest RaftClientRequest:client-138B7AB9D496->s0@group-9EF6EF252B1E, cid=512, seq=null, RW, m18
2024-05-03 18:50:26,492 [s0-client-thread1] DEBUG server.RaftServer$Division (RaftServerImpl.java:submitClientRequestAsync(889)) - s0@group-9EF6EF252B1E: receive client request(RaftClientRequest:client-138B7AB9D496->s0@group-9EF6EF252B1E, cid=512, seq=null, RW, m18)
2024-05-03 18:50:26,492 [s0-client-thread1] DEBUG server.RaftServer$Division (LeaderStateImpl.java:addPendingRequest(530)) - s0@group-9EF6EF252B1E-LeaderStateImpl: addPendingRequest at RaftClientRequest:client-138B7AB9D496->s0@group-9EF6EF252B1E, cid=512, seq=null, RW, m18, entry=(t:1, i:37), STATEMACHINELOGENTRY, WRITE: logData.size=3, stateMachineData.size=0, logEntryProtoSerializedSize=0
2024-05-03 18:50:26,492 [HandlerDaemon-1] DEBUG server.RaftServer$Division (RaftServerImpl.java:logAppendEntries(1505)) - s2@group-9EF6EF252B1E: appendEntries* s0->s2#513-t1,previous=(t:1, i:36),leaderCommit=36,initializing? false,entries: size=1, first=(t:1, i:37), STATEMACHINELOGENTRY, StateMachineLogEntryProto:512@client-138B7AB9D496
2024-05-03 18:50:26,492 [s2-server-thread1] DEBUG server.RaftServer$Division (RaftServerImpl.java:logAppendEntries(1505)) - s2@group-9EF6EF252B1E: appendEntries* reply s0<-s2#513:OK-t1,SUCCESS,nextIndex=38,followerCommit=36,matchIndex=37
2024-05-03 18:50:26,496 [HandlerDaemon-1] DEBUG server.RaftServer$Division (RaftServerImpl.java:logAppendEntries(1505)) - s1@group-9EF6EF252B1E: appendEntries* s0->s1#514-t1,previous=(t:1, i:36),leaderCommit=36,initializing? false,entries: size=1, first=(t:1, i:37), STATEMACHINELOGENTRY, StateMachineLogEntryProto:512@client-138B7AB9D496
2024-05-03 18:50:26,496 [s1-server-thread1] DEBUG server.RaftServer$Division (RaftServerImpl.java:logAppendEntries(1505)) - s1@group-9EF6EF252B1E: appendEntries* reply s0<-s1#514:OK-t1,SUCCESS,nextIndex=38,followerCommit=36,matchIndex=37
2024-05-03 18:50:26,504 [HandlerDaemon-2] DEBUG server.RaftServer$Division (RaftServerImpl.java:logAppendEntries(1505)) - s2@group-9EF6EF252B1E: appendEntries* s0->s2#515-t1,previous=(t:1, i:37),leaderCommit=37,initializing? false,entries: size=1, first=(t:1, i:38), METADATAENTRY(c:37)
2024-05-03 18:50:26,504 [s2-server-thread1] DEBUG server.RaftServer$Division (RaftServerImpl.java:logAppendEntries(1505)) - s2@group-9EF6EF252B1E: appendEntries* reply s0<-s2#515:OK-t1,SUCCESS,nextIndex=39,followerCommit=37,matchIndex=38
2024-05-03 18:50:26,510 [HandlerDaemon-2] DEBUG server.RaftServer$Division (RaftServerImpl.java:logAppendEntries(1505)) - s1@group-9EF6EF252B1E: appendEntries* s0->s1#516-t1,previous=(t:1, i:37),leaderCommit=37,initializing? false,entries: size=1, first=(t:1, i:38), METADATAENTRY(c:37)
2024-05-03 18:50:26,510 [s1-server-thread1] DEBUG server.RaftServer$Division (RaftServerImpl.java:logAppendEntries(1505)) - s1@group-9EF6EF252B1E: appendEntries* reply s0<-s1#516:OK-t1,SUCCESS,nextIndex=39,followerCommit=37,matchIndex=38
2024-05-03 18:50:26,522 [main] DEBUG client.RaftClient (RaftClientImpl.java:add(146)) - client-138B7AB9D496: add replied callId 512
2024-05-03 18:50:26,522 [main] DEBUG client.RaftClient (RaftClientImpl.java:get(158)) - client-138B7AB9D496: get 517 returns [512]
2024-05-03 18:50:26,522 [main] DEBUG client.RaftClient (RaftClientImpl.java:newRequest(95)) - attempt #1, newRequest RaftClientRequest:client-138B7AB9D496->s0@group-9EF6EF252B1E, cid=517, seq=null, RW, m19
2024-05-03 18:50:26,522 [s0-client-thread1] DEBUG server.RaftServer$Division (RaftServerImpl.java:submitClientRequestAsync(889)) - s0@group-9EF6EF252B1E: receive client request(RaftClientRequest:client-138B7AB9D496->s0@group-9EF6EF252B1E, cid=517, seq=null, RW, m19)
2024-05-03 18:50:26,523 [s0-client-thread1] DEBUG server.RaftServer$Division (LeaderStateImpl.java:addPendingRequest(530)) - s0@group-9EF6EF252B1E-LeaderStateImpl: addPendingRequest at RaftClientRequest:client-138B7AB9D496->s0@group-9EF6EF252B1E, cid=517, seq=null, RW, m19, entry=(t:1, i:39), STATEMACHINELOGENTRY, WRITE: logData.size=3, stateMachineData.size=0, logEntryProtoSerializedSize=0
2024-05-03 18:50:26,523 [HandlerDaemon-0] DEBUG server.RaftServer$Division (RaftServerImpl.java:logAppendEntries(1505)) - s2@group-9EF6EF252B1E: appendEntries* s0->s2#518-t1,previous=(t:1, i:38),leaderCommit=38,initializing? false,entries: size=1, first=(t:1, i:39), STATEMACHINELOGENTRY, StateMachineLogEntryProto:517@client-138B7AB9D496
2024-05-03 18:50:26,523 [s2-server-thread1] DEBUG server.RaftServer$Division (RaftServerImpl.java:logAppendEntries(1505)) - s2@group-9EF6EF252B1E: appendEntries* reply s0<-s2#518:OK-t1,SUCCESS,nextIndex=40,followerCommit=38,matchIndex=39
2024-05-03 18:50:26,529 [HandlerDaemon-0] DEBUG server.RaftServer$Division (RaftServerImpl.java:logAppendEntries(1505)) - s1@group-9EF6EF252B1E: appendEntries* s0->s1#519-t1,previous=(t:1, i:38),leaderCommit=38,initializing? false,entries: size=1, first=(t:1, i:39), STATEMACHINELOGENTRY, StateMachineLogEntryProto:517@client-138B7AB9D496
2024-05-03 18:50:26,530 [s1-server-thread1] DEBUG server.RaftServer$Division (RaftServerImpl.java:logAppendEntries(1505)) - s1@group-9EF6EF252B1E: appendEntries* reply s0<-s1#519:OK-t1,SUCCESS,nextIndex=40,followerCommit=38,matchIndex=39
2024-05-03 18:50:26,537 [HandlerDaemon-1] DEBUG server.RaftServer$Division (RaftServerImpl.java:logAppendEntries(1505)) - s2@group-9EF6EF252B1E: appendEntries* s0->s2#520-t1,previous=(t:1, i:39),leaderCommit=39,initializing? false,entries: size=1, first=(t:1, i:40), METADATAENTRY(c:39)
2024-05-03 18:50:26,537 [s2-server-thread1] DEBUG server.RaftServer$Division (RaftServerImpl.java:logAppendEntries(1505)) - s2@group-9EF6EF252B1E: appendEntries* reply s0<-s2#520:OK-t1,SUCCESS,nextIndex=41,followerCommit=39,matchIndex=40
2024-05-03 18:50:26,543 [HandlerDaemon-1] DEBUG server.RaftServer$Division (RaftServerImpl.java:logAppendEntries(1505)) - s1@group-9EF6EF252B1E: appendEntries* s0->s1#521-t1,previous=(t:1, i:39),leaderCommit=39,initializing? false,entries: size=1, first=(t:1, i:40), METADATAENTRY(c:39)
2024-05-03 18:50:26,543 [s1-server-thread1] DEBUG server.RaftServer$Division (RaftServerImpl.java:logAppendEntries(1505)) - s1@group-9EF6EF252B1E: appendEntries* reply s0<-s1#521:OK-t1,SUCCESS,nextIndex=41,followerCommit=39,matchIndex=40
2024-05-03 18:50:26,552 [main] DEBUG client.RaftClient (RaftClientImpl.java:add(146)) - client-138B7AB9D496: add replied callId 517
2024-05-03 18:50:26,552 [main] DEBUG client.RaftClient (RaftClientImpl.java:get(158)) - client-138B7AB9D496: get 522 returns [517]
2024-05-03 18:50:26,552 [main] DEBUG client.RaftClient (RaftClientImpl.java:newRequest(95)) - attempt #1, newRequest RaftClientRequest:client-138B7AB9D496->s0@group-9EF6EF252B1E, cid=522, seq=null, RW, m20
2024-05-03 18:50:26,552 [s0-client-thread1] DEBUG server.RaftServer$Division (RaftServerImpl.java:submitClientRequestAsync(889)) - s0@group-9EF6EF252B1E: receive client request(RaftClientRequest:client-138B7AB9D496->s0@group-9EF6EF252B1E, cid=522, seq=null, RW, m20)
2024-05-03 18:50:26,553 [s0-client-thread1] DEBUG server.RaftServer$Division (LeaderStateImpl.java:addPendingRequest(530)) - s0@group-9EF6EF252B1E-LeaderStateImpl: addPendingRequest at RaftClientRequest:client-138B7AB9D496->s0@group-9EF6EF252B1E, cid=522, seq=null, RW, m20, entry=(t:1, i:41), STATEMACHINELOGENTRY, WRITE: logData.size=3, stateMachineData.size=0, logEntryProtoSerializedSize=0
2024-05-03 18:50:26,554 [HandlerDaemon-2] DEBUG server.RaftServer$Division (RaftServerImpl.java:logAppendEntries(1505)) - s1@group-9EF6EF252B1E: appendEntries* s0->s1#523-t1,previous=(t:1, i:40),leaderCommit=40,initializing? false,entries: size=1, first=(t:1, i:41), STATEMACHINELOGENTRY, StateMachineLogEntryProto:522@client-138B7AB9D496
2024-05-03 18:50:26,554 [s1-server-thread1] DEBUG server.RaftServer$Division (RaftServerImpl.java:logAppendEntries(1505)) - s1@group-9EF6EF252B1E: appendEntries* reply s0<-s1#523:OK-t1,SUCCESS,nextIndex=42,followerCommit=40,matchIndex=41
2024-05-03 18:50:26,555 [HandlerDaemon-2] DEBUG server.RaftServer$Division (RaftServerImpl.java:logAppendEntries(1505)) - s2@group-9EF6EF252B1E: appendEntries* s0->s2#524-t1,previous=(t:1, i:40),leaderCommit=40,initializing? false,entries: size=1, first=(t:1, i:41), STATEMACHINELOGENTRY, StateMachineLogEntryProto:522@client-138B7AB9D496
2024-05-03 18:50:26,556 [s2-server-thread1] DEBUG server.RaftServer$Division (RaftServerImpl.java:logAppendEntries(1505)) - s2@group-9EF6EF252B1E: appendEntries* reply s0<-s2#524:OK-t1,SUCCESS,nextIndex=42,followerCommit=40,matchIndex=41
2024-05-03 18:50:26,568 [HandlerDaemon-0] DEBUG server.RaftServer$Division (RaftServerImpl.java:logAppendEntries(1505)) - s2@group-9EF6EF252B1E: appendEntries* s0->s2#525-t1,previous=(t:1, i:41),leaderCommit=41,initializing? false,entries: size=1, first=(t:1, i:42), METADATAENTRY(c:41)
2024-05-03 18:50:26,568 [s2-server-thread1] DEBUG server.RaftServer$Division (RaftServerImpl.java:logAppendEntries(1505)) - s2@group-9EF6EF252B1E: appendEntries* reply s0<-s2#525:OK-t1,SUCCESS,nextIndex=43,followerCommit=41,matchIndex=42
2024-05-03 18:50:26,570 [HandlerDaemon-0] DEBUG server.RaftServer$Division (RaftServerImpl.java:logAppendEntries(1505)) - s1@group-9EF6EF252B1E: appendEntries* s0->s1#526-t1,previous=(t:1, i:41),leaderCommit=41,initializing? false,entries: size=1, first=(t:1, i:42), METADATAENTRY(c:41)
2024-05-03 18:50:26,570 [s1-server-thread1] DEBUG server.RaftServer$Division (RaftServerImpl.java:logAppendEntries(1505)) - s1@group-9EF6EF252B1E: appendEntries* reply s0<-s1#526:OK-t1,SUCCESS,nextIndex=43,followerCommit=41,matchIndex=42
2024-05-03 18:50:26,584 [main] DEBUG client.RaftClient (RaftClientImpl.java:add(146)) - client-138B7AB9D496: add replied callId 522
2024-05-03 18:50:26,584 [main] DEBUG client.RaftClient (RaftClientImpl.java:get(158)) - client-138B7AB9D496: get 527 returns [522]
2024-05-03 18:50:26,584 [main] DEBUG client.RaftClient (RaftClientImpl.java:newRequest(95)) - attempt #1, newRequest RaftClientRequest:client-138B7AB9D496->s0@group-9EF6EF252B1E, cid=527, seq=null, RW, m21
2024-05-03 18:50:26,584 [s0-client-thread1] DEBUG server.RaftServer$Division (RaftServerImpl.java:submitClientRequestAsync(889)) - s0@group-9EF6EF252B1E: receive client request(RaftClientRequest:client-138B7AB9D496->s0@group-9EF6EF252B1E, cid=527, seq=null, RW, m21)
2024-05-03 18:50:26,585 [s0-client-thread1] DEBUG server.RaftServer$Division (LeaderStateImpl.java:addPendingRequest(530)) - s0@group-9EF6EF252B1E-LeaderStateImpl: addPendingRequest at RaftClientRequest:client-138B7AB9D496->s0@group-9EF6EF252B1E, cid=527, seq=null, RW, m21, entry=(t:1, i:43), STATEMACHINELOGENTRY, WRITE: logData.size=3, stateMachineData.size=0, logEntryProtoSerializedSize=0
2024-05-03 18:50:26,585 [HandlerDaemon-1] DEBUG server.RaftServer$Division (RaftServerImpl.java:logAppendEntries(1505)) - s2@group-9EF6EF252B1E: appendEntries* s0->s2#528-t1,previous=(t:1, i:42),leaderCommit=42,initializing? false,entries: size=1, first=(t:1, i:43), STATEMACHINELOGENTRY, StateMachineLogEntryProto:527@client-138B7AB9D496
2024-05-03 18:50:26,585 [s2-server-thread1] DEBUG server.RaftServer$Division (RaftServerImpl.java:logAppendEntries(1505)) - s2@group-9EF6EF252B1E: appendEntries* reply s0<-s2#528:OK-t1,SUCCESS,nextIndex=44,followerCommit=42,matchIndex=43
2024-05-03 18:50:26,586 [HandlerDaemon-1] DEBUG server.RaftServer$Division (RaftServerImpl.java:logAppendEntries(1505)) - s1@group-9EF6EF252B1E: appendEntries* s0->s1#529-t1,previous=(t:1, i:42),leaderCommit=42,initializing? false,entries: size=1, first=(t:1, i:43), STATEMACHINELOGENTRY, StateMachineLogEntryProto:527@client-138B7AB9D496
2024-05-03 18:50:26,586 [s1-server-thread1] DEBUG server.RaftServer$Division (RaftServerImpl.java:logAppendEntries(1505)) - s1@group-9EF6EF252B1E: appendEntries* reply s0<-s1#529:OK-t1,SUCCESS,nextIndex=44,followerCommit=42,matchIndex=43
2024-05-03 18:50:26,604 [HandlerDaemon-2] DEBUG server.RaftServer$Division (RaftServerImpl.java:logAppendEntries(1505)) - s2@group-9EF6EF252B1E: appendEntries* s0->s2#530-t1,previous=(t:1, i:43),leaderCommit=43,initializing? false,entries: size=1, first=(t:1, i:44), METADATAENTRY(c:43)
2024-05-03 18:50:26,604 [s2-server-thread1] DEBUG server.RaftServer$Division (RaftServerImpl.java:logAppendEntries(1505)) - s2@group-9EF6EF252B1E: appendEntries* reply s0<-s2#530:OK-t1,SUCCESS,nextIndex=45,followerCommit=43,matchIndex=44
2024-05-03 18:50:26,605 [HandlerDaemon-2] DEBUG server.RaftServer$Division (RaftServerImpl.java:logAppendEntries(1505)) - s1@group-9EF6EF252B1E: appendEntries* s0->s1#531-t1,previous=(t:1, i:43),leaderCommit=43,initializing? false,entries: size=1, first=(t:1, i:44), METADATAENTRY(c:43)
2024-05-03 18:50:26,605 [s1-server-thread1] DEBUG server.RaftServer$Division (RaftServerImpl.java:logAppendEntries(1505)) - s1@group-9EF6EF252B1E: appendEntries* reply s0<-s1#531:OK-t1,SUCCESS,nextIndex=45,followerCommit=43,matchIndex=44
2024-05-03 18:50:26,616 [main] DEBUG client.RaftClient (RaftClientImpl.java:add(146)) - client-138B7AB9D496: add replied callId 527
2024-05-03 18:50:26,616 [main] DEBUG client.RaftClient (RaftClientImpl.java:get(158)) - client-138B7AB9D496: get 532 returns [527]
2024-05-03 18:50:26,616 [main] DEBUG client.RaftClient (RaftClientImpl.java:newRequest(95)) - attempt #1, newRequest RaftClientRequest:client-138B7AB9D496->s0@group-9EF6EF252B1E, cid=532, seq=null, RW, m22
2024-05-03 18:50:26,616 [s0-client-thread1] DEBUG server.RaftServer$Division (RaftServerImpl.java:submitClientRequestAsync(889)) - s0@group-9EF6EF252B1E: receive client request(RaftClientRequest:client-138B7AB9D496->s0@group-9EF6EF252B1E, cid=532, seq=null, RW, m22)
2024-05-03 18:50:26,616 [s0-client-thread1] DEBUG server.RaftServer$Division (LeaderStateImpl.java:addPendingRequest(530)) - s0@group-9EF6EF252B1E-LeaderStateImpl: addPendingRequest at RaftClientRequest:client-138B7AB9D496->s0@group-9EF6EF252B1E, cid=532, seq=null, RW, m22, entry=(t:1, i:45), STATEMACHINELOGENTRY, WRITE: logData.size=3, stateMachineData.size=0, logEntryProtoSerializedSize=0
2024-05-03 18:50:26,617 [HandlerDaemon-0] DEBUG server.RaftServer$Division (RaftServerImpl.java:logAppendEntries(1505)) - s2@group-9EF6EF252B1E: appendEntries* s0->s2#533-t1,previous=(t:1, i:44),leaderCommit=44,initializing? false,entries: size=1, first=(t:1, i:45), STATEMACHINELOGENTRY, StateMachineLogEntryProto:532@client-138B7AB9D496
2024-05-03 18:50:26,617 [s2-server-thread1] DEBUG server.RaftServer$Division (RaftServerImpl.java:logAppendEntries(1505)) - s2@group-9EF6EF252B1E: appendEntries* reply s0<-s2#533:OK-t1,SUCCESS,nextIndex=46,followerCommit=44,matchIndex=45
2024-05-03 18:50:26,620 [HandlerDaemon-0] DEBUG server.RaftServer$Division (RaftServerImpl.java:logAppendEntries(1505)) - s1@group-9EF6EF252B1E: appendEntries* s0->s1#534-t1,previous=(t:1, i:44),leaderCommit=44,initializing? false,entries: size=1, first=(t:1, i:45), STATEMACHINELOGENTRY, StateMachineLogEntryProto:532@client-138B7AB9D496
2024-05-03 18:50:26,620 [s1-server-thread1] DEBUG server.RaftServer$Division (RaftServerImpl.java:logAppendEntries(1505)) - s1@group-9EF6EF252B1E: appendEntries* reply s0<-s1#534:OK-t1,SUCCESS,nextIndex=46,followerCommit=44,matchIndex=45
2024-05-03 18:50:26,631 [HandlerDaemon-1] DEBUG server.RaftServer$Division (RaftServerImpl.java:logAppendEntries(1505)) - s2@group-9EF6EF252B1E: appendEntries* s0->s2#535-t1,previous=(t:1, i:45),leaderCommit=45,initializing? false,entries: size=1, first=(t:1, i:46), METADATAENTRY(c:45)
2024-05-03 18:50:26,631 [s2-server-thread1] DEBUG server.RaftServer$Division (RaftServerImpl.java:logAppendEntries(1505)) - s2@group-9EF6EF252B1E: appendEntries* reply s0<-s2#535:OK-t1,SUCCESS,nextIndex=47,followerCommit=45,matchIndex=46
2024-05-03 18:50:26,634 [HandlerDaemon-1] DEBUG server.RaftServer$Division (RaftServerImpl.java:logAppendEntries(1505)) - s1@group-9EF6EF252B1E: appendEntries* s0->s1#536-t1,previous=(t:1, i:45),leaderCommit=45,initializing? false,entries: size=1, first=(t:1, i:46), METADATAENTRY(c:45)
2024-05-03 18:50:26,635 [s1-server-thread1] DEBUG server.RaftServer$Division (RaftServerImpl.java:logAppendEntries(1505)) - s1@group-9EF6EF252B1E: appendEntries* reply s0<-s1#536:OK-t1,SUCCESS,nextIndex=47,followerCommit=45,matchIndex=46
2024-05-03 18:50:26,643 [main] DEBUG client.RaftClient (RaftClientImpl.java:add(146)) - client-138B7AB9D496: add replied callId 532
2024-05-03 18:50:26,643 [main] DEBUG client.RaftClient (RaftClientImpl.java:get(158)) - client-138B7AB9D496: get 537 returns [532]
2024-05-03 18:50:26,643 [main] DEBUG client.RaftClient (RaftClientImpl.java:newRequest(95)) - attempt #1, newRequest RaftClientRequest:client-138B7AB9D496->s0@group-9EF6EF252B1E, cid=537, seq=null, RW, m23
2024-05-03 18:50:26,643 [s0-client-thread1] DEBUG server.RaftServer$Division (RaftServerImpl.java:submitClientRequestAsync(889)) - s0@group-9EF6EF252B1E: receive client request(RaftClientRequest:client-138B7AB9D496->s0@group-9EF6EF252B1E, cid=537, seq=null, RW, m23)
2024-05-03 18:50:26,644 [s0-client-thread1] DEBUG server.RaftServer$Division (LeaderStateImpl.java:addPendingRequest(530)) - s0@group-9EF6EF252B1E-LeaderStateImpl: addPendingRequest at RaftClientRequest:client-138B7AB9D496->s0@group-9EF6EF252B1E, cid=537, seq=null, RW, m23, entry=(t:1, i:47), STATEMACHINELOGENTRY, WRITE: logData.size=3, stateMachineData.size=0, logEntryProtoSerializedSize=0
2024-05-03 18:50:26,644 [HandlerDaemon-2] DEBUG server.RaftServer$Division (RaftServerImpl.java:logAppendEntries(1505)) - s2@group-9EF6EF252B1E: appendEntries* s0->s2#538-t1,previous=(t:1, i:46),leaderCommit=46,initializing? false,entries: size=1, first=(t:1, i:47), STATEMACHINELOGENTRY, StateMachineLogEntryProto:537@client-138B7AB9D496
2024-05-03 18:50:26,644 [s2-server-thread1] DEBUG server.RaftServer$Division (RaftServerImpl.java:logAppendEntries(1505)) - s2@group-9EF6EF252B1E: appendEntries* reply s0<-s2#538:OK-t1,SUCCESS,nextIndex=48,followerCommit=46,matchIndex=47
2024-05-03 18:50:26,648 [HandlerDaemon-2] DEBUG server.RaftServer$Division (RaftServerImpl.java:logAppendEntries(1505)) - s1@group-9EF6EF252B1E: appendEntries* s0->s1#539-t1,previous=(t:1, i:46),leaderCommit=46,initializing? false,entries: size=1, first=(t:1, i:47), STATEMACHINELOGENTRY, StateMachineLogEntryProto:537@client-138B7AB9D496
2024-05-03 18:50:26,648 [s1-server-thread1] DEBUG server.RaftServer$Division (RaftServerImpl.java:logAppendEntries(1505)) - s1@group-9EF6EF252B1E: appendEntries* reply s0<-s1#539:OK-t1,SUCCESS,nextIndex=48,followerCommit=46,matchIndex=47
2024-05-03 18:50:26,657 [HandlerDaemon-0] DEBUG server.RaftServer$Division (RaftServerImpl.java:logAppendEntries(1505)) - s2@group-9EF6EF252B1E: appendEntries* s0->s2#540-t1,previous=(t:1, i:47),leaderCommit=47,initializing? false,entries: size=1, first=(t:1, i:48), METADATAENTRY(c:47)
2024-05-03 18:50:26,657 [s2-server-thread1] DEBUG server.RaftServer$Division (RaftServerImpl.java:logAppendEntries(1505)) - s2@group-9EF6EF252B1E: appendEntries* reply s0<-s2#540:OK-t1,SUCCESS,nextIndex=49,followerCommit=47,matchIndex=48
2024-05-03 18:50:26,661 [HandlerDaemon-0] DEBUG server.RaftServer$Division (RaftServerImpl.java:logAppendEntries(1505)) - s1@group-9EF6EF252B1E: appendEntries* s0->s1#541-t1,previous=(t:1, i:47),leaderCommit=47,initializing? false,entries: size=1, first=(t:1, i:48), METADATAENTRY(c:47)
2024-05-03 18:50:26,661 [s1-server-thread1] DEBUG server.RaftServer$Division (RaftServerImpl.java:logAppendEntries(1505)) - s1@group-9EF6EF252B1E: appendEntries* reply s0<-s1#541:OK-t1,SUCCESS,nextIndex=49,followerCommit=47,matchIndex=48
2024-05-03 18:50:26,676 [main] DEBUG client.RaftClient (RaftClientImpl.java:add(146)) - client-138B7AB9D496: add replied callId 537
2024-05-03 18:50:26,676 [main] DEBUG client.RaftClient (RaftClientImpl.java:get(158)) - client-138B7AB9D496: get 542 returns [537]
2024-05-03 18:50:26,676 [main] DEBUG client.RaftClient (RaftClientImpl.java:newRequest(95)) - attempt #1, newRequest RaftClientRequest:client-138B7AB9D496->s0@group-9EF6EF252B1E, cid=542, seq=null, RW, m24
2024-05-03 18:50:26,676 [s0-client-thread1] DEBUG server.RaftServer$Division (RaftServerImpl.java:submitClientRequestAsync(889)) - s0@group-9EF6EF252B1E: receive client request(RaftClientRequest:client-138B7AB9D496->s0@group-9EF6EF252B1E, cid=542, seq=null, RW, m24)
2024-05-03 18:50:26,676 [s0-client-thread1] DEBUG server.RaftServer$Division (LeaderStateImpl.java:addPendingRequest(530)) - s0@group-9EF6EF252B1E-LeaderStateImpl: addPendingRequest at RaftClientRequest:client-138B7AB9D496->s0@group-9EF6EF252B1E, cid=542, seq=null, RW, m24, entry=(t:1, i:49), STATEMACHINELOGENTRY, WRITE: logData.size=3, stateMachineData.size=0, logEntryProtoSerializedSize=0
2024-05-03 18:50:26,676 [HandlerDaemon-1] DEBUG server.RaftServer$Division (RaftServerImpl.java:logAppendEntries(1505)) - s2@group-9EF6EF252B1E: appendEntries* s0->s2#543-t1,previous=(t:1, i:48),leaderCommit=48,initializing? false,entries: size=1, first=(t:1, i:49), STATEMACHINELOGENTRY, StateMachineLogEntryProto:542@client-138B7AB9D496
2024-05-03 18:50:26,677 [s2-server-thread1] DEBUG server.RaftServer$Division (RaftServerImpl.java:logAppendEntries(1505)) - s2@group-9EF6EF252B1E: appendEntries* reply s0<-s2#543:OK-t1,SUCCESS,nextIndex=50,followerCommit=48,matchIndex=49
2024-05-03 18:50:26,680 [HandlerDaemon-1] DEBUG server.RaftServer$Division (RaftServerImpl.java:logAppendEntries(1505)) - s1@group-9EF6EF252B1E: appendEntries* s0->s1#544-t1,previous=(t:1, i:48),leaderCommit=48,initializing? false,entries: size=1, first=(t:1, i:49), STATEMACHINELOGENTRY, StateMachineLogEntryProto:542@client-138B7AB9D496
2024-05-03 18:50:26,681 [s1-server-thread1] DEBUG server.RaftServer$Division (RaftServerImpl.java:logAppendEntries(1505)) - s1@group-9EF6EF252B1E: appendEntries* reply s0<-s1#544:OK-t1,SUCCESS,nextIndex=50,followerCommit=48,matchIndex=49
2024-05-03 18:50:26,691 [HandlerDaemon-2] DEBUG server.RaftServer$Division (RaftServerImpl.java:logAppendEntries(1505)) - s2@group-9EF6EF252B1E: appendEntries* s0->s2#545-t1,previous=(t:1, i:49),leaderCommit=49,initializing? false,entries: size=1, first=(t:1, i:50), METADATAENTRY(c:49)
2024-05-03 18:50:26,691 [s2-server-thread1] DEBUG server.RaftServer$Division (RaftServerImpl.java:logAppendEntries(1505)) - s2@group-9EF6EF252B1E: appendEntries* reply s0<-s2#545:OK-t1,SUCCESS,nextIndex=51,followerCommit=49,matchIndex=50
2024-05-03 18:50:26,700 [HandlerDaemon-2] DEBUG server.RaftServer$Division (RaftServerImpl.java:logAppendEntries(1505)) - s1@group-9EF6EF252B1E: appendEntries* s0->s1#546-t1,previous=(t:1, i:49),leaderCommit=49,initializing? false,entries: size=1, first=(t:1, i:50), METADATAENTRY(c:49)
2024-05-03 18:50:26,700 [s1-server-thread1] DEBUG server.RaftServer$Division (RaftServerImpl.java:logAppendEntries(1505)) - s1@group-9EF6EF252B1E: appendEntries* reply s0<-s1#546:OK-t1,SUCCESS,nextIndex=51,followerCommit=49,matchIndex=50
2024-05-03 18:50:26,705 [main] DEBUG client.RaftClient (RaftClientImpl.java:add(146)) - client-138B7AB9D496: add replied callId 542
2024-05-03 18:50:26,705 [main] DEBUG client.RaftClient (RaftClientImpl.java:get(158)) - client-138B7AB9D496: get 547 returns [542]
2024-05-03 18:50:26,705 [main] DEBUG client.RaftClient (RaftClientImpl.java:newRequest(95)) - attempt #1, newRequest RaftClientRequest:client-138B7AB9D496->s0@group-9EF6EF252B1E, cid=547, seq=null, RW, m25
2024-05-03 18:50:26,705 [s0-client-thread1] DEBUG server.RaftServer$Division (RaftServerImpl.java:submitClientRequestAsync(889)) - s0@group-9EF6EF252B1E: receive client request(RaftClientRequest:client-138B7AB9D496->s0@group-9EF6EF252B1E, cid=547, seq=null, RW, m25)
2024-05-03 18:50:26,706 [s0-client-thread1] DEBUG server.RaftServer$Division (LeaderStateImpl.java:addPendingRequest(530)) - s0@group-9EF6EF252B1E-LeaderStateImpl: addPendingRequest at RaftClientRequest:client-138B7AB9D496->s0@group-9EF6EF252B1E, cid=547, seq=null, RW, m25, entry=(t:1, i:51), STATEMACHINELOGENTRY, WRITE: logData.size=3, stateMachineData.size=0, logEntryProtoSerializedSize=0
2024-05-03 18:50:26,710 [HandlerDaemon-0] DEBUG server.RaftServer$Division (RaftServerImpl.java:logAppendEntries(1505)) - s2@group-9EF6EF252B1E: appendEntries* s0->s2#548-t1,previous=(t:1, i:50),leaderCommit=50,initializing? false,entries: size=1, first=(t:1, i:51), STATEMACHINELOGENTRY, StateMachineLogEntryProto:547@client-138B7AB9D496
2024-05-03 18:50:26,710 [s2-server-thread1] DEBUG server.RaftServer$Division (RaftServerImpl.java:logAppendEntries(1505)) - s2@group-9EF6EF252B1E: appendEntries* reply s0<-s2#548:OK-t1,SUCCESS,nextIndex=52,followerCommit=50,matchIndex=51
2024-05-03 18:50:26,712 [HandlerDaemon-0] DEBUG server.RaftServer$Division (RaftServerImpl.java:logAppendEntries(1505)) - s1@group-9EF6EF252B1E: appendEntries* s0->s1#549-t1,previous=(t:1, i:50),leaderCommit=50,initializing? false,entries: size=1, first=(t:1, i:51), STATEMACHINELOGENTRY, StateMachineLogEntryProto:547@client-138B7AB9D496
2024-05-03 18:50:26,712 [s1-server-thread1] DEBUG server.RaftServer$Division (RaftServerImpl.java:logAppendEntries(1505)) - s1@group-9EF6EF252B1E: appendEntries* reply s0<-s1#549:OK-t1,SUCCESS,nextIndex=52,followerCommit=50,matchIndex=51
2024-05-03 18:50:26,725 [HandlerDaemon-1] DEBUG server.RaftServer$Division (RaftServerImpl.java:logAppendEntries(1505)) - s2@group-9EF6EF252B1E: appendEntries* s0->s2#550-t1,previous=(t:1, i:51),leaderCommit=51,initializing? false,entries: size=1, first=(t:1, i:52), METADATAENTRY(c:51)
2024-05-03 18:50:26,726 [s2-server-thread1] DEBUG server.RaftServer$Division (RaftServerImpl.java:logAppendEntries(1505)) - s2@group-9EF6EF252B1E: appendEntries* reply s0<-s2#550:OK-t1,SUCCESS,nextIndex=53,followerCommit=51,matchIndex=52
2024-05-03 18:50:26,727 [HandlerDaemon-1] DEBUG server.RaftServer$Division (RaftServerImpl.java:logAppendEntries(1505)) - s1@group-9EF6EF252B1E: appendEntries* s0->s1#551-t1,previous=(t:1, i:51),leaderCommit=51,initializing? false,entries: size=1, first=(t:1, i:52), METADATAENTRY(c:51)
2024-05-03 18:50:26,727 [s1-server-thread1] DEBUG server.RaftServer$Division (RaftServerImpl.java:logAppendEntries(1505)) - s1@group-9EF6EF252B1E: appendEntries* reply s0<-s1#551:OK-t1,SUCCESS,nextIndex=53,followerCommit=51,matchIndex=52
2024-05-03 18:50:26,743 [main] DEBUG client.RaftClient (RaftClientImpl.java:add(146)) - client-138B7AB9D496: add replied callId 547
2024-05-03 18:50:26,744 [main] DEBUG client.RaftClient (RaftClientImpl.java:get(158)) - client-138B7AB9D496: get 552 returns [547]
2024-05-03 18:50:26,744 [main] DEBUG client.RaftClient (RaftClientImpl.java:newRequest(95)) - attempt #1, newRequest RaftClientRequest:client-138B7AB9D496->s0@group-9EF6EF252B1E, cid=552, seq=null, RW, m26
2024-05-03 18:50:26,744 [s0-client-thread1] DEBUG server.RaftServer$Division (RaftServerImpl.java:submitClientRequestAsync(889)) - s0@group-9EF6EF252B1E: receive client request(RaftClientRequest:client-138B7AB9D496->s0@group-9EF6EF252B1E, cid=552, seq=null, RW, m26)
2024-05-03 18:50:26,744 [s0-client-thread1] DEBUG server.RaftServer$Division (LeaderStateImpl.java:addPendingRequest(530)) - s0@group-9EF6EF252B1E-LeaderStateImpl: addPendingRequest at RaftClientRequest:client-138B7AB9D496->s0@group-9EF6EF252B1E, cid=552, seq=null, RW, m26, entry=(t:1, i:53), STATEMACHINELOGENTRY, WRITE: logData.size=3, stateMachineData.size=0, logEntryProtoSerializedSize=0
2024-05-03 18:50:26,744 [HandlerDaemon-2] DEBUG server.RaftServer$Division (RaftServerImpl.java:logAppendEntries(1505)) - s2@group-9EF6EF252B1E: appendEntries* s0->s2#554-t1,previous=(t:1, i:52),leaderCommit=52,initializing? false,entries: size=1, first=(t:1, i:53), STATEMACHINELOGENTRY, StateMachineLogEntryProto:552@client-138B7AB9D496
2024-05-03 18:50:26,744 [HandlerDaemon-2] DEBUG server.RaftServer$Division (RaftServerImpl.java:logAppendEntries(1505)) - s1@group-9EF6EF252B1E: appendEntries* s0->s1#553-t1,previous=(t:1, i:52),leaderCommit=52,initializing? false,entries: size=1, first=(t:1, i:53), STATEMACHINELOGENTRY, StateMachineLogEntryProto:552@client-138B7AB9D496
2024-05-03 18:50:26,745 [s2-server-thread1] DEBUG server.RaftServer$Division (RaftServerImpl.java:logAppendEntries(1505)) - s2@group-9EF6EF252B1E: appendEntries* reply s0<-s2#554:OK-t1,SUCCESS,nextIndex=54,followerCommit=52,matchIndex=53
2024-05-03 18:50:26,745 [s1-server-thread1] DEBUG server.RaftServer$Division (RaftServerImpl.java:logAppendEntries(1505)) - s1@group-9EF6EF252B1E: appendEntries* reply s0<-s1#553:OK-t1,SUCCESS,nextIndex=54,followerCommit=52,matchIndex=53
2024-05-03 18:50:26,757 [HandlerDaemon-0] DEBUG server.RaftServer$Division (RaftServerImpl.java:logAppendEntries(1505)) - s2@group-9EF6EF252B1E: appendEntries* s0->s2#555-t1,previous=(t:1, i:53),leaderCommit=53,initializing? false,entries: size=1, first=(t:1, i:54), METADATAENTRY(c:53)
2024-05-03 18:50:26,757 [s2-server-thread1] DEBUG server.RaftServer$Division (RaftServerImpl.java:logAppendEntries(1505)) - s2@group-9EF6EF252B1E: appendEntries* reply s0<-s2#555:OK-t1,SUCCESS,nextIndex=55,followerCommit=53,matchIndex=54
2024-05-03 18:50:26,760 [HandlerDaemon-0] DEBUG server.RaftServer$Division (RaftServerImpl.java:logAppendEntries(1505)) - s1@group-9EF6EF252B1E: appendEntries* s0->s1#556-t1,previous=(t:1, i:53),leaderCommit=53,initializing? false,entries: size=1, first=(t:1, i:54), METADATAENTRY(c:53)
2024-05-03 18:50:26,760 [s1-server-thread1] DEBUG server.RaftServer$Division (RaftServerImpl.java:logAppendEntries(1505)) - s1@group-9EF6EF252B1E: appendEntries* reply s0<-s1#556:OK-t1,SUCCESS,nextIndex=55,followerCommit=53,matchIndex=54
2024-05-03 18:50:26,773 [main] DEBUG client.RaftClient (RaftClientImpl.java:add(146)) - client-138B7AB9D496: add replied callId 552
2024-05-03 18:50:26,773 [main] DEBUG client.RaftClient (RaftClientImpl.java:get(158)) - client-138B7AB9D496: get 557 returns [552]
2024-05-03 18:50:26,773 [main] DEBUG client.RaftClient (RaftClientImpl.java:newRequest(95)) - attempt #1, newRequest RaftClientRequest:client-138B7AB9D496->s0@group-9EF6EF252B1E, cid=557, seq=null, RW, m27
2024-05-03 18:50:26,774 [s0-client-thread1] DEBUG server.RaftServer$Division (RaftServerImpl.java:submitClientRequestAsync(889)) - s0@group-9EF6EF252B1E: receive client request(RaftClientRequest:client-138B7AB9D496->s0@group-9EF6EF252B1E, cid=557, seq=null, RW, m27)
2024-05-03 18:50:26,774 [s0-client-thread1] DEBUG server.RaftServer$Division (LeaderStateImpl.java:addPendingRequest(530)) - s0@group-9EF6EF252B1E-LeaderStateImpl: addPendingRequest at RaftClientRequest:client-138B7AB9D496->s0@group-9EF6EF252B1E, cid=557, seq=null, RW, m27, entry=(t:1, i:55), STATEMACHINELOGENTRY, WRITE: logData.size=3, stateMachineData.size=0, logEntryProtoSerializedSize=0
2024-05-03 18:50:26,774 [HandlerDaemon-1] DEBUG server.RaftServer$Division (RaftServerImpl.java:logAppendEntries(1505)) - s2@group-9EF6EF252B1E: appendEntries* s0->s2#558-t1,previous=(t:1, i:54),leaderCommit=54,initializing? false,entries: size=1, first=(t:1, i:55), STATEMACHINELOGENTRY, StateMachineLogEntryProto:557@client-138B7AB9D496
2024-05-03 18:50:26,774 [s2-server-thread1] DEBUG server.RaftServer$Division (RaftServerImpl.java:logAppendEntries(1505)) - s2@group-9EF6EF252B1E: appendEntries* reply s0<-s2#558:OK-t1,SUCCESS,nextIndex=56,followerCommit=54,matchIndex=55
2024-05-03 18:50:26,774 [HandlerDaemon-1] DEBUG server.RaftServer$Division (RaftServerImpl.java:logAppendEntries(1505)) - s1@group-9EF6EF252B1E: appendEntries* s0->s1#559-t1,previous=(t:1, i:54),leaderCommit=54,initializing? false,entries: size=1, first=(t:1, i:55), STATEMACHINELOGENTRY, StateMachineLogEntryProto:557@client-138B7AB9D496
2024-05-03 18:50:26,775 [s1-server-thread1] DEBUG server.RaftServer$Division (RaftServerImpl.java:logAppendEntries(1505)) - s1@group-9EF6EF252B1E: appendEntries* reply s0<-s1#559:OK-t1,SUCCESS,nextIndex=56,followerCommit=54,matchIndex=55
2024-05-03 18:50:26,785 [HandlerDaemon-2] DEBUG server.RaftServer$Division (RaftServerImpl.java:logAppendEntries(1505)) - s2@group-9EF6EF252B1E: appendEntries* s0->s2#560-t1,previous=(t:1, i:55),leaderCommit=55,initializing? false,entries: size=1, first=(t:1, i:56), METADATAENTRY(c:55)
2024-05-03 18:50:26,785 [s2-server-thread1] DEBUG server.RaftServer$Division (RaftServerImpl.java:logAppendEntries(1505)) - s2@group-9EF6EF252B1E: appendEntries* reply s0<-s2#560:OK-t1,SUCCESS,nextIndex=57,followerCommit=55,matchIndex=56
2024-05-03 18:50:26,794 [HandlerDaemon-2] DEBUG server.RaftServer$Division (RaftServerImpl.java:logAppendEntries(1505)) - s1@group-9EF6EF252B1E: appendEntries* s0->s1#561-t1,previous=(t:1, i:55),leaderCommit=55,initializing? false,entries: size=1, first=(t:1, i:56), METADATAENTRY(c:55)
2024-05-03 18:50:26,794 [s1-server-thread1] DEBUG server.RaftServer$Division (RaftServerImpl.java:logAppendEntries(1505)) - s1@group-9EF6EF252B1E: appendEntries* reply s0<-s1#561:OK-t1,SUCCESS,nextIndex=57,followerCommit=55,matchIndex=56
2024-05-03 18:50:26,804 [main] DEBUG client.RaftClient (RaftClientImpl.java:add(146)) - client-138B7AB9D496: add replied callId 557
2024-05-03 18:50:26,804 [main] DEBUG client.RaftClient (RaftClientImpl.java:get(158)) - client-138B7AB9D496: get 562 returns [557]
2024-05-03 18:50:26,804 [main] DEBUG client.RaftClient (RaftClientImpl.java:newRequest(95)) - attempt #1, newRequest RaftClientRequest:client-138B7AB9D496->s0@group-9EF6EF252B1E, cid=562, seq=null, RW, m28
2024-05-03 18:50:26,804 [s0-client-thread1] DEBUG server.RaftServer$Division (RaftServerImpl.java:submitClientRequestAsync(889)) - s0@group-9EF6EF252B1E: receive client request(RaftClientRequest:client-138B7AB9D496->s0@group-9EF6EF252B1E, cid=562, seq=null, RW, m28)
2024-05-03 18:50:26,804 [s0-client-thread1] DEBUG server.RaftServer$Division (LeaderStateImpl.java:addPendingRequest(530)) - s0@group-9EF6EF252B1E-LeaderStateImpl: addPendingRequest at RaftClientRequest:client-138B7AB9D496->s0@group-9EF6EF252B1E, cid=562, seq=null, RW, m28, entry=(t:1, i:57), STATEMACHINELOGENTRY, WRITE: logData.size=3, stateMachineData.size=0, logEntryProtoSerializedSize=0
2024-05-03 18:50:26,805 [HandlerDaemon-0] DEBUG server.RaftServer$Division (RaftServerImpl.java:logAppendEntries(1505)) - s2@group-9EF6EF252B1E: appendEntries* s0->s2#563-t1,previous=(t:1, i:56),leaderCommit=56,initializing? false,entries: size=1, first=(t:1, i:57), STATEMACHINELOGENTRY, StateMachineLogEntryProto:562@client-138B7AB9D496
2024-05-03 18:50:26,805 [s2-server-thread1] DEBUG server.RaftServer$Division (RaftServerImpl.java:logAppendEntries(1505)) - s2@group-9EF6EF252B1E: appendEntries* reply s0<-s2#563:OK-t1,SUCCESS,nextIndex=58,followerCommit=56,matchIndex=57
2024-05-03 18:50:26,814 [HandlerDaemon-0] DEBUG server.RaftServer$Division (RaftServerImpl.java:logAppendEntries(1505)) - s1@group-9EF6EF252B1E: appendEntries* s0->s1#564-t1,previous=(t:1, i:56),leaderCommit=56,initializing? false,entries: size=1, first=(t:1, i:57), STATEMACHINELOGENTRY, StateMachineLogEntryProto:562@client-138B7AB9D496
2024-05-03 18:50:26,814 [s1-server-thread1] DEBUG server.RaftServer$Division (RaftServerImpl.java:logAppendEntries(1505)) - s1@group-9EF6EF252B1E: appendEntries* reply s0<-s1#564:OK-t1,SUCCESS,nextIndex=58,followerCommit=56,matchIndex=57
2024-05-03 18:50:26,821 [HandlerDaemon-1] DEBUG server.RaftServer$Division (RaftServerImpl.java:logAppendEntries(1505)) - s2@group-9EF6EF252B1E: appendEntries* s0->s2#565-t1,previous=(t:1, i:57),leaderCommit=57,initializing? false,entries: size=1, first=(t:1, i:58), METADATAENTRY(c:57)
2024-05-03 18:50:26,821 [s2-server-thread1] DEBUG server.RaftServer$Division (RaftServerImpl.java:logAppendEntries(1505)) - s2@group-9EF6EF252B1E: appendEntries* reply s0<-s2#565:OK-t1,SUCCESS,nextIndex=59,followerCommit=57,matchIndex=58
2024-05-03 18:50:26,833 [HandlerDaemon-1] DEBUG server.RaftServer$Division (RaftServerImpl.java:logAppendEntries(1505)) - s1@group-9EF6EF252B1E: appendEntries* s0->s1#566-t1,previous=(t:1, i:57),leaderCommit=57,initializing? false,entries: size=1, first=(t:1, i:58), METADATAENTRY(c:57)
2024-05-03 18:50:26,833 [s1-server-thread1] DEBUG server.RaftServer$Division (RaftServerImpl.java:logAppendEntries(1505)) - s1@group-9EF6EF252B1E: appendEntries* reply s0<-s1#566:OK-t1,SUCCESS,nextIndex=59,followerCommit=57,matchIndex=58
2024-05-03 18:50:26,833 [main] DEBUG client.RaftClient (RaftClientImpl.java:add(146)) - client-138B7AB9D496: add replied callId 562
2024-05-03 18:50:26,833 [main] DEBUG client.RaftClient (RaftClientImpl.java:get(158)) - client-138B7AB9D496: get 567 returns [562]
2024-05-03 18:50:26,834 [main] DEBUG client.RaftClient (RaftClientImpl.java:newRequest(95)) - attempt #1, newRequest RaftClientRequest:client-138B7AB9D496->s0@group-9EF6EF252B1E, cid=567, seq=null, RW, m29
2024-05-03 18:50:26,834 [s0-client-thread1] DEBUG server.RaftServer$Division (RaftServerImpl.java:submitClientRequestAsync(889)) - s0@group-9EF6EF252B1E: receive client request(RaftClientRequest:client-138B7AB9D496->s0@group-9EF6EF252B1E, cid=567, seq=null, RW, m29)
2024-05-03 18:50:26,834 [s0-client-thread1] DEBUG server.RaftServer$Division (LeaderStateImpl.java:addPendingRequest(530)) - s0@group-9EF6EF252B1E-LeaderStateImpl: addPendingRequest at RaftClientRequest:client-138B7AB9D496->s0@group-9EF6EF252B1E, cid=567, seq=null, RW, m29, entry=(t:1, i:59), STATEMACHINELOGENTRY, WRITE: logData.size=3, stateMachineData.size=0, logEntryProtoSerializedSize=0
2024-05-03 18:50:26,836 [HandlerDaemon-2] DEBUG server.RaftServer$Division (RaftServerImpl.java:logAppendEntries(1505)) - s2@group-9EF6EF252B1E: appendEntries* s0->s2#568-t1,previous=(t:1, i:58),leaderCommit=58,initializing? false,entries: size=1, first=(t:1, i:59), STATEMACHINELOGENTRY, StateMachineLogEntryProto:567@client-138B7AB9D496
2024-05-03 18:50:26,836 [s2-server-thread1] DEBUG server.RaftServer$Division (RaftServerImpl.java:logAppendEntries(1505)) - s2@group-9EF6EF252B1E: appendEntries* reply s0<-s2#568:OK-t1,SUCCESS,nextIndex=60,followerCommit=58,matchIndex=59
2024-05-03 18:50:26,846 [HandlerDaemon-2] DEBUG server.RaftServer$Division (RaftServerImpl.java:logAppendEntries(1505)) - s1@group-9EF6EF252B1E: appendEntries* s0->s1#569-t1,previous=(t:1, i:58),leaderCommit=58,initializing? false,entries: size=1, first=(t:1, i:59), STATEMACHINELOGENTRY, StateMachineLogEntryProto:567@client-138B7AB9D496
2024-05-03 18:50:26,846 [s1-server-thread1] DEBUG server.RaftServer$Division (RaftServerImpl.java:logAppendEntries(1505)) - s1@group-9EF6EF252B1E: appendEntries* reply s0<-s1#569:OK-t1,SUCCESS,nextIndex=60,followerCommit=58,matchIndex=59
2024-05-03 18:50:26,855 [HandlerDaemon-0] DEBUG server.RaftServer$Division (RaftServerImpl.java:logAppendEntries(1505)) - s2@group-9EF6EF252B1E: appendEntries* s0->s2#570-t1,previous=(t:1, i:59),leaderCommit=59,initializing? false,entries: size=1, first=(t:1, i:60), METADATAENTRY(c:59)
2024-05-03 18:50:26,856 [s2-server-thread1] DEBUG server.RaftServer$Division (RaftServerImpl.java:logAppendEntries(1505)) - s2@group-9EF6EF252B1E: appendEntries* reply s0<-s2#570:OK-t1,SUCCESS,nextIndex=61,followerCommit=59,matchIndex=60
2024-05-03 18:50:26,857 [HandlerDaemon-0] DEBUG server.RaftServer$Division (RaftServerImpl.java:logAppendEntries(1505)) - s1@group-9EF6EF252B1E: appendEntries* s0->s1#571-t1,previous=(t:1, i:59),leaderCommit=59,initializing? false,entries: size=1, first=(t:1, i:60), METADATAENTRY(c:59)
2024-05-03 18:50:26,857 [s1-server-thread1] DEBUG server.RaftServer$Division (RaftServerImpl.java:logAppendEntries(1505)) - s1@group-9EF6EF252B1E: appendEntries* reply s0<-s1#571:OK-t1,SUCCESS,nextIndex=61,followerCommit=59,matchIndex=60
2024-05-03 18:50:26,871 [main] DEBUG client.RaftClient (RaftClientImpl.java:add(146)) - client-138B7AB9D496: add replied callId 567
2024-05-03 18:50:26,872 [main] DEBUG client.RaftClient (RaftClientImpl.java:get(158)) - client-138B7AB9D496: get 572 returns [567]
2024-05-03 18:50:26,872 [main] DEBUG client.RaftClient (RaftClientImpl.java:newRequest(95)) - attempt #1, newRequest RaftClientRequest:client-138B7AB9D496->s0@group-9EF6EF252B1E, cid=572, seq=null, RW, m30
2024-05-03 18:50:26,872 [s0-client-thread1] DEBUG server.RaftServer$Division (RaftServerImpl.java:submitClientRequestAsync(889)) - s0@group-9EF6EF252B1E: receive client request(RaftClientRequest:client-138B7AB9D496->s0@group-9EF6EF252B1E, cid=572, seq=null, RW, m30)
2024-05-03 18:50:26,872 [s0-client-thread1] DEBUG server.RaftServer$Division (LeaderStateImpl.java:addPendingRequest(530)) - s0@group-9EF6EF252B1E-LeaderStateImpl: addPendingRequest at RaftClientRequest:client-138B7AB9D496->s0@group-9EF6EF252B1E, cid=572, seq=null, RW, m30, entry=(t:1, i:61), STATEMACHINELOGENTRY, WRITE: logData.size=3, stateMachineData.size=0, logEntryProtoSerializedSize=0
2024-05-03 18:50:26,872 [HandlerDaemon-1] DEBUG server.RaftServer$Division (RaftServerImpl.java:logAppendEntries(1505)) - s2@group-9EF6EF252B1E: appendEntries* s0->s2#573-t1,previous=(t:1, i:60),leaderCommit=60,initializing? false,entries: size=1, first=(t:1, i:61), STATEMACHINELOGENTRY, StateMachineLogEntryProto:572@client-138B7AB9D496
2024-05-03 18:50:26,873 [s2-server-thread1] DEBUG server.RaftServer$Division (RaftServerImpl.java:logAppendEntries(1505)) - s2@group-9EF6EF252B1E: appendEntries* reply s0<-s2#573:OK-t1,SUCCESS,nextIndex=62,followerCommit=60,matchIndex=61
2024-05-03 18:50:26,875 [HandlerDaemon-1] DEBUG server.RaftServer$Division (RaftServerImpl.java:logAppendEntries(1505)) - s1@group-9EF6EF252B1E: appendEntries* s0->s1#574-t1,previous=(t:1, i:60),leaderCommit=60,initializing? false,entries: size=1, first=(t:1, i:61), STATEMACHINELOGENTRY, StateMachineLogEntryProto:572@client-138B7AB9D496
2024-05-03 18:50:26,876 [s1-server-thread1] DEBUG server.RaftServer$Division (RaftServerImpl.java:logAppendEntries(1505)) - s1@group-9EF6EF252B1E: appendEntries* reply s0<-s1#574:OK-t1,SUCCESS,nextIndex=62,followerCommit=60,matchIndex=61
2024-05-03 18:50:26,886 [HandlerDaemon-2] DEBUG server.RaftServer$Division (RaftServerImpl.java:logAppendEntries(1505)) - s2@group-9EF6EF252B1E: appendEntries* s0->s2#575-t1,previous=(t:1, i:61),leaderCommit=61,initializing? false,entries: size=1, first=(t:1, i:62), METADATAENTRY(c:61)
2024-05-03 18:50:26,886 [s2-server-thread1] DEBUG server.RaftServer$Division (RaftServerImpl.java:logAppendEntries(1505)) - s2@group-9EF6EF252B1E: appendEntries* reply s0<-s2#575:OK-t1,SUCCESS,nextIndex=63,followerCommit=61,matchIndex=62
2024-05-03 18:50:26,894 [HandlerDaemon-2] DEBUG server.RaftServer$Division (RaftServerImpl.java:logAppendEntries(1505)) - s1@group-9EF6EF252B1E: appendEntries* s0->s1#576-t1,previous=(t:1, i:61),leaderCommit=61,initializing? false,entries: size=1, first=(t:1, i:62), METADATAENTRY(c:61)
2024-05-03 18:50:26,894 [s1-server-thread1] DEBUG server.RaftServer$Division (RaftServerImpl.java:logAppendEntries(1505)) - s1@group-9EF6EF252B1E: appendEntries* reply s0<-s1#576:OK-t1,SUCCESS,nextIndex=63,followerCommit=61,matchIndex=62
2024-05-03 18:50:26,902 [main] DEBUG client.RaftClient (RaftClientImpl.java:add(146)) - client-138B7AB9D496: add replied callId 572
2024-05-03 18:50:26,902 [main] DEBUG client.RaftClient (RaftClientImpl.java:get(158)) - client-138B7AB9D496: get 577 returns [572]
2024-05-03 18:50:26,902 [main] DEBUG client.RaftClient (RaftClientImpl.java:newRequest(95)) - attempt #1, newRequest RaftClientRequest:client-138B7AB9D496->s0@group-9EF6EF252B1E, cid=577, seq=null, RW, m31
2024-05-03 18:50:26,902 [s0-client-thread1] DEBUG server.RaftServer$Division (RaftServerImpl.java:submitClientRequestAsync(889)) - s0@group-9EF6EF252B1E: receive client request(RaftClientRequest:client-138B7AB9D496->s0@group-9EF6EF252B1E, cid=577, seq=null, RW, m31)
2024-05-03 18:50:26,903 [s0-client-thread1] DEBUG server.RaftServer$Division (LeaderStateImpl.java:addPendingRequest(530)) - s0@group-9EF6EF252B1E-LeaderStateImpl: addPendingRequest at RaftClientRequest:client-138B7AB9D496->s0@group-9EF6EF252B1E, cid=577, seq=null, RW, m31, entry=(t:1, i:63), STATEMACHINELOGENTRY, WRITE: logData.size=3, stateMachineData.size=0, logEntryProtoSerializedSize=0
2024-05-03 18:50:26,903 [HandlerDaemon-0] DEBUG server.RaftServer$Division (RaftServerImpl.java:logAppendEntries(1505)) - s2@group-9EF6EF252B1E: appendEntries* s0->s2#578-t1,previous=(t:1, i:62),leaderCommit=62,initializing? false,entries: size=1, first=(t:1, i:63), STATEMACHINELOGENTRY, StateMachineLogEntryProto:577@client-138B7AB9D496
2024-05-03 18:50:26,903 [s2-server-thread1] DEBUG server.RaftServer$Division (RaftServerImpl.java:logAppendEntries(1505)) - s2@group-9EF6EF252B1E: appendEntries* reply s0<-s2#578:OK-t1,SUCCESS,nextIndex=64,followerCommit=62,matchIndex=63
2024-05-03 18:50:26,904 [HandlerDaemon-0] DEBUG server.RaftServer$Division (RaftServerImpl.java:logAppendEntries(1505)) - s1@group-9EF6EF252B1E: appendEntries* s0->s1#579-t1,previous=(t:1, i:62),leaderCommit=62,initializing? false,entries: size=1, first=(t:1, i:63), STATEMACHINELOGENTRY, StateMachineLogEntryProto:577@client-138B7AB9D496
2024-05-03 18:50:26,905 [s1-server-thread1] DEBUG server.RaftServer$Division (RaftServerImpl.java:logAppendEntries(1505)) - s1@group-9EF6EF252B1E: appendEntries* reply s0<-s1#579:OK-t1,SUCCESS,nextIndex=64,followerCommit=62,matchIndex=63
2024-05-03 18:50:26,921 [HandlerDaemon-1] DEBUG server.RaftServer$Division (RaftServerImpl.java:logAppendEntries(1505)) - s2@group-9EF6EF252B1E: appendEntries* s0->s2#580-t1,previous=(t:1, i:63),leaderCommit=63,initializing? false,entries: size=1, first=(t:1, i:64), METADATAENTRY(c:63)
2024-05-03 18:50:26,921 [s2-server-thread1] DEBUG server.RaftServer$Division (RaftServerImpl.java:logAppendEntries(1505)) - s2@group-9EF6EF252B1E: appendEntries* reply s0<-s2#580:OK-t1,SUCCESS,nextIndex=65,followerCommit=63,matchIndex=64
2024-05-03 18:50:26,923 [HandlerDaemon-1] DEBUG server.RaftServer$Division (RaftServerImpl.java:logAppendEntries(1505)) - s1@group-9EF6EF252B1E: appendEntries* s0->s1#581-t1,previous=(t:1, i:63),leaderCommit=63,initializing? false,entries: size=1, first=(t:1, i:64), METADATAENTRY(c:63)
2024-05-03 18:50:26,923 [s1-server-thread1] DEBUG server.RaftServer$Division (RaftServerImpl.java:logAppendEntries(1505)) - s1@group-9EF6EF252B1E: appendEntries* reply s0<-s1#581:OK-t1,SUCCESS,nextIndex=65,followerCommit=63,matchIndex=64
2024-05-03 18:50:26,934 [main] DEBUG client.RaftClient (RaftClientImpl.java:add(146)) - client-138B7AB9D496: add replied callId 577
2024-05-03 18:50:26,934 [main] DEBUG client.RaftClient (RaftClientImpl.java:get(158)) - client-138B7AB9D496: get 582 returns [577]
2024-05-03 18:50:26,935 [main] DEBUG client.RaftClient (RaftClientImpl.java:newRequest(95)) - attempt #1, newRequest RaftClientRequest:client-138B7AB9D496->s0@group-9EF6EF252B1E, cid=582, seq=null, RW, m32
2024-05-03 18:50:26,935 [s0-client-thread1] DEBUG server.RaftServer$Division (RaftServerImpl.java:submitClientRequestAsync(889)) - s0@group-9EF6EF252B1E: receive client request(RaftClientRequest:client-138B7AB9D496->s0@group-9EF6EF252B1E, cid=582, seq=null, RW, m32)
2024-05-03 18:50:26,935 [s0-client-thread1] DEBUG server.RaftServer$Division (LeaderStateImpl.java:addPendingRequest(530)) - s0@group-9EF6EF252B1E-LeaderStateImpl: addPendingRequest at RaftClientRequest:client-138B7AB9D496->s0@group-9EF6EF252B1E, cid=582, seq=null, RW, m32, entry=(t:1, i:65), STATEMACHINELOGENTRY, WRITE: logData.size=3, stateMachineData.size=0, logEntryProtoSerializedSize=0
2024-05-03 18:50:26,935 [HandlerDaemon-2] DEBUG server.RaftServer$Division (RaftServerImpl.java:logAppendEntries(1505)) - s1@group-9EF6EF252B1E: appendEntries* s0->s1#583-t1,previous=(t:1, i:64),leaderCommit=64,initializing? false,entries: size=1, first=(t:1, i:65), STATEMACHINELOGENTRY, StateMachineLogEntryProto:582@client-138B7AB9D496
2024-05-03 18:50:26,935 [s1-server-thread1] DEBUG server.RaftServer$Division (RaftServerImpl.java:logAppendEntries(1505)) - s1@group-9EF6EF252B1E: appendEntries* reply s0<-s1#583:OK-t1,SUCCESS,nextIndex=66,followerCommit=64,matchIndex=65
2024-05-03 18:50:26,936 [HandlerDaemon-2] DEBUG server.RaftServer$Division (RaftServerImpl.java:logAppendEntries(1505)) - s2@group-9EF6EF252B1E: appendEntries* s0->s2#584-t1,previous=(t:1, i:64),leaderCommit=64,initializing? false,entries: size=1, first=(t:1, i:65), STATEMACHINELOGENTRY, StateMachineLogEntryProto:582@client-138B7AB9D496
2024-05-03 18:50:26,936 [s2-server-thread1] DEBUG server.RaftServer$Division (RaftServerImpl.java:logAppendEntries(1505)) - s2@group-9EF6EF252B1E: appendEntries* reply s0<-s2#584:OK-t1,SUCCESS,nextIndex=66,followerCommit=64,matchIndex=65
2024-05-03 18:50:26,947 [HandlerDaemon-0] DEBUG server.RaftServer$Division (RaftServerImpl.java:logAppendEntries(1505)) - s1@group-9EF6EF252B1E: appendEntries* s0->s1#585-t1,previous=(t:1, i:65),leaderCommit=65,initializing? false,entries: size=1, first=(t:1, i:66), METADATAENTRY(c:65)
2024-05-03 18:50:26,947 [s1-server-thread1] DEBUG server.RaftServer$Division (RaftServerImpl.java:logAppendEntries(1505)) - s1@group-9EF6EF252B1E: appendEntries* reply s0<-s1#585:OK-t1,SUCCESS,nextIndex=67,followerCommit=65,matchIndex=66
2024-05-03 18:50:26,949 [HandlerDaemon-0] DEBUG server.RaftServer$Division (RaftServerImpl.java:logAppendEntries(1505)) - s2@group-9EF6EF252B1E: appendEntries* s0->s2#586-t1,previous=(t:1, i:65),leaderCommit=65,initializing? false,entries: size=1, first=(t:1, i:66), METADATAENTRY(c:65)
2024-05-03 18:50:26,949 [s2-server-thread1] DEBUG server.RaftServer$Division (RaftServerImpl.java:logAppendEntries(1505)) - s2@group-9EF6EF252B1E: appendEntries* reply s0<-s2#586:OK-t1,SUCCESS,nextIndex=67,followerCommit=65,matchIndex=66
2024-05-03 18:50:26,959 [main] DEBUG client.RaftClient (RaftClientImpl.java:add(146)) - client-138B7AB9D496: add replied callId 582
2024-05-03 18:50:26,959 [main] DEBUG client.RaftClient (RaftClientImpl.java:get(158)) - client-138B7AB9D496: get 587 returns [582]
2024-05-03 18:50:26,959 [main] DEBUG client.RaftClient (RaftClientImpl.java:newRequest(95)) - attempt #1, newRequest RaftClientRequest:client-138B7AB9D496->s0@group-9EF6EF252B1E, cid=587, seq=null, RW, m33
2024-05-03 18:50:26,959 [s0-client-thread1] DEBUG server.RaftServer$Division (RaftServerImpl.java:submitClientRequestAsync(889)) - s0@group-9EF6EF252B1E: receive client request(RaftClientRequest:client-138B7AB9D496->s0@group-9EF6EF252B1E, cid=587, seq=null, RW, m33)
2024-05-03 18:50:26,960 [s0-client-thread1] DEBUG server.RaftServer$Division (LeaderStateImpl.java:addPendingRequest(530)) - s0@group-9EF6EF252B1E-LeaderStateImpl: addPendingRequest at RaftClientRequest:client-138B7AB9D496->s0@group-9EF6EF252B1E, cid=587, seq=null, RW, m33, entry=(t:1, i:67), STATEMACHINELOGENTRY, WRITE: logData.size=3, stateMachineData.size=0, logEntryProtoSerializedSize=0
2024-05-03 18:50:26,960 [HandlerDaemon-1] DEBUG server.RaftServer$Division (RaftServerImpl.java:logAppendEntries(1505)) - s1@group-9EF6EF252B1E: appendEntries* s0->s1#588-t1,previous=(t:1, i:66),leaderCommit=66,initializing? false,entries: size=1, first=(t:1, i:67), STATEMACHINELOGENTRY, StateMachineLogEntryProto:587@client-138B7AB9D496
2024-05-03 18:50:26,960 [s1-server-thread1] DEBUG server.RaftServer$Division (RaftServerImpl.java:logAppendEntries(1505)) - s1@group-9EF6EF252B1E: appendEntries* reply s0<-s1#588:OK-t1,SUCCESS,nextIndex=68,followerCommit=66,matchIndex=67
2024-05-03 18:50:26,969 [HandlerDaemon-1] DEBUG server.RaftServer$Division (RaftServerImpl.java:logAppendEntries(1505)) - s2@group-9EF6EF252B1E: appendEntries* s0->s2#589-t1,previous=(t:1, i:66),leaderCommit=66,initializing? false,entries: size=1, first=(t:1, i:67), STATEMACHINELOGENTRY, StateMachineLogEntryProto:587@client-138B7AB9D496
2024-05-03 18:50:26,969 [s2-server-thread1] DEBUG server.RaftServer$Division (RaftServerImpl.java:logAppendEntries(1505)) - s2@group-9EF6EF252B1E: appendEntries* reply s0<-s2#589:OK-t1,SUCCESS,nextIndex=68,followerCommit=66,matchIndex=67
2024-05-03 18:50:26,972 [HandlerDaemon-2] DEBUG server.RaftServer$Division (RaftServerImpl.java:logAppendEntries(1505)) - s1@group-9EF6EF252B1E: appendEntries* s0->s1#590-t1,previous=(t:1, i:67),leaderCommit=67,initializing? false,entries: size=1, first=(t:1, i:68), METADATAENTRY(c:67)
2024-05-03 18:50:26,972 [s1-server-thread1] DEBUG server.RaftServer$Division (RaftServerImpl.java:logAppendEntries(1505)) - s1@group-9EF6EF252B1E: appendEntries* reply s0<-s1#590:OK-t1,SUCCESS,nextIndex=69,followerCommit=67,matchIndex=68
2024-05-03 18:50:26,983 [HandlerDaemon-2] DEBUG server.RaftServer$Division (RaftServerImpl.java:logAppendEntries(1505)) - s2@group-9EF6EF252B1E: appendEntries* s0->s2#591-t1,previous=(t:1, i:67),leaderCommit=67,initializing? false,entries: size=1, first=(t:1, i:68), METADATAENTRY(c:67)
2024-05-03 18:50:26,983 [s2-server-thread1] DEBUG server.RaftServer$Division (RaftServerImpl.java:logAppendEntries(1505)) - s2@group-9EF6EF252B1E: appendEntries* reply s0<-s2#591:OK-t1,SUCCESS,nextIndex=69,followerCommit=67,matchIndex=68
2024-05-03 18:50:26,988 [main] DEBUG client.RaftClient (RaftClientImpl.java:add(146)) - client-138B7AB9D496: add replied callId 587
2024-05-03 18:50:26,988 [main] DEBUG client.RaftClient (RaftClientImpl.java:get(158)) - client-138B7AB9D496: get 592 returns [587]
2024-05-03 18:50:26,988 [main] DEBUG client.RaftClient (RaftClientImpl.java:newRequest(95)) - attempt #1, newRequest RaftClientRequest:client-138B7AB9D496->s0@group-9EF6EF252B1E, cid=592, seq=null, RW, m34
2024-05-03 18:50:26,988 [s0-client-thread1] DEBUG server.RaftServer$Division (RaftServerImpl.java:submitClientRequestAsync(889)) - s0@group-9EF6EF252B1E: receive client request(RaftClientRequest:client-138B7AB9D496->s0@group-9EF6EF252B1E, cid=592, seq=null, RW, m34)
2024-05-03 18:50:26,988 [s0-client-thread1] DEBUG server.RaftServer$Division (LeaderStateImpl.java:addPendingRequest(530)) - s0@group-9EF6EF252B1E-LeaderStateImpl: addPendingRequest at RaftClientRequest:client-138B7AB9D496->s0@group-9EF6EF252B1E, cid=592, seq=null, RW, m34, entry=(t:1, i:69), STATEMACHINELOGENTRY, WRITE: logData.size=3, stateMachineData.size=0, logEntryProtoSerializedSize=0
2024-05-03 18:50:26,989 [HandlerDaemon-0] DEBUG server.RaftServer$Division (RaftServerImpl.java:logAppendEntries(1505)) - s1@group-9EF6EF252B1E: appendEntries* s0->s1#593-t1,previous=(t:1, i:68),leaderCommit=68,initializing? false,entries: size=1, first=(t:1, i:69), STATEMACHINELOGENTRY, StateMachineLogEntryProto:592@client-138B7AB9D496
2024-05-03 18:50:26,989 [s1-server-thread1] DEBUG server.RaftServer$Division (RaftServerImpl.java:logAppendEntries(1505)) - s1@group-9EF6EF252B1E: appendEntries* reply s0<-s1#593:OK-t1,SUCCESS,nextIndex=70,followerCommit=68,matchIndex=69
2024-05-03 18:50:26,997 [HandlerDaemon-0] DEBUG server.RaftServer$Division (RaftServerImpl.java:logAppendEntries(1505)) - s2@group-9EF6EF252B1E: appendEntries* s0->s2#594-t1,previous=(t:1, i:68),leaderCommit=68,initializing? false,entries: size=1, first=(t:1, i:69), STATEMACHINELOGENTRY, StateMachineLogEntryProto:592@client-138B7AB9D496
2024-05-03 18:50:26,997 [s2-server-thread1] DEBUG server.RaftServer$Division (RaftServerImpl.java:logAppendEntries(1505)) - s2@group-9EF6EF252B1E: appendEntries* reply s0<-s2#594:OK-t1,SUCCESS,nextIndex=70,followerCommit=68,matchIndex=69
2024-05-03 18:50:27,001 [HandlerDaemon-1] DEBUG server.RaftServer$Division (RaftServerImpl.java:logAppendEntries(1505)) - s1@group-9EF6EF252B1E: appendEntries* s0->s1#595-t1,previous=(t:1, i:69),leaderCommit=69,initializing? false,entries: size=1, first=(t:1, i:70), METADATAENTRY(c:69)
2024-05-03 18:50:27,001 [s1-server-thread1] DEBUG server.RaftServer$Division (RaftServerImpl.java:logAppendEntries(1505)) - s1@group-9EF6EF252B1E: appendEntries* reply s0<-s1#595:OK-t1,SUCCESS,nextIndex=71,followerCommit=69,matchIndex=70
2024-05-03 18:50:27,013 [HandlerDaemon-1] DEBUG server.RaftServer$Division (RaftServerImpl.java:logAppendEntries(1505)) - s2@group-9EF6EF252B1E: appendEntries* s0->s2#596-t1,previous=(t:1, i:69),leaderCommit=69,initializing? false,entries: size=1, first=(t:1, i:70), METADATAENTRY(c:69)
2024-05-03 18:50:27,013 [main] DEBUG client.RaftClient (RaftClientImpl.java:add(146)) - client-138B7AB9D496: add replied callId 592
2024-05-03 18:50:27,013 [s2-server-thread1] DEBUG server.RaftServer$Division (RaftServerImpl.java:logAppendEntries(1505)) - s2@group-9EF6EF252B1E: appendEntries* reply s0<-s2#596:OK-t1,SUCCESS,nextIndex=71,followerCommit=69,matchIndex=70
2024-05-03 18:50:27,013 [main] DEBUG client.RaftClient (RaftClientImpl.java:get(158)) - client-138B7AB9D496: get 597 returns [592]
2024-05-03 18:50:27,014 [main] DEBUG client.RaftClient (RaftClientImpl.java:newRequest(95)) - attempt #1, newRequest RaftClientRequest:client-138B7AB9D496->s0@group-9EF6EF252B1E, cid=597, seq=null, RW, m35
2024-05-03 18:50:27,014 [s0-client-thread1] DEBUG server.RaftServer$Division (RaftServerImpl.java:submitClientRequestAsync(889)) - s0@group-9EF6EF252B1E: receive client request(RaftClientRequest:client-138B7AB9D496->s0@group-9EF6EF252B1E, cid=597, seq=null, RW, m35)
2024-05-03 18:50:27,014 [s0-client-thread1] DEBUG server.RaftServer$Division (LeaderStateImpl.java:addPendingRequest(530)) - s0@group-9EF6EF252B1E-LeaderStateImpl: addPendingRequest at RaftClientRequest:client-138B7AB9D496->s0@group-9EF6EF252B1E, cid=597, seq=null, RW, m35, entry=(t:1, i:71), STATEMACHINELOGENTRY, WRITE: logData.size=3, stateMachineData.size=0, logEntryProtoSerializedSize=0
2024-05-03 18:50:27,014 [HandlerDaemon-2] DEBUG server.RaftServer$Division (RaftServerImpl.java:logAppendEntries(1505)) - s1@group-9EF6EF252B1E: appendEntries* s0->s1#598-t1,previous=(t:1, i:70),leaderCommit=70,initializing? false,entries: size=1, first=(t:1, i:71), STATEMACHINELOGENTRY, StateMachineLogEntryProto:597@client-138B7AB9D496
2024-05-03 18:50:27,014 [s1-server-thread1] DEBUG server.RaftServer$Division (RaftServerImpl.java:logAppendEntries(1505)) - s1@group-9EF6EF252B1E: appendEntries* reply s0<-s1#598:OK-t1,SUCCESS,nextIndex=72,followerCommit=70,matchIndex=71
2024-05-03 18:50:27,029 [HandlerDaemon-2] DEBUG server.RaftServer$Division (RaftServerImpl.java:logAppendEntries(1505)) - s2@group-9EF6EF252B1E: appendEntries* s0->s2#599-t1,previous=(t:1, i:70),leaderCommit=70,initializing? false,entries: size=1, first=(t:1, i:71), STATEMACHINELOGENTRY, StateMachineLogEntryProto:597@client-138B7AB9D496
2024-05-03 18:50:27,029 [s2-server-thread1] DEBUG server.RaftServer$Division (RaftServerImpl.java:logAppendEntries(1505)) - s2@group-9EF6EF252B1E: appendEntries* reply s0<-s2#599:OK-t1,SUCCESS,nextIndex=72,followerCommit=70,matchIndex=71
2024-05-03 18:50:27,033 [HandlerDaemon-0] DEBUG server.RaftServer$Division (RaftServerImpl.java:logAppendEntries(1505)) - s1@group-9EF6EF252B1E: appendEntries* s0->s1#600-t1,previous=(t:1, i:71),leaderCommit=71,initializing? false,entries: size=1, first=(t:1, i:72), METADATAENTRY(c:71)
2024-05-03 18:50:27,033 [s1-server-thread1] DEBUG server.RaftServer$Division (RaftServerImpl.java:logAppendEntries(1505)) - s1@group-9EF6EF252B1E: appendEntries* reply s0<-s1#600:OK-t1,SUCCESS,nextIndex=73,followerCommit=71,matchIndex=72
2024-05-03 18:50:27,043 [main] DEBUG client.RaftClient (RaftClientImpl.java:add(146)) - client-138B7AB9D496: add replied callId 597
2024-05-03 18:50:27,043 [main] DEBUG client.RaftClient (RaftClientImpl.java:get(158)) - client-138B7AB9D496: get 601 returns [597]
2024-05-03 18:50:27,043 [main] DEBUG client.RaftClient (RaftClientImpl.java:newRequest(95)) - attempt #1, newRequest RaftClientRequest:client-138B7AB9D496->s0@group-9EF6EF252B1E, cid=601, seq=null, RW, m36
2024-05-03 18:50:27,043 [s0-client-thread1] DEBUG server.RaftServer$Division (RaftServerImpl.java:submitClientRequestAsync(889)) - s0@group-9EF6EF252B1E: receive client request(RaftClientRequest:client-138B7AB9D496->s0@group-9EF6EF252B1E, cid=601, seq=null, RW, m36)
2024-05-03 18:50:27,043 [s0-client-thread1] DEBUG server.RaftServer$Division (LeaderStateImpl.java:addPendingRequest(530)) - s0@group-9EF6EF252B1E-LeaderStateImpl: addPendingRequest at RaftClientRequest:client-138B7AB9D496->s0@group-9EF6EF252B1E, cid=601, seq=null, RW, m36, entry=(t:1, i:73), STATEMACHINELOGENTRY, WRITE: logData.size=3, stateMachineData.size=0, logEntryProtoSerializedSize=0
2024-05-03 18:50:27,045 [HandlerDaemon-1] DEBUG server.RaftServer$Division (RaftServerImpl.java:logAppendEntries(1505)) - s1@group-9EF6EF252B1E: appendEntries* s0->s1#602-t1,previous=(t:1, i:72),leaderCommit=72,initializing? false,entries: size=1, first=(t:1, i:73), STATEMACHINELOGENTRY, StateMachineLogEntryProto:601@client-138B7AB9D496
2024-05-03 18:50:27,045 [s1-server-thread1] DEBUG server.RaftServer$Division (RaftServerImpl.java:logAppendEntries(1505)) - s1@group-9EF6EF252B1E: appendEntries* reply s0<-s1#602:OK-t1,SUCCESS,nextIndex=74,followerCommit=72,matchIndex=73
2024-05-03 18:50:27,047 [HandlerDaemon-0] DEBUG server.RaftServer$Division (RaftServerImpl.java:logAppendEntries(1505)) - s2@group-9EF6EF252B1E: appendEntries* s0->s2#603-t1,previous=(t:1, i:71),leaderCommit=72,initializing? false,entries: size=2, first=(t:1, i:72), METADATAENTRY(c:71)
2024-05-03 18:50:27,047 [s2-server-thread1] DEBUG server.RaftServer$Division (RaftServerImpl.java:logAppendEntries(1505)) - s2@group-9EF6EF252B1E: appendEntries* reply s0<-s2#603:OK-t1,SUCCESS,nextIndex=74,followerCommit=72,matchIndex=73
2024-05-03 18:50:27,061 [HandlerDaemon-1] DEBUG server.RaftServer$Division (RaftServerImpl.java:logAppendEntries(1505)) - s2@group-9EF6EF252B1E: appendEntries* s0->s2#604-t1,previous=(t:1, i:73),leaderCommit=73,initializing? false,entries: size=1, first=(t:1, i:74), METADATAENTRY(c:73)
2024-05-03 18:50:27,061 [s2-server-thread1] DEBUG server.RaftServer$Division (RaftServerImpl.java:logAppendEntries(1505)) - s2@group-9EF6EF252B1E: appendEntries* reply s0<-s2#604:OK-t1,SUCCESS,nextIndex=75,followerCommit=73,matchIndex=74
2024-05-03 18:50:27,063 [HandlerDaemon-2] DEBUG server.RaftServer$Division (RaftServerImpl.java:logAppendEntries(1505)) - s1@group-9EF6EF252B1E: appendEntries* s0->s1#605-t1,previous=(t:1, i:73),leaderCommit=73,initializing? false,entries: size=1, first=(t:1, i:74), METADATAENTRY(c:73)
2024-05-03 18:50:27,063 [s1-server-thread1] DEBUG server.RaftServer$Division (RaftServerImpl.java:logAppendEntries(1505)) - s1@group-9EF6EF252B1E: appendEntries* reply s0<-s1#605:OK-t1,SUCCESS,nextIndex=75,followerCommit=73,matchIndex=74
2024-05-03 18:50:27,076 [main] DEBUG client.RaftClient (RaftClientImpl.java:add(146)) - client-138B7AB9D496: add replied callId 601
2024-05-03 18:50:27,076 [main] DEBUG client.RaftClient (RaftClientImpl.java:get(158)) - client-138B7AB9D496: get 606 returns [601]
2024-05-03 18:50:27,076 [main] DEBUG client.RaftClient (RaftClientImpl.java:newRequest(95)) - attempt #1, newRequest RaftClientRequest:client-138B7AB9D496->s0@group-9EF6EF252B1E, cid=606, seq=null, RW, m37
2024-05-03 18:50:27,076 [s0-client-thread1] DEBUG server.RaftServer$Division (RaftServerImpl.java:submitClientRequestAsync(889)) - s0@group-9EF6EF252B1E: receive client request(RaftClientRequest:client-138B7AB9D496->s0@group-9EF6EF252B1E, cid=606, seq=null, RW, m37)
2024-05-03 18:50:27,076 [s0-client-thread1] DEBUG server.RaftServer$Division (LeaderStateImpl.java:addPendingRequest(530)) - s0@group-9EF6EF252B1E-LeaderStateImpl: addPendingRequest at RaftClientRequest:client-138B7AB9D496->s0@group-9EF6EF252B1E, cid=606, seq=null, RW, m37, entry=(t:1, i:75), STATEMACHINELOGENTRY, WRITE: logData.size=3, stateMachineData.size=0, logEntryProtoSerializedSize=0
2024-05-03 18:50:27,077 [HandlerDaemon-0] DEBUG server.RaftServer$Division (RaftServerImpl.java:logAppendEntries(1505)) - s1@group-9EF6EF252B1E: appendEntries* s0->s1#607-t1,previous=(t:1, i:74),leaderCommit=74,initializing? false,entries: size=1, first=(t:1, i:75), STATEMACHINELOGENTRY, StateMachineLogEntryProto:606@client-138B7AB9D496
2024-05-03 18:50:27,077 [HandlerDaemon-2] DEBUG server.RaftServer$Division (RaftServerImpl.java:logAppendEntries(1505)) - s2@group-9EF6EF252B1E: appendEntries* s0->s2#608-t1,previous=(t:1, i:74),leaderCommit=74,initializing? false,entries: size=1, first=(t:1, i:75), STATEMACHINELOGENTRY, StateMachineLogEntryProto:606@client-138B7AB9D496
2024-05-03 18:50:27,077 [s1-server-thread1] DEBUG server.RaftServer$Division (RaftServerImpl.java:logAppendEntries(1505)) - s1@group-9EF6EF252B1E: appendEntries* reply s0<-s1#607:OK-t1,SUCCESS,nextIndex=76,followerCommit=74,matchIndex=75
2024-05-03 18:50:27,077 [s2-server-thread1] DEBUG server.RaftServer$Division (RaftServerImpl.java:logAppendEntries(1505)) - s2@group-9EF6EF252B1E: appendEntries* reply s0<-s2#608:OK-t1,SUCCESS,nextIndex=76,followerCommit=74,matchIndex=75
2024-05-03 18:50:27,089 [HandlerDaemon-0] DEBUG server.RaftServer$Division (RaftServerImpl.java:logAppendEntries(1505)) - s2@group-9EF6EF252B1E: appendEntries* s0->s2#609-t1,previous=(t:1, i:75),leaderCommit=75,initializing? false,entries: size=1, first=(t:1, i:76), METADATAENTRY(c:75)
2024-05-03 18:50:27,090 [s2-server-thread1] DEBUG server.RaftServer$Division (RaftServerImpl.java:logAppendEntries(1505)) - s2@group-9EF6EF252B1E: appendEntries* reply s0<-s2#609:OK-t1,SUCCESS,nextIndex=77,followerCommit=75,matchIndex=76
2024-05-03 18:50:27,092 [HandlerDaemon-1] DEBUG server.RaftServer$Division (RaftServerImpl.java:logAppendEntries(1505)) - s1@group-9EF6EF252B1E: appendEntries* s0->s1#610-t1,previous=(t:1, i:75),leaderCommit=75,initializing? false,entries: size=1, first=(t:1, i:76), METADATAENTRY(c:75)
2024-05-03 18:50:27,093 [s1-server-thread1] DEBUG server.RaftServer$Division (RaftServerImpl.java:logAppendEntries(1505)) - s1@group-9EF6EF252B1E: appendEntries* reply s0<-s1#610:OK-t1,SUCCESS,nextIndex=77,followerCommit=75,matchIndex=76
2024-05-03 18:50:27,103 [main] DEBUG client.RaftClient (RaftClientImpl.java:add(146)) - client-138B7AB9D496: add replied callId 606
2024-05-03 18:50:27,104 [main] DEBUG client.RaftClient (RaftClientImpl.java:get(158)) - client-138B7AB9D496: get 611 returns [606]
2024-05-03 18:50:27,104 [main] DEBUG client.RaftClient (RaftClientImpl.java:newRequest(95)) - attempt #1, newRequest RaftClientRequest:client-138B7AB9D496->s0@group-9EF6EF252B1E, cid=611, seq=null, RW, m38
2024-05-03 18:50:27,104 [s0-client-thread1] DEBUG server.RaftServer$Division (RaftServerImpl.java:submitClientRequestAsync(889)) - s0@group-9EF6EF252B1E: receive client request(RaftClientRequest:client-138B7AB9D496->s0@group-9EF6EF252B1E, cid=611, seq=null, RW, m38)
2024-05-03 18:50:27,104 [s0-client-thread1] DEBUG server.RaftServer$Division (LeaderStateImpl.java:addPendingRequest(530)) - s0@group-9EF6EF252B1E-LeaderStateImpl: addPendingRequest at RaftClientRequest:client-138B7AB9D496->s0@group-9EF6EF252B1E, cid=611, seq=null, RW, m38, entry=(t:1, i:77), STATEMACHINELOGENTRY, WRITE: logData.size=3, stateMachineData.size=0, logEntryProtoSerializedSize=0
2024-05-03 18:50:27,106 [HandlerDaemon-1] DEBUG server.RaftServer$Division (RaftServerImpl.java:logAppendEntries(1505)) - s2@group-9EF6EF252B1E: appendEntries* s0->s2#612-t1,previous=(t:1, i:76),leaderCommit=76,initializing? false,entries: size=1, first=(t:1, i:77), STATEMACHINELOGENTRY, StateMachineLogEntryProto:611@client-138B7AB9D496
2024-05-03 18:50:27,106 [s2-server-thread1] DEBUG server.RaftServer$Division (RaftServerImpl.java:logAppendEntries(1505)) - s2@group-9EF6EF252B1E: appendEntries* reply s0<-s2#612:OK-t1,SUCCESS,nextIndex=78,followerCommit=76,matchIndex=77
2024-05-03 18:50:27,108 [HandlerDaemon-2] DEBUG server.RaftServer$Division (RaftServerImpl.java:logAppendEntries(1505)) - s1@group-9EF6EF252B1E: appendEntries* s0->s1#613-t1,previous=(t:1, i:76),leaderCommit=76,initializing? false,entries: size=1, first=(t:1, i:77), STATEMACHINELOGENTRY, StateMachineLogEntryProto:611@client-138B7AB9D496
2024-05-03 18:50:27,108 [s1-server-thread1] DEBUG server.RaftServer$Division (RaftServerImpl.java:logAppendEntries(1505)) - s1@group-9EF6EF252B1E: appendEntries* reply s0<-s1#613:OK-t1,SUCCESS,nextIndex=78,followerCommit=76,matchIndex=77
2024-05-03 18:50:27,125 [HandlerDaemon-2] DEBUG server.RaftServer$Division (RaftServerImpl.java:logAppendEntries(1505)) - s2@group-9EF6EF252B1E: appendEntries* s0->s2#614-t1,previous=(t:1, i:77),leaderCommit=77,initializing? false,entries: size=1, first=(t:1, i:78), METADATAENTRY(c:77)
2024-05-03 18:50:27,126 [s2-server-thread1] DEBUG server.RaftServer$Division (RaftServerImpl.java:logAppendEntries(1505)) - s2@group-9EF6EF252B1E: appendEntries* reply s0<-s2#614:OK-t1,SUCCESS,nextIndex=79,followerCommit=77,matchIndex=78
2024-05-03 18:50:27,127 [HandlerDaemon-0] DEBUG server.RaftServer$Division (RaftServerImpl.java:logAppendEntries(1505)) - s1@group-9EF6EF252B1E: appendEntries* s0->s1#615-t1,previous=(t:1, i:77),leaderCommit=77,initializing? false,entries: size=1, first=(t:1, i:78), METADATAENTRY(c:77)
2024-05-03 18:50:27,128 [s1-server-thread1] DEBUG server.RaftServer$Division (RaftServerImpl.java:logAppendEntries(1505)) - s1@group-9EF6EF252B1E: appendEntries* reply s0<-s1#615:OK-t1,SUCCESS,nextIndex=79,followerCommit=77,matchIndex=78
2024-05-03 18:50:27,136 [main] DEBUG client.RaftClient (RaftClientImpl.java:add(146)) - client-138B7AB9D496: add replied callId 611
2024-05-03 18:50:27,137 [main] DEBUG client.RaftClient (RaftClientImpl.java:get(158)) - client-138B7AB9D496: get 616 returns [611]
2024-05-03 18:50:27,137 [main] DEBUG client.RaftClient (RaftClientImpl.java:newRequest(95)) - attempt #1, newRequest RaftClientRequest:client-138B7AB9D496->s0@group-9EF6EF252B1E, cid=616, seq=null, RW, m39
2024-05-03 18:50:27,137 [s0-client-thread1] DEBUG server.RaftServer$Division (RaftServerImpl.java:submitClientRequestAsync(889)) - s0@group-9EF6EF252B1E: receive client request(RaftClientRequest:client-138B7AB9D496->s0@group-9EF6EF252B1E, cid=616, seq=null, RW, m39)
2024-05-03 18:50:27,137 [s0-client-thread1] DEBUG server.RaftServer$Division (LeaderStateImpl.java:addPendingRequest(530)) - s0@group-9EF6EF252B1E-LeaderStateImpl: addPendingRequest at RaftClientRequest:client-138B7AB9D496->s0@group-9EF6EF252B1E, cid=616, seq=null, RW, m39, entry=(t:1, i:79), STATEMACHINELOGENTRY, WRITE: logData.size=3, stateMachineData.size=0, logEntryProtoSerializedSize=0
2024-05-03 18:50:27,143 [HandlerDaemon-1] DEBUG server.RaftServer$Division (RaftServerImpl.java:logAppendEntries(1505)) - s1@group-9EF6EF252B1E: appendEntries* s0->s1#617-t1,previous=(t:1, i:78),leaderCommit=78,initializing? false,entries: size=1, first=(t:1, i:79), STATEMACHINELOGENTRY, StateMachineLogEntryProto:616@client-138B7AB9D496
2024-05-03 18:50:27,143 [s1-server-thread1] DEBUG server.RaftServer$Division (RaftServerImpl.java:logAppendEntries(1505)) - s1@group-9EF6EF252B1E: appendEntries* reply s0<-s1#617:OK-t1,SUCCESS,nextIndex=80,followerCommit=78,matchIndex=79
2024-05-03 18:50:27,145 [HandlerDaemon-0] DEBUG server.RaftServer$Division (RaftServerImpl.java:logAppendEntries(1505)) - s2@group-9EF6EF252B1E: appendEntries* s0->s2#618-t1,previous=(t:1, i:78),leaderCommit=78,initializing? false,entries: size=1, first=(t:1, i:79), STATEMACHINELOGENTRY, StateMachineLogEntryProto:616@client-138B7AB9D496
2024-05-03 18:50:27,145 [s2-server-thread1] DEBUG server.RaftServer$Division (RaftServerImpl.java:logAppendEntries(1505)) - s2@group-9EF6EF252B1E: appendEntries* reply s0<-s2#618:OK-t1,SUCCESS,nextIndex=80,followerCommit=78,matchIndex=79
2024-05-03 18:50:27,153 [HandlerDaemon-2] DEBUG server.RaftServer$Division (RaftServerImpl.java:logAppendEntries(1505)) - s1@group-9EF6EF252B1E: appendEntries* s0->s1#619-t1,previous=(t:1, i:79),leaderCommit=79,initializing? false,entries: size=1, first=(t:1, i:80), METADATAENTRY(c:79)
2024-05-03 18:50:27,154 [s1-server-thread1] DEBUG server.RaftServer$Division (RaftServerImpl.java:logAppendEntries(1505)) - s1@group-9EF6EF252B1E: appendEntries* reply s0<-s1#619:OK-t1,SUCCESS,nextIndex=81,followerCommit=79,matchIndex=80
2024-05-03 18:50:27,164 [HandlerDaemon-1] DEBUG server.RaftServer$Division (RaftServerImpl.java:logAppendEntries(1505)) - s2@group-9EF6EF252B1E: appendEntries* s0->s2#620-t1,previous=(t:1, i:79),leaderCommit=79,initializing? false,entries: size=1, first=(t:1, i:80), METADATAENTRY(c:79)
2024-05-03 18:50:27,164 [s2-server-thread1] DEBUG server.RaftServer$Division (RaftServerImpl.java:logAppendEntries(1505)) - s2@group-9EF6EF252B1E: appendEntries* reply s0<-s2#620:OK-t1,SUCCESS,nextIndex=81,followerCommit=79,matchIndex=80
2024-05-03 18:50:27,168 [main] DEBUG client.RaftClient (RaftClientImpl.java:add(146)) - client-138B7AB9D496: add replied callId 616
2024-05-03 18:50:27,169 [main] DEBUG client.RaftClient (RaftClientImpl.java:get(158)) - client-138B7AB9D496: get 621 returns [616]
2024-05-03 18:50:27,169 [main] DEBUG client.RaftClient (RaftClientImpl.java:newRequest(95)) - attempt #1, newRequest RaftClientRequest:client-138B7AB9D496->s0@group-9EF6EF252B1E, cid=621, seq=null, RW, m40
2024-05-03 18:50:27,169 [s0-client-thread1] DEBUG server.RaftServer$Division (RaftServerImpl.java:submitClientRequestAsync(889)) - s0@group-9EF6EF252B1E: receive client request(RaftClientRequest:client-138B7AB9D496->s0@group-9EF6EF252B1E, cid=621, seq=null, RW, m40)
2024-05-03 18:50:27,169 [s0-client-thread1] DEBUG server.RaftServer$Division (LeaderStateImpl.java:addPendingRequest(530)) - s0@group-9EF6EF252B1E-LeaderStateImpl: addPendingRequest at RaftClientRequest:client-138B7AB9D496->s0@group-9EF6EF252B1E, cid=621, seq=null, RW, m40, entry=(t:1, i:81), STATEMACHINELOGENTRY, WRITE: logData.size=3, stateMachineData.size=0, logEntryProtoSerializedSize=0
2024-05-03 18:50:27,169 [HandlerDaemon-0] DEBUG server.RaftServer$Division (RaftServerImpl.java:logAppendEntries(1505)) - s1@group-9EF6EF252B1E: appendEntries* s0->s1#622-t1,previous=(t:1, i:80),leaderCommit=80,initializing? false,entries: size=1, first=(t:1, i:81), STATEMACHINELOGENTRY, StateMachineLogEntryProto:621@client-138B7AB9D496
2024-05-03 18:50:27,170 [s1-server-thread1] DEBUG server.RaftServer$Division (RaftServerImpl.java:logAppendEntries(1505)) - s1@group-9EF6EF252B1E: appendEntries* reply s0<-s1#622:OK-t1,SUCCESS,nextIndex=82,followerCommit=80,matchIndex=81
2024-05-03 18:50:27,184 [HandlerDaemon-2] DEBUG server.RaftServer$Division (RaftServerImpl.java:logAppendEntries(1505)) - s2@group-9EF6EF252B1E: appendEntries* s0->s2#623-t1,previous=(t:1, i:80),leaderCommit=80,initializing? false,entries: size=1, first=(t:1, i:81), STATEMACHINELOGENTRY, StateMachineLogEntryProto:621@client-138B7AB9D496
2024-05-03 18:50:27,184 [s2-server-thread1] DEBUG server.RaftServer$Division (RaftServerImpl.java:logAppendEntries(1505)) - s2@group-9EF6EF252B1E: appendEntries* reply s0<-s2#623:OK-t1,SUCCESS,nextIndex=82,followerCommit=80,matchIndex=81
2024-05-03 18:50:27,185 [HandlerDaemon-1] DEBUG server.RaftServer$Division (RaftServerImpl.java:logAppendEntries(1505)) - s1@group-9EF6EF252B1E: appendEntries* s0->s1#624-t1,previous=(t:1, i:81),leaderCommit=81,initializing? false,entries: size=1, first=(t:1, i:82), METADATAENTRY(c:81)
2024-05-03 18:50:27,185 [s1-server-thread1] DEBUG server.RaftServer$Division (RaftServerImpl.java:logAppendEntries(1505)) - s1@group-9EF6EF252B1E: appendEntries* reply s0<-s1#624:OK-t1,SUCCESS,nextIndex=83,followerCommit=81,matchIndex=82
2024-05-03 18:50:27,194 [HandlerDaemon-0] DEBUG server.RaftServer$Division (RaftServerImpl.java:logAppendEntries(1505)) - s2@group-9EF6EF252B1E: appendEntries* s0->s2#625-t1,previous=(t:1, i:81),leaderCommit=81,initializing? false,entries: size=1, first=(t:1, i:82), METADATAENTRY(c:81)
2024-05-03 18:50:27,195 [s2-server-thread1] DEBUG server.RaftServer$Division (RaftServerImpl.java:logAppendEntries(1505)) - s2@group-9EF6EF252B1E: appendEntries* reply s0<-s2#625:OK-t1,SUCCESS,nextIndex=83,followerCommit=81,matchIndex=82
2024-05-03 18:50:27,204 [main] DEBUG client.RaftClient (RaftClientImpl.java:add(146)) - client-138B7AB9D496: add replied callId 621
2024-05-03 18:50:27,204 [main] DEBUG client.RaftClient (RaftClientImpl.java:get(158)) - client-138B7AB9D496: get 626 returns [621]
2024-05-03 18:50:27,204 [main] DEBUG client.RaftClient (RaftClientImpl.java:newRequest(95)) - attempt #1, newRequest RaftClientRequest:client-138B7AB9D496->s0@group-9EF6EF252B1E, cid=626, seq=null, RW, m41
2024-05-03 18:50:27,204 [s0-client-thread1] DEBUG server.RaftServer$Division (RaftServerImpl.java:submitClientRequestAsync(889)) - s0@group-9EF6EF252B1E: receive client request(RaftClientRequest:client-138B7AB9D496->s0@group-9EF6EF252B1E, cid=626, seq=null, RW, m41)
2024-05-03 18:50:27,205 [s0-client-thread1] DEBUG server.RaftServer$Division (LeaderStateImpl.java:addPendingRequest(530)) - s0@group-9EF6EF252B1E-LeaderStateImpl: addPendingRequest at RaftClientRequest:client-138B7AB9D496->s0@group-9EF6EF252B1E, cid=626, seq=null, RW, m41, entry=(t:1, i:83), STATEMACHINELOGENTRY, WRITE: logData.size=3, stateMachineData.size=0, logEntryProtoSerializedSize=0
2024-05-03 18:50:27,205 [HandlerDaemon-2] DEBUG server.RaftServer$Division (RaftServerImpl.java:logAppendEntries(1505)) - s1@group-9EF6EF252B1E: appendEntries* s0->s1#627-t1,previous=(t:1, i:82),leaderCommit=82,initializing? false,entries: size=1, first=(t:1, i:83), STATEMACHINELOGENTRY, StateMachineLogEntryProto:626@client-138B7AB9D496
2024-05-03 18:50:27,205 [s1-server-thread1] DEBUG server.RaftServer$Division (RaftServerImpl.java:logAppendEntries(1505)) - s1@group-9EF6EF252B1E: appendEntries* reply s0<-s1#627:OK-t1,SUCCESS,nextIndex=84,followerCommit=82,matchIndex=83
2024-05-03 18:50:27,208 [HandlerDaemon-1] DEBUG server.RaftServer$Division (RaftServerImpl.java:logAppendEntries(1505)) - s2@group-9EF6EF252B1E: appendEntries* s0->s2#628-t1,previous=(t:1, i:82),leaderCommit=82,initializing? false,entries: size=1, first=(t:1, i:83), STATEMACHINELOGENTRY, StateMachineLogEntryProto:626@client-138B7AB9D496
2024-05-03 18:50:27,208 [s2-server-thread1] DEBUG server.RaftServer$Division (RaftServerImpl.java:logAppendEntries(1505)) - s2@group-9EF6EF252B1E: appendEntries* reply s0<-s2#628:OK-t1,SUCCESS,nextIndex=84,followerCommit=82,matchIndex=83
2024-05-03 18:50:27,222 [HandlerDaemon-0] DEBUG server.RaftServer$Division (RaftServerImpl.java:logAppendEntries(1505)) - s1@group-9EF6EF252B1E: appendEntries* s0->s1#629-t1,previous=(t:1, i:83),leaderCommit=83,initializing? false,entries: size=1, first=(t:1, i:84), METADATAENTRY(c:83)
2024-05-03 18:50:27,222 [s1-server-thread1] DEBUG server.RaftServer$Division (RaftServerImpl.java:logAppendEntries(1505)) - s1@group-9EF6EF252B1E: appendEntries* reply s0<-s1#629:OK-t1,SUCCESS,nextIndex=85,followerCommit=83,matchIndex=84
2024-05-03 18:50:27,224 [HandlerDaemon-2] DEBUG server.RaftServer$Division (RaftServerImpl.java:logAppendEntries(1505)) - s2@group-9EF6EF252B1E: appendEntries* s0->s2#630-t1,previous=(t:1, i:83),leaderCommit=83,initializing? false,entries: size=1, first=(t:1, i:84), METADATAENTRY(c:83)
2024-05-03 18:50:27,225 [s2-server-thread1] DEBUG server.RaftServer$Division (RaftServerImpl.java:logAppendEntries(1505)) - s2@group-9EF6EF252B1E: appendEntries* reply s0<-s2#630:OK-t1,SUCCESS,nextIndex=85,followerCommit=83,matchIndex=84
2024-05-03 18:50:27,232 [main] DEBUG client.RaftClient (RaftClientImpl.java:add(146)) - client-138B7AB9D496: add replied callId 626
2024-05-03 18:50:27,232 [main] DEBUG client.RaftClient (RaftClientImpl.java:get(158)) - client-138B7AB9D496: get 631 returns [626]
2024-05-03 18:50:27,233 [main] DEBUG client.RaftClient (RaftClientImpl.java:newRequest(95)) - attempt #1, newRequest RaftClientRequest:client-138B7AB9D496->s0@group-9EF6EF252B1E, cid=631, seq=null, RW, m42
2024-05-03 18:50:27,233 [s0-client-thread1] DEBUG server.RaftServer$Division (RaftServerImpl.java:submitClientRequestAsync(889)) - s0@group-9EF6EF252B1E: receive client request(RaftClientRequest:client-138B7AB9D496->s0@group-9EF6EF252B1E, cid=631, seq=null, RW, m42)
2024-05-03 18:50:27,233 [s0-client-thread1] DEBUG server.RaftServer$Division (LeaderStateImpl.java:addPendingRequest(530)) - s0@group-9EF6EF252B1E-LeaderStateImpl: addPendingRequest at RaftClientRequest:client-138B7AB9D496->s0@group-9EF6EF252B1E, cid=631, seq=null, RW, m42, entry=(t:1, i:85), STATEMACHINELOGENTRY, WRITE: logData.size=3, stateMachineData.size=0, logEntryProtoSerializedSize=0
2024-05-03 18:50:27,239 [HandlerDaemon-1] DEBUG server.RaftServer$Division (RaftServerImpl.java:logAppendEntries(1505)) - s1@group-9EF6EF252B1E: appendEntries* s0->s1#632-t1,previous=(t:1, i:84),leaderCommit=84,initializing? false,entries: size=1, first=(t:1, i:85), STATEMACHINELOGENTRY, StateMachineLogEntryProto:631@client-138B7AB9D496
2024-05-03 18:50:27,239 [s1-server-thread1] DEBUG server.RaftServer$Division (RaftServerImpl.java:logAppendEntries(1505)) - s1@group-9EF6EF252B1E: appendEntries* reply s0<-s1#632:OK-t1,SUCCESS,nextIndex=86,followerCommit=84,matchIndex=85
2024-05-03 18:50:27,242 [HandlerDaemon-0] DEBUG server.RaftServer$Division (RaftServerImpl.java:logAppendEntries(1505)) - s2@group-9EF6EF252B1E: appendEntries* s0->s2#633-t1,previous=(t:1, i:84),leaderCommit=84,initializing? false,entries: size=1, first=(t:1, i:85), STATEMACHINELOGENTRY, StateMachineLogEntryProto:631@client-138B7AB9D496
2024-05-03 18:50:27,242 [s2-server-thread1] DEBUG server.RaftServer$Division (RaftServerImpl.java:logAppendEntries(1505)) - s2@group-9EF6EF252B1E: appendEntries* reply s0<-s2#633:OK-t1,SUCCESS,nextIndex=86,followerCommit=84,matchIndex=85
2024-05-03 18:50:27,251 [HandlerDaemon-2] DEBUG server.RaftServer$Division (RaftServerImpl.java:logAppendEntries(1505)) - s1@group-9EF6EF252B1E: appendEntries* s0->s1#634-t1,previous=(t:1, i:85),leaderCommit=85,initializing? false,entries: size=1, first=(t:1, i:86), METADATAENTRY(c:85)
2024-05-03 18:50:27,252 [s1-server-thread1] DEBUG server.RaftServer$Division (RaftServerImpl.java:logAppendEntries(1505)) - s1@group-9EF6EF252B1E: appendEntries* reply s0<-s1#634:OK-t1,SUCCESS,nextIndex=87,followerCommit=85,matchIndex=86
2024-05-03 18:50:27,260 [HandlerDaemon-1] DEBUG server.RaftServer$Division (RaftServerImpl.java:logAppendEntries(1505)) - s2@group-9EF6EF252B1E: appendEntries* s0->s2#635-t1,previous=(t:1, i:85),leaderCommit=85,initializing? false,entries: size=1, first=(t:1, i:86), METADATAENTRY(c:85)
2024-05-03 18:50:27,260 [s2-server-thread1] DEBUG server.RaftServer$Division (RaftServerImpl.java:logAppendEntries(1505)) - s2@group-9EF6EF252B1E: appendEntries* reply s0<-s2#635:OK-t1,SUCCESS,nextIndex=87,followerCommit=85,matchIndex=86
2024-05-03 18:50:27,263 [main] DEBUG client.RaftClient (RaftClientImpl.java:add(146)) - client-138B7AB9D496: add replied callId 631
2024-05-03 18:50:27,264 [main] DEBUG client.RaftClient (RaftClientImpl.java:get(158)) - client-138B7AB9D496: get 636 returns [631]
2024-05-03 18:50:27,264 [main] DEBUG client.RaftClient (RaftClientImpl.java:newRequest(95)) - attempt #1, newRequest RaftClientRequest:client-138B7AB9D496->s0@group-9EF6EF252B1E, cid=636, seq=null, RW, m43
2024-05-03 18:50:27,264 [s0-client-thread1] DEBUG server.RaftServer$Division (RaftServerImpl.java:submitClientRequestAsync(889)) - s0@group-9EF6EF252B1E: receive client request(RaftClientRequest:client-138B7AB9D496->s0@group-9EF6EF252B1E, cid=636, seq=null, RW, m43)
2024-05-03 18:50:27,264 [s0-client-thread1] DEBUG server.RaftServer$Division (LeaderStateImpl.java:addPendingRequest(530)) - s0@group-9EF6EF252B1E-LeaderStateImpl: addPendingRequest at RaftClientRequest:client-138B7AB9D496->s0@group-9EF6EF252B1E, cid=636, seq=null, RW, m43, entry=(t:1, i:87), STATEMACHINELOGENTRY, WRITE: logData.size=3, stateMachineData.size=0, logEntryProtoSerializedSize=0
2024-05-03 18:50:27,271 [HandlerDaemon-0] DEBUG server.RaftServer$Division (RaftServerImpl.java:logAppendEntries(1505)) - s1@group-9EF6EF252B1E: appendEntries* s0->s1#637-t1,previous=(t:1, i:86),leaderCommit=86,initializing? false,entries: size=1, first=(t:1, i:87), STATEMACHINELOGENTRY, StateMachineLogEntryProto:636@client-138B7AB9D496
2024-05-03 18:50:27,271 [s1-server-thread1] DEBUG server.RaftServer$Division (RaftServerImpl.java:logAppendEntries(1505)) - s1@group-9EF6EF252B1E: appendEntries* reply s0<-s1#637:OK-t1,SUCCESS,nextIndex=88,followerCommit=86,matchIndex=87
2024-05-03 18:50:27,278 [HandlerDaemon-2] DEBUG server.RaftServer$Division (RaftServerImpl.java:logAppendEntries(1505)) - s2@group-9EF6EF252B1E: appendEntries* s0->s2#638-t1,previous=(t:1, i:86),leaderCommit=86,initializing? false,entries: size=1, first=(t:1, i:87), STATEMACHINELOGENTRY, StateMachineLogEntryProto:636@client-138B7AB9D496
2024-05-03 18:50:27,278 [s2-server-thread1] DEBUG server.RaftServer$Division (RaftServerImpl.java:logAppendEntries(1505)) - s2@group-9EF6EF252B1E: appendEntries* reply s0<-s2#638:OK-t1,SUCCESS,nextIndex=88,followerCommit=86,matchIndex=87
2024-05-03 18:50:27,285 [HandlerDaemon-1] DEBUG server.RaftServer$Division (RaftServerImpl.java:logAppendEntries(1505)) - s1@group-9EF6EF252B1E: appendEntries* s0->s1#639-t1,previous=(t:1, i:87),leaderCommit=87,initializing? false,entries: size=1, first=(t:1, i:88), METADATAENTRY(c:87)
2024-05-03 18:50:27,285 [s1-server-thread1] DEBUG server.RaftServer$Division (RaftServerImpl.java:logAppendEntries(1505)) - s1@group-9EF6EF252B1E: appendEntries* reply s0<-s1#639:OK-t1,SUCCESS,nextIndex=89,followerCommit=87,matchIndex=88
2024-05-03 18:50:27,288 [HandlerDaemon-0] DEBUG server.RaftServer$Division (RaftServerImpl.java:logAppendEntries(1505)) - s2@group-9EF6EF252B1E: appendEntries* s0->s2#640-t1,previous=(t:1, i:87),leaderCommit=87,initializing? false,entries: size=1, first=(t:1, i:88), METADATAENTRY(c:87)
2024-05-03 18:50:27,288 [s2-server-thread1] DEBUG server.RaftServer$Division (RaftServerImpl.java:logAppendEntries(1505)) - s2@group-9EF6EF252B1E: appendEntries* reply s0<-s2#640:OK-t1,SUCCESS,nextIndex=89,followerCommit=87,matchIndex=88
2024-05-03 18:50:27,304 [main] DEBUG client.RaftClient (RaftClientImpl.java:add(146)) - client-138B7AB9D496: add replied callId 636
2024-05-03 18:50:27,304 [main] DEBUG client.RaftClient (RaftClientImpl.java:get(158)) - client-138B7AB9D496: get 641 returns [636]
2024-05-03 18:50:27,304 [main] DEBUG client.RaftClient (RaftClientImpl.java:newRequest(95)) - attempt #1, newRequest RaftClientRequest:client-138B7AB9D496->s0@group-9EF6EF252B1E, cid=641, seq=null, RW, m44
2024-05-03 18:50:27,304 [s0-client-thread1] DEBUG server.RaftServer$Division (RaftServerImpl.java:submitClientRequestAsync(889)) - s0@group-9EF6EF252B1E: receive client request(RaftClientRequest:client-138B7AB9D496->s0@group-9EF6EF252B1E, cid=641, seq=null, RW, m44)
2024-05-03 18:50:27,304 [s0-client-thread1] DEBUG server.RaftServer$Division (LeaderStateImpl.java:addPendingRequest(530)) - s0@group-9EF6EF252B1E-LeaderStateImpl: addPendingRequest at RaftClientRequest:client-138B7AB9D496->s0@group-9EF6EF252B1E, cid=641, seq=null, RW, m44, entry=(t:1, i:89), STATEMACHINELOGENTRY, WRITE: logData.size=3, stateMachineData.size=0, logEntryProtoSerializedSize=0
2024-05-03 18:50:27,305 [HandlerDaemon-2] DEBUG server.RaftServer$Division (RaftServerImpl.java:logAppendEntries(1505)) - s1@group-9EF6EF252B1E: appendEntries* s0->s1#642-t1,previous=(t:1, i:88),leaderCommit=88,initializing? false,entries: size=1, first=(t:1, i:89), STATEMACHINELOGENTRY, StateMachineLogEntryProto:641@client-138B7AB9D496
2024-05-03 18:50:27,305 [HandlerDaemon-1] DEBUG server.RaftServer$Division (RaftServerImpl.java:logAppendEntries(1505)) - s2@group-9EF6EF252B1E: appendEntries* s0->s2#643-t1,previous=(t:1, i:88),leaderCommit=88,initializing? false,entries: size=1, first=(t:1, i:89), STATEMACHINELOGENTRY, StateMachineLogEntryProto:641@client-138B7AB9D496
2024-05-03 18:50:27,305 [s1-server-thread1] DEBUG server.RaftServer$Division (RaftServerImpl.java:logAppendEntries(1505)) - s1@group-9EF6EF252B1E: appendEntries* reply s0<-s1#642:OK-t1,SUCCESS,nextIndex=90,followerCommit=88,matchIndex=89
2024-05-03 18:50:27,305 [s2-server-thread1] DEBUG server.RaftServer$Division (RaftServerImpl.java:logAppendEntries(1505)) - s2@group-9EF6EF252B1E: appendEntries* reply s0<-s2#643:OK-t1,SUCCESS,nextIndex=90,followerCommit=88,matchIndex=89
2024-05-03 18:50:27,316 [HandlerDaemon-0] DEBUG server.RaftServer$Division (RaftServerImpl.java:logAppendEntries(1505)) - s1@group-9EF6EF252B1E: appendEntries* s0->s1#644-t1,previous=(t:1, i:89),leaderCommit=89,initializing? false,entries: size=1, first=(t:1, i:90), METADATAENTRY(c:89)
2024-05-03 18:50:27,316 [s1-server-thread1] DEBUG server.RaftServer$Division (RaftServerImpl.java:logAppendEntries(1505)) - s1@group-9EF6EF252B1E: appendEntries* reply s0<-s1#644:OK-t1,SUCCESS,nextIndex=91,followerCommit=89,matchIndex=90
2024-05-03 18:50:27,324 [HandlerDaemon-2] DEBUG server.RaftServer$Division (RaftServerImpl.java:logAppendEntries(1505)) - s2@group-9EF6EF252B1E: appendEntries* s0->s2#645-t1,previous=(t:1, i:89),leaderCommit=89,initializing? false,entries: size=1, first=(t:1, i:90), METADATAENTRY(c:89)
2024-05-03 18:50:27,324 [s2-server-thread1] DEBUG server.RaftServer$Division (RaftServerImpl.java:logAppendEntries(1505)) - s2@group-9EF6EF252B1E: appendEntries* reply s0<-s2#645:OK-t1,SUCCESS,nextIndex=91,followerCommit=89,matchIndex=90
2024-05-03 18:50:27,328 [main] DEBUG client.RaftClient (RaftClientImpl.java:add(146)) - client-138B7AB9D496: add replied callId 641
2024-05-03 18:50:27,328 [main] DEBUG client.RaftClient (RaftClientImpl.java:get(158)) - client-138B7AB9D496: get 646 returns [641]
2024-05-03 18:50:27,329 [main] DEBUG client.RaftClient (RaftClientImpl.java:newRequest(95)) - attempt #1, newRequest RaftClientRequest:client-138B7AB9D496->s0@group-9EF6EF252B1E, cid=646, seq=null, RW, m45
2024-05-03 18:50:27,329 [s0-client-thread1] DEBUG server.RaftServer$Division (RaftServerImpl.java:submitClientRequestAsync(889)) - s0@group-9EF6EF252B1E: receive client request(RaftClientRequest:client-138B7AB9D496->s0@group-9EF6EF252B1E, cid=646, seq=null, RW, m45)
2024-05-03 18:50:27,329 [s0-client-thread1] DEBUG server.RaftServer$Division (LeaderStateImpl.java:addPendingRequest(530)) - s0@group-9EF6EF252B1E-LeaderStateImpl: addPendingRequest at RaftClientRequest:client-138B7AB9D496->s0@group-9EF6EF252B1E, cid=646, seq=null, RW, m45, entry=(t:1, i:91), STATEMACHINELOGENTRY, WRITE: logData.size=3, stateMachineData.size=0, logEntryProtoSerializedSize=0
2024-05-03 18:50:27,329 [HandlerDaemon-1] DEBUG server.RaftServer$Division (RaftServerImpl.java:logAppendEntries(1505)) - s1@group-9EF6EF252B1E: appendEntries* s0->s1#647-t1,previous=(t:1, i:90),leaderCommit=90,initializing? false,entries: size=1, first=(t:1, i:91), STATEMACHINELOGENTRY, StateMachineLogEntryProto:646@client-138B7AB9D496
2024-05-03 18:50:27,329 [s1-server-thread1] DEBUG server.RaftServer$Division (RaftServerImpl.java:logAppendEntries(1505)) - s1@group-9EF6EF252B1E: appendEntries* reply s0<-s1#647:OK-t1,SUCCESS,nextIndex=92,followerCommit=90,matchIndex=91
2024-05-03 18:50:27,336 [HandlerDaemon-0] DEBUG server.RaftServer$Division (RaftServerImpl.java:logAppendEntries(1505)) - s2@group-9EF6EF252B1E: appendEntries* s0->s2#648-t1,previous=(t:1, i:90),leaderCommit=90,initializing? false,entries: size=1, first=(t:1, i:91), STATEMACHINELOGENTRY, StateMachineLogEntryProto:646@client-138B7AB9D496
2024-05-03 18:50:27,336 [s2-server-thread1] DEBUG server.RaftServer$Division (RaftServerImpl.java:logAppendEntries(1505)) - s2@group-9EF6EF252B1E: appendEntries* reply s0<-s2#648:OK-t1,SUCCESS,nextIndex=92,followerCommit=90,matchIndex=91
2024-05-03 18:50:27,340 [HandlerDaemon-2] DEBUG server.RaftServer$Division (RaftServerImpl.java:logAppendEntries(1505)) - s1@group-9EF6EF252B1E: appendEntries* s0->s1#649-t1,previous=(t:1, i:91),leaderCommit=91,initializing? false,entries: size=1, first=(t:1, i:92), METADATAENTRY(c:91)
2024-05-03 18:50:27,340 [s1-server-thread1] DEBUG server.RaftServer$Division (RaftServerImpl.java:logAppendEntries(1505)) - s1@group-9EF6EF252B1E: appendEntries* reply s0<-s1#649:OK-t1,SUCCESS,nextIndex=93,followerCommit=91,matchIndex=92
2024-05-03 18:50:27,350 [HandlerDaemon-1] DEBUG server.RaftServer$Division (RaftServerImpl.java:logAppendEntries(1505)) - s2@group-9EF6EF252B1E: appendEntries* s0->s2#650-t1,previous=(t:1, i:91),leaderCommit=91,initializing? false,entries: size=1, first=(t:1, i:92), METADATAENTRY(c:91)
2024-05-03 18:50:27,350 [s2-server-thread1] DEBUG server.RaftServer$Division (RaftServerImpl.java:logAppendEntries(1505)) - s2@group-9EF6EF252B1E: appendEntries* reply s0<-s2#650:OK-t1,SUCCESS,nextIndex=93,followerCommit=91,matchIndex=92
2024-05-03 18:50:27,352 [main] DEBUG client.RaftClient (RaftClientImpl.java:add(146)) - client-138B7AB9D496: add replied callId 646
2024-05-03 18:50:27,352 [main] DEBUG client.RaftClient (RaftClientImpl.java:get(158)) - client-138B7AB9D496: get 651 returns [646]
2024-05-03 18:50:27,352 [main] DEBUG client.RaftClient (RaftClientImpl.java:newRequest(95)) - attempt #1, newRequest RaftClientRequest:client-138B7AB9D496->s0@group-9EF6EF252B1E, cid=651, seq=null, RW, m46
2024-05-03 18:50:27,352 [s0-client-thread1] DEBUG server.RaftServer$Division (RaftServerImpl.java:submitClientRequestAsync(889)) - s0@group-9EF6EF252B1E: receive client request(RaftClientRequest:client-138B7AB9D496->s0@group-9EF6EF252B1E, cid=651, seq=null, RW, m46)
2024-05-03 18:50:27,352 [s0-client-thread1] DEBUG server.RaftServer$Division (LeaderStateImpl.java:addPendingRequest(530)) - s0@group-9EF6EF252B1E-LeaderStateImpl: addPendingRequest at RaftClientRequest:client-138B7AB9D496->s0@group-9EF6EF252B1E, cid=651, seq=null, RW, m46, entry=(t:1, i:93), STATEMACHINELOGENTRY, WRITE: logData.size=3, stateMachineData.size=0, logEntryProtoSerializedSize=0
2024-05-03 18:50:27,353 [HandlerDaemon-0] DEBUG server.RaftServer$Division (RaftServerImpl.java:logAppendEntries(1505)) - s1@group-9EF6EF252B1E: appendEntries* s0->s1#652-t1,previous=(t:1, i:92),leaderCommit=92,initializing? false,entries: size=1, first=(t:1, i:93), STATEMACHINELOGENTRY, StateMachineLogEntryProto:651@client-138B7AB9D496
2024-05-03 18:50:27,353 [s1-server-thread1] DEBUG server.RaftServer$Division (RaftServerImpl.java:logAppendEntries(1505)) - s1@group-9EF6EF252B1E: appendEntries* reply s0<-s1#652:OK-t1,SUCCESS,nextIndex=94,followerCommit=92,matchIndex=93
2024-05-03 18:50:27,363 [HandlerDaemon-1] DEBUG server.RaftServer$Division (RaftServerImpl.java:logAppendEntries(1505)) - s1@group-9EF6EF252B1E: appendEntries* s0->s1#653-t1,previous=(t:1, i:93),leaderCommit=93,initializing? false,entries: size=1, first=(t:1, i:94), METADATAENTRY(c:93)
2024-05-03 18:50:27,363 [s1-server-thread1] DEBUG server.RaftServer$Division (RaftServerImpl.java:logAppendEntries(1505)) - s1@group-9EF6EF252B1E: appendEntries* reply s0<-s1#653:OK-t1,SUCCESS,nextIndex=95,followerCommit=93,matchIndex=94
2024-05-03 18:50:27,366 [HandlerDaemon-2] DEBUG server.RaftServer$Division (RaftServerImpl.java:logAppendEntries(1505)) - s2@group-9EF6EF252B1E: appendEntries* s0->s2#654-t1,previous=(t:1, i:92),leaderCommit=93,initializing? false,entries: size=2, first=(t:1, i:93), STATEMACHINELOGENTRY, StateMachineLogEntryProto:651@client-138B7AB9D496
2024-05-03 18:50:27,366 [s2-server-thread1] DEBUG server.RaftServer$Division (RaftServerImpl.java:logAppendEntries(1505)) - s2@group-9EF6EF252B1E: appendEntries* reply s0<-s2#654:OK-t1,SUCCESS,nextIndex=95,followerCommit=93,matchIndex=94
2024-05-03 18:50:27,378 [main] DEBUG client.RaftClient (RaftClientImpl.java:add(146)) - client-138B7AB9D496: add replied callId 651
2024-05-03 18:50:27,378 [main] DEBUG client.RaftClient (RaftClientImpl.java:get(158)) - client-138B7AB9D496: get 655 returns [651]
2024-05-03 18:50:27,379 [main] DEBUG client.RaftClient (RaftClientImpl.java:newRequest(95)) - attempt #1, newRequest RaftClientRequest:client-138B7AB9D496->s0@group-9EF6EF252B1E, cid=655, seq=null, RW, m47
2024-05-03 18:50:27,379 [s0-client-thread1] DEBUG server.RaftServer$Division (RaftServerImpl.java:submitClientRequestAsync(889)) - s0@group-9EF6EF252B1E: receive client request(RaftClientRequest:client-138B7AB9D496->s0@group-9EF6EF252B1E, cid=655, seq=null, RW, m47)
2024-05-03 18:50:27,379 [s0-client-thread1] DEBUG server.RaftServer$Division (LeaderStateImpl.java:addPendingRequest(530)) - s0@group-9EF6EF252B1E-LeaderStateImpl: addPendingRequest at RaftClientRequest:client-138B7AB9D496->s0@group-9EF6EF252B1E, cid=655, seq=null, RW, m47, entry=(t:1, i:95), STATEMACHINELOGENTRY, WRITE: logData.size=3, stateMachineData.size=0, logEntryProtoSerializedSize=0
2024-05-03 18:50:27,379 [HandlerDaemon-0] DEBUG server.RaftServer$Division (RaftServerImpl.java:logAppendEntries(1505)) - s2@group-9EF6EF252B1E: appendEntries* s0->s2#656-t1,previous=(t:1, i:94),leaderCommit=94,initializing? false,entries: size=1, first=(t:1, i:95), STATEMACHINELOGENTRY, StateMachineLogEntryProto:655@client-138B7AB9D496
2024-05-03 18:50:27,380 [HandlerDaemon-2] DEBUG server.RaftServer$Division (RaftServerImpl.java:logAppendEntries(1505)) - s1@group-9EF6EF252B1E: appendEntries* s0->s1#657-t1,previous=(t:1, i:94),leaderCommit=94,initializing? false,entries: size=1, first=(t:1, i:95), STATEMACHINELOGENTRY, StateMachineLogEntryProto:655@client-138B7AB9D496
2024-05-03 18:50:27,380 [s2-server-thread1] DEBUG server.RaftServer$Division (RaftServerImpl.java:logAppendEntries(1505)) - s2@group-9EF6EF252B1E: appendEntries* reply s0<-s2#656:OK-t1,SUCCESS,nextIndex=96,followerCommit=94,matchIndex=95
2024-05-03 18:50:27,380 [s1-server-thread1] DEBUG server.RaftServer$Division (RaftServerImpl.java:logAppendEntries(1505)) - s1@group-9EF6EF252B1E: appendEntries* reply s0<-s1#657:OK-t1,SUCCESS,nextIndex=96,followerCommit=94,matchIndex=95
2024-05-03 18:50:27,395 [HandlerDaemon-1] DEBUG server.RaftServer$Division (RaftServerImpl.java:logAppendEntries(1505)) - s2@group-9EF6EF252B1E: appendEntries* s0->s2#658-t1,previous=(t:1, i:95),leaderCommit=95,initializing? false,entries: size=1, first=(t:1, i:96), METADATAENTRY(c:95)
2024-05-03 18:50:27,395 [s2-server-thread1] DEBUG server.RaftServer$Division (RaftServerImpl.java:logAppendEntries(1505)) - s2@group-9EF6EF252B1E: appendEntries* reply s0<-s2#658:OK-t1,SUCCESS,nextIndex=97,followerCommit=95,matchIndex=96
2024-05-03 18:50:27,396 [HandlerDaemon-0] DEBUG server.RaftServer$Division (RaftServerImpl.java:logAppendEntries(1505)) - s1@group-9EF6EF252B1E: appendEntries* s0->s1#659-t1,previous=(t:1, i:95),leaderCommit=95,initializing? false,entries: size=1, first=(t:1, i:96), METADATAENTRY(c:95)
2024-05-03 18:50:27,396 [s1-server-thread1] DEBUG server.RaftServer$Division (RaftServerImpl.java:logAppendEntries(1505)) - s1@group-9EF6EF252B1E: appendEntries* reply s0<-s1#659:OK-t1,SUCCESS,nextIndex=97,followerCommit=95,matchIndex=96
2024-05-03 18:50:27,408 [main] DEBUG client.RaftClient (RaftClientImpl.java:add(146)) - client-138B7AB9D496: add replied callId 655
2024-05-03 18:50:27,408 [main] DEBUG client.RaftClient (RaftClientImpl.java:get(158)) - client-138B7AB9D496: get 660 returns [655]
2024-05-03 18:50:27,409 [main] DEBUG client.RaftClient (RaftClientImpl.java:newRequest(95)) - attempt #1, newRequest RaftClientRequest:client-138B7AB9D496->s0@group-9EF6EF252B1E, cid=660, seq=null, RW, m48
2024-05-03 18:50:27,409 [s0-client-thread1] DEBUG server.RaftServer$Division (RaftServerImpl.java:submitClientRequestAsync(889)) - s0@group-9EF6EF252B1E: receive client request(RaftClientRequest:client-138B7AB9D496->s0@group-9EF6EF252B1E, cid=660, seq=null, RW, m48)
2024-05-03 18:50:27,409 [s0-client-thread1] DEBUG server.RaftServer$Division (LeaderStateImpl.java:addPendingRequest(530)) - s0@group-9EF6EF252B1E-LeaderStateImpl: addPendingRequest at RaftClientRequest:client-138B7AB9D496->s0@group-9EF6EF252B1E, cid=660, seq=null, RW, m48, entry=(t:1, i:97), STATEMACHINELOGENTRY, WRITE: logData.size=3, stateMachineData.size=0, logEntryProtoSerializedSize=0
2024-05-03 18:50:27,412 [HandlerDaemon-2] DEBUG server.RaftServer$Division (RaftServerImpl.java:logAppendEntries(1505)) - s2@group-9EF6EF252B1E: appendEntries* s0->s2#661-t1,previous=(t:1, i:96),leaderCommit=96,initializing? false,entries: size=1, first=(t:1, i:97), STATEMACHINELOGENTRY, StateMachineLogEntryProto:660@client-138B7AB9D496
2024-05-03 18:50:27,412 [s2-server-thread1] DEBUG server.RaftServer$Division (RaftServerImpl.java:logAppendEntries(1505)) - s2@group-9EF6EF252B1E: appendEntries* reply s0<-s2#661:OK-t1,SUCCESS,nextIndex=98,followerCommit=96,matchIndex=97
2024-05-03 18:50:27,413 [HandlerDaemon-1] DEBUG server.RaftServer$Division (RaftServerImpl.java:logAppendEntries(1505)) - s1@group-9EF6EF252B1E: appendEntries* s0->s1#662-t1,previous=(t:1, i:96),leaderCommit=96,initializing? false,entries: size=1, first=(t:1, i:97), STATEMACHINELOGENTRY, StateMachineLogEntryProto:660@client-138B7AB9D496
2024-05-03 18:50:27,413 [s1-server-thread1] DEBUG server.RaftServer$Division (RaftServerImpl.java:logAppendEntries(1505)) - s1@group-9EF6EF252B1E: appendEntries* reply s0<-s1#662:OK-t1,SUCCESS,nextIndex=98,followerCommit=96,matchIndex=97
2024-05-03 18:50:27,423 [HandlerDaemon-2] DEBUG server.RaftServer$Division (RaftServerImpl.java:logAppendEntries(1505)) - s1@group-9EF6EF252B1E: appendEntries* s0->s1#663-t1,previous=(t:1, i:97),leaderCommit=97,initializing? false,entries: size=1, first=(t:1, i:98), METADATAENTRY(c:97)
2024-05-03 18:50:27,423 [s1-server-thread1] DEBUG server.RaftServer$Division (RaftServerImpl.java:logAppendEntries(1505)) - s1@group-9EF6EF252B1E: appendEntries* reply s0<-s1#663:OK-t1,SUCCESS,nextIndex=99,followerCommit=97,matchIndex=98
2024-05-03 18:50:27,430 [HandlerDaemon-0] DEBUG server.RaftServer$Division (RaftServerImpl.java:logAppendEntries(1505)) - s2@group-9EF6EF252B1E: appendEntries* s0->s2#664-t1,previous=(t:1, i:97),leaderCommit=97,initializing? false,entries: size=1, first=(t:1, i:98), METADATAENTRY(c:97)
2024-05-03 18:50:27,431 [s2-server-thread1] DEBUG server.RaftServer$Division (RaftServerImpl.java:logAppendEntries(1505)) - s2@group-9EF6EF252B1E: appendEntries* reply s0<-s2#664:OK-t1,SUCCESS,nextIndex=99,followerCommit=97,matchIndex=98
2024-05-03 18:50:27,440 [main] DEBUG client.RaftClient (RaftClientImpl.java:add(146)) - client-138B7AB9D496: add replied callId 660
2024-05-03 18:50:27,440 [main] DEBUG client.RaftClient (RaftClientImpl.java:get(158)) - client-138B7AB9D496: get 665 returns [660]
2024-05-03 18:50:27,440 [main] DEBUG client.RaftClient (RaftClientImpl.java:newRequest(95)) - attempt #1, newRequest RaftClientRequest:client-138B7AB9D496->s0@group-9EF6EF252B1E, cid=665, seq=null, RW, m49
2024-05-03 18:50:27,441 [s0-client-thread1] DEBUG server.RaftServer$Division (RaftServerImpl.java:submitClientRequestAsync(889)) - s0@group-9EF6EF252B1E: receive client request(RaftClientRequest:client-138B7AB9D496->s0@group-9EF6EF252B1E, cid=665, seq=null, RW, m49)
2024-05-03 18:50:27,441 [s0-client-thread1] DEBUG server.RaftServer$Division (LeaderStateImpl.java:addPendingRequest(530)) - s0@group-9EF6EF252B1E-LeaderStateImpl: addPendingRequest at RaftClientRequest:client-138B7AB9D496->s0@group-9EF6EF252B1E, cid=665, seq=null, RW, m49, entry=(t:1, i:99), STATEMACHINELOGENTRY, WRITE: logData.size=3, stateMachineData.size=0, logEntryProtoSerializedSize=0
2024-05-03 18:50:27,442 [HandlerDaemon-0] DEBUG server.RaftServer$Division (RaftServerImpl.java:logAppendEntries(1505)) - s1@group-9EF6EF252B1E: appendEntries* s0->s1#666-t1,previous=(t:1, i:98),leaderCommit=98,initializing? false,entries: size=1, first=(t:1, i:99), STATEMACHINELOGENTRY, StateMachineLogEntryProto:665@client-138B7AB9D496
2024-05-03 18:50:27,442 [s1-server-thread1] DEBUG server.RaftServer$Division (RaftServerImpl.java:logAppendEntries(1505)) - s1@group-9EF6EF252B1E: appendEntries* reply s0<-s1#666:OK-t1,SUCCESS,nextIndex=100,followerCommit=98,matchIndex=99
2024-05-03 18:50:27,446 [HandlerDaemon-1] DEBUG server.RaftServer$Division (RaftServerImpl.java:logAppendEntries(1505)) - s2@group-9EF6EF252B1E: appendEntries* s0->s2#667-t1,previous=(t:1, i:98),leaderCommit=98,initializing? false,entries: size=1, first=(t:1, i:99), STATEMACHINELOGENTRY, StateMachineLogEntryProto:665@client-138B7AB9D496
2024-05-03 18:50:27,446 [s2-server-thread1] DEBUG server.RaftServer$Division (RaftServerImpl.java:logAppendEntries(1505)) - s2@group-9EF6EF252B1E: appendEntries* reply s0<-s2#667:OK-t1,SUCCESS,nextIndex=100,followerCommit=98,matchIndex=99
2024-05-03 18:50:27,461 [HandlerDaemon-1] DEBUG server.RaftServer$Division (RaftServerImpl.java:logAppendEntries(1505)) - s1@group-9EF6EF252B1E: appendEntries* s0->s1#668-t1,previous=(t:1, i:99),leaderCommit=99,initializing? false,entries: size=1, first=(t:1, i:100), METADATAENTRY(c:99)
2024-05-03 18:50:27,461 [s1-server-thread1] DEBUG server.RaftServer$Division (RaftServerImpl.java:logAppendEntries(1505)) - s1@group-9EF6EF252B1E: appendEntries* reply s0<-s1#668:OK-t1,SUCCESS,nextIndex=101,followerCommit=99,matchIndex=100
2024-05-03 18:50:27,462 [HandlerDaemon-2] DEBUG server.RaftServer$Division (RaftServerImpl.java:logAppendEntries(1505)) - s2@group-9EF6EF252B1E: appendEntries* s0->s2#669-t1,previous=(t:1, i:99),leaderCommit=99,initializing? false,entries: size=1, first=(t:1, i:100), METADATAENTRY(c:99)
2024-05-03 18:50:27,463 [s2-server-thread1] DEBUG server.RaftServer$Division (RaftServerImpl.java:logAppendEntries(1505)) - s2@group-9EF6EF252B1E: appendEntries* reply s0<-s2#669:OK-t1,SUCCESS,nextIndex=101,followerCommit=99,matchIndex=100
2024-05-03 18:50:27,475 [main] DEBUG client.RaftClient (RaftClientImpl.java:add(146)) - client-138B7AB9D496: add replied callId 665
2024-05-03 18:50:27,475 [main] DEBUG client.RaftClient (RaftClientImpl.java:get(158)) - client-138B7AB9D496: get 670 returns [665]
2024-05-03 18:50:27,476 [main] DEBUG client.RaftClient (RaftClientImpl.java:newRequest(95)) - attempt #1, newRequest RaftClientRequest:client-138B7AB9D496->s0@group-9EF6EF252B1E, cid=670, seq=null, RW, m50
2024-05-03 18:50:27,476 [s0-client-thread1] DEBUG server.RaftServer$Division (RaftServerImpl.java:submitClientRequestAsync(889)) - s0@group-9EF6EF252B1E: receive client request(RaftClientRequest:client-138B7AB9D496->s0@group-9EF6EF252B1E, cid=670, seq=null, RW, m50)
2024-05-03 18:50:27,476 [s0-client-thread1] DEBUG server.RaftServer$Division (LeaderStateImpl.java:addPendingRequest(530)) - s0@group-9EF6EF252B1E-LeaderStateImpl: addPendingRequest at RaftClientRequest:client-138B7AB9D496->s0@group-9EF6EF252B1E, cid=670, seq=null, RW, m50, entry=(t:1, i:101), STATEMACHINELOGENTRY, WRITE: logData.size=3, stateMachineData.size=0, logEntryProtoSerializedSize=0
2024-05-03 18:50:27,479 [HandlerDaemon-2] DEBUG server.RaftServer$Division (RaftServerImpl.java:logAppendEntries(1505)) - s1@group-9EF6EF252B1E: appendEntries* s0->s1#671-t1,previous=(t:1, i:100),leaderCommit=100,initializing? false,entries: size=1, first=(t:1, i:101), STATEMACHINELOGENTRY, StateMachineLogEntryProto:670@client-138B7AB9D496
2024-05-03 18:50:27,479 [HandlerDaemon-0] DEBUG server.RaftServer$Division (RaftServerImpl.java:logAppendEntries(1505)) - s2@group-9EF6EF252B1E: appendEntries* s0->s2#672-t1,previous=(t:1, i:100),leaderCommit=100,initializing? false,entries: size=1, first=(t:1, i:101), STATEMACHINELOGENTRY, StateMachineLogEntryProto:670@client-138B7AB9D496
2024-05-03 18:50:27,479 [s1-server-thread1] DEBUG server.RaftServer$Division (RaftServerImpl.java:logAppendEntries(1505)) - s1@group-9EF6EF252B1E: appendEntries* reply s0<-s1#671:OK-t1,SUCCESS,nextIndex=102,followerCommit=100,matchIndex=101
2024-05-03 18:50:27,479 [s2-server-thread1] DEBUG server.RaftServer$Division (RaftServerImpl.java:logAppendEntries(1505)) - s2@group-9EF6EF252B1E: appendEntries* reply s0<-s2#672:OK-t1,SUCCESS,nextIndex=102,followerCommit=100,matchIndex=101
2024-05-03 18:50:27,493 [HandlerDaemon-0] DEBUG server.RaftServer$Division (RaftServerImpl.java:logAppendEntries(1505)) - s1@group-9EF6EF252B1E: appendEntries* s0->s1#673-t1,previous=(t:1, i:101),leaderCommit=101,initializing? false,entries: size=1, first=(t:1, i:102), METADATAENTRY(c:101)
2024-05-03 18:50:27,493 [s1-server-thread1] DEBUG server.RaftServer$Division (RaftServerImpl.java:logAppendEntries(1505)) - s1@group-9EF6EF252B1E: appendEntries* reply s0<-s1#673:OK-t1,SUCCESS,nextIndex=103,followerCommit=101,matchIndex=102
2024-05-03 18:50:27,496 [HandlerDaemon-1] DEBUG server.RaftServer$Division (RaftServerImpl.java:logAppendEntries(1505)) - s2@group-9EF6EF252B1E: appendEntries* s0->s2#674-t1,previous=(t:1, i:101),leaderCommit=101,initializing? false,entries: size=1, first=(t:1, i:102), METADATAENTRY(c:101)
2024-05-03 18:50:27,497 [s2-server-thread1] DEBUG server.RaftServer$Division (RaftServerImpl.java:logAppendEntries(1505)) - s2@group-9EF6EF252B1E: appendEntries* reply s0<-s2#674:OK-t1,SUCCESS,nextIndex=103,followerCommit=101,matchIndex=102
2024-05-03 18:50:27,504 [main] DEBUG client.RaftClient (RaftClientImpl.java:add(146)) - client-138B7AB9D496: add replied callId 670
2024-05-03 18:50:27,504 [main] DEBUG client.RaftClient (RaftClientImpl.java:get(158)) - client-138B7AB9D496: get 675 returns [670]
2024-05-03 18:50:27,504 [main] DEBUG client.RaftClient (RaftClientImpl.java:newRequest(95)) - attempt #1, newRequest RaftClientRequest:client-138B7AB9D496->s0@group-9EF6EF252B1E, cid=675, seq=null, RW, m51
2024-05-03 18:50:27,504 [s0-client-thread1] DEBUG server.RaftServer$Division (RaftServerImpl.java:submitClientRequestAsync(889)) - s0@group-9EF6EF252B1E: receive client request(RaftClientRequest:client-138B7AB9D496->s0@group-9EF6EF252B1E, cid=675, seq=null, RW, m51)
2024-05-03 18:50:27,504 [s0-client-thread1] DEBUG server.RaftServer$Division (LeaderStateImpl.java:addPendingRequest(530)) - s0@group-9EF6EF252B1E-LeaderStateImpl: addPendingRequest at RaftClientRequest:client-138B7AB9D496->s0@group-9EF6EF252B1E, cid=675, seq=null, RW, m51, entry=(t:1, i:103), STATEMACHINELOGENTRY, WRITE: logData.size=3, stateMachineData.size=0, logEntryProtoSerializedSize=0
2024-05-03 18:50:27,507 [HandlerDaemon-1] DEBUG server.RaftServer$Division (RaftServerImpl.java:logAppendEntries(1505)) - s1@group-9EF6EF252B1E: appendEntries* s0->s1#677-t1,previous=(t:1, i:102),leaderCommit=102,initializing? false,entries: size=1, first=(t:1, i:103), STATEMACHINELOGENTRY, StateMachineLogEntryProto:675@client-138B7AB9D496
2024-05-03 18:50:27,507 [HandlerDaemon-2] DEBUG server.RaftServer$Division (RaftServerImpl.java:logAppendEntries(1505)) - s2@group-9EF6EF252B1E: appendEntries* s0->s2#676-t1,previous=(t:1, i:102),leaderCommit=102,initializing? false,entries: size=1, first=(t:1, i:103), STATEMACHINELOGENTRY, StateMachineLogEntryProto:675@client-138B7AB9D496
2024-05-03 18:50:27,507 [s1-server-thread1] DEBUG server.RaftServer$Division (RaftServerImpl.java:logAppendEntries(1505)) - s1@group-9EF6EF252B1E: appendEntries* reply s0<-s1#677:OK-t1,SUCCESS,nextIndex=104,followerCommit=102,matchIndex=103
2024-05-03 18:50:27,507 [s2-server-thread1] DEBUG server.RaftServer$Division (RaftServerImpl.java:logAppendEntries(1505)) - s2@group-9EF6EF252B1E: appendEntries* reply s0<-s2#676:OK-t1,SUCCESS,nextIndex=104,followerCommit=102,matchIndex=103
2024-05-03 18:50:27,518 [HandlerDaemon-0] DEBUG server.RaftServer$Division (RaftServerImpl.java:logAppendEntries(1505)) - s2@group-9EF6EF252B1E: appendEntries* s0->s2#678-t1,previous=(t:1, i:103),leaderCommit=103,initializing? false,entries: size=1, first=(t:1, i:104), METADATAENTRY(c:103)
2024-05-03 18:50:27,518 [s2-server-thread1] DEBUG server.RaftServer$Division (RaftServerImpl.java:logAppendEntries(1505)) - s2@group-9EF6EF252B1E: appendEntries* reply s0<-s2#678:OK-t1,SUCCESS,nextIndex=105,followerCommit=103,matchIndex=104
2024-05-03 18:50:27,527 [HandlerDaemon-2] DEBUG server.RaftServer$Division (RaftServerImpl.java:logAppendEntries(1505)) - s1@group-9EF6EF252B1E: appendEntries* s0->s1#679-t1,previous=(t:1, i:103),leaderCommit=103,initializing? false,entries: size=1, first=(t:1, i:104), METADATAENTRY(c:103)
2024-05-03 18:50:27,527 [s1-server-thread1] DEBUG server.RaftServer$Division (RaftServerImpl.java:logAppendEntries(1505)) - s1@group-9EF6EF252B1E: appendEntries* reply s0<-s1#679:OK-t1,SUCCESS,nextIndex=105,followerCommit=103,matchIndex=104
2024-05-03 18:50:27,534 [main] DEBUG client.RaftClient (RaftClientImpl.java:add(146)) - client-138B7AB9D496: add replied callId 675
2024-05-03 18:50:27,534 [main] DEBUG client.RaftClient (RaftClientImpl.java:get(158)) - client-138B7AB9D496: get 680 returns [675]
2024-05-03 18:50:27,534 [main] DEBUG client.RaftClient (RaftClientImpl.java:newRequest(95)) - attempt #1, newRequest RaftClientRequest:client-138B7AB9D496->s0@group-9EF6EF252B1E, cid=680, seq=null, RW, m52
2024-05-03 18:50:27,534 [s0-client-thread1] DEBUG server.RaftServer$Division (RaftServerImpl.java:submitClientRequestAsync(889)) - s0@group-9EF6EF252B1E: receive client request(RaftClientRequest:client-138B7AB9D496->s0@group-9EF6EF252B1E, cid=680, seq=null, RW, m52)
2024-05-03 18:50:27,534 [s0-client-thread1] DEBUG server.RaftServer$Division (LeaderStateImpl.java:addPendingRequest(530)) - s0@group-9EF6EF252B1E-LeaderStateImpl: addPendingRequest at RaftClientRequest:client-138B7AB9D496->s0@group-9EF6EF252B1E, cid=680, seq=null, RW, m52, entry=(t:1, i:105), STATEMACHINELOGENTRY, WRITE: logData.size=3, stateMachineData.size=0, logEntryProtoSerializedSize=0
2024-05-03 18:50:27,535 [HandlerDaemon-1] DEBUG server.RaftServer$Division (RaftServerImpl.java:logAppendEntries(1505)) - s2@group-9EF6EF252B1E: appendEntries* s0->s2#681-t1,previous=(t:1, i:104),leaderCommit=104,initializing? false,entries: size=1, first=(t:1, i:105), STATEMACHINELOGENTRY, StateMachineLogEntryProto:680@client-138B7AB9D496
2024-05-03 18:50:27,535 [s2-server-thread1] DEBUG server.RaftServer$Division (RaftServerImpl.java:logAppendEntries(1505)) - s2@group-9EF6EF252B1E: appendEntries* reply s0<-s2#681:OK-t1,SUCCESS,nextIndex=106,followerCommit=104,matchIndex=105
2024-05-03 18:50:27,541 [HandlerDaemon-0] DEBUG server.RaftServer$Division (RaftServerImpl.java:logAppendEntries(1505)) - s1@group-9EF6EF252B1E: appendEntries* s0->s1#682-t1,previous=(t:1, i:104),leaderCommit=104,initializing? false,entries: size=1, first=(t:1, i:105), STATEMACHINELOGENTRY, StateMachineLogEntryProto:680@client-138B7AB9D496
2024-05-03 18:50:27,541 [s1-server-thread1] DEBUG server.RaftServer$Division (RaftServerImpl.java:logAppendEntries(1505)) - s1@group-9EF6EF252B1E: appendEntries* reply s0<-s1#682:OK-t1,SUCCESS,nextIndex=106,followerCommit=104,matchIndex=105
2024-05-03 18:50:27,553 [HandlerDaemon-2] DEBUG server.RaftServer$Division (RaftServerImpl.java:logAppendEntries(1505)) - s2@group-9EF6EF252B1E: appendEntries* s0->s2#683-t1,previous=(t:1, i:105),leaderCommit=105,initializing? false,entries: size=1, first=(t:1, i:106), METADATAENTRY(c:105)
2024-05-03 18:50:27,553 [s2-server-thread1] DEBUG server.RaftServer$Division (RaftServerImpl.java:logAppendEntries(1505)) - s2@group-9EF6EF252B1E: appendEntries* reply s0<-s2#683:OK-t1,SUCCESS,nextIndex=107,followerCommit=105,matchIndex=106
2024-05-03 18:50:27,561 [HandlerDaemon-1] DEBUG server.RaftServer$Division (RaftServerImpl.java:logAppendEntries(1505)) - s1@group-9EF6EF252B1E: appendEntries* s0->s1#684-t1,previous=(t:1, i:105),leaderCommit=105,initializing? false,entries: size=1, first=(t:1, i:106), METADATAENTRY(c:105)
2024-05-03 18:50:27,561 [s1-server-thread1] DEBUG server.RaftServer$Division (RaftServerImpl.java:logAppendEntries(1505)) - s1@group-9EF6EF252B1E: appendEntries* reply s0<-s1#684:OK-t1,SUCCESS,nextIndex=107,followerCommit=105,matchIndex=106
2024-05-03 18:50:27,570 [main] DEBUG client.RaftClient (RaftClientImpl.java:add(146)) - client-138B7AB9D496: add replied callId 680
2024-05-03 18:50:27,570 [main] DEBUG client.RaftClient (RaftClientImpl.java:get(158)) - client-138B7AB9D496: get 685 returns [680]
2024-05-03 18:50:27,571 [main] DEBUG client.RaftClient (RaftClientImpl.java:newRequest(95)) - attempt #1, newRequest RaftClientRequest:client-138B7AB9D496->s0@group-9EF6EF252B1E, cid=685, seq=null, RW, m53
2024-05-03 18:50:27,571 [s0-client-thread1] DEBUG server.RaftServer$Division (RaftServerImpl.java:submitClientRequestAsync(889)) - s0@group-9EF6EF252B1E: receive client request(RaftClientRequest:client-138B7AB9D496->s0@group-9EF6EF252B1E, cid=685, seq=null, RW, m53)
2024-05-03 18:50:27,571 [s0-client-thread1] DEBUG server.RaftServer$Division (LeaderStateImpl.java:addPendingRequest(530)) - s0@group-9EF6EF252B1E-LeaderStateImpl: addPendingRequest at RaftClientRequest:client-138B7AB9D496->s0@group-9EF6EF252B1E, cid=685, seq=null, RW, m53, entry=(t:1, i:107), STATEMACHINELOGENTRY, WRITE: logData.size=3, stateMachineData.size=0, logEntryProtoSerializedSize=0
2024-05-03 18:50:27,571 [HandlerDaemon-0] DEBUG server.RaftServer$Division (RaftServerImpl.java:logAppendEntries(1505)) - s2@group-9EF6EF252B1E: appendEntries* s0->s2#686-t1,previous=(t:1, i:106),leaderCommit=106,initializing? false,entries: size=1, first=(t:1, i:107), STATEMACHINELOGENTRY, StateMachineLogEntryProto:685@client-138B7AB9D496
2024-05-03 18:50:27,571 [s2-server-thread1] DEBUG server.RaftServer$Division (RaftServerImpl.java:logAppendEntries(1505)) - s2@group-9EF6EF252B1E: appendEntries* reply s0<-s2#686:OK-t1,SUCCESS,nextIndex=108,followerCommit=106,matchIndex=107
2024-05-03 18:50:27,576 [HandlerDaemon-2] DEBUG server.RaftServer$Division (RaftServerImpl.java:logAppendEntries(1505)) - s1@group-9EF6EF252B1E: appendEntries* s0->s1#687-t1,previous=(t:1, i:106),leaderCommit=106,initializing? false,entries: size=1, first=(t:1, i:107), STATEMACHINELOGENTRY, StateMachineLogEntryProto:685@client-138B7AB9D496
2024-05-03 18:50:27,576 [s1-server-thread1] DEBUG server.RaftServer$Division (RaftServerImpl.java:logAppendEntries(1505)) - s1@group-9EF6EF252B1E: appendEntries* reply s0<-s1#687:OK-t1,SUCCESS,nextIndex=108,followerCommit=106,matchIndex=107
2024-05-03 18:50:27,582 [HandlerDaemon-1] DEBUG server.RaftServer$Division (RaftServerImpl.java:logAppendEntries(1505)) - s2@group-9EF6EF252B1E: appendEntries* s0->s2#688-t1,previous=(t:1, i:107),leaderCommit=107,initializing? false,entries: size=1, first=(t:1, i:108), METADATAENTRY(c:107)
2024-05-03 18:50:27,582 [s2-server-thread1] DEBUG server.RaftServer$Division (RaftServerImpl.java:logAppendEntries(1505)) - s2@group-9EF6EF252B1E: appendEntries* reply s0<-s2#688:OK-t1,SUCCESS,nextIndex=109,followerCommit=107,matchIndex=108
2024-05-03 18:50:27,588 [HandlerDaemon-0] DEBUG server.RaftServer$Division (RaftServerImpl.java:logAppendEntries(1505)) - s1@group-9EF6EF252B1E: appendEntries* s0->s1#689-t1,previous=(t:1, i:107),leaderCommit=107,initializing? false,entries: size=1, first=(t:1, i:108), METADATAENTRY(c:107)
2024-05-03 18:50:27,588 [s1-server-thread1] DEBUG server.RaftServer$Division (RaftServerImpl.java:logAppendEntries(1505)) - s1@group-9EF6EF252B1E: appendEntries* reply s0<-s1#689:OK-t1,SUCCESS,nextIndex=109,followerCommit=107,matchIndex=108
2024-05-03 18:50:27,595 [main] DEBUG client.RaftClient (RaftClientImpl.java:add(146)) - client-138B7AB9D496: add replied callId 685
2024-05-03 18:50:27,595 [main] DEBUG client.RaftClient (RaftClientImpl.java:get(158)) - client-138B7AB9D496: get 690 returns [685]
2024-05-03 18:50:27,595 [main] DEBUG client.RaftClient (RaftClientImpl.java:newRequest(95)) - attempt #1, newRequest RaftClientRequest:client-138B7AB9D496->s0@group-9EF6EF252B1E, cid=690, seq=null, RW, m54
2024-05-03 18:50:27,595 [s0-client-thread1] DEBUG server.RaftServer$Division (RaftServerImpl.java:submitClientRequestAsync(889)) - s0@group-9EF6EF252B1E: receive client request(RaftClientRequest:client-138B7AB9D496->s0@group-9EF6EF252B1E, cid=690, seq=null, RW, m54)
2024-05-03 18:50:27,595 [s0-client-thread1] DEBUG server.RaftServer$Division (LeaderStateImpl.java:addPendingRequest(530)) - s0@group-9EF6EF252B1E-LeaderStateImpl: addPendingRequest at RaftClientRequest:client-138B7AB9D496->s0@group-9EF6EF252B1E, cid=690, seq=null, RW, m54, entry=(t:1, i:109), STATEMACHINELOGENTRY, WRITE: logData.size=3, stateMachineData.size=0, logEntryProtoSerializedSize=0
2024-05-03 18:50:27,600 [HandlerDaemon-2] DEBUG server.RaftServer$Division (RaftServerImpl.java:logAppendEntries(1505)) - s2@group-9EF6EF252B1E: appendEntries* s0->s2#691-t1,previous=(t:1, i:108),leaderCommit=108,initializing? false,entries: size=1, first=(t:1, i:109), STATEMACHINELOGENTRY, StateMachineLogEntryProto:690@client-138B7AB9D496
2024-05-03 18:50:27,600 [s2-server-thread1] DEBUG server.RaftServer$Division (RaftServerImpl.java:logAppendEntries(1505)) - s2@group-9EF6EF252B1E: appendEntries* reply s0<-s2#691:OK-t1,SUCCESS,nextIndex=110,followerCommit=108,matchIndex=109
2024-05-03 18:50:27,605 [HandlerDaemon-1] DEBUG server.RaftServer$Division (RaftServerImpl.java:logAppendEntries(1505)) - s1@group-9EF6EF252B1E: appendEntries* s0->s1#692-t1,previous=(t:1, i:108),leaderCommit=108,initializing? false,entries: size=1, first=(t:1, i:109), STATEMACHINELOGENTRY, StateMachineLogEntryProto:690@client-138B7AB9D496
2024-05-03 18:50:27,605 [s1-server-thread1] DEBUG server.RaftServer$Division (RaftServerImpl.java:logAppendEntries(1505)) - s1@group-9EF6EF252B1E: appendEntries* reply s0<-s1#692:OK-t1,SUCCESS,nextIndex=110,followerCommit=108,matchIndex=109
2024-05-03 18:50:27,615 [HandlerDaemon-0] DEBUG server.RaftServer$Division (RaftServerImpl.java:logAppendEntries(1505)) - s2@group-9EF6EF252B1E: appendEntries* s0->s2#693-t1,previous=(t:1, i:109),leaderCommit=109,initializing? false,entries: size=1, first=(t:1, i:110), METADATAENTRY(c:109)
2024-05-03 18:50:27,615 [s2-server-thread1] DEBUG server.RaftServer$Division (RaftServerImpl.java:logAppendEntries(1505)) - s2@group-9EF6EF252B1E: appendEntries* reply s0<-s2#693:OK-t1,SUCCESS,nextIndex=111,followerCommit=109,matchIndex=110
2024-05-03 18:50:27,624 [HandlerDaemon-2] DEBUG server.RaftServer$Division (RaftServerImpl.java:logAppendEntries(1505)) - s1@group-9EF6EF252B1E: appendEntries* s0->s1#694-t1,previous=(t:1, i:109),leaderCommit=109,initializing? false,entries: size=1, first=(t:1, i:110), METADATAENTRY(c:109)
2024-05-03 18:50:27,624 [s1-server-thread1] DEBUG server.RaftServer$Division (RaftServerImpl.java:logAppendEntries(1505)) - s1@group-9EF6EF252B1E: appendEntries* reply s0<-s1#694:OK-t1,SUCCESS,nextIndex=111,followerCommit=109,matchIndex=110
2024-05-03 18:50:27,634 [main] DEBUG client.RaftClient (RaftClientImpl.java:add(146)) - client-138B7AB9D496: add replied callId 690
2024-05-03 18:50:27,634 [main] DEBUG client.RaftClient (RaftClientImpl.java:get(158)) - client-138B7AB9D496: get 695 returns [690]
2024-05-03 18:50:27,634 [main] DEBUG client.RaftClient (RaftClientImpl.java:newRequest(95)) - attempt #1, newRequest RaftClientRequest:client-138B7AB9D496->s0@group-9EF6EF252B1E, cid=695, seq=null, RW, m55
2024-05-03 18:50:27,634 [s0-client-thread1] DEBUG server.RaftServer$Division (RaftServerImpl.java:submitClientRequestAsync(889)) - s0@group-9EF6EF252B1E: receive client request(RaftClientRequest:client-138B7AB9D496->s0@group-9EF6EF252B1E, cid=695, seq=null, RW, m55)
2024-05-03 18:50:27,635 [s0-client-thread1] DEBUG server.RaftServer$Division (LeaderStateImpl.java:addPendingRequest(530)) - s0@group-9EF6EF252B1E-LeaderStateImpl: addPendingRequest at RaftClientRequest:client-138B7AB9D496->s0@group-9EF6EF252B1E, cid=695, seq=null, RW, m55, entry=(t:1, i:111), STATEMACHINELOGENTRY, WRITE: logData.size=3, stateMachineData.size=0, logEntryProtoSerializedSize=0
2024-05-03 18:50:27,635 [HandlerDaemon-1] DEBUG server.RaftServer$Division (RaftServerImpl.java:logAppendEntries(1505)) - s2@group-9EF6EF252B1E: appendEntries* s0->s2#696-t1,previous=(t:1, i:110),leaderCommit=110,initializing? false,entries: size=1, first=(t:1, i:111), STATEMACHINELOGENTRY, StateMachineLogEntryProto:695@client-138B7AB9D496
2024-05-03 18:50:27,635 [s2-server-thread1] DEBUG server.RaftServer$Division (RaftServerImpl.java:logAppendEntries(1505)) - s2@group-9EF6EF252B1E: appendEntries* reply s0<-s2#696:OK-t1,SUCCESS,nextIndex=112,followerCommit=110,matchIndex=111
2024-05-03 18:50:27,641 [HandlerDaemon-0] DEBUG server.RaftServer$Division (RaftServerImpl.java:logAppendEntries(1505)) - s1@group-9EF6EF252B1E: appendEntries* s0->s1#697-t1,previous=(t:1, i:110),leaderCommit=110,initializing? false,entries: size=1, first=(t:1, i:111), STATEMACHINELOGENTRY, StateMachineLogEntryProto:695@client-138B7AB9D496
2024-05-03 18:50:27,641 [s1-server-thread1] DEBUG server.RaftServer$Division (RaftServerImpl.java:logAppendEntries(1505)) - s1@group-9EF6EF252B1E: appendEntries* reply s0<-s1#697:OK-t1,SUCCESS,nextIndex=112,followerCommit=110,matchIndex=111
2024-05-03 18:50:27,647 [HandlerDaemon-2] DEBUG server.RaftServer$Division (RaftServerImpl.java:logAppendEntries(1505)) - s2@group-9EF6EF252B1E: appendEntries* s0->s2#698-t1,previous=(t:1, i:111),leaderCommit=111,initializing? false,entries: size=1, first=(t:1, i:112), METADATAENTRY(c:111)
2024-05-03 18:50:27,647 [s2-server-thread1] DEBUG server.RaftServer$Division (RaftServerImpl.java:logAppendEntries(1505)) - s2@group-9EF6EF252B1E: appendEntries* reply s0<-s2#698:OK-t1,SUCCESS,nextIndex=113,followerCommit=111,matchIndex=112
2024-05-03 18:50:27,659 [HandlerDaemon-1] DEBUG server.RaftServer$Division (RaftServerImpl.java:logAppendEntries(1505)) - s1@group-9EF6EF252B1E: appendEntries* s0->s1#699-t1,previous=(t:1, i:111),leaderCommit=111,initializing? false,entries: size=1, first=(t:1, i:112), METADATAENTRY(c:111)
2024-05-03 18:50:27,659 [s1-server-thread1] DEBUG server.RaftServer$Division (RaftServerImpl.java:logAppendEntries(1505)) - s1@group-9EF6EF252B1E: appendEntries* reply s0<-s1#699:OK-t1,SUCCESS,nextIndex=113,followerCommit=111,matchIndex=112
2024-05-03 18:50:27,661 [main] DEBUG client.RaftClient (RaftClientImpl.java:add(146)) - client-138B7AB9D496: add replied callId 695
2024-05-03 18:50:27,661 [main] DEBUG client.RaftClient (RaftClientImpl.java:get(158)) - client-138B7AB9D496: get 700 returns [695]
2024-05-03 18:50:27,661 [main] DEBUG client.RaftClient (RaftClientImpl.java:newRequest(95)) - attempt #1, newRequest RaftClientRequest:client-138B7AB9D496->s0@group-9EF6EF252B1E, cid=700, seq=null, RW, m56
2024-05-03 18:50:27,661 [s0-client-thread1] DEBUG server.RaftServer$Division (RaftServerImpl.java:submitClientRequestAsync(889)) - s0@group-9EF6EF252B1E: receive client request(RaftClientRequest:client-138B7AB9D496->s0@group-9EF6EF252B1E, cid=700, seq=null, RW, m56)
2024-05-03 18:50:27,661 [s0-client-thread1] DEBUG server.RaftServer$Division (LeaderStateImpl.java:addPendingRequest(530)) - s0@group-9EF6EF252B1E-LeaderStateImpl: addPendingRequest at RaftClientRequest:client-138B7AB9D496->s0@group-9EF6EF252B1E, cid=700, seq=null, RW, m56, entry=(t:1, i:113), STATEMACHINELOGENTRY, WRITE: logData.size=3, stateMachineData.size=0, logEntryProtoSerializedSize=0
2024-05-03 18:50:27,664 [HandlerDaemon-0] DEBUG server.RaftServer$Division (RaftServerImpl.java:logAppendEntries(1505)) - s2@group-9EF6EF252B1E: appendEntries* s0->s2#701-t1,previous=(t:1, i:112),leaderCommit=112,initializing? false,entries: size=1, first=(t:1, i:113), STATEMACHINELOGENTRY, StateMachineLogEntryProto:700@client-138B7AB9D496
2024-05-03 18:50:27,665 [s2-server-thread1] DEBUG server.RaftServer$Division (RaftServerImpl.java:logAppendEntries(1505)) - s2@group-9EF6EF252B1E: appendEntries* reply s0<-s2#701:OK-t1,SUCCESS,nextIndex=114,followerCommit=112,matchIndex=113
2024-05-03 18:50:27,675 [HandlerDaemon-2] DEBUG server.RaftServer$Division (RaftServerImpl.java:logAppendEntries(1505)) - s1@group-9EF6EF252B1E: appendEntries* s0->s1#702-t1,previous=(t:1, i:112),leaderCommit=112,initializing? false,entries: size=1, first=(t:1, i:113), STATEMACHINELOGENTRY, StateMachineLogEntryProto:700@client-138B7AB9D496
2024-05-03 18:50:27,675 [s1-server-thread1] DEBUG server.RaftServer$Division (RaftServerImpl.java:logAppendEntries(1505)) - s1@group-9EF6EF252B1E: appendEntries* reply s0<-s1#702:OK-t1,SUCCESS,nextIndex=114,followerCommit=112,matchIndex=113
2024-05-03 18:50:27,681 [HandlerDaemon-1] DEBUG server.RaftServer$Division (RaftServerImpl.java:logAppendEntries(1505)) - s2@group-9EF6EF252B1E: appendEntries* s0->s2#703-t1,previous=(t:1, i:113),leaderCommit=113,initializing? false,entries: size=1, first=(t:1, i:114), METADATAENTRY(c:113)
2024-05-03 18:50:27,681 [s2-server-thread1] DEBUG server.RaftServer$Division (RaftServerImpl.java:logAppendEntries(1505)) - s2@group-9EF6EF252B1E: appendEntries* reply s0<-s2#703:OK-t1,SUCCESS,nextIndex=115,followerCommit=113,matchIndex=114
2024-05-03 18:50:27,693 [HandlerDaemon-0] DEBUG server.RaftServer$Division (RaftServerImpl.java:logAppendEntries(1505)) - s1@group-9EF6EF252B1E: appendEntries* s0->s1#704-t1,previous=(t:1, i:113),leaderCommit=113,initializing? false,entries: size=1, first=(t:1, i:114), METADATAENTRY(c:113)
2024-05-03 18:50:27,693 [s1-server-thread1] DEBUG server.RaftServer$Division (RaftServerImpl.java:logAppendEntries(1505)) - s1@group-9EF6EF252B1E: appendEntries* reply s0<-s1#704:OK-t1,SUCCESS,nextIndex=115,followerCommit=113,matchIndex=114
2024-05-03 18:50:27,700 [main] DEBUG client.RaftClient (RaftClientImpl.java:add(146)) - client-138B7AB9D496: add replied callId 700
2024-05-03 18:50:27,700 [main] DEBUG client.RaftClient (RaftClientImpl.java:get(158)) - client-138B7AB9D496: get 705 returns [700]
2024-05-03 18:50:27,700 [main] DEBUG client.RaftClient (RaftClientImpl.java:newRequest(95)) - attempt #1, newRequest RaftClientRequest:client-138B7AB9D496->s0@group-9EF6EF252B1E, cid=705, seq=null, RW, m57
2024-05-03 18:50:27,700 [s0-client-thread1] DEBUG server.RaftServer$Division (RaftServerImpl.java:submitClientRequestAsync(889)) - s0@group-9EF6EF252B1E: receive client request(RaftClientRequest:client-138B7AB9D496->s0@group-9EF6EF252B1E, cid=705, seq=null, RW, m57)
2024-05-03 18:50:27,701 [s0-client-thread1] DEBUG server.RaftServer$Division (LeaderStateImpl.java:addPendingRequest(530)) - s0@group-9EF6EF252B1E-LeaderStateImpl: addPendingRequest at RaftClientRequest:client-138B7AB9D496->s0@group-9EF6EF252B1E, cid=705, seq=null, RW, m57, entry=(t:1, i:115), STATEMACHINELOGENTRY, WRITE: logData.size=3, stateMachineData.size=0, logEntryProtoSerializedSize=0
2024-05-03 18:50:27,701 [HandlerDaemon-2] DEBUG server.RaftServer$Division (RaftServerImpl.java:logAppendEntries(1505)) - s2@group-9EF6EF252B1E: appendEntries* s0->s2#706-t1,previous=(t:1, i:114),leaderCommit=114,initializing? false,entries: size=1, first=(t:1, i:115), STATEMACHINELOGENTRY, StateMachineLogEntryProto:705@client-138B7AB9D496
2024-05-03 18:50:27,701 [s2-server-thread1] DEBUG server.RaftServer$Division (RaftServerImpl.java:logAppendEntries(1505)) - s2@group-9EF6EF252B1E: appendEntries* reply s0<-s2#706:OK-t1,SUCCESS,nextIndex=116,followerCommit=114,matchIndex=115
2024-05-03 18:50:27,707 [HandlerDaemon-1] DEBUG server.RaftServer$Division (RaftServerImpl.java:logAppendEntries(1505)) - s1@group-9EF6EF252B1E: appendEntries* s0->s1#707-t1,previous=(t:1, i:114),leaderCommit=114,initializing? false,entries: size=1, first=(t:1, i:115), STATEMACHINELOGENTRY, StateMachineLogEntryProto:705@client-138B7AB9D496
2024-05-03 18:50:27,707 [s1-server-thread1] DEBUG server.RaftServer$Division (RaftServerImpl.java:logAppendEntries(1505)) - s1@group-9EF6EF252B1E: appendEntries* reply s0<-s1#707:OK-t1,SUCCESS,nextIndex=116,followerCommit=114,matchIndex=115
2024-05-03 18:50:27,714 [HandlerDaemon-0] DEBUG server.RaftServer$Division (RaftServerImpl.java:logAppendEntries(1505)) - s2@group-9EF6EF252B1E: appendEntries* s0->s2#708-t1,previous=(t:1, i:115),leaderCommit=115,initializing? false,entries: size=1, first=(t:1, i:116), METADATAENTRY(c:115)
2024-05-03 18:50:27,714 [s2-server-thread1] DEBUG server.RaftServer$Division (RaftServerImpl.java:logAppendEntries(1505)) - s2@group-9EF6EF252B1E: appendEntries* reply s0<-s2#708:OK-t1,SUCCESS,nextIndex=117,followerCommit=115,matchIndex=116
2024-05-03 18:50:27,719 [HandlerDaemon-2] DEBUG server.RaftServer$Division (RaftServerImpl.java:logAppendEntries(1505)) - s1@group-9EF6EF252B1E: appendEntries* s0->s1#709-t1,previous=(t:1, i:115),leaderCommit=115,initializing? false,entries: size=1, first=(t:1, i:116), METADATAENTRY(c:115)
2024-05-03 18:50:27,719 [s1-server-thread1] DEBUG server.RaftServer$Division (RaftServerImpl.java:logAppendEntries(1505)) - s1@group-9EF6EF252B1E: appendEntries* reply s0<-s1#709:OK-t1,SUCCESS,nextIndex=117,followerCommit=115,matchIndex=116
2024-05-03 18:50:27,731 [main] DEBUG client.RaftClient (RaftClientImpl.java:add(146)) - client-138B7AB9D496: add replied callId 705
2024-05-03 18:50:27,731 [main] DEBUG client.RaftClient (RaftClientImpl.java:get(158)) - client-138B7AB9D496: get 710 returns [705]
2024-05-03 18:50:27,731 [main] DEBUG client.RaftClient (RaftClientImpl.java:newRequest(95)) - attempt #1, newRequest RaftClientRequest:client-138B7AB9D496->s0@group-9EF6EF252B1E, cid=710, seq=null, RW, m58
2024-05-03 18:50:27,731 [s0-client-thread1] DEBUG server.RaftServer$Division (RaftServerImpl.java:submitClientRequestAsync(889)) - s0@group-9EF6EF252B1E: receive client request(RaftClientRequest:client-138B7AB9D496->s0@group-9EF6EF252B1E, cid=710, seq=null, RW, m58)
2024-05-03 18:50:27,731 [s0-client-thread1] DEBUG server.RaftServer$Division (LeaderStateImpl.java:addPendingRequest(530)) - s0@group-9EF6EF252B1E-LeaderStateImpl: addPendingRequest at RaftClientRequest:client-138B7AB9D496->s0@group-9EF6EF252B1E, cid=710, seq=null, RW, m58, entry=(t:1, i:117), STATEMACHINELOGENTRY, WRITE: logData.size=3, stateMachineData.size=0, logEntryProtoSerializedSize=0
2024-05-03 18:50:27,732 [HandlerDaemon-1] DEBUG server.RaftServer$Division (RaftServerImpl.java:logAppendEntries(1505)) - s2@group-9EF6EF252B1E: appendEntries* s0->s2#711-t1,previous=(t:1, i:116),leaderCommit=116,initializing? false,entries: size=1, first=(t:1, i:117), STATEMACHINELOGENTRY, StateMachineLogEntryProto:710@client-138B7AB9D496
2024-05-03 18:50:27,732 [s2-server-thread1] DEBUG server.RaftServer$Division (RaftServerImpl.java:logAppendEntries(1505)) - s2@group-9EF6EF252B1E: appendEntries* reply s0<-s2#711:OK-t1,SUCCESS,nextIndex=118,followerCommit=116,matchIndex=117
2024-05-03 18:50:27,736 [HandlerDaemon-0] DEBUG server.RaftServer$Division (RaftServerImpl.java:logAppendEntries(1505)) - s1@group-9EF6EF252B1E: appendEntries* s0->s1#712-t1,previous=(t:1, i:116),leaderCommit=116,initializing? false,entries: size=1, first=(t:1, i:117), STATEMACHINELOGENTRY, StateMachineLogEntryProto:710@client-138B7AB9D496
2024-05-03 18:50:27,736 [s1-server-thread1] DEBUG server.RaftServer$Division (RaftServerImpl.java:logAppendEntries(1505)) - s1@group-9EF6EF252B1E: appendEntries* reply s0<-s1#712:OK-t1,SUCCESS,nextIndex=118,followerCommit=116,matchIndex=117
2024-05-03 18:50:27,748 [HandlerDaemon-2] DEBUG server.RaftServer$Division (RaftServerImpl.java:logAppendEntries(1505)) - s2@group-9EF6EF252B1E: appendEntries* s0->s2#713-t1,previous=(t:1, i:117),leaderCommit=117,initializing? false,entries: size=1, first=(t:1, i:118), METADATAENTRY(c:117)
2024-05-03 18:50:27,748 [s2-server-thread1] DEBUG server.RaftServer$Division (RaftServerImpl.java:logAppendEntries(1505)) - s2@group-9EF6EF252B1E: appendEntries* reply s0<-s2#713:OK-t1,SUCCESS,nextIndex=119,followerCommit=117,matchIndex=118
2024-05-03 18:50:27,753 [HandlerDaemon-1] DEBUG server.RaftServer$Division (RaftServerImpl.java:logAppendEntries(1505)) - s1@group-9EF6EF252B1E: appendEntries* s0->s1#714-t1,previous=(t:1, i:117),leaderCommit=117,initializing? false,entries: size=1, first=(t:1, i:118), METADATAENTRY(c:117)
2024-05-03 18:50:27,753 [s1-server-thread1] DEBUG server.RaftServer$Division (RaftServerImpl.java:logAppendEntries(1505)) - s1@group-9EF6EF252B1E: appendEntries* reply s0<-s1#714:OK-t1,SUCCESS,nextIndex=119,followerCommit=117,matchIndex=118
2024-05-03 18:50:27,766 [main] DEBUG client.RaftClient (RaftClientImpl.java:add(146)) - client-138B7AB9D496: add replied callId 710
2024-05-03 18:50:27,766 [main] DEBUG client.RaftClient (RaftClientImpl.java:get(158)) - client-138B7AB9D496: get 715 returns [710]
2024-05-03 18:50:27,766 [main] DEBUG client.RaftClient (RaftClientImpl.java:newRequest(95)) - attempt #1, newRequest RaftClientRequest:client-138B7AB9D496->s0@group-9EF6EF252B1E, cid=715, seq=null, RW, m59
2024-05-03 18:50:27,766 [s0-client-thread1] DEBUG server.RaftServer$Division (RaftServerImpl.java:submitClientRequestAsync(889)) - s0@group-9EF6EF252B1E: receive client request(RaftClientRequest:client-138B7AB9D496->s0@group-9EF6EF252B1E, cid=715, seq=null, RW, m59)
2024-05-03 18:50:27,766 [s0-client-thread1] DEBUG server.RaftServer$Division (LeaderStateImpl.java:addPendingRequest(530)) - s0@group-9EF6EF252B1E-LeaderStateImpl: addPendingRequest at RaftClientRequest:client-138B7AB9D496->s0@group-9EF6EF252B1E, cid=715, seq=null, RW, m59, entry=(t:1, i:119), STATEMACHINELOGENTRY, WRITE: logData.size=3, stateMachineData.size=0, logEntryProtoSerializedSize=0
2024-05-03 18:50:27,767 [HandlerDaemon-0] DEBUG server.RaftServer$Division (RaftServerImpl.java:logAppendEntries(1505)) - s2@group-9EF6EF252B1E: appendEntries* s0->s2#716-t1,previous=(t:1, i:118),leaderCommit=118,initializing? false,entries: size=1, first=(t:1, i:119), STATEMACHINELOGENTRY, StateMachineLogEntryProto:715@client-138B7AB9D496
2024-05-03 18:50:27,767 [s2-server-thread1] DEBUG server.RaftServer$Division (RaftServerImpl.java:logAppendEntries(1505)) - s2@group-9EF6EF252B1E: appendEntries* reply s0<-s2#716:OK-t1,SUCCESS,nextIndex=120,followerCommit=118,matchIndex=119
2024-05-03 18:50:27,769 [HandlerDaemon-2] DEBUG server.RaftServer$Division (RaftServerImpl.java:logAppendEntries(1505)) - s1@group-9EF6EF252B1E: appendEntries* s0->s1#717-t1,previous=(t:1, i:118),leaderCommit=118,initializing? false,entries: size=1, first=(t:1, i:119), STATEMACHINELOGENTRY, StateMachineLogEntryProto:715@client-138B7AB9D496
2024-05-03 18:50:27,769 [s1-server-thread1] DEBUG server.RaftServer$Division (RaftServerImpl.java:logAppendEntries(1505)) - s1@group-9EF6EF252B1E: appendEntries* reply s0<-s1#717:OK-t1,SUCCESS,nextIndex=120,followerCommit=118,matchIndex=119
2024-05-03 18:50:27,783 [HandlerDaemon-1] DEBUG server.RaftServer$Division (RaftServerImpl.java:logAppendEntries(1505)) - s2@group-9EF6EF252B1E: appendEntries* s0->s2#718-t1,previous=(t:1, i:119),leaderCommit=119,initializing? false,entries: size=1, first=(t:1, i:120), METADATAENTRY(c:119)
2024-05-03 18:50:27,784 [s2-server-thread1] DEBUG server.RaftServer$Division (RaftServerImpl.java:logAppendEntries(1505)) - s2@group-9EF6EF252B1E: appendEntries* reply s0<-s2#718:OK-t1,SUCCESS,nextIndex=121,followerCommit=119,matchIndex=120
2024-05-03 18:50:27,788 [HandlerDaemon-0] DEBUG server.RaftServer$Division (RaftServerImpl.java:logAppendEntries(1505)) - s1@group-9EF6EF252B1E: appendEntries* s0->s1#719-t1,previous=(t:1, i:119),leaderCommit=119,initializing? false,entries: size=1, first=(t:1, i:120), METADATAENTRY(c:119)
2024-05-03 18:50:27,788 [s1-server-thread1] DEBUG server.RaftServer$Division (RaftServerImpl.java:logAppendEntries(1505)) - s1@group-9EF6EF252B1E: appendEntries* reply s0<-s1#719:OK-t1,SUCCESS,nextIndex=121,followerCommit=119,matchIndex=120
2024-05-03 18:50:27,793 [main] DEBUG client.RaftClient (RaftClientImpl.java:add(146)) - client-138B7AB9D496: add replied callId 715
2024-05-03 18:50:27,794 [main] DEBUG client.RaftClient (RaftClientImpl.java:get(158)) - client-138B7AB9D496: get 720 returns [715]
2024-05-03 18:50:27,794 [main] DEBUG client.RaftClient (RaftClientImpl.java:newRequest(95)) - attempt #1, newRequest RaftClientRequest:client-138B7AB9D496->s0@group-9EF6EF252B1E, cid=720, seq=null, RW, m60
2024-05-03 18:50:27,794 [s0-client-thread1] DEBUG server.RaftServer$Division (RaftServerImpl.java:submitClientRequestAsync(889)) - s0@group-9EF6EF252B1E: receive client request(RaftClientRequest:client-138B7AB9D496->s0@group-9EF6EF252B1E, cid=720, seq=null, RW, m60)
2024-05-03 18:50:27,794 [s0-client-thread1] DEBUG server.RaftServer$Division (LeaderStateImpl.java:addPendingRequest(530)) - s0@group-9EF6EF252B1E-LeaderStateImpl: addPendingRequest at RaftClientRequest:client-138B7AB9D496->s0@group-9EF6EF252B1E, cid=720, seq=null, RW, m60, entry=(t:1, i:121), STATEMACHINELOGENTRY, WRITE: logData.size=3, stateMachineData.size=0, logEntryProtoSerializedSize=0
2024-05-03 18:50:27,798 [HandlerDaemon-1] DEBUG server.RaftServer$Division (RaftServerImpl.java:logAppendEntries(1505)) - s1@group-9EF6EF252B1E: appendEntries* s0->s1#721-t1,previous=(t:1, i:120),leaderCommit=120,initializing? false,entries: size=1, first=(t:1, i:121), STATEMACHINELOGENTRY, StateMachineLogEntryProto:720@client-138B7AB9D496
2024-05-03 18:50:27,798 [s1-server-thread1] DEBUG server.RaftServer$Division (RaftServerImpl.java:logAppendEntries(1505)) - s1@group-9EF6EF252B1E: appendEntries* reply s0<-s1#721:OK-t1,SUCCESS,nextIndex=122,followerCommit=120,matchIndex=121
2024-05-03 18:50:27,803 [HandlerDaemon-2] DEBUG server.RaftServer$Division (RaftServerImpl.java:logAppendEntries(1505)) - s2@group-9EF6EF252B1E: appendEntries* s0->s2#722-t1,previous=(t:1, i:120),leaderCommit=120,initializing? false,entries: size=1, first=(t:1, i:121), STATEMACHINELOGENTRY, StateMachineLogEntryProto:720@client-138B7AB9D496
2024-05-03 18:50:27,803 [s2-server-thread1] DEBUG server.RaftServer$Division (RaftServerImpl.java:logAppendEntries(1505)) - s2@group-9EF6EF252B1E: appendEntries* reply s0<-s2#722:OK-t1,SUCCESS,nextIndex=122,followerCommit=120,matchIndex=121
2024-05-03 18:50:27,813 [HandlerDaemon-2] DEBUG server.RaftServer$Division (RaftServerImpl.java:logAppendEntries(1505)) - s1@group-9EF6EF252B1E: appendEntries* s0->s1#723-t1,previous=(t:1, i:121),leaderCommit=121,initializing? false,entries: size=1, first=(t:1, i:122), METADATAENTRY(c:121)
2024-05-03 18:50:27,813 [s1-server-thread1] DEBUG server.RaftServer$Division (RaftServerImpl.java:logAppendEntries(1505)) - s1@group-9EF6EF252B1E: appendEntries* reply s0<-s1#723:OK-t1,SUCCESS,nextIndex=123,followerCommit=121,matchIndex=122
2024-05-03 18:50:27,816 [HandlerDaemon-0] DEBUG server.RaftServer$Division (RaftServerImpl.java:logAppendEntries(1505)) - s2@group-9EF6EF252B1E: appendEntries* s0->s2#724-t1,previous=(t:1, i:121),leaderCommit=121,initializing? false,entries: size=1, first=(t:1, i:122), METADATAENTRY(c:121)
2024-05-03 18:50:27,816 [s2-server-thread1] DEBUG server.RaftServer$Division (RaftServerImpl.java:logAppendEntries(1505)) - s2@group-9EF6EF252B1E: appendEntries* reply s0<-s2#724:OK-t1,SUCCESS,nextIndex=123,followerCommit=121,matchIndex=122
2024-05-03 18:50:27,830 [main] DEBUG client.RaftClient (RaftClientImpl.java:add(146)) - client-138B7AB9D496: add replied callId 720
2024-05-03 18:50:27,830 [main] DEBUG client.RaftClient (RaftClientImpl.java:get(158)) - client-138B7AB9D496: get 725 returns [720]
2024-05-03 18:50:27,830 [main] DEBUG client.RaftClient (RaftClientImpl.java:newRequest(95)) - attempt #1, newRequest RaftClientRequest:client-138B7AB9D496->s0@group-9EF6EF252B1E, cid=725, seq=null, RW, m61
2024-05-03 18:50:27,830 [s0-client-thread1] DEBUG server.RaftServer$Division (RaftServerImpl.java:submitClientRequestAsync(889)) - s0@group-9EF6EF252B1E: receive client request(RaftClientRequest:client-138B7AB9D496->s0@group-9EF6EF252B1E, cid=725, seq=null, RW, m61)
2024-05-03 18:50:27,831 [s0-client-thread1] DEBUG server.RaftServer$Division (LeaderStateImpl.java:addPendingRequest(530)) - s0@group-9EF6EF252B1E-LeaderStateImpl: addPendingRequest at RaftClientRequest:client-138B7AB9D496->s0@group-9EF6EF252B1E, cid=725, seq=null, RW, m61, entry=(t:1, i:123), STATEMACHINELOGENTRY, WRITE: logData.size=3, stateMachineData.size=0, logEntryProtoSerializedSize=0
2024-05-03 18:50:27,831 [HandlerDaemon-1] DEBUG server.RaftServer$Division (RaftServerImpl.java:logAppendEntries(1505)) - s2@group-9EF6EF252B1E: appendEntries* s0->s2#726-t1,previous=(t:1, i:122),leaderCommit=122,initializing? false,entries: size=1, first=(t:1, i:123), STATEMACHINELOGENTRY, StateMachineLogEntryProto:725@client-138B7AB9D496
2024-05-03 18:50:27,831 [s2-server-thread1] DEBUG server.RaftServer$Division (RaftServerImpl.java:logAppendEntries(1505)) - s2@group-9EF6EF252B1E: appendEntries* reply s0<-s2#726:OK-t1,SUCCESS,nextIndex=124,followerCommit=122,matchIndex=123
2024-05-03 18:50:27,832 [HandlerDaemon-0] DEBUG server.RaftServer$Division (RaftServerImpl.java:logAppendEntries(1505)) - s1@group-9EF6EF252B1E: appendEntries* s0->s1#727-t1,previous=(t:1, i:122),leaderCommit=122,initializing? false,entries: size=1, first=(t:1, i:123), STATEMACHINELOGENTRY, StateMachineLogEntryProto:725@client-138B7AB9D496
2024-05-03 18:50:27,832 [s1-server-thread1] DEBUG server.RaftServer$Division (RaftServerImpl.java:logAppendEntries(1505)) - s1@group-9EF6EF252B1E: appendEntries* reply s0<-s1#727:OK-t1,SUCCESS,nextIndex=124,followerCommit=122,matchIndex=123
2024-05-03 18:50:27,846 [HandlerDaemon-1] DEBUG server.RaftServer$Division (RaftServerImpl.java:logAppendEntries(1505)) - s1@group-9EF6EF252B1E: appendEntries* s0->s1#728-t1,previous=(t:1, i:123),leaderCommit=123,initializing? false,entries: size=1, first=(t:1, i:124), METADATAENTRY(c:123)
2024-05-03 18:50:27,846 [s1-server-thread1] DEBUG server.RaftServer$Division (RaftServerImpl.java:logAppendEntries(1505)) - s1@group-9EF6EF252B1E: appendEntries* reply s0<-s1#728:OK-t1,SUCCESS,nextIndex=125,followerCommit=123,matchIndex=124
2024-05-03 18:50:27,846 [HandlerDaemon-2] DEBUG server.RaftServer$Division (RaftServerImpl.java:logAppendEntries(1505)) - s2@group-9EF6EF252B1E: appendEntries* s0->s2#729-t1,previous=(t:1, i:123),leaderCommit=123,initializing? false,entries: size=1, first=(t:1, i:124), METADATAENTRY(c:123)
2024-05-03 18:50:27,846 [s2-server-thread1] DEBUG server.RaftServer$Division (RaftServerImpl.java:logAppendEntries(1505)) - s2@group-9EF6EF252B1E: appendEntries* reply s0<-s2#729:OK-t1,SUCCESS,nextIndex=125,followerCommit=123,matchIndex=124
2024-05-03 18:50:27,858 [main] DEBUG client.RaftClient (RaftClientImpl.java:add(146)) - client-138B7AB9D496: add replied callId 725
2024-05-03 18:50:27,858 [main] DEBUG client.RaftClient (RaftClientImpl.java:get(158)) - client-138B7AB9D496: get 730 returns [725]
2024-05-03 18:50:27,858 [main] DEBUG client.RaftClient (RaftClientImpl.java:newRequest(95)) - attempt #1, newRequest RaftClientRequest:client-138B7AB9D496->s0@group-9EF6EF252B1E, cid=730, seq=null, RW, m62
2024-05-03 18:50:27,858 [s0-client-thread1] DEBUG server.RaftServer$Division (RaftServerImpl.java:submitClientRequestAsync(889)) - s0@group-9EF6EF252B1E: receive client request(RaftClientRequest:client-138B7AB9D496->s0@group-9EF6EF252B1E, cid=730, seq=null, RW, m62)
2024-05-03 18:50:27,859 [s0-client-thread1] DEBUG server.RaftServer$Division (LeaderStateImpl.java:addPendingRequest(530)) - s0@group-9EF6EF252B1E-LeaderStateImpl: addPendingRequest at RaftClientRequest:client-138B7AB9D496->s0@group-9EF6EF252B1E, cid=730, seq=null, RW, m62, entry=(t:1, i:125), STATEMACHINELOGENTRY, WRITE: logData.size=3, stateMachineData.size=0, logEntryProtoSerializedSize=0
2024-05-03 18:50:27,862 [HandlerDaemon-2] DEBUG server.RaftServer$Division (RaftServerImpl.java:logAppendEntries(1505)) - s1@group-9EF6EF252B1E: appendEntries* s0->s1#731-t1,previous=(t:1, i:124),leaderCommit=124,initializing? false,entries: size=1, first=(t:1, i:125), STATEMACHINELOGENTRY, StateMachineLogEntryProto:730@client-138B7AB9D496
2024-05-03 18:50:27,863 [s1-server-thread1] DEBUG server.RaftServer$Division (RaftServerImpl.java:logAppendEntries(1505)) - s1@group-9EF6EF252B1E: appendEntries* reply s0<-s1#731:OK-t1,SUCCESS,nextIndex=126,followerCommit=124,matchIndex=125
2024-05-03 18:50:27,866 [HandlerDaemon-0] DEBUG server.RaftServer$Division (RaftServerImpl.java:logAppendEntries(1505)) - s2@group-9EF6EF252B1E: appendEntries* s0->s2#732-t1,previous=(t:1, i:124),leaderCommit=124,initializing? false,entries: size=1, first=(t:1, i:125), STATEMACHINELOGENTRY, StateMachineLogEntryProto:730@client-138B7AB9D496
2024-05-03 18:50:27,866 [s2-server-thread1] DEBUG server.RaftServer$Division (RaftServerImpl.java:logAppendEntries(1505)) - s2@group-9EF6EF252B1E: appendEntries* reply s0<-s2#732:OK-t1,SUCCESS,nextIndex=126,followerCommit=124,matchIndex=125
2024-05-03 18:50:27,874 [HandlerDaemon-0] DEBUG server.RaftServer$Division (RaftServerImpl.java:logAppendEntries(1505)) - s1@group-9EF6EF252B1E: appendEntries* s0->s1#733-t1,previous=(t:1, i:125),leaderCommit=125,initializing? false,entries: size=1, first=(t:1, i:126), METADATAENTRY(c:125)
2024-05-03 18:50:27,874 [s1-server-thread1] DEBUG server.RaftServer$Division (RaftServerImpl.java:logAppendEntries(1505)) - s1@group-9EF6EF252B1E: appendEntries* reply s0<-s1#733:OK-t1,SUCCESS,nextIndex=127,followerCommit=125,matchIndex=126
2024-05-03 18:50:27,876 [HandlerDaemon-1] DEBUG server.RaftServer$Division (RaftServerImpl.java:logAppendEntries(1505)) - s2@group-9EF6EF252B1E: appendEntries* s0->s2#734-t1,previous=(t:1, i:125),leaderCommit=125,initializing? false,entries: size=1, first=(t:1, i:126), METADATAENTRY(c:125)
2024-05-03 18:50:27,876 [s2-server-thread1] DEBUG server.RaftServer$Division (RaftServerImpl.java:logAppendEntries(1505)) - s2@group-9EF6EF252B1E: appendEntries* reply s0<-s2#734:OK-t1,SUCCESS,nextIndex=127,followerCommit=125,matchIndex=126
2024-05-03 18:50:27,887 [main] DEBUG client.RaftClient (RaftClientImpl.java:add(146)) - client-138B7AB9D496: add replied callId 730
2024-05-03 18:50:27,887 [main] DEBUG client.RaftClient (RaftClientImpl.java:get(158)) - client-138B7AB9D496: get 735 returns [730]
2024-05-03 18:50:27,887 [main] DEBUG client.RaftClient (RaftClientImpl.java:newRequest(95)) - attempt #1, newRequest RaftClientRequest:client-138B7AB9D496->s0@group-9EF6EF252B1E, cid=735, seq=null, RW, m63
2024-05-03 18:50:27,887 [s0-client-thread1] DEBUG server.RaftServer$Division (RaftServerImpl.java:submitClientRequestAsync(889)) - s0@group-9EF6EF252B1E: receive client request(RaftClientRequest:client-138B7AB9D496->s0@group-9EF6EF252B1E, cid=735, seq=null, RW, m63)
2024-05-03 18:50:27,888 [s0-client-thread1] DEBUG server.RaftServer$Division (LeaderStateImpl.java:addPendingRequest(530)) - s0@group-9EF6EF252B1E-LeaderStateImpl: addPendingRequest at RaftClientRequest:client-138B7AB9D496->s0@group-9EF6EF252B1E, cid=735, seq=null, RW, m63, entry=(t:1, i:127), STATEMACHINELOGENTRY, WRITE: logData.size=3, stateMachineData.size=0, logEntryProtoSerializedSize=0
2024-05-03 18:50:27,888 [HandlerDaemon-1] DEBUG server.RaftServer$Division (RaftServerImpl.java:logAppendEntries(1505)) - s1@group-9EF6EF252B1E: appendEntries* s0->s1#736-t1,previous=(t:1, i:126),leaderCommit=126,initializing? false,entries: size=1, first=(t:1, i:127), STATEMACHINELOGENTRY, StateMachineLogEntryProto:735@client-138B7AB9D496
2024-05-03 18:50:27,889 [s1-server-thread1] DEBUG server.RaftServer$Division (RaftServerImpl.java:logAppendEntries(1505)) - s1@group-9EF6EF252B1E: appendEntries* reply s0<-s1#736:OK-t1,SUCCESS,nextIndex=128,followerCommit=126,matchIndex=127
2024-05-03 18:50:27,893 [HandlerDaemon-2] DEBUG server.RaftServer$Division (RaftServerImpl.java:logAppendEntries(1505)) - s2@group-9EF6EF252B1E: appendEntries* s0->s2#737-t1,previous=(t:1, i:126),leaderCommit=126,initializing? false,entries: size=1, first=(t:1, i:127), STATEMACHINELOGENTRY, StateMachineLogEntryProto:735@client-138B7AB9D496
2024-05-03 18:50:27,893 [s2-server-thread1] DEBUG server.RaftServer$Division (RaftServerImpl.java:logAppendEntries(1505)) - s2@group-9EF6EF252B1E: appendEntries* reply s0<-s2#737:OK-t1,SUCCESS,nextIndex=128,followerCommit=126,matchIndex=127
2024-05-03 18:50:27,900 [HandlerDaemon-2] DEBUG server.RaftServer$Division (RaftServerImpl.java:logAppendEntries(1505)) - s1@group-9EF6EF252B1E: appendEntries* s0->s1#738-t1,previous=(t:1, i:127),leaderCommit=127,initializing? false,entries: size=1, first=(t:1, i:128), METADATAENTRY(c:127)
2024-05-03 18:50:27,900 [s1-server-thread1] DEBUG server.RaftServer$Division (RaftServerImpl.java:logAppendEntries(1505)) - s1@group-9EF6EF252B1E: appendEntries* reply s0<-s1#738:OK-t1,SUCCESS,nextIndex=129,followerCommit=127,matchIndex=128
2024-05-03 18:50:27,911 [main] DEBUG client.RaftClient (RaftClientImpl.java:add(146)) - client-138B7AB9D496: add replied callId 735
2024-05-03 18:50:27,911 [main] DEBUG client.RaftClient (RaftClientImpl.java:get(158)) - client-138B7AB9D496: get 739 returns [735]
2024-05-03 18:50:27,911 [main] DEBUG client.RaftClient (RaftClientImpl.java:newRequest(95)) - attempt #1, newRequest RaftClientRequest:client-138B7AB9D496->s0@group-9EF6EF252B1E, cid=739, seq=null, RW, m64
2024-05-03 18:50:27,912 [s0-client-thread1] DEBUG server.RaftServer$Division (RaftServerImpl.java:submitClientRequestAsync(889)) - s0@group-9EF6EF252B1E: receive client request(RaftClientRequest:client-138B7AB9D496->s0@group-9EF6EF252B1E, cid=739, seq=null, RW, m64)
2024-05-03 18:50:27,912 [s0-client-thread1] DEBUG server.RaftServer$Division (LeaderStateImpl.java:addPendingRequest(530)) - s0@group-9EF6EF252B1E-LeaderStateImpl: addPendingRequest at RaftClientRequest:client-138B7AB9D496->s0@group-9EF6EF252B1E, cid=739, seq=null, RW, m64, entry=(t:1, i:129), STATEMACHINELOGENTRY, WRITE: logData.size=3, stateMachineData.size=0, logEntryProtoSerializedSize=0
2024-05-03 18:50:27,912 [HandlerDaemon-0] DEBUG server.RaftServer$Division (RaftServerImpl.java:logAppendEntries(1505)) - s1@group-9EF6EF252B1E: appendEntries* s0->s1#740-t1,previous=(t:1, i:128),leaderCommit=128,initializing? false,entries: size=1, first=(t:1, i:129), STATEMACHINELOGENTRY, StateMachineLogEntryProto:739@client-138B7AB9D496
2024-05-03 18:50:27,912 [s1-server-thread1] DEBUG server.RaftServer$Division (RaftServerImpl.java:logAppendEntries(1505)) - s1@group-9EF6EF252B1E: appendEntries* reply s0<-s1#740:OK-t1,SUCCESS,nextIndex=130,followerCommit=128,matchIndex=129
2024-05-03 18:50:27,912 [HandlerDaemon-0] DEBUG server.RaftServer$Division (RaftServerImpl.java:logAppendEntries(1505)) - s2@group-9EF6EF252B1E: appendEntries* s0->s2#741-t1,previous=(t:1, i:127),leaderCommit=128,initializing? false,entries: size=2, first=(t:1, i:128), METADATAENTRY(c:127)
2024-05-03 18:50:27,912 [s2-server-thread1] DEBUG server.RaftServer$Division (RaftServerImpl.java:logAppendEntries(1505)) - s2@group-9EF6EF252B1E: appendEntries* reply s0<-s2#741:OK-t1,SUCCESS,nextIndex=130,followerCommit=128,matchIndex=129
2024-05-03 18:50:27,930 [HandlerDaemon-1] DEBUG server.RaftServer$Division (RaftServerImpl.java:logAppendEntries(1505)) - s1@group-9EF6EF252B1E: appendEntries* s0->s1#742-t1,previous=(t:1, i:129),leaderCommit=129,initializing? false,entries: size=1, first=(t:1, i:130), METADATAENTRY(c:129)
2024-05-03 18:50:27,930 [HandlerDaemon-1] DEBUG server.RaftServer$Division (RaftServerImpl.java:logAppendEntries(1505)) - s2@group-9EF6EF252B1E: appendEntries* s0->s2#743-t1,previous=(t:1, i:129),leaderCommit=129,initializing? false,entries: size=1, first=(t:1, i:130), METADATAENTRY(c:129)
2024-05-03 18:50:27,930 [s2-server-thread1] DEBUG server.RaftServer$Division (RaftServerImpl.java:logAppendEntries(1505)) - s2@group-9EF6EF252B1E: appendEntries* reply s0<-s2#743:OK-t1,SUCCESS,nextIndex=131,followerCommit=129,matchIndex=130
2024-05-03 18:50:27,930 [s1-server-thread1] DEBUG server.RaftServer$Division (RaftServerImpl.java:logAppendEntries(1505)) - s1@group-9EF6EF252B1E: appendEntries* reply s0<-s1#742:OK-t1,SUCCESS,nextIndex=131,followerCommit=129,matchIndex=130
2024-05-03 18:50:27,941 [main] DEBUG client.RaftClient (RaftClientImpl.java:add(146)) - client-138B7AB9D496: add replied callId 739
2024-05-03 18:50:27,941 [main] DEBUG client.RaftClient (RaftClientImpl.java:get(158)) - client-138B7AB9D496: get 744 returns [739]
2024-05-03 18:50:27,941 [main] DEBUG client.RaftClient (RaftClientImpl.java:newRequest(95)) - attempt #1, newRequest RaftClientRequest:client-138B7AB9D496->s0@group-9EF6EF252B1E, cid=744, seq=null, RW, m65
2024-05-03 18:50:27,941 [s0-client-thread1] DEBUG server.RaftServer$Division (RaftServerImpl.java:submitClientRequestAsync(889)) - s0@group-9EF6EF252B1E: receive client request(RaftClientRequest:client-138B7AB9D496->s0@group-9EF6EF252B1E, cid=744, seq=null, RW, m65)
2024-05-03 18:50:27,941 [s0-client-thread1] DEBUG server.RaftServer$Division (LeaderStateImpl.java:addPendingRequest(530)) - s0@group-9EF6EF252B1E-LeaderStateImpl: addPendingRequest at RaftClientRequest:client-138B7AB9D496->s0@group-9EF6EF252B1E, cid=744, seq=null, RW, m65, entry=(t:1, i:131), STATEMACHINELOGENTRY, WRITE: logData.size=3, stateMachineData.size=0, logEntryProtoSerializedSize=0
2024-05-03 18:50:27,945 [HandlerDaemon-2] DEBUG server.RaftServer$Division (RaftServerImpl.java:logAppendEntries(1505)) - s2@group-9EF6EF252B1E: appendEntries* s0->s2#745-t1,previous=(t:1, i:130),leaderCommit=130,initializing? false,entries: size=1, first=(t:1, i:131), STATEMACHINELOGENTRY, StateMachineLogEntryProto:744@client-138B7AB9D496
2024-05-03 18:50:27,945 [s2-server-thread1] DEBUG server.RaftServer$Division (RaftServerImpl.java:logAppendEntries(1505)) - s2@group-9EF6EF252B1E: appendEntries* reply s0<-s2#745:OK-t1,SUCCESS,nextIndex=132,followerCommit=130,matchIndex=131
2024-05-03 18:50:27,949 [HandlerDaemon-2] DEBUG server.RaftServer$Division (RaftServerImpl.java:logAppendEntries(1505)) - s1@group-9EF6EF252B1E: appendEntries* s0->s1#746-t1,previous=(t:1, i:130),leaderCommit=130,initializing? false,entries: size=1, first=(t:1, i:131), STATEMACHINELOGENTRY, StateMachineLogEntryProto:744@client-138B7AB9D496
2024-05-03 18:50:27,949 [s1-server-thread1] DEBUG server.RaftServer$Division (RaftServerImpl.java:logAppendEntries(1505)) - s1@group-9EF6EF252B1E: appendEntries* reply s0<-s1#746:OK-t1,SUCCESS,nextIndex=132,followerCommit=130,matchIndex=131
2024-05-03 18:50:27,962 [HandlerDaemon-0] DEBUG server.RaftServer$Division (RaftServerImpl.java:logAppendEntries(1505)) - s2@group-9EF6EF252B1E: appendEntries* s0->s2#747-t1,previous=(t:1, i:131),leaderCommit=131,initializing? false,entries: size=1, first=(t:1, i:132), METADATAENTRY(c:131)
2024-05-03 18:50:27,962 [s2-server-thread1] DEBUG server.RaftServer$Division (RaftServerImpl.java:logAppendEntries(1505)) - s2@group-9EF6EF252B1E: appendEntries* reply s0<-s2#747:OK-t1,SUCCESS,nextIndex=133,followerCommit=131,matchIndex=132
2024-05-03 18:50:27,963 [HandlerDaemon-0] DEBUG server.RaftServer$Division (RaftServerImpl.java:logAppendEntries(1505)) - s1@group-9EF6EF252B1E: appendEntries* s0->s1#748-t1,previous=(t:1, i:131),leaderCommit=131,initializing? false,entries: size=1, first=(t:1, i:132), METADATAENTRY(c:131)
2024-05-03 18:50:27,963 [s1-server-thread1] DEBUG server.RaftServer$Division (RaftServerImpl.java:logAppendEntries(1505)) - s1@group-9EF6EF252B1E: appendEntries* reply s0<-s1#748:OK-t1,SUCCESS,nextIndex=133,followerCommit=131,matchIndex=132
2024-05-03 18:50:27,975 [main] DEBUG client.RaftClient (RaftClientImpl.java:add(146)) - client-138B7AB9D496: add replied callId 744
2024-05-03 18:50:27,975 [main] DEBUG client.RaftClient (RaftClientImpl.java:get(158)) - client-138B7AB9D496: get 749 returns [744]
2024-05-03 18:50:27,975 [main] DEBUG client.RaftClient (RaftClientImpl.java:newRequest(95)) - attempt #1, newRequest RaftClientRequest:client-138B7AB9D496->s0@group-9EF6EF252B1E, cid=749, seq=null, RW, m66
2024-05-03 18:50:27,975 [s0-client-thread1] DEBUG server.RaftServer$Division (RaftServerImpl.java:submitClientRequestAsync(889)) - s0@group-9EF6EF252B1E: receive client request(RaftClientRequest:client-138B7AB9D496->s0@group-9EF6EF252B1E, cid=749, seq=null, RW, m66)
2024-05-03 18:50:27,975 [s0-client-thread1] DEBUG server.RaftServer$Division (LeaderStateImpl.java:addPendingRequest(530)) - s0@group-9EF6EF252B1E-LeaderStateImpl: addPendingRequest at RaftClientRequest:client-138B7AB9D496->s0@group-9EF6EF252B1E, cid=749, seq=null, RW, m66, entry=(t:1, i:133), STATEMACHINELOGENTRY, WRITE: logData.size=3, stateMachineData.size=0, logEntryProtoSerializedSize=0
2024-05-03 18:50:27,977 [HandlerDaemon-1] DEBUG server.RaftServer$Division (RaftServerImpl.java:logAppendEntries(1505)) - s1@group-9EF6EF252B1E: appendEntries* s0->s1#750-t1,previous=(t:1, i:132),leaderCommit=132,initializing? false,entries: size=1, first=(t:1, i:133), STATEMACHINELOGENTRY, StateMachineLogEntryProto:749@client-138B7AB9D496
2024-05-03 18:50:27,977 [s1-server-thread1] DEBUG server.RaftServer$Division (RaftServerImpl.java:logAppendEntries(1505)) - s1@group-9EF6EF252B1E: appendEntries* reply s0<-s1#750:OK-t1,SUCCESS,nextIndex=134,followerCommit=132,matchIndex=133
2024-05-03 18:50:27,978 [HandlerDaemon-1] DEBUG server.RaftServer$Division (RaftServerImpl.java:logAppendEntries(1505)) - s2@group-9EF6EF252B1E: appendEntries* s0->s2#751-t1,previous=(t:1, i:132),leaderCommit=132,initializing? false,entries: size=1, first=(t:1, i:133), STATEMACHINELOGENTRY, StateMachineLogEntryProto:749@client-138B7AB9D496
2024-05-03 18:50:27,978 [s2-server-thread1] DEBUG server.RaftServer$Division (RaftServerImpl.java:logAppendEntries(1505)) - s2@group-9EF6EF252B1E: appendEntries* reply s0<-s2#751:OK-t1,SUCCESS,nextIndex=134,followerCommit=132,matchIndex=133
2024-05-03 18:50:27,990 [HandlerDaemon-2] DEBUG server.RaftServer$Division (RaftServerImpl.java:logAppendEntries(1505)) - s2@group-9EF6EF252B1E: appendEntries* s0->s2#752-t1,previous=(t:1, i:133),leaderCommit=133,initializing? false,entries: size=1, first=(t:1, i:134), METADATAENTRY(c:133)
2024-05-03 18:50:27,990 [s2-server-thread1] DEBUG server.RaftServer$Division (RaftServerImpl.java:logAppendEntries(1505)) - s2@group-9EF6EF252B1E: appendEntries* reply s0<-s2#752:OK-t1,SUCCESS,nextIndex=135,followerCommit=133,matchIndex=134
2024-05-03 18:50:27,993 [HandlerDaemon-2] DEBUG server.RaftServer$Division (RaftServerImpl.java:logAppendEntries(1505)) - s1@group-9EF6EF252B1E: appendEntries* s0->s1#753-t1,previous=(t:1, i:133),leaderCommit=133,initializing? false,entries: size=1, first=(t:1, i:134), METADATAENTRY(c:133)
2024-05-03 18:50:27,993 [s1-server-thread1] DEBUG server.RaftServer$Division (RaftServerImpl.java:logAppendEntries(1505)) - s1@group-9EF6EF252B1E: appendEntries* reply s0<-s1#753:OK-t1,SUCCESS,nextIndex=135,followerCommit=133,matchIndex=134
2024-05-03 18:50:28,009 [main] DEBUG client.RaftClient (RaftClientImpl.java:add(146)) - client-138B7AB9D496: add replied callId 749
2024-05-03 18:50:28,009 [main] DEBUG client.RaftClient (RaftClientImpl.java:get(158)) - client-138B7AB9D496: get 754 returns [749]
2024-05-03 18:50:28,009 [main] DEBUG client.RaftClient (RaftClientImpl.java:newRequest(95)) - attempt #1, newRequest RaftClientRequest:client-138B7AB9D496->s0@group-9EF6EF252B1E, cid=754, seq=null, RW, m67
2024-05-03 18:50:28,009 [s0-client-thread1] DEBUG server.RaftServer$Division (RaftServerImpl.java:submitClientRequestAsync(889)) - s0@group-9EF6EF252B1E: receive client request(RaftClientRequest:client-138B7AB9D496->s0@group-9EF6EF252B1E, cid=754, seq=null, RW, m67)
2024-05-03 18:50:28,009 [s0-client-thread1] DEBUG server.RaftServer$Division (LeaderStateImpl.java:addPendingRequest(530)) - s0@group-9EF6EF252B1E-LeaderStateImpl: addPendingRequest at RaftClientRequest:client-138B7AB9D496->s0@group-9EF6EF252B1E, cid=754, seq=null, RW, m67, entry=(t:1, i:135), STATEMACHINELOGENTRY, WRITE: logData.size=3, stateMachineData.size=0, logEntryProtoSerializedSize=0
2024-05-03 18:50:28,010 [HandlerDaemon-0] DEBUG server.RaftServer$Division (RaftServerImpl.java:logAppendEntries(1505)) - s1@group-9EF6EF252B1E: appendEntries* s0->s1#755-t1,previous=(t:1, i:134),leaderCommit=134,initializing? false,entries: size=1, first=(t:1, i:135), STATEMACHINELOGENTRY, StateMachineLogEntryProto:754@client-138B7AB9D496
2024-05-03 18:50:28,010 [HandlerDaemon-0] DEBUG server.RaftServer$Division (RaftServerImpl.java:logAppendEntries(1505)) - s2@group-9EF6EF252B1E: appendEntries* s0->s2#756-t1,previous=(t:1, i:134),leaderCommit=134,initializing? false,entries: size=1, first=(t:1, i:135), STATEMACHINELOGENTRY, StateMachineLogEntryProto:754@client-138B7AB9D496
2024-05-03 18:50:28,010 [s1-server-thread1] DEBUG server.RaftServer$Division (RaftServerImpl.java:logAppendEntries(1505)) - s1@group-9EF6EF252B1E: appendEntries* reply s0<-s1#755:OK-t1,SUCCESS,nextIndex=136,followerCommit=134,matchIndex=135
2024-05-03 18:50:28,010 [s2-server-thread1] DEBUG server.RaftServer$Division (RaftServerImpl.java:logAppendEntries(1505)) - s2@group-9EF6EF252B1E: appendEntries* reply s0<-s2#756:OK-t1,SUCCESS,nextIndex=136,followerCommit=134,matchIndex=135
2024-05-03 18:50:28,020 [HandlerDaemon-1] DEBUG server.RaftServer$Division (RaftServerImpl.java:logAppendEntries(1505)) - s1@group-9EF6EF252B1E: appendEntries* s0->s1#757-t1,previous=(t:1, i:135),leaderCommit=135,initializing? false,entries: size=1, first=(t:1, i:136), METADATAENTRY(c:135)
2024-05-03 18:50:28,020 [s1-server-thread1] DEBUG server.RaftServer$Division (RaftServerImpl.java:logAppendEntries(1505)) - s1@group-9EF6EF252B1E: appendEntries* reply s0<-s1#757:OK-t1,SUCCESS,nextIndex=137,followerCommit=135,matchIndex=136
2024-05-03 18:50:28,026 [HandlerDaemon-1] DEBUG server.RaftServer$Division (RaftServerImpl.java:logAppendEntries(1505)) - s2@group-9EF6EF252B1E: appendEntries* s0->s2#758-t1,previous=(t:1, i:135),leaderCommit=135,initializing? false,entries: size=1, first=(t:1, i:136), METADATAENTRY(c:135)
2024-05-03 18:50:28,026 [s2-server-thread1] DEBUG server.RaftServer$Division (RaftServerImpl.java:logAppendEntries(1505)) - s2@group-9EF6EF252B1E: appendEntries* reply s0<-s2#758:OK-t1,SUCCESS,nextIndex=137,followerCommit=135,matchIndex=136
2024-05-03 18:50:28,031 [main] DEBUG client.RaftClient (RaftClientImpl.java:add(146)) - client-138B7AB9D496: add replied callId 754
2024-05-03 18:50:28,031 [main] DEBUG client.RaftClient (RaftClientImpl.java:get(158)) - client-138B7AB9D496: get 759 returns [754]
2024-05-03 18:50:28,032 [main] DEBUG client.RaftClient (RaftClientImpl.java:newRequest(95)) - attempt #1, newRequest RaftClientRequest:client-138B7AB9D496->s0@group-9EF6EF252B1E, cid=759, seq=null, RW, m68
2024-05-03 18:50:28,032 [s0-client-thread1] DEBUG server.RaftServer$Division (RaftServerImpl.java:submitClientRequestAsync(889)) - s0@group-9EF6EF252B1E: receive client request(RaftClientRequest:client-138B7AB9D496->s0@group-9EF6EF252B1E, cid=759, seq=null, RW, m68)
2024-05-03 18:50:28,032 [s0-client-thread1] DEBUG server.RaftServer$Division (LeaderStateImpl.java:addPendingRequest(530)) - s0@group-9EF6EF252B1E-LeaderStateImpl: addPendingRequest at RaftClientRequest:client-138B7AB9D496->s0@group-9EF6EF252B1E, cid=759, seq=null, RW, m68, entry=(t:1, i:137), STATEMACHINELOGENTRY, WRITE: logData.size=3, stateMachineData.size=0, logEntryProtoSerializedSize=0
2024-05-03 18:50:28,032 [HandlerDaemon-2] DEBUG server.RaftServer$Division (RaftServerImpl.java:logAppendEntries(1505)) - s1@group-9EF6EF252B1E: appendEntries* s0->s1#760-t1,previous=(t:1, i:136),leaderCommit=136,initializing? false,entries: size=1, first=(t:1, i:137), STATEMACHINELOGENTRY, StateMachineLogEntryProto:759@client-138B7AB9D496
2024-05-03 18:50:28,032 [s1-server-thread1] DEBUG server.RaftServer$Division (RaftServerImpl.java:logAppendEntries(1505)) - s1@group-9EF6EF252B1E: appendEntries* reply s0<-s1#760:OK-t1,SUCCESS,nextIndex=138,followerCommit=136,matchIndex=137
2024-05-03 18:50:28,037 [HandlerDaemon-2] DEBUG server.RaftServer$Division (RaftServerImpl.java:logAppendEntries(1505)) - s2@group-9EF6EF252B1E: appendEntries* s0->s2#761-t1,previous=(t:1, i:136),leaderCommit=136,initializing? false,entries: size=1, first=(t:1, i:137), STATEMACHINELOGENTRY, StateMachineLogEntryProto:759@client-138B7AB9D496
2024-05-03 18:50:28,037 [s2-server-thread1] DEBUG server.RaftServer$Division (RaftServerImpl.java:logAppendEntries(1505)) - s2@group-9EF6EF252B1E: appendEntries* reply s0<-s2#761:OK-t1,SUCCESS,nextIndex=138,followerCommit=136,matchIndex=137
2024-05-03 18:50:28,044 [HandlerDaemon-0] DEBUG server.RaftServer$Division (RaftServerImpl.java:logAppendEntries(1505)) - s1@group-9EF6EF252B1E: appendEntries* s0->s1#762-t1,previous=(t:1, i:137),leaderCommit=137,initializing? false,entries: size=1, first=(t:1, i:138), METADATAENTRY(c:137)
2024-05-03 18:50:28,044 [s1-server-thread1] DEBUG server.RaftServer$Division (RaftServerImpl.java:logAppendEntries(1505)) - s1@group-9EF6EF252B1E: appendEntries* reply s0<-s1#762:OK-t1,SUCCESS,nextIndex=139,followerCommit=137,matchIndex=138
2024-05-03 18:50:28,055 [HandlerDaemon-0] DEBUG server.RaftServer$Division (RaftServerImpl.java:logAppendEntries(1505)) - s2@group-9EF6EF252B1E: appendEntries* s0->s2#763-t1,previous=(t:1, i:137),leaderCommit=137,initializing? false,entries: size=1, first=(t:1, i:138), METADATAENTRY(c:137)
2024-05-03 18:50:28,055 [s2-server-thread1] DEBUG server.RaftServer$Division (RaftServerImpl.java:logAppendEntries(1505)) - s2@group-9EF6EF252B1E: appendEntries* reply s0<-s2#763:OK-t1,SUCCESS,nextIndex=139,followerCommit=137,matchIndex=138
2024-05-03 18:50:28,060 [main] DEBUG client.RaftClient (RaftClientImpl.java:add(146)) - client-138B7AB9D496: add replied callId 759
2024-05-03 18:50:28,060 [main] DEBUG client.RaftClient (RaftClientImpl.java:get(158)) - client-138B7AB9D496: get 764 returns [759]
2024-05-03 18:50:28,060 [main] DEBUG client.RaftClient (RaftClientImpl.java:newRequest(95)) - attempt #1, newRequest RaftClientRequest:client-138B7AB9D496->s0@group-9EF6EF252B1E, cid=764, seq=null, RW, m69
2024-05-03 18:50:28,060 [s0-client-thread1] DEBUG server.RaftServer$Division (RaftServerImpl.java:submitClientRequestAsync(889)) - s0@group-9EF6EF252B1E: receive client request(RaftClientRequest:client-138B7AB9D496->s0@group-9EF6EF252B1E, cid=764, seq=null, RW, m69)
2024-05-03 18:50:28,060 [s0-client-thread1] DEBUG server.RaftServer$Division (LeaderStateImpl.java:addPendingRequest(530)) - s0@group-9EF6EF252B1E-LeaderStateImpl: addPendingRequest at RaftClientRequest:client-138B7AB9D496->s0@group-9EF6EF252B1E, cid=764, seq=null, RW, m69, entry=(t:1, i:139), STATEMACHINELOGENTRY, WRITE: logData.size=3, stateMachineData.size=0, logEntryProtoSerializedSize=0
2024-05-03 18:50:28,063 [HandlerDaemon-1] DEBUG server.RaftServer$Division (RaftServerImpl.java:logAppendEntries(1505)) - s1@group-9EF6EF252B1E: appendEntries* s0->s1#765-t1,previous=(t:1, i:138),leaderCommit=138,initializing? false,entries: size=1, first=(t:1, i:139), STATEMACHINELOGENTRY, StateMachineLogEntryProto:764@client-138B7AB9D496
2024-05-03 18:50:28,064 [s1-server-thread1] DEBUG server.RaftServer$Division (RaftServerImpl.java:logAppendEntries(1505)) - s1@group-9EF6EF252B1E: appendEntries* reply s0<-s1#765:OK-t1,SUCCESS,nextIndex=140,followerCommit=138,matchIndex=139
2024-05-03 18:50:28,072 [HandlerDaemon-1] DEBUG server.RaftServer$Division (RaftServerImpl.java:logAppendEntries(1505)) - s2@group-9EF6EF252B1E: appendEntries* s0->s2#766-t1,previous=(t:1, i:138),leaderCommit=138,initializing? false,entries: size=1, first=(t:1, i:139), STATEMACHINELOGENTRY, StateMachineLogEntryProto:764@client-138B7AB9D496
2024-05-03 18:50:28,072 [s2-server-thread1] DEBUG server.RaftServer$Division (RaftServerImpl.java:logAppendEntries(1505)) - s2@group-9EF6EF252B1E: appendEntries* reply s0<-s2#766:OK-t1,SUCCESS,nextIndex=140,followerCommit=138,matchIndex=139
2024-05-03 18:50:28,077 [HandlerDaemon-2] DEBUG server.RaftServer$Division (RaftServerImpl.java:logAppendEntries(1505)) - s1@group-9EF6EF252B1E: appendEntries* s0->s1#767-t1,previous=(t:1, i:139),leaderCommit=139,initializing? false,entries: size=1, first=(t:1, i:140), METADATAENTRY(c:139)
2024-05-03 18:50:28,077 [s1-server-thread1] DEBUG server.RaftServer$Division (RaftServerImpl.java:logAppendEntries(1505)) - s1@group-9EF6EF252B1E: appendEntries* reply s0<-s1#767:OK-t1,SUCCESS,nextIndex=141,followerCommit=139,matchIndex=140
2024-05-03 18:50:28,089 [HandlerDaemon-2] DEBUG server.RaftServer$Division (RaftServerImpl.java:logAppendEntries(1505)) - s2@group-9EF6EF252B1E: appendEntries* s0->s2#768-t1,previous=(t:1, i:139),leaderCommit=139,initializing? false,entries: size=1, first=(t:1, i:140), METADATAENTRY(c:139)
2024-05-03 18:50:28,089 [s2-server-thread1] DEBUG server.RaftServer$Division (RaftServerImpl.java:logAppendEntries(1505)) - s2@group-9EF6EF252B1E: appendEntries* reply s0<-s2#768:OK-t1,SUCCESS,nextIndex=141,followerCommit=139,matchIndex=140
2024-05-03 18:50:28,093 [main] DEBUG client.RaftClient (RaftClientImpl.java:add(146)) - client-138B7AB9D496: add replied callId 764
2024-05-03 18:50:28,093 [main] DEBUG client.RaftClient (RaftClientImpl.java:get(158)) - client-138B7AB9D496: get 769 returns [764]
2024-05-03 18:50:28,093 [main] DEBUG client.RaftClient (RaftClientImpl.java:newRequest(95)) - attempt #1, newRequest RaftClientRequest:client-138B7AB9D496->s0@group-9EF6EF252B1E, cid=769, seq=null, RW, m70
2024-05-03 18:50:28,093 [s0-client-thread1] DEBUG server.RaftServer$Division (RaftServerImpl.java:submitClientRequestAsync(889)) - s0@group-9EF6EF252B1E: receive client request(RaftClientRequest:client-138B7AB9D496->s0@group-9EF6EF252B1E, cid=769, seq=null, RW, m70)
2024-05-03 18:50:28,093 [s0-client-thread1] DEBUG server.RaftServer$Division (LeaderStateImpl.java:addPendingRequest(530)) - s0@group-9EF6EF252B1E-LeaderStateImpl: addPendingRequest at RaftClientRequest:client-138B7AB9D496->s0@group-9EF6EF252B1E, cid=769, seq=null, RW, m70, entry=(t:1, i:141), STATEMACHINELOGENTRY, WRITE: logData.size=3, stateMachineData.size=0, logEntryProtoSerializedSize=0
2024-05-03 18:50:28,094 [HandlerDaemon-0] DEBUG server.RaftServer$Division (RaftServerImpl.java:logAppendEntries(1505)) - s1@group-9EF6EF252B1E: appendEntries* s0->s1#770-t1,previous=(t:1, i:140),leaderCommit=140,initializing? false,entries: size=1, first=(t:1, i:141), STATEMACHINELOGENTRY, StateMachineLogEntryProto:769@client-138B7AB9D496
2024-05-03 18:50:28,094 [s1-server-thread1] DEBUG server.RaftServer$Division (RaftServerImpl.java:logAppendEntries(1505)) - s1@group-9EF6EF252B1E: appendEntries* reply s0<-s1#770:OK-t1,SUCCESS,nextIndex=142,followerCommit=140,matchIndex=141
2024-05-03 18:50:28,107 [HandlerDaemon-0] DEBUG server.RaftServer$Division (RaftServerImpl.java:logAppendEntries(1505)) - s2@group-9EF6EF252B1E: appendEntries* s0->s2#771-t1,previous=(t:1, i:140),leaderCommit=140,initializing? false,entries: size=1, first=(t:1, i:141), STATEMACHINELOGENTRY, StateMachineLogEntryProto:769@client-138B7AB9D496
2024-05-03 18:50:28,107 [s2-server-thread1] DEBUG server.RaftServer$Division (RaftServerImpl.java:logAppendEntries(1505)) - s2@group-9EF6EF252B1E: appendEntries* reply s0<-s2#771:OK-t1,SUCCESS,nextIndex=142,followerCommit=140,matchIndex=141
2024-05-03 18:50:28,111 [HandlerDaemon-1] DEBUG server.RaftServer$Division (RaftServerImpl.java:logAppendEntries(1505)) - s1@group-9EF6EF252B1E: appendEntries* s0->s1#772-t1,previous=(t:1, i:141),leaderCommit=141,initializing? false,entries: size=1, first=(t:1, i:142), METADATAENTRY(c:141)
2024-05-03 18:50:28,111 [s1-server-thread1] DEBUG server.RaftServer$Division (RaftServerImpl.java:logAppendEntries(1505)) - s1@group-9EF6EF252B1E: appendEntries* reply s0<-s1#772:OK-t1,SUCCESS,nextIndex=143,followerCommit=141,matchIndex=142
2024-05-03 18:50:28,122 [main] DEBUG client.RaftClient (RaftClientImpl.java:add(146)) - client-138B7AB9D496: add replied callId 769
2024-05-03 18:50:28,122 [main] DEBUG client.RaftClient (RaftClientImpl.java:get(158)) - client-138B7AB9D496: get 773 returns [769]
2024-05-03 18:50:28,122 [main] DEBUG client.RaftClient (RaftClientImpl.java:newRequest(95)) - attempt #1, newRequest RaftClientRequest:client-138B7AB9D496->s0@group-9EF6EF252B1E, cid=773, seq=null, RW, m71
2024-05-03 18:50:28,123 [s0-client-thread1] DEBUG server.RaftServer$Division (RaftServerImpl.java:submitClientRequestAsync(889)) - s0@group-9EF6EF252B1E: receive client request(RaftClientRequest:client-138B7AB9D496->s0@group-9EF6EF252B1E, cid=773, seq=null, RW, m71)
2024-05-03 18:50:28,123 [s0-client-thread1] DEBUG server.RaftServer$Division (LeaderStateImpl.java:addPendingRequest(530)) - s0@group-9EF6EF252B1E-LeaderStateImpl: addPendingRequest at RaftClientRequest:client-138B7AB9D496->s0@group-9EF6EF252B1E, cid=773, seq=null, RW, m71, entry=(t:1, i:143), STATEMACHINELOGENTRY, WRITE: logData.size=3, stateMachineData.size=0, logEntryProtoSerializedSize=0
2024-05-03 18:50:28,123 [HandlerDaemon-1] DEBUG server.RaftServer$Division (RaftServerImpl.java:logAppendEntries(1505)) - s2@group-9EF6EF252B1E: appendEntries* s0->s2#774-t1,previous=(t:1, i:141),leaderCommit=141,initializing? false,entries: size=2, first=(t:1, i:142), METADATAENTRY(c:141)
2024-05-03 18:50:28,123 [s2-server-thread1] DEBUG server.RaftServer$Division (RaftServerImpl.java:logAppendEntries(1505)) - s2@group-9EF6EF252B1E: appendEntries* reply s0<-s2#774:OK-t1,SUCCESS,nextIndex=144,followerCommit=141,matchIndex=143
2024-05-03 18:50:28,124 [HandlerDaemon-2] DEBUG server.RaftServer$Division (RaftServerImpl.java:logAppendEntries(1505)) - s1@group-9EF6EF252B1E: appendEntries* s0->s1#775-t1,previous=(t:1, i:142),leaderCommit=142,initializing? false,entries: size=1, first=(t:1, i:143), STATEMACHINELOGENTRY, StateMachineLogEntryProto:773@client-138B7AB9D496
2024-05-03 18:50:28,124 [s1-server-thread1] DEBUG server.RaftServer$Division (RaftServerImpl.java:logAppendEntries(1505)) - s1@group-9EF6EF252B1E: appendEntries* reply s0<-s1#775:OK-t1,SUCCESS,nextIndex=144,followerCommit=142,matchIndex=143
2024-05-03 18:50:28,137 [HandlerDaemon-0] DEBUG server.RaftServer$Division (RaftServerImpl.java:logAppendEntries(1505)) - s1@group-9EF6EF252B1E: appendEntries* s0->s1#776-t1,previous=(t:1, i:143),leaderCommit=143,initializing? false,entries: size=1, first=(t:1, i:144), METADATAENTRY(c:143)
2024-05-03 18:50:28,137 [s1-server-thread1] DEBUG server.RaftServer$Division (RaftServerImpl.java:logAppendEntries(1505)) - s1@group-9EF6EF252B1E: appendEntries* reply s0<-s1#776:OK-t1,SUCCESS,nextIndex=145,followerCommit=143,matchIndex=144
2024-05-03 18:50:28,138 [HandlerDaemon-2] DEBUG server.RaftServer$Division (RaftServerImpl.java:logAppendEntries(1505)) - s2@group-9EF6EF252B1E: appendEntries* s0->s2#777-t1,previous=(t:1, i:143),leaderCommit=143,initializing? false,entries: size=1, first=(t:1, i:144), METADATAENTRY(c:143)
2024-05-03 18:50:28,139 [s2-server-thread1] DEBUG server.RaftServer$Division (RaftServerImpl.java:logAppendEntries(1505)) - s2@group-9EF6EF252B1E: appendEntries* reply s0<-s2#777:OK-t1,SUCCESS,nextIndex=145,followerCommit=143,matchIndex=144
2024-05-03 18:50:28,156 [main] DEBUG client.RaftClient (RaftClientImpl.java:add(146)) - client-138B7AB9D496: add replied callId 773
2024-05-03 18:50:28,156 [main] DEBUG client.RaftClient (RaftClientImpl.java:get(158)) - client-138B7AB9D496: get 778 returns [773]
2024-05-03 18:50:28,157 [main] DEBUG client.RaftClient (RaftClientImpl.java:newRequest(95)) - attempt #1, newRequest RaftClientRequest:client-138B7AB9D496->s0@group-9EF6EF252B1E, cid=778, seq=null, RW, m72
2024-05-03 18:50:28,157 [s0-client-thread1] DEBUG server.RaftServer$Division (RaftServerImpl.java:submitClientRequestAsync(889)) - s0@group-9EF6EF252B1E: receive client request(RaftClientRequest:client-138B7AB9D496->s0@group-9EF6EF252B1E, cid=778, seq=null, RW, m72)
2024-05-03 18:50:28,157 [s0-client-thread1] DEBUG server.RaftServer$Division (LeaderStateImpl.java:addPendingRequest(530)) - s0@group-9EF6EF252B1E-LeaderStateImpl: addPendingRequest at RaftClientRequest:client-138B7AB9D496->s0@group-9EF6EF252B1E, cid=778, seq=null, RW, m72, entry=(t:1, i:145), STATEMACHINELOGENTRY, WRITE: logData.size=3, stateMachineData.size=0, logEntryProtoSerializedSize=0
2024-05-03 18:50:28,157 [HandlerDaemon-1] DEBUG server.RaftServer$Division (RaftServerImpl.java:logAppendEntries(1505)) - s1@group-9EF6EF252B1E: appendEntries* s0->s1#779-t1,previous=(t:1, i:144),leaderCommit=144,initializing? false,entries: size=1, first=(t:1, i:145), STATEMACHINELOGENTRY, StateMachineLogEntryProto:778@client-138B7AB9D496
2024-05-03 18:50:28,157 [HandlerDaemon-0] DEBUG server.RaftServer$Division (RaftServerImpl.java:logAppendEntries(1505)) - s2@group-9EF6EF252B1E: appendEntries* s0->s2#780-t1,previous=(t:1, i:144),leaderCommit=144,initializing? false,entries: size=1, first=(t:1, i:145), STATEMACHINELOGENTRY, StateMachineLogEntryProto:778@client-138B7AB9D496
2024-05-03 18:50:28,157 [s1-server-thread1] DEBUG server.RaftServer$Division (RaftServerImpl.java:logAppendEntries(1505)) - s1@group-9EF6EF252B1E: appendEntries* reply s0<-s1#779:OK-t1,SUCCESS,nextIndex=146,followerCommit=144,matchIndex=145
2024-05-03 18:50:28,157 [s2-server-thread1] DEBUG server.RaftServer$Division (RaftServerImpl.java:logAppendEntries(1505)) - s2@group-9EF6EF252B1E: appendEntries* reply s0<-s2#780:OK-t1,SUCCESS,nextIndex=146,followerCommit=144,matchIndex=145
2024-05-03 18:50:28,176 [HandlerDaemon-2] DEBUG server.RaftServer$Division (RaftServerImpl.java:logAppendEntries(1505)) - s1@group-9EF6EF252B1E: appendEntries* s0->s1#781-t1,previous=(t:1, i:145),leaderCommit=145,initializing? false,entries: size=1, first=(t:1, i:146), METADATAENTRY(c:145)
2024-05-03 18:50:28,176 [s1-server-thread1] DEBUG server.RaftServer$Division (RaftServerImpl.java:logAppendEntries(1505)) - s1@group-9EF6EF252B1E: appendEntries* reply s0<-s1#781:OK-t1,SUCCESS,nextIndex=147,followerCommit=145,matchIndex=146
2024-05-03 18:50:28,177 [HandlerDaemon-1] DEBUG server.RaftServer$Division (RaftServerImpl.java:logAppendEntries(1505)) - s2@group-9EF6EF252B1E: appendEntries* s0->s2#782-t1,previous=(t:1, i:145),leaderCommit=145,initializing? false,entries: size=1, first=(t:1, i:146), METADATAENTRY(c:145)
2024-05-03 18:50:28,177 [s2-server-thread1] DEBUG server.RaftServer$Division (RaftServerImpl.java:logAppendEntries(1505)) - s2@group-9EF6EF252B1E: appendEntries* reply s0<-s2#782:OK-t1,SUCCESS,nextIndex=147,followerCommit=145,matchIndex=146
2024-05-03 18:50:28,193 [main] DEBUG client.RaftClient (RaftClientImpl.java:add(146)) - client-138B7AB9D496: add replied callId 778
2024-05-03 18:50:28,193 [main] DEBUG client.RaftClient (RaftClientImpl.java:get(158)) - client-138B7AB9D496: get 783 returns [778]
2024-05-03 18:50:28,193 [main] DEBUG client.RaftClient (RaftClientImpl.java:newRequest(95)) - attempt #1, newRequest RaftClientRequest:client-138B7AB9D496->s0@group-9EF6EF252B1E, cid=783, seq=null, RW, m73
2024-05-03 18:50:28,193 [s0-client-thread1] DEBUG server.RaftServer$Division (RaftServerImpl.java:submitClientRequestAsync(889)) - s0@group-9EF6EF252B1E: receive client request(RaftClientRequest:client-138B7AB9D496->s0@group-9EF6EF252B1E, cid=783, seq=null, RW, m73)
2024-05-03 18:50:28,193 [s0-client-thread1] DEBUG server.RaftServer$Division (LeaderStateImpl.java:addPendingRequest(530)) - s0@group-9EF6EF252B1E-LeaderStateImpl: addPendingRequest at RaftClientRequest:client-138B7AB9D496->s0@group-9EF6EF252B1E, cid=783, seq=null, RW, m73, entry=(t:1, i:147), STATEMACHINELOGENTRY, WRITE: logData.size=3, stateMachineData.size=0, logEntryProtoSerializedSize=0
2024-05-03 18:50:28,193 [HandlerDaemon-0] DEBUG server.RaftServer$Division (RaftServerImpl.java:logAppendEntries(1505)) - s1@group-9EF6EF252B1E: appendEntries* s0->s1#784-t1,previous=(t:1, i:146),leaderCommit=146,initializing? false,entries: size=1, first=(t:1, i:147), STATEMACHINELOGENTRY, StateMachineLogEntryProto:783@client-138B7AB9D496
2024-05-03 18:50:28,194 [s1-server-thread1] DEBUG server.RaftServer$Division (RaftServerImpl.java:logAppendEntries(1505)) - s1@group-9EF6EF252B1E: appendEntries* reply s0<-s1#784:OK-t1,SUCCESS,nextIndex=148,followerCommit=146,matchIndex=147
2024-05-03 18:50:28,196 [HandlerDaemon-2] DEBUG server.RaftServer$Division (RaftServerImpl.java:logAppendEntries(1505)) - s2@group-9EF6EF252B1E: appendEntries* s0->s2#785-t1,previous=(t:1, i:146),leaderCommit=146,initializing? false,entries: size=1, first=(t:1, i:147), STATEMACHINELOGENTRY, StateMachineLogEntryProto:783@client-138B7AB9D496
2024-05-03 18:50:28,196 [s2-server-thread1] DEBUG server.RaftServer$Division (RaftServerImpl.java:logAppendEntries(1505)) - s2@group-9EF6EF252B1E: appendEntries* reply s0<-s2#785:OK-t1,SUCCESS,nextIndex=148,followerCommit=146,matchIndex=147
2024-05-03 18:50:28,208 [HandlerDaemon-0] DEBUG server.RaftServer$Division (RaftServerImpl.java:logAppendEntries(1505)) - s2@group-9EF6EF252B1E: appendEntries* s0->s2#786-t1,previous=(t:1, i:147),leaderCommit=147,initializing? false,entries: size=1, first=(t:1, i:148), METADATAENTRY(c:147)
2024-05-03 18:50:28,209 [s2-server-thread1] DEBUG server.RaftServer$Division (RaftServerImpl.java:logAppendEntries(1505)) - s2@group-9EF6EF252B1E: appendEntries* reply s0<-s2#786:OK-t1,SUCCESS,nextIndex=149,followerCommit=147,matchIndex=148
2024-05-03 18:50:28,211 [HandlerDaemon-1] DEBUG server.RaftServer$Division (RaftServerImpl.java:logAppendEntries(1505)) - s1@group-9EF6EF252B1E: appendEntries* s0->s1#787-t1,previous=(t:1, i:147),leaderCommit=147,initializing? false,entries: size=1, first=(t:1, i:148), METADATAENTRY(c:147)
2024-05-03 18:50:28,211 [s1-server-thread1] DEBUG server.RaftServer$Division (RaftServerImpl.java:logAppendEntries(1505)) - s1@group-9EF6EF252B1E: appendEntries* reply s0<-s1#787:OK-t1,SUCCESS,nextIndex=149,followerCommit=147,matchIndex=148
2024-05-03 18:50:28,221 [main] DEBUG client.RaftClient (RaftClientImpl.java:add(146)) - client-138B7AB9D496: add replied callId 783
2024-05-03 18:50:28,221 [main] DEBUG client.RaftClient (RaftClientImpl.java:get(158)) - client-138B7AB9D496: get 788 returns [783]
2024-05-03 18:50:28,221 [main] DEBUG client.RaftClient (RaftClientImpl.java:newRequest(95)) - attempt #1, newRequest RaftClientRequest:client-138B7AB9D496->s0@group-9EF6EF252B1E, cid=788, seq=null, RW, m74
2024-05-03 18:50:28,221 [s0-client-thread1] DEBUG server.RaftServer$Division (RaftServerImpl.java:submitClientRequestAsync(889)) - s0@group-9EF6EF252B1E: receive client request(RaftClientRequest:client-138B7AB9D496->s0@group-9EF6EF252B1E, cid=788, seq=null, RW, m74)
2024-05-03 18:50:28,221 [s0-client-thread1] DEBUG server.RaftServer$Division (LeaderStateImpl.java:addPendingRequest(530)) - s0@group-9EF6EF252B1E-LeaderStateImpl: addPendingRequest at RaftClientRequest:client-138B7AB9D496->s0@group-9EF6EF252B1E, cid=788, seq=null, RW, m74, entry=(t:1, i:149), STATEMACHINELOGENTRY, WRITE: logData.size=3, stateMachineData.size=0, logEntryProtoSerializedSize=0
2024-05-03 18:50:28,221 [HandlerDaemon-2] DEBUG server.RaftServer$Division (RaftServerImpl.java:logAppendEntries(1505)) - s1@group-9EF6EF252B1E: appendEntries* s0->s1#789-t1,previous=(t:1, i:148),leaderCommit=147,initializing? false,entries: size=1, first=(t:1, i:149), STATEMACHINELOGENTRY, StateMachineLogEntryProto:788@client-138B7AB9D496
2024-05-03 18:50:28,221 [s1-server-thread1] DEBUG server.RaftServer$Division (RaftServerImpl.java:logAppendEntries(1505)) - s1@group-9EF6EF252B1E: appendEntries* reply s0<-s1#789:OK-t1,SUCCESS,nextIndex=150,followerCommit=147,matchIndex=149
2024-05-03 18:50:28,228 [HandlerDaemon-1] DEBUG server.RaftServer$Division (RaftServerImpl.java:logAppendEntries(1505)) - s2@group-9EF6EF252B1E: appendEntries* s0->s2#790-t1,previous=(t:1, i:148),leaderCommit=148,initializing? false,entries: size=1, first=(t:1, i:149), STATEMACHINELOGENTRY, StateMachineLogEntryProto:788@client-138B7AB9D496
2024-05-03 18:50:28,228 [s2-server-thread1] DEBUG server.RaftServer$Division (RaftServerImpl.java:logAppendEntries(1505)) - s2@group-9EF6EF252B1E: appendEntries* reply s0<-s2#790:OK-t1,SUCCESS,nextIndex=150,followerCommit=148,matchIndex=149
2024-05-03 18:50:28,238 [HandlerDaemon-0] DEBUG server.RaftServer$Division (RaftServerImpl.java:logAppendEntries(1505)) - s1@group-9EF6EF252B1E: appendEntries* s0->s1#791-t1,previous=(t:1, i:149),leaderCommit=149,initializing? false,entries: size=1, first=(t:1, i:150), METADATAENTRY(c:149)
2024-05-03 18:50:28,238 [s1-server-thread1] DEBUG server.RaftServer$Division (RaftServerImpl.java:logAppendEntries(1505)) - s1@group-9EF6EF252B1E: appendEntries* reply s0<-s1#791:OK-t1,SUCCESS,nextIndex=151,followerCommit=149,matchIndex=150
2024-05-03 18:50:28,242 [HandlerDaemon-2] DEBUG server.RaftServer$Division (RaftServerImpl.java:logAppendEntries(1505)) - s2@group-9EF6EF252B1E: appendEntries* s0->s2#792-t1,previous=(t:1, i:149),leaderCommit=149,initializing? false,entries: size=1, first=(t:1, i:150), METADATAENTRY(c:149)
2024-05-03 18:50:28,242 [s2-server-thread1] DEBUG server.RaftServer$Division (RaftServerImpl.java:logAppendEntries(1505)) - s2@group-9EF6EF252B1E: appendEntries* reply s0<-s2#792:OK-t1,SUCCESS,nextIndex=151,followerCommit=149,matchIndex=150
2024-05-03 18:50:28,253 [main] DEBUG client.RaftClient (RaftClientImpl.java:add(146)) - client-138B7AB9D496: add replied callId 788
2024-05-03 18:50:28,253 [main] DEBUG client.RaftClient (RaftClientImpl.java:get(158)) - client-138B7AB9D496: get 793 returns [788]
2024-05-03 18:50:28,253 [main] DEBUG client.RaftClient (RaftClientImpl.java:newRequest(95)) - attempt #1, newRequest RaftClientRequest:client-138B7AB9D496->s0@group-9EF6EF252B1E, cid=793, seq=null, RW, m75
2024-05-03 18:50:28,253 [s0-client-thread1] DEBUG server.RaftServer$Division (RaftServerImpl.java:submitClientRequestAsync(889)) - s0@group-9EF6EF252B1E: receive client request(RaftClientRequest:client-138B7AB9D496->s0@group-9EF6EF252B1E, cid=793, seq=null, RW, m75)
2024-05-03 18:50:28,254 [s0-client-thread1] DEBUG server.RaftServer$Division (LeaderStateImpl.java:addPendingRequest(530)) - s0@group-9EF6EF252B1E-LeaderStateImpl: addPendingRequest at RaftClientRequest:client-138B7AB9D496->s0@group-9EF6EF252B1E, cid=793, seq=null, RW, m75, entry=(t:1, i:151), STATEMACHINELOGENTRY, WRITE: logData.size=3, stateMachineData.size=0, logEntryProtoSerializedSize=0
2024-05-03 18:50:28,254 [HandlerDaemon-1] DEBUG server.RaftServer$Division (RaftServerImpl.java:logAppendEntries(1505)) - s1@group-9EF6EF252B1E: appendEntries* s0->s1#794-t1,previous=(t:1, i:150),leaderCommit=150,initializing? false,entries: size=1, first=(t:1, i:151), STATEMACHINELOGENTRY, StateMachineLogEntryProto:793@client-138B7AB9D496
2024-05-03 18:50:28,254 [s1-server-thread1] DEBUG server.RaftServer$Division (RaftServerImpl.java:logAppendEntries(1505)) - s1@group-9EF6EF252B1E: appendEntries* reply s0<-s1#794:OK-t1,SUCCESS,nextIndex=152,followerCommit=150,matchIndex=151
2024-05-03 18:50:28,260 [HandlerDaemon-0] DEBUG server.RaftServer$Division (RaftServerImpl.java:logAppendEntries(1505)) - s2@group-9EF6EF252B1E: appendEntries* s0->s2#795-t1,previous=(t:1, i:150),leaderCommit=150,initializing? false,entries: size=1, first=(t:1, i:151), STATEMACHINELOGENTRY, StateMachineLogEntryProto:793@client-138B7AB9D496
2024-05-03 18:50:28,260 [s2-server-thread1] DEBUG server.RaftServer$Division (RaftServerImpl.java:logAppendEntries(1505)) - s2@group-9EF6EF252B1E: appendEntries* reply s0<-s2#795:OK-t1,SUCCESS,nextIndex=152,followerCommit=150,matchIndex=151
2024-05-03 18:50:28,265 [HandlerDaemon-2] DEBUG server.RaftServer$Division (RaftServerImpl.java:logAppendEntries(1505)) - s1@group-9EF6EF252B1E: appendEntries* s0->s1#796-t1,previous=(t:1, i:151),leaderCommit=151,initializing? false,entries: size=1, first=(t:1, i:152), METADATAENTRY(c:151)
2024-05-03 18:50:28,266 [s1-server-thread1] DEBUG server.RaftServer$Division (RaftServerImpl.java:logAppendEntries(1505)) - s1@group-9EF6EF252B1E: appendEntries* reply s0<-s1#796:OK-t1,SUCCESS,nextIndex=153,followerCommit=151,matchIndex=152
2024-05-03 18:50:28,275 [HandlerDaemon-1] DEBUG server.RaftServer$Division (RaftServerImpl.java:logAppendEntries(1505)) - s2@group-9EF6EF252B1E: appendEntries* s0->s2#797-t1,previous=(t:1, i:151),leaderCommit=151,initializing? false,entries: size=1, first=(t:1, i:152), METADATAENTRY(c:151)
2024-05-03 18:50:28,276 [s2-server-thread1] DEBUG server.RaftServer$Division (RaftServerImpl.java:logAppendEntries(1505)) - s2@group-9EF6EF252B1E: appendEntries* reply s0<-s2#797:OK-t1,SUCCESS,nextIndex=153,followerCommit=151,matchIndex=152
2024-05-03 18:50:28,279 [main] DEBUG client.RaftClient (RaftClientImpl.java:add(146)) - client-138B7AB9D496: add replied callId 793
2024-05-03 18:50:28,280 [main] DEBUG client.RaftClient (RaftClientImpl.java:get(158)) - client-138B7AB9D496: get 798 returns [793]
2024-05-03 18:50:28,280 [main] DEBUG client.RaftClient (RaftClientImpl.java:newRequest(95)) - attempt #1, newRequest RaftClientRequest:client-138B7AB9D496->s0@group-9EF6EF252B1E, cid=798, seq=null, RW, m76
2024-05-03 18:50:28,280 [s0-client-thread1] DEBUG server.RaftServer$Division (RaftServerImpl.java:submitClientRequestAsync(889)) - s0@group-9EF6EF252B1E: receive client request(RaftClientRequest:client-138B7AB9D496->s0@group-9EF6EF252B1E, cid=798, seq=null, RW, m76)
2024-05-03 18:50:28,280 [s0-client-thread1] DEBUG server.RaftServer$Division (LeaderStateImpl.java:addPendingRequest(530)) - s0@group-9EF6EF252B1E-LeaderStateImpl: addPendingRequest at RaftClientRequest:client-138B7AB9D496->s0@group-9EF6EF252B1E, cid=798, seq=null, RW, m76, entry=(t:1, i:153), STATEMACHINELOGENTRY, WRITE: logData.size=3, stateMachineData.size=0, logEntryProtoSerializedSize=0
2024-05-03 18:50:28,280 [HandlerDaemon-0] DEBUG server.RaftServer$Division (RaftServerImpl.java:logAppendEntries(1505)) - s1@group-9EF6EF252B1E: appendEntries* s0->s1#799-t1,previous=(t:1, i:152),leaderCommit=152,initializing? false,entries: size=1, first=(t:1, i:153), STATEMACHINELOGENTRY, StateMachineLogEntryProto:798@client-138B7AB9D496
2024-05-03 18:50:28,280 [s1-server-thread1] DEBUG server.RaftServer$Division (RaftServerImpl.java:logAppendEntries(1505)) - s1@group-9EF6EF252B1E: appendEntries* reply s0<-s1#799:OK-t1,SUCCESS,nextIndex=154,followerCommit=152,matchIndex=153
2024-05-03 18:50:28,290 [HandlerDaemon-2] DEBUG server.RaftServer$Division (RaftServerImpl.java:logAppendEntries(1505)) - s2@group-9EF6EF252B1E: appendEntries* s0->s2#800-t1,previous=(t:1, i:152),leaderCommit=152,initializing? false,entries: size=1, first=(t:1, i:153), STATEMACHINELOGENTRY, StateMachineLogEntryProto:798@client-138B7AB9D496
2024-05-03 18:50:28,290 [s2-server-thread1] DEBUG server.RaftServer$Division (RaftServerImpl.java:logAppendEntries(1505)) - s2@group-9EF6EF252B1E: appendEntries* reply s0<-s2#800:OK-t1,SUCCESS,nextIndex=154,followerCommit=152,matchIndex=153
2024-05-03 18:50:28,296 [HandlerDaemon-1] DEBUG server.RaftServer$Division (RaftServerImpl.java:logAppendEntries(1505)) - s1@group-9EF6EF252B1E: appendEntries* s0->s1#801-t1,previous=(t:1, i:153),leaderCommit=153,initializing? false,entries: size=1, first=(t:1, i:154), METADATAENTRY(c:153)
2024-05-03 18:50:28,296 [s1-server-thread1] DEBUG server.RaftServer$Division (RaftServerImpl.java:logAppendEntries(1505)) - s1@group-9EF6EF252B1E: appendEntries* reply s0<-s1#801:OK-t1,SUCCESS,nextIndex=155,followerCommit=153,matchIndex=154
2024-05-03 18:50:28,300 [HandlerDaemon-0] DEBUG server.RaftServer$Division (RaftServerImpl.java:logAppendEntries(1505)) - s2@group-9EF6EF252B1E: appendEntries* s0->s2#802-t1,previous=(t:1, i:153),leaderCommit=153,initializing? false,entries: size=1, first=(t:1, i:154), METADATAENTRY(c:153)
2024-05-03 18:50:28,301 [s2-server-thread1] DEBUG server.RaftServer$Division (RaftServerImpl.java:logAppendEntries(1505)) - s2@group-9EF6EF252B1E: appendEntries* reply s0<-s2#802:OK-t1,SUCCESS,nextIndex=155,followerCommit=153,matchIndex=154
2024-05-03 18:50:28,310 [main] DEBUG client.RaftClient (RaftClientImpl.java:add(146)) - client-138B7AB9D496: add replied callId 798
2024-05-03 18:50:28,310 [main] DEBUG client.RaftClient (RaftClientImpl.java:get(158)) - client-138B7AB9D496: get 803 returns [798]
2024-05-03 18:50:28,310 [main] DEBUG client.RaftClient (RaftClientImpl.java:newRequest(95)) - attempt #1, newRequest RaftClientRequest:client-138B7AB9D496->s0@group-9EF6EF252B1E, cid=803, seq=null, RW, m77
2024-05-03 18:50:28,310 [s0-client-thread1] DEBUG server.RaftServer$Division (RaftServerImpl.java:submitClientRequestAsync(889)) - s0@group-9EF6EF252B1E: receive client request(RaftClientRequest:client-138B7AB9D496->s0@group-9EF6EF252B1E, cid=803, seq=null, RW, m77)
2024-05-03 18:50:28,311 [s0-client-thread1] DEBUG server.RaftServer$Division (LeaderStateImpl.java:addPendingRequest(530)) - s0@group-9EF6EF252B1E-LeaderStateImpl: addPendingRequest at RaftClientRequest:client-138B7AB9D496->s0@group-9EF6EF252B1E, cid=803, seq=null, RW, m77, entry=(t:1, i:155), STATEMACHINELOGENTRY, WRITE: logData.size=3, stateMachineData.size=0, logEntryProtoSerializedSize=0
2024-05-03 18:50:28,313 [HandlerDaemon-2] DEBUG server.RaftServer$Division (RaftServerImpl.java:logAppendEntries(1505)) - s1@group-9EF6EF252B1E: appendEntries* s0->s1#804-t1,previous=(t:1, i:154),leaderCommit=154,initializing? false,entries: size=1, first=(t:1, i:155), STATEMACHINELOGENTRY, StateMachineLogEntryProto:803@client-138B7AB9D496
2024-05-03 18:50:28,314 [s1-server-thread1] DEBUG server.RaftServer$Division (RaftServerImpl.java:logAppendEntries(1505)) - s1@group-9EF6EF252B1E: appendEntries* reply s0<-s1#804:OK-t1,SUCCESS,nextIndex=156,followerCommit=154,matchIndex=155
2024-05-03 18:50:28,316 [HandlerDaemon-1] DEBUG server.RaftServer$Division (RaftServerImpl.java:logAppendEntries(1505)) - s2@group-9EF6EF252B1E: appendEntries* s0->s2#805-t1,previous=(t:1, i:154),leaderCommit=154,initializing? false,entries: size=1, first=(t:1, i:155), STATEMACHINELOGENTRY, StateMachineLogEntryProto:803@client-138B7AB9D496
2024-05-03 18:50:28,316 [s2-server-thread1] DEBUG server.RaftServer$Division (RaftServerImpl.java:logAppendEntries(1505)) - s2@group-9EF6EF252B1E: appendEntries* reply s0<-s2#805:OK-t1,SUCCESS,nextIndex=156,followerCommit=154,matchIndex=155
2024-05-03 18:50:28,326 [HandlerDaemon-2] DEBUG server.RaftServer$Division (RaftServerImpl.java:logAppendEntries(1505)) - s2@group-9EF6EF252B1E: appendEntries* s0->s2#806-t1,previous=(t:1, i:155),leaderCommit=155,initializing? false,entries: size=1, first=(t:1, i:156), METADATAENTRY(c:155)
2024-05-03 18:50:28,327 [s2-server-thread1] DEBUG server.RaftServer$Division (RaftServerImpl.java:logAppendEntries(1505)) - s2@group-9EF6EF252B1E: appendEntries* reply s0<-s2#806:OK-t1,SUCCESS,nextIndex=157,followerCommit=155,matchIndex=156
2024-05-03 18:50:28,330 [HandlerDaemon-0] DEBUG server.RaftServer$Division (RaftServerImpl.java:logAppendEntries(1505)) - s1@group-9EF6EF252B1E: appendEntries* s0->s1#807-t1,previous=(t:1, i:155),leaderCommit=155,initializing? false,entries: size=1, first=(t:1, i:156), METADATAENTRY(c:155)
2024-05-03 18:50:28,330 [s1-server-thread1] DEBUG server.RaftServer$Division (RaftServerImpl.java:logAppendEntries(1505)) - s1@group-9EF6EF252B1E: appendEntries* reply s0<-s1#807:OK-t1,SUCCESS,nextIndex=157,followerCommit=155,matchIndex=156
2024-05-03 18:50:28,344 [main] DEBUG client.RaftClient (RaftClientImpl.java:add(146)) - client-138B7AB9D496: add replied callId 803
2024-05-03 18:50:28,345 [main] DEBUG client.RaftClient (RaftClientImpl.java:get(158)) - client-138B7AB9D496: get 808 returns [803]
2024-05-03 18:50:28,345 [main] DEBUG client.RaftClient (RaftClientImpl.java:newRequest(95)) - attempt #1, newRequest RaftClientRequest:client-138B7AB9D496->s0@group-9EF6EF252B1E, cid=808, seq=null, RW, m78
2024-05-03 18:50:28,345 [s0-client-thread1] DEBUG server.RaftServer$Division (RaftServerImpl.java:submitClientRequestAsync(889)) - s0@group-9EF6EF252B1E: receive client request(RaftClientRequest:client-138B7AB9D496->s0@group-9EF6EF252B1E, cid=808, seq=null, RW, m78)
2024-05-03 18:50:28,345 [s0-client-thread1] DEBUG server.RaftServer$Division (LeaderStateImpl.java:addPendingRequest(530)) - s0@group-9EF6EF252B1E-LeaderStateImpl: addPendingRequest at RaftClientRequest:client-138B7AB9D496->s0@group-9EF6EF252B1E, cid=808, seq=null, RW, m78, entry=(t:1, i:157), STATEMACHINELOGENTRY, WRITE: logData.size=3, stateMachineData.size=0, logEntryProtoSerializedSize=0
2024-05-03 18:50:28,345 [HandlerDaemon-1] DEBUG server.RaftServer$Division (RaftServerImpl.java:logAppendEntries(1505)) - s1@group-9EF6EF252B1E: appendEntries* s0->s1#809-t1,previous=(t:1, i:156),leaderCommit=156,initializing? false,entries: size=1, first=(t:1, i:157), STATEMACHINELOGENTRY, StateMachineLogEntryProto:808@client-138B7AB9D496
2024-05-03 18:50:28,345 [HandlerDaemon-0] DEBUG server.RaftServer$Division (RaftServerImpl.java:logAppendEntries(1505)) - s2@group-9EF6EF252B1E: appendEntries* s0->s2#810-t1,previous=(t:1, i:156),leaderCommit=156,initializing? false,entries: size=1, first=(t:1, i:157), STATEMACHINELOGENTRY, StateMachineLogEntryProto:808@client-138B7AB9D496
2024-05-03 18:50:28,346 [s1-server-thread1] DEBUG server.RaftServer$Division (RaftServerImpl.java:logAppendEntries(1505)) - s1@group-9EF6EF252B1E: appendEntries* reply s0<-s1#809:OK-t1,SUCCESS,nextIndex=158,followerCommit=156,matchIndex=157
2024-05-03 18:50:28,346 [s2-server-thread1] DEBUG server.RaftServer$Division (RaftServerImpl.java:logAppendEntries(1505)) - s2@group-9EF6EF252B1E: appendEntries* reply s0<-s2#810:OK-t1,SUCCESS,nextIndex=158,followerCommit=156,matchIndex=157
2024-05-03 18:50:28,360 [HandlerDaemon-2] DEBUG server.RaftServer$Division (RaftServerImpl.java:logAppendEntries(1505)) - s1@group-9EF6EF252B1E: appendEntries* s0->s1#811-t1,previous=(t:1, i:157),leaderCommit=157,initializing? false,entries: size=1, first=(t:1, i:158), METADATAENTRY(c:157)
2024-05-03 18:50:28,360 [s1-server-thread1] DEBUG server.RaftServer$Division (RaftServerImpl.java:logAppendEntries(1505)) - s1@group-9EF6EF252B1E: appendEntries* reply s0<-s1#811:OK-t1,SUCCESS,nextIndex=159,followerCommit=157,matchIndex=158
2024-05-03 18:50:28,365 [HandlerDaemon-1] DEBUG server.RaftServer$Division (RaftServerImpl.java:logAppendEntries(1505)) - s2@group-9EF6EF252B1E: appendEntries* s0->s2#812-t1,previous=(t:1, i:157),leaderCommit=157,initializing? false,entries: size=1, first=(t:1, i:158), METADATAENTRY(c:157)
2024-05-03 18:50:28,365 [s2-server-thread1] DEBUG server.RaftServer$Division (RaftServerImpl.java:logAppendEntries(1505)) - s2@group-9EF6EF252B1E: appendEntries* reply s0<-s2#812:OK-t1,SUCCESS,nextIndex=159,followerCommit=157,matchIndex=158
2024-05-03 18:50:28,371 [main] DEBUG client.RaftClient (RaftClientImpl.java:add(146)) - client-138B7AB9D496: add replied callId 808
2024-05-03 18:50:28,371 [main] DEBUG client.RaftClient (RaftClientImpl.java:get(158)) - client-138B7AB9D496: get 813 returns [808]
2024-05-03 18:50:28,371 [main] DEBUG client.RaftClient (RaftClientImpl.java:newRequest(95)) - attempt #1, newRequest RaftClientRequest:client-138B7AB9D496->s0@group-9EF6EF252B1E, cid=813, seq=null, RW, m79
2024-05-03 18:50:28,372 [s0-client-thread1] DEBUG server.RaftServer$Division (RaftServerImpl.java:submitClientRequestAsync(889)) - s0@group-9EF6EF252B1E: receive client request(RaftClientRequest:client-138B7AB9D496->s0@group-9EF6EF252B1E, cid=813, seq=null, RW, m79)
2024-05-03 18:50:28,372 [s0-client-thread1] DEBUG server.RaftServer$Division (LeaderStateImpl.java:addPendingRequest(530)) - s0@group-9EF6EF252B1E-LeaderStateImpl: addPendingRequest at RaftClientRequest:client-138B7AB9D496->s0@group-9EF6EF252B1E, cid=813, seq=null, RW, m79, entry=(t:1, i:159), STATEMACHINELOGENTRY, WRITE: logData.size=3, stateMachineData.size=0, logEntryProtoSerializedSize=0
2024-05-03 18:50:28,372 [HandlerDaemon-0] DEBUG server.RaftServer$Division (RaftServerImpl.java:logAppendEntries(1505)) - s1@group-9EF6EF252B1E: appendEntries* s0->s1#814-t1,previous=(t:1, i:158),leaderCommit=158,initializing? false,entries: size=1, first=(t:1, i:159), STATEMACHINELOGENTRY, StateMachineLogEntryProto:813@client-138B7AB9D496
2024-05-03 18:50:28,372 [s1-server-thread1] DEBUG server.RaftServer$Division (RaftServerImpl.java:logAppendEntries(1505)) - s1@group-9EF6EF252B1E: appendEntries* reply s0<-s1#814:OK-t1,SUCCESS,nextIndex=160,followerCommit=158,matchIndex=159
2024-05-03 18:50:28,377 [HandlerDaemon-2] DEBUG server.RaftServer$Division (RaftServerImpl.java:logAppendEntries(1505)) - s2@group-9EF6EF252B1E: appendEntries* s0->s2#815-t1,previous=(t:1, i:158),leaderCommit=158,initializing? false,entries: size=1, first=(t:1, i:159), STATEMACHINELOGENTRY, StateMachineLogEntryProto:813@client-138B7AB9D496
2024-05-03 18:50:28,377 [s2-server-thread1] DEBUG server.RaftServer$Division (RaftServerImpl.java:logAppendEntries(1505)) - s2@group-9EF6EF252B1E: appendEntries* reply s0<-s2#815:OK-t1,SUCCESS,nextIndex=160,followerCommit=158,matchIndex=159
2024-05-03 18:50:28,389 [HandlerDaemon-1] DEBUG server.RaftServer$Division (RaftServerImpl.java:logAppendEntries(1505)) - s1@group-9EF6EF252B1E: appendEntries* s0->s1#816-t1,previous=(t:1, i:159),leaderCommit=159,initializing? false,entries: size=1, first=(t:1, i:160), METADATAENTRY(c:159)
2024-05-03 18:50:28,390 [s1-server-thread1] DEBUG server.RaftServer$Division (RaftServerImpl.java:logAppendEntries(1505)) - s1@group-9EF6EF252B1E: appendEntries* reply s0<-s1#816:OK-t1,SUCCESS,nextIndex=161,followerCommit=159,matchIndex=160
2024-05-03 18:50:28,396 [HandlerDaemon-0] DEBUG server.RaftServer$Division (RaftServerImpl.java:logAppendEntries(1505)) - s2@group-9EF6EF252B1E: appendEntries* s0->s2#817-t1,previous=(t:1, i:159),leaderCommit=159,initializing? false,entries: size=1, first=(t:1, i:160), METADATAENTRY(c:159)
2024-05-03 18:50:28,396 [s2-server-thread1] DEBUG server.RaftServer$Division (RaftServerImpl.java:logAppendEntries(1505)) - s2@group-9EF6EF252B1E: appendEntries* reply s0<-s2#817:OK-t1,SUCCESS,nextIndex=161,followerCommit=159,matchIndex=160
2024-05-03 18:50:28,403 [main] DEBUG client.RaftClient (RaftClientImpl.java:add(146)) - client-138B7AB9D496: add replied callId 813
2024-05-03 18:50:28,403 [main] DEBUG client.RaftClient (RaftClientImpl.java:get(158)) - client-138B7AB9D496: get 818 returns [813]
2024-05-03 18:50:28,403 [main] DEBUG client.RaftClient (RaftClientImpl.java:newRequest(95)) - attempt #1, newRequest RaftClientRequest:client-138B7AB9D496->s0@group-9EF6EF252B1E, cid=818, seq=null, RW, m80
2024-05-03 18:50:28,403 [s0-client-thread1] DEBUG server.RaftServer$Division (RaftServerImpl.java:submitClientRequestAsync(889)) - s0@group-9EF6EF252B1E: receive client request(RaftClientRequest:client-138B7AB9D496->s0@group-9EF6EF252B1E, cid=818, seq=null, RW, m80)
2024-05-03 18:50:28,403 [s0-client-thread1] DEBUG server.RaftServer$Division (LeaderStateImpl.java:addPendingRequest(530)) - s0@group-9EF6EF252B1E-LeaderStateImpl: addPendingRequest at RaftClientRequest:client-138B7AB9D496->s0@group-9EF6EF252B1E, cid=818, seq=null, RW, m80, entry=(t:1, i:161), STATEMACHINELOGENTRY, WRITE: logData.size=3, stateMachineData.size=0, logEntryProtoSerializedSize=0
2024-05-03 18:50:28,407 [HandlerDaemon-2] DEBUG server.RaftServer$Division (RaftServerImpl.java:logAppendEntries(1505)) - s1@group-9EF6EF252B1E: appendEntries* s0->s1#819-t1,previous=(t:1, i:160),leaderCommit=160,initializing? false,entries: size=1, first=(t:1, i:161), STATEMACHINELOGENTRY, StateMachineLogEntryProto:818@client-138B7AB9D496
2024-05-03 18:50:28,407 [s1-server-thread1] DEBUG server.RaftServer$Division (RaftServerImpl.java:logAppendEntries(1505)) - s1@group-9EF6EF252B1E: appendEntries* reply s0<-s1#819:OK-t1,SUCCESS,nextIndex=162,followerCommit=160,matchIndex=161
2024-05-03 18:50:28,413 [HandlerDaemon-1] DEBUG server.RaftServer$Division (RaftServerImpl.java:logAppendEntries(1505)) - s2@group-9EF6EF252B1E: appendEntries* s0->s2#820-t1,previous=(t:1, i:160),leaderCommit=160,initializing? false,entries: size=1, first=(t:1, i:161), STATEMACHINELOGENTRY, StateMachineLogEntryProto:818@client-138B7AB9D496
2024-05-03 18:50:28,414 [s2-server-thread1] DEBUG server.RaftServer$Division (RaftServerImpl.java:logAppendEntries(1505)) - s2@group-9EF6EF252B1E: appendEntries* reply s0<-s2#820:OK-t1,SUCCESS,nextIndex=162,followerCommit=160,matchIndex=161
2024-05-03 18:50:28,424 [HandlerDaemon-0] DEBUG server.RaftServer$Division (RaftServerImpl.java:logAppendEntries(1505)) - s1@group-9EF6EF252B1E: appendEntries* s0->s1#821-t1,previous=(t:1, i:161),leaderCommit=161,initializing? false,entries: size=1, first=(t:1, i:162), METADATAENTRY(c:161)
2024-05-03 18:50:28,424 [s1-server-thread1] DEBUG server.RaftServer$Division (RaftServerImpl.java:logAppendEntries(1505)) - s1@group-9EF6EF252B1E: appendEntries* reply s0<-s1#821:OK-t1,SUCCESS,nextIndex=163,followerCommit=161,matchIndex=162
2024-05-03 18:50:28,430 [HandlerDaemon-2] DEBUG server.RaftServer$Division (RaftServerImpl.java:logAppendEntries(1505)) - s2@group-9EF6EF252B1E: appendEntries* s0->s2#822-t1,previous=(t:1, i:161),leaderCommit=161,initializing? false,entries: size=1, first=(t:1, i:162), METADATAENTRY(c:161)
2024-05-03 18:50:28,430 [s2-server-thread1] DEBUG server.RaftServer$Division (RaftServerImpl.java:logAppendEntries(1505)) - s2@group-9EF6EF252B1E: appendEntries* reply s0<-s2#822:OK-t1,SUCCESS,nextIndex=163,followerCommit=161,matchIndex=162
2024-05-03 18:50:28,434 [main] DEBUG client.RaftClient (RaftClientImpl.java:add(146)) - client-138B7AB9D496: add replied callId 818
2024-05-03 18:50:28,434 [main] DEBUG client.RaftClient (RaftClientImpl.java:get(158)) - client-138B7AB9D496: get 823 returns [818]
2024-05-03 18:50:28,434 [main] DEBUG client.RaftClient (RaftClientImpl.java:newRequest(95)) - attempt #1, newRequest RaftClientRequest:client-138B7AB9D496->s0@group-9EF6EF252B1E, cid=823, seq=null, RW, m81
2024-05-03 18:50:28,434 [s0-client-thread1] DEBUG server.RaftServer$Division (RaftServerImpl.java:submitClientRequestAsync(889)) - s0@group-9EF6EF252B1E: receive client request(RaftClientRequest:client-138B7AB9D496->s0@group-9EF6EF252B1E, cid=823, seq=null, RW, m81)
2024-05-03 18:50:28,434 [s0-client-thread1] DEBUG server.RaftServer$Division (LeaderStateImpl.java:addPendingRequest(530)) - s0@group-9EF6EF252B1E-LeaderStateImpl: addPendingRequest at RaftClientRequest:client-138B7AB9D496->s0@group-9EF6EF252B1E, cid=823, seq=null, RW, m81, entry=(t:1, i:163), STATEMACHINELOGENTRY, WRITE: logData.size=3, stateMachineData.size=0, logEntryProtoSerializedSize=0
2024-05-03 18:50:28,436 [HandlerDaemon-1] DEBUG server.RaftServer$Division (RaftServerImpl.java:logAppendEntries(1505)) - s1@group-9EF6EF252B1E: appendEntries* s0->s1#824-t1,previous=(t:1, i:162),leaderCommit=162,initializing? false,entries: size=1, first=(t:1, i:163), STATEMACHINELOGENTRY, StateMachineLogEntryProto:823@client-138B7AB9D496
2024-05-03 18:50:28,436 [s1-server-thread1] DEBUG server.RaftServer$Division (RaftServerImpl.java:logAppendEntries(1505)) - s1@group-9EF6EF252B1E: appendEntries* reply s0<-s1#824:OK-t1,SUCCESS,nextIndex=164,followerCommit=162,matchIndex=163
2024-05-03 18:50:28,448 [HandlerDaemon-0] DEBUG server.RaftServer$Division (RaftServerImpl.java:logAppendEntries(1505)) - s2@group-9EF6EF252B1E: appendEntries* s0->s2#825-t1,previous=(t:1, i:162),leaderCommit=162,initializing? false,entries: size=1, first=(t:1, i:163), STATEMACHINELOGENTRY, StateMachineLogEntryProto:823@client-138B7AB9D496
2024-05-03 18:50:28,448 [s2-server-thread1] DEBUG server.RaftServer$Division (RaftServerImpl.java:logAppendEntries(1505)) - s2@group-9EF6EF252B1E: appendEntries* reply s0<-s2#825:OK-t1,SUCCESS,nextIndex=164,followerCommit=162,matchIndex=163
2024-05-03 18:50:28,456 [HandlerDaemon-2] DEBUG server.RaftServer$Division (RaftServerImpl.java:logAppendEntries(1505)) - s1@group-9EF6EF252B1E: appendEntries* s0->s1#826-t1,previous=(t:1, i:163),leaderCommit=163,initializing? false,entries: size=1, first=(t:1, i:164), METADATAENTRY(c:163)
2024-05-03 18:50:28,456 [s1-server-thread1] DEBUG server.RaftServer$Division (RaftServerImpl.java:logAppendEntries(1505)) - s1@group-9EF6EF252B1E: appendEntries* reply s0<-s1#826:OK-t1,SUCCESS,nextIndex=165,followerCommit=163,matchIndex=164
2024-05-03 18:50:28,462 [HandlerDaemon-1] DEBUG server.RaftServer$Division (RaftServerImpl.java:logAppendEntries(1505)) - s2@group-9EF6EF252B1E: appendEntries* s0->s2#827-t1,previous=(t:1, i:163),leaderCommit=163,initializing? false,entries: size=1, first=(t:1, i:164), METADATAENTRY(c:163)
2024-05-03 18:50:28,462 [s2-server-thread1] DEBUG server.RaftServer$Division (RaftServerImpl.java:logAppendEntries(1505)) - s2@group-9EF6EF252B1E: appendEntries* reply s0<-s2#827:OK-t1,SUCCESS,nextIndex=165,followerCommit=163,matchIndex=164
2024-05-03 18:50:28,467 [main] DEBUG client.RaftClient (RaftClientImpl.java:add(146)) - client-138B7AB9D496: add replied callId 823
2024-05-03 18:50:28,467 [main] DEBUG client.RaftClient (RaftClientImpl.java:get(158)) - client-138B7AB9D496: get 828 returns [823]
2024-05-03 18:50:28,467 [main] DEBUG client.RaftClient (RaftClientImpl.java:newRequest(95)) - attempt #1, newRequest RaftClientRequest:client-138B7AB9D496->s0@group-9EF6EF252B1E, cid=828, seq=null, RW, m82
2024-05-03 18:50:28,467 [s0-client-thread1] DEBUG server.RaftServer$Division (RaftServerImpl.java:submitClientRequestAsync(889)) - s0@group-9EF6EF252B1E: receive client request(RaftClientRequest:client-138B7AB9D496->s0@group-9EF6EF252B1E, cid=828, seq=null, RW, m82)
2024-05-03 18:50:28,467 [s0-client-thread1] DEBUG server.RaftServer$Division (LeaderStateImpl.java:addPendingRequest(530)) - s0@group-9EF6EF252B1E-LeaderStateImpl: addPendingRequest at RaftClientRequest:client-138B7AB9D496->s0@group-9EF6EF252B1E, cid=828, seq=null, RW, m82, entry=(t:1, i:165), STATEMACHINELOGENTRY, WRITE: logData.size=3, stateMachineData.size=0, logEntryProtoSerializedSize=0
2024-05-03 18:50:28,473 [HandlerDaemon-0] DEBUG server.RaftServer$Division (RaftServerImpl.java:logAppendEntries(1505)) - s1@group-9EF6EF252B1E: appendEntries* s0->s1#829-t1,previous=(t:1, i:164),leaderCommit=164,initializing? false,entries: size=1, first=(t:1, i:165), STATEMACHINELOGENTRY, StateMachineLogEntryProto:828@client-138B7AB9D496
2024-05-03 18:50:28,473 [s1-server-thread1] DEBUG server.RaftServer$Division (RaftServerImpl.java:logAppendEntries(1505)) - s1@group-9EF6EF252B1E: appendEntries* reply s0<-s1#829:OK-t1,SUCCESS,nextIndex=166,followerCommit=164,matchIndex=165
2024-05-03 18:50:28,480 [HandlerDaemon-2] DEBUG server.RaftServer$Division (RaftServerImpl.java:logAppendEntries(1505)) - s2@group-9EF6EF252B1E: appendEntries* s0->s2#830-t1,previous=(t:1, i:164),leaderCommit=164,initializing? false,entries: size=1, first=(t:1, i:165), STATEMACHINELOGENTRY, StateMachineLogEntryProto:828@client-138B7AB9D496
2024-05-03 18:50:28,480 [s2-server-thread1] DEBUG server.RaftServer$Division (RaftServerImpl.java:logAppendEntries(1505)) - s2@group-9EF6EF252B1E: appendEntries* reply s0<-s2#830:OK-t1,SUCCESS,nextIndex=166,followerCommit=164,matchIndex=165
2024-05-03 18:50:28,487 [HandlerDaemon-1] DEBUG server.RaftServer$Division (RaftServerImpl.java:logAppendEntries(1505)) - s1@group-9EF6EF252B1E: appendEntries* s0->s1#831-t1,previous=(t:1, i:165),leaderCommit=165,initializing? false,entries: size=1, first=(t:1, i:166), METADATAENTRY(c:165)
2024-05-03 18:50:28,487 [s1-server-thread1] DEBUG server.RaftServer$Division (RaftServerImpl.java:logAppendEntries(1505)) - s1@group-9EF6EF252B1E: appendEntries* reply s0<-s1#831:OK-t1,SUCCESS,nextIndex=167,followerCommit=165,matchIndex=166
2024-05-03 18:50:28,491 [HandlerDaemon-0] DEBUG server.RaftServer$Division (RaftServerImpl.java:logAppendEntries(1505)) - s2@group-9EF6EF252B1E: appendEntries* s0->s2#832-t1,previous=(t:1, i:165),leaderCommit=165,initializing? false,entries: size=1, first=(t:1, i:166), METADATAENTRY(c:165)
2024-05-03 18:50:28,491 [s2-server-thread1] DEBUG server.RaftServer$Division (RaftServerImpl.java:logAppendEntries(1505)) - s2@group-9EF6EF252B1E: appendEntries* reply s0<-s2#832:OK-t1,SUCCESS,nextIndex=167,followerCommit=165,matchIndex=166
2024-05-03 18:50:28,497 [main] DEBUG client.RaftClient (RaftClientImpl.java:add(146)) - client-138B7AB9D496: add replied callId 828
2024-05-03 18:50:28,497 [main] DEBUG client.RaftClient (RaftClientImpl.java:get(158)) - client-138B7AB9D496: get 833 returns [828]
2024-05-03 18:50:28,497 [main] DEBUG client.RaftClient (RaftClientImpl.java:newRequest(95)) - attempt #1, newRequest RaftClientRequest:client-138B7AB9D496->s0@group-9EF6EF252B1E, cid=833, seq=null, RW, m83
2024-05-03 18:50:28,497 [s0-client-thread1] DEBUG server.RaftServer$Division (RaftServerImpl.java:submitClientRequestAsync(889)) - s0@group-9EF6EF252B1E: receive client request(RaftClientRequest:client-138B7AB9D496->s0@group-9EF6EF252B1E, cid=833, seq=null, RW, m83)
2024-05-03 18:50:28,497 [s0-client-thread1] DEBUG server.RaftServer$Division (LeaderStateImpl.java:addPendingRequest(530)) - s0@group-9EF6EF252B1E-LeaderStateImpl: addPendingRequest at RaftClientRequest:client-138B7AB9D496->s0@group-9EF6EF252B1E, cid=833, seq=null, RW, m83, entry=(t:1, i:167), STATEMACHINELOGENTRY, WRITE: logData.size=3, stateMachineData.size=0, logEntryProtoSerializedSize=0
2024-05-03 18:50:28,502 [HandlerDaemon-2] DEBUG server.RaftServer$Division (RaftServerImpl.java:logAppendEntries(1505)) - s1@group-9EF6EF252B1E: appendEntries* s0->s1#834-t1,previous=(t:1, i:166),leaderCommit=166,initializing? false,entries: size=1, first=(t:1, i:167), STATEMACHINELOGENTRY, StateMachineLogEntryProto:833@client-138B7AB9D496
2024-05-03 18:50:28,502 [s1-server-thread1] DEBUG server.RaftServer$Division (RaftServerImpl.java:logAppendEntries(1505)) - s1@group-9EF6EF252B1E: appendEntries* reply s0<-s1#834:OK-t1,SUCCESS,nextIndex=168,followerCommit=166,matchIndex=167
2024-05-03 18:50:28,506 [HandlerDaemon-1] DEBUG server.RaftServer$Division (RaftServerImpl.java:logAppendEntries(1505)) - s2@group-9EF6EF252B1E: appendEntries* s0->s2#835-t1,previous=(t:1, i:166),leaderCommit=166,initializing? false,entries: size=1, first=(t:1, i:167), STATEMACHINELOGENTRY, StateMachineLogEntryProto:833@client-138B7AB9D496
2024-05-03 18:50:28,506 [s2-server-thread1] DEBUG server.RaftServer$Division (RaftServerImpl.java:logAppendEntries(1505)) - s2@group-9EF6EF252B1E: appendEntries* reply s0<-s2#835:OK-t1,SUCCESS,nextIndex=168,followerCommit=166,matchIndex=167
2024-05-03 18:50:28,522 [HandlerDaemon-0] DEBUG server.RaftServer$Division (RaftServerImpl.java:logAppendEntries(1505)) - s1@group-9EF6EF252B1E: appendEntries* s0->s1#836-t1,previous=(t:1, i:167),leaderCommit=167,initializing? false,entries: size=1, first=(t:1, i:168), METADATAENTRY(c:167)
2024-05-03 18:50:28,522 [s1-server-thread1] DEBUG server.RaftServer$Division (RaftServerImpl.java:logAppendEntries(1505)) - s1@group-9EF6EF252B1E: appendEntries* reply s0<-s1#836:OK-t1,SUCCESS,nextIndex=169,followerCommit=167,matchIndex=168
2024-05-03 18:50:28,525 [HandlerDaemon-2] DEBUG server.RaftServer$Division (RaftServerImpl.java:logAppendEntries(1505)) - s2@group-9EF6EF252B1E: appendEntries* s0->s2#837-t1,previous=(t:1, i:167),leaderCommit=167,initializing? false,entries: size=1, first=(t:1, i:168), METADATAENTRY(c:167)
2024-05-03 18:50:28,525 [s2-server-thread1] DEBUG server.RaftServer$Division (RaftServerImpl.java:logAppendEntries(1505)) - s2@group-9EF6EF252B1E: appendEntries* reply s0<-s2#837:OK-t1,SUCCESS,nextIndex=169,followerCommit=167,matchIndex=168
2024-05-03 18:50:28,532 [main] DEBUG client.RaftClient (RaftClientImpl.java:add(146)) - client-138B7AB9D496: add replied callId 833
2024-05-03 18:50:28,532 [main] DEBUG client.RaftClient (RaftClientImpl.java:get(158)) - client-138B7AB9D496: get 838 returns [833]
2024-05-03 18:50:28,532 [main] DEBUG client.RaftClient (RaftClientImpl.java:newRequest(95)) - attempt #1, newRequest RaftClientRequest:client-138B7AB9D496->s0@group-9EF6EF252B1E, cid=838, seq=null, RW, m84
2024-05-03 18:50:28,532 [s0-client-thread1] DEBUG server.RaftServer$Division (RaftServerImpl.java:submitClientRequestAsync(889)) - s0@group-9EF6EF252B1E: receive client request(RaftClientRequest:client-138B7AB9D496->s0@group-9EF6EF252B1E, cid=838, seq=null, RW, m84)
2024-05-03 18:50:28,532 [s0-client-thread1] DEBUG server.RaftServer$Division (LeaderStateImpl.java:addPendingRequest(530)) - s0@group-9EF6EF252B1E-LeaderStateImpl: addPendingRequest at RaftClientRequest:client-138B7AB9D496->s0@group-9EF6EF252B1E, cid=838, seq=null, RW, m84, entry=(t:1, i:169), STATEMACHINELOGENTRY, WRITE: logData.size=3, stateMachineData.size=0, logEntryProtoSerializedSize=0
2024-05-03 18:50:28,535 [HandlerDaemon-0] DEBUG server.RaftServer$Division (RaftServerImpl.java:logAppendEntries(1505)) - s2@group-9EF6EF252B1E: appendEntries* s0->s2#839-t1,previous=(t:1, i:168),leaderCommit=168,initializing? false,entries: size=1, first=(t:1, i:169), STATEMACHINELOGENTRY, StateMachineLogEntryProto:838@client-138B7AB9D496
2024-05-03 18:50:28,535 [s2-server-thread1] DEBUG server.RaftServer$Division (RaftServerImpl.java:logAppendEntries(1505)) - s2@group-9EF6EF252B1E: appendEntries* reply s0<-s2#839:OK-t1,SUCCESS,nextIndex=170,followerCommit=168,matchIndex=169
2024-05-03 18:50:28,537 [HandlerDaemon-1] DEBUG server.RaftServer$Division (RaftServerImpl.java:logAppendEntries(1505)) - s1@group-9EF6EF252B1E: appendEntries* s0->s1#840-t1,previous=(t:1, i:168),leaderCommit=168,initializing? false,entries: size=1, first=(t:1, i:169), STATEMACHINELOGENTRY, StateMachineLogEntryProto:838@client-138B7AB9D496
2024-05-03 18:50:28,537 [s1-server-thread1] DEBUG server.RaftServer$Division (RaftServerImpl.java:logAppendEntries(1505)) - s1@group-9EF6EF252B1E: appendEntries* reply s0<-s1#840:OK-t1,SUCCESS,nextIndex=170,followerCommit=168,matchIndex=169
2024-05-03 18:50:28,549 [HandlerDaemon-1] DEBUG server.RaftServer$Division (RaftServerImpl.java:logAppendEntries(1505)) - s2@group-9EF6EF252B1E: appendEntries* s0->s2#841-t1,previous=(t:1, i:169),leaderCommit=169,initializing? false,entries: size=1, first=(t:1, i:170), METADATAENTRY(c:169)
2024-05-03 18:50:28,549 [s2-server-thread1] DEBUG server.RaftServer$Division (RaftServerImpl.java:logAppendEntries(1505)) - s2@group-9EF6EF252B1E: appendEntries* reply s0<-s2#841:OK-t1,SUCCESS,nextIndex=171,followerCommit=169,matchIndex=170
2024-05-03 18:50:28,553 [HandlerDaemon-2] DEBUG server.RaftServer$Division (RaftServerImpl.java:logAppendEntries(1505)) - s1@group-9EF6EF252B1E: appendEntries* s0->s1#842-t1,previous=(t:1, i:169),leaderCommit=169,initializing? false,entries: size=1, first=(t:1, i:170), METADATAENTRY(c:169)
2024-05-03 18:50:28,553 [s1-server-thread1] DEBUG server.RaftServer$Division (RaftServerImpl.java:logAppendEntries(1505)) - s1@group-9EF6EF252B1E: appendEntries* reply s0<-s1#842:OK-t1,SUCCESS,nextIndex=171,followerCommit=169,matchIndex=170
2024-05-03 18:50:28,560 [main] DEBUG client.RaftClient (RaftClientImpl.java:add(146)) - client-138B7AB9D496: add replied callId 838
2024-05-03 18:50:28,560 [main] DEBUG client.RaftClient (RaftClientImpl.java:get(158)) - client-138B7AB9D496: get 843 returns [838]
2024-05-03 18:50:28,560 [main] DEBUG client.RaftClient (RaftClientImpl.java:newRequest(95)) - attempt #1, newRequest RaftClientRequest:client-138B7AB9D496->s0@group-9EF6EF252B1E, cid=843, seq=null, RW, m85
2024-05-03 18:50:28,560 [s0-client-thread1] DEBUG server.RaftServer$Division (RaftServerImpl.java:submitClientRequestAsync(889)) - s0@group-9EF6EF252B1E: receive client request(RaftClientRequest:client-138B7AB9D496->s0@group-9EF6EF252B1E, cid=843, seq=null, RW, m85)
2024-05-03 18:50:28,560 [s0-client-thread1] DEBUG server.RaftServer$Division (LeaderStateImpl.java:addPendingRequest(530)) - s0@group-9EF6EF252B1E-LeaderStateImpl: addPendingRequest at RaftClientRequest:client-138B7AB9D496->s0@group-9EF6EF252B1E, cid=843, seq=null, RW, m85, entry=(t:1, i:171), STATEMACHINELOGENTRY, WRITE: logData.size=3, stateMachineData.size=0, logEntryProtoSerializedSize=0
2024-05-03 18:50:28,561 [HandlerDaemon-2] DEBUG server.RaftServer$Division (RaftServerImpl.java:logAppendEntries(1505)) - s2@group-9EF6EF252B1E: appendEntries* s0->s2#844-t1,previous=(t:1, i:170),leaderCommit=170,initializing? false,entries: size=1, first=(t:1, i:171), STATEMACHINELOGENTRY, StateMachineLogEntryProto:843@client-138B7AB9D496
2024-05-03 18:50:28,561 [s2-server-thread1] DEBUG server.RaftServer$Division (RaftServerImpl.java:logAppendEntries(1505)) - s2@group-9EF6EF252B1E: appendEntries* reply s0<-s2#844:OK-t1,SUCCESS,nextIndex=172,followerCommit=170,matchIndex=171
2024-05-03 18:50:28,571 [HandlerDaemon-0] DEBUG server.RaftServer$Division (RaftServerImpl.java:logAppendEntries(1505)) - s1@group-9EF6EF252B1E: appendEntries* s0->s1#845-t1,previous=(t:1, i:170),leaderCommit=170,initializing? false,entries: size=1, first=(t:1, i:171), STATEMACHINELOGENTRY, StateMachineLogEntryProto:843@client-138B7AB9D496
2024-05-03 18:50:28,571 [s1-server-thread1] DEBUG server.RaftServer$Division (RaftServerImpl.java:logAppendEntries(1505)) - s1@group-9EF6EF252B1E: appendEntries* reply s0<-s1#845:OK-t1,SUCCESS,nextIndex=172,followerCommit=170,matchIndex=171
2024-05-03 18:50:28,575 [HandlerDaemon-0] DEBUG server.RaftServer$Division (RaftServerImpl.java:logAppendEntries(1505)) - s2@group-9EF6EF252B1E: appendEntries* s0->s2#846-t1,previous=(t:1, i:171),leaderCommit=171,initializing? false,entries: size=1, first=(t:1, i:172), METADATAENTRY(c:171)
2024-05-03 18:50:28,575 [s2-server-thread1] DEBUG server.RaftServer$Division (RaftServerImpl.java:logAppendEntries(1505)) - s2@group-9EF6EF252B1E: appendEntries* reply s0<-s2#846:OK-t1,SUCCESS,nextIndex=173,followerCommit=171,matchIndex=172
2024-05-03 18:50:28,587 [HandlerDaemon-1] DEBUG server.RaftServer$Division (RaftServerImpl.java:logAppendEntries(1505)) - s1@group-9EF6EF252B1E: appendEntries* s0->s1#847-t1,previous=(t:1, i:171),leaderCommit=171,initializing? false,entries: size=1, first=(t:1, i:172), METADATAENTRY(c:171)
2024-05-03 18:50:28,587 [s1-server-thread1] DEBUG server.RaftServer$Division (RaftServerImpl.java:logAppendEntries(1505)) - s1@group-9EF6EF252B1E: appendEntries* reply s0<-s1#847:OK-t1,SUCCESS,nextIndex=173,followerCommit=171,matchIndex=172
2024-05-03 18:50:28,592 [main] DEBUG client.RaftClient (RaftClientImpl.java:add(146)) - client-138B7AB9D496: add replied callId 843
2024-05-03 18:50:28,592 [main] DEBUG client.RaftClient (RaftClientImpl.java:get(158)) - client-138B7AB9D496: get 848 returns [843]
2024-05-03 18:50:28,592 [main] DEBUG client.RaftClient (RaftClientImpl.java:newRequest(95)) - attempt #1, newRequest RaftClientRequest:client-138B7AB9D496->s0@group-9EF6EF252B1E, cid=848, seq=null, RW, m86
2024-05-03 18:50:28,592 [s0-client-thread1] DEBUG server.RaftServer$Division (RaftServerImpl.java:submitClientRequestAsync(889)) - s0@group-9EF6EF252B1E: receive client request(RaftClientRequest:client-138B7AB9D496->s0@group-9EF6EF252B1E, cid=848, seq=null, RW, m86)
2024-05-03 18:50:28,592 [s0-client-thread1] DEBUG server.RaftServer$Division (LeaderStateImpl.java:addPendingRequest(530)) - s0@group-9EF6EF252B1E-LeaderStateImpl: addPendingRequest at RaftClientRequest:client-138B7AB9D496->s0@group-9EF6EF252B1E, cid=848, seq=null, RW, m86, entry=(t:1, i:173), STATEMACHINELOGENTRY, WRITE: logData.size=3, stateMachineData.size=0, logEntryProtoSerializedSize=0
2024-05-03 18:50:28,593 [HandlerDaemon-1] DEBUG server.RaftServer$Division (RaftServerImpl.java:logAppendEntries(1505)) - s2@group-9EF6EF252B1E: appendEntries* s0->s2#849-t1,previous=(t:1, i:172),leaderCommit=172,initializing? false,entries: size=1, first=(t:1, i:173), STATEMACHINELOGENTRY, StateMachineLogEntryProto:848@client-138B7AB9D496
2024-05-03 18:50:28,593 [s2-server-thread1] DEBUG server.RaftServer$Division (RaftServerImpl.java:logAppendEntries(1505)) - s2@group-9EF6EF252B1E: appendEntries* reply s0<-s2#849:OK-t1,SUCCESS,nextIndex=174,followerCommit=172,matchIndex=173
2024-05-03 18:50:28,597 [HandlerDaemon-2] DEBUG server.RaftServer$Division (RaftServerImpl.java:logAppendEntries(1505)) - s1@group-9EF6EF252B1E: appendEntries* s0->s1#850-t1,previous=(t:1, i:172),leaderCommit=172,initializing? false,entries: size=1, first=(t:1, i:173), STATEMACHINELOGENTRY, StateMachineLogEntryProto:848@client-138B7AB9D496
2024-05-03 18:50:28,597 [s1-server-thread1] DEBUG server.RaftServer$Division (RaftServerImpl.java:logAppendEntries(1505)) - s1@group-9EF6EF252B1E: appendEntries* reply s0<-s1#850:OK-t1,SUCCESS,nextIndex=174,followerCommit=172,matchIndex=173
2024-05-03 18:50:28,611 [HandlerDaemon-0] DEBUG server.RaftServer$Division (RaftServerImpl.java:logAppendEntries(1505)) - s1@group-9EF6EF252B1E: appendEntries* s0->s1#852-t1,previous=(t:1, i:173),leaderCommit=173,initializing? false,entries: size=1, first=(t:1, i:174), METADATAENTRY(c:173)
2024-05-03 18:50:28,611 [HandlerDaemon-2] DEBUG server.RaftServer$Division (RaftServerImpl.java:logAppendEntries(1505)) - s2@group-9EF6EF252B1E: appendEntries* s0->s2#851-t1,previous=(t:1, i:173),leaderCommit=173,initializing? false,entries: size=1, first=(t:1, i:174), METADATAENTRY(c:173)
2024-05-03 18:50:28,611 [s1-server-thread1] DEBUG server.RaftServer$Division (RaftServerImpl.java:logAppendEntries(1505)) - s1@group-9EF6EF252B1E: appendEntries* reply s0<-s1#852:OK-t1,SUCCESS,nextIndex=175,followerCommit=173,matchIndex=174
2024-05-03 18:50:28,611 [s2-server-thread1] DEBUG server.RaftServer$Division (RaftServerImpl.java:logAppendEntries(1505)) - s2@group-9EF6EF252B1E: appendEntries* reply s0<-s2#851:OK-t1,SUCCESS,nextIndex=175,followerCommit=173,matchIndex=174
2024-05-03 18:50:28,629 [main] DEBUG client.RaftClient (RaftClientImpl.java:add(146)) - client-138B7AB9D496: add replied callId 848
2024-05-03 18:50:28,629 [main] DEBUG client.RaftClient (RaftClientImpl.java:get(158)) - client-138B7AB9D496: get 853 returns [848]
2024-05-03 18:50:28,629 [main] DEBUG client.RaftClient (RaftClientImpl.java:newRequest(95)) - attempt #1, newRequest RaftClientRequest:client-138B7AB9D496->s0@group-9EF6EF252B1E, cid=853, seq=null, RW, m87
2024-05-03 18:50:28,629 [s0-client-thread1] DEBUG server.RaftServer$Division (RaftServerImpl.java:submitClientRequestAsync(889)) - s0@group-9EF6EF252B1E: receive client request(RaftClientRequest:client-138B7AB9D496->s0@group-9EF6EF252B1E, cid=853, seq=null, RW, m87)
2024-05-03 18:50:28,629 [s0-client-thread1] DEBUG server.RaftServer$Division (LeaderStateImpl.java:addPendingRequest(530)) - s0@group-9EF6EF252B1E-LeaderStateImpl: addPendingRequest at RaftClientRequest:client-138B7AB9D496->s0@group-9EF6EF252B1E, cid=853, seq=null, RW, m87, entry=(t:1, i:175), STATEMACHINELOGENTRY, WRITE: logData.size=3, stateMachineData.size=0, logEntryProtoSerializedSize=0
2024-05-03 18:50:28,630 [HandlerDaemon-1] DEBUG server.RaftServer$Division (RaftServerImpl.java:logAppendEntries(1505)) - s1@group-9EF6EF252B1E: appendEntries* s0->s1#854-t1,previous=(t:1, i:174),leaderCommit=174,initializing? false,entries: size=1, first=(t:1, i:175), STATEMACHINELOGENTRY, StateMachineLogEntryProto:853@client-138B7AB9D496
2024-05-03 18:50:28,630 [HandlerDaemon-0] DEBUG server.RaftServer$Division (RaftServerImpl.java:logAppendEntries(1505)) - s2@group-9EF6EF252B1E: appendEntries* s0->s2#855-t1,previous=(t:1, i:174),leaderCommit=174,initializing? false,entries: size=1, first=(t:1, i:175), STATEMACHINELOGENTRY, StateMachineLogEntryProto:853@client-138B7AB9D496
2024-05-03 18:50:28,630 [s1-server-thread1] DEBUG server.RaftServer$Division (RaftServerImpl.java:logAppendEntries(1505)) - s1@group-9EF6EF252B1E: appendEntries* reply s0<-s1#854:OK-t1,SUCCESS,nextIndex=176,followerCommit=174,matchIndex=175
2024-05-03 18:50:28,630 [s2-server-thread1] DEBUG server.RaftServer$Division (RaftServerImpl.java:logAppendEntries(1505)) - s2@group-9EF6EF252B1E: appendEntries* reply s0<-s2#855:OK-t1,SUCCESS,nextIndex=176,followerCommit=174,matchIndex=175
2024-05-03 18:50:28,640 [HandlerDaemon-1] DEBUG server.RaftServer$Division (RaftServerImpl.java:logAppendEntries(1505)) - s2@group-9EF6EF252B1E: appendEntries* s0->s2#856-t1,previous=(t:1, i:175),leaderCommit=175,initializing? false,entries: size=1, first=(t:1, i:176), METADATAENTRY(c:175)
2024-05-03 18:50:28,640 [s2-server-thread1] DEBUG server.RaftServer$Division (RaftServerImpl.java:logAppendEntries(1505)) - s2@group-9EF6EF252B1E: appendEntries* reply s0<-s2#856:OK-t1,SUCCESS,nextIndex=177,followerCommit=175,matchIndex=176
2024-05-03 18:50:28,643 [HandlerDaemon-2] DEBUG server.RaftServer$Division (RaftServerImpl.java:logAppendEntries(1505)) - s1@group-9EF6EF252B1E: appendEntries* s0->s1#857-t1,previous=(t:1, i:175),leaderCommit=175,initializing? false,entries: size=1, first=(t:1, i:176), METADATAENTRY(c:175)
2024-05-03 18:50:28,643 [s1-server-thread1] DEBUG server.RaftServer$Division (RaftServerImpl.java:logAppendEntries(1505)) - s1@group-9EF6EF252B1E: appendEntries* reply s0<-s1#857:OK-t1,SUCCESS,nextIndex=177,followerCommit=175,matchIndex=176
2024-05-03 18:50:28,653 [main] DEBUG client.RaftClient (RaftClientImpl.java:add(146)) - client-138B7AB9D496: add replied callId 853
2024-05-03 18:50:28,653 [main] DEBUG client.RaftClient (RaftClientImpl.java:get(158)) - client-138B7AB9D496: get 858 returns [853]
2024-05-03 18:50:28,654 [main] DEBUG client.RaftClient (RaftClientImpl.java:newRequest(95)) - attempt #1, newRequest RaftClientRequest:client-138B7AB9D496->s0@group-9EF6EF252B1E, cid=858, seq=null, RW, m88
2024-05-03 18:50:28,654 [s0-client-thread1] DEBUG server.RaftServer$Division (RaftServerImpl.java:submitClientRequestAsync(889)) - s0@group-9EF6EF252B1E: receive client request(RaftClientRequest:client-138B7AB9D496->s0@group-9EF6EF252B1E, cid=858, seq=null, RW, m88)
2024-05-03 18:50:28,654 [s0-client-thread1] DEBUG server.RaftServer$Division (LeaderStateImpl.java:addPendingRequest(530)) - s0@group-9EF6EF252B1E-LeaderStateImpl: addPendingRequest at RaftClientRequest:client-138B7AB9D496->s0@group-9EF6EF252B1E, cid=858, seq=null, RW, m88, entry=(t:1, i:177), STATEMACHINELOGENTRY, WRITE: logData.size=3, stateMachineData.size=0, logEntryProtoSerializedSize=0
2024-05-03 18:50:28,658 [HandlerDaemon-2] DEBUG server.RaftServer$Division (RaftServerImpl.java:logAppendEntries(1505)) - s2@group-9EF6EF252B1E: appendEntries* s0->s2#859-t1,previous=(t:1, i:176),leaderCommit=176,initializing? false,entries: size=1, first=(t:1, i:177), STATEMACHINELOGENTRY, StateMachineLogEntryProto:858@client-138B7AB9D496
2024-05-03 18:50:28,658 [s2-server-thread1] DEBUG server.RaftServer$Division (RaftServerImpl.java:logAppendEntries(1505)) - s2@group-9EF6EF252B1E: appendEntries* reply s0<-s2#859:OK-t1,SUCCESS,nextIndex=178,followerCommit=176,matchIndex=177
2024-05-03 18:50:28,661 [HandlerDaemon-0] DEBUG server.RaftServer$Division (RaftServerImpl.java:logAppendEntries(1505)) - s1@group-9EF6EF252B1E: appendEntries* s0->s1#860-t1,previous=(t:1, i:176),leaderCommit=176,initializing? false,entries: size=1, first=(t:1, i:177), STATEMACHINELOGENTRY, StateMachineLogEntryProto:858@client-138B7AB9D496
2024-05-03 18:50:28,662 [s1-server-thread1] DEBUG server.RaftServer$Division (RaftServerImpl.java:logAppendEntries(1505)) - s1@group-9EF6EF252B1E: appendEntries* reply s0<-s1#860:OK-t1,SUCCESS,nextIndex=178,followerCommit=176,matchIndex=177
2024-05-03 18:50:28,670 [HandlerDaemon-0] DEBUG server.RaftServer$Division (RaftServerImpl.java:logAppendEntries(1505)) - s2@group-9EF6EF252B1E: appendEntries* s0->s2#861-t1,previous=(t:1, i:177),leaderCommit=177,initializing? false,entries: size=1, first=(t:1, i:178), METADATAENTRY(c:177)
2024-05-03 18:50:28,671 [s2-server-thread1] DEBUG server.RaftServer$Division (RaftServerImpl.java:logAppendEntries(1505)) - s2@group-9EF6EF252B1E: appendEntries* reply s0<-s2#861:OK-t1,SUCCESS,nextIndex=179,followerCommit=177,matchIndex=178
2024-05-03 18:50:28,676 [HandlerDaemon-1] DEBUG server.RaftServer$Division (RaftServerImpl.java:logAppendEntries(1505)) - s1@group-9EF6EF252B1E: appendEntries* s0->s1#862-t1,previous=(t:1, i:177),leaderCommit=177,initializing? false,entries: size=1, first=(t:1, i:178), METADATAENTRY(c:177)
2024-05-03 18:50:28,676 [s1-server-thread1] DEBUG server.RaftServer$Division (RaftServerImpl.java:logAppendEntries(1505)) - s1@group-9EF6EF252B1E: appendEntries* reply s0<-s1#862:OK-t1,SUCCESS,nextIndex=179,followerCommit=177,matchIndex=178
2024-05-03 18:50:28,689 [main] DEBUG client.RaftClient (RaftClientImpl.java:add(146)) - client-138B7AB9D496: add replied callId 858
2024-05-03 18:50:28,690 [main] DEBUG client.RaftClient (RaftClientImpl.java:get(158)) - client-138B7AB9D496: get 863 returns [858]
2024-05-03 18:50:28,690 [main] DEBUG client.RaftClient (RaftClientImpl.java:newRequest(95)) - attempt #1, newRequest RaftClientRequest:client-138B7AB9D496->s0@group-9EF6EF252B1E, cid=863, seq=null, RW, m89
2024-05-03 18:50:28,690 [s0-client-thread1] DEBUG server.RaftServer$Division (RaftServerImpl.java:submitClientRequestAsync(889)) - s0@group-9EF6EF252B1E: receive client request(RaftClientRequest:client-138B7AB9D496->s0@group-9EF6EF252B1E, cid=863, seq=null, RW, m89)
2024-05-03 18:50:28,690 [s0-client-thread1] DEBUG server.RaftServer$Division (LeaderStateImpl.java:addPendingRequest(530)) - s0@group-9EF6EF252B1E-LeaderStateImpl: addPendingRequest at RaftClientRequest:client-138B7AB9D496->s0@group-9EF6EF252B1E, cid=863, seq=null, RW, m89, entry=(t:1, i:179), STATEMACHINELOGENTRY, WRITE: logData.size=3, stateMachineData.size=0, logEntryProtoSerializedSize=0
2024-05-03 18:50:28,690 [HandlerDaemon-2] DEBUG server.RaftServer$Division (RaftServerImpl.java:logAppendEntries(1505)) - s1@group-9EF6EF252B1E: appendEntries* s0->s1#864-t1,previous=(t:1, i:178),leaderCommit=178,initializing? false,entries: size=1, first=(t:1, i:179), STATEMACHINELOGENTRY, StateMachineLogEntryProto:863@client-138B7AB9D496
2024-05-03 18:50:28,690 [s1-server-thread1] DEBUG server.RaftServer$Division (RaftServerImpl.java:logAppendEntries(1505)) - s1@group-9EF6EF252B1E: appendEntries* reply s0<-s1#864:OK-t1,SUCCESS,nextIndex=180,followerCommit=178,matchIndex=179
2024-05-03 18:50:28,690 [HandlerDaemon-1] DEBUG server.RaftServer$Division (RaftServerImpl.java:logAppendEntries(1505)) - s2@group-9EF6EF252B1E: appendEntries* s0->s2#865-t1,previous=(t:1, i:178),leaderCommit=178,initializing? false,entries: size=1, first=(t:1, i:179), STATEMACHINELOGENTRY, StateMachineLogEntryProto:863@client-138B7AB9D496
2024-05-03 18:50:28,691 [s2-server-thread1] DEBUG server.RaftServer$Division (RaftServerImpl.java:logAppendEntries(1505)) - s2@group-9EF6EF252B1E: appendEntries* reply s0<-s2#865:OK-t1,SUCCESS,nextIndex=180,followerCommit=178,matchIndex=179
2024-05-03 18:50:28,702 [HandlerDaemon-0] DEBUG server.RaftServer$Division (RaftServerImpl.java:logAppendEntries(1505)) - s1@group-9EF6EF252B1E: appendEntries* s0->s1#866-t1,previous=(t:1, i:179),leaderCommit=179,initializing? false,entries: size=1, first=(t:1, i:180), METADATAENTRY(c:179)
2024-05-03 18:50:28,702 [s1-server-thread1] DEBUG server.RaftServer$Division (RaftServerImpl.java:logAppendEntries(1505)) - s1@group-9EF6EF252B1E: appendEntries* reply s0<-s1#866:OK-t1,SUCCESS,nextIndex=181,followerCommit=179,matchIndex=180
2024-05-03 18:50:28,703 [HandlerDaemon-2] DEBUG server.RaftServer$Division (RaftServerImpl.java:logAppendEntries(1505)) - s2@group-9EF6EF252B1E: appendEntries* s0->s2#867-t1,previous=(t:1, i:179),leaderCommit=179,initializing? false,entries: size=1, first=(t:1, i:180), METADATAENTRY(c:179)
2024-05-03 18:50:28,703 [s2-server-thread1] DEBUG server.RaftServer$Division (RaftServerImpl.java:logAppendEntries(1505)) - s2@group-9EF6EF252B1E: appendEntries* reply s0<-s2#867:OK-t1,SUCCESS,nextIndex=181,followerCommit=179,matchIndex=180
2024-05-03 18:50:28,719 [main] DEBUG client.RaftClient (RaftClientImpl.java:add(146)) - client-138B7AB9D496: add replied callId 863
2024-05-03 18:50:28,719 [main] DEBUG client.RaftClient (RaftClientImpl.java:get(158)) - client-138B7AB9D496: get 868 returns [863]
2024-05-03 18:50:28,719 [main] DEBUG client.RaftClient (RaftClientImpl.java:newRequest(95)) - attempt #1, newRequest RaftClientRequest:client-138B7AB9D496->s0@group-9EF6EF252B1E, cid=868, seq=null, RW, m90
2024-05-03 18:50:28,719 [s0-client-thread1] DEBUG server.RaftServer$Division (RaftServerImpl.java:submitClientRequestAsync(889)) - s0@group-9EF6EF252B1E: receive client request(RaftClientRequest:client-138B7AB9D496->s0@group-9EF6EF252B1E, cid=868, seq=null, RW, m90)
2024-05-03 18:50:28,719 [s0-client-thread1] DEBUG server.RaftServer$Division (LeaderStateImpl.java:addPendingRequest(530)) - s0@group-9EF6EF252B1E-LeaderStateImpl: addPendingRequest at RaftClientRequest:client-138B7AB9D496->s0@group-9EF6EF252B1E, cid=868, seq=null, RW, m90, entry=(t:1, i:181), STATEMACHINELOGENTRY, WRITE: logData.size=3, stateMachineData.size=0, logEntryProtoSerializedSize=0
2024-05-03 18:50:28,720 [HandlerDaemon-1] DEBUG server.RaftServer$Division (RaftServerImpl.java:logAppendEntries(1505)) - s1@group-9EF6EF252B1E: appendEntries* s0->s1#869-t1,previous=(t:1, i:180),leaderCommit=180,initializing? false,entries: size=1, first=(t:1, i:181), STATEMACHINELOGENTRY, StateMachineLogEntryProto:868@client-138B7AB9D496
2024-05-03 18:50:28,720 [s1-server-thread1] DEBUG server.RaftServer$Division (RaftServerImpl.java:logAppendEntries(1505)) - s1@group-9EF6EF252B1E: appendEntries* reply s0<-s1#869:OK-t1,SUCCESS,nextIndex=182,followerCommit=180,matchIndex=181
2024-05-03 18:50:28,722 [HandlerDaemon-0] DEBUG server.RaftServer$Division (RaftServerImpl.java:logAppendEntries(1505)) - s2@group-9EF6EF252B1E: appendEntries* s0->s2#870-t1,previous=(t:1, i:180),leaderCommit=180,initializing? false,entries: size=1, first=(t:1, i:181), STATEMACHINELOGENTRY, StateMachineLogEntryProto:868@client-138B7AB9D496
2024-05-03 18:50:28,722 [s2-server-thread1] DEBUG server.RaftServer$Division (RaftServerImpl.java:logAppendEntries(1505)) - s2@group-9EF6EF252B1E: appendEntries* reply s0<-s2#870:OK-t1,SUCCESS,nextIndex=182,followerCommit=180,matchIndex=181
2024-05-03 18:50:28,734 [HandlerDaemon-1] DEBUG server.RaftServer$Division (RaftServerImpl.java:logAppendEntries(1505)) - s2@group-9EF6EF252B1E: appendEntries* s0->s2#871-t1,previous=(t:1, i:181),leaderCommit=181,initializing? false,entries: size=1, first=(t:1, i:182), METADATAENTRY(c:181)
2024-05-03 18:50:28,734 [s2-server-thread1] DEBUG server.RaftServer$Division (RaftServerImpl.java:logAppendEntries(1505)) - s2@group-9EF6EF252B1E: appendEntries* reply s0<-s2#871:OK-t1,SUCCESS,nextIndex=183,followerCommit=181,matchIndex=182
2024-05-03 18:50:28,735 [HandlerDaemon-2] DEBUG server.RaftServer$Division (RaftServerImpl.java:logAppendEntries(1505)) - s1@group-9EF6EF252B1E: appendEntries* s0->s1#872-t1,previous=(t:1, i:181),leaderCommit=181,initializing? false,entries: size=1, first=(t:1, i:182), METADATAENTRY(c:181)
2024-05-03 18:50:28,735 [s1-server-thread1] DEBUG server.RaftServer$Division (RaftServerImpl.java:logAppendEntries(1505)) - s1@group-9EF6EF252B1E: appendEntries* reply s0<-s1#872:OK-t1,SUCCESS,nextIndex=183,followerCommit=181,matchIndex=182
2024-05-03 18:50:28,752 [main] DEBUG client.RaftClient (RaftClientImpl.java:add(146)) - client-138B7AB9D496: add replied callId 868
2024-05-03 18:50:28,752 [main] DEBUG client.RaftClient (RaftClientImpl.java:get(158)) - client-138B7AB9D496: get 873 returns [868]
2024-05-03 18:50:28,752 [main] DEBUG client.RaftClient (RaftClientImpl.java:newRequest(95)) - attempt #1, newRequest RaftClientRequest:client-138B7AB9D496->s0@group-9EF6EF252B1E, cid=873, seq=null, RW, m91
2024-05-03 18:50:28,752 [s0-client-thread1] DEBUG server.RaftServer$Division (RaftServerImpl.java:submitClientRequestAsync(889)) - s0@group-9EF6EF252B1E: receive client request(RaftClientRequest:client-138B7AB9D496->s0@group-9EF6EF252B1E, cid=873, seq=null, RW, m91)
2024-05-03 18:50:28,753 [s0-client-thread1] DEBUG server.RaftServer$Division (LeaderStateImpl.java:addPendingRequest(530)) - s0@group-9EF6EF252B1E-LeaderStateImpl: addPendingRequest at RaftClientRequest:client-138B7AB9D496->s0@group-9EF6EF252B1E, cid=873, seq=null, RW, m91, entry=(t:1, i:183), STATEMACHINELOGENTRY, WRITE: logData.size=3, stateMachineData.size=0, logEntryProtoSerializedSize=0
2024-05-03 18:50:28,753 [HandlerDaemon-0] DEBUG server.RaftServer$Division (RaftServerImpl.java:logAppendEntries(1505)) - s1@group-9EF6EF252B1E: appendEntries* s0->s1#874-t1,previous=(t:1, i:182),leaderCommit=182,initializing? false,entries: size=1, first=(t:1, i:183), STATEMACHINELOGENTRY, StateMachineLogEntryProto:873@client-138B7AB9D496
2024-05-03 18:50:28,753 [s1-server-thread1] DEBUG server.RaftServer$Division (RaftServerImpl.java:logAppendEntries(1505)) - s1@group-9EF6EF252B1E: appendEntries* reply s0<-s1#874:OK-t1,SUCCESS,nextIndex=184,followerCommit=182,matchIndex=183
2024-05-03 18:50:28,753 [HandlerDaemon-2] DEBUG server.RaftServer$Division (RaftServerImpl.java:logAppendEntries(1505)) - s2@group-9EF6EF252B1E: appendEntries* s0->s2#875-t1,previous=(t:1, i:182),leaderCommit=182,initializing? false,entries: size=1, first=(t:1, i:183), STATEMACHINELOGENTRY, StateMachineLogEntryProto:873@client-138B7AB9D496
2024-05-03 18:50:28,754 [s2-server-thread1] DEBUG server.RaftServer$Division (RaftServerImpl.java:logAppendEntries(1505)) - s2@group-9EF6EF252B1E: appendEntries* reply s0<-s2#875:OK-t1,SUCCESS,nextIndex=184,followerCommit=182,matchIndex=183
2024-05-03 18:50:28,764 [HandlerDaemon-1] DEBUG server.RaftServer$Division (RaftServerImpl.java:logAppendEntries(1505)) - s1@group-9EF6EF252B1E: appendEntries* s0->s1#876-t1,previous=(t:1, i:183),leaderCommit=183,initializing? false,entries: size=1, first=(t:1, i:184), METADATAENTRY(c:183)
2024-05-03 18:50:28,764 [s1-server-thread1] DEBUG server.RaftServer$Division (RaftServerImpl.java:logAppendEntries(1505)) - s1@group-9EF6EF252B1E: appendEntries* reply s0<-s1#876:OK-t1,SUCCESS,nextIndex=185,followerCommit=183,matchIndex=184
2024-05-03 18:50:28,765 [HandlerDaemon-0] DEBUG server.RaftServer$Division (RaftServerImpl.java:logAppendEntries(1505)) - s2@group-9EF6EF252B1E: appendEntries* s0->s2#877-t1,previous=(t:1, i:183),leaderCommit=183,initializing? false,entries: size=1, first=(t:1, i:184), METADATAENTRY(c:183)
2024-05-03 18:50:28,765 [s2-server-thread1] DEBUG server.RaftServer$Division (RaftServerImpl.java:logAppendEntries(1505)) - s2@group-9EF6EF252B1E: appendEntries* reply s0<-s2#877:OK-t1,SUCCESS,nextIndex=185,followerCommit=183,matchIndex=184
2024-05-03 18:50:28,781 [main] DEBUG client.RaftClient (RaftClientImpl.java:add(146)) - client-138B7AB9D496: add replied callId 873
2024-05-03 18:50:28,781 [main] DEBUG client.RaftClient (RaftClientImpl.java:get(158)) - client-138B7AB9D496: get 878 returns [873]
2024-05-03 18:50:28,781 [main] DEBUG client.RaftClient (RaftClientImpl.java:newRequest(95)) - attempt #1, newRequest RaftClientRequest:client-138B7AB9D496->s0@group-9EF6EF252B1E, cid=878, seq=null, RW, m92
2024-05-03 18:50:28,781 [s0-client-thread1] DEBUG server.RaftServer$Division (RaftServerImpl.java:submitClientRequestAsync(889)) - s0@group-9EF6EF252B1E: receive client request(RaftClientRequest:client-138B7AB9D496->s0@group-9EF6EF252B1E, cid=878, seq=null, RW, m92)
2024-05-03 18:50:28,781 [s0-client-thread1] DEBUG server.RaftServer$Division (LeaderStateImpl.java:addPendingRequest(530)) - s0@group-9EF6EF252B1E-LeaderStateImpl: addPendingRequest at RaftClientRequest:client-138B7AB9D496->s0@group-9EF6EF252B1E, cid=878, seq=null, RW, m92, entry=(t:1, i:185), STATEMACHINELOGENTRY, WRITE: logData.size=3, stateMachineData.size=0, logEntryProtoSerializedSize=0
2024-05-03 18:50:28,782 [HandlerDaemon-2] DEBUG server.RaftServer$Division (RaftServerImpl.java:logAppendEntries(1505)) - s1@group-9EF6EF252B1E: appendEntries* s0->s1#879-t1,previous=(t:1, i:184),leaderCommit=184,initializing? false,entries: size=1, first=(t:1, i:185), STATEMACHINELOGENTRY, StateMachineLogEntryProto:878@client-138B7AB9D496
2024-05-03 18:50:28,782 [s1-server-thread1] DEBUG server.RaftServer$Division (RaftServerImpl.java:logAppendEntries(1505)) - s1@group-9EF6EF252B1E: appendEntries* reply s0<-s1#879:OK-t1,SUCCESS,nextIndex=186,followerCommit=184,matchIndex=185
2024-05-03 18:50:28,783 [HandlerDaemon-1] DEBUG server.RaftServer$Division (RaftServerImpl.java:logAppendEntries(1505)) - s2@group-9EF6EF252B1E: appendEntries* s0->s2#880-t1,previous=(t:1, i:184),leaderCommit=184,initializing? false,entries: size=1, first=(t:1, i:185), STATEMACHINELOGENTRY, StateMachineLogEntryProto:878@client-138B7AB9D496
2024-05-03 18:50:28,784 [s2-server-thread1] DEBUG server.RaftServer$Division (RaftServerImpl.java:logAppendEntries(1505)) - s2@group-9EF6EF252B1E: appendEntries* reply s0<-s2#880:OK-t1,SUCCESS,nextIndex=186,followerCommit=184,matchIndex=185
2024-05-03 18:50:28,796 [HandlerDaemon-0] DEBUG server.RaftServer$Division (RaftServerImpl.java:logAppendEntries(1505)) - s1@group-9EF6EF252B1E: appendEntries* s0->s1#881-t1,previous=(t:1, i:185),leaderCommit=185,initializing? false,entries: size=1, first=(t:1, i:186), METADATAENTRY(c:185)
2024-05-03 18:50:28,796 [s1-server-thread1] DEBUG server.RaftServer$Division (RaftServerImpl.java:logAppendEntries(1505)) - s1@group-9EF6EF252B1E: appendEntries* reply s0<-s1#881:OK-t1,SUCCESS,nextIndex=187,followerCommit=185,matchIndex=186
2024-05-03 18:50:28,797 [HandlerDaemon-2] DEBUG server.RaftServer$Division (RaftServerImpl.java:logAppendEntries(1505)) - s2@group-9EF6EF252B1E: appendEntries* s0->s2#882-t1,previous=(t:1, i:185),leaderCommit=185,initializing? false,entries: size=1, first=(t:1, i:186), METADATAENTRY(c:185)
2024-05-03 18:50:28,797 [s2-server-thread1] DEBUG server.RaftServer$Division (RaftServerImpl.java:logAppendEntries(1505)) - s2@group-9EF6EF252B1E: appendEntries* reply s0<-s2#882:OK-t1,SUCCESS,nextIndex=187,followerCommit=185,matchIndex=186
2024-05-03 18:50:28,808 [main] DEBUG client.RaftClient (RaftClientImpl.java:add(146)) - client-138B7AB9D496: add replied callId 878
2024-05-03 18:50:28,808 [main] DEBUG client.RaftClient (RaftClientImpl.java:get(158)) - client-138B7AB9D496: get 883 returns [878]
2024-05-03 18:50:28,808 [main] DEBUG client.RaftClient (RaftClientImpl.java:newRequest(95)) - attempt #1, newRequest RaftClientRequest:client-138B7AB9D496->s0@group-9EF6EF252B1E, cid=883, seq=null, RW, m93
2024-05-03 18:50:28,808 [s0-client-thread1] DEBUG server.RaftServer$Division (RaftServerImpl.java:submitClientRequestAsync(889)) - s0@group-9EF6EF252B1E: receive client request(RaftClientRequest:client-138B7AB9D496->s0@group-9EF6EF252B1E, cid=883, seq=null, RW, m93)
2024-05-03 18:50:28,808 [s0-client-thread1] DEBUG server.RaftServer$Division (LeaderStateImpl.java:addPendingRequest(530)) - s0@group-9EF6EF252B1E-LeaderStateImpl: addPendingRequest at RaftClientRequest:client-138B7AB9D496->s0@group-9EF6EF252B1E, cid=883, seq=null, RW, m93, entry=(t:1, i:187), STATEMACHINELOGENTRY, WRITE: logData.size=3, stateMachineData.size=0, logEntryProtoSerializedSize=0
2024-05-03 18:50:28,809 [HandlerDaemon-0] DEBUG server.RaftServer$Division (RaftServerImpl.java:logAppendEntries(1505)) - s2@group-9EF6EF252B1E: appendEntries* s0->s2#884-t1,previous=(t:1, i:186),leaderCommit=186,initializing? false,entries: size=1, first=(t:1, i:187), STATEMACHINELOGENTRY, StateMachineLogEntryProto:883@client-138B7AB9D496
2024-05-03 18:50:28,809 [s2-server-thread1] DEBUG server.RaftServer$Division (RaftServerImpl.java:logAppendEntries(1505)) - s2@group-9EF6EF252B1E: appendEntries* reply s0<-s2#884:OK-t1,SUCCESS,nextIndex=188,followerCommit=186,matchIndex=187
2024-05-03 18:50:28,814 [HandlerDaemon-1] DEBUG server.RaftServer$Division (RaftServerImpl.java:logAppendEntries(1505)) - s1@group-9EF6EF252B1E: appendEntries* s0->s1#885-t1,previous=(t:1, i:186),leaderCommit=186,initializing? false,entries: size=1, first=(t:1, i:187), STATEMACHINELOGENTRY, StateMachineLogEntryProto:883@client-138B7AB9D496
2024-05-03 18:50:28,814 [s1-server-thread1] DEBUG server.RaftServer$Division (RaftServerImpl.java:logAppendEntries(1505)) - s1@group-9EF6EF252B1E: appendEntries* reply s0<-s1#885:OK-t1,SUCCESS,nextIndex=188,followerCommit=186,matchIndex=187
2024-05-03 18:50:28,826 [HandlerDaemon-1] DEBUG server.RaftServer$Division (RaftServerImpl.java:logAppendEntries(1505)) - s2@group-9EF6EF252B1E: appendEntries* s0->s2#886-t1,previous=(t:1, i:187),leaderCommit=187,initializing? false,entries: size=1, first=(t:1, i:188), METADATAENTRY(c:187)
2024-05-03 18:50:28,826 [s2-server-thread1] DEBUG server.RaftServer$Division (RaftServerImpl.java:logAppendEntries(1505)) - s2@group-9EF6EF252B1E: appendEntries* reply s0<-s2#886:OK-t1,SUCCESS,nextIndex=189,followerCommit=187,matchIndex=188
2024-05-03 18:50:28,827 [HandlerDaemon-2] DEBUG server.RaftServer$Division (RaftServerImpl.java:logAppendEntries(1505)) - s1@group-9EF6EF252B1E: appendEntries* s0->s1#887-t1,previous=(t:1, i:187),leaderCommit=187,initializing? false,entries: size=1, first=(t:1, i:188), METADATAENTRY(c:187)
2024-05-03 18:50:28,827 [s1-server-thread1] DEBUG server.RaftServer$Division (RaftServerImpl.java:logAppendEntries(1505)) - s1@group-9EF6EF252B1E: appendEntries* reply s0<-s1#887:OK-t1,SUCCESS,nextIndex=189,followerCommit=187,matchIndex=188
2024-05-03 18:50:28,842 [main] DEBUG client.RaftClient (RaftClientImpl.java:add(146)) - client-138B7AB9D496: add replied callId 883
2024-05-03 18:50:28,842 [main] DEBUG client.RaftClient (RaftClientImpl.java:get(158)) - client-138B7AB9D496: get 888 returns [883]
2024-05-03 18:50:28,842 [main] DEBUG client.RaftClient (RaftClientImpl.java:newRequest(95)) - attempt #1, newRequest RaftClientRequest:client-138B7AB9D496->s0@group-9EF6EF252B1E, cid=888, seq=null, RW, m94
2024-05-03 18:50:28,842 [s0-client-thread1] DEBUG server.RaftServer$Division (RaftServerImpl.java:submitClientRequestAsync(889)) - s0@group-9EF6EF252B1E: receive client request(RaftClientRequest:client-138B7AB9D496->s0@group-9EF6EF252B1E, cid=888, seq=null, RW, m94)
2024-05-03 18:50:28,842 [s0-client-thread1] DEBUG server.RaftServer$Division (LeaderStateImpl.java:addPendingRequest(530)) - s0@group-9EF6EF252B1E-LeaderStateImpl: addPendingRequest at RaftClientRequest:client-138B7AB9D496->s0@group-9EF6EF252B1E, cid=888, seq=null, RW, m94, entry=(t:1, i:189), STATEMACHINELOGENTRY, WRITE: logData.size=3, stateMachineData.size=0, logEntryProtoSerializedSize=0
2024-05-03 18:50:28,843 [HandlerDaemon-0] DEBUG server.RaftServer$Division (RaftServerImpl.java:logAppendEntries(1505)) - s1@group-9EF6EF252B1E: appendEntries* s0->s1#889-t1,previous=(t:1, i:188),leaderCommit=188,initializing? false,entries: size=1, first=(t:1, i:189), STATEMACHINELOGENTRY, StateMachineLogEntryProto:888@client-138B7AB9D496
2024-05-03 18:50:28,843 [s1-server-thread1] DEBUG server.RaftServer$Division (RaftServerImpl.java:logAppendEntries(1505)) - s1@group-9EF6EF252B1E: appendEntries* reply s0<-s1#889:OK-t1,SUCCESS,nextIndex=190,followerCommit=188,matchIndex=189
2024-05-03 18:50:28,845 [HandlerDaemon-2] DEBUG server.RaftServer$Division (RaftServerImpl.java:logAppendEntries(1505)) - s2@group-9EF6EF252B1E: appendEntries* s0->s2#890-t1,previous=(t:1, i:188),leaderCommit=188,initializing? false,entries: size=1, first=(t:1, i:189), STATEMACHINELOGENTRY, StateMachineLogEntryProto:888@client-138B7AB9D496
2024-05-03 18:50:28,845 [s2-server-thread1] DEBUG server.RaftServer$Division (RaftServerImpl.java:logAppendEntries(1505)) - s2@group-9EF6EF252B1E: appendEntries* reply s0<-s2#890:OK-t1,SUCCESS,nextIndex=190,followerCommit=188,matchIndex=189
2024-05-03 18:50:28,853 [HandlerDaemon-1] DEBUG server.RaftServer$Division (RaftServerImpl.java:logAppendEntries(1505)) - s1@group-9EF6EF252B1E: appendEntries* s0->s1#891-t1,previous=(t:1, i:189),leaderCommit=189,initializing? false,entries: size=1, first=(t:1, i:190), METADATAENTRY(c:189)
2024-05-03 18:50:28,853 [s1-server-thread1] DEBUG server.RaftServer$Division (RaftServerImpl.java:logAppendEntries(1505)) - s1@group-9EF6EF252B1E: appendEntries* reply s0<-s1#891:OK-t1,SUCCESS,nextIndex=191,followerCommit=189,matchIndex=190
2024-05-03 18:50:28,865 [HandlerDaemon-0] DEBUG server.RaftServer$Division (RaftServerImpl.java:logAppendEntries(1505)) - s2@group-9EF6EF252B1E: appendEntries* s0->s2#892-t1,previous=(t:1, i:189),leaderCommit=189,initializing? false,entries: size=1, first=(t:1, i:190), METADATAENTRY(c:189)
2024-05-03 18:50:28,865 [s2-server-thread1] DEBUG server.RaftServer$Division (RaftServerImpl.java:logAppendEntries(1505)) - s2@group-9EF6EF252B1E: appendEntries* reply s0<-s2#892:OK-t1,SUCCESS,nextIndex=191,followerCommit=189,matchIndex=190
2024-05-03 18:50:28,871 [main] DEBUG client.RaftClient (RaftClientImpl.java:add(146)) - client-138B7AB9D496: add replied callId 888
2024-05-03 18:50:28,871 [main] DEBUG client.RaftClient (RaftClientImpl.java:get(158)) - client-138B7AB9D496: get 893 returns [888]
2024-05-03 18:50:28,872 [main] DEBUG client.RaftClient (RaftClientImpl.java:newRequest(95)) - attempt #1, newRequest RaftClientRequest:client-138B7AB9D496->s0@group-9EF6EF252B1E, cid=893, seq=null, RW, m95
2024-05-03 18:50:28,872 [s0-client-thread1] DEBUG server.RaftServer$Division (RaftServerImpl.java:submitClientRequestAsync(889)) - s0@group-9EF6EF252B1E: receive client request(RaftClientRequest:client-138B7AB9D496->s0@group-9EF6EF252B1E, cid=893, seq=null, RW, m95)
2024-05-03 18:50:28,872 [s0-client-thread1] DEBUG server.RaftServer$Division (LeaderStateImpl.java:addPendingRequest(530)) - s0@group-9EF6EF252B1E-LeaderStateImpl: addPendingRequest at RaftClientRequest:client-138B7AB9D496->s0@group-9EF6EF252B1E, cid=893, seq=null, RW, m95, entry=(t:1, i:191), STATEMACHINELOGENTRY, WRITE: logData.size=3, stateMachineData.size=0, logEntryProtoSerializedSize=0
2024-05-03 18:50:28,872 [HandlerDaemon-2] DEBUG server.RaftServer$Division (RaftServerImpl.java:logAppendEntries(1505)) - s1@group-9EF6EF252B1E: appendEntries* s0->s1#894-t1,previous=(t:1, i:190),leaderCommit=190,initializing? false,entries: size=1, first=(t:1, i:191), STATEMACHINELOGENTRY, StateMachineLogEntryProto:893@client-138B7AB9D496
2024-05-03 18:50:28,872 [s1-server-thread1] DEBUG server.RaftServer$Division (RaftServerImpl.java:logAppendEntries(1505)) - s1@group-9EF6EF252B1E: appendEntries* reply s0<-s1#894:OK-t1,SUCCESS,nextIndex=192,followerCommit=190,matchIndex=191
2024-05-03 18:50:28,875 [HandlerDaemon-1] DEBUG server.RaftServer$Division (RaftServerImpl.java:logAppendEntries(1505)) - s2@group-9EF6EF252B1E: appendEntries* s0->s2#895-t1,previous=(t:1, i:190),leaderCommit=190,initializing? false,entries: size=1, first=(t:1, i:191), STATEMACHINELOGENTRY, StateMachineLogEntryProto:893@client-138B7AB9D496
2024-05-03 18:50:28,875 [s2-server-thread1] DEBUG server.RaftServer$Division (RaftServerImpl.java:logAppendEntries(1505)) - s2@group-9EF6EF252B1E: appendEntries* reply s0<-s2#895:OK-t1,SUCCESS,nextIndex=192,followerCommit=190,matchIndex=191
2024-05-03 18:50:28,884 [HandlerDaemon-0] DEBUG server.RaftServer$Division (RaftServerImpl.java:logAppendEntries(1505)) - s1@group-9EF6EF252B1E: appendEntries* s0->s1#896-t1,previous=(t:1, i:191),leaderCommit=191,initializing? false,entries: size=1, first=(t:1, i:192), METADATAENTRY(c:191)
2024-05-03 18:50:28,884 [s1-server-thread1] DEBUG server.RaftServer$Division (RaftServerImpl.java:logAppendEntries(1505)) - s1@group-9EF6EF252B1E: appendEntries* reply s0<-s1#896:OK-t1,SUCCESS,nextIndex=193,followerCommit=191,matchIndex=192
2024-05-03 18:50:28,888 [HandlerDaemon-2] DEBUG server.RaftServer$Division (RaftServerImpl.java:logAppendEntries(1505)) - s2@group-9EF6EF252B1E: appendEntries* s0->s2#897-t1,previous=(t:1, i:191),leaderCommit=191,initializing? false,entries: size=1, first=(t:1, i:192), METADATAENTRY(c:191)
2024-05-03 18:50:28,888 [s2-server-thread1] DEBUG server.RaftServer$Division (RaftServerImpl.java:logAppendEntries(1505)) - s2@group-9EF6EF252B1E: appendEntries* reply s0<-s2#897:OK-t1,SUCCESS,nextIndex=193,followerCommit=191,matchIndex=192
2024-05-03 18:50:28,902 [main] DEBUG client.RaftClient (RaftClientImpl.java:add(146)) - client-138B7AB9D496: add replied callId 893
2024-05-03 18:50:28,902 [main] DEBUG client.RaftClient (RaftClientImpl.java:get(158)) - client-138B7AB9D496: get 898 returns [893]
2024-05-03 18:50:28,902 [main] DEBUG client.RaftClient (RaftClientImpl.java:newRequest(95)) - attempt #1, newRequest RaftClientRequest:client-138B7AB9D496->s0@group-9EF6EF252B1E, cid=898, seq=null, RW, m96
2024-05-03 18:50:28,902 [s0-client-thread1] DEBUG server.RaftServer$Division (RaftServerImpl.java:submitClientRequestAsync(889)) - s0@group-9EF6EF252B1E: receive client request(RaftClientRequest:client-138B7AB9D496->s0@group-9EF6EF252B1E, cid=898, seq=null, RW, m96)
2024-05-03 18:50:28,902 [s0-client-thread1] DEBUG server.RaftServer$Division (LeaderStateImpl.java:addPendingRequest(530)) - s0@group-9EF6EF252B1E-LeaderStateImpl: addPendingRequest at RaftClientRequest:client-138B7AB9D496->s0@group-9EF6EF252B1E, cid=898, seq=null, RW, m96, entry=(t:1, i:193), STATEMACHINELOGENTRY, WRITE: logData.size=3, stateMachineData.size=0, logEntryProtoSerializedSize=0
2024-05-03 18:50:28,903 [HandlerDaemon-0] DEBUG server.RaftServer$Division (RaftServerImpl.java:logAppendEntries(1505)) - s2@group-9EF6EF252B1E: appendEntries* s0->s2#899-t1,previous=(t:1, i:192),leaderCommit=192,initializing? false,entries: size=1, first=(t:1, i:193), STATEMACHINELOGENTRY, StateMachineLogEntryProto:898@client-138B7AB9D496
2024-05-03 18:50:28,903 [HandlerDaemon-1] DEBUG server.RaftServer$Division (RaftServerImpl.java:logAppendEntries(1505)) - s1@group-9EF6EF252B1E: appendEntries* s0->s1#900-t1,previous=(t:1, i:192),leaderCommit=192,initializing? false,entries: size=1, first=(t:1, i:193), STATEMACHINELOGENTRY, StateMachineLogEntryProto:898@client-138B7AB9D496
2024-05-03 18:50:28,903 [s2-server-thread1] DEBUG server.RaftServer$Division (RaftServerImpl.java:logAppendEntries(1505)) - s2@group-9EF6EF252B1E: appendEntries* reply s0<-s2#899:OK-t1,SUCCESS,nextIndex=194,followerCommit=192,matchIndex=193
2024-05-03 18:50:28,903 [s1-server-thread1] DEBUG server.RaftServer$Division (RaftServerImpl.java:logAppendEntries(1505)) - s1@group-9EF6EF252B1E: appendEntries* reply s0<-s1#900:OK-t1,SUCCESS,nextIndex=194,followerCommit=192,matchIndex=193
2024-05-03 18:50:28,913 [HandlerDaemon-1] DEBUG server.RaftServer$Division (RaftServerImpl.java:logAppendEntries(1505)) - s2@group-9EF6EF252B1E: appendEntries* s0->s2#901-t1,previous=(t:1, i:193),leaderCommit=193,initializing? false,entries: size=1, first=(t:1, i:194), METADATAENTRY(c:193)
2024-05-03 18:50:28,914 [s2-server-thread1] DEBUG server.RaftServer$Division (RaftServerImpl.java:logAppendEntries(1505)) - s2@group-9EF6EF252B1E: appendEntries* reply s0<-s2#901:OK-t1,SUCCESS,nextIndex=195,followerCommit=193,matchIndex=194
2024-05-03 18:50:28,917 [HandlerDaemon-2] DEBUG server.RaftServer$Division (RaftServerImpl.java:logAppendEntries(1505)) - s1@group-9EF6EF252B1E: appendEntries* s0->s1#902-t1,previous=(t:1, i:193),leaderCommit=193,initializing? false,entries: size=1, first=(t:1, i:194), METADATAENTRY(c:193)
2024-05-03 18:50:28,917 [s1-server-thread1] DEBUG server.RaftServer$Division (RaftServerImpl.java:logAppendEntries(1505)) - s1@group-9EF6EF252B1E: appendEntries* reply s0<-s1#902:OK-t1,SUCCESS,nextIndex=195,followerCommit=193,matchIndex=194
2024-05-03 18:50:28,925 [main] DEBUG client.RaftClient (RaftClientImpl.java:add(146)) - client-138B7AB9D496: add replied callId 898
2024-05-03 18:50:28,926 [main] DEBUG client.RaftClient (RaftClientImpl.java:get(158)) - client-138B7AB9D496: get 903 returns [898]
2024-05-03 18:50:28,926 [main] DEBUG client.RaftClient (RaftClientImpl.java:newRequest(95)) - attempt #1, newRequest RaftClientRequest:client-138B7AB9D496->s0@group-9EF6EF252B1E, cid=903, seq=null, RW, m97
2024-05-03 18:50:28,926 [s0-client-thread1] DEBUG server.RaftServer$Division (RaftServerImpl.java:submitClientRequestAsync(889)) - s0@group-9EF6EF252B1E: receive client request(RaftClientRequest:client-138B7AB9D496->s0@group-9EF6EF252B1E, cid=903, seq=null, RW, m97)
2024-05-03 18:50:28,926 [s0-client-thread1] DEBUG server.RaftServer$Division (LeaderStateImpl.java:addPendingRequest(530)) - s0@group-9EF6EF252B1E-LeaderStateImpl: addPendingRequest at RaftClientRequest:client-138B7AB9D496->s0@group-9EF6EF252B1E, cid=903, seq=null, RW, m97, entry=(t:1, i:195), STATEMACHINELOGENTRY, WRITE: logData.size=3, stateMachineData.size=0, logEntryProtoSerializedSize=0
2024-05-03 18:50:28,933 [HandlerDaemon-2] DEBUG server.RaftServer$Division (RaftServerImpl.java:logAppendEntries(1505)) - s2@group-9EF6EF252B1E: appendEntries* s0->s2#904-t1,previous=(t:1, i:194),leaderCommit=194,initializing? false,entries: size=1, first=(t:1, i:195), STATEMACHINELOGENTRY, StateMachineLogEntryProto:903@client-138B7AB9D496
2024-05-03 18:50:28,933 [s2-server-thread1] DEBUG server.RaftServer$Division (RaftServerImpl.java:logAppendEntries(1505)) - s2@group-9EF6EF252B1E: appendEntries* reply s0<-s2#904:OK-t1,SUCCESS,nextIndex=196,followerCommit=194,matchIndex=195
2024-05-03 18:50:28,936 [HandlerDaemon-0] DEBUG server.RaftServer$Division (RaftServerImpl.java:logAppendEntries(1505)) - s1@group-9EF6EF252B1E: appendEntries* s0->s1#905-t1,previous=(t:1, i:194),leaderCommit=194,initializing? false,entries: size=1, first=(t:1, i:195), STATEMACHINELOGENTRY, StateMachineLogEntryProto:903@client-138B7AB9D496
2024-05-03 18:50:28,936 [s1-server-thread1] DEBUG server.RaftServer$Division (RaftServerImpl.java:logAppendEntries(1505)) - s1@group-9EF6EF252B1E: appendEntries* reply s0<-s1#905:OK-t1,SUCCESS,nextIndex=196,followerCommit=194,matchIndex=195
2024-05-03 18:50:28,945 [HandlerDaemon-0] DEBUG server.RaftServer$Division (RaftServerImpl.java:logAppendEntries(1505)) - s2@group-9EF6EF252B1E: appendEntries* s0->s2#906-t1,previous=(t:1, i:195),leaderCommit=195,initializing? false,entries: size=1, first=(t:1, i:196), METADATAENTRY(c:195)
2024-05-03 18:50:28,946 [s2-server-thread1] DEBUG server.RaftServer$Division (RaftServerImpl.java:logAppendEntries(1505)) - s2@group-9EF6EF252B1E: appendEntries* reply s0<-s2#906:OK-t1,SUCCESS,nextIndex=197,followerCommit=195,matchIndex=196
2024-05-03 18:50:28,948 [HandlerDaemon-1] DEBUG server.RaftServer$Division (RaftServerImpl.java:logAppendEntries(1505)) - s1@group-9EF6EF252B1E: appendEntries* s0->s1#907-t1,previous=(t:1, i:195),leaderCommit=195,initializing? false,entries: size=1, first=(t:1, i:196), METADATAENTRY(c:195)
2024-05-03 18:50:28,948 [s1-server-thread1] DEBUG server.RaftServer$Division (RaftServerImpl.java:logAppendEntries(1505)) - s1@group-9EF6EF252B1E: appendEntries* reply s0<-s1#907:OK-t1,SUCCESS,nextIndex=197,followerCommit=195,matchIndex=196
2024-05-03 18:50:28,962 [main] DEBUG client.RaftClient (RaftClientImpl.java:add(146)) - client-138B7AB9D496: add replied callId 903
2024-05-03 18:50:28,962 [main] DEBUG client.RaftClient (RaftClientImpl.java:get(158)) - client-138B7AB9D496: get 908 returns [903]
2024-05-03 18:50:28,962 [main] DEBUG client.RaftClient (RaftClientImpl.java:newRequest(95)) - attempt #1, newRequest RaftClientRequest:client-138B7AB9D496->s0@group-9EF6EF252B1E, cid=908, seq=null, RW, m98
2024-05-03 18:50:28,962 [s0-client-thread1] DEBUG server.RaftServer$Division (RaftServerImpl.java:submitClientRequestAsync(889)) - s0@group-9EF6EF252B1E: receive client request(RaftClientRequest:client-138B7AB9D496->s0@group-9EF6EF252B1E, cid=908, seq=null, RW, m98)
2024-05-03 18:50:28,962 [s0-client-thread1] DEBUG server.RaftServer$Division (LeaderStateImpl.java:addPendingRequest(530)) - s0@group-9EF6EF252B1E-LeaderStateImpl: addPendingRequest at RaftClientRequest:client-138B7AB9D496->s0@group-9EF6EF252B1E, cid=908, seq=null, RW, m98, entry=(t:1, i:197), STATEMACHINELOGENTRY, WRITE: logData.size=3, stateMachineData.size=0, logEntryProtoSerializedSize=0
2024-05-03 18:50:28,962 [HandlerDaemon-2] DEBUG server.RaftServer$Division (RaftServerImpl.java:logAppendEntries(1505)) - s1@group-9EF6EF252B1E: appendEntries* s0->s1#910-t1,previous=(t:1, i:196),leaderCommit=196,initializing? false,entries: size=1, first=(t:1, i:197), STATEMACHINELOGENTRY, StateMachineLogEntryProto:908@client-138B7AB9D496
2024-05-03 18:50:28,962 [HandlerDaemon-1] DEBUG server.RaftServer$Division (RaftServerImpl.java:logAppendEntries(1505)) - s2@group-9EF6EF252B1E: appendEntries* s0->s2#909-t1,previous=(t:1, i:196),leaderCommit=196,initializing? false,entries: size=1, first=(t:1, i:197), STATEMACHINELOGENTRY, StateMachineLogEntryProto:908@client-138B7AB9D496
2024-05-03 18:50:28,962 [s1-server-thread1] DEBUG server.RaftServer$Division (RaftServerImpl.java:logAppendEntries(1505)) - s1@group-9EF6EF252B1E: appendEntries* reply s0<-s1#910:OK-t1,SUCCESS,nextIndex=198,followerCommit=196,matchIndex=197
2024-05-03 18:50:28,962 [s2-server-thread1] DEBUG server.RaftServer$Division (RaftServerImpl.java:logAppendEntries(1505)) - s2@group-9EF6EF252B1E: appendEntries* reply s0<-s2#909:OK-t1,SUCCESS,nextIndex=198,followerCommit=196,matchIndex=197
2024-05-03 18:50:28,973 [HandlerDaemon-2] DEBUG server.RaftServer$Division (RaftServerImpl.java:logAppendEntries(1505)) - s2@group-9EF6EF252B1E: appendEntries* s0->s2#911-t1,previous=(t:1, i:197),leaderCommit=197,initializing? false,entries: size=1, first=(t:1, i:198), METADATAENTRY(c:197)
2024-05-03 18:50:28,973 [s2-server-thread1] DEBUG server.RaftServer$Division (RaftServerImpl.java:logAppendEntries(1505)) - s2@group-9EF6EF252B1E: appendEntries* reply s0<-s2#911:OK-t1,SUCCESS,nextIndex=199,followerCommit=197,matchIndex=198
2024-05-03 18:50:28,977 [HandlerDaemon-0] DEBUG server.RaftServer$Division (RaftServerImpl.java:logAppendEntries(1505)) - s1@group-9EF6EF252B1E: appendEntries* s0->s1#912-t1,previous=(t:1, i:197),leaderCommit=197,initializing? false,entries: size=1, first=(t:1, i:198), METADATAENTRY(c:197)
2024-05-03 18:50:28,977 [s1-server-thread1] DEBUG server.RaftServer$Division (RaftServerImpl.java:logAppendEntries(1505)) - s1@group-9EF6EF252B1E: appendEntries* reply s0<-s1#912:OK-t1,SUCCESS,nextIndex=199,followerCommit=197,matchIndex=198
2024-05-03 18:50:28,986 [main] DEBUG client.RaftClient (RaftClientImpl.java:add(146)) - client-138B7AB9D496: add replied callId 908
2024-05-03 18:50:28,986 [main] DEBUG client.RaftClient (RaftClientImpl.java:get(158)) - client-138B7AB9D496: get 913 returns [908]
2024-05-03 18:50:28,986 [main] DEBUG client.RaftClient (RaftClientImpl.java:newRequest(95)) - attempt #1, newRequest RaftClientRequest:client-138B7AB9D496->s0@group-9EF6EF252B1E, cid=913, seq=null, RW, m99
2024-05-03 18:50:28,986 [s0-client-thread1] DEBUG server.RaftServer$Division (RaftServerImpl.java:submitClientRequestAsync(889)) - s0@group-9EF6EF252B1E: receive client request(RaftClientRequest:client-138B7AB9D496->s0@group-9EF6EF252B1E, cid=913, seq=null, RW, m99)
2024-05-03 18:50:28,986 [s0-client-thread1] DEBUG server.RaftServer$Division (LeaderStateImpl.java:addPendingRequest(530)) - s0@group-9EF6EF252B1E-LeaderStateImpl: addPendingRequest at RaftClientRequest:client-138B7AB9D496->s0@group-9EF6EF252B1E, cid=913, seq=null, RW, m99, entry=(t:1, i:199), STATEMACHINELOGENTRY, WRITE: logData.size=3, stateMachineData.size=0, logEntryProtoSerializedSize=0
2024-05-03 18:50:28,988 [HandlerDaemon-0] DEBUG server.RaftServer$Division (RaftServerImpl.java:logAppendEntries(1505)) - s2@group-9EF6EF252B1E: appendEntries* s0->s2#914-t1,previous=(t:1, i:198),leaderCommit=198,initializing? false,entries: size=1, first=(t:1, i:199), STATEMACHINELOGENTRY, StateMachineLogEntryProto:913@client-138B7AB9D496
2024-05-03 18:50:28,988 [s2-server-thread1] DEBUG server.RaftServer$Division (RaftServerImpl.java:logAppendEntries(1505)) - s2@group-9EF6EF252B1E: appendEntries* reply s0<-s2#914:OK-t1,SUCCESS,nextIndex=200,followerCommit=198,matchIndex=199
2024-05-03 18:50:28,992 [HandlerDaemon-1] DEBUG server.RaftServer$Division (RaftServerImpl.java:logAppendEntries(1505)) - s1@group-9EF6EF252B1E: appendEntries* s0->s1#915-t1,previous=(t:1, i:198),leaderCommit=198,initializing? false,entries: size=1, first=(t:1, i:199), STATEMACHINELOGENTRY, StateMachineLogEntryProto:913@client-138B7AB9D496
2024-05-03 18:50:28,992 [s1-server-thread1] DEBUG server.RaftServer$Division (RaftServerImpl.java:logAppendEntries(1505)) - s1@group-9EF6EF252B1E: appendEntries* reply s0<-s1#915:OK-t1,SUCCESS,nextIndex=200,followerCommit=198,matchIndex=199
2024-05-03 18:50:29,002 [HandlerDaemon-1] DEBUG server.RaftServer$Division (RaftServerImpl.java:logAppendEntries(1505)) - s2@group-9EF6EF252B1E: appendEntries* s0->s2#916-t1,previous=(t:1, i:199),leaderCommit=199,initializing? false,entries: size=1, first=(t:1, i:200), METADATAENTRY(c:199)
2024-05-03 18:50:29,002 [s2-server-thread1] DEBUG server.RaftServer$Division (RaftServerImpl.java:logAppendEntries(1505)) - s2@group-9EF6EF252B1E: appendEntries* reply s0<-s2#916:OK-t1,SUCCESS,nextIndex=201,followerCommit=199,matchIndex=200
2024-05-03 18:50:29,010 [HandlerDaemon-2] DEBUG server.RaftServer$Division (RaftServerImpl.java:logAppendEntries(1505)) - s1@group-9EF6EF252B1E: appendEntries* s0->s1#917-t1,previous=(t:1, i:199),leaderCommit=199,initializing? false,entries: size=1, first=(t:1, i:200), METADATAENTRY(c:199)
2024-05-03 18:50:29,010 [s1-server-thread1] DEBUG server.RaftServer$Division (RaftServerImpl.java:logAppendEntries(1505)) - s1@group-9EF6EF252B1E: appendEntries* reply s0<-s1#917:OK-t1,SUCCESS,nextIndex=201,followerCommit=199,matchIndex=200
2024-05-03 18:50:29,012 [main] DEBUG client.RaftClient (RaftClientImpl.java:add(146)) - client-138B7AB9D496: add replied callId 913
2024-05-03 18:50:29,012 [main] DEBUG client.RaftClient (RaftClientImpl.java:close(465)) - close client-138B7AB9D496
2024-05-03 18:50:29,012 [main] INFO  server.RaftServerConfigKeys (ConfUtils.java:logGet(46)) - raft.server.rpc.timeout.max = 300ms (default)
2024-05-03 18:50:29,415 [main] INFO  impl.MiniRaftCluster (MiniRaftCluster.java:shutdown(833)) - ************************************************************** 
2024-05-03 18:50:29,415 [main] INFO  impl.MiniRaftCluster (MiniRaftCluster.java:shutdown(834)) - *** 
2024-05-03 18:50:29,415 [main] INFO  impl.MiniRaftCluster (MiniRaftCluster.java:shutdown(835)) - ***     Stopping MiniRaftClusterWithSimulatedRpc
2024-05-03 18:50:29,416 [main] INFO  impl.MiniRaftCluster (MiniRaftCluster.java:shutdown(836)) - *** 
2024-05-03 18:50:29,416 [main] INFO  impl.MiniRaftCluster (MiniRaftCluster.java:shutdown(837)) - ************************************************************** 
2024-05-03 18:50:29,416 [main] INFO  impl.MiniRaftCluster (MiniRaftCluster.java:shutdown(838)) - printing ALL groups
  s0:  RUNNING    LEADER s0@group-9EF6EF252B1E:t1, leader=s0, voted=s0, raftlog=Memoized:s0@group-9EF6EF252B1E-MemoryRaftLog:OPENED:c200:last(t:1, i:200), conf=conf: {index: 0, cur=peers:[s0|localhost:15012, s1|localhost:15016, s2|localhost:15020]|listeners:[], old=null} RUNNING
  s1:  RUNNING  FOLLOWER s1@group-9EF6EF252B1E:t1, leader=s0, voted=s0, raftlog=Memoized:s1@group-9EF6EF252B1E-MemoryRaftLog:OPENED:c200:last(t:1, i:200), conf=conf: {index: 0, cur=peers:[s0|localhost:15012, s1|localhost:15016, s2|localhost:15020]|listeners:[], old=null} RUNNING
  s2:  RUNNING  FOLLOWER s2@group-9EF6EF252B1E:t1, leader=s0, voted=s0, raftlog=Memoized:s2@group-9EF6EF252B1E-MemoryRaftLog:OPENED:c200:last(t:1, i:200), conf=conf: {index: 0, cur=peers:[s0|localhost:15012, s1|localhost:15016, s2|localhost:15020]|listeners:[], old=null} RUNNING
2024-05-03 18:50:29,417 [MiniRaftCluster-4] INFO  server.RaftServer (RaftServerProxy.java:lambda$close$9(417)) - s0: close
2024-05-03 18:50:29,417 [MiniRaftCluster-5] INFO  server.RaftServer (RaftServerProxy.java:lambda$close$9(417)) - s1: close
2024-05-03 18:50:29,418 [HandlerDaemon-2] INFO  simulation.RequestHandler (RequestHandler.java:run(127)) - s0.clientHandler2 is interrupted by java.io.InterruptedIOException: 
2024-05-03 18:50:29,418 [MiniRaftCluster-6] INFO  server.RaftServer (RaftServerProxy.java:lambda$close$9(417)) - s2: close
2024-05-03 18:50:29,418 [HandlerDaemon-1] INFO  simulation.RequestHandler (RequestHandler.java:run(127)) - s0.clientHandler1 is interrupted by java.io.InterruptedIOException: 
2024-05-03 18:50:29,418 [HandlerDaemon-0] INFO  simulation.RequestHandler (RequestHandler.java:run(127)) - s0.clientHandler0 is interrupted by java.io.InterruptedIOException: 
2024-05-03 18:50:29,417 [s0-impl-thread1] INFO  server.RaftServer$Division (RaftServerImpl.java:lambda$close$1(501)) - s0@group-9EF6EF252B1E: shutdown
2024-05-03 18:50:29,419 [s2-impl-thread1] INFO  server.RaftServer$Division (RaftServerImpl.java:lambda$close$1(501)) - s2@group-9EF6EF252B1E: shutdown
2024-05-03 18:50:29,419 [s0-impl-thread1] INFO  util.JmxRegister (JmxRegister.java:unregister(74)) - Successfully un-registered JMX Bean with object name Ratis:service=RaftServer,group=group-9EF6EF252B1E,id=s0
2024-05-03 18:50:29,419 [HandlerDaemon-0] INFO  simulation.RequestHandler (RequestHandler.java:run(127)) - s1.clientHandler0 is interrupted by java.io.InterruptedIOException: 
2024-05-03 18:50:29,419 [s1-impl-thread1] INFO  server.RaftServer$Division (RaftServerImpl.java:lambda$close$1(501)) - s1@group-9EF6EF252B1E: shutdown
2024-05-03 18:50:29,420 [HandlerDaemon-2] INFO  simulation.RequestHandler (RequestHandler.java:run(127)) - s0.serverHandler2 is interrupted by java.io.InterruptedIOException: 
2024-05-03 18:50:29,420 [s1-impl-thread1] INFO  util.JmxRegister (JmxRegister.java:unregister(74)) - Successfully un-registered JMX Bean with object name Ratis:service=RaftServer,group=group-9EF6EF252B1E,id=s1
2024-05-03 18:50:29,420 [s1-impl-thread1] INFO  impl.RoleInfo (RoleInfo.java:shutdownFollowerState(119)) - s1: shutdown s1@group-9EF6EF252B1E-FollowerState
2024-05-03 18:50:29,420 [HandlerDaemon-2] INFO  simulation.RequestHandler (RequestHandler.java:run(127)) - s1.clientHandler2 is interrupted by java.io.InterruptedIOException: 
2024-05-03 18:50:29,420 [HandlerDaemon-1] INFO  simulation.RequestHandler (RequestHandler.java:run(127)) - s1.clientHandler1 is interrupted by java.io.InterruptedIOException: 
2024-05-03 18:50:29,421 [HandlerDaemon-1] INFO  simulation.RequestHandler (RequestHandler.java:run(127)) - s2.clientHandler1 is interrupted by java.io.InterruptedIOException: 
2024-05-03 18:50:29,420 [HandlerDaemon-1] INFO  simulation.RequestHandler (RequestHandler.java:run(127)) - s0.serverHandler1 is interrupted by java.io.InterruptedIOException: 
2024-05-03 18:50:29,420 [HandlerDaemon-0] INFO  simulation.RequestHandler (RequestHandler.java:run(127)) - s0.serverHandler0 is interrupted by java.io.InterruptedIOException: 
2024-05-03 18:50:29,419 [s0-impl-thread1] INFO  impl.RoleInfo (RoleInfo.java:shutdownLeaderState(103)) - s0: shutdown s0@group-9EF6EF252B1E-LeaderStateImpl
2024-05-03 18:50:29,421 [s0-impl-thread1] INFO  impl.PendingRequests (PendingRequests.java:sendNotLeaderResponses(287)) - s0@group-9EF6EF252B1E-PendingRequests: sendNotLeaderResponses
2024-05-03 18:50:29,419 [s2-impl-thread1] INFO  util.JmxRegister (JmxRegister.java:unregister(74)) - Successfully un-registered JMX Bean with object name Ratis:service=RaftServer,group=group-9EF6EF252B1E,id=s2
2024-05-03 18:50:29,421 [s2-impl-thread1] INFO  impl.RoleInfo (RoleInfo.java:shutdownFollowerState(119)) - s2: shutdown s2@group-9EF6EF252B1E-FollowerState
2024-05-03 18:50:29,421 [HandlerDaemon-0] INFO  simulation.RequestHandler (RequestHandler.java:run(127)) - s1.serverHandler0 is interrupted by java.io.InterruptedIOException: 
2024-05-03 18:50:29,422 [s2-impl-thread1] INFO  impl.StateMachineUpdater (StateMachineUpdater.java:stopAndJoin(164)) - s2@group-9EF6EF252B1E-StateMachineUpdater: set stopIndex = 200
2024-05-03 18:50:29,422 [s2@group-9EF6EF252B1E-StateMachineUpdater] INFO  impl.StateMachineUpdater (StateMachineUpdater.java:stop(141)) - s2@group-9EF6EF252B1E-StateMachineUpdater: closing SMTransactionContext, lastApplied=(t:1, i:200)
2024-05-03 18:50:29,421 [s1@group-9EF6EF252B1E-FollowerState] INFO  impl.FollowerState (FollowerState.java:run(153)) - s1@group-9EF6EF252B1E-FollowerState was interrupted
2024-05-03 18:50:29,421 [HandlerDaemon-2] INFO  simulation.RequestHandler (RequestHandler.java:run(127)) - s2.clientHandler2 is interrupted by java.io.InterruptedIOException: 
2024-05-03 18:50:29,420 [HandlerDaemon-0] INFO  simulation.RequestHandler (RequestHandler.java:run(127)) - s2.clientHandler0 is interrupted by java.io.InterruptedIOException: 
2024-05-03 18:50:29,422 [s2@group-9EF6EF252B1E-FollowerState] INFO  impl.FollowerState (FollowerState.java:run(153)) - s2@group-9EF6EF252B1E-FollowerState was interrupted
2024-05-03 18:50:29,420 [s1@group-9EF6EF252B1E-StateMachineUpdater] INFO  impl.StateMachineUpdater (StateMachineUpdater.java:stop(141)) - s1@group-9EF6EF252B1E-StateMachineUpdater: closing SMTransactionContext, lastApplied=(t:1, i:200)
2024-05-03 18:50:29,420 [s1-impl-thread1] INFO  impl.StateMachineUpdater (StateMachineUpdater.java:stopAndJoin(164)) - s1@group-9EF6EF252B1E-StateMachineUpdater: set stopIndex = 200
2024-05-03 18:50:29,422 [HandlerDaemon-1] INFO  simulation.RequestHandler (RequestHandler.java:run(127)) - s1.serverHandler1 is interrupted by java.io.InterruptedIOException: 
2024-05-03 18:50:29,422 [HandlerDaemon-2] INFO  simulation.RequestHandler (RequestHandler.java:run(127)) - s1.serverHandler2 is interrupted by java.io.InterruptedIOException: 
2024-05-03 18:50:29,421 [s0@group-9EF6EF252B1E->s1-LogAppenderDefault-LogAppenderDaemon] INFO  leader.LogAppenderDaemon (LogAppenderDaemon.java:run(85)) - s0@group-9EF6EF252B1E->s1-LogAppenderDefault-LogAppenderDaemon was interrupted: java.lang.InterruptedException
2024-05-03 18:50:29,422 [s0@group-9EF6EF252B1E->s2-LogAppenderDefault-LogAppenderDaemon] INFO  leader.LogAppenderDaemon (LogAppenderDaemon.java:run(85)) - s0@group-9EF6EF252B1E->s2-LogAppenderDefault-LogAppenderDaemon was interrupted: java.lang.InterruptedException
2024-05-03 18:50:29,425 [HandlerDaemon-2] INFO  simulation.RequestHandler (RequestHandler.java:run(127)) - s2.serverHandler2 is interrupted by java.io.InterruptedIOException: 
2024-05-03 18:50:29,425 [HandlerDaemon-1] INFO  simulation.RequestHandler (RequestHandler.java:run(127)) - s2.serverHandler1 is interrupted by java.io.InterruptedIOException: 
2024-05-03 18:50:29,425 [HandlerDaemon-0] INFO  simulation.RequestHandler (RequestHandler.java:run(127)) - s2.serverHandler0 is interrupted by java.io.InterruptedIOException: 
2024-05-03 18:50:29,428 [JvmPauseMonitor5] INFO  util.JvmPauseMonitor (JvmPauseMonitor.java:run(152)) - JvmPauseMonitor-s2: Stopped
2024-05-03 18:50:29,428 [s0-impl-thread1] INFO  impl.StateMachineUpdater (StateMachineUpdater.java:stopAndJoin(164)) - s0@group-9EF6EF252B1E-StateMachineUpdater: set stopIndex = 200
2024-05-03 18:50:29,428 [s0@group-9EF6EF252B1E-StateMachineUpdater] INFO  impl.StateMachineUpdater (StateMachineUpdater.java:stop(141)) - s0@group-9EF6EF252B1E-StateMachineUpdater: closing SMTransactionContext, lastApplied=(t:1, i:200)
2024-05-03 18:50:29,429 [JvmPauseMonitor4] INFO  util.JvmPauseMonitor (JvmPauseMonitor.java:run(152)) - JvmPauseMonitor-s1: Stopped
2024-05-03 18:50:29,429 [JvmPauseMonitor3] INFO  util.JvmPauseMonitor (JvmPauseMonitor.java:run(152)) - JvmPauseMonitor-s0: Stopped
2024-05-03 18:50:29,429 [main] INFO  impl.MiniRaftCluster (MiniRaftCluster.java:shutdown(857)) - MiniRaftClusterWithSimulatedRpc shutdown completed
2024-05-03 18:50:29,430 [main] INFO  ratis.RaftTestUtil (RaftTestUtil.java:gc(578)) - gc 0
]]></system-out>
  </testcase>
  <testcase name="testStateMachineRegistry" classname="org.apache.ratis.statemachine.TestStateMachine" time="1.173">
    <system-out><![CDATA[2024-05-03 18:50:29,576 [main] INFO  util.LogUtils (Slf4jUtils.java:setLogLevel(38)) - Successfully set org.apache.ratis.conf.ConfUtils log level to WARN
2024-05-03 18:50:29,576 [main] INFO  util.LogUtils (Slf4jUtils.java:setLogLevel(38)) - Successfully set org.apache.ratis.util.FileUtils log level to TRACE
2024-05-03 18:50:29,578 [main] INFO  server.RaftServerConfigKeys (ConfUtils.java:logGet(46)) - raft.server.log.segment.size.max = 32MB (=33554432) (default)
2024-05-03 18:50:29,578 [main] INFO  server.RaftServerConfigKeys (ConfUtils.java:logGet(46)) - raft.server.log.preallocated.size = 4MB (=4194304) (default)
2024-05-03 18:50:29,579 [main] INFO  server.RaftServerConfigKeys (ConfUtils.java:logGet(46)) - raft.server.log.write.buffer.size = 8MB (=8388608) (default)
2024-05-03 18:50:29,579 [main] INFO  server.RaftServerConfigKeys (ConfUtils.java:logGet(46)) - raft.server.log.segment.size.max = 32MB (=33554432) (default)
2024-05-03 18:50:29,579 [main] INFO  server.RaftServerConfigKeys (ConfUtils.java:logGet(46)) - raft.server.log.preallocated.size = 4MB (=4194304) (default)
2024-05-03 18:50:29,579 [main] INFO  server.RaftServerConfigKeys (ConfUtils.java:logGet(46)) - raft.server.log.write.buffer.size = 8MB (=8388608) (default)
2024-05-03 18:50:29,580 [main] INFO  simulation.MiniRaftClusterWithSimulatedRpc (ConfUtils.java:logGet(46)) - org.apache.ratis.server.simulation.SimulatedRequestReply.simulateLatencyMs = 0 (custom)
2024-05-03 18:50:29,580 [main] INFO  impl.MiniRaftCluster (MiniRaftCluster.java:<init>(306)) - new MiniRaftClusterWithSimulatedRpc with group-4B7494B1A582:[]
2024-05-03 18:50:29,580 [main] INFO  impl.MiniRaftCluster (MiniRaftCluster.java:newRaftServer(382)) - newRaftServer: s0, null, format? true
2024-05-03 18:50:29,581 [main] TRACE util.FileUtils (FileUtils.java:deleteFully(305)) - deleteFully target/test/data/14253bed/MiniRaftClusterWithSimulatedRpc8b629460/s0
2024-05-03 18:50:29,581 [main] TRACE util.FileUtils (FileUtils.java:deleteFully(318)) - deleteFully: target/test/data/14253bed/MiniRaftClusterWithSimulatedRpc8b629460/s0 does not exist.
2024-05-03 18:50:29,581 [main] INFO  impl.MiniRaftCluster (MiniRaftCluster.java:newRaftServer(387)) - Formatted directory target/test/data/14253bed/MiniRaftClusterWithSimulatedRpc8b629460/s0
2024-05-03 18:50:29,581 [main] INFO  server.RaftServer (ConfUtils.java:logGet(46)) - raft.rpc.type = org.apache.ratis.server.simulation.SimulatedRpc (custom)
2024-05-03 18:50:29,581 [main] INFO  impl.DataStreamServerImpl (ConfUtils.java:logGet(46)) - raft.datastream.type = DISABLED (default)
2024-05-03 18:50:29,582 [main] INFO  server.RaftServerConfigKeys (ConfUtils.java:logGet(46)) - raft.server.sleep.deviation.threshold = 300ms (default)
2024-05-03 18:50:29,582 [main] INFO  server.RaftServerConfigKeys (ConfUtils.java:logGet(46)) - raft.server.close.threshold = 60s (default)
2024-05-03 18:50:29,582 [main] INFO  server.RaftServerConfigKeys (ConfUtils.java:logGet(46)) - raft.server.leaderelection.leader.step-down.wait-time = 10s (default)
2024-05-03 18:50:29,582 [main] INFO  server.RaftServerConfigKeys (ConfUtils.java:logGet(46)) - raft.server.storage.dir = [/home/runner/work/ratis/ratis/ratis-test/target/test/data/14253bed/MiniRaftClusterWithSimulatedRpc8b629460/s0] (custom)
2024-05-03 18:50:29,582 [main] INFO  server.RaftServerConfigKeys (ConfUtils.java:logGet(46)) - raft.server.threadpool.proxy.cached = true (default)
2024-05-03 18:50:29,582 [main] INFO  server.RaftServerConfigKeys (ConfUtils.java:logGet(46)) - raft.server.threadpool.proxy.size = 0 (default)
2024-05-03 18:50:29,583 [main] INFO  impl.MiniRaftCluster (MiniRaftCluster.java:start(339)) - .............................................................. 
2024-05-03 18:50:29,583 [main] INFO  impl.MiniRaftCluster (MiniRaftCluster.java:start(340)) - ... 
2024-05-03 18:50:29,583 [main] INFO  impl.MiniRaftCluster (MiniRaftCluster.java:start(341)) - ...     Starting MiniRaftClusterWithSimulatedRpc
2024-05-03 18:50:29,583 [main] INFO  impl.MiniRaftCluster (MiniRaftCluster.java:start(342)) - ... 
2024-05-03 18:50:29,583 [main] INFO  impl.MiniRaftCluster (MiniRaftCluster.java:start(343)) - .............................................................. 
2024-05-03 18:50:29,584 [main] INFO  impl.MiniRaftCluster (MiniRaftCluster.java:initServers(318)) - servers = {s0=s0:      NEW <EMPTY>}
2024-05-03 18:50:29,584 [main] INFO  server.RaftServer (RaftServerProxy.java:startImpl(407)) - s0: start RPC server
2024-05-03 18:50:29,584 [JvmPauseMonitor6] INFO  util.JvmPauseMonitor (JvmPauseMonitor.java:run(146)) - JvmPauseMonitor-s0: Started
2024-05-03 18:50:29,585 [main] INFO  statemachine.TestStateMachine (TestStateMachine.java:testStateMachineRegistry(190)) - add new group: group-06DE814708FF:[s0]
2024-05-03 18:50:29,585 [main] DEBUG client.RaftClient (ConfUtils.java:logGet(46)) - raft.rpc.type = org.apache.ratis.server.simulation.SimulatedRpc (custom)
2024-05-03 18:50:29,587 [main] DEBUG client.RaftClient (RaftClientImpl.java:newRequest(95)) - attempt #1, newRequest GroupManagementRequest:client-ABC8A371B94B->s0@group-06DE814708FF, cid=934, seq=null, RW, null, Add:group-06DE814708FF:[s0]
2024-05-03 18:50:29,588 [HandlerDaemon-0] INFO  server.RaftServer (RaftServerProxy.java:addNew(101)) - s0: addNew group-06DE814708FF:[s0] returns group-06DE814708FF:java.util.concurrent.CompletableFuture@6a4ed7be[Not completed]
2024-05-03 18:50:29,588 [s0-groupManagement] INFO  server.RaftServer$Division (RaftServerImpl.java:<init>(253)) - s0: new RaftServerImpl for group-06DE814708FF:[s0] with SimpleStateMachine4Testing:uninitialized
2024-05-03 18:50:29,588 [s0-groupManagement] INFO  server.RaftServerConfigKeys (ConfUtils.java:logGet(46)) - raft.server.rpc.timeout.min = 150ms (default)
2024-05-03 18:50:29,588 [s0-groupManagement] INFO  server.RaftServerConfigKeys (ConfUtils.java:logGet(46)) - raft.server.rpc.timeout.max = 300ms (default)
2024-05-03 18:50:29,588 [s0-groupManagement] INFO  server.RaftServerConfigKeys (ConfUtils.java:logGet(46)) - raft.server.rpc.sleep.time = 25ms (default)
2024-05-03 18:50:29,588 [s0-groupManagement] INFO  server.RaftServerConfigKeys (ConfUtils.java:logGet(46)) - raft.server.rpc.slowness.timeout = 60s (default)
2024-05-03 18:50:29,588 [s0-groupManagement] INFO  server.RaftServerConfigKeys (ConfUtils.java:logGet(46)) - raft.server.leaderelection.leader.step-down.wait-time = 10s (default)
2024-05-03 18:50:29,588 [s0-groupManagement] INFO  server.RaftServerConfigKeys (ConfUtils.java:logGet(46)) - raft.server.leaderelection.member.majority-add = false (default)
2024-05-03 18:50:29,588 [s0-groupManagement] INFO  server.RaftServerConfigKeys (ConfUtils.java:logGet(46)) - raft.server.sleep.deviation.threshold = 300ms (default)
2024-05-03 18:50:29,588 [s0-groupManagement] INFO  server.RaftServer$Division (ServerState.java:<init>(114)) - s0@group-06DE814708FF: ConfigurationManager, init=conf: {index: -1, cur=peers:[s0]|listeners:[], old=null}, confs=<EMPTY_MAP>
2024-05-03 18:50:29,588 [s0-groupManagement] INFO  server.RaftServerConfigKeys (ConfUtils.java:logGet(46)) - raft.server.notification.no-leader.timeout = 60s (default)
2024-05-03 18:50:29,588 [s0-groupManagement] INFO  server.RaftServerConfigKeys (ConfUtils.java:logGet(46)) - raft.server.read.timeout = 10s (default)
2024-05-03 18:50:29,588 [s0-groupManagement] INFO  server.RaftServerConfigKeys (ConfUtils.java:logGet(46)) - raft.server.retrycache.expirytime = 60s (default)
2024-05-03 18:50:29,588 [s0-groupManagement] INFO  server.RaftServerConfigKeys (ConfUtils.java:logGet(46)) - raft.server.retrycache.statistics.expirytime = 100ms (default)
2024-05-03 18:50:29,589 [s0-groupManagement] INFO  server.RaftServerConfigKeys (ConfUtils.java:logGet(46)) - raft.server.read.option = DEFAULT (default)
2024-05-03 18:50:29,589 [s0-groupManagement] INFO  server.RaftServerConfigKeys (ConfUtils.java:logGet(46)) - raft.server.read.read-after-write-consistent.write-index-cache.expiry-time = 60s (default)
2024-05-03 18:50:29,590 [s0-groupManagement] INFO  server.RaftServerConfigKeys (ConfUtils.java:logGet(46)) - raft.server.rpc.request.timeout = 3000ms (default)
2024-05-03 18:50:29,590 [s0-groupManagement] INFO  server.RaftServerConfigKeys (ConfUtils.java:logGet(46)) - raft.server.log.appender.install.snapshot.enabled = true (default)
2024-05-03 18:50:29,591 [s0-groupManagement] INFO  server.RaftServerConfigKeys (ConfUtils.java:logGet(46)) - raft.server.threadpool.server.cached = true (default)
2024-05-03 18:50:29,591 [s0-groupManagement] INFO  server.RaftServerConfigKeys (ConfUtils.java:logGet(46)) - raft.server.threadpool.server.size = 0 (default)
2024-05-03 18:50:29,591 [s0-groupManagement] INFO  server.RaftServerConfigKeys (ConfUtils.java:logGet(46)) - raft.server.threadpool.client.cached = true (default)
2024-05-03 18:50:29,591 [s0-groupManagement] INFO  server.RaftServerConfigKeys (ConfUtils.java:logGet(46)) - raft.server.threadpool.client.size = 0 (default)
2024-05-03 18:50:29,591 [s0-groupManagement] INFO  server.RaftServerConfigKeys (ConfUtils.java:logGet(46)) - raft.server.storage.free-space.min = 0MB (=0) (default)
2024-05-03 18:50:29,591 [s0-groupManagement] INFO  server.RaftServerConfigKeys (ConfUtils.java:logGet(46)) - raft.server.log.corruption.policy = EXCEPTION (default)
2024-05-03 18:50:29,591 [s0-groupManagement] INFO  server.RaftServerConfigKeys (ConfUtils.java:logGet(46)) - raft.server.storage.dir = [/home/runner/work/ratis/ratis/ratis-test/target/test/data/14253bed/MiniRaftClusterWithSimulatedRpc8b629460/s0] (custom)
2024-05-03 18:50:29,591 [s0-groupManagement] INFO  storage.RaftStorageDirectory (RaftStorageDirectoryImpl.java:analyzeStorage(138)) - The storage directory /home/runner/work/ratis/ratis/ratis-test/target/test/data/14253bed/MiniRaftClusterWithSimulatedRpc8b629460/s0/c38670a5-33c4-4123-9ac1-06de814708ff does not exist. Creating ...
2024-05-03 18:50:29,591 [s0-groupManagement] TRACE util.FileUtils (LogUtils.java:runAndLog(49)) - Successfully ran Files.createDirectories /home/runner/work/ratis/ratis/ratis-test/target/test/data/14253bed/MiniRaftClusterWithSimulatedRpc8b629460/s0/c38670a5-33c4-4123-9ac1-06de814708ff
2024-05-03 18:50:29,592 [s0-groupManagement] INFO  storage.RaftStorageDirectory (RaftStorageDirectoryImpl.java:tryLock(229)) - Lock on /home/runner/work/ratis/ratis/ratis-test/target/test/data/14253bed/MiniRaftClusterWithSimulatedRpc8b629460/s0/c38670a5-33c4-4123-9ac1-06de814708ff/in_use.lock acquired by nodename 2940@fv-az1423-355
2024-05-03 18:50:29,592 [s0-groupManagement] TRACE util.FileUtils (LogUtils.java:runAndLog(49)) - Successfully ran Files.createDirectories /home/runner/work/ratis/ratis/ratis-test/target/test/data/14253bed/MiniRaftClusterWithSimulatedRpc8b629460/s0/c38670a5-33c4-4123-9ac1-06de814708ff/current
2024-05-03 18:50:29,592 [s0-groupManagement] TRACE util.FileUtils (LogUtils.java:runAndLog(49)) - Successfully ran Files.createDirectories /home/runner/work/ratis/ratis/ratis-test/target/test/data/14253bed/MiniRaftClusterWithSimulatedRpc8b629460/s0/c38670a5-33c4-4123-9ac1-06de814708ff/sm
2024-05-03 18:50:29,592 [s0-groupManagement] TRACE util.FileUtils (LogUtils.java:supplyAndLog(69)) - Successfully supplied FileChannel.open /home/runner/work/ratis/ratis/ratis-test/target/test/data/14253bed/MiniRaftClusterWithSimulatedRpc8b629460/s0/c38670a5-33c4-4123-9ac1-06de814708ff/current/raft-meta.tmp with options [CREATE, WRITE]: sun.nio.ch.FileChannelImpl@5308e970
2024-05-03 18:50:29,593 [s0-groupManagement] TRACE util.FileUtils (LogUtils.java:runAndLog(49)) - Successfully ran Atomic Files.move /home/runner/work/ratis/ratis/ratis-test/target/test/data/14253bed/MiniRaftClusterWithSimulatedRpc8b629460/s0/c38670a5-33c4-4123-9ac1-06de814708ff/current/raft-meta.tmp to /home/runner/work/ratis/ratis/ratis-test/target/test/data/14253bed/MiniRaftClusterWithSimulatedRpc8b629460/s0/c38670a5-33c4-4123-9ac1-06de814708ff/current/raft-meta with options [REPLACE_EXISTING]
2024-05-03 18:50:29,593 [s0-groupManagement] INFO  storage.RaftStorage (RaftStorageImpl.java:format(98)) - Storage directory /home/runner/work/ratis/ratis/ratis-test/target/test/data/14253bed/MiniRaftClusterWithSimulatedRpc8b629460/s0/c38670a5-33c4-4123-9ac1-06de814708ff has been successfully formatted.
2024-05-03 18:50:29,593 [s0-groupManagement] INFO  impl.SimpleStateMachine4Testing (SimpleStateMachine4Testing.java:initialize(216)) - Initializing SimpleStateMachine4Testing:uninitialized
2024-05-03 18:50:29,593 [s0-groupManagement] INFO  impl.SimpleStateMachine4Testing (SimpleStateMachine4Testing.java:loadSnapshot(301)) - Loading snapshot null
2024-05-03 18:50:29,593 [s0-groupManagement] INFO  server.RaftServerConfigKeys (ConfUtils.java:logGet(46)) - raft.server.log.use.memory = false (default)
2024-05-03 18:50:29,593 [s0-groupManagement] INFO  server.RaftServerConfigKeys (ConfUtils.java:logGet(46)) - raft.server.log.purge.gap = 1024 (default)
2024-05-03 18:50:29,593 [s0-groupManagement] INFO  server.RaftServerConfigKeys (ConfUtils.java:logGet(46)) - raft.server.log.appender.buffer.byte-limit = 4MB (=4194304) (default)
2024-05-03 18:50:29,593 [s0-groupManagement] INFO  server.RaftServerConfigKeys (ConfUtils.java:logGet(46)) - raft.server.log.statemachine.data.read.timeout = 1000ms (default)
2024-05-03 18:50:29,593 [s0-groupManagement] INFO  server.RaftServerConfigKeys (ConfUtils.java:logGet(46)) - raft.server.log.purge.preservation.log.num = 0 (default)
2024-05-03 18:50:29,594 [s0-groupManagement] INFO  server.RaftServerConfigKeys (ConfUtils.java:logGet(46)) - raft.server.log.segment.size.max = 32MB (=33554432) (default)
2024-05-03 18:50:29,594 [s0-groupManagement] INFO  server.RaftServerConfigKeys (ConfUtils.java:logGet(46)) - raft.server.log.segment.cache.num.max = 6 (default)
2024-05-03 18:50:29,594 [s0-groupManagement] INFO  server.RaftServerConfigKeys (ConfUtils.java:logGet(46)) - raft.server.log.segment.cache.size.max = 200MB (=209715200) (default)
2024-05-03 18:50:29,594 [s0-groupManagement] INFO  server.RaftServerConfigKeys (ConfUtils.java:logGet(46)) - raft.server.log.appender.buffer.byte-limit = 4MB (=4194304) (default)
2024-05-03 18:50:29,594 [s0-groupManagement] INFO  util.AwaitToRun (AwaitToRun.java:start(81)) - Thread[s0@group-06DE814708FF-cacheEviction-AwaitToRun,5,main] started
2024-05-03 18:50:29,594 [s0-groupManagement] INFO  segmented.SegmentedRaftLogWorker (SegmentedRaftLogWorker.java:<init>(184)) - new s0@group-06DE814708FF-SegmentedRaftLogWorker for RaftStorageImpl:Storage Directory /home/runner/work/ratis/ratis/ratis-test/target/test/data/14253bed/MiniRaftClusterWithSimulatedRpc8b629460/s0/c38670a5-33c4-4123-9ac1-06de814708ff
2024-05-03 18:50:29,594 [s0-groupManagement] INFO  server.RaftServerConfigKeys (ConfUtils.java:logGet(46)) - raft.server.log.queue.byte-limit = 64MB (=67108864) (default)
2024-05-03 18:50:29,594 [s0-groupManagement] INFO  server.RaftServerConfigKeys (ConfUtils.java:logGet(46)) - raft.server.log.queue.element-limit = 4096 (default)
2024-05-03 18:50:29,594 [s0-groupManagement] INFO  server.RaftServerConfigKeys (ConfUtils.java:logGet(46)) - raft.server.log.segment.size.max = 32MB (=33554432) (default)
2024-05-03 18:50:29,594 [s0-groupManagement] INFO  server.RaftServerConfigKeys (ConfUtils.java:logGet(46)) - raft.server.log.preallocated.size = 4MB (=4194304) (default)
2024-05-03 18:50:29,595 [s0-groupManagement] INFO  server.RaftServerConfigKeys (ConfUtils.java:logGet(46)) - raft.server.log.force.sync.num = 128 (default)
2024-05-03 18:50:29,595 [s0-groupManagement] INFO  server.RaftServerConfigKeys (ConfUtils.java:logGet(46)) - raft.server.log.statemachine.data.sync = true (default)
2024-05-03 18:50:29,595 [s0-groupManagement] INFO  server.RaftServerConfigKeys (ConfUtils.java:logGet(46)) - raft.server.log.statemachine.data.sync.timeout = 10s (default)
2024-05-03 18:50:29,595 [s0-groupManagement] INFO  server.RaftServerConfigKeys (ConfUtils.java:logGet(46)) - raft.server.log.statemachine.data.sync.timeout.retry = -1 (default)
2024-05-03 18:50:29,595 [s0-groupManagement] INFO  server.RaftServerConfigKeys (ConfUtils.java:logGet(46)) - raft.server.log.write.buffer.size = 8MB (=8388608) (default)
2024-05-03 18:50:29,596 [s0-groupManagement] INFO  server.RaftServerConfigKeys (ConfUtils.java:logGet(46)) - raft.server.log.appender.buffer.byte-limit = 4MB (=4194304) (default)
2024-05-03 18:50:29,596 [s0-groupManagement] INFO  server.RaftServerConfigKeys (ConfUtils.java:logGet(46)) - raft.server.log.unsafe-flush.enabled = false (default)
2024-05-03 18:50:29,596 [s0-groupManagement] INFO  server.RaftServerConfigKeys (ConfUtils.java:logGet(46)) - raft.server.log.async-flush.enabled = false (default)
2024-05-03 18:50:29,596 [s0-groupManagement] INFO  server.RaftServerConfigKeys (ConfUtils.java:logGet(46)) - raft.server.log.statemachine.data.caching.enabled = false (default)
2024-05-03 18:50:29,596 [s0-groupManagement] INFO  segmented.SegmentedRaftLogWorker (SegmentedRaftLogWorker.java:lambda$new$0(135)) - s0@group-06DE814708FF-SegmentedRaftLogWorker: flushIndex: setUnconditionally 0 -> -1
2024-05-03 18:50:29,596 [s0-groupManagement] INFO  segmented.SegmentedRaftLogWorker (SegmentedRaftLogWorker.java:lambda$new$0(135)) - s0@group-06DE814708FF-SegmentedRaftLogWorker: safeCacheEvictIndex: setUnconditionally 0 -> -1
2024-05-03 18:50:29,596 [s0-groupManagement] INFO  server.RaftServer$Division (RaftServerImpl.java:start(389)) - s0@group-06DE814708FF: start as a follower, conf=conf: {index: -1, cur=peers:[s0]|listeners:[], old=null}
2024-05-03 18:50:29,597 [s0-groupManagement] INFO  server.RaftServer$Division (RaftServerImpl.java:setRole(376)) - s0@group-06DE814708FF: changes role from      null to FOLLOWER at term 0 for startAsFollower
2024-05-03 18:50:29,597 [s0-groupManagement] INFO  impl.RoleInfo (RoleInfo.java:updateAndGet(148)) - s0: start s0@group-06DE814708FF-FollowerState
2024-05-03 18:50:29,597 [s0@group-06DE814708FF-FollowerState] INFO  server.RaftServerConfigKeys (ConfUtils.java:logFallback(53)) - raft.server.rpc.first-election.timeout.min = 150ms (fallback to raft.server.rpc.timeout.min)
2024-05-03 18:50:29,597 [s0@group-06DE814708FF-FollowerState] INFO  server.RaftServerConfigKeys (ConfUtils.java:logFallback(53)) - raft.server.rpc.first-election.timeout.max = 300ms (fallback to raft.server.rpc.timeout.max)
2024-05-03 18:50:29,597 [s0-groupManagement] INFO  util.JmxRegister (JmxRegister.java:tryRegister(44)) - Successfully registered JMX Bean with object name Ratis:service=RaftServer,group=group-06DE814708FF,id=s0
2024-05-03 18:50:29,597 [s0-groupManagement] INFO  util.JmxRegister (JmxRegister.java:register(58)) - register mxBean class org.apache.ratis.server.impl.RaftServerJmxAdapter as Ratis:service=RaftServer,group=group-06DE814708FF,id=s0
2024-05-03 18:50:29,597 [s0-groupManagement] INFO  server.RaftServerConfigKeys (ConfUtils.java:logGet(46)) - raft.server.snapshot.trigger-when-stop.enabled = true (default)
2024-05-03 18:50:29,597 [s0-groupManagement] INFO  server.RaftServerConfigKeys (ConfUtils.java:logGet(46)) - raft.server.snapshot.trigger-when-remove.enabled = true (default)
2024-05-03 18:50:29,597 [s0-groupManagement] INFO  server.RaftServerConfigKeys (ConfUtils.java:logGet(46)) - raft.server.snapshot.auto.trigger.enabled = false (default)
2024-05-03 18:50:29,597 [s0-groupManagement] INFO  server.RaftServerConfigKeys (ConfUtils.java:logGet(46)) - raft.server.snapshot.retention.file.num = -1 (default)
2024-05-03 18:50:29,597 [s0-groupManagement] INFO  server.RaftServerConfigKeys (ConfUtils.java:logGet(46)) - raft.server.log.purge.upto.snapshot.index = false (default)
2024-05-03 18:50:29,598 [main] DEBUG client.RaftClient (RaftClientImpl.java:close(465)) - close client-ABC8A371B94B
2024-05-03 18:50:29,598 [main] INFO  statemachine.TestStateMachine (TestStateMachine.java:testStateMachineRegistry(190)) - add new group: group-288A601C7064:[s0]
2024-05-03 18:50:29,599 [main] DEBUG client.RaftClient (ConfUtils.java:logGet(46)) - raft.rpc.type = org.apache.ratis.server.simulation.SimulatedRpc (custom)
2024-05-03 18:50:29,599 [main] DEBUG client.RaftClient (RaftClientImpl.java:newRequest(95)) - attempt #1, newRequest GroupManagementRequest:client-21DD290721E6->s0@group-288A601C7064, cid=935, seq=null, RW, null, Add:group-288A601C7064:[s0]
2024-05-03 18:50:29,599 [HandlerDaemon-1] INFO  server.RaftServer (RaftServerProxy.java:addNew(101)) - s0: addNew group-288A601C7064:[s0] returns group-288A601C7064:java.util.concurrent.CompletableFuture@3861136a[Not completed]
2024-05-03 18:50:29,599 [s0-groupManagement] INFO  server.RaftServer$Division (RaftServerImpl.java:<init>(253)) - s0: new RaftServerImpl for group-288A601C7064:[s0] with SMTransactionContext:uninitialized
2024-05-03 18:50:29,599 [s0-groupManagement] INFO  server.RaftServerConfigKeys (ConfUtils.java:logGet(46)) - raft.server.rpc.timeout.min = 150ms (default)
2024-05-03 18:50:29,599 [s0-groupManagement] INFO  server.RaftServerConfigKeys (ConfUtils.java:logGet(46)) - raft.server.rpc.timeout.max = 300ms (default)
2024-05-03 18:50:29,599 [s0-groupManagement] INFO  server.RaftServerConfigKeys (ConfUtils.java:logGet(46)) - raft.server.rpc.sleep.time = 25ms (default)
2024-05-03 18:50:29,599 [s0-groupManagement] INFO  server.RaftServerConfigKeys (ConfUtils.java:logGet(46)) - raft.server.rpc.slowness.timeout = 60s (default)
2024-05-03 18:50:29,599 [s0-groupManagement] INFO  server.RaftServerConfigKeys (ConfUtils.java:logGet(46)) - raft.server.leaderelection.leader.step-down.wait-time = 10s (default)
2024-05-03 18:50:29,599 [s0-groupManagement] INFO  server.RaftServerConfigKeys (ConfUtils.java:logGet(46)) - raft.server.leaderelection.member.majority-add = false (default)
2024-05-03 18:50:29,599 [s0-groupManagement] INFO  server.RaftServerConfigKeys (ConfUtils.java:logGet(46)) - raft.server.sleep.deviation.threshold = 300ms (default)
2024-05-03 18:50:29,599 [s0-groupManagement] INFO  server.RaftServer$Division (ServerState.java:<init>(114)) - s0@group-288A601C7064: ConfigurationManager, init=conf: {index: -1, cur=peers:[s0]|listeners:[], old=null}, confs=<EMPTY_MAP>
2024-05-03 18:50:29,599 [s0-groupManagement] INFO  server.RaftServerConfigKeys (ConfUtils.java:logGet(46)) - raft.server.notification.no-leader.timeout = 60s (default)
2024-05-03 18:50:29,599 [s0-groupManagement] INFO  server.RaftServerConfigKeys (ConfUtils.java:logGet(46)) - raft.server.read.timeout = 10s (default)
2024-05-03 18:50:29,599 [s0-groupManagement] INFO  server.RaftServerConfigKeys (ConfUtils.java:logGet(46)) - raft.server.retrycache.expirytime = 60s (default)
2024-05-03 18:50:29,599 [s0-groupManagement] INFO  server.RaftServerConfigKeys (ConfUtils.java:logGet(46)) - raft.server.retrycache.statistics.expirytime = 100ms (default)
2024-05-03 18:50:29,599 [s0-groupManagement] INFO  server.RaftServerConfigKeys (ConfUtils.java:logGet(46)) - raft.server.read.option = DEFAULT (default)
2024-05-03 18:50:29,599 [s0-groupManagement] INFO  server.RaftServerConfigKeys (ConfUtils.java:logGet(46)) - raft.server.read.read-after-write-consistent.write-index-cache.expiry-time = 60s (default)
2024-05-03 18:50:29,601 [s0-groupManagement] INFO  server.RaftServerConfigKeys (ConfUtils.java:logGet(46)) - raft.server.rpc.request.timeout = 3000ms (default)
2024-05-03 18:50:29,602 [s0-groupManagement] INFO  server.RaftServerConfigKeys (ConfUtils.java:logGet(46)) - raft.server.log.appender.install.snapshot.enabled = true (default)
2024-05-03 18:50:29,602 [s0-groupManagement] INFO  server.RaftServerConfigKeys (ConfUtils.java:logGet(46)) - raft.server.threadpool.server.cached = true (default)
2024-05-03 18:50:29,602 [s0-groupManagement] INFO  server.RaftServerConfigKeys (ConfUtils.java:logGet(46)) - raft.server.threadpool.server.size = 0 (default)
2024-05-03 18:50:29,602 [s0-groupManagement] INFO  server.RaftServerConfigKeys (ConfUtils.java:logGet(46)) - raft.server.threadpool.client.cached = true (default)
2024-05-03 18:50:29,602 [s0-groupManagement] INFO  server.RaftServerConfigKeys (ConfUtils.java:logGet(46)) - raft.server.threadpool.client.size = 0 (default)
2024-05-03 18:50:29,602 [s0-groupManagement] INFO  server.RaftServerConfigKeys (ConfUtils.java:logGet(46)) - raft.server.storage.free-space.min = 0MB (=0) (default)
2024-05-03 18:50:29,602 [s0-groupManagement] INFO  server.RaftServerConfigKeys (ConfUtils.java:logGet(46)) - raft.server.log.corruption.policy = EXCEPTION (default)
2024-05-03 18:50:29,602 [s0-groupManagement] INFO  server.RaftServerConfigKeys (ConfUtils.java:logGet(46)) - raft.server.storage.dir = [/home/runner/work/ratis/ratis/ratis-test/target/test/data/14253bed/MiniRaftClusterWithSimulatedRpc8b629460/s0] (custom)
2024-05-03 18:50:29,602 [s0-groupManagement] INFO  storage.RaftStorageDirectory (RaftStorageDirectoryImpl.java:analyzeStorage(138)) - The storage directory /home/runner/work/ratis/ratis/ratis-test/target/test/data/14253bed/MiniRaftClusterWithSimulatedRpc8b629460/s0/3fc61218-b280-4817-9718-288a601c7064 does not exist. Creating ...
2024-05-03 18:50:29,602 [s0-groupManagement] TRACE util.FileUtils (LogUtils.java:runAndLog(49)) - Successfully ran Files.createDirectories /home/runner/work/ratis/ratis/ratis-test/target/test/data/14253bed/MiniRaftClusterWithSimulatedRpc8b629460/s0/3fc61218-b280-4817-9718-288a601c7064
2024-05-03 18:50:29,603 [s0-groupManagement] INFO  storage.RaftStorageDirectory (RaftStorageDirectoryImpl.java:tryLock(229)) - Lock on /home/runner/work/ratis/ratis/ratis-test/target/test/data/14253bed/MiniRaftClusterWithSimulatedRpc8b629460/s0/3fc61218-b280-4817-9718-288a601c7064/in_use.lock acquired by nodename 2940@fv-az1423-355
2024-05-03 18:50:29,603 [s0-groupManagement] TRACE util.FileUtils (LogUtils.java:runAndLog(49)) - Successfully ran Files.createDirectories /home/runner/work/ratis/ratis/ratis-test/target/test/data/14253bed/MiniRaftClusterWithSimulatedRpc8b629460/s0/3fc61218-b280-4817-9718-288a601c7064/current
2024-05-03 18:50:29,603 [s0-groupManagement] TRACE util.FileUtils (LogUtils.java:runAndLog(49)) - Successfully ran Files.createDirectories /home/runner/work/ratis/ratis/ratis-test/target/test/data/14253bed/MiniRaftClusterWithSimulatedRpc8b629460/s0/3fc61218-b280-4817-9718-288a601c7064/sm
2024-05-03 18:50:29,603 [s0-groupManagement] TRACE util.FileUtils (LogUtils.java:supplyAndLog(69)) - Successfully supplied FileChannel.open /home/runner/work/ratis/ratis/ratis-test/target/test/data/14253bed/MiniRaftClusterWithSimulatedRpc8b629460/s0/3fc61218-b280-4817-9718-288a601c7064/current/raft-meta.tmp with options [CREATE, WRITE]: sun.nio.ch.FileChannelImpl@7099e98b
2024-05-03 18:50:29,604 [s0-groupManagement] TRACE util.FileUtils (LogUtils.java:runAndLog(49)) - Successfully ran Atomic Files.move /home/runner/work/ratis/ratis/ratis-test/target/test/data/14253bed/MiniRaftClusterWithSimulatedRpc8b629460/s0/3fc61218-b280-4817-9718-288a601c7064/current/raft-meta.tmp to /home/runner/work/ratis/ratis/ratis-test/target/test/data/14253bed/MiniRaftClusterWithSimulatedRpc8b629460/s0/3fc61218-b280-4817-9718-288a601c7064/current/raft-meta with options [REPLACE_EXISTING]
2024-05-03 18:50:29,604 [s0-groupManagement] INFO  storage.RaftStorage (RaftStorageImpl.java:format(98)) - Storage directory /home/runner/work/ratis/ratis/ratis-test/target/test/data/14253bed/MiniRaftClusterWithSimulatedRpc8b629460/s0/3fc61218-b280-4817-9718-288a601c7064 has been successfully formatted.
2024-05-03 18:50:29,605 [s0-groupManagement] INFO  impl.SimpleStateMachine4Testing (SimpleStateMachine4Testing.java:initialize(216)) - Initializing SMTransactionContext:uninitialized
2024-05-03 18:50:29,605 [s0-groupManagement] INFO  impl.SimpleStateMachine4Testing (SimpleStateMachine4Testing.java:loadSnapshot(301)) - Loading snapshot null
2024-05-03 18:50:29,605 [s0-groupManagement] INFO  server.RaftServerConfigKeys (ConfUtils.java:logGet(46)) - raft.server.log.use.memory = false (default)
2024-05-03 18:50:29,605 [s0-groupManagement] INFO  server.RaftServerConfigKeys (ConfUtils.java:logGet(46)) - raft.server.log.purge.gap = 1024 (default)
2024-05-03 18:50:29,605 [s0-groupManagement] INFO  server.RaftServerConfigKeys (ConfUtils.java:logGet(46)) - raft.server.log.appender.buffer.byte-limit = 4MB (=4194304) (default)
2024-05-03 18:50:29,605 [s0-groupManagement] INFO  server.RaftServerConfigKeys (ConfUtils.java:logGet(46)) - raft.server.log.statemachine.data.read.timeout = 1000ms (default)
2024-05-03 18:50:29,605 [s0-groupManagement] INFO  server.RaftServerConfigKeys (ConfUtils.java:logGet(46)) - raft.server.log.purge.preservation.log.num = 0 (default)
2024-05-03 18:50:29,606 [s0-groupManagement] INFO  server.RaftServerConfigKeys (ConfUtils.java:logGet(46)) - raft.server.log.segment.size.max = 32MB (=33554432) (default)
2024-05-03 18:50:29,606 [s0-groupManagement] INFO  server.RaftServerConfigKeys (ConfUtils.java:logGet(46)) - raft.server.log.segment.cache.num.max = 6 (default)
2024-05-03 18:50:29,606 [s0-groupManagement] INFO  server.RaftServerConfigKeys (ConfUtils.java:logGet(46)) - raft.server.log.segment.cache.size.max = 200MB (=209715200) (default)
2024-05-03 18:50:29,607 [s0-groupManagement] INFO  server.RaftServerConfigKeys (ConfUtils.java:logGet(46)) - raft.server.log.appender.buffer.byte-limit = 4MB (=4194304) (default)
2024-05-03 18:50:29,607 [s0-groupManagement] INFO  util.AwaitToRun (AwaitToRun.java:start(81)) - Thread[s0@group-288A601C7064-cacheEviction-AwaitToRun,5,main] started
2024-05-03 18:50:29,607 [s0-groupManagement] INFO  segmented.SegmentedRaftLogWorker (SegmentedRaftLogWorker.java:<init>(184)) - new s0@group-288A601C7064-SegmentedRaftLogWorker for RaftStorageImpl:Storage Directory /home/runner/work/ratis/ratis/ratis-test/target/test/data/14253bed/MiniRaftClusterWithSimulatedRpc8b629460/s0/3fc61218-b280-4817-9718-288a601c7064
2024-05-03 18:50:29,607 [s0-groupManagement] INFO  server.RaftServerConfigKeys (ConfUtils.java:logGet(46)) - raft.server.log.queue.byte-limit = 64MB (=67108864) (default)
2024-05-03 18:50:29,607 [s0-groupManagement] INFO  server.RaftServerConfigKeys (ConfUtils.java:logGet(46)) - raft.server.log.queue.element-limit = 4096 (default)
2024-05-03 18:50:29,607 [s0-groupManagement] INFO  server.RaftServerConfigKeys (ConfUtils.java:logGet(46)) - raft.server.log.segment.size.max = 32MB (=33554432) (default)
2024-05-03 18:50:29,607 [s0-groupManagement] INFO  server.RaftServerConfigKeys (ConfUtils.java:logGet(46)) - raft.server.log.preallocated.size = 4MB (=4194304) (default)
2024-05-03 18:50:29,607 [s0-groupManagement] INFO  server.RaftServerConfigKeys (ConfUtils.java:logGet(46)) - raft.server.log.force.sync.num = 128 (default)
2024-05-03 18:50:29,607 [s0-groupManagement] INFO  server.RaftServerConfigKeys (ConfUtils.java:logGet(46)) - raft.server.log.statemachine.data.sync = true (default)
2024-05-03 18:50:29,607 [s0-groupManagement] INFO  server.RaftServerConfigKeys (ConfUtils.java:logGet(46)) - raft.server.log.statemachine.data.sync.timeout = 10s (default)
2024-05-03 18:50:29,607 [s0-groupManagement] INFO  server.RaftServerConfigKeys (ConfUtils.java:logGet(46)) - raft.server.log.statemachine.data.sync.timeout.retry = -1 (default)
2024-05-03 18:50:29,608 [s0-groupManagement] INFO  server.RaftServerConfigKeys (ConfUtils.java:logGet(46)) - raft.server.log.write.buffer.size = 8MB (=8388608) (default)
2024-05-03 18:50:29,609 [s0-groupManagement] INFO  server.RaftServerConfigKeys (ConfUtils.java:logGet(46)) - raft.server.log.appender.buffer.byte-limit = 4MB (=4194304) (default)
2024-05-03 18:50:29,609 [s0-groupManagement] INFO  server.RaftServerConfigKeys (ConfUtils.java:logGet(46)) - raft.server.log.unsafe-flush.enabled = false (default)
2024-05-03 18:50:29,609 [s0-groupManagement] INFO  server.RaftServerConfigKeys (ConfUtils.java:logGet(46)) - raft.server.log.async-flush.enabled = false (default)
2024-05-03 18:50:29,609 [s0-groupManagement] INFO  server.RaftServerConfigKeys (ConfUtils.java:logGet(46)) - raft.server.log.statemachine.data.caching.enabled = false (default)
2024-05-03 18:50:29,609 [s0-groupManagement] INFO  segmented.SegmentedRaftLogWorker (SegmentedRaftLogWorker.java:lambda$new$0(135)) - s0@group-288A601C7064-SegmentedRaftLogWorker: flushIndex: setUnconditionally 0 -> -1
2024-05-03 18:50:29,610 [s0-groupManagement] INFO  segmented.SegmentedRaftLogWorker (SegmentedRaftLogWorker.java:lambda$new$0(135)) - s0@group-288A601C7064-SegmentedRaftLogWorker: safeCacheEvictIndex: setUnconditionally 0 -> -1
2024-05-03 18:50:29,610 [s0-groupManagement] INFO  server.RaftServer$Division (RaftServerImpl.java:start(389)) - s0@group-288A601C7064: start as a follower, conf=conf: {index: -1, cur=peers:[s0]|listeners:[], old=null}
2024-05-03 18:50:29,610 [s0-groupManagement] INFO  server.RaftServer$Division (RaftServerImpl.java:setRole(376)) - s0@group-288A601C7064: changes role from      null to FOLLOWER at term 0 for startAsFollower
2024-05-03 18:50:29,610 [s0-groupManagement] INFO  impl.RoleInfo (RoleInfo.java:updateAndGet(148)) - s0: start s0@group-288A601C7064-FollowerState
2024-05-03 18:50:29,610 [s0@group-288A601C7064-FollowerState] INFO  server.RaftServerConfigKeys (ConfUtils.java:logFallback(53)) - raft.server.rpc.first-election.timeout.min = 150ms (fallback to raft.server.rpc.timeout.min)
2024-05-03 18:50:29,610 [s0@group-288A601C7064-FollowerState] INFO  server.RaftServerConfigKeys (ConfUtils.java:logFallback(53)) - raft.server.rpc.first-election.timeout.max = 300ms (fallback to raft.server.rpc.timeout.max)
2024-05-03 18:50:29,610 [s0-groupManagement] INFO  util.JmxRegister (JmxRegister.java:tryRegister(44)) - Successfully registered JMX Bean with object name Ratis:service=RaftServer,group=group-288A601C7064,id=s0
2024-05-03 18:50:29,610 [s0-groupManagement] INFO  util.JmxRegister (JmxRegister.java:register(58)) - register mxBean class org.apache.ratis.server.impl.RaftServerJmxAdapter as Ratis:service=RaftServer,group=group-288A601C7064,id=s0
2024-05-03 18:50:29,610 [s0-groupManagement] INFO  server.RaftServerConfigKeys (ConfUtils.java:logGet(46)) - raft.server.snapshot.trigger-when-stop.enabled = true (default)
2024-05-03 18:50:29,610 [s0-groupManagement] INFO  server.RaftServerConfigKeys (ConfUtils.java:logGet(46)) - raft.server.snapshot.trigger-when-remove.enabled = true (default)
2024-05-03 18:50:29,610 [s0-groupManagement] INFO  server.RaftServerConfigKeys (ConfUtils.java:logGet(46)) - raft.server.snapshot.auto.trigger.enabled = false (default)
2024-05-03 18:50:29,611 [s0-groupManagement] INFO  server.RaftServerConfigKeys (ConfUtils.java:logGet(46)) - raft.server.snapshot.retention.file.num = -1 (default)
2024-05-03 18:50:29,611 [s0-groupManagement] INFO  server.RaftServerConfigKeys (ConfUtils.java:logGet(46)) - raft.server.log.purge.upto.snapshot.index = false (default)
2024-05-03 18:50:29,611 [main] DEBUG client.RaftClient (RaftClientImpl.java:close(465)) - close client-21DD290721E6
2024-05-03 18:50:29,612 [main] INFO  impl.MiniRaftCluster (MiniRaftCluster.java:shutdown(833)) - ************************************************************** 
2024-05-03 18:50:29,612 [main] INFO  impl.MiniRaftCluster (MiniRaftCluster.java:shutdown(834)) - *** 
2024-05-03 18:50:29,612 [main] INFO  impl.MiniRaftCluster (MiniRaftCluster.java:shutdown(835)) - ***     Stopping MiniRaftClusterWithSimulatedRpc
2024-05-03 18:50:29,612 [main] INFO  impl.MiniRaftCluster (MiniRaftCluster.java:shutdown(836)) - *** 
2024-05-03 18:50:29,612 [main] INFO  impl.MiniRaftCluster (MiniRaftCluster.java:shutdown(837)) - ************************************************************** 
2024-05-03 18:50:29,612 [main] INFO  impl.MiniRaftCluster (MiniRaftCluster.java:shutdown(838)) - printing ALL groups
  s0:  RUNNING [
   FOLLOWER s0@group-06DE814708FF:t0, leader=null, voted=, raftlog=Memoized:s0@group-06DE814708FF-SegmentedRaftLog:OPENED:c-1:lastnull, conf=conf: {index: -1, cur=peers:[s0]|listeners:[], old=null} RUNNING
   FOLLOWER s0@group-288A601C7064:t0, leader=null, voted=, raftlog=Memoized:s0@group-288A601C7064-SegmentedRaftLog:OPENED:c-1:lastnull, conf=conf: {index: -1, cur=peers:[s0]|listeners:[], old=null} RUNNING] size=2
2024-05-03 18:50:29,613 [MiniRaftCluster-7] INFO  server.RaftServer (RaftServerProxy.java:lambda$close$9(417)) - s0: close
2024-05-03 18:50:29,613 [s0-impl-thread1] INFO  server.RaftServer$Division (RaftServerImpl.java:lambda$close$1(501)) - s0@group-06DE814708FF: shutdown
2024-05-03 18:50:29,613 [HandlerDaemon-0] INFO  simulation.RequestHandler (RequestHandler.java:run(127)) - s0.clientHandler0 is interrupted by java.io.InterruptedIOException: 
2024-05-03 18:50:29,613 [s0-impl-thread2] INFO  server.RaftServer$Division (RaftServerImpl.java:lambda$close$1(501)) - s0@group-288A601C7064: shutdown
2024-05-03 18:50:29,613 [HandlerDaemon-2] INFO  simulation.RequestHandler (RequestHandler.java:run(127)) - s0.clientHandler2 is interrupted by java.io.InterruptedIOException: 
2024-05-03 18:50:29,613 [s0-impl-thread2] INFO  util.JmxRegister (JmxRegister.java:unregister(74)) - Successfully un-registered JMX Bean with object name Ratis:service=RaftServer,group=group-288A601C7064,id=s0
2024-05-03 18:50:29,614 [s0-impl-thread2] INFO  impl.RoleInfo (RoleInfo.java:shutdownFollowerState(119)) - s0: shutdown s0@group-288A601C7064-FollowerState
2024-05-03 18:50:29,613 [HandlerDaemon-1] INFO  simulation.RequestHandler (RequestHandler.java:run(127)) - s0.clientHandler1 is interrupted by java.io.InterruptedIOException: 
2024-05-03 18:50:29,614 [s0@group-288A601C7064-FollowerState] INFO  impl.FollowerState (FollowerState.java:run(153)) - s0@group-288A601C7064-FollowerState was interrupted
2024-05-03 18:50:29,614 [s0-impl-thread2] INFO  impl.StateMachineUpdater (StateMachineUpdater.java:stopAndJoin(164)) - s0@group-288A601C7064-StateMachineUpdater: set stopIndex = -1
2024-05-03 18:50:29,614 [HandlerDaemon-0] INFO  simulation.RequestHandler (RequestHandler.java:run(127)) - s0.serverHandler0 is interrupted by java.io.InterruptedIOException: 
2024-05-03 18:50:29,614 [HandlerDaemon-2] INFO  simulation.RequestHandler (RequestHandler.java:run(127)) - s0.serverHandler2 is interrupted by java.io.InterruptedIOException: 
2024-05-03 18:50:29,613 [s0-impl-thread1] INFO  util.JmxRegister (JmxRegister.java:unregister(74)) - Successfully un-registered JMX Bean with object name Ratis:service=RaftServer,group=group-06DE814708FF,id=s0
2024-05-03 18:50:29,614 [s0-impl-thread1] INFO  impl.RoleInfo (RoleInfo.java:shutdownFollowerState(119)) - s0: shutdown s0@group-06DE814708FF-FollowerState
2024-05-03 18:50:29,614 [HandlerDaemon-1] INFO  simulation.RequestHandler (RequestHandler.java:run(127)) - s0.serverHandler1 is interrupted by java.io.InterruptedIOException: 
2024-05-03 18:50:29,614 [s0@group-06DE814708FF-FollowerState] INFO  impl.FollowerState (FollowerState.java:run(153)) - s0@group-06DE814708FF-FollowerState was interrupted
2024-05-03 18:50:29,614 [s0@group-288A601C7064-StateMachineUpdater] INFO  impl.StateMachineUpdater (StateMachineUpdater.java:stop(141)) - s0@group-288A601C7064-StateMachineUpdater: closing SMTransactionContext, lastApplied=(t:0, i:~)
2024-05-03 18:50:29,614 [s0@group-06DE814708FF-StateMachineUpdater] INFO  impl.StateMachineUpdater (StateMachineUpdater.java:stop(141)) - s0@group-06DE814708FF-StateMachineUpdater: closing SimpleStateMachine4Testing, lastApplied=(t:0, i:~)
2024-05-03 18:50:29,614 [s0-impl-thread1] INFO  impl.StateMachineUpdater (StateMachineUpdater.java:stopAndJoin(164)) - s0@group-06DE814708FF-StateMachineUpdater: set stopIndex = -1
2024-05-03 18:50:29,620 [s0@group-288A601C7064-cacheEviction-AwaitToRun] INFO  util.AwaitToRun (AwaitToRun.java:run(49)) - s0@group-288A601C7064-cacheEviction-AwaitToRun-AwaitForSignal is interrupted
2024-05-03 18:50:29,620 [s0@group-06DE814708FF-cacheEviction-AwaitToRun] INFO  util.AwaitToRun (AwaitToRun.java:run(49)) - s0@group-06DE814708FF-cacheEviction-AwaitToRun-AwaitForSignal is interrupted
2024-05-03 18:50:30,597 [s0-impl-thread1] INFO  segmented.SegmentedRaftLogWorker (SegmentedRaftLogWorker.java:close(248)) - s0@group-06DE814708FF-SegmentedRaftLogWorker close()
2024-05-03 18:50:30,610 [s0-impl-thread2] INFO  segmented.SegmentedRaftLogWorker (SegmentedRaftLogWorker.java:close(248)) - s0@group-288A601C7064-SegmentedRaftLogWorker close()
2024-05-03 18:50:30,611 [JvmPauseMonitor6] INFO  util.JvmPauseMonitor (JvmPauseMonitor.java:run(152)) - JvmPauseMonitor-s0: Stopped
2024-05-03 18:50:30,611 [main] INFO  impl.MiniRaftCluster (MiniRaftCluster.java:shutdown(857)) - MiniRaftClusterWithSimulatedRpc shutdown completed
2024-05-03 18:50:30,612 [main] INFO  ratis.RaftTestUtil (RaftTestUtil.java:gc(578)) - gc 0
]]></system-out>
  </testcase>
</testsuite>