<?xml version="1.0" encoding="UTF-8"?>
<testsuite xmlns:xsi="http://www.w3.org/2001/XMLSchema-instance" xsi:noNamespaceSchemaLocation="https://maven.apache.org/surefire/maven-surefire-plugin/xsd/surefire-test-report.xsd" name="org.apache.ratis.server.simulation.TestLeaderElectionWithSimulatedRpc" time="65.14" tests="20" errors="0" skipped="0" failures="1">
  <properties>
    <property name="awt.toolkit" value="sun.awt.X11.XToolkit"/>
    <property name="java.specification.version" value="11"/>
    <property name="sun.cpu.isalist" value=""/>
    <property name="sun.jnu.encoding" value="UTF-8"/>
    <property name="java.class.path" value="/home/runner/work/ratis/ratis/ratis-test/target/test-classes:/home/runner/work/ratis/ratis/ratis-test/target/classes:/home/runner/work/ratis/ratis/ratis-common/target/classes:/home/runner/.m2/repository/org/apache/ratis/ratis-thirdparty-misc/1.0.3/ratis-thirdparty-misc-1.0.3.jar:/home/runner/work/ratis/ratis/ratis-proto/target/ratis-proto-3.0.0-SNAPSHOT.jar:/home/runner/work/ratis/ratis/ratis-common/target/test-classes:/home/runner/work/ratis/ratis/ratis-client/target/classes:/home/runner/work/ratis/ratis/ratis-server/target/classes:/home/runner/work/ratis/ratis/ratis-server-api/target/classes:/home/runner/work/ratis/ratis/ratis-metrics-api/target/classes:/home/runner/work/ratis/ratis/ratis-server/target/test-classes:/home/runner/work/ratis/ratis/ratis-metrics-default/target/classes:/home/runner/work/ratis/ratis/ratis-netty/target/classes:/home/runner/work/ratis/ratis/ratis-netty/target/test-classes:/home/runner/work/ratis/ratis/ratis-grpc/target/classes:/home/runner/work/ratis/ratis/ratis-grpc/target/test-classes:/home/runner/work/ratis/ratis/ratis-shell/target/classes:/home/runner/.m2/repository/commons-cli/commons-cli/1.5.0/commons-cli-1.5.0.jar:/home/runner/.m2/repository/org/reflections/reflections/0.10.2/reflections-0.10.2.jar:/home/runner/.m2/repository/org/javassist/javassist/3.28.0-GA/javassist-3.28.0-GA.jar:/home/runner/.m2/repository/com/google/code/findbugs/jsr305/3.0.2/jsr305-3.0.2.jar:/home/runner/.m2/repository/org/bouncycastle/bcprov-jdk15on/1.70/bcprov-jdk15on-1.70.jar:/home/runner/.m2/repository/org/bouncycastle/bcpkix-jdk15on/1.70/bcpkix-jdk15on-1.70.jar:/home/runner/.m2/repository/org/bouncycastle/bcutil-jdk15on/1.70/bcutil-jdk15on-1.70.jar:/home/runner/.m2/repository/org/slf4j/slf4j-api/1.7.36/slf4j-api-1.7.36.jar:/home/runner/.m2/repository/org/slf4j/slf4j-reload4j/1.7.36/slf4j-reload4j-1.7.36.jar:/home/runner/.m2/repository/ch/qos/reload4j/reload4j/1.2.19/reload4j-1.2.19.jar:/home/runner/.m2/repository/junit/junit/4.13.2/junit-4.13.2.jar:/home/runner/.m2/repository/org/hamcrest/hamcrest-core/1.3/hamcrest-core-1.3.jar:/home/runner/.m2/repository/org/mockito/mockito-core/4.3.1/mockito-core-4.3.1.jar:/home/runner/.m2/repository/net/bytebuddy/byte-buddy/1.12.7/byte-buddy-1.12.7.jar:/home/runner/.m2/repository/net/bytebuddy/byte-buddy-agent/1.12.7/byte-buddy-agent-1.12.7.jar:/home/runner/.m2/repository/org/objenesis/objenesis/3.2/objenesis-3.2.jar:"/>
    <property name="java.vm.vendor" value="Eclipse Adoptium"/>
    <property name="sun.arch.data.model" value="64"/>
    <property name="java.vendor.url" value="https://adoptium.net/"/>
    <property name="user.timezone" value=""/>
    <property name="java.vm.specification.version" value="11"/>
    <property name="os.name" value="Linux"/>
    <property name="sun.java.launcher" value="SUN_STANDARD"/>
    <property name="sun.boot.library.path" value="/usr/lib/jvm/temurin-11-jdk-amd64/lib"/>
    <property name="sun.java.command" value="/home/runner/work/ratis/ratis/ratis-test/target/surefire/surefirebooter5542440432195225920.jar /home/runner/work/ratis/ratis/ratis-test/target/surefire 2023-03-21T03-31-59_325-jvmRun1 surefire9682021907562678590tmp surefire_1618301077426079509216tmp"/>
    <property name="jdk.debug" value="release"/>
    <property name="surefire.test.class.path" value="/home/runner/work/ratis/ratis/ratis-test/target/test-classes:/home/runner/work/ratis/ratis/ratis-test/target/classes:/home/runner/work/ratis/ratis/ratis-common/target/classes:/home/runner/.m2/repository/org/apache/ratis/ratis-thirdparty-misc/1.0.3/ratis-thirdparty-misc-1.0.3.jar:/home/runner/work/ratis/ratis/ratis-proto/target/ratis-proto-3.0.0-SNAPSHOT.jar:/home/runner/work/ratis/ratis/ratis-common/target/test-classes:/home/runner/work/ratis/ratis/ratis-client/target/classes:/home/runner/work/ratis/ratis/ratis-server/target/classes:/home/runner/work/ratis/ratis/ratis-server-api/target/classes:/home/runner/work/ratis/ratis/ratis-metrics-api/target/classes:/home/runner/work/ratis/ratis/ratis-server/target/test-classes:/home/runner/work/ratis/ratis/ratis-metrics-default/target/classes:/home/runner/work/ratis/ratis/ratis-netty/target/classes:/home/runner/work/ratis/ratis/ratis-netty/target/test-classes:/home/runner/work/ratis/ratis/ratis-grpc/target/classes:/home/runner/work/ratis/ratis/ratis-grpc/target/test-classes:/home/runner/work/ratis/ratis/ratis-shell/target/classes:/home/runner/.m2/repository/commons-cli/commons-cli/1.5.0/commons-cli-1.5.0.jar:/home/runner/.m2/repository/org/reflections/reflections/0.10.2/reflections-0.10.2.jar:/home/runner/.m2/repository/org/javassist/javassist/3.28.0-GA/javassist-3.28.0-GA.jar:/home/runner/.m2/repository/com/google/code/findbugs/jsr305/3.0.2/jsr305-3.0.2.jar:/home/runner/.m2/repository/org/bouncycastle/bcprov-jdk15on/1.70/bcprov-jdk15on-1.70.jar:/home/runner/.m2/repository/org/bouncycastle/bcpkix-jdk15on/1.70/bcpkix-jdk15on-1.70.jar:/home/runner/.m2/repository/org/bouncycastle/bcutil-jdk15on/1.70/bcutil-jdk15on-1.70.jar:/home/runner/.m2/repository/org/slf4j/slf4j-api/1.7.36/slf4j-api-1.7.36.jar:/home/runner/.m2/repository/org/slf4j/slf4j-reload4j/1.7.36/slf4j-reload4j-1.7.36.jar:/home/runner/.m2/repository/ch/qos/reload4j/reload4j/1.2.19/reload4j-1.2.19.jar:/home/runner/.m2/repository/junit/junit/4.13.2/junit-4.13.2.jar:/home/runner/.m2/repository/org/hamcrest/hamcrest-core/1.3/hamcrest-core-1.3.jar:/home/runner/.m2/repository/org/mockito/mockito-core/4.3.1/mockito-core-4.3.1.jar:/home/runner/.m2/repository/net/bytebuddy/byte-buddy/1.12.7/byte-buddy-1.12.7.jar:/home/runner/.m2/repository/net/bytebuddy/byte-buddy-agent/1.12.7/byte-buddy-agent-1.12.7.jar:/home/runner/.m2/repository/org/objenesis/objenesis/3.2/objenesis-3.2.jar:"/>
    <property name="sun.cpu.endian" value="little"/>
    <property name="user.home" value="/home/runner"/>
    <property name="user.language" value="en"/>
    <property name="java.specification.vendor" value="Oracle Corporation"/>
    <property name="java.version.date" value="2023-01-17"/>
    <property name="java.home" value="/usr/lib/jvm/temurin-11-jdk-amd64"/>
    <property name="file.separator" value="/"/>
    <property name="basedir" value="/home/runner/work/ratis/ratis/ratis-test"/>
    <property name="java.vm.compressedOopsMode" value="32-bit"/>
    <property name="line.separator" value="&#10;"/>
    <property name="java.specification.name" value="Java Platform API Specification"/>
    <property name="java.vm.specification.vendor" value="Oracle Corporation"/>
    <property name="java.awt.graphicsenv" value="sun.awt.X11GraphicsEnvironment"/>
    <property name="surefire.real.class.path" value="/home/runner/work/ratis/ratis/ratis-test/target/surefire/surefirebooter5542440432195225920.jar"/>
    <property name="sun.management.compiler" value="HotSpot 64-Bit Tiered Compilers"/>
    <property name="java.runtime.version" value="11.0.18+10"/>
    <property name="user.name" value="runner"/>
    <property name="java.net.preferIPv4Stack" value="true"/>
    <property name="path.separator" value=":"/>
    <property name="os.version" value="5.15.0-1034-azure"/>
    <property name="java.runtime.name" value="OpenJDK Runtime Environment"/>
    <property name="file.encoding" value="UTF-8"/>
    <property name="java.vm.name" value="OpenJDK 64-Bit Server VM"/>
    <property name="java.vendor.version" value="Temurin-11.0.18+10"/>
    <property name="localRepository" value="/home/runner/.m2/repository"/>
    <property name="java.vendor.url.bug" value="https://github.com/adoptium/adoptium-support/issues"/>
    <property name="java.io.tmpdir" value="/tmp"/>
    <property name="java.version" value="11.0.18"/>
    <property name="user.dir" value="/home/runner/work/ratis/ratis/ratis-test"/>
    <property name="os.arch" value="amd64"/>
    <property name="ratis.tmp.dir" value="/home/runner/work/ratis/ratis/ratis-test/target/tmp"/>
    <property name="java.vm.specification.name" value="Java Virtual Machine Specification"/>
    <property name="java.awt.printerjob" value="sun.print.PSPrinterJob"/>
    <property name="ratis.log.dir" value="/home/runner/work/ratis/ratis/ratis-test/target/log"/>
    <property name="sun.os.patch.level" value="unknown"/>
    <property name="java.library.path" value="/usr/java/packages/lib:/usr/lib64:/lib64:/lib:/usr/lib"/>
    <property name="java.vm.info" value="mixed mode"/>
    <property name="java.vendor" value="Eclipse Adoptium"/>
    <property name="java.vm.version" value="11.0.18+10"/>
    <property name="sun.io.unicode.encoding" value="UnicodeLittle"/>
    <property name="java.class.version" value="55.0"/>
  </properties>
  <testcase name="testRemoveListener" classname="org.apache.ratis.server.simulation.TestLeaderElectionWithSimulatedRpc" time="2.936"/>
  <testcase name="testEnforceLeader" classname="org.apache.ratis.server.simulation.TestLeaderElectionWithSimulatedRpc" time="11.4">
    <failure message="expected:&lt;s[1]&gt; but was:&lt;s[3]&gt;" type="org.junit.ComparisonFailure"><![CDATA[org.junit.ComparisonFailure: expected:<s[1]> but was:<s[3]>
	at org.junit.Assert.assertEquals(Assert.java:117)
	at org.junit.Assert.assertEquals(Assert.java:146)
	at org.apache.ratis.server.impl.LeaderElectionTests.enforceLeader(LeaderElectionTests.java:324)
	at org.apache.ratis.server.impl.LeaderElectionTests.testEnforceLeader(LeaderElectionTests.java:310)
	at java.base/jdk.internal.reflect.NativeMethodAccessorImpl.invoke0(Native Method)
	at java.base/jdk.internal.reflect.NativeMethodAccessorImpl.invoke(NativeMethodAccessorImpl.java:62)
	at java.base/jdk.internal.reflect.DelegatingMethodAccessorImpl.invoke(DelegatingMethodAccessorImpl.java:43)
	at java.base/java.lang.reflect.Method.invoke(Method.java:566)
	at org.junit.runners.model.FrameworkMethod$1.runReflectiveCall(FrameworkMethod.java:59)
	at org.junit.internal.runners.model.ReflectiveCallable.run(ReflectiveCallable.java:12)
	at org.junit.runners.model.FrameworkMethod.invokeExplosively(FrameworkMethod.java:56)
	at org.junit.internal.runners.statements.InvokeMethod.evaluate(InvokeMethod.java:17)
	at org.junit.internal.runners.statements.RunAfters.evaluate(RunAfters.java:27)
	at org.junit.internal.runners.statements.FailOnTimeout$CallableStatement.call(FailOnTimeout.java:299)
	at org.junit.internal.runners.statements.FailOnTimeout$CallableStatement.call(FailOnTimeout.java:293)
	at java.base/java.util.concurrent.FutureTask.run(FutureTask.java:264)
	at java.base/java.lang.Thread.run(Thread.java:829)
]]></failure>
    <system-out><![CDATA[2023-03-21 03:38:18,652 [main] INFO  util.LogUtils (Slf4jUtils.java:setLogLevel(38)) - Successfully set org.apache.ratis.conf.ConfUtils log level to WARN
2023-03-21 03:38:18,652 [main] INFO  util.LogUtils (Slf4jUtils.java:setLogLevel(38)) - Successfully set org.apache.ratis.util.FileUtils log level to TRACE
2023-03-21 03:38:18,652 [main] INFO  util.LogUtils (Slf4jUtils.java:setLogLevel(38)) - Successfully set org.apache.ratis.server.RaftServer$Division log level to DEBUG
2023-03-21 03:38:18,652 [main] INFO  util.LogUtils (Slf4jUtils.java:setLogLevel(38)) - Successfully set org.apache.ratis.client.RaftClient log level to DEBUG
2023-03-21 03:38:18,653 [Time-limited test] INFO  simulation.TestLeaderElectionWithSimulatedRpc (LeaderElectionTests.java:testEnforceLeader(298)) - Running testEnforceLeader
2023-03-21 03:38:18,653 [Time-limited test] INFO  simulation.MiniRaftClusterWithSimulatedRpc (ConfUtils.java:logGet(46)) - org.apache.ratis.server.simulation.SimulatedRequestReply.simulateLatencyMs = 0 (custom)
2023-03-21 03:38:18,660 [Time-limited test] INFO  impl.MiniRaftCluster (MiniRaftCluster.java:<init>(306)) - new MiniRaftClusterWithSimulatedRpc with group-858CCA1FFC33:[s3|rpc:localhost:44545|admin:localhost:42685|client:localhost:41947|dataStream:localhost:38359|priority:0|startupRole:FOLLOWER, s4|rpc:localhost:43959|admin:localhost:37675|client:localhost:41245|dataStream:localhost:36157|priority:0|startupRole:FOLLOWER, s0|rpc:localhost:41873|admin:localhost:39543|client:localhost:39921|dataStream:localhost:44273|priority:0|startupRole:FOLLOWER, s1|rpc:localhost:46783|admin:localhost:40179|client:localhost:41765|dataStream:localhost:44515|priority:0|startupRole:FOLLOWER, s2|rpc:localhost:35711|admin:localhost:42283|client:localhost:45049|dataStream:localhost:37547|priority:0|startupRole:FOLLOWER]
2023-03-21 03:38:18,660 [Time-limited test] INFO  impl.MiniRaftCluster (MiniRaftCluster.java:start(339)) - .............................................................. 
2023-03-21 03:38:18,660 [Time-limited test] INFO  impl.MiniRaftCluster (MiniRaftCluster.java:start(340)) - ... 
2023-03-21 03:38:18,660 [Time-limited test] INFO  impl.MiniRaftCluster (MiniRaftCluster.java:start(341)) - ...     Starting MiniRaftClusterWithSimulatedRpc
2023-03-21 03:38:18,660 [Time-limited test] INFO  impl.MiniRaftCluster (MiniRaftCluster.java:start(342)) - ... 
2023-03-21 03:38:18,660 [Time-limited test] INFO  impl.MiniRaftCluster (MiniRaftCluster.java:start(343)) - .............................................................. 
2023-03-21 03:38:18,660 [Time-limited test] INFO  impl.MiniRaftCluster (MiniRaftCluster.java:initServers(318)) - servers = {}
2023-03-21 03:38:18,661 [Time-limited test] INFO  impl.MiniRaftCluster (MiniRaftCluster.java:newRaftServer(382)) - newRaftServer: s3, group-858CCA1FFC33:[s3|rpc:localhost:44545|admin:localhost:42685|client:localhost:41947|dataStream:localhost:38359|priority:0|startupRole:FOLLOWER, s4|rpc:localhost:43959|admin:localhost:37675|client:localhost:41245|dataStream:localhost:36157|priority:0|startupRole:FOLLOWER, s0|rpc:localhost:41873|admin:localhost:39543|client:localhost:39921|dataStream:localhost:44273|priority:0|startupRole:FOLLOWER, s1|rpc:localhost:46783|admin:localhost:40179|client:localhost:41765|dataStream:localhost:44515|priority:0|startupRole:FOLLOWER, s2|rpc:localhost:35711|admin:localhost:42283|client:localhost:45049|dataStream:localhost:37547|priority:0|startupRole:FOLLOWER], format? true
2023-03-21 03:38:18,661 [Time-limited test] TRACE util.FileUtils (FileUtils.java:deleteFully(201)) - deleteFully target/test/data/7ae0d5f1/MiniRaftClusterWithSimulatedRpc1455937/s3
2023-03-21 03:38:18,661 [Time-limited test] TRACE util.FileUtils (FileUtils.java:deleteFully(217)) - deleteFully: target/test/data/7ae0d5f1/MiniRaftClusterWithSimulatedRpc1455937/s3 does not exist.
2023-03-21 03:38:18,661 [Time-limited test] INFO  impl.MiniRaftCluster (MiniRaftCluster.java:newRaftServer(387)) - Formatted directory target/test/data/7ae0d5f1/MiniRaftClusterWithSimulatedRpc1455937/s3
2023-03-21 03:38:18,661 [Time-limited test] INFO  server.RaftServer (ConfUtils.java:logGet(46)) - raft.rpc.type = org.apache.ratis.server.simulation.SimulatedRpc (custom)
2023-03-21 03:38:18,662 [Time-limited test] INFO  impl.DataStreamServerImpl (ConfUtils.java:logGet(46)) - raft.datastream.type = DISABLED (default)
2023-03-21 03:38:18,662 [Time-limited test] INFO  server.RaftServerConfigKeys (ConfUtils.java:logGet(46)) - raft.server.threadpool.proxy.cached = true (default)
2023-03-21 03:38:18,662 [Time-limited test] INFO  server.RaftServerConfigKeys (ConfUtils.java:logGet(46)) - raft.server.threadpool.proxy.size = 0 (default)
2023-03-21 03:38:18,662 [Time-limited test] INFO  server.RaftServerConfigKeys (ConfUtils.java:logGet(46)) - raft.server.rpc.slowness.timeout = 60s (default)
2023-03-21 03:38:18,662 [Time-limited test] INFO  server.RaftServerConfigKeys (ConfUtils.java:logGet(46)) - raft.server.leaderelection.leader.step-down.wait-time = 10s (default)
2023-03-21 03:38:18,662 [Time-limited test] INFO  server.RaftServerConfigKeys (ConfUtils.java:logGet(46)) - raft.server.storage.dir = [/home/runner/work/ratis/ratis/ratis-test/target/test/data/7ae0d5f1/MiniRaftClusterWithSimulatedRpc1455937/s3] (custom)
2023-03-21 03:38:18,663 [Time-limited test] INFO  server.RaftServer (RaftServerProxy.java:addNew(99)) - s3: addNew group-858CCA1FFC33:[s3|rpc:localhost:44545|admin:localhost:42685|client:localhost:41947|dataStream:localhost:38359|priority:0|startupRole:FOLLOWER, s4|rpc:localhost:43959|admin:localhost:37675|client:localhost:41245|dataStream:localhost:36157|priority:0|startupRole:FOLLOWER, s0|rpc:localhost:41873|admin:localhost:39543|client:localhost:39921|dataStream:localhost:44273|priority:0|startupRole:FOLLOWER, s1|rpc:localhost:46783|admin:localhost:40179|client:localhost:41765|dataStream:localhost:44515|priority:0|startupRole:FOLLOWER, s2|rpc:localhost:35711|admin:localhost:42283|client:localhost:45049|dataStream:localhost:37547|priority:0|startupRole:FOLLOWER] returns group-858CCA1FFC33:java.util.concurrent.CompletableFuture@47658579[Not completed]
2023-03-21 03:38:18,663 [s3-groupManagement] INFO  server.RaftServer$Division (RaftServerImpl.java:<init>(198)) - s3: new RaftServerImpl for group-858CCA1FFC33:[s3|rpc:localhost:44545|admin:localhost:42685|client:localhost:41947|dataStream:localhost:38359|priority:0|startupRole:FOLLOWER, s4|rpc:localhost:43959|admin:localhost:37675|client:localhost:41245|dataStream:localhost:36157|priority:0|startupRole:FOLLOWER, s0|rpc:localhost:41873|admin:localhost:39543|client:localhost:39921|dataStream:localhost:44273|priority:0|startupRole:FOLLOWER, s1|rpc:localhost:46783|admin:localhost:40179|client:localhost:41765|dataStream:localhost:44515|priority:0|startupRole:FOLLOWER, s2|rpc:localhost:35711|admin:localhost:42283|client:localhost:45049|dataStream:localhost:37547|priority:0|startupRole:FOLLOWER] with BaseStateMachine:uninitialized
2023-03-21 03:38:18,663 [s3-groupManagement] INFO  server.RaftServerConfigKeys (ConfUtils.java:logGet(46)) - raft.server.rpc.timeout.min = 150ms (default)
2023-03-21 03:38:18,663 [Time-limited test] INFO  impl.MiniRaftCluster (MiniRaftCluster.java:newRaftServer(382)) - newRaftServer: s4, group-858CCA1FFC33:[s3|rpc:localhost:44545|admin:localhost:42685|client:localhost:41947|dataStream:localhost:38359|priority:0|startupRole:FOLLOWER, s4|rpc:localhost:43959|admin:localhost:37675|client:localhost:41245|dataStream:localhost:36157|priority:0|startupRole:FOLLOWER, s0|rpc:localhost:41873|admin:localhost:39543|client:localhost:39921|dataStream:localhost:44273|priority:0|startupRole:FOLLOWER, s1|rpc:localhost:46783|admin:localhost:40179|client:localhost:41765|dataStream:localhost:44515|priority:0|startupRole:FOLLOWER, s2|rpc:localhost:35711|admin:localhost:42283|client:localhost:45049|dataStream:localhost:37547|priority:0|startupRole:FOLLOWER], format? true
2023-03-21 03:38:18,663 [Time-limited test] TRACE util.FileUtils (FileUtils.java:deleteFully(201)) - deleteFully target/test/data/7ae0d5f1/MiniRaftClusterWithSimulatedRpc1455937/s4
2023-03-21 03:38:18,663 [s3-groupManagement] INFO  server.RaftServerConfigKeys (ConfUtils.java:logGet(46)) - raft.server.rpc.timeout.max = 300ms (default)
2023-03-21 03:38:18,663 [Time-limited test] TRACE util.FileUtils (FileUtils.java:deleteFully(217)) - deleteFully: target/test/data/7ae0d5f1/MiniRaftClusterWithSimulatedRpc1455937/s4 does not exist.
2023-03-21 03:38:18,663 [Time-limited test] INFO  impl.MiniRaftCluster (MiniRaftCluster.java:newRaftServer(387)) - Formatted directory target/test/data/7ae0d5f1/MiniRaftClusterWithSimulatedRpc1455937/s4
2023-03-21 03:38:18,663 [s3-groupManagement] INFO  server.RaftServerConfigKeys (ConfUtils.java:logGet(46)) - raft.server.rpc.sleep.time = 25ms (default)
2023-03-21 03:38:18,663 [s3-groupManagement] INFO  server.RaftServerConfigKeys (ConfUtils.java:logGet(46)) - raft.server.rpc.slowness.timeout = 60s (default)
2023-03-21 03:38:18,663 [Time-limited test] INFO  server.RaftServer (ConfUtils.java:logGet(46)) - raft.rpc.type = org.apache.ratis.server.simulation.SimulatedRpc (custom)
2023-03-21 03:38:18,663 [s3-groupManagement] INFO  server.RaftServerConfigKeys (ConfUtils.java:logGet(46)) - raft.server.leaderelection.leader.step-down.wait-time = 10s (default)
2023-03-21 03:38:18,664 [s3-groupManagement] INFO  server.RaftServerConfigKeys (ConfUtils.java:logGet(46)) - raft.server.sleep.deviation.threshold = 300ms (default)
2023-03-21 03:38:18,664 [Time-limited test] INFO  impl.DataStreamServerImpl (ConfUtils.java:logGet(46)) - raft.datastream.type = DISABLED (default)
2023-03-21 03:38:18,664 [s3-groupManagement] INFO  server.RaftServer$Division (ServerState.java:<init>(113)) - s3@group-858CCA1FFC33: ConfigurationManager, init=-1: peers:[s3|rpc:localhost:44545|admin:localhost:42685|client:localhost:41947|dataStream:localhost:38359|priority:0|startupRole:FOLLOWER, s4|rpc:localhost:43959|admin:localhost:37675|client:localhost:41245|dataStream:localhost:36157|priority:0|startupRole:FOLLOWER, s0|rpc:localhost:41873|admin:localhost:39543|client:localhost:39921|dataStream:localhost:44273|priority:0|startupRole:FOLLOWER, s1|rpc:localhost:46783|admin:localhost:40179|client:localhost:41765|dataStream:localhost:44515|priority:0|startupRole:FOLLOWER, s2|rpc:localhost:35711|admin:localhost:42283|client:localhost:45049|dataStream:localhost:37547|priority:0|startupRole:FOLLOWER]|listeners:[], old=null, confs=<EMPTY_MAP>
2023-03-21 03:38:18,664 [s3-groupManagement] INFO  server.RaftServerConfigKeys (ConfUtils.java:logGet(46)) - raft.server.notification.no-leader.timeout = 60s (default)
2023-03-21 03:38:18,664 [s3-groupManagement] INFO  server.RaftServerConfigKeys (ConfUtils.java:logGet(46)) - raft.server.read.timeout = 10s (default)
2023-03-21 03:38:18,664 [s3-groupManagement] INFO  server.RaftServerConfigKeys (ConfUtils.java:logGet(46)) - raft.server.retrycache.expirytime = 60s (default)
2023-03-21 03:38:18,664 [s3-groupManagement] INFO  server.RaftServerConfigKeys (ConfUtils.java:logGet(46)) - raft.server.retrycache.statistics.expirytime = 100μs (default)
2023-03-21 03:38:18,664 [s3-groupManagement] INFO  server.RaftServerConfigKeys (ConfUtils.java:logGet(46)) - raft.server.read.option = DEFAULT (default)
2023-03-21 03:38:18,664 [Time-limited test] INFO  server.RaftServerConfigKeys (ConfUtils.java:logGet(46)) - raft.server.threadpool.proxy.cached = true (default)
2023-03-21 03:38:18,666 [Time-limited test] INFO  server.RaftServerConfigKeys (ConfUtils.java:logGet(46)) - raft.server.threadpool.proxy.size = 0 (default)
2023-03-21 03:38:18,667 [Time-limited test] INFO  server.RaftServerConfigKeys (ConfUtils.java:logGet(46)) - raft.server.rpc.slowness.timeout = 60s (default)
2023-03-21 03:38:18,667 [Time-limited test] INFO  server.RaftServerConfigKeys (ConfUtils.java:logGet(46)) - raft.server.leaderelection.leader.step-down.wait-time = 10s (default)
2023-03-21 03:38:18,667 [Time-limited test] INFO  server.RaftServerConfigKeys (ConfUtils.java:logGet(46)) - raft.server.storage.dir = [/home/runner/work/ratis/ratis/ratis-test/target/test/data/7ae0d5f1/MiniRaftClusterWithSimulatedRpc1455937/s4] (custom)
2023-03-21 03:38:18,667 [s3-groupManagement] INFO  server.RaftServerConfigKeys (ConfUtils.java:logGet(46)) - raft.server.rpc.request.timeout = 3000ms (default)
2023-03-21 03:38:18,667 [s3-groupManagement] INFO  server.RaftServerConfigKeys (ConfUtils.java:logGet(46)) - raft.server.log.appender.install.snapshot.enabled = true (default)
2023-03-21 03:38:18,667 [s3-groupManagement] INFO  server.RaftServerConfigKeys (ConfUtils.java:logGet(46)) - raft.server.threadpool.server.cached = true (default)
2023-03-21 03:38:18,667 [s3-groupManagement] INFO  server.RaftServerConfigKeys (ConfUtils.java:logGet(46)) - raft.server.threadpool.server.size = 0 (default)
2023-03-21 03:38:18,667 [s3-groupManagement] INFO  server.RaftServerConfigKeys (ConfUtils.java:logGet(46)) - raft.server.threadpool.client.cached = true (default)
2023-03-21 03:38:18,667 [s3-groupManagement] INFO  server.RaftServerConfigKeys (ConfUtils.java:logGet(46)) - raft.server.threadpool.client.size = 0 (default)
2023-03-21 03:38:18,675 [Time-limited test] INFO  server.RaftServer (RaftServerProxy.java:addNew(99)) - s4: addNew group-858CCA1FFC33:[s3|rpc:localhost:44545|admin:localhost:42685|client:localhost:41947|dataStream:localhost:38359|priority:0|startupRole:FOLLOWER, s4|rpc:localhost:43959|admin:localhost:37675|client:localhost:41245|dataStream:localhost:36157|priority:0|startupRole:FOLLOWER, s0|rpc:localhost:41873|admin:localhost:39543|client:localhost:39921|dataStream:localhost:44273|priority:0|startupRole:FOLLOWER, s1|rpc:localhost:46783|admin:localhost:40179|client:localhost:41765|dataStream:localhost:44515|priority:0|startupRole:FOLLOWER, s2|rpc:localhost:35711|admin:localhost:42283|client:localhost:45049|dataStream:localhost:37547|priority:0|startupRole:FOLLOWER] returns group-858CCA1FFC33:java.util.concurrent.CompletableFuture@332f0194[Not completed]
2023-03-21 03:38:18,675 [Time-limited test] INFO  impl.MiniRaftCluster (MiniRaftCluster.java:newRaftServer(382)) - newRaftServer: s0, group-858CCA1FFC33:[s3|rpc:localhost:44545|admin:localhost:42685|client:localhost:41947|dataStream:localhost:38359|priority:0|startupRole:FOLLOWER, s4|rpc:localhost:43959|admin:localhost:37675|client:localhost:41245|dataStream:localhost:36157|priority:0|startupRole:FOLLOWER, s0|rpc:localhost:41873|admin:localhost:39543|client:localhost:39921|dataStream:localhost:44273|priority:0|startupRole:FOLLOWER, s1|rpc:localhost:46783|admin:localhost:40179|client:localhost:41765|dataStream:localhost:44515|priority:0|startupRole:FOLLOWER, s2|rpc:localhost:35711|admin:localhost:42283|client:localhost:45049|dataStream:localhost:37547|priority:0|startupRole:FOLLOWER], format? true
2023-03-21 03:38:18,675 [Time-limited test] TRACE util.FileUtils (FileUtils.java:deleteFully(201)) - deleteFully target/test/data/7ae0d5f1/MiniRaftClusterWithSimulatedRpc1455937/s0
2023-03-21 03:38:18,675 [Time-limited test] TRACE util.FileUtils (FileUtils.java:deleteFully(217)) - deleteFully: target/test/data/7ae0d5f1/MiniRaftClusterWithSimulatedRpc1455937/s0 does not exist.
2023-03-21 03:38:18,675 [Time-limited test] INFO  impl.MiniRaftCluster (MiniRaftCluster.java:newRaftServer(387)) - Formatted directory target/test/data/7ae0d5f1/MiniRaftClusterWithSimulatedRpc1455937/s0
2023-03-21 03:38:18,675 [Time-limited test] INFO  server.RaftServer (ConfUtils.java:logGet(46)) - raft.rpc.type = org.apache.ratis.server.simulation.SimulatedRpc (custom)
2023-03-21 03:38:18,675 [Time-limited test] INFO  impl.DataStreamServerImpl (ConfUtils.java:logGet(46)) - raft.datastream.type = DISABLED (default)
2023-03-21 03:38:18,676 [Time-limited test] INFO  server.RaftServerConfigKeys (ConfUtils.java:logGet(46)) - raft.server.threadpool.proxy.cached = true (default)
2023-03-21 03:38:18,676 [Time-limited test] INFO  server.RaftServerConfigKeys (ConfUtils.java:logGet(46)) - raft.server.threadpool.proxy.size = 0 (default)
2023-03-21 03:38:18,676 [Time-limited test] INFO  server.RaftServerConfigKeys (ConfUtils.java:logGet(46)) - raft.server.rpc.slowness.timeout = 60s (default)
2023-03-21 03:38:18,676 [Time-limited test] INFO  server.RaftServerConfigKeys (ConfUtils.java:logGet(46)) - raft.server.leaderelection.leader.step-down.wait-time = 10s (default)
2023-03-21 03:38:18,676 [Time-limited test] INFO  server.RaftServerConfigKeys (ConfUtils.java:logGet(46)) - raft.server.storage.dir = [/home/runner/work/ratis/ratis/ratis-test/target/test/data/7ae0d5f1/MiniRaftClusterWithSimulatedRpc1455937/s0] (custom)
2023-03-21 03:38:18,675 [s4-groupManagement] INFO  server.RaftServer$Division (RaftServerImpl.java:<init>(198)) - s4: new RaftServerImpl for group-858CCA1FFC33:[s3|rpc:localhost:44545|admin:localhost:42685|client:localhost:41947|dataStream:localhost:38359|priority:0|startupRole:FOLLOWER, s4|rpc:localhost:43959|admin:localhost:37675|client:localhost:41245|dataStream:localhost:36157|priority:0|startupRole:FOLLOWER, s0|rpc:localhost:41873|admin:localhost:39543|client:localhost:39921|dataStream:localhost:44273|priority:0|startupRole:FOLLOWER, s1|rpc:localhost:46783|admin:localhost:40179|client:localhost:41765|dataStream:localhost:44515|priority:0|startupRole:FOLLOWER, s2|rpc:localhost:35711|admin:localhost:42283|client:localhost:45049|dataStream:localhost:37547|priority:0|startupRole:FOLLOWER] with BaseStateMachine:uninitialized
2023-03-21 03:38:18,679 [s4-groupManagement] INFO  server.RaftServerConfigKeys (ConfUtils.java:logGet(46)) - raft.server.rpc.timeout.min = 150ms (default)
2023-03-21 03:38:18,679 [s4-groupManagement] INFO  server.RaftServerConfigKeys (ConfUtils.java:logGet(46)) - raft.server.rpc.timeout.max = 300ms (default)
2023-03-21 03:38:18,679 [s4-groupManagement] INFO  server.RaftServerConfigKeys (ConfUtils.java:logGet(46)) - raft.server.rpc.sleep.time = 25ms (default)
2023-03-21 03:38:18,679 [s4-groupManagement] INFO  server.RaftServerConfigKeys (ConfUtils.java:logGet(46)) - raft.server.rpc.slowness.timeout = 60s (default)
2023-03-21 03:38:18,679 [s4-groupManagement] INFO  server.RaftServerConfigKeys (ConfUtils.java:logGet(46)) - raft.server.leaderelection.leader.step-down.wait-time = 10s (default)
2023-03-21 03:38:18,679 [s4-groupManagement] INFO  server.RaftServerConfigKeys (ConfUtils.java:logGet(46)) - raft.server.sleep.deviation.threshold = 300ms (default)
2023-03-21 03:38:18,679 [s4-groupManagement] INFO  server.RaftServer$Division (ServerState.java:<init>(113)) - s4@group-858CCA1FFC33: ConfigurationManager, init=-1: peers:[s3|rpc:localhost:44545|admin:localhost:42685|client:localhost:41947|dataStream:localhost:38359|priority:0|startupRole:FOLLOWER, s4|rpc:localhost:43959|admin:localhost:37675|client:localhost:41245|dataStream:localhost:36157|priority:0|startupRole:FOLLOWER, s0|rpc:localhost:41873|admin:localhost:39543|client:localhost:39921|dataStream:localhost:44273|priority:0|startupRole:FOLLOWER, s1|rpc:localhost:46783|admin:localhost:40179|client:localhost:41765|dataStream:localhost:44515|priority:0|startupRole:FOLLOWER, s2|rpc:localhost:35711|admin:localhost:42283|client:localhost:45049|dataStream:localhost:37547|priority:0|startupRole:FOLLOWER]|listeners:[], old=null, confs=<EMPTY_MAP>
2023-03-21 03:38:18,679 [s4-groupManagement] INFO  server.RaftServerConfigKeys (ConfUtils.java:logGet(46)) - raft.server.notification.no-leader.timeout = 60s (default)
2023-03-21 03:38:18,679 [s4-groupManagement] INFO  server.RaftServerConfigKeys (ConfUtils.java:logGet(46)) - raft.server.read.timeout = 10s (default)
2023-03-21 03:38:18,682 [Time-limited test] INFO  server.RaftServer (RaftServerProxy.java:addNew(99)) - s0: addNew group-858CCA1FFC33:[s3|rpc:localhost:44545|admin:localhost:42685|client:localhost:41947|dataStream:localhost:38359|priority:0|startupRole:FOLLOWER, s4|rpc:localhost:43959|admin:localhost:37675|client:localhost:41245|dataStream:localhost:36157|priority:0|startupRole:FOLLOWER, s0|rpc:localhost:41873|admin:localhost:39543|client:localhost:39921|dataStream:localhost:44273|priority:0|startupRole:FOLLOWER, s1|rpc:localhost:46783|admin:localhost:40179|client:localhost:41765|dataStream:localhost:44515|priority:0|startupRole:FOLLOWER, s2|rpc:localhost:35711|admin:localhost:42283|client:localhost:45049|dataStream:localhost:37547|priority:0|startupRole:FOLLOWER] returns group-858CCA1FFC33:java.util.concurrent.CompletableFuture@c2d03d[Not completed]
2023-03-21 03:38:18,682 [Time-limited test] INFO  impl.MiniRaftCluster (MiniRaftCluster.java:newRaftServer(382)) - newRaftServer: s1, group-858CCA1FFC33:[s3|rpc:localhost:44545|admin:localhost:42685|client:localhost:41947|dataStream:localhost:38359|priority:0|startupRole:FOLLOWER, s4|rpc:localhost:43959|admin:localhost:37675|client:localhost:41245|dataStream:localhost:36157|priority:0|startupRole:FOLLOWER, s0|rpc:localhost:41873|admin:localhost:39543|client:localhost:39921|dataStream:localhost:44273|priority:0|startupRole:FOLLOWER, s1|rpc:localhost:46783|admin:localhost:40179|client:localhost:41765|dataStream:localhost:44515|priority:0|startupRole:FOLLOWER, s2|rpc:localhost:35711|admin:localhost:42283|client:localhost:45049|dataStream:localhost:37547|priority:0|startupRole:FOLLOWER], format? true
2023-03-21 03:38:18,682 [Time-limited test] TRACE util.FileUtils (FileUtils.java:deleteFully(201)) - deleteFully target/test/data/7ae0d5f1/MiniRaftClusterWithSimulatedRpc1455937/s1
2023-03-21 03:38:18,682 [s0-groupManagement] INFO  server.RaftServer$Division (RaftServerImpl.java:<init>(198)) - s0: new RaftServerImpl for group-858CCA1FFC33:[s3|rpc:localhost:44545|admin:localhost:42685|client:localhost:41947|dataStream:localhost:38359|priority:0|startupRole:FOLLOWER, s4|rpc:localhost:43959|admin:localhost:37675|client:localhost:41245|dataStream:localhost:36157|priority:0|startupRole:FOLLOWER, s0|rpc:localhost:41873|admin:localhost:39543|client:localhost:39921|dataStream:localhost:44273|priority:0|startupRole:FOLLOWER, s1|rpc:localhost:46783|admin:localhost:40179|client:localhost:41765|dataStream:localhost:44515|priority:0|startupRole:FOLLOWER, s2|rpc:localhost:35711|admin:localhost:42283|client:localhost:45049|dataStream:localhost:37547|priority:0|startupRole:FOLLOWER] with BaseStateMachine:uninitialized
2023-03-21 03:38:18,682 [Time-limited test] TRACE util.FileUtils (FileUtils.java:deleteFully(217)) - deleteFully: target/test/data/7ae0d5f1/MiniRaftClusterWithSimulatedRpc1455937/s1 does not exist.
2023-03-21 03:38:18,682 [Time-limited test] INFO  impl.MiniRaftCluster (MiniRaftCluster.java:newRaftServer(387)) - Formatted directory target/test/data/7ae0d5f1/MiniRaftClusterWithSimulatedRpc1455937/s1
2023-03-21 03:38:18,682 [s4-groupManagement] INFO  server.RaftServerConfigKeys (ConfUtils.java:logGet(46)) - raft.server.retrycache.expirytime = 60s (default)
2023-03-21 03:38:18,683 [Time-limited test] INFO  server.RaftServer (ConfUtils.java:logGet(46)) - raft.rpc.type = org.apache.ratis.server.simulation.SimulatedRpc (custom)
2023-03-21 03:38:18,683 [s0-groupManagement] INFO  server.RaftServerConfigKeys (ConfUtils.java:logGet(46)) - raft.server.rpc.timeout.min = 150ms (default)
2023-03-21 03:38:18,683 [s0-groupManagement] INFO  server.RaftServerConfigKeys (ConfUtils.java:logGet(46)) - raft.server.rpc.timeout.max = 300ms (default)
2023-03-21 03:38:18,683 [s0-groupManagement] INFO  server.RaftServerConfigKeys (ConfUtils.java:logGet(46)) - raft.server.rpc.sleep.time = 25ms (default)
2023-03-21 03:38:18,683 [s0-groupManagement] INFO  server.RaftServerConfigKeys (ConfUtils.java:logGet(46)) - raft.server.rpc.slowness.timeout = 60s (default)
2023-03-21 03:38:18,683 [s0-groupManagement] INFO  server.RaftServerConfigKeys (ConfUtils.java:logGet(46)) - raft.server.leaderelection.leader.step-down.wait-time = 10s (default)
2023-03-21 03:38:18,683 [s0-groupManagement] INFO  server.RaftServerConfigKeys (ConfUtils.java:logGet(46)) - raft.server.sleep.deviation.threshold = 300ms (default)
2023-03-21 03:38:18,683 [s0-groupManagement] INFO  server.RaftServer$Division (ServerState.java:<init>(113)) - s0@group-858CCA1FFC33: ConfigurationManager, init=-1: peers:[s3|rpc:localhost:44545|admin:localhost:42685|client:localhost:41947|dataStream:localhost:38359|priority:0|startupRole:FOLLOWER, s4|rpc:localhost:43959|admin:localhost:37675|client:localhost:41245|dataStream:localhost:36157|priority:0|startupRole:FOLLOWER, s0|rpc:localhost:41873|admin:localhost:39543|client:localhost:39921|dataStream:localhost:44273|priority:0|startupRole:FOLLOWER, s1|rpc:localhost:46783|admin:localhost:40179|client:localhost:41765|dataStream:localhost:44515|priority:0|startupRole:FOLLOWER, s2|rpc:localhost:35711|admin:localhost:42283|client:localhost:45049|dataStream:localhost:37547|priority:0|startupRole:FOLLOWER]|listeners:[], old=null, confs=<EMPTY_MAP>
2023-03-21 03:38:18,683 [s0-groupManagement] INFO  server.RaftServerConfigKeys (ConfUtils.java:logGet(46)) - raft.server.notification.no-leader.timeout = 60s (default)
2023-03-21 03:38:18,683 [s0-groupManagement] INFO  server.RaftServerConfigKeys (ConfUtils.java:logGet(46)) - raft.server.read.timeout = 10s (default)
2023-03-21 03:38:18,683 [s0-groupManagement] INFO  server.RaftServerConfigKeys (ConfUtils.java:logGet(46)) - raft.server.retrycache.expirytime = 60s (default)
2023-03-21 03:38:18,684 [s0-groupManagement] INFO  server.RaftServerConfigKeys (ConfUtils.java:logGet(46)) - raft.server.retrycache.statistics.expirytime = 100μs (default)
2023-03-21 03:38:18,684 [s0-groupManagement] INFO  server.RaftServerConfigKeys (ConfUtils.java:logGet(46)) - raft.server.read.option = DEFAULT (default)
2023-03-21 03:38:18,686 [s0-groupManagement] INFO  server.RaftServerConfigKeys (ConfUtils.java:logGet(46)) - raft.server.rpc.request.timeout = 3000ms (default)
2023-03-21 03:38:18,686 [s0-groupManagement] INFO  server.RaftServerConfigKeys (ConfUtils.java:logGet(46)) - raft.server.log.appender.install.snapshot.enabled = true (default)
2023-03-21 03:38:18,686 [s0-groupManagement] INFO  server.RaftServerConfigKeys (ConfUtils.java:logGet(46)) - raft.server.threadpool.server.cached = true (default)
2023-03-21 03:38:18,686 [s0-groupManagement] INFO  server.RaftServerConfigKeys (ConfUtils.java:logGet(46)) - raft.server.threadpool.server.size = 0 (default)
2023-03-21 03:38:18,686 [s0-groupManagement] INFO  server.RaftServerConfigKeys (ConfUtils.java:logGet(46)) - raft.server.threadpool.client.cached = true (default)
2023-03-21 03:38:18,683 [s4-groupManagement] INFO  server.RaftServerConfigKeys (ConfUtils.java:logGet(46)) - raft.server.retrycache.statistics.expirytime = 100μs (default)
2023-03-21 03:38:18,686 [s0-groupManagement] INFO  server.RaftServerConfigKeys (ConfUtils.java:logGet(46)) - raft.server.threadpool.client.size = 0 (default)
2023-03-21 03:38:18,683 [Time-limited test] INFO  impl.DataStreamServerImpl (ConfUtils.java:logGet(46)) - raft.datastream.type = DISABLED (default)
2023-03-21 03:38:18,687 [Time-limited test] INFO  server.RaftServerConfigKeys (ConfUtils.java:logGet(46)) - raft.server.threadpool.proxy.cached = true (default)
2023-03-21 03:38:18,687 [Time-limited test] INFO  server.RaftServerConfigKeys (ConfUtils.java:logGet(46)) - raft.server.threadpool.proxy.size = 0 (default)
2023-03-21 03:38:18,687 [Time-limited test] INFO  server.RaftServerConfigKeys (ConfUtils.java:logGet(46)) - raft.server.rpc.slowness.timeout = 60s (default)
2023-03-21 03:38:18,687 [Time-limited test] INFO  server.RaftServerConfigKeys (ConfUtils.java:logGet(46)) - raft.server.leaderelection.leader.step-down.wait-time = 10s (default)
2023-03-21 03:38:18,687 [Time-limited test] INFO  server.RaftServerConfigKeys (ConfUtils.java:logGet(46)) - raft.server.storage.dir = [/home/runner/work/ratis/ratis/ratis-test/target/test/data/7ae0d5f1/MiniRaftClusterWithSimulatedRpc1455937/s1] (custom)
2023-03-21 03:38:18,687 [s4-groupManagement] INFO  server.RaftServerConfigKeys (ConfUtils.java:logGet(46)) - raft.server.read.option = DEFAULT (default)
2023-03-21 03:38:18,689 [s4-groupManagement] INFO  server.RaftServerConfigKeys (ConfUtils.java:logGet(46)) - raft.server.rpc.request.timeout = 3000ms (default)
2023-03-21 03:38:18,689 [s4-groupManagement] INFO  server.RaftServerConfigKeys (ConfUtils.java:logGet(46)) - raft.server.log.appender.install.snapshot.enabled = true (default)
2023-03-21 03:38:18,689 [s4-groupManagement] INFO  server.RaftServerConfigKeys (ConfUtils.java:logGet(46)) - raft.server.threadpool.server.cached = true (default)
2023-03-21 03:38:18,689 [s4-groupManagement] INFO  server.RaftServerConfigKeys (ConfUtils.java:logGet(46)) - raft.server.threadpool.server.size = 0 (default)
2023-03-21 03:38:18,689 [s4-groupManagement] INFO  server.RaftServerConfigKeys (ConfUtils.java:logGet(46)) - raft.server.threadpool.client.cached = true (default)
2023-03-21 03:38:18,689 [s4-groupManagement] INFO  server.RaftServerConfigKeys (ConfUtils.java:logGet(46)) - raft.server.threadpool.client.size = 0 (default)
2023-03-21 03:38:18,690 [Time-limited test] INFO  server.RaftServer (RaftServerProxy.java:addNew(99)) - s1: addNew group-858CCA1FFC33:[s3|rpc:localhost:44545|admin:localhost:42685|client:localhost:41947|dataStream:localhost:38359|priority:0|startupRole:FOLLOWER, s4|rpc:localhost:43959|admin:localhost:37675|client:localhost:41245|dataStream:localhost:36157|priority:0|startupRole:FOLLOWER, s0|rpc:localhost:41873|admin:localhost:39543|client:localhost:39921|dataStream:localhost:44273|priority:0|startupRole:FOLLOWER, s1|rpc:localhost:46783|admin:localhost:40179|client:localhost:41765|dataStream:localhost:44515|priority:0|startupRole:FOLLOWER, s2|rpc:localhost:35711|admin:localhost:42283|client:localhost:45049|dataStream:localhost:37547|priority:0|startupRole:FOLLOWER] returns group-858CCA1FFC33:java.util.concurrent.CompletableFuture@6606625f[Not completed]
2023-03-21 03:38:18,690 [s1-groupManagement] INFO  server.RaftServer$Division (RaftServerImpl.java:<init>(198)) - s1: new RaftServerImpl for group-858CCA1FFC33:[s3|rpc:localhost:44545|admin:localhost:42685|client:localhost:41947|dataStream:localhost:38359|priority:0|startupRole:FOLLOWER, s4|rpc:localhost:43959|admin:localhost:37675|client:localhost:41245|dataStream:localhost:36157|priority:0|startupRole:FOLLOWER, s0|rpc:localhost:41873|admin:localhost:39543|client:localhost:39921|dataStream:localhost:44273|priority:0|startupRole:FOLLOWER, s1|rpc:localhost:46783|admin:localhost:40179|client:localhost:41765|dataStream:localhost:44515|priority:0|startupRole:FOLLOWER, s2|rpc:localhost:35711|admin:localhost:42283|client:localhost:45049|dataStream:localhost:37547|priority:0|startupRole:FOLLOWER] with BaseStateMachine:uninitialized
2023-03-21 03:38:18,690 [Time-limited test] INFO  impl.MiniRaftCluster (MiniRaftCluster.java:newRaftServer(382)) - newRaftServer: s2, group-858CCA1FFC33:[s3|rpc:localhost:44545|admin:localhost:42685|client:localhost:41947|dataStream:localhost:38359|priority:0|startupRole:FOLLOWER, s4|rpc:localhost:43959|admin:localhost:37675|client:localhost:41245|dataStream:localhost:36157|priority:0|startupRole:FOLLOWER, s0|rpc:localhost:41873|admin:localhost:39543|client:localhost:39921|dataStream:localhost:44273|priority:0|startupRole:FOLLOWER, s1|rpc:localhost:46783|admin:localhost:40179|client:localhost:41765|dataStream:localhost:44515|priority:0|startupRole:FOLLOWER, s2|rpc:localhost:35711|admin:localhost:42283|client:localhost:45049|dataStream:localhost:37547|priority:0|startupRole:FOLLOWER], format? true
2023-03-21 03:38:18,690 [Time-limited test] TRACE util.FileUtils (FileUtils.java:deleteFully(201)) - deleteFully target/test/data/7ae0d5f1/MiniRaftClusterWithSimulatedRpc1455937/s2
2023-03-21 03:38:18,690 [s1-groupManagement] INFO  server.RaftServerConfigKeys (ConfUtils.java:logGet(46)) - raft.server.rpc.timeout.min = 150ms (default)
2023-03-21 03:38:18,690 [Time-limited test] TRACE util.FileUtils (FileUtils.java:deleteFully(217)) - deleteFully: target/test/data/7ae0d5f1/MiniRaftClusterWithSimulatedRpc1455937/s2 does not exist.
2023-03-21 03:38:18,690 [Time-limited test] INFO  impl.MiniRaftCluster (MiniRaftCluster.java:newRaftServer(387)) - Formatted directory target/test/data/7ae0d5f1/MiniRaftClusterWithSimulatedRpc1455937/s2
2023-03-21 03:38:18,690 [s1-groupManagement] INFO  server.RaftServerConfigKeys (ConfUtils.java:logGet(46)) - raft.server.rpc.timeout.max = 300ms (default)
2023-03-21 03:38:18,690 [s1-groupManagement] INFO  server.RaftServerConfigKeys (ConfUtils.java:logGet(46)) - raft.server.rpc.sleep.time = 25ms (default)
2023-03-21 03:38:18,690 [Time-limited test] INFO  server.RaftServer (ConfUtils.java:logGet(46)) - raft.rpc.type = org.apache.ratis.server.simulation.SimulatedRpc (custom)
2023-03-21 03:38:18,690 [s1-groupManagement] INFO  server.RaftServerConfigKeys (ConfUtils.java:logGet(46)) - raft.server.rpc.slowness.timeout = 60s (default)
2023-03-21 03:38:18,691 [s1-groupManagement] INFO  server.RaftServerConfigKeys (ConfUtils.java:logGet(46)) - raft.server.leaderelection.leader.step-down.wait-time = 10s (default)
2023-03-21 03:38:18,691 [Time-limited test] INFO  impl.DataStreamServerImpl (ConfUtils.java:logGet(46)) - raft.datastream.type = DISABLED (default)
2023-03-21 03:38:18,691 [s1-groupManagement] INFO  server.RaftServerConfigKeys (ConfUtils.java:logGet(46)) - raft.server.sleep.deviation.threshold = 300ms (default)
2023-03-21 03:38:18,691 [Time-limited test] INFO  server.RaftServerConfigKeys (ConfUtils.java:logGet(46)) - raft.server.threadpool.proxy.cached = true (default)
2023-03-21 03:38:18,691 [Time-limited test] INFO  server.RaftServerConfigKeys (ConfUtils.java:logGet(46)) - raft.server.threadpool.proxy.size = 0 (default)
2023-03-21 03:38:18,691 [s1-groupManagement] INFO  server.RaftServer$Division (ServerState.java:<init>(113)) - s1@group-858CCA1FFC33: ConfigurationManager, init=-1: peers:[s3|rpc:localhost:44545|admin:localhost:42685|client:localhost:41947|dataStream:localhost:38359|priority:0|startupRole:FOLLOWER, s4|rpc:localhost:43959|admin:localhost:37675|client:localhost:41245|dataStream:localhost:36157|priority:0|startupRole:FOLLOWER, s0|rpc:localhost:41873|admin:localhost:39543|client:localhost:39921|dataStream:localhost:44273|priority:0|startupRole:FOLLOWER, s1|rpc:localhost:46783|admin:localhost:40179|client:localhost:41765|dataStream:localhost:44515|priority:0|startupRole:FOLLOWER, s2|rpc:localhost:35711|admin:localhost:42283|client:localhost:45049|dataStream:localhost:37547|priority:0|startupRole:FOLLOWER]|listeners:[], old=null, confs=<EMPTY_MAP>
2023-03-21 03:38:18,691 [Time-limited test] INFO  server.RaftServerConfigKeys (ConfUtils.java:logGet(46)) - raft.server.rpc.slowness.timeout = 60s (default)
2023-03-21 03:38:18,691 [s1-groupManagement] INFO  server.RaftServerConfigKeys (ConfUtils.java:logGet(46)) - raft.server.notification.no-leader.timeout = 60s (default)
2023-03-21 03:38:18,691 [Time-limited test] INFO  server.RaftServerConfigKeys (ConfUtils.java:logGet(46)) - raft.server.leaderelection.leader.step-down.wait-time = 10s (default)
2023-03-21 03:38:18,691 [s1-groupManagement] INFO  server.RaftServerConfigKeys (ConfUtils.java:logGet(46)) - raft.server.read.timeout = 10s (default)
2023-03-21 03:38:18,691 [Time-limited test] INFO  server.RaftServerConfigKeys (ConfUtils.java:logGet(46)) - raft.server.storage.dir = [/home/runner/work/ratis/ratis/ratis-test/target/test/data/7ae0d5f1/MiniRaftClusterWithSimulatedRpc1455937/s2] (custom)
2023-03-21 03:38:18,691 [s1-groupManagement] INFO  server.RaftServerConfigKeys (ConfUtils.java:logGet(46)) - raft.server.retrycache.expirytime = 60s (default)
2023-03-21 03:38:18,692 [s1-groupManagement] INFO  server.RaftServerConfigKeys (ConfUtils.java:logGet(46)) - raft.server.retrycache.statistics.expirytime = 100μs (default)
2023-03-21 03:38:18,692 [s1-groupManagement] INFO  server.RaftServerConfigKeys (ConfUtils.java:logGet(46)) - raft.server.read.option = DEFAULT (default)
2023-03-21 03:38:18,694 [s1-groupManagement] INFO  server.RaftServerConfigKeys (ConfUtils.java:logGet(46)) - raft.server.rpc.request.timeout = 3000ms (default)
2023-03-21 03:38:18,694 [s1-groupManagement] INFO  server.RaftServerConfigKeys (ConfUtils.java:logGet(46)) - raft.server.log.appender.install.snapshot.enabled = true (default)
2023-03-21 03:38:18,694 [s1-groupManagement] INFO  server.RaftServerConfigKeys (ConfUtils.java:logGet(46)) - raft.server.threadpool.server.cached = true (default)
2023-03-21 03:38:18,694 [s1-groupManagement] INFO  server.RaftServerConfigKeys (ConfUtils.java:logGet(46)) - raft.server.threadpool.server.size = 0 (default)
2023-03-21 03:38:18,694 [s1-groupManagement] INFO  server.RaftServerConfigKeys (ConfUtils.java:logGet(46)) - raft.server.threadpool.client.cached = true (default)
2023-03-21 03:38:18,694 [s1-groupManagement] INFO  server.RaftServerConfigKeys (ConfUtils.java:logGet(46)) - raft.server.threadpool.client.size = 0 (default)
2023-03-21 03:38:18,699 [Time-limited test] INFO  server.RaftServer (RaftServerProxy.java:addNew(99)) - s2: addNew group-858CCA1FFC33:[s3|rpc:localhost:44545|admin:localhost:42685|client:localhost:41947|dataStream:localhost:38359|priority:0|startupRole:FOLLOWER, s4|rpc:localhost:43959|admin:localhost:37675|client:localhost:41245|dataStream:localhost:36157|priority:0|startupRole:FOLLOWER, s0|rpc:localhost:41873|admin:localhost:39543|client:localhost:39921|dataStream:localhost:44273|priority:0|startupRole:FOLLOWER, s1|rpc:localhost:46783|admin:localhost:40179|client:localhost:41765|dataStream:localhost:44515|priority:0|startupRole:FOLLOWER, s2|rpc:localhost:35711|admin:localhost:42283|client:localhost:45049|dataStream:localhost:37547|priority:0|startupRole:FOLLOWER] returns group-858CCA1FFC33:java.util.concurrent.CompletableFuture@5c97875b[Not completed]
2023-03-21 03:38:18,699 [s3-impl-thread1] INFO  server.RaftServerConfigKeys (ConfUtils.java:logGet(46)) - raft.server.storage.free-space.min = 0MB (=0) (default)
2023-03-21 03:38:18,699 [s3-impl-thread1] INFO  server.RaftServerConfigKeys (ConfUtils.java:logGet(46)) - raft.server.log.corruption.policy = EXCEPTION (default)
2023-03-21 03:38:18,699 [s3-impl-thread1] INFO  server.RaftServerConfigKeys (ConfUtils.java:logGet(46)) - raft.server.storage.dir = [/home/runner/work/ratis/ratis/ratis-test/target/test/data/7ae0d5f1/MiniRaftClusterWithSimulatedRpc1455937/s3] (custom)
2023-03-21 03:38:18,699 [s3-impl-thread1] INFO  storage.RaftStorageDirectory (RaftStorageDirectoryImpl.java:analyzeStorage(138)) - The storage directory /home/runner/work/ratis/ratis/ratis-test/target/test/data/7ae0d5f1/MiniRaftClusterWithSimulatedRpc1455937/s3/1c2a37d1-55f4-406d-9acd-858cca1ffc33 does not exist. Creating ...
2023-03-21 03:38:18,700 [s3-impl-thread1] TRACE util.FileUtils (LogUtils.java:runAndLog(49)) - Successfully ran Files.createDirectories /home/runner/work/ratis/ratis/ratis-test/target/test/data/7ae0d5f1/MiniRaftClusterWithSimulatedRpc1455937/s3/1c2a37d1-55f4-406d-9acd-858cca1ffc33
2023-03-21 03:38:18,699 [s2-groupManagement] INFO  server.RaftServer$Division (RaftServerImpl.java:<init>(198)) - s2: new RaftServerImpl for group-858CCA1FFC33:[s3|rpc:localhost:44545|admin:localhost:42685|client:localhost:41947|dataStream:localhost:38359|priority:0|startupRole:FOLLOWER, s4|rpc:localhost:43959|admin:localhost:37675|client:localhost:41245|dataStream:localhost:36157|priority:0|startupRole:FOLLOWER, s0|rpc:localhost:41873|admin:localhost:39543|client:localhost:39921|dataStream:localhost:44273|priority:0|startupRole:FOLLOWER, s1|rpc:localhost:46783|admin:localhost:40179|client:localhost:41765|dataStream:localhost:44515|priority:0|startupRole:FOLLOWER, s2|rpc:localhost:35711|admin:localhost:42283|client:localhost:45049|dataStream:localhost:37547|priority:0|startupRole:FOLLOWER] with BaseStateMachine:uninitialized
2023-03-21 03:38:18,701 [s2-groupManagement] INFO  server.RaftServerConfigKeys (ConfUtils.java:logGet(46)) - raft.server.rpc.timeout.min = 150ms (default)
2023-03-21 03:38:18,701 [s2-groupManagement] INFO  server.RaftServerConfigKeys (ConfUtils.java:logGet(46)) - raft.server.rpc.timeout.max = 300ms (default)
2023-03-21 03:38:18,701 [s2-groupManagement] INFO  server.RaftServerConfigKeys (ConfUtils.java:logGet(46)) - raft.server.rpc.sleep.time = 25ms (default)
2023-03-21 03:38:18,701 [s2-groupManagement] INFO  server.RaftServerConfigKeys (ConfUtils.java:logGet(46)) - raft.server.rpc.slowness.timeout = 60s (default)
2023-03-21 03:38:18,701 [s2-groupManagement] INFO  server.RaftServerConfigKeys (ConfUtils.java:logGet(46)) - raft.server.leaderelection.leader.step-down.wait-time = 10s (default)
2023-03-21 03:38:18,701 [s2-groupManagement] INFO  server.RaftServerConfigKeys (ConfUtils.java:logGet(46)) - raft.server.sleep.deviation.threshold = 300ms (default)
2023-03-21 03:38:18,701 [s2-groupManagement] INFO  server.RaftServer$Division (ServerState.java:<init>(113)) - s2@group-858CCA1FFC33: ConfigurationManager, init=-1: peers:[s3|rpc:localhost:44545|admin:localhost:42685|client:localhost:41947|dataStream:localhost:38359|priority:0|startupRole:FOLLOWER, s4|rpc:localhost:43959|admin:localhost:37675|client:localhost:41245|dataStream:localhost:36157|priority:0|startupRole:FOLLOWER, s0|rpc:localhost:41873|admin:localhost:39543|client:localhost:39921|dataStream:localhost:44273|priority:0|startupRole:FOLLOWER, s1|rpc:localhost:46783|admin:localhost:40179|client:localhost:41765|dataStream:localhost:44515|priority:0|startupRole:FOLLOWER, s2|rpc:localhost:35711|admin:localhost:42283|client:localhost:45049|dataStream:localhost:37547|priority:0|startupRole:FOLLOWER]|listeners:[], old=null, confs=<EMPTY_MAP>
2023-03-21 03:38:18,701 [s2-groupManagement] INFO  server.RaftServerConfigKeys (ConfUtils.java:logGet(46)) - raft.server.notification.no-leader.timeout = 60s (default)
2023-03-21 03:38:18,701 [s2-groupManagement] INFO  server.RaftServerConfigKeys (ConfUtils.java:logGet(46)) - raft.server.read.timeout = 10s (default)
2023-03-21 03:38:18,701 [s2-groupManagement] INFO  server.RaftServerConfigKeys (ConfUtils.java:logGet(46)) - raft.server.retrycache.expirytime = 60s (default)
2023-03-21 03:38:18,701 [s2-groupManagement] INFO  server.RaftServerConfigKeys (ConfUtils.java:logGet(46)) - raft.server.retrycache.statistics.expirytime = 100μs (default)
2023-03-21 03:38:18,701 [s3-impl-thread1] INFO  storage.RaftStorageDirectory (RaftStorageDirectoryImpl.java:tryLock(232)) - Lock on /home/runner/work/ratis/ratis/ratis-test/target/test/data/7ae0d5f1/MiniRaftClusterWithSimulatedRpc1455937/s3/1c2a37d1-55f4-406d-9acd-858cca1ffc33/in_use.lock acquired by nodename 8962@fv-az462-568
2023-03-21 03:38:18,701 [s2-groupManagement] INFO  server.RaftServerConfigKeys (ConfUtils.java:logGet(46)) - raft.server.read.option = DEFAULT (default)
2023-03-21 03:38:18,702 [s3-impl-thread1] TRACE util.FileUtils (LogUtils.java:runAndLog(49)) - Successfully ran Files.createDirectories /home/runner/work/ratis/ratis/ratis-test/target/test/data/7ae0d5f1/MiniRaftClusterWithSimulatedRpc1455937/s3/1c2a37d1-55f4-406d-9acd-858cca1ffc33/current
2023-03-21 03:38:18,702 [s3-impl-thread1] TRACE util.FileUtils (LogUtils.java:runAndLog(49)) - Successfully ran Files.createDirectories /home/runner/work/ratis/ratis/ratis-test/target/test/data/7ae0d5f1/MiniRaftClusterWithSimulatedRpc1455937/s3/1c2a37d1-55f4-406d-9acd-858cca1ffc33/sm
2023-03-21 03:38:18,703 [s3-impl-thread1] INFO  storage.RaftStorage (RaftStorageImpl.java:format(96)) - Storage directory /home/runner/work/ratis/ratis/ratis-test/target/test/data/7ae0d5f1/MiniRaftClusterWithSimulatedRpc1455937/s3/1c2a37d1-55f4-406d-9acd-858cca1ffc33 has been successfully formatted.
2023-03-21 03:38:18,703 [s3-impl-thread1] INFO  server.RaftServerConfigKeys (ConfUtils.java:logGet(46)) - raft.server.log.use.memory = false (default)
2023-03-21 03:38:18,703 [s3-impl-thread1] INFO  server.RaftServerConfigKeys (ConfUtils.java:logGet(46)) - raft.server.log.purge.gap = 1024 (default)
2023-03-21 03:38:18,703 [s3-impl-thread1] INFO  server.RaftServerConfigKeys (ConfUtils.java:logGet(46)) - raft.server.log.appender.buffer.byte-limit = 4MB (=4194304) (default)
2023-03-21 03:38:18,703 [s3-impl-thread1] INFO  server.RaftServerConfigKeys (ConfUtils.java:logGet(46)) - raft.server.log.statemachine.data.read.timeout = 1000ms (default)
2023-03-21 03:38:18,703 [s3-impl-thread1] INFO  server.RaftServerConfigKeys (ConfUtils.java:logGet(46)) - raft.server.log.purge.preservation.log.num = 0 (default)
2023-03-21 03:38:18,709 [s3-impl-thread1] INFO  server.RaftServerConfigKeys (ConfUtils.java:logGet(46)) - raft.server.log.segment.size.max = 8MB (=8388608) (default)
2023-03-21 03:38:18,710 [s3-impl-thread1] INFO  server.RaftServerConfigKeys (ConfUtils.java:logGet(46)) - raft.server.log.segment.cache.num.max = 6 (default)
2023-03-21 03:38:18,710 [s3-impl-thread1] INFO  server.RaftServerConfigKeys (ConfUtils.java:logGet(46)) - raft.server.log.segment.cache.size.max = 200MB (=209715200) (default)
2023-03-21 03:38:18,710 [s3-impl-thread1] INFO  server.RaftServerConfigKeys (ConfUtils.java:logGet(46)) - raft.server.log.appender.buffer.byte-limit = 4MB (=4194304) (default)
2023-03-21 03:38:18,710 [s3-impl-thread1] INFO  segmented.SegmentedRaftLogWorker (SegmentedRaftLogWorker.java:<init>(183)) - new s3@group-858CCA1FFC33-SegmentedRaftLogWorker for RaftStorageImpl:Storage Directory /home/runner/work/ratis/ratis/ratis-test/target/test/data/7ae0d5f1/MiniRaftClusterWithSimulatedRpc1455937/s3/1c2a37d1-55f4-406d-9acd-858cca1ffc33
2023-03-21 03:38:18,710 [s3-impl-thread1] INFO  server.RaftServerConfigKeys (ConfUtils.java:logGet(46)) - raft.server.log.queue.byte-limit = 64MB (=67108864) (default)
2023-03-21 03:38:18,710 [s3-impl-thread1] INFO  server.RaftServerConfigKeys (ConfUtils.java:logGet(46)) - raft.server.log.queue.element-limit = 4096 (default)
2023-03-21 03:38:18,710 [s3-impl-thread1] INFO  server.RaftServerConfigKeys (ConfUtils.java:logGet(46)) - raft.server.log.segment.size.max = 8MB (=8388608) (default)
2023-03-21 03:38:18,710 [s3-impl-thread1] INFO  server.RaftServerConfigKeys (ConfUtils.java:logGet(46)) - raft.server.log.preallocated.size = 4MB (=4194304) (default)
2023-03-21 03:38:18,710 [s3-impl-thread1] INFO  server.RaftServerConfigKeys (ConfUtils.java:logGet(46)) - raft.server.log.force.sync.num = 128 (default)
2023-03-21 03:38:18,710 [s3-impl-thread1] INFO  server.RaftServerConfigKeys (ConfUtils.java:logGet(46)) - raft.server.log.statemachine.data.sync = true (default)
2023-03-21 03:38:18,710 [s3-impl-thread1] INFO  server.RaftServerConfigKeys (ConfUtils.java:logGet(46)) - raft.server.log.statemachine.data.sync.timeout = 10s (default)
2023-03-21 03:38:18,710 [s3-impl-thread1] INFO  server.RaftServerConfigKeys (ConfUtils.java:logGet(46)) - raft.server.log.statemachine.data.sync.timeout.retry = -1 (default)
2023-03-21 03:38:18,710 [s3-impl-thread1] INFO  server.RaftServerConfigKeys (ConfUtils.java:logGet(46)) - raft.server.log.write.buffer.size = 64KB (=65536) (default)
2023-03-21 03:38:18,711 [s3-impl-thread1] INFO  server.RaftServerConfigKeys (ConfUtils.java:logGet(46)) - raft.server.log.appender.buffer.byte-limit = 4MB (=4194304) (default)
2023-03-21 03:38:18,711 [s2-groupManagement] INFO  server.RaftServerConfigKeys (ConfUtils.java:logGet(46)) - raft.server.rpc.request.timeout = 3000ms (default)
2023-03-21 03:38:18,711 [s2-groupManagement] INFO  server.RaftServerConfigKeys (ConfUtils.java:logGet(46)) - raft.server.log.appender.install.snapshot.enabled = true (default)
2023-03-21 03:38:18,711 [s2-groupManagement] INFO  server.RaftServerConfigKeys (ConfUtils.java:logGet(46)) - raft.server.threadpool.server.cached = true (default)
2023-03-21 03:38:18,712 [s2-groupManagement] INFO  server.RaftServerConfigKeys (ConfUtils.java:logGet(46)) - raft.server.threadpool.server.size = 0 (default)
2023-03-21 03:38:18,712 [s2-groupManagement] INFO  server.RaftServerConfigKeys (ConfUtils.java:logGet(46)) - raft.server.threadpool.client.cached = true (default)
2023-03-21 03:38:18,712 [s2-groupManagement] INFO  server.RaftServerConfigKeys (ConfUtils.java:logGet(46)) - raft.server.threadpool.client.size = 0 (default)
2023-03-21 03:38:18,712 [s3-impl-thread1] INFO  server.RaftServerConfigKeys (ConfUtils.java:logGet(46)) - raft.server.log.unsafe-flush.enabled = false (default)
2023-03-21 03:38:18,712 [s3-impl-thread1] INFO  server.RaftServerConfigKeys (ConfUtils.java:logGet(46)) - raft.server.log.async-flush.enabled = false (default)
2023-03-21 03:38:18,712 [s3-impl-thread1] INFO  server.RaftServerConfigKeys (ConfUtils.java:logGet(46)) - raft.server.log.statemachine.data.caching.enabled = false (default)
2023-03-21 03:38:18,712 [s3-impl-thread1] INFO  segmented.SegmentedRaftLogWorker (SegmentedRaftLogWorker.java:lambda$new$0(134)) - s3@group-858CCA1FFC33-SegmentedRaftLogWorker: flushIndex: setUnconditionally 0 -> -1
2023-03-21 03:38:18,712 [s3-impl-thread1] INFO  segmented.SegmentedRaftLogWorker (SegmentedRaftLogWorker.java:lambda$new$0(134)) - s3@group-858CCA1FFC33-SegmentedRaftLogWorker: safeCacheEvictIndex: setUnconditionally 0 -> -1
2023-03-21 03:38:18,713 [s3-impl-thread1] INFO  server.RaftServer$Division (RaftServerImpl.java:start(342)) - s3@group-858CCA1FFC33: start as a follower, conf=-1: peers:[s3|rpc:localhost:44545|admin:localhost:42685|client:localhost:41947|dataStream:localhost:38359|priority:0|startupRole:FOLLOWER, s4|rpc:localhost:43959|admin:localhost:37675|client:localhost:41245|dataStream:localhost:36157|priority:0|startupRole:FOLLOWER, s0|rpc:localhost:41873|admin:localhost:39543|client:localhost:39921|dataStream:localhost:44273|priority:0|startupRole:FOLLOWER, s1|rpc:localhost:46783|admin:localhost:40179|client:localhost:41765|dataStream:localhost:44515|priority:0|startupRole:FOLLOWER, s2|rpc:localhost:35711|admin:localhost:42283|client:localhost:45049|dataStream:localhost:37547|priority:0|startupRole:FOLLOWER]|listeners:[], old=null
2023-03-21 03:38:18,713 [s3-impl-thread1] INFO  server.RaftServer$Division (RaftServerImpl.java:setRole(329)) - s3@group-858CCA1FFC33: changes role from      null to FOLLOWER at term 0 for startAsFollower
2023-03-21 03:38:18,713 [s3-impl-thread1] INFO  impl.RoleInfo (RoleInfo.java:updateAndGet(139)) - s3: start s3@group-858CCA1FFC33-FollowerState
2023-03-21 03:38:18,713 [s3@group-858CCA1FFC33-FollowerState] INFO  server.RaftServerConfigKeys (ConfUtils.java:logFallback(53)) - raft.server.rpc.first-election.timeout.min = 150ms (fallback to raft.server.rpc.timeout.min)
2023-03-21 03:38:18,713 [s3-impl-thread1] INFO  util.JmxRegister (JmxRegister.java:tryRegister(44)) - Successfully registered JMX Bean with object name Ratis:service=RaftServer,group=group-858CCA1FFC33,id=s3
2023-03-21 03:38:18,713 [s3-impl-thread1] INFO  server.RaftServerConfigKeys (ConfUtils.java:logGet(46)) - raft.server.snapshot.auto.trigger.enabled = false (default)
2023-03-21 03:38:18,713 [s3-impl-thread1] INFO  server.RaftServerConfigKeys (ConfUtils.java:logGet(46)) - raft.server.snapshot.retention.file.num = -1 (default)
2023-03-21 03:38:18,713 [s3-impl-thread1] INFO  server.RaftServerConfigKeys (ConfUtils.java:logGet(46)) - raft.server.log.purge.upto.snapshot.index = false (default)
2023-03-21 03:38:18,714 [Time-limited test] INFO  server.RaftServer (RaftServerProxy.java:startImpl(401)) - s3: start RPC server
2023-03-21 03:38:18,713 [s3@group-858CCA1FFC33-FollowerState] INFO  server.RaftServerConfigKeys (ConfUtils.java:logFallback(53)) - raft.server.rpc.first-election.timeout.max = 300ms (fallback to raft.server.rpc.timeout.max)
2023-03-21 03:38:18,715 [JvmPauseMonitor4] INFO  util.JvmPauseMonitor (JvmPauseMonitor.java:run(103)) - JvmPauseMonitor-s3: Started
2023-03-21 03:38:18,715 [s4-impl-thread1] INFO  server.RaftServerConfigKeys (ConfUtils.java:logGet(46)) - raft.server.storage.free-space.min = 0MB (=0) (default)
2023-03-21 03:38:18,718 [s4-impl-thread1] INFO  server.RaftServerConfigKeys (ConfUtils.java:logGet(46)) - raft.server.log.corruption.policy = EXCEPTION (default)
2023-03-21 03:38:18,719 [s4-impl-thread1] INFO  server.RaftServerConfigKeys (ConfUtils.java:logGet(46)) - raft.server.storage.dir = [/home/runner/work/ratis/ratis/ratis-test/target/test/data/7ae0d5f1/MiniRaftClusterWithSimulatedRpc1455937/s4] (custom)
2023-03-21 03:38:18,719 [s4-impl-thread1] INFO  storage.RaftStorageDirectory (RaftStorageDirectoryImpl.java:analyzeStorage(138)) - The storage directory /home/runner/work/ratis/ratis/ratis-test/target/test/data/7ae0d5f1/MiniRaftClusterWithSimulatedRpc1455937/s4/1c2a37d1-55f4-406d-9acd-858cca1ffc33 does not exist. Creating ...
2023-03-21 03:38:18,719 [s4-impl-thread1] TRACE util.FileUtils (LogUtils.java:runAndLog(49)) - Successfully ran Files.createDirectories /home/runner/work/ratis/ratis/ratis-test/target/test/data/7ae0d5f1/MiniRaftClusterWithSimulatedRpc1455937/s4/1c2a37d1-55f4-406d-9acd-858cca1ffc33
2023-03-21 03:38:18,721 [s4-impl-thread1] INFO  storage.RaftStorageDirectory (RaftStorageDirectoryImpl.java:tryLock(232)) - Lock on /home/runner/work/ratis/ratis/ratis-test/target/test/data/7ae0d5f1/MiniRaftClusterWithSimulatedRpc1455937/s4/1c2a37d1-55f4-406d-9acd-858cca1ffc33/in_use.lock acquired by nodename 8962@fv-az462-568
2023-03-21 03:38:18,721 [s4-impl-thread1] TRACE util.FileUtils (LogUtils.java:runAndLog(49)) - Successfully ran Files.createDirectories /home/runner/work/ratis/ratis/ratis-test/target/test/data/7ae0d5f1/MiniRaftClusterWithSimulatedRpc1455937/s4/1c2a37d1-55f4-406d-9acd-858cca1ffc33/current
2023-03-21 03:38:18,722 [s4-impl-thread1] TRACE util.FileUtils (LogUtils.java:runAndLog(49)) - Successfully ran Files.createDirectories /home/runner/work/ratis/ratis/ratis-test/target/test/data/7ae0d5f1/MiniRaftClusterWithSimulatedRpc1455937/s4/1c2a37d1-55f4-406d-9acd-858cca1ffc33/sm
2023-03-21 03:38:18,723 [s4-impl-thread1] INFO  storage.RaftStorage (RaftStorageImpl.java:format(96)) - Storage directory /home/runner/work/ratis/ratis/ratis-test/target/test/data/7ae0d5f1/MiniRaftClusterWithSimulatedRpc1455937/s4/1c2a37d1-55f4-406d-9acd-858cca1ffc33 has been successfully formatted.
2023-03-21 03:38:18,723 [s4-impl-thread1] INFO  server.RaftServerConfigKeys (ConfUtils.java:logGet(46)) - raft.server.log.use.memory = false (default)
2023-03-21 03:38:18,723 [s4-impl-thread1] INFO  server.RaftServerConfigKeys (ConfUtils.java:logGet(46)) - raft.server.log.purge.gap = 1024 (default)
2023-03-21 03:38:18,723 [s4-impl-thread1] INFO  server.RaftServerConfigKeys (ConfUtils.java:logGet(46)) - raft.server.log.appender.buffer.byte-limit = 4MB (=4194304) (default)
2023-03-21 03:38:18,723 [s4-impl-thread1] INFO  server.RaftServerConfigKeys (ConfUtils.java:logGet(46)) - raft.server.log.statemachine.data.read.timeout = 1000ms (default)
2023-03-21 03:38:18,723 [s4-impl-thread1] INFO  server.RaftServerConfigKeys (ConfUtils.java:logGet(46)) - raft.server.log.purge.preservation.log.num = 0 (default)
2023-03-21 03:38:18,724 [s4-impl-thread1] INFO  server.RaftServerConfigKeys (ConfUtils.java:logGet(46)) - raft.server.log.segment.size.max = 8MB (=8388608) (default)
2023-03-21 03:38:18,724 [s4-impl-thread1] INFO  server.RaftServerConfigKeys (ConfUtils.java:logGet(46)) - raft.server.log.segment.cache.num.max = 6 (default)
2023-03-21 03:38:18,724 [s4-impl-thread1] INFO  server.RaftServerConfigKeys (ConfUtils.java:logGet(46)) - raft.server.log.segment.cache.size.max = 200MB (=209715200) (default)
2023-03-21 03:38:18,724 [s4-impl-thread1] INFO  server.RaftServerConfigKeys (ConfUtils.java:logGet(46)) - raft.server.log.appender.buffer.byte-limit = 4MB (=4194304) (default)
2023-03-21 03:38:18,724 [s4-impl-thread1] INFO  segmented.SegmentedRaftLogWorker (SegmentedRaftLogWorker.java:<init>(183)) - new s4@group-858CCA1FFC33-SegmentedRaftLogWorker for RaftStorageImpl:Storage Directory /home/runner/work/ratis/ratis/ratis-test/target/test/data/7ae0d5f1/MiniRaftClusterWithSimulatedRpc1455937/s4/1c2a37d1-55f4-406d-9acd-858cca1ffc33
2023-03-21 03:38:18,724 [s4-impl-thread1] INFO  server.RaftServerConfigKeys (ConfUtils.java:logGet(46)) - raft.server.log.queue.byte-limit = 64MB (=67108864) (default)
2023-03-21 03:38:18,725 [s4-impl-thread1] INFO  server.RaftServerConfigKeys (ConfUtils.java:logGet(46)) - raft.server.log.queue.element-limit = 4096 (default)
2023-03-21 03:38:18,725 [s4-impl-thread1] INFO  server.RaftServerConfigKeys (ConfUtils.java:logGet(46)) - raft.server.log.segment.size.max = 8MB (=8388608) (default)
2023-03-21 03:38:18,725 [s4-impl-thread1] INFO  server.RaftServerConfigKeys (ConfUtils.java:logGet(46)) - raft.server.log.preallocated.size = 4MB (=4194304) (default)
2023-03-21 03:38:18,725 [s4-impl-thread1] INFO  server.RaftServerConfigKeys (ConfUtils.java:logGet(46)) - raft.server.log.force.sync.num = 128 (default)
2023-03-21 03:38:18,725 [s4-impl-thread1] INFO  server.RaftServerConfigKeys (ConfUtils.java:logGet(46)) - raft.server.log.statemachine.data.sync = true (default)
2023-03-21 03:38:18,725 [s4-impl-thread1] INFO  server.RaftServerConfigKeys (ConfUtils.java:logGet(46)) - raft.server.log.statemachine.data.sync.timeout = 10s (default)
2023-03-21 03:38:18,725 [s4-impl-thread1] INFO  server.RaftServerConfigKeys (ConfUtils.java:logGet(46)) - raft.server.log.statemachine.data.sync.timeout.retry = -1 (default)
2023-03-21 03:38:18,725 [s4-impl-thread1] INFO  server.RaftServerConfigKeys (ConfUtils.java:logGet(46)) - raft.server.log.write.buffer.size = 64KB (=65536) (default)
2023-03-21 03:38:18,725 [s4-impl-thread1] INFO  server.RaftServerConfigKeys (ConfUtils.java:logGet(46)) - raft.server.log.appender.buffer.byte-limit = 4MB (=4194304) (default)
2023-03-21 03:38:18,735 [s4-impl-thread1] INFO  server.RaftServerConfigKeys (ConfUtils.java:logGet(46)) - raft.server.log.unsafe-flush.enabled = false (default)
2023-03-21 03:38:18,735 [s4-impl-thread1] INFO  server.RaftServerConfigKeys (ConfUtils.java:logGet(46)) - raft.server.log.async-flush.enabled = false (default)
2023-03-21 03:38:18,735 [s4-impl-thread1] INFO  server.RaftServerConfigKeys (ConfUtils.java:logGet(46)) - raft.server.log.statemachine.data.caching.enabled = false (default)
2023-03-21 03:38:18,735 [s4-impl-thread1] INFO  segmented.SegmentedRaftLogWorker (SegmentedRaftLogWorker.java:lambda$new$0(134)) - s4@group-858CCA1FFC33-SegmentedRaftLogWorker: flushIndex: setUnconditionally 0 -> -1
2023-03-21 03:38:18,735 [s4-impl-thread1] INFO  segmented.SegmentedRaftLogWorker (SegmentedRaftLogWorker.java:lambda$new$0(134)) - s4@group-858CCA1FFC33-SegmentedRaftLogWorker: safeCacheEvictIndex: setUnconditionally 0 -> -1
2023-03-21 03:38:18,738 [s4-impl-thread1] INFO  server.RaftServer$Division (RaftServerImpl.java:start(342)) - s4@group-858CCA1FFC33: start as a follower, conf=-1: peers:[s3|rpc:localhost:44545|admin:localhost:42685|client:localhost:41947|dataStream:localhost:38359|priority:0|startupRole:FOLLOWER, s4|rpc:localhost:43959|admin:localhost:37675|client:localhost:41245|dataStream:localhost:36157|priority:0|startupRole:FOLLOWER, s0|rpc:localhost:41873|admin:localhost:39543|client:localhost:39921|dataStream:localhost:44273|priority:0|startupRole:FOLLOWER, s1|rpc:localhost:46783|admin:localhost:40179|client:localhost:41765|dataStream:localhost:44515|priority:0|startupRole:FOLLOWER, s2|rpc:localhost:35711|admin:localhost:42283|client:localhost:45049|dataStream:localhost:37547|priority:0|startupRole:FOLLOWER]|listeners:[], old=null
2023-03-21 03:38:18,739 [s4-impl-thread1] INFO  server.RaftServer$Division (RaftServerImpl.java:setRole(329)) - s4@group-858CCA1FFC33: changes role from      null to FOLLOWER at term 0 for startAsFollower
2023-03-21 03:38:18,739 [s4-impl-thread1] INFO  impl.RoleInfo (RoleInfo.java:updateAndGet(139)) - s4: start s4@group-858CCA1FFC33-FollowerState
2023-03-21 03:38:18,739 [s4-impl-thread1] INFO  util.JmxRegister (JmxRegister.java:tryRegister(44)) - Successfully registered JMX Bean with object name Ratis:service=RaftServer,group=group-858CCA1FFC33,id=s4
2023-03-21 03:38:18,739 [s4-impl-thread1] INFO  server.RaftServerConfigKeys (ConfUtils.java:logGet(46)) - raft.server.snapshot.auto.trigger.enabled = false (default)
2023-03-21 03:38:18,739 [s4-impl-thread1] INFO  server.RaftServerConfigKeys (ConfUtils.java:logGet(46)) - raft.server.snapshot.retention.file.num = -1 (default)
2023-03-21 03:38:18,739 [s4-impl-thread1] INFO  server.RaftServerConfigKeys (ConfUtils.java:logGet(46)) - raft.server.log.purge.upto.snapshot.index = false (default)
2023-03-21 03:38:18,740 [s4@group-858CCA1FFC33-FollowerState] INFO  server.RaftServerConfigKeys (ConfUtils.java:logFallback(53)) - raft.server.rpc.first-election.timeout.min = 150ms (fallback to raft.server.rpc.timeout.min)
2023-03-21 03:38:18,740 [s4@group-858CCA1FFC33-FollowerState] INFO  server.RaftServerConfigKeys (ConfUtils.java:logFallback(53)) - raft.server.rpc.first-election.timeout.max = 300ms (fallback to raft.server.rpc.timeout.max)
2023-03-21 03:38:18,741 [Time-limited test] INFO  server.RaftServer (RaftServerProxy.java:startImpl(401)) - s4: start RPC server
2023-03-21 03:38:18,741 [s0-impl-thread1] INFO  server.RaftServerConfigKeys (ConfUtils.java:logGet(46)) - raft.server.storage.free-space.min = 0MB (=0) (default)
2023-03-21 03:38:18,741 [s0-impl-thread1] INFO  server.RaftServerConfigKeys (ConfUtils.java:logGet(46)) - raft.server.log.corruption.policy = EXCEPTION (default)
2023-03-21 03:38:18,742 [s0-impl-thread1] INFO  server.RaftServerConfigKeys (ConfUtils.java:logGet(46)) - raft.server.storage.dir = [/home/runner/work/ratis/ratis/ratis-test/target/test/data/7ae0d5f1/MiniRaftClusterWithSimulatedRpc1455937/s0] (custom)
2023-03-21 03:38:18,742 [s0-impl-thread1] INFO  storage.RaftStorageDirectory (RaftStorageDirectoryImpl.java:analyzeStorage(138)) - The storage directory /home/runner/work/ratis/ratis/ratis-test/target/test/data/7ae0d5f1/MiniRaftClusterWithSimulatedRpc1455937/s0/1c2a37d1-55f4-406d-9acd-858cca1ffc33 does not exist. Creating ...
2023-03-21 03:38:18,742 [s0-impl-thread1] TRACE util.FileUtils (LogUtils.java:runAndLog(49)) - Successfully ran Files.createDirectories /home/runner/work/ratis/ratis/ratis-test/target/test/data/7ae0d5f1/MiniRaftClusterWithSimulatedRpc1455937/s0/1c2a37d1-55f4-406d-9acd-858cca1ffc33
2023-03-21 03:38:18,741 [JvmPauseMonitor5] INFO  util.JvmPauseMonitor (JvmPauseMonitor.java:run(103)) - JvmPauseMonitor-s4: Started
2023-03-21 03:38:18,744 [s0-impl-thread1] INFO  storage.RaftStorageDirectory (RaftStorageDirectoryImpl.java:tryLock(232)) - Lock on /home/runner/work/ratis/ratis/ratis-test/target/test/data/7ae0d5f1/MiniRaftClusterWithSimulatedRpc1455937/s0/1c2a37d1-55f4-406d-9acd-858cca1ffc33/in_use.lock acquired by nodename 8962@fv-az462-568
2023-03-21 03:38:18,744 [s0-impl-thread1] TRACE util.FileUtils (LogUtils.java:runAndLog(49)) - Successfully ran Files.createDirectories /home/runner/work/ratis/ratis/ratis-test/target/test/data/7ae0d5f1/MiniRaftClusterWithSimulatedRpc1455937/s0/1c2a37d1-55f4-406d-9acd-858cca1ffc33/current
2023-03-21 03:38:18,745 [s0-impl-thread1] TRACE util.FileUtils (LogUtils.java:runAndLog(49)) - Successfully ran Files.createDirectories /home/runner/work/ratis/ratis/ratis-test/target/test/data/7ae0d5f1/MiniRaftClusterWithSimulatedRpc1455937/s0/1c2a37d1-55f4-406d-9acd-858cca1ffc33/sm
2023-03-21 03:38:18,746 [s0-impl-thread1] INFO  storage.RaftStorage (RaftStorageImpl.java:format(96)) - Storage directory /home/runner/work/ratis/ratis/ratis-test/target/test/data/7ae0d5f1/MiniRaftClusterWithSimulatedRpc1455937/s0/1c2a37d1-55f4-406d-9acd-858cca1ffc33 has been successfully formatted.
2023-03-21 03:38:18,746 [s0-impl-thread1] INFO  server.RaftServerConfigKeys (ConfUtils.java:logGet(46)) - raft.server.log.use.memory = false (default)
2023-03-21 03:38:18,746 [s0-impl-thread1] INFO  server.RaftServerConfigKeys (ConfUtils.java:logGet(46)) - raft.server.log.purge.gap = 1024 (default)
2023-03-21 03:38:18,747 [s0-impl-thread1] INFO  server.RaftServerConfigKeys (ConfUtils.java:logGet(46)) - raft.server.log.appender.buffer.byte-limit = 4MB (=4194304) (default)
2023-03-21 03:38:18,747 [s0-impl-thread1] INFO  server.RaftServerConfigKeys (ConfUtils.java:logGet(46)) - raft.server.log.statemachine.data.read.timeout = 1000ms (default)
2023-03-21 03:38:18,747 [s0-impl-thread1] INFO  server.RaftServerConfigKeys (ConfUtils.java:logGet(46)) - raft.server.log.purge.preservation.log.num = 0 (default)
2023-03-21 03:38:18,747 [s0-impl-thread1] INFO  server.RaftServerConfigKeys (ConfUtils.java:logGet(46)) - raft.server.log.segment.size.max = 8MB (=8388608) (default)
2023-03-21 03:38:18,747 [s0-impl-thread1] INFO  server.RaftServerConfigKeys (ConfUtils.java:logGet(46)) - raft.server.log.segment.cache.num.max = 6 (default)
2023-03-21 03:38:18,748 [s0-impl-thread1] INFO  server.RaftServerConfigKeys (ConfUtils.java:logGet(46)) - raft.server.log.segment.cache.size.max = 200MB (=209715200) (default)
2023-03-21 03:38:18,748 [s0-impl-thread1] INFO  server.RaftServerConfigKeys (ConfUtils.java:logGet(46)) - raft.server.log.appender.buffer.byte-limit = 4MB (=4194304) (default)
2023-03-21 03:38:18,748 [s0-impl-thread1] INFO  segmented.SegmentedRaftLogWorker (SegmentedRaftLogWorker.java:<init>(183)) - new s0@group-858CCA1FFC33-SegmentedRaftLogWorker for RaftStorageImpl:Storage Directory /home/runner/work/ratis/ratis/ratis-test/target/test/data/7ae0d5f1/MiniRaftClusterWithSimulatedRpc1455937/s0/1c2a37d1-55f4-406d-9acd-858cca1ffc33
2023-03-21 03:38:18,748 [s0-impl-thread1] INFO  server.RaftServerConfigKeys (ConfUtils.java:logGet(46)) - raft.server.log.queue.byte-limit = 64MB (=67108864) (default)
2023-03-21 03:38:18,748 [s0-impl-thread1] INFO  server.RaftServerConfigKeys (ConfUtils.java:logGet(46)) - raft.server.log.queue.element-limit = 4096 (default)
2023-03-21 03:38:18,748 [s0-impl-thread1] INFO  server.RaftServerConfigKeys (ConfUtils.java:logGet(46)) - raft.server.log.segment.size.max = 8MB (=8388608) (default)
2023-03-21 03:38:18,748 [s0-impl-thread1] INFO  server.RaftServerConfigKeys (ConfUtils.java:logGet(46)) - raft.server.log.preallocated.size = 4MB (=4194304) (default)
2023-03-21 03:38:18,748 [s0-impl-thread1] INFO  server.RaftServerConfigKeys (ConfUtils.java:logGet(46)) - raft.server.log.force.sync.num = 128 (default)
2023-03-21 03:38:18,748 [s0-impl-thread1] INFO  server.RaftServerConfigKeys (ConfUtils.java:logGet(46)) - raft.server.log.statemachine.data.sync = true (default)
2023-03-21 03:38:18,748 [s0-impl-thread1] INFO  server.RaftServerConfigKeys (ConfUtils.java:logGet(46)) - raft.server.log.statemachine.data.sync.timeout = 10s (default)
2023-03-21 03:38:18,748 [s0-impl-thread1] INFO  server.RaftServerConfigKeys (ConfUtils.java:logGet(46)) - raft.server.log.statemachine.data.sync.timeout.retry = -1 (default)
2023-03-21 03:38:18,748 [s0-impl-thread1] INFO  server.RaftServerConfigKeys (ConfUtils.java:logGet(46)) - raft.server.log.write.buffer.size = 64KB (=65536) (default)
2023-03-21 03:38:18,748 [s0-impl-thread1] INFO  server.RaftServerConfigKeys (ConfUtils.java:logGet(46)) - raft.server.log.appender.buffer.byte-limit = 4MB (=4194304) (default)
2023-03-21 03:38:18,750 [s0-impl-thread1] INFO  server.RaftServerConfigKeys (ConfUtils.java:logGet(46)) - raft.server.log.unsafe-flush.enabled = false (default)
2023-03-21 03:38:18,750 [s0-impl-thread1] INFO  server.RaftServerConfigKeys (ConfUtils.java:logGet(46)) - raft.server.log.async-flush.enabled = false (default)
2023-03-21 03:38:18,750 [s0-impl-thread1] INFO  server.RaftServerConfigKeys (ConfUtils.java:logGet(46)) - raft.server.log.statemachine.data.caching.enabled = false (default)
2023-03-21 03:38:18,750 [s0-impl-thread1] INFO  segmented.SegmentedRaftLogWorker (SegmentedRaftLogWorker.java:lambda$new$0(134)) - s0@group-858CCA1FFC33-SegmentedRaftLogWorker: flushIndex: setUnconditionally 0 -> -1
2023-03-21 03:38:18,750 [s0-impl-thread1] INFO  segmented.SegmentedRaftLogWorker (SegmentedRaftLogWorker.java:lambda$new$0(134)) - s0@group-858CCA1FFC33-SegmentedRaftLogWorker: safeCacheEvictIndex: setUnconditionally 0 -> -1
2023-03-21 03:38:18,750 [s0-impl-thread1] INFO  server.RaftServer$Division (RaftServerImpl.java:start(342)) - s0@group-858CCA1FFC33: start as a follower, conf=-1: peers:[s3|rpc:localhost:44545|admin:localhost:42685|client:localhost:41947|dataStream:localhost:38359|priority:0|startupRole:FOLLOWER, s4|rpc:localhost:43959|admin:localhost:37675|client:localhost:41245|dataStream:localhost:36157|priority:0|startupRole:FOLLOWER, s0|rpc:localhost:41873|admin:localhost:39543|client:localhost:39921|dataStream:localhost:44273|priority:0|startupRole:FOLLOWER, s1|rpc:localhost:46783|admin:localhost:40179|client:localhost:41765|dataStream:localhost:44515|priority:0|startupRole:FOLLOWER, s2|rpc:localhost:35711|admin:localhost:42283|client:localhost:45049|dataStream:localhost:37547|priority:0|startupRole:FOLLOWER]|listeners:[], old=null
2023-03-21 03:38:18,750 [s0-impl-thread1] INFO  server.RaftServer$Division (RaftServerImpl.java:setRole(329)) - s0@group-858CCA1FFC33: changes role from      null to FOLLOWER at term 0 for startAsFollower
2023-03-21 03:38:18,751 [s0-impl-thread1] INFO  impl.RoleInfo (RoleInfo.java:updateAndGet(139)) - s0: start s0@group-858CCA1FFC33-FollowerState
2023-03-21 03:38:18,754 [s0-impl-thread1] INFO  util.JmxRegister (JmxRegister.java:tryRegister(44)) - Successfully registered JMX Bean with object name Ratis:service=RaftServer,group=group-858CCA1FFC33,id=s0
2023-03-21 03:38:18,755 [s0-impl-thread1] INFO  server.RaftServerConfigKeys (ConfUtils.java:logGet(46)) - raft.server.snapshot.auto.trigger.enabled = false (default)
2023-03-21 03:38:18,755 [s0-impl-thread1] INFO  server.RaftServerConfigKeys (ConfUtils.java:logGet(46)) - raft.server.snapshot.retention.file.num = -1 (default)
2023-03-21 03:38:18,755 [s0-impl-thread1] INFO  server.RaftServerConfigKeys (ConfUtils.java:logGet(46)) - raft.server.log.purge.upto.snapshot.index = false (default)
2023-03-21 03:38:18,756 [s0@group-858CCA1FFC33-FollowerState] INFO  server.RaftServerConfigKeys (ConfUtils.java:logFallback(53)) - raft.server.rpc.first-election.timeout.min = 150ms (fallback to raft.server.rpc.timeout.min)
2023-03-21 03:38:18,756 [s0@group-858CCA1FFC33-FollowerState] INFO  server.RaftServerConfigKeys (ConfUtils.java:logFallback(53)) - raft.server.rpc.first-election.timeout.max = 300ms (fallback to raft.server.rpc.timeout.max)
2023-03-21 03:38:18,756 [Time-limited test] INFO  server.RaftServer (RaftServerProxy.java:startImpl(401)) - s0: start RPC server
2023-03-21 03:38:18,757 [s1-impl-thread1] INFO  server.RaftServerConfigKeys (ConfUtils.java:logGet(46)) - raft.server.storage.free-space.min = 0MB (=0) (default)
2023-03-21 03:38:18,757 [s1-impl-thread1] INFO  server.RaftServerConfigKeys (ConfUtils.java:logGet(46)) - raft.server.log.corruption.policy = EXCEPTION (default)
2023-03-21 03:38:18,758 [s1-impl-thread1] INFO  server.RaftServerConfigKeys (ConfUtils.java:logGet(46)) - raft.server.storage.dir = [/home/runner/work/ratis/ratis/ratis-test/target/test/data/7ae0d5f1/MiniRaftClusterWithSimulatedRpc1455937/s1] (custom)
2023-03-21 03:38:18,758 [s1-impl-thread1] INFO  storage.RaftStorageDirectory (RaftStorageDirectoryImpl.java:analyzeStorage(138)) - The storage directory /home/runner/work/ratis/ratis/ratis-test/target/test/data/7ae0d5f1/MiniRaftClusterWithSimulatedRpc1455937/s1/1c2a37d1-55f4-406d-9acd-858cca1ffc33 does not exist. Creating ...
2023-03-21 03:38:18,758 [s1-impl-thread1] TRACE util.FileUtils (LogUtils.java:runAndLog(49)) - Successfully ran Files.createDirectories /home/runner/work/ratis/ratis/ratis-test/target/test/data/7ae0d5f1/MiniRaftClusterWithSimulatedRpc1455937/s1/1c2a37d1-55f4-406d-9acd-858cca1ffc33
2023-03-21 03:38:18,758 [JvmPauseMonitor6] INFO  util.JvmPauseMonitor (JvmPauseMonitor.java:run(103)) - JvmPauseMonitor-s0: Started
2023-03-21 03:38:18,759 [s1-impl-thread1] INFO  storage.RaftStorageDirectory (RaftStorageDirectoryImpl.java:tryLock(232)) - Lock on /home/runner/work/ratis/ratis/ratis-test/target/test/data/7ae0d5f1/MiniRaftClusterWithSimulatedRpc1455937/s1/1c2a37d1-55f4-406d-9acd-858cca1ffc33/in_use.lock acquired by nodename 8962@fv-az462-568
2023-03-21 03:38:18,759 [s1-impl-thread1] TRACE util.FileUtils (LogUtils.java:runAndLog(49)) - Successfully ran Files.createDirectories /home/runner/work/ratis/ratis/ratis-test/target/test/data/7ae0d5f1/MiniRaftClusterWithSimulatedRpc1455937/s1/1c2a37d1-55f4-406d-9acd-858cca1ffc33/current
2023-03-21 03:38:18,759 [s1-impl-thread1] TRACE util.FileUtils (LogUtils.java:runAndLog(49)) - Successfully ran Files.createDirectories /home/runner/work/ratis/ratis/ratis-test/target/test/data/7ae0d5f1/MiniRaftClusterWithSimulatedRpc1455937/s1/1c2a37d1-55f4-406d-9acd-858cca1ffc33/sm
2023-03-21 03:38:18,761 [s1-impl-thread1] INFO  storage.RaftStorage (RaftStorageImpl.java:format(96)) - Storage directory /home/runner/work/ratis/ratis/ratis-test/target/test/data/7ae0d5f1/MiniRaftClusterWithSimulatedRpc1455937/s1/1c2a37d1-55f4-406d-9acd-858cca1ffc33 has been successfully formatted.
2023-03-21 03:38:18,761 [s1-impl-thread1] INFO  server.RaftServerConfigKeys (ConfUtils.java:logGet(46)) - raft.server.log.use.memory = false (default)
2023-03-21 03:38:18,761 [s1-impl-thread1] INFO  server.RaftServerConfigKeys (ConfUtils.java:logGet(46)) - raft.server.log.purge.gap = 1024 (default)
2023-03-21 03:38:18,761 [s1-impl-thread1] INFO  server.RaftServerConfigKeys (ConfUtils.java:logGet(46)) - raft.server.log.appender.buffer.byte-limit = 4MB (=4194304) (default)
2023-03-21 03:38:18,761 [s1-impl-thread1] INFO  server.RaftServerConfigKeys (ConfUtils.java:logGet(46)) - raft.server.log.statemachine.data.read.timeout = 1000ms (default)
2023-03-21 03:38:18,761 [s1-impl-thread1] INFO  server.RaftServerConfigKeys (ConfUtils.java:logGet(46)) - raft.server.log.purge.preservation.log.num = 0 (default)
2023-03-21 03:38:18,762 [s1-impl-thread1] INFO  server.RaftServerConfigKeys (ConfUtils.java:logGet(46)) - raft.server.log.segment.size.max = 8MB (=8388608) (default)
2023-03-21 03:38:18,762 [s1-impl-thread1] INFO  server.RaftServerConfigKeys (ConfUtils.java:logGet(46)) - raft.server.log.segment.cache.num.max = 6 (default)
2023-03-21 03:38:18,762 [s1-impl-thread1] INFO  server.RaftServerConfigKeys (ConfUtils.java:logGet(46)) - raft.server.log.segment.cache.size.max = 200MB (=209715200) (default)
2023-03-21 03:38:18,762 [s1-impl-thread1] INFO  server.RaftServerConfigKeys (ConfUtils.java:logGet(46)) - raft.server.log.appender.buffer.byte-limit = 4MB (=4194304) (default)
2023-03-21 03:38:18,762 [s1-impl-thread1] INFO  segmented.SegmentedRaftLogWorker (SegmentedRaftLogWorker.java:<init>(183)) - new s1@group-858CCA1FFC33-SegmentedRaftLogWorker for RaftStorageImpl:Storage Directory /home/runner/work/ratis/ratis/ratis-test/target/test/data/7ae0d5f1/MiniRaftClusterWithSimulatedRpc1455937/s1/1c2a37d1-55f4-406d-9acd-858cca1ffc33
2023-03-21 03:38:18,762 [s1-impl-thread1] INFO  server.RaftServerConfigKeys (ConfUtils.java:logGet(46)) - raft.server.log.queue.byte-limit = 64MB (=67108864) (default)
2023-03-21 03:38:18,762 [s1-impl-thread1] INFO  server.RaftServerConfigKeys (ConfUtils.java:logGet(46)) - raft.server.log.queue.element-limit = 4096 (default)
2023-03-21 03:38:18,762 [s1-impl-thread1] INFO  server.RaftServerConfigKeys (ConfUtils.java:logGet(46)) - raft.server.log.segment.size.max = 8MB (=8388608) (default)
2023-03-21 03:38:18,762 [s1-impl-thread1] INFO  server.RaftServerConfigKeys (ConfUtils.java:logGet(46)) - raft.server.log.preallocated.size = 4MB (=4194304) (default)
2023-03-21 03:38:18,762 [s1-impl-thread1] INFO  server.RaftServerConfigKeys (ConfUtils.java:logGet(46)) - raft.server.log.force.sync.num = 128 (default)
2023-03-21 03:38:18,762 [s1-impl-thread1] INFO  server.RaftServerConfigKeys (ConfUtils.java:logGet(46)) - raft.server.log.statemachine.data.sync = true (default)
2023-03-21 03:38:18,762 [s1-impl-thread1] INFO  server.RaftServerConfigKeys (ConfUtils.java:logGet(46)) - raft.server.log.statemachine.data.sync.timeout = 10s (default)
2023-03-21 03:38:18,762 [s1-impl-thread1] INFO  server.RaftServerConfigKeys (ConfUtils.java:logGet(46)) - raft.server.log.statemachine.data.sync.timeout.retry = -1 (default)
2023-03-21 03:38:18,763 [s1-impl-thread1] INFO  server.RaftServerConfigKeys (ConfUtils.java:logGet(46)) - raft.server.log.write.buffer.size = 64KB (=65536) (default)
2023-03-21 03:38:18,763 [s1-impl-thread1] INFO  server.RaftServerConfigKeys (ConfUtils.java:logGet(46)) - raft.server.log.appender.buffer.byte-limit = 4MB (=4194304) (default)
2023-03-21 03:38:18,765 [s1-impl-thread1] INFO  server.RaftServerConfigKeys (ConfUtils.java:logGet(46)) - raft.server.log.unsafe-flush.enabled = false (default)
2023-03-21 03:38:18,765 [s1-impl-thread1] INFO  server.RaftServerConfigKeys (ConfUtils.java:logGet(46)) - raft.server.log.async-flush.enabled = false (default)
2023-03-21 03:38:18,765 [s1-impl-thread1] INFO  server.RaftServerConfigKeys (ConfUtils.java:logGet(46)) - raft.server.log.statemachine.data.caching.enabled = false (default)
2023-03-21 03:38:18,765 [s1-impl-thread1] INFO  segmented.SegmentedRaftLogWorker (SegmentedRaftLogWorker.java:lambda$new$0(134)) - s1@group-858CCA1FFC33-SegmentedRaftLogWorker: flushIndex: setUnconditionally 0 -> -1
2023-03-21 03:38:18,765 [s1-impl-thread1] INFO  segmented.SegmentedRaftLogWorker (SegmentedRaftLogWorker.java:lambda$new$0(134)) - s1@group-858CCA1FFC33-SegmentedRaftLogWorker: safeCacheEvictIndex: setUnconditionally 0 -> -1
2023-03-21 03:38:18,771 [s1-impl-thread1] INFO  server.RaftServer$Division (RaftServerImpl.java:start(342)) - s1@group-858CCA1FFC33: start as a follower, conf=-1: peers:[s3|rpc:localhost:44545|admin:localhost:42685|client:localhost:41947|dataStream:localhost:38359|priority:0|startupRole:FOLLOWER, s4|rpc:localhost:43959|admin:localhost:37675|client:localhost:41245|dataStream:localhost:36157|priority:0|startupRole:FOLLOWER, s0|rpc:localhost:41873|admin:localhost:39543|client:localhost:39921|dataStream:localhost:44273|priority:0|startupRole:FOLLOWER, s1|rpc:localhost:46783|admin:localhost:40179|client:localhost:41765|dataStream:localhost:44515|priority:0|startupRole:FOLLOWER, s2|rpc:localhost:35711|admin:localhost:42283|client:localhost:45049|dataStream:localhost:37547|priority:0|startupRole:FOLLOWER]|listeners:[], old=null
2023-03-21 03:38:18,771 [s1-impl-thread1] INFO  server.RaftServer$Division (RaftServerImpl.java:setRole(329)) - s1@group-858CCA1FFC33: changes role from      null to FOLLOWER at term 0 for startAsFollower
2023-03-21 03:38:18,771 [s1-impl-thread1] INFO  impl.RoleInfo (RoleInfo.java:updateAndGet(139)) - s1: start s1@group-858CCA1FFC33-FollowerState
2023-03-21 03:38:18,773 [s1-impl-thread1] INFO  util.JmxRegister (JmxRegister.java:tryRegister(44)) - Successfully registered JMX Bean with object name Ratis:service=RaftServer,group=group-858CCA1FFC33,id=s1
2023-03-21 03:38:18,773 [s1-impl-thread1] INFO  server.RaftServerConfigKeys (ConfUtils.java:logGet(46)) - raft.server.snapshot.auto.trigger.enabled = false (default)
2023-03-21 03:38:18,773 [s1-impl-thread1] INFO  server.RaftServerConfigKeys (ConfUtils.java:logGet(46)) - raft.server.snapshot.retention.file.num = -1 (default)
2023-03-21 03:38:18,773 [s1-impl-thread1] INFO  server.RaftServerConfigKeys (ConfUtils.java:logGet(46)) - raft.server.log.purge.upto.snapshot.index = false (default)
2023-03-21 03:38:18,777 [s1@group-858CCA1FFC33-FollowerState] INFO  server.RaftServerConfigKeys (ConfUtils.java:logFallback(53)) - raft.server.rpc.first-election.timeout.min = 150ms (fallback to raft.server.rpc.timeout.min)
2023-03-21 03:38:18,777 [s1@group-858CCA1FFC33-FollowerState] INFO  server.RaftServerConfigKeys (ConfUtils.java:logFallback(53)) - raft.server.rpc.first-election.timeout.max = 300ms (fallback to raft.server.rpc.timeout.max)
2023-03-21 03:38:18,778 [Time-limited test] INFO  server.RaftServer (RaftServerProxy.java:startImpl(401)) - s1: start RPC server
2023-03-21 03:38:18,779 [s2-impl-thread1] INFO  server.RaftServerConfigKeys (ConfUtils.java:logGet(46)) - raft.server.storage.free-space.min = 0MB (=0) (default)
2023-03-21 03:38:18,779 [s2-impl-thread1] INFO  server.RaftServerConfigKeys (ConfUtils.java:logGet(46)) - raft.server.log.corruption.policy = EXCEPTION (default)
2023-03-21 03:38:18,780 [s2-impl-thread1] INFO  server.RaftServerConfigKeys (ConfUtils.java:logGet(46)) - raft.server.storage.dir = [/home/runner/work/ratis/ratis/ratis-test/target/test/data/7ae0d5f1/MiniRaftClusterWithSimulatedRpc1455937/s2] (custom)
2023-03-21 03:38:18,780 [s2-impl-thread1] INFO  storage.RaftStorageDirectory (RaftStorageDirectoryImpl.java:analyzeStorage(138)) - The storage directory /home/runner/work/ratis/ratis/ratis-test/target/test/data/7ae0d5f1/MiniRaftClusterWithSimulatedRpc1455937/s2/1c2a37d1-55f4-406d-9acd-858cca1ffc33 does not exist. Creating ...
2023-03-21 03:38:18,780 [s2-impl-thread1] TRACE util.FileUtils (LogUtils.java:runAndLog(49)) - Successfully ran Files.createDirectories /home/runner/work/ratis/ratis/ratis-test/target/test/data/7ae0d5f1/MiniRaftClusterWithSimulatedRpc1455937/s2/1c2a37d1-55f4-406d-9acd-858cca1ffc33
2023-03-21 03:38:18,781 [JvmPauseMonitor7] INFO  util.JvmPauseMonitor (JvmPauseMonitor.java:run(103)) - JvmPauseMonitor-s1: Started
2023-03-21 03:38:18,783 [s2-impl-thread1] INFO  storage.RaftStorageDirectory (RaftStorageDirectoryImpl.java:tryLock(232)) - Lock on /home/runner/work/ratis/ratis/ratis-test/target/test/data/7ae0d5f1/MiniRaftClusterWithSimulatedRpc1455937/s2/1c2a37d1-55f4-406d-9acd-858cca1ffc33/in_use.lock acquired by nodename 8962@fv-az462-568
2023-03-21 03:38:18,783 [s2-impl-thread1] TRACE util.FileUtils (LogUtils.java:runAndLog(49)) - Successfully ran Files.createDirectories /home/runner/work/ratis/ratis/ratis-test/target/test/data/7ae0d5f1/MiniRaftClusterWithSimulatedRpc1455937/s2/1c2a37d1-55f4-406d-9acd-858cca1ffc33/current
2023-03-21 03:38:18,783 [s2-impl-thread1] TRACE util.FileUtils (LogUtils.java:runAndLog(49)) - Successfully ran Files.createDirectories /home/runner/work/ratis/ratis/ratis-test/target/test/data/7ae0d5f1/MiniRaftClusterWithSimulatedRpc1455937/s2/1c2a37d1-55f4-406d-9acd-858cca1ffc33/sm
2023-03-21 03:38:18,785 [s2-impl-thread1] INFO  storage.RaftStorage (RaftStorageImpl.java:format(96)) - Storage directory /home/runner/work/ratis/ratis/ratis-test/target/test/data/7ae0d5f1/MiniRaftClusterWithSimulatedRpc1455937/s2/1c2a37d1-55f4-406d-9acd-858cca1ffc33 has been successfully formatted.
2023-03-21 03:38:18,786 [s2-impl-thread1] INFO  server.RaftServerConfigKeys (ConfUtils.java:logGet(46)) - raft.server.log.use.memory = false (default)
2023-03-21 03:38:18,786 [s2-impl-thread1] INFO  server.RaftServerConfigKeys (ConfUtils.java:logGet(46)) - raft.server.log.purge.gap = 1024 (default)
2023-03-21 03:38:18,786 [s2-impl-thread1] INFO  server.RaftServerConfigKeys (ConfUtils.java:logGet(46)) - raft.server.log.appender.buffer.byte-limit = 4MB (=4194304) (default)
2023-03-21 03:38:18,786 [s2-impl-thread1] INFO  server.RaftServerConfigKeys (ConfUtils.java:logGet(46)) - raft.server.log.statemachine.data.read.timeout = 1000ms (default)
2023-03-21 03:38:18,787 [s2-impl-thread1] INFO  server.RaftServerConfigKeys (ConfUtils.java:logGet(46)) - raft.server.log.purge.preservation.log.num = 0 (default)
2023-03-21 03:38:18,787 [s2-impl-thread1] INFO  server.RaftServerConfigKeys (ConfUtils.java:logGet(46)) - raft.server.log.segment.size.max = 8MB (=8388608) (default)
2023-03-21 03:38:18,787 [s2-impl-thread1] INFO  server.RaftServerConfigKeys (ConfUtils.java:logGet(46)) - raft.server.log.segment.cache.num.max = 6 (default)
2023-03-21 03:38:18,787 [s2-impl-thread1] INFO  server.RaftServerConfigKeys (ConfUtils.java:logGet(46)) - raft.server.log.segment.cache.size.max = 200MB (=209715200) (default)
2023-03-21 03:38:18,787 [s2-impl-thread1] INFO  server.RaftServerConfigKeys (ConfUtils.java:logGet(46)) - raft.server.log.appender.buffer.byte-limit = 4MB (=4194304) (default)
2023-03-21 03:38:18,788 [s2-impl-thread1] INFO  segmented.SegmentedRaftLogWorker (SegmentedRaftLogWorker.java:<init>(183)) - new s2@group-858CCA1FFC33-SegmentedRaftLogWorker for RaftStorageImpl:Storage Directory /home/runner/work/ratis/ratis/ratis-test/target/test/data/7ae0d5f1/MiniRaftClusterWithSimulatedRpc1455937/s2/1c2a37d1-55f4-406d-9acd-858cca1ffc33
2023-03-21 03:38:18,788 [s2-impl-thread1] INFO  server.RaftServerConfigKeys (ConfUtils.java:logGet(46)) - raft.server.log.queue.byte-limit = 64MB (=67108864) (default)
2023-03-21 03:38:18,788 [s2-impl-thread1] INFO  server.RaftServerConfigKeys (ConfUtils.java:logGet(46)) - raft.server.log.queue.element-limit = 4096 (default)
2023-03-21 03:38:18,788 [s2-impl-thread1] INFO  server.RaftServerConfigKeys (ConfUtils.java:logGet(46)) - raft.server.log.segment.size.max = 8MB (=8388608) (default)
2023-03-21 03:38:18,788 [s2-impl-thread1] INFO  server.RaftServerConfigKeys (ConfUtils.java:logGet(46)) - raft.server.log.preallocated.size = 4MB (=4194304) (default)
2023-03-21 03:38:18,788 [s2-impl-thread1] INFO  server.RaftServerConfigKeys (ConfUtils.java:logGet(46)) - raft.server.log.force.sync.num = 128 (default)
2023-03-21 03:38:18,788 [s2-impl-thread1] INFO  server.RaftServerConfigKeys (ConfUtils.java:logGet(46)) - raft.server.log.statemachine.data.sync = true (default)
2023-03-21 03:38:18,788 [s2-impl-thread1] INFO  server.RaftServerConfigKeys (ConfUtils.java:logGet(46)) - raft.server.log.statemachine.data.sync.timeout = 10s (default)
2023-03-21 03:38:18,788 [s2-impl-thread1] INFO  server.RaftServerConfigKeys (ConfUtils.java:logGet(46)) - raft.server.log.statemachine.data.sync.timeout.retry = -1 (default)
2023-03-21 03:38:18,788 [s2-impl-thread1] INFO  server.RaftServerConfigKeys (ConfUtils.java:logGet(46)) - raft.server.log.write.buffer.size = 64KB (=65536) (default)
2023-03-21 03:38:18,788 [s2-impl-thread1] INFO  server.RaftServerConfigKeys (ConfUtils.java:logGet(46)) - raft.server.log.appender.buffer.byte-limit = 4MB (=4194304) (default)
2023-03-21 03:38:18,790 [s2-impl-thread1] INFO  server.RaftServerConfigKeys (ConfUtils.java:logGet(46)) - raft.server.log.unsafe-flush.enabled = false (default)
2023-03-21 03:38:18,790 [s2-impl-thread1] INFO  server.RaftServerConfigKeys (ConfUtils.java:logGet(46)) - raft.server.log.async-flush.enabled = false (default)
2023-03-21 03:38:18,790 [s2-impl-thread1] INFO  server.RaftServerConfigKeys (ConfUtils.java:logGet(46)) - raft.server.log.statemachine.data.caching.enabled = false (default)
2023-03-21 03:38:18,790 [s2-impl-thread1] INFO  segmented.SegmentedRaftLogWorker (SegmentedRaftLogWorker.java:lambda$new$0(134)) - s2@group-858CCA1FFC33-SegmentedRaftLogWorker: flushIndex: setUnconditionally 0 -> -1
2023-03-21 03:38:18,790 [s2-impl-thread1] INFO  segmented.SegmentedRaftLogWorker (SegmentedRaftLogWorker.java:lambda$new$0(134)) - s2@group-858CCA1FFC33-SegmentedRaftLogWorker: safeCacheEvictIndex: setUnconditionally 0 -> -1
2023-03-21 03:38:18,795 [s2-impl-thread1] INFO  server.RaftServer$Division (RaftServerImpl.java:start(342)) - s2@group-858CCA1FFC33: start as a follower, conf=-1: peers:[s3|rpc:localhost:44545|admin:localhost:42685|client:localhost:41947|dataStream:localhost:38359|priority:0|startupRole:FOLLOWER, s4|rpc:localhost:43959|admin:localhost:37675|client:localhost:41245|dataStream:localhost:36157|priority:0|startupRole:FOLLOWER, s0|rpc:localhost:41873|admin:localhost:39543|client:localhost:39921|dataStream:localhost:44273|priority:0|startupRole:FOLLOWER, s1|rpc:localhost:46783|admin:localhost:40179|client:localhost:41765|dataStream:localhost:44515|priority:0|startupRole:FOLLOWER, s2|rpc:localhost:35711|admin:localhost:42283|client:localhost:45049|dataStream:localhost:37547|priority:0|startupRole:FOLLOWER]|listeners:[], old=null
2023-03-21 03:38:18,795 [s2-impl-thread1] INFO  server.RaftServer$Division (RaftServerImpl.java:setRole(329)) - s2@group-858CCA1FFC33: changes role from      null to FOLLOWER at term 0 for startAsFollower
2023-03-21 03:38:18,795 [s2-impl-thread1] INFO  impl.RoleInfo (RoleInfo.java:updateAndGet(139)) - s2: start s2@group-858CCA1FFC33-FollowerState
2023-03-21 03:38:18,796 [s2-impl-thread1] INFO  util.JmxRegister (JmxRegister.java:tryRegister(44)) - Successfully registered JMX Bean with object name Ratis:service=RaftServer,group=group-858CCA1FFC33,id=s2
2023-03-21 03:38:18,796 [s2-impl-thread1] INFO  server.RaftServerConfigKeys (ConfUtils.java:logGet(46)) - raft.server.snapshot.auto.trigger.enabled = false (default)
2023-03-21 03:38:18,796 [s2-impl-thread1] INFO  server.RaftServerConfigKeys (ConfUtils.java:logGet(46)) - raft.server.snapshot.retention.file.num = -1 (default)
2023-03-21 03:38:18,796 [s2-impl-thread1] INFO  server.RaftServerConfigKeys (ConfUtils.java:logGet(46)) - raft.server.log.purge.upto.snapshot.index = false (default)
2023-03-21 03:38:18,798 [s2@group-858CCA1FFC33-FollowerState] INFO  server.RaftServerConfigKeys (ConfUtils.java:logFallback(53)) - raft.server.rpc.first-election.timeout.min = 150ms (fallback to raft.server.rpc.timeout.min)
2023-03-21 03:38:18,798 [s2@group-858CCA1FFC33-FollowerState] INFO  server.RaftServerConfigKeys (ConfUtils.java:logFallback(53)) - raft.server.rpc.first-election.timeout.max = 300ms (fallback to raft.server.rpc.timeout.max)
2023-03-21 03:38:18,798 [Time-limited test] INFO  server.RaftServer (RaftServerProxy.java:startImpl(401)) - s2: start RPC server
2023-03-21 03:38:18,799 [JvmPauseMonitor8] INFO  util.JvmPauseMonitor (JvmPauseMonitor.java:run(103)) - JvmPauseMonitor-s2: Started
2023-03-21 03:38:18,800 [Time-limited test] INFO  server.RaftServerConfigKeys (ConfUtils.java:logGet(46)) - raft.server.rpc.timeout.max = 300ms (default)
2023-03-21 03:38:18,808 [Time-limited test] INFO  ratis.RaftTestUtil (RaftTestUtil.java:waitForLeader(100)) - printing ALL groups
  s3:  RUNNING  FOLLOWER s3@group-858CCA1FFC33:t0, leader=null, voted=, raftlog=Memoized:s3@group-858CCA1FFC33-SegmentedRaftLog:OPENED:c-1, conf=-1: peers:[s3|rpc:localhost:44545|admin:localhost:42685|client:localhost:41947|dataStream:localhost:38359|priority:0|startupRole:FOLLOWER, s4|rpc:localhost:43959|admin:localhost:37675|client:localhost:41245|dataStream:localhost:36157|priority:0|startupRole:FOLLOWER, s0|rpc:localhost:41873|admin:localhost:39543|client:localhost:39921|dataStream:localhost:44273|priority:0|startupRole:FOLLOWER, s1|rpc:localhost:46783|admin:localhost:40179|client:localhost:41765|dataStream:localhost:44515|priority:0|startupRole:FOLLOWER, s2|rpc:localhost:35711|admin:localhost:42283|client:localhost:45049|dataStream:localhost:37547|priority:0|startupRole:FOLLOWER]|listeners:[], old=null RUNNING
  s4:  RUNNING  FOLLOWER s4@group-858CCA1FFC33:t0, leader=null, voted=, raftlog=Memoized:s4@group-858CCA1FFC33-SegmentedRaftLog:OPENED:c-1, conf=-1: peers:[s3|rpc:localhost:44545|admin:localhost:42685|client:localhost:41947|dataStream:localhost:38359|priority:0|startupRole:FOLLOWER, s4|rpc:localhost:43959|admin:localhost:37675|client:localhost:41245|dataStream:localhost:36157|priority:0|startupRole:FOLLOWER, s0|rpc:localhost:41873|admin:localhost:39543|client:localhost:39921|dataStream:localhost:44273|priority:0|startupRole:FOLLOWER, s1|rpc:localhost:46783|admin:localhost:40179|client:localhost:41765|dataStream:localhost:44515|priority:0|startupRole:FOLLOWER, s2|rpc:localhost:35711|admin:localhost:42283|client:localhost:45049|dataStream:localhost:37547|priority:0|startupRole:FOLLOWER]|listeners:[], old=null RUNNING
  s0:  RUNNING  FOLLOWER s0@group-858CCA1FFC33:t0, leader=null, voted=, raftlog=Memoized:s0@group-858CCA1FFC33-SegmentedRaftLog:OPENED:c-1, conf=-1: peers:[s3|rpc:localhost:44545|admin:localhost:42685|client:localhost:41947|dataStream:localhost:38359|priority:0|startupRole:FOLLOWER, s4|rpc:localhost:43959|admin:localhost:37675|client:localhost:41245|dataStream:localhost:36157|priority:0|startupRole:FOLLOWER, s0|rpc:localhost:41873|admin:localhost:39543|client:localhost:39921|dataStream:localhost:44273|priority:0|startupRole:FOLLOWER, s1|rpc:localhost:46783|admin:localhost:40179|client:localhost:41765|dataStream:localhost:44515|priority:0|startupRole:FOLLOWER, s2|rpc:localhost:35711|admin:localhost:42283|client:localhost:45049|dataStream:localhost:37547|priority:0|startupRole:FOLLOWER]|listeners:[], old=null RUNNING
  s1:  RUNNING  FOLLOWER s1@group-858CCA1FFC33:t0, leader=null, voted=, raftlog=Memoized:s1@group-858CCA1FFC33-SegmentedRaftLog:OPENED:c-1, conf=-1: peers:[s3|rpc:localhost:44545|admin:localhost:42685|client:localhost:41947|dataStream:localhost:38359|priority:0|startupRole:FOLLOWER, s4|rpc:localhost:43959|admin:localhost:37675|client:localhost:41245|dataStream:localhost:36157|priority:0|startupRole:FOLLOWER, s0|rpc:localhost:41873|admin:localhost:39543|client:localhost:39921|dataStream:localhost:44273|priority:0|startupRole:FOLLOWER, s1|rpc:localhost:46783|admin:localhost:40179|client:localhost:41765|dataStream:localhost:44515|priority:0|startupRole:FOLLOWER, s2|rpc:localhost:35711|admin:localhost:42283|client:localhost:45049|dataStream:localhost:37547|priority:0|startupRole:FOLLOWER]|listeners:[], old=null RUNNING
  s2:  RUNNING  FOLLOWER s2@group-858CCA1FFC33:t0, leader=null, voted=, raftlog=Memoized:s2@group-858CCA1FFC33-SegmentedRaftLog:OPENED:c-1, conf=-1: peers:[s3|rpc:localhost:44545|admin:localhost:42685|client:localhost:41947|dataStream:localhost:38359|priority:0|startupRole:FOLLOWER, s4|rpc:localhost:43959|admin:localhost:37675|client:localhost:41245|dataStream:localhost:36157|priority:0|startupRole:FOLLOWER, s0|rpc:localhost:41873|admin:localhost:39543|client:localhost:39921|dataStream:localhost:44273|priority:0|startupRole:FOLLOWER, s1|rpc:localhost:46783|admin:localhost:40179|client:localhost:41765|dataStream:localhost:44515|priority:0|startupRole:FOLLOWER, s2|rpc:localhost:35711|admin:localhost:42283|client:localhost:45049|dataStream:localhost:37547|priority:0|startupRole:FOLLOWER]|listeners:[], old=null RUNNING
2023-03-21 03:38:18,808 [Time-limited test] WARN  ratis.RaftTestUtil (JavaUtils.java:attempt(217)) - FAILED "waitForLeader-null-(expectLeader? true)", attempt #1/100: java.lang.IllegalStateException: No leader yet : printing ALL groups
  s3:  RUNNING  FOLLOWER s3@group-858CCA1FFC33:t0, leader=null, voted=, raftlog=Memoized:s3@group-858CCA1FFC33-SegmentedRaftLog:OPENED:c-1, conf=-1: peers:[s3|rpc:localhost:44545|admin:localhost:42685|client:localhost:41947|dataStream:localhost:38359|priority:0|startupRole:FOLLOWER, s4|rpc:localhost:43959|admin:localhost:37675|client:localhost:41245|dataStream:localhost:36157|priority:0|startupRole:FOLLOWER, s0|rpc:localhost:41873|admin:localhost:39543|client:localhost:39921|dataStream:localhost:44273|priority:0|startupRole:FOLLOWER, s1|rpc:localhost:46783|admin:localhost:40179|client:localhost:41765|dataStream:localhost:44515|priority:0|startupRole:FOLLOWER, s2|rpc:localhost:35711|admin:localhost:42283|client:localhost:45049|dataStream:localhost:37547|priority:0|startupRole:FOLLOWER]|listeners:[], old=null RUNNING
  s4:  RUNNING  FOLLOWER s4@group-858CCA1FFC33:t0, leader=null, voted=, raftlog=Memoized:s4@group-858CCA1FFC33-SegmentedRaftLog:OPENED:c-1, conf=-1: peers:[s3|rpc:localhost:44545|admin:localhost:42685|client:localhost:41947|dataStream:localhost:38359|priority:0|startupRole:FOLLOWER, s4|rpc:localhost:43959|admin:localhost:37675|client:localhost:41245|dataStream:localhost:36157|priority:0|startupRole:FOLLOWER, s0|rpc:localhost:41873|admin:localhost:39543|client:localhost:39921|dataStream:localhost:44273|priority:0|startupRole:FOLLOWER, s1|rpc:localhost:46783|admin:localhost:40179|client:localhost:41765|dataStream:localhost:44515|priority:0|startupRole:FOLLOWER, s2|rpc:localhost:35711|admin:localhost:42283|client:localhost:45049|dataStream:localhost:37547|priority:0|startupRole:FOLLOWER]|listeners:[], old=null RUNNING
  s0:  RUNNING  FOLLOWER s0@group-858CCA1FFC33:t0, leader=null, voted=, raftlog=Memoized:s0@group-858CCA1FFC33-SegmentedRaftLog:OPENED:c-1, conf=-1: peers:[s3|rpc:localhost:44545|admin:localhost:42685|client:localhost:41947|dataStream:localhost:38359|priority:0|startupRole:FOLLOWER, s4|rpc:localhost:43959|admin:localhost:37675|client:localhost:41245|dataStream:localhost:36157|priority:0|startupRole:FOLLOWER, s0|rpc:localhost:41873|admin:localhost:39543|client:localhost:39921|dataStream:localhost:44273|priority:0|startupRole:FOLLOWER, s1|rpc:localhost:46783|admin:localhost:40179|client:localhost:41765|dataStream:localhost:44515|priority:0|startupRole:FOLLOWER, s2|rpc:localhost:35711|admin:localhost:42283|client:localhost:45049|dataStream:localhost:37547|priority:0|startupRole:FOLLOWER]|listeners:[], old=null RUNNING
  s1:  RUNNING  FOLLOWER s1@group-858CCA1FFC33:t0, leader=null, voted=, raftlog=Memoized:s1@group-858CCA1FFC33-SegmentedRaftLog:OPENED:c-1, conf=-1: peers:[s3|rpc:localhost:44545|admin:localhost:42685|client:localhost:41947|dataStream:localhost:38359|priority:0|startupRole:FOLLOWER, s4|rpc:localhost:43959|admin:localhost:37675|client:localhost:41245|dataStream:localhost:36157|priority:0|startupRole:FOLLOWER, s0|rpc:localhost:41873|admin:localhost:39543|client:localhost:39921|dataStream:localhost:44273|priority:0|startupRole:FOLLOWER, s1|rpc:localhost:46783|admin:localhost:40179|client:localhost:41765|dataStream:localhost:44515|priority:0|startupRole:FOLLOWER, s2|rpc:localhost:35711|admin:localhost:42283|client:localhost:45049|dataStream:localhost:37547|priority:0|startupRole:FOLLOWER]|listeners:[], old=null RUNNING
  s2:  RUNNING  FOLLOWER s2@group-858CCA1FFC33:t0, leader=null, voted=, raftlog=Memoized:s2@group-858CCA1FFC33-SegmentedRaftLog:OPENED:c-1, conf=-1: peers:[s3|rpc:localhost:44545|admin:localhost:42685|client:localhost:41947|dataStream:localhost:38359|priority:0|startupRole:FOLLOWER, s4|rpc:localhost:43959|admin:localhost:37675|client:localhost:41245|dataStream:localhost:36157|priority:0|startupRole:FOLLOWER, s0|rpc:localhost:41873|admin:localhost:39543|client:localhost:39921|dataStream:localhost:44273|priority:0|startupRole:FOLLOWER, s1|rpc:localhost:46783|admin:localhost:40179|client:localhost:41765|dataStream:localhost:44515|priority:0|startupRole:FOLLOWER, s2|rpc:localhost:35711|admin:localhost:42283|client:localhost:45049|dataStream:localhost:37547|priority:0|startupRole:FOLLOWER]|listeners:[], old=null RUNNING, sleep 450ms and then retry.
java.lang.IllegalStateException: No leader yet : printing ALL groups
  s3:  RUNNING  FOLLOWER s3@group-858CCA1FFC33:t0, leader=null, voted=, raftlog=Memoized:s3@group-858CCA1FFC33-SegmentedRaftLog:OPENED:c-1, conf=-1: peers:[s3|rpc:localhost:44545|admin:localhost:42685|client:localhost:41947|dataStream:localhost:38359|priority:0|startupRole:FOLLOWER, s4|rpc:localhost:43959|admin:localhost:37675|client:localhost:41245|dataStream:localhost:36157|priority:0|startupRole:FOLLOWER, s0|rpc:localhost:41873|admin:localhost:39543|client:localhost:39921|dataStream:localhost:44273|priority:0|startupRole:FOLLOWER, s1|rpc:localhost:46783|admin:localhost:40179|client:localhost:41765|dataStream:localhost:44515|priority:0|startupRole:FOLLOWER, s2|rpc:localhost:35711|admin:localhost:42283|client:localhost:45049|dataStream:localhost:37547|priority:0|startupRole:FOLLOWER]|listeners:[], old=null RUNNING
  s4:  RUNNING  FOLLOWER s4@group-858CCA1FFC33:t0, leader=null, voted=, raftlog=Memoized:s4@group-858CCA1FFC33-SegmentedRaftLog:OPENED:c-1, conf=-1: peers:[s3|rpc:localhost:44545|admin:localhost:42685|client:localhost:41947|dataStream:localhost:38359|priority:0|startupRole:FOLLOWER, s4|rpc:localhost:43959|admin:localhost:37675|client:localhost:41245|dataStream:localhost:36157|priority:0|startupRole:FOLLOWER, s0|rpc:localhost:41873|admin:localhost:39543|client:localhost:39921|dataStream:localhost:44273|priority:0|startupRole:FOLLOWER, s1|rpc:localhost:46783|admin:localhost:40179|client:localhost:41765|dataStream:localhost:44515|priority:0|startupRole:FOLLOWER, s2|rpc:localhost:35711|admin:localhost:42283|client:localhost:45049|dataStream:localhost:37547|priority:0|startupRole:FOLLOWER]|listeners:[], old=null RUNNING
  s0:  RUNNING  FOLLOWER s0@group-858CCA1FFC33:t0, leader=null, voted=, raftlog=Memoized:s0@group-858CCA1FFC33-SegmentedRaftLog:OPENED:c-1, conf=-1: peers:[s3|rpc:localhost:44545|admin:localhost:42685|client:localhost:41947|dataStream:localhost:38359|priority:0|startupRole:FOLLOWER, s4|rpc:localhost:43959|admin:localhost:37675|client:localhost:41245|dataStream:localhost:36157|priority:0|startupRole:FOLLOWER, s0|rpc:localhost:41873|admin:localhost:39543|client:localhost:39921|dataStream:localhost:44273|priority:0|startupRole:FOLLOWER, s1|rpc:localhost:46783|admin:localhost:40179|client:localhost:41765|dataStream:localhost:44515|priority:0|startupRole:FOLLOWER, s2|rpc:localhost:35711|admin:localhost:42283|client:localhost:45049|dataStream:localhost:37547|priority:0|startupRole:FOLLOWER]|listeners:[], old=null RUNNING
  s1:  RUNNING  FOLLOWER s1@group-858CCA1FFC33:t0, leader=null, voted=, raftlog=Memoized:s1@group-858CCA1FFC33-SegmentedRaftLog:OPENED:c-1, conf=-1: peers:[s3|rpc:localhost:44545|admin:localhost:42685|client:localhost:41947|dataStream:localhost:38359|priority:0|startupRole:FOLLOWER, s4|rpc:localhost:43959|admin:localhost:37675|client:localhost:41245|dataStream:localhost:36157|priority:0|startupRole:FOLLOWER, s0|rpc:localhost:41873|admin:localhost:39543|client:localhost:39921|dataStream:localhost:44273|priority:0|startupRole:FOLLOWER, s1|rpc:localhost:46783|admin:localhost:40179|client:localhost:41765|dataStream:localhost:44515|priority:0|startupRole:FOLLOWER, s2|rpc:localhost:35711|admin:localhost:42283|client:localhost:45049|dataStream:localhost:37547|priority:0|startupRole:FOLLOWER]|listeners:[], old=null RUNNING
  s2:  RUNNING  FOLLOWER s2@group-858CCA1FFC33:t0, leader=null, voted=, raftlog=Memoized:s2@group-858CCA1FFC33-SegmentedRaftLog:OPENED:c-1, conf=-1: peers:[s3|rpc:localhost:44545|admin:localhost:42685|client:localhost:41947|dataStream:localhost:38359|priority:0|startupRole:FOLLOWER, s4|rpc:localhost:43959|admin:localhost:37675|client:localhost:41245|dataStream:localhost:36157|priority:0|startupRole:FOLLOWER, s0|rpc:localhost:41873|admin:localhost:39543|client:localhost:39921|dataStream:localhost:44273|priority:0|startupRole:FOLLOWER, s1|rpc:localhost:46783|admin:localhost:40179|client:localhost:41765|dataStream:localhost:44515|priority:0|startupRole:FOLLOWER, s2|rpc:localhost:35711|admin:localhost:42283|client:localhost:45049|dataStream:localhost:37547|priority:0|startupRole:FOLLOWER]|listeners:[], old=null RUNNING
	at org.apache.ratis.server.impl.MiniRaftCluster.newIllegalStateExceptionForNoLeaders(MiniRaftCluster.java:581)
	at org.apache.ratis.RaftTestUtil.lambda$waitForLeader$1(RaftTestUtil.java:104)
	at org.apache.ratis.server.impl.MiniRaftCluster.getLeader(MiniRaftCluster.java:615)
	at org.apache.ratis.server.impl.MiniRaftCluster.getLeader(MiniRaftCluster.java:608)
	at org.apache.ratis.RaftTestUtil.lambda$waitForLeader$3(RaftTestUtil.java:112)
	at org.apache.ratis.util.JavaUtils.attempt(JavaUtils.java:211)
	at org.apache.ratis.util.JavaUtils.attemptRepeatedly(JavaUtils.java:197)
	at org.apache.ratis.RaftTestUtil.waitForLeader(RaftTestUtil.java:111)
	at org.apache.ratis.RaftTestUtil.waitForLeader(RaftTestUtil.java:92)
	at org.apache.ratis.RaftTestUtil.waitForLeader(RaftTestUtil.java:87)
	at org.apache.ratis.server.impl.LeaderElectionTests.testEnforceLeader(LeaderElectionTests.java:303)
	at java.base/jdk.internal.reflect.NativeMethodAccessorImpl.invoke0(Native Method)
	at java.base/jdk.internal.reflect.NativeMethodAccessorImpl.invoke(NativeMethodAccessorImpl.java:62)
	at java.base/jdk.internal.reflect.DelegatingMethodAccessorImpl.invoke(DelegatingMethodAccessorImpl.java:43)
	at java.base/java.lang.reflect.Method.invoke(Method.java:566)
	at org.junit.runners.model.FrameworkMethod$1.runReflectiveCall(FrameworkMethod.java:59)
	at org.junit.internal.runners.model.ReflectiveCallable.run(ReflectiveCallable.java:12)
	at org.junit.runners.model.FrameworkMethod.invokeExplosively(FrameworkMethod.java:56)
	at org.junit.internal.runners.statements.InvokeMethod.evaluate(InvokeMethod.java:17)
	at org.junit.internal.runners.statements.RunAfters.evaluate(RunAfters.java:27)
	at org.junit.internal.runners.statements.FailOnTimeout$CallableStatement.call(FailOnTimeout.java:299)
	at org.junit.internal.runners.statements.FailOnTimeout$CallableStatement.call(FailOnTimeout.java:293)
	at java.base/java.util.concurrent.FutureTask.run(FutureTask.java:264)
	at java.base/java.lang.Thread.run(Thread.java:829)
2023-03-21 03:38:18,943 [s3@group-858CCA1FFC33-FollowerState] INFO  impl.FollowerState (FollowerState.java:run(143)) - s3@group-858CCA1FFC33-FollowerState: change to CANDIDATE, lastRpcElapsedTime:230632478ns, electionTimeout:225ms
2023-03-21 03:38:18,944 [s3@group-858CCA1FFC33-FollowerState] INFO  impl.RoleInfo (RoleInfo.java:shutdownFollowerState(110)) - s3: shutdown s3@group-858CCA1FFC33-FollowerState
2023-03-21 03:38:18,944 [s3@group-858CCA1FFC33-FollowerState] INFO  server.RaftServer$Division (RaftServerImpl.java:setRole(329)) - s3@group-858CCA1FFC33: changes role from  FOLLOWER to CANDIDATE at term 0 for changeToCandidate
2023-03-21 03:38:18,944 [s3@group-858CCA1FFC33-FollowerState] INFO  server.RaftServerConfigKeys (ConfUtils.java:logGet(46)) - raft.server.leaderelection.pre-vote = true (default)
2023-03-21 03:38:18,944 [s3@group-858CCA1FFC33-FollowerState] INFO  impl.RoleInfo (RoleInfo.java:updateAndGet(139)) - s3: start s3@group-858CCA1FFC33-LeaderElection5
2023-03-21 03:38:18,947 [s3@group-858CCA1FFC33-LeaderElection5] INFO  impl.LeaderElection (LeaderElection.java:askForVotes(320)) - s3@group-858CCA1FFC33-LeaderElection5 PRE_VOTE round 0: submit vote requests at term 0 for -1: peers:[s3|rpc:localhost:44545|admin:localhost:42685|client:localhost:41947|dataStream:localhost:38359|priority:0|startupRole:FOLLOWER, s4|rpc:localhost:43959|admin:localhost:37675|client:localhost:41245|dataStream:localhost:36157|priority:0|startupRole:FOLLOWER, s0|rpc:localhost:41873|admin:localhost:39543|client:localhost:39921|dataStream:localhost:44273|priority:0|startupRole:FOLLOWER, s1|rpc:localhost:46783|admin:localhost:40179|client:localhost:41765|dataStream:localhost:44515|priority:0|startupRole:FOLLOWER, s2|rpc:localhost:35711|admin:localhost:42283|client:localhost:45049|dataStream:localhost:37547|priority:0|startupRole:FOLLOWER]|listeners:[], old=null
2023-03-21 03:38:18,948 [HandlerDaemon-0] INFO  server.RaftServer$Division (RaftServerImpl.java:requestVote(1299)) - s4@group-858CCA1FFC33: receive requestVote(PRE_VOTE, s3, group-858CCA1FFC33, 0, (t:0, i:0))
2023-03-21 03:38:18,948 [s4@group-858CCA1FFC33-FollowerState] INFO  impl.FollowerState (FollowerState.java:run(143)) - s4@group-858CCA1FFC33-FollowerState: change to CANDIDATE, lastRpcElapsedTime:209823174ns, electionTimeout:208ms
2023-03-21 03:38:18,949 [s4@group-858CCA1FFC33-FollowerState] INFO  impl.RoleInfo (RoleInfo.java:shutdownFollowerState(110)) - s4: shutdown s4@group-858CCA1FFC33-FollowerState
2023-03-21 03:38:18,949 [s4@group-858CCA1FFC33-FollowerState] INFO  server.RaftServer$Division (RaftServerImpl.java:setRole(329)) - s4@group-858CCA1FFC33: changes role from  FOLLOWER to CANDIDATE at term 0 for changeToCandidate
2023-03-21 03:38:18,949 [HandlerDaemon-0] INFO  server.RaftServer$Division (RaftServerImpl.java:requestVote(1299)) - s0@group-858CCA1FFC33: receive requestVote(PRE_VOTE, s3, group-858CCA1FFC33, 0, (t:0, i:0))
2023-03-21 03:38:18,949 [HandlerDaemon-0] INFO  impl.VoteContext (VoteContext.java:log(49)) - s0@group-858CCA1FFC33-FOLLOWER: accept PRE_VOTE from s3: our priority 0 <= candidate's priority 0
2023-03-21 03:38:18,949 [HandlerDaemon-0] INFO  server.RaftServer$Division (RaftServerImpl.java:requestVote(1332)) - s0@group-858CCA1FFC33 replies to PRE_VOTE vote request: s3<-s0#0:OK-t0. Peer's state: s0@group-858CCA1FFC33:t0, leader=null, voted=, raftlog=Memoized:s0@group-858CCA1FFC33-SegmentedRaftLog:OPENED:c-1, conf=-1: peers:[s3|rpc:localhost:44545|admin:localhost:42685|client:localhost:41947|dataStream:localhost:38359|priority:0|startupRole:FOLLOWER, s4|rpc:localhost:43959|admin:localhost:37675|client:localhost:41245|dataStream:localhost:36157|priority:0|startupRole:FOLLOWER, s0|rpc:localhost:41873|admin:localhost:39543|client:localhost:39921|dataStream:localhost:44273|priority:0|startupRole:FOLLOWER, s1|rpc:localhost:46783|admin:localhost:40179|client:localhost:41765|dataStream:localhost:44515|priority:0|startupRole:FOLLOWER, s2|rpc:localhost:35711|admin:localhost:42283|client:localhost:45049|dataStream:localhost:37547|priority:0|startupRole:FOLLOWER]|listeners:[], old=null
2023-03-21 03:38:18,950 [s3@group-858CCA1FFC33-LeaderElection5] INFO  server.RaftServerConfigKeys (ConfUtils.java:logFallback(53)) - raft.server.rpc.first-election.timeout.min = 150ms (fallback to raft.server.rpc.timeout.min)
2023-03-21 03:38:18,951 [s4@group-858CCA1FFC33-FollowerState] INFO  server.RaftServerConfigKeys (ConfUtils.java:logGet(46)) - raft.server.leaderelection.pre-vote = true (default)
2023-03-21 03:38:18,951 [s4@group-858CCA1FFC33-FollowerState] INFO  impl.RoleInfo (RoleInfo.java:updateAndGet(139)) - s4: start s4@group-858CCA1FFC33-LeaderElection6
2023-03-21 03:38:18,951 [s3@group-858CCA1FFC33-LeaderElection5] INFO  server.RaftServerConfigKeys (ConfUtils.java:logFallback(53)) - raft.server.rpc.first-election.timeout.max = 300ms (fallback to raft.server.rpc.timeout.max)
2023-03-21 03:38:18,951 [HandlerDaemon-0] INFO  server.RaftServer$Division (RaftServerImpl.java:requestVote(1299)) - s1@group-858CCA1FFC33: receive requestVote(PRE_VOTE, s3, group-858CCA1FFC33, 0, (t:0, i:0))
2023-03-21 03:38:18,951 [HandlerDaemon-0] INFO  impl.VoteContext (VoteContext.java:log(49)) - s1@group-858CCA1FFC33-FOLLOWER: accept PRE_VOTE from s3: our priority 0 <= candidate's priority 0
2023-03-21 03:38:18,951 [HandlerDaemon-0] INFO  server.RaftServer$Division (RaftServerImpl.java:requestVote(1332)) - s1@group-858CCA1FFC33 replies to PRE_VOTE vote request: s3<-s1#0:OK-t0. Peer's state: s1@group-858CCA1FFC33:t0, leader=null, voted=, raftlog=Memoized:s1@group-858CCA1FFC33-SegmentedRaftLog:OPENED:c-1, conf=-1: peers:[s3|rpc:localhost:44545|admin:localhost:42685|client:localhost:41947|dataStream:localhost:38359|priority:0|startupRole:FOLLOWER, s4|rpc:localhost:43959|admin:localhost:37675|client:localhost:41245|dataStream:localhost:36157|priority:0|startupRole:FOLLOWER, s0|rpc:localhost:41873|admin:localhost:39543|client:localhost:39921|dataStream:localhost:44273|priority:0|startupRole:FOLLOWER, s1|rpc:localhost:46783|admin:localhost:40179|client:localhost:41765|dataStream:localhost:44515|priority:0|startupRole:FOLLOWER, s2|rpc:localhost:35711|admin:localhost:42283|client:localhost:45049|dataStream:localhost:37547|priority:0|startupRole:FOLLOWER]|listeners:[], old=null
2023-03-21 03:38:18,951 [HandlerDaemon-0] INFO  impl.VoteContext (VoteContext.java:log(49)) - s4@group-858CCA1FFC33-CANDIDATE: accept PRE_VOTE from s3: our priority 0 <= candidate's priority 0
2023-03-21 03:38:18,951 [HandlerDaemon-0] INFO  server.RaftServer$Division (RaftServerImpl.java:requestVote(1332)) - s4@group-858CCA1FFC33 replies to PRE_VOTE vote request: s3<-s4#0:OK-t0. Peer's state: s4@group-858CCA1FFC33:t0, leader=null, voted=, raftlog=Memoized:s4@group-858CCA1FFC33-SegmentedRaftLog:OPENED:c-1, conf=-1: peers:[s3|rpc:localhost:44545|admin:localhost:42685|client:localhost:41947|dataStream:localhost:38359|priority:0|startupRole:FOLLOWER, s4|rpc:localhost:43959|admin:localhost:37675|client:localhost:41245|dataStream:localhost:36157|priority:0|startupRole:FOLLOWER, s0|rpc:localhost:41873|admin:localhost:39543|client:localhost:39921|dataStream:localhost:44273|priority:0|startupRole:FOLLOWER, s1|rpc:localhost:46783|admin:localhost:40179|client:localhost:41765|dataStream:localhost:44515|priority:0|startupRole:FOLLOWER, s2|rpc:localhost:35711|admin:localhost:42283|client:localhost:45049|dataStream:localhost:37547|priority:0|startupRole:FOLLOWER]|listeners:[], old=null
2023-03-21 03:38:18,952 [s3@group-858CCA1FFC33-LeaderElection5] INFO  impl.LeaderElection (LeaderElection.java:logAndReturn(89)) - s3@group-858CCA1FFC33-LeaderElection5: PRE_VOTE PASSED received 2 response(s) and 0 exception(s):
2023-03-21 03:38:18,952 [s3@group-858CCA1FFC33-LeaderElection5] INFO  impl.LeaderElection (LeaderElection.java:logAndReturn(93)) -   Response 0: s3<-s0#0:OK-t0
2023-03-21 03:38:18,952 [s3@group-858CCA1FFC33-LeaderElection5] INFO  impl.LeaderElection (LeaderElection.java:logAndReturn(93)) -   Response 1: s3<-s1#0:OK-t0
2023-03-21 03:38:18,952 [s3@group-858CCA1FFC33-LeaderElection5] INFO  impl.LeaderElection (LeaderElection.java:askForVotes(322)) - s3@group-858CCA1FFC33-LeaderElection5 PRE_VOTE round 0: result PASSED
2023-03-21 03:38:18,955 [s4@group-858CCA1FFC33-LeaderElection6] INFO  impl.LeaderElection (LeaderElection.java:askForVotes(320)) - s4@group-858CCA1FFC33-LeaderElection6 PRE_VOTE round 0: submit vote requests at term 0 for -1: peers:[s3|rpc:localhost:44545|admin:localhost:42685|client:localhost:41947|dataStream:localhost:38359|priority:0|startupRole:FOLLOWER, s4|rpc:localhost:43959|admin:localhost:37675|client:localhost:41245|dataStream:localhost:36157|priority:0|startupRole:FOLLOWER, s0|rpc:localhost:41873|admin:localhost:39543|client:localhost:39921|dataStream:localhost:44273|priority:0|startupRole:FOLLOWER, s1|rpc:localhost:46783|admin:localhost:40179|client:localhost:41765|dataStream:localhost:44515|priority:0|startupRole:FOLLOWER, s2|rpc:localhost:35711|admin:localhost:42283|client:localhost:45049|dataStream:localhost:37547|priority:0|startupRole:FOLLOWER]|listeners:[], old=null
2023-03-21 03:38:18,955 [s3@group-858CCA1FFC33-LeaderElection5] INFO  impl.LeaderElection (LeaderElection.java:askForVotes(320)) - s3@group-858CCA1FFC33-LeaderElection5 ELECTION round 0: submit vote requests at term 1 for -1: peers:[s3|rpc:localhost:44545|admin:localhost:42685|client:localhost:41947|dataStream:localhost:38359|priority:0|startupRole:FOLLOWER, s4|rpc:localhost:43959|admin:localhost:37675|client:localhost:41245|dataStream:localhost:36157|priority:0|startupRole:FOLLOWER, s0|rpc:localhost:41873|admin:localhost:39543|client:localhost:39921|dataStream:localhost:44273|priority:0|startupRole:FOLLOWER, s1|rpc:localhost:46783|admin:localhost:40179|client:localhost:41765|dataStream:localhost:44515|priority:0|startupRole:FOLLOWER, s2|rpc:localhost:35711|admin:localhost:42283|client:localhost:45049|dataStream:localhost:37547|priority:0|startupRole:FOLLOWER]|listeners:[], old=null
2023-03-21 03:38:18,955 [HandlerDaemon-0] INFO  server.RaftServer$Division (RaftServerImpl.java:requestVote(1299)) - s2@group-858CCA1FFC33: receive requestVote(PRE_VOTE, s3, group-858CCA1FFC33, 0, (t:0, i:0))
2023-03-21 03:38:18,956 [HandlerDaemon-0] INFO  impl.VoteContext (VoteContext.java:log(49)) - s2@group-858CCA1FFC33-FOLLOWER: accept PRE_VOTE from s3: our priority 0 <= candidate's priority 0
2023-03-21 03:38:18,956 [HandlerDaemon-0] INFO  server.RaftServer$Division (RaftServerImpl.java:requestVote(1332)) - s2@group-858CCA1FFC33 replies to PRE_VOTE vote request: s3<-s2#0:OK-t0. Peer's state: s2@group-858CCA1FFC33:t0, leader=null, voted=, raftlog=Memoized:s2@group-858CCA1FFC33-SegmentedRaftLog:OPENED:c-1, conf=-1: peers:[s3|rpc:localhost:44545|admin:localhost:42685|client:localhost:41947|dataStream:localhost:38359|priority:0|startupRole:FOLLOWER, s4|rpc:localhost:43959|admin:localhost:37675|client:localhost:41245|dataStream:localhost:36157|priority:0|startupRole:FOLLOWER, s0|rpc:localhost:41873|admin:localhost:39543|client:localhost:39921|dataStream:localhost:44273|priority:0|startupRole:FOLLOWER, s1|rpc:localhost:46783|admin:localhost:40179|client:localhost:41765|dataStream:localhost:44515|priority:0|startupRole:FOLLOWER, s2|rpc:localhost:35711|admin:localhost:42283|client:localhost:45049|dataStream:localhost:37547|priority:0|startupRole:FOLLOWER]|listeners:[], old=null
2023-03-21 03:38:18,956 [HandlerDaemon-0] INFO  server.RaftServer$Division (RaftServerImpl.java:requestVote(1299)) - s3@group-858CCA1FFC33: receive requestVote(PRE_VOTE, s4, group-858CCA1FFC33, 0, (t:0, i:0))
2023-03-21 03:38:18,956 [HandlerDaemon-0] INFO  impl.VoteContext (VoteContext.java:log(49)) - s3@group-858CCA1FFC33-CANDIDATE: accept PRE_VOTE from s4: our priority 0 <= candidate's priority 0
2023-03-21 03:38:18,956 [HandlerDaemon-0] INFO  server.RaftServer$Division (RaftServerImpl.java:requestVote(1332)) - s3@group-858CCA1FFC33 replies to PRE_VOTE vote request: s4<-s3#0:OK-t1. Peer's state: s3@group-858CCA1FFC33:t1, leader=null, voted=s3, raftlog=Memoized:s3@group-858CCA1FFC33-SegmentedRaftLog:OPENED:c-1, conf=-1: peers:[s3|rpc:localhost:44545|admin:localhost:42685|client:localhost:41947|dataStream:localhost:38359|priority:0|startupRole:FOLLOWER, s4|rpc:localhost:43959|admin:localhost:37675|client:localhost:41245|dataStream:localhost:36157|priority:0|startupRole:FOLLOWER, s0|rpc:localhost:41873|admin:localhost:39543|client:localhost:39921|dataStream:localhost:44273|priority:0|startupRole:FOLLOWER, s1|rpc:localhost:46783|admin:localhost:40179|client:localhost:41765|dataStream:localhost:44515|priority:0|startupRole:FOLLOWER, s2|rpc:localhost:35711|admin:localhost:42283|client:localhost:45049|dataStream:localhost:37547|priority:0|startupRole:FOLLOWER]|listeners:[], old=null
2023-03-21 03:38:18,958 [HandlerDaemon-1] INFO  server.RaftServer$Division (RaftServerImpl.java:requestVote(1299)) - s4@group-858CCA1FFC33: receive requestVote(ELECTION, s3, group-858CCA1FFC33, 1, (t:0, i:0))
2023-03-21 03:38:18,959 [HandlerDaemon-1] INFO  impl.VoteContext (VoteContext.java:log(49)) - s4@group-858CCA1FFC33-CANDIDATE: accept ELECTION from s3: our priority 0 <= candidate's priority 0
2023-03-21 03:38:18,959 [HandlerDaemon-1] INFO  server.RaftServer$Division (RaftServerImpl.java:setRole(329)) - s4@group-858CCA1FFC33: changes role from CANDIDATE to FOLLOWER at term 1 for candidate:s3
2023-03-21 03:38:18,959 [HandlerDaemon-1] INFO  impl.RoleInfo (RoleInfo.java:shutdownLeaderElection(130)) - s4: shutdown s4@group-858CCA1FFC33-LeaderElection6
2023-03-21 03:38:18,959 [HandlerDaemon-1] INFO  impl.RoleInfo (RoleInfo.java:updateAndGet(139)) - s4: start s4@group-858CCA1FFC33-FollowerState
2023-03-21 03:38:18,958 [HandlerDaemon-1] INFO  server.RaftServer$Division (RaftServerImpl.java:requestVote(1299)) - s0@group-858CCA1FFC33: receive requestVote(ELECTION, s3, group-858CCA1FFC33, 1, (t:0, i:0))
2023-03-21 03:38:18,959 [HandlerDaemon-2] INFO  server.RaftServer$Division (RaftServerImpl.java:requestVote(1299)) - s0@group-858CCA1FFC33: receive requestVote(PRE_VOTE, s4, group-858CCA1FFC33, 0, (t:0, i:0))
2023-03-21 03:38:18,960 [HandlerDaemon-1] INFO  server.RaftServer$Division (RaftServerImpl.java:requestVote(1299)) - s1@group-858CCA1FFC33: receive requestVote(ELECTION, s3, group-858CCA1FFC33, 1, (t:0, i:0))
2023-03-21 03:38:18,960 [HandlerDaemon-2] INFO  server.RaftServer$Division (RaftServerImpl.java:requestVote(1299)) - s1@group-858CCA1FFC33: receive requestVote(PRE_VOTE, s4, group-858CCA1FFC33, 0, (t:0, i:0))
2023-03-21 03:38:18,960 [s4@group-858CCA1FFC33-LeaderElection6] INFO  server.RaftServerConfigKeys (ConfUtils.java:logFallback(53)) - raft.server.rpc.first-election.timeout.min = 150ms (fallback to raft.server.rpc.timeout.min)
2023-03-21 03:38:18,960 [s4@group-858CCA1FFC33-LeaderElection6] INFO  server.RaftServerConfigKeys (ConfUtils.java:logFallback(53)) - raft.server.rpc.first-election.timeout.max = 300ms (fallback to raft.server.rpc.timeout.max)
2023-03-21 03:38:18,960 [HandlerDaemon-1] INFO  server.RaftServer$Division (RaftServerImpl.java:requestVote(1299)) - s2@group-858CCA1FFC33: receive requestVote(PRE_VOTE, s4, group-858CCA1FFC33, 0, (t:0, i:0))
2023-03-21 03:38:18,960 [s4@group-858CCA1FFC33-LeaderElection6] INFO  impl.LeaderElection (LeaderElection.java:logAndReturn(89)) - s4@group-858CCA1FFC33-LeaderElection6: PRE_VOTE REJECTED received 0 response(s) and 0 exception(s):
2023-03-21 03:38:18,961 [s4@group-858CCA1FFC33-LeaderElection6] INFO  impl.LeaderElection (LeaderElection.java:askForVotes(322)) - s4@group-858CCA1FFC33-LeaderElection6 PRE_VOTE round 0: result REJECTED
2023-03-21 03:38:18,961 [s3@group-858CCA1FFC33-LeaderElection5] INFO  server.RaftServerConfigKeys (ConfUtils.java:logFallback(53)) - raft.server.rpc.first-election.timeout.min = 150ms (fallback to raft.server.rpc.timeout.min)
2023-03-21 03:38:18,961 [s3@group-858CCA1FFC33-LeaderElection5] INFO  server.RaftServerConfigKeys (ConfUtils.java:logFallback(53)) - raft.server.rpc.first-election.timeout.max = 300ms (fallback to raft.server.rpc.timeout.max)
2023-03-21 03:38:18,961 [HandlerDaemon-2] INFO  server.RaftServer$Division (RaftServerImpl.java:requestVote(1299)) - s2@group-858CCA1FFC33: receive requestVote(ELECTION, s3, group-858CCA1FFC33, 1, (t:0, i:0))
2023-03-21 03:38:18,962 [HandlerDaemon-1] INFO  impl.VoteContext (VoteContext.java:log(49)) - s2@group-858CCA1FFC33-FOLLOWER: accept PRE_VOTE from s4: our priority 0 <= candidate's priority 0
2023-03-21 03:38:18,963 [HandlerDaemon-1] INFO  server.RaftServer$Division (RaftServerImpl.java:requestVote(1332)) - s2@group-858CCA1FFC33 replies to PRE_VOTE vote request: s4<-s2#0:OK-t0. Peer's state: s2@group-858CCA1FFC33:t0, leader=null, voted=, raftlog=Memoized:s2@group-858CCA1FFC33-SegmentedRaftLog:OPENED:c-1, conf=-1: peers:[s3|rpc:localhost:44545|admin:localhost:42685|client:localhost:41947|dataStream:localhost:38359|priority:0|startupRole:FOLLOWER, s4|rpc:localhost:43959|admin:localhost:37675|client:localhost:41245|dataStream:localhost:36157|priority:0|startupRole:FOLLOWER, s0|rpc:localhost:41873|admin:localhost:39543|client:localhost:39921|dataStream:localhost:44273|priority:0|startupRole:FOLLOWER, s1|rpc:localhost:46783|admin:localhost:40179|client:localhost:41765|dataStream:localhost:44515|priority:0|startupRole:FOLLOWER, s2|rpc:localhost:35711|admin:localhost:42283|client:localhost:45049|dataStream:localhost:37547|priority:0|startupRole:FOLLOWER]|listeners:[], old=null
2023-03-21 03:38:18,962 [HandlerDaemon-1] INFO  impl.VoteContext (VoteContext.java:log(49)) - s1@group-858CCA1FFC33-FOLLOWER: accept ELECTION from s3: our priority 0 <= candidate's priority 0
2023-03-21 03:38:18,963 [HandlerDaemon-1] INFO  server.RaftServer$Division (RaftServerImpl.java:setRole(329)) - s1@group-858CCA1FFC33: changes role from  FOLLOWER to FOLLOWER at term 1 for candidate:s3
2023-03-21 03:38:18,963 [HandlerDaemon-1] INFO  impl.RoleInfo (RoleInfo.java:shutdownFollowerState(110)) - s1: shutdown s1@group-858CCA1FFC33-FollowerState
2023-03-21 03:38:18,963 [s1@group-858CCA1FFC33-FollowerState] INFO  impl.FollowerState (FollowerState.java:run(152)) - s1@group-858CCA1FFC33-FollowerState was interrupted
2023-03-21 03:38:18,962 [HandlerDaemon-1] INFO  impl.VoteContext (VoteContext.java:log(49)) - s0@group-858CCA1FFC33-FOLLOWER: accept ELECTION from s3: our priority 0 <= candidate's priority 0
2023-03-21 03:38:18,963 [HandlerDaemon-1] INFO  server.RaftServer$Division (RaftServerImpl.java:setRole(329)) - s0@group-858CCA1FFC33: changes role from  FOLLOWER to FOLLOWER at term 1 for candidate:s3
2023-03-21 03:38:18,963 [HandlerDaemon-1] INFO  impl.RoleInfo (RoleInfo.java:shutdownFollowerState(110)) - s0: shutdown s0@group-858CCA1FFC33-FollowerState
2023-03-21 03:38:18,963 [s0@group-858CCA1FFC33-FollowerState] INFO  impl.FollowerState (FollowerState.java:run(152)) - s0@group-858CCA1FFC33-FollowerState was interrupted
2023-03-21 03:38:18,963 [HandlerDaemon-1] INFO  impl.RoleInfo (RoleInfo.java:updateAndGet(139)) - s1: start s1@group-858CCA1FFC33-FollowerState
2023-03-21 03:38:18,964 [HandlerDaemon-2] INFO  impl.VoteContext (VoteContext.java:log(49)) - s2@group-858CCA1FFC33-FOLLOWER: accept ELECTION from s3: our priority 0 <= candidate's priority 0
2023-03-21 03:38:18,964 [HandlerDaemon-2] INFO  server.RaftServer$Division (RaftServerImpl.java:setRole(329)) - s2@group-858CCA1FFC33: changes role from  FOLLOWER to FOLLOWER at term 1 for candidate:s3
2023-03-21 03:38:18,964 [HandlerDaemon-2] INFO  impl.RoleInfo (RoleInfo.java:shutdownFollowerState(110)) - s2: shutdown s2@group-858CCA1FFC33-FollowerState
2023-03-21 03:38:18,964 [s2@group-858CCA1FFC33-FollowerState] INFO  impl.FollowerState (FollowerState.java:run(152)) - s2@group-858CCA1FFC33-FollowerState was interrupted
2023-03-21 03:38:18,969 [HandlerDaemon-1] INFO  impl.RoleInfo (RoleInfo.java:updateAndGet(139)) - s0: start s0@group-858CCA1FFC33-FollowerState
2023-03-21 03:38:18,969 [HandlerDaemon-1] INFO  server.RaftServer$Division (RaftServerImpl.java:requestVote(1332)) - s4@group-858CCA1FFC33 replies to ELECTION vote request: s3<-s4#0:OK-t1. Peer's state: s4@group-858CCA1FFC33:t1, leader=null, voted=s3, raftlog=Memoized:s4@group-858CCA1FFC33-SegmentedRaftLog:OPENED:c-1, conf=-1: peers:[s3|rpc:localhost:44545|admin:localhost:42685|client:localhost:41947|dataStream:localhost:38359|priority:0|startupRole:FOLLOWER, s4|rpc:localhost:43959|admin:localhost:37675|client:localhost:41245|dataStream:localhost:36157|priority:0|startupRole:FOLLOWER, s0|rpc:localhost:41873|admin:localhost:39543|client:localhost:39921|dataStream:localhost:44273|priority:0|startupRole:FOLLOWER, s1|rpc:localhost:46783|admin:localhost:40179|client:localhost:41765|dataStream:localhost:44515|priority:0|startupRole:FOLLOWER, s2|rpc:localhost:35711|admin:localhost:42283|client:localhost:45049|dataStream:localhost:37547|priority:0|startupRole:FOLLOWER]|listeners:[], old=null
2023-03-21 03:38:18,969 [HandlerDaemon-2] INFO  impl.RoleInfo (RoleInfo.java:updateAndGet(139)) - s2: start s2@group-858CCA1FFC33-FollowerState
2023-03-21 03:38:18,969 [HandlerDaemon-1] INFO  server.RaftServer$Division (RaftServerImpl.java:requestVote(1332)) - s1@group-858CCA1FFC33 replies to ELECTION vote request: s3<-s1#0:OK-t1. Peer's state: s1@group-858CCA1FFC33:t1, leader=null, voted=s3, raftlog=Memoized:s1@group-858CCA1FFC33-SegmentedRaftLog:OPENED:c-1, conf=-1: peers:[s3|rpc:localhost:44545|admin:localhost:42685|client:localhost:41947|dataStream:localhost:38359|priority:0|startupRole:FOLLOWER, s4|rpc:localhost:43959|admin:localhost:37675|client:localhost:41245|dataStream:localhost:36157|priority:0|startupRole:FOLLOWER, s0|rpc:localhost:41873|admin:localhost:39543|client:localhost:39921|dataStream:localhost:44273|priority:0|startupRole:FOLLOWER, s1|rpc:localhost:46783|admin:localhost:40179|client:localhost:41765|dataStream:localhost:44515|priority:0|startupRole:FOLLOWER, s2|rpc:localhost:35711|admin:localhost:42283|client:localhost:45049|dataStream:localhost:37547|priority:0|startupRole:FOLLOWER]|listeners:[], old=null
2023-03-21 03:38:18,969 [HandlerDaemon-2] INFO  impl.VoteContext (VoteContext.java:log(49)) - s1@group-858CCA1FFC33-FOLLOWER: accept PRE_VOTE from s4: our priority 0 <= candidate's priority 0
2023-03-21 03:38:18,970 [s3@group-858CCA1FFC33-LeaderElection5] INFO  impl.LeaderElection (LeaderElection.java:logAndReturn(89)) - s3@group-858CCA1FFC33-LeaderElection5: ELECTION PASSED received 2 response(s) and 0 exception(s):
2023-03-21 03:38:18,970 [s3@group-858CCA1FFC33-LeaderElection5] INFO  impl.LeaderElection (LeaderElection.java:logAndReturn(93)) -   Response 0: s3<-s4#0:OK-t1
2023-03-21 03:38:18,970 [s3@group-858CCA1FFC33-LeaderElection5] INFO  impl.LeaderElection (LeaderElection.java:logAndReturn(93)) -   Response 1: s3<-s1#0:OK-t1
2023-03-21 03:38:18,970 [s3@group-858CCA1FFC33-LeaderElection5] INFO  impl.LeaderElection (LeaderElection.java:askForVotes(322)) - s3@group-858CCA1FFC33-LeaderElection5 ELECTION round 0: result PASSED
2023-03-21 03:38:18,972 [s3@group-858CCA1FFC33-LeaderElection5] INFO  impl.RoleInfo (RoleInfo.java:shutdownLeaderElection(130)) - s3: shutdown s3@group-858CCA1FFC33-LeaderElection5
2023-03-21 03:38:18,972 [s0@group-858CCA1FFC33-FollowerState] INFO  server.RaftServerConfigKeys (ConfUtils.java:logFallback(53)) - raft.server.rpc.first-election.timeout.min = 150ms (fallback to raft.server.rpc.timeout.min)
2023-03-21 03:38:18,970 [HandlerDaemon-2] INFO  server.RaftServer$Division (RaftServerImpl.java:requestVote(1332)) - s1@group-858CCA1FFC33 replies to PRE_VOTE vote request: s4<-s1#0:OK-t1. Peer's state: s1@group-858CCA1FFC33:t1, leader=null, voted=s3, raftlog=Memoized:s1@group-858CCA1FFC33-SegmentedRaftLog:OPENED:c-1, conf=-1: peers:[s3|rpc:localhost:44545|admin:localhost:42685|client:localhost:41947|dataStream:localhost:38359|priority:0|startupRole:FOLLOWER, s4|rpc:localhost:43959|admin:localhost:37675|client:localhost:41245|dataStream:localhost:36157|priority:0|startupRole:FOLLOWER, s0|rpc:localhost:41873|admin:localhost:39543|client:localhost:39921|dataStream:localhost:44273|priority:0|startupRole:FOLLOWER, s1|rpc:localhost:46783|admin:localhost:40179|client:localhost:41765|dataStream:localhost:44515|priority:0|startupRole:FOLLOWER, s2|rpc:localhost:35711|admin:localhost:42283|client:localhost:45049|dataStream:localhost:37547|priority:0|startupRole:FOLLOWER]|listeners:[], old=null
2023-03-21 03:38:18,972 [s4@group-858CCA1FFC33-FollowerState] INFO  server.RaftServerConfigKeys (ConfUtils.java:logFallback(53)) - raft.server.rpc.first-election.timeout.min = 150ms (fallback to raft.server.rpc.timeout.min)
2023-03-21 03:38:18,972 [s4@group-858CCA1FFC33-FollowerState] INFO  server.RaftServerConfigKeys (ConfUtils.java:logFallback(53)) - raft.server.rpc.first-election.timeout.max = 300ms (fallback to raft.server.rpc.timeout.max)
2023-03-21 03:38:18,972 [HandlerDaemon-1] INFO  server.RaftServer$Division (RaftServerImpl.java:requestVote(1332)) - s0@group-858CCA1FFC33 replies to ELECTION vote request: s3<-s0#0:OK-t1. Peer's state: s0@group-858CCA1FFC33:t1, leader=null, voted=s3, raftlog=Memoized:s0@group-858CCA1FFC33-SegmentedRaftLog:OPENED:c-1, conf=-1: peers:[s3|rpc:localhost:44545|admin:localhost:42685|client:localhost:41947|dataStream:localhost:38359|priority:0|startupRole:FOLLOWER, s4|rpc:localhost:43959|admin:localhost:37675|client:localhost:41245|dataStream:localhost:36157|priority:0|startupRole:FOLLOWER, s0|rpc:localhost:41873|admin:localhost:39543|client:localhost:39921|dataStream:localhost:44273|priority:0|startupRole:FOLLOWER, s1|rpc:localhost:46783|admin:localhost:40179|client:localhost:41765|dataStream:localhost:44515|priority:0|startupRole:FOLLOWER, s2|rpc:localhost:35711|admin:localhost:42283|client:localhost:45049|dataStream:localhost:37547|priority:0|startupRole:FOLLOWER]|listeners:[], old=null
2023-03-21 03:38:18,973 [HandlerDaemon-2] INFO  impl.VoteContext (VoteContext.java:log(49)) - s0@group-858CCA1FFC33-FOLLOWER: accept PRE_VOTE from s4: our priority 0 <= candidate's priority 0
2023-03-21 03:38:18,973 [HandlerDaemon-2] INFO  server.RaftServer$Division (RaftServerImpl.java:requestVote(1332)) - s0@group-858CCA1FFC33 replies to PRE_VOTE vote request: s4<-s0#0:OK-t1. Peer's state: s0@group-858CCA1FFC33:t1, leader=null, voted=s3, raftlog=Memoized:s0@group-858CCA1FFC33-SegmentedRaftLog:OPENED:c-1, conf=-1: peers:[s3|rpc:localhost:44545|admin:localhost:42685|client:localhost:41947|dataStream:localhost:38359|priority:0|startupRole:FOLLOWER, s4|rpc:localhost:43959|admin:localhost:37675|client:localhost:41245|dataStream:localhost:36157|priority:0|startupRole:FOLLOWER, s0|rpc:localhost:41873|admin:localhost:39543|client:localhost:39921|dataStream:localhost:44273|priority:0|startupRole:FOLLOWER, s1|rpc:localhost:46783|admin:localhost:40179|client:localhost:41765|dataStream:localhost:44515|priority:0|startupRole:FOLLOWER, s2|rpc:localhost:35711|admin:localhost:42283|client:localhost:45049|dataStream:localhost:37547|priority:0|startupRole:FOLLOWER]|listeners:[], old=null
2023-03-21 03:38:18,972 [s0@group-858CCA1FFC33-FollowerState] INFO  server.RaftServerConfigKeys (ConfUtils.java:logFallback(53)) - raft.server.rpc.first-election.timeout.max = 300ms (fallback to raft.server.rpc.timeout.max)
2023-03-21 03:38:18,973 [s1@group-858CCA1FFC33-FollowerState] INFO  server.RaftServerConfigKeys (ConfUtils.java:logFallback(53)) - raft.server.rpc.first-election.timeout.min = 150ms (fallback to raft.server.rpc.timeout.min)
2023-03-21 03:38:18,973 [s1@group-858CCA1FFC33-FollowerState] INFO  server.RaftServerConfigKeys (ConfUtils.java:logFallback(53)) - raft.server.rpc.first-election.timeout.max = 300ms (fallback to raft.server.rpc.timeout.max)
2023-03-21 03:38:18,974 [s2@group-858CCA1FFC33-FollowerState] INFO  server.RaftServerConfigKeys (ConfUtils.java:logFallback(53)) - raft.server.rpc.first-election.timeout.min = 150ms (fallback to raft.server.rpc.timeout.min)
2023-03-21 03:38:18,974 [s2@group-858CCA1FFC33-FollowerState] INFO  server.RaftServerConfigKeys (ConfUtils.java:logFallback(53)) - raft.server.rpc.first-election.timeout.max = 300ms (fallback to raft.server.rpc.timeout.max)
2023-03-21 03:38:18,972 [s3@group-858CCA1FFC33-LeaderElection5] INFO  server.RaftServer$Division (RaftServerImpl.java:setRole(329)) - s3@group-858CCA1FFC33: changes role from CANDIDATE to LEADER at term 1 for changeToLeader
2023-03-21 03:38:18,975 [s3@group-858CCA1FFC33-LeaderElection5] INFO  server.RaftServer$Division (ServerState.java:setLeader(260)) - s3@group-858CCA1FFC33: change Leader from null to s3 at term 1 for becomeLeader, leader elected after 311ms
2023-03-21 03:38:18,975 [s3@group-858CCA1FFC33-LeaderElection5] INFO  server.RaftServerConfigKeys (ConfUtils.java:logGet(46)) - raft.server.staging.catchup.gap = 1000 (default)
2023-03-21 03:38:18,976 [s3@group-858CCA1FFC33-LeaderElection5] INFO  server.RaftServerConfigKeys (ConfUtils.java:logGet(46)) - raft.server.write.element-limit = 4096 (default)
2023-03-21 03:38:18,976 [s3@group-858CCA1FFC33-LeaderElection5] INFO  server.RaftServerConfigKeys (ConfUtils.java:logGet(46)) - raft.server.write.byte-limit = 64MB (=67108864) (default)
2023-03-21 03:38:18,976 [s3@group-858CCA1FFC33-LeaderElection5] INFO  server.RaftServerConfigKeys (ConfUtils.java:logGet(46)) - raft.server.watch.timeout = 10s (default)
2023-03-21 03:38:18,976 [s3@group-858CCA1FFC33-LeaderElection5] INFO  server.RaftServerConfigKeys (ConfUtils.java:logGet(46)) - raft.server.watch.timeout.denomination = 1s (default)
2023-03-21 03:38:18,976 [s3@group-858CCA1FFC33-LeaderElection5] INFO  server.RaftServerConfigKeys (ConfUtils.java:logGet(46)) - raft.server.watch.element-limit = 65536 (default)
2023-03-21 03:38:18,976 [s3@group-858CCA1FFC33-LeaderElection5] INFO  server.RaftServerConfigKeys (ConfUtils.java:logGet(46)) - raft.server.write.element-limit = 4096 (default)
2023-03-21 03:38:18,976 [s3@group-858CCA1FFC33-LeaderElection5] INFO  server.RaftServerConfigKeys (ConfUtils.java:logGet(46)) - raft.server.write.follower.gap.ratio.max = -1.0 (default)
2023-03-21 03:38:18,976 [s3@group-858CCA1FFC33-LeaderElection5] INFO  server.RaftServerConfigKeys (ConfUtils.java:logGet(46)) - raft.server.log.appender.snapshot.chunk.size.max = 16MB (=16777216) (default)
2023-03-21 03:38:18,977 [s3@group-858CCA1FFC33-LeaderElection5] INFO  server.RaftServerConfigKeys (ConfUtils.java:logGet(46)) - raft.server.log.appender.buffer.byte-limit = 4MB (=4194304) (default)
2023-03-21 03:38:18,977 [s3@group-858CCA1FFC33-LeaderElection5] INFO  server.RaftServerConfigKeys (ConfUtils.java:logGet(46)) - raft.server.log.appender.buffer.element-limit = 0 (default)
2023-03-21 03:38:18,977 [s3@group-858CCA1FFC33-LeaderElection5] INFO  server.RaftServerConfigKeys (ConfUtils.java:logGet(46)) - raft.server.log.appender.wait-time.min = 10ms (default)
2023-03-21 03:38:18,977 [s3@group-858CCA1FFC33-LeaderElection5] INFO  server.RaftServerConfigKeys (ConfUtils.java:logGet(46)) - raft.server.log.appender.snapshot.chunk.size.max = 16MB (=16777216) (default)
2023-03-21 03:38:18,977 [s3@group-858CCA1FFC33-LeaderElection5] INFO  server.RaftServerConfigKeys (ConfUtils.java:logGet(46)) - raft.server.log.appender.buffer.byte-limit = 4MB (=4194304) (default)
2023-03-21 03:38:18,977 [s3@group-858CCA1FFC33-LeaderElection5] INFO  server.RaftServerConfigKeys (ConfUtils.java:logGet(46)) - raft.server.log.appender.buffer.element-limit = 0 (default)
2023-03-21 03:38:18,977 [s3@group-858CCA1FFC33-LeaderElection5] INFO  server.RaftServerConfigKeys (ConfUtils.java:logGet(46)) - raft.server.log.appender.wait-time.min = 10ms (default)
2023-03-21 03:38:18,977 [s3@group-858CCA1FFC33-LeaderElection5] INFO  server.RaftServerConfigKeys (ConfUtils.java:logGet(46)) - raft.server.log.appender.snapshot.chunk.size.max = 16MB (=16777216) (default)
2023-03-21 03:38:18,978 [s3@group-858CCA1FFC33-LeaderElection5] INFO  server.RaftServerConfigKeys (ConfUtils.java:logGet(46)) - raft.server.log.appender.buffer.byte-limit = 4MB (=4194304) (default)
2023-03-21 03:38:18,978 [s3@group-858CCA1FFC33-LeaderElection5] INFO  server.RaftServerConfigKeys (ConfUtils.java:logGet(46)) - raft.server.log.appender.buffer.element-limit = 0 (default)
2023-03-21 03:38:18,978 [s3@group-858CCA1FFC33-LeaderElection5] INFO  server.RaftServerConfigKeys (ConfUtils.java:logGet(46)) - raft.server.log.appender.wait-time.min = 10ms (default)
2023-03-21 03:38:18,978 [s3@group-858CCA1FFC33-LeaderElection5] INFO  server.RaftServerConfigKeys (ConfUtils.java:logGet(46)) - raft.server.log.appender.snapshot.chunk.size.max = 16MB (=16777216) (default)
2023-03-21 03:38:18,978 [s3@group-858CCA1FFC33-LeaderElection5] INFO  server.RaftServerConfigKeys (ConfUtils.java:logGet(46)) - raft.server.log.appender.buffer.byte-limit = 4MB (=4194304) (default)
2023-03-21 03:38:18,978 [s3@group-858CCA1FFC33-LeaderElection5] INFO  server.RaftServerConfigKeys (ConfUtils.java:logGet(46)) - raft.server.log.appender.buffer.element-limit = 0 (default)
2023-03-21 03:38:18,978 [s3@group-858CCA1FFC33-LeaderElection5] INFO  server.RaftServerConfigKeys (ConfUtils.java:logGet(46)) - raft.server.log.appender.wait-time.min = 10ms (default)
2023-03-21 03:38:18,978 [s3@group-858CCA1FFC33-LeaderElection5] INFO  impl.RoleInfo (RoleInfo.java:updateAndGet(139)) - s3: start s3@group-858CCA1FFC33-LeaderStateImpl
2023-03-21 03:38:18,979 [HandlerDaemon-2] INFO  server.RaftServer$Division (RaftServerImpl.java:requestVote(1332)) - s2@group-858CCA1FFC33 replies to ELECTION vote request: s3<-s2#0:OK-t1. Peer's state: s2@group-858CCA1FFC33:t1, leader=null, voted=s3, raftlog=Memoized:s2@group-858CCA1FFC33-SegmentedRaftLog:OPENED:c-1, conf=-1: peers:[s3|rpc:localhost:44545|admin:localhost:42685|client:localhost:41947|dataStream:localhost:38359|priority:0|startupRole:FOLLOWER, s4|rpc:localhost:43959|admin:localhost:37675|client:localhost:41245|dataStream:localhost:36157|priority:0|startupRole:FOLLOWER, s0|rpc:localhost:41873|admin:localhost:39543|client:localhost:39921|dataStream:localhost:44273|priority:0|startupRole:FOLLOWER, s1|rpc:localhost:46783|admin:localhost:40179|client:localhost:41765|dataStream:localhost:44515|priority:0|startupRole:FOLLOWER, s2|rpc:localhost:35711|admin:localhost:42283|client:localhost:45049|dataStream:localhost:37547|priority:0|startupRole:FOLLOWER]|listeners:[], old=null
2023-03-21 03:38:18,980 [s3@group-858CCA1FFC33-LeaderElection5] INFO  segmented.SegmentedRaftLogWorker (SegmentedRaftLogWorker.java:startLogSegment(426)) - s3@group-858CCA1FFC33-SegmentedRaftLogWorker: Starting segment from index:0
2023-03-21 03:38:18,984 [HandlerDaemon-2] INFO  server.RaftServer$Division (ServerState.java:setLeader(260)) - s4@group-858CCA1FFC33: change Leader from null to s3 at term 1 for appendEntries, leader elected after 305ms
2023-03-21 03:38:18,985 [HandlerDaemon-0] INFO  server.RaftServer$Division (ServerState.java:setLeader(260)) - s0@group-858CCA1FFC33: change Leader from null to s3 at term 1 for appendEntries, leader elected after 301ms
2023-03-21 03:38:18,986 [HandlerDaemon-0] INFO  server.RaftServer$Division (ServerState.java:setLeader(260)) - s1@group-858CCA1FFC33: change Leader from null to s3 at term 1 for appendEntries, leader elected after 294ms
2023-03-21 03:38:18,986 [HandlerDaemon-0] INFO  server.RaftServer$Division (ServerState.java:setLeader(260)) - s2@group-858CCA1FFC33: change Leader from null to s3 at term 1 for appendEntries, leader elected after 285ms
2023-03-21 03:38:18,988 [HandlerDaemon-0] DEBUG server.RaftServer$Division (RaftServerImpl.java:logAppendEntries(1426)) - s4@group-858CCA1FFC33: receive appendEntries(s3, 1, null, -1, true, commits:[s3:c-1, s4:c-1, s0:c-1, s1:c-1, s2:c-1], cId:45, entries: [(t:1, i:0), CONFIGURATIONENTRY(current:id: "s3"
address: "localhost:44545"
dataStreamAddress: "localhost:38359"
clientAddress: "localhost:41947"
adminAddress: "localhost:42685"
startupRole: FOLLOWER
,id: "s4"
address: "localhost:43959"
dataStreamAddress: "localhost:36157"
clientAddress: "localhost:41245"
adminAddress: "localhost:37675"
startupRole: FOLLOWER
,id: "s0"
address: "localhost:41873"
dataStreamAddress: "localhost:44273"
clientAddress: "localhost:39921"
adminAddress: "localhost:39543"
startupRole: FOLLOWER
,id: "s1"
address: "localhost:46783"
dataStreamAddress: "localhost:44515"
clientAddress: "localhost:41765"
adminAddress: "localhost:40179"
startupRole: FOLLOWER
,id: "s2"
address: "localhost:35711"
dataStreamAddress: "localhost:37547"
clientAddress: "localhost:45049"
adminAddress: "localhost:42283"
startupRole: FOLLOWER
, old:)]
2023-03-21 03:38:18,991 [s3@group-858CCA1FFC33-LeaderElection5] INFO  server.RaftServer$Division (ServerState.java:setRaftConf(377)) - s3@group-858CCA1FFC33: set configuration 0: peers:[s3|rpc:localhost:44545|admin:localhost:42685|client:localhost:41947|dataStream:localhost:38359|priority:0|startupRole:FOLLOWER, s4|rpc:localhost:43959|admin:localhost:37675|client:localhost:41245|dataStream:localhost:36157|priority:0|startupRole:FOLLOWER, s0|rpc:localhost:41873|admin:localhost:39543|client:localhost:39921|dataStream:localhost:44273|priority:0|startupRole:FOLLOWER, s1|rpc:localhost:46783|admin:localhost:40179|client:localhost:41765|dataStream:localhost:44515|priority:0|startupRole:FOLLOWER, s2|rpc:localhost:35711|admin:localhost:42283|client:localhost:45049|dataStream:localhost:37547|priority:0|startupRole:FOLLOWER]|listeners:[], old=null
2023-03-21 03:38:18,991 [HandlerDaemon-0] INFO  server.RaftServer$Division (ServerState.java:setRaftConf(377)) - s4@group-858CCA1FFC33: set configuration 0: peers:[s3|rpc:localhost:44545|admin:localhost:42685|client:localhost:41947|dataStream:localhost:38359|priority:0|startupRole:FOLLOWER, s4|rpc:localhost:43959|admin:localhost:37675|client:localhost:41245|dataStream:localhost:36157|priority:0|startupRole:FOLLOWER, s0|rpc:localhost:41873|admin:localhost:39543|client:localhost:39921|dataStream:localhost:44273|priority:0|startupRole:FOLLOWER, s1|rpc:localhost:46783|admin:localhost:40179|client:localhost:41765|dataStream:localhost:44515|priority:0|startupRole:FOLLOWER, s2|rpc:localhost:35711|admin:localhost:42283|client:localhost:45049|dataStream:localhost:37547|priority:0|startupRole:FOLLOWER]|listeners:[], old=null
2023-03-21 03:38:18,991 [HandlerDaemon-0] INFO  segmented.SegmentedRaftLogWorker (SegmentedRaftLogWorker.java:startLogSegment(426)) - s4@group-858CCA1FFC33-SegmentedRaftLogWorker: Starting segment from index:0
2023-03-21 03:38:18,993 [s3@group-858CCA1FFC33-SegmentedRaftLogWorker] INFO  segmented.SegmentedRaftLogWorker (SegmentedRaftLogWorker.java:execute(630)) - s3@group-858CCA1FFC33-SegmentedRaftLogWorker: created new log segment /home/runner/work/ratis/ratis/ratis-test/target/test/data/7ae0d5f1/MiniRaftClusterWithSimulatedRpc1455937/s3/1c2a37d1-55f4-406d-9acd-858cca1ffc33/current/log_inprogress_0
2023-03-21 03:38:19,003 [HandlerDaemon-1] DEBUG server.RaftServer$Division (RaftServerImpl.java:logAppendEntries(1426)) - s1@group-858CCA1FFC33: receive appendEntries(s3, 1, null, -1, true, commits:[s3:c-1, s4:c-1, s0:c-1, s1:c-1, s2:c-1], cId:46, entries: [(t:1, i:0), CONFIGURATIONENTRY(current:id: "s3"
address: "localhost:44545"
dataStreamAddress: "localhost:38359"
clientAddress: "localhost:41947"
adminAddress: "localhost:42685"
startupRole: FOLLOWER
,id: "s4"
address: "localhost:43959"
dataStreamAddress: "localhost:36157"
clientAddress: "localhost:41245"
adminAddress: "localhost:37675"
startupRole: FOLLOWER
,id: "s0"
address: "localhost:41873"
dataStreamAddress: "localhost:44273"
clientAddress: "localhost:39921"
adminAddress: "localhost:39543"
startupRole: FOLLOWER
,id: "s1"
address: "localhost:46783"
dataStreamAddress: "localhost:44515"
clientAddress: "localhost:41765"
adminAddress: "localhost:40179"
startupRole: FOLLOWER
,id: "s2"
address: "localhost:35711"
dataStreamAddress: "localhost:37547"
clientAddress: "localhost:45049"
adminAddress: "localhost:42283"
startupRole: FOLLOWER
, old:)]
2023-03-21 03:38:19,004 [HandlerDaemon-1] INFO  server.RaftServer$Division (ServerState.java:setRaftConf(377)) - s1@group-858CCA1FFC33: set configuration 0: peers:[s3|rpc:localhost:44545|admin:localhost:42685|client:localhost:41947|dataStream:localhost:38359|priority:0|startupRole:FOLLOWER, s4|rpc:localhost:43959|admin:localhost:37675|client:localhost:41245|dataStream:localhost:36157|priority:0|startupRole:FOLLOWER, s0|rpc:localhost:41873|admin:localhost:39543|client:localhost:39921|dataStream:localhost:44273|priority:0|startupRole:FOLLOWER, s1|rpc:localhost:46783|admin:localhost:40179|client:localhost:41765|dataStream:localhost:44515|priority:0|startupRole:FOLLOWER, s2|rpc:localhost:35711|admin:localhost:42283|client:localhost:45049|dataStream:localhost:37547|priority:0|startupRole:FOLLOWER]|listeners:[], old=null
2023-03-21 03:38:19,004 [HandlerDaemon-1] INFO  segmented.SegmentedRaftLogWorker (SegmentedRaftLogWorker.java:startLogSegment(426)) - s1@group-858CCA1FFC33-SegmentedRaftLogWorker: Starting segment from index:0
2023-03-21 03:38:19,005 [s4@group-858CCA1FFC33-SegmentedRaftLogWorker] INFO  segmented.SegmentedRaftLogWorker (SegmentedRaftLogWorker.java:execute(630)) - s4@group-858CCA1FFC33-SegmentedRaftLogWorker: created new log segment /home/runner/work/ratis/ratis/ratis-test/target/test/data/7ae0d5f1/MiniRaftClusterWithSimulatedRpc1455937/s4/1c2a37d1-55f4-406d-9acd-858cca1ffc33/current/log_inprogress_0
2023-03-21 03:38:19,005 [HandlerDaemon-1] DEBUG server.RaftServer$Division (RaftServerImpl.java:logAppendEntries(1426)) - s2@group-858CCA1FFC33: receive appendEntries(s3, 1, null, -1, true, commits:[s3:c-1, s4:c-1, s0:c-1, s1:c-1, s2:c-1], cId:47, entries: [(t:1, i:0), CONFIGURATIONENTRY(current:id: "s3"
address: "localhost:44545"
dataStreamAddress: "localhost:38359"
clientAddress: "localhost:41947"
adminAddress: "localhost:42685"
startupRole: FOLLOWER
,id: "s4"
address: "localhost:43959"
dataStreamAddress: "localhost:36157"
clientAddress: "localhost:41245"
adminAddress: "localhost:37675"
startupRole: FOLLOWER
,id: "s0"
address: "localhost:41873"
dataStreamAddress: "localhost:44273"
clientAddress: "localhost:39921"
adminAddress: "localhost:39543"
startupRole: FOLLOWER
,id: "s1"
address: "localhost:46783"
dataStreamAddress: "localhost:44515"
clientAddress: "localhost:41765"
adminAddress: "localhost:40179"
startupRole: FOLLOWER
,id: "s2"
address: "localhost:35711"
dataStreamAddress: "localhost:37547"
clientAddress: "localhost:45049"
adminAddress: "localhost:42283"
startupRole: FOLLOWER
, old:)]
2023-03-21 03:38:19,006 [s4-server-thread1] DEBUG server.RaftServer$Division (RaftServerImpl.java:logAppendEntries(1426)) - s4@group-858CCA1FFC33: succeeded to handle AppendEntries. Reply: s3<-s4#45:OK-t1,SUCCESS,nextIndex=1,followerCommit=-1,matchIndex=0
2023-03-21 03:38:19,010 [HandlerDaemon-1] INFO  server.RaftServer$Division (ServerState.java:setRaftConf(377)) - s2@group-858CCA1FFC33: set configuration 0: peers:[s3|rpc:localhost:44545|admin:localhost:42685|client:localhost:41947|dataStream:localhost:38359|priority:0|startupRole:FOLLOWER, s4|rpc:localhost:43959|admin:localhost:37675|client:localhost:41245|dataStream:localhost:36157|priority:0|startupRole:FOLLOWER, s0|rpc:localhost:41873|admin:localhost:39543|client:localhost:39921|dataStream:localhost:44273|priority:0|startupRole:FOLLOWER, s1|rpc:localhost:46783|admin:localhost:40179|client:localhost:41765|dataStream:localhost:44515|priority:0|startupRole:FOLLOWER, s2|rpc:localhost:35711|admin:localhost:42283|client:localhost:45049|dataStream:localhost:37547|priority:0|startupRole:FOLLOWER]|listeners:[], old=null
2023-03-21 03:38:19,010 [HandlerDaemon-1] INFO  segmented.SegmentedRaftLogWorker (SegmentedRaftLogWorker.java:startLogSegment(426)) - s2@group-858CCA1FFC33-SegmentedRaftLogWorker: Starting segment from index:0
2023-03-21 03:38:19,016 [HandlerDaemon-1] DEBUG server.RaftServer$Division (RaftServerImpl.java:logAppendEntries(1426)) - s0@group-858CCA1FFC33: receive appendEntries(s3, 1, null, -1, true, commits:[s3:c-1, s4:c-1, s0:c-1, s1:c-1, s2:c-1], cId:48, entries: [(t:1, i:0), CONFIGURATIONENTRY(current:id: "s3"
address: "localhost:44545"
dataStreamAddress: "localhost:38359"
clientAddress: "localhost:41947"
adminAddress: "localhost:42685"
startupRole: FOLLOWER
,id: "s4"
address: "localhost:43959"
dataStreamAddress: "localhost:36157"
clientAddress: "localhost:41245"
adminAddress: "localhost:37675"
startupRole: FOLLOWER
,id: "s0"
address: "localhost:41873"
dataStreamAddress: "localhost:44273"
clientAddress: "localhost:39921"
adminAddress: "localhost:39543"
startupRole: FOLLOWER
,id: "s1"
address: "localhost:46783"
dataStreamAddress: "localhost:44515"
clientAddress: "localhost:41765"
adminAddress: "localhost:40179"
startupRole: FOLLOWER
,id: "s2"
address: "localhost:35711"
dataStreamAddress: "localhost:37547"
clientAddress: "localhost:45049"
adminAddress: "localhost:42283"
startupRole: FOLLOWER
, old:)]
2023-03-21 03:38:19,017 [HandlerDaemon-1] INFO  server.RaftServer$Division (ServerState.java:setRaftConf(377)) - s0@group-858CCA1FFC33: set configuration 0: peers:[s3|rpc:localhost:44545|admin:localhost:42685|client:localhost:41947|dataStream:localhost:38359|priority:0|startupRole:FOLLOWER, s4|rpc:localhost:43959|admin:localhost:37675|client:localhost:41245|dataStream:localhost:36157|priority:0|startupRole:FOLLOWER, s0|rpc:localhost:41873|admin:localhost:39543|client:localhost:39921|dataStream:localhost:44273|priority:0|startupRole:FOLLOWER, s1|rpc:localhost:46783|admin:localhost:40179|client:localhost:41765|dataStream:localhost:44515|priority:0|startupRole:FOLLOWER, s2|rpc:localhost:35711|admin:localhost:42283|client:localhost:45049|dataStream:localhost:37547|priority:0|startupRole:FOLLOWER]|listeners:[], old=null
2023-03-21 03:38:19,017 [HandlerDaemon-1] INFO  segmented.SegmentedRaftLogWorker (SegmentedRaftLogWorker.java:startLogSegment(426)) - s0@group-858CCA1FFC33-SegmentedRaftLogWorker: Starting segment from index:0
2023-03-21 03:38:19,026 [s1@group-858CCA1FFC33-SegmentedRaftLogWorker] INFO  segmented.SegmentedRaftLogWorker (SegmentedRaftLogWorker.java:execute(630)) - s1@group-858CCA1FFC33-SegmentedRaftLogWorker: created new log segment /home/runner/work/ratis/ratis/ratis-test/target/test/data/7ae0d5f1/MiniRaftClusterWithSimulatedRpc1455937/s1/1c2a37d1-55f4-406d-9acd-858cca1ffc33/current/log_inprogress_0
2023-03-21 03:38:19,034 [s2@group-858CCA1FFC33-SegmentedRaftLogWorker] INFO  segmented.SegmentedRaftLogWorker (SegmentedRaftLogWorker.java:execute(630)) - s2@group-858CCA1FFC33-SegmentedRaftLogWorker: created new log segment /home/runner/work/ratis/ratis/ratis-test/target/test/data/7ae0d5f1/MiniRaftClusterWithSimulatedRpc1455937/s2/1c2a37d1-55f4-406d-9acd-858cca1ffc33/current/log_inprogress_0
2023-03-21 03:38:19,034 [s1-server-thread1] DEBUG server.RaftServer$Division (RaftServerImpl.java:logAppendEntries(1426)) - s1@group-858CCA1FFC33: succeeded to handle AppendEntries. Reply: s3<-s1#46:OK-t1,SUCCESS,nextIndex=1,followerCommit=-1,matchIndex=0
2023-03-21 03:38:19,035 [s2-server-thread1] DEBUG server.RaftServer$Division (RaftServerImpl.java:logAppendEntries(1426)) - s2@group-858CCA1FFC33: succeeded to handle AppendEntries. Reply: s3<-s2#47:OK-t1,SUCCESS,nextIndex=1,followerCommit=-1,matchIndex=0
2023-03-21 03:38:19,036 [s0@group-858CCA1FFC33-SegmentedRaftLogWorker] INFO  segmented.SegmentedRaftLogWorker (SegmentedRaftLogWorker.java:execute(630)) - s0@group-858CCA1FFC33-SegmentedRaftLogWorker: created new log segment /home/runner/work/ratis/ratis/ratis-test/target/test/data/7ae0d5f1/MiniRaftClusterWithSimulatedRpc1455937/s0/1c2a37d1-55f4-406d-9acd-858cca1ffc33/current/log_inprogress_0
2023-03-21 03:38:19,037 [s0-server-thread1] DEBUG server.RaftServer$Division (RaftServerImpl.java:logAppendEntries(1426)) - s0@group-858CCA1FFC33: succeeded to handle AppendEntries. Reply: s3<-s0#48:OK-t1,SUCCESS,nextIndex=1,followerCommit=-1,matchIndex=0
2023-03-21 03:38:19,260 [Time-limited test] INFO  ratis.RaftTestUtil (RaftTestUtil.java:waitForLeader(119)) - printing ALL groups
  s3:  RUNNING    LEADER s3@group-858CCA1FFC33:t1, leader=s3, voted=s3, raftlog=Memoized:s3@group-858CCA1FFC33-SegmentedRaftLog:OPENED:c0, conf=0: peers:[s3|rpc:localhost:44545|admin:localhost:42685|client:localhost:41947|dataStream:localhost:38359|priority:0|startupRole:FOLLOWER, s4|rpc:localhost:43959|admin:localhost:37675|client:localhost:41245|dataStream:localhost:36157|priority:0|startupRole:FOLLOWER, s0|rpc:localhost:41873|admin:localhost:39543|client:localhost:39921|dataStream:localhost:44273|priority:0|startupRole:FOLLOWER, s1|rpc:localhost:46783|admin:localhost:40179|client:localhost:41765|dataStream:localhost:44515|priority:0|startupRole:FOLLOWER, s2|rpc:localhost:35711|admin:localhost:42283|client:localhost:45049|dataStream:localhost:37547|priority:0|startupRole:FOLLOWER]|listeners:[], old=null RUNNING
  s4:  RUNNING  FOLLOWER s4@group-858CCA1FFC33:t1, leader=s3, voted=s3, raftlog=Memoized:s4@group-858CCA1FFC33-SegmentedRaftLog:OPENED:c0, conf=0: peers:[s3|rpc:localhost:44545|admin:localhost:42685|client:localhost:41947|dataStream:localhost:38359|priority:0|startupRole:FOLLOWER, s4|rpc:localhost:43959|admin:localhost:37675|client:localhost:41245|dataStream:localhost:36157|priority:0|startupRole:FOLLOWER, s0|rpc:localhost:41873|admin:localhost:39543|client:localhost:39921|dataStream:localhost:44273|priority:0|startupRole:FOLLOWER, s1|rpc:localhost:46783|admin:localhost:40179|client:localhost:41765|dataStream:localhost:44515|priority:0|startupRole:FOLLOWER, s2|rpc:localhost:35711|admin:localhost:42283|client:localhost:45049|dataStream:localhost:37547|priority:0|startupRole:FOLLOWER]|listeners:[], old=null RUNNING
  s0:  RUNNING  FOLLOWER s0@group-858CCA1FFC33:t1, leader=s3, voted=s3, raftlog=Memoized:s0@group-858CCA1FFC33-SegmentedRaftLog:OPENED:c0, conf=0: peers:[s3|rpc:localhost:44545|admin:localhost:42685|client:localhost:41947|dataStream:localhost:38359|priority:0|startupRole:FOLLOWER, s4|rpc:localhost:43959|admin:localhost:37675|client:localhost:41245|dataStream:localhost:36157|priority:0|startupRole:FOLLOWER, s0|rpc:localhost:41873|admin:localhost:39543|client:localhost:39921|dataStream:localhost:44273|priority:0|startupRole:FOLLOWER, s1|rpc:localhost:46783|admin:localhost:40179|client:localhost:41765|dataStream:localhost:44515|priority:0|startupRole:FOLLOWER, s2|rpc:localhost:35711|admin:localhost:42283|client:localhost:45049|dataStream:localhost:37547|priority:0|startupRole:FOLLOWER]|listeners:[], old=null RUNNING
  s1:  RUNNING  FOLLOWER s1@group-858CCA1FFC33:t1, leader=s3, voted=s3, raftlog=Memoized:s1@group-858CCA1FFC33-SegmentedRaftLog:OPENED:c0, conf=0: peers:[s3|rpc:localhost:44545|admin:localhost:42685|client:localhost:41947|dataStream:localhost:38359|priority:0|startupRole:FOLLOWER, s4|rpc:localhost:43959|admin:localhost:37675|client:localhost:41245|dataStream:localhost:36157|priority:0|startupRole:FOLLOWER, s0|rpc:localhost:41873|admin:localhost:39543|client:localhost:39921|dataStream:localhost:44273|priority:0|startupRole:FOLLOWER, s1|rpc:localhost:46783|admin:localhost:40179|client:localhost:41765|dataStream:localhost:44515|priority:0|startupRole:FOLLOWER, s2|rpc:localhost:35711|admin:localhost:42283|client:localhost:45049|dataStream:localhost:37547|priority:0|startupRole:FOLLOWER]|listeners:[], old=null RUNNING
  s2:  RUNNING  FOLLOWER s2@group-858CCA1FFC33:t1, leader=s3, voted=s3, raftlog=Memoized:s2@group-858CCA1FFC33-SegmentedRaftLog:OPENED:c0, conf=0: peers:[s3|rpc:localhost:44545|admin:localhost:42685|client:localhost:41947|dataStream:localhost:38359|priority:0|startupRole:FOLLOWER, s4|rpc:localhost:43959|admin:localhost:37675|client:localhost:41245|dataStream:localhost:36157|priority:0|startupRole:FOLLOWER, s0|rpc:localhost:41873|admin:localhost:39543|client:localhost:39921|dataStream:localhost:44273|priority:0|startupRole:FOLLOWER, s1|rpc:localhost:46783|admin:localhost:40179|client:localhost:41765|dataStream:localhost:44515|priority:0|startupRole:FOLLOWER, s2|rpc:localhost:35711|admin:localhost:42283|client:localhost:45049|dataStream:localhost:37547|priority:0|startupRole:FOLLOWER]|listeners:[], old=null RUNNING
2023-03-21 03:38:19,260 [Time-limited test] INFO  simulation.TestLeaderElectionWithSimulatedRpc (LeaderElectionTests.java:testEnforceLeader(304)) - firstLeader = s3
2023-03-21 03:38:19,260 [Time-limited test] INFO  simulation.TestLeaderElectionWithSimulatedRpc (LeaderElectionTests.java:testEnforceLeader(309)) - enforce leader to s1
2023-03-21 03:38:19,260 [Time-limited test] INFO  simulation.TestLeaderElectionWithSimulatedRpc (LeaderElectionTests.java:enforceLeader(315)) - printing ALL groups
  s3:  RUNNING    LEADER s3@group-858CCA1FFC33:t1, leader=s3, voted=s3, raftlog=Memoized:s3@group-858CCA1FFC33-SegmentedRaftLog:OPENED:c0, conf=0: peers:[s3|rpc:localhost:44545|admin:localhost:42685|client:localhost:41947|dataStream:localhost:38359|priority:0|startupRole:FOLLOWER, s4|rpc:localhost:43959|admin:localhost:37675|client:localhost:41245|dataStream:localhost:36157|priority:0|startupRole:FOLLOWER, s0|rpc:localhost:41873|admin:localhost:39543|client:localhost:39921|dataStream:localhost:44273|priority:0|startupRole:FOLLOWER, s1|rpc:localhost:46783|admin:localhost:40179|client:localhost:41765|dataStream:localhost:44515|priority:0|startupRole:FOLLOWER, s2|rpc:localhost:35711|admin:localhost:42283|client:localhost:45049|dataStream:localhost:37547|priority:0|startupRole:FOLLOWER]|listeners:[], old=null RUNNING
  s4:  RUNNING  FOLLOWER s4@group-858CCA1FFC33:t1, leader=s3, voted=s3, raftlog=Memoized:s4@group-858CCA1FFC33-SegmentedRaftLog:OPENED:c0, conf=0: peers:[s3|rpc:localhost:44545|admin:localhost:42685|client:localhost:41947|dataStream:localhost:38359|priority:0|startupRole:FOLLOWER, s4|rpc:localhost:43959|admin:localhost:37675|client:localhost:41245|dataStream:localhost:36157|priority:0|startupRole:FOLLOWER, s0|rpc:localhost:41873|admin:localhost:39543|client:localhost:39921|dataStream:localhost:44273|priority:0|startupRole:FOLLOWER, s1|rpc:localhost:46783|admin:localhost:40179|client:localhost:41765|dataStream:localhost:44515|priority:0|startupRole:FOLLOWER, s2|rpc:localhost:35711|admin:localhost:42283|client:localhost:45049|dataStream:localhost:37547|priority:0|startupRole:FOLLOWER]|listeners:[], old=null RUNNING
  s0:  RUNNING  FOLLOWER s0@group-858CCA1FFC33:t1, leader=s3, voted=s3, raftlog=Memoized:s0@group-858CCA1FFC33-SegmentedRaftLog:OPENED:c0, conf=0: peers:[s3|rpc:localhost:44545|admin:localhost:42685|client:localhost:41947|dataStream:localhost:38359|priority:0|startupRole:FOLLOWER, s4|rpc:localhost:43959|admin:localhost:37675|client:localhost:41245|dataStream:localhost:36157|priority:0|startupRole:FOLLOWER, s0|rpc:localhost:41873|admin:localhost:39543|client:localhost:39921|dataStream:localhost:44273|priority:0|startupRole:FOLLOWER, s1|rpc:localhost:46783|admin:localhost:40179|client:localhost:41765|dataStream:localhost:44515|priority:0|startupRole:FOLLOWER, s2|rpc:localhost:35711|admin:localhost:42283|client:localhost:45049|dataStream:localhost:37547|priority:0|startupRole:FOLLOWER]|listeners:[], old=null RUNNING
  s1:  RUNNING  FOLLOWER s1@group-858CCA1FFC33:t1, leader=s3, voted=s3, raftlog=Memoized:s1@group-858CCA1FFC33-SegmentedRaftLog:OPENED:c0, conf=0: peers:[s3|rpc:localhost:44545|admin:localhost:42685|client:localhost:41947|dataStream:localhost:38359|priority:0|startupRole:FOLLOWER, s4|rpc:localhost:43959|admin:localhost:37675|client:localhost:41245|dataStream:localhost:36157|priority:0|startupRole:FOLLOWER, s0|rpc:localhost:41873|admin:localhost:39543|client:localhost:39921|dataStream:localhost:44273|priority:0|startupRole:FOLLOWER, s1|rpc:localhost:46783|admin:localhost:40179|client:localhost:41765|dataStream:localhost:44515|priority:0|startupRole:FOLLOWER, s2|rpc:localhost:35711|admin:localhost:42283|client:localhost:45049|dataStream:localhost:37547|priority:0|startupRole:FOLLOWER]|listeners:[], old=null RUNNING
  s2:  RUNNING  FOLLOWER s2@group-858CCA1FFC33:t1, leader=s3, voted=s3, raftlog=Memoized:s2@group-858CCA1FFC33-SegmentedRaftLog:OPENED:c0, conf=0: peers:[s3|rpc:localhost:44545|admin:localhost:42685|client:localhost:41947|dataStream:localhost:38359|priority:0|startupRole:FOLLOWER, s4|rpc:localhost:43959|admin:localhost:37675|client:localhost:41245|dataStream:localhost:36157|priority:0|startupRole:FOLLOWER, s0|rpc:localhost:41873|admin:localhost:39543|client:localhost:39921|dataStream:localhost:44273|priority:0|startupRole:FOLLOWER, s1|rpc:localhost:46783|admin:localhost:40179|client:localhost:41765|dataStream:localhost:44515|priority:0|startupRole:FOLLOWER, s2|rpc:localhost:35711|admin:localhost:42283|client:localhost:45049|dataStream:localhost:37547|priority:0|startupRole:FOLLOWER]|listeners:[], old=null RUNNING
2023-03-21 03:38:19,262 [Time-limited test] INFO  server.RaftServerConfigKeys (ConfUtils.java:logGet(46)) - raft.server.rpc.timeout.max = 300ms (default)
2023-03-21 03:38:19,601 [s1@group-858CCA1FFC33-FollowerState] INFO  impl.FollowerState (FollowerState.java:run(143)) - s1@group-858CCA1FFC33-FollowerState: change to CANDIDATE, lastRpcElapsedTime:413478244ns, electionTimeout:243ms
2023-03-21 03:38:19,601 [s1@group-858CCA1FFC33-FollowerState] INFO  impl.RoleInfo (RoleInfo.java:shutdownFollowerState(110)) - s1: shutdown s1@group-858CCA1FFC33-FollowerState
2023-03-21 03:38:19,601 [s1@group-858CCA1FFC33-FollowerState] INFO  server.RaftServer$Division (RaftServerImpl.java:setRole(329)) - s1@group-858CCA1FFC33: changes role from  FOLLOWER to CANDIDATE at term 1 for changeToCandidate
2023-03-21 03:38:19,601 [s1@group-858CCA1FFC33-FollowerState] INFO  server.RaftServerConfigKeys (ConfUtils.java:logGet(46)) - raft.server.leaderelection.pre-vote = true (default)
2023-03-21 03:38:19,601 [s1@group-858CCA1FFC33-FollowerState] INFO  impl.RoleInfo (RoleInfo.java:updateAndGet(139)) - s1: start s1@group-858CCA1FFC33-LeaderElection7
2023-03-21 03:38:19,602 [s1@group-858CCA1FFC33-LeaderElection7] INFO  server.RaftServer$Division (ServerState.java:setLeader(260)) - s1@group-858CCA1FFC33: change Leader from s3 to null at term 1 for PRE_VOTE
2023-03-21 03:38:19,603 [s1@group-858CCA1FFC33-LeaderElection7] INFO  impl.LeaderElection (LeaderElection.java:askForVotes(320)) - s1@group-858CCA1FFC33-LeaderElection7 PRE_VOTE round 0: submit vote requests at term 1 for 0: peers:[s3|rpc:localhost:44545|admin:localhost:42685|client:localhost:41947|dataStream:localhost:38359|priority:0|startupRole:FOLLOWER, s4|rpc:localhost:43959|admin:localhost:37675|client:localhost:41245|dataStream:localhost:36157|priority:0|startupRole:FOLLOWER, s0|rpc:localhost:41873|admin:localhost:39543|client:localhost:39921|dataStream:localhost:44273|priority:0|startupRole:FOLLOWER, s1|rpc:localhost:46783|admin:localhost:40179|client:localhost:41765|dataStream:localhost:44515|priority:0|startupRole:FOLLOWER, s2|rpc:localhost:35711|admin:localhost:42283|client:localhost:45049|dataStream:localhost:37547|priority:0|startupRole:FOLLOWER]|listeners:[], old=null
2023-03-21 03:38:19,713 [Time-limited test] INFO  server.RaftServerConfigKeys (ConfUtils.java:logGet(46)) - raft.server.rpc.timeout.max = 300ms (default)
2023-03-21 03:38:19,754 [HandlerDaemon-1] INFO  server.RaftServer$Division (RaftServerImpl.java:requestVote(1299)) - s3@group-858CCA1FFC33: receive requestVote(PRE_VOTE, s1, group-858CCA1FFC33, 1, (t:1, i:0))
2023-03-21 03:38:19,754 [HandlerDaemon-0] INFO  server.RaftServer$Division (RaftServerImpl.java:requestVote(1299)) - s4@group-858CCA1FFC33: receive requestVote(PRE_VOTE, s1, group-858CCA1FFC33, 1, (t:1, i:0))
2023-03-21 03:38:19,755 [HandlerDaemon-1] INFO  impl.VoteContext (VoteContext.java:log(49)) - s3@group-858CCA1FFC33-LEADER: reject PRE_VOTE from s1: this server is the leader and still has leadership
2023-03-21 03:38:19,755 [HandlerDaemon-0] INFO  impl.VoteContext (VoteContext.java:log(49)) - s4@group-858CCA1FFC33-FOLLOWER: reject PRE_VOTE from s1: this server is a follower and still has a valid leader s3
2023-03-21 03:38:19,755 [HandlerDaemon-1] INFO  server.RaftServer$Division (RaftServerImpl.java:requestVote(1332)) - s3@group-858CCA1FFC33 replies to PRE_VOTE vote request: s1<-s3#0:FAIL-t1. Peer's state: s3@group-858CCA1FFC33:t1, leader=s3, voted=s3, raftlog=Memoized:s3@group-858CCA1FFC33-SegmentedRaftLog:OPENED:c0, conf=0: peers:[s3|rpc:localhost:44545|admin:localhost:42685|client:localhost:41947|dataStream:localhost:38359|priority:0|startupRole:FOLLOWER, s4|rpc:localhost:43959|admin:localhost:37675|client:localhost:41245|dataStream:localhost:36157|priority:0|startupRole:FOLLOWER, s0|rpc:localhost:41873|admin:localhost:39543|client:localhost:39921|dataStream:localhost:44273|priority:0|startupRole:FOLLOWER, s1|rpc:localhost:46783|admin:localhost:40179|client:localhost:41765|dataStream:localhost:44515|priority:0|startupRole:FOLLOWER, s2|rpc:localhost:35711|admin:localhost:42283|client:localhost:45049|dataStream:localhost:37547|priority:0|startupRole:FOLLOWER]|listeners:[], old=null
2023-03-21 03:38:19,755 [HandlerDaemon-0] INFO  server.RaftServer$Division (RaftServerImpl.java:requestVote(1332)) - s4@group-858CCA1FFC33 replies to PRE_VOTE vote request: s1<-s4#0:FAIL-t1. Peer's state: s4@group-858CCA1FFC33:t1, leader=s3, voted=s3, raftlog=Memoized:s4@group-858CCA1FFC33-SegmentedRaftLog:OPENED:c0, conf=0: peers:[s3|rpc:localhost:44545|admin:localhost:42685|client:localhost:41947|dataStream:localhost:38359|priority:0|startupRole:FOLLOWER, s4|rpc:localhost:43959|admin:localhost:37675|client:localhost:41245|dataStream:localhost:36157|priority:0|startupRole:FOLLOWER, s0|rpc:localhost:41873|admin:localhost:39543|client:localhost:39921|dataStream:localhost:44273|priority:0|startupRole:FOLLOWER, s1|rpc:localhost:46783|admin:localhost:40179|client:localhost:41765|dataStream:localhost:44515|priority:0|startupRole:FOLLOWER, s2|rpc:localhost:35711|admin:localhost:42283|client:localhost:45049|dataStream:localhost:37547|priority:0|startupRole:FOLLOWER]|listeners:[], old=null
2023-03-21 03:38:19,757 [HandlerDaemon-0] INFO  server.RaftServer$Division (RaftServerImpl.java:requestVote(1299)) - s2@group-858CCA1FFC33: receive requestVote(PRE_VOTE, s1, group-858CCA1FFC33, 1, (t:1, i:0))
2023-03-21 03:38:19,758 [HandlerDaemon-0] INFO  impl.VoteContext (VoteContext.java:log(49)) - s2@group-858CCA1FFC33-FOLLOWER: reject PRE_VOTE from s1: this server is a follower and still has a valid leader s3
2023-03-21 03:38:19,757 [HandlerDaemon-0] INFO  server.RaftServer$Division (RaftServerImpl.java:requestVote(1299)) - s0@group-858CCA1FFC33: receive requestVote(PRE_VOTE, s1, group-858CCA1FFC33, 1, (t:1, i:0))
2023-03-21 03:38:19,758 [HandlerDaemon-0] INFO  impl.VoteContext (VoteContext.java:log(49)) - s0@group-858CCA1FFC33-FOLLOWER: reject PRE_VOTE from s1: this server is a follower and still has a valid leader s3
2023-03-21 03:38:19,758 [HandlerDaemon-0] INFO  server.RaftServer$Division (RaftServerImpl.java:requestVote(1332)) - s2@group-858CCA1FFC33 replies to PRE_VOTE vote request: s1<-s2#0:FAIL-t1. Peer's state: s2@group-858CCA1FFC33:t1, leader=s3, voted=s3, raftlog=Memoized:s2@group-858CCA1FFC33-SegmentedRaftLog:OPENED:c0, conf=0: peers:[s3|rpc:localhost:44545|admin:localhost:42685|client:localhost:41947|dataStream:localhost:38359|priority:0|startupRole:FOLLOWER, s4|rpc:localhost:43959|admin:localhost:37675|client:localhost:41245|dataStream:localhost:36157|priority:0|startupRole:FOLLOWER, s0|rpc:localhost:41873|admin:localhost:39543|client:localhost:39921|dataStream:localhost:44273|priority:0|startupRole:FOLLOWER, s1|rpc:localhost:46783|admin:localhost:40179|client:localhost:41765|dataStream:localhost:44515|priority:0|startupRole:FOLLOWER, s2|rpc:localhost:35711|admin:localhost:42283|client:localhost:45049|dataStream:localhost:37547|priority:0|startupRole:FOLLOWER]|listeners:[], old=null
2023-03-21 03:38:19,758 [HandlerDaemon-0] INFO  server.RaftServer$Division (RaftServerImpl.java:requestVote(1332)) - s0@group-858CCA1FFC33 replies to PRE_VOTE vote request: s1<-s0#0:FAIL-t1. Peer's state: s0@group-858CCA1FFC33:t1, leader=s3, voted=s3, raftlog=Memoized:s0@group-858CCA1FFC33-SegmentedRaftLog:OPENED:c0, conf=0: peers:[s3|rpc:localhost:44545|admin:localhost:42685|client:localhost:41947|dataStream:localhost:38359|priority:0|startupRole:FOLLOWER, s4|rpc:localhost:43959|admin:localhost:37675|client:localhost:41245|dataStream:localhost:36157|priority:0|startupRole:FOLLOWER, s0|rpc:localhost:41873|admin:localhost:39543|client:localhost:39921|dataStream:localhost:44273|priority:0|startupRole:FOLLOWER, s1|rpc:localhost:46783|admin:localhost:40179|client:localhost:41765|dataStream:localhost:44515|priority:0|startupRole:FOLLOWER, s2|rpc:localhost:35711|admin:localhost:42283|client:localhost:45049|dataStream:localhost:37547|priority:0|startupRole:FOLLOWER]|listeners:[], old=null
2023-03-21 03:38:19,758 [s1@group-858CCA1FFC33-LeaderElection7] INFO  impl.LeaderElection (LeaderElection.java:logAndReturn(89)) - s1@group-858CCA1FFC33-LeaderElection7: PRE_VOTE REJECTED received 3 response(s) and 0 exception(s):
2023-03-21 03:38:19,758 [s1@group-858CCA1FFC33-LeaderElection7] INFO  impl.LeaderElection (LeaderElection.java:logAndReturn(93)) -   Response 0: s1<-s3#0:FAIL-t1
2023-03-21 03:38:19,758 [s1@group-858CCA1FFC33-LeaderElection7] INFO  impl.LeaderElection (LeaderElection.java:logAndReturn(93)) -   Response 1: s1<-s4#0:FAIL-t1
2023-03-21 03:38:19,759 [s1@group-858CCA1FFC33-LeaderElection7] INFO  impl.LeaderElection (LeaderElection.java:logAndReturn(93)) -   Response 2: s1<-s2#0:FAIL-t1
2023-03-21 03:38:19,759 [s1@group-858CCA1FFC33-LeaderElection7] INFO  impl.LeaderElection (LeaderElection.java:askForVotes(322)) - s1@group-858CCA1FFC33-LeaderElection7 PRE_VOTE round 0: result REJECTED
2023-03-21 03:38:19,759 [s1@group-858CCA1FFC33-LeaderElection7] INFO  server.RaftServer$Division (RaftServerImpl.java:setRole(329)) - s1@group-858CCA1FFC33: changes role from CANDIDATE to FOLLOWER at term 1 for REJECTED
2023-03-21 03:38:19,759 [s1@group-858CCA1FFC33-LeaderElection7] INFO  impl.RoleInfo (RoleInfo.java:shutdownLeaderElection(130)) - s1: shutdown s1@group-858CCA1FFC33-LeaderElection7
2023-03-21 03:38:19,759 [s1@group-858CCA1FFC33-LeaderElection7] INFO  impl.RoleInfo (RoleInfo.java:updateAndGet(139)) - s1: start s1@group-858CCA1FFC33-FollowerState
2023-03-21 03:38:19,866 [HandlerDaemon-1] INFO  server.RaftServer$Division (ServerState.java:setLeader(260)) - s1@group-858CCA1FFC33: change Leader from null to s3 at term 1 for appendEntries, leader elected after 263ms
2023-03-21 03:38:20,163 [Time-limited test] INFO  simulation.TestLeaderElectionWithSimulatedRpc (LeaderElectionTests.java:enforceLeader(318)) - try enforcing leader to s1 but new leader is s3
2023-03-21 03:38:20,164 [Time-limited test] INFO  server.RaftServerConfigKeys (ConfUtils.java:logGet(46)) - raft.server.rpc.timeout.max = 300ms (default)
2023-03-21 03:38:20,348 [s4@group-858CCA1FFC33-FollowerState] INFO  impl.FollowerState (FollowerState.java:run(143)) - s4@group-858CCA1FFC33-FollowerState: change to CANDIDATE, lastRpcElapsedTime:198865278ns, electionTimeout:157ms
2023-03-21 03:38:20,349 [s4@group-858CCA1FFC33-FollowerState] INFO  impl.RoleInfo (RoleInfo.java:shutdownFollowerState(110)) - s4: shutdown s4@group-858CCA1FFC33-FollowerState
2023-03-21 03:38:20,349 [s4@group-858CCA1FFC33-FollowerState] INFO  server.RaftServer$Division (RaftServerImpl.java:setRole(329)) - s4@group-858CCA1FFC33: changes role from  FOLLOWER to CANDIDATE at term 1 for changeToCandidate
2023-03-21 03:38:20,349 [s4@group-858CCA1FFC33-FollowerState] INFO  server.RaftServerConfigKeys (ConfUtils.java:logGet(46)) - raft.server.leaderelection.pre-vote = true (default)
2023-03-21 03:38:20,349 [s4@group-858CCA1FFC33-FollowerState] INFO  impl.RoleInfo (RoleInfo.java:updateAndGet(139)) - s4: start s4@group-858CCA1FFC33-LeaderElection8
2023-03-21 03:38:20,350 [s4@group-858CCA1FFC33-LeaderElection8] INFO  server.RaftServer$Division (ServerState.java:setLeader(260)) - s4@group-858CCA1FFC33: change Leader from s3 to null at term 1 for PRE_VOTE
2023-03-21 03:38:20,350 [s4@group-858CCA1FFC33-LeaderElection8] INFO  impl.LeaderElection (LeaderElection.java:askForVotes(320)) - s4@group-858CCA1FFC33-LeaderElection8 PRE_VOTE round 0: submit vote requests at term 1 for 0: peers:[s3|rpc:localhost:44545|admin:localhost:42685|client:localhost:41947|dataStream:localhost:38359|priority:0|startupRole:FOLLOWER, s4|rpc:localhost:43959|admin:localhost:37675|client:localhost:41245|dataStream:localhost:36157|priority:0|startupRole:FOLLOWER, s0|rpc:localhost:41873|admin:localhost:39543|client:localhost:39921|dataStream:localhost:44273|priority:0|startupRole:FOLLOWER, s1|rpc:localhost:46783|admin:localhost:40179|client:localhost:41765|dataStream:localhost:44515|priority:0|startupRole:FOLLOWER, s2|rpc:localhost:35711|admin:localhost:42283|client:localhost:45049|dataStream:localhost:37547|priority:0|startupRole:FOLLOWER]|listeners:[], old=null
2023-03-21 03:38:20,376 [HandlerDaemon-1] INFO  server.RaftServer$Division (RaftServerImpl.java:setRole(329)) - s4@group-858CCA1FFC33: changes role from CANDIDATE to FOLLOWER at term 1 for appendEntries
2023-03-21 03:38:20,376 [HandlerDaemon-1] INFO  impl.RoleInfo (RoleInfo.java:shutdownLeaderElection(130)) - s4: shutdown s4@group-858CCA1FFC33-LeaderElection8
2023-03-21 03:38:20,376 [HandlerDaemon-1] INFO  impl.RoleInfo (RoleInfo.java:updateAndGet(139)) - s4: start s4@group-858CCA1FFC33-FollowerState
2023-03-21 03:38:20,377 [HandlerDaemon-1] INFO  server.RaftServer$Division (ServerState.java:setLeader(260)) - s4@group-858CCA1FFC33: change Leader from null to s3 at term 1 for appendEntries, leader elected after 26ms
2023-03-21 03:38:20,501 [HandlerDaemon-2] INFO  server.RaftServer$Division (RaftServerImpl.java:requestVote(1299)) - s3@group-858CCA1FFC33: receive requestVote(PRE_VOTE, s4, group-858CCA1FFC33, 1, (t:1, i:0))
2023-03-21 03:38:20,501 [HandlerDaemon-2] INFO  server.RaftServer$Division (RaftServerImpl.java:requestVote(1299)) - s0@group-858CCA1FFC33: receive requestVote(PRE_VOTE, s4, group-858CCA1FFC33, 1, (t:1, i:0))
2023-03-21 03:38:20,502 [HandlerDaemon-2] INFO  impl.VoteContext (VoteContext.java:log(49)) - s3@group-858CCA1FFC33-LEADER: reject PRE_VOTE from s4: this server is the leader and still has leadership
2023-03-21 03:38:20,502 [HandlerDaemon-2] INFO  impl.VoteContext (VoteContext.java:log(49)) - s0@group-858CCA1FFC33-FOLLOWER: accept PRE_VOTE from s4: our priority 0 <= candidate's priority 0
2023-03-21 03:38:20,502 [HandlerDaemon-2] INFO  server.RaftServer$Division (RaftServerImpl.java:requestVote(1332)) - s3@group-858CCA1FFC33 replies to PRE_VOTE vote request: s4<-s3#0:FAIL-t1. Peer's state: s3@group-858CCA1FFC33:t1, leader=s3, voted=s3, raftlog=Memoized:s3@group-858CCA1FFC33-SegmentedRaftLog:OPENED:c0, conf=0: peers:[s3|rpc:localhost:44545|admin:localhost:42685|client:localhost:41947|dataStream:localhost:38359|priority:0|startupRole:FOLLOWER, s4|rpc:localhost:43959|admin:localhost:37675|client:localhost:41245|dataStream:localhost:36157|priority:0|startupRole:FOLLOWER, s0|rpc:localhost:41873|admin:localhost:39543|client:localhost:39921|dataStream:localhost:44273|priority:0|startupRole:FOLLOWER, s1|rpc:localhost:46783|admin:localhost:40179|client:localhost:41765|dataStream:localhost:44515|priority:0|startupRole:FOLLOWER, s2|rpc:localhost:35711|admin:localhost:42283|client:localhost:45049|dataStream:localhost:37547|priority:0|startupRole:FOLLOWER]|listeners:[], old=null
2023-03-21 03:38:20,502 [HandlerDaemon-2] INFO  server.RaftServer$Division (RaftServerImpl.java:requestVote(1332)) - s0@group-858CCA1FFC33 replies to PRE_VOTE vote request: s4<-s0#0:OK-t1. Peer's state: s0@group-858CCA1FFC33:t1, leader=s3, voted=s3, raftlog=Memoized:s0@group-858CCA1FFC33-SegmentedRaftLog:OPENED:c0, conf=0: peers:[s3|rpc:localhost:44545|admin:localhost:42685|client:localhost:41947|dataStream:localhost:38359|priority:0|startupRole:FOLLOWER, s4|rpc:localhost:43959|admin:localhost:37675|client:localhost:41245|dataStream:localhost:36157|priority:0|startupRole:FOLLOWER, s0|rpc:localhost:41873|admin:localhost:39543|client:localhost:39921|dataStream:localhost:44273|priority:0|startupRole:FOLLOWER, s1|rpc:localhost:46783|admin:localhost:40179|client:localhost:41765|dataStream:localhost:44515|priority:0|startupRole:FOLLOWER, s2|rpc:localhost:35711|admin:localhost:42283|client:localhost:45049|dataStream:localhost:37547|priority:0|startupRole:FOLLOWER]|listeners:[], old=null
2023-03-21 03:38:20,502 [s4@group-858CCA1FFC33-LeaderElection8] INFO  impl.LeaderElection (LeaderElection.java:logAndReturn(89)) - s4@group-858CCA1FFC33-LeaderElection8: PRE_VOTE REJECTED received 1 response(s) and 0 exception(s):
2023-03-21 03:38:20,502 [s4@group-858CCA1FFC33-LeaderElection8] INFO  impl.LeaderElection (LeaderElection.java:logAndReturn(93)) -   Response 0: s4<-s3#0:FAIL-t1
2023-03-21 03:38:20,502 [s4@group-858CCA1FFC33-LeaderElection8] INFO  impl.LeaderElection (LeaderElection.java:askForVotes(322)) - s4@group-858CCA1FFC33-LeaderElection8 PRE_VOTE round 0: result REJECTED
2023-03-21 03:38:20,503 [HandlerDaemon-2] INFO  server.RaftServer$Division (RaftServerImpl.java:requestVote(1299)) - s2@group-858CCA1FFC33: receive requestVote(PRE_VOTE, s4, group-858CCA1FFC33, 1, (t:1, i:0))
2023-03-21 03:38:20,503 [HandlerDaemon-2] INFO  impl.VoteContext (VoteContext.java:log(49)) - s2@group-858CCA1FFC33-FOLLOWER: accept PRE_VOTE from s4: our priority 0 <= candidate's priority 0
2023-03-21 03:38:20,503 [HandlerDaemon-2] INFO  server.RaftServer$Division (RaftServerImpl.java:requestVote(1332)) - s2@group-858CCA1FFC33 replies to PRE_VOTE vote request: s4<-s2#0:OK-t1. Peer's state: s2@group-858CCA1FFC33:t1, leader=s3, voted=s3, raftlog=Memoized:s2@group-858CCA1FFC33-SegmentedRaftLog:OPENED:c0, conf=0: peers:[s3|rpc:localhost:44545|admin:localhost:42685|client:localhost:41947|dataStream:localhost:38359|priority:0|startupRole:FOLLOWER, s4|rpc:localhost:43959|admin:localhost:37675|client:localhost:41245|dataStream:localhost:36157|priority:0|startupRole:FOLLOWER, s0|rpc:localhost:41873|admin:localhost:39543|client:localhost:39921|dataStream:localhost:44273|priority:0|startupRole:FOLLOWER, s1|rpc:localhost:46783|admin:localhost:40179|client:localhost:41765|dataStream:localhost:44515|priority:0|startupRole:FOLLOWER, s2|rpc:localhost:35711|admin:localhost:42283|client:localhost:45049|dataStream:localhost:37547|priority:0|startupRole:FOLLOWER]|listeners:[], old=null
2023-03-21 03:38:20,537 [s1@group-858CCA1FFC33-FollowerState] INFO  impl.FollowerState (FollowerState.java:run(143)) - s1@group-858CCA1FFC33-FollowerState: change to CANDIDATE, lastRpcElapsedTime:443405794ns, electionTimeout:253ms
2023-03-21 03:38:20,538 [s1@group-858CCA1FFC33-FollowerState] INFO  impl.RoleInfo (RoleInfo.java:shutdownFollowerState(110)) - s1: shutdown s1@group-858CCA1FFC33-FollowerState
2023-03-21 03:38:20,538 [s1@group-858CCA1FFC33-FollowerState] INFO  server.RaftServer$Division (RaftServerImpl.java:setRole(329)) - s1@group-858CCA1FFC33: changes role from  FOLLOWER to CANDIDATE at term 1 for changeToCandidate
2023-03-21 03:38:20,538 [s1@group-858CCA1FFC33-FollowerState] INFO  server.RaftServerConfigKeys (ConfUtils.java:logGet(46)) - raft.server.leaderelection.pre-vote = true (default)
2023-03-21 03:38:20,538 [s1@group-858CCA1FFC33-FollowerState] INFO  impl.RoleInfo (RoleInfo.java:updateAndGet(139)) - s1: start s1@group-858CCA1FFC33-LeaderElection9
2023-03-21 03:38:20,539 [s1@group-858CCA1FFC33-LeaderElection9] INFO  server.RaftServer$Division (ServerState.java:setLeader(260)) - s1@group-858CCA1FFC33: change Leader from s3 to null at term 1 for PRE_VOTE
2023-03-21 03:38:20,539 [s1@group-858CCA1FFC33-LeaderElection9] INFO  impl.LeaderElection (LeaderElection.java:askForVotes(320)) - s1@group-858CCA1FFC33-LeaderElection9 PRE_VOTE round 0: submit vote requests at term 1 for 0: peers:[s3|rpc:localhost:44545|admin:localhost:42685|client:localhost:41947|dataStream:localhost:38359|priority:0|startupRole:FOLLOWER, s4|rpc:localhost:43959|admin:localhost:37675|client:localhost:41245|dataStream:localhost:36157|priority:0|startupRole:FOLLOWER, s0|rpc:localhost:41873|admin:localhost:39543|client:localhost:39921|dataStream:localhost:44273|priority:0|startupRole:FOLLOWER, s1|rpc:localhost:46783|admin:localhost:40179|client:localhost:41765|dataStream:localhost:44515|priority:0|startupRole:FOLLOWER, s2|rpc:localhost:35711|admin:localhost:42283|client:localhost:45049|dataStream:localhost:37547|priority:0|startupRole:FOLLOWER]|listeners:[], old=null
2023-03-21 03:38:20,563 [s4@group-858CCA1FFC33-FollowerState] INFO  impl.FollowerState (FollowerState.java:run(143)) - s4@group-858CCA1FFC33-FollowerState: change to CANDIDATE, lastRpcElapsedTime:186039828ns, electionTimeout:186ms
2023-03-21 03:38:20,563 [s4@group-858CCA1FFC33-FollowerState] INFO  impl.RoleInfo (RoleInfo.java:shutdownFollowerState(110)) - s4: shutdown s4@group-858CCA1FFC33-FollowerState
2023-03-21 03:38:20,563 [s4@group-858CCA1FFC33-FollowerState] INFO  server.RaftServer$Division (RaftServerImpl.java:setRole(329)) - s4@group-858CCA1FFC33: changes role from  FOLLOWER to CANDIDATE at term 1 for changeToCandidate
2023-03-21 03:38:20,563 [s4@group-858CCA1FFC33-FollowerState] INFO  server.RaftServerConfigKeys (ConfUtils.java:logGet(46)) - raft.server.leaderelection.pre-vote = true (default)
2023-03-21 03:38:20,563 [s4@group-858CCA1FFC33-FollowerState] INFO  impl.RoleInfo (RoleInfo.java:updateAndGet(139)) - s4: start s4@group-858CCA1FFC33-LeaderElection10
2023-03-21 03:38:20,564 [s4@group-858CCA1FFC33-LeaderElection10] INFO  server.RaftServer$Division (ServerState.java:setLeader(260)) - s4@group-858CCA1FFC33: change Leader from s3 to null at term 1 for PRE_VOTE
2023-03-21 03:38:20,564 [s4@group-858CCA1FFC33-LeaderElection10] INFO  impl.LeaderElection (LeaderElection.java:askForVotes(320)) - s4@group-858CCA1FFC33-LeaderElection10 PRE_VOTE round 0: submit vote requests at term 1 for 0: peers:[s3|rpc:localhost:44545|admin:localhost:42685|client:localhost:41947|dataStream:localhost:38359|priority:0|startupRole:FOLLOWER, s4|rpc:localhost:43959|admin:localhost:37675|client:localhost:41245|dataStream:localhost:36157|priority:0|startupRole:FOLLOWER, s0|rpc:localhost:41873|admin:localhost:39543|client:localhost:39921|dataStream:localhost:44273|priority:0|startupRole:FOLLOWER, s1|rpc:localhost:46783|admin:localhost:40179|client:localhost:41765|dataStream:localhost:44515|priority:0|startupRole:FOLLOWER, s2|rpc:localhost:35711|admin:localhost:42283|client:localhost:45049|dataStream:localhost:37547|priority:0|startupRole:FOLLOWER]|listeners:[], old=null
2023-03-21 03:38:20,603 [HandlerDaemon-2] INFO  server.RaftServer$Division (RaftServerImpl.java:setRole(329)) - s4@group-858CCA1FFC33: changes role from CANDIDATE to FOLLOWER at term 1 for appendEntries
2023-03-21 03:38:20,603 [HandlerDaemon-2] INFO  impl.RoleInfo (RoleInfo.java:shutdownLeaderElection(130)) - s4: shutdown s4@group-858CCA1FFC33-LeaderElection10
2023-03-21 03:38:20,603 [HandlerDaemon-2] INFO  impl.RoleInfo (RoleInfo.java:updateAndGet(139)) - s4: start s4@group-858CCA1FFC33-FollowerState
2023-03-21 03:38:20,604 [HandlerDaemon-2] INFO  server.RaftServer$Division (ServerState.java:setLeader(260)) - s4@group-858CCA1FFC33: change Leader from null to s3 at term 1 for appendEntries, leader elected after 39ms
2023-03-21 03:38:20,614 [Time-limited test] INFO  server.RaftServerConfigKeys (ConfUtils.java:logGet(46)) - raft.server.rpc.timeout.max = 300ms (default)
2023-03-21 03:38:20,653 [HandlerDaemon-2] INFO  server.RaftServer$Division (RaftServerImpl.java:requestVote(1299)) - s1@group-858CCA1FFC33: receive requestVote(PRE_VOTE, s4, group-858CCA1FFC33, 1, (t:1, i:0))
2023-03-21 03:38:20,653 [HandlerDaemon-2] INFO  impl.VoteContext (VoteContext.java:log(49)) - s1@group-858CCA1FFC33-CANDIDATE: accept PRE_VOTE from s4: our priority 0 <= candidate's priority 0
2023-03-21 03:38:20,653 [HandlerDaemon-2] INFO  server.RaftServer$Division (RaftServerImpl.java:requestVote(1332)) - s1@group-858CCA1FFC33 replies to PRE_VOTE vote request: s4<-s1#0:OK-t1. Peer's state: s1@group-858CCA1FFC33:t1, leader=null, voted=s3, raftlog=Memoized:s1@group-858CCA1FFC33-SegmentedRaftLog:OPENED:c0, conf=0: peers:[s3|rpc:localhost:44545|admin:localhost:42685|client:localhost:41947|dataStream:localhost:38359|priority:0|startupRole:FOLLOWER, s4|rpc:localhost:43959|admin:localhost:37675|client:localhost:41245|dataStream:localhost:36157|priority:0|startupRole:FOLLOWER, s0|rpc:localhost:41873|admin:localhost:39543|client:localhost:39921|dataStream:localhost:44273|priority:0|startupRole:FOLLOWER, s1|rpc:localhost:46783|admin:localhost:40179|client:localhost:41765|dataStream:localhost:44515|priority:0|startupRole:FOLLOWER, s2|rpc:localhost:35711|admin:localhost:42283|client:localhost:45049|dataStream:localhost:37547|priority:0|startupRole:FOLLOWER]|listeners:[], old=null
2023-03-21 03:38:20,691 [HandlerDaemon-0] INFO  server.RaftServer$Division (RaftServerImpl.java:requestVote(1299)) - s4@group-858CCA1FFC33: receive requestVote(PRE_VOTE, s1, group-858CCA1FFC33, 1, (t:1, i:0))
2023-03-21 03:38:20,691 [HandlerDaemon-0] INFO  impl.VoteContext (VoteContext.java:log(49)) - s4@group-858CCA1FFC33-FOLLOWER: reject PRE_VOTE from s1: this server is a follower and still has a valid leader s3
2023-03-21 03:38:20,692 [HandlerDaemon-0] INFO  server.RaftServer$Division (RaftServerImpl.java:requestVote(1332)) - s4@group-858CCA1FFC33 replies to PRE_VOTE vote request: s1<-s4#0:FAIL-t1. Peer's state: s4@group-858CCA1FFC33:t1, leader=s3, voted=s3, raftlog=Memoized:s4@group-858CCA1FFC33-SegmentedRaftLog:OPENED:c0, conf=0: peers:[s3|rpc:localhost:44545|admin:localhost:42685|client:localhost:41947|dataStream:localhost:38359|priority:0|startupRole:FOLLOWER, s4|rpc:localhost:43959|admin:localhost:37675|client:localhost:41245|dataStream:localhost:36157|priority:0|startupRole:FOLLOWER, s0|rpc:localhost:41873|admin:localhost:39543|client:localhost:39921|dataStream:localhost:44273|priority:0|startupRole:FOLLOWER, s1|rpc:localhost:46783|admin:localhost:40179|client:localhost:41765|dataStream:localhost:44515|priority:0|startupRole:FOLLOWER, s2|rpc:localhost:35711|admin:localhost:42283|client:localhost:45049|dataStream:localhost:37547|priority:0|startupRole:FOLLOWER]|listeners:[], old=null
2023-03-21 03:38:20,692 [HandlerDaemon-0] INFO  server.RaftServer$Division (RaftServerImpl.java:requestVote(1299)) - s2@group-858CCA1FFC33: receive requestVote(PRE_VOTE, s1, group-858CCA1FFC33, 1, (t:1, i:0))
2023-03-21 03:38:20,692 [HandlerDaemon-0] INFO  impl.VoteContext (VoteContext.java:log(49)) - s2@group-858CCA1FFC33-FOLLOWER: reject PRE_VOTE from s1: this server is a follower and still has a valid leader s3
2023-03-21 03:38:20,692 [HandlerDaemon-0] INFO  server.RaftServer$Division (RaftServerImpl.java:requestVote(1332)) - s2@group-858CCA1FFC33 replies to PRE_VOTE vote request: s1<-s2#0:FAIL-t1. Peer's state: s2@group-858CCA1FFC33:t1, leader=s3, voted=s3, raftlog=Memoized:s2@group-858CCA1FFC33-SegmentedRaftLog:OPENED:c0, conf=0: peers:[s3|rpc:localhost:44545|admin:localhost:42685|client:localhost:41947|dataStream:localhost:38359|priority:0|startupRole:FOLLOWER, s4|rpc:localhost:43959|admin:localhost:37675|client:localhost:41245|dataStream:localhost:36157|priority:0|startupRole:FOLLOWER, s0|rpc:localhost:41873|admin:localhost:39543|client:localhost:39921|dataStream:localhost:44273|priority:0|startupRole:FOLLOWER, s1|rpc:localhost:46783|admin:localhost:40179|client:localhost:41765|dataStream:localhost:44515|priority:0|startupRole:FOLLOWER, s2|rpc:localhost:35711|admin:localhost:42283|client:localhost:45049|dataStream:localhost:37547|priority:0|startupRole:FOLLOWER]|listeners:[], old=null
2023-03-21 03:38:20,691 [HandlerDaemon-0] INFO  server.RaftServer$Division (RaftServerImpl.java:requestVote(1299)) - s3@group-858CCA1FFC33: receive requestVote(PRE_VOTE, s1, group-858CCA1FFC33, 1, (t:1, i:0))
2023-03-21 03:38:20,691 [HandlerDaemon-0] INFO  server.RaftServer$Division (RaftServerImpl.java:requestVote(1299)) - s0@group-858CCA1FFC33: receive requestVote(PRE_VOTE, s1, group-858CCA1FFC33, 1, (t:1, i:0))
2023-03-21 03:38:20,692 [HandlerDaemon-0] INFO  impl.VoteContext (VoteContext.java:log(49)) - s3@group-858CCA1FFC33-LEADER: reject PRE_VOTE from s1: this server is the leader and still has leadership
2023-03-21 03:38:20,692 [HandlerDaemon-0] INFO  server.RaftServer$Division (RaftServerImpl.java:requestVote(1332)) - s3@group-858CCA1FFC33 replies to PRE_VOTE vote request: s1<-s3#0:FAIL-t1. Peer's state: s3@group-858CCA1FFC33:t1, leader=s3, voted=s3, raftlog=Memoized:s3@group-858CCA1FFC33-SegmentedRaftLog:OPENED:c0, conf=0: peers:[s3|rpc:localhost:44545|admin:localhost:42685|client:localhost:41947|dataStream:localhost:38359|priority:0|startupRole:FOLLOWER, s4|rpc:localhost:43959|admin:localhost:37675|client:localhost:41245|dataStream:localhost:36157|priority:0|startupRole:FOLLOWER, s0|rpc:localhost:41873|admin:localhost:39543|client:localhost:39921|dataStream:localhost:44273|priority:0|startupRole:FOLLOWER, s1|rpc:localhost:46783|admin:localhost:40179|client:localhost:41765|dataStream:localhost:44515|priority:0|startupRole:FOLLOWER, s2|rpc:localhost:35711|admin:localhost:42283|client:localhost:45049|dataStream:localhost:37547|priority:0|startupRole:FOLLOWER]|listeners:[], old=null
2023-03-21 03:38:20,692 [HandlerDaemon-0] INFO  impl.VoteContext (VoteContext.java:log(49)) - s0@group-858CCA1FFC33-FOLLOWER: reject PRE_VOTE from s1: this server is a follower and still has a valid leader s3
2023-03-21 03:38:20,693 [HandlerDaemon-0] INFO  server.RaftServer$Division (RaftServerImpl.java:requestVote(1332)) - s0@group-858CCA1FFC33 replies to PRE_VOTE vote request: s1<-s0#0:FAIL-t1. Peer's state: s0@group-858CCA1FFC33:t1, leader=s3, voted=s3, raftlog=Memoized:s0@group-858CCA1FFC33-SegmentedRaftLog:OPENED:c0, conf=0: peers:[s3|rpc:localhost:44545|admin:localhost:42685|client:localhost:41947|dataStream:localhost:38359|priority:0|startupRole:FOLLOWER, s4|rpc:localhost:43959|admin:localhost:37675|client:localhost:41245|dataStream:localhost:36157|priority:0|startupRole:FOLLOWER, s0|rpc:localhost:41873|admin:localhost:39543|client:localhost:39921|dataStream:localhost:44273|priority:0|startupRole:FOLLOWER, s1|rpc:localhost:46783|admin:localhost:40179|client:localhost:41765|dataStream:localhost:44515|priority:0|startupRole:FOLLOWER, s2|rpc:localhost:35711|admin:localhost:42283|client:localhost:45049|dataStream:localhost:37547|priority:0|startupRole:FOLLOWER]|listeners:[], old=null
2023-03-21 03:38:20,693 [s1@group-858CCA1FFC33-LeaderElection9] INFO  impl.LeaderElection (LeaderElection.java:logAndReturn(89)) - s1@group-858CCA1FFC33-LeaderElection9: PRE_VOTE REJECTED received 3 response(s) and 0 exception(s):
2023-03-21 03:38:20,693 [s1@group-858CCA1FFC33-LeaderElection9] INFO  impl.LeaderElection (LeaderElection.java:logAndReturn(93)) -   Response 0: s1<-s4#0:FAIL-t1
2023-03-21 03:38:20,693 [s1@group-858CCA1FFC33-LeaderElection9] INFO  impl.LeaderElection (LeaderElection.java:logAndReturn(93)) -   Response 1: s1<-s0#0:FAIL-t1
2023-03-21 03:38:20,693 [s1@group-858CCA1FFC33-LeaderElection9] INFO  impl.LeaderElection (LeaderElection.java:logAndReturn(93)) -   Response 2: s1<-s2#0:FAIL-t1
2023-03-21 03:38:20,693 [s1@group-858CCA1FFC33-LeaderElection9] INFO  impl.LeaderElection (LeaderElection.java:askForVotes(322)) - s1@group-858CCA1FFC33-LeaderElection9 PRE_VOTE round 0: result REJECTED
2023-03-21 03:38:20,693 [s1@group-858CCA1FFC33-LeaderElection9] INFO  server.RaftServer$Division (RaftServerImpl.java:setRole(329)) - s1@group-858CCA1FFC33: changes role from CANDIDATE to FOLLOWER at term 1 for REJECTED
2023-03-21 03:38:20,693 [s1@group-858CCA1FFC33-LeaderElection9] INFO  impl.RoleInfo (RoleInfo.java:shutdownLeaderElection(130)) - s1: shutdown s1@group-858CCA1FFC33-LeaderElection9
2023-03-21 03:38:20,693 [s1@group-858CCA1FFC33-LeaderElection9] INFO  impl.RoleInfo (RoleInfo.java:updateAndGet(139)) - s1: start s1@group-858CCA1FFC33-FollowerState
2023-03-21 03:38:20,715 [HandlerDaemon-1] INFO  server.RaftServer$Division (RaftServerImpl.java:requestVote(1299)) - s3@group-858CCA1FFC33: receive requestVote(PRE_VOTE, s4, group-858CCA1FFC33, 1, (t:1, i:0))
2023-03-21 03:38:20,715 [HandlerDaemon-1] INFO  impl.VoteContext (VoteContext.java:log(49)) - s3@group-858CCA1FFC33-LEADER: reject PRE_VOTE from s4: this server is the leader and still has leadership
2023-03-21 03:38:20,715 [HandlerDaemon-1] INFO  server.RaftServer$Division (RaftServerImpl.java:requestVote(1332)) - s3@group-858CCA1FFC33 replies to PRE_VOTE vote request: s4<-s3#0:FAIL-t1. Peer's state: s3@group-858CCA1FFC33:t1, leader=s3, voted=s3, raftlog=Memoized:s3@group-858CCA1FFC33-SegmentedRaftLog:OPENED:c0, conf=0: peers:[s3|rpc:localhost:44545|admin:localhost:42685|client:localhost:41947|dataStream:localhost:38359|priority:0|startupRole:FOLLOWER, s4|rpc:localhost:43959|admin:localhost:37675|client:localhost:41245|dataStream:localhost:36157|priority:0|startupRole:FOLLOWER, s0|rpc:localhost:41873|admin:localhost:39543|client:localhost:39921|dataStream:localhost:44273|priority:0|startupRole:FOLLOWER, s1|rpc:localhost:46783|admin:localhost:40179|client:localhost:41765|dataStream:localhost:44515|priority:0|startupRole:FOLLOWER, s2|rpc:localhost:35711|admin:localhost:42283|client:localhost:45049|dataStream:localhost:37547|priority:0|startupRole:FOLLOWER]|listeners:[], old=null
2023-03-21 03:38:20,715 [HandlerDaemon-2] INFO  server.RaftServer$Division (RaftServerImpl.java:requestVote(1299)) - s2@group-858CCA1FFC33: receive requestVote(PRE_VOTE, s4, group-858CCA1FFC33, 1, (t:1, i:0))
2023-03-21 03:38:20,715 [HandlerDaemon-2] INFO  impl.VoteContext (VoteContext.java:log(49)) - s2@group-858CCA1FFC33-FOLLOWER: reject PRE_VOTE from s4: this server is a follower and still has a valid leader s3
2023-03-21 03:38:20,715 [HandlerDaemon-2] INFO  server.RaftServer$Division (RaftServerImpl.java:requestVote(1332)) - s2@group-858CCA1FFC33 replies to PRE_VOTE vote request: s4<-s2#0:FAIL-t1. Peer's state: s2@group-858CCA1FFC33:t1, leader=s3, voted=s3, raftlog=Memoized:s2@group-858CCA1FFC33-SegmentedRaftLog:OPENED:c0, conf=0: peers:[s3|rpc:localhost:44545|admin:localhost:42685|client:localhost:41947|dataStream:localhost:38359|priority:0|startupRole:FOLLOWER, s4|rpc:localhost:43959|admin:localhost:37675|client:localhost:41245|dataStream:localhost:36157|priority:0|startupRole:FOLLOWER, s0|rpc:localhost:41873|admin:localhost:39543|client:localhost:39921|dataStream:localhost:44273|priority:0|startupRole:FOLLOWER, s1|rpc:localhost:46783|admin:localhost:40179|client:localhost:41765|dataStream:localhost:44515|priority:0|startupRole:FOLLOWER, s2|rpc:localhost:35711|admin:localhost:42283|client:localhost:45049|dataStream:localhost:37547|priority:0|startupRole:FOLLOWER]|listeners:[], old=null
2023-03-21 03:38:20,716 [s4@group-858CCA1FFC33-LeaderElection10] INFO  impl.LeaderElection (LeaderElection.java:logAndReturn(89)) - s4@group-858CCA1FFC33-LeaderElection10: PRE_VOTE REJECTED received 1 response(s) and 0 exception(s):
2023-03-21 03:38:20,716 [HandlerDaemon-2] INFO  server.RaftServer$Division (RaftServerImpl.java:requestVote(1299)) - s0@group-858CCA1FFC33: receive requestVote(PRE_VOTE, s4, group-858CCA1FFC33, 1, (t:1, i:0))
2023-03-21 03:38:20,716 [s4@group-858CCA1FFC33-LeaderElection10] INFO  impl.LeaderElection (LeaderElection.java:logAndReturn(93)) -   Response 0: s4<-s3#0:FAIL-t1
2023-03-21 03:38:20,716 [HandlerDaemon-2] INFO  impl.VoteContext (VoteContext.java:log(49)) - s0@group-858CCA1FFC33-FOLLOWER: reject PRE_VOTE from s4: this server is a follower and still has a valid leader s3
2023-03-21 03:38:20,716 [HandlerDaemon-2] INFO  server.RaftServer$Division (RaftServerImpl.java:requestVote(1332)) - s0@group-858CCA1FFC33 replies to PRE_VOTE vote request: s4<-s0#0:FAIL-t1. Peer's state: s0@group-858CCA1FFC33:t1, leader=s3, voted=s3, raftlog=Memoized:s0@group-858CCA1FFC33-SegmentedRaftLog:OPENED:c0, conf=0: peers:[s3|rpc:localhost:44545|admin:localhost:42685|client:localhost:41947|dataStream:localhost:38359|priority:0|startupRole:FOLLOWER, s4|rpc:localhost:43959|admin:localhost:37675|client:localhost:41245|dataStream:localhost:36157|priority:0|startupRole:FOLLOWER, s0|rpc:localhost:41873|admin:localhost:39543|client:localhost:39921|dataStream:localhost:44273|priority:0|startupRole:FOLLOWER, s1|rpc:localhost:46783|admin:localhost:40179|client:localhost:41765|dataStream:localhost:44515|priority:0|startupRole:FOLLOWER, s2|rpc:localhost:35711|admin:localhost:42283|client:localhost:45049|dataStream:localhost:37547|priority:0|startupRole:FOLLOWER]|listeners:[], old=null
2023-03-21 03:38:20,716 [s4@group-858CCA1FFC33-LeaderElection10] INFO  impl.LeaderElection (LeaderElection.java:askForVotes(322)) - s4@group-858CCA1FFC33-LeaderElection10 PRE_VOTE round 0: result REJECTED
2023-03-21 03:38:20,771 [HandlerDaemon-0] INFO  server.RaftServer$Division (ServerState.java:setLeader(260)) - s1@group-858CCA1FFC33: change Leader from null to s3 at term 1 for appendEntries, leader elected after 231ms
2023-03-21 03:38:20,865 [HandlerDaemon-2] INFO  server.RaftServer$Division (RaftServerImpl.java:requestVote(1299)) - s1@group-858CCA1FFC33: receive requestVote(PRE_VOTE, s4, group-858CCA1FFC33, 1, (t:1, i:0))
2023-03-21 03:38:20,865 [HandlerDaemon-2] INFO  impl.VoteContext (VoteContext.java:log(49)) - s1@group-858CCA1FFC33-FOLLOWER: reject PRE_VOTE from s4: this server is a follower and still has a valid leader s3
2023-03-21 03:38:20,865 [HandlerDaemon-2] INFO  server.RaftServer$Division (RaftServerImpl.java:requestVote(1332)) - s1@group-858CCA1FFC33 replies to PRE_VOTE vote request: s4<-s1#0:FAIL-t1. Peer's state: s1@group-858CCA1FFC33:t1, leader=s3, voted=s3, raftlog=Memoized:s1@group-858CCA1FFC33-SegmentedRaftLog:OPENED:c0, conf=0: peers:[s3|rpc:localhost:44545|admin:localhost:42685|client:localhost:41947|dataStream:localhost:38359|priority:0|startupRole:FOLLOWER, s4|rpc:localhost:43959|admin:localhost:37675|client:localhost:41245|dataStream:localhost:36157|priority:0|startupRole:FOLLOWER, s0|rpc:localhost:41873|admin:localhost:39543|client:localhost:39921|dataStream:localhost:44273|priority:0|startupRole:FOLLOWER, s1|rpc:localhost:46783|admin:localhost:40179|client:localhost:41765|dataStream:localhost:44515|priority:0|startupRole:FOLLOWER, s2|rpc:localhost:35711|admin:localhost:42283|client:localhost:45049|dataStream:localhost:37547|priority:0|startupRole:FOLLOWER]|listeners:[], old=null
2023-03-21 03:38:21,065 [Time-limited test] INFO  simulation.TestLeaderElectionWithSimulatedRpc (LeaderElectionTests.java:enforceLeader(318)) - try enforcing leader to s1 but new leader is s3
2023-03-21 03:38:21,065 [Time-limited test] INFO  server.RaftServerConfigKeys (ConfUtils.java:logGet(46)) - raft.server.rpc.timeout.max = 300ms (default)
2023-03-21 03:38:21,454 [s1@group-858CCA1FFC33-FollowerState] INFO  impl.FollowerState (FollowerState.java:run(143)) - s1@group-858CCA1FFC33-FollowerState: change to CANDIDATE, lastRpcElapsedTime:455149054ns, electionTimeout:272ms
2023-03-21 03:38:21,455 [s1@group-858CCA1FFC33-FollowerState] INFO  impl.RoleInfo (RoleInfo.java:shutdownFollowerState(110)) - s1: shutdown s1@group-858CCA1FFC33-FollowerState
2023-03-21 03:38:21,455 [s1@group-858CCA1FFC33-FollowerState] INFO  server.RaftServer$Division (RaftServerImpl.java:setRole(329)) - s1@group-858CCA1FFC33: changes role from  FOLLOWER to CANDIDATE at term 1 for changeToCandidate
2023-03-21 03:38:21,455 [s1@group-858CCA1FFC33-FollowerState] INFO  server.RaftServerConfigKeys (ConfUtils.java:logGet(46)) - raft.server.leaderelection.pre-vote = true (default)
2023-03-21 03:38:21,455 [s1@group-858CCA1FFC33-FollowerState] INFO  impl.RoleInfo (RoleInfo.java:updateAndGet(139)) - s1: start s1@group-858CCA1FFC33-LeaderElection11
2023-03-21 03:38:21,461 [s1@group-858CCA1FFC33-LeaderElection11] INFO  server.RaftServer$Division (ServerState.java:setLeader(260)) - s1@group-858CCA1FFC33: change Leader from s3 to null at term 1 for PRE_VOTE
2023-03-21 03:38:21,461 [s1@group-858CCA1FFC33-LeaderElection11] INFO  impl.LeaderElection (LeaderElection.java:askForVotes(320)) - s1@group-858CCA1FFC33-LeaderElection11 PRE_VOTE round 0: submit vote requests at term 1 for 0: peers:[s3|rpc:localhost:44545|admin:localhost:42685|client:localhost:41947|dataStream:localhost:38359|priority:0|startupRole:FOLLOWER, s4|rpc:localhost:43959|admin:localhost:37675|client:localhost:41245|dataStream:localhost:36157|priority:0|startupRole:FOLLOWER, s0|rpc:localhost:41873|admin:localhost:39543|client:localhost:39921|dataStream:localhost:44273|priority:0|startupRole:FOLLOWER, s1|rpc:localhost:46783|admin:localhost:40179|client:localhost:41765|dataStream:localhost:44515|priority:0|startupRole:FOLLOWER, s2|rpc:localhost:35711|admin:localhost:42283|client:localhost:45049|dataStream:localhost:37547|priority:0|startupRole:FOLLOWER]|listeners:[], old=null
2023-03-21 03:38:21,479 [s4@group-858CCA1FFC33-FollowerState] INFO  impl.FollowerState (FollowerState.java:run(143)) - s4@group-858CCA1FFC33-FollowerState: change to CANDIDATE, lastRpcElapsedTime:191502175ns, electionTimeout:172ms
2023-03-21 03:38:21,479 [s4@group-858CCA1FFC33-FollowerState] INFO  impl.RoleInfo (RoleInfo.java:shutdownFollowerState(110)) - s4: shutdown s4@group-858CCA1FFC33-FollowerState
2023-03-21 03:38:21,479 [s4@group-858CCA1FFC33-FollowerState] INFO  server.RaftServer$Division (RaftServerImpl.java:setRole(329)) - s4@group-858CCA1FFC33: changes role from  FOLLOWER to CANDIDATE at term 1 for changeToCandidate
2023-03-21 03:38:21,479 [s4@group-858CCA1FFC33-FollowerState] INFO  server.RaftServerConfigKeys (ConfUtils.java:logGet(46)) - raft.server.leaderelection.pre-vote = true (default)
2023-03-21 03:38:21,479 [s4@group-858CCA1FFC33-FollowerState] INFO  impl.RoleInfo (RoleInfo.java:updateAndGet(139)) - s4: start s4@group-858CCA1FFC33-LeaderElection12
2023-03-21 03:38:21,484 [s4@group-858CCA1FFC33-LeaderElection12] INFO  server.RaftServer$Division (ServerState.java:setLeader(260)) - s4@group-858CCA1FFC33: change Leader from s3 to null at term 1 for PRE_VOTE
2023-03-21 03:38:21,484 [s4@group-858CCA1FFC33-LeaderElection12] INFO  impl.LeaderElection (LeaderElection.java:askForVotes(320)) - s4@group-858CCA1FFC33-LeaderElection12 PRE_VOTE round 0: submit vote requests at term 1 for 0: peers:[s3|rpc:localhost:44545|admin:localhost:42685|client:localhost:41947|dataStream:localhost:38359|priority:0|startupRole:FOLLOWER, s4|rpc:localhost:43959|admin:localhost:37675|client:localhost:41245|dataStream:localhost:36157|priority:0|startupRole:FOLLOWER, s0|rpc:localhost:41873|admin:localhost:39543|client:localhost:39921|dataStream:localhost:44273|priority:0|startupRole:FOLLOWER, s1|rpc:localhost:46783|admin:localhost:40179|client:localhost:41765|dataStream:localhost:44515|priority:0|startupRole:FOLLOWER, s2|rpc:localhost:35711|admin:localhost:42283|client:localhost:45049|dataStream:localhost:37547|priority:0|startupRole:FOLLOWER]|listeners:[], old=null
2023-03-21 03:38:21,513 [HandlerDaemon-2] INFO  server.RaftServer$Division (RaftServerImpl.java:setRole(329)) - s4@group-858CCA1FFC33: changes role from CANDIDATE to FOLLOWER at term 1 for appendEntries
2023-03-21 03:38:21,513 [HandlerDaemon-2] INFO  impl.RoleInfo (RoleInfo.java:shutdownLeaderElection(130)) - s4: shutdown s4@group-858CCA1FFC33-LeaderElection12
2023-03-21 03:38:21,513 [HandlerDaemon-2] INFO  impl.RoleInfo (RoleInfo.java:updateAndGet(139)) - s4: start s4@group-858CCA1FFC33-FollowerState
2023-03-21 03:38:21,513 [HandlerDaemon-2] INFO  server.RaftServer$Division (ServerState.java:setLeader(260)) - s4@group-858CCA1FFC33: change Leader from null to s3 at term 1 for appendEntries, leader elected after 29ms
2023-03-21 03:38:21,515 [Time-limited test] INFO  server.RaftServerConfigKeys (ConfUtils.java:logGet(46)) - raft.server.rpc.timeout.max = 300ms (default)
2023-03-21 03:38:21,612 [HandlerDaemon-2] INFO  server.RaftServer$Division (RaftServerImpl.java:requestVote(1299)) - s3@group-858CCA1FFC33: receive requestVote(PRE_VOTE, s1, group-858CCA1FFC33, 1, (t:1, i:0))
2023-03-21 03:38:21,612 [HandlerDaemon-1] INFO  server.RaftServer$Division (RaftServerImpl.java:requestVote(1299)) - s4@group-858CCA1FFC33: receive requestVote(PRE_VOTE, s1, group-858CCA1FFC33, 1, (t:1, i:0))
2023-03-21 03:38:21,612 [HandlerDaemon-1] INFO  impl.VoteContext (VoteContext.java:log(49)) - s4@group-858CCA1FFC33-FOLLOWER: reject PRE_VOTE from s1: this server is a follower and still has a valid leader s3
2023-03-21 03:38:21,613 [HandlerDaemon-1] INFO  server.RaftServer$Division (RaftServerImpl.java:requestVote(1332)) - s4@group-858CCA1FFC33 replies to PRE_VOTE vote request: s1<-s4#0:FAIL-t1. Peer's state: s4@group-858CCA1FFC33:t1, leader=s3, voted=s3, raftlog=Memoized:s4@group-858CCA1FFC33-SegmentedRaftLog:OPENED:c0, conf=0: peers:[s3|rpc:localhost:44545|admin:localhost:42685|client:localhost:41947|dataStream:localhost:38359|priority:0|startupRole:FOLLOWER, s4|rpc:localhost:43959|admin:localhost:37675|client:localhost:41245|dataStream:localhost:36157|priority:0|startupRole:FOLLOWER, s0|rpc:localhost:41873|admin:localhost:39543|client:localhost:39921|dataStream:localhost:44273|priority:0|startupRole:FOLLOWER, s1|rpc:localhost:46783|admin:localhost:40179|client:localhost:41765|dataStream:localhost:44515|priority:0|startupRole:FOLLOWER, s2|rpc:localhost:35711|admin:localhost:42283|client:localhost:45049|dataStream:localhost:37547|priority:0|startupRole:FOLLOWER]|listeners:[], old=null
2023-03-21 03:38:21,613 [HandlerDaemon-0] INFO  server.RaftServer$Division (RaftServerImpl.java:requestVote(1299)) - s2@group-858CCA1FFC33: receive requestVote(PRE_VOTE, s1, group-858CCA1FFC33, 1, (t:1, i:0))
2023-03-21 03:38:21,613 [HandlerDaemon-0] INFO  impl.VoteContext (VoteContext.java:log(49)) - s2@group-858CCA1FFC33-FOLLOWER: reject PRE_VOTE from s1: this server is a follower and still has a valid leader s3
2023-03-21 03:38:21,613 [HandlerDaemon-0] INFO  server.RaftServer$Division (RaftServerImpl.java:requestVote(1332)) - s2@group-858CCA1FFC33 replies to PRE_VOTE vote request: s1<-s2#0:FAIL-t1. Peer's state: s2@group-858CCA1FFC33:t1, leader=s3, voted=s3, raftlog=Memoized:s2@group-858CCA1FFC33-SegmentedRaftLog:OPENED:c0, conf=0: peers:[s3|rpc:localhost:44545|admin:localhost:42685|client:localhost:41947|dataStream:localhost:38359|priority:0|startupRole:FOLLOWER, s4|rpc:localhost:43959|admin:localhost:37675|client:localhost:41245|dataStream:localhost:36157|priority:0|startupRole:FOLLOWER, s0|rpc:localhost:41873|admin:localhost:39543|client:localhost:39921|dataStream:localhost:44273|priority:0|startupRole:FOLLOWER, s1|rpc:localhost:46783|admin:localhost:40179|client:localhost:41765|dataStream:localhost:44515|priority:0|startupRole:FOLLOWER, s2|rpc:localhost:35711|admin:localhost:42283|client:localhost:45049|dataStream:localhost:37547|priority:0|startupRole:FOLLOWER]|listeners:[], old=null
2023-03-21 03:38:21,612 [HandlerDaemon-2] INFO  impl.VoteContext (VoteContext.java:log(49)) - s3@group-858CCA1FFC33-LEADER: reject PRE_VOTE from s1: this server is the leader and still has leadership
2023-03-21 03:38:21,614 [HandlerDaemon-2] INFO  server.RaftServer$Division (RaftServerImpl.java:requestVote(1332)) - s3@group-858CCA1FFC33 replies to PRE_VOTE vote request: s1<-s3#0:FAIL-t1. Peer's state: s3@group-858CCA1FFC33:t1, leader=s3, voted=s3, raftlog=Memoized:s3@group-858CCA1FFC33-SegmentedRaftLog:OPENED:c0, conf=0: peers:[s3|rpc:localhost:44545|admin:localhost:42685|client:localhost:41947|dataStream:localhost:38359|priority:0|startupRole:FOLLOWER, s4|rpc:localhost:43959|admin:localhost:37675|client:localhost:41245|dataStream:localhost:36157|priority:0|startupRole:FOLLOWER, s0|rpc:localhost:41873|admin:localhost:39543|client:localhost:39921|dataStream:localhost:44273|priority:0|startupRole:FOLLOWER, s1|rpc:localhost:46783|admin:localhost:40179|client:localhost:41765|dataStream:localhost:44515|priority:0|startupRole:FOLLOWER, s2|rpc:localhost:35711|admin:localhost:42283|client:localhost:45049|dataStream:localhost:37547|priority:0|startupRole:FOLLOWER]|listeners:[], old=null
2023-03-21 03:38:21,614 [s1@group-858CCA1FFC33-LeaderElection11] INFO  impl.LeaderElection (LeaderElection.java:logAndReturn(89)) - s1@group-858CCA1FFC33-LeaderElection11: PRE_VOTE REJECTED received 3 response(s) and 0 exception(s):
2023-03-21 03:38:21,614 [s1@group-858CCA1FFC33-LeaderElection11] INFO  impl.LeaderElection (LeaderElection.java:logAndReturn(93)) -   Response 0: s1<-s3#0:FAIL-t1
2023-03-21 03:38:21,614 [s1@group-858CCA1FFC33-LeaderElection11] INFO  impl.LeaderElection (LeaderElection.java:logAndReturn(93)) -   Response 1: s1<-s4#0:FAIL-t1
2023-03-21 03:38:21,614 [s1@group-858CCA1FFC33-LeaderElection11] INFO  impl.LeaderElection (LeaderElection.java:logAndReturn(93)) -   Response 2: s1<-s2#0:FAIL-t1
2023-03-21 03:38:21,615 [s1@group-858CCA1FFC33-LeaderElection11] INFO  impl.LeaderElection (LeaderElection.java:askForVotes(322)) - s1@group-858CCA1FFC33-LeaderElection11 PRE_VOTE round 0: result REJECTED
2023-03-21 03:38:21,615 [s1@group-858CCA1FFC33-LeaderElection11] INFO  server.RaftServer$Division (RaftServerImpl.java:setRole(329)) - s1@group-858CCA1FFC33: changes role from CANDIDATE to FOLLOWER at term 1 for REJECTED
2023-03-21 03:38:21,615 [s1@group-858CCA1FFC33-LeaderElection11] INFO  impl.RoleInfo (RoleInfo.java:shutdownLeaderElection(130)) - s1: shutdown s1@group-858CCA1FFC33-LeaderElection11
2023-03-21 03:38:21,615 [s1@group-858CCA1FFC33-LeaderElection11] INFO  impl.RoleInfo (RoleInfo.java:updateAndGet(139)) - s1: start s1@group-858CCA1FFC33-FollowerState
2023-03-21 03:38:21,612 [HandlerDaemon-0] INFO  server.RaftServer$Division (RaftServerImpl.java:requestVote(1299)) - s0@group-858CCA1FFC33: receive requestVote(PRE_VOTE, s1, group-858CCA1FFC33, 1, (t:1, i:0))
2023-03-21 03:38:21,615 [HandlerDaemon-0] INFO  impl.VoteContext (VoteContext.java:log(49)) - s0@group-858CCA1FFC33-FOLLOWER: reject PRE_VOTE from s1: this server is a follower and still has a valid leader s3
2023-03-21 03:38:21,615 [HandlerDaemon-0] INFO  server.RaftServer$Division (RaftServerImpl.java:requestVote(1332)) - s0@group-858CCA1FFC33 replies to PRE_VOTE vote request: s1<-s0#0:FAIL-t1. Peer's state: s0@group-858CCA1FFC33:t1, leader=s3, voted=s3, raftlog=Memoized:s0@group-858CCA1FFC33-SegmentedRaftLog:OPENED:c0, conf=0: peers:[s3|rpc:localhost:44545|admin:localhost:42685|client:localhost:41947|dataStream:localhost:38359|priority:0|startupRole:FOLLOWER, s4|rpc:localhost:43959|admin:localhost:37675|client:localhost:41245|dataStream:localhost:36157|priority:0|startupRole:FOLLOWER, s0|rpc:localhost:41873|admin:localhost:39543|client:localhost:39921|dataStream:localhost:44273|priority:0|startupRole:FOLLOWER, s1|rpc:localhost:46783|admin:localhost:40179|client:localhost:41765|dataStream:localhost:44515|priority:0|startupRole:FOLLOWER, s2|rpc:localhost:35711|admin:localhost:42283|client:localhost:45049|dataStream:localhost:37547|priority:0|startupRole:FOLLOWER]|listeners:[], old=null
2023-03-21 03:38:21,635 [HandlerDaemon-1] INFO  server.RaftServer$Division (RaftServerImpl.java:requestVote(1299)) - s0@group-858CCA1FFC33: receive requestVote(PRE_VOTE, s4, group-858CCA1FFC33, 1, (t:1, i:0))
2023-03-21 03:38:21,635 [HandlerDaemon-1] INFO  impl.VoteContext (VoteContext.java:log(49)) - s0@group-858CCA1FFC33-FOLLOWER: reject PRE_VOTE from s4: this server is a follower and still has a valid leader s3
2023-03-21 03:38:21,635 [HandlerDaemon-0] INFO  server.RaftServer$Division (RaftServerImpl.java:requestVote(1299)) - s3@group-858CCA1FFC33: receive requestVote(PRE_VOTE, s4, group-858CCA1FFC33, 1, (t:1, i:0))
2023-03-21 03:38:21,635 [HandlerDaemon-1] INFO  server.RaftServer$Division (RaftServerImpl.java:requestVote(1332)) - s0@group-858CCA1FFC33 replies to PRE_VOTE vote request: s4<-s0#0:FAIL-t1. Peer's state: s0@group-858CCA1FFC33:t1, leader=s3, voted=s3, raftlog=Memoized:s0@group-858CCA1FFC33-SegmentedRaftLog:OPENED:c0, conf=0: peers:[s3|rpc:localhost:44545|admin:localhost:42685|client:localhost:41947|dataStream:localhost:38359|priority:0|startupRole:FOLLOWER, s4|rpc:localhost:43959|admin:localhost:37675|client:localhost:41245|dataStream:localhost:36157|priority:0|startupRole:FOLLOWER, s0|rpc:localhost:41873|admin:localhost:39543|client:localhost:39921|dataStream:localhost:44273|priority:0|startupRole:FOLLOWER, s1|rpc:localhost:46783|admin:localhost:40179|client:localhost:41765|dataStream:localhost:44515|priority:0|startupRole:FOLLOWER, s2|rpc:localhost:35711|admin:localhost:42283|client:localhost:45049|dataStream:localhost:37547|priority:0|startupRole:FOLLOWER]|listeners:[], old=null
2023-03-21 03:38:21,635 [HandlerDaemon-0] INFO  impl.VoteContext (VoteContext.java:log(49)) - s3@group-858CCA1FFC33-LEADER: reject PRE_VOTE from s4: this server is the leader and still has leadership
2023-03-21 03:38:21,635 [HandlerDaemon-0] INFO  server.RaftServer$Division (RaftServerImpl.java:requestVote(1332)) - s3@group-858CCA1FFC33 replies to PRE_VOTE vote request: s4<-s3#0:FAIL-t1. Peer's state: s3@group-858CCA1FFC33:t1, leader=s3, voted=s3, raftlog=Memoized:s3@group-858CCA1FFC33-SegmentedRaftLog:OPENED:c0, conf=0: peers:[s3|rpc:localhost:44545|admin:localhost:42685|client:localhost:41947|dataStream:localhost:38359|priority:0|startupRole:FOLLOWER, s4|rpc:localhost:43959|admin:localhost:37675|client:localhost:41245|dataStream:localhost:36157|priority:0|startupRole:FOLLOWER, s0|rpc:localhost:41873|admin:localhost:39543|client:localhost:39921|dataStream:localhost:44273|priority:0|startupRole:FOLLOWER, s1|rpc:localhost:46783|admin:localhost:40179|client:localhost:41765|dataStream:localhost:44515|priority:0|startupRole:FOLLOWER, s2|rpc:localhost:35711|admin:localhost:42283|client:localhost:45049|dataStream:localhost:37547|priority:0|startupRole:FOLLOWER]|listeners:[], old=null
2023-03-21 03:38:21,635 [s4@group-858CCA1FFC33-LeaderElection12] INFO  impl.LeaderElection (LeaderElection.java:logAndReturn(89)) - s4@group-858CCA1FFC33-LeaderElection12: PRE_VOTE REJECTED received 1 response(s) and 0 exception(s):
2023-03-21 03:38:21,635 [s4@group-858CCA1FFC33-LeaderElection12] INFO  impl.LeaderElection (LeaderElection.java:logAndReturn(93)) -   Response 0: s4<-s0#0:FAIL-t1
2023-03-21 03:38:21,635 [s4@group-858CCA1FFC33-LeaderElection12] INFO  impl.LeaderElection (LeaderElection.java:askForVotes(322)) - s4@group-858CCA1FFC33-LeaderElection12 PRE_VOTE round 0: result REJECTED
2023-03-21 03:38:21,635 [HandlerDaemon-1] INFO  server.RaftServer$Division (RaftServerImpl.java:requestVote(1299)) - s2@group-858CCA1FFC33: receive requestVote(PRE_VOTE, s4, group-858CCA1FFC33, 1, (t:1, i:0))
2023-03-21 03:38:21,636 [HandlerDaemon-1] INFO  impl.VoteContext (VoteContext.java:log(49)) - s2@group-858CCA1FFC33-FOLLOWER: reject PRE_VOTE from s4: this server is a follower and still has a valid leader s3
2023-03-21 03:38:21,636 [HandlerDaemon-1] INFO  server.RaftServer$Division (RaftServerImpl.java:requestVote(1332)) - s2@group-858CCA1FFC33 replies to PRE_VOTE vote request: s4<-s2#0:FAIL-t1. Peer's state: s2@group-858CCA1FFC33:t1, leader=s3, voted=s3, raftlog=Memoized:s2@group-858CCA1FFC33-SegmentedRaftLog:OPENED:c0, conf=0: peers:[s3|rpc:localhost:44545|admin:localhost:42685|client:localhost:41947|dataStream:localhost:38359|priority:0|startupRole:FOLLOWER, s4|rpc:localhost:43959|admin:localhost:37675|client:localhost:41245|dataStream:localhost:36157|priority:0|startupRole:FOLLOWER, s0|rpc:localhost:41873|admin:localhost:39543|client:localhost:39921|dataStream:localhost:44273|priority:0|startupRole:FOLLOWER, s1|rpc:localhost:46783|admin:localhost:40179|client:localhost:41765|dataStream:localhost:44515|priority:0|startupRole:FOLLOWER, s2|rpc:localhost:35711|admin:localhost:42283|client:localhost:45049|dataStream:localhost:37547|priority:0|startupRole:FOLLOWER]|listeners:[], old=null
2023-03-21 03:38:21,675 [HandlerDaemon-2] INFO  server.RaftServer$Division (ServerState.java:setLeader(260)) - s1@group-858CCA1FFC33: change Leader from null to s3 at term 1 for appendEntries, leader elected after 214ms
2023-03-21 03:38:21,785 [HandlerDaemon-1] INFO  server.RaftServer$Division (RaftServerImpl.java:requestVote(1299)) - s1@group-858CCA1FFC33: receive requestVote(PRE_VOTE, s4, group-858CCA1FFC33, 1, (t:1, i:0))
2023-03-21 03:38:21,785 [HandlerDaemon-1] INFO  impl.VoteContext (VoteContext.java:log(49)) - s1@group-858CCA1FFC33-FOLLOWER: reject PRE_VOTE from s4: this server is a follower and still has a valid leader s3
2023-03-21 03:38:21,785 [HandlerDaemon-1] INFO  server.RaftServer$Division (RaftServerImpl.java:requestVote(1332)) - s1@group-858CCA1FFC33 replies to PRE_VOTE vote request: s4<-s1#0:FAIL-t1. Peer's state: s1@group-858CCA1FFC33:t1, leader=s3, voted=s3, raftlog=Memoized:s1@group-858CCA1FFC33-SegmentedRaftLog:OPENED:c0, conf=0: peers:[s3|rpc:localhost:44545|admin:localhost:42685|client:localhost:41947|dataStream:localhost:38359|priority:0|startupRole:FOLLOWER, s4|rpc:localhost:43959|admin:localhost:37675|client:localhost:41245|dataStream:localhost:36157|priority:0|startupRole:FOLLOWER, s0|rpc:localhost:41873|admin:localhost:39543|client:localhost:39921|dataStream:localhost:44273|priority:0|startupRole:FOLLOWER, s1|rpc:localhost:46783|admin:localhost:40179|client:localhost:41765|dataStream:localhost:44515|priority:0|startupRole:FOLLOWER, s2|rpc:localhost:35711|admin:localhost:42283|client:localhost:45049|dataStream:localhost:37547|priority:0|startupRole:FOLLOWER]|listeners:[], old=null
2023-03-21 03:38:21,966 [Time-limited test] INFO  simulation.TestLeaderElectionWithSimulatedRpc (LeaderElectionTests.java:enforceLeader(318)) - try enforcing leader to s1 but new leader is s3
2023-03-21 03:38:21,966 [Time-limited test] INFO  server.RaftServerConfigKeys (ConfUtils.java:logGet(46)) - raft.server.rpc.timeout.max = 300ms (default)
2023-03-21 03:38:22,349 [s1@group-858CCA1FFC33-FollowerState] INFO  impl.FollowerState (FollowerState.java:run(143)) - s1@group-858CCA1FFC33-FollowerState: change to CANDIDATE, lastRpcElapsedTime:446775207ns, electionTimeout:180ms
2023-03-21 03:38:22,349 [s1@group-858CCA1FFC33-FollowerState] INFO  impl.RoleInfo (RoleInfo.java:shutdownFollowerState(110)) - s1: shutdown s1@group-858CCA1FFC33-FollowerState
2023-03-21 03:38:22,349 [s1@group-858CCA1FFC33-FollowerState] INFO  server.RaftServer$Division (RaftServerImpl.java:setRole(329)) - s1@group-858CCA1FFC33: changes role from  FOLLOWER to CANDIDATE at term 1 for changeToCandidate
2023-03-21 03:38:22,350 [s1@group-858CCA1FFC33-FollowerState] INFO  server.RaftServerConfigKeys (ConfUtils.java:logGet(46)) - raft.server.leaderelection.pre-vote = true (default)
2023-03-21 03:38:22,350 [s1@group-858CCA1FFC33-FollowerState] INFO  impl.RoleInfo (RoleInfo.java:updateAndGet(139)) - s1: start s1@group-858CCA1FFC33-LeaderElection13
2023-03-21 03:38:22,350 [s1@group-858CCA1FFC33-LeaderElection13] INFO  server.RaftServer$Division (ServerState.java:setLeader(260)) - s1@group-858CCA1FFC33: change Leader from s3 to null at term 1 for PRE_VOTE
2023-03-21 03:38:22,351 [s1@group-858CCA1FFC33-LeaderElection13] INFO  impl.LeaderElection (LeaderElection.java:askForVotes(320)) - s1@group-858CCA1FFC33-LeaderElection13 PRE_VOTE round 0: submit vote requests at term 1 for 0: peers:[s3|rpc:localhost:44545|admin:localhost:42685|client:localhost:41947|dataStream:localhost:38359|priority:0|startupRole:FOLLOWER, s4|rpc:localhost:43959|admin:localhost:37675|client:localhost:41245|dataStream:localhost:36157|priority:0|startupRole:FOLLOWER, s0|rpc:localhost:41873|admin:localhost:39543|client:localhost:39921|dataStream:localhost:44273|priority:0|startupRole:FOLLOWER, s1|rpc:localhost:46783|admin:localhost:40179|client:localhost:41765|dataStream:localhost:44515|priority:0|startupRole:FOLLOWER, s2|rpc:localhost:35711|admin:localhost:42283|client:localhost:45049|dataStream:localhost:37547|priority:0|startupRole:FOLLOWER]|listeners:[], old=null
2023-03-21 03:38:22,416 [Time-limited test] INFO  server.RaftServerConfigKeys (ConfUtils.java:logGet(46)) - raft.server.rpc.timeout.max = 300ms (default)
2023-03-21 03:38:22,501 [HandlerDaemon-1] INFO  server.RaftServer$Division (RaftServerImpl.java:requestVote(1299)) - s3@group-858CCA1FFC33: receive requestVote(PRE_VOTE, s1, group-858CCA1FFC33, 1, (t:1, i:0))
2023-03-21 03:38:22,502 [HandlerDaemon-1] INFO  impl.VoteContext (VoteContext.java:log(49)) - s3@group-858CCA1FFC33-LEADER: reject PRE_VOTE from s1: this server is the leader and still has leadership
2023-03-21 03:38:22,502 [HandlerDaemon-1] INFO  server.RaftServer$Division (RaftServerImpl.java:requestVote(1332)) - s3@group-858CCA1FFC33 replies to PRE_VOTE vote request: s1<-s3#0:FAIL-t1. Peer's state: s3@group-858CCA1FFC33:t1, leader=s3, voted=s3, raftlog=Memoized:s3@group-858CCA1FFC33-SegmentedRaftLog:OPENED:c0, conf=0: peers:[s3|rpc:localhost:44545|admin:localhost:42685|client:localhost:41947|dataStream:localhost:38359|priority:0|startupRole:FOLLOWER, s4|rpc:localhost:43959|admin:localhost:37675|client:localhost:41245|dataStream:localhost:36157|priority:0|startupRole:FOLLOWER, s0|rpc:localhost:41873|admin:localhost:39543|client:localhost:39921|dataStream:localhost:44273|priority:0|startupRole:FOLLOWER, s1|rpc:localhost:46783|admin:localhost:40179|client:localhost:41765|dataStream:localhost:44515|priority:0|startupRole:FOLLOWER, s2|rpc:localhost:35711|admin:localhost:42283|client:localhost:45049|dataStream:localhost:37547|priority:0|startupRole:FOLLOWER]|listeners:[], old=null
2023-03-21 03:38:22,503 [HandlerDaemon-2] INFO  server.RaftServer$Division (RaftServerImpl.java:requestVote(1299)) - s4@group-858CCA1FFC33: receive requestVote(PRE_VOTE, s1, group-858CCA1FFC33, 1, (t:1, i:0))
2023-03-21 03:38:22,503 [HandlerDaemon-2] INFO  impl.VoteContext (VoteContext.java:log(49)) - s4@group-858CCA1FFC33-FOLLOWER: reject PRE_VOTE from s1: this server is a follower and still has a valid leader s3
2023-03-21 03:38:22,503 [HandlerDaemon-2] INFO  server.RaftServer$Division (RaftServerImpl.java:requestVote(1332)) - s4@group-858CCA1FFC33 replies to PRE_VOTE vote request: s1<-s4#0:FAIL-t1. Peer's state: s4@group-858CCA1FFC33:t1, leader=s3, voted=s3, raftlog=Memoized:s4@group-858CCA1FFC33-SegmentedRaftLog:OPENED:c0, conf=0: peers:[s3|rpc:localhost:44545|admin:localhost:42685|client:localhost:41947|dataStream:localhost:38359|priority:0|startupRole:FOLLOWER, s4|rpc:localhost:43959|admin:localhost:37675|client:localhost:41245|dataStream:localhost:36157|priority:0|startupRole:FOLLOWER, s0|rpc:localhost:41873|admin:localhost:39543|client:localhost:39921|dataStream:localhost:44273|priority:0|startupRole:FOLLOWER, s1|rpc:localhost:46783|admin:localhost:40179|client:localhost:41765|dataStream:localhost:44515|priority:0|startupRole:FOLLOWER, s2|rpc:localhost:35711|admin:localhost:42283|client:localhost:45049|dataStream:localhost:37547|priority:0|startupRole:FOLLOWER]|listeners:[], old=null
2023-03-21 03:38:22,503 [HandlerDaemon-0] INFO  server.RaftServer$Division (RaftServerImpl.java:requestVote(1299)) - s2@group-858CCA1FFC33: receive requestVote(PRE_VOTE, s1, group-858CCA1FFC33, 1, (t:1, i:0))
2023-03-21 03:38:22,503 [HandlerDaemon-2] INFO  server.RaftServer$Division (RaftServerImpl.java:requestVote(1299)) - s0@group-858CCA1FFC33: receive requestVote(PRE_VOTE, s1, group-858CCA1FFC33, 1, (t:1, i:0))
2023-03-21 03:38:22,503 [HandlerDaemon-0] INFO  impl.VoteContext (VoteContext.java:log(49)) - s2@group-858CCA1FFC33-FOLLOWER: reject PRE_VOTE from s1: this server is a follower and still has a valid leader s3
2023-03-21 03:38:22,503 [HandlerDaemon-2] INFO  impl.VoteContext (VoteContext.java:log(49)) - s0@group-858CCA1FFC33-FOLLOWER: reject PRE_VOTE from s1: this server is a follower and still has a valid leader s3
2023-03-21 03:38:22,504 [HandlerDaemon-2] INFO  server.RaftServer$Division (RaftServerImpl.java:requestVote(1332)) - s0@group-858CCA1FFC33 replies to PRE_VOTE vote request: s1<-s0#0:FAIL-t1. Peer's state: s0@group-858CCA1FFC33:t1, leader=s3, voted=s3, raftlog=Memoized:s0@group-858CCA1FFC33-SegmentedRaftLog:OPENED:c0, conf=0: peers:[s3|rpc:localhost:44545|admin:localhost:42685|client:localhost:41947|dataStream:localhost:38359|priority:0|startupRole:FOLLOWER, s4|rpc:localhost:43959|admin:localhost:37675|client:localhost:41245|dataStream:localhost:36157|priority:0|startupRole:FOLLOWER, s0|rpc:localhost:41873|admin:localhost:39543|client:localhost:39921|dataStream:localhost:44273|priority:0|startupRole:FOLLOWER, s1|rpc:localhost:46783|admin:localhost:40179|client:localhost:41765|dataStream:localhost:44515|priority:0|startupRole:FOLLOWER, s2|rpc:localhost:35711|admin:localhost:42283|client:localhost:45049|dataStream:localhost:37547|priority:0|startupRole:FOLLOWER]|listeners:[], old=null
2023-03-21 03:38:22,504 [HandlerDaemon-0] INFO  server.RaftServer$Division (RaftServerImpl.java:requestVote(1332)) - s2@group-858CCA1FFC33 replies to PRE_VOTE vote request: s1<-s2#0:FAIL-t1. Peer's state: s2@group-858CCA1FFC33:t1, leader=s3, voted=s3, raftlog=Memoized:s2@group-858CCA1FFC33-SegmentedRaftLog:OPENED:c0, conf=0: peers:[s3|rpc:localhost:44545|admin:localhost:42685|client:localhost:41947|dataStream:localhost:38359|priority:0|startupRole:FOLLOWER, s4|rpc:localhost:43959|admin:localhost:37675|client:localhost:41245|dataStream:localhost:36157|priority:0|startupRole:FOLLOWER, s0|rpc:localhost:41873|admin:localhost:39543|client:localhost:39921|dataStream:localhost:44273|priority:0|startupRole:FOLLOWER, s1|rpc:localhost:46783|admin:localhost:40179|client:localhost:41765|dataStream:localhost:44515|priority:0|startupRole:FOLLOWER, s2|rpc:localhost:35711|admin:localhost:42283|client:localhost:45049|dataStream:localhost:37547|priority:0|startupRole:FOLLOWER]|listeners:[], old=null
2023-03-21 03:38:22,504 [s1@group-858CCA1FFC33-LeaderElection13] INFO  impl.LeaderElection (LeaderElection.java:logAndReturn(89)) - s1@group-858CCA1FFC33-LeaderElection13: PRE_VOTE REJECTED received 3 response(s) and 0 exception(s):
2023-03-21 03:38:22,504 [s1@group-858CCA1FFC33-LeaderElection13] INFO  impl.LeaderElection (LeaderElection.java:logAndReturn(93)) -   Response 0: s1<-s3#0:FAIL-t1
2023-03-21 03:38:22,504 [s1@group-858CCA1FFC33-LeaderElection13] INFO  impl.LeaderElection (LeaderElection.java:logAndReturn(93)) -   Response 1: s1<-s4#0:FAIL-t1
2023-03-21 03:38:22,504 [s1@group-858CCA1FFC33-LeaderElection13] INFO  impl.LeaderElection (LeaderElection.java:logAndReturn(93)) -   Response 2: s1<-s2#0:FAIL-t1
2023-03-21 03:38:22,504 [s1@group-858CCA1FFC33-LeaderElection13] INFO  impl.LeaderElection (LeaderElection.java:askForVotes(322)) - s1@group-858CCA1FFC33-LeaderElection13 PRE_VOTE round 0: result REJECTED
2023-03-21 03:38:22,504 [s1@group-858CCA1FFC33-LeaderElection13] INFO  server.RaftServer$Division (RaftServerImpl.java:setRole(329)) - s1@group-858CCA1FFC33: changes role from CANDIDATE to FOLLOWER at term 1 for REJECTED
2023-03-21 03:38:22,504 [s1@group-858CCA1FFC33-LeaderElection13] INFO  impl.RoleInfo (RoleInfo.java:shutdownLeaderElection(130)) - s1: shutdown s1@group-858CCA1FFC33-LeaderElection13
2023-03-21 03:38:22,504 [s1@group-858CCA1FFC33-LeaderElection13] INFO  impl.RoleInfo (RoleInfo.java:updateAndGet(139)) - s1: start s1@group-858CCA1FFC33-FollowerState
2023-03-21 03:38:22,578 [HandlerDaemon-1] INFO  server.RaftServer$Division (ServerState.java:setLeader(260)) - s1@group-858CCA1FFC33: change Leader from null to s3 at term 1 for appendEntries, leader elected after 227ms
2023-03-21 03:38:22,867 [Time-limited test] INFO  simulation.TestLeaderElectionWithSimulatedRpc (LeaderElectionTests.java:enforceLeader(318)) - try enforcing leader to s1 but new leader is s3
2023-03-21 03:38:22,868 [Time-limited test] INFO  server.RaftServerConfigKeys (ConfUtils.java:logGet(46)) - raft.server.rpc.timeout.max = 300ms (default)
2023-03-21 03:38:23,179 [s1@group-858CCA1FFC33-FollowerState] INFO  impl.FollowerState (FollowerState.java:run(143)) - s1@group-858CCA1FFC33-FollowerState: change to CANDIDATE, lastRpcElapsedTime:372363012ns, electionTimeout:240ms
2023-03-21 03:38:23,179 [s1@group-858CCA1FFC33-FollowerState] INFO  impl.RoleInfo (RoleInfo.java:shutdownFollowerState(110)) - s1: shutdown s1@group-858CCA1FFC33-FollowerState
2023-03-21 03:38:23,179 [s1@group-858CCA1FFC33-FollowerState] INFO  server.RaftServer$Division (RaftServerImpl.java:setRole(329)) - s1@group-858CCA1FFC33: changes role from  FOLLOWER to CANDIDATE at term 1 for changeToCandidate
2023-03-21 03:38:23,179 [s1@group-858CCA1FFC33-FollowerState] INFO  server.RaftServerConfigKeys (ConfUtils.java:logGet(46)) - raft.server.leaderelection.pre-vote = true (default)
2023-03-21 03:38:23,179 [s1@group-858CCA1FFC33-FollowerState] INFO  impl.RoleInfo (RoleInfo.java:updateAndGet(139)) - s1: start s1@group-858CCA1FFC33-LeaderElection14
2023-03-21 03:38:23,180 [s1@group-858CCA1FFC33-LeaderElection14] INFO  server.RaftServer$Division (ServerState.java:setLeader(260)) - s1@group-858CCA1FFC33: change Leader from s3 to null at term 1 for PRE_VOTE
2023-03-21 03:38:23,181 [s1@group-858CCA1FFC33-LeaderElection14] INFO  impl.LeaderElection (LeaderElection.java:askForVotes(320)) - s1@group-858CCA1FFC33-LeaderElection14 PRE_VOTE round 0: submit vote requests at term 1 for 0: peers:[s3|rpc:localhost:44545|admin:localhost:42685|client:localhost:41947|dataStream:localhost:38359|priority:0|startupRole:FOLLOWER, s4|rpc:localhost:43959|admin:localhost:37675|client:localhost:41245|dataStream:localhost:36157|priority:0|startupRole:FOLLOWER, s0|rpc:localhost:41873|admin:localhost:39543|client:localhost:39921|dataStream:localhost:44273|priority:0|startupRole:FOLLOWER, s1|rpc:localhost:46783|admin:localhost:40179|client:localhost:41765|dataStream:localhost:44515|priority:0|startupRole:FOLLOWER, s2|rpc:localhost:35711|admin:localhost:42283|client:localhost:45049|dataStream:localhost:37547|priority:0|startupRole:FOLLOWER]|listeners:[], old=null
2023-03-21 03:38:23,250 [s4@group-858CCA1FFC33-FollowerState] INFO  impl.FollowerState (FollowerState.java:run(143)) - s4@group-858CCA1FFC33-FollowerState: change to CANDIDATE, lastRpcElapsedTime:222486912ns, electionTimeout:161ms
2023-03-21 03:38:23,250 [s4@group-858CCA1FFC33-FollowerState] INFO  impl.RoleInfo (RoleInfo.java:shutdownFollowerState(110)) - s4: shutdown s4@group-858CCA1FFC33-FollowerState
2023-03-21 03:38:23,251 [s4@group-858CCA1FFC33-FollowerState] INFO  server.RaftServer$Division (RaftServerImpl.java:setRole(329)) - s4@group-858CCA1FFC33: changes role from  FOLLOWER to CANDIDATE at term 1 for changeToCandidate
2023-03-21 03:38:23,251 [s4@group-858CCA1FFC33-FollowerState] INFO  server.RaftServerConfigKeys (ConfUtils.java:logGet(46)) - raft.server.leaderelection.pre-vote = true (default)
2023-03-21 03:38:23,251 [s4@group-858CCA1FFC33-FollowerState] INFO  impl.RoleInfo (RoleInfo.java:updateAndGet(139)) - s4: start s4@group-858CCA1FFC33-LeaderElection15
2023-03-21 03:38:23,251 [s4@group-858CCA1FFC33-LeaderElection15] INFO  server.RaftServer$Division (ServerState.java:setLeader(260)) - s4@group-858CCA1FFC33: change Leader from s3 to null at term 1 for PRE_VOTE
2023-03-21 03:38:23,252 [s4@group-858CCA1FFC33-LeaderElection15] INFO  impl.LeaderElection (LeaderElection.java:askForVotes(320)) - s4@group-858CCA1FFC33-LeaderElection15 PRE_VOTE round 0: submit vote requests at term 1 for 0: peers:[s3|rpc:localhost:44545|admin:localhost:42685|client:localhost:41947|dataStream:localhost:38359|priority:0|startupRole:FOLLOWER, s4|rpc:localhost:43959|admin:localhost:37675|client:localhost:41245|dataStream:localhost:36157|priority:0|startupRole:FOLLOWER, s0|rpc:localhost:41873|admin:localhost:39543|client:localhost:39921|dataStream:localhost:44273|priority:0|startupRole:FOLLOWER, s1|rpc:localhost:46783|admin:localhost:40179|client:localhost:41765|dataStream:localhost:44515|priority:0|startupRole:FOLLOWER, s2|rpc:localhost:35711|admin:localhost:42283|client:localhost:45049|dataStream:localhost:37547|priority:0|startupRole:FOLLOWER]|listeners:[], old=null
2023-03-21 03:38:23,254 [HandlerDaemon-2] INFO  server.RaftServer$Division (RaftServerImpl.java:setRole(329)) - s4@group-858CCA1FFC33: changes role from CANDIDATE to FOLLOWER at term 1 for appendEntries
2023-03-21 03:38:23,254 [HandlerDaemon-2] INFO  impl.RoleInfo (RoleInfo.java:shutdownLeaderElection(130)) - s4: shutdown s4@group-858CCA1FFC33-LeaderElection15
2023-03-21 03:38:23,254 [HandlerDaemon-2] INFO  impl.RoleInfo (RoleInfo.java:updateAndGet(139)) - s4: start s4@group-858CCA1FFC33-FollowerState
2023-03-21 03:38:23,255 [HandlerDaemon-2] INFO  server.RaftServer$Division (ServerState.java:setLeader(260)) - s4@group-858CCA1FFC33: change Leader from null to s3 at term 1 for appendEntries, leader elected after 3ms
2023-03-21 03:38:23,318 [Time-limited test] INFO  server.RaftServerConfigKeys (ConfUtils.java:logGet(46)) - raft.server.rpc.timeout.max = 300ms (default)
2023-03-21 03:38:23,332 [HandlerDaemon-2] INFO  server.RaftServer$Division (RaftServerImpl.java:requestVote(1299)) - s3@group-858CCA1FFC33: receive requestVote(PRE_VOTE, s1, group-858CCA1FFC33, 1, (t:1, i:0))
2023-03-21 03:38:23,332 [HandlerDaemon-0] INFO  server.RaftServer$Division (RaftServerImpl.java:requestVote(1299)) - s4@group-858CCA1FFC33: receive requestVote(PRE_VOTE, s1, group-858CCA1FFC33, 1, (t:1, i:0))
2023-03-21 03:38:23,332 [HandlerDaemon-0] INFO  impl.VoteContext (VoteContext.java:log(49)) - s4@group-858CCA1FFC33-FOLLOWER: reject PRE_VOTE from s1: this server is a follower and still has a valid leader s3
2023-03-21 03:38:23,332 [HandlerDaemon-2] INFO  server.RaftServer$Division (RaftServerImpl.java:requestVote(1299)) - s2@group-858CCA1FFC33: receive requestVote(PRE_VOTE, s1, group-858CCA1FFC33, 1, (t:1, i:0))
2023-03-21 03:38:23,332 [HandlerDaemon-0] INFO  server.RaftServer$Division (RaftServerImpl.java:requestVote(1332)) - s4@group-858CCA1FFC33 replies to PRE_VOTE vote request: s1<-s4#0:FAIL-t1. Peer's state: s4@group-858CCA1FFC33:t1, leader=s3, voted=s3, raftlog=Memoized:s4@group-858CCA1FFC33-SegmentedRaftLog:OPENED:c0, conf=0: peers:[s3|rpc:localhost:44545|admin:localhost:42685|client:localhost:41947|dataStream:localhost:38359|priority:0|startupRole:FOLLOWER, s4|rpc:localhost:43959|admin:localhost:37675|client:localhost:41245|dataStream:localhost:36157|priority:0|startupRole:FOLLOWER, s0|rpc:localhost:41873|admin:localhost:39543|client:localhost:39921|dataStream:localhost:44273|priority:0|startupRole:FOLLOWER, s1|rpc:localhost:46783|admin:localhost:40179|client:localhost:41765|dataStream:localhost:44515|priority:0|startupRole:FOLLOWER, s2|rpc:localhost:35711|admin:localhost:42283|client:localhost:45049|dataStream:localhost:37547|priority:0|startupRole:FOLLOWER]|listeners:[], old=null
2023-03-21 03:38:23,332 [HandlerDaemon-2] INFO  impl.VoteContext (VoteContext.java:log(49)) - s3@group-858CCA1FFC33-LEADER: reject PRE_VOTE from s1: this server is the leader and still has leadership
2023-03-21 03:38:23,332 [HandlerDaemon-2] INFO  server.RaftServer$Division (RaftServerImpl.java:requestVote(1332)) - s3@group-858CCA1FFC33 replies to PRE_VOTE vote request: s1<-s3#0:FAIL-t1. Peer's state: s3@group-858CCA1FFC33:t1, leader=s3, voted=s3, raftlog=Memoized:s3@group-858CCA1FFC33-SegmentedRaftLog:OPENED:c0, conf=0: peers:[s3|rpc:localhost:44545|admin:localhost:42685|client:localhost:41947|dataStream:localhost:38359|priority:0|startupRole:FOLLOWER, s4|rpc:localhost:43959|admin:localhost:37675|client:localhost:41245|dataStream:localhost:36157|priority:0|startupRole:FOLLOWER, s0|rpc:localhost:41873|admin:localhost:39543|client:localhost:39921|dataStream:localhost:44273|priority:0|startupRole:FOLLOWER, s1|rpc:localhost:46783|admin:localhost:40179|client:localhost:41765|dataStream:localhost:44515|priority:0|startupRole:FOLLOWER, s2|rpc:localhost:35711|admin:localhost:42283|client:localhost:45049|dataStream:localhost:37547|priority:0|startupRole:FOLLOWER]|listeners:[], old=null
2023-03-21 03:38:23,332 [HandlerDaemon-2] INFO  impl.VoteContext (VoteContext.java:log(49)) - s2@group-858CCA1FFC33-FOLLOWER: reject PRE_VOTE from s1: this server is a follower and still has a valid leader s3
2023-03-21 03:38:23,333 [HandlerDaemon-2] INFO  server.RaftServer$Division (RaftServerImpl.java:requestVote(1332)) - s2@group-858CCA1FFC33 replies to PRE_VOTE vote request: s1<-s2#0:FAIL-t1. Peer's state: s2@group-858CCA1FFC33:t1, leader=s3, voted=s3, raftlog=Memoized:s2@group-858CCA1FFC33-SegmentedRaftLog:OPENED:c0, conf=0: peers:[s3|rpc:localhost:44545|admin:localhost:42685|client:localhost:41947|dataStream:localhost:38359|priority:0|startupRole:FOLLOWER, s4|rpc:localhost:43959|admin:localhost:37675|client:localhost:41245|dataStream:localhost:36157|priority:0|startupRole:FOLLOWER, s0|rpc:localhost:41873|admin:localhost:39543|client:localhost:39921|dataStream:localhost:44273|priority:0|startupRole:FOLLOWER, s1|rpc:localhost:46783|admin:localhost:40179|client:localhost:41765|dataStream:localhost:44515|priority:0|startupRole:FOLLOWER, s2|rpc:localhost:35711|admin:localhost:42283|client:localhost:45049|dataStream:localhost:37547|priority:0|startupRole:FOLLOWER]|listeners:[], old=null
2023-03-21 03:38:23,332 [HandlerDaemon-0] INFO  server.RaftServer$Division (RaftServerImpl.java:requestVote(1299)) - s0@group-858CCA1FFC33: receive requestVote(PRE_VOTE, s1, group-858CCA1FFC33, 1, (t:1, i:0))
2023-03-21 03:38:23,333 [HandlerDaemon-0] INFO  impl.VoteContext (VoteContext.java:log(49)) - s0@group-858CCA1FFC33-FOLLOWER: reject PRE_VOTE from s1: this server is a follower and still has a valid leader s3
2023-03-21 03:38:23,333 [HandlerDaemon-0] INFO  server.RaftServer$Division (RaftServerImpl.java:requestVote(1332)) - s0@group-858CCA1FFC33 replies to PRE_VOTE vote request: s1<-s0#0:FAIL-t1. Peer's state: s0@group-858CCA1FFC33:t1, leader=s3, voted=s3, raftlog=Memoized:s0@group-858CCA1FFC33-SegmentedRaftLog:OPENED:c0, conf=0: peers:[s3|rpc:localhost:44545|admin:localhost:42685|client:localhost:41947|dataStream:localhost:38359|priority:0|startupRole:FOLLOWER, s4|rpc:localhost:43959|admin:localhost:37675|client:localhost:41245|dataStream:localhost:36157|priority:0|startupRole:FOLLOWER, s0|rpc:localhost:41873|admin:localhost:39543|client:localhost:39921|dataStream:localhost:44273|priority:0|startupRole:FOLLOWER, s1|rpc:localhost:46783|admin:localhost:40179|client:localhost:41765|dataStream:localhost:44515|priority:0|startupRole:FOLLOWER, s2|rpc:localhost:35711|admin:localhost:42283|client:localhost:45049|dataStream:localhost:37547|priority:0|startupRole:FOLLOWER]|listeners:[], old=null
2023-03-21 03:38:23,333 [s1@group-858CCA1FFC33-LeaderElection14] INFO  impl.LeaderElection (LeaderElection.java:logAndReturn(89)) - s1@group-858CCA1FFC33-LeaderElection14: PRE_VOTE REJECTED received 3 response(s) and 0 exception(s):
2023-03-21 03:38:23,333 [s1@group-858CCA1FFC33-LeaderElection14] INFO  impl.LeaderElection (LeaderElection.java:logAndReturn(93)) -   Response 0: s1<-s3#0:FAIL-t1
2023-03-21 03:38:23,333 [s1@group-858CCA1FFC33-LeaderElection14] INFO  impl.LeaderElection (LeaderElection.java:logAndReturn(93)) -   Response 1: s1<-s4#0:FAIL-t1
2023-03-21 03:38:23,333 [s1@group-858CCA1FFC33-LeaderElection14] INFO  impl.LeaderElection (LeaderElection.java:logAndReturn(93)) -   Response 2: s1<-s2#0:FAIL-t1
2023-03-21 03:38:23,333 [s1@group-858CCA1FFC33-LeaderElection14] INFO  impl.LeaderElection (LeaderElection.java:askForVotes(322)) - s1@group-858CCA1FFC33-LeaderElection14 PRE_VOTE round 0: result REJECTED
2023-03-21 03:38:23,333 [s1@group-858CCA1FFC33-LeaderElection14] INFO  server.RaftServer$Division (RaftServerImpl.java:setRole(329)) - s1@group-858CCA1FFC33: changes role from CANDIDATE to FOLLOWER at term 1 for REJECTED
2023-03-21 03:38:23,333 [s1@group-858CCA1FFC33-LeaderElection14] INFO  impl.RoleInfo (RoleInfo.java:shutdownLeaderElection(130)) - s1: shutdown s1@group-858CCA1FFC33-LeaderElection14
2023-03-21 03:38:23,333 [s1@group-858CCA1FFC33-LeaderElection14] INFO  impl.RoleInfo (RoleInfo.java:updateAndGet(139)) - s1: start s1@group-858CCA1FFC33-FollowerState
2023-03-21 03:38:23,403 [HandlerDaemon-0] INFO  server.RaftServer$Division (RaftServerImpl.java:requestVote(1299)) - s3@group-858CCA1FFC33: receive requestVote(PRE_VOTE, s4, group-858CCA1FFC33, 1, (t:1, i:0))
2023-03-21 03:38:23,403 [HandlerDaemon-2] INFO  server.RaftServer$Division (RaftServerImpl.java:requestVote(1299)) - s0@group-858CCA1FFC33: receive requestVote(PRE_VOTE, s4, group-858CCA1FFC33, 1, (t:1, i:0))
2023-03-21 03:38:23,403 [HandlerDaemon-2] INFO  impl.VoteContext (VoteContext.java:log(49)) - s0@group-858CCA1FFC33-FOLLOWER: reject PRE_VOTE from s4: this server is a follower and still has a valid leader s3
2023-03-21 03:38:23,403 [HandlerDaemon-0] INFO  impl.VoteContext (VoteContext.java:log(49)) - s3@group-858CCA1FFC33-LEADER: reject PRE_VOTE from s4: this server is the leader and still has leadership
2023-03-21 03:38:23,403 [HandlerDaemon-2] INFO  server.RaftServer$Division (RaftServerImpl.java:requestVote(1332)) - s0@group-858CCA1FFC33 replies to PRE_VOTE vote request: s4<-s0#0:FAIL-t1. Peer's state: s0@group-858CCA1FFC33:t1, leader=s3, voted=s3, raftlog=Memoized:s0@group-858CCA1FFC33-SegmentedRaftLog:OPENED:c0, conf=0: peers:[s3|rpc:localhost:44545|admin:localhost:42685|client:localhost:41947|dataStream:localhost:38359|priority:0|startupRole:FOLLOWER, s4|rpc:localhost:43959|admin:localhost:37675|client:localhost:41245|dataStream:localhost:36157|priority:0|startupRole:FOLLOWER, s0|rpc:localhost:41873|admin:localhost:39543|client:localhost:39921|dataStream:localhost:44273|priority:0|startupRole:FOLLOWER, s1|rpc:localhost:46783|admin:localhost:40179|client:localhost:41765|dataStream:localhost:44515|priority:0|startupRole:FOLLOWER, s2|rpc:localhost:35711|admin:localhost:42283|client:localhost:45049|dataStream:localhost:37547|priority:0|startupRole:FOLLOWER]|listeners:[], old=null
2023-03-21 03:38:23,403 [HandlerDaemon-0] INFO  server.RaftServer$Division (RaftServerImpl.java:requestVote(1332)) - s3@group-858CCA1FFC33 replies to PRE_VOTE vote request: s4<-s3#0:FAIL-t1. Peer's state: s3@group-858CCA1FFC33:t1, leader=s3, voted=s3, raftlog=Memoized:s3@group-858CCA1FFC33-SegmentedRaftLog:OPENED:c0, conf=0: peers:[s3|rpc:localhost:44545|admin:localhost:42685|client:localhost:41947|dataStream:localhost:38359|priority:0|startupRole:FOLLOWER, s4|rpc:localhost:43959|admin:localhost:37675|client:localhost:41245|dataStream:localhost:36157|priority:0|startupRole:FOLLOWER, s0|rpc:localhost:41873|admin:localhost:39543|client:localhost:39921|dataStream:localhost:44273|priority:0|startupRole:FOLLOWER, s1|rpc:localhost:46783|admin:localhost:40179|client:localhost:41765|dataStream:localhost:44515|priority:0|startupRole:FOLLOWER, s2|rpc:localhost:35711|admin:localhost:42283|client:localhost:45049|dataStream:localhost:37547|priority:0|startupRole:FOLLOWER]|listeners:[], old=null
2023-03-21 03:38:23,403 [HandlerDaemon-0] INFO  server.RaftServer$Division (RaftServerImpl.java:requestVote(1299)) - s2@group-858CCA1FFC33: receive requestVote(PRE_VOTE, s4, group-858CCA1FFC33, 1, (t:1, i:0))
2023-03-21 03:38:23,403 [s4@group-858CCA1FFC33-LeaderElection15] INFO  impl.LeaderElection (LeaderElection.java:logAndReturn(89)) - s4@group-858CCA1FFC33-LeaderElection15: PRE_VOTE REJECTED received 1 response(s) and 0 exception(s):
2023-03-21 03:38:23,404 [s4@group-858CCA1FFC33-LeaderElection15] INFO  impl.LeaderElection (LeaderElection.java:logAndReturn(93)) -   Response 0: s4<-s0#0:FAIL-t1
2023-03-21 03:38:23,403 [HandlerDaemon-0] INFO  impl.VoteContext (VoteContext.java:log(49)) - s2@group-858CCA1FFC33-FOLLOWER: reject PRE_VOTE from s4: this server is a follower and still has a valid leader s3
2023-03-21 03:38:23,404 [HandlerDaemon-0] INFO  server.RaftServer$Division (RaftServerImpl.java:requestVote(1332)) - s2@group-858CCA1FFC33 replies to PRE_VOTE vote request: s4<-s2#0:FAIL-t1. Peer's state: s2@group-858CCA1FFC33:t1, leader=s3, voted=s3, raftlog=Memoized:s2@group-858CCA1FFC33-SegmentedRaftLog:OPENED:c0, conf=0: peers:[s3|rpc:localhost:44545|admin:localhost:42685|client:localhost:41947|dataStream:localhost:38359|priority:0|startupRole:FOLLOWER, s4|rpc:localhost:43959|admin:localhost:37675|client:localhost:41245|dataStream:localhost:36157|priority:0|startupRole:FOLLOWER, s0|rpc:localhost:41873|admin:localhost:39543|client:localhost:39921|dataStream:localhost:44273|priority:0|startupRole:FOLLOWER, s1|rpc:localhost:46783|admin:localhost:40179|client:localhost:41765|dataStream:localhost:44515|priority:0|startupRole:FOLLOWER, s2|rpc:localhost:35711|admin:localhost:42283|client:localhost:45049|dataStream:localhost:37547|priority:0|startupRole:FOLLOWER]|listeners:[], old=null
2023-03-21 03:38:23,404 [s4@group-858CCA1FFC33-LeaderElection15] INFO  impl.LeaderElection (LeaderElection.java:askForVotes(322)) - s4@group-858CCA1FFC33-LeaderElection15 PRE_VOTE round 0: result REJECTED
2023-03-21 03:38:23,482 [HandlerDaemon-2] INFO  server.RaftServer$Division (ServerState.java:setLeader(260)) - s1@group-858CCA1FFC33: change Leader from null to s3 at term 1 for appendEntries, leader elected after 301ms
2023-03-21 03:38:23,553 [HandlerDaemon-0] INFO  server.RaftServer$Division (RaftServerImpl.java:requestVote(1299)) - s1@group-858CCA1FFC33: receive requestVote(PRE_VOTE, s4, group-858CCA1FFC33, 1, (t:1, i:0))
2023-03-21 03:38:23,553 [HandlerDaemon-0] INFO  impl.VoteContext (VoteContext.java:log(49)) - s1@group-858CCA1FFC33-FOLLOWER: reject PRE_VOTE from s4: this server is a follower and still has a valid leader s3
2023-03-21 03:38:23,553 [HandlerDaemon-0] INFO  server.RaftServer$Division (RaftServerImpl.java:requestVote(1332)) - s1@group-858CCA1FFC33 replies to PRE_VOTE vote request: s4<-s1#0:FAIL-t1. Peer's state: s1@group-858CCA1FFC33:t1, leader=s3, voted=s3, raftlog=Memoized:s1@group-858CCA1FFC33-SegmentedRaftLog:OPENED:c0, conf=0: peers:[s3|rpc:localhost:44545|admin:localhost:42685|client:localhost:41947|dataStream:localhost:38359|priority:0|startupRole:FOLLOWER, s4|rpc:localhost:43959|admin:localhost:37675|client:localhost:41245|dataStream:localhost:36157|priority:0|startupRole:FOLLOWER, s0|rpc:localhost:41873|admin:localhost:39543|client:localhost:39921|dataStream:localhost:44273|priority:0|startupRole:FOLLOWER, s1|rpc:localhost:46783|admin:localhost:40179|client:localhost:41765|dataStream:localhost:44515|priority:0|startupRole:FOLLOWER, s2|rpc:localhost:35711|admin:localhost:42283|client:localhost:45049|dataStream:localhost:37547|priority:0|startupRole:FOLLOWER]|listeners:[], old=null
2023-03-21 03:38:23,769 [Time-limited test] INFO  simulation.TestLeaderElectionWithSimulatedRpc (LeaderElectionTests.java:enforceLeader(318)) - try enforcing leader to s1 but new leader is s3
2023-03-21 03:38:23,769 [Time-limited test] INFO  server.RaftServerConfigKeys (ConfUtils.java:logGet(46)) - raft.server.rpc.timeout.max = 300ms (default)
2023-03-21 03:38:23,937 [s2@group-858CCA1FFC33-FollowerState] INFO  impl.FollowerState (FollowerState.java:run(143)) - s2@group-858CCA1FFC33-FollowerState: change to CANDIDATE, lastRpcElapsedTime:205399045ns, electionTimeout:180ms
2023-03-21 03:38:23,937 [s2@group-858CCA1FFC33-FollowerState] INFO  impl.RoleInfo (RoleInfo.java:shutdownFollowerState(110)) - s2: shutdown s2@group-858CCA1FFC33-FollowerState
2023-03-21 03:38:23,937 [s2@group-858CCA1FFC33-FollowerState] INFO  server.RaftServer$Division (RaftServerImpl.java:setRole(329)) - s2@group-858CCA1FFC33: changes role from  FOLLOWER to CANDIDATE at term 1 for changeToCandidate
2023-03-21 03:38:23,937 [s2@group-858CCA1FFC33-FollowerState] INFO  server.RaftServerConfigKeys (ConfUtils.java:logGet(46)) - raft.server.leaderelection.pre-vote = true (default)
2023-03-21 03:38:23,937 [s2@group-858CCA1FFC33-FollowerState] INFO  impl.RoleInfo (RoleInfo.java:updateAndGet(139)) - s2: start s2@group-858CCA1FFC33-LeaderElection16
2023-03-21 03:38:23,938 [s2@group-858CCA1FFC33-LeaderElection16] INFO  server.RaftServer$Division (ServerState.java:setLeader(260)) - s2@group-858CCA1FFC33: change Leader from s3 to null at term 1 for PRE_VOTE
2023-03-21 03:38:23,938 [s2@group-858CCA1FFC33-LeaderElection16] INFO  impl.LeaderElection (LeaderElection.java:askForVotes(320)) - s2@group-858CCA1FFC33-LeaderElection16 PRE_VOTE round 0: submit vote requests at term 1 for 0: peers:[s3|rpc:localhost:44545|admin:localhost:42685|client:localhost:41947|dataStream:localhost:38359|priority:0|startupRole:FOLLOWER, s4|rpc:localhost:43959|admin:localhost:37675|client:localhost:41245|dataStream:localhost:36157|priority:0|startupRole:FOLLOWER, s0|rpc:localhost:41873|admin:localhost:39543|client:localhost:39921|dataStream:localhost:44273|priority:0|startupRole:FOLLOWER, s1|rpc:localhost:46783|admin:localhost:40179|client:localhost:41765|dataStream:localhost:44515|priority:0|startupRole:FOLLOWER, s2|rpc:localhost:35711|admin:localhost:42283|client:localhost:45049|dataStream:localhost:37547|priority:0|startupRole:FOLLOWER]|listeners:[], old=null
2023-03-21 03:38:23,957 [HandlerDaemon-0] INFO  server.RaftServer$Division (RaftServerImpl.java:setRole(329)) - s2@group-858CCA1FFC33: changes role from CANDIDATE to FOLLOWER at term 1 for appendEntries
2023-03-21 03:38:23,957 [HandlerDaemon-0] INFO  impl.RoleInfo (RoleInfo.java:shutdownLeaderElection(130)) - s2: shutdown s2@group-858CCA1FFC33-LeaderElection16
2023-03-21 03:38:23,958 [HandlerDaemon-0] INFO  impl.RoleInfo (RoleInfo.java:updateAndGet(139)) - s2: start s2@group-858CCA1FFC33-FollowerState
2023-03-21 03:38:23,958 [HandlerDaemon-0] INFO  server.RaftServer$Division (ServerState.java:setLeader(260)) - s2@group-858CCA1FFC33: change Leader from null to s3 at term 1 for appendEntries, leader elected after 19ms
2023-03-21 03:38:24,078 [s1@group-858CCA1FFC33-FollowerState] INFO  impl.FollowerState (FollowerState.java:run(143)) - s1@group-858CCA1FFC33-FollowerState: change to CANDIDATE, lastRpcElapsedTime:368672616ns, electionTimeout:268ms
2023-03-21 03:38:24,079 [s1@group-858CCA1FFC33-FollowerState] INFO  impl.RoleInfo (RoleInfo.java:shutdownFollowerState(110)) - s1: shutdown s1@group-858CCA1FFC33-FollowerState
2023-03-21 03:38:24,079 [s1@group-858CCA1FFC33-FollowerState] INFO  server.RaftServer$Division (RaftServerImpl.java:setRole(329)) - s1@group-858CCA1FFC33: changes role from  FOLLOWER to CANDIDATE at term 1 for changeToCandidate
2023-03-21 03:38:24,079 [s1@group-858CCA1FFC33-FollowerState] INFO  server.RaftServerConfigKeys (ConfUtils.java:logGet(46)) - raft.server.leaderelection.pre-vote = true (default)
2023-03-21 03:38:24,079 [s1@group-858CCA1FFC33-FollowerState] INFO  impl.RoleInfo (RoleInfo.java:updateAndGet(139)) - s1: start s1@group-858CCA1FFC33-LeaderElection17
2023-03-21 03:38:24,080 [s1@group-858CCA1FFC33-LeaderElection17] INFO  server.RaftServer$Division (ServerState.java:setLeader(260)) - s1@group-858CCA1FFC33: change Leader from s3 to null at term 1 for PRE_VOTE
2023-03-21 03:38:24,080 [s1@group-858CCA1FFC33-LeaderElection17] INFO  impl.LeaderElection (LeaderElection.java:askForVotes(320)) - s1@group-858CCA1FFC33-LeaderElection17 PRE_VOTE round 0: submit vote requests at term 1 for 0: peers:[s3|rpc:localhost:44545|admin:localhost:42685|client:localhost:41947|dataStream:localhost:38359|priority:0|startupRole:FOLLOWER, s4|rpc:localhost:43959|admin:localhost:37675|client:localhost:41245|dataStream:localhost:36157|priority:0|startupRole:FOLLOWER, s0|rpc:localhost:41873|admin:localhost:39543|client:localhost:39921|dataStream:localhost:44273|priority:0|startupRole:FOLLOWER, s1|rpc:localhost:46783|admin:localhost:40179|client:localhost:41765|dataStream:localhost:44515|priority:0|startupRole:FOLLOWER, s2|rpc:localhost:35711|admin:localhost:42283|client:localhost:45049|dataStream:localhost:37547|priority:0|startupRole:FOLLOWER]|listeners:[], old=null
2023-03-21 03:38:24,089 [HandlerDaemon-1] INFO  server.RaftServer$Division (RaftServerImpl.java:requestVote(1299)) - s3@group-858CCA1FFC33: receive requestVote(PRE_VOTE, s2, group-858CCA1FFC33, 1, (t:1, i:0))
2023-03-21 03:38:24,089 [HandlerDaemon-1] INFO  impl.VoteContext (VoteContext.java:log(49)) - s3@group-858CCA1FFC33-LEADER: reject PRE_VOTE from s2: this server is the leader and still has leadership
2023-03-21 03:38:24,089 [HandlerDaemon-2] INFO  server.RaftServer$Division (RaftServerImpl.java:requestVote(1299)) - s4@group-858CCA1FFC33: receive requestVote(PRE_VOTE, s2, group-858CCA1FFC33, 1, (t:1, i:0))
2023-03-21 03:38:24,090 [HandlerDaemon-1] INFO  server.RaftServer$Division (RaftServerImpl.java:requestVote(1332)) - s3@group-858CCA1FFC33 replies to PRE_VOTE vote request: s2<-s3#0:FAIL-t1. Peer's state: s3@group-858CCA1FFC33:t1, leader=s3, voted=s3, raftlog=Memoized:s3@group-858CCA1FFC33-SegmentedRaftLog:OPENED:c0, conf=0: peers:[s3|rpc:localhost:44545|admin:localhost:42685|client:localhost:41947|dataStream:localhost:38359|priority:0|startupRole:FOLLOWER, s4|rpc:localhost:43959|admin:localhost:37675|client:localhost:41245|dataStream:localhost:36157|priority:0|startupRole:FOLLOWER, s0|rpc:localhost:41873|admin:localhost:39543|client:localhost:39921|dataStream:localhost:44273|priority:0|startupRole:FOLLOWER, s1|rpc:localhost:46783|admin:localhost:40179|client:localhost:41765|dataStream:localhost:44515|priority:0|startupRole:FOLLOWER, s2|rpc:localhost:35711|admin:localhost:42283|client:localhost:45049|dataStream:localhost:37547|priority:0|startupRole:FOLLOWER]|listeners:[], old=null
2023-03-21 03:38:24,090 [HandlerDaemon-2] INFO  impl.VoteContext (VoteContext.java:log(49)) - s4@group-858CCA1FFC33-FOLLOWER: accept PRE_VOTE from s2: our priority 0 <= candidate's priority 0
2023-03-21 03:38:24,090 [s2@group-858CCA1FFC33-LeaderElection16] INFO  impl.LeaderElection (LeaderElection.java:logAndReturn(89)) - s2@group-858CCA1FFC33-LeaderElection16: PRE_VOTE REJECTED received 1 response(s) and 0 exception(s):
2023-03-21 03:38:24,090 [HandlerDaemon-2] INFO  server.RaftServer$Division (RaftServerImpl.java:requestVote(1332)) - s4@group-858CCA1FFC33 replies to PRE_VOTE vote request: s2<-s4#0:OK-t1. Peer's state: s4@group-858CCA1FFC33:t1, leader=s3, voted=s3, raftlog=Memoized:s4@group-858CCA1FFC33-SegmentedRaftLog:OPENED:c0, conf=0: peers:[s3|rpc:localhost:44545|admin:localhost:42685|client:localhost:41947|dataStream:localhost:38359|priority:0|startupRole:FOLLOWER, s4|rpc:localhost:43959|admin:localhost:37675|client:localhost:41245|dataStream:localhost:36157|priority:0|startupRole:FOLLOWER, s0|rpc:localhost:41873|admin:localhost:39543|client:localhost:39921|dataStream:localhost:44273|priority:0|startupRole:FOLLOWER, s1|rpc:localhost:46783|admin:localhost:40179|client:localhost:41765|dataStream:localhost:44515|priority:0|startupRole:FOLLOWER, s2|rpc:localhost:35711|admin:localhost:42283|client:localhost:45049|dataStream:localhost:37547|priority:0|startupRole:FOLLOWER]|listeners:[], old=null
2023-03-21 03:38:24,090 [s2@group-858CCA1FFC33-LeaderElection16] INFO  impl.LeaderElection (LeaderElection.java:logAndReturn(93)) -   Response 0: s2<-s3#0:FAIL-t1
2023-03-21 03:38:24,090 [s2@group-858CCA1FFC33-LeaderElection16] INFO  impl.LeaderElection (LeaderElection.java:askForVotes(322)) - s2@group-858CCA1FFC33-LeaderElection16 PRE_VOTE round 0: result REJECTED
2023-03-21 03:38:24,092 [HandlerDaemon-0] INFO  server.RaftServer$Division (RaftServerImpl.java:requestVote(1299)) - s0@group-858CCA1FFC33: receive requestVote(PRE_VOTE, s2, group-858CCA1FFC33, 1, (t:1, i:0))
2023-03-21 03:38:24,092 [HandlerDaemon-0] INFO  impl.VoteContext (VoteContext.java:log(49)) - s0@group-858CCA1FFC33-FOLLOWER: reject PRE_VOTE from s2: this server is a follower and still has a valid leader s3
2023-03-21 03:38:24,092 [HandlerDaemon-0] INFO  server.RaftServer$Division (RaftServerImpl.java:requestVote(1332)) - s0@group-858CCA1FFC33 replies to PRE_VOTE vote request: s2<-s0#0:FAIL-t1. Peer's state: s0@group-858CCA1FFC33:t1, leader=s3, voted=s3, raftlog=Memoized:s0@group-858CCA1FFC33-SegmentedRaftLog:OPENED:c0, conf=0: peers:[s3|rpc:localhost:44545|admin:localhost:42685|client:localhost:41947|dataStream:localhost:38359|priority:0|startupRole:FOLLOWER, s4|rpc:localhost:43959|admin:localhost:37675|client:localhost:41245|dataStream:localhost:36157|priority:0|startupRole:FOLLOWER, s0|rpc:localhost:41873|admin:localhost:39543|client:localhost:39921|dataStream:localhost:44273|priority:0|startupRole:FOLLOWER, s1|rpc:localhost:46783|admin:localhost:40179|client:localhost:41765|dataStream:localhost:44515|priority:0|startupRole:FOLLOWER, s2|rpc:localhost:35711|admin:localhost:42283|client:localhost:45049|dataStream:localhost:37547|priority:0|startupRole:FOLLOWER]|listeners:[], old=null
2023-03-21 03:38:24,172 [s2@group-858CCA1FFC33-FollowerState] INFO  impl.FollowerState (FollowerState.java:run(143)) - s2@group-858CCA1FFC33-FollowerState: change to CANDIDATE, lastRpcElapsedTime:214334059ns, electionTimeout:214ms
2023-03-21 03:38:24,172 [s2@group-858CCA1FFC33-FollowerState] INFO  impl.RoleInfo (RoleInfo.java:shutdownFollowerState(110)) - s2: shutdown s2@group-858CCA1FFC33-FollowerState
2023-03-21 03:38:24,172 [s2@group-858CCA1FFC33-FollowerState] INFO  server.RaftServer$Division (RaftServerImpl.java:setRole(329)) - s2@group-858CCA1FFC33: changes role from  FOLLOWER to CANDIDATE at term 1 for changeToCandidate
2023-03-21 03:38:24,172 [s2@group-858CCA1FFC33-FollowerState] INFO  server.RaftServerConfigKeys (ConfUtils.java:logGet(46)) - raft.server.leaderelection.pre-vote = true (default)
2023-03-21 03:38:24,172 [s2@group-858CCA1FFC33-FollowerState] INFO  impl.RoleInfo (RoleInfo.java:updateAndGet(139)) - s2: start s2@group-858CCA1FFC33-LeaderElection18
2023-03-21 03:38:24,174 [s2@group-858CCA1FFC33-LeaderElection18] INFO  server.RaftServer$Division (ServerState.java:setLeader(260)) - s2@group-858CCA1FFC33: change Leader from s3 to null at term 1 for PRE_VOTE
2023-03-21 03:38:24,174 [s2@group-858CCA1FFC33-LeaderElection18] INFO  impl.LeaderElection (LeaderElection.java:askForVotes(320)) - s2@group-858CCA1FFC33-LeaderElection18 PRE_VOTE round 0: submit vote requests at term 1 for 0: peers:[s3|rpc:localhost:44545|admin:localhost:42685|client:localhost:41947|dataStream:localhost:38359|priority:0|startupRole:FOLLOWER, s4|rpc:localhost:43959|admin:localhost:37675|client:localhost:41245|dataStream:localhost:36157|priority:0|startupRole:FOLLOWER, s0|rpc:localhost:41873|admin:localhost:39543|client:localhost:39921|dataStream:localhost:44273|priority:0|startupRole:FOLLOWER, s1|rpc:localhost:46783|admin:localhost:40179|client:localhost:41765|dataStream:localhost:44515|priority:0|startupRole:FOLLOWER, s2|rpc:localhost:35711|admin:localhost:42283|client:localhost:45049|dataStream:localhost:37547|priority:0|startupRole:FOLLOWER]|listeners:[], old=null
2023-03-21 03:38:24,184 [HandlerDaemon-2] INFO  server.RaftServer$Division (RaftServerImpl.java:setRole(329)) - s2@group-858CCA1FFC33: changes role from CANDIDATE to FOLLOWER at term 1 for appendEntries
2023-03-21 03:38:24,184 [HandlerDaemon-2] INFO  impl.RoleInfo (RoleInfo.java:shutdownLeaderElection(130)) - s2: shutdown s2@group-858CCA1FFC33-LeaderElection18
2023-03-21 03:38:24,184 [HandlerDaemon-2] INFO  impl.RoleInfo (RoleInfo.java:updateAndGet(139)) - s2: start s2@group-858CCA1FFC33-FollowerState
2023-03-21 03:38:24,184 [HandlerDaemon-2] INFO  server.RaftServer$Division (ServerState.java:setLeader(260)) - s2@group-858CCA1FFC33: change Leader from null to s3 at term 1 for appendEntries, leader elected after 9ms
2023-03-21 03:38:24,219 [Time-limited test] INFO  server.RaftServerConfigKeys (ConfUtils.java:logGet(46)) - raft.server.rpc.timeout.max = 300ms (default)
2023-03-21 03:38:24,231 [HandlerDaemon-2] INFO  server.RaftServer$Division (RaftServerImpl.java:requestVote(1299)) - s3@group-858CCA1FFC33: receive requestVote(PRE_VOTE, s1, group-858CCA1FFC33, 1, (t:1, i:0))
2023-03-21 03:38:24,231 [HandlerDaemon-2] INFO  impl.VoteContext (VoteContext.java:log(49)) - s3@group-858CCA1FFC33-LEADER: reject PRE_VOTE from s1: this server is the leader and still has leadership
2023-03-21 03:38:24,231 [HandlerDaemon-2] INFO  server.RaftServer$Division (RaftServerImpl.java:requestVote(1332)) - s3@group-858CCA1FFC33 replies to PRE_VOTE vote request: s1<-s3#0:FAIL-t1. Peer's state: s3@group-858CCA1FFC33:t1, leader=s3, voted=s3, raftlog=Memoized:s3@group-858CCA1FFC33-SegmentedRaftLog:OPENED:c0, conf=0: peers:[s3|rpc:localhost:44545|admin:localhost:42685|client:localhost:41947|dataStream:localhost:38359|priority:0|startupRole:FOLLOWER, s4|rpc:localhost:43959|admin:localhost:37675|client:localhost:41245|dataStream:localhost:36157|priority:0|startupRole:FOLLOWER, s0|rpc:localhost:41873|admin:localhost:39543|client:localhost:39921|dataStream:localhost:44273|priority:0|startupRole:FOLLOWER, s1|rpc:localhost:46783|admin:localhost:40179|client:localhost:41765|dataStream:localhost:44515|priority:0|startupRole:FOLLOWER, s2|rpc:localhost:35711|admin:localhost:42283|client:localhost:45049|dataStream:localhost:37547|priority:0|startupRole:FOLLOWER]|listeners:[], old=null
2023-03-21 03:38:24,231 [HandlerDaemon-1] INFO  server.RaftServer$Division (RaftServerImpl.java:requestVote(1299)) - s2@group-858CCA1FFC33: receive requestVote(PRE_VOTE, s1, group-858CCA1FFC33, 1, (t:1, i:0))
2023-03-21 03:38:24,232 [HandlerDaemon-2] INFO  server.RaftServer$Division (RaftServerImpl.java:requestVote(1299)) - s0@group-858CCA1FFC33: receive requestVote(PRE_VOTE, s1, group-858CCA1FFC33, 1, (t:1, i:0))
2023-03-21 03:38:24,232 [HandlerDaemon-2] INFO  impl.VoteContext (VoteContext.java:log(49)) - s0@group-858CCA1FFC33-FOLLOWER: reject PRE_VOTE from s1: this server is a follower and still has a valid leader s3
2023-03-21 03:38:24,232 [HandlerDaemon-2] INFO  server.RaftServer$Division (RaftServerImpl.java:requestVote(1332)) - s0@group-858CCA1FFC33 replies to PRE_VOTE vote request: s1<-s0#0:FAIL-t1. Peer's state: s0@group-858CCA1FFC33:t1, leader=s3, voted=s3, raftlog=Memoized:s0@group-858CCA1FFC33-SegmentedRaftLog:OPENED:c0, conf=0: peers:[s3|rpc:localhost:44545|admin:localhost:42685|client:localhost:41947|dataStream:localhost:38359|priority:0|startupRole:FOLLOWER, s4|rpc:localhost:43959|admin:localhost:37675|client:localhost:41245|dataStream:localhost:36157|priority:0|startupRole:FOLLOWER, s0|rpc:localhost:41873|admin:localhost:39543|client:localhost:39921|dataStream:localhost:44273|priority:0|startupRole:FOLLOWER, s1|rpc:localhost:46783|admin:localhost:40179|client:localhost:41765|dataStream:localhost:44515|priority:0|startupRole:FOLLOWER, s2|rpc:localhost:35711|admin:localhost:42283|client:localhost:45049|dataStream:localhost:37547|priority:0|startupRole:FOLLOWER]|listeners:[], old=null
2023-03-21 03:38:24,232 [HandlerDaemon-0] INFO  server.RaftServer$Division (RaftServerImpl.java:requestVote(1299)) - s4@group-858CCA1FFC33: receive requestVote(PRE_VOTE, s1, group-858CCA1FFC33, 1, (t:1, i:0))
2023-03-21 03:38:24,232 [HandlerDaemon-0] INFO  impl.VoteContext (VoteContext.java:log(49)) - s4@group-858CCA1FFC33-FOLLOWER: reject PRE_VOTE from s1: this server is a follower and still has a valid leader s3
2023-03-21 03:38:24,232 [HandlerDaemon-0] INFO  server.RaftServer$Division (RaftServerImpl.java:requestVote(1332)) - s4@group-858CCA1FFC33 replies to PRE_VOTE vote request: s1<-s4#0:FAIL-t1. Peer's state: s4@group-858CCA1FFC33:t1, leader=s3, voted=s3, raftlog=Memoized:s4@group-858CCA1FFC33-SegmentedRaftLog:OPENED:c0, conf=0: peers:[s3|rpc:localhost:44545|admin:localhost:42685|client:localhost:41947|dataStream:localhost:38359|priority:0|startupRole:FOLLOWER, s4|rpc:localhost:43959|admin:localhost:37675|client:localhost:41245|dataStream:localhost:36157|priority:0|startupRole:FOLLOWER, s0|rpc:localhost:41873|admin:localhost:39543|client:localhost:39921|dataStream:localhost:44273|priority:0|startupRole:FOLLOWER, s1|rpc:localhost:46783|admin:localhost:40179|client:localhost:41765|dataStream:localhost:44515|priority:0|startupRole:FOLLOWER, s2|rpc:localhost:35711|admin:localhost:42283|client:localhost:45049|dataStream:localhost:37547|priority:0|startupRole:FOLLOWER]|listeners:[], old=null
2023-03-21 03:38:24,232 [HandlerDaemon-1] INFO  impl.VoteContext (VoteContext.java:log(49)) - s2@group-858CCA1FFC33-FOLLOWER: reject PRE_VOTE from s1: this server is a follower and still has a valid leader s3
2023-03-21 03:38:24,233 [HandlerDaemon-1] INFO  server.RaftServer$Division (RaftServerImpl.java:requestVote(1332)) - s2@group-858CCA1FFC33 replies to PRE_VOTE vote request: s1<-s2#0:FAIL-t1. Peer's state: s2@group-858CCA1FFC33:t1, leader=s3, voted=s3, raftlog=Memoized:s2@group-858CCA1FFC33-SegmentedRaftLog:OPENED:c0, conf=0: peers:[s3|rpc:localhost:44545|admin:localhost:42685|client:localhost:41947|dataStream:localhost:38359|priority:0|startupRole:FOLLOWER, s4|rpc:localhost:43959|admin:localhost:37675|client:localhost:41245|dataStream:localhost:36157|priority:0|startupRole:FOLLOWER, s0|rpc:localhost:41873|admin:localhost:39543|client:localhost:39921|dataStream:localhost:44273|priority:0|startupRole:FOLLOWER, s1|rpc:localhost:46783|admin:localhost:40179|client:localhost:41765|dataStream:localhost:44515|priority:0|startupRole:FOLLOWER, s2|rpc:localhost:35711|admin:localhost:42283|client:localhost:45049|dataStream:localhost:37547|priority:0|startupRole:FOLLOWER]|listeners:[], old=null
2023-03-21 03:38:24,233 [s1@group-858CCA1FFC33-LeaderElection17] INFO  impl.LeaderElection (LeaderElection.java:logAndReturn(89)) - s1@group-858CCA1FFC33-LeaderElection17: PRE_VOTE REJECTED received 3 response(s) and 0 exception(s):
2023-03-21 03:38:24,233 [s1@group-858CCA1FFC33-LeaderElection17] INFO  impl.LeaderElection (LeaderElection.java:logAndReturn(93)) -   Response 0: s1<-s3#0:FAIL-t1
2023-03-21 03:38:24,233 [s1@group-858CCA1FFC33-LeaderElection17] INFO  impl.LeaderElection (LeaderElection.java:logAndReturn(93)) -   Response 1: s1<-s0#0:FAIL-t1
2023-03-21 03:38:24,233 [s1@group-858CCA1FFC33-LeaderElection17] INFO  impl.LeaderElection (LeaderElection.java:logAndReturn(93)) -   Response 2: s1<-s2#0:FAIL-t1
2023-03-21 03:38:24,233 [s1@group-858CCA1FFC33-LeaderElection17] INFO  impl.LeaderElection (LeaderElection.java:askForVotes(322)) - s1@group-858CCA1FFC33-LeaderElection17 PRE_VOTE round 0: result REJECTED
2023-03-21 03:38:24,233 [s1@group-858CCA1FFC33-LeaderElection17] INFO  server.RaftServer$Division (RaftServerImpl.java:setRole(329)) - s1@group-858CCA1FFC33: changes role from CANDIDATE to FOLLOWER at term 1 for REJECTED
2023-03-21 03:38:24,233 [s1@group-858CCA1FFC33-LeaderElection17] INFO  impl.RoleInfo (RoleInfo.java:shutdownLeaderElection(130)) - s1: shutdown s1@group-858CCA1FFC33-LeaderElection17
2023-03-21 03:38:24,233 [s1@group-858CCA1FFC33-LeaderElection17] INFO  impl.RoleInfo (RoleInfo.java:updateAndGet(139)) - s1: start s1@group-858CCA1FFC33-FollowerState
2023-03-21 03:38:24,242 [HandlerDaemon-1] INFO  server.RaftServer$Division (RaftServerImpl.java:requestVote(1299)) - s1@group-858CCA1FFC33: receive requestVote(PRE_VOTE, s2, group-858CCA1FFC33, 1, (t:1, i:0))
2023-03-21 03:38:24,242 [HandlerDaemon-1] INFO  impl.VoteContext (VoteContext.java:log(49)) - s1@group-858CCA1FFC33-FOLLOWER: accept PRE_VOTE from s2: our priority 0 <= candidate's priority 0
2023-03-21 03:38:24,243 [HandlerDaemon-1] INFO  server.RaftServer$Division (RaftServerImpl.java:requestVote(1332)) - s1@group-858CCA1FFC33 replies to PRE_VOTE vote request: s2<-s1#0:OK-t1. Peer's state: s1@group-858CCA1FFC33:t1, leader=null, voted=s3, raftlog=Memoized:s1@group-858CCA1FFC33-SegmentedRaftLog:OPENED:c0, conf=0: peers:[s3|rpc:localhost:44545|admin:localhost:42685|client:localhost:41947|dataStream:localhost:38359|priority:0|startupRole:FOLLOWER, s4|rpc:localhost:43959|admin:localhost:37675|client:localhost:41245|dataStream:localhost:36157|priority:0|startupRole:FOLLOWER, s0|rpc:localhost:41873|admin:localhost:39543|client:localhost:39921|dataStream:localhost:44273|priority:0|startupRole:FOLLOWER, s1|rpc:localhost:46783|admin:localhost:40179|client:localhost:41765|dataStream:localhost:44515|priority:0|startupRole:FOLLOWER, s2|rpc:localhost:35711|admin:localhost:42283|client:localhost:45049|dataStream:localhost:37547|priority:0|startupRole:FOLLOWER]|listeners:[], old=null
2023-03-21 03:38:24,325 [HandlerDaemon-0] INFO  server.RaftServer$Division (RaftServerImpl.java:requestVote(1299)) - s3@group-858CCA1FFC33: receive requestVote(PRE_VOTE, s2, group-858CCA1FFC33, 1, (t:1, i:0))
2023-03-21 03:38:24,325 [HandlerDaemon-0] INFO  impl.VoteContext (VoteContext.java:log(49)) - s3@group-858CCA1FFC33-LEADER: reject PRE_VOTE from s2: this server is the leader and still has leadership
2023-03-21 03:38:24,325 [HandlerDaemon-0] INFO  server.RaftServer$Division (RaftServerImpl.java:requestVote(1332)) - s3@group-858CCA1FFC33 replies to PRE_VOTE vote request: s2<-s3#0:FAIL-t1. Peer's state: s3@group-858CCA1FFC33:t1, leader=s3, voted=s3, raftlog=Memoized:s3@group-858CCA1FFC33-SegmentedRaftLog:OPENED:c0, conf=0: peers:[s3|rpc:localhost:44545|admin:localhost:42685|client:localhost:41947|dataStream:localhost:38359|priority:0|startupRole:FOLLOWER, s4|rpc:localhost:43959|admin:localhost:37675|client:localhost:41245|dataStream:localhost:36157|priority:0|startupRole:FOLLOWER, s0|rpc:localhost:41873|admin:localhost:39543|client:localhost:39921|dataStream:localhost:44273|priority:0|startupRole:FOLLOWER, s1|rpc:localhost:46783|admin:localhost:40179|client:localhost:41765|dataStream:localhost:44515|priority:0|startupRole:FOLLOWER, s2|rpc:localhost:35711|admin:localhost:42283|client:localhost:45049|dataStream:localhost:37547|priority:0|startupRole:FOLLOWER]|listeners:[], old=null
2023-03-21 03:38:24,325 [HandlerDaemon-2] INFO  server.RaftServer$Division (RaftServerImpl.java:requestVote(1299)) - s4@group-858CCA1FFC33: receive requestVote(PRE_VOTE, s2, group-858CCA1FFC33, 1, (t:1, i:0))
2023-03-21 03:38:24,326 [s2@group-858CCA1FFC33-LeaderElection18] INFO  impl.LeaderElection (LeaderElection.java:logAndReturn(89)) - s2@group-858CCA1FFC33-LeaderElection18: PRE_VOTE REJECTED received 1 response(s) and 0 exception(s):
2023-03-21 03:38:24,326 [s2@group-858CCA1FFC33-LeaderElection18] INFO  impl.LeaderElection (LeaderElection.java:logAndReturn(93)) -   Response 0: s2<-s3#0:FAIL-t1
2023-03-21 03:38:24,326 [s2@group-858CCA1FFC33-LeaderElection18] INFO  impl.LeaderElection (LeaderElection.java:askForVotes(322)) - s2@group-858CCA1FFC33-LeaderElection18 PRE_VOTE round 0: result REJECTED
2023-03-21 03:38:24,326 [HandlerDaemon-2] INFO  impl.VoteContext (VoteContext.java:log(49)) - s4@group-858CCA1FFC33-FOLLOWER: reject PRE_VOTE from s2: this server is a follower and still has a valid leader s3
2023-03-21 03:38:24,326 [HandlerDaemon-2] INFO  server.RaftServer$Division (RaftServerImpl.java:requestVote(1332)) - s4@group-858CCA1FFC33 replies to PRE_VOTE vote request: s2<-s4#0:FAIL-t1. Peer's state: s4@group-858CCA1FFC33:t1, leader=s3, voted=s3, raftlog=Memoized:s4@group-858CCA1FFC33-SegmentedRaftLog:OPENED:c0, conf=0: peers:[s3|rpc:localhost:44545|admin:localhost:42685|client:localhost:41947|dataStream:localhost:38359|priority:0|startupRole:FOLLOWER, s4|rpc:localhost:43959|admin:localhost:37675|client:localhost:41245|dataStream:localhost:36157|priority:0|startupRole:FOLLOWER, s0|rpc:localhost:41873|admin:localhost:39543|client:localhost:39921|dataStream:localhost:44273|priority:0|startupRole:FOLLOWER, s1|rpc:localhost:46783|admin:localhost:40179|client:localhost:41765|dataStream:localhost:44515|priority:0|startupRole:FOLLOWER, s2|rpc:localhost:35711|admin:localhost:42283|client:localhost:45049|dataStream:localhost:37547|priority:0|startupRole:FOLLOWER]|listeners:[], old=null
2023-03-21 03:38:24,327 [HandlerDaemon-0] INFO  server.RaftServer$Division (RaftServerImpl.java:requestVote(1299)) - s0@group-858CCA1FFC33: receive requestVote(PRE_VOTE, s2, group-858CCA1FFC33, 1, (t:1, i:0))
2023-03-21 03:38:24,327 [HandlerDaemon-0] INFO  impl.VoteContext (VoteContext.java:log(49)) - s0@group-858CCA1FFC33-FOLLOWER: reject PRE_VOTE from s2: this server is a follower and still has a valid leader s3
2023-03-21 03:38:24,327 [HandlerDaemon-0] INFO  server.RaftServer$Division (RaftServerImpl.java:requestVote(1332)) - s0@group-858CCA1FFC33 replies to PRE_VOTE vote request: s2<-s0#0:FAIL-t1. Peer's state: s0@group-858CCA1FFC33:t1, leader=s3, voted=s3, raftlog=Memoized:s0@group-858CCA1FFC33-SegmentedRaftLog:OPENED:c0, conf=0: peers:[s3|rpc:localhost:44545|admin:localhost:42685|client:localhost:41947|dataStream:localhost:38359|priority:0|startupRole:FOLLOWER, s4|rpc:localhost:43959|admin:localhost:37675|client:localhost:41245|dataStream:localhost:36157|priority:0|startupRole:FOLLOWER, s0|rpc:localhost:41873|admin:localhost:39543|client:localhost:39921|dataStream:localhost:44273|priority:0|startupRole:FOLLOWER, s1|rpc:localhost:46783|admin:localhost:40179|client:localhost:41765|dataStream:localhost:44515|priority:0|startupRole:FOLLOWER, s2|rpc:localhost:35711|admin:localhost:42283|client:localhost:45049|dataStream:localhost:37547|priority:0|startupRole:FOLLOWER]|listeners:[], old=null
2023-03-21 03:38:24,386 [HandlerDaemon-2] INFO  server.RaftServer$Division (ServerState.java:setLeader(260)) - s1@group-858CCA1FFC33: change Leader from null to s3 at term 1 for appendEntries, leader elected after 306ms
2023-03-21 03:38:24,477 [HandlerDaemon-1] INFO  server.RaftServer$Division (RaftServerImpl.java:requestVote(1299)) - s1@group-858CCA1FFC33: receive requestVote(PRE_VOTE, s2, group-858CCA1FFC33, 1, (t:1, i:0))
2023-03-21 03:38:24,477 [HandlerDaemon-1] INFO  impl.VoteContext (VoteContext.java:log(49)) - s1@group-858CCA1FFC33-FOLLOWER: reject PRE_VOTE from s2: this server is a follower and still has a valid leader s3
2023-03-21 03:38:24,477 [HandlerDaemon-1] INFO  server.RaftServer$Division (RaftServerImpl.java:requestVote(1332)) - s1@group-858CCA1FFC33 replies to PRE_VOTE vote request: s2<-s1#0:FAIL-t1. Peer's state: s1@group-858CCA1FFC33:t1, leader=s3, voted=s3, raftlog=Memoized:s1@group-858CCA1FFC33-SegmentedRaftLog:OPENED:c0, conf=0: peers:[s3|rpc:localhost:44545|admin:localhost:42685|client:localhost:41947|dataStream:localhost:38359|priority:0|startupRole:FOLLOWER, s4|rpc:localhost:43959|admin:localhost:37675|client:localhost:41245|dataStream:localhost:36157|priority:0|startupRole:FOLLOWER, s0|rpc:localhost:41873|admin:localhost:39543|client:localhost:39921|dataStream:localhost:44273|priority:0|startupRole:FOLLOWER, s1|rpc:localhost:46783|admin:localhost:40179|client:localhost:41765|dataStream:localhost:44515|priority:0|startupRole:FOLLOWER, s2|rpc:localhost:35711|admin:localhost:42283|client:localhost:45049|dataStream:localhost:37547|priority:0|startupRole:FOLLOWER]|listeners:[], old=null
2023-03-21 03:38:24,670 [Time-limited test] INFO  simulation.TestLeaderElectionWithSimulatedRpc (LeaderElectionTests.java:enforceLeader(318)) - try enforcing leader to s1 but new leader is s3
2023-03-21 03:38:24,671 [Time-limited test] INFO  server.RaftServerConfigKeys (ConfUtils.java:logGet(46)) - raft.server.rpc.timeout.max = 300ms (default)
2023-03-21 03:38:24,810 [s1@group-858CCA1FFC33-FollowerState] INFO  impl.FollowerState (FollowerState.java:run(143)) - s1@group-858CCA1FFC33-FollowerState: change to CANDIDATE, lastRpcElapsedTime:196275114ns, electionTimeout:178ms
2023-03-21 03:38:24,810 [s1@group-858CCA1FFC33-FollowerState] INFO  impl.RoleInfo (RoleInfo.java:shutdownFollowerState(110)) - s1: shutdown s1@group-858CCA1FFC33-FollowerState
2023-03-21 03:38:24,811 [s1@group-858CCA1FFC33-FollowerState] INFO  server.RaftServer$Division (RaftServerImpl.java:setRole(329)) - s1@group-858CCA1FFC33: changes role from  FOLLOWER to CANDIDATE at term 1 for changeToCandidate
2023-03-21 03:38:24,811 [s1@group-858CCA1FFC33-FollowerState] INFO  server.RaftServerConfigKeys (ConfUtils.java:logGet(46)) - raft.server.leaderelection.pre-vote = true (default)
2023-03-21 03:38:24,811 [s1@group-858CCA1FFC33-FollowerState] INFO  impl.RoleInfo (RoleInfo.java:updateAndGet(139)) - s1: start s1@group-858CCA1FFC33-LeaderElection19
2023-03-21 03:38:24,815 [s1@group-858CCA1FFC33-LeaderElection19] INFO  server.RaftServer$Division (ServerState.java:setLeader(260)) - s1@group-858CCA1FFC33: change Leader from s3 to null at term 1 for PRE_VOTE
2023-03-21 03:38:24,815 [s1@group-858CCA1FFC33-LeaderElection19] INFO  impl.LeaderElection (LeaderElection.java:askForVotes(320)) - s1@group-858CCA1FFC33-LeaderElection19 PRE_VOTE round 0: submit vote requests at term 1 for 0: peers:[s3|rpc:localhost:44545|admin:localhost:42685|client:localhost:41947|dataStream:localhost:38359|priority:0|startupRole:FOLLOWER, s4|rpc:localhost:43959|admin:localhost:37675|client:localhost:41245|dataStream:localhost:36157|priority:0|startupRole:FOLLOWER, s0|rpc:localhost:41873|admin:localhost:39543|client:localhost:39921|dataStream:localhost:44273|priority:0|startupRole:FOLLOWER, s1|rpc:localhost:46783|admin:localhost:40179|client:localhost:41765|dataStream:localhost:44515|priority:0|startupRole:FOLLOWER, s2|rpc:localhost:35711|admin:localhost:42283|client:localhost:45049|dataStream:localhost:37547|priority:0|startupRole:FOLLOWER]|listeners:[], old=null
2023-03-21 03:38:24,966 [HandlerDaemon-2] INFO  server.RaftServer$Division (RaftServerImpl.java:requestVote(1299)) - s4@group-858CCA1FFC33: receive requestVote(PRE_VOTE, s1, group-858CCA1FFC33, 1, (t:1, i:0))
2023-03-21 03:38:24,966 [HandlerDaemon-2] INFO  impl.VoteContext (VoteContext.java:log(49)) - s4@group-858CCA1FFC33-FOLLOWER: reject PRE_VOTE from s1: this server is a follower and still has a valid leader s3
2023-03-21 03:38:24,966 [HandlerDaemon-2] INFO  server.RaftServer$Division (RaftServerImpl.java:requestVote(1299)) - s0@group-858CCA1FFC33: receive requestVote(PRE_VOTE, s1, group-858CCA1FFC33, 1, (t:1, i:0))
2023-03-21 03:38:24,966 [HandlerDaemon-2] INFO  impl.VoteContext (VoteContext.java:log(49)) - s0@group-858CCA1FFC33-FOLLOWER: reject PRE_VOTE from s1: this server is a follower and still has a valid leader s3
2023-03-21 03:38:24,966 [HandlerDaemon-1] INFO  server.RaftServer$Division (RaftServerImpl.java:requestVote(1299)) - s3@group-858CCA1FFC33: receive requestVote(PRE_VOTE, s1, group-858CCA1FFC33, 1, (t:1, i:0))
2023-03-21 03:38:24,967 [HandlerDaemon-2] INFO  server.RaftServer$Division (RaftServerImpl.java:requestVote(1332)) - s0@group-858CCA1FFC33 replies to PRE_VOTE vote request: s1<-s0#0:FAIL-t1. Peer's state: s0@group-858CCA1FFC33:t1, leader=s3, voted=s3, raftlog=Memoized:s0@group-858CCA1FFC33-SegmentedRaftLog:OPENED:c0, conf=0: peers:[s3|rpc:localhost:44545|admin:localhost:42685|client:localhost:41947|dataStream:localhost:38359|priority:0|startupRole:FOLLOWER, s4|rpc:localhost:43959|admin:localhost:37675|client:localhost:41245|dataStream:localhost:36157|priority:0|startupRole:FOLLOWER, s0|rpc:localhost:41873|admin:localhost:39543|client:localhost:39921|dataStream:localhost:44273|priority:0|startupRole:FOLLOWER, s1|rpc:localhost:46783|admin:localhost:40179|client:localhost:41765|dataStream:localhost:44515|priority:0|startupRole:FOLLOWER, s2|rpc:localhost:35711|admin:localhost:42283|client:localhost:45049|dataStream:localhost:37547|priority:0|startupRole:FOLLOWER]|listeners:[], old=null
2023-03-21 03:38:24,967 [HandlerDaemon-1] INFO  impl.VoteContext (VoteContext.java:log(49)) - s3@group-858CCA1FFC33-LEADER: reject PRE_VOTE from s1: this server is the leader and still has leadership
2023-03-21 03:38:24,967 [HandlerDaemon-1] INFO  server.RaftServer$Division (RaftServerImpl.java:requestVote(1332)) - s3@group-858CCA1FFC33 replies to PRE_VOTE vote request: s1<-s3#0:FAIL-t1. Peer's state: s3@group-858CCA1FFC33:t1, leader=s3, voted=s3, raftlog=Memoized:s3@group-858CCA1FFC33-SegmentedRaftLog:OPENED:c0, conf=0: peers:[s3|rpc:localhost:44545|admin:localhost:42685|client:localhost:41947|dataStream:localhost:38359|priority:0|startupRole:FOLLOWER, s4|rpc:localhost:43959|admin:localhost:37675|client:localhost:41245|dataStream:localhost:36157|priority:0|startupRole:FOLLOWER, s0|rpc:localhost:41873|admin:localhost:39543|client:localhost:39921|dataStream:localhost:44273|priority:0|startupRole:FOLLOWER, s1|rpc:localhost:46783|admin:localhost:40179|client:localhost:41765|dataStream:localhost:44515|priority:0|startupRole:FOLLOWER, s2|rpc:localhost:35711|admin:localhost:42283|client:localhost:45049|dataStream:localhost:37547|priority:0|startupRole:FOLLOWER]|listeners:[], old=null
2023-03-21 03:38:24,966 [HandlerDaemon-2] INFO  server.RaftServer$Division (RaftServerImpl.java:requestVote(1332)) - s4@group-858CCA1FFC33 replies to PRE_VOTE vote request: s1<-s4#0:FAIL-t1. Peer's state: s4@group-858CCA1FFC33:t1, leader=s3, voted=s3, raftlog=Memoized:s4@group-858CCA1FFC33-SegmentedRaftLog:OPENED:c0, conf=0: peers:[s3|rpc:localhost:44545|admin:localhost:42685|client:localhost:41947|dataStream:localhost:38359|priority:0|startupRole:FOLLOWER, s4|rpc:localhost:43959|admin:localhost:37675|client:localhost:41245|dataStream:localhost:36157|priority:0|startupRole:FOLLOWER, s0|rpc:localhost:41873|admin:localhost:39543|client:localhost:39921|dataStream:localhost:44273|priority:0|startupRole:FOLLOWER, s1|rpc:localhost:46783|admin:localhost:40179|client:localhost:41765|dataStream:localhost:44515|priority:0|startupRole:FOLLOWER, s2|rpc:localhost:35711|admin:localhost:42283|client:localhost:45049|dataStream:localhost:37547|priority:0|startupRole:FOLLOWER]|listeners:[], old=null
2023-03-21 03:38:24,967 [s1@group-858CCA1FFC33-LeaderElection19] INFO  impl.LeaderElection (LeaderElection.java:logAndReturn(89)) - s1@group-858CCA1FFC33-LeaderElection19: PRE_VOTE REJECTED received 3 response(s) and 0 exception(s):
2023-03-21 03:38:24,968 [s1@group-858CCA1FFC33-LeaderElection19] INFO  impl.LeaderElection (LeaderElection.java:logAndReturn(93)) -   Response 0: s1<-s3#0:FAIL-t1
2023-03-21 03:38:24,968 [s1@group-858CCA1FFC33-LeaderElection19] INFO  impl.LeaderElection (LeaderElection.java:logAndReturn(93)) -   Response 1: s1<-s4#0:FAIL-t1
2023-03-21 03:38:24,968 [s1@group-858CCA1FFC33-LeaderElection19] INFO  impl.LeaderElection (LeaderElection.java:logAndReturn(93)) -   Response 2: s1<-s0#0:FAIL-t1
2023-03-21 03:38:24,968 [HandlerDaemon-2] INFO  server.RaftServer$Division (RaftServerImpl.java:requestVote(1299)) - s2@group-858CCA1FFC33: receive requestVote(PRE_VOTE, s1, group-858CCA1FFC33, 1, (t:1, i:0))
2023-03-21 03:38:24,968 [HandlerDaemon-2] INFO  impl.VoteContext (VoteContext.java:log(49)) - s2@group-858CCA1FFC33-FOLLOWER: reject PRE_VOTE from s1: this server is a follower and still has a valid leader s3
2023-03-21 03:38:24,968 [HandlerDaemon-2] INFO  server.RaftServer$Division (RaftServerImpl.java:requestVote(1332)) - s2@group-858CCA1FFC33 replies to PRE_VOTE vote request: s1<-s2#0:FAIL-t1. Peer's state: s2@group-858CCA1FFC33:t1, leader=s3, voted=s3, raftlog=Memoized:s2@group-858CCA1FFC33-SegmentedRaftLog:OPENED:c0, conf=0: peers:[s3|rpc:localhost:44545|admin:localhost:42685|client:localhost:41947|dataStream:localhost:38359|priority:0|startupRole:FOLLOWER, s4|rpc:localhost:43959|admin:localhost:37675|client:localhost:41245|dataStream:localhost:36157|priority:0|startupRole:FOLLOWER, s0|rpc:localhost:41873|admin:localhost:39543|client:localhost:39921|dataStream:localhost:44273|priority:0|startupRole:FOLLOWER, s1|rpc:localhost:46783|admin:localhost:40179|client:localhost:41765|dataStream:localhost:44515|priority:0|startupRole:FOLLOWER, s2|rpc:localhost:35711|admin:localhost:42283|client:localhost:45049|dataStream:localhost:37547|priority:0|startupRole:FOLLOWER]|listeners:[], old=null
2023-03-21 03:38:24,968 [s1@group-858CCA1FFC33-LeaderElection19] INFO  impl.LeaderElection (LeaderElection.java:askForVotes(322)) - s1@group-858CCA1FFC33-LeaderElection19 PRE_VOTE round 0: result REJECTED
2023-03-21 03:38:24,968 [s1@group-858CCA1FFC33-LeaderElection19] INFO  server.RaftServer$Division (RaftServerImpl.java:setRole(329)) - s1@group-858CCA1FFC33: changes role from CANDIDATE to FOLLOWER at term 1 for REJECTED
2023-03-21 03:38:24,968 [s1@group-858CCA1FFC33-LeaderElection19] INFO  impl.RoleInfo (RoleInfo.java:shutdownLeaderElection(130)) - s1: shutdown s1@group-858CCA1FFC33-LeaderElection19
2023-03-21 03:38:24,969 [s1@group-858CCA1FFC33-LeaderElection19] INFO  impl.RoleInfo (RoleInfo.java:updateAndGet(139)) - s1: start s1@group-858CCA1FFC33-FollowerState
2023-03-21 03:38:25,121 [Time-limited test] INFO  server.RaftServerConfigKeys (ConfUtils.java:logGet(46)) - raft.server.rpc.timeout.max = 300ms (default)
2023-03-21 03:38:25,249 [s1@group-858CCA1FFC33-FollowerState] INFO  impl.FollowerState (FollowerState.java:run(143)) - s1@group-858CCA1FFC33-FollowerState: change to CANDIDATE, lastRpcElapsedTime:280118626ns, electionTimeout:279ms
2023-03-21 03:38:25,249 [s1@group-858CCA1FFC33-FollowerState] INFO  impl.RoleInfo (RoleInfo.java:shutdownFollowerState(110)) - s1: shutdown s1@group-858CCA1FFC33-FollowerState
2023-03-21 03:38:25,249 [s1@group-858CCA1FFC33-FollowerState] INFO  server.RaftServer$Division (RaftServerImpl.java:setRole(329)) - s1@group-858CCA1FFC33: changes role from  FOLLOWER to CANDIDATE at term 1 for changeToCandidate
2023-03-21 03:38:25,249 [s1@group-858CCA1FFC33-FollowerState] INFO  server.RaftServerConfigKeys (ConfUtils.java:logGet(46)) - raft.server.leaderelection.pre-vote = true (default)
2023-03-21 03:38:25,249 [s1@group-858CCA1FFC33-FollowerState] INFO  impl.RoleInfo (RoleInfo.java:updateAndGet(139)) - s1: start s1@group-858CCA1FFC33-LeaderElection20
2023-03-21 03:38:25,250 [s1@group-858CCA1FFC33-LeaderElection20] INFO  impl.LeaderElection (LeaderElection.java:askForVotes(320)) - s1@group-858CCA1FFC33-LeaderElection20 PRE_VOTE round 0: submit vote requests at term 1 for 0: peers:[s3|rpc:localhost:44545|admin:localhost:42685|client:localhost:41947|dataStream:localhost:38359|priority:0|startupRole:FOLLOWER, s4|rpc:localhost:43959|admin:localhost:37675|client:localhost:41245|dataStream:localhost:36157|priority:0|startupRole:FOLLOWER, s0|rpc:localhost:41873|admin:localhost:39543|client:localhost:39921|dataStream:localhost:44273|priority:0|startupRole:FOLLOWER, s1|rpc:localhost:46783|admin:localhost:40179|client:localhost:41765|dataStream:localhost:44515|priority:0|startupRole:FOLLOWER, s2|rpc:localhost:35711|admin:localhost:42283|client:localhost:45049|dataStream:localhost:37547|priority:0|startupRole:FOLLOWER]|listeners:[], old=null
2023-03-21 03:38:25,251 [HandlerDaemon-2] INFO  server.RaftServer$Division (RaftServerImpl.java:requestVote(1299)) - s3@group-858CCA1FFC33: receive requestVote(PRE_VOTE, s1, group-858CCA1FFC33, 1, (t:1, i:0))
2023-03-21 03:38:25,251 [HandlerDaemon-2] INFO  impl.VoteContext (VoteContext.java:log(49)) - s3@group-858CCA1FFC33-LEADER: reject PRE_VOTE from s1: this server is the leader and still has leadership
2023-03-21 03:38:25,251 [HandlerDaemon-2] INFO  server.RaftServer$Division (RaftServerImpl.java:requestVote(1332)) - s3@group-858CCA1FFC33 replies to PRE_VOTE vote request: s1<-s3#0:FAIL-t1. Peer's state: s3@group-858CCA1FFC33:t1, leader=s3, voted=s3, raftlog=Memoized:s3@group-858CCA1FFC33-SegmentedRaftLog:OPENED:c0, conf=0: peers:[s3|rpc:localhost:44545|admin:localhost:42685|client:localhost:41947|dataStream:localhost:38359|priority:0|startupRole:FOLLOWER, s4|rpc:localhost:43959|admin:localhost:37675|client:localhost:41245|dataStream:localhost:36157|priority:0|startupRole:FOLLOWER, s0|rpc:localhost:41873|admin:localhost:39543|client:localhost:39921|dataStream:localhost:44273|priority:0|startupRole:FOLLOWER, s1|rpc:localhost:46783|admin:localhost:40179|client:localhost:41765|dataStream:localhost:44515|priority:0|startupRole:FOLLOWER, s2|rpc:localhost:35711|admin:localhost:42283|client:localhost:45049|dataStream:localhost:37547|priority:0|startupRole:FOLLOWER]|listeners:[], old=null
2023-03-21 03:38:25,251 [HandlerDaemon-1] INFO  server.RaftServer$Division (RaftServerImpl.java:requestVote(1299)) - s0@group-858CCA1FFC33: receive requestVote(PRE_VOTE, s1, group-858CCA1FFC33, 1, (t:1, i:0))
2023-03-21 03:38:25,251 [HandlerDaemon-1] INFO  server.RaftServer$Division (RaftServerImpl.java:requestVote(1299)) - s4@group-858CCA1FFC33: receive requestVote(PRE_VOTE, s1, group-858CCA1FFC33, 1, (t:1, i:0))
2023-03-21 03:38:25,251 [HandlerDaemon-1] INFO  impl.VoteContext (VoteContext.java:log(49)) - s0@group-858CCA1FFC33-FOLLOWER: reject PRE_VOTE from s1: this server is a follower and still has a valid leader s3
2023-03-21 03:38:25,251 [HandlerDaemon-1] INFO  server.RaftServer$Division (RaftServerImpl.java:requestVote(1332)) - s0@group-858CCA1FFC33 replies to PRE_VOTE vote request: s1<-s0#0:FAIL-t1. Peer's state: s0@group-858CCA1FFC33:t1, leader=s3, voted=s3, raftlog=Memoized:s0@group-858CCA1FFC33-SegmentedRaftLog:OPENED:c0, conf=0: peers:[s3|rpc:localhost:44545|admin:localhost:42685|client:localhost:41947|dataStream:localhost:38359|priority:0|startupRole:FOLLOWER, s4|rpc:localhost:43959|admin:localhost:37675|client:localhost:41245|dataStream:localhost:36157|priority:0|startupRole:FOLLOWER, s0|rpc:localhost:41873|admin:localhost:39543|client:localhost:39921|dataStream:localhost:44273|priority:0|startupRole:FOLLOWER, s1|rpc:localhost:46783|admin:localhost:40179|client:localhost:41765|dataStream:localhost:44515|priority:0|startupRole:FOLLOWER, s2|rpc:localhost:35711|admin:localhost:42283|client:localhost:45049|dataStream:localhost:37547|priority:0|startupRole:FOLLOWER]|listeners:[], old=null
2023-03-21 03:38:25,252 [HandlerDaemon-1] INFO  server.RaftServer$Division (RaftServerImpl.java:requestVote(1299)) - s2@group-858CCA1FFC33: receive requestVote(PRE_VOTE, s1, group-858CCA1FFC33, 1, (t:1, i:0))
2023-03-21 03:38:25,252 [HandlerDaemon-1] INFO  impl.VoteContext (VoteContext.java:log(49)) - s2@group-858CCA1FFC33-FOLLOWER: reject PRE_VOTE from s1: this server is a follower and still has a valid leader s3
2023-03-21 03:38:25,251 [HandlerDaemon-1] INFO  impl.VoteContext (VoteContext.java:log(49)) - s4@group-858CCA1FFC33-FOLLOWER: reject PRE_VOTE from s1: this server is a follower and still has a valid leader s3
2023-03-21 03:38:25,252 [HandlerDaemon-1] INFO  server.RaftServer$Division (RaftServerImpl.java:requestVote(1332)) - s4@group-858CCA1FFC33 replies to PRE_VOTE vote request: s1<-s4#0:FAIL-t1. Peer's state: s4@group-858CCA1FFC33:t1, leader=s3, voted=s3, raftlog=Memoized:s4@group-858CCA1FFC33-SegmentedRaftLog:OPENED:c0, conf=0: peers:[s3|rpc:localhost:44545|admin:localhost:42685|client:localhost:41947|dataStream:localhost:38359|priority:0|startupRole:FOLLOWER, s4|rpc:localhost:43959|admin:localhost:37675|client:localhost:41245|dataStream:localhost:36157|priority:0|startupRole:FOLLOWER, s0|rpc:localhost:41873|admin:localhost:39543|client:localhost:39921|dataStream:localhost:44273|priority:0|startupRole:FOLLOWER, s1|rpc:localhost:46783|admin:localhost:40179|client:localhost:41765|dataStream:localhost:44515|priority:0|startupRole:FOLLOWER, s2|rpc:localhost:35711|admin:localhost:42283|client:localhost:45049|dataStream:localhost:37547|priority:0|startupRole:FOLLOWER]|listeners:[], old=null
2023-03-21 03:38:25,252 [HandlerDaemon-1] INFO  server.RaftServer$Division (RaftServerImpl.java:requestVote(1332)) - s2@group-858CCA1FFC33 replies to PRE_VOTE vote request: s1<-s2#0:FAIL-t1. Peer's state: s2@group-858CCA1FFC33:t1, leader=s3, voted=s3, raftlog=Memoized:s2@group-858CCA1FFC33-SegmentedRaftLog:OPENED:c0, conf=0: peers:[s3|rpc:localhost:44545|admin:localhost:42685|client:localhost:41947|dataStream:localhost:38359|priority:0|startupRole:FOLLOWER, s4|rpc:localhost:43959|admin:localhost:37675|client:localhost:41245|dataStream:localhost:36157|priority:0|startupRole:FOLLOWER, s0|rpc:localhost:41873|admin:localhost:39543|client:localhost:39921|dataStream:localhost:44273|priority:0|startupRole:FOLLOWER, s1|rpc:localhost:46783|admin:localhost:40179|client:localhost:41765|dataStream:localhost:44515|priority:0|startupRole:FOLLOWER, s2|rpc:localhost:35711|admin:localhost:42283|client:localhost:45049|dataStream:localhost:37547|priority:0|startupRole:FOLLOWER]|listeners:[], old=null
2023-03-21 03:38:25,252 [s1@group-858CCA1FFC33-LeaderElection20] INFO  impl.LeaderElection (LeaderElection.java:logAndReturn(89)) - s1@group-858CCA1FFC33-LeaderElection20: PRE_VOTE REJECTED received 3 response(s) and 0 exception(s):
2023-03-21 03:38:25,252 [s1@group-858CCA1FFC33-LeaderElection20] INFO  impl.LeaderElection (LeaderElection.java:logAndReturn(93)) -   Response 0: s1<-s3#0:FAIL-t1
2023-03-21 03:38:25,252 [s1@group-858CCA1FFC33-LeaderElection20] INFO  impl.LeaderElection (LeaderElection.java:logAndReturn(93)) -   Response 1: s1<-s4#0:FAIL-t1
2023-03-21 03:38:25,252 [s1@group-858CCA1FFC33-LeaderElection20] INFO  impl.LeaderElection (LeaderElection.java:logAndReturn(93)) -   Response 2: s1<-s0#0:FAIL-t1
2023-03-21 03:38:25,252 [s1@group-858CCA1FFC33-LeaderElection20] INFO  impl.LeaderElection (LeaderElection.java:askForVotes(322)) - s1@group-858CCA1FFC33-LeaderElection20 PRE_VOTE round 0: result REJECTED
2023-03-21 03:38:25,252 [s1@group-858CCA1FFC33-LeaderElection20] INFO  server.RaftServer$Division (RaftServerImpl.java:setRole(329)) - s1@group-858CCA1FFC33: changes role from CANDIDATE to FOLLOWER at term 1 for REJECTED
2023-03-21 03:38:25,252 [s1@group-858CCA1FFC33-LeaderElection20] INFO  impl.RoleInfo (RoleInfo.java:shutdownLeaderElection(130)) - s1: shutdown s1@group-858CCA1FFC33-LeaderElection20
2023-03-21 03:38:25,252 [s1@group-858CCA1FFC33-LeaderElection20] INFO  impl.RoleInfo (RoleInfo.java:updateAndGet(139)) - s1: start s1@group-858CCA1FFC33-FollowerState
2023-03-21 03:38:25,290 [HandlerDaemon-1] INFO  server.RaftServer$Division (ServerState.java:setLeader(260)) - s1@group-858CCA1FFC33: change Leader from null to s3 at term 1 for appendEntries, leader elected after 475ms
2023-03-21 03:38:25,572 [Time-limited test] INFO  simulation.TestLeaderElectionWithSimulatedRpc (LeaderElectionTests.java:enforceLeader(318)) - try enforcing leader to s1 but new leader is s3
2023-03-21 03:38:25,572 [Time-limited test] INFO  server.RaftServerConfigKeys (ConfUtils.java:logGet(46)) - raft.server.rpc.timeout.max = 300ms (default)
2023-03-21 03:38:25,930 [s1@group-858CCA1FFC33-FollowerState] INFO  impl.FollowerState (FollowerState.java:run(143)) - s1@group-858CCA1FFC33-FollowerState: change to CANDIDATE, lastRpcElapsedTime:411943581ns, electionTimeout:231ms
2023-03-21 03:38:25,930 [s1@group-858CCA1FFC33-FollowerState] INFO  impl.RoleInfo (RoleInfo.java:shutdownFollowerState(110)) - s1: shutdown s1@group-858CCA1FFC33-FollowerState
2023-03-21 03:38:25,930 [s1@group-858CCA1FFC33-FollowerState] INFO  server.RaftServer$Division (RaftServerImpl.java:setRole(329)) - s1@group-858CCA1FFC33: changes role from  FOLLOWER to CANDIDATE at term 1 for changeToCandidate
2023-03-21 03:38:25,930 [s1@group-858CCA1FFC33-FollowerState] INFO  server.RaftServerConfigKeys (ConfUtils.java:logGet(46)) - raft.server.leaderelection.pre-vote = true (default)
2023-03-21 03:38:25,930 [s1@group-858CCA1FFC33-FollowerState] INFO  impl.RoleInfo (RoleInfo.java:updateAndGet(139)) - s1: start s1@group-858CCA1FFC33-LeaderElection21
2023-03-21 03:38:25,931 [s1@group-858CCA1FFC33-LeaderElection21] INFO  server.RaftServer$Division (ServerState.java:setLeader(260)) - s1@group-858CCA1FFC33: change Leader from s3 to null at term 1 for PRE_VOTE
2023-03-21 03:38:25,931 [s1@group-858CCA1FFC33-LeaderElection21] INFO  impl.LeaderElection (LeaderElection.java:askForVotes(320)) - s1@group-858CCA1FFC33-LeaderElection21 PRE_VOTE round 0: submit vote requests at term 1 for 0: peers:[s3|rpc:localhost:44545|admin:localhost:42685|client:localhost:41947|dataStream:localhost:38359|priority:0|startupRole:FOLLOWER, s4|rpc:localhost:43959|admin:localhost:37675|client:localhost:41245|dataStream:localhost:36157|priority:0|startupRole:FOLLOWER, s0|rpc:localhost:41873|admin:localhost:39543|client:localhost:39921|dataStream:localhost:44273|priority:0|startupRole:FOLLOWER, s1|rpc:localhost:46783|admin:localhost:40179|client:localhost:41765|dataStream:localhost:44515|priority:0|startupRole:FOLLOWER, s2|rpc:localhost:35711|admin:localhost:42283|client:localhost:45049|dataStream:localhost:37547|priority:0|startupRole:FOLLOWER]|listeners:[], old=null
2023-03-21 03:38:26,022 [Time-limited test] INFO  server.RaftServerConfigKeys (ConfUtils.java:logGet(46)) - raft.server.rpc.timeout.max = 300ms (default)
2023-03-21 03:38:26,081 [HandlerDaemon-0] INFO  server.RaftServer$Division (RaftServerImpl.java:requestVote(1299)) - s3@group-858CCA1FFC33: receive requestVote(PRE_VOTE, s1, group-858CCA1FFC33, 1, (t:1, i:0))
2023-03-21 03:38:26,082 [HandlerDaemon-0] INFO  server.RaftServer$Division (RaftServerImpl.java:requestVote(1299)) - s4@group-858CCA1FFC33: receive requestVote(PRE_VOTE, s1, group-858CCA1FFC33, 1, (t:1, i:0))
2023-03-21 03:38:26,082 [HandlerDaemon-0] INFO  impl.VoteContext (VoteContext.java:log(49)) - s3@group-858CCA1FFC33-LEADER: reject PRE_VOTE from s1: this server is the leader and still has leadership
2023-03-21 03:38:26,082 [HandlerDaemon-0] INFO  server.RaftServer$Division (RaftServerImpl.java:requestVote(1299)) - s2@group-858CCA1FFC33: receive requestVote(PRE_VOTE, s1, group-858CCA1FFC33, 1, (t:1, i:0))
2023-03-21 03:38:26,082 [HandlerDaemon-0] INFO  impl.VoteContext (VoteContext.java:log(49)) - s2@group-858CCA1FFC33-FOLLOWER: reject PRE_VOTE from s1: this server is a follower and still has a valid leader s3
2023-03-21 03:38:26,082 [HandlerDaemon-0] INFO  server.RaftServer$Division (RaftServerImpl.java:requestVote(1332)) - s2@group-858CCA1FFC33 replies to PRE_VOTE vote request: s1<-s2#0:FAIL-t1. Peer's state: s2@group-858CCA1FFC33:t1, leader=s3, voted=s3, raftlog=Memoized:s2@group-858CCA1FFC33-SegmentedRaftLog:OPENED:c0, conf=0: peers:[s3|rpc:localhost:44545|admin:localhost:42685|client:localhost:41947|dataStream:localhost:38359|priority:0|startupRole:FOLLOWER, s4|rpc:localhost:43959|admin:localhost:37675|client:localhost:41245|dataStream:localhost:36157|priority:0|startupRole:FOLLOWER, s0|rpc:localhost:41873|admin:localhost:39543|client:localhost:39921|dataStream:localhost:44273|priority:0|startupRole:FOLLOWER, s1|rpc:localhost:46783|admin:localhost:40179|client:localhost:41765|dataStream:localhost:44515|priority:0|startupRole:FOLLOWER, s2|rpc:localhost:35711|admin:localhost:42283|client:localhost:45049|dataStream:localhost:37547|priority:0|startupRole:FOLLOWER]|listeners:[], old=null
2023-03-21 03:38:26,082 [HandlerDaemon-0] INFO  server.RaftServer$Division (RaftServerImpl.java:requestVote(1299)) - s0@group-858CCA1FFC33: receive requestVote(PRE_VOTE, s1, group-858CCA1FFC33, 1, (t:1, i:0))
2023-03-21 03:38:26,082 [HandlerDaemon-0] INFO  impl.VoteContext (VoteContext.java:log(49)) - s0@group-858CCA1FFC33-FOLLOWER: reject PRE_VOTE from s1: this server is a follower and still has a valid leader s3
2023-03-21 03:38:26,082 [HandlerDaemon-0] INFO  server.RaftServer$Division (RaftServerImpl.java:requestVote(1332)) - s0@group-858CCA1FFC33 replies to PRE_VOTE vote request: s1<-s0#0:FAIL-t1. Peer's state: s0@group-858CCA1FFC33:t1, leader=s3, voted=s3, raftlog=Memoized:s0@group-858CCA1FFC33-SegmentedRaftLog:OPENED:c0, conf=0: peers:[s3|rpc:localhost:44545|admin:localhost:42685|client:localhost:41947|dataStream:localhost:38359|priority:0|startupRole:FOLLOWER, s4|rpc:localhost:43959|admin:localhost:37675|client:localhost:41245|dataStream:localhost:36157|priority:0|startupRole:FOLLOWER, s0|rpc:localhost:41873|admin:localhost:39543|client:localhost:39921|dataStream:localhost:44273|priority:0|startupRole:FOLLOWER, s1|rpc:localhost:46783|admin:localhost:40179|client:localhost:41765|dataStream:localhost:44515|priority:0|startupRole:FOLLOWER, s2|rpc:localhost:35711|admin:localhost:42283|client:localhost:45049|dataStream:localhost:37547|priority:0|startupRole:FOLLOWER]|listeners:[], old=null
2023-03-21 03:38:26,082 [HandlerDaemon-0] INFO  server.RaftServer$Division (RaftServerImpl.java:requestVote(1332)) - s3@group-858CCA1FFC33 replies to PRE_VOTE vote request: s1<-s3#0:FAIL-t1. Peer's state: s3@group-858CCA1FFC33:t1, leader=s3, voted=s3, raftlog=Memoized:s3@group-858CCA1FFC33-SegmentedRaftLog:OPENED:c0, conf=0: peers:[s3|rpc:localhost:44545|admin:localhost:42685|client:localhost:41947|dataStream:localhost:38359|priority:0|startupRole:FOLLOWER, s4|rpc:localhost:43959|admin:localhost:37675|client:localhost:41245|dataStream:localhost:36157|priority:0|startupRole:FOLLOWER, s0|rpc:localhost:41873|admin:localhost:39543|client:localhost:39921|dataStream:localhost:44273|priority:0|startupRole:FOLLOWER, s1|rpc:localhost:46783|admin:localhost:40179|client:localhost:41765|dataStream:localhost:44515|priority:0|startupRole:FOLLOWER, s2|rpc:localhost:35711|admin:localhost:42283|client:localhost:45049|dataStream:localhost:37547|priority:0|startupRole:FOLLOWER]|listeners:[], old=null
2023-03-21 03:38:26,082 [HandlerDaemon-0] INFO  impl.VoteContext (VoteContext.java:log(49)) - s4@group-858CCA1FFC33-FOLLOWER: reject PRE_VOTE from s1: this server is a follower and still has a valid leader s3
2023-03-21 03:38:26,083 [HandlerDaemon-0] INFO  server.RaftServer$Division (RaftServerImpl.java:requestVote(1332)) - s4@group-858CCA1FFC33 replies to PRE_VOTE vote request: s1<-s4#0:FAIL-t1. Peer's state: s4@group-858CCA1FFC33:t1, leader=s3, voted=s3, raftlog=Memoized:s4@group-858CCA1FFC33-SegmentedRaftLog:OPENED:c0, conf=0: peers:[s3|rpc:localhost:44545|admin:localhost:42685|client:localhost:41947|dataStream:localhost:38359|priority:0|startupRole:FOLLOWER, s4|rpc:localhost:43959|admin:localhost:37675|client:localhost:41245|dataStream:localhost:36157|priority:0|startupRole:FOLLOWER, s0|rpc:localhost:41873|admin:localhost:39543|client:localhost:39921|dataStream:localhost:44273|priority:0|startupRole:FOLLOWER, s1|rpc:localhost:46783|admin:localhost:40179|client:localhost:41765|dataStream:localhost:44515|priority:0|startupRole:FOLLOWER, s2|rpc:localhost:35711|admin:localhost:42283|client:localhost:45049|dataStream:localhost:37547|priority:0|startupRole:FOLLOWER]|listeners:[], old=null
2023-03-21 03:38:26,083 [s1@group-858CCA1FFC33-LeaderElection21] INFO  impl.LeaderElection (LeaderElection.java:logAndReturn(89)) - s1@group-858CCA1FFC33-LeaderElection21: PRE_VOTE REJECTED received 3 response(s) and 0 exception(s):
2023-03-21 03:38:26,083 [s1@group-858CCA1FFC33-LeaderElection21] INFO  impl.LeaderElection (LeaderElection.java:logAndReturn(93)) -   Response 0: s1<-s4#0:FAIL-t1
2023-03-21 03:38:26,083 [s1@group-858CCA1FFC33-LeaderElection21] INFO  impl.LeaderElection (LeaderElection.java:logAndReturn(93)) -   Response 1: s1<-s0#0:FAIL-t1
2023-03-21 03:38:26,083 [s1@group-858CCA1FFC33-LeaderElection21] INFO  impl.LeaderElection (LeaderElection.java:logAndReturn(93)) -   Response 2: s1<-s2#0:FAIL-t1
2023-03-21 03:38:26,083 [s1@group-858CCA1FFC33-LeaderElection21] INFO  impl.LeaderElection (LeaderElection.java:askForVotes(322)) - s1@group-858CCA1FFC33-LeaderElection21 PRE_VOTE round 0: result REJECTED
2023-03-21 03:38:26,083 [s1@group-858CCA1FFC33-LeaderElection21] INFO  server.RaftServer$Division (RaftServerImpl.java:setRole(329)) - s1@group-858CCA1FFC33: changes role from CANDIDATE to FOLLOWER at term 1 for REJECTED
2023-03-21 03:38:26,083 [s1@group-858CCA1FFC33-LeaderElection21] INFO  impl.RoleInfo (RoleInfo.java:shutdownLeaderElection(130)) - s1: shutdown s1@group-858CCA1FFC33-LeaderElection21
2023-03-21 03:38:26,083 [s1@group-858CCA1FFC33-LeaderElection21] INFO  impl.RoleInfo (RoleInfo.java:updateAndGet(139)) - s1: start s1@group-858CCA1FFC33-FollowerState
2023-03-21 03:38:26,194 [HandlerDaemon-2] INFO  server.RaftServer$Division (ServerState.java:setLeader(260)) - s1@group-858CCA1FFC33: change Leader from null to s3 at term 1 for appendEntries, leader elected after 262ms
2023-03-21 03:38:26,473 [Time-limited test] INFO  simulation.TestLeaderElectionWithSimulatedRpc (LeaderElectionTests.java:enforceLeader(318)) - try enforcing leader to s1 but new leader is s3
2023-03-21 03:38:26,473 [Time-limited test] INFO  server.RaftServerConfigKeys (ConfUtils.java:logGet(46)) - raft.server.rpc.timeout.max = 300ms (default)
2023-03-21 03:38:26,891 [s1@group-858CCA1FFC33-FollowerState] INFO  impl.FollowerState (FollowerState.java:run(143)) - s1@group-858CCA1FFC33-FollowerState: change to CANDIDATE, lastRpcElapsedTime:470423462ns, electionTimeout:263ms
2023-03-21 03:38:26,892 [s1@group-858CCA1FFC33-FollowerState] INFO  impl.RoleInfo (RoleInfo.java:shutdownFollowerState(110)) - s1: shutdown s1@group-858CCA1FFC33-FollowerState
2023-03-21 03:38:26,892 [s1@group-858CCA1FFC33-FollowerState] INFO  server.RaftServer$Division (RaftServerImpl.java:setRole(329)) - s1@group-858CCA1FFC33: changes role from  FOLLOWER to CANDIDATE at term 1 for changeToCandidate
2023-03-21 03:38:26,892 [s1@group-858CCA1FFC33-FollowerState] INFO  server.RaftServerConfigKeys (ConfUtils.java:logGet(46)) - raft.server.leaderelection.pre-vote = true (default)
2023-03-21 03:38:26,892 [s1@group-858CCA1FFC33-FollowerState] INFO  impl.RoleInfo (RoleInfo.java:updateAndGet(139)) - s1: start s1@group-858CCA1FFC33-LeaderElection22
2023-03-21 03:38:26,895 [s1@group-858CCA1FFC33-LeaderElection22] INFO  server.RaftServer$Division (ServerState.java:setLeader(260)) - s1@group-858CCA1FFC33: change Leader from s3 to null at term 1 for PRE_VOTE
2023-03-21 03:38:26,895 [s1@group-858CCA1FFC33-LeaderElection22] INFO  impl.LeaderElection (LeaderElection.java:askForVotes(320)) - s1@group-858CCA1FFC33-LeaderElection22 PRE_VOTE round 0: submit vote requests at term 1 for 0: peers:[s3|rpc:localhost:44545|admin:localhost:42685|client:localhost:41947|dataStream:localhost:38359|priority:0|startupRole:FOLLOWER, s4|rpc:localhost:43959|admin:localhost:37675|client:localhost:41245|dataStream:localhost:36157|priority:0|startupRole:FOLLOWER, s0|rpc:localhost:41873|admin:localhost:39543|client:localhost:39921|dataStream:localhost:44273|priority:0|startupRole:FOLLOWER, s1|rpc:localhost:46783|admin:localhost:40179|client:localhost:41765|dataStream:localhost:44515|priority:0|startupRole:FOLLOWER, s2|rpc:localhost:35711|admin:localhost:42283|client:localhost:45049|dataStream:localhost:37547|priority:0|startupRole:FOLLOWER]|listeners:[], old=null
2023-03-21 03:38:26,924 [Time-limited test] INFO  server.RaftServerConfigKeys (ConfUtils.java:logGet(46)) - raft.server.rpc.timeout.max = 300ms (default)
2023-03-21 03:38:27,046 [HandlerDaemon-1] INFO  server.RaftServer$Division (RaftServerImpl.java:requestVote(1299)) - s3@group-858CCA1FFC33: receive requestVote(PRE_VOTE, s1, group-858CCA1FFC33, 1, (t:1, i:0))
2023-03-21 03:38:27,046 [HandlerDaemon-1] INFO  impl.VoteContext (VoteContext.java:log(49)) - s3@group-858CCA1FFC33-LEADER: reject PRE_VOTE from s1: this server is the leader and still has leadership
2023-03-21 03:38:27,046 [HandlerDaemon-1] INFO  server.RaftServer$Division (RaftServerImpl.java:requestVote(1332)) - s3@group-858CCA1FFC33 replies to PRE_VOTE vote request: s1<-s3#0:FAIL-t1. Peer's state: s3@group-858CCA1FFC33:t1, leader=s3, voted=s3, raftlog=Memoized:s3@group-858CCA1FFC33-SegmentedRaftLog:OPENED:c0, conf=0: peers:[s3|rpc:localhost:44545|admin:localhost:42685|client:localhost:41947|dataStream:localhost:38359|priority:0|startupRole:FOLLOWER, s4|rpc:localhost:43959|admin:localhost:37675|client:localhost:41245|dataStream:localhost:36157|priority:0|startupRole:FOLLOWER, s0|rpc:localhost:41873|admin:localhost:39543|client:localhost:39921|dataStream:localhost:44273|priority:0|startupRole:FOLLOWER, s1|rpc:localhost:46783|admin:localhost:40179|client:localhost:41765|dataStream:localhost:44515|priority:0|startupRole:FOLLOWER, s2|rpc:localhost:35711|admin:localhost:42283|client:localhost:45049|dataStream:localhost:37547|priority:0|startupRole:FOLLOWER]|listeners:[], old=null
2023-03-21 03:38:27,047 [HandlerDaemon-2] INFO  server.RaftServer$Division (RaftServerImpl.java:requestVote(1299)) - s0@group-858CCA1FFC33: receive requestVote(PRE_VOTE, s1, group-858CCA1FFC33, 1, (t:1, i:0))
2023-03-21 03:38:27,047 [HandlerDaemon-2] INFO  impl.VoteContext (VoteContext.java:log(49)) - s0@group-858CCA1FFC33-FOLLOWER: reject PRE_VOTE from s1: this server is a follower and still has a valid leader s3
2023-03-21 03:38:27,046 [HandlerDaemon-2] INFO  server.RaftServer$Division (RaftServerImpl.java:requestVote(1299)) - s2@group-858CCA1FFC33: receive requestVote(PRE_VOTE, s1, group-858CCA1FFC33, 1, (t:1, i:0))
2023-03-21 03:38:27,046 [HandlerDaemon-2] INFO  server.RaftServer$Division (RaftServerImpl.java:requestVote(1299)) - s4@group-858CCA1FFC33: receive requestVote(PRE_VOTE, s1, group-858CCA1FFC33, 1, (t:1, i:0))
2023-03-21 03:38:27,047 [HandlerDaemon-2] INFO  impl.VoteContext (VoteContext.java:log(49)) - s4@group-858CCA1FFC33-FOLLOWER: reject PRE_VOTE from s1: this server is a follower and still has a valid leader s3
2023-03-21 03:38:27,047 [HandlerDaemon-2] INFO  server.RaftServer$Division (RaftServerImpl.java:requestVote(1332)) - s4@group-858CCA1FFC33 replies to PRE_VOTE vote request: s1<-s4#0:FAIL-t1. Peer's state: s4@group-858CCA1FFC33:t1, leader=s3, voted=s3, raftlog=Memoized:s4@group-858CCA1FFC33-SegmentedRaftLog:OPENED:c0, conf=0: peers:[s3|rpc:localhost:44545|admin:localhost:42685|client:localhost:41947|dataStream:localhost:38359|priority:0|startupRole:FOLLOWER, s4|rpc:localhost:43959|admin:localhost:37675|client:localhost:41245|dataStream:localhost:36157|priority:0|startupRole:FOLLOWER, s0|rpc:localhost:41873|admin:localhost:39543|client:localhost:39921|dataStream:localhost:44273|priority:0|startupRole:FOLLOWER, s1|rpc:localhost:46783|admin:localhost:40179|client:localhost:41765|dataStream:localhost:44515|priority:0|startupRole:FOLLOWER, s2|rpc:localhost:35711|admin:localhost:42283|client:localhost:45049|dataStream:localhost:37547|priority:0|startupRole:FOLLOWER]|listeners:[], old=null
2023-03-21 03:38:27,047 [HandlerDaemon-2] INFO  impl.VoteContext (VoteContext.java:log(49)) - s2@group-858CCA1FFC33-FOLLOWER: reject PRE_VOTE from s1: this server is a follower and still has a valid leader s3
2023-03-21 03:38:27,047 [HandlerDaemon-2] INFO  server.RaftServer$Division (RaftServerImpl.java:requestVote(1332)) - s0@group-858CCA1FFC33 replies to PRE_VOTE vote request: s1<-s0#0:FAIL-t1. Peer's state: s0@group-858CCA1FFC33:t1, leader=s3, voted=s3, raftlog=Memoized:s0@group-858CCA1FFC33-SegmentedRaftLog:OPENED:c0, conf=0: peers:[s3|rpc:localhost:44545|admin:localhost:42685|client:localhost:41947|dataStream:localhost:38359|priority:0|startupRole:FOLLOWER, s4|rpc:localhost:43959|admin:localhost:37675|client:localhost:41245|dataStream:localhost:36157|priority:0|startupRole:FOLLOWER, s0|rpc:localhost:41873|admin:localhost:39543|client:localhost:39921|dataStream:localhost:44273|priority:0|startupRole:FOLLOWER, s1|rpc:localhost:46783|admin:localhost:40179|client:localhost:41765|dataStream:localhost:44515|priority:0|startupRole:FOLLOWER, s2|rpc:localhost:35711|admin:localhost:42283|client:localhost:45049|dataStream:localhost:37547|priority:0|startupRole:FOLLOWER]|listeners:[], old=null
2023-03-21 03:38:27,047 [HandlerDaemon-2] INFO  server.RaftServer$Division (RaftServerImpl.java:requestVote(1332)) - s2@group-858CCA1FFC33 replies to PRE_VOTE vote request: s1<-s2#0:FAIL-t1. Peer's state: s2@group-858CCA1FFC33:t1, leader=s3, voted=s3, raftlog=Memoized:s2@group-858CCA1FFC33-SegmentedRaftLog:OPENED:c0, conf=0: peers:[s3|rpc:localhost:44545|admin:localhost:42685|client:localhost:41947|dataStream:localhost:38359|priority:0|startupRole:FOLLOWER, s4|rpc:localhost:43959|admin:localhost:37675|client:localhost:41245|dataStream:localhost:36157|priority:0|startupRole:FOLLOWER, s0|rpc:localhost:41873|admin:localhost:39543|client:localhost:39921|dataStream:localhost:44273|priority:0|startupRole:FOLLOWER, s1|rpc:localhost:46783|admin:localhost:40179|client:localhost:41765|dataStream:localhost:44515|priority:0|startupRole:FOLLOWER, s2|rpc:localhost:35711|admin:localhost:42283|client:localhost:45049|dataStream:localhost:37547|priority:0|startupRole:FOLLOWER]|listeners:[], old=null
2023-03-21 03:38:27,047 [s1@group-858CCA1FFC33-LeaderElection22] INFO  impl.LeaderElection (LeaderElection.java:logAndReturn(89)) - s1@group-858CCA1FFC33-LeaderElection22: PRE_VOTE REJECTED received 3 response(s) and 0 exception(s):
2023-03-21 03:38:27,048 [s1@group-858CCA1FFC33-LeaderElection22] INFO  impl.LeaderElection (LeaderElection.java:logAndReturn(93)) -   Response 0: s1<-s3#0:FAIL-t1
2023-03-21 03:38:27,048 [s1@group-858CCA1FFC33-LeaderElection22] INFO  impl.LeaderElection (LeaderElection.java:logAndReturn(93)) -   Response 1: s1<-s4#0:FAIL-t1
2023-03-21 03:38:27,048 [s1@group-858CCA1FFC33-LeaderElection22] INFO  impl.LeaderElection (LeaderElection.java:logAndReturn(93)) -   Response 2: s1<-s0#0:FAIL-t1
2023-03-21 03:38:27,048 [s1@group-858CCA1FFC33-LeaderElection22] INFO  impl.LeaderElection (LeaderElection.java:askForVotes(322)) - s1@group-858CCA1FFC33-LeaderElection22 PRE_VOTE round 0: result REJECTED
2023-03-21 03:38:27,048 [s1@group-858CCA1FFC33-LeaderElection22] INFO  server.RaftServer$Division (RaftServerImpl.java:setRole(329)) - s1@group-858CCA1FFC33: changes role from CANDIDATE to FOLLOWER at term 1 for REJECTED
2023-03-21 03:38:27,048 [s1@group-858CCA1FFC33-LeaderElection22] INFO  impl.RoleInfo (RoleInfo.java:shutdownLeaderElection(130)) - s1: shutdown s1@group-858CCA1FFC33-LeaderElection22
2023-03-21 03:38:27,048 [s1@group-858CCA1FFC33-LeaderElection22] INFO  impl.RoleInfo (RoleInfo.java:updateAndGet(139)) - s1: start s1@group-858CCA1FFC33-FollowerState
2023-03-21 03:38:27,097 [HandlerDaemon-0] INFO  server.RaftServer$Division (ServerState.java:setLeader(260)) - s1@group-858CCA1FFC33: change Leader from null to s3 at term 1 for appendEntries, leader elected after 202ms
2023-03-21 03:38:27,374 [Time-limited test] INFO  simulation.TestLeaderElectionWithSimulatedRpc (LeaderElectionTests.java:enforceLeader(318)) - try enforcing leader to s1 but new leader is s3
2023-03-21 03:38:27,374 [Time-limited test] INFO  server.RaftServerConfigKeys (ConfUtils.java:logGet(46)) - raft.server.rpc.timeout.max = 300ms (default)
2023-03-21 03:38:27,667 [s1@group-858CCA1FFC33-FollowerState] INFO  impl.FollowerState (FollowerState.java:run(143)) - s1@group-858CCA1FFC33-FollowerState: change to CANDIDATE, lastRpcElapsedTime:340777583ns, electionTimeout:221ms
2023-03-21 03:38:27,667 [s1@group-858CCA1FFC33-FollowerState] INFO  impl.RoleInfo (RoleInfo.java:shutdownFollowerState(110)) - s1: shutdown s1@group-858CCA1FFC33-FollowerState
2023-03-21 03:38:27,667 [s1@group-858CCA1FFC33-FollowerState] INFO  server.RaftServer$Division (RaftServerImpl.java:setRole(329)) - s1@group-858CCA1FFC33: changes role from  FOLLOWER to CANDIDATE at term 1 for changeToCandidate
2023-03-21 03:38:27,667 [s1@group-858CCA1FFC33-FollowerState] INFO  server.RaftServerConfigKeys (ConfUtils.java:logGet(46)) - raft.server.leaderelection.pre-vote = true (default)
2023-03-21 03:38:27,668 [s1@group-858CCA1FFC33-FollowerState] INFO  impl.RoleInfo (RoleInfo.java:updateAndGet(139)) - s1: start s1@group-858CCA1FFC33-LeaderElection23
2023-03-21 03:38:27,668 [s1@group-858CCA1FFC33-LeaderElection23] INFO  server.RaftServer$Division (ServerState.java:setLeader(260)) - s1@group-858CCA1FFC33: change Leader from s3 to null at term 1 for PRE_VOTE
2023-03-21 03:38:27,668 [s1@group-858CCA1FFC33-LeaderElection23] INFO  impl.LeaderElection (LeaderElection.java:askForVotes(320)) - s1@group-858CCA1FFC33-LeaderElection23 PRE_VOTE round 0: submit vote requests at term 1 for 0: peers:[s3|rpc:localhost:44545|admin:localhost:42685|client:localhost:41947|dataStream:localhost:38359|priority:0|startupRole:FOLLOWER, s4|rpc:localhost:43959|admin:localhost:37675|client:localhost:41245|dataStream:localhost:36157|priority:0|startupRole:FOLLOWER, s0|rpc:localhost:41873|admin:localhost:39543|client:localhost:39921|dataStream:localhost:44273|priority:0|startupRole:FOLLOWER, s1|rpc:localhost:46783|admin:localhost:40179|client:localhost:41765|dataStream:localhost:44515|priority:0|startupRole:FOLLOWER, s2|rpc:localhost:35711|admin:localhost:42283|client:localhost:45049|dataStream:localhost:37547|priority:0|startupRole:FOLLOWER]|listeners:[], old=null
2023-03-21 03:38:27,792 [s2@group-858CCA1FFC33-FollowerState] INFO  impl.FollowerState (FollowerState.java:run(143)) - s2@group-858CCA1FFC33-FollowerState: change to CANDIDATE, lastRpcElapsedTime:211450029ns, electionTimeout:166ms
2023-03-21 03:38:27,793 [s2@group-858CCA1FFC33-FollowerState] INFO  impl.RoleInfo (RoleInfo.java:shutdownFollowerState(110)) - s2: shutdown s2@group-858CCA1FFC33-FollowerState
2023-03-21 03:38:27,793 [s2@group-858CCA1FFC33-FollowerState] INFO  server.RaftServer$Division (RaftServerImpl.java:setRole(329)) - s2@group-858CCA1FFC33: changes role from  FOLLOWER to CANDIDATE at term 1 for changeToCandidate
2023-03-21 03:38:27,793 [s2@group-858CCA1FFC33-FollowerState] INFO  server.RaftServerConfigKeys (ConfUtils.java:logGet(46)) - raft.server.leaderelection.pre-vote = true (default)
2023-03-21 03:38:27,793 [s2@group-858CCA1FFC33-FollowerState] INFO  impl.RoleInfo (RoleInfo.java:updateAndGet(139)) - s2: start s2@group-858CCA1FFC33-LeaderElection24
2023-03-21 03:38:27,795 [s2@group-858CCA1FFC33-LeaderElection24] INFO  server.RaftServer$Division (ServerState.java:setLeader(260)) - s2@group-858CCA1FFC33: change Leader from s3 to null at term 1 for PRE_VOTE
2023-03-21 03:38:27,795 [s2@group-858CCA1FFC33-LeaderElection24] INFO  impl.LeaderElection (LeaderElection.java:askForVotes(320)) - s2@group-858CCA1FFC33-LeaderElection24 PRE_VOTE round 0: submit vote requests at term 1 for 0: peers:[s3|rpc:localhost:44545|admin:localhost:42685|client:localhost:41947|dataStream:localhost:38359|priority:0|startupRole:FOLLOWER, s4|rpc:localhost:43959|admin:localhost:37675|client:localhost:41245|dataStream:localhost:36157|priority:0|startupRole:FOLLOWER, s0|rpc:localhost:41873|admin:localhost:39543|client:localhost:39921|dataStream:localhost:44273|priority:0|startupRole:FOLLOWER, s1|rpc:localhost:46783|admin:localhost:40179|client:localhost:41765|dataStream:localhost:44515|priority:0|startupRole:FOLLOWER, s2|rpc:localhost:35711|admin:localhost:42283|client:localhost:45049|dataStream:localhost:37547|priority:0|startupRole:FOLLOWER]|listeners:[], old=null
2023-03-21 03:38:27,807 [HandlerDaemon-1] INFO  server.RaftServer$Division (RaftServerImpl.java:setRole(329)) - s2@group-858CCA1FFC33: changes role from CANDIDATE to FOLLOWER at term 1 for appendEntries
2023-03-21 03:38:27,807 [HandlerDaemon-1] INFO  impl.RoleInfo (RoleInfo.java:shutdownLeaderElection(130)) - s2: shutdown s2@group-858CCA1FFC33-LeaderElection24
2023-03-21 03:38:27,807 [HandlerDaemon-1] INFO  impl.RoleInfo (RoleInfo.java:updateAndGet(139)) - s2: start s2@group-858CCA1FFC33-FollowerState
2023-03-21 03:38:27,807 [HandlerDaemon-1] INFO  server.RaftServer$Division (ServerState.java:setLeader(260)) - s2@group-858CCA1FFC33: change Leader from null to s3 at term 1 for appendEntries, leader elected after 12ms
2023-03-21 03:38:27,819 [HandlerDaemon-2] INFO  server.RaftServer$Division (RaftServerImpl.java:requestVote(1299)) - s3@group-858CCA1FFC33: receive requestVote(PRE_VOTE, s1, group-858CCA1FFC33, 1, (t:1, i:0))
2023-03-21 03:38:27,819 [HandlerDaemon-2] INFO  impl.VoteContext (VoteContext.java:log(49)) - s3@group-858CCA1FFC33-LEADER: reject PRE_VOTE from s1: this server is the leader and still has leadership
2023-03-21 03:38:27,819 [HandlerDaemon-0] INFO  server.RaftServer$Division (RaftServerImpl.java:requestVote(1299)) - s4@group-858CCA1FFC33: receive requestVote(PRE_VOTE, s1, group-858CCA1FFC33, 1, (t:1, i:0))
2023-03-21 03:38:27,820 [HandlerDaemon-0] INFO  impl.VoteContext (VoteContext.java:log(49)) - s4@group-858CCA1FFC33-FOLLOWER: reject PRE_VOTE from s1: this server is a follower and still has a valid leader s3
2023-03-21 03:38:27,819 [HandlerDaemon-2] INFO  server.RaftServer$Division (RaftServerImpl.java:requestVote(1332)) - s3@group-858CCA1FFC33 replies to PRE_VOTE vote request: s1<-s3#0:FAIL-t1. Peer's state: s3@group-858CCA1FFC33:t1, leader=s3, voted=s3, raftlog=Memoized:s3@group-858CCA1FFC33-SegmentedRaftLog:OPENED:c0, conf=0: peers:[s3|rpc:localhost:44545|admin:localhost:42685|client:localhost:41947|dataStream:localhost:38359|priority:0|startupRole:FOLLOWER, s4|rpc:localhost:43959|admin:localhost:37675|client:localhost:41245|dataStream:localhost:36157|priority:0|startupRole:FOLLOWER, s0|rpc:localhost:41873|admin:localhost:39543|client:localhost:39921|dataStream:localhost:44273|priority:0|startupRole:FOLLOWER, s1|rpc:localhost:46783|admin:localhost:40179|client:localhost:41765|dataStream:localhost:44515|priority:0|startupRole:FOLLOWER, s2|rpc:localhost:35711|admin:localhost:42283|client:localhost:45049|dataStream:localhost:37547|priority:0|startupRole:FOLLOWER]|listeners:[], old=null
2023-03-21 03:38:27,820 [HandlerDaemon-0] INFO  server.RaftServer$Division (RaftServerImpl.java:requestVote(1332)) - s4@group-858CCA1FFC33 replies to PRE_VOTE vote request: s1<-s4#0:FAIL-t1. Peer's state: s4@group-858CCA1FFC33:t1, leader=s3, voted=s3, raftlog=Memoized:s4@group-858CCA1FFC33-SegmentedRaftLog:OPENED:c0, conf=0: peers:[s3|rpc:localhost:44545|admin:localhost:42685|client:localhost:41947|dataStream:localhost:38359|priority:0|startupRole:FOLLOWER, s4|rpc:localhost:43959|admin:localhost:37675|client:localhost:41245|dataStream:localhost:36157|priority:0|startupRole:FOLLOWER, s0|rpc:localhost:41873|admin:localhost:39543|client:localhost:39921|dataStream:localhost:44273|priority:0|startupRole:FOLLOWER, s1|rpc:localhost:46783|admin:localhost:40179|client:localhost:41765|dataStream:localhost:44515|priority:0|startupRole:FOLLOWER, s2|rpc:localhost:35711|admin:localhost:42283|client:localhost:45049|dataStream:localhost:37547|priority:0|startupRole:FOLLOWER]|listeners:[], old=null
2023-03-21 03:38:27,820 [HandlerDaemon-0] INFO  server.RaftServer$Division (RaftServerImpl.java:requestVote(1299)) - s0@group-858CCA1FFC33: receive requestVote(PRE_VOTE, s1, group-858CCA1FFC33, 1, (t:1, i:0))
2023-03-21 03:38:27,820 [HandlerDaemon-0] INFO  impl.VoteContext (VoteContext.java:log(49)) - s0@group-858CCA1FFC33-FOLLOWER: reject PRE_VOTE from s1: this server is a follower and still has a valid leader s3
2023-03-21 03:38:27,820 [HandlerDaemon-0] INFO  server.RaftServer$Division (RaftServerImpl.java:requestVote(1332)) - s0@group-858CCA1FFC33 replies to PRE_VOTE vote request: s1<-s0#0:FAIL-t1. Peer's state: s0@group-858CCA1FFC33:t1, leader=s3, voted=s3, raftlog=Memoized:s0@group-858CCA1FFC33-SegmentedRaftLog:OPENED:c0, conf=0: peers:[s3|rpc:localhost:44545|admin:localhost:42685|client:localhost:41947|dataStream:localhost:38359|priority:0|startupRole:FOLLOWER, s4|rpc:localhost:43959|admin:localhost:37675|client:localhost:41245|dataStream:localhost:36157|priority:0|startupRole:FOLLOWER, s0|rpc:localhost:41873|admin:localhost:39543|client:localhost:39921|dataStream:localhost:44273|priority:0|startupRole:FOLLOWER, s1|rpc:localhost:46783|admin:localhost:40179|client:localhost:41765|dataStream:localhost:44515|priority:0|startupRole:FOLLOWER, s2|rpc:localhost:35711|admin:localhost:42283|client:localhost:45049|dataStream:localhost:37547|priority:0|startupRole:FOLLOWER]|listeners:[], old=null
2023-03-21 03:38:27,820 [HandlerDaemon-0] INFO  server.RaftServer$Division (RaftServerImpl.java:requestVote(1299)) - s2@group-858CCA1FFC33: receive requestVote(PRE_VOTE, s1, group-858CCA1FFC33, 1, (t:1, i:0))
2023-03-21 03:38:27,820 [s1@group-858CCA1FFC33-LeaderElection23] INFO  impl.LeaderElection (LeaderElection.java:logAndReturn(89)) - s1@group-858CCA1FFC33-LeaderElection23: PRE_VOTE REJECTED received 3 response(s) and 0 exception(s):
2023-03-21 03:38:27,820 [HandlerDaemon-0] INFO  impl.VoteContext (VoteContext.java:log(49)) - s2@group-858CCA1FFC33-FOLLOWER: reject PRE_VOTE from s1: this server is a follower and still has a valid leader s3
2023-03-21 03:38:27,820 [s1@group-858CCA1FFC33-LeaderElection23] INFO  impl.LeaderElection (LeaderElection.java:logAndReturn(93)) -   Response 0: s1<-s3#0:FAIL-t1
2023-03-21 03:38:27,820 [s1@group-858CCA1FFC33-LeaderElection23] INFO  impl.LeaderElection (LeaderElection.java:logAndReturn(93)) -   Response 1: s1<-s4#0:FAIL-t1
2023-03-21 03:38:27,820 [HandlerDaemon-0] INFO  server.RaftServer$Division (RaftServerImpl.java:requestVote(1332)) - s2@group-858CCA1FFC33 replies to PRE_VOTE vote request: s1<-s2#0:FAIL-t1. Peer's state: s2@group-858CCA1FFC33:t1, leader=s3, voted=s3, raftlog=Memoized:s2@group-858CCA1FFC33-SegmentedRaftLog:OPENED:c0, conf=0: peers:[s3|rpc:localhost:44545|admin:localhost:42685|client:localhost:41947|dataStream:localhost:38359|priority:0|startupRole:FOLLOWER, s4|rpc:localhost:43959|admin:localhost:37675|client:localhost:41245|dataStream:localhost:36157|priority:0|startupRole:FOLLOWER, s0|rpc:localhost:41873|admin:localhost:39543|client:localhost:39921|dataStream:localhost:44273|priority:0|startupRole:FOLLOWER, s1|rpc:localhost:46783|admin:localhost:40179|client:localhost:41765|dataStream:localhost:44515|priority:0|startupRole:FOLLOWER, s2|rpc:localhost:35711|admin:localhost:42283|client:localhost:45049|dataStream:localhost:37547|priority:0|startupRole:FOLLOWER]|listeners:[], old=null
2023-03-21 03:38:27,820 [s1@group-858CCA1FFC33-LeaderElection23] INFO  impl.LeaderElection (LeaderElection.java:logAndReturn(93)) -   Response 2: s1<-s0#0:FAIL-t1
2023-03-21 03:38:27,820 [s1@group-858CCA1FFC33-LeaderElection23] INFO  impl.LeaderElection (LeaderElection.java:askForVotes(322)) - s1@group-858CCA1FFC33-LeaderElection23 PRE_VOTE round 0: result REJECTED
2023-03-21 03:38:27,820 [s1@group-858CCA1FFC33-LeaderElection23] INFO  server.RaftServer$Division (RaftServerImpl.java:setRole(329)) - s1@group-858CCA1FFC33: changes role from CANDIDATE to FOLLOWER at term 1 for REJECTED
2023-03-21 03:38:27,820 [s1@group-858CCA1FFC33-LeaderElection23] INFO  impl.RoleInfo (RoleInfo.java:shutdownLeaderElection(130)) - s1: shutdown s1@group-858CCA1FFC33-LeaderElection23
2023-03-21 03:38:27,820 [s1@group-858CCA1FFC33-LeaderElection23] INFO  impl.RoleInfo (RoleInfo.java:updateAndGet(139)) - s1: start s1@group-858CCA1FFC33-FollowerState
2023-03-21 03:38:27,825 [Time-limited test] INFO  server.RaftServerConfigKeys (ConfUtils.java:logGet(46)) - raft.server.rpc.timeout.max = 300ms (default)
2023-03-21 03:38:27,946 [HandlerDaemon-0] INFO  server.RaftServer$Division (RaftServerImpl.java:requestVote(1299)) - s3@group-858CCA1FFC33: receive requestVote(PRE_VOTE, s2, group-858CCA1FFC33, 1, (t:1, i:0))
2023-03-21 03:38:27,946 [HandlerDaemon-0] INFO  impl.VoteContext (VoteContext.java:log(49)) - s3@group-858CCA1FFC33-LEADER: reject PRE_VOTE from s2: this server is the leader and still has leadership
2023-03-21 03:38:27,946 [HandlerDaemon-0] INFO  server.RaftServer$Division (RaftServerImpl.java:requestVote(1332)) - s3@group-858CCA1FFC33 replies to PRE_VOTE vote request: s2<-s3#0:FAIL-t1. Peer's state: s3@group-858CCA1FFC33:t1, leader=s3, voted=s3, raftlog=Memoized:s3@group-858CCA1FFC33-SegmentedRaftLog:OPENED:c0, conf=0: peers:[s3|rpc:localhost:44545|admin:localhost:42685|client:localhost:41947|dataStream:localhost:38359|priority:0|startupRole:FOLLOWER, s4|rpc:localhost:43959|admin:localhost:37675|client:localhost:41245|dataStream:localhost:36157|priority:0|startupRole:FOLLOWER, s0|rpc:localhost:41873|admin:localhost:39543|client:localhost:39921|dataStream:localhost:44273|priority:0|startupRole:FOLLOWER, s1|rpc:localhost:46783|admin:localhost:40179|client:localhost:41765|dataStream:localhost:44515|priority:0|startupRole:FOLLOWER, s2|rpc:localhost:35711|admin:localhost:42283|client:localhost:45049|dataStream:localhost:37547|priority:0|startupRole:FOLLOWER]|listeners:[], old=null
2023-03-21 03:38:27,946 [HandlerDaemon-1] INFO  server.RaftServer$Division (RaftServerImpl.java:requestVote(1299)) - s4@group-858CCA1FFC33: receive requestVote(PRE_VOTE, s2, group-858CCA1FFC33, 1, (t:1, i:0))
2023-03-21 03:38:27,946 [HandlerDaemon-1] INFO  impl.VoteContext (VoteContext.java:log(49)) - s4@group-858CCA1FFC33-FOLLOWER: reject PRE_VOTE from s2: this server is a follower and still has a valid leader s3
2023-03-21 03:38:27,947 [HandlerDaemon-1] INFO  server.RaftServer$Division (RaftServerImpl.java:requestVote(1332)) - s4@group-858CCA1FFC33 replies to PRE_VOTE vote request: s2<-s4#0:FAIL-t1. Peer's state: s4@group-858CCA1FFC33:t1, leader=s3, voted=s3, raftlog=Memoized:s4@group-858CCA1FFC33-SegmentedRaftLog:OPENED:c0, conf=0: peers:[s3|rpc:localhost:44545|admin:localhost:42685|client:localhost:41947|dataStream:localhost:38359|priority:0|startupRole:FOLLOWER, s4|rpc:localhost:43959|admin:localhost:37675|client:localhost:41245|dataStream:localhost:36157|priority:0|startupRole:FOLLOWER, s0|rpc:localhost:41873|admin:localhost:39543|client:localhost:39921|dataStream:localhost:44273|priority:0|startupRole:FOLLOWER, s1|rpc:localhost:46783|admin:localhost:40179|client:localhost:41765|dataStream:localhost:44515|priority:0|startupRole:FOLLOWER, s2|rpc:localhost:35711|admin:localhost:42283|client:localhost:45049|dataStream:localhost:37547|priority:0|startupRole:FOLLOWER]|listeners:[], old=null
2023-03-21 03:38:27,947 [s2@group-858CCA1FFC33-LeaderElection24] INFO  impl.LeaderElection (LeaderElection.java:logAndReturn(89)) - s2@group-858CCA1FFC33-LeaderElection24: PRE_VOTE REJECTED received 1 response(s) and 0 exception(s):
2023-03-21 03:38:27,947 [s2@group-858CCA1FFC33-LeaderElection24] INFO  impl.LeaderElection (LeaderElection.java:logAndReturn(93)) -   Response 0: s2<-s3#0:FAIL-t1
2023-03-21 03:38:27,947 [s2@group-858CCA1FFC33-LeaderElection24] INFO  impl.LeaderElection (LeaderElection.java:askForVotes(322)) - s2@group-858CCA1FFC33-LeaderElection24 PRE_VOTE round 0: result REJECTED
2023-03-21 03:38:27,946 [HandlerDaemon-2] INFO  server.RaftServer$Division (RaftServerImpl.java:requestVote(1299)) - s0@group-858CCA1FFC33: receive requestVote(PRE_VOTE, s2, group-858CCA1FFC33, 1, (t:1, i:0))
2023-03-21 03:38:27,947 [HandlerDaemon-2] INFO  impl.VoteContext (VoteContext.java:log(49)) - s0@group-858CCA1FFC33-FOLLOWER: reject PRE_VOTE from s2: this server is a follower and still has a valid leader s3
2023-03-21 03:38:27,947 [HandlerDaemon-2] INFO  server.RaftServer$Division (RaftServerImpl.java:requestVote(1332)) - s0@group-858CCA1FFC33 replies to PRE_VOTE vote request: s2<-s0#0:FAIL-t1. Peer's state: s0@group-858CCA1FFC33:t1, leader=s3, voted=s3, raftlog=Memoized:s0@group-858CCA1FFC33-SegmentedRaftLog:OPENED:c0, conf=0: peers:[s3|rpc:localhost:44545|admin:localhost:42685|client:localhost:41947|dataStream:localhost:38359|priority:0|startupRole:FOLLOWER, s4|rpc:localhost:43959|admin:localhost:37675|client:localhost:41245|dataStream:localhost:36157|priority:0|startupRole:FOLLOWER, s0|rpc:localhost:41873|admin:localhost:39543|client:localhost:39921|dataStream:localhost:44273|priority:0|startupRole:FOLLOWER, s1|rpc:localhost:46783|admin:localhost:40179|client:localhost:41765|dataStream:localhost:44515|priority:0|startupRole:FOLLOWER, s2|rpc:localhost:35711|admin:localhost:42283|client:localhost:45049|dataStream:localhost:37547|priority:0|startupRole:FOLLOWER]|listeners:[], old=null
2023-03-21 03:38:27,991 [s1@group-858CCA1FFC33-FollowerState] INFO  impl.FollowerState (FollowerState.java:run(143)) - s1@group-858CCA1FFC33-FollowerState: change to CANDIDATE, lastRpcElapsedTime:170713767ns, electionTimeout:170ms
2023-03-21 03:38:27,991 [s1@group-858CCA1FFC33-FollowerState] INFO  impl.RoleInfo (RoleInfo.java:shutdownFollowerState(110)) - s1: shutdown s1@group-858CCA1FFC33-FollowerState
2023-03-21 03:38:27,992 [s1@group-858CCA1FFC33-FollowerState] INFO  server.RaftServer$Division (RaftServerImpl.java:setRole(329)) - s1@group-858CCA1FFC33: changes role from  FOLLOWER to CANDIDATE at term 1 for changeToCandidate
2023-03-21 03:38:27,992 [s1@group-858CCA1FFC33-FollowerState] INFO  server.RaftServerConfigKeys (ConfUtils.java:logGet(46)) - raft.server.leaderelection.pre-vote = true (default)
2023-03-21 03:38:27,992 [s1@group-858CCA1FFC33-FollowerState] INFO  impl.RoleInfo (RoleInfo.java:updateAndGet(139)) - s1: start s1@group-858CCA1FFC33-LeaderElection25
2023-03-21 03:38:27,993 [s1@group-858CCA1FFC33-LeaderElection25] INFO  impl.LeaderElection (LeaderElection.java:askForVotes(320)) - s1@group-858CCA1FFC33-LeaderElection25 PRE_VOTE round 0: submit vote requests at term 1 for 0: peers:[s3|rpc:localhost:44545|admin:localhost:42685|client:localhost:41947|dataStream:localhost:38359|priority:0|startupRole:FOLLOWER, s4|rpc:localhost:43959|admin:localhost:37675|client:localhost:41245|dataStream:localhost:36157|priority:0|startupRole:FOLLOWER, s0|rpc:localhost:41873|admin:localhost:39543|client:localhost:39921|dataStream:localhost:44273|priority:0|startupRole:FOLLOWER, s1|rpc:localhost:46783|admin:localhost:40179|client:localhost:41765|dataStream:localhost:44515|priority:0|startupRole:FOLLOWER, s2|rpc:localhost:35711|admin:localhost:42283|client:localhost:45049|dataStream:localhost:37547|priority:0|startupRole:FOLLOWER]|listeners:[], old=null
2023-03-21 03:38:27,993 [HandlerDaemon-2] INFO  server.RaftServer$Division (RaftServerImpl.java:requestVote(1299)) - s4@group-858CCA1FFC33: receive requestVote(PRE_VOTE, s1, group-858CCA1FFC33, 1, (t:1, i:0))
2023-03-21 03:38:27,994 [HandlerDaemon-2] INFO  impl.VoteContext (VoteContext.java:log(49)) - s4@group-858CCA1FFC33-FOLLOWER: reject PRE_VOTE from s1: this server is a follower and still has a valid leader s3
2023-03-21 03:38:27,994 [HandlerDaemon-2] INFO  server.RaftServer$Division (RaftServerImpl.java:requestVote(1332)) - s4@group-858CCA1FFC33 replies to PRE_VOTE vote request: s1<-s4#0:FAIL-t1. Peer's state: s4@group-858CCA1FFC33:t1, leader=s3, voted=s3, raftlog=Memoized:s4@group-858CCA1FFC33-SegmentedRaftLog:OPENED:c0, conf=0: peers:[s3|rpc:localhost:44545|admin:localhost:42685|client:localhost:41947|dataStream:localhost:38359|priority:0|startupRole:FOLLOWER, s4|rpc:localhost:43959|admin:localhost:37675|client:localhost:41245|dataStream:localhost:36157|priority:0|startupRole:FOLLOWER, s0|rpc:localhost:41873|admin:localhost:39543|client:localhost:39921|dataStream:localhost:44273|priority:0|startupRole:FOLLOWER, s1|rpc:localhost:46783|admin:localhost:40179|client:localhost:41765|dataStream:localhost:44515|priority:0|startupRole:FOLLOWER, s2|rpc:localhost:35711|admin:localhost:42283|client:localhost:45049|dataStream:localhost:37547|priority:0|startupRole:FOLLOWER]|listeners:[], old=null
2023-03-21 03:38:27,994 [HandlerDaemon-1] INFO  server.RaftServer$Division (RaftServerImpl.java:requestVote(1299)) - s3@group-858CCA1FFC33: receive requestVote(PRE_VOTE, s1, group-858CCA1FFC33, 1, (t:1, i:0))
2023-03-21 03:38:27,995 [HandlerDaemon-1] INFO  impl.VoteContext (VoteContext.java:log(49)) - s3@group-858CCA1FFC33-LEADER: reject PRE_VOTE from s1: this server is the leader and still has leadership
2023-03-21 03:38:27,995 [HandlerDaemon-1] INFO  server.RaftServer$Division (RaftServerImpl.java:requestVote(1332)) - s3@group-858CCA1FFC33 replies to PRE_VOTE vote request: s1<-s3#0:FAIL-t1. Peer's state: s3@group-858CCA1FFC33:t1, leader=s3, voted=s3, raftlog=Memoized:s3@group-858CCA1FFC33-SegmentedRaftLog:OPENED:c0, conf=0: peers:[s3|rpc:localhost:44545|admin:localhost:42685|client:localhost:41947|dataStream:localhost:38359|priority:0|startupRole:FOLLOWER, s4|rpc:localhost:43959|admin:localhost:37675|client:localhost:41245|dataStream:localhost:36157|priority:0|startupRole:FOLLOWER, s0|rpc:localhost:41873|admin:localhost:39543|client:localhost:39921|dataStream:localhost:44273|priority:0|startupRole:FOLLOWER, s1|rpc:localhost:46783|admin:localhost:40179|client:localhost:41765|dataStream:localhost:44515|priority:0|startupRole:FOLLOWER, s2|rpc:localhost:35711|admin:localhost:42283|client:localhost:45049|dataStream:localhost:37547|priority:0|startupRole:FOLLOWER]|listeners:[], old=null
2023-03-21 03:38:27,995 [HandlerDaemon-1] INFO  server.RaftServer$Division (RaftServerImpl.java:requestVote(1299)) - s0@group-858CCA1FFC33: receive requestVote(PRE_VOTE, s1, group-858CCA1FFC33, 1, (t:1, i:0))
2023-03-21 03:38:27,995 [HandlerDaemon-1] INFO  impl.VoteContext (VoteContext.java:log(49)) - s0@group-858CCA1FFC33-FOLLOWER: reject PRE_VOTE from s1: this server is a follower and still has a valid leader s3
2023-03-21 03:38:27,995 [HandlerDaemon-1] INFO  server.RaftServer$Division (RaftServerImpl.java:requestVote(1332)) - s0@group-858CCA1FFC33 replies to PRE_VOTE vote request: s1<-s0#0:FAIL-t1. Peer's state: s0@group-858CCA1FFC33:t1, leader=s3, voted=s3, raftlog=Memoized:s0@group-858CCA1FFC33-SegmentedRaftLog:OPENED:c0, conf=0: peers:[s3|rpc:localhost:44545|admin:localhost:42685|client:localhost:41947|dataStream:localhost:38359|priority:0|startupRole:FOLLOWER, s4|rpc:localhost:43959|admin:localhost:37675|client:localhost:41245|dataStream:localhost:36157|priority:0|startupRole:FOLLOWER, s0|rpc:localhost:41873|admin:localhost:39543|client:localhost:39921|dataStream:localhost:44273|priority:0|startupRole:FOLLOWER, s1|rpc:localhost:46783|admin:localhost:40179|client:localhost:41765|dataStream:localhost:44515|priority:0|startupRole:FOLLOWER, s2|rpc:localhost:35711|admin:localhost:42283|client:localhost:45049|dataStream:localhost:37547|priority:0|startupRole:FOLLOWER]|listeners:[], old=null
2023-03-21 03:38:27,997 [s1@group-858CCA1FFC33-LeaderElection25] INFO  impl.LeaderElection (LeaderElection.java:logAndReturn(89)) - s1@group-858CCA1FFC33-LeaderElection25: PRE_VOTE REJECTED received 3 response(s) and 0 exception(s):
2023-03-21 03:38:27,997 [s1@group-858CCA1FFC33-LeaderElection25] INFO  impl.LeaderElection (LeaderElection.java:logAndReturn(93)) -   Response 0: s1<-s3#0:FAIL-t1
2023-03-21 03:38:27,997 [HandlerDaemon-0] INFO  server.RaftServer$Division (RaftServerImpl.java:requestVote(1299)) - s2@group-858CCA1FFC33: receive requestVote(PRE_VOTE, s1, group-858CCA1FFC33, 1, (t:1, i:0))
2023-03-21 03:38:27,997 [s1@group-858CCA1FFC33-LeaderElection25] INFO  impl.LeaderElection (LeaderElection.java:logAndReturn(93)) -   Response 1: s1<-s4#0:FAIL-t1
2023-03-21 03:38:27,997 [s1@group-858CCA1FFC33-LeaderElection25] INFO  impl.LeaderElection (LeaderElection.java:logAndReturn(93)) -   Response 2: s1<-s0#0:FAIL-t1
2023-03-21 03:38:27,997 [HandlerDaemon-0] INFO  impl.VoteContext (VoteContext.java:log(49)) - s2@group-858CCA1FFC33-FOLLOWER: reject PRE_VOTE from s1: this server is a follower and still has a valid leader s3
2023-03-21 03:38:27,997 [s1@group-858CCA1FFC33-LeaderElection25] INFO  impl.LeaderElection (LeaderElection.java:askForVotes(322)) - s1@group-858CCA1FFC33-LeaderElection25 PRE_VOTE round 0: result REJECTED
2023-03-21 03:38:27,997 [HandlerDaemon-0] INFO  server.RaftServer$Division (RaftServerImpl.java:requestVote(1332)) - s2@group-858CCA1FFC33 replies to PRE_VOTE vote request: s1<-s2#0:FAIL-t1. Peer's state: s2@group-858CCA1FFC33:t1, leader=s3, voted=s3, raftlog=Memoized:s2@group-858CCA1FFC33-SegmentedRaftLog:OPENED:c0, conf=0: peers:[s3|rpc:localhost:44545|admin:localhost:42685|client:localhost:41947|dataStream:localhost:38359|priority:0|startupRole:FOLLOWER, s4|rpc:localhost:43959|admin:localhost:37675|client:localhost:41245|dataStream:localhost:36157|priority:0|startupRole:FOLLOWER, s0|rpc:localhost:41873|admin:localhost:39543|client:localhost:39921|dataStream:localhost:44273|priority:0|startupRole:FOLLOWER, s1|rpc:localhost:46783|admin:localhost:40179|client:localhost:41765|dataStream:localhost:44515|priority:0|startupRole:FOLLOWER, s2|rpc:localhost:35711|admin:localhost:42283|client:localhost:45049|dataStream:localhost:37547|priority:0|startupRole:FOLLOWER]|listeners:[], old=null
2023-03-21 03:38:27,997 [s1@group-858CCA1FFC33-LeaderElection25] INFO  server.RaftServer$Division (RaftServerImpl.java:setRole(329)) - s1@group-858CCA1FFC33: changes role from CANDIDATE to FOLLOWER at term 1 for REJECTED
2023-03-21 03:38:27,998 [s1@group-858CCA1FFC33-LeaderElection25] INFO  impl.RoleInfo (RoleInfo.java:shutdownLeaderElection(130)) - s1: shutdown s1@group-858CCA1FFC33-LeaderElection25
2023-03-21 03:38:27,998 [s1@group-858CCA1FFC33-LeaderElection25] INFO  impl.RoleInfo (RoleInfo.java:updateAndGet(139)) - s1: start s1@group-858CCA1FFC33-FollowerState
2023-03-21 03:38:28,002 [HandlerDaemon-1] INFO  server.RaftServer$Division (ServerState.java:setLeader(260)) - s1@group-858CCA1FFC33: change Leader from null to s3 at term 1 for appendEntries, leader elected after 334ms
2023-03-21 03:38:28,097 [HandlerDaemon-0] INFO  server.RaftServer$Division (RaftServerImpl.java:requestVote(1299)) - s1@group-858CCA1FFC33: receive requestVote(PRE_VOTE, s2, group-858CCA1FFC33, 1, (t:1, i:0))
2023-03-21 03:38:28,097 [HandlerDaemon-0] INFO  impl.VoteContext (VoteContext.java:log(49)) - s1@group-858CCA1FFC33-FOLLOWER: reject PRE_VOTE from s2: this server is a follower and still has a valid leader s3
2023-03-21 03:38:28,097 [HandlerDaemon-0] INFO  server.RaftServer$Division (RaftServerImpl.java:requestVote(1332)) - s1@group-858CCA1FFC33 replies to PRE_VOTE vote request: s2<-s1#0:FAIL-t1. Peer's state: s1@group-858CCA1FFC33:t1, leader=s3, voted=s3, raftlog=Memoized:s1@group-858CCA1FFC33-SegmentedRaftLog:OPENED:c0, conf=0: peers:[s3|rpc:localhost:44545|admin:localhost:42685|client:localhost:41947|dataStream:localhost:38359|priority:0|startupRole:FOLLOWER, s4|rpc:localhost:43959|admin:localhost:37675|client:localhost:41245|dataStream:localhost:36157|priority:0|startupRole:FOLLOWER, s0|rpc:localhost:41873|admin:localhost:39543|client:localhost:39921|dataStream:localhost:44273|priority:0|startupRole:FOLLOWER, s1|rpc:localhost:46783|admin:localhost:40179|client:localhost:41765|dataStream:localhost:44515|priority:0|startupRole:FOLLOWER, s2|rpc:localhost:35711|admin:localhost:42283|client:localhost:45049|dataStream:localhost:37547|priority:0|startupRole:FOLLOWER]|listeners:[], old=null
2023-03-21 03:38:28,275 [Time-limited test] INFO  simulation.TestLeaderElectionWithSimulatedRpc (LeaderElectionTests.java:enforceLeader(318)) - try enforcing leader to s1 but new leader is s3
2023-03-21 03:38:28,276 [Time-limited test] INFO  server.RaftServerConfigKeys (ConfUtils.java:logGet(46)) - raft.server.rpc.timeout.max = 300ms (default)
2023-03-21 03:38:28,432 [s2@group-858CCA1FFC33-FollowerState] INFO  impl.FollowerState (FollowerState.java:run(143)) - s2@group-858CCA1FFC33-FollowerState: change to CANDIDATE, lastRpcElapsedTime:171092598ns, electionTimeout:155ms
2023-03-21 03:38:28,432 [s2@group-858CCA1FFC33-FollowerState] INFO  impl.RoleInfo (RoleInfo.java:shutdownFollowerState(110)) - s2: shutdown s2@group-858CCA1FFC33-FollowerState
2023-03-21 03:38:28,432 [s2@group-858CCA1FFC33-FollowerState] INFO  server.RaftServer$Division (RaftServerImpl.java:setRole(329)) - s2@group-858CCA1FFC33: changes role from  FOLLOWER to CANDIDATE at term 1 for changeToCandidate
2023-03-21 03:38:28,432 [s2@group-858CCA1FFC33-FollowerState] INFO  server.RaftServerConfigKeys (ConfUtils.java:logGet(46)) - raft.server.leaderelection.pre-vote = true (default)
2023-03-21 03:38:28,432 [s2@group-858CCA1FFC33-FollowerState] INFO  impl.RoleInfo (RoleInfo.java:updateAndGet(139)) - s2: start s2@group-858CCA1FFC33-LeaderElection26
2023-03-21 03:38:28,435 [s2@group-858CCA1FFC33-LeaderElection26] INFO  server.RaftServer$Division (ServerState.java:setLeader(260)) - s2@group-858CCA1FFC33: change Leader from s3 to null at term 1 for PRE_VOTE
2023-03-21 03:38:28,435 [s2@group-858CCA1FFC33-LeaderElection26] INFO  impl.LeaderElection (LeaderElection.java:askForVotes(320)) - s2@group-858CCA1FFC33-LeaderElection26 PRE_VOTE round 0: submit vote requests at term 1 for 0: peers:[s3|rpc:localhost:44545|admin:localhost:42685|client:localhost:41947|dataStream:localhost:38359|priority:0|startupRole:FOLLOWER, s4|rpc:localhost:43959|admin:localhost:37675|client:localhost:41245|dataStream:localhost:36157|priority:0|startupRole:FOLLOWER, s0|rpc:localhost:41873|admin:localhost:39543|client:localhost:39921|dataStream:localhost:44273|priority:0|startupRole:FOLLOWER, s1|rpc:localhost:46783|admin:localhost:40179|client:localhost:41765|dataStream:localhost:44515|priority:0|startupRole:FOLLOWER, s2|rpc:localhost:35711|admin:localhost:42283|client:localhost:45049|dataStream:localhost:37547|priority:0|startupRole:FOLLOWER]|listeners:[], old=null
2023-03-21 03:38:28,486 [HandlerDaemon-1] INFO  server.RaftServer$Division (RaftServerImpl.java:setRole(329)) - s2@group-858CCA1FFC33: changes role from CANDIDATE to FOLLOWER at term 1 for appendEntries
2023-03-21 03:38:28,487 [HandlerDaemon-1] INFO  impl.RoleInfo (RoleInfo.java:shutdownLeaderElection(130)) - s2: shutdown s2@group-858CCA1FFC33-LeaderElection26
2023-03-21 03:38:28,487 [HandlerDaemon-1] INFO  impl.RoleInfo (RoleInfo.java:updateAndGet(139)) - s2: start s2@group-858CCA1FFC33-FollowerState
2023-03-21 03:38:28,487 [HandlerDaemon-1] INFO  server.RaftServer$Division (ServerState.java:setLeader(260)) - s2@group-858CCA1FFC33: change Leader from null to s3 at term 1 for appendEntries, leader elected after 52ms
2023-03-21 03:38:28,577 [s1@group-858CCA1FFC33-FollowerState] INFO  impl.FollowerState (FollowerState.java:run(143)) - s1@group-858CCA1FFC33-FollowerState: change to CANDIDATE, lastRpcElapsedTime:347768242ns, electionTimeout:284ms
2023-03-21 03:38:28,577 [s1@group-858CCA1FFC33-FollowerState] INFO  impl.RoleInfo (RoleInfo.java:shutdownFollowerState(110)) - s1: shutdown s1@group-858CCA1FFC33-FollowerState
2023-03-21 03:38:28,577 [s1@group-858CCA1FFC33-FollowerState] INFO  server.RaftServer$Division (RaftServerImpl.java:setRole(329)) - s1@group-858CCA1FFC33: changes role from  FOLLOWER to CANDIDATE at term 1 for changeToCandidate
2023-03-21 03:38:28,578 [s1@group-858CCA1FFC33-FollowerState] INFO  server.RaftServerConfigKeys (ConfUtils.java:logGet(46)) - raft.server.leaderelection.pre-vote = true (default)
2023-03-21 03:38:28,578 [s1@group-858CCA1FFC33-FollowerState] INFO  impl.RoleInfo (RoleInfo.java:updateAndGet(139)) - s1: start s1@group-858CCA1FFC33-LeaderElection27
2023-03-21 03:38:28,579 [s1@group-858CCA1FFC33-LeaderElection27] INFO  server.RaftServer$Division (ServerState.java:setLeader(260)) - s1@group-858CCA1FFC33: change Leader from s3 to null at term 1 for PRE_VOTE
2023-03-21 03:38:28,579 [s1@group-858CCA1FFC33-LeaderElection27] INFO  impl.LeaderElection (LeaderElection.java:askForVotes(320)) - s1@group-858CCA1FFC33-LeaderElection27 PRE_VOTE round 0: submit vote requests at term 1 for 0: peers:[s3|rpc:localhost:44545|admin:localhost:42685|client:localhost:41947|dataStream:localhost:38359|priority:0|startupRole:FOLLOWER, s4|rpc:localhost:43959|admin:localhost:37675|client:localhost:41245|dataStream:localhost:36157|priority:0|startupRole:FOLLOWER, s0|rpc:localhost:41873|admin:localhost:39543|client:localhost:39921|dataStream:localhost:44273|priority:0|startupRole:FOLLOWER, s1|rpc:localhost:46783|admin:localhost:40179|client:localhost:41765|dataStream:localhost:44515|priority:0|startupRole:FOLLOWER, s2|rpc:localhost:35711|admin:localhost:42283|client:localhost:45049|dataStream:localhost:37547|priority:0|startupRole:FOLLOWER]|listeners:[], old=null
2023-03-21 03:38:28,586 [HandlerDaemon-2] INFO  server.RaftServer$Division (RaftServerImpl.java:requestVote(1299)) - s3@group-858CCA1FFC33: receive requestVote(PRE_VOTE, s2, group-858CCA1FFC33, 1, (t:1, i:0))
2023-03-21 03:38:28,586 [HandlerDaemon-2] INFO  impl.VoteContext (VoteContext.java:log(49)) - s3@group-858CCA1FFC33-LEADER: reject PRE_VOTE from s2: this server is the leader and still has leadership
2023-03-21 03:38:28,586 [HandlerDaemon-2] INFO  server.RaftServer$Division (RaftServerImpl.java:requestVote(1299)) - s4@group-858CCA1FFC33: receive requestVote(PRE_VOTE, s2, group-858CCA1FFC33, 1, (t:1, i:0))
2023-03-21 03:38:28,586 [HandlerDaemon-2] INFO  impl.VoteContext (VoteContext.java:log(49)) - s4@group-858CCA1FFC33-FOLLOWER: reject PRE_VOTE from s2: this server is a follower and still has a valid leader s3
2023-03-21 03:38:28,586 [HandlerDaemon-2] INFO  server.RaftServer$Division (RaftServerImpl.java:requestVote(1332)) - s4@group-858CCA1FFC33 replies to PRE_VOTE vote request: s2<-s4#0:FAIL-t1. Peer's state: s4@group-858CCA1FFC33:t1, leader=s3, voted=s3, raftlog=Memoized:s4@group-858CCA1FFC33-SegmentedRaftLog:OPENED:c0, conf=0: peers:[s3|rpc:localhost:44545|admin:localhost:42685|client:localhost:41947|dataStream:localhost:38359|priority:0|startupRole:FOLLOWER, s4|rpc:localhost:43959|admin:localhost:37675|client:localhost:41245|dataStream:localhost:36157|priority:0|startupRole:FOLLOWER, s0|rpc:localhost:41873|admin:localhost:39543|client:localhost:39921|dataStream:localhost:44273|priority:0|startupRole:FOLLOWER, s1|rpc:localhost:46783|admin:localhost:40179|client:localhost:41765|dataStream:localhost:44515|priority:0|startupRole:FOLLOWER, s2|rpc:localhost:35711|admin:localhost:42283|client:localhost:45049|dataStream:localhost:37547|priority:0|startupRole:FOLLOWER]|listeners:[], old=null
2023-03-21 03:38:28,587 [s2@group-858CCA1FFC33-LeaderElection26] INFO  impl.LeaderElection (LeaderElection.java:logAndReturn(89)) - s2@group-858CCA1FFC33-LeaderElection26: PRE_VOTE REJECTED received 1 response(s) and 0 exception(s):
2023-03-21 03:38:28,587 [s2@group-858CCA1FFC33-LeaderElection26] INFO  impl.LeaderElection (LeaderElection.java:logAndReturn(93)) -   Response 0: s2<-s4#0:FAIL-t1
2023-03-21 03:38:28,587 [s2@group-858CCA1FFC33-LeaderElection26] INFO  impl.LeaderElection (LeaderElection.java:askForVotes(322)) - s2@group-858CCA1FFC33-LeaderElection26 PRE_VOTE round 0: result REJECTED
2023-03-21 03:38:28,586 [HandlerDaemon-2] INFO  server.RaftServer$Division (RaftServerImpl.java:requestVote(1332)) - s3@group-858CCA1FFC33 replies to PRE_VOTE vote request: s2<-s3#0:FAIL-t1. Peer's state: s3@group-858CCA1FFC33:t1, leader=s3, voted=s3, raftlog=Memoized:s3@group-858CCA1FFC33-SegmentedRaftLog:OPENED:c0, conf=0: peers:[s3|rpc:localhost:44545|admin:localhost:42685|client:localhost:41947|dataStream:localhost:38359|priority:0|startupRole:FOLLOWER, s4|rpc:localhost:43959|admin:localhost:37675|client:localhost:41245|dataStream:localhost:36157|priority:0|startupRole:FOLLOWER, s0|rpc:localhost:41873|admin:localhost:39543|client:localhost:39921|dataStream:localhost:44273|priority:0|startupRole:FOLLOWER, s1|rpc:localhost:46783|admin:localhost:40179|client:localhost:41765|dataStream:localhost:44515|priority:0|startupRole:FOLLOWER, s2|rpc:localhost:35711|admin:localhost:42283|client:localhost:45049|dataStream:localhost:37547|priority:0|startupRole:FOLLOWER]|listeners:[], old=null
2023-03-21 03:38:28,587 [HandlerDaemon-1] INFO  server.RaftServer$Division (RaftServerImpl.java:requestVote(1299)) - s0@group-858CCA1FFC33: receive requestVote(PRE_VOTE, s2, group-858CCA1FFC33, 1, (t:1, i:0))
2023-03-21 03:38:28,587 [HandlerDaemon-1] INFO  impl.VoteContext (VoteContext.java:log(49)) - s0@group-858CCA1FFC33-FOLLOWER: reject PRE_VOTE from s2: this server is a follower and still has a valid leader s3
2023-03-21 03:38:28,587 [HandlerDaemon-1] INFO  server.RaftServer$Division (RaftServerImpl.java:requestVote(1332)) - s0@group-858CCA1FFC33 replies to PRE_VOTE vote request: s2<-s0#0:FAIL-t1. Peer's state: s0@group-858CCA1FFC33:t1, leader=s3, voted=s3, raftlog=Memoized:s0@group-858CCA1FFC33-SegmentedRaftLog:OPENED:c0, conf=0: peers:[s3|rpc:localhost:44545|admin:localhost:42685|client:localhost:41947|dataStream:localhost:38359|priority:0|startupRole:FOLLOWER, s4|rpc:localhost:43959|admin:localhost:37675|client:localhost:41245|dataStream:localhost:36157|priority:0|startupRole:FOLLOWER, s0|rpc:localhost:41873|admin:localhost:39543|client:localhost:39921|dataStream:localhost:44273|priority:0|startupRole:FOLLOWER, s1|rpc:localhost:46783|admin:localhost:40179|client:localhost:41765|dataStream:localhost:44515|priority:0|startupRole:FOLLOWER, s2|rpc:localhost:35711|admin:localhost:42283|client:localhost:45049|dataStream:localhost:37547|priority:0|startupRole:FOLLOWER]|listeners:[], old=null
2023-03-21 03:38:28,726 [Time-limited test] INFO  server.RaftServerConfigKeys (ConfUtils.java:logGet(46)) - raft.server.rpc.timeout.max = 300ms (default)
2023-03-21 03:38:28,730 [HandlerDaemon-0] INFO  server.RaftServer$Division (RaftServerImpl.java:requestVote(1299)) - s3@group-858CCA1FFC33: receive requestVote(PRE_VOTE, s1, group-858CCA1FFC33, 1, (t:1, i:0))
2023-03-21 03:38:28,730 [HandlerDaemon-0] INFO  impl.VoteContext (VoteContext.java:log(49)) - s3@group-858CCA1FFC33-LEADER: reject PRE_VOTE from s1: this server is the leader and still has leadership
2023-03-21 03:38:28,731 [HandlerDaemon-0] INFO  server.RaftServer$Division (RaftServerImpl.java:requestVote(1332)) - s3@group-858CCA1FFC33 replies to PRE_VOTE vote request: s1<-s3#0:FAIL-t1. Peer's state: s3@group-858CCA1FFC33:t1, leader=s3, voted=s3, raftlog=Memoized:s3@group-858CCA1FFC33-SegmentedRaftLog:OPENED:c0, conf=0: peers:[s3|rpc:localhost:44545|admin:localhost:42685|client:localhost:41947|dataStream:localhost:38359|priority:0|startupRole:FOLLOWER, s4|rpc:localhost:43959|admin:localhost:37675|client:localhost:41245|dataStream:localhost:36157|priority:0|startupRole:FOLLOWER, s0|rpc:localhost:41873|admin:localhost:39543|client:localhost:39921|dataStream:localhost:44273|priority:0|startupRole:FOLLOWER, s1|rpc:localhost:46783|admin:localhost:40179|client:localhost:41765|dataStream:localhost:44515|priority:0|startupRole:FOLLOWER, s2|rpc:localhost:35711|admin:localhost:42283|client:localhost:45049|dataStream:localhost:37547|priority:0|startupRole:FOLLOWER]|listeners:[], old=null
2023-03-21 03:38:28,731 [HandlerDaemon-0] INFO  server.RaftServer$Division (RaftServerImpl.java:requestVote(1299)) - s0@group-858CCA1FFC33: receive requestVote(PRE_VOTE, s1, group-858CCA1FFC33, 1, (t:1, i:0))
2023-03-21 03:38:28,731 [HandlerDaemon-0] INFO  impl.VoteContext (VoteContext.java:log(49)) - s0@group-858CCA1FFC33-FOLLOWER: reject PRE_VOTE from s1: this server is a follower and still has a valid leader s3
2023-03-21 03:38:28,731 [HandlerDaemon-1] INFO  server.RaftServer$Division (RaftServerImpl.java:requestVote(1299)) - s4@group-858CCA1FFC33: receive requestVote(PRE_VOTE, s1, group-858CCA1FFC33, 1, (t:1, i:0))
2023-03-21 03:38:28,731 [HandlerDaemon-1] INFO  impl.VoteContext (VoteContext.java:log(49)) - s4@group-858CCA1FFC33-FOLLOWER: reject PRE_VOTE from s1: this server is a follower and still has a valid leader s3
2023-03-21 03:38:28,731 [HandlerDaemon-1] INFO  server.RaftServer$Division (RaftServerImpl.java:requestVote(1332)) - s4@group-858CCA1FFC33 replies to PRE_VOTE vote request: s1<-s4#0:FAIL-t1. Peer's state: s4@group-858CCA1FFC33:t1, leader=s3, voted=s3, raftlog=Memoized:s4@group-858CCA1FFC33-SegmentedRaftLog:OPENED:c0, conf=0: peers:[s3|rpc:localhost:44545|admin:localhost:42685|client:localhost:41947|dataStream:localhost:38359|priority:0|startupRole:FOLLOWER, s4|rpc:localhost:43959|admin:localhost:37675|client:localhost:41245|dataStream:localhost:36157|priority:0|startupRole:FOLLOWER, s0|rpc:localhost:41873|admin:localhost:39543|client:localhost:39921|dataStream:localhost:44273|priority:0|startupRole:FOLLOWER, s1|rpc:localhost:46783|admin:localhost:40179|client:localhost:41765|dataStream:localhost:44515|priority:0|startupRole:FOLLOWER, s2|rpc:localhost:35711|admin:localhost:42283|client:localhost:45049|dataStream:localhost:37547|priority:0|startupRole:FOLLOWER]|listeners:[], old=null
2023-03-21 03:38:28,731 [HandlerDaemon-0] INFO  server.RaftServer$Division (RaftServerImpl.java:requestVote(1332)) - s0@group-858CCA1FFC33 replies to PRE_VOTE vote request: s1<-s0#0:FAIL-t1. Peer's state: s0@group-858CCA1FFC33:t1, leader=s3, voted=s3, raftlog=Memoized:s0@group-858CCA1FFC33-SegmentedRaftLog:OPENED:c0, conf=0: peers:[s3|rpc:localhost:44545|admin:localhost:42685|client:localhost:41947|dataStream:localhost:38359|priority:0|startupRole:FOLLOWER, s4|rpc:localhost:43959|admin:localhost:37675|client:localhost:41245|dataStream:localhost:36157|priority:0|startupRole:FOLLOWER, s0|rpc:localhost:41873|admin:localhost:39543|client:localhost:39921|dataStream:localhost:44273|priority:0|startupRole:FOLLOWER, s1|rpc:localhost:46783|admin:localhost:40179|client:localhost:41765|dataStream:localhost:44515|priority:0|startupRole:FOLLOWER, s2|rpc:localhost:35711|admin:localhost:42283|client:localhost:45049|dataStream:localhost:37547|priority:0|startupRole:FOLLOWER]|listeners:[], old=null
2023-03-21 03:38:28,731 [HandlerDaemon-2] INFO  server.RaftServer$Division (RaftServerImpl.java:requestVote(1299)) - s2@group-858CCA1FFC33: receive requestVote(PRE_VOTE, s1, group-858CCA1FFC33, 1, (t:1, i:0))
2023-03-21 03:38:28,731 [HandlerDaemon-2] INFO  impl.VoteContext (VoteContext.java:log(49)) - s2@group-858CCA1FFC33-FOLLOWER: reject PRE_VOTE from s1: this server is a follower and still has a valid leader s3
2023-03-21 03:38:28,731 [HandlerDaemon-2] INFO  server.RaftServer$Division (RaftServerImpl.java:requestVote(1332)) - s2@group-858CCA1FFC33 replies to PRE_VOTE vote request: s1<-s2#0:FAIL-t1. Peer's state: s2@group-858CCA1FFC33:t1, leader=s3, voted=s3, raftlog=Memoized:s2@group-858CCA1FFC33-SegmentedRaftLog:OPENED:c0, conf=0: peers:[s3|rpc:localhost:44545|admin:localhost:42685|client:localhost:41947|dataStream:localhost:38359|priority:0|startupRole:FOLLOWER, s4|rpc:localhost:43959|admin:localhost:37675|client:localhost:41245|dataStream:localhost:36157|priority:0|startupRole:FOLLOWER, s0|rpc:localhost:41873|admin:localhost:39543|client:localhost:39921|dataStream:localhost:44273|priority:0|startupRole:FOLLOWER, s1|rpc:localhost:46783|admin:localhost:40179|client:localhost:41765|dataStream:localhost:44515|priority:0|startupRole:FOLLOWER, s2|rpc:localhost:35711|admin:localhost:42283|client:localhost:45049|dataStream:localhost:37547|priority:0|startupRole:FOLLOWER]|listeners:[], old=null
2023-03-21 03:38:28,732 [s1@group-858CCA1FFC33-LeaderElection27] INFO  impl.LeaderElection (LeaderElection.java:logAndReturn(89)) - s1@group-858CCA1FFC33-LeaderElection27: PRE_VOTE REJECTED received 3 response(s) and 0 exception(s):
2023-03-21 03:38:28,732 [s1@group-858CCA1FFC33-LeaderElection27] INFO  impl.LeaderElection (LeaderElection.java:logAndReturn(93)) -   Response 0: s1<-s3#0:FAIL-t1
2023-03-21 03:38:28,732 [s1@group-858CCA1FFC33-LeaderElection27] INFO  impl.LeaderElection (LeaderElection.java:logAndReturn(93)) -   Response 1: s1<-s0#0:FAIL-t1
2023-03-21 03:38:28,732 [s1@group-858CCA1FFC33-LeaderElection27] INFO  impl.LeaderElection (LeaderElection.java:logAndReturn(93)) -   Response 2: s1<-s2#0:FAIL-t1
2023-03-21 03:38:28,732 [s1@group-858CCA1FFC33-LeaderElection27] INFO  impl.LeaderElection (LeaderElection.java:askForVotes(322)) - s1@group-858CCA1FFC33-LeaderElection27 PRE_VOTE round 0: result REJECTED
2023-03-21 03:38:28,732 [s1@group-858CCA1FFC33-LeaderElection27] INFO  server.RaftServer$Division (RaftServerImpl.java:setRole(329)) - s1@group-858CCA1FFC33: changes role from CANDIDATE to FOLLOWER at term 1 for REJECTED
2023-03-21 03:38:28,732 [s1@group-858CCA1FFC33-LeaderElection27] INFO  impl.RoleInfo (RoleInfo.java:shutdownLeaderElection(130)) - s1: shutdown s1@group-858CCA1FFC33-LeaderElection27
2023-03-21 03:38:28,732 [s1@group-858CCA1FFC33-LeaderElection27] INFO  impl.RoleInfo (RoleInfo.java:updateAndGet(139)) - s1: start s1@group-858CCA1FFC33-FollowerState
2023-03-21 03:38:28,736 [HandlerDaemon-0] INFO  server.RaftServer$Division (RaftServerImpl.java:requestVote(1299)) - s1@group-858CCA1FFC33: receive requestVote(PRE_VOTE, s2, group-858CCA1FFC33, 1, (t:1, i:0))
2023-03-21 03:38:28,737 [HandlerDaemon-0] INFO  impl.VoteContext (VoteContext.java:log(49)) - s1@group-858CCA1FFC33-FOLLOWER: accept PRE_VOTE from s2: our priority 0 <= candidate's priority 0
2023-03-21 03:38:28,737 [HandlerDaemon-0] INFO  server.RaftServer$Division (RaftServerImpl.java:requestVote(1332)) - s1@group-858CCA1FFC33 replies to PRE_VOTE vote request: s2<-s1#0:OK-t1. Peer's state: s1@group-858CCA1FFC33:t1, leader=null, voted=s3, raftlog=Memoized:s1@group-858CCA1FFC33-SegmentedRaftLog:OPENED:c0, conf=0: peers:[s3|rpc:localhost:44545|admin:localhost:42685|client:localhost:41947|dataStream:localhost:38359|priority:0|startupRole:FOLLOWER, s4|rpc:localhost:43959|admin:localhost:37675|client:localhost:41245|dataStream:localhost:36157|priority:0|startupRole:FOLLOWER, s0|rpc:localhost:41873|admin:localhost:39543|client:localhost:39921|dataStream:localhost:44273|priority:0|startupRole:FOLLOWER, s1|rpc:localhost:46783|admin:localhost:40179|client:localhost:41765|dataStream:localhost:44515|priority:0|startupRole:FOLLOWER, s2|rpc:localhost:35711|admin:localhost:42283|client:localhost:45049|dataStream:localhost:37547|priority:0|startupRole:FOLLOWER]|listeners:[], old=null
2023-03-21 03:38:28,802 [Timer-1] INFO  impl.MiniRaftCluster (MiniRaftCluster.java:lambda$start$6(349)) - TIMED-PRINT: printing ALL groups
  s3:  RUNNING    LEADER s3@group-858CCA1FFC33:t1, leader=s3, voted=s3, raftlog=Memoized:s3@group-858CCA1FFC33-SegmentedRaftLog:OPENED:c0, conf=0: peers:[s3|rpc:localhost:44545|admin:localhost:42685|client:localhost:41947|dataStream:localhost:38359|priority:0|startupRole:FOLLOWER, s4|rpc:localhost:43959|admin:localhost:37675|client:localhost:41245|dataStream:localhost:36157|priority:0|startupRole:FOLLOWER, s0|rpc:localhost:41873|admin:localhost:39543|client:localhost:39921|dataStream:localhost:44273|priority:0|startupRole:FOLLOWER, s1|rpc:localhost:46783|admin:localhost:40179|client:localhost:41765|dataStream:localhost:44515|priority:0|startupRole:FOLLOWER, s2|rpc:localhost:35711|admin:localhost:42283|client:localhost:45049|dataStream:localhost:37547|priority:0|startupRole:FOLLOWER]|listeners:[], old=null RUNNING
  s4:  RUNNING  FOLLOWER s4@group-858CCA1FFC33:t1, leader=s3, voted=s3, raftlog=Memoized:s4@group-858CCA1FFC33-SegmentedRaftLog:OPENED:c0, conf=0: peers:[s3|rpc:localhost:44545|admin:localhost:42685|client:localhost:41947|dataStream:localhost:38359|priority:0|startupRole:FOLLOWER, s4|rpc:localhost:43959|admin:localhost:37675|client:localhost:41245|dataStream:localhost:36157|priority:0|startupRole:FOLLOWER, s0|rpc:localhost:41873|admin:localhost:39543|client:localhost:39921|dataStream:localhost:44273|priority:0|startupRole:FOLLOWER, s1|rpc:localhost:46783|admin:localhost:40179|client:localhost:41765|dataStream:localhost:44515|priority:0|startupRole:FOLLOWER, s2|rpc:localhost:35711|admin:localhost:42283|client:localhost:45049|dataStream:localhost:37547|priority:0|startupRole:FOLLOWER]|listeners:[], old=null RUNNING
  s0:  RUNNING  FOLLOWER s0@group-858CCA1FFC33:t1, leader=s3, voted=s3, raftlog=Memoized:s0@group-858CCA1FFC33-SegmentedRaftLog:OPENED:c0, conf=0: peers:[s3|rpc:localhost:44545|admin:localhost:42685|client:localhost:41947|dataStream:localhost:38359|priority:0|startupRole:FOLLOWER, s4|rpc:localhost:43959|admin:localhost:37675|client:localhost:41245|dataStream:localhost:36157|priority:0|startupRole:FOLLOWER, s0|rpc:localhost:41873|admin:localhost:39543|client:localhost:39921|dataStream:localhost:44273|priority:0|startupRole:FOLLOWER, s1|rpc:localhost:46783|admin:localhost:40179|client:localhost:41765|dataStream:localhost:44515|priority:0|startupRole:FOLLOWER, s2|rpc:localhost:35711|admin:localhost:42283|client:localhost:45049|dataStream:localhost:37547|priority:0|startupRole:FOLLOWER]|listeners:[], old=null RUNNING
  s1:  RUNNING  FOLLOWER s1@group-858CCA1FFC33:t1, leader=null, voted=s3, raftlog=Memoized:s1@group-858CCA1FFC33-SegmentedRaftLog:OPENED:c0, conf=0: peers:[s3|rpc:localhost:44545|admin:localhost:42685|client:localhost:41947|dataStream:localhost:38359|priority:0|startupRole:FOLLOWER, s4|rpc:localhost:43959|admin:localhost:37675|client:localhost:41245|dataStream:localhost:36157|priority:0|startupRole:FOLLOWER, s0|rpc:localhost:41873|admin:localhost:39543|client:localhost:39921|dataStream:localhost:44273|priority:0|startupRole:FOLLOWER, s1|rpc:localhost:46783|admin:localhost:40179|client:localhost:41765|dataStream:localhost:44515|priority:0|startupRole:FOLLOWER, s2|rpc:localhost:35711|admin:localhost:42283|client:localhost:45049|dataStream:localhost:37547|priority:0|startupRole:FOLLOWER]|listeners:[], old=null RUNNING
  s2:  RUNNING  FOLLOWER s2@group-858CCA1FFC33:t1, leader=s3, voted=s3, raftlog=Memoized:s2@group-858CCA1FFC33-SegmentedRaftLog:OPENED:c0, conf=0: peers:[s3|rpc:localhost:44545|admin:localhost:42685|client:localhost:41947|dataStream:localhost:38359|priority:0|startupRole:FOLLOWER, s4|rpc:localhost:43959|admin:localhost:37675|client:localhost:41245|dataStream:localhost:36157|priority:0|startupRole:FOLLOWER, s0|rpc:localhost:41873|admin:localhost:39543|client:localhost:39921|dataStream:localhost:44273|priority:0|startupRole:FOLLOWER, s1|rpc:localhost:46783|admin:localhost:40179|client:localhost:41765|dataStream:localhost:44515|priority:0|startupRole:FOLLOWER, s2|rpc:localhost:35711|admin:localhost:42283|client:localhost:45049|dataStream:localhost:37547|priority:0|startupRole:FOLLOWER]|listeners:[], old=null RUNNING
2023-03-21 03:38:28,906 [HandlerDaemon-1] INFO  server.RaftServer$Division (ServerState.java:setLeader(260)) - s1@group-858CCA1FFC33: change Leader from null to s3 at term 1 for appendEntries, leader elected after 327ms
2023-03-21 03:38:29,177 [Time-limited test] INFO  simulation.TestLeaderElectionWithSimulatedRpc (LeaderElectionTests.java:enforceLeader(321)) - printing ALL groups
  s3:  RUNNING    LEADER s3@group-858CCA1FFC33:t1, leader=s3, voted=s3, raftlog=Memoized:s3@group-858CCA1FFC33-SegmentedRaftLog:OPENED:c0, conf=0: peers:[s3|rpc:localhost:44545|admin:localhost:42685|client:localhost:41947|dataStream:localhost:38359|priority:0|startupRole:FOLLOWER, s4|rpc:localhost:43959|admin:localhost:37675|client:localhost:41245|dataStream:localhost:36157|priority:0|startupRole:FOLLOWER, s0|rpc:localhost:41873|admin:localhost:39543|client:localhost:39921|dataStream:localhost:44273|priority:0|startupRole:FOLLOWER, s1|rpc:localhost:46783|admin:localhost:40179|client:localhost:41765|dataStream:localhost:44515|priority:0|startupRole:FOLLOWER, s2|rpc:localhost:35711|admin:localhost:42283|client:localhost:45049|dataStream:localhost:37547|priority:0|startupRole:FOLLOWER]|listeners:[], old=null RUNNING
  s4:  RUNNING  FOLLOWER s4@group-858CCA1FFC33:t1, leader=s3, voted=s3, raftlog=Memoized:s4@group-858CCA1FFC33-SegmentedRaftLog:OPENED:c0, conf=0: peers:[s3|rpc:localhost:44545|admin:localhost:42685|client:localhost:41947|dataStream:localhost:38359|priority:0|startupRole:FOLLOWER, s4|rpc:localhost:43959|admin:localhost:37675|client:localhost:41245|dataStream:localhost:36157|priority:0|startupRole:FOLLOWER, s0|rpc:localhost:41873|admin:localhost:39543|client:localhost:39921|dataStream:localhost:44273|priority:0|startupRole:FOLLOWER, s1|rpc:localhost:46783|admin:localhost:40179|client:localhost:41765|dataStream:localhost:44515|priority:0|startupRole:FOLLOWER, s2|rpc:localhost:35711|admin:localhost:42283|client:localhost:45049|dataStream:localhost:37547|priority:0|startupRole:FOLLOWER]|listeners:[], old=null RUNNING
  s0:  RUNNING  FOLLOWER s0@group-858CCA1FFC33:t1, leader=s3, voted=s3, raftlog=Memoized:s0@group-858CCA1FFC33-SegmentedRaftLog:OPENED:c0, conf=0: peers:[s3|rpc:localhost:44545|admin:localhost:42685|client:localhost:41947|dataStream:localhost:38359|priority:0|startupRole:FOLLOWER, s4|rpc:localhost:43959|admin:localhost:37675|client:localhost:41245|dataStream:localhost:36157|priority:0|startupRole:FOLLOWER, s0|rpc:localhost:41873|admin:localhost:39543|client:localhost:39921|dataStream:localhost:44273|priority:0|startupRole:FOLLOWER, s1|rpc:localhost:46783|admin:localhost:40179|client:localhost:41765|dataStream:localhost:44515|priority:0|startupRole:FOLLOWER, s2|rpc:localhost:35711|admin:localhost:42283|client:localhost:45049|dataStream:localhost:37547|priority:0|startupRole:FOLLOWER]|listeners:[], old=null RUNNING
  s1:  RUNNING  FOLLOWER s1@group-858CCA1FFC33:t1, leader=s3, voted=s3, raftlog=Memoized:s1@group-858CCA1FFC33-SegmentedRaftLog:OPENED:c0, conf=0: peers:[s3|rpc:localhost:44545|admin:localhost:42685|client:localhost:41947|dataStream:localhost:38359|priority:0|startupRole:FOLLOWER, s4|rpc:localhost:43959|admin:localhost:37675|client:localhost:41245|dataStream:localhost:36157|priority:0|startupRole:FOLLOWER, s0|rpc:localhost:41873|admin:localhost:39543|client:localhost:39921|dataStream:localhost:44273|priority:0|startupRole:FOLLOWER, s1|rpc:localhost:46783|admin:localhost:40179|client:localhost:41765|dataStream:localhost:44515|priority:0|startupRole:FOLLOWER, s2|rpc:localhost:35711|admin:localhost:42283|client:localhost:45049|dataStream:localhost:37547|priority:0|startupRole:FOLLOWER]|listeners:[], old=null RUNNING
  s2:  RUNNING  FOLLOWER s2@group-858CCA1FFC33:t1, leader=s3, voted=s3, raftlog=Memoized:s2@group-858CCA1FFC33-SegmentedRaftLog:OPENED:c0, conf=0: peers:[s3|rpc:localhost:44545|admin:localhost:42685|client:localhost:41947|dataStream:localhost:38359|priority:0|startupRole:FOLLOWER, s4|rpc:localhost:43959|admin:localhost:37675|client:localhost:41245|dataStream:localhost:36157|priority:0|startupRole:FOLLOWER, s0|rpc:localhost:41873|admin:localhost:39543|client:localhost:39921|dataStream:localhost:44273|priority:0|startupRole:FOLLOWER, s1|rpc:localhost:46783|admin:localhost:40179|client:localhost:41765|dataStream:localhost:44515|priority:0|startupRole:FOLLOWER, s2|rpc:localhost:35711|admin:localhost:42283|client:localhost:45049|dataStream:localhost:37547|priority:0|startupRole:FOLLOWER]|listeners:[], old=null RUNNING
2023-03-21 03:38:29,177 [Time-limited test] INFO  impl.MiniRaftCluster (MiniRaftCluster.java:shutdown(831)) - ************************************************************** 
2023-03-21 03:38:29,177 [Time-limited test] INFO  impl.MiniRaftCluster (MiniRaftCluster.java:shutdown(832)) - *** 
2023-03-21 03:38:29,177 [Time-limited test] INFO  impl.MiniRaftCluster (MiniRaftCluster.java:shutdown(833)) - ***     Stopping MiniRaftClusterWithSimulatedRpc
2023-03-21 03:38:29,177 [Time-limited test] INFO  impl.MiniRaftCluster (MiniRaftCluster.java:shutdown(834)) - *** 
2023-03-21 03:38:29,177 [Time-limited test] INFO  impl.MiniRaftCluster (MiniRaftCluster.java:shutdown(835)) - ************************************************************** 
2023-03-21 03:38:29,178 [Time-limited test] INFO  impl.MiniRaftCluster (MiniRaftCluster.java:shutdown(836)) - printing ALL groups
  s3:  RUNNING    LEADER s3@group-858CCA1FFC33:t1, leader=s3, voted=s3, raftlog=Memoized:s3@group-858CCA1FFC33-SegmentedRaftLog:OPENED:c0, conf=0: peers:[s3|rpc:localhost:44545|admin:localhost:42685|client:localhost:41947|dataStream:localhost:38359|priority:0|startupRole:FOLLOWER, s4|rpc:localhost:43959|admin:localhost:37675|client:localhost:41245|dataStream:localhost:36157|priority:0|startupRole:FOLLOWER, s0|rpc:localhost:41873|admin:localhost:39543|client:localhost:39921|dataStream:localhost:44273|priority:0|startupRole:FOLLOWER, s1|rpc:localhost:46783|admin:localhost:40179|client:localhost:41765|dataStream:localhost:44515|priority:0|startupRole:FOLLOWER, s2|rpc:localhost:35711|admin:localhost:42283|client:localhost:45049|dataStream:localhost:37547|priority:0|startupRole:FOLLOWER]|listeners:[], old=null RUNNING
  s4:  RUNNING  FOLLOWER s4@group-858CCA1FFC33:t1, leader=s3, voted=s3, raftlog=Memoized:s4@group-858CCA1FFC33-SegmentedRaftLog:OPENED:c0, conf=0: peers:[s3|rpc:localhost:44545|admin:localhost:42685|client:localhost:41947|dataStream:localhost:38359|priority:0|startupRole:FOLLOWER, s4|rpc:localhost:43959|admin:localhost:37675|client:localhost:41245|dataStream:localhost:36157|priority:0|startupRole:FOLLOWER, s0|rpc:localhost:41873|admin:localhost:39543|client:localhost:39921|dataStream:localhost:44273|priority:0|startupRole:FOLLOWER, s1|rpc:localhost:46783|admin:localhost:40179|client:localhost:41765|dataStream:localhost:44515|priority:0|startupRole:FOLLOWER, s2|rpc:localhost:35711|admin:localhost:42283|client:localhost:45049|dataStream:localhost:37547|priority:0|startupRole:FOLLOWER]|listeners:[], old=null RUNNING
  s0:  RUNNING  FOLLOWER s0@group-858CCA1FFC33:t1, leader=s3, voted=s3, raftlog=Memoized:s0@group-858CCA1FFC33-SegmentedRaftLog:OPENED:c0, conf=0: peers:[s3|rpc:localhost:44545|admin:localhost:42685|client:localhost:41947|dataStream:localhost:38359|priority:0|startupRole:FOLLOWER, s4|rpc:localhost:43959|admin:localhost:37675|client:localhost:41245|dataStream:localhost:36157|priority:0|startupRole:FOLLOWER, s0|rpc:localhost:41873|admin:localhost:39543|client:localhost:39921|dataStream:localhost:44273|priority:0|startupRole:FOLLOWER, s1|rpc:localhost:46783|admin:localhost:40179|client:localhost:41765|dataStream:localhost:44515|priority:0|startupRole:FOLLOWER, s2|rpc:localhost:35711|admin:localhost:42283|client:localhost:45049|dataStream:localhost:37547|priority:0|startupRole:FOLLOWER]|listeners:[], old=null RUNNING
  s1:  RUNNING  FOLLOWER s1@group-858CCA1FFC33:t1, leader=s3, voted=s3, raftlog=Memoized:s1@group-858CCA1FFC33-SegmentedRaftLog:OPENED:c0, conf=0: peers:[s3|rpc:localhost:44545|admin:localhost:42685|client:localhost:41947|dataStream:localhost:38359|priority:0|startupRole:FOLLOWER, s4|rpc:localhost:43959|admin:localhost:37675|client:localhost:41245|dataStream:localhost:36157|priority:0|startupRole:FOLLOWER, s0|rpc:localhost:41873|admin:localhost:39543|client:localhost:39921|dataStream:localhost:44273|priority:0|startupRole:FOLLOWER, s1|rpc:localhost:46783|admin:localhost:40179|client:localhost:41765|dataStream:localhost:44515|priority:0|startupRole:FOLLOWER, s2|rpc:localhost:35711|admin:localhost:42283|client:localhost:45049|dataStream:localhost:37547|priority:0|startupRole:FOLLOWER]|listeners:[], old=null RUNNING
  s2:  RUNNING  FOLLOWER s2@group-858CCA1FFC33:t1, leader=s3, voted=s3, raftlog=Memoized:s2@group-858CCA1FFC33-SegmentedRaftLog:OPENED:c0, conf=0: peers:[s3|rpc:localhost:44545|admin:localhost:42685|client:localhost:41947|dataStream:localhost:38359|priority:0|startupRole:FOLLOWER, s4|rpc:localhost:43959|admin:localhost:37675|client:localhost:41245|dataStream:localhost:36157|priority:0|startupRole:FOLLOWER, s0|rpc:localhost:41873|admin:localhost:39543|client:localhost:39921|dataStream:localhost:44273|priority:0|startupRole:FOLLOWER, s1|rpc:localhost:46783|admin:localhost:40179|client:localhost:41765|dataStream:localhost:44515|priority:0|startupRole:FOLLOWER, s2|rpc:localhost:35711|admin:localhost:42283|client:localhost:45049|dataStream:localhost:37547|priority:0|startupRole:FOLLOWER]|listeners:[], old=null RUNNING
2023-03-21 03:38:29,178 [MiniRaftCluster-9] INFO  server.RaftServer (RaftServerProxy.java:lambda$close$7(417)) - s3: close
2023-03-21 03:38:29,179 [s3-impl-thread1] INFO  server.RaftServer$Division (RaftServerImpl.java:lambda$close$4(466)) - s3@group-858CCA1FFC33: shutdown
2023-03-21 03:38:29,179 [HandlerDaemon-1] INFO  simulation.RequestHandler (RequestHandler.java:run(127)) - s3.clientHandler1 is interrupted by java.io.InterruptedIOException: 
2023-03-21 03:38:29,179 [HandlerDaemon-0] INFO  simulation.RequestHandler (RequestHandler.java:run(127)) - s3.clientHandler0 is interrupted by java.io.InterruptedIOException: 
2023-03-21 03:38:29,179 [s3-impl-thread1] INFO  util.JmxRegister (JmxRegister.java:unregister(73)) - Successfully un-registered JMX Bean with object name Ratis:service=RaftServer,group=group-858CCA1FFC33,id=s3
2023-03-21 03:38:29,179 [s3-impl-thread1] INFO  impl.RoleInfo (RoleInfo.java:shutdownLeaderState(93)) - s3: shutdown s3@group-858CCA1FFC33-LeaderStateImpl
2023-03-21 03:38:29,179 [s3@group-858CCA1FFC33->s1-LogAppenderDefault-LogAppenderDaemon] INFO  leader.LogAppenderDaemon (LogAppenderDaemon.java:run(83)) - s3@group-858CCA1FFC33->s1-LogAppenderDefault-LogAppenderDaemon was interrupted: java.lang.InterruptedException
2023-03-21 03:38:29,179 [s3@group-858CCA1FFC33->s0-LogAppenderDefault-LogAppenderDaemon] INFO  leader.LogAppenderDaemon (LogAppenderDaemon.java:run(83)) - s3@group-858CCA1FFC33->s0-LogAppenderDefault-LogAppenderDaemon was interrupted: java.lang.InterruptedException
2023-03-21 03:38:29,179 [s3@group-858CCA1FFC33->s2-LogAppenderDefault-LogAppenderDaemon] INFO  leader.LogAppenderDaemon (LogAppenderDaemon.java:run(83)) - s3@group-858CCA1FFC33->s2-LogAppenderDefault-LogAppenderDaemon was interrupted: java.lang.InterruptedException
2023-03-21 03:38:29,179 [MiniRaftCluster-10] INFO  server.RaftServer (RaftServerProxy.java:lambda$close$7(417)) - s4: close
2023-03-21 03:38:29,179 [HandlerDaemon-2] INFO  simulation.RequestHandler (RequestHandler.java:run(127)) - s3.clientHandler2 is interrupted by java.io.InterruptedIOException: 
2023-03-21 03:38:29,179 [s4-impl-thread1] INFO  server.RaftServer$Division (RaftServerImpl.java:lambda$close$4(466)) - s4@group-858CCA1FFC33: shutdown
2023-03-21 03:38:29,179 [HandlerDaemon-0] INFO  simulation.RequestHandler (RequestHandler.java:run(127)) - s4.clientHandler0 is interrupted by java.io.InterruptedIOException: 
2023-03-21 03:38:29,179 [s4-impl-thread1] INFO  util.JmxRegister (JmxRegister.java:unregister(73)) - Successfully un-registered JMX Bean with object name Ratis:service=RaftServer,group=group-858CCA1FFC33,id=s4
2023-03-21 03:38:29,180 [HandlerDaemon-2] INFO  simulation.RequestHandler (RequestHandler.java:run(127)) - s4.clientHandler2 is interrupted by java.io.InterruptedIOException: 
2023-03-21 03:38:29,180 [HandlerDaemon-1] INFO  simulation.RequestHandler (RequestHandler.java:run(127)) - s4.clientHandler1 is interrupted by java.io.InterruptedIOException: 
2023-03-21 03:38:29,179 [s3@group-858CCA1FFC33->s4-LogAppenderDefault-LogAppenderDaemon] INFO  leader.LogAppenderDaemon (LogAppenderDaemon.java:run(83)) - s3@group-858CCA1FFC33->s4-LogAppenderDefault-LogAppenderDaemon was interrupted: java.lang.InterruptedException
2023-03-21 03:38:29,180 [s4-impl-thread1] INFO  impl.RoleInfo (RoleInfo.java:shutdownFollowerState(110)) - s4: shutdown s4@group-858CCA1FFC33-FollowerState
2023-03-21 03:38:29,180 [s4-impl-thread1] INFO  impl.StateMachineUpdater (StateMachineUpdater.java:stopAndJoin(154)) - s4@group-858CCA1FFC33-StateMachineUpdater: set stopIndex = 0
2023-03-21 03:38:29,180 [MiniRaftCluster-11] INFO  server.RaftServer (RaftServerProxy.java:lambda$close$7(417)) - s0: close
2023-03-21 03:38:29,180 [s4@group-858CCA1FFC33-FollowerState] INFO  impl.FollowerState (FollowerState.java:run(152)) - s4@group-858CCA1FFC33-FollowerState was interrupted
2023-03-21 03:38:29,180 [s0-impl-thread1] INFO  server.RaftServer$Division (RaftServerImpl.java:lambda$close$4(466)) - s0@group-858CCA1FFC33: shutdown
2023-03-21 03:38:29,180 [s0-impl-thread1] INFO  util.JmxRegister (JmxRegister.java:unregister(73)) - Successfully un-registered JMX Bean with object name Ratis:service=RaftServer,group=group-858CCA1FFC33,id=s0
2023-03-21 03:38:29,180 [HandlerDaemon-2] INFO  simulation.RequestHandler (RequestHandler.java:run(127)) - s0.clientHandler2 is interrupted by java.io.InterruptedIOException: 
2023-03-21 03:38:29,180 [s0-impl-thread1] INFO  impl.RoleInfo (RoleInfo.java:shutdownFollowerState(110)) - s0: shutdown s0@group-858CCA1FFC33-FollowerState
2023-03-21 03:38:29,180 [HandlerDaemon-1] INFO  simulation.RequestHandler (RequestHandler.java:run(127)) - s0.clientHandler1 is interrupted by java.io.InterruptedIOException: 
2023-03-21 03:38:29,180 [s0-impl-thread1] INFO  impl.StateMachineUpdater (StateMachineUpdater.java:stopAndJoin(154)) - s0@group-858CCA1FFC33-StateMachineUpdater: set stopIndex = 0
2023-03-21 03:38:29,180 [HandlerDaemon-0] INFO  simulation.RequestHandler (RequestHandler.java:run(127)) - s0.clientHandler0 is interrupted by java.io.InterruptedIOException: 
2023-03-21 03:38:29,180 [s0@group-858CCA1FFC33-FollowerState] INFO  impl.FollowerState (FollowerState.java:run(152)) - s0@group-858CCA1FFC33-FollowerState was interrupted
2023-03-21 03:38:29,181 [s4-impl-thread1] INFO  server.RaftServer$Division (ServerState.java:close(413)) - s4@group-858CCA1FFC33: applyIndex: 0
2023-03-21 03:38:29,181 [s0-impl-thread1] INFO  server.RaftServer$Division (ServerState.java:close(413)) - s0@group-858CCA1FFC33: applyIndex: 0
2023-03-21 03:38:29,183 [MiniRaftCluster-12] INFO  server.RaftServer (RaftServerProxy.java:lambda$close$7(417)) - s1: close
2023-03-21 03:38:29,188 [s1-impl-thread1] INFO  server.RaftServer$Division (RaftServerImpl.java:lambda$close$4(466)) - s1@group-858CCA1FFC33: shutdown
2023-03-21 03:38:29,188 [HandlerDaemon-0] INFO  simulation.RequestHandler (RequestHandler.java:run(127)) - s1.clientHandler0 is interrupted by java.io.InterruptedIOException: 
2023-03-21 03:38:29,188 [s1-impl-thread1] INFO  util.JmxRegister (JmxRegister.java:unregister(73)) - Successfully un-registered JMX Bean with object name Ratis:service=RaftServer,group=group-858CCA1FFC33,id=s1
2023-03-21 03:38:29,188 [s1-impl-thread1] INFO  impl.RoleInfo (RoleInfo.java:shutdownFollowerState(110)) - s1: shutdown s1@group-858CCA1FFC33-FollowerState
2023-03-21 03:38:29,188 [s1-impl-thread1] INFO  impl.StateMachineUpdater (StateMachineUpdater.java:stopAndJoin(154)) - s1@group-858CCA1FFC33-StateMachineUpdater: set stopIndex = 0
2023-03-21 03:38:29,188 [s1@group-858CCA1FFC33-FollowerState] INFO  impl.FollowerState (FollowerState.java:run(152)) - s1@group-858CCA1FFC33-FollowerState was interrupted
2023-03-21 03:38:29,189 [HandlerDaemon-1] INFO  simulation.RequestHandler (RequestHandler.java:run(127)) - s1.clientHandler1 is interrupted by java.io.InterruptedIOException: 
2023-03-21 03:38:29,189 [MiniRaftCluster-13] INFO  server.RaftServer (RaftServerProxy.java:lambda$close$7(417)) - s2: close
2023-03-21 03:38:29,189 [HandlerDaemon-0] INFO  simulation.RequestHandler (RequestHandler.java:run(127)) - s2.clientHandler0 is interrupted by java.io.InterruptedIOException: 
2023-03-21 03:38:29,189 [HandlerDaemon-2] INFO  simulation.RequestHandler (RequestHandler.java:run(127)) - s2.clientHandler2 is interrupted by java.io.InterruptedIOException: 
2023-03-21 03:38:29,189 [HandlerDaemon-1] INFO  simulation.RequestHandler (RequestHandler.java:run(127)) - s2.clientHandler1 is interrupted by java.io.InterruptedIOException: 
2023-03-21 03:38:29,189 [HandlerDaemon-2] INFO  simulation.RequestHandler (RequestHandler.java:run(127)) - s1.clientHandler2 is interrupted by java.io.InterruptedIOException: 
2023-03-21 03:38:29,189 [HandlerDaemon-0] INFO  simulation.RequestHandler (RequestHandler.java:run(127)) - s2.serverHandler0 is interrupted by java.io.InterruptedIOException: 
2023-03-21 03:38:29,189 [HandlerDaemon-1] INFO  simulation.RequestHandler (RequestHandler.java:run(127)) - s2.serverHandler1 is interrupted by java.io.InterruptedIOException: 
2023-03-21 03:38:29,190 [HandlerDaemon-0] INFO  simulation.RequestHandler (RequestHandler.java:run(127)) - s1.serverHandler0 is interrupted by java.io.InterruptedIOException: 
2023-03-21 03:38:29,190 [HandlerDaemon-1] INFO  simulation.RequestHandler (RequestHandler.java:run(127)) - s1.serverHandler1 is interrupted by java.io.InterruptedIOException: 
2023-03-21 03:38:29,179 [s3-impl-thread1] INFO  impl.PendingRequests (PendingRequests.java:sendNotLeaderResponses(289)) - s3@group-858CCA1FFC33-PendingRequests: sendNotLeaderResponses
2023-03-21 03:38:29,190 [s1-impl-thread1] INFO  server.RaftServer$Division (ServerState.java:close(413)) - s1@group-858CCA1FFC33: applyIndex: 0
2023-03-21 03:38:29,190 [s3-impl-thread1] INFO  impl.StateMachineUpdater (StateMachineUpdater.java:stopAndJoin(154)) - s3@group-858CCA1FFC33-StateMachineUpdater: set stopIndex = 0
2023-03-21 03:38:29,191 [s2-impl-thread1] INFO  server.RaftServer$Division (RaftServerImpl.java:lambda$close$4(466)) - s2@group-858CCA1FFC33: shutdown
2023-03-21 03:38:29,191 [s2-impl-thread1] INFO  util.JmxRegister (JmxRegister.java:unregister(73)) - Successfully un-registered JMX Bean with object name Ratis:service=RaftServer,group=group-858CCA1FFC33,id=s2
2023-03-21 03:38:29,191 [s2-impl-thread1] INFO  impl.RoleInfo (RoleInfo.java:shutdownFollowerState(110)) - s2: shutdown s2@group-858CCA1FFC33-FollowerState
2023-03-21 03:38:29,191 [s2-impl-thread1] INFO  impl.StateMachineUpdater (StateMachineUpdater.java:stopAndJoin(154)) - s2@group-858CCA1FFC33-StateMachineUpdater: set stopIndex = 0
2023-03-21 03:38:29,191 [s2@group-858CCA1FFC33-FollowerState] INFO  impl.FollowerState (FollowerState.java:run(152)) - s2@group-858CCA1FFC33-FollowerState was interrupted
2023-03-21 03:38:29,191 [HandlerDaemon-2] INFO  simulation.RequestHandler (RequestHandler.java:run(127)) - s3.serverHandler2 is interrupted by java.io.InterruptedIOException: 
2023-03-21 03:38:29,191 [HandlerDaemon-1] INFO  simulation.RequestHandler (RequestHandler.java:run(127)) - s3.serverHandler1 is interrupted by java.io.InterruptedIOException: 
2023-03-21 03:38:29,191 [HandlerDaemon-0] INFO  simulation.RequestHandler (RequestHandler.java:run(127)) - s3.serverHandler0 is interrupted by java.io.InterruptedIOException: 
2023-03-21 03:38:29,192 [HandlerDaemon-0] INFO  simulation.RequestHandler (RequestHandler.java:run(127)) - s4.serverHandler0 is interrupted by java.io.InterruptedIOException: 
2023-03-21 03:38:29,192 [HandlerDaemon-2] INFO  simulation.RequestHandler (RequestHandler.java:run(127)) - s4.serverHandler2 is interrupted by java.io.InterruptedIOException: 
2023-03-21 03:38:29,192 [HandlerDaemon-1] INFO  simulation.RequestHandler (RequestHandler.java:run(127)) - s4.serverHandler1 is interrupted by java.io.InterruptedIOException: 
2023-03-21 03:38:29,192 [HandlerDaemon-1] INFO  simulation.RequestHandler (RequestHandler.java:run(127)) - s0.serverHandler1 is interrupted by java.io.InterruptedIOException: 
2023-03-21 03:38:29,192 [HandlerDaemon-2] INFO  simulation.RequestHandler (RequestHandler.java:run(127)) - s0.serverHandler2 is interrupted by java.io.InterruptedIOException: 
2023-03-21 03:38:29,192 [HandlerDaemon-0] INFO  simulation.RequestHandler (RequestHandler.java:run(127)) - s0.serverHandler0 is interrupted by java.io.InterruptedIOException: 
2023-03-21 03:38:29,192 [HandlerDaemon-2] INFO  simulation.RequestHandler (RequestHandler.java:run(127)) - s2.serverHandler2 is interrupted by java.io.InterruptedIOException: 
2023-03-21 03:38:29,193 [s2-impl-thread1] INFO  server.RaftServer$Division (ServerState.java:close(413)) - s2@group-858CCA1FFC33: applyIndex: 0
2023-03-21 03:38:29,193 [HandlerDaemon-2] INFO  simulation.RequestHandler (RequestHandler.java:run(127)) - s1.serverHandler2 is interrupted by java.io.InterruptedIOException: 
2023-03-21 03:38:29,193 [s3-impl-thread1] INFO  server.RaftServer$Division (ServerState.java:close(413)) - s3@group-858CCA1FFC33: applyIndex: 0
2023-03-21 03:38:30,000 [s3-impl-thread1] INFO  segmented.SegmentedRaftLogWorker (SegmentedRaftLogWorker.java:close(242)) - s3@group-858CCA1FFC33-SegmentedRaftLogWorker close()
2023-03-21 03:38:30,001 [JvmPauseMonitor4] INFO  util.JvmPauseMonitor (JvmPauseMonitor.java:run(109)) - JvmPauseMonitor-s3: Stopped
2023-03-21 03:38:30,009 [s4-impl-thread1] INFO  segmented.SegmentedRaftLogWorker (SegmentedRaftLogWorker.java:close(242)) - s4@group-858CCA1FFC33-SegmentedRaftLogWorker close()
2023-03-21 03:38:30,010 [JvmPauseMonitor5] INFO  util.JvmPauseMonitor (JvmPauseMonitor.java:run(109)) - JvmPauseMonitor-s4: Stopped
2023-03-21 03:38:30,037 [s1-impl-thread1] INFO  segmented.SegmentedRaftLogWorker (SegmentedRaftLogWorker.java:close(242)) - s1@group-858CCA1FFC33-SegmentedRaftLogWorker close()
2023-03-21 03:38:30,037 [JvmPauseMonitor7] INFO  util.JvmPauseMonitor (JvmPauseMonitor.java:run(109)) - JvmPauseMonitor-s1: Stopped
2023-03-21 03:38:30,038 [s2-impl-thread1] INFO  segmented.SegmentedRaftLogWorker (SegmentedRaftLogWorker.java:close(242)) - s2@group-858CCA1FFC33-SegmentedRaftLogWorker close()
2023-03-21 03:38:30,039 [JvmPauseMonitor8] INFO  util.JvmPauseMonitor (JvmPauseMonitor.java:run(109)) - JvmPauseMonitor-s2: Stopped
2023-03-21 03:38:30,040 [s0-impl-thread1] INFO  segmented.SegmentedRaftLogWorker (SegmentedRaftLogWorker.java:close(242)) - s0@group-858CCA1FFC33-SegmentedRaftLogWorker close()
2023-03-21 03:38:30,041 [JvmPauseMonitor6] INFO  util.JvmPauseMonitor (JvmPauseMonitor.java:run(109)) - JvmPauseMonitor-s0: Stopped
2023-03-21 03:38:30,041 [Time-limited test] INFO  impl.MiniRaftCluster (MiniRaftCluster.java:shutdown(855)) - MiniRaftClusterWithSimulatedRpc shutdown completed
]]></system-out>
  </testcase>
  <testcase name="testLostMajorityHeartbeats" classname="org.apache.ratis.server.simulation.TestLeaderElectionWithSimulatedRpc" time="1.78"/>
  <testcase name="testLateServerStart" classname="org.apache.ratis.server.simulation.TestLeaderElectionWithSimulatedRpc" time="4.506"/>
  <testcase name="testListenerNotStartLeaderElection" classname="org.apache.ratis.server.simulation.TestLeaderElectionWithSimulatedRpc" time="1.373"/>
  <testcase name="testPreVote" classname="org.apache.ratis.server.simulation.TestLeaderElectionWithSimulatedRpc" time="5.531"/>
  <testcase name="testListenerRejectRequestVote" classname="org.apache.ratis.server.simulation.TestLeaderElectionWithSimulatedRpc" time="1.385"/>
  <testcase name="testAddListener" classname="org.apache.ratis.server.simulation.TestLeaderElectionWithSimulatedRpc" time="1.585"/>
  <testcase name="testTransferLeaderTimeout" classname="org.apache.ratis.server.simulation.TestLeaderElectionWithSimulatedRpc" time="6.522"/>
  <testcase name="testBasicLeaderElection" classname="org.apache.ratis.server.simulation.TestLeaderElectionWithSimulatedRpc" time="7.558"/>
  <testcase name="testChangeFollowerToListener" classname="org.apache.ratis.server.simulation.TestLeaderElectionWithSimulatedRpc" time="1.658"/>
  <testcase name="testTransferLeader" classname="org.apache.ratis.server.simulation.TestLeaderElectionWithSimulatedRpc" time="2.118"/>
  <testcase name="testPauseResumeLeaderElection" classname="org.apache.ratis.server.simulation.TestLeaderElectionWithSimulatedRpc" time="1.912"/>
  <testcase name="testYieldLeaderToHigherPriority" classname="org.apache.ratis.server.simulation.TestLeaderElectionWithSimulatedRpc" time="2.63"/>
  <testcase name="testChangeLeader" classname="org.apache.ratis.server.simulation.TestLeaderElectionWithSimulatedRpc" time="6.304"/>
  <testcase name="testChangeListenerToFollower" classname="org.apache.ratis.server.simulation.TestLeaderElectionWithSimulatedRpc" time="1.515"/>
  <testcase name="testShutdownBeforeStart" classname="org.apache.ratis.server.simulation.TestLeaderElectionWithSimulatedRpc" time="1.966"/>
  <testcase name="testLeaderNotCountListenerForMajority" classname="org.apache.ratis.server.simulation.TestLeaderElectionWithSimulatedRpc" time="1.773"/>
  <testcase name="testImmediatelyRevertedToFollower" classname="org.apache.ratis.server.simulation.TestLeaderElectionWithSimulatedRpc" time="0.009"/>
  <testcase name="testLeaderElectionMetrics" classname="org.apache.ratis.server.simulation.TestLeaderElectionWithSimulatedRpc" time="0.592"/>
</testsuite>