<?xml version="1.0" encoding="UTF-8"?>
<testsuite xmlns:xsi="http://www.w3.org/2001/XMLSchema-instance" xsi:noNamespaceSchemaLocation="https://maven.apache.org/surefire/maven-surefire-plugin/xsd/surefire-test-report.xsd" name="org.apache.ratis.server.simulation.TestLeaderElectionWithSimulatedRpc" time="43.506" tests="12" errors="0" skipped="0" failures="1">
  <properties>
    <property name="awt.toolkit" value="sun.awt.X11.XToolkit"/>
    <property name="file.encoding.pkg" value="sun.io"/>
    <property name="java.specification.version" value="1.8"/>
    <property name="sun.cpu.isalist" value=""/>
    <property name="sun.jnu.encoding" value="UTF-8"/>
    <property name="java.class.path" value="/home/runner/work/ratis/ratis/ratis-test/target/test-classes:/home/runner/work/ratis/ratis/ratis-test/target/classes:/home/runner/work/ratis/ratis/ratis-common/target/classes:/home/runner/.m2/repository/org/apache/ratis/ratis-thirdparty-misc/1.0.0/ratis-thirdparty-misc-1.0.0.jar:/home/runner/work/ratis/ratis/ratis-proto/target/ratis-proto-2.3.0-SNAPSHOT.jar:/home/runner/work/ratis/ratis/ratis-common/target/test-classes:/home/runner/work/ratis/ratis/ratis-client/target/classes:/home/runner/work/ratis/ratis/ratis-server/target/classes:/home/runner/work/ratis/ratis/ratis-server-api/target/classes:/home/runner/work/ratis/ratis/ratis-metrics/target/classes:/home/runner/work/ratis/ratis/ratis-server/target/test-classes:/home/runner/work/ratis/ratis/ratis-netty/target/classes:/home/runner/work/ratis/ratis/ratis-netty/target/test-classes:/home/runner/work/ratis/ratis/ratis-grpc/target/classes:/home/runner/work/ratis/ratis/ratis-grpc/target/test-classes:/home/runner/.m2/repository/org/slf4j/slf4j-api/1.7.29/slf4j-api-1.7.29.jar:/home/runner/.m2/repository/org/slf4j/slf4j-log4j12/1.7.29/slf4j-log4j12-1.7.29.jar:/home/runner/.m2/repository/log4j/log4j/1.2.17/log4j-1.2.17.jar:/home/runner/.m2/repository/junit/junit/4.13.2/junit-4.13.2.jar:/home/runner/.m2/repository/org/hamcrest/hamcrest-core/1.3/hamcrest-core-1.3.jar:/home/runner/.m2/repository/org/mockito/mockito-core/4.3.1/mockito-core-4.3.1.jar:/home/runner/.m2/repository/net/bytebuddy/byte-buddy/1.12.7/byte-buddy-1.12.7.jar:/home/runner/.m2/repository/net/bytebuddy/byte-buddy-agent/1.12.7/byte-buddy-agent-1.12.7.jar:/home/runner/.m2/repository/org/objenesis/objenesis/3.2/objenesis-3.2.jar:/home/runner/.m2/repository/io/dropwizard/metrics/metrics-jvm/3.2.5/metrics-jvm-3.2.5.jar:/home/runner/.m2/repository/io/dropwizard/metrics/metrics-core/3.2.5/metrics-core-3.2.5.jar:/home/runner/work/ratis/ratis/ratis-shell/target/classes:/home/runner/.m2/repository/commons-cli/commons-cli/1.5.0/commons-cli-1.5.0.jar:/home/runner/.m2/repository/org/reflections/reflections/0.10.2/reflections-0.10.2.jar:/home/runner/.m2/repository/org/javassist/javassist/3.28.0-GA/javassist-3.28.0-GA.jar:/home/runner/.m2/repository/com/google/code/findbugs/jsr305/3.0.2/jsr305-3.0.2.jar:"/>
    <property name="java.vm.vendor" value="Temurin"/>
    <property name="sun.arch.data.model" value="64"/>
    <property name="java.vendor.url" value="https://adoptium.net/"/>
    <property name="user.timezone" value=""/>
    <property name="java.vm.specification.version" value="1.8"/>
    <property name="os.name" value="Linux"/>
    <property name="sun.java.launcher" value="SUN_STANDARD"/>
    <property name="sun.boot.library.path" value="/usr/lib/jvm/temurin-8-jdk-amd64/jre/lib/amd64"/>
    <property name="sun.java.command" value="/home/runner/work/ratis/ratis/ratis-test/target/surefire/surefirebooter4677545674700429420.jar /home/runner/work/ratis/ratis/ratis-test/target/surefire 2022-05-09T13-02-32_119-jvmRun1 surefire9088004370124433360tmp surefire_18172595772794717728tmp"/>
    <property name="surefire.test.class.path" value="/home/runner/work/ratis/ratis/ratis-test/target/test-classes:/home/runner/work/ratis/ratis/ratis-test/target/classes:/home/runner/work/ratis/ratis/ratis-common/target/classes:/home/runner/.m2/repository/org/apache/ratis/ratis-thirdparty-misc/1.0.0/ratis-thirdparty-misc-1.0.0.jar:/home/runner/work/ratis/ratis/ratis-proto/target/ratis-proto-2.3.0-SNAPSHOT.jar:/home/runner/work/ratis/ratis/ratis-common/target/test-classes:/home/runner/work/ratis/ratis/ratis-client/target/classes:/home/runner/work/ratis/ratis/ratis-server/target/classes:/home/runner/work/ratis/ratis/ratis-server-api/target/classes:/home/runner/work/ratis/ratis/ratis-metrics/target/classes:/home/runner/work/ratis/ratis/ratis-server/target/test-classes:/home/runner/work/ratis/ratis/ratis-netty/target/classes:/home/runner/work/ratis/ratis/ratis-netty/target/test-classes:/home/runner/work/ratis/ratis/ratis-grpc/target/classes:/home/runner/work/ratis/ratis/ratis-grpc/target/test-classes:/home/runner/.m2/repository/org/slf4j/slf4j-api/1.7.29/slf4j-api-1.7.29.jar:/home/runner/.m2/repository/org/slf4j/slf4j-log4j12/1.7.29/slf4j-log4j12-1.7.29.jar:/home/runner/.m2/repository/log4j/log4j/1.2.17/log4j-1.2.17.jar:/home/runner/.m2/repository/junit/junit/4.13.2/junit-4.13.2.jar:/home/runner/.m2/repository/org/hamcrest/hamcrest-core/1.3/hamcrest-core-1.3.jar:/home/runner/.m2/repository/org/mockito/mockito-core/4.3.1/mockito-core-4.3.1.jar:/home/runner/.m2/repository/net/bytebuddy/byte-buddy/1.12.7/byte-buddy-1.12.7.jar:/home/runner/.m2/repository/net/bytebuddy/byte-buddy-agent/1.12.7/byte-buddy-agent-1.12.7.jar:/home/runner/.m2/repository/org/objenesis/objenesis/3.2/objenesis-3.2.jar:/home/runner/.m2/repository/io/dropwizard/metrics/metrics-jvm/3.2.5/metrics-jvm-3.2.5.jar:/home/runner/.m2/repository/io/dropwizard/metrics/metrics-core/3.2.5/metrics-core-3.2.5.jar:/home/runner/work/ratis/ratis/ratis-shell/target/classes:/home/runner/.m2/repository/commons-cli/commons-cli/1.5.0/commons-cli-1.5.0.jar:/home/runner/.m2/repository/org/reflections/reflections/0.10.2/reflections-0.10.2.jar:/home/runner/.m2/repository/org/javassist/javassist/3.28.0-GA/javassist-3.28.0-GA.jar:/home/runner/.m2/repository/com/google/code/findbugs/jsr305/3.0.2/jsr305-3.0.2.jar:"/>
    <property name="sun.cpu.endian" value="little"/>
    <property name="user.home" value="/home/runner"/>
    <property name="user.language" value="en"/>
    <property name="java.specification.vendor" value="Oracle Corporation"/>
    <property name="java.home" value="/usr/lib/jvm/temurin-8-jdk-amd64/jre"/>
    <property name="basedir" value="/home/runner/work/ratis/ratis/ratis-test"/>
    <property name="file.separator" value="/"/>
    <property name="line.separator" value="&#10;"/>
    <property name="java.vm.specification.vendor" value="Oracle Corporation"/>
    <property name="java.specification.name" value="Java Platform API Specification"/>
    <property name="java.awt.graphicsenv" value="sun.awt.X11GraphicsEnvironment"/>
    <property name="surefire.real.class.path" value="/home/runner/work/ratis/ratis/ratis-test/target/surefire/surefirebooter4677545674700429420.jar"/>
    <property name="sun.boot.class.path" value="/usr/lib/jvm/temurin-8-jdk-amd64/jre/lib/resources.jar:/usr/lib/jvm/temurin-8-jdk-amd64/jre/lib/rt.jar:/usr/lib/jvm/temurin-8-jdk-amd64/jre/lib/sunrsasign.jar:/usr/lib/jvm/temurin-8-jdk-amd64/jre/lib/jsse.jar:/usr/lib/jvm/temurin-8-jdk-amd64/jre/lib/jce.jar:/usr/lib/jvm/temurin-8-jdk-amd64/jre/lib/charsets.jar:/usr/lib/jvm/temurin-8-jdk-amd64/jre/lib/jfr.jar:/usr/lib/jvm/temurin-8-jdk-amd64/jre/classes"/>
    <property name="sun.management.compiler" value="HotSpot 64-Bit Tiered Compilers"/>
    <property name="java.runtime.version" value="1.8.0_322-b06"/>
    <property name="java.net.preferIPv4Stack" value="true"/>
    <property name="user.name" value="runner"/>
    <property name="path.separator" value=":"/>
    <property name="os.version" value="5.4.0-1077-azure"/>
    <property name="java.endorsed.dirs" value="/usr/lib/jvm/temurin-8-jdk-amd64/jre/lib/endorsed"/>
    <property name="java.runtime.name" value="OpenJDK Runtime Environment"/>
    <property name="file.encoding" value="UTF-8"/>
    <property name="java.vm.name" value="OpenJDK 64-Bit Server VM"/>
    <property name="localRepository" value="/home/runner/.m2/repository"/>
    <property name="java.vendor.url.bug" value="https://github.com/adoptium/adoptium-support/issues"/>
    <property name="java.io.tmpdir" value="/tmp"/>
    <property name="java.version" value="1.8.0_322"/>
    <property name="user.dir" value="/home/runner/work/ratis/ratis/ratis-test"/>
    <property name="os.arch" value="amd64"/>
    <property name="ratis.tmp.dir" value="/home/runner/work/ratis/ratis/ratis-test/target/tmp"/>
    <property name="java.vm.specification.name" value="Java Virtual Machine Specification"/>
    <property name="java.awt.printerjob" value="sun.print.PSPrinterJob"/>
    <property name="ratis.log.dir" value="/home/runner/work/ratis/ratis/ratis-test/target/log"/>
    <property name="sun.os.patch.level" value="unknown"/>
    <property name="java.library.path" value="/usr/java/packages/lib/amd64:/usr/lib64:/lib64:/lib:/usr/lib"/>
    <property name="java.vm.info" value="mixed mode"/>
    <property name="java.vendor" value="Temurin"/>
    <property name="java.vm.version" value="25.322-b06"/>
    <property name="java.ext.dirs" value="/usr/lib/jvm/temurin-8-jdk-amd64/jre/lib/ext:/usr/java/packages/lib/ext"/>
    <property name="sun.io.unicode.encoding" value="UnicodeLittle"/>
    <property name="java.class.version" value="52.0"/>
  </properties>
  <testcase name="testEnforceLeader" classname="org.apache.ratis.server.simulation.TestLeaderElectionWithSimulatedRpc" time="11.511">
    <failure message="expected:&lt;s[4]&gt; but was:&lt;s[3]&gt;" type="org.junit.ComparisonFailure"><![CDATA[org.junit.ComparisonFailure: expected:<s[4]> but was:<s[3]>
	at org.junit.Assert.assertEquals(Assert.java:117)
	at org.junit.Assert.assertEquals(Assert.java:146)
	at org.apache.ratis.server.impl.LeaderElectionTests.enforceLeader(LeaderElectionTests.java:249)
	at org.apache.ratis.server.impl.LeaderElectionTests.testEnforceLeader(LeaderElectionTests.java:235)
	at sun.reflect.NativeMethodAccessorImpl.invoke0(Native Method)
	at sun.reflect.NativeMethodAccessorImpl.invoke(NativeMethodAccessorImpl.java:62)
	at sun.reflect.DelegatingMethodAccessorImpl.invoke(DelegatingMethodAccessorImpl.java:43)
	at java.lang.reflect.Method.invoke(Method.java:498)
	at org.junit.runners.model.FrameworkMethod$1.runReflectiveCall(FrameworkMethod.java:59)
	at org.junit.internal.runners.model.ReflectiveCallable.run(ReflectiveCallable.java:12)
	at org.junit.runners.model.FrameworkMethod.invokeExplosively(FrameworkMethod.java:56)
	at org.junit.internal.runners.statements.InvokeMethod.evaluate(InvokeMethod.java:17)
	at org.junit.internal.runners.statements.RunAfters.evaluate(RunAfters.java:27)
	at org.junit.internal.runners.statements.FailOnTimeout$CallableStatement.call(FailOnTimeout.java:299)
	at org.junit.internal.runners.statements.FailOnTimeout$CallableStatement.call(FailOnTimeout.java:293)
	at java.util.concurrent.FutureTask.run(FutureTask.java:266)
	at java.lang.Thread.run(Thread.java:750)
]]></failure>
    <system-out><![CDATA[2022-05-09 13:04:00,897 [main] INFO  util.LogUtils (Log4jUtils.java:setLogLevel(32)) - Set org.apache.ratis.conf.ConfUtils log level to WARN
2022-05-09 13:04:00,900 [main] INFO  util.LogUtils (Log4jUtils.java:setLogLevel(32)) - Set org.apache.ratis.util.FileUtils log level to TRACE
2022-05-09 13:04:00,904 [main] INFO  util.LogUtils (Log4jUtils.java:setLogLevel(32)) - Set org.apache.ratis.server.RaftServer$Division log level to DEBUG
2022-05-09 13:04:00,904 [main] INFO  util.LogUtils (Log4jUtils.java:setLogLevel(32)) - Set org.apache.ratis.client.RaftClient log level to DEBUG
2022-05-09 13:04:00,907 [Time-limited test] INFO  simulation.TestLeaderElectionWithSimulatedRpc (LeaderElectionTests.java:testEnforceLeader(223)) - Running testEnforceLeader
2022-05-09 13:04:00,921 [Time-limited test] INFO  simulation.MiniRaftClusterWithSimulatedRpc (ConfUtils.java:logGet(46)) - org.apache.ratis.server.simulation.SimulatedRequestReply.simulateLatencyMs = 150 (default)
2022-05-09 13:04:00,979 [Time-limited test] INFO  impl.MiniRaftCluster (MiniRaftCluster.java:<init>(272)) - new MiniRaftClusterWithSimulatedRpc with group-4EAE193F79A7:[s3|rpc:localhost:46809|admin:localhost:38119|client:localhost:40227|dataStream:localhost:35795|priority:0, s4|rpc:localhost:42721|admin:localhost:40067|client:localhost:36815|dataStream:localhost:33831|priority:0, s0|rpc:localhost:43875|admin:localhost:46477|client:localhost:45301|dataStream:localhost:46673|priority:0, s1|rpc:localhost:43167|admin:localhost:42827|client:localhost:41727|dataStream:localhost:38731|priority:0, s2|rpc:localhost:35037|admin:localhost:40161|client:localhost:40119|dataStream:localhost:37287|priority:0]
2022-05-09 13:04:00,980 [Time-limited test] INFO  impl.MiniRaftCluster (MiniRaftCluster.java:start(315)) - .............................................................. 
2022-05-09 13:04:00,980 [Time-limited test] INFO  impl.MiniRaftCluster (MiniRaftCluster.java:start(316)) - ... 
2022-05-09 13:04:00,981 [Time-limited test] INFO  impl.MiniRaftCluster (MiniRaftCluster.java:start(317)) - ...     Starting MiniRaftClusterWithSimulatedRpc
2022-05-09 13:04:00,981 [Time-limited test] INFO  impl.MiniRaftCluster (MiniRaftCluster.java:start(318)) - ... 
2022-05-09 13:04:00,981 [Time-limited test] INFO  impl.MiniRaftCluster (MiniRaftCluster.java:start(319)) - .............................................................. 
2022-05-09 13:04:00,982 [Time-limited test] INFO  impl.MiniRaftCluster (MiniRaftCluster.java:initServers(284)) - servers = {}
2022-05-09 13:04:00,992 [Time-limited test] INFO  impl.MiniRaftCluster (MiniRaftCluster.java:newRaftServer(358)) - newRaftServer: s3, group-4EAE193F79A7:[s3|rpc:localhost:46809|admin:localhost:38119|client:localhost:40227|dataStream:localhost:35795|priority:0, s4|rpc:localhost:42721|admin:localhost:40067|client:localhost:36815|dataStream:localhost:33831|priority:0, s0|rpc:localhost:43875|admin:localhost:46477|client:localhost:45301|dataStream:localhost:46673|priority:0, s1|rpc:localhost:43167|admin:localhost:42827|client:localhost:41727|dataStream:localhost:38731|priority:0, s2|rpc:localhost:35037|admin:localhost:40161|client:localhost:40119|dataStream:localhost:37287|priority:0], format? true
2022-05-09 13:04:00,995 [Time-limited test] TRACE util.FileUtils (FileUtils.java:deleteFully(162)) - deleteFully target/test/data/274820dd/MiniRaftClusterWithSimulatedRpcbb1ed256/s3
2022-05-09 13:04:00,997 [Time-limited test] TRACE util.FileUtils (FileUtils.java:deleteFully(178)) - deleteFully: target/test/data/274820dd/MiniRaftClusterWithSimulatedRpcbb1ed256/s3 does not exist.
2022-05-09 13:04:00,999 [Time-limited test] INFO  impl.MiniRaftCluster (MiniRaftCluster.java:newRaftServer(363)) - Formatted directory target/test/data/274820dd/MiniRaftClusterWithSimulatedRpcbb1ed256/s3
2022-05-09 13:04:01,012 [Time-limited test] INFO  server.RaftServer (ConfUtils.java:logGet(46)) - raft.rpc.type = org.apache.ratis.server.simulation.SimulatedRpc (custom)
2022-05-09 13:04:01,034 [Time-limited test] INFO  impl.DataStreamServerImpl (ConfUtils.java:logGet(46)) - raft.datastream.type = DISABLED (default)
2022-05-09 13:04:01,062 [Time-limited test] INFO  server.RaftServerConfigKeys (ConfUtils.java:logGet(46)) - raft.server.threadpool.proxy.cached = true (default)
2022-05-09 13:04:01,063 [Time-limited test] INFO  server.RaftServerConfigKeys (ConfUtils.java:logGet(46)) - raft.server.threadpool.proxy.size = 0 (default)
2022-05-09 13:04:01,067 [Time-limited test] INFO  server.RaftServerConfigKeys (ConfUtils.java:logGet(46)) - raft.server.rpc.slowness.timeout = 60s (default)
2022-05-09 13:04:01,068 [Time-limited test] INFO  server.RaftServerConfigKeys (ConfUtils.java:logGet(46)) - raft.server.leaderelection.leader.step-down.wait-time = 10s (default)
2022-05-09 13:04:01,072 [Time-limited test] INFO  server.RaftServerConfigKeys (ConfUtils.java:logGet(46)) - raft.server.storage.dir = [/home/runner/work/ratis/ratis/ratis-test/target/test/data/274820dd/MiniRaftClusterWithSimulatedRpcbb1ed256/s3] (custom)
2022-05-09 13:04:01,080 [Time-limited test] INFO  server.RaftServer (RaftServerProxy.java:addNew(96)) - s3: addNew group-4EAE193F79A7:[s3|rpc:localhost:46809|admin:localhost:38119|client:localhost:40227|dataStream:localhost:35795|priority:0, s4|rpc:localhost:42721|admin:localhost:40067|client:localhost:36815|dataStream:localhost:33831|priority:0, s0|rpc:localhost:43875|admin:localhost:46477|client:localhost:45301|dataStream:localhost:46673|priority:0, s1|rpc:localhost:43167|admin:localhost:42827|client:localhost:41727|dataStream:localhost:38731|priority:0, s2|rpc:localhost:35037|admin:localhost:40161|client:localhost:40119|dataStream:localhost:37287|priority:0] returns group-4EAE193F79A7:java.util.concurrent.CompletableFuture@71404251[Not completed]
2022-05-09 13:04:01,080 [Time-limited test] INFO  impl.MiniRaftCluster (MiniRaftCluster.java:newRaftServer(358)) - newRaftServer: s4, group-4EAE193F79A7:[s3|rpc:localhost:46809|admin:localhost:38119|client:localhost:40227|dataStream:localhost:35795|priority:0, s4|rpc:localhost:42721|admin:localhost:40067|client:localhost:36815|dataStream:localhost:33831|priority:0, s0|rpc:localhost:43875|admin:localhost:46477|client:localhost:45301|dataStream:localhost:46673|priority:0, s1|rpc:localhost:43167|admin:localhost:42827|client:localhost:41727|dataStream:localhost:38731|priority:0, s2|rpc:localhost:35037|admin:localhost:40161|client:localhost:40119|dataStream:localhost:37287|priority:0], format? true
2022-05-09 13:04:01,080 [Time-limited test] TRACE util.FileUtils (FileUtils.java:deleteFully(162)) - deleteFully target/test/data/274820dd/MiniRaftClusterWithSimulatedRpcbb1ed256/s4
2022-05-09 13:04:01,080 [Time-limited test] TRACE util.FileUtils (FileUtils.java:deleteFully(178)) - deleteFully: target/test/data/274820dd/MiniRaftClusterWithSimulatedRpcbb1ed256/s4 does not exist.
2022-05-09 13:04:01,080 [Time-limited test] INFO  impl.MiniRaftCluster (MiniRaftCluster.java:newRaftServer(363)) - Formatted directory target/test/data/274820dd/MiniRaftClusterWithSimulatedRpcbb1ed256/s4
2022-05-09 13:04:01,081 [Time-limited test] INFO  server.RaftServer (ConfUtils.java:logGet(46)) - raft.rpc.type = org.apache.ratis.server.simulation.SimulatedRpc (custom)
2022-05-09 13:04:01,081 [Time-limited test] INFO  impl.DataStreamServerImpl (ConfUtils.java:logGet(46)) - raft.datastream.type = DISABLED (default)
2022-05-09 13:04:01,081 [Time-limited test] INFO  server.RaftServerConfigKeys (ConfUtils.java:logGet(46)) - raft.server.threadpool.proxy.cached = true (default)
2022-05-09 13:04:01,081 [Time-limited test] INFO  server.RaftServerConfigKeys (ConfUtils.java:logGet(46)) - raft.server.threadpool.proxy.size = 0 (default)
2022-05-09 13:04:01,082 [Time-limited test] INFO  server.RaftServerConfigKeys (ConfUtils.java:logGet(46)) - raft.server.rpc.slowness.timeout = 60s (default)
2022-05-09 13:04:01,082 [Time-limited test] INFO  server.RaftServerConfigKeys (ConfUtils.java:logGet(46)) - raft.server.leaderelection.leader.step-down.wait-time = 10s (default)
2022-05-09 13:04:01,082 [Time-limited test] INFO  server.RaftServerConfigKeys (ConfUtils.java:logGet(46)) - raft.server.storage.dir = [/home/runner/work/ratis/ratis/ratis-test/target/test/data/274820dd/MiniRaftClusterWithSimulatedRpcbb1ed256/s4] (custom)
2022-05-09 13:04:01,094 [Time-limited test] INFO  server.RaftServer (RaftServerProxy.java:addNew(96)) - s4: addNew group-4EAE193F79A7:[s3|rpc:localhost:46809|admin:localhost:38119|client:localhost:40227|dataStream:localhost:35795|priority:0, s4|rpc:localhost:42721|admin:localhost:40067|client:localhost:36815|dataStream:localhost:33831|priority:0, s0|rpc:localhost:43875|admin:localhost:46477|client:localhost:45301|dataStream:localhost:46673|priority:0, s1|rpc:localhost:43167|admin:localhost:42827|client:localhost:41727|dataStream:localhost:38731|priority:0, s2|rpc:localhost:35037|admin:localhost:40161|client:localhost:40119|dataStream:localhost:37287|priority:0] returns group-4EAE193F79A7:java.util.concurrent.CompletableFuture@10bbf83a[Not completed]
2022-05-09 13:04:01,094 [Time-limited test] INFO  impl.MiniRaftCluster (MiniRaftCluster.java:newRaftServer(358)) - newRaftServer: s0, group-4EAE193F79A7:[s3|rpc:localhost:46809|admin:localhost:38119|client:localhost:40227|dataStream:localhost:35795|priority:0, s4|rpc:localhost:42721|admin:localhost:40067|client:localhost:36815|dataStream:localhost:33831|priority:0, s0|rpc:localhost:43875|admin:localhost:46477|client:localhost:45301|dataStream:localhost:46673|priority:0, s1|rpc:localhost:43167|admin:localhost:42827|client:localhost:41727|dataStream:localhost:38731|priority:0, s2|rpc:localhost:35037|admin:localhost:40161|client:localhost:40119|dataStream:localhost:37287|priority:0], format? true
2022-05-09 13:04:01,094 [Time-limited test] TRACE util.FileUtils (FileUtils.java:deleteFully(162)) - deleteFully target/test/data/274820dd/MiniRaftClusterWithSimulatedRpcbb1ed256/s0
2022-05-09 13:04:01,094 [Time-limited test] TRACE util.FileUtils (FileUtils.java:deleteFully(178)) - deleteFully: target/test/data/274820dd/MiniRaftClusterWithSimulatedRpcbb1ed256/s0 does not exist.
2022-05-09 13:04:01,094 [Time-limited test] INFO  impl.MiniRaftCluster (MiniRaftCluster.java:newRaftServer(363)) - Formatted directory target/test/data/274820dd/MiniRaftClusterWithSimulatedRpcbb1ed256/s0
2022-05-09 13:04:01,095 [Time-limited test] INFO  server.RaftServer (ConfUtils.java:logGet(46)) - raft.rpc.type = org.apache.ratis.server.simulation.SimulatedRpc (custom)
2022-05-09 13:04:01,095 [Time-limited test] INFO  impl.DataStreamServerImpl (ConfUtils.java:logGet(46)) - raft.datastream.type = DISABLED (default)
2022-05-09 13:04:01,095 [Time-limited test] INFO  server.RaftServerConfigKeys (ConfUtils.java:logGet(46)) - raft.server.threadpool.proxy.cached = true (default)
2022-05-09 13:04:01,095 [Time-limited test] INFO  server.RaftServerConfigKeys (ConfUtils.java:logGet(46)) - raft.server.threadpool.proxy.size = 0 (default)
2022-05-09 13:04:01,096 [Time-limited test] INFO  server.RaftServerConfigKeys (ConfUtils.java:logGet(46)) - raft.server.rpc.slowness.timeout = 60s (default)
2022-05-09 13:04:01,096 [Time-limited test] INFO  server.RaftServerConfigKeys (ConfUtils.java:logGet(46)) - raft.server.leaderelection.leader.step-down.wait-time = 10s (default)
2022-05-09 13:04:01,096 [Time-limited test] INFO  server.RaftServerConfigKeys (ConfUtils.java:logGet(46)) - raft.server.storage.dir = [/home/runner/work/ratis/ratis/ratis-test/target/test/data/274820dd/MiniRaftClusterWithSimulatedRpcbb1ed256/s0] (custom)
2022-05-09 13:04:01,100 [pool-2-thread-1] INFO  server.RaftServer$Division (RaftServerImpl.java:<init>(189)) - s4: new RaftServerImpl for group-4EAE193F79A7:[s3|rpc:localhost:46809|admin:localhost:38119|client:localhost:40227|dataStream:localhost:35795|priority:0, s4|rpc:localhost:42721|admin:localhost:40067|client:localhost:36815|dataStream:localhost:33831|priority:0, s0|rpc:localhost:43875|admin:localhost:46477|client:localhost:45301|dataStream:localhost:46673|priority:0, s1|rpc:localhost:43167|admin:localhost:42827|client:localhost:41727|dataStream:localhost:38731|priority:0, s2|rpc:localhost:35037|admin:localhost:40161|client:localhost:40119|dataStream:localhost:37287|priority:0] with BaseStateMachine:uninitialized
2022-05-09 13:04:01,102 [pool-2-thread-1] INFO  server.RaftServerConfigKeys (ConfUtils.java:logGet(46)) - raft.server.rpc.timeout.min = 150ms (default)
2022-05-09 13:04:01,102 [pool-1-thread-1] INFO  server.RaftServer$Division (RaftServerImpl.java:<init>(189)) - s3: new RaftServerImpl for group-4EAE193F79A7:[s3|rpc:localhost:46809|admin:localhost:38119|client:localhost:40227|dataStream:localhost:35795|priority:0, s4|rpc:localhost:42721|admin:localhost:40067|client:localhost:36815|dataStream:localhost:33831|priority:0, s0|rpc:localhost:43875|admin:localhost:46477|client:localhost:45301|dataStream:localhost:46673|priority:0, s1|rpc:localhost:43167|admin:localhost:42827|client:localhost:41727|dataStream:localhost:38731|priority:0, s2|rpc:localhost:35037|admin:localhost:40161|client:localhost:40119|dataStream:localhost:37287|priority:0] with BaseStateMachine:uninitialized
2022-05-09 13:04:01,102 [pool-2-thread-1] INFO  server.RaftServerConfigKeys (ConfUtils.java:logGet(46)) - raft.server.rpc.timeout.max = 300ms (default)
2022-05-09 13:04:01,102 [pool-2-thread-1] INFO  server.RaftServerConfigKeys (ConfUtils.java:logGet(46)) - raft.server.rpc.sleep.time = 25ms (default)
2022-05-09 13:04:01,102 [pool-1-thread-1] INFO  server.RaftServerConfigKeys (ConfUtils.java:logGet(46)) - raft.server.rpc.timeout.min = 150ms (default)
2022-05-09 13:04:01,103 [pool-2-thread-1] INFO  server.RaftServerConfigKeys (ConfUtils.java:logGet(46)) - raft.server.rpc.slowness.timeout = 60s (default)
2022-05-09 13:04:01,103 [pool-1-thread-1] INFO  server.RaftServerConfigKeys (ConfUtils.java:logGet(46)) - raft.server.rpc.timeout.max = 300ms (default)
2022-05-09 13:04:01,103 [pool-2-thread-1] INFO  server.RaftServerConfigKeys (ConfUtils.java:logGet(46)) - raft.server.leaderelection.leader.step-down.wait-time = 10s (default)
2022-05-09 13:04:01,103 [pool-1-thread-1] INFO  server.RaftServerConfigKeys (ConfUtils.java:logGet(46)) - raft.server.rpc.sleep.time = 25ms (default)
2022-05-09 13:04:01,103 [pool-2-thread-1] INFO  server.RaftServerConfigKeys (ConfUtils.java:logGet(46)) - raft.server.sleep.deviation.threshold = 300ms (default)
2022-05-09 13:04:01,104 [pool-1-thread-1] INFO  server.RaftServerConfigKeys (ConfUtils.java:logGet(46)) - raft.server.rpc.slowness.timeout = 60s (default)
2022-05-09 13:04:01,104 [pool-1-thread-1] INFO  server.RaftServerConfigKeys (ConfUtils.java:logGet(46)) - raft.server.leaderelection.leader.step-down.wait-time = 10s (default)
2022-05-09 13:04:01,104 [pool-1-thread-1] INFO  server.RaftServerConfigKeys (ConfUtils.java:logGet(46)) - raft.server.sleep.deviation.threshold = 300ms (default)
2022-05-09 13:04:01,111 [pool-1-thread-1] INFO  server.RaftServer$Division (ServerState.java:<init>(107)) - s3@group-4EAE193F79A7: ConfigurationManager, init=-1: [s3|rpc:localhost:46809|admin:localhost:38119|client:localhost:40227|dataStream:localhost:35795|priority:0, s4|rpc:localhost:42721|admin:localhost:40067|client:localhost:36815|dataStream:localhost:33831|priority:0, s0|rpc:localhost:43875|admin:localhost:46477|client:localhost:45301|dataStream:localhost:46673|priority:0, s1|rpc:localhost:43167|admin:localhost:42827|client:localhost:41727|dataStream:localhost:38731|priority:0, s2|rpc:localhost:35037|admin:localhost:40161|client:localhost:40119|dataStream:localhost:37287|priority:0], old=null, confs=<EMPTY_MAP>
2022-05-09 13:04:01,111 [pool-2-thread-1] INFO  server.RaftServer$Division (ServerState.java:<init>(107)) - s4@group-4EAE193F79A7: ConfigurationManager, init=-1: [s3|rpc:localhost:46809|admin:localhost:38119|client:localhost:40227|dataStream:localhost:35795|priority:0, s4|rpc:localhost:42721|admin:localhost:40067|client:localhost:36815|dataStream:localhost:33831|priority:0, s0|rpc:localhost:43875|admin:localhost:46477|client:localhost:45301|dataStream:localhost:46673|priority:0, s1|rpc:localhost:43167|admin:localhost:42827|client:localhost:41727|dataStream:localhost:38731|priority:0, s2|rpc:localhost:35037|admin:localhost:40161|client:localhost:40119|dataStream:localhost:37287|priority:0], old=null, confs=<EMPTY_MAP>
2022-05-09 13:04:01,112 [pool-2-thread-1] INFO  server.RaftServerConfigKeys (ConfUtils.java:logGet(46)) - raft.server.storage.dir = [/home/runner/work/ratis/ratis/ratis-test/target/test/data/274820dd/MiniRaftClusterWithSimulatedRpcbb1ed256/s4] (custom)
2022-05-09 13:04:01,116 [pool-1-thread-1] INFO  server.RaftServerConfigKeys (ConfUtils.java:logGet(46)) - raft.server.storage.dir = [/home/runner/work/ratis/ratis/ratis-test/target/test/data/274820dd/MiniRaftClusterWithSimulatedRpcbb1ed256/s3] (custom)
2022-05-09 13:04:01,116 [Time-limited test] INFO  server.RaftServer (RaftServerProxy.java:addNew(96)) - s0: addNew group-4EAE193F79A7:[s3|rpc:localhost:46809|admin:localhost:38119|client:localhost:40227|dataStream:localhost:35795|priority:0, s4|rpc:localhost:42721|admin:localhost:40067|client:localhost:36815|dataStream:localhost:33831|priority:0, s0|rpc:localhost:43875|admin:localhost:46477|client:localhost:45301|dataStream:localhost:46673|priority:0, s1|rpc:localhost:43167|admin:localhost:42827|client:localhost:41727|dataStream:localhost:38731|priority:0, s2|rpc:localhost:35037|admin:localhost:40161|client:localhost:40119|dataStream:localhost:37287|priority:0] returns group-4EAE193F79A7:java.util.concurrent.CompletableFuture@3f8d8f7b[Not completed]
2022-05-09 13:04:01,117 [Time-limited test] INFO  impl.MiniRaftCluster (MiniRaftCluster.java:newRaftServer(358)) - newRaftServer: s1, group-4EAE193F79A7:[s3|rpc:localhost:46809|admin:localhost:38119|client:localhost:40227|dataStream:localhost:35795|priority:0, s4|rpc:localhost:42721|admin:localhost:40067|client:localhost:36815|dataStream:localhost:33831|priority:0, s0|rpc:localhost:43875|admin:localhost:46477|client:localhost:45301|dataStream:localhost:46673|priority:0, s1|rpc:localhost:43167|admin:localhost:42827|client:localhost:41727|dataStream:localhost:38731|priority:0, s2|rpc:localhost:35037|admin:localhost:40161|client:localhost:40119|dataStream:localhost:37287|priority:0], format? true
2022-05-09 13:04:01,117 [Time-limited test] TRACE util.FileUtils (FileUtils.java:deleteFully(162)) - deleteFully target/test/data/274820dd/MiniRaftClusterWithSimulatedRpcbb1ed256/s1
2022-05-09 13:04:01,117 [pool-3-thread-1] INFO  server.RaftServer$Division (RaftServerImpl.java:<init>(189)) - s0: new RaftServerImpl for group-4EAE193F79A7:[s3|rpc:localhost:46809|admin:localhost:38119|client:localhost:40227|dataStream:localhost:35795|priority:0, s4|rpc:localhost:42721|admin:localhost:40067|client:localhost:36815|dataStream:localhost:33831|priority:0, s0|rpc:localhost:43875|admin:localhost:46477|client:localhost:45301|dataStream:localhost:46673|priority:0, s1|rpc:localhost:43167|admin:localhost:42827|client:localhost:41727|dataStream:localhost:38731|priority:0, s2|rpc:localhost:35037|admin:localhost:40161|client:localhost:40119|dataStream:localhost:37287|priority:0] with BaseStateMachine:uninitialized
2022-05-09 13:04:01,117 [Time-limited test] TRACE util.FileUtils (FileUtils.java:deleteFully(178)) - deleteFully: target/test/data/274820dd/MiniRaftClusterWithSimulatedRpcbb1ed256/s1 does not exist.
2022-05-09 13:04:01,117 [Time-limited test] INFO  impl.MiniRaftCluster (MiniRaftCluster.java:newRaftServer(363)) - Formatted directory target/test/data/274820dd/MiniRaftClusterWithSimulatedRpcbb1ed256/s1
2022-05-09 13:04:01,117 [pool-3-thread-1] INFO  server.RaftServerConfigKeys (ConfUtils.java:logGet(46)) - raft.server.rpc.timeout.min = 150ms (default)
2022-05-09 13:04:01,117 [Time-limited test] INFO  server.RaftServer (ConfUtils.java:logGet(46)) - raft.rpc.type = org.apache.ratis.server.simulation.SimulatedRpc (custom)
2022-05-09 13:04:01,118 [Time-limited test] INFO  impl.DataStreamServerImpl (ConfUtils.java:logGet(46)) - raft.datastream.type = DISABLED (default)
2022-05-09 13:04:01,118 [Time-limited test] INFO  server.RaftServerConfigKeys (ConfUtils.java:logGet(46)) - raft.server.threadpool.proxy.cached = true (default)
2022-05-09 13:04:01,118 [Time-limited test] INFO  server.RaftServerConfigKeys (ConfUtils.java:logGet(46)) - raft.server.threadpool.proxy.size = 0 (default)
2022-05-09 13:04:01,118 [Time-limited test] INFO  server.RaftServerConfigKeys (ConfUtils.java:logGet(46)) - raft.server.rpc.slowness.timeout = 60s (default)
2022-05-09 13:04:01,119 [Time-limited test] INFO  server.RaftServerConfigKeys (ConfUtils.java:logGet(46)) - raft.server.leaderelection.leader.step-down.wait-time = 10s (default)
2022-05-09 13:04:01,119 [Time-limited test] INFO  server.RaftServerConfigKeys (ConfUtils.java:logGet(46)) - raft.server.storage.dir = [/home/runner/work/ratis/ratis/ratis-test/target/test/data/274820dd/MiniRaftClusterWithSimulatedRpcbb1ed256/s1] (custom)
2022-05-09 13:04:01,118 [pool-3-thread-1] INFO  server.RaftServerConfigKeys (ConfUtils.java:logGet(46)) - raft.server.rpc.timeout.max = 300ms (default)
2022-05-09 13:04:01,119 [pool-3-thread-1] INFO  server.RaftServerConfigKeys (ConfUtils.java:logGet(46)) - raft.server.rpc.sleep.time = 25ms (default)
2022-05-09 13:04:01,119 [pool-3-thread-1] INFO  server.RaftServerConfigKeys (ConfUtils.java:logGet(46)) - raft.server.rpc.slowness.timeout = 60s (default)
2022-05-09 13:04:01,119 [pool-3-thread-1] INFO  server.RaftServerConfigKeys (ConfUtils.java:logGet(46)) - raft.server.leaderelection.leader.step-down.wait-time = 10s (default)
2022-05-09 13:04:01,120 [pool-3-thread-1] INFO  server.RaftServerConfigKeys (ConfUtils.java:logGet(46)) - raft.server.sleep.deviation.threshold = 300ms (default)
2022-05-09 13:04:01,120 [pool-3-thread-1] INFO  server.RaftServer$Division (ServerState.java:<init>(107)) - s0@group-4EAE193F79A7: ConfigurationManager, init=-1: [s3|rpc:localhost:46809|admin:localhost:38119|client:localhost:40227|dataStream:localhost:35795|priority:0, s4|rpc:localhost:42721|admin:localhost:40067|client:localhost:36815|dataStream:localhost:33831|priority:0, s0|rpc:localhost:43875|admin:localhost:46477|client:localhost:45301|dataStream:localhost:46673|priority:0, s1|rpc:localhost:43167|admin:localhost:42827|client:localhost:41727|dataStream:localhost:38731|priority:0, s2|rpc:localhost:35037|admin:localhost:40161|client:localhost:40119|dataStream:localhost:37287|priority:0], old=null, confs=<EMPTY_MAP>
2022-05-09 13:04:01,120 [pool-3-thread-1] INFO  server.RaftServerConfigKeys (ConfUtils.java:logGet(46)) - raft.server.storage.dir = [/home/runner/work/ratis/ratis/ratis-test/target/test/data/274820dd/MiniRaftClusterWithSimulatedRpcbb1ed256/s0] (custom)
2022-05-09 13:04:01,121 [Time-limited test] INFO  server.RaftServer (RaftServerProxy.java:addNew(96)) - s1: addNew group-4EAE193F79A7:[s3|rpc:localhost:46809|admin:localhost:38119|client:localhost:40227|dataStream:localhost:35795|priority:0, s4|rpc:localhost:42721|admin:localhost:40067|client:localhost:36815|dataStream:localhost:33831|priority:0, s0|rpc:localhost:43875|admin:localhost:46477|client:localhost:45301|dataStream:localhost:46673|priority:0, s1|rpc:localhost:43167|admin:localhost:42827|client:localhost:41727|dataStream:localhost:38731|priority:0, s2|rpc:localhost:35037|admin:localhost:40161|client:localhost:40119|dataStream:localhost:37287|priority:0] returns group-4EAE193F79A7:java.util.concurrent.CompletableFuture@4b27d794[Not completed]
2022-05-09 13:04:01,121 [Time-limited test] INFO  impl.MiniRaftCluster (MiniRaftCluster.java:newRaftServer(358)) - newRaftServer: s2, group-4EAE193F79A7:[s3|rpc:localhost:46809|admin:localhost:38119|client:localhost:40227|dataStream:localhost:35795|priority:0, s4|rpc:localhost:42721|admin:localhost:40067|client:localhost:36815|dataStream:localhost:33831|priority:0, s0|rpc:localhost:43875|admin:localhost:46477|client:localhost:45301|dataStream:localhost:46673|priority:0, s1|rpc:localhost:43167|admin:localhost:42827|client:localhost:41727|dataStream:localhost:38731|priority:0, s2|rpc:localhost:35037|admin:localhost:40161|client:localhost:40119|dataStream:localhost:37287|priority:0], format? true
2022-05-09 13:04:01,121 [Time-limited test] TRACE util.FileUtils (FileUtils.java:deleteFully(162)) - deleteFully target/test/data/274820dd/MiniRaftClusterWithSimulatedRpcbb1ed256/s2
2022-05-09 13:04:01,121 [Time-limited test] TRACE util.FileUtils (FileUtils.java:deleteFully(178)) - deleteFully: target/test/data/274820dd/MiniRaftClusterWithSimulatedRpcbb1ed256/s2 does not exist.
2022-05-09 13:04:01,121 [Time-limited test] INFO  impl.MiniRaftCluster (MiniRaftCluster.java:newRaftServer(363)) - Formatted directory target/test/data/274820dd/MiniRaftClusterWithSimulatedRpcbb1ed256/s2
2022-05-09 13:04:01,122 [Time-limited test] INFO  server.RaftServer (ConfUtils.java:logGet(46)) - raft.rpc.type = org.apache.ratis.server.simulation.SimulatedRpc (custom)
2022-05-09 13:04:01,122 [Time-limited test] INFO  impl.DataStreamServerImpl (ConfUtils.java:logGet(46)) - raft.datastream.type = DISABLED (default)
2022-05-09 13:04:01,122 [Time-limited test] INFO  server.RaftServerConfigKeys (ConfUtils.java:logGet(46)) - raft.server.threadpool.proxy.cached = true (default)
2022-05-09 13:04:01,122 [Time-limited test] INFO  server.RaftServerConfigKeys (ConfUtils.java:logGet(46)) - raft.server.threadpool.proxy.size = 0 (default)
2022-05-09 13:04:01,123 [Time-limited test] INFO  server.RaftServerConfigKeys (ConfUtils.java:logGet(46)) - raft.server.rpc.slowness.timeout = 60s (default)
2022-05-09 13:04:01,123 [Time-limited test] INFO  server.RaftServerConfigKeys (ConfUtils.java:logGet(46)) - raft.server.leaderelection.leader.step-down.wait-time = 10s (default)
2022-05-09 13:04:01,123 [Time-limited test] INFO  server.RaftServerConfigKeys (ConfUtils.java:logGet(46)) - raft.server.storage.dir = [/home/runner/work/ratis/ratis/ratis-test/target/test/data/274820dd/MiniRaftClusterWithSimulatedRpcbb1ed256/s2] (custom)
2022-05-09 13:04:01,123 [pool-2-thread-1] INFO  server.RaftServerConfigKeys (ConfUtils.java:logGet(46)) - raft.server.log.corruption.policy = EXCEPTION (default)
2022-05-09 13:04:01,126 [pool-2-thread-1] INFO  server.RaftServerConfigKeys (ConfUtils.java:logGet(46)) - raft.server.storage.free-space.min = 0MB (=0) (default)
2022-05-09 13:04:01,124 [pool-4-thread-1] INFO  server.RaftServer$Division (RaftServerImpl.java:<init>(189)) - s1: new RaftServerImpl for group-4EAE193F79A7:[s3|rpc:localhost:46809|admin:localhost:38119|client:localhost:40227|dataStream:localhost:35795|priority:0, s4|rpc:localhost:42721|admin:localhost:40067|client:localhost:36815|dataStream:localhost:33831|priority:0, s0|rpc:localhost:43875|admin:localhost:46477|client:localhost:45301|dataStream:localhost:46673|priority:0, s1|rpc:localhost:43167|admin:localhost:42827|client:localhost:41727|dataStream:localhost:38731|priority:0, s2|rpc:localhost:35037|admin:localhost:40161|client:localhost:40119|dataStream:localhost:37287|priority:0] with BaseStateMachine:uninitialized
2022-05-09 13:04:01,124 [pool-1-thread-1] INFO  server.RaftServerConfigKeys (ConfUtils.java:logGet(46)) - raft.server.log.corruption.policy = EXCEPTION (default)
2022-05-09 13:04:01,127 [pool-1-thread-1] INFO  server.RaftServerConfigKeys (ConfUtils.java:logGet(46)) - raft.server.storage.free-space.min = 0MB (=0) (default)
2022-05-09 13:04:01,129 [pool-1-thread-1] INFO  storage.RaftStorageDirectory (RaftStorageDirectoryImpl.java:analyzeStorage(135)) - The storage directory /home/runner/work/ratis/ratis/ratis-test/target/test/data/274820dd/MiniRaftClusterWithSimulatedRpcbb1ed256/s3/b263a1c4-97ab-490b-9742-4eae193f79a7 does not exist. Creating ...
2022-05-09 13:04:01,123 [pool-3-thread-1] INFO  server.RaftServerConfigKeys (ConfUtils.java:logGet(46)) - raft.server.log.corruption.policy = EXCEPTION (default)
2022-05-09 13:04:01,130 [pool-3-thread-1] INFO  server.RaftServerConfigKeys (ConfUtils.java:logGet(46)) - raft.server.storage.free-space.min = 0MB (=0) (default)
2022-05-09 13:04:01,130 [pool-3-thread-1] INFO  storage.RaftStorageDirectory (RaftStorageDirectoryImpl.java:analyzeStorage(135)) - The storage directory /home/runner/work/ratis/ratis/ratis-test/target/test/data/274820dd/MiniRaftClusterWithSimulatedRpcbb1ed256/s0/b263a1c4-97ab-490b-9742-4eae193f79a7 does not exist. Creating ...
2022-05-09 13:04:01,131 [pool-3-thread-1] TRACE util.FileUtils (LogUtils.java:runAndLog(49)) - Successfully ran Files.createDirectories /home/runner/work/ratis/ratis/ratis-test/target/test/data/274820dd/MiniRaftClusterWithSimulatedRpcbb1ed256/s0/b263a1c4-97ab-490b-9742-4eae193f79a7
2022-05-09 13:04:01,134 [pool-1-thread-1] TRACE util.FileUtils (LogUtils.java:runAndLog(49)) - Successfully ran Files.createDirectories /home/runner/work/ratis/ratis/ratis-test/target/test/data/274820dd/MiniRaftClusterWithSimulatedRpcbb1ed256/s3/b263a1c4-97ab-490b-9742-4eae193f79a7
2022-05-09 13:04:01,137 [pool-4-thread-1] INFO  server.RaftServerConfigKeys (ConfUtils.java:logGet(46)) - raft.server.rpc.timeout.min = 150ms (default)
2022-05-09 13:04:01,137 [pool-4-thread-1] INFO  server.RaftServerConfigKeys (ConfUtils.java:logGet(46)) - raft.server.rpc.timeout.max = 300ms (default)
2022-05-09 13:04:01,137 [pool-4-thread-1] INFO  server.RaftServerConfigKeys (ConfUtils.java:logGet(46)) - raft.server.rpc.sleep.time = 25ms (default)
2022-05-09 13:04:01,138 [pool-4-thread-1] INFO  server.RaftServerConfigKeys (ConfUtils.java:logGet(46)) - raft.server.rpc.slowness.timeout = 60s (default)
2022-05-09 13:04:01,138 [pool-4-thread-1] INFO  server.RaftServerConfigKeys (ConfUtils.java:logGet(46)) - raft.server.leaderelection.leader.step-down.wait-time = 10s (default)
2022-05-09 13:04:01,138 [Time-limited test] INFO  server.RaftServer (RaftServerProxy.java:addNew(96)) - s2: addNew group-4EAE193F79A7:[s3|rpc:localhost:46809|admin:localhost:38119|client:localhost:40227|dataStream:localhost:35795|priority:0, s4|rpc:localhost:42721|admin:localhost:40067|client:localhost:36815|dataStream:localhost:33831|priority:0, s0|rpc:localhost:43875|admin:localhost:46477|client:localhost:45301|dataStream:localhost:46673|priority:0, s1|rpc:localhost:43167|admin:localhost:42827|client:localhost:41727|dataStream:localhost:38731|priority:0, s2|rpc:localhost:35037|admin:localhost:40161|client:localhost:40119|dataStream:localhost:37287|priority:0] returns group-4EAE193F79A7:java.util.concurrent.CompletableFuture@566806af[Not completed]
2022-05-09 13:04:01,138 [pool-4-thread-1] INFO  server.RaftServerConfigKeys (ConfUtils.java:logGet(46)) - raft.server.sleep.deviation.threshold = 300ms (default)
2022-05-09 13:04:01,138 [pool-4-thread-1] INFO  server.RaftServer$Division (ServerState.java:<init>(107)) - s1@group-4EAE193F79A7: ConfigurationManager, init=-1: [s3|rpc:localhost:46809|admin:localhost:38119|client:localhost:40227|dataStream:localhost:35795|priority:0, s4|rpc:localhost:42721|admin:localhost:40067|client:localhost:36815|dataStream:localhost:33831|priority:0, s0|rpc:localhost:43875|admin:localhost:46477|client:localhost:45301|dataStream:localhost:46673|priority:0, s1|rpc:localhost:43167|admin:localhost:42827|client:localhost:41727|dataStream:localhost:38731|priority:0, s2|rpc:localhost:35037|admin:localhost:40161|client:localhost:40119|dataStream:localhost:37287|priority:0], old=null, confs=<EMPTY_MAP>
2022-05-09 13:04:01,139 [pool-4-thread-1] INFO  server.RaftServerConfigKeys (ConfUtils.java:logGet(46)) - raft.server.storage.dir = [/home/runner/work/ratis/ratis/ratis-test/target/test/data/274820dd/MiniRaftClusterWithSimulatedRpcbb1ed256/s1] (custom)
2022-05-09 13:04:01,139 [pool-4-thread-1] INFO  server.RaftServerConfigKeys (ConfUtils.java:logGet(46)) - raft.server.log.corruption.policy = EXCEPTION (default)
2022-05-09 13:04:01,139 [pool-1-thread-1] INFO  storage.RaftStorageDirectory (RaftStorageDirectoryImpl.java:tryLock(230)) - Lock on /home/runner/work/ratis/ratis/ratis-test/target/test/data/274820dd/MiniRaftClusterWithSimulatedRpcbb1ed256/s3/b263a1c4-97ab-490b-9742-4eae193f79a7/in_use.lock acquired by nodename 5030@fv-az54-248.qczjibyfz4dularrisj3jz1gre.bx.internal.cloudapp.net
2022-05-09 13:04:01,140 [pool-1-thread-1] TRACE util.FileUtils (LogUtils.java:runAndLog(49)) - Successfully ran Files.createDirectories /home/runner/work/ratis/ratis/ratis-test/target/test/data/274820dd/MiniRaftClusterWithSimulatedRpcbb1ed256/s3/b263a1c4-97ab-490b-9742-4eae193f79a7/current
2022-05-09 13:04:01,139 [pool-5-thread-1] INFO  server.RaftServer$Division (RaftServerImpl.java:<init>(189)) - s2: new RaftServerImpl for group-4EAE193F79A7:[s3|rpc:localhost:46809|admin:localhost:38119|client:localhost:40227|dataStream:localhost:35795|priority:0, s4|rpc:localhost:42721|admin:localhost:40067|client:localhost:36815|dataStream:localhost:33831|priority:0, s0|rpc:localhost:43875|admin:localhost:46477|client:localhost:45301|dataStream:localhost:46673|priority:0, s1|rpc:localhost:43167|admin:localhost:42827|client:localhost:41727|dataStream:localhost:38731|priority:0, s2|rpc:localhost:35037|admin:localhost:40161|client:localhost:40119|dataStream:localhost:37287|priority:0] with BaseStateMachine:uninitialized
2022-05-09 13:04:01,141 [pool-4-thread-1] INFO  server.RaftServerConfigKeys (ConfUtils.java:logGet(46)) - raft.server.storage.free-space.min = 0MB (=0) (default)
2022-05-09 13:04:01,141 [pool-4-thread-1] INFO  storage.RaftStorageDirectory (RaftStorageDirectoryImpl.java:analyzeStorage(135)) - The storage directory /home/runner/work/ratis/ratis/ratis-test/target/test/data/274820dd/MiniRaftClusterWithSimulatedRpcbb1ed256/s1/b263a1c4-97ab-490b-9742-4eae193f79a7 does not exist. Creating ...
2022-05-09 13:04:01,141 [pool-4-thread-1] TRACE util.FileUtils (LogUtils.java:runAndLog(49)) - Successfully ran Files.createDirectories /home/runner/work/ratis/ratis/ratis-test/target/test/data/274820dd/MiniRaftClusterWithSimulatedRpcbb1ed256/s1/b263a1c4-97ab-490b-9742-4eae193f79a7
2022-05-09 13:04:01,141 [pool-3-thread-1] INFO  storage.RaftStorageDirectory (RaftStorageDirectoryImpl.java:tryLock(230)) - Lock on /home/runner/work/ratis/ratis/ratis-test/target/test/data/274820dd/MiniRaftClusterWithSimulatedRpcbb1ed256/s0/b263a1c4-97ab-490b-9742-4eae193f79a7/in_use.lock acquired by nodename 5030@fv-az54-248.qczjibyfz4dularrisj3jz1gre.bx.internal.cloudapp.net
2022-05-09 13:04:01,141 [pool-1-thread-1] TRACE util.FileUtils (LogUtils.java:runAndLog(49)) - Successfully ran Files.createDirectories /home/runner/work/ratis/ratis/ratis-test/target/test/data/274820dd/MiniRaftClusterWithSimulatedRpcbb1ed256/s3/b263a1c4-97ab-490b-9742-4eae193f79a7/sm
2022-05-09 13:04:01,143 [pool-4-thread-1] INFO  storage.RaftStorageDirectory (RaftStorageDirectoryImpl.java:tryLock(230)) - Lock on /home/runner/work/ratis/ratis/ratis-test/target/test/data/274820dd/MiniRaftClusterWithSimulatedRpcbb1ed256/s1/b263a1c4-97ab-490b-9742-4eae193f79a7/in_use.lock acquired by nodename 5030@fv-az54-248.qczjibyfz4dularrisj3jz1gre.bx.internal.cloudapp.net
2022-05-09 13:04:01,154 [pool-4-thread-1] TRACE util.FileUtils (LogUtils.java:runAndLog(49)) - Successfully ran Files.createDirectories /home/runner/work/ratis/ratis/ratis-test/target/test/data/274820dd/MiniRaftClusterWithSimulatedRpcbb1ed256/s1/b263a1c4-97ab-490b-9742-4eae193f79a7/current
2022-05-09 13:04:01,154 [pool-4-thread-1] TRACE util.FileUtils (LogUtils.java:runAndLog(49)) - Successfully ran Files.createDirectories /home/runner/work/ratis/ratis/ratis-test/target/test/data/274820dd/MiniRaftClusterWithSimulatedRpcbb1ed256/s1/b263a1c4-97ab-490b-9742-4eae193f79a7/sm
2022-05-09 13:04:01,142 [pool-2-thread-1] INFO  storage.RaftStorageDirectory (RaftStorageDirectoryImpl.java:analyzeStorage(135)) - The storage directory /home/runner/work/ratis/ratis/ratis-test/target/test/data/274820dd/MiniRaftClusterWithSimulatedRpcbb1ed256/s4/b263a1c4-97ab-490b-9742-4eae193f79a7 does not exist. Creating ...
2022-05-09 13:04:01,154 [pool-2-thread-1] TRACE util.FileUtils (LogUtils.java:runAndLog(49)) - Successfully ran Files.createDirectories /home/runner/work/ratis/ratis/ratis-test/target/test/data/274820dd/MiniRaftClusterWithSimulatedRpcbb1ed256/s4/b263a1c4-97ab-490b-9742-4eae193f79a7
2022-05-09 13:04:01,142 [pool-3-thread-1] TRACE util.FileUtils (LogUtils.java:runAndLog(49)) - Successfully ran Files.createDirectories /home/runner/work/ratis/ratis/ratis-test/target/test/data/274820dd/MiniRaftClusterWithSimulatedRpcbb1ed256/s0/b263a1c4-97ab-490b-9742-4eae193f79a7/current
2022-05-09 13:04:01,141 [pool-5-thread-1] INFO  server.RaftServerConfigKeys (ConfUtils.java:logGet(46)) - raft.server.rpc.timeout.min = 150ms (default)
2022-05-09 13:04:01,155 [pool-5-thread-1] INFO  server.RaftServerConfigKeys (ConfUtils.java:logGet(46)) - raft.server.rpc.timeout.max = 300ms (default)
2022-05-09 13:04:01,155 [pool-5-thread-1] INFO  server.RaftServerConfigKeys (ConfUtils.java:logGet(46)) - raft.server.rpc.sleep.time = 25ms (default)
2022-05-09 13:04:01,155 [pool-5-thread-1] INFO  server.RaftServerConfigKeys (ConfUtils.java:logGet(46)) - raft.server.rpc.slowness.timeout = 60s (default)
2022-05-09 13:04:01,156 [pool-5-thread-1] INFO  server.RaftServerConfigKeys (ConfUtils.java:logGet(46)) - raft.server.leaderelection.leader.step-down.wait-time = 10s (default)
2022-05-09 13:04:01,156 [pool-5-thread-1] INFO  server.RaftServerConfigKeys (ConfUtils.java:logGet(46)) - raft.server.sleep.deviation.threshold = 300ms (default)
2022-05-09 13:04:01,156 [pool-5-thread-1] INFO  server.RaftServer$Division (ServerState.java:<init>(107)) - s2@group-4EAE193F79A7: ConfigurationManager, init=-1: [s3|rpc:localhost:46809|admin:localhost:38119|client:localhost:40227|dataStream:localhost:35795|priority:0, s4|rpc:localhost:42721|admin:localhost:40067|client:localhost:36815|dataStream:localhost:33831|priority:0, s0|rpc:localhost:43875|admin:localhost:46477|client:localhost:45301|dataStream:localhost:46673|priority:0, s1|rpc:localhost:43167|admin:localhost:42827|client:localhost:41727|dataStream:localhost:38731|priority:0, s2|rpc:localhost:35037|admin:localhost:40161|client:localhost:40119|dataStream:localhost:37287|priority:0], old=null, confs=<EMPTY_MAP>
2022-05-09 13:04:01,155 [pool-3-thread-1] TRACE util.FileUtils (LogUtils.java:runAndLog(49)) - Successfully ran Files.createDirectories /home/runner/work/ratis/ratis/ratis-test/target/test/data/274820dd/MiniRaftClusterWithSimulatedRpcbb1ed256/s0/b263a1c4-97ab-490b-9742-4eae193f79a7/sm
2022-05-09 13:04:01,156 [pool-5-thread-1] INFO  server.RaftServerConfigKeys (ConfUtils.java:logGet(46)) - raft.server.storage.dir = [/home/runner/work/ratis/ratis/ratis-test/target/test/data/274820dd/MiniRaftClusterWithSimulatedRpcbb1ed256/s2] (custom)
2022-05-09 13:04:01,156 [pool-5-thread-1] INFO  server.RaftServerConfigKeys (ConfUtils.java:logGet(46)) - raft.server.log.corruption.policy = EXCEPTION (default)
2022-05-09 13:04:01,156 [pool-5-thread-1] INFO  server.RaftServerConfigKeys (ConfUtils.java:logGet(46)) - raft.server.storage.free-space.min = 0MB (=0) (default)
2022-05-09 13:04:01,157 [pool-5-thread-1] INFO  storage.RaftStorageDirectory (RaftStorageDirectoryImpl.java:analyzeStorage(135)) - The storage directory /home/runner/work/ratis/ratis/ratis-test/target/test/data/274820dd/MiniRaftClusterWithSimulatedRpcbb1ed256/s2/b263a1c4-97ab-490b-9742-4eae193f79a7 does not exist. Creating ...
2022-05-09 13:04:01,157 [pool-5-thread-1] TRACE util.FileUtils (LogUtils.java:runAndLog(49)) - Successfully ran Files.createDirectories /home/runner/work/ratis/ratis/ratis-test/target/test/data/274820dd/MiniRaftClusterWithSimulatedRpcbb1ed256/s2/b263a1c4-97ab-490b-9742-4eae193f79a7
2022-05-09 13:04:01,157 [pool-2-thread-1] INFO  storage.RaftStorageDirectory (RaftStorageDirectoryImpl.java:tryLock(230)) - Lock on /home/runner/work/ratis/ratis/ratis-test/target/test/data/274820dd/MiniRaftClusterWithSimulatedRpcbb1ed256/s4/b263a1c4-97ab-490b-9742-4eae193f79a7/in_use.lock acquired by nodename 5030@fv-az54-248.qczjibyfz4dularrisj3jz1gre.bx.internal.cloudapp.net
2022-05-09 13:04:01,157 [pool-2-thread-1] TRACE util.FileUtils (LogUtils.java:runAndLog(49)) - Successfully ran Files.createDirectories /home/runner/work/ratis/ratis/ratis-test/target/test/data/274820dd/MiniRaftClusterWithSimulatedRpcbb1ed256/s4/b263a1c4-97ab-490b-9742-4eae193f79a7/current
2022-05-09 13:04:01,158 [pool-2-thread-1] TRACE util.FileUtils (LogUtils.java:runAndLog(49)) - Successfully ran Files.createDirectories /home/runner/work/ratis/ratis/ratis-test/target/test/data/274820dd/MiniRaftClusterWithSimulatedRpcbb1ed256/s4/b263a1c4-97ab-490b-9742-4eae193f79a7/sm
2022-05-09 13:04:01,159 [pool-5-thread-1] INFO  storage.RaftStorageDirectory (RaftStorageDirectoryImpl.java:tryLock(230)) - Lock on /home/runner/work/ratis/ratis/ratis-test/target/test/data/274820dd/MiniRaftClusterWithSimulatedRpcbb1ed256/s2/b263a1c4-97ab-490b-9742-4eae193f79a7/in_use.lock acquired by nodename 5030@fv-az54-248.qczjibyfz4dularrisj3jz1gre.bx.internal.cloudapp.net
2022-05-09 13:04:01,159 [pool-5-thread-1] TRACE util.FileUtils (LogUtils.java:runAndLog(49)) - Successfully ran Files.createDirectories /home/runner/work/ratis/ratis/ratis-test/target/test/data/274820dd/MiniRaftClusterWithSimulatedRpcbb1ed256/s2/b263a1c4-97ab-490b-9742-4eae193f79a7/current
2022-05-09 13:04:01,159 [pool-5-thread-1] TRACE util.FileUtils (LogUtils.java:runAndLog(49)) - Successfully ran Files.createDirectories /home/runner/work/ratis/ratis/ratis-test/target/test/data/274820dd/MiniRaftClusterWithSimulatedRpcbb1ed256/s2/b263a1c4-97ab-490b-9742-4eae193f79a7/sm
2022-05-09 13:04:01,173 [pool-4-thread-1] INFO  storage.RaftStorage (RaftStorageImpl.java:format(89)) - Storage directory /home/runner/work/ratis/ratis/ratis-test/target/test/data/274820dd/MiniRaftClusterWithSimulatedRpcbb1ed256/s1/b263a1c4-97ab-490b-9742-4eae193f79a7 has been successfully formatted.
2022-05-09 13:04:01,173 [pool-2-thread-1] INFO  storage.RaftStorage (RaftStorageImpl.java:format(89)) - Storage directory /home/runner/work/ratis/ratis/ratis-test/target/test/data/274820dd/MiniRaftClusterWithSimulatedRpcbb1ed256/s4/b263a1c4-97ab-490b-9742-4eae193f79a7 has been successfully formatted.
2022-05-09 13:04:01,176 [pool-2-thread-1] INFO  server.RaftServerConfigKeys (ConfUtils.java:logGet(46)) - raft.server.notification.no-leader.timeout = 60s (default)
2022-05-09 13:04:01,176 [pool-4-thread-1] INFO  server.RaftServerConfigKeys (ConfUtils.java:logGet(46)) - raft.server.notification.no-leader.timeout = 60s (default)
2022-05-09 13:04:01,179 [pool-4-thread-1] INFO  server.RaftServerConfigKeys (ConfUtils.java:logGet(46)) - raft.server.log.use.memory = false (default)
2022-05-09 13:04:01,179 [pool-2-thread-1] INFO  server.RaftServerConfigKeys (ConfUtils.java:logGet(46)) - raft.server.log.use.memory = false (default)
2022-05-09 13:04:01,182 [pool-3-thread-1] INFO  storage.RaftStorage (RaftStorageImpl.java:format(89)) - Storage directory /home/runner/work/ratis/ratis/ratis-test/target/test/data/274820dd/MiniRaftClusterWithSimulatedRpcbb1ed256/s0/b263a1c4-97ab-490b-9742-4eae193f79a7 has been successfully formatted.
2022-05-09 13:04:01,183 [pool-3-thread-1] INFO  server.RaftServerConfigKeys (ConfUtils.java:logGet(46)) - raft.server.notification.no-leader.timeout = 60s (default)
2022-05-09 13:04:01,183 [pool-5-thread-1] INFO  storage.RaftStorage (RaftStorageImpl.java:format(89)) - Storage directory /home/runner/work/ratis/ratis/ratis-test/target/test/data/274820dd/MiniRaftClusterWithSimulatedRpcbb1ed256/s2/b263a1c4-97ab-490b-9742-4eae193f79a7 has been successfully formatted.
2022-05-09 13:04:01,183 [pool-3-thread-1] INFO  server.RaftServerConfigKeys (ConfUtils.java:logGet(46)) - raft.server.log.use.memory = false (default)
2022-05-09 13:04:01,183 [pool-5-thread-1] INFO  server.RaftServerConfigKeys (ConfUtils.java:logGet(46)) - raft.server.notification.no-leader.timeout = 60s (default)
2022-05-09 13:04:01,183 [pool-5-thread-1] INFO  server.RaftServerConfigKeys (ConfUtils.java:logGet(46)) - raft.server.log.use.memory = false (default)
2022-05-09 13:04:01,188 [pool-1-thread-1] INFO  storage.RaftStorage (RaftStorageImpl.java:format(89)) - Storage directory /home/runner/work/ratis/ratis/ratis-test/target/test/data/274820dd/MiniRaftClusterWithSimulatedRpcbb1ed256/s3/b263a1c4-97ab-490b-9742-4eae193f79a7 has been successfully formatted.
2022-05-09 13:04:01,188 [pool-1-thread-1] INFO  server.RaftServerConfigKeys (ConfUtils.java:logGet(46)) - raft.server.notification.no-leader.timeout = 60s (default)
2022-05-09 13:04:01,188 [pool-1-thread-1] INFO  server.RaftServerConfigKeys (ConfUtils.java:logGet(46)) - raft.server.log.use.memory = false (default)
2022-05-09 13:04:01,192 [pool-5-thread-1] INFO  server.RaftServerConfigKeys (ConfUtils.java:logGet(46)) - raft.server.log.purge.gap = 1024 (default)
2022-05-09 13:04:01,192 [pool-2-thread-1] INFO  server.RaftServerConfigKeys (ConfUtils.java:logGet(46)) - raft.server.log.purge.gap = 1024 (default)
2022-05-09 13:04:01,192 [pool-3-thread-1] INFO  server.RaftServerConfigKeys (ConfUtils.java:logGet(46)) - raft.server.log.purge.gap = 1024 (default)
2022-05-09 13:04:01,192 [pool-4-thread-1] INFO  server.RaftServerConfigKeys (ConfUtils.java:logGet(46)) - raft.server.log.purge.gap = 1024 (default)
2022-05-09 13:04:01,193 [pool-5-thread-1] INFO  server.RaftServerConfigKeys (ConfUtils.java:logGet(46)) - raft.server.log.appender.buffer.byte-limit = 4MB (=4194304) (default)
2022-05-09 13:04:01,193 [pool-2-thread-1] INFO  server.RaftServerConfigKeys (ConfUtils.java:logGet(46)) - raft.server.log.appender.buffer.byte-limit = 4MB (=4194304) (default)
2022-05-09 13:04:01,193 [pool-3-thread-1] INFO  server.RaftServerConfigKeys (ConfUtils.java:logGet(46)) - raft.server.log.appender.buffer.byte-limit = 4MB (=4194304) (default)
2022-05-09 13:04:01,192 [pool-1-thread-1] INFO  server.RaftServerConfigKeys (ConfUtils.java:logGet(46)) - raft.server.log.purge.gap = 1024 (default)
2022-05-09 13:04:01,194 [pool-1-thread-1] INFO  server.RaftServerConfigKeys (ConfUtils.java:logGet(46)) - raft.server.log.appender.buffer.byte-limit = 4MB (=4194304) (default)
2022-05-09 13:04:01,193 [pool-4-thread-1] INFO  server.RaftServerConfigKeys (ConfUtils.java:logGet(46)) - raft.server.log.appender.buffer.byte-limit = 4MB (=4194304) (default)
2022-05-09 13:04:01,195 [pool-5-thread-1] INFO  server.RaftServerConfigKeys (ConfUtils.java:logGet(46)) - raft.server.log.statemachine.data.read.timeout = 1000ms (default)
2022-05-09 13:04:01,195 [pool-1-thread-1] INFO  server.RaftServerConfigKeys (ConfUtils.java:logGet(46)) - raft.server.log.statemachine.data.read.timeout = 1000ms (default)
2022-05-09 13:04:01,195 [pool-2-thread-1] INFO  server.RaftServerConfigKeys (ConfUtils.java:logGet(46)) - raft.server.log.statemachine.data.read.timeout = 1000ms (default)
2022-05-09 13:04:01,195 [pool-3-thread-1] INFO  server.RaftServerConfigKeys (ConfUtils.java:logGet(46)) - raft.server.log.statemachine.data.read.timeout = 1000ms (default)
2022-05-09 13:04:01,196 [pool-4-thread-1] INFO  server.RaftServerConfigKeys (ConfUtils.java:logGet(46)) - raft.server.log.statemachine.data.read.timeout = 1000ms (default)
2022-05-09 13:04:01,202 [pool-3-thread-1] INFO  metrics.MetricRegistries (MetricRegistriesLoader.java:load(64)) - Loaded MetricRegistries class org.apache.ratis.metrics.impl.MetricRegistriesImpl
2022-05-09 13:04:01,286 [pool-2-thread-1] INFO  server.RaftServerConfigKeys (ConfUtils.java:logGet(46)) - raft.server.log.segment.size.max = 8MB (=8388608) (default)
2022-05-09 13:04:01,287 [pool-3-thread-1] INFO  server.RaftServerConfigKeys (ConfUtils.java:logGet(46)) - raft.server.log.segment.size.max = 8MB (=8388608) (default)
2022-05-09 13:04:01,286 [pool-1-thread-1] INFO  server.RaftServerConfigKeys (ConfUtils.java:logGet(46)) - raft.server.log.segment.size.max = 8MB (=8388608) (default)
2022-05-09 13:04:01,286 [pool-5-thread-1] INFO  server.RaftServerConfigKeys (ConfUtils.java:logGet(46)) - raft.server.log.segment.size.max = 8MB (=8388608) (default)
2022-05-09 13:04:01,293 [pool-4-thread-1] INFO  server.RaftServerConfigKeys (ConfUtils.java:logGet(46)) - raft.server.log.segment.size.max = 8MB (=8388608) (default)
2022-05-09 13:04:01,297 [pool-2-thread-1] INFO  server.RaftServerConfigKeys (ConfUtils.java:logGet(46)) - raft.server.log.segment.cache.num.max = 6 (default)
2022-05-09 13:04:01,298 [pool-2-thread-1] INFO  server.RaftServerConfigKeys (ConfUtils.java:logGet(46)) - raft.server.log.segment.cache.size.max = 200MB (=209715200) (default)
2022-05-09 13:04:01,298 [pool-5-thread-1] INFO  server.RaftServerConfigKeys (ConfUtils.java:logGet(46)) - raft.server.log.segment.cache.num.max = 6 (default)
2022-05-09 13:04:01,300 [pool-5-thread-1] INFO  server.RaftServerConfigKeys (ConfUtils.java:logGet(46)) - raft.server.log.segment.cache.size.max = 200MB (=209715200) (default)
2022-05-09 13:04:01,297 [pool-1-thread-1] INFO  server.RaftServerConfigKeys (ConfUtils.java:logGet(46)) - raft.server.log.segment.cache.num.max = 6 (default)
2022-05-09 13:04:01,300 [pool-1-thread-1] INFO  server.RaftServerConfigKeys (ConfUtils.java:logGet(46)) - raft.server.log.segment.cache.size.max = 200MB (=209715200) (default)
2022-05-09 13:04:01,297 [pool-3-thread-1] INFO  server.RaftServerConfigKeys (ConfUtils.java:logGet(46)) - raft.server.log.segment.cache.num.max = 6 (default)
2022-05-09 13:04:01,301 [pool-3-thread-1] INFO  server.RaftServerConfigKeys (ConfUtils.java:logGet(46)) - raft.server.log.segment.cache.size.max = 200MB (=209715200) (default)
2022-05-09 13:04:01,303 [pool-4-thread-1] INFO  server.RaftServerConfigKeys (ConfUtils.java:logGet(46)) - raft.server.log.segment.cache.num.max = 6 (default)
2022-05-09 13:04:01,303 [pool-4-thread-1] INFO  server.RaftServerConfigKeys (ConfUtils.java:logGet(46)) - raft.server.log.segment.cache.size.max = 200MB (=209715200) (default)
2022-05-09 13:04:01,304 [pool-4-thread-1] INFO  segmented.SegmentedRaftLogWorker (SegmentedRaftLogWorker.java:<init>(187)) - new s1@group-4EAE193F79A7-SegmentedRaftLogWorker for RaftStorageImpl:Storage Directory /home/runner/work/ratis/ratis/ratis-test/target/test/data/274820dd/MiniRaftClusterWithSimulatedRpcbb1ed256/s1/b263a1c4-97ab-490b-9742-4eae193f79a7
2022-05-09 13:04:01,305 [pool-4-thread-1] INFO  server.RaftServerConfigKeys (ConfUtils.java:logGet(46)) - raft.server.log.queue.byte-limit = 64MB (=67108864) (default)
2022-05-09 13:04:01,305 [pool-4-thread-1] INFO  server.RaftServerConfigKeys (ConfUtils.java:logGet(46)) - raft.server.log.queue.element-limit = 4096 (default)
2022-05-09 13:04:01,305 [pool-2-thread-1] INFO  segmented.SegmentedRaftLogWorker (SegmentedRaftLogWorker.java:<init>(187)) - new s4@group-4EAE193F79A7-SegmentedRaftLogWorker for RaftStorageImpl:Storage Directory /home/runner/work/ratis/ratis/ratis-test/target/test/data/274820dd/MiniRaftClusterWithSimulatedRpcbb1ed256/s4/b263a1c4-97ab-490b-9742-4eae193f79a7
2022-05-09 13:04:01,305 [pool-5-thread-1] INFO  segmented.SegmentedRaftLogWorker (SegmentedRaftLogWorker.java:<init>(187)) - new s2@group-4EAE193F79A7-SegmentedRaftLogWorker for RaftStorageImpl:Storage Directory /home/runner/work/ratis/ratis/ratis-test/target/test/data/274820dd/MiniRaftClusterWithSimulatedRpcbb1ed256/s2/b263a1c4-97ab-490b-9742-4eae193f79a7
2022-05-09 13:04:01,305 [pool-1-thread-1] INFO  segmented.SegmentedRaftLogWorker (SegmentedRaftLogWorker.java:<init>(187)) - new s3@group-4EAE193F79A7-SegmentedRaftLogWorker for RaftStorageImpl:Storage Directory /home/runner/work/ratis/ratis/ratis-test/target/test/data/274820dd/MiniRaftClusterWithSimulatedRpcbb1ed256/s3/b263a1c4-97ab-490b-9742-4eae193f79a7
2022-05-09 13:04:01,305 [pool-3-thread-1] INFO  segmented.SegmentedRaftLogWorker (SegmentedRaftLogWorker.java:<init>(187)) - new s0@group-4EAE193F79A7-SegmentedRaftLogWorker for RaftStorageImpl:Storage Directory /home/runner/work/ratis/ratis/ratis-test/target/test/data/274820dd/MiniRaftClusterWithSimulatedRpcbb1ed256/s0/b263a1c4-97ab-490b-9742-4eae193f79a7
2022-05-09 13:04:01,307 [pool-1-thread-1] INFO  server.RaftServerConfigKeys (ConfUtils.java:logGet(46)) - raft.server.log.queue.byte-limit = 64MB (=67108864) (default)
2022-05-09 13:04:01,307 [pool-2-thread-1] INFO  server.RaftServerConfigKeys (ConfUtils.java:logGet(46)) - raft.server.log.queue.byte-limit = 64MB (=67108864) (default)
2022-05-09 13:04:01,306 [pool-5-thread-1] INFO  server.RaftServerConfigKeys (ConfUtils.java:logGet(46)) - raft.server.log.queue.byte-limit = 64MB (=67108864) (default)
2022-05-09 13:04:01,307 [pool-1-thread-1] INFO  server.RaftServerConfigKeys (ConfUtils.java:logGet(46)) - raft.server.log.queue.element-limit = 4096 (default)
2022-05-09 13:04:01,307 [pool-2-thread-1] INFO  server.RaftServerConfigKeys (ConfUtils.java:logGet(46)) - raft.server.log.queue.element-limit = 4096 (default)
2022-05-09 13:04:01,307 [pool-1-thread-1] INFO  server.RaftServerConfigKeys (ConfUtils.java:logGet(46)) - raft.server.log.segment.size.max = 8MB (=8388608) (default)
2022-05-09 13:04:01,308 [pool-2-thread-1] INFO  server.RaftServerConfigKeys (ConfUtils.java:logGet(46)) - raft.server.log.segment.size.max = 8MB (=8388608) (default)
2022-05-09 13:04:01,308 [pool-1-thread-1] INFO  server.RaftServerConfigKeys (ConfUtils.java:logGet(46)) - raft.server.log.preallocated.size = 4MB (=4194304) (default)
2022-05-09 13:04:01,308 [pool-2-thread-1] INFO  server.RaftServerConfigKeys (ConfUtils.java:logGet(46)) - raft.server.log.preallocated.size = 4MB (=4194304) (default)
2022-05-09 13:04:01,308 [pool-1-thread-1] INFO  server.RaftServerConfigKeys (ConfUtils.java:logGet(46)) - raft.server.log.force.sync.num = 128 (default)
2022-05-09 13:04:01,308 [pool-2-thread-1] INFO  server.RaftServerConfigKeys (ConfUtils.java:logGet(46)) - raft.server.log.force.sync.num = 128 (default)
2022-05-09 13:04:01,309 [pool-1-thread-1] INFO  server.RaftServerConfigKeys (ConfUtils.java:logGet(46)) - raft.server.log.statemachine.data.sync = true (default)
2022-05-09 13:04:01,309 [pool-1-thread-1] INFO  server.RaftServerConfigKeys (ConfUtils.java:logGet(46)) - raft.server.log.statemachine.data.sync.timeout = 10s (default)
2022-05-09 13:04:01,307 [pool-3-thread-1] INFO  server.RaftServerConfigKeys (ConfUtils.java:logGet(46)) - raft.server.log.queue.byte-limit = 64MB (=67108864) (default)
2022-05-09 13:04:01,307 [pool-5-thread-1] INFO  server.RaftServerConfigKeys (ConfUtils.java:logGet(46)) - raft.server.log.queue.element-limit = 4096 (default)
2022-05-09 13:04:01,310 [pool-3-thread-1] INFO  server.RaftServerConfigKeys (ConfUtils.java:logGet(46)) - raft.server.log.queue.element-limit = 4096 (default)
2022-05-09 13:04:01,310 [pool-5-thread-1] INFO  server.RaftServerConfigKeys (ConfUtils.java:logGet(46)) - raft.server.log.segment.size.max = 8MB (=8388608) (default)
2022-05-09 13:04:01,310 [pool-3-thread-1] INFO  server.RaftServerConfigKeys (ConfUtils.java:logGet(46)) - raft.server.log.segment.size.max = 8MB (=8388608) (default)
2022-05-09 13:04:01,310 [pool-5-thread-1] INFO  server.RaftServerConfigKeys (ConfUtils.java:logGet(46)) - raft.server.log.preallocated.size = 4MB (=4194304) (default)
2022-05-09 13:04:01,310 [pool-3-thread-1] INFO  server.RaftServerConfigKeys (ConfUtils.java:logGet(46)) - raft.server.log.preallocated.size = 4MB (=4194304) (default)
2022-05-09 13:04:01,310 [pool-5-thread-1] INFO  server.RaftServerConfigKeys (ConfUtils.java:logGet(46)) - raft.server.log.force.sync.num = 128 (default)
2022-05-09 13:04:01,310 [pool-3-thread-1] INFO  server.RaftServerConfigKeys (ConfUtils.java:logGet(46)) - raft.server.log.force.sync.num = 128 (default)
2022-05-09 13:04:01,310 [pool-5-thread-1] INFO  server.RaftServerConfigKeys (ConfUtils.java:logGet(46)) - raft.server.log.statemachine.data.sync = true (default)
2022-05-09 13:04:01,311 [pool-5-thread-1] INFO  server.RaftServerConfigKeys (ConfUtils.java:logGet(46)) - raft.server.log.statemachine.data.sync.timeout = 10s (default)
2022-05-09 13:04:01,311 [pool-1-thread-1] INFO  server.RaftServerConfigKeys (ConfUtils.java:logGet(46)) - raft.server.log.statemachine.data.sync.timeout.retry = -1 (default)
2022-05-09 13:04:01,311 [pool-3-thread-1] INFO  server.RaftServerConfigKeys (ConfUtils.java:logGet(46)) - raft.server.log.statemachine.data.sync = true (default)
2022-05-09 13:04:01,311 [pool-5-thread-1] INFO  server.RaftServerConfigKeys (ConfUtils.java:logGet(46)) - raft.server.log.statemachine.data.sync.timeout.retry = -1 (default)
2022-05-09 13:04:01,311 [pool-3-thread-1] INFO  server.RaftServerConfigKeys (ConfUtils.java:logGet(46)) - raft.server.log.statemachine.data.sync.timeout = 10s (default)
2022-05-09 13:04:01,312 [pool-3-thread-1] INFO  server.RaftServerConfigKeys (ConfUtils.java:logGet(46)) - raft.server.log.statemachine.data.sync.timeout.retry = -1 (default)
2022-05-09 13:04:01,314 [pool-4-thread-1] INFO  server.RaftServerConfigKeys (ConfUtils.java:logGet(46)) - raft.server.log.segment.size.max = 8MB (=8388608) (default)
2022-05-09 13:04:01,314 [pool-2-thread-1] INFO  server.RaftServerConfigKeys (ConfUtils.java:logGet(46)) - raft.server.log.statemachine.data.sync = true (default)
2022-05-09 13:04:01,314 [pool-2-thread-1] INFO  server.RaftServerConfigKeys (ConfUtils.java:logGet(46)) - raft.server.log.statemachine.data.sync.timeout = 10s (default)
2022-05-09 13:04:01,315 [pool-2-thread-1] INFO  server.RaftServerConfigKeys (ConfUtils.java:logGet(46)) - raft.server.log.statemachine.data.sync.timeout.retry = -1 (default)
2022-05-09 13:04:01,315 [pool-4-thread-1] INFO  server.RaftServerConfigKeys (ConfUtils.java:logGet(46)) - raft.server.log.preallocated.size = 4MB (=4194304) (default)
2022-05-09 13:04:01,315 [pool-4-thread-1] INFO  server.RaftServerConfigKeys (ConfUtils.java:logGet(46)) - raft.server.log.force.sync.num = 128 (default)
2022-05-09 13:04:01,315 [pool-4-thread-1] INFO  server.RaftServerConfigKeys (ConfUtils.java:logGet(46)) - raft.server.log.statemachine.data.sync = true (default)
2022-05-09 13:04:01,316 [pool-4-thread-1] INFO  server.RaftServerConfigKeys (ConfUtils.java:logGet(46)) - raft.server.log.statemachine.data.sync.timeout = 10s (default)
2022-05-09 13:04:01,316 [pool-4-thread-1] INFO  server.RaftServerConfigKeys (ConfUtils.java:logGet(46)) - raft.server.log.statemachine.data.sync.timeout.retry = -1 (default)
2022-05-09 13:04:01,328 [pool-3-thread-1] INFO  server.RaftServerConfigKeys (ConfUtils.java:logGet(46)) - raft.server.log.write.buffer.size = 64KB (=65536) (default)
2022-05-09 13:04:01,329 [pool-3-thread-1] INFO  server.RaftServerConfigKeys (ConfUtils.java:logGet(46)) - raft.server.log.unsafe-flush.enabled = false (default)
2022-05-09 13:04:01,329 [pool-3-thread-1] INFO  server.RaftServerConfigKeys (ConfUtils.java:logGet(46)) - raft.server.log.statemachine.data.caching.enabled = false (default)
2022-05-09 13:04:01,330 [pool-2-thread-1] INFO  server.RaftServerConfigKeys (ConfUtils.java:logGet(46)) - raft.server.log.write.buffer.size = 64KB (=65536) (default)
2022-05-09 13:04:01,330 [pool-2-thread-1] INFO  server.RaftServerConfigKeys (ConfUtils.java:logGet(46)) - raft.server.log.unsafe-flush.enabled = false (default)
2022-05-09 13:04:01,331 [pool-2-thread-1] INFO  server.RaftServerConfigKeys (ConfUtils.java:logGet(46)) - raft.server.log.statemachine.data.caching.enabled = false (default)
2022-05-09 13:04:01,336 [pool-4-thread-1] INFO  server.RaftServerConfigKeys (ConfUtils.java:logGet(46)) - raft.server.log.write.buffer.size = 64KB (=65536) (default)
2022-05-09 13:04:01,336 [pool-4-thread-1] INFO  server.RaftServerConfigKeys (ConfUtils.java:logGet(46)) - raft.server.log.unsafe-flush.enabled = false (default)
2022-05-09 13:04:01,336 [pool-4-thread-1] INFO  server.RaftServerConfigKeys (ConfUtils.java:logGet(46)) - raft.server.log.statemachine.data.caching.enabled = false (default)
2022-05-09 13:04:01,337 [pool-1-thread-1] INFO  server.RaftServerConfigKeys (ConfUtils.java:logGet(46)) - raft.server.log.write.buffer.size = 64KB (=65536) (default)
2022-05-09 13:04:01,337 [pool-1-thread-1] INFO  server.RaftServerConfigKeys (ConfUtils.java:logGet(46)) - raft.server.log.unsafe-flush.enabled = false (default)
2022-05-09 13:04:01,338 [pool-1-thread-1] INFO  server.RaftServerConfigKeys (ConfUtils.java:logGet(46)) - raft.server.log.statemachine.data.caching.enabled = false (default)
2022-05-09 13:04:01,345 [pool-5-thread-1] INFO  server.RaftServerConfigKeys (ConfUtils.java:logGet(46)) - raft.server.log.write.buffer.size = 64KB (=65536) (default)
2022-05-09 13:04:01,345 [pool-5-thread-1] INFO  server.RaftServerConfigKeys (ConfUtils.java:logGet(46)) - raft.server.log.unsafe-flush.enabled = false (default)
2022-05-09 13:04:01,345 [pool-5-thread-1] INFO  server.RaftServerConfigKeys (ConfUtils.java:logGet(46)) - raft.server.log.statemachine.data.caching.enabled = false (default)
2022-05-09 13:04:01,351 [pool-3-thread-1] INFO  segmented.SegmentedRaftLogWorker (SegmentedRaftLogWorker.java:lambda$new$0(135)) - s0@group-4EAE193F79A7-SegmentedRaftLogWorker: flushIndex: setUnconditionally 0 -> -1
2022-05-09 13:04:01,351 [pool-3-thread-1] INFO  segmented.SegmentedRaftLogWorker (SegmentedRaftLogWorker.java:lambda$new$0(135)) - s0@group-4EAE193F79A7-SegmentedRaftLogWorker: safeCacheEvictIndex: setUnconditionally 0 -> -1
2022-05-09 13:04:01,351 [pool-4-thread-1] INFO  segmented.SegmentedRaftLogWorker (SegmentedRaftLogWorker.java:lambda$new$0(135)) - s1@group-4EAE193F79A7-SegmentedRaftLogWorker: flushIndex: setUnconditionally 0 -> -1
2022-05-09 13:04:01,351 [pool-4-thread-1] INFO  segmented.SegmentedRaftLogWorker (SegmentedRaftLogWorker.java:lambda$new$0(135)) - s1@group-4EAE193F79A7-SegmentedRaftLogWorker: safeCacheEvictIndex: setUnconditionally 0 -> -1
2022-05-09 13:04:01,351 [pool-1-thread-1] INFO  segmented.SegmentedRaftLogWorker (SegmentedRaftLogWorker.java:lambda$new$0(135)) - s3@group-4EAE193F79A7-SegmentedRaftLogWorker: flushIndex: setUnconditionally 0 -> -1
2022-05-09 13:04:01,351 [pool-1-thread-1] INFO  segmented.SegmentedRaftLogWorker (SegmentedRaftLogWorker.java:lambda$new$0(135)) - s3@group-4EAE193F79A7-SegmentedRaftLogWorker: safeCacheEvictIndex: setUnconditionally 0 -> -1
2022-05-09 13:04:01,351 [pool-5-thread-1] INFO  segmented.SegmentedRaftLogWorker (SegmentedRaftLogWorker.java:lambda$new$0(135)) - s2@group-4EAE193F79A7-SegmentedRaftLogWorker: flushIndex: setUnconditionally 0 -> -1
2022-05-09 13:04:01,352 [pool-5-thread-1] INFO  segmented.SegmentedRaftLogWorker (SegmentedRaftLogWorker.java:lambda$new$0(135)) - s2@group-4EAE193F79A7-SegmentedRaftLogWorker: safeCacheEvictIndex: setUnconditionally 0 -> -1
2022-05-09 13:04:01,352 [pool-2-thread-1] INFO  segmented.SegmentedRaftLogWorker (SegmentedRaftLogWorker.java:lambda$new$0(135)) - s4@group-4EAE193F79A7-SegmentedRaftLogWorker: flushIndex: setUnconditionally 0 -> -1
2022-05-09 13:04:01,352 [pool-2-thread-1] INFO  segmented.SegmentedRaftLogWorker (SegmentedRaftLogWorker.java:lambda$new$0(135)) - s4@group-4EAE193F79A7-SegmentedRaftLogWorker: safeCacheEvictIndex: setUnconditionally 0 -> -1
2022-05-09 13:04:01,356 [pool-3-thread-1] INFO  server.RaftServerConfigKeys (ConfUtils.java:logGet(46)) - raft.server.snapshot.auto.trigger.enabled = false (default)
2022-05-09 13:04:01,357 [pool-3-thread-1] INFO  server.RaftServerConfigKeys (ConfUtils.java:logGet(46)) - raft.server.snapshot.retention.file.num = -1 (default)
2022-05-09 13:04:01,357 [pool-3-thread-1] INFO  server.RaftServerConfigKeys (ConfUtils.java:logGet(46)) - raft.server.log.purge.upto.snapshot.index = false (default)
2022-05-09 13:04:01,359 [pool-3-thread-1] INFO  server.RaftServerConfigKeys (ConfUtils.java:logGet(46)) - raft.server.retrycache.expirytime = 60s (default)
2022-05-09 13:04:01,359 [pool-3-thread-1] INFO  server.RaftServerConfigKeys (ConfUtils.java:logGet(46)) - raft.server.retrycache.statistics.expirytime = 100μs (default)
2022-05-09 13:04:01,374 [pool-2-thread-1] INFO  server.RaftServerConfigKeys (ConfUtils.java:logGet(46)) - raft.server.snapshot.auto.trigger.enabled = false (default)
2022-05-09 13:04:01,374 [pool-2-thread-1] INFO  server.RaftServerConfigKeys (ConfUtils.java:logGet(46)) - raft.server.snapshot.retention.file.num = -1 (default)
2022-05-09 13:04:01,374 [pool-2-thread-1] INFO  server.RaftServerConfigKeys (ConfUtils.java:logGet(46)) - raft.server.log.purge.upto.snapshot.index = false (default)
2022-05-09 13:04:01,374 [pool-2-thread-1] INFO  server.RaftServerConfigKeys (ConfUtils.java:logGet(46)) - raft.server.retrycache.expirytime = 60s (default)
2022-05-09 13:04:01,374 [pool-2-thread-1] INFO  server.RaftServerConfigKeys (ConfUtils.java:logGet(46)) - raft.server.retrycache.statistics.expirytime = 100μs (default)
2022-05-09 13:04:01,376 [pool-5-thread-1] INFO  server.RaftServerConfigKeys (ConfUtils.java:logGet(46)) - raft.server.snapshot.auto.trigger.enabled = false (default)
2022-05-09 13:04:01,376 [pool-5-thread-1] INFO  server.RaftServerConfigKeys (ConfUtils.java:logGet(46)) - raft.server.snapshot.retention.file.num = -1 (default)
2022-05-09 13:04:01,376 [pool-5-thread-1] INFO  server.RaftServerConfigKeys (ConfUtils.java:logGet(46)) - raft.server.log.purge.upto.snapshot.index = false (default)
2022-05-09 13:04:01,376 [pool-5-thread-1] INFO  server.RaftServerConfigKeys (ConfUtils.java:logGet(46)) - raft.server.retrycache.expirytime = 60s (default)
2022-05-09 13:04:01,376 [pool-5-thread-1] INFO  server.RaftServerConfigKeys (ConfUtils.java:logGet(46)) - raft.server.retrycache.statistics.expirytime = 100μs (default)
2022-05-09 13:04:01,380 [pool-1-thread-1] INFO  server.RaftServerConfigKeys (ConfUtils.java:logGet(46)) - raft.server.snapshot.auto.trigger.enabled = false (default)
2022-05-09 13:04:01,386 [pool-1-thread-1] INFO  server.RaftServerConfigKeys (ConfUtils.java:logGet(46)) - raft.server.snapshot.retention.file.num = -1 (default)
2022-05-09 13:04:01,386 [pool-1-thread-1] INFO  server.RaftServerConfigKeys (ConfUtils.java:logGet(46)) - raft.server.log.purge.upto.snapshot.index = false (default)
2022-05-09 13:04:01,390 [pool-1-thread-1] INFO  server.RaftServerConfigKeys (ConfUtils.java:logGet(46)) - raft.server.retrycache.expirytime = 60s (default)
2022-05-09 13:04:01,390 [pool-4-thread-1] INFO  server.RaftServerConfigKeys (ConfUtils.java:logGet(46)) - raft.server.snapshot.auto.trigger.enabled = false (default)
2022-05-09 13:04:01,390 [pool-4-thread-1] INFO  server.RaftServerConfigKeys (ConfUtils.java:logGet(46)) - raft.server.snapshot.retention.file.num = -1 (default)
2022-05-09 13:04:01,390 [pool-4-thread-1] INFO  server.RaftServerConfigKeys (ConfUtils.java:logGet(46)) - raft.server.log.purge.upto.snapshot.index = false (default)
2022-05-09 13:04:01,390 [pool-4-thread-1] INFO  server.RaftServerConfigKeys (ConfUtils.java:logGet(46)) - raft.server.retrycache.expirytime = 60s (default)
2022-05-09 13:04:01,391 [pool-4-thread-1] INFO  server.RaftServerConfigKeys (ConfUtils.java:logGet(46)) - raft.server.retrycache.statistics.expirytime = 100μs (default)
2022-05-09 13:04:01,390 [pool-1-thread-1] INFO  server.RaftServerConfigKeys (ConfUtils.java:logGet(46)) - raft.server.retrycache.statistics.expirytime = 100μs (default)
2022-05-09 13:04:01,403 [pool-2-thread-1] INFO  server.RaftServerConfigKeys (ConfUtils.java:logGet(46)) - raft.server.log.appender.install.snapshot.enabled = true (default)
2022-05-09 13:04:01,403 [pool-3-thread-1] INFO  server.RaftServerConfigKeys (ConfUtils.java:logGet(46)) - raft.server.log.appender.install.snapshot.enabled = true (default)
2022-05-09 13:04:01,403 [pool-5-thread-1] INFO  server.RaftServerConfigKeys (ConfUtils.java:logGet(46)) - raft.server.log.appender.install.snapshot.enabled = true (default)
2022-05-09 13:04:01,403 [pool-4-thread-1] INFO  server.RaftServerConfigKeys (ConfUtils.java:logGet(46)) - raft.server.log.appender.install.snapshot.enabled = true (default)
2022-05-09 13:04:01,404 [pool-3-thread-1] INFO  server.RaftServerConfigKeys (ConfUtils.java:logGet(46)) - raft.server.threadpool.server.cached = true (default)
2022-05-09 13:04:01,404 [pool-4-thread-1] INFO  server.RaftServerConfigKeys (ConfUtils.java:logGet(46)) - raft.server.threadpool.server.cached = true (default)
2022-05-09 13:04:01,404 [pool-3-thread-1] INFO  server.RaftServerConfigKeys (ConfUtils.java:logGet(46)) - raft.server.threadpool.server.size = 0 (default)
2022-05-09 13:04:01,404 [pool-4-thread-1] INFO  server.RaftServerConfigKeys (ConfUtils.java:logGet(46)) - raft.server.threadpool.server.size = 0 (default)
2022-05-09 13:04:01,405 [pool-3-thread-1] INFO  server.RaftServerConfigKeys (ConfUtils.java:logGet(46)) - raft.server.threadpool.client.cached = true (default)
2022-05-09 13:04:01,405 [pool-4-thread-1] INFO  server.RaftServerConfigKeys (ConfUtils.java:logGet(46)) - raft.server.threadpool.client.cached = true (default)
2022-05-09 13:04:01,405 [pool-3-thread-1] INFO  server.RaftServerConfigKeys (ConfUtils.java:logGet(46)) - raft.server.threadpool.client.size = 0 (default)
2022-05-09 13:04:01,403 [pool-1-thread-1] INFO  server.RaftServerConfigKeys (ConfUtils.java:logGet(46)) - raft.server.log.appender.install.snapshot.enabled = true (default)
2022-05-09 13:04:01,405 [pool-1-thread-1] INFO  server.RaftServerConfigKeys (ConfUtils.java:logGet(46)) - raft.server.threadpool.server.cached = true (default)
2022-05-09 13:04:01,405 [pool-1-thread-1] INFO  server.RaftServerConfigKeys (ConfUtils.java:logGet(46)) - raft.server.threadpool.server.size = 0 (default)
2022-05-09 13:04:01,405 [pool-1-thread-1] INFO  server.RaftServerConfigKeys (ConfUtils.java:logGet(46)) - raft.server.threadpool.client.cached = true (default)
2022-05-09 13:04:01,405 [pool-1-thread-1] INFO  server.RaftServerConfigKeys (ConfUtils.java:logGet(46)) - raft.server.threadpool.client.size = 0 (default)
2022-05-09 13:04:01,405 [pool-4-thread-1] INFO  server.RaftServerConfigKeys (ConfUtils.java:logGet(46)) - raft.server.threadpool.client.size = 0 (default)
2022-05-09 13:04:01,406 [pool-5-thread-1] INFO  server.RaftServerConfigKeys (ConfUtils.java:logGet(46)) - raft.server.threadpool.server.cached = true (default)
2022-05-09 13:04:01,406 [pool-5-thread-1] INFO  server.RaftServerConfigKeys (ConfUtils.java:logGet(46)) - raft.server.threadpool.server.size = 0 (default)
2022-05-09 13:04:01,407 [s3-impl-thread1] INFO  server.RaftServer$Division (RaftServerImpl.java:start(309)) - s3@group-4EAE193F79A7: start as a follower, conf=-1: [s3|rpc:localhost:46809|admin:localhost:38119|client:localhost:40227|dataStream:localhost:35795|priority:0, s4|rpc:localhost:42721|admin:localhost:40067|client:localhost:36815|dataStream:localhost:33831|priority:0, s0|rpc:localhost:43875|admin:localhost:46477|client:localhost:45301|dataStream:localhost:46673|priority:0, s1|rpc:localhost:43167|admin:localhost:42827|client:localhost:41727|dataStream:localhost:38731|priority:0, s2|rpc:localhost:35037|admin:localhost:40161|client:localhost:40119|dataStream:localhost:37287|priority:0], old=null
2022-05-09 13:04:01,407 [s3-impl-thread1] INFO  server.RaftServer$Division (RaftServerImpl.java:setRole(298)) - s3@group-4EAE193F79A7: changes role from      null to FOLLOWER at term 0 for startAsFollower
2022-05-09 13:04:01,408 [s3-impl-thread1] INFO  impl.RoleInfo (RoleInfo.java:updateAndGet(139)) - s3: start s3@group-4EAE193F79A7-FollowerState
2022-05-09 13:04:01,408 [pool-5-thread-1] INFO  server.RaftServerConfigKeys (ConfUtils.java:logGet(46)) - raft.server.threadpool.client.cached = true (default)
2022-05-09 13:04:01,408 [pool-5-thread-1] INFO  server.RaftServerConfigKeys (ConfUtils.java:logGet(46)) - raft.server.threadpool.client.size = 0 (default)
2022-05-09 13:04:01,409 [pool-2-thread-1] INFO  server.RaftServerConfigKeys (ConfUtils.java:logGet(46)) - raft.server.threadpool.server.cached = true (default)
2022-05-09 13:04:01,409 [pool-2-thread-1] INFO  server.RaftServerConfigKeys (ConfUtils.java:logGet(46)) - raft.server.threadpool.server.size = 0 (default)
2022-05-09 13:04:01,409 [pool-2-thread-1] INFO  server.RaftServerConfigKeys (ConfUtils.java:logGet(46)) - raft.server.threadpool.client.cached = true (default)
2022-05-09 13:04:01,409 [pool-2-thread-1] INFO  server.RaftServerConfigKeys (ConfUtils.java:logGet(46)) - raft.server.threadpool.client.size = 0 (default)
2022-05-09 13:04:01,415 [s3-impl-thread1] INFO  util.JmxRegister (JmxRegister.java:tryRegister(44)) - Successfully registered JMX Bean with object name Ratis:service=RaftServer,group=group-4EAE193F79A7,id=s3
2022-05-09 13:04:01,421 [Time-limited test] INFO  server.RaftServer (RaftServerProxy.java:lambda$start$6(382)) - s3: start RPC server
2022-05-09 13:04:01,424 [s4-impl-thread1] INFO  server.RaftServer$Division (RaftServerImpl.java:start(309)) - s4@group-4EAE193F79A7: start as a follower, conf=-1: [s3|rpc:localhost:46809|admin:localhost:38119|client:localhost:40227|dataStream:localhost:35795|priority:0, s4|rpc:localhost:42721|admin:localhost:40067|client:localhost:36815|dataStream:localhost:33831|priority:0, s0|rpc:localhost:43875|admin:localhost:46477|client:localhost:45301|dataStream:localhost:46673|priority:0, s1|rpc:localhost:43167|admin:localhost:42827|client:localhost:41727|dataStream:localhost:38731|priority:0, s2|rpc:localhost:35037|admin:localhost:40161|client:localhost:40119|dataStream:localhost:37287|priority:0], old=null
2022-05-09 13:04:01,424 [s4-impl-thread1] INFO  server.RaftServer$Division (RaftServerImpl.java:setRole(298)) - s4@group-4EAE193F79A7: changes role from      null to FOLLOWER at term 0 for startAsFollower
2022-05-09 13:04:01,424 [s4-impl-thread1] INFO  impl.RoleInfo (RoleInfo.java:updateAndGet(139)) - s4: start s4@group-4EAE193F79A7-FollowerState
2022-05-09 13:04:01,425 [org.apache.ratis.util.JvmPauseMonitor$$Lambda$278/721331247@4def0567] INFO  util.JvmPauseMonitor (JvmPauseMonitor.java:run(103)) - JvmPauseMonitor-s3: Started
2022-05-09 13:04:01,427 [s4-impl-thread1] INFO  util.JmxRegister (JmxRegister.java:tryRegister(44)) - Successfully registered JMX Bean with object name Ratis:service=RaftServer,group=group-4EAE193F79A7,id=s4
2022-05-09 13:04:01,434 [Time-limited test] INFO  server.RaftServer (RaftServerProxy.java:lambda$start$6(382)) - s4: start RPC server
2022-05-09 13:04:01,436 [s0-impl-thread1] INFO  server.RaftServer$Division (RaftServerImpl.java:start(309)) - s0@group-4EAE193F79A7: start as a follower, conf=-1: [s3|rpc:localhost:46809|admin:localhost:38119|client:localhost:40227|dataStream:localhost:35795|priority:0, s4|rpc:localhost:42721|admin:localhost:40067|client:localhost:36815|dataStream:localhost:33831|priority:0, s0|rpc:localhost:43875|admin:localhost:46477|client:localhost:45301|dataStream:localhost:46673|priority:0, s1|rpc:localhost:43167|admin:localhost:42827|client:localhost:41727|dataStream:localhost:38731|priority:0, s2|rpc:localhost:35037|admin:localhost:40161|client:localhost:40119|dataStream:localhost:37287|priority:0], old=null
2022-05-09 13:04:01,436 [org.apache.ratis.util.JvmPauseMonitor$$Lambda$278/721331247@30683931] INFO  util.JvmPauseMonitor (JvmPauseMonitor.java:run(103)) - JvmPauseMonitor-s4: Started
2022-05-09 13:04:01,436 [s0-impl-thread1] INFO  server.RaftServer$Division (RaftServerImpl.java:setRole(298)) - s0@group-4EAE193F79A7: changes role from      null to FOLLOWER at term 0 for startAsFollower
2022-05-09 13:04:01,436 [s0-impl-thread1] INFO  impl.RoleInfo (RoleInfo.java:updateAndGet(139)) - s0: start s0@group-4EAE193F79A7-FollowerState
2022-05-09 13:04:01,437 [s0-impl-thread1] INFO  util.JmxRegister (JmxRegister.java:tryRegister(44)) - Successfully registered JMX Bean with object name Ratis:service=RaftServer,group=group-4EAE193F79A7,id=s0
2022-05-09 13:04:01,438 [Time-limited test] INFO  server.RaftServer (RaftServerProxy.java:lambda$start$6(382)) - s0: start RPC server
2022-05-09 13:04:01,439 [s1-impl-thread1] INFO  server.RaftServer$Division (RaftServerImpl.java:start(309)) - s1@group-4EAE193F79A7: start as a follower, conf=-1: [s3|rpc:localhost:46809|admin:localhost:38119|client:localhost:40227|dataStream:localhost:35795|priority:0, s4|rpc:localhost:42721|admin:localhost:40067|client:localhost:36815|dataStream:localhost:33831|priority:0, s0|rpc:localhost:43875|admin:localhost:46477|client:localhost:45301|dataStream:localhost:46673|priority:0, s1|rpc:localhost:43167|admin:localhost:42827|client:localhost:41727|dataStream:localhost:38731|priority:0, s2|rpc:localhost:35037|admin:localhost:40161|client:localhost:40119|dataStream:localhost:37287|priority:0], old=null
2022-05-09 13:04:01,439 [org.apache.ratis.util.JvmPauseMonitor$$Lambda$278/721331247@599d666] INFO  util.JvmPauseMonitor (JvmPauseMonitor.java:run(103)) - JvmPauseMonitor-s0: Started
2022-05-09 13:04:01,439 [s1-impl-thread1] INFO  server.RaftServer$Division (RaftServerImpl.java:setRole(298)) - s1@group-4EAE193F79A7: changes role from      null to FOLLOWER at term 0 for startAsFollower
2022-05-09 13:04:01,439 [s1-impl-thread1] INFO  impl.RoleInfo (RoleInfo.java:updateAndGet(139)) - s1: start s1@group-4EAE193F79A7-FollowerState
2022-05-09 13:04:01,440 [s1-impl-thread1] INFO  util.JmxRegister (JmxRegister.java:tryRegister(44)) - Successfully registered JMX Bean with object name Ratis:service=RaftServer,group=group-4EAE193F79A7,id=s1
2022-05-09 13:04:01,441 [Time-limited test] INFO  server.RaftServer (RaftServerProxy.java:lambda$start$6(382)) - s1: start RPC server
2022-05-09 13:04:01,446 [s2-impl-thread1] INFO  server.RaftServer$Division (RaftServerImpl.java:start(309)) - s2@group-4EAE193F79A7: start as a follower, conf=-1: [s3|rpc:localhost:46809|admin:localhost:38119|client:localhost:40227|dataStream:localhost:35795|priority:0, s4|rpc:localhost:42721|admin:localhost:40067|client:localhost:36815|dataStream:localhost:33831|priority:0, s0|rpc:localhost:43875|admin:localhost:46477|client:localhost:45301|dataStream:localhost:46673|priority:0, s1|rpc:localhost:43167|admin:localhost:42827|client:localhost:41727|dataStream:localhost:38731|priority:0, s2|rpc:localhost:35037|admin:localhost:40161|client:localhost:40119|dataStream:localhost:37287|priority:0], old=null
2022-05-09 13:04:01,446 [org.apache.ratis.util.JvmPauseMonitor$$Lambda$278/721331247@1c72b66b] INFO  util.JvmPauseMonitor (JvmPauseMonitor.java:run(103)) - JvmPauseMonitor-s1: Started
2022-05-09 13:04:01,446 [s2-impl-thread1] INFO  server.RaftServer$Division (RaftServerImpl.java:setRole(298)) - s2@group-4EAE193F79A7: changes role from      null to FOLLOWER at term 0 for startAsFollower
2022-05-09 13:04:01,447 [s2-impl-thread1] INFO  impl.RoleInfo (RoleInfo.java:updateAndGet(139)) - s2: start s2@group-4EAE193F79A7-FollowerState
2022-05-09 13:04:01,447 [s2-impl-thread1] INFO  util.JmxRegister (JmxRegister.java:tryRegister(44)) - Successfully registered JMX Bean with object name Ratis:service=RaftServer,group=group-4EAE193F79A7,id=s2
2022-05-09 13:04:01,448 [Time-limited test] INFO  server.RaftServer (RaftServerProxy.java:lambda$start$6(382)) - s2: start RPC server
2022-05-09 13:04:01,450 [org.apache.ratis.util.JvmPauseMonitor$$Lambda$278/721331247@328d2b85] INFO  util.JvmPauseMonitor (JvmPauseMonitor.java:run(103)) - JvmPauseMonitor-s2: Started
2022-05-09 13:04:01,452 [Time-limited test] INFO  server.RaftServerConfigKeys (ConfUtils.java:logGet(46)) - raft.server.rpc.timeout.max = 300ms (default)
2022-05-09 13:04:01,463 [Time-limited test] INFO  ratis.RaftTestUtil (RaftTestUtil.java:waitForLeader(100)) - printing ALL groups
  s3:  RUNNING  FOLLOWER s3@group-4EAE193F79A7:t0, leader=null, voted=, raftlog=s3@group-4EAE193F79A7-SegmentedRaftLog:OPENED:c-1, conf=-1: [s3|rpc:localhost:46809|admin:localhost:38119|client:localhost:40227|dataStream:localhost:35795|priority:0, s4|rpc:localhost:42721|admin:localhost:40067|client:localhost:36815|dataStream:localhost:33831|priority:0, s0|rpc:localhost:43875|admin:localhost:46477|client:localhost:45301|dataStream:localhost:46673|priority:0, s1|rpc:localhost:43167|admin:localhost:42827|client:localhost:41727|dataStream:localhost:38731|priority:0, s2|rpc:localhost:35037|admin:localhost:40161|client:localhost:40119|dataStream:localhost:37287|priority:0], old=null RUNNING
  s4:  RUNNING  FOLLOWER s4@group-4EAE193F79A7:t0, leader=null, voted=, raftlog=s4@group-4EAE193F79A7-SegmentedRaftLog:OPENED:c-1, conf=-1: [s3|rpc:localhost:46809|admin:localhost:38119|client:localhost:40227|dataStream:localhost:35795|priority:0, s4|rpc:localhost:42721|admin:localhost:40067|client:localhost:36815|dataStream:localhost:33831|priority:0, s0|rpc:localhost:43875|admin:localhost:46477|client:localhost:45301|dataStream:localhost:46673|priority:0, s1|rpc:localhost:43167|admin:localhost:42827|client:localhost:41727|dataStream:localhost:38731|priority:0, s2|rpc:localhost:35037|admin:localhost:40161|client:localhost:40119|dataStream:localhost:37287|priority:0], old=null RUNNING
  s0:  RUNNING  FOLLOWER s0@group-4EAE193F79A7:t0, leader=null, voted=, raftlog=s0@group-4EAE193F79A7-SegmentedRaftLog:OPENED:c-1, conf=-1: [s3|rpc:localhost:46809|admin:localhost:38119|client:localhost:40227|dataStream:localhost:35795|priority:0, s4|rpc:localhost:42721|admin:localhost:40067|client:localhost:36815|dataStream:localhost:33831|priority:0, s0|rpc:localhost:43875|admin:localhost:46477|client:localhost:45301|dataStream:localhost:46673|priority:0, s1|rpc:localhost:43167|admin:localhost:42827|client:localhost:41727|dataStream:localhost:38731|priority:0, s2|rpc:localhost:35037|admin:localhost:40161|client:localhost:40119|dataStream:localhost:37287|priority:0], old=null RUNNING
  s1:  RUNNING  FOLLOWER s1@group-4EAE193F79A7:t0, leader=null, voted=, raftlog=s1@group-4EAE193F79A7-SegmentedRaftLog:OPENED:c-1, conf=-1: [s3|rpc:localhost:46809|admin:localhost:38119|client:localhost:40227|dataStream:localhost:35795|priority:0, s4|rpc:localhost:42721|admin:localhost:40067|client:localhost:36815|dataStream:localhost:33831|priority:0, s0|rpc:localhost:43875|admin:localhost:46477|client:localhost:45301|dataStream:localhost:46673|priority:0, s1|rpc:localhost:43167|admin:localhost:42827|client:localhost:41727|dataStream:localhost:38731|priority:0, s2|rpc:localhost:35037|admin:localhost:40161|client:localhost:40119|dataStream:localhost:37287|priority:0], old=null RUNNING
  s2:  RUNNING  FOLLOWER s2@group-4EAE193F79A7:t0, leader=null, voted=, raftlog=s2@group-4EAE193F79A7-SegmentedRaftLog:OPENED:c-1, conf=-1: [s3|rpc:localhost:46809|admin:localhost:38119|client:localhost:40227|dataStream:localhost:35795|priority:0, s4|rpc:localhost:42721|admin:localhost:40067|client:localhost:36815|dataStream:localhost:33831|priority:0, s0|rpc:localhost:43875|admin:localhost:46477|client:localhost:45301|dataStream:localhost:46673|priority:0, s1|rpc:localhost:43167|admin:localhost:42827|client:localhost:41727|dataStream:localhost:38731|priority:0, s2|rpc:localhost:35037|admin:localhost:40161|client:localhost:40119|dataStream:localhost:37287|priority:0], old=null RUNNING
2022-05-09 13:04:01,467 [Time-limited test] WARN  ratis.RaftTestUtil (JavaUtils.java:attempt(172)) - FAILED "waitForLeader-null-(expectLeader? true)", attempt #1/100: java.lang.IllegalStateException: No leader yet : printing ALL groups
  s3:  RUNNING  FOLLOWER s3@group-4EAE193F79A7:t0, leader=null, voted=, raftlog=s3@group-4EAE193F79A7-SegmentedRaftLog:OPENED:c-1, conf=-1: [s3|rpc:localhost:46809|admin:localhost:38119|client:localhost:40227|dataStream:localhost:35795|priority:0, s4|rpc:localhost:42721|admin:localhost:40067|client:localhost:36815|dataStream:localhost:33831|priority:0, s0|rpc:localhost:43875|admin:localhost:46477|client:localhost:45301|dataStream:localhost:46673|priority:0, s1|rpc:localhost:43167|admin:localhost:42827|client:localhost:41727|dataStream:localhost:38731|priority:0, s2|rpc:localhost:35037|admin:localhost:40161|client:localhost:40119|dataStream:localhost:37287|priority:0], old=null RUNNING
  s4:  RUNNING  FOLLOWER s4@group-4EAE193F79A7:t0, leader=null, voted=, raftlog=s4@group-4EAE193F79A7-SegmentedRaftLog:OPENED:c-1, conf=-1: [s3|rpc:localhost:46809|admin:localhost:38119|client:localhost:40227|dataStream:localhost:35795|priority:0, s4|rpc:localhost:42721|admin:localhost:40067|client:localhost:36815|dataStream:localhost:33831|priority:0, s0|rpc:localhost:43875|admin:localhost:46477|client:localhost:45301|dataStream:localhost:46673|priority:0, s1|rpc:localhost:43167|admin:localhost:42827|client:localhost:41727|dataStream:localhost:38731|priority:0, s2|rpc:localhost:35037|admin:localhost:40161|client:localhost:40119|dataStream:localhost:37287|priority:0], old=null RUNNING
  s0:  RUNNING  FOLLOWER s0@group-4EAE193F79A7:t0, leader=null, voted=, raftlog=s0@group-4EAE193F79A7-SegmentedRaftLog:OPENED:c-1, conf=-1: [s3|rpc:localhost:46809|admin:localhost:38119|client:localhost:40227|dataStream:localhost:35795|priority:0, s4|rpc:localhost:42721|admin:localhost:40067|client:localhost:36815|dataStream:localhost:33831|priority:0, s0|rpc:localhost:43875|admin:localhost:46477|client:localhost:45301|dataStream:localhost:46673|priority:0, s1|rpc:localhost:43167|admin:localhost:42827|client:localhost:41727|dataStream:localhost:38731|priority:0, s2|rpc:localhost:35037|admin:localhost:40161|client:localhost:40119|dataStream:localhost:37287|priority:0], old=null RUNNING
  s1:  RUNNING  FOLLOWER s1@group-4EAE193F79A7:t0, leader=null, voted=, raftlog=s1@group-4EAE193F79A7-SegmentedRaftLog:OPENED:c-1, conf=-1: [s3|rpc:localhost:46809|admin:localhost:38119|client:localhost:40227|dataStream:localhost:35795|priority:0, s4|rpc:localhost:42721|admin:localhost:40067|client:localhost:36815|dataStream:localhost:33831|priority:0, s0|rpc:localhost:43875|admin:localhost:46477|client:localhost:45301|dataStream:localhost:46673|priority:0, s1|rpc:localhost:43167|admin:localhost:42827|client:localhost:41727|dataStream:localhost:38731|priority:0, s2|rpc:localhost:35037|admin:localhost:40161|client:localhost:40119|dataStream:localhost:37287|priority:0], old=null RUNNING
  s2:  RUNNING  FOLLOWER s2@group-4EAE193F79A7:t0, leader=null, voted=, raftlog=s2@group-4EAE193F79A7-SegmentedRaftLog:OPENED:c-1, conf=-1: [s3|rpc:localhost:46809|admin:localhost:38119|client:localhost:40227|dataStream:localhost:35795|priority:0, s4|rpc:localhost:42721|admin:localhost:40067|client:localhost:36815|dataStream:localhost:33831|priority:0, s0|rpc:localhost:43875|admin:localhost:46477|client:localhost:45301|dataStream:localhost:46673|priority:0, s1|rpc:localhost:43167|admin:localhost:42827|client:localhost:41727|dataStream:localhost:38731|priority:0, s2|rpc:localhost:35037|admin:localhost:40161|client:localhost:40119|dataStream:localhost:37287|priority:0], old=null RUNNING, sleep 450ms and then retry.
java.lang.IllegalStateException: No leader yet : printing ALL groups
  s3:  RUNNING  FOLLOWER s3@group-4EAE193F79A7:t0, leader=null, voted=, raftlog=s3@group-4EAE193F79A7-SegmentedRaftLog:OPENED:c-1, conf=-1: [s3|rpc:localhost:46809|admin:localhost:38119|client:localhost:40227|dataStream:localhost:35795|priority:0, s4|rpc:localhost:42721|admin:localhost:40067|client:localhost:36815|dataStream:localhost:33831|priority:0, s0|rpc:localhost:43875|admin:localhost:46477|client:localhost:45301|dataStream:localhost:46673|priority:0, s1|rpc:localhost:43167|admin:localhost:42827|client:localhost:41727|dataStream:localhost:38731|priority:0, s2|rpc:localhost:35037|admin:localhost:40161|client:localhost:40119|dataStream:localhost:37287|priority:0], old=null RUNNING
  s4:  RUNNING  FOLLOWER s4@group-4EAE193F79A7:t0, leader=null, voted=, raftlog=s4@group-4EAE193F79A7-SegmentedRaftLog:OPENED:c-1, conf=-1: [s3|rpc:localhost:46809|admin:localhost:38119|client:localhost:40227|dataStream:localhost:35795|priority:0, s4|rpc:localhost:42721|admin:localhost:40067|client:localhost:36815|dataStream:localhost:33831|priority:0, s0|rpc:localhost:43875|admin:localhost:46477|client:localhost:45301|dataStream:localhost:46673|priority:0, s1|rpc:localhost:43167|admin:localhost:42827|client:localhost:41727|dataStream:localhost:38731|priority:0, s2|rpc:localhost:35037|admin:localhost:40161|client:localhost:40119|dataStream:localhost:37287|priority:0], old=null RUNNING
  s0:  RUNNING  FOLLOWER s0@group-4EAE193F79A7:t0, leader=null, voted=, raftlog=s0@group-4EAE193F79A7-SegmentedRaftLog:OPENED:c-1, conf=-1: [s3|rpc:localhost:46809|admin:localhost:38119|client:localhost:40227|dataStream:localhost:35795|priority:0, s4|rpc:localhost:42721|admin:localhost:40067|client:localhost:36815|dataStream:localhost:33831|priority:0, s0|rpc:localhost:43875|admin:localhost:46477|client:localhost:45301|dataStream:localhost:46673|priority:0, s1|rpc:localhost:43167|admin:localhost:42827|client:localhost:41727|dataStream:localhost:38731|priority:0, s2|rpc:localhost:35037|admin:localhost:40161|client:localhost:40119|dataStream:localhost:37287|priority:0], old=null RUNNING
  s1:  RUNNING  FOLLOWER s1@group-4EAE193F79A7:t0, leader=null, voted=, raftlog=s1@group-4EAE193F79A7-SegmentedRaftLog:OPENED:c-1, conf=-1: [s3|rpc:localhost:46809|admin:localhost:38119|client:localhost:40227|dataStream:localhost:35795|priority:0, s4|rpc:localhost:42721|admin:localhost:40067|client:localhost:36815|dataStream:localhost:33831|priority:0, s0|rpc:localhost:43875|admin:localhost:46477|client:localhost:45301|dataStream:localhost:46673|priority:0, s1|rpc:localhost:43167|admin:localhost:42827|client:localhost:41727|dataStream:localhost:38731|priority:0, s2|rpc:localhost:35037|admin:localhost:40161|client:localhost:40119|dataStream:localhost:37287|priority:0], old=null RUNNING
  s2:  RUNNING  FOLLOWER s2@group-4EAE193F79A7:t0, leader=null, voted=, raftlog=s2@group-4EAE193F79A7-SegmentedRaftLog:OPENED:c-1, conf=-1: [s3|rpc:localhost:46809|admin:localhost:38119|client:localhost:40227|dataStream:localhost:35795|priority:0, s4|rpc:localhost:42721|admin:localhost:40067|client:localhost:36815|dataStream:localhost:33831|priority:0, s0|rpc:localhost:43875|admin:localhost:46477|client:localhost:45301|dataStream:localhost:46673|priority:0, s1|rpc:localhost:43167|admin:localhost:42827|client:localhost:41727|dataStream:localhost:38731|priority:0, s2|rpc:localhost:35037|admin:localhost:40161|client:localhost:40119|dataStream:localhost:37287|priority:0], old=null RUNNING
	at org.apache.ratis.server.impl.MiniRaftCluster.newIllegalStateExceptionForNoLeaders(MiniRaftCluster.java:533)
	at org.apache.ratis.RaftTestUtil.lambda$waitForLeader$1(RaftTestUtil.java:104)
	at org.apache.ratis.server.impl.MiniRaftCluster.getLeader(MiniRaftCluster.java:567)
	at org.apache.ratis.server.impl.MiniRaftCluster.getLeader(MiniRaftCluster.java:560)
	at org.apache.ratis.RaftTestUtil.lambda$waitForLeader$3(RaftTestUtil.java:112)
	at org.apache.ratis.util.JavaUtils.attempt(JavaUtils.java:166)
	at org.apache.ratis.util.JavaUtils.attemptRepeatedly(JavaUtils.java:152)
	at org.apache.ratis.RaftTestUtil.waitForLeader(RaftTestUtil.java:111)
	at org.apache.ratis.RaftTestUtil.waitForLeader(RaftTestUtil.java:92)
	at org.apache.ratis.RaftTestUtil.waitForLeader(RaftTestUtil.java:87)
	at org.apache.ratis.server.impl.LeaderElectionTests.testEnforceLeader(LeaderElectionTests.java:228)
	at sun.reflect.NativeMethodAccessorImpl.invoke0(Native Method)
	at sun.reflect.NativeMethodAccessorImpl.invoke(NativeMethodAccessorImpl.java:62)
	at sun.reflect.DelegatingMethodAccessorImpl.invoke(DelegatingMethodAccessorImpl.java:43)
	at java.lang.reflect.Method.invoke(Method.java:498)
	at org.junit.runners.model.FrameworkMethod$1.runReflectiveCall(FrameworkMethod.java:59)
	at org.junit.internal.runners.model.ReflectiveCallable.run(ReflectiveCallable.java:12)
	at org.junit.runners.model.FrameworkMethod.invokeExplosively(FrameworkMethod.java:56)
	at org.junit.internal.runners.statements.InvokeMethod.evaluate(InvokeMethod.java:17)
	at org.junit.internal.runners.statements.RunAfters.evaluate(RunAfters.java:27)
	at org.junit.internal.runners.statements.FailOnTimeout$CallableStatement.call(FailOnTimeout.java:299)
	at org.junit.internal.runners.statements.FailOnTimeout$CallableStatement.call(FailOnTimeout.java:293)
	at java.util.concurrent.FutureTask.run(FutureTask.java:266)
	at java.lang.Thread.run(Thread.java:750)
2022-05-09 13:04:01,596 [s4@group-4EAE193F79A7-FollowerState] INFO  impl.FollowerState (FollowerState.java:run(143)) - s4@group-4EAE193F79A7-FollowerState: change to CANDIDATE, lastRpcElapsedTime:171558403ns, electionTimeout:167ms
2022-05-09 13:04:01,597 [s4@group-4EAE193F79A7-FollowerState] INFO  impl.RoleInfo (RoleInfo.java:shutdownFollowerState(110)) - s4: shutdown s4@group-4EAE193F79A7-FollowerState
2022-05-09 13:04:01,598 [s4@group-4EAE193F79A7-FollowerState] INFO  server.RaftServer$Division (RaftServerImpl.java:setRole(298)) - s4@group-4EAE193F79A7: changes role from  FOLLOWER to CANDIDATE at term 0 for changeToCandidate
2022-05-09 13:04:01,599 [s3@group-4EAE193F79A7-FollowerState] INFO  impl.FollowerState (FollowerState.java:run(143)) - s3@group-4EAE193F79A7-FollowerState: change to CANDIDATE, lastRpcElapsedTime:190885102ns, electionTimeout:184ms
2022-05-09 13:04:01,599 [s3@group-4EAE193F79A7-FollowerState] INFO  impl.RoleInfo (RoleInfo.java:shutdownFollowerState(110)) - s3: shutdown s3@group-4EAE193F79A7-FollowerState
2022-05-09 13:04:01,599 [s3@group-4EAE193F79A7-FollowerState] INFO  server.RaftServer$Division (RaftServerImpl.java:setRole(298)) - s3@group-4EAE193F79A7: changes role from  FOLLOWER to CANDIDATE at term 0 for changeToCandidate
2022-05-09 13:04:01,601 [s3@group-4EAE193F79A7-FollowerState] INFO  server.RaftServerConfigKeys (ConfUtils.java:logGet(46)) - raft.server.leaderelection.pre-vote = true (default)
2022-05-09 13:04:01,602 [s3@group-4EAE193F79A7-FollowerState] INFO  impl.RoleInfo (RoleInfo.java:updateAndGet(139)) - s3: start s3@group-4EAE193F79A7-LeaderElection1
2022-05-09 13:04:01,603 [s4@group-4EAE193F79A7-FollowerState] INFO  server.RaftServerConfigKeys (ConfUtils.java:logGet(46)) - raft.server.leaderelection.pre-vote = true (default)
2022-05-09 13:04:01,603 [s4@group-4EAE193F79A7-FollowerState] INFO  impl.RoleInfo (RoleInfo.java:updateAndGet(139)) - s4: start s4@group-4EAE193F79A7-LeaderElection2
2022-05-09 13:04:01,605 [s3@group-4EAE193F79A7-LeaderElection1] INFO  impl.LeaderElection (LeaderElection.java:askForVotes(310)) - s3@group-4EAE193F79A7-LeaderElection1 PRE_VOTE round 0: submit vote requests at term 0 for -1: [s3|rpc:localhost:46809|admin:localhost:38119|client:localhost:40227|dataStream:localhost:35795|priority:0, s4|rpc:localhost:42721|admin:localhost:40067|client:localhost:36815|dataStream:localhost:33831|priority:0, s0|rpc:localhost:43875|admin:localhost:46477|client:localhost:45301|dataStream:localhost:46673|priority:0, s1|rpc:localhost:43167|admin:localhost:42827|client:localhost:41727|dataStream:localhost:38731|priority:0, s2|rpc:localhost:35037|admin:localhost:40161|client:localhost:40119|dataStream:localhost:37287|priority:0], old=null
2022-05-09 13:04:01,607 [s4@group-4EAE193F79A7-LeaderElection2] INFO  impl.LeaderElection (LeaderElection.java:askForVotes(310)) - s4@group-4EAE193F79A7-LeaderElection2 PRE_VOTE round 0: submit vote requests at term 0 for -1: [s3|rpc:localhost:46809|admin:localhost:38119|client:localhost:40227|dataStream:localhost:35795|priority:0, s4|rpc:localhost:42721|admin:localhost:40067|client:localhost:36815|dataStream:localhost:33831|priority:0, s0|rpc:localhost:43875|admin:localhost:46477|client:localhost:45301|dataStream:localhost:46673|priority:0, s1|rpc:localhost:43167|admin:localhost:42827|client:localhost:41727|dataStream:localhost:38731|priority:0, s2|rpc:localhost:35037|admin:localhost:40161|client:localhost:40119|dataStream:localhost:37287|priority:0], old=null
2022-05-09 13:04:01,634 [Thread-2] INFO  server.RaftServer$Division (RaftServerImpl.java:requestVote(1151)) - s3@group-4EAE193F79A7: receive requestVote(PRE_VOTE, s4, group-4EAE193F79A7, 0, (t:0, i:0))
2022-05-09 13:04:01,635 [Thread-2] INFO  impl.VoteContext (VoteContext.java:log(48)) - s3@group-4EAE193F79A7-CANDIDATE: accept PRE_VOTE from s4: our priority 0 <= candidate's priority 0
2022-05-09 13:04:01,636 [Thread-21] INFO  server.RaftServer$Division (RaftServerImpl.java:requestVote(1151)) - s1@group-4EAE193F79A7: receive requestVote(PRE_VOTE, s3, group-4EAE193F79A7, 0, (t:0, i:0))
2022-05-09 13:04:01,636 [Thread-21] INFO  impl.VoteContext (VoteContext.java:log(48)) - s1@group-4EAE193F79A7-FOLLOWER: accept PRE_VOTE from s3: our priority 0 <= candidate's priority 0
2022-05-09 13:04:01,636 [Thread-7] INFO  server.RaftServer$Division (RaftServerImpl.java:requestVote(1151)) - s4@group-4EAE193F79A7: receive requestVote(PRE_VOTE, s3, group-4EAE193F79A7, 0, (t:0, i:0))
2022-05-09 13:04:01,636 [Thread-7] INFO  impl.VoteContext (VoteContext.java:log(48)) - s4@group-4EAE193F79A7-CANDIDATE: accept PRE_VOTE from s3: our priority 0 <= candidate's priority 0
2022-05-09 13:04:01,642 [Thread-28] INFO  server.RaftServer$Division (RaftServerImpl.java:requestVote(1151)) - s2@group-4EAE193F79A7: receive requestVote(PRE_VOTE, s3, group-4EAE193F79A7, 0, (t:0, i:0))
2022-05-09 13:04:01,642 [Thread-28] INFO  impl.VoteContext (VoteContext.java:log(48)) - s2@group-4EAE193F79A7-FOLLOWER: accept PRE_VOTE from s3: our priority 0 <= candidate's priority 0
2022-05-09 13:04:01,643 [Thread-28] INFO  server.RaftServer$Division (RaftServerImpl.java:requestVote(1183)) - s2@group-4EAE193F79A7 replies to PRE_VOTE vote request: s3<-s2#0:OK-t0. Peer's state: s2@group-4EAE193F79A7:t0, leader=null, voted=, raftlog=s2@group-4EAE193F79A7-SegmentedRaftLog:OPENED:c-1, conf=-1: [s3|rpc:localhost:46809|admin:localhost:38119|client:localhost:40227|dataStream:localhost:35795|priority:0, s4|rpc:localhost:42721|admin:localhost:40067|client:localhost:36815|dataStream:localhost:33831|priority:0, s0|rpc:localhost:43875|admin:localhost:46477|client:localhost:45301|dataStream:localhost:46673|priority:0, s1|rpc:localhost:43167|admin:localhost:42827|client:localhost:41727|dataStream:localhost:38731|priority:0, s2|rpc:localhost:35037|admin:localhost:40161|client:localhost:40119|dataStream:localhost:37287|priority:0], old=null
2022-05-09 13:04:01,643 [Thread-14] INFO  server.RaftServer$Division (RaftServerImpl.java:requestVote(1151)) - s0@group-4EAE193F79A7: receive requestVote(PRE_VOTE, s3, group-4EAE193F79A7, 0, (t:0, i:0))
2022-05-09 13:04:01,643 [Thread-14] INFO  impl.VoteContext (VoteContext.java:log(48)) - s0@group-4EAE193F79A7-FOLLOWER: accept PRE_VOTE from s3: our priority 0 <= candidate's priority 0
2022-05-09 13:04:01,643 [Thread-14] INFO  server.RaftServer$Division (RaftServerImpl.java:requestVote(1183)) - s0@group-4EAE193F79A7 replies to PRE_VOTE vote request: s3<-s0#0:OK-t0. Peer's state: s0@group-4EAE193F79A7:t0, leader=null, voted=, raftlog=s0@group-4EAE193F79A7-SegmentedRaftLog:OPENED:c-1, conf=-1: [s3|rpc:localhost:46809|admin:localhost:38119|client:localhost:40227|dataStream:localhost:35795|priority:0, s4|rpc:localhost:42721|admin:localhost:40067|client:localhost:36815|dataStream:localhost:33831|priority:0, s0|rpc:localhost:43875|admin:localhost:46477|client:localhost:45301|dataStream:localhost:46673|priority:0, s1|rpc:localhost:43167|admin:localhost:42827|client:localhost:41727|dataStream:localhost:38731|priority:0, s2|rpc:localhost:35037|admin:localhost:40161|client:localhost:40119|dataStream:localhost:37287|priority:0], old=null
2022-05-09 13:04:01,643 [Thread-15] INFO  server.RaftServer$Division (RaftServerImpl.java:requestVote(1151)) - s0@group-4EAE193F79A7: receive requestVote(PRE_VOTE, s4, group-4EAE193F79A7, 0, (t:0, i:0))
2022-05-09 13:04:01,644 [Thread-15] INFO  impl.VoteContext (VoteContext.java:log(48)) - s0@group-4EAE193F79A7-FOLLOWER: accept PRE_VOTE from s4: our priority 0 <= candidate's priority 0
2022-05-09 13:04:01,644 [Thread-15] INFO  server.RaftServer$Division (RaftServerImpl.java:requestVote(1183)) - s0@group-4EAE193F79A7 replies to PRE_VOTE vote request: s4<-s0#0:OK-t0. Peer's state: s0@group-4EAE193F79A7:t0, leader=null, voted=, raftlog=s0@group-4EAE193F79A7-SegmentedRaftLog:OPENED:c-1, conf=-1: [s3|rpc:localhost:46809|admin:localhost:38119|client:localhost:40227|dataStream:localhost:35795|priority:0, s4|rpc:localhost:42721|admin:localhost:40067|client:localhost:36815|dataStream:localhost:33831|priority:0, s0|rpc:localhost:43875|admin:localhost:46477|client:localhost:45301|dataStream:localhost:46673|priority:0, s1|rpc:localhost:43167|admin:localhost:42827|client:localhost:41727|dataStream:localhost:38731|priority:0, s2|rpc:localhost:35037|admin:localhost:40161|client:localhost:40119|dataStream:localhost:37287|priority:0], old=null
2022-05-09 13:04:01,642 [Thread-7] INFO  server.RaftServer$Division (RaftServerImpl.java:requestVote(1183)) - s4@group-4EAE193F79A7 replies to PRE_VOTE vote request: s3<-s4#0:OK-t0. Peer's state: s4@group-4EAE193F79A7:t0, leader=null, voted=, raftlog=s4@group-4EAE193F79A7-SegmentedRaftLog:OPENED:c-1, conf=-1: [s3|rpc:localhost:46809|admin:localhost:38119|client:localhost:40227|dataStream:localhost:35795|priority:0, s4|rpc:localhost:42721|admin:localhost:40067|client:localhost:36815|dataStream:localhost:33831|priority:0, s0|rpc:localhost:43875|admin:localhost:46477|client:localhost:45301|dataStream:localhost:46673|priority:0, s1|rpc:localhost:43167|admin:localhost:42827|client:localhost:41727|dataStream:localhost:38731|priority:0, s2|rpc:localhost:35037|admin:localhost:40161|client:localhost:40119|dataStream:localhost:37287|priority:0], old=null
2022-05-09 13:04:01,643 [Thread-22] INFO  server.RaftServer$Division (RaftServerImpl.java:requestVote(1151)) - s1@group-4EAE193F79A7: receive requestVote(PRE_VOTE, s4, group-4EAE193F79A7, 0, (t:0, i:0))
2022-05-09 13:04:01,642 [Thread-29] INFO  server.RaftServer$Division (RaftServerImpl.java:requestVote(1151)) - s2@group-4EAE193F79A7: receive requestVote(PRE_VOTE, s4, group-4EAE193F79A7, 0, (t:0, i:0))
2022-05-09 13:04:01,645 [Thread-29] INFO  impl.VoteContext (VoteContext.java:log(48)) - s2@group-4EAE193F79A7-FOLLOWER: accept PRE_VOTE from s4: our priority 0 <= candidate's priority 0
2022-05-09 13:04:01,645 [Thread-29] INFO  server.RaftServer$Division (RaftServerImpl.java:requestVote(1183)) - s2@group-4EAE193F79A7 replies to PRE_VOTE vote request: s4<-s2#0:OK-t0. Peer's state: s2@group-4EAE193F79A7:t0, leader=null, voted=, raftlog=s2@group-4EAE193F79A7-SegmentedRaftLog:OPENED:c-1, conf=-1: [s3|rpc:localhost:46809|admin:localhost:38119|client:localhost:40227|dataStream:localhost:35795|priority:0, s4|rpc:localhost:42721|admin:localhost:40067|client:localhost:36815|dataStream:localhost:33831|priority:0, s0|rpc:localhost:43875|admin:localhost:46477|client:localhost:45301|dataStream:localhost:46673|priority:0, s1|rpc:localhost:43167|admin:localhost:42827|client:localhost:41727|dataStream:localhost:38731|priority:0, s2|rpc:localhost:35037|admin:localhost:40161|client:localhost:40119|dataStream:localhost:37287|priority:0], old=null
2022-05-09 13:04:01,642 [Thread-21] INFO  server.RaftServer$Division (RaftServerImpl.java:requestVote(1183)) - s1@group-4EAE193F79A7 replies to PRE_VOTE vote request: s3<-s1#0:OK-t0. Peer's state: s1@group-4EAE193F79A7:t0, leader=null, voted=, raftlog=s1@group-4EAE193F79A7-SegmentedRaftLog:OPENED:c-1, conf=-1: [s3|rpc:localhost:46809|admin:localhost:38119|client:localhost:40227|dataStream:localhost:35795|priority:0, s4|rpc:localhost:42721|admin:localhost:40067|client:localhost:36815|dataStream:localhost:33831|priority:0, s0|rpc:localhost:43875|admin:localhost:46477|client:localhost:45301|dataStream:localhost:46673|priority:0, s1|rpc:localhost:43167|admin:localhost:42827|client:localhost:41727|dataStream:localhost:38731|priority:0, s2|rpc:localhost:35037|admin:localhost:40161|client:localhost:40119|dataStream:localhost:37287|priority:0], old=null
2022-05-09 13:04:01,645 [Thread-22] INFO  impl.VoteContext (VoteContext.java:log(48)) - s1@group-4EAE193F79A7-FOLLOWER: accept PRE_VOTE from s4: our priority 0 <= candidate's priority 0
2022-05-09 13:04:01,645 [Thread-22] INFO  server.RaftServer$Division (RaftServerImpl.java:requestVote(1183)) - s1@group-4EAE193F79A7 replies to PRE_VOTE vote request: s4<-s1#0:OK-t0. Peer's state: s1@group-4EAE193F79A7:t0, leader=null, voted=, raftlog=s1@group-4EAE193F79A7-SegmentedRaftLog:OPENED:c-1, conf=-1: [s3|rpc:localhost:46809|admin:localhost:38119|client:localhost:40227|dataStream:localhost:35795|priority:0, s4|rpc:localhost:42721|admin:localhost:40067|client:localhost:36815|dataStream:localhost:33831|priority:0, s0|rpc:localhost:43875|admin:localhost:46477|client:localhost:45301|dataStream:localhost:46673|priority:0, s1|rpc:localhost:43167|admin:localhost:42827|client:localhost:41727|dataStream:localhost:38731|priority:0, s2|rpc:localhost:35037|admin:localhost:40161|client:localhost:40119|dataStream:localhost:37287|priority:0], old=null
2022-05-09 13:04:01,644 [Thread-2] INFO  server.RaftServer$Division (RaftServerImpl.java:requestVote(1183)) - s3@group-4EAE193F79A7 replies to PRE_VOTE vote request: s4<-s3#0:OK-t0. Peer's state: s3@group-4EAE193F79A7:t0, leader=null, voted=, raftlog=s3@group-4EAE193F79A7-SegmentedRaftLog:OPENED:c-1, conf=-1: [s3|rpc:localhost:46809|admin:localhost:38119|client:localhost:40227|dataStream:localhost:35795|priority:0, s4|rpc:localhost:42721|admin:localhost:40067|client:localhost:36815|dataStream:localhost:33831|priority:0, s0|rpc:localhost:43875|admin:localhost:46477|client:localhost:45301|dataStream:localhost:46673|priority:0, s1|rpc:localhost:43167|admin:localhost:42827|client:localhost:41727|dataStream:localhost:38731|priority:0, s2|rpc:localhost:35037|admin:localhost:40161|client:localhost:40119|dataStream:localhost:37287|priority:0], old=null
2022-05-09 13:04:01,659 [s3@group-4EAE193F79A7-LeaderElection1] INFO  impl.LeaderElection (LeaderElection.java:logAndReturn(90)) - s3@group-4EAE193F79A7-LeaderElection1: PRE_VOTE PASSED received 2 response(s) and 0 exception(s):
2022-05-09 13:04:01,659 [s4@group-4EAE193F79A7-LeaderElection2] INFO  impl.LeaderElection (LeaderElection.java:logAndReturn(90)) - s4@group-4EAE193F79A7-LeaderElection2: PRE_VOTE PASSED received 2 response(s) and 0 exception(s):
2022-05-09 13:04:01,660 [s4@group-4EAE193F79A7-LeaderElection2] INFO  impl.LeaderElection (LeaderElection.java:logAndReturn(94)) -   Response 0: s4<-s3#0:OK-t0
2022-05-09 13:04:01,660 [s4@group-4EAE193F79A7-LeaderElection2] INFO  impl.LeaderElection (LeaderElection.java:logAndReturn(94)) -   Response 1: s4<-s0#0:OK-t0
2022-05-09 13:04:01,659 [s3@group-4EAE193F79A7-LeaderElection1] INFO  impl.LeaderElection (LeaderElection.java:logAndReturn(94)) -   Response 0: s3<-s0#0:OK-t0
2022-05-09 13:04:01,660 [s4@group-4EAE193F79A7-LeaderElection2] INFO  impl.LeaderElection (LeaderElection.java:askForVotes(312)) - s4@group-4EAE193F79A7-LeaderElection2 PRE_VOTE round 0: result PASSED
2022-05-09 13:04:01,660 [s3@group-4EAE193F79A7-LeaderElection1] INFO  impl.LeaderElection (LeaderElection.java:logAndReturn(94)) -   Response 1: s3<-s2#0:OK-t0
2022-05-09 13:04:01,660 [s3@group-4EAE193F79A7-LeaderElection1] INFO  impl.LeaderElection (LeaderElection.java:askForVotes(312)) - s3@group-4EAE193F79A7-LeaderElection1 PRE_VOTE round 0: result PASSED
2022-05-09 13:04:01,662 [s3@group-4EAE193F79A7-LeaderElection1] INFO  impl.LeaderElection (LeaderElection.java:askForVotes(310)) - s3@group-4EAE193F79A7-LeaderElection1 ELECTION round 0: submit vote requests at term 1 for -1: [s3|rpc:localhost:46809|admin:localhost:38119|client:localhost:40227|dataStream:localhost:35795|priority:0, s4|rpc:localhost:42721|admin:localhost:40067|client:localhost:36815|dataStream:localhost:33831|priority:0, s0|rpc:localhost:43875|admin:localhost:46477|client:localhost:45301|dataStream:localhost:46673|priority:0, s1|rpc:localhost:43167|admin:localhost:42827|client:localhost:41727|dataStream:localhost:38731|priority:0, s2|rpc:localhost:35037|admin:localhost:40161|client:localhost:40119|dataStream:localhost:37287|priority:0], old=null
2022-05-09 13:04:01,662 [s4@group-4EAE193F79A7-LeaderElection2] INFO  impl.LeaderElection (LeaderElection.java:askForVotes(310)) - s4@group-4EAE193F79A7-LeaderElection2 ELECTION round 0: submit vote requests at term 1 for -1: [s3|rpc:localhost:46809|admin:localhost:38119|client:localhost:40227|dataStream:localhost:35795|priority:0, s4|rpc:localhost:42721|admin:localhost:40067|client:localhost:36815|dataStream:localhost:33831|priority:0, s0|rpc:localhost:43875|admin:localhost:46477|client:localhost:45301|dataStream:localhost:46673|priority:0, s1|rpc:localhost:43167|admin:localhost:42827|client:localhost:41727|dataStream:localhost:38731|priority:0, s2|rpc:localhost:35037|admin:localhost:40161|client:localhost:40119|dataStream:localhost:37287|priority:0], old=null
2022-05-09 13:04:01,663 [Thread-8] INFO  server.RaftServer$Division (RaftServerImpl.java:requestVote(1151)) - s4@group-4EAE193F79A7: receive requestVote(ELECTION, s3, group-4EAE193F79A7, 1, (t:0, i:0))
2022-05-09 13:04:01,663 [Thread-8] INFO  impl.VoteContext (VoteContext.java:log(48)) - s4@group-4EAE193F79A7-CANDIDATE: reject ELECTION from s3: already has voted for s4 at current term 1
2022-05-09 13:04:01,664 [Thread-8] INFO  server.RaftServer$Division (RaftServerImpl.java:requestVote(1183)) - s4@group-4EAE193F79A7 replies to ELECTION vote request: s3<-s4#0:FAIL-t1. Peer's state: s4@group-4EAE193F79A7:t1, leader=null, voted=s4, raftlog=s4@group-4EAE193F79A7-SegmentedRaftLog:OPENED:c-1, conf=-1: [s3|rpc:localhost:46809|admin:localhost:38119|client:localhost:40227|dataStream:localhost:35795|priority:0, s4|rpc:localhost:42721|admin:localhost:40067|client:localhost:36815|dataStream:localhost:33831|priority:0, s0|rpc:localhost:43875|admin:localhost:46477|client:localhost:45301|dataStream:localhost:46673|priority:0, s1|rpc:localhost:43167|admin:localhost:42827|client:localhost:41727|dataStream:localhost:38731|priority:0, s2|rpc:localhost:35037|admin:localhost:40161|client:localhost:40119|dataStream:localhost:37287|priority:0], old=null
2022-05-09 13:04:01,664 [Thread-0] INFO  server.RaftServer$Division (RaftServerImpl.java:requestVote(1151)) - s3@group-4EAE193F79A7: receive requestVote(ELECTION, s4, group-4EAE193F79A7, 1, (t:0, i:0))
2022-05-09 13:04:01,664 [Thread-0] INFO  impl.VoteContext (VoteContext.java:log(48)) - s3@group-4EAE193F79A7-CANDIDATE: reject ELECTION from s4: already has voted for s3 at current term 1
2022-05-09 13:04:01,665 [Thread-0] INFO  server.RaftServer$Division (RaftServerImpl.java:requestVote(1183)) - s3@group-4EAE193F79A7 replies to ELECTION vote request: s4<-s3#0:FAIL-t1. Peer's state: s3@group-4EAE193F79A7:t1, leader=null, voted=s3, raftlog=s3@group-4EAE193F79A7-SegmentedRaftLog:OPENED:c-1, conf=-1: [s3|rpc:localhost:46809|admin:localhost:38119|client:localhost:40227|dataStream:localhost:35795|priority:0, s4|rpc:localhost:42721|admin:localhost:40067|client:localhost:36815|dataStream:localhost:33831|priority:0, s0|rpc:localhost:43875|admin:localhost:46477|client:localhost:45301|dataStream:localhost:46673|priority:0, s1|rpc:localhost:43167|admin:localhost:42827|client:localhost:41727|dataStream:localhost:38731|priority:0, s2|rpc:localhost:35037|admin:localhost:40161|client:localhost:40119|dataStream:localhost:37287|priority:0], old=null
2022-05-09 13:04:01,665 [Thread-16] INFO  server.RaftServer$Division (RaftServerImpl.java:requestVote(1151)) - s0@group-4EAE193F79A7: receive requestVote(ELECTION, s3, group-4EAE193F79A7, 1, (t:0, i:0))
2022-05-09 13:04:01,665 [Thread-16] INFO  impl.VoteContext (VoteContext.java:log(48)) - s0@group-4EAE193F79A7-FOLLOWER: accept ELECTION from s3: our priority 0 <= candidate's priority 0
2022-05-09 13:04:01,665 [Thread-23] INFO  server.RaftServer$Division (RaftServerImpl.java:requestVote(1151)) - s1@group-4EAE193F79A7: receive requestVote(ELECTION, s4, group-4EAE193F79A7, 1, (t:0, i:0))
2022-05-09 13:04:01,666 [Thread-23] INFO  impl.VoteContext (VoteContext.java:log(48)) - s1@group-4EAE193F79A7-FOLLOWER: accept ELECTION from s4: our priority 0 <= candidate's priority 0
2022-05-09 13:04:01,666 [Thread-23] INFO  server.RaftServer$Division (RaftServerImpl.java:setRole(298)) - s1@group-4EAE193F79A7: changes role from  FOLLOWER to FOLLOWER at term 1 for candidate:s4
2022-05-09 13:04:01,666 [Thread-23] INFO  impl.RoleInfo (RoleInfo.java:shutdownFollowerState(110)) - s1: shutdown s1@group-4EAE193F79A7-FollowerState
2022-05-09 13:04:01,666 [Thread-16] INFO  server.RaftServer$Division (RaftServerImpl.java:setRole(298)) - s0@group-4EAE193F79A7: changes role from  FOLLOWER to FOLLOWER at term 1 for candidate:s3
2022-05-09 13:04:01,667 [Thread-22] INFO  server.RaftServer$Division (RaftServerImpl.java:requestVote(1151)) - s1@group-4EAE193F79A7: receive requestVote(ELECTION, s3, group-4EAE193F79A7, 1, (t:0, i:0))
2022-05-09 13:04:01,666 [Thread-15] INFO  server.RaftServer$Division (RaftServerImpl.java:requestVote(1151)) - s0@group-4EAE193F79A7: receive requestVote(ELECTION, s4, group-4EAE193F79A7, 1, (t:0, i:0))
2022-05-09 13:04:01,667 [Thread-16] INFO  impl.RoleInfo (RoleInfo.java:shutdownFollowerState(110)) - s0: shutdown s0@group-4EAE193F79A7-FollowerState
2022-05-09 13:04:01,669 [Thread-16] INFO  impl.RoleInfo (RoleInfo.java:updateAndGet(139)) - s0: start s0@group-4EAE193F79A7-FollowerState
2022-05-09 13:04:01,669 [Thread-30] INFO  server.RaftServer$Division (RaftServerImpl.java:requestVote(1151)) - s2@group-4EAE193F79A7: receive requestVote(ELECTION, s3, group-4EAE193F79A7, 1, (t:0, i:0))
2022-05-09 13:04:01,670 [Thread-30] INFO  impl.VoteContext (VoteContext.java:log(48)) - s2@group-4EAE193F79A7-FOLLOWER: accept ELECTION from s3: our priority 0 <= candidate's priority 0
2022-05-09 13:04:01,670 [Thread-28] INFO  server.RaftServer$Division (RaftServerImpl.java:requestVote(1151)) - s2@group-4EAE193F79A7: receive requestVote(ELECTION, s4, group-4EAE193F79A7, 1, (t:0, i:0))
2022-05-09 13:04:01,669 [s0@group-4EAE193F79A7-FollowerState] INFO  impl.FollowerState (FollowerState.java:run(152)) - s0@group-4EAE193F79A7-FollowerState was interrupted
2022-05-09 13:04:01,670 [Thread-30] INFO  server.RaftServer$Division (RaftServerImpl.java:setRole(298)) - s2@group-4EAE193F79A7: changes role from  FOLLOWER to FOLLOWER at term 1 for candidate:s3
2022-05-09 13:04:01,670 [Thread-30] INFO  impl.RoleInfo (RoleInfo.java:shutdownFollowerState(110)) - s2: shutdown s2@group-4EAE193F79A7-FollowerState
2022-05-09 13:04:01,671 [Thread-23] INFO  impl.RoleInfo (RoleInfo.java:updateAndGet(139)) - s1: start s1@group-4EAE193F79A7-FollowerState
2022-05-09 13:04:01,671 [s1@group-4EAE193F79A7-FollowerState] INFO  impl.FollowerState (FollowerState.java:run(152)) - s1@group-4EAE193F79A7-FollowerState was interrupted
2022-05-09 13:04:01,671 [Thread-30] INFO  impl.RoleInfo (RoleInfo.java:updateAndGet(139)) - s2: start s2@group-4EAE193F79A7-FollowerState
2022-05-09 13:04:01,672 [s2@group-4EAE193F79A7-FollowerState] INFO  impl.FollowerState (FollowerState.java:run(152)) - s2@group-4EAE193F79A7-FollowerState was interrupted
2022-05-09 13:04:01,672 [Thread-23] INFO  server.RaftServer$Division (RaftServerImpl.java:requestVote(1183)) - s1@group-4EAE193F79A7 replies to ELECTION vote request: s4<-s1#0:OK-t1. Peer's state: s1@group-4EAE193F79A7:t1, leader=null, voted=s4, raftlog=s1@group-4EAE193F79A7-SegmentedRaftLog:OPENED:c-1, conf=-1: [s3|rpc:localhost:46809|admin:localhost:38119|client:localhost:40227|dataStream:localhost:35795|priority:0, s4|rpc:localhost:42721|admin:localhost:40067|client:localhost:36815|dataStream:localhost:33831|priority:0, s0|rpc:localhost:43875|admin:localhost:46477|client:localhost:45301|dataStream:localhost:46673|priority:0, s1|rpc:localhost:43167|admin:localhost:42827|client:localhost:41727|dataStream:localhost:38731|priority:0, s2|rpc:localhost:35037|admin:localhost:40161|client:localhost:40119|dataStream:localhost:37287|priority:0], old=null
2022-05-09 13:04:01,673 [Thread-22] INFO  impl.VoteContext (VoteContext.java:log(48)) - s1@group-4EAE193F79A7-FOLLOWER: reject ELECTION from s3: already has voted for s4 at current term 1
2022-05-09 13:04:01,673 [Thread-22] INFO  server.RaftServer$Division (RaftServerImpl.java:requestVote(1183)) - s1@group-4EAE193F79A7 replies to ELECTION vote request: s3<-s1#0:FAIL-t1. Peer's state: s1@group-4EAE193F79A7:t1, leader=null, voted=s4, raftlog=s1@group-4EAE193F79A7-SegmentedRaftLog:OPENED:c-1, conf=-1: [s3|rpc:localhost:46809|admin:localhost:38119|client:localhost:40227|dataStream:localhost:35795|priority:0, s4|rpc:localhost:42721|admin:localhost:40067|client:localhost:36815|dataStream:localhost:33831|priority:0, s0|rpc:localhost:43875|admin:localhost:46477|client:localhost:45301|dataStream:localhost:46673|priority:0, s1|rpc:localhost:43167|admin:localhost:42827|client:localhost:41727|dataStream:localhost:38731|priority:0, s2|rpc:localhost:35037|admin:localhost:40161|client:localhost:40119|dataStream:localhost:37287|priority:0], old=null
2022-05-09 13:04:01,673 [Thread-16] INFO  server.RaftServer$Division (RaftServerImpl.java:requestVote(1183)) - s0@group-4EAE193F79A7 replies to ELECTION vote request: s3<-s0#0:OK-t1. Peer's state: s0@group-4EAE193F79A7:t1, leader=null, voted=s3, raftlog=s0@group-4EAE193F79A7-SegmentedRaftLog:OPENED:c-1, conf=-1: [s3|rpc:localhost:46809|admin:localhost:38119|client:localhost:40227|dataStream:localhost:35795|priority:0, s4|rpc:localhost:42721|admin:localhost:40067|client:localhost:36815|dataStream:localhost:33831|priority:0, s0|rpc:localhost:43875|admin:localhost:46477|client:localhost:45301|dataStream:localhost:46673|priority:0, s1|rpc:localhost:43167|admin:localhost:42827|client:localhost:41727|dataStream:localhost:38731|priority:0, s2|rpc:localhost:35037|admin:localhost:40161|client:localhost:40119|dataStream:localhost:37287|priority:0], old=null
2022-05-09 13:04:01,673 [Thread-15] INFO  impl.VoteContext (VoteContext.java:log(48)) - s0@group-4EAE193F79A7-FOLLOWER: reject ELECTION from s4: already has voted for s3 at current term 1
2022-05-09 13:04:01,673 [Thread-15] INFO  server.RaftServer$Division (RaftServerImpl.java:requestVote(1183)) - s0@group-4EAE193F79A7 replies to ELECTION vote request: s4<-s0#0:FAIL-t1. Peer's state: s0@group-4EAE193F79A7:t1, leader=null, voted=s3, raftlog=s0@group-4EAE193F79A7-SegmentedRaftLog:OPENED:c-1, conf=-1: [s3|rpc:localhost:46809|admin:localhost:38119|client:localhost:40227|dataStream:localhost:35795|priority:0, s4|rpc:localhost:42721|admin:localhost:40067|client:localhost:36815|dataStream:localhost:33831|priority:0, s0|rpc:localhost:43875|admin:localhost:46477|client:localhost:45301|dataStream:localhost:46673|priority:0, s1|rpc:localhost:43167|admin:localhost:42827|client:localhost:41727|dataStream:localhost:38731|priority:0, s2|rpc:localhost:35037|admin:localhost:40161|client:localhost:40119|dataStream:localhost:37287|priority:0], old=null
2022-05-09 13:04:01,674 [Thread-30] INFO  server.RaftServer$Division (RaftServerImpl.java:requestVote(1183)) - s2@group-4EAE193F79A7 replies to ELECTION vote request: s3<-s2#0:OK-t1. Peer's state: s2@group-4EAE193F79A7:t1, leader=null, voted=s3, raftlog=s2@group-4EAE193F79A7-SegmentedRaftLog:OPENED:c-1, conf=-1: [s3|rpc:localhost:46809|admin:localhost:38119|client:localhost:40227|dataStream:localhost:35795|priority:0, s4|rpc:localhost:42721|admin:localhost:40067|client:localhost:36815|dataStream:localhost:33831|priority:0, s0|rpc:localhost:43875|admin:localhost:46477|client:localhost:45301|dataStream:localhost:46673|priority:0, s1|rpc:localhost:43167|admin:localhost:42827|client:localhost:41727|dataStream:localhost:38731|priority:0, s2|rpc:localhost:35037|admin:localhost:40161|client:localhost:40119|dataStream:localhost:37287|priority:0], old=null
2022-05-09 13:04:01,674 [Thread-28] INFO  impl.VoteContext (VoteContext.java:log(48)) - s2@group-4EAE193F79A7-FOLLOWER: reject ELECTION from s4: already has voted for s3 at current term 1
2022-05-09 13:04:01,674 [Thread-28] INFO  server.RaftServer$Division (RaftServerImpl.java:requestVote(1183)) - s2@group-4EAE193F79A7 replies to ELECTION vote request: s4<-s2#0:FAIL-t1. Peer's state: s2@group-4EAE193F79A7:t1, leader=null, voted=s3, raftlog=s2@group-4EAE193F79A7-SegmentedRaftLog:OPENED:c-1, conf=-1: [s3|rpc:localhost:46809|admin:localhost:38119|client:localhost:40227|dataStream:localhost:35795|priority:0, s4|rpc:localhost:42721|admin:localhost:40067|client:localhost:36815|dataStream:localhost:33831|priority:0, s0|rpc:localhost:43875|admin:localhost:46477|client:localhost:45301|dataStream:localhost:46673|priority:0, s1|rpc:localhost:43167|admin:localhost:42827|client:localhost:41727|dataStream:localhost:38731|priority:0, s2|rpc:localhost:35037|admin:localhost:40161|client:localhost:40119|dataStream:localhost:37287|priority:0], old=null
2022-05-09 13:04:01,688 [s3@group-4EAE193F79A7-LeaderElection1] INFO  impl.LeaderElection (LeaderElection.java:logAndReturn(90)) - s3@group-4EAE193F79A7-LeaderElection1: ELECTION PASSED received 3 response(s) and 0 exception(s):
2022-05-09 13:04:01,688 [s3@group-4EAE193F79A7-LeaderElection1] INFO  impl.LeaderElection (LeaderElection.java:logAndReturn(94)) -   Response 0: s3<-s4#0:FAIL-t1
2022-05-09 13:04:01,688 [s3@group-4EAE193F79A7-LeaderElection1] INFO  impl.LeaderElection (LeaderElection.java:logAndReturn(94)) -   Response 1: s3<-s0#0:OK-t1
2022-05-09 13:04:01,688 [s3@group-4EAE193F79A7-LeaderElection1] INFO  impl.LeaderElection (LeaderElection.java:logAndReturn(94)) -   Response 2: s3<-s2#0:OK-t1
2022-05-09 13:04:01,688 [s3@group-4EAE193F79A7-LeaderElection1] INFO  impl.LeaderElection (LeaderElection.java:askForVotes(312)) - s3@group-4EAE193F79A7-LeaderElection1 ELECTION round 0: result PASSED
2022-05-09 13:04:01,688 [s3@group-4EAE193F79A7-LeaderElection1] INFO  impl.RoleInfo (RoleInfo.java:shutdownLeaderElection(130)) - s3: shutdown s3@group-4EAE193F79A7-LeaderElection1
2022-05-09 13:04:01,689 [s3@group-4EAE193F79A7-LeaderElection1] INFO  server.RaftServer$Division (RaftServerImpl.java:setRole(298)) - s3@group-4EAE193F79A7: changes role from CANDIDATE to LEADER at term 1 for changeToLeader
2022-05-09 13:04:01,689 [s3@group-4EAE193F79A7-LeaderElection1] INFO  server.RaftServer$Division (ServerState.java:setLeader(287)) - s3@group-4EAE193F79A7: change Leader from null to s3 at term 1 for becomeLeader, leader elected after 500ms
2022-05-09 13:04:01,691 [s4@group-4EAE193F79A7-LeaderElection2] INFO  impl.LeaderElection (LeaderElection.java:logAndReturn(90)) - s4@group-4EAE193F79A7-LeaderElection2: ELECTION REJECTED received 4 response(s) and 0 exception(s):
2022-05-09 13:04:01,691 [s4@group-4EAE193F79A7-LeaderElection2] INFO  impl.LeaderElection (LeaderElection.java:logAndReturn(94)) -   Response 0: s4<-s3#0:FAIL-t1
2022-05-09 13:04:01,691 [s4@group-4EAE193F79A7-LeaderElection2] INFO  impl.LeaderElection (LeaderElection.java:logAndReturn(94)) -   Response 1: s4<-s0#0:FAIL-t1
2022-05-09 13:04:01,691 [s4@group-4EAE193F79A7-LeaderElection2] INFO  impl.LeaderElection (LeaderElection.java:logAndReturn(94)) -   Response 2: s4<-s1#0:OK-t1
2022-05-09 13:04:01,691 [s4@group-4EAE193F79A7-LeaderElection2] INFO  impl.LeaderElection (LeaderElection.java:logAndReturn(94)) -   Response 3: s4<-s2#0:FAIL-t1
2022-05-09 13:04:01,691 [s4@group-4EAE193F79A7-LeaderElection2] INFO  impl.LeaderElection (LeaderElection.java:askForVotes(312)) - s4@group-4EAE193F79A7-LeaderElection2 ELECTION round 0: result REJECTED
2022-05-09 13:04:01,691 [s4@group-4EAE193F79A7-LeaderElection2] INFO  server.RaftServer$Division (RaftServerImpl.java:setRole(298)) - s4@group-4EAE193F79A7: changes role from CANDIDATE to FOLLOWER at term 1 for REJECTED
2022-05-09 13:04:01,691 [s4@group-4EAE193F79A7-LeaderElection2] INFO  impl.RoleInfo (RoleInfo.java:shutdownLeaderElection(130)) - s4: shutdown s4@group-4EAE193F79A7-LeaderElection2
2022-05-09 13:04:01,691 [s4@group-4EAE193F79A7-LeaderElection2] INFO  impl.RoleInfo (RoleInfo.java:updateAndGet(139)) - s4: start s4@group-4EAE193F79A7-FollowerState
2022-05-09 13:04:01,694 [s3@group-4EAE193F79A7-LeaderElection1] INFO  server.RaftServerConfigKeys (ConfUtils.java:logGet(46)) - raft.server.staging.catchup.gap = 1000 (default)
2022-05-09 13:04:01,697 [s3@group-4EAE193F79A7-LeaderElection1] INFO  server.RaftServerConfigKeys (ConfUtils.java:logGet(46)) - raft.server.write.element-limit = 4096 (default)
2022-05-09 13:04:01,698 [s3@group-4EAE193F79A7-LeaderElection1] INFO  server.RaftServerConfigKeys (ConfUtils.java:logGet(46)) - raft.server.write.byte-limit = 64MB (=67108864) (default)
2022-05-09 13:04:01,703 [s3@group-4EAE193F79A7-LeaderElection1] INFO  server.RaftServerConfigKeys (ConfUtils.java:logGet(46)) - raft.server.watch.timeout = 10s (default)
2022-05-09 13:04:01,704 [s3@group-4EAE193F79A7-LeaderElection1] INFO  server.RaftServerConfigKeys (ConfUtils.java:logGet(46)) - raft.server.watch.timeout.denomination = 1s (default)
2022-05-09 13:04:01,704 [s3@group-4EAE193F79A7-LeaderElection1] INFO  server.RaftServerConfigKeys (ConfUtils.java:logGet(46)) - raft.server.watch.element-limit = 65536 (default)
2022-05-09 13:04:01,709 [s3@group-4EAE193F79A7-LeaderElection1] INFO  server.RaftServerConfigKeys (ConfUtils.java:logGet(46)) - raft.server.write.element-limit = 4096 (default)
2022-05-09 13:04:01,712 [s3@group-4EAE193F79A7-LeaderElection1] INFO  server.RaftServerConfigKeys (ConfUtils.java:logGet(46)) - raft.server.write.follower.gap.ratio.max = -1.0 (default)
2022-05-09 13:04:01,725 [s3@group-4EAE193F79A7-LeaderElection1] INFO  server.RaftServerConfigKeys (ConfUtils.java:logGet(46)) - raft.server.log.appender.snapshot.chunk.size.max = 16MB (=16777216) (default)
2022-05-09 13:04:01,725 [s3@group-4EAE193F79A7-LeaderElection1] INFO  server.RaftServerConfigKeys (ConfUtils.java:logGet(46)) - raft.server.log.appender.buffer.byte-limit = 4MB (=4194304) (default)
2022-05-09 13:04:01,726 [s3@group-4EAE193F79A7-LeaderElection1] INFO  server.RaftServerConfigKeys (ConfUtils.java:logGet(46)) - raft.server.log.appender.buffer.element-limit = 0 (default)
2022-05-09 13:04:01,728 [s3@group-4EAE193F79A7-LeaderElection1] INFO  server.RaftServerConfigKeys (ConfUtils.java:logGet(46)) - raft.server.log.appender.snapshot.chunk.size.max = 16MB (=16777216) (default)
2022-05-09 13:04:01,729 [s3@group-4EAE193F79A7-LeaderElection1] INFO  server.RaftServerConfigKeys (ConfUtils.java:logGet(46)) - raft.server.log.appender.buffer.byte-limit = 4MB (=4194304) (default)
2022-05-09 13:04:01,729 [s3@group-4EAE193F79A7-LeaderElection1] INFO  server.RaftServerConfigKeys (ConfUtils.java:logGet(46)) - raft.server.log.appender.buffer.element-limit = 0 (default)
2022-05-09 13:04:01,729 [s3@group-4EAE193F79A7-LeaderElection1] INFO  server.RaftServerConfigKeys (ConfUtils.java:logGet(46)) - raft.server.log.appender.snapshot.chunk.size.max = 16MB (=16777216) (default)
2022-05-09 13:04:01,730 [s3@group-4EAE193F79A7-LeaderElection1] INFO  server.RaftServerConfigKeys (ConfUtils.java:logGet(46)) - raft.server.log.appender.buffer.byte-limit = 4MB (=4194304) (default)
2022-05-09 13:04:01,730 [s3@group-4EAE193F79A7-LeaderElection1] INFO  server.RaftServerConfigKeys (ConfUtils.java:logGet(46)) - raft.server.log.appender.buffer.element-limit = 0 (default)
2022-05-09 13:04:01,730 [s3@group-4EAE193F79A7-LeaderElection1] INFO  server.RaftServerConfigKeys (ConfUtils.java:logGet(46)) - raft.server.log.appender.snapshot.chunk.size.max = 16MB (=16777216) (default)
2022-05-09 13:04:01,731 [s3@group-4EAE193F79A7-LeaderElection1] INFO  server.RaftServerConfigKeys (ConfUtils.java:logGet(46)) - raft.server.log.appender.buffer.byte-limit = 4MB (=4194304) (default)
2022-05-09 13:04:01,731 [s3@group-4EAE193F79A7-LeaderElection1] INFO  server.RaftServerConfigKeys (ConfUtils.java:logGet(46)) - raft.server.log.appender.buffer.element-limit = 0 (default)
2022-05-09 13:04:01,733 [s3@group-4EAE193F79A7-LeaderElection1] INFO  impl.RoleInfo (RoleInfo.java:updateAndGet(139)) - s3: start s3@group-4EAE193F79A7-LeaderStateImpl
2022-05-09 13:04:01,751 [s3@group-4EAE193F79A7-LeaderElection1] INFO  segmented.SegmentedRaftLogWorker (SegmentedRaftLogWorker.java:startLogSegment(425)) - s3@group-4EAE193F79A7-SegmentedRaftLogWorker: Starting segment from index:0
2022-05-09 13:04:01,800 [Thread-21] INFO  server.RaftServer$Division (ServerState.java:setLeader(287)) - s1@group-4EAE193F79A7: change Leader from null to s3 at term 1 for appendEntries, leader elected after 624ms
2022-05-09 13:04:01,802 [s3@group-4EAE193F79A7-LeaderElection1] INFO  server.RaftServer$Division (ServerState.java:setRaftConf(393)) - s3@group-4EAE193F79A7: set configuration 0: [s3|rpc:localhost:46809|admin:localhost:38119|client:localhost:40227|dataStream:localhost:35795|priority:0, s4|rpc:localhost:42721|admin:localhost:40067|client:localhost:36815|dataStream:localhost:33831|priority:0, s0|rpc:localhost:43875|admin:localhost:46477|client:localhost:45301|dataStream:localhost:46673|priority:0, s1|rpc:localhost:43167|admin:localhost:42827|client:localhost:41727|dataStream:localhost:38731|priority:0, s2|rpc:localhost:35037|admin:localhost:40161|client:localhost:40119|dataStream:localhost:37287|priority:0], old=null
2022-05-09 13:04:01,803 [Thread-29] INFO  server.RaftServer$Division (ServerState.java:setLeader(287)) - s2@group-4EAE193F79A7: change Leader from null to s3 at term 1 for appendEntries, leader elected after 620ms
2022-05-09 13:04:01,803 [Thread-14] INFO  server.RaftServer$Division (ServerState.java:setLeader(287)) - s0@group-4EAE193F79A7: change Leader from null to s3 at term 1 for appendEntries, leader elected after 620ms
2022-05-09 13:04:01,809 [Thread-9] INFO  server.RaftServer$Division (ServerState.java:setLeader(287)) - s4@group-4EAE193F79A7: change Leader from null to s3 at term 1 for appendEntries, leader elected after 634ms
2022-05-09 13:04:01,838 [Thread-7] DEBUG server.RaftServer$Division (RaftServerImpl.java:logAppendEntries(1257)) - s4@group-4EAE193F79A7: receive appendEntries(s3, 1, null, -1, true, commits[s3:c-1, s4:c-1, s0:c-1, s1:c-1, s2:c-1], entries: (t:1, i:0), CONFIGURATIONENTRY
2022-05-09 13:04:01,840 [Thread-7] INFO  server.RaftServer$Division (ServerState.java:setRaftConf(393)) - s4@group-4EAE193F79A7: set configuration 0: [s3|rpc:localhost:46809|admin:localhost:38119|client:localhost:40227|dataStream:localhost:35795|priority:0, s4|rpc:localhost:42721|admin:localhost:40067|client:localhost:36815|dataStream:localhost:33831|priority:0, s0|rpc:localhost:43875|admin:localhost:46477|client:localhost:45301|dataStream:localhost:46673|priority:0, s1|rpc:localhost:43167|admin:localhost:42827|client:localhost:41727|dataStream:localhost:38731|priority:0, s2|rpc:localhost:35037|admin:localhost:40161|client:localhost:40119|dataStream:localhost:37287|priority:0], old=null
2022-05-09 13:04:01,840 [Thread-7] INFO  segmented.SegmentedRaftLogWorker (SegmentedRaftLogWorker.java:startLogSegment(425)) - s4@group-4EAE193F79A7-SegmentedRaftLogWorker: Starting segment from index:0
2022-05-09 13:04:01,842 [Thread-30] DEBUG server.RaftServer$Division (RaftServerImpl.java:logAppendEntries(1257)) - s2@group-4EAE193F79A7: receive appendEntries(s3, 1, null, -1, true, commits[s3:c-1, s4:c-1, s0:c-1, s1:c-1, s2:c-1], entries: (t:1, i:0), CONFIGURATIONENTRY
2022-05-09 13:04:01,842 [Thread-30] INFO  server.RaftServer$Division (ServerState.java:setRaftConf(393)) - s2@group-4EAE193F79A7: set configuration 0: [s3|rpc:localhost:46809|admin:localhost:38119|client:localhost:40227|dataStream:localhost:35795|priority:0, s4|rpc:localhost:42721|admin:localhost:40067|client:localhost:36815|dataStream:localhost:33831|priority:0, s0|rpc:localhost:43875|admin:localhost:46477|client:localhost:45301|dataStream:localhost:46673|priority:0, s1|rpc:localhost:43167|admin:localhost:42827|client:localhost:41727|dataStream:localhost:38731|priority:0, s2|rpc:localhost:35037|admin:localhost:40161|client:localhost:40119|dataStream:localhost:37287|priority:0], old=null
2022-05-09 13:04:01,843 [Thread-30] INFO  segmented.SegmentedRaftLogWorker (SegmentedRaftLogWorker.java:startLogSegment(425)) - s2@group-4EAE193F79A7-SegmentedRaftLogWorker: Starting segment from index:0
2022-05-09 13:04:01,844 [Thread-22] DEBUG server.RaftServer$Division (RaftServerImpl.java:logAppendEntries(1257)) - s1@group-4EAE193F79A7: receive appendEntries(s3, 1, null, -1, true, commits[s3:c-1, s4:c-1, s0:c-1, s1:c-1, s2:c-1], entries: (t:1, i:0), CONFIGURATIONENTRY
2022-05-09 13:04:01,844 [Thread-22] INFO  server.RaftServer$Division (ServerState.java:setRaftConf(393)) - s1@group-4EAE193F79A7: set configuration 0: [s3|rpc:localhost:46809|admin:localhost:38119|client:localhost:40227|dataStream:localhost:35795|priority:0, s4|rpc:localhost:42721|admin:localhost:40067|client:localhost:36815|dataStream:localhost:33831|priority:0, s0|rpc:localhost:43875|admin:localhost:46477|client:localhost:45301|dataStream:localhost:46673|priority:0, s1|rpc:localhost:43167|admin:localhost:42827|client:localhost:41727|dataStream:localhost:38731|priority:0, s2|rpc:localhost:35037|admin:localhost:40161|client:localhost:40119|dataStream:localhost:37287|priority:0], old=null
2022-05-09 13:04:01,844 [Thread-22] INFO  segmented.SegmentedRaftLogWorker (SegmentedRaftLogWorker.java:startLogSegment(425)) - s1@group-4EAE193F79A7-SegmentedRaftLogWorker: Starting segment from index:0
2022-05-09 13:04:01,846 [Thread-16] DEBUG server.RaftServer$Division (RaftServerImpl.java:logAppendEntries(1257)) - s0@group-4EAE193F79A7: receive appendEntries(s3, 1, null, -1, true, commits[s3:c-1, s4:c-1, s0:c-1, s1:c-1, s2:c-1], entries: (t:1, i:0), CONFIGURATIONENTRY
2022-05-09 13:04:01,846 [Thread-16] INFO  server.RaftServer$Division (ServerState.java:setRaftConf(393)) - s0@group-4EAE193F79A7: set configuration 0: [s3|rpc:localhost:46809|admin:localhost:38119|client:localhost:40227|dataStream:localhost:35795|priority:0, s4|rpc:localhost:42721|admin:localhost:40067|client:localhost:36815|dataStream:localhost:33831|priority:0, s0|rpc:localhost:43875|admin:localhost:46477|client:localhost:45301|dataStream:localhost:46673|priority:0, s1|rpc:localhost:43167|admin:localhost:42827|client:localhost:41727|dataStream:localhost:38731|priority:0, s2|rpc:localhost:35037|admin:localhost:40161|client:localhost:40119|dataStream:localhost:37287|priority:0], old=null
2022-05-09 13:04:01,846 [Thread-16] INFO  segmented.SegmentedRaftLogWorker (SegmentedRaftLogWorker.java:startLogSegment(425)) - s0@group-4EAE193F79A7-SegmentedRaftLogWorker: Starting segment from index:0
2022-05-09 13:04:01,915 [s0@group-4EAE193F79A7-SegmentedRaftLogWorker] INFO  segmented.SegmentedRaftLogWorker (SegmentedRaftLogWorker.java:execute(629)) - s0@group-4EAE193F79A7-SegmentedRaftLogWorker: created new log segment /home/runner/work/ratis/ratis/ratis-test/target/test/data/274820dd/MiniRaftClusterWithSimulatedRpcbb1ed256/s0/b263a1c4-97ab-490b-9742-4eae193f79a7/current/log_inprogress_0
2022-05-09 13:04:01,915 [s1@group-4EAE193F79A7-SegmentedRaftLogWorker] INFO  segmented.SegmentedRaftLogWorker (SegmentedRaftLogWorker.java:execute(629)) - s1@group-4EAE193F79A7-SegmentedRaftLogWorker: created new log segment /home/runner/work/ratis/ratis/ratis-test/target/test/data/274820dd/MiniRaftClusterWithSimulatedRpcbb1ed256/s1/b263a1c4-97ab-490b-9742-4eae193f79a7/current/log_inprogress_0
2022-05-09 13:04:01,915 [s2@group-4EAE193F79A7-SegmentedRaftLogWorker] INFO  segmented.SegmentedRaftLogWorker (SegmentedRaftLogWorker.java:execute(629)) - s2@group-4EAE193F79A7-SegmentedRaftLogWorker: created new log segment /home/runner/work/ratis/ratis/ratis-test/target/test/data/274820dd/MiniRaftClusterWithSimulatedRpcbb1ed256/s2/b263a1c4-97ab-490b-9742-4eae193f79a7/current/log_inprogress_0
2022-05-09 13:04:01,915 [s4@group-4EAE193F79A7-SegmentedRaftLogWorker] INFO  segmented.SegmentedRaftLogWorker (SegmentedRaftLogWorker.java:execute(629)) - s4@group-4EAE193F79A7-SegmentedRaftLogWorker: created new log segment /home/runner/work/ratis/ratis/ratis-test/target/test/data/274820dd/MiniRaftClusterWithSimulatedRpcbb1ed256/s4/b263a1c4-97ab-490b-9742-4eae193f79a7/current/log_inprogress_0
2022-05-09 13:04:01,919 [s3@group-4EAE193F79A7-SegmentedRaftLogWorker] INFO  segmented.SegmentedRaftLogWorker (SegmentedRaftLogWorker.java:execute(629)) - s3@group-4EAE193F79A7-SegmentedRaftLogWorker: created new log segment /home/runner/work/ratis/ratis/ratis-test/target/test/data/274820dd/MiniRaftClusterWithSimulatedRpcbb1ed256/s3/b263a1c4-97ab-490b-9742-4eae193f79a7/current/log_inprogress_0
2022-05-09 13:04:01,924 [Time-limited test] WARN  ratis.RaftTestUtil (JavaUtils.java:attempt(172)) - FAILED "waitForLeader-null-(expectLeader? true)", attempt #2/100: java.lang.IllegalStateException: Leader: s3@group-4EAE193F79A7 not ready, sleep 450ms and then retry.
java.lang.IllegalStateException: Leader: s3@group-4EAE193F79A7 not ready
	at org.apache.ratis.RaftTestUtil.lambda$waitForLeader$3(RaftTestUtil.java:114)
	at org.apache.ratis.util.JavaUtils.attempt(JavaUtils.java:166)
	at org.apache.ratis.util.JavaUtils.attemptRepeatedly(JavaUtils.java:152)
	at org.apache.ratis.RaftTestUtil.waitForLeader(RaftTestUtil.java:111)
	at org.apache.ratis.RaftTestUtil.waitForLeader(RaftTestUtil.java:92)
	at org.apache.ratis.RaftTestUtil.waitForLeader(RaftTestUtil.java:87)
	at org.apache.ratis.server.impl.LeaderElectionTests.testEnforceLeader(LeaderElectionTests.java:228)
	at sun.reflect.NativeMethodAccessorImpl.invoke0(Native Method)
	at sun.reflect.NativeMethodAccessorImpl.invoke(NativeMethodAccessorImpl.java:62)
	at sun.reflect.DelegatingMethodAccessorImpl.invoke(DelegatingMethodAccessorImpl.java:43)
	at java.lang.reflect.Method.invoke(Method.java:498)
	at org.junit.runners.model.FrameworkMethod$1.runReflectiveCall(FrameworkMethod.java:59)
	at org.junit.internal.runners.model.ReflectiveCallable.run(ReflectiveCallable.java:12)
	at org.junit.runners.model.FrameworkMethod.invokeExplosively(FrameworkMethod.java:56)
	at org.junit.internal.runners.statements.InvokeMethod.evaluate(InvokeMethod.java:17)
	at org.junit.internal.runners.statements.RunAfters.evaluate(RunAfters.java:27)
	at org.junit.internal.runners.statements.FailOnTimeout$CallableStatement.call(FailOnTimeout.java:299)
	at org.junit.internal.runners.statements.FailOnTimeout$CallableStatement.call(FailOnTimeout.java:293)
	at java.util.concurrent.FutureTask.run(FutureTask.java:266)
	at java.lang.Thread.run(Thread.java:750)
2022-05-09 13:04:01,928 [Thread-84] DEBUG server.RaftServer$Division (RaftServerImpl.java:logAppendEntries(1257)) - s0@group-4EAE193F79A7: succeeded to handle AppendEntries. Reply: s3<-s0#5:OK-t1,SUCCESS,nextIndex=1,followerCommit=-1
2022-05-09 13:04:01,935 [Thread-85] DEBUG server.RaftServer$Division (RaftServerImpl.java:logAppendEntries(1257)) - s4@group-4EAE193F79A7: succeeded to handle AppendEntries. Reply: s3<-s4#6:OK-t1,SUCCESS,nextIndex=1,followerCommit=-1
2022-05-09 13:04:01,935 [Thread-83] DEBUG server.RaftServer$Division (RaftServerImpl.java:logAppendEntries(1257)) - s2@group-4EAE193F79A7: succeeded to handle AppendEntries. Reply: s3<-s2#7:OK-t1,SUCCESS,nextIndex=1,followerCommit=-1
2022-05-09 13:04:01,936 [Thread-86] DEBUG server.RaftServer$Division (RaftServerImpl.java:logAppendEntries(1257)) - s1@group-4EAE193F79A7: succeeded to handle AppendEntries. Reply: s3<-s1#4:OK-t1,SUCCESS,nextIndex=1,followerCommit=-1
2022-05-09 13:04:02,375 [Time-limited test] INFO  ratis.RaftTestUtil (RaftTestUtil.java:waitForLeader(119)) - printing ALL groups
  s3:  RUNNING    LEADER s3@group-4EAE193F79A7:t1, leader=s3, voted=s3, raftlog=s3@group-4EAE193F79A7-SegmentedRaftLog:OPENED:c0, conf=0: [s3|rpc:localhost:46809|admin:localhost:38119|client:localhost:40227|dataStream:localhost:35795|priority:0, s4|rpc:localhost:42721|admin:localhost:40067|client:localhost:36815|dataStream:localhost:33831|priority:0, s0|rpc:localhost:43875|admin:localhost:46477|client:localhost:45301|dataStream:localhost:46673|priority:0, s1|rpc:localhost:43167|admin:localhost:42827|client:localhost:41727|dataStream:localhost:38731|priority:0, s2|rpc:localhost:35037|admin:localhost:40161|client:localhost:40119|dataStream:localhost:37287|priority:0], old=null RUNNING
  s4:  RUNNING  FOLLOWER s4@group-4EAE193F79A7:t1, leader=s3, voted=s4, raftlog=s4@group-4EAE193F79A7-SegmentedRaftLog:OPENED:c0, conf=0: [s3|rpc:localhost:46809|admin:localhost:38119|client:localhost:40227|dataStream:localhost:35795|priority:0, s4|rpc:localhost:42721|admin:localhost:40067|client:localhost:36815|dataStream:localhost:33831|priority:0, s0|rpc:localhost:43875|admin:localhost:46477|client:localhost:45301|dataStream:localhost:46673|priority:0, s1|rpc:localhost:43167|admin:localhost:42827|client:localhost:41727|dataStream:localhost:38731|priority:0, s2|rpc:localhost:35037|admin:localhost:40161|client:localhost:40119|dataStream:localhost:37287|priority:0], old=null RUNNING
  s0:  RUNNING  FOLLOWER s0@group-4EAE193F79A7:t1, leader=s3, voted=s3, raftlog=s0@group-4EAE193F79A7-SegmentedRaftLog:OPENED:c0, conf=0: [s3|rpc:localhost:46809|admin:localhost:38119|client:localhost:40227|dataStream:localhost:35795|priority:0, s4|rpc:localhost:42721|admin:localhost:40067|client:localhost:36815|dataStream:localhost:33831|priority:0, s0|rpc:localhost:43875|admin:localhost:46477|client:localhost:45301|dataStream:localhost:46673|priority:0, s1|rpc:localhost:43167|admin:localhost:42827|client:localhost:41727|dataStream:localhost:38731|priority:0, s2|rpc:localhost:35037|admin:localhost:40161|client:localhost:40119|dataStream:localhost:37287|priority:0], old=null RUNNING
  s1:  RUNNING  FOLLOWER s1@group-4EAE193F79A7:t1, leader=s3, voted=s4, raftlog=s1@group-4EAE193F79A7-SegmentedRaftLog:OPENED:c0, conf=0: [s3|rpc:localhost:46809|admin:localhost:38119|client:localhost:40227|dataStream:localhost:35795|priority:0, s4|rpc:localhost:42721|admin:localhost:40067|client:localhost:36815|dataStream:localhost:33831|priority:0, s0|rpc:localhost:43875|admin:localhost:46477|client:localhost:45301|dataStream:localhost:46673|priority:0, s1|rpc:localhost:43167|admin:localhost:42827|client:localhost:41727|dataStream:localhost:38731|priority:0, s2|rpc:localhost:35037|admin:localhost:40161|client:localhost:40119|dataStream:localhost:37287|priority:0], old=null RUNNING
  s2:  RUNNING  FOLLOWER s2@group-4EAE193F79A7:t1, leader=s3, voted=s3, raftlog=s2@group-4EAE193F79A7-SegmentedRaftLog:OPENED:c0, conf=0: [s3|rpc:localhost:46809|admin:localhost:38119|client:localhost:40227|dataStream:localhost:35795|priority:0, s4|rpc:localhost:42721|admin:localhost:40067|client:localhost:36815|dataStream:localhost:33831|priority:0, s0|rpc:localhost:43875|admin:localhost:46477|client:localhost:45301|dataStream:localhost:46673|priority:0, s1|rpc:localhost:43167|admin:localhost:42827|client:localhost:41727|dataStream:localhost:38731|priority:0, s2|rpc:localhost:35037|admin:localhost:40161|client:localhost:40119|dataStream:localhost:37287|priority:0], old=null RUNNING
2022-05-09 13:04:02,376 [Time-limited test] INFO  simulation.TestLeaderElectionWithSimulatedRpc (LeaderElectionTests.java:testEnforceLeader(229)) - firstLeader = s3
2022-05-09 13:04:02,376 [Time-limited test] INFO  simulation.TestLeaderElectionWithSimulatedRpc (LeaderElectionTests.java:testEnforceLeader(234)) - enforce leader to s4
2022-05-09 13:04:02,380 [Time-limited test] INFO  simulation.TestLeaderElectionWithSimulatedRpc (LeaderElectionTests.java:enforceLeader(240)) - printing ALL groups
  s3:  RUNNING    LEADER s3@group-4EAE193F79A7:t1, leader=s3, voted=s3, raftlog=s3@group-4EAE193F79A7-SegmentedRaftLog:OPENED:c0, conf=0: [s3|rpc:localhost:46809|admin:localhost:38119|client:localhost:40227|dataStream:localhost:35795|priority:0, s4|rpc:localhost:42721|admin:localhost:40067|client:localhost:36815|dataStream:localhost:33831|priority:0, s0|rpc:localhost:43875|admin:localhost:46477|client:localhost:45301|dataStream:localhost:46673|priority:0, s1|rpc:localhost:43167|admin:localhost:42827|client:localhost:41727|dataStream:localhost:38731|priority:0, s2|rpc:localhost:35037|admin:localhost:40161|client:localhost:40119|dataStream:localhost:37287|priority:0], old=null RUNNING
  s4:  RUNNING  FOLLOWER s4@group-4EAE193F79A7:t1, leader=s3, voted=s4, raftlog=s4@group-4EAE193F79A7-SegmentedRaftLog:OPENED:c0, conf=0: [s3|rpc:localhost:46809|admin:localhost:38119|client:localhost:40227|dataStream:localhost:35795|priority:0, s4|rpc:localhost:42721|admin:localhost:40067|client:localhost:36815|dataStream:localhost:33831|priority:0, s0|rpc:localhost:43875|admin:localhost:46477|client:localhost:45301|dataStream:localhost:46673|priority:0, s1|rpc:localhost:43167|admin:localhost:42827|client:localhost:41727|dataStream:localhost:38731|priority:0, s2|rpc:localhost:35037|admin:localhost:40161|client:localhost:40119|dataStream:localhost:37287|priority:0], old=null RUNNING
  s0:  RUNNING  FOLLOWER s0@group-4EAE193F79A7:t1, leader=s3, voted=s3, raftlog=s0@group-4EAE193F79A7-SegmentedRaftLog:OPENED:c0, conf=0: [s3|rpc:localhost:46809|admin:localhost:38119|client:localhost:40227|dataStream:localhost:35795|priority:0, s4|rpc:localhost:42721|admin:localhost:40067|client:localhost:36815|dataStream:localhost:33831|priority:0, s0|rpc:localhost:43875|admin:localhost:46477|client:localhost:45301|dataStream:localhost:46673|priority:0, s1|rpc:localhost:43167|admin:localhost:42827|client:localhost:41727|dataStream:localhost:38731|priority:0, s2|rpc:localhost:35037|admin:localhost:40161|client:localhost:40119|dataStream:localhost:37287|priority:0], old=null RUNNING
  s1:  RUNNING  FOLLOWER s1@group-4EAE193F79A7:t1, leader=s3, voted=s4, raftlog=s1@group-4EAE193F79A7-SegmentedRaftLog:OPENED:c0, conf=0: [s3|rpc:localhost:46809|admin:localhost:38119|client:localhost:40227|dataStream:localhost:35795|priority:0, s4|rpc:localhost:42721|admin:localhost:40067|client:localhost:36815|dataStream:localhost:33831|priority:0, s0|rpc:localhost:43875|admin:localhost:46477|client:localhost:45301|dataStream:localhost:46673|priority:0, s1|rpc:localhost:43167|admin:localhost:42827|client:localhost:41727|dataStream:localhost:38731|priority:0, s2|rpc:localhost:35037|admin:localhost:40161|client:localhost:40119|dataStream:localhost:37287|priority:0], old=null RUNNING
  s2:  RUNNING  FOLLOWER s2@group-4EAE193F79A7:t1, leader=s3, voted=s3, raftlog=s2@group-4EAE193F79A7-SegmentedRaftLog:OPENED:c0, conf=0: [s3|rpc:localhost:46809|admin:localhost:38119|client:localhost:40227|dataStream:localhost:35795|priority:0, s4|rpc:localhost:42721|admin:localhost:40067|client:localhost:36815|dataStream:localhost:33831|priority:0, s0|rpc:localhost:43875|admin:localhost:46477|client:localhost:45301|dataStream:localhost:46673|priority:0, s1|rpc:localhost:43167|admin:localhost:42827|client:localhost:41727|dataStream:localhost:38731|priority:0, s2|rpc:localhost:35037|admin:localhost:40161|client:localhost:40119|dataStream:localhost:37287|priority:0], old=null RUNNING
2022-05-09 13:04:02,383 [Time-limited test] INFO  server.RaftServerConfigKeys (ConfUtils.java:logGet(46)) - raft.server.rpc.timeout.max = 300ms (default)
2022-05-09 13:04:02,505 [s0@group-4EAE193F79A7-FollowerState] INFO  impl.FollowerState (FollowerState.java:run(143)) - s0@group-4EAE193F79A7-FollowerState: change to CANDIDATE, lastRpcElapsedTime:205287831ns, electionTimeout:160ms
2022-05-09 13:04:02,505 [s0@group-4EAE193F79A7-FollowerState] INFO  impl.RoleInfo (RoleInfo.java:shutdownFollowerState(110)) - s0: shutdown s0@group-4EAE193F79A7-FollowerState
2022-05-09 13:04:02,506 [s0@group-4EAE193F79A7-FollowerState] INFO  server.RaftServer$Division (RaftServerImpl.java:setRole(298)) - s0@group-4EAE193F79A7: changes role from  FOLLOWER to CANDIDATE at term 1 for changeToCandidate
2022-05-09 13:04:02,506 [s0@group-4EAE193F79A7-FollowerState] INFO  server.RaftServerConfigKeys (ConfUtils.java:logGet(46)) - raft.server.leaderelection.pre-vote = true (default)
2022-05-09 13:04:02,506 [s0@group-4EAE193F79A7-FollowerState] INFO  impl.RoleInfo (RoleInfo.java:updateAndGet(139)) - s0: start s0@group-4EAE193F79A7-LeaderElection3
2022-05-09 13:04:02,507 [s0@group-4EAE193F79A7-LeaderElection3] INFO  server.RaftServer$Division (ServerState.java:setLeader(287)) - s0@group-4EAE193F79A7: change Leader from s3 to null at term 1 for PRE_VOTE
2022-05-09 13:04:02,507 [s0@group-4EAE193F79A7-LeaderElection3] INFO  impl.LeaderElection (LeaderElection.java:askForVotes(310)) - s0@group-4EAE193F79A7-LeaderElection3 PRE_VOTE round 0: submit vote requests at term 1 for 0: [s3|rpc:localhost:46809|admin:localhost:38119|client:localhost:40227|dataStream:localhost:35795|priority:0, s4|rpc:localhost:42721|admin:localhost:40067|client:localhost:36815|dataStream:localhost:33831|priority:0, s0|rpc:localhost:43875|admin:localhost:46477|client:localhost:45301|dataStream:localhost:46673|priority:0, s1|rpc:localhost:43167|admin:localhost:42827|client:localhost:41727|dataStream:localhost:38731|priority:0, s2|rpc:localhost:35037|admin:localhost:40161|client:localhost:40119|dataStream:localhost:37287|priority:0], old=null
2022-05-09 13:04:02,517 [s4@group-4EAE193F79A7-FollowerState] INFO  impl.FollowerState (FollowerState.java:run(143)) - s4@group-4EAE193F79A7-FollowerState: change to CANDIDATE, lastRpcElapsedTime:222677747ns, electionTimeout:151ms
2022-05-09 13:04:02,518 [s4@group-4EAE193F79A7-FollowerState] INFO  impl.RoleInfo (RoleInfo.java:shutdownFollowerState(110)) - s4: shutdown s4@group-4EAE193F79A7-FollowerState
2022-05-09 13:04:02,518 [s4@group-4EAE193F79A7-FollowerState] INFO  server.RaftServer$Division (RaftServerImpl.java:setRole(298)) - s4@group-4EAE193F79A7: changes role from  FOLLOWER to CANDIDATE at term 1 for changeToCandidate
2022-05-09 13:04:02,518 [s4@group-4EAE193F79A7-FollowerState] INFO  server.RaftServerConfigKeys (ConfUtils.java:logGet(46)) - raft.server.leaderelection.pre-vote = true (default)
2022-05-09 13:04:02,518 [s4@group-4EAE193F79A7-FollowerState] INFO  impl.RoleInfo (RoleInfo.java:updateAndGet(139)) - s4: start s4@group-4EAE193F79A7-LeaderElection4
2022-05-09 13:04:02,518 [s4@group-4EAE193F79A7-LeaderElection4] INFO  server.RaftServer$Division (ServerState.java:setLeader(287)) - s4@group-4EAE193F79A7: change Leader from s3 to null at term 1 for PRE_VOTE
2022-05-09 13:04:02,518 [s4@group-4EAE193F79A7-LeaderElection4] INFO  impl.LeaderElection (LeaderElection.java:askForVotes(310)) - s4@group-4EAE193F79A7-LeaderElection4 PRE_VOTE round 0: submit vote requests at term 1 for 0: [s3|rpc:localhost:46809|admin:localhost:38119|client:localhost:40227|dataStream:localhost:35795|priority:0, s4|rpc:localhost:42721|admin:localhost:40067|client:localhost:36815|dataStream:localhost:33831|priority:0, s0|rpc:localhost:43875|admin:localhost:46477|client:localhost:45301|dataStream:localhost:46673|priority:0, s1|rpc:localhost:43167|admin:localhost:42827|client:localhost:41727|dataStream:localhost:38731|priority:0, s2|rpc:localhost:35037|admin:localhost:40161|client:localhost:40119|dataStream:localhost:37287|priority:0], old=null
2022-05-09 13:04:02,545 [Thread-14] INFO  server.RaftServer$Division (RaftServerImpl.java:setRole(298)) - s0@group-4EAE193F79A7: changes role from CANDIDATE to FOLLOWER at term 1 for appendEntries
2022-05-09 13:04:02,545 [Thread-14] INFO  impl.RoleInfo (RoleInfo.java:shutdownLeaderElection(130)) - s0: shutdown s0@group-4EAE193F79A7-LeaderElection3
2022-05-09 13:04:02,545 [Thread-14] INFO  impl.RoleInfo (RoleInfo.java:updateAndGet(139)) - s0: start s0@group-4EAE193F79A7-FollowerState
2022-05-09 13:04:02,545 [Thread-14] INFO  server.RaftServer$Division (ServerState.java:setLeader(287)) - s0@group-4EAE193F79A7: change Leader from null to s3 at term 1 for appendEntries, leader elected after 38ms
2022-05-09 13:04:02,659 [Thread-22] INFO  server.RaftServer$Division (RaftServerImpl.java:requestVote(1151)) - s1@group-4EAE193F79A7: receive requestVote(PRE_VOTE, s0, group-4EAE193F79A7, 1, (t:1, i:0))
2022-05-09 13:04:02,660 [Thread-30] INFO  server.RaftServer$Division (RaftServerImpl.java:requestVote(1151)) - s2@group-4EAE193F79A7: receive requestVote(PRE_VOTE, s0, group-4EAE193F79A7, 1, (t:1, i:0))
2022-05-09 13:04:02,659 [Thread-1] INFO  server.RaftServer$Division (RaftServerImpl.java:requestVote(1151)) - s3@group-4EAE193F79A7: receive requestVote(PRE_VOTE, s0, group-4EAE193F79A7, 1, (t:1, i:0))
2022-05-09 13:04:02,661 [Thread-30] INFO  impl.VoteContext (VoteContext.java:log(48)) - s2@group-4EAE193F79A7-FOLLOWER: reject PRE_VOTE from s0: this server is a follower and still has a valid leader s3
2022-05-09 13:04:02,661 [Thread-1] INFO  impl.VoteContext (VoteContext.java:log(48)) - s3@group-4EAE193F79A7-LEADER: reject PRE_VOTE from s0: this server is the leader and still has leadership
2022-05-09 13:04:02,662 [Thread-22] INFO  impl.VoteContext (VoteContext.java:log(48)) - s1@group-4EAE193F79A7-FOLLOWER: reject PRE_VOTE from s0: this server is a follower and still has a valid leader s3
2022-05-09 13:04:02,662 [Thread-22] INFO  server.RaftServer$Division (RaftServerImpl.java:requestVote(1183)) - s1@group-4EAE193F79A7 replies to PRE_VOTE vote request: s0<-s1#0:FAIL-t1. Peer's state: s1@group-4EAE193F79A7:t1, leader=s3, voted=s4, raftlog=s1@group-4EAE193F79A7-SegmentedRaftLog:OPENED:c0, conf=0: [s3|rpc:localhost:46809|admin:localhost:38119|client:localhost:40227|dataStream:localhost:35795|priority:0, s4|rpc:localhost:42721|admin:localhost:40067|client:localhost:36815|dataStream:localhost:33831|priority:0, s0|rpc:localhost:43875|admin:localhost:46477|client:localhost:45301|dataStream:localhost:46673|priority:0, s1|rpc:localhost:43167|admin:localhost:42827|client:localhost:41727|dataStream:localhost:38731|priority:0, s2|rpc:localhost:35037|admin:localhost:40161|client:localhost:40119|dataStream:localhost:37287|priority:0], old=null
2022-05-09 13:04:02,661 [Thread-30] INFO  server.RaftServer$Division (RaftServerImpl.java:requestVote(1183)) - s2@group-4EAE193F79A7 replies to PRE_VOTE vote request: s0<-s2#0:FAIL-t1. Peer's state: s2@group-4EAE193F79A7:t1, leader=s3, voted=s3, raftlog=s2@group-4EAE193F79A7-SegmentedRaftLog:OPENED:c0, conf=0: [s3|rpc:localhost:46809|admin:localhost:38119|client:localhost:40227|dataStream:localhost:35795|priority:0, s4|rpc:localhost:42721|admin:localhost:40067|client:localhost:36815|dataStream:localhost:33831|priority:0, s0|rpc:localhost:43875|admin:localhost:46477|client:localhost:45301|dataStream:localhost:46673|priority:0, s1|rpc:localhost:43167|admin:localhost:42827|client:localhost:41727|dataStream:localhost:38731|priority:0, s2|rpc:localhost:35037|admin:localhost:40161|client:localhost:40119|dataStream:localhost:37287|priority:0], old=null
2022-05-09 13:04:02,662 [Thread-1] INFO  server.RaftServer$Division (RaftServerImpl.java:requestVote(1183)) - s3@group-4EAE193F79A7 replies to PRE_VOTE vote request: s0<-s3#0:FAIL-t1. Peer's state: s3@group-4EAE193F79A7:t1, leader=s3, voted=s3, raftlog=s3@group-4EAE193F79A7-SegmentedRaftLog:OPENED:c0, conf=0: [s3|rpc:localhost:46809|admin:localhost:38119|client:localhost:40227|dataStream:localhost:35795|priority:0, s4|rpc:localhost:42721|admin:localhost:40067|client:localhost:36815|dataStream:localhost:33831|priority:0, s0|rpc:localhost:43875|admin:localhost:46477|client:localhost:45301|dataStream:localhost:46673|priority:0, s1|rpc:localhost:43167|admin:localhost:42827|client:localhost:41727|dataStream:localhost:38731|priority:0, s2|rpc:localhost:35037|admin:localhost:40161|client:localhost:40119|dataStream:localhost:37287|priority:0], old=null
2022-05-09 13:04:02,669 [Thread-2] INFO  server.RaftServer$Division (RaftServerImpl.java:requestVote(1151)) - s3@group-4EAE193F79A7: receive requestVote(PRE_VOTE, s4, group-4EAE193F79A7, 1, (t:1, i:0))
2022-05-09 13:04:02,670 [Thread-2] INFO  impl.VoteContext (VoteContext.java:log(48)) - s3@group-4EAE193F79A7-LEADER: reject PRE_VOTE from s4: this server is the leader and still has leadership
2022-05-09 13:04:02,670 [Thread-2] INFO  server.RaftServer$Division (RaftServerImpl.java:requestVote(1183)) - s3@group-4EAE193F79A7 replies to PRE_VOTE vote request: s4<-s3#0:FAIL-t1. Peer's state: s3@group-4EAE193F79A7:t1, leader=s3, voted=s3, raftlog=s3@group-4EAE193F79A7-SegmentedRaftLog:OPENED:c0, conf=0: [s3|rpc:localhost:46809|admin:localhost:38119|client:localhost:40227|dataStream:localhost:35795|priority:0, s4|rpc:localhost:42721|admin:localhost:40067|client:localhost:36815|dataStream:localhost:33831|priority:0, s0|rpc:localhost:43875|admin:localhost:46477|client:localhost:45301|dataStream:localhost:46673|priority:0, s1|rpc:localhost:43167|admin:localhost:42827|client:localhost:41727|dataStream:localhost:38731|priority:0, s2|rpc:localhost:35037|admin:localhost:40161|client:localhost:40119|dataStream:localhost:37287|priority:0], old=null
2022-05-09 13:04:02,670 [Thread-16] INFO  server.RaftServer$Division (RaftServerImpl.java:requestVote(1151)) - s0@group-4EAE193F79A7: receive requestVote(PRE_VOTE, s4, group-4EAE193F79A7, 1, (t:1, i:0))
2022-05-09 13:04:02,670 [Thread-16] INFO  impl.VoteContext (VoteContext.java:log(48)) - s0@group-4EAE193F79A7-FOLLOWER: reject PRE_VOTE from s4: this server is a follower and still has a valid leader s3
2022-05-09 13:04:02,670 [Thread-16] INFO  server.RaftServer$Division (RaftServerImpl.java:requestVote(1183)) - s0@group-4EAE193F79A7 replies to PRE_VOTE vote request: s4<-s0#0:FAIL-t1. Peer's state: s0@group-4EAE193F79A7:t1, leader=s3, voted=s3, raftlog=s0@group-4EAE193F79A7-SegmentedRaftLog:OPENED:c0, conf=0: [s3|rpc:localhost:46809|admin:localhost:38119|client:localhost:40227|dataStream:localhost:35795|priority:0, s4|rpc:localhost:42721|admin:localhost:40067|client:localhost:36815|dataStream:localhost:33831|priority:0, s0|rpc:localhost:43875|admin:localhost:46477|client:localhost:45301|dataStream:localhost:46673|priority:0, s1|rpc:localhost:43167|admin:localhost:42827|client:localhost:41727|dataStream:localhost:38731|priority:0, s2|rpc:localhost:35037|admin:localhost:40161|client:localhost:40119|dataStream:localhost:37287|priority:0], old=null
2022-05-09 13:04:02,670 [Thread-28] INFO  server.RaftServer$Division (RaftServerImpl.java:requestVote(1151)) - s2@group-4EAE193F79A7: receive requestVote(PRE_VOTE, s4, group-4EAE193F79A7, 1, (t:1, i:0))
2022-05-09 13:04:02,670 [Thread-28] INFO  impl.VoteContext (VoteContext.java:log(48)) - s2@group-4EAE193F79A7-FOLLOWER: reject PRE_VOTE from s4: this server is a follower and still has a valid leader s3
2022-05-09 13:04:02,670 [Thread-28] INFO  server.RaftServer$Division (RaftServerImpl.java:requestVote(1183)) - s2@group-4EAE193F79A7 replies to PRE_VOTE vote request: s4<-s2#0:FAIL-t1. Peer's state: s2@group-4EAE193F79A7:t1, leader=s3, voted=s3, raftlog=s2@group-4EAE193F79A7-SegmentedRaftLog:OPENED:c0, conf=0: [s3|rpc:localhost:46809|admin:localhost:38119|client:localhost:40227|dataStream:localhost:35795|priority:0, s4|rpc:localhost:42721|admin:localhost:40067|client:localhost:36815|dataStream:localhost:33831|priority:0, s0|rpc:localhost:43875|admin:localhost:46477|client:localhost:45301|dataStream:localhost:46673|priority:0, s1|rpc:localhost:43167|admin:localhost:42827|client:localhost:41727|dataStream:localhost:38731|priority:0, s2|rpc:localhost:35037|admin:localhost:40161|client:localhost:40119|dataStream:localhost:37287|priority:0], old=null
2022-05-09 13:04:02,669 [Thread-23] INFO  server.RaftServer$Division (RaftServerImpl.java:requestVote(1151)) - s1@group-4EAE193F79A7: receive requestVote(PRE_VOTE, s4, group-4EAE193F79A7, 1, (t:1, i:0))
2022-05-09 13:04:02,670 [Thread-23] INFO  impl.VoteContext (VoteContext.java:log(48)) - s1@group-4EAE193F79A7-FOLLOWER: reject PRE_VOTE from s4: this server is a follower and still has a valid leader s3
2022-05-09 13:04:02,671 [Thread-23] INFO  server.RaftServer$Division (RaftServerImpl.java:requestVote(1183)) - s1@group-4EAE193F79A7 replies to PRE_VOTE vote request: s4<-s1#0:FAIL-t1. Peer's state: s1@group-4EAE193F79A7:t1, leader=s3, voted=s4, raftlog=s1@group-4EAE193F79A7-SegmentedRaftLog:OPENED:c0, conf=0: [s3|rpc:localhost:46809|admin:localhost:38119|client:localhost:40227|dataStream:localhost:35795|priority:0, s4|rpc:localhost:42721|admin:localhost:40067|client:localhost:36815|dataStream:localhost:33831|priority:0, s0|rpc:localhost:43875|admin:localhost:46477|client:localhost:45301|dataStream:localhost:46673|priority:0, s1|rpc:localhost:43167|admin:localhost:42827|client:localhost:41727|dataStream:localhost:38731|priority:0, s2|rpc:localhost:35037|admin:localhost:40161|client:localhost:40119|dataStream:localhost:37287|priority:0], old=null
2022-05-09 13:04:02,676 [s0@group-4EAE193F79A7-LeaderElection3] INFO  impl.LeaderElection (LeaderElection.java:logAndReturn(90)) - s0@group-4EAE193F79A7-LeaderElection3: PRE_VOTE REJECTED received 1 response(s) and 0 exception(s):
2022-05-09 13:04:02,676 [s0@group-4EAE193F79A7-LeaderElection3] INFO  impl.LeaderElection (LeaderElection.java:logAndReturn(94)) -   Response 0: s0<-s2#0:FAIL-t1
2022-05-09 13:04:02,676 [s0@group-4EAE193F79A7-LeaderElection3] INFO  impl.LeaderElection (LeaderElection.java:askForVotes(312)) - s0@group-4EAE193F79A7-LeaderElection3 PRE_VOTE round 0: result REJECTED
2022-05-09 13:04:02,683 [s4@group-4EAE193F79A7-LeaderElection4] INFO  impl.LeaderElection (LeaderElection.java:logAndReturn(90)) - s4@group-4EAE193F79A7-LeaderElection4: PRE_VOTE REJECTED received 3 response(s) and 0 exception(s):
2022-05-09 13:04:02,683 [s4@group-4EAE193F79A7-LeaderElection4] INFO  impl.LeaderElection (LeaderElection.java:logAndReturn(94)) -   Response 0: s4<-s0#0:FAIL-t1
2022-05-09 13:04:02,683 [s4@group-4EAE193F79A7-LeaderElection4] INFO  impl.LeaderElection (LeaderElection.java:logAndReturn(94)) -   Response 1: s4<-s1#0:FAIL-t1
2022-05-09 13:04:02,683 [s4@group-4EAE193F79A7-LeaderElection4] INFO  impl.LeaderElection (LeaderElection.java:logAndReturn(94)) -   Response 2: s4<-s2#0:FAIL-t1
2022-05-09 13:04:02,683 [s4@group-4EAE193F79A7-LeaderElection4] INFO  impl.LeaderElection (LeaderElection.java:askForVotes(312)) - s4@group-4EAE193F79A7-LeaderElection4 PRE_VOTE round 0: result REJECTED
2022-05-09 13:04:02,683 [s4@group-4EAE193F79A7-LeaderElection4] INFO  server.RaftServer$Division (RaftServerImpl.java:setRole(298)) - s4@group-4EAE193F79A7: changes role from CANDIDATE to FOLLOWER at term 1 for REJECTED
2022-05-09 13:04:02,683 [s4@group-4EAE193F79A7-LeaderElection4] INFO  impl.RoleInfo (RoleInfo.java:shutdownLeaderElection(130)) - s4: shutdown s4@group-4EAE193F79A7-LeaderElection4
2022-05-09 13:04:02,683 [s4@group-4EAE193F79A7-LeaderElection4] INFO  impl.RoleInfo (RoleInfo.java:updateAndGet(139)) - s4: start s4@group-4EAE193F79A7-FollowerState
2022-05-09 13:04:02,728 [s2@group-4EAE193F79A7-FollowerState] INFO  impl.FollowerState (FollowerState.java:run(143)) - s2@group-4EAE193F79A7-FollowerState: change to CANDIDATE, lastRpcElapsedTime:186790432ns, electionTimeout:154ms
2022-05-09 13:04:02,729 [s2@group-4EAE193F79A7-FollowerState] INFO  impl.RoleInfo (RoleInfo.java:shutdownFollowerState(110)) - s2: shutdown s2@group-4EAE193F79A7-FollowerState
2022-05-09 13:04:02,729 [s2@group-4EAE193F79A7-FollowerState] INFO  server.RaftServer$Division (RaftServerImpl.java:setRole(298)) - s2@group-4EAE193F79A7: changes role from  FOLLOWER to CANDIDATE at term 1 for changeToCandidate
2022-05-09 13:04:02,729 [s2@group-4EAE193F79A7-FollowerState] INFO  server.RaftServerConfigKeys (ConfUtils.java:logGet(46)) - raft.server.leaderelection.pre-vote = true (default)
2022-05-09 13:04:02,730 [s2@group-4EAE193F79A7-FollowerState] INFO  impl.RoleInfo (RoleInfo.java:updateAndGet(139)) - s2: start s2@group-4EAE193F79A7-LeaderElection5
2022-05-09 13:04:02,730 [s2@group-4EAE193F79A7-LeaderElection5] INFO  server.RaftServer$Division (ServerState.java:setLeader(287)) - s2@group-4EAE193F79A7: change Leader from s3 to null at term 1 for PRE_VOTE
2022-05-09 13:04:02,731 [s2@group-4EAE193F79A7-LeaderElection5] INFO  impl.LeaderElection (LeaderElection.java:askForVotes(310)) - s2@group-4EAE193F79A7-LeaderElection5 PRE_VOTE round 0: submit vote requests at term 1 for 0: [s3|rpc:localhost:46809|admin:localhost:38119|client:localhost:40227|dataStream:localhost:35795|priority:0, s4|rpc:localhost:42721|admin:localhost:40067|client:localhost:36815|dataStream:localhost:33831|priority:0, s0|rpc:localhost:43875|admin:localhost:46477|client:localhost:45301|dataStream:localhost:46673|priority:0, s1|rpc:localhost:43167|admin:localhost:42827|client:localhost:41727|dataStream:localhost:38731|priority:0, s2|rpc:localhost:35037|admin:localhost:40161|client:localhost:40119|dataStream:localhost:37287|priority:0], old=null
2022-05-09 13:04:02,782 [Thread-29] INFO  server.RaftServer$Division (RaftServerImpl.java:setRole(298)) - s2@group-4EAE193F79A7: changes role from CANDIDATE to FOLLOWER at term 1 for appendEntries
2022-05-09 13:04:02,782 [Thread-29] INFO  impl.RoleInfo (RoleInfo.java:shutdownLeaderElection(130)) - s2: shutdown s2@group-4EAE193F79A7-LeaderElection5
2022-05-09 13:04:02,782 [Thread-29] INFO  impl.RoleInfo (RoleInfo.java:updateAndGet(139)) - s2: start s2@group-4EAE193F79A7-FollowerState
2022-05-09 13:04:02,783 [Thread-29] INFO  server.RaftServer$Division (ServerState.java:setLeader(287)) - s2@group-4EAE193F79A7: change Leader from null to s3 at term 1 for appendEntries, leader elected after 52ms
2022-05-09 13:04:02,833 [Time-limited test] INFO  server.RaftServerConfigKeys (ConfUtils.java:logGet(46)) - raft.server.rpc.timeout.max = 300ms (default)
2022-05-09 13:04:02,884 [Thread-0] INFO  server.RaftServer$Division (RaftServerImpl.java:requestVote(1151)) - s3@group-4EAE193F79A7: receive requestVote(PRE_VOTE, s2, group-4EAE193F79A7, 1, (t:1, i:0))
2022-05-09 13:04:02,885 [Thread-0] INFO  impl.VoteContext (VoteContext.java:log(48)) - s3@group-4EAE193F79A7-LEADER: reject PRE_VOTE from s2: this server is the leader and still has leadership
2022-05-09 13:04:02,885 [Thread-0] INFO  server.RaftServer$Division (RaftServerImpl.java:requestVote(1183)) - s3@group-4EAE193F79A7 replies to PRE_VOTE vote request: s2<-s3#0:FAIL-t1. Peer's state: s3@group-4EAE193F79A7:t1, leader=s3, voted=s3, raftlog=s3@group-4EAE193F79A7-SegmentedRaftLog:OPENED:c0, conf=0: [s3|rpc:localhost:46809|admin:localhost:38119|client:localhost:40227|dataStream:localhost:35795|priority:0, s4|rpc:localhost:42721|admin:localhost:40067|client:localhost:36815|dataStream:localhost:33831|priority:0, s0|rpc:localhost:43875|admin:localhost:46477|client:localhost:45301|dataStream:localhost:46673|priority:0, s1|rpc:localhost:43167|admin:localhost:42827|client:localhost:41727|dataStream:localhost:38731|priority:0, s2|rpc:localhost:35037|admin:localhost:40161|client:localhost:40119|dataStream:localhost:37287|priority:0], old=null
2022-05-09 13:04:02,887 [Thread-14] INFO  server.RaftServer$Division (RaftServerImpl.java:requestVote(1151)) - s0@group-4EAE193F79A7: receive requestVote(PRE_VOTE, s2, group-4EAE193F79A7, 1, (t:1, i:0))
2022-05-09 13:04:02,888 [Thread-14] INFO  impl.VoteContext (VoteContext.java:log(48)) - s0@group-4EAE193F79A7-FOLLOWER: reject PRE_VOTE from s2: this server is a follower and still has a valid leader s3
2022-05-09 13:04:02,888 [Thread-22] INFO  server.RaftServer$Division (RaftServerImpl.java:requestVote(1151)) - s1@group-4EAE193F79A7: receive requestVote(PRE_VOTE, s2, group-4EAE193F79A7, 1, (t:1, i:0))
2022-05-09 13:04:02,888 [Thread-22] INFO  impl.VoteContext (VoteContext.java:log(48)) - s1@group-4EAE193F79A7-FOLLOWER: reject PRE_VOTE from s2: this server is a follower and still has a valid leader s3
2022-05-09 13:04:02,888 [Thread-14] INFO  server.RaftServer$Division (RaftServerImpl.java:requestVote(1183)) - s0@group-4EAE193F79A7 replies to PRE_VOTE vote request: s2<-s0#0:FAIL-t1. Peer's state: s0@group-4EAE193F79A7:t1, leader=s3, voted=s3, raftlog=s0@group-4EAE193F79A7-SegmentedRaftLog:OPENED:c0, conf=0: [s3|rpc:localhost:46809|admin:localhost:38119|client:localhost:40227|dataStream:localhost:35795|priority:0, s4|rpc:localhost:42721|admin:localhost:40067|client:localhost:36815|dataStream:localhost:33831|priority:0, s0|rpc:localhost:43875|admin:localhost:46477|client:localhost:45301|dataStream:localhost:46673|priority:0, s1|rpc:localhost:43167|admin:localhost:42827|client:localhost:41727|dataStream:localhost:38731|priority:0, s2|rpc:localhost:35037|admin:localhost:40161|client:localhost:40119|dataStream:localhost:37287|priority:0], old=null
2022-05-09 13:04:02,888 [Thread-22] INFO  server.RaftServer$Division (RaftServerImpl.java:requestVote(1183)) - s1@group-4EAE193F79A7 replies to PRE_VOTE vote request: s2<-s1#0:FAIL-t1. Peer's state: s1@group-4EAE193F79A7:t1, leader=s3, voted=s4, raftlog=s1@group-4EAE193F79A7-SegmentedRaftLog:OPENED:c0, conf=0: [s3|rpc:localhost:46809|admin:localhost:38119|client:localhost:40227|dataStream:localhost:35795|priority:0, s4|rpc:localhost:42721|admin:localhost:40067|client:localhost:36815|dataStream:localhost:33831|priority:0, s0|rpc:localhost:43875|admin:localhost:46477|client:localhost:45301|dataStream:localhost:46673|priority:0, s1|rpc:localhost:43167|admin:localhost:42827|client:localhost:41727|dataStream:localhost:38731|priority:0, s2|rpc:localhost:35037|admin:localhost:40161|client:localhost:40119|dataStream:localhost:37287|priority:0], old=null
2022-05-09 13:04:02,890 [s2@group-4EAE193F79A7-LeaderElection5] INFO  impl.LeaderElection (LeaderElection.java:logAndReturn(90)) - s2@group-4EAE193F79A7-LeaderElection5: PRE_VOTE REJECTED received 0 response(s) and 0 exception(s):
2022-05-09 13:04:02,890 [s2@group-4EAE193F79A7-LeaderElection5] INFO  impl.LeaderElection (LeaderElection.java:askForVotes(312)) - s2@group-4EAE193F79A7-LeaderElection5 PRE_VOTE round 0: result REJECTED
2022-05-09 13:04:02,948 [s4@group-4EAE193F79A7-FollowerState] INFO  impl.FollowerState (FollowerState.java:run(143)) - s4@group-4EAE193F79A7-FollowerState: change to CANDIDATE, lastRpcElapsedTime:264768931ns, electionTimeout:264ms
2022-05-09 13:04:02,948 [s4@group-4EAE193F79A7-FollowerState] INFO  impl.RoleInfo (RoleInfo.java:shutdownFollowerState(110)) - s4: shutdown s4@group-4EAE193F79A7-FollowerState
2022-05-09 13:04:02,948 [s4@group-4EAE193F79A7-FollowerState] INFO  server.RaftServer$Division (RaftServerImpl.java:setRole(298)) - s4@group-4EAE193F79A7: changes role from  FOLLOWER to CANDIDATE at term 1 for changeToCandidate
2022-05-09 13:04:02,949 [s4@group-4EAE193F79A7-FollowerState] INFO  server.RaftServerConfigKeys (ConfUtils.java:logGet(46)) - raft.server.leaderelection.pre-vote = true (default)
2022-05-09 13:04:02,949 [s4@group-4EAE193F79A7-FollowerState] INFO  impl.RoleInfo (RoleInfo.java:updateAndGet(139)) - s4: start s4@group-4EAE193F79A7-LeaderElection6
2022-05-09 13:04:02,949 [s4@group-4EAE193F79A7-LeaderElection6] INFO  impl.LeaderElection (LeaderElection.java:askForVotes(310)) - s4@group-4EAE193F79A7-LeaderElection6 PRE_VOTE round 0: submit vote requests at term 1 for 0: [s3|rpc:localhost:46809|admin:localhost:38119|client:localhost:40227|dataStream:localhost:35795|priority:0, s4|rpc:localhost:42721|admin:localhost:40067|client:localhost:36815|dataStream:localhost:33831|priority:0, s0|rpc:localhost:43875|admin:localhost:46477|client:localhost:45301|dataStream:localhost:46673|priority:0, s1|rpc:localhost:43167|admin:localhost:42827|client:localhost:41727|dataStream:localhost:38731|priority:0, s2|rpc:localhost:35037|admin:localhost:40161|client:localhost:40119|dataStream:localhost:37287|priority:0], old=null
2022-05-09 13:04:02,950 [Thread-1] INFO  server.RaftServer$Division (RaftServerImpl.java:requestVote(1151)) - s3@group-4EAE193F79A7: receive requestVote(PRE_VOTE, s4, group-4EAE193F79A7, 1, (t:1, i:0))
2022-05-09 13:04:02,951 [Thread-1] INFO  impl.VoteContext (VoteContext.java:log(48)) - s3@group-4EAE193F79A7-LEADER: reject PRE_VOTE from s4: this server is the leader and still has leadership
2022-05-09 13:04:02,951 [Thread-1] INFO  server.RaftServer$Division (RaftServerImpl.java:requestVote(1183)) - s3@group-4EAE193F79A7 replies to PRE_VOTE vote request: s4<-s3#0:FAIL-t1. Peer's state: s3@group-4EAE193F79A7:t1, leader=s3, voted=s3, raftlog=s3@group-4EAE193F79A7-SegmentedRaftLog:OPENED:c0, conf=0: [s3|rpc:localhost:46809|admin:localhost:38119|client:localhost:40227|dataStream:localhost:35795|priority:0, s4|rpc:localhost:42721|admin:localhost:40067|client:localhost:36815|dataStream:localhost:33831|priority:0, s0|rpc:localhost:43875|admin:localhost:46477|client:localhost:45301|dataStream:localhost:46673|priority:0, s1|rpc:localhost:43167|admin:localhost:42827|client:localhost:41727|dataStream:localhost:38731|priority:0, s2|rpc:localhost:35037|admin:localhost:40161|client:localhost:40119|dataStream:localhost:37287|priority:0], old=null
2022-05-09 13:04:02,952 [Thread-15] INFO  server.RaftServer$Division (RaftServerImpl.java:requestVote(1151)) - s0@group-4EAE193F79A7: receive requestVote(PRE_VOTE, s4, group-4EAE193F79A7, 1, (t:1, i:0))
2022-05-09 13:04:02,952 [Thread-21] INFO  server.RaftServer$Division (RaftServerImpl.java:requestVote(1151)) - s1@group-4EAE193F79A7: receive requestVote(PRE_VOTE, s4, group-4EAE193F79A7, 1, (t:1, i:0))
2022-05-09 13:04:02,952 [Thread-15] INFO  impl.VoteContext (VoteContext.java:log(48)) - s0@group-4EAE193F79A7-FOLLOWER: reject PRE_VOTE from s4: this server is a follower and still has a valid leader s3
2022-05-09 13:04:02,952 [Thread-21] INFO  impl.VoteContext (VoteContext.java:log(48)) - s1@group-4EAE193F79A7-FOLLOWER: reject PRE_VOTE from s4: this server is a follower and still has a valid leader s3
2022-05-09 13:04:02,953 [Thread-21] INFO  server.RaftServer$Division (RaftServerImpl.java:requestVote(1183)) - s1@group-4EAE193F79A7 replies to PRE_VOTE vote request: s4<-s1#0:FAIL-t1. Peer's state: s1@group-4EAE193F79A7:t1, leader=s3, voted=s4, raftlog=s1@group-4EAE193F79A7-SegmentedRaftLog:OPENED:c0, conf=0: [s3|rpc:localhost:46809|admin:localhost:38119|client:localhost:40227|dataStream:localhost:35795|priority:0, s4|rpc:localhost:42721|admin:localhost:40067|client:localhost:36815|dataStream:localhost:33831|priority:0, s0|rpc:localhost:43875|admin:localhost:46477|client:localhost:45301|dataStream:localhost:46673|priority:0, s1|rpc:localhost:43167|admin:localhost:42827|client:localhost:41727|dataStream:localhost:38731|priority:0, s2|rpc:localhost:35037|admin:localhost:40161|client:localhost:40119|dataStream:localhost:37287|priority:0], old=null
2022-05-09 13:04:02,952 [Thread-15] INFO  server.RaftServer$Division (RaftServerImpl.java:requestVote(1183)) - s0@group-4EAE193F79A7 replies to PRE_VOTE vote request: s4<-s0#0:FAIL-t1. Peer's state: s0@group-4EAE193F79A7:t1, leader=s3, voted=s3, raftlog=s0@group-4EAE193F79A7-SegmentedRaftLog:OPENED:c0, conf=0: [s3|rpc:localhost:46809|admin:localhost:38119|client:localhost:40227|dataStream:localhost:35795|priority:0, s4|rpc:localhost:42721|admin:localhost:40067|client:localhost:36815|dataStream:localhost:33831|priority:0, s0|rpc:localhost:43875|admin:localhost:46477|client:localhost:45301|dataStream:localhost:46673|priority:0, s1|rpc:localhost:43167|admin:localhost:42827|client:localhost:41727|dataStream:localhost:38731|priority:0, s2|rpc:localhost:35037|admin:localhost:40161|client:localhost:40119|dataStream:localhost:37287|priority:0], old=null
2022-05-09 13:04:02,953 [Thread-28] INFO  server.RaftServer$Division (RaftServerImpl.java:requestVote(1151)) - s2@group-4EAE193F79A7: receive requestVote(PRE_VOTE, s4, group-4EAE193F79A7, 1, (t:1, i:0))
2022-05-09 13:04:02,953 [Thread-28] INFO  impl.VoteContext (VoteContext.java:log(48)) - s2@group-4EAE193F79A7-FOLLOWER: reject PRE_VOTE from s4: this server is a follower and still has a valid leader s3
2022-05-09 13:04:02,953 [Thread-28] INFO  server.RaftServer$Division (RaftServerImpl.java:requestVote(1183)) - s2@group-4EAE193F79A7 replies to PRE_VOTE vote request: s4<-s2#0:FAIL-t1. Peer's state: s2@group-4EAE193F79A7:t1, leader=s3, voted=s3, raftlog=s2@group-4EAE193F79A7-SegmentedRaftLog:OPENED:c0, conf=0: [s3|rpc:localhost:46809|admin:localhost:38119|client:localhost:40227|dataStream:localhost:35795|priority:0, s4|rpc:localhost:42721|admin:localhost:40067|client:localhost:36815|dataStream:localhost:33831|priority:0, s0|rpc:localhost:43875|admin:localhost:46477|client:localhost:45301|dataStream:localhost:46673|priority:0, s1|rpc:localhost:43167|admin:localhost:42827|client:localhost:41727|dataStream:localhost:38731|priority:0, s2|rpc:localhost:35037|admin:localhost:40161|client:localhost:40119|dataStream:localhost:37287|priority:0], old=null
2022-05-09 13:04:02,966 [s4@group-4EAE193F79A7-LeaderElection6] INFO  impl.LeaderElection (LeaderElection.java:logAndReturn(90)) - s4@group-4EAE193F79A7-LeaderElection6: PRE_VOTE REJECTED received 3 response(s) and 0 exception(s):
2022-05-09 13:04:02,966 [s4@group-4EAE193F79A7-LeaderElection6] INFO  impl.LeaderElection (LeaderElection.java:logAndReturn(94)) -   Response 0: s4<-s3#0:FAIL-t1
2022-05-09 13:04:02,966 [s4@group-4EAE193F79A7-LeaderElection6] INFO  impl.LeaderElection (LeaderElection.java:logAndReturn(94)) -   Response 1: s4<-s1#0:FAIL-t1
2022-05-09 13:04:02,966 [s4@group-4EAE193F79A7-LeaderElection6] INFO  impl.LeaderElection (LeaderElection.java:logAndReturn(94)) -   Response 2: s4<-s2#0:FAIL-t1
2022-05-09 13:04:02,966 [s4@group-4EAE193F79A7-LeaderElection6] INFO  impl.LeaderElection (LeaderElection.java:askForVotes(312)) - s4@group-4EAE193F79A7-LeaderElection6 PRE_VOTE round 0: result REJECTED
2022-05-09 13:04:02,966 [s4@group-4EAE193F79A7-LeaderElection6] INFO  server.RaftServer$Division (RaftServerImpl.java:setRole(298)) - s4@group-4EAE193F79A7: changes role from CANDIDATE to FOLLOWER at term 1 for REJECTED
2022-05-09 13:04:02,967 [s4@group-4EAE193F79A7-LeaderElection6] INFO  impl.RoleInfo (RoleInfo.java:shutdownLeaderElection(130)) - s4: shutdown s4@group-4EAE193F79A7-LeaderElection6
2022-05-09 13:04:02,967 [s4@group-4EAE193F79A7-LeaderElection6] INFO  impl.RoleInfo (RoleInfo.java:updateAndGet(139)) - s4: start s4@group-4EAE193F79A7-FollowerState
2022-05-09 13:04:02,986 [Thread-9] INFO  server.RaftServer$Division (ServerState.java:setLeader(287)) - s4@group-4EAE193F79A7: change Leader from null to s3 at term 1 for appendEntries, leader elected after 467ms
2022-05-09 13:04:03,035 [Thread-7] INFO  server.RaftServer$Division (RaftServerImpl.java:requestVote(1151)) - s4@group-4EAE193F79A7: receive requestVote(PRE_VOTE, s2, group-4EAE193F79A7, 1, (t:1, i:0))
2022-05-09 13:04:03,035 [Thread-7] INFO  impl.VoteContext (VoteContext.java:log(48)) - s4@group-4EAE193F79A7-FOLLOWER: reject PRE_VOTE from s2: this server is a follower and still has a valid leader s3
2022-05-09 13:04:03,035 [Thread-7] INFO  server.RaftServer$Division (RaftServerImpl.java:requestVote(1183)) - s4@group-4EAE193F79A7 replies to PRE_VOTE vote request: s2<-s4#0:FAIL-t1. Peer's state: s4@group-4EAE193F79A7:t1, leader=s3, voted=s4, raftlog=s4@group-4EAE193F79A7-SegmentedRaftLog:OPENED:c0, conf=0: [s3|rpc:localhost:46809|admin:localhost:38119|client:localhost:40227|dataStream:localhost:35795|priority:0, s4|rpc:localhost:42721|admin:localhost:40067|client:localhost:36815|dataStream:localhost:33831|priority:0, s0|rpc:localhost:43875|admin:localhost:46477|client:localhost:45301|dataStream:localhost:46673|priority:0, s1|rpc:localhost:43167|admin:localhost:42827|client:localhost:41727|dataStream:localhost:38731|priority:0, s2|rpc:localhost:35037|admin:localhost:40161|client:localhost:40119|dataStream:localhost:37287|priority:0], old=null
2022-05-09 13:04:03,109 [Thread-9] INFO  server.RaftServer$Division (RaftServerImpl.java:requestVote(1151)) - s4@group-4EAE193F79A7: receive requestVote(PRE_VOTE, s0, group-4EAE193F79A7, 1, (t:1, i:0))
2022-05-09 13:04:03,109 [Thread-9] INFO  impl.VoteContext (VoteContext.java:log(48)) - s4@group-4EAE193F79A7-FOLLOWER: reject PRE_VOTE from s0: this server is a follower and still has a valid leader s3
2022-05-09 13:04:03,110 [Thread-9] INFO  server.RaftServer$Division (RaftServerImpl.java:requestVote(1183)) - s4@group-4EAE193F79A7 replies to PRE_VOTE vote request: s0<-s4#0:FAIL-t1. Peer's state: s4@group-4EAE193F79A7:t1, leader=s3, voted=s4, raftlog=s4@group-4EAE193F79A7-SegmentedRaftLog:OPENED:c0, conf=0: [s3|rpc:localhost:46809|admin:localhost:38119|client:localhost:40227|dataStream:localhost:35795|priority:0, s4|rpc:localhost:42721|admin:localhost:40067|client:localhost:36815|dataStream:localhost:33831|priority:0, s0|rpc:localhost:43875|admin:localhost:46477|client:localhost:45301|dataStream:localhost:46673|priority:0, s1|rpc:localhost:43167|admin:localhost:42827|client:localhost:41727|dataStream:localhost:38731|priority:0, s2|rpc:localhost:35037|admin:localhost:40161|client:localhost:40119|dataStream:localhost:37287|priority:0], old=null
2022-05-09 13:04:03,284 [Time-limited test] INFO  simulation.TestLeaderElectionWithSimulatedRpc (LeaderElectionTests.java:enforceLeader(243)) - try enforcing leader to s4 but new leader is s3
2022-05-09 13:04:03,284 [Time-limited test] INFO  server.RaftServerConfigKeys (ConfUtils.java:logGet(46)) - raft.server.rpc.timeout.max = 300ms (default)
2022-05-09 13:04:03,451 [s1@group-4EAE193F79A7-FollowerState] INFO  impl.FollowerState (FollowerState.java:run(143)) - s1@group-4EAE193F79A7-FollowerState: change to CANDIDATE, lastRpcElapsedTime:193502686ns, electionTimeout:171ms
2022-05-09 13:04:03,452 [s1@group-4EAE193F79A7-FollowerState] INFO  impl.RoleInfo (RoleInfo.java:shutdownFollowerState(110)) - s1: shutdown s1@group-4EAE193F79A7-FollowerState
2022-05-09 13:04:03,452 [s1@group-4EAE193F79A7-FollowerState] INFO  server.RaftServer$Division (RaftServerImpl.java:setRole(298)) - s1@group-4EAE193F79A7: changes role from  FOLLOWER to CANDIDATE at term 1 for changeToCandidate
2022-05-09 13:04:03,452 [s1@group-4EAE193F79A7-FollowerState] INFO  server.RaftServerConfigKeys (ConfUtils.java:logGet(46)) - raft.server.leaderelection.pre-vote = true (default)
2022-05-09 13:04:03,452 [s1@group-4EAE193F79A7-FollowerState] INFO  impl.RoleInfo (RoleInfo.java:updateAndGet(139)) - s1: start s1@group-4EAE193F79A7-LeaderElection7
2022-05-09 13:04:03,453 [s1@group-4EAE193F79A7-LeaderElection7] INFO  server.RaftServer$Division (ServerState.java:setLeader(287)) - s1@group-4EAE193F79A7: change Leader from s3 to null at term 1 for PRE_VOTE
2022-05-09 13:04:03,453 [s1@group-4EAE193F79A7-LeaderElection7] INFO  impl.LeaderElection (LeaderElection.java:askForVotes(310)) - s1@group-4EAE193F79A7-LeaderElection7 PRE_VOTE round 0: submit vote requests at term 1 for 0: [s3|rpc:localhost:46809|admin:localhost:38119|client:localhost:40227|dataStream:localhost:35795|priority:0, s4|rpc:localhost:42721|admin:localhost:40067|client:localhost:36815|dataStream:localhost:33831|priority:0, s0|rpc:localhost:43875|admin:localhost:46477|client:localhost:45301|dataStream:localhost:46673|priority:0, s1|rpc:localhost:43167|admin:localhost:42827|client:localhost:41727|dataStream:localhost:38731|priority:0, s2|rpc:localhost:35037|admin:localhost:40161|client:localhost:40119|dataStream:localhost:37287|priority:0], old=null
2022-05-09 13:04:03,499 [Thread-23] INFO  server.RaftServer$Division (RaftServerImpl.java:setRole(298)) - s1@group-4EAE193F79A7: changes role from CANDIDATE to FOLLOWER at term 1 for appendEntries
2022-05-09 13:04:03,499 [Thread-23] INFO  impl.RoleInfo (RoleInfo.java:shutdownLeaderElection(130)) - s1: shutdown s1@group-4EAE193F79A7-LeaderElection7
2022-05-09 13:04:03,499 [Thread-23] INFO  impl.RoleInfo (RoleInfo.java:updateAndGet(139)) - s1: start s1@group-4EAE193F79A7-FollowerState
2022-05-09 13:04:03,499 [Thread-23] INFO  server.RaftServer$Division (ServerState.java:setLeader(287)) - s1@group-4EAE193F79A7: change Leader from null to s3 at term 1 for appendEntries, leader elected after 46ms
2022-05-09 13:04:03,604 [Thread-2] INFO  server.RaftServer$Division (RaftServerImpl.java:requestVote(1151)) - s3@group-4EAE193F79A7: receive requestVote(PRE_VOTE, s1, group-4EAE193F79A7, 1, (t:1, i:0))
2022-05-09 13:04:03,604 [Thread-15] INFO  server.RaftServer$Division (RaftServerImpl.java:requestVote(1151)) - s0@group-4EAE193F79A7: receive requestVote(PRE_VOTE, s1, group-4EAE193F79A7, 1, (t:1, i:0))
2022-05-09 13:04:03,604 [Thread-28] INFO  server.RaftServer$Division (RaftServerImpl.java:requestVote(1151)) - s2@group-4EAE193F79A7: receive requestVote(PRE_VOTE, s1, group-4EAE193F79A7, 1, (t:1, i:0))
2022-05-09 13:04:03,604 [Thread-28] INFO  impl.VoteContext (VoteContext.java:log(48)) - s2@group-4EAE193F79A7-FOLLOWER: reject PRE_VOTE from s1: this server is a follower and still has a valid leader s3
2022-05-09 13:04:03,604 [Thread-28] INFO  server.RaftServer$Division (RaftServerImpl.java:requestVote(1183)) - s2@group-4EAE193F79A7 replies to PRE_VOTE vote request: s1<-s2#0:FAIL-t1. Peer's state: s2@group-4EAE193F79A7:t1, leader=s3, voted=s3, raftlog=s2@group-4EAE193F79A7-SegmentedRaftLog:OPENED:c0, conf=0: [s3|rpc:localhost:46809|admin:localhost:38119|client:localhost:40227|dataStream:localhost:35795|priority:0, s4|rpc:localhost:42721|admin:localhost:40067|client:localhost:36815|dataStream:localhost:33831|priority:0, s0|rpc:localhost:43875|admin:localhost:46477|client:localhost:45301|dataStream:localhost:46673|priority:0, s1|rpc:localhost:43167|admin:localhost:42827|client:localhost:41727|dataStream:localhost:38731|priority:0, s2|rpc:localhost:35037|admin:localhost:40161|client:localhost:40119|dataStream:localhost:37287|priority:0], old=null
2022-05-09 13:04:03,604 [Thread-2] INFO  impl.VoteContext (VoteContext.java:log(48)) - s3@group-4EAE193F79A7-LEADER: reject PRE_VOTE from s1: this server is the leader and still has leadership
2022-05-09 13:04:03,605 [s4@group-4EAE193F79A7-FollowerState] INFO  impl.FollowerState (FollowerState.java:run(143)) - s4@group-4EAE193F79A7-FollowerState: change to CANDIDATE, lastRpcElapsedTime:346499982ns, electionTimeout:244ms
2022-05-09 13:04:03,605 [s4@group-4EAE193F79A7-FollowerState] INFO  impl.RoleInfo (RoleInfo.java:shutdownFollowerState(110)) - s4: shutdown s4@group-4EAE193F79A7-FollowerState
2022-05-09 13:04:03,605 [s4@group-4EAE193F79A7-FollowerState] INFO  server.RaftServer$Division (RaftServerImpl.java:setRole(298)) - s4@group-4EAE193F79A7: changes role from  FOLLOWER to CANDIDATE at term 1 for changeToCandidate
2022-05-09 13:04:03,605 [Thread-2] INFO  server.RaftServer$Division (RaftServerImpl.java:requestVote(1183)) - s3@group-4EAE193F79A7 replies to PRE_VOTE vote request: s1<-s3#0:FAIL-t1. Peer's state: s3@group-4EAE193F79A7:t1, leader=s3, voted=s3, raftlog=s3@group-4EAE193F79A7-SegmentedRaftLog:OPENED:c0, conf=0: [s3|rpc:localhost:46809|admin:localhost:38119|client:localhost:40227|dataStream:localhost:35795|priority:0, s4|rpc:localhost:42721|admin:localhost:40067|client:localhost:36815|dataStream:localhost:33831|priority:0, s0|rpc:localhost:43875|admin:localhost:46477|client:localhost:45301|dataStream:localhost:46673|priority:0, s1|rpc:localhost:43167|admin:localhost:42827|client:localhost:41727|dataStream:localhost:38731|priority:0, s2|rpc:localhost:35037|admin:localhost:40161|client:localhost:40119|dataStream:localhost:37287|priority:0], old=null
2022-05-09 13:04:03,604 [Thread-15] INFO  impl.VoteContext (VoteContext.java:log(48)) - s0@group-4EAE193F79A7-FOLLOWER: reject PRE_VOTE from s1: this server is a follower and still has a valid leader s3
2022-05-09 13:04:03,606 [Thread-15] INFO  server.RaftServer$Division (RaftServerImpl.java:requestVote(1183)) - s0@group-4EAE193F79A7 replies to PRE_VOTE vote request: s1<-s0#0:FAIL-t1. Peer's state: s0@group-4EAE193F79A7:t1, leader=s3, voted=s3, raftlog=s0@group-4EAE193F79A7-SegmentedRaftLog:OPENED:c0, conf=0: [s3|rpc:localhost:46809|admin:localhost:38119|client:localhost:40227|dataStream:localhost:35795|priority:0, s4|rpc:localhost:42721|admin:localhost:40067|client:localhost:36815|dataStream:localhost:33831|priority:0, s0|rpc:localhost:43875|admin:localhost:46477|client:localhost:45301|dataStream:localhost:46673|priority:0, s1|rpc:localhost:43167|admin:localhost:42827|client:localhost:41727|dataStream:localhost:38731|priority:0, s2|rpc:localhost:35037|admin:localhost:40161|client:localhost:40119|dataStream:localhost:37287|priority:0], old=null
2022-05-09 13:04:03,605 [s4@group-4EAE193F79A7-FollowerState] INFO  server.RaftServerConfigKeys (ConfUtils.java:logGet(46)) - raft.server.leaderelection.pre-vote = true (default)
2022-05-09 13:04:03,606 [s4@group-4EAE193F79A7-FollowerState] INFO  impl.RoleInfo (RoleInfo.java:updateAndGet(139)) - s4: start s4@group-4EAE193F79A7-LeaderElection8
2022-05-09 13:04:03,607 [s4@group-4EAE193F79A7-LeaderElection8] INFO  server.RaftServer$Division (ServerState.java:setLeader(287)) - s4@group-4EAE193F79A7: change Leader from s3 to null at term 1 for PRE_VOTE
2022-05-09 13:04:03,607 [s4@group-4EAE193F79A7-LeaderElection8] INFO  impl.LeaderElection (LeaderElection.java:askForVotes(310)) - s4@group-4EAE193F79A7-LeaderElection8 PRE_VOTE round 0: submit vote requests at term 1 for 0: [s3|rpc:localhost:46809|admin:localhost:38119|client:localhost:40227|dataStream:localhost:35795|priority:0, s4|rpc:localhost:42721|admin:localhost:40067|client:localhost:36815|dataStream:localhost:33831|priority:0, s0|rpc:localhost:43875|admin:localhost:46477|client:localhost:45301|dataStream:localhost:46673|priority:0, s1|rpc:localhost:43167|admin:localhost:42827|client:localhost:41727|dataStream:localhost:38731|priority:0, s2|rpc:localhost:35037|admin:localhost:40161|client:localhost:40119|dataStream:localhost:37287|priority:0], old=null
2022-05-09 13:04:03,618 [s1@group-4EAE193F79A7-LeaderElection7] INFO  impl.LeaderElection (LeaderElection.java:logAndReturn(90)) - s1@group-4EAE193F79A7-LeaderElection7: PRE_VOTE REJECTED received 1 response(s) and 0 exception(s):
2022-05-09 13:04:03,618 [s1@group-4EAE193F79A7-LeaderElection7] INFO  impl.LeaderElection (LeaderElection.java:logAndReturn(94)) -   Response 0: s1<-s3#0:FAIL-t1
2022-05-09 13:04:03,618 [s1@group-4EAE193F79A7-LeaderElection7] INFO  impl.LeaderElection (LeaderElection.java:askForVotes(312)) - s1@group-4EAE193F79A7-LeaderElection7 PRE_VOTE round 0: result REJECTED
2022-05-09 13:04:03,735 [Time-limited test] INFO  server.RaftServerConfigKeys (ConfUtils.java:logGet(46)) - raft.server.rpc.timeout.max = 300ms (default)
2022-05-09 13:04:03,754 [Thread-9] INFO  server.RaftServer$Division (RaftServerImpl.java:requestVote(1151)) - s4@group-4EAE193F79A7: receive requestVote(PRE_VOTE, s1, group-4EAE193F79A7, 1, (t:1, i:0))
2022-05-09 13:04:03,754 [Thread-9] INFO  impl.VoteContext (VoteContext.java:log(48)) - s4@group-4EAE193F79A7-CANDIDATE: accept PRE_VOTE from s1: our priority 0 <= candidate's priority 0
2022-05-09 13:04:03,754 [Thread-9] INFO  server.RaftServer$Division (RaftServerImpl.java:requestVote(1183)) - s4@group-4EAE193F79A7 replies to PRE_VOTE vote request: s1<-s4#0:OK-t1. Peer's state: s4@group-4EAE193F79A7:t1, leader=null, voted=s4, raftlog=s4@group-4EAE193F79A7-SegmentedRaftLog:OPENED:c0, conf=0: [s3|rpc:localhost:46809|admin:localhost:38119|client:localhost:40227|dataStream:localhost:35795|priority:0, s4|rpc:localhost:42721|admin:localhost:40067|client:localhost:36815|dataStream:localhost:33831|priority:0, s0|rpc:localhost:43875|admin:localhost:46477|client:localhost:45301|dataStream:localhost:46673|priority:0, s1|rpc:localhost:43167|admin:localhost:42827|client:localhost:41727|dataStream:localhost:38731|priority:0, s2|rpc:localhost:35037|admin:localhost:40161|client:localhost:40119|dataStream:localhost:37287|priority:0], old=null
2022-05-09 13:04:03,758 [Thread-0] INFO  server.RaftServer$Division (RaftServerImpl.java:requestVote(1151)) - s3@group-4EAE193F79A7: receive requestVote(PRE_VOTE, s4, group-4EAE193F79A7, 1, (t:1, i:0))
2022-05-09 13:04:03,758 [Thread-22] INFO  server.RaftServer$Division (RaftServerImpl.java:requestVote(1151)) - s1@group-4EAE193F79A7: receive requestVote(PRE_VOTE, s4, group-4EAE193F79A7, 1, (t:1, i:0))
2022-05-09 13:04:03,758 [Thread-22] INFO  impl.VoteContext (VoteContext.java:log(48)) - s1@group-4EAE193F79A7-FOLLOWER: reject PRE_VOTE from s4: this server is a follower and still has a valid leader s3
2022-05-09 13:04:03,758 [Thread-0] INFO  impl.VoteContext (VoteContext.java:log(48)) - s3@group-4EAE193F79A7-LEADER: reject PRE_VOTE from s4: this server is the leader and still has leadership
2022-05-09 13:04:03,758 [Thread-14] INFO  server.RaftServer$Division (RaftServerImpl.java:requestVote(1151)) - s0@group-4EAE193F79A7: receive requestVote(PRE_VOTE, s4, group-4EAE193F79A7, 1, (t:1, i:0))
2022-05-09 13:04:03,759 [Thread-14] INFO  impl.VoteContext (VoteContext.java:log(48)) - s0@group-4EAE193F79A7-FOLLOWER: reject PRE_VOTE from s4: this server is a follower and still has a valid leader s3
2022-05-09 13:04:03,759 [Thread-30] INFO  server.RaftServer$Division (RaftServerImpl.java:requestVote(1151)) - s2@group-4EAE193F79A7: receive requestVote(PRE_VOTE, s4, group-4EAE193F79A7, 1, (t:1, i:0))
2022-05-09 13:04:03,759 [Thread-30] INFO  impl.VoteContext (VoteContext.java:log(48)) - s2@group-4EAE193F79A7-FOLLOWER: reject PRE_VOTE from s4: this server is a follower and still has a valid leader s3
2022-05-09 13:04:03,759 [Thread-30] INFO  server.RaftServer$Division (RaftServerImpl.java:requestVote(1183)) - s2@group-4EAE193F79A7 replies to PRE_VOTE vote request: s4<-s2#0:FAIL-t1. Peer's state: s2@group-4EAE193F79A7:t1, leader=s3, voted=s3, raftlog=s2@group-4EAE193F79A7-SegmentedRaftLog:OPENED:c0, conf=0: [s3|rpc:localhost:46809|admin:localhost:38119|client:localhost:40227|dataStream:localhost:35795|priority:0, s4|rpc:localhost:42721|admin:localhost:40067|client:localhost:36815|dataStream:localhost:33831|priority:0, s0|rpc:localhost:43875|admin:localhost:46477|client:localhost:45301|dataStream:localhost:46673|priority:0, s1|rpc:localhost:43167|admin:localhost:42827|client:localhost:41727|dataStream:localhost:38731|priority:0, s2|rpc:localhost:35037|admin:localhost:40161|client:localhost:40119|dataStream:localhost:37287|priority:0], old=null
2022-05-09 13:04:03,759 [Thread-0] INFO  server.RaftServer$Division (RaftServerImpl.java:requestVote(1183)) - s3@group-4EAE193F79A7 replies to PRE_VOTE vote request: s4<-s3#0:FAIL-t1. Peer's state: s3@group-4EAE193F79A7:t1, leader=s3, voted=s3, raftlog=s3@group-4EAE193F79A7-SegmentedRaftLog:OPENED:c0, conf=0: [s3|rpc:localhost:46809|admin:localhost:38119|client:localhost:40227|dataStream:localhost:35795|priority:0, s4|rpc:localhost:42721|admin:localhost:40067|client:localhost:36815|dataStream:localhost:33831|priority:0, s0|rpc:localhost:43875|admin:localhost:46477|client:localhost:45301|dataStream:localhost:46673|priority:0, s1|rpc:localhost:43167|admin:localhost:42827|client:localhost:41727|dataStream:localhost:38731|priority:0, s2|rpc:localhost:35037|admin:localhost:40161|client:localhost:40119|dataStream:localhost:37287|priority:0], old=null
2022-05-09 13:04:03,758 [Thread-22] INFO  server.RaftServer$Division (RaftServerImpl.java:requestVote(1183)) - s1@group-4EAE193F79A7 replies to PRE_VOTE vote request: s4<-s1#0:FAIL-t1. Peer's state: s1@group-4EAE193F79A7:t1, leader=s3, voted=s4, raftlog=s1@group-4EAE193F79A7-SegmentedRaftLog:OPENED:c0, conf=0: [s3|rpc:localhost:46809|admin:localhost:38119|client:localhost:40227|dataStream:localhost:35795|priority:0, s4|rpc:localhost:42721|admin:localhost:40067|client:localhost:36815|dataStream:localhost:33831|priority:0, s0|rpc:localhost:43875|admin:localhost:46477|client:localhost:45301|dataStream:localhost:46673|priority:0, s1|rpc:localhost:43167|admin:localhost:42827|client:localhost:41727|dataStream:localhost:38731|priority:0, s2|rpc:localhost:35037|admin:localhost:40161|client:localhost:40119|dataStream:localhost:37287|priority:0], old=null
2022-05-09 13:04:03,759 [Thread-14] INFO  server.RaftServer$Division (RaftServerImpl.java:requestVote(1183)) - s0@group-4EAE193F79A7 replies to PRE_VOTE vote request: s4<-s0#0:FAIL-t1. Peer's state: s0@group-4EAE193F79A7:t1, leader=s3, voted=s3, raftlog=s0@group-4EAE193F79A7-SegmentedRaftLog:OPENED:c0, conf=0: [s3|rpc:localhost:46809|admin:localhost:38119|client:localhost:40227|dataStream:localhost:35795|priority:0, s4|rpc:localhost:42721|admin:localhost:40067|client:localhost:36815|dataStream:localhost:33831|priority:0, s0|rpc:localhost:43875|admin:localhost:46477|client:localhost:45301|dataStream:localhost:46673|priority:0, s1|rpc:localhost:43167|admin:localhost:42827|client:localhost:41727|dataStream:localhost:38731|priority:0, s2|rpc:localhost:35037|admin:localhost:40161|client:localhost:40119|dataStream:localhost:37287|priority:0], old=null
2022-05-09 13:04:03,777 [s4@group-4EAE193F79A7-LeaderElection8] INFO  impl.LeaderElection (LeaderElection.java:logAndReturn(90)) - s4@group-4EAE193F79A7-LeaderElection8: PRE_VOTE REJECTED received 3 response(s) and 0 exception(s):
2022-05-09 13:04:03,777 [s4@group-4EAE193F79A7-LeaderElection8] INFO  impl.LeaderElection (LeaderElection.java:logAndReturn(94)) -   Response 0: s4<-s0#0:FAIL-t1
2022-05-09 13:04:03,777 [s4@group-4EAE193F79A7-LeaderElection8] INFO  impl.LeaderElection (LeaderElection.java:logAndReturn(94)) -   Response 1: s4<-s1#0:FAIL-t1
2022-05-09 13:04:03,777 [s4@group-4EAE193F79A7-LeaderElection8] INFO  impl.LeaderElection (LeaderElection.java:logAndReturn(94)) -   Response 2: s4<-s2#0:FAIL-t1
2022-05-09 13:04:03,777 [s4@group-4EAE193F79A7-LeaderElection8] INFO  impl.LeaderElection (LeaderElection.java:askForVotes(312)) - s4@group-4EAE193F79A7-LeaderElection8 PRE_VOTE round 0: result REJECTED
2022-05-09 13:04:03,777 [s4@group-4EAE193F79A7-LeaderElection8] INFO  server.RaftServer$Division (RaftServerImpl.java:setRole(298)) - s4@group-4EAE193F79A7: changes role from CANDIDATE to FOLLOWER at term 1 for REJECTED
2022-05-09 13:04:03,777 [s4@group-4EAE193F79A7-LeaderElection8] INFO  impl.RoleInfo (RoleInfo.java:shutdownLeaderElection(130)) - s4: shutdown s4@group-4EAE193F79A7-LeaderElection8
2022-05-09 13:04:03,777 [s4@group-4EAE193F79A7-LeaderElection8] INFO  impl.RoleInfo (RoleInfo.java:updateAndGet(139)) - s4: start s4@group-4EAE193F79A7-FollowerState
2022-05-09 13:04:03,949 [Thread-7] INFO  server.RaftServer$Division (ServerState.java:setLeader(287)) - s4@group-4EAE193F79A7: change Leader from null to s3 at term 1 for appendEntries, leader elected after 342ms
2022-05-09 13:04:04,185 [Time-limited test] INFO  simulation.TestLeaderElectionWithSimulatedRpc (LeaderElectionTests.java:enforceLeader(243)) - try enforcing leader to s4 but new leader is s3
2022-05-09 13:04:04,186 [Time-limited test] INFO  server.RaftServerConfigKeys (ConfUtils.java:logGet(46)) - raft.server.rpc.timeout.max = 300ms (default)
2022-05-09 13:04:04,349 [s0@group-4EAE193F79A7-FollowerState] INFO  impl.FollowerState (FollowerState.java:run(143)) - s0@group-4EAE193F79A7-FollowerState: change to CANDIDATE, lastRpcElapsedTime:171892287ns, electionTimeout:168ms
2022-05-09 13:04:04,349 [s0@group-4EAE193F79A7-FollowerState] INFO  impl.RoleInfo (RoleInfo.java:shutdownFollowerState(110)) - s0: shutdown s0@group-4EAE193F79A7-FollowerState
2022-05-09 13:04:04,349 [s0@group-4EAE193F79A7-FollowerState] INFO  server.RaftServer$Division (RaftServerImpl.java:setRole(298)) - s0@group-4EAE193F79A7: changes role from  FOLLOWER to CANDIDATE at term 1 for changeToCandidate
2022-05-09 13:04:04,350 [s0@group-4EAE193F79A7-FollowerState] INFO  server.RaftServerConfigKeys (ConfUtils.java:logGet(46)) - raft.server.leaderelection.pre-vote = true (default)
2022-05-09 13:04:04,350 [s0@group-4EAE193F79A7-FollowerState] INFO  impl.RoleInfo (RoleInfo.java:updateAndGet(139)) - s0: start s0@group-4EAE193F79A7-LeaderElection9
2022-05-09 13:04:04,350 [s0@group-4EAE193F79A7-LeaderElection9] INFO  server.RaftServer$Division (ServerState.java:setLeader(287)) - s0@group-4EAE193F79A7: change Leader from s3 to null at term 1 for PRE_VOTE
2022-05-09 13:04:04,350 [s0@group-4EAE193F79A7-LeaderElection9] INFO  impl.LeaderElection (LeaderElection.java:askForVotes(310)) - s0@group-4EAE193F79A7-LeaderElection9 PRE_VOTE round 0: submit vote requests at term 1 for 0: [s3|rpc:localhost:46809|admin:localhost:38119|client:localhost:40227|dataStream:localhost:35795|priority:0, s4|rpc:localhost:42721|admin:localhost:40067|client:localhost:36815|dataStream:localhost:33831|priority:0, s0|rpc:localhost:43875|admin:localhost:46477|client:localhost:45301|dataStream:localhost:46673|priority:0, s1|rpc:localhost:43167|admin:localhost:42827|client:localhost:41727|dataStream:localhost:38731|priority:0, s2|rpc:localhost:35037|admin:localhost:40161|client:localhost:40119|dataStream:localhost:37287|priority:0], old=null
2022-05-09 13:04:04,361 [s4@group-4EAE193F79A7-FollowerState] INFO  impl.FollowerState (FollowerState.java:run(143)) - s4@group-4EAE193F79A7-FollowerState: change to CANDIDATE, lastRpcElapsedTime:227860020ns, electionTimeout:225ms
2022-05-09 13:04:04,361 [s4@group-4EAE193F79A7-FollowerState] INFO  impl.RoleInfo (RoleInfo.java:shutdownFollowerState(110)) - s4: shutdown s4@group-4EAE193F79A7-FollowerState
2022-05-09 13:04:04,362 [s4@group-4EAE193F79A7-FollowerState] INFO  server.RaftServer$Division (RaftServerImpl.java:setRole(298)) - s4@group-4EAE193F79A7: changes role from  FOLLOWER to CANDIDATE at term 1 for changeToCandidate
2022-05-09 13:04:04,362 [s4@group-4EAE193F79A7-FollowerState] INFO  server.RaftServerConfigKeys (ConfUtils.java:logGet(46)) - raft.server.leaderelection.pre-vote = true (default)
2022-05-09 13:04:04,362 [s4@group-4EAE193F79A7-FollowerState] INFO  impl.RoleInfo (RoleInfo.java:updateAndGet(139)) - s4: start s4@group-4EAE193F79A7-LeaderElection10
2022-05-09 13:04:04,362 [s4@group-4EAE193F79A7-LeaderElection10] INFO  server.RaftServer$Division (ServerState.java:setLeader(287)) - s4@group-4EAE193F79A7: change Leader from s3 to null at term 1 for PRE_VOTE
2022-05-09 13:04:04,362 [s4@group-4EAE193F79A7-LeaderElection10] INFO  impl.LeaderElection (LeaderElection.java:askForVotes(310)) - s4@group-4EAE193F79A7-LeaderElection10 PRE_VOTE round 0: submit vote requests at term 1 for 0: [s3|rpc:localhost:46809|admin:localhost:38119|client:localhost:40227|dataStream:localhost:35795|priority:0, s4|rpc:localhost:42721|admin:localhost:40067|client:localhost:36815|dataStream:localhost:33831|priority:0, s0|rpc:localhost:43875|admin:localhost:46477|client:localhost:45301|dataStream:localhost:46673|priority:0, s1|rpc:localhost:43167|admin:localhost:42827|client:localhost:41727|dataStream:localhost:38731|priority:0, s2|rpc:localhost:35037|admin:localhost:40161|client:localhost:40119|dataStream:localhost:37287|priority:0], old=null
2022-05-09 13:04:04,416 [Thread-14] INFO  server.RaftServer$Division (RaftServerImpl.java:setRole(298)) - s0@group-4EAE193F79A7: changes role from CANDIDATE to FOLLOWER at term 1 for appendEntries
2022-05-09 13:04:04,416 [Thread-14] INFO  impl.RoleInfo (RoleInfo.java:shutdownLeaderElection(130)) - s0: shutdown s0@group-4EAE193F79A7-LeaderElection9
2022-05-09 13:04:04,416 [Thread-14] INFO  impl.RoleInfo (RoleInfo.java:updateAndGet(139)) - s0: start s0@group-4EAE193F79A7-FollowerState
2022-05-09 13:04:04,416 [Thread-14] INFO  server.RaftServer$Division (ServerState.java:setLeader(287)) - s0@group-4EAE193F79A7: change Leader from null to s3 at term 1 for appendEntries, leader elected after 65ms
2022-05-09 13:04:04,502 [Thread-1] INFO  server.RaftServer$Division (RaftServerImpl.java:requestVote(1151)) - s3@group-4EAE193F79A7: receive requestVote(PRE_VOTE, s0, group-4EAE193F79A7, 1, (t:1, i:0))
2022-05-09 13:04:04,502 [Thread-1] INFO  impl.VoteContext (VoteContext.java:log(48)) - s3@group-4EAE193F79A7-LEADER: reject PRE_VOTE from s0: this server is the leader and still has leadership
2022-05-09 13:04:04,502 [Thread-1] INFO  server.RaftServer$Division (RaftServerImpl.java:requestVote(1183)) - s3@group-4EAE193F79A7 replies to PRE_VOTE vote request: s0<-s3#0:FAIL-t1. Peer's state: s3@group-4EAE193F79A7:t1, leader=s3, voted=s3, raftlog=s3@group-4EAE193F79A7-SegmentedRaftLog:OPENED:c0, conf=0: [s3|rpc:localhost:46809|admin:localhost:38119|client:localhost:40227|dataStream:localhost:35795|priority:0, s4|rpc:localhost:42721|admin:localhost:40067|client:localhost:36815|dataStream:localhost:33831|priority:0, s0|rpc:localhost:43875|admin:localhost:46477|client:localhost:45301|dataStream:localhost:46673|priority:0, s1|rpc:localhost:43167|admin:localhost:42827|client:localhost:41727|dataStream:localhost:38731|priority:0, s2|rpc:localhost:35037|admin:localhost:40161|client:localhost:40119|dataStream:localhost:37287|priority:0], old=null
2022-05-09 13:04:04,503 [Thread-22] INFO  server.RaftServer$Division (RaftServerImpl.java:requestVote(1151)) - s1@group-4EAE193F79A7: receive requestVote(PRE_VOTE, s0, group-4EAE193F79A7, 1, (t:1, i:0))
2022-05-09 13:04:04,503 [Thread-22] INFO  impl.VoteContext (VoteContext.java:log(48)) - s1@group-4EAE193F79A7-FOLLOWER: reject PRE_VOTE from s0: this server is a follower and still has a valid leader s3
2022-05-09 13:04:04,503 [Thread-22] INFO  server.RaftServer$Division (RaftServerImpl.java:requestVote(1183)) - s1@group-4EAE193F79A7 replies to PRE_VOTE vote request: s0<-s1#0:FAIL-t1. Peer's state: s1@group-4EAE193F79A7:t1, leader=s3, voted=s4, raftlog=s1@group-4EAE193F79A7-SegmentedRaftLog:OPENED:c0, conf=0: [s3|rpc:localhost:46809|admin:localhost:38119|client:localhost:40227|dataStream:localhost:35795|priority:0, s4|rpc:localhost:42721|admin:localhost:40067|client:localhost:36815|dataStream:localhost:33831|priority:0, s0|rpc:localhost:43875|admin:localhost:46477|client:localhost:45301|dataStream:localhost:46673|priority:0, s1|rpc:localhost:43167|admin:localhost:42827|client:localhost:41727|dataStream:localhost:38731|priority:0, s2|rpc:localhost:35037|admin:localhost:40161|client:localhost:40119|dataStream:localhost:37287|priority:0], old=null
2022-05-09 13:04:04,503 [Thread-28] INFO  server.RaftServer$Division (RaftServerImpl.java:requestVote(1151)) - s2@group-4EAE193F79A7: receive requestVote(PRE_VOTE, s0, group-4EAE193F79A7, 1, (t:1, i:0))
2022-05-09 13:04:04,504 [Thread-28] INFO  impl.VoteContext (VoteContext.java:log(48)) - s2@group-4EAE193F79A7-FOLLOWER: reject PRE_VOTE from s0: this server is a follower and still has a valid leader s3
2022-05-09 13:04:04,504 [Thread-28] INFO  server.RaftServer$Division (RaftServerImpl.java:requestVote(1183)) - s2@group-4EAE193F79A7 replies to PRE_VOTE vote request: s0<-s2#0:FAIL-t1. Peer's state: s2@group-4EAE193F79A7:t1, leader=s3, voted=s3, raftlog=s2@group-4EAE193F79A7-SegmentedRaftLog:OPENED:c0, conf=0: [s3|rpc:localhost:46809|admin:localhost:38119|client:localhost:40227|dataStream:localhost:35795|priority:0, s4|rpc:localhost:42721|admin:localhost:40067|client:localhost:36815|dataStream:localhost:33831|priority:0, s0|rpc:localhost:43875|admin:localhost:46477|client:localhost:45301|dataStream:localhost:46673|priority:0, s1|rpc:localhost:43167|admin:localhost:42827|client:localhost:41727|dataStream:localhost:38731|priority:0, s2|rpc:localhost:35037|admin:localhost:40161|client:localhost:40119|dataStream:localhost:37287|priority:0], old=null
2022-05-09 13:04:04,513 [Thread-2] INFO  server.RaftServer$Division (RaftServerImpl.java:requestVote(1151)) - s3@group-4EAE193F79A7: receive requestVote(PRE_VOTE, s4, group-4EAE193F79A7, 1, (t:1, i:0))
2022-05-09 13:04:04,513 [Thread-15] INFO  server.RaftServer$Division (RaftServerImpl.java:requestVote(1151)) - s0@group-4EAE193F79A7: receive requestVote(PRE_VOTE, s4, group-4EAE193F79A7, 1, (t:1, i:0))
2022-05-09 13:04:04,513 [Thread-2] INFO  impl.VoteContext (VoteContext.java:log(48)) - s3@group-4EAE193F79A7-LEADER: reject PRE_VOTE from s4: this server is the leader and still has leadership
2022-05-09 13:04:04,513 [Thread-2] INFO  server.RaftServer$Division (RaftServerImpl.java:requestVote(1183)) - s3@group-4EAE193F79A7 replies to PRE_VOTE vote request: s4<-s3#0:FAIL-t1. Peer's state: s3@group-4EAE193F79A7:t1, leader=s3, voted=s3, raftlog=s3@group-4EAE193F79A7-SegmentedRaftLog:OPENED:c0, conf=0: [s3|rpc:localhost:46809|admin:localhost:38119|client:localhost:40227|dataStream:localhost:35795|priority:0, s4|rpc:localhost:42721|admin:localhost:40067|client:localhost:36815|dataStream:localhost:33831|priority:0, s0|rpc:localhost:43875|admin:localhost:46477|client:localhost:45301|dataStream:localhost:46673|priority:0, s1|rpc:localhost:43167|admin:localhost:42827|client:localhost:41727|dataStream:localhost:38731|priority:0, s2|rpc:localhost:35037|admin:localhost:40161|client:localhost:40119|dataStream:localhost:37287|priority:0], old=null
2022-05-09 13:04:04,513 [s0@group-4EAE193F79A7-LeaderElection9] INFO  impl.LeaderElection (LeaderElection.java:logAndReturn(90)) - s0@group-4EAE193F79A7-LeaderElection9: PRE_VOTE REJECTED received 1 response(s) and 0 exception(s):
2022-05-09 13:04:04,513 [Thread-15] INFO  impl.VoteContext (VoteContext.java:log(48)) - s0@group-4EAE193F79A7-FOLLOWER: reject PRE_VOTE from s4: this server is a follower and still has a valid leader s3
2022-05-09 13:04:04,513 [Thread-15] INFO  server.RaftServer$Division (RaftServerImpl.java:requestVote(1183)) - s0@group-4EAE193F79A7 replies to PRE_VOTE vote request: s4<-s0#0:FAIL-t1. Peer's state: s0@group-4EAE193F79A7:t1, leader=s3, voted=s3, raftlog=s0@group-4EAE193F79A7-SegmentedRaftLog:OPENED:c0, conf=0: [s3|rpc:localhost:46809|admin:localhost:38119|client:localhost:40227|dataStream:localhost:35795|priority:0, s4|rpc:localhost:42721|admin:localhost:40067|client:localhost:36815|dataStream:localhost:33831|priority:0, s0|rpc:localhost:43875|admin:localhost:46477|client:localhost:45301|dataStream:localhost:46673|priority:0, s1|rpc:localhost:43167|admin:localhost:42827|client:localhost:41727|dataStream:localhost:38731|priority:0, s2|rpc:localhost:35037|admin:localhost:40161|client:localhost:40119|dataStream:localhost:37287|priority:0], old=null
2022-05-09 13:04:04,513 [s0@group-4EAE193F79A7-LeaderElection9] INFO  impl.LeaderElection (LeaderElection.java:logAndReturn(94)) -   Response 0: s0<-s3#0:FAIL-t1
2022-05-09 13:04:04,514 [Thread-29] INFO  server.RaftServer$Division (RaftServerImpl.java:requestVote(1151)) - s2@group-4EAE193F79A7: receive requestVote(PRE_VOTE, s4, group-4EAE193F79A7, 1, (t:1, i:0))
2022-05-09 13:04:04,514 [s0@group-4EAE193F79A7-LeaderElection9] INFO  impl.LeaderElection (LeaderElection.java:askForVotes(312)) - s0@group-4EAE193F79A7-LeaderElection9 PRE_VOTE round 0: result REJECTED
2022-05-09 13:04:04,513 [Thread-23] INFO  server.RaftServer$Division (RaftServerImpl.java:requestVote(1151)) - s1@group-4EAE193F79A7: receive requestVote(PRE_VOTE, s4, group-4EAE193F79A7, 1, (t:1, i:0))
2022-05-09 13:04:04,514 [Thread-23] INFO  impl.VoteContext (VoteContext.java:log(48)) - s1@group-4EAE193F79A7-FOLLOWER: accept PRE_VOTE from s4: our priority 0 <= candidate's priority 0
2022-05-09 13:04:04,514 [Thread-23] INFO  server.RaftServer$Division (RaftServerImpl.java:requestVote(1183)) - s1@group-4EAE193F79A7 replies to PRE_VOTE vote request: s4<-s1#0:OK-t1. Peer's state: s1@group-4EAE193F79A7:t1, leader=s3, voted=s4, raftlog=s1@group-4EAE193F79A7-SegmentedRaftLog:OPENED:c0, conf=0: [s3|rpc:localhost:46809|admin:localhost:38119|client:localhost:40227|dataStream:localhost:35795|priority:0, s4|rpc:localhost:42721|admin:localhost:40067|client:localhost:36815|dataStream:localhost:33831|priority:0, s0|rpc:localhost:43875|admin:localhost:46477|client:localhost:45301|dataStream:localhost:46673|priority:0, s1|rpc:localhost:43167|admin:localhost:42827|client:localhost:41727|dataStream:localhost:38731|priority:0, s2|rpc:localhost:35037|admin:localhost:40161|client:localhost:40119|dataStream:localhost:37287|priority:0], old=null
2022-05-09 13:04:04,514 [Thread-29] INFO  impl.VoteContext (VoteContext.java:log(48)) - s2@group-4EAE193F79A7-FOLLOWER: reject PRE_VOTE from s4: this server is a follower and still has a valid leader s3
2022-05-09 13:04:04,514 [Thread-29] INFO  server.RaftServer$Division (RaftServerImpl.java:requestVote(1183)) - s2@group-4EAE193F79A7 replies to PRE_VOTE vote request: s4<-s2#0:FAIL-t1. Peer's state: s2@group-4EAE193F79A7:t1, leader=s3, voted=s3, raftlog=s2@group-4EAE193F79A7-SegmentedRaftLog:OPENED:c0, conf=0: [s3|rpc:localhost:46809|admin:localhost:38119|client:localhost:40227|dataStream:localhost:35795|priority:0, s4|rpc:localhost:42721|admin:localhost:40067|client:localhost:36815|dataStream:localhost:33831|priority:0, s0|rpc:localhost:43875|admin:localhost:46477|client:localhost:45301|dataStream:localhost:46673|priority:0, s1|rpc:localhost:43167|admin:localhost:42827|client:localhost:41727|dataStream:localhost:38731|priority:0, s2|rpc:localhost:35037|admin:localhost:40161|client:localhost:40119|dataStream:localhost:37287|priority:0], old=null
2022-05-09 13:04:04,518 [s4@group-4EAE193F79A7-LeaderElection10] INFO  impl.LeaderElection (LeaderElection.java:logAndReturn(90)) - s4@group-4EAE193F79A7-LeaderElection10: PRE_VOTE TIMEOUT received 0 response(s) and 0 exception(s):
2022-05-09 13:04:04,518 [s4@group-4EAE193F79A7-LeaderElection10] INFO  impl.LeaderElection (LeaderElection.java:askForVotes(312)) - s4@group-4EAE193F79A7-LeaderElection10 PRE_VOTE round 0: result TIMEOUT
2022-05-09 13:04:04,518 [s4@group-4EAE193F79A7-LeaderElection10] INFO  impl.LeaderElection (LeaderElection.java:askForVotes(310)) - s4@group-4EAE193F79A7-LeaderElection10 PRE_VOTE round 1: submit vote requests at term 1 for 0: [s3|rpc:localhost:46809|admin:localhost:38119|client:localhost:40227|dataStream:localhost:35795|priority:0, s4|rpc:localhost:42721|admin:localhost:40067|client:localhost:36815|dataStream:localhost:33831|priority:0, s0|rpc:localhost:43875|admin:localhost:46477|client:localhost:45301|dataStream:localhost:46673|priority:0, s1|rpc:localhost:43167|admin:localhost:42827|client:localhost:41727|dataStream:localhost:38731|priority:0, s2|rpc:localhost:35037|admin:localhost:40161|client:localhost:40119|dataStream:localhost:37287|priority:0], old=null
2022-05-09 13:04:04,578 [s0@group-4EAE193F79A7-FollowerState] INFO  impl.FollowerState (FollowerState.java:run(143)) - s0@group-4EAE193F79A7-FollowerState: change to CANDIDATE, lastRpcElapsedTime:161198316ns, electionTimeout:161ms
2022-05-09 13:04:04,578 [s0@group-4EAE193F79A7-FollowerState] INFO  impl.RoleInfo (RoleInfo.java:shutdownFollowerState(110)) - s0: shutdown s0@group-4EAE193F79A7-FollowerState
2022-05-09 13:04:04,578 [s0@group-4EAE193F79A7-FollowerState] INFO  server.RaftServer$Division (RaftServerImpl.java:setRole(298)) - s0@group-4EAE193F79A7: changes role from  FOLLOWER to CANDIDATE at term 1 for changeToCandidate
2022-05-09 13:04:04,579 [s0@group-4EAE193F79A7-FollowerState] INFO  server.RaftServerConfigKeys (ConfUtils.java:logGet(46)) - raft.server.leaderelection.pre-vote = true (default)
2022-05-09 13:04:04,579 [s0@group-4EAE193F79A7-FollowerState] INFO  impl.RoleInfo (RoleInfo.java:updateAndGet(139)) - s0: start s0@group-4EAE193F79A7-LeaderElection11
2022-05-09 13:04:04,580 [s0@group-4EAE193F79A7-LeaderElection11] INFO  server.RaftServer$Division (ServerState.java:setLeader(287)) - s0@group-4EAE193F79A7: change Leader from s3 to null at term 1 for PRE_VOTE
2022-05-09 13:04:04,581 [s0@group-4EAE193F79A7-LeaderElection11] INFO  impl.LeaderElection (LeaderElection.java:askForVotes(310)) - s0@group-4EAE193F79A7-LeaderElection11 PRE_VOTE round 0: submit vote requests at term 1 for 0: [s3|rpc:localhost:46809|admin:localhost:38119|client:localhost:40227|dataStream:localhost:35795|priority:0, s4|rpc:localhost:42721|admin:localhost:40067|client:localhost:36815|dataStream:localhost:33831|priority:0, s0|rpc:localhost:43875|admin:localhost:46477|client:localhost:45301|dataStream:localhost:46673|priority:0, s1|rpc:localhost:43167|admin:localhost:42827|client:localhost:41727|dataStream:localhost:38731|priority:0, s2|rpc:localhost:35037|admin:localhost:40161|client:localhost:40119|dataStream:localhost:37287|priority:0], old=null
2022-05-09 13:04:04,636 [Time-limited test] INFO  server.RaftServerConfigKeys (ConfUtils.java:logGet(46)) - raft.server.rpc.timeout.max = 300ms (default)
2022-05-09 13:04:04,652 [Thread-7] INFO  server.RaftServer$Division (RaftServerImpl.java:requestVote(1151)) - s4@group-4EAE193F79A7: receive requestVote(PRE_VOTE, s0, group-4EAE193F79A7, 1, (t:1, i:0))
2022-05-09 13:04:04,653 [Thread-7] INFO  impl.VoteContext (VoteContext.java:log(48)) - s4@group-4EAE193F79A7-CANDIDATE: accept PRE_VOTE from s0: our priority 0 <= candidate's priority 0
2022-05-09 13:04:04,653 [Thread-7] INFO  server.RaftServer$Division (RaftServerImpl.java:requestVote(1183)) - s4@group-4EAE193F79A7 replies to PRE_VOTE vote request: s0<-s4#0:OK-t1. Peer's state: s4@group-4EAE193F79A7:t1, leader=null, voted=s4, raftlog=s4@group-4EAE193F79A7-SegmentedRaftLog:OPENED:c0, conf=0: [s3|rpc:localhost:46809|admin:localhost:38119|client:localhost:40227|dataStream:localhost:35795|priority:0, s4|rpc:localhost:42721|admin:localhost:40067|client:localhost:36815|dataStream:localhost:33831|priority:0, s0|rpc:localhost:43875|admin:localhost:46477|client:localhost:45301|dataStream:localhost:46673|priority:0, s1|rpc:localhost:43167|admin:localhost:42827|client:localhost:41727|dataStream:localhost:38731|priority:0, s2|rpc:localhost:35037|admin:localhost:40161|client:localhost:40119|dataStream:localhost:37287|priority:0], old=null
2022-05-09 13:04:04,661 [Thread-16] INFO  server.RaftServer$Division (RaftServerImpl.java:setRole(298)) - s0@group-4EAE193F79A7: changes role from CANDIDATE to FOLLOWER at term 1 for appendEntries
2022-05-09 13:04:04,661 [Thread-16] INFO  impl.RoleInfo (RoleInfo.java:shutdownLeaderElection(130)) - s0: shutdown s0@group-4EAE193F79A7-LeaderElection11
2022-05-09 13:04:04,661 [Thread-16] INFO  impl.RoleInfo (RoleInfo.java:updateAndGet(139)) - s0: start s0@group-4EAE193F79A7-FollowerState
2022-05-09 13:04:04,661 [Thread-16] INFO  server.RaftServer$Division (ServerState.java:setLeader(287)) - s0@group-4EAE193F79A7: change Leader from null to s3 at term 1 for appendEntries, leader elected after 81ms
2022-05-09 13:04:04,669 [Thread-0] INFO  server.RaftServer$Division (RaftServerImpl.java:requestVote(1151)) - s3@group-4EAE193F79A7: receive requestVote(PRE_VOTE, s4, group-4EAE193F79A7, 1, (t:1, i:0))
2022-05-09 13:04:04,669 [Thread-14] INFO  server.RaftServer$Division (RaftServerImpl.java:requestVote(1151)) - s0@group-4EAE193F79A7: receive requestVote(PRE_VOTE, s4, group-4EAE193F79A7, 1, (t:1, i:0))
2022-05-09 13:04:04,670 [Thread-0] INFO  impl.VoteContext (VoteContext.java:log(48)) - s3@group-4EAE193F79A7-LEADER: reject PRE_VOTE from s4: this server is the leader and still has leadership
2022-05-09 13:04:04,670 [Thread-14] INFO  impl.VoteContext (VoteContext.java:log(48)) - s0@group-4EAE193F79A7-FOLLOWER: reject PRE_VOTE from s4: this server is a follower and still has a valid leader s3
2022-05-09 13:04:04,670 [Thread-0] INFO  server.RaftServer$Division (RaftServerImpl.java:requestVote(1183)) - s3@group-4EAE193F79A7 replies to PRE_VOTE vote request: s4<-s3#0:FAIL-t1. Peer's state: s3@group-4EAE193F79A7:t1, leader=s3, voted=s3, raftlog=s3@group-4EAE193F79A7-SegmentedRaftLog:OPENED:c0, conf=0: [s3|rpc:localhost:46809|admin:localhost:38119|client:localhost:40227|dataStream:localhost:35795|priority:0, s4|rpc:localhost:42721|admin:localhost:40067|client:localhost:36815|dataStream:localhost:33831|priority:0, s0|rpc:localhost:43875|admin:localhost:46477|client:localhost:45301|dataStream:localhost:46673|priority:0, s1|rpc:localhost:43167|admin:localhost:42827|client:localhost:41727|dataStream:localhost:38731|priority:0, s2|rpc:localhost:35037|admin:localhost:40161|client:localhost:40119|dataStream:localhost:37287|priority:0], old=null
2022-05-09 13:04:04,670 [Thread-14] INFO  server.RaftServer$Division (RaftServerImpl.java:requestVote(1183)) - s0@group-4EAE193F79A7 replies to PRE_VOTE vote request: s4<-s0#0:FAIL-t1. Peer's state: s0@group-4EAE193F79A7:t1, leader=s3, voted=s3, raftlog=s0@group-4EAE193F79A7-SegmentedRaftLog:OPENED:c0, conf=0: [s3|rpc:localhost:46809|admin:localhost:38119|client:localhost:40227|dataStream:localhost:35795|priority:0, s4|rpc:localhost:42721|admin:localhost:40067|client:localhost:36815|dataStream:localhost:33831|priority:0, s0|rpc:localhost:43875|admin:localhost:46477|client:localhost:45301|dataStream:localhost:46673|priority:0, s1|rpc:localhost:43167|admin:localhost:42827|client:localhost:41727|dataStream:localhost:38731|priority:0, s2|rpc:localhost:35037|admin:localhost:40161|client:localhost:40119|dataStream:localhost:37287|priority:0], old=null
2022-05-09 13:04:04,673 [Thread-22] INFO  server.RaftServer$Division (RaftServerImpl.java:requestVote(1151)) - s1@group-4EAE193F79A7: receive requestVote(PRE_VOTE, s4, group-4EAE193F79A7, 1, (t:1, i:0))
2022-05-09 13:04:04,673 [Thread-22] INFO  impl.VoteContext (VoteContext.java:log(48)) - s1@group-4EAE193F79A7-FOLLOWER: reject PRE_VOTE from s4: this server is a follower and still has a valid leader s3
2022-05-09 13:04:04,673 [Thread-22] INFO  server.RaftServer$Division (RaftServerImpl.java:requestVote(1183)) - s1@group-4EAE193F79A7 replies to PRE_VOTE vote request: s4<-s1#0:FAIL-t1. Peer's state: s1@group-4EAE193F79A7:t1, leader=s3, voted=s4, raftlog=s1@group-4EAE193F79A7-SegmentedRaftLog:OPENED:c0, conf=0: [s3|rpc:localhost:46809|admin:localhost:38119|client:localhost:40227|dataStream:localhost:35795|priority:0, s4|rpc:localhost:42721|admin:localhost:40067|client:localhost:36815|dataStream:localhost:33831|priority:0, s0|rpc:localhost:43875|admin:localhost:46477|client:localhost:45301|dataStream:localhost:46673|priority:0, s1|rpc:localhost:43167|admin:localhost:42827|client:localhost:41727|dataStream:localhost:38731|priority:0, s2|rpc:localhost:35037|admin:localhost:40161|client:localhost:40119|dataStream:localhost:37287|priority:0], old=null
2022-05-09 13:04:04,673 [Thread-28] INFO  server.RaftServer$Division (RaftServerImpl.java:requestVote(1151)) - s2@group-4EAE193F79A7: receive requestVote(PRE_VOTE, s4, group-4EAE193F79A7, 1, (t:1, i:0))
2022-05-09 13:04:04,674 [Thread-28] INFO  impl.VoteContext (VoteContext.java:log(48)) - s2@group-4EAE193F79A7-FOLLOWER: reject PRE_VOTE from s4: this server is a follower and still has a valid leader s3
2022-05-09 13:04:04,674 [Thread-28] INFO  server.RaftServer$Division (RaftServerImpl.java:requestVote(1183)) - s2@group-4EAE193F79A7 replies to PRE_VOTE vote request: s4<-s2#0:FAIL-t1. Peer's state: s2@group-4EAE193F79A7:t1, leader=s3, voted=s3, raftlog=s2@group-4EAE193F79A7-SegmentedRaftLog:OPENED:c0, conf=0: [s3|rpc:localhost:46809|admin:localhost:38119|client:localhost:40227|dataStream:localhost:35795|priority:0, s4|rpc:localhost:42721|admin:localhost:40067|client:localhost:36815|dataStream:localhost:33831|priority:0, s0|rpc:localhost:43875|admin:localhost:46477|client:localhost:45301|dataStream:localhost:46673|priority:0, s1|rpc:localhost:43167|admin:localhost:42827|client:localhost:41727|dataStream:localhost:38731|priority:0, s2|rpc:localhost:35037|admin:localhost:40161|client:localhost:40119|dataStream:localhost:37287|priority:0], old=null
2022-05-09 13:04:04,692 [s4@group-4EAE193F79A7-LeaderElection10] INFO  impl.LeaderElection (LeaderElection.java:logAndReturn(90)) - s4@group-4EAE193F79A7-LeaderElection10: PRE_VOTE REJECTED received 3 response(s) and 0 exception(s):
2022-05-09 13:04:04,693 [s4@group-4EAE193F79A7-LeaderElection10] INFO  impl.LeaderElection (LeaderElection.java:logAndReturn(94)) -   Response 0: s4<-s3#0:FAIL-t1
2022-05-09 13:04:04,693 [s4@group-4EAE193F79A7-LeaderElection10] INFO  impl.LeaderElection (LeaderElection.java:logAndReturn(94)) -   Response 1: s4<-s0#0:FAIL-t1
2022-05-09 13:04:04,693 [s4@group-4EAE193F79A7-LeaderElection10] INFO  impl.LeaderElection (LeaderElection.java:logAndReturn(94)) -   Response 2: s4<-s1#0:FAIL-t1
2022-05-09 13:04:04,693 [s4@group-4EAE193F79A7-LeaderElection10] INFO  impl.LeaderElection (LeaderElection.java:askForVotes(312)) - s4@group-4EAE193F79A7-LeaderElection10 PRE_VOTE round 1: result REJECTED
2022-05-09 13:04:04,693 [s4@group-4EAE193F79A7-LeaderElection10] INFO  server.RaftServer$Division (RaftServerImpl.java:setRole(298)) - s4@group-4EAE193F79A7: changes role from CANDIDATE to FOLLOWER at term 1 for REJECTED
2022-05-09 13:04:04,693 [s4@group-4EAE193F79A7-LeaderElection10] INFO  impl.RoleInfo (RoleInfo.java:shutdownLeaderElection(130)) - s4: shutdown s4@group-4EAE193F79A7-LeaderElection10
2022-05-09 13:04:04,693 [s4@group-4EAE193F79A7-LeaderElection10] INFO  impl.RoleInfo (RoleInfo.java:updateAndGet(139)) - s4: start s4@group-4EAE193F79A7-FollowerState
2022-05-09 13:04:04,732 [Thread-23] INFO  server.RaftServer$Division (RaftServerImpl.java:requestVote(1151)) - s1@group-4EAE193F79A7: receive requestVote(PRE_VOTE, s0, group-4EAE193F79A7, 1, (t:1, i:0))
2022-05-09 13:04:04,732 [Thread-29] INFO  server.RaftServer$Division (RaftServerImpl.java:requestVote(1151)) - s2@group-4EAE193F79A7: receive requestVote(PRE_VOTE, s0, group-4EAE193F79A7, 1, (t:1, i:0))
2022-05-09 13:04:04,732 [Thread-29] INFO  impl.VoteContext (VoteContext.java:log(48)) - s2@group-4EAE193F79A7-FOLLOWER: reject PRE_VOTE from s0: this server is a follower and still has a valid leader s3
2022-05-09 13:04:04,733 [Thread-29] INFO  server.RaftServer$Division (RaftServerImpl.java:requestVote(1183)) - s2@group-4EAE193F79A7 replies to PRE_VOTE vote request: s0<-s2#0:FAIL-t1. Peer's state: s2@group-4EAE193F79A7:t1, leader=s3, voted=s3, raftlog=s2@group-4EAE193F79A7-SegmentedRaftLog:OPENED:c0, conf=0: [s3|rpc:localhost:46809|admin:localhost:38119|client:localhost:40227|dataStream:localhost:35795|priority:0, s4|rpc:localhost:42721|admin:localhost:40067|client:localhost:36815|dataStream:localhost:33831|priority:0, s0|rpc:localhost:43875|admin:localhost:46477|client:localhost:45301|dataStream:localhost:46673|priority:0, s1|rpc:localhost:43167|admin:localhost:42827|client:localhost:41727|dataStream:localhost:38731|priority:0, s2|rpc:localhost:35037|admin:localhost:40161|client:localhost:40119|dataStream:localhost:37287|priority:0], old=null
2022-05-09 13:04:04,732 [Thread-23] INFO  impl.VoteContext (VoteContext.java:log(48)) - s1@group-4EAE193F79A7-FOLLOWER: reject PRE_VOTE from s0: this server is a follower and still has a valid leader s3
2022-05-09 13:04:04,733 [Thread-23] INFO  server.RaftServer$Division (RaftServerImpl.java:requestVote(1183)) - s1@group-4EAE193F79A7 replies to PRE_VOTE vote request: s0<-s1#0:FAIL-t1. Peer's state: s1@group-4EAE193F79A7:t1, leader=s3, voted=s4, raftlog=s1@group-4EAE193F79A7-SegmentedRaftLog:OPENED:c0, conf=0: [s3|rpc:localhost:46809|admin:localhost:38119|client:localhost:40227|dataStream:localhost:35795|priority:0, s4|rpc:localhost:42721|admin:localhost:40067|client:localhost:36815|dataStream:localhost:33831|priority:0, s0|rpc:localhost:43875|admin:localhost:46477|client:localhost:45301|dataStream:localhost:46673|priority:0, s1|rpc:localhost:43167|admin:localhost:42827|client:localhost:41727|dataStream:localhost:38731|priority:0, s2|rpc:localhost:35037|admin:localhost:40161|client:localhost:40119|dataStream:localhost:37287|priority:0], old=null
2022-05-09 13:04:04,733 [Thread-1] INFO  server.RaftServer$Division (RaftServerImpl.java:requestVote(1151)) - s3@group-4EAE193F79A7: receive requestVote(PRE_VOTE, s0, group-4EAE193F79A7, 1, (t:1, i:0))
2022-05-09 13:04:04,734 [Thread-1] INFO  impl.VoteContext (VoteContext.java:log(48)) - s3@group-4EAE193F79A7-LEADER: reject PRE_VOTE from s0: this server is the leader and still has leadership
2022-05-09 13:04:04,734 [Thread-1] INFO  server.RaftServer$Division (RaftServerImpl.java:requestVote(1183)) - s3@group-4EAE193F79A7 replies to PRE_VOTE vote request: s0<-s3#0:FAIL-t1. Peer's state: s3@group-4EAE193F79A7:t1, leader=s3, voted=s3, raftlog=s3@group-4EAE193F79A7-SegmentedRaftLog:OPENED:c0, conf=0: [s3|rpc:localhost:46809|admin:localhost:38119|client:localhost:40227|dataStream:localhost:35795|priority:0, s4|rpc:localhost:42721|admin:localhost:40067|client:localhost:36815|dataStream:localhost:33831|priority:0, s0|rpc:localhost:43875|admin:localhost:46477|client:localhost:45301|dataStream:localhost:46673|priority:0, s1|rpc:localhost:43167|admin:localhost:42827|client:localhost:41727|dataStream:localhost:38731|priority:0, s2|rpc:localhost:35037|admin:localhost:40161|client:localhost:40119|dataStream:localhost:37287|priority:0], old=null
2022-05-09 13:04:04,750 [s0@group-4EAE193F79A7-LeaderElection11] INFO  impl.LeaderElection (LeaderElection.java:logAndReturn(90)) - s0@group-4EAE193F79A7-LeaderElection11: PRE_VOTE REJECTED received 1 response(s) and 0 exception(s):
2022-05-09 13:04:04,751 [s0@group-4EAE193F79A7-LeaderElection11] INFO  impl.LeaderElection (LeaderElection.java:logAndReturn(94)) -   Response 0: s0<-s2#0:FAIL-t1
2022-05-09 13:04:04,751 [s0@group-4EAE193F79A7-LeaderElection11] INFO  impl.LeaderElection (LeaderElection.java:askForVotes(312)) - s0@group-4EAE193F79A7-LeaderElection11 PRE_VOTE round 0: result REJECTED
2022-05-09 13:04:04,827 [Thread-8] INFO  server.RaftServer$Division (ServerState.java:setLeader(287)) - s4@group-4EAE193F79A7: change Leader from null to s3 at term 1 for appendEntries, leader elected after 464ms
2022-05-09 13:04:04,882 [Thread-9] INFO  server.RaftServer$Division (RaftServerImpl.java:requestVote(1151)) - s4@group-4EAE193F79A7: receive requestVote(PRE_VOTE, s0, group-4EAE193F79A7, 1, (t:1, i:0))
2022-05-09 13:04:04,882 [Thread-9] INFO  impl.VoteContext (VoteContext.java:log(48)) - s4@group-4EAE193F79A7-FOLLOWER: reject PRE_VOTE from s0: this server is a follower and still has a valid leader s3
2022-05-09 13:04:04,882 [Thread-9] INFO  server.RaftServer$Division (RaftServerImpl.java:requestVote(1183)) - s4@group-4EAE193F79A7 replies to PRE_VOTE vote request: s0<-s4#0:FAIL-t1. Peer's state: s4@group-4EAE193F79A7:t1, leader=s3, voted=s4, raftlog=s4@group-4EAE193F79A7-SegmentedRaftLog:OPENED:c0, conf=0: [s3|rpc:localhost:46809|admin:localhost:38119|client:localhost:40227|dataStream:localhost:35795|priority:0, s4|rpc:localhost:42721|admin:localhost:40067|client:localhost:36815|dataStream:localhost:33831|priority:0, s0|rpc:localhost:43875|admin:localhost:46477|client:localhost:45301|dataStream:localhost:46673|priority:0, s1|rpc:localhost:43167|admin:localhost:42827|client:localhost:41727|dataStream:localhost:38731|priority:0, s2|rpc:localhost:35037|admin:localhost:40161|client:localhost:40119|dataStream:localhost:37287|priority:0], old=null
2022-05-09 13:04:05,087 [Time-limited test] INFO  simulation.TestLeaderElectionWithSimulatedRpc (LeaderElectionTests.java:enforceLeader(243)) - try enforcing leader to s4 but new leader is s3
2022-05-09 13:04:05,087 [Time-limited test] INFO  server.RaftServerConfigKeys (ConfUtils.java:logGet(46)) - raft.server.rpc.timeout.max = 300ms (default)
2022-05-09 13:04:05,280 [s4@group-4EAE193F79A7-FollowerState] INFO  impl.FollowerState (FollowerState.java:run(143)) - s4@group-4EAE193F79A7-FollowerState: change to CANDIDATE, lastRpcElapsedTime:267157794ns, electionTimeout:202ms
2022-05-09 13:04:05,281 [s4@group-4EAE193F79A7-FollowerState] INFO  impl.RoleInfo (RoleInfo.java:shutdownFollowerState(110)) - s4: shutdown s4@group-4EAE193F79A7-FollowerState
2022-05-09 13:04:05,281 [s4@group-4EAE193F79A7-FollowerState] INFO  server.RaftServer$Division (RaftServerImpl.java:setRole(298)) - s4@group-4EAE193F79A7: changes role from  FOLLOWER to CANDIDATE at term 1 for changeToCandidate
2022-05-09 13:04:05,281 [s4@group-4EAE193F79A7-FollowerState] INFO  server.RaftServerConfigKeys (ConfUtils.java:logGet(46)) - raft.server.leaderelection.pre-vote = true (default)
2022-05-09 13:04:05,281 [s4@group-4EAE193F79A7-FollowerState] INFO  impl.RoleInfo (RoleInfo.java:updateAndGet(139)) - s4: start s4@group-4EAE193F79A7-LeaderElection12
2022-05-09 13:04:05,281 [s4@group-4EAE193F79A7-LeaderElection12] INFO  server.RaftServer$Division (ServerState.java:setLeader(287)) - s4@group-4EAE193F79A7: change Leader from s3 to null at term 1 for PRE_VOTE
2022-05-09 13:04:05,281 [s4@group-4EAE193F79A7-LeaderElection12] INFO  impl.LeaderElection (LeaderElection.java:askForVotes(310)) - s4@group-4EAE193F79A7-LeaderElection12 PRE_VOTE round 0: submit vote requests at term 1 for 0: [s3|rpc:localhost:46809|admin:localhost:38119|client:localhost:40227|dataStream:localhost:35795|priority:0, s4|rpc:localhost:42721|admin:localhost:40067|client:localhost:36815|dataStream:localhost:33831|priority:0, s0|rpc:localhost:43875|admin:localhost:46477|client:localhost:45301|dataStream:localhost:46673|priority:0, s1|rpc:localhost:43167|admin:localhost:42827|client:localhost:41727|dataStream:localhost:38731|priority:0, s2|rpc:localhost:35037|admin:localhost:40161|client:localhost:40119|dataStream:localhost:37287|priority:0], old=null
2022-05-09 13:04:05,433 [Thread-2] INFO  server.RaftServer$Division (RaftServerImpl.java:requestVote(1151)) - s3@group-4EAE193F79A7: receive requestVote(PRE_VOTE, s4, group-4EAE193F79A7, 1, (t:1, i:0))
2022-05-09 13:04:05,433 [Thread-14] INFO  server.RaftServer$Division (RaftServerImpl.java:requestVote(1151)) - s0@group-4EAE193F79A7: receive requestVote(PRE_VOTE, s4, group-4EAE193F79A7, 1, (t:1, i:0))
2022-05-09 13:04:05,434 [Thread-23] INFO  server.RaftServer$Division (RaftServerImpl.java:requestVote(1151)) - s1@group-4EAE193F79A7: receive requestVote(PRE_VOTE, s4, group-4EAE193F79A7, 1, (t:1, i:0))
2022-05-09 13:04:05,434 [Thread-14] INFO  impl.VoteContext (VoteContext.java:log(48)) - s0@group-4EAE193F79A7-FOLLOWER: accept PRE_VOTE from s4: our priority 0 <= candidate's priority 0
2022-05-09 13:04:05,434 [Thread-14] INFO  server.RaftServer$Division (RaftServerImpl.java:requestVote(1183)) - s0@group-4EAE193F79A7 replies to PRE_VOTE vote request: s4<-s0#0:OK-t1. Peer's state: s0@group-4EAE193F79A7:t1, leader=s3, voted=s3, raftlog=s0@group-4EAE193F79A7-SegmentedRaftLog:OPENED:c0, conf=0: [s3|rpc:localhost:46809|admin:localhost:38119|client:localhost:40227|dataStream:localhost:35795|priority:0, s4|rpc:localhost:42721|admin:localhost:40067|client:localhost:36815|dataStream:localhost:33831|priority:0, s0|rpc:localhost:43875|admin:localhost:46477|client:localhost:45301|dataStream:localhost:46673|priority:0, s1|rpc:localhost:43167|admin:localhost:42827|client:localhost:41727|dataStream:localhost:38731|priority:0, s2|rpc:localhost:35037|admin:localhost:40161|client:localhost:40119|dataStream:localhost:37287|priority:0], old=null
2022-05-09 13:04:05,434 [Thread-29] INFO  server.RaftServer$Division (RaftServerImpl.java:requestVote(1151)) - s2@group-4EAE193F79A7: receive requestVote(PRE_VOTE, s4, group-4EAE193F79A7, 1, (t:1, i:0))
2022-05-09 13:04:05,434 [Thread-29] INFO  impl.VoteContext (VoteContext.java:log(48)) - s2@group-4EAE193F79A7-FOLLOWER: accept PRE_VOTE from s4: our priority 0 <= candidate's priority 0
2022-05-09 13:04:05,434 [Thread-29] INFO  server.RaftServer$Division (RaftServerImpl.java:requestVote(1183)) - s2@group-4EAE193F79A7 replies to PRE_VOTE vote request: s4<-s2#0:OK-t1. Peer's state: s2@group-4EAE193F79A7:t1, leader=s3, voted=s3, raftlog=s2@group-4EAE193F79A7-SegmentedRaftLog:OPENED:c0, conf=0: [s3|rpc:localhost:46809|admin:localhost:38119|client:localhost:40227|dataStream:localhost:35795|priority:0, s4|rpc:localhost:42721|admin:localhost:40067|client:localhost:36815|dataStream:localhost:33831|priority:0, s0|rpc:localhost:43875|admin:localhost:46477|client:localhost:45301|dataStream:localhost:46673|priority:0, s1|rpc:localhost:43167|admin:localhost:42827|client:localhost:41727|dataStream:localhost:38731|priority:0, s2|rpc:localhost:35037|admin:localhost:40161|client:localhost:40119|dataStream:localhost:37287|priority:0], old=null
2022-05-09 13:04:05,433 [Thread-2] INFO  impl.VoteContext (VoteContext.java:log(48)) - s3@group-4EAE193F79A7-LEADER: reject PRE_VOTE from s4: this server is the leader and still has leadership
2022-05-09 13:04:05,434 [Thread-23] INFO  impl.VoteContext (VoteContext.java:log(48)) - s1@group-4EAE193F79A7-FOLLOWER: reject PRE_VOTE from s4: this server is a follower and still has a valid leader s3
2022-05-09 13:04:05,435 [Thread-2] INFO  server.RaftServer$Division (RaftServerImpl.java:requestVote(1183)) - s3@group-4EAE193F79A7 replies to PRE_VOTE vote request: s4<-s3#0:FAIL-t1. Peer's state: s3@group-4EAE193F79A7:t1, leader=s3, voted=s3, raftlog=s3@group-4EAE193F79A7-SegmentedRaftLog:OPENED:c0, conf=0: [s3|rpc:localhost:46809|admin:localhost:38119|client:localhost:40227|dataStream:localhost:35795|priority:0, s4|rpc:localhost:42721|admin:localhost:40067|client:localhost:36815|dataStream:localhost:33831|priority:0, s0|rpc:localhost:43875|admin:localhost:46477|client:localhost:45301|dataStream:localhost:46673|priority:0, s1|rpc:localhost:43167|admin:localhost:42827|client:localhost:41727|dataStream:localhost:38731|priority:0, s2|rpc:localhost:35037|admin:localhost:40161|client:localhost:40119|dataStream:localhost:37287|priority:0], old=null
2022-05-09 13:04:05,435 [Thread-23] INFO  server.RaftServer$Division (RaftServerImpl.java:requestVote(1183)) - s1@group-4EAE193F79A7 replies to PRE_VOTE vote request: s4<-s1#0:FAIL-t1. Peer's state: s1@group-4EAE193F79A7:t1, leader=s3, voted=s4, raftlog=s1@group-4EAE193F79A7-SegmentedRaftLog:OPENED:c0, conf=0: [s3|rpc:localhost:46809|admin:localhost:38119|client:localhost:40227|dataStream:localhost:35795|priority:0, s4|rpc:localhost:42721|admin:localhost:40067|client:localhost:36815|dataStream:localhost:33831|priority:0, s0|rpc:localhost:43875|admin:localhost:46477|client:localhost:45301|dataStream:localhost:46673|priority:0, s1|rpc:localhost:43167|admin:localhost:42827|client:localhost:41727|dataStream:localhost:38731|priority:0, s2|rpc:localhost:35037|admin:localhost:40161|client:localhost:40119|dataStream:localhost:37287|priority:0], old=null
2022-05-09 13:04:05,440 [s4@group-4EAE193F79A7-LeaderElection12] INFO  impl.LeaderElection (LeaderElection.java:logAndReturn(90)) - s4@group-4EAE193F79A7-LeaderElection12: PRE_VOTE TIMEOUT received 0 response(s) and 0 exception(s):
2022-05-09 13:04:05,440 [s4@group-4EAE193F79A7-LeaderElection12] INFO  impl.LeaderElection (LeaderElection.java:askForVotes(312)) - s4@group-4EAE193F79A7-LeaderElection12 PRE_VOTE round 0: result TIMEOUT
2022-05-09 13:04:05,441 [s4@group-4EAE193F79A7-LeaderElection12] INFO  impl.LeaderElection (LeaderElection.java:askForVotes(310)) - s4@group-4EAE193F79A7-LeaderElection12 PRE_VOTE round 1: submit vote requests at term 1 for 0: [s3|rpc:localhost:46809|admin:localhost:38119|client:localhost:40227|dataStream:localhost:35795|priority:0, s4|rpc:localhost:42721|admin:localhost:40067|client:localhost:36815|dataStream:localhost:33831|priority:0, s0|rpc:localhost:43875|admin:localhost:46477|client:localhost:45301|dataStream:localhost:46673|priority:0, s1|rpc:localhost:43167|admin:localhost:42827|client:localhost:41727|dataStream:localhost:38731|priority:0, s2|rpc:localhost:35037|admin:localhost:40161|client:localhost:40119|dataStream:localhost:37287|priority:0], old=null
2022-05-09 13:04:05,538 [Time-limited test] INFO  server.RaftServerConfigKeys (ConfUtils.java:logGet(46)) - raft.server.rpc.timeout.max = 300ms (default)
2022-05-09 13:04:05,592 [Thread-0] INFO  server.RaftServer$Division (RaftServerImpl.java:requestVote(1151)) - s3@group-4EAE193F79A7: receive requestVote(PRE_VOTE, s4, group-4EAE193F79A7, 1, (t:1, i:0))
2022-05-09 13:04:05,593 [Thread-21] INFO  server.RaftServer$Division (RaftServerImpl.java:requestVote(1151)) - s1@group-4EAE193F79A7: receive requestVote(PRE_VOTE, s4, group-4EAE193F79A7, 1, (t:1, i:0))
2022-05-09 13:04:05,593 [Thread-0] INFO  impl.VoteContext (VoteContext.java:log(48)) - s3@group-4EAE193F79A7-LEADER: reject PRE_VOTE from s4: this server is the leader and still has leadership
2022-05-09 13:04:05,592 [Thread-16] INFO  server.RaftServer$Division (RaftServerImpl.java:requestVote(1151)) - s0@group-4EAE193F79A7: receive requestVote(PRE_VOTE, s4, group-4EAE193F79A7, 1, (t:1, i:0))
2022-05-09 13:04:05,593 [Thread-16] INFO  impl.VoteContext (VoteContext.java:log(48)) - s0@group-4EAE193F79A7-FOLLOWER: reject PRE_VOTE from s4: this server is a follower and still has a valid leader s3
2022-05-09 13:04:05,594 [Thread-16] INFO  server.RaftServer$Division (RaftServerImpl.java:requestVote(1183)) - s0@group-4EAE193F79A7 replies to PRE_VOTE vote request: s4<-s0#0:FAIL-t1. Peer's state: s0@group-4EAE193F79A7:t1, leader=s3, voted=s3, raftlog=s0@group-4EAE193F79A7-SegmentedRaftLog:OPENED:c0, conf=0: [s3|rpc:localhost:46809|admin:localhost:38119|client:localhost:40227|dataStream:localhost:35795|priority:0, s4|rpc:localhost:42721|admin:localhost:40067|client:localhost:36815|dataStream:localhost:33831|priority:0, s0|rpc:localhost:43875|admin:localhost:46477|client:localhost:45301|dataStream:localhost:46673|priority:0, s1|rpc:localhost:43167|admin:localhost:42827|client:localhost:41727|dataStream:localhost:38731|priority:0, s2|rpc:localhost:35037|admin:localhost:40161|client:localhost:40119|dataStream:localhost:37287|priority:0], old=null
2022-05-09 13:04:05,594 [Thread-28] INFO  server.RaftServer$Division (RaftServerImpl.java:requestVote(1151)) - s2@group-4EAE193F79A7: receive requestVote(PRE_VOTE, s4, group-4EAE193F79A7, 1, (t:1, i:0))
2022-05-09 13:04:05,594 [Thread-28] INFO  impl.VoteContext (VoteContext.java:log(48)) - s2@group-4EAE193F79A7-FOLLOWER: reject PRE_VOTE from s4: this server is a follower and still has a valid leader s3
2022-05-09 13:04:05,594 [Thread-28] INFO  server.RaftServer$Division (RaftServerImpl.java:requestVote(1183)) - s2@group-4EAE193F79A7 replies to PRE_VOTE vote request: s4<-s2#0:FAIL-t1. Peer's state: s2@group-4EAE193F79A7:t1, leader=s3, voted=s3, raftlog=s2@group-4EAE193F79A7-SegmentedRaftLog:OPENED:c0, conf=0: [s3|rpc:localhost:46809|admin:localhost:38119|client:localhost:40227|dataStream:localhost:35795|priority:0, s4|rpc:localhost:42721|admin:localhost:40067|client:localhost:36815|dataStream:localhost:33831|priority:0, s0|rpc:localhost:43875|admin:localhost:46477|client:localhost:45301|dataStream:localhost:46673|priority:0, s1|rpc:localhost:43167|admin:localhost:42827|client:localhost:41727|dataStream:localhost:38731|priority:0, s2|rpc:localhost:35037|admin:localhost:40161|client:localhost:40119|dataStream:localhost:37287|priority:0], old=null
2022-05-09 13:04:05,593 [Thread-21] INFO  impl.VoteContext (VoteContext.java:log(48)) - s1@group-4EAE193F79A7-FOLLOWER: reject PRE_VOTE from s4: this server is a follower and still has a valid leader s3
2022-05-09 13:04:05,596 [Thread-21] INFO  server.RaftServer$Division (RaftServerImpl.java:requestVote(1183)) - s1@group-4EAE193F79A7 replies to PRE_VOTE vote request: s4<-s1#0:FAIL-t1. Peer's state: s1@group-4EAE193F79A7:t1, leader=s3, voted=s4, raftlog=s1@group-4EAE193F79A7-SegmentedRaftLog:OPENED:c0, conf=0: [s3|rpc:localhost:46809|admin:localhost:38119|client:localhost:40227|dataStream:localhost:35795|priority:0, s4|rpc:localhost:42721|admin:localhost:40067|client:localhost:36815|dataStream:localhost:33831|priority:0, s0|rpc:localhost:43875|admin:localhost:46477|client:localhost:45301|dataStream:localhost:46673|priority:0, s1|rpc:localhost:43167|admin:localhost:42827|client:localhost:41727|dataStream:localhost:38731|priority:0, s2|rpc:localhost:35037|admin:localhost:40161|client:localhost:40119|dataStream:localhost:37287|priority:0], old=null
2022-05-09 13:04:05,593 [Thread-0] INFO  server.RaftServer$Division (RaftServerImpl.java:requestVote(1183)) - s3@group-4EAE193F79A7 replies to PRE_VOTE vote request: s4<-s3#0:FAIL-t1. Peer's state: s3@group-4EAE193F79A7:t1, leader=s3, voted=s3, raftlog=s3@group-4EAE193F79A7-SegmentedRaftLog:OPENED:c0, conf=0: [s3|rpc:localhost:46809|admin:localhost:38119|client:localhost:40227|dataStream:localhost:35795|priority:0, s4|rpc:localhost:42721|admin:localhost:40067|client:localhost:36815|dataStream:localhost:33831|priority:0, s0|rpc:localhost:43875|admin:localhost:46477|client:localhost:45301|dataStream:localhost:46673|priority:0, s1|rpc:localhost:43167|admin:localhost:42827|client:localhost:41727|dataStream:localhost:38731|priority:0, s2|rpc:localhost:35037|admin:localhost:40161|client:localhost:40119|dataStream:localhost:37287|priority:0], old=null
2022-05-09 13:04:05,611 [s4@group-4EAE193F79A7-LeaderElection12] INFO  impl.LeaderElection (LeaderElection.java:logAndReturn(90)) - s4@group-4EAE193F79A7-LeaderElection12: PRE_VOTE REJECTED received 3 response(s) and 0 exception(s):
2022-05-09 13:04:05,612 [s4@group-4EAE193F79A7-LeaderElection12] INFO  impl.LeaderElection (LeaderElection.java:logAndReturn(94)) -   Response 0: s4<-s3#0:FAIL-t1
2022-05-09 13:04:05,612 [s4@group-4EAE193F79A7-LeaderElection12] INFO  impl.LeaderElection (LeaderElection.java:logAndReturn(94)) -   Response 1: s4<-s0#0:FAIL-t1
2022-05-09 13:04:05,612 [s4@group-4EAE193F79A7-LeaderElection12] INFO  impl.LeaderElection (LeaderElection.java:logAndReturn(94)) -   Response 2: s4<-s1#0:FAIL-t1
2022-05-09 13:04:05,612 [s4@group-4EAE193F79A7-LeaderElection12] INFO  impl.LeaderElection (LeaderElection.java:askForVotes(312)) - s4@group-4EAE193F79A7-LeaderElection12 PRE_VOTE round 1: result REJECTED
2022-05-09 13:04:05,612 [s4@group-4EAE193F79A7-LeaderElection12] INFO  server.RaftServer$Division (RaftServerImpl.java:setRole(298)) - s4@group-4EAE193F79A7: changes role from CANDIDATE to FOLLOWER at term 1 for REJECTED
2022-05-09 13:04:05,612 [s4@group-4EAE193F79A7-LeaderElection12] INFO  impl.RoleInfo (RoleInfo.java:shutdownLeaderElection(130)) - s4: shutdown s4@group-4EAE193F79A7-LeaderElection12
2022-05-09 13:04:05,613 [s4@group-4EAE193F79A7-LeaderElection12] INFO  impl.RoleInfo (RoleInfo.java:updateAndGet(139)) - s4: start s4@group-4EAE193F79A7-FollowerState
2022-05-09 13:04:05,704 [Thread-9] INFO  server.RaftServer$Division (ServerState.java:setLeader(287)) - s4@group-4EAE193F79A7: change Leader from null to s3 at term 1 for appendEntries, leader elected after 422ms
2022-05-09 13:04:05,989 [Time-limited test] INFO  simulation.TestLeaderElectionWithSimulatedRpc (LeaderElectionTests.java:enforceLeader(243)) - try enforcing leader to s4 but new leader is s3
2022-05-09 13:04:05,989 [Time-limited test] INFO  server.RaftServerConfigKeys (ConfUtils.java:logGet(46)) - raft.server.rpc.timeout.max = 300ms (default)
2022-05-09 13:04:06,429 [s4@group-4EAE193F79A7-FollowerState] INFO  impl.FollowerState (FollowerState.java:run(143)) - s4@group-4EAE193F79A7-FollowerState: change to CANDIDATE, lastRpcElapsedTime:451676764ns, electionTimeout:293ms
2022-05-09 13:04:06,429 [s4@group-4EAE193F79A7-FollowerState] INFO  impl.RoleInfo (RoleInfo.java:shutdownFollowerState(110)) - s4: shutdown s4@group-4EAE193F79A7-FollowerState
2022-05-09 13:04:06,429 [s4@group-4EAE193F79A7-FollowerState] INFO  server.RaftServer$Division (RaftServerImpl.java:setRole(298)) - s4@group-4EAE193F79A7: changes role from  FOLLOWER to CANDIDATE at term 1 for changeToCandidate
2022-05-09 13:04:06,429 [s4@group-4EAE193F79A7-FollowerState] INFO  server.RaftServerConfigKeys (ConfUtils.java:logGet(46)) - raft.server.leaderelection.pre-vote = true (default)
2022-05-09 13:04:06,430 [s4@group-4EAE193F79A7-FollowerState] INFO  impl.RoleInfo (RoleInfo.java:updateAndGet(139)) - s4: start s4@group-4EAE193F79A7-LeaderElection13
2022-05-09 13:04:06,433 [s4@group-4EAE193F79A7-LeaderElection13] INFO  server.RaftServer$Division (ServerState.java:setLeader(287)) - s4@group-4EAE193F79A7: change Leader from s3 to null at term 1 for PRE_VOTE
2022-05-09 13:04:06,433 [s4@group-4EAE193F79A7-LeaderElection13] INFO  impl.LeaderElection (LeaderElection.java:askForVotes(310)) - s4@group-4EAE193F79A7-LeaderElection13 PRE_VOTE round 0: submit vote requests at term 1 for 0: [s3|rpc:localhost:46809|admin:localhost:38119|client:localhost:40227|dataStream:localhost:35795|priority:0, s4|rpc:localhost:42721|admin:localhost:40067|client:localhost:36815|dataStream:localhost:33831|priority:0, s0|rpc:localhost:43875|admin:localhost:46477|client:localhost:45301|dataStream:localhost:46673|priority:0, s1|rpc:localhost:43167|admin:localhost:42827|client:localhost:41727|dataStream:localhost:38731|priority:0, s2|rpc:localhost:35037|admin:localhost:40161|client:localhost:40119|dataStream:localhost:37287|priority:0], old=null
2022-05-09 13:04:06,439 [Time-limited test] INFO  server.RaftServerConfigKeys (ConfUtils.java:logGet(46)) - raft.server.rpc.timeout.max = 300ms (default)
2022-05-09 13:04:06,584 [Thread-1] INFO  server.RaftServer$Division (RaftServerImpl.java:requestVote(1151)) - s3@group-4EAE193F79A7: receive requestVote(PRE_VOTE, s4, group-4EAE193F79A7, 1, (t:1, i:0))
2022-05-09 13:04:06,585 [Thread-1] INFO  impl.VoteContext (VoteContext.java:log(48)) - s3@group-4EAE193F79A7-LEADER: reject PRE_VOTE from s4: this server is the leader and still has leadership
2022-05-09 13:04:06,586 [Thread-1] INFO  server.RaftServer$Division (RaftServerImpl.java:requestVote(1183)) - s3@group-4EAE193F79A7 replies to PRE_VOTE vote request: s4<-s3#0:FAIL-t1. Peer's state: s3@group-4EAE193F79A7:t1, leader=s3, voted=s3, raftlog=s3@group-4EAE193F79A7-SegmentedRaftLog:OPENED:c0, conf=0: [s3|rpc:localhost:46809|admin:localhost:38119|client:localhost:40227|dataStream:localhost:35795|priority:0, s4|rpc:localhost:42721|admin:localhost:40067|client:localhost:36815|dataStream:localhost:33831|priority:0, s0|rpc:localhost:43875|admin:localhost:46477|client:localhost:45301|dataStream:localhost:46673|priority:0, s1|rpc:localhost:43167|admin:localhost:42827|client:localhost:41727|dataStream:localhost:38731|priority:0, s2|rpc:localhost:35037|admin:localhost:40161|client:localhost:40119|dataStream:localhost:37287|priority:0], old=null
2022-05-09 13:04:06,585 [Thread-23] INFO  server.RaftServer$Division (RaftServerImpl.java:requestVote(1151)) - s1@group-4EAE193F79A7: receive requestVote(PRE_VOTE, s4, group-4EAE193F79A7, 1, (t:1, i:0))
2022-05-09 13:04:06,586 [Thread-23] INFO  impl.VoteContext (VoteContext.java:log(48)) - s1@group-4EAE193F79A7-FOLLOWER: reject PRE_VOTE from s4: this server is a follower and still has a valid leader s3
2022-05-09 13:04:06,585 [Thread-15] INFO  server.RaftServer$Division (RaftServerImpl.java:requestVote(1151)) - s0@group-4EAE193F79A7: receive requestVote(PRE_VOTE, s4, group-4EAE193F79A7, 1, (t:1, i:0))
2022-05-09 13:04:06,586 [Thread-15] INFO  impl.VoteContext (VoteContext.java:log(48)) - s0@group-4EAE193F79A7-FOLLOWER: reject PRE_VOTE from s4: this server is a follower and still has a valid leader s3
2022-05-09 13:04:06,586 [Thread-23] INFO  server.RaftServer$Division (RaftServerImpl.java:requestVote(1183)) - s1@group-4EAE193F79A7 replies to PRE_VOTE vote request: s4<-s1#0:FAIL-t1. Peer's state: s1@group-4EAE193F79A7:t1, leader=s3, voted=s4, raftlog=s1@group-4EAE193F79A7-SegmentedRaftLog:OPENED:c0, conf=0: [s3|rpc:localhost:46809|admin:localhost:38119|client:localhost:40227|dataStream:localhost:35795|priority:0, s4|rpc:localhost:42721|admin:localhost:40067|client:localhost:36815|dataStream:localhost:33831|priority:0, s0|rpc:localhost:43875|admin:localhost:46477|client:localhost:45301|dataStream:localhost:46673|priority:0, s1|rpc:localhost:43167|admin:localhost:42827|client:localhost:41727|dataStream:localhost:38731|priority:0, s2|rpc:localhost:35037|admin:localhost:40161|client:localhost:40119|dataStream:localhost:37287|priority:0], old=null
2022-05-09 13:04:06,586 [Thread-30] INFO  server.RaftServer$Division (RaftServerImpl.java:requestVote(1151)) - s2@group-4EAE193F79A7: receive requestVote(PRE_VOTE, s4, group-4EAE193F79A7, 1, (t:1, i:0))
2022-05-09 13:04:06,587 [Thread-30] INFO  impl.VoteContext (VoteContext.java:log(48)) - s2@group-4EAE193F79A7-FOLLOWER: reject PRE_VOTE from s4: this server is a follower and still has a valid leader s3
2022-05-09 13:04:06,587 [Thread-30] INFO  server.RaftServer$Division (RaftServerImpl.java:requestVote(1183)) - s2@group-4EAE193F79A7 replies to PRE_VOTE vote request: s4<-s2#0:FAIL-t1. Peer's state: s2@group-4EAE193F79A7:t1, leader=s3, voted=s3, raftlog=s2@group-4EAE193F79A7-SegmentedRaftLog:OPENED:c0, conf=0: [s3|rpc:localhost:46809|admin:localhost:38119|client:localhost:40227|dataStream:localhost:35795|priority:0, s4|rpc:localhost:42721|admin:localhost:40067|client:localhost:36815|dataStream:localhost:33831|priority:0, s0|rpc:localhost:43875|admin:localhost:46477|client:localhost:45301|dataStream:localhost:46673|priority:0, s1|rpc:localhost:43167|admin:localhost:42827|client:localhost:41727|dataStream:localhost:38731|priority:0, s2|rpc:localhost:35037|admin:localhost:40161|client:localhost:40119|dataStream:localhost:37287|priority:0], old=null
2022-05-09 13:04:06,587 [Thread-15] INFO  server.RaftServer$Division (RaftServerImpl.java:requestVote(1183)) - s0@group-4EAE193F79A7 replies to PRE_VOTE vote request: s4<-s0#0:FAIL-t1. Peer's state: s0@group-4EAE193F79A7:t1, leader=s3, voted=s3, raftlog=s0@group-4EAE193F79A7-SegmentedRaftLog:OPENED:c0, conf=0: [s3|rpc:localhost:46809|admin:localhost:38119|client:localhost:40227|dataStream:localhost:35795|priority:0, s4|rpc:localhost:42721|admin:localhost:40067|client:localhost:36815|dataStream:localhost:33831|priority:0, s0|rpc:localhost:43875|admin:localhost:46477|client:localhost:45301|dataStream:localhost:46673|priority:0, s1|rpc:localhost:43167|admin:localhost:42827|client:localhost:41727|dataStream:localhost:38731|priority:0, s2|rpc:localhost:35037|admin:localhost:40161|client:localhost:40119|dataStream:localhost:37287|priority:0], old=null
2022-05-09 13:04:06,599 [s4@group-4EAE193F79A7-LeaderElection13] INFO  impl.LeaderElection (LeaderElection.java:logAndReturn(90)) - s4@group-4EAE193F79A7-LeaderElection13: PRE_VOTE TIMEOUT received 1 response(s) and 0 exception(s):
2022-05-09 13:04:06,599 [s4@group-4EAE193F79A7-LeaderElection13] INFO  impl.LeaderElection (LeaderElection.java:logAndReturn(94)) -   Response 0: s4<-s3#0:FAIL-t1
2022-05-09 13:04:06,599 [s4@group-4EAE193F79A7-LeaderElection13] INFO  impl.LeaderElection (LeaderElection.java:askForVotes(312)) - s4@group-4EAE193F79A7-LeaderElection13 PRE_VOTE round 0: result TIMEOUT
2022-05-09 13:04:06,599 [s4@group-4EAE193F79A7-LeaderElection13] INFO  impl.LeaderElection (LeaderElection.java:askForVotes(310)) - s4@group-4EAE193F79A7-LeaderElection13 PRE_VOTE round 1: submit vote requests at term 1 for 0: [s3|rpc:localhost:46809|admin:localhost:38119|client:localhost:40227|dataStream:localhost:35795|priority:0, s4|rpc:localhost:42721|admin:localhost:40067|client:localhost:36815|dataStream:localhost:33831|priority:0, s0|rpc:localhost:43875|admin:localhost:46477|client:localhost:45301|dataStream:localhost:46673|priority:0, s1|rpc:localhost:43167|admin:localhost:42827|client:localhost:41727|dataStream:localhost:38731|priority:0, s2|rpc:localhost:35037|admin:localhost:40161|client:localhost:40119|dataStream:localhost:37287|priority:0], old=null
2022-05-09 13:04:06,600 [Thread-2] INFO  server.RaftServer$Division (RaftServerImpl.java:requestVote(1151)) - s3@group-4EAE193F79A7: receive requestVote(PRE_VOTE, s4, group-4EAE193F79A7, 1, (t:1, i:0))
2022-05-09 13:04:06,602 [Thread-2] INFO  impl.VoteContext (VoteContext.java:log(48)) - s3@group-4EAE193F79A7-LEADER: reject PRE_VOTE from s4: this server is the leader and still has leadership
2022-05-09 13:04:06,602 [Thread-2] INFO  server.RaftServer$Division (RaftServerImpl.java:requestVote(1183)) - s3@group-4EAE193F79A7 replies to PRE_VOTE vote request: s4<-s3#0:FAIL-t1. Peer's state: s3@group-4EAE193F79A7:t1, leader=s3, voted=s3, raftlog=s3@group-4EAE193F79A7-SegmentedRaftLog:OPENED:c0, conf=0: [s3|rpc:localhost:46809|admin:localhost:38119|client:localhost:40227|dataStream:localhost:35795|priority:0, s4|rpc:localhost:42721|admin:localhost:40067|client:localhost:36815|dataStream:localhost:33831|priority:0, s0|rpc:localhost:43875|admin:localhost:46477|client:localhost:45301|dataStream:localhost:46673|priority:0, s1|rpc:localhost:43167|admin:localhost:42827|client:localhost:41727|dataStream:localhost:38731|priority:0, s2|rpc:localhost:35037|admin:localhost:40161|client:localhost:40119|dataStream:localhost:37287|priority:0], old=null
2022-05-09 13:04:06,601 [Thread-29] INFO  server.RaftServer$Division (RaftServerImpl.java:requestVote(1151)) - s2@group-4EAE193F79A7: receive requestVote(PRE_VOTE, s4, group-4EAE193F79A7, 1, (t:1, i:0))
2022-05-09 13:04:06,602 [Thread-29] INFO  impl.VoteContext (VoteContext.java:log(48)) - s2@group-4EAE193F79A7-FOLLOWER: reject PRE_VOTE from s4: this server is a follower and still has a valid leader s3
2022-05-09 13:04:06,602 [Thread-29] INFO  server.RaftServer$Division (RaftServerImpl.java:requestVote(1183)) - s2@group-4EAE193F79A7 replies to PRE_VOTE vote request: s4<-s2#0:FAIL-t1. Peer's state: s2@group-4EAE193F79A7:t1, leader=s3, voted=s3, raftlog=s2@group-4EAE193F79A7-SegmentedRaftLog:OPENED:c0, conf=0: [s3|rpc:localhost:46809|admin:localhost:38119|client:localhost:40227|dataStream:localhost:35795|priority:0, s4|rpc:localhost:42721|admin:localhost:40067|client:localhost:36815|dataStream:localhost:33831|priority:0, s0|rpc:localhost:43875|admin:localhost:46477|client:localhost:45301|dataStream:localhost:46673|priority:0, s1|rpc:localhost:43167|admin:localhost:42827|client:localhost:41727|dataStream:localhost:38731|priority:0, s2|rpc:localhost:35037|admin:localhost:40161|client:localhost:40119|dataStream:localhost:37287|priority:0], old=null
2022-05-09 13:04:06,600 [Thread-22] INFO  server.RaftServer$Division (RaftServerImpl.java:requestVote(1151)) - s1@group-4EAE193F79A7: receive requestVote(PRE_VOTE, s4, group-4EAE193F79A7, 1, (t:1, i:0))
2022-05-09 13:04:06,602 [Thread-22] INFO  impl.VoteContext (VoteContext.java:log(48)) - s1@group-4EAE193F79A7-FOLLOWER: reject PRE_VOTE from s4: this server is a follower and still has a valid leader s3
2022-05-09 13:04:06,602 [Thread-22] INFO  server.RaftServer$Division (RaftServerImpl.java:requestVote(1183)) - s1@group-4EAE193F79A7 replies to PRE_VOTE vote request: s4<-s1#0:FAIL-t1. Peer's state: s1@group-4EAE193F79A7:t1, leader=s3, voted=s4, raftlog=s1@group-4EAE193F79A7-SegmentedRaftLog:OPENED:c0, conf=0: [s3|rpc:localhost:46809|admin:localhost:38119|client:localhost:40227|dataStream:localhost:35795|priority:0, s4|rpc:localhost:42721|admin:localhost:40067|client:localhost:36815|dataStream:localhost:33831|priority:0, s0|rpc:localhost:43875|admin:localhost:46477|client:localhost:45301|dataStream:localhost:46673|priority:0, s1|rpc:localhost:43167|admin:localhost:42827|client:localhost:41727|dataStream:localhost:38731|priority:0, s2|rpc:localhost:35037|admin:localhost:40161|client:localhost:40119|dataStream:localhost:37287|priority:0], old=null
2022-05-09 13:04:06,600 [Thread-16] INFO  server.RaftServer$Division (RaftServerImpl.java:requestVote(1151)) - s0@group-4EAE193F79A7: receive requestVote(PRE_VOTE, s4, group-4EAE193F79A7, 1, (t:1, i:0))
2022-05-09 13:04:06,603 [Thread-16] INFO  impl.VoteContext (VoteContext.java:log(48)) - s0@group-4EAE193F79A7-FOLLOWER: reject PRE_VOTE from s4: this server is a follower and still has a valid leader s3
2022-05-09 13:04:06,603 [Thread-16] INFO  server.RaftServer$Division (RaftServerImpl.java:requestVote(1183)) - s0@group-4EAE193F79A7 replies to PRE_VOTE vote request: s4<-s0#0:FAIL-t1. Peer's state: s0@group-4EAE193F79A7:t1, leader=s3, voted=s3, raftlog=s0@group-4EAE193F79A7-SegmentedRaftLog:OPENED:c0, conf=0: [s3|rpc:localhost:46809|admin:localhost:38119|client:localhost:40227|dataStream:localhost:35795|priority:0, s4|rpc:localhost:42721|admin:localhost:40067|client:localhost:36815|dataStream:localhost:33831|priority:0, s0|rpc:localhost:43875|admin:localhost:46477|client:localhost:45301|dataStream:localhost:46673|priority:0, s1|rpc:localhost:43167|admin:localhost:42827|client:localhost:41727|dataStream:localhost:38731|priority:0, s2|rpc:localhost:35037|admin:localhost:40161|client:localhost:40119|dataStream:localhost:37287|priority:0], old=null
2022-05-09 13:04:06,619 [s4@group-4EAE193F79A7-LeaderElection13] INFO  impl.LeaderElection (LeaderElection.java:logAndReturn(90)) - s4@group-4EAE193F79A7-LeaderElection13: PRE_VOTE REJECTED received 3 response(s) and 0 exception(s):
2022-05-09 13:04:06,620 [s4@group-4EAE193F79A7-LeaderElection13] INFO  impl.LeaderElection (LeaderElection.java:logAndReturn(94)) -   Response 0: s4<-s3#0:FAIL-t1
2022-05-09 13:04:06,620 [s4@group-4EAE193F79A7-LeaderElection13] INFO  impl.LeaderElection (LeaderElection.java:logAndReturn(94)) -   Response 1: s4<-s0#0:FAIL-t1
2022-05-09 13:04:06,620 [s4@group-4EAE193F79A7-LeaderElection13] INFO  impl.LeaderElection (LeaderElection.java:logAndReturn(94)) -   Response 2: s4<-s2#0:FAIL-t1
2022-05-09 13:04:06,620 [s4@group-4EAE193F79A7-LeaderElection13] INFO  impl.LeaderElection (LeaderElection.java:askForVotes(312)) - s4@group-4EAE193F79A7-LeaderElection13 PRE_VOTE round 1: result REJECTED
2022-05-09 13:04:06,620 [s4@group-4EAE193F79A7-LeaderElection13] INFO  server.RaftServer$Division (RaftServerImpl.java:setRole(298)) - s4@group-4EAE193F79A7: changes role from CANDIDATE to FOLLOWER at term 1 for REJECTED
2022-05-09 13:04:06,620 [s4@group-4EAE193F79A7-LeaderElection13] INFO  impl.RoleInfo (RoleInfo.java:shutdownLeaderElection(130)) - s4: shutdown s4@group-4EAE193F79A7-LeaderElection13
2022-05-09 13:04:06,621 [s4@group-4EAE193F79A7-LeaderElection13] INFO  impl.RoleInfo (RoleInfo.java:updateAndGet(139)) - s4: start s4@group-4EAE193F79A7-FollowerState
2022-05-09 13:04:06,670 [Thread-7] INFO  server.RaftServer$Division (ServerState.java:setLeader(287)) - s4@group-4EAE193F79A7: change Leader from null to s3 at term 1 for appendEntries, leader elected after 237ms
2022-05-09 13:04:06,890 [Time-limited test] INFO  simulation.TestLeaderElectionWithSimulatedRpc (LeaderElectionTests.java:enforceLeader(243)) - try enforcing leader to s4 but new leader is s3
2022-05-09 13:04:06,890 [Time-limited test] INFO  server.RaftServerConfigKeys (ConfUtils.java:logGet(46)) - raft.server.rpc.timeout.max = 300ms (default)
2022-05-09 13:04:07,319 [s4@group-4EAE193F79A7-FollowerState] INFO  impl.FollowerState (FollowerState.java:run(143)) - s4@group-4EAE193F79A7-FollowerState: change to CANDIDATE, lastRpcElapsedTime:464257484ns, electionTimeout:290ms
2022-05-09 13:04:07,320 [s4@group-4EAE193F79A7-FollowerState] INFO  impl.RoleInfo (RoleInfo.java:shutdownFollowerState(110)) - s4: shutdown s4@group-4EAE193F79A7-FollowerState
2022-05-09 13:04:07,320 [s4@group-4EAE193F79A7-FollowerState] INFO  server.RaftServer$Division (RaftServerImpl.java:setRole(298)) - s4@group-4EAE193F79A7: changes role from  FOLLOWER to CANDIDATE at term 1 for changeToCandidate
2022-05-09 13:04:07,320 [s4@group-4EAE193F79A7-FollowerState] INFO  server.RaftServerConfigKeys (ConfUtils.java:logGet(46)) - raft.server.leaderelection.pre-vote = true (default)
2022-05-09 13:04:07,320 [s4@group-4EAE193F79A7-FollowerState] INFO  impl.RoleInfo (RoleInfo.java:updateAndGet(139)) - s4: start s4@group-4EAE193F79A7-LeaderElection14
2022-05-09 13:04:07,321 [s4@group-4EAE193F79A7-LeaderElection14] INFO  server.RaftServer$Division (ServerState.java:setLeader(287)) - s4@group-4EAE193F79A7: change Leader from s3 to null at term 1 for PRE_VOTE
2022-05-09 13:04:07,321 [s4@group-4EAE193F79A7-LeaderElection14] INFO  impl.LeaderElection (LeaderElection.java:askForVotes(310)) - s4@group-4EAE193F79A7-LeaderElection14 PRE_VOTE round 0: submit vote requests at term 1 for 0: [s3|rpc:localhost:46809|admin:localhost:38119|client:localhost:40227|dataStream:localhost:35795|priority:0, s4|rpc:localhost:42721|admin:localhost:40067|client:localhost:36815|dataStream:localhost:33831|priority:0, s0|rpc:localhost:43875|admin:localhost:46477|client:localhost:45301|dataStream:localhost:46673|priority:0, s1|rpc:localhost:43167|admin:localhost:42827|client:localhost:41727|dataStream:localhost:38731|priority:0, s2|rpc:localhost:35037|admin:localhost:40161|client:localhost:40119|dataStream:localhost:37287|priority:0], old=null
2022-05-09 13:04:07,341 [Time-limited test] INFO  server.RaftServerConfigKeys (ConfUtils.java:logGet(46)) - raft.server.rpc.timeout.max = 300ms (default)
2022-05-09 13:04:07,471 [Thread-0] INFO  server.RaftServer$Division (RaftServerImpl.java:requestVote(1151)) - s3@group-4EAE193F79A7: receive requestVote(PRE_VOTE, s4, group-4EAE193F79A7, 1, (t:1, i:0))
2022-05-09 13:04:07,472 [Thread-0] INFO  impl.VoteContext (VoteContext.java:log(48)) - s3@group-4EAE193F79A7-LEADER: reject PRE_VOTE from s4: this server is the leader and still has leadership
2022-05-09 13:04:07,472 [Thread-22] INFO  server.RaftServer$Division (RaftServerImpl.java:requestVote(1151)) - s1@group-4EAE193F79A7: receive requestVote(PRE_VOTE, s4, group-4EAE193F79A7, 1, (t:1, i:0))
2022-05-09 13:04:07,472 [Thread-22] INFO  impl.VoteContext (VoteContext.java:log(48)) - s1@group-4EAE193F79A7-FOLLOWER: reject PRE_VOTE from s4: this server is a follower and still has a valid leader s3
2022-05-09 13:04:07,472 [Thread-14] INFO  server.RaftServer$Division (RaftServerImpl.java:requestVote(1151)) - s0@group-4EAE193F79A7: receive requestVote(PRE_VOTE, s4, group-4EAE193F79A7, 1, (t:1, i:0))
2022-05-09 13:04:07,472 [Thread-14] INFO  impl.VoteContext (VoteContext.java:log(48)) - s0@group-4EAE193F79A7-FOLLOWER: reject PRE_VOTE from s4: this server is a follower and still has a valid leader s3
2022-05-09 13:04:07,473 [Thread-14] INFO  server.RaftServer$Division (RaftServerImpl.java:requestVote(1183)) - s0@group-4EAE193F79A7 replies to PRE_VOTE vote request: s4<-s0#0:FAIL-t1. Peer's state: s0@group-4EAE193F79A7:t1, leader=s3, voted=s3, raftlog=s0@group-4EAE193F79A7-SegmentedRaftLog:OPENED:c0, conf=0: [s3|rpc:localhost:46809|admin:localhost:38119|client:localhost:40227|dataStream:localhost:35795|priority:0, s4|rpc:localhost:42721|admin:localhost:40067|client:localhost:36815|dataStream:localhost:33831|priority:0, s0|rpc:localhost:43875|admin:localhost:46477|client:localhost:45301|dataStream:localhost:46673|priority:0, s1|rpc:localhost:43167|admin:localhost:42827|client:localhost:41727|dataStream:localhost:38731|priority:0, s2|rpc:localhost:35037|admin:localhost:40161|client:localhost:40119|dataStream:localhost:37287|priority:0], old=null
2022-05-09 13:04:07,472 [Thread-22] INFO  server.RaftServer$Division (RaftServerImpl.java:requestVote(1183)) - s1@group-4EAE193F79A7 replies to PRE_VOTE vote request: s4<-s1#0:FAIL-t1. Peer's state: s1@group-4EAE193F79A7:t1, leader=s3, voted=s4, raftlog=s1@group-4EAE193F79A7-SegmentedRaftLog:OPENED:c0, conf=0: [s3|rpc:localhost:46809|admin:localhost:38119|client:localhost:40227|dataStream:localhost:35795|priority:0, s4|rpc:localhost:42721|admin:localhost:40067|client:localhost:36815|dataStream:localhost:33831|priority:0, s0|rpc:localhost:43875|admin:localhost:46477|client:localhost:45301|dataStream:localhost:46673|priority:0, s1|rpc:localhost:43167|admin:localhost:42827|client:localhost:41727|dataStream:localhost:38731|priority:0, s2|rpc:localhost:35037|admin:localhost:40161|client:localhost:40119|dataStream:localhost:37287|priority:0], old=null
2022-05-09 13:04:07,472 [Thread-29] INFO  server.RaftServer$Division (RaftServerImpl.java:requestVote(1151)) - s2@group-4EAE193F79A7: receive requestVote(PRE_VOTE, s4, group-4EAE193F79A7, 1, (t:1, i:0))
2022-05-09 13:04:07,473 [Thread-29] INFO  impl.VoteContext (VoteContext.java:log(48)) - s2@group-4EAE193F79A7-FOLLOWER: reject PRE_VOTE from s4: this server is a follower and still has a valid leader s3
2022-05-09 13:04:07,472 [Thread-0] INFO  server.RaftServer$Division (RaftServerImpl.java:requestVote(1183)) - s3@group-4EAE193F79A7 replies to PRE_VOTE vote request: s4<-s3#0:FAIL-t1. Peer's state: s3@group-4EAE193F79A7:t1, leader=s3, voted=s3, raftlog=s3@group-4EAE193F79A7-SegmentedRaftLog:OPENED:c0, conf=0: [s3|rpc:localhost:46809|admin:localhost:38119|client:localhost:40227|dataStream:localhost:35795|priority:0, s4|rpc:localhost:42721|admin:localhost:40067|client:localhost:36815|dataStream:localhost:33831|priority:0, s0|rpc:localhost:43875|admin:localhost:46477|client:localhost:45301|dataStream:localhost:46673|priority:0, s1|rpc:localhost:43167|admin:localhost:42827|client:localhost:41727|dataStream:localhost:38731|priority:0, s2|rpc:localhost:35037|admin:localhost:40161|client:localhost:40119|dataStream:localhost:37287|priority:0], old=null
2022-05-09 13:04:07,473 [Thread-29] INFO  server.RaftServer$Division (RaftServerImpl.java:requestVote(1183)) - s2@group-4EAE193F79A7 replies to PRE_VOTE vote request: s4<-s2#0:FAIL-t1. Peer's state: s2@group-4EAE193F79A7:t1, leader=s3, voted=s3, raftlog=s2@group-4EAE193F79A7-SegmentedRaftLog:OPENED:c0, conf=0: [s3|rpc:localhost:46809|admin:localhost:38119|client:localhost:40227|dataStream:localhost:35795|priority:0, s4|rpc:localhost:42721|admin:localhost:40067|client:localhost:36815|dataStream:localhost:33831|priority:0, s0|rpc:localhost:43875|admin:localhost:46477|client:localhost:45301|dataStream:localhost:46673|priority:0, s1|rpc:localhost:43167|admin:localhost:42827|client:localhost:41727|dataStream:localhost:38731|priority:0, s2|rpc:localhost:35037|admin:localhost:40161|client:localhost:40119|dataStream:localhost:37287|priority:0], old=null
2022-05-09 13:04:07,489 [s4@group-4EAE193F79A7-LeaderElection14] INFO  impl.LeaderElection (LeaderElection.java:logAndReturn(90)) - s4@group-4EAE193F79A7-LeaderElection14: PRE_VOTE REJECTED received 3 response(s) and 0 exception(s):
2022-05-09 13:04:07,489 [s4@group-4EAE193F79A7-LeaderElection14] INFO  impl.LeaderElection (LeaderElection.java:logAndReturn(94)) -   Response 0: s4<-s0#0:FAIL-t1
2022-05-09 13:04:07,489 [s4@group-4EAE193F79A7-LeaderElection14] INFO  impl.LeaderElection (LeaderElection.java:logAndReturn(94)) -   Response 1: s4<-s1#0:FAIL-t1
2022-05-09 13:04:07,489 [s4@group-4EAE193F79A7-LeaderElection14] INFO  impl.LeaderElection (LeaderElection.java:logAndReturn(94)) -   Response 2: s4<-s2#0:FAIL-t1
2022-05-09 13:04:07,489 [s4@group-4EAE193F79A7-LeaderElection14] INFO  impl.LeaderElection (LeaderElection.java:askForVotes(312)) - s4@group-4EAE193F79A7-LeaderElection14 PRE_VOTE round 0: result REJECTED
2022-05-09 13:04:07,490 [s4@group-4EAE193F79A7-LeaderElection14] INFO  server.RaftServer$Division (RaftServerImpl.java:setRole(298)) - s4@group-4EAE193F79A7: changes role from CANDIDATE to FOLLOWER at term 1 for REJECTED
2022-05-09 13:04:07,490 [s4@group-4EAE193F79A7-LeaderElection14] INFO  impl.RoleInfo (RoleInfo.java:shutdownLeaderElection(130)) - s4: shutdown s4@group-4EAE193F79A7-LeaderElection14
2022-05-09 13:04:07,490 [s4@group-4EAE193F79A7-LeaderElection14] INFO  impl.RoleInfo (RoleInfo.java:updateAndGet(139)) - s4: start s4@group-4EAE193F79A7-FollowerState
2022-05-09 13:04:07,545 [Thread-7] INFO  server.RaftServer$Division (ServerState.java:setLeader(287)) - s4@group-4EAE193F79A7: change Leader from null to s3 at term 1 for appendEntries, leader elected after 224ms
2022-05-09 13:04:07,791 [Time-limited test] INFO  simulation.TestLeaderElectionWithSimulatedRpc (LeaderElectionTests.java:enforceLeader(243)) - try enforcing leader to s4 but new leader is s3
2022-05-09 13:04:07,792 [Time-limited test] INFO  server.RaftServerConfigKeys (ConfUtils.java:logGet(46)) - raft.server.rpc.timeout.max = 300ms (default)
2022-05-09 13:04:07,902 [s1@group-4EAE193F79A7-FollowerState] INFO  impl.FollowerState (FollowerState.java:run(143)) - s1@group-4EAE193F79A7-FollowerState: change to CANDIDATE, lastRpcElapsedTime:202384575ns, electionTimeout:174ms
2022-05-09 13:04:07,902 [s1@group-4EAE193F79A7-FollowerState] INFO  impl.RoleInfo (RoleInfo.java:shutdownFollowerState(110)) - s1: shutdown s1@group-4EAE193F79A7-FollowerState
2022-05-09 13:04:07,902 [s1@group-4EAE193F79A7-FollowerState] INFO  server.RaftServer$Division (RaftServerImpl.java:setRole(298)) - s1@group-4EAE193F79A7: changes role from  FOLLOWER to CANDIDATE at term 1 for changeToCandidate
2022-05-09 13:04:07,902 [s1@group-4EAE193F79A7-FollowerState] INFO  server.RaftServerConfigKeys (ConfUtils.java:logGet(46)) - raft.server.leaderelection.pre-vote = true (default)
2022-05-09 13:04:07,903 [s1@group-4EAE193F79A7-FollowerState] INFO  impl.RoleInfo (RoleInfo.java:updateAndGet(139)) - s1: start s1@group-4EAE193F79A7-LeaderElection15
2022-05-09 13:04:07,903 [s1@group-4EAE193F79A7-LeaderElection15] INFO  server.RaftServer$Division (ServerState.java:setLeader(287)) - s1@group-4EAE193F79A7: change Leader from s3 to null at term 1 for PRE_VOTE
2022-05-09 13:04:07,903 [s1@group-4EAE193F79A7-LeaderElection15] INFO  impl.LeaderElection (LeaderElection.java:askForVotes(310)) - s1@group-4EAE193F79A7-LeaderElection15 PRE_VOTE round 0: submit vote requests at term 1 for 0: [s3|rpc:localhost:46809|admin:localhost:38119|client:localhost:40227|dataStream:localhost:35795|priority:0, s4|rpc:localhost:42721|admin:localhost:40067|client:localhost:36815|dataStream:localhost:33831|priority:0, s0|rpc:localhost:43875|admin:localhost:46477|client:localhost:45301|dataStream:localhost:46673|priority:0, s1|rpc:localhost:43167|admin:localhost:42827|client:localhost:41727|dataStream:localhost:38731|priority:0, s2|rpc:localhost:35037|admin:localhost:40161|client:localhost:40119|dataStream:localhost:37287|priority:0], old=null
2022-05-09 13:04:07,943 [Thread-23] INFO  server.RaftServer$Division (RaftServerImpl.java:setRole(298)) - s1@group-4EAE193F79A7: changes role from CANDIDATE to FOLLOWER at term 1 for appendEntries
2022-05-09 13:04:07,943 [Thread-23] INFO  impl.RoleInfo (RoleInfo.java:shutdownLeaderElection(130)) - s1: shutdown s1@group-4EAE193F79A7-LeaderElection15
2022-05-09 13:04:07,943 [Thread-23] INFO  impl.RoleInfo (RoleInfo.java:updateAndGet(139)) - s1: start s1@group-4EAE193F79A7-FollowerState
2022-05-09 13:04:07,943 [Thread-23] INFO  server.RaftServer$Division (ServerState.java:setLeader(287)) - s1@group-4EAE193F79A7: change Leader from null to s3 at term 1 for appendEntries, leader elected after 40ms
2022-05-09 13:04:08,054 [Thread-1] INFO  server.RaftServer$Division (RaftServerImpl.java:requestVote(1151)) - s3@group-4EAE193F79A7: receive requestVote(PRE_VOTE, s1, group-4EAE193F79A7, 1, (t:1, i:0))
2022-05-09 13:04:08,055 [Thread-1] INFO  impl.VoteContext (VoteContext.java:log(48)) - s3@group-4EAE193F79A7-LEADER: reject PRE_VOTE from s1: this server is the leader and still has leadership
2022-05-09 13:04:08,055 [Thread-1] INFO  server.RaftServer$Division (RaftServerImpl.java:requestVote(1183)) - s3@group-4EAE193F79A7 replies to PRE_VOTE vote request: s1<-s3#0:FAIL-t1. Peer's state: s3@group-4EAE193F79A7:t1, leader=s3, voted=s3, raftlog=s3@group-4EAE193F79A7-SegmentedRaftLog:OPENED:c0, conf=0: [s3|rpc:localhost:46809|admin:localhost:38119|client:localhost:40227|dataStream:localhost:35795|priority:0, s4|rpc:localhost:42721|admin:localhost:40067|client:localhost:36815|dataStream:localhost:33831|priority:0, s0|rpc:localhost:43875|admin:localhost:46477|client:localhost:45301|dataStream:localhost:46673|priority:0, s1|rpc:localhost:43167|admin:localhost:42827|client:localhost:41727|dataStream:localhost:38731|priority:0, s2|rpc:localhost:35037|admin:localhost:40161|client:localhost:40119|dataStream:localhost:37287|priority:0], old=null
2022-05-09 13:04:08,054 [Thread-29] INFO  server.RaftServer$Division (RaftServerImpl.java:requestVote(1151)) - s2@group-4EAE193F79A7: receive requestVote(PRE_VOTE, s1, group-4EAE193F79A7, 1, (t:1, i:0))
2022-05-09 13:04:08,056 [Thread-29] INFO  impl.VoteContext (VoteContext.java:log(48)) - s2@group-4EAE193F79A7-FOLLOWER: reject PRE_VOTE from s1: this server is a follower and still has a valid leader s3
2022-05-09 13:04:08,054 [Thread-15] INFO  server.RaftServer$Division (RaftServerImpl.java:requestVote(1151)) - s0@group-4EAE193F79A7: receive requestVote(PRE_VOTE, s1, group-4EAE193F79A7, 1, (t:1, i:0))
2022-05-09 13:04:08,056 [Thread-15] INFO  impl.VoteContext (VoteContext.java:log(48)) - s0@group-4EAE193F79A7-FOLLOWER: reject PRE_VOTE from s1: this server is a follower and still has a valid leader s3
2022-05-09 13:04:08,056 [Thread-15] INFO  server.RaftServer$Division (RaftServerImpl.java:requestVote(1183)) - s0@group-4EAE193F79A7 replies to PRE_VOTE vote request: s1<-s0#0:FAIL-t1. Peer's state: s0@group-4EAE193F79A7:t1, leader=s3, voted=s3, raftlog=s0@group-4EAE193F79A7-SegmentedRaftLog:OPENED:c0, conf=0: [s3|rpc:localhost:46809|admin:localhost:38119|client:localhost:40227|dataStream:localhost:35795|priority:0, s4|rpc:localhost:42721|admin:localhost:40067|client:localhost:36815|dataStream:localhost:33831|priority:0, s0|rpc:localhost:43875|admin:localhost:46477|client:localhost:45301|dataStream:localhost:46673|priority:0, s1|rpc:localhost:43167|admin:localhost:42827|client:localhost:41727|dataStream:localhost:38731|priority:0, s2|rpc:localhost:35037|admin:localhost:40161|client:localhost:40119|dataStream:localhost:37287|priority:0], old=null
2022-05-09 13:04:08,056 [Thread-29] INFO  server.RaftServer$Division (RaftServerImpl.java:requestVote(1183)) - s2@group-4EAE193F79A7 replies to PRE_VOTE vote request: s1<-s2#0:FAIL-t1. Peer's state: s2@group-4EAE193F79A7:t1, leader=s3, voted=s3, raftlog=s2@group-4EAE193F79A7-SegmentedRaftLog:OPENED:c0, conf=0: [s3|rpc:localhost:46809|admin:localhost:38119|client:localhost:40227|dataStream:localhost:35795|priority:0, s4|rpc:localhost:42721|admin:localhost:40067|client:localhost:36815|dataStream:localhost:33831|priority:0, s0|rpc:localhost:43875|admin:localhost:46477|client:localhost:45301|dataStream:localhost:46673|priority:0, s1|rpc:localhost:43167|admin:localhost:42827|client:localhost:41727|dataStream:localhost:38731|priority:0, s2|rpc:localhost:35037|admin:localhost:40161|client:localhost:40119|dataStream:localhost:37287|priority:0], old=null
2022-05-09 13:04:08,072 [s1@group-4EAE193F79A7-LeaderElection15] INFO  impl.LeaderElection (LeaderElection.java:logAndReturn(90)) - s1@group-4EAE193F79A7-LeaderElection15: PRE_VOTE REJECTED received 1 response(s) and 0 exception(s):
2022-05-09 13:04:08,072 [s1@group-4EAE193F79A7-LeaderElection15] INFO  impl.LeaderElection (LeaderElection.java:logAndReturn(94)) -   Response 0: s1<-s0#0:FAIL-t1
2022-05-09 13:04:08,072 [s1@group-4EAE193F79A7-LeaderElection15] INFO  impl.LeaderElection (LeaderElection.java:askForVotes(312)) - s1@group-4EAE193F79A7-LeaderElection15 PRE_VOTE round 0: result REJECTED
2022-05-09 13:04:08,212 [s4@group-4EAE193F79A7-FollowerState] INFO  impl.FollowerState (FollowerState.java:run(143)) - s4@group-4EAE193F79A7-FollowerState: change to CANDIDATE, lastRpcElapsedTime:486911733ns, electionTimeout:288ms
2022-05-09 13:04:08,213 [s4@group-4EAE193F79A7-FollowerState] INFO  impl.RoleInfo (RoleInfo.java:shutdownFollowerState(110)) - s4: shutdown s4@group-4EAE193F79A7-FollowerState
2022-05-09 13:04:08,213 [s4@group-4EAE193F79A7-FollowerState] INFO  server.RaftServer$Division (RaftServerImpl.java:setRole(298)) - s4@group-4EAE193F79A7: changes role from  FOLLOWER to CANDIDATE at term 1 for changeToCandidate
2022-05-09 13:04:08,213 [s4@group-4EAE193F79A7-FollowerState] INFO  server.RaftServerConfigKeys (ConfUtils.java:logGet(46)) - raft.server.leaderelection.pre-vote = true (default)
2022-05-09 13:04:08,213 [s4@group-4EAE193F79A7-FollowerState] INFO  impl.RoleInfo (RoleInfo.java:updateAndGet(139)) - s4: start s4@group-4EAE193F79A7-LeaderElection16
2022-05-09 13:04:08,215 [s4@group-4EAE193F79A7-LeaderElection16] INFO  server.RaftServer$Division (ServerState.java:setLeader(287)) - s4@group-4EAE193F79A7: change Leader from s3 to null at term 1 for PRE_VOTE
2022-05-09 13:04:08,215 [s4@group-4EAE193F79A7-LeaderElection16] INFO  impl.LeaderElection (LeaderElection.java:askForVotes(310)) - s4@group-4EAE193F79A7-LeaderElection16 PRE_VOTE round 0: submit vote requests at term 1 for 0: [s3|rpc:localhost:46809|admin:localhost:38119|client:localhost:40227|dataStream:localhost:35795|priority:0, s4|rpc:localhost:42721|admin:localhost:40067|client:localhost:36815|dataStream:localhost:33831|priority:0, s0|rpc:localhost:43875|admin:localhost:46477|client:localhost:45301|dataStream:localhost:46673|priority:0, s1|rpc:localhost:43167|admin:localhost:42827|client:localhost:41727|dataStream:localhost:38731|priority:0, s2|rpc:localhost:35037|admin:localhost:40161|client:localhost:40119|dataStream:localhost:37287|priority:0], old=null
2022-05-09 13:04:08,242 [Time-limited test] INFO  server.RaftServerConfigKeys (ConfUtils.java:logGet(46)) - raft.server.rpc.timeout.max = 300ms (default)
2022-05-09 13:04:08,366 [Thread-2] INFO  server.RaftServer$Division (RaftServerImpl.java:requestVote(1151)) - s3@group-4EAE193F79A7: receive requestVote(PRE_VOTE, s4, group-4EAE193F79A7, 1, (t:1, i:0))
2022-05-09 13:04:08,366 [Thread-22] INFO  server.RaftServer$Division (RaftServerImpl.java:requestVote(1151)) - s1@group-4EAE193F79A7: receive requestVote(PRE_VOTE, s4, group-4EAE193F79A7, 1, (t:1, i:0))
2022-05-09 13:04:08,366 [Thread-22] INFO  impl.VoteContext (VoteContext.java:log(48)) - s1@group-4EAE193F79A7-FOLLOWER: reject PRE_VOTE from s4: this server is a follower and still has a valid leader s3
2022-05-09 13:04:08,366 [Thread-2] INFO  impl.VoteContext (VoteContext.java:log(48)) - s3@group-4EAE193F79A7-LEADER: reject PRE_VOTE from s4: this server is the leader and still has leadership
2022-05-09 13:04:08,366 [Thread-22] INFO  server.RaftServer$Division (RaftServerImpl.java:requestVote(1183)) - s1@group-4EAE193F79A7 replies to PRE_VOTE vote request: s4<-s1#0:FAIL-t1. Peer's state: s1@group-4EAE193F79A7:t1, leader=s3, voted=s4, raftlog=s1@group-4EAE193F79A7-SegmentedRaftLog:OPENED:c0, conf=0: [s3|rpc:localhost:46809|admin:localhost:38119|client:localhost:40227|dataStream:localhost:35795|priority:0, s4|rpc:localhost:42721|admin:localhost:40067|client:localhost:36815|dataStream:localhost:33831|priority:0, s0|rpc:localhost:43875|admin:localhost:46477|client:localhost:45301|dataStream:localhost:46673|priority:0, s1|rpc:localhost:43167|admin:localhost:42827|client:localhost:41727|dataStream:localhost:38731|priority:0, s2|rpc:localhost:35037|admin:localhost:40161|client:localhost:40119|dataStream:localhost:37287|priority:0], old=null
2022-05-09 13:04:08,366 [Thread-2] INFO  server.RaftServer$Division (RaftServerImpl.java:requestVote(1183)) - s3@group-4EAE193F79A7 replies to PRE_VOTE vote request: s4<-s3#0:FAIL-t1. Peer's state: s3@group-4EAE193F79A7:t1, leader=s3, voted=s3, raftlog=s3@group-4EAE193F79A7-SegmentedRaftLog:OPENED:c0, conf=0: [s3|rpc:localhost:46809|admin:localhost:38119|client:localhost:40227|dataStream:localhost:35795|priority:0, s4|rpc:localhost:42721|admin:localhost:40067|client:localhost:36815|dataStream:localhost:33831|priority:0, s0|rpc:localhost:43875|admin:localhost:46477|client:localhost:45301|dataStream:localhost:46673|priority:0, s1|rpc:localhost:43167|admin:localhost:42827|client:localhost:41727|dataStream:localhost:38731|priority:0, s2|rpc:localhost:35037|admin:localhost:40161|client:localhost:40119|dataStream:localhost:37287|priority:0], old=null
2022-05-09 13:04:08,366 [Thread-28] INFO  server.RaftServer$Division (RaftServerImpl.java:requestVote(1151)) - s2@group-4EAE193F79A7: receive requestVote(PRE_VOTE, s4, group-4EAE193F79A7, 1, (t:1, i:0))
2022-05-09 13:04:08,367 [Thread-28] INFO  impl.VoteContext (VoteContext.java:log(48)) - s2@group-4EAE193F79A7-FOLLOWER: reject PRE_VOTE from s4: this server is a follower and still has a valid leader s3
2022-05-09 13:04:08,367 [Thread-16] INFO  server.RaftServer$Division (RaftServerImpl.java:requestVote(1151)) - s0@group-4EAE193F79A7: receive requestVote(PRE_VOTE, s4, group-4EAE193F79A7, 1, (t:1, i:0))
2022-05-09 13:04:08,367 [Thread-28] INFO  server.RaftServer$Division (RaftServerImpl.java:requestVote(1183)) - s2@group-4EAE193F79A7 replies to PRE_VOTE vote request: s4<-s2#0:FAIL-t1. Peer's state: s2@group-4EAE193F79A7:t1, leader=s3, voted=s3, raftlog=s2@group-4EAE193F79A7-SegmentedRaftLog:OPENED:c0, conf=0: [s3|rpc:localhost:46809|admin:localhost:38119|client:localhost:40227|dataStream:localhost:35795|priority:0, s4|rpc:localhost:42721|admin:localhost:40067|client:localhost:36815|dataStream:localhost:33831|priority:0, s0|rpc:localhost:43875|admin:localhost:46477|client:localhost:45301|dataStream:localhost:46673|priority:0, s1|rpc:localhost:43167|admin:localhost:42827|client:localhost:41727|dataStream:localhost:38731|priority:0, s2|rpc:localhost:35037|admin:localhost:40161|client:localhost:40119|dataStream:localhost:37287|priority:0], old=null
2022-05-09 13:04:08,367 [Thread-16] INFO  impl.VoteContext (VoteContext.java:log(48)) - s0@group-4EAE193F79A7-FOLLOWER: reject PRE_VOTE from s4: this server is a follower and still has a valid leader s3
2022-05-09 13:04:08,367 [Thread-16] INFO  server.RaftServer$Division (RaftServerImpl.java:requestVote(1183)) - s0@group-4EAE193F79A7 replies to PRE_VOTE vote request: s4<-s0#0:FAIL-t1. Peer's state: s0@group-4EAE193F79A7:t1, leader=s3, voted=s3, raftlog=s0@group-4EAE193F79A7-SegmentedRaftLog:OPENED:c0, conf=0: [s3|rpc:localhost:46809|admin:localhost:38119|client:localhost:40227|dataStream:localhost:35795|priority:0, s4|rpc:localhost:42721|admin:localhost:40067|client:localhost:36815|dataStream:localhost:33831|priority:0, s0|rpc:localhost:43875|admin:localhost:46477|client:localhost:45301|dataStream:localhost:46673|priority:0, s1|rpc:localhost:43167|admin:localhost:42827|client:localhost:41727|dataStream:localhost:38731|priority:0, s2|rpc:localhost:35037|admin:localhost:40161|client:localhost:40119|dataStream:localhost:37287|priority:0], old=null
2022-05-09 13:04:08,390 [s4@group-4EAE193F79A7-LeaderElection16] INFO  impl.LeaderElection (LeaderElection.java:logAndReturn(90)) - s4@group-4EAE193F79A7-LeaderElection16: PRE_VOTE REJECTED received 3 response(s) and 0 exception(s):
2022-05-09 13:04:08,390 [s4@group-4EAE193F79A7-LeaderElection16] INFO  impl.LeaderElection (LeaderElection.java:logAndReturn(94)) -   Response 0: s4<-s0#0:FAIL-t1
2022-05-09 13:04:08,390 [s4@group-4EAE193F79A7-LeaderElection16] INFO  impl.LeaderElection (LeaderElection.java:logAndReturn(94)) -   Response 1: s4<-s1#0:FAIL-t1
2022-05-09 13:04:08,390 [s4@group-4EAE193F79A7-LeaderElection16] INFO  impl.LeaderElection (LeaderElection.java:logAndReturn(94)) -   Response 2: s4<-s2#0:FAIL-t1
2022-05-09 13:04:08,390 [s4@group-4EAE193F79A7-LeaderElection16] INFO  impl.LeaderElection (LeaderElection.java:askForVotes(312)) - s4@group-4EAE193F79A7-LeaderElection16 PRE_VOTE round 0: result REJECTED
2022-05-09 13:04:08,391 [s4@group-4EAE193F79A7-LeaderElection16] INFO  server.RaftServer$Division (RaftServerImpl.java:setRole(298)) - s4@group-4EAE193F79A7: changes role from CANDIDATE to FOLLOWER at term 1 for REJECTED
2022-05-09 13:04:08,391 [s4@group-4EAE193F79A7-LeaderElection16] INFO  impl.RoleInfo (RoleInfo.java:shutdownLeaderElection(130)) - s4: shutdown s4@group-4EAE193F79A7-LeaderElection16
2022-05-09 13:04:08,391 [s4@group-4EAE193F79A7-LeaderElection16] INFO  impl.RoleInfo (RoleInfo.java:updateAndGet(139)) - s4: start s4@group-4EAE193F79A7-FollowerState
2022-05-09 13:04:08,421 [Thread-7] INFO  server.RaftServer$Division (ServerState.java:setLeader(287)) - s4@group-4EAE193F79A7: change Leader from null to s3 at term 1 for appendEntries, leader elected after 207ms
2022-05-09 13:04:08,514 [Thread-9] INFO  server.RaftServer$Division (RaftServerImpl.java:requestVote(1151)) - s4@group-4EAE193F79A7: receive requestVote(PRE_VOTE, s1, group-4EAE193F79A7, 1, (t:1, i:0))
2022-05-09 13:04:08,514 [Thread-9] INFO  impl.VoteContext (VoteContext.java:log(48)) - s4@group-4EAE193F79A7-FOLLOWER: reject PRE_VOTE from s1: this server is a follower and still has a valid leader s3
2022-05-09 13:04:08,514 [Thread-9] INFO  server.RaftServer$Division (RaftServerImpl.java:requestVote(1183)) - s4@group-4EAE193F79A7 replies to PRE_VOTE vote request: s1<-s4#0:FAIL-t1. Peer's state: s4@group-4EAE193F79A7:t1, leader=s3, voted=s4, raftlog=s4@group-4EAE193F79A7-SegmentedRaftLog:OPENED:c0, conf=0: [s3|rpc:localhost:46809|admin:localhost:38119|client:localhost:40227|dataStream:localhost:35795|priority:0, s4|rpc:localhost:42721|admin:localhost:40067|client:localhost:36815|dataStream:localhost:33831|priority:0, s0|rpc:localhost:43875|admin:localhost:46477|client:localhost:45301|dataStream:localhost:46673|priority:0, s1|rpc:localhost:43167|admin:localhost:42827|client:localhost:41727|dataStream:localhost:38731|priority:0, s2|rpc:localhost:35037|admin:localhost:40161|client:localhost:40119|dataStream:localhost:37287|priority:0], old=null
2022-05-09 13:04:08,693 [Time-limited test] INFO  simulation.TestLeaderElectionWithSimulatedRpc (LeaderElectionTests.java:enforceLeader(243)) - try enforcing leader to s4 but new leader is s3
2022-05-09 13:04:08,693 [Time-limited test] INFO  server.RaftServerConfigKeys (ConfUtils.java:logGet(46)) - raft.server.rpc.timeout.max = 300ms (default)
2022-05-09 13:04:08,855 [s4@group-4EAE193F79A7-FollowerState] INFO  impl.FollowerState (FollowerState.java:run(143)) - s4@group-4EAE193F79A7-FollowerState: change to CANDIDATE, lastRpcElapsedTime:250794432ns, electionTimeout:240ms
2022-05-09 13:04:08,856 [s4@group-4EAE193F79A7-FollowerState] INFO  impl.RoleInfo (RoleInfo.java:shutdownFollowerState(110)) - s4: shutdown s4@group-4EAE193F79A7-FollowerState
2022-05-09 13:04:08,856 [s4@group-4EAE193F79A7-FollowerState] INFO  server.RaftServer$Division (RaftServerImpl.java:setRole(298)) - s4@group-4EAE193F79A7: changes role from  FOLLOWER to CANDIDATE at term 1 for changeToCandidate
2022-05-09 13:04:08,856 [s4@group-4EAE193F79A7-FollowerState] INFO  server.RaftServerConfigKeys (ConfUtils.java:logGet(46)) - raft.server.leaderelection.pre-vote = true (default)
2022-05-09 13:04:08,856 [s4@group-4EAE193F79A7-FollowerState] INFO  impl.RoleInfo (RoleInfo.java:updateAndGet(139)) - s4: start s4@group-4EAE193F79A7-LeaderElection17
2022-05-09 13:04:08,856 [s4@group-4EAE193F79A7-LeaderElection17] INFO  server.RaftServer$Division (ServerState.java:setLeader(287)) - s4@group-4EAE193F79A7: change Leader from s3 to null at term 1 for PRE_VOTE
2022-05-09 13:04:08,856 [s4@group-4EAE193F79A7-LeaderElection17] INFO  impl.LeaderElection (LeaderElection.java:askForVotes(310)) - s4@group-4EAE193F79A7-LeaderElection17 PRE_VOTE round 0: submit vote requests at term 1 for 0: [s3|rpc:localhost:46809|admin:localhost:38119|client:localhost:40227|dataStream:localhost:35795|priority:0, s4|rpc:localhost:42721|admin:localhost:40067|client:localhost:36815|dataStream:localhost:33831|priority:0, s0|rpc:localhost:43875|admin:localhost:46477|client:localhost:45301|dataStream:localhost:46673|priority:0, s1|rpc:localhost:43167|admin:localhost:42827|client:localhost:41727|dataStream:localhost:38731|priority:0, s2|rpc:localhost:35037|admin:localhost:40161|client:localhost:40119|dataStream:localhost:37287|priority:0], old=null
2022-05-09 13:04:09,007 [Thread-0] INFO  server.RaftServer$Division (RaftServerImpl.java:requestVote(1151)) - s3@group-4EAE193F79A7: receive requestVote(PRE_VOTE, s4, group-4EAE193F79A7, 1, (t:1, i:0))
2022-05-09 13:04:09,007 [Thread-29] INFO  server.RaftServer$Division (RaftServerImpl.java:requestVote(1151)) - s2@group-4EAE193F79A7: receive requestVote(PRE_VOTE, s4, group-4EAE193F79A7, 1, (t:1, i:0))
2022-05-09 13:04:09,008 [Thread-0] INFO  impl.VoteContext (VoteContext.java:log(48)) - s3@group-4EAE193F79A7-LEADER: reject PRE_VOTE from s4: this server is the leader and still has leadership
2022-05-09 13:04:09,008 [Thread-29] INFO  impl.VoteContext (VoteContext.java:log(48)) - s2@group-4EAE193F79A7-FOLLOWER: accept PRE_VOTE from s4: our priority 0 <= candidate's priority 0
2022-05-09 13:04:09,008 [Thread-0] INFO  server.RaftServer$Division (RaftServerImpl.java:requestVote(1183)) - s3@group-4EAE193F79A7 replies to PRE_VOTE vote request: s4<-s3#0:FAIL-t1. Peer's state: s3@group-4EAE193F79A7:t1, leader=s3, voted=s3, raftlog=s3@group-4EAE193F79A7-SegmentedRaftLog:OPENED:c0, conf=0: [s3|rpc:localhost:46809|admin:localhost:38119|client:localhost:40227|dataStream:localhost:35795|priority:0, s4|rpc:localhost:42721|admin:localhost:40067|client:localhost:36815|dataStream:localhost:33831|priority:0, s0|rpc:localhost:43875|admin:localhost:46477|client:localhost:45301|dataStream:localhost:46673|priority:0, s1|rpc:localhost:43167|admin:localhost:42827|client:localhost:41727|dataStream:localhost:38731|priority:0, s2|rpc:localhost:35037|admin:localhost:40161|client:localhost:40119|dataStream:localhost:37287|priority:0], old=null
2022-05-09 13:04:09,008 [Thread-29] INFO  server.RaftServer$Division (RaftServerImpl.java:requestVote(1183)) - s2@group-4EAE193F79A7 replies to PRE_VOTE vote request: s4<-s2#0:OK-t1. Peer's state: s2@group-4EAE193F79A7:t1, leader=s3, voted=s3, raftlog=s2@group-4EAE193F79A7-SegmentedRaftLog:OPENED:c0, conf=0: [s3|rpc:localhost:46809|admin:localhost:38119|client:localhost:40227|dataStream:localhost:35795|priority:0, s4|rpc:localhost:42721|admin:localhost:40067|client:localhost:36815|dataStream:localhost:33831|priority:0, s0|rpc:localhost:43875|admin:localhost:46477|client:localhost:45301|dataStream:localhost:46673|priority:0, s1|rpc:localhost:43167|admin:localhost:42827|client:localhost:41727|dataStream:localhost:38731|priority:0, s2|rpc:localhost:35037|admin:localhost:40161|client:localhost:40119|dataStream:localhost:37287|priority:0], old=null
2022-05-09 13:04:09,008 [Thread-22] INFO  server.RaftServer$Division (RaftServerImpl.java:requestVote(1151)) - s1@group-4EAE193F79A7: receive requestVote(PRE_VOTE, s4, group-4EAE193F79A7, 1, (t:1, i:0))
2022-05-09 13:04:09,008 [Thread-22] INFO  impl.VoteContext (VoteContext.java:log(48)) - s1@group-4EAE193F79A7-FOLLOWER: reject PRE_VOTE from s4: this server is a follower and still has a valid leader s3
2022-05-09 13:04:09,008 [Thread-22] INFO  server.RaftServer$Division (RaftServerImpl.java:requestVote(1183)) - s1@group-4EAE193F79A7 replies to PRE_VOTE vote request: s4<-s1#0:FAIL-t1. Peer's state: s1@group-4EAE193F79A7:t1, leader=s3, voted=s4, raftlog=s1@group-4EAE193F79A7-SegmentedRaftLog:OPENED:c0, conf=0: [s3|rpc:localhost:46809|admin:localhost:38119|client:localhost:40227|dataStream:localhost:35795|priority:0, s4|rpc:localhost:42721|admin:localhost:40067|client:localhost:36815|dataStream:localhost:33831|priority:0, s0|rpc:localhost:43875|admin:localhost:46477|client:localhost:45301|dataStream:localhost:46673|priority:0, s1|rpc:localhost:43167|admin:localhost:42827|client:localhost:41727|dataStream:localhost:38731|priority:0, s2|rpc:localhost:35037|admin:localhost:40161|client:localhost:40119|dataStream:localhost:37287|priority:0], old=null
2022-05-09 13:04:09,007 [Thread-16] INFO  server.RaftServer$Division (RaftServerImpl.java:requestVote(1151)) - s0@group-4EAE193F79A7: receive requestVote(PRE_VOTE, s4, group-4EAE193F79A7, 1, (t:1, i:0))
2022-05-09 13:04:09,008 [Thread-16] INFO  impl.VoteContext (VoteContext.java:log(48)) - s0@group-4EAE193F79A7-FOLLOWER: reject PRE_VOTE from s4: this server is a follower and still has a valid leader s3
2022-05-09 13:04:09,008 [Thread-16] INFO  server.RaftServer$Division (RaftServerImpl.java:requestVote(1183)) - s0@group-4EAE193F79A7 replies to PRE_VOTE vote request: s4<-s0#0:FAIL-t1. Peer's state: s0@group-4EAE193F79A7:t1, leader=s3, voted=s3, raftlog=s0@group-4EAE193F79A7-SegmentedRaftLog:OPENED:c0, conf=0: [s3|rpc:localhost:46809|admin:localhost:38119|client:localhost:40227|dataStream:localhost:35795|priority:0, s4|rpc:localhost:42721|admin:localhost:40067|client:localhost:36815|dataStream:localhost:33831|priority:0, s0|rpc:localhost:43875|admin:localhost:46477|client:localhost:45301|dataStream:localhost:46673|priority:0, s1|rpc:localhost:43167|admin:localhost:42827|client:localhost:41727|dataStream:localhost:38731|priority:0, s2|rpc:localhost:35037|admin:localhost:40161|client:localhost:40119|dataStream:localhost:37287|priority:0], old=null
2022-05-09 13:04:09,027 [s4@group-4EAE193F79A7-LeaderElection17] INFO  impl.LeaderElection (LeaderElection.java:logAndReturn(90)) - s4@group-4EAE193F79A7-LeaderElection17: PRE_VOTE REJECTED received 3 response(s) and 0 exception(s):
2022-05-09 13:04:09,027 [s4@group-4EAE193F79A7-LeaderElection17] INFO  impl.LeaderElection (LeaderElection.java:logAndReturn(94)) -   Response 0: s4<-s3#0:FAIL-t1
2022-05-09 13:04:09,027 [s4@group-4EAE193F79A7-LeaderElection17] INFO  impl.LeaderElection (LeaderElection.java:logAndReturn(94)) -   Response 1: s4<-s0#0:FAIL-t1
2022-05-09 13:04:09,027 [s4@group-4EAE193F79A7-LeaderElection17] INFO  impl.LeaderElection (LeaderElection.java:logAndReturn(94)) -   Response 2: s4<-s1#0:FAIL-t1
2022-05-09 13:04:09,027 [s4@group-4EAE193F79A7-LeaderElection17] INFO  impl.LeaderElection (LeaderElection.java:askForVotes(312)) - s4@group-4EAE193F79A7-LeaderElection17 PRE_VOTE round 0: result REJECTED
2022-05-09 13:04:09,028 [s4@group-4EAE193F79A7-LeaderElection17] INFO  server.RaftServer$Division (RaftServerImpl.java:setRole(298)) - s4@group-4EAE193F79A7: changes role from CANDIDATE to FOLLOWER at term 1 for REJECTED
2022-05-09 13:04:09,028 [s4@group-4EAE193F79A7-LeaderElection17] INFO  impl.RoleInfo (RoleInfo.java:shutdownLeaderElection(130)) - s4: shutdown s4@group-4EAE193F79A7-LeaderElection17
2022-05-09 13:04:09,028 [s4@group-4EAE193F79A7-LeaderElection17] INFO  impl.RoleInfo (RoleInfo.java:updateAndGet(139)) - s4: start s4@group-4EAE193F79A7-FollowerState
2022-05-09 13:04:09,143 [Time-limited test] INFO  server.RaftServerConfigKeys (ConfUtils.java:logGet(46)) - raft.server.rpc.timeout.max = 300ms (default)
2022-05-09 13:04:09,299 [Thread-8] INFO  server.RaftServer$Division (ServerState.java:setLeader(287)) - s4@group-4EAE193F79A7: change Leader from null to s3 at term 1 for appendEntries, leader elected after 442ms
2022-05-09 13:04:09,594 [Time-limited test] INFO  simulation.TestLeaderElectionWithSimulatedRpc (LeaderElectionTests.java:enforceLeader(243)) - try enforcing leader to s4 but new leader is s3
2022-05-09 13:04:09,594 [Time-limited test] INFO  server.RaftServerConfigKeys (ConfUtils.java:logGet(46)) - raft.server.rpc.timeout.max = 300ms (default)
2022-05-09 13:04:10,045 [Time-limited test] INFO  server.RaftServerConfigKeys (ConfUtils.java:logGet(46)) - raft.server.rpc.timeout.max = 300ms (default)
2022-05-09 13:04:10,063 [s4@group-4EAE193F79A7-FollowerState] INFO  impl.FollowerState (FollowerState.java:run(143)) - s4@group-4EAE193F79A7-FollowerState: change to CANDIDATE, lastRpcElapsedTime:487516617ns, electionTimeout:289ms
2022-05-09 13:04:10,063 [s4@group-4EAE193F79A7-FollowerState] INFO  impl.RoleInfo (RoleInfo.java:shutdownFollowerState(110)) - s4: shutdown s4@group-4EAE193F79A7-FollowerState
2022-05-09 13:04:10,063 [s4@group-4EAE193F79A7-FollowerState] INFO  server.RaftServer$Division (RaftServerImpl.java:setRole(298)) - s4@group-4EAE193F79A7: changes role from  FOLLOWER to CANDIDATE at term 1 for changeToCandidate
2022-05-09 13:04:10,063 [s4@group-4EAE193F79A7-FollowerState] INFO  server.RaftServerConfigKeys (ConfUtils.java:logGet(46)) - raft.server.leaderelection.pre-vote = true (default)
2022-05-09 13:04:10,063 [s4@group-4EAE193F79A7-FollowerState] INFO  impl.RoleInfo (RoleInfo.java:updateAndGet(139)) - s4: start s4@group-4EAE193F79A7-LeaderElection18
2022-05-09 13:04:10,064 [s4@group-4EAE193F79A7-LeaderElection18] INFO  server.RaftServer$Division (ServerState.java:setLeader(287)) - s4@group-4EAE193F79A7: change Leader from s3 to null at term 1 for PRE_VOTE
2022-05-09 13:04:10,064 [s4@group-4EAE193F79A7-LeaderElection18] INFO  impl.LeaderElection (LeaderElection.java:askForVotes(310)) - s4@group-4EAE193F79A7-LeaderElection18 PRE_VOTE round 0: submit vote requests at term 1 for 0: [s3|rpc:localhost:46809|admin:localhost:38119|client:localhost:40227|dataStream:localhost:35795|priority:0, s4|rpc:localhost:42721|admin:localhost:40067|client:localhost:36815|dataStream:localhost:33831|priority:0, s0|rpc:localhost:43875|admin:localhost:46477|client:localhost:45301|dataStream:localhost:46673|priority:0, s1|rpc:localhost:43167|admin:localhost:42827|client:localhost:41727|dataStream:localhost:38731|priority:0, s2|rpc:localhost:35037|admin:localhost:40161|client:localhost:40119|dataStream:localhost:37287|priority:0], old=null
2022-05-09 13:04:10,065 [Thread-1] INFO  server.RaftServer$Division (RaftServerImpl.java:requestVote(1151)) - s3@group-4EAE193F79A7: receive requestVote(PRE_VOTE, s4, group-4EAE193F79A7, 1, (t:1, i:0))
2022-05-09 13:04:10,065 [Thread-1] INFO  impl.VoteContext (VoteContext.java:log(48)) - s3@group-4EAE193F79A7-LEADER: reject PRE_VOTE from s4: this server is the leader and still has leadership
2022-05-09 13:04:10,065 [Thread-1] INFO  server.RaftServer$Division (RaftServerImpl.java:requestVote(1183)) - s3@group-4EAE193F79A7 replies to PRE_VOTE vote request: s4<-s3#0:FAIL-t1. Peer's state: s3@group-4EAE193F79A7:t1, leader=s3, voted=s3, raftlog=s3@group-4EAE193F79A7-SegmentedRaftLog:OPENED:c0, conf=0: [s3|rpc:localhost:46809|admin:localhost:38119|client:localhost:40227|dataStream:localhost:35795|priority:0, s4|rpc:localhost:42721|admin:localhost:40067|client:localhost:36815|dataStream:localhost:33831|priority:0, s0|rpc:localhost:43875|admin:localhost:46477|client:localhost:45301|dataStream:localhost:46673|priority:0, s1|rpc:localhost:43167|admin:localhost:42827|client:localhost:41727|dataStream:localhost:38731|priority:0, s2|rpc:localhost:35037|admin:localhost:40161|client:localhost:40119|dataStream:localhost:37287|priority:0], old=null
2022-05-09 13:04:10,066 [Thread-15] INFO  server.RaftServer$Division (RaftServerImpl.java:requestVote(1151)) - s0@group-4EAE193F79A7: receive requestVote(PRE_VOTE, s4, group-4EAE193F79A7, 1, (t:1, i:0))
2022-05-09 13:04:10,066 [Thread-15] INFO  impl.VoteContext (VoteContext.java:log(48)) - s0@group-4EAE193F79A7-FOLLOWER: reject PRE_VOTE from s4: this server is a follower and still has a valid leader s3
2022-05-09 13:04:10,066 [Thread-15] INFO  server.RaftServer$Division (RaftServerImpl.java:requestVote(1183)) - s0@group-4EAE193F79A7 replies to PRE_VOTE vote request: s4<-s0#0:FAIL-t1. Peer's state: s0@group-4EAE193F79A7:t1, leader=s3, voted=s3, raftlog=s0@group-4EAE193F79A7-SegmentedRaftLog:OPENED:c0, conf=0: [s3|rpc:localhost:46809|admin:localhost:38119|client:localhost:40227|dataStream:localhost:35795|priority:0, s4|rpc:localhost:42721|admin:localhost:40067|client:localhost:36815|dataStream:localhost:33831|priority:0, s0|rpc:localhost:43875|admin:localhost:46477|client:localhost:45301|dataStream:localhost:46673|priority:0, s1|rpc:localhost:43167|admin:localhost:42827|client:localhost:41727|dataStream:localhost:38731|priority:0, s2|rpc:localhost:35037|admin:localhost:40161|client:localhost:40119|dataStream:localhost:37287|priority:0], old=null
2022-05-09 13:04:10,066 [Thread-23] INFO  server.RaftServer$Division (RaftServerImpl.java:requestVote(1151)) - s1@group-4EAE193F79A7: receive requestVote(PRE_VOTE, s4, group-4EAE193F79A7, 1, (t:1, i:0))
2022-05-09 13:04:10,066 [Thread-23] INFO  impl.VoteContext (VoteContext.java:log(48)) - s1@group-4EAE193F79A7-FOLLOWER: reject PRE_VOTE from s4: this server is a follower and still has a valid leader s3
2022-05-09 13:04:10,066 [Thread-23] INFO  server.RaftServer$Division (RaftServerImpl.java:requestVote(1183)) - s1@group-4EAE193F79A7 replies to PRE_VOTE vote request: s4<-s1#0:FAIL-t1. Peer's state: s1@group-4EAE193F79A7:t1, leader=s3, voted=s4, raftlog=s1@group-4EAE193F79A7-SegmentedRaftLog:OPENED:c0, conf=0: [s3|rpc:localhost:46809|admin:localhost:38119|client:localhost:40227|dataStream:localhost:35795|priority:0, s4|rpc:localhost:42721|admin:localhost:40067|client:localhost:36815|dataStream:localhost:33831|priority:0, s0|rpc:localhost:43875|admin:localhost:46477|client:localhost:45301|dataStream:localhost:46673|priority:0, s1|rpc:localhost:43167|admin:localhost:42827|client:localhost:41727|dataStream:localhost:38731|priority:0, s2|rpc:localhost:35037|admin:localhost:40161|client:localhost:40119|dataStream:localhost:37287|priority:0], old=null
2022-05-09 13:04:10,073 [Thread-29] INFO  server.RaftServer$Division (RaftServerImpl.java:requestVote(1151)) - s2@group-4EAE193F79A7: receive requestVote(PRE_VOTE, s4, group-4EAE193F79A7, 1, (t:1, i:0))
2022-05-09 13:04:10,073 [Thread-29] INFO  impl.VoteContext (VoteContext.java:log(48)) - s2@group-4EAE193F79A7-FOLLOWER: reject PRE_VOTE from s4: this server is a follower and still has a valid leader s3
2022-05-09 13:04:10,074 [Thread-29] INFO  server.RaftServer$Division (RaftServerImpl.java:requestVote(1183)) - s2@group-4EAE193F79A7 replies to PRE_VOTE vote request: s4<-s2#0:FAIL-t1. Peer's state: s2@group-4EAE193F79A7:t1, leader=s3, voted=s3, raftlog=s2@group-4EAE193F79A7-SegmentedRaftLog:OPENED:c0, conf=0: [s3|rpc:localhost:46809|admin:localhost:38119|client:localhost:40227|dataStream:localhost:35795|priority:0, s4|rpc:localhost:42721|admin:localhost:40067|client:localhost:36815|dataStream:localhost:33831|priority:0, s0|rpc:localhost:43875|admin:localhost:46477|client:localhost:45301|dataStream:localhost:46673|priority:0, s1|rpc:localhost:43167|admin:localhost:42827|client:localhost:41727|dataStream:localhost:38731|priority:0, s2|rpc:localhost:35037|admin:localhost:40161|client:localhost:40119|dataStream:localhost:37287|priority:0], old=null
2022-05-09 13:04:10,081 [s4@group-4EAE193F79A7-LeaderElection18] INFO  impl.LeaderElection (LeaderElection.java:logAndReturn(90)) - s4@group-4EAE193F79A7-LeaderElection18: PRE_VOTE REJECTED received 3 response(s) and 0 exception(s):
2022-05-09 13:04:10,081 [s4@group-4EAE193F79A7-LeaderElection18] INFO  impl.LeaderElection (LeaderElection.java:logAndReturn(94)) -   Response 0: s4<-s3#0:FAIL-t1
2022-05-09 13:04:10,081 [s4@group-4EAE193F79A7-LeaderElection18] INFO  impl.LeaderElection (LeaderElection.java:logAndReturn(94)) -   Response 1: s4<-s0#0:FAIL-t1
2022-05-09 13:04:10,081 [s4@group-4EAE193F79A7-LeaderElection18] INFO  impl.LeaderElection (LeaderElection.java:logAndReturn(94)) -   Response 2: s4<-s1#0:FAIL-t1
2022-05-09 13:04:10,081 [s4@group-4EAE193F79A7-LeaderElection18] INFO  impl.LeaderElection (LeaderElection.java:askForVotes(312)) - s4@group-4EAE193F79A7-LeaderElection18 PRE_VOTE round 0: result REJECTED
2022-05-09 13:04:10,081 [s4@group-4EAE193F79A7-LeaderElection18] INFO  server.RaftServer$Division (RaftServerImpl.java:setRole(298)) - s4@group-4EAE193F79A7: changes role from CANDIDATE to FOLLOWER at term 1 for REJECTED
2022-05-09 13:04:10,081 [s4@group-4EAE193F79A7-LeaderElection18] INFO  impl.RoleInfo (RoleInfo.java:shutdownLeaderElection(130)) - s4: shutdown s4@group-4EAE193F79A7-LeaderElection18
2022-05-09 13:04:10,081 [s4@group-4EAE193F79A7-LeaderElection18] INFO  impl.RoleInfo (RoleInfo.java:updateAndGet(139)) - s4: start s4@group-4EAE193F79A7-FollowerState
2022-05-09 13:04:10,270 [Thread-9] INFO  server.RaftServer$Division (ServerState.java:setLeader(287)) - s4@group-4EAE193F79A7: change Leader from null to s3 at term 1 for appendEntries, leader elected after 205ms
2022-05-09 13:04:10,496 [Time-limited test] INFO  simulation.TestLeaderElectionWithSimulatedRpc (LeaderElectionTests.java:enforceLeader(243)) - try enforcing leader to s4 but new leader is s3
2022-05-09 13:04:10,496 [Time-limited test] INFO  server.RaftServerConfigKeys (ConfUtils.java:logGet(46)) - raft.server.rpc.timeout.max = 300ms (default)
2022-05-09 13:04:10,803 [s4@group-4EAE193F79A7-FollowerState] INFO  impl.FollowerState (FollowerState.java:run(143)) - s4@group-4EAE193F79A7-FollowerState: change to CANDIDATE, lastRpcElapsedTime:352375741ns, electionTimeout:221ms
2022-05-09 13:04:10,803 [s4@group-4EAE193F79A7-FollowerState] INFO  impl.RoleInfo (RoleInfo.java:shutdownFollowerState(110)) - s4: shutdown s4@group-4EAE193F79A7-FollowerState
2022-05-09 13:04:10,804 [s4@group-4EAE193F79A7-FollowerState] INFO  server.RaftServer$Division (RaftServerImpl.java:setRole(298)) - s4@group-4EAE193F79A7: changes role from  FOLLOWER to CANDIDATE at term 1 for changeToCandidate
2022-05-09 13:04:10,804 [s4@group-4EAE193F79A7-FollowerState] INFO  server.RaftServerConfigKeys (ConfUtils.java:logGet(46)) - raft.server.leaderelection.pre-vote = true (default)
2022-05-09 13:04:10,804 [s4@group-4EAE193F79A7-FollowerState] INFO  impl.RoleInfo (RoleInfo.java:updateAndGet(139)) - s4: start s4@group-4EAE193F79A7-LeaderElection19
2022-05-09 13:04:10,804 [s4@group-4EAE193F79A7-LeaderElection19] INFO  server.RaftServer$Division (ServerState.java:setLeader(287)) - s4@group-4EAE193F79A7: change Leader from s3 to null at term 1 for PRE_VOTE
2022-05-09 13:04:10,804 [s4@group-4EAE193F79A7-LeaderElection19] INFO  impl.LeaderElection (LeaderElection.java:askForVotes(310)) - s4@group-4EAE193F79A7-LeaderElection19 PRE_VOTE round 0: submit vote requests at term 1 for 0: [s3|rpc:localhost:46809|admin:localhost:38119|client:localhost:40227|dataStream:localhost:35795|priority:0, s4|rpc:localhost:42721|admin:localhost:40067|client:localhost:36815|dataStream:localhost:33831|priority:0, s0|rpc:localhost:43875|admin:localhost:46477|client:localhost:45301|dataStream:localhost:46673|priority:0, s1|rpc:localhost:43167|admin:localhost:42827|client:localhost:41727|dataStream:localhost:38731|priority:0, s2|rpc:localhost:35037|admin:localhost:40161|client:localhost:40119|dataStream:localhost:37287|priority:0], old=null
2022-05-09 13:04:10,877 [s2@group-4EAE193F79A7-FollowerState] INFO  impl.FollowerState (FollowerState.java:run(143)) - s2@group-4EAE193F79A7-FollowerState: change to CANDIDATE, lastRpcElapsedTime:168019109ns, electionTimeout:167ms
2022-05-09 13:04:10,878 [s2@group-4EAE193F79A7-FollowerState] INFO  impl.RoleInfo (RoleInfo.java:shutdownFollowerState(110)) - s2: shutdown s2@group-4EAE193F79A7-FollowerState
2022-05-09 13:04:10,878 [s2@group-4EAE193F79A7-FollowerState] INFO  server.RaftServer$Division (RaftServerImpl.java:setRole(298)) - s2@group-4EAE193F79A7: changes role from  FOLLOWER to CANDIDATE at term 1 for changeToCandidate
2022-05-09 13:04:10,878 [s2@group-4EAE193F79A7-FollowerState] INFO  server.RaftServerConfigKeys (ConfUtils.java:logGet(46)) - raft.server.leaderelection.pre-vote = true (default)
2022-05-09 13:04:10,878 [s2@group-4EAE193F79A7-FollowerState] INFO  impl.RoleInfo (RoleInfo.java:updateAndGet(139)) - s2: start s2@group-4EAE193F79A7-LeaderElection20
2022-05-09 13:04:10,878 [s2@group-4EAE193F79A7-LeaderElection20] INFO  server.RaftServer$Division (ServerState.java:setLeader(287)) - s2@group-4EAE193F79A7: change Leader from s3 to null at term 1 for PRE_VOTE
2022-05-09 13:04:10,878 [s2@group-4EAE193F79A7-LeaderElection20] INFO  impl.LeaderElection (LeaderElection.java:askForVotes(310)) - s2@group-4EAE193F79A7-LeaderElection20 PRE_VOTE round 0: submit vote requests at term 1 for 0: [s3|rpc:localhost:46809|admin:localhost:38119|client:localhost:40227|dataStream:localhost:35795|priority:0, s4|rpc:localhost:42721|admin:localhost:40067|client:localhost:36815|dataStream:localhost:33831|priority:0, s0|rpc:localhost:43875|admin:localhost:46477|client:localhost:45301|dataStream:localhost:46673|priority:0, s1|rpc:localhost:43167|admin:localhost:42827|client:localhost:41727|dataStream:localhost:38731|priority:0, s2|rpc:localhost:35037|admin:localhost:40161|client:localhost:40119|dataStream:localhost:37287|priority:0], old=null
2022-05-09 13:04:10,946 [Thread-28] INFO  server.RaftServer$Division (RaftServerImpl.java:setRole(298)) - s2@group-4EAE193F79A7: changes role from CANDIDATE to FOLLOWER at term 1 for appendEntries
2022-05-09 13:04:10,946 [Thread-28] INFO  impl.RoleInfo (RoleInfo.java:shutdownLeaderElection(130)) - s2: shutdown s2@group-4EAE193F79A7-LeaderElection20
2022-05-09 13:04:10,946 [Thread-28] INFO  impl.RoleInfo (RoleInfo.java:updateAndGet(139)) - s2: start s2@group-4EAE193F79A7-FollowerState
2022-05-09 13:04:10,946 [Thread-28] INFO  server.RaftServer$Division (ServerState.java:setLeader(287)) - s2@group-4EAE193F79A7: change Leader from null to s3 at term 1 for appendEntries, leader elected after 68ms
2022-05-09 13:04:10,947 [Time-limited test] INFO  server.RaftServerConfigKeys (ConfUtils.java:logGet(46)) - raft.server.rpc.timeout.max = 300ms (default)
2022-05-09 13:04:10,955 [Thread-2] INFO  server.RaftServer$Division (RaftServerImpl.java:requestVote(1151)) - s3@group-4EAE193F79A7: receive requestVote(PRE_VOTE, s4, group-4EAE193F79A7, 1, (t:1, i:0))
2022-05-09 13:04:10,955 [Thread-21] INFO  server.RaftServer$Division (RaftServerImpl.java:requestVote(1151)) - s1@group-4EAE193F79A7: receive requestVote(PRE_VOTE, s4, group-4EAE193F79A7, 1, (t:1, i:0))
2022-05-09 13:04:10,955 [Thread-21] INFO  impl.VoteContext (VoteContext.java:log(48)) - s1@group-4EAE193F79A7-FOLLOWER: reject PRE_VOTE from s4: this server is a follower and still has a valid leader s3
2022-05-09 13:04:10,955 [Thread-14] INFO  server.RaftServer$Division (RaftServerImpl.java:requestVote(1151)) - s0@group-4EAE193F79A7: receive requestVote(PRE_VOTE, s4, group-4EAE193F79A7, 1, (t:1, i:0))
2022-05-09 13:04:10,955 [Thread-14] INFO  impl.VoteContext (VoteContext.java:log(48)) - s0@group-4EAE193F79A7-FOLLOWER: reject PRE_VOTE from s4: this server is a follower and still has a valid leader s3
2022-05-09 13:04:10,955 [Thread-14] INFO  server.RaftServer$Division (RaftServerImpl.java:requestVote(1183)) - s0@group-4EAE193F79A7 replies to PRE_VOTE vote request: s4<-s0#0:FAIL-t1. Peer's state: s0@group-4EAE193F79A7:t1, leader=s3, voted=s3, raftlog=s0@group-4EAE193F79A7-SegmentedRaftLog:OPENED:c0, conf=0: [s3|rpc:localhost:46809|admin:localhost:38119|client:localhost:40227|dataStream:localhost:35795|priority:0, s4|rpc:localhost:42721|admin:localhost:40067|client:localhost:36815|dataStream:localhost:33831|priority:0, s0|rpc:localhost:43875|admin:localhost:46477|client:localhost:45301|dataStream:localhost:46673|priority:0, s1|rpc:localhost:43167|admin:localhost:42827|client:localhost:41727|dataStream:localhost:38731|priority:0, s2|rpc:localhost:35037|admin:localhost:40161|client:localhost:40119|dataStream:localhost:37287|priority:0], old=null
2022-05-09 13:04:10,955 [Thread-2] INFO  impl.VoteContext (VoteContext.java:log(48)) - s3@group-4EAE193F79A7-LEADER: reject PRE_VOTE from s4: this server is the leader and still has leadership
2022-05-09 13:04:10,955 [Thread-21] INFO  server.RaftServer$Division (RaftServerImpl.java:requestVote(1183)) - s1@group-4EAE193F79A7 replies to PRE_VOTE vote request: s4<-s1#0:FAIL-t1. Peer's state: s1@group-4EAE193F79A7:t1, leader=s3, voted=s4, raftlog=s1@group-4EAE193F79A7-SegmentedRaftLog:OPENED:c0, conf=0: [s3|rpc:localhost:46809|admin:localhost:38119|client:localhost:40227|dataStream:localhost:35795|priority:0, s4|rpc:localhost:42721|admin:localhost:40067|client:localhost:36815|dataStream:localhost:33831|priority:0, s0|rpc:localhost:43875|admin:localhost:46477|client:localhost:45301|dataStream:localhost:46673|priority:0, s1|rpc:localhost:43167|admin:localhost:42827|client:localhost:41727|dataStream:localhost:38731|priority:0, s2|rpc:localhost:35037|admin:localhost:40161|client:localhost:40119|dataStream:localhost:37287|priority:0], old=null
2022-05-09 13:04:10,956 [Thread-2] INFO  server.RaftServer$Division (RaftServerImpl.java:requestVote(1183)) - s3@group-4EAE193F79A7 replies to PRE_VOTE vote request: s4<-s3#0:FAIL-t1. Peer's state: s3@group-4EAE193F79A7:t1, leader=s3, voted=s3, raftlog=s3@group-4EAE193F79A7-SegmentedRaftLog:OPENED:c0, conf=0: [s3|rpc:localhost:46809|admin:localhost:38119|client:localhost:40227|dataStream:localhost:35795|priority:0, s4|rpc:localhost:42721|admin:localhost:40067|client:localhost:36815|dataStream:localhost:33831|priority:0, s0|rpc:localhost:43875|admin:localhost:46477|client:localhost:45301|dataStream:localhost:46673|priority:0, s1|rpc:localhost:43167|admin:localhost:42827|client:localhost:41727|dataStream:localhost:38731|priority:0, s2|rpc:localhost:35037|admin:localhost:40161|client:localhost:40119|dataStream:localhost:37287|priority:0], old=null
2022-05-09 13:04:10,956 [Thread-30] INFO  server.RaftServer$Division (RaftServerImpl.java:requestVote(1151)) - s2@group-4EAE193F79A7: receive requestVote(PRE_VOTE, s4, group-4EAE193F79A7, 1, (t:1, i:0))
2022-05-09 13:04:10,956 [Thread-30] INFO  impl.VoteContext (VoteContext.java:log(48)) - s2@group-4EAE193F79A7-FOLLOWER: reject PRE_VOTE from s4: this server is a follower and still has a valid leader s3
2022-05-09 13:04:10,956 [Thread-30] INFO  server.RaftServer$Division (RaftServerImpl.java:requestVote(1183)) - s2@group-4EAE193F79A7 replies to PRE_VOTE vote request: s4<-s2#0:FAIL-t1. Peer's state: s2@group-4EAE193F79A7:t1, leader=s3, voted=s3, raftlog=s2@group-4EAE193F79A7-SegmentedRaftLog:OPENED:c0, conf=0: [s3|rpc:localhost:46809|admin:localhost:38119|client:localhost:40227|dataStream:localhost:35795|priority:0, s4|rpc:localhost:42721|admin:localhost:40067|client:localhost:36815|dataStream:localhost:33831|priority:0, s0|rpc:localhost:43875|admin:localhost:46477|client:localhost:45301|dataStream:localhost:46673|priority:0, s1|rpc:localhost:43167|admin:localhost:42827|client:localhost:41727|dataStream:localhost:38731|priority:0, s2|rpc:localhost:35037|admin:localhost:40161|client:localhost:40119|dataStream:localhost:37287|priority:0], old=null
2022-05-09 13:04:10,970 [s4@group-4EAE193F79A7-LeaderElection19] INFO  impl.LeaderElection (LeaderElection.java:logAndReturn(90)) - s4@group-4EAE193F79A7-LeaderElection19: PRE_VOTE REJECTED received 3 response(s) and 0 exception(s):
2022-05-09 13:04:10,970 [s4@group-4EAE193F79A7-LeaderElection19] INFO  impl.LeaderElection (LeaderElection.java:logAndReturn(94)) -   Response 0: s4<-s3#0:FAIL-t1
2022-05-09 13:04:10,970 [s4@group-4EAE193F79A7-LeaderElection19] INFO  impl.LeaderElection (LeaderElection.java:logAndReturn(94)) -   Response 1: s4<-s0#0:FAIL-t1
2022-05-09 13:04:10,970 [s4@group-4EAE193F79A7-LeaderElection19] INFO  impl.LeaderElection (LeaderElection.java:logAndReturn(94)) -   Response 2: s4<-s1#0:FAIL-t1
2022-05-09 13:04:10,970 [s4@group-4EAE193F79A7-LeaderElection19] INFO  impl.LeaderElection (LeaderElection.java:askForVotes(312)) - s4@group-4EAE193F79A7-LeaderElection19 PRE_VOTE round 0: result REJECTED
2022-05-09 13:04:10,970 [s4@group-4EAE193F79A7-LeaderElection19] INFO  server.RaftServer$Division (RaftServerImpl.java:setRole(298)) - s4@group-4EAE193F79A7: changes role from CANDIDATE to FOLLOWER at term 1 for REJECTED
2022-05-09 13:04:10,970 [s4@group-4EAE193F79A7-LeaderElection19] INFO  impl.RoleInfo (RoleInfo.java:shutdownLeaderElection(130)) - s4: shutdown s4@group-4EAE193F79A7-LeaderElection19
2022-05-09 13:04:10,970 [s4@group-4EAE193F79A7-LeaderElection19] INFO  impl.RoleInfo (RoleInfo.java:updateAndGet(139)) - s4: start s4@group-4EAE193F79A7-FollowerState
2022-05-09 13:04:11,029 [Thread-0] INFO  server.RaftServer$Division (RaftServerImpl.java:requestVote(1151)) - s3@group-4EAE193F79A7: receive requestVote(PRE_VOTE, s2, group-4EAE193F79A7, 1, (t:1, i:0))
2022-05-09 13:04:11,029 [Thread-0] INFO  impl.VoteContext (VoteContext.java:log(48)) - s3@group-4EAE193F79A7-LEADER: reject PRE_VOTE from s2: this server is the leader and still has leadership
2022-05-09 13:04:11,029 [Thread-15] INFO  server.RaftServer$Division (RaftServerImpl.java:requestVote(1151)) - s0@group-4EAE193F79A7: receive requestVote(PRE_VOTE, s2, group-4EAE193F79A7, 1, (t:1, i:0))
2022-05-09 13:04:11,029 [Thread-15] INFO  impl.VoteContext (VoteContext.java:log(48)) - s0@group-4EAE193F79A7-FOLLOWER: reject PRE_VOTE from s2: this server is a follower and still has a valid leader s3
2022-05-09 13:04:11,029 [Thread-23] INFO  server.RaftServer$Division (RaftServerImpl.java:requestVote(1151)) - s1@group-4EAE193F79A7: receive requestVote(PRE_VOTE, s2, group-4EAE193F79A7, 1, (t:1, i:0))
2022-05-09 13:04:11,030 [Thread-23] INFO  impl.VoteContext (VoteContext.java:log(48)) - s1@group-4EAE193F79A7-FOLLOWER: reject PRE_VOTE from s2: this server is a follower and still has a valid leader s3
2022-05-09 13:04:11,030 [Thread-23] INFO  server.RaftServer$Division (RaftServerImpl.java:requestVote(1183)) - s1@group-4EAE193F79A7 replies to PRE_VOTE vote request: s2<-s1#0:FAIL-t1. Peer's state: s1@group-4EAE193F79A7:t1, leader=s3, voted=s4, raftlog=s1@group-4EAE193F79A7-SegmentedRaftLog:OPENED:c0, conf=0: [s3|rpc:localhost:46809|admin:localhost:38119|client:localhost:40227|dataStream:localhost:35795|priority:0, s4|rpc:localhost:42721|admin:localhost:40067|client:localhost:36815|dataStream:localhost:33831|priority:0, s0|rpc:localhost:43875|admin:localhost:46477|client:localhost:45301|dataStream:localhost:46673|priority:0, s1|rpc:localhost:43167|admin:localhost:42827|client:localhost:41727|dataStream:localhost:38731|priority:0, s2|rpc:localhost:35037|admin:localhost:40161|client:localhost:40119|dataStream:localhost:37287|priority:0], old=null
2022-05-09 13:04:11,029 [Thread-0] INFO  server.RaftServer$Division (RaftServerImpl.java:requestVote(1183)) - s3@group-4EAE193F79A7 replies to PRE_VOTE vote request: s2<-s3#0:FAIL-t1. Peer's state: s3@group-4EAE193F79A7:t1, leader=s3, voted=s3, raftlog=s3@group-4EAE193F79A7-SegmentedRaftLog:OPENED:c0, conf=0: [s3|rpc:localhost:46809|admin:localhost:38119|client:localhost:40227|dataStream:localhost:35795|priority:0, s4|rpc:localhost:42721|admin:localhost:40067|client:localhost:36815|dataStream:localhost:33831|priority:0, s0|rpc:localhost:43875|admin:localhost:46477|client:localhost:45301|dataStream:localhost:46673|priority:0, s1|rpc:localhost:43167|admin:localhost:42827|client:localhost:41727|dataStream:localhost:38731|priority:0, s2|rpc:localhost:35037|admin:localhost:40161|client:localhost:40119|dataStream:localhost:37287|priority:0], old=null
2022-05-09 13:04:11,030 [Thread-15] INFO  server.RaftServer$Division (RaftServerImpl.java:requestVote(1183)) - s0@group-4EAE193F79A7 replies to PRE_VOTE vote request: s2<-s0#0:FAIL-t1. Peer's state: s0@group-4EAE193F79A7:t1, leader=s3, voted=s3, raftlog=s0@group-4EAE193F79A7-SegmentedRaftLog:OPENED:c0, conf=0: [s3|rpc:localhost:46809|admin:localhost:38119|client:localhost:40227|dataStream:localhost:35795|priority:0, s4|rpc:localhost:42721|admin:localhost:40067|client:localhost:36815|dataStream:localhost:33831|priority:0, s0|rpc:localhost:43875|admin:localhost:46477|client:localhost:45301|dataStream:localhost:46673|priority:0, s1|rpc:localhost:43167|admin:localhost:42827|client:localhost:41727|dataStream:localhost:38731|priority:0, s2|rpc:localhost:35037|admin:localhost:40161|client:localhost:40119|dataStream:localhost:37287|priority:0], old=null
2022-05-09 13:04:11,040 [s2@group-4EAE193F79A7-LeaderElection20] INFO  impl.LeaderElection (LeaderElection.java:logAndReturn(90)) - s2@group-4EAE193F79A7-LeaderElection20: PRE_VOTE REJECTED received 1 response(s) and 0 exception(s):
2022-05-09 13:04:11,040 [s2@group-4EAE193F79A7-LeaderElection20] INFO  impl.LeaderElection (LeaderElection.java:logAndReturn(94)) -   Response 0: s2<-s1#0:FAIL-t1
2022-05-09 13:04:11,040 [s2@group-4EAE193F79A7-LeaderElection20] INFO  impl.LeaderElection (LeaderElection.java:askForVotes(312)) - s2@group-4EAE193F79A7-LeaderElection20 PRE_VOTE round 0: result REJECTED
2022-05-09 13:04:11,143 [Thread-9] INFO  server.RaftServer$Division (ServerState.java:setLeader(287)) - s4@group-4EAE193F79A7: change Leader from null to s3 at term 1 for appendEntries, leader elected after 338ms
2022-05-09 13:04:11,179 [Thread-7] INFO  server.RaftServer$Division (RaftServerImpl.java:requestVote(1151)) - s4@group-4EAE193F79A7: receive requestVote(PRE_VOTE, s2, group-4EAE193F79A7, 1, (t:1, i:0))
2022-05-09 13:04:11,180 [Thread-7] INFO  impl.VoteContext (VoteContext.java:log(48)) - s4@group-4EAE193F79A7-FOLLOWER: reject PRE_VOTE from s2: this server is a follower and still has a valid leader s3
2022-05-09 13:04:11,180 [Thread-7] INFO  server.RaftServer$Division (RaftServerImpl.java:requestVote(1183)) - s4@group-4EAE193F79A7 replies to PRE_VOTE vote request: s2<-s4#0:FAIL-t1. Peer's state: s4@group-4EAE193F79A7:t1, leader=s3, voted=s4, raftlog=s4@group-4EAE193F79A7-SegmentedRaftLog:OPENED:c0, conf=0: [s3|rpc:localhost:46809|admin:localhost:38119|client:localhost:40227|dataStream:localhost:35795|priority:0, s4|rpc:localhost:42721|admin:localhost:40067|client:localhost:36815|dataStream:localhost:33831|priority:0, s0|rpc:localhost:43875|admin:localhost:46477|client:localhost:45301|dataStream:localhost:46673|priority:0, s1|rpc:localhost:43167|admin:localhost:42827|client:localhost:41727|dataStream:localhost:38731|priority:0, s2|rpc:localhost:35037|admin:localhost:40161|client:localhost:40119|dataStream:localhost:37287|priority:0], old=null
2022-05-09 13:04:11,397 [Time-limited test] INFO  simulation.TestLeaderElectionWithSimulatedRpc (LeaderElectionTests.java:enforceLeader(243)) - try enforcing leader to s4 but new leader is s3
2022-05-09 13:04:11,398 [Time-limited test] INFO  server.RaftServerConfigKeys (ConfUtils.java:logGet(46)) - raft.server.rpc.timeout.max = 300ms (default)
2022-05-09 13:04:11,451 [Timer-0] INFO  impl.MiniRaftCluster (MiniRaftCluster.java:lambda$null$6(325)) - TIMED-PRINT: printing ALL groups
  s3:  RUNNING    LEADER s3@group-4EAE193F79A7:t1, leader=s3, voted=s3, raftlog=s3@group-4EAE193F79A7-SegmentedRaftLog:OPENED:c0, conf=0: [s3|rpc:localhost:46809|admin:localhost:38119|client:localhost:40227|dataStream:localhost:35795|priority:0, s4|rpc:localhost:42721|admin:localhost:40067|client:localhost:36815|dataStream:localhost:33831|priority:0, s0|rpc:localhost:43875|admin:localhost:46477|client:localhost:45301|dataStream:localhost:46673|priority:0, s1|rpc:localhost:43167|admin:localhost:42827|client:localhost:41727|dataStream:localhost:38731|priority:0, s2|rpc:localhost:35037|admin:localhost:40161|client:localhost:40119|dataStream:localhost:37287|priority:0], old=null RUNNING
  s4:  RUNNING  FOLLOWER s4@group-4EAE193F79A7:t1, leader=s3, voted=s4, raftlog=s4@group-4EAE193F79A7-SegmentedRaftLog:OPENED:c0, conf=0: [s3|rpc:localhost:46809|admin:localhost:38119|client:localhost:40227|dataStream:localhost:35795|priority:0, s4|rpc:localhost:42721|admin:localhost:40067|client:localhost:36815|dataStream:localhost:33831|priority:0, s0|rpc:localhost:43875|admin:localhost:46477|client:localhost:45301|dataStream:localhost:46673|priority:0, s1|rpc:localhost:43167|admin:localhost:42827|client:localhost:41727|dataStream:localhost:38731|priority:0, s2|rpc:localhost:35037|admin:localhost:40161|client:localhost:40119|dataStream:localhost:37287|priority:0], old=null RUNNING
  s0:  RUNNING  FOLLOWER s0@group-4EAE193F79A7:t1, leader=s3, voted=s3, raftlog=s0@group-4EAE193F79A7-SegmentedRaftLog:OPENED:c0, conf=0: [s3|rpc:localhost:46809|admin:localhost:38119|client:localhost:40227|dataStream:localhost:35795|priority:0, s4|rpc:localhost:42721|admin:localhost:40067|client:localhost:36815|dataStream:localhost:33831|priority:0, s0|rpc:localhost:43875|admin:localhost:46477|client:localhost:45301|dataStream:localhost:46673|priority:0, s1|rpc:localhost:43167|admin:localhost:42827|client:localhost:41727|dataStream:localhost:38731|priority:0, s2|rpc:localhost:35037|admin:localhost:40161|client:localhost:40119|dataStream:localhost:37287|priority:0], old=null RUNNING
  s1:  RUNNING  FOLLOWER s1@group-4EAE193F79A7:t1, leader=s3, voted=s4, raftlog=s1@group-4EAE193F79A7-SegmentedRaftLog:OPENED:c0, conf=0: [s3|rpc:localhost:46809|admin:localhost:38119|client:localhost:40227|dataStream:localhost:35795|priority:0, s4|rpc:localhost:42721|admin:localhost:40067|client:localhost:36815|dataStream:localhost:33831|priority:0, s0|rpc:localhost:43875|admin:localhost:46477|client:localhost:45301|dataStream:localhost:46673|priority:0, s1|rpc:localhost:43167|admin:localhost:42827|client:localhost:41727|dataStream:localhost:38731|priority:0, s2|rpc:localhost:35037|admin:localhost:40161|client:localhost:40119|dataStream:localhost:37287|priority:0], old=null RUNNING
  s2:  RUNNING  FOLLOWER s2@group-4EAE193F79A7:t1, leader=s3, voted=s3, raftlog=s2@group-4EAE193F79A7-SegmentedRaftLog:OPENED:c0, conf=0: [s3|rpc:localhost:46809|admin:localhost:38119|client:localhost:40227|dataStream:localhost:35795|priority:0, s4|rpc:localhost:42721|admin:localhost:40067|client:localhost:36815|dataStream:localhost:33831|priority:0, s0|rpc:localhost:43875|admin:localhost:46477|client:localhost:45301|dataStream:localhost:46673|priority:0, s1|rpc:localhost:43167|admin:localhost:42827|client:localhost:41727|dataStream:localhost:38731|priority:0, s2|rpc:localhost:35037|admin:localhost:40161|client:localhost:40119|dataStream:localhost:37287|priority:0], old=null RUNNING
2022-05-09 13:04:11,514 [s0@group-4EAE193F79A7-FollowerState] INFO  impl.FollowerState (FollowerState.java:run(143)) - s0@group-4EAE193F79A7-FollowerState: change to CANDIDATE, lastRpcElapsedTime:208698358ns, electionTimeout:208ms
2022-05-09 13:04:11,514 [s0@group-4EAE193F79A7-FollowerState] INFO  impl.RoleInfo (RoleInfo.java:shutdownFollowerState(110)) - s0: shutdown s0@group-4EAE193F79A7-FollowerState
2022-05-09 13:04:11,514 [s0@group-4EAE193F79A7-FollowerState] INFO  server.RaftServer$Division (RaftServerImpl.java:setRole(298)) - s0@group-4EAE193F79A7: changes role from  FOLLOWER to CANDIDATE at term 1 for changeToCandidate
2022-05-09 13:04:11,515 [s0@group-4EAE193F79A7-FollowerState] INFO  server.RaftServerConfigKeys (ConfUtils.java:logGet(46)) - raft.server.leaderelection.pre-vote = true (default)
2022-05-09 13:04:11,515 [s0@group-4EAE193F79A7-FollowerState] INFO  impl.RoleInfo (RoleInfo.java:updateAndGet(139)) - s0: start s0@group-4EAE193F79A7-LeaderElection21
2022-05-09 13:04:11,515 [s0@group-4EAE193F79A7-LeaderElection21] INFO  server.RaftServer$Division (ServerState.java:setLeader(287)) - s0@group-4EAE193F79A7: change Leader from s3 to null at term 1 for PRE_VOTE
2022-05-09 13:04:11,516 [s0@group-4EAE193F79A7-LeaderElection21] INFO  impl.LeaderElection (LeaderElection.java:askForVotes(310)) - s0@group-4EAE193F79A7-LeaderElection21 PRE_VOTE round 0: submit vote requests at term 1 for 0: [s3|rpc:localhost:46809|admin:localhost:38119|client:localhost:40227|dataStream:localhost:35795|priority:0, s4|rpc:localhost:42721|admin:localhost:40067|client:localhost:36815|dataStream:localhost:33831|priority:0, s0|rpc:localhost:43875|admin:localhost:46477|client:localhost:45301|dataStream:localhost:46673|priority:0, s1|rpc:localhost:43167|admin:localhost:42827|client:localhost:41727|dataStream:localhost:38731|priority:0, s2|rpc:localhost:35037|admin:localhost:40161|client:localhost:40119|dataStream:localhost:37287|priority:0], old=null
2022-05-09 13:04:11,549 [Thread-14] INFO  server.RaftServer$Division (RaftServerImpl.java:setRole(298)) - s0@group-4EAE193F79A7: changes role from CANDIDATE to FOLLOWER at term 1 for appendEntries
2022-05-09 13:04:11,549 [Thread-14] INFO  impl.RoleInfo (RoleInfo.java:shutdownLeaderElection(130)) - s0: shutdown s0@group-4EAE193F79A7-LeaderElection21
2022-05-09 13:04:11,549 [Thread-14] INFO  impl.RoleInfo (RoleInfo.java:updateAndGet(139)) - s0: start s0@group-4EAE193F79A7-FollowerState
2022-05-09 13:04:11,550 [Thread-14] INFO  server.RaftServer$Division (ServerState.java:setLeader(287)) - s0@group-4EAE193F79A7: change Leader from null to s3 at term 1 for appendEntries, leader elected after 34ms
2022-05-09 13:04:11,666 [Thread-1] INFO  server.RaftServer$Division (RaftServerImpl.java:requestVote(1151)) - s3@group-4EAE193F79A7: receive requestVote(PRE_VOTE, s0, group-4EAE193F79A7, 1, (t:1, i:0))
2022-05-09 13:04:11,667 [Thread-1] INFO  impl.VoteContext (VoteContext.java:log(48)) - s3@group-4EAE193F79A7-LEADER: reject PRE_VOTE from s0: this server is the leader and still has leadership
2022-05-09 13:04:11,667 [Thread-23] INFO  server.RaftServer$Division (RaftServerImpl.java:requestVote(1151)) - s1@group-4EAE193F79A7: receive requestVote(PRE_VOTE, s0, group-4EAE193F79A7, 1, (t:1, i:0))
2022-05-09 13:04:11,667 [Thread-30] INFO  server.RaftServer$Division (RaftServerImpl.java:requestVote(1151)) - s2@group-4EAE193F79A7: receive requestVote(PRE_VOTE, s0, group-4EAE193F79A7, 1, (t:1, i:0))
2022-05-09 13:04:11,667 [Thread-30] INFO  impl.VoteContext (VoteContext.java:log(48)) - s2@group-4EAE193F79A7-FOLLOWER: reject PRE_VOTE from s0: this server is a follower and still has a valid leader s3
2022-05-09 13:04:11,667 [Thread-30] INFO  server.RaftServer$Division (RaftServerImpl.java:requestVote(1183)) - s2@group-4EAE193F79A7 replies to PRE_VOTE vote request: s0<-s2#0:FAIL-t1. Peer's state: s2@group-4EAE193F79A7:t1, leader=s3, voted=s3, raftlog=s2@group-4EAE193F79A7-SegmentedRaftLog:OPENED:c0, conf=0: [s3|rpc:localhost:46809|admin:localhost:38119|client:localhost:40227|dataStream:localhost:35795|priority:0, s4|rpc:localhost:42721|admin:localhost:40067|client:localhost:36815|dataStream:localhost:33831|priority:0, s0|rpc:localhost:43875|admin:localhost:46477|client:localhost:45301|dataStream:localhost:46673|priority:0, s1|rpc:localhost:43167|admin:localhost:42827|client:localhost:41727|dataStream:localhost:38731|priority:0, s2|rpc:localhost:35037|admin:localhost:40161|client:localhost:40119|dataStream:localhost:37287|priority:0], old=null
2022-05-09 13:04:11,667 [Thread-1] INFO  server.RaftServer$Division (RaftServerImpl.java:requestVote(1183)) - s3@group-4EAE193F79A7 replies to PRE_VOTE vote request: s0<-s3#0:FAIL-t1. Peer's state: s3@group-4EAE193F79A7:t1, leader=s3, voted=s3, raftlog=s3@group-4EAE193F79A7-SegmentedRaftLog:OPENED:c0, conf=0: [s3|rpc:localhost:46809|admin:localhost:38119|client:localhost:40227|dataStream:localhost:35795|priority:0, s4|rpc:localhost:42721|admin:localhost:40067|client:localhost:36815|dataStream:localhost:33831|priority:0, s0|rpc:localhost:43875|admin:localhost:46477|client:localhost:45301|dataStream:localhost:46673|priority:0, s1|rpc:localhost:43167|admin:localhost:42827|client:localhost:41727|dataStream:localhost:38731|priority:0, s2|rpc:localhost:35037|admin:localhost:40161|client:localhost:40119|dataStream:localhost:37287|priority:0], old=null
2022-05-09 13:04:11,667 [Thread-23] INFO  impl.VoteContext (VoteContext.java:log(48)) - s1@group-4EAE193F79A7-FOLLOWER: reject PRE_VOTE from s0: this server is a follower and still has a valid leader s3
2022-05-09 13:04:11,667 [Thread-23] INFO  server.RaftServer$Division (RaftServerImpl.java:requestVote(1183)) - s1@group-4EAE193F79A7 replies to PRE_VOTE vote request: s0<-s1#0:FAIL-t1. Peer's state: s1@group-4EAE193F79A7:t1, leader=s3, voted=s4, raftlog=s1@group-4EAE193F79A7-SegmentedRaftLog:OPENED:c0, conf=0: [s3|rpc:localhost:46809|admin:localhost:38119|client:localhost:40227|dataStream:localhost:35795|priority:0, s4|rpc:localhost:42721|admin:localhost:40067|client:localhost:36815|dataStream:localhost:33831|priority:0, s0|rpc:localhost:43875|admin:localhost:46477|client:localhost:45301|dataStream:localhost:46673|priority:0, s1|rpc:localhost:43167|admin:localhost:42827|client:localhost:41727|dataStream:localhost:38731|priority:0, s2|rpc:localhost:35037|admin:localhost:40161|client:localhost:40119|dataStream:localhost:37287|priority:0], old=null
2022-05-09 13:04:11,681 [s0@group-4EAE193F79A7-LeaderElection21] INFO  impl.LeaderElection (LeaderElection.java:logAndReturn(90)) - s0@group-4EAE193F79A7-LeaderElection21: PRE_VOTE REJECTED received 1 response(s) and 0 exception(s):
2022-05-09 13:04:11,681 [s0@group-4EAE193F79A7-LeaderElection21] INFO  impl.LeaderElection (LeaderElection.java:logAndReturn(94)) -   Response 0: s0<-s2#0:FAIL-t1
2022-05-09 13:04:11,681 [s0@group-4EAE193F79A7-LeaderElection21] INFO  impl.LeaderElection (LeaderElection.java:askForVotes(312)) - s0@group-4EAE193F79A7-LeaderElection21 PRE_VOTE round 0: result REJECTED
2022-05-09 13:04:11,772 [s0@group-4EAE193F79A7-FollowerState] INFO  impl.FollowerState (FollowerState.java:run(143)) - s0@group-4EAE193F79A7-FollowerState: change to CANDIDATE, lastRpcElapsedTime:222059675ns, electionTimeout:222ms
2022-05-09 13:04:11,773 [s0@group-4EAE193F79A7-FollowerState] INFO  impl.RoleInfo (RoleInfo.java:shutdownFollowerState(110)) - s0: shutdown s0@group-4EAE193F79A7-FollowerState
2022-05-09 13:04:11,773 [s0@group-4EAE193F79A7-FollowerState] INFO  server.RaftServer$Division (RaftServerImpl.java:setRole(298)) - s0@group-4EAE193F79A7: changes role from  FOLLOWER to CANDIDATE at term 1 for changeToCandidate
2022-05-09 13:04:11,773 [s0@group-4EAE193F79A7-FollowerState] INFO  server.RaftServerConfigKeys (ConfUtils.java:logGet(46)) - raft.server.leaderelection.pre-vote = true (default)
2022-05-09 13:04:11,773 [s0@group-4EAE193F79A7-FollowerState] INFO  impl.RoleInfo (RoleInfo.java:updateAndGet(139)) - s0: start s0@group-4EAE193F79A7-LeaderElection22
2022-05-09 13:04:11,774 [s0@group-4EAE193F79A7-LeaderElection22] INFO  server.RaftServer$Division (ServerState.java:setLeader(287)) - s0@group-4EAE193F79A7: change Leader from s3 to null at term 1 for PRE_VOTE
2022-05-09 13:04:11,774 [s0@group-4EAE193F79A7-LeaderElection22] INFO  impl.LeaderElection (LeaderElection.java:askForVotes(310)) - s0@group-4EAE193F79A7-LeaderElection22 PRE_VOTE round 0: submit vote requests at term 1 for 0: [s3|rpc:localhost:46809|admin:localhost:38119|client:localhost:40227|dataStream:localhost:35795|priority:0, s4|rpc:localhost:42721|admin:localhost:40067|client:localhost:36815|dataStream:localhost:33831|priority:0, s0|rpc:localhost:43875|admin:localhost:46477|client:localhost:45301|dataStream:localhost:46673|priority:0, s1|rpc:localhost:43167|admin:localhost:42827|client:localhost:41727|dataStream:localhost:38731|priority:0, s2|rpc:localhost:35037|admin:localhost:40161|client:localhost:40119|dataStream:localhost:37287|priority:0], old=null
2022-05-09 13:04:11,779 [s4@group-4EAE193F79A7-FollowerState] INFO  impl.FollowerState (FollowerState.java:run(143)) - s4@group-4EAE193F79A7-FollowerState: change to CANDIDATE, lastRpcElapsedTime:456722121ns, electionTimeout:236ms
2022-05-09 13:04:11,779 [s4@group-4EAE193F79A7-FollowerState] INFO  impl.RoleInfo (RoleInfo.java:shutdownFollowerState(110)) - s4: shutdown s4@group-4EAE193F79A7-FollowerState
2022-05-09 13:04:11,779 [s4@group-4EAE193F79A7-FollowerState] INFO  server.RaftServer$Division (RaftServerImpl.java:setRole(298)) - s4@group-4EAE193F79A7: changes role from  FOLLOWER to CANDIDATE at term 1 for changeToCandidate
2022-05-09 13:04:11,780 [s4@group-4EAE193F79A7-FollowerState] INFO  server.RaftServerConfigKeys (ConfUtils.java:logGet(46)) - raft.server.leaderelection.pre-vote = true (default)
2022-05-09 13:04:11,780 [s4@group-4EAE193F79A7-FollowerState] INFO  impl.RoleInfo (RoleInfo.java:updateAndGet(139)) - s4: start s4@group-4EAE193F79A7-LeaderElection23
2022-05-09 13:04:11,786 [s4@group-4EAE193F79A7-LeaderElection23] INFO  server.RaftServer$Division (ServerState.java:setLeader(287)) - s4@group-4EAE193F79A7: change Leader from s3 to null at term 1 for PRE_VOTE
2022-05-09 13:04:11,786 [s4@group-4EAE193F79A7-LeaderElection23] INFO  impl.LeaderElection (LeaderElection.java:askForVotes(310)) - s4@group-4EAE193F79A7-LeaderElection23 PRE_VOTE round 0: submit vote requests at term 1 for 0: [s3|rpc:localhost:46809|admin:localhost:38119|client:localhost:40227|dataStream:localhost:35795|priority:0, s4|rpc:localhost:42721|admin:localhost:40067|client:localhost:36815|dataStream:localhost:33831|priority:0, s0|rpc:localhost:43875|admin:localhost:46477|client:localhost:45301|dataStream:localhost:46673|priority:0, s1|rpc:localhost:43167|admin:localhost:42827|client:localhost:41727|dataStream:localhost:38731|priority:0, s2|rpc:localhost:35037|admin:localhost:40161|client:localhost:40119|dataStream:localhost:37287|priority:0], old=null
2022-05-09 13:04:11,792 [Thread-15] INFO  server.RaftServer$Division (RaftServerImpl.java:setRole(298)) - s0@group-4EAE193F79A7: changes role from CANDIDATE to FOLLOWER at term 1 for appendEntries
2022-05-09 13:04:11,792 [Thread-15] INFO  impl.RoleInfo (RoleInfo.java:shutdownLeaderElection(130)) - s0: shutdown s0@group-4EAE193F79A7-LeaderElection22
2022-05-09 13:04:11,793 [Thread-15] INFO  impl.RoleInfo (RoleInfo.java:updateAndGet(139)) - s0: start s0@group-4EAE193F79A7-FollowerState
2022-05-09 13:04:11,793 [Thread-15] INFO  server.RaftServer$Division (ServerState.java:setLeader(287)) - s0@group-4EAE193F79A7: change Leader from null to s3 at term 1 for appendEntries, leader elected after 19ms
2022-05-09 13:04:11,848 [Time-limited test] INFO  server.RaftServerConfigKeys (ConfUtils.java:logGet(46)) - raft.server.rpc.timeout.max = 300ms (default)
2022-05-09 13:04:11,925 [Thread-2] INFO  server.RaftServer$Division (RaftServerImpl.java:requestVote(1151)) - s3@group-4EAE193F79A7: receive requestVote(PRE_VOTE, s0, group-4EAE193F79A7, 1, (t:1, i:0))
2022-05-09 13:04:11,925 [Thread-22] INFO  server.RaftServer$Division (RaftServerImpl.java:requestVote(1151)) - s1@group-4EAE193F79A7: receive requestVote(PRE_VOTE, s0, group-4EAE193F79A7, 1, (t:1, i:0))
2022-05-09 13:04:11,925 [Thread-2] INFO  impl.VoteContext (VoteContext.java:log(48)) - s3@group-4EAE193F79A7-LEADER: reject PRE_VOTE from s0: this server is the leader and still has leadership
2022-05-09 13:04:11,926 [Thread-2] INFO  server.RaftServer$Division (RaftServerImpl.java:requestVote(1183)) - s3@group-4EAE193F79A7 replies to PRE_VOTE vote request: s0<-s3#0:FAIL-t1. Peer's state: s3@group-4EAE193F79A7:t1, leader=s3, voted=s3, raftlog=s3@group-4EAE193F79A7-SegmentedRaftLog:OPENED:c0, conf=0: [s3|rpc:localhost:46809|admin:localhost:38119|client:localhost:40227|dataStream:localhost:35795|priority:0, s4|rpc:localhost:42721|admin:localhost:40067|client:localhost:36815|dataStream:localhost:33831|priority:0, s0|rpc:localhost:43875|admin:localhost:46477|client:localhost:45301|dataStream:localhost:46673|priority:0, s1|rpc:localhost:43167|admin:localhost:42827|client:localhost:41727|dataStream:localhost:38731|priority:0, s2|rpc:localhost:35037|admin:localhost:40161|client:localhost:40119|dataStream:localhost:37287|priority:0], old=null
2022-05-09 13:04:11,926 [Thread-28] INFO  server.RaftServer$Division (RaftServerImpl.java:requestVote(1151)) - s2@group-4EAE193F79A7: receive requestVote(PRE_VOTE, s0, group-4EAE193F79A7, 1, (t:1, i:0))
2022-05-09 13:04:11,925 [Thread-22] INFO  impl.VoteContext (VoteContext.java:log(48)) - s1@group-4EAE193F79A7-FOLLOWER: reject PRE_VOTE from s0: this server is a follower and still has a valid leader s3
2022-05-09 13:04:11,926 [Thread-28] INFO  impl.VoteContext (VoteContext.java:log(48)) - s2@group-4EAE193F79A7-FOLLOWER: reject PRE_VOTE from s0: this server is a follower and still has a valid leader s3
2022-05-09 13:04:11,926 [Thread-22] INFO  server.RaftServer$Division (RaftServerImpl.java:requestVote(1183)) - s1@group-4EAE193F79A7 replies to PRE_VOTE vote request: s0<-s1#0:FAIL-t1. Peer's state: s1@group-4EAE193F79A7:t1, leader=s3, voted=s4, raftlog=s1@group-4EAE193F79A7-SegmentedRaftLog:OPENED:c0, conf=0: [s3|rpc:localhost:46809|admin:localhost:38119|client:localhost:40227|dataStream:localhost:35795|priority:0, s4|rpc:localhost:42721|admin:localhost:40067|client:localhost:36815|dataStream:localhost:33831|priority:0, s0|rpc:localhost:43875|admin:localhost:46477|client:localhost:45301|dataStream:localhost:46673|priority:0, s1|rpc:localhost:43167|admin:localhost:42827|client:localhost:41727|dataStream:localhost:38731|priority:0, s2|rpc:localhost:35037|admin:localhost:40161|client:localhost:40119|dataStream:localhost:37287|priority:0], old=null
2022-05-09 13:04:11,926 [Thread-28] INFO  server.RaftServer$Division (RaftServerImpl.java:requestVote(1183)) - s2@group-4EAE193F79A7 replies to PRE_VOTE vote request: s0<-s2#0:FAIL-t1. Peer's state: s2@group-4EAE193F79A7:t1, leader=s3, voted=s3, raftlog=s2@group-4EAE193F79A7-SegmentedRaftLog:OPENED:c0, conf=0: [s3|rpc:localhost:46809|admin:localhost:38119|client:localhost:40227|dataStream:localhost:35795|priority:0, s4|rpc:localhost:42721|admin:localhost:40067|client:localhost:36815|dataStream:localhost:33831|priority:0, s0|rpc:localhost:43875|admin:localhost:46477|client:localhost:45301|dataStream:localhost:46673|priority:0, s1|rpc:localhost:43167|admin:localhost:42827|client:localhost:41727|dataStream:localhost:38731|priority:0, s2|rpc:localhost:35037|admin:localhost:40161|client:localhost:40119|dataStream:localhost:37287|priority:0], old=null
2022-05-09 13:04:11,937 [Thread-0] INFO  server.RaftServer$Division (RaftServerImpl.java:requestVote(1151)) - s3@group-4EAE193F79A7: receive requestVote(PRE_VOTE, s4, group-4EAE193F79A7, 1, (t:1, i:0))
2022-05-09 13:04:11,937 [Thread-16] INFO  server.RaftServer$Division (RaftServerImpl.java:requestVote(1151)) - s0@group-4EAE193F79A7: receive requestVote(PRE_VOTE, s4, group-4EAE193F79A7, 1, (t:1, i:0))
2022-05-09 13:04:11,937 [Thread-16] INFO  impl.VoteContext (VoteContext.java:log(48)) - s0@group-4EAE193F79A7-FOLLOWER: reject PRE_VOTE from s4: this server is a follower and still has a valid leader s3
2022-05-09 13:04:11,937 [Thread-23] INFO  server.RaftServer$Division (RaftServerImpl.java:requestVote(1151)) - s1@group-4EAE193F79A7: receive requestVote(PRE_VOTE, s4, group-4EAE193F79A7, 1, (t:1, i:0))
2022-05-09 13:04:11,937 [Thread-23] INFO  impl.VoteContext (VoteContext.java:log(48)) - s1@group-4EAE193F79A7-FOLLOWER: reject PRE_VOTE from s4: this server is a follower and still has a valid leader s3
2022-05-09 13:04:11,937 [Thread-23] INFO  server.RaftServer$Division (RaftServerImpl.java:requestVote(1183)) - s1@group-4EAE193F79A7 replies to PRE_VOTE vote request: s4<-s1#0:FAIL-t1. Peer's state: s1@group-4EAE193F79A7:t1, leader=s3, voted=s4, raftlog=s1@group-4EAE193F79A7-SegmentedRaftLog:OPENED:c0, conf=0: [s3|rpc:localhost:46809|admin:localhost:38119|client:localhost:40227|dataStream:localhost:35795|priority:0, s4|rpc:localhost:42721|admin:localhost:40067|client:localhost:36815|dataStream:localhost:33831|priority:0, s0|rpc:localhost:43875|admin:localhost:46477|client:localhost:45301|dataStream:localhost:46673|priority:0, s1|rpc:localhost:43167|admin:localhost:42827|client:localhost:41727|dataStream:localhost:38731|priority:0, s2|rpc:localhost:35037|admin:localhost:40161|client:localhost:40119|dataStream:localhost:37287|priority:0], old=null
2022-05-09 13:04:11,937 [Thread-0] INFO  impl.VoteContext (VoteContext.java:log(48)) - s3@group-4EAE193F79A7-LEADER: reject PRE_VOTE from s4: this server is the leader and still has leadership
2022-05-09 13:04:11,937 [s0@group-4EAE193F79A7-LeaderElection22] INFO  impl.LeaderElection (LeaderElection.java:logAndReturn(90)) - s0@group-4EAE193F79A7-LeaderElection22: PRE_VOTE REJECTED received 1 response(s) and 0 exception(s):
2022-05-09 13:04:11,937 [Thread-30] INFO  server.RaftServer$Division (RaftServerImpl.java:requestVote(1151)) - s2@group-4EAE193F79A7: receive requestVote(PRE_VOTE, s4, group-4EAE193F79A7, 1, (t:1, i:0))
2022-05-09 13:04:11,937 [Thread-16] INFO  server.RaftServer$Division (RaftServerImpl.java:requestVote(1183)) - s0@group-4EAE193F79A7 replies to PRE_VOTE vote request: s4<-s0#0:FAIL-t1. Peer's state: s0@group-4EAE193F79A7:t1, leader=s3, voted=s3, raftlog=s0@group-4EAE193F79A7-SegmentedRaftLog:OPENED:c0, conf=0: [s3|rpc:localhost:46809|admin:localhost:38119|client:localhost:40227|dataStream:localhost:35795|priority:0, s4|rpc:localhost:42721|admin:localhost:40067|client:localhost:36815|dataStream:localhost:33831|priority:0, s0|rpc:localhost:43875|admin:localhost:46477|client:localhost:45301|dataStream:localhost:46673|priority:0, s1|rpc:localhost:43167|admin:localhost:42827|client:localhost:41727|dataStream:localhost:38731|priority:0, s2|rpc:localhost:35037|admin:localhost:40161|client:localhost:40119|dataStream:localhost:37287|priority:0], old=null
2022-05-09 13:04:11,938 [Thread-30] INFO  impl.VoteContext (VoteContext.java:log(48)) - s2@group-4EAE193F79A7-FOLLOWER: reject PRE_VOTE from s4: this server is a follower and still has a valid leader s3
2022-05-09 13:04:11,938 [s0@group-4EAE193F79A7-LeaderElection22] INFO  impl.LeaderElection (LeaderElection.java:logAndReturn(94)) -   Response 0: s0<-s2#0:FAIL-t1
2022-05-09 13:04:11,937 [Thread-0] INFO  server.RaftServer$Division (RaftServerImpl.java:requestVote(1183)) - s3@group-4EAE193F79A7 replies to PRE_VOTE vote request: s4<-s3#0:FAIL-t1. Peer's state: s3@group-4EAE193F79A7:t1, leader=s3, voted=s3, raftlog=s3@group-4EAE193F79A7-SegmentedRaftLog:OPENED:c0, conf=0: [s3|rpc:localhost:46809|admin:localhost:38119|client:localhost:40227|dataStream:localhost:35795|priority:0, s4|rpc:localhost:42721|admin:localhost:40067|client:localhost:36815|dataStream:localhost:33831|priority:0, s0|rpc:localhost:43875|admin:localhost:46477|client:localhost:45301|dataStream:localhost:46673|priority:0, s1|rpc:localhost:43167|admin:localhost:42827|client:localhost:41727|dataStream:localhost:38731|priority:0, s2|rpc:localhost:35037|admin:localhost:40161|client:localhost:40119|dataStream:localhost:37287|priority:0], old=null
2022-05-09 13:04:11,938 [s0@group-4EAE193F79A7-LeaderElection22] INFO  impl.LeaderElection (LeaderElection.java:askForVotes(312)) - s0@group-4EAE193F79A7-LeaderElection22 PRE_VOTE round 0: result REJECTED
2022-05-09 13:04:11,938 [Thread-30] INFO  server.RaftServer$Division (RaftServerImpl.java:requestVote(1183)) - s2@group-4EAE193F79A7 replies to PRE_VOTE vote request: s4<-s2#0:FAIL-t1. Peer's state: s2@group-4EAE193F79A7:t1, leader=s3, voted=s3, raftlog=s2@group-4EAE193F79A7-SegmentedRaftLog:OPENED:c0, conf=0: [s3|rpc:localhost:46809|admin:localhost:38119|client:localhost:40227|dataStream:localhost:35795|priority:0, s4|rpc:localhost:42721|admin:localhost:40067|client:localhost:36815|dataStream:localhost:33831|priority:0, s0|rpc:localhost:43875|admin:localhost:46477|client:localhost:45301|dataStream:localhost:46673|priority:0, s1|rpc:localhost:43167|admin:localhost:42827|client:localhost:41727|dataStream:localhost:38731|priority:0, s2|rpc:localhost:35037|admin:localhost:40161|client:localhost:40119|dataStream:localhost:37287|priority:0], old=null
2022-05-09 13:04:11,955 [s4@group-4EAE193F79A7-LeaderElection23] INFO  impl.LeaderElection (LeaderElection.java:logAndReturn(90)) - s4@group-4EAE193F79A7-LeaderElection23: PRE_VOTE REJECTED received 3 response(s) and 0 exception(s):
2022-05-09 13:04:11,955 [s4@group-4EAE193F79A7-LeaderElection23] INFO  impl.LeaderElection (LeaderElection.java:logAndReturn(94)) -   Response 0: s4<-s3#0:FAIL-t1
2022-05-09 13:04:11,955 [s4@group-4EAE193F79A7-LeaderElection23] INFO  impl.LeaderElection (LeaderElection.java:logAndReturn(94)) -   Response 1: s4<-s1#0:FAIL-t1
2022-05-09 13:04:11,955 [s4@group-4EAE193F79A7-LeaderElection23] INFO  impl.LeaderElection (LeaderElection.java:logAndReturn(94)) -   Response 2: s4<-s2#0:FAIL-t1
2022-05-09 13:04:11,955 [s4@group-4EAE193F79A7-LeaderElection23] INFO  impl.LeaderElection (LeaderElection.java:askForVotes(312)) - s4@group-4EAE193F79A7-LeaderElection23 PRE_VOTE round 0: result REJECTED
2022-05-09 13:04:11,955 [s4@group-4EAE193F79A7-LeaderElection23] INFO  server.RaftServer$Division (RaftServerImpl.java:setRole(298)) - s4@group-4EAE193F79A7: changes role from CANDIDATE to FOLLOWER at term 1 for REJECTED
2022-05-09 13:04:11,955 [s4@group-4EAE193F79A7-LeaderElection23] INFO  impl.RoleInfo (RoleInfo.java:shutdownLeaderElection(130)) - s4: shutdown s4@group-4EAE193F79A7-LeaderElection23
2022-05-09 13:04:11,955 [s4@group-4EAE193F79A7-LeaderElection23] INFO  impl.RoleInfo (RoleInfo.java:updateAndGet(139)) - s4: start s4@group-4EAE193F79A7-FollowerState
2022-05-09 13:04:12,009 [Thread-7] INFO  server.RaftServer$Division (ServerState.java:setLeader(287)) - s4@group-4EAE193F79A7: change Leader from null to s3 at term 1 for appendEntries, leader elected after 223ms
2022-05-09 13:04:12,075 [Thread-8] INFO  server.RaftServer$Division (RaftServerImpl.java:requestVote(1151)) - s4@group-4EAE193F79A7: receive requestVote(PRE_VOTE, s0, group-4EAE193F79A7, 1, (t:1, i:0))
2022-05-09 13:04:12,076 [Thread-8] INFO  impl.VoteContext (VoteContext.java:log(48)) - s4@group-4EAE193F79A7-FOLLOWER: reject PRE_VOTE from s0: this server is a follower and still has a valid leader s3
2022-05-09 13:04:12,076 [Thread-8] INFO  server.RaftServer$Division (RaftServerImpl.java:requestVote(1183)) - s4@group-4EAE193F79A7 replies to PRE_VOTE vote request: s0<-s4#0:FAIL-t1. Peer's state: s4@group-4EAE193F79A7:t1, leader=s3, voted=s4, raftlog=s4@group-4EAE193F79A7-SegmentedRaftLog:OPENED:c0, conf=0: [s3|rpc:localhost:46809|admin:localhost:38119|client:localhost:40227|dataStream:localhost:35795|priority:0, s4|rpc:localhost:42721|admin:localhost:40067|client:localhost:36815|dataStream:localhost:33831|priority:0, s0|rpc:localhost:43875|admin:localhost:46477|client:localhost:45301|dataStream:localhost:46673|priority:0, s1|rpc:localhost:43167|admin:localhost:42827|client:localhost:41727|dataStream:localhost:38731|priority:0, s2|rpc:localhost:35037|admin:localhost:40161|client:localhost:40119|dataStream:localhost:37287|priority:0], old=null
2022-05-09 13:04:12,117 [Thread-7] INFO  server.RaftServer$Division (RaftServerImpl.java:requestVote(1151)) - s4@group-4EAE193F79A7: receive requestVote(PRE_VOTE, s0, group-4EAE193F79A7, 1, (t:1, i:0))
2022-05-09 13:04:12,117 [Thread-7] INFO  impl.VoteContext (VoteContext.java:log(48)) - s4@group-4EAE193F79A7-FOLLOWER: reject PRE_VOTE from s0: this server is a follower and still has a valid leader s3
2022-05-09 13:04:12,117 [Thread-7] INFO  server.RaftServer$Division (RaftServerImpl.java:requestVote(1183)) - s4@group-4EAE193F79A7 replies to PRE_VOTE vote request: s0<-s4#0:FAIL-t1. Peer's state: s4@group-4EAE193F79A7:t1, leader=s3, voted=s4, raftlog=s4@group-4EAE193F79A7-SegmentedRaftLog:OPENED:c0, conf=0: [s3|rpc:localhost:46809|admin:localhost:38119|client:localhost:40227|dataStream:localhost:35795|priority:0, s4|rpc:localhost:42721|admin:localhost:40067|client:localhost:36815|dataStream:localhost:33831|priority:0, s0|rpc:localhost:43875|admin:localhost:46477|client:localhost:45301|dataStream:localhost:46673|priority:0, s1|rpc:localhost:43167|admin:localhost:42827|client:localhost:41727|dataStream:localhost:38731|priority:0, s2|rpc:localhost:35037|admin:localhost:40161|client:localhost:40119|dataStream:localhost:37287|priority:0], old=null
2022-05-09 13:04:12,299 [Time-limited test] INFO  simulation.TestLeaderElectionWithSimulatedRpc (LeaderElectionTests.java:enforceLeader(246)) - printing ALL groups
  s3:  RUNNING    LEADER s3@group-4EAE193F79A7:t1, leader=s3, voted=s3, raftlog=s3@group-4EAE193F79A7-SegmentedRaftLog:OPENED:c0, conf=0: [s3|rpc:localhost:46809|admin:localhost:38119|client:localhost:40227|dataStream:localhost:35795|priority:0, s4|rpc:localhost:42721|admin:localhost:40067|client:localhost:36815|dataStream:localhost:33831|priority:0, s0|rpc:localhost:43875|admin:localhost:46477|client:localhost:45301|dataStream:localhost:46673|priority:0, s1|rpc:localhost:43167|admin:localhost:42827|client:localhost:41727|dataStream:localhost:38731|priority:0, s2|rpc:localhost:35037|admin:localhost:40161|client:localhost:40119|dataStream:localhost:37287|priority:0], old=null RUNNING
  s4:  RUNNING  FOLLOWER s4@group-4EAE193F79A7:t1, leader=s3, voted=s4, raftlog=s4@group-4EAE193F79A7-SegmentedRaftLog:OPENED:c0, conf=0: [s3|rpc:localhost:46809|admin:localhost:38119|client:localhost:40227|dataStream:localhost:35795|priority:0, s4|rpc:localhost:42721|admin:localhost:40067|client:localhost:36815|dataStream:localhost:33831|priority:0, s0|rpc:localhost:43875|admin:localhost:46477|client:localhost:45301|dataStream:localhost:46673|priority:0, s1|rpc:localhost:43167|admin:localhost:42827|client:localhost:41727|dataStream:localhost:38731|priority:0, s2|rpc:localhost:35037|admin:localhost:40161|client:localhost:40119|dataStream:localhost:37287|priority:0], old=null RUNNING
  s0:  RUNNING  FOLLOWER s0@group-4EAE193F79A7:t1, leader=s3, voted=s3, raftlog=s0@group-4EAE193F79A7-SegmentedRaftLog:OPENED:c0, conf=0: [s3|rpc:localhost:46809|admin:localhost:38119|client:localhost:40227|dataStream:localhost:35795|priority:0, s4|rpc:localhost:42721|admin:localhost:40067|client:localhost:36815|dataStream:localhost:33831|priority:0, s0|rpc:localhost:43875|admin:localhost:46477|client:localhost:45301|dataStream:localhost:46673|priority:0, s1|rpc:localhost:43167|admin:localhost:42827|client:localhost:41727|dataStream:localhost:38731|priority:0, s2|rpc:localhost:35037|admin:localhost:40161|client:localhost:40119|dataStream:localhost:37287|priority:0], old=null RUNNING
  s1:  RUNNING  FOLLOWER s1@group-4EAE193F79A7:t1, leader=s3, voted=s4, raftlog=s1@group-4EAE193F79A7-SegmentedRaftLog:OPENED:c0, conf=0: [s3|rpc:localhost:46809|admin:localhost:38119|client:localhost:40227|dataStream:localhost:35795|priority:0, s4|rpc:localhost:42721|admin:localhost:40067|client:localhost:36815|dataStream:localhost:33831|priority:0, s0|rpc:localhost:43875|admin:localhost:46477|client:localhost:45301|dataStream:localhost:46673|priority:0, s1|rpc:localhost:43167|admin:localhost:42827|client:localhost:41727|dataStream:localhost:38731|priority:0, s2|rpc:localhost:35037|admin:localhost:40161|client:localhost:40119|dataStream:localhost:37287|priority:0], old=null RUNNING
  s2:  RUNNING  FOLLOWER s2@group-4EAE193F79A7:t1, leader=s3, voted=s3, raftlog=s2@group-4EAE193F79A7-SegmentedRaftLog:OPENED:c0, conf=0: [s3|rpc:localhost:46809|admin:localhost:38119|client:localhost:40227|dataStream:localhost:35795|priority:0, s4|rpc:localhost:42721|admin:localhost:40067|client:localhost:36815|dataStream:localhost:33831|priority:0, s0|rpc:localhost:43875|admin:localhost:46477|client:localhost:45301|dataStream:localhost:46673|priority:0, s1|rpc:localhost:43167|admin:localhost:42827|client:localhost:41727|dataStream:localhost:38731|priority:0, s2|rpc:localhost:35037|admin:localhost:40161|client:localhost:40119|dataStream:localhost:37287|priority:0], old=null RUNNING
2022-05-09 13:04:12,300 [Time-limited test] INFO  impl.MiniRaftCluster (MiniRaftCluster.java:shutdown(760)) - ************************************************************** 
2022-05-09 13:04:12,300 [Time-limited test] INFO  impl.MiniRaftCluster (MiniRaftCluster.java:shutdown(761)) - *** 
2022-05-09 13:04:12,300 [Time-limited test] INFO  impl.MiniRaftCluster (MiniRaftCluster.java:shutdown(762)) - ***     Stopping MiniRaftClusterWithSimulatedRpc
2022-05-09 13:04:12,300 [Time-limited test] INFO  impl.MiniRaftCluster (MiniRaftCluster.java:shutdown(763)) - *** 
2022-05-09 13:04:12,300 [Time-limited test] INFO  impl.MiniRaftCluster (MiniRaftCluster.java:shutdown(764)) - ************************************************************** 
2022-05-09 13:04:12,300 [Time-limited test] INFO  impl.MiniRaftCluster (MiniRaftCluster.java:shutdown(765)) - printing ALL groups
  s3:  RUNNING    LEADER s3@group-4EAE193F79A7:t1, leader=s3, voted=s3, raftlog=s3@group-4EAE193F79A7-SegmentedRaftLog:OPENED:c0, conf=0: [s3|rpc:localhost:46809|admin:localhost:38119|client:localhost:40227|dataStream:localhost:35795|priority:0, s4|rpc:localhost:42721|admin:localhost:40067|client:localhost:36815|dataStream:localhost:33831|priority:0, s0|rpc:localhost:43875|admin:localhost:46477|client:localhost:45301|dataStream:localhost:46673|priority:0, s1|rpc:localhost:43167|admin:localhost:42827|client:localhost:41727|dataStream:localhost:38731|priority:0, s2|rpc:localhost:35037|admin:localhost:40161|client:localhost:40119|dataStream:localhost:37287|priority:0], old=null RUNNING
  s4:  RUNNING  FOLLOWER s4@group-4EAE193F79A7:t1, leader=s3, voted=s4, raftlog=s4@group-4EAE193F79A7-SegmentedRaftLog:OPENED:c0, conf=0: [s3|rpc:localhost:46809|admin:localhost:38119|client:localhost:40227|dataStream:localhost:35795|priority:0, s4|rpc:localhost:42721|admin:localhost:40067|client:localhost:36815|dataStream:localhost:33831|priority:0, s0|rpc:localhost:43875|admin:localhost:46477|client:localhost:45301|dataStream:localhost:46673|priority:0, s1|rpc:localhost:43167|admin:localhost:42827|client:localhost:41727|dataStream:localhost:38731|priority:0, s2|rpc:localhost:35037|admin:localhost:40161|client:localhost:40119|dataStream:localhost:37287|priority:0], old=null RUNNING
  s0:  RUNNING  FOLLOWER s0@group-4EAE193F79A7:t1, leader=s3, voted=s3, raftlog=s0@group-4EAE193F79A7-SegmentedRaftLog:OPENED:c0, conf=0: [s3|rpc:localhost:46809|admin:localhost:38119|client:localhost:40227|dataStream:localhost:35795|priority:0, s4|rpc:localhost:42721|admin:localhost:40067|client:localhost:36815|dataStream:localhost:33831|priority:0, s0|rpc:localhost:43875|admin:localhost:46477|client:localhost:45301|dataStream:localhost:46673|priority:0, s1|rpc:localhost:43167|admin:localhost:42827|client:localhost:41727|dataStream:localhost:38731|priority:0, s2|rpc:localhost:35037|admin:localhost:40161|client:localhost:40119|dataStream:localhost:37287|priority:0], old=null RUNNING
  s1:  RUNNING  FOLLOWER s1@group-4EAE193F79A7:t1, leader=s3, voted=s4, raftlog=s1@group-4EAE193F79A7-SegmentedRaftLog:OPENED:c0, conf=0: [s3|rpc:localhost:46809|admin:localhost:38119|client:localhost:40227|dataStream:localhost:35795|priority:0, s4|rpc:localhost:42721|admin:localhost:40067|client:localhost:36815|dataStream:localhost:33831|priority:0, s0|rpc:localhost:43875|admin:localhost:46477|client:localhost:45301|dataStream:localhost:46673|priority:0, s1|rpc:localhost:43167|admin:localhost:42827|client:localhost:41727|dataStream:localhost:38731|priority:0, s2|rpc:localhost:35037|admin:localhost:40161|client:localhost:40119|dataStream:localhost:37287|priority:0], old=null RUNNING
  s2:  RUNNING  FOLLOWER s2@group-4EAE193F79A7:t1, leader=s3, voted=s3, raftlog=s2@group-4EAE193F79A7-SegmentedRaftLog:OPENED:c0, conf=0: [s3|rpc:localhost:46809|admin:localhost:38119|client:localhost:40227|dataStream:localhost:35795|priority:0, s4|rpc:localhost:42721|admin:localhost:40067|client:localhost:36815|dataStream:localhost:33831|priority:0, s0|rpc:localhost:43875|admin:localhost:46477|client:localhost:45301|dataStream:localhost:46673|priority:0, s1|rpc:localhost:43167|admin:localhost:42827|client:localhost:41727|dataStream:localhost:38731|priority:0, s2|rpc:localhost:35037|admin:localhost:40161|client:localhost:40119|dataStream:localhost:37287|priority:0], old=null RUNNING
2022-05-09 13:04:12,304 [java.util.concurrent.ThreadPoolExecutor$Worker@43475d82[State = -1, empty queue]] INFO  server.RaftServer (RaftServerProxy.java:lambda$close$7(398)) - s4: close
2022-05-09 13:04:12,304 [java.util.concurrent.ThreadPoolExecutor$Worker@383d6874[State = -1, empty queue]] INFO  server.RaftServer (RaftServerProxy.java:lambda$close$7(398)) - s0: close
2022-05-09 13:04:12,305 [java.util.concurrent.ThreadPoolExecutor$Worker@383d6874[State = -1, empty queue]] INFO  server.RaftServer$Division (RaftServerImpl.java:lambda$close$4(433)) - s0@group-4EAE193F79A7: shutdown
2022-05-09 13:04:12,305 [java.util.concurrent.ThreadPoolExecutor$Worker@383d6874[State = -1, empty queue]] INFO  util.JmxRegister (JmxRegister.java:unregister(73)) - Successfully un-registered JMX Bean with object name Ratis:service=RaftServer,group=group-4EAE193F79A7,id=s0
2022-05-09 13:04:12,306 [java.util.concurrent.ThreadPoolExecutor$Worker@383d6874[State = -1, empty queue]] INFO  impl.RoleInfo (RoleInfo.java:shutdownFollowerState(110)) - s0: shutdown s0@group-4EAE193F79A7-FollowerState
2022-05-09 13:04:12,306 [java.util.concurrent.ThreadPoolExecutor$Worker@383d6874[State = -1, empty queue]] INFO  impl.StateMachineUpdater (StateMachineUpdater.java:stopAndJoin(153)) - s0@group-4EAE193F79A7-StateMachineUpdater: set stopIndex = 0
2022-05-09 13:04:12,308 [s0@group-4EAE193F79A7-FollowerState] INFO  impl.FollowerState (FollowerState.java:run(152)) - s0@group-4EAE193F79A7-FollowerState was interrupted
2022-05-09 13:04:12,308 [java.util.concurrent.ThreadPoolExecutor$Worker@43475d82[State = -1, empty queue]] INFO  server.RaftServer$Division (RaftServerImpl.java:lambda$close$4(433)) - s4@group-4EAE193F79A7: shutdown
2022-05-09 13:04:12,309 [java.util.concurrent.ThreadPoolExecutor$Worker@43475d82[State = -1, empty queue]] INFO  util.JmxRegister (JmxRegister.java:unregister(73)) - Successfully un-registered JMX Bean with object name Ratis:service=RaftServer,group=group-4EAE193F79A7,id=s4
2022-05-09 13:04:12,309 [java.util.concurrent.ThreadPoolExecutor$Worker@43475d82[State = -1, empty queue]] INFO  impl.RoleInfo (RoleInfo.java:shutdownFollowerState(110)) - s4: shutdown s4@group-4EAE193F79A7-FollowerState
2022-05-09 13:04:12,309 [java.util.concurrent.ThreadPoolExecutor$Worker@43475d82[State = -1, empty queue]] INFO  impl.StateMachineUpdater (StateMachineUpdater.java:stopAndJoin(153)) - s4@group-4EAE193F79A7-StateMachineUpdater: set stopIndex = 0
2022-05-09 13:04:12,314 [java.util.concurrent.ThreadPoolExecutor$Worker@43475d82[State = -1, empty queue]] INFO  server.RaftServer$Division (ServerState.java:close(429)) - s4@group-4EAE193F79A7: closes. applyIndex: 0
2022-05-09 13:04:12,314 [java.util.concurrent.ThreadPoolExecutor$Worker@33d0e44b[State = -1, empty queue]] INFO  server.RaftServer (RaftServerProxy.java:lambda$close$7(398)) - s3: close
2022-05-09 13:04:12,314 [java.util.concurrent.ThreadPoolExecutor$Worker@33d0e44b[State = -1, empty queue]] INFO  server.RaftServer$Division (RaftServerImpl.java:lambda$close$4(433)) - s3@group-4EAE193F79A7: shutdown
2022-05-09 13:04:12,314 [java.util.concurrent.ThreadPoolExecutor$Worker@33d0e44b[State = -1, empty queue]] INFO  util.JmxRegister (JmxRegister.java:unregister(73)) - Successfully un-registered JMX Bean with object name Ratis:service=RaftServer,group=group-4EAE193F79A7,id=s3
2022-05-09 13:04:12,315 [java.util.concurrent.ThreadPoolExecutor$Worker@33d0e44b[State = -1, empty queue]] INFO  impl.RoleInfo (RoleInfo.java:shutdownLeaderState(93)) - s3: shutdown s3@group-4EAE193F79A7-LeaderStateImpl
2022-05-09 13:04:12,315 [s3@group-4EAE193F79A7->s4-LogAppenderDefault-LogAppenderDaemon] INFO  leader.LogAppenderDaemon (LogAppenderDaemon.java:run(82)) - s3@group-4EAE193F79A7->s4-LogAppenderDefault-LogAppenderDaemon was interrupted: java.lang.InterruptedException
2022-05-09 13:04:12,315 [java.util.concurrent.ThreadPoolExecutor$Worker@33d0e44b[State = -1, empty queue]] INFO  impl.PendingRequests (PendingRequests.java:sendNotLeaderResponses(282)) - s3@group-4EAE193F79A7-PendingRequests: sendNotLeaderResponses
2022-05-09 13:04:12,315 [s3@group-4EAE193F79A7->s0-LogAppenderDefault-LogAppenderDaemon] INFO  leader.LogAppenderDaemon (LogAppenderDaemon.java:run(82)) - s3@group-4EAE193F79A7->s0-LogAppenderDefault-LogAppenderDaemon was interrupted: java.lang.InterruptedException
2022-05-09 13:04:12,316 [s3@group-4EAE193F79A7->s2-LogAppenderDefault-LogAppenderDaemon] INFO  leader.LogAppenderDaemon (LogAppenderDaemon.java:run(82)) - s3@group-4EAE193F79A7->s2-LogAppenderDefault-LogAppenderDaemon was interrupted: java.lang.InterruptedException
2022-05-09 13:04:12,316 [s3@group-4EAE193F79A7->s1-LogAppenderDefault-LogAppenderDaemon] INFO  leader.LogAppenderDaemon (LogAppenderDaemon.java:run(84)) - s3@group-4EAE193F79A7->s1-LogAppenderDefault-LogAppenderDaemon I/O was interrupted: java.io.InterruptedIOException: 
2022-05-09 13:04:12,317 [java.util.concurrent.ThreadPoolExecutor$Worker@33d0e44b[State = -1, empty queue]] INFO  impl.StateMachineUpdater (StateMachineUpdater.java:stopAndJoin(153)) - s3@group-4EAE193F79A7-StateMachineUpdater: set stopIndex = 0
2022-05-09 13:04:12,317 [java.util.concurrent.ThreadPoolExecutor$Worker@33d0e44b[State = -1, empty queue]] INFO  server.RaftServer$Division (ServerState.java:close(429)) - s3@group-4EAE193F79A7: closes. applyIndex: 0
2022-05-09 13:04:12,318 [s3@group-4EAE193F79A7-SegmentedRaftLogWorker] INFO  segmented.SegmentedRaftLogWorker (SegmentedRaftLogWorker.java:run(336)) - s3@group-4EAE193F79A7-SegmentedRaftLogWorker was interrupted, exiting. There are 0 tasks remaining in the queue.
2022-05-09 13:04:12,309 [s4@group-4EAE193F79A7-FollowerState] INFO  impl.FollowerState (FollowerState.java:run(152)) - s4@group-4EAE193F79A7-FollowerState was interrupted
2022-05-09 13:04:12,314 [java.util.concurrent.ThreadPoolExecutor$Worker@1f4515c[State = -1, empty queue]] INFO  server.RaftServer (RaftServerProxy.java:lambda$close$7(398)) - s1: close
2022-05-09 13:04:12,310 [java.util.concurrent.ThreadPoolExecutor$Worker@35b20f95[State = -1, empty queue]] INFO  server.RaftServer (RaftServerProxy.java:lambda$close$7(398)) - s2: close
2022-05-09 13:04:12,319 [java.util.concurrent.ThreadPoolExecutor$Worker@35b20f95[State = -1, empty queue]] INFO  server.RaftServer$Division (RaftServerImpl.java:lambda$close$4(433)) - s2@group-4EAE193F79A7: shutdown
2022-05-09 13:04:12,319 [java.util.concurrent.ThreadPoolExecutor$Worker@35b20f95[State = -1, empty queue]] INFO  util.JmxRegister (JmxRegister.java:unregister(73)) - Successfully un-registered JMX Bean with object name Ratis:service=RaftServer,group=group-4EAE193F79A7,id=s2
2022-05-09 13:04:12,319 [java.util.concurrent.ThreadPoolExecutor$Worker@35b20f95[State = -1, empty queue]] INFO  impl.RoleInfo (RoleInfo.java:shutdownFollowerState(110)) - s2: shutdown s2@group-4EAE193F79A7-FollowerState
2022-05-09 13:04:12,320 [java.util.concurrent.ThreadPoolExecutor$Worker@35b20f95[State = -1, empty queue]] INFO  impl.StateMachineUpdater (StateMachineUpdater.java:stopAndJoin(153)) - s2@group-4EAE193F79A7-StateMachineUpdater: set stopIndex = 0
2022-05-09 13:04:12,320 [java.util.concurrent.ThreadPoolExecutor$Worker@35b20f95[State = -1, empty queue]] INFO  server.RaftServer$Division (ServerState.java:close(429)) - s2@group-4EAE193F79A7: closes. applyIndex: 0
2022-05-09 13:04:12,320 [s2@group-4EAE193F79A7-FollowerState] INFO  impl.FollowerState (FollowerState.java:run(152)) - s2@group-4EAE193F79A7-FollowerState was interrupted
2022-05-09 13:04:12,310 [java.util.concurrent.ThreadPoolExecutor$Worker@383d6874[State = -1, empty queue]] INFO  server.RaftServer$Division (ServerState.java:close(429)) - s0@group-4EAE193F79A7: closes. applyIndex: 0
2022-05-09 13:04:12,320 [s2@group-4EAE193F79A7-SegmentedRaftLogWorker] INFO  segmented.SegmentedRaftLogWorker (SegmentedRaftLogWorker.java:run(336)) - s2@group-4EAE193F79A7-SegmentedRaftLogWorker was interrupted, exiting. There are 0 tasks remaining in the queue.
2022-05-09 13:04:12,320 [s0@group-4EAE193F79A7-SegmentedRaftLogWorker] INFO  segmented.SegmentedRaftLogWorker (SegmentedRaftLogWorker.java:run(336)) - s0@group-4EAE193F79A7-SegmentedRaftLogWorker was interrupted, exiting. There are 0 tasks remaining in the queue.
2022-05-09 13:04:12,321 [java.util.concurrent.ThreadPoolExecutor$Worker@383d6874[State = -1, empty queue]] INFO  segmented.SegmentedRaftLogWorker (SegmentedRaftLogWorker.java:close(246)) - s0@group-4EAE193F79A7-SegmentedRaftLogWorker close()
2022-05-09 13:04:12,323 [java.util.concurrent.ThreadPoolExecutor$Worker@35b20f95[State = -1, empty queue]] INFO  segmented.SegmentedRaftLogWorker (SegmentedRaftLogWorker.java:close(246)) - s2@group-4EAE193F79A7-SegmentedRaftLogWorker close()
2022-05-09 13:04:12,319 [java.util.concurrent.ThreadPoolExecutor$Worker@33d0e44b[State = -1, empty queue]] INFO  segmented.SegmentedRaftLogWorker (SegmentedRaftLogWorker.java:close(246)) - s3@group-4EAE193F79A7-SegmentedRaftLogWorker close()
2022-05-09 13:04:12,317 [s4@group-4EAE193F79A7-SegmentedRaftLogWorker] INFO  segmented.SegmentedRaftLogWorker (SegmentedRaftLogWorker.java:run(336)) - s4@group-4EAE193F79A7-SegmentedRaftLogWorker was interrupted, exiting. There are 0 tasks remaining in the queue.
2022-05-09 13:04:12,323 [java.util.concurrent.ThreadPoolExecutor$Worker@1f4515c[State = -1, empty queue]] INFO  server.RaftServer$Division (RaftServerImpl.java:lambda$close$4(433)) - s1@group-4EAE193F79A7: shutdown
2022-05-09 13:04:12,324 [java.util.concurrent.ThreadPoolExecutor$Worker@1f4515c[State = -1, empty queue]] INFO  util.JmxRegister (JmxRegister.java:unregister(73)) - Successfully un-registered JMX Bean with object name Ratis:service=RaftServer,group=group-4EAE193F79A7,id=s1
2022-05-09 13:04:12,324 [java.util.concurrent.ThreadPoolExecutor$Worker@1f4515c[State = -1, empty queue]] INFO  impl.RoleInfo (RoleInfo.java:shutdownFollowerState(110)) - s1: shutdown s1@group-4EAE193F79A7-FollowerState
2022-05-09 13:04:12,324 [Thread-4] INFO  simulation.RequestHandler (RequestHandler.java:run(126)) - s3.clientHandler1 is interrupted by java.io.InterruptedIOException: 
2022-05-09 13:04:12,324 [Thread-5] INFO  simulation.RequestHandler (RequestHandler.java:run(126)) - s3.clientHandler2 is interrupted by java.io.InterruptedIOException: 
2022-05-09 13:04:12,324 [java.util.concurrent.ThreadPoolExecutor$Worker@1f4515c[State = -1, empty queue]] INFO  impl.StateMachineUpdater (StateMachineUpdater.java:stopAndJoin(153)) - s1@group-4EAE193F79A7-StateMachineUpdater: set stopIndex = 0
2022-05-09 13:04:12,323 [Thread-33] INFO  simulation.RequestHandler (RequestHandler.java:run(126)) - s2.clientHandler2 is interrupted by java.io.InterruptedIOException: 
2022-05-09 13:04:12,323 [Thread-32] INFO  simulation.RequestHandler (RequestHandler.java:run(126)) - s2.clientHandler1 is interrupted by java.io.InterruptedIOException: 
2022-05-09 13:04:12,323 [Thread-31] INFO  simulation.RequestHandler (RequestHandler.java:run(126)) - s2.clientHandler0 is interrupted by java.io.InterruptedIOException: 
2022-05-09 13:04:12,323 [Thread-19] INFO  simulation.RequestHandler (RequestHandler.java:run(126)) - s0.clientHandler2 is interrupted by java.io.InterruptedIOException: 
2022-05-09 13:04:12,323 [Thread-18] INFO  simulation.RequestHandler (RequestHandler.java:run(126)) - s0.clientHandler1 is interrupted by java.io.InterruptedIOException: 
2022-05-09 13:04:12,326 [Thread-28] INFO  simulation.RequestHandler (RequestHandler.java:run(126)) - s2.serverHandler0 is interrupted by java.io.InterruptedIOException: 
2022-05-09 13:04:12,323 [Thread-17] INFO  simulation.RequestHandler (RequestHandler.java:run(126)) - s0.clientHandler0 is interrupted by java.io.InterruptedIOException: 
2022-05-09 13:04:12,327 [Thread-29] INFO  simulation.RequestHandler (RequestHandler.java:run(126)) - s2.serverHandler1 is interrupted by java.io.InterruptedIOException: 
2022-05-09 13:04:12,327 [Thread-30] INFO  simulation.RequestHandler (RequestHandler.java:run(126)) - s2.serverHandler2 is interrupted by java.io.InterruptedIOException: 
2022-05-09 13:04:12,327 [org.apache.ratis.util.JvmPauseMonitor$$Lambda$278/721331247@328d2b85] INFO  util.JvmPauseMonitor (JvmPauseMonitor.java:run(109)) - JvmPauseMonitor-s2: Stopped
2022-05-09 13:04:12,327 [Thread-14] INFO  simulation.RequestHandler (RequestHandler.java:run(126)) - s0.serverHandler0 is interrupted by java.io.InterruptedIOException: 
2022-05-09 13:04:12,327 [Thread-15] INFO  simulation.RequestHandler (RequestHandler.java:run(126)) - s0.serverHandler1 is interrupted by java.io.InterruptedIOException: 
2022-05-09 13:04:12,327 [Thread-16] INFO  simulation.RequestHandler (RequestHandler.java:run(126)) - s0.serverHandler2 is interrupted by java.io.InterruptedIOException: 
2022-05-09 13:04:12,328 [org.apache.ratis.util.JvmPauseMonitor$$Lambda$278/721331247@599d666] INFO  util.JvmPauseMonitor (JvmPauseMonitor.java:run(109)) - JvmPauseMonitor-s0: Stopped
2022-05-09 13:04:12,326 [java.util.concurrent.ThreadPoolExecutor$Worker@1f4515c[State = -1, empty queue]] INFO  server.RaftServer$Division (ServerState.java:close(429)) - s1@group-4EAE193F79A7: closes. applyIndex: 0
2022-05-09 13:04:12,325 [java.util.concurrent.ThreadPoolExecutor$Worker@43475d82[State = -1, empty queue]] INFO  segmented.SegmentedRaftLogWorker (SegmentedRaftLogWorker.java:close(246)) - s4@group-4EAE193F79A7-SegmentedRaftLogWorker close()
2022-05-09 13:04:12,325 [s1@group-4EAE193F79A7-FollowerState] INFO  impl.FollowerState (FollowerState.java:run(152)) - s1@group-4EAE193F79A7-FollowerState was interrupted
2022-05-09 13:04:12,324 [Thread-3] INFO  simulation.RequestHandler (RequestHandler.java:run(126)) - s3.clientHandler0 is interrupted by java.io.InterruptedIOException: 
2022-05-09 13:04:12,330 [Thread-1] INFO  simulation.RequestHandler (RequestHandler.java:run(126)) - s3.serverHandler1 is interrupted by java.io.InterruptedIOException: 
2022-05-09 13:04:12,330 [Thread-12] INFO  simulation.RequestHandler (RequestHandler.java:run(126)) - s4.clientHandler2 is interrupted by java.io.InterruptedIOException: 
2022-05-09 13:04:12,330 [Thread-11] INFO  simulation.RequestHandler (RequestHandler.java:run(126)) - s4.clientHandler1 is interrupted by java.io.InterruptedIOException: 
2022-05-09 13:04:12,330 [Thread-2] INFO  simulation.RequestHandler (RequestHandler.java:run(126)) - s3.serverHandler2 is interrupted by java.io.InterruptedIOException: 
2022-05-09 13:04:12,330 [Thread-10] INFO  simulation.RequestHandler (RequestHandler.java:run(126)) - s4.clientHandler0 is interrupted by java.io.InterruptedIOException: 
2022-05-09 13:04:12,331 [Thread-8] INFO  simulation.RequestHandler (RequestHandler.java:run(126)) - s4.serverHandler1 is interrupted by java.io.InterruptedIOException: 
2022-05-09 13:04:12,330 [Thread-0] INFO  simulation.RequestHandler (RequestHandler.java:run(126)) - s3.serverHandler0 is interrupted by java.io.InterruptedIOException: 
2022-05-09 13:04:12,331 [Thread-7] INFO  simulation.RequestHandler (RequestHandler.java:run(126)) - s4.serverHandler0 is interrupted by java.io.InterruptedIOException: 
2022-05-09 13:04:12,331 [Thread-9] INFO  simulation.RequestHandler (RequestHandler.java:run(126)) - s4.serverHandler2 is interrupted by java.io.InterruptedIOException: 
2022-05-09 13:04:12,331 [org.apache.ratis.util.JvmPauseMonitor$$Lambda$278/721331247@4def0567] INFO  util.JvmPauseMonitor (JvmPauseMonitor.java:run(109)) - JvmPauseMonitor-s3: Stopped
2022-05-09 13:04:12,331 [s1@group-4EAE193F79A7-SegmentedRaftLogWorker] INFO  segmented.SegmentedRaftLogWorker (SegmentedRaftLogWorker.java:run(336)) - s1@group-4EAE193F79A7-SegmentedRaftLogWorker was interrupted, exiting. There are 0 tasks remaining in the queue.
2022-05-09 13:04:12,332 [org.apache.ratis.util.JvmPauseMonitor$$Lambda$278/721331247@30683931] INFO  util.JvmPauseMonitor (JvmPauseMonitor.java:run(109)) - JvmPauseMonitor-s4: Stopped
2022-05-09 13:04:12,333 [java.util.concurrent.ThreadPoolExecutor$Worker@1f4515c[State = -1, empty queue]] INFO  segmented.SegmentedRaftLogWorker (SegmentedRaftLogWorker.java:close(246)) - s1@group-4EAE193F79A7-SegmentedRaftLogWorker close()
2022-05-09 13:04:12,334 [Thread-24] INFO  simulation.RequestHandler (RequestHandler.java:run(126)) - s1.clientHandler0 is interrupted by java.io.InterruptedIOException: 
2022-05-09 13:04:12,334 [Thread-25] INFO  simulation.RequestHandler (RequestHandler.java:run(126)) - s1.clientHandler1 is interrupted by java.io.InterruptedIOException: 
2022-05-09 13:04:12,334 [Thread-26] INFO  simulation.RequestHandler (RequestHandler.java:run(126)) - s1.clientHandler2 is interrupted by java.io.InterruptedIOException: 
2022-05-09 13:04:12,334 [Thread-23] INFO  simulation.RequestHandler (RequestHandler.java:run(126)) - s1.serverHandler2 is interrupted by java.io.InterruptedIOException: 
2022-05-09 13:04:12,334 [Thread-21] INFO  simulation.RequestHandler (RequestHandler.java:run(126)) - s1.serverHandler0 is interrupted by java.io.InterruptedIOException: 
2022-05-09 13:04:12,334 [org.apache.ratis.util.JvmPauseMonitor$$Lambda$278/721331247@1c72b66b] INFO  util.JvmPauseMonitor (JvmPauseMonitor.java:run(109)) - JvmPauseMonitor-s1: Stopped
2022-05-09 13:04:12,335 [Time-limited test] INFO  impl.MiniRaftCluster (MiniRaftCluster.java:shutdown(783)) - MiniRaftClusterWithSimulatedRpc shutdown completed
]]></system-out>
  </testcase>
  <testcase name="testLostMajorityHeartbeats" classname="org.apache.ratis.server.simulation.TestLeaderElectionWithSimulatedRpc" time="1.134"/>
  <testcase name="testLateServerStart" classname="org.apache.ratis.server.simulation.TestLeaderElectionWithSimulatedRpc" time="4.511"/>
  <testcase name="testPreVote" classname="org.apache.ratis.server.simulation.TestLeaderElectionWithSimulatedRpc" time="4.597"/>
  <testcase name="testTransferLeaderTimeout" classname="org.apache.ratis.server.simulation.TestLeaderElectionWithSimulatedRpc" time="5.619"/>
  <testcase name="testBasicLeaderElection" classname="org.apache.ratis.server.simulation.TestLeaderElectionWithSimulatedRpc" time="5.529"/>
  <testcase name="testTransferLeader" classname="org.apache.ratis.server.simulation.TestLeaderElectionWithSimulatedRpc" time="1.485"/>
  <testcase name="testPauseResumeLeaderElection" classname="org.apache.ratis.server.simulation.TestLeaderElectionWithSimulatedRpc" time="1.396"/>
  <testcase name="testChangeLeader" classname="org.apache.ratis.server.simulation.TestLeaderElectionWithSimulatedRpc" time="5.338"/>
  <testcase name="testShutdownBeforeStart" classname="org.apache.ratis.server.simulation.TestLeaderElectionWithSimulatedRpc" time="1.697"/>
  <testcase name="testImmediatelyRevertedToFollower" classname="org.apache.ratis.server.simulation.TestLeaderElectionWithSimulatedRpc" time="0.018"/>
  <testcase name="testLeaderElectionMetrics" classname="org.apache.ratis.server.simulation.TestLeaderElectionWithSimulatedRpc" time="0.599"/>
</testsuite>