<?xml version="1.0" encoding="UTF-8"?>
<testsuite xmlns:xsi="http://www.w3.org/2001/XMLSchema-instance" xsi:noNamespaceSchemaLocation="https://maven.apache.org/surefire/maven-surefire-plugin/xsd/surefire-test-report.xsd" name="org.apache.ratis.datastream.TestNettyDataStreamChainTopologyWithGrpcCluster" time="432.679" tests="4" errors="1" skipped="0" failures="0">
  <properties>
    <property name="awt.toolkit" value="sun.awt.X11.XToolkit"/>
    <property name="file.encoding.pkg" value="sun.io"/>
    <property name="java.specification.version" value="1.8"/>
    <property name="sun.cpu.isalist" value=""/>
    <property name="sun.jnu.encoding" value="UTF-8"/>
    <property name="java.class.path" value="/home/runner/work/ratis/ratis/ratis-test/target/test-classes:/home/runner/work/ratis/ratis/ratis-test/target/classes:/home/runner/work/ratis/ratis/ratis-common/target/classes:/home/runner/.m2/repository/org/apache/ratis/ratis-thirdparty-misc/1.0.1/ratis-thirdparty-misc-1.0.1.jar:/home/runner/work/ratis/ratis/ratis-proto/target/ratis-proto-3.0.0-SNAPSHOT.jar:/home/runner/work/ratis/ratis/ratis-common/target/test-classes:/home/runner/work/ratis/ratis/ratis-client/target/classes:/home/runner/work/ratis/ratis/ratis-server/target/classes:/home/runner/work/ratis/ratis/ratis-server-api/target/classes:/home/runner/work/ratis/ratis/ratis-metrics/target/classes:/home/runner/work/ratis/ratis/ratis-server/target/test-classes:/home/runner/work/ratis/ratis/ratis-netty/target/classes:/home/runner/work/ratis/ratis/ratis-netty/target/test-classes:/home/runner/work/ratis/ratis/ratis-grpc/target/classes:/home/runner/work/ratis/ratis/ratis-grpc/target/test-classes:/home/runner/.m2/repository/org/slf4j/slf4j-api/1.7.29/slf4j-api-1.7.29.jar:/home/runner/.m2/repository/org/slf4j/slf4j-log4j12/1.7.29/slf4j-log4j12-1.7.29.jar:/home/runner/.m2/repository/log4j/log4j/1.2.17/log4j-1.2.17.jar:/home/runner/.m2/repository/junit/junit/4.13.2/junit-4.13.2.jar:/home/runner/.m2/repository/org/hamcrest/hamcrest-core/1.3/hamcrest-core-1.3.jar:/home/runner/.m2/repository/org/mockito/mockito-core/4.3.1/mockito-core-4.3.1.jar:/home/runner/.m2/repository/net/bytebuddy/byte-buddy/1.12.7/byte-buddy-1.12.7.jar:/home/runner/.m2/repository/net/bytebuddy/byte-buddy-agent/1.12.7/byte-buddy-agent-1.12.7.jar:/home/runner/.m2/repository/org/objenesis/objenesis/3.2/objenesis-3.2.jar:/home/runner/work/ratis/ratis/ratis-shell/target/classes:/home/runner/.m2/repository/commons-cli/commons-cli/1.5.0/commons-cli-1.5.0.jar:/home/runner/.m2/repository/org/reflections/reflections/0.10.2/reflections-0.10.2.jar:/home/runner/.m2/repository/org/javassist/javassist/3.28.0-GA/javassist-3.28.0-GA.jar:/home/runner/.m2/repository/com/google/code/findbugs/jsr305/3.0.2/jsr305-3.0.2.jar:"/>
    <property name="java.vm.vendor" value="Temurin"/>
    <property name="sun.arch.data.model" value="64"/>
    <property name="java.vendor.url" value="https://adoptium.net/"/>
    <property name="user.timezone" value=""/>
    <property name="java.vm.specification.version" value="1.8"/>
    <property name="os.name" value="Linux"/>
    <property name="sun.java.launcher" value="SUN_STANDARD"/>
    <property name="sun.boot.library.path" value="/usr/lib/jvm/temurin-8-jdk-amd64/jre/lib/amd64"/>
    <property name="sun.java.command" value="/home/runner/work/ratis/ratis/ratis-test/target/surefire/surefirebooter8743487520368355197.jar /home/runner/work/ratis/ratis/ratis-test/target/surefire 2022-07-19T01-56-53_695-jvmRun1 surefire3988775435353695527tmp surefire_348491291733422592619tmp"/>
    <property name="surefire.test.class.path" value="/home/runner/work/ratis/ratis/ratis-test/target/test-classes:/home/runner/work/ratis/ratis/ratis-test/target/classes:/home/runner/work/ratis/ratis/ratis-common/target/classes:/home/runner/.m2/repository/org/apache/ratis/ratis-thirdparty-misc/1.0.1/ratis-thirdparty-misc-1.0.1.jar:/home/runner/work/ratis/ratis/ratis-proto/target/ratis-proto-3.0.0-SNAPSHOT.jar:/home/runner/work/ratis/ratis/ratis-common/target/test-classes:/home/runner/work/ratis/ratis/ratis-client/target/classes:/home/runner/work/ratis/ratis/ratis-server/target/classes:/home/runner/work/ratis/ratis/ratis-server-api/target/classes:/home/runner/work/ratis/ratis/ratis-metrics/target/classes:/home/runner/work/ratis/ratis/ratis-server/target/test-classes:/home/runner/work/ratis/ratis/ratis-netty/target/classes:/home/runner/work/ratis/ratis/ratis-netty/target/test-classes:/home/runner/work/ratis/ratis/ratis-grpc/target/classes:/home/runner/work/ratis/ratis/ratis-grpc/target/test-classes:/home/runner/.m2/repository/org/slf4j/slf4j-api/1.7.29/slf4j-api-1.7.29.jar:/home/runner/.m2/repository/org/slf4j/slf4j-log4j12/1.7.29/slf4j-log4j12-1.7.29.jar:/home/runner/.m2/repository/log4j/log4j/1.2.17/log4j-1.2.17.jar:/home/runner/.m2/repository/junit/junit/4.13.2/junit-4.13.2.jar:/home/runner/.m2/repository/org/hamcrest/hamcrest-core/1.3/hamcrest-core-1.3.jar:/home/runner/.m2/repository/org/mockito/mockito-core/4.3.1/mockito-core-4.3.1.jar:/home/runner/.m2/repository/net/bytebuddy/byte-buddy/1.12.7/byte-buddy-1.12.7.jar:/home/runner/.m2/repository/net/bytebuddy/byte-buddy-agent/1.12.7/byte-buddy-agent-1.12.7.jar:/home/runner/.m2/repository/org/objenesis/objenesis/3.2/objenesis-3.2.jar:/home/runner/work/ratis/ratis/ratis-shell/target/classes:/home/runner/.m2/repository/commons-cli/commons-cli/1.5.0/commons-cli-1.5.0.jar:/home/runner/.m2/repository/org/reflections/reflections/0.10.2/reflections-0.10.2.jar:/home/runner/.m2/repository/org/javassist/javassist/3.28.0-GA/javassist-3.28.0-GA.jar:/home/runner/.m2/repository/com/google/code/findbugs/jsr305/3.0.2/jsr305-3.0.2.jar:"/>
    <property name="sun.cpu.endian" value="little"/>
    <property name="user.home" value="/home/runner"/>
    <property name="user.language" value="en"/>
    <property name="java.specification.vendor" value="Oracle Corporation"/>
    <property name="java.home" value="/usr/lib/jvm/temurin-8-jdk-amd64/jre"/>
    <property name="basedir" value="/home/runner/work/ratis/ratis/ratis-test"/>
    <property name="file.separator" value="/"/>
    <property name="line.separator" value="&#10;"/>
    <property name="java.vm.specification.vendor" value="Oracle Corporation"/>
    <property name="java.specification.name" value="Java Platform API Specification"/>
    <property name="java.awt.graphicsenv" value="sun.awt.X11GraphicsEnvironment"/>
    <property name="surefire.real.class.path" value="/home/runner/work/ratis/ratis/ratis-test/target/surefire/surefirebooter8743487520368355197.jar"/>
    <property name="sun.boot.class.path" value="/usr/lib/jvm/temurin-8-jdk-amd64/jre/lib/resources.jar:/usr/lib/jvm/temurin-8-jdk-amd64/jre/lib/rt.jar:/usr/lib/jvm/temurin-8-jdk-amd64/jre/lib/sunrsasign.jar:/usr/lib/jvm/temurin-8-jdk-amd64/jre/lib/jsse.jar:/usr/lib/jvm/temurin-8-jdk-amd64/jre/lib/jce.jar:/usr/lib/jvm/temurin-8-jdk-amd64/jre/lib/charsets.jar:/usr/lib/jvm/temurin-8-jdk-amd64/jre/lib/jfr.jar:/usr/lib/jvm/temurin-8-jdk-amd64/jre/classes"/>
    <property name="sun.management.compiler" value="HotSpot 64-Bit Tiered Compilers"/>
    <property name="java.runtime.version" value="1.8.0_332-b09"/>
    <property name="java.net.preferIPv4Stack" value="true"/>
    <property name="user.name" value="runner"/>
    <property name="path.separator" value=":"/>
    <property name="os.version" value="5.4.0-1085-azure"/>
    <property name="java.endorsed.dirs" value="/usr/lib/jvm/temurin-8-jdk-amd64/jre/lib/endorsed"/>
    <property name="java.runtime.name" value="OpenJDK Runtime Environment"/>
    <property name="file.encoding" value="UTF-8"/>
    <property name="java.vm.name" value="OpenJDK 64-Bit Server VM"/>
    <property name="localRepository" value="/home/runner/.m2/repository"/>
    <property name="java.vendor.url.bug" value="https://github.com/adoptium/adoptium-support/issues"/>
    <property name="java.io.tmpdir" value="/tmp"/>
    <property name="java.version" value="1.8.0_332"/>
    <property name="user.dir" value="/home/runner/work/ratis/ratis/ratis-test"/>
    <property name="os.arch" value="amd64"/>
    <property name="ratis.tmp.dir" value="/home/runner/work/ratis/ratis/ratis-test/target/tmp"/>
    <property name="java.vm.specification.name" value="Java Virtual Machine Specification"/>
    <property name="java.awt.printerjob" value="sun.print.PSPrinterJob"/>
    <property name="ratis.log.dir" value="/home/runner/work/ratis/ratis/ratis-test/target/log"/>
    <property name="sun.os.patch.level" value="unknown"/>
    <property name="java.library.path" value="/usr/java/packages/lib/amd64:/usr/lib64:/lib64:/lib:/usr/lib"/>
    <property name="java.vm.info" value="mixed mode"/>
    <property name="java.vendor" value="Temurin"/>
    <property name="java.vm.version" value="25.332-b09"/>
    <property name="java.ext.dirs" value="/usr/lib/jvm/temurin-8-jdk-amd64/jre/lib/ext:/usr/java/packages/lib/ext"/>
    <property name="sun.io.unicode.encoding" value="UnicodeLittle"/>
    <property name="java.class.version" value="52.0"/>
  </properties>
  <testcase name="testMultipleStreamsSingleServer" classname="org.apache.ratis.datastream.TestNettyDataStreamChainTopologyWithGrpcCluster" time="30.364"/>
  <testcase name="testMultipleStreamsMultipleServers" classname="org.apache.ratis.datastream.TestNettyDataStreamChainTopologyWithGrpcCluster" time="96.109"/>
  <testcase name="testMultipleStreamsMultipleServersStepDownLeader" classname="org.apache.ratis.datastream.TestNettyDataStreamChainTopologyWithGrpcCluster" time="300.016">
    <error message="test timed out after 300 seconds" type="org.junit.runners.model.TestTimedOutException">org.junit.runners.model.TestTimedOutException: test timed out after 300 seconds
	at sun.misc.Unsafe.park(Native Method)
	at java.util.concurrent.locks.LockSupport.park(LockSupport.java:175)
	at java.util.concurrent.CompletableFuture$Signaller.block(CompletableFuture.java:1707)
	at java.util.concurrent.ForkJoinPool.managedBlock(ForkJoinPool.java:3323)
	at java.util.concurrent.CompletableFuture.waitingGet(CompletableFuture.java:1742)
	at java.util.concurrent.CompletableFuture.join(CompletableFuture.java:1947)
	at org.apache.ratis.datastream.DataStreamAsyncClusterTests$$Lambda$401/2116825718.apply(Unknown Source)
	at java.util.stream.ReferencePipeline$3$1.accept(ReferencePipeline.java:193)
	at java.util.ArrayList$ArrayListSpliterator.forEachRemaining(ArrayList.java:1384)
	at java.util.stream.AbstractPipeline.copyInto(AbstractPipeline.java:482)
	at java.util.stream.AbstractPipeline.wrapAndCopyInto(AbstractPipeline.java:472)
	at java.util.stream.ReduceOps$ReduceOp.evaluateSequential(ReduceOps.java:708)
	at java.util.stream.AbstractPipeline.evaluate(AbstractPipeline.java:234)
	at java.util.stream.ReferencePipeline.reduce(ReferencePipeline.java:546)
	at java.util.stream.ReferencePipeline.max(ReferencePipeline.java:582)
	at org.apache.ratis.datastream.DataStreamAsyncClusterTests.runTestDataStream(DataStreamAsyncClusterTests.java:97)
	at org.apache.ratis.datastream.DataStreamAsyncClusterTests.runTestDataStreamStepDownLeader(DataStreamAsyncClusterTests.java:82)
	at org.apache.ratis.datastream.DataStreamAsyncClusterTests$$Lambda$814/362878506.accept(Unknown Source)
	at org.apache.ratis.server.impl.MiniRaftCluster$Factory$Get.runWithNewCluster(MiniRaftCluster.java:125)
	at org.apache.ratis.server.impl.MiniRaftCluster$Factory$Get.runWithNewCluster(MiniRaftCluster.java:113)
	at org.apache.ratis.datastream.DataStreamAsyncClusterTests.testMultipleStreamsMultipleServersStepDownLeader(DataStreamAsyncClusterTests.java:78)
	at sun.reflect.NativeMethodAccessorImpl.invoke0(Native Method)
	at sun.reflect.NativeMethodAccessorImpl.invoke(NativeMethodAccessorImpl.java:62)
	at sun.reflect.DelegatingMethodAccessorImpl.invoke(DelegatingMethodAccessorImpl.java:43)
	at java.lang.reflect.Method.invoke(Method.java:498)
	at org.junit.runners.model.FrameworkMethod$1.runReflectiveCall(FrameworkMethod.java:59)
	at org.junit.internal.runners.model.ReflectiveCallable.run(ReflectiveCallable.java:12)
	at org.junit.runners.model.FrameworkMethod.invokeExplosively(FrameworkMethod.java:56)
	at org.junit.internal.runners.statements.InvokeMethod.evaluate(InvokeMethod.java:17)
	at org.junit.internal.runners.statements.RunAfters.evaluate(RunAfters.java:27)
	at org.junit.internal.runners.statements.FailOnTimeout$CallableStatement.call(FailOnTimeout.java:299)
	at org.junit.internal.runners.statements.FailOnTimeout$CallableStatement.call(FailOnTimeout.java:293)
	at java.util.concurrent.FutureTask.run(FutureTask.java:266)
	at java.lang.Thread.run(Thread.java:750)
</error>
    <system-out><![CDATA[2022-07-19 02:04:16,267 [main] INFO  util.LogUtils (Log4jUtils.java:setLogLevel(32)) - Set org.apache.ratis.conf.ConfUtils log level to WARN
2022-07-19 02:04:16,267 [main] INFO  util.LogUtils (Log4jUtils.java:setLogLevel(32)) - Set org.apache.ratis.util.FileUtils log level to TRACE
2022-07-19 02:04:16,268 [Time-limited test] INFO  impl.MiniRaftCluster (MiniRaftCluster.java:runWithNewCluster(119)) - Running runWithNewCluster
2022-07-19 02:04:16,269 [Time-limited test] INFO  impl.MiniRaftCluster (MiniRaftCluster.java:<init>(272)) - new MiniRaftClusterWithRpcTypeGrpcAndDataStreamTypeNetty with group-33DD9DD108AB:[s0|rpc:localhost:42967|admin:localhost:35399|client:localhost:33207|dataStream:localhost:43161|priority:0|startupRole:FOLLOWER, s1|rpc:localhost:43989|admin:localhost:33969|client:localhost:39579|dataStream:localhost:40179|priority:0|startupRole:FOLLOWER, s2|rpc:localhost:33439|admin:localhost:44687|client:localhost:36505|dataStream:localhost:46481|priority:0|startupRole:FOLLOWER]
2022-07-19 02:04:16,269 [Time-limited test] INFO  impl.MiniRaftCluster (MiniRaftCluster.java:start(305)) - .............................................................. 
2022-07-19 02:04:16,269 [Time-limited test] INFO  impl.MiniRaftCluster (MiniRaftCluster.java:start(306)) - ... 
2022-07-19 02:04:16,269 [Time-limited test] INFO  impl.MiniRaftCluster (MiniRaftCluster.java:start(307)) - ...     Starting MiniRaftClusterWithRpcTypeGrpcAndDataStreamTypeNetty
2022-07-19 02:04:16,269 [Time-limited test] INFO  impl.MiniRaftCluster (MiniRaftCluster.java:start(308)) - ... 
2022-07-19 02:04:16,269 [Time-limited test] INFO  impl.MiniRaftCluster (MiniRaftCluster.java:start(309)) - .............................................................. 
2022-07-19 02:04:16,269 [Time-limited test] INFO  impl.MiniRaftCluster (MiniRaftCluster.java:initServers(284)) - servers = {}
2022-07-19 02:04:16,269 [Time-limited test] INFO  impl.MiniRaftCluster (MiniRaftCluster.java:newRaftServer(348)) - newRaftServer: s0, group-33DD9DD108AB:[s0|rpc:localhost:42967|admin:localhost:35399|client:localhost:33207|dataStream:localhost:43161|priority:0|startupRole:FOLLOWER, s1|rpc:localhost:43989|admin:localhost:33969|client:localhost:39579|dataStream:localhost:40179|priority:0|startupRole:FOLLOWER, s2|rpc:localhost:33439|admin:localhost:44687|client:localhost:36505|dataStream:localhost:46481|priority:0|startupRole:FOLLOWER], format? true
2022-07-19 02:04:16,269 [Time-limited test] TRACE util.FileUtils (FileUtils.java:deleteFully(162)) - deleteFully target/test/data/76646f/MiniRaftClusterWithRpcTypeGrpcAndDataStreamTypeNettyc627e763/s0
2022-07-19 02:04:16,270 [Time-limited test] TRACE util.FileUtils (FileUtils.java:deleteFully(178)) - deleteFully: target/test/data/76646f/MiniRaftClusterWithRpcTypeGrpcAndDataStreamTypeNettyc627e763/s0 does not exist.
2022-07-19 02:04:16,270 [Time-limited test] INFO  impl.MiniRaftCluster (MiniRaftCluster.java:newRaftServer(353)) - Formatted directory target/test/data/76646f/MiniRaftClusterWithRpcTypeGrpcAndDataStreamTypeNettyc627e763/s0
2022-07-19 02:04:16,270 [Time-limited test] INFO  server.RaftServer (ConfUtils.java:logGet(46)) - raft.rpc.type = GRPC (default)
2022-07-19 02:04:16,271 [Time-limited test] INFO  grpc.GrpcConfigKeys (ConfUtils.java:logGet(46)) - raft.grpc.admin.port = 35399 (custom)
2022-07-19 02:04:16,271 [Time-limited test] INFO  grpc.GrpcConfigKeys (ConfUtils.java:logGet(46)) - raft.grpc.client.port = 33207 (custom)
2022-07-19 02:04:16,271 [Time-limited test] INFO  grpc.GrpcConfigKeys (ConfUtils.java:logGet(46)) - raft.grpc.server.port = 42967 (custom)
2022-07-19 02:04:16,271 [Time-limited test] INFO  server.GrpcService (ConfUtils.java:logGet(46)) - raft.grpc.message.size.max = 64MB (=67108864) (default)
2022-07-19 02:04:16,271 [Time-limited test] INFO  server.RaftServerConfigKeys (ConfUtils.java:logGet(46)) - raft.server.log.appender.buffer.byte-limit = 4MB (=4194304) (default)
2022-07-19 02:04:16,271 [Time-limited test] INFO  server.GrpcService (ConfUtils.java:logGet(46)) - raft.grpc.flow.control.window = 1MB (=1048576) (default)
2022-07-19 02:04:16,271 [Time-limited test] INFO  server.RaftServerConfigKeys (ConfUtils.java:logGet(46)) - raft.server.rpc.request.timeout = 3000ms (default)
2022-07-19 02:04:16,271 [Time-limited test] INFO  grpc.GrpcConfigKeys (ConfUtils.java:logGet(46)) - raft.grpc.server.async.request.thread.pool.cached = true (default)
2022-07-19 02:04:16,272 [Time-limited test] INFO  grpc.GrpcConfigKeys (ConfUtils.java:logGet(46)) - raft.grpc.server.async.request.thread.pool.size = 32 (default)
2022-07-19 02:04:16,273 [Time-limited test] INFO  impl.DataStreamServerImpl (ConfUtils.java:logGet(46)) - raft.datastream.type = NETTY (custom)
2022-07-19 02:04:16,273 [Time-limited test] INFO  netty.NettyConfigKeys$DataStream (ConfUtils.java:logGet(46)) - raft.netty.dataStream.server.tls.conf = null (default)
2022-07-19 02:04:16,273 [Time-limited test] INFO  server.RaftServerConfigKeys (ConfUtils.java:logGet(46)) - raft.server.data-stream.async.request.thread.pool.cached = false (default)
2022-07-19 02:04:16,274 [Time-limited test] INFO  server.RaftServerConfigKeys (ConfUtils.java:logGet(46)) - raft.server.data-stream.async.request.thread.pool.size = 32 (default)
2022-07-19 02:04:16,274 [Time-limited test] INFO  server.RaftServerConfigKeys (ConfUtils.java:logGet(46)) - raft.server.data-stream.async.write.thread.pool.size = 16 (default)
2022-07-19 02:04:16,274 [Time-limited test] INFO  server.RaftServerConfigKeys (ConfUtils.java:logGet(46)) - raft.server.data-stream.client.pool.size = 10 (default)
2022-07-19 02:04:16,274 [Time-limited test] INFO  netty.NettyConfigKeys$DataStream (ConfUtils.java:logGet(46)) - raft.netty.dataStream.server.use-epoll = false (default)
2022-07-19 02:04:16,274 [Time-limited test] INFO  netty.NettyConfigKeys$DataStream (ConfUtils.java:logGet(46)) - raft.netty.dataStream.server.boss-group.size = 0 (default)
2022-07-19 02:04:16,275 [Time-limited test] INFO  netty.NettyConfigKeys$DataStream (ConfUtils.java:logGet(46)) - raft.netty.dataStream.server.worker-group.size = 0 (default)
2022-07-19 02:04:16,275 [Time-limited test] INFO  netty.NettyConfigKeys$DataStream (ConfUtils.java:logGet(46)) - raft.netty.dataStream.host = null (default)
2022-07-19 02:04:16,275 [Time-limited test] INFO  netty.NettyConfigKeys$DataStream (ConfUtils.java:logGet(46)) - raft.netty.dataStream.port = 43161 (custom)
2022-07-19 02:04:16,283 [Time-limited test] INFO  server.RaftServerConfigKeys (ConfUtils.java:logGet(46)) - raft.server.threadpool.proxy.cached = true (default)
2022-07-19 02:04:16,283 [Time-limited test] INFO  server.RaftServerConfigKeys (ConfUtils.java:logGet(46)) - raft.server.threadpool.proxy.size = 0 (default)
2022-07-19 02:04:16,283 [s0-NettyServerStreamRpc-bossGroup--thread1] INFO  logging.LoggingHandler (AbstractInternalLogger.java:log(148)) - [id: 0x50df74cb] REGISTERED
2022-07-19 02:04:16,283 [Time-limited test] INFO  server.RaftServerConfigKeys (ConfUtils.java:logGet(46)) - raft.server.rpc.slowness.timeout = 60s (default)
2022-07-19 02:04:16,285 [Time-limited test] INFO  server.RaftServerConfigKeys (ConfUtils.java:logGet(46)) - raft.server.leaderelection.leader.step-down.wait-time = 10s (default)
2022-07-19 02:04:16,285 [Time-limited test] INFO  server.RaftServerConfigKeys (ConfUtils.java:logGet(46)) - raft.server.storage.dir = [/home/runner/work/ratis/ratis/ratis-test/target/test/data/76646f/MiniRaftClusterWithRpcTypeGrpcAndDataStreamTypeNettyc627e763/s0] (custom)
2022-07-19 02:04:16,286 [s0-NettyServerStreamRpc-bossGroup--thread1] INFO  logging.LoggingHandler (AbstractInternalLogger.java:log(148)) - [id: 0x50df74cb] BIND: 0.0.0.0/0.0.0.0:43161
2022-07-19 02:04:16,286 [s0-NettyServerStreamRpc-bossGroup--thread1] INFO  logging.LoggingHandler (AbstractInternalLogger.java:log(148)) - [id: 0x50df74cb, L:/0.0.0.0:43161] ACTIVE
2022-07-19 02:04:16,314 [Time-limited test] INFO  server.RaftServer (RaftServerProxy.java:addNew(96)) - s0: addNew group-33DD9DD108AB:[s0|rpc:localhost:42967|admin:localhost:35399|client:localhost:33207|dataStream:localhost:43161|priority:0|startupRole:FOLLOWER, s1|rpc:localhost:43989|admin:localhost:33969|client:localhost:39579|dataStream:localhost:40179|priority:0|startupRole:FOLLOWER, s2|rpc:localhost:33439|admin:localhost:44687|client:localhost:36505|dataStream:localhost:46481|priority:0|startupRole:FOLLOWER] returns group-33DD9DD108AB:java.util.concurrent.CompletableFuture@3e3ad147[Not completed]
2022-07-19 02:04:16,314 [pool-10-thread-1] INFO  server.RaftServer$Division (RaftServerImpl.java:<init>(192)) - s0: new RaftServerImpl for group-33DD9DD108AB:[s0|rpc:localhost:42967|admin:localhost:35399|client:localhost:33207|dataStream:localhost:43161|priority:0|startupRole:FOLLOWER, s1|rpc:localhost:43989|admin:localhost:33969|client:localhost:39579|dataStream:localhost:40179|priority:0|startupRole:FOLLOWER, s2|rpc:localhost:33439|admin:localhost:44687|client:localhost:36505|dataStream:localhost:46481|priority:0|startupRole:FOLLOWER] with MultiDataStreamStateMachine:uninitialized
2022-07-19 02:04:16,315 [Time-limited test] INFO  impl.MiniRaftCluster (MiniRaftCluster.java:newRaftServer(348)) - newRaftServer: s1, group-33DD9DD108AB:[s0|rpc:localhost:42967|admin:localhost:35399|client:localhost:33207|dataStream:localhost:43161|priority:0|startupRole:FOLLOWER, s1|rpc:localhost:43989|admin:localhost:33969|client:localhost:39579|dataStream:localhost:40179|priority:0|startupRole:FOLLOWER, s2|rpc:localhost:33439|admin:localhost:44687|client:localhost:36505|dataStream:localhost:46481|priority:0|startupRole:FOLLOWER], format? true
2022-07-19 02:04:16,319 [Time-limited test] TRACE util.FileUtils (FileUtils.java:deleteFully(162)) - deleteFully target/test/data/76646f/MiniRaftClusterWithRpcTypeGrpcAndDataStreamTypeNettyc627e763/s1
2022-07-19 02:04:16,320 [Time-limited test] TRACE util.FileUtils (FileUtils.java:deleteFully(178)) - deleteFully: target/test/data/76646f/MiniRaftClusterWithRpcTypeGrpcAndDataStreamTypeNettyc627e763/s1 does not exist.
2022-07-19 02:04:16,320 [Time-limited test] INFO  impl.MiniRaftCluster (MiniRaftCluster.java:newRaftServer(353)) - Formatted directory target/test/data/76646f/MiniRaftClusterWithRpcTypeGrpcAndDataStreamTypeNettyc627e763/s1
2022-07-19 02:04:16,320 [Time-limited test] INFO  server.RaftServer (ConfUtils.java:logGet(46)) - raft.rpc.type = GRPC (default)
2022-07-19 02:04:16,320 [Time-limited test] INFO  grpc.GrpcConfigKeys (ConfUtils.java:logGet(46)) - raft.grpc.admin.port = 33969 (custom)
2022-07-19 02:04:16,320 [Time-limited test] INFO  grpc.GrpcConfigKeys (ConfUtils.java:logGet(46)) - raft.grpc.client.port = 39579 (custom)
2022-07-19 02:04:16,321 [Time-limited test] INFO  grpc.GrpcConfigKeys (ConfUtils.java:logGet(46)) - raft.grpc.server.port = 43989 (custom)
2022-07-19 02:04:16,321 [Time-limited test] INFO  server.GrpcService (ConfUtils.java:logGet(46)) - raft.grpc.message.size.max = 64MB (=67108864) (default)
2022-07-19 02:04:16,321 [Time-limited test] INFO  server.RaftServerConfigKeys (ConfUtils.java:logGet(46)) - raft.server.log.appender.buffer.byte-limit = 4MB (=4194304) (default)
2022-07-19 02:04:16,321 [Time-limited test] INFO  server.GrpcService (ConfUtils.java:logGet(46)) - raft.grpc.flow.control.window = 1MB (=1048576) (default)
2022-07-19 02:04:16,321 [Time-limited test] INFO  server.RaftServerConfigKeys (ConfUtils.java:logGet(46)) - raft.server.rpc.request.timeout = 3000ms (default)
2022-07-19 02:04:16,321 [Time-limited test] INFO  grpc.GrpcConfigKeys (ConfUtils.java:logGet(46)) - raft.grpc.server.async.request.thread.pool.cached = true (default)
2022-07-19 02:04:16,321 [Time-limited test] INFO  grpc.GrpcConfigKeys (ConfUtils.java:logGet(46)) - raft.grpc.server.async.request.thread.pool.size = 32 (default)
2022-07-19 02:04:16,323 [Time-limited test] INFO  impl.DataStreamServerImpl (ConfUtils.java:logGet(46)) - raft.datastream.type = NETTY (custom)
2022-07-19 02:04:16,323 [Time-limited test] INFO  netty.NettyConfigKeys$DataStream (ConfUtils.java:logGet(46)) - raft.netty.dataStream.server.tls.conf = null (default)
2022-07-19 02:04:16,323 [Time-limited test] INFO  server.RaftServerConfigKeys (ConfUtils.java:logGet(46)) - raft.server.data-stream.async.request.thread.pool.cached = false (default)
2022-07-19 02:04:16,323 [Time-limited test] INFO  server.RaftServerConfigKeys (ConfUtils.java:logGet(46)) - raft.server.data-stream.async.request.thread.pool.size = 32 (default)
2022-07-19 02:04:16,324 [Time-limited test] INFO  server.RaftServerConfigKeys (ConfUtils.java:logGet(46)) - raft.server.data-stream.async.write.thread.pool.size = 16 (default)
2022-07-19 02:04:16,324 [Time-limited test] INFO  server.RaftServerConfigKeys (ConfUtils.java:logGet(46)) - raft.server.data-stream.client.pool.size = 10 (default)
2022-07-19 02:04:16,324 [Time-limited test] INFO  netty.NettyConfigKeys$DataStream (ConfUtils.java:logGet(46)) - raft.netty.dataStream.server.use-epoll = false (default)
2022-07-19 02:04:16,324 [Time-limited test] INFO  netty.NettyConfigKeys$DataStream (ConfUtils.java:logGet(46)) - raft.netty.dataStream.server.boss-group.size = 0 (default)
2022-07-19 02:04:16,325 [Time-limited test] INFO  netty.NettyConfigKeys$DataStream (ConfUtils.java:logGet(46)) - raft.netty.dataStream.server.worker-group.size = 0 (default)
2022-07-19 02:04:16,325 [Time-limited test] INFO  netty.NettyConfigKeys$DataStream (ConfUtils.java:logGet(46)) - raft.netty.dataStream.host = null (default)
2022-07-19 02:04:16,325 [Time-limited test] INFO  netty.NettyConfigKeys$DataStream (ConfUtils.java:logGet(46)) - raft.netty.dataStream.port = 40179 (custom)
2022-07-19 02:04:16,325 [pool-10-thread-1] INFO  server.RaftServerConfigKeys (ConfUtils.java:logGet(46)) - raft.server.rpc.timeout.min = 150ms (default)
2022-07-19 02:04:16,327 [pool-10-thread-1] INFO  server.RaftServerConfigKeys (ConfUtils.java:logGet(46)) - raft.server.rpc.timeout.max = 300ms (default)
2022-07-19 02:04:16,327 [pool-10-thread-1] INFO  server.RaftServerConfigKeys (ConfUtils.java:logGet(46)) - raft.server.rpc.sleep.time = 25ms (default)
2022-07-19 02:04:16,327 [pool-10-thread-1] INFO  server.RaftServerConfigKeys (ConfUtils.java:logGet(46)) - raft.server.rpc.slowness.timeout = 60s (default)
2022-07-19 02:04:16,327 [pool-10-thread-1] INFO  server.RaftServerConfigKeys (ConfUtils.java:logGet(46)) - raft.server.leaderelection.leader.step-down.wait-time = 10s (default)
2022-07-19 02:04:16,327 [pool-10-thread-1] INFO  server.RaftServerConfigKeys (ConfUtils.java:logGet(46)) - raft.server.sleep.deviation.threshold = 300ms (default)
2022-07-19 02:04:16,328 [pool-10-thread-1] INFO  server.RaftServer$Division (ServerState.java:<init>(118)) - s0@group-33DD9DD108AB: ConfigurationManager, init=-1: peers:[s0|rpc:localhost:42967|admin:localhost:35399|client:localhost:33207|dataStream:localhost:43161|priority:0|startupRole:FOLLOWER, s1|rpc:localhost:43989|admin:localhost:33969|client:localhost:39579|dataStream:localhost:40179|priority:0|startupRole:FOLLOWER, s2|rpc:localhost:33439|admin:localhost:44687|client:localhost:36505|dataStream:localhost:46481|priority:0|startupRole:FOLLOWER]|listeners:[], old=null, confs=<EMPTY_MAP>
2022-07-19 02:04:16,328 [pool-10-thread-1] INFO  server.RaftServerConfigKeys (ConfUtils.java:logGet(46)) - raft.server.storage.dir = [/home/runner/work/ratis/ratis/ratis-test/target/test/data/76646f/MiniRaftClusterWithRpcTypeGrpcAndDataStreamTypeNettyc627e763/s0] (custom)
2022-07-19 02:04:16,328 [pool-10-thread-1] INFO  server.RaftServerConfigKeys (ConfUtils.java:logGet(46)) - raft.server.log.corruption.policy = EXCEPTION (default)
2022-07-19 02:04:16,328 [pool-10-thread-1] INFO  server.RaftServerConfigKeys (ConfUtils.java:logGet(46)) - raft.server.storage.free-space.min = 0MB (=0) (default)
2022-07-19 02:04:16,328 [pool-10-thread-1] INFO  server.RaftServerConfigKeys (ConfUtils.java:logGet(46)) - raft.server.notification.no-leader.timeout = 60s (default)
2022-07-19 02:04:16,328 [pool-10-thread-1] INFO  server.RaftServerConfigKeys (ConfUtils.java:logGet(46)) - raft.server.retrycache.expirytime = 60s (default)
2022-07-19 02:04:16,328 [pool-10-thread-1] INFO  server.RaftServerConfigKeys (ConfUtils.java:logGet(46)) - raft.server.retrycache.statistics.expirytime = 100μs (default)
2022-07-19 02:04:16,329 [pool-10-thread-1] INFO  server.RaftServerConfigKeys (ConfUtils.java:logGet(46)) - raft.server.log.appender.install.snapshot.enabled = true (default)
2022-07-19 02:04:16,329 [pool-10-thread-1] INFO  server.RaftServerConfigKeys (ConfUtils.java:logGet(46)) - raft.server.threadpool.server.cached = true (default)
2022-07-19 02:04:16,330 [pool-10-thread-1] INFO  server.RaftServerConfigKeys (ConfUtils.java:logGet(46)) - raft.server.threadpool.server.size = 0 (default)
2022-07-19 02:04:16,330 [pool-10-thread-1] INFO  server.RaftServerConfigKeys (ConfUtils.java:logGet(46)) - raft.server.threadpool.client.cached = true (default)
2022-07-19 02:04:16,330 [pool-10-thread-1] INFO  server.RaftServerConfigKeys (ConfUtils.java:logGet(46)) - raft.server.threadpool.client.size = 0 (default)
2022-07-19 02:04:16,330 [Time-limited test] INFO  server.RaftServerConfigKeys (ConfUtils.java:logGet(46)) - raft.server.threadpool.proxy.cached = true (default)
2022-07-19 02:04:16,331 [Time-limited test] INFO  server.RaftServerConfigKeys (ConfUtils.java:logGet(46)) - raft.server.threadpool.proxy.size = 0 (default)
2022-07-19 02:04:16,331 [Time-limited test] INFO  server.RaftServerConfigKeys (ConfUtils.java:logGet(46)) - raft.server.rpc.slowness.timeout = 60s (default)
2022-07-19 02:04:16,331 [Time-limited test] INFO  server.RaftServerConfigKeys (ConfUtils.java:logGet(46)) - raft.server.leaderelection.leader.step-down.wait-time = 10s (default)
2022-07-19 02:04:16,331 [Time-limited test] INFO  server.RaftServerConfigKeys (ConfUtils.java:logGet(46)) - raft.server.storage.dir = [/home/runner/work/ratis/ratis/ratis-test/target/test/data/76646f/MiniRaftClusterWithRpcTypeGrpcAndDataStreamTypeNettyc627e763/s1] (custom)
2022-07-19 02:04:16,332 [s1-NettyServerStreamRpc-bossGroup--thread1] INFO  logging.LoggingHandler (AbstractInternalLogger.java:log(148)) - [id: 0x29642c8e] REGISTERED
2022-07-19 02:04:16,332 [s1-NettyServerStreamRpc-bossGroup--thread1] INFO  logging.LoggingHandler (AbstractInternalLogger.java:log(148)) - [id: 0x29642c8e] BIND: 0.0.0.0/0.0.0.0:40179
2022-07-19 02:04:16,332 [s1-NettyServerStreamRpc-bossGroup--thread1] INFO  logging.LoggingHandler (AbstractInternalLogger.java:log(148)) - [id: 0x29642c8e, L:/0.0.0.0:40179] ACTIVE
2022-07-19 02:04:16,333 [Time-limited test] INFO  server.RaftServer (RaftServerProxy.java:addNew(96)) - s1: addNew group-33DD9DD108AB:[s0|rpc:localhost:42967|admin:localhost:35399|client:localhost:33207|dataStream:localhost:43161|priority:0|startupRole:FOLLOWER, s1|rpc:localhost:43989|admin:localhost:33969|client:localhost:39579|dataStream:localhost:40179|priority:0|startupRole:FOLLOWER, s2|rpc:localhost:33439|admin:localhost:44687|client:localhost:36505|dataStream:localhost:46481|priority:0|startupRole:FOLLOWER] returns group-33DD9DD108AB:java.util.concurrent.CompletableFuture@41d0f31b[Not completed]
2022-07-19 02:04:16,333 [pool-11-thread-1] INFO  server.RaftServer$Division (RaftServerImpl.java:<init>(192)) - s1: new RaftServerImpl for group-33DD9DD108AB:[s0|rpc:localhost:42967|admin:localhost:35399|client:localhost:33207|dataStream:localhost:43161|priority:0|startupRole:FOLLOWER, s1|rpc:localhost:43989|admin:localhost:33969|client:localhost:39579|dataStream:localhost:40179|priority:0|startupRole:FOLLOWER, s2|rpc:localhost:33439|admin:localhost:44687|client:localhost:36505|dataStream:localhost:46481|priority:0|startupRole:FOLLOWER] with MultiDataStreamStateMachine:uninitialized
2022-07-19 02:04:16,334 [pool-11-thread-1] INFO  server.RaftServerConfigKeys (ConfUtils.java:logGet(46)) - raft.server.rpc.timeout.min = 150ms (default)
2022-07-19 02:04:16,334 [pool-11-thread-1] INFO  server.RaftServerConfigKeys (ConfUtils.java:logGet(46)) - raft.server.rpc.timeout.max = 300ms (default)
2022-07-19 02:04:16,334 [pool-11-thread-1] INFO  server.RaftServerConfigKeys (ConfUtils.java:logGet(46)) - raft.server.rpc.sleep.time = 25ms (default)
2022-07-19 02:04:16,334 [Time-limited test] INFO  impl.MiniRaftCluster (MiniRaftCluster.java:newRaftServer(348)) - newRaftServer: s2, group-33DD9DD108AB:[s0|rpc:localhost:42967|admin:localhost:35399|client:localhost:33207|dataStream:localhost:43161|priority:0|startupRole:FOLLOWER, s1|rpc:localhost:43989|admin:localhost:33969|client:localhost:39579|dataStream:localhost:40179|priority:0|startupRole:FOLLOWER, s2|rpc:localhost:33439|admin:localhost:44687|client:localhost:36505|dataStream:localhost:46481|priority:0|startupRole:FOLLOWER], format? true
2022-07-19 02:04:16,335 [pool-11-thread-1] INFO  server.RaftServerConfigKeys (ConfUtils.java:logGet(46)) - raft.server.rpc.slowness.timeout = 60s (default)
2022-07-19 02:04:16,335 [pool-11-thread-1] INFO  server.RaftServerConfigKeys (ConfUtils.java:logGet(46)) - raft.server.leaderelection.leader.step-down.wait-time = 10s (default)
2022-07-19 02:04:16,335 [pool-11-thread-1] INFO  server.RaftServerConfigKeys (ConfUtils.java:logGet(46)) - raft.server.sleep.deviation.threshold = 300ms (default)
2022-07-19 02:04:16,335 [Time-limited test] TRACE util.FileUtils (FileUtils.java:deleteFully(162)) - deleteFully target/test/data/76646f/MiniRaftClusterWithRpcTypeGrpcAndDataStreamTypeNettyc627e763/s2
2022-07-19 02:04:16,336 [pool-11-thread-1] INFO  server.RaftServer$Division (ServerState.java:<init>(118)) - s1@group-33DD9DD108AB: ConfigurationManager, init=-1: peers:[s0|rpc:localhost:42967|admin:localhost:35399|client:localhost:33207|dataStream:localhost:43161|priority:0|startupRole:FOLLOWER, s1|rpc:localhost:43989|admin:localhost:33969|client:localhost:39579|dataStream:localhost:40179|priority:0|startupRole:FOLLOWER, s2|rpc:localhost:33439|admin:localhost:44687|client:localhost:36505|dataStream:localhost:46481|priority:0|startupRole:FOLLOWER]|listeners:[], old=null, confs=<EMPTY_MAP>
2022-07-19 02:04:16,336 [Time-limited test] TRACE util.FileUtils (FileUtils.java:deleteFully(178)) - deleteFully: target/test/data/76646f/MiniRaftClusterWithRpcTypeGrpcAndDataStreamTypeNettyc627e763/s2 does not exist.
2022-07-19 02:04:16,336 [Time-limited test] INFO  impl.MiniRaftCluster (MiniRaftCluster.java:newRaftServer(353)) - Formatted directory target/test/data/76646f/MiniRaftClusterWithRpcTypeGrpcAndDataStreamTypeNettyc627e763/s2
2022-07-19 02:04:16,336 [pool-11-thread-1] INFO  server.RaftServerConfigKeys (ConfUtils.java:logGet(46)) - raft.server.storage.dir = [/home/runner/work/ratis/ratis/ratis-test/target/test/data/76646f/MiniRaftClusterWithRpcTypeGrpcAndDataStreamTypeNettyc627e763/s1] (custom)
2022-07-19 02:04:16,338 [Time-limited test] INFO  server.RaftServer (ConfUtils.java:logGet(46)) - raft.rpc.type = GRPC (default)
2022-07-19 02:04:16,338 [Time-limited test] INFO  grpc.GrpcConfigKeys (ConfUtils.java:logGet(46)) - raft.grpc.admin.port = 44687 (custom)
2022-07-19 02:04:16,338 [Time-limited test] INFO  grpc.GrpcConfigKeys (ConfUtils.java:logGet(46)) - raft.grpc.client.port = 36505 (custom)
2022-07-19 02:04:16,339 [Time-limited test] INFO  grpc.GrpcConfigKeys (ConfUtils.java:logGet(46)) - raft.grpc.server.port = 33439 (custom)
2022-07-19 02:04:16,339 [Time-limited test] INFO  server.GrpcService (ConfUtils.java:logGet(46)) - raft.grpc.message.size.max = 64MB (=67108864) (default)
2022-07-19 02:04:16,339 [Time-limited test] INFO  server.RaftServerConfigKeys (ConfUtils.java:logGet(46)) - raft.server.log.appender.buffer.byte-limit = 4MB (=4194304) (default)
2022-07-19 02:04:16,339 [Time-limited test] INFO  server.GrpcService (ConfUtils.java:logGet(46)) - raft.grpc.flow.control.window = 1MB (=1048576) (default)
2022-07-19 02:04:16,339 [Time-limited test] INFO  server.RaftServerConfigKeys (ConfUtils.java:logGet(46)) - raft.server.rpc.request.timeout = 3000ms (default)
2022-07-19 02:04:16,339 [Time-limited test] INFO  grpc.GrpcConfigKeys (ConfUtils.java:logGet(46)) - raft.grpc.server.async.request.thread.pool.cached = true (default)
2022-07-19 02:04:16,340 [Time-limited test] INFO  grpc.GrpcConfigKeys (ConfUtils.java:logGet(46)) - raft.grpc.server.async.request.thread.pool.size = 32 (default)
2022-07-19 02:04:16,342 [Time-limited test] INFO  impl.DataStreamServerImpl (ConfUtils.java:logGet(46)) - raft.datastream.type = NETTY (custom)
2022-07-19 02:04:16,342 [Time-limited test] INFO  netty.NettyConfigKeys$DataStream (ConfUtils.java:logGet(46)) - raft.netty.dataStream.server.tls.conf = null (default)
2022-07-19 02:04:16,343 [Time-limited test] INFO  server.RaftServerConfigKeys (ConfUtils.java:logGet(46)) - raft.server.data-stream.async.request.thread.pool.cached = false (default)
2022-07-19 02:04:16,343 [pool-11-thread-1] INFO  server.RaftServerConfigKeys (ConfUtils.java:logGet(46)) - raft.server.log.corruption.policy = EXCEPTION (default)
2022-07-19 02:04:16,343 [pool-11-thread-1] INFO  server.RaftServerConfigKeys (ConfUtils.java:logGet(46)) - raft.server.storage.free-space.min = 0MB (=0) (default)
2022-07-19 02:04:16,344 [pool-11-thread-1] INFO  server.RaftServerConfigKeys (ConfUtils.java:logGet(46)) - raft.server.notification.no-leader.timeout = 60s (default)
2022-07-19 02:04:16,343 [Time-limited test] INFO  server.RaftServerConfigKeys (ConfUtils.java:logGet(46)) - raft.server.data-stream.async.request.thread.pool.size = 32 (default)
2022-07-19 02:04:16,344 [Time-limited test] INFO  server.RaftServerConfigKeys (ConfUtils.java:logGet(46)) - raft.server.data-stream.async.write.thread.pool.size = 16 (default)
2022-07-19 02:04:16,344 [pool-11-thread-1] INFO  server.RaftServerConfigKeys (ConfUtils.java:logGet(46)) - raft.server.retrycache.expirytime = 60s (default)
2022-07-19 02:04:16,344 [pool-11-thread-1] INFO  server.RaftServerConfigKeys (ConfUtils.java:logGet(46)) - raft.server.retrycache.statistics.expirytime = 100μs (default)
2022-07-19 02:04:16,344 [Time-limited test] INFO  server.RaftServerConfigKeys (ConfUtils.java:logGet(46)) - raft.server.data-stream.client.pool.size = 10 (default)
2022-07-19 02:04:16,345 [Time-limited test] INFO  netty.NettyConfigKeys$DataStream (ConfUtils.java:logGet(46)) - raft.netty.dataStream.server.use-epoll = false (default)
2022-07-19 02:04:16,345 [Time-limited test] INFO  netty.NettyConfigKeys$DataStream (ConfUtils.java:logGet(46)) - raft.netty.dataStream.server.boss-group.size = 0 (default)
2022-07-19 02:04:16,345 [pool-11-thread-1] INFO  server.RaftServerConfigKeys (ConfUtils.java:logGet(46)) - raft.server.log.appender.install.snapshot.enabled = true (default)
2022-07-19 02:04:16,346 [pool-11-thread-1] INFO  server.RaftServerConfigKeys (ConfUtils.java:logGet(46)) - raft.server.threadpool.server.cached = true (default)
2022-07-19 02:04:16,346 [pool-11-thread-1] INFO  server.RaftServerConfigKeys (ConfUtils.java:logGet(46)) - raft.server.threadpool.server.size = 0 (default)
2022-07-19 02:04:16,346 [pool-11-thread-1] INFO  server.RaftServerConfigKeys (ConfUtils.java:logGet(46)) - raft.server.threadpool.client.cached = true (default)
2022-07-19 02:04:16,346 [pool-11-thread-1] INFO  server.RaftServerConfigKeys (ConfUtils.java:logGet(46)) - raft.server.threadpool.client.size = 0 (default)
2022-07-19 02:04:16,346 [Time-limited test] INFO  netty.NettyConfigKeys$DataStream (ConfUtils.java:logGet(46)) - raft.netty.dataStream.server.worker-group.size = 0 (default)
2022-07-19 02:04:16,347 [Time-limited test] INFO  netty.NettyConfigKeys$DataStream (ConfUtils.java:logGet(46)) - raft.netty.dataStream.host = null (default)
2022-07-19 02:04:16,347 [Time-limited test] INFO  netty.NettyConfigKeys$DataStream (ConfUtils.java:logGet(46)) - raft.netty.dataStream.port = 46481 (custom)
2022-07-19 02:04:16,348 [Time-limited test] INFO  server.RaftServerConfigKeys (ConfUtils.java:logGet(46)) - raft.server.threadpool.proxy.cached = true (default)
2022-07-19 02:04:16,348 [Time-limited test] INFO  server.RaftServerConfigKeys (ConfUtils.java:logGet(46)) - raft.server.threadpool.proxy.size = 0 (default)
2022-07-19 02:04:16,348 [Time-limited test] INFO  server.RaftServerConfigKeys (ConfUtils.java:logGet(46)) - raft.server.rpc.slowness.timeout = 60s (default)
2022-07-19 02:04:16,348 [Time-limited test] INFO  server.RaftServerConfigKeys (ConfUtils.java:logGet(46)) - raft.server.leaderelection.leader.step-down.wait-time = 10s (default)
2022-07-19 02:04:16,348 [Time-limited test] INFO  server.RaftServerConfigKeys (ConfUtils.java:logGet(46)) - raft.server.storage.dir = [/home/runner/work/ratis/ratis/ratis-test/target/test/data/76646f/MiniRaftClusterWithRpcTypeGrpcAndDataStreamTypeNettyc627e763/s2] (custom)
2022-07-19 02:04:16,349 [s2-NettyServerStreamRpc-bossGroup--thread1] INFO  logging.LoggingHandler (AbstractInternalLogger.java:log(148)) - [id: 0xf4ac3f1a] REGISTERED
2022-07-19 02:04:16,349 [s2-NettyServerStreamRpc-bossGroup--thread1] INFO  logging.LoggingHandler (AbstractInternalLogger.java:log(148)) - [id: 0xf4ac3f1a] BIND: 0.0.0.0/0.0.0.0:46481
2022-07-19 02:04:16,349 [s2-NettyServerStreamRpc-bossGroup--thread1] INFO  logging.LoggingHandler (AbstractInternalLogger.java:log(148)) - [id: 0xf4ac3f1a, L:/0.0.0.0:46481] ACTIVE
2022-07-19 02:04:16,350 [Time-limited test] INFO  server.RaftServer (RaftServerProxy.java:addNew(96)) - s2: addNew group-33DD9DD108AB:[s0|rpc:localhost:42967|admin:localhost:35399|client:localhost:33207|dataStream:localhost:43161|priority:0|startupRole:FOLLOWER, s1|rpc:localhost:43989|admin:localhost:33969|client:localhost:39579|dataStream:localhost:40179|priority:0|startupRole:FOLLOWER, s2|rpc:localhost:33439|admin:localhost:44687|client:localhost:36505|dataStream:localhost:46481|priority:0|startupRole:FOLLOWER] returns group-33DD9DD108AB:java.util.concurrent.CompletableFuture@7ed9a4c7[Not completed]
2022-07-19 02:04:16,351 [pool-12-thread-1] INFO  server.RaftServer$Division (RaftServerImpl.java:<init>(192)) - s2: new RaftServerImpl for group-33DD9DD108AB:[s0|rpc:localhost:42967|admin:localhost:35399|client:localhost:33207|dataStream:localhost:43161|priority:0|startupRole:FOLLOWER, s1|rpc:localhost:43989|admin:localhost:33969|client:localhost:39579|dataStream:localhost:40179|priority:0|startupRole:FOLLOWER, s2|rpc:localhost:33439|admin:localhost:44687|client:localhost:36505|dataStream:localhost:46481|priority:0|startupRole:FOLLOWER] with MultiDataStreamStateMachine:uninitialized
2022-07-19 02:04:16,351 [s0-impl-thread1] INFO  storage.RaftStorageDirectory (RaftStorageDirectoryImpl.java:analyzeStorage(137)) - The storage directory /home/runner/work/ratis/ratis/ratis-test/target/test/data/76646f/MiniRaftClusterWithRpcTypeGrpcAndDataStreamTypeNettyc627e763/s0/3d4325af-1726-45d2-aa71-33dd9dd108ab does not exist. Creating ...
2022-07-19 02:04:16,353 [s0-impl-thread1] TRACE util.FileUtils (LogUtils.java:runAndLog(49)) - Successfully ran Files.createDirectories /home/runner/work/ratis/ratis/ratis-test/target/test/data/76646f/MiniRaftClusterWithRpcTypeGrpcAndDataStreamTypeNettyc627e763/s0/3d4325af-1726-45d2-aa71-33dd9dd108ab
2022-07-19 02:04:16,354 [pool-12-thread-1] INFO  server.RaftServerConfigKeys (ConfUtils.java:logGet(46)) - raft.server.rpc.timeout.min = 150ms (default)
2022-07-19 02:04:16,355 [s0-impl-thread1] INFO  storage.RaftStorageDirectory (RaftStorageDirectoryImpl.java:tryLock(231)) - Lock on /home/runner/work/ratis/ratis/ratis-test/target/test/data/76646f/MiniRaftClusterWithRpcTypeGrpcAndDataStreamTypeNettyc627e763/s0/3d4325af-1726-45d2-aa71-33dd9dd108ab/in_use.lock acquired by nodename 19741@fv-az199-500.piossgaoozdutex3tpy4bgd4ka.dx.internal.cloudapp.net
2022-07-19 02:04:16,355 [pool-12-thread-1] INFO  server.RaftServerConfigKeys (ConfUtils.java:logGet(46)) - raft.server.rpc.timeout.max = 300ms (default)
2022-07-19 02:04:16,355 [pool-12-thread-1] INFO  server.RaftServerConfigKeys (ConfUtils.java:logGet(46)) - raft.server.rpc.sleep.time = 25ms (default)
2022-07-19 02:04:16,355 [pool-12-thread-1] INFO  server.RaftServerConfigKeys (ConfUtils.java:logGet(46)) - raft.server.rpc.slowness.timeout = 60s (default)
2022-07-19 02:04:16,355 [pool-12-thread-1] INFO  server.RaftServerConfigKeys (ConfUtils.java:logGet(46)) - raft.server.leaderelection.leader.step-down.wait-time = 10s (default)
2022-07-19 02:04:16,355 [pool-12-thread-1] INFO  server.RaftServerConfigKeys (ConfUtils.java:logGet(46)) - raft.server.sleep.deviation.threshold = 300ms (default)
2022-07-19 02:04:16,355 [s0-impl-thread1] TRACE util.FileUtils (LogUtils.java:runAndLog(49)) - Successfully ran Files.createDirectories /home/runner/work/ratis/ratis/ratis-test/target/test/data/76646f/MiniRaftClusterWithRpcTypeGrpcAndDataStreamTypeNettyc627e763/s0/3d4325af-1726-45d2-aa71-33dd9dd108ab/current
2022-07-19 02:04:16,356 [pool-12-thread-1] INFO  server.RaftServer$Division (ServerState.java:<init>(118)) - s2@group-33DD9DD108AB: ConfigurationManager, init=-1: peers:[s0|rpc:localhost:42967|admin:localhost:35399|client:localhost:33207|dataStream:localhost:43161|priority:0|startupRole:FOLLOWER, s1|rpc:localhost:43989|admin:localhost:33969|client:localhost:39579|dataStream:localhost:40179|priority:0|startupRole:FOLLOWER, s2|rpc:localhost:33439|admin:localhost:44687|client:localhost:36505|dataStream:localhost:46481|priority:0|startupRole:FOLLOWER]|listeners:[], old=null, confs=<EMPTY_MAP>
2022-07-19 02:04:16,356 [s0-impl-thread1] TRACE util.FileUtils (LogUtils.java:runAndLog(49)) - Successfully ran Files.createDirectories /home/runner/work/ratis/ratis/ratis-test/target/test/data/76646f/MiniRaftClusterWithRpcTypeGrpcAndDataStreamTypeNettyc627e763/s0/3d4325af-1726-45d2-aa71-33dd9dd108ab/sm
2022-07-19 02:04:16,356 [pool-12-thread-1] INFO  server.RaftServerConfigKeys (ConfUtils.java:logGet(46)) - raft.server.storage.dir = [/home/runner/work/ratis/ratis/ratis-test/target/test/data/76646f/MiniRaftClusterWithRpcTypeGrpcAndDataStreamTypeNettyc627e763/s2] (custom)
2022-07-19 02:04:16,357 [pool-12-thread-1] INFO  server.RaftServerConfigKeys (ConfUtils.java:logGet(46)) - raft.server.log.corruption.policy = EXCEPTION (default)
2022-07-19 02:04:16,357 [pool-12-thread-1] INFO  server.RaftServerConfigKeys (ConfUtils.java:logGet(46)) - raft.server.storage.free-space.min = 0MB (=0) (default)
2022-07-19 02:04:16,357 [pool-12-thread-1] INFO  server.RaftServerConfigKeys (ConfUtils.java:logGet(46)) - raft.server.notification.no-leader.timeout = 60s (default)
2022-07-19 02:04:16,357 [pool-12-thread-1] INFO  server.RaftServerConfigKeys (ConfUtils.java:logGet(46)) - raft.server.retrycache.expirytime = 60s (default)
2022-07-19 02:04:16,358 [pool-12-thread-1] INFO  server.RaftServerConfigKeys (ConfUtils.java:logGet(46)) - raft.server.retrycache.statistics.expirytime = 100μs (default)
2022-07-19 02:04:16,358 [s0-impl-thread1] INFO  storage.RaftStorage (RaftStorageImpl.java:format(96)) - Storage directory /home/runner/work/ratis/ratis/ratis-test/target/test/data/76646f/MiniRaftClusterWithRpcTypeGrpcAndDataStreamTypeNettyc627e763/s0/3d4325af-1726-45d2-aa71-33dd9dd108ab has been successfully formatted.
2022-07-19 02:04:16,358 [s0-impl-thread1] INFO  server.RaftServerConfigKeys (ConfUtils.java:logGet(46)) - raft.server.log.use.memory = false (default)
2022-07-19 02:04:16,359 [s0-impl-thread1] INFO  server.RaftServerConfigKeys (ConfUtils.java:logGet(46)) - raft.server.log.purge.gap = 1024 (default)
2022-07-19 02:04:16,359 [s0-impl-thread1] INFO  server.RaftServerConfigKeys (ConfUtils.java:logGet(46)) - raft.server.log.appender.buffer.byte-limit = 4MB (=4194304) (default)
2022-07-19 02:04:16,359 [s0-impl-thread1] INFO  server.RaftServerConfigKeys (ConfUtils.java:logGet(46)) - raft.server.log.statemachine.data.read.timeout = 1000ms (default)
2022-07-19 02:04:16,359 [s0-impl-thread1] INFO  server.RaftServerConfigKeys (ConfUtils.java:logGet(46)) - raft.server.log.segment.size.max = 8MB (=8388608) (default)
2022-07-19 02:04:16,359 [pool-12-thread-1] INFO  server.RaftServerConfigKeys (ConfUtils.java:logGet(46)) - raft.server.log.appender.install.snapshot.enabled = true (default)
2022-07-19 02:04:16,360 [pool-12-thread-1] INFO  server.RaftServerConfigKeys (ConfUtils.java:logGet(46)) - raft.server.threadpool.server.cached = true (default)
2022-07-19 02:04:16,360 [s0-impl-thread1] INFO  server.RaftServerConfigKeys (ConfUtils.java:logGet(46)) - raft.server.log.segment.cache.num.max = 6 (default)
2022-07-19 02:04:16,360 [s0-impl-thread1] INFO  server.RaftServerConfigKeys (ConfUtils.java:logGet(46)) - raft.server.log.segment.cache.size.max = 200MB (=209715200) (default)
2022-07-19 02:04:16,361 [s0-impl-thread1] INFO  segmented.SegmentedRaftLogWorker (SegmentedRaftLogWorker.java:<init>(187)) - new s0@group-33DD9DD108AB-SegmentedRaftLogWorker for RaftStorageImpl:Storage Directory /home/runner/work/ratis/ratis/ratis-test/target/test/data/76646f/MiniRaftClusterWithRpcTypeGrpcAndDataStreamTypeNettyc627e763/s0/3d4325af-1726-45d2-aa71-33dd9dd108ab
2022-07-19 02:04:16,361 [s0-impl-thread1] INFO  server.RaftServerConfigKeys (ConfUtils.java:logGet(46)) - raft.server.log.queue.byte-limit = 64MB (=67108864) (default)
2022-07-19 02:04:16,361 [s0-impl-thread1] INFO  server.RaftServerConfigKeys (ConfUtils.java:logGet(46)) - raft.server.log.queue.element-limit = 4096 (default)
2022-07-19 02:04:16,361 [s0-impl-thread1] INFO  server.RaftServerConfigKeys (ConfUtils.java:logGet(46)) - raft.server.log.segment.size.max = 8MB (=8388608) (default)
2022-07-19 02:04:16,361 [s0-impl-thread1] INFO  server.RaftServerConfigKeys (ConfUtils.java:logGet(46)) - raft.server.log.preallocated.size = 4MB (=4194304) (default)
2022-07-19 02:04:16,361 [s0-impl-thread1] INFO  server.RaftServerConfigKeys (ConfUtils.java:logGet(46)) - raft.server.log.force.sync.num = 128 (default)
2022-07-19 02:04:16,361 [s0-impl-thread1] INFO  server.RaftServerConfigKeys (ConfUtils.java:logGet(46)) - raft.server.log.statemachine.data.sync = true (default)
2022-07-19 02:04:16,361 [s0-impl-thread1] INFO  server.RaftServerConfigKeys (ConfUtils.java:logGet(46)) - raft.server.log.statemachine.data.sync.timeout = 10s (default)
2022-07-19 02:04:16,361 [s0-impl-thread1] INFO  server.RaftServerConfigKeys (ConfUtils.java:logGet(46)) - raft.server.log.statemachine.data.sync.timeout.retry = -1 (default)
2022-07-19 02:04:16,362 [pool-12-thread-1] INFO  server.RaftServerConfigKeys (ConfUtils.java:logGet(46)) - raft.server.threadpool.server.size = 0 (default)
2022-07-19 02:04:16,363 [pool-12-thread-1] INFO  server.RaftServerConfigKeys (ConfUtils.java:logGet(46)) - raft.server.threadpool.client.cached = true (default)
2022-07-19 02:04:16,363 [pool-12-thread-1] INFO  server.RaftServerConfigKeys (ConfUtils.java:logGet(46)) - raft.server.threadpool.client.size = 0 (default)
2022-07-19 02:04:16,366 [s0-impl-thread1] INFO  server.RaftServerConfigKeys (ConfUtils.java:logGet(46)) - raft.server.log.write.buffer.size = 64KB (=65536) (default)
2022-07-19 02:04:16,366 [s0-impl-thread1] INFO  server.RaftServerConfigKeys (ConfUtils.java:logGet(46)) - raft.server.log.unsafe-flush.enabled = false (default)
2022-07-19 02:04:16,368 [s0-impl-thread1] INFO  server.RaftServerConfigKeys (ConfUtils.java:logGet(46)) - raft.server.log.statemachine.data.caching.enabled = false (default)
2022-07-19 02:04:16,368 [s0-impl-thread1] INFO  segmented.SegmentedRaftLogWorker (SegmentedRaftLogWorker.java:lambda$new$0(135)) - s0@group-33DD9DD108AB-SegmentedRaftLogWorker: flushIndex: setUnconditionally 0 -> -1
2022-07-19 02:04:16,368 [s0-impl-thread1] INFO  segmented.SegmentedRaftLogWorker (SegmentedRaftLogWorker.java:lambda$new$0(135)) - s0@group-33DD9DD108AB-SegmentedRaftLogWorker: safeCacheEvictIndex: setUnconditionally 0 -> -1
2022-07-19 02:04:16,369 [s0-impl-thread1] INFO  server.RaftServer$Division (RaftServerImpl.java:start(314)) - s0@group-33DD9DD108AB: start as a follower, conf=-1: peers:[s0|rpc:localhost:42967|admin:localhost:35399|client:localhost:33207|dataStream:localhost:43161|priority:0|startupRole:FOLLOWER, s1|rpc:localhost:43989|admin:localhost:33969|client:localhost:39579|dataStream:localhost:40179|priority:0|startupRole:FOLLOWER, s2|rpc:localhost:33439|admin:localhost:44687|client:localhost:36505|dataStream:localhost:46481|priority:0|startupRole:FOLLOWER]|listeners:[], old=null
2022-07-19 02:04:16,369 [s0-impl-thread1] INFO  server.RaftServer$Division (RaftServerImpl.java:setRole(301)) - s0@group-33DD9DD108AB: changes role from      null to FOLLOWER at term 0 for startAsFollower
2022-07-19 02:04:16,369 [s0-impl-thread1] INFO  impl.RoleInfo (RoleInfo.java:updateAndGet(139)) - s0: start s0@group-33DD9DD108AB-FollowerState
2022-07-19 02:04:16,369 [s0-impl-thread1] INFO  util.JmxRegister (JmxRegister.java:tryRegister(44)) - Successfully registered JMX Bean with object name Ratis:service=RaftServer,group=group-33DD9DD108AB,id=s0
2022-07-19 02:04:16,369 [s0-impl-thread1] INFO  server.RaftServerConfigKeys (ConfUtils.java:logGet(46)) - raft.server.snapshot.auto.trigger.enabled = false (default)
2022-07-19 02:04:16,369 [s0-impl-thread1] INFO  server.RaftServerConfigKeys (ConfUtils.java:logGet(46)) - raft.server.snapshot.retention.file.num = -1 (default)
2022-07-19 02:04:16,369 [s0-impl-thread1] INFO  server.RaftServerConfigKeys (ConfUtils.java:logGet(46)) - raft.server.log.purge.upto.snapshot.index = false (default)
2022-07-19 02:04:16,370 [Time-limited test] INFO  server.RaftServer (RaftServerProxy.java:startImpl(385)) - s0: start RPC server
2022-07-19 02:04:16,380 [Time-limited test] INFO  server.GrpcService (GrpcService.java:startImpl(260)) - s0: GrpcService started, listening on 33207
2022-07-19 02:04:16,382 [Time-limited test] INFO  server.GrpcService (GrpcService.java:startImpl(260)) - s0: GrpcService started, listening on 42967
2022-07-19 02:04:16,385 [Time-limited test] INFO  server.GrpcService (GrpcService.java:startImpl(260)) - s0: GrpcService started, listening on 35399
2022-07-19 02:04:16,386 [s1-impl-thread1] INFO  storage.RaftStorageDirectory (RaftStorageDirectoryImpl.java:analyzeStorage(137)) - The storage directory /home/runner/work/ratis/ratis/ratis-test/target/test/data/76646f/MiniRaftClusterWithRpcTypeGrpcAndDataStreamTypeNettyc627e763/s1/3d4325af-1726-45d2-aa71-33dd9dd108ab does not exist. Creating ...
2022-07-19 02:04:16,386 [s1-impl-thread1] TRACE util.FileUtils (LogUtils.java:runAndLog(49)) - Successfully ran Files.createDirectories /home/runner/work/ratis/ratis/ratis-test/target/test/data/76646f/MiniRaftClusterWithRpcTypeGrpcAndDataStreamTypeNettyc627e763/s1/3d4325af-1726-45d2-aa71-33dd9dd108ab
2022-07-19 02:04:16,386 [org.apache.ratis.util.JvmPauseMonitor$$Lambda$278/1103347195@7c399e7a] INFO  util.JvmPauseMonitor (JvmPauseMonitor.java:run(103)) - JvmPauseMonitor-s0: Started
2022-07-19 02:04:16,387 [s1-impl-thread1] INFO  storage.RaftStorageDirectory (RaftStorageDirectoryImpl.java:tryLock(231)) - Lock on /home/runner/work/ratis/ratis/ratis-test/target/test/data/76646f/MiniRaftClusterWithRpcTypeGrpcAndDataStreamTypeNettyc627e763/s1/3d4325af-1726-45d2-aa71-33dd9dd108ab/in_use.lock acquired by nodename 19741@fv-az199-500.piossgaoozdutex3tpy4bgd4ka.dx.internal.cloudapp.net
2022-07-19 02:04:16,388 [s1-impl-thread1] TRACE util.FileUtils (LogUtils.java:runAndLog(49)) - Successfully ran Files.createDirectories /home/runner/work/ratis/ratis/ratis-test/target/test/data/76646f/MiniRaftClusterWithRpcTypeGrpcAndDataStreamTypeNettyc627e763/s1/3d4325af-1726-45d2-aa71-33dd9dd108ab/current
2022-07-19 02:04:16,388 [s1-impl-thread1] TRACE util.FileUtils (LogUtils.java:runAndLog(49)) - Successfully ran Files.createDirectories /home/runner/work/ratis/ratis/ratis-test/target/test/data/76646f/MiniRaftClusterWithRpcTypeGrpcAndDataStreamTypeNettyc627e763/s1/3d4325af-1726-45d2-aa71-33dd9dd108ab/sm
2022-07-19 02:04:16,389 [s1-impl-thread1] INFO  storage.RaftStorage (RaftStorageImpl.java:format(96)) - Storage directory /home/runner/work/ratis/ratis/ratis-test/target/test/data/76646f/MiniRaftClusterWithRpcTypeGrpcAndDataStreamTypeNettyc627e763/s1/3d4325af-1726-45d2-aa71-33dd9dd108ab has been successfully formatted.
2022-07-19 02:04:16,389 [s1-impl-thread1] INFO  server.RaftServerConfigKeys (ConfUtils.java:logGet(46)) - raft.server.log.use.memory = false (default)
2022-07-19 02:04:16,390 [s1-impl-thread1] INFO  server.RaftServerConfigKeys (ConfUtils.java:logGet(46)) - raft.server.log.purge.gap = 1024 (default)
2022-07-19 02:04:16,390 [s1-impl-thread1] INFO  server.RaftServerConfigKeys (ConfUtils.java:logGet(46)) - raft.server.log.appender.buffer.byte-limit = 4MB (=4194304) (default)
2022-07-19 02:04:16,390 [s1-impl-thread1] INFO  server.RaftServerConfigKeys (ConfUtils.java:logGet(46)) - raft.server.log.statemachine.data.read.timeout = 1000ms (default)
2022-07-19 02:04:16,390 [s1-impl-thread1] INFO  server.RaftServerConfigKeys (ConfUtils.java:logGet(46)) - raft.server.log.segment.size.max = 8MB (=8388608) (default)
2022-07-19 02:04:16,390 [s1-impl-thread1] INFO  server.RaftServerConfigKeys (ConfUtils.java:logGet(46)) - raft.server.log.segment.cache.num.max = 6 (default)
2022-07-19 02:04:16,390 [s1-impl-thread1] INFO  server.RaftServerConfigKeys (ConfUtils.java:logGet(46)) - raft.server.log.segment.cache.size.max = 200MB (=209715200) (default)
2022-07-19 02:04:16,391 [s1-impl-thread1] INFO  segmented.SegmentedRaftLogWorker (SegmentedRaftLogWorker.java:<init>(187)) - new s1@group-33DD9DD108AB-SegmentedRaftLogWorker for RaftStorageImpl:Storage Directory /home/runner/work/ratis/ratis/ratis-test/target/test/data/76646f/MiniRaftClusterWithRpcTypeGrpcAndDataStreamTypeNettyc627e763/s1/3d4325af-1726-45d2-aa71-33dd9dd108ab
2022-07-19 02:04:16,391 [s1-impl-thread1] INFO  server.RaftServerConfigKeys (ConfUtils.java:logGet(46)) - raft.server.log.queue.byte-limit = 64MB (=67108864) (default)
2022-07-19 02:04:16,391 [s1-impl-thread1] INFO  server.RaftServerConfigKeys (ConfUtils.java:logGet(46)) - raft.server.log.queue.element-limit = 4096 (default)
2022-07-19 02:04:16,391 [s1-impl-thread1] INFO  server.RaftServerConfigKeys (ConfUtils.java:logGet(46)) - raft.server.log.segment.size.max = 8MB (=8388608) (default)
2022-07-19 02:04:16,391 [s1-impl-thread1] INFO  server.RaftServerConfigKeys (ConfUtils.java:logGet(46)) - raft.server.log.preallocated.size = 4MB (=4194304) (default)
2022-07-19 02:04:16,391 [s1-impl-thread1] INFO  server.RaftServerConfigKeys (ConfUtils.java:logGet(46)) - raft.server.log.force.sync.num = 128 (default)
2022-07-19 02:04:16,391 [s1-impl-thread1] INFO  server.RaftServerConfigKeys (ConfUtils.java:logGet(46)) - raft.server.log.statemachine.data.sync = true (default)
2022-07-19 02:04:16,391 [s1-impl-thread1] INFO  server.RaftServerConfigKeys (ConfUtils.java:logGet(46)) - raft.server.log.statemachine.data.sync.timeout = 10s (default)
2022-07-19 02:04:16,391 [s1-impl-thread1] INFO  server.RaftServerConfigKeys (ConfUtils.java:logGet(46)) - raft.server.log.statemachine.data.sync.timeout.retry = -1 (default)
2022-07-19 02:04:16,393 [s1-impl-thread1] INFO  server.RaftServerConfigKeys (ConfUtils.java:logGet(46)) - raft.server.log.write.buffer.size = 64KB (=65536) (default)
2022-07-19 02:04:16,393 [s1-impl-thread1] INFO  server.RaftServerConfigKeys (ConfUtils.java:logGet(46)) - raft.server.log.unsafe-flush.enabled = false (default)
2022-07-19 02:04:16,393 [s1-impl-thread1] INFO  server.RaftServerConfigKeys (ConfUtils.java:logGet(46)) - raft.server.log.statemachine.data.caching.enabled = false (default)
2022-07-19 02:04:16,394 [s1-impl-thread1] INFO  segmented.SegmentedRaftLogWorker (SegmentedRaftLogWorker.java:lambda$new$0(135)) - s1@group-33DD9DD108AB-SegmentedRaftLogWorker: flushIndex: setUnconditionally 0 -> -1
2022-07-19 02:04:16,394 [s1-impl-thread1] INFO  segmented.SegmentedRaftLogWorker (SegmentedRaftLogWorker.java:lambda$new$0(135)) - s1@group-33DD9DD108AB-SegmentedRaftLogWorker: safeCacheEvictIndex: setUnconditionally 0 -> -1
2022-07-19 02:04:16,394 [s1-impl-thread1] INFO  server.RaftServer$Division (RaftServerImpl.java:start(314)) - s1@group-33DD9DD108AB: start as a follower, conf=-1: peers:[s0|rpc:localhost:42967|admin:localhost:35399|client:localhost:33207|dataStream:localhost:43161|priority:0|startupRole:FOLLOWER, s1|rpc:localhost:43989|admin:localhost:33969|client:localhost:39579|dataStream:localhost:40179|priority:0|startupRole:FOLLOWER, s2|rpc:localhost:33439|admin:localhost:44687|client:localhost:36505|dataStream:localhost:46481|priority:0|startupRole:FOLLOWER]|listeners:[], old=null
2022-07-19 02:04:16,394 [s1-impl-thread1] INFO  server.RaftServer$Division (RaftServerImpl.java:setRole(301)) - s1@group-33DD9DD108AB: changes role from      null to FOLLOWER at term 0 for startAsFollower
2022-07-19 02:04:16,395 [s1-impl-thread1] INFO  impl.RoleInfo (RoleInfo.java:updateAndGet(139)) - s1: start s1@group-33DD9DD108AB-FollowerState
2022-07-19 02:04:16,398 [s1-impl-thread1] INFO  util.JmxRegister (JmxRegister.java:tryRegister(44)) - Successfully registered JMX Bean with object name Ratis:service=RaftServer,group=group-33DD9DD108AB,id=s1
2022-07-19 02:04:16,399 [s1-impl-thread1] INFO  server.RaftServerConfigKeys (ConfUtils.java:logGet(46)) - raft.server.snapshot.auto.trigger.enabled = false (default)
2022-07-19 02:04:16,399 [s1-impl-thread1] INFO  server.RaftServerConfigKeys (ConfUtils.java:logGet(46)) - raft.server.snapshot.retention.file.num = -1 (default)
2022-07-19 02:04:16,399 [s1-impl-thread1] INFO  server.RaftServerConfigKeys (ConfUtils.java:logGet(46)) - raft.server.log.purge.upto.snapshot.index = false (default)
2022-07-19 02:04:16,402 [Time-limited test] INFO  server.RaftServer (RaftServerProxy.java:startImpl(385)) - s1: start RPC server
2022-07-19 02:04:16,407 [Time-limited test] INFO  server.GrpcService (GrpcService.java:startImpl(260)) - s1: GrpcService started, listening on 39579
2022-07-19 02:04:16,411 [Time-limited test] INFO  server.GrpcService (GrpcService.java:startImpl(260)) - s1: GrpcService started, listening on 43989
2022-07-19 02:04:16,416 [Time-limited test] INFO  server.GrpcService (GrpcService.java:startImpl(260)) - s1: GrpcService started, listening on 33969
2022-07-19 02:04:16,418 [org.apache.ratis.util.JvmPauseMonitor$$Lambda$278/1103347195@78eb7d72] INFO  util.JvmPauseMonitor (JvmPauseMonitor.java:run(103)) - JvmPauseMonitor-s1: Started
2022-07-19 02:04:16,419 [s2-impl-thread1] INFO  storage.RaftStorageDirectory (RaftStorageDirectoryImpl.java:analyzeStorage(137)) - The storage directory /home/runner/work/ratis/ratis/ratis-test/target/test/data/76646f/MiniRaftClusterWithRpcTypeGrpcAndDataStreamTypeNettyc627e763/s2/3d4325af-1726-45d2-aa71-33dd9dd108ab does not exist. Creating ...
2022-07-19 02:04:16,420 [s2-impl-thread1] TRACE util.FileUtils (LogUtils.java:runAndLog(49)) - Successfully ran Files.createDirectories /home/runner/work/ratis/ratis/ratis-test/target/test/data/76646f/MiniRaftClusterWithRpcTypeGrpcAndDataStreamTypeNettyc627e763/s2/3d4325af-1726-45d2-aa71-33dd9dd108ab
2022-07-19 02:04:16,422 [s2-impl-thread1] INFO  storage.RaftStorageDirectory (RaftStorageDirectoryImpl.java:tryLock(231)) - Lock on /home/runner/work/ratis/ratis/ratis-test/target/test/data/76646f/MiniRaftClusterWithRpcTypeGrpcAndDataStreamTypeNettyc627e763/s2/3d4325af-1726-45d2-aa71-33dd9dd108ab/in_use.lock acquired by nodename 19741@fv-az199-500.piossgaoozdutex3tpy4bgd4ka.dx.internal.cloudapp.net
2022-07-19 02:04:16,422 [s2-impl-thread1] TRACE util.FileUtils (LogUtils.java:runAndLog(49)) - Successfully ran Files.createDirectories /home/runner/work/ratis/ratis/ratis-test/target/test/data/76646f/MiniRaftClusterWithRpcTypeGrpcAndDataStreamTypeNettyc627e763/s2/3d4325af-1726-45d2-aa71-33dd9dd108ab/current
2022-07-19 02:04:16,422 [s2-impl-thread1] TRACE util.FileUtils (LogUtils.java:runAndLog(49)) - Successfully ran Files.createDirectories /home/runner/work/ratis/ratis/ratis-test/target/test/data/76646f/MiniRaftClusterWithRpcTypeGrpcAndDataStreamTypeNettyc627e763/s2/3d4325af-1726-45d2-aa71-33dd9dd108ab/sm
2022-07-19 02:04:16,424 [s2-impl-thread1] INFO  storage.RaftStorage (RaftStorageImpl.java:format(96)) - Storage directory /home/runner/work/ratis/ratis/ratis-test/target/test/data/76646f/MiniRaftClusterWithRpcTypeGrpcAndDataStreamTypeNettyc627e763/s2/3d4325af-1726-45d2-aa71-33dd9dd108ab has been successfully formatted.
2022-07-19 02:04:16,425 [s2-impl-thread1] INFO  server.RaftServerConfigKeys (ConfUtils.java:logGet(46)) - raft.server.log.use.memory = false (default)
2022-07-19 02:04:16,425 [s2-impl-thread1] INFO  server.RaftServerConfigKeys (ConfUtils.java:logGet(46)) - raft.server.log.purge.gap = 1024 (default)
2022-07-19 02:04:16,425 [s2-impl-thread1] INFO  server.RaftServerConfigKeys (ConfUtils.java:logGet(46)) - raft.server.log.appender.buffer.byte-limit = 4MB (=4194304) (default)
2022-07-19 02:04:16,425 [s2-impl-thread1] INFO  server.RaftServerConfigKeys (ConfUtils.java:logGet(46)) - raft.server.log.statemachine.data.read.timeout = 1000ms (default)
2022-07-19 02:04:16,426 [s2-impl-thread1] INFO  server.RaftServerConfigKeys (ConfUtils.java:logGet(46)) - raft.server.log.segment.size.max = 8MB (=8388608) (default)
2022-07-19 02:04:16,426 [s2-impl-thread1] INFO  server.RaftServerConfigKeys (ConfUtils.java:logGet(46)) - raft.server.log.segment.cache.num.max = 6 (default)
2022-07-19 02:04:16,426 [s2-impl-thread1] INFO  server.RaftServerConfigKeys (ConfUtils.java:logGet(46)) - raft.server.log.segment.cache.size.max = 200MB (=209715200) (default)
2022-07-19 02:04:16,427 [s2-impl-thread1] INFO  segmented.SegmentedRaftLogWorker (SegmentedRaftLogWorker.java:<init>(187)) - new s2@group-33DD9DD108AB-SegmentedRaftLogWorker for RaftStorageImpl:Storage Directory /home/runner/work/ratis/ratis/ratis-test/target/test/data/76646f/MiniRaftClusterWithRpcTypeGrpcAndDataStreamTypeNettyc627e763/s2/3d4325af-1726-45d2-aa71-33dd9dd108ab
2022-07-19 02:04:16,427 [s2-impl-thread1] INFO  server.RaftServerConfigKeys (ConfUtils.java:logGet(46)) - raft.server.log.queue.byte-limit = 64MB (=67108864) (default)
2022-07-19 02:04:16,427 [s2-impl-thread1] INFO  server.RaftServerConfigKeys (ConfUtils.java:logGet(46)) - raft.server.log.queue.element-limit = 4096 (default)
2022-07-19 02:04:16,427 [s2-impl-thread1] INFO  server.RaftServerConfigKeys (ConfUtils.java:logGet(46)) - raft.server.log.segment.size.max = 8MB (=8388608) (default)
2022-07-19 02:04:16,427 [s2-impl-thread1] INFO  server.RaftServerConfigKeys (ConfUtils.java:logGet(46)) - raft.server.log.preallocated.size = 4MB (=4194304) (default)
2022-07-19 02:04:16,428 [s2-impl-thread1] INFO  server.RaftServerConfigKeys (ConfUtils.java:logGet(46)) - raft.server.log.force.sync.num = 128 (default)
2022-07-19 02:04:16,428 [s2-impl-thread1] INFO  server.RaftServerConfigKeys (ConfUtils.java:logGet(46)) - raft.server.log.statemachine.data.sync = true (default)
2022-07-19 02:04:16,428 [s2-impl-thread1] INFO  server.RaftServerConfigKeys (ConfUtils.java:logGet(46)) - raft.server.log.statemachine.data.sync.timeout = 10s (default)
2022-07-19 02:04:16,428 [s2-impl-thread1] INFO  server.RaftServerConfigKeys (ConfUtils.java:logGet(46)) - raft.server.log.statemachine.data.sync.timeout.retry = -1 (default)
2022-07-19 02:04:16,429 [s2-impl-thread1] INFO  server.RaftServerConfigKeys (ConfUtils.java:logGet(46)) - raft.server.log.write.buffer.size = 64KB (=65536) (default)
2022-07-19 02:04:16,429 [s2-impl-thread1] INFO  server.RaftServerConfigKeys (ConfUtils.java:logGet(46)) - raft.server.log.unsafe-flush.enabled = false (default)
2022-07-19 02:04:16,429 [s2-impl-thread1] INFO  server.RaftServerConfigKeys (ConfUtils.java:logGet(46)) - raft.server.log.statemachine.data.caching.enabled = false (default)
2022-07-19 02:04:16,430 [s2-impl-thread1] INFO  segmented.SegmentedRaftLogWorker (SegmentedRaftLogWorker.java:lambda$new$0(135)) - s2@group-33DD9DD108AB-SegmentedRaftLogWorker: flushIndex: setUnconditionally 0 -> -1
2022-07-19 02:04:16,430 [s2-impl-thread1] INFO  segmented.SegmentedRaftLogWorker (SegmentedRaftLogWorker.java:lambda$new$0(135)) - s2@group-33DD9DD108AB-SegmentedRaftLogWorker: safeCacheEvictIndex: setUnconditionally 0 -> -1
2022-07-19 02:04:16,438 [s2-impl-thread1] INFO  server.RaftServer$Division (RaftServerImpl.java:start(314)) - s2@group-33DD9DD108AB: start as a follower, conf=-1: peers:[s0|rpc:localhost:42967|admin:localhost:35399|client:localhost:33207|dataStream:localhost:43161|priority:0|startupRole:FOLLOWER, s1|rpc:localhost:43989|admin:localhost:33969|client:localhost:39579|dataStream:localhost:40179|priority:0|startupRole:FOLLOWER, s2|rpc:localhost:33439|admin:localhost:44687|client:localhost:36505|dataStream:localhost:46481|priority:0|startupRole:FOLLOWER]|listeners:[], old=null
2022-07-19 02:04:16,438 [s2-impl-thread1] INFO  server.RaftServer$Division (RaftServerImpl.java:setRole(301)) - s2@group-33DD9DD108AB: changes role from      null to FOLLOWER at term 0 for startAsFollower
2022-07-19 02:04:16,438 [s2-impl-thread1] INFO  impl.RoleInfo (RoleInfo.java:updateAndGet(139)) - s2: start s2@group-33DD9DD108AB-FollowerState
2022-07-19 02:04:16,442 [s2-impl-thread1] INFO  util.JmxRegister (JmxRegister.java:tryRegister(44)) - Successfully registered JMX Bean with object name Ratis:service=RaftServer,group=group-33DD9DD108AB,id=s2
2022-07-19 02:04:16,443 [s2-impl-thread1] INFO  server.RaftServerConfigKeys (ConfUtils.java:logGet(46)) - raft.server.snapshot.auto.trigger.enabled = false (default)
2022-07-19 02:04:16,443 [s2-impl-thread1] INFO  server.RaftServerConfigKeys (ConfUtils.java:logGet(46)) - raft.server.snapshot.retention.file.num = -1 (default)
2022-07-19 02:04:16,443 [s2-impl-thread1] INFO  server.RaftServerConfigKeys (ConfUtils.java:logGet(46)) - raft.server.log.purge.upto.snapshot.index = false (default)
2022-07-19 02:04:16,455 [Time-limited test] INFO  server.RaftServer (RaftServerProxy.java:startImpl(385)) - s2: start RPC server
2022-07-19 02:04:16,459 [Time-limited test] INFO  server.GrpcService (GrpcService.java:startImpl(260)) - s2: GrpcService started, listening on 36505
2022-07-19 02:04:16,462 [Time-limited test] INFO  server.GrpcService (GrpcService.java:startImpl(260)) - s2: GrpcService started, listening on 33439
2022-07-19 02:04:16,465 [Time-limited test] INFO  server.GrpcService (GrpcService.java:startImpl(260)) - s2: GrpcService started, listening on 44687
2022-07-19 02:04:16,466 [org.apache.ratis.util.JvmPauseMonitor$$Lambda$278/1103347195@2873058e] INFO  util.JvmPauseMonitor (JvmPauseMonitor.java:run(103)) - JvmPauseMonitor-s2: Started
2022-07-19 02:04:16,470 [Time-limited test] INFO  server.RaftServerConfigKeys (ConfUtils.java:logGet(46)) - raft.server.rpc.timeout.max = 300ms (default)
2022-07-19 02:04:16,471 [Time-limited test] INFO  ratis.RaftTestUtil (RaftTestUtil.java:waitForLeader(100)) - printing ALL groups
  s0:  RUNNING  FOLLOWER s0@group-33DD9DD108AB:t0, leader=null, voted=, raftlog=Memoized:s0@group-33DD9DD108AB-SegmentedRaftLog:OPENED:c-1, conf=-1: peers:[s0|rpc:localhost:42967|admin:localhost:35399|client:localhost:33207|dataStream:localhost:43161|priority:0|startupRole:FOLLOWER, s1|rpc:localhost:43989|admin:localhost:33969|client:localhost:39579|dataStream:localhost:40179|priority:0|startupRole:FOLLOWER, s2|rpc:localhost:33439|admin:localhost:44687|client:localhost:36505|dataStream:localhost:46481|priority:0|startupRole:FOLLOWER]|listeners:[], old=null RUNNING
  s1:  RUNNING  FOLLOWER s1@group-33DD9DD108AB:t0, leader=null, voted=, raftlog=Memoized:s1@group-33DD9DD108AB-SegmentedRaftLog:OPENED:c-1, conf=-1: peers:[s0|rpc:localhost:42967|admin:localhost:35399|client:localhost:33207|dataStream:localhost:43161|priority:0|startupRole:FOLLOWER, s1|rpc:localhost:43989|admin:localhost:33969|client:localhost:39579|dataStream:localhost:40179|priority:0|startupRole:FOLLOWER, s2|rpc:localhost:33439|admin:localhost:44687|client:localhost:36505|dataStream:localhost:46481|priority:0|startupRole:FOLLOWER]|listeners:[], old=null RUNNING
  s2:  RUNNING  FOLLOWER s2@group-33DD9DD108AB:t0, leader=null, voted=, raftlog=Memoized:s2@group-33DD9DD108AB-SegmentedRaftLog:OPENED:c-1, conf=-1: peers:[s0|rpc:localhost:42967|admin:localhost:35399|client:localhost:33207|dataStream:localhost:43161|priority:0|startupRole:FOLLOWER, s1|rpc:localhost:43989|admin:localhost:33969|client:localhost:39579|dataStream:localhost:40179|priority:0|startupRole:FOLLOWER, s2|rpc:localhost:33439|admin:localhost:44687|client:localhost:36505|dataStream:localhost:46481|priority:0|startupRole:FOLLOWER]|listeners:[], old=null RUNNING
2022-07-19 02:04:16,471 [Time-limited test] WARN  ratis.RaftTestUtil (JavaUtils.java:attempt(172)) - FAILED "waitForLeader-null-(expectLeader? true)", attempt #1/100: java.lang.IllegalStateException: No leader yet : printing ALL groups
  s0:  RUNNING  FOLLOWER s0@group-33DD9DD108AB:t0, leader=null, voted=, raftlog=Memoized:s0@group-33DD9DD108AB-SegmentedRaftLog:OPENED:c-1, conf=-1: peers:[s0|rpc:localhost:42967|admin:localhost:35399|client:localhost:33207|dataStream:localhost:43161|priority:0|startupRole:FOLLOWER, s1|rpc:localhost:43989|admin:localhost:33969|client:localhost:39579|dataStream:localhost:40179|priority:0|startupRole:FOLLOWER, s2|rpc:localhost:33439|admin:localhost:44687|client:localhost:36505|dataStream:localhost:46481|priority:0|startupRole:FOLLOWER]|listeners:[], old=null RUNNING
  s1:  RUNNING  FOLLOWER s1@group-33DD9DD108AB:t0, leader=null, voted=, raftlog=Memoized:s1@group-33DD9DD108AB-SegmentedRaftLog:OPENED:c-1, conf=-1: peers:[s0|rpc:localhost:42967|admin:localhost:35399|client:localhost:33207|dataStream:localhost:43161|priority:0|startupRole:FOLLOWER, s1|rpc:localhost:43989|admin:localhost:33969|client:localhost:39579|dataStream:localhost:40179|priority:0|startupRole:FOLLOWER, s2|rpc:localhost:33439|admin:localhost:44687|client:localhost:36505|dataStream:localhost:46481|priority:0|startupRole:FOLLOWER]|listeners:[], old=null RUNNING
  s2:  RUNNING  FOLLOWER s2@group-33DD9DD108AB:t0, leader=null, voted=, raftlog=Memoized:s2@group-33DD9DD108AB-SegmentedRaftLog:OPENED:c-1, conf=-1: peers:[s0|rpc:localhost:42967|admin:localhost:35399|client:localhost:33207|dataStream:localhost:43161|priority:0|startupRole:FOLLOWER, s1|rpc:localhost:43989|admin:localhost:33969|client:localhost:39579|dataStream:localhost:40179|priority:0|startupRole:FOLLOWER, s2|rpc:localhost:33439|admin:localhost:44687|client:localhost:36505|dataStream:localhost:46481|priority:0|startupRole:FOLLOWER]|listeners:[], old=null RUNNING, sleep 450ms and then retry.
java.lang.IllegalStateException: No leader yet : printing ALL groups
  s0:  RUNNING  FOLLOWER s0@group-33DD9DD108AB:t0, leader=null, voted=, raftlog=Memoized:s0@group-33DD9DD108AB-SegmentedRaftLog:OPENED:c-1, conf=-1: peers:[s0|rpc:localhost:42967|admin:localhost:35399|client:localhost:33207|dataStream:localhost:43161|priority:0|startupRole:FOLLOWER, s1|rpc:localhost:43989|admin:localhost:33969|client:localhost:39579|dataStream:localhost:40179|priority:0|startupRole:FOLLOWER, s2|rpc:localhost:33439|admin:localhost:44687|client:localhost:36505|dataStream:localhost:46481|priority:0|startupRole:FOLLOWER]|listeners:[], old=null RUNNING
  s1:  RUNNING  FOLLOWER s1@group-33DD9DD108AB:t0, leader=null, voted=, raftlog=Memoized:s1@group-33DD9DD108AB-SegmentedRaftLog:OPENED:c-1, conf=-1: peers:[s0|rpc:localhost:42967|admin:localhost:35399|client:localhost:33207|dataStream:localhost:43161|priority:0|startupRole:FOLLOWER, s1|rpc:localhost:43989|admin:localhost:33969|client:localhost:39579|dataStream:localhost:40179|priority:0|startupRole:FOLLOWER, s2|rpc:localhost:33439|admin:localhost:44687|client:localhost:36505|dataStream:localhost:46481|priority:0|startupRole:FOLLOWER]|listeners:[], old=null RUNNING
  s2:  RUNNING  FOLLOWER s2@group-33DD9DD108AB:t0, leader=null, voted=, raftlog=Memoized:s2@group-33DD9DD108AB-SegmentedRaftLog:OPENED:c-1, conf=-1: peers:[s0|rpc:localhost:42967|admin:localhost:35399|client:localhost:33207|dataStream:localhost:43161|priority:0|startupRole:FOLLOWER, s1|rpc:localhost:43989|admin:localhost:33969|client:localhost:39579|dataStream:localhost:40179|priority:0|startupRole:FOLLOWER, s2|rpc:localhost:33439|admin:localhost:44687|client:localhost:36505|dataStream:localhost:46481|priority:0|startupRole:FOLLOWER]|listeners:[], old=null RUNNING
	at org.apache.ratis.server.impl.MiniRaftCluster.newIllegalStateExceptionForNoLeaders(MiniRaftCluster.java:534)
	at org.apache.ratis.RaftTestUtil.lambda$waitForLeader$1(RaftTestUtil.java:104)
	at org.apache.ratis.server.impl.MiniRaftCluster.getLeader(MiniRaftCluster.java:568)
	at org.apache.ratis.server.impl.MiniRaftCluster.getLeader(MiniRaftCluster.java:561)
	at org.apache.ratis.RaftTestUtil.lambda$waitForLeader$3(RaftTestUtil.java:112)
	at org.apache.ratis.util.JavaUtils.attempt(JavaUtils.java:166)
	at org.apache.ratis.util.JavaUtils.attemptRepeatedly(JavaUtils.java:152)
	at org.apache.ratis.RaftTestUtil.waitForLeader(RaftTestUtil.java:111)
	at org.apache.ratis.RaftTestUtil.waitForLeader(RaftTestUtil.java:92)
	at org.apache.ratis.RaftTestUtil.waitForLeader(RaftTestUtil.java:87)
	at org.apache.ratis.datastream.DataStreamAsyncClusterTests.runTestDataStream(DataStreamAsyncClusterTests.java:90)
	at org.apache.ratis.datastream.DataStreamAsyncClusterTests.runTestDataStreamStepDownLeader(DataStreamAsyncClusterTests.java:82)
	at org.apache.ratis.server.impl.MiniRaftCluster$Factory$Get.runWithNewCluster(MiniRaftCluster.java:125)
	at org.apache.ratis.server.impl.MiniRaftCluster$Factory$Get.runWithNewCluster(MiniRaftCluster.java:113)
	at org.apache.ratis.datastream.DataStreamAsyncClusterTests.testMultipleStreamsMultipleServersStepDownLeader(DataStreamAsyncClusterTests.java:78)
	at sun.reflect.NativeMethodAccessorImpl.invoke0(Native Method)
	at sun.reflect.NativeMethodAccessorImpl.invoke(NativeMethodAccessorImpl.java:62)
	at sun.reflect.DelegatingMethodAccessorImpl.invoke(DelegatingMethodAccessorImpl.java:43)
	at java.lang.reflect.Method.invoke(Method.java:498)
	at org.junit.runners.model.FrameworkMethod$1.runReflectiveCall(FrameworkMethod.java:59)
	at org.junit.internal.runners.model.ReflectiveCallable.run(ReflectiveCallable.java:12)
	at org.junit.runners.model.FrameworkMethod.invokeExplosively(FrameworkMethod.java:56)
	at org.junit.internal.runners.statements.InvokeMethod.evaluate(InvokeMethod.java:17)
	at org.junit.internal.runners.statements.RunAfters.evaluate(RunAfters.java:27)
	at org.junit.internal.runners.statements.FailOnTimeout$CallableStatement.call(FailOnTimeout.java:299)
	at org.junit.internal.runners.statements.FailOnTimeout$CallableStatement.call(FailOnTimeout.java:293)
	at java.util.concurrent.FutureTask.run(FutureTask.java:266)
	at java.lang.Thread.run(Thread.java:750)
2022-07-19 02:04:16,543 [s0@group-33DD9DD108AB-FollowerState] INFO  impl.FollowerState (FollowerState.java:run(143)) - s0@group-33DD9DD108AB-FollowerState: change to CANDIDATE, lastRpcElapsedTime:174662952ns, electionTimeout:173ms
2022-07-19 02:04:16,545 [s0@group-33DD9DD108AB-FollowerState] INFO  impl.RoleInfo (RoleInfo.java:shutdownFollowerState(110)) - s0: shutdown s0@group-33DD9DD108AB-FollowerState
2022-07-19 02:04:16,545 [s0@group-33DD9DD108AB-FollowerState] INFO  server.RaftServer$Division (RaftServerImpl.java:setRole(301)) - s0@group-33DD9DD108AB: changes role from  FOLLOWER to CANDIDATE at term 0 for changeToCandidate
2022-07-19 02:04:16,545 [s0@group-33DD9DD108AB-FollowerState] INFO  server.RaftServerConfigKeys (ConfUtils.java:logGet(46)) - raft.server.leaderelection.pre-vote = true (default)
2022-07-19 02:04:16,545 [s0@group-33DD9DD108AB-FollowerState] INFO  impl.RoleInfo (RoleInfo.java:updateAndGet(139)) - s0: start s0@group-33DD9DD108AB-LeaderElection3
2022-07-19 02:04:16,553 [s0@group-33DD9DD108AB-LeaderElection3] INFO  impl.LeaderElection (LeaderElection.java:askForVotes(310)) - s0@group-33DD9DD108AB-LeaderElection3 PRE_VOTE round 0: submit vote requests at term 0 for -1: peers:[s0|rpc:localhost:42967|admin:localhost:35399|client:localhost:33207|dataStream:localhost:43161|priority:0|startupRole:FOLLOWER, s1|rpc:localhost:43989|admin:localhost:33969|client:localhost:39579|dataStream:localhost:40179|priority:0|startupRole:FOLLOWER, s2|rpc:localhost:33439|admin:localhost:44687|client:localhost:36505|dataStream:localhost:46481|priority:0|startupRole:FOLLOWER]|listeners:[], old=null
2022-07-19 02:04:16,565 [grpc-default-executor-1] INFO  server.RaftServer$Division (RaftServerImpl.java:requestVote(1197)) - s2@group-33DD9DD108AB: receive requestVote(PRE_VOTE, s0, group-33DD9DD108AB, 0, (t:0, i:0))
2022-07-19 02:04:16,565 [grpc-default-executor-1] INFO  impl.VoteContext (VoteContext.java:log(48)) - s2@group-33DD9DD108AB-FOLLOWER: accept PRE_VOTE from s0: our priority 0 <= candidate's priority 0
2022-07-19 02:04:16,565 [grpc-default-executor-1] INFO  server.RaftServer$Division (RaftServerImpl.java:requestVote(1230)) - s2@group-33DD9DD108AB replies to PRE_VOTE vote request: s0<-s2#0:OK-t0. Peer's state: s2@group-33DD9DD108AB:t0, leader=null, voted=, raftlog=Memoized:s2@group-33DD9DD108AB-SegmentedRaftLog:OPENED:c-1, conf=-1: peers:[s0|rpc:localhost:42967|admin:localhost:35399|client:localhost:33207|dataStream:localhost:43161|priority:0|startupRole:FOLLOWER, s1|rpc:localhost:43989|admin:localhost:33969|client:localhost:39579|dataStream:localhost:40179|priority:0|startupRole:FOLLOWER, s2|rpc:localhost:33439|admin:localhost:44687|client:localhost:36505|dataStream:localhost:46481|priority:0|startupRole:FOLLOWER]|listeners:[], old=null
2022-07-19 02:04:16,567 [s0@group-33DD9DD108AB-LeaderElection3] INFO  impl.LeaderElection (LeaderElection.java:logAndReturn(90)) - s0@group-33DD9DD108AB-LeaderElection3: PRE_VOTE PASSED received 1 response(s) and 0 exception(s):
2022-07-19 02:04:16,568 [s0@group-33DD9DD108AB-LeaderElection3] INFO  impl.LeaderElection (LeaderElection.java:logAndReturn(94)) -   Response 0: s0<-s2#0:OK-t0
2022-07-19 02:04:16,568 [s0@group-33DD9DD108AB-LeaderElection3] INFO  impl.LeaderElection (LeaderElection.java:askForVotes(312)) - s0@group-33DD9DD108AB-LeaderElection3 PRE_VOTE round 0: result PASSED
2022-07-19 02:04:16,570 [s0@group-33DD9DD108AB-LeaderElection3] INFO  impl.LeaderElection (LeaderElection.java:askForVotes(310)) - s0@group-33DD9DD108AB-LeaderElection3 ELECTION round 0: submit vote requests at term 1 for -1: peers:[s0|rpc:localhost:42967|admin:localhost:35399|client:localhost:33207|dataStream:localhost:43161|priority:0|startupRole:FOLLOWER, s1|rpc:localhost:43989|admin:localhost:33969|client:localhost:39579|dataStream:localhost:40179|priority:0|startupRole:FOLLOWER, s2|rpc:localhost:33439|admin:localhost:44687|client:localhost:36505|dataStream:localhost:46481|priority:0|startupRole:FOLLOWER]|listeners:[], old=null
2022-07-19 02:04:16,575 [grpc-default-executor-1] INFO  server.RaftServer$Division (RaftServerImpl.java:requestVote(1197)) - s1@group-33DD9DD108AB: receive requestVote(PRE_VOTE, s0, group-33DD9DD108AB, 0, (t:0, i:0))
2022-07-19 02:04:16,578 [grpc-default-executor-1] INFO  impl.VoteContext (VoteContext.java:log(48)) - s1@group-33DD9DD108AB-FOLLOWER: accept PRE_VOTE from s0: our priority 0 <= candidate's priority 0
2022-07-19 02:04:16,577 [grpc-default-executor-15] INFO  server.RaftServer$Division (RaftServerImpl.java:requestVote(1197)) - s1@group-33DD9DD108AB: receive requestVote(ELECTION, s0, group-33DD9DD108AB, 1, (t:0, i:0))
2022-07-19 02:04:16,584 [grpc-default-executor-2] INFO  server.RaftServer$Division (RaftServerImpl.java:requestVote(1197)) - s2@group-33DD9DD108AB: receive requestVote(ELECTION, s0, group-33DD9DD108AB, 1, (t:0, i:0))
2022-07-19 02:04:16,584 [grpc-default-executor-1] INFO  server.RaftServer$Division (RaftServerImpl.java:requestVote(1230)) - s1@group-33DD9DD108AB replies to PRE_VOTE vote request: s0<-s1#0:OK-t0. Peer's state: s1@group-33DD9DD108AB:t0, leader=null, voted=, raftlog=Memoized:s1@group-33DD9DD108AB-SegmentedRaftLog:OPENED:c-1, conf=-1: peers:[s0|rpc:localhost:42967|admin:localhost:35399|client:localhost:33207|dataStream:localhost:43161|priority:0|startupRole:FOLLOWER, s1|rpc:localhost:43989|admin:localhost:33969|client:localhost:39579|dataStream:localhost:40179|priority:0|startupRole:FOLLOWER, s2|rpc:localhost:33439|admin:localhost:44687|client:localhost:36505|dataStream:localhost:46481|priority:0|startupRole:FOLLOWER]|listeners:[], old=null
2022-07-19 02:04:16,584 [grpc-default-executor-15] INFO  impl.VoteContext (VoteContext.java:log(48)) - s1@group-33DD9DD108AB-FOLLOWER: accept ELECTION from s0: our priority 0 <= candidate's priority 0
2022-07-19 02:04:16,584 [grpc-default-executor-15] INFO  server.RaftServer$Division (RaftServerImpl.java:setRole(301)) - s1@group-33DD9DD108AB: changes role from  FOLLOWER to FOLLOWER at term 1 for candidate:s0
2022-07-19 02:04:16,585 [grpc-default-executor-15] INFO  impl.RoleInfo (RoleInfo.java:shutdownFollowerState(110)) - s1: shutdown s1@group-33DD9DD108AB-FollowerState
2022-07-19 02:04:16,585 [grpc-default-executor-15] INFO  impl.RoleInfo (RoleInfo.java:updateAndGet(139)) - s1: start s1@group-33DD9DD108AB-FollowerState
2022-07-19 02:04:16,585 [s1@group-33DD9DD108AB-FollowerState] INFO  impl.FollowerState (FollowerState.java:run(152)) - s1@group-33DD9DD108AB-FollowerState was interrupted
2022-07-19 02:04:16,595 [grpc-default-executor-2] INFO  impl.VoteContext (VoteContext.java:log(48)) - s2@group-33DD9DD108AB-FOLLOWER: accept ELECTION from s0: our priority 0 <= candidate's priority 0
2022-07-19 02:04:16,595 [grpc-default-executor-2] INFO  server.RaftServer$Division (RaftServerImpl.java:setRole(301)) - s2@group-33DD9DD108AB: changes role from  FOLLOWER to FOLLOWER at term 1 for candidate:s0
2022-07-19 02:04:16,595 [grpc-default-executor-2] INFO  impl.RoleInfo (RoleInfo.java:shutdownFollowerState(110)) - s2: shutdown s2@group-33DD9DD108AB-FollowerState
2022-07-19 02:04:16,595 [grpc-default-executor-2] INFO  impl.RoleInfo (RoleInfo.java:updateAndGet(139)) - s2: start s2@group-33DD9DD108AB-FollowerState
2022-07-19 02:04:16,595 [s2@group-33DD9DD108AB-FollowerState] INFO  impl.FollowerState (FollowerState.java:run(152)) - s2@group-33DD9DD108AB-FollowerState was interrupted
2022-07-19 02:04:16,596 [grpc-default-executor-15] INFO  server.RaftServer$Division (RaftServerImpl.java:requestVote(1230)) - s1@group-33DD9DD108AB replies to ELECTION vote request: s0<-s1#0:OK-t1. Peer's state: s1@group-33DD9DD108AB:t1, leader=null, voted=s0, raftlog=Memoized:s1@group-33DD9DD108AB-SegmentedRaftLog:OPENED:c-1, conf=-1: peers:[s0|rpc:localhost:42967|admin:localhost:35399|client:localhost:33207|dataStream:localhost:43161|priority:0|startupRole:FOLLOWER, s1|rpc:localhost:43989|admin:localhost:33969|client:localhost:39579|dataStream:localhost:40179|priority:0|startupRole:FOLLOWER, s2|rpc:localhost:33439|admin:localhost:44687|client:localhost:36505|dataStream:localhost:46481|priority:0|startupRole:FOLLOWER]|listeners:[], old=null
2022-07-19 02:04:16,598 [grpc-default-executor-2] INFO  server.RaftServer$Division (RaftServerImpl.java:requestVote(1230)) - s2@group-33DD9DD108AB replies to ELECTION vote request: s0<-s2#0:OK-t1. Peer's state: s2@group-33DD9DD108AB:t1, leader=null, voted=s0, raftlog=Memoized:s2@group-33DD9DD108AB-SegmentedRaftLog:OPENED:c-1, conf=-1: peers:[s0|rpc:localhost:42967|admin:localhost:35399|client:localhost:33207|dataStream:localhost:43161|priority:0|startupRole:FOLLOWER, s1|rpc:localhost:43989|admin:localhost:33969|client:localhost:39579|dataStream:localhost:40179|priority:0|startupRole:FOLLOWER, s2|rpc:localhost:33439|admin:localhost:44687|client:localhost:36505|dataStream:localhost:46481|priority:0|startupRole:FOLLOWER]|listeners:[], old=null
2022-07-19 02:04:16,599 [s0@group-33DD9DD108AB-LeaderElection3] INFO  impl.LeaderElection (LeaderElection.java:logAndReturn(90)) - s0@group-33DD9DD108AB-LeaderElection3: ELECTION PASSED received 1 response(s) and 0 exception(s):
2022-07-19 02:04:16,600 [s0@group-33DD9DD108AB-LeaderElection3] INFO  impl.LeaderElection (LeaderElection.java:logAndReturn(94)) -   Response 0: s0<-s1#0:OK-t1
2022-07-19 02:04:16,600 [s0@group-33DD9DD108AB-LeaderElection3] INFO  impl.LeaderElection (LeaderElection.java:askForVotes(312)) - s0@group-33DD9DD108AB-LeaderElection3 ELECTION round 0: result PASSED
2022-07-19 02:04:16,600 [s0@group-33DD9DD108AB-LeaderElection3] INFO  impl.RoleInfo (RoleInfo.java:shutdownLeaderElection(130)) - s0: shutdown s0@group-33DD9DD108AB-LeaderElection3
2022-07-19 02:04:16,600 [s0@group-33DD9DD108AB-LeaderElection3] INFO  server.RaftServer$Division (RaftServerImpl.java:setRole(301)) - s0@group-33DD9DD108AB: changes role from CANDIDATE to LEADER at term 1 for changeToLeader
2022-07-19 02:04:16,600 [s0@group-33DD9DD108AB-LeaderElection3] INFO  server.RaftServer$Division (ServerState.java:setLeader(313)) - s0@group-33DD9DD108AB: change Leader from null to s0 at term 1 for becomeLeader, leader elected after 272ms
2022-07-19 02:04:16,600 [s0@group-33DD9DD108AB-LeaderElection3] INFO  server.RaftServerConfigKeys (ConfUtils.java:logGet(46)) - raft.server.staging.catchup.gap = 1000 (default)
2022-07-19 02:04:16,601 [s0@group-33DD9DD108AB-LeaderElection3] INFO  server.RaftServerConfigKeys (ConfUtils.java:logGet(46)) - raft.server.write.element-limit = 4096 (default)
2022-07-19 02:04:16,601 [s0@group-33DD9DD108AB-LeaderElection3] INFO  server.RaftServerConfigKeys (ConfUtils.java:logGet(46)) - raft.server.write.byte-limit = 64MB (=67108864) (default)
2022-07-19 02:04:16,601 [s0@group-33DD9DD108AB-LeaderElection3] INFO  server.RaftServerConfigKeys (ConfUtils.java:logGet(46)) - raft.server.watch.timeout = 10s (default)
2022-07-19 02:04:16,601 [s0@group-33DD9DD108AB-LeaderElection3] INFO  server.RaftServerConfigKeys (ConfUtils.java:logGet(46)) - raft.server.watch.timeout.denomination = 1s (default)
2022-07-19 02:04:16,601 [s0@group-33DD9DD108AB-LeaderElection3] INFO  server.RaftServerConfigKeys (ConfUtils.java:logGet(46)) - raft.server.watch.element-limit = 65536 (default)
2022-07-19 02:04:16,601 [s0@group-33DD9DD108AB-LeaderElection3] INFO  server.RaftServerConfigKeys (ConfUtils.java:logGet(46)) - raft.server.write.element-limit = 4096 (default)
2022-07-19 02:04:16,601 [s0@group-33DD9DD108AB-LeaderElection3] INFO  server.RaftServerConfigKeys (ConfUtils.java:logGet(46)) - raft.server.write.follower.gap.ratio.max = -1.0 (default)
2022-07-19 02:04:16,602 [s0@group-33DD9DD108AB-LeaderElection3] INFO  server.RaftServerConfigKeys (ConfUtils.java:logGet(46)) - raft.server.log.appender.snapshot.chunk.size.max = 16MB (=16777216) (default)
2022-07-19 02:04:16,602 [s0@group-33DD9DD108AB-LeaderElection3] INFO  server.RaftServerConfigKeys (ConfUtils.java:logGet(46)) - raft.server.log.appender.buffer.byte-limit = 4MB (=4194304) (default)
2022-07-19 02:04:16,602 [s0@group-33DD9DD108AB-LeaderElection3] INFO  server.RaftServerConfigKeys (ConfUtils.java:logGet(46)) - raft.server.log.appender.buffer.element-limit = 0 (default)
2022-07-19 02:04:16,602 [s0@group-33DD9DD108AB-LeaderElection3] INFO  grpc.GrpcConfigKeys (ConfUtils.java:logGet(46)) - raft.grpc.server.leader.outstanding.appends.max = 128 (default)
2022-07-19 02:04:16,602 [s0@group-33DD9DD108AB-LeaderElection3] INFO  server.RaftServerConfigKeys (ConfUtils.java:logGet(46)) - raft.server.rpc.request.timeout = 3000ms (default)
2022-07-19 02:04:16,602 [s0@group-33DD9DD108AB-LeaderElection3] INFO  server.RaftServerConfigKeys (ConfUtils.java:logGet(46)) - raft.server.log.appender.install.snapshot.enabled = true (default)
2022-07-19 02:04:16,603 [s0@group-33DD9DD108AB-LeaderElection3] INFO  server.RaftServerConfigKeys (ConfUtils.java:logGet(46)) - raft.server.log.appender.snapshot.chunk.size.max = 16MB (=16777216) (default)
2022-07-19 02:04:16,603 [s0@group-33DD9DD108AB-LeaderElection3] INFO  server.RaftServerConfigKeys (ConfUtils.java:logGet(46)) - raft.server.log.appender.buffer.byte-limit = 4MB (=4194304) (default)
2022-07-19 02:04:16,603 [s0@group-33DD9DD108AB-LeaderElection3] INFO  server.RaftServerConfigKeys (ConfUtils.java:logGet(46)) - raft.server.log.appender.buffer.element-limit = 0 (default)
2022-07-19 02:04:16,603 [s0@group-33DD9DD108AB-LeaderElection3] INFO  grpc.GrpcConfigKeys (ConfUtils.java:logGet(46)) - raft.grpc.server.leader.outstanding.appends.max = 128 (default)
2022-07-19 02:04:16,603 [s0@group-33DD9DD108AB-LeaderElection3] INFO  server.RaftServerConfigKeys (ConfUtils.java:logGet(46)) - raft.server.rpc.request.timeout = 3000ms (default)
2022-07-19 02:04:16,603 [s0@group-33DD9DD108AB-LeaderElection3] INFO  server.RaftServerConfigKeys (ConfUtils.java:logGet(46)) - raft.server.log.appender.install.snapshot.enabled = true (default)
2022-07-19 02:04:16,604 [s0@group-33DD9DD108AB-LeaderElection3] INFO  impl.RoleInfo (RoleInfo.java:updateAndGet(139)) - s0: start s0@group-33DD9DD108AB-LeaderStateImpl
2022-07-19 02:04:16,604 [s0@group-33DD9DD108AB-LeaderElection3] INFO  segmented.SegmentedRaftLogWorker (SegmentedRaftLogWorker.java:startLogSegment(425)) - s0@group-33DD9DD108AB-SegmentedRaftLogWorker: Starting segment from index:0
2022-07-19 02:04:16,611 [s0@group-33DD9DD108AB-LeaderElection3] INFO  server.RaftServer$Division (ServerState.java:setRaftConf(429)) - s0@group-33DD9DD108AB: set configuration 0: peers:[s0|rpc:localhost:42967|admin:localhost:35399|client:localhost:33207|dataStream:localhost:43161|priority:0|startupRole:FOLLOWER, s1|rpc:localhost:43989|admin:localhost:33969|client:localhost:39579|dataStream:localhost:40179|priority:0|startupRole:FOLLOWER, s2|rpc:localhost:33439|admin:localhost:44687|client:localhost:36505|dataStream:localhost:46481|priority:0|startupRole:FOLLOWER]|listeners:[], old=null
2022-07-19 02:04:16,623 [s1-server-thread1] INFO  server.RaftServer$Division (ServerState.java:setLeader(313)) - s1@group-33DD9DD108AB: change Leader from null to s0 at term 1 for appendEntries, leader elected after 279ms
2022-07-19 02:04:16,631 [s0@group-33DD9DD108AB-SegmentedRaftLogWorker] INFO  segmented.SegmentedRaftLogWorker (SegmentedRaftLogWorker.java:execute(629)) - s0@group-33DD9DD108AB-SegmentedRaftLogWorker: created new log segment /home/runner/work/ratis/ratis/ratis-test/target/test/data/76646f/MiniRaftClusterWithRpcTypeGrpcAndDataStreamTypeNettyc627e763/s0/3d4325af-1726-45d2-aa71-33dd9dd108ab/current/log_inprogress_0
2022-07-19 02:04:16,635 [s1-server-thread1] INFO  server.RaftServer$Division (ServerState.java:setRaftConf(429)) - s1@group-33DD9DD108AB: set configuration 0: peers:[s0|rpc:localhost:42967|admin:localhost:35399|client:localhost:33207|dataStream:localhost:43161|priority:0|startupRole:FOLLOWER, s1|rpc:localhost:43989|admin:localhost:33969|client:localhost:39579|dataStream:localhost:40179|priority:0|startupRole:FOLLOWER, s2|rpc:localhost:33439|admin:localhost:44687|client:localhost:36505|dataStream:localhost:46481|priority:0|startupRole:FOLLOWER]|listeners:[], old=null
2022-07-19 02:04:16,635 [s1-server-thread1] INFO  segmented.SegmentedRaftLogWorker (SegmentedRaftLogWorker.java:startLogSegment(425)) - s1@group-33DD9DD108AB-SegmentedRaftLogWorker: Starting segment from index:0
2022-07-19 02:04:16,640 [s2-server-thread1] INFO  server.RaftServer$Division (ServerState.java:setLeader(313)) - s2@group-33DD9DD108AB: change Leader from null to s0 at term 1 for appendEntries, leader elected after 283ms
2022-07-19 02:04:16,647 [s2-server-thread1] INFO  server.RaftServer$Division (ServerState.java:setRaftConf(429)) - s2@group-33DD9DD108AB: set configuration 0: peers:[s0|rpc:localhost:42967|admin:localhost:35399|client:localhost:33207|dataStream:localhost:43161|priority:0|startupRole:FOLLOWER, s1|rpc:localhost:43989|admin:localhost:33969|client:localhost:39579|dataStream:localhost:40179|priority:0|startupRole:FOLLOWER, s2|rpc:localhost:33439|admin:localhost:44687|client:localhost:36505|dataStream:localhost:46481|priority:0|startupRole:FOLLOWER]|listeners:[], old=null
2022-07-19 02:04:16,647 [s2-server-thread1] INFO  segmented.SegmentedRaftLogWorker (SegmentedRaftLogWorker.java:startLogSegment(425)) - s2@group-33DD9DD108AB-SegmentedRaftLogWorker: Starting segment from index:0
2022-07-19 02:04:16,658 [s2@group-33DD9DD108AB-SegmentedRaftLogWorker] INFO  segmented.SegmentedRaftLogWorker (SegmentedRaftLogWorker.java:execute(629)) - s2@group-33DD9DD108AB-SegmentedRaftLogWorker: created new log segment /home/runner/work/ratis/ratis/ratis-test/target/test/data/76646f/MiniRaftClusterWithRpcTypeGrpcAndDataStreamTypeNettyc627e763/s2/3d4325af-1726-45d2-aa71-33dd9dd108ab/current/log_inprogress_0
2022-07-19 02:04:16,661 [s1@group-33DD9DD108AB-SegmentedRaftLogWorker] INFO  segmented.SegmentedRaftLogWorker (SegmentedRaftLogWorker.java:execute(629)) - s1@group-33DD9DD108AB-SegmentedRaftLogWorker: created new log segment /home/runner/work/ratis/ratis/ratis-test/target/test/data/76646f/MiniRaftClusterWithRpcTypeGrpcAndDataStreamTypeNettyc627e763/s1/3d4325af-1726-45d2-aa71-33dd9dd108ab/current/log_inprogress_0
2022-07-19 02:04:16,922 [Time-limited test] INFO  ratis.RaftTestUtil (RaftTestUtil.java:waitForLeader(119)) - printing ALL groups
  s0:  RUNNING    LEADER s0@group-33DD9DD108AB:t1, leader=s0, voted=s0, raftlog=Memoized:s0@group-33DD9DD108AB-SegmentedRaftLog:OPENED:c0, conf=0: peers:[s0|rpc:localhost:42967|admin:localhost:35399|client:localhost:33207|dataStream:localhost:43161|priority:0|startupRole:FOLLOWER, s1|rpc:localhost:43989|admin:localhost:33969|client:localhost:39579|dataStream:localhost:40179|priority:0|startupRole:FOLLOWER, s2|rpc:localhost:33439|admin:localhost:44687|client:localhost:36505|dataStream:localhost:46481|priority:0|startupRole:FOLLOWER]|listeners:[], old=null RUNNING
  s1:  RUNNING  FOLLOWER s1@group-33DD9DD108AB:t1, leader=s0, voted=s0, raftlog=Memoized:s1@group-33DD9DD108AB-SegmentedRaftLog:OPENED:c0, conf=0: peers:[s0|rpc:localhost:42967|admin:localhost:35399|client:localhost:33207|dataStream:localhost:43161|priority:0|startupRole:FOLLOWER, s1|rpc:localhost:43989|admin:localhost:33969|client:localhost:39579|dataStream:localhost:40179|priority:0|startupRole:FOLLOWER, s2|rpc:localhost:33439|admin:localhost:44687|client:localhost:36505|dataStream:localhost:46481|priority:0|startupRole:FOLLOWER]|listeners:[], old=null RUNNING
  s2:  RUNNING  FOLLOWER s2@group-33DD9DD108AB:t1, leader=s0, voted=s0, raftlog=Memoized:s2@group-33DD9DD108AB-SegmentedRaftLog:OPENED:c0, conf=0: peers:[s0|rpc:localhost:42967|admin:localhost:35399|client:localhost:33207|dataStream:localhost:43161|priority:0|startupRole:FOLLOWER, s1|rpc:localhost:43989|admin:localhost:33969|client:localhost:39579|dataStream:localhost:40179|priority:0|startupRole:FOLLOWER, s2|rpc:localhost:33439|admin:localhost:44687|client:localhost:36505|dataStream:localhost:46481|priority:0|startupRole:FOLLOWER]|listeners:[], old=null RUNNING
2022-07-19 02:04:16,923 [pool-9-thread-3] INFO  server.RaftServerConfigKeys (ConfUtils.java:logGet(46)) - raft.server.rpc.timeout.max = 300ms (default)
2022-07-19 02:04:16,924 [pool-9-thread-5] INFO  server.RaftServerConfigKeys (ConfUtils.java:logGet(46)) - raft.server.rpc.timeout.max = 300ms (default)
2022-07-19 02:04:16,930 [pool-9-thread-7] INFO  server.RaftServerConfigKeys (ConfUtils.java:logGet(46)) - raft.server.rpc.timeout.max = 300ms (default)
2022-07-19 02:04:16,930 [pool-9-thread-4] INFO  server.RaftServerConfigKeys (ConfUtils.java:logGet(46)) - raft.server.rpc.timeout.max = 300ms (default)
2022-07-19 02:04:16,937 [pool-9-thread-6] INFO  server.RaftServerConfigKeys (ConfUtils.java:logGet(46)) - raft.server.rpc.timeout.max = 300ms (default)
2022-07-19 02:04:16,937 [pool-9-thread-9] INFO  server.RaftServerConfigKeys (ConfUtils.java:logGet(46)) - raft.server.rpc.timeout.max = 300ms (default)
2022-07-19 02:04:16,937 [pool-9-thread-8] INFO  server.RaftServerConfigKeys (ConfUtils.java:logGet(46)) - raft.server.rpc.timeout.max = 300ms (default)
2022-07-19 02:04:16,949 [pool-9-thread-3] INFO  ratis.RaftTestUtil (RaftTestUtil.java:waitForLeader(100)) - printing ALL groups
  s0:  RUNNING    LEADER s0@group-33DD9DD108AB:t1, leader=s0, voted=s0, raftlog=Memoized:s0@group-33DD9DD108AB-SegmentedRaftLog:OPENED:c0, conf=0: peers:[s0|rpc:localhost:42967|admin:localhost:35399|client:localhost:33207|dataStream:localhost:43161|priority:0|startupRole:FOLLOWER, s1|rpc:localhost:43989|admin:localhost:33969|client:localhost:39579|dataStream:localhost:40179|priority:0|startupRole:FOLLOWER, s2|rpc:localhost:33439|admin:localhost:44687|client:localhost:36505|dataStream:localhost:46481|priority:0|startupRole:FOLLOWER]|listeners:[], old=null RUNNING
  s1:  RUNNING  FOLLOWER s1@group-33DD9DD108AB:t1, leader=s0, voted=s0, raftlog=Memoized:s1@group-33DD9DD108AB-SegmentedRaftLog:OPENED:c0, conf=0: peers:[s0|rpc:localhost:42967|admin:localhost:35399|client:localhost:33207|dataStream:localhost:43161|priority:0|startupRole:FOLLOWER, s1|rpc:localhost:43989|admin:localhost:33969|client:localhost:39579|dataStream:localhost:40179|priority:0|startupRole:FOLLOWER, s2|rpc:localhost:33439|admin:localhost:44687|client:localhost:36505|dataStream:localhost:46481|priority:0|startupRole:FOLLOWER]|listeners:[], old=null RUNNING
  s2:  RUNNING  FOLLOWER s2@group-33DD9DD108AB:t1, leader=s0, voted=s0, raftlog=Memoized:s2@group-33DD9DD108AB-SegmentedRaftLog:OPENED:c0, conf=0: peers:[s0|rpc:localhost:42967|admin:localhost:35399|client:localhost:33207|dataStream:localhost:43161|priority:0|startupRole:FOLLOWER, s1|rpc:localhost:43989|admin:localhost:33969|client:localhost:39579|dataStream:localhost:40179|priority:0|startupRole:FOLLOWER, s2|rpc:localhost:33439|admin:localhost:44687|client:localhost:36505|dataStream:localhost:46481|priority:0|startupRole:FOLLOWER]|listeners:[], old=null RUNNING
2022-07-19 02:04:16,949 [pool-9-thread-3] INFO  ratis.RaftTestUtil (RaftTestUtil.java:waitForLeader(119)) - printing ALL groups
  s0:  RUNNING    LEADER s0@group-33DD9DD108AB:t1, leader=s0, voted=s0, raftlog=Memoized:s0@group-33DD9DD108AB-SegmentedRaftLog:OPENED:c0, conf=0: peers:[s0|rpc:localhost:42967|admin:localhost:35399|client:localhost:33207|dataStream:localhost:43161|priority:0|startupRole:FOLLOWER, s1|rpc:localhost:43989|admin:localhost:33969|client:localhost:39579|dataStream:localhost:40179|priority:0|startupRole:FOLLOWER, s2|rpc:localhost:33439|admin:localhost:44687|client:localhost:36505|dataStream:localhost:46481|priority:0|startupRole:FOLLOWER]|listeners:[], old=null RUNNING
  s1:  RUNNING  FOLLOWER s1@group-33DD9DD108AB:t1, leader=s0, voted=s0, raftlog=Memoized:s1@group-33DD9DD108AB-SegmentedRaftLog:OPENED:c0, conf=0: peers:[s0|rpc:localhost:42967|admin:localhost:35399|client:localhost:33207|dataStream:localhost:43161|priority:0|startupRole:FOLLOWER, s1|rpc:localhost:43989|admin:localhost:33969|client:localhost:39579|dataStream:localhost:40179|priority:0|startupRole:FOLLOWER, s2|rpc:localhost:33439|admin:localhost:44687|client:localhost:36505|dataStream:localhost:46481|priority:0|startupRole:FOLLOWER]|listeners:[], old=null RUNNING
  s2:  RUNNING  FOLLOWER s2@group-33DD9DD108AB:t1, leader=s0, voted=s0, raftlog=Memoized:s2@group-33DD9DD108AB-SegmentedRaftLog:OPENED:c0, conf=0: peers:[s0|rpc:localhost:42967|admin:localhost:35399|client:localhost:33207|dataStream:localhost:43161|priority:0|startupRole:FOLLOWER, s1|rpc:localhost:43989|admin:localhost:33969|client:localhost:39579|dataStream:localhost:40179|priority:0|startupRole:FOLLOWER, s2|rpc:localhost:33439|admin:localhost:44687|client:localhost:36505|dataStream:localhost:46481|priority:0|startupRole:FOLLOWER]|listeners:[], old=null RUNNING
2022-07-19 02:04:16,950 [pool-9-thread-3] INFO  client.DataStreamClient (ConfUtils.java:logGet(46)) - raft.datastream.type = NETTY (custom)
2022-07-19 02:04:16,950 [pool-9-thread-3] INFO  netty.NettyConfigKeys$DataStream (ConfUtils.java:logGet(46)) - raft.netty.dataStream.client.tls.conf = null (default)
2022-07-19 02:04:16,950 [pool-9-thread-3] INFO  netty.NettyConfigKeys$DataStream (ConfUtils.java:logGet(46)) - raft.netty.dataStream.client.reply.queue.grace-period = 1s (default)
2022-07-19 02:04:16,950 [pool-9-thread-3] INFO  netty.NettyConfigKeys$DataStream (ConfUtils.java:logGet(46)) - raft.netty.dataStream.client.worker-group.share = false (default)
2022-07-19 02:04:16,950 [pool-9-thread-3] INFO  netty.NettyConfigKeys$DataStream (ConfUtils.java:logGet(46)) - raft.netty.dataStream.client.worker-group.size = 4 (default)
2022-07-19 02:04:16,950 [pool-9-thread-8] INFO  ratis.RaftTestUtil (RaftTestUtil.java:waitForLeader(100)) - printing ALL groups
  s0:  RUNNING    LEADER s0@group-33DD9DD108AB:t1, leader=s0, voted=s0, raftlog=Memoized:s0@group-33DD9DD108AB-SegmentedRaftLog:OPENED:c0, conf=0: peers:[s0|rpc:localhost:42967|admin:localhost:35399|client:localhost:33207|dataStream:localhost:43161|priority:0|startupRole:FOLLOWER, s1|rpc:localhost:43989|admin:localhost:33969|client:localhost:39579|dataStream:localhost:40179|priority:0|startupRole:FOLLOWER, s2|rpc:localhost:33439|admin:localhost:44687|client:localhost:36505|dataStream:localhost:46481|priority:0|startupRole:FOLLOWER]|listeners:[], old=null RUNNING
  s1:  RUNNING  FOLLOWER s1@group-33DD9DD108AB:t1, leader=s0, voted=s0, raftlog=Memoized:s1@group-33DD9DD108AB-SegmentedRaftLog:OPENED:c0, conf=0: peers:[s0|rpc:localhost:42967|admin:localhost:35399|client:localhost:33207|dataStream:localhost:43161|priority:0|startupRole:FOLLOWER, s1|rpc:localhost:43989|admin:localhost:33969|client:localhost:39579|dataStream:localhost:40179|priority:0|startupRole:FOLLOWER, s2|rpc:localhost:33439|admin:localhost:44687|client:localhost:36505|dataStream:localhost:46481|priority:0|startupRole:FOLLOWER]|listeners:[], old=null RUNNING
  s2:  RUNNING  FOLLOWER s2@group-33DD9DD108AB:t1, leader=s0, voted=s0, raftlog=Memoized:s2@group-33DD9DD108AB-SegmentedRaftLog:OPENED:c0, conf=0: peers:[s0|rpc:localhost:42967|admin:localhost:35399|client:localhost:33207|dataStream:localhost:43161|priority:0|startupRole:FOLLOWER, s1|rpc:localhost:43989|admin:localhost:33969|client:localhost:39579|dataStream:localhost:40179|priority:0|startupRole:FOLLOWER, s2|rpc:localhost:33439|admin:localhost:44687|client:localhost:36505|dataStream:localhost:46481|priority:0|startupRole:FOLLOWER]|listeners:[], old=null RUNNING
2022-07-19 02:04:16,952 [pool-9-thread-9] INFO  ratis.RaftTestUtil (RaftTestUtil.java:waitForLeader(100)) - printing ALL groups
  s0:  RUNNING    LEADER s0@group-33DD9DD108AB:t1, leader=s0, voted=s0, raftlog=Memoized:s0@group-33DD9DD108AB-SegmentedRaftLog:OPENED:c0, conf=0: peers:[s0|rpc:localhost:42967|admin:localhost:35399|client:localhost:33207|dataStream:localhost:43161|priority:0|startupRole:FOLLOWER, s1|rpc:localhost:43989|admin:localhost:33969|client:localhost:39579|dataStream:localhost:40179|priority:0|startupRole:FOLLOWER, s2|rpc:localhost:33439|admin:localhost:44687|client:localhost:36505|dataStream:localhost:46481|priority:0|startupRole:FOLLOWER]|listeners:[], old=null RUNNING
  s1:  RUNNING  FOLLOWER s1@group-33DD9DD108AB:t1, leader=s0, voted=s0, raftlog=Memoized:s1@group-33DD9DD108AB-SegmentedRaftLog:OPENED:c0, conf=0: peers:[s0|rpc:localhost:42967|admin:localhost:35399|client:localhost:33207|dataStream:localhost:43161|priority:0|startupRole:FOLLOWER, s1|rpc:localhost:43989|admin:localhost:33969|client:localhost:39579|dataStream:localhost:40179|priority:0|startupRole:FOLLOWER, s2|rpc:localhost:33439|admin:localhost:44687|client:localhost:36505|dataStream:localhost:46481|priority:0|startupRole:FOLLOWER]|listeners:[], old=null RUNNING
  s2:  RUNNING  FOLLOWER s2@group-33DD9DD108AB:t1, leader=s0, voted=s0, raftlog=Memoized:s2@group-33DD9DD108AB-SegmentedRaftLog:OPENED:c0, conf=0: peers:[s0|rpc:localhost:42967|admin:localhost:35399|client:localhost:33207|dataStream:localhost:43161|priority:0|startupRole:FOLLOWER, s1|rpc:localhost:43989|admin:localhost:33969|client:localhost:39579|dataStream:localhost:40179|priority:0|startupRole:FOLLOWER, s2|rpc:localhost:33439|admin:localhost:44687|client:localhost:36505|dataStream:localhost:46481|priority:0|startupRole:FOLLOWER]|listeners:[], old=null RUNNING
2022-07-19 02:04:16,952 [pool-9-thread-6] INFO  ratis.RaftTestUtil (RaftTestUtil.java:waitForLeader(100)) - printing ALL groups
  s0:  RUNNING    LEADER s0@group-33DD9DD108AB:t1, leader=s0, voted=s0, raftlog=Memoized:s0@group-33DD9DD108AB-SegmentedRaftLog:OPENED:c0, conf=0: peers:[s0|rpc:localhost:42967|admin:localhost:35399|client:localhost:33207|dataStream:localhost:43161|priority:0|startupRole:FOLLOWER, s1|rpc:localhost:43989|admin:localhost:33969|client:localhost:39579|dataStream:localhost:40179|priority:0|startupRole:FOLLOWER, s2|rpc:localhost:33439|admin:localhost:44687|client:localhost:36505|dataStream:localhost:46481|priority:0|startupRole:FOLLOWER]|listeners:[], old=null RUNNING
  s1:  RUNNING  FOLLOWER s1@group-33DD9DD108AB:t1, leader=s0, voted=s0, raftlog=Memoized:s1@group-33DD9DD108AB-SegmentedRaftLog:OPENED:c0, conf=0: peers:[s0|rpc:localhost:42967|admin:localhost:35399|client:localhost:33207|dataStream:localhost:43161|priority:0|startupRole:FOLLOWER, s1|rpc:localhost:43989|admin:localhost:33969|client:localhost:39579|dataStream:localhost:40179|priority:0|startupRole:FOLLOWER, s2|rpc:localhost:33439|admin:localhost:44687|client:localhost:36505|dataStream:localhost:46481|priority:0|startupRole:FOLLOWER]|listeners:[], old=null RUNNING
  s2:  RUNNING  FOLLOWER s2@group-33DD9DD108AB:t1, leader=s0, voted=s0, raftlog=Memoized:s2@group-33DD9DD108AB-SegmentedRaftLog:OPENED:c0, conf=0: peers:[s0|rpc:localhost:42967|admin:localhost:35399|client:localhost:33207|dataStream:localhost:43161|priority:0|startupRole:FOLLOWER, s1|rpc:localhost:43989|admin:localhost:33969|client:localhost:39579|dataStream:localhost:40179|priority:0|startupRole:FOLLOWER, s2|rpc:localhost:33439|admin:localhost:44687|client:localhost:36505|dataStream:localhost:46481|priority:0|startupRole:FOLLOWER]|listeners:[], old=null RUNNING
2022-07-19 02:04:16,955 [pool-9-thread-6] INFO  ratis.RaftTestUtil (RaftTestUtil.java:waitForLeader(119)) - printing ALL groups
  s0:  RUNNING    LEADER s0@group-33DD9DD108AB:t1, leader=s0, voted=s0, raftlog=Memoized:s0@group-33DD9DD108AB-SegmentedRaftLog:OPENED:c0, conf=0: peers:[s0|rpc:localhost:42967|admin:localhost:35399|client:localhost:33207|dataStream:localhost:43161|priority:0|startupRole:FOLLOWER, s1|rpc:localhost:43989|admin:localhost:33969|client:localhost:39579|dataStream:localhost:40179|priority:0|startupRole:FOLLOWER, s2|rpc:localhost:33439|admin:localhost:44687|client:localhost:36505|dataStream:localhost:46481|priority:0|startupRole:FOLLOWER]|listeners:[], old=null RUNNING
  s1:  RUNNING  FOLLOWER s1@group-33DD9DD108AB:t1, leader=s0, voted=s0, raftlog=Memoized:s1@group-33DD9DD108AB-SegmentedRaftLog:OPENED:c0, conf=0: peers:[s0|rpc:localhost:42967|admin:localhost:35399|client:localhost:33207|dataStream:localhost:43161|priority:0|startupRole:FOLLOWER, s1|rpc:localhost:43989|admin:localhost:33969|client:localhost:39579|dataStream:localhost:40179|priority:0|startupRole:FOLLOWER, s2|rpc:localhost:33439|admin:localhost:44687|client:localhost:36505|dataStream:localhost:46481|priority:0|startupRole:FOLLOWER]|listeners:[], old=null RUNNING
  s2:  RUNNING  FOLLOWER s2@group-33DD9DD108AB:t1, leader=s0, voted=s0, raftlog=Memoized:s2@group-33DD9DD108AB-SegmentedRaftLog:OPENED:c0, conf=0: peers:[s0|rpc:localhost:42967|admin:localhost:35399|client:localhost:33207|dataStream:localhost:43161|priority:0|startupRole:FOLLOWER, s1|rpc:localhost:43989|admin:localhost:33969|client:localhost:39579|dataStream:localhost:40179|priority:0|startupRole:FOLLOWER, s2|rpc:localhost:33439|admin:localhost:44687|client:localhost:36505|dataStream:localhost:46481|priority:0|startupRole:FOLLOWER]|listeners:[], old=null RUNNING
2022-07-19 02:04:16,955 [pool-9-thread-6] INFO  client.DataStreamClient (ConfUtils.java:logGet(46)) - raft.datastream.type = NETTY (custom)
2022-07-19 02:04:16,955 [pool-9-thread-6] INFO  netty.NettyConfigKeys$DataStream (ConfUtils.java:logGet(46)) - raft.netty.dataStream.client.tls.conf = null (default)
2022-07-19 02:04:16,955 [pool-9-thread-6] INFO  netty.NettyConfigKeys$DataStream (ConfUtils.java:logGet(46)) - raft.netty.dataStream.client.reply.queue.grace-period = 1s (default)
2022-07-19 02:04:16,956 [pool-9-thread-6] INFO  netty.NettyConfigKeys$DataStream (ConfUtils.java:logGet(46)) - raft.netty.dataStream.client.worker-group.share = false (default)
2022-07-19 02:04:16,956 [pool-9-thread-6] INFO  netty.NettyConfigKeys$DataStream (ConfUtils.java:logGet(46)) - raft.netty.dataStream.client.worker-group.size = 4 (default)
2022-07-19 02:04:16,952 [pool-9-thread-4] INFO  ratis.RaftTestUtil (RaftTestUtil.java:waitForLeader(100)) - printing ALL groups
  s0:  RUNNING    LEADER s0@group-33DD9DD108AB:t1, leader=s0, voted=s0, raftlog=Memoized:s0@group-33DD9DD108AB-SegmentedRaftLog:OPENED:c0, conf=0: peers:[s0|rpc:localhost:42967|admin:localhost:35399|client:localhost:33207|dataStream:localhost:43161|priority:0|startupRole:FOLLOWER, s1|rpc:localhost:43989|admin:localhost:33969|client:localhost:39579|dataStream:localhost:40179|priority:0|startupRole:FOLLOWER, s2|rpc:localhost:33439|admin:localhost:44687|client:localhost:36505|dataStream:localhost:46481|priority:0|startupRole:FOLLOWER]|listeners:[], old=null RUNNING
  s1:  RUNNING  FOLLOWER s1@group-33DD9DD108AB:t1, leader=s0, voted=s0, raftlog=Memoized:s1@group-33DD9DD108AB-SegmentedRaftLog:OPENED:c0, conf=0: peers:[s0|rpc:localhost:42967|admin:localhost:35399|client:localhost:33207|dataStream:localhost:43161|priority:0|startupRole:FOLLOWER, s1|rpc:localhost:43989|admin:localhost:33969|client:localhost:39579|dataStream:localhost:40179|priority:0|startupRole:FOLLOWER, s2|rpc:localhost:33439|admin:localhost:44687|client:localhost:36505|dataStream:localhost:46481|priority:0|startupRole:FOLLOWER]|listeners:[], old=null RUNNING
  s2:  RUNNING  FOLLOWER s2@group-33DD9DD108AB:t1, leader=s0, voted=s0, raftlog=Memoized:s2@group-33DD9DD108AB-SegmentedRaftLog:OPENED:c0, conf=0: peers:[s0|rpc:localhost:42967|admin:localhost:35399|client:localhost:33207|dataStream:localhost:43161|priority:0|startupRole:FOLLOWER, s1|rpc:localhost:43989|admin:localhost:33969|client:localhost:39579|dataStream:localhost:40179|priority:0|startupRole:FOLLOWER, s2|rpc:localhost:33439|admin:localhost:44687|client:localhost:36505|dataStream:localhost:46481|priority:0|startupRole:FOLLOWER]|listeners:[], old=null RUNNING
2022-07-19 02:04:16,966 [pool-9-thread-4] INFO  ratis.RaftTestUtil (RaftTestUtil.java:waitForLeader(119)) - printing ALL groups
  s0:  RUNNING    LEADER s0@group-33DD9DD108AB:t1, leader=s0, voted=s0, raftlog=Memoized:s0@group-33DD9DD108AB-SegmentedRaftLog:OPENED:c0, conf=0: peers:[s0|rpc:localhost:42967|admin:localhost:35399|client:localhost:33207|dataStream:localhost:43161|priority:0|startupRole:FOLLOWER, s1|rpc:localhost:43989|admin:localhost:33969|client:localhost:39579|dataStream:localhost:40179|priority:0|startupRole:FOLLOWER, s2|rpc:localhost:33439|admin:localhost:44687|client:localhost:36505|dataStream:localhost:46481|priority:0|startupRole:FOLLOWER]|listeners:[], old=null RUNNING
  s1:  RUNNING  FOLLOWER s1@group-33DD9DD108AB:t1, leader=s0, voted=s0, raftlog=Memoized:s1@group-33DD9DD108AB-SegmentedRaftLog:OPENED:c0, conf=0: peers:[s0|rpc:localhost:42967|admin:localhost:35399|client:localhost:33207|dataStream:localhost:43161|priority:0|startupRole:FOLLOWER, s1|rpc:localhost:43989|admin:localhost:33969|client:localhost:39579|dataStream:localhost:40179|priority:0|startupRole:FOLLOWER, s2|rpc:localhost:33439|admin:localhost:44687|client:localhost:36505|dataStream:localhost:46481|priority:0|startupRole:FOLLOWER]|listeners:[], old=null RUNNING
  s2:  RUNNING  FOLLOWER s2@group-33DD9DD108AB:t1, leader=s0, voted=s0, raftlog=Memoized:s2@group-33DD9DD108AB-SegmentedRaftLog:OPENED:c0, conf=0: peers:[s0|rpc:localhost:42967|admin:localhost:35399|client:localhost:33207|dataStream:localhost:43161|priority:0|startupRole:FOLLOWER, s1|rpc:localhost:43989|admin:localhost:33969|client:localhost:39579|dataStream:localhost:40179|priority:0|startupRole:FOLLOWER, s2|rpc:localhost:33439|admin:localhost:44687|client:localhost:36505|dataStream:localhost:46481|priority:0|startupRole:FOLLOWER]|listeners:[], old=null RUNNING
2022-07-19 02:04:16,966 [pool-9-thread-4] INFO  client.DataStreamClient (ConfUtils.java:logGet(46)) - raft.datastream.type = NETTY (custom)
2022-07-19 02:04:16,966 [pool-9-thread-4] INFO  netty.NettyConfigKeys$DataStream (ConfUtils.java:logGet(46)) - raft.netty.dataStream.client.tls.conf = null (default)
2022-07-19 02:04:16,966 [pool-9-thread-4] INFO  netty.NettyConfigKeys$DataStream (ConfUtils.java:logGet(46)) - raft.netty.dataStream.client.reply.queue.grace-period = 1s (default)
2022-07-19 02:04:16,966 [pool-9-thread-4] INFO  netty.NettyConfigKeys$DataStream (ConfUtils.java:logGet(46)) - raft.netty.dataStream.client.worker-group.share = false (default)
2022-07-19 02:04:16,966 [pool-9-thread-4] INFO  netty.NettyConfigKeys$DataStream (ConfUtils.java:logGet(46)) - raft.netty.dataStream.client.worker-group.size = 4 (default)
2022-07-19 02:04:16,951 [pool-9-thread-5] INFO  ratis.RaftTestUtil (RaftTestUtil.java:waitForLeader(100)) - printing ALL groups
  s0:  RUNNING    LEADER s0@group-33DD9DD108AB:t1, leader=s0, voted=s0, raftlog=Memoized:s0@group-33DD9DD108AB-SegmentedRaftLog:OPENED:c0, conf=0: peers:[s0|rpc:localhost:42967|admin:localhost:35399|client:localhost:33207|dataStream:localhost:43161|priority:0|startupRole:FOLLOWER, s1|rpc:localhost:43989|admin:localhost:33969|client:localhost:39579|dataStream:localhost:40179|priority:0|startupRole:FOLLOWER, s2|rpc:localhost:33439|admin:localhost:44687|client:localhost:36505|dataStream:localhost:46481|priority:0|startupRole:FOLLOWER]|listeners:[], old=null RUNNING
  s1:  RUNNING  FOLLOWER s1@group-33DD9DD108AB:t1, leader=s0, voted=s0, raftlog=Memoized:s1@group-33DD9DD108AB-SegmentedRaftLog:OPENED:c0, conf=0: peers:[s0|rpc:localhost:42967|admin:localhost:35399|client:localhost:33207|dataStream:localhost:43161|priority:0|startupRole:FOLLOWER, s1|rpc:localhost:43989|admin:localhost:33969|client:localhost:39579|dataStream:localhost:40179|priority:0|startupRole:FOLLOWER, s2|rpc:localhost:33439|admin:localhost:44687|client:localhost:36505|dataStream:localhost:46481|priority:0|startupRole:FOLLOWER]|listeners:[], old=null RUNNING
  s2:  RUNNING  FOLLOWER s2@group-33DD9DD108AB:t1, leader=s0, voted=s0, raftlog=Memoized:s2@group-33DD9DD108AB-SegmentedRaftLog:OPENED:c0, conf=0: peers:[s0|rpc:localhost:42967|admin:localhost:35399|client:localhost:33207|dataStream:localhost:43161|priority:0|startupRole:FOLLOWER, s1|rpc:localhost:43989|admin:localhost:33969|client:localhost:39579|dataStream:localhost:40179|priority:0|startupRole:FOLLOWER, s2|rpc:localhost:33439|admin:localhost:44687|client:localhost:36505|dataStream:localhost:46481|priority:0|startupRole:FOLLOWER]|listeners:[], old=null RUNNING
2022-07-19 02:04:16,951 [pool-9-thread-7] INFO  ratis.RaftTestUtil (RaftTestUtil.java:waitForLeader(100)) - printing ALL groups
  s0:  RUNNING    LEADER s0@group-33DD9DD108AB:t1, leader=s0, voted=s0, raftlog=Memoized:s0@group-33DD9DD108AB-SegmentedRaftLog:OPENED:c0, conf=0: peers:[s0|rpc:localhost:42967|admin:localhost:35399|client:localhost:33207|dataStream:localhost:43161|priority:0|startupRole:FOLLOWER, s1|rpc:localhost:43989|admin:localhost:33969|client:localhost:39579|dataStream:localhost:40179|priority:0|startupRole:FOLLOWER, s2|rpc:localhost:33439|admin:localhost:44687|client:localhost:36505|dataStream:localhost:46481|priority:0|startupRole:FOLLOWER]|listeners:[], old=null RUNNING
  s1:  RUNNING  FOLLOWER s1@group-33DD9DD108AB:t1, leader=s0, voted=s0, raftlog=Memoized:s1@group-33DD9DD108AB-SegmentedRaftLog:OPENED:c0, conf=0: peers:[s0|rpc:localhost:42967|admin:localhost:35399|client:localhost:33207|dataStream:localhost:43161|priority:0|startupRole:FOLLOWER, s1|rpc:localhost:43989|admin:localhost:33969|client:localhost:39579|dataStream:localhost:40179|priority:0|startupRole:FOLLOWER, s2|rpc:localhost:33439|admin:localhost:44687|client:localhost:36505|dataStream:localhost:46481|priority:0|startupRole:FOLLOWER]|listeners:[], old=null RUNNING
  s2:  RUNNING  FOLLOWER s2@group-33DD9DD108AB:t1, leader=s0, voted=s0, raftlog=Memoized:s2@group-33DD9DD108AB-SegmentedRaftLog:OPENED:c0, conf=0: peers:[s0|rpc:localhost:42967|admin:localhost:35399|client:localhost:33207|dataStream:localhost:43161|priority:0|startupRole:FOLLOWER, s1|rpc:localhost:43989|admin:localhost:33969|client:localhost:39579|dataStream:localhost:40179|priority:0|startupRole:FOLLOWER, s2|rpc:localhost:33439|admin:localhost:44687|client:localhost:36505|dataStream:localhost:46481|priority:0|startupRole:FOLLOWER]|listeners:[], old=null RUNNING
2022-07-19 02:04:16,980 [pool-9-thread-5] INFO  ratis.RaftTestUtil (RaftTestUtil.java:waitForLeader(119)) - printing ALL groups
  s0:  RUNNING    LEADER s0@group-33DD9DD108AB:t1, leader=s0, voted=s0, raftlog=Memoized:s0@group-33DD9DD108AB-SegmentedRaftLog:OPENED:c0, conf=0: peers:[s0|rpc:localhost:42967|admin:localhost:35399|client:localhost:33207|dataStream:localhost:43161|priority:0|startupRole:FOLLOWER, s1|rpc:localhost:43989|admin:localhost:33969|client:localhost:39579|dataStream:localhost:40179|priority:0|startupRole:FOLLOWER, s2|rpc:localhost:33439|admin:localhost:44687|client:localhost:36505|dataStream:localhost:46481|priority:0|startupRole:FOLLOWER]|listeners:[], old=null RUNNING
  s1:  RUNNING  FOLLOWER s1@group-33DD9DD108AB:t1, leader=s0, voted=s0, raftlog=Memoized:s1@group-33DD9DD108AB-SegmentedRaftLog:OPENED:c0, conf=0: peers:[s0|rpc:localhost:42967|admin:localhost:35399|client:localhost:33207|dataStream:localhost:43161|priority:0|startupRole:FOLLOWER, s1|rpc:localhost:43989|admin:localhost:33969|client:localhost:39579|dataStream:localhost:40179|priority:0|startupRole:FOLLOWER, s2|rpc:localhost:33439|admin:localhost:44687|client:localhost:36505|dataStream:localhost:46481|priority:0|startupRole:FOLLOWER]|listeners:[], old=null RUNNING
  s2:  RUNNING  FOLLOWER s2@group-33DD9DD108AB:t1, leader=s0, voted=s0, raftlog=Memoized:s2@group-33DD9DD108AB-SegmentedRaftLog:OPENED:c0, conf=0: peers:[s0|rpc:localhost:42967|admin:localhost:35399|client:localhost:33207|dataStream:localhost:43161|priority:0|startupRole:FOLLOWER, s1|rpc:localhost:43989|admin:localhost:33969|client:localhost:39579|dataStream:localhost:40179|priority:0|startupRole:FOLLOWER, s2|rpc:localhost:33439|admin:localhost:44687|client:localhost:36505|dataStream:localhost:46481|priority:0|startupRole:FOLLOWER]|listeners:[], old=null RUNNING
2022-07-19 02:04:16,970 [pool-9-thread-10] INFO  datastream.DataStreamTestUtils (DataStreamTestUtils.java:writeAndCloseAndAssertReplies(311)) - start Stream377
2022-07-19 02:04:16,969 [pool-9-thread-15] INFO  datastream.DataStreamTestUtils (DataStreamTestUtils.java:writeAndCloseAndAssertReplies(311)) - start Stream381
2022-07-19 02:04:16,968 [pool-9-thread-14] INFO  datastream.DataStreamTestUtils (DataStreamTestUtils.java:writeAndCloseAndAssertReplies(311)) - start Stream380
2022-07-19 02:04:16,968 [pool-9-thread-13] INFO  datastream.DataStreamTestUtils (DataStreamTestUtils.java:writeAndCloseAndAssertReplies(311)) - start Stream379
2022-07-19 02:04:16,966 [pool-9-thread-12] INFO  datastream.DataStreamTestUtils (DataStreamTestUtils.java:writeAndCloseAndAssertReplies(311)) - start Stream378
2022-07-19 02:04:16,966 [pool-9-thread-11] INFO  datastream.DataStreamTestUtils (DataStreamTestUtils.java:writeAndCloseAndAssertReplies(311)) - start Stream376
2022-07-19 02:04:16,960 [s0-NettyServerStreamRpc-bossGroup--thread1] INFO  logging.LoggingHandler (AbstractInternalLogger.java:log(148)) - [id: 0x50df74cb, L:/0.0.0.0:43161] READ: [id: 0x44861b5f, L:/127.0.0.1:43161 - R:/127.0.0.1:57768]
2022-07-19 02:04:16,960 [s1-NettyServerStreamRpc-bossGroup--thread1] INFO  logging.LoggingHandler (AbstractInternalLogger.java:log(148)) - [id: 0x29642c8e, L:/0.0.0.0:40179] READ: [id: 0xf58c88f4, L:/127.0.0.1:40179 - R:/127.0.0.1:56986]
2022-07-19 02:04:16,953 [pool-9-thread-8] INFO  ratis.RaftTestUtil (RaftTestUtil.java:waitForLeader(119)) - printing ALL groups
  s0:  RUNNING    LEADER s0@group-33DD9DD108AB:t1, leader=s0, voted=s0, raftlog=Memoized:s0@group-33DD9DD108AB-SegmentedRaftLog:OPENED:c0, conf=0: peers:[s0|rpc:localhost:42967|admin:localhost:35399|client:localhost:33207|dataStream:localhost:43161|priority:0|startupRole:FOLLOWER, s1|rpc:localhost:43989|admin:localhost:33969|client:localhost:39579|dataStream:localhost:40179|priority:0|startupRole:FOLLOWER, s2|rpc:localhost:33439|admin:localhost:44687|client:localhost:36505|dataStream:localhost:46481|priority:0|startupRole:FOLLOWER]|listeners:[], old=null RUNNING
  s1:  RUNNING  FOLLOWER s1@group-33DD9DD108AB:t1, leader=s0, voted=s0, raftlog=Memoized:s1@group-33DD9DD108AB-SegmentedRaftLog:OPENED:c0, conf=0: peers:[s0|rpc:localhost:42967|admin:localhost:35399|client:localhost:33207|dataStream:localhost:43161|priority:0|startupRole:FOLLOWER, s1|rpc:localhost:43989|admin:localhost:33969|client:localhost:39579|dataStream:localhost:40179|priority:0|startupRole:FOLLOWER, s2|rpc:localhost:33439|admin:localhost:44687|client:localhost:36505|dataStream:localhost:46481|priority:0|startupRole:FOLLOWER]|listeners:[], old=null RUNNING
  s2:  RUNNING  FOLLOWER s2@group-33DD9DD108AB:t1, leader=s0, voted=s0, raftlog=Memoized:s2@group-33DD9DD108AB-SegmentedRaftLog:OPENED:c0, conf=0: peers:[s0|rpc:localhost:42967|admin:localhost:35399|client:localhost:33207|dataStream:localhost:43161|priority:0|startupRole:FOLLOWER, s1|rpc:localhost:43989|admin:localhost:33969|client:localhost:39579|dataStream:localhost:40179|priority:0|startupRole:FOLLOWER, s2|rpc:localhost:33439|admin:localhost:44687|client:localhost:36505|dataStream:localhost:46481|priority:0|startupRole:FOLLOWER]|listeners:[], old=null RUNNING
2022-07-19 02:04:16,999 [pool-9-thread-8] INFO  client.DataStreamClient (ConfUtils.java:logGet(46)) - raft.datastream.type = NETTY (custom)
2022-07-19 02:04:17,000 [pool-9-thread-8] INFO  netty.NettyConfigKeys$DataStream (ConfUtils.java:logGet(46)) - raft.netty.dataStream.client.tls.conf = null (default)
2022-07-19 02:04:17,000 [pool-9-thread-8] INFO  netty.NettyConfigKeys$DataStream (ConfUtils.java:logGet(46)) - raft.netty.dataStream.client.reply.queue.grace-period = 1s (default)
2022-07-19 02:04:17,000 [pool-9-thread-8] INFO  netty.NettyConfigKeys$DataStream (ConfUtils.java:logGet(46)) - raft.netty.dataStream.client.worker-group.share = false (default)
2022-07-19 02:04:17,000 [pool-9-thread-8] INFO  netty.NettyConfigKeys$DataStream (ConfUtils.java:logGet(46)) - raft.netty.dataStream.client.worker-group.size = 4 (default)
2022-07-19 02:04:16,952 [pool-9-thread-9] INFO  ratis.RaftTestUtil (RaftTestUtil.java:waitForLeader(119)) - printing ALL groups
  s0:  RUNNING    LEADER s0@group-33DD9DD108AB:t1, leader=s0, voted=s0, raftlog=Memoized:s0@group-33DD9DD108AB-SegmentedRaftLog:OPENED:c0, conf=0: peers:[s0|rpc:localhost:42967|admin:localhost:35399|client:localhost:33207|dataStream:localhost:43161|priority:0|startupRole:FOLLOWER, s1|rpc:localhost:43989|admin:localhost:33969|client:localhost:39579|dataStream:localhost:40179|priority:0|startupRole:FOLLOWER, s2|rpc:localhost:33439|admin:localhost:44687|client:localhost:36505|dataStream:localhost:46481|priority:0|startupRole:FOLLOWER]|listeners:[], old=null RUNNING
  s1:  RUNNING  FOLLOWER s1@group-33DD9DD108AB:t1, leader=s0, voted=s0, raftlog=Memoized:s1@group-33DD9DD108AB-SegmentedRaftLog:OPENED:c0, conf=0: peers:[s0|rpc:localhost:42967|admin:localhost:35399|client:localhost:33207|dataStream:localhost:43161|priority:0|startupRole:FOLLOWER, s1|rpc:localhost:43989|admin:localhost:33969|client:localhost:39579|dataStream:localhost:40179|priority:0|startupRole:FOLLOWER, s2|rpc:localhost:33439|admin:localhost:44687|client:localhost:36505|dataStream:localhost:46481|priority:0|startupRole:FOLLOWER]|listeners:[], old=null RUNNING
  s2:  RUNNING  FOLLOWER s2@group-33DD9DD108AB:t1, leader=s0, voted=s0, raftlog=Memoized:s2@group-33DD9DD108AB-SegmentedRaftLog:OPENED:c0, conf=0: peers:[s0|rpc:localhost:42967|admin:localhost:35399|client:localhost:33207|dataStream:localhost:43161|priority:0|startupRole:FOLLOWER, s1|rpc:localhost:43989|admin:localhost:33969|client:localhost:39579|dataStream:localhost:40179|priority:0|startupRole:FOLLOWER, s2|rpc:localhost:33439|admin:localhost:44687|client:localhost:36505|dataStream:localhost:46481|priority:0|startupRole:FOLLOWER]|listeners:[], old=null RUNNING
2022-07-19 02:04:17,001 [pool-9-thread-9] INFO  client.DataStreamClient (ConfUtils.java:logGet(46)) - raft.datastream.type = NETTY (custom)
2022-07-19 02:04:17,001 [pool-9-thread-9] INFO  netty.NettyConfigKeys$DataStream (ConfUtils.java:logGet(46)) - raft.netty.dataStream.client.tls.conf = null (default)
2022-07-19 02:04:17,001 [pool-9-thread-9] INFO  netty.NettyConfigKeys$DataStream (ConfUtils.java:logGet(46)) - raft.netty.dataStream.client.reply.queue.grace-period = 1s (default)
2022-07-19 02:04:17,001 [pool-9-thread-9] INFO  netty.NettyConfigKeys$DataStream (ConfUtils.java:logGet(46)) - raft.netty.dataStream.client.worker-group.share = false (default)
2022-07-19 02:04:17,001 [pool-9-thread-9] INFO  netty.NettyConfigKeys$DataStream (ConfUtils.java:logGet(46)) - raft.netty.dataStream.client.worker-group.size = 4 (default)
2022-07-19 02:04:16,985 [pool-9-thread-5] INFO  client.DataStreamClient (ConfUtils.java:logGet(46)) - raft.datastream.type = NETTY (custom)
2022-07-19 02:04:16,983 [pool-9-thread-16] INFO  datastream.DataStreamTestUtils (DataStreamTestUtils.java:writeAndCloseAndAssertReplies(311)) - start Stream382
2022-07-19 02:04:16,980 [pool-9-thread-7] INFO  ratis.RaftTestUtil (RaftTestUtil.java:waitForLeader(119)) - printing ALL groups
  s0:  RUNNING    LEADER s0@group-33DD9DD108AB:t1, leader=s0, voted=s0, raftlog=Memoized:s0@group-33DD9DD108AB-SegmentedRaftLog:OPENED:c0, conf=0: peers:[s0|rpc:localhost:42967|admin:localhost:35399|client:localhost:33207|dataStream:localhost:43161|priority:0|startupRole:FOLLOWER, s1|rpc:localhost:43989|admin:localhost:33969|client:localhost:39579|dataStream:localhost:40179|priority:0|startupRole:FOLLOWER, s2|rpc:localhost:33439|admin:localhost:44687|client:localhost:36505|dataStream:localhost:46481|priority:0|startupRole:FOLLOWER]|listeners:[], old=null RUNNING
  s1:  RUNNING  FOLLOWER s1@group-33DD9DD108AB:t1, leader=s0, voted=s0, raftlog=Memoized:s1@group-33DD9DD108AB-SegmentedRaftLog:OPENED:c0, conf=0: peers:[s0|rpc:localhost:42967|admin:localhost:35399|client:localhost:33207|dataStream:localhost:43161|priority:0|startupRole:FOLLOWER, s1|rpc:localhost:43989|admin:localhost:33969|client:localhost:39579|dataStream:localhost:40179|priority:0|startupRole:FOLLOWER, s2|rpc:localhost:33439|admin:localhost:44687|client:localhost:36505|dataStream:localhost:46481|priority:0|startupRole:FOLLOWER]|listeners:[], old=null RUNNING
  s2:  RUNNING  FOLLOWER s2@group-33DD9DD108AB:t1, leader=s0, voted=s0, raftlog=Memoized:s2@group-33DD9DD108AB-SegmentedRaftLog:OPENED:c0, conf=0: peers:[s0|rpc:localhost:42967|admin:localhost:35399|client:localhost:33207|dataStream:localhost:43161|priority:0|startupRole:FOLLOWER, s1|rpc:localhost:43989|admin:localhost:33969|client:localhost:39579|dataStream:localhost:40179|priority:0|startupRole:FOLLOWER, s2|rpc:localhost:33439|admin:localhost:44687|client:localhost:36505|dataStream:localhost:46481|priority:0|startupRole:FOLLOWER]|listeners:[], old=null RUNNING
2022-07-19 02:04:17,006 [pool-9-thread-7] INFO  client.DataStreamClient (ConfUtils.java:logGet(46)) - raft.datastream.type = NETTY (custom)
2022-07-19 02:04:17,007 [pool-9-thread-7] INFO  netty.NettyConfigKeys$DataStream (ConfUtils.java:logGet(46)) - raft.netty.dataStream.client.tls.conf = null (default)
2022-07-19 02:04:17,007 [pool-9-thread-7] INFO  netty.NettyConfigKeys$DataStream (ConfUtils.java:logGet(46)) - raft.netty.dataStream.client.reply.queue.grace-period = 1s (default)
2022-07-19 02:04:17,007 [pool-9-thread-7] INFO  netty.NettyConfigKeys$DataStream (ConfUtils.java:logGet(46)) - raft.netty.dataStream.client.worker-group.share = false (default)
2022-07-19 02:04:17,007 [pool-9-thread-7] INFO  netty.NettyConfigKeys$DataStream (ConfUtils.java:logGet(46)) - raft.netty.dataStream.client.worker-group.size = 4 (default)
2022-07-19 02:04:17,002 [pool-9-thread-5] INFO  netty.NettyConfigKeys$DataStream (ConfUtils.java:logGet(46)) - raft.netty.dataStream.client.tls.conf = null (default)
2022-07-19 02:04:17,008 [pool-9-thread-5] INFO  netty.NettyConfigKeys$DataStream (ConfUtils.java:logGet(46)) - raft.netty.dataStream.client.reply.queue.grace-period = 1s (default)
2022-07-19 02:04:17,008 [pool-9-thread-5] INFO  netty.NettyConfigKeys$DataStream (ConfUtils.java:logGet(46)) - raft.netty.dataStream.client.worker-group.share = false (default)
2022-07-19 02:04:17,009 [pool-9-thread-5] INFO  netty.NettyConfigKeys$DataStream (ConfUtils.java:logGet(46)) - raft.netty.dataStream.client.worker-group.size = 4 (default)
2022-07-19 02:04:17,014 [s0-NettyServerStreamRpc-bossGroup--thread1] INFO  logging.LoggingHandler (AbstractInternalLogger.java:log(148)) - [id: 0x50df74cb, L:/0.0.0.0:43161] READ COMPLETE
2022-07-19 02:04:17,015 [s0-NettyServerStreamRpc-bossGroup--thread1] INFO  logging.LoggingHandler (AbstractInternalLogger.java:log(148)) - [id: 0x50df74cb, L:/0.0.0.0:43161] READ: [id: 0x5f632f7b, L:/127.0.0.1:43161 - R:/127.0.0.1:57770]
2022-07-19 02:04:17,015 [s0-NettyServerStreamRpc-bossGroup--thread1] INFO  logging.LoggingHandler (AbstractInternalLogger.java:log(148)) - [id: 0x50df74cb, L:/0.0.0.0:43161] READ COMPLETE
2022-07-19 02:04:17,015 [s0-NettyServerStreamRpc-workerGroup--thread1] INFO  client.DataStreamClient (ConfUtils.java:logGet(46)) - raft.datastream.type = NETTY (custom)
2022-07-19 02:04:17,016 [s0-NettyServerStreamRpc-workerGroup--thread1] INFO  netty.NettyConfigKeys$DataStream (ConfUtils.java:logGet(46)) - raft.netty.dataStream.client.tls.conf = null (default)
2022-07-19 02:04:17,016 [s0-NettyServerStreamRpc-workerGroup--thread1] INFO  netty.NettyConfigKeys$DataStream (ConfUtils.java:logGet(46)) - raft.netty.dataStream.client.reply.queue.grace-period = 1s (default)
2022-07-19 02:04:17,025 [s1-NettyServerStreamRpc-bossGroup--thread1] INFO  logging.LoggingHandler (AbstractInternalLogger.java:log(148)) - [id: 0x29642c8e, L:/0.0.0.0:40179] READ COMPLETE
2022-07-19 02:04:17,026 [s0-NettyServerStreamRpc-workerGroup--thread1] INFO  netty.NettyConfigKeys$DataStream (ConfUtils.java:logGet(46)) - raft.netty.dataStream.client.worker-group.share = false (default)
2022-07-19 02:04:17,027 [s1-NettyServerStreamRpc-bossGroup--thread1] INFO  logging.LoggingHandler (AbstractInternalLogger.java:log(148)) - [id: 0x29642c8e, L:/0.0.0.0:40179] READ: [id: 0x9f43b83e, L:/127.0.0.1:40179 - R:/127.0.0.1:56994]
2022-07-19 02:04:17,024 [s0-NettyServerStreamRpc-bossGroup--thread1] INFO  logging.LoggingHandler (AbstractInternalLogger.java:log(148)) - [id: 0x50df74cb, L:/0.0.0.0:43161] READ: [id: 0xfd7958f5, L:/127.0.0.1:43161 - R:/127.0.0.1:57778]
2022-07-19 02:04:17,018 [s2-NettyServerStreamRpc-bossGroup--thread1] INFO  logging.LoggingHandler (AbstractInternalLogger.java:log(148)) - [id: 0xf4ac3f1a, L:/0.0.0.0:46481] READ: [id: 0x401084e4, L:/127.0.0.1:46481 - R:/127.0.0.1:41222]
2022-07-19 02:04:17,016 [s0-NettyServerStreamRpc-workerGroup--thread2] INFO  client.DataStreamClient (ConfUtils.java:logGet(46)) - raft.datastream.type = NETTY (custom)
2022-07-19 02:04:17,027 [s0-NettyServerStreamRpc-workerGroup--thread2] INFO  netty.NettyConfigKeys$DataStream (ConfUtils.java:logGet(46)) - raft.netty.dataStream.client.tls.conf = null (default)
2022-07-19 02:04:17,027 [s0-NettyServerStreamRpc-workerGroup--thread2] INFO  netty.NettyConfigKeys$DataStream (ConfUtils.java:logGet(46)) - raft.netty.dataStream.client.reply.queue.grace-period = 1s (default)
2022-07-19 02:04:17,027 [s0-NettyServerStreamRpc-workerGroup--thread2] INFO  netty.NettyConfigKeys$DataStream (ConfUtils.java:logGet(46)) - raft.netty.dataStream.client.worker-group.share = false (default)
2022-07-19 02:04:17,028 [s0-NettyServerStreamRpc-workerGroup--thread2] INFO  netty.NettyConfigKeys$DataStream (ConfUtils.java:logGet(46)) - raft.netty.dataStream.client.worker-group.size = 4 (default)
2022-07-19 02:04:17,028 [s1-NettyServerStreamRpc-workerGroup--thread1] INFO  client.DataStreamClient (ConfUtils.java:logGet(46)) - raft.datastream.type = NETTY (custom)
2022-07-19 02:04:17,029 [s1-NettyServerStreamRpc-workerGroup--thread1] INFO  netty.NettyConfigKeys$DataStream (ConfUtils.java:logGet(46)) - raft.netty.dataStream.client.tls.conf = null (default)
2022-07-19 02:04:17,029 [s1-NettyServerStreamRpc-workerGroup--thread1] INFO  netty.NettyConfigKeys$DataStream (ConfUtils.java:logGet(46)) - raft.netty.dataStream.client.reply.queue.grace-period = 1s (default)
2022-07-19 02:04:17,029 [s1-NettyServerStreamRpc-workerGroup--thread1] INFO  netty.NettyConfigKeys$DataStream (ConfUtils.java:logGet(46)) - raft.netty.dataStream.client.worker-group.share = false (default)
2022-07-19 02:04:17,030 [s1-NettyServerStreamRpc-workerGroup--thread1] INFO  netty.NettyConfigKeys$DataStream (ConfUtils.java:logGet(46)) - raft.netty.dataStream.client.worker-group.size = 4 (default)
2022-07-19 02:04:17,027 [s0-NettyServerStreamRpc-workerGroup--thread1] INFO  netty.NettyConfigKeys$DataStream (ConfUtils.java:logGet(46)) - raft.netty.dataStream.client.worker-group.size = 4 (default)
2022-07-19 02:04:17,031 [s1-NettyServerStreamRpc-bossGroup--thread1] INFO  logging.LoggingHandler (AbstractInternalLogger.java:log(148)) - [id: 0x29642c8e, L:/0.0.0.0:40179] READ: [id: 0xa5946b49, L:/127.0.0.1:40179 - R:/127.0.0.1:56996]
2022-07-19 02:04:17,032 [s1-NettyServerStreamRpc-workerGroup--thread2] INFO  client.DataStreamClient (ConfUtils.java:logGet(46)) - raft.datastream.type = NETTY (custom)
2022-07-19 02:04:17,032 [s1-NettyServerStreamRpc-workerGroup--thread2] INFO  netty.NettyConfigKeys$DataStream (ConfUtils.java:logGet(46)) - raft.netty.dataStream.client.tls.conf = null (default)
2022-07-19 02:04:17,032 [s1-NettyServerStreamRpc-workerGroup--thread2] INFO  netty.NettyConfigKeys$DataStream (ConfUtils.java:logGet(46)) - raft.netty.dataStream.client.reply.queue.grace-period = 1s (default)
2022-07-19 02:04:17,033 [s1-NettyServerStreamRpc-workerGroup--thread2] INFO  netty.NettyConfigKeys$DataStream (ConfUtils.java:logGet(46)) - raft.netty.dataStream.client.worker-group.share = false (default)
2022-07-19 02:04:17,033 [s1-NettyServerStreamRpc-workerGroup--thread2] INFO  netty.NettyConfigKeys$DataStream (ConfUtils.java:logGet(46)) - raft.netty.dataStream.client.worker-group.size = 4 (default)
2022-07-19 02:04:17,036 [s2-NettyServerStreamRpc-bossGroup--thread1] INFO  logging.LoggingHandler (AbstractInternalLogger.java:log(148)) - [id: 0xf4ac3f1a, L:/0.0.0.0:46481] READ COMPLETE
2022-07-19 02:04:17,036 [s2-NettyServerStreamRpc-workerGroup--thread1] INFO  client.DataStreamClient (ConfUtils.java:logGet(46)) - raft.datastream.type = NETTY (custom)
2022-07-19 02:04:17,036 [s2-NettyServerStreamRpc-workerGroup--thread1] INFO  netty.NettyConfigKeys$DataStream (ConfUtils.java:logGet(46)) - raft.netty.dataStream.client.tls.conf = null (default)
2022-07-19 02:04:17,036 [s2-NettyServerStreamRpc-workerGroup--thread1] INFO  netty.NettyConfigKeys$DataStream (ConfUtils.java:logGet(46)) - raft.netty.dataStream.client.reply.queue.grace-period = 1s (default)
2022-07-19 02:04:17,037 [s2-NettyServerStreamRpc-workerGroup--thread1] INFO  netty.NettyConfigKeys$DataStream (ConfUtils.java:logGet(46)) - raft.netty.dataStream.client.worker-group.share = false (default)
2022-07-19 02:04:17,037 [s2-NettyServerStreamRpc-workerGroup--thread1] INFO  netty.NettyConfigKeys$DataStream (ConfUtils.java:logGet(46)) - raft.netty.dataStream.client.worker-group.size = 4 (default)
2022-07-19 02:04:17,038 [s0-NettyServerStreamRpc-bossGroup--thread1] INFO  logging.LoggingHandler (AbstractInternalLogger.java:log(148)) - [id: 0x50df74cb, L:/0.0.0.0:43161] READ COMPLETE
2022-07-19 02:04:17,039 [s0-NettyServerStreamRpc-workerGroup--thread3] INFO  client.DataStreamClient (ConfUtils.java:logGet(46)) - raft.datastream.type = NETTY (custom)
2022-07-19 02:04:17,039 [s0-NettyServerStreamRpc-workerGroup--thread3] INFO  netty.NettyConfigKeys$DataStream (ConfUtils.java:logGet(46)) - raft.netty.dataStream.client.tls.conf = null (default)
2022-07-19 02:04:17,039 [s0-NettyServerStreamRpc-workerGroup--thread3] INFO  netty.NettyConfigKeys$DataStream (ConfUtils.java:logGet(46)) - raft.netty.dataStream.client.reply.queue.grace-period = 1s (default)
2022-07-19 02:04:17,040 [s0-NettyServerStreamRpc-workerGroup--thread3] INFO  netty.NettyConfigKeys$DataStream (ConfUtils.java:logGet(46)) - raft.netty.dataStream.client.worker-group.share = false (default)
2022-07-19 02:04:17,040 [s0-NettyServerStreamRpc-workerGroup--thread3] INFO  netty.NettyConfigKeys$DataStream (ConfUtils.java:logGet(46)) - raft.netty.dataStream.client.worker-group.size = 4 (default)
2022-07-19 02:04:17,042 [s0-NettyServerStreamRpc-workerGroup--thread2] INFO  client.DataStreamClient (ConfUtils.java:logGet(46)) - raft.datastream.type = NETTY (custom)
2022-07-19 02:04:17,042 [s0-NettyServerStreamRpc-workerGroup--thread2] INFO  netty.NettyConfigKeys$DataStream (ConfUtils.java:logGet(46)) - raft.netty.dataStream.client.tls.conf = null (default)
2022-07-19 02:04:17,042 [s0-NettyServerStreamRpc-workerGroup--thread2] INFO  netty.NettyConfigKeys$DataStream (ConfUtils.java:logGet(46)) - raft.netty.dataStream.client.reply.queue.grace-period = 1s (default)
2022-07-19 02:04:17,042 [s0-NettyServerStreamRpc-workerGroup--thread2] INFO  netty.NettyConfigKeys$DataStream (ConfUtils.java:logGet(46)) - raft.netty.dataStream.client.worker-group.share = false (default)
2022-07-19 02:04:17,042 [s0-NettyServerStreamRpc-workerGroup--thread2] INFO  netty.NettyConfigKeys$DataStream (ConfUtils.java:logGet(46)) - raft.netty.dataStream.client.worker-group.size = 4 (default)
2022-07-19 02:04:17,045 [s0-NettyServerStreamRpc-bossGroup--thread1] INFO  logging.LoggingHandler (AbstractInternalLogger.java:log(148)) - [id: 0x50df74cb, L:/0.0.0.0:43161] READ: [id: 0x05b46c7d, L:/127.0.0.1:43161 - R:/127.0.0.1:57786]
2022-07-19 02:04:17,046 [s1-NettyServerStreamRpc-bossGroup--thread1] INFO  logging.LoggingHandler (AbstractInternalLogger.java:log(148)) - [id: 0x29642c8e, L:/0.0.0.0:40179] READ COMPLETE
2022-07-19 02:04:17,047 [s1-NettyServerStreamRpc-bossGroup--thread1] INFO  logging.LoggingHandler (AbstractInternalLogger.java:log(148)) - [id: 0x29642c8e, L:/0.0.0.0:40179] READ: [id: 0xd98698ea, L:/127.0.0.1:40179 - R:/127.0.0.1:57000]
2022-07-19 02:04:17,048 [s1-NettyServerStreamRpc-workerGroup--thread3] INFO  client.DataStreamClient (ConfUtils.java:logGet(46)) - raft.datastream.type = NETTY (custom)
2022-07-19 02:04:17,048 [s1-NettyServerStreamRpc-bossGroup--thread1] INFO  logging.LoggingHandler (AbstractInternalLogger.java:log(148)) - [id: 0x29642c8e, L:/0.0.0.0:40179] READ: [id: 0x8e820ffe, L:/127.0.0.1:40179 - R:/127.0.0.1:57002]
2022-07-19 02:04:17,048 [s1-NettyServerStreamRpc-bossGroup--thread1] INFO  logging.LoggingHandler (AbstractInternalLogger.java:log(148)) - [id: 0x29642c8e, L:/0.0.0.0:40179] READ: [id: 0xe1be23dd, L:/127.0.0.1:40179 - R:/127.0.0.1:57004]
2022-07-19 02:04:17,048 [s1-NettyServerStreamRpc-bossGroup--thread1] INFO  logging.LoggingHandler (AbstractInternalLogger.java:log(148)) - [id: 0x29642c8e, L:/0.0.0.0:40179] READ COMPLETE
2022-07-19 02:04:17,048 [s1-NettyServerStreamRpc-workerGroup--thread3] INFO  netty.NettyConfigKeys$DataStream (ConfUtils.java:logGet(46)) - raft.netty.dataStream.client.tls.conf = null (default)
2022-07-19 02:04:17,049 [s1-NettyServerStreamRpc-workerGroup--thread3] INFO  netty.NettyConfigKeys$DataStream (ConfUtils.java:logGet(46)) - raft.netty.dataStream.client.reply.queue.grace-period = 1s (default)
2022-07-19 02:04:17,049 [s1-NettyServerStreamRpc-workerGroup--thread3] INFO  netty.NettyConfigKeys$DataStream (ConfUtils.java:logGet(46)) - raft.netty.dataStream.client.worker-group.share = false (default)
2022-07-19 02:04:17,049 [s1-NettyServerStreamRpc-workerGroup--thread4] INFO  client.DataStreamClient (ConfUtils.java:logGet(46)) - raft.datastream.type = NETTY (custom)
2022-07-19 02:04:17,049 [s1-NettyServerStreamRpc-workerGroup--thread4] INFO  netty.NettyConfigKeys$DataStream (ConfUtils.java:logGet(46)) - raft.netty.dataStream.client.tls.conf = null (default)
2022-07-19 02:04:17,049 [s1-NettyServerStreamRpc-workerGroup--thread3] INFO  netty.NettyConfigKeys$DataStream (ConfUtils.java:logGet(46)) - raft.netty.dataStream.client.worker-group.size = 4 (default)
2022-07-19 02:04:17,050 [s0-NettyServerStreamRpc-bossGroup--thread1] INFO  logging.LoggingHandler (AbstractInternalLogger.java:log(148)) - [id: 0x50df74cb, L:/0.0.0.0:43161] READ COMPLETE
2022-07-19 02:04:17,049 [s1-NettyServerStreamRpc-workerGroup--thread4] INFO  netty.NettyConfigKeys$DataStream (ConfUtils.java:logGet(46)) - raft.netty.dataStream.client.reply.queue.grace-period = 1s (default)
2022-07-19 02:04:17,050 [s0-NettyServerStreamRpc-bossGroup--thread1] INFO  logging.LoggingHandler (AbstractInternalLogger.java:log(148)) - [id: 0x50df74cb, L:/0.0.0.0:43161] READ: [id: 0x431b346d, L:/127.0.0.1:43161 - R:/127.0.0.1:57788]
2022-07-19 02:04:17,050 [s1-NettyServerStreamRpc-workerGroup--thread4] INFO  netty.NettyConfigKeys$DataStream (ConfUtils.java:logGet(46)) - raft.netty.dataStream.client.worker-group.share = false (default)
2022-07-19 02:04:17,050 [s0-NettyServerStreamRpc-bossGroup--thread1] INFO  logging.LoggingHandler (AbstractInternalLogger.java:log(148)) - [id: 0x50df74cb, L:/0.0.0.0:43161] READ COMPLETE
2022-07-19 02:04:17,049 [s1-NettyServerStreamRpc-workerGroup--thread1] INFO  client.DataStreamClient (ConfUtils.java:logGet(46)) - raft.datastream.type = NETTY (custom)
2022-07-19 02:04:17,053 [s1-NettyServerStreamRpc-workerGroup--thread1] INFO  netty.NettyConfigKeys$DataStream (ConfUtils.java:logGet(46)) - raft.netty.dataStream.client.tls.conf = null (default)
2022-07-19 02:04:17,053 [s1-NettyServerStreamRpc-workerGroup--thread1] INFO  netty.NettyConfigKeys$DataStream (ConfUtils.java:logGet(46)) - raft.netty.dataStream.client.reply.queue.grace-period = 1s (default)
2022-07-19 02:04:17,053 [s0-NettyServerStreamRpc-workerGroup--thread4] INFO  client.DataStreamClient (ConfUtils.java:logGet(46)) - raft.datastream.type = NETTY (custom)
2022-07-19 02:04:17,054 [s0-NettyServerStreamRpc-workerGroup--thread4] INFO  netty.NettyConfigKeys$DataStream (ConfUtils.java:logGet(46)) - raft.netty.dataStream.client.tls.conf = null (default)
2022-07-19 02:04:17,054 [s0-NettyServerStreamRpc-workerGroup--thread4] INFO  netty.NettyConfigKeys$DataStream (ConfUtils.java:logGet(46)) - raft.netty.dataStream.client.reply.queue.grace-period = 1s (default)
2022-07-19 02:04:17,054 [s0-NettyServerStreamRpc-workerGroup--thread4] INFO  netty.NettyConfigKeys$DataStream (ConfUtils.java:logGet(46)) - raft.netty.dataStream.client.worker-group.share = false (default)
2022-07-19 02:04:17,054 [s0-NettyServerStreamRpc-workerGroup--thread4] INFO  netty.NettyConfigKeys$DataStream (ConfUtils.java:logGet(46)) - raft.netty.dataStream.client.worker-group.size = 4 (default)
2022-07-19 02:04:17,050 [s1-NettyServerStreamRpc-workerGroup--thread4] INFO  netty.NettyConfigKeys$DataStream (ConfUtils.java:logGet(46)) - raft.netty.dataStream.client.worker-group.size = 4 (default)
2022-07-19 02:04:17,053 [s1-NettyServerStreamRpc-workerGroup--thread1] INFO  netty.NettyConfigKeys$DataStream (ConfUtils.java:logGet(46)) - raft.netty.dataStream.client.worker-group.share = false (default)
2022-07-19 02:04:17,055 [s1-NettyServerStreamRpc-workerGroup--thread1] INFO  netty.NettyConfigKeys$DataStream (ConfUtils.java:logGet(46)) - raft.netty.dataStream.client.worker-group.size = 4 (default)
2022-07-19 02:04:17,053 [s0-NettyServerStreamRpc-workerGroup--thread2] INFO  client.DataStreamClient (ConfUtils.java:logGet(46)) - raft.datastream.type = NETTY (custom)
2022-07-19 02:04:17,056 [s0-NettyServerStreamRpc-workerGroup--thread2] INFO  netty.NettyConfigKeys$DataStream (ConfUtils.java:logGet(46)) - raft.netty.dataStream.client.tls.conf = null (default)
2022-07-19 02:04:17,056 [s0-NettyServerStreamRpc-workerGroup--thread2] INFO  netty.NettyConfigKeys$DataStream (ConfUtils.java:logGet(46)) - raft.netty.dataStream.client.reply.queue.grace-period = 1s (default)
2022-07-19 02:04:17,056 [s0-NettyServerStreamRpc-workerGroup--thread2] INFO  netty.NettyConfigKeys$DataStream (ConfUtils.java:logGet(46)) - raft.netty.dataStream.client.worker-group.share = false (default)
2022-07-19 02:04:17,057 [s0-NettyServerStreamRpc-workerGroup--thread2] INFO  netty.NettyConfigKeys$DataStream (ConfUtils.java:logGet(46)) - raft.netty.dataStream.client.worker-group.size = 4 (default)
2022-07-19 02:04:17,063 [s1-NettyServerStreamRpc-bossGroup--thread1] INFO  logging.LoggingHandler (AbstractInternalLogger.java:log(148)) - [id: 0x29642c8e, L:/0.0.0.0:40179] READ: [id: 0xd31b94fe, L:/127.0.0.1:40179 - R:/127.0.0.1:57010]
2022-07-19 02:04:17,063 [s1-NettyServerStreamRpc-bossGroup--thread1] INFO  logging.LoggingHandler (AbstractInternalLogger.java:log(148)) - [id: 0x29642c8e, L:/0.0.0.0:40179] READ COMPLETE
2022-07-19 02:04:17,065 [s0-NettyServerStreamRpc-workerGroup--thread3] INFO  client.DataStreamClient (ConfUtils.java:logGet(46)) - raft.datastream.type = NETTY (custom)
2022-07-19 02:04:17,066 [s0-NettyServerStreamRpc-workerGroup--thread3] INFO  netty.NettyConfigKeys$DataStream (ConfUtils.java:logGet(46)) - raft.netty.dataStream.client.tls.conf = null (default)
2022-07-19 02:04:17,066 [s0-NettyServerStreamRpc-workerGroup--thread3] INFO  netty.NettyConfigKeys$DataStream (ConfUtils.java:logGet(46)) - raft.netty.dataStream.client.reply.queue.grace-period = 1s (default)
2022-07-19 02:04:17,066 [s0-NettyServerStreamRpc-bossGroup--thread1] INFO  logging.LoggingHandler (AbstractInternalLogger.java:log(148)) - [id: 0x50df74cb, L:/0.0.0.0:43161] READ: [id: 0x8170f726, L:/127.0.0.1:43161 - R:/127.0.0.1:57792]
2022-07-19 02:04:17,066 [s0-NettyServerStreamRpc-bossGroup--thread1] INFO  logging.LoggingHandler (AbstractInternalLogger.java:log(148)) - [id: 0x50df74cb, L:/0.0.0.0:43161] READ COMPLETE
2022-07-19 02:04:17,066 [s0-NettyServerStreamRpc-workerGroup--thread3] INFO  netty.NettyConfigKeys$DataStream (ConfUtils.java:logGet(46)) - raft.netty.dataStream.client.worker-group.share = false (default)
2022-07-19 02:04:17,070 [s0-NettyServerStreamRpc-workerGroup--thread3] INFO  netty.NettyConfigKeys$DataStream (ConfUtils.java:logGet(46)) - raft.netty.dataStream.client.worker-group.size = 4 (default)
2022-07-19 02:04:17,082 [s0-NettyServerStreamRpc-workerGroup--thread2] INFO  client.DataStreamClient (ConfUtils.java:logGet(46)) - raft.datastream.type = NETTY (custom)
2022-07-19 02:04:17,082 [s0-NettyServerStreamRpc-workerGroup--thread2] INFO  netty.NettyConfigKeys$DataStream (ConfUtils.java:logGet(46)) - raft.netty.dataStream.client.tls.conf = null (default)
2022-07-19 02:04:17,082 [s0-NettyServerStreamRpc-workerGroup--thread2] INFO  netty.NettyConfigKeys$DataStream (ConfUtils.java:logGet(46)) - raft.netty.dataStream.client.reply.queue.grace-period = 1s (default)
2022-07-19 02:04:17,082 [s0-NettyServerStreamRpc-workerGroup--thread2] INFO  netty.NettyConfigKeys$DataStream (ConfUtils.java:logGet(46)) - raft.netty.dataStream.client.worker-group.share = false (default)
2022-07-19 02:04:17,083 [s0-NettyServerStreamRpc-workerGroup--thread2] INFO  netty.NettyConfigKeys$DataStream (ConfUtils.java:logGet(46)) - raft.netty.dataStream.client.worker-group.size = 4 (default)
2022-07-19 02:04:17,083 [s1-NettyServerStreamRpc-workerGroup--thread2] INFO  client.DataStreamClient (ConfUtils.java:logGet(46)) - raft.datastream.type = NETTY (custom)
2022-07-19 02:04:17,084 [s1-NettyServerStreamRpc-workerGroup--thread2] INFO  netty.NettyConfigKeys$DataStream (ConfUtils.java:logGet(46)) - raft.netty.dataStream.client.tls.conf = null (default)
2022-07-19 02:04:17,084 [s1-NettyServerStreamRpc-workerGroup--thread2] INFO  netty.NettyConfigKeys$DataStream (ConfUtils.java:logGet(46)) - raft.netty.dataStream.client.reply.queue.grace-period = 1s (default)
2022-07-19 02:04:17,084 [s1-NettyServerStreamRpc-workerGroup--thread2] INFO  netty.NettyConfigKeys$DataStream (ConfUtils.java:logGet(46)) - raft.netty.dataStream.client.worker-group.share = false (default)
2022-07-19 02:04:17,084 [s1-NettyServerStreamRpc-workerGroup--thread2] INFO  netty.NettyConfigKeys$DataStream (ConfUtils.java:logGet(46)) - raft.netty.dataStream.client.worker-group.size = 4 (default)
2022-07-19 02:04:17,085 [s1-NettyServerStreamRpc-workerGroup--thread1] INFO  client.DataStreamClient (ConfUtils.java:logGet(46)) - raft.datastream.type = NETTY (custom)
2022-07-19 02:04:17,085 [s1-NettyServerStreamRpc-workerGroup--thread1] INFO  netty.NettyConfigKeys$DataStream (ConfUtils.java:logGet(46)) - raft.netty.dataStream.client.tls.conf = null (default)
2022-07-19 02:04:17,085 [s1-NettyServerStreamRpc-workerGroup--thread1] INFO  netty.NettyConfigKeys$DataStream (ConfUtils.java:logGet(46)) - raft.netty.dataStream.client.reply.queue.grace-period = 1s (default)
2022-07-19 02:04:17,085 [s1-NettyServerStreamRpc-workerGroup--thread1] INFO  netty.NettyConfigKeys$DataStream (ConfUtils.java:logGet(46)) - raft.netty.dataStream.client.worker-group.share = false (default)
2022-07-19 02:04:17,085 [s1-NettyServerStreamRpc-workerGroup--thread1] INFO  netty.NettyConfigKeys$DataStream (ConfUtils.java:logGet(46)) - raft.netty.dataStream.client.worker-group.size = 4 (default)
2022-07-19 02:04:17,087 [s0-NettyServerStreamRpc-bossGroup--thread1] INFO  logging.LoggingHandler (AbstractInternalLogger.java:log(148)) - [id: 0x50df74cb, L:/0.0.0.0:43161] READ: [id: 0x73b0de10, L:/127.0.0.1:43161 - R:/127.0.0.1:57800]
2022-07-19 02:04:17,087 [s0-NettyServerStreamRpc-bossGroup--thread1] INFO  logging.LoggingHandler (AbstractInternalLogger.java:log(148)) - [id: 0x50df74cb, L:/0.0.0.0:43161] READ: [id: 0x662ded30, L:/127.0.0.1:43161 - R:/127.0.0.1:57802]
2022-07-19 02:04:17,087 [s0-NettyServerStreamRpc-bossGroup--thread1] INFO  logging.LoggingHandler (AbstractInternalLogger.java:log(148)) - [id: 0x50df74cb, L:/0.0.0.0:43161] READ COMPLETE
2022-07-19 02:04:17,087 [s1-NettyServerStreamRpc-bossGroup--thread1] INFO  logging.LoggingHandler (AbstractInternalLogger.java:log(148)) - [id: 0x29642c8e, L:/0.0.0.0:40179] READ: [id: 0x71e5b889, L:/127.0.0.1:40179 - R:/127.0.0.1:57018]
2022-07-19 02:04:17,087 [s2-NettyServerStreamRpc-bossGroup--thread1] INFO  logging.LoggingHandler (AbstractInternalLogger.java:log(148)) - [id: 0xf4ac3f1a, L:/0.0.0.0:46481] READ: [id: 0x4f095c06, L:/127.0.0.1:46481 - R:/127.0.0.1:41244]
2022-07-19 02:04:17,087 [s1-NettyServerStreamRpc-bossGroup--thread1] INFO  logging.LoggingHandler (AbstractInternalLogger.java:log(148)) - [id: 0x29642c8e, L:/0.0.0.0:40179] READ COMPLETE
2022-07-19 02:04:17,089 [s1-NettyServerStreamRpc-workerGroup--thread4] INFO  client.DataStreamClient (ConfUtils.java:logGet(46)) - raft.datastream.type = NETTY (custom)
2022-07-19 02:04:17,089 [s1-NettyServerStreamRpc-workerGroup--thread4] INFO  netty.NettyConfigKeys$DataStream (ConfUtils.java:logGet(46)) - raft.netty.dataStream.client.tls.conf = null (default)
2022-07-19 02:04:17,089 [s1-NettyServerStreamRpc-workerGroup--thread4] INFO  netty.NettyConfigKeys$DataStream (ConfUtils.java:logGet(46)) - raft.netty.dataStream.client.reply.queue.grace-period = 1s (default)
2022-07-19 02:04:17,089 [s1-NettyServerStreamRpc-workerGroup--thread4] INFO  netty.NettyConfigKeys$DataStream (ConfUtils.java:logGet(46)) - raft.netty.dataStream.client.worker-group.share = false (default)
2022-07-19 02:04:17,089 [s0-NettyServerStreamRpc-workerGroup--thread4] INFO  client.DataStreamClient (ConfUtils.java:logGet(46)) - raft.datastream.type = NETTY (custom)
2022-07-19 02:04:17,089 [s0-NettyServerStreamRpc-workerGroup--thread4] INFO  netty.NettyConfigKeys$DataStream (ConfUtils.java:logGet(46)) - raft.netty.dataStream.client.tls.conf = null (default)
2022-07-19 02:04:17,089 [s0-NettyServerStreamRpc-workerGroup--thread4] INFO  netty.NettyConfigKeys$DataStream (ConfUtils.java:logGet(46)) - raft.netty.dataStream.client.reply.queue.grace-period = 1s (default)
2022-07-19 02:04:17,090 [s0-NettyServerStreamRpc-workerGroup--thread4] INFO  netty.NettyConfigKeys$DataStream (ConfUtils.java:logGet(46)) - raft.netty.dataStream.client.worker-group.share = false (default)
2022-07-19 02:04:17,090 [s0-NettyServerStreamRpc-workerGroup--thread4] INFO  netty.NettyConfigKeys$DataStream (ConfUtils.java:logGet(46)) - raft.netty.dataStream.client.worker-group.size = 4 (default)
2022-07-19 02:04:17,089 [s1-NettyServerStreamRpc-workerGroup--thread4] INFO  netty.NettyConfigKeys$DataStream (ConfUtils.java:logGet(46)) - raft.netty.dataStream.client.worker-group.size = 4 (default)
2022-07-19 02:04:17,092 [s2-NettyServerStreamRpc-workerGroup--thread1] INFO  client.DataStreamClient (ConfUtils.java:logGet(46)) - raft.datastream.type = NETTY (custom)
2022-07-19 02:04:17,092 [s2-NettyServerStreamRpc-workerGroup--thread1] INFO  netty.NettyConfigKeys$DataStream (ConfUtils.java:logGet(46)) - raft.netty.dataStream.client.tls.conf = null (default)
2022-07-19 02:04:17,093 [s2-NettyServerStreamRpc-workerGroup--thread1] INFO  netty.NettyConfigKeys$DataStream (ConfUtils.java:logGet(46)) - raft.netty.dataStream.client.reply.queue.grace-period = 1s (default)
2022-07-19 02:04:17,093 [s2-NettyServerStreamRpc-workerGroup--thread1] INFO  netty.NettyConfigKeys$DataStream (ConfUtils.java:logGet(46)) - raft.netty.dataStream.client.worker-group.share = false (default)
2022-07-19 02:04:17,093 [s2-NettyServerStreamRpc-workerGroup--thread1] INFO  netty.NettyConfigKeys$DataStream (ConfUtils.java:logGet(46)) - raft.netty.dataStream.client.worker-group.size = 4 (default)
2022-07-19 02:04:17,096 [s2-NettyServerStreamRpc-bossGroup--thread1] INFO  logging.LoggingHandler (AbstractInternalLogger.java:log(148)) - [id: 0xf4ac3f1a, L:/0.0.0.0:46481] READ: [id: 0x48c5199b, L:/127.0.0.1:46481 - R:/127.0.0.1:41246]
2022-07-19 02:04:17,099 [s1-NettyServerStreamRpc-bossGroup--thread1] INFO  logging.LoggingHandler (AbstractInternalLogger.java:log(148)) - [id: 0x29642c8e, L:/0.0.0.0:40179] READ: [id: 0xdf85a9fe, L:/127.0.0.1:40179 - R:/127.0.0.1:57030]
2022-07-19 02:04:17,099 [s0-NettyServerStreamRpc-bossGroup--thread1] INFO  logging.LoggingHandler (AbstractInternalLogger.java:log(148)) - [id: 0x50df74cb, L:/0.0.0.0:43161] READ: [id: 0x466f6c16, L:/127.0.0.1:43161 - R:/127.0.0.1:57808]
2022-07-19 02:04:17,099 [s1-NettyServerStreamRpc-bossGroup--thread1] INFO  logging.LoggingHandler (AbstractInternalLogger.java:log(148)) - [id: 0x29642c8e, L:/0.0.0.0:40179] READ COMPLETE
2022-07-19 02:04:17,099 [s0-NettyServerStreamRpc-bossGroup--thread1] INFO  logging.LoggingHandler (AbstractInternalLogger.java:log(148)) - [id: 0x50df74cb, L:/0.0.0.0:43161] READ COMPLETE
2022-07-19 02:04:17,100 [s0-NettyServerStreamRpc-bossGroup--thread1] INFO  logging.LoggingHandler (AbstractInternalLogger.java:log(148)) - [id: 0x50df74cb, L:/0.0.0.0:43161] READ: [id: 0x6335903b, L:/127.0.0.1:43161 - R:/127.0.0.1:57812]
2022-07-19 02:04:17,101 [s0-NettyServerStreamRpc-bossGroup--thread1] INFO  logging.LoggingHandler (AbstractInternalLogger.java:log(148)) - [id: 0x50df74cb, L:/0.0.0.0:43161] READ COMPLETE
2022-07-19 02:04:17,101 [s1-NettyServerStreamRpc-bossGroup--thread1] INFO  logging.LoggingHandler (AbstractInternalLogger.java:log(148)) - [id: 0x29642c8e, L:/0.0.0.0:40179] READ: [id: 0xd93d0ade, L:/127.0.0.1:40179 - R:/127.0.0.1:57034]
2022-07-19 02:04:17,102 [s1-NettyServerStreamRpc-bossGroup--thread1] INFO  logging.LoggingHandler (AbstractInternalLogger.java:log(148)) - [id: 0x29642c8e, L:/0.0.0.0:40179] READ COMPLETE
2022-07-19 02:04:17,106 [s0-NettyServerStreamRpc-workerGroup--thread2] INFO  client.DataStreamClient (ConfUtils.java:logGet(46)) - raft.datastream.type = NETTY (custom)
2022-07-19 02:04:17,106 [s0-NettyServerStreamRpc-workerGroup--thread2] INFO  netty.NettyConfigKeys$DataStream (ConfUtils.java:logGet(46)) - raft.netty.dataStream.client.tls.conf = null (default)
2022-07-19 02:04:17,106 [s0-NettyServerStreamRpc-workerGroup--thread2] INFO  netty.NettyConfigKeys$DataStream (ConfUtils.java:logGet(46)) - raft.netty.dataStream.client.reply.queue.grace-period = 1s (default)
2022-07-19 02:04:17,106 [s0-NettyServerStreamRpc-workerGroup--thread2] INFO  netty.NettyConfigKeys$DataStream (ConfUtils.java:logGet(46)) - raft.netty.dataStream.client.worker-group.share = false (default)
2022-07-19 02:04:17,106 [s0-NettyServerStreamRpc-workerGroup--thread2] INFO  netty.NettyConfigKeys$DataStream (ConfUtils.java:logGet(46)) - raft.netty.dataStream.client.worker-group.size = 4 (default)
2022-07-19 02:04:17,108 [s1-NettyServerStreamRpc-bossGroup--thread1] INFO  logging.LoggingHandler (AbstractInternalLogger.java:log(148)) - [id: 0x29642c8e, L:/0.0.0.0:40179] READ: [id: 0x63bfe24d, L:/127.0.0.1:40179 - R:/127.0.0.1:57036]
2022-07-19 02:04:17,108 [s1-NettyServerStreamRpc-bossGroup--thread1] INFO  logging.LoggingHandler (AbstractInternalLogger.java:log(148)) - [id: 0x29642c8e, L:/0.0.0.0:40179] READ COMPLETE
2022-07-19 02:04:17,109 [s0-NettyServerStreamRpc-workerGroup--thread1] INFO  client.DataStreamClient (ConfUtils.java:logGet(46)) - raft.datastream.type = NETTY (custom)
2022-07-19 02:04:17,110 [s0-NettyServerStreamRpc-workerGroup--thread1] INFO  netty.NettyConfigKeys$DataStream (ConfUtils.java:logGet(46)) - raft.netty.dataStream.client.tls.conf = null (default)
2022-07-19 02:04:17,113 [s0-NettyServerStreamRpc-workerGroup--thread1] INFO  netty.NettyConfigKeys$DataStream (ConfUtils.java:logGet(46)) - raft.netty.dataStream.client.reply.queue.grace-period = 1s (default)
2022-07-19 02:04:17,114 [s0-NettyServerStreamRpc-workerGroup--thread1] INFO  netty.NettyConfigKeys$DataStream (ConfUtils.java:logGet(46)) - raft.netty.dataStream.client.worker-group.share = false (default)
2022-07-19 02:04:17,114 [s0-NettyServerStreamRpc-workerGroup--thread1] INFO  netty.NettyConfigKeys$DataStream (ConfUtils.java:logGet(46)) - raft.netty.dataStream.client.worker-group.size = 4 (default)
2022-07-19 02:04:17,115 [s1-NettyServerStreamRpc-workerGroup--thread3] INFO  client.DataStreamClient (ConfUtils.java:logGet(46)) - raft.datastream.type = NETTY (custom)
2022-07-19 02:04:17,115 [s1-NettyServerStreamRpc-workerGroup--thread3] INFO  netty.NettyConfigKeys$DataStream (ConfUtils.java:logGet(46)) - raft.netty.dataStream.client.tls.conf = null (default)
2022-07-19 02:04:17,115 [s1-NettyServerStreamRpc-workerGroup--thread3] INFO  netty.NettyConfigKeys$DataStream (ConfUtils.java:logGet(46)) - raft.netty.dataStream.client.reply.queue.grace-period = 1s (default)
2022-07-19 02:04:17,115 [s1-NettyServerStreamRpc-workerGroup--thread3] INFO  netty.NettyConfigKeys$DataStream (ConfUtils.java:logGet(46)) - raft.netty.dataStream.client.worker-group.share = false (default)
2022-07-19 02:04:17,115 [s1-NettyServerStreamRpc-workerGroup--thread3] INFO  netty.NettyConfigKeys$DataStream (ConfUtils.java:logGet(46)) - raft.netty.dataStream.client.worker-group.size = 4 (default)
2022-07-19 02:04:17,117 [s0-NettyServerStreamRpc-bossGroup--thread1] INFO  logging.LoggingHandler (AbstractInternalLogger.java:log(148)) - [id: 0x50df74cb, L:/0.0.0.0:43161] READ: [id: 0xb88237d6, L:/127.0.0.1:43161 - R:/127.0.0.1:57818]
2022-07-19 02:04:17,117 [s0-NettyServerStreamRpc-bossGroup--thread1] INFO  logging.LoggingHandler (AbstractInternalLogger.java:log(148)) - [id: 0x50df74cb, L:/0.0.0.0:43161] READ COMPLETE
2022-07-19 02:04:17,122 [s2-NettyServerStreamRpc-bossGroup--thread1] INFO  logging.LoggingHandler (AbstractInternalLogger.java:log(148)) - [id: 0xf4ac3f1a, L:/0.0.0.0:46481] READ COMPLETE
2022-07-19 02:04:17,123 [s2-NettyServerStreamRpc-bossGroup--thread1] INFO  logging.LoggingHandler (AbstractInternalLogger.java:log(148)) - [id: 0xf4ac3f1a, L:/0.0.0.0:46481] READ: [id: 0x37677adc, L:/127.0.0.1:46481 - R:/127.0.0.1:41254]
2022-07-19 02:04:17,125 [s0-NettyServerStreamRpc-bossGroup--thread1] INFO  logging.LoggingHandler (AbstractInternalLogger.java:log(148)) - [id: 0x50df74cb, L:/0.0.0.0:43161] READ: [id: 0x1d8e61ea, L:/127.0.0.1:43161 - R:/127.0.0.1:57820]
2022-07-19 02:04:17,126 [s0-NettyServerStreamRpc-bossGroup--thread1] INFO  logging.LoggingHandler (AbstractInternalLogger.java:log(148)) - [id: 0x50df74cb, L:/0.0.0.0:43161] READ COMPLETE
2022-07-19 02:04:17,127 [s2-NettyServerStreamRpc-bossGroup--thread1] INFO  logging.LoggingHandler (AbstractInternalLogger.java:log(148)) - [id: 0xf4ac3f1a, L:/0.0.0.0:46481] READ: [id: 0x658f2690, L:/127.0.0.1:46481 - R:/127.0.0.1:41256]
2022-07-19 02:04:17,127 [s2-NettyServerStreamRpc-bossGroup--thread1] INFO  logging.LoggingHandler (AbstractInternalLogger.java:log(148)) - [id: 0xf4ac3f1a, L:/0.0.0.0:46481] READ COMPLETE
2022-07-19 02:04:17,130 [s1-NettyServerStreamRpc-workerGroup--thread1] INFO  client.DataStreamClient (ConfUtils.java:logGet(46)) - raft.datastream.type = NETTY (custom)
2022-07-19 02:04:17,131 [s1-NettyServerStreamRpc-workerGroup--thread1] INFO  netty.NettyConfigKeys$DataStream (ConfUtils.java:logGet(46)) - raft.netty.dataStream.client.tls.conf = null (default)
2022-07-19 02:04:17,131 [s1-NettyServerStreamRpc-workerGroup--thread1] INFO  netty.NettyConfigKeys$DataStream (ConfUtils.java:logGet(46)) - raft.netty.dataStream.client.reply.queue.grace-period = 1s (default)
2022-07-19 02:04:17,131 [s1-NettyServerStreamRpc-workerGroup--thread1] INFO  netty.NettyConfigKeys$DataStream (ConfUtils.java:logGet(46)) - raft.netty.dataStream.client.worker-group.share = false (default)
2022-07-19 02:04:17,131 [s1-NettyServerStreamRpc-workerGroup--thread1] INFO  netty.NettyConfigKeys$DataStream (ConfUtils.java:logGet(46)) - raft.netty.dataStream.client.worker-group.size = 4 (default)
2022-07-19 02:04:17,133 [s0-NettyServerStreamRpc-bossGroup--thread1] INFO  logging.LoggingHandler (AbstractInternalLogger.java:log(148)) - [id: 0x50df74cb, L:/0.0.0.0:43161] READ: [id: 0xd555d5ed, L:/127.0.0.1:43161 - R:/127.0.0.1:57822]
2022-07-19 02:04:17,133 [s0-NettyServerStreamRpc-bossGroup--thread1] INFO  logging.LoggingHandler (AbstractInternalLogger.java:log(148)) - [id: 0x50df74cb, L:/0.0.0.0:43161] READ COMPLETE
2022-07-19 02:04:17,134 [s1-NettyServerStreamRpc-workerGroup--thread3] INFO  client.DataStreamClient (ConfUtils.java:logGet(46)) - raft.datastream.type = NETTY (custom)
2022-07-19 02:04:17,134 [s1-NettyServerStreamRpc-workerGroup--thread3] INFO  netty.NettyConfigKeys$DataStream (ConfUtils.java:logGet(46)) - raft.netty.dataStream.client.tls.conf = null (default)
2022-07-19 02:04:17,134 [s1-NettyServerStreamRpc-workerGroup--thread3] INFO  netty.NettyConfigKeys$DataStream (ConfUtils.java:logGet(46)) - raft.netty.dataStream.client.reply.queue.grace-period = 1s (default)
2022-07-19 02:04:17,134 [s1-NettyServerStreamRpc-workerGroup--thread3] INFO  netty.NettyConfigKeys$DataStream (ConfUtils.java:logGet(46)) - raft.netty.dataStream.client.worker-group.share = false (default)
2022-07-19 02:04:17,134 [s1-NettyServerStreamRpc-workerGroup--thread3] INFO  netty.NettyConfigKeys$DataStream (ConfUtils.java:logGet(46)) - raft.netty.dataStream.client.worker-group.size = 4 (default)
2022-07-19 02:04:17,136 [s1-NettyServerStreamRpc-bossGroup--thread1] INFO  logging.LoggingHandler (AbstractInternalLogger.java:log(148)) - [id: 0x29642c8e, L:/0.0.0.0:40179] READ: [id: 0x0bdb6edb, L:/127.0.0.1:40179 - R:/127.0.0.1:57044]
2022-07-19 02:04:17,136 [s1-NettyServerStreamRpc-bossGroup--thread1] INFO  logging.LoggingHandler (AbstractInternalLogger.java:log(148)) - [id: 0x29642c8e, L:/0.0.0.0:40179] READ COMPLETE
2022-07-19 02:04:17,137 [s0-NettyServerStreamRpc-workerGroup--thread2] INFO  client.DataStreamClient (ConfUtils.java:logGet(46)) - raft.datastream.type = NETTY (custom)
2022-07-19 02:04:17,137 [s0-NettyServerStreamRpc-workerGroup--thread2] INFO  netty.NettyConfigKeys$DataStream (ConfUtils.java:logGet(46)) - raft.netty.dataStream.client.tls.conf = null (default)
2022-07-19 02:04:17,137 [s0-NettyServerStreamRpc-workerGroup--thread2] INFO  netty.NettyConfigKeys$DataStream (ConfUtils.java:logGet(46)) - raft.netty.dataStream.client.reply.queue.grace-period = 1s (default)
2022-07-19 02:04:17,138 [s0-NettyServerStreamRpc-workerGroup--thread2] INFO  netty.NettyConfigKeys$DataStream (ConfUtils.java:logGet(46)) - raft.netty.dataStream.client.worker-group.share = false (default)
2022-07-19 02:04:17,138 [s0-NettyServerStreamRpc-workerGroup--thread2] INFO  netty.NettyConfigKeys$DataStream (ConfUtils.java:logGet(46)) - raft.netty.dataStream.client.worker-group.size = 4 (default)
2022-07-19 02:04:17,144 [s1-NettyServerStreamRpc-workerGroup--thread1] INFO  client.DataStreamClient (ConfUtils.java:logGet(46)) - raft.datastream.type = NETTY (custom)
2022-07-19 02:04:17,145 [s1-NettyServerStreamRpc-workerGroup--thread1] INFO  netty.NettyConfigKeys$DataStream (ConfUtils.java:logGet(46)) - raft.netty.dataStream.client.tls.conf = null (default)
2022-07-19 02:04:17,145 [s1-NettyServerStreamRpc-workerGroup--thread1] INFO  netty.NettyConfigKeys$DataStream (ConfUtils.java:logGet(46)) - raft.netty.dataStream.client.reply.queue.grace-period = 1s (default)
2022-07-19 02:04:17,145 [s1-NettyServerStreamRpc-workerGroup--thread1] INFO  netty.NettyConfigKeys$DataStream (ConfUtils.java:logGet(46)) - raft.netty.dataStream.client.worker-group.share = false (default)
2022-07-19 02:04:17,145 [s1-NettyServerStreamRpc-workerGroup--thread1] INFO  netty.NettyConfigKeys$DataStream (ConfUtils.java:logGet(46)) - raft.netty.dataStream.client.worker-group.size = 4 (default)
2022-07-19 02:04:17,151 [s2-NettyServerStreamRpc-workerGroup--thread1] INFO  client.DataStreamClient (ConfUtils.java:logGet(46)) - raft.datastream.type = NETTY (custom)
2022-07-19 02:04:17,151 [s2-NettyServerStreamRpc-workerGroup--thread1] INFO  netty.NettyConfigKeys$DataStream (ConfUtils.java:logGet(46)) - raft.netty.dataStream.client.tls.conf = null (default)
2022-07-19 02:04:17,151 [s2-NettyServerStreamRpc-workerGroup--thread1] INFO  netty.NettyConfigKeys$DataStream (ConfUtils.java:logGet(46)) - raft.netty.dataStream.client.reply.queue.grace-period = 1s (default)
2022-07-19 02:04:17,151 [s2-NettyServerStreamRpc-workerGroup--thread1] INFO  netty.NettyConfigKeys$DataStream (ConfUtils.java:logGet(46)) - raft.netty.dataStream.client.worker-group.share = false (default)
2022-07-19 02:04:17,152 [s2-NettyServerStreamRpc-workerGroup--thread1] INFO  netty.NettyConfigKeys$DataStream (ConfUtils.java:logGet(46)) - raft.netty.dataStream.client.worker-group.size = 4 (default)
2022-07-19 02:04:17,155 [s0-NettyServerStreamRpc-bossGroup--thread1] INFO  logging.LoggingHandler (AbstractInternalLogger.java:log(148)) - [id: 0x50df74cb, L:/0.0.0.0:43161] READ: [id: 0x1470c466, L:/127.0.0.1:43161 - R:/127.0.0.1:57826]
2022-07-19 02:04:17,155 [s0-NettyServerStreamRpc-bossGroup--thread1] INFO  logging.LoggingHandler (AbstractInternalLogger.java:log(148)) - [id: 0x50df74cb, L:/0.0.0.0:43161] READ COMPLETE
2022-07-19 02:04:17,156 [s0-NettyServerStreamRpc-bossGroup--thread1] INFO  logging.LoggingHandler (AbstractInternalLogger.java:log(148)) - [id: 0x50df74cb, L:/0.0.0.0:43161] READ: [id: 0x2c80293c, L:/127.0.0.1:43161 - R:/127.0.0.1:57828]
2022-07-19 02:04:17,156 [s0-NettyServerStreamRpc-bossGroup--thread1] INFO  logging.LoggingHandler (AbstractInternalLogger.java:log(148)) - [id: 0x50df74cb, L:/0.0.0.0:43161] READ COMPLETE
2022-07-19 02:04:17,156 [s1-NettyServerStreamRpc-workerGroup--thread4] INFO  client.DataStreamClient (ConfUtils.java:logGet(46)) - raft.datastream.type = NETTY (custom)
2022-07-19 02:04:17,156 [s1-NettyServerStreamRpc-workerGroup--thread4] INFO  netty.NettyConfigKeys$DataStream (ConfUtils.java:logGet(46)) - raft.netty.dataStream.client.tls.conf = null (default)
2022-07-19 02:04:17,157 [s1-NettyServerStreamRpc-workerGroup--thread4] INFO  netty.NettyConfigKeys$DataStream (ConfUtils.java:logGet(46)) - raft.netty.dataStream.client.reply.queue.grace-period = 1s (default)
2022-07-19 02:04:17,157 [s1-NettyServerStreamRpc-workerGroup--thread4] INFO  netty.NettyConfigKeys$DataStream (ConfUtils.java:logGet(46)) - raft.netty.dataStream.client.worker-group.share = false (default)
2022-07-19 02:04:17,193 [s1-NettyServerStreamRpc-workerGroup--thread4] INFO  netty.NettyConfigKeys$DataStream (ConfUtils.java:logGet(46)) - raft.netty.dataStream.client.worker-group.size = 4 (default)
2022-07-19 02:04:17,191 [s0-NettyServerStreamRpc-workerGroup--thread1] INFO  client.DataStreamClient (ConfUtils.java:logGet(46)) - raft.datastream.type = NETTY (custom)
2022-07-19 02:04:17,194 [s0-NettyServerStreamRpc-workerGroup--thread1] INFO  netty.NettyConfigKeys$DataStream (ConfUtils.java:logGet(46)) - raft.netty.dataStream.client.tls.conf = null (default)
2022-07-19 02:04:17,194 [s0-NettyServerStreamRpc-workerGroup--thread1] INFO  netty.NettyConfigKeys$DataStream (ConfUtils.java:logGet(46)) - raft.netty.dataStream.client.reply.queue.grace-period = 1s (default)
2022-07-19 02:04:17,194 [s0-NettyServerStreamRpc-workerGroup--thread1] INFO  netty.NettyConfigKeys$DataStream (ConfUtils.java:logGet(46)) - raft.netty.dataStream.client.worker-group.share = false (default)
2022-07-19 02:04:17,194 [s0-NettyServerStreamRpc-workerGroup--thread1] INFO  netty.NettyConfigKeys$DataStream (ConfUtils.java:logGet(46)) - raft.netty.dataStream.client.worker-group.size = 4 (default)
2022-07-19 02:04:17,190 [s0-NettyServerStreamRpc-workerGroup--thread3] INFO  client.DataStreamClient (ConfUtils.java:logGet(46)) - raft.datastream.type = NETTY (custom)
2022-07-19 02:04:17,195 [s0-NettyServerStreamRpc-workerGroup--thread3] INFO  netty.NettyConfigKeys$DataStream (ConfUtils.java:logGet(46)) - raft.netty.dataStream.client.tls.conf = null (default)
2022-07-19 02:04:17,195 [s0-NettyServerStreamRpc-workerGroup--thread3] INFO  netty.NettyConfigKeys$DataStream (ConfUtils.java:logGet(46)) - raft.netty.dataStream.client.reply.queue.grace-period = 1s (default)
2022-07-19 02:04:17,195 [s0-NettyServerStreamRpc-workerGroup--thread3] INFO  netty.NettyConfigKeys$DataStream (ConfUtils.java:logGet(46)) - raft.netty.dataStream.client.worker-group.share = false (default)
2022-07-19 02:04:17,195 [s0-NettyServerStreamRpc-workerGroup--thread3] INFO  netty.NettyConfigKeys$DataStream (ConfUtils.java:logGet(46)) - raft.netty.dataStream.client.worker-group.size = 4 (default)
2022-07-19 02:04:17,189 [s0-NettyServerStreamRpc-workerGroup--thread2] INFO  client.DataStreamClient (ConfUtils.java:logGet(46)) - raft.datastream.type = NETTY (custom)
2022-07-19 02:04:17,196 [s0-NettyServerStreamRpc-workerGroup--thread2] INFO  netty.NettyConfigKeys$DataStream (ConfUtils.java:logGet(46)) - raft.netty.dataStream.client.tls.conf = null (default)
2022-07-19 02:04:17,196 [s0-NettyServerStreamRpc-workerGroup--thread2] INFO  netty.NettyConfigKeys$DataStream (ConfUtils.java:logGet(46)) - raft.netty.dataStream.client.reply.queue.grace-period = 1s (default)
2022-07-19 02:04:17,196 [s0-NettyServerStreamRpc-workerGroup--thread2] INFO  netty.NettyConfigKeys$DataStream (ConfUtils.java:logGet(46)) - raft.netty.dataStream.client.worker-group.share = false (default)
2022-07-19 02:04:17,196 [s0-NettyServerStreamRpc-workerGroup--thread2] INFO  netty.NettyConfigKeys$DataStream (ConfUtils.java:logGet(46)) - raft.netty.dataStream.client.worker-group.size = 4 (default)
2022-07-19 02:04:17,188 [s1-NettyServerStreamRpc-bossGroup--thread1] INFO  logging.LoggingHandler (AbstractInternalLogger.java:log(148)) - [id: 0x29642c8e, L:/0.0.0.0:40179] READ: [id: 0x3272887f, L:/127.0.0.1:40179 - R:/127.0.0.1:57052]
2022-07-19 02:04:17,197 [s1-NettyServerStreamRpc-bossGroup--thread1] INFO  logging.LoggingHandler (AbstractInternalLogger.java:log(148)) - [id: 0x29642c8e, L:/0.0.0.0:40179] READ COMPLETE
2022-07-19 02:04:17,170 [s1-NettyServerStreamRpc-workerGroup--thread1] INFO  client.DataStreamClient (ConfUtils.java:logGet(46)) - raft.datastream.type = NETTY (custom)
2022-07-19 02:04:17,197 [s1-NettyServerStreamRpc-workerGroup--thread1] INFO  netty.NettyConfigKeys$DataStream (ConfUtils.java:logGet(46)) - raft.netty.dataStream.client.tls.conf = null (default)
2022-07-19 02:04:17,198 [s1-NettyServerStreamRpc-workerGroup--thread1] INFO  netty.NettyConfigKeys$DataStream (ConfUtils.java:logGet(46)) - raft.netty.dataStream.client.reply.queue.grace-period = 1s (default)
2022-07-19 02:04:17,198 [s1-NettyServerStreamRpc-workerGroup--thread1] INFO  netty.NettyConfigKeys$DataStream (ConfUtils.java:logGet(46)) - raft.netty.dataStream.client.worker-group.share = false (default)
2022-07-19 02:04:17,198 [s1-NettyServerStreamRpc-workerGroup--thread1] INFO  netty.NettyConfigKeys$DataStream (ConfUtils.java:logGet(46)) - raft.netty.dataStream.client.worker-group.size = 4 (default)
2022-07-19 02:04:17,169 [s0-NettyServerStreamRpc-bossGroup--thread1] INFO  logging.LoggingHandler (AbstractInternalLogger.java:log(148)) - [id: 0x50df74cb, L:/0.0.0.0:43161] READ: [id: 0xfe0ca0b8, L:/127.0.0.1:43161 - R:/127.0.0.1:57830]
2022-07-19 02:04:17,198 [s0-NettyServerStreamRpc-bossGroup--thread1] INFO  logging.LoggingHandler (AbstractInternalLogger.java:log(148)) - [id: 0x50df74cb, L:/0.0.0.0:43161] READ COMPLETE
2022-07-19 02:04:17,199 [s0-NettyServerStreamRpc-workerGroup--thread4] INFO  client.DataStreamClient (ConfUtils.java:logGet(46)) - raft.datastream.type = NETTY (custom)
2022-07-19 02:04:17,199 [s0-NettyServerStreamRpc-workerGroup--thread4] INFO  netty.NettyConfigKeys$DataStream (ConfUtils.java:logGet(46)) - raft.netty.dataStream.client.tls.conf = null (default)
2022-07-19 02:04:17,199 [s0-NettyServerStreamRpc-workerGroup--thread4] INFO  netty.NettyConfigKeys$DataStream (ConfUtils.java:logGet(46)) - raft.netty.dataStream.client.reply.queue.grace-period = 1s (default)
2022-07-19 02:04:17,200 [s0-NettyServerStreamRpc-workerGroup--thread4] INFO  netty.NettyConfigKeys$DataStream (ConfUtils.java:logGet(46)) - raft.netty.dataStream.client.worker-group.share = false (default)
2022-07-19 02:04:17,200 [s0-NettyServerStreamRpc-workerGroup--thread4] INFO  netty.NettyConfigKeys$DataStream (ConfUtils.java:logGet(46)) - raft.netty.dataStream.client.worker-group.size = 4 (default)
2022-07-19 02:04:17,203 [s2-NettyServerStreamRpc-bossGroup--thread1] INFO  logging.LoggingHandler (AbstractInternalLogger.java:log(148)) - [id: 0xf4ac3f1a, L:/0.0.0.0:46481] READ: [id: 0x02ec4bef, L:/127.0.0.1:46481 - R:/127.0.0.1:41284]
2022-07-19 02:04:17,203 [s2-NettyServerStreamRpc-bossGroup--thread1] INFO  logging.LoggingHandler (AbstractInternalLogger.java:log(148)) - [id: 0xf4ac3f1a, L:/0.0.0.0:46481] READ COMPLETE
2022-07-19 02:04:17,204 [s1-NettyServerStreamRpc-workerGroup--thread3] INFO  client.DataStreamClient (ConfUtils.java:logGet(46)) - raft.datastream.type = NETTY (custom)
2022-07-19 02:04:17,204 [s1-NettyServerStreamRpc-workerGroup--thread3] INFO  netty.NettyConfigKeys$DataStream (ConfUtils.java:logGet(46)) - raft.netty.dataStream.client.tls.conf = null (default)
2022-07-19 02:04:17,204 [s1-NettyServerStreamRpc-workerGroup--thread3] INFO  netty.NettyConfigKeys$DataStream (ConfUtils.java:logGet(46)) - raft.netty.dataStream.client.reply.queue.grace-period = 1s (default)
2022-07-19 02:04:17,204 [s1-NettyServerStreamRpc-workerGroup--thread3] INFO  netty.NettyConfigKeys$DataStream (ConfUtils.java:logGet(46)) - raft.netty.dataStream.client.worker-group.share = false (default)
2022-07-19 02:04:17,204 [s1-NettyServerStreamRpc-workerGroup--thread3] INFO  netty.NettyConfigKeys$DataStream (ConfUtils.java:logGet(46)) - raft.netty.dataStream.client.worker-group.size = 4 (default)
2022-07-19 02:04:17,207 [s2-NettyServerStreamRpc-workerGroup--thread1] INFO  client.DataStreamClient (ConfUtils.java:logGet(46)) - raft.datastream.type = NETTY (custom)
2022-07-19 02:04:17,207 [s2-NettyServerStreamRpc-workerGroup--thread1] INFO  netty.NettyConfigKeys$DataStream (ConfUtils.java:logGet(46)) - raft.netty.dataStream.client.tls.conf = null (default)
2022-07-19 02:04:17,207 [s2-NettyServerStreamRpc-workerGroup--thread1] INFO  netty.NettyConfigKeys$DataStream (ConfUtils.java:logGet(46)) - raft.netty.dataStream.client.reply.queue.grace-period = 1s (default)
2022-07-19 02:04:17,207 [s2-NettyServerStreamRpc-workerGroup--thread1] INFO  netty.NettyConfigKeys$DataStream (ConfUtils.java:logGet(46)) - raft.netty.dataStream.client.worker-group.share = false (default)
2022-07-19 02:04:17,208 [s2-NettyServerStreamRpc-workerGroup--thread1] INFO  netty.NettyConfigKeys$DataStream (ConfUtils.java:logGet(46)) - raft.netty.dataStream.client.worker-group.size = 4 (default)
2022-07-19 02:04:17,209 [s0-NettyServerStreamRpc-bossGroup--thread1] INFO  logging.LoggingHandler (AbstractInternalLogger.java:log(148)) - [id: 0x50df74cb, L:/0.0.0.0:43161] READ: [id: 0x38fb5a0a, L:/127.0.0.1:43161 - R:/127.0.0.1:57836]
2022-07-19 02:04:17,209 [s0-NettyServerStreamRpc-bossGroup--thread1] INFO  logging.LoggingHandler (AbstractInternalLogger.java:log(148)) - [id: 0x50df74cb, L:/0.0.0.0:43161] READ COMPLETE
2022-07-19 02:04:17,212 [s1-NettyServerStreamRpc-workerGroup--thread2] INFO  client.DataStreamClient (ConfUtils.java:logGet(46)) - raft.datastream.type = NETTY (custom)
2022-07-19 02:04:17,212 [s1-NettyServerStreamRpc-workerGroup--thread2] INFO  netty.NettyConfigKeys$DataStream (ConfUtils.java:logGet(46)) - raft.netty.dataStream.client.tls.conf = null (default)
2022-07-19 02:04:17,213 [s1-NettyServerStreamRpc-workerGroup--thread2] INFO  netty.NettyConfigKeys$DataStream (ConfUtils.java:logGet(46)) - raft.netty.dataStream.client.reply.queue.grace-period = 1s (default)
2022-07-19 02:04:17,213 [s1-NettyServerStreamRpc-workerGroup--thread2] INFO  netty.NettyConfigKeys$DataStream (ConfUtils.java:logGet(46)) - raft.netty.dataStream.client.worker-group.share = false (default)
2022-07-19 02:04:17,213 [s1-NettyServerStreamRpc-workerGroup--thread2] INFO  netty.NettyConfigKeys$DataStream (ConfUtils.java:logGet(46)) - raft.netty.dataStream.client.worker-group.size = 4 (default)
2022-07-19 02:04:17,217 [s2-NettyServerStreamRpc-workerGroup--thread1] INFO  client.DataStreamClient (ConfUtils.java:logGet(46)) - raft.datastream.type = NETTY (custom)
2022-07-19 02:04:17,217 [s2-NettyServerStreamRpc-workerGroup--thread1] INFO  netty.NettyConfigKeys$DataStream (ConfUtils.java:logGet(46)) - raft.netty.dataStream.client.tls.conf = null (default)
2022-07-19 02:04:17,218 [s2-NettyServerStreamRpc-workerGroup--thread1] INFO  netty.NettyConfigKeys$DataStream (ConfUtils.java:logGet(46)) - raft.netty.dataStream.client.reply.queue.grace-period = 1s (default)
2022-07-19 02:04:17,218 [s2-NettyServerStreamRpc-workerGroup--thread1] INFO  netty.NettyConfigKeys$DataStream (ConfUtils.java:logGet(46)) - raft.netty.dataStream.client.worker-group.share = false (default)
2022-07-19 02:04:17,218 [s2-NettyServerStreamRpc-workerGroup--thread1] INFO  netty.NettyConfigKeys$DataStream (ConfUtils.java:logGet(46)) - raft.netty.dataStream.client.worker-group.size = 4 (default)
2022-07-19 02:04:17,219 [s0-NettyServerStreamRpc-bossGroup--thread1] INFO  logging.LoggingHandler (AbstractInternalLogger.java:log(148)) - [id: 0x50df74cb, L:/0.0.0.0:43161] READ: [id: 0x29dda290, L:/127.0.0.1:43161 - R:/127.0.0.1:57838]
2022-07-19 02:04:17,220 [s0-NettyServerStreamRpc-bossGroup--thread1] INFO  logging.LoggingHandler (AbstractInternalLogger.java:log(148)) - [id: 0x50df74cb, L:/0.0.0.0:43161] READ COMPLETE
2022-07-19 02:04:17,235 [s0-NettyServerStreamRpc-workerGroup--thread1] INFO  client.DataStreamClient (ConfUtils.java:logGet(46)) - raft.datastream.type = NETTY (custom)
2022-07-19 02:04:17,235 [s0-NettyServerStreamRpc-workerGroup--thread1] INFO  netty.NettyConfigKeys$DataStream (ConfUtils.java:logGet(46)) - raft.netty.dataStream.client.tls.conf = null (default)
2022-07-19 02:04:17,235 [s0-NettyServerStreamRpc-workerGroup--thread1] INFO  netty.NettyConfigKeys$DataStream (ConfUtils.java:logGet(46)) - raft.netty.dataStream.client.reply.queue.grace-period = 1s (default)
2022-07-19 02:04:17,235 [s0-NettyServerStreamRpc-workerGroup--thread1] INFO  netty.NettyConfigKeys$DataStream (ConfUtils.java:logGet(46)) - raft.netty.dataStream.client.worker-group.share = false (default)
2022-07-19 02:04:17,235 [s0-NettyServerStreamRpc-workerGroup--thread1] INFO  netty.NettyConfigKeys$DataStream (ConfUtils.java:logGet(46)) - raft.netty.dataStream.client.worker-group.size = 4 (default)
2022-07-19 02:04:17,235 [s0-NettyServerStreamRpc-workerGroup--thread3] INFO  client.DataStreamClient (ConfUtils.java:logGet(46)) - raft.datastream.type = NETTY (custom)
2022-07-19 02:04:17,236 [s0-NettyServerStreamRpc-workerGroup--thread3] INFO  netty.NettyConfigKeys$DataStream (ConfUtils.java:logGet(46)) - raft.netty.dataStream.client.tls.conf = null (default)
2022-07-19 02:04:17,236 [s0-NettyServerStreamRpc-workerGroup--thread3] INFO  netty.NettyConfigKeys$DataStream (ConfUtils.java:logGet(46)) - raft.netty.dataStream.client.reply.queue.grace-period = 1s (default)
2022-07-19 02:04:17,236 [s0-NettyServerStreamRpc-workerGroup--thread3] INFO  netty.NettyConfigKeys$DataStream (ConfUtils.java:logGet(46)) - raft.netty.dataStream.client.worker-group.share = false (default)
2022-07-19 02:04:17,236 [s0-NettyServerStreamRpc-workerGroup--thread3] INFO  netty.NettyConfigKeys$DataStream (ConfUtils.java:logGet(46)) - raft.netty.dataStream.client.worker-group.size = 4 (default)
2022-07-19 02:04:17,236 [s2-NettyServerStreamRpc-workerGroup--thread1] INFO  client.DataStreamClient (ConfUtils.java:logGet(46)) - raft.datastream.type = NETTY (custom)
2022-07-19 02:04:17,236 [s2-NettyServerStreamRpc-workerGroup--thread1] INFO  netty.NettyConfigKeys$DataStream (ConfUtils.java:logGet(46)) - raft.netty.dataStream.client.tls.conf = null (default)
2022-07-19 02:04:17,237 [s2-NettyServerStreamRpc-workerGroup--thread1] INFO  netty.NettyConfigKeys$DataStream (ConfUtils.java:logGet(46)) - raft.netty.dataStream.client.reply.queue.grace-period = 1s (default)
2022-07-19 02:04:17,237 [s2-NettyServerStreamRpc-workerGroup--thread1] INFO  netty.NettyConfigKeys$DataStream (ConfUtils.java:logGet(46)) - raft.netty.dataStream.client.worker-group.share = false (default)
2022-07-19 02:04:17,237 [s2-NettyServerStreamRpc-workerGroup--thread1] INFO  netty.NettyConfigKeys$DataStream (ConfUtils.java:logGet(46)) - raft.netty.dataStream.client.worker-group.size = 4 (default)
2022-07-19 02:04:17,238 [s1-NettyServerStreamRpc-workerGroup--thread1] INFO  client.DataStreamClient (ConfUtils.java:logGet(46)) - raft.datastream.type = NETTY (custom)
2022-07-19 02:04:17,238 [s1-NettyServerStreamRpc-workerGroup--thread1] INFO  netty.NettyConfigKeys$DataStream (ConfUtils.java:logGet(46)) - raft.netty.dataStream.client.tls.conf = null (default)
2022-07-19 02:04:17,239 [s1-NettyServerStreamRpc-workerGroup--thread1] INFO  netty.NettyConfigKeys$DataStream (ConfUtils.java:logGet(46)) - raft.netty.dataStream.client.reply.queue.grace-period = 1s (default)
2022-07-19 02:04:17,239 [s1-NettyServerStreamRpc-workerGroup--thread1] INFO  netty.NettyConfigKeys$DataStream (ConfUtils.java:logGet(46)) - raft.netty.dataStream.client.worker-group.share = false (default)
2022-07-19 02:04:17,239 [s1-NettyServerStreamRpc-workerGroup--thread1] INFO  netty.NettyConfigKeys$DataStream (ConfUtils.java:logGet(46)) - raft.netty.dataStream.client.worker-group.size = 4 (default)
2022-07-19 02:04:17,240 [s1-NettyServerStreamRpc-workerGroup--thread3] INFO  client.DataStreamClient (ConfUtils.java:logGet(46)) - raft.datastream.type = NETTY (custom)
2022-07-19 02:04:17,240 [s1-NettyServerStreamRpc-workerGroup--thread3] INFO  netty.NettyConfigKeys$DataStream (ConfUtils.java:logGet(46)) - raft.netty.dataStream.client.tls.conf = null (default)
2022-07-19 02:04:17,241 [s1-NettyServerStreamRpc-workerGroup--thread3] INFO  netty.NettyConfigKeys$DataStream (ConfUtils.java:logGet(46)) - raft.netty.dataStream.client.reply.queue.grace-period = 1s (default)
2022-07-19 02:04:17,241 [s1-NettyServerStreamRpc-workerGroup--thread3] INFO  netty.NettyConfigKeys$DataStream (ConfUtils.java:logGet(46)) - raft.netty.dataStream.client.worker-group.share = false (default)
2022-07-19 02:04:17,241 [s1-NettyServerStreamRpc-workerGroup--thread3] INFO  netty.NettyConfigKeys$DataStream (ConfUtils.java:logGet(46)) - raft.netty.dataStream.client.worker-group.size = 4 (default)
2022-07-19 02:04:17,242 [s2-NettyServerStreamRpc-bossGroup--thread1] INFO  logging.LoggingHandler (AbstractInternalLogger.java:log(148)) - [id: 0xf4ac3f1a, L:/0.0.0.0:46481] READ: [id: 0xf23a9840, L:/127.0.0.1:46481 - R:/127.0.0.1:41290]
2022-07-19 02:04:17,242 [s2-NettyServerStreamRpc-bossGroup--thread1] INFO  logging.LoggingHandler (AbstractInternalLogger.java:log(148)) - [id: 0xf4ac3f1a, L:/0.0.0.0:46481] READ: [id: 0xc217abfa, L:/127.0.0.1:46481 - R:/127.0.0.1:41292]
2022-07-19 02:04:17,242 [s2-NettyServerStreamRpc-bossGroup--thread1] INFO  logging.LoggingHandler (AbstractInternalLogger.java:log(148)) - [id: 0xf4ac3f1a, L:/0.0.0.0:46481] READ COMPLETE
2022-07-19 02:04:17,242 [s2-NettyServerStreamRpc-bossGroup--thread1] INFO  logging.LoggingHandler (AbstractInternalLogger.java:log(148)) - [id: 0xf4ac3f1a, L:/0.0.0.0:46481] READ: [id: 0x4e9497a5, L:/127.0.0.1:46481 - R:/127.0.0.1:41294]
2022-07-19 02:04:17,243 [s2-NettyServerStreamRpc-bossGroup--thread1] INFO  logging.LoggingHandler (AbstractInternalLogger.java:log(148)) - [id: 0xf4ac3f1a, L:/0.0.0.0:46481] READ: [id: 0x016e0846, L:/127.0.0.1:46481 - R:/127.0.0.1:41296]
2022-07-19 02:04:17,243 [s2-NettyServerStreamRpc-bossGroup--thread1] INFO  logging.LoggingHandler (AbstractInternalLogger.java:log(148)) - [id: 0xf4ac3f1a, L:/0.0.0.0:46481] READ: [id: 0x366e3e67, L:/127.0.0.1:46481 - R:/127.0.0.1:41298]
2022-07-19 02:04:17,243 [s2-NettyServerStreamRpc-bossGroup--thread1] INFO  logging.LoggingHandler (AbstractInternalLogger.java:log(148)) - [id: 0xf4ac3f1a, L:/0.0.0.0:46481] READ: [id: 0x40e35d62, L:/127.0.0.1:46481 - R:/127.0.0.1:41300]
2022-07-19 02:04:17,243 [s2-NettyServerStreamRpc-bossGroup--thread1] INFO  logging.LoggingHandler (AbstractInternalLogger.java:log(148)) - [id: 0xf4ac3f1a, L:/0.0.0.0:46481] READ: [id: 0x8b63418d, L:/127.0.0.1:46481 - R:/127.0.0.1:41302]
2022-07-19 02:04:17,243 [s2-NettyServerStreamRpc-bossGroup--thread1] INFO  logging.LoggingHandler (AbstractInternalLogger.java:log(148)) - [id: 0xf4ac3f1a, L:/0.0.0.0:46481] READ COMPLETE
2022-07-19 02:04:17,245 [s2-NettyServerStreamRpc-bossGroup--thread1] INFO  logging.LoggingHandler (AbstractInternalLogger.java:log(148)) - [id: 0xf4ac3f1a, L:/0.0.0.0:46481] READ: [id: 0x9122d9a6, L:/127.0.0.1:46481 - R:/127.0.0.1:41304]
2022-07-19 02:04:17,245 [s2-NettyServerStreamRpc-bossGroup--thread1] INFO  logging.LoggingHandler (AbstractInternalLogger.java:log(148)) - [id: 0xf4ac3f1a, L:/0.0.0.0:46481] READ COMPLETE
2022-07-19 02:04:17,253 [s2-NettyServerStreamRpc-bossGroup--thread1] INFO  logging.LoggingHandler (AbstractInternalLogger.java:log(148)) - [id: 0xf4ac3f1a, L:/0.0.0.0:46481] READ: [id: 0x0e071ca0, L:/127.0.0.1:46481 - R:/127.0.0.1:41306]
2022-07-19 02:04:17,253 [s2-NettyServerStreamRpc-bossGroup--thread1] INFO  logging.LoggingHandler (AbstractInternalLogger.java:log(148)) - [id: 0xf4ac3f1a, L:/0.0.0.0:46481] READ COMPLETE
2022-07-19 02:04:17,254 [s1-NettyServerStreamRpc-workerGroup--thread1] INFO  client.DataStreamClient (ConfUtils.java:logGet(46)) - raft.datastream.type = NETTY (custom)
2022-07-19 02:04:17,254 [s1-NettyServerStreamRpc-workerGroup--thread1] INFO  netty.NettyConfigKeys$DataStream (ConfUtils.java:logGet(46)) - raft.netty.dataStream.client.tls.conf = null (default)
2022-07-19 02:04:17,254 [s1-NettyServerStreamRpc-workerGroup--thread1] INFO  netty.NettyConfigKeys$DataStream (ConfUtils.java:logGet(46)) - raft.netty.dataStream.client.reply.queue.grace-period = 1s (default)
2022-07-19 02:04:17,254 [s1-NettyServerStreamRpc-workerGroup--thread1] INFO  netty.NettyConfigKeys$DataStream (ConfUtils.java:logGet(46)) - raft.netty.dataStream.client.worker-group.share = false (default)
2022-07-19 02:04:17,255 [s1-NettyServerStreamRpc-workerGroup--thread1] INFO  netty.NettyConfigKeys$DataStream (ConfUtils.java:logGet(46)) - raft.netty.dataStream.client.worker-group.size = 4 (default)
2022-07-19 02:04:17,256 [s0-NettyServerStreamRpc-bossGroup--thread1] INFO  logging.LoggingHandler (AbstractInternalLogger.java:log(148)) - [id: 0x50df74cb, L:/0.0.0.0:43161] READ: [id: 0xbf5cc8a0, L:/127.0.0.1:43161 - R:/127.0.0.1:57858]
2022-07-19 02:04:17,256 [s2-NettyServerStreamRpc-workerGroup--thread1] INFO  client.DataStreamClient (ConfUtils.java:logGet(46)) - raft.datastream.type = NETTY (custom)
2022-07-19 02:04:17,257 [s2-NettyServerStreamRpc-workerGroup--thread1] INFO  netty.NettyConfigKeys$DataStream (ConfUtils.java:logGet(46)) - raft.netty.dataStream.client.tls.conf = null (default)
2022-07-19 02:04:17,257 [s2-NettyServerStreamRpc-workerGroup--thread1] INFO  netty.NettyConfigKeys$DataStream (ConfUtils.java:logGet(46)) - raft.netty.dataStream.client.reply.queue.grace-period = 1s (default)
2022-07-19 02:04:17,257 [s2-NettyServerStreamRpc-workerGroup--thread1] INFO  netty.NettyConfigKeys$DataStream (ConfUtils.java:logGet(46)) - raft.netty.dataStream.client.worker-group.share = false (default)
2022-07-19 02:04:17,257 [s2-NettyServerStreamRpc-workerGroup--thread1] INFO  netty.NettyConfigKeys$DataStream (ConfUtils.java:logGet(46)) - raft.netty.dataStream.client.worker-group.size = 4 (default)
2022-07-19 02:04:17,257 [s0-NettyServerStreamRpc-bossGroup--thread1] INFO  logging.LoggingHandler (AbstractInternalLogger.java:log(148)) - [id: 0x50df74cb, L:/0.0.0.0:43161] READ COMPLETE
2022-07-19 02:04:17,258 [s2-NettyServerStreamRpc-bossGroup--thread1] INFO  logging.LoggingHandler (AbstractInternalLogger.java:log(148)) - [id: 0xf4ac3f1a, L:/0.0.0.0:46481] READ: [id: 0x9d8675b1, L:/127.0.0.1:46481 - R:/127.0.0.1:41310]
2022-07-19 02:04:17,259 [s2-NettyServerStreamRpc-bossGroup--thread1] INFO  logging.LoggingHandler (AbstractInternalLogger.java:log(148)) - [id: 0xf4ac3f1a, L:/0.0.0.0:46481] READ COMPLETE
2022-07-19 02:04:17,259 [s0-NettyServerStreamRpc-workerGroup--thread1] INFO  client.DataStreamClient (ConfUtils.java:logGet(46)) - raft.datastream.type = NETTY (custom)
2022-07-19 02:04:17,259 [s0-NettyServerStreamRpc-workerGroup--thread1] INFO  netty.NettyConfigKeys$DataStream (ConfUtils.java:logGet(46)) - raft.netty.dataStream.client.tls.conf = null (default)
2022-07-19 02:04:17,260 [s0-NettyServerStreamRpc-workerGroup--thread1] INFO  netty.NettyConfigKeys$DataStream (ConfUtils.java:logGet(46)) - raft.netty.dataStream.client.reply.queue.grace-period = 1s (default)
2022-07-19 02:04:17,260 [s0-NettyServerStreamRpc-workerGroup--thread1] INFO  netty.NettyConfigKeys$DataStream (ConfUtils.java:logGet(46)) - raft.netty.dataStream.client.worker-group.share = false (default)
2022-07-19 02:04:17,260 [s0-NettyServerStreamRpc-workerGroup--thread1] INFO  netty.NettyConfigKeys$DataStream (ConfUtils.java:logGet(46)) - raft.netty.dataStream.client.worker-group.size = 4 (default)
2022-07-19 02:04:17,263 [s2-NettyServerStreamRpc-bossGroup--thread1] INFO  logging.LoggingHandler (AbstractInternalLogger.java:log(148)) - [id: 0xf4ac3f1a, L:/0.0.0.0:46481] READ: [id: 0x8a149ffd, L:/127.0.0.1:46481 - R:/127.0.0.1:41312]
2022-07-19 02:04:17,263 [s2-NettyServerStreamRpc-bossGroup--thread1] INFO  logging.LoggingHandler (AbstractInternalLogger.java:log(148)) - [id: 0xf4ac3f1a, L:/0.0.0.0:46481] READ COMPLETE
2022-07-19 02:04:17,263 [s0-NettyServerStreamRpc-bossGroup--thread1] INFO  logging.LoggingHandler (AbstractInternalLogger.java:log(148)) - [id: 0x50df74cb, L:/0.0.0.0:43161] READ: [id: 0x4b1aa542, L:/127.0.0.1:43161 - R:/127.0.0.1:57864]
2022-07-19 02:04:17,263 [s0-NettyServerStreamRpc-bossGroup--thread1] INFO  logging.LoggingHandler (AbstractInternalLogger.java:log(148)) - [id: 0x50df74cb, L:/0.0.0.0:43161] READ COMPLETE
2022-07-19 02:04:17,264 [s2-NettyServerStreamRpc-workerGroup--thread1] INFO  client.DataStreamClient (ConfUtils.java:logGet(46)) - raft.datastream.type = NETTY (custom)
2022-07-19 02:04:17,264 [s2-NettyServerStreamRpc-workerGroup--thread1] INFO  netty.NettyConfigKeys$DataStream (ConfUtils.java:logGet(46)) - raft.netty.dataStream.client.tls.conf = null (default)
2022-07-19 02:04:17,264 [s2-NettyServerStreamRpc-workerGroup--thread1] INFO  netty.NettyConfigKeys$DataStream (ConfUtils.java:logGet(46)) - raft.netty.dataStream.client.reply.queue.grace-period = 1s (default)
2022-07-19 02:04:17,264 [s2-NettyServerStreamRpc-workerGroup--thread1] INFO  netty.NettyConfigKeys$DataStream (ConfUtils.java:logGet(46)) - raft.netty.dataStream.client.worker-group.share = false (default)
2022-07-19 02:04:17,264 [s2-NettyServerStreamRpc-workerGroup--thread1] INFO  netty.NettyConfigKeys$DataStream (ConfUtils.java:logGet(46)) - raft.netty.dataStream.client.worker-group.size = 4 (default)
2022-07-19 02:04:17,279 [s0-NettyServerStreamRpc-workerGroup--thread2] INFO  client.DataStreamClient (ConfUtils.java:logGet(46)) - raft.datastream.type = NETTY (custom)
2022-07-19 02:04:17,279 [s0-NettyServerStreamRpc-workerGroup--thread2] INFO  netty.NettyConfigKeys$DataStream (ConfUtils.java:logGet(46)) - raft.netty.dataStream.client.tls.conf = null (default)
2022-07-19 02:04:17,280 [s0-NettyServerStreamRpc-workerGroup--thread2] INFO  netty.NettyConfigKeys$DataStream (ConfUtils.java:logGet(46)) - raft.netty.dataStream.client.reply.queue.grace-period = 1s (default)
2022-07-19 02:04:17,280 [s0-NettyServerStreamRpc-workerGroup--thread2] INFO  netty.NettyConfigKeys$DataStream (ConfUtils.java:logGet(46)) - raft.netty.dataStream.client.worker-group.share = false (default)
2022-07-19 02:04:17,280 [s0-NettyServerStreamRpc-workerGroup--thread2] INFO  netty.NettyConfigKeys$DataStream (ConfUtils.java:logGet(46)) - raft.netty.dataStream.client.worker-group.size = 4 (default)
2022-07-19 02:04:17,284 [s2-NettyServerStreamRpc-bossGroup--thread1] INFO  logging.LoggingHandler (AbstractInternalLogger.java:log(148)) - [id: 0xf4ac3f1a, L:/0.0.0.0:46481] READ: [id: 0x641afb58, L:/127.0.0.1:46481 - R:/127.0.0.1:41316]
2022-07-19 02:04:17,285 [s2-NettyServerStreamRpc-bossGroup--thread1] INFO  logging.LoggingHandler (AbstractInternalLogger.java:log(148)) - [id: 0xf4ac3f1a, L:/0.0.0.0:46481] READ COMPLETE
2022-07-19 02:04:17,291 [s2-NettyServerStreamRpc-bossGroup--thread1] INFO  logging.LoggingHandler (AbstractInternalLogger.java:log(148)) - [id: 0xf4ac3f1a, L:/0.0.0.0:46481] READ: [id: 0x3a4c466a, L:/127.0.0.1:46481 - R:/127.0.0.1:41318]
2022-07-19 02:04:17,291 [s2-NettyServerStreamRpc-bossGroup--thread1] INFO  logging.LoggingHandler (AbstractInternalLogger.java:log(148)) - [id: 0xf4ac3f1a, L:/0.0.0.0:46481] READ COMPLETE
2022-07-19 02:04:17,295 [s1-NettyServerStreamRpc-workerGroup--thread2] INFO  client.DataStreamClient (ConfUtils.java:logGet(46)) - raft.datastream.type = NETTY (custom)
2022-07-19 02:04:17,295 [s1-NettyServerStreamRpc-workerGroup--thread2] INFO  netty.NettyConfigKeys$DataStream (ConfUtils.java:logGet(46)) - raft.netty.dataStream.client.tls.conf = null (default)
2022-07-19 02:04:17,295 [s1-NettyServerStreamRpc-workerGroup--thread2] INFO  netty.NettyConfigKeys$DataStream (ConfUtils.java:logGet(46)) - raft.netty.dataStream.client.reply.queue.grace-period = 1s (default)
2022-07-19 02:04:17,295 [s1-NettyServerStreamRpc-workerGroup--thread2] INFO  netty.NettyConfigKeys$DataStream (ConfUtils.java:logGet(46)) - raft.netty.dataStream.client.worker-group.share = false (default)
2022-07-19 02:04:17,295 [s1-NettyServerStreamRpc-workerGroup--thread2] INFO  netty.NettyConfigKeys$DataStream (ConfUtils.java:logGet(46)) - raft.netty.dataStream.client.worker-group.size = 4 (default)
2022-07-19 02:04:17,296 [s2-NettyServerStreamRpc-bossGroup--thread1] INFO  logging.LoggingHandler (AbstractInternalLogger.java:log(148)) - [id: 0xf4ac3f1a, L:/0.0.0.0:46481] READ: [id: 0x56f87b31, L:/127.0.0.1:46481 - R:/127.0.0.1:41320]
2022-07-19 02:04:17,296 [s2-NettyServerStreamRpc-bossGroup--thread1] INFO  logging.LoggingHandler (AbstractInternalLogger.java:log(148)) - [id: 0xf4ac3f1a, L:/0.0.0.0:46481] READ COMPLETE
2022-07-19 02:04:17,305 [s0-NettyServerStreamRpc-bossGroup--thread1] INFO  logging.LoggingHandler (AbstractInternalLogger.java:log(148)) - [id: 0x50df74cb, L:/0.0.0.0:43161] READ: [id: 0xc0f3a506, L:/127.0.0.1:43161 - R:/127.0.0.1:57872]
2022-07-19 02:04:17,306 [s0-NettyServerStreamRpc-bossGroup--thread1] INFO  logging.LoggingHandler (AbstractInternalLogger.java:log(148)) - [id: 0x50df74cb, L:/0.0.0.0:43161] READ COMPLETE
2022-07-19 02:04:17,306 [s2-NettyServerStreamRpc-workerGroup--thread1] INFO  client.DataStreamClient (ConfUtils.java:logGet(46)) - raft.datastream.type = NETTY (custom)
2022-07-19 02:04:17,306 [s2-NettyServerStreamRpc-workerGroup--thread1] INFO  netty.NettyConfigKeys$DataStream (ConfUtils.java:logGet(46)) - raft.netty.dataStream.client.tls.conf = null (default)
2022-07-19 02:04:17,306 [s2-NettyServerStreamRpc-workerGroup--thread1] INFO  netty.NettyConfigKeys$DataStream (ConfUtils.java:logGet(46)) - raft.netty.dataStream.client.reply.queue.grace-period = 1s (default)
2022-07-19 02:04:17,306 [s2-NettyServerStreamRpc-workerGroup--thread1] INFO  netty.NettyConfigKeys$DataStream (ConfUtils.java:logGet(46)) - raft.netty.dataStream.client.worker-group.share = false (default)
2022-07-19 02:04:17,307 [s2-NettyServerStreamRpc-workerGroup--thread1] INFO  netty.NettyConfigKeys$DataStream (ConfUtils.java:logGet(46)) - raft.netty.dataStream.client.worker-group.size = 4 (default)
2022-07-19 02:04:17,316 [s0-NettyServerStreamRpc-bossGroup--thread1] INFO  logging.LoggingHandler (AbstractInternalLogger.java:log(148)) - [id: 0x50df74cb, L:/0.0.0.0:43161] READ: [id: 0x6f38cdd6, L:/127.0.0.1:43161 - R:/127.0.0.1:57874]
2022-07-19 02:04:17,316 [s0-NettyServerStreamRpc-bossGroup--thread1] INFO  logging.LoggingHandler (AbstractInternalLogger.java:log(148)) - [id: 0x50df74cb, L:/0.0.0.0:43161] READ COMPLETE
2022-07-19 02:04:17,317 [s2-NettyServerStreamRpc-workerGroup--thread1] INFO  client.DataStreamClient (ConfUtils.java:logGet(46)) - raft.datastream.type = NETTY (custom)
2022-07-19 02:04:17,317 [s2-NettyServerStreamRpc-workerGroup--thread1] INFO  netty.NettyConfigKeys$DataStream (ConfUtils.java:logGet(46)) - raft.netty.dataStream.client.tls.conf = null (default)
2022-07-19 02:04:17,317 [s2-NettyServerStreamRpc-workerGroup--thread1] INFO  netty.NettyConfigKeys$DataStream (ConfUtils.java:logGet(46)) - raft.netty.dataStream.client.reply.queue.grace-period = 1s (default)
2022-07-19 02:04:17,317 [s2-NettyServerStreamRpc-workerGroup--thread1] INFO  netty.NettyConfigKeys$DataStream (ConfUtils.java:logGet(46)) - raft.netty.dataStream.client.worker-group.share = false (default)
2022-07-19 02:04:17,317 [s2-NettyServerStreamRpc-workerGroup--thread1] INFO  netty.NettyConfigKeys$DataStream (ConfUtils.java:logGet(46)) - raft.netty.dataStream.client.worker-group.size = 4 (default)
2022-07-19 02:04:17,328 [s2-NettyServerStreamRpc-bossGroup--thread1] INFO  logging.LoggingHandler (AbstractInternalLogger.java:log(148)) - [id: 0xf4ac3f1a, L:/0.0.0.0:46481] READ: [id: 0xb5d950b1, L:/127.0.0.1:46481 - R:/127.0.0.1:41326]
2022-07-19 02:04:17,329 [s2-NettyServerStreamRpc-bossGroup--thread1] INFO  logging.LoggingHandler (AbstractInternalLogger.java:log(148)) - [id: 0xf4ac3f1a, L:/0.0.0.0:46481] READ COMPLETE
2022-07-19 02:04:17,333 [s0-NettyServerStreamRpc-bossGroup--thread1] INFO  logging.LoggingHandler (AbstractInternalLogger.java:log(148)) - [id: 0x50df74cb, L:/0.0.0.0:43161] READ: [id: 0xf274274e, L:/127.0.0.1:43161 - R:/127.0.0.1:57878]
2022-07-19 02:04:17,333 [s0-NettyServerStreamRpc-bossGroup--thread1] INFO  logging.LoggingHandler (AbstractInternalLogger.java:log(148)) - [id: 0x50df74cb, L:/0.0.0.0:43161] READ COMPLETE
2022-07-19 02:04:18,034 [pool-9-thread-14] INFO  datastream.DataStreamTestUtils (DataStreamTestUtils.java:writeAndCloseAndAssertReplies(320)) - Stream380: bytesWritten=7892865
2022-07-19 02:04:18,073 [pool-9-thread-15] INFO  datastream.DataStreamTestUtils (DataStreamTestUtils.java:writeAndCloseAndAssertReplies(320)) - Stream381: bytesWritten=7858071
2022-07-19 02:04:18,074 [pool-9-thread-12] INFO  datastream.DataStreamTestUtils (DataStreamTestUtils.java:writeAndCloseAndAssertReplies(320)) - Stream378: bytesWritten=7969377
2022-07-19 02:04:18,086 [pool-9-thread-11] INFO  datastream.DataStreamTestUtils (DataStreamTestUtils.java:writeAndCloseAndAssertReplies(320)) - Stream376: bytesWritten=8294435
2022-07-19 02:04:18,086 [pool-9-thread-13] INFO  datastream.DataStreamTestUtils (DataStreamTestUtils.java:writeAndCloseAndAssertReplies(320)) - Stream379: bytesWritten=7934690
2022-07-19 02:04:18,103 [s0-client-thread1] INFO  statemachine.StateMachine (DataStreamTestUtils.java:link(157)) - link SingleDataStream: writeRequest=RaftClientRequest:client-7CCA383FDBB3->s1@group-33DD9DD108AB, cid=380, seq=0, DataStream, Message:<EMPTY>, logEntry=null
2022-07-19 02:04:18,105 [s0-client-thread1] INFO  statemachine.StateMachine (DataStreamTestUtils.java:link(157)) - link SingleDataStream: writeRequest=RaftClientRequest:client-7CCA383FDBB3->s1@group-33DD9DD108AB, cid=378, seq=0, DataStream, Message:<EMPTY>, logEntry=null
2022-07-19 02:04:18,105 [s2-server-thread1] INFO  statemachine.StateMachine (DataStreamTestUtils.java:link(157)) - link SingleDataStream: writeRequest=RaftClientRequest:client-7CCA383FDBB3->s1@group-33DD9DD108AB, cid=380, seq=0, DataStream, Message:<EMPTY>, logEntry=null
2022-07-19 02:04:18,105 [s1-server-thread1] INFO  statemachine.StateMachine (DataStreamTestUtils.java:link(157)) - link SingleDataStream: writeRequest=RaftClientRequest:client-7CCA383FDBB3->s1@group-33DD9DD108AB, cid=380, seq=0, DataStream, Message:<EMPTY>, logEntry=null
2022-07-19 02:04:18,106 [s2-server-thread1] INFO  statemachine.StateMachine (DataStreamTestUtils.java:link(157)) - link SingleDataStream: writeRequest=RaftClientRequest:client-7CCA383FDBB3->s1@group-33DD9DD108AB, cid=378, seq=0, DataStream, Message:<EMPTY>, logEntry=null
2022-07-19 02:04:18,107 [s0-client-thread1] INFO  statemachine.StateMachine (DataStreamTestUtils.java:link(157)) - link SingleDataStream: writeRequest=RaftClientRequest:client-7CCA383FDBB3->s1@group-33DD9DD108AB, cid=376, seq=0, DataStream, Message:<EMPTY>, logEntry=null
2022-07-19 02:04:18,107 [s2-server-thread1] INFO  statemachine.StateMachine (DataStreamTestUtils.java:link(157)) - link SingleDataStream: writeRequest=RaftClientRequest:client-7CCA383FDBB3->s1@group-33DD9DD108AB, cid=376, seq=0, DataStream, Message:<EMPTY>, logEntry=null
2022-07-19 02:04:18,108 [s0-client-thread1] INFO  statemachine.StateMachine (DataStreamTestUtils.java:link(157)) - link SingleDataStream: writeRequest=RaftClientRequest:client-7CCA383FDBB3->s1@group-33DD9DD108AB, cid=381, seq=0, DataStream, Message:<EMPTY>, logEntry=null
2022-07-19 02:04:18,109 [s2-server-thread1] INFO  statemachine.StateMachine (DataStreamTestUtils.java:link(157)) - link SingleDataStream: writeRequest=RaftClientRequest:client-7CCA383FDBB3->s1@group-33DD9DD108AB, cid=381, seq=0, DataStream, Message:<EMPTY>, logEntry=null
2022-07-19 02:04:18,110 [s1-server-thread1] INFO  statemachine.StateMachine (DataStreamTestUtils.java:link(157)) - link SingleDataStream: writeRequest=RaftClientRequest:client-7CCA383FDBB3->s1@group-33DD9DD108AB, cid=378, seq=0, DataStream, Message:<EMPTY>, logEntry=null
2022-07-19 02:04:18,110 [s1-server-thread1] INFO  statemachine.StateMachine (DataStreamTestUtils.java:link(157)) - link SingleDataStream: writeRequest=RaftClientRequest:client-7CCA383FDBB3->s1@group-33DD9DD108AB, cid=376, seq=0, DataStream, Message:<EMPTY>, logEntry=null
2022-07-19 02:04:18,110 [s1-server-thread1] INFO  statemachine.StateMachine (DataStreamTestUtils.java:link(157)) - link SingleDataStream: writeRequest=RaftClientRequest:client-7CCA383FDBB3->s1@group-33DD9DD108AB, cid=381, seq=0, DataStream, Message:<EMPTY>, logEntry=null
2022-07-19 02:04:18,115 [s0-client-thread1] INFO  statemachine.StateMachine (DataStreamTestUtils.java:link(157)) - link SingleDataStream: writeRequest=RaftClientRequest:client-7CCA383FDBB3->s1@group-33DD9DD108AB, cid=379, seq=0, DataStream, Message:<EMPTY>, logEntry=null
2022-07-19 02:04:18,118 [s2-server-thread1] INFO  statemachine.StateMachine (DataStreamTestUtils.java:link(157)) - link SingleDataStream: writeRequest=RaftClientRequest:client-7CCA383FDBB3->s1@group-33DD9DD108AB, cid=379, seq=0, DataStream, Message:<EMPTY>, logEntry=null
2022-07-19 02:04:18,118 [s1-server-thread1] INFO  statemachine.StateMachine (DataStreamTestUtils.java:link(157)) - link SingleDataStream: writeRequest=RaftClientRequest:client-7CCA383FDBB3->s1@group-33DD9DD108AB, cid=379, seq=0, DataStream, Message:<EMPTY>, logEntry=null
2022-07-19 02:04:18,130 [pool-9-thread-16] INFO  datastream.DataStreamTestUtils (DataStreamTestUtils.java:writeAndCloseAndAssertReplies(320)) - Stream382: bytesWritten=7842466
2022-07-19 02:04:18,133 [s0-client-thread1] INFO  statemachine.StateMachine (DataStreamTestUtils.java:link(157)) - link SingleDataStream: writeRequest=RaftClientRequest:client-7CCA383FDBB3->s1@group-33DD9DD108AB, cid=382, seq=0, DataStream, Message:<EMPTY>, logEntry=null
2022-07-19 02:04:18,134 [s2-server-thread1] INFO  statemachine.StateMachine (DataStreamTestUtils.java:link(157)) - link SingleDataStream: writeRequest=RaftClientRequest:client-7CCA383FDBB3->s1@group-33DD9DD108AB, cid=382, seq=0, DataStream, Message:<EMPTY>, logEntry=null
2022-07-19 02:04:18,135 [s1-server-thread1] INFO  statemachine.StateMachine (DataStreamTestUtils.java:link(157)) - link SingleDataStream: writeRequest=RaftClientRequest:client-7CCA383FDBB3->s1@group-33DD9DD108AB, cid=382, seq=0, DataStream, Message:<EMPTY>, logEntry=null
2022-07-19 02:04:18,160 [pool-9-thread-14] INFO  datastream.DataStreamTestUtils (DataStreamTestUtils.java:writeAndCloseAndAssertReplies(311)) - start Stream383
2022-07-19 02:04:18,163 [pool-9-thread-12] INFO  datastream.DataStreamTestUtils (DataStreamTestUtils.java:writeAndCloseAndAssertReplies(311)) - start Stream384
2022-07-19 02:04:18,166 [pool-9-thread-15] INFO  datastream.DataStreamTestUtils (DataStreamTestUtils.java:writeAndCloseAndAssertReplies(311)) - start Stream385
2022-07-19 02:04:18,168 [pool-9-thread-13] INFO  datastream.DataStreamTestUtils (DataStreamTestUtils.java:writeAndCloseAndAssertReplies(311)) - start Stream386
2022-07-19 02:04:18,170 [pool-9-thread-16] INFO  datastream.DataStreamTestUtils (DataStreamTestUtils.java:writeAndCloseAndAssertReplies(311)) - start Stream387
2022-07-19 02:04:18,213 [pool-9-thread-11] INFO  datastream.DataStreamTestUtils (DataStreamTestUtils.java:writeAndCloseAndAssertReplies(311)) - start Stream388
2022-07-19 02:04:18,475 [pool-9-thread-14] INFO  datastream.DataStreamTestUtils (DataStreamTestUtils.java:writeAndCloseAndAssertReplies(320)) - Stream383: bytesWritten=6782423
2022-07-19 02:04:18,476 [pool-9-thread-12] INFO  datastream.DataStreamTestUtils (DataStreamTestUtils.java:writeAndCloseAndAssertReplies(320)) - Stream384: bytesWritten=7153148
2022-07-19 02:04:18,493 [s0-client-thread1] INFO  statemachine.StateMachine (DataStreamTestUtils.java:link(157)) - link SingleDataStream: writeRequest=RaftClientRequest:client-7CCA383FDBB3->s1@group-33DD9DD108AB, cid=383, seq=0, DataStream, Message:<EMPTY>, logEntry=null
2022-07-19 02:04:18,495 [s0-client-thread1] INFO  statemachine.StateMachine (DataStreamTestUtils.java:link(157)) - link SingleDataStream: writeRequest=RaftClientRequest:client-7CCA383FDBB3->s1@group-33DD9DD108AB, cid=384, seq=0, DataStream, Message:<EMPTY>, logEntry=null
2022-07-19 02:04:18,538 [pool-9-thread-13] INFO  datastream.DataStreamTestUtils (DataStreamTestUtils.java:writeAndCloseAndAssertReplies(320)) - Stream386: bytesWritten=7431898
2022-07-19 02:04:18,563 [pool-9-thread-15] INFO  datastream.DataStreamTestUtils (DataStreamTestUtils.java:writeAndCloseAndAssertReplies(320)) - Stream385: bytesWritten=8305321
2022-07-19 02:04:18,564 [s0-client-thread1] INFO  statemachine.StateMachine (DataStreamTestUtils.java:link(157)) - link SingleDataStream: writeRequest=RaftClientRequest:client-7CCA383FDBB3->s1@group-33DD9DD108AB, cid=386, seq=0, DataStream, Message:<EMPTY>, logEntry=null
2022-07-19 02:04:18,592 [s1-server-thread1] INFO  statemachine.StateMachine (DataStreamTestUtils.java:link(157)) - link SingleDataStream: writeRequest=RaftClientRequest:client-7CCA383FDBB3->s1@group-33DD9DD108AB, cid=383, seq=0, DataStream, Message:<EMPTY>, logEntry=null
2022-07-19 02:04:18,594 [s1-server-thread1] INFO  statemachine.StateMachine (DataStreamTestUtils.java:link(157)) - link SingleDataStream: writeRequest=RaftClientRequest:client-7CCA383FDBB3->s1@group-33DD9DD108AB, cid=384, seq=0, DataStream, Message:<EMPTY>, logEntry=null
2022-07-19 02:04:18,596 [s0-client-thread1] INFO  statemachine.StateMachine (DataStreamTestUtils.java:link(157)) - link SingleDataStream: writeRequest=RaftClientRequest:client-7CCA383FDBB3->s1@group-33DD9DD108AB, cid=385, seq=0, DataStream, Message:<EMPTY>, logEntry=null
2022-07-19 02:04:18,629 [s1-server-thread1] INFO  statemachine.StateMachine (DataStreamTestUtils.java:link(157)) - link SingleDataStream: writeRequest=RaftClientRequest:client-7CCA383FDBB3->s1@group-33DD9DD108AB, cid=386, seq=0, DataStream, Message:<EMPTY>, logEntry=null
2022-07-19 02:04:18,629 [s1-server-thread1] INFO  statemachine.StateMachine (DataStreamTestUtils.java:link(157)) - link SingleDataStream: writeRequest=RaftClientRequest:client-7CCA383FDBB3->s1@group-33DD9DD108AB, cid=385, seq=0, DataStream, Message:<EMPTY>, logEntry=null
2022-07-19 02:04:18,641 [pool-9-thread-14] INFO  datastream.DataStreamTestUtils (DataStreamTestUtils.java:writeAndCloseAndAssertReplies(311)) - start Stream389
2022-07-19 02:04:18,643 [pool-9-thread-12] INFO  datastream.DataStreamTestUtils (DataStreamTestUtils.java:writeAndCloseAndAssertReplies(311)) - start Stream390
2022-07-19 02:04:18,644 [pool-9-thread-13] INFO  datastream.DataStreamTestUtils (DataStreamTestUtils.java:writeAndCloseAndAssertReplies(311)) - start Stream391
2022-07-19 02:04:18,651 [pool-9-thread-15] INFO  datastream.DataStreamTestUtils (DataStreamTestUtils.java:writeAndCloseAndAssertReplies(311)) - start Stream392
2022-07-19 02:04:18,661 [s2-server-thread1] INFO  statemachine.StateMachine (DataStreamTestUtils.java:link(157)) - link SingleDataStream: writeRequest=RaftClientRequest:client-7CCA383FDBB3->s1@group-33DD9DD108AB, cid=383, seq=0, DataStream, Message:<EMPTY>, logEntry=null
2022-07-19 02:04:18,676 [pool-9-thread-3] INFO  datastream.DataStreamTestUtils (DataStreamTestUtils.java:writeAndCloseAndAssertReplies(311)) - start Stream393
2022-07-19 02:04:18,677 [s2-server-thread1] INFO  statemachine.StateMachine (DataStreamTestUtils.java:link(157)) - link SingleDataStream: writeRequest=RaftClientRequest:client-7CCA383FDBB3->s1@group-33DD9DD108AB, cid=384, seq=0, DataStream, Message:<EMPTY>, logEntry=null
2022-07-19 02:04:18,684 [s2-server-thread1] INFO  statemachine.StateMachine (DataStreamTestUtils.java:link(157)) - link SingleDataStream: writeRequest=RaftClientRequest:client-7CCA383FDBB3->s1@group-33DD9DD108AB, cid=386, seq=0, DataStream, Message:<EMPTY>, logEntry=null
2022-07-19 02:04:18,767 [s2-server-thread1] INFO  statemachine.StateMachine (DataStreamTestUtils.java:link(157)) - link SingleDataStream: writeRequest=RaftClientRequest:client-7CCA383FDBB3->s1@group-33DD9DD108AB, cid=385, seq=0, DataStream, Message:<EMPTY>, logEntry=null
2022-07-19 02:04:20,914 [org.apache.ratis.util.JvmPauseMonitor$$Lambda$278/1103347195@2873058e] WARN  util.JvmPauseMonitor (JvmPauseMonitor.java:detectPause(124)) - JvmPauseMonitor-s2: Detected pause in JVM or host machine (eg GC): pause of approximately 440442479ns.
GC pool 'PS MarkSweep' had collection(s): count=1 time=702ms
GC pool 'PS Scavenge' had collection(s): count=1 time=184ms
2022-07-19 02:04:20,915 [org.apache.ratis.util.JvmPauseMonitor$$Lambda$278/1103347195@78eb7d72] WARN  util.JvmPauseMonitor (JvmPauseMonitor.java:detectPause(124)) - JvmPauseMonitor-s1: Detected pause in JVM or host machine (eg GC): pause of approximately 494529114ns.
GC pool 'PS MarkSweep' had collection(s): count=1 time=702ms
GC pool 'PS Scavenge' had collection(s): count=1 time=184ms
2022-07-19 02:04:20,915 [s2@group-33DD9DD108AB-FollowerState] WARN  impl.FollowerState (FollowerState.java:run(130)) - Unexpected long sleep: sleep 169ms but took extra 756334630ns (> threshold = 300ms)
2022-07-19 02:04:20,915 [org.apache.ratis.util.JvmPauseMonitor$$Lambda$278/1103347195@7c399e7a] WARN  util.JvmPauseMonitor (JvmPauseMonitor.java:detectPause(124)) - JvmPauseMonitor-s0: Detected pause in JVM or host machine (eg GC): pause of approximately 515248320ns.
GC pool 'PS MarkSweep' had collection(s): count=1 time=702ms
GC pool 'PS Scavenge' had collection(s): count=1 time=184ms
2022-07-19 02:04:20,916 [s0@group-33DD9DD108AB-LeaderStateImpl] WARN  server.RaftServer$Division (LeaderStateImpl.java:checkLeadership(1020)) - s0@group-33DD9DD108AB-LeaderStateImpl: Lost leadership on term: 1. Election timeout: 300ms. In charge for: 4316ms. Conf: 0: peers:[s0|rpc:localhost:42967|admin:localhost:35399|client:localhost:33207|dataStream:localhost:43161|priority:0|startupRole:FOLLOWER, s1|rpc:localhost:43989|admin:localhost:33969|client:localhost:39579|dataStream:localhost:40179|priority:0|startupRole:FOLLOWER, s2|rpc:localhost:33439|admin:localhost:44687|client:localhost:36505|dataStream:localhost:46481|priority:0|startupRole:FOLLOWER]|listeners:[], old=null
2022-07-19 02:04:20,917 [s0@group-33DD9DD108AB-LeaderStateImpl] WARN  server.RaftServer$Division (LeaderStateImpl.java:lambda$checkLeadership$17(1024)) - Follower s0@group-33DD9DD108AB->s1(c18,m18,n19, attendVote=true, lastRpcSendTime=909, lastRpcResponseTime=986)
2022-07-19 02:04:20,917 [s0@group-33DD9DD108AB-LeaderStateImpl] WARN  server.RaftServer$Division (LeaderStateImpl.java:lambda$checkLeadership$17(1024)) - Follower s0@group-33DD9DD108AB->s2(c18,m18,n19, attendVote=true, lastRpcSendTime=941, lastRpcResponseTime=930)
2022-07-19 02:04:20,917 [s0@group-33DD9DD108AB-LeaderStateImpl] INFO  server.RaftServer$Division (RaftServerImpl.java:setRole(301)) - s0@group-33DD9DD108AB: changes role from    LEADER to FOLLOWER at term 1 for StepDownReason:LOST_MAJORITY_HEARTBEATS
2022-07-19 02:04:20,917 [s0@group-33DD9DD108AB-LeaderStateImpl] INFO  impl.RoleInfo (RoleInfo.java:shutdownLeaderState(93)) - s0: shutdown s0@group-33DD9DD108AB-LeaderStateImpl
2022-07-19 02:04:20,918 [s0@group-33DD9DD108AB-LeaderStateImpl] INFO  impl.PendingRequests (PendingRequests.java:sendNotLeaderResponses(282)) - s0@group-33DD9DD108AB-PendingRequests: sendNotLeaderResponses
2022-07-19 02:04:20,918 [s1@group-33DD9DD108AB-FollowerState] WARN  impl.FollowerState (FollowerState.java:run(130)) - Unexpected long sleep: sleep 198ms but took extra 886798408ns (> threshold = 300ms)
2022-07-19 02:04:20,920 [s0@group-33DD9DD108AB-LeaderStateImpl] INFO  impl.RoleInfo (RoleInfo.java:updateAndGet(139)) - s0: start s0@group-33DD9DD108AB-FollowerState
2022-07-19 02:04:20,923 [s0@group-33DD9DD108AB->s2-GrpcLogAppender-LogAppenderDaemon] WARN  server.GrpcLogAppender (GrpcLogAppender.java:mayWait(172)) - s0@group-33DD9DD108AB->s2-GrpcLogAppender: Wait interrupted by java.lang.InterruptedException
2022-07-19 02:04:20,926 [grpc-default-executor-15] INFO  server.GrpcServerProtocolService (GrpcServerProtocolService.java:onCompleted(140)) - s2: Completed APPEND_ENTRIES, lastRequest: s0->s2#102-t1,previous=(t:1, i:17),leaderCommit=14,initializing? true,entries: size=1, first=(t:1, i:18), METADATAENTRY(c:14)
2022-07-19 02:04:20,927 [grpc-default-executor-1] INFO  server.GrpcServerProtocolService (GrpcServerProtocolService.java:onCompleted(140)) - s1: Completed APPEND_ENTRIES, lastRequest: s0->s1#97-t1,previous=(t:1, i:17),leaderCommit=14,initializing? true,entries: size=1, first=(t:1, i:18), METADATAENTRY(c:14)
2022-07-19 02:04:20,932 [grpc-default-executor-3] INFO  server.GrpcLogAppender (GrpcLogAppender.java:onCompleted(340)) - s0@group-33DD9DD108AB->s2-AppendLogResponseHandler: follower responses appendEntries COMPLETED
2022-07-19 02:04:20,932 [grpc-default-executor-3] INFO  leader.FollowerInfo (FollowerInfoImpl.java:lambda$new$0(48)) - s0@group-33DD9DD108AB->s2: nextIndex: updateUnconditionally 19 -> 18
2022-07-19 02:04:20,933 [grpc-default-executor-2] INFO  server.GrpcLogAppender (GrpcLogAppender.java:onCompleted(340)) - s0@group-33DD9DD108AB->s1-AppendLogResponseHandler: follower responses appendEntries COMPLETED
2022-07-19 02:04:20,933 [grpc-default-executor-2] INFO  leader.FollowerInfo (FollowerInfoImpl.java:lambda$new$0(48)) - s0@group-33DD9DD108AB->s1: nextIndex: updateUnconditionally 19 -> 18
2022-07-19 02:04:21,092 [s0@group-33DD9DD108AB-FollowerState] INFO  impl.FollowerState (FollowerState.java:lostMajorityHeartbeatsRecently(108)) - s0@group-33DD9DD108AB-FollowerState: Skipping leader election since it stepped down recently (elapsed = 171ms < waitTime = 10s)
2022-07-19 02:04:21,110 [s2@group-33DD9DD108AB-FollowerState] INFO  impl.FollowerState (FollowerState.java:run(143)) - s2@group-33DD9DD108AB-FollowerState: change to CANDIDATE, lastRpcElapsedTime:1123805083ns, electionTimeout:195ms
2022-07-19 02:04:21,110 [s2@group-33DD9DD108AB-FollowerState] INFO  impl.RoleInfo (RoleInfo.java:shutdownFollowerState(110)) - s2: shutdown s2@group-33DD9DD108AB-FollowerState
2022-07-19 02:04:21,110 [s2@group-33DD9DD108AB-FollowerState] INFO  server.RaftServer$Division (RaftServerImpl.java:setRole(301)) - s2@group-33DD9DD108AB: changes role from  FOLLOWER to CANDIDATE at term 1 for changeToCandidate
2022-07-19 02:04:21,111 [s2@group-33DD9DD108AB-FollowerState] INFO  server.RaftServerConfigKeys (ConfUtils.java:logGet(46)) - raft.server.leaderelection.pre-vote = true (default)
2022-07-19 02:04:21,111 [s2@group-33DD9DD108AB-FollowerState] INFO  impl.RoleInfo (RoleInfo.java:updateAndGet(139)) - s2: start s2@group-33DD9DD108AB-LeaderElection4
2022-07-19 02:04:21,117 [s2@group-33DD9DD108AB-LeaderElection4] INFO  server.RaftServer$Division (ServerState.java:setLeader(313)) - s2@group-33DD9DD108AB: change Leader from s0 to null at term 1 for PRE_VOTE
2022-07-19 02:04:21,118 [s2@group-33DD9DD108AB-LeaderElection4] INFO  impl.LeaderElection (LeaderElection.java:askForVotes(310)) - s2@group-33DD9DD108AB-LeaderElection4 PRE_VOTE round 0: submit vote requests at term 1 for 0: peers:[s0|rpc:localhost:42967|admin:localhost:35399|client:localhost:33207|dataStream:localhost:43161|priority:0|startupRole:FOLLOWER, s1|rpc:localhost:43989|admin:localhost:33969|client:localhost:39579|dataStream:localhost:40179|priority:0|startupRole:FOLLOWER, s2|rpc:localhost:33439|admin:localhost:44687|client:localhost:36505|dataStream:localhost:46481|priority:0|startupRole:FOLLOWER]|listeners:[], old=null
2022-07-19 02:04:21,143 [grpc-default-executor-15] INFO  server.RaftServer$Division (RaftServerImpl.java:requestVote(1197)) - s0@group-33DD9DD108AB: receive requestVote(PRE_VOTE, s2, group-33DD9DD108AB, 1, (t:1, i:18))
2022-07-19 02:04:21,143 [grpc-default-executor-15] INFO  impl.VoteContext (VoteContext.java:log(48)) - s0@group-33DD9DD108AB-FOLLOWER: accept PRE_VOTE from s2: our priority 0 <= candidate's priority 0
2022-07-19 02:04:21,144 [grpc-default-executor-15] INFO  server.RaftServer$Division (RaftServerImpl.java:requestVote(1230)) - s0@group-33DD9DD108AB replies to PRE_VOTE vote request: s2<-s0#0:OK-t1. Peer's state: s0@group-33DD9DD108AB:t1, leader=s0, voted=s0, raftlog=Memoized:s0@group-33DD9DD108AB-SegmentedRaftLog:OPENED:c18, conf=0: peers:[s0|rpc:localhost:42967|admin:localhost:35399|client:localhost:33207|dataStream:localhost:43161|priority:0|startupRole:FOLLOWER, s1|rpc:localhost:43989|admin:localhost:33969|client:localhost:39579|dataStream:localhost:40179|priority:0|startupRole:FOLLOWER, s2|rpc:localhost:33439|admin:localhost:44687|client:localhost:36505|dataStream:localhost:46481|priority:0|startupRole:FOLLOWER]|listeners:[], old=null
2022-07-19 02:04:21,146 [grpc-default-executor-1] INFO  server.RaftServer$Division (RaftServerImpl.java:requestVote(1197)) - s1@group-33DD9DD108AB: receive requestVote(PRE_VOTE, s2, group-33DD9DD108AB, 1, (t:1, i:18))
2022-07-19 02:04:21,146 [grpc-default-executor-1] INFO  impl.VoteContext (VoteContext.java:log(48)) - s1@group-33DD9DD108AB-FOLLOWER: accept PRE_VOTE from s2: our priority 0 <= candidate's priority 0
2022-07-19 02:04:21,147 [grpc-default-executor-1] INFO  server.RaftServer$Division (RaftServerImpl.java:requestVote(1230)) - s1@group-33DD9DD108AB replies to PRE_VOTE vote request: s2<-s1#0:OK-t1. Peer's state: s1@group-33DD9DD108AB:t1, leader=s0, voted=s0, raftlog=Memoized:s1@group-33DD9DD108AB-SegmentedRaftLog:OPENED:c18, conf=0: peers:[s0|rpc:localhost:42967|admin:localhost:35399|client:localhost:33207|dataStream:localhost:43161|priority:0|startupRole:FOLLOWER, s1|rpc:localhost:43989|admin:localhost:33969|client:localhost:39579|dataStream:localhost:40179|priority:0|startupRole:FOLLOWER, s2|rpc:localhost:33439|admin:localhost:44687|client:localhost:36505|dataStream:localhost:46481|priority:0|startupRole:FOLLOWER]|listeners:[], old=null
2022-07-19 02:04:21,147 [s2@group-33DD9DD108AB-LeaderElection4] INFO  impl.LeaderElection (LeaderElection.java:logAndReturn(90)) - s2@group-33DD9DD108AB-LeaderElection4: PRE_VOTE PASSED received 1 response(s) and 0 exception(s):
2022-07-19 02:04:21,147 [s2@group-33DD9DD108AB-LeaderElection4] INFO  impl.LeaderElection (LeaderElection.java:logAndReturn(94)) -   Response 0: s2<-s0#0:OK-t1
2022-07-19 02:04:21,147 [s2@group-33DD9DD108AB-LeaderElection4] INFO  impl.LeaderElection (LeaderElection.java:askForVotes(312)) - s2@group-33DD9DD108AB-LeaderElection4 PRE_VOTE round 0: result PASSED
2022-07-19 02:04:21,152 [s2@group-33DD9DD108AB-LeaderElection4] INFO  impl.LeaderElection (LeaderElection.java:askForVotes(310)) - s2@group-33DD9DD108AB-LeaderElection4 ELECTION round 0: submit vote requests at term 2 for 0: peers:[s0|rpc:localhost:42967|admin:localhost:35399|client:localhost:33207|dataStream:localhost:43161|priority:0|startupRole:FOLLOWER, s1|rpc:localhost:43989|admin:localhost:33969|client:localhost:39579|dataStream:localhost:40179|priority:0|startupRole:FOLLOWER, s2|rpc:localhost:33439|admin:localhost:44687|client:localhost:36505|dataStream:localhost:46481|priority:0|startupRole:FOLLOWER]|listeners:[], old=null
2022-07-19 02:04:21,159 [grpc-default-executor-15] INFO  server.RaftServer$Division (RaftServerImpl.java:requestVote(1197)) - s1@group-33DD9DD108AB: receive requestVote(ELECTION, s2, group-33DD9DD108AB, 2, (t:1, i:18))
2022-07-19 02:04:21,159 [grpc-default-executor-15] INFO  impl.VoteContext (VoteContext.java:log(48)) - s1@group-33DD9DD108AB-FOLLOWER: accept ELECTION from s2: our priority 0 <= candidate's priority 0
2022-07-19 02:04:21,159 [grpc-default-executor-15] INFO  server.RaftServer$Division (ServerState.java:setLeader(313)) - s1@group-33DD9DD108AB: change Leader from s0 to null at term 2 for updateCurrentTerm
2022-07-19 02:04:21,159 [grpc-default-executor-15] INFO  server.RaftServer$Division (RaftServerImpl.java:setRole(301)) - s1@group-33DD9DD108AB: changes role from  FOLLOWER to FOLLOWER at term 2 for candidate:s2
2022-07-19 02:04:21,159 [grpc-default-executor-15] INFO  impl.RoleInfo (RoleInfo.java:shutdownFollowerState(110)) - s1: shutdown s1@group-33DD9DD108AB-FollowerState
2022-07-19 02:04:21,160 [grpc-default-executor-15] INFO  impl.RoleInfo (RoleInfo.java:updateAndGet(139)) - s1: start s1@group-33DD9DD108AB-FollowerState
2022-07-19 02:04:21,160 [s1@group-33DD9DD108AB-FollowerState] INFO  impl.FollowerState (FollowerState.java:run(152)) - s1@group-33DD9DD108AB-FollowerState was interrupted
2022-07-19 02:04:21,163 [grpc-default-executor-15] INFO  server.RaftServer$Division (RaftServerImpl.java:requestVote(1230)) - s1@group-33DD9DD108AB replies to ELECTION vote request: s2<-s1#0:OK-t2. Peer's state: s1@group-33DD9DD108AB:t2, leader=null, voted=s2, raftlog=Memoized:s1@group-33DD9DD108AB-SegmentedRaftLog:OPENED:c18, conf=0: peers:[s0|rpc:localhost:42967|admin:localhost:35399|client:localhost:33207|dataStream:localhost:43161|priority:0|startupRole:FOLLOWER, s1|rpc:localhost:43989|admin:localhost:33969|client:localhost:39579|dataStream:localhost:40179|priority:0|startupRole:FOLLOWER, s2|rpc:localhost:33439|admin:localhost:44687|client:localhost:36505|dataStream:localhost:46481|priority:0|startupRole:FOLLOWER]|listeners:[], old=null
2022-07-19 02:04:21,172 [s2@group-33DD9DD108AB-LeaderElection4] INFO  impl.LeaderElection (LeaderElection.java:logAndReturn(90)) - s2@group-33DD9DD108AB-LeaderElection4: ELECTION PASSED received 1 response(s) and 0 exception(s):
2022-07-19 02:04:21,172 [s2@group-33DD9DD108AB-LeaderElection4] INFO  impl.LeaderElection (LeaderElection.java:logAndReturn(94)) -   Response 0: s2<-s1#0:OK-t2
2022-07-19 02:04:21,172 [s2@group-33DD9DD108AB-LeaderElection4] INFO  impl.LeaderElection (LeaderElection.java:askForVotes(312)) - s2@group-33DD9DD108AB-LeaderElection4 ELECTION round 0: result PASSED
2022-07-19 02:04:21,172 [s2@group-33DD9DD108AB-LeaderElection4] INFO  impl.RoleInfo (RoleInfo.java:shutdownLeaderElection(130)) - s2: shutdown s2@group-33DD9DD108AB-LeaderElection4
2022-07-19 02:04:21,172 [s2@group-33DD9DD108AB-LeaderElection4] INFO  server.RaftServer$Division (RaftServerImpl.java:setRole(301)) - s2@group-33DD9DD108AB: changes role from CANDIDATE to LEADER at term 2 for changeToLeader
2022-07-19 02:04:21,172 [s2@group-33DD9DD108AB-LeaderElection4] INFO  server.RaftServer$Division (ServerState.java:setLeader(313)) - s2@group-33DD9DD108AB: change Leader from null to s2 at term 2 for becomeLeader, leader elected after 55ms
2022-07-19 02:04:21,172 [s2@group-33DD9DD108AB-LeaderElection4] INFO  server.RaftServerConfigKeys (ConfUtils.java:logGet(46)) - raft.server.staging.catchup.gap = 1000 (default)
2022-07-19 02:04:21,173 [s2@group-33DD9DD108AB-LeaderElection4] INFO  server.RaftServerConfigKeys (ConfUtils.java:logGet(46)) - raft.server.write.element-limit = 4096 (default)
2022-07-19 02:04:21,173 [s2@group-33DD9DD108AB-LeaderElection4] INFO  server.RaftServerConfigKeys (ConfUtils.java:logGet(46)) - raft.server.write.byte-limit = 64MB (=67108864) (default)
2022-07-19 02:04:21,177 [s2@group-33DD9DD108AB-LeaderElection4] INFO  server.RaftServerConfigKeys (ConfUtils.java:logGet(46)) - raft.server.watch.timeout = 10s (default)
2022-07-19 02:04:21,177 [s2@group-33DD9DD108AB-LeaderElection4] INFO  server.RaftServerConfigKeys (ConfUtils.java:logGet(46)) - raft.server.watch.timeout.denomination = 1s (default)
2022-07-19 02:04:21,177 [s2@group-33DD9DD108AB-LeaderElection4] INFO  server.RaftServerConfigKeys (ConfUtils.java:logGet(46)) - raft.server.watch.element-limit = 65536 (default)
2022-07-19 02:04:21,177 [s2@group-33DD9DD108AB-LeaderElection4] INFO  server.RaftServerConfigKeys (ConfUtils.java:logGet(46)) - raft.server.write.element-limit = 4096 (default)
2022-07-19 02:04:21,177 [s2@group-33DD9DD108AB-LeaderElection4] INFO  server.RaftServerConfigKeys (ConfUtils.java:logGet(46)) - raft.server.write.follower.gap.ratio.max = -1.0 (default)
2022-07-19 02:04:21,177 [s2@group-33DD9DD108AB-LeaderElection4] INFO  server.RaftServerConfigKeys (ConfUtils.java:logGet(46)) - raft.server.log.appender.snapshot.chunk.size.max = 16MB (=16777216) (default)
2022-07-19 02:04:21,177 [s2@group-33DD9DD108AB-LeaderElection4] INFO  server.RaftServerConfigKeys (ConfUtils.java:logGet(46)) - raft.server.log.appender.buffer.byte-limit = 4MB (=4194304) (default)
2022-07-19 02:04:21,177 [s2@group-33DD9DD108AB-LeaderElection4] INFO  server.RaftServerConfigKeys (ConfUtils.java:logGet(46)) - raft.server.log.appender.buffer.element-limit = 0 (default)
2022-07-19 02:04:21,178 [s2@group-33DD9DD108AB-LeaderElection4] INFO  grpc.GrpcConfigKeys (ConfUtils.java:logGet(46)) - raft.grpc.server.leader.outstanding.appends.max = 128 (default)
2022-07-19 02:04:21,178 [s2@group-33DD9DD108AB-LeaderElection4] INFO  server.RaftServerConfigKeys (ConfUtils.java:logGet(46)) - raft.server.rpc.request.timeout = 3000ms (default)
2022-07-19 02:04:21,178 [s2@group-33DD9DD108AB-LeaderElection4] INFO  server.RaftServerConfigKeys (ConfUtils.java:logGet(46)) - raft.server.log.appender.install.snapshot.enabled = true (default)
2022-07-19 02:04:21,178 [s2@group-33DD9DD108AB-LeaderElection4] INFO  server.RaftServerConfigKeys (ConfUtils.java:logGet(46)) - raft.server.log.appender.snapshot.chunk.size.max = 16MB (=16777216) (default)
2022-07-19 02:04:21,179 [s2@group-33DD9DD108AB-LeaderElection4] INFO  server.RaftServerConfigKeys (ConfUtils.java:logGet(46)) - raft.server.log.appender.buffer.byte-limit = 4MB (=4194304) (default)
2022-07-19 02:04:21,179 [s2@group-33DD9DD108AB-LeaderElection4] INFO  server.RaftServerConfigKeys (ConfUtils.java:logGet(46)) - raft.server.log.appender.buffer.element-limit = 0 (default)
2022-07-19 02:04:21,181 [s2@group-33DD9DD108AB-LeaderElection4] INFO  grpc.GrpcConfigKeys (ConfUtils.java:logGet(46)) - raft.grpc.server.leader.outstanding.appends.max = 128 (default)
2022-07-19 02:04:21,183 [s2@group-33DD9DD108AB-LeaderElection4] INFO  server.RaftServerConfigKeys (ConfUtils.java:logGet(46)) - raft.server.rpc.request.timeout = 3000ms (default)
2022-07-19 02:04:21,184 [s2@group-33DD9DD108AB-LeaderElection4] INFO  server.RaftServerConfigKeys (ConfUtils.java:logGet(46)) - raft.server.log.appender.install.snapshot.enabled = true (default)
2022-07-19 02:04:21,185 [s2@group-33DD9DD108AB-LeaderElection4] INFO  impl.RoleInfo (RoleInfo.java:updateAndGet(139)) - s2: start s2@group-33DD9DD108AB-LeaderStateImpl
2022-07-19 02:04:21,191 [s2@group-33DD9DD108AB-LeaderElection4] INFO  segmented.SegmentedRaftLogWorker (SegmentedRaftLogWorker.java:rollLogSegment(430)) - s2@group-33DD9DD108AB-SegmentedRaftLogWorker: Rolling segment log-0_18 to index:18
2022-07-19 02:04:21,204 [s2@group-33DD9DD108AB-SegmentedRaftLogWorker] TRACE util.FileUtils (LogUtils.java:runAndLog(49)) - Successfully ran Files.move /home/runner/work/ratis/ratis/ratis-test/target/test/data/76646f/MiniRaftClusterWithRpcTypeGrpcAndDataStreamTypeNettyc627e763/s2/3d4325af-1726-45d2-aa71-33dd9dd108ab/current/log_inprogress_0 to /home/runner/work/ratis/ratis/ratis-test/target/test/data/76646f/MiniRaftClusterWithRpcTypeGrpcAndDataStreamTypeNettyc627e763/s2/3d4325af-1726-45d2-aa71-33dd9dd108ab/current/log_0-18
2022-07-19 02:04:21,206 [s2@group-33DD9DD108AB-SegmentedRaftLogWorker] INFO  segmented.SegmentedRaftLogWorker (SegmentedRaftLogWorker.java:execute(586)) - s2@group-33DD9DD108AB-SegmentedRaftLogWorker: Rolled log segment from /home/runner/work/ratis/ratis/ratis-test/target/test/data/76646f/MiniRaftClusterWithRpcTypeGrpcAndDataStreamTypeNettyc627e763/s2/3d4325af-1726-45d2-aa71-33dd9dd108ab/current/log_inprogress_0 to /home/runner/work/ratis/ratis/ratis-test/target/test/data/76646f/MiniRaftClusterWithRpcTypeGrpcAndDataStreamTypeNettyc627e763/s2/3d4325af-1726-45d2-aa71-33dd9dd108ab/current/log_0-18
2022-07-19 02:04:21,222 [s2@group-33DD9DD108AB-SegmentedRaftLogWorker] INFO  segmented.SegmentedRaftLogWorker (SegmentedRaftLogWorker.java:execute(629)) - s2@group-33DD9DD108AB-SegmentedRaftLogWorker: created new log segment /home/runner/work/ratis/ratis/ratis-test/target/test/data/76646f/MiniRaftClusterWithRpcTypeGrpcAndDataStreamTypeNettyc627e763/s2/3d4325af-1726-45d2-aa71-33dd9dd108ab/current/log_inprogress_19
2022-07-19 02:04:21,245 [s2@group-33DD9DD108AB-LeaderElection4] INFO  server.RaftServer$Division (ServerState.java:setRaftConf(429)) - s2@group-33DD9DD108AB: set configuration 19: peers:[s0|rpc:localhost:42967|admin:localhost:35399|client:localhost:33207|dataStream:localhost:43161|priority:0|startupRole:FOLLOWER, s1|rpc:localhost:43989|admin:localhost:33969|client:localhost:39579|dataStream:localhost:40179|priority:0|startupRole:FOLLOWER, s2|rpc:localhost:33439|admin:localhost:44687|client:localhost:36505|dataStream:localhost:46481|priority:0|startupRole:FOLLOWER]|listeners:[], old=null
2022-07-19 02:04:21,247 [grpc-default-executor-15] INFO  server.RaftServer$Division (RaftServerImpl.java:requestVote(1197)) - s0@group-33DD9DD108AB: receive requestVote(ELECTION, s2, group-33DD9DD108AB, 2, (t:1, i:18))
2022-07-19 02:04:21,248 [grpc-default-executor-15] INFO  impl.VoteContext (VoteContext.java:log(48)) - s0@group-33DD9DD108AB-FOLLOWER: accept ELECTION from s2: our priority 0 <= candidate's priority 0
2022-07-19 02:04:21,248 [grpc-default-executor-15] INFO  server.RaftServer$Division (ServerState.java:setLeader(313)) - s0@group-33DD9DD108AB: change Leader from s0 to null at term 2 for updateCurrentTerm
2022-07-19 02:04:21,248 [grpc-default-executor-15] INFO  server.RaftServer$Division (RaftServerImpl.java:setRole(301)) - s0@group-33DD9DD108AB: changes role from  FOLLOWER to FOLLOWER at term 2 for candidate:s2
2022-07-19 02:04:21,248 [grpc-default-executor-15] INFO  impl.RoleInfo (RoleInfo.java:shutdownFollowerState(110)) - s0: shutdown s0@group-33DD9DD108AB-FollowerState
2022-07-19 02:04:21,248 [s0@group-33DD9DD108AB-FollowerState] INFO  impl.FollowerState (FollowerState.java:run(152)) - s0@group-33DD9DD108AB-FollowerState was interrupted
2022-07-19 02:04:21,248 [grpc-default-executor-15] INFO  impl.RoleInfo (RoleInfo.java:updateAndGet(139)) - s0: start s0@group-33DD9DD108AB-FollowerState
2022-07-19 02:04:21,252 [grpc-default-executor-15] INFO  server.RaftServer$Division (RaftServerImpl.java:requestVote(1230)) - s0@group-33DD9DD108AB replies to ELECTION vote request: s2<-s0#0:OK-t2. Peer's state: s0@group-33DD9DD108AB:t2, leader=null, voted=s2, raftlog=Memoized:s0@group-33DD9DD108AB-SegmentedRaftLog:OPENED:c18, conf=0: peers:[s0|rpc:localhost:42967|admin:localhost:35399|client:localhost:33207|dataStream:localhost:43161|priority:0|startupRole:FOLLOWER, s1|rpc:localhost:43989|admin:localhost:33969|client:localhost:39579|dataStream:localhost:40179|priority:0|startupRole:FOLLOWER, s2|rpc:localhost:33439|admin:localhost:44687|client:localhost:36505|dataStream:localhost:46481|priority:0|startupRole:FOLLOWER]|listeners:[], old=null
2022-07-19 02:04:21,257 [s1-server-thread1] INFO  server.RaftServer$Division (ServerState.java:setLeader(313)) - s1@group-33DD9DD108AB: change Leader from null to s2 at term 2 for appendEntries, leader elected after 97ms
2022-07-19 02:04:21,258 [s0-server-thread1] INFO  server.RaftServer$Division (ServerState.java:setLeader(313)) - s0@group-33DD9DD108AB: change Leader from null to s2 at term 2 for appendEntries, leader elected after 9ms
2022-07-19 02:04:21,262 [s0-server-thread1] INFO  server.RaftServer$Division (ServerState.java:setRaftConf(429)) - s0@group-33DD9DD108AB: set configuration 19: peers:[s0|rpc:localhost:42967|admin:localhost:35399|client:localhost:33207|dataStream:localhost:43161|priority:0|startupRole:FOLLOWER, s1|rpc:localhost:43989|admin:localhost:33969|client:localhost:39579|dataStream:localhost:40179|priority:0|startupRole:FOLLOWER, s2|rpc:localhost:33439|admin:localhost:44687|client:localhost:36505|dataStream:localhost:46481|priority:0|startupRole:FOLLOWER]|listeners:[], old=null
2022-07-19 02:04:21,263 [s0-server-thread1] INFO  segmented.SegmentedRaftLogWorker (SegmentedRaftLogWorker.java:rollLogSegment(430)) - s0@group-33DD9DD108AB-SegmentedRaftLogWorker: Rolling segment log-0_18 to index:18
2022-07-19 02:04:21,265 [s0@group-33DD9DD108AB-SegmentedRaftLogWorker] TRACE util.FileUtils (LogUtils.java:runAndLog(49)) - Successfully ran Files.move /home/runner/work/ratis/ratis/ratis-test/target/test/data/76646f/MiniRaftClusterWithRpcTypeGrpcAndDataStreamTypeNettyc627e763/s0/3d4325af-1726-45d2-aa71-33dd9dd108ab/current/log_inprogress_0 to /home/runner/work/ratis/ratis/ratis-test/target/test/data/76646f/MiniRaftClusterWithRpcTypeGrpcAndDataStreamTypeNettyc627e763/s0/3d4325af-1726-45d2-aa71-33dd9dd108ab/current/log_0-18
2022-07-19 02:04:21,265 [s0@group-33DD9DD108AB-SegmentedRaftLogWorker] INFO  segmented.SegmentedRaftLogWorker (SegmentedRaftLogWorker.java:execute(586)) - s0@group-33DD9DD108AB-SegmentedRaftLogWorker: Rolled log segment from /home/runner/work/ratis/ratis/ratis-test/target/test/data/76646f/MiniRaftClusterWithRpcTypeGrpcAndDataStreamTypeNettyc627e763/s0/3d4325af-1726-45d2-aa71-33dd9dd108ab/current/log_inprogress_0 to /home/runner/work/ratis/ratis/ratis-test/target/test/data/76646f/MiniRaftClusterWithRpcTypeGrpcAndDataStreamTypeNettyc627e763/s0/3d4325af-1726-45d2-aa71-33dd9dd108ab/current/log_0-18
2022-07-19 02:04:21,299 [s0@group-33DD9DD108AB-SegmentedRaftLogWorker] INFO  segmented.SegmentedRaftLogWorker (SegmentedRaftLogWorker.java:execute(629)) - s0@group-33DD9DD108AB-SegmentedRaftLogWorker: created new log segment /home/runner/work/ratis/ratis/ratis-test/target/test/data/76646f/MiniRaftClusterWithRpcTypeGrpcAndDataStreamTypeNettyc627e763/s0/3d4325af-1726-45d2-aa71-33dd9dd108ab/current/log_inprogress_19
2022-07-19 02:04:21,316 [s1-server-thread1] INFO  server.RaftServer$Division (ServerState.java:setRaftConf(429)) - s1@group-33DD9DD108AB: set configuration 19: peers:[s0|rpc:localhost:42967|admin:localhost:35399|client:localhost:33207|dataStream:localhost:43161|priority:0|startupRole:FOLLOWER, s1|rpc:localhost:43989|admin:localhost:33969|client:localhost:39579|dataStream:localhost:40179|priority:0|startupRole:FOLLOWER, s2|rpc:localhost:33439|admin:localhost:44687|client:localhost:36505|dataStream:localhost:46481|priority:0|startupRole:FOLLOWER]|listeners:[], old=null
2022-07-19 02:04:21,317 [s1-server-thread1] INFO  segmented.SegmentedRaftLogWorker (SegmentedRaftLogWorker.java:rollLogSegment(430)) - s1@group-33DD9DD108AB-SegmentedRaftLogWorker: Rolling segment log-0_18 to index:18
2022-07-19 02:04:21,318 [s1@group-33DD9DD108AB-SegmentedRaftLogWorker] TRACE util.FileUtils (LogUtils.java:runAndLog(49)) - Successfully ran Files.move /home/runner/work/ratis/ratis/ratis-test/target/test/data/76646f/MiniRaftClusterWithRpcTypeGrpcAndDataStreamTypeNettyc627e763/s1/3d4325af-1726-45d2-aa71-33dd9dd108ab/current/log_inprogress_0 to /home/runner/work/ratis/ratis/ratis-test/target/test/data/76646f/MiniRaftClusterWithRpcTypeGrpcAndDataStreamTypeNettyc627e763/s1/3d4325af-1726-45d2-aa71-33dd9dd108ab/current/log_0-18
2022-07-19 02:04:21,319 [s1@group-33DD9DD108AB-SegmentedRaftLogWorker] INFO  segmented.SegmentedRaftLogWorker (SegmentedRaftLogWorker.java:execute(586)) - s1@group-33DD9DD108AB-SegmentedRaftLogWorker: Rolled log segment from /home/runner/work/ratis/ratis/ratis-test/target/test/data/76646f/MiniRaftClusterWithRpcTypeGrpcAndDataStreamTypeNettyc627e763/s1/3d4325af-1726-45d2-aa71-33dd9dd108ab/current/log_inprogress_0 to /home/runner/work/ratis/ratis/ratis-test/target/test/data/76646f/MiniRaftClusterWithRpcTypeGrpcAndDataStreamTypeNettyc627e763/s1/3d4325af-1726-45d2-aa71-33dd9dd108ab/current/log_0-18
2022-07-19 02:04:21,332 [s1@group-33DD9DD108AB-SegmentedRaftLogWorker] INFO  segmented.SegmentedRaftLogWorker (SegmentedRaftLogWorker.java:execute(629)) - s1@group-33DD9DD108AB-SegmentedRaftLogWorker: created new log segment /home/runner/work/ratis/ratis/ratis-test/target/test/data/76646f/MiniRaftClusterWithRpcTypeGrpcAndDataStreamTypeNettyc627e763/s1/3d4325af-1726-45d2-aa71-33dd9dd108ab/current/log_inprogress_19
2022-07-19 02:04:26,471 [Timer-2] INFO  impl.MiniRaftCluster (MiniRaftCluster.java:lambda$null$5(315)) - TIMED-PRINT: printing ALL groups
  s0:  RUNNING  FOLLOWER s0@group-33DD9DD108AB:t2, leader=s2, voted=s2, raftlog=Memoized:s0@group-33DD9DD108AB-SegmentedRaftLog:OPENED:c20, conf=19: peers:[s0|rpc:localhost:42967|admin:localhost:35399|client:localhost:33207|dataStream:localhost:43161|priority:0|startupRole:FOLLOWER, s1|rpc:localhost:43989|admin:localhost:33969|client:localhost:39579|dataStream:localhost:40179|priority:0|startupRole:FOLLOWER, s2|rpc:localhost:33439|admin:localhost:44687|client:localhost:36505|dataStream:localhost:46481|priority:0|startupRole:FOLLOWER]|listeners:[], old=null RUNNING
  s1:  RUNNING  FOLLOWER s1@group-33DD9DD108AB:t2, leader=s2, voted=s2, raftlog=Memoized:s1@group-33DD9DD108AB-SegmentedRaftLog:OPENED:c20, conf=19: peers:[s0|rpc:localhost:42967|admin:localhost:35399|client:localhost:33207|dataStream:localhost:43161|priority:0|startupRole:FOLLOWER, s1|rpc:localhost:43989|admin:localhost:33969|client:localhost:39579|dataStream:localhost:40179|priority:0|startupRole:FOLLOWER, s2|rpc:localhost:33439|admin:localhost:44687|client:localhost:36505|dataStream:localhost:46481|priority:0|startupRole:FOLLOWER]|listeners:[], old=null RUNNING
  s2:  RUNNING    LEADER s2@group-33DD9DD108AB:t2, leader=s2, voted=s2, raftlog=Memoized:s2@group-33DD9DD108AB-SegmentedRaftLog:OPENED:c20, conf=19: peers:[s0|rpc:localhost:42967|admin:localhost:35399|client:localhost:33207|dataStream:localhost:43161|priority:0|startupRole:FOLLOWER, s1|rpc:localhost:43989|admin:localhost:33969|client:localhost:39579|dataStream:localhost:40179|priority:0|startupRole:FOLLOWER, s2|rpc:localhost:33439|admin:localhost:44687|client:localhost:36505|dataStream:localhost:46481|priority:0|startupRole:FOLLOWER]|listeners:[], old=null RUNNING
2022-07-19 02:04:35,544 [pool-9-thread-10] INFO  datastream.DataStreamTestUtils (DataStreamTestUtils.java:writeAndCloseAndAssertReplies(320)) - Stream377: bytesWritten=3746894
2022-07-19 02:04:35,654 [s2-client-thread1] INFO  statemachine.StateMachine (DataStreamTestUtils.java:link(157)) - link SingleDataStream: writeRequest=RaftClientRequest:client-B9E915527446->s0@group-33DD9DD108AB, cid=377, seq=0, DataStream, Message:<EMPTY>, logEntry=null
2022-07-19 02:04:35,666 [s1-server-thread1] INFO  statemachine.StateMachine (DataStreamTestUtils.java:link(157)) - link SingleDataStream: writeRequest=RaftClientRequest:client-B9E915527446->s0@group-33DD9DD108AB, cid=377, seq=0, DataStream, Message:<EMPTY>, logEntry=null
2022-07-19 02:04:35,666 [s0-server-thread1] INFO  statemachine.StateMachine (DataStreamTestUtils.java:link(157)) - link SingleDataStream: writeRequest=RaftClientRequest:client-B9E915527446->s0@group-33DD9DD108AB, cid=377, seq=0, DataStream, Message:<EMPTY>, logEntry=null
2022-07-19 02:04:35,677 [pool-9-thread-10] INFO  datastream.DataStreamTestUtils (DataStreamTestUtils.java:writeAndCloseAndAssertReplies(311)) - start Stream394
2022-07-19 02:04:35,890 [pool-9-thread-11] INFO  datastream.DataStreamTestUtils (DataStreamTestUtils.java:writeAndCloseAndAssertReplies(320)) - Stream388: bytesWritten=3749193
2022-07-19 02:04:35,991 [pool-9-thread-16] INFO  datastream.DataStreamTestUtils (DataStreamTestUtils.java:writeAndCloseAndAssertReplies(320)) - Stream387: bytesWritten=3745718
2022-07-19 02:04:35,992 [s2-client-thread1] INFO  statemachine.StateMachine (DataStreamTestUtils.java:link(157)) - link SingleDataStream: writeRequest=RaftClientRequest:client-B9E915527446->s0@group-33DD9DD108AB, cid=388, seq=0, DataStream, Message:<EMPTY>, logEntry=null
2022-07-19 02:04:36,000 [s0-server-thread1] INFO  statemachine.StateMachine (DataStreamTestUtils.java:link(157)) - link SingleDataStream: writeRequest=RaftClientRequest:client-B9E915527446->s0@group-33DD9DD108AB, cid=388, seq=0, DataStream, Message:<EMPTY>, logEntry=null
2022-07-19 02:04:36,007 [s2-client-thread1] INFO  statemachine.StateMachine (DataStreamTestUtils.java:link(157)) - link SingleDataStream: writeRequest=RaftClientRequest:client-B9E915527446->s0@group-33DD9DD108AB, cid=387, seq=0, DataStream, Message:<EMPTY>, logEntry=null
2022-07-19 02:04:36,015 [s0-server-thread1] INFO  statemachine.StateMachine (DataStreamTestUtils.java:link(157)) - link SingleDataStream: writeRequest=RaftClientRequest:client-B9E915527446->s0@group-33DD9DD108AB, cid=387, seq=0, DataStream, Message:<EMPTY>, logEntry=null
2022-07-19 02:04:36,047 [pool-9-thread-15] INFO  datastream.DataStreamTestUtils (DataStreamTestUtils.java:writeAndCloseAndAssertReplies(320)) - Stream392: bytesWritten=3742618
2022-07-19 02:04:36,055 [s1-server-thread1] INFO  statemachine.StateMachine (DataStreamTestUtils.java:link(157)) - link SingleDataStream: writeRequest=RaftClientRequest:client-B9E915527446->s0@group-33DD9DD108AB, cid=388, seq=0, DataStream, Message:<EMPTY>, logEntry=null
2022-07-19 02:04:36,056 [s1-server-thread1] INFO  statemachine.StateMachine (DataStreamTestUtils.java:link(157)) - link SingleDataStream: writeRequest=RaftClientRequest:client-B9E915527446->s0@group-33DD9DD108AB, cid=387, seq=0, DataStream, Message:<EMPTY>, logEntry=null
2022-07-19 02:04:36,060 [s2-client-thread1] INFO  statemachine.StateMachine (DataStreamTestUtils.java:link(157)) - link SingleDataStream: writeRequest=RaftClientRequest:client-B9E915527446->s0@group-33DD9DD108AB, cid=392, seq=0, DataStream, Message:<EMPTY>, logEntry=null
2022-07-19 02:04:36,061 [s0-server-thread1] INFO  statemachine.StateMachine (DataStreamTestUtils.java:link(157)) - link SingleDataStream: writeRequest=RaftClientRequest:client-B9E915527446->s0@group-33DD9DD108AB, cid=392, seq=0, DataStream, Message:<EMPTY>, logEntry=null
2022-07-19 02:04:36,082 [pool-9-thread-11] INFO  datastream.DataStreamTestUtils (DataStreamTestUtils.java:writeAndCloseAndAssertReplies(311)) - start Stream395
2022-07-19 02:04:36,111 [s1-server-thread1] INFO  statemachine.StateMachine (DataStreamTestUtils.java:link(157)) - link SingleDataStream: writeRequest=RaftClientRequest:client-B9E915527446->s0@group-33DD9DD108AB, cid=392, seq=0, DataStream, Message:<EMPTY>, logEntry=null
2022-07-19 02:04:36,148 [pool-9-thread-16] INFO  datastream.DataStreamTestUtils (DataStreamTestUtils.java:writeAndCloseAndAssertReplies(311)) - start Stream397
2022-07-19 02:04:36,195 [pool-9-thread-15] INFO  datastream.DataStreamTestUtils (DataStreamTestUtils.java:writeAndCloseAndAssertReplies(311)) - start Stream398
2022-07-19 02:04:36,228 [pool-9-thread-3] INFO  datastream.DataStreamTestUtils (DataStreamTestUtils.java:writeAndCloseAndAssertReplies(320)) - Stream393: bytesWritten=3745404
2022-07-19 02:04:36,242 [s2-client-thread1] INFO  statemachine.StateMachine (DataStreamTestUtils.java:link(157)) - link SingleDataStream: writeRequest=RaftClientRequest:client-B9E915527446->s0@group-33DD9DD108AB, cid=393, seq=0, DataStream, Message:<EMPTY>, logEntry=null
2022-07-19 02:04:36,244 [s1-server-thread1] INFO  statemachine.StateMachine (DataStreamTestUtils.java:link(157)) - link SingleDataStream: writeRequest=RaftClientRequest:client-B9E915527446->s0@group-33DD9DD108AB, cid=393, seq=0, DataStream, Message:<EMPTY>, logEntry=null
2022-07-19 02:04:36,298 [s0-server-thread1] INFO  statemachine.StateMachine (DataStreamTestUtils.java:link(157)) - link SingleDataStream: writeRequest=RaftClientRequest:client-B9E915527446->s0@group-33DD9DD108AB, cid=393, seq=0, DataStream, Message:<EMPTY>, logEntry=null
2022-07-19 02:04:36,306 [pool-9-thread-3] INFO  datastream.DataStreamTestUtils (DataStreamTestUtils.java:writeAndCloseAndAssertReplies(311)) - start Stream399
2022-07-19 02:04:36,369 [pool-9-thread-12] INFO  datastream.DataStreamTestUtils (DataStreamTestUtils.java:writeAndCloseAndAssertReplies(320)) - Stream390: bytesWritten=3747978
2022-07-19 02:04:36,380 [s2-client-thread1] INFO  statemachine.StateMachine (DataStreamTestUtils.java:link(157)) - link SingleDataStream: writeRequest=RaftClientRequest:client-B9E915527446->s0@group-33DD9DD108AB, cid=390, seq=0, DataStream, Message:<EMPTY>, logEntry=null
2022-07-19 02:04:36,382 [s0-server-thread1] INFO  statemachine.StateMachine (DataStreamTestUtils.java:link(157)) - link SingleDataStream: writeRequest=RaftClientRequest:client-B9E915527446->s0@group-33DD9DD108AB, cid=390, seq=0, DataStream, Message:<EMPTY>, logEntry=null
2022-07-19 02:04:36,382 [s1-server-thread1] INFO  statemachine.StateMachine (DataStreamTestUtils.java:link(157)) - link SingleDataStream: writeRequest=RaftClientRequest:client-B9E915527446->s0@group-33DD9DD108AB, cid=390, seq=0, DataStream, Message:<EMPTY>, logEntry=null
2022-07-19 02:04:36,397 [pool-9-thread-12] INFO  datastream.DataStreamTestUtils (DataStreamTestUtils.java:writeAndCloseAndAssertReplies(311)) - start Stream400
2022-07-19 02:04:36,437 [pool-9-thread-13] INFO  datastream.DataStreamTestUtils (DataStreamTestUtils.java:writeAndCloseAndAssertReplies(320)) - Stream391: bytesWritten=3753265
2022-07-19 02:04:36,449 [s2-client-thread1] INFO  statemachine.StateMachine (DataStreamTestUtils.java:link(157)) - link SingleDataStream: writeRequest=RaftClientRequest:client-B9E915527446->s0@group-33DD9DD108AB, cid=391, seq=0, DataStream, Message:<EMPTY>, logEntry=null
2022-07-19 02:04:36,451 [s1-server-thread1] INFO  statemachine.StateMachine (DataStreamTestUtils.java:link(157)) - link SingleDataStream: writeRequest=RaftClientRequest:client-B9E915527446->s0@group-33DD9DD108AB, cid=391, seq=0, DataStream, Message:<EMPTY>, logEntry=null
2022-07-19 02:04:36,452 [s0-server-thread1] INFO  statemachine.StateMachine (DataStreamTestUtils.java:link(157)) - link SingleDataStream: writeRequest=RaftClientRequest:client-B9E915527446->s0@group-33DD9DD108AB, cid=391, seq=0, DataStream, Message:<EMPTY>, logEntry=null
2022-07-19 02:04:36,471 [Timer-2] INFO  impl.MiniRaftCluster (MiniRaftCluster.java:lambda$null$5(315)) - TIMED-PRINT: printing ALL groups
  s0:  RUNNING  FOLLOWER s0@group-33DD9DD108AB:t2, leader=s2, voted=s2, raftlog=Memoized:s0@group-33DD9DD108AB-SegmentedRaftLog:OPENED:c31, conf=19: peers:[s0|rpc:localhost:42967|admin:localhost:35399|client:localhost:33207|dataStream:localhost:43161|priority:0|startupRole:FOLLOWER, s1|rpc:localhost:43989|admin:localhost:33969|client:localhost:39579|dataStream:localhost:40179|priority:0|startupRole:FOLLOWER, s2|rpc:localhost:33439|admin:localhost:44687|client:localhost:36505|dataStream:localhost:46481|priority:0|startupRole:FOLLOWER]|listeners:[], old=null RUNNING
  s1:  RUNNING  FOLLOWER s1@group-33DD9DD108AB:t2, leader=s2, voted=s2, raftlog=Memoized:s1@group-33DD9DD108AB-SegmentedRaftLog:OPENED:c31, conf=19: peers:[s0|rpc:localhost:42967|admin:localhost:35399|client:localhost:33207|dataStream:localhost:43161|priority:0|startupRole:FOLLOWER, s1|rpc:localhost:43989|admin:localhost:33969|client:localhost:39579|dataStream:localhost:40179|priority:0|startupRole:FOLLOWER, s2|rpc:localhost:33439|admin:localhost:44687|client:localhost:36505|dataStream:localhost:46481|priority:0|startupRole:FOLLOWER]|listeners:[], old=null RUNNING
  s2:  RUNNING    LEADER s2@group-33DD9DD108AB:t2, leader=s2, voted=s2, raftlog=Memoized:s2@group-33DD9DD108AB-SegmentedRaftLog:OPENED:c32, conf=19: peers:[s0|rpc:localhost:42967|admin:localhost:35399|client:localhost:33207|dataStream:localhost:43161|priority:0|startupRole:FOLLOWER, s1|rpc:localhost:43989|admin:localhost:33969|client:localhost:39579|dataStream:localhost:40179|priority:0|startupRole:FOLLOWER, s2|rpc:localhost:33439|admin:localhost:44687|client:localhost:36505|dataStream:localhost:46481|priority:0|startupRole:FOLLOWER]|listeners:[], old=null RUNNING
2022-07-19 02:04:36,478 [pool-9-thread-13] INFO  datastream.DataStreamTestUtils (DataStreamTestUtils.java:writeAndCloseAndAssertReplies(311)) - start Stream401
2022-07-19 02:04:36,585 [pool-9-thread-14] INFO  datastream.DataStreamTestUtils (DataStreamTestUtils.java:writeAndCloseAndAssertReplies(320)) - Stream389: bytesWritten=3731264
2022-07-19 02:04:36,591 [s2-client-thread1] INFO  statemachine.StateMachine (DataStreamTestUtils.java:link(157)) - link SingleDataStream: writeRequest=RaftClientRequest:client-B9E915527446->s0@group-33DD9DD108AB, cid=389, seq=0, DataStream, Message:<EMPTY>, logEntry=null
2022-07-19 02:04:36,592 [s0-server-thread1] INFO  statemachine.StateMachine (DataStreamTestUtils.java:link(157)) - link SingleDataStream: writeRequest=RaftClientRequest:client-B9E915527446->s0@group-33DD9DD108AB, cid=389, seq=0, DataStream, Message:<EMPTY>, logEntry=null
2022-07-19 02:04:36,593 [s1-server-thread1] INFO  statemachine.StateMachine (DataStreamTestUtils.java:link(157)) - link SingleDataStream: writeRequest=RaftClientRequest:client-B9E915527446->s0@group-33DD9DD108AB, cid=389, seq=0, DataStream, Message:<EMPTY>, logEntry=null
2022-07-19 02:04:36,628 [pool-9-thread-14] INFO  datastream.DataStreamTestUtils (DataStreamTestUtils.java:writeAndCloseAndAssertReplies(311)) - start Stream402
2022-07-19 02:04:45,921 [s0@group-33DD9DD108AB-FollowerState] WARN  impl.FollowerState (FollowerState.java:run(130)) - Unexpected long sleep: sleep 263ms but took extra 820061886ns (> threshold = 300ms)
2022-07-19 02:04:45,921 [s1@group-33DD9DD108AB-FollowerState] WARN  impl.FollowerState (FollowerState.java:run(130)) - Unexpected long sleep: sleep 297ms but took extra 885017575ns (> threshold = 300ms)
2022-07-19 02:04:45,922 [org.apache.ratis.util.JvmPauseMonitor$$Lambda$278/1103347195@78eb7d72] WARN  util.JvmPauseMonitor (JvmPauseMonitor.java:detectPause(124)) - JvmPauseMonitor-s1: Detected pause in JVM or host machine (eg GC): pause of approximately 935789351ns.
GC pool 'PS MarkSweep' had collection(s): count=1 time=804ms
GC pool 'PS Scavenge' had collection(s): count=1 time=191ms
2022-07-19 02:04:45,922 [org.apache.ratis.util.JvmPauseMonitor$$Lambda$278/1103347195@2873058e] WARN  util.JvmPauseMonitor (JvmPauseMonitor.java:detectPause(124)) - JvmPauseMonitor-s2: Detected pause in JVM or host machine (eg GC): pause of approximately 936455758ns.
GC pool 'PS MarkSweep' had collection(s): count=1 time=804ms
GC pool 'PS Scavenge' had collection(s): count=1 time=191ms
2022-07-19 02:04:45,922 [org.apache.ratis.util.JvmPauseMonitor$$Lambda$278/1103347195@7c399e7a] WARN  util.JvmPauseMonitor (JvmPauseMonitor.java:detectPause(124)) - JvmPauseMonitor-s0: Detected pause in JVM or host machine (eg GC): pause of approximately 936786260ns.
GC pool 'PS MarkSweep' had collection(s): count=1 time=804ms
GC pool 'PS Scavenge' had collection(s): count=1 time=191ms
2022-07-19 02:04:45,925 [s2@group-33DD9DD108AB-LeaderStateImpl] WARN  server.RaftServer$Division (LeaderStateImpl.java:checkLeadership(1020)) - s2@group-33DD9DD108AB-LeaderStateImpl: Lost leadership on term: 2. Election timeout: 300ms. In charge for: 24752ms. Conf: 19: peers:[s0|rpc:localhost:42967|admin:localhost:35399|client:localhost:33207|dataStream:localhost:43161|priority:0|startupRole:FOLLOWER, s1|rpc:localhost:43989|admin:localhost:33969|client:localhost:39579|dataStream:localhost:40179|priority:0|startupRole:FOLLOWER, s2|rpc:localhost:33439|admin:localhost:44687|client:localhost:36505|dataStream:localhost:46481|priority:0|startupRole:FOLLOWER]|listeners:[], old=null
2022-07-19 02:04:45,925 [s2@group-33DD9DD108AB-LeaderStateImpl] WARN  server.RaftServer$Division (LeaderStateImpl.java:lambda$checkLeadership$17(1024)) - Follower s2@group-33DD9DD108AB->s0(c36,m36,n37, attendVote=true, lastRpcSendTime=1041, lastRpcResponseTime=1035)
2022-07-19 02:04:45,925 [s2@group-33DD9DD108AB-LeaderStateImpl] WARN  server.RaftServer$Division (LeaderStateImpl.java:lambda$checkLeadership$17(1024)) - Follower s2@group-33DD9DD108AB->s1(c36,m36,n37, attendVote=true, lastRpcSendTime=0, lastRpcResponseTime=1059)
2022-07-19 02:04:45,925 [s2@group-33DD9DD108AB-LeaderStateImpl] INFO  server.RaftServer$Division (RaftServerImpl.java:setRole(301)) - s2@group-33DD9DD108AB: changes role from    LEADER to FOLLOWER at term 2 for StepDownReason:LOST_MAJORITY_HEARTBEATS
2022-07-19 02:04:45,926 [s2@group-33DD9DD108AB-LeaderStateImpl] INFO  impl.RoleInfo (RoleInfo.java:shutdownLeaderState(93)) - s2: shutdown s2@group-33DD9DD108AB-LeaderStateImpl
2022-07-19 02:04:45,926 [s2@group-33DD9DD108AB-LeaderStateImpl] INFO  impl.PendingRequests (PendingRequests.java:sendNotLeaderResponses(282)) - s2@group-33DD9DD108AB-PendingRequests: sendNotLeaderResponses
2022-07-19 02:04:45,926 [s2@group-33DD9DD108AB->s1-GrpcLogAppender-LogAppenderDaemon] WARN  server.GrpcLogAppender (GrpcLogAppender.java:mayWait(172)) - s2@group-33DD9DD108AB->s1-GrpcLogAppender: Wait interrupted by java.lang.InterruptedException
2022-07-19 02:04:45,926 [s2@group-33DD9DD108AB->s0-GrpcLogAppender-LogAppenderDaemon] WARN  server.GrpcLogAppender (GrpcLogAppender.java:mayWait(172)) - s2@group-33DD9DD108AB->s0-GrpcLogAppender: Wait interrupted by java.lang.InterruptedException
2022-07-19 02:04:45,927 [grpc-default-executor-2] INFO  server.GrpcServerProtocolService (GrpcServerProtocolService.java:onCompleted(140)) - s0: Completed APPEND_ENTRIES, lastRequest: s2->s0#275-t2,previous=(t:2, i:35),leaderCommit=35,initializing? true,entries: size=1, first=(t:2, i:36), METADATAENTRY(c:35)
2022-07-19 02:04:45,934 [grpc-default-executor-15] INFO  server.GrpcLogAppender (GrpcLogAppender.java:onCompleted(340)) - s2@group-33DD9DD108AB->s0-AppendLogResponseHandler: follower responses appendEntries COMPLETED
2022-07-19 02:04:45,934 [grpc-default-executor-15] INFO  leader.FollowerInfo (FollowerInfoImpl.java:lambda$new$0(48)) - s2@group-33DD9DD108AB->s0: nextIndex: updateUnconditionally 37 -> 36
2022-07-19 02:04:45,935 [grpc-default-executor-1] INFO  server.GrpcServerProtocolService (GrpcServerProtocolService.java:onCompleted(140)) - s1: Completed APPEND_ENTRIES, lastRequest: s2->s1#286-t2,previous=(t:2, i:35),leaderCommit=35,initializing? true,entries: size=1, first=(t:2, i:36), METADATAENTRY(c:35)
2022-07-19 02:04:45,936 [grpc-default-executor-15] INFO  server.GrpcLogAppender (GrpcLogAppender.java:onCompleted(340)) - s2@group-33DD9DD108AB->s1-AppendLogResponseHandler: follower responses appendEntries COMPLETED
2022-07-19 02:04:45,936 [grpc-default-executor-15] INFO  leader.FollowerInfo (FollowerInfoImpl.java:lambda$new$0(48)) - s2@group-33DD9DD108AB->s1: nextIndex: updateUnconditionally 37 -> 36
2022-07-19 02:04:45,950 [s2@group-33DD9DD108AB-LeaderStateImpl] INFO  impl.RoleInfo (RoleInfo.java:updateAndGet(139)) - s2: start s2@group-33DD9DD108AB-FollowerState
2022-07-19 02:04:46,079 [s0@group-33DD9DD108AB-FollowerState] INFO  impl.FollowerState (FollowerState.java:run(143)) - s0@group-33DD9DD108AB-FollowerState: change to CANDIDATE, lastRpcElapsedTime:1191304450ns, electionTimeout:158ms
2022-07-19 02:04:46,079 [s0@group-33DD9DD108AB-FollowerState] INFO  impl.RoleInfo (RoleInfo.java:shutdownFollowerState(110)) - s0: shutdown s0@group-33DD9DD108AB-FollowerState
2022-07-19 02:04:46,080 [s0@group-33DD9DD108AB-FollowerState] INFO  server.RaftServer$Division (RaftServerImpl.java:setRole(301)) - s0@group-33DD9DD108AB: changes role from  FOLLOWER to CANDIDATE at term 2 for changeToCandidate
2022-07-19 02:04:46,080 [s0@group-33DD9DD108AB-FollowerState] INFO  server.RaftServerConfigKeys (ConfUtils.java:logGet(46)) - raft.server.leaderelection.pre-vote = true (default)
2022-07-19 02:04:46,080 [s0@group-33DD9DD108AB-FollowerState] INFO  impl.RoleInfo (RoleInfo.java:updateAndGet(139)) - s0: start s0@group-33DD9DD108AB-LeaderElection5
2022-07-19 02:04:46,084 [s0@group-33DD9DD108AB-LeaderElection5] INFO  server.RaftServer$Division (ServerState.java:setLeader(313)) - s0@group-33DD9DD108AB: change Leader from s2 to null at term 2 for PRE_VOTE
2022-07-19 02:04:46,084 [s0@group-33DD9DD108AB-LeaderElection5] INFO  impl.LeaderElection (LeaderElection.java:askForVotes(310)) - s0@group-33DD9DD108AB-LeaderElection5 PRE_VOTE round 0: submit vote requests at term 2 for 19: peers:[s0|rpc:localhost:42967|admin:localhost:35399|client:localhost:33207|dataStream:localhost:43161|priority:0|startupRole:FOLLOWER, s1|rpc:localhost:43989|admin:localhost:33969|client:localhost:39579|dataStream:localhost:40179|priority:0|startupRole:FOLLOWER, s2|rpc:localhost:33439|admin:localhost:44687|client:localhost:36505|dataStream:localhost:46481|priority:0|startupRole:FOLLOWER]|listeners:[], old=null
2022-07-19 02:04:46,100 [grpc-default-executor-15] INFO  server.RaftServer$Division (RaftServerImpl.java:requestVote(1197)) - s1@group-33DD9DD108AB: receive requestVote(PRE_VOTE, s0, group-33DD9DD108AB, 2, (t:2, i:36))
2022-07-19 02:04:46,100 [grpc-default-executor-15] INFO  impl.VoteContext (VoteContext.java:log(48)) - s1@group-33DD9DD108AB-FOLLOWER: accept PRE_VOTE from s0: our priority 0 <= candidate's priority 0
2022-07-19 02:04:46,101 [grpc-default-executor-15] INFO  server.RaftServer$Division (RaftServerImpl.java:requestVote(1230)) - s1@group-33DD9DD108AB replies to PRE_VOTE vote request: s0<-s1#0:OK-t2. Peer's state: s1@group-33DD9DD108AB:t2, leader=s2, voted=s2, raftlog=Memoized:s1@group-33DD9DD108AB-SegmentedRaftLog:OPENED:c36, conf=19: peers:[s0|rpc:localhost:42967|admin:localhost:35399|client:localhost:33207|dataStream:localhost:43161|priority:0|startupRole:FOLLOWER, s1|rpc:localhost:43989|admin:localhost:33969|client:localhost:39579|dataStream:localhost:40179|priority:0|startupRole:FOLLOWER, s2|rpc:localhost:33439|admin:localhost:44687|client:localhost:36505|dataStream:localhost:46481|priority:0|startupRole:FOLLOWER]|listeners:[], old=null
2022-07-19 02:04:46,103 [s0@group-33DD9DD108AB-LeaderElection5] INFO  impl.LeaderElection (LeaderElection.java:logAndReturn(90)) - s0@group-33DD9DD108AB-LeaderElection5: PRE_VOTE PASSED received 1 response(s) and 0 exception(s):
2022-07-19 02:04:46,104 [s0@group-33DD9DD108AB-LeaderElection5] INFO  impl.LeaderElection (LeaderElection.java:logAndReturn(94)) -   Response 0: s0<-s1#0:OK-t2
2022-07-19 02:04:46,104 [s0@group-33DD9DD108AB-LeaderElection5] INFO  impl.LeaderElection (LeaderElection.java:askForVotes(312)) - s0@group-33DD9DD108AB-LeaderElection5 PRE_VOTE round 0: result PASSED
2022-07-19 02:04:46,112 [grpc-default-executor-15] INFO  server.RaftServer$Division (RaftServerImpl.java:requestVote(1197)) - s2@group-33DD9DD108AB: receive requestVote(PRE_VOTE, s0, group-33DD9DD108AB, 2, (t:2, i:36))
2022-07-19 02:04:46,112 [grpc-default-executor-15] INFO  impl.VoteContext (VoteContext.java:log(48)) - s2@group-33DD9DD108AB-FOLLOWER: accept PRE_VOTE from s0: our priority 0 <= candidate's priority 0
2022-07-19 02:04:46,112 [grpc-default-executor-15] INFO  server.RaftServer$Division (RaftServerImpl.java:requestVote(1230)) - s2@group-33DD9DD108AB replies to PRE_VOTE vote request: s0<-s2#0:OK-t2. Peer's state: s2@group-33DD9DD108AB:t2, leader=s2, voted=s2, raftlog=Memoized:s2@group-33DD9DD108AB-SegmentedRaftLog:OPENED:c36, conf=19: peers:[s0|rpc:localhost:42967|admin:localhost:35399|client:localhost:33207|dataStream:localhost:43161|priority:0|startupRole:FOLLOWER, s1|rpc:localhost:43989|admin:localhost:33969|client:localhost:39579|dataStream:localhost:40179|priority:0|startupRole:FOLLOWER, s2|rpc:localhost:33439|admin:localhost:44687|client:localhost:36505|dataStream:localhost:46481|priority:0|startupRole:FOLLOWER]|listeners:[], old=null
2022-07-19 02:04:46,134 [s0@group-33DD9DD108AB-LeaderElection5] INFO  impl.LeaderElection (LeaderElection.java:askForVotes(310)) - s0@group-33DD9DD108AB-LeaderElection5 ELECTION round 0: submit vote requests at term 3 for 19: peers:[s0|rpc:localhost:42967|admin:localhost:35399|client:localhost:33207|dataStream:localhost:43161|priority:0|startupRole:FOLLOWER, s1|rpc:localhost:43989|admin:localhost:33969|client:localhost:39579|dataStream:localhost:40179|priority:0|startupRole:FOLLOWER, s2|rpc:localhost:33439|admin:localhost:44687|client:localhost:36505|dataStream:localhost:46481|priority:0|startupRole:FOLLOWER]|listeners:[], old=null
2022-07-19 02:04:46,195 [grpc-default-executor-15] INFO  server.RaftServer$Division (RaftServerImpl.java:requestVote(1197)) - s1@group-33DD9DD108AB: receive requestVote(ELECTION, s0, group-33DD9DD108AB, 3, (t:2, i:36))
2022-07-19 02:04:46,196 [grpc-default-executor-15] INFO  impl.VoteContext (VoteContext.java:log(48)) - s1@group-33DD9DD108AB-FOLLOWER: accept ELECTION from s0: our priority 0 <= candidate's priority 0
2022-07-19 02:04:46,196 [grpc-default-executor-15] INFO  server.RaftServer$Division (ServerState.java:setLeader(313)) - s1@group-33DD9DD108AB: change Leader from s2 to null at term 3 for updateCurrentTerm
2022-07-19 02:04:46,196 [grpc-default-executor-15] INFO  server.RaftServer$Division (RaftServerImpl.java:setRole(301)) - s1@group-33DD9DD108AB: changes role from  FOLLOWER to FOLLOWER at term 3 for candidate:s0
2022-07-19 02:04:46,196 [grpc-default-executor-15] INFO  impl.RoleInfo (RoleInfo.java:shutdownFollowerState(110)) - s1: shutdown s1@group-33DD9DD108AB-FollowerState
2022-07-19 02:04:46,196 [grpc-default-executor-15] INFO  impl.RoleInfo (RoleInfo.java:updateAndGet(139)) - s1: start s1@group-33DD9DD108AB-FollowerState
2022-07-19 02:04:46,196 [s1@group-33DD9DD108AB-FollowerState] INFO  impl.FollowerState (FollowerState.java:run(152)) - s1@group-33DD9DD108AB-FollowerState was interrupted
2022-07-19 02:04:46,204 [grpc-default-executor-15] INFO  server.RaftServer$Division (RaftServerImpl.java:requestVote(1230)) - s1@group-33DD9DD108AB replies to ELECTION vote request: s0<-s1#0:OK-t3. Peer's state: s1@group-33DD9DD108AB:t3, leader=null, voted=s0, raftlog=Memoized:s1@group-33DD9DD108AB-SegmentedRaftLog:OPENED:c36, conf=19: peers:[s0|rpc:localhost:42967|admin:localhost:35399|client:localhost:33207|dataStream:localhost:43161|priority:0|startupRole:FOLLOWER, s1|rpc:localhost:43989|admin:localhost:33969|client:localhost:39579|dataStream:localhost:40179|priority:0|startupRole:FOLLOWER, s2|rpc:localhost:33439|admin:localhost:44687|client:localhost:36505|dataStream:localhost:46481|priority:0|startupRole:FOLLOWER]|listeners:[], old=null
2022-07-19 02:04:46,205 [s0@group-33DD9DD108AB-LeaderElection5] INFO  impl.LeaderElection (LeaderElection.java:logAndReturn(90)) - s0@group-33DD9DD108AB-LeaderElection5: ELECTION PASSED received 1 response(s) and 0 exception(s):
2022-07-19 02:04:46,205 [s0@group-33DD9DD108AB-LeaderElection5] INFO  impl.LeaderElection (LeaderElection.java:logAndReturn(94)) -   Response 0: s0<-s1#0:OK-t3
2022-07-19 02:04:46,205 [s0@group-33DD9DD108AB-LeaderElection5] INFO  impl.LeaderElection (LeaderElection.java:askForVotes(312)) - s0@group-33DD9DD108AB-LeaderElection5 ELECTION round 0: result PASSED
2022-07-19 02:04:46,205 [s0@group-33DD9DD108AB-LeaderElection5] INFO  impl.RoleInfo (RoleInfo.java:shutdownLeaderElection(130)) - s0: shutdown s0@group-33DD9DD108AB-LeaderElection5
2022-07-19 02:04:46,205 [s0@group-33DD9DD108AB-LeaderElection5] INFO  server.RaftServer$Division (RaftServerImpl.java:setRole(301)) - s0@group-33DD9DD108AB: changes role from CANDIDATE to LEADER at term 3 for changeToLeader
2022-07-19 02:04:46,205 [s0@group-33DD9DD108AB-LeaderElection5] INFO  server.RaftServer$Division (ServerState.java:setLeader(313)) - s0@group-33DD9DD108AB: change Leader from null to s0 at term 3 for becomeLeader, leader elected after 121ms
2022-07-19 02:04:46,205 [s0@group-33DD9DD108AB-LeaderElection5] INFO  server.RaftServerConfigKeys (ConfUtils.java:logGet(46)) - raft.server.staging.catchup.gap = 1000 (default)
2022-07-19 02:04:46,206 [s0@group-33DD9DD108AB-LeaderElection5] INFO  server.RaftServerConfigKeys (ConfUtils.java:logGet(46)) - raft.server.write.element-limit = 4096 (default)
2022-07-19 02:04:46,206 [s0@group-33DD9DD108AB-LeaderElection5] INFO  server.RaftServerConfigKeys (ConfUtils.java:logGet(46)) - raft.server.write.byte-limit = 64MB (=67108864) (default)
2022-07-19 02:04:46,206 [s0@group-33DD9DD108AB-LeaderElection5] INFO  server.RaftServerConfigKeys (ConfUtils.java:logGet(46)) - raft.server.watch.timeout = 10s (default)
2022-07-19 02:04:46,206 [s0@group-33DD9DD108AB-LeaderElection5] INFO  server.RaftServerConfigKeys (ConfUtils.java:logGet(46)) - raft.server.watch.timeout.denomination = 1s (default)
2022-07-19 02:04:46,206 [s0@group-33DD9DD108AB-LeaderElection5] INFO  server.RaftServerConfigKeys (ConfUtils.java:logGet(46)) - raft.server.watch.element-limit = 65536 (default)
2022-07-19 02:04:46,206 [s0@group-33DD9DD108AB-LeaderElection5] INFO  server.RaftServerConfigKeys (ConfUtils.java:logGet(46)) - raft.server.write.element-limit = 4096 (default)
2022-07-19 02:04:46,207 [s0@group-33DD9DD108AB-LeaderElection5] INFO  server.RaftServerConfigKeys (ConfUtils.java:logGet(46)) - raft.server.write.follower.gap.ratio.max = -1.0 (default)
2022-07-19 02:04:46,207 [s0@group-33DD9DD108AB-LeaderElection5] INFO  server.RaftServerConfigKeys (ConfUtils.java:logGet(46)) - raft.server.log.appender.snapshot.chunk.size.max = 16MB (=16777216) (default)
2022-07-19 02:04:46,207 [s0@group-33DD9DD108AB-LeaderElection5] INFO  server.RaftServerConfigKeys (ConfUtils.java:logGet(46)) - raft.server.log.appender.buffer.byte-limit = 4MB (=4194304) (default)
2022-07-19 02:04:46,207 [s0@group-33DD9DD108AB-LeaderElection5] INFO  server.RaftServerConfigKeys (ConfUtils.java:logGet(46)) - raft.server.log.appender.buffer.element-limit = 0 (default)
2022-07-19 02:04:46,207 [s0@group-33DD9DD108AB-LeaderElection5] INFO  grpc.GrpcConfigKeys (ConfUtils.java:logGet(46)) - raft.grpc.server.leader.outstanding.appends.max = 128 (default)
2022-07-19 02:04:46,207 [s0@group-33DD9DD108AB-LeaderElection5] INFO  server.RaftServerConfigKeys (ConfUtils.java:logGet(46)) - raft.server.rpc.request.timeout = 3000ms (default)
2022-07-19 02:04:46,207 [s0@group-33DD9DD108AB-LeaderElection5] INFO  server.RaftServerConfigKeys (ConfUtils.java:logGet(46)) - raft.server.log.appender.install.snapshot.enabled = true (default)
2022-07-19 02:04:46,208 [s0@group-33DD9DD108AB-LeaderElection5] INFO  server.RaftServerConfigKeys (ConfUtils.java:logGet(46)) - raft.server.log.appender.snapshot.chunk.size.max = 16MB (=16777216) (default)
2022-07-19 02:04:46,208 [s0@group-33DD9DD108AB-LeaderElection5] INFO  server.RaftServerConfigKeys (ConfUtils.java:logGet(46)) - raft.server.log.appender.buffer.byte-limit = 4MB (=4194304) (default)
2022-07-19 02:04:46,208 [s0@group-33DD9DD108AB-LeaderElection5] INFO  server.RaftServerConfigKeys (ConfUtils.java:logGet(46)) - raft.server.log.appender.buffer.element-limit = 0 (default)
2022-07-19 02:04:46,208 [s0@group-33DD9DD108AB-LeaderElection5] INFO  grpc.GrpcConfigKeys (ConfUtils.java:logGet(46)) - raft.grpc.server.leader.outstanding.appends.max = 128 (default)
2022-07-19 02:04:46,208 [s0@group-33DD9DD108AB-LeaderElection5] INFO  server.RaftServerConfigKeys (ConfUtils.java:logGet(46)) - raft.server.rpc.request.timeout = 3000ms (default)
2022-07-19 02:04:46,208 [s0@group-33DD9DD108AB-LeaderElection5] INFO  server.RaftServerConfigKeys (ConfUtils.java:logGet(46)) - raft.server.log.appender.install.snapshot.enabled = true (default)
2022-07-19 02:04:46,208 [s0@group-33DD9DD108AB-LeaderElection5] INFO  impl.RoleInfo (RoleInfo.java:updateAndGet(139)) - s0: start s0@group-33DD9DD108AB-LeaderStateImpl
2022-07-19 02:04:46,209 [s0@group-33DD9DD108AB-LeaderElection5] INFO  segmented.SegmentedRaftLogWorker (SegmentedRaftLogWorker.java:rollLogSegment(430)) - s0@group-33DD9DD108AB-SegmentedRaftLogWorker: Rolling segment log-19_36 to index:36
2022-07-19 02:04:46,210 [s0@group-33DD9DD108AB-SegmentedRaftLogWorker] TRACE util.FileUtils (LogUtils.java:runAndLog(49)) - Successfully ran Files.move /home/runner/work/ratis/ratis/ratis-test/target/test/data/76646f/MiniRaftClusterWithRpcTypeGrpcAndDataStreamTypeNettyc627e763/s0/3d4325af-1726-45d2-aa71-33dd9dd108ab/current/log_inprogress_19 to /home/runner/work/ratis/ratis/ratis-test/target/test/data/76646f/MiniRaftClusterWithRpcTypeGrpcAndDataStreamTypeNettyc627e763/s0/3d4325af-1726-45d2-aa71-33dd9dd108ab/current/log_19-36
2022-07-19 02:04:46,210 [s0@group-33DD9DD108AB-SegmentedRaftLogWorker] INFO  segmented.SegmentedRaftLogWorker (SegmentedRaftLogWorker.java:execute(586)) - s0@group-33DD9DD108AB-SegmentedRaftLogWorker: Rolled log segment from /home/runner/work/ratis/ratis/ratis-test/target/test/data/76646f/MiniRaftClusterWithRpcTypeGrpcAndDataStreamTypeNettyc627e763/s0/3d4325af-1726-45d2-aa71-33dd9dd108ab/current/log_inprogress_19 to /home/runner/work/ratis/ratis/ratis-test/target/test/data/76646f/MiniRaftClusterWithRpcTypeGrpcAndDataStreamTypeNettyc627e763/s0/3d4325af-1726-45d2-aa71-33dd9dd108ab/current/log_19-36
2022-07-19 02:04:46,212 [s1-server-thread1] INFO  server.RaftServer$Division (ServerState.java:setLeader(313)) - s1@group-33DD9DD108AB: change Leader from null to s0 at term 3 for appendEntries, leader elected after 16ms
2022-07-19 02:04:46,213 [s0@group-33DD9DD108AB-LeaderElection5] INFO  server.RaftServer$Division (ServerState.java:setRaftConf(429)) - s0@group-33DD9DD108AB: set configuration 37: peers:[s0|rpc:localhost:42967|admin:localhost:35399|client:localhost:33207|dataStream:localhost:43161|priority:0|startupRole:FOLLOWER, s1|rpc:localhost:43989|admin:localhost:33969|client:localhost:39579|dataStream:localhost:40179|priority:0|startupRole:FOLLOWER, s2|rpc:localhost:33439|admin:localhost:44687|client:localhost:36505|dataStream:localhost:46481|priority:0|startupRole:FOLLOWER]|listeners:[], old=null
2022-07-19 02:04:46,215 [grpc-default-executor-15] INFO  server.RaftServer$Division (RaftServerImpl.java:requestVote(1197)) - s2@group-33DD9DD108AB: receive requestVote(ELECTION, s0, group-33DD9DD108AB, 3, (t:2, i:36))
2022-07-19 02:04:46,215 [grpc-default-executor-15] INFO  impl.VoteContext (VoteContext.java:log(48)) - s2@group-33DD9DD108AB-FOLLOWER: accept ELECTION from s0: our priority 0 <= candidate's priority 0
2022-07-19 02:04:46,215 [grpc-default-executor-15] INFO  server.RaftServer$Division (ServerState.java:setLeader(313)) - s2@group-33DD9DD108AB: change Leader from s2 to null at term 3 for updateCurrentTerm
2022-07-19 02:04:46,215 [grpc-default-executor-15] INFO  server.RaftServer$Division (RaftServerImpl.java:setRole(301)) - s2@group-33DD9DD108AB: changes role from  FOLLOWER to FOLLOWER at term 3 for candidate:s0
2022-07-19 02:04:46,216 [grpc-default-executor-15] INFO  impl.RoleInfo (RoleInfo.java:shutdownFollowerState(110)) - s2: shutdown s2@group-33DD9DD108AB-FollowerState
2022-07-19 02:04:46,216 [grpc-default-executor-15] INFO  impl.RoleInfo (RoleInfo.java:updateAndGet(139)) - s2: start s2@group-33DD9DD108AB-FollowerState
2022-07-19 02:04:46,216 [s2@group-33DD9DD108AB-FollowerState] INFO  impl.FollowerState (FollowerState.java:run(152)) - s2@group-33DD9DD108AB-FollowerState was interrupted
2022-07-19 02:04:46,218 [grpc-default-executor-15] INFO  server.RaftServer$Division (RaftServerImpl.java:requestVote(1230)) - s2@group-33DD9DD108AB replies to ELECTION vote request: s0<-s2#0:OK-t3. Peer's state: s2@group-33DD9DD108AB:t3, leader=null, voted=s0, raftlog=Memoized:s2@group-33DD9DD108AB-SegmentedRaftLog:OPENED:c36, conf=19: peers:[s0|rpc:localhost:42967|admin:localhost:35399|client:localhost:33207|dataStream:localhost:43161|priority:0|startupRole:FOLLOWER, s1|rpc:localhost:43989|admin:localhost:33969|client:localhost:39579|dataStream:localhost:40179|priority:0|startupRole:FOLLOWER, s2|rpc:localhost:33439|admin:localhost:44687|client:localhost:36505|dataStream:localhost:46481|priority:0|startupRole:FOLLOWER]|listeners:[], old=null
2022-07-19 02:04:46,224 [s1-server-thread1] INFO  server.RaftServer$Division (ServerState.java:setRaftConf(429)) - s1@group-33DD9DD108AB: set configuration 37: peers:[s0|rpc:localhost:42967|admin:localhost:35399|client:localhost:33207|dataStream:localhost:43161|priority:0|startupRole:FOLLOWER, s1|rpc:localhost:43989|admin:localhost:33969|client:localhost:39579|dataStream:localhost:40179|priority:0|startupRole:FOLLOWER, s2|rpc:localhost:33439|admin:localhost:44687|client:localhost:36505|dataStream:localhost:46481|priority:0|startupRole:FOLLOWER]|listeners:[], old=null
2022-07-19 02:04:46,225 [s1-server-thread1] INFO  segmented.SegmentedRaftLogWorker (SegmentedRaftLogWorker.java:rollLogSegment(430)) - s1@group-33DD9DD108AB-SegmentedRaftLogWorker: Rolling segment log-19_36 to index:36
2022-07-19 02:04:46,226 [s1@group-33DD9DD108AB-SegmentedRaftLogWorker] TRACE util.FileUtils (LogUtils.java:runAndLog(49)) - Successfully ran Files.move /home/runner/work/ratis/ratis/ratis-test/target/test/data/76646f/MiniRaftClusterWithRpcTypeGrpcAndDataStreamTypeNettyc627e763/s1/3d4325af-1726-45d2-aa71-33dd9dd108ab/current/log_inprogress_19 to /home/runner/work/ratis/ratis/ratis-test/target/test/data/76646f/MiniRaftClusterWithRpcTypeGrpcAndDataStreamTypeNettyc627e763/s1/3d4325af-1726-45d2-aa71-33dd9dd108ab/current/log_19-36
2022-07-19 02:04:46,226 [s1@group-33DD9DD108AB-SegmentedRaftLogWorker] INFO  segmented.SegmentedRaftLogWorker (SegmentedRaftLogWorker.java:execute(586)) - s1@group-33DD9DD108AB-SegmentedRaftLogWorker: Rolled log segment from /home/runner/work/ratis/ratis/ratis-test/target/test/data/76646f/MiniRaftClusterWithRpcTypeGrpcAndDataStreamTypeNettyc627e763/s1/3d4325af-1726-45d2-aa71-33dd9dd108ab/current/log_inprogress_19 to /home/runner/work/ratis/ratis/ratis-test/target/test/data/76646f/MiniRaftClusterWithRpcTypeGrpcAndDataStreamTypeNettyc627e763/s1/3d4325af-1726-45d2-aa71-33dd9dd108ab/current/log_19-36
2022-07-19 02:04:46,229 [s2-server-thread1] INFO  server.RaftServer$Division (ServerState.java:setLeader(313)) - s2@group-33DD9DD108AB: change Leader from null to s0 at term 3 for appendEntries, leader elected after 13ms
2022-07-19 02:04:46,254 [s2-server-thread1] INFO  server.RaftServer$Division (ServerState.java:setRaftConf(429)) - s2@group-33DD9DD108AB: set configuration 37: peers:[s0|rpc:localhost:42967|admin:localhost:35399|client:localhost:33207|dataStream:localhost:43161|priority:0|startupRole:FOLLOWER, s1|rpc:localhost:43989|admin:localhost:33969|client:localhost:39579|dataStream:localhost:40179|priority:0|startupRole:FOLLOWER, s2|rpc:localhost:33439|admin:localhost:44687|client:localhost:36505|dataStream:localhost:46481|priority:0|startupRole:FOLLOWER]|listeners:[], old=null
2022-07-19 02:04:46,254 [s2-server-thread1] INFO  segmented.SegmentedRaftLogWorker (SegmentedRaftLogWorker.java:rollLogSegment(430)) - s2@group-33DD9DD108AB-SegmentedRaftLogWorker: Rolling segment log-19_36 to index:36
2022-07-19 02:04:46,264 [s2@group-33DD9DD108AB-SegmentedRaftLogWorker] TRACE util.FileUtils (LogUtils.java:runAndLog(49)) - Successfully ran Files.move /home/runner/work/ratis/ratis/ratis-test/target/test/data/76646f/MiniRaftClusterWithRpcTypeGrpcAndDataStreamTypeNettyc627e763/s2/3d4325af-1726-45d2-aa71-33dd9dd108ab/current/log_inprogress_19 to /home/runner/work/ratis/ratis/ratis-test/target/test/data/76646f/MiniRaftClusterWithRpcTypeGrpcAndDataStreamTypeNettyc627e763/s2/3d4325af-1726-45d2-aa71-33dd9dd108ab/current/log_19-36
2022-07-19 02:04:46,265 [s2@group-33DD9DD108AB-SegmentedRaftLogWorker] INFO  segmented.SegmentedRaftLogWorker (SegmentedRaftLogWorker.java:execute(586)) - s2@group-33DD9DD108AB-SegmentedRaftLogWorker: Rolled log segment from /home/runner/work/ratis/ratis/ratis-test/target/test/data/76646f/MiniRaftClusterWithRpcTypeGrpcAndDataStreamTypeNettyc627e763/s2/3d4325af-1726-45d2-aa71-33dd9dd108ab/current/log_inprogress_19 to /home/runner/work/ratis/ratis/ratis-test/target/test/data/76646f/MiniRaftClusterWithRpcTypeGrpcAndDataStreamTypeNettyc627e763/s2/3d4325af-1726-45d2-aa71-33dd9dd108ab/current/log_19-36
2022-07-19 02:04:46,274 [s1@group-33DD9DD108AB-SegmentedRaftLogWorker] INFO  segmented.SegmentedRaftLogWorker (SegmentedRaftLogWorker.java:execute(629)) - s1@group-33DD9DD108AB-SegmentedRaftLogWorker: created new log segment /home/runner/work/ratis/ratis/ratis-test/target/test/data/76646f/MiniRaftClusterWithRpcTypeGrpcAndDataStreamTypeNettyc627e763/s1/3d4325af-1726-45d2-aa71-33dd9dd108ab/current/log_inprogress_37
2022-07-19 02:04:46,283 [s0@group-33DD9DD108AB-SegmentedRaftLogWorker] INFO  segmented.SegmentedRaftLogWorker (SegmentedRaftLogWorker.java:execute(629)) - s0@group-33DD9DD108AB-SegmentedRaftLogWorker: created new log segment /home/runner/work/ratis/ratis/ratis-test/target/test/data/76646f/MiniRaftClusterWithRpcTypeGrpcAndDataStreamTypeNettyc627e763/s0/3d4325af-1726-45d2-aa71-33dd9dd108ab/current/log_inprogress_37
2022-07-19 02:04:46,299 [s2@group-33DD9DD108AB-SegmentedRaftLogWorker] INFO  segmented.SegmentedRaftLogWorker (SegmentedRaftLogWorker.java:execute(629)) - s2@group-33DD9DD108AB-SegmentedRaftLogWorker: created new log segment /home/runner/work/ratis/ratis/ratis-test/target/test/data/76646f/MiniRaftClusterWithRpcTypeGrpcAndDataStreamTypeNettyc627e763/s2/3d4325af-1726-45d2-aa71-33dd9dd108ab/current/log_inprogress_37
2022-07-19 02:04:46,472 [Timer-2] INFO  impl.MiniRaftCluster (MiniRaftCluster.java:lambda$null$5(315)) - TIMED-PRINT: printing ALL groups
  s0:  RUNNING    LEADER s0@group-33DD9DD108AB:t3, leader=s0, voted=s0, raftlog=Memoized:s0@group-33DD9DD108AB-SegmentedRaftLog:OPENED:c38, conf=37: peers:[s0|rpc:localhost:42967|admin:localhost:35399|client:localhost:33207|dataStream:localhost:43161|priority:0|startupRole:FOLLOWER, s1|rpc:localhost:43989|admin:localhost:33969|client:localhost:39579|dataStream:localhost:40179|priority:0|startupRole:FOLLOWER, s2|rpc:localhost:33439|admin:localhost:44687|client:localhost:36505|dataStream:localhost:46481|priority:0|startupRole:FOLLOWER]|listeners:[], old=null RUNNING
  s1:  RUNNING  FOLLOWER s1@group-33DD9DD108AB:t3, leader=s0, voted=s0, raftlog=Memoized:s1@group-33DD9DD108AB-SegmentedRaftLog:OPENED:c38, conf=37: peers:[s0|rpc:localhost:42967|admin:localhost:35399|client:localhost:33207|dataStream:localhost:43161|priority:0|startupRole:FOLLOWER, s1|rpc:localhost:43989|admin:localhost:33969|client:localhost:39579|dataStream:localhost:40179|priority:0|startupRole:FOLLOWER, s2|rpc:localhost:33439|admin:localhost:44687|client:localhost:36505|dataStream:localhost:46481|priority:0|startupRole:FOLLOWER]|listeners:[], old=null RUNNING
  s2:  RUNNING  FOLLOWER s2@group-33DD9DD108AB:t3, leader=s0, voted=s0, raftlog=Memoized:s2@group-33DD9DD108AB-SegmentedRaftLog:OPENED:c38, conf=37: peers:[s0|rpc:localhost:42967|admin:localhost:35399|client:localhost:33207|dataStream:localhost:43161|priority:0|startupRole:FOLLOWER, s1|rpc:localhost:43989|admin:localhost:33969|client:localhost:39579|dataStream:localhost:40179|priority:0|startupRole:FOLLOWER, s2|rpc:localhost:33439|admin:localhost:44687|client:localhost:36505|dataStream:localhost:46481|priority:0|startupRole:FOLLOWER]|listeners:[], old=null RUNNING
2022-07-19 02:04:47,318 [pool-9-thread-10] INFO  datastream.DataStreamTestUtils (DataStreamTestUtils.java:writeAndCloseAndAssertReplies(320)) - Stream394: bytesWritten=3742780
2022-07-19 02:04:47,451 [s0-client-thread1] INFO  statemachine.StateMachine (DataStreamTestUtils.java:link(157)) - link SingleDataStream: writeRequest=RaftClientRequest:client-B9E915527446->s0@group-33DD9DD108AB, cid=394, seq=0, DataStream, Message:<EMPTY>, logEntry=null
2022-07-19 02:04:47,454 [s2-server-thread1] INFO  statemachine.StateMachine (DataStreamTestUtils.java:link(157)) - link SingleDataStream: writeRequest=RaftClientRequest:client-B9E915527446->s0@group-33DD9DD108AB, cid=394, seq=0, DataStream, Message:<EMPTY>, logEntry=null
2022-07-19 02:04:47,454 [s1-server-thread1] INFO  statemachine.StateMachine (DataStreamTestUtils.java:link(157)) - link SingleDataStream: writeRequest=RaftClientRequest:client-B9E915527446->s0@group-33DD9DD108AB, cid=394, seq=0, DataStream, Message:<EMPTY>, logEntry=null
2022-07-19 02:04:47,482 [pool-9-thread-10] INFO  datastream.DataStreamTestUtils (DataStreamTestUtils.java:writeAndCloseAndAssertReplies(311)) - start Stream403
2022-07-19 02:04:47,495 [pool-9-thread-11] INFO  datastream.DataStreamTestUtils (DataStreamTestUtils.java:writeAndCloseAndAssertReplies(320)) - Stream395: bytesWritten=3748834
2022-07-19 02:04:47,504 [s0-client-thread1] INFO  statemachine.StateMachine (DataStreamTestUtils.java:link(157)) - link SingleDataStream: writeRequest=RaftClientRequest:client-B9E915527446->s0@group-33DD9DD108AB, cid=395, seq=0, DataStream, Message:<EMPTY>, logEntry=null
2022-07-19 02:04:47,505 [s1-server-thread1] INFO  statemachine.StateMachine (DataStreamTestUtils.java:link(157)) - link SingleDataStream: writeRequest=RaftClientRequest:client-B9E915527446->s0@group-33DD9DD108AB, cid=395, seq=0, DataStream, Message:<EMPTY>, logEntry=null
2022-07-19 02:04:47,510 [s2-server-thread1] INFO  statemachine.StateMachine (DataStreamTestUtils.java:link(157)) - link SingleDataStream: writeRequest=RaftClientRequest:client-B9E915527446->s0@group-33DD9DD108AB, cid=395, seq=0, DataStream, Message:<EMPTY>, logEntry=null
2022-07-19 02:04:47,525 [pool-9-thread-11] INFO  datastream.DataStreamTestUtils (DataStreamTestUtils.java:writeAndCloseAndAssertReplies(311)) - start Stream404
2022-07-19 02:04:55,170 [pool-9-thread-15] INFO  datastream.DataStreamTestUtils (DataStreamTestUtils.java:writeAndCloseAndAssertReplies(320)) - Stream398: bytesWritten=3763873
2022-07-19 02:04:55,191 [s0-client-thread1] INFO  statemachine.StateMachine (DataStreamTestUtils.java:link(157)) - link SingleDataStream: writeRequest=RaftClientRequest:client-3E44C225A350->s0@group-33DD9DD108AB, cid=398, seq=0, DataStream, Message:<EMPTY>, logEntry=null
2022-07-19 02:04:55,192 [s1-server-thread1] INFO  statemachine.StateMachine (DataStreamTestUtils.java:link(157)) - link SingleDataStream: writeRequest=RaftClientRequest:client-3E44C225A350->s0@group-33DD9DD108AB, cid=398, seq=0, DataStream, Message:<EMPTY>, logEntry=null
2022-07-19 02:04:55,192 [s2-server-thread1] INFO  statemachine.StateMachine (DataStreamTestUtils.java:link(157)) - link SingleDataStream: writeRequest=RaftClientRequest:client-3E44C225A350->s0@group-33DD9DD108AB, cid=398, seq=0, DataStream, Message:<EMPTY>, logEntry=null
2022-07-19 02:04:55,198 [pool-9-thread-15] INFO  datastream.DataStreamTestUtils (DataStreamTestUtils.java:writeAndCloseAndAssertReplies(311)) - start Stream405
2022-07-19 02:04:55,210 [pool-9-thread-16] INFO  datastream.DataStreamTestUtils (DataStreamTestUtils.java:writeAndCloseAndAssertReplies(320)) - Stream397: bytesWritten=3747369
2022-07-19 02:04:55,219 [s0-client-thread1] INFO  statemachine.StateMachine (DataStreamTestUtils.java:link(157)) - link SingleDataStream: writeRequest=RaftClientRequest:client-3E44C225A350->s0@group-33DD9DD108AB, cid=397, seq=0, DataStream, Message:<EMPTY>, logEntry=null
2022-07-19 02:04:55,220 [s1-server-thread1] INFO  statemachine.StateMachine (DataStreamTestUtils.java:link(157)) - link SingleDataStream: writeRequest=RaftClientRequest:client-3E44C225A350->s0@group-33DD9DD108AB, cid=397, seq=0, DataStream, Message:<EMPTY>, logEntry=null
2022-07-19 02:04:55,220 [s2-server-thread1] INFO  statemachine.StateMachine (DataStreamTestUtils.java:link(157)) - link SingleDataStream: writeRequest=RaftClientRequest:client-3E44C225A350->s0@group-33DD9DD108AB, cid=397, seq=0, DataStream, Message:<EMPTY>, logEntry=null
2022-07-19 02:04:55,223 [pool-9-thread-16] INFO  datastream.DataStreamTestUtils (DataStreamTestUtils.java:writeAndCloseAndAssertReplies(311)) - start Stream406
2022-07-19 02:04:55,536 [pool-9-thread-13] INFO  datastream.DataStreamTestUtils (DataStreamTestUtils.java:writeAndCloseAndAssertReplies(320)) - Stream401: bytesWritten=3746856
2022-07-19 02:04:55,548 [s0-client-thread1] INFO  statemachine.StateMachine (DataStreamTestUtils.java:link(157)) - link SingleDataStream: writeRequest=RaftClientRequest:client-3E44C225A350->s0@group-33DD9DD108AB, cid=401, seq=0, DataStream, Message:<EMPTY>, logEntry=null
2022-07-19 02:04:55,549 [s2-server-thread1] INFO  statemachine.StateMachine (DataStreamTestUtils.java:link(157)) - link SingleDataStream: writeRequest=RaftClientRequest:client-3E44C225A350->s0@group-33DD9DD108AB, cid=401, seq=0, DataStream, Message:<EMPTY>, logEntry=null
2022-07-19 02:04:55,549 [s1-server-thread1] INFO  statemachine.StateMachine (DataStreamTestUtils.java:link(157)) - link SingleDataStream: writeRequest=RaftClientRequest:client-3E44C225A350->s0@group-33DD9DD108AB, cid=401, seq=0, DataStream, Message:<EMPTY>, logEntry=null
2022-07-19 02:04:55,558 [pool-9-thread-13] INFO  datastream.DataStreamTestUtils (DataStreamTestUtils.java:writeAndCloseAndAssertReplies(311)) - start Stream408
2022-07-19 02:04:55,564 [pool-9-thread-3] INFO  datastream.DataStreamTestUtils (DataStreamTestUtils.java:writeAndCloseAndAssertReplies(320)) - Stream399: bytesWritten=3737948
2022-07-19 02:04:55,587 [s0-client-thread1] INFO  statemachine.StateMachine (DataStreamTestUtils.java:link(157)) - link SingleDataStream: writeRequest=RaftClientRequest:client-3E44C225A350->s0@group-33DD9DD108AB, cid=399, seq=0, DataStream, Message:<EMPTY>, logEntry=null
2022-07-19 02:04:55,590 [s1-server-thread1] INFO  statemachine.StateMachine (DataStreamTestUtils.java:link(157)) - link SingleDataStream: writeRequest=RaftClientRequest:client-3E44C225A350->s0@group-33DD9DD108AB, cid=399, seq=0, DataStream, Message:<EMPTY>, logEntry=null
2022-07-19 02:04:55,591 [s2-server-thread1] INFO  statemachine.StateMachine (DataStreamTestUtils.java:link(157)) - link SingleDataStream: writeRequest=RaftClientRequest:client-3E44C225A350->s0@group-33DD9DD108AB, cid=399, seq=0, DataStream, Message:<EMPTY>, logEntry=null
2022-07-19 02:04:55,669 [pool-9-thread-3] INFO  datastream.DataStreamTestUtils (DataStreamTestUtils.java:writeAndCloseAndAssertReplies(311)) - start Stream409
2022-07-19 02:04:55,735 [pool-9-thread-13] INFO  datastream.DataStreamTestUtils (DataStreamTestUtils.java:writeAndCloseAndAssertReplies(320)) - Stream408: bytesWritten=6908654
2022-07-19 02:04:55,942 [pool-9-thread-3] INFO  datastream.DataStreamTestUtils (DataStreamTestUtils.java:writeAndCloseAndAssertReplies(320)) - Stream409: bytesWritten=8578145
2022-07-19 02:04:55,942 [pool-9-thread-12] INFO  datastream.DataStreamTestUtils (DataStreamTestUtils.java:writeAndCloseAndAssertReplies(320)) - Stream400: bytesWritten=3732901
2022-07-19 02:04:55,942 [s0-client-thread1] INFO  statemachine.StateMachine (DataStreamTestUtils.java:link(157)) - link SingleDataStream: writeRequest=RaftClientRequest:client-398B6EAB09CE->s2@group-33DD9DD108AB, cid=408, seq=0, DataStream, Message:<EMPTY>, logEntry=null
2022-07-19 02:04:55,944 [s1-server-thread1] INFO  statemachine.StateMachine (DataStreamTestUtils.java:link(157)) - link SingleDataStream: writeRequest=RaftClientRequest:client-398B6EAB09CE->s2@group-33DD9DD108AB, cid=408, seq=0, DataStream, Message:<EMPTY>, logEntry=null
2022-07-19 02:04:55,945 [s0-client-thread1] INFO  statemachine.StateMachine (DataStreamTestUtils.java:link(157)) - link SingleDataStream: writeRequest=RaftClientRequest:client-398B6EAB09CE->s2@group-33DD9DD108AB, cid=409, seq=0, DataStream, Message:<EMPTY>, logEntry=null
2022-07-19 02:04:55,945 [s1-server-thread1] INFO  statemachine.StateMachine (DataStreamTestUtils.java:link(157)) - link SingleDataStream: writeRequest=RaftClientRequest:client-398B6EAB09CE->s2@group-33DD9DD108AB, cid=409, seq=0, DataStream, Message:<EMPTY>, logEntry=null
2022-07-19 02:04:55,953 [s2-server-thread1] INFO  statemachine.StateMachine (DataStreamTestUtils.java:link(157)) - link SingleDataStream: writeRequest=RaftClientRequest:client-398B6EAB09CE->s2@group-33DD9DD108AB, cid=408, seq=0, DataStream, Message:<EMPTY>, logEntry=null
2022-07-19 02:04:55,954 [s2-server-thread1] INFO  statemachine.StateMachine (DataStreamTestUtils.java:link(157)) - link SingleDataStream: writeRequest=RaftClientRequest:client-398B6EAB09CE->s2@group-33DD9DD108AB, cid=409, seq=0, DataStream, Message:<EMPTY>, logEntry=null
2022-07-19 02:04:55,957 [s0-client-thread1] INFO  statemachine.StateMachine (DataStreamTestUtils.java:link(157)) - link SingleDataStream: writeRequest=RaftClientRequest:client-3E44C225A350->s0@group-33DD9DD108AB, cid=400, seq=0, DataStream, Message:<EMPTY>, logEntry=null
2022-07-19 02:04:55,960 [s1-server-thread1] INFO  statemachine.StateMachine (DataStreamTestUtils.java:link(157)) - link SingleDataStream: writeRequest=RaftClientRequest:client-3E44C225A350->s0@group-33DD9DD108AB, cid=400, seq=0, DataStream, Message:<EMPTY>, logEntry=null
2022-07-19 02:04:55,960 [s2-server-thread1] INFO  statemachine.StateMachine (DataStreamTestUtils.java:link(157)) - link SingleDataStream: writeRequest=RaftClientRequest:client-3E44C225A350->s0@group-33DD9DD108AB, cid=400, seq=0, DataStream, Message:<EMPTY>, logEntry=null
2022-07-19 02:04:55,999 [pool-9-thread-3] INFO  datastream.DataStreamTestUtils (DataStreamTestUtils.java:writeAndCloseAndAssertReplies(311)) - start Stream410
2022-07-19 02:04:56,041 [pool-9-thread-12] INFO  datastream.DataStreamTestUtils (DataStreamTestUtils.java:writeAndCloseAndAssertReplies(311)) - start Stream411
2022-07-19 02:04:56,112 [pool-9-thread-13] INFO  datastream.DataStreamTestUtils (DataStreamTestUtils.java:writeAndCloseAndAssertReplies(311)) - start Stream412
2022-07-19 02:04:56,196 [pool-9-thread-14] INFO  datastream.DataStreamTestUtils (DataStreamTestUtils.java:writeAndCloseAndAssertReplies(320)) - Stream402: bytesWritten=3752632
2022-07-19 02:04:56,221 [s0-client-thread1] INFO  statemachine.StateMachine (DataStreamTestUtils.java:link(157)) - link SingleDataStream: writeRequest=RaftClientRequest:client-3E44C225A350->s0@group-33DD9DD108AB, cid=402, seq=0, DataStream, Message:<EMPTY>, logEntry=null
2022-07-19 02:04:56,403 [s2-server-thread1] INFO  statemachine.StateMachine (DataStreamTestUtils.java:link(157)) - link SingleDataStream: writeRequest=RaftClientRequest:client-3E44C225A350->s0@group-33DD9DD108AB, cid=402, seq=0, DataStream, Message:<EMPTY>, logEntry=null
2022-07-19 02:04:56,408 [pool-9-thread-14] INFO  datastream.DataStreamTestUtils (DataStreamTestUtils.java:writeAndCloseAndAssertReplies(311)) - start Stream413
2022-07-19 02:04:56,434 [s1-server-thread1] INFO  statemachine.StateMachine (DataStreamTestUtils.java:link(157)) - link SingleDataStream: writeRequest=RaftClientRequest:client-3E44C225A350->s0@group-33DD9DD108AB, cid=402, seq=0, DataStream, Message:<EMPTY>, logEntry=null
2022-07-19 02:04:56,472 [Timer-2] INFO  impl.MiniRaftCluster (MiniRaftCluster.java:lambda$null$5(315)) - TIMED-PRINT: printing ALL groups
  s0:  RUNNING    LEADER s0@group-33DD9DD108AB:t3, leader=s0, voted=s0, raftlog=Memoized:s0@group-33DD9DD108AB-SegmentedRaftLog:OPENED:c58, conf=37: peers:[s0|rpc:localhost:42967|admin:localhost:35399|client:localhost:33207|dataStream:localhost:43161|priority:0|startupRole:FOLLOWER, s1|rpc:localhost:43989|admin:localhost:33969|client:localhost:39579|dataStream:localhost:40179|priority:0|startupRole:FOLLOWER, s2|rpc:localhost:33439|admin:localhost:44687|client:localhost:36505|dataStream:localhost:46481|priority:0|startupRole:FOLLOWER]|listeners:[], old=null RUNNING
  s1:  RUNNING  FOLLOWER s1@group-33DD9DD108AB:t3, leader=s0, voted=s0, raftlog=Memoized:s1@group-33DD9DD108AB-SegmentedRaftLog:OPENED:c57, conf=37: peers:[s0|rpc:localhost:42967|admin:localhost:35399|client:localhost:33207|dataStream:localhost:43161|priority:0|startupRole:FOLLOWER, s1|rpc:localhost:43989|admin:localhost:33969|client:localhost:39579|dataStream:localhost:40179|priority:0|startupRole:FOLLOWER, s2|rpc:localhost:33439|admin:localhost:44687|client:localhost:36505|dataStream:localhost:46481|priority:0|startupRole:FOLLOWER]|listeners:[], old=null RUNNING
  s2:  RUNNING  FOLLOWER s2@group-33DD9DD108AB:t3, leader=s0, voted=s0, raftlog=Memoized:s2@group-33DD9DD108AB-SegmentedRaftLog:OPENED:c57, conf=37: peers:[s0|rpc:localhost:42967|admin:localhost:35399|client:localhost:33207|dataStream:localhost:43161|priority:0|startupRole:FOLLOWER, s1|rpc:localhost:43989|admin:localhost:33969|client:localhost:39579|dataStream:localhost:40179|priority:0|startupRole:FOLLOWER, s2|rpc:localhost:33439|admin:localhost:44687|client:localhost:36505|dataStream:localhost:46481|priority:0|startupRole:FOLLOWER]|listeners:[], old=null RUNNING
2022-07-19 02:04:56,480 [pool-9-thread-12] INFO  datastream.DataStreamTestUtils (DataStreamTestUtils.java:writeAndCloseAndAssertReplies(320)) - Stream411: bytesWritten=7646705
2022-07-19 02:04:56,480 [pool-9-thread-3] INFO  datastream.DataStreamTestUtils (DataStreamTestUtils.java:writeAndCloseAndAssertReplies(320)) - Stream410: bytesWritten=7935304
2022-07-19 02:04:56,499 [s0-client-thread1] INFO  statemachine.StateMachine (DataStreamTestUtils.java:link(157)) - link SingleDataStream: writeRequest=RaftClientRequest:client-398B6EAB09CE->s2@group-33DD9DD108AB, cid=411, seq=0, DataStream, Message:<EMPTY>, logEntry=null
2022-07-19 02:04:56,500 [s2-server-thread1] INFO  statemachine.StateMachine (DataStreamTestUtils.java:link(157)) - link SingleDataStream: writeRequest=RaftClientRequest:client-398B6EAB09CE->s2@group-33DD9DD108AB, cid=411, seq=0, DataStream, Message:<EMPTY>, logEntry=null
2022-07-19 02:04:56,504 [s0-client-thread1] INFO  statemachine.StateMachine (DataStreamTestUtils.java:link(157)) - link SingleDataStream: writeRequest=RaftClientRequest:client-398B6EAB09CE->s2@group-33DD9DD108AB, cid=410, seq=0, DataStream, Message:<EMPTY>, logEntry=null
2022-07-19 02:04:56,504 [s1-server-thread1] INFO  statemachine.StateMachine (DataStreamTestUtils.java:link(157)) - link SingleDataStream: writeRequest=RaftClientRequest:client-398B6EAB09CE->s2@group-33DD9DD108AB, cid=411, seq=0, DataStream, Message:<EMPTY>, logEntry=null
2022-07-19 02:04:56,505 [s2-server-thread1] INFO  statemachine.StateMachine (DataStreamTestUtils.java:link(157)) - link SingleDataStream: writeRequest=RaftClientRequest:client-398B6EAB09CE->s2@group-33DD9DD108AB, cid=410, seq=0, DataStream, Message:<EMPTY>, logEntry=null
2022-07-19 02:04:56,506 [s1-server-thread1] INFO  statemachine.StateMachine (DataStreamTestUtils.java:link(157)) - link SingleDataStream: writeRequest=RaftClientRequest:client-398B6EAB09CE->s2@group-33DD9DD108AB, cid=410, seq=0, DataStream, Message:<EMPTY>, logEntry=null
2022-07-19 02:04:56,524 [pool-9-thread-13] INFO  datastream.DataStreamTestUtils (DataStreamTestUtils.java:writeAndCloseAndAssertReplies(320)) - Stream412: bytesWritten=7584059
2022-07-19 02:04:56,528 [s0-client-thread1] INFO  statemachine.StateMachine (DataStreamTestUtils.java:link(157)) - link SingleDataStream: writeRequest=RaftClientRequest:client-398B6EAB09CE->s2@group-33DD9DD108AB, cid=412, seq=0, DataStream, Message:<EMPTY>, logEntry=null
2022-07-19 02:04:56,530 [pool-9-thread-12] INFO  datastream.DataStreamTestUtils (DataStreamTestUtils.java:writeAndCloseAndAssertReplies(311)) - start Stream414
2022-07-19 02:04:56,531 [s1-server-thread1] INFO  statemachine.StateMachine (DataStreamTestUtils.java:link(157)) - link SingleDataStream: writeRequest=RaftClientRequest:client-398B6EAB09CE->s2@group-33DD9DD108AB, cid=412, seq=0, DataStream, Message:<EMPTY>, logEntry=null
2022-07-19 02:04:56,593 [s2-server-thread1] INFO  statemachine.StateMachine (DataStreamTestUtils.java:link(157)) - link SingleDataStream: writeRequest=RaftClientRequest:client-398B6EAB09CE->s2@group-33DD9DD108AB, cid=412, seq=0, DataStream, Message:<EMPTY>, logEntry=null
2022-07-19 02:04:56,640 [pool-9-thread-3] INFO  datastream.DataStreamTestUtils (DataStreamTestUtils.java:writeAndCloseAndAssertReplies(311)) - start Stream415
2022-07-19 02:04:56,665 [pool-9-thread-14] INFO  datastream.DataStreamTestUtils (DataStreamTestUtils.java:writeAndCloseAndAssertReplies(320)) - Stream413: bytesWritten=7821147
2022-07-19 02:04:56,681 [s0-client-thread1] INFO  statemachine.StateMachine (DataStreamTestUtils.java:link(157)) - link SingleDataStream: writeRequest=RaftClientRequest:client-398B6EAB09CE->s2@group-33DD9DD108AB, cid=413, seq=0, DataStream, Message:<EMPTY>, logEntry=null
2022-07-19 02:04:56,702 [pool-9-thread-13] INFO  datastream.DataStreamTestUtils (DataStreamTestUtils.java:writeAndCloseAndAssertReplies(311)) - start Stream416
2022-07-19 02:04:56,706 [s2-server-thread1] INFO  statemachine.StateMachine (DataStreamTestUtils.java:link(157)) - link SingleDataStream: writeRequest=RaftClientRequest:client-398B6EAB09CE->s2@group-33DD9DD108AB, cid=413, seq=0, DataStream, Message:<EMPTY>, logEntry=null
2022-07-19 02:04:56,718 [s1-server-thread1] INFO  statemachine.StateMachine (DataStreamTestUtils.java:link(157)) - link SingleDataStream: writeRequest=RaftClientRequest:client-398B6EAB09CE->s2@group-33DD9DD108AB, cid=413, seq=0, DataStream, Message:<EMPTY>, logEntry=null
2022-07-19 02:04:56,728 [pool-9-thread-14] INFO  datastream.DataStreamTestUtils (DataStreamTestUtils.java:writeAndCloseAndAssertReplies(311)) - start Stream417
2022-07-19 02:04:56,747 [pool-9-thread-12] INFO  datastream.DataStreamTestUtils (DataStreamTestUtils.java:writeAndCloseAndAssertReplies(320)) - Stream414: bytesWritten=7650908
2022-07-19 02:04:56,765 [s0-client-thread1] INFO  statemachine.StateMachine (DataStreamTestUtils.java:link(157)) - link SingleDataStream: writeRequest=RaftClientRequest:client-398B6EAB09CE->s2@group-33DD9DD108AB, cid=414, seq=0, DataStream, Message:<EMPTY>, logEntry=null
2022-07-19 02:04:56,770 [s1-server-thread1] INFO  statemachine.StateMachine (DataStreamTestUtils.java:link(157)) - link SingleDataStream: writeRequest=RaftClientRequest:client-398B6EAB09CE->s2@group-33DD9DD108AB, cid=414, seq=0, DataStream, Message:<EMPTY>, logEntry=null
2022-07-19 02:04:56,771 [s2-server-thread1] INFO  statemachine.StateMachine (DataStreamTestUtils.java:link(157)) - link SingleDataStream: writeRequest=RaftClientRequest:client-398B6EAB09CE->s2@group-33DD9DD108AB, cid=414, seq=0, DataStream, Message:<EMPTY>, logEntry=null
2022-07-19 02:04:56,850 [pool-9-thread-12] INFO  datastream.DataStreamTestUtils (DataStreamTestUtils.java:writeAndCloseAndAssertReplies(311)) - start Stream418
2022-07-19 02:04:57,119 [pool-9-thread-14] INFO  datastream.DataStreamTestUtils (DataStreamTestUtils.java:writeAndCloseAndAssertReplies(320)) - Stream417: bytesWritten=7445638
2022-07-19 02:04:57,122 [s0-client-thread1] INFO  statemachine.StateMachine (DataStreamTestUtils.java:link(157)) - link SingleDataStream: writeRequest=RaftClientRequest:client-398B6EAB09CE->s2@group-33DD9DD108AB, cid=417, seq=0, DataStream, Message:<EMPTY>, logEntry=null
2022-07-19 02:04:57,124 [s1-server-thread1] INFO  statemachine.StateMachine (DataStreamTestUtils.java:link(157)) - link SingleDataStream: writeRequest=RaftClientRequest:client-398B6EAB09CE->s2@group-33DD9DD108AB, cid=417, seq=0, DataStream, Message:<EMPTY>, logEntry=null
2022-07-19 02:04:57,171 [pool-9-thread-3] INFO  datastream.DataStreamTestUtils (DataStreamTestUtils.java:writeAndCloseAndAssertReplies(320)) - Stream415: bytesWritten=7740664
2022-07-19 02:04:57,180 [pool-9-thread-14] INFO  datastream.DataStreamTestUtils (DataStreamTestUtils.java:writeAndCloseAndAssertReplies(311)) - start Stream421
2022-07-19 02:04:57,183 [s0-client-thread1] INFO  statemachine.StateMachine (DataStreamTestUtils.java:link(157)) - link SingleDataStream: writeRequest=RaftClientRequest:client-398B6EAB09CE->s2@group-33DD9DD108AB, cid=415, seq=0, DataStream, Message:<EMPTY>, logEntry=null
2022-07-19 02:04:57,185 [s1-server-thread1] INFO  statemachine.StateMachine (DataStreamTestUtils.java:link(157)) - link SingleDataStream: writeRequest=RaftClientRequest:client-398B6EAB09CE->s2@group-33DD9DD108AB, cid=415, seq=0, DataStream, Message:<EMPTY>, logEntry=null
2022-07-19 02:04:57,187 [s2-server-thread1] INFO  statemachine.StateMachine (DataStreamTestUtils.java:link(157)) - link SingleDataStream: writeRequest=RaftClientRequest:client-398B6EAB09CE->s2@group-33DD9DD108AB, cid=417, seq=0, DataStream, Message:<EMPTY>, logEntry=null
2022-07-19 02:04:57,188 [s2-server-thread1] INFO  statemachine.StateMachine (DataStreamTestUtils.java:link(157)) - link SingleDataStream: writeRequest=RaftClientRequest:client-398B6EAB09CE->s2@group-33DD9DD108AB, cid=415, seq=0, DataStream, Message:<EMPTY>, logEntry=null
2022-07-19 02:04:57,202 [pool-9-thread-3] INFO  datastream.DataStreamTestUtils (DataStreamTestUtils.java:writeAndCloseAndAssertReplies(311)) - start Stream422
2022-07-19 02:04:57,239 [pool-9-thread-12] INFO  datastream.DataStreamTestUtils (DataStreamTestUtils.java:writeAndCloseAndAssertReplies(320)) - Stream418: bytesWritten=7926664
2022-07-19 02:04:57,287 [s0-client-thread1] INFO  statemachine.StateMachine (DataStreamTestUtils.java:link(157)) - link SingleDataStream: writeRequest=RaftClientRequest:client-0EF0311D4B8E->s1@group-33DD9DD108AB, cid=418, seq=0, DataStream, Message:<EMPTY>, logEntry=null
2022-07-19 02:04:57,290 [s2-server-thread1] INFO  statemachine.StateMachine (DataStreamTestUtils.java:link(157)) - link SingleDataStream: writeRequest=RaftClientRequest:client-0EF0311D4B8E->s1@group-33DD9DD108AB, cid=418, seq=0, DataStream, Message:<EMPTY>, logEntry=null
2022-07-19 02:04:57,317 [s1-server-thread1] INFO  statemachine.StateMachine (DataStreamTestUtils.java:link(157)) - link SingleDataStream: writeRequest=RaftClientRequest:client-0EF0311D4B8E->s1@group-33DD9DD108AB, cid=418, seq=0, DataStream, Message:<EMPTY>, logEntry=null
2022-07-19 02:04:57,360 [pool-9-thread-13] INFO  datastream.DataStreamTestUtils (DataStreamTestUtils.java:writeAndCloseAndAssertReplies(320)) - Stream416: bytesWritten=7728864
2022-07-19 02:04:57,372 [s0-client-thread1] INFO  statemachine.StateMachine (DataStreamTestUtils.java:link(157)) - link SingleDataStream: writeRequest=RaftClientRequest:client-398B6EAB09CE->s2@group-33DD9DD108AB, cid=416, seq=0, DataStream, Message:<EMPTY>, logEntry=null
2022-07-19 02:04:57,374 [s1-server-thread1] INFO  statemachine.StateMachine (DataStreamTestUtils.java:link(157)) - link SingleDataStream: writeRequest=RaftClientRequest:client-398B6EAB09CE->s2@group-33DD9DD108AB, cid=416, seq=0, DataStream, Message:<EMPTY>, logEntry=null
2022-07-19 02:04:57,375 [s2-server-thread1] INFO  statemachine.StateMachine (DataStreamTestUtils.java:link(157)) - link SingleDataStream: writeRequest=RaftClientRequest:client-398B6EAB09CE->s2@group-33DD9DD108AB, cid=416, seq=0, DataStream, Message:<EMPTY>, logEntry=null
2022-07-19 02:04:57,408 [pool-9-thread-12] INFO  datastream.DataStreamTestUtils (DataStreamTestUtils.java:writeAndCloseAndAssertReplies(311)) - start Stream423
2022-07-19 02:04:57,483 [pool-9-thread-13] INFO  datastream.DataStreamTestUtils (DataStreamTestUtils.java:writeAndCloseAndAssertReplies(311)) - start Stream424
2022-07-19 02:04:57,530 [pool-9-thread-14] INFO  datastream.DataStreamTestUtils (DataStreamTestUtils.java:writeAndCloseAndAssertReplies(320)) - Stream421: bytesWritten=7282326
2022-07-19 02:04:57,546 [s0-client-thread1] INFO  statemachine.StateMachine (DataStreamTestUtils.java:link(157)) - link SingleDataStream: writeRequest=RaftClientRequest:client-0EF0311D4B8E->s1@group-33DD9DD108AB, cid=421, seq=0, DataStream, Message:<EMPTY>, logEntry=null
2022-07-19 02:04:57,548 [s1-server-thread1] INFO  statemachine.StateMachine (DataStreamTestUtils.java:link(157)) - link SingleDataStream: writeRequest=RaftClientRequest:client-0EF0311D4B8E->s1@group-33DD9DD108AB, cid=421, seq=0, DataStream, Message:<EMPTY>, logEntry=null
2022-07-19 02:04:57,548 [s2-server-thread1] INFO  statemachine.StateMachine (DataStreamTestUtils.java:link(157)) - link SingleDataStream: writeRequest=RaftClientRequest:client-0EF0311D4B8E->s1@group-33DD9DD108AB, cid=421, seq=0, DataStream, Message:<EMPTY>, logEntry=null
2022-07-19 02:04:57,656 [pool-9-thread-5] INFO  datastream.DataStreamTestUtils (DataStreamTestUtils.java:writeAndCloseAndAssertReplies(311)) - start Stream425
2022-07-19 02:04:57,659 [pool-9-thread-14] INFO  datastream.DataStreamTestUtils (DataStreamTestUtils.java:writeAndCloseAndAssertReplies(311)) - start Stream426
2022-07-19 02:04:57,671 [pool-9-thread-3] INFO  datastream.DataStreamTestUtils (DataStreamTestUtils.java:writeAndCloseAndAssertReplies(320)) - Stream422: bytesWritten=7923794
2022-07-19 02:04:57,691 [s0-client-thread1] INFO  statemachine.StateMachine (DataStreamTestUtils.java:link(157)) - link SingleDataStream: writeRequest=RaftClientRequest:client-0EF0311D4B8E->s1@group-33DD9DD108AB, cid=422, seq=0, DataStream, Message:<EMPTY>, logEntry=null
2022-07-19 02:04:57,692 [s2-server-thread1] INFO  statemachine.StateMachine (DataStreamTestUtils.java:link(157)) - link SingleDataStream: writeRequest=RaftClientRequest:client-0EF0311D4B8E->s1@group-33DD9DD108AB, cid=422, seq=0, DataStream, Message:<EMPTY>, logEntry=null
2022-07-19 02:04:57,694 [s1-server-thread1] INFO  statemachine.StateMachine (DataStreamTestUtils.java:link(157)) - link SingleDataStream: writeRequest=RaftClientRequest:client-0EF0311D4B8E->s1@group-33DD9DD108AB, cid=422, seq=0, DataStream, Message:<EMPTY>, logEntry=null
2022-07-19 02:04:57,719 [pool-9-thread-12] INFO  datastream.DataStreamTestUtils (DataStreamTestUtils.java:writeAndCloseAndAssertReplies(320)) - Stream423: bytesWritten=7142889
2022-07-19 02:04:57,739 [s0-client-thread1] INFO  statemachine.StateMachine (DataStreamTestUtils.java:link(157)) - link SingleDataStream: writeRequest=RaftClientRequest:client-0EF0311D4B8E->s1@group-33DD9DD108AB, cid=423, seq=0, DataStream, Message:<EMPTY>, logEntry=null
2022-07-19 02:04:57,741 [s2-server-thread1] INFO  statemachine.StateMachine (DataStreamTestUtils.java:link(157)) - link SingleDataStream: writeRequest=RaftClientRequest:client-0EF0311D4B8E->s1@group-33DD9DD108AB, cid=423, seq=0, DataStream, Message:<EMPTY>, logEntry=null
2022-07-19 02:04:57,826 [s1-server-thread1] INFO  statemachine.StateMachine (DataStreamTestUtils.java:link(157)) - link SingleDataStream: writeRequest=RaftClientRequest:client-0EF0311D4B8E->s1@group-33DD9DD108AB, cid=423, seq=0, DataStream, Message:<EMPTY>, logEntry=null
2022-07-19 02:04:57,837 [pool-9-thread-13] INFO  datastream.DataStreamTestUtils (DataStreamTestUtils.java:writeAndCloseAndAssertReplies(320)) - Stream424: bytesWritten=7989360
2022-07-19 02:04:57,838 [pool-9-thread-3] INFO  datastream.DataStreamTestUtils (DataStreamTestUtils.java:writeAndCloseAndAssertReplies(311)) - start Stream427
2022-07-19 02:04:57,856 [s0-client-thread1] INFO  statemachine.StateMachine (DataStreamTestUtils.java:link(157)) - link SingleDataStream: writeRequest=RaftClientRequest:client-0EF0311D4B8E->s1@group-33DD9DD108AB, cid=424, seq=0, DataStream, Message:<EMPTY>, logEntry=null
2022-07-19 02:04:57,866 [pool-9-thread-12] INFO  datastream.DataStreamTestUtils (DataStreamTestUtils.java:writeAndCloseAndAssertReplies(311)) - start Stream428
2022-07-19 02:04:57,873 [s2-server-thread1] INFO  statemachine.StateMachine (DataStreamTestUtils.java:link(157)) - link SingleDataStream: writeRequest=RaftClientRequest:client-0EF0311D4B8E->s1@group-33DD9DD108AB, cid=424, seq=0, DataStream, Message:<EMPTY>, logEntry=null
2022-07-19 02:04:57,893 [pool-9-thread-5] INFO  datastream.DataStreamTestUtils (DataStreamTestUtils.java:writeAndCloseAndAssertReplies(320)) - Stream425: bytesWritten=6652037
2022-07-19 02:04:57,913 [s0-client-thread1] INFO  statemachine.StateMachine (DataStreamTestUtils.java:link(157)) - link SingleDataStream: writeRequest=RaftClientRequest:client-0EF0311D4B8E->s1@group-33DD9DD108AB, cid=425, seq=0, DataStream, Message:<EMPTY>, logEntry=null
2022-07-19 02:04:57,917 [s2-server-thread1] INFO  statemachine.StateMachine (DataStreamTestUtils.java:link(157)) - link SingleDataStream: writeRequest=RaftClientRequest:client-0EF0311D4B8E->s1@group-33DD9DD108AB, cid=425, seq=0, DataStream, Message:<EMPTY>, logEntry=null
2022-07-19 02:04:57,947 [s1-server-thread1] INFO  statemachine.StateMachine (DataStreamTestUtils.java:link(157)) - link SingleDataStream: writeRequest=RaftClientRequest:client-0EF0311D4B8E->s1@group-33DD9DD108AB, cid=424, seq=0, DataStream, Message:<EMPTY>, logEntry=null
2022-07-19 02:04:57,954 [s1-server-thread1] INFO  statemachine.StateMachine (DataStreamTestUtils.java:link(157)) - link SingleDataStream: writeRequest=RaftClientRequest:client-0EF0311D4B8E->s1@group-33DD9DD108AB, cid=425, seq=0, DataStream, Message:<EMPTY>, logEntry=null
2022-07-19 02:04:58,014 [pool-9-thread-13] INFO  datastream.DataStreamTestUtils (DataStreamTestUtils.java:writeAndCloseAndAssertReplies(311)) - start Stream429
2022-07-19 02:04:58,077 [pool-9-thread-14] INFO  datastream.DataStreamTestUtils (DataStreamTestUtils.java:writeAndCloseAndAssertReplies(320)) - Stream426: bytesWritten=7181421
2022-07-19 02:04:58,083 [pool-9-thread-5] INFO  datastream.DataStreamTestUtils (DataStreamTestUtils.java:writeAndCloseAndAssertReplies(311)) - start Stream419
2022-07-19 02:04:58,131 [s0-client-thread1] INFO  statemachine.StateMachine (DataStreamTestUtils.java:link(157)) - link SingleDataStream: writeRequest=RaftClientRequest:client-0EF0311D4B8E->s1@group-33DD9DD108AB, cid=426, seq=0, DataStream, Message:<EMPTY>, logEntry=null
2022-07-19 02:04:58,230 [pool-9-thread-12] INFO  datastream.DataStreamTestUtils (DataStreamTestUtils.java:writeAndCloseAndAssertReplies(320)) - Stream428: bytesWritten=7605609
2022-07-19 02:04:58,239 [pool-9-thread-13] INFO  datastream.DataStreamTestUtils (DataStreamTestUtils.java:writeAndCloseAndAssertReplies(320)) - Stream429: bytesWritten=6608341
2022-07-19 02:04:58,240 [s0-client-thread1] INFO  statemachine.StateMachine (DataStreamTestUtils.java:link(157)) - link SingleDataStream: writeRequest=RaftClientRequest:client-0EF0311D4B8E->s1@group-33DD9DD108AB, cid=428, seq=0, DataStream, Message:<EMPTY>, logEntry=null
2022-07-19 02:04:58,244 [s0-client-thread1] INFO  statemachine.StateMachine (DataStreamTestUtils.java:link(157)) - link SingleDataStream: writeRequest=RaftClientRequest:client-0EF0311D4B8E->s1@group-33DD9DD108AB, cid=429, seq=0, DataStream, Message:<EMPTY>, logEntry=null
2022-07-19 02:04:58,278 [s2-server-thread1] INFO  statemachine.StateMachine (DataStreamTestUtils.java:link(157)) - link SingleDataStream: writeRequest=RaftClientRequest:client-0EF0311D4B8E->s1@group-33DD9DD108AB, cid=426, seq=0, DataStream, Message:<EMPTY>, logEntry=null
2022-07-19 02:04:58,285 [pool-9-thread-3] INFO  datastream.DataStreamTestUtils (DataStreamTestUtils.java:writeAndCloseAndAssertReplies(320)) - Stream427: bytesWritten=6859585
2022-07-19 02:04:58,292 [s1-server-thread1] INFO  statemachine.StateMachine (DataStreamTestUtils.java:link(157)) - link SingleDataStream: writeRequest=RaftClientRequest:client-0EF0311D4B8E->s1@group-33DD9DD108AB, cid=426, seq=0, DataStream, Message:<EMPTY>, logEntry=null
2022-07-19 02:04:58,296 [s0-client-thread1] INFO  statemachine.StateMachine (DataStreamTestUtils.java:link(157)) - link SingleDataStream: writeRequest=RaftClientRequest:client-0EF0311D4B8E->s1@group-33DD9DD108AB, cid=427, seq=0, DataStream, Message:<EMPTY>, logEntry=null
2022-07-19 02:04:58,297 [s1-server-thread1] INFO  statemachine.StateMachine (DataStreamTestUtils.java:link(157)) - link SingleDataStream: writeRequest=RaftClientRequest:client-0EF0311D4B8E->s1@group-33DD9DD108AB, cid=428, seq=0, DataStream, Message:<EMPTY>, logEntry=null
2022-07-19 02:04:58,300 [s1-server-thread1] INFO  statemachine.StateMachine (DataStreamTestUtils.java:link(157)) - link SingleDataStream: writeRequest=RaftClientRequest:client-0EF0311D4B8E->s1@group-33DD9DD108AB, cid=429, seq=0, DataStream, Message:<EMPTY>, logEntry=null
2022-07-19 02:04:58,342 [pool-9-thread-5] INFO  datastream.DataStreamTestUtils (DataStreamTestUtils.java:writeAndCloseAndAssertReplies(320)) - Stream419: bytesWritten=7425015
2022-07-19 02:04:59,138 [s0@group-33DD9DD108AB-LeaderStateImpl] WARN  server.RaftServer$Division (LeaderStateImpl.java:checkLeadership(1020)) - s0@group-33DD9DD108AB-LeaderStateImpl: Lost leadership on term: 3. Election timeout: 300ms. In charge for: 12932ms. Conf: 37: peers:[s0|rpc:localhost:42967|admin:localhost:35399|client:localhost:33207|dataStream:localhost:43161|priority:0|startupRole:FOLLOWER, s1|rpc:localhost:43989|admin:localhost:33969|client:localhost:39579|dataStream:localhost:40179|priority:0|startupRole:FOLLOWER, s2|rpc:localhost:33439|admin:localhost:44687|client:localhost:36505|dataStream:localhost:46481|priority:0|startupRole:FOLLOWER]|listeners:[], old=null
2022-07-19 02:04:59,138 [s0@group-33DD9DD108AB-LeaderStateImpl] WARN  server.RaftServer$Division (LeaderStateImpl.java:lambda$checkLeadership$17(1024)) - Follower s0@group-33DD9DD108AB->s1(c84,m86,n92, attendVote=true, lastRpcSendTime=783, lastRpcResponseTime=801)
2022-07-19 02:04:59,138 [s0@group-33DD9DD108AB-LeaderStateImpl] WARN  server.RaftServer$Division (LeaderStateImpl.java:lambda$checkLeadership$17(1024)) - Follower s0@group-33DD9DD108AB->s2(c84,m87,n92, attendVote=true, lastRpcSendTime=783, lastRpcResponseTime=785)
2022-07-19 02:04:59,138 [s0@group-33DD9DD108AB-LeaderStateImpl] INFO  server.RaftServer$Division (RaftServerImpl.java:setRole(301)) - s0@group-33DD9DD108AB: changes role from    LEADER to FOLLOWER at term 3 for StepDownReason:LOST_MAJORITY_HEARTBEATS
2022-07-19 02:04:59,138 [s0@group-33DD9DD108AB-LeaderStateImpl] INFO  impl.RoleInfo (RoleInfo.java:shutdownLeaderState(93)) - s0: shutdown s0@group-33DD9DD108AB-LeaderStateImpl
2022-07-19 02:04:59,139 [s0@group-33DD9DD108AB-LeaderStateImpl] INFO  impl.PendingRequests (PendingRequests.java:sendNotLeaderResponses(282)) - s0@group-33DD9DD108AB-PendingRequests: sendNotLeaderResponses
2022-07-19 02:04:59,139 [s1@group-33DD9DD108AB-FollowerState] WARN  impl.FollowerState (FollowerState.java:run(130)) - Unexpected long sleep: sleep 254ms but took extra 634246567ns (> threshold = 300ms)
2022-07-19 02:04:59,141 [org.apache.ratis.util.JvmPauseMonitor$$Lambda$278/1103347195@2873058e] WARN  util.JvmPauseMonitor (JvmPauseMonitor.java:detectPause(124)) - JvmPauseMonitor-s2: Detected pause in JVM or host machine (eg GC): pause of approximately 670599774ns.
GC pool 'PS MarkSweep' had collection(s): count=1 time=667ms
GC pool 'PS Scavenge' had collection(s): count=1 time=105ms
2022-07-19 02:04:59,148 [s1-server-thread1] INFO  statemachine.StateMachine (DataStreamTestUtils.java:link(157)) - link SingleDataStream: writeRequest=RaftClientRequest:client-0EF0311D4B8E->s1@group-33DD9DD108AB, cid=427, seq=0, DataStream, Message:<EMPTY>, logEntry=null
2022-07-19 02:04:59,148 [s2-server-thread1] INFO  statemachine.StateMachine (DataStreamTestUtils.java:link(157)) - link SingleDataStream: writeRequest=RaftClientRequest:client-0EF0311D4B8E->s1@group-33DD9DD108AB, cid=428, seq=0, DataStream, Message:<EMPTY>, logEntry=null
2022-07-19 02:04:59,148 [pool-9-thread-14] INFO  datastream.DataStreamTestUtils (DataStreamTestUtils.java:writeAndCloseAndAssertReplies(311)) - start Stream430
2022-07-19 02:04:59,145 [s0@group-33DD9DD108AB->s1-GrpcLogAppender-LogAppenderDaemon] WARN  server.GrpcLogAppender (GrpcLogAppender.java:mayWait(172)) - s0@group-33DD9DD108AB->s1-GrpcLogAppender: Wait interrupted by java.lang.InterruptedException
2022-07-19 02:04:59,145 [s0@group-33DD9DD108AB->s2-GrpcLogAppender-LogAppenderDaemon] WARN  server.GrpcLogAppender (GrpcLogAppender.java:mayWait(172)) - s0@group-33DD9DD108AB->s2-GrpcLogAppender: Wait interrupted by java.lang.InterruptedException
2022-07-19 02:04:59,142 [s2@group-33DD9DD108AB-FollowerState] WARN  impl.FollowerState (FollowerState.java:run(130)) - Unexpected long sleep: sleep 249ms but took extra 685777763ns (> threshold = 300ms)
2022-07-19 02:04:59,142 [org.apache.ratis.util.JvmPauseMonitor$$Lambda$278/1103347195@7c399e7a] WARN  util.JvmPauseMonitor (JvmPauseMonitor.java:detectPause(124)) - JvmPauseMonitor-s0: Detected pause in JVM or host machine (eg GC): pause of approximately 677440434ns.
GC pool 'PS MarkSweep' had collection(s): count=1 time=667ms
GC pool 'PS Scavenge' had collection(s): count=1 time=105ms
2022-07-19 02:04:59,142 [org.apache.ratis.util.JvmPauseMonitor$$Lambda$278/1103347195@78eb7d72] WARN  util.JvmPauseMonitor (JvmPauseMonitor.java:detectPause(124)) - JvmPauseMonitor-s1: Detected pause in JVM or host machine (eg GC): pause of approximately 677290032ns.
GC pool 'PS MarkSweep' had collection(s): count=1 time=667ms
GC pool 'PS Scavenge' had collection(s): count=1 time=105ms
2022-07-19 02:04:59,167 [s2-server-thread1] INFO  statemachine.StateMachine (DataStreamTestUtils.java:link(157)) - link SingleDataStream: writeRequest=RaftClientRequest:client-0EF0311D4B8E->s1@group-33DD9DD108AB, cid=429, seq=0, DataStream, Message:<EMPTY>, logEntry=null
2022-07-19 02:04:59,168 [s2-server-thread1] INFO  statemachine.StateMachine (DataStreamTestUtils.java:link(157)) - link SingleDataStream: writeRequest=RaftClientRequest:client-0EF0311D4B8E->s1@group-33DD9DD108AB, cid=427, seq=0, DataStream, Message:<EMPTY>, logEntry=null
2022-07-19 02:04:59,229 [grpc-default-executor-2] INFO  server.GrpcServerProtocolService (GrpcServerProtocolService.java:onCompleted(140)) - s1: Completed APPEND_ENTRIES, lastRequest: s0->s1#456-t3,previous=(t:3, i:90),leaderCommit=87,initializing? true,entries: size=1, first=(t:3, i:91), METADATAENTRY(c:87)
2022-07-19 02:04:59,229 [grpc-default-executor-3] INFO  server.GrpcServerProtocolService (GrpcServerProtocolService.java:onCompleted(140)) - s2: Completed APPEND_ENTRIES, lastRequest: s0->s2#463-t3,previous=(t:3, i:90),leaderCommit=87,initializing? true,entries: size=1, first=(t:3, i:91), METADATAENTRY(c:87)
2022-07-19 02:04:59,230 [grpc-default-executor-15] INFO  server.GrpcLogAppender (GrpcLogAppender.java:onCompleted(340)) - s0@group-33DD9DD108AB->s2-AppendLogResponseHandler: follower responses appendEntries COMPLETED
2022-07-19 02:04:59,230 [grpc-default-executor-15] INFO  leader.FollowerInfo (FollowerInfoImpl.java:lambda$new$0(48)) - s0@group-33DD9DD108AB->s2: nextIndex: updateUnconditionally 92 -> 88
2022-07-19 02:04:59,231 [grpc-default-executor-2] INFO  server.GrpcLogAppender (GrpcLogAppender.java:onCompleted(340)) - s0@group-33DD9DD108AB->s1-AppendLogResponseHandler: follower responses appendEntries COMPLETED
2022-07-19 02:04:59,231 [grpc-default-executor-2] INFO  leader.FollowerInfo (FollowerInfoImpl.java:lambda$new$0(48)) - s0@group-33DD9DD108AB->s1: nextIndex: updateUnconditionally 92 -> 90
2022-07-19 02:04:59,302 [pool-9-thread-14] INFO  datastream.DataStreamTestUtils (DataStreamTestUtils.java:writeAndCloseAndAssertReplies(320)) - Stream430: bytesWritten=7708202
2022-07-19 02:04:59,320 [s0@group-33DD9DD108AB-LeaderStateImpl] INFO  impl.RoleInfo (RoleInfo.java:updateAndGet(139)) - s0: start s0@group-33DD9DD108AB-FollowerState
2022-07-19 02:04:59,490 [s0@group-33DD9DD108AB-FollowerState] INFO  impl.FollowerState (FollowerState.java:lostMajorityHeartbeatsRecently(108)) - s0@group-33DD9DD108AB-FollowerState: Skipping leader election since it stepped down recently (elapsed = 169ms < waitTime = 10s)
2022-07-19 02:04:59,562 [s1@group-33DD9DD108AB-FollowerState] INFO  impl.FollowerState (FollowerState.java:run(143)) - s1@group-33DD9DD108AB-FollowerState: change to CANDIDATE, lastRpcElapsedTime:240022039ns, electionTimeout:219ms
2022-07-19 02:04:59,562 [s1@group-33DD9DD108AB-FollowerState] INFO  impl.RoleInfo (RoleInfo.java:shutdownFollowerState(110)) - s1: shutdown s1@group-33DD9DD108AB-FollowerState
2022-07-19 02:04:59,563 [s1@group-33DD9DD108AB-FollowerState] INFO  server.RaftServer$Division (RaftServerImpl.java:setRole(301)) - s1@group-33DD9DD108AB: changes role from  FOLLOWER to CANDIDATE at term 3 for changeToCandidate
2022-07-19 02:04:59,568 [s1@group-33DD9DD108AB-FollowerState] INFO  server.RaftServerConfigKeys (ConfUtils.java:logGet(46)) - raft.server.leaderelection.pre-vote = true (default)
2022-07-19 02:04:59,568 [s1@group-33DD9DD108AB-FollowerState] INFO  impl.RoleInfo (RoleInfo.java:updateAndGet(139)) - s1: start s1@group-33DD9DD108AB-LeaderElection6
2022-07-19 02:04:59,597 [s1@group-33DD9DD108AB-LeaderElection6] INFO  server.RaftServer$Division (ServerState.java:setLeader(313)) - s1@group-33DD9DD108AB: change Leader from s0 to null at term 3 for PRE_VOTE
2022-07-19 02:04:59,599 [s1@group-33DD9DD108AB-LeaderElection6] INFO  impl.LeaderElection (LeaderElection.java:askForVotes(310)) - s1@group-33DD9DD108AB-LeaderElection6 PRE_VOTE round 0: submit vote requests at term 3 for 37: peers:[s0|rpc:localhost:42967|admin:localhost:35399|client:localhost:33207|dataStream:localhost:43161|priority:0|startupRole:FOLLOWER, s1|rpc:localhost:43989|admin:localhost:33969|client:localhost:39579|dataStream:localhost:40179|priority:0|startupRole:FOLLOWER, s2|rpc:localhost:33439|admin:localhost:44687|client:localhost:36505|dataStream:localhost:46481|priority:0|startupRole:FOLLOWER]|listeners:[], old=null
2022-07-19 02:04:59,648 [s2@group-33DD9DD108AB-FollowerState] INFO  impl.FollowerState (FollowerState.java:run(143)) - s2@group-33DD9DD108AB-FollowerState: change to CANDIDATE, lastRpcElapsedTime:405856148ns, electionTimeout:238ms
2022-07-19 02:04:59,648 [s2@group-33DD9DD108AB-FollowerState] INFO  impl.RoleInfo (RoleInfo.java:shutdownFollowerState(110)) - s2: shutdown s2@group-33DD9DD108AB-FollowerState
2022-07-19 02:04:59,648 [s2@group-33DD9DD108AB-FollowerState] INFO  server.RaftServer$Division (RaftServerImpl.java:setRole(301)) - s2@group-33DD9DD108AB: changes role from  FOLLOWER to CANDIDATE at term 3 for changeToCandidate
2022-07-19 02:04:59,699 [s2@group-33DD9DD108AB-FollowerState] INFO  server.RaftServerConfigKeys (ConfUtils.java:logGet(46)) - raft.server.leaderelection.pre-vote = true (default)
2022-07-19 02:04:59,700 [s2@group-33DD9DD108AB-FollowerState] INFO  impl.RoleInfo (RoleInfo.java:updateAndGet(139)) - s2: start s2@group-33DD9DD108AB-LeaderElection7
2022-07-19 02:04:59,715 [s2@group-33DD9DD108AB-LeaderElection7] INFO  server.RaftServer$Division (ServerState.java:setLeader(313)) - s2@group-33DD9DD108AB: change Leader from s0 to null at term 3 for PRE_VOTE
2022-07-19 02:04:59,724 [grpc-default-executor-18] INFO  server.RaftServer$Division (RaftServerImpl.java:requestVote(1197)) - s0@group-33DD9DD108AB: receive requestVote(PRE_VOTE, s1, group-33DD9DD108AB, 3, (t:3, i:91))
2022-07-19 02:04:59,725 [grpc-default-executor-18] INFO  impl.VoteContext (VoteContext.java:log(48)) - s0@group-33DD9DD108AB-FOLLOWER: accept PRE_VOTE from s1: our priority 0 <= candidate's priority 0
2022-07-19 02:04:59,726 [grpc-default-executor-18] INFO  server.RaftServer$Division (RaftServerImpl.java:requestVote(1230)) - s0@group-33DD9DD108AB replies to PRE_VOTE vote request: s1<-s0#0:OK-t3. Peer's state: s0@group-33DD9DD108AB:t3, leader=s0, voted=s0, raftlog=Memoized:s0@group-33DD9DD108AB-SegmentedRaftLog:OPENED:c87, conf=37: peers:[s0|rpc:localhost:42967|admin:localhost:35399|client:localhost:33207|dataStream:localhost:43161|priority:0|startupRole:FOLLOWER, s1|rpc:localhost:43989|admin:localhost:33969|client:localhost:39579|dataStream:localhost:40179|priority:0|startupRole:FOLLOWER, s2|rpc:localhost:33439|admin:localhost:44687|client:localhost:36505|dataStream:localhost:46481|priority:0|startupRole:FOLLOWER]|listeners:[], old=null
2022-07-19 02:04:59,726 [s2@group-33DD9DD108AB-LeaderElection7] INFO  impl.LeaderElection (LeaderElection.java:askForVotes(310)) - s2@group-33DD9DD108AB-LeaderElection7 PRE_VOTE round 0: submit vote requests at term 3 for 37: peers:[s0|rpc:localhost:42967|admin:localhost:35399|client:localhost:33207|dataStream:localhost:43161|priority:0|startupRole:FOLLOWER, s1|rpc:localhost:43989|admin:localhost:33969|client:localhost:39579|dataStream:localhost:40179|priority:0|startupRole:FOLLOWER, s2|rpc:localhost:33439|admin:localhost:44687|client:localhost:36505|dataStream:localhost:46481|priority:0|startupRole:FOLLOWER]|listeners:[], old=null
2022-07-19 02:04:59,779 [grpc-default-executor-1] INFO  server.RaftServer$Division (RaftServerImpl.java:requestVote(1197)) - s2@group-33DD9DD108AB: receive requestVote(PRE_VOTE, s1, group-33DD9DD108AB, 3, (t:3, i:91))
2022-07-19 02:04:59,780 [grpc-default-executor-1] INFO  impl.VoteContext (VoteContext.java:log(48)) - s2@group-33DD9DD108AB-CANDIDATE: accept PRE_VOTE from s1: our priority 0 <= candidate's priority 0
2022-07-19 02:04:59,780 [grpc-default-executor-1] INFO  server.RaftServer$Division (RaftServerImpl.java:requestVote(1230)) - s2@group-33DD9DD108AB replies to PRE_VOTE vote request: s1<-s2#0:OK-t3. Peer's state: s2@group-33DD9DD108AB:t3, leader=null, voted=s0, raftlog=Memoized:s2@group-33DD9DD108AB-SegmentedRaftLog:OPENED:c87, conf=37: peers:[s0|rpc:localhost:42967|admin:localhost:35399|client:localhost:33207|dataStream:localhost:43161|priority:0|startupRole:FOLLOWER, s1|rpc:localhost:43989|admin:localhost:33969|client:localhost:39579|dataStream:localhost:40179|priority:0|startupRole:FOLLOWER, s2|rpc:localhost:33439|admin:localhost:44687|client:localhost:36505|dataStream:localhost:46481|priority:0|startupRole:FOLLOWER]|listeners:[], old=null
2022-07-19 02:04:59,783 [s1@group-33DD9DD108AB-LeaderElection6] INFO  impl.LeaderElection (LeaderElection.java:logAndReturn(90)) - s1@group-33DD9DD108AB-LeaderElection6: PRE_VOTE PASSED received 1 response(s) and 0 exception(s):
2022-07-19 02:04:59,783 [s1@group-33DD9DD108AB-LeaderElection6] INFO  impl.LeaderElection (LeaderElection.java:logAndReturn(94)) -   Response 0: s1<-s0#0:OK-t3
2022-07-19 02:04:59,783 [s1@group-33DD9DD108AB-LeaderElection6] INFO  impl.LeaderElection (LeaderElection.java:askForVotes(312)) - s1@group-33DD9DD108AB-LeaderElection6 PRE_VOTE round 0: result PASSED
2022-07-19 02:04:59,787 [s1@group-33DD9DD108AB-LeaderElection6] INFO  impl.LeaderElection (LeaderElection.java:askForVotes(310)) - s1@group-33DD9DD108AB-LeaderElection6 ELECTION round 0: submit vote requests at term 4 for 37: peers:[s0|rpc:localhost:42967|admin:localhost:35399|client:localhost:33207|dataStream:localhost:43161|priority:0|startupRole:FOLLOWER, s1|rpc:localhost:43989|admin:localhost:33969|client:localhost:39579|dataStream:localhost:40179|priority:0|startupRole:FOLLOWER, s2|rpc:localhost:33439|admin:localhost:44687|client:localhost:36505|dataStream:localhost:46481|priority:0|startupRole:FOLLOWER]|listeners:[], old=null
2022-07-19 02:04:59,794 [grpc-default-executor-1] INFO  server.RaftServer$Division (RaftServerImpl.java:requestVote(1197)) - s1@group-33DD9DD108AB: receive requestVote(PRE_VOTE, s2, group-33DD9DD108AB, 3, (t:3, i:91))
2022-07-19 02:04:59,794 [grpc-default-executor-1] INFO  impl.VoteContext (VoteContext.java:log(48)) - s1@group-33DD9DD108AB-CANDIDATE: accept PRE_VOTE from s2: our priority 0 <= candidate's priority 0
2022-07-19 02:04:59,794 [grpc-default-executor-1] INFO  server.RaftServer$Division (RaftServerImpl.java:requestVote(1230)) - s1@group-33DD9DD108AB replies to PRE_VOTE vote request: s2<-s1#0:OK-t4. Peer's state: s1@group-33DD9DD108AB:t4, leader=null, voted=s1, raftlog=Memoized:s1@group-33DD9DD108AB-SegmentedRaftLog:OPENED:c87, conf=37: peers:[s0|rpc:localhost:42967|admin:localhost:35399|client:localhost:33207|dataStream:localhost:43161|priority:0|startupRole:FOLLOWER, s1|rpc:localhost:43989|admin:localhost:33969|client:localhost:39579|dataStream:localhost:40179|priority:0|startupRole:FOLLOWER, s2|rpc:localhost:33439|admin:localhost:44687|client:localhost:36505|dataStream:localhost:46481|priority:0|startupRole:FOLLOWER]|listeners:[], old=null
2022-07-19 02:04:59,802 [grpc-default-executor-17] INFO  server.RaftServer$Division (RaftServerImpl.java:requestVote(1197)) - s0@group-33DD9DD108AB: receive requestVote(ELECTION, s1, group-33DD9DD108AB, 4, (t:3, i:91))
2022-07-19 02:04:59,803 [grpc-default-executor-17] INFO  impl.VoteContext (VoteContext.java:log(48)) - s0@group-33DD9DD108AB-FOLLOWER: accept ELECTION from s1: our priority 0 <= candidate's priority 0
2022-07-19 02:04:59,803 [grpc-default-executor-17] INFO  server.RaftServer$Division (ServerState.java:setLeader(313)) - s0@group-33DD9DD108AB: change Leader from s0 to null at term 4 for updateCurrentTerm
2022-07-19 02:04:59,803 [grpc-default-executor-17] INFO  server.RaftServer$Division (RaftServerImpl.java:setRole(301)) - s0@group-33DD9DD108AB: changes role from  FOLLOWER to FOLLOWER at term 4 for candidate:s1
2022-07-19 02:04:59,803 [grpc-default-executor-17] INFO  impl.RoleInfo (RoleInfo.java:shutdownFollowerState(110)) - s0: shutdown s0@group-33DD9DD108AB-FollowerState
2022-07-19 02:04:59,808 [grpc-default-executor-17] INFO  impl.RoleInfo (RoleInfo.java:updateAndGet(139)) - s0: start s0@group-33DD9DD108AB-FollowerState
2022-07-19 02:04:59,808 [s2@group-33DD9DD108AB-LeaderElection7] INFO  impl.LeaderElection (LeaderElection.java:logAndReturn(90)) - s2@group-33DD9DD108AB-LeaderElection7: PRE_VOTE DISCOVERED_A_NEW_TERM (term=4) received 1 response(s) and 0 exception(s):
2022-07-19 02:04:59,808 [s2@group-33DD9DD108AB-LeaderElection7] INFO  impl.LeaderElection (LeaderElection.java:logAndReturn(94)) -   Response 0: s2<-s1#0:OK-t4
2022-07-19 02:04:59,809 [s0@group-33DD9DD108AB-FollowerState] INFO  impl.FollowerState (FollowerState.java:run(152)) - s0@group-33DD9DD108AB-FollowerState was interrupted
2022-07-19 02:04:59,811 [s2@group-33DD9DD108AB-LeaderElection7] INFO  impl.LeaderElection (LeaderElection.java:askForVotes(312)) - s2@group-33DD9DD108AB-LeaderElection7 PRE_VOTE round 0: result DISCOVERED_A_NEW_TERM (term=4)
2022-07-19 02:04:59,811 [s2@group-33DD9DD108AB-LeaderElection7] INFO  server.RaftServer$Division (RaftServerImpl.java:setRole(301)) - s2@group-33DD9DD108AB: changes role from CANDIDATE to FOLLOWER at term 4 for DISCOVERED_A_NEW_TERM (term=4)
2022-07-19 02:04:59,811 [s2@group-33DD9DD108AB-LeaderElection7] INFO  impl.RoleInfo (RoleInfo.java:shutdownLeaderElection(130)) - s2: shutdown s2@group-33DD9DD108AB-LeaderElection7
2022-07-19 02:04:59,811 [s2@group-33DD9DD108AB-LeaderElection7] INFO  impl.RoleInfo (RoleInfo.java:updateAndGet(139)) - s2: start s2@group-33DD9DD108AB-FollowerState
2022-07-19 02:04:59,812 [grpc-default-executor-17] INFO  server.RaftServer$Division (RaftServerImpl.java:requestVote(1230)) - s0@group-33DD9DD108AB replies to ELECTION vote request: s1<-s0#0:OK-t4. Peer's state: s0@group-33DD9DD108AB:t4, leader=null, voted=s1, raftlog=Memoized:s0@group-33DD9DD108AB-SegmentedRaftLog:OPENED:c87, conf=37: peers:[s0|rpc:localhost:42967|admin:localhost:35399|client:localhost:33207|dataStream:localhost:43161|priority:0|startupRole:FOLLOWER, s1|rpc:localhost:43989|admin:localhost:33969|client:localhost:39579|dataStream:localhost:40179|priority:0|startupRole:FOLLOWER, s2|rpc:localhost:33439|admin:localhost:44687|client:localhost:36505|dataStream:localhost:46481|priority:0|startupRole:FOLLOWER]|listeners:[], old=null
2022-07-19 02:04:59,817 [s1@group-33DD9DD108AB-LeaderElection6] INFO  impl.LeaderElection (LeaderElection.java:logAndReturn(90)) - s1@group-33DD9DD108AB-LeaderElection6: ELECTION PASSED received 1 response(s) and 0 exception(s):
2022-07-19 02:04:59,819 [s1@group-33DD9DD108AB-LeaderElection6] INFO  impl.LeaderElection (LeaderElection.java:logAndReturn(94)) -   Response 0: s1<-s0#0:OK-t4
2022-07-19 02:04:59,819 [s1@group-33DD9DD108AB-LeaderElection6] INFO  impl.LeaderElection (LeaderElection.java:askForVotes(312)) - s1@group-33DD9DD108AB-LeaderElection6 ELECTION round 0: result PASSED
2022-07-19 02:04:59,819 [grpc-default-executor-3] INFO  server.RaftServer$Division (RaftServerImpl.java:requestVote(1197)) - s0@group-33DD9DD108AB: receive requestVote(PRE_VOTE, s2, group-33DD9DD108AB, 3, (t:3, i:91))
2022-07-19 02:04:59,819 [grpc-default-executor-3] INFO  impl.VoteContext (VoteContext.java:log(48)) - s0@group-33DD9DD108AB-FOLLOWER: accept PRE_VOTE from s2: our priority 0 <= candidate's priority 0
2022-07-19 02:04:59,820 [grpc-default-executor-3] INFO  server.RaftServer$Division (RaftServerImpl.java:requestVote(1230)) - s0@group-33DD9DD108AB replies to PRE_VOTE vote request: s2<-s0#0:OK-t4. Peer's state: s0@group-33DD9DD108AB:t4, leader=null, voted=s1, raftlog=Memoized:s0@group-33DD9DD108AB-SegmentedRaftLog:OPENED:c87, conf=37: peers:[s0|rpc:localhost:42967|admin:localhost:35399|client:localhost:33207|dataStream:localhost:43161|priority:0|startupRole:FOLLOWER, s1|rpc:localhost:43989|admin:localhost:33969|client:localhost:39579|dataStream:localhost:40179|priority:0|startupRole:FOLLOWER, s2|rpc:localhost:33439|admin:localhost:44687|client:localhost:36505|dataStream:localhost:46481|priority:0|startupRole:FOLLOWER]|listeners:[], old=null
2022-07-19 02:04:59,819 [s1@group-33DD9DD108AB-LeaderElection6] INFO  impl.RoleInfo (RoleInfo.java:shutdownLeaderElection(130)) - s1: shutdown s1@group-33DD9DD108AB-LeaderElection6
2022-07-19 02:04:59,820 [s1@group-33DD9DD108AB-LeaderElection6] INFO  server.RaftServer$Division (RaftServerImpl.java:setRole(301)) - s1@group-33DD9DD108AB: changes role from CANDIDATE to LEADER at term 4 for changeToLeader
2022-07-19 02:04:59,820 [s1@group-33DD9DD108AB-LeaderElection6] INFO  server.RaftServer$Division (ServerState.java:setLeader(313)) - s1@group-33DD9DD108AB: change Leader from null to s1 at term 4 for becomeLeader, leader elected after 223ms
2022-07-19 02:04:59,820 [s1@group-33DD9DD108AB-LeaderElection6] INFO  server.RaftServerConfigKeys (ConfUtils.java:logGet(46)) - raft.server.staging.catchup.gap = 1000 (default)
2022-07-19 02:04:59,820 [grpc-default-executor-18] INFO  server.RaftServer$Division (RaftServerImpl.java:requestVote(1197)) - s2@group-33DD9DD108AB: receive requestVote(ELECTION, s1, group-33DD9DD108AB, 4, (t:3, i:91))
2022-07-19 02:04:59,820 [s1@group-33DD9DD108AB-LeaderElection6] INFO  server.RaftServerConfigKeys (ConfUtils.java:logGet(46)) - raft.server.write.element-limit = 4096 (default)
2022-07-19 02:04:59,820 [s1@group-33DD9DD108AB-LeaderElection6] INFO  server.RaftServerConfigKeys (ConfUtils.java:logGet(46)) - raft.server.write.byte-limit = 64MB (=67108864) (default)
2022-07-19 02:04:59,820 [grpc-default-executor-18] INFO  impl.VoteContext (VoteContext.java:log(48)) - s2@group-33DD9DD108AB-FOLLOWER: accept ELECTION from s1: our priority 0 <= candidate's priority 0
2022-07-19 02:04:59,820 [s1@group-33DD9DD108AB-LeaderElection6] INFO  server.RaftServerConfigKeys (ConfUtils.java:logGet(46)) - raft.server.watch.timeout = 10s (default)
2022-07-19 02:04:59,820 [s1@group-33DD9DD108AB-LeaderElection6] INFO  server.RaftServerConfigKeys (ConfUtils.java:logGet(46)) - raft.server.watch.timeout.denomination = 1s (default)
2022-07-19 02:04:59,820 [s1@group-33DD9DD108AB-LeaderElection6] INFO  server.RaftServerConfigKeys (ConfUtils.java:logGet(46)) - raft.server.watch.element-limit = 65536 (default)
2022-07-19 02:04:59,821 [s1@group-33DD9DD108AB-LeaderElection6] INFO  server.RaftServerConfigKeys (ConfUtils.java:logGet(46)) - raft.server.write.element-limit = 4096 (default)
2022-07-19 02:04:59,821 [s1@group-33DD9DD108AB-LeaderElection6] INFO  server.RaftServerConfigKeys (ConfUtils.java:logGet(46)) - raft.server.write.follower.gap.ratio.max = -1.0 (default)
2022-07-19 02:04:59,820 [grpc-default-executor-18] INFO  server.RaftServer$Division (RaftServerImpl.java:setRole(301)) - s2@group-33DD9DD108AB: changes role from  FOLLOWER to FOLLOWER at term 4 for candidate:s1
2022-07-19 02:04:59,821 [grpc-default-executor-18] INFO  impl.RoleInfo (RoleInfo.java:shutdownFollowerState(110)) - s2: shutdown s2@group-33DD9DD108AB-FollowerState
2022-07-19 02:04:59,821 [grpc-default-executor-18] INFO  impl.RoleInfo (RoleInfo.java:updateAndGet(139)) - s2: start s2@group-33DD9DD108AB-FollowerState
2022-07-19 02:04:59,822 [s2@group-33DD9DD108AB-FollowerState] INFO  impl.FollowerState (FollowerState.java:shouldRun(117)) - s2@group-33DD9DD108AB-FollowerState: Stopping now (isRunning? false, role = FOLLOWER)
2022-07-19 02:04:59,821 [s1@group-33DD9DD108AB-LeaderElection6] INFO  server.RaftServerConfigKeys (ConfUtils.java:logGet(46)) - raft.server.log.appender.snapshot.chunk.size.max = 16MB (=16777216) (default)
2022-07-19 02:04:59,827 [s1@group-33DD9DD108AB-LeaderElection6] INFO  server.RaftServerConfigKeys (ConfUtils.java:logGet(46)) - raft.server.log.appender.buffer.byte-limit = 4MB (=4194304) (default)
2022-07-19 02:04:59,827 [s1@group-33DD9DD108AB-LeaderElection6] INFO  server.RaftServerConfigKeys (ConfUtils.java:logGet(46)) - raft.server.log.appender.buffer.element-limit = 0 (default)
2022-07-19 02:04:59,850 [grpc-default-executor-18] INFO  server.RaftServer$Division (RaftServerImpl.java:requestVote(1230)) - s2@group-33DD9DD108AB replies to ELECTION vote request: s1<-s2#0:OK-t4. Peer's state: s2@group-33DD9DD108AB:t4, leader=null, voted=s1, raftlog=Memoized:s2@group-33DD9DD108AB-SegmentedRaftLog:OPENED:c87, conf=37: peers:[s0|rpc:localhost:42967|admin:localhost:35399|client:localhost:33207|dataStream:localhost:43161|priority:0|startupRole:FOLLOWER, s1|rpc:localhost:43989|admin:localhost:33969|client:localhost:39579|dataStream:localhost:40179|priority:0|startupRole:FOLLOWER, s2|rpc:localhost:33439|admin:localhost:44687|client:localhost:36505|dataStream:localhost:46481|priority:0|startupRole:FOLLOWER]|listeners:[], old=null
2022-07-19 02:04:59,864 [s1@group-33DD9DD108AB-LeaderElection6] INFO  grpc.GrpcConfigKeys (ConfUtils.java:logGet(46)) - raft.grpc.server.leader.outstanding.appends.max = 128 (default)
2022-07-19 02:04:59,864 [s1@group-33DD9DD108AB-LeaderElection6] INFO  server.RaftServerConfigKeys (ConfUtils.java:logGet(46)) - raft.server.rpc.request.timeout = 3000ms (default)
2022-07-19 02:04:59,864 [s1@group-33DD9DD108AB-LeaderElection6] INFO  server.RaftServerConfigKeys (ConfUtils.java:logGet(46)) - raft.server.log.appender.install.snapshot.enabled = true (default)
2022-07-19 02:04:59,865 [s1@group-33DD9DD108AB-LeaderElection6] INFO  server.RaftServerConfigKeys (ConfUtils.java:logGet(46)) - raft.server.log.appender.snapshot.chunk.size.max = 16MB (=16777216) (default)
2022-07-19 02:04:59,865 [s1@group-33DD9DD108AB-LeaderElection6] INFO  server.RaftServerConfigKeys (ConfUtils.java:logGet(46)) - raft.server.log.appender.buffer.byte-limit = 4MB (=4194304) (default)
2022-07-19 02:04:59,865 [s1@group-33DD9DD108AB-LeaderElection6] INFO  server.RaftServerConfigKeys (ConfUtils.java:logGet(46)) - raft.server.log.appender.buffer.element-limit = 0 (default)
2022-07-19 02:04:59,865 [s1@group-33DD9DD108AB-LeaderElection6] INFO  grpc.GrpcConfigKeys (ConfUtils.java:logGet(46)) - raft.grpc.server.leader.outstanding.appends.max = 128 (default)
2022-07-19 02:04:59,865 [s1@group-33DD9DD108AB-LeaderElection6] INFO  server.RaftServerConfigKeys (ConfUtils.java:logGet(46)) - raft.server.rpc.request.timeout = 3000ms (default)
2022-07-19 02:04:59,865 [s1@group-33DD9DD108AB-LeaderElection6] INFO  server.RaftServerConfigKeys (ConfUtils.java:logGet(46)) - raft.server.log.appender.install.snapshot.enabled = true (default)
2022-07-19 02:04:59,865 [s1@group-33DD9DD108AB-LeaderElection6] INFO  impl.RoleInfo (RoleInfo.java:updateAndGet(139)) - s1: start s1@group-33DD9DD108AB-LeaderStateImpl
2022-07-19 02:04:59,866 [s1@group-33DD9DD108AB-LeaderElection6] INFO  segmented.SegmentedRaftLogWorker (SegmentedRaftLogWorker.java:rollLogSegment(430)) - s1@group-33DD9DD108AB-SegmentedRaftLogWorker: Rolling segment log-37_91 to index:91
2022-07-19 02:04:59,867 [s1@group-33DD9DD108AB-SegmentedRaftLogWorker] TRACE util.FileUtils (LogUtils.java:runAndLog(49)) - Successfully ran Files.move /home/runner/work/ratis/ratis/ratis-test/target/test/data/76646f/MiniRaftClusterWithRpcTypeGrpcAndDataStreamTypeNettyc627e763/s1/3d4325af-1726-45d2-aa71-33dd9dd108ab/current/log_inprogress_37 to /home/runner/work/ratis/ratis/ratis-test/target/test/data/76646f/MiniRaftClusterWithRpcTypeGrpcAndDataStreamTypeNettyc627e763/s1/3d4325af-1726-45d2-aa71-33dd9dd108ab/current/log_37-91
2022-07-19 02:04:59,867 [s1@group-33DD9DD108AB-SegmentedRaftLogWorker] INFO  segmented.SegmentedRaftLogWorker (SegmentedRaftLogWorker.java:execute(586)) - s1@group-33DD9DD108AB-SegmentedRaftLogWorker: Rolled log segment from /home/runner/work/ratis/ratis/ratis-test/target/test/data/76646f/MiniRaftClusterWithRpcTypeGrpcAndDataStreamTypeNettyc627e763/s1/3d4325af-1726-45d2-aa71-33dd9dd108ab/current/log_inprogress_37 to /home/runner/work/ratis/ratis/ratis-test/target/test/data/76646f/MiniRaftClusterWithRpcTypeGrpcAndDataStreamTypeNettyc627e763/s1/3d4325af-1726-45d2-aa71-33dd9dd108ab/current/log_37-91
2022-07-19 02:04:59,868 [s1@group-33DD9DD108AB-LeaderElection6] INFO  server.RaftServer$Division (ServerState.java:setRaftConf(429)) - s1@group-33DD9DD108AB: set configuration 92: peers:[s0|rpc:localhost:42967|admin:localhost:35399|client:localhost:33207|dataStream:localhost:43161|priority:0|startupRole:FOLLOWER, s1|rpc:localhost:43989|admin:localhost:33969|client:localhost:39579|dataStream:localhost:40179|priority:0|startupRole:FOLLOWER, s2|rpc:localhost:33439|admin:localhost:44687|client:localhost:36505|dataStream:localhost:46481|priority:0|startupRole:FOLLOWER]|listeners:[], old=null
2022-07-19 02:04:59,872 [s2-server-thread1] INFO  server.RaftServer$Division (ServerState.java:setLeader(313)) - s2@group-33DD9DD108AB: change Leader from null to s1 at term 4 for appendEntries, leader elected after 157ms
2022-07-19 02:04:59,872 [s0-server-thread1] INFO  server.RaftServer$Division (ServerState.java:setLeader(313)) - s0@group-33DD9DD108AB: change Leader from null to s1 at term 4 for appendEntries, leader elected after 69ms
2022-07-19 02:04:59,878 [s2-server-thread1] INFO  server.RaftServer$Division (ServerState.java:setRaftConf(429)) - s2@group-33DD9DD108AB: set configuration 92: peers:[s0|rpc:localhost:42967|admin:localhost:35399|client:localhost:33207|dataStream:localhost:43161|priority:0|startupRole:FOLLOWER, s1|rpc:localhost:43989|admin:localhost:33969|client:localhost:39579|dataStream:localhost:40179|priority:0|startupRole:FOLLOWER, s2|rpc:localhost:33439|admin:localhost:44687|client:localhost:36505|dataStream:localhost:46481|priority:0|startupRole:FOLLOWER]|listeners:[], old=null
2022-07-19 02:04:59,878 [s2-server-thread1] INFO  segmented.SegmentedRaftLogWorker (SegmentedRaftLogWorker.java:rollLogSegment(430)) - s2@group-33DD9DD108AB-SegmentedRaftLogWorker: Rolling segment log-37_91 to index:91
2022-07-19 02:04:59,880 [s2@group-33DD9DD108AB-SegmentedRaftLogWorker] TRACE util.FileUtils (LogUtils.java:runAndLog(49)) - Successfully ran Files.move /home/runner/work/ratis/ratis/ratis-test/target/test/data/76646f/MiniRaftClusterWithRpcTypeGrpcAndDataStreamTypeNettyc627e763/s2/3d4325af-1726-45d2-aa71-33dd9dd108ab/current/log_inprogress_37 to /home/runner/work/ratis/ratis/ratis-test/target/test/data/76646f/MiniRaftClusterWithRpcTypeGrpcAndDataStreamTypeNettyc627e763/s2/3d4325af-1726-45d2-aa71-33dd9dd108ab/current/log_37-91
2022-07-19 02:04:59,880 [s2@group-33DD9DD108AB-SegmentedRaftLogWorker] INFO  segmented.SegmentedRaftLogWorker (SegmentedRaftLogWorker.java:execute(586)) - s2@group-33DD9DD108AB-SegmentedRaftLogWorker: Rolled log segment from /home/runner/work/ratis/ratis/ratis-test/target/test/data/76646f/MiniRaftClusterWithRpcTypeGrpcAndDataStreamTypeNettyc627e763/s2/3d4325af-1726-45d2-aa71-33dd9dd108ab/current/log_inprogress_37 to /home/runner/work/ratis/ratis/ratis-test/target/test/data/76646f/MiniRaftClusterWithRpcTypeGrpcAndDataStreamTypeNettyc627e763/s2/3d4325af-1726-45d2-aa71-33dd9dd108ab/current/log_37-91
2022-07-19 02:04:59,888 [s1@group-33DD9DD108AB-SegmentedRaftLogWorker] INFO  segmented.SegmentedRaftLogWorker (SegmentedRaftLogWorker.java:execute(629)) - s1@group-33DD9DD108AB-SegmentedRaftLogWorker: created new log segment /home/runner/work/ratis/ratis/ratis-test/target/test/data/76646f/MiniRaftClusterWithRpcTypeGrpcAndDataStreamTypeNettyc627e763/s1/3d4325af-1726-45d2-aa71-33dd9dd108ab/current/log_inprogress_92
2022-07-19 02:04:59,918 [s2@group-33DD9DD108AB-SegmentedRaftLogWorker] INFO  segmented.SegmentedRaftLogWorker (SegmentedRaftLogWorker.java:execute(629)) - s2@group-33DD9DD108AB-SegmentedRaftLogWorker: created new log segment /home/runner/work/ratis/ratis/ratis-test/target/test/data/76646f/MiniRaftClusterWithRpcTypeGrpcAndDataStreamTypeNettyc627e763/s2/3d4325af-1726-45d2-aa71-33dd9dd108ab/current/log_inprogress_92
2022-07-19 02:04:59,929 [s0-server-thread1] INFO  server.RaftServer$Division (ServerState.java:setRaftConf(429)) - s0@group-33DD9DD108AB: set configuration 92: peers:[s0|rpc:localhost:42967|admin:localhost:35399|client:localhost:33207|dataStream:localhost:43161|priority:0|startupRole:FOLLOWER, s1|rpc:localhost:43989|admin:localhost:33969|client:localhost:39579|dataStream:localhost:40179|priority:0|startupRole:FOLLOWER, s2|rpc:localhost:33439|admin:localhost:44687|client:localhost:36505|dataStream:localhost:46481|priority:0|startupRole:FOLLOWER]|listeners:[], old=null
2022-07-19 02:04:59,929 [s0-server-thread1] INFO  segmented.SegmentedRaftLogWorker (SegmentedRaftLogWorker.java:rollLogSegment(430)) - s0@group-33DD9DD108AB-SegmentedRaftLogWorker: Rolling segment log-37_91 to index:91
2022-07-19 02:04:59,932 [s0@group-33DD9DD108AB-SegmentedRaftLogWorker] TRACE util.FileUtils (LogUtils.java:runAndLog(49)) - Successfully ran Files.move /home/runner/work/ratis/ratis/ratis-test/target/test/data/76646f/MiniRaftClusterWithRpcTypeGrpcAndDataStreamTypeNettyc627e763/s0/3d4325af-1726-45d2-aa71-33dd9dd108ab/current/log_inprogress_37 to /home/runner/work/ratis/ratis/ratis-test/target/test/data/76646f/MiniRaftClusterWithRpcTypeGrpcAndDataStreamTypeNettyc627e763/s0/3d4325af-1726-45d2-aa71-33dd9dd108ab/current/log_37-91
2022-07-19 02:04:59,932 [s0@group-33DD9DD108AB-SegmentedRaftLogWorker] INFO  segmented.SegmentedRaftLogWorker (SegmentedRaftLogWorker.java:execute(586)) - s0@group-33DD9DD108AB-SegmentedRaftLogWorker: Rolled log segment from /home/runner/work/ratis/ratis/ratis-test/target/test/data/76646f/MiniRaftClusterWithRpcTypeGrpcAndDataStreamTypeNettyc627e763/s0/3d4325af-1726-45d2-aa71-33dd9dd108ab/current/log_inprogress_37 to /home/runner/work/ratis/ratis/ratis-test/target/test/data/76646f/MiniRaftClusterWithRpcTypeGrpcAndDataStreamTypeNettyc627e763/s0/3d4325af-1726-45d2-aa71-33dd9dd108ab/current/log_37-91
2022-07-19 02:05:00,006 [s0@group-33DD9DD108AB-SegmentedRaftLogWorker] INFO  segmented.SegmentedRaftLogWorker (SegmentedRaftLogWorker.java:execute(629)) - s0@group-33DD9DD108AB-SegmentedRaftLogWorker: created new log segment /home/runner/work/ratis/ratis/ratis-test/target/test/data/76646f/MiniRaftClusterWithRpcTypeGrpcAndDataStreamTypeNettyc627e763/s0/3d4325af-1726-45d2-aa71-33dd9dd108ab/current/log_inprogress_92
2022-07-19 02:05:00,094 [s1-client-thread2] INFO  statemachine.StateMachine (DataStreamTestUtils.java:link(157)) - link SingleDataStream: writeRequest=RaftClientRequest:client-7D97C0B93025->s1@group-33DD9DD108AB, cid=419, seq=0, DataStream, Message:<EMPTY>, logEntry=null
2022-07-19 02:05:00,095 [s0-server-thread1] INFO  statemachine.StateMachine (DataStreamTestUtils.java:link(157)) - link SingleDataStream: writeRequest=RaftClientRequest:client-7D97C0B93025->s1@group-33DD9DD108AB, cid=419, seq=0, DataStream, Message:<EMPTY>, logEntry=null
2022-07-19 02:05:00,101 [s2-server-thread1] INFO  statemachine.StateMachine (DataStreamTestUtils.java:link(157)) - link SingleDataStream: writeRequest=RaftClientRequest:client-7D97C0B93025->s1@group-33DD9DD108AB, cid=419, seq=0, DataStream, Message:<EMPTY>, logEntry=null
2022-07-19 02:05:00,132 [pool-9-thread-5] INFO  datastream.DataStreamTestUtils (DataStreamTestUtils.java:writeAndCloseAndAssertReplies(311)) - start Stream431
2022-07-19 02:05:00,144 [s1-client-thread2] INFO  statemachine.StateMachine (DataStreamTestUtils.java:link(157)) - link SingleDataStream: writeRequest=RaftClientRequest:client-7D97C0B93025->s1@group-33DD9DD108AB, cid=430, seq=0, DataStream, Message:<EMPTY>, logEntry=null
2022-07-19 02:05:00,152 [s2-server-thread1] INFO  statemachine.StateMachine (DataStreamTestUtils.java:link(157)) - link SingleDataStream: writeRequest=RaftClientRequest:client-7D97C0B93025->s1@group-33DD9DD108AB, cid=430, seq=0, DataStream, Message:<EMPTY>, logEntry=null
2022-07-19 02:05:00,152 [s0-server-thread1] INFO  statemachine.StateMachine (DataStreamTestUtils.java:link(157)) - link SingleDataStream: writeRequest=RaftClientRequest:client-7D97C0B93025->s1@group-33DD9DD108AB, cid=430, seq=0, DataStream, Message:<EMPTY>, logEntry=null
2022-07-19 02:05:00,157 [pool-9-thread-14] INFO  datastream.DataStreamTestUtils (DataStreamTestUtils.java:writeAndCloseAndAssertReplies(311)) - start Stream432
2022-07-19 02:05:00,334 [pool-9-thread-5] INFO  datastream.DataStreamTestUtils (DataStreamTestUtils.java:writeAndCloseAndAssertReplies(320)) - Stream431: bytesWritten=6809933
2022-07-19 02:05:00,435 [s1-client-thread2] INFO  statemachine.StateMachine (DataStreamTestUtils.java:link(157)) - link SingleDataStream: writeRequest=RaftClientRequest:client-7D97C0B93025->s1@group-33DD9DD108AB, cid=431, seq=0, DataStream, Message:<EMPTY>, logEntry=null
2022-07-19 02:05:00,449 [s0-server-thread1] INFO  statemachine.StateMachine (DataStreamTestUtils.java:link(157)) - link SingleDataStream: writeRequest=RaftClientRequest:client-7D97C0B93025->s1@group-33DD9DD108AB, cid=431, seq=0, DataStream, Message:<EMPTY>, logEntry=null
2022-07-19 02:05:00,451 [pool-9-thread-14] INFO  datastream.DataStreamTestUtils (DataStreamTestUtils.java:writeAndCloseAndAssertReplies(320)) - Stream432: bytesWritten=7991933
2022-07-19 02:05:00,454 [s1-client-thread2] INFO  statemachine.StateMachine (DataStreamTestUtils.java:link(157)) - link SingleDataStream: writeRequest=RaftClientRequest:client-7D97C0B93025->s1@group-33DD9DD108AB, cid=432, seq=0, DataStream, Message:<EMPTY>, logEntry=null
2022-07-19 02:05:00,455 [s0-server-thread1] INFO  statemachine.StateMachine (DataStreamTestUtils.java:link(157)) - link SingleDataStream: writeRequest=RaftClientRequest:client-7D97C0B93025->s1@group-33DD9DD108AB, cid=432, seq=0, DataStream, Message:<EMPTY>, logEntry=null
2022-07-19 02:05:00,468 [s1-client-thread2] INFO  statemachine.StateMachine (DataStreamTestUtils.java:link(157)) - link null
2022-07-19 02:05:00,537 [s2-server-thread1] INFO  statemachine.StateMachine (DataStreamTestUtils.java:link(157)) - link SingleDataStream: writeRequest=RaftClientRequest:client-7D97C0B93025->s1@group-33DD9DD108AB, cid=431, seq=0, DataStream, Message:<EMPTY>, logEntry=null
2022-07-19 02:05:00,539 [s2-server-thread1] INFO  statemachine.StateMachine (DataStreamTestUtils.java:link(157)) - link SingleDataStream: writeRequest=RaftClientRequest:client-7D97C0B93025->s1@group-33DD9DD108AB, cid=432, seq=0, DataStream, Message:<EMPTY>, logEntry=null
2022-07-19 02:05:00,665 [s2-server-thread1] INFO  statemachine.StateMachine (DataStreamTestUtils.java:link(157)) - link null
2022-07-19 02:05:00,669 [pool-9-thread-5] INFO  datastream.DataStreamTestUtils (DataStreamTestUtils.java:writeAndCloseAndAssertReplies(311)) - start Stream433
2022-07-19 02:05:00,673 [pool-9-thread-14] INFO  datastream.DataStreamTestUtils (DataStreamTestUtils.java:writeAndCloseAndAssertReplies(311)) - start Stream434
2022-07-19 02:05:00,701 [s0-server-thread1] INFO  statemachine.StateMachine (DataStreamTestUtils.java:link(157)) - link null
2022-07-19 02:05:00,903 [pool-9-thread-5] INFO  datastream.DataStreamTestUtils (DataStreamTestUtils.java:writeAndCloseAndAssertReplies(320)) - Stream433: bytesWritten=7252227
2022-07-19 02:05:00,907 [s1-client-thread2] INFO  statemachine.StateMachine (DataStreamTestUtils.java:link(157)) - link SingleDataStream: writeRequest=RaftClientRequest:client-7D97C0B93025->s1@group-33DD9DD108AB, cid=433, seq=0, DataStream, Message:<EMPTY>, logEntry=null
2022-07-19 02:05:00,908 [s2-server-thread1] INFO  statemachine.StateMachine (DataStreamTestUtils.java:link(157)) - link SingleDataStream: writeRequest=RaftClientRequest:client-7D97C0B93025->s1@group-33DD9DD108AB, cid=433, seq=0, DataStream, Message:<EMPTY>, logEntry=null
2022-07-19 02:05:00,910 [s0-server-thread1] INFO  statemachine.StateMachine (DataStreamTestUtils.java:link(157)) - link SingleDataStream: writeRequest=RaftClientRequest:client-7D97C0B93025->s1@group-33DD9DD108AB, cid=433, seq=0, DataStream, Message:<EMPTY>, logEntry=null
2022-07-19 02:05:00,962 [pool-9-thread-14] INFO  datastream.DataStreamTestUtils (DataStreamTestUtils.java:writeAndCloseAndAssertReplies(320)) - Stream434: bytesWritten=7269424
2022-07-19 02:05:00,966 [s1-client-thread2] INFO  statemachine.StateMachine (DataStreamTestUtils.java:link(157)) - link SingleDataStream: writeRequest=RaftClientRequest:client-7D97C0B93025->s1@group-33DD9DD108AB, cid=434, seq=0, DataStream, Message:<EMPTY>, logEntry=null
2022-07-19 02:05:00,968 [s0-server-thread1] INFO  statemachine.StateMachine (DataStreamTestUtils.java:link(157)) - link SingleDataStream: writeRequest=RaftClientRequest:client-7D97C0B93025->s1@group-33DD9DD108AB, cid=434, seq=0, DataStream, Message:<EMPTY>, logEntry=null
2022-07-19 02:05:00,968 [s2-server-thread1] INFO  statemachine.StateMachine (DataStreamTestUtils.java:link(157)) - link SingleDataStream: writeRequest=RaftClientRequest:client-7D97C0B93025->s1@group-33DD9DD108AB, cid=434, seq=0, DataStream, Message:<EMPTY>, logEntry=null
2022-07-19 02:05:03,439 [pool-9-thread-10] INFO  datastream.DataStreamTestUtils (DataStreamTestUtils.java:writeAndCloseAndAssertReplies(320)) - Stream403: bytesWritten=3755145
2022-07-19 02:05:03,592 [pool-9-thread-11] INFO  datastream.DataStreamTestUtils (DataStreamTestUtils.java:writeAndCloseAndAssertReplies(320)) - Stream404: bytesWritten=3732599
2022-07-19 02:05:03,594 [s1-client-thread2] INFO  statemachine.StateMachine (DataStreamTestUtils.java:link(157)) - link SingleDataStream: writeRequest=RaftClientRequest:client-3E44C225A350->s0@group-33DD9DD108AB, cid=403, seq=0, DataStream, Message:<EMPTY>, logEntry=null
2022-07-19 02:05:03,595 [s0-server-thread1] INFO  statemachine.StateMachine (DataStreamTestUtils.java:link(157)) - link SingleDataStream: writeRequest=RaftClientRequest:client-3E44C225A350->s0@group-33DD9DD108AB, cid=403, seq=0, DataStream, Message:<EMPTY>, logEntry=null
2022-07-19 02:05:03,597 [s2-server-thread1] INFO  statemachine.StateMachine (DataStreamTestUtils.java:link(157)) - link SingleDataStream: writeRequest=RaftClientRequest:client-3E44C225A350->s0@group-33DD9DD108AB, cid=403, seq=0, DataStream, Message:<EMPTY>, logEntry=null
2022-07-19 02:05:05,622 [pool-9-thread-15] INFO  datastream.DataStreamTestUtils (DataStreamTestUtils.java:writeAndCloseAndAssertReplies(320)) - Stream405: bytesWritten=3746453
2022-07-19 02:05:05,654 [pool-9-thread-16] INFO  datastream.DataStreamTestUtils (DataStreamTestUtils.java:writeAndCloseAndAssertReplies(320)) - Stream406: bytesWritten=3760367
2022-07-19 02:05:06,473 [Timer-2] INFO  impl.MiniRaftCluster (MiniRaftCluster.java:lambda$null$5(315)) - TIMED-PRINT: printing ALL groups
  s0:  RUNNING  FOLLOWER s0@group-33DD9DD108AB:t4, leader=s1, voted=s1, raftlog=Memoized:s0@group-33DD9DD108AB-SegmentedRaftLog:OPENED:c99, conf=92: peers:[s0|rpc:localhost:42967|admin:localhost:35399|client:localhost:33207|dataStream:localhost:43161|priority:0|startupRole:FOLLOWER, s1|rpc:localhost:43989|admin:localhost:33969|client:localhost:39579|dataStream:localhost:40179|priority:0|startupRole:FOLLOWER, s2|rpc:localhost:33439|admin:localhost:44687|client:localhost:36505|dataStream:localhost:46481|priority:0|startupRole:FOLLOWER]|listeners:[], old=null RUNNING
  s1:  RUNNING    LEADER s1@group-33DD9DD108AB:t4, leader=s1, voted=s1, raftlog=Memoized:s1@group-33DD9DD108AB-SegmentedRaftLog:OPENED:c99, conf=92: peers:[s0|rpc:localhost:42967|admin:localhost:35399|client:localhost:33207|dataStream:localhost:43161|priority:0|startupRole:FOLLOWER, s1|rpc:localhost:43989|admin:localhost:33969|client:localhost:39579|dataStream:localhost:40179|priority:0|startupRole:FOLLOWER, s2|rpc:localhost:33439|admin:localhost:44687|client:localhost:36505|dataStream:localhost:46481|priority:0|startupRole:FOLLOWER]|listeners:[], old=null RUNNING
  s2:  RUNNING  FOLLOWER s2@group-33DD9DD108AB:t4, leader=s1, voted=s1, raftlog=Memoized:s2@group-33DD9DD108AB-SegmentedRaftLog:OPENED:c99, conf=92: peers:[s0|rpc:localhost:42967|admin:localhost:35399|client:localhost:33207|dataStream:localhost:43161|priority:0|startupRole:FOLLOWER, s1|rpc:localhost:43989|admin:localhost:33969|client:localhost:39579|dataStream:localhost:40179|priority:0|startupRole:FOLLOWER, s2|rpc:localhost:33439|admin:localhost:44687|client:localhost:36505|dataStream:localhost:46481|priority:0|startupRole:FOLLOWER]|listeners:[], old=null RUNNING
2022-07-19 02:05:06,486 [java.util.concurrent.ThreadPoolExecutor$Worker@7f373433[State = -1, empty queue]] WARN  grpc.GrpcUtil (GrpcUtil.java:shutdownManagedChannel(216)) - Timed out gracefully shutting down connection: ManagedChannelOrphanWrapper{delegate=ManagedChannelImpl{logId=328, target=localhost:39579}}. 
2022-07-19 02:05:06,502 [java.util.concurrent.ThreadPoolExecutor$Worker@7f373433[State = -1, empty queue]] WARN  server.GrpcLogAppender (GrpcLogAppender.java:timeoutAppendRequest(240)) - s1@group-33DD9DD108AB->s2-GrpcLogAppender:  appendEntries Timeout, request=AppendEntriesRequest:cid=41,entriesCount=1,lastEntry=(t:4, i:100)
2022-07-19 02:05:06,502 [java.util.concurrent.ThreadPoolExecutor$Worker@7f373433[State = -1, empty queue]] WARN  server.GrpcLogAppender (GrpcLogAppender.java:timeoutAppendRequest(240)) - s1@group-33DD9DD108AB->s0-GrpcLogAppender:  appendEntries Timeout, request=AppendEntriesRequest:cid=43,entriesCount=1,lastEntry=(t:4, i:100)
2022-07-19 02:05:06,502 [java.util.concurrent.ThreadPoolExecutor$Worker@7f373433[State = -1, empty queue]] WARN  server.GrpcLogAppender (GrpcLogAppender.java:timeoutAppendRequest(240)) - s1@group-33DD9DD108AB->s2-GrpcLogAppender:  appendEntries Timeout, request=AppendEntriesRequest:cid=42,entriesCount=1,lastEntry=(t:4, i:101)
2022-07-19 02:05:06,502 [java.util.concurrent.ThreadPoolExecutor$Worker@7f373433[State = -1, empty queue]] WARN  server.GrpcLogAppender (GrpcLogAppender.java:timeoutAppendRequest(240)) - s1@group-33DD9DD108AB->s0-GrpcLogAppender:  appendEntries Timeout, request=AppendEntriesRequest:cid=44,entriesCount=1,lastEntry=(t:4, i:101)
2022-07-19 02:05:09,506 [java.util.concurrent.ThreadPoolExecutor$Worker@7f373433[State = -1, empty queue]] WARN  grpc.GrpcUtil (GrpcUtil.java:shutdownManagedChannel(216)) - Timed out gracefully shutting down connection: ManagedChannelOrphanWrapper{delegate=ManagedChannelImpl{logId=314, target=localhost:39579}}. 
2022-07-19 02:05:09,515 [java.util.concurrent.ThreadPoolExecutor$Worker@7f373433[State = -1, empty queue]] WARN  server.GrpcLogAppender (GrpcLogAppender.java:timeoutAppendRequest(240)) - s1@group-33DD9DD108AB->s0-GrpcLogAppender:  appendEntries Timeout, request=AppendEntriesRequest:cid=61,entriesCount=1,lastEntry=(t:4, i:102)
2022-07-19 02:05:09,515 [java.util.concurrent.ThreadPoolExecutor$Worker@7f373433[State = -1, empty queue]] WARN  server.GrpcLogAppender (GrpcLogAppender.java:timeoutAppendRequest(240)) - s1@group-33DD9DD108AB->s2-GrpcLogAppender:  appendEntries Timeout, request=AppendEntriesRequest:cid=49,entriesCount=1,lastEntry=(t:4, i:102)
2022-07-19 02:05:09,516 [java.util.concurrent.ThreadPoolExecutor$Worker@7f373433[State = -1, empty queue]] WARN  server.GrpcLogAppender (GrpcLogAppender.java:timeoutAppendRequest(240)) - s1@group-33DD9DD108AB->s0-GrpcLogAppender:  appendEntries Timeout, request=AppendEntriesRequest:cid=62,entriesCount=1,lastEntry=(t:4, i:103)
2022-07-19 02:05:09,516 [java.util.concurrent.ThreadPoolExecutor$Worker@7f373433[State = -1, empty queue]] WARN  server.GrpcLogAppender (GrpcLogAppender.java:timeoutAppendRequest(240)) - s1@group-33DD9DD108AB->s2-GrpcLogAppender:  appendEntries Timeout, request=AppendEntriesRequest:cid=50,entriesCount=1,lastEntry=(t:4, i:103)
2022-07-19 02:05:09,595 [java.util.concurrent.ThreadPoolExecutor$Worker@51c63789[State = -1, empty queue]] WARN  grpc.GrpcUtil (GrpcUtil.java:shutdownManagedChannel(216)) - Timed out gracefully shutting down connection: ManagedChannelOrphanWrapper{delegate=ManagedChannelImpl{logId=342, target=localhost:39579}}. 
2022-07-19 02:05:09,601 [java.util.concurrent.ThreadPoolExecutor$Worker@51c63789[State = -1, empty queue]] WARN  server.GrpcLogAppender (GrpcLogAppender.java:timeoutAppendRequest(240)) - s1@group-33DD9DD108AB->s2-GrpcLogAppender:  appendEntries Timeout, request=AppendEntriesRequest:cid=82,entriesCount=1,lastEntry=(t:4, i:104)
2022-07-19 02:05:09,601 [java.util.concurrent.ThreadPoolExecutor$Worker@51c63789[State = -1, empty queue]] WARN  server.GrpcLogAppender (GrpcLogAppender.java:timeoutAppendRequest(240)) - s1@group-33DD9DD108AB->s0-GrpcLogAppender:  appendEntries Timeout, request=AppendEntriesRequest:cid=94,entriesCount=1,lastEntry=(t:4, i:104)
2022-07-19 02:05:12,622 [java.util.concurrent.ThreadPoolExecutor$Worker@544129d5[State = -1, empty queue]] WARN  grpc.GrpcUtil (GrpcUtil.java:shutdownManagedChannel(216)) - Timed out gracefully shutting down connection: ManagedChannelOrphanWrapper{delegate=ManagedChannelImpl{logId=356, target=localhost:39579}}. 
2022-07-19 02:05:15,651 [java.util.concurrent.ThreadPoolExecutor$Worker@5e78d14f[State = -1, empty queue]] WARN  grpc.GrpcUtil (GrpcUtil.java:shutdownManagedChannel(216)) - Timed out gracefully shutting down connection: ManagedChannelOrphanWrapper{delegate=ManagedChannelImpl{logId=370, target=localhost:39579}}. 
2022-07-19 02:05:15,726 [java.util.concurrent.ThreadPoolExecutor$Worker@646ce133[State = -1, empty queue]] WARN  grpc.GrpcUtil (GrpcUtil.java:shutdownManagedChannel(216)) - Timed out gracefully shutting down connection: ManagedChannelOrphanWrapper{delegate=ManagedChannelImpl{logId=384, target=localhost:39579}}. 
2022-07-19 02:05:16,472 [Timer-2] INFO  impl.MiniRaftCluster (MiniRaftCluster.java:lambda$null$5(315)) - TIMED-PRINT: printing ALL groups
  s0:  RUNNING  FOLLOWER s0@group-33DD9DD108AB:t4, leader=s1, voted=s1, raftlog=Memoized:s0@group-33DD9DD108AB-SegmentedRaftLog:OPENED:c99, conf=92: peers:[s0|rpc:localhost:42967|admin:localhost:35399|client:localhost:33207|dataStream:localhost:43161|priority:0|startupRole:FOLLOWER, s1|rpc:localhost:43989|admin:localhost:33969|client:localhost:39579|dataStream:localhost:40179|priority:0|startupRole:FOLLOWER, s2|rpc:localhost:33439|admin:localhost:44687|client:localhost:36505|dataStream:localhost:46481|priority:0|startupRole:FOLLOWER]|listeners:[], old=null RUNNING
  s1:  RUNNING    LEADER s1@group-33DD9DD108AB:t4, leader=s1, voted=s1, raftlog=Memoized:s1@group-33DD9DD108AB-SegmentedRaftLog:OPENED:c99, conf=92: peers:[s0|rpc:localhost:42967|admin:localhost:35399|client:localhost:33207|dataStream:localhost:43161|priority:0|startupRole:FOLLOWER, s1|rpc:localhost:43989|admin:localhost:33969|client:localhost:39579|dataStream:localhost:40179|priority:0|startupRole:FOLLOWER, s2|rpc:localhost:33439|admin:localhost:44687|client:localhost:36505|dataStream:localhost:46481|priority:0|startupRole:FOLLOWER]|listeners:[], old=null RUNNING
  s2:  RUNNING  FOLLOWER s2@group-33DD9DD108AB:t4, leader=s1, voted=s1, raftlog=Memoized:s2@group-33DD9DD108AB-SegmentedRaftLog:OPENED:c99, conf=92: peers:[s0|rpc:localhost:42967|admin:localhost:35399|client:localhost:33207|dataStream:localhost:43161|priority:0|startupRole:FOLLOWER, s1|rpc:localhost:43989|admin:localhost:33969|client:localhost:39579|dataStream:localhost:40179|priority:0|startupRole:FOLLOWER, s2|rpc:localhost:33439|admin:localhost:44687|client:localhost:36505|dataStream:localhost:46481|priority:0|startupRole:FOLLOWER]|listeners:[], old=null RUNNING
2022-07-19 02:05:18,752 [java.util.concurrent.ThreadPoolExecutor$Worker@45bda49c[State = -1, empty queue]] WARN  grpc.GrpcUtil (GrpcUtil.java:shutdownManagedChannel(216)) - Timed out gracefully shutting down connection: ManagedChannelOrphanWrapper{delegate=ManagedChannelImpl{logId=398, target=localhost:39579}}. 
2022-07-19 02:05:21,789 [java.util.concurrent.ThreadPoolExecutor$Worker@7fbcd9de[State = -1, empty queue]] WARN  grpc.GrpcUtil (GrpcUtil.java:shutdownManagedChannel(216)) - Timed out gracefully shutting down connection: ManagedChannelOrphanWrapper{delegate=ManagedChannelImpl{logId=412, target=localhost:39579}}. 
2022-07-19 02:05:21,855 [java.util.concurrent.ThreadPoolExecutor$Worker@44c76f53[State = -1, empty queue]] WARN  grpc.GrpcUtil (GrpcUtil.java:shutdownManagedChannel(216)) - Timed out gracefully shutting down connection: ManagedChannelOrphanWrapper{delegate=ManagedChannelImpl{logId=426, target=localhost:39579}}. 
2022-07-19 02:05:24,882 [java.util.concurrent.ThreadPoolExecutor$Worker@224aacc9[State = -1, empty queue]] WARN  grpc.GrpcUtil (GrpcUtil.java:shutdownManagedChannel(216)) - Timed out gracefully shutting down connection: ManagedChannelOrphanWrapper{delegate=ManagedChannelImpl{logId=440, target=localhost:39579}}. 
2022-07-19 02:05:26,473 [Timer-2] INFO  impl.MiniRaftCluster (MiniRaftCluster.java:lambda$null$5(315)) - TIMED-PRINT: printing ALL groups
  s0:  RUNNING  FOLLOWER s0@group-33DD9DD108AB:t4, leader=s1, voted=s1, raftlog=Memoized:s0@group-33DD9DD108AB-SegmentedRaftLog:OPENED:c99, conf=92: peers:[s0|rpc:localhost:42967|admin:localhost:35399|client:localhost:33207|dataStream:localhost:43161|priority:0|startupRole:FOLLOWER, s1|rpc:localhost:43989|admin:localhost:33969|client:localhost:39579|dataStream:localhost:40179|priority:0|startupRole:FOLLOWER, s2|rpc:localhost:33439|admin:localhost:44687|client:localhost:36505|dataStream:localhost:46481|priority:0|startupRole:FOLLOWER]|listeners:[], old=null RUNNING
  s1:  RUNNING    LEADER s1@group-33DD9DD108AB:t4, leader=s1, voted=s1, raftlog=Memoized:s1@group-33DD9DD108AB-SegmentedRaftLog:OPENED:c99, conf=92: peers:[s0|rpc:localhost:42967|admin:localhost:35399|client:localhost:33207|dataStream:localhost:43161|priority:0|startupRole:FOLLOWER, s1|rpc:localhost:43989|admin:localhost:33969|client:localhost:39579|dataStream:localhost:40179|priority:0|startupRole:FOLLOWER, s2|rpc:localhost:33439|admin:localhost:44687|client:localhost:36505|dataStream:localhost:46481|priority:0|startupRole:FOLLOWER]|listeners:[], old=null RUNNING
  s2:  RUNNING  FOLLOWER s2@group-33DD9DD108AB:t4, leader=s1, voted=s1, raftlog=Memoized:s2@group-33DD9DD108AB-SegmentedRaftLog:OPENED:c99, conf=92: peers:[s0|rpc:localhost:42967|admin:localhost:35399|client:localhost:33207|dataStream:localhost:43161|priority:0|startupRole:FOLLOWER, s1|rpc:localhost:43989|admin:localhost:33969|client:localhost:39579|dataStream:localhost:40179|priority:0|startupRole:FOLLOWER, s2|rpc:localhost:33439|admin:localhost:44687|client:localhost:36505|dataStream:localhost:46481|priority:0|startupRole:FOLLOWER]|listeners:[], old=null RUNNING
2022-07-19 02:05:27,914 [java.util.concurrent.ThreadPoolExecutor$Worker@4af7d360[State = -1, empty queue]] WARN  grpc.GrpcUtil (GrpcUtil.java:shutdownManagedChannel(216)) - Timed out gracefully shutting down connection: ManagedChannelOrphanWrapper{delegate=ManagedChannelImpl{logId=454, target=localhost:39579}}. 
2022-07-19 02:05:27,975 [java.util.concurrent.ThreadPoolExecutor$Worker@4101c065[State = -1, empty queue]] WARN  grpc.GrpcUtil (GrpcUtil.java:shutdownManagedChannel(216)) - Timed out gracefully shutting down connection: ManagedChannelOrphanWrapper{delegate=ManagedChannelImpl{logId=468, target=localhost:39579}}. 
2022-07-19 02:05:31,006 [java.util.concurrent.ThreadPoolExecutor$Worker@39cf2ec6[State = -1, empty queue]] WARN  grpc.GrpcUtil (GrpcUtil.java:shutdownManagedChannel(216)) - Timed out gracefully shutting down connection: ManagedChannelOrphanWrapper{delegate=ManagedChannelImpl{logId=482, target=localhost:39579}}. 
2022-07-19 02:05:34,034 [java.util.concurrent.ThreadPoolExecutor$Worker@2c0ba11b[State = -1, empty queue]] WARN  grpc.GrpcUtil (GrpcUtil.java:shutdownManagedChannel(216)) - Timed out gracefully shutting down connection: ManagedChannelOrphanWrapper{delegate=ManagedChannelImpl{logId=496, target=localhost:39579}}. 
2022-07-19 02:05:34,097 [java.util.concurrent.ThreadPoolExecutor$Worker@17eb7a10[State = -1, empty queue]] WARN  grpc.GrpcUtil (GrpcUtil.java:shutdownManagedChannel(216)) - Timed out gracefully shutting down connection: ManagedChannelOrphanWrapper{delegate=ManagedChannelImpl{logId=510, target=localhost:39579}}. 
2022-07-19 02:05:36,473 [Timer-2] INFO  impl.MiniRaftCluster (MiniRaftCluster.java:lambda$null$5(315)) - TIMED-PRINT: printing ALL groups
  s0:  RUNNING  FOLLOWER s0@group-33DD9DD108AB:t4, leader=s1, voted=s1, raftlog=Memoized:s0@group-33DD9DD108AB-SegmentedRaftLog:OPENED:c99, conf=92: peers:[s0|rpc:localhost:42967|admin:localhost:35399|client:localhost:33207|dataStream:localhost:43161|priority:0|startupRole:FOLLOWER, s1|rpc:localhost:43989|admin:localhost:33969|client:localhost:39579|dataStream:localhost:40179|priority:0|startupRole:FOLLOWER, s2|rpc:localhost:33439|admin:localhost:44687|client:localhost:36505|dataStream:localhost:46481|priority:0|startupRole:FOLLOWER]|listeners:[], old=null RUNNING
  s1:  RUNNING    LEADER s1@group-33DD9DD108AB:t4, leader=s1, voted=s1, raftlog=Memoized:s1@group-33DD9DD108AB-SegmentedRaftLog:OPENED:c99, conf=92: peers:[s0|rpc:localhost:42967|admin:localhost:35399|client:localhost:33207|dataStream:localhost:43161|priority:0|startupRole:FOLLOWER, s1|rpc:localhost:43989|admin:localhost:33969|client:localhost:39579|dataStream:localhost:40179|priority:0|startupRole:FOLLOWER, s2|rpc:localhost:33439|admin:localhost:44687|client:localhost:36505|dataStream:localhost:46481|priority:0|startupRole:FOLLOWER]|listeners:[], old=null RUNNING
  s2:  RUNNING  FOLLOWER s2@group-33DD9DD108AB:t4, leader=s1, voted=s1, raftlog=Memoized:s2@group-33DD9DD108AB-SegmentedRaftLog:OPENED:c99, conf=92: peers:[s0|rpc:localhost:42967|admin:localhost:35399|client:localhost:33207|dataStream:localhost:43161|priority:0|startupRole:FOLLOWER, s1|rpc:localhost:43989|admin:localhost:33969|client:localhost:39579|dataStream:localhost:40179|priority:0|startupRole:FOLLOWER, s2|rpc:localhost:33439|admin:localhost:44687|client:localhost:36505|dataStream:localhost:46481|priority:0|startupRole:FOLLOWER]|listeners:[], old=null RUNNING
2022-07-19 02:05:37,122 [java.util.concurrent.ThreadPoolExecutor$Worker@3230a3a5[State = -1, empty queue]] WARN  grpc.GrpcUtil (GrpcUtil.java:shutdownManagedChannel(216)) - Timed out gracefully shutting down connection: ManagedChannelOrphanWrapper{delegate=ManagedChannelImpl{logId=524, target=localhost:39579}}. 
2022-07-19 02:05:40,161 [java.util.concurrent.ThreadPoolExecutor$Worker@22831d6b[State = -1, empty queue]] WARN  grpc.GrpcUtil (GrpcUtil.java:shutdownManagedChannel(216)) - Timed out gracefully shutting down connection: ManagedChannelOrphanWrapper{delegate=ManagedChannelImpl{logId=538, target=localhost:39579}}. 
2022-07-19 02:05:40,213 [java.util.concurrent.ThreadPoolExecutor$Worker@42745f5a[State = -1, empty queue]] WARN  grpc.GrpcUtil (GrpcUtil.java:shutdownManagedChannel(216)) - Timed out gracefully shutting down connection: ManagedChannelOrphanWrapper{delegate=ManagedChannelImpl{logId=552, target=localhost:39579}}. 
2022-07-19 02:05:43,240 [java.util.concurrent.ThreadPoolExecutor$Worker@4d00d8cd[State = -1, empty queue]] WARN  grpc.GrpcUtil (GrpcUtil.java:shutdownManagedChannel(216)) - Timed out gracefully shutting down connection: ManagedChannelOrphanWrapper{delegate=ManagedChannelImpl{logId=566, target=localhost:39579}}. 
2022-07-19 02:05:46,280 [java.util.concurrent.ThreadPoolExecutor$Worker@39d8adcc[State = -1, empty queue]] WARN  grpc.GrpcUtil (GrpcUtil.java:shutdownManagedChannel(216)) - Timed out gracefully shutting down connection: ManagedChannelOrphanWrapper{delegate=ManagedChannelImpl{logId=580, target=localhost:39579}}. 
2022-07-19 02:05:46,333 [java.util.concurrent.ThreadPoolExecutor$Worker@1c128885[State = -1, empty queue]] WARN  grpc.GrpcUtil (GrpcUtil.java:shutdownManagedChannel(216)) - Timed out gracefully shutting down connection: ManagedChannelOrphanWrapper{delegate=ManagedChannelImpl{logId=594, target=localhost:39579}}. 
2022-07-19 02:05:46,473 [Timer-2] INFO  impl.MiniRaftCluster (MiniRaftCluster.java:lambda$null$5(315)) - TIMED-PRINT: printing ALL groups
  s0:  RUNNING  FOLLOWER s0@group-33DD9DD108AB:t4, leader=s1, voted=s1, raftlog=Memoized:s0@group-33DD9DD108AB-SegmentedRaftLog:OPENED:c99, conf=92: peers:[s0|rpc:localhost:42967|admin:localhost:35399|client:localhost:33207|dataStream:localhost:43161|priority:0|startupRole:FOLLOWER, s1|rpc:localhost:43989|admin:localhost:33969|client:localhost:39579|dataStream:localhost:40179|priority:0|startupRole:FOLLOWER, s2|rpc:localhost:33439|admin:localhost:44687|client:localhost:36505|dataStream:localhost:46481|priority:0|startupRole:FOLLOWER]|listeners:[], old=null RUNNING
  s1:  RUNNING    LEADER s1@group-33DD9DD108AB:t4, leader=s1, voted=s1, raftlog=Memoized:s1@group-33DD9DD108AB-SegmentedRaftLog:OPENED:c99, conf=92: peers:[s0|rpc:localhost:42967|admin:localhost:35399|client:localhost:33207|dataStream:localhost:43161|priority:0|startupRole:FOLLOWER, s1|rpc:localhost:43989|admin:localhost:33969|client:localhost:39579|dataStream:localhost:40179|priority:0|startupRole:FOLLOWER, s2|rpc:localhost:33439|admin:localhost:44687|client:localhost:36505|dataStream:localhost:46481|priority:0|startupRole:FOLLOWER]|listeners:[], old=null RUNNING
  s2:  RUNNING  FOLLOWER s2@group-33DD9DD108AB:t4, leader=s1, voted=s1, raftlog=Memoized:s2@group-33DD9DD108AB-SegmentedRaftLog:OPENED:c99, conf=92: peers:[s0|rpc:localhost:42967|admin:localhost:35399|client:localhost:33207|dataStream:localhost:43161|priority:0|startupRole:FOLLOWER, s1|rpc:localhost:43989|admin:localhost:33969|client:localhost:39579|dataStream:localhost:40179|priority:0|startupRole:FOLLOWER, s2|rpc:localhost:33439|admin:localhost:44687|client:localhost:36505|dataStream:localhost:46481|priority:0|startupRole:FOLLOWER]|listeners:[], old=null RUNNING
2022-07-19 02:05:49,364 [java.util.concurrent.ThreadPoolExecutor$Worker@3597fce5[State = -1, empty queue]] WARN  grpc.GrpcUtil (GrpcUtil.java:shutdownManagedChannel(216)) - Timed out gracefully shutting down connection: ManagedChannelOrphanWrapper{delegate=ManagedChannelImpl{logId=608, target=localhost:39579}}. 
2022-07-19 02:05:52,397 [java.util.concurrent.ThreadPoolExecutor$Worker@15cd993a[State = -1, empty queue]] WARN  grpc.GrpcUtil (GrpcUtil.java:shutdownManagedChannel(216)) - Timed out gracefully shutting down connection: ManagedChannelOrphanWrapper{delegate=ManagedChannelImpl{logId=622, target=localhost:39579}}. 
2022-07-19 02:05:52,454 [java.util.concurrent.ThreadPoolExecutor$Worker@162eeeae[State = -1, empty queue]] WARN  grpc.GrpcUtil (GrpcUtil.java:shutdownManagedChannel(216)) - Timed out gracefully shutting down connection: ManagedChannelOrphanWrapper{delegate=ManagedChannelImpl{logId=636, target=localhost:39579}}. 
2022-07-19 02:05:55,483 [java.util.concurrent.ThreadPoolExecutor$Worker@79d7a65d[State = -1, empty queue]] WARN  grpc.GrpcUtil (GrpcUtil.java:shutdownManagedChannel(216)) - Timed out gracefully shutting down connection: ManagedChannelOrphanWrapper{delegate=ManagedChannelImpl{logId=650, target=localhost:39579}}. 
2022-07-19 02:05:56,473 [Timer-2] INFO  impl.MiniRaftCluster (MiniRaftCluster.java:lambda$null$5(315)) - TIMED-PRINT: printing ALL groups
  s0:  RUNNING  FOLLOWER s0@group-33DD9DD108AB:t4, leader=s1, voted=s1, raftlog=Memoized:s0@group-33DD9DD108AB-SegmentedRaftLog:OPENED:c99, conf=92: peers:[s0|rpc:localhost:42967|admin:localhost:35399|client:localhost:33207|dataStream:localhost:43161|priority:0|startupRole:FOLLOWER, s1|rpc:localhost:43989|admin:localhost:33969|client:localhost:39579|dataStream:localhost:40179|priority:0|startupRole:FOLLOWER, s2|rpc:localhost:33439|admin:localhost:44687|client:localhost:36505|dataStream:localhost:46481|priority:0|startupRole:FOLLOWER]|listeners:[], old=null RUNNING
  s1:  RUNNING    LEADER s1@group-33DD9DD108AB:t4, leader=s1, voted=s1, raftlog=Memoized:s1@group-33DD9DD108AB-SegmentedRaftLog:OPENED:c99, conf=92: peers:[s0|rpc:localhost:42967|admin:localhost:35399|client:localhost:33207|dataStream:localhost:43161|priority:0|startupRole:FOLLOWER, s1|rpc:localhost:43989|admin:localhost:33969|client:localhost:39579|dataStream:localhost:40179|priority:0|startupRole:FOLLOWER, s2|rpc:localhost:33439|admin:localhost:44687|client:localhost:36505|dataStream:localhost:46481|priority:0|startupRole:FOLLOWER]|listeners:[], old=null RUNNING
  s2:  RUNNING  FOLLOWER s2@group-33DD9DD108AB:t4, leader=s1, voted=s1, raftlog=Memoized:s2@group-33DD9DD108AB-SegmentedRaftLog:OPENED:c99, conf=92: peers:[s0|rpc:localhost:42967|admin:localhost:35399|client:localhost:33207|dataStream:localhost:43161|priority:0|startupRole:FOLLOWER, s1|rpc:localhost:43989|admin:localhost:33969|client:localhost:39579|dataStream:localhost:40179|priority:0|startupRole:FOLLOWER, s2|rpc:localhost:33439|admin:localhost:44687|client:localhost:36505|dataStream:localhost:46481|priority:0|startupRole:FOLLOWER]|listeners:[], old=null RUNNING
2022-07-19 02:05:58,517 [java.util.concurrent.ThreadPoolExecutor$Worker@548b7896[State = -1, empty queue]] WARN  grpc.GrpcUtil (GrpcUtil.java:shutdownManagedChannel(216)) - Timed out gracefully shutting down connection: ManagedChannelOrphanWrapper{delegate=ManagedChannelImpl{logId=664, target=localhost:39579}}. 
2022-07-19 02:05:58,572 [java.util.concurrent.ThreadPoolExecutor$Worker@7e38af59[State = -1, empty queue]] WARN  grpc.GrpcUtil (GrpcUtil.java:shutdownManagedChannel(216)) - Timed out gracefully shutting down connection: ManagedChannelOrphanWrapper{delegate=ManagedChannelImpl{logId=678, target=localhost:39579}}. 
2022-07-19 02:06:01,600 [java.util.concurrent.ThreadPoolExecutor$Worker@42b86cf6[State = -1, empty queue]] WARN  grpc.GrpcUtil (GrpcUtil.java:shutdownManagedChannel(216)) - Timed out gracefully shutting down connection: ManagedChannelOrphanWrapper{delegate=ManagedChannelImpl{logId=692, target=localhost:39579}}. 
2022-07-19 02:06:01,718 [s1-client-thread2] INFO  statemachine.StateMachine (DataStreamTestUtils.java:link(157)) - link null
2022-07-19 02:06:01,719 [s0-server-thread1] INFO  statemachine.StateMachine (DataStreamTestUtils.java:link(157)) - link null
2022-07-19 02:06:01,720 [s2-server-thread1] INFO  statemachine.StateMachine (DataStreamTestUtils.java:link(157)) - link null
2022-07-19 02:06:04,636 [java.util.concurrent.ThreadPoolExecutor$Worker@4a7e77f3[State = -1, empty queue]] WARN  grpc.GrpcUtil (GrpcUtil.java:shutdownManagedChannel(216)) - Timed out gracefully shutting down connection: ManagedChannelOrphanWrapper{delegate=ManagedChannelImpl{logId=706, target=localhost:39579}}. 
2022-07-19 02:06:04,695 [java.util.concurrent.ThreadPoolExecutor$Worker@4c650dd2[State = -1, empty queue]] WARN  grpc.GrpcUtil (GrpcUtil.java:shutdownManagedChannel(216)) - Timed out gracefully shutting down connection: ManagedChannelOrphanWrapper{delegate=ManagedChannelImpl{logId=720, target=localhost:39579}}. 
2022-07-19 02:06:04,759 [s1-client-thread2] INFO  statemachine.StateMachine (DataStreamTestUtils.java:link(157)) - link null
2022-07-19 02:06:04,760 [s2-server-thread1] INFO  statemachine.StateMachine (DataStreamTestUtils.java:link(157)) - link null
2022-07-19 02:06:04,760 [s0-server-thread1] INFO  statemachine.StateMachine (DataStreamTestUtils.java:link(157)) - link null
2022-07-19 02:06:04,811 [s1-client-thread2] INFO  statemachine.StateMachine (DataStreamTestUtils.java:link(157)) - link null
2022-07-19 02:06:04,812 [s2-server-thread1] INFO  statemachine.StateMachine (DataStreamTestUtils.java:link(157)) - link null
2022-07-19 02:06:04,812 [s0-server-thread1] INFO  statemachine.StateMachine (DataStreamTestUtils.java:link(157)) - link null
2022-07-19 02:06:06,473 [Timer-2] INFO  impl.MiniRaftCluster (MiniRaftCluster.java:lambda$null$5(315)) - TIMED-PRINT: printing ALL groups
  s0:  RUNNING  FOLLOWER s0@group-33DD9DD108AB:t4, leader=s1, voted=s1, raftlog=Memoized:s0@group-33DD9DD108AB-SegmentedRaftLog:OPENED:c99, conf=92: peers:[s0|rpc:localhost:42967|admin:localhost:35399|client:localhost:33207|dataStream:localhost:43161|priority:0|startupRole:FOLLOWER, s1|rpc:localhost:43989|admin:localhost:33969|client:localhost:39579|dataStream:localhost:40179|priority:0|startupRole:FOLLOWER, s2|rpc:localhost:33439|admin:localhost:44687|client:localhost:36505|dataStream:localhost:46481|priority:0|startupRole:FOLLOWER]|listeners:[], old=null RUNNING
  s1:  RUNNING    LEADER s1@group-33DD9DD108AB:t4, leader=s1, voted=s1, raftlog=Memoized:s1@group-33DD9DD108AB-SegmentedRaftLog:OPENED:c99, conf=92: peers:[s0|rpc:localhost:42967|admin:localhost:35399|client:localhost:33207|dataStream:localhost:43161|priority:0|startupRole:FOLLOWER, s1|rpc:localhost:43989|admin:localhost:33969|client:localhost:39579|dataStream:localhost:40179|priority:0|startupRole:FOLLOWER, s2|rpc:localhost:33439|admin:localhost:44687|client:localhost:36505|dataStream:localhost:46481|priority:0|startupRole:FOLLOWER]|listeners:[], old=null RUNNING
  s2:  RUNNING  FOLLOWER s2@group-33DD9DD108AB:t4, leader=s1, voted=s1, raftlog=Memoized:s2@group-33DD9DD108AB-SegmentedRaftLog:OPENED:c99, conf=92: peers:[s0|rpc:localhost:42967|admin:localhost:35399|client:localhost:33207|dataStream:localhost:43161|priority:0|startupRole:FOLLOWER, s1|rpc:localhost:43989|admin:localhost:33969|client:localhost:39579|dataStream:localhost:40179|priority:0|startupRole:FOLLOWER, s2|rpc:localhost:33439|admin:localhost:44687|client:localhost:36505|dataStream:localhost:46481|priority:0|startupRole:FOLLOWER]|listeners:[], old=null RUNNING
2022-07-19 02:06:07,717 [java.util.concurrent.ThreadPoolExecutor$Worker@686b3357[State = -1, empty queue]] WARN  grpc.GrpcUtil (GrpcUtil.java:shutdownManagedChannel(216)) - Timed out gracefully shutting down connection: ManagedChannelOrphanWrapper{delegate=ManagedChannelImpl{logId=734, target=localhost:39579}}. 
2022-07-19 02:06:07,719 [java.util.concurrent.ThreadPoolExecutor$Worker@686b3357[State = -1, empty queue]] WARN  server.GrpcLogAppender (GrpcLogAppender.java:timeoutAppendRequest(240)) - s1@group-33DD9DD108AB->s0-GrpcLogAppender:  appendEntries Timeout, request=AppendEntriesRequest:cid=847,entriesCount=1,lastEntry=(t:4, i:105)
2022-07-19 02:06:07,719 [java.util.concurrent.ThreadPoolExecutor$Worker@686b3357[State = -1, empty queue]] WARN  server.GrpcLogAppender (GrpcLogAppender.java:timeoutAppendRequest(240)) - s1@group-33DD9DD108AB->s2-GrpcLogAppender:  appendEntries Timeout, request=AppendEntriesRequest:cid=833,entriesCount=1,lastEntry=(t:4, i:105)
2022-07-19 02:06:10,757 [java.util.concurrent.ThreadPoolExecutor$Worker@37a3b353[State = -1, empty queue]] WARN  grpc.GrpcUtil (GrpcUtil.java:shutdownManagedChannel(216)) - Timed out gracefully shutting down connection: ManagedChannelOrphanWrapper{delegate=ManagedChannelImpl{logId=748, target=localhost:39579}}. 
2022-07-19 02:06:10,763 [java.util.concurrent.ThreadPoolExecutor$Worker@37a3b353[State = -1, empty queue]] WARN  server.GrpcLogAppender (GrpcLogAppender.java:timeoutAppendRequest(240)) - s1@group-33DD9DD108AB->s2-GrpcLogAppender:  appendEntries Timeout, request=AppendEntriesRequest:cid=873,entriesCount=1,lastEntry=(t:4, i:106)
2022-07-19 02:06:10,763 [java.util.concurrent.ThreadPoolExecutor$Worker@37a3b353[State = -1, empty queue]] WARN  server.GrpcLogAppender (GrpcLogAppender.java:timeoutAppendRequest(240)) - s1@group-33DD9DD108AB->s0-GrpcLogAppender:  appendEntries Timeout, request=AppendEntriesRequest:cid=887,entriesCount=1,lastEntry=(t:4, i:106)
2022-07-19 02:06:10,808 [java.util.concurrent.ThreadPoolExecutor$Worker@17853ca3[State = -1, empty queue]] WARN  grpc.GrpcUtil (GrpcUtil.java:shutdownManagedChannel(216)) - Timed out gracefully shutting down connection: ManagedChannelOrphanWrapper{delegate=ManagedChannelImpl{logId=762, target=localhost:39579}}. 
2022-07-19 02:06:10,812 [java.util.concurrent.ThreadPoolExecutor$Worker@17853ca3[State = -1, empty queue]] WARN  server.GrpcLogAppender (GrpcLogAppender.java:timeoutAppendRequest(240)) - s1@group-33DD9DD108AB->s0-GrpcLogAppender:  appendEntries Timeout, request=AppendEntriesRequest:cid=889,entriesCount=1,lastEntry=(t:4, i:107)
2022-07-19 02:06:10,812 [java.util.concurrent.ThreadPoolExecutor$Worker@17853ca3[State = -1, empty queue]] WARN  server.GrpcLogAppender (GrpcLogAppender.java:timeoutAppendRequest(240)) - s1@group-33DD9DD108AB->s2-GrpcLogAppender:  appendEntries Timeout, request=AppendEntriesRequest:cid=875,entriesCount=1,lastEntry=(t:4, i:107)
2022-07-19 02:06:13,832 [java.util.concurrent.ThreadPoolExecutor$Worker@7e27585a[State = -1, empty queue]] WARN  grpc.GrpcUtil (GrpcUtil.java:shutdownManagedChannel(216)) - Timed out gracefully shutting down connection: ManagedChannelOrphanWrapper{delegate=ManagedChannelImpl{logId=776, target=localhost:39579}}. 
2022-07-19 02:06:16,474 [Timer-2] INFO  impl.MiniRaftCluster (MiniRaftCluster.java:lambda$null$5(315)) - TIMED-PRINT: printing ALL groups
  s0:  RUNNING  FOLLOWER s0@group-33DD9DD108AB:t4, leader=s1, voted=s1, raftlog=Memoized:s0@group-33DD9DD108AB-SegmentedRaftLog:OPENED:c99, conf=92: peers:[s0|rpc:localhost:42967|admin:localhost:35399|client:localhost:33207|dataStream:localhost:43161|priority:0|startupRole:FOLLOWER, s1|rpc:localhost:43989|admin:localhost:33969|client:localhost:39579|dataStream:localhost:40179|priority:0|startupRole:FOLLOWER, s2|rpc:localhost:33439|admin:localhost:44687|client:localhost:36505|dataStream:localhost:46481|priority:0|startupRole:FOLLOWER]|listeners:[], old=null RUNNING
  s1:  RUNNING    LEADER s1@group-33DD9DD108AB:t4, leader=s1, voted=s1, raftlog=Memoized:s1@group-33DD9DD108AB-SegmentedRaftLog:OPENED:c99, conf=92: peers:[s0|rpc:localhost:42967|admin:localhost:35399|client:localhost:33207|dataStream:localhost:43161|priority:0|startupRole:FOLLOWER, s1|rpc:localhost:43989|admin:localhost:33969|client:localhost:39579|dataStream:localhost:40179|priority:0|startupRole:FOLLOWER, s2|rpc:localhost:33439|admin:localhost:44687|client:localhost:36505|dataStream:localhost:46481|priority:0|startupRole:FOLLOWER]|listeners:[], old=null RUNNING
  s2:  RUNNING  FOLLOWER s2@group-33DD9DD108AB:t4, leader=s1, voted=s1, raftlog=Memoized:s2@group-33DD9DD108AB-SegmentedRaftLog:OPENED:c99, conf=92: peers:[s0|rpc:localhost:42967|admin:localhost:35399|client:localhost:33207|dataStream:localhost:43161|priority:0|startupRole:FOLLOWER, s1|rpc:localhost:43989|admin:localhost:33969|client:localhost:39579|dataStream:localhost:40179|priority:0|startupRole:FOLLOWER, s2|rpc:localhost:33439|admin:localhost:44687|client:localhost:36505|dataStream:localhost:46481|priority:0|startupRole:FOLLOWER]|listeners:[], old=null RUNNING
2022-07-19 02:06:16,882 [java.util.concurrent.ThreadPoolExecutor$Worker@34ebec5e[State = -1, empty queue]] WARN  grpc.GrpcUtil (GrpcUtil.java:shutdownManagedChannel(216)) - Timed out gracefully shutting down connection: ManagedChannelOrphanWrapper{delegate=ManagedChannelImpl{logId=790, target=localhost:39579}}. 
2022-07-19 02:06:16,928 [java.util.concurrent.ThreadPoolExecutor$Worker@7f912250[State = -1, empty queue]] WARN  grpc.GrpcUtil (GrpcUtil.java:shutdownManagedChannel(216)) - Timed out gracefully shutting down connection: ManagedChannelOrphanWrapper{delegate=ManagedChannelImpl{logId=804, target=localhost:39579}}. 
2022-07-19 02:06:19,953 [java.util.concurrent.ThreadPoolExecutor$Worker@d9df38a[State = -1, empty queue]] WARN  grpc.GrpcUtil (GrpcUtil.java:shutdownManagedChannel(216)) - Timed out gracefully shutting down connection: ManagedChannelOrphanWrapper{delegate=ManagedChannelImpl{logId=818, target=localhost:39579}}. 
2022-07-19 02:06:22,999 [java.util.concurrent.ThreadPoolExecutor$Worker@1d8c4e3c[State = -1, empty queue]] WARN  grpc.GrpcUtil (GrpcUtil.java:shutdownManagedChannel(216)) - Timed out gracefully shutting down connection: ManagedChannelOrphanWrapper{delegate=ManagedChannelImpl{logId=832, target=localhost:39579}}. 
2022-07-19 02:06:23,055 [java.util.concurrent.ThreadPoolExecutor$Worker@26cf761f[State = -1, empty queue]] WARN  grpc.GrpcUtil (GrpcUtil.java:shutdownManagedChannel(216)) - Timed out gracefully shutting down connection: ManagedChannelOrphanWrapper{delegate=ManagedChannelImpl{logId=846, target=localhost:39579}}. 
2022-07-19 02:06:26,075 [java.util.concurrent.ThreadPoolExecutor$Worker@f67332e[State = -1, empty queue]] WARN  grpc.GrpcUtil (GrpcUtil.java:shutdownManagedChannel(216)) - Timed out gracefully shutting down connection: ManagedChannelOrphanWrapper{delegate=ManagedChannelImpl{logId=860, target=localhost:39579}}. 
2022-07-19 02:06:26,473 [Timer-2] INFO  impl.MiniRaftCluster (MiniRaftCluster.java:lambda$null$5(315)) - TIMED-PRINT: printing ALL groups
  s0:  RUNNING  FOLLOWER s0@group-33DD9DD108AB:t4, leader=s1, voted=s1, raftlog=Memoized:s0@group-33DD9DD108AB-SegmentedRaftLog:OPENED:c99, conf=92: peers:[s0|rpc:localhost:42967|admin:localhost:35399|client:localhost:33207|dataStream:localhost:43161|priority:0|startupRole:FOLLOWER, s1|rpc:localhost:43989|admin:localhost:33969|client:localhost:39579|dataStream:localhost:40179|priority:0|startupRole:FOLLOWER, s2|rpc:localhost:33439|admin:localhost:44687|client:localhost:36505|dataStream:localhost:46481|priority:0|startupRole:FOLLOWER]|listeners:[], old=null RUNNING
  s1:  RUNNING    LEADER s1@group-33DD9DD108AB:t4, leader=s1, voted=s1, raftlog=Memoized:s1@group-33DD9DD108AB-SegmentedRaftLog:OPENED:c99, conf=92: peers:[s0|rpc:localhost:42967|admin:localhost:35399|client:localhost:33207|dataStream:localhost:43161|priority:0|startupRole:FOLLOWER, s1|rpc:localhost:43989|admin:localhost:33969|client:localhost:39579|dataStream:localhost:40179|priority:0|startupRole:FOLLOWER, s2|rpc:localhost:33439|admin:localhost:44687|client:localhost:36505|dataStream:localhost:46481|priority:0|startupRole:FOLLOWER]|listeners:[], old=null RUNNING
  s2:  RUNNING  FOLLOWER s2@group-33DD9DD108AB:t4, leader=s1, voted=s1, raftlog=Memoized:s2@group-33DD9DD108AB-SegmentedRaftLog:OPENED:c99, conf=92: peers:[s0|rpc:localhost:42967|admin:localhost:35399|client:localhost:33207|dataStream:localhost:43161|priority:0|startupRole:FOLLOWER, s1|rpc:localhost:43989|admin:localhost:33969|client:localhost:39579|dataStream:localhost:40179|priority:0|startupRole:FOLLOWER, s2|rpc:localhost:33439|admin:localhost:44687|client:localhost:36505|dataStream:localhost:46481|priority:0|startupRole:FOLLOWER]|listeners:[], old=null RUNNING
2022-07-19 02:06:29,114 [java.util.concurrent.ThreadPoolExecutor$Worker@56e31837[State = -1, empty queue]] WARN  grpc.GrpcUtil (GrpcUtil.java:shutdownManagedChannel(216)) - Timed out gracefully shutting down connection: ManagedChannelOrphanWrapper{delegate=ManagedChannelImpl{logId=874, target=localhost:39579}}. 
2022-07-19 02:06:29,182 [java.util.concurrent.ThreadPoolExecutor$Worker@6139a274[State = -1, empty queue]] WARN  grpc.GrpcUtil (GrpcUtil.java:shutdownManagedChannel(216)) - Timed out gracefully shutting down connection: ManagedChannelOrphanWrapper{delegate=ManagedChannelImpl{logId=888, target=localhost:39579}}. 
2022-07-19 02:06:32,195 [java.util.concurrent.ThreadPoolExecutor$Worker@6ead96c7[State = -1, empty queue]] WARN  grpc.GrpcUtil (GrpcUtil.java:shutdownManagedChannel(216)) - Timed out gracefully shutting down connection: ManagedChannelOrphanWrapper{delegate=ManagedChannelImpl{logId=902, target=localhost:39579}}. 
2022-07-19 02:06:35,231 [java.util.concurrent.ThreadPoolExecutor$Worker@767338c6[State = -1, empty queue]] WARN  grpc.GrpcUtil (GrpcUtil.java:shutdownManagedChannel(216)) - Timed out gracefully shutting down connection: ManagedChannelOrphanWrapper{delegate=ManagedChannelImpl{logId=916, target=localhost:39579}}. 
2022-07-19 02:06:35,297 [java.util.concurrent.ThreadPoolExecutor$Worker@4aadad6e[State = -1, empty queue]] WARN  grpc.GrpcUtil (GrpcUtil.java:shutdownManagedChannel(216)) - Timed out gracefully shutting down connection: ManagedChannelOrphanWrapper{delegate=ManagedChannelImpl{logId=930, target=localhost:39579}}. 
2022-07-19 02:06:36,473 [Timer-2] INFO  impl.MiniRaftCluster (MiniRaftCluster.java:lambda$null$5(315)) - TIMED-PRINT: printing ALL groups
  s0:  RUNNING  FOLLOWER s0@group-33DD9DD108AB:t4, leader=s1, voted=s1, raftlog=Memoized:s0@group-33DD9DD108AB-SegmentedRaftLog:OPENED:c99, conf=92: peers:[s0|rpc:localhost:42967|admin:localhost:35399|client:localhost:33207|dataStream:localhost:43161|priority:0|startupRole:FOLLOWER, s1|rpc:localhost:43989|admin:localhost:33969|client:localhost:39579|dataStream:localhost:40179|priority:0|startupRole:FOLLOWER, s2|rpc:localhost:33439|admin:localhost:44687|client:localhost:36505|dataStream:localhost:46481|priority:0|startupRole:FOLLOWER]|listeners:[], old=null RUNNING
  s1:  RUNNING    LEADER s1@group-33DD9DD108AB:t4, leader=s1, voted=s1, raftlog=Memoized:s1@group-33DD9DD108AB-SegmentedRaftLog:OPENED:c99, conf=92: peers:[s0|rpc:localhost:42967|admin:localhost:35399|client:localhost:33207|dataStream:localhost:43161|priority:0|startupRole:FOLLOWER, s1|rpc:localhost:43989|admin:localhost:33969|client:localhost:39579|dataStream:localhost:40179|priority:0|startupRole:FOLLOWER, s2|rpc:localhost:33439|admin:localhost:44687|client:localhost:36505|dataStream:localhost:46481|priority:0|startupRole:FOLLOWER]|listeners:[], old=null RUNNING
  s2:  RUNNING  FOLLOWER s2@group-33DD9DD108AB:t4, leader=s1, voted=s1, raftlog=Memoized:s2@group-33DD9DD108AB-SegmentedRaftLog:OPENED:c99, conf=92: peers:[s0|rpc:localhost:42967|admin:localhost:35399|client:localhost:33207|dataStream:localhost:43161|priority:0|startupRole:FOLLOWER, s1|rpc:localhost:43989|admin:localhost:33969|client:localhost:39579|dataStream:localhost:40179|priority:0|startupRole:FOLLOWER, s2|rpc:localhost:33439|admin:localhost:44687|client:localhost:36505|dataStream:localhost:46481|priority:0|startupRole:FOLLOWER]|listeners:[], old=null RUNNING
2022-07-19 02:06:38,317 [java.util.concurrent.ThreadPoolExecutor$Worker@75c67644[State = -1, empty queue]] WARN  grpc.GrpcUtil (GrpcUtil.java:shutdownManagedChannel(216)) - Timed out gracefully shutting down connection: ManagedChannelOrphanWrapper{delegate=ManagedChannelImpl{logId=944, target=localhost:39579}}. 
2022-07-19 02:06:41,354 [java.util.concurrent.ThreadPoolExecutor$Worker@2a4d8b07[State = -1, empty queue]] WARN  grpc.GrpcUtil (GrpcUtil.java:shutdownManagedChannel(216)) - Timed out gracefully shutting down connection: ManagedChannelOrphanWrapper{delegate=ManagedChannelImpl{logId=958, target=localhost:39579}}. 
2022-07-19 02:06:41,417 [java.util.concurrent.ThreadPoolExecutor$Worker@6df2ffd6[State = -1, empty queue]] WARN  grpc.GrpcUtil (GrpcUtil.java:shutdownManagedChannel(216)) - Timed out gracefully shutting down connection: ManagedChannelOrphanWrapper{delegate=ManagedChannelImpl{logId=972, target=localhost:39579}}. 
2022-07-19 02:06:44,434 [java.util.concurrent.ThreadPoolExecutor$Worker@52a9b662[State = -1, empty queue]] WARN  grpc.GrpcUtil (GrpcUtil.java:shutdownManagedChannel(216)) - Timed out gracefully shutting down connection: ManagedChannelOrphanWrapper{delegate=ManagedChannelImpl{logId=986, target=localhost:39579}}. 
2022-07-19 02:06:46,474 [Timer-2] INFO  impl.MiniRaftCluster (MiniRaftCluster.java:lambda$null$5(315)) - TIMED-PRINT: printing ALL groups
  s0:  RUNNING  FOLLOWER s0@group-33DD9DD108AB:t4, leader=s1, voted=s1, raftlog=Memoized:s0@group-33DD9DD108AB-SegmentedRaftLog:OPENED:c99, conf=92: peers:[s0|rpc:localhost:42967|admin:localhost:35399|client:localhost:33207|dataStream:localhost:43161|priority:0|startupRole:FOLLOWER, s1|rpc:localhost:43989|admin:localhost:33969|client:localhost:39579|dataStream:localhost:40179|priority:0|startupRole:FOLLOWER, s2|rpc:localhost:33439|admin:localhost:44687|client:localhost:36505|dataStream:localhost:46481|priority:0|startupRole:FOLLOWER]|listeners:[], old=null RUNNING
  s1:  RUNNING    LEADER s1@group-33DD9DD108AB:t4, leader=s1, voted=s1, raftlog=Memoized:s1@group-33DD9DD108AB-SegmentedRaftLog:OPENED:c99, conf=92: peers:[s0|rpc:localhost:42967|admin:localhost:35399|client:localhost:33207|dataStream:localhost:43161|priority:0|startupRole:FOLLOWER, s1|rpc:localhost:43989|admin:localhost:33969|client:localhost:39579|dataStream:localhost:40179|priority:0|startupRole:FOLLOWER, s2|rpc:localhost:33439|admin:localhost:44687|client:localhost:36505|dataStream:localhost:46481|priority:0|startupRole:FOLLOWER]|listeners:[], old=null RUNNING
  s2:  RUNNING  FOLLOWER s2@group-33DD9DD108AB:t4, leader=s1, voted=s1, raftlog=Memoized:s2@group-33DD9DD108AB-SegmentedRaftLog:OPENED:c99, conf=92: peers:[s0|rpc:localhost:42967|admin:localhost:35399|client:localhost:33207|dataStream:localhost:43161|priority:0|startupRole:FOLLOWER, s1|rpc:localhost:43989|admin:localhost:33969|client:localhost:39579|dataStream:localhost:40179|priority:0|startupRole:FOLLOWER, s2|rpc:localhost:33439|admin:localhost:44687|client:localhost:36505|dataStream:localhost:46481|priority:0|startupRole:FOLLOWER]|listeners:[], old=null RUNNING
2022-07-19 02:06:47,473 [java.util.concurrent.ThreadPoolExecutor$Worker@64a138eb[State = -1, empty queue]] WARN  grpc.GrpcUtil (GrpcUtil.java:shutdownManagedChannel(216)) - Timed out gracefully shutting down connection: ManagedChannelOrphanWrapper{delegate=ManagedChannelImpl{logId=1000, target=localhost:39579}}. 
2022-07-19 02:06:47,539 [java.util.concurrent.ThreadPoolExecutor$Worker@1624898[State = -1, empty queue]] WARN  grpc.GrpcUtil (GrpcUtil.java:shutdownManagedChannel(216)) - Timed out gracefully shutting down connection: ManagedChannelOrphanWrapper{delegate=ManagedChannelImpl{logId=1014, target=localhost:39579}}. 
2022-07-19 02:06:50,553 [java.util.concurrent.ThreadPoolExecutor$Worker@6d2e906d[State = -1, empty queue]] WARN  grpc.GrpcUtil (GrpcUtil.java:shutdownManagedChannel(216)) - Timed out gracefully shutting down connection: ManagedChannelOrphanWrapper{delegate=ManagedChannelImpl{logId=1028, target=localhost:39579}}. 
2022-07-19 02:06:53,591 [java.util.concurrent.ThreadPoolExecutor$Worker@3e2aea18[State = -1, empty queue]] WARN  grpc.GrpcUtil (GrpcUtil.java:shutdownManagedChannel(216)) - Timed out gracefully shutting down connection: ManagedChannelOrphanWrapper{delegate=ManagedChannelImpl{logId=1042, target=localhost:39579}}. 
2022-07-19 02:06:53,654 [java.util.concurrent.ThreadPoolExecutor$Worker@7a56cc7f[State = -1, empty queue]] WARN  grpc.GrpcUtil (GrpcUtil.java:shutdownManagedChannel(216)) - Timed out gracefully shutting down connection: ManagedChannelOrphanWrapper{delegate=ManagedChannelImpl{logId=1056, target=localhost:39579}}. 
2022-07-19 02:06:56,473 [Timer-2] INFO  impl.MiniRaftCluster (MiniRaftCluster.java:lambda$null$5(315)) - TIMED-PRINT: printing ALL groups
  s0:  RUNNING  FOLLOWER s0@group-33DD9DD108AB:t4, leader=s1, voted=s1, raftlog=Memoized:s0@group-33DD9DD108AB-SegmentedRaftLog:OPENED:c99, conf=92: peers:[s0|rpc:localhost:42967|admin:localhost:35399|client:localhost:33207|dataStream:localhost:43161|priority:0|startupRole:FOLLOWER, s1|rpc:localhost:43989|admin:localhost:33969|client:localhost:39579|dataStream:localhost:40179|priority:0|startupRole:FOLLOWER, s2|rpc:localhost:33439|admin:localhost:44687|client:localhost:36505|dataStream:localhost:46481|priority:0|startupRole:FOLLOWER]|listeners:[], old=null RUNNING
  s1:  RUNNING    LEADER s1@group-33DD9DD108AB:t4, leader=s1, voted=s1, raftlog=Memoized:s1@group-33DD9DD108AB-SegmentedRaftLog:OPENED:c99, conf=92: peers:[s0|rpc:localhost:42967|admin:localhost:35399|client:localhost:33207|dataStream:localhost:43161|priority:0|startupRole:FOLLOWER, s1|rpc:localhost:43989|admin:localhost:33969|client:localhost:39579|dataStream:localhost:40179|priority:0|startupRole:FOLLOWER, s2|rpc:localhost:33439|admin:localhost:44687|client:localhost:36505|dataStream:localhost:46481|priority:0|startupRole:FOLLOWER]|listeners:[], old=null RUNNING
  s2:  RUNNING  FOLLOWER s2@group-33DD9DD108AB:t4, leader=s1, voted=s1, raftlog=Memoized:s2@group-33DD9DD108AB-SegmentedRaftLog:OPENED:c99, conf=92: peers:[s0|rpc:localhost:42967|admin:localhost:35399|client:localhost:33207|dataStream:localhost:43161|priority:0|startupRole:FOLLOWER, s1|rpc:localhost:43989|admin:localhost:33969|client:localhost:39579|dataStream:localhost:40179|priority:0|startupRole:FOLLOWER, s2|rpc:localhost:33439|admin:localhost:44687|client:localhost:36505|dataStream:localhost:46481|priority:0|startupRole:FOLLOWER]|listeners:[], old=null RUNNING
2022-07-19 02:06:56,698 [java.util.concurrent.ThreadPoolExecutor$Worker@6ea0d3b5[State = -1, empty queue]] WARN  grpc.GrpcUtil (GrpcUtil.java:shutdownManagedChannel(216)) - Timed out gracefully shutting down connection: ManagedChannelOrphanWrapper{delegate=ManagedChannelImpl{logId=1070, target=localhost:39579}}. 
2022-07-19 02:06:59,710 [java.util.concurrent.ThreadPoolExecutor$Worker@834ed47[State = -1, empty queue]] WARN  grpc.GrpcUtil (GrpcUtil.java:shutdownManagedChannel(216)) - Timed out gracefully shutting down connection: ManagedChannelOrphanWrapper{delegate=ManagedChannelImpl{logId=1084, target=localhost:39579}}. 
2022-07-19 02:06:59,773 [java.util.concurrent.ThreadPoolExecutor$Worker@5468282a[State = -1, empty queue]] WARN  grpc.GrpcUtil (GrpcUtil.java:shutdownManagedChannel(216)) - Timed out gracefully shutting down connection: ManagedChannelOrphanWrapper{delegate=ManagedChannelImpl{logId=1098, target=localhost:39579}}. 
2022-07-19 02:07:02,819 [java.util.concurrent.ThreadPoolExecutor$Worker@7a213083[State = -1, empty queue]] WARN  grpc.GrpcUtil (GrpcUtil.java:shutdownManagedChannel(216)) - Timed out gracefully shutting down connection: ManagedChannelOrphanWrapper{delegate=ManagedChannelImpl{logId=1112, target=localhost:39579}}. 
2022-07-19 02:07:02,934 [s1-client-thread2] INFO  statemachine.StateMachine (DataStreamTestUtils.java:link(157)) - link null
2022-07-19 02:07:02,936 [s0-server-thread1] INFO  statemachine.StateMachine (DataStreamTestUtils.java:link(157)) - link null
2022-07-19 02:07:02,936 [s2-server-thread1] INFO  statemachine.StateMachine (DataStreamTestUtils.java:link(157)) - link null
2022-07-19 02:07:05,840 [java.util.concurrent.ThreadPoolExecutor$Worker@43ea102c[State = -1, empty queue]] WARN  grpc.GrpcUtil (GrpcUtil.java:shutdownManagedChannel(216)) - Timed out gracefully shutting down connection: ManagedChannelOrphanWrapper{delegate=ManagedChannelImpl{logId=1126, target=localhost:39579}}. 
2022-07-19 02:07:05,887 [java.util.concurrent.ThreadPoolExecutor$Worker@adf722f[State = -1, empty queue]] WARN  grpc.GrpcUtil (GrpcUtil.java:shutdownManagedChannel(216)) - Timed out gracefully shutting down connection: ManagedChannelOrphanWrapper{delegate=ManagedChannelImpl{logId=1140, target=localhost:39579}}. 
2022-07-19 02:07:05,967 [s1-client-thread2] INFO  statemachine.StateMachine (DataStreamTestUtils.java:link(157)) - link null
2022-07-19 02:07:05,969 [s2-server-thread1] INFO  statemachine.StateMachine (DataStreamTestUtils.java:link(157)) - link null
2022-07-19 02:07:05,970 [s0-server-thread1] INFO  statemachine.StateMachine (DataStreamTestUtils.java:link(157)) - link null
2022-07-19 02:07:06,015 [s1-client-thread2] INFO  statemachine.StateMachine (DataStreamTestUtils.java:link(157)) - link null
2022-07-19 02:07:06,016 [s2-server-thread1] INFO  statemachine.StateMachine (DataStreamTestUtils.java:link(157)) - link null
2022-07-19 02:07:06,017 [s0-server-thread1] INFO  statemachine.StateMachine (DataStreamTestUtils.java:link(157)) - link null
2022-07-19 02:07:06,474 [Timer-2] INFO  impl.MiniRaftCluster (MiniRaftCluster.java:lambda$null$5(315)) - TIMED-PRINT: printing ALL groups
  s0:  RUNNING  FOLLOWER s0@group-33DD9DD108AB:t4, leader=s1, voted=s1, raftlog=Memoized:s0@group-33DD9DD108AB-SegmentedRaftLog:OPENED:c99, conf=92: peers:[s0|rpc:localhost:42967|admin:localhost:35399|client:localhost:33207|dataStream:localhost:43161|priority:0|startupRole:FOLLOWER, s1|rpc:localhost:43989|admin:localhost:33969|client:localhost:39579|dataStream:localhost:40179|priority:0|startupRole:FOLLOWER, s2|rpc:localhost:33439|admin:localhost:44687|client:localhost:36505|dataStream:localhost:46481|priority:0|startupRole:FOLLOWER]|listeners:[], old=null RUNNING
  s1:  RUNNING    LEADER s1@group-33DD9DD108AB:t4, leader=s1, voted=s1, raftlog=Memoized:s1@group-33DD9DD108AB-SegmentedRaftLog:OPENED:c99, conf=92: peers:[s0|rpc:localhost:42967|admin:localhost:35399|client:localhost:33207|dataStream:localhost:43161|priority:0|startupRole:FOLLOWER, s1|rpc:localhost:43989|admin:localhost:33969|client:localhost:39579|dataStream:localhost:40179|priority:0|startupRole:FOLLOWER, s2|rpc:localhost:33439|admin:localhost:44687|client:localhost:36505|dataStream:localhost:46481|priority:0|startupRole:FOLLOWER]|listeners:[], old=null RUNNING
  s2:  RUNNING  FOLLOWER s2@group-33DD9DD108AB:t4, leader=s1, voted=s1, raftlog=Memoized:s2@group-33DD9DD108AB-SegmentedRaftLog:OPENED:c99, conf=92: peers:[s0|rpc:localhost:42967|admin:localhost:35399|client:localhost:33207|dataStream:localhost:43161|priority:0|startupRole:FOLLOWER, s1|rpc:localhost:43989|admin:localhost:33969|client:localhost:39579|dataStream:localhost:40179|priority:0|startupRole:FOLLOWER, s2|rpc:localhost:33439|admin:localhost:44687|client:localhost:36505|dataStream:localhost:46481|priority:0|startupRole:FOLLOWER]|listeners:[], old=null RUNNING
2022-07-19 02:07:08,933 [java.util.concurrent.ThreadPoolExecutor$Worker@5e7b141a[State = -1, empty queue]] WARN  grpc.GrpcUtil (GrpcUtil.java:shutdownManagedChannel(216)) - Timed out gracefully shutting down connection: ManagedChannelOrphanWrapper{delegate=ManagedChannelImpl{logId=1154, target=localhost:39579}}. 
2022-07-19 02:07:08,936 [java.util.concurrent.ThreadPoolExecutor$Worker@5e7b141a[State = -1, empty queue]] WARN  server.GrpcLogAppender (GrpcLogAppender.java:timeoutAppendRequest(240)) - s1@group-33DD9DD108AB->s0-GrpcLogAppender:  appendEntries Timeout, request=AppendEntriesRequest:cid=1645,entriesCount=1,lastEntry=(t:4, i:108)
2022-07-19 02:07:08,936 [java.util.concurrent.ThreadPoolExecutor$Worker@5e7b141a[State = -1, empty queue]] WARN  server.GrpcLogAppender (GrpcLogAppender.java:timeoutAppendRequest(240)) - s1@group-33DD9DD108AB->s2-GrpcLogAppender:  appendEntries Timeout, request=AppendEntriesRequest:cid=1631,entriesCount=1,lastEntry=(t:4, i:108)
2022-07-19 02:07:11,965 [java.util.concurrent.ThreadPoolExecutor$Worker@14c4c36a[State = -1, empty queue]] WARN  grpc.GrpcUtil (GrpcUtil.java:shutdownManagedChannel(216)) - Timed out gracefully shutting down connection: ManagedChannelOrphanWrapper{delegate=ManagedChannelImpl{logId=1168, target=localhost:39579}}. 
2022-07-19 02:07:11,968 [java.util.concurrent.ThreadPoolExecutor$Worker@14c4c36a[State = -1, empty queue]] WARN  server.GrpcLogAppender (GrpcLogAppender.java:timeoutAppendRequest(240)) - s1@group-33DD9DD108AB->s2-GrpcLogAppender:  appendEntries Timeout, request=AppendEntriesRequest:cid=1671,entriesCount=1,lastEntry=(t:4, i:109)
2022-07-19 02:07:11,968 [java.util.concurrent.ThreadPoolExecutor$Worker@14c4c36a[State = -1, empty queue]] WARN  server.GrpcLogAppender (GrpcLogAppender.java:timeoutAppendRequest(240)) - s1@group-33DD9DD108AB->s0-GrpcLogAppender:  appendEntries Timeout, request=AppendEntriesRequest:cid=1685,entriesCount=1,lastEntry=(t:4, i:109)
2022-07-19 02:07:12,014 [java.util.concurrent.ThreadPoolExecutor$Worker@2f3aed39[State = -1, empty queue]] WARN  grpc.GrpcUtil (GrpcUtil.java:shutdownManagedChannel(216)) - Timed out gracefully shutting down connection: ManagedChannelOrphanWrapper{delegate=ManagedChannelImpl{logId=1182, target=localhost:39579}}. 
2022-07-19 02:07:12,016 [java.util.concurrent.ThreadPoolExecutor$Worker@2f3aed39[State = -1, empty queue]] WARN  server.GrpcLogAppender (GrpcLogAppender.java:timeoutAppendRequest(240)) - s1@group-33DD9DD108AB->s2-GrpcLogAppender:  appendEntries Timeout, request=AppendEntriesRequest:cid=1673,entriesCount=1,lastEntry=(t:4, i:110)
2022-07-19 02:07:12,016 [java.util.concurrent.ThreadPoolExecutor$Worker@2f3aed39[State = -1, empty queue]] WARN  server.GrpcLogAppender (GrpcLogAppender.java:timeoutAppendRequest(240)) - s1@group-33DD9DD108AB->s0-GrpcLogAppender:  appendEntries Timeout, request=AppendEntriesRequest:cid=1687,entriesCount=1,lastEntry=(t:4, i:110)
2022-07-19 02:07:15,064 [java.util.concurrent.ThreadPoolExecutor$Worker@125b03b[State = -1, empty queue]] WARN  grpc.GrpcUtil (GrpcUtil.java:shutdownManagedChannel(216)) - Timed out gracefully shutting down connection: ManagedChannelOrphanWrapper{delegate=ManagedChannelImpl{logId=1196, target=localhost:39579}}. 
2022-07-19 02:07:16,473 [Timer-2] INFO  impl.MiniRaftCluster (MiniRaftCluster.java:lambda$null$5(315)) - TIMED-PRINT: printing ALL groups
  s0:  RUNNING  FOLLOWER s0@group-33DD9DD108AB:t4, leader=s1, voted=s1, raftlog=Memoized:s0@group-33DD9DD108AB-SegmentedRaftLog:OPENED:c99, conf=92: peers:[s0|rpc:localhost:42967|admin:localhost:35399|client:localhost:33207|dataStream:localhost:43161|priority:0|startupRole:FOLLOWER, s1|rpc:localhost:43989|admin:localhost:33969|client:localhost:39579|dataStream:localhost:40179|priority:0|startupRole:FOLLOWER, s2|rpc:localhost:33439|admin:localhost:44687|client:localhost:36505|dataStream:localhost:46481|priority:0|startupRole:FOLLOWER]|listeners:[], old=null RUNNING
  s1:  RUNNING    LEADER s1@group-33DD9DD108AB:t4, leader=s1, voted=s1, raftlog=Memoized:s1@group-33DD9DD108AB-SegmentedRaftLog:OPENED:c99, conf=92: peers:[s0|rpc:localhost:42967|admin:localhost:35399|client:localhost:33207|dataStream:localhost:43161|priority:0|startupRole:FOLLOWER, s1|rpc:localhost:43989|admin:localhost:33969|client:localhost:39579|dataStream:localhost:40179|priority:0|startupRole:FOLLOWER, s2|rpc:localhost:33439|admin:localhost:44687|client:localhost:36505|dataStream:localhost:46481|priority:0|startupRole:FOLLOWER]|listeners:[], old=null RUNNING
  s2:  RUNNING  FOLLOWER s2@group-33DD9DD108AB:t4, leader=s1, voted=s1, raftlog=Memoized:s2@group-33DD9DD108AB-SegmentedRaftLog:OPENED:c99, conf=92: peers:[s0|rpc:localhost:42967|admin:localhost:35399|client:localhost:33207|dataStream:localhost:43161|priority:0|startupRole:FOLLOWER, s1|rpc:localhost:43989|admin:localhost:33969|client:localhost:39579|dataStream:localhost:40179|priority:0|startupRole:FOLLOWER, s2|rpc:localhost:33439|admin:localhost:44687|client:localhost:36505|dataStream:localhost:46481|priority:0|startupRole:FOLLOWER]|listeners:[], old=null RUNNING
2022-07-19 02:07:18,086 [java.util.concurrent.ThreadPoolExecutor$Worker@1ea44f8b[State = -1, empty queue]] WARN  grpc.GrpcUtil (GrpcUtil.java:shutdownManagedChannel(216)) - Timed out gracefully shutting down connection: ManagedChannelOrphanWrapper{delegate=ManagedChannelImpl{logId=1210, target=localhost:39579}}. 
2022-07-19 02:07:18,134 [java.util.concurrent.ThreadPoolExecutor$Worker@7be5488c[State = -1, empty queue]] WARN  grpc.GrpcUtil (GrpcUtil.java:shutdownManagedChannel(216)) - Timed out gracefully shutting down connection: ManagedChannelOrphanWrapper{delegate=ManagedChannelImpl{logId=1224, target=localhost:39579}}. 
2022-07-19 02:07:21,180 [java.util.concurrent.ThreadPoolExecutor$Worker@cee0d8e[State = -1, empty queue]] WARN  grpc.GrpcUtil (GrpcUtil.java:shutdownManagedChannel(216)) - Timed out gracefully shutting down connection: ManagedChannelOrphanWrapper{delegate=ManagedChannelImpl{logId=1238, target=localhost:39579}}. 
2022-07-19 02:07:24,210 [java.util.concurrent.ThreadPoolExecutor$Worker@5eae0f30[State = -1, empty queue]] WARN  grpc.GrpcUtil (GrpcUtil.java:shutdownManagedChannel(216)) - Timed out gracefully shutting down connection: ManagedChannelOrphanWrapper{delegate=ManagedChannelImpl{logId=1252, target=localhost:39579}}. 
2022-07-19 02:07:24,253 [java.util.concurrent.ThreadPoolExecutor$Worker@6f6ce24c[State = -1, empty queue]] WARN  grpc.GrpcUtil (GrpcUtil.java:shutdownManagedChannel(216)) - Timed out gracefully shutting down connection: ManagedChannelOrphanWrapper{delegate=ManagedChannelImpl{logId=1266, target=localhost:39579}}. 
2022-07-19 02:07:26,474 [Timer-2] INFO  impl.MiniRaftCluster (MiniRaftCluster.java:lambda$null$5(315)) - TIMED-PRINT: printing ALL groups
  s0:  RUNNING  FOLLOWER s0@group-33DD9DD108AB:t4, leader=s1, voted=s1, raftlog=Memoized:s0@group-33DD9DD108AB-SegmentedRaftLog:OPENED:c99, conf=92: peers:[s0|rpc:localhost:42967|admin:localhost:35399|client:localhost:33207|dataStream:localhost:43161|priority:0|startupRole:FOLLOWER, s1|rpc:localhost:43989|admin:localhost:33969|client:localhost:39579|dataStream:localhost:40179|priority:0|startupRole:FOLLOWER, s2|rpc:localhost:33439|admin:localhost:44687|client:localhost:36505|dataStream:localhost:46481|priority:0|startupRole:FOLLOWER]|listeners:[], old=null RUNNING
  s1:  RUNNING    LEADER s1@group-33DD9DD108AB:t4, leader=s1, voted=s1, raftlog=Memoized:s1@group-33DD9DD108AB-SegmentedRaftLog:OPENED:c99, conf=92: peers:[s0|rpc:localhost:42967|admin:localhost:35399|client:localhost:33207|dataStream:localhost:43161|priority:0|startupRole:FOLLOWER, s1|rpc:localhost:43989|admin:localhost:33969|client:localhost:39579|dataStream:localhost:40179|priority:0|startupRole:FOLLOWER, s2|rpc:localhost:33439|admin:localhost:44687|client:localhost:36505|dataStream:localhost:46481|priority:0|startupRole:FOLLOWER]|listeners:[], old=null RUNNING
  s2:  RUNNING  FOLLOWER s2@group-33DD9DD108AB:t4, leader=s1, voted=s1, raftlog=Memoized:s2@group-33DD9DD108AB-SegmentedRaftLog:OPENED:c99, conf=92: peers:[s0|rpc:localhost:42967|admin:localhost:35399|client:localhost:33207|dataStream:localhost:43161|priority:0|startupRole:FOLLOWER, s1|rpc:localhost:43989|admin:localhost:33969|client:localhost:39579|dataStream:localhost:40179|priority:0|startupRole:FOLLOWER, s2|rpc:localhost:33439|admin:localhost:44687|client:localhost:36505|dataStream:localhost:46481|priority:0|startupRole:FOLLOWER]|listeners:[], old=null RUNNING
2022-07-19 02:07:27,299 [java.util.concurrent.ThreadPoolExecutor$Worker@6cc58da0[State = -1, empty queue]] WARN  grpc.GrpcUtil (GrpcUtil.java:shutdownManagedChannel(216)) - Timed out gracefully shutting down connection: ManagedChannelOrphanWrapper{delegate=ManagedChannelImpl{logId=1280, target=localhost:39579}}. 
2022-07-19 02:07:30,325 [java.util.concurrent.ThreadPoolExecutor$Worker@1b772844[State = -1, empty queue]] WARN  grpc.GrpcUtil (GrpcUtil.java:shutdownManagedChannel(216)) - Timed out gracefully shutting down connection: ManagedChannelOrphanWrapper{delegate=ManagedChannelImpl{logId=1294, target=localhost:39579}}. 
2022-07-19 02:07:30,375 [java.util.concurrent.ThreadPoolExecutor$Worker@549a1b9e[State = -1, empty queue]] WARN  grpc.GrpcUtil (GrpcUtil.java:shutdownManagedChannel(216)) - Timed out gracefully shutting down connection: ManagedChannelOrphanWrapper{delegate=ManagedChannelImpl{logId=1308, target=localhost:39579}}. 
2022-07-19 02:07:33,422 [java.util.concurrent.ThreadPoolExecutor$Worker@4ac97b59[State = -1, empty queue]] WARN  grpc.GrpcUtil (GrpcUtil.java:shutdownManagedChannel(216)) - Timed out gracefully shutting down connection: ManagedChannelOrphanWrapper{delegate=ManagedChannelImpl{logId=1322, target=localhost:39579}}. 
2022-07-19 02:07:36,440 [java.util.concurrent.ThreadPoolExecutor$Worker@2926fa7f[State = -1, empty queue]] WARN  grpc.GrpcUtil (GrpcUtil.java:shutdownManagedChannel(216)) - Timed out gracefully shutting down connection: ManagedChannelOrphanWrapper{delegate=ManagedChannelImpl{logId=1336, target=localhost:39579}}. 
2022-07-19 02:07:36,474 [Timer-2] INFO  impl.MiniRaftCluster (MiniRaftCluster.java:lambda$null$5(315)) - TIMED-PRINT: printing ALL groups
  s0:  RUNNING  FOLLOWER s0@group-33DD9DD108AB:t4, leader=s1, voted=s1, raftlog=Memoized:s0@group-33DD9DD108AB-SegmentedRaftLog:OPENED:c99, conf=92: peers:[s0|rpc:localhost:42967|admin:localhost:35399|client:localhost:33207|dataStream:localhost:43161|priority:0|startupRole:FOLLOWER, s1|rpc:localhost:43989|admin:localhost:33969|client:localhost:39579|dataStream:localhost:40179|priority:0|startupRole:FOLLOWER, s2|rpc:localhost:33439|admin:localhost:44687|client:localhost:36505|dataStream:localhost:46481|priority:0|startupRole:FOLLOWER]|listeners:[], old=null RUNNING
  s1:  RUNNING    LEADER s1@group-33DD9DD108AB:t4, leader=s1, voted=s1, raftlog=Memoized:s1@group-33DD9DD108AB-SegmentedRaftLog:OPENED:c99, conf=92: peers:[s0|rpc:localhost:42967|admin:localhost:35399|client:localhost:33207|dataStream:localhost:43161|priority:0|startupRole:FOLLOWER, s1|rpc:localhost:43989|admin:localhost:33969|client:localhost:39579|dataStream:localhost:40179|priority:0|startupRole:FOLLOWER, s2|rpc:localhost:33439|admin:localhost:44687|client:localhost:36505|dataStream:localhost:46481|priority:0|startupRole:FOLLOWER]|listeners:[], old=null RUNNING
  s2:  RUNNING  FOLLOWER s2@group-33DD9DD108AB:t4, leader=s1, voted=s1, raftlog=Memoized:s2@group-33DD9DD108AB-SegmentedRaftLog:OPENED:c99, conf=92: peers:[s0|rpc:localhost:42967|admin:localhost:35399|client:localhost:33207|dataStream:localhost:43161|priority:0|startupRole:FOLLOWER, s1|rpc:localhost:43989|admin:localhost:33969|client:localhost:39579|dataStream:localhost:40179|priority:0|startupRole:FOLLOWER, s2|rpc:localhost:33439|admin:localhost:44687|client:localhost:36505|dataStream:localhost:46481|priority:0|startupRole:FOLLOWER]|listeners:[], old=null RUNNING
2022-07-19 02:07:36,493 [java.util.concurrent.ThreadPoolExecutor$Worker@497a69e4[State = -1, empty queue]] WARN  grpc.GrpcUtil (GrpcUtil.java:shutdownManagedChannel(216)) - Timed out gracefully shutting down connection: ManagedChannelOrphanWrapper{delegate=ManagedChannelImpl{logId=1350, target=localhost:39579}}. 
2022-07-19 02:07:39,557 [java.util.concurrent.ThreadPoolExecutor$Worker@39ebcc75[State = -1, empty queue]] WARN  grpc.GrpcUtil (GrpcUtil.java:shutdownManagedChannel(216)) - Timed out gracefully shutting down connection: ManagedChannelOrphanWrapper{delegate=ManagedChannelImpl{logId=1364, target=localhost:39579}}. 
2022-07-19 02:07:42,590 [java.util.concurrent.ThreadPoolExecutor$Worker@4f6a22a2[State = -1, empty queue]] WARN  grpc.GrpcUtil (GrpcUtil.java:shutdownManagedChannel(216)) - Timed out gracefully shutting down connection: ManagedChannelOrphanWrapper{delegate=ManagedChannelImpl{logId=1378, target=localhost:39579}}. 
2022-07-19 02:07:42,618 [java.util.concurrent.ThreadPoolExecutor$Worker@7834e34c[State = -1, empty queue]] WARN  grpc.GrpcUtil (GrpcUtil.java:shutdownManagedChannel(216)) - Timed out gracefully shutting down connection: ManagedChannelOrphanWrapper{delegate=ManagedChannelImpl{logId=1392, target=localhost:39579}}. 
2022-07-19 02:07:45,675 [java.util.concurrent.ThreadPoolExecutor$Worker@1cd43e70[State = -1, empty queue]] WARN  grpc.GrpcUtil (GrpcUtil.java:shutdownManagedChannel(216)) - Timed out gracefully shutting down connection: ManagedChannelOrphanWrapper{delegate=ManagedChannelImpl{logId=1406, target=localhost:39579}}. 
2022-07-19 02:07:46,474 [Timer-2] INFO  impl.MiniRaftCluster (MiniRaftCluster.java:lambda$null$5(315)) - TIMED-PRINT: printing ALL groups
  s0:  RUNNING  FOLLOWER s0@group-33DD9DD108AB:t4, leader=s1, voted=s1, raftlog=Memoized:s0@group-33DD9DD108AB-SegmentedRaftLog:OPENED:c99, conf=92: peers:[s0|rpc:localhost:42967|admin:localhost:35399|client:localhost:33207|dataStream:localhost:43161|priority:0|startupRole:FOLLOWER, s1|rpc:localhost:43989|admin:localhost:33969|client:localhost:39579|dataStream:localhost:40179|priority:0|startupRole:FOLLOWER, s2|rpc:localhost:33439|admin:localhost:44687|client:localhost:36505|dataStream:localhost:46481|priority:0|startupRole:FOLLOWER]|listeners:[], old=null RUNNING
  s1:  RUNNING    LEADER s1@group-33DD9DD108AB:t4, leader=s1, voted=s1, raftlog=Memoized:s1@group-33DD9DD108AB-SegmentedRaftLog:OPENED:c99, conf=92: peers:[s0|rpc:localhost:42967|admin:localhost:35399|client:localhost:33207|dataStream:localhost:43161|priority:0|startupRole:FOLLOWER, s1|rpc:localhost:43989|admin:localhost:33969|client:localhost:39579|dataStream:localhost:40179|priority:0|startupRole:FOLLOWER, s2|rpc:localhost:33439|admin:localhost:44687|client:localhost:36505|dataStream:localhost:46481|priority:0|startupRole:FOLLOWER]|listeners:[], old=null RUNNING
  s2:  RUNNING  FOLLOWER s2@group-33DD9DD108AB:t4, leader=s1, voted=s1, raftlog=Memoized:s2@group-33DD9DD108AB-SegmentedRaftLog:OPENED:c99, conf=92: peers:[s0|rpc:localhost:42967|admin:localhost:35399|client:localhost:33207|dataStream:localhost:43161|priority:0|startupRole:FOLLOWER, s1|rpc:localhost:43989|admin:localhost:33969|client:localhost:39579|dataStream:localhost:40179|priority:0|startupRole:FOLLOWER, s2|rpc:localhost:33439|admin:localhost:44687|client:localhost:36505|dataStream:localhost:46481|priority:0|startupRole:FOLLOWER]|listeners:[], old=null RUNNING
2022-07-19 02:07:48,706 [java.util.concurrent.ThreadPoolExecutor$Worker@394b25e0[State = -1, empty queue]] WARN  grpc.GrpcUtil (GrpcUtil.java:shutdownManagedChannel(216)) - Timed out gracefully shutting down connection: ManagedChannelOrphanWrapper{delegate=ManagedChannelImpl{logId=1420, target=localhost:39579}}. 
2022-07-19 02:07:48,732 [java.util.concurrent.ThreadPoolExecutor$Worker@4a6293be[State = -1, empty queue]] WARN  grpc.GrpcUtil (GrpcUtil.java:shutdownManagedChannel(216)) - Timed out gracefully shutting down connection: ManagedChannelOrphanWrapper{delegate=ManagedChannelImpl{logId=1434, target=localhost:39579}}. 
2022-07-19 02:07:51,801 [java.util.concurrent.ThreadPoolExecutor$Worker@18f47e43[State = -1, empty queue]] WARN  grpc.GrpcUtil (GrpcUtil.java:shutdownManagedChannel(216)) - Timed out gracefully shutting down connection: ManagedChannelOrphanWrapper{delegate=ManagedChannelImpl{logId=1448, target=localhost:39579}}. 
2022-07-19 02:07:54,826 [java.util.concurrent.ThreadPoolExecutor$Worker@7f4d97ba[State = -1, empty queue]] WARN  grpc.GrpcUtil (GrpcUtil.java:shutdownManagedChannel(216)) - Timed out gracefully shutting down connection: ManagedChannelOrphanWrapper{delegate=ManagedChannelImpl{logId=1462, target=localhost:39579}}. 
2022-07-19 02:07:54,849 [java.util.concurrent.ThreadPoolExecutor$Worker@6b15c38b[State = -1, empty queue]] WARN  grpc.GrpcUtil (GrpcUtil.java:shutdownManagedChannel(216)) - Timed out gracefully shutting down connection: ManagedChannelOrphanWrapper{delegate=ManagedChannelImpl{logId=1476, target=localhost:39579}}. 
2022-07-19 02:07:56,475 [Timer-2] INFO  impl.MiniRaftCluster (MiniRaftCluster.java:lambda$null$5(315)) - TIMED-PRINT: printing ALL groups
  s0:  RUNNING  FOLLOWER s0@group-33DD9DD108AB:t4, leader=s1, voted=s1, raftlog=Memoized:s0@group-33DD9DD108AB-SegmentedRaftLog:OPENED:c99, conf=92: peers:[s0|rpc:localhost:42967|admin:localhost:35399|client:localhost:33207|dataStream:localhost:43161|priority:0|startupRole:FOLLOWER, s1|rpc:localhost:43989|admin:localhost:33969|client:localhost:39579|dataStream:localhost:40179|priority:0|startupRole:FOLLOWER, s2|rpc:localhost:33439|admin:localhost:44687|client:localhost:36505|dataStream:localhost:46481|priority:0|startupRole:FOLLOWER]|listeners:[], old=null RUNNING
  s1:  RUNNING    LEADER s1@group-33DD9DD108AB:t4, leader=s1, voted=s1, raftlog=Memoized:s1@group-33DD9DD108AB-SegmentedRaftLog:OPENED:c99, conf=92: peers:[s0|rpc:localhost:42967|admin:localhost:35399|client:localhost:33207|dataStream:localhost:43161|priority:0|startupRole:FOLLOWER, s1|rpc:localhost:43989|admin:localhost:33969|client:localhost:39579|dataStream:localhost:40179|priority:0|startupRole:FOLLOWER, s2|rpc:localhost:33439|admin:localhost:44687|client:localhost:36505|dataStream:localhost:46481|priority:0|startupRole:FOLLOWER]|listeners:[], old=null RUNNING
  s2:  RUNNING  FOLLOWER s2@group-33DD9DD108AB:t4, leader=s1, voted=s1, raftlog=Memoized:s2@group-33DD9DD108AB-SegmentedRaftLog:OPENED:c99, conf=92: peers:[s0|rpc:localhost:42967|admin:localhost:35399|client:localhost:33207|dataStream:localhost:43161|priority:0|startupRole:FOLLOWER, s1|rpc:localhost:43989|admin:localhost:33969|client:localhost:39579|dataStream:localhost:40179|priority:0|startupRole:FOLLOWER, s2|rpc:localhost:33439|admin:localhost:44687|client:localhost:36505|dataStream:localhost:46481|priority:0|startupRole:FOLLOWER]|listeners:[], old=null RUNNING
2022-07-19 02:07:57,915 [java.util.concurrent.ThreadPoolExecutor$Worker@251a59ce[State = -1, empty queue]] WARN  grpc.GrpcUtil (GrpcUtil.java:shutdownManagedChannel(216)) - Timed out gracefully shutting down connection: ManagedChannelOrphanWrapper{delegate=ManagedChannelImpl{logId=1490, target=localhost:39579}}. 
2022-07-19 02:08:00,943 [java.util.concurrent.ThreadPoolExecutor$Worker@15ced21[State = -1, empty queue]] WARN  grpc.GrpcUtil (GrpcUtil.java:shutdownManagedChannel(216)) - Timed out gracefully shutting down connection: ManagedChannelOrphanWrapper{delegate=ManagedChannelImpl{logId=1504, target=localhost:39579}}. 
2022-07-19 02:08:00,967 [java.util.concurrent.ThreadPoolExecutor$Worker@710e38d7[State = -1, empty queue]] WARN  grpc.GrpcUtil (GrpcUtil.java:shutdownManagedChannel(216)) - Timed out gracefully shutting down connection: ManagedChannelOrphanWrapper{delegate=ManagedChannelImpl{logId=1518, target=localhost:39579}}. 
2022-07-19 02:08:04,036 [java.util.concurrent.ThreadPoolExecutor$Worker@6dfcd0e4[State = -1, empty queue]] WARN  grpc.GrpcUtil (GrpcUtil.java:shutdownManagedChannel(216)) - Timed out gracefully shutting down connection: ManagedChannelOrphanWrapper{delegate=ManagedChannelImpl{logId=1532, target=localhost:39579}}. 
2022-07-19 02:08:04,153 [s1-client-thread2] INFO  statemachine.StateMachine (DataStreamTestUtils.java:link(157)) - link null
2022-07-19 02:08:04,155 [s2-server-thread1] INFO  statemachine.StateMachine (DataStreamTestUtils.java:link(157)) - link null
2022-07-19 02:08:04,156 [s0-server-thread1] INFO  statemachine.StateMachine (DataStreamTestUtils.java:link(157)) - link null
2022-07-19 02:08:06,474 [Timer-2] INFO  impl.MiniRaftCluster (MiniRaftCluster.java:lambda$null$5(315)) - TIMED-PRINT: printing ALL groups
  s0:  RUNNING  FOLLOWER s0@group-33DD9DD108AB:t4, leader=s1, voted=s1, raftlog=Memoized:s0@group-33DD9DD108AB-SegmentedRaftLog:OPENED:c99, conf=92: peers:[s0|rpc:localhost:42967|admin:localhost:35399|client:localhost:33207|dataStream:localhost:43161|priority:0|startupRole:FOLLOWER, s1|rpc:localhost:43989|admin:localhost:33969|client:localhost:39579|dataStream:localhost:40179|priority:0|startupRole:FOLLOWER, s2|rpc:localhost:33439|admin:localhost:44687|client:localhost:36505|dataStream:localhost:46481|priority:0|startupRole:FOLLOWER]|listeners:[], old=null RUNNING
  s1:  RUNNING    LEADER s1@group-33DD9DD108AB:t4, leader=s1, voted=s1, raftlog=Memoized:s1@group-33DD9DD108AB-SegmentedRaftLog:OPENED:c99, conf=92: peers:[s0|rpc:localhost:42967|admin:localhost:35399|client:localhost:33207|dataStream:localhost:43161|priority:0|startupRole:FOLLOWER, s1|rpc:localhost:43989|admin:localhost:33969|client:localhost:39579|dataStream:localhost:40179|priority:0|startupRole:FOLLOWER, s2|rpc:localhost:33439|admin:localhost:44687|client:localhost:36505|dataStream:localhost:46481|priority:0|startupRole:FOLLOWER]|listeners:[], old=null RUNNING
  s2:  RUNNING  FOLLOWER s2@group-33DD9DD108AB:t4, leader=s1, voted=s1, raftlog=Memoized:s2@group-33DD9DD108AB-SegmentedRaftLog:OPENED:c99, conf=92: peers:[s0|rpc:localhost:42967|admin:localhost:35399|client:localhost:33207|dataStream:localhost:43161|priority:0|startupRole:FOLLOWER, s1|rpc:localhost:43989|admin:localhost:33969|client:localhost:39579|dataStream:localhost:40179|priority:0|startupRole:FOLLOWER, s2|rpc:localhost:33439|admin:localhost:44687|client:localhost:36505|dataStream:localhost:46481|priority:0|startupRole:FOLLOWER]|listeners:[], old=null RUNNING
2022-07-19 02:08:07,062 [java.util.concurrent.ThreadPoolExecutor$Worker@319000a9[State = -1, empty queue]] WARN  grpc.GrpcUtil (GrpcUtil.java:shutdownManagedChannel(216)) - Timed out gracefully shutting down connection: ManagedChannelOrphanWrapper{delegate=ManagedChannelImpl{logId=1546, target=localhost:39579}}. 
2022-07-19 02:08:07,085 [java.util.concurrent.ThreadPoolExecutor$Worker@63b394f2[State = -1, empty queue]] WARN  grpc.GrpcUtil (GrpcUtil.java:shutdownManagedChannel(216)) - Timed out gracefully shutting down connection: ManagedChannelOrphanWrapper{delegate=ManagedChannelImpl{logId=1560, target=localhost:39579}}. 
2022-07-19 02:08:07,183 [s1-client-thread2] INFO  statemachine.StateMachine (DataStreamTestUtils.java:link(157)) - link null
2022-07-19 02:08:07,185 [s0-server-thread1] INFO  statemachine.StateMachine (DataStreamTestUtils.java:link(157)) - link null
2022-07-19 02:08:07,186 [s2-server-thread1] INFO  statemachine.StateMachine (DataStreamTestUtils.java:link(157)) - link null
2022-07-19 02:08:07,200 [s1-client-thread2] INFO  statemachine.StateMachine (DataStreamTestUtils.java:link(157)) - link null
2022-07-19 02:08:07,200 [s2-server-thread1] INFO  statemachine.StateMachine (DataStreamTestUtils.java:link(157)) - link null
2022-07-19 02:08:07,200 [s0-server-thread1] INFO  statemachine.StateMachine (DataStreamTestUtils.java:link(157)) - link null
2022-07-19 02:08:10,151 [java.util.concurrent.ThreadPoolExecutor$Worker@f2b10c6[State = -1, empty queue]] WARN  grpc.GrpcUtil (GrpcUtil.java:shutdownManagedChannel(216)) - Timed out gracefully shutting down connection: ManagedChannelOrphanWrapper{delegate=ManagedChannelImpl{logId=1574, target=localhost:39579}}. 
2022-07-19 02:08:10,154 [java.util.concurrent.ThreadPoolExecutor$Worker@f2b10c6[State = -1, empty queue]] WARN  server.GrpcLogAppender (GrpcLogAppender.java:timeoutAppendRequest(240)) - s1@group-33DD9DD108AB->s0-GrpcLogAppender:  appendEntries Timeout, request=AppendEntriesRequest:cid=2445,entriesCount=1,lastEntry=(t:4, i:111)
2022-07-19 02:08:10,154 [java.util.concurrent.ThreadPoolExecutor$Worker@f2b10c6[State = -1, empty queue]] WARN  server.GrpcLogAppender (GrpcLogAppender.java:timeoutAppendRequest(240)) - s1@group-33DD9DD108AB->s2-GrpcLogAppender:  appendEntries Timeout, request=AppendEntriesRequest:cid=2431,entriesCount=1,lastEntry=(t:4, i:111)
2022-07-19 02:08:13,177 [java.util.concurrent.ThreadPoolExecutor$Worker@432b8000[State = -1, empty queue]] WARN  grpc.GrpcUtil (GrpcUtil.java:shutdownManagedChannel(216)) - Timed out gracefully shutting down connection: ManagedChannelOrphanWrapper{delegate=ManagedChannelImpl{logId=1588, target=localhost:39579}}. 
2022-07-19 02:08:13,181 [java.util.concurrent.ThreadPoolExecutor$Worker@432b8000[State = -1, empty queue]] WARN  server.GrpcLogAppender (GrpcLogAppender.java:timeoutAppendRequest(240)) - s1@group-33DD9DD108AB->s0-GrpcLogAppender:  appendEntries Timeout, request=AppendEntriesRequest:cid=2485,entriesCount=1,lastEntry=(t:4, i:112)
2022-07-19 02:08:13,181 [java.util.concurrent.ThreadPoolExecutor$Worker@432b8000[State = -1, empty queue]] WARN  server.GrpcLogAppender (GrpcLogAppender.java:timeoutAppendRequest(240)) - s1@group-33DD9DD108AB->s2-GrpcLogAppender:  appendEntries Timeout, request=AppendEntriesRequest:cid=2471,entriesCount=1,lastEntry=(t:4, i:112)
2022-07-19 02:08:13,198 [java.util.concurrent.ThreadPoolExecutor$Worker@820347[State = -1, empty queue]] WARN  grpc.GrpcUtil (GrpcUtil.java:shutdownManagedChannel(216)) - Timed out gracefully shutting down connection: ManagedChannelOrphanWrapper{delegate=ManagedChannelImpl{logId=1602, target=localhost:39579}}. 
2022-07-19 02:08:13,200 [java.util.concurrent.ThreadPoolExecutor$Worker@820347[State = -1, empty queue]] WARN  server.GrpcLogAppender (GrpcLogAppender.java:timeoutAppendRequest(240)) - s1@group-33DD9DD108AB->s2-GrpcLogAppender:  appendEntries Timeout, request=AppendEntriesRequest:cid=2472,entriesCount=1,lastEntry=(t:4, i:113)
2022-07-19 02:08:13,200 [java.util.concurrent.ThreadPoolExecutor$Worker@820347[State = -1, empty queue]] WARN  server.GrpcLogAppender (GrpcLogAppender.java:timeoutAppendRequest(240)) - s1@group-33DD9DD108AB->s0-GrpcLogAppender:  appendEntries Timeout, request=AppendEntriesRequest:cid=2486,entriesCount=1,lastEntry=(t:4, i:113)
2022-07-19 02:08:16,276 [java.util.concurrent.ThreadPoolExecutor$Worker@3b779eb1[State = -1, empty queue]] WARN  grpc.GrpcUtil (GrpcUtil.java:shutdownManagedChannel(216)) - Timed out gracefully shutting down connection: ManagedChannelOrphanWrapper{delegate=ManagedChannelImpl{logId=1616, target=localhost:39579}}. 
2022-07-19 02:08:16,475 [Timer-2] INFO  impl.MiniRaftCluster (MiniRaftCluster.java:lambda$null$5(315)) - TIMED-PRINT: printing ALL groups
  s0:  RUNNING  FOLLOWER s0@group-33DD9DD108AB:t4, leader=s1, voted=s1, raftlog=Memoized:s0@group-33DD9DD108AB-SegmentedRaftLog:OPENED:c99, conf=92: peers:[s0|rpc:localhost:42967|admin:localhost:35399|client:localhost:33207|dataStream:localhost:43161|priority:0|startupRole:FOLLOWER, s1|rpc:localhost:43989|admin:localhost:33969|client:localhost:39579|dataStream:localhost:40179|priority:0|startupRole:FOLLOWER, s2|rpc:localhost:33439|admin:localhost:44687|client:localhost:36505|dataStream:localhost:46481|priority:0|startupRole:FOLLOWER]|listeners:[], old=null RUNNING
  s1:  RUNNING    LEADER s1@group-33DD9DD108AB:t4, leader=s1, voted=s1, raftlog=Memoized:s1@group-33DD9DD108AB-SegmentedRaftLog:OPENED:c99, conf=92: peers:[s0|rpc:localhost:42967|admin:localhost:35399|client:localhost:33207|dataStream:localhost:43161|priority:0|startupRole:FOLLOWER, s1|rpc:localhost:43989|admin:localhost:33969|client:localhost:39579|dataStream:localhost:40179|priority:0|startupRole:FOLLOWER, s2|rpc:localhost:33439|admin:localhost:44687|client:localhost:36505|dataStream:localhost:46481|priority:0|startupRole:FOLLOWER]|listeners:[], old=null RUNNING
  s2:  RUNNING  FOLLOWER s2@group-33DD9DD108AB:t4, leader=s1, voted=s1, raftlog=Memoized:s2@group-33DD9DD108AB-SegmentedRaftLog:OPENED:c99, conf=92: peers:[s0|rpc:localhost:42967|admin:localhost:35399|client:localhost:33207|dataStream:localhost:43161|priority:0|startupRole:FOLLOWER, s1|rpc:localhost:43989|admin:localhost:33969|client:localhost:39579|dataStream:localhost:40179|priority:0|startupRole:FOLLOWER, s2|rpc:localhost:33439|admin:localhost:44687|client:localhost:36505|dataStream:localhost:46481|priority:0|startupRole:FOLLOWER]|listeners:[], old=null RUNNING
2022-07-19 02:08:19,316 [java.util.concurrent.ThreadPoolExecutor$Worker@548d29dc[State = -1, empty queue]] WARN  grpc.GrpcUtil (GrpcUtil.java:shutdownManagedChannel(216)) - Timed out gracefully shutting down connection: ManagedChannelOrphanWrapper{delegate=ManagedChannelImpl{logId=1636, target=localhost:39579}}. 
2022-07-19 02:08:19,329 [java.util.concurrent.ThreadPoolExecutor$Worker@3162a231[State = -1, empty queue]] WARN  grpc.GrpcUtil (GrpcUtil.java:shutdownManagedChannel(216)) - Timed out gracefully shutting down connection: ManagedChannelOrphanWrapper{delegate=ManagedChannelImpl{logId=1644, target=localhost:39579}}. 
2022-07-19 02:08:22,391 [java.util.concurrent.ThreadPoolExecutor$Worker@577158e5[State = -1, empty queue]] WARN  grpc.GrpcUtil (GrpcUtil.java:shutdownManagedChannel(216)) - Timed out gracefully shutting down connection: ManagedChannelOrphanWrapper{delegate=ManagedChannelImpl{logId=1658, target=localhost:39579}}. 
2022-07-19 02:08:25,441 [java.util.concurrent.ThreadPoolExecutor$Worker@4f76b474[State = -1, empty queue]] WARN  grpc.GrpcUtil (GrpcUtil.java:shutdownManagedChannel(216)) - Timed out gracefully shutting down connection: ManagedChannelOrphanWrapper{delegate=ManagedChannelImpl{logId=1674, target=localhost:39579}}. 
2022-07-19 02:08:25,445 [java.util.concurrent.ThreadPoolExecutor$Worker@5cd0e710[State = -1, empty queue]] WARN  grpc.GrpcUtil (GrpcUtil.java:shutdownManagedChannel(216)) - Timed out gracefully shutting down connection: ManagedChannelOrphanWrapper{delegate=ManagedChannelImpl{logId=1686, target=localhost:39579}}. 
2022-07-19 02:08:26,474 [Timer-2] INFO  impl.MiniRaftCluster (MiniRaftCluster.java:lambda$null$5(315)) - TIMED-PRINT: printing ALL groups
  s0:  RUNNING  FOLLOWER s0@group-33DD9DD108AB:t4, leader=s1, voted=s1, raftlog=Memoized:s0@group-33DD9DD108AB-SegmentedRaftLog:OPENED:c99, conf=92: peers:[s0|rpc:localhost:42967|admin:localhost:35399|client:localhost:33207|dataStream:localhost:43161|priority:0|startupRole:FOLLOWER, s1|rpc:localhost:43989|admin:localhost:33969|client:localhost:39579|dataStream:localhost:40179|priority:0|startupRole:FOLLOWER, s2|rpc:localhost:33439|admin:localhost:44687|client:localhost:36505|dataStream:localhost:46481|priority:0|startupRole:FOLLOWER]|listeners:[], old=null RUNNING
  s1:  RUNNING    LEADER s1@group-33DD9DD108AB:t4, leader=s1, voted=s1, raftlog=Memoized:s1@group-33DD9DD108AB-SegmentedRaftLog:OPENED:c99, conf=92: peers:[s0|rpc:localhost:42967|admin:localhost:35399|client:localhost:33207|dataStream:localhost:43161|priority:0|startupRole:FOLLOWER, s1|rpc:localhost:43989|admin:localhost:33969|client:localhost:39579|dataStream:localhost:40179|priority:0|startupRole:FOLLOWER, s2|rpc:localhost:33439|admin:localhost:44687|client:localhost:36505|dataStream:localhost:46481|priority:0|startupRole:FOLLOWER]|listeners:[], old=null RUNNING
  s2:  RUNNING  FOLLOWER s2@group-33DD9DD108AB:t4, leader=s1, voted=s1, raftlog=Memoized:s2@group-33DD9DD108AB-SegmentedRaftLog:OPENED:c99, conf=92: peers:[s0|rpc:localhost:42967|admin:localhost:35399|client:localhost:33207|dataStream:localhost:43161|priority:0|startupRole:FOLLOWER, s1|rpc:localhost:43989|admin:localhost:33969|client:localhost:39579|dataStream:localhost:40179|priority:0|startupRole:FOLLOWER, s2|rpc:localhost:33439|admin:localhost:44687|client:localhost:36505|dataStream:localhost:46481|priority:0|startupRole:FOLLOWER]|listeners:[], old=null RUNNING
2022-07-19 02:08:28,513 [java.util.concurrent.ThreadPoolExecutor$Worker@792ee617[State = -1, empty queue]] WARN  grpc.GrpcUtil (GrpcUtil.java:shutdownManagedChannel(216)) - Timed out gracefully shutting down connection: ManagedChannelOrphanWrapper{delegate=ManagedChannelImpl{logId=1700, target=localhost:39579}}. 
2022-07-19 02:08:31,556 [java.util.concurrent.ThreadPoolExecutor$Worker@796e0fad[State = -1, empty queue]] WARN  grpc.GrpcUtil (GrpcUtil.java:shutdownManagedChannel(216)) - Timed out gracefully shutting down connection: ManagedChannelOrphanWrapper{delegate=ManagedChannelImpl{logId=1714, target=localhost:39579}}. 
2022-07-19 02:08:31,581 [java.util.concurrent.ThreadPoolExecutor$Worker@65823780[State = -1, empty queue]] WARN  grpc.GrpcUtil (GrpcUtil.java:shutdownManagedChannel(216)) - Timed out gracefully shutting down connection: ManagedChannelOrphanWrapper{delegate=ManagedChannelImpl{logId=1728, target=localhost:39579}}. 
2022-07-19 02:08:34,631 [java.util.concurrent.ThreadPoolExecutor$Worker@1ca97122[State = -1, empty queue]] WARN  grpc.GrpcUtil (GrpcUtil.java:shutdownManagedChannel(216)) - Timed out gracefully shutting down connection: ManagedChannelOrphanWrapper{delegate=ManagedChannelImpl{logId=1742, target=localhost:39579}}. 
2022-07-19 02:08:36,475 [Timer-2] INFO  impl.MiniRaftCluster (MiniRaftCluster.java:lambda$null$5(315)) - TIMED-PRINT: printing ALL groups
  s0:  RUNNING  FOLLOWER s0@group-33DD9DD108AB:t4, leader=s1, voted=s1, raftlog=Memoized:s0@group-33DD9DD108AB-SegmentedRaftLog:OPENED:c99, conf=92: peers:[s0|rpc:localhost:42967|admin:localhost:35399|client:localhost:33207|dataStream:localhost:43161|priority:0|startupRole:FOLLOWER, s1|rpc:localhost:43989|admin:localhost:33969|client:localhost:39579|dataStream:localhost:40179|priority:0|startupRole:FOLLOWER, s2|rpc:localhost:33439|admin:localhost:44687|client:localhost:36505|dataStream:localhost:46481|priority:0|startupRole:FOLLOWER]|listeners:[], old=null RUNNING
  s1:  RUNNING    LEADER s1@group-33DD9DD108AB:t4, leader=s1, voted=s1, raftlog=Memoized:s1@group-33DD9DD108AB-SegmentedRaftLog:OPENED:c99, conf=92: peers:[s0|rpc:localhost:42967|admin:localhost:35399|client:localhost:33207|dataStream:localhost:43161|priority:0|startupRole:FOLLOWER, s1|rpc:localhost:43989|admin:localhost:33969|client:localhost:39579|dataStream:localhost:40179|priority:0|startupRole:FOLLOWER, s2|rpc:localhost:33439|admin:localhost:44687|client:localhost:36505|dataStream:localhost:46481|priority:0|startupRole:FOLLOWER]|listeners:[], old=null RUNNING
  s2:  RUNNING  FOLLOWER s2@group-33DD9DD108AB:t4, leader=s1, voted=s1, raftlog=Memoized:s2@group-33DD9DD108AB-SegmentedRaftLog:OPENED:c99, conf=92: peers:[s0|rpc:localhost:42967|admin:localhost:35399|client:localhost:33207|dataStream:localhost:43161|priority:0|startupRole:FOLLOWER, s1|rpc:localhost:43989|admin:localhost:33969|client:localhost:39579|dataStream:localhost:40179|priority:0|startupRole:FOLLOWER, s2|rpc:localhost:33439|admin:localhost:44687|client:localhost:36505|dataStream:localhost:46481|priority:0|startupRole:FOLLOWER]|listeners:[], old=null RUNNING
2022-07-19 02:08:37,669 [java.util.concurrent.ThreadPoolExecutor$Worker@50c6e74[State = -1, empty queue]] WARN  grpc.GrpcUtil (GrpcUtil.java:shutdownManagedChannel(216)) - Timed out gracefully shutting down connection: ManagedChannelOrphanWrapper{delegate=ManagedChannelImpl{logId=1756, target=localhost:39579}}. 
2022-07-19 02:08:37,692 [java.util.concurrent.ThreadPoolExecutor$Worker@7fe2d377[State = -1, empty queue]] WARN  grpc.GrpcUtil (GrpcUtil.java:shutdownManagedChannel(216)) - Timed out gracefully shutting down connection: ManagedChannelOrphanWrapper{delegate=ManagedChannelImpl{logId=1770, target=localhost:39579}}. 
2022-07-19 02:08:40,743 [java.util.concurrent.ThreadPoolExecutor$Worker@6e428a2c[State = -1, empty queue]] WARN  grpc.GrpcUtil (GrpcUtil.java:shutdownManagedChannel(216)) - Timed out gracefully shutting down connection: ManagedChannelOrphanWrapper{delegate=ManagedChannelImpl{logId=1784, target=localhost:39579}}. 
2022-07-19 02:08:43,786 [java.util.concurrent.ThreadPoolExecutor$Worker@107ecda5[State = -1, empty queue]] WARN  grpc.GrpcUtil (GrpcUtil.java:shutdownManagedChannel(216)) - Timed out gracefully shutting down connection: ManagedChannelOrphanWrapper{delegate=ManagedChannelImpl{logId=1798, target=localhost:39579}}. 
2022-07-19 02:08:43,807 [java.util.concurrent.ThreadPoolExecutor$Worker@ce8b91f[State = -1, empty queue]] WARN  grpc.GrpcUtil (GrpcUtil.java:shutdownManagedChannel(216)) - Timed out gracefully shutting down connection: ManagedChannelOrphanWrapper{delegate=ManagedChannelImpl{logId=1812, target=localhost:39579}}. 
2022-07-19 02:08:46,476 [Timer-2] INFO  impl.MiniRaftCluster (MiniRaftCluster.java:lambda$null$5(315)) - TIMED-PRINT: printing ALL groups
  s0:  RUNNING  FOLLOWER s0@group-33DD9DD108AB:t4, leader=s1, voted=s1, raftlog=Memoized:s0@group-33DD9DD108AB-SegmentedRaftLog:OPENED:c99, conf=92: peers:[s0|rpc:localhost:42967|admin:localhost:35399|client:localhost:33207|dataStream:localhost:43161|priority:0|startupRole:FOLLOWER, s1|rpc:localhost:43989|admin:localhost:33969|client:localhost:39579|dataStream:localhost:40179|priority:0|startupRole:FOLLOWER, s2|rpc:localhost:33439|admin:localhost:44687|client:localhost:36505|dataStream:localhost:46481|priority:0|startupRole:FOLLOWER]|listeners:[], old=null RUNNING
  s1:  RUNNING    LEADER s1@group-33DD9DD108AB:t4, leader=s1, voted=s1, raftlog=Memoized:s1@group-33DD9DD108AB-SegmentedRaftLog:OPENED:c99, conf=92: peers:[s0|rpc:localhost:42967|admin:localhost:35399|client:localhost:33207|dataStream:localhost:43161|priority:0|startupRole:FOLLOWER, s1|rpc:localhost:43989|admin:localhost:33969|client:localhost:39579|dataStream:localhost:40179|priority:0|startupRole:FOLLOWER, s2|rpc:localhost:33439|admin:localhost:44687|client:localhost:36505|dataStream:localhost:46481|priority:0|startupRole:FOLLOWER]|listeners:[], old=null RUNNING
  s2:  RUNNING  FOLLOWER s2@group-33DD9DD108AB:t4, leader=s1, voted=s1, raftlog=Memoized:s2@group-33DD9DD108AB-SegmentedRaftLog:OPENED:c99, conf=92: peers:[s0|rpc:localhost:42967|admin:localhost:35399|client:localhost:33207|dataStream:localhost:43161|priority:0|startupRole:FOLLOWER, s1|rpc:localhost:43989|admin:localhost:33969|client:localhost:39579|dataStream:localhost:40179|priority:0|startupRole:FOLLOWER, s2|rpc:localhost:33439|admin:localhost:44687|client:localhost:36505|dataStream:localhost:46481|priority:0|startupRole:FOLLOWER]|listeners:[], old=null RUNNING
2022-07-19 02:08:46,858 [java.util.concurrent.ThreadPoolExecutor$Worker@394c4141[State = -1, empty queue]] WARN  grpc.GrpcUtil (GrpcUtil.java:shutdownManagedChannel(216)) - Timed out gracefully shutting down connection: ManagedChannelOrphanWrapper{delegate=ManagedChannelImpl{logId=1826, target=localhost:39579}}. 
2022-07-19 02:08:49,902 [java.util.concurrent.ThreadPoolExecutor$Worker@aec85ac[State = -1, empty queue]] WARN  grpc.GrpcUtil (GrpcUtil.java:shutdownManagedChannel(216)) - Timed out gracefully shutting down connection: ManagedChannelOrphanWrapper{delegate=ManagedChannelImpl{logId=1840, target=localhost:39579}}. 
2022-07-19 02:08:49,924 [java.util.concurrent.ThreadPoolExecutor$Worker@119c2690[State = -1, empty queue]] WARN  grpc.GrpcUtil (GrpcUtil.java:shutdownManagedChannel(216)) - Timed out gracefully shutting down connection: ManagedChannelOrphanWrapper{delegate=ManagedChannelImpl{logId=1854, target=localhost:39579}}. 
2022-07-19 02:08:52,982 [java.util.concurrent.ThreadPoolExecutor$Worker@63b5a93e[State = -1, empty queue]] WARN  grpc.GrpcUtil (GrpcUtil.java:shutdownManagedChannel(216)) - Timed out gracefully shutting down connection: ManagedChannelOrphanWrapper{delegate=ManagedChannelImpl{logId=1868, target=localhost:39579}}. 
2022-07-19 02:08:56,035 [java.util.concurrent.ThreadPoolExecutor$Worker@f0f7440[State = -1, empty queue]] WARN  grpc.GrpcUtil (GrpcUtil.java:shutdownManagedChannel(216)) - Timed out gracefully shutting down connection: ManagedChannelOrphanWrapper{delegate=ManagedChannelImpl{logId=1885, target=localhost:39579}}. 
2022-07-19 02:08:56,045 [java.util.concurrent.ThreadPoolExecutor$Worker@73593a12[State = -1, empty queue]] WARN  grpc.GrpcUtil (GrpcUtil.java:shutdownManagedChannel(216)) - Timed out gracefully shutting down connection: ManagedChannelOrphanWrapper{delegate=ManagedChannelImpl{logId=1896, target=localhost:39579}}. 
2022-07-19 02:08:56,475 [Timer-2] INFO  impl.MiniRaftCluster (MiniRaftCluster.java:lambda$null$5(315)) - TIMED-PRINT: printing ALL groups
  s0:  RUNNING  FOLLOWER s0@group-33DD9DD108AB:t4, leader=s1, voted=s1, raftlog=Memoized:s0@group-33DD9DD108AB-SegmentedRaftLog:OPENED:c99, conf=92: peers:[s0|rpc:localhost:42967|admin:localhost:35399|client:localhost:33207|dataStream:localhost:43161|priority:0|startupRole:FOLLOWER, s1|rpc:localhost:43989|admin:localhost:33969|client:localhost:39579|dataStream:localhost:40179|priority:0|startupRole:FOLLOWER, s2|rpc:localhost:33439|admin:localhost:44687|client:localhost:36505|dataStream:localhost:46481|priority:0|startupRole:FOLLOWER]|listeners:[], old=null RUNNING
  s1:  RUNNING    LEADER s1@group-33DD9DD108AB:t4, leader=s1, voted=s1, raftlog=Memoized:s1@group-33DD9DD108AB-SegmentedRaftLog:OPENED:c99, conf=92: peers:[s0|rpc:localhost:42967|admin:localhost:35399|client:localhost:33207|dataStream:localhost:43161|priority:0|startupRole:FOLLOWER, s1|rpc:localhost:43989|admin:localhost:33969|client:localhost:39579|dataStream:localhost:40179|priority:0|startupRole:FOLLOWER, s2|rpc:localhost:33439|admin:localhost:44687|client:localhost:36505|dataStream:localhost:46481|priority:0|startupRole:FOLLOWER]|listeners:[], old=null RUNNING
  s2:  RUNNING  FOLLOWER s2@group-33DD9DD108AB:t4, leader=s1, voted=s1, raftlog=Memoized:s2@group-33DD9DD108AB-SegmentedRaftLog:OPENED:c99, conf=92: peers:[s0|rpc:localhost:42967|admin:localhost:35399|client:localhost:33207|dataStream:localhost:43161|priority:0|startupRole:FOLLOWER, s1|rpc:localhost:43989|admin:localhost:33969|client:localhost:39579|dataStream:localhost:40179|priority:0|startupRole:FOLLOWER, s2|rpc:localhost:33439|admin:localhost:44687|client:localhost:36505|dataStream:localhost:46481|priority:0|startupRole:FOLLOWER]|listeners:[], old=null RUNNING
2022-07-19 02:08:59,104 [java.util.concurrent.ThreadPoolExecutor$Worker@62edbc1[State = -1, empty queue]] WARN  grpc.GrpcUtil (GrpcUtil.java:shutdownManagedChannel(216)) - Timed out gracefully shutting down connection: ManagedChannelOrphanWrapper{delegate=ManagedChannelImpl{logId=1910, target=localhost:39579}}. 
2022-07-19 02:09:02,151 [java.util.concurrent.ThreadPoolExecutor$Worker@7ef33c16[State = -1, empty queue]] WARN  grpc.GrpcUtil (GrpcUtil.java:shutdownManagedChannel(216)) - Timed out gracefully shutting down connection: ManagedChannelOrphanWrapper{delegate=ManagedChannelImpl{logId=1931, target=localhost:39579}}. 
2022-07-19 02:09:02,163 [java.util.concurrent.ThreadPoolExecutor$Worker@1d9c38a7[State = -1, empty queue]] WARN  grpc.GrpcUtil (GrpcUtil.java:shutdownManagedChannel(216)) - Timed out gracefully shutting down connection: ManagedChannelOrphanWrapper{delegate=ManagedChannelImpl{logId=1938, target=localhost:39579}}. 
2022-07-19 02:09:05,216 [java.util.concurrent.ThreadPoolExecutor$Worker@3297addc[State = -1, empty queue]] WARN  grpc.GrpcUtil (GrpcUtil.java:shutdownManagedChannel(216)) - Timed out gracefully shutting down connection: ManagedChannelOrphanWrapper{delegate=ManagedChannelImpl{logId=1952, target=localhost:39579}}. 
2022-07-19 02:09:05,336 [s1-client-thread2] INFO  statemachine.StateMachine (DataStreamTestUtils.java:link(157)) - link null
2022-07-19 02:09:05,337 [s2-server-thread1] INFO  statemachine.StateMachine (DataStreamTestUtils.java:link(157)) - link null
2022-07-19 02:09:05,340 [s0-server-thread1] INFO  statemachine.StateMachine (DataStreamTestUtils.java:link(157)) - link null
2022-07-19 02:09:06,476 [Timer-2] INFO  impl.MiniRaftCluster (MiniRaftCluster.java:lambda$null$5(315)) - TIMED-PRINT: printing ALL groups
  s0:  RUNNING  FOLLOWER s0@group-33DD9DD108AB:t4, leader=s1, voted=s1, raftlog=Memoized:s0@group-33DD9DD108AB-SegmentedRaftLog:OPENED:c99, conf=92: peers:[s0|rpc:localhost:42967|admin:localhost:35399|client:localhost:33207|dataStream:localhost:43161|priority:0|startupRole:FOLLOWER, s1|rpc:localhost:43989|admin:localhost:33969|client:localhost:39579|dataStream:localhost:40179|priority:0|startupRole:FOLLOWER, s2|rpc:localhost:33439|admin:localhost:44687|client:localhost:36505|dataStream:localhost:46481|priority:0|startupRole:FOLLOWER]|listeners:[], old=null RUNNING
  s1:  RUNNING    LEADER s1@group-33DD9DD108AB:t4, leader=s1, voted=s1, raftlog=Memoized:s1@group-33DD9DD108AB-SegmentedRaftLog:OPENED:c99, conf=92: peers:[s0|rpc:localhost:42967|admin:localhost:35399|client:localhost:33207|dataStream:localhost:43161|priority:0|startupRole:FOLLOWER, s1|rpc:localhost:43989|admin:localhost:33969|client:localhost:39579|dataStream:localhost:40179|priority:0|startupRole:FOLLOWER, s2|rpc:localhost:33439|admin:localhost:44687|client:localhost:36505|dataStream:localhost:46481|priority:0|startupRole:FOLLOWER]|listeners:[], old=null RUNNING
  s2:  RUNNING  FOLLOWER s2@group-33DD9DD108AB:t4, leader=s1, voted=s1, raftlog=Memoized:s2@group-33DD9DD108AB-SegmentedRaftLog:OPENED:c99, conf=92: peers:[s0|rpc:localhost:42967|admin:localhost:35399|client:localhost:33207|dataStream:localhost:43161|priority:0|startupRole:FOLLOWER, s1|rpc:localhost:43989|admin:localhost:33969|client:localhost:39579|dataStream:localhost:40179|priority:0|startupRole:FOLLOWER, s2|rpc:localhost:33439|admin:localhost:44687|client:localhost:36505|dataStream:localhost:46481|priority:0|startupRole:FOLLOWER]|listeners:[], old=null RUNNING
2022-07-19 02:09:08,269 [java.util.concurrent.ThreadPoolExecutor$Worker@14993b62[State = -1, empty queue]] WARN  grpc.GrpcUtil (GrpcUtil.java:shutdownManagedChannel(216)) - Timed out gracefully shutting down connection: ManagedChannelOrphanWrapper{delegate=ManagedChannelImpl{logId=1972, target=localhost:39579}}. 
2022-07-19 02:09:08,287 [java.util.concurrent.ThreadPoolExecutor$Worker@5ad2442c[State = -1, empty queue]] WARN  grpc.GrpcUtil (GrpcUtil.java:shutdownManagedChannel(216)) - Timed out gracefully shutting down connection: ManagedChannelOrphanWrapper{delegate=ManagedChannelImpl{logId=1980, target=localhost:39579}}. 
2022-07-19 02:09:08,385 [s1-client-thread2] INFO  statemachine.StateMachine (DataStreamTestUtils.java:link(157)) - link null
2022-07-19 02:09:08,386 [s2-server-thread1] INFO  statemachine.StateMachine (DataStreamTestUtils.java:link(157)) - link null
2022-07-19 02:09:08,386 [s0-server-thread1] INFO  statemachine.StateMachine (DataStreamTestUtils.java:link(157)) - link null
2022-07-19 02:09:08,408 [s1-client-thread2] INFO  statemachine.StateMachine (DataStreamTestUtils.java:link(157)) - link null
2022-07-19 02:09:08,410 [s0-server-thread1] INFO  statemachine.StateMachine (DataStreamTestUtils.java:link(157)) - link null
2022-07-19 02:09:08,410 [s2-server-thread1] INFO  statemachine.StateMachine (DataStreamTestUtils.java:link(157)) - link null
2022-07-19 02:09:11,335 [java.util.concurrent.ThreadPoolExecutor$Worker@5be140fa[State = -1, empty queue]] WARN  grpc.GrpcUtil (GrpcUtil.java:shutdownManagedChannel(216)) - Timed out gracefully shutting down connection: ManagedChannelOrphanWrapper{delegate=ManagedChannelImpl{logId=1994, target=localhost:39579}}. 
2022-07-19 02:09:11,337 [java.util.concurrent.ThreadPoolExecutor$Worker@5be140fa[State = -1, empty queue]] WARN  server.GrpcLogAppender (GrpcLogAppender.java:timeoutAppendRequest(240)) - s1@group-33DD9DD108AB->s2-GrpcLogAppender:  appendEntries Timeout, request=AppendEntriesRequest:cid=3231,entriesCount=1,lastEntry=(t:4, i:114)
2022-07-19 02:09:11,337 [java.util.concurrent.ThreadPoolExecutor$Worker@5be140fa[State = -1, empty queue]] WARN  server.GrpcLogAppender (GrpcLogAppender.java:timeoutAppendRequest(240)) - s1@group-33DD9DD108AB->s0-GrpcLogAppender:  appendEntries Timeout, request=AppendEntriesRequest:cid=3245,entriesCount=1,lastEntry=(t:4, i:114)
2022-07-19 02:09:14,382 [java.util.concurrent.ThreadPoolExecutor$Worker@20aa6cc6[State = -1, empty queue]] WARN  grpc.GrpcUtil (GrpcUtil.java:shutdownManagedChannel(216)) - Timed out gracefully shutting down connection: ManagedChannelOrphanWrapper{delegate=ManagedChannelImpl{logId=2008, target=localhost:39579}}. 
2022-07-19 02:09:14,383 [java.util.concurrent.ThreadPoolExecutor$Worker@20aa6cc6[State = -1, empty queue]] WARN  server.GrpcLogAppender (GrpcLogAppender.java:timeoutAppendRequest(240)) - s1@group-33DD9DD108AB->s2-GrpcLogAppender:  appendEntries Timeout, request=AppendEntriesRequest:cid=3271,entriesCount=1,lastEntry=(t:4, i:115)
2022-07-19 02:09:14,384 [java.util.concurrent.ThreadPoolExecutor$Worker@20aa6cc6[State = -1, empty queue]] WARN  server.GrpcLogAppender (GrpcLogAppender.java:timeoutAppendRequest(240)) - s1@group-33DD9DD108AB->s0-GrpcLogAppender:  appendEntries Timeout, request=AppendEntriesRequest:cid=3285,entriesCount=1,lastEntry=(t:4, i:115)
2022-07-19 02:09:14,406 [java.util.concurrent.ThreadPoolExecutor$Worker@704f3284[State = -1, empty queue]] WARN  grpc.GrpcUtil (GrpcUtil.java:shutdownManagedChannel(216)) - Timed out gracefully shutting down connection: ManagedChannelOrphanWrapper{delegate=ManagedChannelImpl{logId=2022, target=localhost:39579}}. 
2022-07-19 02:09:14,408 [java.util.concurrent.ThreadPoolExecutor$Worker@704f3284[State = -1, empty queue]] WARN  server.GrpcLogAppender (GrpcLogAppender.java:timeoutAppendRequest(240)) - s1@group-33DD9DD108AB->s0-GrpcLogAppender:  appendEntries Timeout, request=AppendEntriesRequest:cid=3287,entriesCount=1,lastEntry=(t:4, i:116)
2022-07-19 02:09:14,408 [java.util.concurrent.ThreadPoolExecutor$Worker@704f3284[State = -1, empty queue]] WARN  server.GrpcLogAppender (GrpcLogAppender.java:timeoutAppendRequest(240)) - s1@group-33DD9DD108AB->s2-GrpcLogAppender:  appendEntries Timeout, request=AppendEntriesRequest:cid=3273,entriesCount=1,lastEntry=(t:4, i:116)
]]></system-out>
  </testcase>
  <testcase name="testStreamWrites" classname="org.apache.ratis.datastream.TestNettyDataStreamChainTopologyWithGrpcCluster" time="5.855"/>
</testsuite>