<?xml version="1.0" encoding="UTF-8"?>
<testsuite xmlns:xsi="http://www.w3.org/2001/XMLSchema-instance" xsi:noNamespaceSchemaLocation="https://maven.apache.org/surefire/maven-surefire-plugin/xsd/surefire-test-report.xsd" name="org.apache.ratis.grpc.TestRaftAsyncWithGrpc" time="44.95" tests="13" errors="0" skipped="0" failures="1">
  <properties>
    <property name="awt.toolkit" value="sun.awt.X11.XToolkit"/>
    <property name="java.specification.version" value="11"/>
    <property name="sun.cpu.isalist" value=""/>
    <property name="sun.jnu.encoding" value="UTF-8"/>
    <property name="java.class.path" value="/home/runner/work/ratis/ratis/ratis-test/target/test-classes:/home/runner/work/ratis/ratis/ratis-test/target/classes:/home/runner/work/ratis/ratis/ratis-common/target/classes:/home/runner/.m2/repository/org/apache/ratis/ratis-thirdparty-misc/1.0.2/ratis-thirdparty-misc-1.0.2.jar:/home/runner/work/ratis/ratis/ratis-proto/target/ratis-proto-3.0.0-SNAPSHOT.jar:/home/runner/work/ratis/ratis/ratis-common/target/test-classes:/home/runner/work/ratis/ratis/ratis-client/target/classes:/home/runner/work/ratis/ratis/ratis-server/target/classes:/home/runner/work/ratis/ratis/ratis-server-api/target/classes:/home/runner/work/ratis/ratis/ratis-metrics-api/target/classes:/home/runner/work/ratis/ratis/ratis-server/target/test-classes:/home/runner/work/ratis/ratis/ratis-metrics-default/target/classes:/home/runner/work/ratis/ratis/ratis-netty/target/classes:/home/runner/work/ratis/ratis/ratis-netty/target/test-classes:/home/runner/work/ratis/ratis/ratis-grpc/target/classes:/home/runner/work/ratis/ratis/ratis-grpc/target/test-classes:/home/runner/.m2/repository/org/slf4j/slf4j-api/1.7.29/slf4j-api-1.7.29.jar:/home/runner/.m2/repository/org/slf4j/slf4j-log4j12/1.7.29/slf4j-log4j12-1.7.29.jar:/home/runner/.m2/repository/log4j/log4j/1.2.17/log4j-1.2.17.jar:/home/runner/.m2/repository/junit/junit/4.13.2/junit-4.13.2.jar:/home/runner/.m2/repository/org/hamcrest/hamcrest-core/1.3/hamcrest-core-1.3.jar:/home/runner/.m2/repository/org/mockito/mockito-core/4.3.1/mockito-core-4.3.1.jar:/home/runner/.m2/repository/net/bytebuddy/byte-buddy/1.12.7/byte-buddy-1.12.7.jar:/home/runner/.m2/repository/net/bytebuddy/byte-buddy-agent/1.12.7/byte-buddy-agent-1.12.7.jar:/home/runner/.m2/repository/org/objenesis/objenesis/3.2/objenesis-3.2.jar:/home/runner/work/ratis/ratis/ratis-shell/target/classes:/home/runner/.m2/repository/commons-cli/commons-cli/1.5.0/commons-cli-1.5.0.jar:/home/runner/.m2/repository/org/slf4j/slf4j-simple/1.7.29/slf4j-simple-1.7.29.jar:/home/runner/.m2/repository/org/reflections/reflections/0.10.2/reflections-0.10.2.jar:/home/runner/.m2/repository/org/javassist/javassist/3.28.0-GA/javassist-3.28.0-GA.jar:/home/runner/.m2/repository/com/google/code/findbugs/jsr305/3.0.2/jsr305-3.0.2.jar:"/>
    <property name="java.vm.vendor" value="Eclipse Adoptium"/>
    <property name="sun.arch.data.model" value="64"/>
    <property name="java.vendor.url" value="https://adoptium.net/"/>
    <property name="user.timezone" value=""/>
    <property name="java.vm.specification.version" value="11"/>
    <property name="os.name" value="Linux"/>
    <property name="sun.java.launcher" value="SUN_STANDARD"/>
    <property name="sun.boot.library.path" value="/usr/lib/jvm/temurin-11-jdk-amd64/lib"/>
    <property name="sun.java.command" value="/home/runner/work/ratis/ratis/ratis-test/target/surefire/surefirebooter12831726487063880995.jar /home/runner/work/ratis/ratis/ratis-test/target/surefire 2022-09-22T09-24-28_228-jvmRun1 surefire11020420093203190919tmp surefire_4435134924905296107tmp"/>
    <property name="jdk.debug" value="release"/>
    <property name="surefire.test.class.path" value="/home/runner/work/ratis/ratis/ratis-test/target/test-classes:/home/runner/work/ratis/ratis/ratis-test/target/classes:/home/runner/work/ratis/ratis/ratis-common/target/classes:/home/runner/.m2/repository/org/apache/ratis/ratis-thirdparty-misc/1.0.2/ratis-thirdparty-misc-1.0.2.jar:/home/runner/work/ratis/ratis/ratis-proto/target/ratis-proto-3.0.0-SNAPSHOT.jar:/home/runner/work/ratis/ratis/ratis-common/target/test-classes:/home/runner/work/ratis/ratis/ratis-client/target/classes:/home/runner/work/ratis/ratis/ratis-server/target/classes:/home/runner/work/ratis/ratis/ratis-server-api/target/classes:/home/runner/work/ratis/ratis/ratis-metrics-api/target/classes:/home/runner/work/ratis/ratis/ratis-server/target/test-classes:/home/runner/work/ratis/ratis/ratis-metrics-default/target/classes:/home/runner/work/ratis/ratis/ratis-netty/target/classes:/home/runner/work/ratis/ratis/ratis-netty/target/test-classes:/home/runner/work/ratis/ratis/ratis-grpc/target/classes:/home/runner/work/ratis/ratis/ratis-grpc/target/test-classes:/home/runner/.m2/repository/org/slf4j/slf4j-api/1.7.29/slf4j-api-1.7.29.jar:/home/runner/.m2/repository/org/slf4j/slf4j-log4j12/1.7.29/slf4j-log4j12-1.7.29.jar:/home/runner/.m2/repository/log4j/log4j/1.2.17/log4j-1.2.17.jar:/home/runner/.m2/repository/junit/junit/4.13.2/junit-4.13.2.jar:/home/runner/.m2/repository/org/hamcrest/hamcrest-core/1.3/hamcrest-core-1.3.jar:/home/runner/.m2/repository/org/mockito/mockito-core/4.3.1/mockito-core-4.3.1.jar:/home/runner/.m2/repository/net/bytebuddy/byte-buddy/1.12.7/byte-buddy-1.12.7.jar:/home/runner/.m2/repository/net/bytebuddy/byte-buddy-agent/1.12.7/byte-buddy-agent-1.12.7.jar:/home/runner/.m2/repository/org/objenesis/objenesis/3.2/objenesis-3.2.jar:/home/runner/work/ratis/ratis/ratis-shell/target/classes:/home/runner/.m2/repository/commons-cli/commons-cli/1.5.0/commons-cli-1.5.0.jar:/home/runner/.m2/repository/org/slf4j/slf4j-simple/1.7.29/slf4j-simple-1.7.29.jar:/home/runner/.m2/repository/org/reflections/reflections/0.10.2/reflections-0.10.2.jar:/home/runner/.m2/repository/org/javassist/javassist/3.28.0-GA/javassist-3.28.0-GA.jar:/home/runner/.m2/repository/com/google/code/findbugs/jsr305/3.0.2/jsr305-3.0.2.jar:"/>
    <property name="sun.cpu.endian" value="little"/>
    <property name="user.home" value="/home/runner"/>
    <property name="user.language" value="en"/>
    <property name="java.specification.vendor" value="Oracle Corporation"/>
    <property name="java.version.date" value="2022-08-12"/>
    <property name="java.home" value="/usr/lib/jvm/temurin-11-jdk-amd64"/>
    <property name="file.separator" value="/"/>
    <property name="basedir" value="/home/runner/work/ratis/ratis/ratis-test"/>
    <property name="java.vm.compressedOopsMode" value="32-bit"/>
    <property name="line.separator" value="&#10;"/>
    <property name="java.specification.name" value="Java Platform API Specification"/>
    <property name="java.vm.specification.vendor" value="Oracle Corporation"/>
    <property name="java.awt.graphicsenv" value="sun.awt.X11GraphicsEnvironment"/>
    <property name="surefire.real.class.path" value="/home/runner/work/ratis/ratis/ratis-test/target/surefire/surefirebooter12831726487063880995.jar"/>
    <property name="sun.management.compiler" value="HotSpot 64-Bit Tiered Compilers"/>
    <property name="java.runtime.version" value="11.0.16.1+1"/>
    <property name="user.name" value="runner"/>
    <property name="java.net.preferIPv4Stack" value="true"/>
    <property name="path.separator" value=":"/>
    <property name="os.version" value="5.15.0-1019-azure"/>
    <property name="java.runtime.name" value="OpenJDK Runtime Environment"/>
    <property name="file.encoding" value="UTF-8"/>
    <property name="java.vm.name" value="OpenJDK 64-Bit Server VM"/>
    <property name="java.vendor.version" value="Temurin-11.0.16.1+1"/>
    <property name="localRepository" value="/home/runner/.m2/repository"/>
    <property name="java.vendor.url.bug" value="https://github.com/adoptium/adoptium-support/issues"/>
    <property name="java.io.tmpdir" value="/tmp"/>
    <property name="java.version" value="11.0.16.1"/>
    <property name="user.dir" value="/home/runner/work/ratis/ratis/ratis-test"/>
    <property name="os.arch" value="amd64"/>
    <property name="ratis.tmp.dir" value="/home/runner/work/ratis/ratis/ratis-test/target/tmp"/>
    <property name="java.vm.specification.name" value="Java Virtual Machine Specification"/>
    <property name="java.awt.printerjob" value="sun.print.PSPrinterJob"/>
    <property name="ratis.log.dir" value="/home/runner/work/ratis/ratis/ratis-test/target/log"/>
    <property name="sun.os.patch.level" value="unknown"/>
    <property name="java.library.path" value="/usr/java/packages/lib:/usr/lib64:/lib64:/lib:/usr/lib"/>
    <property name="java.vm.info" value="mixed mode"/>
    <property name="java.vendor" value="Eclipse Adoptium"/>
    <property name="java.vm.version" value="11.0.16.1+1"/>
    <property name="sun.io.unicode.encoding" value="UnicodeLittle"/>
    <property name="java.class.version" value="55.0"/>
  </properties>
  <testcase name="testAsyncConfiguration" classname="org.apache.ratis.grpc.TestRaftAsyncWithGrpc" time="0.293"/>
  <testcase name="testStaleReadAsync" classname="org.apache.ratis.grpc.TestRaftAsyncWithGrpc" time="2.375"/>
  <testcase name="testStateMachineMetrics" classname="org.apache.ratis.grpc.TestRaftAsyncWithGrpc" time="0.664">
    <failure message="StateMachine Applied Index not incremented" type="java.lang.AssertionError">java.lang.AssertionError: StateMachine Applied Index not incremented
	at org.junit.Assert.fail(Assert.java:89)
	at org.junit.Assert.assertTrue(Assert.java:42)
	at org.apache.ratis.RaftBasicTests.testStateMachineMetrics(RaftBasicTests.java:480)
	at org.apache.ratis.RaftAsyncTests.lambda$testStateMachineMetrics$12(RaftAsyncTests.java:375)
	at org.apache.ratis.server.impl.MiniRaftCluster$Factory$Get.runWithNewCluster(MiniRaftCluster.java:141)
	at org.apache.ratis.server.impl.MiniRaftCluster$Factory$Get.runWithNewCluster(MiniRaftCluster.java:121)
	at org.apache.ratis.RaftAsyncTests.testStateMachineMetrics(RaftAsyncTests.java:374)
	at java.base/jdk.internal.reflect.NativeMethodAccessorImpl.invoke0(Native Method)
	at java.base/jdk.internal.reflect.NativeMethodAccessorImpl.invoke(NativeMethodAccessorImpl.java:62)
	at java.base/jdk.internal.reflect.DelegatingMethodAccessorImpl.invoke(DelegatingMethodAccessorImpl.java:43)
	at java.base/java.lang.reflect.Method.invoke(Method.java:566)
	at org.junit.runners.model.FrameworkMethod$1.runReflectiveCall(FrameworkMethod.java:59)
	at org.junit.internal.runners.model.ReflectiveCallable.run(ReflectiveCallable.java:12)
	at org.junit.runners.model.FrameworkMethod.invokeExplosively(FrameworkMethod.java:56)
	at org.junit.internal.runners.statements.InvokeMethod.evaluate(InvokeMethod.java:17)
	at org.junit.internal.runners.statements.RunAfters.evaluate(RunAfters.java:27)
	at org.junit.internal.runners.statements.FailOnTimeout$CallableStatement.call(FailOnTimeout.java:299)
	at org.junit.internal.runners.statements.FailOnTimeout$CallableStatement.call(FailOnTimeout.java:293)
	at java.base/java.util.concurrent.FutureTask.run(FutureTask.java:264)
	at java.base/java.lang.Thread.run(Thread.java:829)
</failure>
    <system-out><![CDATA[2022-09-22 09:27:24,784 [main] INFO  util.LogUtils (Log4jUtils.java:setLogLevel(32)) - Set org.apache.ratis.conf.ConfUtils log level to WARN
2022-09-22 09:27:24,784 [main] INFO  util.LogUtils (Log4jUtils.java:setLogLevel(32)) - Set org.apache.ratis.util.FileUtils log level to TRACE
2022-09-22 09:27:24,784 [main] INFO  util.LogUtils (Log4jUtils.java:setLogLevel(32)) - Set org.apache.ratis.server.RaftServer$Division log level to DEBUG
2022-09-22 09:27:24,784 [main] INFO  util.LogUtils (Log4jUtils.java:setLogLevel(32)) - Set org.apache.ratis.client.RaftClient log level to DEBUG
2022-09-22 09:27:24,789 [Time-limited test] INFO  impl.MiniRaftCluster (MiniRaftCluster.java:runWithNewCluster(135)) - Running runWithNewCluster
2022-09-22 09:27:24,790 [Time-limited test] INFO  impl.MiniRaftCluster (MiniRaftCluster.java:<init>(306)) - new MiniRaftClusterWithGrpc with group-54DAC524AFE5:[s0|rpc:localhost:37915|admin:localhost:41577|client:localhost:40229|dataStream:localhost:44199|priority:0|startupRole:FOLLOWER, s1|rpc:localhost:40339|admin:localhost:38223|client:localhost:43145|dataStream:localhost:38639|priority:0|startupRole:FOLLOWER, s2|rpc:localhost:43945|admin:localhost:42233|client:localhost:33427|dataStream:localhost:44325|priority:0|startupRole:FOLLOWER]
2022-09-22 09:27:24,790 [Time-limited test] INFO  impl.MiniRaftCluster (MiniRaftCluster.java:start(339)) - .............................................................. 
2022-09-22 09:27:24,790 [Time-limited test] INFO  impl.MiniRaftCluster (MiniRaftCluster.java:start(340)) - ... 
2022-09-22 09:27:24,790 [Time-limited test] INFO  impl.MiniRaftCluster (MiniRaftCluster.java:start(341)) - ...     Starting MiniRaftClusterWithGrpc
2022-09-22 09:27:24,790 [Time-limited test] INFO  impl.MiniRaftCluster (MiniRaftCluster.java:start(342)) - ... 
2022-09-22 09:27:24,790 [Time-limited test] INFO  impl.MiniRaftCluster (MiniRaftCluster.java:start(343)) - .............................................................. 
2022-09-22 09:27:24,790 [Time-limited test] INFO  impl.MiniRaftCluster (MiniRaftCluster.java:initServers(318)) - servers = {}
2022-09-22 09:27:24,790 [Time-limited test] INFO  impl.MiniRaftCluster (MiniRaftCluster.java:newRaftServer(382)) - newRaftServer: s0, group-54DAC524AFE5:[s0|rpc:localhost:37915|admin:localhost:41577|client:localhost:40229|dataStream:localhost:44199|priority:0|startupRole:FOLLOWER, s1|rpc:localhost:40339|admin:localhost:38223|client:localhost:43145|dataStream:localhost:38639|priority:0|startupRole:FOLLOWER, s2|rpc:localhost:43945|admin:localhost:42233|client:localhost:33427|dataStream:localhost:44325|priority:0|startupRole:FOLLOWER], format? true
2022-09-22 09:27:24,790 [Time-limited test] TRACE util.FileUtils (FileUtils.java:deleteFully(168)) - deleteFully target/test/data/f8888bed/MiniRaftClusterWithGrpcfe035987/s0
2022-09-22 09:27:24,790 [Time-limited test] TRACE util.FileUtils (FileUtils.java:deleteFully(184)) - deleteFully: target/test/data/f8888bed/MiniRaftClusterWithGrpcfe035987/s0 does not exist.
2022-09-22 09:27:24,790 [Time-limited test] INFO  impl.MiniRaftCluster (MiniRaftCluster.java:newRaftServer(387)) - Formatted directory target/test/data/f8888bed/MiniRaftClusterWithGrpcfe035987/s0
2022-09-22 09:27:24,791 [Time-limited test] INFO  server.RaftServer (ConfUtils.java:logGet(46)) - raft.rpc.type = GRPC (default)
2022-09-22 09:27:24,791 [Time-limited test] INFO  grpc.GrpcConfigKeys (ConfUtils.java:logFallback(53)) - raft.grpc.admin.host = null (fallback to raft.grpc.server.host)
2022-09-22 09:27:24,791 [Time-limited test] INFO  grpc.GrpcConfigKeys (ConfUtils.java:logGet(46)) - raft.grpc.admin.port = 41577 (custom)
2022-09-22 09:27:24,791 [Time-limited test] INFO  grpc.GrpcConfigKeys (ConfUtils.java:logFallback(53)) - raft.grpc.client.host = null (fallback to raft.grpc.server.host)
2022-09-22 09:27:24,791 [Time-limited test] INFO  grpc.GrpcConfigKeys (ConfUtils.java:logGet(46)) - raft.grpc.client.port = 40229 (custom)
2022-09-22 09:27:24,791 [Time-limited test] INFO  grpc.GrpcConfigKeys (ConfUtils.java:logGet(46)) - raft.grpc.server.host = null (default)
2022-09-22 09:27:24,791 [Time-limited test] INFO  grpc.GrpcConfigKeys (ConfUtils.java:logGet(46)) - raft.grpc.server.port = 37915 (custom)
2022-09-22 09:27:24,791 [Time-limited test] INFO  server.GrpcService (ConfUtils.java:logGet(46)) - raft.grpc.message.size.max = 64MB (=67108864) (default)
2022-09-22 09:27:24,791 [Time-limited test] INFO  server.RaftServerConfigKeys (ConfUtils.java:logGet(46)) - raft.server.log.appender.buffer.byte-limit = 4MB (=4194304) (default)
2022-09-22 09:27:24,791 [Time-limited test] INFO  server.GrpcService (ConfUtils.java:logGet(46)) - raft.grpc.flow.control.window = 1MB (=1048576) (default)
2022-09-22 09:27:24,791 [Time-limited test] INFO  server.RaftServerConfigKeys (ConfUtils.java:logGet(46)) - raft.server.rpc.request.timeout = 3000ms (default)
2022-09-22 09:27:24,792 [Time-limited test] INFO  grpc.GrpcConfigKeys (ConfUtils.java:logGet(46)) - raft.grpc.server.heartbeat.channel = true (default)
2022-09-22 09:27:24,792 [Time-limited test] INFO  grpc.GrpcConfigKeys (ConfUtils.java:logGet(46)) - raft.grpc.server.async.request.thread.pool.cached = true (default)
2022-09-22 09:27:24,792 [Time-limited test] INFO  grpc.GrpcConfigKeys (ConfUtils.java:logGet(46)) - raft.grpc.server.async.request.thread.pool.size = 32 (default)
2022-09-22 09:27:24,793 [Time-limited test] INFO  impl.DataStreamServerImpl (ConfUtils.java:logGet(46)) - raft.datastream.type = DISABLED (default)
2022-09-22 09:27:24,793 [Time-limited test] INFO  server.RaftServerConfigKeys (ConfUtils.java:logGet(46)) - raft.server.threadpool.proxy.cached = true (default)
2022-09-22 09:27:24,793 [Time-limited test] INFO  server.RaftServerConfigKeys (ConfUtils.java:logGet(46)) - raft.server.threadpool.proxy.size = 0 (default)
2022-09-22 09:27:24,793 [Time-limited test] INFO  server.RaftServerConfigKeys (ConfUtils.java:logGet(46)) - raft.server.rpc.slowness.timeout = 60s (default)
2022-09-22 09:27:24,793 [Time-limited test] INFO  server.RaftServerConfigKeys (ConfUtils.java:logGet(46)) - raft.server.leaderelection.leader.step-down.wait-time = 10s (default)
2022-09-22 09:27:24,794 [Time-limited test] INFO  server.RaftServerConfigKeys (ConfUtils.java:logGet(46)) - raft.server.storage.dir = [/home/runner/work/ratis/ratis/ratis-test/target/test/data/f8888bed/MiniRaftClusterWithGrpcfe035987/s0] (custom)
2022-09-22 09:27:24,795 [Time-limited test] INFO  server.RaftServer (RaftServerProxy.java:addNew(99)) - s0: addNew group-54DAC524AFE5:[s0|rpc:localhost:37915|admin:localhost:41577|client:localhost:40229|dataStream:localhost:44199|priority:0|startupRole:FOLLOWER, s1|rpc:localhost:40339|admin:localhost:38223|client:localhost:43145|dataStream:localhost:38639|priority:0|startupRole:FOLLOWER, s2|rpc:localhost:43945|admin:localhost:42233|client:localhost:33427|dataStream:localhost:44325|priority:0|startupRole:FOLLOWER] returns group-54DAC524AFE5:java.util.concurrent.CompletableFuture@1aac0fb9[Not completed]
2022-09-22 09:27:24,795 [Time-limited test] INFO  impl.MiniRaftCluster (MiniRaftCluster.java:newRaftServer(382)) - newRaftServer: s1, group-54DAC524AFE5:[s0|rpc:localhost:37915|admin:localhost:41577|client:localhost:40229|dataStream:localhost:44199|priority:0|startupRole:FOLLOWER, s1|rpc:localhost:40339|admin:localhost:38223|client:localhost:43145|dataStream:localhost:38639|priority:0|startupRole:FOLLOWER, s2|rpc:localhost:43945|admin:localhost:42233|client:localhost:33427|dataStream:localhost:44325|priority:0|startupRole:FOLLOWER], format? true
2022-09-22 09:27:24,795 [Time-limited test] TRACE util.FileUtils (FileUtils.java:deleteFully(168)) - deleteFully target/test/data/f8888bed/MiniRaftClusterWithGrpcfe035987/s1
2022-09-22 09:27:24,795 [Time-limited test] TRACE util.FileUtils (FileUtils.java:deleteFully(184)) - deleteFully: target/test/data/f8888bed/MiniRaftClusterWithGrpcfe035987/s1 does not exist.
2022-09-22 09:27:24,795 [Time-limited test] INFO  impl.MiniRaftCluster (MiniRaftCluster.java:newRaftServer(387)) - Formatted directory target/test/data/f8888bed/MiniRaftClusterWithGrpcfe035987/s1
2022-09-22 09:27:24,795 [Time-limited test] INFO  server.RaftServer (ConfUtils.java:logGet(46)) - raft.rpc.type = GRPC (default)
2022-09-22 09:27:24,795 [Time-limited test] INFO  grpc.GrpcConfigKeys (ConfUtils.java:logFallback(53)) - raft.grpc.admin.host = null (fallback to raft.grpc.server.host)
2022-09-22 09:27:24,796 [Time-limited test] INFO  grpc.GrpcConfigKeys (ConfUtils.java:logGet(46)) - raft.grpc.admin.port = 38223 (custom)
2022-09-22 09:27:24,796 [Time-limited test] INFO  grpc.GrpcConfigKeys (ConfUtils.java:logFallback(53)) - raft.grpc.client.host = null (fallback to raft.grpc.server.host)
2022-09-22 09:27:24,796 [Time-limited test] INFO  grpc.GrpcConfigKeys (ConfUtils.java:logGet(46)) - raft.grpc.client.port = 43145 (custom)
2022-09-22 09:27:24,796 [Time-limited test] INFO  grpc.GrpcConfigKeys (ConfUtils.java:logGet(46)) - raft.grpc.server.host = null (default)
2022-09-22 09:27:24,796 [Time-limited test] INFO  grpc.GrpcConfigKeys (ConfUtils.java:logGet(46)) - raft.grpc.server.port = 40339 (custom)
2022-09-22 09:27:24,796 [Time-limited test] INFO  server.GrpcService (ConfUtils.java:logGet(46)) - raft.grpc.message.size.max = 64MB (=67108864) (default)
2022-09-22 09:27:24,796 [Time-limited test] INFO  server.RaftServerConfigKeys (ConfUtils.java:logGet(46)) - raft.server.log.appender.buffer.byte-limit = 4MB (=4194304) (default)
2022-09-22 09:27:24,796 [Time-limited test] INFO  server.GrpcService (ConfUtils.java:logGet(46)) - raft.grpc.flow.control.window = 1MB (=1048576) (default)
2022-09-22 09:27:24,796 [Time-limited test] INFO  server.RaftServerConfigKeys (ConfUtils.java:logGet(46)) - raft.server.rpc.request.timeout = 3000ms (default)
2022-09-22 09:27:24,796 [Time-limited test] INFO  grpc.GrpcConfigKeys (ConfUtils.java:logGet(46)) - raft.grpc.server.heartbeat.channel = true (default)
2022-09-22 09:27:24,796 [Time-limited test] INFO  grpc.GrpcConfigKeys (ConfUtils.java:logGet(46)) - raft.grpc.server.async.request.thread.pool.cached = true (default)
2022-09-22 09:27:24,796 [Time-limited test] INFO  grpc.GrpcConfigKeys (ConfUtils.java:logGet(46)) - raft.grpc.server.async.request.thread.pool.size = 32 (default)
2022-09-22 09:27:24,798 [Time-limited test] INFO  impl.DataStreamServerImpl (ConfUtils.java:logGet(46)) - raft.datastream.type = DISABLED (default)
2022-09-22 09:27:24,798 [Time-limited test] INFO  server.RaftServerConfigKeys (ConfUtils.java:logGet(46)) - raft.server.threadpool.proxy.cached = true (default)
2022-09-22 09:27:24,798 [Time-limited test] INFO  server.RaftServerConfigKeys (ConfUtils.java:logGet(46)) - raft.server.threadpool.proxy.size = 0 (default)
2022-09-22 09:27:24,798 [Time-limited test] INFO  server.RaftServerConfigKeys (ConfUtils.java:logGet(46)) - raft.server.rpc.slowness.timeout = 60s (default)
2022-09-22 09:27:24,798 [Time-limited test] INFO  server.RaftServerConfigKeys (ConfUtils.java:logGet(46)) - raft.server.leaderelection.leader.step-down.wait-time = 10s (default)
2022-09-22 09:27:24,798 [Time-limited test] INFO  server.RaftServerConfigKeys (ConfUtils.java:logGet(46)) - raft.server.storage.dir = [/home/runner/work/ratis/ratis/ratis-test/target/test/data/f8888bed/MiniRaftClusterWithGrpcfe035987/s1] (custom)
2022-09-22 09:27:24,798 [pool-6-thread-1] INFO  server.RaftServerConfigKeys (ConfUtils.java:logGet(46)) - raft.server.log.segment.size.max = 8MB (=8388608) (default)
2022-09-22 09:27:24,798 [pool-6-thread-1] INFO  server.RaftServerConfigKeys (ConfUtils.java:logGet(46)) - raft.server.log.preallocated.size = 4MB (=4194304) (default)
2022-09-22 09:27:24,799 [pool-6-thread-1] INFO  server.RaftServerConfigKeys (ConfUtils.java:logGet(46)) - raft.server.log.write.buffer.size = 64KB (=65536) (default)
2022-09-22 09:27:24,799 [pool-6-thread-1] INFO  server.RaftServer$Division (RaftServerImpl.java:<init>(197)) - s0: new RaftServerImpl for group-54DAC524AFE5:[s0|rpc:localhost:37915|admin:localhost:41577|client:localhost:40229|dataStream:localhost:44199|priority:0|startupRole:FOLLOWER, s1|rpc:localhost:40339|admin:localhost:38223|client:localhost:43145|dataStream:localhost:38639|priority:0|startupRole:FOLLOWER, s2|rpc:localhost:43945|admin:localhost:42233|client:localhost:33427|dataStream:localhost:44325|priority:0|startupRole:FOLLOWER] with SimpleStateMachine4Testing:uninitialized
2022-09-22 09:27:24,799 [pool-6-thread-1] INFO  server.RaftServerConfigKeys (ConfUtils.java:logGet(46)) - raft.server.rpc.timeout.min = 150ms (default)
2022-09-22 09:27:24,799 [pool-6-thread-1] INFO  server.RaftServerConfigKeys (ConfUtils.java:logGet(46)) - raft.server.rpc.timeout.max = 300ms (default)
2022-09-22 09:27:24,799 [pool-6-thread-1] INFO  server.RaftServerConfigKeys (ConfUtils.java:logGet(46)) - raft.server.rpc.sleep.time = 25ms (default)
2022-09-22 09:27:24,799 [pool-6-thread-1] INFO  server.RaftServerConfigKeys (ConfUtils.java:logGet(46)) - raft.server.rpc.slowness.timeout = 60s (default)
2022-09-22 09:27:24,799 [pool-6-thread-1] INFO  server.RaftServerConfigKeys (ConfUtils.java:logGet(46)) - raft.server.leaderelection.leader.step-down.wait-time = 10s (default)
2022-09-22 09:27:24,799 [pool-6-thread-1] INFO  server.RaftServerConfigKeys (ConfUtils.java:logGet(46)) - raft.server.sleep.deviation.threshold = 300ms (default)
2022-09-22 09:27:24,799 [pool-6-thread-1] INFO  server.RaftServer$Division (ServerState.java:<init>(113)) - s0@group-54DAC524AFE5: ConfigurationManager, init=-1: peers:[s0|rpc:localhost:37915|admin:localhost:41577|client:localhost:40229|dataStream:localhost:44199|priority:0|startupRole:FOLLOWER, s1|rpc:localhost:40339|admin:localhost:38223|client:localhost:43145|dataStream:localhost:38639|priority:0|startupRole:FOLLOWER, s2|rpc:localhost:43945|admin:localhost:42233|client:localhost:33427|dataStream:localhost:44325|priority:0|startupRole:FOLLOWER]|listeners:[], old=null, confs=<EMPTY_MAP>
2022-09-22 09:27:24,799 [pool-6-thread-1] INFO  server.RaftServerConfigKeys (ConfUtils.java:logGet(46)) - raft.server.notification.no-leader.timeout = 60s (default)
2022-09-22 09:27:24,799 [pool-6-thread-1] INFO  server.RaftServerConfigKeys (ConfUtils.java:logGet(46)) - raft.server.read.timeout = 10s (default)
2022-09-22 09:27:24,799 [pool-6-thread-1] INFO  server.RaftServerConfigKeys (ConfUtils.java:logGet(46)) - raft.server.retrycache.expirytime = 60s (default)
2022-09-22 09:27:24,799 [pool-6-thread-1] INFO  server.RaftServerConfigKeys (ConfUtils.java:logGet(46)) - raft.server.retrycache.statistics.expirytime = 100μs (default)
2022-09-22 09:27:24,799 [pool-6-thread-1] INFO  server.RaftServerConfigKeys (ConfUtils.java:logGet(46)) - raft.server.read.option = DEFAULT (default)
2022-09-22 09:27:24,801 [pool-6-thread-1] INFO  server.RaftServerConfigKeys (ConfUtils.java:logGet(46)) - raft.server.log.appender.install.snapshot.enabled = true (default)
2022-09-22 09:27:24,801 [pool-6-thread-1] INFO  server.RaftServerConfigKeys (ConfUtils.java:logGet(46)) - raft.server.threadpool.server.cached = true (default)
2022-09-22 09:27:24,801 [pool-6-thread-1] INFO  server.RaftServerConfigKeys (ConfUtils.java:logGet(46)) - raft.server.threadpool.server.size = 0 (default)
2022-09-22 09:27:24,801 [pool-6-thread-1] INFO  server.RaftServerConfigKeys (ConfUtils.java:logGet(46)) - raft.server.threadpool.client.cached = true (default)
2022-09-22 09:27:24,801 [pool-6-thread-1] INFO  server.RaftServerConfigKeys (ConfUtils.java:logGet(46)) - raft.server.threadpool.client.size = 0 (default)
2022-09-22 09:27:24,807 [Time-limited test] INFO  server.RaftServer (RaftServerProxy.java:addNew(99)) - s1: addNew group-54DAC524AFE5:[s0|rpc:localhost:37915|admin:localhost:41577|client:localhost:40229|dataStream:localhost:44199|priority:0|startupRole:FOLLOWER, s1|rpc:localhost:40339|admin:localhost:38223|client:localhost:43145|dataStream:localhost:38639|priority:0|startupRole:FOLLOWER, s2|rpc:localhost:43945|admin:localhost:42233|client:localhost:33427|dataStream:localhost:44325|priority:0|startupRole:FOLLOWER] returns group-54DAC524AFE5:java.util.concurrent.CompletableFuture@a8f69d[Not completed]
2022-09-22 09:27:24,807 [Time-limited test] INFO  impl.MiniRaftCluster (MiniRaftCluster.java:newRaftServer(382)) - newRaftServer: s2, group-54DAC524AFE5:[s0|rpc:localhost:37915|admin:localhost:41577|client:localhost:40229|dataStream:localhost:44199|priority:0|startupRole:FOLLOWER, s1|rpc:localhost:40339|admin:localhost:38223|client:localhost:43145|dataStream:localhost:38639|priority:0|startupRole:FOLLOWER, s2|rpc:localhost:43945|admin:localhost:42233|client:localhost:33427|dataStream:localhost:44325|priority:0|startupRole:FOLLOWER], format? true
2022-09-22 09:27:24,807 [Time-limited test] TRACE util.FileUtils (FileUtils.java:deleteFully(168)) - deleteFully target/test/data/f8888bed/MiniRaftClusterWithGrpcfe035987/s2
2022-09-22 09:27:24,807 [pool-7-thread-1] INFO  server.RaftServerConfigKeys (ConfUtils.java:logGet(46)) - raft.server.log.segment.size.max = 8MB (=8388608) (default)
2022-09-22 09:27:24,807 [Time-limited test] TRACE util.FileUtils (FileUtils.java:deleteFully(184)) - deleteFully: target/test/data/f8888bed/MiniRaftClusterWithGrpcfe035987/s2 does not exist.
2022-09-22 09:27:24,807 [Time-limited test] INFO  impl.MiniRaftCluster (MiniRaftCluster.java:newRaftServer(387)) - Formatted directory target/test/data/f8888bed/MiniRaftClusterWithGrpcfe035987/s2
2022-09-22 09:27:24,807 [pool-7-thread-1] INFO  server.RaftServerConfigKeys (ConfUtils.java:logGet(46)) - raft.server.log.preallocated.size = 4MB (=4194304) (default)
2022-09-22 09:27:24,808 [pool-7-thread-1] INFO  server.RaftServerConfigKeys (ConfUtils.java:logGet(46)) - raft.server.log.write.buffer.size = 64KB (=65536) (default)
2022-09-22 09:27:24,808 [pool-7-thread-1] INFO  server.RaftServer$Division (RaftServerImpl.java:<init>(197)) - s1: new RaftServerImpl for group-54DAC524AFE5:[s0|rpc:localhost:37915|admin:localhost:41577|client:localhost:40229|dataStream:localhost:44199|priority:0|startupRole:FOLLOWER, s1|rpc:localhost:40339|admin:localhost:38223|client:localhost:43145|dataStream:localhost:38639|priority:0|startupRole:FOLLOWER, s2|rpc:localhost:43945|admin:localhost:42233|client:localhost:33427|dataStream:localhost:44325|priority:0|startupRole:FOLLOWER] with SimpleStateMachine4Testing:uninitialized
2022-09-22 09:27:24,808 [Time-limited test] INFO  server.RaftServer (ConfUtils.java:logGet(46)) - raft.rpc.type = GRPC (default)
2022-09-22 09:27:24,808 [Time-limited test] INFO  grpc.GrpcConfigKeys (ConfUtils.java:logFallback(53)) - raft.grpc.admin.host = null (fallback to raft.grpc.server.host)
2022-09-22 09:27:24,808 [Time-limited test] INFO  grpc.GrpcConfigKeys (ConfUtils.java:logGet(46)) - raft.grpc.admin.port = 42233 (custom)
2022-09-22 09:27:24,808 [Time-limited test] INFO  grpc.GrpcConfigKeys (ConfUtils.java:logFallback(53)) - raft.grpc.client.host = null (fallback to raft.grpc.server.host)
2022-09-22 09:27:24,808 [Time-limited test] INFO  grpc.GrpcConfigKeys (ConfUtils.java:logGet(46)) - raft.grpc.client.port = 33427 (custom)
2022-09-22 09:27:24,808 [Time-limited test] INFO  grpc.GrpcConfigKeys (ConfUtils.java:logGet(46)) - raft.grpc.server.host = null (default)
2022-09-22 09:27:24,808 [Time-limited test] INFO  grpc.GrpcConfigKeys (ConfUtils.java:logGet(46)) - raft.grpc.server.port = 43945 (custom)
2022-09-22 09:27:24,808 [Time-limited test] INFO  server.GrpcService (ConfUtils.java:logGet(46)) - raft.grpc.message.size.max = 64MB (=67108864) (default)
2022-09-22 09:27:24,808 [Time-limited test] INFO  server.RaftServerConfigKeys (ConfUtils.java:logGet(46)) - raft.server.log.appender.buffer.byte-limit = 4MB (=4194304) (default)
2022-09-22 09:27:24,808 [Time-limited test] INFO  server.GrpcService (ConfUtils.java:logGet(46)) - raft.grpc.flow.control.window = 1MB (=1048576) (default)
2022-09-22 09:27:24,809 [Time-limited test] INFO  server.RaftServerConfigKeys (ConfUtils.java:logGet(46)) - raft.server.rpc.request.timeout = 3000ms (default)
2022-09-22 09:27:24,809 [Time-limited test] INFO  grpc.GrpcConfigKeys (ConfUtils.java:logGet(46)) - raft.grpc.server.heartbeat.channel = true (default)
2022-09-22 09:27:24,809 [Time-limited test] INFO  grpc.GrpcConfigKeys (ConfUtils.java:logGet(46)) - raft.grpc.server.async.request.thread.pool.cached = true (default)
2022-09-22 09:27:24,809 [Time-limited test] INFO  grpc.GrpcConfigKeys (ConfUtils.java:logGet(46)) - raft.grpc.server.async.request.thread.pool.size = 32 (default)
2022-09-22 09:27:24,810 [Time-limited test] INFO  impl.DataStreamServerImpl (ConfUtils.java:logGet(46)) - raft.datastream.type = DISABLED (default)
2022-09-22 09:27:24,810 [Time-limited test] INFO  server.RaftServerConfigKeys (ConfUtils.java:logGet(46)) - raft.server.threadpool.proxy.cached = true (default)
2022-09-22 09:27:24,810 [Time-limited test] INFO  server.RaftServerConfigKeys (ConfUtils.java:logGet(46)) - raft.server.threadpool.proxy.size = 0 (default)
2022-09-22 09:27:24,811 [Time-limited test] INFO  server.RaftServerConfigKeys (ConfUtils.java:logGet(46)) - raft.server.rpc.slowness.timeout = 60s (default)
2022-09-22 09:27:24,811 [Time-limited test] INFO  server.RaftServerConfigKeys (ConfUtils.java:logGet(46)) - raft.server.leaderelection.leader.step-down.wait-time = 10s (default)
2022-09-22 09:27:24,811 [Time-limited test] INFO  server.RaftServerConfigKeys (ConfUtils.java:logGet(46)) - raft.server.storage.dir = [/home/runner/work/ratis/ratis/ratis-test/target/test/data/f8888bed/MiniRaftClusterWithGrpcfe035987/s2] (custom)
2022-09-22 09:27:24,812 [pool-7-thread-1] INFO  server.RaftServerConfigKeys (ConfUtils.java:logGet(46)) - raft.server.rpc.timeout.min = 150ms (default)
2022-09-22 09:27:24,812 [pool-7-thread-1] INFO  server.RaftServerConfigKeys (ConfUtils.java:logGet(46)) - raft.server.rpc.timeout.max = 300ms (default)
2022-09-22 09:27:24,812 [pool-7-thread-1] INFO  server.RaftServerConfigKeys (ConfUtils.java:logGet(46)) - raft.server.rpc.sleep.time = 25ms (default)
2022-09-22 09:27:24,812 [pool-7-thread-1] INFO  server.RaftServerConfigKeys (ConfUtils.java:logGet(46)) - raft.server.rpc.slowness.timeout = 60s (default)
2022-09-22 09:27:24,812 [pool-7-thread-1] INFO  server.RaftServerConfigKeys (ConfUtils.java:logGet(46)) - raft.server.leaderelection.leader.step-down.wait-time = 10s (default)
2022-09-22 09:27:24,812 [pool-7-thread-1] INFO  server.RaftServerConfigKeys (ConfUtils.java:logGet(46)) - raft.server.sleep.deviation.threshold = 300ms (default)
2022-09-22 09:27:24,815 [pool-7-thread-1] INFO  server.RaftServer$Division (ServerState.java:<init>(113)) - s1@group-54DAC524AFE5: ConfigurationManager, init=-1: peers:[s0|rpc:localhost:37915|admin:localhost:41577|client:localhost:40229|dataStream:localhost:44199|priority:0|startupRole:FOLLOWER, s1|rpc:localhost:40339|admin:localhost:38223|client:localhost:43145|dataStream:localhost:38639|priority:0|startupRole:FOLLOWER, s2|rpc:localhost:43945|admin:localhost:42233|client:localhost:33427|dataStream:localhost:44325|priority:0|startupRole:FOLLOWER]|listeners:[], old=null, confs=<EMPTY_MAP>
2022-09-22 09:27:24,815 [pool-7-thread-1] INFO  server.RaftServerConfigKeys (ConfUtils.java:logGet(46)) - raft.server.notification.no-leader.timeout = 60s (default)
2022-09-22 09:27:24,815 [pool-7-thread-1] INFO  server.RaftServerConfigKeys (ConfUtils.java:logGet(46)) - raft.server.read.timeout = 10s (default)
2022-09-22 09:27:24,815 [pool-7-thread-1] INFO  server.RaftServerConfigKeys (ConfUtils.java:logGet(46)) - raft.server.retrycache.expirytime = 60s (default)
2022-09-22 09:27:24,815 [pool-7-thread-1] INFO  server.RaftServerConfigKeys (ConfUtils.java:logGet(46)) - raft.server.retrycache.statistics.expirytime = 100μs (default)
2022-09-22 09:27:24,815 [pool-7-thread-1] INFO  server.RaftServerConfigKeys (ConfUtils.java:logGet(46)) - raft.server.read.option = DEFAULT (default)
2022-09-22 09:27:24,817 [pool-7-thread-1] INFO  server.RaftServerConfigKeys (ConfUtils.java:logGet(46)) - raft.server.log.appender.install.snapshot.enabled = true (default)
2022-09-22 09:27:24,820 [pool-7-thread-1] INFO  server.RaftServerConfigKeys (ConfUtils.java:logGet(46)) - raft.server.threadpool.server.cached = true (default)
2022-09-22 09:27:24,820 [pool-7-thread-1] INFO  server.RaftServerConfigKeys (ConfUtils.java:logGet(46)) - raft.server.threadpool.server.size = 0 (default)
2022-09-22 09:27:24,820 [pool-7-thread-1] INFO  server.RaftServerConfigKeys (ConfUtils.java:logGet(46)) - raft.server.threadpool.client.cached = true (default)
2022-09-22 09:27:24,820 [pool-7-thread-1] INFO  server.RaftServerConfigKeys (ConfUtils.java:logGet(46)) - raft.server.threadpool.client.size = 0 (default)
2022-09-22 09:27:24,821 [Time-limited test] INFO  server.RaftServer (RaftServerProxy.java:addNew(99)) - s2: addNew group-54DAC524AFE5:[s0|rpc:localhost:37915|admin:localhost:41577|client:localhost:40229|dataStream:localhost:44199|priority:0|startupRole:FOLLOWER, s1|rpc:localhost:40339|admin:localhost:38223|client:localhost:43145|dataStream:localhost:38639|priority:0|startupRole:FOLLOWER, s2|rpc:localhost:43945|admin:localhost:42233|client:localhost:33427|dataStream:localhost:44325|priority:0|startupRole:FOLLOWER] returns group-54DAC524AFE5:java.util.concurrent.CompletableFuture@5c77b002[Not completed]
2022-09-22 09:27:24,822 [s0-impl-thread1] INFO  server.RaftServerConfigKeys (ConfUtils.java:logGet(46)) - raft.server.storage.free-space.min = 0MB (=0) (default)
2022-09-22 09:27:24,822 [s0-impl-thread1] INFO  server.RaftServerConfigKeys (ConfUtils.java:logGet(46)) - raft.server.log.corruption.policy = EXCEPTION (default)
2022-09-22 09:27:24,822 [pool-8-thread-1] INFO  server.RaftServerConfigKeys (ConfUtils.java:logGet(46)) - raft.server.log.segment.size.max = 8MB (=8388608) (default)
2022-09-22 09:27:24,822 [pool-8-thread-1] INFO  server.RaftServerConfigKeys (ConfUtils.java:logGet(46)) - raft.server.log.preallocated.size = 4MB (=4194304) (default)
2022-09-22 09:27:24,822 [pool-8-thread-1] INFO  server.RaftServerConfigKeys (ConfUtils.java:logGet(46)) - raft.server.log.write.buffer.size = 64KB (=65536) (default)
2022-09-22 09:27:24,822 [s0-impl-thread1] INFO  server.RaftServerConfigKeys (ConfUtils.java:logGet(46)) - raft.server.storage.dir = [/home/runner/work/ratis/ratis/ratis-test/target/test/data/f8888bed/MiniRaftClusterWithGrpcfe035987/s0] (custom)
2022-09-22 09:27:24,822 [pool-8-thread-1] INFO  server.RaftServer$Division (RaftServerImpl.java:<init>(197)) - s2: new RaftServerImpl for group-54DAC524AFE5:[s0|rpc:localhost:37915|admin:localhost:41577|client:localhost:40229|dataStream:localhost:44199|priority:0|startupRole:FOLLOWER, s1|rpc:localhost:40339|admin:localhost:38223|client:localhost:43145|dataStream:localhost:38639|priority:0|startupRole:FOLLOWER, s2|rpc:localhost:43945|admin:localhost:42233|client:localhost:33427|dataStream:localhost:44325|priority:0|startupRole:FOLLOWER] with SimpleStateMachine4Testing:uninitialized
2022-09-22 09:27:24,822 [pool-8-thread-1] INFO  server.RaftServerConfigKeys (ConfUtils.java:logGet(46)) - raft.server.rpc.timeout.min = 150ms (default)
2022-09-22 09:27:24,822 [pool-8-thread-1] INFO  server.RaftServerConfigKeys (ConfUtils.java:logGet(46)) - raft.server.rpc.timeout.max = 300ms (default)
2022-09-22 09:27:24,822 [pool-8-thread-1] INFO  server.RaftServerConfigKeys (ConfUtils.java:logGet(46)) - raft.server.rpc.sleep.time = 25ms (default)
2022-09-22 09:27:24,822 [pool-8-thread-1] INFO  server.RaftServerConfigKeys (ConfUtils.java:logGet(46)) - raft.server.rpc.slowness.timeout = 60s (default)
2022-09-22 09:27:24,822 [pool-8-thread-1] INFO  server.RaftServerConfigKeys (ConfUtils.java:logGet(46)) - raft.server.leaderelection.leader.step-down.wait-time = 10s (default)
2022-09-22 09:27:24,822 [pool-8-thread-1] INFO  server.RaftServerConfigKeys (ConfUtils.java:logGet(46)) - raft.server.sleep.deviation.threshold = 300ms (default)
2022-09-22 09:27:24,822 [s0-impl-thread1] INFO  storage.RaftStorageDirectory (RaftStorageDirectoryImpl.java:analyzeStorage(138)) - The storage directory /home/runner/work/ratis/ratis/ratis-test/target/test/data/f8888bed/MiniRaftClusterWithGrpcfe035987/s0/0f4932c6-2d3b-4cd8-904d-54dac524afe5 does not exist. Creating ...
2022-09-22 09:27:24,822 [pool-8-thread-1] INFO  server.RaftServer$Division (ServerState.java:<init>(113)) - s2@group-54DAC524AFE5: ConfigurationManager, init=-1: peers:[s0|rpc:localhost:37915|admin:localhost:41577|client:localhost:40229|dataStream:localhost:44199|priority:0|startupRole:FOLLOWER, s1|rpc:localhost:40339|admin:localhost:38223|client:localhost:43145|dataStream:localhost:38639|priority:0|startupRole:FOLLOWER, s2|rpc:localhost:43945|admin:localhost:42233|client:localhost:33427|dataStream:localhost:44325|priority:0|startupRole:FOLLOWER]|listeners:[], old=null, confs=<EMPTY_MAP>
2022-09-22 09:27:24,822 [pool-8-thread-1] INFO  server.RaftServerConfigKeys (ConfUtils.java:logGet(46)) - raft.server.notification.no-leader.timeout = 60s (default)
2022-09-22 09:27:24,822 [pool-8-thread-1] INFO  server.RaftServerConfigKeys (ConfUtils.java:logGet(46)) - raft.server.read.timeout = 10s (default)
2022-09-22 09:27:24,822 [pool-8-thread-1] INFO  server.RaftServerConfigKeys (ConfUtils.java:logGet(46)) - raft.server.retrycache.expirytime = 60s (default)
2022-09-22 09:27:24,822 [pool-8-thread-1] INFO  server.RaftServerConfigKeys (ConfUtils.java:logGet(46)) - raft.server.retrycache.statistics.expirytime = 100μs (default)
2022-09-22 09:27:24,823 [pool-8-thread-1] INFO  server.RaftServerConfigKeys (ConfUtils.java:logGet(46)) - raft.server.read.option = DEFAULT (default)
2022-09-22 09:27:24,823 [s0-impl-thread1] TRACE util.FileUtils (LogUtils.java:runAndLog(49)) - Successfully ran Files.createDirectories /home/runner/work/ratis/ratis/ratis-test/target/test/data/f8888bed/MiniRaftClusterWithGrpcfe035987/s0/0f4932c6-2d3b-4cd8-904d-54dac524afe5
2022-09-22 09:27:24,824 [s0-impl-thread1] INFO  storage.RaftStorageDirectory (RaftStorageDirectoryImpl.java:tryLock(232)) - Lock on /home/runner/work/ratis/ratis/ratis-test/target/test/data/f8888bed/MiniRaftClusterWithGrpcfe035987/s0/0f4932c6-2d3b-4cd8-904d-54dac524afe5/in_use.lock acquired by nodename 5056@fv-az201-177
2022-09-22 09:27:24,824 [s0-impl-thread1] TRACE util.FileUtils (LogUtils.java:runAndLog(49)) - Successfully ran Files.createDirectories /home/runner/work/ratis/ratis/ratis-test/target/test/data/f8888bed/MiniRaftClusterWithGrpcfe035987/s0/0f4932c6-2d3b-4cd8-904d-54dac524afe5/current
2022-09-22 09:27:24,824 [s0-impl-thread1] TRACE util.FileUtils (LogUtils.java:runAndLog(49)) - Successfully ran Files.createDirectories /home/runner/work/ratis/ratis/ratis-test/target/test/data/f8888bed/MiniRaftClusterWithGrpcfe035987/s0/0f4932c6-2d3b-4cd8-904d-54dac524afe5/sm
2022-09-22 09:27:24,825 [pool-8-thread-1] INFO  server.RaftServerConfigKeys (ConfUtils.java:logGet(46)) - raft.server.log.appender.install.snapshot.enabled = true (default)
2022-09-22 09:27:24,825 [pool-8-thread-1] INFO  server.RaftServerConfigKeys (ConfUtils.java:logGet(46)) - raft.server.threadpool.server.cached = true (default)
2022-09-22 09:27:24,825 [pool-8-thread-1] INFO  server.RaftServerConfigKeys (ConfUtils.java:logGet(46)) - raft.server.threadpool.server.size = 0 (default)
2022-09-22 09:27:24,825 [pool-8-thread-1] INFO  server.RaftServerConfigKeys (ConfUtils.java:logGet(46)) - raft.server.threadpool.client.cached = true (default)
2022-09-22 09:27:24,825 [pool-8-thread-1] INFO  server.RaftServerConfigKeys (ConfUtils.java:logGet(46)) - raft.server.threadpool.client.size = 0 (default)
2022-09-22 09:27:24,826 [s0-impl-thread1] INFO  storage.RaftStorage (RaftStorageImpl.java:format(96)) - Storage directory /home/runner/work/ratis/ratis/ratis-test/target/test/data/f8888bed/MiniRaftClusterWithGrpcfe035987/s0/0f4932c6-2d3b-4cd8-904d-54dac524afe5 has been successfully formatted.
2022-09-22 09:27:24,826 [s0-impl-thread1] INFO  statemachine.SimpleStateMachine4Testing (SimpleStateMachine4Testing.java:initialize(212)) - Initializing SimpleStateMachine4Testing:uninitialized
2022-09-22 09:27:24,826 [s0-impl-thread1] INFO  statemachine.SimpleStateMachine4Testing (SimpleStateMachine4Testing.java:loadSnapshot(306)) - The snapshot file null does not exist
2022-09-22 09:27:24,826 [s0-impl-thread1] INFO  server.RaftServerConfigKeys (ConfUtils.java:logGet(46)) - raft.server.log.use.memory = false (default)
2022-09-22 09:27:24,826 [s0-impl-thread1] INFO  server.RaftServerConfigKeys (ConfUtils.java:logGet(46)) - raft.server.log.purge.gap = 1024 (default)
2022-09-22 09:27:24,826 [s0-impl-thread1] INFO  server.RaftServerConfigKeys (ConfUtils.java:logGet(46)) - raft.server.log.appender.buffer.byte-limit = 4MB (=4194304) (default)
2022-09-22 09:27:24,826 [s0-impl-thread1] INFO  server.RaftServerConfigKeys (ConfUtils.java:logGet(46)) - raft.server.log.statemachine.data.read.timeout = 1000ms (default)
2022-09-22 09:27:24,826 [s0-impl-thread1] INFO  server.RaftServerConfigKeys (ConfUtils.java:logGet(46)) - raft.server.log.purge.preservation.log.num = 0 (default)
2022-09-22 09:27:24,827 [s0-impl-thread1] INFO  server.RaftServerConfigKeys (ConfUtils.java:logGet(46)) - raft.server.log.segment.size.max = 8MB (=8388608) (default)
2022-09-22 09:27:24,827 [s0-impl-thread1] INFO  server.RaftServerConfigKeys (ConfUtils.java:logGet(46)) - raft.server.log.segment.cache.num.max = 6 (default)
2022-09-22 09:27:24,827 [s0-impl-thread1] INFO  server.RaftServerConfigKeys (ConfUtils.java:logGet(46)) - raft.server.log.segment.cache.size.max = 200MB (=209715200) (default)
2022-09-22 09:27:24,827 [s0-impl-thread1] INFO  segmented.SegmentedRaftLogWorker (SegmentedRaftLogWorker.java:<init>(183)) - new s0@group-54DAC524AFE5-SegmentedRaftLogWorker for RaftStorageImpl:Storage Directory /home/runner/work/ratis/ratis/ratis-test/target/test/data/f8888bed/MiniRaftClusterWithGrpcfe035987/s0/0f4932c6-2d3b-4cd8-904d-54dac524afe5
2022-09-22 09:27:24,827 [s0-impl-thread1] INFO  server.RaftServerConfigKeys (ConfUtils.java:logGet(46)) - raft.server.log.queue.byte-limit = 64MB (=67108864) (default)
2022-09-22 09:27:24,828 [s0-impl-thread1] INFO  server.RaftServerConfigKeys (ConfUtils.java:logGet(46)) - raft.server.log.queue.element-limit = 4096 (default)
2022-09-22 09:27:24,828 [s0-impl-thread1] INFO  server.RaftServerConfigKeys (ConfUtils.java:logGet(46)) - raft.server.log.segment.size.max = 8MB (=8388608) (default)
2022-09-22 09:27:24,828 [s0-impl-thread1] INFO  server.RaftServerConfigKeys (ConfUtils.java:logGet(46)) - raft.server.log.preallocated.size = 4MB (=4194304) (default)
2022-09-22 09:27:24,828 [s0-impl-thread1] INFO  server.RaftServerConfigKeys (ConfUtils.java:logGet(46)) - raft.server.log.force.sync.num = 128 (default)
2022-09-22 09:27:24,828 [s0-impl-thread1] INFO  server.RaftServerConfigKeys (ConfUtils.java:logGet(46)) - raft.server.log.statemachine.data.sync = true (default)
2022-09-22 09:27:24,828 [s0-impl-thread1] INFO  server.RaftServerConfigKeys (ConfUtils.java:logGet(46)) - raft.server.log.statemachine.data.sync.timeout = 10s (default)
2022-09-22 09:27:24,828 [s0-impl-thread1] INFO  server.RaftServerConfigKeys (ConfUtils.java:logGet(46)) - raft.server.log.statemachine.data.sync.timeout.retry = -1 (default)
2022-09-22 09:27:24,828 [s0-impl-thread1] INFO  server.RaftServerConfigKeys (ConfUtils.java:logGet(46)) - raft.server.log.write.buffer.size = 64KB (=65536) (default)
2022-09-22 09:27:24,828 [s0-impl-thread1] INFO  server.RaftServerConfigKeys (ConfUtils.java:logGet(46)) - raft.server.log.unsafe-flush.enabled = false (default)
2022-09-22 09:27:24,828 [s0-impl-thread1] INFO  server.RaftServerConfigKeys (ConfUtils.java:logGet(46)) - raft.server.log.async-flush.enabled = false (default)
2022-09-22 09:27:24,828 [s0-impl-thread1] INFO  server.RaftServerConfigKeys (ConfUtils.java:logGet(46)) - raft.server.log.statemachine.data.caching.enabled = false (default)
2022-09-22 09:27:24,828 [s0-impl-thread1] INFO  segmented.SegmentedRaftLogWorker (SegmentedRaftLogWorker.java:lambda$new$0(134)) - s0@group-54DAC524AFE5-SegmentedRaftLogWorker: flushIndex: setUnconditionally 0 -> -1
2022-09-22 09:27:24,829 [s0-impl-thread1] INFO  segmented.SegmentedRaftLogWorker (SegmentedRaftLogWorker.java:lambda$new$0(134)) - s0@group-54DAC524AFE5-SegmentedRaftLogWorker: safeCacheEvictIndex: setUnconditionally 0 -> -1
2022-09-22 09:27:24,829 [s0-impl-thread1] INFO  server.RaftServer$Division (RaftServerImpl.java:start(337)) - s0@group-54DAC524AFE5: start as a follower, conf=-1: peers:[s0|rpc:localhost:37915|admin:localhost:41577|client:localhost:40229|dataStream:localhost:44199|priority:0|startupRole:FOLLOWER, s1|rpc:localhost:40339|admin:localhost:38223|client:localhost:43145|dataStream:localhost:38639|priority:0|startupRole:FOLLOWER, s2|rpc:localhost:43945|admin:localhost:42233|client:localhost:33427|dataStream:localhost:44325|priority:0|startupRole:FOLLOWER]|listeners:[], old=null
2022-09-22 09:27:24,829 [s0-impl-thread1] INFO  server.RaftServer$Division (RaftServerImpl.java:setRole(324)) - s0@group-54DAC524AFE5: changes role from      null to FOLLOWER at term 0 for startAsFollower
2022-09-22 09:27:24,829 [s0-impl-thread1] INFO  impl.RoleInfo (RoleInfo.java:updateAndGet(139)) - s0: start s0@group-54DAC524AFE5-FollowerState
2022-09-22 09:27:24,830 [s0-impl-thread1] INFO  util.JmxRegister (JmxRegister.java:tryRegister(44)) - Successfully registered JMX Bean with object name Ratis:service=RaftServer,group=group-54DAC524AFE5,id=s0
2022-09-22 09:27:24,830 [s0-impl-thread1] INFO  server.RaftServerConfigKeys (ConfUtils.java:logGet(46)) - raft.server.snapshot.auto.trigger.enabled = false (default)
2022-09-22 09:27:24,830 [s0-impl-thread1] INFO  server.RaftServerConfigKeys (ConfUtils.java:logGet(46)) - raft.server.snapshot.retention.file.num = -1 (default)
2022-09-22 09:27:24,830 [s0-impl-thread1] INFO  server.RaftServerConfigKeys (ConfUtils.java:logGet(46)) - raft.server.log.purge.upto.snapshot.index = false (default)
2022-09-22 09:27:24,830 [s0@group-54DAC524AFE5-FollowerState] INFO  server.RaftServerConfigKeys (ConfUtils.java:logFallback(53)) - raft.server.rpc.first-election.timeout.min = 150ms (fallback to raft.server.rpc.timeout.min)
2022-09-22 09:27:24,830 [s0@group-54DAC524AFE5-FollowerState] INFO  server.RaftServerConfigKeys (ConfUtils.java:logFallback(53)) - raft.server.rpc.first-election.timeout.max = 300ms (fallback to raft.server.rpc.timeout.max)
2022-09-22 09:27:24,830 [Time-limited test] INFO  server.RaftServer (RaftServerProxy.java:startImpl(396)) - s0: start RPC server
2022-09-22 09:27:24,835 [Time-limited test] INFO  server.GrpcService (GrpcService.java:startImpl(310)) - s0: GrpcService started, listening on 40229
2022-09-22 09:27:24,835 [Time-limited test] INFO  server.GrpcService (GrpcService.java:startImpl(310)) - s0: GrpcService started, listening on 37915
2022-09-22 09:27:24,836 [Time-limited test] INFO  server.GrpcService (GrpcService.java:startImpl(310)) - s0: GrpcService started, listening on 41577
2022-09-22 09:27:24,845 [s1-impl-thread1] INFO  server.RaftServerConfigKeys (ConfUtils.java:logGet(46)) - raft.server.storage.free-space.min = 0MB (=0) (default)
2022-09-22 09:27:24,845 [s1-impl-thread1] INFO  server.RaftServerConfigKeys (ConfUtils.java:logGet(46)) - raft.server.log.corruption.policy = EXCEPTION (default)
2022-09-22 09:27:24,845 [JvmPauseMonitor3] INFO  util.JvmPauseMonitor (JvmPauseMonitor.java:run(105)) - JvmPauseMonitor-s0: Started
2022-09-22 09:27:24,845 [s1-impl-thread1] INFO  server.RaftServerConfigKeys (ConfUtils.java:logGet(46)) - raft.server.storage.dir = [/home/runner/work/ratis/ratis/ratis-test/target/test/data/f8888bed/MiniRaftClusterWithGrpcfe035987/s1] (custom)
2022-09-22 09:27:24,846 [s1-impl-thread1] INFO  storage.RaftStorageDirectory (RaftStorageDirectoryImpl.java:analyzeStorage(138)) - The storage directory /home/runner/work/ratis/ratis/ratis-test/target/test/data/f8888bed/MiniRaftClusterWithGrpcfe035987/s1/0f4932c6-2d3b-4cd8-904d-54dac524afe5 does not exist. Creating ...
2022-09-22 09:27:24,846 [s1-impl-thread1] TRACE util.FileUtils (LogUtils.java:runAndLog(49)) - Successfully ran Files.createDirectories /home/runner/work/ratis/ratis/ratis-test/target/test/data/f8888bed/MiniRaftClusterWithGrpcfe035987/s1/0f4932c6-2d3b-4cd8-904d-54dac524afe5
2022-09-22 09:27:24,848 [s1-impl-thread1] INFO  storage.RaftStorageDirectory (RaftStorageDirectoryImpl.java:tryLock(232)) - Lock on /home/runner/work/ratis/ratis/ratis-test/target/test/data/f8888bed/MiniRaftClusterWithGrpcfe035987/s1/0f4932c6-2d3b-4cd8-904d-54dac524afe5/in_use.lock acquired by nodename 5056@fv-az201-177
2022-09-22 09:27:24,848 [s1-impl-thread1] TRACE util.FileUtils (LogUtils.java:runAndLog(49)) - Successfully ran Files.createDirectories /home/runner/work/ratis/ratis/ratis-test/target/test/data/f8888bed/MiniRaftClusterWithGrpcfe035987/s1/0f4932c6-2d3b-4cd8-904d-54dac524afe5/current
2022-09-22 09:27:24,848 [s1-impl-thread1] TRACE util.FileUtils (LogUtils.java:runAndLog(49)) - Successfully ran Files.createDirectories /home/runner/work/ratis/ratis/ratis-test/target/test/data/f8888bed/MiniRaftClusterWithGrpcfe035987/s1/0f4932c6-2d3b-4cd8-904d-54dac524afe5/sm
2022-09-22 09:27:24,849 [s1-impl-thread1] INFO  storage.RaftStorage (RaftStorageImpl.java:format(96)) - Storage directory /home/runner/work/ratis/ratis/ratis-test/target/test/data/f8888bed/MiniRaftClusterWithGrpcfe035987/s1/0f4932c6-2d3b-4cd8-904d-54dac524afe5 has been successfully formatted.
2022-09-22 09:27:24,849 [s1-impl-thread1] INFO  statemachine.SimpleStateMachine4Testing (SimpleStateMachine4Testing.java:initialize(212)) - Initializing SimpleStateMachine4Testing:uninitialized
2022-09-22 09:27:24,849 [s1-impl-thread1] INFO  statemachine.SimpleStateMachine4Testing (SimpleStateMachine4Testing.java:loadSnapshot(306)) - The snapshot file null does not exist
2022-09-22 09:27:24,849 [s1-impl-thread1] INFO  server.RaftServerConfigKeys (ConfUtils.java:logGet(46)) - raft.server.log.use.memory = false (default)
2022-09-22 09:27:24,849 [s1-impl-thread1] INFO  server.RaftServerConfigKeys (ConfUtils.java:logGet(46)) - raft.server.log.purge.gap = 1024 (default)
2022-09-22 09:27:24,850 [s1-impl-thread1] INFO  server.RaftServerConfigKeys (ConfUtils.java:logGet(46)) - raft.server.log.appender.buffer.byte-limit = 4MB (=4194304) (default)
2022-09-22 09:27:24,850 [s1-impl-thread1] INFO  server.RaftServerConfigKeys (ConfUtils.java:logGet(46)) - raft.server.log.statemachine.data.read.timeout = 1000ms (default)
2022-09-22 09:27:24,850 [s1-impl-thread1] INFO  server.RaftServerConfigKeys (ConfUtils.java:logGet(46)) - raft.server.log.purge.preservation.log.num = 0 (default)
2022-09-22 09:27:24,851 [s1-impl-thread1] INFO  server.RaftServerConfigKeys (ConfUtils.java:logGet(46)) - raft.server.log.segment.size.max = 8MB (=8388608) (default)
2022-09-22 09:27:24,851 [s1-impl-thread1] INFO  server.RaftServerConfigKeys (ConfUtils.java:logGet(46)) - raft.server.log.segment.cache.num.max = 6 (default)
2022-09-22 09:27:24,851 [s1-impl-thread1] INFO  server.RaftServerConfigKeys (ConfUtils.java:logGet(46)) - raft.server.log.segment.cache.size.max = 200MB (=209715200) (default)
2022-09-22 09:27:24,851 [s1-impl-thread1] INFO  segmented.SegmentedRaftLogWorker (SegmentedRaftLogWorker.java:<init>(183)) - new s1@group-54DAC524AFE5-SegmentedRaftLogWorker for RaftStorageImpl:Storage Directory /home/runner/work/ratis/ratis/ratis-test/target/test/data/f8888bed/MiniRaftClusterWithGrpcfe035987/s1/0f4932c6-2d3b-4cd8-904d-54dac524afe5
2022-09-22 09:27:24,851 [s1-impl-thread1] INFO  server.RaftServerConfigKeys (ConfUtils.java:logGet(46)) - raft.server.log.queue.byte-limit = 64MB (=67108864) (default)
2022-09-22 09:27:24,851 [s1-impl-thread1] INFO  server.RaftServerConfigKeys (ConfUtils.java:logGet(46)) - raft.server.log.queue.element-limit = 4096 (default)
2022-09-22 09:27:24,851 [s1-impl-thread1] INFO  server.RaftServerConfigKeys (ConfUtils.java:logGet(46)) - raft.server.log.segment.size.max = 8MB (=8388608) (default)
2022-09-22 09:27:24,851 [s1-impl-thread1] INFO  server.RaftServerConfigKeys (ConfUtils.java:logGet(46)) - raft.server.log.preallocated.size = 4MB (=4194304) (default)
2022-09-22 09:27:24,851 [s1-impl-thread1] INFO  server.RaftServerConfigKeys (ConfUtils.java:logGet(46)) - raft.server.log.force.sync.num = 128 (default)
2022-09-22 09:27:24,851 [s1-impl-thread1] INFO  server.RaftServerConfigKeys (ConfUtils.java:logGet(46)) - raft.server.log.statemachine.data.sync = true (default)
2022-09-22 09:27:24,851 [s1-impl-thread1] INFO  server.RaftServerConfigKeys (ConfUtils.java:logGet(46)) - raft.server.log.statemachine.data.sync.timeout = 10s (default)
2022-09-22 09:27:24,851 [s1-impl-thread1] INFO  server.RaftServerConfigKeys (ConfUtils.java:logGet(46)) - raft.server.log.statemachine.data.sync.timeout.retry = -1 (default)
2022-09-22 09:27:24,852 [s1-impl-thread1] INFO  server.RaftServerConfigKeys (ConfUtils.java:logGet(46)) - raft.server.log.write.buffer.size = 64KB (=65536) (default)
2022-09-22 09:27:24,852 [s1-impl-thread1] INFO  server.RaftServerConfigKeys (ConfUtils.java:logGet(46)) - raft.server.log.unsafe-flush.enabled = false (default)
2022-09-22 09:27:24,852 [s1-impl-thread1] INFO  server.RaftServerConfigKeys (ConfUtils.java:logGet(46)) - raft.server.log.async-flush.enabled = false (default)
2022-09-22 09:27:24,852 [s1-impl-thread1] INFO  server.RaftServerConfigKeys (ConfUtils.java:logGet(46)) - raft.server.log.statemachine.data.caching.enabled = false (default)
2022-09-22 09:27:24,852 [s1-impl-thread1] INFO  segmented.SegmentedRaftLogWorker (SegmentedRaftLogWorker.java:lambda$new$0(134)) - s1@group-54DAC524AFE5-SegmentedRaftLogWorker: flushIndex: setUnconditionally 0 -> -1
2022-09-22 09:27:24,852 [s1-impl-thread1] INFO  segmented.SegmentedRaftLogWorker (SegmentedRaftLogWorker.java:lambda$new$0(134)) - s1@group-54DAC524AFE5-SegmentedRaftLogWorker: safeCacheEvictIndex: setUnconditionally 0 -> -1
2022-09-22 09:27:24,856 [s1-impl-thread1] INFO  server.RaftServer$Division (RaftServerImpl.java:start(337)) - s1@group-54DAC524AFE5: start as a follower, conf=-1: peers:[s0|rpc:localhost:37915|admin:localhost:41577|client:localhost:40229|dataStream:localhost:44199|priority:0|startupRole:FOLLOWER, s1|rpc:localhost:40339|admin:localhost:38223|client:localhost:43145|dataStream:localhost:38639|priority:0|startupRole:FOLLOWER, s2|rpc:localhost:43945|admin:localhost:42233|client:localhost:33427|dataStream:localhost:44325|priority:0|startupRole:FOLLOWER]|listeners:[], old=null
2022-09-22 09:27:24,856 [s1-impl-thread1] INFO  server.RaftServer$Division (RaftServerImpl.java:setRole(324)) - s1@group-54DAC524AFE5: changes role from      null to FOLLOWER at term 0 for startAsFollower
2022-09-22 09:27:24,856 [s1-impl-thread1] INFO  impl.RoleInfo (RoleInfo.java:updateAndGet(139)) - s1: start s1@group-54DAC524AFE5-FollowerState
2022-09-22 09:27:24,857 [s1-impl-thread1] INFO  util.JmxRegister (JmxRegister.java:tryRegister(44)) - Successfully registered JMX Bean with object name Ratis:service=RaftServer,group=group-54DAC524AFE5,id=s1
2022-09-22 09:27:24,857 [s1-impl-thread1] INFO  server.RaftServerConfigKeys (ConfUtils.java:logGet(46)) - raft.server.snapshot.auto.trigger.enabled = false (default)
2022-09-22 09:27:24,857 [s1-impl-thread1] INFO  server.RaftServerConfigKeys (ConfUtils.java:logGet(46)) - raft.server.snapshot.retention.file.num = -1 (default)
2022-09-22 09:27:24,858 [s1-impl-thread1] INFO  server.RaftServerConfigKeys (ConfUtils.java:logGet(46)) - raft.server.log.purge.upto.snapshot.index = false (default)
2022-09-22 09:27:24,858 [s1@group-54DAC524AFE5-FollowerState] INFO  server.RaftServerConfigKeys (ConfUtils.java:logFallback(53)) - raft.server.rpc.first-election.timeout.min = 150ms (fallback to raft.server.rpc.timeout.min)
2022-09-22 09:27:24,858 [s1@group-54DAC524AFE5-FollowerState] INFO  server.RaftServerConfigKeys (ConfUtils.java:logFallback(53)) - raft.server.rpc.first-election.timeout.max = 300ms (fallback to raft.server.rpc.timeout.max)
2022-09-22 09:27:24,865 [Time-limited test] INFO  server.RaftServer (RaftServerProxy.java:startImpl(396)) - s1: start RPC server
2022-09-22 09:27:24,867 [Time-limited test] INFO  server.GrpcService (GrpcService.java:startImpl(310)) - s1: GrpcService started, listening on 43145
2022-09-22 09:27:24,868 [Time-limited test] INFO  server.GrpcService (GrpcService.java:startImpl(310)) - s1: GrpcService started, listening on 40339
2022-09-22 09:27:24,869 [Time-limited test] INFO  server.GrpcService (GrpcService.java:startImpl(310)) - s1: GrpcService started, listening on 38223
2022-09-22 09:27:24,869 [s2-impl-thread1] INFO  server.RaftServerConfigKeys (ConfUtils.java:logGet(46)) - raft.server.storage.free-space.min = 0MB (=0) (default)
2022-09-22 09:27:24,869 [s2-impl-thread1] INFO  server.RaftServerConfigKeys (ConfUtils.java:logGet(46)) - raft.server.log.corruption.policy = EXCEPTION (default)
2022-09-22 09:27:24,870 [s2-impl-thread1] INFO  server.RaftServerConfigKeys (ConfUtils.java:logGet(46)) - raft.server.storage.dir = [/home/runner/work/ratis/ratis/ratis-test/target/test/data/f8888bed/MiniRaftClusterWithGrpcfe035987/s2] (custom)
2022-09-22 09:27:24,870 [s2-impl-thread1] INFO  storage.RaftStorageDirectory (RaftStorageDirectoryImpl.java:analyzeStorage(138)) - The storage directory /home/runner/work/ratis/ratis/ratis-test/target/test/data/f8888bed/MiniRaftClusterWithGrpcfe035987/s2/0f4932c6-2d3b-4cd8-904d-54dac524afe5 does not exist. Creating ...
2022-09-22 09:27:24,870 [s2-impl-thread1] TRACE util.FileUtils (LogUtils.java:runAndLog(49)) - Successfully ran Files.createDirectories /home/runner/work/ratis/ratis/ratis-test/target/test/data/f8888bed/MiniRaftClusterWithGrpcfe035987/s2/0f4932c6-2d3b-4cd8-904d-54dac524afe5
2022-09-22 09:27:24,871 [JvmPauseMonitor4] INFO  util.JvmPauseMonitor (JvmPauseMonitor.java:run(105)) - JvmPauseMonitor-s1: Started
2022-09-22 09:27:24,872 [s2-impl-thread1] INFO  storage.RaftStorageDirectory (RaftStorageDirectoryImpl.java:tryLock(232)) - Lock on /home/runner/work/ratis/ratis/ratis-test/target/test/data/f8888bed/MiniRaftClusterWithGrpcfe035987/s2/0f4932c6-2d3b-4cd8-904d-54dac524afe5/in_use.lock acquired by nodename 5056@fv-az201-177
2022-09-22 09:27:24,872 [s2-impl-thread1] TRACE util.FileUtils (LogUtils.java:runAndLog(49)) - Successfully ran Files.createDirectories /home/runner/work/ratis/ratis/ratis-test/target/test/data/f8888bed/MiniRaftClusterWithGrpcfe035987/s2/0f4932c6-2d3b-4cd8-904d-54dac524afe5/current
2022-09-22 09:27:24,872 [s2-impl-thread1] TRACE util.FileUtils (LogUtils.java:runAndLog(49)) - Successfully ran Files.createDirectories /home/runner/work/ratis/ratis/ratis-test/target/test/data/f8888bed/MiniRaftClusterWithGrpcfe035987/s2/0f4932c6-2d3b-4cd8-904d-54dac524afe5/sm
2022-09-22 09:27:24,873 [s2-impl-thread1] INFO  storage.RaftStorage (RaftStorageImpl.java:format(96)) - Storage directory /home/runner/work/ratis/ratis/ratis-test/target/test/data/f8888bed/MiniRaftClusterWithGrpcfe035987/s2/0f4932c6-2d3b-4cd8-904d-54dac524afe5 has been successfully formatted.
2022-09-22 09:27:24,873 [s2-impl-thread1] INFO  statemachine.SimpleStateMachine4Testing (SimpleStateMachine4Testing.java:initialize(212)) - Initializing SimpleStateMachine4Testing:uninitialized
2022-09-22 09:27:24,874 [s2-impl-thread1] INFO  statemachine.SimpleStateMachine4Testing (SimpleStateMachine4Testing.java:loadSnapshot(306)) - The snapshot file null does not exist
2022-09-22 09:27:24,874 [s2-impl-thread1] INFO  server.RaftServerConfigKeys (ConfUtils.java:logGet(46)) - raft.server.log.use.memory = false (default)
2022-09-22 09:27:24,874 [s2-impl-thread1] INFO  server.RaftServerConfigKeys (ConfUtils.java:logGet(46)) - raft.server.log.purge.gap = 1024 (default)
2022-09-22 09:27:24,874 [s2-impl-thread1] INFO  server.RaftServerConfigKeys (ConfUtils.java:logGet(46)) - raft.server.log.appender.buffer.byte-limit = 4MB (=4194304) (default)
2022-09-22 09:27:24,874 [s2-impl-thread1] INFO  server.RaftServerConfigKeys (ConfUtils.java:logGet(46)) - raft.server.log.statemachine.data.read.timeout = 1000ms (default)
2022-09-22 09:27:24,874 [s2-impl-thread1] INFO  server.RaftServerConfigKeys (ConfUtils.java:logGet(46)) - raft.server.log.purge.preservation.log.num = 0 (default)
2022-09-22 09:27:24,875 [s2-impl-thread1] INFO  server.RaftServerConfigKeys (ConfUtils.java:logGet(46)) - raft.server.log.segment.size.max = 8MB (=8388608) (default)
2022-09-22 09:27:24,875 [s2-impl-thread1] INFO  server.RaftServerConfigKeys (ConfUtils.java:logGet(46)) - raft.server.log.segment.cache.num.max = 6 (default)
2022-09-22 09:27:24,875 [s2-impl-thread1] INFO  server.RaftServerConfigKeys (ConfUtils.java:logGet(46)) - raft.server.log.segment.cache.size.max = 200MB (=209715200) (default)
2022-09-22 09:27:24,875 [s2-impl-thread1] INFO  segmented.SegmentedRaftLogWorker (SegmentedRaftLogWorker.java:<init>(183)) - new s2@group-54DAC524AFE5-SegmentedRaftLogWorker for RaftStorageImpl:Storage Directory /home/runner/work/ratis/ratis/ratis-test/target/test/data/f8888bed/MiniRaftClusterWithGrpcfe035987/s2/0f4932c6-2d3b-4cd8-904d-54dac524afe5
2022-09-22 09:27:24,875 [s2-impl-thread1] INFO  server.RaftServerConfigKeys (ConfUtils.java:logGet(46)) - raft.server.log.queue.byte-limit = 64MB (=67108864) (default)
2022-09-22 09:27:24,875 [s2-impl-thread1] INFO  server.RaftServerConfigKeys (ConfUtils.java:logGet(46)) - raft.server.log.queue.element-limit = 4096 (default)
2022-09-22 09:27:24,875 [s2-impl-thread1] INFO  server.RaftServerConfigKeys (ConfUtils.java:logGet(46)) - raft.server.log.segment.size.max = 8MB (=8388608) (default)
2022-09-22 09:27:24,875 [s2-impl-thread1] INFO  server.RaftServerConfigKeys (ConfUtils.java:logGet(46)) - raft.server.log.preallocated.size = 4MB (=4194304) (default)
2022-09-22 09:27:24,875 [s2-impl-thread1] INFO  server.RaftServerConfigKeys (ConfUtils.java:logGet(46)) - raft.server.log.force.sync.num = 128 (default)
2022-09-22 09:27:24,875 [s2-impl-thread1] INFO  server.RaftServerConfigKeys (ConfUtils.java:logGet(46)) - raft.server.log.statemachine.data.sync = true (default)
2022-09-22 09:27:24,875 [s2-impl-thread1] INFO  server.RaftServerConfigKeys (ConfUtils.java:logGet(46)) - raft.server.log.statemachine.data.sync.timeout = 10s (default)
2022-09-22 09:27:24,875 [s2-impl-thread1] INFO  server.RaftServerConfigKeys (ConfUtils.java:logGet(46)) - raft.server.log.statemachine.data.sync.timeout.retry = -1 (default)
2022-09-22 09:27:24,875 [s2-impl-thread1] INFO  server.RaftServerConfigKeys (ConfUtils.java:logGet(46)) - raft.server.log.write.buffer.size = 64KB (=65536) (default)
2022-09-22 09:27:24,876 [s2-impl-thread1] INFO  server.RaftServerConfigKeys (ConfUtils.java:logGet(46)) - raft.server.log.unsafe-flush.enabled = false (default)
2022-09-22 09:27:24,876 [s2-impl-thread1] INFO  server.RaftServerConfigKeys (ConfUtils.java:logGet(46)) - raft.server.log.async-flush.enabled = false (default)
2022-09-22 09:27:24,876 [s2-impl-thread1] INFO  server.RaftServerConfigKeys (ConfUtils.java:logGet(46)) - raft.server.log.statemachine.data.caching.enabled = false (default)
2022-09-22 09:27:24,876 [s2-impl-thread1] INFO  segmented.SegmentedRaftLogWorker (SegmentedRaftLogWorker.java:lambda$new$0(134)) - s2@group-54DAC524AFE5-SegmentedRaftLogWorker: flushIndex: setUnconditionally 0 -> -1
2022-09-22 09:27:24,876 [s2-impl-thread1] INFO  segmented.SegmentedRaftLogWorker (SegmentedRaftLogWorker.java:lambda$new$0(134)) - s2@group-54DAC524AFE5-SegmentedRaftLogWorker: safeCacheEvictIndex: setUnconditionally 0 -> -1
2022-09-22 09:27:24,878 [s2-impl-thread1] INFO  server.RaftServer$Division (RaftServerImpl.java:start(337)) - s2@group-54DAC524AFE5: start as a follower, conf=-1: peers:[s0|rpc:localhost:37915|admin:localhost:41577|client:localhost:40229|dataStream:localhost:44199|priority:0|startupRole:FOLLOWER, s1|rpc:localhost:40339|admin:localhost:38223|client:localhost:43145|dataStream:localhost:38639|priority:0|startupRole:FOLLOWER, s2|rpc:localhost:43945|admin:localhost:42233|client:localhost:33427|dataStream:localhost:44325|priority:0|startupRole:FOLLOWER]|listeners:[], old=null
2022-09-22 09:27:24,878 [s2-impl-thread1] INFO  server.RaftServer$Division (RaftServerImpl.java:setRole(324)) - s2@group-54DAC524AFE5: changes role from      null to FOLLOWER at term 0 for startAsFollower
2022-09-22 09:27:24,878 [s2-impl-thread1] INFO  impl.RoleInfo (RoleInfo.java:updateAndGet(139)) - s2: start s2@group-54DAC524AFE5-FollowerState
2022-09-22 09:27:24,879 [s2-impl-thread1] INFO  util.JmxRegister (JmxRegister.java:tryRegister(44)) - Successfully registered JMX Bean with object name Ratis:service=RaftServer,group=group-54DAC524AFE5,id=s2
2022-09-22 09:27:24,879 [s2-impl-thread1] INFO  server.RaftServerConfigKeys (ConfUtils.java:logGet(46)) - raft.server.snapshot.auto.trigger.enabled = false (default)
2022-09-22 09:27:24,879 [s2-impl-thread1] INFO  server.RaftServerConfigKeys (ConfUtils.java:logGet(46)) - raft.server.snapshot.retention.file.num = -1 (default)
2022-09-22 09:27:24,879 [s2-impl-thread1] INFO  server.RaftServerConfigKeys (ConfUtils.java:logGet(46)) - raft.server.log.purge.upto.snapshot.index = false (default)
2022-09-22 09:27:24,879 [s2@group-54DAC524AFE5-FollowerState] INFO  server.RaftServerConfigKeys (ConfUtils.java:logFallback(53)) - raft.server.rpc.first-election.timeout.min = 150ms (fallback to raft.server.rpc.timeout.min)
2022-09-22 09:27:24,879 [s2@group-54DAC524AFE5-FollowerState] INFO  server.RaftServerConfigKeys (ConfUtils.java:logFallback(53)) - raft.server.rpc.first-election.timeout.max = 300ms (fallback to raft.server.rpc.timeout.max)
2022-09-22 09:27:24,879 [Time-limited test] INFO  server.RaftServer (RaftServerProxy.java:startImpl(396)) - s2: start RPC server
2022-09-22 09:27:24,881 [Time-limited test] INFO  server.GrpcService (GrpcService.java:startImpl(310)) - s2: GrpcService started, listening on 33427
2022-09-22 09:27:24,882 [Time-limited test] INFO  server.GrpcService (GrpcService.java:startImpl(310)) - s2: GrpcService started, listening on 43945
2022-09-22 09:27:24,885 [Time-limited test] INFO  server.GrpcService (GrpcService.java:startImpl(310)) - s2: GrpcService started, listening on 42233
2022-09-22 09:27:24,885 [JvmPauseMonitor5] INFO  util.JvmPauseMonitor (JvmPauseMonitor.java:run(105)) - JvmPauseMonitor-s2: Started
2022-09-22 09:27:24,887 [Time-limited test] INFO  server.RaftServerConfigKeys (ConfUtils.java:logGet(46)) - raft.server.rpc.timeout.max = 300ms (default)
2022-09-22 09:27:24,887 [Time-limited test] INFO  ratis.RaftTestUtil (RaftTestUtil.java:waitForLeader(100)) - printing ALL groups
  s0:  RUNNING  FOLLOWER s0@group-54DAC524AFE5:t0, leader=null, voted=, raftlog=Memoized:s0@group-54DAC524AFE5-SegmentedRaftLog:OPENED:c-1, conf=-1: peers:[s0|rpc:localhost:37915|admin:localhost:41577|client:localhost:40229|dataStream:localhost:44199|priority:0|startupRole:FOLLOWER, s1|rpc:localhost:40339|admin:localhost:38223|client:localhost:43145|dataStream:localhost:38639|priority:0|startupRole:FOLLOWER, s2|rpc:localhost:43945|admin:localhost:42233|client:localhost:33427|dataStream:localhost:44325|priority:0|startupRole:FOLLOWER]|listeners:[], old=null RUNNING
  s1:  RUNNING  FOLLOWER s1@group-54DAC524AFE5:t0, leader=null, voted=, raftlog=Memoized:s1@group-54DAC524AFE5-SegmentedRaftLog:OPENED:c-1, conf=-1: peers:[s0|rpc:localhost:37915|admin:localhost:41577|client:localhost:40229|dataStream:localhost:44199|priority:0|startupRole:FOLLOWER, s1|rpc:localhost:40339|admin:localhost:38223|client:localhost:43145|dataStream:localhost:38639|priority:0|startupRole:FOLLOWER, s2|rpc:localhost:43945|admin:localhost:42233|client:localhost:33427|dataStream:localhost:44325|priority:0|startupRole:FOLLOWER]|listeners:[], old=null RUNNING
  s2:  RUNNING  FOLLOWER s2@group-54DAC524AFE5:t0, leader=null, voted=, raftlog=Memoized:s2@group-54DAC524AFE5-SegmentedRaftLog:OPENED:c-1, conf=-1: peers:[s0|rpc:localhost:37915|admin:localhost:41577|client:localhost:40229|dataStream:localhost:44199|priority:0|startupRole:FOLLOWER, s1|rpc:localhost:40339|admin:localhost:38223|client:localhost:43145|dataStream:localhost:38639|priority:0|startupRole:FOLLOWER, s2|rpc:localhost:43945|admin:localhost:42233|client:localhost:33427|dataStream:localhost:44325|priority:0|startupRole:FOLLOWER]|listeners:[], old=null RUNNING
2022-09-22 09:27:24,888 [Time-limited test] WARN  ratis.RaftTestUtil (JavaUtils.java:attempt(217)) - FAILED "waitForLeader-null-(expectLeader? true)", attempt #1/100: java.lang.IllegalStateException: No leader yet : printing ALL groups
  s0:  RUNNING  FOLLOWER s0@group-54DAC524AFE5:t0, leader=null, voted=, raftlog=Memoized:s0@group-54DAC524AFE5-SegmentedRaftLog:OPENED:c-1, conf=-1: peers:[s0|rpc:localhost:37915|admin:localhost:41577|client:localhost:40229|dataStream:localhost:44199|priority:0|startupRole:FOLLOWER, s1|rpc:localhost:40339|admin:localhost:38223|client:localhost:43145|dataStream:localhost:38639|priority:0|startupRole:FOLLOWER, s2|rpc:localhost:43945|admin:localhost:42233|client:localhost:33427|dataStream:localhost:44325|priority:0|startupRole:FOLLOWER]|listeners:[], old=null RUNNING
  s1:  RUNNING  FOLLOWER s1@group-54DAC524AFE5:t0, leader=null, voted=, raftlog=Memoized:s1@group-54DAC524AFE5-SegmentedRaftLog:OPENED:c-1, conf=-1: peers:[s0|rpc:localhost:37915|admin:localhost:41577|client:localhost:40229|dataStream:localhost:44199|priority:0|startupRole:FOLLOWER, s1|rpc:localhost:40339|admin:localhost:38223|client:localhost:43145|dataStream:localhost:38639|priority:0|startupRole:FOLLOWER, s2|rpc:localhost:43945|admin:localhost:42233|client:localhost:33427|dataStream:localhost:44325|priority:0|startupRole:FOLLOWER]|listeners:[], old=null RUNNING
  s2:  RUNNING  FOLLOWER s2@group-54DAC524AFE5:t0, leader=null, voted=, raftlog=Memoized:s2@group-54DAC524AFE5-SegmentedRaftLog:OPENED:c-1, conf=-1: peers:[s0|rpc:localhost:37915|admin:localhost:41577|client:localhost:40229|dataStream:localhost:44199|priority:0|startupRole:FOLLOWER, s1|rpc:localhost:40339|admin:localhost:38223|client:localhost:43145|dataStream:localhost:38639|priority:0|startupRole:FOLLOWER, s2|rpc:localhost:43945|admin:localhost:42233|client:localhost:33427|dataStream:localhost:44325|priority:0|startupRole:FOLLOWER]|listeners:[], old=null RUNNING, sleep 450ms and then retry.
java.lang.IllegalStateException: No leader yet : printing ALL groups
  s0:  RUNNING  FOLLOWER s0@group-54DAC524AFE5:t0, leader=null, voted=, raftlog=Memoized:s0@group-54DAC524AFE5-SegmentedRaftLog:OPENED:c-1, conf=-1: peers:[s0|rpc:localhost:37915|admin:localhost:41577|client:localhost:40229|dataStream:localhost:44199|priority:0|startupRole:FOLLOWER, s1|rpc:localhost:40339|admin:localhost:38223|client:localhost:43145|dataStream:localhost:38639|priority:0|startupRole:FOLLOWER, s2|rpc:localhost:43945|admin:localhost:42233|client:localhost:33427|dataStream:localhost:44325|priority:0|startupRole:FOLLOWER]|listeners:[], old=null RUNNING
  s1:  RUNNING  FOLLOWER s1@group-54DAC524AFE5:t0, leader=null, voted=, raftlog=Memoized:s1@group-54DAC524AFE5-SegmentedRaftLog:OPENED:c-1, conf=-1: peers:[s0|rpc:localhost:37915|admin:localhost:41577|client:localhost:40229|dataStream:localhost:44199|priority:0|startupRole:FOLLOWER, s1|rpc:localhost:40339|admin:localhost:38223|client:localhost:43145|dataStream:localhost:38639|priority:0|startupRole:FOLLOWER, s2|rpc:localhost:43945|admin:localhost:42233|client:localhost:33427|dataStream:localhost:44325|priority:0|startupRole:FOLLOWER]|listeners:[], old=null RUNNING
  s2:  RUNNING  FOLLOWER s2@group-54DAC524AFE5:t0, leader=null, voted=, raftlog=Memoized:s2@group-54DAC524AFE5-SegmentedRaftLog:OPENED:c-1, conf=-1: peers:[s0|rpc:localhost:37915|admin:localhost:41577|client:localhost:40229|dataStream:localhost:44199|priority:0|startupRole:FOLLOWER, s1|rpc:localhost:40339|admin:localhost:38223|client:localhost:43145|dataStream:localhost:38639|priority:0|startupRole:FOLLOWER, s2|rpc:localhost:43945|admin:localhost:42233|client:localhost:33427|dataStream:localhost:44325|priority:0|startupRole:FOLLOWER]|listeners:[], old=null RUNNING
	at org.apache.ratis.server.impl.MiniRaftCluster.newIllegalStateExceptionForNoLeaders(MiniRaftCluster.java:581)
	at org.apache.ratis.RaftTestUtil.lambda$waitForLeader$1(RaftTestUtil.java:104)
	at org.apache.ratis.server.impl.MiniRaftCluster.getLeader(MiniRaftCluster.java:615)
	at org.apache.ratis.server.impl.MiniRaftCluster.getLeader(MiniRaftCluster.java:608)
	at org.apache.ratis.RaftTestUtil.lambda$waitForLeader$3(RaftTestUtil.java:112)
	at org.apache.ratis.util.JavaUtils.attempt(JavaUtils.java:211)
	at org.apache.ratis.util.JavaUtils.attemptRepeatedly(JavaUtils.java:197)
	at org.apache.ratis.RaftTestUtil.waitForLeader(RaftTestUtil.java:111)
	at org.apache.ratis.RaftTestUtil.waitForLeader(RaftTestUtil.java:92)
	at org.apache.ratis.RaftTestUtil.waitForLeader(RaftTestUtil.java:87)
	at org.apache.ratis.RaftBasicTests.testStateMachineMetrics(RaftBasicTests.java:458)
	at org.apache.ratis.RaftAsyncTests.lambda$testStateMachineMetrics$12(RaftAsyncTests.java:375)
	at org.apache.ratis.server.impl.MiniRaftCluster$Factory$Get.runWithNewCluster(MiniRaftCluster.java:141)
	at org.apache.ratis.server.impl.MiniRaftCluster$Factory$Get.runWithNewCluster(MiniRaftCluster.java:121)
	at org.apache.ratis.RaftAsyncTests.testStateMachineMetrics(RaftAsyncTests.java:374)
	at java.base/jdk.internal.reflect.NativeMethodAccessorImpl.invoke0(Native Method)
	at java.base/jdk.internal.reflect.NativeMethodAccessorImpl.invoke(NativeMethodAccessorImpl.java:62)
	at java.base/jdk.internal.reflect.DelegatingMethodAccessorImpl.invoke(DelegatingMethodAccessorImpl.java:43)
	at java.base/java.lang.reflect.Method.invoke(Method.java:566)
	at org.junit.runners.model.FrameworkMethod$1.runReflectiveCall(FrameworkMethod.java:59)
	at org.junit.internal.runners.model.ReflectiveCallable.run(ReflectiveCallable.java:12)
	at org.junit.runners.model.FrameworkMethod.invokeExplosively(FrameworkMethod.java:56)
	at org.junit.internal.runners.statements.InvokeMethod.evaluate(InvokeMethod.java:17)
	at org.junit.internal.runners.statements.RunAfters.evaluate(RunAfters.java:27)
	at org.junit.internal.runners.statements.FailOnTimeout$CallableStatement.call(FailOnTimeout.java:299)
	at org.junit.internal.runners.statements.FailOnTimeout$CallableStatement.call(FailOnTimeout.java:293)
	at java.base/java.util.concurrent.FutureTask.run(FutureTask.java:264)
	at java.base/java.lang.Thread.run(Thread.java:829)
2022-09-22 09:27:25,027 [s1@group-54DAC524AFE5-FollowerState] INFO  impl.FollowerState (FollowerState.java:run(143)) - s1@group-54DAC524AFE5-FollowerState: change to CANDIDATE, lastRpcElapsedTime:170678936ns, electionTimeout:168ms
2022-09-22 09:27:25,027 [s1@group-54DAC524AFE5-FollowerState] INFO  impl.RoleInfo (RoleInfo.java:shutdownFollowerState(110)) - s1: shutdown s1@group-54DAC524AFE5-FollowerState
2022-09-22 09:27:25,027 [s1@group-54DAC524AFE5-FollowerState] INFO  server.RaftServer$Division (RaftServerImpl.java:setRole(324)) - s1@group-54DAC524AFE5: changes role from  FOLLOWER to CANDIDATE at term 0 for changeToCandidate
2022-09-22 09:27:25,028 [s1@group-54DAC524AFE5-FollowerState] INFO  server.RaftServerConfigKeys (ConfUtils.java:logGet(46)) - raft.server.leaderelection.pre-vote = true (default)
2022-09-22 09:27:25,028 [s1@group-54DAC524AFE5-FollowerState] INFO  impl.RoleInfo (RoleInfo.java:updateAndGet(139)) - s1: start s1@group-54DAC524AFE5-LeaderElection5
2022-09-22 09:27:25,032 [s1@group-54DAC524AFE5-LeaderElection5] INFO  impl.LeaderElection (LeaderElection.java:askForVotes(309)) - s1@group-54DAC524AFE5-LeaderElection5 PRE_VOTE round 0: submit vote requests at term 0 for -1: peers:[s0|rpc:localhost:37915|admin:localhost:41577|client:localhost:40229|dataStream:localhost:44199|priority:0|startupRole:FOLLOWER, s1|rpc:localhost:40339|admin:localhost:38223|client:localhost:43145|dataStream:localhost:38639|priority:0|startupRole:FOLLOWER, s2|rpc:localhost:43945|admin:localhost:42233|client:localhost:33427|dataStream:localhost:44325|priority:0|startupRole:FOLLOWER]|listeners:[], old=null
2022-09-22 09:27:25,033 [s1@group-54DAC524AFE5-LeaderElection5-1] INFO  server.GrpcServerProtocolClient (GrpcServerProtocolClient.java:<init>(63)) - Build channel for s0
2022-09-22 09:27:25,035 [s1@group-54DAC524AFE5-LeaderElection5] INFO  server.RaftServerConfigKeys (ConfUtils.java:logFallback(53)) - raft.server.rpc.first-election.timeout.min = 150ms (fallback to raft.server.rpc.timeout.min)
2022-09-22 09:27:25,035 [s1@group-54DAC524AFE5-LeaderElection5] INFO  server.RaftServerConfigKeys (ConfUtils.java:logFallback(53)) - raft.server.rpc.first-election.timeout.max = 300ms (fallback to raft.server.rpc.timeout.max)
2022-09-22 09:27:25,041 [s1@group-54DAC524AFE5-LeaderElection5-2] INFO  server.GrpcServerProtocolClient (GrpcServerProtocolClient.java:<init>(63)) - Build channel for s2
2022-09-22 09:27:25,056 [grpc-default-executor-6] INFO  server.RaftServer$Division (RaftServerImpl.java:requestVote(1288)) - s2@group-54DAC524AFE5: receive requestVote(PRE_VOTE, s1, group-54DAC524AFE5, 0, (t:0, i:0))
2022-09-22 09:27:25,057 [grpc-default-executor-6] INFO  impl.VoteContext (VoteContext.java:log(49)) - s2@group-54DAC524AFE5-FOLLOWER: accept PRE_VOTE from s1: our priority 0 <= candidate's priority 0
2022-09-22 09:27:25,057 [grpc-default-executor-6] INFO  server.RaftServer$Division (RaftServerImpl.java:requestVote(1321)) - s2@group-54DAC524AFE5 replies to PRE_VOTE vote request: s1<-s2#0:OK-t0. Peer's state: s2@group-54DAC524AFE5:t0, leader=null, voted=, raftlog=Memoized:s2@group-54DAC524AFE5-SegmentedRaftLog:OPENED:c-1, conf=-1: peers:[s0|rpc:localhost:37915|admin:localhost:41577|client:localhost:40229|dataStream:localhost:44199|priority:0|startupRole:FOLLOWER, s1|rpc:localhost:40339|admin:localhost:38223|client:localhost:43145|dataStream:localhost:38639|priority:0|startupRole:FOLLOWER, s2|rpc:localhost:43945|admin:localhost:42233|client:localhost:33427|dataStream:localhost:44325|priority:0|startupRole:FOLLOWER]|listeners:[], old=null
2022-09-22 09:27:25,058 [s1@group-54DAC524AFE5-LeaderElection5] INFO  impl.LeaderElection (LeaderElection.java:logAndReturn(89)) - s1@group-54DAC524AFE5-LeaderElection5: PRE_VOTE PASSED received 1 response(s) and 0 exception(s):
2022-09-22 09:27:25,059 [s1@group-54DAC524AFE5-LeaderElection5] INFO  impl.LeaderElection (LeaderElection.java:logAndReturn(93)) -   Response 0: s1<-s2#0:OK-t0
2022-09-22 09:27:25,059 [s1@group-54DAC524AFE5-LeaderElection5] INFO  impl.LeaderElection (LeaderElection.java:askForVotes(311)) - s1@group-54DAC524AFE5-LeaderElection5 PRE_VOTE round 0: result PASSED
2022-09-22 09:27:25,059 [grpc-default-executor-6] INFO  server.RaftServer$Division (RaftServerImpl.java:requestVote(1288)) - s0@group-54DAC524AFE5: receive requestVote(PRE_VOTE, s1, group-54DAC524AFE5, 0, (t:0, i:0))
2022-09-22 09:27:25,060 [grpc-default-executor-6] INFO  impl.VoteContext (VoteContext.java:log(49)) - s0@group-54DAC524AFE5-FOLLOWER: accept PRE_VOTE from s1: our priority 0 <= candidate's priority 0
2022-09-22 09:27:25,060 [grpc-default-executor-6] INFO  server.RaftServer$Division (RaftServerImpl.java:requestVote(1321)) - s0@group-54DAC524AFE5 replies to PRE_VOTE vote request: s1<-s0#0:OK-t0. Peer's state: s0@group-54DAC524AFE5:t0, leader=null, voted=, raftlog=Memoized:s0@group-54DAC524AFE5-SegmentedRaftLog:OPENED:c-1, conf=-1: peers:[s0|rpc:localhost:37915|admin:localhost:41577|client:localhost:40229|dataStream:localhost:44199|priority:0|startupRole:FOLLOWER, s1|rpc:localhost:40339|admin:localhost:38223|client:localhost:43145|dataStream:localhost:38639|priority:0|startupRole:FOLLOWER, s2|rpc:localhost:43945|admin:localhost:42233|client:localhost:33427|dataStream:localhost:44325|priority:0|startupRole:FOLLOWER]|listeners:[], old=null
2022-09-22 09:27:25,060 [s1@group-54DAC524AFE5-LeaderElection5] INFO  impl.LeaderElection (LeaderElection.java:askForVotes(309)) - s1@group-54DAC524AFE5-LeaderElection5 ELECTION round 0: submit vote requests at term 1 for -1: peers:[s0|rpc:localhost:37915|admin:localhost:41577|client:localhost:40229|dataStream:localhost:44199|priority:0|startupRole:FOLLOWER, s1|rpc:localhost:40339|admin:localhost:38223|client:localhost:43145|dataStream:localhost:38639|priority:0|startupRole:FOLLOWER, s2|rpc:localhost:43945|admin:localhost:42233|client:localhost:33427|dataStream:localhost:44325|priority:0|startupRole:FOLLOWER]|listeners:[], old=null
2022-09-22 09:27:25,063 [s1@group-54DAC524AFE5-LeaderElection5] INFO  server.RaftServerConfigKeys (ConfUtils.java:logFallback(53)) - raft.server.rpc.first-election.timeout.min = 150ms (fallback to raft.server.rpc.timeout.min)
2022-09-22 09:27:25,063 [s1@group-54DAC524AFE5-LeaderElection5] INFO  server.RaftServerConfigKeys (ConfUtils.java:logFallback(53)) - raft.server.rpc.first-election.timeout.max = 300ms (fallback to raft.server.rpc.timeout.max)
2022-09-22 09:27:25,066 [grpc-default-executor-6] INFO  server.RaftServer$Division (RaftServerImpl.java:requestVote(1288)) - s0@group-54DAC524AFE5: receive requestVote(ELECTION, s1, group-54DAC524AFE5, 1, (t:0, i:0))
2022-09-22 09:27:25,066 [grpc-default-executor-6] INFO  impl.VoteContext (VoteContext.java:log(49)) - s0@group-54DAC524AFE5-FOLLOWER: accept ELECTION from s1: our priority 0 <= candidate's priority 0
2022-09-22 09:27:25,066 [grpc-default-executor-6] INFO  server.RaftServer$Division (RaftServerImpl.java:setRole(324)) - s0@group-54DAC524AFE5: changes role from  FOLLOWER to FOLLOWER at term 1 for candidate:s1
2022-09-22 09:27:25,066 [grpc-default-executor-6] INFO  impl.RoleInfo (RoleInfo.java:shutdownFollowerState(110)) - s0: shutdown s0@group-54DAC524AFE5-FollowerState
2022-09-22 09:27:25,066 [s0@group-54DAC524AFE5-FollowerState] INFO  impl.FollowerState (FollowerState.java:run(152)) - s0@group-54DAC524AFE5-FollowerState was interrupted
2022-09-22 09:27:25,066 [grpc-default-executor-6] INFO  impl.RoleInfo (RoleInfo.java:updateAndGet(139)) - s0: start s0@group-54DAC524AFE5-FollowerState
2022-09-22 09:27:25,067 [s0@group-54DAC524AFE5-FollowerState] INFO  server.RaftServerConfigKeys (ConfUtils.java:logFallback(53)) - raft.server.rpc.first-election.timeout.min = 150ms (fallback to raft.server.rpc.timeout.min)
2022-09-22 09:27:25,067 [s0@group-54DAC524AFE5-FollowerState] INFO  server.RaftServerConfigKeys (ConfUtils.java:logFallback(53)) - raft.server.rpc.first-election.timeout.max = 300ms (fallback to raft.server.rpc.timeout.max)
2022-09-22 09:27:25,068 [grpc-default-executor-6] INFO  server.RaftServer$Division (RaftServerImpl.java:requestVote(1321)) - s0@group-54DAC524AFE5 replies to ELECTION vote request: s1<-s0#0:OK-t1. Peer's state: s0@group-54DAC524AFE5:t1, leader=null, voted=s1, raftlog=Memoized:s0@group-54DAC524AFE5-SegmentedRaftLog:OPENED:c-1, conf=-1: peers:[s0|rpc:localhost:37915|admin:localhost:41577|client:localhost:40229|dataStream:localhost:44199|priority:0|startupRole:FOLLOWER, s1|rpc:localhost:40339|admin:localhost:38223|client:localhost:43145|dataStream:localhost:38639|priority:0|startupRole:FOLLOWER, s2|rpc:localhost:43945|admin:localhost:42233|client:localhost:33427|dataStream:localhost:44325|priority:0|startupRole:FOLLOWER]|listeners:[], old=null
2022-09-22 09:27:25,069 [s1@group-54DAC524AFE5-LeaderElection5] INFO  impl.LeaderElection (LeaderElection.java:logAndReturn(89)) - s1@group-54DAC524AFE5-LeaderElection5: ELECTION PASSED received 1 response(s) and 0 exception(s):
2022-09-22 09:27:25,069 [s1@group-54DAC524AFE5-LeaderElection5] INFO  impl.LeaderElection (LeaderElection.java:logAndReturn(93)) -   Response 0: s1<-s0#0:OK-t1
2022-09-22 09:27:25,069 [s1@group-54DAC524AFE5-LeaderElection5] INFO  impl.LeaderElection (LeaderElection.java:askForVotes(311)) - s1@group-54DAC524AFE5-LeaderElection5 ELECTION round 0: result PASSED
2022-09-22 09:27:25,069 [s1@group-54DAC524AFE5-LeaderElection5] INFO  impl.RoleInfo (RoleInfo.java:shutdownLeaderElection(130)) - s1: shutdown s1@group-54DAC524AFE5-LeaderElection5
2022-09-22 09:27:25,069 [s1@group-54DAC524AFE5-LeaderElection5] INFO  server.RaftServer$Division (RaftServerImpl.java:setRole(324)) - s1@group-54DAC524AFE5: changes role from CANDIDATE to LEADER at term 1 for changeToLeader
2022-09-22 09:27:25,069 [s1@group-54DAC524AFE5-LeaderElection5] INFO  server.RaftServer$Division (ServerState.java:setLeader(259)) - s1@group-54DAC524AFE5: change Leader from null to s1 at term 1 for becomeLeader, leader elected after 254ms
2022-09-22 09:27:25,069 [s1@group-54DAC524AFE5-LeaderElection5] INFO  server.RaftServerConfigKeys (ConfUtils.java:logGet(46)) - raft.server.staging.catchup.gap = 1000 (default)
2022-09-22 09:27:25,069 [s1@group-54DAC524AFE5-LeaderElection5] INFO  server.RaftServerConfigKeys (ConfUtils.java:logGet(46)) - raft.server.write.element-limit = 4096 (default)
2022-09-22 09:27:25,069 [s1@group-54DAC524AFE5-LeaderElection5] INFO  server.RaftServerConfigKeys (ConfUtils.java:logGet(46)) - raft.server.write.byte-limit = 64MB (=67108864) (default)
2022-09-22 09:27:25,070 [grpc-default-executor-8] INFO  server.RaftServer$Division (RaftServerImpl.java:requestVote(1288)) - s2@group-54DAC524AFE5: receive requestVote(ELECTION, s1, group-54DAC524AFE5, 1, (t:0, i:0))
2022-09-22 09:27:25,070 [s1@group-54DAC524AFE5-LeaderElection5] INFO  server.RaftServerConfigKeys (ConfUtils.java:logGet(46)) - raft.server.watch.timeout = 10s (default)
2022-09-22 09:27:25,070 [s1@group-54DAC524AFE5-LeaderElection5] INFO  server.RaftServerConfigKeys (ConfUtils.java:logGet(46)) - raft.server.watch.timeout.denomination = 1s (default)
2022-09-22 09:27:25,070 [s1@group-54DAC524AFE5-LeaderElection5] INFO  server.RaftServerConfigKeys (ConfUtils.java:logGet(46)) - raft.server.watch.element-limit = 65536 (default)
2022-09-22 09:27:25,070 [s1@group-54DAC524AFE5-LeaderElection5] INFO  server.RaftServerConfigKeys (ConfUtils.java:logGet(46)) - raft.server.write.element-limit = 4096 (default)
2022-09-22 09:27:25,070 [s1@group-54DAC524AFE5-LeaderElection5] INFO  server.RaftServerConfigKeys (ConfUtils.java:logGet(46)) - raft.server.write.follower.gap.ratio.max = -1.0 (default)
2022-09-22 09:27:25,070 [s1@group-54DAC524AFE5-LeaderElection5] INFO  server.RaftServerConfigKeys (ConfUtils.java:logGet(46)) - raft.server.log.appender.snapshot.chunk.size.max = 16MB (=16777216) (default)
2022-09-22 09:27:25,070 [s1@group-54DAC524AFE5-LeaderElection5] INFO  server.RaftServerConfigKeys (ConfUtils.java:logGet(46)) - raft.server.log.appender.buffer.byte-limit = 4MB (=4194304) (default)
2022-09-22 09:27:25,070 [s1@group-54DAC524AFE5-LeaderElection5] INFO  server.RaftServerConfigKeys (ConfUtils.java:logGet(46)) - raft.server.log.appender.buffer.element-limit = 0 (default)
2022-09-22 09:27:25,070 [s1@group-54DAC524AFE5-LeaderElection5] INFO  grpc.GrpcConfigKeys (ConfUtils.java:logGet(46)) - raft.grpc.server.leader.outstanding.appends.max = 128 (default)
2022-09-22 09:27:25,070 [s1@group-54DAC524AFE5-LeaderElection5] INFO  server.RaftServerConfigKeys (ConfUtils.java:logGet(46)) - raft.server.rpc.request.timeout = 3000ms (default)
2022-09-22 09:27:25,070 [s1@group-54DAC524AFE5-LeaderElection5] INFO  server.RaftServerConfigKeys (ConfUtils.java:logGet(46)) - raft.server.log.appender.install.snapshot.enabled = true (default)
2022-09-22 09:27:25,071 [s1@group-54DAC524AFE5-LeaderElection5] INFO  grpc.GrpcConfigKeys (ConfUtils.java:logGet(46)) - raft.grpc.server.heartbeat.channel = true (default)
2022-09-22 09:27:25,071 [s1@group-54DAC524AFE5-LeaderElection5] INFO  server.RaftServerConfigKeys (ConfUtils.java:logGet(46)) - raft.server.log.appender.snapshot.chunk.size.max = 16MB (=16777216) (default)
2022-09-22 09:27:25,071 [s1@group-54DAC524AFE5-LeaderElection5] INFO  server.RaftServerConfigKeys (ConfUtils.java:logGet(46)) - raft.server.log.appender.buffer.byte-limit = 4MB (=4194304) (default)
2022-09-22 09:27:25,071 [s1@group-54DAC524AFE5-LeaderElection5] INFO  server.RaftServerConfigKeys (ConfUtils.java:logGet(46)) - raft.server.log.appender.buffer.element-limit = 0 (default)
2022-09-22 09:27:25,071 [s1@group-54DAC524AFE5-LeaderElection5] INFO  grpc.GrpcConfigKeys (ConfUtils.java:logGet(46)) - raft.grpc.server.leader.outstanding.appends.max = 128 (default)
2022-09-22 09:27:25,071 [s1@group-54DAC524AFE5-LeaderElection5] INFO  server.RaftServerConfigKeys (ConfUtils.java:logGet(46)) - raft.server.rpc.request.timeout = 3000ms (default)
2022-09-22 09:27:25,071 [s1@group-54DAC524AFE5-LeaderElection5] INFO  server.RaftServerConfigKeys (ConfUtils.java:logGet(46)) - raft.server.log.appender.install.snapshot.enabled = true (default)
2022-09-22 09:27:25,071 [s1@group-54DAC524AFE5-LeaderElection5] INFO  grpc.GrpcConfigKeys (ConfUtils.java:logGet(46)) - raft.grpc.server.heartbeat.channel = true (default)
2022-09-22 09:27:25,071 [s1@group-54DAC524AFE5-LeaderElection5] INFO  impl.RoleInfo (RoleInfo.java:updateAndGet(139)) - s1: start s1@group-54DAC524AFE5-LeaderStateImpl
2022-09-22 09:27:25,072 [s1@group-54DAC524AFE5-LeaderElection5] INFO  segmented.SegmentedRaftLogWorker (SegmentedRaftLogWorker.java:startLogSegment(427)) - s1@group-54DAC524AFE5-SegmentedRaftLogWorker: Starting segment from index:0
2022-09-22 09:27:25,072 [grpc-default-executor-8] INFO  impl.VoteContext (VoteContext.java:log(49)) - s2@group-54DAC524AFE5-FOLLOWER: accept ELECTION from s1: our priority 0 <= candidate's priority 0
2022-09-22 09:27:25,073 [grpc-default-executor-8] INFO  server.RaftServer$Division (RaftServerImpl.java:setRole(324)) - s2@group-54DAC524AFE5: changes role from  FOLLOWER to FOLLOWER at term 1 for candidate:s1
2022-09-22 09:27:25,073 [grpc-default-executor-8] INFO  impl.RoleInfo (RoleInfo.java:shutdownFollowerState(110)) - s2: shutdown s2@group-54DAC524AFE5-FollowerState
2022-09-22 09:27:25,073 [s2@group-54DAC524AFE5-FollowerState] INFO  impl.FollowerState (FollowerState.java:run(152)) - s2@group-54DAC524AFE5-FollowerState was interrupted
2022-09-22 09:27:25,077 [grpc-default-executor-8] INFO  impl.RoleInfo (RoleInfo.java:updateAndGet(139)) - s2: start s2@group-54DAC524AFE5-FollowerState
2022-09-22 09:27:25,078 [s2@group-54DAC524AFE5-FollowerState] INFO  server.RaftServerConfigKeys (ConfUtils.java:logFallback(53)) - raft.server.rpc.first-election.timeout.min = 150ms (fallback to raft.server.rpc.timeout.min)
2022-09-22 09:27:25,078 [s2@group-54DAC524AFE5-FollowerState] INFO  server.RaftServerConfigKeys (ConfUtils.java:logFallback(53)) - raft.server.rpc.first-election.timeout.max = 300ms (fallback to raft.server.rpc.timeout.max)
2022-09-22 09:27:25,083 [s1@group-54DAC524AFE5-SegmentedRaftLogWorker] INFO  segmented.SegmentedRaftLogWorker (SegmentedRaftLogWorker.java:execute(631)) - s1@group-54DAC524AFE5-SegmentedRaftLogWorker: created new log segment /home/runner/work/ratis/ratis/ratis-test/target/test/data/f8888bed/MiniRaftClusterWithGrpcfe035987/s1/0f4932c6-2d3b-4cd8-904d-54dac524afe5/current/log_inprogress_0
2022-09-22 09:27:25,083 [grpc-default-executor-8] INFO  server.RaftServer$Division (RaftServerImpl.java:requestVote(1321)) - s2@group-54DAC524AFE5 replies to ELECTION vote request: s1<-s2#0:OK-t1. Peer's state: s2@group-54DAC524AFE5:t1, leader=null, voted=s1, raftlog=Memoized:s2@group-54DAC524AFE5-SegmentedRaftLog:OPENED:c-1, conf=-1: peers:[s0|rpc:localhost:37915|admin:localhost:41577|client:localhost:40229|dataStream:localhost:44199|priority:0|startupRole:FOLLOWER, s1|rpc:localhost:40339|admin:localhost:38223|client:localhost:43145|dataStream:localhost:38639|priority:0|startupRole:FOLLOWER, s2|rpc:localhost:43945|admin:localhost:42233|client:localhost:33427|dataStream:localhost:44325|priority:0|startupRole:FOLLOWER]|listeners:[], old=null
2022-09-22 09:27:25,086 [s1@group-54DAC524AFE5-LeaderElection5] INFO  server.RaftServer$Division (ServerState.java:setRaftConf(376)) - s1@group-54DAC524AFE5: set configuration 0: peers:[s0|rpc:localhost:37915|admin:localhost:41577|client:localhost:40229|dataStream:localhost:44199|priority:0|startupRole:FOLLOWER, s1|rpc:localhost:40339|admin:localhost:38223|client:localhost:43145|dataStream:localhost:38639|priority:0|startupRole:FOLLOWER, s2|rpc:localhost:43945|admin:localhost:42233|client:localhost:33427|dataStream:localhost:44325|priority:0|startupRole:FOLLOWER]|listeners:[], old=null
2022-09-22 09:27:25,110 [s2-server-thread2] INFO  server.RaftServer$Division (ServerState.java:setLeader(259)) - s2@group-54DAC524AFE5: change Leader from null to s1 at term 1 for appendEntries, leader elected after 287ms
2022-09-22 09:27:25,110 [s2-server-thread1] DEBUG server.RaftServer$Division (RaftServerImpl.java:logAppendEntries(1415)) - s2@group-54DAC524AFE5: receive appendEntries(s1, 1, null, 0, true, commits:[s1:c0, s0:c-1, s2:c-1], cId:1, entries: [(t:1, i:0), CONFIGURATIONENTRY(current:id: "s0"
address: "localhost:37915"
dataStreamAddress: "localhost:44199"
clientAddress: "localhost:40229"
adminAddress: "localhost:41577"
startupRole: FOLLOWER
,id: "s1"
address: "localhost:40339"
dataStreamAddress: "localhost:38639"
clientAddress: "localhost:43145"
adminAddress: "localhost:38223"
startupRole: FOLLOWER
,id: "s2"
address: "localhost:43945"
dataStreamAddress: "localhost:44325"
clientAddress: "localhost:33427"
adminAddress: "localhost:42233"
startupRole: FOLLOWER
, old:)]
2022-09-22 09:27:25,111 [s0-server-thread1] DEBUG server.RaftServer$Division (RaftServerImpl.java:logAppendEntries(1415)) - s0@group-54DAC524AFE5: receive appendEntries(s1, 1, null, 0, true, commits:[s1:c0, s0:c-1, s2:c-1], cId:1, entries: [(t:1, i:0), CONFIGURATIONENTRY(current:id: "s0"
address: "localhost:37915"
dataStreamAddress: "localhost:44199"
clientAddress: "localhost:40229"
adminAddress: "localhost:41577"
startupRole: FOLLOWER
,id: "s1"
address: "localhost:40339"
dataStreamAddress: "localhost:38639"
clientAddress: "localhost:43145"
adminAddress: "localhost:38223"
startupRole: FOLLOWER
,id: "s2"
address: "localhost:43945"
dataStreamAddress: "localhost:44325"
clientAddress: "localhost:33427"
adminAddress: "localhost:42233"
startupRole: FOLLOWER
, old:)]
2022-09-22 09:27:25,113 [s0-server-thread1] INFO  server.RaftServer$Division (ServerState.java:setLeader(259)) - s0@group-54DAC524AFE5: change Leader from null to s1 at term 1 for appendEntries, leader elected after 314ms
2022-09-22 09:27:25,114 [s0-server-thread1] INFO  server.RaftServer$Division (ServerState.java:setRaftConf(376)) - s0@group-54DAC524AFE5: set configuration 0: peers:[s0|rpc:localhost:37915|admin:localhost:41577|client:localhost:40229|dataStream:localhost:44199|priority:0|startupRole:FOLLOWER, s1|rpc:localhost:40339|admin:localhost:38223|client:localhost:43145|dataStream:localhost:38639|priority:0|startupRole:FOLLOWER, s2|rpc:localhost:43945|admin:localhost:42233|client:localhost:33427|dataStream:localhost:44325|priority:0|startupRole:FOLLOWER]|listeners:[], old=null
2022-09-22 09:27:25,114 [s0-server-thread1] INFO  segmented.SegmentedRaftLogWorker (SegmentedRaftLogWorker.java:startLogSegment(427)) - s0@group-54DAC524AFE5-SegmentedRaftLogWorker: Starting segment from index:0
2022-09-22 09:27:25,115 [s2-server-thread1] INFO  server.RaftServer$Division (ServerState.java:setRaftConf(376)) - s2@group-54DAC524AFE5: set configuration 0: peers:[s0|rpc:localhost:37915|admin:localhost:41577|client:localhost:40229|dataStream:localhost:44199|priority:0|startupRole:FOLLOWER, s1|rpc:localhost:40339|admin:localhost:38223|client:localhost:43145|dataStream:localhost:38639|priority:0|startupRole:FOLLOWER, s2|rpc:localhost:43945|admin:localhost:42233|client:localhost:33427|dataStream:localhost:44325|priority:0|startupRole:FOLLOWER]|listeners:[], old=null
2022-09-22 09:27:25,115 [s2-server-thread1] INFO  segmented.SegmentedRaftLogWorker (SegmentedRaftLogWorker.java:startLogSegment(427)) - s2@group-54DAC524AFE5-SegmentedRaftLogWorker: Starting segment from index:0
2022-09-22 09:27:25,132 [s0@group-54DAC524AFE5-SegmentedRaftLogWorker] INFO  segmented.SegmentedRaftLogWorker (SegmentedRaftLogWorker.java:execute(631)) - s0@group-54DAC524AFE5-SegmentedRaftLogWorker: created new log segment /home/runner/work/ratis/ratis/ratis-test/target/test/data/f8888bed/MiniRaftClusterWithGrpcfe035987/s0/0f4932c6-2d3b-4cd8-904d-54dac524afe5/current/log_inprogress_0
2022-09-22 09:27:25,132 [s2@group-54DAC524AFE5-SegmentedRaftLogWorker] INFO  segmented.SegmentedRaftLogWorker (SegmentedRaftLogWorker.java:execute(631)) - s2@group-54DAC524AFE5-SegmentedRaftLogWorker: created new log segment /home/runner/work/ratis/ratis/ratis-test/target/test/data/f8888bed/MiniRaftClusterWithGrpcfe035987/s2/0f4932c6-2d3b-4cd8-904d-54dac524afe5/current/log_inprogress_0
2022-09-22 09:27:25,133 [s0-server-thread1] DEBUG server.RaftServer$Division (RaftServerImpl.java:logAppendEntries(1415)) - s0@group-54DAC524AFE5: succeeded to handle AppendEntries. Reply: s1<-s0#1:OK-t1,SUCCESS,nextIndex=1,followerCommit=0,matchIndex=0
2022-09-22 09:27:25,134 [s2-server-thread1] DEBUG server.RaftServer$Division (RaftServerImpl.java:logAppendEntries(1415)) - s2@group-54DAC524AFE5: succeeded to handle AppendEntries. Reply: s1<-s2#1:OK-t1,SUCCESS,nextIndex=1,followerCommit=0,matchIndex=0
2022-09-22 09:27:25,339 [Time-limited test] INFO  ratis.RaftTestUtil (RaftTestUtil.java:waitForLeader(119)) - printing ALL groups
  s0:  RUNNING  FOLLOWER s0@group-54DAC524AFE5:t1, leader=s1, voted=s1, raftlog=Memoized:s0@group-54DAC524AFE5-SegmentedRaftLog:OPENED:c0, conf=0: peers:[s0|rpc:localhost:37915|admin:localhost:41577|client:localhost:40229|dataStream:localhost:44199|priority:0|startupRole:FOLLOWER, s1|rpc:localhost:40339|admin:localhost:38223|client:localhost:43145|dataStream:localhost:38639|priority:0|startupRole:FOLLOWER, s2|rpc:localhost:43945|admin:localhost:42233|client:localhost:33427|dataStream:localhost:44325|priority:0|startupRole:FOLLOWER]|listeners:[], old=null RUNNING
  s1:  RUNNING    LEADER s1@group-54DAC524AFE5:t1, leader=s1, voted=s1, raftlog=Memoized:s1@group-54DAC524AFE5-SegmentedRaftLog:OPENED:c0, conf=0: peers:[s0|rpc:localhost:37915|admin:localhost:41577|client:localhost:40229|dataStream:localhost:44199|priority:0|startupRole:FOLLOWER, s1|rpc:localhost:40339|admin:localhost:38223|client:localhost:43145|dataStream:localhost:38639|priority:0|startupRole:FOLLOWER, s2|rpc:localhost:43945|admin:localhost:42233|client:localhost:33427|dataStream:localhost:44325|priority:0|startupRole:FOLLOWER]|listeners:[], old=null RUNNING
  s2:  RUNNING  FOLLOWER s2@group-54DAC524AFE5:t1, leader=s1, voted=s1, raftlog=Memoized:s2@group-54DAC524AFE5-SegmentedRaftLog:OPENED:c0, conf=0: peers:[s0|rpc:localhost:37915|admin:localhost:41577|client:localhost:40229|dataStream:localhost:44199|priority:0|startupRole:FOLLOWER, s1|rpc:localhost:40339|admin:localhost:38223|client:localhost:43145|dataStream:localhost:38639|priority:0|startupRole:FOLLOWER, s2|rpc:localhost:43945|admin:localhost:42233|client:localhost:33427|dataStream:localhost:44325|priority:0|startupRole:FOLLOWER]|listeners:[], old=null RUNNING
2022-09-22 09:27:25,339 [Time-limited test] DEBUG client.RaftClient (ConfUtils.java:logGet(46)) - raft.rpc.type = GRPC (default)
0
0
0
0
2022-09-22 09:27:25,350 [s0-client-thread1] DEBUG server.RaftServer$Division (RaftServerImpl.java:submitClientRequestAsync(826)) - s0@group-54DAC524AFE5: receive client request(RaftClientRequest:client-66FD10BB65AC->s0@group-54DAC524AFE5, cid=30, seq=1*, Watch(0), Message:<EMPTY>)
2022-09-22 09:27:25,360 [grpc-default-executor-2] DEBUG client.RaftClient (RaftClientImpl.java:handleIOException(366)) - client-66FD10BB65AC: suggested new leader: s1. Failed RaftClientRequest:client-66FD10BB65AC->s0@group-54DAC524AFE5, cid=30, seq=1*, Watch(0), null with {}
org.apache.ratis.protocol.exceptions.NotLeaderException: Server s0@group-54DAC524AFE5 is not the leader s1|rpc:localhost:40339|admin:localhost:38223|client:localhost:43145|dataStream:localhost:38639|priority:0|startupRole:FOLLOWER
	at org.apache.ratis.client.impl.ClientProtoUtils.toRaftClientReply(ClientProtoUtils.java:384)
	at org.apache.ratis.grpc.client.GrpcClientProtocolClient$AsyncStreamObservers$1.onNext(GrpcClientProtocolClient.java:320)
	at org.apache.ratis.grpc.client.GrpcClientProtocolClient$AsyncStreamObservers$1.onNext(GrpcClientProtocolClient.java:315)
	at org.apache.ratis.thirdparty.io.grpc.stub.ClientCalls$StreamObserverToCallListenerAdapter.onMessage(ClientCalls.java:474)
	at org.apache.ratis.thirdparty.io.grpc.ForwardingClientCallListener.onMessage(ForwardingClientCallListener.java:33)
	at org.apache.ratis.thirdparty.io.grpc.internal.DelayedClientCall$DelayedListener.onMessage(DelayedClientCall.java:452)
	at org.apache.ratis.thirdparty.io.grpc.internal.ClientCallImpl$ClientStreamListenerImpl$1MessagesAvailable.runInternal(ClientCallImpl.java:661)
	at org.apache.ratis.thirdparty.io.grpc.internal.ClientCallImpl$ClientStreamListenerImpl$1MessagesAvailable.runInContext(ClientCallImpl.java:646)
	at org.apache.ratis.thirdparty.io.grpc.internal.ContextRunnable.run(ContextRunnable.java:37)
	at org.apache.ratis.thirdparty.io.grpc.internal.SerializingExecutor.run(SerializingExecutor.java:133)
	at java.base/java.util.concurrent.ThreadPoolExecutor.runWorker(ThreadPoolExecutor.java:1128)
	at java.base/java.util.concurrent.ThreadPoolExecutor$Worker.run(ThreadPoolExecutor.java:628)
	at java.base/java.lang.Thread.run(Thread.java:829)
2022-09-22 09:27:25,361 [grpc-default-executor-2] DEBUG client.RaftClient (RaftClientImpl.java:handleIOException(385)) - client-66FD10BB65AC: oldLeader=s0,  curLeader=s0, newLeader=s1
2022-09-22 09:27:25,361 [grpc-default-executor-2] DEBUG client.RaftClient (RaftClientImpl.java:handleIOException(391)) - group-54DAC524AFE5 client-66FD10BB65AC: client change Leader from s0 to s1 ex=org.apache.ratis.protocol.exceptions.NotLeaderException
2022-09-22 09:27:25,373 [s1-client-thread1] DEBUG server.RaftServer$Division (RaftServerImpl.java:submitClientRequestAsync(826)) - s1@group-54DAC524AFE5: receive client request(RaftClientRequest:client-66FD10BB65AC->s1@group-54DAC524AFE5, cid=30, seq=1*, Watch(0), Message:<EMPTY>)
2022-09-22 09:27:25,374 [s1-client-thread1] DEBUG server.RaftServer$Division (LeaderStateImpl.java:addWatchReqeust(427)) - s1@group-54DAC524AFE5-LeaderStateImpl: addWatchRequest RaftClientRequest:client-66FD10BB65AC->s1@group-54DAC524AFE5, cid=30, seq=1*, Watch(0), Message:<EMPTY>
2022-09-22 09:27:25,383 [s1-client-thread1] DEBUG server.RaftServer$Division (RaftServerImpl.java:submitClientRequestAsync(826)) - s1@group-54DAC524AFE5: receive client request(RaftClientRequest:client-66FD10BB65AC->s1@group-54DAC524AFE5, cid=31, seq=2, RW, Message:616263)
2022-09-22 09:27:25,383 [s1-client-thread1] DEBUG server.RaftServer$Division (LeaderStateImpl.java:addPendingRequest(409)) - s1@group-54DAC524AFE5-LeaderStateImpl: addPendingRequest at RaftClientRequest:client-66FD10BB65AC->s1@group-54DAC524AFE5, cid=31, seq=2, RW, Message:616263, entry=(t:1, i:1), STATEMACHINELOGENTRY, 31@client-66FD10BB65AC
2022-09-22 09:27:25,384 [s0-server-thread2] DEBUG server.RaftServer$Division (RaftServerImpl.java:logAppendEntries(1415)) - s0@group-54DAC524AFE5: receive appendEntries(s1, 1, (t:1, i:0), 0, true, commits:[s1:c0, s0:c0, s2:c0], cId:8, entries: [(t:1, i:1), STATEMACHINELOGENTRY, 31@client-66FD10BB65AC]
2022-09-22 09:27:25,385 [s0-server-thread2] DEBUG server.RaftServer$Division (RaftServerImpl.java:logAppendEntries(1415)) - s0@group-54DAC524AFE5: succeeded to handle AppendEntries. Reply: s1<-s0#8:OK-t1,SUCCESS,nextIndex=2,followerCommit=0,matchIndex=1
2022-09-22 09:27:25,388 [s2-server-thread3] DEBUG server.RaftServer$Division (RaftServerImpl.java:logAppendEntries(1415)) - s2@group-54DAC524AFE5: receive appendEntries(s1, 1, (t:1, i:0), 0, true, commits:[s1:c0, s0:c0, s2:c0], cId:8, entries: [(t:1, i:1), STATEMACHINELOGENTRY, 31@client-66FD10BB65AC]
2022-09-22 09:27:25,390 [s2-server-thread3] DEBUG server.RaftServer$Division (RaftServerImpl.java:logAppendEntries(1415)) - s2@group-54DAC524AFE5: succeeded to handle AppendEntries. Reply: s1<-s2#8:OK-t1,SUCCESS,nextIndex=2,followerCommit=0,matchIndex=1
2022-09-22 09:27:25,390 [s1@group-54DAC524AFE5-StateMachineUpdater] INFO  statemachine.SimpleStateMachine4Testing (SimpleStateMachine4Testing.java:put(204)) - s1: put 1, abc -> (t:1, i:1), STATEMACHINELOGENTRY, 31@client-66FD10BB65AC
0
0
0
0
2022-09-22 09:27:25,393 [s2-server-thread3] DEBUG server.RaftServer$Division (RaftServerImpl.java:logAppendEntries(1415)) - s2@group-54DAC524AFE5: receive appendEntries(s1, 1, (t:1, i:1), 1, true, commits:[s1:c1, s0:c0, s2:c0], cId:9, entries: [(t:1, i:2), METADATAENTRY(c:1)]
2022-09-22 09:27:25,393 [s0-server-thread2] DEBUG server.RaftServer$Division (RaftServerImpl.java:logAppendEntries(1415)) - s0@group-54DAC524AFE5: receive appendEntries(s1, 1, (t:1, i:1), 1, true, commits:[s1:c1, s0:c0, s2:c0], cId:9, entries: [(t:1, i:2), METADATAENTRY(c:1)]
2022-09-22 09:27:25,394 [s2-server-thread3] DEBUG server.RaftServer$Division (RaftServerImpl.java:logAppendEntries(1415)) - s2@group-54DAC524AFE5: succeeded to handle AppendEntries. Reply: s1<-s2#9:OK-t1,SUCCESS,nextIndex=3,followerCommit=1,matchIndex=2
2022-09-22 09:27:25,394 [s2@group-54DAC524AFE5-StateMachineUpdater] INFO  statemachine.SimpleStateMachine4Testing (SimpleStateMachine4Testing.java:put(204)) - s2: put 1, abc -> (t:1, i:1), STATEMACHINELOGENTRY, 31@client-66FD10BB65AC
2022-09-22 09:27:25,395 [s0-server-thread2] DEBUG server.RaftServer$Division (RaftServerImpl.java:logAppendEntries(1415)) - s0@group-54DAC524AFE5: succeeded to handle AppendEntries. Reply: s1<-s0#9:OK-t1,SUCCESS,nextIndex=3,followerCommit=1,matchIndex=2
2022-09-22 09:27:25,395 [s0@group-54DAC524AFE5-StateMachineUpdater] INFO  statemachine.SimpleStateMachine4Testing (SimpleStateMachine4Testing.java:put(204)) - s0: put 1, abc -> (t:1, i:1), STATEMACHINELOGENTRY, 31@client-66FD10BB65AC
2022-09-22 09:27:25,396 [Time-limited test] INFO  impl.MiniRaftCluster (MiniRaftCluster.java:shutdown(831)) - ************************************************************** 
2022-09-22 09:27:25,397 [Time-limited test] INFO  impl.MiniRaftCluster (MiniRaftCluster.java:shutdown(832)) - *** 
2022-09-22 09:27:25,397 [Time-limited test] INFO  impl.MiniRaftCluster (MiniRaftCluster.java:shutdown(833)) - ***     Stopping MiniRaftClusterWithGrpc
2022-09-22 09:27:25,397 [Time-limited test] INFO  impl.MiniRaftCluster (MiniRaftCluster.java:shutdown(834)) - *** 
2022-09-22 09:27:25,397 [Time-limited test] INFO  impl.MiniRaftCluster (MiniRaftCluster.java:shutdown(835)) - ************************************************************** 
2022-09-22 09:27:25,397 [Time-limited test] INFO  impl.MiniRaftCluster (MiniRaftCluster.java:shutdown(836)) - printing ALL groups
  s0:  RUNNING  FOLLOWER s0@group-54DAC524AFE5:t1, leader=s1, voted=s1, raftlog=Memoized:s0@group-54DAC524AFE5-SegmentedRaftLog:OPENED:c1, conf=0: peers:[s0|rpc:localhost:37915|admin:localhost:41577|client:localhost:40229|dataStream:localhost:44199|priority:0|startupRole:FOLLOWER, s1|rpc:localhost:40339|admin:localhost:38223|client:localhost:43145|dataStream:localhost:38639|priority:0|startupRole:FOLLOWER, s2|rpc:localhost:43945|admin:localhost:42233|client:localhost:33427|dataStream:localhost:44325|priority:0|startupRole:FOLLOWER]|listeners:[], old=null RUNNING
  s1:  RUNNING    LEADER s1@group-54DAC524AFE5:t1, leader=s1, voted=s1, raftlog=Memoized:s1@group-54DAC524AFE5-SegmentedRaftLog:OPENED:c2, conf=0: peers:[s0|rpc:localhost:37915|admin:localhost:41577|client:localhost:40229|dataStream:localhost:44199|priority:0|startupRole:FOLLOWER, s1|rpc:localhost:40339|admin:localhost:38223|client:localhost:43145|dataStream:localhost:38639|priority:0|startupRole:FOLLOWER, s2|rpc:localhost:43945|admin:localhost:42233|client:localhost:33427|dataStream:localhost:44325|priority:0|startupRole:FOLLOWER]|listeners:[], old=null RUNNING
  s2:  RUNNING  FOLLOWER s2@group-54DAC524AFE5:t1, leader=s1, voted=s1, raftlog=Memoized:s2@group-54DAC524AFE5-SegmentedRaftLog:OPENED:c1, conf=0: peers:[s0|rpc:localhost:37915|admin:localhost:41577|client:localhost:40229|dataStream:localhost:44199|priority:0|startupRole:FOLLOWER, s1|rpc:localhost:40339|admin:localhost:38223|client:localhost:43145|dataStream:localhost:38639|priority:0|startupRole:FOLLOWER, s2|rpc:localhost:43945|admin:localhost:42233|client:localhost:33427|dataStream:localhost:44325|priority:0|startupRole:FOLLOWER]|listeners:[], old=null RUNNING
2022-09-22 09:27:25,401 [MiniRaftCluster-4] INFO  server.RaftServer (RaftServerProxy.java:lambda$close$7(412)) - s0: close
2022-09-22 09:27:25,405 [MiniRaftCluster-5] INFO  server.RaftServer (RaftServerProxy.java:lambda$close$7(412)) - s1: close
2022-09-22 09:27:25,409 [MiniRaftCluster-4] INFO  server.GrpcService (GrpcService.java:closeImpl(319)) - s0: shutdown server org.apache.ratis.grpc.server.GrpcClientProtocolService now
2022-09-22 09:27:25,409 [s0-impl-thread1] INFO  server.RaftServer$Division (RaftServerImpl.java:lambda$close$4(461)) - s0@group-54DAC524AFE5: shutdown
2022-09-22 09:27:25,410 [s0-impl-thread1] INFO  util.JmxRegister (JmxRegister.java:unregister(73)) - Successfully un-registered JMX Bean with object name Ratis:service=RaftServer,group=group-54DAC524AFE5,id=s0
2022-09-22 09:27:25,410 [s0-impl-thread1] INFO  impl.RoleInfo (RoleInfo.java:shutdownFollowerState(110)) - s0: shutdown s0@group-54DAC524AFE5-FollowerState
2022-09-22 09:27:25,410 [MiniRaftCluster-5] INFO  server.GrpcService (GrpcService.java:closeImpl(319)) - s1: shutdown server org.apache.ratis.grpc.server.GrpcClientProtocolService now
2022-09-22 09:27:25,410 [s1-impl-thread1] INFO  server.RaftServer$Division (RaftServerImpl.java:lambda$close$4(461)) - s1@group-54DAC524AFE5: shutdown
2022-09-22 09:27:25,410 [s1-impl-thread1] INFO  util.JmxRegister (JmxRegister.java:unregister(73)) - Successfully un-registered JMX Bean with object name Ratis:service=RaftServer,group=group-54DAC524AFE5,id=s1
2022-09-22 09:27:25,410 [s1-impl-thread1] INFO  impl.RoleInfo (RoleInfo.java:shutdownLeaderState(93)) - s1: shutdown s1@group-54DAC524AFE5-LeaderStateImpl
2022-09-22 09:27:25,410 [MiniRaftCluster-6] INFO  server.RaftServer (RaftServerProxy.java:lambda$close$7(412)) - s2: close
2022-09-22 09:27:25,410 [s0@group-54DAC524AFE5-FollowerState] INFO  impl.FollowerState (FollowerState.java:run(152)) - s0@group-54DAC524AFE5-FollowerState was interrupted
2022-09-22 09:27:25,411 [s1@group-54DAC524AFE5->s0-GrpcLogAppender-LogAppenderDaemon] WARN  server.GrpcLogAppender (GrpcLogAppender.java:mayWait(190)) - s1@group-54DAC524AFE5->s0-GrpcLogAppender: Wait interrupted by java.lang.InterruptedException
2022-09-22 09:27:25,411 [s1@group-54DAC524AFE5->s2-GrpcLogAppender-LogAppenderDaemon] WARN  server.GrpcLogAppender (GrpcLogAppender.java:mayWait(190)) - s1@group-54DAC524AFE5->s2-GrpcLogAppender: Wait interrupted by java.lang.InterruptedException
2022-09-22 09:27:25,411 [grpc-default-executor-2] INFO  server.GrpcServerProtocolService (GrpcServerProtocolService.java:onCompleted(145)) - s0: Completed APPEND_ENTRIES, lastRequest: s1->s0#9-t1,previous=(t:1, i:1),leaderCommit=1,initializing? true,entries: size=1, first=(t:1, i:2), METADATAENTRY(c:1)
2022-09-22 09:27:25,412 [grpc-default-executor-8] INFO  server.GrpcServerProtocolService (GrpcServerProtocolService.java:onCompleted(145)) - s2: Completed APPEND_ENTRIES, lastRequest: null
2022-09-22 09:27:25,412 [grpc-default-executor-0] INFO  server.GrpcServerProtocolService (GrpcServerProtocolService.java:onCompleted(145)) - s0: Completed APPEND_ENTRIES, lastRequest: null
2022-09-22 09:27:25,412 [grpc-default-executor-6] INFO  server.GrpcServerProtocolService (GrpcServerProtocolService.java:onCompleted(145)) - s2: Completed APPEND_ENTRIES, lastRequest: s1->s2#9-t1,previous=(t:1, i:1),leaderCommit=1,initializing? true,entries: size=1, first=(t:1, i:2), METADATAENTRY(c:1)
2022-09-22 09:27:25,410 [s0-impl-thread1] INFO  impl.StateMachineUpdater (StateMachineUpdater.java:stopAndJoin(154)) - s0@group-54DAC524AFE5-StateMachineUpdater: set stopIndex = 1
2022-09-22 09:27:25,413 [grpc-default-executor-2] INFO  server.GrpcLogAppender (GrpcLogAppender.java:onCompleted(403)) - s1@group-54DAC524AFE5->s0-AppendLogResponseHandler: follower responses appendEntries COMPLETED
2022-09-22 09:27:25,413 [grpc-default-executor-2] INFO  leader.FollowerInfo (FollowerInfoImpl.java:lambda$new$0(48)) - s1@group-54DAC524AFE5->s0: nextIndex: updateUnconditionally 3 -> 2
2022-09-22 09:27:25,413 [grpc-default-executor-10] INFO  server.GrpcLogAppender (GrpcLogAppender.java:onCompleted(403)) - s1@group-54DAC524AFE5->s2-AppendLogResponseHandler: follower responses appendEntries COMPLETED
2022-09-22 09:27:25,413 [grpc-default-executor-10] INFO  leader.FollowerInfo (FollowerInfoImpl.java:lambda$new$0(48)) - s1@group-54DAC524AFE5->s2: nextIndex: updateUnconditionally 3 -> 2
2022-09-22 09:27:25,413 [grpc-default-executor-5] INFO  server.GrpcLogAppender (GrpcLogAppender.java:onCompleted(403)) - s1@group-54DAC524AFE5->s2-AppendLogResponseHandler: follower responses appendEntries COMPLETED
2022-09-22 09:27:25,413 [grpc-default-executor-5] INFO  leader.FollowerInfo (FollowerInfoImpl.java:lambda$new$0(48)) - s1@group-54DAC524AFE5->s2: nextIndex: updateUnconditionally 2 -> 1
2022-09-22 09:27:25,410 [s1-impl-thread1] INFO  impl.PendingRequests (PendingRequests.java:sendNotLeaderResponses(282)) - s1@group-54DAC524AFE5-PendingRequests: sendNotLeaderResponses
2022-09-22 09:27:25,414 [MiniRaftCluster-4] INFO  server.GrpcService (GrpcService.java:closeImpl(328)) - s0: shutdown server org.apache.ratis.grpc.server.GrpcClientProtocolService successfully
2022-09-22 09:27:25,414 [MiniRaftCluster-4] INFO  server.GrpcService (GrpcService.java:closeImpl(319)) - s0: shutdown server GrpcServerProtocolService now
2022-09-22 09:27:25,415 [grpc-default-executor-1] INFO  server.GrpcLogAppender (GrpcLogAppender.java:onCompleted(403)) - s1@group-54DAC524AFE5->s0-AppendLogResponseHandler: follower responses appendEntries COMPLETED
2022-09-22 09:27:25,415 [grpc-default-executor-1] INFO  leader.FollowerInfo (FollowerInfoImpl.java:lambda$new$0(48)) - s1@group-54DAC524AFE5->s0: nextIndex: updateUnconditionally 2 -> 1
2022-09-22 09:27:25,415 [s0-impl-thread1] INFO  server.RaftServer$Division (ServerState.java:close(412)) - s0@group-54DAC524AFE5: applyIndex: 1
2022-09-22 09:27:25,415 [s0@group-54DAC524AFE5-SegmentedRaftLogWorker] INFO  segmented.SegmentedRaftLogWorker (SegmentedRaftLogWorker.java:run(329)) - s0@group-54DAC524AFE5-SegmentedRaftLogWorker was interrupted, exiting. There are 0 tasks remaining in the queue.
2022-09-22 09:27:25,416 [s2-impl-thread1] INFO  server.RaftServer$Division (RaftServerImpl.java:lambda$close$4(461)) - s2@group-54DAC524AFE5: shutdown
2022-09-22 09:27:25,416 [s2-impl-thread1] INFO  util.JmxRegister (JmxRegister.java:unregister(73)) - Successfully un-registered JMX Bean with object name Ratis:service=RaftServer,group=group-54DAC524AFE5,id=s2
2022-09-22 09:27:25,416 [s2-impl-thread1] INFO  impl.RoleInfo (RoleInfo.java:shutdownFollowerState(110)) - s2: shutdown s2@group-54DAC524AFE5-FollowerState
2022-09-22 09:27:25,416 [s2-impl-thread1] INFO  impl.StateMachineUpdater (StateMachineUpdater.java:stopAndJoin(154)) - s2@group-54DAC524AFE5-StateMachineUpdater: set stopIndex = 1
2022-09-22 09:27:25,416 [s2@group-54DAC524AFE5-FollowerState] INFO  impl.FollowerState (FollowerState.java:run(152)) - s2@group-54DAC524AFE5-FollowerState was interrupted
2022-09-22 09:27:25,416 [s2-impl-thread1] INFO  server.RaftServer$Division (ServerState.java:close(412)) - s2@group-54DAC524AFE5: applyIndex: 1
2022-09-22 09:27:25,416 [s2@group-54DAC524AFE5-SegmentedRaftLogWorker] INFO  segmented.SegmentedRaftLogWorker (SegmentedRaftLogWorker.java:run(329)) - s2@group-54DAC524AFE5-SegmentedRaftLogWorker was interrupted, exiting. There are 0 tasks remaining in the queue.
2022-09-22 09:27:25,416 [MiniRaftCluster-6] INFO  server.GrpcService (GrpcService.java:closeImpl(319)) - s2: shutdown server org.apache.ratis.grpc.server.GrpcClientProtocolService now
2022-09-22 09:27:25,417 [s0-impl-thread1] INFO  segmented.SegmentedRaftLogWorker (SegmentedRaftLogWorker.java:close(242)) - s0@group-54DAC524AFE5-SegmentedRaftLogWorker close()
2022-09-22 09:27:25,418 [s2-impl-thread1] INFO  segmented.SegmentedRaftLogWorker (SegmentedRaftLogWorker.java:close(242)) - s2@group-54DAC524AFE5-SegmentedRaftLogWorker close()
2022-09-22 09:27:25,423 [s1-impl-thread1] INFO  impl.StateMachineUpdater (StateMachineUpdater.java:stopAndJoin(154)) - s1@group-54DAC524AFE5-StateMachineUpdater: set stopIndex = 2
2022-09-22 09:27:25,423 [s1-impl-thread1] INFO  server.RaftServer$Division (ServerState.java:close(412)) - s1@group-54DAC524AFE5: applyIndex: 2
2022-09-22 09:27:25,423 [s1@group-54DAC524AFE5-SegmentedRaftLogWorker] INFO  segmented.SegmentedRaftLogWorker (SegmentedRaftLogWorker.java:run(329)) - s1@group-54DAC524AFE5-SegmentedRaftLogWorker was interrupted, exiting. There are 0 tasks remaining in the queue.
2022-09-22 09:27:25,424 [s1-impl-thread1] INFO  segmented.SegmentedRaftLogWorker (SegmentedRaftLogWorker.java:close(242)) - s1@group-54DAC524AFE5-SegmentedRaftLogWorker close()
2022-09-22 09:27:25,425 [MiniRaftCluster-5] INFO  server.GrpcServerProtocolClient (GrpcServerProtocolClient.java:close(110)) - s0 Close channels
2022-09-22 09:27:25,425 [MiniRaftCluster-4] INFO  server.GrpcService (GrpcService.java:closeImpl(328)) - s0: shutdown server GrpcServerProtocolService successfully
2022-09-22 09:27:25,425 [MiniRaftCluster-4] INFO  server.GrpcService (GrpcService.java:closeImpl(319)) - s0: shutdown server org.apache.ratis.grpc.server.GrpcAdminProtocolService now
2022-09-22 09:27:25,425 [MiniRaftCluster-6] INFO  server.GrpcService (GrpcService.java:closeImpl(328)) - s2: shutdown server org.apache.ratis.grpc.server.GrpcClientProtocolService successfully
2022-09-22 09:27:25,433 [MiniRaftCluster-6] INFO  server.GrpcService (GrpcService.java:closeImpl(319)) - s2: shutdown server GrpcServerProtocolService now
2022-09-22 09:27:25,426 [MiniRaftCluster-4] INFO  server.GrpcService (GrpcService.java:closeImpl(328)) - s0: shutdown server org.apache.ratis.grpc.server.GrpcAdminProtocolService successfully
2022-09-22 09:27:25,433 [MiniRaftCluster-5] INFO  server.GrpcServerProtocolClient (GrpcServerProtocolClient.java:close(110)) - s2 Close channels
2022-09-22 09:27:25,436 [JvmPauseMonitor3] INFO  util.JvmPauseMonitor (JvmPauseMonitor.java:run(111)) - JvmPauseMonitor-s0: Stopped
2022-09-22 09:27:25,437 [MiniRaftCluster-6] INFO  server.GrpcService (GrpcService.java:closeImpl(328)) - s2: shutdown server GrpcServerProtocolService successfully
2022-09-22 09:27:25,437 [MiniRaftCluster-5] INFO  server.GrpcService (GrpcService.java:closeImpl(328)) - s1: shutdown server org.apache.ratis.grpc.server.GrpcClientProtocolService successfully
2022-09-22 09:27:25,437 [MiniRaftCluster-5] INFO  server.GrpcService (GrpcService.java:closeImpl(319)) - s1: shutdown server GrpcServerProtocolService now
2022-09-22 09:27:25,437 [MiniRaftCluster-6] INFO  server.GrpcService (GrpcService.java:closeImpl(319)) - s2: shutdown server org.apache.ratis.grpc.server.GrpcAdminProtocolService now
2022-09-22 09:27:25,437 [MiniRaftCluster-6] INFO  server.GrpcService (GrpcService.java:closeImpl(328)) - s2: shutdown server org.apache.ratis.grpc.server.GrpcAdminProtocolService successfully
2022-09-22 09:27:25,437 [MiniRaftCluster-5] INFO  server.GrpcService (GrpcService.java:closeImpl(328)) - s1: shutdown server GrpcServerProtocolService successfully
2022-09-22 09:27:25,437 [MiniRaftCluster-5] INFO  server.GrpcService (GrpcService.java:closeImpl(319)) - s1: shutdown server org.apache.ratis.grpc.server.GrpcAdminProtocolService now
2022-09-22 09:27:25,438 [JvmPauseMonitor5] INFO  util.JvmPauseMonitor (JvmPauseMonitor.java:run(111)) - JvmPauseMonitor-s2: Stopped
2022-09-22 09:27:25,441 [MiniRaftCluster-5] INFO  server.GrpcService (GrpcService.java:closeImpl(328)) - s1: shutdown server org.apache.ratis.grpc.server.GrpcAdminProtocolService successfully
2022-09-22 09:27:25,442 [JvmPauseMonitor4] INFO  util.JvmPauseMonitor (JvmPauseMonitor.java:run(111)) - JvmPauseMonitor-s1: Stopped
2022-09-22 09:27:25,442 [Time-limited test] INFO  impl.MiniRaftCluster (MiniRaftCluster.java:shutdown(855)) - MiniRaftClusterWithGrpc shutdown completed
]]></system-out>
  </testcase>
  <testcase name="testRequestAsyncWithRetryFailure" classname="org.apache.ratis.grpc.TestRaftAsyncWithGrpc" time="1.181"/>
  <testcase name="testBasicAppendEntriesAsyncKillLeader" classname="org.apache.ratis.grpc.TestRaftAsyncWithGrpc" time="6.96"/>
  <testcase name="testAppendEntriesTimeout" classname="org.apache.ratis.grpc.TestRaftAsyncWithGrpc" time="5.665"/>
  <testcase name="testWithLoadAsync" classname="org.apache.ratis.grpc.TestRaftAsyncWithGrpc" time="12.494"/>
  <testcase name="testRequestTimeout" classname="org.apache.ratis.grpc.TestRaftAsyncWithGrpc" time="6.673"/>
  <testcase name="testAsyncRequestSemaphore" classname="org.apache.ratis.grpc.TestRaftAsyncWithGrpc" time="1.735"/>
  <testcase name="testBasicAppendEntriesAsync" classname="org.apache.ratis.grpc.TestRaftAsyncWithGrpc" time="2.647"/>
  <testcase name="testNoRetryWaitOnNotLeaderException" classname="org.apache.ratis.grpc.TestRaftAsyncWithGrpc" time="0.55"/>
  <testcase name="testRequestAsyncWithRetryFailureAfterInitialMessages" classname="org.apache.ratis.grpc.TestRaftAsyncWithGrpc" time="1.636"/>
  <testcase name="testCheckLeadershipFailure" classname="org.apache.ratis.grpc.TestRaftAsyncWithGrpc" time="1.987"/>
</testsuite>