<?xml version="1.0" encoding="UTF-8"?>
<testsuite xmlns:xsi="http://www.w3.org/2001/XMLSchema-instance" xsi:noNamespaceSchemaLocation="https://maven.apache.org/surefire/maven-surefire-plugin/xsd/surefire-test-report.xsd" name="org.apache.ratis.grpc.TestLeaderInstallSnapshot" time="12.28" tests="4" errors="0" skipped="0" failures="1">
  <properties>
    <property name="awt.toolkit" value="sun.awt.X11.XToolkit"/>
    <property name="java.specification.version" value="11"/>
    <property name="sun.cpu.isalist" value=""/>
    <property name="sun.jnu.encoding" value="UTF-8"/>
    <property name="java.class.path" value="/home/runner/work/ratis/ratis/ratis-test/target/test-classes:/home/runner/work/ratis/ratis/ratis-test/target/classes:/home/runner/work/ratis/ratis/ratis-common/target/classes:/home/runner/.m2/repository/org/apache/ratis/ratis-thirdparty-misc/1.0.3/ratis-thirdparty-misc-1.0.3.jar:/home/runner/work/ratis/ratis/ratis-proto/target/ratis-proto-3.0.0-SNAPSHOT.jar:/home/runner/work/ratis/ratis/ratis-common/target/test-classes:/home/runner/work/ratis/ratis/ratis-client/target/classes:/home/runner/work/ratis/ratis/ratis-server/target/classes:/home/runner/work/ratis/ratis/ratis-server-api/target/classes:/home/runner/work/ratis/ratis/ratis-metrics-api/target/classes:/home/runner/work/ratis/ratis/ratis-server/target/test-classes:/home/runner/work/ratis/ratis/ratis-metrics-default/target/classes:/home/runner/work/ratis/ratis/ratis-netty/target/classes:/home/runner/work/ratis/ratis/ratis-netty/target/test-classes:/home/runner/work/ratis/ratis/ratis-grpc/target/classes:/home/runner/work/ratis/ratis/ratis-grpc/target/test-classes:/home/runner/work/ratis/ratis/ratis-shell/target/classes:/home/runner/.m2/repository/commons-cli/commons-cli/1.5.0/commons-cli-1.5.0.jar:/home/runner/.m2/repository/org/reflections/reflections/0.10.2/reflections-0.10.2.jar:/home/runner/.m2/repository/org/javassist/javassist/3.28.0-GA/javassist-3.28.0-GA.jar:/home/runner/.m2/repository/com/google/code/findbugs/jsr305/3.0.2/jsr305-3.0.2.jar:/home/runner/.m2/repository/org/bouncycastle/bcprov-jdk15on/1.70/bcprov-jdk15on-1.70.jar:/home/runner/.m2/repository/org/bouncycastle/bcpkix-jdk15on/1.70/bcpkix-jdk15on-1.70.jar:/home/runner/.m2/repository/org/bouncycastle/bcutil-jdk15on/1.70/bcutil-jdk15on-1.70.jar:/home/runner/.m2/repository/org/slf4j/slf4j-api/1.7.36/slf4j-api-1.7.36.jar:/home/runner/.m2/repository/org/slf4j/slf4j-reload4j/1.7.36/slf4j-reload4j-1.7.36.jar:/home/runner/.m2/repository/ch/qos/reload4j/reload4j/1.2.19/reload4j-1.2.19.jar:/home/runner/.m2/repository/junit/junit/4.13.2/junit-4.13.2.jar:/home/runner/.m2/repository/org/hamcrest/hamcrest-core/1.3/hamcrest-core-1.3.jar:/home/runner/.m2/repository/org/mockito/mockito-core/4.3.1/mockito-core-4.3.1.jar:/home/runner/.m2/repository/net/bytebuddy/byte-buddy/1.12.7/byte-buddy-1.12.7.jar:/home/runner/.m2/repository/net/bytebuddy/byte-buddy-agent/1.12.7/byte-buddy-agent-1.12.7.jar:/home/runner/.m2/repository/org/objenesis/objenesis/3.2/objenesis-3.2.jar:"/>
    <property name="java.vm.vendor" value="Eclipse Adoptium"/>
    <property name="sun.arch.data.model" value="64"/>
    <property name="java.vendor.url" value="https://adoptium.net/"/>
    <property name="user.timezone" value=""/>
    <property name="java.vm.specification.version" value="11"/>
    <property name="os.name" value="Linux"/>
    <property name="sun.java.launcher" value="SUN_STANDARD"/>
    <property name="sun.boot.library.path" value="/usr/lib/jvm/temurin-11-jdk-amd64/lib"/>
    <property name="sun.java.command" value="/home/runner/work/ratis/ratis/ratis-test/target/surefire/surefirebooter2567335309887212561.jar /home/runner/work/ratis/ratis/ratis-test/target/surefire 2023-02-01T14-55-27_059-jvmRun1 surefire4993939006039153447tmp surefire_298434032262477922146tmp"/>
    <property name="jdk.debug" value="release"/>
    <property name="surefire.test.class.path" value="/home/runner/work/ratis/ratis/ratis-test/target/test-classes:/home/runner/work/ratis/ratis/ratis-test/target/classes:/home/runner/work/ratis/ratis/ratis-common/target/classes:/home/runner/.m2/repository/org/apache/ratis/ratis-thirdparty-misc/1.0.3/ratis-thirdparty-misc-1.0.3.jar:/home/runner/work/ratis/ratis/ratis-proto/target/ratis-proto-3.0.0-SNAPSHOT.jar:/home/runner/work/ratis/ratis/ratis-common/target/test-classes:/home/runner/work/ratis/ratis/ratis-client/target/classes:/home/runner/work/ratis/ratis/ratis-server/target/classes:/home/runner/work/ratis/ratis/ratis-server-api/target/classes:/home/runner/work/ratis/ratis/ratis-metrics-api/target/classes:/home/runner/work/ratis/ratis/ratis-server/target/test-classes:/home/runner/work/ratis/ratis/ratis-metrics-default/target/classes:/home/runner/work/ratis/ratis/ratis-netty/target/classes:/home/runner/work/ratis/ratis/ratis-netty/target/test-classes:/home/runner/work/ratis/ratis/ratis-grpc/target/classes:/home/runner/work/ratis/ratis/ratis-grpc/target/test-classes:/home/runner/work/ratis/ratis/ratis-shell/target/classes:/home/runner/.m2/repository/commons-cli/commons-cli/1.5.0/commons-cli-1.5.0.jar:/home/runner/.m2/repository/org/reflections/reflections/0.10.2/reflections-0.10.2.jar:/home/runner/.m2/repository/org/javassist/javassist/3.28.0-GA/javassist-3.28.0-GA.jar:/home/runner/.m2/repository/com/google/code/findbugs/jsr305/3.0.2/jsr305-3.0.2.jar:/home/runner/.m2/repository/org/bouncycastle/bcprov-jdk15on/1.70/bcprov-jdk15on-1.70.jar:/home/runner/.m2/repository/org/bouncycastle/bcpkix-jdk15on/1.70/bcpkix-jdk15on-1.70.jar:/home/runner/.m2/repository/org/bouncycastle/bcutil-jdk15on/1.70/bcutil-jdk15on-1.70.jar:/home/runner/.m2/repository/org/slf4j/slf4j-api/1.7.36/slf4j-api-1.7.36.jar:/home/runner/.m2/repository/org/slf4j/slf4j-reload4j/1.7.36/slf4j-reload4j-1.7.36.jar:/home/runner/.m2/repository/ch/qos/reload4j/reload4j/1.2.19/reload4j-1.2.19.jar:/home/runner/.m2/repository/junit/junit/4.13.2/junit-4.13.2.jar:/home/runner/.m2/repository/org/hamcrest/hamcrest-core/1.3/hamcrest-core-1.3.jar:/home/runner/.m2/repository/org/mockito/mockito-core/4.3.1/mockito-core-4.3.1.jar:/home/runner/.m2/repository/net/bytebuddy/byte-buddy/1.12.7/byte-buddy-1.12.7.jar:/home/runner/.m2/repository/net/bytebuddy/byte-buddy-agent/1.12.7/byte-buddy-agent-1.12.7.jar:/home/runner/.m2/repository/org/objenesis/objenesis/3.2/objenesis-3.2.jar:"/>
    <property name="sun.cpu.endian" value="little"/>
    <property name="user.home" value="/home/runner"/>
    <property name="user.language" value="en"/>
    <property name="java.specification.vendor" value="Oracle Corporation"/>
    <property name="java.version.date" value="2022-10-18"/>
    <property name="java.home" value="/usr/lib/jvm/temurin-11-jdk-amd64"/>
    <property name="file.separator" value="/"/>
    <property name="basedir" value="/home/runner/work/ratis/ratis/ratis-test"/>
    <property name="java.vm.compressedOopsMode" value="32-bit"/>
    <property name="line.separator" value="&#10;"/>
    <property name="java.specification.name" value="Java Platform API Specification"/>
    <property name="java.vm.specification.vendor" value="Oracle Corporation"/>
    <property name="java.awt.graphicsenv" value="sun.awt.X11GraphicsEnvironment"/>
    <property name="surefire.real.class.path" value="/home/runner/work/ratis/ratis/ratis-test/target/surefire/surefirebooter2567335309887212561.jar"/>
    <property name="sun.management.compiler" value="HotSpot 64-Bit Tiered Compilers"/>
    <property name="java.runtime.version" value="11.0.17+8"/>
    <property name="user.name" value="runner"/>
    <property name="java.net.preferIPv4Stack" value="true"/>
    <property name="path.separator" value=":"/>
    <property name="os.version" value="5.15.0-1031-azure"/>
    <property name="java.runtime.name" value="OpenJDK Runtime Environment"/>
    <property name="file.encoding" value="UTF-8"/>
    <property name="java.vm.name" value="OpenJDK 64-Bit Server VM"/>
    <property name="java.vendor.version" value="Temurin-11.0.17+8"/>
    <property name="localRepository" value="/home/runner/.m2/repository"/>
    <property name="java.vendor.url.bug" value="https://github.com/adoptium/adoptium-support/issues"/>
    <property name="java.io.tmpdir" value="/tmp"/>
    <property name="java.version" value="11.0.17"/>
    <property name="user.dir" value="/home/runner/work/ratis/ratis/ratis-test"/>
    <property name="os.arch" value="amd64"/>
    <property name="ratis.tmp.dir" value="/home/runner/work/ratis/ratis/ratis-test/target/tmp"/>
    <property name="java.vm.specification.name" value="Java Virtual Machine Specification"/>
    <property name="java.awt.printerjob" value="sun.print.PSPrinterJob"/>
    <property name="ratis.log.dir" value="/home/runner/work/ratis/ratis/ratis-test/target/log"/>
    <property name="sun.os.patch.level" value="unknown"/>
    <property name="java.library.path" value="/usr/java/packages/lib:/usr/lib64:/lib64:/lib:/usr/lib"/>
    <property name="java.vm.info" value="mixed mode"/>
    <property name="java.vendor" value="Eclipse Adoptium"/>
    <property name="java.vm.version" value="11.0.17+8"/>
    <property name="sun.io.unicode.encoding" value="UnicodeLittle"/>
    <property name="java.class.version" value="55.0"/>
  </properties>
  <testcase name="testMultiFileInstallSnapshot[0]" classname="org.apache.ratis.grpc.TestLeaderInstallSnapshot" time="2.654"/>
  <testcase name="testSeparateSnapshotInstallPath[0]" classname="org.apache.ratis.grpc.TestLeaderInstallSnapshot" time="1.092"/>
  <testcase name="testMultiFileInstallSnapshot[1]" classname="org.apache.ratis.grpc.TestLeaderInstallSnapshot" time="6.681">
    <failure type="java.lang.AssertionError">java.lang.AssertionError
	at org.junit.Assert.fail(Assert.java:87)
	at org.junit.Assert.assertTrue(Assert.java:42)
	at org.junit.Assert.assertNotNull(Assert.java:713)
	at org.junit.Assert.assertNotNull(Assert.java:723)
	at org.apache.ratis.InstallSnapshotFromLeaderTests.testMultiFileInstallSnapshot(InstallSnapshotFromLeaderTests.java:121)
	at org.apache.ratis.server.impl.MiniRaftCluster$Factory$Get.runWithNewCluster(MiniRaftCluster.java:141)
	at org.apache.ratis.server.impl.MiniRaftCluster$Factory$Get.runWithNewCluster(MiniRaftCluster.java:121)
	at org.apache.ratis.InstallSnapshotFromLeaderTests.testMultiFileInstallSnapshot(InstallSnapshotFromLeaderTests.java:79)
	at java.base/jdk.internal.reflect.NativeMethodAccessorImpl.invoke0(Native Method)
	at java.base/jdk.internal.reflect.NativeMethodAccessorImpl.invoke(NativeMethodAccessorImpl.java:62)
	at java.base/jdk.internal.reflect.DelegatingMethodAccessorImpl.invoke(DelegatingMethodAccessorImpl.java:43)
	at java.base/java.lang.reflect.Method.invoke(Method.java:566)
	at org.junit.runners.model.FrameworkMethod$1.runReflectiveCall(FrameworkMethod.java:59)
	at org.junit.internal.runners.model.ReflectiveCallable.run(ReflectiveCallable.java:12)
	at org.junit.runners.model.FrameworkMethod.invokeExplosively(FrameworkMethod.java:56)
	at org.junit.internal.runners.statements.InvokeMethod.evaluate(InvokeMethod.java:17)
	at org.junit.internal.runners.statements.RunAfters.evaluate(RunAfters.java:27)
	at org.junit.internal.runners.statements.FailOnTimeout$CallableStatement.call(FailOnTimeout.java:299)
	at org.junit.internal.runners.statements.FailOnTimeout$CallableStatement.call(FailOnTimeout.java:293)
	at java.base/java.util.concurrent.FutureTask.run(FutureTask.java:264)
	at java.base/java.lang.Thread.run(Thread.java:829)
</failure>
    <system-out><![CDATA[2023-02-01 15:05:11,375 [main] INFO  util.LogUtils (Slf4jUtils.java:setLogLevel(38)) - Successfully set org.apache.ratis.conf.ConfUtils log level to WARN
2023-02-01 15:05:11,375 [main] INFO  util.LogUtils (Slf4jUtils.java:setLogLevel(38)) - Successfully set org.apache.ratis.util.FileUtils log level to TRACE
2023-02-01 15:05:11,379 [Time-limited test] INFO  impl.MiniRaftCluster (MiniRaftCluster.java:runWithNewCluster(135)) - Running runWithNewCluster
2023-02-01 15:05:11,380 [Time-limited test] INFO  impl.MiniRaftCluster (MiniRaftCluster.java:<init>(306)) - new MiniRaftClusterWithGrpc with group-38A95899D58A:[s0|rpc:localhost:45369|admin:localhost:45813|client:localhost:46359|dataStream:localhost:45307|priority:0|startupRole:FOLLOWER]
2023-02-01 15:05:11,380 [Time-limited test] INFO  impl.MiniRaftCluster (MiniRaftCluster.java:start(339)) - .............................................................. 
2023-02-01 15:05:11,380 [Time-limited test] INFO  impl.MiniRaftCluster (MiniRaftCluster.java:start(340)) - ... 
2023-02-01 15:05:11,380 [Time-limited test] INFO  impl.MiniRaftCluster (MiniRaftCluster.java:start(341)) - ...     Starting MiniRaftClusterWithGrpc
2023-02-01 15:05:11,380 [Time-limited test] INFO  impl.MiniRaftCluster (MiniRaftCluster.java:start(342)) - ... 
2023-02-01 15:05:11,380 [Time-limited test] INFO  impl.MiniRaftCluster (MiniRaftCluster.java:start(343)) - .............................................................. 
2023-02-01 15:05:11,380 [Time-limited test] INFO  impl.MiniRaftCluster (MiniRaftCluster.java:initServers(318)) - servers = {}
2023-02-01 15:05:11,380 [Time-limited test] INFO  impl.MiniRaftCluster (MiniRaftCluster.java:newRaftServer(382)) - newRaftServer: s0, group-38A95899D58A:[s0|rpc:localhost:45369|admin:localhost:45813|client:localhost:46359|dataStream:localhost:45307|priority:0|startupRole:FOLLOWER], format? true
2023-02-01 15:05:11,380 [Time-limited test] TRACE util.FileUtils (FileUtils.java:deleteFully(201)) - deleteFully target/test/data/4bffaa74/MiniRaftClusterWithGrpc11c295d1/s0
2023-02-01 15:05:11,380 [Time-limited test] TRACE util.FileUtils (FileUtils.java:deleteFully(217)) - deleteFully: target/test/data/4bffaa74/MiniRaftClusterWithGrpc11c295d1/s0 does not exist.
2023-02-01 15:05:11,380 [Time-limited test] INFO  impl.MiniRaftCluster (MiniRaftCluster.java:newRaftServer(387)) - Formatted directory target/test/data/4bffaa74/MiniRaftClusterWithGrpc11c295d1/s0
2023-02-01 15:05:11,380 [Time-limited test] INFO  server.RaftServer (ConfUtils.java:logGet(46)) - raft.rpc.type = GRPC (default)
2023-02-01 15:05:11,380 [Time-limited test] INFO  grpc.GrpcConfigKeys (ConfUtils.java:logFallback(53)) - raft.grpc.admin.host = null (fallback to raft.grpc.server.host)
2023-02-01 15:05:11,381 [Time-limited test] INFO  grpc.GrpcConfigKeys (ConfUtils.java:logGet(46)) - raft.grpc.admin.port = 45813 (custom)
2023-02-01 15:05:11,381 [Time-limited test] INFO  grpc.GrpcConfigKeys (ConfUtils.java:logFallback(53)) - raft.grpc.client.host = null (fallback to raft.grpc.server.host)
2023-02-01 15:05:11,381 [Time-limited test] INFO  grpc.GrpcConfigKeys (ConfUtils.java:logGet(46)) - raft.grpc.client.port = 46359 (custom)
2023-02-01 15:05:11,381 [Time-limited test] INFO  grpc.GrpcConfigKeys (ConfUtils.java:logGet(46)) - raft.grpc.server.host = null (default)
2023-02-01 15:05:11,381 [Time-limited test] INFO  grpc.GrpcConfigKeys (ConfUtils.java:logGet(46)) - raft.grpc.server.port = 45369 (custom)
2023-02-01 15:05:11,381 [Time-limited test] INFO  server.GrpcService (ConfUtils.java:logGet(46)) - raft.grpc.message.size.max = 64MB (=67108864) (default)
2023-02-01 15:05:11,381 [Time-limited test] INFO  server.RaftServerConfigKeys (ConfUtils.java:logGet(46)) - raft.server.log.appender.buffer.byte-limit = 4MB (=4194304) (default)
2023-02-01 15:05:11,381 [Time-limited test] INFO  server.GrpcService (ConfUtils.java:logGet(46)) - raft.grpc.flow.control.window = 1MB (=1048576) (default)
2023-02-01 15:05:11,381 [Time-limited test] INFO  server.RaftServerConfigKeys (ConfUtils.java:logGet(46)) - raft.server.rpc.request.timeout = 3000ms (default)
2023-02-01 15:05:11,381 [Time-limited test] INFO  grpc.GrpcConfigKeys (ConfUtils.java:logGet(46)) - raft.grpc.server.heartbeat.channel = true (default)
2023-02-01 15:05:11,381 [Time-limited test] INFO  grpc.GrpcConfigKeys (ConfUtils.java:logGet(46)) - raft.grpc.server.async.request.thread.pool.cached = true (default)
2023-02-01 15:05:11,381 [Time-limited test] INFO  grpc.GrpcConfigKeys (ConfUtils.java:logGet(46)) - raft.grpc.server.async.request.thread.pool.size = 32 (default)
2023-02-01 15:05:11,382 [Time-limited test] INFO  impl.DataStreamServerImpl (ConfUtils.java:logGet(46)) - raft.datastream.type = DISABLED (default)
2023-02-01 15:05:11,382 [Time-limited test] INFO  server.RaftServerConfigKeys (ConfUtils.java:logGet(46)) - raft.server.threadpool.proxy.cached = true (default)
2023-02-01 15:05:11,382 [Time-limited test] INFO  server.RaftServerConfigKeys (ConfUtils.java:logGet(46)) - raft.server.threadpool.proxy.size = 0 (default)
2023-02-01 15:05:11,382 [Time-limited test] INFO  server.RaftServerConfigKeys (ConfUtils.java:logGet(46)) - raft.server.rpc.slowness.timeout = 60s (default)
2023-02-01 15:05:11,382 [Time-limited test] INFO  server.RaftServerConfigKeys (ConfUtils.java:logGet(46)) - raft.server.leaderelection.leader.step-down.wait-time = 10s (default)
2023-02-01 15:05:11,382 [Time-limited test] INFO  server.RaftServerConfigKeys (ConfUtils.java:logGet(46)) - raft.server.storage.dir = [/home/runner/work/ratis/ratis/ratis-test/target/test/data/4bffaa74/MiniRaftClusterWithGrpc11c295d1/s0] (custom)
2023-02-01 15:05:11,383 [Time-limited test] INFO  server.RaftServer (RaftServerProxy.java:addNew(99)) - s0: addNew group-38A95899D58A:[s0|rpc:localhost:45369|admin:localhost:45813|client:localhost:46359|dataStream:localhost:45307|priority:0|startupRole:FOLLOWER] returns group-38A95899D58A:java.util.concurrent.CompletableFuture@2e3420f8[Not completed]
2023-02-01 15:05:11,383 [pool-9-thread-1] INFO  server.RaftServerConfigKeys (ConfUtils.java:logGet(46)) - raft.server.log.segment.size.max = 8MB (=8388608) (default)
2023-02-01 15:05:11,383 [pool-9-thread-1] INFO  server.RaftServerConfigKeys (ConfUtils.java:logGet(46)) - raft.server.log.preallocated.size = 4MB (=4194304) (default)
2023-02-01 15:05:11,383 [pool-9-thread-1] INFO  server.RaftServerConfigKeys (ConfUtils.java:logGet(46)) - raft.server.log.write.buffer.size = 64KB (=65536) (default)
2023-02-01 15:05:11,383 [pool-9-thread-1] INFO  server.RaftServer$Division (RaftServerImpl.java:<init>(198)) - s0: new RaftServerImpl for group-38A95899D58A:[s0|rpc:localhost:45369|admin:localhost:45813|client:localhost:46359|dataStream:localhost:45307|priority:0|startupRole:FOLLOWER] with StateMachineWithMultiNestedSnapshotFile:uninitialized
2023-02-01 15:05:11,383 [pool-9-thread-1] INFO  server.RaftServerConfigKeys (ConfUtils.java:logGet(46)) - raft.server.rpc.timeout.min = 150ms (default)
2023-02-01 15:05:11,383 [pool-9-thread-1] INFO  server.RaftServerConfigKeys (ConfUtils.java:logGet(46)) - raft.server.rpc.timeout.max = 300ms (default)
2023-02-01 15:05:11,383 [pool-9-thread-1] INFO  server.RaftServerConfigKeys (ConfUtils.java:logGet(46)) - raft.server.rpc.sleep.time = 25ms (default)
2023-02-01 15:05:11,383 [pool-9-thread-1] INFO  server.RaftServerConfigKeys (ConfUtils.java:logGet(46)) - raft.server.rpc.slowness.timeout = 60s (default)
2023-02-01 15:05:11,383 [pool-9-thread-1] INFO  server.RaftServerConfigKeys (ConfUtils.java:logGet(46)) - raft.server.leaderelection.leader.step-down.wait-time = 10s (default)
2023-02-01 15:05:11,383 [pool-9-thread-1] INFO  server.RaftServerConfigKeys (ConfUtils.java:logGet(46)) - raft.server.sleep.deviation.threshold = 300ms (default)
2023-02-01 15:05:11,383 [pool-9-thread-1] INFO  server.RaftServer$Division (ServerState.java:<init>(113)) - s0@group-38A95899D58A: ConfigurationManager, init=-1: peers:[s0|rpc:localhost:45369|admin:localhost:45813|client:localhost:46359|dataStream:localhost:45307|priority:0|startupRole:FOLLOWER]|listeners:[], old=null, confs=<EMPTY_MAP>
2023-02-01 15:05:11,383 [pool-9-thread-1] INFO  server.RaftServerConfigKeys (ConfUtils.java:logGet(46)) - raft.server.notification.no-leader.timeout = 60s (default)
2023-02-01 15:05:11,383 [pool-9-thread-1] INFO  server.RaftServerConfigKeys (ConfUtils.java:logGet(46)) - raft.server.read.timeout = 10s (default)
2023-02-01 15:05:11,383 [pool-9-thread-1] INFO  server.RaftServerConfigKeys (ConfUtils.java:logGet(46)) - raft.server.retrycache.expirytime = 60s (default)
2023-02-01 15:05:11,383 [pool-9-thread-1] INFO  server.RaftServerConfigKeys (ConfUtils.java:logGet(46)) - raft.server.retrycache.statistics.expirytime = 100μs (default)
2023-02-01 15:05:11,384 [pool-9-thread-1] INFO  server.RaftServerConfigKeys (ConfUtils.java:logGet(46)) - raft.server.read.option = DEFAULT (default)
2023-02-01 15:05:11,384 [pool-9-thread-1] INFO  server.RaftServerConfigKeys (ConfUtils.java:logGet(46)) - raft.server.log.appender.install.snapshot.enabled = true (default)
2023-02-01 15:05:11,384 [pool-9-thread-1] INFO  server.RaftServerConfigKeys (ConfUtils.java:logGet(46)) - raft.server.threadpool.server.cached = true (default)
2023-02-01 15:05:11,384 [pool-9-thread-1] INFO  server.RaftServerConfigKeys (ConfUtils.java:logGet(46)) - raft.server.threadpool.server.size = 0 (default)
2023-02-01 15:05:11,385 [pool-9-thread-1] INFO  server.RaftServerConfigKeys (ConfUtils.java:logGet(46)) - raft.server.threadpool.client.cached = true (default)
2023-02-01 15:05:11,385 [pool-9-thread-1] INFO  server.RaftServerConfigKeys (ConfUtils.java:logGet(46)) - raft.server.threadpool.client.size = 0 (default)
2023-02-01 15:05:11,385 [s0-impl-thread1] INFO  server.RaftServerConfigKeys (ConfUtils.java:logGet(46)) - raft.server.storage.free-space.min = 0MB (=0) (default)
2023-02-01 15:05:11,385 [s0-impl-thread1] INFO  server.RaftServerConfigKeys (ConfUtils.java:logGet(46)) - raft.server.log.corruption.policy = EXCEPTION (default)
2023-02-01 15:05:11,385 [s0-impl-thread1] INFO  server.RaftServerConfigKeys (ConfUtils.java:logGet(46)) - raft.server.storage.dir = [/home/runner/work/ratis/ratis/ratis-test/target/test/data/4bffaa74/MiniRaftClusterWithGrpc11c295d1/s0] (custom)
2023-02-01 15:05:11,385 [s0-impl-thread1] INFO  storage.RaftStorageDirectory (RaftStorageDirectoryImpl.java:analyzeStorage(138)) - The storage directory /home/runner/work/ratis/ratis/ratis-test/target/test/data/4bffaa74/MiniRaftClusterWithGrpc11c295d1/s0/f113c75c-7674-443c-9f70-38a95899d58a does not exist. Creating ...
2023-02-01 15:05:11,385 [s0-impl-thread1] TRACE util.FileUtils (LogUtils.java:runAndLog(49)) - Successfully ran Files.createDirectories /home/runner/work/ratis/ratis/ratis-test/target/test/data/4bffaa74/MiniRaftClusterWithGrpc11c295d1/s0/f113c75c-7674-443c-9f70-38a95899d58a
2023-02-01 15:05:11,386 [s0-impl-thread1] INFO  storage.RaftStorageDirectory (RaftStorageDirectoryImpl.java:tryLock(232)) - Lock on /home/runner/work/ratis/ratis/ratis-test/target/test/data/4bffaa74/MiniRaftClusterWithGrpc11c295d1/s0/f113c75c-7674-443c-9f70-38a95899d58a/in_use.lock acquired by nodename 19257@fv-az163-312
2023-02-01 15:05:11,386 [s0-impl-thread1] TRACE util.FileUtils (LogUtils.java:runAndLog(49)) - Successfully ran Files.createDirectories /home/runner/work/ratis/ratis/ratis-test/target/test/data/4bffaa74/MiniRaftClusterWithGrpc11c295d1/s0/f113c75c-7674-443c-9f70-38a95899d58a/current
2023-02-01 15:05:11,387 [s0-impl-thread1] TRACE util.FileUtils (LogUtils.java:runAndLog(49)) - Successfully ran Files.createDirectories /home/runner/work/ratis/ratis/ratis-test/target/test/data/4bffaa74/MiniRaftClusterWithGrpc11c295d1/s0/f113c75c-7674-443c-9f70-38a95899d58a/sm
2023-02-01 15:05:11,387 [s0-impl-thread1] INFO  storage.RaftStorage (RaftStorageImpl.java:format(96)) - Storage directory /home/runner/work/ratis/ratis/ratis-test/target/test/data/4bffaa74/MiniRaftClusterWithGrpc11c295d1/s0/f113c75c-7674-443c-9f70-38a95899d58a has been successfully formatted.
2023-02-01 15:05:11,387 [s0-impl-thread1] INFO  impl.SimpleStateMachine4Testing (SimpleStateMachine4Testing.java:initialize(213)) - Initializing StateMachineWithMultiNestedSnapshotFile:uninitialized
2023-02-01 15:05:11,388 [s0-impl-thread1] INFO  impl.SimpleStateMachine4Testing (SimpleStateMachine4Testing.java:loadSnapshot(293)) - Loading snapshot null
2023-02-01 15:05:11,388 [s0-impl-thread1] INFO  server.RaftServerConfigKeys (ConfUtils.java:logGet(46)) - raft.server.log.use.memory = false (default)
2023-02-01 15:05:11,388 [s0-impl-thread1] INFO  server.RaftServerConfigKeys (ConfUtils.java:logGet(46)) - raft.server.log.purge.gap = 8 (custom)
2023-02-01 15:05:11,388 [s0-impl-thread1] INFO  server.RaftServerConfigKeys (ConfUtils.java:logGet(46)) - raft.server.log.appender.buffer.byte-limit = 4MB (=4194304) (default)
2023-02-01 15:05:11,388 [s0-impl-thread1] INFO  server.RaftServerConfigKeys (ConfUtils.java:logGet(46)) - raft.server.log.statemachine.data.read.timeout = 1000ms (default)
2023-02-01 15:05:11,388 [s0-impl-thread1] INFO  server.RaftServerConfigKeys (ConfUtils.java:logGet(46)) - raft.server.log.purge.preservation.log.num = 0 (default)
2023-02-01 15:05:11,388 [s0-impl-thread1] INFO  server.RaftServerConfigKeys (ConfUtils.java:logGet(46)) - raft.server.log.segment.size.max = 8MB (=8388608) (default)
2023-02-01 15:05:11,388 [s0-impl-thread1] INFO  server.RaftServerConfigKeys (ConfUtils.java:logGet(46)) - raft.server.log.segment.cache.num.max = 6 (default)
2023-02-01 15:05:11,388 [s0-impl-thread1] INFO  server.RaftServerConfigKeys (ConfUtils.java:logGet(46)) - raft.server.log.segment.cache.size.max = 200MB (=209715200) (default)
2023-02-01 15:05:11,388 [s0-impl-thread1] INFO  segmented.SegmentedRaftLogWorker (SegmentedRaftLogWorker.java:<init>(184)) - new s0@group-38A95899D58A-SegmentedRaftLogWorker for RaftStorageImpl:Storage Directory /home/runner/work/ratis/ratis/ratis-test/target/test/data/4bffaa74/MiniRaftClusterWithGrpc11c295d1/s0/f113c75c-7674-443c-9f70-38a95899d58a
2023-02-01 15:05:11,389 [s0-impl-thread1] INFO  server.RaftServerConfigKeys (ConfUtils.java:logGet(46)) - raft.server.log.queue.byte-limit = 64MB (=67108864) (default)
2023-02-01 15:05:11,389 [s0-impl-thread1] INFO  server.RaftServerConfigKeys (ConfUtils.java:logGet(46)) - raft.server.log.queue.element-limit = 4096 (default)
2023-02-01 15:05:11,389 [s0-impl-thread1] INFO  server.RaftServerConfigKeys (ConfUtils.java:logGet(46)) - raft.server.log.segment.size.max = 8MB (=8388608) (default)
2023-02-01 15:05:11,389 [s0-impl-thread1] INFO  server.RaftServerConfigKeys (ConfUtils.java:logGet(46)) - raft.server.log.preallocated.size = 4MB (=4194304) (default)
2023-02-01 15:05:11,389 [s0-impl-thread1] INFO  server.RaftServerConfigKeys (ConfUtils.java:logGet(46)) - raft.server.log.force.sync.num = 128 (default)
2023-02-01 15:05:11,389 [s0-impl-thread1] INFO  server.RaftServerConfigKeys (ConfUtils.java:logGet(46)) - raft.server.log.statemachine.data.sync = true (default)
2023-02-01 15:05:11,389 [s0-impl-thread1] INFO  server.RaftServerConfigKeys (ConfUtils.java:logGet(46)) - raft.server.log.statemachine.data.sync.timeout = 10s (default)
2023-02-01 15:05:11,389 [s0-impl-thread1] INFO  server.RaftServerConfigKeys (ConfUtils.java:logGet(46)) - raft.server.log.statemachine.data.sync.timeout.retry = -1 (default)
2023-02-01 15:05:11,389 [s0-impl-thread1] INFO  server.RaftServerConfigKeys (ConfUtils.java:logGet(46)) - raft.server.log.write.buffer.size = 64KB (=65536) (default)
2023-02-01 15:05:11,389 [s0-impl-thread1] INFO  server.RaftServerConfigKeys (ConfUtils.java:logGet(46)) - raft.server.log.appender.buffer.byte-limit = 4MB (=4194304) (default)
2023-02-01 15:05:11,390 [s0-impl-thread1] INFO  server.RaftServerConfigKeys (ConfUtils.java:logGet(46)) - raft.server.log.unsafe-flush.enabled = false (default)
2023-02-01 15:05:11,390 [s0-impl-thread1] INFO  server.RaftServerConfigKeys (ConfUtils.java:logGet(46)) - raft.server.log.async-flush.enabled = false (default)
2023-02-01 15:05:11,390 [s0-impl-thread1] INFO  server.RaftServerConfigKeys (ConfUtils.java:logGet(46)) - raft.server.log.statemachine.data.caching.enabled = false (default)
2023-02-01 15:05:11,390 [s0-impl-thread1] INFO  segmented.SegmentedRaftLogWorker (SegmentedRaftLogWorker.java:lambda$new$0(134)) - s0@group-38A95899D58A-SegmentedRaftLogWorker: flushIndex: setUnconditionally 0 -> -1
2023-02-01 15:05:11,390 [s0-impl-thread1] INFO  segmented.SegmentedRaftLogWorker (SegmentedRaftLogWorker.java:lambda$new$0(134)) - s0@group-38A95899D58A-SegmentedRaftLogWorker: safeCacheEvictIndex: setUnconditionally 0 -> -1
2023-02-01 15:05:11,390 [s0-impl-thread1] INFO  server.RaftServer$Division (RaftServerImpl.java:start(338)) - s0@group-38A95899D58A: start as a follower, conf=-1: peers:[s0|rpc:localhost:45369|admin:localhost:45813|client:localhost:46359|dataStream:localhost:45307|priority:0|startupRole:FOLLOWER]|listeners:[], old=null
2023-02-01 15:05:11,391 [s0-impl-thread1] INFO  server.RaftServer$Division (RaftServerImpl.java:setRole(325)) - s0@group-38A95899D58A: changes role from      null to FOLLOWER at term 0 for startAsFollower
2023-02-01 15:05:11,391 [s0-impl-thread1] INFO  impl.RoleInfo (RoleInfo.java:updateAndGet(139)) - s0: start s0@group-38A95899D58A-FollowerState
2023-02-01 15:05:11,402 [s0-impl-thread1] INFO  util.JmxRegister (JmxRegister.java:tryRegister(44)) - Successfully registered JMX Bean with object name Ratis:service=RaftServer,group=group-38A95899D58A,id=s0
2023-02-01 15:05:11,402 [s0-impl-thread1] INFO  server.RaftServerConfigKeys (ConfUtils.java:logGet(46)) - raft.server.snapshot.auto.trigger.enabled = true (custom)
2023-02-01 15:05:11,402 [s0-impl-thread1] INFO  server.RaftServerConfigKeys (ConfUtils.java:logGet(46)) - raft.server.snapshot.auto.trigger.threshold = 64 (custom)
2023-02-01 15:05:11,402 [s0-impl-thread1] INFO  server.RaftServerConfigKeys (ConfUtils.java:logGet(46)) - raft.server.snapshot.retention.file.num = -1 (default)
2023-02-01 15:05:11,402 [s0-impl-thread1] INFO  server.RaftServerConfigKeys (ConfUtils.java:logGet(46)) - raft.server.log.purge.upto.snapshot.index = false (default)
2023-02-01 15:05:11,402 [s0@group-38A95899D58A-FollowerState] INFO  server.RaftServerConfigKeys (ConfUtils.java:logFallback(53)) - raft.server.rpc.first-election.timeout.min = 150ms (fallback to raft.server.rpc.timeout.min)
2023-02-01 15:05:11,402 [s0@group-38A95899D58A-FollowerState] INFO  server.RaftServerConfigKeys (ConfUtils.java:logFallback(53)) - raft.server.rpc.first-election.timeout.max = 300ms (fallback to raft.server.rpc.timeout.max)
2023-02-01 15:05:11,402 [Time-limited test] INFO  server.RaftServer (RaftServerProxy.java:startImpl(396)) - s0: start RPC server
2023-02-01 15:05:11,403 [Time-limited test] INFO  server.GrpcService (GrpcService.java:startImpl(302)) - s0: GrpcService started, listening on 46359
2023-02-01 15:05:11,403 [Time-limited test] INFO  server.GrpcService (GrpcService.java:startImpl(302)) - s0: GrpcService started, listening on 45369
2023-02-01 15:05:11,404 [Time-limited test] INFO  server.GrpcService (GrpcService.java:startImpl(302)) - s0: GrpcService started, listening on 45813
2023-02-01 15:05:11,404 [JvmPauseMonitor6] INFO  util.JvmPauseMonitor (JvmPauseMonitor.java:run(105)) - JvmPauseMonitor-s0: Started
2023-02-01 15:05:11,404 [Time-limited test] INFO  server.RaftServerConfigKeys (ConfUtils.java:logGet(46)) - raft.server.rpc.timeout.max = 300ms (default)
2023-02-01 15:05:11,405 [Time-limited test] INFO  ratis.RaftTestUtil (RaftTestUtil.java:waitForLeader(100)) - printing ALL groups
  s0:  RUNNING  FOLLOWER s0@group-38A95899D58A:t0, leader=null, voted=, raftlog=Memoized:s0@group-38A95899D58A-SegmentedRaftLog:OPENED:c-1, conf=-1: peers:[s0|rpc:localhost:45369|admin:localhost:45813|client:localhost:46359|dataStream:localhost:45307|priority:0|startupRole:FOLLOWER]|listeners:[], old=null RUNNING
2023-02-01 15:05:11,405 [Time-limited test] WARN  ratis.RaftTestUtil (JavaUtils.java:attempt(217)) - FAILED "waitForLeader-null-(expectLeader? true)", attempt #1/100: java.lang.IllegalStateException: No leader yet : printing ALL groups
  s0:  RUNNING  FOLLOWER s0@group-38A95899D58A:t0, leader=null, voted=, raftlog=Memoized:s0@group-38A95899D58A-SegmentedRaftLog:OPENED:c-1, conf=-1: peers:[s0|rpc:localhost:45369|admin:localhost:45813|client:localhost:46359|dataStream:localhost:45307|priority:0|startupRole:FOLLOWER]|listeners:[], old=null RUNNING, sleep 450ms and then retry.
java.lang.IllegalStateException: No leader yet : printing ALL groups
  s0:  RUNNING  FOLLOWER s0@group-38A95899D58A:t0, leader=null, voted=, raftlog=Memoized:s0@group-38A95899D58A-SegmentedRaftLog:OPENED:c-1, conf=-1: peers:[s0|rpc:localhost:45369|admin:localhost:45813|client:localhost:46359|dataStream:localhost:45307|priority:0|startupRole:FOLLOWER]|listeners:[], old=null RUNNING
	at org.apache.ratis.server.impl.MiniRaftCluster.newIllegalStateExceptionForNoLeaders(MiniRaftCluster.java:581)
	at org.apache.ratis.RaftTestUtil.lambda$waitForLeader$1(RaftTestUtil.java:104)
	at org.apache.ratis.server.impl.MiniRaftCluster.getLeader(MiniRaftCluster.java:615)
	at org.apache.ratis.server.impl.MiniRaftCluster.getLeader(MiniRaftCluster.java:608)
	at org.apache.ratis.RaftTestUtil.lambda$waitForLeader$3(RaftTestUtil.java:112)
	at org.apache.ratis.util.JavaUtils.attempt(JavaUtils.java:211)
	at org.apache.ratis.util.JavaUtils.attemptRepeatedly(JavaUtils.java:197)
	at org.apache.ratis.RaftTestUtil.waitForLeader(RaftTestUtil.java:111)
	at org.apache.ratis.RaftTestUtil.waitForLeader(RaftTestUtil.java:92)
	at org.apache.ratis.RaftTestUtil.waitForLeader(RaftTestUtil.java:87)
	at org.apache.ratis.InstallSnapshotFromLeaderTests.testMultiFileInstallSnapshot(InstallSnapshotFromLeaderTests.java:92)
	at org.apache.ratis.server.impl.MiniRaftCluster$Factory$Get.runWithNewCluster(MiniRaftCluster.java:141)
	at org.apache.ratis.server.impl.MiniRaftCluster$Factory$Get.runWithNewCluster(MiniRaftCluster.java:121)
	at org.apache.ratis.InstallSnapshotFromLeaderTests.testMultiFileInstallSnapshot(InstallSnapshotFromLeaderTests.java:79)
	at java.base/jdk.internal.reflect.NativeMethodAccessorImpl.invoke0(Native Method)
	at java.base/jdk.internal.reflect.NativeMethodAccessorImpl.invoke(NativeMethodAccessorImpl.java:62)
	at java.base/jdk.internal.reflect.DelegatingMethodAccessorImpl.invoke(DelegatingMethodAccessorImpl.java:43)
	at java.base/java.lang.reflect.Method.invoke(Method.java:566)
	at org.junit.runners.model.FrameworkMethod$1.runReflectiveCall(FrameworkMethod.java:59)
	at org.junit.internal.runners.model.ReflectiveCallable.run(ReflectiveCallable.java:12)
	at org.junit.runners.model.FrameworkMethod.invokeExplosively(FrameworkMethod.java:56)
	at org.junit.internal.runners.statements.InvokeMethod.evaluate(InvokeMethod.java:17)
	at org.junit.internal.runners.statements.RunAfters.evaluate(RunAfters.java:27)
	at org.junit.internal.runners.statements.FailOnTimeout$CallableStatement.call(FailOnTimeout.java:299)
	at org.junit.internal.runners.statements.FailOnTimeout$CallableStatement.call(FailOnTimeout.java:293)
	at java.base/java.util.concurrent.FutureTask.run(FutureTask.java:264)
	at java.base/java.lang.Thread.run(Thread.java:829)
2023-02-01 15:05:11,574 [s0@group-38A95899D58A-FollowerState] INFO  impl.FollowerState (FollowerState.java:run(143)) - s0@group-38A95899D58A-FollowerState: change to CANDIDATE, lastRpcElapsedTime:183881876ns, electionTimeout:172ms
2023-02-01 15:05:11,575 [s0@group-38A95899D58A-FollowerState] INFO  impl.RoleInfo (RoleInfo.java:shutdownFollowerState(110)) - s0: shutdown s0@group-38A95899D58A-FollowerState
2023-02-01 15:05:11,575 [s0@group-38A95899D58A-FollowerState] INFO  server.RaftServer$Division (RaftServerImpl.java:setRole(325)) - s0@group-38A95899D58A: changes role from  FOLLOWER to CANDIDATE at term 0 for changeToCandidate
2023-02-01 15:05:11,575 [s0@group-38A95899D58A-FollowerState] INFO  server.RaftServerConfigKeys (ConfUtils.java:logGet(46)) - raft.server.leaderelection.pre-vote = true (default)
2023-02-01 15:05:11,575 [s0@group-38A95899D58A-FollowerState] INFO  impl.RoleInfo (RoleInfo.java:updateAndGet(139)) - s0: start s0@group-38A95899D58A-LeaderElection3
2023-02-01 15:05:11,578 [s0@group-38A95899D58A-LeaderElection3] INFO  impl.LeaderElection (LeaderElection.java:askForVotes(309)) - s0@group-38A95899D58A-LeaderElection3 PRE_VOTE round 0: submit vote requests at term 0 for -1: peers:[s0|rpc:localhost:45369|admin:localhost:45813|client:localhost:46359|dataStream:localhost:45307|priority:0|startupRole:FOLLOWER]|listeners:[], old=null
2023-02-01 15:05:11,579 [s0@group-38A95899D58A-LeaderElection3] INFO  impl.LeaderElection (LeaderElection.java:askForVotes(311)) - s0@group-38A95899D58A-LeaderElection3 PRE_VOTE round 0: result PASSED (term=0)
2023-02-01 15:05:11,579 [s0@group-38A95899D58A-LeaderElection3] INFO  impl.LeaderElection (LeaderElection.java:askForVotes(309)) - s0@group-38A95899D58A-LeaderElection3 ELECTION round 0: submit vote requests at term 1 for -1: peers:[s0|rpc:localhost:45369|admin:localhost:45813|client:localhost:46359|dataStream:localhost:45307|priority:0|startupRole:FOLLOWER]|listeners:[], old=null
2023-02-01 15:05:11,580 [s0@group-38A95899D58A-LeaderElection3] INFO  impl.LeaderElection (LeaderElection.java:askForVotes(311)) - s0@group-38A95899D58A-LeaderElection3 ELECTION round 0: result PASSED (term=1)
2023-02-01 15:05:11,580 [s0@group-38A95899D58A-LeaderElection3] INFO  impl.RoleInfo (RoleInfo.java:shutdownLeaderElection(130)) - s0: shutdown s0@group-38A95899D58A-LeaderElection3
2023-02-01 15:05:11,580 [s0@group-38A95899D58A-LeaderElection3] INFO  server.RaftServer$Division (RaftServerImpl.java:setRole(325)) - s0@group-38A95899D58A: changes role from CANDIDATE to LEADER at term 1 for changeToLeader
2023-02-01 15:05:11,580 [s0@group-38A95899D58A-LeaderElection3] INFO  server.RaftServer$Division (ServerState.java:setLeader(260)) - s0@group-38A95899D58A: change Leader from null to s0 at term 1 for becomeLeader, leader elected after 196ms
2023-02-01 15:05:11,580 [s0@group-38A95899D58A-LeaderElection3] INFO  server.RaftServerConfigKeys (ConfUtils.java:logGet(46)) - raft.server.staging.catchup.gap = 1000 (default)
2023-02-01 15:05:11,580 [s0@group-38A95899D58A-LeaderElection3] INFO  server.RaftServerConfigKeys (ConfUtils.java:logGet(46)) - raft.server.write.element-limit = 4096 (default)
2023-02-01 15:05:11,580 [s0@group-38A95899D58A-LeaderElection3] INFO  server.RaftServerConfigKeys (ConfUtils.java:logGet(46)) - raft.server.write.byte-limit = 64MB (=67108864) (default)
2023-02-01 15:05:11,580 [s0@group-38A95899D58A-LeaderElection3] INFO  server.RaftServerConfigKeys (ConfUtils.java:logGet(46)) - raft.server.watch.timeout = 10s (default)
2023-02-01 15:05:11,580 [s0@group-38A95899D58A-LeaderElection3] INFO  server.RaftServerConfigKeys (ConfUtils.java:logGet(46)) - raft.server.watch.timeout.denomination = 1s (default)
2023-02-01 15:05:11,580 [s0@group-38A95899D58A-LeaderElection3] INFO  server.RaftServerConfigKeys (ConfUtils.java:logGet(46)) - raft.server.watch.element-limit = 65536 (default)
2023-02-01 15:05:11,580 [s0@group-38A95899D58A-LeaderElection3] INFO  server.RaftServerConfigKeys (ConfUtils.java:logGet(46)) - raft.server.write.element-limit = 4096 (default)
2023-02-01 15:05:11,580 [s0@group-38A95899D58A-LeaderElection3] INFO  server.RaftServerConfigKeys (ConfUtils.java:logGet(46)) - raft.server.write.follower.gap.ratio.max = -1.0 (default)
2023-02-01 15:05:11,580 [s0@group-38A95899D58A-LeaderElection3] INFO  impl.RoleInfo (RoleInfo.java:updateAndGet(139)) - s0: start s0@group-38A95899D58A-LeaderStateImpl
2023-02-01 15:05:11,580 [s0@group-38A95899D58A-LeaderElection3] INFO  segmented.SegmentedRaftLogWorker (SegmentedRaftLogWorker.java:startLogSegment(431)) - s0@group-38A95899D58A-SegmentedRaftLogWorker: Starting segment from index:0
2023-02-01 15:05:11,582 [s0@group-38A95899D58A-LeaderElection3] INFO  server.RaftServer$Division (ServerState.java:setRaftConf(378)) - s0@group-38A95899D58A: set configuration 0: peers:[s0|rpc:localhost:45369|admin:localhost:45813|client:localhost:46359|dataStream:localhost:45307|priority:0|startupRole:FOLLOWER]|listeners:[], old=null
2023-02-01 15:05:11,589 [s0@group-38A95899D58A-SegmentedRaftLogWorker] INFO  segmented.SegmentedRaftLogWorker (SegmentedRaftLogWorker.java:execute(635)) - s0@group-38A95899D58A-SegmentedRaftLogWorker: created new log segment /home/runner/work/ratis/ratis/ratis-test/target/test/data/4bffaa74/MiniRaftClusterWithGrpc11c295d1/s0/f113c75c-7674-443c-9f70-38a95899d58a/current/log_inprogress_0
2023-02-01 15:05:11,855 [Time-limited test] INFO  ratis.RaftTestUtil (RaftTestUtil.java:waitForLeader(119)) - printing ALL groups
  s0:  RUNNING    LEADER s0@group-38A95899D58A:t1, leader=s0, voted=s0, raftlog=Memoized:s0@group-38A95899D58A-SegmentedRaftLog:OPENED:c0, conf=0: peers:[s0|rpc:localhost:45369|admin:localhost:45813|client:localhost:46359|dataStream:localhost:45307|priority:0|startupRole:FOLLOWER]|listeners:[], old=null RUNNING
2023-02-01 15:05:11,864 [s0@group-38A95899D58A-StateMachineUpdater] INFO  impl.SimpleStateMachine4Testing (SimpleStateMachine4Testing.java:put(205)) - s0: put 1, m0 -> (t:1, i:1), STATEMACHINELOGENTRY, 258@client-1A94217DD459
2023-02-01 15:05:11,870 [s0@group-38A95899D58A-StateMachineUpdater] INFO  impl.SimpleStateMachine4Testing (SimpleStateMachine4Testing.java:put(205)) - s0: put 3, m1 -> (t:1, i:3), STATEMACHINELOGENTRY, 259@client-1A94217DD459
2023-02-01 15:05:11,872 [s0@group-38A95899D58A-StateMachineUpdater] INFO  impl.SimpleStateMachine4Testing (SimpleStateMachine4Testing.java:put(205)) - s0: put 5, m2 -> (t:1, i:5), STATEMACHINELOGENTRY, 260@client-1A94217DD459
2023-02-01 15:05:11,874 [s0@group-38A95899D58A-StateMachineUpdater] INFO  impl.SimpleStateMachine4Testing (SimpleStateMachine4Testing.java:put(205)) - s0: put 7, m3 -> (t:1, i:7), STATEMACHINELOGENTRY, 261@client-1A94217DD459
2023-02-01 15:05:11,880 [s0@group-38A95899D58A-StateMachineUpdater] INFO  impl.SimpleStateMachine4Testing (SimpleStateMachine4Testing.java:put(205)) - s0: put 9, m4 -> (t:1, i:9), STATEMACHINELOGENTRY, 262@client-1A94217DD459
2023-02-01 15:05:11,882 [s0@group-38A95899D58A-StateMachineUpdater] INFO  impl.SimpleStateMachine4Testing (SimpleStateMachine4Testing.java:put(205)) - s0: put 11, m5 -> (t:1, i:11), STATEMACHINELOGENTRY, 263@client-1A94217DD459
2023-02-01 15:05:11,885 [s0@group-38A95899D58A-StateMachineUpdater] INFO  impl.SimpleStateMachine4Testing (SimpleStateMachine4Testing.java:put(205)) - s0: put 13, m6 -> (t:1, i:13), STATEMACHINELOGENTRY, 264@client-1A94217DD459
2023-02-01 15:05:11,887 [s0@group-38A95899D58A-StateMachineUpdater] INFO  impl.SimpleStateMachine4Testing (SimpleStateMachine4Testing.java:put(205)) - s0: put 15, m7 -> (t:1, i:15), STATEMACHINELOGENTRY, 265@client-1A94217DD459
2023-02-01 15:05:11,891 [s0@group-38A95899D58A-StateMachineUpdater] INFO  impl.SimpleStateMachine4Testing (SimpleStateMachine4Testing.java:put(205)) - s0: put 17, m8 -> (t:1, i:17), STATEMACHINELOGENTRY, 266@client-1A94217DD459
2023-02-01 15:05:11,893 [s0@group-38A95899D58A-StateMachineUpdater] INFO  impl.SimpleStateMachine4Testing (SimpleStateMachine4Testing.java:put(205)) - s0: put 19, m9 -> (t:1, i:19), STATEMACHINELOGENTRY, 267@client-1A94217DD459
2023-02-01 15:05:11,901 [s0@group-38A95899D58A-StateMachineUpdater] INFO  impl.SimpleStateMachine4Testing (SimpleStateMachine4Testing.java:put(205)) - s0: put 21, m10 -> (t:1, i:21), STATEMACHINELOGENTRY, 268@client-1A94217DD459
2023-02-01 15:05:11,904 [s0@group-38A95899D58A-StateMachineUpdater] INFO  impl.SimpleStateMachine4Testing (SimpleStateMachine4Testing.java:put(205)) - s0: put 23, m11 -> (t:1, i:23), STATEMACHINELOGENTRY, 269@client-1A94217DD459
2023-02-01 15:05:11,906 [s0@group-38A95899D58A-StateMachineUpdater] INFO  impl.SimpleStateMachine4Testing (SimpleStateMachine4Testing.java:put(205)) - s0: put 25, m12 -> (t:1, i:25), STATEMACHINELOGENTRY, 270@client-1A94217DD459
2023-02-01 15:05:11,909 [s0@group-38A95899D58A-StateMachineUpdater] INFO  impl.SimpleStateMachine4Testing (SimpleStateMachine4Testing.java:put(205)) - s0: put 27, m13 -> (t:1, i:27), STATEMACHINELOGENTRY, 271@client-1A94217DD459
2023-02-01 15:05:11,911 [s0@group-38A95899D58A-StateMachineUpdater] INFO  impl.SimpleStateMachine4Testing (SimpleStateMachine4Testing.java:put(205)) - s0: put 29, m14 -> (t:1, i:29), STATEMACHINELOGENTRY, 272@client-1A94217DD459
2023-02-01 15:05:11,913 [s0@group-38A95899D58A-StateMachineUpdater] INFO  impl.SimpleStateMachine4Testing (SimpleStateMachine4Testing.java:put(205)) - s0: put 31, m15 -> (t:1, i:31), STATEMACHINELOGENTRY, 273@client-1A94217DD459
2023-02-01 15:05:11,916 [s0@group-38A95899D58A-StateMachineUpdater] INFO  impl.SimpleStateMachine4Testing (SimpleStateMachine4Testing.java:put(205)) - s0: put 33, m16 -> (t:1, i:33), STATEMACHINELOGENTRY, 274@client-1A94217DD459
2023-02-01 15:05:11,918 [s0@group-38A95899D58A-StateMachineUpdater] INFO  impl.SimpleStateMachine4Testing (SimpleStateMachine4Testing.java:put(205)) - s0: put 35, m17 -> (t:1, i:35), STATEMACHINELOGENTRY, 275@client-1A94217DD459
2023-02-01 15:05:11,920 [s0@group-38A95899D58A-StateMachineUpdater] INFO  impl.SimpleStateMachine4Testing (SimpleStateMachine4Testing.java:put(205)) - s0: put 37, m18 -> (t:1, i:37), STATEMACHINELOGENTRY, 276@client-1A94217DD459
2023-02-01 15:05:11,923 [s0@group-38A95899D58A-StateMachineUpdater] INFO  impl.SimpleStateMachine4Testing (SimpleStateMachine4Testing.java:put(205)) - s0: put 39, m19 -> (t:1, i:39), STATEMACHINELOGENTRY, 277@client-1A94217DD459
2023-02-01 15:05:11,925 [s0@group-38A95899D58A-StateMachineUpdater] INFO  impl.SimpleStateMachine4Testing (SimpleStateMachine4Testing.java:put(205)) - s0: put 41, m20 -> (t:1, i:41), STATEMACHINELOGENTRY, 278@client-1A94217DD459
2023-02-01 15:05:11,927 [s0@group-38A95899D58A-StateMachineUpdater] INFO  impl.SimpleStateMachine4Testing (SimpleStateMachine4Testing.java:put(205)) - s0: put 43, m21 -> (t:1, i:43), STATEMACHINELOGENTRY, 279@client-1A94217DD459
2023-02-01 15:05:11,929 [s0@group-38A95899D58A-StateMachineUpdater] INFO  impl.SimpleStateMachine4Testing (SimpleStateMachine4Testing.java:put(205)) - s0: put 45, m22 -> (t:1, i:45), STATEMACHINELOGENTRY, 280@client-1A94217DD459
2023-02-01 15:05:11,932 [s0@group-38A95899D58A-StateMachineUpdater] INFO  impl.SimpleStateMachine4Testing (SimpleStateMachine4Testing.java:put(205)) - s0: put 47, m23 -> (t:1, i:47), STATEMACHINELOGENTRY, 281@client-1A94217DD459
2023-02-01 15:05:11,934 [s0@group-38A95899D58A-StateMachineUpdater] INFO  impl.SimpleStateMachine4Testing (SimpleStateMachine4Testing.java:put(205)) - s0: put 49, m24 -> (t:1, i:49), STATEMACHINELOGENTRY, 282@client-1A94217DD459
2023-02-01 15:05:11,936 [s0@group-38A95899D58A-StateMachineUpdater] INFO  impl.SimpleStateMachine4Testing (SimpleStateMachine4Testing.java:put(205)) - s0: put 51, m25 -> (t:1, i:51), STATEMACHINELOGENTRY, 283@client-1A94217DD459
2023-02-01 15:05:11,938 [s0@group-38A95899D58A-StateMachineUpdater] INFO  impl.SimpleStateMachine4Testing (SimpleStateMachine4Testing.java:put(205)) - s0: put 53, m26 -> (t:1, i:53), STATEMACHINELOGENTRY, 284@client-1A94217DD459
2023-02-01 15:05:11,941 [s0@group-38A95899D58A-StateMachineUpdater] INFO  impl.SimpleStateMachine4Testing (SimpleStateMachine4Testing.java:put(205)) - s0: put 55, m27 -> (t:1, i:55), STATEMACHINELOGENTRY, 285@client-1A94217DD459
2023-02-01 15:05:11,943 [s0@group-38A95899D58A-StateMachineUpdater] INFO  impl.SimpleStateMachine4Testing (SimpleStateMachine4Testing.java:put(205)) - s0: put 57, m28 -> (t:1, i:57), STATEMACHINELOGENTRY, 286@client-1A94217DD459
2023-02-01 15:05:11,945 [s0@group-38A95899D58A-StateMachineUpdater] INFO  impl.SimpleStateMachine4Testing (SimpleStateMachine4Testing.java:put(205)) - s0: put 59, m29 -> (t:1, i:59), STATEMACHINELOGENTRY, 287@client-1A94217DD459
2023-02-01 15:05:11,948 [s0@group-38A95899D58A-StateMachineUpdater] INFO  impl.SimpleStateMachine4Testing (SimpleStateMachine4Testing.java:put(205)) - s0: put 61, m30 -> (t:1, i:61), STATEMACHINELOGENTRY, 288@client-1A94217DD459
2023-02-01 15:05:11,950 [s0@group-38A95899D58A-StateMachineUpdater] INFO  impl.SimpleStateMachine4Testing (SimpleStateMachine4Testing.java:put(205)) - s0: put 63, m31 -> (t:1, i:63), STATEMACHINELOGENTRY, 289@client-1A94217DD459
2023-02-01 15:05:11,950 [s0@group-38A95899D58A-StateMachineUpdater] TRACE util.FileUtils (LogUtils.java:runAndLog(49)) - Successfully ran Files.createDirectories /home/runner/work/ratis/ratis/ratis-test/target/test/data/4bffaa74/MiniRaftClusterWithGrpc11c295d1/s0/f113c75c-7674-443c-9f70-38a95899d58a/sm/snapshot
2023-02-01 15:05:11,950 [s0@group-38A95899D58A-StateMachineUpdater] TRACE util.FileUtils (LogUtils.java:runAndLog(49)) - Successfully ran Files.createDirectories /home/runner/work/ratis/ratis/ratis-test/target/test/data/4bffaa74/MiniRaftClusterWithGrpc11c295d1/s0/f113c75c-7674-443c-9f70-38a95899d58a/sm/snapshot
2023-02-01 15:05:11,950 [s0@group-38A95899D58A-StateMachineUpdater] TRACE util.FileUtils (LogUtils.java:runAndLog(49)) - Successfully ran Files.createDirectories /home/runner/work/ratis/ratis/ratis-test/target/test/data/4bffaa74/MiniRaftClusterWithGrpc11c295d1/s0/f113c75c-7674-443c-9f70-38a95899d58a/sm/snapshot/sub
2023-02-01 15:05:11,951 [s0@group-38A95899D58A-StateMachineUpdater] TRACE util.FileUtils (LogUtils.java:supplyAndLog(70)) - Successfully supplied Files.newOutputStream CREATE_NEW /home/runner/work/ratis/ratis/ratis-test/target/test/data/4bffaa74/MiniRaftClusterWithGrpc11c295d1/s0/f113c75c-7674-443c-9f70-38a95899d58a/sm/snapshot/1.bin: java.nio.channels.Channels$1@7ce4807c
2023-02-01 15:05:11,951 [s0@group-38A95899D58A-StateMachineUpdater] TRACE util.FileUtils (LogUtils.java:supplyAndLog(70)) - Successfully supplied Files.newOutputStream CREATE_NEW /home/runner/work/ratis/ratis/ratis-test/target/test/data/4bffaa74/MiniRaftClusterWithGrpc11c295d1/s0/f113c75c-7674-443c-9f70-38a95899d58a/sm/snapshot/sub/2.bin: java.nio.channels.Channels$1@78db1b38
2023-02-01 15:05:11,962 [s0@group-38A95899D58A-StateMachineUpdater] INFO  impl.StateMachineUpdater (StateMachineUpdater.java:takeSnapshot(290)) - s0@group-38A95899D58A-StateMachineUpdater: Took a snapshot at index 63
2023-02-01 15:05:11,962 [s0@group-38A95899D58A-StateMachineUpdater] INFO  impl.StateMachineUpdater (StateMachineUpdater.java:lambda$new$0(96)) - s0@group-38A95899D58A-StateMachineUpdater: snapshotIndex: updateIncreasingly -1 -> 63
2023-02-01 15:05:11,962 [s0@group-38A95899D58A-StateMachineUpdater] INFO  raftlog.RaftLog (RaftLogBase.java:purge(314)) - s0@group-38A95899D58A-SegmentedRaftLog: purge 63
2023-02-01 15:05:11,962 [s0@group-38A95899D58A-StateMachineUpdater] INFO  raftlog.RaftLog (RaftLogBase.java:lambda$new$0(53)) - s0@group-38A95899D58A-SegmentedRaftLog: snapshotIndex: updateIncreasingly -1 -> 63
2023-02-01 15:05:11,962 [s0@group-38A95899D58A-StateMachineUpdater] INFO  raftlog.RaftLog (RaftLogBase.java:lambda$new$0(53)) - s0@group-38A95899D58A-SegmentedRaftLog: purgeIndex: updateToMax old=-1, new=63, updated? true
2023-02-01 15:05:11,962 [s0@group-38A95899D58A-StateMachineUpdater] INFO  impl.SimpleStateMachine4Testing (SimpleStateMachine4Testing.java:put(205)) - s0: put 65, m32 -> (t:1, i:65), STATEMACHINELOGENTRY, 290@client-1A94217DD459
2023-02-01 15:05:11,965 [s0@group-38A95899D58A-StateMachineUpdater] INFO  impl.SimpleStateMachine4Testing (SimpleStateMachine4Testing.java:put(205)) - s0: put 67, m33 -> (t:1, i:67), STATEMACHINELOGENTRY, 291@client-1A94217DD459
2023-02-01 15:05:11,967 [s0@group-38A95899D58A-StateMachineUpdater] INFO  impl.SimpleStateMachine4Testing (SimpleStateMachine4Testing.java:put(205)) - s0: put 69, m34 -> (t:1, i:69), STATEMACHINELOGENTRY, 292@client-1A94217DD459
2023-02-01 15:05:11,976 [s0@group-38A95899D58A-StateMachineUpdater] INFO  impl.SimpleStateMachine4Testing (SimpleStateMachine4Testing.java:put(205)) - s0: put 71, m35 -> (t:1, i:71), STATEMACHINELOGENTRY, 293@client-1A94217DD459
2023-02-01 15:05:11,979 [s0@group-38A95899D58A-StateMachineUpdater] INFO  impl.SimpleStateMachine4Testing (SimpleStateMachine4Testing.java:put(205)) - s0: put 73, m36 -> (t:1, i:73), STATEMACHINELOGENTRY, 294@client-1A94217DD459
2023-02-01 15:05:11,981 [s0@group-38A95899D58A-StateMachineUpdater] INFO  impl.SimpleStateMachine4Testing (SimpleStateMachine4Testing.java:put(205)) - s0: put 75, m37 -> (t:1, i:75), STATEMACHINELOGENTRY, 295@client-1A94217DD459
2023-02-01 15:05:11,983 [s0@group-38A95899D58A-StateMachineUpdater] INFO  impl.SimpleStateMachine4Testing (SimpleStateMachine4Testing.java:put(205)) - s0: put 77, m38 -> (t:1, i:77), STATEMACHINELOGENTRY, 296@client-1A94217DD459
2023-02-01 15:05:11,986 [s0@group-38A95899D58A-StateMachineUpdater] INFO  impl.SimpleStateMachine4Testing (SimpleStateMachine4Testing.java:put(205)) - s0: put 79, m39 -> (t:1, i:79), STATEMACHINELOGENTRY, 297@client-1A94217DD459
2023-02-01 15:05:11,988 [s0@group-38A95899D58A-StateMachineUpdater] INFO  impl.SimpleStateMachine4Testing (SimpleStateMachine4Testing.java:put(205)) - s0: put 81, m40 -> (t:1, i:81), STATEMACHINELOGENTRY, 298@client-1A94217DD459
2023-02-01 15:05:11,990 [s0@group-38A95899D58A-StateMachineUpdater] INFO  impl.SimpleStateMachine4Testing (SimpleStateMachine4Testing.java:put(205)) - s0: put 83, m41 -> (t:1, i:83), STATEMACHINELOGENTRY, 299@client-1A94217DD459
2023-02-01 15:05:11,993 [s0@group-38A95899D58A-StateMachineUpdater] INFO  impl.SimpleStateMachine4Testing (SimpleStateMachine4Testing.java:put(205)) - s0: put 85, m42 -> (t:1, i:85), STATEMACHINELOGENTRY, 300@client-1A94217DD459
2023-02-01 15:05:11,995 [s0@group-38A95899D58A-StateMachineUpdater] INFO  impl.SimpleStateMachine4Testing (SimpleStateMachine4Testing.java:put(205)) - s0: put 87, m43 -> (t:1, i:87), STATEMACHINELOGENTRY, 301@client-1A94217DD459
2023-02-01 15:05:11,997 [s0@group-38A95899D58A-StateMachineUpdater] INFO  impl.SimpleStateMachine4Testing (SimpleStateMachine4Testing.java:put(205)) - s0: put 89, m44 -> (t:1, i:89), STATEMACHINELOGENTRY, 302@client-1A94217DD459
2023-02-01 15:05:12,000 [s0@group-38A95899D58A-StateMachineUpdater] INFO  impl.SimpleStateMachine4Testing (SimpleStateMachine4Testing.java:put(205)) - s0: put 91, m45 -> (t:1, i:91), STATEMACHINELOGENTRY, 303@client-1A94217DD459
2023-02-01 15:05:12,002 [s0@group-38A95899D58A-StateMachineUpdater] INFO  impl.SimpleStateMachine4Testing (SimpleStateMachine4Testing.java:put(205)) - s0: put 93, m46 -> (t:1, i:93), STATEMACHINELOGENTRY, 304@client-1A94217DD459
2023-02-01 15:05:12,005 [s0@group-38A95899D58A-StateMachineUpdater] INFO  impl.SimpleStateMachine4Testing (SimpleStateMachine4Testing.java:put(205)) - s0: put 95, m47 -> (t:1, i:95), STATEMACHINELOGENTRY, 305@client-1A94217DD459
2023-02-01 15:05:12,007 [s0@group-38A95899D58A-StateMachineUpdater] INFO  impl.SimpleStateMachine4Testing (SimpleStateMachine4Testing.java:put(205)) - s0: put 97, m48 -> (t:1, i:97), STATEMACHINELOGENTRY, 306@client-1A94217DD459
2023-02-01 15:05:12,009 [s0@group-38A95899D58A-StateMachineUpdater] INFO  impl.SimpleStateMachine4Testing (SimpleStateMachine4Testing.java:put(205)) - s0: put 99, m49 -> (t:1, i:99), STATEMACHINELOGENTRY, 307@client-1A94217DD459
2023-02-01 15:05:12,012 [s0@group-38A95899D58A-StateMachineUpdater] INFO  impl.SimpleStateMachine4Testing (SimpleStateMachine4Testing.java:put(205)) - s0: put 101, m50 -> (t:1, i:101), STATEMACHINELOGENTRY, 308@client-1A94217DD459
2023-02-01 15:05:12,014 [s0@group-38A95899D58A-StateMachineUpdater] INFO  impl.SimpleStateMachine4Testing (SimpleStateMachine4Testing.java:put(205)) - s0: put 103, m51 -> (t:1, i:103), STATEMACHINELOGENTRY, 309@client-1A94217DD459
2023-02-01 15:05:12,016 [s0@group-38A95899D58A-StateMachineUpdater] INFO  impl.SimpleStateMachine4Testing (SimpleStateMachine4Testing.java:put(205)) - s0: put 105, m52 -> (t:1, i:105), STATEMACHINELOGENTRY, 310@client-1A94217DD459
2023-02-01 15:05:12,019 [s0@group-38A95899D58A-StateMachineUpdater] INFO  impl.SimpleStateMachine4Testing (SimpleStateMachine4Testing.java:put(205)) - s0: put 107, m53 -> (t:1, i:107), STATEMACHINELOGENTRY, 311@client-1A94217DD459
2023-02-01 15:05:12,022 [s0@group-38A95899D58A-StateMachineUpdater] INFO  impl.SimpleStateMachine4Testing (SimpleStateMachine4Testing.java:put(205)) - s0: put 109, m54 -> (t:1, i:109), STATEMACHINELOGENTRY, 312@client-1A94217DD459
2023-02-01 15:05:12,024 [s0@group-38A95899D58A-StateMachineUpdater] INFO  impl.SimpleStateMachine4Testing (SimpleStateMachine4Testing.java:put(205)) - s0: put 111, m55 -> (t:1, i:111), STATEMACHINELOGENTRY, 313@client-1A94217DD459
2023-02-01 15:05:12,026 [s0@group-38A95899D58A-StateMachineUpdater] INFO  impl.SimpleStateMachine4Testing (SimpleStateMachine4Testing.java:put(205)) - s0: put 113, m56 -> (t:1, i:113), STATEMACHINELOGENTRY, 314@client-1A94217DD459
2023-02-01 15:05:12,029 [s0@group-38A95899D58A-StateMachineUpdater] INFO  impl.SimpleStateMachine4Testing (SimpleStateMachine4Testing.java:put(205)) - s0: put 115, m57 -> (t:1, i:115), STATEMACHINELOGENTRY, 315@client-1A94217DD459
2023-02-01 15:05:12,031 [s0@group-38A95899D58A-StateMachineUpdater] INFO  impl.SimpleStateMachine4Testing (SimpleStateMachine4Testing.java:put(205)) - s0: put 117, m58 -> (t:1, i:117), STATEMACHINELOGENTRY, 316@client-1A94217DD459
2023-02-01 15:05:12,033 [s0@group-38A95899D58A-StateMachineUpdater] INFO  impl.SimpleStateMachine4Testing (SimpleStateMachine4Testing.java:put(205)) - s0: put 119, m59 -> (t:1, i:119), STATEMACHINELOGENTRY, 317@client-1A94217DD459
2023-02-01 15:05:12,035 [s0@group-38A95899D58A-StateMachineUpdater] INFO  impl.SimpleStateMachine4Testing (SimpleStateMachine4Testing.java:put(205)) - s0: put 121, m60 -> (t:1, i:121), STATEMACHINELOGENTRY, 318@client-1A94217DD459
2023-02-01 15:05:12,038 [s0@group-38A95899D58A-StateMachineUpdater] INFO  impl.SimpleStateMachine4Testing (SimpleStateMachine4Testing.java:put(205)) - s0: put 123, m61 -> (t:1, i:123), STATEMACHINELOGENTRY, 319@client-1A94217DD459
2023-02-01 15:05:12,040 [s0@group-38A95899D58A-StateMachineUpdater] INFO  impl.SimpleStateMachine4Testing (SimpleStateMachine4Testing.java:put(205)) - s0: put 125, m62 -> (t:1, i:125), STATEMACHINELOGENTRY, 320@client-1A94217DD459
2023-02-01 15:05:12,043 [s0@group-38A95899D58A-StateMachineUpdater] INFO  impl.SimpleStateMachine4Testing (SimpleStateMachine4Testing.java:put(205)) - s0: put 127, m63 -> (t:1, i:127), STATEMACHINELOGENTRY, 321@client-1A94217DD459
2023-02-01 15:05:12,052 [s0@group-38A95899D58A-StateMachineUpdater] INFO  impl.StateMachineUpdater (StateMachineUpdater.java:takeSnapshot(290)) - s0@group-38A95899D58A-StateMachineUpdater: Took a snapshot at index 127
2023-02-01 15:05:12,053 [s0@group-38A95899D58A-StateMachineUpdater] INFO  impl.StateMachineUpdater (StateMachineUpdater.java:lambda$new$0(96)) - s0@group-38A95899D58A-StateMachineUpdater: snapshotIndex: updateIncreasingly 63 -> 127
2023-02-01 15:05:12,053 [s0@group-38A95899D58A-StateMachineUpdater] INFO  raftlog.RaftLog (RaftLogBase.java:purge(314)) - s0@group-38A95899D58A-SegmentedRaftLog: purge 127
2023-02-01 15:05:12,053 [s0@group-38A95899D58A-StateMachineUpdater] INFO  raftlog.RaftLog (RaftLogBase.java:lambda$new$0(53)) - s0@group-38A95899D58A-SegmentedRaftLog: snapshotIndex: updateIncreasingly 63 -> 127
2023-02-01 15:05:12,053 [s0@group-38A95899D58A-StateMachineUpdater] INFO  raftlog.RaftLog (RaftLogBase.java:lambda$new$0(53)) - s0@group-38A95899D58A-SegmentedRaftLog: purgeIndex: updateToMax old=63, new=127, updated? true
2023-02-01 15:05:12,053 [s0@group-38A95899D58A-StateMachineUpdater] INFO  impl.SimpleStateMachine4Testing (SimpleStateMachine4Testing.java:put(205)) - s0: put 129, m64 -> (t:1, i:129), STATEMACHINELOGENTRY, 322@client-1A94217DD459
2023-02-01 15:05:12,055 [s0@group-38A95899D58A-StateMachineUpdater] INFO  impl.SimpleStateMachine4Testing (SimpleStateMachine4Testing.java:put(205)) - s0: put 131, m65 -> (t:1, i:131), STATEMACHINELOGENTRY, 323@client-1A94217DD459
2023-02-01 15:05:12,057 [s0@group-38A95899D58A-StateMachineUpdater] INFO  impl.SimpleStateMachine4Testing (SimpleStateMachine4Testing.java:put(205)) - s0: put 133, m66 -> (t:1, i:133), STATEMACHINELOGENTRY, 324@client-1A94217DD459
2023-02-01 15:05:12,064 [s0@group-38A95899D58A-StateMachineUpdater] INFO  impl.SimpleStateMachine4Testing (SimpleStateMachine4Testing.java:put(205)) - s0: put 135, m67 -> (t:1, i:135), STATEMACHINELOGENTRY, 325@client-1A94217DD459
2023-02-01 15:05:12,070 [s0@group-38A95899D58A-StateMachineUpdater] INFO  impl.SimpleStateMachine4Testing (SimpleStateMachine4Testing.java:put(205)) - s0: put 137, m68 -> (t:1, i:137), STATEMACHINELOGENTRY, 326@client-1A94217DD459
2023-02-01 15:05:12,072 [s0@group-38A95899D58A-StateMachineUpdater] INFO  impl.SimpleStateMachine4Testing (SimpleStateMachine4Testing.java:put(205)) - s0: put 139, m69 -> (t:1, i:139), STATEMACHINELOGENTRY, 327@client-1A94217DD459
2023-02-01 15:05:12,075 [s0@group-38A95899D58A-StateMachineUpdater] INFO  impl.SimpleStateMachine4Testing (SimpleStateMachine4Testing.java:put(205)) - s0: put 141, m70 -> (t:1, i:141), STATEMACHINELOGENTRY, 328@client-1A94217DD459
2023-02-01 15:05:12,076 [s0@group-38A95899D58A-StateMachineUpdater] INFO  impl.SimpleStateMachine4Testing (SimpleStateMachine4Testing.java:put(205)) - s0: put 143, m71 -> (t:1, i:143), STATEMACHINELOGENTRY, 329@client-1A94217DD459
2023-02-01 15:05:12,079 [s0@group-38A95899D58A-StateMachineUpdater] INFO  impl.SimpleStateMachine4Testing (SimpleStateMachine4Testing.java:put(205)) - s0: put 145, m72 -> (t:1, i:145), STATEMACHINELOGENTRY, 330@client-1A94217DD459
2023-02-01 15:05:12,084 [s0@group-38A95899D58A-StateMachineUpdater] INFO  impl.SimpleStateMachine4Testing (SimpleStateMachine4Testing.java:put(205)) - s0: put 147, m73 -> (t:1, i:147), STATEMACHINELOGENTRY, 331@client-1A94217DD459
2023-02-01 15:05:12,086 [s0@group-38A95899D58A-StateMachineUpdater] INFO  impl.SimpleStateMachine4Testing (SimpleStateMachine4Testing.java:put(205)) - s0: put 149, m74 -> (t:1, i:149), STATEMACHINELOGENTRY, 332@client-1A94217DD459
2023-02-01 15:05:12,088 [s0@group-38A95899D58A-StateMachineUpdater] INFO  impl.SimpleStateMachine4Testing (SimpleStateMachine4Testing.java:put(205)) - s0: put 151, m75 -> (t:1, i:151), STATEMACHINELOGENTRY, 333@client-1A94217DD459
2023-02-01 15:05:12,090 [s0@group-38A95899D58A-StateMachineUpdater] INFO  impl.SimpleStateMachine4Testing (SimpleStateMachine4Testing.java:put(205)) - s0: put 153, m76 -> (t:1, i:153), STATEMACHINELOGENTRY, 334@client-1A94217DD459
2023-02-01 15:05:12,092 [s0@group-38A95899D58A-StateMachineUpdater] INFO  impl.SimpleStateMachine4Testing (SimpleStateMachine4Testing.java:put(205)) - s0: put 155, m77 -> (t:1, i:155), STATEMACHINELOGENTRY, 335@client-1A94217DD459
2023-02-01 15:05:12,094 [s0@group-38A95899D58A-StateMachineUpdater] INFO  impl.SimpleStateMachine4Testing (SimpleStateMachine4Testing.java:put(205)) - s0: put 157, m78 -> (t:1, i:157), STATEMACHINELOGENTRY, 336@client-1A94217DD459
2023-02-01 15:05:12,096 [s0@group-38A95899D58A-StateMachineUpdater] INFO  impl.SimpleStateMachine4Testing (SimpleStateMachine4Testing.java:put(205)) - s0: put 159, m79 -> (t:1, i:159), STATEMACHINELOGENTRY, 337@client-1A94217DD459
2023-02-01 15:05:12,097 [s0@group-38A95899D58A-StateMachineUpdater] INFO  impl.SimpleStateMachine4Testing (SimpleStateMachine4Testing.java:put(205)) - s0: put 161, m80 -> (t:1, i:161), STATEMACHINELOGENTRY, 338@client-1A94217DD459
2023-02-01 15:05:12,103 [s0@group-38A95899D58A-StateMachineUpdater] INFO  impl.SimpleStateMachine4Testing (SimpleStateMachine4Testing.java:put(205)) - s0: put 163, m81 -> (t:1, i:163), STATEMACHINELOGENTRY, 339@client-1A94217DD459
2023-02-01 15:05:12,105 [s0@group-38A95899D58A-StateMachineUpdater] INFO  impl.SimpleStateMachine4Testing (SimpleStateMachine4Testing.java:put(205)) - s0: put 165, m82 -> (t:1, i:165), STATEMACHINELOGENTRY, 340@client-1A94217DD459
2023-02-01 15:05:12,107 [s0@group-38A95899D58A-StateMachineUpdater] INFO  impl.SimpleStateMachine4Testing (SimpleStateMachine4Testing.java:put(205)) - s0: put 167, m83 -> (t:1, i:167), STATEMACHINELOGENTRY, 341@client-1A94217DD459
2023-02-01 15:05:12,109 [s0@group-38A95899D58A-StateMachineUpdater] INFO  impl.SimpleStateMachine4Testing (SimpleStateMachine4Testing.java:put(205)) - s0: put 169, m84 -> (t:1, i:169), STATEMACHINELOGENTRY, 342@client-1A94217DD459
2023-02-01 15:05:12,111 [s0@group-38A95899D58A-StateMachineUpdater] INFO  impl.SimpleStateMachine4Testing (SimpleStateMachine4Testing.java:put(205)) - s0: put 171, m85 -> (t:1, i:171), STATEMACHINELOGENTRY, 343@client-1A94217DD459
2023-02-01 15:05:12,113 [s0@group-38A95899D58A-StateMachineUpdater] INFO  impl.SimpleStateMachine4Testing (SimpleStateMachine4Testing.java:put(205)) - s0: put 173, m86 -> (t:1, i:173), STATEMACHINELOGENTRY, 344@client-1A94217DD459
2023-02-01 15:05:12,115 [s0@group-38A95899D58A-StateMachineUpdater] INFO  impl.SimpleStateMachine4Testing (SimpleStateMachine4Testing.java:put(205)) - s0: put 175, m87 -> (t:1, i:175), STATEMACHINELOGENTRY, 345@client-1A94217DD459
2023-02-01 15:05:12,117 [s0@group-38A95899D58A-StateMachineUpdater] INFO  impl.SimpleStateMachine4Testing (SimpleStateMachine4Testing.java:put(205)) - s0: put 177, m88 -> (t:1, i:177), STATEMACHINELOGENTRY, 346@client-1A94217DD459
2023-02-01 15:05:12,119 [s0@group-38A95899D58A-StateMachineUpdater] INFO  impl.SimpleStateMachine4Testing (SimpleStateMachine4Testing.java:put(205)) - s0: put 179, m89 -> (t:1, i:179), STATEMACHINELOGENTRY, 347@client-1A94217DD459
2023-02-01 15:05:12,120 [s0@group-38A95899D58A-StateMachineUpdater] INFO  impl.SimpleStateMachine4Testing (SimpleStateMachine4Testing.java:put(205)) - s0: put 181, m90 -> (t:1, i:181), STATEMACHINELOGENTRY, 348@client-1A94217DD459
2023-02-01 15:05:12,122 [s0@group-38A95899D58A-StateMachineUpdater] INFO  impl.SimpleStateMachine4Testing (SimpleStateMachine4Testing.java:put(205)) - s0: put 183, m91 -> (t:1, i:183), STATEMACHINELOGENTRY, 349@client-1A94217DD459
2023-02-01 15:05:12,124 [s0@group-38A95899D58A-StateMachineUpdater] INFO  impl.SimpleStateMachine4Testing (SimpleStateMachine4Testing.java:put(205)) - s0: put 185, m92 -> (t:1, i:185), STATEMACHINELOGENTRY, 350@client-1A94217DD459
2023-02-01 15:05:12,126 [s0@group-38A95899D58A-StateMachineUpdater] INFO  impl.SimpleStateMachine4Testing (SimpleStateMachine4Testing.java:put(205)) - s0: put 187, m93 -> (t:1, i:187), STATEMACHINELOGENTRY, 351@client-1A94217DD459
2023-02-01 15:05:12,128 [s0@group-38A95899D58A-StateMachineUpdater] INFO  impl.SimpleStateMachine4Testing (SimpleStateMachine4Testing.java:put(205)) - s0: put 189, m94 -> (t:1, i:189), STATEMACHINELOGENTRY, 352@client-1A94217DD459
2023-02-01 15:05:12,131 [s0@group-38A95899D58A-StateMachineUpdater] INFO  impl.SimpleStateMachine4Testing (SimpleStateMachine4Testing.java:put(205)) - s0: put 191, m95 -> (t:1, i:191), STATEMACHINELOGENTRY, 353@client-1A94217DD459
2023-02-01 15:05:12,140 [s0@group-38A95899D58A-StateMachineUpdater] INFO  impl.StateMachineUpdater (StateMachineUpdater.java:takeSnapshot(290)) - s0@group-38A95899D58A-StateMachineUpdater: Took a snapshot at index 191
2023-02-01 15:05:12,140 [s0@group-38A95899D58A-StateMachineUpdater] INFO  impl.StateMachineUpdater (StateMachineUpdater.java:lambda$new$0(96)) - s0@group-38A95899D58A-StateMachineUpdater: snapshotIndex: updateIncreasingly 127 -> 191
2023-02-01 15:05:12,141 [s0@group-38A95899D58A-StateMachineUpdater] INFO  raftlog.RaftLog (RaftLogBase.java:purge(314)) - s0@group-38A95899D58A-SegmentedRaftLog: purge 191
2023-02-01 15:05:12,141 [s0@group-38A95899D58A-StateMachineUpdater] INFO  raftlog.RaftLog (RaftLogBase.java:lambda$new$0(53)) - s0@group-38A95899D58A-SegmentedRaftLog: snapshotIndex: updateIncreasingly 127 -> 191
2023-02-01 15:05:12,141 [s0@group-38A95899D58A-StateMachineUpdater] INFO  raftlog.RaftLog (RaftLogBase.java:lambda$new$0(53)) - s0@group-38A95899D58A-SegmentedRaftLog: purgeIndex: updateToMax old=127, new=191, updated? true
2023-02-01 15:05:12,141 [s0@group-38A95899D58A-StateMachineUpdater] INFO  impl.SimpleStateMachine4Testing (SimpleStateMachine4Testing.java:put(205)) - s0: put 193, m96 -> (t:1, i:193), STATEMACHINELOGENTRY, 354@client-1A94217DD459
2023-02-01 15:05:12,146 [s0@group-38A95899D58A-StateMachineUpdater] INFO  impl.SimpleStateMachine4Testing (SimpleStateMachine4Testing.java:put(205)) - s0: put 195, m97 -> (t:1, i:195), STATEMACHINELOGENTRY, 355@client-1A94217DD459
2023-02-01 15:05:12,149 [s0@group-38A95899D58A-StateMachineUpdater] INFO  impl.SimpleStateMachine4Testing (SimpleStateMachine4Testing.java:put(205)) - s0: put 197, m98 -> (t:1, i:197), STATEMACHINELOGENTRY, 356@client-1A94217DD459
2023-02-01 15:05:12,151 [s0@group-38A95899D58A-StateMachineUpdater] INFO  impl.SimpleStateMachine4Testing (SimpleStateMachine4Testing.java:put(205)) - s0: put 199, m99 -> (t:1, i:199), STATEMACHINELOGENTRY, 357@client-1A94217DD459
2023-02-01 15:05:12,153 [s0@group-38A95899D58A-StateMachineUpdater] INFO  impl.SimpleStateMachine4Testing (SimpleStateMachine4Testing.java:put(205)) - s0: put 201, m100 -> (t:1, i:201), STATEMACHINELOGENTRY, 358@client-1A94217DD459
2023-02-01 15:05:12,156 [s0@group-38A95899D58A-StateMachineUpdater] INFO  impl.SimpleStateMachine4Testing (SimpleStateMachine4Testing.java:put(205)) - s0: put 203, m101 -> (t:1, i:203), STATEMACHINELOGENTRY, 359@client-1A94217DD459
2023-02-01 15:05:12,158 [s0@group-38A95899D58A-StateMachineUpdater] INFO  impl.SimpleStateMachine4Testing (SimpleStateMachine4Testing.java:put(205)) - s0: put 205, m102 -> (t:1, i:205), STATEMACHINELOGENTRY, 360@client-1A94217DD459
2023-02-01 15:05:12,160 [s0@group-38A95899D58A-StateMachineUpdater] INFO  impl.SimpleStateMachine4Testing (SimpleStateMachine4Testing.java:put(205)) - s0: put 207, m103 -> (t:1, i:207), STATEMACHINELOGENTRY, 361@client-1A94217DD459
2023-02-01 15:05:12,162 [s0@group-38A95899D58A-StateMachineUpdater] INFO  impl.SimpleStateMachine4Testing (SimpleStateMachine4Testing.java:put(205)) - s0: put 209, m104 -> (t:1, i:209), STATEMACHINELOGENTRY, 362@client-1A94217DD459
2023-02-01 15:05:12,164 [s0@group-38A95899D58A-StateMachineUpdater] INFO  impl.SimpleStateMachine4Testing (SimpleStateMachine4Testing.java:put(205)) - s0: put 211, m105 -> (t:1, i:211), STATEMACHINELOGENTRY, 363@client-1A94217DD459
2023-02-01 15:05:12,166 [s0@group-38A95899D58A-StateMachineUpdater] INFO  impl.SimpleStateMachine4Testing (SimpleStateMachine4Testing.java:put(205)) - s0: put 213, m106 -> (t:1, i:213), STATEMACHINELOGENTRY, 364@client-1A94217DD459
2023-02-01 15:05:12,168 [s0@group-38A95899D58A-StateMachineUpdater] INFO  impl.SimpleStateMachine4Testing (SimpleStateMachine4Testing.java:put(205)) - s0: put 215, m107 -> (t:1, i:215), STATEMACHINELOGENTRY, 365@client-1A94217DD459
2023-02-01 15:05:12,170 [s0@group-38A95899D58A-StateMachineUpdater] INFO  impl.SimpleStateMachine4Testing (SimpleStateMachine4Testing.java:put(205)) - s0: put 217, m108 -> (t:1, i:217), STATEMACHINELOGENTRY, 366@client-1A94217DD459
2023-02-01 15:05:12,172 [s0@group-38A95899D58A-StateMachineUpdater] INFO  impl.SimpleStateMachine4Testing (SimpleStateMachine4Testing.java:put(205)) - s0: put 219, m109 -> (t:1, i:219), STATEMACHINELOGENTRY, 367@client-1A94217DD459
2023-02-01 15:05:12,173 [s0@group-38A95899D58A-StateMachineUpdater] INFO  impl.SimpleStateMachine4Testing (SimpleStateMachine4Testing.java:put(205)) - s0: put 221, m110 -> (t:1, i:221), STATEMACHINELOGENTRY, 368@client-1A94217DD459
2023-02-01 15:05:12,175 [s0@group-38A95899D58A-StateMachineUpdater] INFO  impl.SimpleStateMachine4Testing (SimpleStateMachine4Testing.java:put(205)) - s0: put 223, m111 -> (t:1, i:223), STATEMACHINELOGENTRY, 369@client-1A94217DD459
2023-02-01 15:05:12,177 [s0@group-38A95899D58A-StateMachineUpdater] INFO  impl.SimpleStateMachine4Testing (SimpleStateMachine4Testing.java:put(205)) - s0: put 225, m112 -> (t:1, i:225), STATEMACHINELOGENTRY, 370@client-1A94217DD459
2023-02-01 15:05:12,179 [s0@group-38A95899D58A-StateMachineUpdater] INFO  impl.SimpleStateMachine4Testing (SimpleStateMachine4Testing.java:put(205)) - s0: put 227, m113 -> (t:1, i:227), STATEMACHINELOGENTRY, 371@client-1A94217DD459
2023-02-01 15:05:12,181 [s0@group-38A95899D58A-StateMachineUpdater] INFO  impl.SimpleStateMachine4Testing (SimpleStateMachine4Testing.java:put(205)) - s0: put 229, m114 -> (t:1, i:229), STATEMACHINELOGENTRY, 372@client-1A94217DD459
2023-02-01 15:05:12,183 [s0@group-38A95899D58A-StateMachineUpdater] INFO  impl.SimpleStateMachine4Testing (SimpleStateMachine4Testing.java:put(205)) - s0: put 231, m115 -> (t:1, i:231), STATEMACHINELOGENTRY, 373@client-1A94217DD459
2023-02-01 15:05:12,185 [s0@group-38A95899D58A-StateMachineUpdater] INFO  impl.SimpleStateMachine4Testing (SimpleStateMachine4Testing.java:put(205)) - s0: put 233, m116 -> (t:1, i:233), STATEMACHINELOGENTRY, 374@client-1A94217DD459
2023-02-01 15:05:12,187 [s0@group-38A95899D58A-StateMachineUpdater] INFO  impl.SimpleStateMachine4Testing (SimpleStateMachine4Testing.java:put(205)) - s0: put 235, m117 -> (t:1, i:235), STATEMACHINELOGENTRY, 375@client-1A94217DD459
2023-02-01 15:05:12,188 [s0@group-38A95899D58A-StateMachineUpdater] INFO  impl.SimpleStateMachine4Testing (SimpleStateMachine4Testing.java:put(205)) - s0: put 237, m118 -> (t:1, i:237), STATEMACHINELOGENTRY, 376@client-1A94217DD459
2023-02-01 15:05:12,190 [s0@group-38A95899D58A-StateMachineUpdater] INFO  impl.SimpleStateMachine4Testing (SimpleStateMachine4Testing.java:put(205)) - s0: put 239, m119 -> (t:1, i:239), STATEMACHINELOGENTRY, 377@client-1A94217DD459
2023-02-01 15:05:12,192 [s0@group-38A95899D58A-StateMachineUpdater] INFO  impl.SimpleStateMachine4Testing (SimpleStateMachine4Testing.java:put(205)) - s0: put 241, m120 -> (t:1, i:241), STATEMACHINELOGENTRY, 378@client-1A94217DD459
2023-02-01 15:05:12,194 [s0@group-38A95899D58A-StateMachineUpdater] INFO  impl.SimpleStateMachine4Testing (SimpleStateMachine4Testing.java:put(205)) - s0: put 243, m121 -> (t:1, i:243), STATEMACHINELOGENTRY, 379@client-1A94217DD459
2023-02-01 15:05:12,203 [s0@group-38A95899D58A-StateMachineUpdater] INFO  impl.SimpleStateMachine4Testing (SimpleStateMachine4Testing.java:put(205)) - s0: put 245, m122 -> (t:1, i:245), STATEMACHINELOGENTRY, 380@client-1A94217DD459
2023-02-01 15:05:12,208 [s0@group-38A95899D58A-StateMachineUpdater] INFO  impl.SimpleStateMachine4Testing (SimpleStateMachine4Testing.java:put(205)) - s0: put 247, m123 -> (t:1, i:247), STATEMACHINELOGENTRY, 381@client-1A94217DD459
2023-02-01 15:05:12,215 [s0@group-38A95899D58A-StateMachineUpdater] INFO  impl.SimpleStateMachine4Testing (SimpleStateMachine4Testing.java:put(205)) - s0: put 249, m124 -> (t:1, i:249), STATEMACHINELOGENTRY, 382@client-1A94217DD459
2023-02-01 15:05:12,217 [s0@group-38A95899D58A-StateMachineUpdater] INFO  impl.SimpleStateMachine4Testing (SimpleStateMachine4Testing.java:put(205)) - s0: put 251, m125 -> (t:1, i:251), STATEMACHINELOGENTRY, 383@client-1A94217DD459
2023-02-01 15:05:12,219 [s0@group-38A95899D58A-StateMachineUpdater] INFO  impl.SimpleStateMachine4Testing (SimpleStateMachine4Testing.java:put(205)) - s0: put 253, m126 -> (t:1, i:253), STATEMACHINELOGENTRY, 384@client-1A94217DD459
2023-02-01 15:05:12,225 [s0-server-thread1] INFO  server.RaftServer$Division (RaftServerImpl.java:takeSnapshotAsync(1124)) - s0@group-38A95899D58A: takeSnapshotAsync SnapshotManagementRequest:client-1A94217DD459->s0@group-38A95899D58A, cid=385, seq=0, RO, null, Create:
2023-02-01 15:05:12,229 [s0-server-thread1] INFO  server.RaftServerConfigKeys (ConfUtils.java:logGet(46)) - raft.server.snapshot.creation.gap = 1024 (default)
2023-02-01 15:05:12,235 [Time-limited test] INFO  impl.MiniRaftCluster (MiniRaftCluster.java:addNewPeers(464)) - Add new peers [s1, s2]
2023-02-01 15:05:12,235 [Time-limited test] INFO  impl.MiniRaftCluster (MiniRaftCluster.java:newRaftServer(382)) - newRaftServer: s1, group-38A95899D58A:[], format? true
2023-02-01 15:05:12,235 [Time-limited test] TRACE util.FileUtils (FileUtils.java:deleteFully(201)) - deleteFully target/test/data/4bffaa74/MiniRaftClusterWithGrpc11c295d1/s1
2023-02-01 15:05:12,235 [Time-limited test] TRACE util.FileUtils (FileUtils.java:deleteFully(217)) - deleteFully: target/test/data/4bffaa74/MiniRaftClusterWithGrpc11c295d1/s1 does not exist.
2023-02-01 15:05:12,235 [Time-limited test] INFO  impl.MiniRaftCluster (MiniRaftCluster.java:newRaftServer(387)) - Formatted directory target/test/data/4bffaa74/MiniRaftClusterWithGrpc11c295d1/s1
2023-02-01 15:05:12,235 [Time-limited test] INFO  server.RaftServer (ConfUtils.java:logGet(46)) - raft.rpc.type = GRPC (default)
2023-02-01 15:05:12,235 [Time-limited test] INFO  grpc.GrpcConfigKeys (ConfUtils.java:logFallback(53)) - raft.grpc.admin.host = null (fallback to raft.grpc.server.host)
2023-02-01 15:05:12,235 [Time-limited test] INFO  grpc.GrpcConfigKeys (ConfUtils.java:logFallback(53)) - raft.grpc.admin.port = 35473 (fallback to raft.grpc.server.port)
2023-02-01 15:05:12,235 [Time-limited test] INFO  grpc.GrpcConfigKeys (ConfUtils.java:logFallback(53)) - raft.grpc.client.host = null (fallback to raft.grpc.server.host)
2023-02-01 15:05:12,235 [Time-limited test] INFO  grpc.GrpcConfigKeys (ConfUtils.java:logFallback(53)) - raft.grpc.client.port = 35473 (fallback to raft.grpc.server.port)
2023-02-01 15:05:12,235 [Time-limited test] INFO  grpc.GrpcConfigKeys (ConfUtils.java:logGet(46)) - raft.grpc.server.host = null (default)
2023-02-01 15:05:12,235 [Time-limited test] INFO  grpc.GrpcConfigKeys (ConfUtils.java:logGet(46)) - raft.grpc.server.port = 35473 (custom)
2023-02-01 15:05:12,236 [Time-limited test] INFO  server.GrpcService (ConfUtils.java:logGet(46)) - raft.grpc.message.size.max = 64MB (=67108864) (default)
2023-02-01 15:05:12,236 [Time-limited test] INFO  server.RaftServerConfigKeys (ConfUtils.java:logGet(46)) - raft.server.log.appender.buffer.byte-limit = 4MB (=4194304) (default)
2023-02-01 15:05:12,236 [Time-limited test] INFO  server.GrpcService (ConfUtils.java:logGet(46)) - raft.grpc.flow.control.window = 1MB (=1048576) (default)
2023-02-01 15:05:12,236 [Time-limited test] INFO  server.RaftServerConfigKeys (ConfUtils.java:logGet(46)) - raft.server.rpc.request.timeout = 3000ms (default)
2023-02-01 15:05:12,236 [Time-limited test] INFO  grpc.GrpcConfigKeys (ConfUtils.java:logGet(46)) - raft.grpc.server.heartbeat.channel = true (default)
2023-02-01 15:05:12,236 [Time-limited test] INFO  grpc.GrpcConfigKeys (ConfUtils.java:logGet(46)) - raft.grpc.server.async.request.thread.pool.cached = true (default)
2023-02-01 15:05:12,236 [Time-limited test] INFO  grpc.GrpcConfigKeys (ConfUtils.java:logGet(46)) - raft.grpc.server.async.request.thread.pool.size = 32 (default)
2023-02-01 15:05:12,236 [Time-limited test] INFO  impl.DataStreamServerImpl (ConfUtils.java:logGet(46)) - raft.datastream.type = DISABLED (default)
2023-02-01 15:05:12,236 [Time-limited test] INFO  server.RaftServerConfigKeys (ConfUtils.java:logGet(46)) - raft.server.threadpool.proxy.cached = true (default)
2023-02-01 15:05:12,236 [Time-limited test] INFO  server.RaftServerConfigKeys (ConfUtils.java:logGet(46)) - raft.server.threadpool.proxy.size = 0 (default)
2023-02-01 15:05:12,237 [Time-limited test] INFO  server.RaftServerConfigKeys (ConfUtils.java:logGet(46)) - raft.server.rpc.slowness.timeout = 60s (default)
2023-02-01 15:05:12,237 [Time-limited test] INFO  server.RaftServerConfigKeys (ConfUtils.java:logGet(46)) - raft.server.leaderelection.leader.step-down.wait-time = 10s (default)
2023-02-01 15:05:12,237 [Time-limited test] INFO  server.RaftServerConfigKeys (ConfUtils.java:logGet(46)) - raft.server.storage.dir = [/home/runner/work/ratis/ratis/ratis-test/target/test/data/4bffaa74/MiniRaftClusterWithGrpc11c295d1/s1] (custom)
2023-02-01 15:05:12,242 [Time-limited test] INFO  server.RaftServer (RaftServerProxy.java:addNew(99)) - s1: addNew group-38A95899D58A:[] returns group-38A95899D58A:java.util.concurrent.CompletableFuture@204e28dc[Not completed]
2023-02-01 15:05:12,242 [Time-limited test] INFO  impl.MiniRaftCluster (MiniRaftCluster.java:newRaftServer(382)) - newRaftServer: s2, group-38A95899D58A:[], format? true
2023-02-01 15:05:12,242 [Time-limited test] TRACE util.FileUtils (FileUtils.java:deleteFully(201)) - deleteFully target/test/data/4bffaa74/MiniRaftClusterWithGrpc11c295d1/s2
2023-02-01 15:05:12,242 [Time-limited test] TRACE util.FileUtils (FileUtils.java:deleteFully(217)) - deleteFully: target/test/data/4bffaa74/MiniRaftClusterWithGrpc11c295d1/s2 does not exist.
2023-02-01 15:05:12,242 [Time-limited test] INFO  impl.MiniRaftCluster (MiniRaftCluster.java:newRaftServer(387)) - Formatted directory target/test/data/4bffaa74/MiniRaftClusterWithGrpc11c295d1/s2
2023-02-01 15:05:12,242 [Time-limited test] INFO  server.RaftServer (ConfUtils.java:logGet(46)) - raft.rpc.type = GRPC (default)
2023-02-01 15:05:12,242 [Time-limited test] INFO  grpc.GrpcConfigKeys (ConfUtils.java:logFallback(53)) - raft.grpc.admin.host = null (fallback to raft.grpc.server.host)
2023-02-01 15:05:12,242 [Time-limited test] INFO  grpc.GrpcConfigKeys (ConfUtils.java:logFallback(53)) - raft.grpc.admin.port = 44569 (fallback to raft.grpc.server.port)
2023-02-01 15:05:12,242 [Time-limited test] INFO  grpc.GrpcConfigKeys (ConfUtils.java:logFallback(53)) - raft.grpc.client.host = null (fallback to raft.grpc.server.host)
2023-02-01 15:05:12,242 [Time-limited test] INFO  grpc.GrpcConfigKeys (ConfUtils.java:logFallback(53)) - raft.grpc.client.port = 44569 (fallback to raft.grpc.server.port)
2023-02-01 15:05:12,242 [Time-limited test] INFO  grpc.GrpcConfigKeys (ConfUtils.java:logGet(46)) - raft.grpc.server.host = null (default)
2023-02-01 15:05:12,243 [Time-limited test] INFO  grpc.GrpcConfigKeys (ConfUtils.java:logGet(46)) - raft.grpc.server.port = 44569 (custom)
2023-02-01 15:05:12,243 [Time-limited test] INFO  server.GrpcService (ConfUtils.java:logGet(46)) - raft.grpc.message.size.max = 64MB (=67108864) (default)
2023-02-01 15:05:12,243 [Time-limited test] INFO  server.RaftServerConfigKeys (ConfUtils.java:logGet(46)) - raft.server.log.appender.buffer.byte-limit = 4MB (=4194304) (default)
2023-02-01 15:05:12,243 [Time-limited test] INFO  server.GrpcService (ConfUtils.java:logGet(46)) - raft.grpc.flow.control.window = 1MB (=1048576) (default)
2023-02-01 15:05:12,243 [Time-limited test] INFO  server.RaftServerConfigKeys (ConfUtils.java:logGet(46)) - raft.server.rpc.request.timeout = 3000ms (default)
2023-02-01 15:05:12,243 [Time-limited test] INFO  grpc.GrpcConfigKeys (ConfUtils.java:logGet(46)) - raft.grpc.server.heartbeat.channel = true (default)
2023-02-01 15:05:12,243 [Time-limited test] INFO  grpc.GrpcConfigKeys (ConfUtils.java:logGet(46)) - raft.grpc.server.async.request.thread.pool.cached = true (default)
2023-02-01 15:05:12,243 [Time-limited test] INFO  grpc.GrpcConfigKeys (ConfUtils.java:logGet(46)) - raft.grpc.server.async.request.thread.pool.size = 32 (default)
2023-02-01 15:05:12,243 [Time-limited test] INFO  impl.DataStreamServerImpl (ConfUtils.java:logGet(46)) - raft.datastream.type = DISABLED (default)
2023-02-01 15:05:12,243 [Time-limited test] INFO  server.RaftServerConfigKeys (ConfUtils.java:logGet(46)) - raft.server.threadpool.proxy.cached = true (default)
2023-02-01 15:05:12,243 [Time-limited test] INFO  server.RaftServerConfigKeys (ConfUtils.java:logGet(46)) - raft.server.threadpool.proxy.size = 0 (default)
2023-02-01 15:05:12,243 [Time-limited test] INFO  server.RaftServerConfigKeys (ConfUtils.java:logGet(46)) - raft.server.rpc.slowness.timeout = 60s (default)
2023-02-01 15:05:12,244 [Time-limited test] INFO  server.RaftServerConfigKeys (ConfUtils.java:logGet(46)) - raft.server.leaderelection.leader.step-down.wait-time = 10s (default)
2023-02-01 15:05:12,244 [Time-limited test] INFO  server.RaftServerConfigKeys (ConfUtils.java:logGet(46)) - raft.server.storage.dir = [/home/runner/work/ratis/ratis/ratis-test/target/test/data/4bffaa74/MiniRaftClusterWithGrpc11c295d1/s2] (custom)
2023-02-01 15:05:12,244 [Time-limited test] INFO  server.RaftServer (RaftServerProxy.java:addNew(99)) - s2: addNew group-38A95899D58A:[] returns group-38A95899D58A:java.util.concurrent.CompletableFuture@631672d4[Not completed]
2023-02-01 15:05:12,244 [pool-11-thread-1] INFO  server.RaftServerConfigKeys (ConfUtils.java:logGet(46)) - raft.server.log.segment.size.max = 8MB (=8388608) (default)
2023-02-01 15:05:12,244 [pool-11-thread-1] INFO  server.RaftServerConfigKeys (ConfUtils.java:logGet(46)) - raft.server.log.preallocated.size = 4MB (=4194304) (default)
2023-02-01 15:05:12,244 [pool-11-thread-1] INFO  server.RaftServerConfigKeys (ConfUtils.java:logGet(46)) - raft.server.log.write.buffer.size = 64KB (=65536) (default)
2023-02-01 15:05:12,244 [pool-11-thread-1] INFO  server.RaftServer$Division (RaftServerImpl.java:<init>(198)) - s2: new RaftServerImpl for group-38A95899D58A:[] with StateMachineWithMultiNestedSnapshotFile:uninitialized
2023-02-01 15:05:12,244 [pool-11-thread-1] INFO  server.RaftServerConfigKeys (ConfUtils.java:logGet(46)) - raft.server.rpc.timeout.min = 150ms (default)
2023-02-01 15:05:12,245 [pool-11-thread-1] INFO  server.RaftServerConfigKeys (ConfUtils.java:logGet(46)) - raft.server.rpc.timeout.max = 300ms (default)
2023-02-01 15:05:12,245 [pool-11-thread-1] INFO  server.RaftServerConfigKeys (ConfUtils.java:logGet(46)) - raft.server.rpc.sleep.time = 25ms (default)
2023-02-01 15:05:12,245 [pool-11-thread-1] INFO  server.RaftServerConfigKeys (ConfUtils.java:logGet(46)) - raft.server.rpc.slowness.timeout = 60s (default)
2023-02-01 15:05:12,245 [pool-11-thread-1] INFO  server.RaftServerConfigKeys (ConfUtils.java:logGet(46)) - raft.server.leaderelection.leader.step-down.wait-time = 10s (default)
2023-02-01 15:05:12,245 [pool-11-thread-1] INFO  server.RaftServerConfigKeys (ConfUtils.java:logGet(46)) - raft.server.sleep.deviation.threshold = 300ms (default)
2023-02-01 15:05:12,245 [pool-11-thread-1] INFO  server.RaftServer$Division (ServerState.java:<init>(113)) - s2@group-38A95899D58A: ConfigurationManager, init=-1: peers:[]|listeners:[], old=null, confs=<EMPTY_MAP>
2023-02-01 15:05:12,245 [pool-11-thread-1] INFO  server.RaftServerConfigKeys (ConfUtils.java:logGet(46)) - raft.server.notification.no-leader.timeout = 60s (default)
2023-02-01 15:05:12,245 [pool-11-thread-1] INFO  server.RaftServerConfigKeys (ConfUtils.java:logGet(46)) - raft.server.read.timeout = 10s (default)
2023-02-01 15:05:12,245 [pool-11-thread-1] INFO  server.RaftServerConfigKeys (ConfUtils.java:logGet(46)) - raft.server.retrycache.expirytime = 60s (default)
2023-02-01 15:05:12,245 [pool-11-thread-1] INFO  server.RaftServerConfigKeys (ConfUtils.java:logGet(46)) - raft.server.retrycache.statistics.expirytime = 100μs (default)
2023-02-01 15:05:12,245 [pool-11-thread-1] INFO  server.RaftServerConfigKeys (ConfUtils.java:logGet(46)) - raft.server.read.option = DEFAULT (default)
2023-02-01 15:05:12,246 [pool-10-thread-1] INFO  server.RaftServerConfigKeys (ConfUtils.java:logGet(46)) - raft.server.log.segment.size.max = 8MB (=8388608) (default)
2023-02-01 15:05:12,246 [pool-10-thread-1] INFO  server.RaftServerConfigKeys (ConfUtils.java:logGet(46)) - raft.server.log.preallocated.size = 4MB (=4194304) (default)
2023-02-01 15:05:12,246 [pool-10-thread-1] INFO  server.RaftServerConfigKeys (ConfUtils.java:logGet(46)) - raft.server.log.write.buffer.size = 64KB (=65536) (default)
2023-02-01 15:05:12,246 [pool-10-thread-1] INFO  server.RaftServer$Division (RaftServerImpl.java:<init>(198)) - s1: new RaftServerImpl for group-38A95899D58A:[] with StateMachineWithMultiNestedSnapshotFile:uninitialized
2023-02-01 15:05:12,246 [pool-10-thread-1] INFO  server.RaftServerConfigKeys (ConfUtils.java:logGet(46)) - raft.server.rpc.timeout.min = 150ms (default)
2023-02-01 15:05:12,246 [pool-10-thread-1] INFO  server.RaftServerConfigKeys (ConfUtils.java:logGet(46)) - raft.server.rpc.timeout.max = 300ms (default)
2023-02-01 15:05:12,246 [pool-10-thread-1] INFO  server.RaftServerConfigKeys (ConfUtils.java:logGet(46)) - raft.server.rpc.sleep.time = 25ms (default)
2023-02-01 15:05:12,246 [pool-10-thread-1] INFO  server.RaftServerConfigKeys (ConfUtils.java:logGet(46)) - raft.server.rpc.slowness.timeout = 60s (default)
2023-02-01 15:05:12,247 [pool-10-thread-1] INFO  server.RaftServerConfigKeys (ConfUtils.java:logGet(46)) - raft.server.leaderelection.leader.step-down.wait-time = 10s (default)
2023-02-01 15:05:12,247 [pool-10-thread-1] INFO  server.RaftServerConfigKeys (ConfUtils.java:logGet(46)) - raft.server.sleep.deviation.threshold = 300ms (default)
2023-02-01 15:05:12,247 [pool-10-thread-1] INFO  server.RaftServer$Division (ServerState.java:<init>(113)) - s1@group-38A95899D58A: ConfigurationManager, init=-1: peers:[]|listeners:[], old=null, confs=<EMPTY_MAP>
2023-02-01 15:05:12,247 [pool-10-thread-1] INFO  server.RaftServerConfigKeys (ConfUtils.java:logGet(46)) - raft.server.notification.no-leader.timeout = 60s (default)
2023-02-01 15:05:12,247 [pool-10-thread-1] INFO  server.RaftServerConfigKeys (ConfUtils.java:logGet(46)) - raft.server.read.timeout = 10s (default)
2023-02-01 15:05:12,247 [pool-10-thread-1] INFO  server.RaftServerConfigKeys (ConfUtils.java:logGet(46)) - raft.server.retrycache.expirytime = 60s (default)
2023-02-01 15:05:12,247 [pool-10-thread-1] INFO  server.RaftServerConfigKeys (ConfUtils.java:logGet(46)) - raft.server.retrycache.statistics.expirytime = 100μs (default)
2023-02-01 15:05:12,247 [pool-10-thread-1] INFO  server.RaftServerConfigKeys (ConfUtils.java:logGet(46)) - raft.server.read.option = DEFAULT (default)
2023-02-01 15:05:12,249 [pool-10-thread-1] INFO  server.RaftServerConfigKeys (ConfUtils.java:logGet(46)) - raft.server.log.appender.install.snapshot.enabled = true (default)
2023-02-01 15:05:12,249 [pool-10-thread-1] INFO  server.RaftServerConfigKeys (ConfUtils.java:logGet(46)) - raft.server.threadpool.server.cached = true (default)
2023-02-01 15:05:12,249 [pool-10-thread-1] INFO  server.RaftServerConfigKeys (ConfUtils.java:logGet(46)) - raft.server.threadpool.server.size = 0 (default)
2023-02-01 15:05:12,249 [pool-10-thread-1] INFO  server.RaftServerConfigKeys (ConfUtils.java:logGet(46)) - raft.server.threadpool.client.cached = true (default)
2023-02-01 15:05:12,249 [pool-10-thread-1] INFO  server.RaftServerConfigKeys (ConfUtils.java:logGet(46)) - raft.server.threadpool.client.size = 0 (default)
2023-02-01 15:05:12,249 [s1-impl-thread1] INFO  server.RaftServerConfigKeys (ConfUtils.java:logGet(46)) - raft.server.storage.free-space.min = 0MB (=0) (default)
2023-02-01 15:05:12,249 [s1-impl-thread1] INFO  server.RaftServerConfigKeys (ConfUtils.java:logGet(46)) - raft.server.log.corruption.policy = EXCEPTION (default)
2023-02-01 15:05:12,249 [s1-impl-thread1] INFO  server.RaftServerConfigKeys (ConfUtils.java:logGet(46)) - raft.server.storage.dir = [/home/runner/work/ratis/ratis/ratis-test/target/test/data/4bffaa74/MiniRaftClusterWithGrpc11c295d1/s1] (custom)
2023-02-01 15:05:12,249 [s1-impl-thread1] INFO  storage.RaftStorageDirectory (RaftStorageDirectoryImpl.java:analyzeStorage(138)) - The storage directory /home/runner/work/ratis/ratis/ratis-test/target/test/data/4bffaa74/MiniRaftClusterWithGrpc11c295d1/s1/f113c75c-7674-443c-9f70-38a95899d58a does not exist. Creating ...
2023-02-01 15:05:12,250 [s1-impl-thread1] TRACE util.FileUtils (LogUtils.java:runAndLog(49)) - Successfully ran Files.createDirectories /home/runner/work/ratis/ratis/ratis-test/target/test/data/4bffaa74/MiniRaftClusterWithGrpc11c295d1/s1/f113c75c-7674-443c-9f70-38a95899d58a
2023-02-01 15:05:12,250 [pool-11-thread-1] INFO  server.RaftServerConfigKeys (ConfUtils.java:logGet(46)) - raft.server.log.appender.install.snapshot.enabled = true (default)
2023-02-01 15:05:12,250 [pool-11-thread-1] INFO  server.RaftServerConfigKeys (ConfUtils.java:logGet(46)) - raft.server.threadpool.server.cached = true (default)
2023-02-01 15:05:12,250 [pool-11-thread-1] INFO  server.RaftServerConfigKeys (ConfUtils.java:logGet(46)) - raft.server.threadpool.server.size = 0 (default)
2023-02-01 15:05:12,251 [pool-11-thread-1] INFO  server.RaftServerConfigKeys (ConfUtils.java:logGet(46)) - raft.server.threadpool.client.cached = true (default)
2023-02-01 15:05:12,251 [pool-11-thread-1] INFO  server.RaftServerConfigKeys (ConfUtils.java:logGet(46)) - raft.server.threadpool.client.size = 0 (default)
2023-02-01 15:05:12,251 [s1-impl-thread1] INFO  storage.RaftStorageDirectory (RaftStorageDirectoryImpl.java:tryLock(232)) - Lock on /home/runner/work/ratis/ratis/ratis-test/target/test/data/4bffaa74/MiniRaftClusterWithGrpc11c295d1/s1/f113c75c-7674-443c-9f70-38a95899d58a/in_use.lock acquired by nodename 19257@fv-az163-312
2023-02-01 15:05:12,251 [s1-impl-thread1] TRACE util.FileUtils (LogUtils.java:runAndLog(49)) - Successfully ran Files.createDirectories /home/runner/work/ratis/ratis/ratis-test/target/test/data/4bffaa74/MiniRaftClusterWithGrpc11c295d1/s1/f113c75c-7674-443c-9f70-38a95899d58a/current
2023-02-01 15:05:12,251 [s1-impl-thread1] TRACE util.FileUtils (LogUtils.java:runAndLog(49)) - Successfully ran Files.createDirectories /home/runner/work/ratis/ratis/ratis-test/target/test/data/4bffaa74/MiniRaftClusterWithGrpc11c295d1/s1/f113c75c-7674-443c-9f70-38a95899d58a/sm
2023-02-01 15:05:12,252 [s1-impl-thread1] INFO  storage.RaftStorage (RaftStorageImpl.java:format(96)) - Storage directory /home/runner/work/ratis/ratis/ratis-test/target/test/data/4bffaa74/MiniRaftClusterWithGrpc11c295d1/s1/f113c75c-7674-443c-9f70-38a95899d58a has been successfully formatted.
2023-02-01 15:05:12,252 [s1-impl-thread1] INFO  impl.SimpleStateMachine4Testing (SimpleStateMachine4Testing.java:initialize(213)) - Initializing StateMachineWithMultiNestedSnapshotFile:uninitialized
2023-02-01 15:05:12,252 [s1-impl-thread1] INFO  impl.SimpleStateMachine4Testing (SimpleStateMachine4Testing.java:loadSnapshot(293)) - Loading snapshot null
2023-02-01 15:05:12,252 [s1-impl-thread1] INFO  server.RaftServerConfigKeys (ConfUtils.java:logGet(46)) - raft.server.log.use.memory = false (default)
2023-02-01 15:05:12,252 [s1-impl-thread1] INFO  server.RaftServerConfigKeys (ConfUtils.java:logGet(46)) - raft.server.log.purge.gap = 8 (custom)
2023-02-01 15:05:12,252 [s1-impl-thread1] INFO  server.RaftServerConfigKeys (ConfUtils.java:logGet(46)) - raft.server.log.appender.buffer.byte-limit = 4MB (=4194304) (default)
2023-02-01 15:05:12,252 [s1-impl-thread1] INFO  server.RaftServerConfigKeys (ConfUtils.java:logGet(46)) - raft.server.log.statemachine.data.read.timeout = 1000ms (default)
2023-02-01 15:05:12,252 [s1-impl-thread1] INFO  server.RaftServerConfigKeys (ConfUtils.java:logGet(46)) - raft.server.log.purge.preservation.log.num = 0 (default)
2023-02-01 15:05:12,252 [s1-impl-thread1] INFO  server.RaftServerConfigKeys (ConfUtils.java:logGet(46)) - raft.server.log.segment.size.max = 8MB (=8388608) (default)
2023-02-01 15:05:12,252 [s1-impl-thread1] INFO  server.RaftServerConfigKeys (ConfUtils.java:logGet(46)) - raft.server.log.segment.cache.num.max = 6 (default)
2023-02-01 15:05:12,253 [s1-impl-thread1] INFO  server.RaftServerConfigKeys (ConfUtils.java:logGet(46)) - raft.server.log.segment.cache.size.max = 200MB (=209715200) (default)
2023-02-01 15:05:12,253 [s1-impl-thread1] INFO  segmented.SegmentedRaftLogWorker (SegmentedRaftLogWorker.java:<init>(184)) - new s1@group-38A95899D58A-SegmentedRaftLogWorker for RaftStorageImpl:Storage Directory /home/runner/work/ratis/ratis/ratis-test/target/test/data/4bffaa74/MiniRaftClusterWithGrpc11c295d1/s1/f113c75c-7674-443c-9f70-38a95899d58a
2023-02-01 15:05:12,253 [s1-impl-thread1] INFO  server.RaftServerConfigKeys (ConfUtils.java:logGet(46)) - raft.server.log.queue.byte-limit = 64MB (=67108864) (default)
2023-02-01 15:05:12,253 [s1-impl-thread1] INFO  server.RaftServerConfigKeys (ConfUtils.java:logGet(46)) - raft.server.log.queue.element-limit = 4096 (default)
2023-02-01 15:05:12,253 [s1-impl-thread1] INFO  server.RaftServerConfigKeys (ConfUtils.java:logGet(46)) - raft.server.log.segment.size.max = 8MB (=8388608) (default)
2023-02-01 15:05:12,253 [s1-impl-thread1] INFO  server.RaftServerConfigKeys (ConfUtils.java:logGet(46)) - raft.server.log.preallocated.size = 4MB (=4194304) (default)
2023-02-01 15:05:12,253 [s1-impl-thread1] INFO  server.RaftServerConfigKeys (ConfUtils.java:logGet(46)) - raft.server.log.force.sync.num = 128 (default)
2023-02-01 15:05:12,253 [s1-impl-thread1] INFO  server.RaftServerConfigKeys (ConfUtils.java:logGet(46)) - raft.server.log.statemachine.data.sync = true (default)
2023-02-01 15:05:12,253 [s1-impl-thread1] INFO  server.RaftServerConfigKeys (ConfUtils.java:logGet(46)) - raft.server.log.statemachine.data.sync.timeout = 10s (default)
2023-02-01 15:05:12,253 [s1-impl-thread1] INFO  server.RaftServerConfigKeys (ConfUtils.java:logGet(46)) - raft.server.log.statemachine.data.sync.timeout.retry = -1 (default)
2023-02-01 15:05:12,253 [s1-impl-thread1] INFO  server.RaftServerConfigKeys (ConfUtils.java:logGet(46)) - raft.server.log.write.buffer.size = 64KB (=65536) (default)
2023-02-01 15:05:12,253 [s1-impl-thread1] INFO  server.RaftServerConfigKeys (ConfUtils.java:logGet(46)) - raft.server.log.appender.buffer.byte-limit = 4MB (=4194304) (default)
2023-02-01 15:05:12,254 [s1-impl-thread1] INFO  server.RaftServerConfigKeys (ConfUtils.java:logGet(46)) - raft.server.log.unsafe-flush.enabled = false (default)
2023-02-01 15:05:12,254 [s1-impl-thread1] INFO  server.RaftServerConfigKeys (ConfUtils.java:logGet(46)) - raft.server.log.async-flush.enabled = false (default)
2023-02-01 15:05:12,254 [s1-impl-thread1] INFO  server.RaftServerConfigKeys (ConfUtils.java:logGet(46)) - raft.server.log.statemachine.data.caching.enabled = false (default)
2023-02-01 15:05:12,254 [s1-impl-thread1] INFO  segmented.SegmentedRaftLogWorker (SegmentedRaftLogWorker.java:lambda$new$0(134)) - s1@group-38A95899D58A-SegmentedRaftLogWorker: flushIndex: setUnconditionally 0 -> -1
2023-02-01 15:05:12,254 [s1-impl-thread1] INFO  segmented.SegmentedRaftLogWorker (SegmentedRaftLogWorker.java:lambda$new$0(134)) - s1@group-38A95899D58A-SegmentedRaftLogWorker: safeCacheEvictIndex: setUnconditionally 0 -> -1
2023-02-01 15:05:12,257 [s1-impl-thread1] INFO  server.RaftServer$Division (RaftServerImpl.java:start(344)) - s1@group-38A95899D58A: start with initializing state, conf=-1: peers:[]|listeners:[], old=null
2023-02-01 15:05:12,257 [s1-impl-thread1] INFO  server.RaftServer$Division (RaftServerImpl.java:setRole(325)) - s1@group-38A95899D58A: changes role from      null to FOLLOWER at term 0 for startInitializing
2023-02-01 15:05:12,257 [s1-impl-thread1] INFO  util.JmxRegister (JmxRegister.java:tryRegister(44)) - Successfully registered JMX Bean with object name Ratis:service=RaftServer,group=group-38A95899D58A,id=s1
2023-02-01 15:05:12,257 [s1-impl-thread1] INFO  server.RaftServerConfigKeys (ConfUtils.java:logGet(46)) - raft.server.snapshot.auto.trigger.enabled = true (custom)
2023-02-01 15:05:12,257 [s1-impl-thread1] INFO  server.RaftServerConfigKeys (ConfUtils.java:logGet(46)) - raft.server.snapshot.auto.trigger.threshold = 64 (custom)
2023-02-01 15:05:12,257 [s1-impl-thread1] INFO  server.RaftServerConfigKeys (ConfUtils.java:logGet(46)) - raft.server.snapshot.retention.file.num = -1 (default)
2023-02-01 15:05:12,257 [s1-impl-thread1] INFO  server.RaftServerConfigKeys (ConfUtils.java:logGet(46)) - raft.server.log.purge.upto.snapshot.index = false (default)
2023-02-01 15:05:12,258 [Time-limited test] INFO  server.RaftServer (RaftServerProxy.java:startImpl(396)) - s1: start RPC server
2023-02-01 15:05:12,258 [Time-limited test] INFO  server.GrpcService (GrpcService.java:startImpl(302)) - s1: GrpcService started, listening on 35473
2023-02-01 15:05:12,259 [s2-impl-thread1] INFO  server.RaftServerConfigKeys (ConfUtils.java:logGet(46)) - raft.server.storage.free-space.min = 0MB (=0) (default)
2023-02-01 15:05:12,259 [s2-impl-thread1] INFO  server.RaftServerConfigKeys (ConfUtils.java:logGet(46)) - raft.server.log.corruption.policy = EXCEPTION (default)
2023-02-01 15:05:12,259 [s2-impl-thread1] INFO  server.RaftServerConfigKeys (ConfUtils.java:logGet(46)) - raft.server.storage.dir = [/home/runner/work/ratis/ratis/ratis-test/target/test/data/4bffaa74/MiniRaftClusterWithGrpc11c295d1/s2] (custom)
2023-02-01 15:05:12,259 [s2-impl-thread1] INFO  storage.RaftStorageDirectory (RaftStorageDirectoryImpl.java:analyzeStorage(138)) - The storage directory /home/runner/work/ratis/ratis/ratis-test/target/test/data/4bffaa74/MiniRaftClusterWithGrpc11c295d1/s2/f113c75c-7674-443c-9f70-38a95899d58a does not exist. Creating ...
2023-02-01 15:05:12,259 [s2-impl-thread1] TRACE util.FileUtils (LogUtils.java:runAndLog(49)) - Successfully ran Files.createDirectories /home/runner/work/ratis/ratis/ratis-test/target/test/data/4bffaa74/MiniRaftClusterWithGrpc11c295d1/s2/f113c75c-7674-443c-9f70-38a95899d58a
2023-02-01 15:05:12,260 [JvmPauseMonitor7] INFO  util.JvmPauseMonitor (JvmPauseMonitor.java:run(105)) - JvmPauseMonitor-s1: Started
2023-02-01 15:05:12,260 [s2-impl-thread1] INFO  storage.RaftStorageDirectory (RaftStorageDirectoryImpl.java:tryLock(232)) - Lock on /home/runner/work/ratis/ratis/ratis-test/target/test/data/4bffaa74/MiniRaftClusterWithGrpc11c295d1/s2/f113c75c-7674-443c-9f70-38a95899d58a/in_use.lock acquired by nodename 19257@fv-az163-312
2023-02-01 15:05:12,260 [s2-impl-thread1] TRACE util.FileUtils (LogUtils.java:runAndLog(49)) - Successfully ran Files.createDirectories /home/runner/work/ratis/ratis/ratis-test/target/test/data/4bffaa74/MiniRaftClusterWithGrpc11c295d1/s2/f113c75c-7674-443c-9f70-38a95899d58a/current
2023-02-01 15:05:12,260 [s2-impl-thread1] TRACE util.FileUtils (LogUtils.java:runAndLog(49)) - Successfully ran Files.createDirectories /home/runner/work/ratis/ratis/ratis-test/target/test/data/4bffaa74/MiniRaftClusterWithGrpc11c295d1/s2/f113c75c-7674-443c-9f70-38a95899d58a/sm
2023-02-01 15:05:12,261 [s2-impl-thread1] INFO  storage.RaftStorage (RaftStorageImpl.java:format(96)) - Storage directory /home/runner/work/ratis/ratis/ratis-test/target/test/data/4bffaa74/MiniRaftClusterWithGrpc11c295d1/s2/f113c75c-7674-443c-9f70-38a95899d58a has been successfully formatted.
2023-02-01 15:05:12,261 [s2-impl-thread1] INFO  impl.SimpleStateMachine4Testing (SimpleStateMachine4Testing.java:initialize(213)) - Initializing StateMachineWithMultiNestedSnapshotFile:uninitialized
2023-02-01 15:05:12,261 [s2-impl-thread1] INFO  impl.SimpleStateMachine4Testing (SimpleStateMachine4Testing.java:loadSnapshot(293)) - Loading snapshot null
2023-02-01 15:05:12,261 [s2-impl-thread1] INFO  server.RaftServerConfigKeys (ConfUtils.java:logGet(46)) - raft.server.log.use.memory = false (default)
2023-02-01 15:05:12,261 [s2-impl-thread1] INFO  server.RaftServerConfigKeys (ConfUtils.java:logGet(46)) - raft.server.log.purge.gap = 8 (custom)
2023-02-01 15:05:12,261 [s2-impl-thread1] INFO  server.RaftServerConfigKeys (ConfUtils.java:logGet(46)) - raft.server.log.appender.buffer.byte-limit = 4MB (=4194304) (default)
2023-02-01 15:05:12,261 [s2-impl-thread1] INFO  server.RaftServerConfigKeys (ConfUtils.java:logGet(46)) - raft.server.log.statemachine.data.read.timeout = 1000ms (default)
2023-02-01 15:05:12,261 [s2-impl-thread1] INFO  server.RaftServerConfigKeys (ConfUtils.java:logGet(46)) - raft.server.log.purge.preservation.log.num = 0 (default)
2023-02-01 15:05:12,262 [s2-impl-thread1] INFO  server.RaftServerConfigKeys (ConfUtils.java:logGet(46)) - raft.server.log.segment.size.max = 8MB (=8388608) (default)
2023-02-01 15:05:12,262 [s2-impl-thread1] INFO  server.RaftServerConfigKeys (ConfUtils.java:logGet(46)) - raft.server.log.segment.cache.num.max = 6 (default)
2023-02-01 15:05:12,262 [s2-impl-thread1] INFO  server.RaftServerConfigKeys (ConfUtils.java:logGet(46)) - raft.server.log.segment.cache.size.max = 200MB (=209715200) (default)
2023-02-01 15:05:12,262 [s2-impl-thread1] INFO  segmented.SegmentedRaftLogWorker (SegmentedRaftLogWorker.java:<init>(184)) - new s2@group-38A95899D58A-SegmentedRaftLogWorker for RaftStorageImpl:Storage Directory /home/runner/work/ratis/ratis/ratis-test/target/test/data/4bffaa74/MiniRaftClusterWithGrpc11c295d1/s2/f113c75c-7674-443c-9f70-38a95899d58a
2023-02-01 15:05:12,262 [s2-impl-thread1] INFO  server.RaftServerConfigKeys (ConfUtils.java:logGet(46)) - raft.server.log.queue.byte-limit = 64MB (=67108864) (default)
2023-02-01 15:05:12,262 [s2-impl-thread1] INFO  server.RaftServerConfigKeys (ConfUtils.java:logGet(46)) - raft.server.log.queue.element-limit = 4096 (default)
2023-02-01 15:05:12,262 [s2-impl-thread1] INFO  server.RaftServerConfigKeys (ConfUtils.java:logGet(46)) - raft.server.log.segment.size.max = 8MB (=8388608) (default)
2023-02-01 15:05:12,262 [s2-impl-thread1] INFO  server.RaftServerConfigKeys (ConfUtils.java:logGet(46)) - raft.server.log.preallocated.size = 4MB (=4194304) (default)
2023-02-01 15:05:12,262 [s2-impl-thread1] INFO  server.RaftServerConfigKeys (ConfUtils.java:logGet(46)) - raft.server.log.force.sync.num = 128 (default)
2023-02-01 15:05:12,262 [s2-impl-thread1] INFO  server.RaftServerConfigKeys (ConfUtils.java:logGet(46)) - raft.server.log.statemachine.data.sync = true (default)
2023-02-01 15:05:12,262 [s2-impl-thread1] INFO  server.RaftServerConfigKeys (ConfUtils.java:logGet(46)) - raft.server.log.statemachine.data.sync.timeout = 10s (default)
2023-02-01 15:05:12,262 [s2-impl-thread1] INFO  server.RaftServerConfigKeys (ConfUtils.java:logGet(46)) - raft.server.log.statemachine.data.sync.timeout.retry = -1 (default)
2023-02-01 15:05:12,262 [s2-impl-thread1] INFO  server.RaftServerConfigKeys (ConfUtils.java:logGet(46)) - raft.server.log.write.buffer.size = 64KB (=65536) (default)
2023-02-01 15:05:12,262 [s2-impl-thread1] INFO  server.RaftServerConfigKeys (ConfUtils.java:logGet(46)) - raft.server.log.appender.buffer.byte-limit = 4MB (=4194304) (default)
2023-02-01 15:05:12,263 [s2-impl-thread1] INFO  server.RaftServerConfigKeys (ConfUtils.java:logGet(46)) - raft.server.log.unsafe-flush.enabled = false (default)
2023-02-01 15:05:12,263 [s2-impl-thread1] INFO  server.RaftServerConfigKeys (ConfUtils.java:logGet(46)) - raft.server.log.async-flush.enabled = false (default)
2023-02-01 15:05:12,263 [s2-impl-thread1] INFO  server.RaftServerConfigKeys (ConfUtils.java:logGet(46)) - raft.server.log.statemachine.data.caching.enabled = false (default)
2023-02-01 15:05:12,263 [s2-impl-thread1] INFO  segmented.SegmentedRaftLogWorker (SegmentedRaftLogWorker.java:lambda$new$0(134)) - s2@group-38A95899D58A-SegmentedRaftLogWorker: flushIndex: setUnconditionally 0 -> -1
2023-02-01 15:05:12,263 [s2-impl-thread1] INFO  segmented.SegmentedRaftLogWorker (SegmentedRaftLogWorker.java:lambda$new$0(134)) - s2@group-38A95899D58A-SegmentedRaftLogWorker: safeCacheEvictIndex: setUnconditionally 0 -> -1
2023-02-01 15:05:12,266 [s2-impl-thread1] INFO  server.RaftServer$Division (RaftServerImpl.java:start(344)) - s2@group-38A95899D58A: start with initializing state, conf=-1: peers:[]|listeners:[], old=null
2023-02-01 15:05:12,266 [s2-impl-thread1] INFO  server.RaftServer$Division (RaftServerImpl.java:setRole(325)) - s2@group-38A95899D58A: changes role from      null to FOLLOWER at term 0 for startInitializing
2023-02-01 15:05:12,266 [s2-impl-thread1] INFO  util.JmxRegister (JmxRegister.java:tryRegister(44)) - Successfully registered JMX Bean with object name Ratis:service=RaftServer,group=group-38A95899D58A,id=s2
2023-02-01 15:05:12,266 [s2-impl-thread1] INFO  server.RaftServerConfigKeys (ConfUtils.java:logGet(46)) - raft.server.snapshot.auto.trigger.enabled = true (custom)
2023-02-01 15:05:12,266 [s2-impl-thread1] INFO  server.RaftServerConfigKeys (ConfUtils.java:logGet(46)) - raft.server.snapshot.auto.trigger.threshold = 64 (custom)
2023-02-01 15:05:12,266 [s2-impl-thread1] INFO  server.RaftServerConfigKeys (ConfUtils.java:logGet(46)) - raft.server.snapshot.retention.file.num = -1 (default)
2023-02-01 15:05:12,266 [s2-impl-thread1] INFO  server.RaftServerConfigKeys (ConfUtils.java:logGet(46)) - raft.server.log.purge.upto.snapshot.index = false (default)
2023-02-01 15:05:12,270 [Time-limited test] INFO  server.RaftServer (RaftServerProxy.java:startImpl(396)) - s2: start RPC server
2023-02-01 15:05:12,270 [Time-limited test] INFO  server.GrpcService (GrpcService.java:startImpl(302)) - s2: GrpcService started, listening on 44569
2023-02-01 15:05:12,274 [Time-limited test] INFO  impl.MiniRaftCluster (MiniRaftCluster.java:setConfiguration(819)) - Start changing the configuration: [s1|rpc:0.0.0.0:35473|priority:0|startupRole:FOLLOWER, s2|rpc:0.0.0.0:44569|priority:0|startupRole:FOLLOWER, s0|rpc:localhost:45369|admin:localhost:45813|client:localhost:46359|dataStream:localhost:45307|priority:0|startupRole:FOLLOWER]
2023-02-01 15:05:12,279 [JvmPauseMonitor8] INFO  util.JvmPauseMonitor (JvmPauseMonitor.java:run(105)) - JvmPauseMonitor-s2: Started
2023-02-01 15:05:12,281 [s0-server-thread1] INFO  server.RaftServer$Division (RaftServerImpl.java:setConfigurationAsync(1192)) - s0@group-38A95899D58A: receive setConfiguration SetConfigurationRequest:client-1161A5A3E82B->s0@group-38A95899D58A, cid=386, seq=0, RW, null, SET_UNCONDITIONALLY, servers:[s1|rpc:0.0.0.0:35473|dataStream:|priority:0|startupRole:FOLLOWER, s2|rpc:0.0.0.0:44569|dataStream:|priority:0|startupRole:FOLLOWER, s0|rpc:localhost:45369|admin:localhost:45813|client:localhost:46359|dataStream:localhost:45307|priority:0|startupRole:FOLLOWER], listeners:[]
2023-02-01 15:05:12,281 [s0-server-thread1] INFO  server.RaftServer$Division (LeaderStateImpl.java:startSetConfiguration(440)) - s0@group-38A95899D58A-LeaderStateImpl: startSetConfiguration SetConfigurationRequest:client-1161A5A3E82B->s0@group-38A95899D58A, cid=386, seq=0, RW, null, SET_UNCONDITIONALLY, servers:[s1|rpc:0.0.0.0:35473|dataStream:|priority:0|startupRole:FOLLOWER, s2|rpc:0.0.0.0:44569|dataStream:|priority:0|startupRole:FOLLOWER, s0|rpc:localhost:45369|admin:localhost:45813|client:localhost:46359|dataStream:localhost:45307|priority:0|startupRole:FOLLOWER], listeners:[]
2023-02-01 15:05:12,281 [s0-server-thread1] INFO  server.RaftServerConfigKeys (ConfUtils.java:logGet(46)) - raft.server.log.appender.snapshot.chunk.size.max = 1k (=1024) (custom)
2023-02-01 15:05:12,281 [s0-server-thread1] INFO  server.RaftServerConfigKeys (ConfUtils.java:logGet(46)) - raft.server.log.appender.buffer.byte-limit = 4MB (=4194304) (default)
2023-02-01 15:05:12,281 [s0-server-thread1] INFO  server.RaftServerConfigKeys (ConfUtils.java:logGet(46)) - raft.server.log.appender.buffer.element-limit = 0 (default)
2023-02-01 15:05:12,281 [s0-server-thread1] INFO  grpc.GrpcConfigKeys (ConfUtils.java:logGet(46)) - raft.grpc.server.leader.outstanding.appends.max = 128 (default)
2023-02-01 15:05:12,281 [s0-server-thread1] INFO  server.RaftServerConfigKeys (ConfUtils.java:logGet(46)) - raft.server.rpc.request.timeout = 3000ms (default)
2023-02-01 15:05:12,281 [s0-server-thread1] INFO  server.RaftServerConfigKeys (ConfUtils.java:logGet(46)) - raft.server.log.appender.install.snapshot.enabled = true (default)
2023-02-01 15:05:12,281 [s0-server-thread1] INFO  grpc.GrpcConfigKeys (ConfUtils.java:logGet(46)) - raft.grpc.server.heartbeat.channel = true (default)
2023-02-01 15:05:12,281 [s0-server-thread1] INFO  server.RaftServerConfigKeys (ConfUtils.java:logGet(46)) - raft.server.log.appender.wait-time.min = 10ms (default)
2023-02-01 15:05:12,282 [s0-server-thread1] INFO  server.RaftServerConfigKeys (ConfUtils.java:logGet(46)) - raft.server.log.appender.snapshot.chunk.size.max = 1k (=1024) (custom)
2023-02-01 15:05:12,282 [s0-server-thread1] INFO  server.RaftServerConfigKeys (ConfUtils.java:logGet(46)) - raft.server.log.appender.buffer.byte-limit = 4MB (=4194304) (default)
2023-02-01 15:05:12,282 [s0-server-thread1] INFO  server.RaftServerConfigKeys (ConfUtils.java:logGet(46)) - raft.server.log.appender.buffer.element-limit = 0 (default)
2023-02-01 15:05:12,282 [s0-server-thread1] INFO  grpc.GrpcConfigKeys (ConfUtils.java:logGet(46)) - raft.grpc.server.leader.outstanding.appends.max = 128 (default)
2023-02-01 15:05:12,282 [s0-server-thread1] INFO  server.RaftServerConfigKeys (ConfUtils.java:logGet(46)) - raft.server.rpc.request.timeout = 3000ms (default)
2023-02-01 15:05:12,282 [s0-server-thread1] INFO  server.RaftServerConfigKeys (ConfUtils.java:logGet(46)) - raft.server.log.appender.install.snapshot.enabled = true (default)
2023-02-01 15:05:12,282 [s0-server-thread1] INFO  grpc.GrpcConfigKeys (ConfUtils.java:logGet(46)) - raft.grpc.server.heartbeat.channel = true (default)
2023-02-01 15:05:12,282 [s0-server-thread1] INFO  server.RaftServerConfigKeys (ConfUtils.java:logGet(46)) - raft.server.log.appender.wait-time.min = 10ms (default)
2023-02-01 15:05:12,287 [s0@group-38A95899D58A->s1-GrpcLogAppender-LogAppenderDaemon] INFO  server.GrpcLogAppender (GrpcLogAppender.java:installSnapshot(585)) - s0@group-38A95899D58A->s1-GrpcLogAppender: followerNextIndex = 0 but logStartIndex = 0, send snapshot FileListSnapshotInfo(t:1, i:191):[/home/runner/work/ratis/ratis/ratis-test/target/test/data/4bffaa74/MiniRaftClusterWithGrpc11c295d1/s0/f113c75c-7674-443c-9f70-38a95899d58a/sm/snapshot/1.bin, /home/runner/work/ratis/ratis/ratis-test/target/test/data/4bffaa74/MiniRaftClusterWithGrpc11c295d1/s0/f113c75c-7674-443c-9f70-38a95899d58a/sm/snapshot/sub/2.bin, /home/runner/work/ratis/ratis/ratis-test/target/test/data/4bffaa74/MiniRaftClusterWithGrpc11c295d1/s0/f113c75c-7674-443c-9f70-38a95899d58a/sm/snapshot.1_191] to follower
2023-02-01 15:05:12,288 [s0@group-38A95899D58A->s1-GrpcLogAppender-LogAppenderDaemon] INFO  server.GrpcServerProtocolClient (GrpcServerProtocolClient.java:<init>(63)) - Build channel for s1
2023-02-01 15:05:12,288 [s0@group-38A95899D58A->s2-GrpcLogAppender-LogAppenderDaemon] INFO  server.GrpcLogAppender (GrpcLogAppender.java:installSnapshot(585)) - s0@group-38A95899D58A->s2-GrpcLogAppender: followerNextIndex = 0 but logStartIndex = 0, send snapshot FileListSnapshotInfo(t:1, i:191):[/home/runner/work/ratis/ratis/ratis-test/target/test/data/4bffaa74/MiniRaftClusterWithGrpc11c295d1/s0/f113c75c-7674-443c-9f70-38a95899d58a/sm/snapshot/1.bin, /home/runner/work/ratis/ratis/ratis-test/target/test/data/4bffaa74/MiniRaftClusterWithGrpc11c295d1/s0/f113c75c-7674-443c-9f70-38a95899d58a/sm/snapshot/sub/2.bin, /home/runner/work/ratis/ratis/ratis-test/target/test/data/4bffaa74/MiniRaftClusterWithGrpc11c295d1/s0/f113c75c-7674-443c-9f70-38a95899d58a/sm/snapshot.1_191] to follower
2023-02-01 15:05:12,288 [s0@group-38A95899D58A->s2-GrpcLogAppender-LogAppenderDaemon] INFO  server.GrpcServerProtocolClient (GrpcServerProtocolClient.java:<init>(63)) - Build channel for s2
2023-02-01 15:05:12,292 [grpc-default-executor-2] INFO  impl.SnapshotInstallationHandler (SnapshotInstallationHandler.java:installSnapshot(89)) - s2@group-38A95899D58A: receive installSnapshot: s0->s2#0-t1,chunk:3027615e-e5a7-43f0-a18c-388776b7b2ca,0
2023-02-01 15:05:12,295 [grpc-default-executor-2] INFO  server.RaftServer$Division (ServerState.java:setLeader(260)) - s2@group-38A95899D58A: change Leader from null to s0 at term 1 for installSnapshot, leader elected after 50ms
2023-02-01 15:05:12,296 [grpc-default-executor-2] TRACE util.FileUtils (LogUtils.java:runAndLog(49)) - Successfully ran Files.createDirectories /home/runner/work/ratis/ratis/ratis-test/target/test/data/4bffaa74/MiniRaftClusterWithGrpc11c295d1/s2/f113c75c-7674-443c-9f70-38a95899d58a/tmp/snapshot-3027615e-e5a7-43f0-a18c-388776b7b2ca
2023-02-01 15:05:12,296 [grpc-default-executor-2] INFO  storage.SnapshotManager (SnapshotManager.java:installSnapshot(89)) - Installing snapshot:s0->s2#0-t1,chunk:3027615e-e5a7-43f0-a18c-388776b7b2ca,0, to tmp dir:/home/runner/work/ratis/ratis/ratis-test/target/test/data/4bffaa74/MiniRaftClusterWithGrpc11c295d1/s2/f113c75c-7674-443c-9f70-38a95899d58a/tmp/snapshot-3027615e-e5a7-43f0-a18c-388776b7b2ca
2023-02-01 15:05:12,296 [grpc-default-executor-2] TRACE util.FileUtils (LogUtils.java:runAndLog(49)) - Successfully ran Files.createDirectories /home/runner/work/ratis/ratis/ratis-test/target/test/data/4bffaa74/MiniRaftClusterWithGrpc11c295d1/s2/f113c75c-7674-443c-9f70-38a95899d58a/tmp/snapshot-3027615e-e5a7-43f0-a18c-388776b7b2ca/snapshot
2023-02-01 15:05:12,297 [grpc-default-executor-2] INFO  segmented.SegmentedRaftLogWorker (SegmentedRaftLogWorker.java:lambda$new$0(134)) - s2@group-38A95899D58A-SegmentedRaftLogWorker: flushIndex: setUnconditionally -1 -> 191
2023-02-01 15:05:12,297 [grpc-default-executor-2] INFO  segmented.SegmentedRaftLogWorker (SegmentedRaftLogWorker.java:lambda$new$0(134)) - s2@group-38A95899D58A-SegmentedRaftLogWorker: safeCacheEvictIndex: setUnconditionally -1 -> 191
2023-02-01 15:05:12,297 [grpc-default-executor-2] INFO  impl.SnapshotInstallationHandler (SnapshotInstallationHandler.java:installSnapshotImpl(134)) - s2@group-38A95899D58A: set new configuration configurationEntry {
  peers {
    id: "s0"
    address: "localhost:45369"
    dataStreamAddress: "localhost:45307"
    clientAddress: "localhost:46359"
    adminAddress: "localhost:45813"
    startupRole: FOLLOWER
  }
}
 from snapshot
2023-02-01 15:05:12,297 [grpc-default-executor-2] INFO  server.RaftServer$Division (ServerState.java:setRaftConf(378)) - s2@group-38A95899D58A: set configuration 0: peers:[s0|rpc:localhost:45369|admin:localhost:45813|client:localhost:46359|dataStream:localhost:45307|priority:0|startupRole:FOLLOWER]|listeners:[], old=null
2023-02-01 15:05:12,297 [grpc-default-executor-2] INFO  impl.SnapshotInstallationHandler (SnapshotInstallationHandler.java:installSnapshot(100)) - s2@group-38A95899D58A: reply installSnapshot: s0<-s2#0:OK-t0,SUCCESS,requestIndex=0
2023-02-01 15:05:12,302 [grpc-default-executor-1] INFO  server.GrpcLogAppender (GrpcLogAppender.java:onNext(491)) - s0@group-38A95899D58A->s2-InstallSnapshotResponseHandler: received the first reply s0<-s2#0:OK-t0,SUCCESS,requestIndex=0
2023-02-01 15:05:12,306 [grpc-default-executor-1] INFO  server.GrpcLogAppender (GrpcLogAppender.java:onNext(504)) - s0@group-38A95899D58A->s2-InstallSnapshotResponseHandler: Completed InstallSnapshot. Reply: serverReply {
  requestorId: "s0"
  replyId: "s2"
  raftGroupId {
    id: "\361\023\307\\vtD<\237p8\251X\231\325\212"
  }
  success: true
}
requestIndex: 0

2023-02-01 15:05:12,306 [grpc-default-executor-1] INFO  leader.FollowerInfo (FollowerInfoImpl.java:setAttemptedToInstallSnapshot(123)) - Follower s0@group-38A95899D58A->s2 acknowledged installing snapshot
2023-02-01 15:05:12,310 [grpc-default-executor-2] INFO  impl.SnapshotInstallationHandler (SnapshotInstallationHandler.java:installSnapshot(89)) - s2@group-38A95899D58A: receive installSnapshot: s0->s2#0-t1,chunk:3027615e-e5a7-43f0-a18c-388776b7b2ca,1
2023-02-01 15:05:12,310 [grpc-default-executor-2] TRACE util.FileUtils (LogUtils.java:runAndLog(49)) - Successfully ran Files.createDirectories /home/runner/work/ratis/ratis/ratis-test/target/test/data/4bffaa74/MiniRaftClusterWithGrpc11c295d1/s2/f113c75c-7674-443c-9f70-38a95899d58a/tmp/snapshot-3027615e-e5a7-43f0-a18c-388776b7b2ca
2023-02-01 15:05:12,310 [grpc-default-executor-2] INFO  storage.SnapshotManager (SnapshotManager.java:installSnapshot(89)) - Installing snapshot:s0->s2#0-t1,chunk:3027615e-e5a7-43f0-a18c-388776b7b2ca,1, to tmp dir:/home/runner/work/ratis/ratis/ratis-test/target/test/data/4bffaa74/MiniRaftClusterWithGrpc11c295d1/s2/f113c75c-7674-443c-9f70-38a95899d58a/tmp/snapshot-3027615e-e5a7-43f0-a18c-388776b7b2ca
2023-02-01 15:05:12,310 [grpc-default-executor-2] TRACE util.FileUtils (LogUtils.java:runAndLog(49)) - Successfully ran Files.createDirectories /home/runner/work/ratis/ratis/ratis-test/target/test/data/4bffaa74/MiniRaftClusterWithGrpc11c295d1/s2/f113c75c-7674-443c-9f70-38a95899d58a/tmp/snapshot-3027615e-e5a7-43f0-a18c-388776b7b2ca/snapshot/sub
2023-02-01 15:05:12,310 [grpc-default-executor-2] INFO  segmented.SegmentedRaftLogWorker (SegmentedRaftLogWorker.java:lambda$new$0(134)) - s2@group-38A95899D58A-SegmentedRaftLogWorker: flushIndex: setUnconditionally 191 -> 191
2023-02-01 15:05:12,310 [grpc-default-executor-2] INFO  segmented.SegmentedRaftLogWorker (SegmentedRaftLogWorker.java:lambda$new$0(134)) - s2@group-38A95899D58A-SegmentedRaftLogWorker: safeCacheEvictIndex: setUnconditionally 191 -> 191
2023-02-01 15:05:12,310 [grpc-default-executor-2] INFO  impl.SnapshotInstallationHandler (SnapshotInstallationHandler.java:installSnapshot(100)) - s2@group-38A95899D58A: reply installSnapshot: s0<-s2#0:OK-t1,SUCCESS,requestIndex=1
2023-02-01 15:05:12,311 [grpc-default-executor-0] INFO  server.GrpcLogAppender (GrpcLogAppender.java:onNext(491)) - s0@group-38A95899D58A->s2-InstallSnapshotResponseHandler: received a reply s0<-s2#0:OK-t1,SUCCESS,requestIndex=1
2023-02-01 15:05:12,311 [grpc-default-executor-0] INFO  server.GrpcLogAppender (GrpcLogAppender.java:onNext(504)) - s0@group-38A95899D58A->s2-InstallSnapshotResponseHandler: Completed InstallSnapshot. Reply: serverReply {
  requestorId: "s0"
  replyId: "s2"
  raftGroupId {
    id: "\361\023\307\\vtD<\237p8\251X\231\325\212"
  }
  success: true
}
term: 1
requestIndex: 1

2023-02-01 15:05:12,311 [grpc-default-executor-0] INFO  leader.FollowerInfo (FollowerInfoImpl.java:setAttemptedToInstallSnapshot(123)) - Follower s0@group-38A95899D58A->s2 acknowledged installing snapshot
2023-02-01 15:05:12,311 [grpc-default-executor-1] INFO  impl.SnapshotInstallationHandler (SnapshotInstallationHandler.java:installSnapshot(89)) - s2@group-38A95899D58A: receive installSnapshot: s0->s2#0-t1,chunk:3027615e-e5a7-43f0-a18c-388776b7b2ca,2
2023-02-01 15:05:12,312 [grpc-default-executor-1] TRACE util.FileUtils (LogUtils.java:runAndLog(49)) - Successfully ran Files.createDirectories /home/runner/work/ratis/ratis/ratis-test/target/test/data/4bffaa74/MiniRaftClusterWithGrpc11c295d1/s2/f113c75c-7674-443c-9f70-38a95899d58a/tmp/snapshot-3027615e-e5a7-43f0-a18c-388776b7b2ca
2023-02-01 15:05:12,312 [grpc-default-executor-1] INFO  storage.SnapshotManager (SnapshotManager.java:installSnapshot(89)) - Installing snapshot:s0->s2#0-t1,chunk:3027615e-e5a7-43f0-a18c-388776b7b2ca,2, to tmp dir:/home/runner/work/ratis/ratis/ratis-test/target/test/data/4bffaa74/MiniRaftClusterWithGrpc11c295d1/s2/f113c75c-7674-443c-9f70-38a95899d58a/tmp/snapshot-3027615e-e5a7-43f0-a18c-388776b7b2ca
2023-02-01 15:05:12,312 [grpc-default-executor-1] TRACE util.FileUtils (LogUtils.java:runAndLog(49)) - Successfully ran Files.createDirectories /home/runner/work/ratis/ratis/ratis-test/target/test/data/4bffaa74/MiniRaftClusterWithGrpc11c295d1/s2/f113c75c-7674-443c-9f70-38a95899d58a/tmp/snapshot-3027615e-e5a7-43f0-a18c-388776b7b2ca/snapshot/sub
2023-02-01 15:05:12,312 [grpc-default-executor-1] INFO  segmented.SegmentedRaftLogWorker (SegmentedRaftLogWorker.java:lambda$new$0(134)) - s2@group-38A95899D58A-SegmentedRaftLogWorker: flushIndex: setUnconditionally 191 -> 191
2023-02-01 15:05:12,312 [grpc-default-executor-1] INFO  segmented.SegmentedRaftLogWorker (SegmentedRaftLogWorker.java:lambda$new$0(134)) - s2@group-38A95899D58A-SegmentedRaftLogWorker: safeCacheEvictIndex: setUnconditionally 191 -> 191
2023-02-01 15:05:12,312 [grpc-default-executor-1] INFO  impl.SnapshotInstallationHandler (SnapshotInstallationHandler.java:installSnapshot(100)) - s2@group-38A95899D58A: reply installSnapshot: s0<-s2#0:OK-t1,SUCCESS,requestIndex=2
2023-02-01 15:05:12,312 [grpc-default-executor-0] INFO  server.GrpcLogAppender (GrpcLogAppender.java:onNext(491)) - s0@group-38A95899D58A->s2-InstallSnapshotResponseHandler: received a reply s0<-s2#0:OK-t1,SUCCESS,requestIndex=2
2023-02-01 15:05:12,313 [grpc-default-executor-1] INFO  impl.SnapshotInstallationHandler (SnapshotInstallationHandler.java:installSnapshot(89)) - s2@group-38A95899D58A: receive installSnapshot: s0->s2#0-t1,chunk:3027615e-e5a7-43f0-a18c-388776b7b2ca,3
2023-02-01 15:05:12,313 [grpc-default-executor-1] TRACE util.FileUtils (LogUtils.java:runAndLog(49)) - Successfully ran Files.createDirectories /home/runner/work/ratis/ratis/ratis-test/target/test/data/4bffaa74/MiniRaftClusterWithGrpc11c295d1/s2/f113c75c-7674-443c-9f70-38a95899d58a/tmp/snapshot-3027615e-e5a7-43f0-a18c-388776b7b2ca
2023-02-01 15:05:12,313 [grpc-default-executor-1] INFO  storage.SnapshotManager (SnapshotManager.java:installSnapshot(89)) - Installing snapshot:s0->s2#0-t1,chunk:3027615e-e5a7-43f0-a18c-388776b7b2ca,3, to tmp dir:/home/runner/work/ratis/ratis/ratis-test/target/test/data/4bffaa74/MiniRaftClusterWithGrpc11c295d1/s2/f113c75c-7674-443c-9f70-38a95899d58a/tmp/snapshot-3027615e-e5a7-43f0-a18c-388776b7b2ca
2023-02-01 15:05:12,313 [grpc-default-executor-1] TRACE util.FileUtils (LogUtils.java:runAndLog(49)) - Successfully ran Files.createDirectories /home/runner/work/ratis/ratis/ratis-test/target/test/data/4bffaa74/MiniRaftClusterWithGrpc11c295d1/s2/f113c75c-7674-443c-9f70-38a95899d58a/tmp/snapshot-3027615e-e5a7-43f0-a18c-388776b7b2ca/snapshot/sub
2023-02-01 15:05:12,313 [grpc-default-executor-1] INFO  segmented.SegmentedRaftLogWorker (SegmentedRaftLogWorker.java:lambda$new$0(134)) - s2@group-38A95899D58A-SegmentedRaftLogWorker: flushIndex: setUnconditionally 191 -> 191
2023-02-01 15:05:12,313 [grpc-default-executor-1] INFO  segmented.SegmentedRaftLogWorker (SegmentedRaftLogWorker.java:lambda$new$0(134)) - s2@group-38A95899D58A-SegmentedRaftLogWorker: safeCacheEvictIndex: setUnconditionally 191 -> 191
2023-02-01 15:05:12,313 [grpc-default-executor-1] INFO  impl.SnapshotInstallationHandler (SnapshotInstallationHandler.java:installSnapshot(100)) - s2@group-38A95899D58A: reply installSnapshot: s0<-s2#0:OK-t1,SUCCESS,requestIndex=3
2023-02-01 15:05:12,314 [grpc-default-executor-2] INFO  impl.SnapshotInstallationHandler (SnapshotInstallationHandler.java:installSnapshot(89)) - s1@group-38A95899D58A: receive installSnapshot: s0->s1#0-t1,chunk:fb248362-2edc-444c-9084-a4c2ed1ffbc8,0
2023-02-01 15:05:12,314 [grpc-default-executor-0] INFO  server.GrpcLogAppender (GrpcLogAppender.java:onNext(504)) - s0@group-38A95899D58A->s2-InstallSnapshotResponseHandler: Completed InstallSnapshot. Reply: serverReply {
  requestorId: "s0"
  replyId: "s2"
  raftGroupId {
    id: "\361\023\307\\vtD<\237p8\251X\231\325\212"
  }
  success: true
}
term: 1
requestIndex: 2

2023-02-01 15:05:12,314 [grpc-default-executor-0] INFO  leader.FollowerInfo (FollowerInfoImpl.java:setAttemptedToInstallSnapshot(123)) - Follower s0@group-38A95899D58A->s2 acknowledged installing snapshot
2023-02-01 15:05:12,315 [grpc-default-executor-0] INFO  impl.SnapshotInstallationHandler (SnapshotInstallationHandler.java:installSnapshot(89)) - s2@group-38A95899D58A: receive installSnapshot: s0->s2#0-t1,chunk:3027615e-e5a7-43f0-a18c-388776b7b2ca,4
2023-02-01 15:05:12,315 [grpc-default-executor-0] TRACE util.FileUtils (LogUtils.java:runAndLog(49)) - Successfully ran Files.createDirectories /home/runner/work/ratis/ratis/ratis-test/target/test/data/4bffaa74/MiniRaftClusterWithGrpc11c295d1/s2/f113c75c-7674-443c-9f70-38a95899d58a/tmp/snapshot-3027615e-e5a7-43f0-a18c-388776b7b2ca
2023-02-01 15:05:12,315 [grpc-default-executor-0] INFO  storage.SnapshotManager (SnapshotManager.java:installSnapshot(89)) - Installing snapshot:s0->s2#0-t1,chunk:3027615e-e5a7-43f0-a18c-388776b7b2ca,4, to tmp dir:/home/runner/work/ratis/ratis/ratis-test/target/test/data/4bffaa74/MiniRaftClusterWithGrpc11c295d1/s2/f113c75c-7674-443c-9f70-38a95899d58a/tmp/snapshot-3027615e-e5a7-43f0-a18c-388776b7b2ca
2023-02-01 15:05:12,315 [grpc-default-executor-0] TRACE util.FileUtils (LogUtils.java:runAndLog(49)) - Successfully ran Files.createDirectories /home/runner/work/ratis/ratis/ratis-test/target/test/data/4bffaa74/MiniRaftClusterWithGrpc11c295d1/s2/f113c75c-7674-443c-9f70-38a95899d58a/tmp/snapshot-3027615e-e5a7-43f0-a18c-388776b7b2ca/snapshot/sub
2023-02-01 15:05:12,315 [grpc-default-executor-1] INFO  server.GrpcLogAppender (GrpcLogAppender.java:onNext(491)) - s0@group-38A95899D58A->s2-InstallSnapshotResponseHandler: received a reply s0<-s2#0:OK-t1,SUCCESS,requestIndex=3
2023-02-01 15:05:12,315 [grpc-default-executor-1] INFO  server.GrpcLogAppender (GrpcLogAppender.java:onNext(504)) - s0@group-38A95899D58A->s2-InstallSnapshotResponseHandler: Completed InstallSnapshot. Reply: serverReply {
  requestorId: "s0"
  replyId: "s2"
  raftGroupId {
    id: "\361\023\307\\vtD<\237p8\251X\231\325\212"
  }
  success: true
}
term: 1
requestIndex: 3

2023-02-01 15:05:12,315 [grpc-default-executor-1] INFO  leader.FollowerInfo (FollowerInfoImpl.java:setAttemptedToInstallSnapshot(123)) - Follower s0@group-38A95899D58A->s2 acknowledged installing snapshot
2023-02-01 15:05:12,316 [grpc-default-executor-0] INFO  segmented.SegmentedRaftLogWorker (SegmentedRaftLogWorker.java:lambda$new$0(134)) - s2@group-38A95899D58A-SegmentedRaftLogWorker: flushIndex: setUnconditionally 191 -> 191
2023-02-01 15:05:12,316 [grpc-default-executor-0] INFO  segmented.SegmentedRaftLogWorker (SegmentedRaftLogWorker.java:lambda$new$0(134)) - s2@group-38A95899D58A-SegmentedRaftLogWorker: safeCacheEvictIndex: setUnconditionally 191 -> 191
2023-02-01 15:05:12,316 [grpc-default-executor-0] INFO  impl.SnapshotInstallationHandler (SnapshotInstallationHandler.java:installSnapshot(100)) - s2@group-38A95899D58A: reply installSnapshot: s0<-s2#0:OK-t1,SUCCESS,requestIndex=4
2023-02-01 15:05:12,317 [grpc-default-executor-0] INFO  impl.SnapshotInstallationHandler (SnapshotInstallationHandler.java:installSnapshot(89)) - s2@group-38A95899D58A: receive installSnapshot: s0->s2#0-t1,chunk:3027615e-e5a7-43f0-a18c-388776b7b2ca,5
2023-02-01 15:05:12,317 [grpc-default-executor-0] TRACE util.FileUtils (LogUtils.java:runAndLog(49)) - Successfully ran Files.createDirectories /home/runner/work/ratis/ratis/ratis-test/target/test/data/4bffaa74/MiniRaftClusterWithGrpc11c295d1/s2/f113c75c-7674-443c-9f70-38a95899d58a/tmp/snapshot-3027615e-e5a7-43f0-a18c-388776b7b2ca
2023-02-01 15:05:12,317 [grpc-default-executor-0] INFO  storage.SnapshotManager (SnapshotManager.java:installSnapshot(89)) - Installing snapshot:s0->s2#0-t1,chunk:3027615e-e5a7-43f0-a18c-388776b7b2ca,5, to tmp dir:/home/runner/work/ratis/ratis/ratis-test/target/test/data/4bffaa74/MiniRaftClusterWithGrpc11c295d1/s2/f113c75c-7674-443c-9f70-38a95899d58a/tmp/snapshot-3027615e-e5a7-43f0-a18c-388776b7b2ca
2023-02-01 15:05:12,317 [grpc-default-executor-0] TRACE util.FileUtils (LogUtils.java:runAndLog(49)) - Successfully ran Files.createDirectories /home/runner/work/ratis/ratis/ratis-test/target/test/data/4bffaa74/MiniRaftClusterWithGrpc11c295d1/s2/f113c75c-7674-443c-9f70-38a95899d58a/tmp/snapshot-3027615e-e5a7-43f0-a18c-388776b7b2ca
2023-02-01 15:05:12,317 [grpc-default-executor-0] INFO  segmented.SegmentedRaftLogWorker (SegmentedRaftLogWorker.java:lambda$new$0(134)) - s2@group-38A95899D58A-SegmentedRaftLogWorker: flushIndex: setUnconditionally 191 -> 191
2023-02-01 15:05:12,317 [grpc-default-executor-0] INFO  segmented.SegmentedRaftLogWorker (SegmentedRaftLogWorker.java:lambda$new$0(134)) - s2@group-38A95899D58A-SegmentedRaftLogWorker: safeCacheEvictIndex: setUnconditionally 191 -> 191
2023-02-01 15:05:12,317 [grpc-default-executor-0] INFO  impl.SnapshotInstallationHandler (SnapshotInstallationHandler.java:installSnapshot(100)) - s2@group-38A95899D58A: reply installSnapshot: s0<-s2#0:OK-t1,SUCCESS,requestIndex=5
2023-02-01 15:05:12,317 [grpc-default-executor-1] INFO  server.GrpcLogAppender (GrpcLogAppender.java:onNext(491)) - s0@group-38A95899D58A->s2-InstallSnapshotResponseHandler: received a reply s0<-s2#0:OK-t1,SUCCESS,requestIndex=4
2023-02-01 15:05:12,317 [grpc-default-executor-1] INFO  server.GrpcLogAppender (GrpcLogAppender.java:onNext(504)) - s0@group-38A95899D58A->s2-InstallSnapshotResponseHandler: Completed InstallSnapshot. Reply: serverReply {
  requestorId: "s0"
  replyId: "s2"
  raftGroupId {
    id: "\361\023\307\\vtD<\237p8\251X\231\325\212"
  }
  success: true
}
term: 1
requestIndex: 4

2023-02-01 15:05:12,318 [grpc-default-executor-1] INFO  leader.FollowerInfo (FollowerInfoImpl.java:setAttemptedToInstallSnapshot(123)) - Follower s0@group-38A95899D58A->s2 acknowledged installing snapshot
2023-02-01 15:05:12,318 [grpc-default-executor-1] INFO  impl.SnapshotInstallationHandler (SnapshotInstallationHandler.java:installSnapshot(89)) - s2@group-38A95899D58A: receive installSnapshot: s0->s2#0-t1,chunk:3027615e-e5a7-43f0-a18c-388776b7b2ca,6
2023-02-01 15:05:12,318 [grpc-default-executor-1] TRACE util.FileUtils (LogUtils.java:runAndLog(49)) - Successfully ran Files.createDirectories /home/runner/work/ratis/ratis/ratis-test/target/test/data/4bffaa74/MiniRaftClusterWithGrpc11c295d1/s2/f113c75c-7674-443c-9f70-38a95899d58a/tmp/snapshot-3027615e-e5a7-43f0-a18c-388776b7b2ca
2023-02-01 15:05:12,318 [grpc-default-executor-1] INFO  storage.SnapshotManager (SnapshotManager.java:installSnapshot(89)) - Installing snapshot:s0->s2#0-t1,chunk:3027615e-e5a7-43f0-a18c-388776b7b2ca,6, to tmp dir:/home/runner/work/ratis/ratis/ratis-test/target/test/data/4bffaa74/MiniRaftClusterWithGrpc11c295d1/s2/f113c75c-7674-443c-9f70-38a95899d58a/tmp/snapshot-3027615e-e5a7-43f0-a18c-388776b7b2ca
2023-02-01 15:05:12,318 [grpc-default-executor-1] TRACE util.FileUtils (LogUtils.java:runAndLog(49)) - Successfully ran Files.createDirectories /home/runner/work/ratis/ratis/ratis-test/target/test/data/4bffaa74/MiniRaftClusterWithGrpc11c295d1/s2/f113c75c-7674-443c-9f70-38a95899d58a/tmp/snapshot-3027615e-e5a7-43f0-a18c-388776b7b2ca
2023-02-01 15:05:12,318 [grpc-default-executor-1] INFO  segmented.SegmentedRaftLogWorker (SegmentedRaftLogWorker.java:lambda$new$0(134)) - s2@group-38A95899D58A-SegmentedRaftLogWorker: flushIndex: setUnconditionally 191 -> 191
2023-02-01 15:05:12,318 [grpc-default-executor-1] INFO  segmented.SegmentedRaftLogWorker (SegmentedRaftLogWorker.java:lambda$new$0(134)) - s2@group-38A95899D58A-SegmentedRaftLogWorker: safeCacheEvictIndex: setUnconditionally 191 -> 191
2023-02-01 15:05:12,318 [grpc-default-executor-1] INFO  impl.SnapshotInstallationHandler (SnapshotInstallationHandler.java:installSnapshot(100)) - s2@group-38A95899D58A: reply installSnapshot: s0<-s2#0:OK-t1,SUCCESS,requestIndex=6
2023-02-01 15:05:12,318 [grpc-default-executor-0] INFO  server.GrpcLogAppender (GrpcLogAppender.java:onNext(491)) - s0@group-38A95899D58A->s2-InstallSnapshotResponseHandler: received a reply s0<-s2#0:OK-t1,SUCCESS,requestIndex=5
2023-02-01 15:05:12,319 [grpc-default-executor-0] INFO  server.GrpcLogAppender (GrpcLogAppender.java:onNext(504)) - s0@group-38A95899D58A->s2-InstallSnapshotResponseHandler: Completed InstallSnapshot. Reply: serverReply {
  requestorId: "s0"
  replyId: "s2"
  raftGroupId {
    id: "\361\023\307\\vtD<\237p8\251X\231\325\212"
  }
  success: true
}
term: 1
requestIndex: 5

2023-02-01 15:05:12,319 [grpc-default-executor-0] INFO  leader.FollowerInfo (FollowerInfoImpl.java:setAttemptedToInstallSnapshot(123)) - Follower s0@group-38A95899D58A->s2 acknowledged installing snapshot
2023-02-01 15:05:12,319 [grpc-default-executor-1] INFO  server.GrpcLogAppender (GrpcLogAppender.java:onNext(491)) - s0@group-38A95899D58A->s2-InstallSnapshotResponseHandler: received a reply s0<-s2#0:OK-t1,SUCCESS,requestIndex=6
2023-02-01 15:05:12,319 [grpc-default-executor-1] INFO  server.GrpcLogAppender (GrpcLogAppender.java:onNext(504)) - s0@group-38A95899D58A->s2-InstallSnapshotResponseHandler: Completed InstallSnapshot. Reply: serverReply {
  requestorId: "s0"
  replyId: "s2"
  raftGroupId {
    id: "\361\023\307\\vtD<\237p8\251X\231\325\212"
  }
  success: true
}
term: 1
requestIndex: 6

2023-02-01 15:05:12,319 [grpc-default-executor-1] INFO  leader.FollowerInfo (FollowerInfoImpl.java:setAttemptedToInstallSnapshot(123)) - Follower s0@group-38A95899D58A->s2 acknowledged installing snapshot
2023-02-01 15:05:12,319 [grpc-default-executor-0] INFO  impl.SnapshotInstallationHandler (SnapshotInstallationHandler.java:installSnapshot(89)) - s2@group-38A95899D58A: receive installSnapshot: s0->s2#0-t1,chunk:3027615e-e5a7-43f0-a18c-388776b7b2ca,7
2023-02-01 15:05:12,319 [grpc-default-executor-0] TRACE util.FileUtils (LogUtils.java:runAndLog(49)) - Successfully ran Files.createDirectories /home/runner/work/ratis/ratis/ratis-test/target/test/data/4bffaa74/MiniRaftClusterWithGrpc11c295d1/s2/f113c75c-7674-443c-9f70-38a95899d58a/tmp/snapshot-3027615e-e5a7-43f0-a18c-388776b7b2ca
2023-02-01 15:05:12,319 [grpc-default-executor-0] INFO  storage.SnapshotManager (SnapshotManager.java:installSnapshot(89)) - Installing snapshot:s0->s2#0-t1,chunk:3027615e-e5a7-43f0-a18c-388776b7b2ca,7, to tmp dir:/home/runner/work/ratis/ratis/ratis-test/target/test/data/4bffaa74/MiniRaftClusterWithGrpc11c295d1/s2/f113c75c-7674-443c-9f70-38a95899d58a/tmp/snapshot-3027615e-e5a7-43f0-a18c-388776b7b2ca
2023-02-01 15:05:12,319 [grpc-default-executor-0] TRACE util.FileUtils (LogUtils.java:runAndLog(49)) - Successfully ran Files.createDirectories /home/runner/work/ratis/ratis/ratis-test/target/test/data/4bffaa74/MiniRaftClusterWithGrpc11c295d1/s2/f113c75c-7674-443c-9f70-38a95899d58a/tmp/snapshot-3027615e-e5a7-43f0-a18c-388776b7b2ca
2023-02-01 15:05:12,320 [grpc-default-executor-0] INFO  segmented.SegmentedRaftLogWorker (SegmentedRaftLogWorker.java:lambda$new$0(134)) - s2@group-38A95899D58A-SegmentedRaftLogWorker: flushIndex: setUnconditionally 191 -> 191
2023-02-01 15:05:12,320 [grpc-default-executor-0] INFO  segmented.SegmentedRaftLogWorker (SegmentedRaftLogWorker.java:lambda$new$0(134)) - s2@group-38A95899D58A-SegmentedRaftLogWorker: safeCacheEvictIndex: setUnconditionally 191 -> 191
2023-02-01 15:05:12,320 [grpc-default-executor-0] INFO  impl.SnapshotInstallationHandler (SnapshotInstallationHandler.java:installSnapshot(100)) - s2@group-38A95899D58A: reply installSnapshot: s0<-s2#0:OK-t1,SUCCESS,requestIndex=7
2023-02-01 15:05:12,320 [grpc-default-executor-2] INFO  server.RaftServer$Division (ServerState.java:setLeader(260)) - s1@group-38A95899D58A: change Leader from null to s0 at term 1 for installSnapshot, leader elected after 73ms
2023-02-01 15:05:12,320 [grpc-default-executor-2] TRACE util.FileUtils (LogUtils.java:runAndLog(49)) - Successfully ran Files.createDirectories /home/runner/work/ratis/ratis/ratis-test/target/test/data/4bffaa74/MiniRaftClusterWithGrpc11c295d1/s1/f113c75c-7674-443c-9f70-38a95899d58a/tmp/snapshot-fb248362-2edc-444c-9084-a4c2ed1ffbc8
2023-02-01 15:05:12,320 [grpc-default-executor-2] INFO  storage.SnapshotManager (SnapshotManager.java:installSnapshot(89)) - Installing snapshot:s0->s1#0-t1,chunk:fb248362-2edc-444c-9084-a4c2ed1ffbc8,0, to tmp dir:/home/runner/work/ratis/ratis/ratis-test/target/test/data/4bffaa74/MiniRaftClusterWithGrpc11c295d1/s1/f113c75c-7674-443c-9f70-38a95899d58a/tmp/snapshot-fb248362-2edc-444c-9084-a4c2ed1ffbc8
2023-02-01 15:05:12,321 [grpc-default-executor-2] TRACE util.FileUtils (LogUtils.java:runAndLog(49)) - Successfully ran Files.createDirectories /home/runner/work/ratis/ratis/ratis-test/target/test/data/4bffaa74/MiniRaftClusterWithGrpc11c295d1/s1/f113c75c-7674-443c-9f70-38a95899d58a/tmp/snapshot-fb248362-2edc-444c-9084-a4c2ed1ffbc8/snapshot
2023-02-01 15:05:12,321 [grpc-default-executor-0] INFO  server.GrpcLogAppender (GrpcLogAppender.java:onNext(491)) - s0@group-38A95899D58A->s2-InstallSnapshotResponseHandler: received a reply s0<-s2#0:OK-t1,SUCCESS,requestIndex=7
2023-02-01 15:05:12,322 [grpc-default-executor-0] INFO  server.GrpcLogAppender (GrpcLogAppender.java:onNext(504)) - s0@group-38A95899D58A->s2-InstallSnapshotResponseHandler: Completed InstallSnapshot. Reply: serverReply {
  requestorId: "s0"
  replyId: "s2"
  raftGroupId {
    id: "\361\023\307\\vtD<\237p8\251X\231\325\212"
  }
  success: true
}
term: 1
requestIndex: 7

2023-02-01 15:05:12,322 [grpc-default-executor-0] INFO  leader.FollowerInfo (FollowerInfoImpl.java:setAttemptedToInstallSnapshot(123)) - Follower s0@group-38A95899D58A->s2 acknowledged installing snapshot
2023-02-01 15:05:12,322 [grpc-default-executor-2] INFO  segmented.SegmentedRaftLogWorker (SegmentedRaftLogWorker.java:lambda$new$0(134)) - s1@group-38A95899D58A-SegmentedRaftLogWorker: flushIndex: setUnconditionally -1 -> 191
2023-02-01 15:05:12,322 [grpc-default-executor-2] INFO  segmented.SegmentedRaftLogWorker (SegmentedRaftLogWorker.java:lambda$new$0(134)) - s1@group-38A95899D58A-SegmentedRaftLogWorker: safeCacheEvictIndex: setUnconditionally -1 -> 191
2023-02-01 15:05:12,322 [grpc-default-executor-2] INFO  impl.SnapshotInstallationHandler (SnapshotInstallationHandler.java:installSnapshotImpl(134)) - s1@group-38A95899D58A: set new configuration configurationEntry {
  peers {
    id: "s0"
    address: "localhost:45369"
    dataStreamAddress: "localhost:45307"
    clientAddress: "localhost:46359"
    adminAddress: "localhost:45813"
    startupRole: FOLLOWER
  }
}
 from snapshot
2023-02-01 15:05:12,326 [grpc-default-executor-0] INFO  impl.SnapshotInstallationHandler (SnapshotInstallationHandler.java:installSnapshot(89)) - s2@group-38A95899D58A: receive installSnapshot: s0->s2#0-t1,chunk:3027615e-e5a7-43f0-a18c-388776b7b2ca,8
2023-02-01 15:05:12,326 [grpc-default-executor-0] TRACE util.FileUtils (LogUtils.java:runAndLog(49)) - Successfully ran Files.createDirectories /home/runner/work/ratis/ratis/ratis-test/target/test/data/4bffaa74/MiniRaftClusterWithGrpc11c295d1/s2/f113c75c-7674-443c-9f70-38a95899d58a/tmp/snapshot-3027615e-e5a7-43f0-a18c-388776b7b2ca
2023-02-01 15:05:12,326 [grpc-default-executor-0] INFO  storage.SnapshotManager (SnapshotManager.java:installSnapshot(89)) - Installing snapshot:s0->s2#0-t1,chunk:3027615e-e5a7-43f0-a18c-388776b7b2ca,8, to tmp dir:/home/runner/work/ratis/ratis/ratis-test/target/test/data/4bffaa74/MiniRaftClusterWithGrpc11c295d1/s2/f113c75c-7674-443c-9f70-38a95899d58a/tmp/snapshot-3027615e-e5a7-43f0-a18c-388776b7b2ca
2023-02-01 15:05:12,326 [grpc-default-executor-0] TRACE util.FileUtils (LogUtils.java:runAndLog(49)) - Successfully ran Files.createDirectories /home/runner/work/ratis/ratis/ratis-test/target/test/data/4bffaa74/MiniRaftClusterWithGrpc11c295d1/s2/f113c75c-7674-443c-9f70-38a95899d58a/tmp/snapshot-3027615e-e5a7-43f0-a18c-388776b7b2ca
2023-02-01 15:05:12,326 [grpc-default-executor-0] INFO  segmented.SegmentedRaftLogWorker (SegmentedRaftLogWorker.java:lambda$new$0(134)) - s2@group-38A95899D58A-SegmentedRaftLogWorker: flushIndex: setUnconditionally 191 -> 191
2023-02-01 15:05:12,326 [grpc-default-executor-0] INFO  segmented.SegmentedRaftLogWorker (SegmentedRaftLogWorker.java:lambda$new$0(134)) - s2@group-38A95899D58A-SegmentedRaftLogWorker: safeCacheEvictIndex: setUnconditionally 191 -> 191
2023-02-01 15:05:12,326 [grpc-default-executor-0] INFO  impl.SnapshotInstallationHandler (SnapshotInstallationHandler.java:installSnapshot(100)) - s2@group-38A95899D58A: reply installSnapshot: s0<-s2#0:OK-t1,SUCCESS,requestIndex=8
2023-02-01 15:05:12,326 [grpc-default-executor-0] INFO  server.GrpcLogAppender (GrpcLogAppender.java:onNext(491)) - s0@group-38A95899D58A->s2-InstallSnapshotResponseHandler: received a reply s0<-s2#0:OK-t1,SUCCESS,requestIndex=8
2023-02-01 15:05:12,328 [grpc-default-executor-0] INFO  server.GrpcLogAppender (GrpcLogAppender.java:onNext(504)) - s0@group-38A95899D58A->s2-InstallSnapshotResponseHandler: Completed InstallSnapshot. Reply: serverReply {
  requestorId: "s0"
  replyId: "s2"
  raftGroupId {
    id: "\361\023\307\\vtD<\237p8\251X\231\325\212"
  }
  success: true
}
term: 1
requestIndex: 8

2023-02-01 15:05:12,328 [grpc-default-executor-0] INFO  leader.FollowerInfo (FollowerInfoImpl.java:setAttemptedToInstallSnapshot(123)) - Follower s0@group-38A95899D58A->s2 acknowledged installing snapshot
2023-02-01 15:05:12,329 [grpc-default-executor-3] WARN  server.GrpcServerProtocolService (LogUtils.java:warn(122)) - s2: installSnapshot onError, lastRequest: s0->s2#0-t1,chunk:3027615e-e5a7-43f0-a18c-388776b7b2ca,8: org.apache.ratis.thirdparty.io.grpc.StatusRuntimeException: CANCELLED: client cancelled
2023-02-01 15:05:12,329 [grpc-default-executor-2] INFO  server.RaftServer$Division (ServerState.java:setRaftConf(378)) - s1@group-38A95899D58A: set configuration 0: peers:[s0|rpc:localhost:45369|admin:localhost:45813|client:localhost:46359|dataStream:localhost:45307|priority:0|startupRole:FOLLOWER]|listeners:[], old=null
2023-02-01 15:05:12,329 [grpc-default-executor-2] INFO  impl.SnapshotInstallationHandler (SnapshotInstallationHandler.java:installSnapshot(100)) - s1@group-38A95899D58A: reply installSnapshot: s0<-s1#0:OK-t0,SUCCESS,requestIndex=0
2023-02-01 15:05:12,330 [grpc-default-executor-2] INFO  impl.SnapshotInstallationHandler (SnapshotInstallationHandler.java:installSnapshot(89)) - s1@group-38A95899D58A: receive installSnapshot: s0->s1#0-t1,chunk:fb248362-2edc-444c-9084-a4c2ed1ffbc8,1
2023-02-01 15:05:12,330 [grpc-default-executor-2] TRACE util.FileUtils (LogUtils.java:runAndLog(49)) - Successfully ran Files.createDirectories /home/runner/work/ratis/ratis/ratis-test/target/test/data/4bffaa74/MiniRaftClusterWithGrpc11c295d1/s1/f113c75c-7674-443c-9f70-38a95899d58a/tmp/snapshot-fb248362-2edc-444c-9084-a4c2ed1ffbc8
2023-02-01 15:05:12,330 [grpc-default-executor-2] INFO  storage.SnapshotManager (SnapshotManager.java:installSnapshot(89)) - Installing snapshot:s0->s1#0-t1,chunk:fb248362-2edc-444c-9084-a4c2ed1ffbc8,1, to tmp dir:/home/runner/work/ratis/ratis/ratis-test/target/test/data/4bffaa74/MiniRaftClusterWithGrpc11c295d1/s1/f113c75c-7674-443c-9f70-38a95899d58a/tmp/snapshot-fb248362-2edc-444c-9084-a4c2ed1ffbc8
2023-02-01 15:05:12,330 [grpc-default-executor-2] TRACE util.FileUtils (LogUtils.java:runAndLog(49)) - Successfully ran Files.createDirectories /home/runner/work/ratis/ratis/ratis-test/target/test/data/4bffaa74/MiniRaftClusterWithGrpc11c295d1/s1/f113c75c-7674-443c-9f70-38a95899d58a/tmp/snapshot-fb248362-2edc-444c-9084-a4c2ed1ffbc8/snapshot/sub
2023-02-01 15:05:12,330 [grpc-default-executor-2] INFO  segmented.SegmentedRaftLogWorker (SegmentedRaftLogWorker.java:lambda$new$0(134)) - s1@group-38A95899D58A-SegmentedRaftLogWorker: flushIndex: setUnconditionally 191 -> 191
2023-02-01 15:05:12,330 [grpc-default-executor-2] INFO  segmented.SegmentedRaftLogWorker (SegmentedRaftLogWorker.java:lambda$new$0(134)) - s1@group-38A95899D58A-SegmentedRaftLogWorker: safeCacheEvictIndex: setUnconditionally 191 -> 191
2023-02-01 15:05:12,330 [grpc-default-executor-2] INFO  impl.SnapshotInstallationHandler (SnapshotInstallationHandler.java:installSnapshot(100)) - s1@group-38A95899D58A: reply installSnapshot: s0<-s1#0:OK-t1,SUCCESS,requestIndex=1
2023-02-01 15:05:12,331 [grpc-default-executor-0] WARN  server.GrpcLogAppender (LogUtils.java:warn(122)) - s0@group-38A95899D58A->s2-InstallSnapshotResponseHandler: Failed InstallSnapshot: org.apache.ratis.thirdparty.io.grpc.StatusRuntimeException: CANCELLED: Failed to read message.
2023-02-01 15:05:12,331 [grpc-default-executor-0] INFO  leader.FollowerInfo (FollowerInfoImpl.java:lambda$new$0(52)) - s0@group-38A95899D58A->s2: nextIndex: updateUnconditionally 0 -> 0
2023-02-01 15:05:12,331 [grpc-default-executor-0] INFO  server.GrpcLogAppender (GrpcLogAppender.java:onNext(491)) - s0@group-38A95899D58A->s1-InstallSnapshotResponseHandler: received the first reply s0<-s1#0:OK-t0,SUCCESS,requestIndex=0
2023-02-01 15:05:12,331 [grpc-default-executor-0] INFO  server.GrpcLogAppender (GrpcLogAppender.java:onNext(504)) - s0@group-38A95899D58A->s1-InstallSnapshotResponseHandler: Completed InstallSnapshot. Reply: serverReply {
  requestorId: "s0"
  replyId: "s1"
  raftGroupId {
    id: "\361\023\307\\vtD<\237p8\251X\231\325\212"
  }
  success: true
}
requestIndex: 0

2023-02-01 15:05:12,331 [grpc-default-executor-0] INFO  leader.FollowerInfo (FollowerInfoImpl.java:setAttemptedToInstallSnapshot(123)) - Follower s0@group-38A95899D58A->s1 acknowledged installing snapshot
2023-02-01 15:05:12,332 [grpc-default-executor-2] INFO  impl.SnapshotInstallationHandler (SnapshotInstallationHandler.java:installSnapshot(89)) - s1@group-38A95899D58A: receive installSnapshot: s0->s1#0-t1,chunk:fb248362-2edc-444c-9084-a4c2ed1ffbc8,2
2023-02-01 15:05:12,332 [grpc-default-executor-2] TRACE util.FileUtils (LogUtils.java:runAndLog(49)) - Successfully ran Files.createDirectories /home/runner/work/ratis/ratis/ratis-test/target/test/data/4bffaa74/MiniRaftClusterWithGrpc11c295d1/s1/f113c75c-7674-443c-9f70-38a95899d58a/tmp/snapshot-fb248362-2edc-444c-9084-a4c2ed1ffbc8
2023-02-01 15:05:12,332 [grpc-default-executor-2] INFO  storage.SnapshotManager (SnapshotManager.java:installSnapshot(89)) - Installing snapshot:s0->s1#0-t1,chunk:fb248362-2edc-444c-9084-a4c2ed1ffbc8,2, to tmp dir:/home/runner/work/ratis/ratis/ratis-test/target/test/data/4bffaa74/MiniRaftClusterWithGrpc11c295d1/s1/f113c75c-7674-443c-9f70-38a95899d58a/tmp/snapshot-fb248362-2edc-444c-9084-a4c2ed1ffbc8
2023-02-01 15:05:12,332 [grpc-default-executor-2] TRACE util.FileUtils (LogUtils.java:runAndLog(49)) - Successfully ran Files.createDirectories /home/runner/work/ratis/ratis/ratis-test/target/test/data/4bffaa74/MiniRaftClusterWithGrpc11c295d1/s1/f113c75c-7674-443c-9f70-38a95899d58a/tmp/snapshot-fb248362-2edc-444c-9084-a4c2ed1ffbc8/snapshot/sub
2023-02-01 15:05:12,332 [grpc-default-executor-2] INFO  segmented.SegmentedRaftLogWorker (SegmentedRaftLogWorker.java:lambda$new$0(134)) - s1@group-38A95899D58A-SegmentedRaftLogWorker: flushIndex: setUnconditionally 191 -> 191
2023-02-01 15:05:12,332 [grpc-default-executor-2] INFO  segmented.SegmentedRaftLogWorker (SegmentedRaftLogWorker.java:lambda$new$0(134)) - s1@group-38A95899D58A-SegmentedRaftLogWorker: safeCacheEvictIndex: setUnconditionally 191 -> 191
2023-02-01 15:05:12,332 [grpc-default-executor-2] INFO  impl.SnapshotInstallationHandler (SnapshotInstallationHandler.java:installSnapshot(100)) - s1@group-38A95899D58A: reply installSnapshot: s0<-s1#0:OK-t1,SUCCESS,requestIndex=2
2023-02-01 15:05:12,332 [grpc-default-executor-0] INFO  server.GrpcLogAppender (GrpcLogAppender.java:onNext(491)) - s0@group-38A95899D58A->s1-InstallSnapshotResponseHandler: received a reply s0<-s1#0:OK-t1,SUCCESS,requestIndex=1
2023-02-01 15:05:12,332 [grpc-default-executor-0] INFO  server.GrpcLogAppender (GrpcLogAppender.java:onNext(504)) - s0@group-38A95899D58A->s1-InstallSnapshotResponseHandler: Completed InstallSnapshot. Reply: serverReply {
  requestorId: "s0"
  replyId: "s1"
  raftGroupId {
    id: "\361\023\307\\vtD<\237p8\251X\231\325\212"
  }
  success: true
}
term: 1
requestIndex: 1

2023-02-01 15:05:12,332 [grpc-default-executor-0] INFO  leader.FollowerInfo (FollowerInfoImpl.java:setAttemptedToInstallSnapshot(123)) - Follower s0@group-38A95899D58A->s1 acknowledged installing snapshot
2023-02-01 15:05:12,333 [grpc-default-executor-0] INFO  server.GrpcLogAppender (GrpcLogAppender.java:onNext(491)) - s0@group-38A95899D58A->s1-InstallSnapshotResponseHandler: received a reply s0<-s1#0:OK-t1,SUCCESS,requestIndex=2
2023-02-01 15:05:12,333 [grpc-default-executor-0] INFO  server.GrpcLogAppender (GrpcLogAppender.java:onNext(504)) - s0@group-38A95899D58A->s1-InstallSnapshotResponseHandler: Completed InstallSnapshot. Reply: serverReply {
  requestorId: "s0"
  replyId: "s1"
  raftGroupId {
    id: "\361\023\307\\vtD<\237p8\251X\231\325\212"
  }
  success: true
}
term: 1
requestIndex: 2

2023-02-01 15:05:12,333 [grpc-default-executor-0] INFO  leader.FollowerInfo (FollowerInfoImpl.java:setAttemptedToInstallSnapshot(123)) - Follower s0@group-38A95899D58A->s1 acknowledged installing snapshot
2023-02-01 15:05:12,333 [grpc-default-executor-2] INFO  impl.SnapshotInstallationHandler (SnapshotInstallationHandler.java:installSnapshot(89)) - s1@group-38A95899D58A: receive installSnapshot: s0->s1#0-t1,chunk:fb248362-2edc-444c-9084-a4c2ed1ffbc8,3
2023-02-01 15:05:12,333 [grpc-default-executor-2] TRACE util.FileUtils (LogUtils.java:runAndLog(49)) - Successfully ran Files.createDirectories /home/runner/work/ratis/ratis/ratis-test/target/test/data/4bffaa74/MiniRaftClusterWithGrpc11c295d1/s1/f113c75c-7674-443c-9f70-38a95899d58a/tmp/snapshot-fb248362-2edc-444c-9084-a4c2ed1ffbc8
2023-02-01 15:05:12,334 [grpc-default-executor-2] INFO  storage.SnapshotManager (SnapshotManager.java:installSnapshot(89)) - Installing snapshot:s0->s1#0-t1,chunk:fb248362-2edc-444c-9084-a4c2ed1ffbc8,3, to tmp dir:/home/runner/work/ratis/ratis/ratis-test/target/test/data/4bffaa74/MiniRaftClusterWithGrpc11c295d1/s1/f113c75c-7674-443c-9f70-38a95899d58a/tmp/snapshot-fb248362-2edc-444c-9084-a4c2ed1ffbc8
2023-02-01 15:05:12,334 [grpc-default-executor-2] TRACE util.FileUtils (LogUtils.java:runAndLog(49)) - Successfully ran Files.createDirectories /home/runner/work/ratis/ratis/ratis-test/target/test/data/4bffaa74/MiniRaftClusterWithGrpc11c295d1/s1/f113c75c-7674-443c-9f70-38a95899d58a/tmp/snapshot-fb248362-2edc-444c-9084-a4c2ed1ffbc8/snapshot/sub
2023-02-01 15:05:12,334 [grpc-default-executor-2] INFO  segmented.SegmentedRaftLogWorker (SegmentedRaftLogWorker.java:lambda$new$0(134)) - s1@group-38A95899D58A-SegmentedRaftLogWorker: flushIndex: setUnconditionally 191 -> 191
2023-02-01 15:05:12,334 [grpc-default-executor-2] INFO  segmented.SegmentedRaftLogWorker (SegmentedRaftLogWorker.java:lambda$new$0(134)) - s1@group-38A95899D58A-SegmentedRaftLogWorker: safeCacheEvictIndex: setUnconditionally 191 -> 191
2023-02-01 15:05:12,334 [grpc-default-executor-2] INFO  impl.SnapshotInstallationHandler (SnapshotInstallationHandler.java:installSnapshot(100)) - s1@group-38A95899D58A: reply installSnapshot: s0<-s1#0:OK-t1,SUCCESS,requestIndex=3
2023-02-01 15:05:12,334 [grpc-default-executor-0] INFO  server.GrpcLogAppender (GrpcLogAppender.java:onNext(491)) - s0@group-38A95899D58A->s1-InstallSnapshotResponseHandler: received a reply s0<-s1#0:OK-t1,SUCCESS,requestIndex=3
2023-02-01 15:05:12,334 [grpc-default-executor-0] INFO  server.GrpcLogAppender (GrpcLogAppender.java:onNext(504)) - s0@group-38A95899D58A->s1-InstallSnapshotResponseHandler: Completed InstallSnapshot. Reply: serverReply {
  requestorId: "s0"
  replyId: "s1"
  raftGroupId {
    id: "\361\023\307\\vtD<\237p8\251X\231\325\212"
  }
  success: true
}
term: 1
requestIndex: 3

2023-02-01 15:05:12,334 [grpc-default-executor-0] INFO  leader.FollowerInfo (FollowerInfoImpl.java:setAttemptedToInstallSnapshot(123)) - Follower s0@group-38A95899D58A->s1 acknowledged installing snapshot
2023-02-01 15:05:12,339 [grpc-default-executor-2] INFO  impl.SnapshotInstallationHandler (SnapshotInstallationHandler.java:installSnapshot(89)) - s1@group-38A95899D58A: receive installSnapshot: s0->s1#0-t1,chunk:fb248362-2edc-444c-9084-a4c2ed1ffbc8,4
2023-02-01 15:05:12,339 [grpc-default-executor-2] TRACE util.FileUtils (LogUtils.java:runAndLog(49)) - Successfully ran Files.createDirectories /home/runner/work/ratis/ratis/ratis-test/target/test/data/4bffaa74/MiniRaftClusterWithGrpc11c295d1/s1/f113c75c-7674-443c-9f70-38a95899d58a/tmp/snapshot-fb248362-2edc-444c-9084-a4c2ed1ffbc8
2023-02-01 15:05:12,339 [grpc-default-executor-2] INFO  storage.SnapshotManager (SnapshotManager.java:installSnapshot(89)) - Installing snapshot:s0->s1#0-t1,chunk:fb248362-2edc-444c-9084-a4c2ed1ffbc8,4, to tmp dir:/home/runner/work/ratis/ratis/ratis-test/target/test/data/4bffaa74/MiniRaftClusterWithGrpc11c295d1/s1/f113c75c-7674-443c-9f70-38a95899d58a/tmp/snapshot-fb248362-2edc-444c-9084-a4c2ed1ffbc8
2023-02-01 15:05:12,339 [grpc-default-executor-2] TRACE util.FileUtils (LogUtils.java:runAndLog(49)) - Successfully ran Files.createDirectories /home/runner/work/ratis/ratis/ratis-test/target/test/data/4bffaa74/MiniRaftClusterWithGrpc11c295d1/s1/f113c75c-7674-443c-9f70-38a95899d58a/tmp/snapshot-fb248362-2edc-444c-9084-a4c2ed1ffbc8/snapshot/sub
2023-02-01 15:05:12,342 [grpc-default-executor-2] INFO  segmented.SegmentedRaftLogWorker (SegmentedRaftLogWorker.java:lambda$new$0(134)) - s1@group-38A95899D58A-SegmentedRaftLogWorker: flushIndex: setUnconditionally 191 -> 191
2023-02-01 15:05:12,342 [grpc-default-executor-2] INFO  segmented.SegmentedRaftLogWorker (SegmentedRaftLogWorker.java:lambda$new$0(134)) - s1@group-38A95899D58A-SegmentedRaftLogWorker: safeCacheEvictIndex: setUnconditionally 191 -> 191
2023-02-01 15:05:12,342 [grpc-default-executor-2] INFO  impl.SnapshotInstallationHandler (SnapshotInstallationHandler.java:installSnapshot(100)) - s1@group-38A95899D58A: reply installSnapshot: s0<-s1#0:OK-t1,SUCCESS,requestIndex=4
2023-02-01 15:05:12,343 [grpc-default-executor-3] INFO  server.GrpcLogAppender (GrpcLogAppender.java:onNext(491)) - s0@group-38A95899D58A->s1-InstallSnapshotResponseHandler: received a reply s0<-s1#0:OK-t1,SUCCESS,requestIndex=4
2023-02-01 15:05:12,343 [grpc-default-executor-3] INFO  server.GrpcLogAppender (GrpcLogAppender.java:onNext(504)) - s0@group-38A95899D58A->s1-InstallSnapshotResponseHandler: Completed InstallSnapshot. Reply: serverReply {
  requestorId: "s0"
  replyId: "s1"
  raftGroupId {
    id: "\361\023\307\\vtD<\237p8\251X\231\325\212"
  }
  success: true
}
term: 1
requestIndex: 4

2023-02-01 15:05:12,343 [grpc-default-executor-3] INFO  leader.FollowerInfo (FollowerInfoImpl.java:setAttemptedToInstallSnapshot(123)) - Follower s0@group-38A95899D58A->s1 acknowledged installing snapshot
2023-02-01 15:05:12,343 [grpc-default-executor-2] INFO  impl.SnapshotInstallationHandler (SnapshotInstallationHandler.java:installSnapshot(89)) - s1@group-38A95899D58A: receive installSnapshot: s0->s1#0-t1,chunk:fb248362-2edc-444c-9084-a4c2ed1ffbc8,5
2023-02-01 15:05:12,343 [grpc-default-executor-2] TRACE util.FileUtils (LogUtils.java:runAndLog(49)) - Successfully ran Files.createDirectories /home/runner/work/ratis/ratis/ratis-test/target/test/data/4bffaa74/MiniRaftClusterWithGrpc11c295d1/s1/f113c75c-7674-443c-9f70-38a95899d58a/tmp/snapshot-fb248362-2edc-444c-9084-a4c2ed1ffbc8
2023-02-01 15:05:12,343 [grpc-default-executor-2] INFO  storage.SnapshotManager (SnapshotManager.java:installSnapshot(89)) - Installing snapshot:s0->s1#0-t1,chunk:fb248362-2edc-444c-9084-a4c2ed1ffbc8,5, to tmp dir:/home/runner/work/ratis/ratis/ratis-test/target/test/data/4bffaa74/MiniRaftClusterWithGrpc11c295d1/s1/f113c75c-7674-443c-9f70-38a95899d58a/tmp/snapshot-fb248362-2edc-444c-9084-a4c2ed1ffbc8
2023-02-01 15:05:12,343 [grpc-default-executor-2] TRACE util.FileUtils (LogUtils.java:runAndLog(49)) - Successfully ran Files.createDirectories /home/runner/work/ratis/ratis/ratis-test/target/test/data/4bffaa74/MiniRaftClusterWithGrpc11c295d1/s1/f113c75c-7674-443c-9f70-38a95899d58a/tmp/snapshot-fb248362-2edc-444c-9084-a4c2ed1ffbc8
2023-02-01 15:05:12,343 [grpc-default-executor-2] INFO  segmented.SegmentedRaftLogWorker (SegmentedRaftLogWorker.java:lambda$new$0(134)) - s1@group-38A95899D58A-SegmentedRaftLogWorker: flushIndex: setUnconditionally 191 -> 191
2023-02-01 15:05:12,344 [grpc-default-executor-2] INFO  segmented.SegmentedRaftLogWorker (SegmentedRaftLogWorker.java:lambda$new$0(134)) - s1@group-38A95899D58A-SegmentedRaftLogWorker: safeCacheEvictIndex: setUnconditionally 191 -> 191
2023-02-01 15:05:12,344 [grpc-default-executor-2] INFO  impl.SnapshotInstallationHandler (SnapshotInstallationHandler.java:installSnapshot(100)) - s1@group-38A95899D58A: reply installSnapshot: s0<-s1#0:OK-t1,SUCCESS,requestIndex=5
2023-02-01 15:05:12,344 [grpc-default-executor-0] INFO  server.GrpcLogAppender (GrpcLogAppender.java:onNext(491)) - s0@group-38A95899D58A->s1-InstallSnapshotResponseHandler: received a reply s0<-s1#0:OK-t1,SUCCESS,requestIndex=5
2023-02-01 15:05:12,344 [grpc-default-executor-0] INFO  server.GrpcLogAppender (GrpcLogAppender.java:onNext(504)) - s0@group-38A95899D58A->s1-InstallSnapshotResponseHandler: Completed InstallSnapshot. Reply: serverReply {
  requestorId: "s0"
  replyId: "s1"
  raftGroupId {
    id: "\361\023\307\\vtD<\237p8\251X\231\325\212"
  }
  success: true
}
term: 1
requestIndex: 5

2023-02-01 15:05:12,344 [grpc-default-executor-0] INFO  leader.FollowerInfo (FollowerInfoImpl.java:setAttemptedToInstallSnapshot(123)) - Follower s0@group-38A95899D58A->s1 acknowledged installing snapshot
2023-02-01 15:05:12,344 [grpc-default-executor-2] INFO  impl.SnapshotInstallationHandler (SnapshotInstallationHandler.java:installSnapshot(89)) - s1@group-38A95899D58A: receive installSnapshot: s0->s1#0-t1,chunk:fb248362-2edc-444c-9084-a4c2ed1ffbc8,6
2023-02-01 15:05:12,344 [grpc-default-executor-2] TRACE util.FileUtils (LogUtils.java:runAndLog(49)) - Successfully ran Files.createDirectories /home/runner/work/ratis/ratis/ratis-test/target/test/data/4bffaa74/MiniRaftClusterWithGrpc11c295d1/s1/f113c75c-7674-443c-9f70-38a95899d58a/tmp/snapshot-fb248362-2edc-444c-9084-a4c2ed1ffbc8
2023-02-01 15:05:12,344 [grpc-default-executor-2] INFO  storage.SnapshotManager (SnapshotManager.java:installSnapshot(89)) - Installing snapshot:s0->s1#0-t1,chunk:fb248362-2edc-444c-9084-a4c2ed1ffbc8,6, to tmp dir:/home/runner/work/ratis/ratis/ratis-test/target/test/data/4bffaa74/MiniRaftClusterWithGrpc11c295d1/s1/f113c75c-7674-443c-9f70-38a95899d58a/tmp/snapshot-fb248362-2edc-444c-9084-a4c2ed1ffbc8
2023-02-01 15:05:12,345 [grpc-default-executor-2] TRACE util.FileUtils (LogUtils.java:runAndLog(49)) - Successfully ran Files.createDirectories /home/runner/work/ratis/ratis/ratis-test/target/test/data/4bffaa74/MiniRaftClusterWithGrpc11c295d1/s1/f113c75c-7674-443c-9f70-38a95899d58a/tmp/snapshot-fb248362-2edc-444c-9084-a4c2ed1ffbc8
2023-02-01 15:05:12,345 [grpc-default-executor-2] INFO  segmented.SegmentedRaftLogWorker (SegmentedRaftLogWorker.java:lambda$new$0(134)) - s1@group-38A95899D58A-SegmentedRaftLogWorker: flushIndex: setUnconditionally 191 -> 191
2023-02-01 15:05:12,345 [grpc-default-executor-2] INFO  segmented.SegmentedRaftLogWorker (SegmentedRaftLogWorker.java:lambda$new$0(134)) - s1@group-38A95899D58A-SegmentedRaftLogWorker: safeCacheEvictIndex: setUnconditionally 191 -> 191
2023-02-01 15:05:12,345 [grpc-default-executor-2] INFO  impl.SnapshotInstallationHandler (SnapshotInstallationHandler.java:installSnapshot(100)) - s1@group-38A95899D58A: reply installSnapshot: s0<-s1#0:OK-t1,SUCCESS,requestIndex=6
2023-02-01 15:05:12,345 [s2-server-thread1] INFO  impl.RoleInfo (RoleInfo.java:updateAndGet(139)) - s2: start s2@group-38A95899D58A-FollowerState
2023-02-01 15:05:12,354 [grpc-default-executor-1] INFO  server.GrpcLogAppender (GrpcLogAppender.java:onNext(491)) - s0@group-38A95899D58A->s1-InstallSnapshotResponseHandler: received a reply s0<-s1#0:OK-t1,SUCCESS,requestIndex=6
2023-02-01 15:05:12,354 [grpc-default-executor-1] INFO  server.GrpcLogAppender (GrpcLogAppender.java:onNext(504)) - s0@group-38A95899D58A->s1-InstallSnapshotResponseHandler: Completed InstallSnapshot. Reply: serverReply {
  requestorId: "s0"
  replyId: "s1"
  raftGroupId {
    id: "\361\023\307\\vtD<\237p8\251X\231\325\212"
  }
  success: true
}
term: 1
requestIndex: 6

2023-02-01 15:05:12,354 [grpc-default-executor-1] INFO  leader.FollowerInfo (FollowerInfoImpl.java:setAttemptedToInstallSnapshot(123)) - Follower s0@group-38A95899D58A->s1 acknowledged installing snapshot
2023-02-01 15:05:12,357 [grpc-default-executor-2] INFO  impl.SnapshotInstallationHandler (SnapshotInstallationHandler.java:installSnapshot(89)) - s1@group-38A95899D58A: receive installSnapshot: s0->s1#0-t1,chunk:fb248362-2edc-444c-9084-a4c2ed1ffbc8,7
2023-02-01 15:05:12,357 [grpc-default-executor-2] TRACE util.FileUtils (LogUtils.java:runAndLog(49)) - Successfully ran Files.createDirectories /home/runner/work/ratis/ratis/ratis-test/target/test/data/4bffaa74/MiniRaftClusterWithGrpc11c295d1/s1/f113c75c-7674-443c-9f70-38a95899d58a/tmp/snapshot-fb248362-2edc-444c-9084-a4c2ed1ffbc8
2023-02-01 15:05:12,357 [grpc-default-executor-2] INFO  storage.SnapshotManager (SnapshotManager.java:installSnapshot(89)) - Installing snapshot:s0->s1#0-t1,chunk:fb248362-2edc-444c-9084-a4c2ed1ffbc8,7, to tmp dir:/home/runner/work/ratis/ratis/ratis-test/target/test/data/4bffaa74/MiniRaftClusterWithGrpc11c295d1/s1/f113c75c-7674-443c-9f70-38a95899d58a/tmp/snapshot-fb248362-2edc-444c-9084-a4c2ed1ffbc8
2023-02-01 15:05:12,357 [grpc-default-executor-2] TRACE util.FileUtils (LogUtils.java:runAndLog(49)) - Successfully ran Files.createDirectories /home/runner/work/ratis/ratis/ratis-test/target/test/data/4bffaa74/MiniRaftClusterWithGrpc11c295d1/s1/f113c75c-7674-443c-9f70-38a95899d58a/tmp/snapshot-fb248362-2edc-444c-9084-a4c2ed1ffbc8
2023-02-01 15:05:12,357 [grpc-default-executor-2] INFO  segmented.SegmentedRaftLogWorker (SegmentedRaftLogWorker.java:lambda$new$0(134)) - s1@group-38A95899D58A-SegmentedRaftLogWorker: flushIndex: setUnconditionally 191 -> 191
2023-02-01 15:05:12,357 [grpc-default-executor-2] INFO  segmented.SegmentedRaftLogWorker (SegmentedRaftLogWorker.java:lambda$new$0(134)) - s1@group-38A95899D58A-SegmentedRaftLogWorker: safeCacheEvictIndex: setUnconditionally 191 -> 191
2023-02-01 15:05:12,358 [grpc-default-executor-2] INFO  impl.SnapshotInstallationHandler (SnapshotInstallationHandler.java:installSnapshot(100)) - s1@group-38A95899D58A: reply installSnapshot: s0<-s1#0:OK-t1,SUCCESS,requestIndex=7
2023-02-01 15:05:12,358 [grpc-default-executor-0] INFO  server.GrpcLogAppender (GrpcLogAppender.java:onNext(491)) - s0@group-38A95899D58A->s1-InstallSnapshotResponseHandler: received a reply s0<-s1#0:OK-t1,SUCCESS,requestIndex=7
2023-02-01 15:05:12,358 [grpc-default-executor-0] INFO  server.GrpcLogAppender (GrpcLogAppender.java:onNext(504)) - s0@group-38A95899D58A->s1-InstallSnapshotResponseHandler: Completed InstallSnapshot. Reply: serverReply {
  requestorId: "s0"
  replyId: "s1"
  raftGroupId {
    id: "\361\023\307\\vtD<\237p8\251X\231\325\212"
  }
  success: true
}
term: 1
requestIndex: 7

2023-02-01 15:05:12,358 [grpc-default-executor-0] INFO  leader.FollowerInfo (FollowerInfoImpl.java:setAttemptedToInstallSnapshot(123)) - Follower s0@group-38A95899D58A->s1 acknowledged installing snapshot
2023-02-01 15:05:12,358 [grpc-default-executor-2] INFO  impl.SnapshotInstallationHandler (SnapshotInstallationHandler.java:installSnapshot(89)) - s1@group-38A95899D58A: receive installSnapshot: s0->s1#0-t1,chunk:fb248362-2edc-444c-9084-a4c2ed1ffbc8,8
2023-02-01 15:05:12,358 [grpc-default-executor-2] TRACE util.FileUtils (LogUtils.java:runAndLog(49)) - Successfully ran Files.createDirectories /home/runner/work/ratis/ratis/ratis-test/target/test/data/4bffaa74/MiniRaftClusterWithGrpc11c295d1/s1/f113c75c-7674-443c-9f70-38a95899d58a/tmp/snapshot-fb248362-2edc-444c-9084-a4c2ed1ffbc8
2023-02-01 15:05:12,358 [grpc-default-executor-2] INFO  storage.SnapshotManager (SnapshotManager.java:installSnapshot(89)) - Installing snapshot:s0->s1#0-t1,chunk:fb248362-2edc-444c-9084-a4c2ed1ffbc8,8, to tmp dir:/home/runner/work/ratis/ratis/ratis-test/target/test/data/4bffaa74/MiniRaftClusterWithGrpc11c295d1/s1/f113c75c-7674-443c-9f70-38a95899d58a/tmp/snapshot-fb248362-2edc-444c-9084-a4c2ed1ffbc8
2023-02-01 15:05:12,358 [grpc-default-executor-2] TRACE util.FileUtils (LogUtils.java:runAndLog(49)) - Successfully ran Files.createDirectories /home/runner/work/ratis/ratis/ratis-test/target/test/data/4bffaa74/MiniRaftClusterWithGrpc11c295d1/s1/f113c75c-7674-443c-9f70-38a95899d58a/tmp/snapshot-fb248362-2edc-444c-9084-a4c2ed1ffbc8
2023-02-01 15:05:12,359 [grpc-default-executor-2] INFO  segmented.SegmentedRaftLogWorker (SegmentedRaftLogWorker.java:lambda$new$0(134)) - s1@group-38A95899D58A-SegmentedRaftLogWorker: flushIndex: setUnconditionally 191 -> 191
2023-02-01 15:05:12,359 [grpc-default-executor-2] INFO  segmented.SegmentedRaftLogWorker (SegmentedRaftLogWorker.java:lambda$new$0(134)) - s1@group-38A95899D58A-SegmentedRaftLogWorker: safeCacheEvictIndex: setUnconditionally 191 -> 191
2023-02-01 15:05:12,359 [grpc-default-executor-2] INFO  impl.SnapshotInstallationHandler (SnapshotInstallationHandler.java:installSnapshot(100)) - s1@group-38A95899D58A: reply installSnapshot: s0<-s1#0:OK-t1,SUCCESS,requestIndex=8
2023-02-01 15:05:12,359 [grpc-default-executor-0] INFO  server.GrpcLogAppender (GrpcLogAppender.java:onNext(491)) - s0@group-38A95899D58A->s1-InstallSnapshotResponseHandler: received a reply s0<-s1#0:OK-t1,SUCCESS,requestIndex=8
2023-02-01 15:05:12,359 [grpc-default-executor-0] INFO  server.GrpcLogAppender (GrpcLogAppender.java:onNext(504)) - s0@group-38A95899D58A->s1-InstallSnapshotResponseHandler: Completed InstallSnapshot. Reply: serverReply {
  requestorId: "s0"
  replyId: "s1"
  raftGroupId {
    id: "\361\023\307\\vtD<\237p8\251X\231\325\212"
  }
  success: true
}
term: 1
requestIndex: 8

2023-02-01 15:05:12,359 [grpc-default-executor-0] INFO  leader.FollowerInfo (FollowerInfoImpl.java:setAttemptedToInstallSnapshot(123)) - Follower s0@group-38A95899D58A->s1 acknowledged installing snapshot
2023-02-01 15:05:12,367 [s2-server-thread1] INFO  server.RaftServer$Division (RaftServerImpl.java:checkInconsistentAppendEntries(1595)) - s2@group-38A95899D58A: Failed appendEntries as the first entry (index 0) already exists (snapshotIndex: 191, commitIndex: 0)
2023-02-01 15:05:12,367 [s2-server-thread1] INFO  server.RaftServer$Division (RaftServerImpl.java:checkInconsistentAppendEntries(1575)) - s2@group-38A95899D58A: inconsistency entries. Reply:s0<-s2#1:FAIL-t1,INCONSISTENCY,nextIndex=192,followerCommit=0,matchIndex=-1
2023-02-01 15:05:12,368 [grpc-default-executor-1] INFO  leader.FollowerInfo (FollowerInfoImpl.java:lambda$new$0(52)) - s0@group-38A95899D58A->s2: nextIndex: updateUnconditionally 255 -> 192
2023-02-01 15:05:12,371 [grpc-default-executor-2] INFO  impl.SnapshotInstallationHandler (SnapshotInstallationHandler.java:installSnapshot(89)) - s1@group-38A95899D58A: receive installSnapshot: s0->s1#0-t1,chunk:fb248362-2edc-444c-9084-a4c2ed1ffbc8,9
2023-02-01 15:05:12,371 [grpc-default-executor-2] TRACE util.FileUtils (LogUtils.java:runAndLog(49)) - Successfully ran Files.createDirectories /home/runner/work/ratis/ratis/ratis-test/target/test/data/4bffaa74/MiniRaftClusterWithGrpc11c295d1/s1/f113c75c-7674-443c-9f70-38a95899d58a/tmp/snapshot-fb248362-2edc-444c-9084-a4c2ed1ffbc8
2023-02-01 15:05:12,371 [grpc-default-executor-2] INFO  storage.SnapshotManager (SnapshotManager.java:installSnapshot(89)) - Installing snapshot:s0->s1#0-t1,chunk:fb248362-2edc-444c-9084-a4c2ed1ffbc8,9, to tmp dir:/home/runner/work/ratis/ratis/ratis-test/target/test/data/4bffaa74/MiniRaftClusterWithGrpc11c295d1/s1/f113c75c-7674-443c-9f70-38a95899d58a/tmp/snapshot-fb248362-2edc-444c-9084-a4c2ed1ffbc8
2023-02-01 15:05:12,371 [grpc-default-executor-2] TRACE util.FileUtils (LogUtils.java:runAndLog(49)) - Successfully ran Files.createDirectories /home/runner/work/ratis/ratis/ratis-test/target/test/data/4bffaa74/MiniRaftClusterWithGrpc11c295d1/s1/f113c75c-7674-443c-9f70-38a95899d58a/tmp/snapshot-fb248362-2edc-444c-9084-a4c2ed1ffbc8
2023-02-01 15:05:12,371 [grpc-default-executor-2] INFO  segmented.SegmentedRaftLogWorker (SegmentedRaftLogWorker.java:lambda$new$0(134)) - s1@group-38A95899D58A-SegmentedRaftLogWorker: flushIndex: setUnconditionally 191 -> 191
2023-02-01 15:05:12,371 [grpc-default-executor-2] INFO  segmented.SegmentedRaftLogWorker (SegmentedRaftLogWorker.java:lambda$new$0(134)) - s1@group-38A95899D58A-SegmentedRaftLogWorker: safeCacheEvictIndex: setUnconditionally 191 -> 191
2023-02-01 15:05:12,371 [grpc-default-executor-2] INFO  impl.SnapshotInstallationHandler (SnapshotInstallationHandler.java:installSnapshot(100)) - s1@group-38A95899D58A: reply installSnapshot: s0<-s1#0:OK-t1,SUCCESS,requestIndex=9
2023-02-01 15:05:12,374 [grpc-default-executor-1] INFO  server.GrpcLogAppender (GrpcLogAppender.java:onNext(491)) - s0@group-38A95899D58A->s1-InstallSnapshotResponseHandler: received a reply s0<-s1#0:OK-t1,SUCCESS,requestIndex=9
2023-02-01 15:05:12,374 [grpc-default-executor-1] INFO  server.GrpcLogAppender (GrpcLogAppender.java:onNext(504)) - s0@group-38A95899D58A->s1-InstallSnapshotResponseHandler: Completed InstallSnapshot. Reply: serverReply {
  requestorId: "s0"
  replyId: "s1"
  raftGroupId {
    id: "\361\023\307\\vtD<\237p8\251X\231\325\212"
  }
  success: true
}
term: 1
requestIndex: 9

2023-02-01 15:05:12,374 [grpc-default-executor-1] INFO  leader.FollowerInfo (FollowerInfoImpl.java:setAttemptedToInstallSnapshot(123)) - Follower s0@group-38A95899D58A->s1 acknowledged installing snapshot
2023-02-01 15:05:12,374 [grpc-default-executor-2] INFO  impl.SnapshotInstallationHandler (SnapshotInstallationHandler.java:installSnapshot(89)) - s1@group-38A95899D58A: receive installSnapshot: s0->s1#0-t1,chunk:fb248362-2edc-444c-9084-a4c2ed1ffbc8,10
2023-02-01 15:05:12,374 [grpc-default-executor-2] TRACE util.FileUtils (LogUtils.java:runAndLog(49)) - Successfully ran Files.createDirectories /home/runner/work/ratis/ratis/ratis-test/target/test/data/4bffaa74/MiniRaftClusterWithGrpc11c295d1/s1/f113c75c-7674-443c-9f70-38a95899d58a/tmp/snapshot-fb248362-2edc-444c-9084-a4c2ed1ffbc8
2023-02-01 15:05:12,374 [grpc-default-executor-2] INFO  storage.SnapshotManager (SnapshotManager.java:installSnapshot(89)) - Installing snapshot:s0->s1#0-t1,chunk:fb248362-2edc-444c-9084-a4c2ed1ffbc8,10, to tmp dir:/home/runner/work/ratis/ratis/ratis-test/target/test/data/4bffaa74/MiniRaftClusterWithGrpc11c295d1/s1/f113c75c-7674-443c-9f70-38a95899d58a/tmp/snapshot-fb248362-2edc-444c-9084-a4c2ed1ffbc8
2023-02-01 15:05:12,374 [grpc-default-executor-2] TRACE util.FileUtils (LogUtils.java:runAndLog(49)) - Successfully ran Files.createDirectories /home/runner/work/ratis/ratis/ratis-test/target/test/data/4bffaa74/MiniRaftClusterWithGrpc11c295d1/s1/f113c75c-7674-443c-9f70-38a95899d58a/tmp/snapshot-fb248362-2edc-444c-9084-a4c2ed1ffbc8
2023-02-01 15:05:12,375 [grpc-default-executor-2] INFO  storage.SnapshotManager (SnapshotManager.java:rename(167)) - Installed snapshot, renaming temporary dir /home/runner/work/ratis/ratis/ratis-test/target/test/data/4bffaa74/MiniRaftClusterWithGrpc11c295d1/s1/f113c75c-7674-443c-9f70-38a95899d58a/tmp/snapshot-fb248362-2edc-444c-9084-a4c2ed1ffbc8 to /home/runner/work/ratis/ratis/ratis-test/target/test/data/4bffaa74/MiniRaftClusterWithGrpc11c295d1/s1/f113c75c-7674-443c-9f70-38a95899d58a/sm
2023-02-01 15:05:12,375 [s2-server-thread2] INFO  segmented.SegmentedRaftLogWorker (SegmentedRaftLogWorker.java:startLogSegment(431)) - s2@group-38A95899D58A-SegmentedRaftLogWorker: Starting segment from index:192
2023-02-01 15:05:12,375 [grpc-default-executor-2] TRACE util.FileUtils (LogUtils.java:runAndLog(49)) - Successfully ran Atomic Files.move /home/runner/work/ratis/ratis/ratis-test/target/test/data/4bffaa74/MiniRaftClusterWithGrpc11c295d1/s1/f113c75c-7674-443c-9f70-38a95899d58a/sm to /home/runner/work/ratis/ratis/ratis-test/target/test/data/4bffaa74/MiniRaftClusterWithGrpc11c295d1/s1/f113c75c-7674-443c-9f70-38a95899d58a/sm.tmp20230201-150512_375
2023-02-01 15:05:12,375 [grpc-default-executor-2] TRACE util.FileUtils (LogUtils.java:runAndLog(49)) - Successfully ran Atomic Files.move /home/runner/work/ratis/ratis/ratis-test/target/test/data/4bffaa74/MiniRaftClusterWithGrpc11c295d1/s1/f113c75c-7674-443c-9f70-38a95899d58a/tmp/snapshot-fb248362-2edc-444c-9084-a4c2ed1ffbc8 to /home/runner/work/ratis/ratis/ratis-test/target/test/data/4bffaa74/MiniRaftClusterWithGrpc11c295d1/s1/f113c75c-7674-443c-9f70-38a95899d58a/sm
2023-02-01 15:05:12,375 [grpc-default-executor-2] TRACE util.FileUtils (FileUtils.java:deleteFully(201)) - deleteFully /home/runner/work/ratis/ratis/ratis-test/target/test/data/4bffaa74/MiniRaftClusterWithGrpc11c295d1/s1/f113c75c-7674-443c-9f70-38a95899d58a/sm.tmp20230201-150512_375
2023-02-01 15:05:12,376 [grpc-default-executor-2] TRACE util.FileUtils (LogUtils.java:runAndLog(49)) - Successfully ran Files.delete /home/runner/work/ratis/ratis/ratis-test/target/test/data/4bffaa74/MiniRaftClusterWithGrpc11c295d1/s1/f113c75c-7674-443c-9f70-38a95899d58a/sm.tmp20230201-150512_375
2023-02-01 15:05:12,376 [grpc-default-executor-2] INFO  segmented.SegmentedRaftLogWorker (SegmentedRaftLogWorker.java:lambda$new$0(134)) - s1@group-38A95899D58A-SegmentedRaftLogWorker: flushIndex: setUnconditionally 191 -> 191
2023-02-01 15:05:12,376 [grpc-default-executor-2] INFO  segmented.SegmentedRaftLogWorker (SegmentedRaftLogWorker.java:lambda$new$0(134)) - s1@group-38A95899D58A-SegmentedRaftLogWorker: safeCacheEvictIndex: setUnconditionally 191 -> 191
2023-02-01 15:05:12,376 [grpc-default-executor-2] INFO  raftlog.RaftLog (RaftLogBase.java:lambda$new$0(53)) - s1@group-38A95899D58A-SegmentedRaftLog: snapshotIndex: updateIncreasingly -1 -> 191
2023-02-01 15:05:12,376 [s1@group-38A95899D58A-StateMachineUpdater] INFO  impl.SimpleStateMachine4Testing (SimpleStateMachine4Testing.java:reinitialize(236)) - Reinitializing StateMachineWithMultiNestedSnapshotFile:s1:group-38A95899D58A
2023-02-01 15:05:12,376 [s1@group-38A95899D58A-StateMachineUpdater] INFO  impl.SimpleStateMachine4Testing (SimpleStateMachine4Testing.java:loadSnapshot(293)) - Loading snapshot SingleFileSnapshotInfo(t:1, i:191):[/home/runner/work/ratis/ratis/ratis-test/target/test/data/4bffaa74/MiniRaftClusterWithGrpc11c295d1/s1/f113c75c-7674-443c-9f70-38a95899d58a/sm/snapshot.1_191]
2023-02-01 15:05:12,376 [s1@group-38A95899D58A-StateMachineUpdater] INFO  impl.SimpleStateMachine4Testing (SimpleStateMachine4Testing.java:put(205)) - s1: put 1, m0 -> (t:1, i:1), STATEMACHINELOGENTRY, 258@client-1A94217DD459
2023-02-01 15:05:12,376 [s1@group-38A95899D58A-StateMachineUpdater] INFO  impl.SimpleStateMachine4Testing (SimpleStateMachine4Testing.java:put(205)) - s1: put 3, m1 -> (t:1, i:3), STATEMACHINELOGENTRY, 259@client-1A94217DD459
2023-02-01 15:05:12,376 [s1@group-38A95899D58A-StateMachineUpdater] INFO  impl.SimpleStateMachine4Testing (SimpleStateMachine4Testing.java:put(205)) - s1: put 5, m2 -> (t:1, i:5), STATEMACHINELOGENTRY, 260@client-1A94217DD459
2023-02-01 15:05:12,376 [s1@group-38A95899D58A-StateMachineUpdater] INFO  impl.SimpleStateMachine4Testing (SimpleStateMachine4Testing.java:put(205)) - s1: put 7, m3 -> (t:1, i:7), STATEMACHINELOGENTRY, 261@client-1A94217DD459
2023-02-01 15:05:12,376 [s1@group-38A95899D58A-StateMachineUpdater] INFO  impl.SimpleStateMachine4Testing (SimpleStateMachine4Testing.java:put(205)) - s1: put 9, m4 -> (t:1, i:9), STATEMACHINELOGENTRY, 262@client-1A94217DD459
2023-02-01 15:05:12,376 [s1@group-38A95899D58A-StateMachineUpdater] INFO  impl.SimpleStateMachine4Testing (SimpleStateMachine4Testing.java:put(205)) - s1: put 11, m5 -> (t:1, i:11), STATEMACHINELOGENTRY, 263@client-1A94217DD459
2023-02-01 15:05:12,376 [s1@group-38A95899D58A-StateMachineUpdater] INFO  impl.SimpleStateMachine4Testing (SimpleStateMachine4Testing.java:put(205)) - s1: put 13, m6 -> (t:1, i:13), STATEMACHINELOGENTRY, 264@client-1A94217DD459
2023-02-01 15:05:12,376 [s1@group-38A95899D58A-StateMachineUpdater] INFO  impl.SimpleStateMachine4Testing (SimpleStateMachine4Testing.java:put(205)) - s1: put 15, m7 -> (t:1, i:15), STATEMACHINELOGENTRY, 265@client-1A94217DD459
2023-02-01 15:05:12,377 [s1@group-38A95899D58A-StateMachineUpdater] INFO  impl.SimpleStateMachine4Testing (SimpleStateMachine4Testing.java:put(205)) - s1: put 17, m8 -> (t:1, i:17), STATEMACHINELOGENTRY, 266@client-1A94217DD459
2023-02-01 15:05:12,377 [s1@group-38A95899D58A-StateMachineUpdater] INFO  impl.SimpleStateMachine4Testing (SimpleStateMachine4Testing.java:put(205)) - s1: put 19, m9 -> (t:1, i:19), STATEMACHINELOGENTRY, 267@client-1A94217DD459
2023-02-01 15:05:12,377 [s1@group-38A95899D58A-StateMachineUpdater] INFO  impl.SimpleStateMachine4Testing (SimpleStateMachine4Testing.java:put(205)) - s1: put 21, m10 -> (t:1, i:21), STATEMACHINELOGENTRY, 268@client-1A94217DD459
2023-02-01 15:05:12,377 [s1@group-38A95899D58A-StateMachineUpdater] INFO  impl.SimpleStateMachine4Testing (SimpleStateMachine4Testing.java:put(205)) - s1: put 23, m11 -> (t:1, i:23), STATEMACHINELOGENTRY, 269@client-1A94217DD459
2023-02-01 15:05:12,377 [s1@group-38A95899D58A-StateMachineUpdater] INFO  impl.SimpleStateMachine4Testing (SimpleStateMachine4Testing.java:put(205)) - s1: put 25, m12 -> (t:1, i:25), STATEMACHINELOGENTRY, 270@client-1A94217DD459
2023-02-01 15:05:12,377 [s1@group-38A95899D58A-StateMachineUpdater] INFO  impl.SimpleStateMachine4Testing (SimpleStateMachine4Testing.java:put(205)) - s1: put 27, m13 -> (t:1, i:27), STATEMACHINELOGENTRY, 271@client-1A94217DD459
2023-02-01 15:05:12,377 [s1@group-38A95899D58A-StateMachineUpdater] INFO  impl.SimpleStateMachine4Testing (SimpleStateMachine4Testing.java:put(205)) - s1: put 29, m14 -> (t:1, i:29), STATEMACHINELOGENTRY, 272@client-1A94217DD459
2023-02-01 15:05:12,377 [s1@group-38A95899D58A-StateMachineUpdater] INFO  impl.SimpleStateMachine4Testing (SimpleStateMachine4Testing.java:put(205)) - s1: put 31, m15 -> (t:1, i:31), STATEMACHINELOGENTRY, 273@client-1A94217DD459
2023-02-01 15:05:12,377 [s1@group-38A95899D58A-StateMachineUpdater] INFO  impl.SimpleStateMachine4Testing (SimpleStateMachine4Testing.java:put(205)) - s1: put 33, m16 -> (t:1, i:33), STATEMACHINELOGENTRY, 274@client-1A94217DD459
2023-02-01 15:05:12,377 [s1@group-38A95899D58A-StateMachineUpdater] INFO  impl.SimpleStateMachine4Testing (SimpleStateMachine4Testing.java:put(205)) - s1: put 35, m17 -> (t:1, i:35), STATEMACHINELOGENTRY, 275@client-1A94217DD459
2023-02-01 15:05:12,377 [s1@group-38A95899D58A-StateMachineUpdater] INFO  impl.SimpleStateMachine4Testing (SimpleStateMachine4Testing.java:put(205)) - s1: put 37, m18 -> (t:1, i:37), STATEMACHINELOGENTRY, 276@client-1A94217DD459
2023-02-01 15:05:12,377 [s1@group-38A95899D58A-StateMachineUpdater] INFO  impl.SimpleStateMachine4Testing (SimpleStateMachine4Testing.java:put(205)) - s1: put 39, m19 -> (t:1, i:39), STATEMACHINELOGENTRY, 277@client-1A94217DD459
2023-02-01 15:05:12,377 [s1@group-38A95899D58A-StateMachineUpdater] INFO  impl.SimpleStateMachine4Testing (SimpleStateMachine4Testing.java:put(205)) - s1: put 41, m20 -> (t:1, i:41), STATEMACHINELOGENTRY, 278@client-1A94217DD459
2023-02-01 15:05:12,377 [s1@group-38A95899D58A-StateMachineUpdater] INFO  impl.SimpleStateMachine4Testing (SimpleStateMachine4Testing.java:put(205)) - s1: put 43, m21 -> (t:1, i:43), STATEMACHINELOGENTRY, 279@client-1A94217DD459
2023-02-01 15:05:12,377 [s1@group-38A95899D58A-StateMachineUpdater] INFO  impl.SimpleStateMachine4Testing (SimpleStateMachine4Testing.java:put(205)) - s1: put 45, m22 -> (t:1, i:45), STATEMACHINELOGENTRY, 280@client-1A94217DD459
2023-02-01 15:05:12,377 [s1@group-38A95899D58A-StateMachineUpdater] INFO  impl.SimpleStateMachine4Testing (SimpleStateMachine4Testing.java:put(205)) - s1: put 47, m23 -> (t:1, i:47), STATEMACHINELOGENTRY, 281@client-1A94217DD459
2023-02-01 15:05:12,377 [s1@group-38A95899D58A-StateMachineUpdater] INFO  impl.SimpleStateMachine4Testing (SimpleStateMachine4Testing.java:put(205)) - s1: put 49, m24 -> (t:1, i:49), STATEMACHINELOGENTRY, 282@client-1A94217DD459
2023-02-01 15:05:12,377 [s1@group-38A95899D58A-StateMachineUpdater] INFO  impl.SimpleStateMachine4Testing (SimpleStateMachine4Testing.java:put(205)) - s1: put 51, m25 -> (t:1, i:51), STATEMACHINELOGENTRY, 283@client-1A94217DD459
2023-02-01 15:05:12,377 [s1@group-38A95899D58A-StateMachineUpdater] INFO  impl.SimpleStateMachine4Testing (SimpleStateMachine4Testing.java:put(205)) - s1: put 53, m26 -> (t:1, i:53), STATEMACHINELOGENTRY, 284@client-1A94217DD459
2023-02-01 15:05:12,377 [s1@group-38A95899D58A-StateMachineUpdater] INFO  impl.SimpleStateMachine4Testing (SimpleStateMachine4Testing.java:put(205)) - s1: put 55, m27 -> (t:1, i:55), STATEMACHINELOGENTRY, 285@client-1A94217DD459
2023-02-01 15:05:12,377 [s1@group-38A95899D58A-StateMachineUpdater] INFO  impl.SimpleStateMachine4Testing (SimpleStateMachine4Testing.java:put(205)) - s1: put 57, m28 -> (t:1, i:57), STATEMACHINELOGENTRY, 286@client-1A94217DD459
2023-02-01 15:05:12,377 [s1@group-38A95899D58A-StateMachineUpdater] INFO  impl.SimpleStateMachine4Testing (SimpleStateMachine4Testing.java:put(205)) - s1: put 59, m29 -> (t:1, i:59), STATEMACHINELOGENTRY, 287@client-1A94217DD459
2023-02-01 15:05:12,377 [s1@group-38A95899D58A-StateMachineUpdater] INFO  impl.SimpleStateMachine4Testing (SimpleStateMachine4Testing.java:put(205)) - s1: put 61, m30 -> (t:1, i:61), STATEMACHINELOGENTRY, 288@client-1A94217DD459
2023-02-01 15:05:12,377 [s1@group-38A95899D58A-StateMachineUpdater] INFO  impl.SimpleStateMachine4Testing (SimpleStateMachine4Testing.java:put(205)) - s1: put 63, m31 -> (t:1, i:63), STATEMACHINELOGENTRY, 289@client-1A94217DD459
2023-02-01 15:05:12,377 [s1@group-38A95899D58A-StateMachineUpdater] INFO  impl.SimpleStateMachine4Testing (SimpleStateMachine4Testing.java:put(205)) - s1: put 65, m32 -> (t:1, i:65), STATEMACHINELOGENTRY, 290@client-1A94217DD459
2023-02-01 15:05:12,377 [s1@group-38A95899D58A-StateMachineUpdater] INFO  impl.SimpleStateMachine4Testing (SimpleStateMachine4Testing.java:put(205)) - s1: put 67, m33 -> (t:1, i:67), STATEMACHINELOGENTRY, 291@client-1A94217DD459
2023-02-01 15:05:12,377 [s1@group-38A95899D58A-StateMachineUpdater] INFO  impl.SimpleStateMachine4Testing (SimpleStateMachine4Testing.java:put(205)) - s1: put 69, m34 -> (t:1, i:69), STATEMACHINELOGENTRY, 292@client-1A94217DD459
2023-02-01 15:05:12,377 [s1@group-38A95899D58A-StateMachineUpdater] INFO  impl.SimpleStateMachine4Testing (SimpleStateMachine4Testing.java:put(205)) - s1: put 71, m35 -> (t:1, i:71), STATEMACHINELOGENTRY, 293@client-1A94217DD459
2023-02-01 15:05:12,377 [s1@group-38A95899D58A-StateMachineUpdater] INFO  impl.SimpleStateMachine4Testing (SimpleStateMachine4Testing.java:put(205)) - s1: put 73, m36 -> (t:1, i:73), STATEMACHINELOGENTRY, 294@client-1A94217DD459
2023-02-01 15:05:12,378 [s1@group-38A95899D58A-StateMachineUpdater] INFO  impl.SimpleStateMachine4Testing (SimpleStateMachine4Testing.java:put(205)) - s1: put 75, m37 -> (t:1, i:75), STATEMACHINELOGENTRY, 295@client-1A94217DD459
2023-02-01 15:05:12,378 [s1@group-38A95899D58A-StateMachineUpdater] INFO  impl.SimpleStateMachine4Testing (SimpleStateMachine4Testing.java:put(205)) - s1: put 77, m38 -> (t:1, i:77), STATEMACHINELOGENTRY, 296@client-1A94217DD459
2023-02-01 15:05:12,378 [s1@group-38A95899D58A-StateMachineUpdater] INFO  impl.SimpleStateMachine4Testing (SimpleStateMachine4Testing.java:put(205)) - s1: put 79, m39 -> (t:1, i:79), STATEMACHINELOGENTRY, 297@client-1A94217DD459
2023-02-01 15:05:12,378 [s1@group-38A95899D58A-StateMachineUpdater] INFO  impl.SimpleStateMachine4Testing (SimpleStateMachine4Testing.java:put(205)) - s1: put 81, m40 -> (t:1, i:81), STATEMACHINELOGENTRY, 298@client-1A94217DD459
2023-02-01 15:05:12,378 [s1@group-38A95899D58A-StateMachineUpdater] INFO  impl.SimpleStateMachine4Testing (SimpleStateMachine4Testing.java:put(205)) - s1: put 83, m41 -> (t:1, i:83), STATEMACHINELOGENTRY, 299@client-1A94217DD459
2023-02-01 15:05:12,378 [s1@group-38A95899D58A-StateMachineUpdater] INFO  impl.SimpleStateMachine4Testing (SimpleStateMachine4Testing.java:put(205)) - s1: put 85, m42 -> (t:1, i:85), STATEMACHINELOGENTRY, 300@client-1A94217DD459
2023-02-01 15:05:12,378 [s1@group-38A95899D58A-StateMachineUpdater] INFO  impl.SimpleStateMachine4Testing (SimpleStateMachine4Testing.java:put(205)) - s1: put 87, m43 -> (t:1, i:87), STATEMACHINELOGENTRY, 301@client-1A94217DD459
2023-02-01 15:05:12,378 [s1@group-38A95899D58A-StateMachineUpdater] INFO  impl.SimpleStateMachine4Testing (SimpleStateMachine4Testing.java:put(205)) - s1: put 89, m44 -> (t:1, i:89), STATEMACHINELOGENTRY, 302@client-1A94217DD459
2023-02-01 15:05:12,378 [s1@group-38A95899D58A-StateMachineUpdater] INFO  impl.SimpleStateMachine4Testing (SimpleStateMachine4Testing.java:put(205)) - s1: put 91, m45 -> (t:1, i:91), STATEMACHINELOGENTRY, 303@client-1A94217DD459
2023-02-01 15:05:12,378 [s1@group-38A95899D58A-StateMachineUpdater] INFO  impl.SimpleStateMachine4Testing (SimpleStateMachine4Testing.java:put(205)) - s1: put 93, m46 -> (t:1, i:93), STATEMACHINELOGENTRY, 304@client-1A94217DD459
2023-02-01 15:05:12,378 [s1@group-38A95899D58A-StateMachineUpdater] INFO  impl.SimpleStateMachine4Testing (SimpleStateMachine4Testing.java:put(205)) - s1: put 95, m47 -> (t:1, i:95), STATEMACHINELOGENTRY, 305@client-1A94217DD459
2023-02-01 15:05:12,378 [s1@group-38A95899D58A-StateMachineUpdater] INFO  impl.SimpleStateMachine4Testing (SimpleStateMachine4Testing.java:put(205)) - s1: put 97, m48 -> (t:1, i:97), STATEMACHINELOGENTRY, 306@client-1A94217DD459
2023-02-01 15:05:12,378 [s1@group-38A95899D58A-StateMachineUpdater] INFO  impl.SimpleStateMachine4Testing (SimpleStateMachine4Testing.java:put(205)) - s1: put 99, m49 -> (t:1, i:99), STATEMACHINELOGENTRY, 307@client-1A94217DD459
2023-02-01 15:05:12,378 [s1@group-38A95899D58A-StateMachineUpdater] INFO  impl.SimpleStateMachine4Testing (SimpleStateMachine4Testing.java:put(205)) - s1: put 101, m50 -> (t:1, i:101), STATEMACHINELOGENTRY, 308@client-1A94217DD459
2023-02-01 15:05:12,378 [s1@group-38A95899D58A-StateMachineUpdater] INFO  impl.SimpleStateMachine4Testing (SimpleStateMachine4Testing.java:put(205)) - s1: put 103, m51 -> (t:1, i:103), STATEMACHINELOGENTRY, 309@client-1A94217DD459
2023-02-01 15:05:12,378 [s1@group-38A95899D58A-StateMachineUpdater] INFO  impl.SimpleStateMachine4Testing (SimpleStateMachine4Testing.java:put(205)) - s1: put 105, m52 -> (t:1, i:105), STATEMACHINELOGENTRY, 310@client-1A94217DD459
2023-02-01 15:05:12,378 [s1@group-38A95899D58A-StateMachineUpdater] INFO  impl.SimpleStateMachine4Testing (SimpleStateMachine4Testing.java:put(205)) - s1: put 107, m53 -> (t:1, i:107), STATEMACHINELOGENTRY, 311@client-1A94217DD459
2023-02-01 15:05:12,378 [s1@group-38A95899D58A-StateMachineUpdater] INFO  impl.SimpleStateMachine4Testing (SimpleStateMachine4Testing.java:put(205)) - s1: put 109, m54 -> (t:1, i:109), STATEMACHINELOGENTRY, 312@client-1A94217DD459
2023-02-01 15:05:12,378 [s1@group-38A95899D58A-StateMachineUpdater] INFO  impl.SimpleStateMachine4Testing (SimpleStateMachine4Testing.java:put(205)) - s1: put 111, m55 -> (t:1, i:111), STATEMACHINELOGENTRY, 313@client-1A94217DD459
2023-02-01 15:05:12,378 [s1@group-38A95899D58A-StateMachineUpdater] INFO  impl.SimpleStateMachine4Testing (SimpleStateMachine4Testing.java:put(205)) - s1: put 113, m56 -> (t:1, i:113), STATEMACHINELOGENTRY, 314@client-1A94217DD459
2023-02-01 15:05:12,378 [s1@group-38A95899D58A-StateMachineUpdater] INFO  impl.SimpleStateMachine4Testing (SimpleStateMachine4Testing.java:put(205)) - s1: put 115, m57 -> (t:1, i:115), STATEMACHINELOGENTRY, 315@client-1A94217DD459
2023-02-01 15:05:12,378 [s1@group-38A95899D58A-StateMachineUpdater] INFO  impl.SimpleStateMachine4Testing (SimpleStateMachine4Testing.java:put(205)) - s1: put 117, m58 -> (t:1, i:117), STATEMACHINELOGENTRY, 316@client-1A94217DD459
2023-02-01 15:05:12,378 [s1@group-38A95899D58A-StateMachineUpdater] INFO  impl.SimpleStateMachine4Testing (SimpleStateMachine4Testing.java:put(205)) - s1: put 119, m59 -> (t:1, i:119), STATEMACHINELOGENTRY, 317@client-1A94217DD459
2023-02-01 15:05:12,378 [s1@group-38A95899D58A-StateMachineUpdater] INFO  impl.SimpleStateMachine4Testing (SimpleStateMachine4Testing.java:put(205)) - s1: put 121, m60 -> (t:1, i:121), STATEMACHINELOGENTRY, 318@client-1A94217DD459
2023-02-01 15:05:12,378 [s1@group-38A95899D58A-StateMachineUpdater] INFO  impl.SimpleStateMachine4Testing (SimpleStateMachine4Testing.java:put(205)) - s1: put 123, m61 -> (t:1, i:123), STATEMACHINELOGENTRY, 319@client-1A94217DD459
2023-02-01 15:05:12,378 [s1@group-38A95899D58A-StateMachineUpdater] INFO  impl.SimpleStateMachine4Testing (SimpleStateMachine4Testing.java:put(205)) - s1: put 125, m62 -> (t:1, i:125), STATEMACHINELOGENTRY, 320@client-1A94217DD459
2023-02-01 15:05:12,378 [s1@group-38A95899D58A-StateMachineUpdater] INFO  impl.SimpleStateMachine4Testing (SimpleStateMachine4Testing.java:put(205)) - s1: put 127, m63 -> (t:1, i:127), STATEMACHINELOGENTRY, 321@client-1A94217DD459
2023-02-01 15:05:12,378 [s1@group-38A95899D58A-StateMachineUpdater] INFO  impl.SimpleStateMachine4Testing (SimpleStateMachine4Testing.java:put(205)) - s1: put 129, m64 -> (t:1, i:129), STATEMACHINELOGENTRY, 322@client-1A94217DD459
2023-02-01 15:05:12,378 [s1@group-38A95899D58A-StateMachineUpdater] INFO  impl.SimpleStateMachine4Testing (SimpleStateMachine4Testing.java:put(205)) - s1: put 131, m65 -> (t:1, i:131), STATEMACHINELOGENTRY, 323@client-1A94217DD459
2023-02-01 15:05:12,378 [s1@group-38A95899D58A-StateMachineUpdater] INFO  impl.SimpleStateMachine4Testing (SimpleStateMachine4Testing.java:put(205)) - s1: put 133, m66 -> (t:1, i:133), STATEMACHINELOGENTRY, 324@client-1A94217DD459
2023-02-01 15:05:12,378 [s1@group-38A95899D58A-StateMachineUpdater] INFO  impl.SimpleStateMachine4Testing (SimpleStateMachine4Testing.java:put(205)) - s1: put 135, m67 -> (t:1, i:135), STATEMACHINELOGENTRY, 325@client-1A94217DD459
2023-02-01 15:05:12,379 [s1@group-38A95899D58A-StateMachineUpdater] INFO  impl.SimpleStateMachine4Testing (SimpleStateMachine4Testing.java:put(205)) - s1: put 137, m68 -> (t:1, i:137), STATEMACHINELOGENTRY, 326@client-1A94217DD459
2023-02-01 15:05:12,379 [s1@group-38A95899D58A-StateMachineUpdater] INFO  impl.SimpleStateMachine4Testing (SimpleStateMachine4Testing.java:put(205)) - s1: put 139, m69 -> (t:1, i:139), STATEMACHINELOGENTRY, 327@client-1A94217DD459
2023-02-01 15:05:12,379 [s1@group-38A95899D58A-StateMachineUpdater] INFO  impl.SimpleStateMachine4Testing (SimpleStateMachine4Testing.java:put(205)) - s1: put 141, m70 -> (t:1, i:141), STATEMACHINELOGENTRY, 328@client-1A94217DD459
2023-02-01 15:05:12,379 [s1@group-38A95899D58A-StateMachineUpdater] INFO  impl.SimpleStateMachine4Testing (SimpleStateMachine4Testing.java:put(205)) - s1: put 143, m71 -> (t:1, i:143), STATEMACHINELOGENTRY, 329@client-1A94217DD459
2023-02-01 15:05:12,379 [s1@group-38A95899D58A-StateMachineUpdater] INFO  impl.SimpleStateMachine4Testing (SimpleStateMachine4Testing.java:put(205)) - s1: put 145, m72 -> (t:1, i:145), STATEMACHINELOGENTRY, 330@client-1A94217DD459
2023-02-01 15:05:12,379 [s1@group-38A95899D58A-StateMachineUpdater] INFO  impl.SimpleStateMachine4Testing (SimpleStateMachine4Testing.java:put(205)) - s1: put 147, m73 -> (t:1, i:147), STATEMACHINELOGENTRY, 331@client-1A94217DD459
2023-02-01 15:05:12,379 [s1@group-38A95899D58A-StateMachineUpdater] INFO  impl.SimpleStateMachine4Testing (SimpleStateMachine4Testing.java:put(205)) - s1: put 149, m74 -> (t:1, i:149), STATEMACHINELOGENTRY, 332@client-1A94217DD459
2023-02-01 15:05:12,379 [s1@group-38A95899D58A-StateMachineUpdater] INFO  impl.SimpleStateMachine4Testing (SimpleStateMachine4Testing.java:put(205)) - s1: put 151, m75 -> (t:1, i:151), STATEMACHINELOGENTRY, 333@client-1A94217DD459
2023-02-01 15:05:12,379 [s1@group-38A95899D58A-StateMachineUpdater] INFO  impl.SimpleStateMachine4Testing (SimpleStateMachine4Testing.java:put(205)) - s1: put 153, m76 -> (t:1, i:153), STATEMACHINELOGENTRY, 334@client-1A94217DD459
2023-02-01 15:05:12,379 [s1@group-38A95899D58A-StateMachineUpdater] INFO  impl.SimpleStateMachine4Testing (SimpleStateMachine4Testing.java:put(205)) - s1: put 155, m77 -> (t:1, i:155), STATEMACHINELOGENTRY, 335@client-1A94217DD459
2023-02-01 15:05:12,379 [s1@group-38A95899D58A-StateMachineUpdater] INFO  impl.SimpleStateMachine4Testing (SimpleStateMachine4Testing.java:put(205)) - s1: put 157, m78 -> (t:1, i:157), STATEMACHINELOGENTRY, 336@client-1A94217DD459
2023-02-01 15:05:12,379 [s1@group-38A95899D58A-StateMachineUpdater] INFO  impl.SimpleStateMachine4Testing (SimpleStateMachine4Testing.java:put(205)) - s1: put 159, m79 -> (t:1, i:159), STATEMACHINELOGENTRY, 337@client-1A94217DD459
2023-02-01 15:05:12,379 [s1@group-38A95899D58A-StateMachineUpdater] INFO  impl.SimpleStateMachine4Testing (SimpleStateMachine4Testing.java:put(205)) - s1: put 161, m80 -> (t:1, i:161), STATEMACHINELOGENTRY, 338@client-1A94217DD459
2023-02-01 15:05:12,379 [s1@group-38A95899D58A-StateMachineUpdater] INFO  impl.SimpleStateMachine4Testing (SimpleStateMachine4Testing.java:put(205)) - s1: put 163, m81 -> (t:1, i:163), STATEMACHINELOGENTRY, 339@client-1A94217DD459
2023-02-01 15:05:12,379 [s1@group-38A95899D58A-StateMachineUpdater] INFO  impl.SimpleStateMachine4Testing (SimpleStateMachine4Testing.java:put(205)) - s1: put 165, m82 -> (t:1, i:165), STATEMACHINELOGENTRY, 340@client-1A94217DD459
2023-02-01 15:05:12,379 [s1@group-38A95899D58A-StateMachineUpdater] INFO  impl.SimpleStateMachine4Testing (SimpleStateMachine4Testing.java:put(205)) - s1: put 167, m83 -> (t:1, i:167), STATEMACHINELOGENTRY, 341@client-1A94217DD459
2023-02-01 15:05:12,379 [s1@group-38A95899D58A-StateMachineUpdater] INFO  impl.SimpleStateMachine4Testing (SimpleStateMachine4Testing.java:put(205)) - s1: put 169, m84 -> (t:1, i:169), STATEMACHINELOGENTRY, 342@client-1A94217DD459
2023-02-01 15:05:12,379 [s1@group-38A95899D58A-StateMachineUpdater] INFO  impl.SimpleStateMachine4Testing (SimpleStateMachine4Testing.java:put(205)) - s1: put 171, m85 -> (t:1, i:171), STATEMACHINELOGENTRY, 343@client-1A94217DD459
2023-02-01 15:05:12,379 [s1@group-38A95899D58A-StateMachineUpdater] INFO  impl.SimpleStateMachine4Testing (SimpleStateMachine4Testing.java:put(205)) - s1: put 173, m86 -> (t:1, i:173), STATEMACHINELOGENTRY, 344@client-1A94217DD459
2023-02-01 15:05:12,379 [s1@group-38A95899D58A-StateMachineUpdater] INFO  impl.SimpleStateMachine4Testing (SimpleStateMachine4Testing.java:put(205)) - s1: put 175, m87 -> (t:1, i:175), STATEMACHINELOGENTRY, 345@client-1A94217DD459
2023-02-01 15:05:12,379 [s1@group-38A95899D58A-StateMachineUpdater] INFO  impl.SimpleStateMachine4Testing (SimpleStateMachine4Testing.java:put(205)) - s1: put 177, m88 -> (t:1, i:177), STATEMACHINELOGENTRY, 346@client-1A94217DD459
2023-02-01 15:05:12,379 [s1@group-38A95899D58A-StateMachineUpdater] INFO  impl.SimpleStateMachine4Testing (SimpleStateMachine4Testing.java:put(205)) - s1: put 179, m89 -> (t:1, i:179), STATEMACHINELOGENTRY, 347@client-1A94217DD459
2023-02-01 15:05:12,379 [s1@group-38A95899D58A-StateMachineUpdater] INFO  impl.SimpleStateMachine4Testing (SimpleStateMachine4Testing.java:put(205)) - s1: put 181, m90 -> (t:1, i:181), STATEMACHINELOGENTRY, 348@client-1A94217DD459
2023-02-01 15:05:12,379 [s1@group-38A95899D58A-StateMachineUpdater] INFO  impl.SimpleStateMachine4Testing (SimpleStateMachine4Testing.java:put(205)) - s1: put 183, m91 -> (t:1, i:183), STATEMACHINELOGENTRY, 349@client-1A94217DD459
2023-02-01 15:05:12,379 [s1@group-38A95899D58A-StateMachineUpdater] INFO  impl.SimpleStateMachine4Testing (SimpleStateMachine4Testing.java:put(205)) - s1: put 185, m92 -> (t:1, i:185), STATEMACHINELOGENTRY, 350@client-1A94217DD459
2023-02-01 15:05:12,379 [s1@group-38A95899D58A-StateMachineUpdater] INFO  impl.SimpleStateMachine4Testing (SimpleStateMachine4Testing.java:put(205)) - s1: put 187, m93 -> (t:1, i:187), STATEMACHINELOGENTRY, 351@client-1A94217DD459
2023-02-01 15:05:12,379 [s1@group-38A95899D58A-StateMachineUpdater] INFO  impl.SimpleStateMachine4Testing (SimpleStateMachine4Testing.java:put(205)) - s1: put 189, m94 -> (t:1, i:189), STATEMACHINELOGENTRY, 352@client-1A94217DD459
2023-02-01 15:05:12,379 [s1@group-38A95899D58A-StateMachineUpdater] INFO  impl.SimpleStateMachine4Testing (SimpleStateMachine4Testing.java:put(205)) - s1: put 191, m95 -> (t:1, i:191), STATEMACHINELOGENTRY, 353@client-1A94217DD459
2023-02-01 15:05:12,379 [s1@group-38A95899D58A-StateMachineUpdater] INFO  impl.StateMachineUpdater (StateMachineUpdater.java:lambda$new$0(96)) - s1@group-38A95899D58A-StateMachineUpdater: snapshotIndex: setUnconditionally -1 -> 191
2023-02-01 15:05:12,379 [s1@group-38A95899D58A-StateMachineUpdater] INFO  impl.StateMachineUpdater (StateMachineUpdater.java:lambda$new$0(96)) - s1@group-38A95899D58A-StateMachineUpdater: appliedIndex: setUnconditionally -1 -> 191
2023-02-01 15:05:12,380 [grpc-default-executor-2] INFO  impl.SnapshotInstallationHandler (SnapshotInstallationHandler.java:checkAndInstallSnapshot(193)) - s1@group-38A95899D58A: successfully install the entire snapshot-191
2023-02-01 15:05:12,380 [grpc-default-executor-2] INFO  impl.SnapshotInstallationHandler (SnapshotInstallationHandler.java:installSnapshot(100)) - s1@group-38A95899D58A: reply installSnapshot: s0<-s1#0:OK-t1,SUCCESS,requestIndex=10
2023-02-01 15:05:12,380 [grpc-default-executor-0] INFO  server.GrpcLogAppender (GrpcLogAppender.java:onNext(491)) - s0@group-38A95899D58A->s1-InstallSnapshotResponseHandler: received a reply s0<-s1#0:OK-t1,SUCCESS,requestIndex=10
2023-02-01 15:05:12,380 [grpc-default-executor-0] INFO  server.GrpcLogAppender (GrpcLogAppender.java:onNext(504)) - s0@group-38A95899D58A->s1-InstallSnapshotResponseHandler: Completed InstallSnapshot. Reply: serverReply {
  requestorId: "s0"
  replyId: "s1"
  raftGroupId {
    id: "\361\023\307\\vtD<\237p8\251X\231\325\212"
  }
  success: true
}
term: 1
requestIndex: 10

2023-02-01 15:05:12,380 [grpc-default-executor-0] INFO  leader.FollowerInfo (FollowerInfoImpl.java:setAttemptedToInstallSnapshot(123)) - Follower s0@group-38A95899D58A->s1 acknowledged installing snapshot
2023-02-01 15:05:12,380 [grpc-default-executor-2] INFO  server.GrpcServerProtocolService (GrpcServerProtocolService.java:onCompleted(143)) - s1: Completed INSTALL_SNAPSHOT, lastRequest: s0->s1#0-t1,chunk:fb248362-2edc-444c-9084-a4c2ed1ffbc8,10
2023-02-01 15:05:12,381 [grpc-default-executor-0] INFO  server.GrpcLogAppender (GrpcLogAppender.java:onCompleted(569)) - s0@group-38A95899D58A->s1-InstallSnapshotResponseHandler: follower responded installSnapshot COMPLETED
2023-02-01 15:05:12,381 [s0@group-38A95899D58A->s1-GrpcLogAppender-LogAppenderDaemon] INFO  leader.FollowerInfo (FollowerInfoImpl.java:lambda$new$0(52)) - s0@group-38A95899D58A->s1: snapshotIndex: setUnconditionally 0 -> 191
2023-02-01 15:05:12,381 [s0@group-38A95899D58A->s1-GrpcLogAppender-LogAppenderDaemon] INFO  leader.FollowerInfo (FollowerInfoImpl.java:lambda$new$0(52)) - s0@group-38A95899D58A->s1: matchIndex: setUnconditionally -1 -> 191
2023-02-01 15:05:12,381 [s0@group-38A95899D58A->s1-GrpcLogAppender-LogAppenderDaemon] INFO  leader.FollowerInfo (FollowerInfoImpl.java:lambda$new$0(52)) - s0@group-38A95899D58A->s1: nextIndex: setUnconditionally 0 -> 192
2023-02-01 15:05:12,381 [s0@group-38A95899D58A->s1-GrpcLogAppender-LogAppenderDaemon] INFO  server.GrpcLogAppender (GrpcLogAppender.java:installSnapshot(622)) - s0@group-38A95899D58A->s1-GrpcLogAppender: installed snapshot FileListSnapshotInfo(t:1, i:191):[/home/runner/work/ratis/ratis/ratis-test/target/test/data/4bffaa74/MiniRaftClusterWithGrpc11c295d1/s0/f113c75c-7674-443c-9f70-38a95899d58a/sm/snapshot/1.bin, /home/runner/work/ratis/ratis/ratis-test/target/test/data/4bffaa74/MiniRaftClusterWithGrpc11c295d1/s0/f113c75c-7674-443c-9f70-38a95899d58a/sm/snapshot/sub/2.bin, /home/runner/work/ratis/ratis/ratis-test/target/test/data/4bffaa74/MiniRaftClusterWithGrpc11c295d1/s0/f113c75c-7674-443c-9f70-38a95899d58a/sm/snapshot.1_191] successfully
2023-02-01 15:05:12,389 [s2@group-38A95899D58A-SegmentedRaftLogWorker] INFO  segmented.SegmentedRaftLogWorker (SegmentedRaftLogWorker.java:execute(635)) - s2@group-38A95899D58A-SegmentedRaftLogWorker: created new log segment /home/runner/work/ratis/ratis/ratis-test/target/test/data/4bffaa74/MiniRaftClusterWithGrpc11c295d1/s2/f113c75c-7674-443c-9f70-38a95899d58a/current/log_inprogress_192
2023-02-01 15:05:12,392 [s0@group-38A95899D58A-LeaderStateImpl] INFO  server.RaftServer$Division (ServerState.java:setRaftConf(378)) - s0@group-38A95899D58A: set configuration 255: peers:[s0|rpc:localhost:45369|admin:localhost:45813|client:localhost:46359|dataStream:localhost:45307|priority:0|startupRole:FOLLOWER, s1|rpc:0.0.0.0:35473|dataStream:|priority:0|startupRole:FOLLOWER, s2|rpc:0.0.0.0:44569|dataStream:|priority:0|startupRole:FOLLOWER]|listeners:[], old=peers:[s0|rpc:localhost:45369|admin:localhost:45813|client:localhost:46359|dataStream:localhost:45307|priority:0|startupRole:FOLLOWER]|listeners:[]
2023-02-01 15:05:12,399 [s1-server-thread1] INFO  impl.RoleInfo (RoleInfo.java:updateAndGet(139)) - s1: start s1@group-38A95899D58A-FollowerState
2023-02-01 15:05:12,407 [s2-server-thread2] INFO  server.RaftServer$Division (ServerState.java:setRaftConf(378)) - s2@group-38A95899D58A: set configuration 255: peers:[s0|rpc:localhost:45369|admin:localhost:45813|client:localhost:46359|dataStream:localhost:45307|priority:0|startupRole:FOLLOWER, s1|rpc:0.0.0.0:35473|dataStream:|priority:0|startupRole:FOLLOWER, s2|rpc:0.0.0.0:44569|dataStream:|priority:0|startupRole:FOLLOWER]|listeners:[], old=peers:[s0|rpc:localhost:45369|admin:localhost:45813|client:localhost:46359|dataStream:localhost:45307|priority:0|startupRole:FOLLOWER]|listeners:[]
2023-02-01 15:05:12,412 [s0@group-38A95899D58A-LeaderStateImpl] INFO  server.RaftServer$Division (ServerState.java:setRaftConf(378)) - s0@group-38A95899D58A: set configuration 257: peers:[s0|rpc:localhost:45369|admin:localhost:45813|client:localhost:46359|dataStream:localhost:45307|priority:0|startupRole:FOLLOWER, s1|rpc:0.0.0.0:35473|dataStream:|priority:0|startupRole:FOLLOWER, s2|rpc:0.0.0.0:44569|dataStream:|priority:0|startupRole:FOLLOWER]|listeners:[], old=null
2023-02-01 15:05:12,413 [s2-server-thread2] INFO  server.RaftServer$Division (ServerState.java:setRaftConf(378)) - s2@group-38A95899D58A: set configuration 257: peers:[s0|rpc:localhost:45369|admin:localhost:45813|client:localhost:46359|dataStream:localhost:45307|priority:0|startupRole:FOLLOWER, s1|rpc:0.0.0.0:35473|dataStream:|priority:0|startupRole:FOLLOWER, s2|rpc:0.0.0.0:44569|dataStream:|priority:0|startupRole:FOLLOWER]|listeners:[], old=null
2023-02-01 15:05:12,420 [s1-server-thread3] INFO  server.RaftServer$Division (ServerState.java:setRaftConf(378)) - s1@group-38A95899D58A: set configuration 255: peers:[s0|rpc:localhost:45369|admin:localhost:45813|client:localhost:46359|dataStream:localhost:45307|priority:0|startupRole:FOLLOWER, s1|rpc:0.0.0.0:35473|dataStream:|priority:0|startupRole:FOLLOWER, s2|rpc:0.0.0.0:44569|dataStream:|priority:0|startupRole:FOLLOWER]|listeners:[], old=peers:[s0|rpc:localhost:45369|admin:localhost:45813|client:localhost:46359|dataStream:localhost:45307|priority:0|startupRole:FOLLOWER]|listeners:[]
2023-02-01 15:05:12,420 [s1-server-thread3] INFO  segmented.SegmentedRaftLogWorker (SegmentedRaftLogWorker.java:startLogSegment(431)) - s1@group-38A95899D58A-SegmentedRaftLogWorker: Starting segment from index:192
2023-02-01 15:05:12,428 [Time-limited test] INFO  server.RaftServerConfigKeys (ConfUtils.java:logGet(46)) - raft.server.rpc.timeout.max = 300ms (default)
2023-02-01 15:05:12,428 [Time-limited test] INFO  impl.RaftServerTestUtil (RaftServerTestUtil.java:waitAndCheckNewConf(87)) - waitAndCheckNewConf: peers=[s1|rpc:0.0.0.0:35473|priority:0|startupRole:FOLLOWER, s2|rpc:0.0.0.0:44569|priority:0|startupRole:FOLLOWER, s0|rpc:localhost:45369|admin:localhost:45813|client:localhost:46359|dataStream:localhost:45307|priority:0|startupRole:FOLLOWER], deadPeers=null, printing ALL groups
  s0:  RUNNING    LEADER s0@group-38A95899D58A:t1, leader=s0, voted=s0, raftlog=Memoized:s0@group-38A95899D58A-SegmentedRaftLog:OPENED:c258, conf=257: peers:[s0|rpc:localhost:45369|admin:localhost:45813|client:localhost:46359|dataStream:localhost:45307|priority:0|startupRole:FOLLOWER, s1|rpc:0.0.0.0:35473|dataStream:|priority:0|startupRole:FOLLOWER, s2|rpc:0.0.0.0:44569|dataStream:|priority:0|startupRole:FOLLOWER]|listeners:[], old=null RUNNING
  s1:  RUNNING  FOLLOWER s1@group-38A95899D58A:t1, leader=s0, voted=null, raftlog=Memoized:s1@group-38A95899D58A-SegmentedRaftLog:OPENED:c191, conf=255: peers:[s0|rpc:localhost:45369|admin:localhost:45813|client:localhost:46359|dataStream:localhost:45307|priority:0|startupRole:FOLLOWER, s1|rpc:0.0.0.0:35473|dataStream:|priority:0|startupRole:FOLLOWER, s2|rpc:0.0.0.0:44569|dataStream:|priority:0|startupRole:FOLLOWER]|listeners:[], old=peers:[s0|rpc:localhost:45369|admin:localhost:45813|client:localhost:46359|dataStream:localhost:45307|priority:0|startupRole:FOLLOWER]|listeners:[] RUNNING
  s2:  RUNNING  FOLLOWER s2@group-38A95899D58A:t1, leader=s0, voted=null, raftlog=Memoized:s2@group-38A95899D58A-SegmentedRaftLog:OPENED:c257, conf=257: peers:[s0|rpc:localhost:45369|admin:localhost:45813|client:localhost:46359|dataStream:localhost:45307|priority:0|startupRole:FOLLOWER, s1|rpc:0.0.0.0:35473|dataStream:|priority:0|startupRole:FOLLOWER, s2|rpc:0.0.0.0:44569|dataStream:|priority:0|startupRole:FOLLOWER]|listeners:[], old=null RUNNING
2023-02-01 15:05:12,428 [Time-limited test] INFO  impl.RaftServerTestUtil (RaftServerTestUtil.java:waitAndCheckNewConf(96)) - checking    LEADER s0@group-38A95899D58A:t1, leader=s0, voted=s0, raftlog=Memoized:s0@group-38A95899D58A-SegmentedRaftLog:OPENED:c258, conf=257: peers:[s0|rpc:localhost:45369|admin:localhost:45813|client:localhost:46359|dataStream:localhost:45307|priority:0|startupRole:FOLLOWER, s1|rpc:0.0.0.0:35473|dataStream:|priority:0|startupRole:FOLLOWER, s2|rpc:0.0.0.0:44569|dataStream:|priority:0|startupRole:FOLLOWER]|listeners:[], old=null RUNNING
2023-02-01 15:05:12,429 [Time-limited test] INFO  impl.RaftServerTestUtil (RaftServerTestUtil.java:waitAndCheckNewConf(96)) - checking  FOLLOWER s1@group-38A95899D58A:t1, leader=s0, voted=null, raftlog=Memoized:s1@group-38A95899D58A-SegmentedRaftLog:OPENED:c191, conf=255: peers:[s0|rpc:localhost:45369|admin:localhost:45813|client:localhost:46359|dataStream:localhost:45307|priority:0|startupRole:FOLLOWER, s1|rpc:0.0.0.0:35473|dataStream:|priority:0|startupRole:FOLLOWER, s2|rpc:0.0.0.0:44569|dataStream:|priority:0|startupRole:FOLLOWER]|listeners:[], old=peers:[s0|rpc:localhost:45369|admin:localhost:45813|client:localhost:46359|dataStream:localhost:45307|priority:0|startupRole:FOLLOWER]|listeners:[] RUNNING
2023-02-01 15:05:12,429 [Time-limited test] WARN  impl.RaftServerTestUtil (JavaUtils.java:attempt(217)) - FAILED "waitAndCheckNewConf", attempt #1/10: java.lang.AssertionError, sleep 600ms and then retry.
java.lang.AssertionError
	at org.junit.Assert.fail(Assert.java:87)
	at org.junit.Assert.assertTrue(Assert.java:42)
	at org.junit.Assert.assertTrue(Assert.java:53)
	at org.apache.ratis.server.impl.RaftServerTestUtil.waitAndCheckNewConf(RaftServerTestUtil.java:106)
	at org.apache.ratis.server.impl.RaftServerTestUtil.lambda$waitAndCheckNewConf$3(RaftServerTestUtil.java:82)
	at org.apache.ratis.util.function.CheckedRunnable.lambda$asCheckedSupplier$0(CheckedRunnable.java:32)
	at org.apache.ratis.util.JavaUtils.attempt(JavaUtils.java:211)
	at org.apache.ratis.util.JavaUtils.attemptRepeatedly(JavaUtils.java:197)
	at org.apache.ratis.util.JavaUtils.attempt(JavaUtils.java:231)
	at org.apache.ratis.server.impl.RaftServerTestUtil.waitAndCheckNewConf(RaftServerTestUtil.java:82)
	at org.apache.ratis.InstallSnapshotFromLeaderTests.testMultiFileInstallSnapshot(InstallSnapshotFromLeaderTests.java:115)
	at org.apache.ratis.server.impl.MiniRaftCluster$Factory$Get.runWithNewCluster(MiniRaftCluster.java:141)
	at org.apache.ratis.server.impl.MiniRaftCluster$Factory$Get.runWithNewCluster(MiniRaftCluster.java:121)
	at org.apache.ratis.InstallSnapshotFromLeaderTests.testMultiFileInstallSnapshot(InstallSnapshotFromLeaderTests.java:79)
	at java.base/jdk.internal.reflect.NativeMethodAccessorImpl.invoke0(Native Method)
	at java.base/jdk.internal.reflect.NativeMethodAccessorImpl.invoke(NativeMethodAccessorImpl.java:62)
	at java.base/jdk.internal.reflect.DelegatingMethodAccessorImpl.invoke(DelegatingMethodAccessorImpl.java:43)
	at java.base/java.lang.reflect.Method.invoke(Method.java:566)
	at org.junit.runners.model.FrameworkMethod$1.runReflectiveCall(FrameworkMethod.java:59)
	at org.junit.internal.runners.model.ReflectiveCallable.run(ReflectiveCallable.java:12)
	at org.junit.runners.model.FrameworkMethod.invokeExplosively(FrameworkMethod.java:56)
	at org.junit.internal.runners.statements.InvokeMethod.evaluate(InvokeMethod.java:17)
	at org.junit.internal.runners.statements.RunAfters.evaluate(RunAfters.java:27)
	at org.junit.internal.runners.statements.FailOnTimeout$CallableStatement.call(FailOnTimeout.java:299)
	at org.junit.internal.runners.statements.FailOnTimeout$CallableStatement.call(FailOnTimeout.java:293)
	at java.base/java.util.concurrent.FutureTask.run(FutureTask.java:264)
	at java.base/java.lang.Thread.run(Thread.java:829)
2023-02-01 15:05:12,430 [s1@group-38A95899D58A-SegmentedRaftLogWorker] INFO  segmented.SegmentedRaftLogWorker (SegmentedRaftLogWorker.java:execute(635)) - s1@group-38A95899D58A-SegmentedRaftLogWorker: created new log segment /home/runner/work/ratis/ratis/ratis-test/target/test/data/4bffaa74/MiniRaftClusterWithGrpc11c295d1/s1/f113c75c-7674-443c-9f70-38a95899d58a/current/log_inprogress_192
2023-02-01 15:05:12,437 [s1-server-thread2] INFO  server.RaftServer$Division (ServerState.java:setRaftConf(378)) - s1@group-38A95899D58A: set configuration 257: peers:[s0|rpc:localhost:45369|admin:localhost:45813|client:localhost:46359|dataStream:localhost:45307|priority:0|startupRole:FOLLOWER, s1|rpc:0.0.0.0:35473|dataStream:|priority:0|startupRole:FOLLOWER, s2|rpc:0.0.0.0:44569|dataStream:|priority:0|startupRole:FOLLOWER]|listeners:[], old=null
2023-02-01 15:05:12,438 [s1@group-38A95899D58A-StateMachineUpdater] INFO  impl.SimpleStateMachine4Testing (SimpleStateMachine4Testing.java:put(205)) - s1: put 193, m96 -> (t:1, i:193), STATEMACHINELOGENTRY, 354@client-1A94217DD459
2023-02-01 15:05:12,438 [s1@group-38A95899D58A-StateMachineUpdater] INFO  impl.SimpleStateMachine4Testing (SimpleStateMachine4Testing.java:put(205)) - s1: put 195, m97 -> (t:1, i:195), STATEMACHINELOGENTRY, 355@client-1A94217DD459
2023-02-01 15:05:12,438 [s1@group-38A95899D58A-StateMachineUpdater] INFO  impl.SimpleStateMachine4Testing (SimpleStateMachine4Testing.java:put(205)) - s1: put 197, m98 -> (t:1, i:197), STATEMACHINELOGENTRY, 356@client-1A94217DD459
2023-02-01 15:05:12,438 [s1@group-38A95899D58A-StateMachineUpdater] INFO  impl.SimpleStateMachine4Testing (SimpleStateMachine4Testing.java:put(205)) - s1: put 199, m99 -> (t:1, i:199), STATEMACHINELOGENTRY, 357@client-1A94217DD459
2023-02-01 15:05:12,438 [s1@group-38A95899D58A-StateMachineUpdater] INFO  impl.SimpleStateMachine4Testing (SimpleStateMachine4Testing.java:put(205)) - s1: put 201, m100 -> (t:1, i:201), STATEMACHINELOGENTRY, 358@client-1A94217DD459
2023-02-01 15:05:12,438 [s1@group-38A95899D58A-StateMachineUpdater] INFO  impl.SimpleStateMachine4Testing (SimpleStateMachine4Testing.java:put(205)) - s1: put 203, m101 -> (t:1, i:203), STATEMACHINELOGENTRY, 359@client-1A94217DD459
2023-02-01 15:05:12,438 [s1@group-38A95899D58A-StateMachineUpdater] INFO  impl.SimpleStateMachine4Testing (SimpleStateMachine4Testing.java:put(205)) - s1: put 205, m102 -> (t:1, i:205), STATEMACHINELOGENTRY, 360@client-1A94217DD459
2023-02-01 15:05:12,438 [s1@group-38A95899D58A-StateMachineUpdater] INFO  impl.SimpleStateMachine4Testing (SimpleStateMachine4Testing.java:put(205)) - s1: put 207, m103 -> (t:1, i:207), STATEMACHINELOGENTRY, 361@client-1A94217DD459
2023-02-01 15:05:12,439 [s1@group-38A95899D58A-StateMachineUpdater] INFO  impl.SimpleStateMachine4Testing (SimpleStateMachine4Testing.java:put(205)) - s1: put 209, m104 -> (t:1, i:209), STATEMACHINELOGENTRY, 362@client-1A94217DD459
2023-02-01 15:05:12,439 [s1@group-38A95899D58A-StateMachineUpdater] INFO  impl.SimpleStateMachine4Testing (SimpleStateMachine4Testing.java:put(205)) - s1: put 211, m105 -> (t:1, i:211), STATEMACHINELOGENTRY, 363@client-1A94217DD459
2023-02-01 15:05:12,439 [s1@group-38A95899D58A-StateMachineUpdater] INFO  impl.SimpleStateMachine4Testing (SimpleStateMachine4Testing.java:put(205)) - s1: put 213, m106 -> (t:1, i:213), STATEMACHINELOGENTRY, 364@client-1A94217DD459
2023-02-01 15:05:12,439 [s1@group-38A95899D58A-StateMachineUpdater] INFO  impl.SimpleStateMachine4Testing (SimpleStateMachine4Testing.java:put(205)) - s1: put 215, m107 -> (t:1, i:215), STATEMACHINELOGENTRY, 365@client-1A94217DD459
2023-02-01 15:05:12,439 [s1@group-38A95899D58A-StateMachineUpdater] INFO  impl.SimpleStateMachine4Testing (SimpleStateMachine4Testing.java:put(205)) - s1: put 217, m108 -> (t:1, i:217), STATEMACHINELOGENTRY, 366@client-1A94217DD459
2023-02-01 15:05:12,439 [s1@group-38A95899D58A-StateMachineUpdater] INFO  impl.SimpleStateMachine4Testing (SimpleStateMachine4Testing.java:put(205)) - s1: put 219, m109 -> (t:1, i:219), STATEMACHINELOGENTRY, 367@client-1A94217DD459
2023-02-01 15:05:12,439 [s1@group-38A95899D58A-StateMachineUpdater] INFO  impl.SimpleStateMachine4Testing (SimpleStateMachine4Testing.java:put(205)) - s1: put 221, m110 -> (t:1, i:221), STATEMACHINELOGENTRY, 368@client-1A94217DD459
2023-02-01 15:05:12,439 [s1@group-38A95899D58A-StateMachineUpdater] INFO  impl.SimpleStateMachine4Testing (SimpleStateMachine4Testing.java:put(205)) - s1: put 223, m111 -> (t:1, i:223), STATEMACHINELOGENTRY, 369@client-1A94217DD459
2023-02-01 15:05:12,439 [s1@group-38A95899D58A-StateMachineUpdater] INFO  impl.SimpleStateMachine4Testing (SimpleStateMachine4Testing.java:put(205)) - s1: put 225, m112 -> (t:1, i:225), STATEMACHINELOGENTRY, 370@client-1A94217DD459
2023-02-01 15:05:12,439 [s1@group-38A95899D58A-StateMachineUpdater] INFO  impl.SimpleStateMachine4Testing (SimpleStateMachine4Testing.java:put(205)) - s1: put 227, m113 -> (t:1, i:227), STATEMACHINELOGENTRY, 371@client-1A94217DD459
2023-02-01 15:05:12,439 [s1@group-38A95899D58A-StateMachineUpdater] INFO  impl.SimpleStateMachine4Testing (SimpleStateMachine4Testing.java:put(205)) - s1: put 229, m114 -> (t:1, i:229), STATEMACHINELOGENTRY, 372@client-1A94217DD459
2023-02-01 15:05:12,440 [s1@group-38A95899D58A-StateMachineUpdater] INFO  impl.SimpleStateMachine4Testing (SimpleStateMachine4Testing.java:put(205)) - s1: put 231, m115 -> (t:1, i:231), STATEMACHINELOGENTRY, 373@client-1A94217DD459
2023-02-01 15:05:12,440 [s1@group-38A95899D58A-StateMachineUpdater] INFO  impl.SimpleStateMachine4Testing (SimpleStateMachine4Testing.java:put(205)) - s1: put 233, m116 -> (t:1, i:233), STATEMACHINELOGENTRY, 374@client-1A94217DD459
2023-02-01 15:05:12,440 [s1@group-38A95899D58A-StateMachineUpdater] INFO  impl.SimpleStateMachine4Testing (SimpleStateMachine4Testing.java:put(205)) - s1: put 235, m117 -> (t:1, i:235), STATEMACHINELOGENTRY, 375@client-1A94217DD459
2023-02-01 15:05:12,440 [s1@group-38A95899D58A-StateMachineUpdater] INFO  impl.SimpleStateMachine4Testing (SimpleStateMachine4Testing.java:put(205)) - s1: put 237, m118 -> (t:1, i:237), STATEMACHINELOGENTRY, 376@client-1A94217DD459
2023-02-01 15:05:12,440 [s1@group-38A95899D58A-StateMachineUpdater] INFO  impl.SimpleStateMachine4Testing (SimpleStateMachine4Testing.java:put(205)) - s1: put 239, m119 -> (t:1, i:239), STATEMACHINELOGENTRY, 377@client-1A94217DD459
2023-02-01 15:05:12,440 [s1@group-38A95899D58A-StateMachineUpdater] INFO  impl.SimpleStateMachine4Testing (SimpleStateMachine4Testing.java:put(205)) - s1: put 241, m120 -> (t:1, i:241), STATEMACHINELOGENTRY, 378@client-1A94217DD459
2023-02-01 15:05:12,440 [s1@group-38A95899D58A-StateMachineUpdater] INFO  impl.SimpleStateMachine4Testing (SimpleStateMachine4Testing.java:put(205)) - s1: put 243, m121 -> (t:1, i:243), STATEMACHINELOGENTRY, 379@client-1A94217DD459
2023-02-01 15:05:12,440 [s1@group-38A95899D58A-StateMachineUpdater] INFO  impl.SimpleStateMachine4Testing (SimpleStateMachine4Testing.java:put(205)) - s1: put 245, m122 -> (t:1, i:245), STATEMACHINELOGENTRY, 380@client-1A94217DD459
2023-02-01 15:05:12,440 [s1@group-38A95899D58A-StateMachineUpdater] INFO  impl.SimpleStateMachine4Testing (SimpleStateMachine4Testing.java:put(205)) - s1: put 247, m123 -> (t:1, i:247), STATEMACHINELOGENTRY, 381@client-1A94217DD459
2023-02-01 15:05:12,440 [s1@group-38A95899D58A-StateMachineUpdater] INFO  impl.SimpleStateMachine4Testing (SimpleStateMachine4Testing.java:put(205)) - s1: put 249, m124 -> (t:1, i:249), STATEMACHINELOGENTRY, 382@client-1A94217DD459
2023-02-01 15:05:12,440 [s1@group-38A95899D58A-StateMachineUpdater] INFO  impl.SimpleStateMachine4Testing (SimpleStateMachine4Testing.java:put(205)) - s1: put 251, m125 -> (t:1, i:251), STATEMACHINELOGENTRY, 383@client-1A94217DD459
2023-02-01 15:05:12,441 [s1@group-38A95899D58A-StateMachineUpdater] INFO  impl.SimpleStateMachine4Testing (SimpleStateMachine4Testing.java:put(205)) - s1: put 253, m126 -> (t:1, i:253), STATEMACHINELOGENTRY, 384@client-1A94217DD459
2023-02-01 15:05:12,458 [s0@group-38A95899D58A-StateMachineUpdater] INFO  impl.StateMachineUpdater (StateMachineUpdater.java:takeSnapshot(290)) - s0@group-38A95899D58A-StateMachineUpdater: Took a snapshot at index 255
2023-02-01 15:05:12,458 [s0@group-38A95899D58A-StateMachineUpdater] INFO  impl.StateMachineUpdater (StateMachineUpdater.java:lambda$new$0(96)) - s0@group-38A95899D58A-StateMachineUpdater: snapshotIndex: updateIncreasingly 191 -> 255
2023-02-01 15:05:12,458 [s0@group-38A95899D58A-StateMachineUpdater] INFO  raftlog.RaftLog (RaftLogBase.java:purge(314)) - s0@group-38A95899D58A-SegmentedRaftLog: purge 255
2023-02-01 15:05:12,458 [s0@group-38A95899D58A-StateMachineUpdater] INFO  raftlog.RaftLog (RaftLogBase.java:lambda$new$0(53)) - s0@group-38A95899D58A-SegmentedRaftLog: snapshotIndex: updateIncreasingly 191 -> 255
2023-02-01 15:05:12,458 [s0@group-38A95899D58A-StateMachineUpdater] INFO  raftlog.RaftLog (RaftLogBase.java:lambda$new$0(53)) - s0@group-38A95899D58A-SegmentedRaftLog: purgeIndex: updateToMax old=191, new=255, updated? true
2023-02-01 15:05:12,466 [s1@group-38A95899D58A-StateMachineUpdater] INFO  impl.StateMachineUpdater (StateMachineUpdater.java:takeSnapshot(290)) - s1@group-38A95899D58A-StateMachineUpdater: Took a snapshot at index 257
2023-02-01 15:05:12,466 [s1@group-38A95899D58A-StateMachineUpdater] INFO  impl.StateMachineUpdater (StateMachineUpdater.java:lambda$new$0(96)) - s1@group-38A95899D58A-StateMachineUpdater: snapshotIndex: updateIncreasingly 191 -> 257
2023-02-01 15:05:12,466 [s1@group-38A95899D58A-StateMachineUpdater] INFO  raftlog.RaftLog (RaftLogBase.java:purge(314)) - s1@group-38A95899D58A-SegmentedRaftLog: purge 255
2023-02-01 15:05:12,467 [s1@group-38A95899D58A-StateMachineUpdater] INFO  raftlog.RaftLog (RaftLogBase.java:lambda$new$0(53)) - s1@group-38A95899D58A-SegmentedRaftLog: snapshotIndex: updateIncreasingly 191 -> 257
2023-02-01 15:05:12,467 [s1@group-38A95899D58A-StateMachineUpdater] INFO  raftlog.RaftLog (RaftLogBase.java:lambda$new$0(53)) - s1@group-38A95899D58A-SegmentedRaftLog: purgeIndex: updateToMax old=-1, new=255, updated? true
2023-02-01 15:05:13,029 [Time-limited test] INFO  impl.RaftServerTestUtil (RaftServerTestUtil.java:waitAndCheckNewConf(87)) - waitAndCheckNewConf: peers=[s1|rpc:0.0.0.0:35473|priority:0|startupRole:FOLLOWER, s2|rpc:0.0.0.0:44569|priority:0|startupRole:FOLLOWER, s0|rpc:localhost:45369|admin:localhost:45813|client:localhost:46359|dataStream:localhost:45307|priority:0|startupRole:FOLLOWER], deadPeers=null, printing ALL groups
  s0:  RUNNING    LEADER s0@group-38A95899D58A:t1, leader=s0, voted=s0, raftlog=Memoized:s0@group-38A95899D58A-SegmentedRaftLog:OPENED:c258, conf=257: peers:[s0|rpc:localhost:45369|admin:localhost:45813|client:localhost:46359|dataStream:localhost:45307|priority:0|startupRole:FOLLOWER, s1|rpc:0.0.0.0:35473|dataStream:|priority:0|startupRole:FOLLOWER, s2|rpc:0.0.0.0:44569|dataStream:|priority:0|startupRole:FOLLOWER]|listeners:[], old=null RUNNING
  s1:  RUNNING  FOLLOWER s1@group-38A95899D58A:t1, leader=s0, voted=null, raftlog=Memoized:s1@group-38A95899D58A-SegmentedRaftLog:OPENED:c258, conf=257: peers:[s0|rpc:localhost:45369|admin:localhost:45813|client:localhost:46359|dataStream:localhost:45307|priority:0|startupRole:FOLLOWER, s1|rpc:0.0.0.0:35473|dataStream:|priority:0|startupRole:FOLLOWER, s2|rpc:0.0.0.0:44569|dataStream:|priority:0|startupRole:FOLLOWER]|listeners:[], old=null RUNNING
  s2:  RUNNING  FOLLOWER s2@group-38A95899D58A:t1, leader=s0, voted=null, raftlog=Memoized:s2@group-38A95899D58A-SegmentedRaftLog:OPENED:c258, conf=257: peers:[s0|rpc:localhost:45369|admin:localhost:45813|client:localhost:46359|dataStream:localhost:45307|priority:0|startupRole:FOLLOWER, s1|rpc:0.0.0.0:35473|dataStream:|priority:0|startupRole:FOLLOWER, s2|rpc:0.0.0.0:44569|dataStream:|priority:0|startupRole:FOLLOWER]|listeners:[], old=null RUNNING
2023-02-01 15:05:13,030 [Time-limited test] INFO  impl.RaftServerTestUtil (RaftServerTestUtil.java:waitAndCheckNewConf(96)) - checking    LEADER s0@group-38A95899D58A:t1, leader=s0, voted=s0, raftlog=Memoized:s0@group-38A95899D58A-SegmentedRaftLog:OPENED:c258, conf=257: peers:[s0|rpc:localhost:45369|admin:localhost:45813|client:localhost:46359|dataStream:localhost:45307|priority:0|startupRole:FOLLOWER, s1|rpc:0.0.0.0:35473|dataStream:|priority:0|startupRole:FOLLOWER, s2|rpc:0.0.0.0:44569|dataStream:|priority:0|startupRole:FOLLOWER]|listeners:[], old=null RUNNING
2023-02-01 15:05:13,030 [Time-limited test] INFO  impl.RaftServerTestUtil (RaftServerTestUtil.java:waitAndCheckNewConf(96)) - checking  FOLLOWER s1@group-38A95899D58A:t1, leader=s0, voted=null, raftlog=Memoized:s1@group-38A95899D58A-SegmentedRaftLog:OPENED:c258, conf=257: peers:[s0|rpc:localhost:45369|admin:localhost:45813|client:localhost:46359|dataStream:localhost:45307|priority:0|startupRole:FOLLOWER, s1|rpc:0.0.0.0:35473|dataStream:|priority:0|startupRole:FOLLOWER, s2|rpc:0.0.0.0:44569|dataStream:|priority:0|startupRole:FOLLOWER]|listeners:[], old=null RUNNING
2023-02-01 15:05:13,030 [Time-limited test] INFO  impl.RaftServerTestUtil (RaftServerTestUtil.java:waitAndCheckNewConf(96)) - checking  FOLLOWER s2@group-38A95899D58A:t1, leader=s0, voted=null, raftlog=Memoized:s2@group-38A95899D58A-SegmentedRaftLog:OPENED:c258, conf=257: peers:[s0|rpc:localhost:45369|admin:localhost:45813|client:localhost:46359|dataStream:localhost:45307|priority:0|startupRole:FOLLOWER, s1|rpc:0.0.0.0:35473|dataStream:|priority:0|startupRole:FOLLOWER, s2|rpc:0.0.0.0:44569|dataStream:|priority:0|startupRole:FOLLOWER]|listeners:[], old=null RUNNING
2023-02-01 15:05:13,030 [Time-limited test] INFO  impl.MiniRaftCluster (MiniRaftCluster.java:shutdown(831)) - ************************************************************** 
2023-02-01 15:05:13,030 [Time-limited test] INFO  impl.MiniRaftCluster (MiniRaftCluster.java:shutdown(832)) - *** 
2023-02-01 15:05:13,030 [Time-limited test] INFO  impl.MiniRaftCluster (MiniRaftCluster.java:shutdown(833)) - ***     Stopping MiniRaftClusterWithGrpc
2023-02-01 15:05:13,030 [Time-limited test] INFO  impl.MiniRaftCluster (MiniRaftCluster.java:shutdown(834)) - *** 
2023-02-01 15:05:13,030 [Time-limited test] INFO  impl.MiniRaftCluster (MiniRaftCluster.java:shutdown(835)) - ************************************************************** 
2023-02-01 15:05:13,030 [Time-limited test] INFO  impl.MiniRaftCluster (MiniRaftCluster.java:shutdown(836)) - printing ALL groups
  s0:  RUNNING    LEADER s0@group-38A95899D58A:t1, leader=s0, voted=s0, raftlog=Memoized:s0@group-38A95899D58A-SegmentedRaftLog:OPENED:c258, conf=257: peers:[s0|rpc:localhost:45369|admin:localhost:45813|client:localhost:46359|dataStream:localhost:45307|priority:0|startupRole:FOLLOWER, s1|rpc:0.0.0.0:35473|dataStream:|priority:0|startupRole:FOLLOWER, s2|rpc:0.0.0.0:44569|dataStream:|priority:0|startupRole:FOLLOWER]|listeners:[], old=null RUNNING
  s1:  RUNNING  FOLLOWER s1@group-38A95899D58A:t1, leader=s0, voted=null, raftlog=Memoized:s1@group-38A95899D58A-SegmentedRaftLog:OPENED:c258, conf=257: peers:[s0|rpc:localhost:45369|admin:localhost:45813|client:localhost:46359|dataStream:localhost:45307|priority:0|startupRole:FOLLOWER, s1|rpc:0.0.0.0:35473|dataStream:|priority:0|startupRole:FOLLOWER, s2|rpc:0.0.0.0:44569|dataStream:|priority:0|startupRole:FOLLOWER]|listeners:[], old=null RUNNING
  s2:  RUNNING  FOLLOWER s2@group-38A95899D58A:t1, leader=s0, voted=null, raftlog=Memoized:s2@group-38A95899D58A-SegmentedRaftLog:OPENED:c258, conf=257: peers:[s0|rpc:localhost:45369|admin:localhost:45813|client:localhost:46359|dataStream:localhost:45307|priority:0|startupRole:FOLLOWER, s1|rpc:0.0.0.0:35473|dataStream:|priority:0|startupRole:FOLLOWER, s2|rpc:0.0.0.0:44569|dataStream:|priority:0|startupRole:FOLLOWER]|listeners:[], old=null RUNNING
2023-02-01 15:05:13,031 [MiniRaftCluster-13] INFO  server.RaftServer (RaftServerProxy.java:lambda$close$7(412)) - s0: close
2023-02-01 15:05:13,034 [MiniRaftCluster-13] INFO  server.GrpcService (GrpcService.java:closeImpl(311)) - s0: shutdown server org.apache.ratis.grpc.server.GrpcClientProtocolService now
2023-02-01 15:05:13,034 [s0-impl-thread1] INFO  server.RaftServer$Division (RaftServerImpl.java:lambda$close$4(462)) - s0@group-38A95899D58A: shutdown
2023-02-01 15:05:13,035 [s0-impl-thread1] INFO  util.JmxRegister (JmxRegister.java:unregister(73)) - Successfully un-registered JMX Bean with object name Ratis:service=RaftServer,group=group-38A95899D58A,id=s0
2023-02-01 15:05:13,035 [s0-impl-thread1] INFO  impl.RoleInfo (RoleInfo.java:shutdownLeaderState(93)) - s0: shutdown s0@group-38A95899D58A-LeaderStateImpl
2023-02-01 15:05:13,035 [MiniRaftCluster-14] INFO  server.RaftServer (RaftServerProxy.java:lambda$close$7(412)) - s1: close
2023-02-01 15:05:13,035 [s1-impl-thread1] INFO  server.RaftServer$Division (RaftServerImpl.java:lambda$close$4(462)) - s1@group-38A95899D58A: shutdown
2023-02-01 15:05:13,035 [MiniRaftCluster-14] INFO  server.GrpcService (GrpcService.java:closeImpl(311)) - s1: shutdown server GrpcServerProtocolService now
2023-02-01 15:05:13,035 [s1-impl-thread1] INFO  util.JmxRegister (JmxRegister.java:unregister(73)) - Successfully un-registered JMX Bean with object name Ratis:service=RaftServer,group=group-38A95899D58A,id=s1
2023-02-01 15:05:13,035 [s1-impl-thread1] INFO  impl.RoleInfo (RoleInfo.java:shutdownFollowerState(110)) - s1: shutdown s1@group-38A95899D58A-FollowerState
2023-02-01 15:05:13,037 [s1-impl-thread1] INFO  impl.StateMachineUpdater (StateMachineUpdater.java:stopAndJoin(154)) - s1@group-38A95899D58A-StateMachineUpdater: set stopIndex = 258
2023-02-01 15:05:13,038 [MiniRaftCluster-13] INFO  server.GrpcServerProtocolClient (GrpcServerProtocolClient.java:close(101)) - s1 Close channels
2023-02-01 15:05:13,042 [s0-impl-thread1] INFO  impl.PendingRequests (PendingRequests.java:sendNotLeaderResponses(282)) - s0@group-38A95899D58A-PendingRequests: sendNotLeaderResponses
2023-02-01 15:05:13,042 [s0@group-38A95899D58A->s2-GrpcLogAppender-LogAppenderDaemon] WARN  server.GrpcLogAppender (GrpcLogAppender.java:mayWait(198)) - s0@group-38A95899D58A->s2-GrpcLogAppender: Wait interrupted by java.lang.InterruptedException
2023-02-01 15:05:13,042 [s1@group-38A95899D58A-FollowerState] INFO  impl.FollowerState (FollowerState.java:run(152)) - s1@group-38A95899D58A-FollowerState was interrupted
2023-02-01 15:05:13,042 [s0@group-38A95899D58A->s1-GrpcLogAppender-LogAppenderDaemon] WARN  server.GrpcLogAppender (GrpcLogAppender.java:mayWait(198)) - s0@group-38A95899D58A->s1-GrpcLogAppender: Wait interrupted by java.lang.InterruptedException
2023-02-01 15:05:13,042 [grpc-default-executor-3] INFO  server.GrpcServerProtocolService (GrpcServerProtocolService.java:onCompleted(143)) - s2: Completed APPEND_ENTRIES, lastRequest: s0->s2#6-t1,previous=(t:1, i:257),leaderCommit=257,initializing? true,entries: size=1, first=(t:1, i:258), METADATAENTRY(c:257)
2023-02-01 15:05:13,042 [grpc-default-executor-4] INFO  server.GrpcServerProtocolService (GrpcServerProtocolService.java:onCompleted(143)) - s1: Completed APPEND_ENTRIES, lastRequest: null
2023-02-01 15:05:13,043 [grpc-default-executor-1] INFO  server.GrpcServerProtocolService (GrpcServerProtocolService.java:onCompleted(143)) - s2: Completed APPEND_ENTRIES, lastRequest: null
2023-02-01 15:05:13,045 [MiniRaftCluster-15] INFO  server.RaftServer (RaftServerProxy.java:lambda$close$7(412)) - s2: close
2023-02-01 15:05:13,045 [grpc-default-executor-0] WARN  server.GrpcServerProtocolService (LogUtils.java:warn(122)) - s1: installSnapshot onError, lastRequest: s0->s1#4-t1,previous=(t:1, i:256),leaderCommit=257,initializing? true,entries: size=2, first=(t:1, i:257), CONFIGURATIONENTRY(current:id: "s0"
address: "localhost:45369"
dataStreamAddress: "localhost:45307"
clientAddress: "localhost:46359"
adminAddress: "localhost:45813"
startupRole: FOLLOWER
,id: "s1"
address: "0.0.0.0:35473"
clientAddress: "0.0.0.0:35473"
adminAddress: "0.0.0.0:35473"
startupRole: FOLLOWER
,id: "s2"
address: "0.0.0.0:44569"
clientAddress: "0.0.0.0:44569"
adminAddress: "0.0.0.0:44569"
startupRole: FOLLOWER
, old:): org.apache.ratis.thirdparty.io.grpc.StatusRuntimeException: CANCELLED: client cancelled
2023-02-01 15:05:13,049 [grpc-default-executor-0] INFO  server.GrpcLogAppender (GrpcLogAppender.java:onCompleted(412)) - s0@group-38A95899D58A->s1-AppendLogResponseHandler: follower responses appendEntries COMPLETED
2023-02-01 15:05:13,049 [grpc-default-executor-0] WARN  server.GrpcLogAppender (GrpcLogAppender.java:resetClient(135)) - s0@group-38A95899D58A->s1-GrpcLogAppender: Failed to getClient for s1
org.apache.ratis.protocol.exceptions.AlreadyClosedException: s0 is already CLOSED
	at org.apache.ratis.util.PeerProxyMap$PeerAndProxy.getProxy(PeerProxyMap.java:61)
	at org.apache.ratis.util.PeerProxyMap.getProxy(PeerProxyMap.java:115)
	at org.apache.ratis.grpc.server.GrpcLogAppender.getClient(GrpcLogAppender.java:114)
	at org.apache.ratis.grpc.server.GrpcLogAppender.resetClient(GrpcLogAppender.java:119)
	at org.apache.ratis.grpc.server.GrpcLogAppender.access$500(GrpcLogAppender.java:56)
	at org.apache.ratis.grpc.server.GrpcLogAppender$AppendLogResponseHandler.onCompleted(GrpcLogAppender.java:413)
	at org.apache.ratis.thirdparty.io.grpc.stub.ClientCalls$StreamObserverToCallListenerAdapter.onClose(ClientCalls.java:485)
	at org.apache.ratis.thirdparty.io.grpc.internal.DelayedClientCall$DelayedListener$3.run(DelayedClientCall.java:468)
	at org.apache.ratis.thirdparty.io.grpc.internal.DelayedClientCall$DelayedListener.delayOrExecute(DelayedClientCall.java:432)
	at org.apache.ratis.thirdparty.io.grpc.internal.DelayedClientCall$DelayedListener.onClose(DelayedClientCall.java:465)
	at org.apache.ratis.thirdparty.io.grpc.internal.ClientCallImpl.closeObserver(ClientCallImpl.java:562)
	at org.apache.ratis.thirdparty.io.grpc.internal.ClientCallImpl.access$300(ClientCallImpl.java:70)
	at org.apache.ratis.thirdparty.io.grpc.internal.ClientCallImpl$ClientStreamListenerImpl$1StreamClosed.runInternal(ClientCallImpl.java:743)
	at org.apache.ratis.thirdparty.io.grpc.internal.ClientCallImpl$ClientStreamListenerImpl$1StreamClosed.runInContext(ClientCallImpl.java:722)
	at org.apache.ratis.thirdparty.io.grpc.internal.ContextRunnable.run(ContextRunnable.java:37)
	at org.apache.ratis.thirdparty.io.grpc.internal.SerializingExecutor.run(SerializingExecutor.java:133)
	at java.base/java.util.concurrent.ThreadPoolExecutor.runWorker(ThreadPoolExecutor.java:1128)
	at java.base/java.util.concurrent.ThreadPoolExecutor$Worker.run(ThreadPoolExecutor.java:628)
	at java.base/java.lang.Thread.run(Thread.java:829)
2023-02-01 15:05:13,049 [MiniRaftCluster-14] INFO  server.GrpcService (GrpcService.java:closeImpl(320)) - s1: shutdown server GrpcServerProtocolService successfully
2023-02-01 15:05:13,062 [s2-impl-thread1] INFO  server.RaftServer$Division (RaftServerImpl.java:lambda$close$4(462)) - s2@group-38A95899D58A: shutdown
2023-02-01 15:05:13,062 [s2-impl-thread1] INFO  util.JmxRegister (JmxRegister.java:unregister(73)) - Successfully un-registered JMX Bean with object name Ratis:service=RaftServer,group=group-38A95899D58A,id=s2
2023-02-01 15:05:13,062 [s2-impl-thread1] INFO  impl.RoleInfo (RoleInfo.java:shutdownFollowerState(110)) - s2: shutdown s2@group-38A95899D58A-FollowerState
2023-02-01 15:05:13,062 [s2-impl-thread1] INFO  impl.StateMachineUpdater (StateMachineUpdater.java:stopAndJoin(154)) - s2@group-38A95899D58A-StateMachineUpdater: set stopIndex = 258
2023-02-01 15:05:13,063 [s2@group-38A95899D58A-FollowerState] INFO  impl.FollowerState (FollowerState.java:run(152)) - s2@group-38A95899D58A-FollowerState was interrupted
2023-02-01 15:05:13,060 [MiniRaftCluster-15] INFO  server.GrpcService (GrpcService.java:closeImpl(311)) - s2: shutdown server GrpcServerProtocolService now
2023-02-01 15:05:13,056 [grpc-default-executor-5] INFO  server.GrpcLogAppender (GrpcLogAppender.java:onError(401)) - s0@group-38A95899D58A->s1-GrpcLogAppender is already stopped
2023-02-01 15:05:13,056 [grpc-default-executor-0] INFO  server.GrpcLogAppender (GrpcLogAppender.java:onCompleted(412)) - s0@group-38A95899D58A->s2-AppendLogResponseHandler: follower responses appendEntries COMPLETED
2023-02-01 15:05:13,078 [grpc-default-executor-0] INFO  leader.FollowerInfo (FollowerInfoImpl.java:lambda$new$0(52)) - s0@group-38A95899D58A->s2: nextIndex: updateUnconditionally 259 -> 258
2023-02-01 15:05:13,054 [s1@group-38A95899D58A-StateMachineUpdater] INFO  impl.StateMachineUpdater (StateMachineUpdater.java:takeSnapshot(290)) - s1@group-38A95899D58A-StateMachineUpdater: Took a snapshot at index 258
2023-02-01 15:05:13,086 [s1@group-38A95899D58A-StateMachineUpdater] INFO  impl.StateMachineUpdater (StateMachineUpdater.java:lambda$new$0(96)) - s1@group-38A95899D58A-StateMachineUpdater: snapshotIndex: updateIncreasingly 257 -> 258
2023-02-01 15:05:13,087 [MiniRaftCluster-13] INFO  server.GrpcServerProtocolClient (GrpcServerProtocolClient.java:close(101)) - s2 Close channels
2023-02-01 15:05:13,078 [grpc-default-executor-4] INFO  server.GrpcLogAppender (GrpcLogAppender.java:onCompleted(412)) - s0@group-38A95899D58A->s2-AppendLogResponseHandler: follower responses appendEntries COMPLETED
2023-02-01 15:05:13,087 [grpc-default-executor-4] WARN  server.GrpcLogAppender (GrpcLogAppender.java:resetClient(135)) - s0@group-38A95899D58A->s2-GrpcLogAppender: Failed to getClient for s2
org.apache.ratis.protocol.exceptions.AlreadyClosedException: s0 is already CLOSED
	at org.apache.ratis.util.PeerProxyMap$PeerAndProxy.getProxy(PeerProxyMap.java:61)
	at org.apache.ratis.util.PeerProxyMap.getProxy(PeerProxyMap.java:115)
	at org.apache.ratis.grpc.server.GrpcLogAppender.getClient(GrpcLogAppender.java:114)
	at org.apache.ratis.grpc.server.GrpcLogAppender.resetClient(GrpcLogAppender.java:119)
	at org.apache.ratis.grpc.server.GrpcLogAppender.access$500(GrpcLogAppender.java:56)
	at org.apache.ratis.grpc.server.GrpcLogAppender$AppendLogResponseHandler.onCompleted(GrpcLogAppender.java:413)
	at org.apache.ratis.thirdparty.io.grpc.stub.ClientCalls$StreamObserverToCallListenerAdapter.onClose(ClientCalls.java:485)
	at org.apache.ratis.thirdparty.io.grpc.internal.DelayedClientCall$DelayedListener$3.run(DelayedClientCall.java:468)
	at org.apache.ratis.thirdparty.io.grpc.internal.DelayedClientCall$DelayedListener.delayOrExecute(DelayedClientCall.java:432)
	at org.apache.ratis.thirdparty.io.grpc.internal.DelayedClientCall$DelayedListener.onClose(DelayedClientCall.java:465)
	at org.apache.ratis.thirdparty.io.grpc.internal.ClientCallImpl.closeObserver(ClientCallImpl.java:562)
	at org.apache.ratis.thirdparty.io.grpc.internal.ClientCallImpl.access$300(ClientCallImpl.java:70)
	at org.apache.ratis.thirdparty.io.grpc.internal.ClientCallImpl$ClientStreamListenerImpl$1StreamClosed.runInternal(ClientCallImpl.java:743)
	at org.apache.ratis.thirdparty.io.grpc.internal.ClientCallImpl$ClientStreamListenerImpl$1StreamClosed.runInContext(ClientCallImpl.java:722)
	at org.apache.ratis.thirdparty.io.grpc.internal.ContextRunnable.run(ContextRunnable.java:37)
	at org.apache.ratis.thirdparty.io.grpc.internal.SerializingExecutor.run(SerializingExecutor.java:133)
	at java.base/java.util.concurrent.ThreadPoolExecutor.runWorker(ThreadPoolExecutor.java:1128)
	at java.base/java.util.concurrent.ThreadPoolExecutor$Worker.run(ThreadPoolExecutor.java:628)
	at java.base/java.lang.Thread.run(Thread.java:829)
2023-02-01 15:05:13,086 [MiniRaftCluster-15] INFO  server.GrpcService (GrpcService.java:closeImpl(320)) - s2: shutdown server GrpcServerProtocolService successfully
2023-02-01 15:05:13,094 [s1-impl-thread1] INFO  server.RaftServer$Division (ServerState.java:close(414)) - s1@group-38A95899D58A: applyIndex: 258
2023-02-01 15:05:13,094 [s1@group-38A95899D58A-SegmentedRaftLogWorker] INFO  segmented.SegmentedRaftLogWorker (SegmentedRaftLogWorker.java:run(334)) - s1@group-38A95899D58A-SegmentedRaftLogWorker was interrupted, exiting. There are 0 tasks remaining in the queue.
2023-02-01 15:05:13,095 [s0-impl-thread1] INFO  impl.StateMachineUpdater (StateMachineUpdater.java:stopAndJoin(154)) - s0@group-38A95899D58A-StateMachineUpdater: set stopIndex = 258
2023-02-01 15:05:13,099 [s1-impl-thread1] INFO  segmented.SegmentedRaftLogWorker (SegmentedRaftLogWorker.java:close(247)) - s1@group-38A95899D58A-SegmentedRaftLogWorker close()
2023-02-01 15:05:13,100 [JvmPauseMonitor7] INFO  util.JvmPauseMonitor (JvmPauseMonitor.java:run(111)) - JvmPauseMonitor-s1: Stopped
2023-02-01 15:05:13,100 [MiniRaftCluster-13] INFO  server.GrpcService (GrpcService.java:closeImpl(320)) - s0: shutdown server org.apache.ratis.grpc.server.GrpcClientProtocolService successfully
2023-02-01 15:05:13,101 [MiniRaftCluster-13] INFO  server.GrpcService (GrpcService.java:closeImpl(311)) - s0: shutdown server GrpcServerProtocolService now
2023-02-01 15:05:13,102 [MiniRaftCluster-13] INFO  server.GrpcService (GrpcService.java:closeImpl(320)) - s0: shutdown server GrpcServerProtocolService successfully
2023-02-01 15:05:13,102 [MiniRaftCluster-13] INFO  server.GrpcService (GrpcService.java:closeImpl(311)) - s0: shutdown server org.apache.ratis.grpc.server.GrpcAdminProtocolService now
2023-02-01 15:05:13,102 [MiniRaftCluster-13] INFO  server.GrpcService (GrpcService.java:closeImpl(320)) - s0: shutdown server org.apache.ratis.grpc.server.GrpcAdminProtocolService successfully
2023-02-01 15:05:13,110 [s0@group-38A95899D58A-StateMachineUpdater] INFO  impl.StateMachineUpdater (StateMachineUpdater.java:takeSnapshot(290)) - s0@group-38A95899D58A-StateMachineUpdater: Took a snapshot at index 258
2023-02-01 15:05:13,110 [s0@group-38A95899D58A-StateMachineUpdater] INFO  impl.StateMachineUpdater (StateMachineUpdater.java:lambda$new$0(96)) - s0@group-38A95899D58A-StateMachineUpdater: snapshotIndex: updateIncreasingly 255 -> 258
2023-02-01 15:05:13,110 [s0-impl-thread1] INFO  server.RaftServer$Division (ServerState.java:close(414)) - s0@group-38A95899D58A: applyIndex: 258
2023-02-01 15:05:13,111 [s0@group-38A95899D58A-SegmentedRaftLogWorker] INFO  segmented.SegmentedRaftLogWorker (SegmentedRaftLogWorker.java:run(334)) - s0@group-38A95899D58A-SegmentedRaftLogWorker was interrupted, exiting. There are 0 tasks remaining in the queue.
2023-02-01 15:05:13,111 [s0-impl-thread1] INFO  segmented.SegmentedRaftLogWorker (SegmentedRaftLogWorker.java:close(247)) - s0@group-38A95899D58A-SegmentedRaftLogWorker close()
2023-02-01 15:05:13,112 [JvmPauseMonitor6] INFO  util.JvmPauseMonitor (JvmPauseMonitor.java:run(111)) - JvmPauseMonitor-s0: Stopped
2023-02-01 15:05:18,031 [Time-limited test] INFO  impl.MiniRaftCluster (MiniRaftCluster.java:shutdown(855)) - MiniRaftClusterWithGrpc shutdown completed
2023-02-01 15:05:18,031 [Time-limited test] INFO  impl.MiniRaftCluster (MiniRaftCluster.java:shutdown(831)) - ************************************************************** 
2023-02-01 15:05:18,031 [Time-limited test] INFO  impl.MiniRaftCluster (MiniRaftCluster.java:shutdown(832)) - *** 
2023-02-01 15:05:18,031 [Time-limited test] INFO  impl.MiniRaftCluster (MiniRaftCluster.java:shutdown(833)) - ***     Stopping MiniRaftClusterWithGrpc
2023-02-01 15:05:18,031 [Time-limited test] INFO  impl.MiniRaftCluster (MiniRaftCluster.java:shutdown(834)) - *** 
2023-02-01 15:05:18,031 [Time-limited test] INFO  impl.MiniRaftCluster (MiniRaftCluster.java:shutdown(835)) - ************************************************************** 
2023-02-01 15:05:18,032 [Time-limited test] INFO  impl.MiniRaftCluster (MiniRaftCluster.java:shutdown(836)) - printing ALL groups
  s0:   CLOSED    LEADER s0@group-38A95899D58A:t1, leader=s0, voted=s0, raftlog=Memoized:s0@group-38A95899D58A-SegmentedRaftLog:CLOSED:c258, conf=257: peers:[s0|rpc:localhost:45369|admin:localhost:45813|client:localhost:46359|dataStream:localhost:45307|priority:0|startupRole:FOLLOWER, s1|rpc:0.0.0.0:35473|dataStream:|priority:0|startupRole:FOLLOWER, s2|rpc:0.0.0.0:44569|dataStream:|priority:0|startupRole:FOLLOWER]|listeners:[], old=null CLOSED
  s1:   CLOSED  FOLLOWER s1@group-38A95899D58A:t1, leader=s0, voted=null, raftlog=Memoized:s1@group-38A95899D58A-SegmentedRaftLog:CLOSED:c258, conf=257: peers:[s0|rpc:localhost:45369|admin:localhost:45813|client:localhost:46359|dataStream:localhost:45307|priority:0|startupRole:FOLLOWER, s1|rpc:0.0.0.0:35473|dataStream:|priority:0|startupRole:FOLLOWER, s2|rpc:0.0.0.0:44569|dataStream:|priority:0|startupRole:FOLLOWER]|listeners:[], old=null CLOSED
  s2:  CLOSING  FOLLOWER s2@group-38A95899D58A:t1, leader=s0, voted=null, raftlog=Memoized:s2@group-38A95899D58A-SegmentedRaftLog:OPENED:c258, conf=257: peers:[s0|rpc:localhost:45369|admin:localhost:45813|client:localhost:46359|dataStream:localhost:45307|priority:0|startupRole:FOLLOWER, s1|rpc:0.0.0.0:35473|dataStream:|priority:0|startupRole:FOLLOWER, s2|rpc:0.0.0.0:44569|dataStream:|priority:0|startupRole:FOLLOWER]|listeners:[], old=null CLOSING
2023-02-01 15:05:18,043 [JvmPauseMonitor8] INFO  util.JvmPauseMonitor (JvmPauseMonitor.java:run(111)) - JvmPauseMonitor-s2: Stopped
2023-02-01 15:05:18,044 [Time-limited test] INFO  impl.MiniRaftCluster (MiniRaftCluster.java:shutdown(855)) - MiniRaftClusterWithGrpc shutdown completed
]]></system-out>
  </testcase>
  <testcase name="testSeparateSnapshotInstallPath[1]" classname="org.apache.ratis.grpc.TestLeaderInstallSnapshot" time="1.682"/>
</testsuite>