<?xml version="1.0" encoding="UTF-8"?>
<testsuite xmlns:xsi="http://www.w3.org/2001/XMLSchema-instance" xsi:noNamespaceSchemaLocation="https://maven.apache.org/surefire/maven-surefire-plugin/xsd/surefire-test-report.xsd" name="org.apache.ratis.datastream.TestNettyDataStreamStarTopologyWithGrpcCluster" time="377.915" tests="4" errors="1" skipped="0" failures="0">
  <properties>
    <property name="awt.toolkit" value="sun.awt.X11.XToolkit"/>
    <property name="file.encoding.pkg" value="sun.io"/>
    <property name="java.specification.version" value="1.8"/>
    <property name="sun.cpu.isalist" value=""/>
    <property name="sun.jnu.encoding" value="UTF-8"/>
    <property name="java.class.path" value="/home/runner/work/ratis/ratis/ratis-test/target/test-classes:/home/runner/work/ratis/ratis/ratis-test/target/classes:/home/runner/work/ratis/ratis/ratis-common/target/classes:/home/runner/.m2/repository/org/apache/ratis/ratis-thirdparty-misc/1.0.1/ratis-thirdparty-misc-1.0.1.jar:/home/runner/work/ratis/ratis/ratis-proto/target/ratis-proto-3.0.0-SNAPSHOT.jar:/home/runner/work/ratis/ratis/ratis-common/target/test-classes:/home/runner/work/ratis/ratis/ratis-client/target/classes:/home/runner/work/ratis/ratis/ratis-server/target/classes:/home/runner/work/ratis/ratis/ratis-server-api/target/classes:/home/runner/work/ratis/ratis/ratis-metrics/target/classes:/home/runner/work/ratis/ratis/ratis-server/target/test-classes:/home/runner/work/ratis/ratis/ratis-netty/target/classes:/home/runner/work/ratis/ratis/ratis-netty/target/test-classes:/home/runner/work/ratis/ratis/ratis-grpc/target/classes:/home/runner/work/ratis/ratis/ratis-grpc/target/test-classes:/home/runner/.m2/repository/org/slf4j/slf4j-api/1.7.29/slf4j-api-1.7.29.jar:/home/runner/.m2/repository/org/slf4j/slf4j-log4j12/1.7.29/slf4j-log4j12-1.7.29.jar:/home/runner/.m2/repository/log4j/log4j/1.2.17/log4j-1.2.17.jar:/home/runner/.m2/repository/junit/junit/4.13.2/junit-4.13.2.jar:/home/runner/.m2/repository/org/hamcrest/hamcrest-core/1.3/hamcrest-core-1.3.jar:/home/runner/.m2/repository/org/mockito/mockito-core/4.3.1/mockito-core-4.3.1.jar:/home/runner/.m2/repository/net/bytebuddy/byte-buddy/1.12.7/byte-buddy-1.12.7.jar:/home/runner/.m2/repository/net/bytebuddy/byte-buddy-agent/1.12.7/byte-buddy-agent-1.12.7.jar:/home/runner/.m2/repository/org/objenesis/objenesis/3.2/objenesis-3.2.jar:/home/runner/work/ratis/ratis/ratis-shell/target/classes:/home/runner/.m2/repository/commons-cli/commons-cli/1.5.0/commons-cli-1.5.0.jar:/home/runner/.m2/repository/org/slf4j/slf4j-simple/1.7.29/slf4j-simple-1.7.29.jar:/home/runner/.m2/repository/org/reflections/reflections/0.10.2/reflections-0.10.2.jar:/home/runner/.m2/repository/org/javassist/javassist/3.28.0-GA/javassist-3.28.0-GA.jar:/home/runner/.m2/repository/com/google/code/findbugs/jsr305/3.0.2/jsr305-3.0.2.jar:"/>
    <property name="java.vm.vendor" value="Temurin"/>
    <property name="sun.arch.data.model" value="64"/>
    <property name="java.vendor.url" value="https://adoptium.net/"/>
    <property name="user.timezone" value=""/>
    <property name="java.vm.specification.version" value="1.8"/>
    <property name="os.name" value="Linux"/>
    <property name="sun.java.launcher" value="SUN_STANDARD"/>
    <property name="sun.boot.library.path" value="/usr/lib/jvm/temurin-8-jdk-amd64/jre/lib/amd64"/>
    <property name="sun.java.command" value="/home/runner/work/ratis/ratis/ratis-test/target/surefire/surefirebooter7943061553079224922.jar /home/runner/work/ratis/ratis/ratis-test/target/surefire 2022-08-18T03-32-14_873-jvmRun1 surefire3589457595947629781tmp surefire_388495426119222834528tmp"/>
    <property name="surefire.test.class.path" value="/home/runner/work/ratis/ratis/ratis-test/target/test-classes:/home/runner/work/ratis/ratis/ratis-test/target/classes:/home/runner/work/ratis/ratis/ratis-common/target/classes:/home/runner/.m2/repository/org/apache/ratis/ratis-thirdparty-misc/1.0.1/ratis-thirdparty-misc-1.0.1.jar:/home/runner/work/ratis/ratis/ratis-proto/target/ratis-proto-3.0.0-SNAPSHOT.jar:/home/runner/work/ratis/ratis/ratis-common/target/test-classes:/home/runner/work/ratis/ratis/ratis-client/target/classes:/home/runner/work/ratis/ratis/ratis-server/target/classes:/home/runner/work/ratis/ratis/ratis-server-api/target/classes:/home/runner/work/ratis/ratis/ratis-metrics/target/classes:/home/runner/work/ratis/ratis/ratis-server/target/test-classes:/home/runner/work/ratis/ratis/ratis-netty/target/classes:/home/runner/work/ratis/ratis/ratis-netty/target/test-classes:/home/runner/work/ratis/ratis/ratis-grpc/target/classes:/home/runner/work/ratis/ratis/ratis-grpc/target/test-classes:/home/runner/.m2/repository/org/slf4j/slf4j-api/1.7.29/slf4j-api-1.7.29.jar:/home/runner/.m2/repository/org/slf4j/slf4j-log4j12/1.7.29/slf4j-log4j12-1.7.29.jar:/home/runner/.m2/repository/log4j/log4j/1.2.17/log4j-1.2.17.jar:/home/runner/.m2/repository/junit/junit/4.13.2/junit-4.13.2.jar:/home/runner/.m2/repository/org/hamcrest/hamcrest-core/1.3/hamcrest-core-1.3.jar:/home/runner/.m2/repository/org/mockito/mockito-core/4.3.1/mockito-core-4.3.1.jar:/home/runner/.m2/repository/net/bytebuddy/byte-buddy/1.12.7/byte-buddy-1.12.7.jar:/home/runner/.m2/repository/net/bytebuddy/byte-buddy-agent/1.12.7/byte-buddy-agent-1.12.7.jar:/home/runner/.m2/repository/org/objenesis/objenesis/3.2/objenesis-3.2.jar:/home/runner/work/ratis/ratis/ratis-shell/target/classes:/home/runner/.m2/repository/commons-cli/commons-cli/1.5.0/commons-cli-1.5.0.jar:/home/runner/.m2/repository/org/slf4j/slf4j-simple/1.7.29/slf4j-simple-1.7.29.jar:/home/runner/.m2/repository/org/reflections/reflections/0.10.2/reflections-0.10.2.jar:/home/runner/.m2/repository/org/javassist/javassist/3.28.0-GA/javassist-3.28.0-GA.jar:/home/runner/.m2/repository/com/google/code/findbugs/jsr305/3.0.2/jsr305-3.0.2.jar:"/>
    <property name="sun.cpu.endian" value="little"/>
    <property name="user.home" value="/home/runner"/>
    <property name="user.language" value="en"/>
    <property name="java.specification.vendor" value="Oracle Corporation"/>
    <property name="java.home" value="/usr/lib/jvm/temurin-8-jdk-amd64/jre"/>
    <property name="basedir" value="/home/runner/work/ratis/ratis/ratis-test"/>
    <property name="file.separator" value="/"/>
    <property name="line.separator" value="&#10;"/>
    <property name="java.vm.specification.vendor" value="Oracle Corporation"/>
    <property name="java.specification.name" value="Java Platform API Specification"/>
    <property name="java.awt.graphicsenv" value="sun.awt.X11GraphicsEnvironment"/>
    <property name="surefire.real.class.path" value="/home/runner/work/ratis/ratis/ratis-test/target/surefire/surefirebooter7943061553079224922.jar"/>
    <property name="sun.boot.class.path" value="/usr/lib/jvm/temurin-8-jdk-amd64/jre/lib/resources.jar:/usr/lib/jvm/temurin-8-jdk-amd64/jre/lib/rt.jar:/usr/lib/jvm/temurin-8-jdk-amd64/jre/lib/sunrsasign.jar:/usr/lib/jvm/temurin-8-jdk-amd64/jre/lib/jsse.jar:/usr/lib/jvm/temurin-8-jdk-amd64/jre/lib/jce.jar:/usr/lib/jvm/temurin-8-jdk-amd64/jre/lib/charsets.jar:/usr/lib/jvm/temurin-8-jdk-amd64/jre/lib/jfr.jar:/usr/lib/jvm/temurin-8-jdk-amd64/jre/classes"/>
    <property name="sun.management.compiler" value="HotSpot 64-Bit Tiered Compilers"/>
    <property name="java.runtime.version" value="1.8.0_332-b09"/>
    <property name="java.net.preferIPv4Stack" value="true"/>
    <property name="user.name" value="runner"/>
    <property name="path.separator" value=":"/>
    <property name="os.version" value="5.4.0-1086-azure"/>
    <property name="java.endorsed.dirs" value="/usr/lib/jvm/temurin-8-jdk-amd64/jre/lib/endorsed"/>
    <property name="java.runtime.name" value="OpenJDK Runtime Environment"/>
    <property name="file.encoding" value="UTF-8"/>
    <property name="java.vm.name" value="OpenJDK 64-Bit Server VM"/>
    <property name="localRepository" value="/home/runner/.m2/repository"/>
    <property name="java.vendor.url.bug" value="https://github.com/adoptium/adoptium-support/issues"/>
    <property name="java.io.tmpdir" value="/tmp"/>
    <property name="java.version" value="1.8.0_332"/>
    <property name="user.dir" value="/home/runner/work/ratis/ratis/ratis-test"/>
    <property name="os.arch" value="amd64"/>
    <property name="ratis.tmp.dir" value="/home/runner/work/ratis/ratis/ratis-test/target/tmp"/>
    <property name="java.vm.specification.name" value="Java Virtual Machine Specification"/>
    <property name="java.awt.printerjob" value="sun.print.PSPrinterJob"/>
    <property name="ratis.log.dir" value="/home/runner/work/ratis/ratis/ratis-test/target/log"/>
    <property name="sun.os.patch.level" value="unknown"/>
    <property name="java.library.path" value="/usr/java/packages/lib/amd64:/usr/lib64:/lib64:/lib:/usr/lib"/>
    <property name="java.vm.info" value="mixed mode"/>
    <property name="java.vendor" value="Temurin"/>
    <property name="java.vm.version" value="25.332-b09"/>
    <property name="java.ext.dirs" value="/usr/lib/jvm/temurin-8-jdk-amd64/jre/lib/ext:/usr/java/packages/lib/ext"/>
    <property name="sun.io.unicode.encoding" value="UnicodeLittle"/>
    <property name="java.class.version" value="52.0"/>
  </properties>
  <testcase name="testMultipleStreamsSingleServer" classname="org.apache.ratis.datastream.TestNettyDataStreamStarTopologyWithGrpcCluster" time="17.474"/>
  <testcase name="testMultipleStreamsMultipleServers" classname="org.apache.ratis.datastream.TestNettyDataStreamStarTopologyWithGrpcCluster" time="57.292"/>
  <testcase name="testMultipleStreamsMultipleServersStepDownLeader" classname="org.apache.ratis.datastream.TestNettyDataStreamStarTopologyWithGrpcCluster" time="300.007">
    <error message="test timed out after 300 seconds" type="org.junit.runners.model.TestTimedOutException">org.junit.runners.model.TestTimedOutException: test timed out after 300 seconds
	at sun.misc.Unsafe.park(Native Method)
	at java.util.concurrent.locks.LockSupport.park(LockSupport.java:175)
	at java.util.concurrent.CompletableFuture$Signaller.block(CompletableFuture.java:1707)
	at java.util.concurrent.ForkJoinPool.managedBlock(ForkJoinPool.java:3323)
	at java.util.concurrent.CompletableFuture.waitingGet(CompletableFuture.java:1742)
	at java.util.concurrent.CompletableFuture.join(CompletableFuture.java:1947)
	at org.apache.ratis.datastream.DataStreamAsyncClusterTests$$Lambda$413/991534164.apply(Unknown Source)
	at java.util.stream.ReferencePipeline$3$1.accept(ReferencePipeline.java:193)
	at java.util.ArrayList$ArrayListSpliterator.forEachRemaining(ArrayList.java:1384)
	at java.util.stream.AbstractPipeline.copyInto(AbstractPipeline.java:482)
	at java.util.stream.AbstractPipeline.wrapAndCopyInto(AbstractPipeline.java:472)
	at java.util.stream.ReduceOps$ReduceOp.evaluateSequential(ReduceOps.java:708)
	at java.util.stream.AbstractPipeline.evaluate(AbstractPipeline.java:234)
	at java.util.stream.ReferencePipeline.reduce(ReferencePipeline.java:546)
	at java.util.stream.ReferencePipeline.max(ReferencePipeline.java:582)
	at org.apache.ratis.datastream.DataStreamAsyncClusterTests.runTestDataStream(DataStreamAsyncClusterTests.java:97)
	at org.apache.ratis.datastream.DataStreamAsyncClusterTests.runTestDataStreamStepDownLeader(DataStreamAsyncClusterTests.java:82)
	at org.apache.ratis.datastream.DataStreamAsyncClusterTests$$Lambda$850/80428418.accept(Unknown Source)
	at org.apache.ratis.server.impl.MiniRaftCluster$Factory$Get.runWithNewCluster(MiniRaftCluster.java:138)
	at org.apache.ratis.server.impl.MiniRaftCluster$Factory$Get.runWithNewCluster(MiniRaftCluster.java:118)
	at org.apache.ratis.datastream.DataStreamAsyncClusterTests.testMultipleStreamsMultipleServersStepDownLeader(DataStreamAsyncClusterTests.java:78)
	at sun.reflect.NativeMethodAccessorImpl.invoke0(Native Method)
	at sun.reflect.NativeMethodAccessorImpl.invoke(NativeMethodAccessorImpl.java:62)
	at sun.reflect.DelegatingMethodAccessorImpl.invoke(DelegatingMethodAccessorImpl.java:43)
	at java.lang.reflect.Method.invoke(Method.java:498)
	at org.junit.runners.model.FrameworkMethod$1.runReflectiveCall(FrameworkMethod.java:59)
	at org.junit.internal.runners.model.ReflectiveCallable.run(ReflectiveCallable.java:12)
	at org.junit.runners.model.FrameworkMethod.invokeExplosively(FrameworkMethod.java:56)
	at org.junit.internal.runners.statements.InvokeMethod.evaluate(InvokeMethod.java:17)
	at org.junit.internal.runners.statements.RunAfters.evaluate(RunAfters.java:27)
	at org.junit.internal.runners.statements.FailOnTimeout$CallableStatement.call(FailOnTimeout.java:299)
	at org.junit.internal.runners.statements.FailOnTimeout$CallableStatement.call(FailOnTimeout.java:293)
	at java.util.concurrent.FutureTask.run(FutureTask.java:266)
	at java.lang.Thread.run(Thread.java:750)
</error>
    <system-out><![CDATA[2022-08-18 03:42:35,300 [main] INFO  util.LogUtils (Log4jUtils.java:setLogLevel(32)) - Set org.apache.ratis.conf.ConfUtils log level to WARN
2022-08-18 03:42:35,301 [main] INFO  util.LogUtils (Log4jUtils.java:setLogLevel(32)) - Set org.apache.ratis.util.FileUtils log level to TRACE
2022-08-18 03:42:35,301 [Time-limited test] INFO  impl.MiniRaftCluster (MiniRaftCluster.java:runWithNewCluster(132)) - Running runWithNewCluster
2022-08-18 03:42:35,302 [Time-limited test] INFO  impl.MiniRaftCluster (MiniRaftCluster.java:<init>(303)) - new MiniRaftClusterWithRpcTypeGrpcAndDataStreamTypeNetty with group-D128CC958ABE:[s0|rpc:localhost:43041|admin:localhost:41627|client:localhost:41753|dataStream:localhost:43729|priority:0|startupRole:FOLLOWER, s1|rpc:localhost:46505|admin:localhost:41383|client:localhost:44149|dataStream:localhost:34715|priority:0|startupRole:FOLLOWER, s2|rpc:localhost:33579|admin:localhost:36665|client:localhost:36785|dataStream:localhost:46131|priority:0|startupRole:FOLLOWER]
2022-08-18 03:42:35,303 [Time-limited test] INFO  impl.MiniRaftCluster (MiniRaftCluster.java:start(336)) - .............................................................. 
2022-08-18 03:42:35,303 [Time-limited test] INFO  impl.MiniRaftCluster (MiniRaftCluster.java:start(337)) - ... 
2022-08-18 03:42:35,303 [Time-limited test] INFO  impl.MiniRaftCluster (MiniRaftCluster.java:start(338)) - ...     Starting MiniRaftClusterWithRpcTypeGrpcAndDataStreamTypeNetty
2022-08-18 03:42:35,303 [Time-limited test] INFO  impl.MiniRaftCluster (MiniRaftCluster.java:start(339)) - ... 
2022-08-18 03:42:35,303 [Time-limited test] INFO  impl.MiniRaftCluster (MiniRaftCluster.java:start(340)) - .............................................................. 
2022-08-18 03:42:35,303 [Time-limited test] INFO  impl.MiniRaftCluster (MiniRaftCluster.java:initServers(315)) - servers = {}
2022-08-18 03:42:35,303 [Time-limited test] INFO  impl.MiniRaftCluster (MiniRaftCluster.java:newRaftServer(379)) - newRaftServer: s0, group-D128CC958ABE:[s0|rpc:localhost:43041|admin:localhost:41627|client:localhost:41753|dataStream:localhost:43729|priority:0|startupRole:FOLLOWER, s1|rpc:localhost:46505|admin:localhost:41383|client:localhost:44149|dataStream:localhost:34715|priority:0|startupRole:FOLLOWER, s2|rpc:localhost:33579|admin:localhost:36665|client:localhost:36785|dataStream:localhost:46131|priority:0|startupRole:FOLLOWER], format? true
2022-08-18 03:42:35,303 [Time-limited test] TRACE util.FileUtils (FileUtils.java:deleteFully(162)) - deleteFully target/test/data/ce6a40b0/MiniRaftClusterWithRpcTypeGrpcAndDataStreamTypeNettyab8706e1/s0
2022-08-18 03:42:35,304 [Time-limited test] TRACE util.FileUtils (FileUtils.java:deleteFully(178)) - deleteFully: target/test/data/ce6a40b0/MiniRaftClusterWithRpcTypeGrpcAndDataStreamTypeNettyab8706e1/s0 does not exist.
2022-08-18 03:42:35,304 [Time-limited test] INFO  impl.MiniRaftCluster (MiniRaftCluster.java:newRaftServer(384)) - Formatted directory target/test/data/ce6a40b0/MiniRaftClusterWithRpcTypeGrpcAndDataStreamTypeNettyab8706e1/s0
2022-08-18 03:42:35,304 [Time-limited test] INFO  server.RaftServer (ConfUtils.java:logGet(46)) - raft.rpc.type = GRPC (default)
2022-08-18 03:42:35,304 [Time-limited test] INFO  grpc.GrpcConfigKeys (ConfUtils.java:logFallback(53)) - raft.grpc.admin.host = null (fallback to raft.grpc.server.host)
2022-08-18 03:42:35,305 [Time-limited test] INFO  grpc.GrpcConfigKeys (ConfUtils.java:logGet(46)) - raft.grpc.admin.port = 41627 (custom)
2022-08-18 03:42:35,305 [Time-limited test] INFO  grpc.GrpcConfigKeys (ConfUtils.java:logFallback(53)) - raft.grpc.client.host = null (fallback to raft.grpc.server.host)
2022-08-18 03:42:35,305 [Time-limited test] INFO  grpc.GrpcConfigKeys (ConfUtils.java:logGet(46)) - raft.grpc.client.port = 41753 (custom)
2022-08-18 03:42:35,305 [Time-limited test] INFO  grpc.GrpcConfigKeys (ConfUtils.java:logGet(46)) - raft.grpc.server.host = null (default)
2022-08-18 03:42:35,305 [Time-limited test] INFO  grpc.GrpcConfigKeys (ConfUtils.java:logGet(46)) - raft.grpc.server.port = 43041 (custom)
2022-08-18 03:42:35,305 [Time-limited test] INFO  server.GrpcService (ConfUtils.java:logGet(46)) - raft.grpc.message.size.max = 64MB (=67108864) (default)
2022-08-18 03:42:35,305 [Time-limited test] INFO  server.RaftServerConfigKeys (ConfUtils.java:logGet(46)) - raft.server.log.appender.buffer.byte-limit = 4MB (=4194304) (default)
2022-08-18 03:42:35,305 [Time-limited test] INFO  server.GrpcService (ConfUtils.java:logGet(46)) - raft.grpc.flow.control.window = 1MB (=1048576) (default)
2022-08-18 03:42:35,305 [Time-limited test] INFO  server.RaftServerConfigKeys (ConfUtils.java:logGet(46)) - raft.server.rpc.request.timeout = 3000ms (default)
2022-08-18 03:42:35,305 [Time-limited test] INFO  grpc.GrpcConfigKeys (ConfUtils.java:logGet(46)) - raft.grpc.server.heartbeat.channel = true (default)
2022-08-18 03:42:35,306 [Time-limited test] INFO  grpc.GrpcConfigKeys (ConfUtils.java:logGet(46)) - raft.grpc.server.async.request.thread.pool.cached = true (default)
2022-08-18 03:42:35,306 [Time-limited test] INFO  grpc.GrpcConfigKeys (ConfUtils.java:logGet(46)) - raft.grpc.server.async.request.thread.pool.size = 32 (default)
2022-08-18 03:42:35,307 [Time-limited test] INFO  impl.DataStreamServerImpl (ConfUtils.java:logGet(46)) - raft.datastream.type = NETTY (custom)
2022-08-18 03:42:35,307 [Time-limited test] INFO  netty.NettyConfigKeys$DataStream (ConfUtils.java:logGet(46)) - raft.netty.dataStream.server.tls.conf = null (default)
2022-08-18 03:42:35,307 [Time-limited test] INFO  server.RaftServerConfigKeys (ConfUtils.java:logGet(46)) - raft.server.data-stream.async.request.thread.pool.cached = false (default)
2022-08-18 03:42:35,307 [Time-limited test] INFO  server.RaftServerConfigKeys (ConfUtils.java:logGet(46)) - raft.server.data-stream.async.request.thread.pool.size = 32 (default)
2022-08-18 03:42:35,308 [Time-limited test] INFO  server.RaftServerConfigKeys (ConfUtils.java:logGet(46)) - raft.server.data-stream.async.write.thread.pool.size = 16 (default)
2022-08-18 03:42:35,308 [Time-limited test] INFO  server.RaftServerConfigKeys (ConfUtils.java:logGet(46)) - raft.server.data-stream.client.pool.size = 10 (default)
2022-08-18 03:42:35,308 [Time-limited test] INFO  netty.NettyConfigKeys$DataStream (ConfUtils.java:logGet(46)) - raft.netty.dataStream.server.use-epoll = false (default)
2022-08-18 03:42:35,308 [Time-limited test] INFO  netty.NettyConfigKeys$DataStream (ConfUtils.java:logGet(46)) - raft.netty.dataStream.server.boss-group.size = 0 (default)
2022-08-18 03:42:35,308 [Time-limited test] INFO  netty.NettyConfigKeys$DataStream (ConfUtils.java:logGet(46)) - raft.netty.dataStream.server.worker-group.size = 0 (default)
2022-08-18 03:42:35,309 [Time-limited test] INFO  netty.NettyConfigKeys$DataStream (ConfUtils.java:logGet(46)) - raft.netty.dataStream.host = null (default)
2022-08-18 03:42:35,309 [Time-limited test] INFO  netty.NettyConfigKeys$DataStream (ConfUtils.java:logGet(46)) - raft.netty.dataStream.port = 43729 (custom)
2022-08-18 03:42:35,309 [Time-limited test] INFO  server.RaftServerConfigKeys (ConfUtils.java:logGet(46)) - raft.server.threadpool.proxy.cached = true (default)
2022-08-18 03:42:35,309 [Time-limited test] INFO  server.RaftServerConfigKeys (ConfUtils.java:logGet(46)) - raft.server.threadpool.proxy.size = 0 (default)
2022-08-18 03:42:35,309 [Time-limited test] INFO  server.RaftServerConfigKeys (ConfUtils.java:logGet(46)) - raft.server.rpc.slowness.timeout = 60s (default)
2022-08-18 03:42:35,310 [Time-limited test] INFO  server.RaftServerConfigKeys (ConfUtils.java:logGet(46)) - raft.server.leaderelection.leader.step-down.wait-time = 10s (default)
2022-08-18 03:42:35,310 [Time-limited test] INFO  server.RaftServerConfigKeys (ConfUtils.java:logGet(46)) - raft.server.storage.dir = [/home/runner/work/ratis/ratis/ratis-test/target/test/data/ce6a40b0/MiniRaftClusterWithRpcTypeGrpcAndDataStreamTypeNettyab8706e1/s0] (custom)
2022-08-18 03:42:35,310 [s0-NettyServerStreamRpc-bossGroup--thread1] INFO  logging.LoggingHandler (AbstractInternalLogger.java:log(148)) - [id: 0xe9450701] REGISTERED
2022-08-18 03:42:35,312 [s0-NettyServerStreamRpc-bossGroup--thread1] INFO  logging.LoggingHandler (AbstractInternalLogger.java:log(148)) - [id: 0xe9450701] BIND: 0.0.0.0/0.0.0.0:43729
2022-08-18 03:42:35,312 [s0-NettyServerStreamRpc-bossGroup--thread1] INFO  logging.LoggingHandler (AbstractInternalLogger.java:log(148)) - [id: 0xe9450701, L:/0.0.0.0:43729] ACTIVE
2022-08-18 03:42:35,312 [Time-limited test] INFO  server.RaftServer (RaftServerProxy.java:addNew(96)) - s0: addNew group-D128CC958ABE:[s0|rpc:localhost:43041|admin:localhost:41627|client:localhost:41753|dataStream:localhost:43729|priority:0|startupRole:FOLLOWER, s1|rpc:localhost:46505|admin:localhost:41383|client:localhost:44149|dataStream:localhost:34715|priority:0|startupRole:FOLLOWER, s2|rpc:localhost:33579|admin:localhost:36665|client:localhost:36785|dataStream:localhost:46131|priority:0|startupRole:FOLLOWER] returns group-D128CC958ABE:java.util.concurrent.CompletableFuture@2f5069b0[Not completed]
2022-08-18 03:42:35,313 [Time-limited test] INFO  impl.MiniRaftCluster (MiniRaftCluster.java:newRaftServer(379)) - newRaftServer: s1, group-D128CC958ABE:[s0|rpc:localhost:43041|admin:localhost:41627|client:localhost:41753|dataStream:localhost:43729|priority:0|startupRole:FOLLOWER, s1|rpc:localhost:46505|admin:localhost:41383|client:localhost:44149|dataStream:localhost:34715|priority:0|startupRole:FOLLOWER, s2|rpc:localhost:33579|admin:localhost:36665|client:localhost:36785|dataStream:localhost:46131|priority:0|startupRole:FOLLOWER], format? true
2022-08-18 03:42:35,313 [Time-limited test] TRACE util.FileUtils (FileUtils.java:deleteFully(162)) - deleteFully target/test/data/ce6a40b0/MiniRaftClusterWithRpcTypeGrpcAndDataStreamTypeNettyab8706e1/s1
2022-08-18 03:42:35,313 [Time-limited test] TRACE util.FileUtils (FileUtils.java:deleteFully(178)) - deleteFully: target/test/data/ce6a40b0/MiniRaftClusterWithRpcTypeGrpcAndDataStreamTypeNettyab8706e1/s1 does not exist.
2022-08-18 03:42:35,313 [Time-limited test] INFO  impl.MiniRaftCluster (MiniRaftCluster.java:newRaftServer(384)) - Formatted directory target/test/data/ce6a40b0/MiniRaftClusterWithRpcTypeGrpcAndDataStreamTypeNettyab8706e1/s1
2022-08-18 03:42:35,313 [Time-limited test] INFO  server.RaftServer (ConfUtils.java:logGet(46)) - raft.rpc.type = GRPC (default)
2022-08-18 03:42:35,313 [Time-limited test] INFO  grpc.GrpcConfigKeys (ConfUtils.java:logFallback(53)) - raft.grpc.admin.host = null (fallback to raft.grpc.server.host)
2022-08-18 03:42:35,314 [Time-limited test] INFO  grpc.GrpcConfigKeys (ConfUtils.java:logGet(46)) - raft.grpc.admin.port = 41383 (custom)
2022-08-18 03:42:35,314 [Time-limited test] INFO  grpc.GrpcConfigKeys (ConfUtils.java:logFallback(53)) - raft.grpc.client.host = null (fallback to raft.grpc.server.host)
2022-08-18 03:42:35,314 [Time-limited test] INFO  grpc.GrpcConfigKeys (ConfUtils.java:logGet(46)) - raft.grpc.client.port = 44149 (custom)
2022-08-18 03:42:35,314 [Time-limited test] INFO  grpc.GrpcConfigKeys (ConfUtils.java:logGet(46)) - raft.grpc.server.host = null (default)
2022-08-18 03:42:35,314 [Time-limited test] INFO  grpc.GrpcConfigKeys (ConfUtils.java:logGet(46)) - raft.grpc.server.port = 46505 (custom)
2022-08-18 03:42:35,314 [Time-limited test] INFO  server.GrpcService (ConfUtils.java:logGet(46)) - raft.grpc.message.size.max = 64MB (=67108864) (default)
2022-08-18 03:42:35,314 [Time-limited test] INFO  server.RaftServerConfigKeys (ConfUtils.java:logGet(46)) - raft.server.log.appender.buffer.byte-limit = 4MB (=4194304) (default)
2022-08-18 03:42:35,314 [Time-limited test] INFO  server.GrpcService (ConfUtils.java:logGet(46)) - raft.grpc.flow.control.window = 1MB (=1048576) (default)
2022-08-18 03:42:35,314 [Time-limited test] INFO  server.RaftServerConfigKeys (ConfUtils.java:logGet(46)) - raft.server.rpc.request.timeout = 3000ms (default)
2022-08-18 03:42:35,314 [Time-limited test] INFO  grpc.GrpcConfigKeys (ConfUtils.java:logGet(46)) - raft.grpc.server.heartbeat.channel = true (default)
2022-08-18 03:42:35,314 [Time-limited test] INFO  grpc.GrpcConfigKeys (ConfUtils.java:logGet(46)) - raft.grpc.server.async.request.thread.pool.cached = true (default)
2022-08-18 03:42:35,314 [Time-limited test] INFO  grpc.GrpcConfigKeys (ConfUtils.java:logGet(46)) - raft.grpc.server.async.request.thread.pool.size = 32 (default)
2022-08-18 03:42:35,315 [Time-limited test] INFO  impl.DataStreamServerImpl (ConfUtils.java:logGet(46)) - raft.datastream.type = NETTY (custom)
2022-08-18 03:42:35,315 [Time-limited test] INFO  netty.NettyConfigKeys$DataStream (ConfUtils.java:logGet(46)) - raft.netty.dataStream.server.tls.conf = null (default)
2022-08-18 03:42:35,316 [Time-limited test] INFO  server.RaftServerConfigKeys (ConfUtils.java:logGet(46)) - raft.server.data-stream.async.request.thread.pool.cached = false (default)
2022-08-18 03:42:35,316 [Time-limited test] INFO  server.RaftServerConfigKeys (ConfUtils.java:logGet(46)) - raft.server.data-stream.async.request.thread.pool.size = 32 (default)
2022-08-18 03:42:35,316 [Time-limited test] INFO  server.RaftServerConfigKeys (ConfUtils.java:logGet(46)) - raft.server.data-stream.async.write.thread.pool.size = 16 (default)
2022-08-18 03:42:35,316 [Time-limited test] INFO  server.RaftServerConfigKeys (ConfUtils.java:logGet(46)) - raft.server.data-stream.client.pool.size = 10 (default)
2022-08-18 03:42:35,316 [Time-limited test] INFO  netty.NettyConfigKeys$DataStream (ConfUtils.java:logGet(46)) - raft.netty.dataStream.server.use-epoll = false (default)
2022-08-18 03:42:35,316 [Time-limited test] INFO  netty.NettyConfigKeys$DataStream (ConfUtils.java:logGet(46)) - raft.netty.dataStream.server.boss-group.size = 0 (default)
2022-08-18 03:42:35,316 [Time-limited test] INFO  netty.NettyConfigKeys$DataStream (ConfUtils.java:logGet(46)) - raft.netty.dataStream.server.worker-group.size = 0 (default)
2022-08-18 03:42:35,316 [Time-limited test] INFO  netty.NettyConfigKeys$DataStream (ConfUtils.java:logGet(46)) - raft.netty.dataStream.host = null (default)
2022-08-18 03:42:35,316 [Time-limited test] INFO  netty.NettyConfigKeys$DataStream (ConfUtils.java:logGet(46)) - raft.netty.dataStream.port = 34715 (custom)
2022-08-18 03:42:35,317 [pool-10-thread-1] INFO  server.RaftServer$Division (RaftServerImpl.java:<init>(192)) - s0: new RaftServerImpl for group-D128CC958ABE:[s0|rpc:localhost:43041|admin:localhost:41627|client:localhost:41753|dataStream:localhost:43729|priority:0|startupRole:FOLLOWER, s1|rpc:localhost:46505|admin:localhost:41383|client:localhost:44149|dataStream:localhost:34715|priority:0|startupRole:FOLLOWER, s2|rpc:localhost:33579|admin:localhost:36665|client:localhost:36785|dataStream:localhost:46131|priority:0|startupRole:FOLLOWER] with MultiDataStreamStateMachine:uninitialized
2022-08-18 03:42:35,324 [pool-10-thread-1] INFO  server.RaftServerConfigKeys (ConfUtils.java:logGet(46)) - raft.server.rpc.timeout.min = 150ms (default)
2022-08-18 03:42:35,322 [Time-limited test] INFO  server.RaftServerConfigKeys (ConfUtils.java:logGet(46)) - raft.server.threadpool.proxy.cached = true (default)
2022-08-18 03:42:35,327 [Time-limited test] INFO  server.RaftServerConfigKeys (ConfUtils.java:logGet(46)) - raft.server.threadpool.proxy.size = 0 (default)
2022-08-18 03:42:35,328 [Time-limited test] INFO  server.RaftServerConfigKeys (ConfUtils.java:logGet(46)) - raft.server.rpc.slowness.timeout = 60s (default)
2022-08-18 03:42:35,328 [Time-limited test] INFO  server.RaftServerConfigKeys (ConfUtils.java:logGet(46)) - raft.server.leaderelection.leader.step-down.wait-time = 10s (default)
2022-08-18 03:42:35,328 [pool-10-thread-1] INFO  server.RaftServerConfigKeys (ConfUtils.java:logGet(46)) - raft.server.rpc.timeout.max = 300ms (default)
2022-08-18 03:42:35,328 [Time-limited test] INFO  server.RaftServerConfigKeys (ConfUtils.java:logGet(46)) - raft.server.storage.dir = [/home/runner/work/ratis/ratis/ratis-test/target/test/data/ce6a40b0/MiniRaftClusterWithRpcTypeGrpcAndDataStreamTypeNettyab8706e1/s1] (custom)
2022-08-18 03:42:35,328 [pool-10-thread-1] INFO  server.RaftServerConfigKeys (ConfUtils.java:logGet(46)) - raft.server.rpc.sleep.time = 25ms (default)
2022-08-18 03:42:35,328 [pool-10-thread-1] INFO  server.RaftServerConfigKeys (ConfUtils.java:logGet(46)) - raft.server.rpc.slowness.timeout = 60s (default)
2022-08-18 03:42:35,328 [pool-10-thread-1] INFO  server.RaftServerConfigKeys (ConfUtils.java:logGet(46)) - raft.server.leaderelection.leader.step-down.wait-time = 10s (default)
2022-08-18 03:42:35,328 [pool-10-thread-1] INFO  server.RaftServerConfigKeys (ConfUtils.java:logGet(46)) - raft.server.sleep.deviation.threshold = 300ms (default)
2022-08-18 03:42:35,328 [pool-10-thread-1] INFO  server.RaftServer$Division (ServerState.java:<init>(118)) - s0@group-D128CC958ABE: ConfigurationManager, init=-1: peers:[s0|rpc:localhost:43041|admin:localhost:41627|client:localhost:41753|dataStream:localhost:43729|priority:0|startupRole:FOLLOWER, s1|rpc:localhost:46505|admin:localhost:41383|client:localhost:44149|dataStream:localhost:34715|priority:0|startupRole:FOLLOWER, s2|rpc:localhost:33579|admin:localhost:36665|client:localhost:36785|dataStream:localhost:46131|priority:0|startupRole:FOLLOWER]|listeners:[], old=null, confs=<EMPTY_MAP>
2022-08-18 03:42:35,328 [pool-10-thread-1] INFO  server.RaftServerConfigKeys (ConfUtils.java:logGet(46)) - raft.server.storage.dir = [/home/runner/work/ratis/ratis/ratis-test/target/test/data/ce6a40b0/MiniRaftClusterWithRpcTypeGrpcAndDataStreamTypeNettyab8706e1/s0] (custom)
2022-08-18 03:42:35,328 [pool-10-thread-1] INFO  server.RaftServerConfigKeys (ConfUtils.java:logGet(46)) - raft.server.log.corruption.policy = EXCEPTION (default)
2022-08-18 03:42:35,329 [pool-10-thread-1] INFO  server.RaftServerConfigKeys (ConfUtils.java:logGet(46)) - raft.server.storage.free-space.min = 0MB (=0) (default)
2022-08-18 03:42:35,329 [pool-10-thread-1] INFO  server.RaftServerConfigKeys (ConfUtils.java:logGet(46)) - raft.server.notification.no-leader.timeout = 60s (default)
2022-08-18 03:42:35,329 [pool-10-thread-1] INFO  server.RaftServerConfigKeys (ConfUtils.java:logGet(46)) - raft.server.retrycache.expirytime = 60s (default)
2022-08-18 03:42:35,329 [pool-10-thread-1] INFO  server.RaftServerConfigKeys (ConfUtils.java:logGet(46)) - raft.server.retrycache.statistics.expirytime = 100μs (default)
2022-08-18 03:42:35,329 [pool-10-thread-1] INFO  server.RaftServerConfigKeys (ConfUtils.java:logGet(46)) - raft.server.log.appender.install.snapshot.enabled = true (default)
2022-08-18 03:42:35,329 [pool-10-thread-1] INFO  server.RaftServerConfigKeys (ConfUtils.java:logGet(46)) - raft.server.threadpool.server.cached = true (default)
2022-08-18 03:42:35,329 [pool-10-thread-1] INFO  server.RaftServerConfigKeys (ConfUtils.java:logGet(46)) - raft.server.threadpool.server.size = 0 (default)
2022-08-18 03:42:35,329 [pool-10-thread-1] INFO  server.RaftServerConfigKeys (ConfUtils.java:logGet(46)) - raft.server.threadpool.client.cached = true (default)
2022-08-18 03:42:35,330 [pool-10-thread-1] INFO  server.RaftServerConfigKeys (ConfUtils.java:logGet(46)) - raft.server.threadpool.client.size = 0 (default)
2022-08-18 03:42:35,330 [s1-NettyServerStreamRpc-bossGroup--thread1] INFO  logging.LoggingHandler (AbstractInternalLogger.java:log(148)) - [id: 0xb5cce013] REGISTERED
2022-08-18 03:42:35,336 [s1-NettyServerStreamRpc-bossGroup--thread1] INFO  logging.LoggingHandler (AbstractInternalLogger.java:log(148)) - [id: 0xb5cce013] BIND: 0.0.0.0/0.0.0.0:34715
2022-08-18 03:42:35,336 [s1-NettyServerStreamRpc-bossGroup--thread1] INFO  logging.LoggingHandler (AbstractInternalLogger.java:log(148)) - [id: 0xb5cce013, L:/0.0.0.0:34715] ACTIVE
2022-08-18 03:42:35,339 [Time-limited test] INFO  server.RaftServer (RaftServerProxy.java:addNew(96)) - s1: addNew group-D128CC958ABE:[s0|rpc:localhost:43041|admin:localhost:41627|client:localhost:41753|dataStream:localhost:43729|priority:0|startupRole:FOLLOWER, s1|rpc:localhost:46505|admin:localhost:41383|client:localhost:44149|dataStream:localhost:34715|priority:0|startupRole:FOLLOWER, s2|rpc:localhost:33579|admin:localhost:36665|client:localhost:36785|dataStream:localhost:46131|priority:0|startupRole:FOLLOWER] returns group-D128CC958ABE:java.util.concurrent.CompletableFuture@6b433356[Not completed]
2022-08-18 03:42:35,340 [Time-limited test] INFO  impl.MiniRaftCluster (MiniRaftCluster.java:newRaftServer(379)) - newRaftServer: s2, group-D128CC958ABE:[s0|rpc:localhost:43041|admin:localhost:41627|client:localhost:41753|dataStream:localhost:43729|priority:0|startupRole:FOLLOWER, s1|rpc:localhost:46505|admin:localhost:41383|client:localhost:44149|dataStream:localhost:34715|priority:0|startupRole:FOLLOWER, s2|rpc:localhost:33579|admin:localhost:36665|client:localhost:36785|dataStream:localhost:46131|priority:0|startupRole:FOLLOWER], format? true
2022-08-18 03:42:35,340 [Time-limited test] TRACE util.FileUtils (FileUtils.java:deleteFully(162)) - deleteFully target/test/data/ce6a40b0/MiniRaftClusterWithRpcTypeGrpcAndDataStreamTypeNettyab8706e1/s2
2022-08-18 03:42:35,340 [Time-limited test] TRACE util.FileUtils (FileUtils.java:deleteFully(178)) - deleteFully: target/test/data/ce6a40b0/MiniRaftClusterWithRpcTypeGrpcAndDataStreamTypeNettyab8706e1/s2 does not exist.
2022-08-18 03:42:35,340 [Time-limited test] INFO  impl.MiniRaftCluster (MiniRaftCluster.java:newRaftServer(384)) - Formatted directory target/test/data/ce6a40b0/MiniRaftClusterWithRpcTypeGrpcAndDataStreamTypeNettyab8706e1/s2
2022-08-18 03:42:35,340 [Time-limited test] INFO  server.RaftServer (ConfUtils.java:logGet(46)) - raft.rpc.type = GRPC (default)
2022-08-18 03:42:35,340 [Time-limited test] INFO  grpc.GrpcConfigKeys (ConfUtils.java:logFallback(53)) - raft.grpc.admin.host = null (fallback to raft.grpc.server.host)
2022-08-18 03:42:35,340 [Time-limited test] INFO  grpc.GrpcConfigKeys (ConfUtils.java:logGet(46)) - raft.grpc.admin.port = 36665 (custom)
2022-08-18 03:42:35,340 [Time-limited test] INFO  grpc.GrpcConfigKeys (ConfUtils.java:logFallback(53)) - raft.grpc.client.host = null (fallback to raft.grpc.server.host)
2022-08-18 03:42:35,340 [Time-limited test] INFO  grpc.GrpcConfigKeys (ConfUtils.java:logGet(46)) - raft.grpc.client.port = 36785 (custom)
2022-08-18 03:42:35,340 [Time-limited test] INFO  grpc.GrpcConfigKeys (ConfUtils.java:logGet(46)) - raft.grpc.server.host = null (default)
2022-08-18 03:42:35,340 [Time-limited test] INFO  grpc.GrpcConfigKeys (ConfUtils.java:logGet(46)) - raft.grpc.server.port = 33579 (custom)
2022-08-18 03:42:35,341 [Time-limited test] INFO  server.GrpcService (ConfUtils.java:logGet(46)) - raft.grpc.message.size.max = 64MB (=67108864) (default)
2022-08-18 03:42:35,341 [Time-limited test] INFO  server.RaftServerConfigKeys (ConfUtils.java:logGet(46)) - raft.server.log.appender.buffer.byte-limit = 4MB (=4194304) (default)
2022-08-18 03:42:35,341 [Time-limited test] INFO  server.GrpcService (ConfUtils.java:logGet(46)) - raft.grpc.flow.control.window = 1MB (=1048576) (default)
2022-08-18 03:42:35,341 [Time-limited test] INFO  server.RaftServerConfigKeys (ConfUtils.java:logGet(46)) - raft.server.rpc.request.timeout = 3000ms (default)
2022-08-18 03:42:35,341 [Time-limited test] INFO  grpc.GrpcConfigKeys (ConfUtils.java:logGet(46)) - raft.grpc.server.heartbeat.channel = true (default)
2022-08-18 03:42:35,341 [Time-limited test] INFO  grpc.GrpcConfigKeys (ConfUtils.java:logGet(46)) - raft.grpc.server.async.request.thread.pool.cached = true (default)
2022-08-18 03:42:35,341 [Time-limited test] INFO  grpc.GrpcConfigKeys (ConfUtils.java:logGet(46)) - raft.grpc.server.async.request.thread.pool.size = 32 (default)
2022-08-18 03:42:35,342 [Time-limited test] INFO  impl.DataStreamServerImpl (ConfUtils.java:logGet(46)) - raft.datastream.type = NETTY (custom)
2022-08-18 03:42:35,342 [Time-limited test] INFO  netty.NettyConfigKeys$DataStream (ConfUtils.java:logGet(46)) - raft.netty.dataStream.server.tls.conf = null (default)
2022-08-18 03:42:35,342 [Time-limited test] INFO  server.RaftServerConfigKeys (ConfUtils.java:logGet(46)) - raft.server.data-stream.async.request.thread.pool.cached = false (default)
2022-08-18 03:42:35,342 [Time-limited test] INFO  server.RaftServerConfigKeys (ConfUtils.java:logGet(46)) - raft.server.data-stream.async.request.thread.pool.size = 32 (default)
2022-08-18 03:42:35,342 [Time-limited test] INFO  server.RaftServerConfigKeys (ConfUtils.java:logGet(46)) - raft.server.data-stream.async.write.thread.pool.size = 16 (default)
2022-08-18 03:42:35,342 [Time-limited test] INFO  server.RaftServerConfigKeys (ConfUtils.java:logGet(46)) - raft.server.data-stream.client.pool.size = 10 (default)
2022-08-18 03:42:35,342 [Time-limited test] INFO  netty.NettyConfigKeys$DataStream (ConfUtils.java:logGet(46)) - raft.netty.dataStream.server.use-epoll = false (default)
2022-08-18 03:42:35,342 [Time-limited test] INFO  netty.NettyConfigKeys$DataStream (ConfUtils.java:logGet(46)) - raft.netty.dataStream.server.boss-group.size = 0 (default)
2022-08-18 03:42:35,343 [Time-limited test] INFO  netty.NettyConfigKeys$DataStream (ConfUtils.java:logGet(46)) - raft.netty.dataStream.server.worker-group.size = 0 (default)
2022-08-18 03:42:35,343 [Time-limited test] INFO  netty.NettyConfigKeys$DataStream (ConfUtils.java:logGet(46)) - raft.netty.dataStream.host = null (default)
2022-08-18 03:42:35,343 [Time-limited test] INFO  netty.NettyConfigKeys$DataStream (ConfUtils.java:logGet(46)) - raft.netty.dataStream.port = 46131 (custom)
2022-08-18 03:42:35,344 [pool-11-thread-1] INFO  server.RaftServer$Division (RaftServerImpl.java:<init>(192)) - s1: new RaftServerImpl for group-D128CC958ABE:[s0|rpc:localhost:43041|admin:localhost:41627|client:localhost:41753|dataStream:localhost:43729|priority:0|startupRole:FOLLOWER, s1|rpc:localhost:46505|admin:localhost:41383|client:localhost:44149|dataStream:localhost:34715|priority:0|startupRole:FOLLOWER, s2|rpc:localhost:33579|admin:localhost:36665|client:localhost:36785|dataStream:localhost:46131|priority:0|startupRole:FOLLOWER] with MultiDataStreamStateMachine:uninitialized
2022-08-18 03:42:35,348 [pool-11-thread-1] INFO  server.RaftServerConfigKeys (ConfUtils.java:logGet(46)) - raft.server.rpc.timeout.min = 150ms (default)
2022-08-18 03:42:35,348 [pool-11-thread-1] INFO  server.RaftServerConfigKeys (ConfUtils.java:logGet(46)) - raft.server.rpc.timeout.max = 300ms (default)
2022-08-18 03:42:35,348 [pool-11-thread-1] INFO  server.RaftServerConfigKeys (ConfUtils.java:logGet(46)) - raft.server.rpc.sleep.time = 25ms (default)
2022-08-18 03:42:35,348 [pool-11-thread-1] INFO  server.RaftServerConfigKeys (ConfUtils.java:logGet(46)) - raft.server.rpc.slowness.timeout = 60s (default)
2022-08-18 03:42:35,349 [pool-11-thread-1] INFO  server.RaftServerConfigKeys (ConfUtils.java:logGet(46)) - raft.server.leaderelection.leader.step-down.wait-time = 10s (default)
2022-08-18 03:42:35,349 [pool-11-thread-1] INFO  server.RaftServerConfigKeys (ConfUtils.java:logGet(46)) - raft.server.sleep.deviation.threshold = 300ms (default)
2022-08-18 03:42:35,349 [pool-11-thread-1] INFO  server.RaftServer$Division (ServerState.java:<init>(118)) - s1@group-D128CC958ABE: ConfigurationManager, init=-1: peers:[s0|rpc:localhost:43041|admin:localhost:41627|client:localhost:41753|dataStream:localhost:43729|priority:0|startupRole:FOLLOWER, s1|rpc:localhost:46505|admin:localhost:41383|client:localhost:44149|dataStream:localhost:34715|priority:0|startupRole:FOLLOWER, s2|rpc:localhost:33579|admin:localhost:36665|client:localhost:36785|dataStream:localhost:46131|priority:0|startupRole:FOLLOWER]|listeners:[], old=null, confs=<EMPTY_MAP>
2022-08-18 03:42:35,349 [pool-11-thread-1] INFO  server.RaftServerConfigKeys (ConfUtils.java:logGet(46)) - raft.server.storage.dir = [/home/runner/work/ratis/ratis/ratis-test/target/test/data/ce6a40b0/MiniRaftClusterWithRpcTypeGrpcAndDataStreamTypeNettyab8706e1/s1] (custom)
2022-08-18 03:42:35,349 [pool-11-thread-1] INFO  server.RaftServerConfigKeys (ConfUtils.java:logGet(46)) - raft.server.log.corruption.policy = EXCEPTION (default)
2022-08-18 03:42:35,349 [pool-11-thread-1] INFO  server.RaftServerConfigKeys (ConfUtils.java:logGet(46)) - raft.server.storage.free-space.min = 0MB (=0) (default)
2022-08-18 03:42:35,350 [pool-11-thread-1] INFO  server.RaftServerConfigKeys (ConfUtils.java:logGet(46)) - raft.server.notification.no-leader.timeout = 60s (default)
2022-08-18 03:42:35,350 [pool-11-thread-1] INFO  server.RaftServerConfigKeys (ConfUtils.java:logGet(46)) - raft.server.retrycache.expirytime = 60s (default)
2022-08-18 03:42:35,350 [pool-11-thread-1] INFO  server.RaftServerConfigKeys (ConfUtils.java:logGet(46)) - raft.server.retrycache.statistics.expirytime = 100μs (default)
2022-08-18 03:42:35,348 [s2-NettyServerStreamRpc-bossGroup--thread1] INFO  logging.LoggingHandler (AbstractInternalLogger.java:log(148)) - [id: 0xc59e66ab] REGISTERED
2022-08-18 03:42:35,352 [s2-NettyServerStreamRpc-bossGroup--thread1] INFO  logging.LoggingHandler (AbstractInternalLogger.java:log(148)) - [id: 0xc59e66ab] BIND: 0.0.0.0/0.0.0.0:46131
2022-08-18 03:42:35,352 [s2-NettyServerStreamRpc-bossGroup--thread1] INFO  logging.LoggingHandler (AbstractInternalLogger.java:log(148)) - [id: 0xc59e66ab, L:/0.0.0.0:46131] ACTIVE
2022-08-18 03:42:35,347 [Time-limited test] INFO  server.RaftServerConfigKeys (ConfUtils.java:logGet(46)) - raft.server.threadpool.proxy.cached = true (default)
2022-08-18 03:42:35,352 [Time-limited test] INFO  server.RaftServerConfigKeys (ConfUtils.java:logGet(46)) - raft.server.threadpool.proxy.size = 0 (default)
2022-08-18 03:42:35,352 [Time-limited test] INFO  server.RaftServerConfigKeys (ConfUtils.java:logGet(46)) - raft.server.rpc.slowness.timeout = 60s (default)
2022-08-18 03:42:35,352 [Time-limited test] INFO  server.RaftServerConfigKeys (ConfUtils.java:logGet(46)) - raft.server.leaderelection.leader.step-down.wait-time = 10s (default)
2022-08-18 03:42:35,352 [Time-limited test] INFO  server.RaftServerConfigKeys (ConfUtils.java:logGet(46)) - raft.server.storage.dir = [/home/runner/work/ratis/ratis/ratis-test/target/test/data/ce6a40b0/MiniRaftClusterWithRpcTypeGrpcAndDataStreamTypeNettyab8706e1/s2] (custom)
2022-08-18 03:42:35,355 [pool-11-thread-1] INFO  server.RaftServerConfigKeys (ConfUtils.java:logGet(46)) - raft.server.log.appender.install.snapshot.enabled = true (default)
2022-08-18 03:42:35,358 [pool-11-thread-1] INFO  server.RaftServerConfigKeys (ConfUtils.java:logGet(46)) - raft.server.threadpool.server.cached = true (default)
2022-08-18 03:42:35,358 [pool-11-thread-1] INFO  server.RaftServerConfigKeys (ConfUtils.java:logGet(46)) - raft.server.threadpool.server.size = 0 (default)
2022-08-18 03:42:35,358 [pool-11-thread-1] INFO  server.RaftServerConfigKeys (ConfUtils.java:logGet(46)) - raft.server.threadpool.client.cached = true (default)
2022-08-18 03:42:35,358 [pool-11-thread-1] INFO  server.RaftServerConfigKeys (ConfUtils.java:logGet(46)) - raft.server.threadpool.client.size = 0 (default)
2022-08-18 03:42:35,363 [Time-limited test] INFO  server.RaftServer (RaftServerProxy.java:addNew(96)) - s2: addNew group-D128CC958ABE:[s0|rpc:localhost:43041|admin:localhost:41627|client:localhost:41753|dataStream:localhost:43729|priority:0|startupRole:FOLLOWER, s1|rpc:localhost:46505|admin:localhost:41383|client:localhost:44149|dataStream:localhost:34715|priority:0|startupRole:FOLLOWER, s2|rpc:localhost:33579|admin:localhost:36665|client:localhost:36785|dataStream:localhost:46131|priority:0|startupRole:FOLLOWER] returns group-D128CC958ABE:java.util.concurrent.CompletableFuture@29316f40[Not completed]
2022-08-18 03:42:35,364 [s0-impl-thread1] INFO  storage.RaftStorageDirectory (RaftStorageDirectoryImpl.java:analyzeStorage(137)) - The storage directory /home/runner/work/ratis/ratis/ratis-test/target/test/data/ce6a40b0/MiniRaftClusterWithRpcTypeGrpcAndDataStreamTypeNettyab8706e1/s0/ae69ee49-a3bc-4e93-93a7-d128cc958abe does not exist. Creating ...
2022-08-18 03:42:35,364 [s0-impl-thread1] TRACE util.FileUtils (LogUtils.java:runAndLog(49)) - Successfully ran Files.createDirectories /home/runner/work/ratis/ratis/ratis-test/target/test/data/ce6a40b0/MiniRaftClusterWithRpcTypeGrpcAndDataStreamTypeNettyab8706e1/s0/ae69ee49-a3bc-4e93-93a7-d128cc958abe
2022-08-18 03:42:35,364 [pool-12-thread-1] INFO  server.RaftServer$Division (RaftServerImpl.java:<init>(192)) - s2: new RaftServerImpl for group-D128CC958ABE:[s0|rpc:localhost:43041|admin:localhost:41627|client:localhost:41753|dataStream:localhost:43729|priority:0|startupRole:FOLLOWER, s1|rpc:localhost:46505|admin:localhost:41383|client:localhost:44149|dataStream:localhost:34715|priority:0|startupRole:FOLLOWER, s2|rpc:localhost:33579|admin:localhost:36665|client:localhost:36785|dataStream:localhost:46131|priority:0|startupRole:FOLLOWER] with MultiDataStreamStateMachine:uninitialized
2022-08-18 03:42:35,366 [s0-impl-thread1] INFO  storage.RaftStorageDirectory (RaftStorageDirectoryImpl.java:tryLock(231)) - Lock on /home/runner/work/ratis/ratis/ratis-test/target/test/data/ce6a40b0/MiniRaftClusterWithRpcTypeGrpcAndDataStreamTypeNettyab8706e1/s0/ae69ee49-a3bc-4e93-93a7-d128cc958abe/in_use.lock acquired by nodename 13936@fv-az174-974.bnisdyzmyzuelae0rluzdxgyda.gx.internal.cloudapp.net
2022-08-18 03:42:35,366 [pool-12-thread-1] INFO  server.RaftServerConfigKeys (ConfUtils.java:logGet(46)) - raft.server.rpc.timeout.min = 150ms (default)
2022-08-18 03:42:35,367 [pool-12-thread-1] INFO  server.RaftServerConfigKeys (ConfUtils.java:logGet(46)) - raft.server.rpc.timeout.max = 300ms (default)
2022-08-18 03:42:35,367 [s0-impl-thread1] TRACE util.FileUtils (LogUtils.java:runAndLog(49)) - Successfully ran Files.createDirectories /home/runner/work/ratis/ratis/ratis-test/target/test/data/ce6a40b0/MiniRaftClusterWithRpcTypeGrpcAndDataStreamTypeNettyab8706e1/s0/ae69ee49-a3bc-4e93-93a7-d128cc958abe/current
2022-08-18 03:42:35,367 [pool-12-thread-1] INFO  server.RaftServerConfigKeys (ConfUtils.java:logGet(46)) - raft.server.rpc.sleep.time = 25ms (default)
2022-08-18 03:42:35,367 [s0-impl-thread1] TRACE util.FileUtils (LogUtils.java:runAndLog(49)) - Successfully ran Files.createDirectories /home/runner/work/ratis/ratis/ratis-test/target/test/data/ce6a40b0/MiniRaftClusterWithRpcTypeGrpcAndDataStreamTypeNettyab8706e1/s0/ae69ee49-a3bc-4e93-93a7-d128cc958abe/sm
2022-08-18 03:42:35,367 [pool-12-thread-1] INFO  server.RaftServerConfigKeys (ConfUtils.java:logGet(46)) - raft.server.rpc.slowness.timeout = 60s (default)
2022-08-18 03:42:35,367 [pool-12-thread-1] INFO  server.RaftServerConfigKeys (ConfUtils.java:logGet(46)) - raft.server.leaderelection.leader.step-down.wait-time = 10s (default)
2022-08-18 03:42:35,367 [pool-12-thread-1] INFO  server.RaftServerConfigKeys (ConfUtils.java:logGet(46)) - raft.server.sleep.deviation.threshold = 300ms (default)
2022-08-18 03:42:35,367 [pool-12-thread-1] INFO  server.RaftServer$Division (ServerState.java:<init>(118)) - s2@group-D128CC958ABE: ConfigurationManager, init=-1: peers:[s0|rpc:localhost:43041|admin:localhost:41627|client:localhost:41753|dataStream:localhost:43729|priority:0|startupRole:FOLLOWER, s1|rpc:localhost:46505|admin:localhost:41383|client:localhost:44149|dataStream:localhost:34715|priority:0|startupRole:FOLLOWER, s2|rpc:localhost:33579|admin:localhost:36665|client:localhost:36785|dataStream:localhost:46131|priority:0|startupRole:FOLLOWER]|listeners:[], old=null, confs=<EMPTY_MAP>
2022-08-18 03:42:35,368 [pool-12-thread-1] INFO  server.RaftServerConfigKeys (ConfUtils.java:logGet(46)) - raft.server.storage.dir = [/home/runner/work/ratis/ratis/ratis-test/target/test/data/ce6a40b0/MiniRaftClusterWithRpcTypeGrpcAndDataStreamTypeNettyab8706e1/s2] (custom)
2022-08-18 03:42:35,368 [pool-12-thread-1] INFO  server.RaftServerConfigKeys (ConfUtils.java:logGet(46)) - raft.server.log.corruption.policy = EXCEPTION (default)
2022-08-18 03:42:35,368 [s0-impl-thread1] INFO  storage.RaftStorage (RaftStorageImpl.java:format(96)) - Storage directory /home/runner/work/ratis/ratis/ratis-test/target/test/data/ce6a40b0/MiniRaftClusterWithRpcTypeGrpcAndDataStreamTypeNettyab8706e1/s0/ae69ee49-a3bc-4e93-93a7-d128cc958abe has been successfully formatted.
2022-08-18 03:42:35,369 [pool-12-thread-1] INFO  server.RaftServerConfigKeys (ConfUtils.java:logGet(46)) - raft.server.storage.free-space.min = 0MB (=0) (default)
2022-08-18 03:42:35,370 [s0-impl-thread1] INFO  server.RaftServerConfigKeys (ConfUtils.java:logGet(46)) - raft.server.log.use.memory = false (default)
2022-08-18 03:42:35,370 [s0-impl-thread1] INFO  server.RaftServerConfigKeys (ConfUtils.java:logGet(46)) - raft.server.log.purge.gap = 1024 (default)
2022-08-18 03:42:35,370 [s0-impl-thread1] INFO  server.RaftServerConfigKeys (ConfUtils.java:logGet(46)) - raft.server.log.appender.buffer.byte-limit = 4MB (=4194304) (default)
2022-08-18 03:42:35,370 [s0-impl-thread1] INFO  server.RaftServerConfigKeys (ConfUtils.java:logGet(46)) - raft.server.log.statemachine.data.read.timeout = 1000ms (default)
2022-08-18 03:42:35,370 [s0-impl-thread1] INFO  server.RaftServerConfigKeys (ConfUtils.java:logGet(46)) - raft.server.log.purge.preservation.log.num = 0 (default)
2022-08-18 03:42:35,370 [s0-impl-thread1] INFO  server.RaftServerConfigKeys (ConfUtils.java:logGet(46)) - raft.server.log.segment.size.max = 8MB (=8388608) (default)
2022-08-18 03:42:35,370 [s0-impl-thread1] INFO  server.RaftServerConfigKeys (ConfUtils.java:logGet(46)) - raft.server.log.segment.cache.num.max = 6 (default)
2022-08-18 03:42:35,370 [s0-impl-thread1] INFO  server.RaftServerConfigKeys (ConfUtils.java:logGet(46)) - raft.server.log.segment.cache.size.max = 200MB (=209715200) (default)
2022-08-18 03:42:35,370 [s0-impl-thread1] INFO  segmented.SegmentedRaftLogWorker (SegmentedRaftLogWorker.java:<init>(191)) - new s0@group-D128CC958ABE-SegmentedRaftLogWorker for RaftStorageImpl:Storage Directory /home/runner/work/ratis/ratis/ratis-test/target/test/data/ce6a40b0/MiniRaftClusterWithRpcTypeGrpcAndDataStreamTypeNettyab8706e1/s0/ae69ee49-a3bc-4e93-93a7-d128cc958abe
2022-08-18 03:42:35,370 [s0-impl-thread1] INFO  server.RaftServerConfigKeys (ConfUtils.java:logGet(46)) - raft.server.log.queue.byte-limit = 64MB (=67108864) (default)
2022-08-18 03:42:35,370 [s0-impl-thread1] INFO  server.RaftServerConfigKeys (ConfUtils.java:logGet(46)) - raft.server.log.queue.element-limit = 4096 (default)
2022-08-18 03:42:35,370 [s0-impl-thread1] INFO  server.RaftServerConfigKeys (ConfUtils.java:logGet(46)) - raft.server.log.segment.size.max = 8MB (=8388608) (default)
2022-08-18 03:42:35,370 [s0-impl-thread1] INFO  server.RaftServerConfigKeys (ConfUtils.java:logGet(46)) - raft.server.log.preallocated.size = 4MB (=4194304) (default)
2022-08-18 03:42:35,371 [s0-impl-thread1] INFO  server.RaftServerConfigKeys (ConfUtils.java:logGet(46)) - raft.server.log.force.sync.num = 128 (default)
2022-08-18 03:42:35,371 [s0-impl-thread1] INFO  server.RaftServerConfigKeys (ConfUtils.java:logGet(46)) - raft.server.log.statemachine.data.sync = true (default)
2022-08-18 03:42:35,371 [s0-impl-thread1] INFO  server.RaftServerConfigKeys (ConfUtils.java:logGet(46)) - raft.server.log.statemachine.data.sync.timeout = 10s (default)
2022-08-18 03:42:35,371 [s0-impl-thread1] INFO  server.RaftServerConfigKeys (ConfUtils.java:logGet(46)) - raft.server.log.statemachine.data.sync.timeout.retry = -1 (default)
2022-08-18 03:42:35,371 [s0-impl-thread1] INFO  server.RaftServerConfigKeys (ConfUtils.java:logGet(46)) - raft.server.log.write.buffer.size = 64KB (=65536) (default)
2022-08-18 03:42:35,371 [s0-impl-thread1] INFO  server.RaftServerConfigKeys (ConfUtils.java:logGet(46)) - raft.server.log.unsafe-flush.enabled = false (default)
2022-08-18 03:42:35,371 [s0-impl-thread1] INFO  server.RaftServerConfigKeys (ConfUtils.java:logGet(46)) - raft.server.log.async-flush.enabled = false (default)
2022-08-18 03:42:35,371 [s0-impl-thread1] INFO  server.RaftServerConfigKeys (ConfUtils.java:logGet(46)) - raft.server.log.statemachine.data.caching.enabled = false (default)
2022-08-18 03:42:35,371 [s0-impl-thread1] INFO  segmented.SegmentedRaftLogWorker (SegmentedRaftLogWorker.java:lambda$new$0(136)) - s0@group-D128CC958ABE-SegmentedRaftLogWorker: flushIndex: setUnconditionally 0 -> -1
2022-08-18 03:42:35,371 [s0-impl-thread1] INFO  segmented.SegmentedRaftLogWorker (SegmentedRaftLogWorker.java:lambda$new$0(136)) - s0@group-D128CC958ABE-SegmentedRaftLogWorker: safeCacheEvictIndex: setUnconditionally 0 -> -1
2022-08-18 03:42:35,372 [pool-12-thread-1] INFO  server.RaftServerConfigKeys (ConfUtils.java:logGet(46)) - raft.server.notification.no-leader.timeout = 60s (default)
2022-08-18 03:42:35,372 [pool-12-thread-1] INFO  server.RaftServerConfigKeys (ConfUtils.java:logGet(46)) - raft.server.retrycache.expirytime = 60s (default)
2022-08-18 03:42:35,372 [pool-12-thread-1] INFO  server.RaftServerConfigKeys (ConfUtils.java:logGet(46)) - raft.server.retrycache.statistics.expirytime = 100μs (default)
2022-08-18 03:42:35,372 [pool-12-thread-1] INFO  server.RaftServerConfigKeys (ConfUtils.java:logGet(46)) - raft.server.log.appender.install.snapshot.enabled = true (default)
2022-08-18 03:42:35,372 [pool-12-thread-1] INFO  server.RaftServerConfigKeys (ConfUtils.java:logGet(46)) - raft.server.threadpool.server.cached = true (default)
2022-08-18 03:42:35,373 [pool-12-thread-1] INFO  server.RaftServerConfigKeys (ConfUtils.java:logGet(46)) - raft.server.threadpool.server.size = 0 (default)
2022-08-18 03:42:35,374 [pool-12-thread-1] INFO  server.RaftServerConfigKeys (ConfUtils.java:logGet(46)) - raft.server.threadpool.client.cached = true (default)
2022-08-18 03:42:35,374 [pool-12-thread-1] INFO  server.RaftServerConfigKeys (ConfUtils.java:logGet(46)) - raft.server.threadpool.client.size = 0 (default)
2022-08-18 03:42:35,374 [s0-impl-thread1] INFO  server.RaftServer$Division (RaftServerImpl.java:start(314)) - s0@group-D128CC958ABE: start as a follower, conf=-1: peers:[s0|rpc:localhost:43041|admin:localhost:41627|client:localhost:41753|dataStream:localhost:43729|priority:0|startupRole:FOLLOWER, s1|rpc:localhost:46505|admin:localhost:41383|client:localhost:44149|dataStream:localhost:34715|priority:0|startupRole:FOLLOWER, s2|rpc:localhost:33579|admin:localhost:36665|client:localhost:36785|dataStream:localhost:46131|priority:0|startupRole:FOLLOWER]|listeners:[], old=null
2022-08-18 03:42:35,374 [s0-impl-thread1] INFO  server.RaftServer$Division (RaftServerImpl.java:setRole(301)) - s0@group-D128CC958ABE: changes role from      null to FOLLOWER at term 0 for startAsFollower
2022-08-18 03:42:35,374 [s0-impl-thread1] INFO  impl.RoleInfo (RoleInfo.java:updateAndGet(139)) - s0: start s0@group-D128CC958ABE-FollowerState
2022-08-18 03:42:35,377 [s0-impl-thread1] INFO  util.JmxRegister (JmxRegister.java:tryRegister(44)) - Successfully registered JMX Bean with object name Ratis:service=RaftServer,group=group-D128CC958ABE,id=s0
2022-08-18 03:42:35,377 [s0-impl-thread1] INFO  server.RaftServerConfigKeys (ConfUtils.java:logGet(46)) - raft.server.snapshot.auto.trigger.enabled = false (default)
2022-08-18 03:42:35,377 [s0-impl-thread1] INFO  server.RaftServerConfigKeys (ConfUtils.java:logGet(46)) - raft.server.snapshot.retention.file.num = -1 (default)
2022-08-18 03:42:35,377 [s0-impl-thread1] INFO  server.RaftServerConfigKeys (ConfUtils.java:logGet(46)) - raft.server.log.purge.upto.snapshot.index = false (default)
2022-08-18 03:42:35,382 [Time-limited test] INFO  server.RaftServer (RaftServerProxy.java:startImpl(387)) - s0: start RPC server
2022-08-18 03:42:35,390 [Time-limited test] INFO  server.GrpcService (GrpcService.java:startImpl(270)) - s0: GrpcService started, listening on 41753
2022-08-18 03:42:35,393 [Time-limited test] INFO  server.GrpcService (GrpcService.java:startImpl(270)) - s0: GrpcService started, listening on 43041
2022-08-18 03:42:35,395 [Time-limited test] INFO  server.GrpcService (GrpcService.java:startImpl(270)) - s0: GrpcService started, listening on 41627
2022-08-18 03:42:35,395 [org.apache.ratis.util.JvmPauseMonitor$$Lambda$290/905835907@2b534356] INFO  util.JvmPauseMonitor (JvmPauseMonitor.java:run(103)) - JvmPauseMonitor-s0: Started
2022-08-18 03:42:35,395 [s1-impl-thread1] INFO  storage.RaftStorageDirectory (RaftStorageDirectoryImpl.java:analyzeStorage(137)) - The storage directory /home/runner/work/ratis/ratis/ratis-test/target/test/data/ce6a40b0/MiniRaftClusterWithRpcTypeGrpcAndDataStreamTypeNettyab8706e1/s1/ae69ee49-a3bc-4e93-93a7-d128cc958abe does not exist. Creating ...
2022-08-18 03:42:35,396 [s1-impl-thread1] TRACE util.FileUtils (LogUtils.java:runAndLog(49)) - Successfully ran Files.createDirectories /home/runner/work/ratis/ratis/ratis-test/target/test/data/ce6a40b0/MiniRaftClusterWithRpcTypeGrpcAndDataStreamTypeNettyab8706e1/s1/ae69ee49-a3bc-4e93-93a7-d128cc958abe
2022-08-18 03:42:35,397 [s1-impl-thread1] INFO  storage.RaftStorageDirectory (RaftStorageDirectoryImpl.java:tryLock(231)) - Lock on /home/runner/work/ratis/ratis/ratis-test/target/test/data/ce6a40b0/MiniRaftClusterWithRpcTypeGrpcAndDataStreamTypeNettyab8706e1/s1/ae69ee49-a3bc-4e93-93a7-d128cc958abe/in_use.lock acquired by nodename 13936@fv-az174-974.bnisdyzmyzuelae0rluzdxgyda.gx.internal.cloudapp.net
2022-08-18 03:42:35,397 [s1-impl-thread1] TRACE util.FileUtils (LogUtils.java:runAndLog(49)) - Successfully ran Files.createDirectories /home/runner/work/ratis/ratis/ratis-test/target/test/data/ce6a40b0/MiniRaftClusterWithRpcTypeGrpcAndDataStreamTypeNettyab8706e1/s1/ae69ee49-a3bc-4e93-93a7-d128cc958abe/current
2022-08-18 03:42:35,397 [s1-impl-thread1] TRACE util.FileUtils (LogUtils.java:runAndLog(49)) - Successfully ran Files.createDirectories /home/runner/work/ratis/ratis/ratis-test/target/test/data/ce6a40b0/MiniRaftClusterWithRpcTypeGrpcAndDataStreamTypeNettyab8706e1/s1/ae69ee49-a3bc-4e93-93a7-d128cc958abe/sm
2022-08-18 03:42:35,398 [s1-impl-thread1] INFO  storage.RaftStorage (RaftStorageImpl.java:format(96)) - Storage directory /home/runner/work/ratis/ratis/ratis-test/target/test/data/ce6a40b0/MiniRaftClusterWithRpcTypeGrpcAndDataStreamTypeNettyab8706e1/s1/ae69ee49-a3bc-4e93-93a7-d128cc958abe has been successfully formatted.
2022-08-18 03:42:35,398 [s1-impl-thread1] INFO  server.RaftServerConfigKeys (ConfUtils.java:logGet(46)) - raft.server.log.use.memory = false (default)
2022-08-18 03:42:35,398 [s1-impl-thread1] INFO  server.RaftServerConfigKeys (ConfUtils.java:logGet(46)) - raft.server.log.purge.gap = 1024 (default)
2022-08-18 03:42:35,398 [s1-impl-thread1] INFO  server.RaftServerConfigKeys (ConfUtils.java:logGet(46)) - raft.server.log.appender.buffer.byte-limit = 4MB (=4194304) (default)
2022-08-18 03:42:35,398 [s1-impl-thread1] INFO  server.RaftServerConfigKeys (ConfUtils.java:logGet(46)) - raft.server.log.statemachine.data.read.timeout = 1000ms (default)
2022-08-18 03:42:35,398 [s1-impl-thread1] INFO  server.RaftServerConfigKeys (ConfUtils.java:logGet(46)) - raft.server.log.purge.preservation.log.num = 0 (default)
2022-08-18 03:42:35,398 [s1-impl-thread1] INFO  server.RaftServerConfigKeys (ConfUtils.java:logGet(46)) - raft.server.log.segment.size.max = 8MB (=8388608) (default)
2022-08-18 03:42:35,398 [s1-impl-thread1] INFO  server.RaftServerConfigKeys (ConfUtils.java:logGet(46)) - raft.server.log.segment.cache.num.max = 6 (default)
2022-08-18 03:42:35,399 [s1-impl-thread1] INFO  server.RaftServerConfigKeys (ConfUtils.java:logGet(46)) - raft.server.log.segment.cache.size.max = 200MB (=209715200) (default)
2022-08-18 03:42:35,399 [s1-impl-thread1] INFO  segmented.SegmentedRaftLogWorker (SegmentedRaftLogWorker.java:<init>(191)) - new s1@group-D128CC958ABE-SegmentedRaftLogWorker for RaftStorageImpl:Storage Directory /home/runner/work/ratis/ratis/ratis-test/target/test/data/ce6a40b0/MiniRaftClusterWithRpcTypeGrpcAndDataStreamTypeNettyab8706e1/s1/ae69ee49-a3bc-4e93-93a7-d128cc958abe
2022-08-18 03:42:35,399 [s1-impl-thread1] INFO  server.RaftServerConfigKeys (ConfUtils.java:logGet(46)) - raft.server.log.queue.byte-limit = 64MB (=67108864) (default)
2022-08-18 03:42:35,399 [s1-impl-thread1] INFO  server.RaftServerConfigKeys (ConfUtils.java:logGet(46)) - raft.server.log.queue.element-limit = 4096 (default)
2022-08-18 03:42:35,399 [s1-impl-thread1] INFO  server.RaftServerConfigKeys (ConfUtils.java:logGet(46)) - raft.server.log.segment.size.max = 8MB (=8388608) (default)
2022-08-18 03:42:35,399 [s1-impl-thread1] INFO  server.RaftServerConfigKeys (ConfUtils.java:logGet(46)) - raft.server.log.preallocated.size = 4MB (=4194304) (default)
2022-08-18 03:42:35,399 [s1-impl-thread1] INFO  server.RaftServerConfigKeys (ConfUtils.java:logGet(46)) - raft.server.log.force.sync.num = 128 (default)
2022-08-18 03:42:35,399 [s1-impl-thread1] INFO  server.RaftServerConfigKeys (ConfUtils.java:logGet(46)) - raft.server.log.statemachine.data.sync = true (default)
2022-08-18 03:42:35,399 [s1-impl-thread1] INFO  server.RaftServerConfigKeys (ConfUtils.java:logGet(46)) - raft.server.log.statemachine.data.sync.timeout = 10s (default)
2022-08-18 03:42:35,399 [s1-impl-thread1] INFO  server.RaftServerConfigKeys (ConfUtils.java:logGet(46)) - raft.server.log.statemachine.data.sync.timeout.retry = -1 (default)
2022-08-18 03:42:35,401 [s1-impl-thread1] INFO  server.RaftServerConfigKeys (ConfUtils.java:logGet(46)) - raft.server.log.write.buffer.size = 64KB (=65536) (default)
2022-08-18 03:42:35,401 [s1-impl-thread1] INFO  server.RaftServerConfigKeys (ConfUtils.java:logGet(46)) - raft.server.log.unsafe-flush.enabled = false (default)
2022-08-18 03:42:35,401 [s1-impl-thread1] INFO  server.RaftServerConfigKeys (ConfUtils.java:logGet(46)) - raft.server.log.async-flush.enabled = false (default)
2022-08-18 03:42:35,401 [s1-impl-thread1] INFO  server.RaftServerConfigKeys (ConfUtils.java:logGet(46)) - raft.server.log.statemachine.data.caching.enabled = false (default)
2022-08-18 03:42:35,401 [s1-impl-thread1] INFO  segmented.SegmentedRaftLogWorker (SegmentedRaftLogWorker.java:lambda$new$0(136)) - s1@group-D128CC958ABE-SegmentedRaftLogWorker: flushIndex: setUnconditionally 0 -> -1
2022-08-18 03:42:35,401 [s1-impl-thread1] INFO  segmented.SegmentedRaftLogWorker (SegmentedRaftLogWorker.java:lambda$new$0(136)) - s1@group-D128CC958ABE-SegmentedRaftLogWorker: safeCacheEvictIndex: setUnconditionally 0 -> -1
2022-08-18 03:42:35,401 [s1-impl-thread1] INFO  server.RaftServer$Division (RaftServerImpl.java:start(314)) - s1@group-D128CC958ABE: start as a follower, conf=-1: peers:[s0|rpc:localhost:43041|admin:localhost:41627|client:localhost:41753|dataStream:localhost:43729|priority:0|startupRole:FOLLOWER, s1|rpc:localhost:46505|admin:localhost:41383|client:localhost:44149|dataStream:localhost:34715|priority:0|startupRole:FOLLOWER, s2|rpc:localhost:33579|admin:localhost:36665|client:localhost:36785|dataStream:localhost:46131|priority:0|startupRole:FOLLOWER]|listeners:[], old=null
2022-08-18 03:42:35,402 [s1-impl-thread1] INFO  server.RaftServer$Division (RaftServerImpl.java:setRole(301)) - s1@group-D128CC958ABE: changes role from      null to FOLLOWER at term 0 for startAsFollower
2022-08-18 03:42:35,402 [s1-impl-thread1] INFO  impl.RoleInfo (RoleInfo.java:updateAndGet(139)) - s1: start s1@group-D128CC958ABE-FollowerState
2022-08-18 03:42:35,402 [s1-impl-thread1] INFO  util.JmxRegister (JmxRegister.java:tryRegister(44)) - Successfully registered JMX Bean with object name Ratis:service=RaftServer,group=group-D128CC958ABE,id=s1
2022-08-18 03:42:35,402 [s1-impl-thread1] INFO  server.RaftServerConfigKeys (ConfUtils.java:logGet(46)) - raft.server.snapshot.auto.trigger.enabled = false (default)
2022-08-18 03:42:35,402 [s1-impl-thread1] INFO  server.RaftServerConfigKeys (ConfUtils.java:logGet(46)) - raft.server.snapshot.retention.file.num = -1 (default)
2022-08-18 03:42:35,402 [s1-impl-thread1] INFO  server.RaftServerConfigKeys (ConfUtils.java:logGet(46)) - raft.server.log.purge.upto.snapshot.index = false (default)
2022-08-18 03:42:35,402 [Time-limited test] INFO  server.RaftServer (RaftServerProxy.java:startImpl(387)) - s1: start RPC server
2022-08-18 03:42:35,419 [Time-limited test] INFO  server.GrpcService (GrpcService.java:startImpl(270)) - s1: GrpcService started, listening on 44149
2022-08-18 03:42:35,421 [Time-limited test] INFO  server.GrpcService (GrpcService.java:startImpl(270)) - s1: GrpcService started, listening on 46505
2022-08-18 03:42:35,423 [Time-limited test] INFO  server.GrpcService (GrpcService.java:startImpl(270)) - s1: GrpcService started, listening on 41383
2022-08-18 03:42:35,423 [org.apache.ratis.util.JvmPauseMonitor$$Lambda$290/905835907@3c95b83b] INFO  util.JvmPauseMonitor (JvmPauseMonitor.java:run(103)) - JvmPauseMonitor-s1: Started
2022-08-18 03:42:35,423 [s2-impl-thread1] INFO  storage.RaftStorageDirectory (RaftStorageDirectoryImpl.java:analyzeStorage(137)) - The storage directory /home/runner/work/ratis/ratis/ratis-test/target/test/data/ce6a40b0/MiniRaftClusterWithRpcTypeGrpcAndDataStreamTypeNettyab8706e1/s2/ae69ee49-a3bc-4e93-93a7-d128cc958abe does not exist. Creating ...
2022-08-18 03:42:35,423 [s2-impl-thread1] TRACE util.FileUtils (LogUtils.java:runAndLog(49)) - Successfully ran Files.createDirectories /home/runner/work/ratis/ratis/ratis-test/target/test/data/ce6a40b0/MiniRaftClusterWithRpcTypeGrpcAndDataStreamTypeNettyab8706e1/s2/ae69ee49-a3bc-4e93-93a7-d128cc958abe
2022-08-18 03:42:35,424 [s2-impl-thread1] INFO  storage.RaftStorageDirectory (RaftStorageDirectoryImpl.java:tryLock(231)) - Lock on /home/runner/work/ratis/ratis/ratis-test/target/test/data/ce6a40b0/MiniRaftClusterWithRpcTypeGrpcAndDataStreamTypeNettyab8706e1/s2/ae69ee49-a3bc-4e93-93a7-d128cc958abe/in_use.lock acquired by nodename 13936@fv-az174-974.bnisdyzmyzuelae0rluzdxgyda.gx.internal.cloudapp.net
2022-08-18 03:42:35,425 [s2-impl-thread1] TRACE util.FileUtils (LogUtils.java:runAndLog(49)) - Successfully ran Files.createDirectories /home/runner/work/ratis/ratis/ratis-test/target/test/data/ce6a40b0/MiniRaftClusterWithRpcTypeGrpcAndDataStreamTypeNettyab8706e1/s2/ae69ee49-a3bc-4e93-93a7-d128cc958abe/current
2022-08-18 03:42:35,425 [s2-impl-thread1] TRACE util.FileUtils (LogUtils.java:runAndLog(49)) - Successfully ran Files.createDirectories /home/runner/work/ratis/ratis/ratis-test/target/test/data/ce6a40b0/MiniRaftClusterWithRpcTypeGrpcAndDataStreamTypeNettyab8706e1/s2/ae69ee49-a3bc-4e93-93a7-d128cc958abe/sm
2022-08-18 03:42:35,426 [s2-impl-thread1] INFO  storage.RaftStorage (RaftStorageImpl.java:format(96)) - Storage directory /home/runner/work/ratis/ratis/ratis-test/target/test/data/ce6a40b0/MiniRaftClusterWithRpcTypeGrpcAndDataStreamTypeNettyab8706e1/s2/ae69ee49-a3bc-4e93-93a7-d128cc958abe has been successfully formatted.
2022-08-18 03:42:35,426 [s2-impl-thread1] INFO  server.RaftServerConfigKeys (ConfUtils.java:logGet(46)) - raft.server.log.use.memory = false (default)
2022-08-18 03:42:35,427 [s2-impl-thread1] INFO  server.RaftServerConfigKeys (ConfUtils.java:logGet(46)) - raft.server.log.purge.gap = 1024 (default)
2022-08-18 03:42:35,427 [s2-impl-thread1] INFO  server.RaftServerConfigKeys (ConfUtils.java:logGet(46)) - raft.server.log.appender.buffer.byte-limit = 4MB (=4194304) (default)
2022-08-18 03:42:35,427 [s2-impl-thread1] INFO  server.RaftServerConfigKeys (ConfUtils.java:logGet(46)) - raft.server.log.statemachine.data.read.timeout = 1000ms (default)
2022-08-18 03:42:35,427 [s2-impl-thread1] INFO  server.RaftServerConfigKeys (ConfUtils.java:logGet(46)) - raft.server.log.purge.preservation.log.num = 0 (default)
2022-08-18 03:42:35,427 [s2-impl-thread1] INFO  server.RaftServerConfigKeys (ConfUtils.java:logGet(46)) - raft.server.log.segment.size.max = 8MB (=8388608) (default)
2022-08-18 03:42:35,429 [s2-impl-thread1] INFO  server.RaftServerConfigKeys (ConfUtils.java:logGet(46)) - raft.server.log.segment.cache.num.max = 6 (default)
2022-08-18 03:42:35,429 [s2-impl-thread1] INFO  server.RaftServerConfigKeys (ConfUtils.java:logGet(46)) - raft.server.log.segment.cache.size.max = 200MB (=209715200) (default)
2022-08-18 03:42:35,429 [s2-impl-thread1] INFO  segmented.SegmentedRaftLogWorker (SegmentedRaftLogWorker.java:<init>(191)) - new s2@group-D128CC958ABE-SegmentedRaftLogWorker for RaftStorageImpl:Storage Directory /home/runner/work/ratis/ratis/ratis-test/target/test/data/ce6a40b0/MiniRaftClusterWithRpcTypeGrpcAndDataStreamTypeNettyab8706e1/s2/ae69ee49-a3bc-4e93-93a7-d128cc958abe
2022-08-18 03:42:35,429 [s2-impl-thread1] INFO  server.RaftServerConfigKeys (ConfUtils.java:logGet(46)) - raft.server.log.queue.byte-limit = 64MB (=67108864) (default)
2022-08-18 03:42:35,430 [s2-impl-thread1] INFO  server.RaftServerConfigKeys (ConfUtils.java:logGet(46)) - raft.server.log.queue.element-limit = 4096 (default)
2022-08-18 03:42:35,430 [s2-impl-thread1] INFO  server.RaftServerConfigKeys (ConfUtils.java:logGet(46)) - raft.server.log.segment.size.max = 8MB (=8388608) (default)
2022-08-18 03:42:35,430 [s2-impl-thread1] INFO  server.RaftServerConfigKeys (ConfUtils.java:logGet(46)) - raft.server.log.preallocated.size = 4MB (=4194304) (default)
2022-08-18 03:42:35,430 [s2-impl-thread1] INFO  server.RaftServerConfigKeys (ConfUtils.java:logGet(46)) - raft.server.log.force.sync.num = 128 (default)
2022-08-18 03:42:35,430 [s2-impl-thread1] INFO  server.RaftServerConfigKeys (ConfUtils.java:logGet(46)) - raft.server.log.statemachine.data.sync = true (default)
2022-08-18 03:42:35,431 [s2-impl-thread1] INFO  server.RaftServerConfigKeys (ConfUtils.java:logGet(46)) - raft.server.log.statemachine.data.sync.timeout = 10s (default)
2022-08-18 03:42:35,431 [s2-impl-thread1] INFO  server.RaftServerConfigKeys (ConfUtils.java:logGet(46)) - raft.server.log.statemachine.data.sync.timeout.retry = -1 (default)
2022-08-18 03:42:35,432 [s2-impl-thread1] INFO  server.RaftServerConfigKeys (ConfUtils.java:logGet(46)) - raft.server.log.write.buffer.size = 64KB (=65536) (default)
2022-08-18 03:42:35,432 [s2-impl-thread1] INFO  server.RaftServerConfigKeys (ConfUtils.java:logGet(46)) - raft.server.log.unsafe-flush.enabled = false (default)
2022-08-18 03:42:35,432 [s2-impl-thread1] INFO  server.RaftServerConfigKeys (ConfUtils.java:logGet(46)) - raft.server.log.async-flush.enabled = false (default)
2022-08-18 03:42:35,432 [s2-impl-thread1] INFO  server.RaftServerConfigKeys (ConfUtils.java:logGet(46)) - raft.server.log.statemachine.data.caching.enabled = false (default)
2022-08-18 03:42:35,433 [s2-impl-thread1] INFO  segmented.SegmentedRaftLogWorker (SegmentedRaftLogWorker.java:lambda$new$0(136)) - s2@group-D128CC958ABE-SegmentedRaftLogWorker: flushIndex: setUnconditionally 0 -> -1
2022-08-18 03:42:35,433 [s2-impl-thread1] INFO  segmented.SegmentedRaftLogWorker (SegmentedRaftLogWorker.java:lambda$new$0(136)) - s2@group-D128CC958ABE-SegmentedRaftLogWorker: safeCacheEvictIndex: setUnconditionally 0 -> -1
2022-08-18 03:42:35,433 [s2-impl-thread1] INFO  server.RaftServer$Division (RaftServerImpl.java:start(314)) - s2@group-D128CC958ABE: start as a follower, conf=-1: peers:[s0|rpc:localhost:43041|admin:localhost:41627|client:localhost:41753|dataStream:localhost:43729|priority:0|startupRole:FOLLOWER, s1|rpc:localhost:46505|admin:localhost:41383|client:localhost:44149|dataStream:localhost:34715|priority:0|startupRole:FOLLOWER, s2|rpc:localhost:33579|admin:localhost:36665|client:localhost:36785|dataStream:localhost:46131|priority:0|startupRole:FOLLOWER]|listeners:[], old=null
2022-08-18 03:42:35,433 [s2-impl-thread1] INFO  server.RaftServer$Division (RaftServerImpl.java:setRole(301)) - s2@group-D128CC958ABE: changes role from      null to FOLLOWER at term 0 for startAsFollower
2022-08-18 03:42:35,433 [s2-impl-thread1] INFO  impl.RoleInfo (RoleInfo.java:updateAndGet(139)) - s2: start s2@group-D128CC958ABE-FollowerState
2022-08-18 03:42:35,435 [s2-impl-thread1] INFO  util.JmxRegister (JmxRegister.java:tryRegister(44)) - Successfully registered JMX Bean with object name Ratis:service=RaftServer,group=group-D128CC958ABE,id=s2
2022-08-18 03:42:35,435 [s2-impl-thread1] INFO  server.RaftServerConfigKeys (ConfUtils.java:logGet(46)) - raft.server.snapshot.auto.trigger.enabled = false (default)
2022-08-18 03:42:35,435 [s2-impl-thread1] INFO  server.RaftServerConfigKeys (ConfUtils.java:logGet(46)) - raft.server.snapshot.retention.file.num = -1 (default)
2022-08-18 03:42:35,435 [s2-impl-thread1] INFO  server.RaftServerConfigKeys (ConfUtils.java:logGet(46)) - raft.server.log.purge.upto.snapshot.index = false (default)
2022-08-18 03:42:35,443 [Time-limited test] INFO  server.RaftServer (RaftServerProxy.java:startImpl(387)) - s2: start RPC server
2022-08-18 03:42:35,450 [Time-limited test] INFO  server.GrpcService (GrpcService.java:startImpl(270)) - s2: GrpcService started, listening on 36785
2022-08-18 03:42:35,453 [Time-limited test] INFO  server.GrpcService (GrpcService.java:startImpl(270)) - s2: GrpcService started, listening on 33579
2022-08-18 03:42:35,455 [Time-limited test] INFO  server.GrpcService (GrpcService.java:startImpl(270)) - s2: GrpcService started, listening on 36665
2022-08-18 03:42:35,458 [org.apache.ratis.util.JvmPauseMonitor$$Lambda$290/905835907@1832765a] INFO  util.JvmPauseMonitor (JvmPauseMonitor.java:run(103)) - JvmPauseMonitor-s2: Started
2022-08-18 03:42:35,459 [Time-limited test] INFO  server.RaftServerConfigKeys (ConfUtils.java:logGet(46)) - raft.server.rpc.timeout.max = 300ms (default)
2022-08-18 03:42:35,459 [Time-limited test] INFO  ratis.RaftTestUtil (RaftTestUtil.java:waitForLeader(100)) - printing ALL groups
  s0:  RUNNING  FOLLOWER s0@group-D128CC958ABE:t0, leader=null, voted=, raftlog=Memoized:s0@group-D128CC958ABE-SegmentedRaftLog:OPENED:c-1, conf=-1: peers:[s0|rpc:localhost:43041|admin:localhost:41627|client:localhost:41753|dataStream:localhost:43729|priority:0|startupRole:FOLLOWER, s1|rpc:localhost:46505|admin:localhost:41383|client:localhost:44149|dataStream:localhost:34715|priority:0|startupRole:FOLLOWER, s2|rpc:localhost:33579|admin:localhost:36665|client:localhost:36785|dataStream:localhost:46131|priority:0|startupRole:FOLLOWER]|listeners:[], old=null RUNNING
  s1:  RUNNING  FOLLOWER s1@group-D128CC958ABE:t0, leader=null, voted=, raftlog=Memoized:s1@group-D128CC958ABE-SegmentedRaftLog:OPENED:c-1, conf=-1: peers:[s0|rpc:localhost:43041|admin:localhost:41627|client:localhost:41753|dataStream:localhost:43729|priority:0|startupRole:FOLLOWER, s1|rpc:localhost:46505|admin:localhost:41383|client:localhost:44149|dataStream:localhost:34715|priority:0|startupRole:FOLLOWER, s2|rpc:localhost:33579|admin:localhost:36665|client:localhost:36785|dataStream:localhost:46131|priority:0|startupRole:FOLLOWER]|listeners:[], old=null RUNNING
  s2:  RUNNING  FOLLOWER s2@group-D128CC958ABE:t0, leader=null, voted=, raftlog=Memoized:s2@group-D128CC958ABE-SegmentedRaftLog:OPENED:c-1, conf=-1: peers:[s0|rpc:localhost:43041|admin:localhost:41627|client:localhost:41753|dataStream:localhost:43729|priority:0|startupRole:FOLLOWER, s1|rpc:localhost:46505|admin:localhost:41383|client:localhost:44149|dataStream:localhost:34715|priority:0|startupRole:FOLLOWER, s2|rpc:localhost:33579|admin:localhost:36665|client:localhost:36785|dataStream:localhost:46131|priority:0|startupRole:FOLLOWER]|listeners:[], old=null RUNNING
2022-08-18 03:42:35,459 [Time-limited test] WARN  ratis.RaftTestUtil (JavaUtils.java:attempt(172)) - FAILED "waitForLeader-null-(expectLeader? true)", attempt #1/100: java.lang.IllegalStateException: No leader yet : printing ALL groups
  s0:  RUNNING  FOLLOWER s0@group-D128CC958ABE:t0, leader=null, voted=, raftlog=Memoized:s0@group-D128CC958ABE-SegmentedRaftLog:OPENED:c-1, conf=-1: peers:[s0|rpc:localhost:43041|admin:localhost:41627|client:localhost:41753|dataStream:localhost:43729|priority:0|startupRole:FOLLOWER, s1|rpc:localhost:46505|admin:localhost:41383|client:localhost:44149|dataStream:localhost:34715|priority:0|startupRole:FOLLOWER, s2|rpc:localhost:33579|admin:localhost:36665|client:localhost:36785|dataStream:localhost:46131|priority:0|startupRole:FOLLOWER]|listeners:[], old=null RUNNING
  s1:  RUNNING  FOLLOWER s1@group-D128CC958ABE:t0, leader=null, voted=, raftlog=Memoized:s1@group-D128CC958ABE-SegmentedRaftLog:OPENED:c-1, conf=-1: peers:[s0|rpc:localhost:43041|admin:localhost:41627|client:localhost:41753|dataStream:localhost:43729|priority:0|startupRole:FOLLOWER, s1|rpc:localhost:46505|admin:localhost:41383|client:localhost:44149|dataStream:localhost:34715|priority:0|startupRole:FOLLOWER, s2|rpc:localhost:33579|admin:localhost:36665|client:localhost:36785|dataStream:localhost:46131|priority:0|startupRole:FOLLOWER]|listeners:[], old=null RUNNING
  s2:  RUNNING  FOLLOWER s2@group-D128CC958ABE:t0, leader=null, voted=, raftlog=Memoized:s2@group-D128CC958ABE-SegmentedRaftLog:OPENED:c-1, conf=-1: peers:[s0|rpc:localhost:43041|admin:localhost:41627|client:localhost:41753|dataStream:localhost:43729|priority:0|startupRole:FOLLOWER, s1|rpc:localhost:46505|admin:localhost:41383|client:localhost:44149|dataStream:localhost:34715|priority:0|startupRole:FOLLOWER, s2|rpc:localhost:33579|admin:localhost:36665|client:localhost:36785|dataStream:localhost:46131|priority:0|startupRole:FOLLOWER]|listeners:[], old=null RUNNING, sleep 450ms and then retry.
java.lang.IllegalStateException: No leader yet : printing ALL groups
  s0:  RUNNING  FOLLOWER s0@group-D128CC958ABE:t0, leader=null, voted=, raftlog=Memoized:s0@group-D128CC958ABE-SegmentedRaftLog:OPENED:c-1, conf=-1: peers:[s0|rpc:localhost:43041|admin:localhost:41627|client:localhost:41753|dataStream:localhost:43729|priority:0|startupRole:FOLLOWER, s1|rpc:localhost:46505|admin:localhost:41383|client:localhost:44149|dataStream:localhost:34715|priority:0|startupRole:FOLLOWER, s2|rpc:localhost:33579|admin:localhost:36665|client:localhost:36785|dataStream:localhost:46131|priority:0|startupRole:FOLLOWER]|listeners:[], old=null RUNNING
  s1:  RUNNING  FOLLOWER s1@group-D128CC958ABE:t0, leader=null, voted=, raftlog=Memoized:s1@group-D128CC958ABE-SegmentedRaftLog:OPENED:c-1, conf=-1: peers:[s0|rpc:localhost:43041|admin:localhost:41627|client:localhost:41753|dataStream:localhost:43729|priority:0|startupRole:FOLLOWER, s1|rpc:localhost:46505|admin:localhost:41383|client:localhost:44149|dataStream:localhost:34715|priority:0|startupRole:FOLLOWER, s2|rpc:localhost:33579|admin:localhost:36665|client:localhost:36785|dataStream:localhost:46131|priority:0|startupRole:FOLLOWER]|listeners:[], old=null RUNNING
  s2:  RUNNING  FOLLOWER s2@group-D128CC958ABE:t0, leader=null, voted=, raftlog=Memoized:s2@group-D128CC958ABE-SegmentedRaftLog:OPENED:c-1, conf=-1: peers:[s0|rpc:localhost:43041|admin:localhost:41627|client:localhost:41753|dataStream:localhost:43729|priority:0|startupRole:FOLLOWER, s1|rpc:localhost:46505|admin:localhost:41383|client:localhost:44149|dataStream:localhost:34715|priority:0|startupRole:FOLLOWER, s2|rpc:localhost:33579|admin:localhost:36665|client:localhost:36785|dataStream:localhost:46131|priority:0|startupRole:FOLLOWER]|listeners:[], old=null RUNNING
	at org.apache.ratis.server.impl.MiniRaftCluster.newIllegalStateExceptionForNoLeaders(MiniRaftCluster.java:577)
	at org.apache.ratis.RaftTestUtil.lambda$waitForLeader$1(RaftTestUtil.java:104)
	at org.apache.ratis.server.impl.MiniRaftCluster.getLeader(MiniRaftCluster.java:611)
	at org.apache.ratis.server.impl.MiniRaftCluster.getLeader(MiniRaftCluster.java:604)
	at org.apache.ratis.RaftTestUtil.lambda$waitForLeader$3(RaftTestUtil.java:112)
	at org.apache.ratis.util.JavaUtils.attempt(JavaUtils.java:166)
	at org.apache.ratis.util.JavaUtils.attemptRepeatedly(JavaUtils.java:152)
	at org.apache.ratis.RaftTestUtil.waitForLeader(RaftTestUtil.java:111)
	at org.apache.ratis.RaftTestUtil.waitForLeader(RaftTestUtil.java:92)
	at org.apache.ratis.RaftTestUtil.waitForLeader(RaftTestUtil.java:87)
	at org.apache.ratis.datastream.DataStreamAsyncClusterTests.runTestDataStream(DataStreamAsyncClusterTests.java:90)
	at org.apache.ratis.datastream.DataStreamAsyncClusterTests.runTestDataStreamStepDownLeader(DataStreamAsyncClusterTests.java:82)
	at org.apache.ratis.server.impl.MiniRaftCluster$Factory$Get.runWithNewCluster(MiniRaftCluster.java:138)
	at org.apache.ratis.server.impl.MiniRaftCluster$Factory$Get.runWithNewCluster(MiniRaftCluster.java:118)
	at org.apache.ratis.datastream.DataStreamAsyncClusterTests.testMultipleStreamsMultipleServersStepDownLeader(DataStreamAsyncClusterTests.java:78)
	at sun.reflect.NativeMethodAccessorImpl.invoke0(Native Method)
	at sun.reflect.NativeMethodAccessorImpl.invoke(NativeMethodAccessorImpl.java:62)
	at sun.reflect.DelegatingMethodAccessorImpl.invoke(DelegatingMethodAccessorImpl.java:43)
	at java.lang.reflect.Method.invoke(Method.java:498)
	at org.junit.runners.model.FrameworkMethod$1.runReflectiveCall(FrameworkMethod.java:59)
	at org.junit.internal.runners.model.ReflectiveCallable.run(ReflectiveCallable.java:12)
	at org.junit.runners.model.FrameworkMethod.invokeExplosively(FrameworkMethod.java:56)
	at org.junit.internal.runners.statements.InvokeMethod.evaluate(InvokeMethod.java:17)
	at org.junit.internal.runners.statements.RunAfters.evaluate(RunAfters.java:27)
	at org.junit.internal.runners.statements.FailOnTimeout$CallableStatement.call(FailOnTimeout.java:299)
	at org.junit.internal.runners.statements.FailOnTimeout$CallableStatement.call(FailOnTimeout.java:293)
	at java.util.concurrent.FutureTask.run(FutureTask.java:266)
	at java.lang.Thread.run(Thread.java:750)
2022-08-18 03:42:35,597 [s0@group-D128CC958ABE-FollowerState] INFO  impl.FollowerState (FollowerState.java:run(143)) - s0@group-D128CC958ABE-FollowerState: change to CANDIDATE, lastRpcElapsedTime:222816097ns, electionTimeout:220ms
2022-08-18 03:42:35,598 [s0@group-D128CC958ABE-FollowerState] INFO  impl.RoleInfo (RoleInfo.java:shutdownFollowerState(110)) - s0: shutdown s0@group-D128CC958ABE-FollowerState
2022-08-18 03:42:35,598 [s0@group-D128CC958ABE-FollowerState] INFO  server.RaftServer$Division (RaftServerImpl.java:setRole(301)) - s0@group-D128CC958ABE: changes role from  FOLLOWER to CANDIDATE at term 0 for changeToCandidate
2022-08-18 03:42:35,599 [s0@group-D128CC958ABE-FollowerState] INFO  server.RaftServerConfigKeys (ConfUtils.java:logGet(46)) - raft.server.leaderelection.pre-vote = true (default)
2022-08-18 03:42:35,599 [s0@group-D128CC958ABE-FollowerState] INFO  impl.RoleInfo (RoleInfo.java:updateAndGet(139)) - s0: start s0@group-D128CC958ABE-LeaderElection3
2022-08-18 03:42:35,601 [s0@group-D128CC958ABE-LeaderElection3] INFO  impl.LeaderElection (LeaderElection.java:askForVotes(310)) - s0@group-D128CC958ABE-LeaderElection3 PRE_VOTE round 0: submit vote requests at term 0 for -1: peers:[s0|rpc:localhost:43041|admin:localhost:41627|client:localhost:41753|dataStream:localhost:43729|priority:0|startupRole:FOLLOWER, s1|rpc:localhost:46505|admin:localhost:41383|client:localhost:44149|dataStream:localhost:34715|priority:0|startupRole:FOLLOWER, s2|rpc:localhost:33579|admin:localhost:36665|client:localhost:36785|dataStream:localhost:46131|priority:0|startupRole:FOLLOWER]|listeners:[], old=null
2022-08-18 03:42:35,602 [s0@group-D128CC958ABE-LeaderElection3-1] INFO  server.GrpcServerProtocolClient (GrpcServerProtocolClient.java:<init>(63)) - Build channel for s1
2022-08-18 03:42:35,602 [s0@group-D128CC958ABE-LeaderElection3-2] INFO  server.GrpcServerProtocolClient (GrpcServerProtocolClient.java:<init>(63)) - Build channel for s2
2022-08-18 03:42:35,624 [grpc-default-executor-11] INFO  server.RaftServer$Division (RaftServerImpl.java:requestVote(1198)) - s1@group-D128CC958ABE: receive requestVote(PRE_VOTE, s0, group-D128CC958ABE, 0, (t:0, i:0))
2022-08-18 03:42:35,624 [grpc-default-executor-2] INFO  server.RaftServer$Division (RaftServerImpl.java:requestVote(1198)) - s2@group-D128CC958ABE: receive requestVote(PRE_VOTE, s0, group-D128CC958ABE, 0, (t:0, i:0))
2022-08-18 03:42:35,625 [grpc-default-executor-11] INFO  impl.VoteContext (VoteContext.java:log(48)) - s1@group-D128CC958ABE-FOLLOWER: accept PRE_VOTE from s0: our priority 0 <= candidate's priority 0
2022-08-18 03:42:35,626 [grpc-default-executor-2] INFO  impl.VoteContext (VoteContext.java:log(48)) - s2@group-D128CC958ABE-FOLLOWER: accept PRE_VOTE from s0: our priority 0 <= candidate's priority 0
2022-08-18 03:42:35,626 [grpc-default-executor-11] INFO  server.RaftServer$Division (RaftServerImpl.java:requestVote(1231)) - s1@group-D128CC958ABE replies to PRE_VOTE vote request: s0<-s1#0:OK-t0. Peer's state: s1@group-D128CC958ABE:t0, leader=null, voted=, raftlog=Memoized:s1@group-D128CC958ABE-SegmentedRaftLog:OPENED:c-1, conf=-1: peers:[s0|rpc:localhost:43041|admin:localhost:41627|client:localhost:41753|dataStream:localhost:43729|priority:0|startupRole:FOLLOWER, s1|rpc:localhost:46505|admin:localhost:41383|client:localhost:44149|dataStream:localhost:34715|priority:0|startupRole:FOLLOWER, s2|rpc:localhost:33579|admin:localhost:36665|client:localhost:36785|dataStream:localhost:46131|priority:0|startupRole:FOLLOWER]|listeners:[], old=null
2022-08-18 03:42:35,626 [grpc-default-executor-2] INFO  server.RaftServer$Division (RaftServerImpl.java:requestVote(1231)) - s2@group-D128CC958ABE replies to PRE_VOTE vote request: s0<-s2#0:OK-t0. Peer's state: s2@group-D128CC958ABE:t0, leader=null, voted=, raftlog=Memoized:s2@group-D128CC958ABE-SegmentedRaftLog:OPENED:c-1, conf=-1: peers:[s0|rpc:localhost:43041|admin:localhost:41627|client:localhost:41753|dataStream:localhost:43729|priority:0|startupRole:FOLLOWER, s1|rpc:localhost:46505|admin:localhost:41383|client:localhost:44149|dataStream:localhost:34715|priority:0|startupRole:FOLLOWER, s2|rpc:localhost:33579|admin:localhost:36665|client:localhost:36785|dataStream:localhost:46131|priority:0|startupRole:FOLLOWER]|listeners:[], old=null
2022-08-18 03:42:35,629 [s0@group-D128CC958ABE-LeaderElection3] INFO  impl.LeaderElection (LeaderElection.java:logAndReturn(90)) - s0@group-D128CC958ABE-LeaderElection3: PRE_VOTE PASSED received 1 response(s) and 0 exception(s):
2022-08-18 03:42:35,629 [s0@group-D128CC958ABE-LeaderElection3] INFO  impl.LeaderElection (LeaderElection.java:logAndReturn(94)) -   Response 0: s0<-s2#0:OK-t0
2022-08-18 03:42:35,629 [s0@group-D128CC958ABE-LeaderElection3] INFO  impl.LeaderElection (LeaderElection.java:askForVotes(312)) - s0@group-D128CC958ABE-LeaderElection3 PRE_VOTE round 0: result PASSED
2022-08-18 03:42:35,632 [s0@group-D128CC958ABE-LeaderElection3] INFO  impl.LeaderElection (LeaderElection.java:askForVotes(310)) - s0@group-D128CC958ABE-LeaderElection3 ELECTION round 0: submit vote requests at term 1 for -1: peers:[s0|rpc:localhost:43041|admin:localhost:41627|client:localhost:41753|dataStream:localhost:43729|priority:0|startupRole:FOLLOWER, s1|rpc:localhost:46505|admin:localhost:41383|client:localhost:44149|dataStream:localhost:34715|priority:0|startupRole:FOLLOWER, s2|rpc:localhost:33579|admin:localhost:36665|client:localhost:36785|dataStream:localhost:46131|priority:0|startupRole:FOLLOWER]|listeners:[], old=null
2022-08-18 03:42:35,634 [grpc-default-executor-11] INFO  server.RaftServer$Division (RaftServerImpl.java:requestVote(1198)) - s1@group-D128CC958ABE: receive requestVote(ELECTION, s0, group-D128CC958ABE, 1, (t:0, i:0))
2022-08-18 03:42:35,635 [grpc-default-executor-11] INFO  impl.VoteContext (VoteContext.java:log(48)) - s1@group-D128CC958ABE-FOLLOWER: accept ELECTION from s0: our priority 0 <= candidate's priority 0
2022-08-18 03:42:35,635 [grpc-default-executor-11] INFO  server.RaftServer$Division (RaftServerImpl.java:setRole(301)) - s1@group-D128CC958ABE: changes role from  FOLLOWER to FOLLOWER at term 1 for candidate:s0
2022-08-18 03:42:35,636 [grpc-default-executor-11] INFO  impl.RoleInfo (RoleInfo.java:shutdownFollowerState(110)) - s1: shutdown s1@group-D128CC958ABE-FollowerState
2022-08-18 03:42:35,636 [grpc-default-executor-11] INFO  impl.RoleInfo (RoleInfo.java:updateAndGet(139)) - s1: start s1@group-D128CC958ABE-FollowerState
2022-08-18 03:42:35,636 [s1@group-D128CC958ABE-FollowerState] INFO  impl.FollowerState (FollowerState.java:run(152)) - s1@group-D128CC958ABE-FollowerState was interrupted
2022-08-18 03:42:35,642 [grpc-default-executor-11] INFO  server.RaftServer$Division (RaftServerImpl.java:requestVote(1231)) - s1@group-D128CC958ABE replies to ELECTION vote request: s0<-s1#0:OK-t1. Peer's state: s1@group-D128CC958ABE:t1, leader=null, voted=s0, raftlog=Memoized:s1@group-D128CC958ABE-SegmentedRaftLog:OPENED:c-1, conf=-1: peers:[s0|rpc:localhost:43041|admin:localhost:41627|client:localhost:41753|dataStream:localhost:43729|priority:0|startupRole:FOLLOWER, s1|rpc:localhost:46505|admin:localhost:41383|client:localhost:44149|dataStream:localhost:34715|priority:0|startupRole:FOLLOWER, s2|rpc:localhost:33579|admin:localhost:36665|client:localhost:36785|dataStream:localhost:46131|priority:0|startupRole:FOLLOWER]|listeners:[], old=null
2022-08-18 03:42:35,643 [s0@group-D128CC958ABE-LeaderElection3] INFO  impl.LeaderElection (LeaderElection.java:logAndReturn(90)) - s0@group-D128CC958ABE-LeaderElection3: ELECTION PASSED received 1 response(s) and 0 exception(s):
2022-08-18 03:42:35,643 [s0@group-D128CC958ABE-LeaderElection3] INFO  impl.LeaderElection (LeaderElection.java:logAndReturn(94)) -   Response 0: s0<-s1#0:OK-t1
2022-08-18 03:42:35,643 [s0@group-D128CC958ABE-LeaderElection3] INFO  impl.LeaderElection (LeaderElection.java:askForVotes(312)) - s0@group-D128CC958ABE-LeaderElection3 ELECTION round 0: result PASSED
2022-08-18 03:42:35,643 [s0@group-D128CC958ABE-LeaderElection3] INFO  impl.RoleInfo (RoleInfo.java:shutdownLeaderElection(130)) - s0: shutdown s0@group-D128CC958ABE-LeaderElection3
2022-08-18 03:42:35,643 [s0@group-D128CC958ABE-LeaderElection3] INFO  server.RaftServer$Division (RaftServerImpl.java:setRole(301)) - s0@group-D128CC958ABE: changes role from CANDIDATE to LEADER at term 1 for changeToLeader
2022-08-18 03:42:35,643 [s0@group-D128CC958ABE-LeaderElection3] INFO  server.RaftServer$Division (ServerState.java:setLeader(313)) - s0@group-D128CC958ABE: change Leader from null to s0 at term 1 for becomeLeader, leader elected after 314ms
2022-08-18 03:42:35,644 [s0@group-D128CC958ABE-LeaderElection3] INFO  server.RaftServerConfigKeys (ConfUtils.java:logGet(46)) - raft.server.staging.catchup.gap = 1000 (default)
2022-08-18 03:42:35,644 [s0@group-D128CC958ABE-LeaderElection3] INFO  server.RaftServerConfigKeys (ConfUtils.java:logGet(46)) - raft.server.write.element-limit = 4096 (default)
2022-08-18 03:42:35,644 [s0@group-D128CC958ABE-LeaderElection3] INFO  server.RaftServerConfigKeys (ConfUtils.java:logGet(46)) - raft.server.write.byte-limit = 64MB (=67108864) (default)
2022-08-18 03:42:35,644 [s0@group-D128CC958ABE-LeaderElection3] INFO  server.RaftServerConfigKeys (ConfUtils.java:logGet(46)) - raft.server.watch.timeout = 10s (default)
2022-08-18 03:42:35,644 [s0@group-D128CC958ABE-LeaderElection3] INFO  server.RaftServerConfigKeys (ConfUtils.java:logGet(46)) - raft.server.watch.timeout.denomination = 1s (default)
2022-08-18 03:42:35,644 [s0@group-D128CC958ABE-LeaderElection3] INFO  server.RaftServerConfigKeys (ConfUtils.java:logGet(46)) - raft.server.watch.element-limit = 65536 (default)
2022-08-18 03:42:35,644 [s0@group-D128CC958ABE-LeaderElection3] INFO  server.RaftServerConfigKeys (ConfUtils.java:logGet(46)) - raft.server.write.element-limit = 4096 (default)
2022-08-18 03:42:35,644 [s0@group-D128CC958ABE-LeaderElection3] INFO  server.RaftServerConfigKeys (ConfUtils.java:logGet(46)) - raft.server.write.follower.gap.ratio.max = -1.0 (default)
2022-08-18 03:42:35,644 [s0@group-D128CC958ABE-LeaderElection3] INFO  server.RaftServerConfigKeys (ConfUtils.java:logGet(46)) - raft.server.log.appender.snapshot.chunk.size.max = 16MB (=16777216) (default)
2022-08-18 03:42:35,645 [s0@group-D128CC958ABE-LeaderElection3] INFO  server.RaftServerConfigKeys (ConfUtils.java:logGet(46)) - raft.server.log.appender.buffer.byte-limit = 4MB (=4194304) (default)
2022-08-18 03:42:35,645 [s0@group-D128CC958ABE-LeaderElection3] INFO  server.RaftServerConfigKeys (ConfUtils.java:logGet(46)) - raft.server.log.appender.buffer.element-limit = 0 (default)
2022-08-18 03:42:35,645 [s0@group-D128CC958ABE-LeaderElection3] INFO  grpc.GrpcConfigKeys (ConfUtils.java:logGet(46)) - raft.grpc.server.leader.outstanding.appends.max = 128 (default)
2022-08-18 03:42:35,645 [s0@group-D128CC958ABE-LeaderElection3] INFO  server.RaftServerConfigKeys (ConfUtils.java:logGet(46)) - raft.server.rpc.request.timeout = 3000ms (default)
2022-08-18 03:42:35,645 [s0@group-D128CC958ABE-LeaderElection3] INFO  server.RaftServerConfigKeys (ConfUtils.java:logGet(46)) - raft.server.log.appender.install.snapshot.enabled = true (default)
2022-08-18 03:42:35,645 [s0@group-D128CC958ABE-LeaderElection3] INFO  grpc.GrpcConfigKeys (ConfUtils.java:logGet(46)) - raft.grpc.server.heartbeat.channel = true (default)
2022-08-18 03:42:35,645 [s0@group-D128CC958ABE-LeaderElection3] INFO  server.RaftServerConfigKeys (ConfUtils.java:logGet(46)) - raft.server.log.appender.snapshot.chunk.size.max = 16MB (=16777216) (default)
2022-08-18 03:42:35,645 [s0@group-D128CC958ABE-LeaderElection3] INFO  server.RaftServerConfigKeys (ConfUtils.java:logGet(46)) - raft.server.log.appender.buffer.byte-limit = 4MB (=4194304) (default)
2022-08-18 03:42:35,645 [s0@group-D128CC958ABE-LeaderElection3] INFO  server.RaftServerConfigKeys (ConfUtils.java:logGet(46)) - raft.server.log.appender.buffer.element-limit = 0 (default)
2022-08-18 03:42:35,645 [s0@group-D128CC958ABE-LeaderElection3] INFO  grpc.GrpcConfigKeys (ConfUtils.java:logGet(46)) - raft.grpc.server.leader.outstanding.appends.max = 128 (default)
2022-08-18 03:42:35,645 [s0@group-D128CC958ABE-LeaderElection3] INFO  server.RaftServerConfigKeys (ConfUtils.java:logGet(46)) - raft.server.rpc.request.timeout = 3000ms (default)
2022-08-18 03:42:35,645 [s0@group-D128CC958ABE-LeaderElection3] INFO  server.RaftServerConfigKeys (ConfUtils.java:logGet(46)) - raft.server.log.appender.install.snapshot.enabled = true (default)
2022-08-18 03:42:35,645 [s0@group-D128CC958ABE-LeaderElection3] INFO  grpc.GrpcConfigKeys (ConfUtils.java:logGet(46)) - raft.grpc.server.heartbeat.channel = true (default)
2022-08-18 03:42:35,645 [s0@group-D128CC958ABE-LeaderElection3] INFO  impl.RoleInfo (RoleInfo.java:updateAndGet(139)) - s0: start s0@group-D128CC958ABE-LeaderStateImpl
2022-08-18 03:42:35,646 [s0@group-D128CC958ABE-LeaderElection3] INFO  segmented.SegmentedRaftLogWorker (SegmentedRaftLogWorker.java:startLogSegment(452)) - s0@group-D128CC958ABE-SegmentedRaftLogWorker: Starting segment from index:0
2022-08-18 03:42:35,652 [grpc-default-executor-11] INFO  server.RaftServer$Division (RaftServerImpl.java:requestVote(1198)) - s2@group-D128CC958ABE: receive requestVote(ELECTION, s0, group-D128CC958ABE, 1, (t:0, i:0))
2022-08-18 03:42:35,659 [s0@group-D128CC958ABE-LeaderElection3] INFO  server.RaftServer$Division (ServerState.java:setRaftConf(429)) - s0@group-D128CC958ABE: set configuration 0: peers:[s0|rpc:localhost:43041|admin:localhost:41627|client:localhost:41753|dataStream:localhost:43729|priority:0|startupRole:FOLLOWER, s1|rpc:localhost:46505|admin:localhost:41383|client:localhost:44149|dataStream:localhost:34715|priority:0|startupRole:FOLLOWER, s2|rpc:localhost:33579|admin:localhost:36665|client:localhost:36785|dataStream:localhost:46131|priority:0|startupRole:FOLLOWER]|listeners:[], old=null
2022-08-18 03:42:35,661 [s0@group-D128CC958ABE-SegmentedRaftLogWorker] INFO  segmented.SegmentedRaftLogWorker (SegmentedRaftLogWorker.java:execute(656)) - s0@group-D128CC958ABE-SegmentedRaftLogWorker: created new log segment /home/runner/work/ratis/ratis/ratis-test/target/test/data/ce6a40b0/MiniRaftClusterWithRpcTypeGrpcAndDataStreamTypeNettyab8706e1/s0/ae69ee49-a3bc-4e93-93a7-d128cc958abe/current/log_inprogress_0
2022-08-18 03:42:35,663 [grpc-default-executor-11] INFO  impl.VoteContext (VoteContext.java:log(48)) - s2@group-D128CC958ABE-FOLLOWER: accept ELECTION from s0: our priority 0 <= candidate's priority 0
2022-08-18 03:42:35,664 [s1-server-thread1] INFO  server.RaftServer$Division (ServerState.java:setLeader(313)) - s1@group-D128CC958ABE: change Leader from null to s0 at term 1 for appendEntries, leader elected after 314ms
2022-08-18 03:42:35,664 [grpc-default-executor-11] INFO  server.RaftServer$Division (RaftServerImpl.java:setRole(301)) - s2@group-D128CC958ABE: changes role from  FOLLOWER to FOLLOWER at term 1 for candidate:s0
2022-08-18 03:42:35,666 [grpc-default-executor-11] INFO  impl.RoleInfo (RoleInfo.java:shutdownFollowerState(110)) - s2: shutdown s2@group-D128CC958ABE-FollowerState
2022-08-18 03:42:35,670 [s1-server-thread1] INFO  server.RaftServer$Division (ServerState.java:setRaftConf(429)) - s1@group-D128CC958ABE: set configuration 0: peers:[s0|rpc:localhost:43041|admin:localhost:41627|client:localhost:41753|dataStream:localhost:43729|priority:0|startupRole:FOLLOWER, s1|rpc:localhost:46505|admin:localhost:41383|client:localhost:44149|dataStream:localhost:34715|priority:0|startupRole:FOLLOWER, s2|rpc:localhost:33579|admin:localhost:36665|client:localhost:36785|dataStream:localhost:46131|priority:0|startupRole:FOLLOWER]|listeners:[], old=null
2022-08-18 03:42:35,670 [s1-server-thread1] INFO  segmented.SegmentedRaftLogWorker (SegmentedRaftLogWorker.java:startLogSegment(452)) - s1@group-D128CC958ABE-SegmentedRaftLogWorker: Starting segment from index:0
2022-08-18 03:42:35,673 [grpc-default-executor-11] INFO  impl.RoleInfo (RoleInfo.java:updateAndGet(139)) - s2: start s2@group-D128CC958ABE-FollowerState
2022-08-18 03:42:35,681 [s1@group-D128CC958ABE-SegmentedRaftLogWorker] INFO  segmented.SegmentedRaftLogWorker (SegmentedRaftLogWorker.java:execute(656)) - s1@group-D128CC958ABE-SegmentedRaftLogWorker: created new log segment /home/runner/work/ratis/ratis/ratis-test/target/test/data/ce6a40b0/MiniRaftClusterWithRpcTypeGrpcAndDataStreamTypeNettyab8706e1/s1/ae69ee49-a3bc-4e93-93a7-d128cc958abe/current/log_inprogress_0
2022-08-18 03:42:35,681 [grpc-default-executor-11] INFO  server.RaftServer$Division (RaftServerImpl.java:requestVote(1231)) - s2@group-D128CC958ABE replies to ELECTION vote request: s0<-s2#0:OK-t1. Peer's state: s2@group-D128CC958ABE:t1, leader=null, voted=s0, raftlog=Memoized:s2@group-D128CC958ABE-SegmentedRaftLog:OPENED:c-1, conf=-1: peers:[s0|rpc:localhost:43041|admin:localhost:41627|client:localhost:41753|dataStream:localhost:43729|priority:0|startupRole:FOLLOWER, s1|rpc:localhost:46505|admin:localhost:41383|client:localhost:44149|dataStream:localhost:34715|priority:0|startupRole:FOLLOWER, s2|rpc:localhost:33579|admin:localhost:36665|client:localhost:36785|dataStream:localhost:46131|priority:0|startupRole:FOLLOWER]|listeners:[], old=null
2022-08-18 03:42:35,683 [s2-server-thread2] INFO  server.RaftServer$Division (ServerState.java:setLeader(313)) - s2@group-D128CC958ABE: change Leader from null to s0 at term 1 for appendEntries, leader elected after 311ms
2022-08-18 03:42:35,684 [s2@group-D128CC958ABE-FollowerState] INFO  impl.FollowerState (FollowerState.java:shouldRun(117)) - s2@group-D128CC958ABE-FollowerState: Stopping now (isRunning? false, role = FOLLOWER)
2022-08-18 03:42:35,688 [s2-server-thread1] INFO  server.RaftServer$Division (ServerState.java:setRaftConf(429)) - s2@group-D128CC958ABE: set configuration 0: peers:[s0|rpc:localhost:43041|admin:localhost:41627|client:localhost:41753|dataStream:localhost:43729|priority:0|startupRole:FOLLOWER, s1|rpc:localhost:46505|admin:localhost:41383|client:localhost:44149|dataStream:localhost:34715|priority:0|startupRole:FOLLOWER, s2|rpc:localhost:33579|admin:localhost:36665|client:localhost:36785|dataStream:localhost:46131|priority:0|startupRole:FOLLOWER]|listeners:[], old=null
2022-08-18 03:42:35,689 [s2-server-thread1] INFO  segmented.SegmentedRaftLogWorker (SegmentedRaftLogWorker.java:startLogSegment(452)) - s2@group-D128CC958ABE-SegmentedRaftLogWorker: Starting segment from index:0
2022-08-18 03:42:35,704 [s2@group-D128CC958ABE-SegmentedRaftLogWorker] INFO  segmented.SegmentedRaftLogWorker (SegmentedRaftLogWorker.java:execute(656)) - s2@group-D128CC958ABE-SegmentedRaftLogWorker: created new log segment /home/runner/work/ratis/ratis/ratis-test/target/test/data/ce6a40b0/MiniRaftClusterWithRpcTypeGrpcAndDataStreamTypeNettyab8706e1/s2/ae69ee49-a3bc-4e93-93a7-d128cc958abe/current/log_inprogress_0
2022-08-18 03:42:35,910 [Time-limited test] INFO  ratis.RaftTestUtil (RaftTestUtil.java:waitForLeader(119)) - printing ALL groups
  s0:  RUNNING    LEADER s0@group-D128CC958ABE:t1, leader=s0, voted=s0, raftlog=Memoized:s0@group-D128CC958ABE-SegmentedRaftLog:OPENED:c0, conf=0: peers:[s0|rpc:localhost:43041|admin:localhost:41627|client:localhost:41753|dataStream:localhost:43729|priority:0|startupRole:FOLLOWER, s1|rpc:localhost:46505|admin:localhost:41383|client:localhost:44149|dataStream:localhost:34715|priority:0|startupRole:FOLLOWER, s2|rpc:localhost:33579|admin:localhost:36665|client:localhost:36785|dataStream:localhost:46131|priority:0|startupRole:FOLLOWER]|listeners:[], old=null RUNNING
  s1:  RUNNING  FOLLOWER s1@group-D128CC958ABE:t1, leader=s0, voted=s0, raftlog=Memoized:s1@group-D128CC958ABE-SegmentedRaftLog:OPENED:c0, conf=0: peers:[s0|rpc:localhost:43041|admin:localhost:41627|client:localhost:41753|dataStream:localhost:43729|priority:0|startupRole:FOLLOWER, s1|rpc:localhost:46505|admin:localhost:41383|client:localhost:44149|dataStream:localhost:34715|priority:0|startupRole:FOLLOWER, s2|rpc:localhost:33579|admin:localhost:36665|client:localhost:36785|dataStream:localhost:46131|priority:0|startupRole:FOLLOWER]|listeners:[], old=null RUNNING
  s2:  RUNNING  FOLLOWER s2@group-D128CC958ABE:t1, leader=s0, voted=s0, raftlog=Memoized:s2@group-D128CC958ABE-SegmentedRaftLog:OPENED:c0, conf=0: peers:[s0|rpc:localhost:43041|admin:localhost:41627|client:localhost:41753|dataStream:localhost:43729|priority:0|startupRole:FOLLOWER, s1|rpc:localhost:46505|admin:localhost:41383|client:localhost:44149|dataStream:localhost:34715|priority:0|startupRole:FOLLOWER, s2|rpc:localhost:33579|admin:localhost:36665|client:localhost:36785|dataStream:localhost:46131|priority:0|startupRole:FOLLOWER]|listeners:[], old=null RUNNING
2022-08-18 03:42:35,911 [pool-9-thread-3] INFO  server.RaftServerConfigKeys (ConfUtils.java:logGet(46)) - raft.server.rpc.timeout.max = 300ms (default)
2022-08-18 03:42:35,911 [pool-9-thread-4] INFO  server.RaftServerConfigKeys (ConfUtils.java:logGet(46)) - raft.server.rpc.timeout.max = 300ms (default)
2022-08-18 03:42:35,917 [pool-9-thread-6] INFO  server.RaftServerConfigKeys (ConfUtils.java:logGet(46)) - raft.server.rpc.timeout.max = 300ms (default)
2022-08-18 03:42:35,917 [pool-9-thread-7] INFO  server.RaftServerConfigKeys (ConfUtils.java:logGet(46)) - raft.server.rpc.timeout.max = 300ms (default)
2022-08-18 03:42:35,918 [pool-9-thread-8] INFO  server.RaftServerConfigKeys (ConfUtils.java:logGet(46)) - raft.server.rpc.timeout.max = 300ms (default)
2022-08-18 03:42:35,925 [pool-9-thread-8] INFO  ratis.RaftTestUtil (RaftTestUtil.java:waitForLeader(100)) - printing ALL groups
  s0:  RUNNING    LEADER s0@group-D128CC958ABE:t1, leader=s0, voted=s0, raftlog=Memoized:s0@group-D128CC958ABE-SegmentedRaftLog:OPENED:c0, conf=0: peers:[s0|rpc:localhost:43041|admin:localhost:41627|client:localhost:41753|dataStream:localhost:43729|priority:0|startupRole:FOLLOWER, s1|rpc:localhost:46505|admin:localhost:41383|client:localhost:44149|dataStream:localhost:34715|priority:0|startupRole:FOLLOWER, s2|rpc:localhost:33579|admin:localhost:36665|client:localhost:36785|dataStream:localhost:46131|priority:0|startupRole:FOLLOWER]|listeners:[], old=null RUNNING
  s1:  RUNNING  FOLLOWER s1@group-D128CC958ABE:t1, leader=s0, voted=s0, raftlog=Memoized:s1@group-D128CC958ABE-SegmentedRaftLog:OPENED:c0, conf=0: peers:[s0|rpc:localhost:43041|admin:localhost:41627|client:localhost:41753|dataStream:localhost:43729|priority:0|startupRole:FOLLOWER, s1|rpc:localhost:46505|admin:localhost:41383|client:localhost:44149|dataStream:localhost:34715|priority:0|startupRole:FOLLOWER, s2|rpc:localhost:33579|admin:localhost:36665|client:localhost:36785|dataStream:localhost:46131|priority:0|startupRole:FOLLOWER]|listeners:[], old=null RUNNING
  s2:  RUNNING  FOLLOWER s2@group-D128CC958ABE:t1, leader=s0, voted=s0, raftlog=Memoized:s2@group-D128CC958ABE-SegmentedRaftLog:OPENED:c0, conf=0: peers:[s0|rpc:localhost:43041|admin:localhost:41627|client:localhost:41753|dataStream:localhost:43729|priority:0|startupRole:FOLLOWER, s1|rpc:localhost:46505|admin:localhost:41383|client:localhost:44149|dataStream:localhost:34715|priority:0|startupRole:FOLLOWER, s2|rpc:localhost:33579|admin:localhost:36665|client:localhost:36785|dataStream:localhost:46131|priority:0|startupRole:FOLLOWER]|listeners:[], old=null RUNNING
2022-08-18 03:42:35,925 [pool-9-thread-8] INFO  ratis.RaftTestUtil (RaftTestUtil.java:waitForLeader(119)) - printing ALL groups
  s0:  RUNNING    LEADER s0@group-D128CC958ABE:t1, leader=s0, voted=s0, raftlog=Memoized:s0@group-D128CC958ABE-SegmentedRaftLog:OPENED:c0, conf=0: peers:[s0|rpc:localhost:43041|admin:localhost:41627|client:localhost:41753|dataStream:localhost:43729|priority:0|startupRole:FOLLOWER, s1|rpc:localhost:46505|admin:localhost:41383|client:localhost:44149|dataStream:localhost:34715|priority:0|startupRole:FOLLOWER, s2|rpc:localhost:33579|admin:localhost:36665|client:localhost:36785|dataStream:localhost:46131|priority:0|startupRole:FOLLOWER]|listeners:[], old=null RUNNING
  s1:  RUNNING  FOLLOWER s1@group-D128CC958ABE:t1, leader=s0, voted=s0, raftlog=Memoized:s1@group-D128CC958ABE-SegmentedRaftLog:OPENED:c0, conf=0: peers:[s0|rpc:localhost:43041|admin:localhost:41627|client:localhost:41753|dataStream:localhost:43729|priority:0|startupRole:FOLLOWER, s1|rpc:localhost:46505|admin:localhost:41383|client:localhost:44149|dataStream:localhost:34715|priority:0|startupRole:FOLLOWER, s2|rpc:localhost:33579|admin:localhost:36665|client:localhost:36785|dataStream:localhost:46131|priority:0|startupRole:FOLLOWER]|listeners:[], old=null RUNNING
  s2:  RUNNING  FOLLOWER s2@group-D128CC958ABE:t1, leader=s0, voted=s0, raftlog=Memoized:s2@group-D128CC958ABE-SegmentedRaftLog:OPENED:c0, conf=0: peers:[s0|rpc:localhost:43041|admin:localhost:41627|client:localhost:41753|dataStream:localhost:43729|priority:0|startupRole:FOLLOWER, s1|rpc:localhost:46505|admin:localhost:41383|client:localhost:44149|dataStream:localhost:34715|priority:0|startupRole:FOLLOWER, s2|rpc:localhost:33579|admin:localhost:36665|client:localhost:36785|dataStream:localhost:46131|priority:0|startupRole:FOLLOWER]|listeners:[], old=null RUNNING
2022-08-18 03:42:35,925 [pool-9-thread-8] INFO  client.DataStreamClient (ConfUtils.java:logGet(46)) - raft.datastream.type = NETTY (custom)
2022-08-18 03:42:35,925 [pool-9-thread-8] INFO  netty.NettyConfigKeys$DataStream (ConfUtils.java:logGet(46)) - raft.netty.dataStream.client.tls.conf = null (default)
2022-08-18 03:42:35,926 [pool-9-thread-8] INFO  netty.NettyConfigKeys$DataStream (ConfUtils.java:logGet(46)) - raft.netty.dataStream.client.reply.queue.grace-period = 1s (default)
2022-08-18 03:42:35,926 [pool-9-thread-8] INFO  netty.NettyConfigKeys$DataStream (ConfUtils.java:logGet(46)) - raft.netty.dataStream.client.worker-group.share = false (default)
2022-08-18 03:42:35,926 [pool-9-thread-8] INFO  netty.NettyConfigKeys$DataStream (ConfUtils.java:logGet(46)) - raft.netty.dataStream.client.worker-group.size = 4 (default)
2022-08-18 03:42:35,927 [pool-9-thread-9] INFO  server.RaftServerConfigKeys (ConfUtils.java:logGet(46)) - raft.server.rpc.timeout.max = 300ms (default)
2022-08-18 03:42:35,934 [pool-9-thread-9] INFO  ratis.RaftTestUtil (RaftTestUtil.java:waitForLeader(100)) - printing ALL groups
  s0:  RUNNING    LEADER s0@group-D128CC958ABE:t1, leader=s0, voted=s0, raftlog=Memoized:s0@group-D128CC958ABE-SegmentedRaftLog:OPENED:c0, conf=0: peers:[s0|rpc:localhost:43041|admin:localhost:41627|client:localhost:41753|dataStream:localhost:43729|priority:0|startupRole:FOLLOWER, s1|rpc:localhost:46505|admin:localhost:41383|client:localhost:44149|dataStream:localhost:34715|priority:0|startupRole:FOLLOWER, s2|rpc:localhost:33579|admin:localhost:36665|client:localhost:36785|dataStream:localhost:46131|priority:0|startupRole:FOLLOWER]|listeners:[], old=null RUNNING
  s1:  RUNNING  FOLLOWER s1@group-D128CC958ABE:t1, leader=s0, voted=s0, raftlog=Memoized:s1@group-D128CC958ABE-SegmentedRaftLog:OPENED:c0, conf=0: peers:[s0|rpc:localhost:43041|admin:localhost:41627|client:localhost:41753|dataStream:localhost:43729|priority:0|startupRole:FOLLOWER, s1|rpc:localhost:46505|admin:localhost:41383|client:localhost:44149|dataStream:localhost:34715|priority:0|startupRole:FOLLOWER, s2|rpc:localhost:33579|admin:localhost:36665|client:localhost:36785|dataStream:localhost:46131|priority:0|startupRole:FOLLOWER]|listeners:[], old=null RUNNING
  s2:  RUNNING  FOLLOWER s2@group-D128CC958ABE:t1, leader=s0, voted=s0, raftlog=Memoized:s2@group-D128CC958ABE-SegmentedRaftLog:OPENED:c0, conf=0: peers:[s0|rpc:localhost:43041|admin:localhost:41627|client:localhost:41753|dataStream:localhost:43729|priority:0|startupRole:FOLLOWER, s1|rpc:localhost:46505|admin:localhost:41383|client:localhost:44149|dataStream:localhost:34715|priority:0|startupRole:FOLLOWER, s2|rpc:localhost:33579|admin:localhost:36665|client:localhost:36785|dataStream:localhost:46131|priority:0|startupRole:FOLLOWER]|listeners:[], old=null RUNNING
2022-08-18 03:42:35,934 [pool-9-thread-9] INFO  ratis.RaftTestUtil (RaftTestUtil.java:waitForLeader(119)) - printing ALL groups
  s0:  RUNNING    LEADER s0@group-D128CC958ABE:t1, leader=s0, voted=s0, raftlog=Memoized:s0@group-D128CC958ABE-SegmentedRaftLog:OPENED:c0, conf=0: peers:[s0|rpc:localhost:43041|admin:localhost:41627|client:localhost:41753|dataStream:localhost:43729|priority:0|startupRole:FOLLOWER, s1|rpc:localhost:46505|admin:localhost:41383|client:localhost:44149|dataStream:localhost:34715|priority:0|startupRole:FOLLOWER, s2|rpc:localhost:33579|admin:localhost:36665|client:localhost:36785|dataStream:localhost:46131|priority:0|startupRole:FOLLOWER]|listeners:[], old=null RUNNING
  s1:  RUNNING  FOLLOWER s1@group-D128CC958ABE:t1, leader=s0, voted=s0, raftlog=Memoized:s1@group-D128CC958ABE-SegmentedRaftLog:OPENED:c0, conf=0: peers:[s0|rpc:localhost:43041|admin:localhost:41627|client:localhost:41753|dataStream:localhost:43729|priority:0|startupRole:FOLLOWER, s1|rpc:localhost:46505|admin:localhost:41383|client:localhost:44149|dataStream:localhost:34715|priority:0|startupRole:FOLLOWER, s2|rpc:localhost:33579|admin:localhost:36665|client:localhost:36785|dataStream:localhost:46131|priority:0|startupRole:FOLLOWER]|listeners:[], old=null RUNNING
  s2:  RUNNING  FOLLOWER s2@group-D128CC958ABE:t1, leader=s0, voted=s0, raftlog=Memoized:s2@group-D128CC958ABE-SegmentedRaftLog:OPENED:c0, conf=0: peers:[s0|rpc:localhost:43041|admin:localhost:41627|client:localhost:41753|dataStream:localhost:43729|priority:0|startupRole:FOLLOWER, s1|rpc:localhost:46505|admin:localhost:41383|client:localhost:44149|dataStream:localhost:34715|priority:0|startupRole:FOLLOWER, s2|rpc:localhost:33579|admin:localhost:36665|client:localhost:36785|dataStream:localhost:46131|priority:0|startupRole:FOLLOWER]|listeners:[], old=null RUNNING
2022-08-18 03:42:35,934 [pool-9-thread-9] INFO  client.DataStreamClient (ConfUtils.java:logGet(46)) - raft.datastream.type = NETTY (custom)
2022-08-18 03:42:35,934 [pool-9-thread-9] INFO  netty.NettyConfigKeys$DataStream (ConfUtils.java:logGet(46)) - raft.netty.dataStream.client.tls.conf = null (default)
2022-08-18 03:42:35,934 [pool-9-thread-9] INFO  netty.NettyConfigKeys$DataStream (ConfUtils.java:logGet(46)) - raft.netty.dataStream.client.reply.queue.grace-period = 1s (default)
2022-08-18 03:42:35,935 [pool-9-thread-9] INFO  netty.NettyConfigKeys$DataStream (ConfUtils.java:logGet(46)) - raft.netty.dataStream.client.worker-group.share = false (default)
2022-08-18 03:42:35,935 [pool-9-thread-9] INFO  netty.NettyConfigKeys$DataStream (ConfUtils.java:logGet(46)) - raft.netty.dataStream.client.worker-group.size = 4 (default)
2022-08-18 03:42:35,936 [s2-NettyServerStreamRpc-bossGroup--thread1] INFO  logging.LoggingHandler (AbstractInternalLogger.java:log(148)) - [id: 0xc59e66ab, L:/0.0.0.0:46131] READ: [id: 0x853e3dc4, L:/127.0.0.1:46131 - R:/127.0.0.1:58534]
2022-08-18 03:42:35,920 [pool-9-thread-7] INFO  ratis.RaftTestUtil (RaftTestUtil.java:waitForLeader(100)) - printing ALL groups
  s0:  RUNNING    LEADER s0@group-D128CC958ABE:t1, leader=s0, voted=s0, raftlog=Memoized:s0@group-D128CC958ABE-SegmentedRaftLog:OPENED:c0, conf=0: peers:[s0|rpc:localhost:43041|admin:localhost:41627|client:localhost:41753|dataStream:localhost:43729|priority:0|startupRole:FOLLOWER, s1|rpc:localhost:46505|admin:localhost:41383|client:localhost:44149|dataStream:localhost:34715|priority:0|startupRole:FOLLOWER, s2|rpc:localhost:33579|admin:localhost:36665|client:localhost:36785|dataStream:localhost:46131|priority:0|startupRole:FOLLOWER]|listeners:[], old=null RUNNING
  s1:  RUNNING  FOLLOWER s1@group-D128CC958ABE:t1, leader=s0, voted=s0, raftlog=Memoized:s1@group-D128CC958ABE-SegmentedRaftLog:OPENED:c0, conf=0: peers:[s0|rpc:localhost:43041|admin:localhost:41627|client:localhost:41753|dataStream:localhost:43729|priority:0|startupRole:FOLLOWER, s1|rpc:localhost:46505|admin:localhost:41383|client:localhost:44149|dataStream:localhost:34715|priority:0|startupRole:FOLLOWER, s2|rpc:localhost:33579|admin:localhost:36665|client:localhost:36785|dataStream:localhost:46131|priority:0|startupRole:FOLLOWER]|listeners:[], old=null RUNNING
  s2:  RUNNING  FOLLOWER s2@group-D128CC958ABE:t1, leader=s0, voted=s0, raftlog=Memoized:s2@group-D128CC958ABE-SegmentedRaftLog:OPENED:c0, conf=0: peers:[s0|rpc:localhost:43041|admin:localhost:41627|client:localhost:41753|dataStream:localhost:43729|priority:0|startupRole:FOLLOWER, s1|rpc:localhost:46505|admin:localhost:41383|client:localhost:44149|dataStream:localhost:34715|priority:0|startupRole:FOLLOWER, s2|rpc:localhost:33579|admin:localhost:36665|client:localhost:36785|dataStream:localhost:46131|priority:0|startupRole:FOLLOWER]|listeners:[], old=null RUNNING
2022-08-18 03:42:35,920 [pool-9-thread-6] INFO  ratis.RaftTestUtil (RaftTestUtil.java:waitForLeader(100)) - printing ALL groups
  s0:  RUNNING    LEADER s0@group-D128CC958ABE:t1, leader=s0, voted=s0, raftlog=Memoized:s0@group-D128CC958ABE-SegmentedRaftLog:OPENED:c0, conf=0: peers:[s0|rpc:localhost:43041|admin:localhost:41627|client:localhost:41753|dataStream:localhost:43729|priority:0|startupRole:FOLLOWER, s1|rpc:localhost:46505|admin:localhost:41383|client:localhost:44149|dataStream:localhost:34715|priority:0|startupRole:FOLLOWER, s2|rpc:localhost:33579|admin:localhost:36665|client:localhost:36785|dataStream:localhost:46131|priority:0|startupRole:FOLLOWER]|listeners:[], old=null RUNNING
  s1:  RUNNING  FOLLOWER s1@group-D128CC958ABE:t1, leader=s0, voted=s0, raftlog=Memoized:s1@group-D128CC958ABE-SegmentedRaftLog:OPENED:c0, conf=0: peers:[s0|rpc:localhost:43041|admin:localhost:41627|client:localhost:41753|dataStream:localhost:43729|priority:0|startupRole:FOLLOWER, s1|rpc:localhost:46505|admin:localhost:41383|client:localhost:44149|dataStream:localhost:34715|priority:0|startupRole:FOLLOWER, s2|rpc:localhost:33579|admin:localhost:36665|client:localhost:36785|dataStream:localhost:46131|priority:0|startupRole:FOLLOWER]|listeners:[], old=null RUNNING
  s2:  RUNNING  FOLLOWER s2@group-D128CC958ABE:t1, leader=s0, voted=s0, raftlog=Memoized:s2@group-D128CC958ABE-SegmentedRaftLog:OPENED:c0, conf=0: peers:[s0|rpc:localhost:43041|admin:localhost:41627|client:localhost:41753|dataStream:localhost:43729|priority:0|startupRole:FOLLOWER, s1|rpc:localhost:46505|admin:localhost:41383|client:localhost:44149|dataStream:localhost:34715|priority:0|startupRole:FOLLOWER, s2|rpc:localhost:33579|admin:localhost:36665|client:localhost:36785|dataStream:localhost:46131|priority:0|startupRole:FOLLOWER]|listeners:[], old=null RUNNING
2022-08-18 03:42:35,938 [pool-9-thread-7] INFO  ratis.RaftTestUtil (RaftTestUtil.java:waitForLeader(119)) - printing ALL groups
  s0:  RUNNING    LEADER s0@group-D128CC958ABE:t1, leader=s0, voted=s0, raftlog=Memoized:s0@group-D128CC958ABE-SegmentedRaftLog:OPENED:c0, conf=0: peers:[s0|rpc:localhost:43041|admin:localhost:41627|client:localhost:41753|dataStream:localhost:43729|priority:0|startupRole:FOLLOWER, s1|rpc:localhost:46505|admin:localhost:41383|client:localhost:44149|dataStream:localhost:34715|priority:0|startupRole:FOLLOWER, s2|rpc:localhost:33579|admin:localhost:36665|client:localhost:36785|dataStream:localhost:46131|priority:0|startupRole:FOLLOWER]|listeners:[], old=null RUNNING
  s1:  RUNNING  FOLLOWER s1@group-D128CC958ABE:t1, leader=s0, voted=s0, raftlog=Memoized:s1@group-D128CC958ABE-SegmentedRaftLog:OPENED:c0, conf=0: peers:[s0|rpc:localhost:43041|admin:localhost:41627|client:localhost:41753|dataStream:localhost:43729|priority:0|startupRole:FOLLOWER, s1|rpc:localhost:46505|admin:localhost:41383|client:localhost:44149|dataStream:localhost:34715|priority:0|startupRole:FOLLOWER, s2|rpc:localhost:33579|admin:localhost:36665|client:localhost:36785|dataStream:localhost:46131|priority:0|startupRole:FOLLOWER]|listeners:[], old=null RUNNING
  s2:  RUNNING  FOLLOWER s2@group-D128CC958ABE:t1, leader=s0, voted=s0, raftlog=Memoized:s2@group-D128CC958ABE-SegmentedRaftLog:OPENED:c0, conf=0: peers:[s0|rpc:localhost:43041|admin:localhost:41627|client:localhost:41753|dataStream:localhost:43729|priority:0|startupRole:FOLLOWER, s1|rpc:localhost:46505|admin:localhost:41383|client:localhost:44149|dataStream:localhost:34715|priority:0|startupRole:FOLLOWER, s2|rpc:localhost:33579|admin:localhost:36665|client:localhost:36785|dataStream:localhost:46131|priority:0|startupRole:FOLLOWER]|listeners:[], old=null RUNNING
2022-08-18 03:42:35,920 [pool-9-thread-4] INFO  ratis.RaftTestUtil (RaftTestUtil.java:waitForLeader(100)) - printing ALL groups
  s0:  RUNNING    LEADER s0@group-D128CC958ABE:t1, leader=s0, voted=s0, raftlog=Memoized:s0@group-D128CC958ABE-SegmentedRaftLog:OPENED:c0, conf=0: peers:[s0|rpc:localhost:43041|admin:localhost:41627|client:localhost:41753|dataStream:localhost:43729|priority:0|startupRole:FOLLOWER, s1|rpc:localhost:46505|admin:localhost:41383|client:localhost:44149|dataStream:localhost:34715|priority:0|startupRole:FOLLOWER, s2|rpc:localhost:33579|admin:localhost:36665|client:localhost:36785|dataStream:localhost:46131|priority:0|startupRole:FOLLOWER]|listeners:[], old=null RUNNING
  s1:  RUNNING  FOLLOWER s1@group-D128CC958ABE:t1, leader=s0, voted=s0, raftlog=Memoized:s1@group-D128CC958ABE-SegmentedRaftLog:OPENED:c0, conf=0: peers:[s0|rpc:localhost:43041|admin:localhost:41627|client:localhost:41753|dataStream:localhost:43729|priority:0|startupRole:FOLLOWER, s1|rpc:localhost:46505|admin:localhost:41383|client:localhost:44149|dataStream:localhost:34715|priority:0|startupRole:FOLLOWER, s2|rpc:localhost:33579|admin:localhost:36665|client:localhost:36785|dataStream:localhost:46131|priority:0|startupRole:FOLLOWER]|listeners:[], old=null RUNNING
  s2:  RUNNING  FOLLOWER s2@group-D128CC958ABE:t1, leader=s0, voted=s0, raftlog=Memoized:s2@group-D128CC958ABE-SegmentedRaftLog:OPENED:c0, conf=0: peers:[s0|rpc:localhost:43041|admin:localhost:41627|client:localhost:41753|dataStream:localhost:43729|priority:0|startupRole:FOLLOWER, s1|rpc:localhost:46505|admin:localhost:41383|client:localhost:44149|dataStream:localhost:34715|priority:0|startupRole:FOLLOWER, s2|rpc:localhost:33579|admin:localhost:36665|client:localhost:36785|dataStream:localhost:46131|priority:0|startupRole:FOLLOWER]|listeners:[], old=null RUNNING
2022-08-18 03:42:35,940 [pool-9-thread-4] INFO  ratis.RaftTestUtil (RaftTestUtil.java:waitForLeader(119)) - printing ALL groups
  s0:  RUNNING    LEADER s0@group-D128CC958ABE:t1, leader=s0, voted=s0, raftlog=Memoized:s0@group-D128CC958ABE-SegmentedRaftLog:OPENED:c0, conf=0: peers:[s0|rpc:localhost:43041|admin:localhost:41627|client:localhost:41753|dataStream:localhost:43729|priority:0|startupRole:FOLLOWER, s1|rpc:localhost:46505|admin:localhost:41383|client:localhost:44149|dataStream:localhost:34715|priority:0|startupRole:FOLLOWER, s2|rpc:localhost:33579|admin:localhost:36665|client:localhost:36785|dataStream:localhost:46131|priority:0|startupRole:FOLLOWER]|listeners:[], old=null RUNNING
  s1:  RUNNING  FOLLOWER s1@group-D128CC958ABE:t1, leader=s0, voted=s0, raftlog=Memoized:s1@group-D128CC958ABE-SegmentedRaftLog:OPENED:c0, conf=0: peers:[s0|rpc:localhost:43041|admin:localhost:41627|client:localhost:41753|dataStream:localhost:43729|priority:0|startupRole:FOLLOWER, s1|rpc:localhost:46505|admin:localhost:41383|client:localhost:44149|dataStream:localhost:34715|priority:0|startupRole:FOLLOWER, s2|rpc:localhost:33579|admin:localhost:36665|client:localhost:36785|dataStream:localhost:46131|priority:0|startupRole:FOLLOWER]|listeners:[], old=null RUNNING
  s2:  RUNNING  FOLLOWER s2@group-D128CC958ABE:t1, leader=s0, voted=s0, raftlog=Memoized:s2@group-D128CC958ABE-SegmentedRaftLog:OPENED:c0, conf=0: peers:[s0|rpc:localhost:43041|admin:localhost:41627|client:localhost:41753|dataStream:localhost:43729|priority:0|startupRole:FOLLOWER, s1|rpc:localhost:46505|admin:localhost:41383|client:localhost:44149|dataStream:localhost:34715|priority:0|startupRole:FOLLOWER, s2|rpc:localhost:33579|admin:localhost:36665|client:localhost:36785|dataStream:localhost:46131|priority:0|startupRole:FOLLOWER]|listeners:[], old=null RUNNING
2022-08-18 03:42:35,920 [pool-9-thread-5] INFO  server.RaftServerConfigKeys (ConfUtils.java:logGet(46)) - raft.server.rpc.timeout.max = 300ms (default)
2022-08-18 03:42:35,941 [pool-9-thread-5] INFO  ratis.RaftTestUtil (RaftTestUtil.java:waitForLeader(100)) - printing ALL groups
  s0:  RUNNING    LEADER s0@group-D128CC958ABE:t1, leader=s0, voted=s0, raftlog=Memoized:s0@group-D128CC958ABE-SegmentedRaftLog:OPENED:c0, conf=0: peers:[s0|rpc:localhost:43041|admin:localhost:41627|client:localhost:41753|dataStream:localhost:43729|priority:0|startupRole:FOLLOWER, s1|rpc:localhost:46505|admin:localhost:41383|client:localhost:44149|dataStream:localhost:34715|priority:0|startupRole:FOLLOWER, s2|rpc:localhost:33579|admin:localhost:36665|client:localhost:36785|dataStream:localhost:46131|priority:0|startupRole:FOLLOWER]|listeners:[], old=null RUNNING
  s1:  RUNNING  FOLLOWER s1@group-D128CC958ABE:t1, leader=s0, voted=s0, raftlog=Memoized:s1@group-D128CC958ABE-SegmentedRaftLog:OPENED:c0, conf=0: peers:[s0|rpc:localhost:43041|admin:localhost:41627|client:localhost:41753|dataStream:localhost:43729|priority:0|startupRole:FOLLOWER, s1|rpc:localhost:46505|admin:localhost:41383|client:localhost:44149|dataStream:localhost:34715|priority:0|startupRole:FOLLOWER, s2|rpc:localhost:33579|admin:localhost:36665|client:localhost:36785|dataStream:localhost:46131|priority:0|startupRole:FOLLOWER]|listeners:[], old=null RUNNING
  s2:  RUNNING  FOLLOWER s2@group-D128CC958ABE:t1, leader=s0, voted=s0, raftlog=Memoized:s2@group-D128CC958ABE-SegmentedRaftLog:OPENED:c0, conf=0: peers:[s0|rpc:localhost:43041|admin:localhost:41627|client:localhost:41753|dataStream:localhost:43729|priority:0|startupRole:FOLLOWER, s1|rpc:localhost:46505|admin:localhost:41383|client:localhost:44149|dataStream:localhost:34715|priority:0|startupRole:FOLLOWER, s2|rpc:localhost:33579|admin:localhost:36665|client:localhost:36785|dataStream:localhost:46131|priority:0|startupRole:FOLLOWER]|listeners:[], old=null RUNNING
2022-08-18 03:42:35,920 [pool-9-thread-3] INFO  ratis.RaftTestUtil (RaftTestUtil.java:waitForLeader(100)) - printing ALL groups
  s0:  RUNNING    LEADER s0@group-D128CC958ABE:t1, leader=s0, voted=s0, raftlog=Memoized:s0@group-D128CC958ABE-SegmentedRaftLog:OPENED:c0, conf=0: peers:[s0|rpc:localhost:43041|admin:localhost:41627|client:localhost:41753|dataStream:localhost:43729|priority:0|startupRole:FOLLOWER, s1|rpc:localhost:46505|admin:localhost:41383|client:localhost:44149|dataStream:localhost:34715|priority:0|startupRole:FOLLOWER, s2|rpc:localhost:33579|admin:localhost:36665|client:localhost:36785|dataStream:localhost:46131|priority:0|startupRole:FOLLOWER]|listeners:[], old=null RUNNING
  s1:  RUNNING  FOLLOWER s1@group-D128CC958ABE:t1, leader=s0, voted=s0, raftlog=Memoized:s1@group-D128CC958ABE-SegmentedRaftLog:OPENED:c0, conf=0: peers:[s0|rpc:localhost:43041|admin:localhost:41627|client:localhost:41753|dataStream:localhost:43729|priority:0|startupRole:FOLLOWER, s1|rpc:localhost:46505|admin:localhost:41383|client:localhost:44149|dataStream:localhost:34715|priority:0|startupRole:FOLLOWER, s2|rpc:localhost:33579|admin:localhost:36665|client:localhost:36785|dataStream:localhost:46131|priority:0|startupRole:FOLLOWER]|listeners:[], old=null RUNNING
  s2:  RUNNING  FOLLOWER s2@group-D128CC958ABE:t1, leader=s0, voted=s0, raftlog=Memoized:s2@group-D128CC958ABE-SegmentedRaftLog:OPENED:c0, conf=0: peers:[s0|rpc:localhost:43041|admin:localhost:41627|client:localhost:41753|dataStream:localhost:43729|priority:0|startupRole:FOLLOWER, s1|rpc:localhost:46505|admin:localhost:41383|client:localhost:44149|dataStream:localhost:34715|priority:0|startupRole:FOLLOWER, s2|rpc:localhost:33579|admin:localhost:36665|client:localhost:36785|dataStream:localhost:46131|priority:0|startupRole:FOLLOWER]|listeners:[], old=null RUNNING
2022-08-18 03:42:35,939 [pool-9-thread-7] INFO  client.DataStreamClient (ConfUtils.java:logGet(46)) - raft.datastream.type = NETTY (custom)
2022-08-18 03:42:35,938 [pool-9-thread-6] INFO  ratis.RaftTestUtil (RaftTestUtil.java:waitForLeader(119)) - printing ALL groups
  s0:  RUNNING    LEADER s0@group-D128CC958ABE:t1, leader=s0, voted=s0, raftlog=Memoized:s0@group-D128CC958ABE-SegmentedRaftLog:OPENED:c0, conf=0: peers:[s0|rpc:localhost:43041|admin:localhost:41627|client:localhost:41753|dataStream:localhost:43729|priority:0|startupRole:FOLLOWER, s1|rpc:localhost:46505|admin:localhost:41383|client:localhost:44149|dataStream:localhost:34715|priority:0|startupRole:FOLLOWER, s2|rpc:localhost:33579|admin:localhost:36665|client:localhost:36785|dataStream:localhost:46131|priority:0|startupRole:FOLLOWER]|listeners:[], old=null RUNNING
  s1:  RUNNING  FOLLOWER s1@group-D128CC958ABE:t1, leader=s0, voted=s0, raftlog=Memoized:s1@group-D128CC958ABE-SegmentedRaftLog:OPENED:c0, conf=0: peers:[s0|rpc:localhost:43041|admin:localhost:41627|client:localhost:41753|dataStream:localhost:43729|priority:0|startupRole:FOLLOWER, s1|rpc:localhost:46505|admin:localhost:41383|client:localhost:44149|dataStream:localhost:34715|priority:0|startupRole:FOLLOWER, s2|rpc:localhost:33579|admin:localhost:36665|client:localhost:36785|dataStream:localhost:46131|priority:0|startupRole:FOLLOWER]|listeners:[], old=null RUNNING
  s2:  RUNNING  FOLLOWER s2@group-D128CC958ABE:t1, leader=s0, voted=s0, raftlog=Memoized:s2@group-D128CC958ABE-SegmentedRaftLog:OPENED:c0, conf=0: peers:[s0|rpc:localhost:43041|admin:localhost:41627|client:localhost:41753|dataStream:localhost:43729|priority:0|startupRole:FOLLOWER, s1|rpc:localhost:46505|admin:localhost:41383|client:localhost:44149|dataStream:localhost:34715|priority:0|startupRole:FOLLOWER, s2|rpc:localhost:33579|admin:localhost:36665|client:localhost:36785|dataStream:localhost:46131|priority:0|startupRole:FOLLOWER]|listeners:[], old=null RUNNING
2022-08-18 03:42:35,948 [pool-9-thread-3] INFO  ratis.RaftTestUtil (RaftTestUtil.java:waitForLeader(119)) - printing ALL groups
  s0:  RUNNING    LEADER s0@group-D128CC958ABE:t1, leader=s0, voted=s0, raftlog=Memoized:s0@group-D128CC958ABE-SegmentedRaftLog:OPENED:c0, conf=0: peers:[s0|rpc:localhost:43041|admin:localhost:41627|client:localhost:41753|dataStream:localhost:43729|priority:0|startupRole:FOLLOWER, s1|rpc:localhost:46505|admin:localhost:41383|client:localhost:44149|dataStream:localhost:34715|priority:0|startupRole:FOLLOWER, s2|rpc:localhost:33579|admin:localhost:36665|client:localhost:36785|dataStream:localhost:46131|priority:0|startupRole:FOLLOWER]|listeners:[], old=null RUNNING
  s1:  RUNNING  FOLLOWER s1@group-D128CC958ABE:t1, leader=s0, voted=s0, raftlog=Memoized:s1@group-D128CC958ABE-SegmentedRaftLog:OPENED:c0, conf=0: peers:[s0|rpc:localhost:43041|admin:localhost:41627|client:localhost:41753|dataStream:localhost:43729|priority:0|startupRole:FOLLOWER, s1|rpc:localhost:46505|admin:localhost:41383|client:localhost:44149|dataStream:localhost:34715|priority:0|startupRole:FOLLOWER, s2|rpc:localhost:33579|admin:localhost:36665|client:localhost:36785|dataStream:localhost:46131|priority:0|startupRole:FOLLOWER]|listeners:[], old=null RUNNING
  s2:  RUNNING  FOLLOWER s2@group-D128CC958ABE:t1, leader=s0, voted=s0, raftlog=Memoized:s2@group-D128CC958ABE-SegmentedRaftLog:OPENED:c0, conf=0: peers:[s0|rpc:localhost:43041|admin:localhost:41627|client:localhost:41753|dataStream:localhost:43729|priority:0|startupRole:FOLLOWER, s1|rpc:localhost:46505|admin:localhost:41383|client:localhost:44149|dataStream:localhost:34715|priority:0|startupRole:FOLLOWER, s2|rpc:localhost:33579|admin:localhost:36665|client:localhost:36785|dataStream:localhost:46131|priority:0|startupRole:FOLLOWER]|listeners:[], old=null RUNNING
2022-08-18 03:42:35,948 [pool-9-thread-3] INFO  client.DataStreamClient (ConfUtils.java:logGet(46)) - raft.datastream.type = NETTY (custom)
2022-08-18 03:42:35,948 [pool-9-thread-3] INFO  netty.NettyConfigKeys$DataStream (ConfUtils.java:logGet(46)) - raft.netty.dataStream.client.tls.conf = null (default)
2022-08-18 03:42:35,948 [pool-9-thread-3] INFO  netty.NettyConfigKeys$DataStream (ConfUtils.java:logGet(46)) - raft.netty.dataStream.client.reply.queue.grace-period = 1s (default)
2022-08-18 03:42:35,948 [pool-9-thread-3] INFO  netty.NettyConfigKeys$DataStream (ConfUtils.java:logGet(46)) - raft.netty.dataStream.client.worker-group.share = false (default)
2022-08-18 03:42:35,949 [pool-9-thread-3] INFO  netty.NettyConfigKeys$DataStream (ConfUtils.java:logGet(46)) - raft.netty.dataStream.client.worker-group.size = 4 (default)
2022-08-18 03:42:35,947 [s1-NettyServerStreamRpc-bossGroup--thread1] INFO  logging.LoggingHandler (AbstractInternalLogger.java:log(148)) - [id: 0xb5cce013, L:/0.0.0.0:34715] READ: [id: 0xa94ab588, L:/127.0.0.1:34715 - R:/127.0.0.1:34180]
2022-08-18 03:42:35,947 [s2-NettyServerStreamRpc-bossGroup--thread1] INFO  logging.LoggingHandler (AbstractInternalLogger.java:log(148)) - [id: 0xc59e66ab, L:/0.0.0.0:46131] READ COMPLETE
2022-08-18 03:42:35,947 [pool-9-thread-15] INFO  datastream.DataStreamTestUtils (DataStreamTestUtils.java:writeAndCloseAndAssertReplies(311)) - start Stream382
2022-08-18 03:42:35,952 [s2-NettyServerStreamRpc-workerGroup--thread1] INFO  client.DataStreamClient (ConfUtils.java:logGet(46)) - raft.datastream.type = NETTY (custom)
2022-08-18 03:42:35,952 [s2-NettyServerStreamRpc-workerGroup--thread1] INFO  netty.NettyConfigKeys$DataStream (ConfUtils.java:logGet(46)) - raft.netty.dataStream.client.tls.conf = null (default)
2022-08-18 03:42:35,952 [s2-NettyServerStreamRpc-workerGroup--thread1] INFO  netty.NettyConfigKeys$DataStream (ConfUtils.java:logGet(46)) - raft.netty.dataStream.client.reply.queue.grace-period = 1s (default)
2022-08-18 03:42:35,953 [s2-NettyServerStreamRpc-workerGroup--thread1] INFO  netty.NettyConfigKeys$DataStream (ConfUtils.java:logGet(46)) - raft.netty.dataStream.client.worker-group.share = false (default)
2022-08-18 03:42:35,953 [s2-NettyServerStreamRpc-workerGroup--thread1] INFO  netty.NettyConfigKeys$DataStream (ConfUtils.java:logGet(46)) - raft.netty.dataStream.client.worker-group.size = 4 (default)
2022-08-18 03:42:35,947 [pool-9-thread-11] INFO  datastream.DataStreamTestUtils (DataStreamTestUtils.java:writeAndCloseAndAssertReplies(311)) - start Stream378
2022-08-18 03:42:35,947 [pool-9-thread-14] INFO  datastream.DataStreamTestUtils (DataStreamTestUtils.java:writeAndCloseAndAssertReplies(311)) - start Stream381
2022-08-18 03:42:35,943 [pool-9-thread-13] INFO  datastream.DataStreamTestUtils (DataStreamTestUtils.java:writeAndCloseAndAssertReplies(311)) - start Stream380
2022-08-18 03:42:35,943 [pool-9-thread-4] INFO  client.DataStreamClient (ConfUtils.java:logGet(46)) - raft.datastream.type = NETTY (custom)
2022-08-18 03:42:35,958 [pool-9-thread-4] INFO  netty.NettyConfigKeys$DataStream (ConfUtils.java:logGet(46)) - raft.netty.dataStream.client.tls.conf = null (default)
2022-08-18 03:42:35,958 [pool-9-thread-4] INFO  netty.NettyConfigKeys$DataStream (ConfUtils.java:logGet(46)) - raft.netty.dataStream.client.reply.queue.grace-period = 1s (default)
2022-08-18 03:42:35,958 [pool-9-thread-4] INFO  netty.NettyConfigKeys$DataStream (ConfUtils.java:logGet(46)) - raft.netty.dataStream.client.worker-group.share = false (default)
2022-08-18 03:42:35,958 [pool-9-thread-4] INFO  netty.NettyConfigKeys$DataStream (ConfUtils.java:logGet(46)) - raft.netty.dataStream.client.worker-group.size = 4 (default)
2022-08-18 03:42:35,943 [pool-9-thread-5] INFO  ratis.RaftTestUtil (RaftTestUtil.java:waitForLeader(119)) - printing ALL groups
  s0:  RUNNING    LEADER s0@group-D128CC958ABE:t1, leader=s0, voted=s0, raftlog=Memoized:s0@group-D128CC958ABE-SegmentedRaftLog:OPENED:c0, conf=0: peers:[s0|rpc:localhost:43041|admin:localhost:41627|client:localhost:41753|dataStream:localhost:43729|priority:0|startupRole:FOLLOWER, s1|rpc:localhost:46505|admin:localhost:41383|client:localhost:44149|dataStream:localhost:34715|priority:0|startupRole:FOLLOWER, s2|rpc:localhost:33579|admin:localhost:36665|client:localhost:36785|dataStream:localhost:46131|priority:0|startupRole:FOLLOWER]|listeners:[], old=null RUNNING
  s1:  RUNNING  FOLLOWER s1@group-D128CC958ABE:t1, leader=s0, voted=s0, raftlog=Memoized:s1@group-D128CC958ABE-SegmentedRaftLog:OPENED:c0, conf=0: peers:[s0|rpc:localhost:43041|admin:localhost:41627|client:localhost:41753|dataStream:localhost:43729|priority:0|startupRole:FOLLOWER, s1|rpc:localhost:46505|admin:localhost:41383|client:localhost:44149|dataStream:localhost:34715|priority:0|startupRole:FOLLOWER, s2|rpc:localhost:33579|admin:localhost:36665|client:localhost:36785|dataStream:localhost:46131|priority:0|startupRole:FOLLOWER]|listeners:[], old=null RUNNING
  s2:  RUNNING  FOLLOWER s2@group-D128CC958ABE:t1, leader=s0, voted=s0, raftlog=Memoized:s2@group-D128CC958ABE-SegmentedRaftLog:OPENED:c0, conf=0: peers:[s0|rpc:localhost:43041|admin:localhost:41627|client:localhost:41753|dataStream:localhost:43729|priority:0|startupRole:FOLLOWER, s1|rpc:localhost:46505|admin:localhost:41383|client:localhost:44149|dataStream:localhost:34715|priority:0|startupRole:FOLLOWER, s2|rpc:localhost:33579|admin:localhost:36665|client:localhost:36785|dataStream:localhost:46131|priority:0|startupRole:FOLLOWER]|listeners:[], old=null RUNNING
2022-08-18 03:42:35,959 [pool-9-thread-5] INFO  client.DataStreamClient (ConfUtils.java:logGet(46)) - raft.datastream.type = NETTY (custom)
2022-08-18 03:42:35,959 [pool-9-thread-5] INFO  netty.NettyConfigKeys$DataStream (ConfUtils.java:logGet(46)) - raft.netty.dataStream.client.tls.conf = null (default)
2022-08-18 03:42:35,959 [pool-9-thread-5] INFO  netty.NettyConfigKeys$DataStream (ConfUtils.java:logGet(46)) - raft.netty.dataStream.client.reply.queue.grace-period = 1s (default)
2022-08-18 03:42:35,959 [pool-9-thread-5] INFO  netty.NettyConfigKeys$DataStream (ConfUtils.java:logGet(46)) - raft.netty.dataStream.client.worker-group.share = false (default)
2022-08-18 03:42:35,959 [pool-9-thread-5] INFO  netty.NettyConfigKeys$DataStream (ConfUtils.java:logGet(46)) - raft.netty.dataStream.client.worker-group.size = 4 (default)
2022-08-18 03:42:35,942 [pool-9-thread-12] INFO  datastream.DataStreamTestUtils (DataStreamTestUtils.java:writeAndCloseAndAssertReplies(311)) - start Stream379
2022-08-18 03:42:35,942 [pool-9-thread-7] INFO  netty.NettyConfigKeys$DataStream (ConfUtils.java:logGet(46)) - raft.netty.dataStream.client.tls.conf = null (default)
2022-08-18 03:42:35,942 [pool-9-thread-10] INFO  datastream.DataStreamTestUtils (DataStreamTestUtils.java:writeAndCloseAndAssertReplies(311)) - start Stream376
2022-08-18 03:42:35,968 [pool-9-thread-7] INFO  netty.NettyConfigKeys$DataStream (ConfUtils.java:logGet(46)) - raft.netty.dataStream.client.reply.queue.grace-period = 1s (default)
2022-08-18 03:42:35,969 [pool-9-thread-7] INFO  netty.NettyConfigKeys$DataStream (ConfUtils.java:logGet(46)) - raft.netty.dataStream.client.worker-group.share = false (default)
2022-08-18 03:42:35,969 [pool-9-thread-7] INFO  netty.NettyConfigKeys$DataStream (ConfUtils.java:logGet(46)) - raft.netty.dataStream.client.worker-group.size = 4 (default)
2022-08-18 03:42:35,962 [s1-NettyServerStreamRpc-workerGroup--thread1] INFO  client.DataStreamClient (ConfUtils.java:logGet(46)) - raft.datastream.type = NETTY (custom)
2022-08-18 03:42:35,952 [s1-NettyServerStreamRpc-bossGroup--thread1] INFO  logging.LoggingHandler (AbstractInternalLogger.java:log(148)) - [id: 0xb5cce013, L:/0.0.0.0:34715] READ COMPLETE
2022-08-18 03:42:35,948 [pool-9-thread-6] INFO  client.DataStreamClient (ConfUtils.java:logGet(46)) - raft.datastream.type = NETTY (custom)
2022-08-18 03:42:35,969 [pool-9-thread-6] INFO  netty.NettyConfigKeys$DataStream (ConfUtils.java:logGet(46)) - raft.netty.dataStream.client.tls.conf = null (default)
2022-08-18 03:42:35,970 [pool-9-thread-6] INFO  netty.NettyConfigKeys$DataStream (ConfUtils.java:logGet(46)) - raft.netty.dataStream.client.reply.queue.grace-period = 1s (default)
2022-08-18 03:42:35,970 [pool-9-thread-6] INFO  netty.NettyConfigKeys$DataStream (ConfUtils.java:logGet(46)) - raft.netty.dataStream.client.worker-group.share = false (default)
2022-08-18 03:42:35,970 [pool-9-thread-6] INFO  netty.NettyConfigKeys$DataStream (ConfUtils.java:logGet(46)) - raft.netty.dataStream.client.worker-group.size = 4 (default)
2022-08-18 03:42:35,971 [s2-NettyServerStreamRpc-bossGroup--thread1] INFO  logging.LoggingHandler (AbstractInternalLogger.java:log(148)) - [id: 0xc59e66ab, L:/0.0.0.0:46131] READ: [id: 0x17d63272, L:/127.0.0.1:46131 - R:/127.0.0.1:58538]
2022-08-18 03:42:35,972 [s1-NettyServerStreamRpc-workerGroup--thread1] INFO  netty.NettyConfigKeys$DataStream (ConfUtils.java:logGet(46)) - raft.netty.dataStream.client.tls.conf = null (default)
2022-08-18 03:42:35,972 [s1-NettyServerStreamRpc-workerGroup--thread1] INFO  netty.NettyConfigKeys$DataStream (ConfUtils.java:logGet(46)) - raft.netty.dataStream.client.reply.queue.grace-period = 1s (default)
2022-08-18 03:42:35,972 [s1-NettyServerStreamRpc-workerGroup--thread1] INFO  netty.NettyConfigKeys$DataStream (ConfUtils.java:logGet(46)) - raft.netty.dataStream.client.worker-group.share = false (default)
2022-08-18 03:42:35,972 [s1-NettyServerStreamRpc-workerGroup--thread1] INFO  netty.NettyConfigKeys$DataStream (ConfUtils.java:logGet(46)) - raft.netty.dataStream.client.worker-group.size = 4 (default)
2022-08-18 03:42:35,975 [s1-NettyServerStreamRpc-bossGroup--thread1] INFO  logging.LoggingHandler (AbstractInternalLogger.java:log(148)) - [id: 0xb5cce013, L:/0.0.0.0:34715] READ: [id: 0x50c2f819, L:/127.0.0.1:34715 - R:/127.0.0.1:34184]
2022-08-18 03:42:35,978 [s2-NettyServerStreamRpc-bossGroup--thread1] INFO  logging.LoggingHandler (AbstractInternalLogger.java:log(148)) - [id: 0xc59e66ab, L:/0.0.0.0:46131] READ COMPLETE
2022-08-18 03:42:35,980 [s2-NettyServerStreamRpc-workerGroup--thread2] INFO  client.DataStreamClient (ConfUtils.java:logGet(46)) - raft.datastream.type = NETTY (custom)
2022-08-18 03:42:35,980 [pool-9-thread-16] INFO  datastream.DataStreamTestUtils (DataStreamTestUtils.java:writeAndCloseAndAssertReplies(311)) - start Stream383
2022-08-18 03:42:35,982 [s2-NettyServerStreamRpc-workerGroup--thread2] INFO  netty.NettyConfigKeys$DataStream (ConfUtils.java:logGet(46)) - raft.netty.dataStream.client.tls.conf = null (default)
2022-08-18 03:42:35,982 [s2-NettyServerStreamRpc-workerGroup--thread2] INFO  netty.NettyConfigKeys$DataStream (ConfUtils.java:logGet(46)) - raft.netty.dataStream.client.reply.queue.grace-period = 1s (default)
2022-08-18 03:42:35,983 [s2-NettyServerStreamRpc-workerGroup--thread2] INFO  netty.NettyConfigKeys$DataStream (ConfUtils.java:logGet(46)) - raft.netty.dataStream.client.worker-group.share = false (default)
2022-08-18 03:42:35,983 [s2-NettyServerStreamRpc-workerGroup--thread2] INFO  netty.NettyConfigKeys$DataStream (ConfUtils.java:logGet(46)) - raft.netty.dataStream.client.worker-group.size = 4 (default)
2022-08-18 03:42:35,989 [s2-NettyServerStreamRpc-workerGroup--thread1] INFO  client.DataStreamClient (ConfUtils.java:logGet(46)) - raft.datastream.type = NETTY (custom)
2022-08-18 03:42:35,989 [s2-NettyServerStreamRpc-workerGroup--thread1] INFO  netty.NettyConfigKeys$DataStream (ConfUtils.java:logGet(46)) - raft.netty.dataStream.client.tls.conf = null (default)
2022-08-18 03:42:35,989 [s0-NettyServerStreamRpc-bossGroup--thread1] INFO  logging.LoggingHandler (AbstractInternalLogger.java:log(148)) - [id: 0xe9450701, L:/0.0.0.0:43729] READ: [id: 0xb288a858, L:/127.0.0.1:43729 - R:/127.0.0.1:50338]
2022-08-18 03:42:35,989 [s2-NettyServerStreamRpc-workerGroup--thread1] INFO  netty.NettyConfigKeys$DataStream (ConfUtils.java:logGet(46)) - raft.netty.dataStream.client.reply.queue.grace-period = 1s (default)
2022-08-18 03:42:35,989 [s2-NettyServerStreamRpc-workerGroup--thread1] INFO  netty.NettyConfigKeys$DataStream (ConfUtils.java:logGet(46)) - raft.netty.dataStream.client.worker-group.share = false (default)
2022-08-18 03:42:35,989 [s2-NettyServerStreamRpc-workerGroup--thread1] INFO  netty.NettyConfigKeys$DataStream (ConfUtils.java:logGet(46)) - raft.netty.dataStream.client.worker-group.size = 4 (default)
2022-08-18 03:42:35,999 [s2-NettyServerStreamRpc-bossGroup--thread1] INFO  logging.LoggingHandler (AbstractInternalLogger.java:log(148)) - [id: 0xc59e66ab, L:/0.0.0.0:46131] READ: [id: 0xdb75a300, L:/127.0.0.1:46131 - R:/127.0.0.1:58544]
2022-08-18 03:42:36,007 [s2-NettyServerStreamRpc-bossGroup--thread1] INFO  logging.LoggingHandler (AbstractInternalLogger.java:log(148)) - [id: 0xc59e66ab, L:/0.0.0.0:46131] READ COMPLETE
2022-08-18 03:42:36,007 [s2-NettyServerStreamRpc-bossGroup--thread1] INFO  logging.LoggingHandler (AbstractInternalLogger.java:log(148)) - [id: 0xc59e66ab, L:/0.0.0.0:46131] READ: [id: 0xfb236946, L:/127.0.0.1:46131 - R:/127.0.0.1:58546]
2022-08-18 03:42:36,008 [s2-NettyServerStreamRpc-workerGroup--thread3] INFO  client.DataStreamClient (ConfUtils.java:logGet(46)) - raft.datastream.type = NETTY (custom)
2022-08-18 03:42:36,008 [s2-NettyServerStreamRpc-workerGroup--thread3] INFO  netty.NettyConfigKeys$DataStream (ConfUtils.java:logGet(46)) - raft.netty.dataStream.client.tls.conf = null (default)
2022-08-18 03:42:36,008 [s2-NettyServerStreamRpc-workerGroup--thread3] INFO  netty.NettyConfigKeys$DataStream (ConfUtils.java:logGet(46)) - raft.netty.dataStream.client.reply.queue.grace-period = 1s (default)
2022-08-18 03:42:36,008 [s2-NettyServerStreamRpc-workerGroup--thread3] INFO  netty.NettyConfigKeys$DataStream (ConfUtils.java:logGet(46)) - raft.netty.dataStream.client.worker-group.share = false (default)
2022-08-18 03:42:36,008 [s2-NettyServerStreamRpc-workerGroup--thread3] INFO  netty.NettyConfigKeys$DataStream (ConfUtils.java:logGet(46)) - raft.netty.dataStream.client.worker-group.size = 4 (default)
2022-08-18 03:42:36,010 [s2-NettyServerStreamRpc-bossGroup--thread1] INFO  logging.LoggingHandler (AbstractInternalLogger.java:log(148)) - [id: 0xc59e66ab, L:/0.0.0.0:46131] READ COMPLETE
2022-08-18 03:42:36,011 [s0-NettyServerStreamRpc-bossGroup--thread1] INFO  logging.LoggingHandler (AbstractInternalLogger.java:log(148)) - [id: 0xe9450701, L:/0.0.0.0:43729] READ COMPLETE
2022-08-18 03:42:36,015 [s0-NettyServerStreamRpc-bossGroup--thread1] INFO  logging.LoggingHandler (AbstractInternalLogger.java:log(148)) - [id: 0xe9450701, L:/0.0.0.0:43729] READ: [id: 0x0d0f16f1, L:/127.0.0.1:43729 - R:/127.0.0.1:50346]
2022-08-18 03:42:36,017 [s2-NettyServerStreamRpc-workerGroup--thread2] INFO  client.DataStreamClient (ConfUtils.java:logGet(46)) - raft.datastream.type = NETTY (custom)
2022-08-18 03:42:36,017 [s2-NettyServerStreamRpc-workerGroup--thread2] INFO  netty.NettyConfigKeys$DataStream (ConfUtils.java:logGet(46)) - raft.netty.dataStream.client.tls.conf = null (default)
2022-08-18 03:42:36,017 [s1-NettyServerStreamRpc-bossGroup--thread1] INFO  logging.LoggingHandler (AbstractInternalLogger.java:log(148)) - [id: 0xb5cce013, L:/0.0.0.0:34715] READ COMPLETE
2022-08-18 03:42:36,017 [s2-NettyServerStreamRpc-workerGroup--thread2] INFO  netty.NettyConfigKeys$DataStream (ConfUtils.java:logGet(46)) - raft.netty.dataStream.client.reply.queue.grace-period = 1s (default)
2022-08-18 03:42:36,017 [s2-NettyServerStreamRpc-workerGroup--thread2] INFO  netty.NettyConfigKeys$DataStream (ConfUtils.java:logGet(46)) - raft.netty.dataStream.client.worker-group.share = false (default)
2022-08-18 03:42:36,017 [s1-NettyServerStreamRpc-bossGroup--thread1] INFO  logging.LoggingHandler (AbstractInternalLogger.java:log(148)) - [id: 0xb5cce013, L:/0.0.0.0:34715] READ: [id: 0x94738beb, L:/127.0.0.1:34715 - R:/127.0.0.1:34192]
2022-08-18 03:42:36,017 [s2-NettyServerStreamRpc-workerGroup--thread2] INFO  netty.NettyConfigKeys$DataStream (ConfUtils.java:logGet(46)) - raft.netty.dataStream.client.worker-group.size = 4 (default)
2022-08-18 03:42:36,018 [s1-NettyServerStreamRpc-workerGroup--thread2] INFO  client.DataStreamClient (ConfUtils.java:logGet(46)) - raft.datastream.type = NETTY (custom)
2022-08-18 03:42:36,018 [s1-NettyServerStreamRpc-workerGroup--thread2] INFO  netty.NettyConfigKeys$DataStream (ConfUtils.java:logGet(46)) - raft.netty.dataStream.client.tls.conf = null (default)
2022-08-18 03:42:36,018 [s1-NettyServerStreamRpc-workerGroup--thread2] INFO  netty.NettyConfigKeys$DataStream (ConfUtils.java:logGet(46)) - raft.netty.dataStream.client.reply.queue.grace-period = 1s (default)
2022-08-18 03:42:36,019 [s1-NettyServerStreamRpc-workerGroup--thread2] INFO  netty.NettyConfigKeys$DataStream (ConfUtils.java:logGet(46)) - raft.netty.dataStream.client.worker-group.share = false (default)
2022-08-18 03:42:36,019 [s1-NettyServerStreamRpc-workerGroup--thread2] INFO  netty.NettyConfigKeys$DataStream (ConfUtils.java:logGet(46)) - raft.netty.dataStream.client.worker-group.size = 4 (default)
2022-08-18 03:42:36,021 [s1-NettyServerStreamRpc-workerGroup--thread1] INFO  client.DataStreamClient (ConfUtils.java:logGet(46)) - raft.datastream.type = NETTY (custom)
2022-08-18 03:42:36,021 [s1-NettyServerStreamRpc-workerGroup--thread1] INFO  netty.NettyConfigKeys$DataStream (ConfUtils.java:logGet(46)) - raft.netty.dataStream.client.tls.conf = null (default)
2022-08-18 03:42:36,022 [s1-NettyServerStreamRpc-workerGroup--thread1] INFO  netty.NettyConfigKeys$DataStream (ConfUtils.java:logGet(46)) - raft.netty.dataStream.client.reply.queue.grace-period = 1s (default)
2022-08-18 03:42:36,022 [s1-NettyServerStreamRpc-workerGroup--thread1] INFO  netty.NettyConfigKeys$DataStream (ConfUtils.java:logGet(46)) - raft.netty.dataStream.client.worker-group.share = false (default)
2022-08-18 03:42:36,022 [s1-NettyServerStreamRpc-workerGroup--thread1] INFO  netty.NettyConfigKeys$DataStream (ConfUtils.java:logGet(46)) - raft.netty.dataStream.client.worker-group.size = 4 (default)
2022-08-18 03:42:36,035 [s1-NettyServerStreamRpc-bossGroup--thread1] INFO  logging.LoggingHandler (AbstractInternalLogger.java:log(148)) - [id: 0xb5cce013, L:/0.0.0.0:34715] READ COMPLETE
2022-08-18 03:42:36,035 [s1-NettyServerStreamRpc-bossGroup--thread1] INFO  logging.LoggingHandler (AbstractInternalLogger.java:log(148)) - [id: 0xb5cce013, L:/0.0.0.0:34715] READ: [id: 0x52e4e758, L:/127.0.0.1:34715 - R:/127.0.0.1:34198]
2022-08-18 03:42:36,037 [s1-NettyServerStreamRpc-bossGroup--thread1] INFO  logging.LoggingHandler (AbstractInternalLogger.java:log(148)) - [id: 0xb5cce013, L:/0.0.0.0:34715] READ: [id: 0x30b5b421, L:/127.0.0.1:34715 - R:/127.0.0.1:34200]
2022-08-18 03:42:36,037 [s1-NettyServerStreamRpc-bossGroup--thread1] INFO  logging.LoggingHandler (AbstractInternalLogger.java:log(148)) - [id: 0xb5cce013, L:/0.0.0.0:34715] READ COMPLETE
2022-08-18 03:42:36,038 [s1-NettyServerStreamRpc-workerGroup--thread4] INFO  client.DataStreamClient (ConfUtils.java:logGet(46)) - raft.datastream.type = NETTY (custom)
2022-08-18 03:42:36,038 [s1-NettyServerStreamRpc-workerGroup--thread4] INFO  netty.NettyConfigKeys$DataStream (ConfUtils.java:logGet(46)) - raft.netty.dataStream.client.tls.conf = null (default)
2022-08-18 03:42:36,038 [s1-NettyServerStreamRpc-workerGroup--thread4] INFO  netty.NettyConfigKeys$DataStream (ConfUtils.java:logGet(46)) - raft.netty.dataStream.client.reply.queue.grace-period = 1s (default)
2022-08-18 03:42:36,038 [s1-NettyServerStreamRpc-workerGroup--thread4] INFO  netty.NettyConfigKeys$DataStream (ConfUtils.java:logGet(46)) - raft.netty.dataStream.client.worker-group.share = false (default)
2022-08-18 03:42:36,038 [s1-NettyServerStreamRpc-workerGroup--thread4] INFO  netty.NettyConfigKeys$DataStream (ConfUtils.java:logGet(46)) - raft.netty.dataStream.client.worker-group.size = 4 (default)
2022-08-18 03:42:36,043 [s0-NettyServerStreamRpc-bossGroup--thread1] INFO  logging.LoggingHandler (AbstractInternalLogger.java:log(148)) - [id: 0xe9450701, L:/0.0.0.0:43729] READ COMPLETE
2022-08-18 03:42:36,043 [s0-NettyServerStreamRpc-bossGroup--thread1] INFO  logging.LoggingHandler (AbstractInternalLogger.java:log(148)) - [id: 0xe9450701, L:/0.0.0.0:43729] READ: [id: 0xff3801ca, L:/127.0.0.1:43729 - R:/127.0.0.1:50348]
2022-08-18 03:42:36,060 [s2-NettyServerStreamRpc-workerGroup--thread4] INFO  client.DataStreamClient (ConfUtils.java:logGet(46)) - raft.datastream.type = NETTY (custom)
2022-08-18 03:42:36,060 [s2-NettyServerStreamRpc-workerGroup--thread4] INFO  netty.NettyConfigKeys$DataStream (ConfUtils.java:logGet(46)) - raft.netty.dataStream.client.tls.conf = null (default)
2022-08-18 03:42:36,060 [s2-NettyServerStreamRpc-workerGroup--thread4] INFO  netty.NettyConfigKeys$DataStream (ConfUtils.java:logGet(46)) - raft.netty.dataStream.client.reply.queue.grace-period = 1s (default)
2022-08-18 03:42:36,061 [s2-NettyServerStreamRpc-workerGroup--thread3] INFO  client.DataStreamClient (ConfUtils.java:logGet(46)) - raft.datastream.type = NETTY (custom)
2022-08-18 03:42:36,061 [s2-NettyServerStreamRpc-workerGroup--thread3] INFO  netty.NettyConfigKeys$DataStream (ConfUtils.java:logGet(46)) - raft.netty.dataStream.client.tls.conf = null (default)
2022-08-18 03:42:36,061 [s2-NettyServerStreamRpc-workerGroup--thread3] INFO  netty.NettyConfigKeys$DataStream (ConfUtils.java:logGet(46)) - raft.netty.dataStream.client.reply.queue.grace-period = 1s (default)
2022-08-18 03:42:36,061 [s2-NettyServerStreamRpc-workerGroup--thread4] INFO  netty.NettyConfigKeys$DataStream (ConfUtils.java:logGet(46)) - raft.netty.dataStream.client.worker-group.share = false (default)
2022-08-18 03:42:36,061 [s2-NettyServerStreamRpc-workerGroup--thread4] INFO  netty.NettyConfigKeys$DataStream (ConfUtils.java:logGet(46)) - raft.netty.dataStream.client.worker-group.size = 4 (default)
2022-08-18 03:42:36,061 [s2-NettyServerStreamRpc-workerGroup--thread3] INFO  netty.NettyConfigKeys$DataStream (ConfUtils.java:logGet(46)) - raft.netty.dataStream.client.worker-group.share = false (default)
2022-08-18 03:42:36,062 [s2-NettyServerStreamRpc-workerGroup--thread3] INFO  netty.NettyConfigKeys$DataStream (ConfUtils.java:logGet(46)) - raft.netty.dataStream.client.worker-group.size = 4 (default)
2022-08-18 03:42:36,063 [s2-NettyServerStreamRpc-workerGroup--thread4] INFO  client.DataStreamClient (ConfUtils.java:logGet(46)) - raft.datastream.type = NETTY (custom)
2022-08-18 03:42:36,063 [s2-NettyServerStreamRpc-workerGroup--thread4] INFO  netty.NettyConfigKeys$DataStream (ConfUtils.java:logGet(46)) - raft.netty.dataStream.client.tls.conf = null (default)
2022-08-18 03:42:36,063 [s2-NettyServerStreamRpc-workerGroup--thread4] INFO  netty.NettyConfigKeys$DataStream (ConfUtils.java:logGet(46)) - raft.netty.dataStream.client.reply.queue.grace-period = 1s (default)
2022-08-18 03:42:36,063 [s2-NettyServerStreamRpc-workerGroup--thread4] INFO  netty.NettyConfigKeys$DataStream (ConfUtils.java:logGet(46)) - raft.netty.dataStream.client.worker-group.share = false (default)
2022-08-18 03:42:36,063 [s2-NettyServerStreamRpc-workerGroup--thread4] INFO  netty.NettyConfigKeys$DataStream (ConfUtils.java:logGet(46)) - raft.netty.dataStream.client.worker-group.size = 4 (default)
2022-08-18 03:42:36,068 [s1-NettyServerStreamRpc-bossGroup--thread1] INFO  logging.LoggingHandler (AbstractInternalLogger.java:log(148)) - [id: 0xb5cce013, L:/0.0.0.0:34715] READ: [id: 0xae70ed76, L:/127.0.0.1:34715 - R:/127.0.0.1:34206]
2022-08-18 03:42:36,068 [s1-NettyServerStreamRpc-bossGroup--thread1] INFO  logging.LoggingHandler (AbstractInternalLogger.java:log(148)) - [id: 0xb5cce013, L:/0.0.0.0:34715] READ COMPLETE
2022-08-18 03:42:36,078 [s0-NettyServerStreamRpc-bossGroup--thread1] INFO  logging.LoggingHandler (AbstractInternalLogger.java:log(148)) - [id: 0xe9450701, L:/0.0.0.0:43729] READ COMPLETE
2022-08-18 03:42:36,078 [s0-NettyServerStreamRpc-bossGroup--thread1] INFO  logging.LoggingHandler (AbstractInternalLogger.java:log(148)) - [id: 0xe9450701, L:/0.0.0.0:43729] READ: [id: 0x19399c93, L:/127.0.0.1:43729 - R:/127.0.0.1:50354]
2022-08-18 03:42:36,081 [s2-NettyServerStreamRpc-workerGroup--thread2] INFO  client.DataStreamClient (ConfUtils.java:logGet(46)) - raft.datastream.type = NETTY (custom)
2022-08-18 03:42:36,081 [s2-NettyServerStreamRpc-workerGroup--thread2] INFO  netty.NettyConfigKeys$DataStream (ConfUtils.java:logGet(46)) - raft.netty.dataStream.client.tls.conf = null (default)
2022-08-18 03:42:36,081 [s2-NettyServerStreamRpc-workerGroup--thread2] INFO  netty.NettyConfigKeys$DataStream (ConfUtils.java:logGet(46)) - raft.netty.dataStream.client.reply.queue.grace-period = 1s (default)
2022-08-18 03:42:36,081 [s2-NettyServerStreamRpc-workerGroup--thread2] INFO  netty.NettyConfigKeys$DataStream (ConfUtils.java:logGet(46)) - raft.netty.dataStream.client.worker-group.share = false (default)
2022-08-18 03:42:36,081 [s2-NettyServerStreamRpc-workerGroup--thread2] INFO  netty.NettyConfigKeys$DataStream (ConfUtils.java:logGet(46)) - raft.netty.dataStream.client.worker-group.size = 4 (default)
2022-08-18 03:42:36,081 [s1-NettyServerStreamRpc-workerGroup--thread4] INFO  client.DataStreamClient (ConfUtils.java:logGet(46)) - raft.datastream.type = NETTY (custom)
2022-08-18 03:42:36,081 [s1-NettyServerStreamRpc-workerGroup--thread4] INFO  netty.NettyConfigKeys$DataStream (ConfUtils.java:logGet(46)) - raft.netty.dataStream.client.tls.conf = null (default)
2022-08-18 03:42:36,081 [s1-NettyServerStreamRpc-workerGroup--thread4] INFO  netty.NettyConfigKeys$DataStream (ConfUtils.java:logGet(46)) - raft.netty.dataStream.client.reply.queue.grace-period = 1s (default)
2022-08-18 03:42:36,082 [s1-NettyServerStreamRpc-workerGroup--thread4] INFO  netty.NettyConfigKeys$DataStream (ConfUtils.java:logGet(46)) - raft.netty.dataStream.client.worker-group.share = false (default)
2022-08-18 03:42:36,082 [s1-NettyServerStreamRpc-workerGroup--thread4] INFO  netty.NettyConfigKeys$DataStream (ConfUtils.java:logGet(46)) - raft.netty.dataStream.client.worker-group.size = 4 (default)
2022-08-18 03:42:36,084 [s2-NettyServerStreamRpc-workerGroup--thread2] INFO  client.DataStreamClient (ConfUtils.java:logGet(46)) - raft.datastream.type = NETTY (custom)
2022-08-18 03:42:36,084 [s2-NettyServerStreamRpc-workerGroup--thread2] INFO  netty.NettyConfigKeys$DataStream (ConfUtils.java:logGet(46)) - raft.netty.dataStream.client.tls.conf = null (default)
2022-08-18 03:42:36,084 [s2-NettyServerStreamRpc-workerGroup--thread2] INFO  netty.NettyConfigKeys$DataStream (ConfUtils.java:logGet(46)) - raft.netty.dataStream.client.reply.queue.grace-period = 1s (default)
2022-08-18 03:42:36,084 [s2-NettyServerStreamRpc-workerGroup--thread2] INFO  netty.NettyConfigKeys$DataStream (ConfUtils.java:logGet(46)) - raft.netty.dataStream.client.worker-group.share = false (default)
2022-08-18 03:42:36,084 [s2-NettyServerStreamRpc-workerGroup--thread2] INFO  netty.NettyConfigKeys$DataStream (ConfUtils.java:logGet(46)) - raft.netty.dataStream.client.worker-group.size = 4 (default)
2022-08-18 03:42:36,087 [s2-NettyServerStreamRpc-bossGroup--thread1] INFO  logging.LoggingHandler (AbstractInternalLogger.java:log(148)) - [id: 0xc59e66ab, L:/0.0.0.0:46131] READ: [id: 0xff610ad3, L:/127.0.0.1:46131 - R:/127.0.0.1:58568]
2022-08-18 03:42:36,087 [s2-NettyServerStreamRpc-bossGroup--thread1] INFO  logging.LoggingHandler (AbstractInternalLogger.java:log(148)) - [id: 0xc59e66ab, L:/0.0.0.0:46131] READ COMPLETE
2022-08-18 03:42:36,091 [s1-NettyServerStreamRpc-workerGroup--thread2] INFO  client.DataStreamClient (ConfUtils.java:logGet(46)) - raft.datastream.type = NETTY (custom)
2022-08-18 03:42:36,091 [s1-NettyServerStreamRpc-workerGroup--thread2] INFO  netty.NettyConfigKeys$DataStream (ConfUtils.java:logGet(46)) - raft.netty.dataStream.client.tls.conf = null (default)
2022-08-18 03:42:36,091 [s1-NettyServerStreamRpc-workerGroup--thread2] INFO  netty.NettyConfigKeys$DataStream (ConfUtils.java:logGet(46)) - raft.netty.dataStream.client.reply.queue.grace-period = 1s (default)
2022-08-18 03:42:36,091 [s1-NettyServerStreamRpc-workerGroup--thread2] INFO  netty.NettyConfigKeys$DataStream (ConfUtils.java:logGet(46)) - raft.netty.dataStream.client.worker-group.share = false (default)
2022-08-18 03:42:36,091 [s1-NettyServerStreamRpc-workerGroup--thread2] INFO  netty.NettyConfigKeys$DataStream (ConfUtils.java:logGet(46)) - raft.netty.dataStream.client.worker-group.size = 4 (default)
2022-08-18 03:42:36,092 [s1-NettyServerStreamRpc-workerGroup--thread1] INFO  client.DataStreamClient (ConfUtils.java:logGet(46)) - raft.datastream.type = NETTY (custom)
2022-08-18 03:42:36,092 [s1-NettyServerStreamRpc-workerGroup--thread1] INFO  netty.NettyConfigKeys$DataStream (ConfUtils.java:logGet(46)) - raft.netty.dataStream.client.tls.conf = null (default)
2022-08-18 03:42:36,093 [s1-NettyServerStreamRpc-workerGroup--thread1] INFO  netty.NettyConfigKeys$DataStream (ConfUtils.java:logGet(46)) - raft.netty.dataStream.client.reply.queue.grace-period = 1s (default)
2022-08-18 03:42:36,093 [s1-NettyServerStreamRpc-workerGroup--thread1] INFO  netty.NettyConfigKeys$DataStream (ConfUtils.java:logGet(46)) - raft.netty.dataStream.client.worker-group.share = false (default)
2022-08-18 03:42:36,093 [s1-NettyServerStreamRpc-workerGroup--thread1] INFO  netty.NettyConfigKeys$DataStream (ConfUtils.java:logGet(46)) - raft.netty.dataStream.client.worker-group.size = 4 (default)
2022-08-18 03:42:36,095 [s1-NettyServerStreamRpc-workerGroup--thread1] INFO  client.DataStreamClient (ConfUtils.java:logGet(46)) - raft.datastream.type = NETTY (custom)
2022-08-18 03:42:36,096 [s1-NettyServerStreamRpc-workerGroup--thread1] INFO  netty.NettyConfigKeys$DataStream (ConfUtils.java:logGet(46)) - raft.netty.dataStream.client.tls.conf = null (default)
2022-08-18 03:42:36,096 [s1-NettyServerStreamRpc-workerGroup--thread1] INFO  netty.NettyConfigKeys$DataStream (ConfUtils.java:logGet(46)) - raft.netty.dataStream.client.reply.queue.grace-period = 1s (default)
2022-08-18 03:42:36,096 [s1-NettyServerStreamRpc-workerGroup--thread1] INFO  netty.NettyConfigKeys$DataStream (ConfUtils.java:logGet(46)) - raft.netty.dataStream.client.worker-group.share = false (default)
2022-08-18 03:42:36,096 [s1-NettyServerStreamRpc-workerGroup--thread1] INFO  netty.NettyConfigKeys$DataStream (ConfUtils.java:logGet(46)) - raft.netty.dataStream.client.worker-group.size = 4 (default)
2022-08-18 03:42:36,100 [s1-NettyServerStreamRpc-bossGroup--thread1] INFO  logging.LoggingHandler (AbstractInternalLogger.java:log(148)) - [id: 0xb5cce013, L:/0.0.0.0:34715] READ: [id: 0x21bfe4aa, L:/127.0.0.1:34715 - R:/127.0.0.1:34218]
2022-08-18 03:42:36,100 [s1-NettyServerStreamRpc-bossGroup--thread1] INFO  logging.LoggingHandler (AbstractInternalLogger.java:log(148)) - [id: 0xb5cce013, L:/0.0.0.0:34715] READ COMPLETE
2022-08-18 03:42:36,107 [s2-NettyServerStreamRpc-bossGroup--thread1] INFO  logging.LoggingHandler (AbstractInternalLogger.java:log(148)) - [id: 0xc59e66ab, L:/0.0.0.0:46131] READ: [id: 0x92a9dd99, L:/127.0.0.1:46131 - R:/127.0.0.1:58576]
2022-08-18 03:42:36,108 [s2-NettyServerStreamRpc-bossGroup--thread1] INFO  logging.LoggingHandler (AbstractInternalLogger.java:log(148)) - [id: 0xc59e66ab, L:/0.0.0.0:46131] READ COMPLETE
2022-08-18 03:42:36,121 [s0-NettyServerStreamRpc-bossGroup--thread1] INFO  logging.LoggingHandler (AbstractInternalLogger.java:log(148)) - [id: 0xe9450701, L:/0.0.0.0:43729] READ: [id: 0x1672a0bf, L:/127.0.0.1:43729 - R:/127.0.0.1:50356]
2022-08-18 03:42:36,121 [s0-NettyServerStreamRpc-bossGroup--thread1] INFO  logging.LoggingHandler (AbstractInternalLogger.java:log(148)) - [id: 0xe9450701, L:/0.0.0.0:43729] READ COMPLETE
2022-08-18 03:42:36,121 [s0-NettyServerStreamRpc-bossGroup--thread1] INFO  logging.LoggingHandler (AbstractInternalLogger.java:log(148)) - [id: 0xe9450701, L:/0.0.0.0:43729] READ: [id: 0x4cba3bc3, L:/127.0.0.1:43729 - R:/127.0.0.1:50360]
2022-08-18 03:42:36,122 [s0-NettyServerStreamRpc-bossGroup--thread1] INFO  logging.LoggingHandler (AbstractInternalLogger.java:log(148)) - [id: 0xe9450701, L:/0.0.0.0:43729] READ: [id: 0x4adfdfc4, L:/127.0.0.1:43729 - R:/127.0.0.1:50362]
2022-08-18 03:42:36,122 [s0-NettyServerStreamRpc-bossGroup--thread1] INFO  logging.LoggingHandler (AbstractInternalLogger.java:log(148)) - [id: 0xe9450701, L:/0.0.0.0:43729] READ: [id: 0x087d241b, L:/127.0.0.1:43729 - R:/127.0.0.1:50366]
2022-08-18 03:42:36,122 [s0-NettyServerStreamRpc-bossGroup--thread1] INFO  logging.LoggingHandler (AbstractInternalLogger.java:log(148)) - [id: 0xe9450701, L:/0.0.0.0:43729] READ: [id: 0x589f4d13, L:/127.0.0.1:43729 - R:/127.0.0.1:50368]
2022-08-18 03:42:36,122 [s0-NettyServerStreamRpc-bossGroup--thread1] INFO  logging.LoggingHandler (AbstractInternalLogger.java:log(148)) - [id: 0xe9450701, L:/0.0.0.0:43729] READ COMPLETE
2022-08-18 03:42:36,127 [s2-NettyServerStreamRpc-workerGroup--thread3] INFO  client.DataStreamClient (ConfUtils.java:logGet(46)) - raft.datastream.type = NETTY (custom)
2022-08-18 03:42:36,127 [s2-NettyServerStreamRpc-workerGroup--thread3] INFO  netty.NettyConfigKeys$DataStream (ConfUtils.java:logGet(46)) - raft.netty.dataStream.client.tls.conf = null (default)
2022-08-18 03:42:36,127 [s2-NettyServerStreamRpc-workerGroup--thread3] INFO  netty.NettyConfigKeys$DataStream (ConfUtils.java:logGet(46)) - raft.netty.dataStream.client.reply.queue.grace-period = 1s (default)
2022-08-18 03:42:36,127 [s2-NettyServerStreamRpc-workerGroup--thread3] INFO  netty.NettyConfigKeys$DataStream (ConfUtils.java:logGet(46)) - raft.netty.dataStream.client.worker-group.share = false (default)
2022-08-18 03:42:36,128 [s2-NettyServerStreamRpc-workerGroup--thread3] INFO  netty.NettyConfigKeys$DataStream (ConfUtils.java:logGet(46)) - raft.netty.dataStream.client.worker-group.size = 4 (default)
2022-08-18 03:42:36,135 [s0-NettyServerStreamRpc-bossGroup--thread1] INFO  logging.LoggingHandler (AbstractInternalLogger.java:log(148)) - [id: 0xe9450701, L:/0.0.0.0:43729] READ: [id: 0xcdbfe4b9, L:/127.0.0.1:43729 - R:/127.0.0.1:50374]
2022-08-18 03:42:36,136 [s0-NettyServerStreamRpc-bossGroup--thread1] INFO  logging.LoggingHandler (AbstractInternalLogger.java:log(148)) - [id: 0xe9450701, L:/0.0.0.0:43729] READ COMPLETE
2022-08-18 03:42:36,136 [s2-NettyServerStreamRpc-workerGroup--thread3] INFO  client.DataStreamClient (ConfUtils.java:logGet(46)) - raft.datastream.type = NETTY (custom)
2022-08-18 03:42:36,136 [s2-NettyServerStreamRpc-workerGroup--thread3] INFO  netty.NettyConfigKeys$DataStream (ConfUtils.java:logGet(46)) - raft.netty.dataStream.client.tls.conf = null (default)
2022-08-18 03:42:36,136 [s2-NettyServerStreamRpc-workerGroup--thread3] INFO  netty.NettyConfigKeys$DataStream (ConfUtils.java:logGet(46)) - raft.netty.dataStream.client.reply.queue.grace-period = 1s (default)
2022-08-18 03:42:36,136 [s2-NettyServerStreamRpc-workerGroup--thread3] INFO  netty.NettyConfigKeys$DataStream (ConfUtils.java:logGet(46)) - raft.netty.dataStream.client.worker-group.share = false (default)
2022-08-18 03:42:36,136 [s2-NettyServerStreamRpc-workerGroup--thread3] INFO  netty.NettyConfigKeys$DataStream (ConfUtils.java:logGet(46)) - raft.netty.dataStream.client.worker-group.size = 4 (default)
2022-08-18 03:42:36,137 [s2-NettyServerStreamRpc-workerGroup--thread1] INFO  client.DataStreamClient (ConfUtils.java:logGet(46)) - raft.datastream.type = NETTY (custom)
2022-08-18 03:42:36,137 [s2-NettyServerStreamRpc-workerGroup--thread1] INFO  netty.NettyConfigKeys$DataStream (ConfUtils.java:logGet(46)) - raft.netty.dataStream.client.tls.conf = null (default)
2022-08-18 03:42:36,137 [s2-NettyServerStreamRpc-workerGroup--thread1] INFO  netty.NettyConfigKeys$DataStream (ConfUtils.java:logGet(46)) - raft.netty.dataStream.client.reply.queue.grace-period = 1s (default)
2022-08-18 03:42:36,138 [s2-NettyServerStreamRpc-workerGroup--thread1] INFO  netty.NettyConfigKeys$DataStream (ConfUtils.java:logGet(46)) - raft.netty.dataStream.client.worker-group.share = false (default)
2022-08-18 03:42:36,138 [s2-NettyServerStreamRpc-workerGroup--thread1] INFO  netty.NettyConfigKeys$DataStream (ConfUtils.java:logGet(46)) - raft.netty.dataStream.client.worker-group.size = 4 (default)
2022-08-18 03:42:36,139 [s1-NettyServerStreamRpc-bossGroup--thread1] INFO  logging.LoggingHandler (AbstractInternalLogger.java:log(148)) - [id: 0xb5cce013, L:/0.0.0.0:34715] READ: [id: 0x2554cf51, L:/127.0.0.1:34715 - R:/127.0.0.1:34224]
2022-08-18 03:42:36,140 [s1-NettyServerStreamRpc-bossGroup--thread1] INFO  logging.LoggingHandler (AbstractInternalLogger.java:log(148)) - [id: 0xb5cce013, L:/0.0.0.0:34715] READ COMPLETE
2022-08-18 03:42:36,140 [s0-NettyServerStreamRpc-bossGroup--thread1] INFO  logging.LoggingHandler (AbstractInternalLogger.java:log(148)) - [id: 0xe9450701, L:/0.0.0.0:43729] READ: [id: 0x6de9565e, L:/127.0.0.1:43729 - R:/127.0.0.1:50378]
2022-08-18 03:42:36,140 [s0-NettyServerStreamRpc-bossGroup--thread1] INFO  logging.LoggingHandler (AbstractInternalLogger.java:log(148)) - [id: 0xe9450701, L:/0.0.0.0:43729] READ COMPLETE
2022-08-18 03:42:36,141 [s2-NettyServerStreamRpc-workerGroup--thread1] INFO  client.DataStreamClient (ConfUtils.java:logGet(46)) - raft.datastream.type = NETTY (custom)
2022-08-18 03:42:36,141 [s2-NettyServerStreamRpc-workerGroup--thread1] INFO  netty.NettyConfigKeys$DataStream (ConfUtils.java:logGet(46)) - raft.netty.dataStream.client.tls.conf = null (default)
2022-08-18 03:42:36,141 [s2-NettyServerStreamRpc-workerGroup--thread1] INFO  netty.NettyConfigKeys$DataStream (ConfUtils.java:logGet(46)) - raft.netty.dataStream.client.reply.queue.grace-period = 1s (default)
2022-08-18 03:42:36,141 [s2-NettyServerStreamRpc-workerGroup--thread1] INFO  netty.NettyConfigKeys$DataStream (ConfUtils.java:logGet(46)) - raft.netty.dataStream.client.worker-group.share = false (default)
2022-08-18 03:42:36,141 [s2-NettyServerStreamRpc-workerGroup--thread1] INFO  netty.NettyConfigKeys$DataStream (ConfUtils.java:logGet(46)) - raft.netty.dataStream.client.worker-group.size = 4 (default)
2022-08-18 03:42:36,141 [s1-NettyServerStreamRpc-bossGroup--thread1] INFO  logging.LoggingHandler (AbstractInternalLogger.java:log(148)) - [id: 0xb5cce013, L:/0.0.0.0:34715] READ: [id: 0x4929da4c, L:/127.0.0.1:34715 - R:/127.0.0.1:34228]
2022-08-18 03:42:36,141 [s1-NettyServerStreamRpc-bossGroup--thread1] INFO  logging.LoggingHandler (AbstractInternalLogger.java:log(148)) - [id: 0xb5cce013, L:/0.0.0.0:34715] READ COMPLETE
2022-08-18 03:42:36,144 [s1-NettyServerStreamRpc-workerGroup--thread4] INFO  client.DataStreamClient (ConfUtils.java:logGet(46)) - raft.datastream.type = NETTY (custom)
2022-08-18 03:42:36,144 [s1-NettyServerStreamRpc-workerGroup--thread4] INFO  netty.NettyConfigKeys$DataStream (ConfUtils.java:logGet(46)) - raft.netty.dataStream.client.tls.conf = null (default)
2022-08-18 03:42:36,144 [s1-NettyServerStreamRpc-workerGroup--thread4] INFO  netty.NettyConfigKeys$DataStream (ConfUtils.java:logGet(46)) - raft.netty.dataStream.client.reply.queue.grace-period = 1s (default)
2022-08-18 03:42:36,144 [s1-NettyServerStreamRpc-workerGroup--thread4] INFO  netty.NettyConfigKeys$DataStream (ConfUtils.java:logGet(46)) - raft.netty.dataStream.client.worker-group.share = false (default)
2022-08-18 03:42:36,144 [s1-NettyServerStreamRpc-workerGroup--thread4] INFO  netty.NettyConfigKeys$DataStream (ConfUtils.java:logGet(46)) - raft.netty.dataStream.client.worker-group.size = 4 (default)
2022-08-18 03:42:36,145 [s1-NettyServerStreamRpc-workerGroup--thread4] INFO  client.DataStreamClient (ConfUtils.java:logGet(46)) - raft.datastream.type = NETTY (custom)
2022-08-18 03:42:36,145 [s0-NettyServerStreamRpc-bossGroup--thread1] INFO  logging.LoggingHandler (AbstractInternalLogger.java:log(148)) - [id: 0xe9450701, L:/0.0.0.0:43729] READ: [id: 0x345f6f18, L:/127.0.0.1:43729 - R:/127.0.0.1:50382]
2022-08-18 03:42:36,145 [s1-NettyServerStreamRpc-workerGroup--thread4] INFO  netty.NettyConfigKeys$DataStream (ConfUtils.java:logGet(46)) - raft.netty.dataStream.client.tls.conf = null (default)
2022-08-18 03:42:36,145 [s0-NettyServerStreamRpc-bossGroup--thread1] INFO  logging.LoggingHandler (AbstractInternalLogger.java:log(148)) - [id: 0xe9450701, L:/0.0.0.0:43729] READ COMPLETE
2022-08-18 03:42:36,145 [s1-NettyServerStreamRpc-workerGroup--thread4] INFO  netty.NettyConfigKeys$DataStream (ConfUtils.java:logGet(46)) - raft.netty.dataStream.client.reply.queue.grace-period = 1s (default)
2022-08-18 03:42:36,145 [s1-NettyServerStreamRpc-workerGroup--thread4] INFO  netty.NettyConfigKeys$DataStream (ConfUtils.java:logGet(46)) - raft.netty.dataStream.client.worker-group.share = false (default)
2022-08-18 03:42:36,146 [s1-NettyServerStreamRpc-workerGroup--thread4] INFO  netty.NettyConfigKeys$DataStream (ConfUtils.java:logGet(46)) - raft.netty.dataStream.client.worker-group.size = 4 (default)
2022-08-18 03:42:36,150 [s2-NettyServerStreamRpc-bossGroup--thread1] INFO  logging.LoggingHandler (AbstractInternalLogger.java:log(148)) - [id: 0xc59e66ab, L:/0.0.0.0:46131] READ: [id: 0x78f38de5, L:/127.0.0.1:46131 - R:/127.0.0.1:58588]
2022-08-18 03:42:36,150 [s2-NettyServerStreamRpc-bossGroup--thread1] INFO  logging.LoggingHandler (AbstractInternalLogger.java:log(148)) - [id: 0xc59e66ab, L:/0.0.0.0:46131] READ COMPLETE
2022-08-18 03:42:36,151 [s2-NettyServerStreamRpc-bossGroup--thread1] INFO  logging.LoggingHandler (AbstractInternalLogger.java:log(148)) - [id: 0xc59e66ab, L:/0.0.0.0:46131] READ: [id: 0x12c7cd06, L:/127.0.0.1:46131 - R:/127.0.0.1:58590]
2022-08-18 03:42:36,151 [s2-NettyServerStreamRpc-bossGroup--thread1] INFO  logging.LoggingHandler (AbstractInternalLogger.java:log(148)) - [id: 0xc59e66ab, L:/0.0.0.0:46131] READ COMPLETE
2022-08-18 03:42:36,151 [s2-NettyServerStreamRpc-bossGroup--thread1] INFO  logging.LoggingHandler (AbstractInternalLogger.java:log(148)) - [id: 0xc59e66ab, L:/0.0.0.0:46131] READ: [id: 0x049c3fc6, L:/127.0.0.1:46131 - R:/127.0.0.1:58592]
2022-08-18 03:42:36,152 [s2-NettyServerStreamRpc-bossGroup--thread1] INFO  logging.LoggingHandler (AbstractInternalLogger.java:log(148)) - [id: 0xc59e66ab, L:/0.0.0.0:46131] READ COMPLETE
2022-08-18 03:42:36,153 [s2-NettyServerStreamRpc-workerGroup--thread3] INFO  client.DataStreamClient (ConfUtils.java:logGet(46)) - raft.datastream.type = NETTY (custom)
2022-08-18 03:42:36,153 [s2-NettyServerStreamRpc-workerGroup--thread3] INFO  netty.NettyConfigKeys$DataStream (ConfUtils.java:logGet(46)) - raft.netty.dataStream.client.tls.conf = null (default)
2022-08-18 03:42:36,153 [s2-NettyServerStreamRpc-workerGroup--thread3] INFO  netty.NettyConfigKeys$DataStream (ConfUtils.java:logGet(46)) - raft.netty.dataStream.client.reply.queue.grace-period = 1s (default)
2022-08-18 03:42:36,154 [s2-NettyServerStreamRpc-workerGroup--thread3] INFO  netty.NettyConfigKeys$DataStream (ConfUtils.java:logGet(46)) - raft.netty.dataStream.client.worker-group.share = false (default)
2022-08-18 03:42:36,154 [s2-NettyServerStreamRpc-workerGroup--thread3] INFO  netty.NettyConfigKeys$DataStream (ConfUtils.java:logGet(46)) - raft.netty.dataStream.client.worker-group.size = 4 (default)
2022-08-18 03:42:36,155 [s1-NettyServerStreamRpc-bossGroup--thread1] INFO  logging.LoggingHandler (AbstractInternalLogger.java:log(148)) - [id: 0xb5cce013, L:/0.0.0.0:34715] READ: [id: 0x862b91f5, L:/127.0.0.1:34715 - R:/127.0.0.1:34238]
2022-08-18 03:42:36,156 [s1-NettyServerStreamRpc-bossGroup--thread1] INFO  logging.LoggingHandler (AbstractInternalLogger.java:log(148)) - [id: 0xb5cce013, L:/0.0.0.0:34715] READ COMPLETE
2022-08-18 03:42:36,158 [s0-NettyServerStreamRpc-bossGroup--thread1] INFO  logging.LoggingHandler (AbstractInternalLogger.java:log(148)) - [id: 0xe9450701, L:/0.0.0.0:43729] READ: [id: 0x28859f9c, L:/127.0.0.1:43729 - R:/127.0.0.1:50392]
2022-08-18 03:42:36,158 [s0-NettyServerStreamRpc-bossGroup--thread1] INFO  logging.LoggingHandler (AbstractInternalLogger.java:log(148)) - [id: 0xe9450701, L:/0.0.0.0:43729] READ COMPLETE
2022-08-18 03:42:36,159 [s2-NettyServerStreamRpc-workerGroup--thread3] INFO  client.DataStreamClient (ConfUtils.java:logGet(46)) - raft.datastream.type = NETTY (custom)
2022-08-18 03:42:36,159 [s2-NettyServerStreamRpc-workerGroup--thread3] INFO  netty.NettyConfigKeys$DataStream (ConfUtils.java:logGet(46)) - raft.netty.dataStream.client.tls.conf = null (default)
2022-08-18 03:42:36,159 [s2-NettyServerStreamRpc-workerGroup--thread3] INFO  netty.NettyConfigKeys$DataStream (ConfUtils.java:logGet(46)) - raft.netty.dataStream.client.reply.queue.grace-period = 1s (default)
2022-08-18 03:42:36,159 [s2-NettyServerStreamRpc-workerGroup--thread3] INFO  netty.NettyConfigKeys$DataStream (ConfUtils.java:logGet(46)) - raft.netty.dataStream.client.worker-group.share = false (default)
2022-08-18 03:42:36,159 [s2-NettyServerStreamRpc-workerGroup--thread3] INFO  netty.NettyConfigKeys$DataStream (ConfUtils.java:logGet(46)) - raft.netty.dataStream.client.worker-group.size = 4 (default)
2022-08-18 03:42:36,160 [s1-NettyServerStreamRpc-workerGroup--thread1] INFO  client.DataStreamClient (ConfUtils.java:logGet(46)) - raft.datastream.type = NETTY (custom)
2022-08-18 03:42:36,160 [s1-NettyServerStreamRpc-workerGroup--thread1] INFO  netty.NettyConfigKeys$DataStream (ConfUtils.java:logGet(46)) - raft.netty.dataStream.client.tls.conf = null (default)
2022-08-18 03:42:36,160 [s1-NettyServerStreamRpc-workerGroup--thread1] INFO  netty.NettyConfigKeys$DataStream (ConfUtils.java:logGet(46)) - raft.netty.dataStream.client.reply.queue.grace-period = 1s (default)
2022-08-18 03:42:36,161 [s1-NettyServerStreamRpc-workerGroup--thread1] INFO  netty.NettyConfigKeys$DataStream (ConfUtils.java:logGet(46)) - raft.netty.dataStream.client.worker-group.share = false (default)
2022-08-18 03:42:36,161 [s1-NettyServerStreamRpc-workerGroup--thread1] INFO  netty.NettyConfigKeys$DataStream (ConfUtils.java:logGet(46)) - raft.netty.dataStream.client.worker-group.size = 4 (default)
2022-08-18 03:42:36,162 [s1-NettyServerStreamRpc-bossGroup--thread1] INFO  logging.LoggingHandler (AbstractInternalLogger.java:log(148)) - [id: 0xb5cce013, L:/0.0.0.0:34715] READ: [id: 0x74b63455, L:/127.0.0.1:34715 - R:/127.0.0.1:34242]
2022-08-18 03:42:36,162 [s1-NettyServerStreamRpc-bossGroup--thread1] INFO  logging.LoggingHandler (AbstractInternalLogger.java:log(148)) - [id: 0xb5cce013, L:/0.0.0.0:34715] READ COMPLETE
2022-08-18 03:42:36,168 [s2-NettyServerStreamRpc-workerGroup--thread4] INFO  client.DataStreamClient (ConfUtils.java:logGet(46)) - raft.datastream.type = NETTY (custom)
2022-08-18 03:42:36,168 [s2-NettyServerStreamRpc-workerGroup--thread4] INFO  netty.NettyConfigKeys$DataStream (ConfUtils.java:logGet(46)) - raft.netty.dataStream.client.tls.conf = null (default)
2022-08-18 03:42:36,168 [s2-NettyServerStreamRpc-workerGroup--thread4] INFO  netty.NettyConfigKeys$DataStream (ConfUtils.java:logGet(46)) - raft.netty.dataStream.client.reply.queue.grace-period = 1s (default)
2022-08-18 03:42:36,168 [s2-NettyServerStreamRpc-workerGroup--thread4] INFO  netty.NettyConfigKeys$DataStream (ConfUtils.java:logGet(46)) - raft.netty.dataStream.client.worker-group.share = false (default)
2022-08-18 03:42:36,168 [s2-NettyServerStreamRpc-workerGroup--thread4] INFO  netty.NettyConfigKeys$DataStream (ConfUtils.java:logGet(46)) - raft.netty.dataStream.client.worker-group.size = 4 (default)
2022-08-18 03:42:36,169 [s0-NettyServerStreamRpc-bossGroup--thread1] INFO  logging.LoggingHandler (AbstractInternalLogger.java:log(148)) - [id: 0xe9450701, L:/0.0.0.0:43729] READ: [id: 0x0b76347e, L:/127.0.0.1:43729 - R:/127.0.0.1:50396]
2022-08-18 03:42:36,169 [s0-NettyServerStreamRpc-bossGroup--thread1] INFO  logging.LoggingHandler (AbstractInternalLogger.java:log(148)) - [id: 0xe9450701, L:/0.0.0.0:43729] READ COMPLETE
2022-08-18 03:42:36,169 [s1-NettyServerStreamRpc-workerGroup--thread4] INFO  client.DataStreamClient (ConfUtils.java:logGet(46)) - raft.datastream.type = NETTY (custom)
2022-08-18 03:42:36,169 [s1-NettyServerStreamRpc-workerGroup--thread4] INFO  netty.NettyConfigKeys$DataStream (ConfUtils.java:logGet(46)) - raft.netty.dataStream.client.tls.conf = null (default)
2022-08-18 03:42:36,169 [s1-NettyServerStreamRpc-workerGroup--thread4] INFO  netty.NettyConfigKeys$DataStream (ConfUtils.java:logGet(46)) - raft.netty.dataStream.client.reply.queue.grace-period = 1s (default)
2022-08-18 03:42:36,169 [s1-NettyServerStreamRpc-workerGroup--thread4] INFO  netty.NettyConfigKeys$DataStream (ConfUtils.java:logGet(46)) - raft.netty.dataStream.client.worker-group.share = false (default)
2022-08-18 03:42:36,169 [s1-NettyServerStreamRpc-workerGroup--thread4] INFO  netty.NettyConfigKeys$DataStream (ConfUtils.java:logGet(46)) - raft.netty.dataStream.client.worker-group.size = 4 (default)
2022-08-18 03:42:36,174 [s2-NettyServerStreamRpc-bossGroup--thread1] INFO  logging.LoggingHandler (AbstractInternalLogger.java:log(148)) - [id: 0xc59e66ab, L:/0.0.0.0:46131] READ: [id: 0x1c0defeb, L:/127.0.0.1:46131 - R:/127.0.0.1:58602]
2022-08-18 03:42:36,174 [s2-NettyServerStreamRpc-bossGroup--thread1] INFO  logging.LoggingHandler (AbstractInternalLogger.java:log(148)) - [id: 0xc59e66ab, L:/0.0.0.0:46131] READ COMPLETE
2022-08-18 03:42:36,175 [s0-NettyServerStreamRpc-bossGroup--thread1] INFO  logging.LoggingHandler (AbstractInternalLogger.java:log(148)) - [id: 0xe9450701, L:/0.0.0.0:43729] READ: [id: 0xc395ed40, L:/127.0.0.1:43729 - R:/127.0.0.1:50400]
2022-08-18 03:42:36,175 [s0-NettyServerStreamRpc-bossGroup--thread1] INFO  logging.LoggingHandler (AbstractInternalLogger.java:log(148)) - [id: 0xe9450701, L:/0.0.0.0:43729] READ COMPLETE
2022-08-18 03:42:36,175 [s2-NettyServerStreamRpc-workerGroup--thread3] INFO  client.DataStreamClient (ConfUtils.java:logGet(46)) - raft.datastream.type = NETTY (custom)
2022-08-18 03:42:36,176 [s2-NettyServerStreamRpc-workerGroup--thread3] INFO  netty.NettyConfigKeys$DataStream (ConfUtils.java:logGet(46)) - raft.netty.dataStream.client.tls.conf = null (default)
2022-08-18 03:42:36,176 [s2-NettyServerStreamRpc-workerGroup--thread3] INFO  netty.NettyConfigKeys$DataStream (ConfUtils.java:logGet(46)) - raft.netty.dataStream.client.reply.queue.grace-period = 1s (default)
2022-08-18 03:42:36,176 [s2-NettyServerStreamRpc-workerGroup--thread3] INFO  netty.NettyConfigKeys$DataStream (ConfUtils.java:logGet(46)) - raft.netty.dataStream.client.worker-group.share = false (default)
2022-08-18 03:42:36,176 [s2-NettyServerStreamRpc-workerGroup--thread3] INFO  netty.NettyConfigKeys$DataStream (ConfUtils.java:logGet(46)) - raft.netty.dataStream.client.worker-group.size = 4 (default)
2022-08-18 03:42:36,177 [s1-NettyServerStreamRpc-workerGroup--thread4] INFO  client.DataStreamClient (ConfUtils.java:logGet(46)) - raft.datastream.type = NETTY (custom)
2022-08-18 03:42:36,177 [s1-NettyServerStreamRpc-workerGroup--thread4] INFO  netty.NettyConfigKeys$DataStream (ConfUtils.java:logGet(46)) - raft.netty.dataStream.client.tls.conf = null (default)
2022-08-18 03:42:36,177 [s1-NettyServerStreamRpc-workerGroup--thread4] INFO  netty.NettyConfigKeys$DataStream (ConfUtils.java:logGet(46)) - raft.netty.dataStream.client.reply.queue.grace-period = 1s (default)
2022-08-18 03:42:36,177 [s1-NettyServerStreamRpc-workerGroup--thread4] INFO  netty.NettyConfigKeys$DataStream (ConfUtils.java:logGet(46)) - raft.netty.dataStream.client.worker-group.share = false (default)
2022-08-18 03:42:36,177 [s1-NettyServerStreamRpc-workerGroup--thread4] INFO  netty.NettyConfigKeys$DataStream (ConfUtils.java:logGet(46)) - raft.netty.dataStream.client.worker-group.size = 4 (default)
2022-08-18 03:42:36,178 [s0-NettyServerStreamRpc-bossGroup--thread1] INFO  logging.LoggingHandler (AbstractInternalLogger.java:log(148)) - [id: 0xe9450701, L:/0.0.0.0:43729] READ: [id: 0x5e6b6982, L:/127.0.0.1:43729 - R:/127.0.0.1:50402]
2022-08-18 03:42:36,178 [s0-NettyServerStreamRpc-bossGroup--thread1] INFO  logging.LoggingHandler (AbstractInternalLogger.java:log(148)) - [id: 0xe9450701, L:/0.0.0.0:43729] READ COMPLETE
2022-08-18 03:42:36,178 [s1-NettyServerStreamRpc-workerGroup--thread4] INFO  client.DataStreamClient (ConfUtils.java:logGet(46)) - raft.datastream.type = NETTY (custom)
2022-08-18 03:42:36,178 [s1-NettyServerStreamRpc-workerGroup--thread4] INFO  netty.NettyConfigKeys$DataStream (ConfUtils.java:logGet(46)) - raft.netty.dataStream.client.tls.conf = null (default)
2022-08-18 03:42:36,179 [s1-NettyServerStreamRpc-workerGroup--thread4] INFO  netty.NettyConfigKeys$DataStream (ConfUtils.java:logGet(46)) - raft.netty.dataStream.client.reply.queue.grace-period = 1s (default)
2022-08-18 03:42:36,179 [s1-NettyServerStreamRpc-workerGroup--thread4] INFO  netty.NettyConfigKeys$DataStream (ConfUtils.java:logGet(46)) - raft.netty.dataStream.client.worker-group.share = false (default)
2022-08-18 03:42:36,179 [s1-NettyServerStreamRpc-workerGroup--thread4] INFO  netty.NettyConfigKeys$DataStream (ConfUtils.java:logGet(46)) - raft.netty.dataStream.client.worker-group.size = 4 (default)
2022-08-18 03:42:36,181 [s1-NettyServerStreamRpc-workerGroup--thread2] INFO  client.DataStreamClient (ConfUtils.java:logGet(46)) - raft.datastream.type = NETTY (custom)
2022-08-18 03:42:36,181 [s1-NettyServerStreamRpc-workerGroup--thread2] INFO  netty.NettyConfigKeys$DataStream (ConfUtils.java:logGet(46)) - raft.netty.dataStream.client.tls.conf = null (default)
2022-08-18 03:42:36,181 [s1-NettyServerStreamRpc-workerGroup--thread2] INFO  netty.NettyConfigKeys$DataStream (ConfUtils.java:logGet(46)) - raft.netty.dataStream.client.reply.queue.grace-period = 1s (default)
2022-08-18 03:42:36,181 [s1-NettyServerStreamRpc-workerGroup--thread2] INFO  netty.NettyConfigKeys$DataStream (ConfUtils.java:logGet(46)) - raft.netty.dataStream.client.worker-group.share = false (default)
2022-08-18 03:42:36,181 [s1-NettyServerStreamRpc-workerGroup--thread2] INFO  netty.NettyConfigKeys$DataStream (ConfUtils.java:logGet(46)) - raft.netty.dataStream.client.worker-group.size = 4 (default)
2022-08-18 03:42:36,182 [s0-NettyServerStreamRpc-bossGroup--thread1] INFO  logging.LoggingHandler (AbstractInternalLogger.java:log(148)) - [id: 0xe9450701, L:/0.0.0.0:43729] READ: [id: 0xd18616b0, L:/127.0.0.1:43729 - R:/127.0.0.1:50404]
2022-08-18 03:42:36,183 [s0-NettyServerStreamRpc-bossGroup--thread1] INFO  logging.LoggingHandler (AbstractInternalLogger.java:log(148)) - [id: 0xe9450701, L:/0.0.0.0:43729] READ COMPLETE
2022-08-18 03:42:36,183 [s1-NettyServerStreamRpc-workerGroup--thread2] INFO  client.DataStreamClient (ConfUtils.java:logGet(46)) - raft.datastream.type = NETTY (custom)
2022-08-18 03:42:36,183 [s1-NettyServerStreamRpc-workerGroup--thread2] INFO  netty.NettyConfigKeys$DataStream (ConfUtils.java:logGet(46)) - raft.netty.dataStream.client.tls.conf = null (default)
2022-08-18 03:42:36,183 [s1-NettyServerStreamRpc-workerGroup--thread2] INFO  netty.NettyConfigKeys$DataStream (ConfUtils.java:logGet(46)) - raft.netty.dataStream.client.reply.queue.grace-period = 1s (default)
2022-08-18 03:42:36,183 [s1-NettyServerStreamRpc-workerGroup--thread2] INFO  netty.NettyConfigKeys$DataStream (ConfUtils.java:logGet(46)) - raft.netty.dataStream.client.worker-group.share = false (default)
2022-08-18 03:42:36,183 [s1-NettyServerStreamRpc-workerGroup--thread2] INFO  netty.NettyConfigKeys$DataStream (ConfUtils.java:logGet(46)) - raft.netty.dataStream.client.worker-group.size = 4 (default)
2022-08-18 03:42:36,187 [s2-NettyServerStreamRpc-bossGroup--thread1] INFO  logging.LoggingHandler (AbstractInternalLogger.java:log(148)) - [id: 0xc59e66ab, L:/0.0.0.0:46131] READ: [id: 0x66c97fb5, L:/127.0.0.1:46131 - R:/127.0.0.1:58610]
2022-08-18 03:42:36,188 [s2-NettyServerStreamRpc-bossGroup--thread1] INFO  logging.LoggingHandler (AbstractInternalLogger.java:log(148)) - [id: 0xc59e66ab, L:/0.0.0.0:46131] READ COMPLETE
2022-08-18 03:42:36,201 [s2-NettyServerStreamRpc-bossGroup--thread1] INFO  logging.LoggingHandler (AbstractInternalLogger.java:log(148)) - [id: 0xc59e66ab, L:/0.0.0.0:46131] READ: [id: 0x62a0b4a1, L:/127.0.0.1:46131 - R:/127.0.0.1:58612]
2022-08-18 03:42:36,201 [s2-NettyServerStreamRpc-bossGroup--thread1] INFO  logging.LoggingHandler (AbstractInternalLogger.java:log(148)) - [id: 0xc59e66ab, L:/0.0.0.0:46131] READ COMPLETE
2022-08-18 03:42:36,202 [s1-NettyServerStreamRpc-workerGroup--thread1] INFO  client.DataStreamClient (ConfUtils.java:logGet(46)) - raft.datastream.type = NETTY (custom)
2022-08-18 03:42:36,202 [s1-NettyServerStreamRpc-workerGroup--thread1] INFO  netty.NettyConfigKeys$DataStream (ConfUtils.java:logGet(46)) - raft.netty.dataStream.client.tls.conf = null (default)
2022-08-18 03:42:36,202 [s1-NettyServerStreamRpc-workerGroup--thread1] INFO  netty.NettyConfigKeys$DataStream (ConfUtils.java:logGet(46)) - raft.netty.dataStream.client.reply.queue.grace-period = 1s (default)
2022-08-18 03:42:36,202 [s1-NettyServerStreamRpc-workerGroup--thread1] INFO  netty.NettyConfigKeys$DataStream (ConfUtils.java:logGet(46)) - raft.netty.dataStream.client.worker-group.share = false (default)
2022-08-18 03:42:36,202 [s1-NettyServerStreamRpc-workerGroup--thread1] INFO  netty.NettyConfigKeys$DataStream (ConfUtils.java:logGet(46)) - raft.netty.dataStream.client.worker-group.size = 4 (default)
2022-08-18 03:42:36,206 [s1-NettyServerStreamRpc-bossGroup--thread1] INFO  logging.LoggingHandler (AbstractInternalLogger.java:log(148)) - [id: 0xb5cce013, L:/0.0.0.0:34715] READ: [id: 0x50ac02e1, L:/127.0.0.1:34715 - R:/127.0.0.1:34258]
2022-08-18 03:42:36,206 [s1-NettyServerStreamRpc-bossGroup--thread1] INFO  logging.LoggingHandler (AbstractInternalLogger.java:log(148)) - [id: 0xb5cce013, L:/0.0.0.0:34715] READ COMPLETE
2022-08-18 03:42:36,206 [s0-NettyServerStreamRpc-bossGroup--thread1] INFO  logging.LoggingHandler (AbstractInternalLogger.java:log(148)) - [id: 0xe9450701, L:/0.0.0.0:43729] READ: [id: 0x56ce9785, L:/127.0.0.1:43729 - R:/127.0.0.1:50412]
2022-08-18 03:42:36,206 [s0-NettyServerStreamRpc-bossGroup--thread1] INFO  logging.LoggingHandler (AbstractInternalLogger.java:log(148)) - [id: 0xe9450701, L:/0.0.0.0:43729] READ COMPLETE
2022-08-18 03:42:36,206 [s1-NettyServerStreamRpc-workerGroup--thread4] INFO  client.DataStreamClient (ConfUtils.java:logGet(46)) - raft.datastream.type = NETTY (custom)
2022-08-18 03:42:36,206 [s1-NettyServerStreamRpc-workerGroup--thread4] INFO  netty.NettyConfigKeys$DataStream (ConfUtils.java:logGet(46)) - raft.netty.dataStream.client.tls.conf = null (default)
2022-08-18 03:42:36,207 [s1-NettyServerStreamRpc-workerGroup--thread4] INFO  netty.NettyConfigKeys$DataStream (ConfUtils.java:logGet(46)) - raft.netty.dataStream.client.reply.queue.grace-period = 1s (default)
2022-08-18 03:42:36,207 [s1-NettyServerStreamRpc-workerGroup--thread4] INFO  netty.NettyConfigKeys$DataStream (ConfUtils.java:logGet(46)) - raft.netty.dataStream.client.worker-group.share = false (default)
2022-08-18 03:42:36,207 [s1-NettyServerStreamRpc-workerGroup--thread4] INFO  netty.NettyConfigKeys$DataStream (ConfUtils.java:logGet(46)) - raft.netty.dataStream.client.worker-group.size = 4 (default)
2022-08-18 03:42:36,211 [s2-NettyServerStreamRpc-workerGroup--thread4] INFO  client.DataStreamClient (ConfUtils.java:logGet(46)) - raft.datastream.type = NETTY (custom)
2022-08-18 03:42:36,211 [s2-NettyServerStreamRpc-workerGroup--thread4] INFO  netty.NettyConfigKeys$DataStream (ConfUtils.java:logGet(46)) - raft.netty.dataStream.client.tls.conf = null (default)
2022-08-18 03:42:36,211 [s2-NettyServerStreamRpc-workerGroup--thread4] INFO  netty.NettyConfigKeys$DataStream (ConfUtils.java:logGet(46)) - raft.netty.dataStream.client.reply.queue.grace-period = 1s (default)
2022-08-18 03:42:36,211 [s2-NettyServerStreamRpc-workerGroup--thread4] INFO  netty.NettyConfigKeys$DataStream (ConfUtils.java:logGet(46)) - raft.netty.dataStream.client.worker-group.share = false (default)
2022-08-18 03:42:36,211 [s2-NettyServerStreamRpc-workerGroup--thread4] INFO  netty.NettyConfigKeys$DataStream (ConfUtils.java:logGet(46)) - raft.netty.dataStream.client.worker-group.size = 4 (default)
2022-08-18 03:42:36,213 [s2-NettyServerStreamRpc-bossGroup--thread1] INFO  logging.LoggingHandler (AbstractInternalLogger.java:log(148)) - [id: 0xc59e66ab, L:/0.0.0.0:46131] READ: [id: 0x99553113, L:/127.0.0.1:46131 - R:/127.0.0.1:58618]
2022-08-18 03:42:36,213 [s2-NettyServerStreamRpc-bossGroup--thread1] INFO  logging.LoggingHandler (AbstractInternalLogger.java:log(148)) - [id: 0xc59e66ab, L:/0.0.0.0:46131] READ COMPLETE
2022-08-18 03:42:36,213 [s1-NettyServerStreamRpc-workerGroup--thread1] INFO  client.DataStreamClient (ConfUtils.java:logGet(46)) - raft.datastream.type = NETTY (custom)
2022-08-18 03:42:36,213 [s1-NettyServerStreamRpc-workerGroup--thread1] INFO  netty.NettyConfigKeys$DataStream (ConfUtils.java:logGet(46)) - raft.netty.dataStream.client.tls.conf = null (default)
2022-08-18 03:42:36,213 [s1-NettyServerStreamRpc-workerGroup--thread1] INFO  netty.NettyConfigKeys$DataStream (ConfUtils.java:logGet(46)) - raft.netty.dataStream.client.reply.queue.grace-period = 1s (default)
2022-08-18 03:42:36,213 [s1-NettyServerStreamRpc-workerGroup--thread1] INFO  netty.NettyConfigKeys$DataStream (ConfUtils.java:logGet(46)) - raft.netty.dataStream.client.worker-group.share = false (default)
2022-08-18 03:42:36,214 [s1-NettyServerStreamRpc-workerGroup--thread1] INFO  netty.NettyConfigKeys$DataStream (ConfUtils.java:logGet(46)) - raft.netty.dataStream.client.worker-group.size = 4 (default)
2022-08-18 03:42:36,222 [s0-NettyServerStreamRpc-bossGroup--thread1] INFO  logging.LoggingHandler (AbstractInternalLogger.java:log(148)) - [id: 0xe9450701, L:/0.0.0.0:43729] READ: [id: 0xab37fb8d, L:/127.0.0.1:43729 - R:/127.0.0.1:50416]
2022-08-18 03:42:36,222 [s0-NettyServerStreamRpc-bossGroup--thread1] INFO  logging.LoggingHandler (AbstractInternalLogger.java:log(148)) - [id: 0xe9450701, L:/0.0.0.0:43729] READ COMPLETE
2022-08-18 03:42:36,222 [s2-NettyServerStreamRpc-workerGroup--thread3] INFO  client.DataStreamClient (ConfUtils.java:logGet(46)) - raft.datastream.type = NETTY (custom)
2022-08-18 03:42:36,223 [s2-NettyServerStreamRpc-workerGroup--thread3] INFO  netty.NettyConfigKeys$DataStream (ConfUtils.java:logGet(46)) - raft.netty.dataStream.client.tls.conf = null (default)
2022-08-18 03:42:36,223 [s2-NettyServerStreamRpc-workerGroup--thread3] INFO  netty.NettyConfigKeys$DataStream (ConfUtils.java:logGet(46)) - raft.netty.dataStream.client.reply.queue.grace-period = 1s (default)
2022-08-18 03:42:36,223 [s2-NettyServerStreamRpc-workerGroup--thread3] INFO  netty.NettyConfigKeys$DataStream (ConfUtils.java:logGet(46)) - raft.netty.dataStream.client.worker-group.share = false (default)
2022-08-18 03:42:36,223 [s2-NettyServerStreamRpc-workerGroup--thread3] INFO  netty.NettyConfigKeys$DataStream (ConfUtils.java:logGet(46)) - raft.netty.dataStream.client.worker-group.size = 4 (default)
2022-08-18 03:42:36,224 [s1-NettyServerStreamRpc-workerGroup--thread4] INFO  client.DataStreamClient (ConfUtils.java:logGet(46)) - raft.datastream.type = NETTY (custom)
2022-08-18 03:42:36,224 [s1-NettyServerStreamRpc-workerGroup--thread4] INFO  netty.NettyConfigKeys$DataStream (ConfUtils.java:logGet(46)) - raft.netty.dataStream.client.tls.conf = null (default)
2022-08-18 03:42:36,224 [s1-NettyServerStreamRpc-workerGroup--thread4] INFO  netty.NettyConfigKeys$DataStream (ConfUtils.java:logGet(46)) - raft.netty.dataStream.client.reply.queue.grace-period = 1s (default)
2022-08-18 03:42:36,224 [s0-NettyServerStreamRpc-bossGroup--thread1] INFO  logging.LoggingHandler (AbstractInternalLogger.java:log(148)) - [id: 0xe9450701, L:/0.0.0.0:43729] READ: [id: 0xa9cccea0, L:/127.0.0.1:43729 - R:/127.0.0.1:50418]
2022-08-18 03:42:36,224 [s0-NettyServerStreamRpc-bossGroup--thread1] INFO  logging.LoggingHandler (AbstractInternalLogger.java:log(148)) - [id: 0xe9450701, L:/0.0.0.0:43729] READ COMPLETE
2022-08-18 03:42:36,224 [s1-NettyServerStreamRpc-workerGroup--thread4] INFO  netty.NettyConfigKeys$DataStream (ConfUtils.java:logGet(46)) - raft.netty.dataStream.client.worker-group.share = false (default)
2022-08-18 03:42:36,225 [s1-NettyServerStreamRpc-workerGroup--thread4] INFO  netty.NettyConfigKeys$DataStream (ConfUtils.java:logGet(46)) - raft.netty.dataStream.client.worker-group.size = 4 (default)
2022-08-18 03:42:36,226 [s1-NettyServerStreamRpc-bossGroup--thread1] INFO  logging.LoggingHandler (AbstractInternalLogger.java:log(148)) - [id: 0xb5cce013, L:/0.0.0.0:34715] READ: [id: 0x4c759252, L:/127.0.0.1:34715 - R:/127.0.0.1:34268]
2022-08-18 03:42:36,226 [s1-NettyServerStreamRpc-bossGroup--thread1] INFO  logging.LoggingHandler (AbstractInternalLogger.java:log(148)) - [id: 0xb5cce013, L:/0.0.0.0:34715] READ COMPLETE
2022-08-18 03:42:36,226 [s2-NettyServerStreamRpc-bossGroup--thread1] INFO  logging.LoggingHandler (AbstractInternalLogger.java:log(148)) - [id: 0xc59e66ab, L:/0.0.0.0:46131] READ: [id: 0xb59900ef, L:/127.0.0.1:46131 - R:/127.0.0.1:58626]
2022-08-18 03:42:36,226 [s2-NettyServerStreamRpc-bossGroup--thread1] INFO  logging.LoggingHandler (AbstractInternalLogger.java:log(148)) - [id: 0xc59e66ab, L:/0.0.0.0:46131] READ COMPLETE
2022-08-18 03:42:36,681 [pool-9-thread-13] INFO  datastream.DataStreamTestUtils (DataStreamTestUtils.java:writeAndCloseAndAssertReplies(320)) - Stream380: bytesWritten=7274190
2022-08-18 03:42:36,685 [pool-9-thread-10] INFO  datastream.DataStreamTestUtils (DataStreamTestUtils.java:writeAndCloseAndAssertReplies(320)) - Stream376: bytesWritten=6968525
2022-08-18 03:42:36,686 [pool-9-thread-11] INFO  datastream.DataStreamTestUtils (DataStreamTestUtils.java:writeAndCloseAndAssertReplies(320)) - Stream378: bytesWritten=7549621
2022-08-18 03:42:36,794 [pool-9-thread-15] INFO  datastream.DataStreamTestUtils (DataStreamTestUtils.java:writeAndCloseAndAssertReplies(320)) - Stream382: bytesWritten=8189929
2022-08-18 03:42:36,816 [pool-9-thread-16] INFO  datastream.DataStreamTestUtils (DataStreamTestUtils.java:writeAndCloseAndAssertReplies(320)) - Stream383: bytesWritten=7392927
2022-08-18 03:42:36,816 [pool-9-thread-14] INFO  datastream.DataStreamTestUtils (DataStreamTestUtils.java:writeAndCloseAndAssertReplies(320)) - Stream381: bytesWritten=7812315
2022-08-18 03:42:36,824 [pool-9-thread-12] INFO  datastream.DataStreamTestUtils (DataStreamTestUtils.java:writeAndCloseAndAssertReplies(320)) - Stream379: bytesWritten=7587730
2022-08-18 03:42:36,830 [s0-client-thread1] INFO  statemachine.StateMachine (DataStreamTestUtils.java:link(157)) - link SingleDataStream: writeRequest=RaftClientRequest:client-90CBF86420B4->s2@group-D128CC958ABE, cid=378, seq=0, DataStream, Message:<EMPTY>, logEntry=null
2022-08-18 03:42:36,833 [s1-server-thread1] INFO  statemachine.StateMachine (DataStreamTestUtils.java:link(157)) - link SingleDataStream: writeRequest=RaftClientRequest:client-90CBF86420B4->s2@group-D128CC958ABE, cid=378, seq=0, DataStream, Message:<EMPTY>, logEntry=null
2022-08-18 03:42:36,833 [s2-server-thread1] INFO  statemachine.StateMachine (DataStreamTestUtils.java:link(157)) - link SingleDataStream: writeRequest=RaftClientRequest:client-90CBF86420B4->s2@group-D128CC958ABE, cid=378, seq=0, DataStream, Message:<EMPTY>, logEntry=null
2022-08-18 03:42:36,841 [s0-client-thread2] INFO  statemachine.StateMachine (DataStreamTestUtils.java:link(157)) - link SingleDataStream: writeRequest=RaftClientRequest:client-90CBF86420B4->s2@group-D128CC958ABE, cid=376, seq=0, DataStream, Message:<EMPTY>, logEntry=null
2022-08-18 03:42:36,842 [s2-server-thread1] INFO  statemachine.StateMachine (DataStreamTestUtils.java:link(157)) - link SingleDataStream: writeRequest=RaftClientRequest:client-90CBF86420B4->s2@group-D128CC958ABE, cid=376, seq=0, DataStream, Message:<EMPTY>, logEntry=null
2022-08-18 03:42:36,842 [s1-server-thread1] INFO  statemachine.StateMachine (DataStreamTestUtils.java:link(157)) - link SingleDataStream: writeRequest=RaftClientRequest:client-90CBF86420B4->s2@group-D128CC958ABE, cid=376, seq=0, DataStream, Message:<EMPTY>, logEntry=null
2022-08-18 03:42:36,845 [s0-client-thread1] INFO  statemachine.StateMachine (DataStreamTestUtils.java:link(157)) - link SingleDataStream: writeRequest=RaftClientRequest:client-90CBF86420B4->s2@group-D128CC958ABE, cid=380, seq=0, DataStream, Message:<EMPTY>, logEntry=null
2022-08-18 03:42:36,846 [s0-client-thread1] INFO  statemachine.StateMachine (DataStreamTestUtils.java:link(157)) - link SingleDataStream: writeRequest=RaftClientRequest:client-90CBF86420B4->s2@group-D128CC958ABE, cid=382, seq=0, DataStream, Message:<EMPTY>, logEntry=null
2022-08-18 03:42:36,846 [s2-server-thread1] INFO  statemachine.StateMachine (DataStreamTestUtils.java:link(157)) - link SingleDataStream: writeRequest=RaftClientRequest:client-90CBF86420B4->s2@group-D128CC958ABE, cid=380, seq=0, DataStream, Message:<EMPTY>, logEntry=null
2022-08-18 03:42:36,846 [pool-9-thread-11] INFO  datastream.DataStreamTestUtils (DataStreamTestUtils.java:writeAndCloseAndAssertReplies(311)) - start Stream377
2022-08-18 03:42:36,847 [s1-server-thread1] INFO  statemachine.StateMachine (DataStreamTestUtils.java:link(157)) - link SingleDataStream: writeRequest=RaftClientRequest:client-90CBF86420B4->s2@group-D128CC958ABE, cid=380, seq=0, DataStream, Message:<EMPTY>, logEntry=null
2022-08-18 03:42:36,848 [s2-server-thread1] INFO  statemachine.StateMachine (DataStreamTestUtils.java:link(157)) - link SingleDataStream: writeRequest=RaftClientRequest:client-90CBF86420B4->s2@group-D128CC958ABE, cid=382, seq=0, DataStream, Message:<EMPTY>, logEntry=null
2022-08-18 03:42:36,849 [s1-server-thread1] INFO  statemachine.StateMachine (DataStreamTestUtils.java:link(157)) - link SingleDataStream: writeRequest=RaftClientRequest:client-90CBF86420B4->s2@group-D128CC958ABE, cid=382, seq=0, DataStream, Message:<EMPTY>, logEntry=null
2022-08-18 03:42:36,856 [s0-client-thread1] INFO  statemachine.StateMachine (DataStreamTestUtils.java:link(157)) - link SingleDataStream: writeRequest=RaftClientRequest:client-90CBF86420B4->s2@group-D128CC958ABE, cid=383, seq=0, DataStream, Message:<EMPTY>, logEntry=null
2022-08-18 03:42:36,857 [s0-client-thread1] INFO  statemachine.StateMachine (DataStreamTestUtils.java:link(157)) - link SingleDataStream: writeRequest=RaftClientRequest:client-90CBF86420B4->s2@group-D128CC958ABE, cid=381, seq=0, DataStream, Message:<EMPTY>, logEntry=null
2022-08-18 03:42:36,857 [s2-server-thread1] INFO  statemachine.StateMachine (DataStreamTestUtils.java:link(157)) - link SingleDataStream: writeRequest=RaftClientRequest:client-90CBF86420B4->s2@group-D128CC958ABE, cid=383, seq=0, DataStream, Message:<EMPTY>, logEntry=null
2022-08-18 03:42:36,858 [s0-client-thread1] INFO  statemachine.StateMachine (DataStreamTestUtils.java:link(157)) - link SingleDataStream: writeRequest=RaftClientRequest:client-90CBF86420B4->s2@group-D128CC958ABE, cid=379, seq=0, DataStream, Message:<EMPTY>, logEntry=null
2022-08-18 03:42:36,858 [s2-server-thread1] INFO  statemachine.StateMachine (DataStreamTestUtils.java:link(157)) - link SingleDataStream: writeRequest=RaftClientRequest:client-90CBF86420B4->s2@group-D128CC958ABE, cid=381, seq=0, DataStream, Message:<EMPTY>, logEntry=null
2022-08-18 03:42:36,859 [s2-server-thread1] INFO  statemachine.StateMachine (DataStreamTestUtils.java:link(157)) - link SingleDataStream: writeRequest=RaftClientRequest:client-90CBF86420B4->s2@group-D128CC958ABE, cid=379, seq=0, DataStream, Message:<EMPTY>, logEntry=null
2022-08-18 03:42:36,874 [pool-9-thread-15] INFO  datastream.DataStreamTestUtils (DataStreamTestUtils.java:writeAndCloseAndAssertReplies(311)) - start Stream385
2022-08-18 03:42:36,875 [pool-9-thread-10] INFO  datastream.DataStreamTestUtils (DataStreamTestUtils.java:writeAndCloseAndAssertReplies(311)) - start Stream386
2022-08-18 03:42:36,879 [pool-9-thread-13] INFO  datastream.DataStreamTestUtils (DataStreamTestUtils.java:writeAndCloseAndAssertReplies(311)) - start Stream387
2022-08-18 03:42:37,056 [pool-9-thread-16] INFO  datastream.DataStreamTestUtils (DataStreamTestUtils.java:writeAndCloseAndAssertReplies(311)) - start Stream388
2022-08-18 03:42:37,058 [pool-9-thread-14] INFO  datastream.DataStreamTestUtils (DataStreamTestUtils.java:writeAndCloseAndAssertReplies(311)) - start Stream389
2022-08-18 03:42:37,058 [pool-9-thread-12] INFO  datastream.DataStreamTestUtils (DataStreamTestUtils.java:writeAndCloseAndAssertReplies(311)) - start Stream390
2022-08-18 03:42:37,084 [pool-9-thread-11] INFO  datastream.DataStreamTestUtils (DataStreamTestUtils.java:writeAndCloseAndAssertReplies(320)) - Stream377: bytesWritten=7585908
2022-08-18 03:42:37,118 [pool-9-thread-13] INFO  datastream.DataStreamTestUtils (DataStreamTestUtils.java:writeAndCloseAndAssertReplies(320)) - Stream387: bytesWritten=7587224
2022-08-18 03:42:37,196 [pool-9-thread-10] INFO  datastream.DataStreamTestUtils (DataStreamTestUtils.java:writeAndCloseAndAssertReplies(320)) - Stream386: bytesWritten=7823546
2022-08-18 03:42:37,200 [s1-server-thread4] INFO  statemachine.StateMachine (DataStreamTestUtils.java:link(157)) - link SingleDataStream: writeRequest=RaftClientRequest:client-90CBF86420B4->s2@group-D128CC958ABE, cid=383, seq=0, DataStream, Message:<EMPTY>, logEntry=null
2022-08-18 03:42:37,200 [s1-server-thread3] INFO  statemachine.StateMachine (DataStreamTestUtils.java:link(157)) - link SingleDataStream: writeRequest=RaftClientRequest:client-90CBF86420B4->s2@group-D128CC958ABE, cid=381, seq=0, DataStream, Message:<EMPTY>, logEntry=null
2022-08-18 03:42:37,201 [s1-server-thread4] INFO  statemachine.StateMachine (DataStreamTestUtils.java:link(157)) - link SingleDataStream: writeRequest=RaftClientRequest:client-90CBF86420B4->s2@group-D128CC958ABE, cid=379, seq=0, DataStream, Message:<EMPTY>, logEntry=null
2022-08-18 03:42:37,241 [s0-client-thread1] INFO  statemachine.StateMachine (DataStreamTestUtils.java:link(157)) - link SingleDataStream: writeRequest=RaftClientRequest:client-B329CB6A0B7E->s1@group-D128CC958ABE, cid=377, seq=0, DataStream, Message:<EMPTY>, logEntry=null
2022-08-18 03:42:37,241 [s1-server-thread4] INFO  statemachine.StateMachine (DataStreamTestUtils.java:link(157)) - link SingleDataStream: writeRequest=RaftClientRequest:client-B329CB6A0B7E->s1@group-D128CC958ABE, cid=377, seq=0, DataStream, Message:<EMPTY>, logEntry=null
2022-08-18 03:42:37,242 [s2-server-thread1] INFO  statemachine.StateMachine (DataStreamTestUtils.java:link(157)) - link SingleDataStream: writeRequest=RaftClientRequest:client-B329CB6A0B7E->s1@group-D128CC958ABE, cid=377, seq=0, DataStream, Message:<EMPTY>, logEntry=null
2022-08-18 03:42:37,247 [s0-client-thread1] INFO  statemachine.StateMachine (DataStreamTestUtils.java:link(157)) - link SingleDataStream: writeRequest=RaftClientRequest:client-B329CB6A0B7E->s1@group-D128CC958ABE, cid=387, seq=0, DataStream, Message:<EMPTY>, logEntry=null
2022-08-18 03:42:37,248 [s2-server-thread1] INFO  statemachine.StateMachine (DataStreamTestUtils.java:link(157)) - link SingleDataStream: writeRequest=RaftClientRequest:client-B329CB6A0B7E->s1@group-D128CC958ABE, cid=387, seq=0, DataStream, Message:<EMPTY>, logEntry=null
2022-08-18 03:42:37,248 [s1-server-thread4] INFO  statemachine.StateMachine (DataStreamTestUtils.java:link(157)) - link SingleDataStream: writeRequest=RaftClientRequest:client-B329CB6A0B7E->s1@group-D128CC958ABE, cid=387, seq=0, DataStream, Message:<EMPTY>, logEntry=null
2022-08-18 03:42:37,259 [pool-9-thread-11] INFO  datastream.DataStreamTestUtils (DataStreamTestUtils.java:writeAndCloseAndAssertReplies(311)) - start Stream391
2022-08-18 03:42:37,271 [pool-9-thread-13] INFO  datastream.DataStreamTestUtils (DataStreamTestUtils.java:writeAndCloseAndAssertReplies(311)) - start Stream392
2022-08-18 03:42:37,274 [s0-client-thread1] INFO  statemachine.StateMachine (DataStreamTestUtils.java:link(157)) - link SingleDataStream: writeRequest=RaftClientRequest:client-B329CB6A0B7E->s1@group-D128CC958ABE, cid=386, seq=0, DataStream, Message:<EMPTY>, logEntry=null
2022-08-18 03:42:37,275 [s2-server-thread1] INFO  statemachine.StateMachine (DataStreamTestUtils.java:link(157)) - link SingleDataStream: writeRequest=RaftClientRequest:client-B329CB6A0B7E->s1@group-D128CC958ABE, cid=386, seq=0, DataStream, Message:<EMPTY>, logEntry=null
2022-08-18 03:42:37,276 [s1-server-thread4] INFO  statemachine.StateMachine (DataStreamTestUtils.java:link(157)) - link SingleDataStream: writeRequest=RaftClientRequest:client-B329CB6A0B7E->s1@group-D128CC958ABE, cid=386, seq=0, DataStream, Message:<EMPTY>, logEntry=null
2022-08-18 03:42:37,279 [pool-9-thread-10] INFO  datastream.DataStreamTestUtils (DataStreamTestUtils.java:writeAndCloseAndAssertReplies(311)) - start Stream393
2022-08-18 03:42:37,402 [pool-9-thread-15] INFO  datastream.DataStreamTestUtils (DataStreamTestUtils.java:writeAndCloseAndAssertReplies(320)) - Stream385: bytesWritten=8497019
2022-08-18 03:42:37,403 [pool-9-thread-16] INFO  datastream.DataStreamTestUtils (DataStreamTestUtils.java:writeAndCloseAndAssertReplies(320)) - Stream388: bytesWritten=7306054
2022-08-18 03:42:37,403 [pool-9-thread-12] INFO  datastream.DataStreamTestUtils (DataStreamTestUtils.java:writeAndCloseAndAssertReplies(320)) - Stream390: bytesWritten=7497370
2022-08-18 03:42:37,438 [pool-9-thread-14] INFO  datastream.DataStreamTestUtils (DataStreamTestUtils.java:writeAndCloseAndAssertReplies(320)) - Stream389: bytesWritten=7220125
2022-08-18 03:42:37,439 [s0-client-thread1] INFO  statemachine.StateMachine (DataStreamTestUtils.java:link(157)) - link SingleDataStream: writeRequest=RaftClientRequest:client-B329CB6A0B7E->s1@group-D128CC958ABE, cid=390, seq=0, DataStream, Message:<EMPTY>, logEntry=null
2022-08-18 03:42:37,440 [s0-client-thread1] INFO  statemachine.StateMachine (DataStreamTestUtils.java:link(157)) - link SingleDataStream: writeRequest=RaftClientRequest:client-B329CB6A0B7E->s1@group-D128CC958ABE, cid=385, seq=0, DataStream, Message:<EMPTY>, logEntry=null
2022-08-18 03:42:37,441 [s1-server-thread4] INFO  statemachine.StateMachine (DataStreamTestUtils.java:link(157)) - link SingleDataStream: writeRequest=RaftClientRequest:client-B329CB6A0B7E->s1@group-D128CC958ABE, cid=390, seq=0, DataStream, Message:<EMPTY>, logEntry=null
2022-08-18 03:42:37,441 [s1-server-thread4] INFO  statemachine.StateMachine (DataStreamTestUtils.java:link(157)) - link SingleDataStream: writeRequest=RaftClientRequest:client-B329CB6A0B7E->s1@group-D128CC958ABE, cid=385, seq=0, DataStream, Message:<EMPTY>, logEntry=null
2022-08-18 03:42:37,442 [s2-server-thread1] INFO  statemachine.StateMachine (DataStreamTestUtils.java:link(157)) - link SingleDataStream: writeRequest=RaftClientRequest:client-B329CB6A0B7E->s1@group-D128CC958ABE, cid=390, seq=0, DataStream, Message:<EMPTY>, logEntry=null
2022-08-18 03:42:37,443 [s2-server-thread1] INFO  statemachine.StateMachine (DataStreamTestUtils.java:link(157)) - link SingleDataStream: writeRequest=RaftClientRequest:client-B329CB6A0B7E->s1@group-D128CC958ABE, cid=385, seq=0, DataStream, Message:<EMPTY>, logEntry=null
2022-08-18 03:42:37,448 [s0-client-thread1] INFO  statemachine.StateMachine (DataStreamTestUtils.java:link(157)) - link SingleDataStream: writeRequest=RaftClientRequest:client-B329CB6A0B7E->s1@group-D128CC958ABE, cid=388, seq=0, DataStream, Message:<EMPTY>, logEntry=null
2022-08-18 03:42:37,449 [pool-9-thread-12] INFO  datastream.DataStreamTestUtils (DataStreamTestUtils.java:writeAndCloseAndAssertReplies(311)) - start Stream384
2022-08-18 03:42:37,454 [pool-9-thread-15] INFO  datastream.DataStreamTestUtils (DataStreamTestUtils.java:writeAndCloseAndAssertReplies(311)) - start Stream396
2022-08-18 03:42:37,462 [s2-server-thread1] INFO  statemachine.StateMachine (DataStreamTestUtils.java:link(157)) - link SingleDataStream: writeRequest=RaftClientRequest:client-B329CB6A0B7E->s1@group-D128CC958ABE, cid=388, seq=0, DataStream, Message:<EMPTY>, logEntry=null
2022-08-18 03:42:37,462 [s1-server-thread4] INFO  statemachine.StateMachine (DataStreamTestUtils.java:link(157)) - link SingleDataStream: writeRequest=RaftClientRequest:client-B329CB6A0B7E->s1@group-D128CC958ABE, cid=388, seq=0, DataStream, Message:<EMPTY>, logEntry=null
2022-08-18 03:42:37,465 [pool-9-thread-16] INFO  datastream.DataStreamTestUtils (DataStreamTestUtils.java:writeAndCloseAndAssertReplies(311)) - start Stream397
2022-08-18 03:42:37,524 [s0-client-thread1] INFO  statemachine.StateMachine (DataStreamTestUtils.java:link(157)) - link SingleDataStream: writeRequest=RaftClientRequest:client-B329CB6A0B7E->s1@group-D128CC958ABE, cid=389, seq=0, DataStream, Message:<EMPTY>, logEntry=null
2022-08-18 03:42:37,528 [s2-server-thread1] INFO  statemachine.StateMachine (DataStreamTestUtils.java:link(157)) - link SingleDataStream: writeRequest=RaftClientRequest:client-B329CB6A0B7E->s1@group-D128CC958ABE, cid=389, seq=0, DataStream, Message:<EMPTY>, logEntry=null
2022-08-18 03:42:37,529 [s1-server-thread4] INFO  statemachine.StateMachine (DataStreamTestUtils.java:link(157)) - link SingleDataStream: writeRequest=RaftClientRequest:client-B329CB6A0B7E->s1@group-D128CC958ABE, cid=389, seq=0, DataStream, Message:<EMPTY>, logEntry=null
2022-08-18 03:42:37,534 [pool-9-thread-14] INFO  datastream.DataStreamTestUtils (DataStreamTestUtils.java:writeAndCloseAndAssertReplies(311)) - start Stream398
2022-08-18 03:42:37,695 [pool-9-thread-10] INFO  datastream.DataStreamTestUtils (DataStreamTestUtils.java:writeAndCloseAndAssertReplies(320)) - Stream393: bytesWritten=8025254
2022-08-18 03:42:37,701 [pool-9-thread-11] INFO  datastream.DataStreamTestUtils (DataStreamTestUtils.java:writeAndCloseAndAssertReplies(320)) - Stream391: bytesWritten=6775409
2022-08-18 03:42:37,701 [s0-client-thread1] INFO  statemachine.StateMachine (DataStreamTestUtils.java:link(157)) - link SingleDataStream: writeRequest=RaftClientRequest:client-B329CB6A0B7E->s1@group-D128CC958ABE, cid=393, seq=0, DataStream, Message:<EMPTY>, logEntry=null
2022-08-18 03:42:37,702 [s1-server-thread4] INFO  statemachine.StateMachine (DataStreamTestUtils.java:link(157)) - link SingleDataStream: writeRequest=RaftClientRequest:client-B329CB6A0B7E->s1@group-D128CC958ABE, cid=393, seq=0, DataStream, Message:<EMPTY>, logEntry=null
2022-08-18 03:42:37,703 [s2-server-thread1] INFO  statemachine.StateMachine (DataStreamTestUtils.java:link(157)) - link SingleDataStream: writeRequest=RaftClientRequest:client-B329CB6A0B7E->s1@group-D128CC958ABE, cid=393, seq=0, DataStream, Message:<EMPTY>, logEntry=null
2022-08-18 03:42:37,709 [pool-9-thread-10] INFO  datastream.DataStreamTestUtils (DataStreamTestUtils.java:writeAndCloseAndAssertReplies(311)) - start Stream399
2022-08-18 03:42:37,728 [s0-client-thread1] INFO  statemachine.StateMachine (DataStreamTestUtils.java:link(157)) - link SingleDataStream: writeRequest=RaftClientRequest:client-B329CB6A0B7E->s1@group-D128CC958ABE, cid=391, seq=0, DataStream, Message:<EMPTY>, logEntry=null
2022-08-18 03:42:37,729 [s2-server-thread1] INFO  statemachine.StateMachine (DataStreamTestUtils.java:link(157)) - link SingleDataStream: writeRequest=RaftClientRequest:client-B329CB6A0B7E->s1@group-D128CC958ABE, cid=391, seq=0, DataStream, Message:<EMPTY>, logEntry=null
2022-08-18 03:42:37,729 [s1-server-thread4] INFO  statemachine.StateMachine (DataStreamTestUtils.java:link(157)) - link SingleDataStream: writeRequest=RaftClientRequest:client-B329CB6A0B7E->s1@group-D128CC958ABE, cid=391, seq=0, DataStream, Message:<EMPTY>, logEntry=null
2022-08-18 03:42:37,731 [pool-9-thread-11] INFO  datastream.DataStreamTestUtils (DataStreamTestUtils.java:writeAndCloseAndAssertReplies(311)) - start Stream400
2022-08-18 03:42:37,788 [pool-9-thread-13] INFO  datastream.DataStreamTestUtils (DataStreamTestUtils.java:writeAndCloseAndAssertReplies(320)) - Stream392: bytesWritten=7684155
2022-08-18 03:42:37,788 [pool-9-thread-15] INFO  datastream.DataStreamTestUtils (DataStreamTestUtils.java:writeAndCloseAndAssertReplies(320)) - Stream396: bytesWritten=7312459
2022-08-18 03:42:37,794 [s0-client-thread1] INFO  statemachine.StateMachine (DataStreamTestUtils.java:link(157)) - link SingleDataStream: writeRequest=RaftClientRequest:client-B329CB6A0B7E->s1@group-D128CC958ABE, cid=392, seq=0, DataStream, Message:<EMPTY>, logEntry=null
2022-08-18 03:42:37,795 [s2-server-thread1] INFO  statemachine.StateMachine (DataStreamTestUtils.java:link(157)) - link SingleDataStream: writeRequest=RaftClientRequest:client-B329CB6A0B7E->s1@group-D128CC958ABE, cid=392, seq=0, DataStream, Message:<EMPTY>, logEntry=null
2022-08-18 03:42:37,796 [s1-server-thread4] INFO  statemachine.StateMachine (DataStreamTestUtils.java:link(157)) - link SingleDataStream: writeRequest=RaftClientRequest:client-B329CB6A0B7E->s1@group-D128CC958ABE, cid=392, seq=0, DataStream, Message:<EMPTY>, logEntry=null
2022-08-18 03:42:38,817 [s2@group-D128CC958ABE-FollowerState] WARN  impl.FollowerState (FollowerState.java:run(130)) - Unexpected long sleep: sleep 180ms but took extra 947768418ns (> threshold = 300ms)
2022-08-18 03:42:38,816 [s0@group-D128CC958ABE-LeaderStateImpl] WARN  server.RaftServer$Division (LeaderStateImpl.java:checkLeadership(1020)) - s0@group-D128CC958ABE-LeaderStateImpl: Lost leadership on term: 1. Election timeout: 300ms. In charge for: 3173ms. Conf: 0: peers:[s0|rpc:localhost:43041|admin:localhost:41627|client:localhost:41753|dataStream:localhost:43729|priority:0|startupRole:FOLLOWER, s1|rpc:localhost:46505|admin:localhost:41383|client:localhost:44149|dataStream:localhost:34715|priority:0|startupRole:FOLLOWER, s2|rpc:localhost:33579|admin:localhost:36665|client:localhost:36785|dataStream:localhost:46131|priority:0|startupRole:FOLLOWER]|listeners:[], old=null
2022-08-18 03:42:38,828 [s0@group-D128CC958ABE-LeaderStateImpl] WARN  server.RaftServer$Division (LeaderStateImpl.java:lambda$checkLeadership$17(1024)) - Follower s0@group-D128CC958ABE->s1(c29,m30,n31, attendVote=true, lastRpcSendTime=10, lastRpcResponseTime=5)
2022-08-18 03:42:38,828 [s0@group-D128CC958ABE-LeaderStateImpl] WARN  server.RaftServer$Division (LeaderStateImpl.java:lambda$checkLeadership$17(1024)) - Follower s0@group-D128CC958ABE->s2(c29,m30,n31, attendVote=true, lastRpcSendTime=10, lastRpcResponseTime=5)
2022-08-18 03:42:38,829 [s0@group-D128CC958ABE-LeaderStateImpl] INFO  server.RaftServer$Division (RaftServerImpl.java:setRole(301)) - s0@group-D128CC958ABE: changes role from    LEADER to FOLLOWER at term 1 for StepDownReason:LOST_MAJORITY_HEARTBEATS
2022-08-18 03:42:38,829 [s0@group-D128CC958ABE-LeaderStateImpl] INFO  impl.RoleInfo (RoleInfo.java:shutdownLeaderState(93)) - s0: shutdown s0@group-D128CC958ABE-LeaderStateImpl
2022-08-18 03:42:38,829 [s0@group-D128CC958ABE-LeaderStateImpl] INFO  impl.PendingRequests (PendingRequests.java:sendNotLeaderResponses(282)) - s0@group-D128CC958ABE-PendingRequests: sendNotLeaderResponses
2022-08-18 03:42:38,829 [s0@group-D128CC958ABE->s1-GrpcLogAppender-LogAppenderDaemon] WARN  server.GrpcLogAppender (GrpcLogAppender.java:mayWait(191)) - s0@group-D128CC958ABE->s1-GrpcLogAppender: Wait interrupted by java.lang.InterruptedException
2022-08-18 03:42:38,830 [s0@group-D128CC958ABE->s2-GrpcLogAppender-LogAppenderDaemon] WARN  server.GrpcLogAppender (GrpcLogAppender.java:mayWait(191)) - s0@group-D128CC958ABE->s2-GrpcLogAppender: Wait interrupted by java.lang.InterruptedException
2022-08-18 03:42:38,830 [grpc-default-executor-2] INFO  server.GrpcServerProtocolService (GrpcServerProtocolService.java:onCompleted(145)) - s1: Completed APPEND_ENTRIES, lastRequest: null
2022-08-18 03:42:38,832 [grpc-default-executor-12] INFO  server.GrpcServerProtocolService (GrpcServerProtocolService.java:onCompleted(145)) - s2: Completed APPEND_ENTRIES, lastRequest: s0->s2#122-t1,previous=(t:1, i:29),leaderCommit=29,initializing? true,entries: size=1, first=(t:1, i:30), STATEMACHINELOGENTRY, 392@client-B329CB6A0B7E
2022-08-18 03:42:38,832 [grpc-default-executor-2] INFO  server.GrpcServerProtocolService (GrpcServerProtocolService.java:onCompleted(145)) - s1: Completed APPEND_ENTRIES, lastRequest: s0->s1#140-t1,previous=(t:1, i:29),leaderCommit=29,initializing? true,entries: size=1, first=(t:1, i:30), STATEMACHINELOGENTRY, 392@client-B329CB6A0B7E
2022-08-18 03:42:38,832 [grpc-default-executor-11] INFO  server.GrpcServerProtocolService (GrpcServerProtocolService.java:onCompleted(145)) - s2: Completed APPEND_ENTRIES, lastRequest: null
2022-08-18 03:42:38,817 [org.apache.ratis.util.JvmPauseMonitor$$Lambda$290/905835907@2b534356] WARN  util.JvmPauseMonitor (JvmPauseMonitor.java:detectPause(124)) - JvmPauseMonitor-s0: Detected pause in JVM or host machine (eg GC): pause of approximately 920386995ns.
GC pool 'PS MarkSweep' had collection(s): count=1 time=906ms
GC pool 'PS Scavenge' had collection(s): count=1 time=106ms
2022-08-18 03:42:38,817 [org.apache.ratis.util.JvmPauseMonitor$$Lambda$290/905835907@3c95b83b] WARN  util.JvmPauseMonitor (JvmPauseMonitor.java:detectPause(124)) - JvmPauseMonitor-s1: Detected pause in JVM or host machine (eg GC): pause of approximately 892840740ns.
GC pool 'PS MarkSweep' had collection(s): count=1 time=906ms
GC pool 'PS Scavenge' had collection(s): count=1 time=106ms
2022-08-18 03:42:38,817 [org.apache.ratis.util.JvmPauseMonitor$$Lambda$290/905835907@1832765a] WARN  util.JvmPauseMonitor (JvmPauseMonitor.java:detectPause(124)) - JvmPauseMonitor-s2: Detected pause in JVM or host machine (eg GC): pause of approximately 858074491ns.
GC pool 'PS MarkSweep' had collection(s): count=1 time=906ms
GC pool 'PS Scavenge' had collection(s): count=1 time=106ms
2022-08-18 03:42:38,817 [s1@group-D128CC958ABE-FollowerState] WARN  impl.FollowerState (FollowerState.java:run(130)) - Unexpected long sleep: sleep 241ms but took extra 786142019ns (> threshold = 300ms)
2022-08-18 03:42:38,834 [grpc-default-executor-2] INFO  server.GrpcLogAppender (GrpcLogAppender.java:onCompleted(402)) - s0@group-D128CC958ABE->s1-AppendLogResponseHandler: follower responses appendEntries COMPLETED
2022-08-18 03:42:38,835 [grpc-default-executor-2] INFO  leader.FollowerInfo (FollowerInfoImpl.java:lambda$new$0(48)) - s0@group-D128CC958ABE->s1: nextIndex: updateUnconditionally 31 -> 30
2022-08-18 03:42:38,845 [grpc-default-executor-0] INFO  server.GrpcLogAppender (GrpcLogAppender.java:onCompleted(402)) - s0@group-D128CC958ABE->s1-AppendLogResponseHandler: follower responses appendEntries COMPLETED
2022-08-18 03:42:38,847 [grpc-default-executor-1] INFO  server.GrpcLogAppender (GrpcLogAppender.java:onCompleted(402)) - s0@group-D128CC958ABE->s2-AppendLogResponseHandler: follower responses appendEntries COMPLETED
2022-08-18 03:42:38,847 [grpc-default-executor-1] INFO  leader.FollowerInfo (FollowerInfoImpl.java:lambda$new$0(48)) - s0@group-D128CC958ABE->s2: nextIndex: updateUnconditionally 31 -> 30
2022-08-18 03:42:38,845 [grpc-default-executor-0] INFO  leader.FollowerInfo (FollowerInfoImpl.java:lambda$new$0(48)) - s0@group-D128CC958ABE->s1: nextIndex: updateUnconditionally 30 -> 29
2022-08-18 03:42:38,900 [grpc-default-executor-14] INFO  server.GrpcLogAppender (GrpcLogAppender.java:onCompleted(402)) - s0@group-D128CC958ABE->s2-AppendLogResponseHandler: follower responses appendEntries COMPLETED
2022-08-18 03:42:38,900 [grpc-default-executor-14] INFO  leader.FollowerInfo (FollowerInfoImpl.java:lambda$new$0(48)) - s0@group-D128CC958ABE->s2: nextIndex: updateUnconditionally 30 -> 29
2022-08-18 03:42:38,900 [s0@group-D128CC958ABE-LeaderStateImpl] INFO  impl.RoleInfo (RoleInfo.java:updateAndGet(139)) - s0: start s0@group-D128CC958ABE-FollowerState
2022-08-18 03:42:38,914 [pool-9-thread-12] INFO  datastream.DataStreamTestUtils (DataStreamTestUtils.java:writeAndCloseAndAssertReplies(320)) - Stream384: bytesWritten=7643635
2022-08-18 03:42:38,915 [pool-9-thread-16] INFO  datastream.DataStreamTestUtils (DataStreamTestUtils.java:writeAndCloseAndAssertReplies(320)) - Stream397: bytesWritten=7545887
2022-08-18 03:42:38,935 [pool-9-thread-14] INFO  datastream.DataStreamTestUtils (DataStreamTestUtils.java:writeAndCloseAndAssertReplies(320)) - Stream398: bytesWritten=7645270
2022-08-18 03:42:38,998 [s1@group-D128CC958ABE-FollowerState] INFO  impl.FollowerState (FollowerState.java:run(143)) - s1@group-D128CC958ABE-FollowerState: change to CANDIDATE, lastRpcElapsedTime:176079965ns, electionTimeout:164ms
2022-08-18 03:42:38,998 [s1@group-D128CC958ABE-FollowerState] INFO  impl.RoleInfo (RoleInfo.java:shutdownFollowerState(110)) - s1: shutdown s1@group-D128CC958ABE-FollowerState
2022-08-18 03:42:38,998 [s1@group-D128CC958ABE-FollowerState] INFO  server.RaftServer$Division (RaftServerImpl.java:setRole(301)) - s1@group-D128CC958ABE: changes role from  FOLLOWER to CANDIDATE at term 1 for changeToCandidate
2022-08-18 03:42:39,010 [pool-9-thread-10] INFO  datastream.DataStreamTestUtils (DataStreamTestUtils.java:writeAndCloseAndAssertReplies(320)) - Stream399: bytesWritten=8199257
2022-08-18 03:42:39,010 [pool-9-thread-11] INFO  datastream.DataStreamTestUtils (DataStreamTestUtils.java:writeAndCloseAndAssertReplies(320)) - Stream400: bytesWritten=7434727
2022-08-18 03:42:39,021 [s1@group-D128CC958ABE-FollowerState] INFO  server.RaftServerConfigKeys (ConfUtils.java:logGet(46)) - raft.server.leaderelection.pre-vote = true (default)
2022-08-18 03:42:39,021 [s1@group-D128CC958ABE-FollowerState] INFO  impl.RoleInfo (RoleInfo.java:updateAndGet(139)) - s1: start s1@group-D128CC958ABE-LeaderElection4
2022-08-18 03:42:39,033 [s1@group-D128CC958ABE-LeaderElection4] INFO  server.RaftServer$Division (ServerState.java:setLeader(313)) - s1@group-D128CC958ABE: change Leader from s0 to null at term 1 for PRE_VOTE
2022-08-18 03:42:39,033 [s1@group-D128CC958ABE-LeaderElection4] INFO  impl.LeaderElection (LeaderElection.java:askForVotes(310)) - s1@group-D128CC958ABE-LeaderElection4 PRE_VOTE round 0: submit vote requests at term 1 for 0: peers:[s0|rpc:localhost:43041|admin:localhost:41627|client:localhost:41753|dataStream:localhost:43729|priority:0|startupRole:FOLLOWER, s1|rpc:localhost:46505|admin:localhost:41383|client:localhost:44149|dataStream:localhost:34715|priority:0|startupRole:FOLLOWER, s2|rpc:localhost:33579|admin:localhost:36665|client:localhost:36785|dataStream:localhost:46131|priority:0|startupRole:FOLLOWER]|listeners:[], old=null
2022-08-18 03:42:39,034 [s1@group-D128CC958ABE-LeaderElection4-1] INFO  server.GrpcServerProtocolClient (GrpcServerProtocolClient.java:<init>(63)) - Build channel for s0
2022-08-18 03:42:39,043 [s1@group-D128CC958ABE-LeaderElection4-2] INFO  server.GrpcServerProtocolClient (GrpcServerProtocolClient.java:<init>(63)) - Build channel for s2
2022-08-18 03:42:39,052 [grpc-default-executor-1] INFO  server.RaftServer$Division (RaftServerImpl.java:requestVote(1198)) - s0@group-D128CC958ABE: receive requestVote(PRE_VOTE, s1, group-D128CC958ABE, 1, (t:1, i:30))
2022-08-18 03:42:39,052 [grpc-default-executor-1] INFO  impl.VoteContext (VoteContext.java:log(48)) - s0@group-D128CC958ABE-FOLLOWER: accept PRE_VOTE from s1: our priority 0 <= candidate's priority 0
2022-08-18 03:42:39,052 [grpc-default-executor-1] INFO  server.RaftServer$Division (RaftServerImpl.java:requestVote(1231)) - s0@group-D128CC958ABE replies to PRE_VOTE vote request: s1<-s0#0:OK-t1. Peer's state: s0@group-D128CC958ABE:t1, leader=s0, voted=s0, raftlog=Memoized:s0@group-D128CC958ABE-SegmentedRaftLog:OPENED:c29, conf=0: peers:[s0|rpc:localhost:43041|admin:localhost:41627|client:localhost:41753|dataStream:localhost:43729|priority:0|startupRole:FOLLOWER, s1|rpc:localhost:46505|admin:localhost:41383|client:localhost:44149|dataStream:localhost:34715|priority:0|startupRole:FOLLOWER, s2|rpc:localhost:33579|admin:localhost:36665|client:localhost:36785|dataStream:localhost:46131|priority:0|startupRole:FOLLOWER]|listeners:[], old=null
2022-08-18 03:42:39,061 [s1@group-D128CC958ABE-LeaderElection4] INFO  impl.LeaderElection (LeaderElection.java:logAndReturn(90)) - s1@group-D128CC958ABE-LeaderElection4: PRE_VOTE PASSED received 1 response(s) and 0 exception(s):
2022-08-18 03:42:39,061 [s1@group-D128CC958ABE-LeaderElection4] INFO  impl.LeaderElection (LeaderElection.java:logAndReturn(94)) -   Response 0: s1<-s0#0:OK-t1
2022-08-18 03:42:39,061 [s1@group-D128CC958ABE-LeaderElection4] INFO  impl.LeaderElection (LeaderElection.java:askForVotes(312)) - s1@group-D128CC958ABE-LeaderElection4 PRE_VOTE round 0: result PASSED
2022-08-18 03:42:39,062 [s1@group-D128CC958ABE-LeaderElection4] INFO  impl.LeaderElection (LeaderElection.java:askForVotes(310)) - s1@group-D128CC958ABE-LeaderElection4 ELECTION round 0: submit vote requests at term 2 for 0: peers:[s0|rpc:localhost:43041|admin:localhost:41627|client:localhost:41753|dataStream:localhost:43729|priority:0|startupRole:FOLLOWER, s1|rpc:localhost:46505|admin:localhost:41383|client:localhost:44149|dataStream:localhost:34715|priority:0|startupRole:FOLLOWER, s2|rpc:localhost:33579|admin:localhost:36665|client:localhost:36785|dataStream:localhost:46131|priority:0|startupRole:FOLLOWER]|listeners:[], old=null
2022-08-18 03:42:39,068 [grpc-default-executor-14] INFO  server.RaftServer$Division (RaftServerImpl.java:requestVote(1198)) - s2@group-D128CC958ABE: receive requestVote(PRE_VOTE, s1, group-D128CC958ABE, 1, (t:1, i:30))
2022-08-18 03:42:39,068 [grpc-default-executor-14] INFO  impl.VoteContext (VoteContext.java:log(48)) - s2@group-D128CC958ABE-FOLLOWER: accept PRE_VOTE from s1: our priority 0 <= candidate's priority 0
2022-08-18 03:42:39,068 [grpc-default-executor-1] INFO  server.RaftServer$Division (RaftServerImpl.java:requestVote(1198)) - s0@group-D128CC958ABE: receive requestVote(ELECTION, s1, group-D128CC958ABE, 2, (t:1, i:30))
2022-08-18 03:42:39,068 [grpc-default-executor-1] INFO  impl.VoteContext (VoteContext.java:log(48)) - s0@group-D128CC958ABE-FOLLOWER: accept ELECTION from s1: our priority 0 <= candidate's priority 0
2022-08-18 03:42:39,068 [grpc-default-executor-1] INFO  server.RaftServer$Division (ServerState.java:setLeader(313)) - s0@group-D128CC958ABE: change Leader from s0 to null at term 2 for updateCurrentTerm
2022-08-18 03:42:39,068 [grpc-default-executor-1] INFO  server.RaftServer$Division (RaftServerImpl.java:setRole(301)) - s0@group-D128CC958ABE: changes role from  FOLLOWER to FOLLOWER at term 2 for candidate:s1
2022-08-18 03:42:39,068 [grpc-default-executor-1] INFO  impl.RoleInfo (RoleInfo.java:shutdownFollowerState(110)) - s0: shutdown s0@group-D128CC958ABE-FollowerState
2022-08-18 03:42:39,068 [grpc-default-executor-1] INFO  impl.RoleInfo (RoleInfo.java:updateAndGet(139)) - s0: start s0@group-D128CC958ABE-FollowerState
2022-08-18 03:42:39,068 [grpc-default-executor-14] INFO  server.RaftServer$Division (RaftServerImpl.java:requestVote(1231)) - s2@group-D128CC958ABE replies to PRE_VOTE vote request: s1<-s2#0:OK-t1. Peer's state: s2@group-D128CC958ABE:t1, leader=s0, voted=s0, raftlog=Memoized:s2@group-D128CC958ABE-SegmentedRaftLog:OPENED:c29, conf=0: peers:[s0|rpc:localhost:43041|admin:localhost:41627|client:localhost:41753|dataStream:localhost:43729|priority:0|startupRole:FOLLOWER, s1|rpc:localhost:46505|admin:localhost:41383|client:localhost:44149|dataStream:localhost:34715|priority:0|startupRole:FOLLOWER, s2|rpc:localhost:33579|admin:localhost:36665|client:localhost:36785|dataStream:localhost:46131|priority:0|startupRole:FOLLOWER]|listeners:[], old=null
2022-08-18 03:42:39,069 [s0@group-D128CC958ABE-FollowerState] INFO  impl.FollowerState (FollowerState.java:run(152)) - s0@group-D128CC958ABE-FollowerState was interrupted
2022-08-18 03:42:39,078 [grpc-default-executor-1] INFO  server.RaftServer$Division (RaftServerImpl.java:requestVote(1231)) - s0@group-D128CC958ABE replies to ELECTION vote request: s1<-s0#0:OK-t2. Peer's state: s0@group-D128CC958ABE:t2, leader=null, voted=s1, raftlog=Memoized:s0@group-D128CC958ABE-SegmentedRaftLog:OPENED:c29, conf=0: peers:[s0|rpc:localhost:43041|admin:localhost:41627|client:localhost:41753|dataStream:localhost:43729|priority:0|startupRole:FOLLOWER, s1|rpc:localhost:46505|admin:localhost:41383|client:localhost:44149|dataStream:localhost:34715|priority:0|startupRole:FOLLOWER, s2|rpc:localhost:33579|admin:localhost:36665|client:localhost:36785|dataStream:localhost:46131|priority:0|startupRole:FOLLOWER]|listeners:[], old=null
2022-08-18 03:42:39,083 [s1@group-D128CC958ABE-LeaderElection4] INFO  impl.LeaderElection (LeaderElection.java:logAndReturn(90)) - s1@group-D128CC958ABE-LeaderElection4: ELECTION PASSED received 1 response(s) and 0 exception(s):
2022-08-18 03:42:39,083 [s1@group-D128CC958ABE-LeaderElection4] INFO  impl.LeaderElection (LeaderElection.java:logAndReturn(94)) -   Response 0: s1<-s0#0:OK-t2
2022-08-18 03:42:39,083 [s1@group-D128CC958ABE-LeaderElection4] INFO  impl.LeaderElection (LeaderElection.java:askForVotes(312)) - s1@group-D128CC958ABE-LeaderElection4 ELECTION round 0: result PASSED
2022-08-18 03:42:39,083 [s1@group-D128CC958ABE-LeaderElection4] INFO  impl.RoleInfo (RoleInfo.java:shutdownLeaderElection(130)) - s1: shutdown s1@group-D128CC958ABE-LeaderElection4
2022-08-18 03:42:39,084 [s1@group-D128CC958ABE-LeaderElection4] INFO  server.RaftServer$Division (RaftServerImpl.java:setRole(301)) - s1@group-D128CC958ABE: changes role from CANDIDATE to LEADER at term 2 for changeToLeader
2022-08-18 03:42:39,084 [s1@group-D128CC958ABE-LeaderElection4] INFO  server.RaftServer$Division (ServerState.java:setLeader(313)) - s1@group-D128CC958ABE: change Leader from null to s1 at term 2 for becomeLeader, leader elected after 50ms
2022-08-18 03:42:39,084 [s1@group-D128CC958ABE-LeaderElection4] INFO  server.RaftServerConfigKeys (ConfUtils.java:logGet(46)) - raft.server.staging.catchup.gap = 1000 (default)
2022-08-18 03:42:39,083 [grpc-default-executor-14] INFO  server.RaftServer$Division (RaftServerImpl.java:requestVote(1198)) - s2@group-D128CC958ABE: receive requestVote(ELECTION, s1, group-D128CC958ABE, 2, (t:1, i:30))
2022-08-18 03:42:39,084 [s1@group-D128CC958ABE-LeaderElection4] INFO  server.RaftServerConfigKeys (ConfUtils.java:logGet(46)) - raft.server.write.element-limit = 4096 (default)
2022-08-18 03:42:39,085 [s1@group-D128CC958ABE-LeaderElection4] INFO  server.RaftServerConfigKeys (ConfUtils.java:logGet(46)) - raft.server.write.byte-limit = 64MB (=67108864) (default)
2022-08-18 03:42:39,085 [s1@group-D128CC958ABE-LeaderElection4] INFO  server.RaftServerConfigKeys (ConfUtils.java:logGet(46)) - raft.server.watch.timeout = 10s (default)
2022-08-18 03:42:39,085 [s1@group-D128CC958ABE-LeaderElection4] INFO  server.RaftServerConfigKeys (ConfUtils.java:logGet(46)) - raft.server.watch.timeout.denomination = 1s (default)
2022-08-18 03:42:39,085 [s1@group-D128CC958ABE-LeaderElection4] INFO  server.RaftServerConfigKeys (ConfUtils.java:logGet(46)) - raft.server.watch.element-limit = 65536 (default)
2022-08-18 03:42:39,085 [s1@group-D128CC958ABE-LeaderElection4] INFO  server.RaftServerConfigKeys (ConfUtils.java:logGet(46)) - raft.server.write.element-limit = 4096 (default)
2022-08-18 03:42:39,085 [s1@group-D128CC958ABE-LeaderElection4] INFO  server.RaftServerConfigKeys (ConfUtils.java:logGet(46)) - raft.server.write.follower.gap.ratio.max = -1.0 (default)
2022-08-18 03:42:39,085 [s1@group-D128CC958ABE-LeaderElection4] INFO  server.RaftServerConfigKeys (ConfUtils.java:logGet(46)) - raft.server.log.appender.snapshot.chunk.size.max = 16MB (=16777216) (default)
2022-08-18 03:42:39,085 [s1@group-D128CC958ABE-LeaderElection4] INFO  server.RaftServerConfigKeys (ConfUtils.java:logGet(46)) - raft.server.log.appender.buffer.byte-limit = 4MB (=4194304) (default)
2022-08-18 03:42:39,086 [s1@group-D128CC958ABE-LeaderElection4] INFO  server.RaftServerConfigKeys (ConfUtils.java:logGet(46)) - raft.server.log.appender.buffer.element-limit = 0 (default)
2022-08-18 03:42:39,086 [s1@group-D128CC958ABE-LeaderElection4] INFO  grpc.GrpcConfigKeys (ConfUtils.java:logGet(46)) - raft.grpc.server.leader.outstanding.appends.max = 128 (default)
2022-08-18 03:42:39,086 [s1@group-D128CC958ABE-LeaderElection4] INFO  server.RaftServerConfigKeys (ConfUtils.java:logGet(46)) - raft.server.rpc.request.timeout = 3000ms (default)
2022-08-18 03:42:39,086 [s1@group-D128CC958ABE-LeaderElection4] INFO  server.RaftServerConfigKeys (ConfUtils.java:logGet(46)) - raft.server.log.appender.install.snapshot.enabled = true (default)
2022-08-18 03:42:39,086 [s1@group-D128CC958ABE-LeaderElection4] INFO  grpc.GrpcConfigKeys (ConfUtils.java:logGet(46)) - raft.grpc.server.heartbeat.channel = true (default)
2022-08-18 03:42:39,086 [s1@group-D128CC958ABE-LeaderElection4] INFO  server.RaftServerConfigKeys (ConfUtils.java:logGet(46)) - raft.server.log.appender.snapshot.chunk.size.max = 16MB (=16777216) (default)
2022-08-18 03:42:39,086 [s1@group-D128CC958ABE-LeaderElection4] INFO  server.RaftServerConfigKeys (ConfUtils.java:logGet(46)) - raft.server.log.appender.buffer.byte-limit = 4MB (=4194304) (default)
2022-08-18 03:42:39,086 [s1@group-D128CC958ABE-LeaderElection4] INFO  server.RaftServerConfigKeys (ConfUtils.java:logGet(46)) - raft.server.log.appender.buffer.element-limit = 0 (default)
2022-08-18 03:42:39,086 [s1@group-D128CC958ABE-LeaderElection4] INFO  grpc.GrpcConfigKeys (ConfUtils.java:logGet(46)) - raft.grpc.server.leader.outstanding.appends.max = 128 (default)
2022-08-18 03:42:39,086 [s1@group-D128CC958ABE-LeaderElection4] INFO  server.RaftServerConfigKeys (ConfUtils.java:logGet(46)) - raft.server.rpc.request.timeout = 3000ms (default)
2022-08-18 03:42:39,086 [s1@group-D128CC958ABE-LeaderElection4] INFO  server.RaftServerConfigKeys (ConfUtils.java:logGet(46)) - raft.server.log.appender.install.snapshot.enabled = true (default)
2022-08-18 03:42:39,086 [s1@group-D128CC958ABE-LeaderElection4] INFO  grpc.GrpcConfigKeys (ConfUtils.java:logGet(46)) - raft.grpc.server.heartbeat.channel = true (default)
2022-08-18 03:42:39,086 [s1@group-D128CC958ABE-LeaderElection4] INFO  impl.RoleInfo (RoleInfo.java:updateAndGet(139)) - s1: start s1@group-D128CC958ABE-LeaderStateImpl
2022-08-18 03:42:39,085 [grpc-default-executor-14] INFO  impl.VoteContext (VoteContext.java:log(48)) - s2@group-D128CC958ABE-FOLLOWER: accept ELECTION from s1: our priority 0 <= candidate's priority 0
2022-08-18 03:42:39,087 [grpc-default-executor-14] INFO  server.RaftServer$Division (ServerState.java:setLeader(313)) - s2@group-D128CC958ABE: change Leader from s0 to null at term 2 for updateCurrentTerm
2022-08-18 03:42:39,087 [grpc-default-executor-14] INFO  server.RaftServer$Division (RaftServerImpl.java:setRole(301)) - s2@group-D128CC958ABE: changes role from  FOLLOWER to FOLLOWER at term 2 for candidate:s1
2022-08-18 03:42:39,087 [grpc-default-executor-14] INFO  impl.RoleInfo (RoleInfo.java:shutdownFollowerState(110)) - s2: shutdown s2@group-D128CC958ABE-FollowerState
2022-08-18 03:42:39,087 [grpc-default-executor-14] INFO  impl.RoleInfo (RoleInfo.java:updateAndGet(139)) - s2: start s2@group-D128CC958ABE-FollowerState
2022-08-18 03:42:39,087 [s2@group-D128CC958ABE-FollowerState] INFO  impl.FollowerState (FollowerState.java:run(152)) - s2@group-D128CC958ABE-FollowerState was interrupted
2022-08-18 03:42:39,087 [s1@group-D128CC958ABE-LeaderElection4] INFO  segmented.SegmentedRaftLogWorker (SegmentedRaftLogWorker.java:rollLogSegment(457)) - s1@group-D128CC958ABE-SegmentedRaftLogWorker: Rolling segment log-0_30 to index:30
2022-08-18 03:42:39,090 [s1@group-D128CC958ABE-SegmentedRaftLogWorker] TRACE util.FileUtils (LogUtils.java:runAndLog(49)) - Successfully ran Files.move /home/runner/work/ratis/ratis/ratis-test/target/test/data/ce6a40b0/MiniRaftClusterWithRpcTypeGrpcAndDataStreamTypeNettyab8706e1/s1/ae69ee49-a3bc-4e93-93a7-d128cc958abe/current/log_inprogress_0 to /home/runner/work/ratis/ratis/ratis-test/target/test/data/ce6a40b0/MiniRaftClusterWithRpcTypeGrpcAndDataStreamTypeNettyab8706e1/s1/ae69ee49-a3bc-4e93-93a7-d128cc958abe/current/log_0-30
2022-08-18 03:42:39,090 [s1@group-D128CC958ABE-SegmentedRaftLogWorker] INFO  segmented.SegmentedRaftLogWorker (SegmentedRaftLogWorker.java:execute(613)) - s1@group-D128CC958ABE-SegmentedRaftLogWorker: Rolled log segment from /home/runner/work/ratis/ratis/ratis-test/target/test/data/ce6a40b0/MiniRaftClusterWithRpcTypeGrpcAndDataStreamTypeNettyab8706e1/s1/ae69ee49-a3bc-4e93-93a7-d128cc958abe/current/log_inprogress_0 to /home/runner/work/ratis/ratis/ratis-test/target/test/data/ce6a40b0/MiniRaftClusterWithRpcTypeGrpcAndDataStreamTypeNettyab8706e1/s1/ae69ee49-a3bc-4e93-93a7-d128cc958abe/current/log_0-30
2022-08-18 03:42:39,102 [s1@group-D128CC958ABE-SegmentedRaftLogWorker] INFO  segmented.SegmentedRaftLogWorker (SegmentedRaftLogWorker.java:execute(656)) - s1@group-D128CC958ABE-SegmentedRaftLogWorker: created new log segment /home/runner/work/ratis/ratis/ratis-test/target/test/data/ce6a40b0/MiniRaftClusterWithRpcTypeGrpcAndDataStreamTypeNettyab8706e1/s1/ae69ee49-a3bc-4e93-93a7-d128cc958abe/current/log_inprogress_31
2022-08-18 03:42:39,102 [grpc-default-executor-14] INFO  server.RaftServer$Division (RaftServerImpl.java:requestVote(1231)) - s2@group-D128CC958ABE replies to ELECTION vote request: s1<-s2#0:OK-t2. Peer's state: s2@group-D128CC958ABE:t2, leader=null, voted=s1, raftlog=Memoized:s2@group-D128CC958ABE-SegmentedRaftLog:OPENED:c29, conf=0: peers:[s0|rpc:localhost:43041|admin:localhost:41627|client:localhost:41753|dataStream:localhost:43729|priority:0|startupRole:FOLLOWER, s1|rpc:localhost:46505|admin:localhost:41383|client:localhost:44149|dataStream:localhost:34715|priority:0|startupRole:FOLLOWER, s2|rpc:localhost:33579|admin:localhost:36665|client:localhost:36785|dataStream:localhost:46131|priority:0|startupRole:FOLLOWER]|listeners:[], old=null
2022-08-18 03:42:39,106 [s1@group-D128CC958ABE-LeaderElection4] INFO  server.RaftServer$Division (ServerState.java:setRaftConf(429)) - s1@group-D128CC958ABE: set configuration 31: peers:[s0|rpc:localhost:43041|admin:localhost:41627|client:localhost:41753|dataStream:localhost:43729|priority:0|startupRole:FOLLOWER, s1|rpc:localhost:46505|admin:localhost:41383|client:localhost:44149|dataStream:localhost:34715|priority:0|startupRole:FOLLOWER, s2|rpc:localhost:33579|admin:localhost:36665|client:localhost:36785|dataStream:localhost:46131|priority:0|startupRole:FOLLOWER]|listeners:[], old=null
2022-08-18 03:42:39,131 [s2-server-thread2] INFO  server.RaftServer$Division (ServerState.java:setLeader(313)) - s2@group-D128CC958ABE: change Leader from null to s1 at term 2 for appendEntries, leader elected after 43ms
2022-08-18 03:42:39,132 [s2-server-thread2] INFO  server.RaftServer$Division (ServerState.java:setRaftConf(429)) - s2@group-D128CC958ABE: set configuration 31: peers:[s0|rpc:localhost:43041|admin:localhost:41627|client:localhost:41753|dataStream:localhost:43729|priority:0|startupRole:FOLLOWER, s1|rpc:localhost:46505|admin:localhost:41383|client:localhost:44149|dataStream:localhost:34715|priority:0|startupRole:FOLLOWER, s2|rpc:localhost:33579|admin:localhost:36665|client:localhost:36785|dataStream:localhost:46131|priority:0|startupRole:FOLLOWER]|listeners:[], old=null
2022-08-18 03:42:39,132 [s2-server-thread2] INFO  segmented.SegmentedRaftLogWorker (SegmentedRaftLogWorker.java:rollLogSegment(457)) - s2@group-D128CC958ABE-SegmentedRaftLogWorker: Rolling segment log-0_30 to index:30
2022-08-18 03:42:39,133 [s2@group-D128CC958ABE-SegmentedRaftLogWorker] TRACE util.FileUtils (LogUtils.java:runAndLog(49)) - Successfully ran Files.move /home/runner/work/ratis/ratis/ratis-test/target/test/data/ce6a40b0/MiniRaftClusterWithRpcTypeGrpcAndDataStreamTypeNettyab8706e1/s2/ae69ee49-a3bc-4e93-93a7-d128cc958abe/current/log_inprogress_0 to /home/runner/work/ratis/ratis/ratis-test/target/test/data/ce6a40b0/MiniRaftClusterWithRpcTypeGrpcAndDataStreamTypeNettyab8706e1/s2/ae69ee49-a3bc-4e93-93a7-d128cc958abe/current/log_0-30
2022-08-18 03:42:39,133 [s2@group-D128CC958ABE-SegmentedRaftLogWorker] INFO  segmented.SegmentedRaftLogWorker (SegmentedRaftLogWorker.java:execute(613)) - s2@group-D128CC958ABE-SegmentedRaftLogWorker: Rolled log segment from /home/runner/work/ratis/ratis/ratis-test/target/test/data/ce6a40b0/MiniRaftClusterWithRpcTypeGrpcAndDataStreamTypeNettyab8706e1/s2/ae69ee49-a3bc-4e93-93a7-d128cc958abe/current/log_inprogress_0 to /home/runner/work/ratis/ratis/ratis-test/target/test/data/ce6a40b0/MiniRaftClusterWithRpcTypeGrpcAndDataStreamTypeNettyab8706e1/s2/ae69ee49-a3bc-4e93-93a7-d128cc958abe/current/log_0-30
2022-08-18 03:42:39,135 [s0-server-thread1] INFO  server.RaftServer$Division (ServerState.java:setLeader(313)) - s0@group-D128CC958ABE: change Leader from null to s1 at term 2 for appendEntries, leader elected after 66ms
2022-08-18 03:42:39,135 [s0-server-thread1] INFO  server.RaftServer$Division (ServerState.java:setRaftConf(429)) - s0@group-D128CC958ABE: set configuration 31: peers:[s0|rpc:localhost:43041|admin:localhost:41627|client:localhost:41753|dataStream:localhost:43729|priority:0|startupRole:FOLLOWER, s1|rpc:localhost:46505|admin:localhost:41383|client:localhost:44149|dataStream:localhost:34715|priority:0|startupRole:FOLLOWER, s2|rpc:localhost:33579|admin:localhost:36665|client:localhost:36785|dataStream:localhost:46131|priority:0|startupRole:FOLLOWER]|listeners:[], old=null
2022-08-18 03:42:39,135 [s0-server-thread1] INFO  segmented.SegmentedRaftLogWorker (SegmentedRaftLogWorker.java:rollLogSegment(457)) - s0@group-D128CC958ABE-SegmentedRaftLogWorker: Rolling segment log-0_30 to index:30
2022-08-18 03:42:39,136 [s0@group-D128CC958ABE-SegmentedRaftLogWorker] TRACE util.FileUtils (LogUtils.java:runAndLog(49)) - Successfully ran Files.move /home/runner/work/ratis/ratis/ratis-test/target/test/data/ce6a40b0/MiniRaftClusterWithRpcTypeGrpcAndDataStreamTypeNettyab8706e1/s0/ae69ee49-a3bc-4e93-93a7-d128cc958abe/current/log_inprogress_0 to /home/runner/work/ratis/ratis/ratis-test/target/test/data/ce6a40b0/MiniRaftClusterWithRpcTypeGrpcAndDataStreamTypeNettyab8706e1/s0/ae69ee49-a3bc-4e93-93a7-d128cc958abe/current/log_0-30
2022-08-18 03:42:39,136 [s0@group-D128CC958ABE-SegmentedRaftLogWorker] INFO  segmented.SegmentedRaftLogWorker (SegmentedRaftLogWorker.java:execute(613)) - s0@group-D128CC958ABE-SegmentedRaftLogWorker: Rolled log segment from /home/runner/work/ratis/ratis/ratis-test/target/test/data/ce6a40b0/MiniRaftClusterWithRpcTypeGrpcAndDataStreamTypeNettyab8706e1/s0/ae69ee49-a3bc-4e93-93a7-d128cc958abe/current/log_inprogress_0 to /home/runner/work/ratis/ratis/ratis-test/target/test/data/ce6a40b0/MiniRaftClusterWithRpcTypeGrpcAndDataStreamTypeNettyab8706e1/s0/ae69ee49-a3bc-4e93-93a7-d128cc958abe/current/log_0-30
2022-08-18 03:42:39,152 [s0@group-D128CC958ABE-SegmentedRaftLogWorker] INFO  segmented.SegmentedRaftLogWorker (SegmentedRaftLogWorker.java:execute(656)) - s0@group-D128CC958ABE-SegmentedRaftLogWorker: created new log segment /home/runner/work/ratis/ratis/ratis-test/target/test/data/ce6a40b0/MiniRaftClusterWithRpcTypeGrpcAndDataStreamTypeNettyab8706e1/s0/ae69ee49-a3bc-4e93-93a7-d128cc958abe/current/log_inprogress_31
2022-08-18 03:42:39,152 [s2@group-D128CC958ABE-SegmentedRaftLogWorker] INFO  segmented.SegmentedRaftLogWorker (SegmentedRaftLogWorker.java:execute(656)) - s2@group-D128CC958ABE-SegmentedRaftLogWorker: created new log segment /home/runner/work/ratis/ratis/ratis-test/target/test/data/ce6a40b0/MiniRaftClusterWithRpcTypeGrpcAndDataStreamTypeNettyab8706e1/s2/ae69ee49-a3bc-4e93-93a7-d128cc958abe/current/log_inprogress_31
2022-08-18 03:42:39,189 [s1-client-thread1] INFO  statemachine.StateMachine (DataStreamTestUtils.java:link(157)) - link null
2022-08-18 03:42:39,240 [s0-server-thread3] INFO  statemachine.StateMachine (DataStreamTestUtils.java:link(157)) - link null
2022-08-18 03:42:39,243 [grpc-default-executor-3] WARN  server.GrpcServerProtocolService (LogUtils.java:warn(124)) - s0: Failed APPEND_ENTRIES request s1->s0#10-t2,previous=(t:2, i:32),leaderCommit=32,initializing? true,entries: size=1, first=(t:2, i:33), STATEMACHINELOGENTRY, 392@client-B329CB6A0B7E
java.util.concurrent.CompletionException: java.io.IOException: java.lang.IllegalStateException: Null stream: entry=term: 2
index: 33
stateMachineLogEntry {
  type: DATASTREAM
  clientId: "\237n\223\326\222\017C\341\254G\263)\313j\v~"
  callId: 392
}

	at java.util.concurrent.CompletableFuture.encodeThrowable(CompletableFuture.java:292)
	at java.util.concurrent.CompletableFuture.completeThrowable(CompletableFuture.java:308)
	at java.util.concurrent.CompletableFuture.biRelay(CompletableFuture.java:1298)
	at java.util.concurrent.CompletableFuture$BiRelay.tryFire(CompletableFuture.java:1284)
	at java.util.concurrent.CompletableFuture.postComplete(CompletableFuture.java:488)
	at java.util.concurrent.CompletableFuture.completeExceptionally(CompletableFuture.java:1990)
	at org.apache.ratis.server.raftlog.segmented.SegmentedRaftLog$Task.failed(SegmentedRaftLog.java:104)
	at org.apache.ratis.server.raftlog.segmented.SegmentedRaftLogWorker$WriteLog.failed(SegmentedRaftLogWorker.java:540)
	at org.apache.ratis.server.raftlog.segmented.SegmentedRaftLogWorker.run(SegmentedRaftLogWorker.java:328)
	at java.lang.Thread.run(Thread.java:750)
Caused by: java.io.IOException: java.lang.IllegalStateException: Null stream: entry=term: 2
index: 33
stateMachineLogEntry {
  type: DATASTREAM
  clientId: "\237n\223\326\222\017C\341\254G\263)\313j\v~"
  callId: 392
}

	at org.apache.ratis.util.IOUtils.asIOException(IOUtils.java:56)
	at org.apache.ratis.util.IOUtils.toIOException(IOUtils.java:61)
	at org.apache.ratis.util.IOUtils.getFromFuture(IOUtils.java:85)
	at org.apache.ratis.server.raftlog.segmented.SegmentedRaftLogWorker$StateMachineDataPolicy.getFromFuture(SegmentedRaftLogWorker.java:90)
	at org.apache.ratis.server.raftlog.segmented.SegmentedRaftLogWorker$WriteLog.execute(SegmentedRaftLogWorker.java:561)
	at org.apache.ratis.server.raftlog.segmented.SegmentedRaftLogWorker.run(SegmentedRaftLogWorker.java:319)
	... 1 more
Caused by: java.lang.IllegalStateException: Null stream: entry=term: 2
index: 33
stateMachineLogEntry {
  type: DATASTREAM
  clientId: "\237n\223\326\222\017C\341\254G\263)\313j\v~"
  callId: 392
}

	at org.apache.ratis.datastream.DataStreamTestUtils$MultiDataStreamStateMachine.link(DataStreamTestUtils.java:159)
	at org.apache.ratis.server.raftlog.segmented.SegmentedRaftLogWorker$WriteLog.<init>(SegmentedRaftLogWorker.java:518)
	at org.apache.ratis.server.raftlog.segmented.SegmentedRaftLogWorker.writeLogEntry(SegmentedRaftLogWorker.java:464)
	at org.apache.ratis.server.raftlog.segmented.SegmentedRaftLog.appendEntryImpl(SegmentedRaftLog.java:408)
	at org.apache.ratis.server.raftlog.RaftLogBase.lambda$appendEntry$10(RaftLogBase.java:330)
	at org.apache.ratis.server.raftlog.RaftLogSequentialOps$Runner.runSequentially(RaftLogSequentialOps.java:78)
	at org.apache.ratis.server.raftlog.RaftLogBase.appendEntry(RaftLogBase.java:330)
	at org.apache.ratis.server.raftlog.segmented.SegmentedRaftLog.appendImpl(SegmentedRaftLog.java:457)
	at org.apache.ratis.server.raftlog.RaftLogBase.lambda$append$11(RaftLogBase.java:337)
	at org.apache.ratis.server.raftlog.RaftLogSequentialOps$Runner.runSequentially(RaftLogSequentialOps.java:69)
	at org.apache.ratis.server.raftlog.RaftLogBase.append(RaftLogBase.java:337)
	at org.apache.ratis.server.impl.RaftServerImpl.appendEntriesAsync(RaftServerImpl.java:1403)
	at org.apache.ratis.server.impl.RaftServerImpl.appendEntriesAsync(RaftServerImpl.java:1289)
	at org.apache.ratis.server.impl.RaftServerProxy.lambda$null$25(RaftServerProxy.java:624)
	at org.apache.ratis.util.JavaUtils.callAsUnchecked(JavaUtils.java:115)
	at org.apache.ratis.server.impl.RaftServerImpl.lambda$executeSubmitServerRequestAsync$11(RaftServerImpl.java:789)
	at java.util.concurrent.CompletableFuture$AsyncSupply.run(CompletableFuture.java:1604)
	at java.util.concurrent.ThreadPoolExecutor.runWorker(ThreadPoolExecutor.java:1149)
	at java.util.concurrent.ThreadPoolExecutor$Worker.run(ThreadPoolExecutor.java:624)
	... 1 more
2022-08-18 03:42:39,244 [s2-server-thread2] INFO  statemachine.StateMachine (DataStreamTestUtils.java:link(157)) - link null
2022-08-18 03:42:39,251 [s2-server-thread2] WARN  server.GrpcServerProtocolService (LogUtils.java:warn(124)) - s2: Failed APPEND_ENTRIES request s1->s2#8-t2,previous=(t:2, i:32),leaderCommit=32,initializing? true,entries: size=1, first=(t:2, i:33), STATEMACHINELOGENTRY, 392@client-B329CB6A0B7E
java.util.concurrent.CompletionException: java.io.IOException: java.lang.IllegalStateException: Null stream: entry=term: 2
index: 33
stateMachineLogEntry {
  type: DATASTREAM
  clientId: "\237n\223\326\222\017C\341\254G\263)\313j\v~"
  callId: 392
}

	at java.util.concurrent.CompletableFuture.encodeThrowable(CompletableFuture.java:292)
	at java.util.concurrent.CompletableFuture.completeThrowable(CompletableFuture.java:308)
	at java.util.concurrent.CompletableFuture.biRelay(CompletableFuture.java:1298)
	at java.util.concurrent.CompletableFuture$BiRelay.tryFire(CompletableFuture.java:1284)
	at java.util.concurrent.CompletableFuture.postComplete(CompletableFuture.java:488)
	at java.util.concurrent.CompletableFuture.completeExceptionally(CompletableFuture.java:1990)
	at org.apache.ratis.server.raftlog.segmented.SegmentedRaftLog$Task.failed(SegmentedRaftLog.java:104)
	at org.apache.ratis.server.raftlog.segmented.SegmentedRaftLogWorker$WriteLog.failed(SegmentedRaftLogWorker.java:540)
	at org.apache.ratis.server.raftlog.segmented.SegmentedRaftLogWorker.run(SegmentedRaftLogWorker.java:328)
	at java.lang.Thread.run(Thread.java:750)
Caused by: java.io.IOException: java.lang.IllegalStateException: Null stream: entry=term: 2
index: 33
stateMachineLogEntry {
  type: DATASTREAM
  clientId: "\237n\223\326\222\017C\341\254G\263)\313j\v~"
  callId: 392
}

	at org.apache.ratis.util.IOUtils.asIOException(IOUtils.java:56)
	at org.apache.ratis.util.IOUtils.toIOException(IOUtils.java:61)
	at org.apache.ratis.util.IOUtils.getFromFuture(IOUtils.java:85)
	at org.apache.ratis.server.raftlog.segmented.SegmentedRaftLogWorker$StateMachineDataPolicy.getFromFuture(SegmentedRaftLogWorker.java:90)
	at org.apache.ratis.server.raftlog.segmented.SegmentedRaftLogWorker$WriteLog.execute(SegmentedRaftLogWorker.java:561)
	at org.apache.ratis.server.raftlog.segmented.SegmentedRaftLogWorker.run(SegmentedRaftLogWorker.java:319)
	... 1 more
Caused by: java.lang.IllegalStateException: Null stream: entry=term: 2
index: 33
stateMachineLogEntry {
  type: DATASTREAM
  clientId: "\237n\223\326\222\017C\341\254G\263)\313j\v~"
  callId: 392
}

	at org.apache.ratis.datastream.DataStreamTestUtils$MultiDataStreamStateMachine.link(DataStreamTestUtils.java:159)
	at org.apache.ratis.server.raftlog.segmented.SegmentedRaftLogWorker$WriteLog.<init>(SegmentedRaftLogWorker.java:518)
	at org.apache.ratis.server.raftlog.segmented.SegmentedRaftLogWorker.writeLogEntry(SegmentedRaftLogWorker.java:464)
	at org.apache.ratis.server.raftlog.segmented.SegmentedRaftLog.appendEntryImpl(SegmentedRaftLog.java:408)
	at org.apache.ratis.server.raftlog.RaftLogBase.lambda$appendEntry$10(RaftLogBase.java:330)
	at org.apache.ratis.server.raftlog.RaftLogSequentialOps$Runner.runSequentially(RaftLogSequentialOps.java:78)
	at org.apache.ratis.server.raftlog.RaftLogBase.appendEntry(RaftLogBase.java:330)
	at org.apache.ratis.server.raftlog.segmented.SegmentedRaftLog.appendImpl(SegmentedRaftLog.java:457)
	at org.apache.ratis.server.raftlog.RaftLogBase.lambda$append$11(RaftLogBase.java:337)
	at org.apache.ratis.server.raftlog.RaftLogSequentialOps$Runner.runSequentially(RaftLogSequentialOps.java:69)
	at org.apache.ratis.server.raftlog.RaftLogBase.append(RaftLogBase.java:337)
	at org.apache.ratis.server.impl.RaftServerImpl.appendEntriesAsync(RaftServerImpl.java:1403)
	at org.apache.ratis.server.impl.RaftServerImpl.appendEntriesAsync(RaftServerImpl.java:1289)
	at org.apache.ratis.server.impl.RaftServerProxy.lambda$null$25(RaftServerProxy.java:624)
	at org.apache.ratis.util.JavaUtils.callAsUnchecked(JavaUtils.java:115)
	at org.apache.ratis.server.impl.RaftServerImpl.lambda$executeSubmitServerRequestAsync$11(RaftServerImpl.java:789)
	at java.util.concurrent.CompletableFuture$AsyncSupply.run(CompletableFuture.java:1604)
	at java.util.concurrent.ThreadPoolExecutor.runWorker(ThreadPoolExecutor.java:1149)
	at java.util.concurrent.ThreadPoolExecutor$Worker.run(ThreadPoolExecutor.java:624)
	... 1 more
2022-08-18 03:42:39,282 [grpc-default-executor-14] WARN  server.GrpcLogAppender (LogUtils.java:warn(124)) - s1@group-D128CC958ABE->s0-AppendLogResponseHandler: Failed appendEntries
java.io.IOException: java.lang.IllegalStateException: Null stream: entry=term: 2
index: 33
stateMachineLogEntry {
  type: DATASTREAM
  clientId: "\237n\223\326\222\017C\341\254G\263)\313j\v~"
  callId: 392
}

	at org.apache.ratis.util.IOUtils.asIOException(IOUtils.java:56)
	at org.apache.ratis.util.IOUtils.toIOException(IOUtils.java:61)
	at org.apache.ratis.util.IOUtils.getFromFuture(IOUtils.java:85)
	at org.apache.ratis.server.raftlog.segmented.SegmentedRaftLogWorker$StateMachineDataPolicy.getFromFuture(SegmentedRaftLogWorker.java:90)
	at org.apache.ratis.server.raftlog.segmented.SegmentedRaftLogWorker$WriteLog.execute(SegmentedRaftLogWorker.java:561)
	at org.apache.ratis.server.raftlog.segmented.SegmentedRaftLogWorker.run(SegmentedRaftLogWorker.java:319)
	at java.lang.Thread.run(Thread.java:750)
Caused by: java.lang.IllegalStateException: Null stream: entry=term: 2
index: 33
stateMachineLogEntry {
  type: DATASTREAM
  clientId: "\237n\223\326\222\017C\341\254G\263)\313j\v~"
  callId: 392
}

	at org.apache.ratis.datastream.DataStreamTestUtils$MultiDataStreamStateMachine.link(DataStreamTestUtils.java:159)
	at org.apache.ratis.server.raftlog.segmented.SegmentedRaftLogWorker$WriteLog.<init>(SegmentedRaftLogWorker.java:518)
	at org.apache.ratis.server.raftlog.segmented.SegmentedRaftLogWorker.writeLogEntry(SegmentedRaftLogWorker.java:464)
	at org.apache.ratis.server.raftlog.segmented.SegmentedRaftLog.appendEntryImpl(SegmentedRaftLog.java:408)
	at org.apache.ratis.server.raftlog.RaftLogBase.lambda$appendEntry$10(RaftLogBase.java:330)
	at org.apache.ratis.server.raftlog.RaftLogSequentialOps$Runner.runSequentially(RaftLogSequentialOps.java:78)
	at org.apache.ratis.server.raftlog.RaftLogBase.appendEntry(RaftLogBase.java:330)
	at org.apache.ratis.server.raftlog.segmented.SegmentedRaftLog.appendImpl(SegmentedRaftLog.java:457)
	at org.apache.ratis.server.raftlog.RaftLogBase.lambda$append$11(RaftLogBase.java:337)
	at org.apache.ratis.server.raftlog.RaftLogSequentialOps$Runner.runSequentially(RaftLogSequentialOps.java:69)
	at org.apache.ratis.server.raftlog.RaftLogBase.append(RaftLogBase.java:337)
	at org.apache.ratis.server.impl.RaftServerImpl.appendEntriesAsync(RaftServerImpl.java:1403)
	at org.apache.ratis.server.impl.RaftServerImpl.appendEntriesAsync(RaftServerImpl.java:1289)
	at org.apache.ratis.server.impl.RaftServerProxy.lambda$null$25(RaftServerProxy.java:624)
	at org.apache.ratis.util.JavaUtils.callAsUnchecked(JavaUtils.java:115)
	at org.apache.ratis.server.impl.RaftServerImpl.lambda$executeSubmitServerRequestAsync$11(RaftServerImpl.java:789)
	at java.util.concurrent.CompletableFuture$AsyncSupply.run(CompletableFuture.java:1604)
	at java.util.concurrent.ThreadPoolExecutor.runWorker(ThreadPoolExecutor.java:1149)
	at java.util.concurrent.ThreadPoolExecutor$Worker.run(ThreadPoolExecutor.java:624)
	... 1 more
2022-08-18 03:42:39,283 [grpc-default-executor-11] WARN  server.GrpcLogAppender (LogUtils.java:warn(124)) - s1@group-D128CC958ABE->s2-AppendLogResponseHandler: Failed appendEntries
java.io.IOException: java.lang.IllegalStateException: Null stream: entry=term: 2
index: 33
stateMachineLogEntry {
  type: DATASTREAM
  clientId: "\237n\223\326\222\017C\341\254G\263)\313j\v~"
  callId: 392
}

	at org.apache.ratis.util.IOUtils.asIOException(IOUtils.java:56)
	at org.apache.ratis.util.IOUtils.toIOException(IOUtils.java:61)
	at org.apache.ratis.util.IOUtils.getFromFuture(IOUtils.java:85)
	at org.apache.ratis.server.raftlog.segmented.SegmentedRaftLogWorker$StateMachineDataPolicy.getFromFuture(SegmentedRaftLogWorker.java:90)
	at org.apache.ratis.server.raftlog.segmented.SegmentedRaftLogWorker$WriteLog.execute(SegmentedRaftLogWorker.java:561)
	at org.apache.ratis.server.raftlog.segmented.SegmentedRaftLogWorker.run(SegmentedRaftLogWorker.java:319)
	at java.lang.Thread.run(Thread.java:750)
Caused by: java.lang.IllegalStateException: Null stream: entry=term: 2
index: 33
stateMachineLogEntry {
  type: DATASTREAM
  clientId: "\237n\223\326\222\017C\341\254G\263)\313j\v~"
  callId: 392
}

	at org.apache.ratis.datastream.DataStreamTestUtils$MultiDataStreamStateMachine.link(DataStreamTestUtils.java:159)
	at org.apache.ratis.server.raftlog.segmented.SegmentedRaftLogWorker$WriteLog.<init>(SegmentedRaftLogWorker.java:518)
	at org.apache.ratis.server.raftlog.segmented.SegmentedRaftLogWorker.writeLogEntry(SegmentedRaftLogWorker.java:464)
	at org.apache.ratis.server.raftlog.segmented.SegmentedRaftLog.appendEntryImpl(SegmentedRaftLog.java:408)
	at org.apache.ratis.server.raftlog.RaftLogBase.lambda$appendEntry$10(RaftLogBase.java:330)
	at org.apache.ratis.server.raftlog.RaftLogSequentialOps$Runner.runSequentially(RaftLogSequentialOps.java:78)
	at org.apache.ratis.server.raftlog.RaftLogBase.appendEntry(RaftLogBase.java:330)
	at org.apache.ratis.server.raftlog.segmented.SegmentedRaftLog.appendImpl(SegmentedRaftLog.java:457)
	at org.apache.ratis.server.raftlog.RaftLogBase.lambda$append$11(RaftLogBase.java:337)
	at org.apache.ratis.server.raftlog.RaftLogSequentialOps$Runner.runSequentially(RaftLogSequentialOps.java:69)
	at org.apache.ratis.server.raftlog.RaftLogBase.append(RaftLogBase.java:337)
	at org.apache.ratis.server.impl.RaftServerImpl.appendEntriesAsync(RaftServerImpl.java:1403)
	at org.apache.ratis.server.impl.RaftServerImpl.appendEntriesAsync(RaftServerImpl.java:1289)
	at org.apache.ratis.server.impl.RaftServerProxy.lambda$null$25(RaftServerProxy.java:624)
	at org.apache.ratis.util.JavaUtils.callAsUnchecked(JavaUtils.java:115)
	at org.apache.ratis.server.impl.RaftServerImpl.lambda$executeSubmitServerRequestAsync$11(RaftServerImpl.java:789)
	at java.util.concurrent.CompletableFuture$AsyncSupply.run(CompletableFuture.java:1604)
	at java.util.concurrent.ThreadPoolExecutor.runWorker(ThreadPoolExecutor.java:1149)
	at java.util.concurrent.ThreadPoolExecutor$Worker.run(ThreadPoolExecutor.java:624)
	... 1 more
2022-08-18 03:42:39,284 [grpc-default-executor-11] INFO  leader.FollowerInfo (FollowerInfoImpl.java:lambda$new$0(48)) - s1@group-D128CC958ABE->s2: nextIndex: updateUnconditionally 34 -> 33
2022-08-18 03:42:39,285 [grpc-default-executor-14] INFO  leader.FollowerInfo (FollowerInfoImpl.java:lambda$new$0(48)) - s1@group-D128CC958ABE->s0: nextIndex: updateUnconditionally 34 -> 33
2022-08-18 03:42:39,406 [s1-client-thread1] INFO  statemachine.StateMachine (DataStreamTestUtils.java:link(157)) - link SingleDataStream: writeRequest=RaftClientRequest:client-1F26C3633272->s2@group-D128CC958ABE, cid=396, seq=0, DataStream, Message:<EMPTY>, logEntry=null
2022-08-18 03:42:39,407 [s2-server-thread2] INFO  statemachine.StateMachine (DataStreamTestUtils.java:link(157)) - link SingleDataStream: writeRequest=RaftClientRequest:client-1F26C3633272->s2@group-D128CC958ABE, cid=396, seq=0, DataStream, Message:<EMPTY>, logEntry=null
2022-08-18 03:42:39,407 [s1-client-thread1] INFO  statemachine.StateMachine (DataStreamTestUtils.java:link(157)) - link SingleDataStream: writeRequest=RaftClientRequest:client-1F26C3633272->s2@group-D128CC958ABE, cid=397, seq=0, DataStream, Message:<EMPTY>, logEntry=null
2022-08-18 03:42:39,407 [s0-server-thread3] INFO  statemachine.StateMachine (DataStreamTestUtils.java:link(157)) - link SingleDataStream: writeRequest=RaftClientRequest:client-1F26C3633272->s2@group-D128CC958ABE, cid=396, seq=0, DataStream, Message:<EMPTY>, logEntry=null
2022-08-18 03:42:39,408 [s0-server-thread3] WARN  server.GrpcServerProtocolService (LogUtils.java:warn(124)) - s0: Failed APPEND_ENTRIES request s1->s0#13-t2,previous=(t:2, i:33),leaderCommit=32,initializing? true,entries: size=1, first=(t:2, i:34), STATEMACHINELOGENTRY, 396@client-1F26C3633272
java.util.concurrent.CompletionException: org.apache.ratis.server.raftlog.RaftLogIOException: Log already failed at index 33 for task WriteLog:33: (t:2, i:33), STATEMACHINELOGENTRY, StateMachineLogEntryProto:392@client-B329CB6A0B7E
	at java.util.concurrent.CompletableFuture.encodeThrowable(CompletableFuture.java:292)
	at java.util.concurrent.CompletableFuture.completeThrowable(CompletableFuture.java:308)
	at java.util.concurrent.CompletableFuture.biRelay(CompletableFuture.java:1298)
	at java.util.concurrent.CompletableFuture$BiRelay.tryFire(CompletableFuture.java:1284)
	at java.util.concurrent.CompletableFuture.postComplete(CompletableFuture.java:488)
	at java.util.concurrent.CompletableFuture.completeExceptionally(CompletableFuture.java:1990)
	at org.apache.ratis.server.raftlog.segmented.SegmentedRaftLog$Task.failed(SegmentedRaftLog.java:104)
	at org.apache.ratis.server.raftlog.segmented.SegmentedRaftLogWorker$WriteLog.failed(SegmentedRaftLogWorker.java:540)
	at org.apache.ratis.server.raftlog.segmented.SegmentedRaftLogWorker.run(SegmentedRaftLogWorker.java:328)
	at java.lang.Thread.run(Thread.java:750)
Caused by: org.apache.ratis.server.raftlog.RaftLogIOException: Log already failed at index 33 for task WriteLog:33: (t:2, i:33), STATEMACHINELOGENTRY, StateMachineLogEntryProto:392@client-B329CB6A0B7E
	at org.apache.ratis.server.raftlog.segmented.SegmentedRaftLogWorker.run(SegmentedRaftLogWorker.java:331)
	... 1 more
Caused by: java.io.IOException: java.lang.IllegalStateException: Null stream: entry=term: 2
index: 33
stateMachineLogEntry {
  type: DATASTREAM
  clientId: "\237n\223\326\222\017C\341\254G\263)\313j\v~"
  callId: 392
}

	at org.apache.ratis.util.IOUtils.asIOException(IOUtils.java:56)
	at org.apache.ratis.util.IOUtils.toIOException(IOUtils.java:61)
	at org.apache.ratis.util.IOUtils.getFromFuture(IOUtils.java:85)
	at org.apache.ratis.server.raftlog.segmented.SegmentedRaftLogWorker$StateMachineDataPolicy.getFromFuture(SegmentedRaftLogWorker.java:90)
	at org.apache.ratis.server.raftlog.segmented.SegmentedRaftLogWorker$WriteLog.execute(SegmentedRaftLogWorker.java:561)
	at org.apache.ratis.server.raftlog.segmented.SegmentedRaftLogWorker.run(SegmentedRaftLogWorker.java:319)
	... 1 more
Caused by: java.lang.IllegalStateException: Null stream: entry=term: 2
index: 33
stateMachineLogEntry {
  type: DATASTREAM
  clientId: "\237n\223\326\222\017C\341\254G\263)\313j\v~"
  callId: 392
}

	at org.apache.ratis.datastream.DataStreamTestUtils$MultiDataStreamStateMachine.link(DataStreamTestUtils.java:159)
	at org.apache.ratis.server.raftlog.segmented.SegmentedRaftLogWorker$WriteLog.<init>(SegmentedRaftLogWorker.java:518)
	at org.apache.ratis.server.raftlog.segmented.SegmentedRaftLogWorker.writeLogEntry(SegmentedRaftLogWorker.java:464)
	at org.apache.ratis.server.raftlog.segmented.SegmentedRaftLog.appendEntryImpl(SegmentedRaftLog.java:408)
	at org.apache.ratis.server.raftlog.RaftLogBase.lambda$appendEntry$10(RaftLogBase.java:330)
	at org.apache.ratis.server.raftlog.RaftLogSequentialOps$Runner.runSequentially(RaftLogSequentialOps.java:78)
	at org.apache.ratis.server.raftlog.RaftLogBase.appendEntry(RaftLogBase.java:330)
	at org.apache.ratis.server.raftlog.segmented.SegmentedRaftLog.appendImpl(SegmentedRaftLog.java:457)
	at org.apache.ratis.server.raftlog.RaftLogBase.lambda$append$11(RaftLogBase.java:337)
	at org.apache.ratis.server.raftlog.RaftLogSequentialOps$Runner.runSequentially(RaftLogSequentialOps.java:69)
	at org.apache.ratis.server.raftlog.RaftLogBase.append(RaftLogBase.java:337)
	at org.apache.ratis.server.impl.RaftServerImpl.appendEntriesAsync(RaftServerImpl.java:1403)
	at org.apache.ratis.server.impl.RaftServerImpl.appendEntriesAsync(RaftServerImpl.java:1289)
	at org.apache.ratis.server.impl.RaftServerProxy.lambda$null$25(RaftServerProxy.java:624)
	at org.apache.ratis.util.JavaUtils.callAsUnchecked(JavaUtils.java:115)
	at org.apache.ratis.server.impl.RaftServerImpl.lambda$executeSubmitServerRequestAsync$11(RaftServerImpl.java:789)
	at java.util.concurrent.CompletableFuture$AsyncSupply.run(CompletableFuture.java:1604)
	at java.util.concurrent.ThreadPoolExecutor.runWorker(ThreadPoolExecutor.java:1149)
	at java.util.concurrent.ThreadPoolExecutor$Worker.run(ThreadPoolExecutor.java:624)
	... 1 more
2022-08-18 03:42:39,410 [s0-server-thread2] INFO  statemachine.StateMachine (DataStreamTestUtils.java:link(157)) - link SingleDataStream: writeRequest=RaftClientRequest:client-1F26C3633272->s2@group-D128CC958ABE, cid=397, seq=0, DataStream, Message:<EMPTY>, logEntry=null
2022-08-18 03:42:39,410 [s1-client-thread1] INFO  statemachine.StateMachine (DataStreamTestUtils.java:link(157)) - link SingleDataStream: writeRequest=RaftClientRequest:client-1F26C3633272->s2@group-D128CC958ABE, cid=384, seq=0, DataStream, Message:<EMPTY>, logEntry=null
2022-08-18 03:42:39,408 [s2-server-thread1] INFO  statemachine.StateMachine (DataStreamTestUtils.java:link(157)) - link SingleDataStream: writeRequest=RaftClientRequest:client-1F26C3633272->s2@group-D128CC958ABE, cid=397, seq=0, DataStream, Message:<EMPTY>, logEntry=null
2022-08-18 03:42:39,408 [s2-server-thread2] WARN  server.GrpcServerProtocolService (LogUtils.java:warn(124)) - s2: Failed APPEND_ENTRIES request s1->s2#12-t2,previous=(t:2, i:33),leaderCommit=32,initializing? true,entries: size=1, first=(t:2, i:34), STATEMACHINELOGENTRY, 396@client-1F26C3633272
java.util.concurrent.CompletionException: org.apache.ratis.server.raftlog.RaftLogIOException: Log already failed at index 33 for task WriteLog:33: (t:2, i:33), STATEMACHINELOGENTRY, StateMachineLogEntryProto:392@client-B329CB6A0B7E
	at java.util.concurrent.CompletableFuture.encodeThrowable(CompletableFuture.java:292)
	at java.util.concurrent.CompletableFuture.completeThrowable(CompletableFuture.java:308)
	at java.util.concurrent.CompletableFuture.biRelay(CompletableFuture.java:1298)
	at java.util.concurrent.CompletableFuture$BiRelay.tryFire(CompletableFuture.java:1284)
	at java.util.concurrent.CompletableFuture.postComplete(CompletableFuture.java:488)
	at java.util.concurrent.CompletableFuture.completeExceptionally(CompletableFuture.java:1990)
	at org.apache.ratis.server.raftlog.segmented.SegmentedRaftLog$Task.failed(SegmentedRaftLog.java:104)
	at org.apache.ratis.server.raftlog.segmented.SegmentedRaftLogWorker$WriteLog.failed(SegmentedRaftLogWorker.java:540)
	at org.apache.ratis.server.raftlog.segmented.SegmentedRaftLogWorker.run(SegmentedRaftLogWorker.java:328)
	at java.lang.Thread.run(Thread.java:750)
Caused by: org.apache.ratis.server.raftlog.RaftLogIOException: Log already failed at index 33 for task WriteLog:33: (t:2, i:33), STATEMACHINELOGENTRY, StateMachineLogEntryProto:392@client-B329CB6A0B7E
	at org.apache.ratis.server.raftlog.segmented.SegmentedRaftLogWorker.run(SegmentedRaftLogWorker.java:331)
	... 1 more
Caused by: java.io.IOException: java.lang.IllegalStateException: Null stream: entry=term: 2
index: 33
stateMachineLogEntry {
  type: DATASTREAM
  clientId: "\237n\223\326\222\017C\341\254G\263)\313j\v~"
  callId: 392
}

	at org.apache.ratis.util.IOUtils.asIOException(IOUtils.java:56)
	at org.apache.ratis.util.IOUtils.toIOException(IOUtils.java:61)
	at org.apache.ratis.util.IOUtils.getFromFuture(IOUtils.java:85)
	at org.apache.ratis.server.raftlog.segmented.SegmentedRaftLogWorker$StateMachineDataPolicy.getFromFuture(SegmentedRaftLogWorker.java:90)
	at org.apache.ratis.server.raftlog.segmented.SegmentedRaftLogWorker$WriteLog.execute(SegmentedRaftLogWorker.java:561)
	at org.apache.ratis.server.raftlog.segmented.SegmentedRaftLogWorker.run(SegmentedRaftLogWorker.java:319)
	... 1 more
Caused by: java.lang.IllegalStateException: Null stream: entry=term: 2
index: 33
stateMachineLogEntry {
  type: DATASTREAM
  clientId: "\237n\223\326\222\017C\341\254G\263)\313j\v~"
  callId: 392
}

	at org.apache.ratis.datastream.DataStreamTestUtils$MultiDataStreamStateMachine.link(DataStreamTestUtils.java:159)
	at org.apache.ratis.server.raftlog.segmented.SegmentedRaftLogWorker$WriteLog.<init>(SegmentedRaftLogWorker.java:518)
	at org.apache.ratis.server.raftlog.segmented.SegmentedRaftLogWorker.writeLogEntry(SegmentedRaftLogWorker.java:464)
	at org.apache.ratis.server.raftlog.segmented.SegmentedRaftLog.appendEntryImpl(SegmentedRaftLog.java:408)
	at org.apache.ratis.server.raftlog.RaftLogBase.lambda$appendEntry$10(RaftLogBase.java:330)
	at org.apache.ratis.server.raftlog.RaftLogSequentialOps$Runner.runSequentially(RaftLogSequentialOps.java:78)
	at org.apache.ratis.server.raftlog.RaftLogBase.appendEntry(RaftLogBase.java:330)
	at org.apache.ratis.server.raftlog.segmented.SegmentedRaftLog.appendImpl(SegmentedRaftLog.java:457)
	at org.apache.ratis.server.raftlog.RaftLogBase.lambda$append$11(RaftLogBase.java:337)
	at org.apache.ratis.server.raftlog.RaftLogSequentialOps$Runner.runSequentially(RaftLogSequentialOps.java:69)
	at org.apache.ratis.server.raftlog.RaftLogBase.append(RaftLogBase.java:337)
	at org.apache.ratis.server.impl.RaftServerImpl.appendEntriesAsync(RaftServerImpl.java:1403)
	at org.apache.ratis.server.impl.RaftServerImpl.appendEntriesAsync(RaftServerImpl.java:1289)
	at org.apache.ratis.server.impl.RaftServerProxy.lambda$null$25(RaftServerProxy.java:624)
	at org.apache.ratis.util.JavaUtils.callAsUnchecked(JavaUtils.java:115)
	at org.apache.ratis.server.impl.RaftServerImpl.lambda$executeSubmitServerRequestAsync$11(RaftServerImpl.java:789)
	at java.util.concurrent.CompletableFuture$AsyncSupply.run(CompletableFuture.java:1604)
	at java.util.concurrent.ThreadPoolExecutor.runWorker(ThreadPoolExecutor.java:1149)
	at java.util.concurrent.ThreadPoolExecutor$Worker.run(ThreadPoolExecutor.java:624)
	... 1 more
2022-08-18 03:42:39,411 [s1-client-thread1] INFO  statemachine.StateMachine (DataStreamTestUtils.java:link(157)) - link SingleDataStream: writeRequest=RaftClientRequest:client-1F26C3633272->s2@group-D128CC958ABE, cid=398, seq=0, DataStream, Message:<EMPTY>, logEntry=null
2022-08-18 03:42:39,411 [grpc-default-executor-3] WARN  server.GrpcServerProtocolService (LogUtils.java:warn(124)) - s2: Failed APPEND_ENTRIES request s1->s2#13-t2,previous=(t:2, i:34),leaderCommit=32,initializing? true,entries: size=1, first=(t:2, i:35), STATEMACHINELOGENTRY, 397@client-1F26C3633272
java.util.concurrent.CompletionException: org.apache.ratis.server.raftlog.RaftLogIOException: Log already failed at index 33 for task WriteLog:33: (t:2, i:33), STATEMACHINELOGENTRY, StateMachineLogEntryProto:392@client-B329CB6A0B7E
	at java.util.concurrent.CompletableFuture.encodeThrowable(CompletableFuture.java:292)
	at java.util.concurrent.CompletableFuture.completeThrowable(CompletableFuture.java:308)
	at java.util.concurrent.CompletableFuture.biRelay(CompletableFuture.java:1298)
	at java.util.concurrent.CompletableFuture$BiRelay.tryFire(CompletableFuture.java:1284)
	at java.util.concurrent.CompletableFuture.postComplete(CompletableFuture.java:488)
	at java.util.concurrent.CompletableFuture.completeExceptionally(CompletableFuture.java:1990)
	at org.apache.ratis.server.raftlog.segmented.SegmentedRaftLog$Task.failed(SegmentedRaftLog.java:104)
	at org.apache.ratis.server.raftlog.segmented.SegmentedRaftLogWorker$WriteLog.failed(SegmentedRaftLogWorker.java:540)
	at org.apache.ratis.server.raftlog.segmented.SegmentedRaftLogWorker.run(SegmentedRaftLogWorker.java:328)
	at java.lang.Thread.run(Thread.java:750)
Caused by: org.apache.ratis.server.raftlog.RaftLogIOException: Log already failed at index 33 for task WriteLog:33: (t:2, i:33), STATEMACHINELOGENTRY, StateMachineLogEntryProto:392@client-B329CB6A0B7E
	at org.apache.ratis.server.raftlog.segmented.SegmentedRaftLogWorker.run(SegmentedRaftLogWorker.java:331)
	... 1 more
Caused by: java.io.IOException: java.lang.IllegalStateException: Null stream: entry=term: 2
index: 33
stateMachineLogEntry {
  type: DATASTREAM
  clientId: "\237n\223\326\222\017C\341\254G\263)\313j\v~"
  callId: 392
}

	at org.apache.ratis.util.IOUtils.asIOException(IOUtils.java:56)
	at org.apache.ratis.util.IOUtils.toIOException(IOUtils.java:61)
	at org.apache.ratis.util.IOUtils.getFromFuture(IOUtils.java:85)
	at org.apache.ratis.server.raftlog.segmented.SegmentedRaftLogWorker$StateMachineDataPolicy.getFromFuture(SegmentedRaftLogWorker.java:90)
	at org.apache.ratis.server.raftlog.segmented.SegmentedRaftLogWorker$WriteLog.execute(SegmentedRaftLogWorker.java:561)
	at org.apache.ratis.server.raftlog.segmented.SegmentedRaftLogWorker.run(SegmentedRaftLogWorker.java:319)
	... 1 more
Caused by: java.lang.IllegalStateException: Null stream: entry=term: 2
index: 33
stateMachineLogEntry {
  type: DATASTREAM
  clientId: "\237n\223\326\222\017C\341\254G\263)\313j\v~"
  callId: 392
}

	at org.apache.ratis.datastream.DataStreamTestUtils$MultiDataStreamStateMachine.link(DataStreamTestUtils.java:159)
	at org.apache.ratis.server.raftlog.segmented.SegmentedRaftLogWorker$WriteLog.<init>(SegmentedRaftLogWorker.java:518)
	at org.apache.ratis.server.raftlog.segmented.SegmentedRaftLogWorker.writeLogEntry(SegmentedRaftLogWorker.java:464)
	at org.apache.ratis.server.raftlog.segmented.SegmentedRaftLog.appendEntryImpl(SegmentedRaftLog.java:408)
	at org.apache.ratis.server.raftlog.RaftLogBase.lambda$appendEntry$10(RaftLogBase.java:330)
	at org.apache.ratis.server.raftlog.RaftLogSequentialOps$Runner.runSequentially(RaftLogSequentialOps.java:78)
	at org.apache.ratis.server.raftlog.RaftLogBase.appendEntry(RaftLogBase.java:330)
	at org.apache.ratis.server.raftlog.segmented.SegmentedRaftLog.appendImpl(SegmentedRaftLog.java:457)
	at org.apache.ratis.server.raftlog.RaftLogBase.lambda$append$11(RaftLogBase.java:337)
	at org.apache.ratis.server.raftlog.RaftLogSequentialOps$Runner.runSequentially(RaftLogSequentialOps.java:69)
	at org.apache.ratis.server.raftlog.RaftLogBase.append(RaftLogBase.java:337)
	at org.apache.ratis.server.impl.RaftServerImpl.appendEntriesAsync(RaftServerImpl.java:1403)
	at org.apache.ratis.server.impl.RaftServerImpl.appendEntriesAsync(RaftServerImpl.java:1289)
	at org.apache.ratis.server.impl.RaftServerProxy.lambda$null$25(RaftServerProxy.java:624)
	at org.apache.ratis.util.JavaUtils.callAsUnchecked(JavaUtils.java:115)
	at org.apache.ratis.server.impl.RaftServerImpl.lambda$executeSubmitServerRequestAsync$11(RaftServerImpl.java:789)
	at java.util.concurrent.CompletableFuture$AsyncSupply.run(CompletableFuture.java:1604)
	at java.util.concurrent.ThreadPoolExecutor.runWorker(ThreadPoolExecutor.java:1149)
	at java.util.concurrent.ThreadPoolExecutor$Worker.run(ThreadPoolExecutor.java:624)
	... 1 more
2022-08-18 03:42:39,410 [grpc-default-executor-14] WARN  server.GrpcServerProtocolService (LogUtils.java:warn(124)) - s0: Failed APPEND_ENTRIES request s1->s0#14-t2,previous=(t:2, i:34),leaderCommit=32,initializing? true,entries: size=1, first=(t:2, i:35), STATEMACHINELOGENTRY, 397@client-1F26C3633272
java.util.concurrent.CompletionException: org.apache.ratis.server.raftlog.RaftLogIOException: Log already failed at index 33 for task WriteLog:33: (t:2, i:33), STATEMACHINELOGENTRY, StateMachineLogEntryProto:392@client-B329CB6A0B7E
	at java.util.concurrent.CompletableFuture.encodeThrowable(CompletableFuture.java:292)
	at java.util.concurrent.CompletableFuture.completeThrowable(CompletableFuture.java:308)
	at java.util.concurrent.CompletableFuture.biRelay(CompletableFuture.java:1298)
	at java.util.concurrent.CompletableFuture$BiRelay.tryFire(CompletableFuture.java:1284)
	at java.util.concurrent.CompletableFuture.postComplete(CompletableFuture.java:488)
	at java.util.concurrent.CompletableFuture.completeExceptionally(CompletableFuture.java:1990)
	at org.apache.ratis.server.raftlog.segmented.SegmentedRaftLog$Task.failed(SegmentedRaftLog.java:104)
	at org.apache.ratis.server.raftlog.segmented.SegmentedRaftLogWorker$WriteLog.failed(SegmentedRaftLogWorker.java:540)
	at org.apache.ratis.server.raftlog.segmented.SegmentedRaftLogWorker.run(SegmentedRaftLogWorker.java:328)
	at java.lang.Thread.run(Thread.java:750)
Caused by: org.apache.ratis.server.raftlog.RaftLogIOException: Log already failed at index 33 for task WriteLog:33: (t:2, i:33), STATEMACHINELOGENTRY, StateMachineLogEntryProto:392@client-B329CB6A0B7E
	at org.apache.ratis.server.raftlog.segmented.SegmentedRaftLogWorker.run(SegmentedRaftLogWorker.java:331)
	... 1 more
Caused by: java.io.IOException: java.lang.IllegalStateException: Null stream: entry=term: 2
index: 33
stateMachineLogEntry {
  type: DATASTREAM
  clientId: "\237n\223\326\222\017C\341\254G\263)\313j\v~"
  callId: 392
}

	at org.apache.ratis.util.IOUtils.asIOException(IOUtils.java:56)
	at org.apache.ratis.util.IOUtils.toIOException(IOUtils.java:61)
	at org.apache.ratis.util.IOUtils.getFromFuture(IOUtils.java:85)
	at org.apache.ratis.server.raftlog.segmented.SegmentedRaftLogWorker$StateMachineDataPolicy.getFromFuture(SegmentedRaftLogWorker.java:90)
	at org.apache.ratis.server.raftlog.segmented.SegmentedRaftLogWorker$WriteLog.execute(SegmentedRaftLogWorker.java:561)
	at org.apache.ratis.server.raftlog.segmented.SegmentedRaftLogWorker.run(SegmentedRaftLogWorker.java:319)
	... 1 more
Caused by: java.lang.IllegalStateException: Null stream: entry=term: 2
index: 33
stateMachineLogEntry {
  type: DATASTREAM
  clientId: "\237n\223\326\222\017C\341\254G\263)\313j\v~"
  callId: 392
}

	at org.apache.ratis.datastream.DataStreamTestUtils$MultiDataStreamStateMachine.link(DataStreamTestUtils.java:159)
	at org.apache.ratis.server.raftlog.segmented.SegmentedRaftLogWorker$WriteLog.<init>(SegmentedRaftLogWorker.java:518)
	at org.apache.ratis.server.raftlog.segmented.SegmentedRaftLogWorker.writeLogEntry(SegmentedRaftLogWorker.java:464)
	at org.apache.ratis.server.raftlog.segmented.SegmentedRaftLog.appendEntryImpl(SegmentedRaftLog.java:408)
	at org.apache.ratis.server.raftlog.RaftLogBase.lambda$appendEntry$10(RaftLogBase.java:330)
	at org.apache.ratis.server.raftlog.RaftLogSequentialOps$Runner.runSequentially(RaftLogSequentialOps.java:78)
	at org.apache.ratis.server.raftlog.RaftLogBase.appendEntry(RaftLogBase.java:330)
	at org.apache.ratis.server.raftlog.segmented.SegmentedRaftLog.appendImpl(SegmentedRaftLog.java:457)
	at org.apache.ratis.server.raftlog.RaftLogBase.lambda$append$11(RaftLogBase.java:337)
	at org.apache.ratis.server.raftlog.RaftLogSequentialOps$Runner.runSequentially(RaftLogSequentialOps.java:69)
	at org.apache.ratis.server.raftlog.RaftLogBase.append(RaftLogBase.java:337)
	at org.apache.ratis.server.impl.RaftServerImpl.appendEntriesAsync(RaftServerImpl.java:1403)
	at org.apache.ratis.server.impl.RaftServerImpl.appendEntriesAsync(RaftServerImpl.java:1289)
	at org.apache.ratis.server.impl.RaftServerProxy.lambda$null$25(RaftServerProxy.java:624)
	at org.apache.ratis.util.JavaUtils.callAsUnchecked(JavaUtils.java:115)
	at org.apache.ratis.server.impl.RaftServerImpl.lambda$executeSubmitServerRequestAsync$11(RaftServerImpl.java:789)
	at java.util.concurrent.CompletableFuture$AsyncSupply.run(CompletableFuture.java:1604)
	at java.util.concurrent.ThreadPoolExecutor.runWorker(ThreadPoolExecutor.java:1149)
	at java.util.concurrent.ThreadPoolExecutor$Worker.run(ThreadPoolExecutor.java:624)
	... 1 more
2022-08-18 03:42:39,435 [grpc-default-executor-0] WARN  server.GrpcLogAppender (LogUtils.java:warn(124)) - s1@group-D128CC958ABE->s0-AppendLogResponseHandler: Failed appendEntries
org.apache.ratis.server.raftlog.RaftLogIOException: Log already failed at index 33 for task WriteLog:33: (t:2, i:33), STATEMACHINELOGENTRY, StateMachineLogEntryProto:392@client-B329CB6A0B7E
	at org.apache.ratis.server.raftlog.segmented.SegmentedRaftLogWorker.run(SegmentedRaftLogWorker.java:331)
	at java.lang.Thread.run(Thread.java:750)
Caused by: java.io.IOException: java.lang.IllegalStateException: Null stream: entry=term: 2
index: 33
stateMachineLogEntry {
  type: DATASTREAM
  clientId: "\237n\223\326\222\017C\341\254G\263)\313j\v~"
  callId: 392
}

	at org.apache.ratis.util.IOUtils.asIOException(IOUtils.java:56)
	at org.apache.ratis.util.IOUtils.toIOException(IOUtils.java:61)
	at org.apache.ratis.util.IOUtils.getFromFuture(IOUtils.java:85)
	at org.apache.ratis.server.raftlog.segmented.SegmentedRaftLogWorker$StateMachineDataPolicy.getFromFuture(SegmentedRaftLogWorker.java:90)
	at org.apache.ratis.server.raftlog.segmented.SegmentedRaftLogWorker$WriteLog.execute(SegmentedRaftLogWorker.java:561)
	at org.apache.ratis.server.raftlog.segmented.SegmentedRaftLogWorker.run(SegmentedRaftLogWorker.java:319)
	... 1 more
Caused by: java.lang.IllegalStateException: Null stream: entry=term: 2
index: 33
stateMachineLogEntry {
  type: DATASTREAM
  clientId: "\237n\223\326\222\017C\341\254G\263)\313j\v~"
  callId: 392
}

	at org.apache.ratis.datastream.DataStreamTestUtils$MultiDataStreamStateMachine.link(DataStreamTestUtils.java:159)
	at org.apache.ratis.server.raftlog.segmented.SegmentedRaftLogWorker$WriteLog.<init>(SegmentedRaftLogWorker.java:518)
	at org.apache.ratis.server.raftlog.segmented.SegmentedRaftLogWorker.writeLogEntry(SegmentedRaftLogWorker.java:464)
	at org.apache.ratis.server.raftlog.segmented.SegmentedRaftLog.appendEntryImpl(SegmentedRaftLog.java:408)
	at org.apache.ratis.server.raftlog.RaftLogBase.lambda$appendEntry$10(RaftLogBase.java:330)
	at org.apache.ratis.server.raftlog.RaftLogSequentialOps$Runner.runSequentially(RaftLogSequentialOps.java:78)
	at org.apache.ratis.server.raftlog.RaftLogBase.appendEntry(RaftLogBase.java:330)
	at org.apache.ratis.server.raftlog.segmented.SegmentedRaftLog.appendImpl(SegmentedRaftLog.java:457)
	at org.apache.ratis.server.raftlog.RaftLogBase.lambda$append$11(RaftLogBase.java:337)
	at org.apache.ratis.server.raftlog.RaftLogSequentialOps$Runner.runSequentially(RaftLogSequentialOps.java:69)
	at org.apache.ratis.server.raftlog.RaftLogBase.append(RaftLogBase.java:337)
	at org.apache.ratis.server.impl.RaftServerImpl.appendEntriesAsync(RaftServerImpl.java:1403)
	at org.apache.ratis.server.impl.RaftServerImpl.appendEntriesAsync(RaftServerImpl.java:1289)
	at org.apache.ratis.server.impl.RaftServerProxy.lambda$null$25(RaftServerProxy.java:624)
	at org.apache.ratis.util.JavaUtils.callAsUnchecked(JavaUtils.java:115)
	at org.apache.ratis.server.impl.RaftServerImpl.lambda$executeSubmitServerRequestAsync$11(RaftServerImpl.java:789)
	at java.util.concurrent.CompletableFuture$AsyncSupply.run(CompletableFuture.java:1604)
	at java.util.concurrent.ThreadPoolExecutor.runWorker(ThreadPoolExecutor.java:1149)
	at java.util.concurrent.ThreadPoolExecutor$Worker.run(ThreadPoolExecutor.java:624)
	... 1 more
2022-08-18 03:42:39,429 [grpc-default-executor-1] WARN  server.GrpcLogAppender (LogUtils.java:warn(124)) - s1@group-D128CC958ABE->s2-AppendLogResponseHandler: Failed appendEntries
org.apache.ratis.server.raftlog.RaftLogIOException: Log already failed at index 33 for task WriteLog:33: (t:2, i:33), STATEMACHINELOGENTRY, StateMachineLogEntryProto:392@client-B329CB6A0B7E
	at org.apache.ratis.server.raftlog.segmented.SegmentedRaftLogWorker.run(SegmentedRaftLogWorker.java:331)
	at java.lang.Thread.run(Thread.java:750)
Caused by: java.io.IOException: java.lang.IllegalStateException: Null stream: entry=term: 2
index: 33
stateMachineLogEntry {
  type: DATASTREAM
  clientId: "\237n\223\326\222\017C\341\254G\263)\313j\v~"
  callId: 392
}

	at org.apache.ratis.util.IOUtils.asIOException(IOUtils.java:56)
	at org.apache.ratis.util.IOUtils.toIOException(IOUtils.java:61)
	at org.apache.ratis.util.IOUtils.getFromFuture(IOUtils.java:85)
	at org.apache.ratis.server.raftlog.segmented.SegmentedRaftLogWorker$StateMachineDataPolicy.getFromFuture(SegmentedRaftLogWorker.java:90)
	at org.apache.ratis.server.raftlog.segmented.SegmentedRaftLogWorker$WriteLog.execute(SegmentedRaftLogWorker.java:561)
	at org.apache.ratis.server.raftlog.segmented.SegmentedRaftLogWorker.run(SegmentedRaftLogWorker.java:319)
	... 1 more
Caused by: java.lang.IllegalStateException: Null stream: entry=term: 2
index: 33
stateMachineLogEntry {
  type: DATASTREAM
  clientId: "\237n\223\326\222\017C\341\254G\263)\313j\v~"
  callId: 392
}

	at org.apache.ratis.datastream.DataStreamTestUtils$MultiDataStreamStateMachine.link(DataStreamTestUtils.java:159)
	at org.apache.ratis.server.raftlog.segmented.SegmentedRaftLogWorker$WriteLog.<init>(SegmentedRaftLogWorker.java:518)
	at org.apache.ratis.server.raftlog.segmented.SegmentedRaftLogWorker.writeLogEntry(SegmentedRaftLogWorker.java:464)
	at org.apache.ratis.server.raftlog.segmented.SegmentedRaftLog.appendEntryImpl(SegmentedRaftLog.java:408)
	at org.apache.ratis.server.raftlog.RaftLogBase.lambda$appendEntry$10(RaftLogBase.java:330)
	at org.apache.ratis.server.raftlog.RaftLogSequentialOps$Runner.runSequentially(RaftLogSequentialOps.java:78)
	at org.apache.ratis.server.raftlog.RaftLogBase.appendEntry(RaftLogBase.java:330)
	at org.apache.ratis.server.raftlog.segmented.SegmentedRaftLog.appendImpl(SegmentedRaftLog.java:457)
	at org.apache.ratis.server.raftlog.RaftLogBase.lambda$append$11(RaftLogBase.java:337)
	at org.apache.ratis.server.raftlog.RaftLogSequentialOps$Runner.runSequentially(RaftLogSequentialOps.java:69)
	at org.apache.ratis.server.raftlog.RaftLogBase.append(RaftLogBase.java:337)
	at org.apache.ratis.server.impl.RaftServerImpl.appendEntriesAsync(RaftServerImpl.java:1403)
	at org.apache.ratis.server.impl.RaftServerImpl.appendEntriesAsync(RaftServerImpl.java:1289)
	at org.apache.ratis.server.impl.RaftServerProxy.lambda$null$25(RaftServerProxy.java:624)
	at org.apache.ratis.util.JavaUtils.callAsUnchecked(JavaUtils.java:115)
	at org.apache.ratis.server.impl.RaftServerImpl.lambda$executeSubmitServerRequestAsync$11(RaftServerImpl.java:789)
	at java.util.concurrent.CompletableFuture$AsyncSupply.run(CompletableFuture.java:1604)
	at java.util.concurrent.ThreadPoolExecutor.runWorker(ThreadPoolExecutor.java:1149)
	at java.util.concurrent.ThreadPoolExecutor$Worker.run(ThreadPoolExecutor.java:624)
	... 1 more
2022-08-18 03:42:39,420 [s1-client-thread1] INFO  statemachine.StateMachine (DataStreamTestUtils.java:link(157)) - link SingleDataStream: writeRequest=RaftClientRequest:client-1F26C3633272->s2@group-D128CC958ABE, cid=399, seq=0, DataStream, Message:<EMPTY>, logEntry=null
2022-08-18 03:42:39,439 [grpc-default-executor-1] INFO  leader.FollowerInfo (FollowerInfoImpl.java:lambda$new$0(48)) - s1@group-D128CC958ABE->s2: nextIndex: updateUnconditionally 38 -> 34
2022-08-18 03:42:39,440 [s1-client-thread1] INFO  statemachine.StateMachine (DataStreamTestUtils.java:link(157)) - link SingleDataStream: writeRequest=RaftClientRequest:client-1F26C3633272->s2@group-D128CC958ABE, cid=400, seq=0, DataStream, Message:<EMPTY>, logEntry=null
2022-08-18 03:42:39,441 [s2-server-thread2] INFO  statemachine.StateMachine (DataStreamTestUtils.java:link(157)) - link SingleDataStream: writeRequest=RaftClientRequest:client-1F26C3633272->s2@group-D128CC958ABE, cid=384, seq=0, DataStream, Message:<EMPTY>, logEntry=null
2022-08-18 03:42:39,438 [grpc-default-executor-0] INFO  leader.FollowerInfo (FollowerInfoImpl.java:lambda$new$0(48)) - s1@group-D128CC958ABE->s0: nextIndex: updateUnconditionally 38 -> 34
2022-08-18 03:42:39,441 [s2-server-thread2] INFO  statemachine.StateMachine (DataStreamTestUtils.java:link(157)) - link SingleDataStream: writeRequest=RaftClientRequest:client-1F26C3633272->s2@group-D128CC958ABE, cid=398, seq=0, DataStream, Message:<EMPTY>, logEntry=null
2022-08-18 03:42:39,442 [s2-server-thread2] INFO  statemachine.StateMachine (DataStreamTestUtils.java:link(157)) - link SingleDataStream: writeRequest=RaftClientRequest:client-1F26C3633272->s2@group-D128CC958ABE, cid=399, seq=0, DataStream, Message:<EMPTY>, logEntry=null
2022-08-18 03:42:39,442 [s2-server-thread2] WARN  server.GrpcServerProtocolService (LogUtils.java:warn(124)) - s2: Failed APPEND_ENTRIES request s1->s2#16-t2,previous=(t:2, i:33),leaderCommit=32,initializing? true,entries: size=5, first=(t:2, i:34), STATEMACHINELOGENTRY, 396@client-1F26C3633272
java.util.concurrent.CompletionException: org.apache.ratis.server.raftlog.RaftLogIOException: Log already failed at index 33 for task WriteLog:33: (t:2, i:33), STATEMACHINELOGENTRY, StateMachineLogEntryProto:392@client-B329CB6A0B7E
	at java.util.concurrent.CompletableFuture.encodeThrowable(CompletableFuture.java:292)
	at java.util.concurrent.CompletableFuture.completeThrowable(CompletableFuture.java:308)
	at java.util.concurrent.CompletableFuture.biRelay(CompletableFuture.java:1298)
	at java.util.concurrent.CompletableFuture$BiRelay.tryFire(CompletableFuture.java:1284)
	at java.util.concurrent.CompletableFuture.postComplete(CompletableFuture.java:488)
	at java.util.concurrent.CompletableFuture.completeExceptionally(CompletableFuture.java:1990)
	at org.apache.ratis.server.raftlog.segmented.SegmentedRaftLog$Task.failed(SegmentedRaftLog.java:104)
	at org.apache.ratis.server.raftlog.segmented.SegmentedRaftLogWorker$WriteLog.failed(SegmentedRaftLogWorker.java:540)
	at org.apache.ratis.server.raftlog.segmented.SegmentedRaftLogWorker.run(SegmentedRaftLogWorker.java:328)
	at java.lang.Thread.run(Thread.java:750)
Caused by: org.apache.ratis.server.raftlog.RaftLogIOException: Log already failed at index 33 for task WriteLog:33: (t:2, i:33), STATEMACHINELOGENTRY, StateMachineLogEntryProto:392@client-B329CB6A0B7E
	at org.apache.ratis.server.raftlog.segmented.SegmentedRaftLogWorker.run(SegmentedRaftLogWorker.java:331)
	... 1 more
Caused by: java.io.IOException: java.lang.IllegalStateException: Null stream: entry=term: 2
index: 33
stateMachineLogEntry {
  type: DATASTREAM
  clientId: "\237n\223\326\222\017C\341\254G\263)\313j\v~"
  callId: 392
}

	at org.apache.ratis.util.IOUtils.asIOException(IOUtils.java:56)
	at org.apache.ratis.util.IOUtils.toIOException(IOUtils.java:61)
	at org.apache.ratis.util.IOUtils.getFromFuture(IOUtils.java:85)
	at org.apache.ratis.server.raftlog.segmented.SegmentedRaftLogWorker$StateMachineDataPolicy.getFromFuture(SegmentedRaftLogWorker.java:90)
	at org.apache.ratis.server.raftlog.segmented.SegmentedRaftLogWorker$WriteLog.execute(SegmentedRaftLogWorker.java:561)
	at org.apache.ratis.server.raftlog.segmented.SegmentedRaftLogWorker.run(SegmentedRaftLogWorker.java:319)
	... 1 more
Caused by: java.lang.IllegalStateException: Null stream: entry=term: 2
index: 33
stateMachineLogEntry {
  type: DATASTREAM
  clientId: "\237n\223\326\222\017C\341\254G\263)\313j\v~"
  callId: 392
}

	at org.apache.ratis.datastream.DataStreamTestUtils$MultiDataStreamStateMachine.link(DataStreamTestUtils.java:159)
	at org.apache.ratis.server.raftlog.segmented.SegmentedRaftLogWorker$WriteLog.<init>(SegmentedRaftLogWorker.java:518)
	at org.apache.ratis.server.raftlog.segmented.SegmentedRaftLogWorker.writeLogEntry(SegmentedRaftLogWorker.java:464)
	at org.apache.ratis.server.raftlog.segmented.SegmentedRaftLog.appendEntryImpl(SegmentedRaftLog.java:408)
	at org.apache.ratis.server.raftlog.RaftLogBase.lambda$appendEntry$10(RaftLogBase.java:330)
	at org.apache.ratis.server.raftlog.RaftLogSequentialOps$Runner.runSequentially(RaftLogSequentialOps.java:78)
	at org.apache.ratis.server.raftlog.RaftLogBase.appendEntry(RaftLogBase.java:330)
	at org.apache.ratis.server.raftlog.segmented.SegmentedRaftLog.appendImpl(SegmentedRaftLog.java:457)
	at org.apache.ratis.server.raftlog.RaftLogBase.lambda$append$11(RaftLogBase.java:337)
	at org.apache.ratis.server.raftlog.RaftLogSequentialOps$Runner.runSequentially(RaftLogSequentialOps.java:69)
	at org.apache.ratis.server.raftlog.RaftLogBase.append(RaftLogBase.java:337)
	at org.apache.ratis.server.impl.RaftServerImpl.appendEntriesAsync(RaftServerImpl.java:1403)
	at org.apache.ratis.server.impl.RaftServerImpl.appendEntriesAsync(RaftServerImpl.java:1289)
	at org.apache.ratis.server.impl.RaftServerProxy.lambda$null$25(RaftServerProxy.java:624)
	at org.apache.ratis.util.JavaUtils.callAsUnchecked(JavaUtils.java:115)
	at org.apache.ratis.server.impl.RaftServerImpl.lambda$executeSubmitServerRequestAsync$11(RaftServerImpl.java:789)
	at java.util.concurrent.CompletableFuture$AsyncSupply.run(CompletableFuture.java:1604)
	at java.util.concurrent.ThreadPoolExecutor.runWorker(ThreadPoolExecutor.java:1149)
	at java.util.concurrent.ThreadPoolExecutor$Worker.run(ThreadPoolExecutor.java:624)
	... 1 more
2022-08-18 03:42:39,443 [s0-server-thread3] INFO  statemachine.StateMachine (DataStreamTestUtils.java:link(157)) - link SingleDataStream: writeRequest=RaftClientRequest:client-1F26C3633272->s2@group-D128CC958ABE, cid=384, seq=0, DataStream, Message:<EMPTY>, logEntry=null
2022-08-18 03:42:39,444 [s0-server-thread3] INFO  statemachine.StateMachine (DataStreamTestUtils.java:link(157)) - link SingleDataStream: writeRequest=RaftClientRequest:client-1F26C3633272->s2@group-D128CC958ABE, cid=398, seq=0, DataStream, Message:<EMPTY>, logEntry=null
2022-08-18 03:42:39,444 [s0-server-thread3] INFO  statemachine.StateMachine (DataStreamTestUtils.java:link(157)) - link SingleDataStream: writeRequest=RaftClientRequest:client-1F26C3633272->s2@group-D128CC958ABE, cid=399, seq=0, DataStream, Message:<EMPTY>, logEntry=null
2022-08-18 03:42:39,444 [s0-server-thread3] INFO  statemachine.StateMachine (DataStreamTestUtils.java:link(157)) - link SingleDataStream: writeRequest=RaftClientRequest:client-1F26C3633272->s2@group-D128CC958ABE, cid=400, seq=0, DataStream, Message:<EMPTY>, logEntry=null
2022-08-18 03:42:39,444 [grpc-default-executor-11] WARN  server.GrpcServerProtocolService (LogUtils.java:warn(124)) - s0: Failed APPEND_ENTRIES request s1->s0#17-t2,previous=(t:2, i:33),leaderCommit=32,initializing? true,entries: size=6, first=(t:2, i:34), STATEMACHINELOGENTRY, 396@client-1F26C3633272
java.util.concurrent.CompletionException: org.apache.ratis.server.raftlog.RaftLogIOException: Log already failed at index 33 for task WriteLog:33: (t:2, i:33), STATEMACHINELOGENTRY, StateMachineLogEntryProto:392@client-B329CB6A0B7E
	at java.util.concurrent.CompletableFuture.encodeThrowable(CompletableFuture.java:292)
	at java.util.concurrent.CompletableFuture.completeThrowable(CompletableFuture.java:308)
	at java.util.concurrent.CompletableFuture.biRelay(CompletableFuture.java:1298)
	at java.util.concurrent.CompletableFuture$BiRelay.tryFire(CompletableFuture.java:1284)
	at java.util.concurrent.CompletableFuture$CoCompletion.tryFire(CompletableFuture.java:1034)
	at java.util.concurrent.CompletableFuture.postComplete(CompletableFuture.java:488)
	at java.util.concurrent.CompletableFuture.completeExceptionally(CompletableFuture.java:1990)
	at org.apache.ratis.server.raftlog.segmented.SegmentedRaftLog$Task.failed(SegmentedRaftLog.java:104)
	at org.apache.ratis.server.raftlog.segmented.SegmentedRaftLogWorker$WriteLog.failed(SegmentedRaftLogWorker.java:540)
	at org.apache.ratis.server.raftlog.segmented.SegmentedRaftLogWorker.run(SegmentedRaftLogWorker.java:328)
	at java.lang.Thread.run(Thread.java:750)
Caused by: org.apache.ratis.server.raftlog.RaftLogIOException: Log already failed at index 33 for task WriteLog:33: (t:2, i:33), STATEMACHINELOGENTRY, StateMachineLogEntryProto:392@client-B329CB6A0B7E
	at org.apache.ratis.server.raftlog.segmented.SegmentedRaftLogWorker.run(SegmentedRaftLogWorker.java:331)
	... 1 more
Caused by: java.io.IOException: java.lang.IllegalStateException: Null stream: entry=term: 2
index: 33
stateMachineLogEntry {
  type: DATASTREAM
  clientId: "\237n\223\326\222\017C\341\254G\263)\313j\v~"
  callId: 392
}

	at org.apache.ratis.util.IOUtils.asIOException(IOUtils.java:56)
	at org.apache.ratis.util.IOUtils.toIOException(IOUtils.java:61)
	at org.apache.ratis.util.IOUtils.getFromFuture(IOUtils.java:85)
	at org.apache.ratis.server.raftlog.segmented.SegmentedRaftLogWorker$StateMachineDataPolicy.getFromFuture(SegmentedRaftLogWorker.java:90)
	at org.apache.ratis.server.raftlog.segmented.SegmentedRaftLogWorker$WriteLog.execute(SegmentedRaftLogWorker.java:561)
	at org.apache.ratis.server.raftlog.segmented.SegmentedRaftLogWorker.run(SegmentedRaftLogWorker.java:319)
	... 1 more
Caused by: java.lang.IllegalStateException: Null stream: entry=term: 2
index: 33
stateMachineLogEntry {
  type: DATASTREAM
  clientId: "\237n\223\326\222\017C\341\254G\263)\313j\v~"
  callId: 392
}

	at org.apache.ratis.datastream.DataStreamTestUtils$MultiDataStreamStateMachine.link(DataStreamTestUtils.java:159)
	at org.apache.ratis.server.raftlog.segmented.SegmentedRaftLogWorker$WriteLog.<init>(SegmentedRaftLogWorker.java:518)
	at org.apache.ratis.server.raftlog.segmented.SegmentedRaftLogWorker.writeLogEntry(SegmentedRaftLogWorker.java:464)
	at org.apache.ratis.server.raftlog.segmented.SegmentedRaftLog.appendEntryImpl(SegmentedRaftLog.java:408)
	at org.apache.ratis.server.raftlog.RaftLogBase.lambda$appendEntry$10(RaftLogBase.java:330)
	at org.apache.ratis.server.raftlog.RaftLogSequentialOps$Runner.runSequentially(RaftLogSequentialOps.java:78)
	at org.apache.ratis.server.raftlog.RaftLogBase.appendEntry(RaftLogBase.java:330)
	at org.apache.ratis.server.raftlog.segmented.SegmentedRaftLog.appendImpl(SegmentedRaftLog.java:457)
	at org.apache.ratis.server.raftlog.RaftLogBase.lambda$append$11(RaftLogBase.java:337)
	at org.apache.ratis.server.raftlog.RaftLogSequentialOps$Runner.runSequentially(RaftLogSequentialOps.java:69)
	at org.apache.ratis.server.raftlog.RaftLogBase.append(RaftLogBase.java:337)
	at org.apache.ratis.server.impl.RaftServerImpl.appendEntriesAsync(RaftServerImpl.java:1403)
	at org.apache.ratis.server.impl.RaftServerImpl.appendEntriesAsync(RaftServerImpl.java:1289)
	at org.apache.ratis.server.impl.RaftServerProxy.lambda$null$25(RaftServerProxy.java:624)
	at org.apache.ratis.util.JavaUtils.callAsUnchecked(JavaUtils.java:115)
	at org.apache.ratis.server.impl.RaftServerImpl.lambda$executeSubmitServerRequestAsync$11(RaftServerImpl.java:789)
	at java.util.concurrent.CompletableFuture$AsyncSupply.run(CompletableFuture.java:1604)
	at java.util.concurrent.ThreadPoolExecutor.runWorker(ThreadPoolExecutor.java:1149)
	at java.util.concurrent.ThreadPoolExecutor$Worker.run(ThreadPoolExecutor.java:624)
	... 1 more
2022-08-18 03:42:39,453 [grpc-default-executor-1] WARN  server.GrpcLogAppender (LogUtils.java:warn(124)) - s1@group-D128CC958ABE->s2-AppendLogResponseHandler: Failed appendEntries
org.apache.ratis.server.raftlog.RaftLogIOException: Log already failed at index 33 for task WriteLog:33: (t:2, i:33), STATEMACHINELOGENTRY, StateMachineLogEntryProto:392@client-B329CB6A0B7E
	at org.apache.ratis.server.raftlog.segmented.SegmentedRaftLogWorker.run(SegmentedRaftLogWorker.java:331)
	at java.lang.Thread.run(Thread.java:750)
Caused by: java.io.IOException: java.lang.IllegalStateException: Null stream: entry=term: 2
index: 33
stateMachineLogEntry {
  type: DATASTREAM
  clientId: "\237n\223\326\222\017C\341\254G\263)\313j\v~"
  callId: 392
}

	at org.apache.ratis.util.IOUtils.asIOException(IOUtils.java:56)
	at org.apache.ratis.util.IOUtils.toIOException(IOUtils.java:61)
	at org.apache.ratis.util.IOUtils.getFromFuture(IOUtils.java:85)
	at org.apache.ratis.server.raftlog.segmented.SegmentedRaftLogWorker$StateMachineDataPolicy.getFromFuture(SegmentedRaftLogWorker.java:90)
	at org.apache.ratis.server.raftlog.segmented.SegmentedRaftLogWorker$WriteLog.execute(SegmentedRaftLogWorker.java:561)
	at org.apache.ratis.server.raftlog.segmented.SegmentedRaftLogWorker.run(SegmentedRaftLogWorker.java:319)
	... 1 more
Caused by: java.lang.IllegalStateException: Null stream: entry=term: 2
index: 33
stateMachineLogEntry {
  type: DATASTREAM
  clientId: "\237n\223\326\222\017C\341\254G\263)\313j\v~"
  callId: 392
}

	at org.apache.ratis.datastream.DataStreamTestUtils$MultiDataStreamStateMachine.link(DataStreamTestUtils.java:159)
	at org.apache.ratis.server.raftlog.segmented.SegmentedRaftLogWorker$WriteLog.<init>(SegmentedRaftLogWorker.java:518)
	at org.apache.ratis.server.raftlog.segmented.SegmentedRaftLogWorker.writeLogEntry(SegmentedRaftLogWorker.java:464)
	at org.apache.ratis.server.raftlog.segmented.SegmentedRaftLog.appendEntryImpl(SegmentedRaftLog.java:408)
	at org.apache.ratis.server.raftlog.RaftLogBase.lambda$appendEntry$10(RaftLogBase.java:330)
	at org.apache.ratis.server.raftlog.RaftLogSequentialOps$Runner.runSequentially(RaftLogSequentialOps.java:78)
	at org.apache.ratis.server.raftlog.RaftLogBase.appendEntry(RaftLogBase.java:330)
	at org.apache.ratis.server.raftlog.segmented.SegmentedRaftLog.appendImpl(SegmentedRaftLog.java:457)
	at org.apache.ratis.server.raftlog.RaftLogBase.lambda$append$11(RaftLogBase.java:337)
	at org.apache.ratis.server.raftlog.RaftLogSequentialOps$Runner.runSequentially(RaftLogSequentialOps.java:69)
	at org.apache.ratis.server.raftlog.RaftLogBase.append(RaftLogBase.java:337)
	at org.apache.ratis.server.impl.RaftServerImpl.appendEntriesAsync(RaftServerImpl.java:1403)
	at org.apache.ratis.server.impl.RaftServerImpl.appendEntriesAsync(RaftServerImpl.java:1289)
	at org.apache.ratis.server.impl.RaftServerProxy.lambda$null$25(RaftServerProxy.java:624)
	at org.apache.ratis.util.JavaUtils.callAsUnchecked(JavaUtils.java:115)
	at org.apache.ratis.server.impl.RaftServerImpl.lambda$executeSubmitServerRequestAsync$11(RaftServerImpl.java:789)
	at java.util.concurrent.CompletableFuture$AsyncSupply.run(CompletableFuture.java:1604)
	at java.util.concurrent.ThreadPoolExecutor.runWorker(ThreadPoolExecutor.java:1149)
	at java.util.concurrent.ThreadPoolExecutor$Worker.run(ThreadPoolExecutor.java:624)
	... 1 more
2022-08-18 03:42:39,453 [grpc-default-executor-1] INFO  leader.FollowerInfo (FollowerInfoImpl.java:lambda$new$0(48)) - s1@group-D128CC958ABE->s2: nextIndex: updateUnconditionally 39 -> 34
2022-08-18 03:42:39,454 [grpc-default-executor-11] WARN  server.GrpcLogAppender (LogUtils.java:warn(124)) - s1@group-D128CC958ABE->s0-AppendLogResponseHandler: Failed appendEntries
org.apache.ratis.server.raftlog.RaftLogIOException: Log already failed at index 33 for task WriteLog:33: (t:2, i:33), STATEMACHINELOGENTRY, StateMachineLogEntryProto:392@client-B329CB6A0B7E
	at org.apache.ratis.server.raftlog.segmented.SegmentedRaftLogWorker.run(SegmentedRaftLogWorker.java:331)
	at java.lang.Thread.run(Thread.java:750)
Caused by: java.io.IOException: java.lang.IllegalStateException: Null stream: entry=term: 2
index: 33
stateMachineLogEntry {
  type: DATASTREAM
  clientId: "\237n\223\326\222\017C\341\254G\263)\313j\v~"
  callId: 392
}

	at org.apache.ratis.util.IOUtils.asIOException(IOUtils.java:56)
	at org.apache.ratis.util.IOUtils.toIOException(IOUtils.java:61)
	at org.apache.ratis.util.IOUtils.getFromFuture(IOUtils.java:85)
	at org.apache.ratis.server.raftlog.segmented.SegmentedRaftLogWorker$StateMachineDataPolicy.getFromFuture(SegmentedRaftLogWorker.java:90)
	at org.apache.ratis.server.raftlog.segmented.SegmentedRaftLogWorker$WriteLog.execute(SegmentedRaftLogWorker.java:561)
	at org.apache.ratis.server.raftlog.segmented.SegmentedRaftLogWorker.run(SegmentedRaftLogWorker.java:319)
	... 1 more
Caused by: java.lang.IllegalStateException: Null stream: entry=term: 2
index: 33
stateMachineLogEntry {
  type: DATASTREAM
  clientId: "\237n\223\326\222\017C\341\254G\263)\313j\v~"
  callId: 392
}

	at org.apache.ratis.datastream.DataStreamTestUtils$MultiDataStreamStateMachine.link(DataStreamTestUtils.java:159)
	at org.apache.ratis.server.raftlog.segmented.SegmentedRaftLogWorker$WriteLog.<init>(SegmentedRaftLogWorker.java:518)
	at org.apache.ratis.server.raftlog.segmented.SegmentedRaftLogWorker.writeLogEntry(SegmentedRaftLogWorker.java:464)
	at org.apache.ratis.server.raftlog.segmented.SegmentedRaftLog.appendEntryImpl(SegmentedRaftLog.java:408)
	at org.apache.ratis.server.raftlog.RaftLogBase.lambda$appendEntry$10(RaftLogBase.java:330)
	at org.apache.ratis.server.raftlog.RaftLogSequentialOps$Runner.runSequentially(RaftLogSequentialOps.java:78)
	at org.apache.ratis.server.raftlog.RaftLogBase.appendEntry(RaftLogBase.java:330)
	at org.apache.ratis.server.raftlog.segmented.SegmentedRaftLog.appendImpl(SegmentedRaftLog.java:457)
	at org.apache.ratis.server.raftlog.RaftLogBase.lambda$append$11(RaftLogBase.java:337)
	at org.apache.ratis.server.raftlog.RaftLogSequentialOps$Runner.runSequentially(RaftLogSequentialOps.java:69)
	at org.apache.ratis.server.raftlog.RaftLogBase.append(RaftLogBase.java:337)
	at org.apache.ratis.server.impl.RaftServerImpl.appendEntriesAsync(RaftServerImpl.java:1403)
	at org.apache.ratis.server.impl.RaftServerImpl.appendEntriesAsync(RaftServerImpl.java:1289)
	at org.apache.ratis.server.impl.RaftServerProxy.lambda$null$25(RaftServerProxy.java:624)
	at org.apache.ratis.util.JavaUtils.callAsUnchecked(JavaUtils.java:115)
	at org.apache.ratis.server.impl.RaftServerImpl.lambda$executeSubmitServerRequestAsync$11(RaftServerImpl.java:789)
	at java.util.concurrent.CompletableFuture$AsyncSupply.run(CompletableFuture.java:1604)
	at java.util.concurrent.ThreadPoolExecutor.runWorker(ThreadPoolExecutor.java:1149)
	at java.util.concurrent.ThreadPoolExecutor$Worker.run(ThreadPoolExecutor.java:624)
	... 1 more
2022-08-18 03:42:39,455 [s2-server-thread1] INFO  statemachine.StateMachine (DataStreamTestUtils.java:link(157)) - link SingleDataStream: writeRequest=RaftClientRequest:client-1F26C3633272->s2@group-D128CC958ABE, cid=400, seq=0, DataStream, Message:<EMPTY>, logEntry=null
2022-08-18 03:42:39,456 [grpc-default-executor-11] INFO  leader.FollowerInfo (FollowerInfoImpl.java:lambda$new$0(48)) - s1@group-D128CC958ABE->s0: nextIndex: updateUnconditionally 40 -> 34
2022-08-18 03:42:39,456 [s2-server-thread1] WARN  server.GrpcServerProtocolService (LogUtils.java:warn(124)) - s2: Failed APPEND_ENTRIES request s1->s2#18-t2,previous=(t:2, i:33),leaderCommit=32,initializing? true,entries: size=6, first=(t:2, i:34), STATEMACHINELOGENTRY, 396@client-1F26C3633272
java.util.concurrent.CompletionException: org.apache.ratis.server.raftlog.RaftLogIOException: Log already failed at index 33 for task WriteLog:33: (t:2, i:33), STATEMACHINELOGENTRY, StateMachineLogEntryProto:392@client-B329CB6A0B7E
	at java.util.concurrent.CompletableFuture.encodeThrowable(CompletableFuture.java:292)
	at java.util.concurrent.CompletableFuture.completeThrowable(CompletableFuture.java:308)
	at java.util.concurrent.CompletableFuture.biRelay(CompletableFuture.java:1298)
	at java.util.concurrent.CompletableFuture$BiRelay.tryFire(CompletableFuture.java:1284)
	at java.util.concurrent.CompletableFuture.postComplete(CompletableFuture.java:488)
	at java.util.concurrent.CompletableFuture.completeExceptionally(CompletableFuture.java:1990)
	at org.apache.ratis.server.raftlog.segmented.SegmentedRaftLog$Task.failed(SegmentedRaftLog.java:104)
	at org.apache.ratis.server.raftlog.segmented.SegmentedRaftLogWorker$WriteLog.failed(SegmentedRaftLogWorker.java:540)
	at org.apache.ratis.server.raftlog.segmented.SegmentedRaftLogWorker.run(SegmentedRaftLogWorker.java:328)
	at java.lang.Thread.run(Thread.java:750)
Caused by: org.apache.ratis.server.raftlog.RaftLogIOException: Log already failed at index 33 for task WriteLog:33: (t:2, i:33), STATEMACHINELOGENTRY, StateMachineLogEntryProto:392@client-B329CB6A0B7E
	at org.apache.ratis.server.raftlog.segmented.SegmentedRaftLogWorker.run(SegmentedRaftLogWorker.java:331)
	... 1 more
Caused by: java.io.IOException: java.lang.IllegalStateException: Null stream: entry=term: 2
index: 33
stateMachineLogEntry {
  type: DATASTREAM
  clientId: "\237n\223\326\222\017C\341\254G\263)\313j\v~"
  callId: 392
}

	at org.apache.ratis.util.IOUtils.asIOException(IOUtils.java:56)
	at org.apache.ratis.util.IOUtils.toIOException(IOUtils.java:61)
	at org.apache.ratis.util.IOUtils.getFromFuture(IOUtils.java:85)
	at org.apache.ratis.server.raftlog.segmented.SegmentedRaftLogWorker$StateMachineDataPolicy.getFromFuture(SegmentedRaftLogWorker.java:90)
	at org.apache.ratis.server.raftlog.segmented.SegmentedRaftLogWorker$WriteLog.execute(SegmentedRaftLogWorker.java:561)
	at org.apache.ratis.server.raftlog.segmented.SegmentedRaftLogWorker.run(SegmentedRaftLogWorker.java:319)
	... 1 more
Caused by: java.lang.IllegalStateException: Null stream: entry=term: 2
index: 33
stateMachineLogEntry {
  type: DATASTREAM
  clientId: "\237n\223\326\222\017C\341\254G\263)\313j\v~"
  callId: 392
}

	at org.apache.ratis.datastream.DataStreamTestUtils$MultiDataStreamStateMachine.link(DataStreamTestUtils.java:159)
	at org.apache.ratis.server.raftlog.segmented.SegmentedRaftLogWorker$WriteLog.<init>(SegmentedRaftLogWorker.java:518)
	at org.apache.ratis.server.raftlog.segmented.SegmentedRaftLogWorker.writeLogEntry(SegmentedRaftLogWorker.java:464)
	at org.apache.ratis.server.raftlog.segmented.SegmentedRaftLog.appendEntryImpl(SegmentedRaftLog.java:408)
	at org.apache.ratis.server.raftlog.RaftLogBase.lambda$appendEntry$10(RaftLogBase.java:330)
	at org.apache.ratis.server.raftlog.RaftLogSequentialOps$Runner.runSequentially(RaftLogSequentialOps.java:78)
	at org.apache.ratis.server.raftlog.RaftLogBase.appendEntry(RaftLogBase.java:330)
	at org.apache.ratis.server.raftlog.segmented.SegmentedRaftLog.appendImpl(SegmentedRaftLog.java:457)
	at org.apache.ratis.server.raftlog.RaftLogBase.lambda$append$11(RaftLogBase.java:337)
	at org.apache.ratis.server.raftlog.RaftLogSequentialOps$Runner.runSequentially(RaftLogSequentialOps.java:69)
	at org.apache.ratis.server.raftlog.RaftLogBase.append(RaftLogBase.java:337)
	at org.apache.ratis.server.impl.RaftServerImpl.appendEntriesAsync(RaftServerImpl.java:1403)
	at org.apache.ratis.server.impl.RaftServerImpl.appendEntriesAsync(RaftServerImpl.java:1289)
	at org.apache.ratis.server.impl.RaftServerProxy.lambda$null$25(RaftServerProxy.java:624)
	at org.apache.ratis.util.JavaUtils.callAsUnchecked(JavaUtils.java:115)
	at org.apache.ratis.server.impl.RaftServerImpl.lambda$executeSubmitServerRequestAsync$11(RaftServerImpl.java:789)
	at java.util.concurrent.CompletableFuture$AsyncSupply.run(CompletableFuture.java:1604)
	at java.util.concurrent.ThreadPoolExecutor.runWorker(ThreadPoolExecutor.java:1149)
	at java.util.concurrent.ThreadPoolExecutor$Worker.run(ThreadPoolExecutor.java:624)
	... 1 more
2022-08-18 03:42:39,463 [grpc-default-executor-11] WARN  server.GrpcLogAppender (LogUtils.java:warn(124)) - s1@group-D128CC958ABE->s2-AppendLogResponseHandler: Failed appendEntries
org.apache.ratis.server.raftlog.RaftLogIOException: Log already failed at index 33 for task WriteLog:33: (t:2, i:33), STATEMACHINELOGENTRY, StateMachineLogEntryProto:392@client-B329CB6A0B7E
	at org.apache.ratis.server.raftlog.segmented.SegmentedRaftLogWorker.run(SegmentedRaftLogWorker.java:331)
	at java.lang.Thread.run(Thread.java:750)
Caused by: java.io.IOException: java.lang.IllegalStateException: Null stream: entry=term: 2
index: 33
stateMachineLogEntry {
  type: DATASTREAM
  clientId: "\237n\223\326\222\017C\341\254G\263)\313j\v~"
  callId: 392
}

	at org.apache.ratis.util.IOUtils.asIOException(IOUtils.java:56)
	at org.apache.ratis.util.IOUtils.toIOException(IOUtils.java:61)
	at org.apache.ratis.util.IOUtils.getFromFuture(IOUtils.java:85)
	at org.apache.ratis.server.raftlog.segmented.SegmentedRaftLogWorker$StateMachineDataPolicy.getFromFuture(SegmentedRaftLogWorker.java:90)
	at org.apache.ratis.server.raftlog.segmented.SegmentedRaftLogWorker$WriteLog.execute(SegmentedRaftLogWorker.java:561)
	at org.apache.ratis.server.raftlog.segmented.SegmentedRaftLogWorker.run(SegmentedRaftLogWorker.java:319)
	... 1 more
Caused by: java.lang.IllegalStateException: Null stream: entry=term: 2
index: 33
stateMachineLogEntry {
  type: DATASTREAM
  clientId: "\237n\223\326\222\017C\341\254G\263)\313j\v~"
  callId: 392
}

	at org.apache.ratis.datastream.DataStreamTestUtils$MultiDataStreamStateMachine.link(DataStreamTestUtils.java:159)
	at org.apache.ratis.server.raftlog.segmented.SegmentedRaftLogWorker$WriteLog.<init>(SegmentedRaftLogWorker.java:518)
	at org.apache.ratis.server.raftlog.segmented.SegmentedRaftLogWorker.writeLogEntry(SegmentedRaftLogWorker.java:464)
	at org.apache.ratis.server.raftlog.segmented.SegmentedRaftLog.appendEntryImpl(SegmentedRaftLog.java:408)
	at org.apache.ratis.server.raftlog.RaftLogBase.lambda$appendEntry$10(RaftLogBase.java:330)
	at org.apache.ratis.server.raftlog.RaftLogSequentialOps$Runner.runSequentially(RaftLogSequentialOps.java:78)
	at org.apache.ratis.server.raftlog.RaftLogBase.appendEntry(RaftLogBase.java:330)
	at org.apache.ratis.server.raftlog.segmented.SegmentedRaftLog.appendImpl(SegmentedRaftLog.java:457)
	at org.apache.ratis.server.raftlog.RaftLogBase.lambda$append$11(RaftLogBase.java:337)
	at org.apache.ratis.server.raftlog.RaftLogSequentialOps$Runner.runSequentially(RaftLogSequentialOps.java:69)
	at org.apache.ratis.server.raftlog.RaftLogBase.append(RaftLogBase.java:337)
	at org.apache.ratis.server.impl.RaftServerImpl.appendEntriesAsync(RaftServerImpl.java:1403)
	at org.apache.ratis.server.impl.RaftServerImpl.appendEntriesAsync(RaftServerImpl.java:1289)
	at org.apache.ratis.server.impl.RaftServerProxy.lambda$null$25(RaftServerProxy.java:624)
	at org.apache.ratis.util.JavaUtils.callAsUnchecked(JavaUtils.java:115)
	at org.apache.ratis.server.impl.RaftServerImpl.lambda$executeSubmitServerRequestAsync$11(RaftServerImpl.java:789)
	at java.util.concurrent.CompletableFuture$AsyncSupply.run(CompletableFuture.java:1604)
	at java.util.concurrent.ThreadPoolExecutor.runWorker(ThreadPoolExecutor.java:1149)
	at java.util.concurrent.ThreadPoolExecutor$Worker.run(ThreadPoolExecutor.java:624)
	... 1 more
2022-08-18 03:42:39,464 [grpc-default-executor-11] INFO  leader.FollowerInfo (FollowerInfoImpl.java:lambda$new$0(48)) - s1@group-D128CC958ABE->s2: nextIndex: updateUnconditionally 40 -> 34
2022-08-18 03:42:45,189 [timer0] WARN  grpc.GrpcUtil (GrpcUtil.java:shutdownManagedChannel(216)) - Timed out gracefully shutting down connection: ManagedChannelOrphanWrapper{delegate=ManagedChannelImpl{logId=334, target=localhost:44149}}. 
2022-08-18 03:42:45,410 [timer4] WARN  grpc.GrpcUtil (GrpcUtil.java:shutdownManagedChannel(216)) - Timed out gracefully shutting down connection: ManagedChannelOrphanWrapper{delegate=ManagedChannelImpl{logId=348, target=localhost:44149}}. 
2022-08-18 03:42:45,458 [Timer-2] INFO  impl.MiniRaftCluster (MiniRaftCluster.java:lambda$null$6(346)) - TIMED-PRINT: printing ALL groups
  s0:  RUNNING  FOLLOWER s0@group-D128CC958ABE:t2, leader=s1, voted=s1, raftlog=Memoized:s0@group-D128CC958ABE-SegmentedRaftLog:OPENED:c32, conf=31: peers:[s0|rpc:localhost:43041|admin:localhost:41627|client:localhost:41753|dataStream:localhost:43729|priority:0|startupRole:FOLLOWER, s1|rpc:localhost:46505|admin:localhost:41383|client:localhost:44149|dataStream:localhost:34715|priority:0|startupRole:FOLLOWER, s2|rpc:localhost:33579|admin:localhost:36665|client:localhost:36785|dataStream:localhost:46131|priority:0|startupRole:FOLLOWER]|listeners:[], old=null RUNNING
  s1:  RUNNING    LEADER s1@group-D128CC958ABE:t2, leader=s1, voted=s1, raftlog=Memoized:s1@group-D128CC958ABE-SegmentedRaftLog:OPENED:c32, conf=31: peers:[s0|rpc:localhost:43041|admin:localhost:41627|client:localhost:41753|dataStream:localhost:43729|priority:0|startupRole:FOLLOWER, s1|rpc:localhost:46505|admin:localhost:41383|client:localhost:44149|dataStream:localhost:34715|priority:0|startupRole:FOLLOWER, s2|rpc:localhost:33579|admin:localhost:36665|client:localhost:36785|dataStream:localhost:46131|priority:0|startupRole:FOLLOWER]|listeners:[], old=null RUNNING
  s2:  RUNNING  FOLLOWER s2@group-D128CC958ABE:t2, leader=s1, voted=s1, raftlog=Memoized:s2@group-D128CC958ABE-SegmentedRaftLog:OPENED:c32, conf=31: peers:[s0|rpc:localhost:43041|admin:localhost:41627|client:localhost:41753|dataStream:localhost:43729|priority:0|startupRole:FOLLOWER, s1|rpc:localhost:46505|admin:localhost:41383|client:localhost:44149|dataStream:localhost:34715|priority:0|startupRole:FOLLOWER, s2|rpc:localhost:33579|admin:localhost:36665|client:localhost:36785|dataStream:localhost:46131|priority:0|startupRole:FOLLOWER]|listeners:[], old=null RUNNING
2022-08-18 03:42:48,529 [timer6] WARN  grpc.GrpcUtil (GrpcUtil.java:shutdownManagedChannel(216)) - Timed out gracefully shutting down connection: ManagedChannelOrphanWrapper{delegate=ManagedChannelImpl{logId=362, target=localhost:44149}}. 
2022-08-18 03:42:51,312 [timer3] WARN  grpc.GrpcUtil (GrpcUtil.java:shutdownManagedChannel(216)) - Timed out gracefully shutting down connection: ManagedChannelOrphanWrapper{delegate=ManagedChannelImpl{logId=376, target=localhost:44149}}. 
2022-08-18 03:42:54,654 [timer1] WARN  grpc.GrpcUtil (GrpcUtil.java:shutdownManagedChannel(216)) - Timed out gracefully shutting down connection: ManagedChannelOrphanWrapper{delegate=ManagedChannelImpl{logId=390, target=localhost:44149}}. 
2022-08-18 03:42:55,458 [Timer-2] INFO  impl.MiniRaftCluster (MiniRaftCluster.java:lambda$null$6(346)) - TIMED-PRINT: printing ALL groups
  s0:  RUNNING  FOLLOWER s0@group-D128CC958ABE:t2, leader=s1, voted=s1, raftlog=Memoized:s0@group-D128CC958ABE-SegmentedRaftLog:OPENED:c32, conf=31: peers:[s0|rpc:localhost:43041|admin:localhost:41627|client:localhost:41753|dataStream:localhost:43729|priority:0|startupRole:FOLLOWER, s1|rpc:localhost:46505|admin:localhost:41383|client:localhost:44149|dataStream:localhost:34715|priority:0|startupRole:FOLLOWER, s2|rpc:localhost:33579|admin:localhost:36665|client:localhost:36785|dataStream:localhost:46131|priority:0|startupRole:FOLLOWER]|listeners:[], old=null RUNNING
  s1:  RUNNING    LEADER s1@group-D128CC958ABE:t2, leader=s1, voted=s1, raftlog=Memoized:s1@group-D128CC958ABE-SegmentedRaftLog:OPENED:c32, conf=31: peers:[s0|rpc:localhost:43041|admin:localhost:41627|client:localhost:41753|dataStream:localhost:43729|priority:0|startupRole:FOLLOWER, s1|rpc:localhost:46505|admin:localhost:41383|client:localhost:44149|dataStream:localhost:34715|priority:0|startupRole:FOLLOWER, s2|rpc:localhost:33579|admin:localhost:36665|client:localhost:36785|dataStream:localhost:46131|priority:0|startupRole:FOLLOWER]|listeners:[], old=null RUNNING
  s2:  RUNNING  FOLLOWER s2@group-D128CC958ABE:t2, leader=s1, voted=s1, raftlog=Memoized:s2@group-D128CC958ABE-SegmentedRaftLog:OPENED:c32, conf=31: peers:[s0|rpc:localhost:43041|admin:localhost:41627|client:localhost:41753|dataStream:localhost:43729|priority:0|startupRole:FOLLOWER, s1|rpc:localhost:46505|admin:localhost:41383|client:localhost:44149|dataStream:localhost:34715|priority:0|startupRole:FOLLOWER, s2|rpc:localhost:33579|admin:localhost:36665|client:localhost:36785|dataStream:localhost:46131|priority:0|startupRole:FOLLOWER]|listeners:[], old=null RUNNING
2022-08-18 03:42:57,433 [timer6] WARN  grpc.GrpcUtil (GrpcUtil.java:shutdownManagedChannel(216)) - Timed out gracefully shutting down connection: ManagedChannelOrphanWrapper{delegate=ManagedChannelImpl{logId=404, target=localhost:44149}}. 
2022-08-18 03:43:03,441 [timer4] WARN  grpc.GrpcUtil (GrpcUtil.java:shutdownManagedChannel(216)) - Timed out gracefully shutting down connection: ManagedChannelOrphanWrapper{delegate=ManagedChannelImpl{logId=418, target=localhost:44149}}. 
2022-08-18 03:43:03,554 [timer6] WARN  grpc.GrpcUtil (GrpcUtil.java:shutdownManagedChannel(216)) - Timed out gracefully shutting down connection: ManagedChannelOrphanWrapper{delegate=ManagedChannelImpl{logId=432, target=localhost:44149}}. 
2022-08-18 03:43:05,458 [Timer-2] INFO  impl.MiniRaftCluster (MiniRaftCluster.java:lambda$null$6(346)) - TIMED-PRINT: printing ALL groups
  s0:  RUNNING  FOLLOWER s0@group-D128CC958ABE:t2, leader=s1, voted=s1, raftlog=Memoized:s0@group-D128CC958ABE-SegmentedRaftLog:OPENED:c32, conf=31: peers:[s0|rpc:localhost:43041|admin:localhost:41627|client:localhost:41753|dataStream:localhost:43729|priority:0|startupRole:FOLLOWER, s1|rpc:localhost:46505|admin:localhost:41383|client:localhost:44149|dataStream:localhost:34715|priority:0|startupRole:FOLLOWER, s2|rpc:localhost:33579|admin:localhost:36665|client:localhost:36785|dataStream:localhost:46131|priority:0|startupRole:FOLLOWER]|listeners:[], old=null RUNNING
  s1:  RUNNING    LEADER s1@group-D128CC958ABE:t2, leader=s1, voted=s1, raftlog=Memoized:s1@group-D128CC958ABE-SegmentedRaftLog:OPENED:c32, conf=31: peers:[s0|rpc:localhost:43041|admin:localhost:41627|client:localhost:41753|dataStream:localhost:43729|priority:0|startupRole:FOLLOWER, s1|rpc:localhost:46505|admin:localhost:41383|client:localhost:44149|dataStream:localhost:34715|priority:0|startupRole:FOLLOWER, s2|rpc:localhost:33579|admin:localhost:36665|client:localhost:36785|dataStream:localhost:46131|priority:0|startupRole:FOLLOWER]|listeners:[], old=null RUNNING
  s2:  RUNNING  FOLLOWER s2@group-D128CC958ABE:t2, leader=s1, voted=s1, raftlog=Memoized:s2@group-D128CC958ABE-SegmentedRaftLog:OPENED:c32, conf=31: peers:[s0|rpc:localhost:43041|admin:localhost:41627|client:localhost:41753|dataStream:localhost:43729|priority:0|startupRole:FOLLOWER, s1|rpc:localhost:46505|admin:localhost:41383|client:localhost:44149|dataStream:localhost:34715|priority:0|startupRole:FOLLOWER, s2|rpc:localhost:33579|admin:localhost:36665|client:localhost:36785|dataStream:localhost:46131|priority:0|startupRole:FOLLOWER]|listeners:[], old=null RUNNING
2022-08-18 03:43:09,560 [timer6] WARN  grpc.GrpcUtil (GrpcUtil.java:shutdownManagedChannel(216)) - Timed out gracefully shutting down connection: ManagedChannelOrphanWrapper{delegate=ManagedChannelImpl{logId=446, target=localhost:44149}}. 
2022-08-18 03:43:09,673 [timer3] WARN  grpc.GrpcUtil (GrpcUtil.java:shutdownManagedChannel(216)) - Timed out gracefully shutting down connection: ManagedChannelOrphanWrapper{delegate=ManagedChannelImpl{logId=460, target=localhost:44149}}. 
2022-08-18 03:43:15,459 [Timer-2] INFO  impl.MiniRaftCluster (MiniRaftCluster.java:lambda$null$6(346)) - TIMED-PRINT: printing ALL groups
  s0:  RUNNING  FOLLOWER s0@group-D128CC958ABE:t2, leader=s1, voted=s1, raftlog=Memoized:s0@group-D128CC958ABE-SegmentedRaftLog:OPENED:c32, conf=31: peers:[s0|rpc:localhost:43041|admin:localhost:41627|client:localhost:41753|dataStream:localhost:43729|priority:0|startupRole:FOLLOWER, s1|rpc:localhost:46505|admin:localhost:41383|client:localhost:44149|dataStream:localhost:34715|priority:0|startupRole:FOLLOWER, s2|rpc:localhost:33579|admin:localhost:36665|client:localhost:36785|dataStream:localhost:46131|priority:0|startupRole:FOLLOWER]|listeners:[], old=null RUNNING
  s1:  RUNNING    LEADER s1@group-D128CC958ABE:t2, leader=s1, voted=s1, raftlog=Memoized:s1@group-D128CC958ABE-SegmentedRaftLog:OPENED:c32, conf=31: peers:[s0|rpc:localhost:43041|admin:localhost:41627|client:localhost:41753|dataStream:localhost:43729|priority:0|startupRole:FOLLOWER, s1|rpc:localhost:46505|admin:localhost:41383|client:localhost:44149|dataStream:localhost:34715|priority:0|startupRole:FOLLOWER, s2|rpc:localhost:33579|admin:localhost:36665|client:localhost:36785|dataStream:localhost:46131|priority:0|startupRole:FOLLOWER]|listeners:[], old=null RUNNING
  s2:  RUNNING  FOLLOWER s2@group-D128CC958ABE:t2, leader=s1, voted=s1, raftlog=Memoized:s2@group-D128CC958ABE-SegmentedRaftLog:OPENED:c32, conf=31: peers:[s0|rpc:localhost:43041|admin:localhost:41627|client:localhost:41753|dataStream:localhost:43729|priority:0|startupRole:FOLLOWER, s1|rpc:localhost:46505|admin:localhost:41383|client:localhost:44149|dataStream:localhost:34715|priority:0|startupRole:FOLLOWER, s2|rpc:localhost:33579|admin:localhost:36665|client:localhost:36785|dataStream:localhost:46131|priority:0|startupRole:FOLLOWER]|listeners:[], old=null RUNNING
2022-08-18 03:43:15,687 [timer2] WARN  grpc.GrpcUtil (GrpcUtil.java:shutdownManagedChannel(216)) - Timed out gracefully shutting down connection: ManagedChannelOrphanWrapper{delegate=ManagedChannelImpl{logId=474, target=localhost:44149}}. 
2022-08-18 03:43:15,792 [timer5] WARN  grpc.GrpcUtil (GrpcUtil.java:shutdownManagedChannel(216)) - Timed out gracefully shutting down connection: ManagedChannelOrphanWrapper{delegate=ManagedChannelImpl{logId=488, target=localhost:44149}}. 
2022-08-18 03:43:21,806 [timer2] WARN  grpc.GrpcUtil (GrpcUtil.java:shutdownManagedChannel(216)) - Timed out gracefully shutting down connection: ManagedChannelOrphanWrapper{delegate=ManagedChannelImpl{logId=502, target=localhost:44149}}. 
2022-08-18 03:43:21,906 [timer5] WARN  grpc.GrpcUtil (GrpcUtil.java:shutdownManagedChannel(216)) - Timed out gracefully shutting down connection: ManagedChannelOrphanWrapper{delegate=ManagedChannelImpl{logId=516, target=localhost:44149}}. 
2022-08-18 03:43:25,458 [Timer-2] INFO  impl.MiniRaftCluster (MiniRaftCluster.java:lambda$null$6(346)) - TIMED-PRINT: printing ALL groups
  s0:  RUNNING  FOLLOWER s0@group-D128CC958ABE:t2, leader=s1, voted=s1, raftlog=Memoized:s0@group-D128CC958ABE-SegmentedRaftLog:OPENED:c32, conf=31: peers:[s0|rpc:localhost:43041|admin:localhost:41627|client:localhost:41753|dataStream:localhost:43729|priority:0|startupRole:FOLLOWER, s1|rpc:localhost:46505|admin:localhost:41383|client:localhost:44149|dataStream:localhost:34715|priority:0|startupRole:FOLLOWER, s2|rpc:localhost:33579|admin:localhost:36665|client:localhost:36785|dataStream:localhost:46131|priority:0|startupRole:FOLLOWER]|listeners:[], old=null RUNNING
  s1:  RUNNING    LEADER s1@group-D128CC958ABE:t2, leader=s1, voted=s1, raftlog=Memoized:s1@group-D128CC958ABE-SegmentedRaftLog:OPENED:c32, conf=31: peers:[s0|rpc:localhost:43041|admin:localhost:41627|client:localhost:41753|dataStream:localhost:43729|priority:0|startupRole:FOLLOWER, s1|rpc:localhost:46505|admin:localhost:41383|client:localhost:44149|dataStream:localhost:34715|priority:0|startupRole:FOLLOWER, s2|rpc:localhost:33579|admin:localhost:36665|client:localhost:36785|dataStream:localhost:46131|priority:0|startupRole:FOLLOWER]|listeners:[], old=null RUNNING
  s2:  RUNNING  FOLLOWER s2@group-D128CC958ABE:t2, leader=s1, voted=s1, raftlog=Memoized:s2@group-D128CC958ABE-SegmentedRaftLog:OPENED:c32, conf=31: peers:[s0|rpc:localhost:43041|admin:localhost:41627|client:localhost:41753|dataStream:localhost:43729|priority:0|startupRole:FOLLOWER, s1|rpc:localhost:46505|admin:localhost:41383|client:localhost:44149|dataStream:localhost:34715|priority:0|startupRole:FOLLOWER, s2|rpc:localhost:33579|admin:localhost:36665|client:localhost:36785|dataStream:localhost:46131|priority:0|startupRole:FOLLOWER]|listeners:[], old=null RUNNING
2022-08-18 03:43:27,922 [timer4] WARN  grpc.GrpcUtil (GrpcUtil.java:shutdownManagedChannel(216)) - Timed out gracefully shutting down connection: ManagedChannelOrphanWrapper{delegate=ManagedChannelImpl{logId=530, target=localhost:44149}}. 
2022-08-18 03:43:28,022 [timer3] WARN  grpc.GrpcUtil (GrpcUtil.java:shutdownManagedChannel(216)) - Timed out gracefully shutting down connection: ManagedChannelOrphanWrapper{delegate=ManagedChannelImpl{logId=544, target=localhost:44149}}. 
2022-08-18 03:43:34,044 [timer2] WARN  grpc.GrpcUtil (GrpcUtil.java:shutdownManagedChannel(216)) - Timed out gracefully shutting down connection: ManagedChannelOrphanWrapper{delegate=ManagedChannelImpl{logId=558, target=localhost:44149}}. 
2022-08-18 03:43:34,143 [timer3] WARN  grpc.GrpcUtil (GrpcUtil.java:shutdownManagedChannel(216)) - Timed out gracefully shutting down connection: ManagedChannelOrphanWrapper{delegate=ManagedChannelImpl{logId=572, target=localhost:44149}}. 
2022-08-18 03:43:35,458 [Timer-2] INFO  impl.MiniRaftCluster (MiniRaftCluster.java:lambda$null$6(346)) - TIMED-PRINT: printing ALL groups
  s0:  RUNNING  FOLLOWER s0@group-D128CC958ABE:t2, leader=s1, voted=s1, raftlog=Memoized:s0@group-D128CC958ABE-SegmentedRaftLog:OPENED:c32, conf=31: peers:[s0|rpc:localhost:43041|admin:localhost:41627|client:localhost:41753|dataStream:localhost:43729|priority:0|startupRole:FOLLOWER, s1|rpc:localhost:46505|admin:localhost:41383|client:localhost:44149|dataStream:localhost:34715|priority:0|startupRole:FOLLOWER, s2|rpc:localhost:33579|admin:localhost:36665|client:localhost:36785|dataStream:localhost:46131|priority:0|startupRole:FOLLOWER]|listeners:[], old=null RUNNING
  s1:  RUNNING    LEADER s1@group-D128CC958ABE:t2, leader=s1, voted=s1, raftlog=Memoized:s1@group-D128CC958ABE-SegmentedRaftLog:OPENED:c32, conf=31: peers:[s0|rpc:localhost:43041|admin:localhost:41627|client:localhost:41753|dataStream:localhost:43729|priority:0|startupRole:FOLLOWER, s1|rpc:localhost:46505|admin:localhost:41383|client:localhost:44149|dataStream:localhost:34715|priority:0|startupRole:FOLLOWER, s2|rpc:localhost:33579|admin:localhost:36665|client:localhost:36785|dataStream:localhost:46131|priority:0|startupRole:FOLLOWER]|listeners:[], old=null RUNNING
  s2:  RUNNING  FOLLOWER s2@group-D128CC958ABE:t2, leader=s1, voted=s1, raftlog=Memoized:s2@group-D128CC958ABE-SegmentedRaftLog:OPENED:c32, conf=31: peers:[s0|rpc:localhost:43041|admin:localhost:41627|client:localhost:41753|dataStream:localhost:43729|priority:0|startupRole:FOLLOWER, s1|rpc:localhost:46505|admin:localhost:41383|client:localhost:44149|dataStream:localhost:34715|priority:0|startupRole:FOLLOWER, s2|rpc:localhost:33579|admin:localhost:36665|client:localhost:36785|dataStream:localhost:46131|priority:0|startupRole:FOLLOWER]|listeners:[], old=null RUNNING
2022-08-18 03:43:40,156 [timer2] WARN  grpc.GrpcUtil (GrpcUtil.java:shutdownManagedChannel(216)) - Timed out gracefully shutting down connection: ManagedChannelOrphanWrapper{delegate=ManagedChannelImpl{logId=586, target=localhost:44149}}. 
2022-08-18 03:43:40,265 [timer5] WARN  grpc.GrpcUtil (GrpcUtil.java:shutdownManagedChannel(216)) - Timed out gracefully shutting down connection: ManagedChannelOrphanWrapper{delegate=ManagedChannelImpl{logId=600, target=localhost:44149}}. 
2022-08-18 03:43:40,282 [s1-client-thread1] INFO  statemachine.StateMachine (DataStreamTestUtils.java:link(157)) - link null
2022-08-18 03:43:40,285 [s0-server-thread3] INFO  statemachine.StateMachine (DataStreamTestUtils.java:link(157)) - link null
2022-08-18 03:43:40,285 [s2-server-thread1] INFO  statemachine.StateMachine (DataStreamTestUtils.java:link(157)) - link null
2022-08-18 03:43:40,285 [s0-server-thread3] WARN  server.GrpcServerProtocolService (LogUtils.java:warn(124)) - s0: Failed APPEND_ENTRIES request s1->s0#816-t2,previous=(t:2, i:39),leaderCommit=32,initializing? true,entries: size=1, first=(t:2, i:40), STATEMACHINELOGENTRY, 396@client-1F26C3633272
java.util.concurrent.CompletionException: org.apache.ratis.server.raftlog.RaftLogIOException: Log already failed at index 33 for task WriteLog:33: (t:2, i:33), STATEMACHINELOGENTRY, StateMachineLogEntryProto:392@client-B329CB6A0B7E
	at java.util.concurrent.CompletableFuture.encodeThrowable(CompletableFuture.java:292)
	at java.util.concurrent.CompletableFuture.completeThrowable(CompletableFuture.java:308)
	at java.util.concurrent.CompletableFuture.biRelay(CompletableFuture.java:1298)
	at java.util.concurrent.CompletableFuture$BiRelay.tryFire(CompletableFuture.java:1284)
	at java.util.concurrent.CompletableFuture.postComplete(CompletableFuture.java:488)
	at java.util.concurrent.CompletableFuture.completeExceptionally(CompletableFuture.java:1990)
	at org.apache.ratis.server.raftlog.segmented.SegmentedRaftLog$Task.failed(SegmentedRaftLog.java:104)
	at org.apache.ratis.server.raftlog.segmented.SegmentedRaftLogWorker$WriteLog.failed(SegmentedRaftLogWorker.java:540)
	at org.apache.ratis.server.raftlog.segmented.SegmentedRaftLogWorker.run(SegmentedRaftLogWorker.java:328)
	at java.lang.Thread.run(Thread.java:750)
Caused by: org.apache.ratis.server.raftlog.RaftLogIOException: Log already failed at index 33 for task WriteLog:33: (t:2, i:33), STATEMACHINELOGENTRY, StateMachineLogEntryProto:392@client-B329CB6A0B7E
	at org.apache.ratis.server.raftlog.segmented.SegmentedRaftLogWorker.run(SegmentedRaftLogWorker.java:331)
	... 1 more
Caused by: java.io.IOException: java.lang.IllegalStateException: Null stream: entry=term: 2
index: 33
stateMachineLogEntry {
  type: DATASTREAM
  clientId: "\237n\223\326\222\017C\341\254G\263)\313j\v~"
  callId: 392
}

	at org.apache.ratis.util.IOUtils.asIOException(IOUtils.java:56)
	at org.apache.ratis.util.IOUtils.toIOException(IOUtils.java:61)
	at org.apache.ratis.util.IOUtils.getFromFuture(IOUtils.java:85)
	at org.apache.ratis.server.raftlog.segmented.SegmentedRaftLogWorker$StateMachineDataPolicy.getFromFuture(SegmentedRaftLogWorker.java:90)
	at org.apache.ratis.server.raftlog.segmented.SegmentedRaftLogWorker$WriteLog.execute(SegmentedRaftLogWorker.java:561)
	at org.apache.ratis.server.raftlog.segmented.SegmentedRaftLogWorker.run(SegmentedRaftLogWorker.java:319)
	... 1 more
Caused by: java.lang.IllegalStateException: Null stream: entry=term: 2
index: 33
stateMachineLogEntry {
  type: DATASTREAM
  clientId: "\237n\223\326\222\017C\341\254G\263)\313j\v~"
  callId: 392
}

	at org.apache.ratis.datastream.DataStreamTestUtils$MultiDataStreamStateMachine.link(DataStreamTestUtils.java:159)
	at org.apache.ratis.server.raftlog.segmented.SegmentedRaftLogWorker$WriteLog.<init>(SegmentedRaftLogWorker.java:518)
	at org.apache.ratis.server.raftlog.segmented.SegmentedRaftLogWorker.writeLogEntry(SegmentedRaftLogWorker.java:464)
	at org.apache.ratis.server.raftlog.segmented.SegmentedRaftLog.appendEntryImpl(SegmentedRaftLog.java:408)
	at org.apache.ratis.server.raftlog.RaftLogBase.lambda$appendEntry$10(RaftLogBase.java:330)
	at org.apache.ratis.server.raftlog.RaftLogSequentialOps$Runner.runSequentially(RaftLogSequentialOps.java:78)
	at org.apache.ratis.server.raftlog.RaftLogBase.appendEntry(RaftLogBase.java:330)
	at org.apache.ratis.server.raftlog.segmented.SegmentedRaftLog.appendImpl(SegmentedRaftLog.java:457)
	at org.apache.ratis.server.raftlog.RaftLogBase.lambda$append$11(RaftLogBase.java:337)
	at org.apache.ratis.server.raftlog.RaftLogSequentialOps$Runner.runSequentially(RaftLogSequentialOps.java:69)
	at org.apache.ratis.server.raftlog.RaftLogBase.append(RaftLogBase.java:337)
	at org.apache.ratis.server.impl.RaftServerImpl.appendEntriesAsync(RaftServerImpl.java:1403)
	at org.apache.ratis.server.impl.RaftServerImpl.appendEntriesAsync(RaftServerImpl.java:1289)
	at org.apache.ratis.server.impl.RaftServerProxy.lambda$null$25(RaftServerProxy.java:624)
	at org.apache.ratis.util.JavaUtils.callAsUnchecked(JavaUtils.java:115)
	at org.apache.ratis.server.impl.RaftServerImpl.lambda$executeSubmitServerRequestAsync$11(RaftServerImpl.java:789)
	at java.util.concurrent.CompletableFuture$AsyncSupply.run(CompletableFuture.java:1604)
	at java.util.concurrent.ThreadPoolExecutor.runWorker(ThreadPoolExecutor.java:1149)
	at java.util.concurrent.ThreadPoolExecutor$Worker.run(ThreadPoolExecutor.java:624)
	... 1 more
2022-08-18 03:43:40,285 [grpc-default-executor-1] WARN  server.GrpcServerProtocolService (LogUtils.java:warn(124)) - s2: Failed APPEND_ENTRIES request s1->s2#817-t2,previous=(t:2, i:39),leaderCommit=32,initializing? true,entries: size=1, first=(t:2, i:40), STATEMACHINELOGENTRY, 396@client-1F26C3633272
java.util.concurrent.CompletionException: org.apache.ratis.server.raftlog.RaftLogIOException: Log already failed at index 33 for task WriteLog:33: (t:2, i:33), STATEMACHINELOGENTRY, StateMachineLogEntryProto:392@client-B329CB6A0B7E
	at java.util.concurrent.CompletableFuture.encodeThrowable(CompletableFuture.java:292)
	at java.util.concurrent.CompletableFuture.completeThrowable(CompletableFuture.java:308)
	at java.util.concurrent.CompletableFuture.biRelay(CompletableFuture.java:1298)
	at java.util.concurrent.CompletableFuture$BiRelay.tryFire(CompletableFuture.java:1284)
	at java.util.concurrent.CompletableFuture.postComplete(CompletableFuture.java:488)
	at java.util.concurrent.CompletableFuture.completeExceptionally(CompletableFuture.java:1990)
	at org.apache.ratis.server.raftlog.segmented.SegmentedRaftLog$Task.failed(SegmentedRaftLog.java:104)
	at org.apache.ratis.server.raftlog.segmented.SegmentedRaftLogWorker$WriteLog.failed(SegmentedRaftLogWorker.java:540)
	at org.apache.ratis.server.raftlog.segmented.SegmentedRaftLogWorker.run(SegmentedRaftLogWorker.java:328)
	at java.lang.Thread.run(Thread.java:750)
Caused by: org.apache.ratis.server.raftlog.RaftLogIOException: Log already failed at index 33 for task WriteLog:33: (t:2, i:33), STATEMACHINELOGENTRY, StateMachineLogEntryProto:392@client-B329CB6A0B7E
	at org.apache.ratis.server.raftlog.segmented.SegmentedRaftLogWorker.run(SegmentedRaftLogWorker.java:331)
	... 1 more
Caused by: java.io.IOException: java.lang.IllegalStateException: Null stream: entry=term: 2
index: 33
stateMachineLogEntry {
  type: DATASTREAM
  clientId: "\237n\223\326\222\017C\341\254G\263)\313j\v~"
  callId: 392
}

	at org.apache.ratis.util.IOUtils.asIOException(IOUtils.java:56)
	at org.apache.ratis.util.IOUtils.toIOException(IOUtils.java:61)
	at org.apache.ratis.util.IOUtils.getFromFuture(IOUtils.java:85)
	at org.apache.ratis.server.raftlog.segmented.SegmentedRaftLogWorker$StateMachineDataPolicy.getFromFuture(SegmentedRaftLogWorker.java:90)
	at org.apache.ratis.server.raftlog.segmented.SegmentedRaftLogWorker$WriteLog.execute(SegmentedRaftLogWorker.java:561)
	at org.apache.ratis.server.raftlog.segmented.SegmentedRaftLogWorker.run(SegmentedRaftLogWorker.java:319)
	... 1 more
Caused by: java.lang.IllegalStateException: Null stream: entry=term: 2
index: 33
stateMachineLogEntry {
  type: DATASTREAM
  clientId: "\237n\223\326\222\017C\341\254G\263)\313j\v~"
  callId: 392
}

	at org.apache.ratis.datastream.DataStreamTestUtils$MultiDataStreamStateMachine.link(DataStreamTestUtils.java:159)
	at org.apache.ratis.server.raftlog.segmented.SegmentedRaftLogWorker$WriteLog.<init>(SegmentedRaftLogWorker.java:518)
	at org.apache.ratis.server.raftlog.segmented.SegmentedRaftLogWorker.writeLogEntry(SegmentedRaftLogWorker.java:464)
	at org.apache.ratis.server.raftlog.segmented.SegmentedRaftLog.appendEntryImpl(SegmentedRaftLog.java:408)
	at org.apache.ratis.server.raftlog.RaftLogBase.lambda$appendEntry$10(RaftLogBase.java:330)
	at org.apache.ratis.server.raftlog.RaftLogSequentialOps$Runner.runSequentially(RaftLogSequentialOps.java:78)
	at org.apache.ratis.server.raftlog.RaftLogBase.appendEntry(RaftLogBase.java:330)
	at org.apache.ratis.server.raftlog.segmented.SegmentedRaftLog.appendImpl(SegmentedRaftLog.java:457)
	at org.apache.ratis.server.raftlog.RaftLogBase.lambda$append$11(RaftLogBase.java:337)
	at org.apache.ratis.server.raftlog.RaftLogSequentialOps$Runner.runSequentially(RaftLogSequentialOps.java:69)
	at org.apache.ratis.server.raftlog.RaftLogBase.append(RaftLogBase.java:337)
	at org.apache.ratis.server.impl.RaftServerImpl.appendEntriesAsync(RaftServerImpl.java:1403)
	at org.apache.ratis.server.impl.RaftServerImpl.appendEntriesAsync(RaftServerImpl.java:1289)
	at org.apache.ratis.server.impl.RaftServerProxy.lambda$null$25(RaftServerProxy.java:624)
	at org.apache.ratis.util.JavaUtils.callAsUnchecked(JavaUtils.java:115)
	at org.apache.ratis.server.impl.RaftServerImpl.lambda$executeSubmitServerRequestAsync$11(RaftServerImpl.java:789)
	at java.util.concurrent.CompletableFuture$AsyncSupply.run(CompletableFuture.java:1604)
	at java.util.concurrent.ThreadPoolExecutor.runWorker(ThreadPoolExecutor.java:1149)
	at java.util.concurrent.ThreadPoolExecutor$Worker.run(ThreadPoolExecutor.java:624)
	... 1 more
2022-08-18 03:43:40,296 [grpc-default-executor-0] WARN  server.GrpcLogAppender (LogUtils.java:warn(124)) - s1@group-D128CC958ABE->s2-AppendLogResponseHandler: Failed appendEntries
org.apache.ratis.server.raftlog.RaftLogIOException: Log already failed at index 33 for task WriteLog:33: (t:2, i:33), STATEMACHINELOGENTRY, StateMachineLogEntryProto:392@client-B329CB6A0B7E
	at org.apache.ratis.server.raftlog.segmented.SegmentedRaftLogWorker.run(SegmentedRaftLogWorker.java:331)
	at java.lang.Thread.run(Thread.java:750)
Caused by: java.io.IOException: java.lang.IllegalStateException: Null stream: entry=term: 2
index: 33
stateMachineLogEntry {
  type: DATASTREAM
  clientId: "\237n\223\326\222\017C\341\254G\263)\313j\v~"
  callId: 392
}

	at org.apache.ratis.util.IOUtils.asIOException(IOUtils.java:56)
	at org.apache.ratis.util.IOUtils.toIOException(IOUtils.java:61)
	at org.apache.ratis.util.IOUtils.getFromFuture(IOUtils.java:85)
	at org.apache.ratis.server.raftlog.segmented.SegmentedRaftLogWorker$StateMachineDataPolicy.getFromFuture(SegmentedRaftLogWorker.java:90)
	at org.apache.ratis.server.raftlog.segmented.SegmentedRaftLogWorker$WriteLog.execute(SegmentedRaftLogWorker.java:561)
	at org.apache.ratis.server.raftlog.segmented.SegmentedRaftLogWorker.run(SegmentedRaftLogWorker.java:319)
	... 1 more
Caused by: java.lang.IllegalStateException: Null stream: entry=term: 2
index: 33
stateMachineLogEntry {
  type: DATASTREAM
  clientId: "\237n\223\326\222\017C\341\254G\263)\313j\v~"
  callId: 392
}

	at org.apache.ratis.datastream.DataStreamTestUtils$MultiDataStreamStateMachine.link(DataStreamTestUtils.java:159)
	at org.apache.ratis.server.raftlog.segmented.SegmentedRaftLogWorker$WriteLog.<init>(SegmentedRaftLogWorker.java:518)
	at org.apache.ratis.server.raftlog.segmented.SegmentedRaftLogWorker.writeLogEntry(SegmentedRaftLogWorker.java:464)
	at org.apache.ratis.server.raftlog.segmented.SegmentedRaftLog.appendEntryImpl(SegmentedRaftLog.java:408)
	at org.apache.ratis.server.raftlog.RaftLogBase.lambda$appendEntry$10(RaftLogBase.java:330)
	at org.apache.ratis.server.raftlog.RaftLogSequentialOps$Runner.runSequentially(RaftLogSequentialOps.java:78)
	at org.apache.ratis.server.raftlog.RaftLogBase.appendEntry(RaftLogBase.java:330)
	at org.apache.ratis.server.raftlog.segmented.SegmentedRaftLog.appendImpl(SegmentedRaftLog.java:457)
	at org.apache.ratis.server.raftlog.RaftLogBase.lambda$append$11(RaftLogBase.java:337)
	at org.apache.ratis.server.raftlog.RaftLogSequentialOps$Runner.runSequentially(RaftLogSequentialOps.java:69)
	at org.apache.ratis.server.raftlog.RaftLogBase.append(RaftLogBase.java:337)
	at org.apache.ratis.server.impl.RaftServerImpl.appendEntriesAsync(RaftServerImpl.java:1403)
	at org.apache.ratis.server.impl.RaftServerImpl.appendEntriesAsync(RaftServerImpl.java:1289)
	at org.apache.ratis.server.impl.RaftServerProxy.lambda$null$25(RaftServerProxy.java:624)
	at org.apache.ratis.util.JavaUtils.callAsUnchecked(JavaUtils.java:115)
	at org.apache.ratis.server.impl.RaftServerImpl.lambda$executeSubmitServerRequestAsync$11(RaftServerImpl.java:789)
	at java.util.concurrent.CompletableFuture$AsyncSupply.run(CompletableFuture.java:1604)
	at java.util.concurrent.ThreadPoolExecutor.runWorker(ThreadPoolExecutor.java:1149)
	at java.util.concurrent.ThreadPoolExecutor$Worker.run(ThreadPoolExecutor.java:624)
	... 1 more
2022-08-18 03:43:40,298 [grpc-default-executor-11] WARN  server.GrpcLogAppender (LogUtils.java:warn(124)) - s1@group-D128CC958ABE->s0-AppendLogResponseHandler: Failed appendEntries
org.apache.ratis.server.raftlog.RaftLogIOException: Log already failed at index 33 for task WriteLog:33: (t:2, i:33), STATEMACHINELOGENTRY, StateMachineLogEntryProto:392@client-B329CB6A0B7E
	at org.apache.ratis.server.raftlog.segmented.SegmentedRaftLogWorker.run(SegmentedRaftLogWorker.java:331)
	at java.lang.Thread.run(Thread.java:750)
Caused by: java.io.IOException: java.lang.IllegalStateException: Null stream: entry=term: 2
index: 33
stateMachineLogEntry {
  type: DATASTREAM
  clientId: "\237n\223\326\222\017C\341\254G\263)\313j\v~"
  callId: 392
}

	at org.apache.ratis.util.IOUtils.asIOException(IOUtils.java:56)
	at org.apache.ratis.util.IOUtils.toIOException(IOUtils.java:61)
	at org.apache.ratis.util.IOUtils.getFromFuture(IOUtils.java:85)
	at org.apache.ratis.server.raftlog.segmented.SegmentedRaftLogWorker$StateMachineDataPolicy.getFromFuture(SegmentedRaftLogWorker.java:90)
	at org.apache.ratis.server.raftlog.segmented.SegmentedRaftLogWorker$WriteLog.execute(SegmentedRaftLogWorker.java:561)
	at org.apache.ratis.server.raftlog.segmented.SegmentedRaftLogWorker.run(SegmentedRaftLogWorker.java:319)
	... 1 more
Caused by: java.lang.IllegalStateException: Null stream: entry=term: 2
index: 33
stateMachineLogEntry {
  type: DATASTREAM
  clientId: "\237n\223\326\222\017C\341\254G\263)\313j\v~"
  callId: 392
}

	at org.apache.ratis.datastream.DataStreamTestUtils$MultiDataStreamStateMachine.link(DataStreamTestUtils.java:159)
	at org.apache.ratis.server.raftlog.segmented.SegmentedRaftLogWorker$WriteLog.<init>(SegmentedRaftLogWorker.java:518)
	at org.apache.ratis.server.raftlog.segmented.SegmentedRaftLogWorker.writeLogEntry(SegmentedRaftLogWorker.java:464)
	at org.apache.ratis.server.raftlog.segmented.SegmentedRaftLog.appendEntryImpl(SegmentedRaftLog.java:408)
	at org.apache.ratis.server.raftlog.RaftLogBase.lambda$appendEntry$10(RaftLogBase.java:330)
	at org.apache.ratis.server.raftlog.RaftLogSequentialOps$Runner.runSequentially(RaftLogSequentialOps.java:78)
	at org.apache.ratis.server.raftlog.RaftLogBase.appendEntry(RaftLogBase.java:330)
	at org.apache.ratis.server.raftlog.segmented.SegmentedRaftLog.appendImpl(SegmentedRaftLog.java:457)
	at org.apache.ratis.server.raftlog.RaftLogBase.lambda$append$11(RaftLogBase.java:337)
	at org.apache.ratis.server.raftlog.RaftLogSequentialOps$Runner.runSequentially(RaftLogSequentialOps.java:69)
	at org.apache.ratis.server.raftlog.RaftLogBase.append(RaftLogBase.java:337)
	at org.apache.ratis.server.impl.RaftServerImpl.appendEntriesAsync(RaftServerImpl.java:1403)
	at org.apache.ratis.server.impl.RaftServerImpl.appendEntriesAsync(RaftServerImpl.java:1289)
	at org.apache.ratis.server.impl.RaftServerProxy.lambda$null$25(RaftServerProxy.java:624)
	at org.apache.ratis.util.JavaUtils.callAsUnchecked(JavaUtils.java:115)
	at org.apache.ratis.server.impl.RaftServerImpl.lambda$executeSubmitServerRequestAsync$11(RaftServerImpl.java:789)
	at java.util.concurrent.CompletableFuture$AsyncSupply.run(CompletableFuture.java:1604)
	at java.util.concurrent.ThreadPoolExecutor.runWorker(ThreadPoolExecutor.java:1149)
	at java.util.concurrent.ThreadPoolExecutor$Worker.run(ThreadPoolExecutor.java:624)
	... 1 more
2022-08-18 03:43:40,308 [grpc-default-executor-0] INFO  leader.FollowerInfo (FollowerInfoImpl.java:lambda$new$0(48)) - s1@group-D128CC958ABE->s2: nextIndex: updateUnconditionally 41 -> 40
2022-08-18 03:43:40,308 [grpc-default-executor-11] INFO  leader.FollowerInfo (FollowerInfoImpl.java:lambda$new$0(48)) - s1@group-D128CC958ABE->s0: nextIndex: updateUnconditionally 41 -> 40
2022-08-18 03:43:40,382 [s1-client-thread1] INFO  statemachine.StateMachine (DataStreamTestUtils.java:link(157)) - link null
2022-08-18 03:43:40,383 [s2-server-thread2] INFO  statemachine.StateMachine (DataStreamTestUtils.java:link(157)) - link null
2022-08-18 03:43:40,384 [grpc-default-executor-1] WARN  server.GrpcServerProtocolService (LogUtils.java:warn(124)) - s2: Failed APPEND_ENTRIES request s1->s2#819-t2,previous=(t:2, i:40),leaderCommit=32,initializing? true,entries: size=1, first=(t:2, i:41), STATEMACHINELOGENTRY, 392@client-B329CB6A0B7E
java.util.concurrent.CompletionException: org.apache.ratis.server.raftlog.RaftLogIOException: Log already failed at index 33 for task WriteLog:33: (t:2, i:33), STATEMACHINELOGENTRY, StateMachineLogEntryProto:392@client-B329CB6A0B7E
	at java.util.concurrent.CompletableFuture.encodeThrowable(CompletableFuture.java:292)
	at java.util.concurrent.CompletableFuture.completeThrowable(CompletableFuture.java:308)
	at java.util.concurrent.CompletableFuture.biRelay(CompletableFuture.java:1298)
	at java.util.concurrent.CompletableFuture$BiRelay.tryFire(CompletableFuture.java:1284)
	at java.util.concurrent.CompletableFuture.andTree(CompletableFuture.java:1324)
	at java.util.concurrent.CompletableFuture.allOf(CompletableFuture.java:2238)
	at org.apache.ratis.util.JavaUtils.allOf(JavaUtils.java:233)
	at org.apache.ratis.server.impl.RaftServerImpl.appendEntriesAsync(RaftServerImpl.java:1415)
	at org.apache.ratis.server.impl.RaftServerImpl.appendEntriesAsync(RaftServerImpl.java:1289)
	at org.apache.ratis.server.impl.RaftServerProxy.lambda$null$25(RaftServerProxy.java:624)
	at org.apache.ratis.util.JavaUtils.callAsUnchecked(JavaUtils.java:115)
	at org.apache.ratis.server.impl.RaftServerImpl.lambda$executeSubmitServerRequestAsync$11(RaftServerImpl.java:789)
	at java.util.concurrent.CompletableFuture$AsyncSupply.run(CompletableFuture.java:1604)
	at java.util.concurrent.ThreadPoolExecutor.runWorker(ThreadPoolExecutor.java:1149)
	at java.util.concurrent.ThreadPoolExecutor$Worker.run(ThreadPoolExecutor.java:624)
	at java.lang.Thread.run(Thread.java:750)
Caused by: org.apache.ratis.server.raftlog.RaftLogIOException: Log already failed at index 33 for task WriteLog:33: (t:2, i:33), STATEMACHINELOGENTRY, StateMachineLogEntryProto:392@client-B329CB6A0B7E
	at org.apache.ratis.server.raftlog.segmented.SegmentedRaftLogWorker.run(SegmentedRaftLogWorker.java:331)
	... 1 more
Caused by: java.io.IOException: java.lang.IllegalStateException: Null stream: entry=term: 2
index: 33
stateMachineLogEntry {
  type: DATASTREAM
  clientId: "\237n\223\326\222\017C\341\254G\263)\313j\v~"
  callId: 392
}

	at org.apache.ratis.util.IOUtils.asIOException(IOUtils.java:56)
	at org.apache.ratis.util.IOUtils.toIOException(IOUtils.java:61)
	at org.apache.ratis.util.IOUtils.getFromFuture(IOUtils.java:85)
	at org.apache.ratis.server.raftlog.segmented.SegmentedRaftLogWorker$StateMachineDataPolicy.getFromFuture(SegmentedRaftLogWorker.java:90)
	at org.apache.ratis.server.raftlog.segmented.SegmentedRaftLogWorker$WriteLog.execute(SegmentedRaftLogWorker.java:561)
	at org.apache.ratis.server.raftlog.segmented.SegmentedRaftLogWorker.run(SegmentedRaftLogWorker.java:319)
	... 1 more
Caused by: java.lang.IllegalStateException: Null stream: entry=term: 2
index: 33
stateMachineLogEntry {
  type: DATASTREAM
  clientId: "\237n\223\326\222\017C\341\254G\263)\313j\v~"
  callId: 392
}

	at org.apache.ratis.datastream.DataStreamTestUtils$MultiDataStreamStateMachine.link(DataStreamTestUtils.java:159)
	at org.apache.ratis.server.raftlog.segmented.SegmentedRaftLogWorker$WriteLog.<init>(SegmentedRaftLogWorker.java:518)
	at org.apache.ratis.server.raftlog.segmented.SegmentedRaftLogWorker.writeLogEntry(SegmentedRaftLogWorker.java:464)
	at org.apache.ratis.server.raftlog.segmented.SegmentedRaftLog.appendEntryImpl(SegmentedRaftLog.java:408)
	at org.apache.ratis.server.raftlog.RaftLogBase.lambda$appendEntry$10(RaftLogBase.java:330)
	at org.apache.ratis.server.raftlog.RaftLogSequentialOps$Runner.runSequentially(RaftLogSequentialOps.java:78)
	at org.apache.ratis.server.raftlog.RaftLogBase.appendEntry(RaftLogBase.java:330)
	at org.apache.ratis.server.raftlog.segmented.SegmentedRaftLog.appendImpl(SegmentedRaftLog.java:457)
	at org.apache.ratis.server.raftlog.RaftLogBase.lambda$append$11(RaftLogBase.java:337)
	at org.apache.ratis.server.raftlog.RaftLogSequentialOps$Runner.runSequentially(RaftLogSequentialOps.java:69)
	at org.apache.ratis.server.raftlog.RaftLogBase.append(RaftLogBase.java:337)
	at org.apache.ratis.server.impl.RaftServerImpl.appendEntriesAsync(RaftServerImpl.java:1403)
	at org.apache.ratis.server.impl.RaftServerImpl.appendEntriesAsync(RaftServerImpl.java:1289)
	at org.apache.ratis.server.impl.RaftServerProxy.lambda$null$25(RaftServerProxy.java:624)
	at org.apache.ratis.util.JavaUtils.callAsUnchecked(JavaUtils.java:115)
	at org.apache.ratis.server.impl.RaftServerImpl.lambda$executeSubmitServerRequestAsync$11(RaftServerImpl.java:789)
	at java.util.concurrent.CompletableFuture$AsyncSupply.run(CompletableFuture.java:1604)
	at java.util.concurrent.ThreadPoolExecutor.runWorker(ThreadPoolExecutor.java:1149)
	at java.util.concurrent.ThreadPoolExecutor$Worker.run(ThreadPoolExecutor.java:624)
	... 1 more
2022-08-18 03:43:40,384 [s0-server-thread4] INFO  statemachine.StateMachine (DataStreamTestUtils.java:link(157)) - link null
2022-08-18 03:43:40,387 [s0-server-thread4] WARN  server.GrpcServerProtocolService (LogUtils.java:warn(124)) - s0: Failed APPEND_ENTRIES request s1->s0#819-t2,previous=(t:2, i:40),leaderCommit=32,initializing? true,entries: size=1, first=(t:2, i:41), STATEMACHINELOGENTRY, 392@client-B329CB6A0B7E
java.util.concurrent.CompletionException: org.apache.ratis.server.raftlog.RaftLogIOException: Log already failed at index 33 for task WriteLog:33: (t:2, i:33), STATEMACHINELOGENTRY, StateMachineLogEntryProto:392@client-B329CB6A0B7E
	at java.util.concurrent.CompletableFuture.encodeThrowable(CompletableFuture.java:292)
	at java.util.concurrent.CompletableFuture.completeThrowable(CompletableFuture.java:308)
	at java.util.concurrent.CompletableFuture.biRelay(CompletableFuture.java:1298)
	at java.util.concurrent.CompletableFuture$BiRelay.tryFire(CompletableFuture.java:1284)
	at java.util.concurrent.CompletableFuture.postComplete(CompletableFuture.java:488)
	at java.util.concurrent.CompletableFuture.completeExceptionally(CompletableFuture.java:1990)
	at org.apache.ratis.server.raftlog.segmented.SegmentedRaftLog$Task.failed(SegmentedRaftLog.java:104)
	at org.apache.ratis.server.raftlog.segmented.SegmentedRaftLogWorker$WriteLog.failed(SegmentedRaftLogWorker.java:540)
	at org.apache.ratis.server.raftlog.segmented.SegmentedRaftLogWorker.run(SegmentedRaftLogWorker.java:328)
	at java.lang.Thread.run(Thread.java:750)
Caused by: org.apache.ratis.server.raftlog.RaftLogIOException: Log already failed at index 33 for task WriteLog:33: (t:2, i:33), STATEMACHINELOGENTRY, StateMachineLogEntryProto:392@client-B329CB6A0B7E
	at org.apache.ratis.server.raftlog.segmented.SegmentedRaftLogWorker.run(SegmentedRaftLogWorker.java:331)
	... 1 more
Caused by: java.io.IOException: java.lang.IllegalStateException: Null stream: entry=term: 2
index: 33
stateMachineLogEntry {
  type: DATASTREAM
  clientId: "\237n\223\326\222\017C\341\254G\263)\313j\v~"
  callId: 392
}

	at org.apache.ratis.util.IOUtils.asIOException(IOUtils.java:56)
	at org.apache.ratis.util.IOUtils.toIOException(IOUtils.java:61)
	at org.apache.ratis.util.IOUtils.getFromFuture(IOUtils.java:85)
	at org.apache.ratis.server.raftlog.segmented.SegmentedRaftLogWorker$StateMachineDataPolicy.getFromFuture(SegmentedRaftLogWorker.java:90)
	at org.apache.ratis.server.raftlog.segmented.SegmentedRaftLogWorker$WriteLog.execute(SegmentedRaftLogWorker.java:561)
	at org.apache.ratis.server.raftlog.segmented.SegmentedRaftLogWorker.run(SegmentedRaftLogWorker.java:319)
	... 1 more
Caused by: java.lang.IllegalStateException: Null stream: entry=term: 2
index: 33
stateMachineLogEntry {
  type: DATASTREAM
  clientId: "\237n\223\326\222\017C\341\254G\263)\313j\v~"
  callId: 392
}

	at org.apache.ratis.datastream.DataStreamTestUtils$MultiDataStreamStateMachine.link(DataStreamTestUtils.java:159)
	at org.apache.ratis.server.raftlog.segmented.SegmentedRaftLogWorker$WriteLog.<init>(SegmentedRaftLogWorker.java:518)
	at org.apache.ratis.server.raftlog.segmented.SegmentedRaftLogWorker.writeLogEntry(SegmentedRaftLogWorker.java:464)
	at org.apache.ratis.server.raftlog.segmented.SegmentedRaftLog.appendEntryImpl(SegmentedRaftLog.java:408)
	at org.apache.ratis.server.raftlog.RaftLogBase.lambda$appendEntry$10(RaftLogBase.java:330)
	at org.apache.ratis.server.raftlog.RaftLogSequentialOps$Runner.runSequentially(RaftLogSequentialOps.java:78)
	at org.apache.ratis.server.raftlog.RaftLogBase.appendEntry(RaftLogBase.java:330)
	at org.apache.ratis.server.raftlog.segmented.SegmentedRaftLog.appendImpl(SegmentedRaftLog.java:457)
	at org.apache.ratis.server.raftlog.RaftLogBase.lambda$append$11(RaftLogBase.java:337)
	at org.apache.ratis.server.raftlog.RaftLogSequentialOps$Runner.runSequentially(RaftLogSequentialOps.java:69)
	at org.apache.ratis.server.raftlog.RaftLogBase.append(RaftLogBase.java:337)
	at org.apache.ratis.server.impl.RaftServerImpl.appendEntriesAsync(RaftServerImpl.java:1403)
	at org.apache.ratis.server.impl.RaftServerImpl.appendEntriesAsync(RaftServerImpl.java:1289)
	at org.apache.ratis.server.impl.RaftServerProxy.lambda$null$25(RaftServerProxy.java:624)
	at org.apache.ratis.util.JavaUtils.callAsUnchecked(JavaUtils.java:115)
	at org.apache.ratis.server.impl.RaftServerImpl.lambda$executeSubmitServerRequestAsync$11(RaftServerImpl.java:789)
	at java.util.concurrent.CompletableFuture$AsyncSupply.run(CompletableFuture.java:1604)
	at java.util.concurrent.ThreadPoolExecutor.runWorker(ThreadPoolExecutor.java:1149)
	at java.util.concurrent.ThreadPoolExecutor$Worker.run(ThreadPoolExecutor.java:624)
	... 1 more
2022-08-18 03:43:40,393 [grpc-default-executor-11] WARN  server.GrpcLogAppender (LogUtils.java:warn(124)) - s1@group-D128CC958ABE->s2-AppendLogResponseHandler: Failed appendEntries
org.apache.ratis.server.raftlog.RaftLogIOException: Log already failed at index 33 for task WriteLog:33: (t:2, i:33), STATEMACHINELOGENTRY, StateMachineLogEntryProto:392@client-B329CB6A0B7E
	at org.apache.ratis.server.raftlog.segmented.SegmentedRaftLogWorker.run(SegmentedRaftLogWorker.java:331)
	at java.lang.Thread.run(Thread.java:750)
Caused by: java.io.IOException: java.lang.IllegalStateException: Null stream: entry=term: 2
index: 33
stateMachineLogEntry {
  type: DATASTREAM
  clientId: "\237n\223\326\222\017C\341\254G\263)\313j\v~"
  callId: 392
}

	at org.apache.ratis.util.IOUtils.asIOException(IOUtils.java:56)
	at org.apache.ratis.util.IOUtils.toIOException(IOUtils.java:61)
	at org.apache.ratis.util.IOUtils.getFromFuture(IOUtils.java:85)
	at org.apache.ratis.server.raftlog.segmented.SegmentedRaftLogWorker$StateMachineDataPolicy.getFromFuture(SegmentedRaftLogWorker.java:90)
	at org.apache.ratis.server.raftlog.segmented.SegmentedRaftLogWorker$WriteLog.execute(SegmentedRaftLogWorker.java:561)
	at org.apache.ratis.server.raftlog.segmented.SegmentedRaftLogWorker.run(SegmentedRaftLogWorker.java:319)
	... 1 more
Caused by: java.lang.IllegalStateException: Null stream: entry=term: 2
index: 33
stateMachineLogEntry {
  type: DATASTREAM
  clientId: "\237n\223\326\222\017C\341\254G\263)\313j\v~"
  callId: 392
}

	at org.apache.ratis.datastream.DataStreamTestUtils$MultiDataStreamStateMachine.link(DataStreamTestUtils.java:159)
	at org.apache.ratis.server.raftlog.segmented.SegmentedRaftLogWorker$WriteLog.<init>(SegmentedRaftLogWorker.java:518)
	at org.apache.ratis.server.raftlog.segmented.SegmentedRaftLogWorker.writeLogEntry(SegmentedRaftLogWorker.java:464)
	at org.apache.ratis.server.raftlog.segmented.SegmentedRaftLog.appendEntryImpl(SegmentedRaftLog.java:408)
	at org.apache.ratis.server.raftlog.RaftLogBase.lambda$appendEntry$10(RaftLogBase.java:330)
	at org.apache.ratis.server.raftlog.RaftLogSequentialOps$Runner.runSequentially(RaftLogSequentialOps.java:78)
	at org.apache.ratis.server.raftlog.RaftLogBase.appendEntry(RaftLogBase.java:330)
	at org.apache.ratis.server.raftlog.segmented.SegmentedRaftLog.appendImpl(SegmentedRaftLog.java:457)
	at org.apache.ratis.server.raftlog.RaftLogBase.lambda$append$11(RaftLogBase.java:337)
	at org.apache.ratis.server.raftlog.RaftLogSequentialOps$Runner.runSequentially(RaftLogSequentialOps.java:69)
	at org.apache.ratis.server.raftlog.RaftLogBase.append(RaftLogBase.java:337)
	at org.apache.ratis.server.impl.RaftServerImpl.appendEntriesAsync(RaftServerImpl.java:1403)
	at org.apache.ratis.server.impl.RaftServerImpl.appendEntriesAsync(RaftServerImpl.java:1289)
	at org.apache.ratis.server.impl.RaftServerProxy.lambda$null$25(RaftServerProxy.java:624)
	at org.apache.ratis.util.JavaUtils.callAsUnchecked(JavaUtils.java:115)
	at org.apache.ratis.server.impl.RaftServerImpl.lambda$executeSubmitServerRequestAsync$11(RaftServerImpl.java:789)
	at java.util.concurrent.CompletableFuture$AsyncSupply.run(CompletableFuture.java:1604)
	at java.util.concurrent.ThreadPoolExecutor.runWorker(ThreadPoolExecutor.java:1149)
	at java.util.concurrent.ThreadPoolExecutor$Worker.run(ThreadPoolExecutor.java:624)
	... 1 more
2022-08-18 03:43:40,394 [grpc-default-executor-11] INFO  leader.FollowerInfo (FollowerInfoImpl.java:lambda$new$0(48)) - s1@group-D128CC958ABE->s2: nextIndex: updateUnconditionally 42 -> 41
2022-08-18 03:43:40,397 [grpc-default-executor-1] WARN  server.GrpcLogAppender (LogUtils.java:warn(124)) - s1@group-D128CC958ABE->s0-AppendLogResponseHandler: Failed appendEntries
org.apache.ratis.server.raftlog.RaftLogIOException: Log already failed at index 33 for task WriteLog:33: (t:2, i:33), STATEMACHINELOGENTRY, StateMachineLogEntryProto:392@client-B329CB6A0B7E
	at org.apache.ratis.server.raftlog.segmented.SegmentedRaftLogWorker.run(SegmentedRaftLogWorker.java:331)
	at java.lang.Thread.run(Thread.java:750)
Caused by: java.io.IOException: java.lang.IllegalStateException: Null stream: entry=term: 2
index: 33
stateMachineLogEntry {
  type: DATASTREAM
  clientId: "\237n\223\326\222\017C\341\254G\263)\313j\v~"
  callId: 392
}

	at org.apache.ratis.util.IOUtils.asIOException(IOUtils.java:56)
	at org.apache.ratis.util.IOUtils.toIOException(IOUtils.java:61)
	at org.apache.ratis.util.IOUtils.getFromFuture(IOUtils.java:85)
	at org.apache.ratis.server.raftlog.segmented.SegmentedRaftLogWorker$StateMachineDataPolicy.getFromFuture(SegmentedRaftLogWorker.java:90)
	at org.apache.ratis.server.raftlog.segmented.SegmentedRaftLogWorker$WriteLog.execute(SegmentedRaftLogWorker.java:561)
	at org.apache.ratis.server.raftlog.segmented.SegmentedRaftLogWorker.run(SegmentedRaftLogWorker.java:319)
	... 1 more
Caused by: java.lang.IllegalStateException: Null stream: entry=term: 2
index: 33
stateMachineLogEntry {
  type: DATASTREAM
  clientId: "\237n\223\326\222\017C\341\254G\263)\313j\v~"
  callId: 392
}

	at org.apache.ratis.datastream.DataStreamTestUtils$MultiDataStreamStateMachine.link(DataStreamTestUtils.java:159)
	at org.apache.ratis.server.raftlog.segmented.SegmentedRaftLogWorker$WriteLog.<init>(SegmentedRaftLogWorker.java:518)
	at org.apache.ratis.server.raftlog.segmented.SegmentedRaftLogWorker.writeLogEntry(SegmentedRaftLogWorker.java:464)
	at org.apache.ratis.server.raftlog.segmented.SegmentedRaftLog.appendEntryImpl(SegmentedRaftLog.java:408)
	at org.apache.ratis.server.raftlog.RaftLogBase.lambda$appendEntry$10(RaftLogBase.java:330)
	at org.apache.ratis.server.raftlog.RaftLogSequentialOps$Runner.runSequentially(RaftLogSequentialOps.java:78)
	at org.apache.ratis.server.raftlog.RaftLogBase.appendEntry(RaftLogBase.java:330)
	at org.apache.ratis.server.raftlog.segmented.SegmentedRaftLog.appendImpl(SegmentedRaftLog.java:457)
	at org.apache.ratis.server.raftlog.RaftLogBase.lambda$append$11(RaftLogBase.java:337)
	at org.apache.ratis.server.raftlog.RaftLogSequentialOps$Runner.runSequentially(RaftLogSequentialOps.java:69)
	at org.apache.ratis.server.raftlog.RaftLogBase.append(RaftLogBase.java:337)
	at org.apache.ratis.server.impl.RaftServerImpl.appendEntriesAsync(RaftServerImpl.java:1403)
	at org.apache.ratis.server.impl.RaftServerImpl.appendEntriesAsync(RaftServerImpl.java:1289)
	at org.apache.ratis.server.impl.RaftServerProxy.lambda$null$25(RaftServerProxy.java:624)
	at org.apache.ratis.util.JavaUtils.callAsUnchecked(JavaUtils.java:115)
	at org.apache.ratis.server.impl.RaftServerImpl.lambda$executeSubmitServerRequestAsync$11(RaftServerImpl.java:789)
	at java.util.concurrent.CompletableFuture$AsyncSupply.run(CompletableFuture.java:1604)
	at java.util.concurrent.ThreadPoolExecutor.runWorker(ThreadPoolExecutor.java:1149)
	at java.util.concurrent.ThreadPoolExecutor$Worker.run(ThreadPoolExecutor.java:624)
	... 1 more
2022-08-18 03:43:40,397 [grpc-default-executor-1] INFO  leader.FollowerInfo (FollowerInfoImpl.java:lambda$new$0(48)) - s1@group-D128CC958ABE->s0: nextIndex: updateUnconditionally 42 -> 41
2022-08-18 03:43:45,459 [Timer-2] INFO  impl.MiniRaftCluster (MiniRaftCluster.java:lambda$null$6(346)) - TIMED-PRINT: printing ALL groups
  s0:  RUNNING  FOLLOWER s0@group-D128CC958ABE:t2, leader=s1, voted=s1, raftlog=Memoized:s0@group-D128CC958ABE-SegmentedRaftLog:OPENED:c32, conf=31: peers:[s0|rpc:localhost:43041|admin:localhost:41627|client:localhost:41753|dataStream:localhost:43729|priority:0|startupRole:FOLLOWER, s1|rpc:localhost:46505|admin:localhost:41383|client:localhost:44149|dataStream:localhost:34715|priority:0|startupRole:FOLLOWER, s2|rpc:localhost:33579|admin:localhost:36665|client:localhost:36785|dataStream:localhost:46131|priority:0|startupRole:FOLLOWER]|listeners:[], old=null RUNNING
  s1:  RUNNING    LEADER s1@group-D128CC958ABE:t2, leader=s1, voted=s1, raftlog=Memoized:s1@group-D128CC958ABE-SegmentedRaftLog:OPENED:c32, conf=31: peers:[s0|rpc:localhost:43041|admin:localhost:41627|client:localhost:41753|dataStream:localhost:43729|priority:0|startupRole:FOLLOWER, s1|rpc:localhost:46505|admin:localhost:41383|client:localhost:44149|dataStream:localhost:34715|priority:0|startupRole:FOLLOWER, s2|rpc:localhost:33579|admin:localhost:36665|client:localhost:36785|dataStream:localhost:46131|priority:0|startupRole:FOLLOWER]|listeners:[], old=null RUNNING
  s2:  RUNNING  FOLLOWER s2@group-D128CC958ABE:t2, leader=s1, voted=s1, raftlog=Memoized:s2@group-D128CC958ABE-SegmentedRaftLog:OPENED:c32, conf=31: peers:[s0|rpc:localhost:43041|admin:localhost:41627|client:localhost:41753|dataStream:localhost:43729|priority:0|startupRole:FOLLOWER, s1|rpc:localhost:46505|admin:localhost:41383|client:localhost:44149|dataStream:localhost:34715|priority:0|startupRole:FOLLOWER, s2|rpc:localhost:33579|admin:localhost:36665|client:localhost:36785|dataStream:localhost:46131|priority:0|startupRole:FOLLOWER]|listeners:[], old=null RUNNING
2022-08-18 03:43:46,278 [timer2] WARN  grpc.GrpcUtil (GrpcUtil.java:shutdownManagedChannel(216)) - Timed out gracefully shutting down connection: ManagedChannelOrphanWrapper{delegate=ManagedChannelImpl{logId=614, target=localhost:44149}}. 
2022-08-18 03:43:46,381 [timer7] WARN  grpc.GrpcUtil (GrpcUtil.java:shutdownManagedChannel(216)) - Timed out gracefully shutting down connection: ManagedChannelOrphanWrapper{delegate=ManagedChannelImpl{logId=628, target=localhost:44149}}. 
2022-08-18 03:43:52,400 [timer2] WARN  grpc.GrpcUtil (GrpcUtil.java:shutdownManagedChannel(216)) - Timed out gracefully shutting down connection: ManagedChannelOrphanWrapper{delegate=ManagedChannelImpl{logId=642, target=localhost:44149}}. 
2022-08-18 03:43:52,497 [timer3] WARN  grpc.GrpcUtil (GrpcUtil.java:shutdownManagedChannel(216)) - Timed out gracefully shutting down connection: ManagedChannelOrphanWrapper{delegate=ManagedChannelImpl{logId=656, target=localhost:44149}}. 
2022-08-18 03:43:55,460 [Timer-2] INFO  impl.MiniRaftCluster (MiniRaftCluster.java:lambda$null$6(346)) - TIMED-PRINT: printing ALL groups
  s0:  RUNNING  FOLLOWER s0@group-D128CC958ABE:t2, leader=s1, voted=s1, raftlog=Memoized:s0@group-D128CC958ABE-SegmentedRaftLog:OPENED:c32, conf=31: peers:[s0|rpc:localhost:43041|admin:localhost:41627|client:localhost:41753|dataStream:localhost:43729|priority:0|startupRole:FOLLOWER, s1|rpc:localhost:46505|admin:localhost:41383|client:localhost:44149|dataStream:localhost:34715|priority:0|startupRole:FOLLOWER, s2|rpc:localhost:33579|admin:localhost:36665|client:localhost:36785|dataStream:localhost:46131|priority:0|startupRole:FOLLOWER]|listeners:[], old=null RUNNING
  s1:  RUNNING    LEADER s1@group-D128CC958ABE:t2, leader=s1, voted=s1, raftlog=Memoized:s1@group-D128CC958ABE-SegmentedRaftLog:OPENED:c32, conf=31: peers:[s0|rpc:localhost:43041|admin:localhost:41627|client:localhost:41753|dataStream:localhost:43729|priority:0|startupRole:FOLLOWER, s1|rpc:localhost:46505|admin:localhost:41383|client:localhost:44149|dataStream:localhost:34715|priority:0|startupRole:FOLLOWER, s2|rpc:localhost:33579|admin:localhost:36665|client:localhost:36785|dataStream:localhost:46131|priority:0|startupRole:FOLLOWER]|listeners:[], old=null RUNNING
  s2:  RUNNING  FOLLOWER s2@group-D128CC958ABE:t2, leader=s1, voted=s1, raftlog=Memoized:s2@group-D128CC958ABE-SegmentedRaftLog:OPENED:c32, conf=31: peers:[s0|rpc:localhost:43041|admin:localhost:41627|client:localhost:41753|dataStream:localhost:43729|priority:0|startupRole:FOLLOWER, s1|rpc:localhost:46505|admin:localhost:41383|client:localhost:44149|dataStream:localhost:34715|priority:0|startupRole:FOLLOWER, s2|rpc:localhost:33579|admin:localhost:36665|client:localhost:36785|dataStream:localhost:46131|priority:0|startupRole:FOLLOWER]|listeners:[], old=null RUNNING
2022-08-18 03:43:58,517 [timer2] WARN  grpc.GrpcUtil (GrpcUtil.java:shutdownManagedChannel(216)) - Timed out gracefully shutting down connection: ManagedChannelOrphanWrapper{delegate=ManagedChannelImpl{logId=670, target=localhost:44149}}. 
2022-08-18 03:43:58,611 [timer5] WARN  grpc.GrpcUtil (GrpcUtil.java:shutdownManagedChannel(216)) - Timed out gracefully shutting down connection: ManagedChannelOrphanWrapper{delegate=ManagedChannelImpl{logId=684, target=localhost:44149}}. 
2022-08-18 03:44:04,633 [timer4] WARN  grpc.GrpcUtil (GrpcUtil.java:shutdownManagedChannel(216)) - Timed out gracefully shutting down connection: ManagedChannelOrphanWrapper{delegate=ManagedChannelImpl{logId=698, target=localhost:44149}}. 
2022-08-18 03:44:04,727 [timer5] WARN  grpc.GrpcUtil (GrpcUtil.java:shutdownManagedChannel(216)) - Timed out gracefully shutting down connection: ManagedChannelOrphanWrapper{delegate=ManagedChannelImpl{logId=712, target=localhost:44149}}. 
2022-08-18 03:44:05,459 [Timer-2] INFO  impl.MiniRaftCluster (MiniRaftCluster.java:lambda$null$6(346)) - TIMED-PRINT: printing ALL groups
  s0:  RUNNING  FOLLOWER s0@group-D128CC958ABE:t2, leader=s1, voted=s1, raftlog=Memoized:s0@group-D128CC958ABE-SegmentedRaftLog:OPENED:c32, conf=31: peers:[s0|rpc:localhost:43041|admin:localhost:41627|client:localhost:41753|dataStream:localhost:43729|priority:0|startupRole:FOLLOWER, s1|rpc:localhost:46505|admin:localhost:41383|client:localhost:44149|dataStream:localhost:34715|priority:0|startupRole:FOLLOWER, s2|rpc:localhost:33579|admin:localhost:36665|client:localhost:36785|dataStream:localhost:46131|priority:0|startupRole:FOLLOWER]|listeners:[], old=null RUNNING
  s1:  RUNNING    LEADER s1@group-D128CC958ABE:t2, leader=s1, voted=s1, raftlog=Memoized:s1@group-D128CC958ABE-SegmentedRaftLog:OPENED:c32, conf=31: peers:[s0|rpc:localhost:43041|admin:localhost:41627|client:localhost:41753|dataStream:localhost:43729|priority:0|startupRole:FOLLOWER, s1|rpc:localhost:46505|admin:localhost:41383|client:localhost:44149|dataStream:localhost:34715|priority:0|startupRole:FOLLOWER, s2|rpc:localhost:33579|admin:localhost:36665|client:localhost:36785|dataStream:localhost:46131|priority:0|startupRole:FOLLOWER]|listeners:[], old=null RUNNING
  s2:  RUNNING  FOLLOWER s2@group-D128CC958ABE:t2, leader=s1, voted=s1, raftlog=Memoized:s2@group-D128CC958ABE-SegmentedRaftLog:OPENED:c32, conf=31: peers:[s0|rpc:localhost:43041|admin:localhost:41627|client:localhost:41753|dataStream:localhost:43729|priority:0|startupRole:FOLLOWER, s1|rpc:localhost:46505|admin:localhost:41383|client:localhost:44149|dataStream:localhost:34715|priority:0|startupRole:FOLLOWER, s2|rpc:localhost:33579|admin:localhost:36665|client:localhost:36785|dataStream:localhost:46131|priority:0|startupRole:FOLLOWER]|listeners:[], old=null RUNNING
2022-08-18 03:44:10,750 [timer3] WARN  grpc.GrpcUtil (GrpcUtil.java:shutdownManagedChannel(216)) - Timed out gracefully shutting down connection: ManagedChannelOrphanWrapper{delegate=ManagedChannelImpl{logId=726, target=localhost:44149}}. 
2022-08-18 03:44:13,755 [timer3] WARN  grpc.GrpcUtil (GrpcUtil.java:shutdownManagedChannel(216)) - Timed out gracefully shutting down connection: ManagedChannelOrphanWrapper{delegate=ManagedChannelImpl{logId=740, target=localhost:44149}}. 
2022-08-18 03:44:15,460 [Timer-2] INFO  impl.MiniRaftCluster (MiniRaftCluster.java:lambda$null$6(346)) - TIMED-PRINT: printing ALL groups
  s0:  RUNNING  FOLLOWER s0@group-D128CC958ABE:t2, leader=s1, voted=s1, raftlog=Memoized:s0@group-D128CC958ABE-SegmentedRaftLog:OPENED:c32, conf=31: peers:[s0|rpc:localhost:43041|admin:localhost:41627|client:localhost:41753|dataStream:localhost:43729|priority:0|startupRole:FOLLOWER, s1|rpc:localhost:46505|admin:localhost:41383|client:localhost:44149|dataStream:localhost:34715|priority:0|startupRole:FOLLOWER, s2|rpc:localhost:33579|admin:localhost:36665|client:localhost:36785|dataStream:localhost:46131|priority:0|startupRole:FOLLOWER]|listeners:[], old=null RUNNING
  s1:  RUNNING    LEADER s1@group-D128CC958ABE:t2, leader=s1, voted=s1, raftlog=Memoized:s1@group-D128CC958ABE-SegmentedRaftLog:OPENED:c32, conf=31: peers:[s0|rpc:localhost:43041|admin:localhost:41627|client:localhost:41753|dataStream:localhost:43729|priority:0|startupRole:FOLLOWER, s1|rpc:localhost:46505|admin:localhost:41383|client:localhost:44149|dataStream:localhost:34715|priority:0|startupRole:FOLLOWER, s2|rpc:localhost:33579|admin:localhost:36665|client:localhost:36785|dataStream:localhost:46131|priority:0|startupRole:FOLLOWER]|listeners:[], old=null RUNNING
  s2:  RUNNING  FOLLOWER s2@group-D128CC958ABE:t2, leader=s1, voted=s1, raftlog=Memoized:s2@group-D128CC958ABE-SegmentedRaftLog:OPENED:c32, conf=31: peers:[s0|rpc:localhost:43041|admin:localhost:41627|client:localhost:41753|dataStream:localhost:43729|priority:0|startupRole:FOLLOWER, s1|rpc:localhost:46505|admin:localhost:41383|client:localhost:44149|dataStream:localhost:34715|priority:0|startupRole:FOLLOWER, s2|rpc:localhost:33579|admin:localhost:36665|client:localhost:36785|dataStream:localhost:46131|priority:0|startupRole:FOLLOWER]|listeners:[], old=null RUNNING
2022-08-18 03:44:16,870 [timer2] WARN  grpc.GrpcUtil (GrpcUtil.java:shutdownManagedChannel(216)) - Timed out gracefully shutting down connection: ManagedChannelOrphanWrapper{delegate=ManagedChannelImpl{logId=754, target=localhost:44149}}. 
2022-08-18 03:44:19,875 [timer4] WARN  grpc.GrpcUtil (GrpcUtil.java:shutdownManagedChannel(216)) - Timed out gracefully shutting down connection: ManagedChannelOrphanWrapper{delegate=ManagedChannelImpl{logId=768, target=localhost:44149}}. 
2022-08-18 03:44:25,461 [Timer-2] INFO  impl.MiniRaftCluster (MiniRaftCluster.java:lambda$null$6(346)) - TIMED-PRINT: printing ALL groups
  s0:  RUNNING  FOLLOWER s0@group-D128CC958ABE:t2, leader=s1, voted=s1, raftlog=Memoized:s0@group-D128CC958ABE-SegmentedRaftLog:OPENED:c32, conf=31: peers:[s0|rpc:localhost:43041|admin:localhost:41627|client:localhost:41753|dataStream:localhost:43729|priority:0|startupRole:FOLLOWER, s1|rpc:localhost:46505|admin:localhost:41383|client:localhost:44149|dataStream:localhost:34715|priority:0|startupRole:FOLLOWER, s2|rpc:localhost:33579|admin:localhost:36665|client:localhost:36785|dataStream:localhost:46131|priority:0|startupRole:FOLLOWER]|listeners:[], old=null RUNNING
  s1:  RUNNING    LEADER s1@group-D128CC958ABE:t2, leader=s1, voted=s1, raftlog=Memoized:s1@group-D128CC958ABE-SegmentedRaftLog:OPENED:c32, conf=31: peers:[s0|rpc:localhost:43041|admin:localhost:41627|client:localhost:41753|dataStream:localhost:43729|priority:0|startupRole:FOLLOWER, s1|rpc:localhost:46505|admin:localhost:41383|client:localhost:44149|dataStream:localhost:34715|priority:0|startupRole:FOLLOWER, s2|rpc:localhost:33579|admin:localhost:36665|client:localhost:36785|dataStream:localhost:46131|priority:0|startupRole:FOLLOWER]|listeners:[], old=null RUNNING
  s2:  RUNNING  FOLLOWER s2@group-D128CC958ABE:t2, leader=s1, voted=s1, raftlog=Memoized:s2@group-D128CC958ABE-SegmentedRaftLog:OPENED:c32, conf=31: peers:[s0|rpc:localhost:43041|admin:localhost:41627|client:localhost:41753|dataStream:localhost:43729|priority:0|startupRole:FOLLOWER, s1|rpc:localhost:46505|admin:localhost:41383|client:localhost:44149|dataStream:localhost:34715|priority:0|startupRole:FOLLOWER, s2|rpc:localhost:33579|admin:localhost:36665|client:localhost:36785|dataStream:localhost:46131|priority:0|startupRole:FOLLOWER]|listeners:[], old=null RUNNING
2022-08-18 03:44:25,893 [timer4] WARN  grpc.GrpcUtil (GrpcUtil.java:shutdownManagedChannel(216)) - Timed out gracefully shutting down connection: ManagedChannelOrphanWrapper{delegate=ManagedChannelImpl{logId=782, target=localhost:44149}}. 
2022-08-18 03:44:25,993 [timer3] WARN  grpc.GrpcUtil (GrpcUtil.java:shutdownManagedChannel(216)) - Timed out gracefully shutting down connection: ManagedChannelOrphanWrapper{delegate=ManagedChannelImpl{logId=796, target=localhost:44149}}. 
2022-08-18 03:44:32,007 [timer2] WARN  grpc.GrpcUtil (GrpcUtil.java:shutdownManagedChannel(216)) - Timed out gracefully shutting down connection: ManagedChannelOrphanWrapper{delegate=ManagedChannelImpl{logId=810, target=localhost:44149}}. 
2022-08-18 03:44:32,113 [timer3] WARN  grpc.GrpcUtil (GrpcUtil.java:shutdownManagedChannel(216)) - Timed out gracefully shutting down connection: ManagedChannelOrphanWrapper{delegate=ManagedChannelImpl{logId=824, target=localhost:44149}}. 
2022-08-18 03:44:35,460 [Timer-2] INFO  impl.MiniRaftCluster (MiniRaftCluster.java:lambda$null$6(346)) - TIMED-PRINT: printing ALL groups
  s0:  RUNNING  FOLLOWER s0@group-D128CC958ABE:t2, leader=s1, voted=s1, raftlog=Memoized:s0@group-D128CC958ABE-SegmentedRaftLog:OPENED:c32, conf=31: peers:[s0|rpc:localhost:43041|admin:localhost:41627|client:localhost:41753|dataStream:localhost:43729|priority:0|startupRole:FOLLOWER, s1|rpc:localhost:46505|admin:localhost:41383|client:localhost:44149|dataStream:localhost:34715|priority:0|startupRole:FOLLOWER, s2|rpc:localhost:33579|admin:localhost:36665|client:localhost:36785|dataStream:localhost:46131|priority:0|startupRole:FOLLOWER]|listeners:[], old=null RUNNING
  s1:  RUNNING    LEADER s1@group-D128CC958ABE:t2, leader=s1, voted=s1, raftlog=Memoized:s1@group-D128CC958ABE-SegmentedRaftLog:OPENED:c32, conf=31: peers:[s0|rpc:localhost:43041|admin:localhost:41627|client:localhost:41753|dataStream:localhost:43729|priority:0|startupRole:FOLLOWER, s1|rpc:localhost:46505|admin:localhost:41383|client:localhost:44149|dataStream:localhost:34715|priority:0|startupRole:FOLLOWER, s2|rpc:localhost:33579|admin:localhost:36665|client:localhost:36785|dataStream:localhost:46131|priority:0|startupRole:FOLLOWER]|listeners:[], old=null RUNNING
  s2:  RUNNING  FOLLOWER s2@group-D128CC958ABE:t2, leader=s1, voted=s1, raftlog=Memoized:s2@group-D128CC958ABE-SegmentedRaftLog:OPENED:c32, conf=31: peers:[s0|rpc:localhost:43041|admin:localhost:41627|client:localhost:41753|dataStream:localhost:43729|priority:0|startupRole:FOLLOWER, s1|rpc:localhost:46505|admin:localhost:41383|client:localhost:44149|dataStream:localhost:34715|priority:0|startupRole:FOLLOWER, s2|rpc:localhost:33579|admin:localhost:36665|client:localhost:36785|dataStream:localhost:46131|priority:0|startupRole:FOLLOWER]|listeners:[], old=null RUNNING
2022-08-18 03:44:38,127 [timer3] WARN  grpc.GrpcUtil (GrpcUtil.java:shutdownManagedChannel(216)) - Timed out gracefully shutting down connection: ManagedChannelOrphanWrapper{delegate=ManagedChannelImpl{logId=838, target=localhost:44149}}. 
2022-08-18 03:44:38,234 [timer5] WARN  grpc.GrpcUtil (GrpcUtil.java:shutdownManagedChannel(216)) - Timed out gracefully shutting down connection: ManagedChannelOrphanWrapper{delegate=ManagedChannelImpl{logId=852, target=localhost:44149}}. 
2022-08-18 03:44:44,245 [timer4] WARN  grpc.GrpcUtil (GrpcUtil.java:shutdownManagedChannel(216)) - Timed out gracefully shutting down connection: ManagedChannelOrphanWrapper{delegate=ManagedChannelImpl{logId=866, target=localhost:44149}}. 
2022-08-18 03:44:44,351 [timer3] WARN  grpc.GrpcUtil (GrpcUtil.java:shutdownManagedChannel(216)) - Timed out gracefully shutting down connection: ManagedChannelOrphanWrapper{delegate=ManagedChannelImpl{logId=880, target=localhost:44149}}. 
2022-08-18 03:44:44,361 [s1-client-thread1] INFO  statemachine.StateMachine (DataStreamTestUtils.java:link(157)) - link null
2022-08-18 03:44:44,362 [s0-server-thread4] INFO  statemachine.StateMachine (DataStreamTestUtils.java:link(157)) - link null
2022-08-18 03:44:44,362 [grpc-default-executor-1] WARN  server.GrpcServerProtocolService (LogUtils.java:warn(124)) - s0: Failed APPEND_ENTRIES request s1->s0#1661-t2,previous=(t:2, i:41),leaderCommit=32,initializing? true,entries: size=1, first=(t:2, i:42), STATEMACHINELOGENTRY, 396@client-1F26C3633272
java.util.concurrent.CompletionException: org.apache.ratis.server.raftlog.RaftLogIOException: Log already failed at index 33 for task WriteLog:33: (t:2, i:33), STATEMACHINELOGENTRY, StateMachineLogEntryProto:392@client-B329CB6A0B7E
	at java.util.concurrent.CompletableFuture.encodeThrowable(CompletableFuture.java:292)
	at java.util.concurrent.CompletableFuture.completeThrowable(CompletableFuture.java:308)
	at java.util.concurrent.CompletableFuture.biRelay(CompletableFuture.java:1298)
	at java.util.concurrent.CompletableFuture.andTree(CompletableFuture.java:1321)
	at java.util.concurrent.CompletableFuture.allOf(CompletableFuture.java:2238)
	at org.apache.ratis.util.JavaUtils.allOf(JavaUtils.java:233)
	at org.apache.ratis.server.impl.RaftServerImpl.appendEntriesAsync(RaftServerImpl.java:1415)
	at org.apache.ratis.server.impl.RaftServerImpl.appendEntriesAsync(RaftServerImpl.java:1289)
	at org.apache.ratis.server.impl.RaftServerProxy.lambda$null$25(RaftServerProxy.java:624)
	at org.apache.ratis.util.JavaUtils.callAsUnchecked(JavaUtils.java:115)
	at org.apache.ratis.server.impl.RaftServerImpl.lambda$executeSubmitServerRequestAsync$11(RaftServerImpl.java:789)
	at java.util.concurrent.CompletableFuture$AsyncSupply.run(CompletableFuture.java:1604)
	at java.util.concurrent.ThreadPoolExecutor.runWorker(ThreadPoolExecutor.java:1149)
	at java.util.concurrent.ThreadPoolExecutor$Worker.run(ThreadPoolExecutor.java:624)
	at java.lang.Thread.run(Thread.java:750)
Caused by: org.apache.ratis.server.raftlog.RaftLogIOException: Log already failed at index 33 for task WriteLog:33: (t:2, i:33), STATEMACHINELOGENTRY, StateMachineLogEntryProto:392@client-B329CB6A0B7E
	at org.apache.ratis.server.raftlog.segmented.SegmentedRaftLogWorker.run(SegmentedRaftLogWorker.java:331)
	... 1 more
Caused by: java.io.IOException: java.lang.IllegalStateException: Null stream: entry=term: 2
index: 33
stateMachineLogEntry {
  type: DATASTREAM
  clientId: "\237n\223\326\222\017C\341\254G\263)\313j\v~"
  callId: 392
}

	at org.apache.ratis.util.IOUtils.asIOException(IOUtils.java:56)
	at org.apache.ratis.util.IOUtils.toIOException(IOUtils.java:61)
	at org.apache.ratis.util.IOUtils.getFromFuture(IOUtils.java:85)
	at org.apache.ratis.server.raftlog.segmented.SegmentedRaftLogWorker$StateMachineDataPolicy.getFromFuture(SegmentedRaftLogWorker.java:90)
	at org.apache.ratis.server.raftlog.segmented.SegmentedRaftLogWorker$WriteLog.execute(SegmentedRaftLogWorker.java:561)
	at org.apache.ratis.server.raftlog.segmented.SegmentedRaftLogWorker.run(SegmentedRaftLogWorker.java:319)
	... 1 more
Caused by: java.lang.IllegalStateException: Null stream: entry=term: 2
index: 33
stateMachineLogEntry {
  type: DATASTREAM
  clientId: "\237n\223\326\222\017C\341\254G\263)\313j\v~"
  callId: 392
}

	at org.apache.ratis.datastream.DataStreamTestUtils$MultiDataStreamStateMachine.link(DataStreamTestUtils.java:159)
	at org.apache.ratis.server.raftlog.segmented.SegmentedRaftLogWorker$WriteLog.<init>(SegmentedRaftLogWorker.java:518)
	at org.apache.ratis.server.raftlog.segmented.SegmentedRaftLogWorker.writeLogEntry(SegmentedRaftLogWorker.java:464)
	at org.apache.ratis.server.raftlog.segmented.SegmentedRaftLog.appendEntryImpl(SegmentedRaftLog.java:408)
	at org.apache.ratis.server.raftlog.RaftLogBase.lambda$appendEntry$10(RaftLogBase.java:330)
	at org.apache.ratis.server.raftlog.RaftLogSequentialOps$Runner.runSequentially(RaftLogSequentialOps.java:78)
	at org.apache.ratis.server.raftlog.RaftLogBase.appendEntry(RaftLogBase.java:330)
	at org.apache.ratis.server.raftlog.segmented.SegmentedRaftLog.appendImpl(SegmentedRaftLog.java:457)
	at org.apache.ratis.server.raftlog.RaftLogBase.lambda$append$11(RaftLogBase.java:337)
	at org.apache.ratis.server.raftlog.RaftLogSequentialOps$Runner.runSequentially(RaftLogSequentialOps.java:69)
	at org.apache.ratis.server.raftlog.RaftLogBase.append(RaftLogBase.java:337)
	at org.apache.ratis.server.impl.RaftServerImpl.appendEntriesAsync(RaftServerImpl.java:1403)
	at org.apache.ratis.server.impl.RaftServerImpl.appendEntriesAsync(RaftServerImpl.java:1289)
	at org.apache.ratis.server.impl.RaftServerProxy.lambda$null$25(RaftServerProxy.java:624)
	at org.apache.ratis.util.JavaUtils.callAsUnchecked(JavaUtils.java:115)
	at org.apache.ratis.server.impl.RaftServerImpl.lambda$executeSubmitServerRequestAsync$11(RaftServerImpl.java:789)
	at java.util.concurrent.CompletableFuture$AsyncSupply.run(CompletableFuture.java:1604)
	at java.util.concurrent.ThreadPoolExecutor.runWorker(ThreadPoolExecutor.java:1149)
	at java.util.concurrent.ThreadPoolExecutor$Worker.run(ThreadPoolExecutor.java:624)
	... 1 more
2022-08-18 03:44:44,363 [s2-server-thread1] INFO  statemachine.StateMachine (DataStreamTestUtils.java:link(157)) - link null
2022-08-18 03:44:44,365 [s2-server-thread1] WARN  server.GrpcServerProtocolService (LogUtils.java:warn(124)) - s2: Failed APPEND_ENTRIES request s1->s2#1661-t2,previous=(t:2, i:41),leaderCommit=32,initializing? true,entries: size=1, first=(t:2, i:42), STATEMACHINELOGENTRY, 396@client-1F26C3633272
java.util.concurrent.CompletionException: org.apache.ratis.server.raftlog.RaftLogIOException: Log already failed at index 33 for task WriteLog:33: (t:2, i:33), STATEMACHINELOGENTRY, StateMachineLogEntryProto:392@client-B329CB6A0B7E
	at java.util.concurrent.CompletableFuture.encodeThrowable(CompletableFuture.java:292)
	at java.util.concurrent.CompletableFuture.completeThrowable(CompletableFuture.java:308)
	at java.util.concurrent.CompletableFuture.biRelay(CompletableFuture.java:1298)
	at java.util.concurrent.CompletableFuture$BiRelay.tryFire(CompletableFuture.java:1284)
	at java.util.concurrent.CompletableFuture.postComplete(CompletableFuture.java:488)
	at java.util.concurrent.CompletableFuture.completeExceptionally(CompletableFuture.java:1990)
	at org.apache.ratis.server.raftlog.segmented.SegmentedRaftLog$Task.failed(SegmentedRaftLog.java:104)
	at org.apache.ratis.server.raftlog.segmented.SegmentedRaftLogWorker$WriteLog.failed(SegmentedRaftLogWorker.java:540)
	at org.apache.ratis.server.raftlog.segmented.SegmentedRaftLogWorker.run(SegmentedRaftLogWorker.java:328)
	at java.lang.Thread.run(Thread.java:750)
Caused by: org.apache.ratis.server.raftlog.RaftLogIOException: Log already failed at index 33 for task WriteLog:33: (t:2, i:33), STATEMACHINELOGENTRY, StateMachineLogEntryProto:392@client-B329CB6A0B7E
	at org.apache.ratis.server.raftlog.segmented.SegmentedRaftLogWorker.run(SegmentedRaftLogWorker.java:331)
	... 1 more
Caused by: java.io.IOException: java.lang.IllegalStateException: Null stream: entry=term: 2
index: 33
stateMachineLogEntry {
  type: DATASTREAM
  clientId: "\237n\223\326\222\017C\341\254G\263)\313j\v~"
  callId: 392
}

	at org.apache.ratis.util.IOUtils.asIOException(IOUtils.java:56)
	at org.apache.ratis.util.IOUtils.toIOException(IOUtils.java:61)
	at org.apache.ratis.util.IOUtils.getFromFuture(IOUtils.java:85)
	at org.apache.ratis.server.raftlog.segmented.SegmentedRaftLogWorker$StateMachineDataPolicy.getFromFuture(SegmentedRaftLogWorker.java:90)
	at org.apache.ratis.server.raftlog.segmented.SegmentedRaftLogWorker$WriteLog.execute(SegmentedRaftLogWorker.java:561)
	at org.apache.ratis.server.raftlog.segmented.SegmentedRaftLogWorker.run(SegmentedRaftLogWorker.java:319)
	... 1 more
Caused by: java.lang.IllegalStateException: Null stream: entry=term: 2
index: 33
stateMachineLogEntry {
  type: DATASTREAM
  clientId: "\237n\223\326\222\017C\341\254G\263)\313j\v~"
  callId: 392
}

	at org.apache.ratis.datastream.DataStreamTestUtils$MultiDataStreamStateMachine.link(DataStreamTestUtils.java:159)
	at org.apache.ratis.server.raftlog.segmented.SegmentedRaftLogWorker$WriteLog.<init>(SegmentedRaftLogWorker.java:518)
	at org.apache.ratis.server.raftlog.segmented.SegmentedRaftLogWorker.writeLogEntry(SegmentedRaftLogWorker.java:464)
	at org.apache.ratis.server.raftlog.segmented.SegmentedRaftLog.appendEntryImpl(SegmentedRaftLog.java:408)
	at org.apache.ratis.server.raftlog.RaftLogBase.lambda$appendEntry$10(RaftLogBase.java:330)
	at org.apache.ratis.server.raftlog.RaftLogSequentialOps$Runner.runSequentially(RaftLogSequentialOps.java:78)
	at org.apache.ratis.server.raftlog.RaftLogBase.appendEntry(RaftLogBase.java:330)
	at org.apache.ratis.server.raftlog.segmented.SegmentedRaftLog.appendImpl(SegmentedRaftLog.java:457)
	at org.apache.ratis.server.raftlog.RaftLogBase.lambda$append$11(RaftLogBase.java:337)
	at org.apache.ratis.server.raftlog.RaftLogSequentialOps$Runner.runSequentially(RaftLogSequentialOps.java:69)
	at org.apache.ratis.server.raftlog.RaftLogBase.append(RaftLogBase.java:337)
	at org.apache.ratis.server.impl.RaftServerImpl.appendEntriesAsync(RaftServerImpl.java:1403)
	at org.apache.ratis.server.impl.RaftServerImpl.appendEntriesAsync(RaftServerImpl.java:1289)
	at org.apache.ratis.server.impl.RaftServerProxy.lambda$null$25(RaftServerProxy.java:624)
	at org.apache.ratis.util.JavaUtils.callAsUnchecked(JavaUtils.java:115)
	at org.apache.ratis.server.impl.RaftServerImpl.lambda$executeSubmitServerRequestAsync$11(RaftServerImpl.java:789)
	at java.util.concurrent.CompletableFuture$AsyncSupply.run(CompletableFuture.java:1604)
	at java.util.concurrent.ThreadPoolExecutor.runWorker(ThreadPoolExecutor.java:1149)
	at java.util.concurrent.ThreadPoolExecutor$Worker.run(ThreadPoolExecutor.java:624)
	... 1 more
2022-08-18 03:44:44,368 [grpc-default-executor-11] WARN  server.GrpcLogAppender (LogUtils.java:warn(124)) - s1@group-D128CC958ABE->s0-AppendLogResponseHandler: Failed appendEntries
org.apache.ratis.server.raftlog.RaftLogIOException: Log already failed at index 33 for task WriteLog:33: (t:2, i:33), STATEMACHINELOGENTRY, StateMachineLogEntryProto:392@client-B329CB6A0B7E
	at org.apache.ratis.server.raftlog.segmented.SegmentedRaftLogWorker.run(SegmentedRaftLogWorker.java:331)
	at java.lang.Thread.run(Thread.java:750)
Caused by: java.io.IOException: java.lang.IllegalStateException: Null stream: entry=term: 2
index: 33
stateMachineLogEntry {
  type: DATASTREAM
  clientId: "\237n\223\326\222\017C\341\254G\263)\313j\v~"
  callId: 392
}

	at org.apache.ratis.util.IOUtils.asIOException(IOUtils.java:56)
	at org.apache.ratis.util.IOUtils.toIOException(IOUtils.java:61)
	at org.apache.ratis.util.IOUtils.getFromFuture(IOUtils.java:85)
	at org.apache.ratis.server.raftlog.segmented.SegmentedRaftLogWorker$StateMachineDataPolicy.getFromFuture(SegmentedRaftLogWorker.java:90)
	at org.apache.ratis.server.raftlog.segmented.SegmentedRaftLogWorker$WriteLog.execute(SegmentedRaftLogWorker.java:561)
	at org.apache.ratis.server.raftlog.segmented.SegmentedRaftLogWorker.run(SegmentedRaftLogWorker.java:319)
	... 1 more
Caused by: java.lang.IllegalStateException: Null stream: entry=term: 2
index: 33
stateMachineLogEntry {
  type: DATASTREAM
  clientId: "\237n\223\326\222\017C\341\254G\263)\313j\v~"
  callId: 392
}

	at org.apache.ratis.datastream.DataStreamTestUtils$MultiDataStreamStateMachine.link(DataStreamTestUtils.java:159)
	at org.apache.ratis.server.raftlog.segmented.SegmentedRaftLogWorker$WriteLog.<init>(SegmentedRaftLogWorker.java:518)
	at org.apache.ratis.server.raftlog.segmented.SegmentedRaftLogWorker.writeLogEntry(SegmentedRaftLogWorker.java:464)
	at org.apache.ratis.server.raftlog.segmented.SegmentedRaftLog.appendEntryImpl(SegmentedRaftLog.java:408)
	at org.apache.ratis.server.raftlog.RaftLogBase.lambda$appendEntry$10(RaftLogBase.java:330)
	at org.apache.ratis.server.raftlog.RaftLogSequentialOps$Runner.runSequentially(RaftLogSequentialOps.java:78)
	at org.apache.ratis.server.raftlog.RaftLogBase.appendEntry(RaftLogBase.java:330)
	at org.apache.ratis.server.raftlog.segmented.SegmentedRaftLog.appendImpl(SegmentedRaftLog.java:457)
	at org.apache.ratis.server.raftlog.RaftLogBase.lambda$append$11(RaftLogBase.java:337)
	at org.apache.ratis.server.raftlog.RaftLogSequentialOps$Runner.runSequentially(RaftLogSequentialOps.java:69)
	at org.apache.ratis.server.raftlog.RaftLogBase.append(RaftLogBase.java:337)
	at org.apache.ratis.server.impl.RaftServerImpl.appendEntriesAsync(RaftServerImpl.java:1403)
	at org.apache.ratis.server.impl.RaftServerImpl.appendEntriesAsync(RaftServerImpl.java:1289)
	at org.apache.ratis.server.impl.RaftServerProxy.lambda$null$25(RaftServerProxy.java:624)
	at org.apache.ratis.util.JavaUtils.callAsUnchecked(JavaUtils.java:115)
	at org.apache.ratis.server.impl.RaftServerImpl.lambda$executeSubmitServerRequestAsync$11(RaftServerImpl.java:789)
	at java.util.concurrent.CompletableFuture$AsyncSupply.run(CompletableFuture.java:1604)
	at java.util.concurrent.ThreadPoolExecutor.runWorker(ThreadPoolExecutor.java:1149)
	at java.util.concurrent.ThreadPoolExecutor$Worker.run(ThreadPoolExecutor.java:624)
	... 1 more
2022-08-18 03:44:44,368 [grpc-default-executor-11] INFO  leader.FollowerInfo (FollowerInfoImpl.java:lambda$new$0(48)) - s1@group-D128CC958ABE->s0: nextIndex: updateUnconditionally 43 -> 42
2022-08-18 03:44:44,369 [grpc-default-executor-11] WARN  server.GrpcLogAppender (LogUtils.java:warn(124)) - s1@group-D128CC958ABE->s2-AppendLogResponseHandler: Failed appendEntries
org.apache.ratis.server.raftlog.RaftLogIOException: Log already failed at index 33 for task WriteLog:33: (t:2, i:33), STATEMACHINELOGENTRY, StateMachineLogEntryProto:392@client-B329CB6A0B7E
	at org.apache.ratis.server.raftlog.segmented.SegmentedRaftLogWorker.run(SegmentedRaftLogWorker.java:331)
	at java.lang.Thread.run(Thread.java:750)
Caused by: java.io.IOException: java.lang.IllegalStateException: Null stream: entry=term: 2
index: 33
stateMachineLogEntry {
  type: DATASTREAM
  clientId: "\237n\223\326\222\017C\341\254G\263)\313j\v~"
  callId: 392
}

	at org.apache.ratis.util.IOUtils.asIOException(IOUtils.java:56)
	at org.apache.ratis.util.IOUtils.toIOException(IOUtils.java:61)
	at org.apache.ratis.util.IOUtils.getFromFuture(IOUtils.java:85)
	at org.apache.ratis.server.raftlog.segmented.SegmentedRaftLogWorker$StateMachineDataPolicy.getFromFuture(SegmentedRaftLogWorker.java:90)
	at org.apache.ratis.server.raftlog.segmented.SegmentedRaftLogWorker$WriteLog.execute(SegmentedRaftLogWorker.java:561)
	at org.apache.ratis.server.raftlog.segmented.SegmentedRaftLogWorker.run(SegmentedRaftLogWorker.java:319)
	... 1 more
Caused by: java.lang.IllegalStateException: Null stream: entry=term: 2
index: 33
stateMachineLogEntry {
  type: DATASTREAM
  clientId: "\237n\223\326\222\017C\341\254G\263)\313j\v~"
  callId: 392
}

	at org.apache.ratis.datastream.DataStreamTestUtils$MultiDataStreamStateMachine.link(DataStreamTestUtils.java:159)
	at org.apache.ratis.server.raftlog.segmented.SegmentedRaftLogWorker$WriteLog.<init>(SegmentedRaftLogWorker.java:518)
	at org.apache.ratis.server.raftlog.segmented.SegmentedRaftLogWorker.writeLogEntry(SegmentedRaftLogWorker.java:464)
	at org.apache.ratis.server.raftlog.segmented.SegmentedRaftLog.appendEntryImpl(SegmentedRaftLog.java:408)
	at org.apache.ratis.server.raftlog.RaftLogBase.lambda$appendEntry$10(RaftLogBase.java:330)
	at org.apache.ratis.server.raftlog.RaftLogSequentialOps$Runner.runSequentially(RaftLogSequentialOps.java:78)
	at org.apache.ratis.server.raftlog.RaftLogBase.appendEntry(RaftLogBase.java:330)
	at org.apache.ratis.server.raftlog.segmented.SegmentedRaftLog.appendImpl(SegmentedRaftLog.java:457)
	at org.apache.ratis.server.raftlog.RaftLogBase.lambda$append$11(RaftLogBase.java:337)
	at org.apache.ratis.server.raftlog.RaftLogSequentialOps$Runner.runSequentially(RaftLogSequentialOps.java:69)
	at org.apache.ratis.server.raftlog.RaftLogBase.append(RaftLogBase.java:337)
	at org.apache.ratis.server.impl.RaftServerImpl.appendEntriesAsync(RaftServerImpl.java:1403)
	at org.apache.ratis.server.impl.RaftServerImpl.appendEntriesAsync(RaftServerImpl.java:1289)
	at org.apache.ratis.server.impl.RaftServerProxy.lambda$null$25(RaftServerProxy.java:624)
	at org.apache.ratis.util.JavaUtils.callAsUnchecked(JavaUtils.java:115)
	at org.apache.ratis.server.impl.RaftServerImpl.lambda$executeSubmitServerRequestAsync$11(RaftServerImpl.java:789)
	at java.util.concurrent.CompletableFuture$AsyncSupply.run(CompletableFuture.java:1604)
	at java.util.concurrent.ThreadPoolExecutor.runWorker(ThreadPoolExecutor.java:1149)
	at java.util.concurrent.ThreadPoolExecutor$Worker.run(ThreadPoolExecutor.java:624)
	... 1 more
2022-08-18 03:44:44,370 [grpc-default-executor-11] INFO  leader.FollowerInfo (FollowerInfoImpl.java:lambda$new$0(48)) - s1@group-D128CC958ABE->s2: nextIndex: updateUnconditionally 43 -> 42
2022-08-18 03:44:44,465 [s1-client-thread1] INFO  statemachine.StateMachine (DataStreamTestUtils.java:link(157)) - link null
2022-08-18 03:44:44,466 [s0-server-thread2] INFO  statemachine.StateMachine (DataStreamTestUtils.java:link(157)) - link null
2022-08-18 03:44:44,466 [grpc-default-executor-14] WARN  server.GrpcServerProtocolService (LogUtils.java:warn(124)) - s0: Failed APPEND_ENTRIES request s1->s0#1664-t2,previous=(t:2, i:42),leaderCommit=32,initializing? true,entries: size=1, first=(t:2, i:43), STATEMACHINELOGENTRY, 392@client-B329CB6A0B7E
java.util.concurrent.CompletionException: org.apache.ratis.server.raftlog.RaftLogIOException: Log already failed at index 33 for task WriteLog:33: (t:2, i:33), STATEMACHINELOGENTRY, StateMachineLogEntryProto:392@client-B329CB6A0B7E
	at java.util.concurrent.CompletableFuture.encodeThrowable(CompletableFuture.java:292)
	at java.util.concurrent.CompletableFuture.completeThrowable(CompletableFuture.java:308)
	at java.util.concurrent.CompletableFuture.biRelay(CompletableFuture.java:1298)
	at java.util.concurrent.CompletableFuture$BiRelay.tryFire(CompletableFuture.java:1284)
	at java.util.concurrent.CompletableFuture.postComplete(CompletableFuture.java:488)
	at java.util.concurrent.CompletableFuture.completeExceptionally(CompletableFuture.java:1990)
	at org.apache.ratis.server.raftlog.segmented.SegmentedRaftLog$Task.failed(SegmentedRaftLog.java:104)
	at org.apache.ratis.server.raftlog.segmented.SegmentedRaftLogWorker$WriteLog.failed(SegmentedRaftLogWorker.java:540)
	at org.apache.ratis.server.raftlog.segmented.SegmentedRaftLogWorker.run(SegmentedRaftLogWorker.java:328)
	at java.lang.Thread.run(Thread.java:750)
Caused by: org.apache.ratis.server.raftlog.RaftLogIOException: Log already failed at index 33 for task WriteLog:33: (t:2, i:33), STATEMACHINELOGENTRY, StateMachineLogEntryProto:392@client-B329CB6A0B7E
	at org.apache.ratis.server.raftlog.segmented.SegmentedRaftLogWorker.run(SegmentedRaftLogWorker.java:331)
	... 1 more
Caused by: java.io.IOException: java.lang.IllegalStateException: Null stream: entry=term: 2
index: 33
stateMachineLogEntry {
  type: DATASTREAM
  clientId: "\237n\223\326\222\017C\341\254G\263)\313j\v~"
  callId: 392
}

	at org.apache.ratis.util.IOUtils.asIOException(IOUtils.java:56)
	at org.apache.ratis.util.IOUtils.toIOException(IOUtils.java:61)
	at org.apache.ratis.util.IOUtils.getFromFuture(IOUtils.java:85)
	at org.apache.ratis.server.raftlog.segmented.SegmentedRaftLogWorker$StateMachineDataPolicy.getFromFuture(SegmentedRaftLogWorker.java:90)
	at org.apache.ratis.server.raftlog.segmented.SegmentedRaftLogWorker$WriteLog.execute(SegmentedRaftLogWorker.java:561)
	at org.apache.ratis.server.raftlog.segmented.SegmentedRaftLogWorker.run(SegmentedRaftLogWorker.java:319)
	... 1 more
Caused by: java.lang.IllegalStateException: Null stream: entry=term: 2
index: 33
stateMachineLogEntry {
  type: DATASTREAM
  clientId: "\237n\223\326\222\017C\341\254G\263)\313j\v~"
  callId: 392
}

	at org.apache.ratis.datastream.DataStreamTestUtils$MultiDataStreamStateMachine.link(DataStreamTestUtils.java:159)
	at org.apache.ratis.server.raftlog.segmented.SegmentedRaftLogWorker$WriteLog.<init>(SegmentedRaftLogWorker.java:518)
	at org.apache.ratis.server.raftlog.segmented.SegmentedRaftLogWorker.writeLogEntry(SegmentedRaftLogWorker.java:464)
	at org.apache.ratis.server.raftlog.segmented.SegmentedRaftLog.appendEntryImpl(SegmentedRaftLog.java:408)
	at org.apache.ratis.server.raftlog.RaftLogBase.lambda$appendEntry$10(RaftLogBase.java:330)
	at org.apache.ratis.server.raftlog.RaftLogSequentialOps$Runner.runSequentially(RaftLogSequentialOps.java:78)
	at org.apache.ratis.server.raftlog.RaftLogBase.appendEntry(RaftLogBase.java:330)
	at org.apache.ratis.server.raftlog.segmented.SegmentedRaftLog.appendImpl(SegmentedRaftLog.java:457)
	at org.apache.ratis.server.raftlog.RaftLogBase.lambda$append$11(RaftLogBase.java:337)
	at org.apache.ratis.server.raftlog.RaftLogSequentialOps$Runner.runSequentially(RaftLogSequentialOps.java:69)
	at org.apache.ratis.server.raftlog.RaftLogBase.append(RaftLogBase.java:337)
	at org.apache.ratis.server.impl.RaftServerImpl.appendEntriesAsync(RaftServerImpl.java:1403)
	at org.apache.ratis.server.impl.RaftServerImpl.appendEntriesAsync(RaftServerImpl.java:1289)
	at org.apache.ratis.server.impl.RaftServerProxy.lambda$null$25(RaftServerProxy.java:624)
	at org.apache.ratis.util.JavaUtils.callAsUnchecked(JavaUtils.java:115)
	at org.apache.ratis.server.impl.RaftServerImpl.lambda$executeSubmitServerRequestAsync$11(RaftServerImpl.java:789)
	at java.util.concurrent.CompletableFuture$AsyncSupply.run(CompletableFuture.java:1604)
	at java.util.concurrent.ThreadPoolExecutor.runWorker(ThreadPoolExecutor.java:1149)
	at java.util.concurrent.ThreadPoolExecutor$Worker.run(ThreadPoolExecutor.java:624)
	... 1 more
2022-08-18 03:44:44,467 [s2-server-thread1] INFO  statemachine.StateMachine (DataStreamTestUtils.java:link(157)) - link null
2022-08-18 03:44:44,470 [grpc-default-executor-11] WARN  server.GrpcServerProtocolService (LogUtils.java:warn(124)) - s2: Failed APPEND_ENTRIES request s1->s2#1664-t2,previous=(t:2, i:42),leaderCommit=32,initializing? true,entries: size=1, first=(t:2, i:43), STATEMACHINELOGENTRY, 392@client-B329CB6A0B7E
java.util.concurrent.CompletionException: org.apache.ratis.server.raftlog.RaftLogIOException: Log already failed at index 33 for task WriteLog:33: (t:2, i:33), STATEMACHINELOGENTRY, StateMachineLogEntryProto:392@client-B329CB6A0B7E
	at java.util.concurrent.CompletableFuture.encodeThrowable(CompletableFuture.java:292)
	at java.util.concurrent.CompletableFuture.completeThrowable(CompletableFuture.java:308)
	at java.util.concurrent.CompletableFuture.biRelay(CompletableFuture.java:1298)
	at java.util.concurrent.CompletableFuture$BiRelay.tryFire(CompletableFuture.java:1284)
	at java.util.concurrent.CompletableFuture.postComplete(CompletableFuture.java:488)
	at java.util.concurrent.CompletableFuture.completeExceptionally(CompletableFuture.java:1990)
	at org.apache.ratis.server.raftlog.segmented.SegmentedRaftLog$Task.failed(SegmentedRaftLog.java:104)
	at org.apache.ratis.server.raftlog.segmented.SegmentedRaftLogWorker$WriteLog.failed(SegmentedRaftLogWorker.java:540)
	at org.apache.ratis.server.raftlog.segmented.SegmentedRaftLogWorker.run(SegmentedRaftLogWorker.java:328)
	at java.lang.Thread.run(Thread.java:750)
Caused by: org.apache.ratis.server.raftlog.RaftLogIOException: Log already failed at index 33 for task WriteLog:33: (t:2, i:33), STATEMACHINELOGENTRY, StateMachineLogEntryProto:392@client-B329CB6A0B7E
	at org.apache.ratis.server.raftlog.segmented.SegmentedRaftLogWorker.run(SegmentedRaftLogWorker.java:331)
	... 1 more
Caused by: java.io.IOException: java.lang.IllegalStateException: Null stream: entry=term: 2
index: 33
stateMachineLogEntry {
  type: DATASTREAM
  clientId: "\237n\223\326\222\017C\341\254G\263)\313j\v~"
  callId: 392
}

	at org.apache.ratis.util.IOUtils.asIOException(IOUtils.java:56)
	at org.apache.ratis.util.IOUtils.toIOException(IOUtils.java:61)
	at org.apache.ratis.util.IOUtils.getFromFuture(IOUtils.java:85)
	at org.apache.ratis.server.raftlog.segmented.SegmentedRaftLogWorker$StateMachineDataPolicy.getFromFuture(SegmentedRaftLogWorker.java:90)
	at org.apache.ratis.server.raftlog.segmented.SegmentedRaftLogWorker$WriteLog.execute(SegmentedRaftLogWorker.java:561)
	at org.apache.ratis.server.raftlog.segmented.SegmentedRaftLogWorker.run(SegmentedRaftLogWorker.java:319)
	... 1 more
Caused by: java.lang.IllegalStateException: Null stream: entry=term: 2
index: 33
stateMachineLogEntry {
  type: DATASTREAM
  clientId: "\237n\223\326\222\017C\341\254G\263)\313j\v~"
  callId: 392
}

	at org.apache.ratis.datastream.DataStreamTestUtils$MultiDataStreamStateMachine.link(DataStreamTestUtils.java:159)
	at org.apache.ratis.server.raftlog.segmented.SegmentedRaftLogWorker$WriteLog.<init>(SegmentedRaftLogWorker.java:518)
	at org.apache.ratis.server.raftlog.segmented.SegmentedRaftLogWorker.writeLogEntry(SegmentedRaftLogWorker.java:464)
	at org.apache.ratis.server.raftlog.segmented.SegmentedRaftLog.appendEntryImpl(SegmentedRaftLog.java:408)
	at org.apache.ratis.server.raftlog.RaftLogBase.lambda$appendEntry$10(RaftLogBase.java:330)
	at org.apache.ratis.server.raftlog.RaftLogSequentialOps$Runner.runSequentially(RaftLogSequentialOps.java:78)
	at org.apache.ratis.server.raftlog.RaftLogBase.appendEntry(RaftLogBase.java:330)
	at org.apache.ratis.server.raftlog.segmented.SegmentedRaftLog.appendImpl(SegmentedRaftLog.java:457)
	at org.apache.ratis.server.raftlog.RaftLogBase.lambda$append$11(RaftLogBase.java:337)
	at org.apache.ratis.server.raftlog.RaftLogSequentialOps$Runner.runSequentially(RaftLogSequentialOps.java:69)
	at org.apache.ratis.server.raftlog.RaftLogBase.append(RaftLogBase.java:337)
	at org.apache.ratis.server.impl.RaftServerImpl.appendEntriesAsync(RaftServerImpl.java:1403)
	at org.apache.ratis.server.impl.RaftServerImpl.appendEntriesAsync(RaftServerImpl.java:1289)
	at org.apache.ratis.server.impl.RaftServerProxy.lambda$null$25(RaftServerProxy.java:624)
	at org.apache.ratis.util.JavaUtils.callAsUnchecked(JavaUtils.java:115)
	at org.apache.ratis.server.impl.RaftServerImpl.lambda$executeSubmitServerRequestAsync$11(RaftServerImpl.java:789)
	at java.util.concurrent.CompletableFuture$AsyncSupply.run(CompletableFuture.java:1604)
	at java.util.concurrent.ThreadPoolExecutor.runWorker(ThreadPoolExecutor.java:1149)
	at java.util.concurrent.ThreadPoolExecutor$Worker.run(ThreadPoolExecutor.java:624)
	... 1 more
2022-08-18 03:44:44,475 [grpc-default-executor-11] WARN  server.GrpcLogAppender (LogUtils.java:warn(124)) - s1@group-D128CC958ABE->s2-AppendLogResponseHandler: Failed appendEntries
org.apache.ratis.server.raftlog.RaftLogIOException: Log already failed at index 33 for task WriteLog:33: (t:2, i:33), STATEMACHINELOGENTRY, StateMachineLogEntryProto:392@client-B329CB6A0B7E
	at org.apache.ratis.server.raftlog.segmented.SegmentedRaftLogWorker.run(SegmentedRaftLogWorker.java:331)
	at java.lang.Thread.run(Thread.java:750)
Caused by: java.io.IOException: java.lang.IllegalStateException: Null stream: entry=term: 2
index: 33
stateMachineLogEntry {
  type: DATASTREAM
  clientId: "\237n\223\326\222\017C\341\254G\263)\313j\v~"
  callId: 392
}

	at org.apache.ratis.util.IOUtils.asIOException(IOUtils.java:56)
	at org.apache.ratis.util.IOUtils.toIOException(IOUtils.java:61)
	at org.apache.ratis.util.IOUtils.getFromFuture(IOUtils.java:85)
	at org.apache.ratis.server.raftlog.segmented.SegmentedRaftLogWorker$StateMachineDataPolicy.getFromFuture(SegmentedRaftLogWorker.java:90)
	at org.apache.ratis.server.raftlog.segmented.SegmentedRaftLogWorker$WriteLog.execute(SegmentedRaftLogWorker.java:561)
	at org.apache.ratis.server.raftlog.segmented.SegmentedRaftLogWorker.run(SegmentedRaftLogWorker.java:319)
	... 1 more
Caused by: java.lang.IllegalStateException: Null stream: entry=term: 2
index: 33
stateMachineLogEntry {
  type: DATASTREAM
  clientId: "\237n\223\326\222\017C\341\254G\263)\313j\v~"
  callId: 392
}

	at org.apache.ratis.datastream.DataStreamTestUtils$MultiDataStreamStateMachine.link(DataStreamTestUtils.java:159)
	at org.apache.ratis.server.raftlog.segmented.SegmentedRaftLogWorker$WriteLog.<init>(SegmentedRaftLogWorker.java:518)
	at org.apache.ratis.server.raftlog.segmented.SegmentedRaftLogWorker.writeLogEntry(SegmentedRaftLogWorker.java:464)
	at org.apache.ratis.server.raftlog.segmented.SegmentedRaftLog.appendEntryImpl(SegmentedRaftLog.java:408)
	at org.apache.ratis.server.raftlog.RaftLogBase.lambda$appendEntry$10(RaftLogBase.java:330)
	at org.apache.ratis.server.raftlog.RaftLogSequentialOps$Runner.runSequentially(RaftLogSequentialOps.java:78)
	at org.apache.ratis.server.raftlog.RaftLogBase.appendEntry(RaftLogBase.java:330)
	at org.apache.ratis.server.raftlog.segmented.SegmentedRaftLog.appendImpl(SegmentedRaftLog.java:457)
	at org.apache.ratis.server.raftlog.RaftLogBase.lambda$append$11(RaftLogBase.java:337)
	at org.apache.ratis.server.raftlog.RaftLogSequentialOps$Runner.runSequentially(RaftLogSequentialOps.java:69)
	at org.apache.ratis.server.raftlog.RaftLogBase.append(RaftLogBase.java:337)
	at org.apache.ratis.server.impl.RaftServerImpl.appendEntriesAsync(RaftServerImpl.java:1403)
	at org.apache.ratis.server.impl.RaftServerImpl.appendEntriesAsync(RaftServerImpl.java:1289)
	at org.apache.ratis.server.impl.RaftServerProxy.lambda$null$25(RaftServerProxy.java:624)
	at org.apache.ratis.util.JavaUtils.callAsUnchecked(JavaUtils.java:115)
	at org.apache.ratis.server.impl.RaftServerImpl.lambda$executeSubmitServerRequestAsync$11(RaftServerImpl.java:789)
	at java.util.concurrent.CompletableFuture$AsyncSupply.run(CompletableFuture.java:1604)
	at java.util.concurrent.ThreadPoolExecutor.runWorker(ThreadPoolExecutor.java:1149)
	at java.util.concurrent.ThreadPoolExecutor$Worker.run(ThreadPoolExecutor.java:624)
	... 1 more
2022-08-18 03:44:44,476 [grpc-default-executor-11] INFO  leader.FollowerInfo (FollowerInfoImpl.java:lambda$new$0(48)) - s1@group-D128CC958ABE->s2: nextIndex: updateUnconditionally 44 -> 43
2022-08-18 03:44:44,476 [grpc-default-executor-14] WARN  server.GrpcLogAppender (LogUtils.java:warn(124)) - s1@group-D128CC958ABE->s0-AppendLogResponseHandler: Failed appendEntries
org.apache.ratis.server.raftlog.RaftLogIOException: Log already failed at index 33 for task WriteLog:33: (t:2, i:33), STATEMACHINELOGENTRY, StateMachineLogEntryProto:392@client-B329CB6A0B7E
	at org.apache.ratis.server.raftlog.segmented.SegmentedRaftLogWorker.run(SegmentedRaftLogWorker.java:331)
	at java.lang.Thread.run(Thread.java:750)
Caused by: java.io.IOException: java.lang.IllegalStateException: Null stream: entry=term: 2
index: 33
stateMachineLogEntry {
  type: DATASTREAM
  clientId: "\237n\223\326\222\017C\341\254G\263)\313j\v~"
  callId: 392
}

	at org.apache.ratis.util.IOUtils.asIOException(IOUtils.java:56)
	at org.apache.ratis.util.IOUtils.toIOException(IOUtils.java:61)
	at org.apache.ratis.util.IOUtils.getFromFuture(IOUtils.java:85)
	at org.apache.ratis.server.raftlog.segmented.SegmentedRaftLogWorker$StateMachineDataPolicy.getFromFuture(SegmentedRaftLogWorker.java:90)
	at org.apache.ratis.server.raftlog.segmented.SegmentedRaftLogWorker$WriteLog.execute(SegmentedRaftLogWorker.java:561)
	at org.apache.ratis.server.raftlog.segmented.SegmentedRaftLogWorker.run(SegmentedRaftLogWorker.java:319)
	... 1 more
Caused by: java.lang.IllegalStateException: Null stream: entry=term: 2
index: 33
stateMachineLogEntry {
  type: DATASTREAM
  clientId: "\237n\223\326\222\017C\341\254G\263)\313j\v~"
  callId: 392
}

	at org.apache.ratis.datastream.DataStreamTestUtils$MultiDataStreamStateMachine.link(DataStreamTestUtils.java:159)
	at org.apache.ratis.server.raftlog.segmented.SegmentedRaftLogWorker$WriteLog.<init>(SegmentedRaftLogWorker.java:518)
	at org.apache.ratis.server.raftlog.segmented.SegmentedRaftLogWorker.writeLogEntry(SegmentedRaftLogWorker.java:464)
	at org.apache.ratis.server.raftlog.segmented.SegmentedRaftLog.appendEntryImpl(SegmentedRaftLog.java:408)
	at org.apache.ratis.server.raftlog.RaftLogBase.lambda$appendEntry$10(RaftLogBase.java:330)
	at org.apache.ratis.server.raftlog.RaftLogSequentialOps$Runner.runSequentially(RaftLogSequentialOps.java:78)
	at org.apache.ratis.server.raftlog.RaftLogBase.appendEntry(RaftLogBase.java:330)
	at org.apache.ratis.server.raftlog.segmented.SegmentedRaftLog.appendImpl(SegmentedRaftLog.java:457)
	at org.apache.ratis.server.raftlog.RaftLogBase.lambda$append$11(RaftLogBase.java:337)
	at org.apache.ratis.server.raftlog.RaftLogSequentialOps$Runner.runSequentially(RaftLogSequentialOps.java:69)
	at org.apache.ratis.server.raftlog.RaftLogBase.append(RaftLogBase.java:337)
	at org.apache.ratis.server.impl.RaftServerImpl.appendEntriesAsync(RaftServerImpl.java:1403)
	at org.apache.ratis.server.impl.RaftServerImpl.appendEntriesAsync(RaftServerImpl.java:1289)
	at org.apache.ratis.server.impl.RaftServerProxy.lambda$null$25(RaftServerProxy.java:624)
	at org.apache.ratis.util.JavaUtils.callAsUnchecked(JavaUtils.java:115)
	at org.apache.ratis.server.impl.RaftServerImpl.lambda$executeSubmitServerRequestAsync$11(RaftServerImpl.java:789)
	at java.util.concurrent.CompletableFuture$AsyncSupply.run(CompletableFuture.java:1604)
	at java.util.concurrent.ThreadPoolExecutor.runWorker(ThreadPoolExecutor.java:1149)
	at java.util.concurrent.ThreadPoolExecutor$Worker.run(ThreadPoolExecutor.java:624)
	... 1 more
2022-08-18 03:44:44,477 [grpc-default-executor-14] INFO  leader.FollowerInfo (FollowerInfoImpl.java:lambda$new$0(48)) - s1@group-D128CC958ABE->s0: nextIndex: updateUnconditionally 44 -> 43
2022-08-18 03:44:45,460 [Timer-2] INFO  impl.MiniRaftCluster (MiniRaftCluster.java:lambda$null$6(346)) - TIMED-PRINT: printing ALL groups
  s0:  RUNNING  FOLLOWER s0@group-D128CC958ABE:t2, leader=s1, voted=s1, raftlog=Memoized:s0@group-D128CC958ABE-SegmentedRaftLog:OPENED:c32, conf=31: peers:[s0|rpc:localhost:43041|admin:localhost:41627|client:localhost:41753|dataStream:localhost:43729|priority:0|startupRole:FOLLOWER, s1|rpc:localhost:46505|admin:localhost:41383|client:localhost:44149|dataStream:localhost:34715|priority:0|startupRole:FOLLOWER, s2|rpc:localhost:33579|admin:localhost:36665|client:localhost:36785|dataStream:localhost:46131|priority:0|startupRole:FOLLOWER]|listeners:[], old=null RUNNING
  s1:  RUNNING    LEADER s1@group-D128CC958ABE:t2, leader=s1, voted=s1, raftlog=Memoized:s1@group-D128CC958ABE-SegmentedRaftLog:OPENED:c32, conf=31: peers:[s0|rpc:localhost:43041|admin:localhost:41627|client:localhost:41753|dataStream:localhost:43729|priority:0|startupRole:FOLLOWER, s1|rpc:localhost:46505|admin:localhost:41383|client:localhost:44149|dataStream:localhost:34715|priority:0|startupRole:FOLLOWER, s2|rpc:localhost:33579|admin:localhost:36665|client:localhost:36785|dataStream:localhost:46131|priority:0|startupRole:FOLLOWER]|listeners:[], old=null RUNNING
  s2:  RUNNING  FOLLOWER s2@group-D128CC958ABE:t2, leader=s1, voted=s1, raftlog=Memoized:s2@group-D128CC958ABE-SegmentedRaftLog:OPENED:c32, conf=31: peers:[s0|rpc:localhost:43041|admin:localhost:41627|client:localhost:41753|dataStream:localhost:43729|priority:0|startupRole:FOLLOWER, s1|rpc:localhost:46505|admin:localhost:41383|client:localhost:44149|dataStream:localhost:34715|priority:0|startupRole:FOLLOWER, s2|rpc:localhost:33579|admin:localhost:36665|client:localhost:36785|dataStream:localhost:46131|priority:0|startupRole:FOLLOWER]|listeners:[], old=null RUNNING
2022-08-18 03:44:50,361 [timer2] WARN  grpc.GrpcUtil (GrpcUtil.java:shutdownManagedChannel(216)) - Timed out gracefully shutting down connection: ManagedChannelOrphanWrapper{delegate=ManagedChannelImpl{logId=894, target=localhost:44149}}. 
2022-08-18 03:44:50,465 [timer7] WARN  grpc.GrpcUtil (GrpcUtil.java:shutdownManagedChannel(216)) - Timed out gracefully shutting down connection: ManagedChannelOrphanWrapper{delegate=ManagedChannelImpl{logId=908, target=localhost:44149}}. 
2022-08-18 03:44:55,461 [Timer-2] INFO  impl.MiniRaftCluster (MiniRaftCluster.java:lambda$null$6(346)) - TIMED-PRINT: printing ALL groups
  s0:  RUNNING  FOLLOWER s0@group-D128CC958ABE:t2, leader=s1, voted=s1, raftlog=Memoized:s0@group-D128CC958ABE-SegmentedRaftLog:OPENED:c32, conf=31: peers:[s0|rpc:localhost:43041|admin:localhost:41627|client:localhost:41753|dataStream:localhost:43729|priority:0|startupRole:FOLLOWER, s1|rpc:localhost:46505|admin:localhost:41383|client:localhost:44149|dataStream:localhost:34715|priority:0|startupRole:FOLLOWER, s2|rpc:localhost:33579|admin:localhost:36665|client:localhost:36785|dataStream:localhost:46131|priority:0|startupRole:FOLLOWER]|listeners:[], old=null RUNNING
  s1:  RUNNING    LEADER s1@group-D128CC958ABE:t2, leader=s1, voted=s1, raftlog=Memoized:s1@group-D128CC958ABE-SegmentedRaftLog:OPENED:c32, conf=31: peers:[s0|rpc:localhost:43041|admin:localhost:41627|client:localhost:41753|dataStream:localhost:43729|priority:0|startupRole:FOLLOWER, s1|rpc:localhost:46505|admin:localhost:41383|client:localhost:44149|dataStream:localhost:34715|priority:0|startupRole:FOLLOWER, s2|rpc:localhost:33579|admin:localhost:36665|client:localhost:36785|dataStream:localhost:46131|priority:0|startupRole:FOLLOWER]|listeners:[], old=null RUNNING
  s2:  RUNNING  FOLLOWER s2@group-D128CC958ABE:t2, leader=s1, voted=s1, raftlog=Memoized:s2@group-D128CC958ABE-SegmentedRaftLog:OPENED:c32, conf=31: peers:[s0|rpc:localhost:43041|admin:localhost:41627|client:localhost:41753|dataStream:localhost:43729|priority:0|startupRole:FOLLOWER, s1|rpc:localhost:46505|admin:localhost:41383|client:localhost:44149|dataStream:localhost:34715|priority:0|startupRole:FOLLOWER, s2|rpc:localhost:33579|admin:localhost:36665|client:localhost:36785|dataStream:localhost:46131|priority:0|startupRole:FOLLOWER]|listeners:[], old=null RUNNING
2022-08-18 03:44:56,481 [timer2] WARN  grpc.GrpcUtil (GrpcUtil.java:shutdownManagedChannel(216)) - Timed out gracefully shutting down connection: ManagedChannelOrphanWrapper{delegate=ManagedChannelImpl{logId=922, target=localhost:44149}}. 
2022-08-18 03:44:56,579 [timer3] WARN  grpc.GrpcUtil (GrpcUtil.java:shutdownManagedChannel(216)) - Timed out gracefully shutting down connection: ManagedChannelOrphanWrapper{delegate=ManagedChannelImpl{logId=936, target=localhost:44149}}. 
2022-08-18 03:45:02,596 [timer4] WARN  grpc.GrpcUtil (GrpcUtil.java:shutdownManagedChannel(216)) - Timed out gracefully shutting down connection: ManagedChannelOrphanWrapper{delegate=ManagedChannelImpl{logId=950, target=localhost:44149}}. 
2022-08-18 03:45:02,694 [timer5] WARN  grpc.GrpcUtil (GrpcUtil.java:shutdownManagedChannel(216)) - Timed out gracefully shutting down connection: ManagedChannelOrphanWrapper{delegate=ManagedChannelImpl{logId=964, target=localhost:44149}}. 
2022-08-18 03:45:05,460 [Timer-2] INFO  impl.MiniRaftCluster (MiniRaftCluster.java:lambda$null$6(346)) - TIMED-PRINT: printing ALL groups
  s0:  RUNNING  FOLLOWER s0@group-D128CC958ABE:t2, leader=s1, voted=s1, raftlog=Memoized:s0@group-D128CC958ABE-SegmentedRaftLog:OPENED:c32, conf=31: peers:[s0|rpc:localhost:43041|admin:localhost:41627|client:localhost:41753|dataStream:localhost:43729|priority:0|startupRole:FOLLOWER, s1|rpc:localhost:46505|admin:localhost:41383|client:localhost:44149|dataStream:localhost:34715|priority:0|startupRole:FOLLOWER, s2|rpc:localhost:33579|admin:localhost:36665|client:localhost:36785|dataStream:localhost:46131|priority:0|startupRole:FOLLOWER]|listeners:[], old=null RUNNING
  s1:  RUNNING    LEADER s1@group-D128CC958ABE:t2, leader=s1, voted=s1, raftlog=Memoized:s1@group-D128CC958ABE-SegmentedRaftLog:OPENED:c32, conf=31: peers:[s0|rpc:localhost:43041|admin:localhost:41627|client:localhost:41753|dataStream:localhost:43729|priority:0|startupRole:FOLLOWER, s1|rpc:localhost:46505|admin:localhost:41383|client:localhost:44149|dataStream:localhost:34715|priority:0|startupRole:FOLLOWER, s2|rpc:localhost:33579|admin:localhost:36665|client:localhost:36785|dataStream:localhost:46131|priority:0|startupRole:FOLLOWER]|listeners:[], old=null RUNNING
  s2:  RUNNING  FOLLOWER s2@group-D128CC958ABE:t2, leader=s1, voted=s1, raftlog=Memoized:s2@group-D128CC958ABE-SegmentedRaftLog:OPENED:c32, conf=31: peers:[s0|rpc:localhost:43041|admin:localhost:41627|client:localhost:41753|dataStream:localhost:43729|priority:0|startupRole:FOLLOWER, s1|rpc:localhost:46505|admin:localhost:41383|client:localhost:44149|dataStream:localhost:34715|priority:0|startupRole:FOLLOWER, s2|rpc:localhost:33579|admin:localhost:36665|client:localhost:36785|dataStream:localhost:46131|priority:0|startupRole:FOLLOWER]|listeners:[], old=null RUNNING
2022-08-18 03:45:08,715 [timer3] WARN  grpc.GrpcUtil (GrpcUtil.java:shutdownManagedChannel(216)) - Timed out gracefully shutting down connection: ManagedChannelOrphanWrapper{delegate=ManagedChannelImpl{logId=978, target=localhost:44149}}. 
2022-08-18 03:45:11,720 [timer3] WARN  grpc.GrpcUtil (GrpcUtil.java:shutdownManagedChannel(216)) - Timed out gracefully shutting down connection: ManagedChannelOrphanWrapper{delegate=ManagedChannelImpl{logId=992, target=localhost:44149}}. 
2022-08-18 03:45:14,832 [timer3] WARN  grpc.GrpcUtil (GrpcUtil.java:shutdownManagedChannel(216)) - Timed out gracefully shutting down connection: ManagedChannelOrphanWrapper{delegate=ManagedChannelImpl{logId=1006, target=localhost:44149}}. 
2022-08-18 03:45:15,461 [Timer-2] INFO  impl.MiniRaftCluster (MiniRaftCluster.java:lambda$null$6(346)) - TIMED-PRINT: printing ALL groups
  s0:  RUNNING  FOLLOWER s0@group-D128CC958ABE:t2, leader=s1, voted=s1, raftlog=Memoized:s0@group-D128CC958ABE-SegmentedRaftLog:OPENED:c32, conf=31: peers:[s0|rpc:localhost:43041|admin:localhost:41627|client:localhost:41753|dataStream:localhost:43729|priority:0|startupRole:FOLLOWER, s1|rpc:localhost:46505|admin:localhost:41383|client:localhost:44149|dataStream:localhost:34715|priority:0|startupRole:FOLLOWER, s2|rpc:localhost:33579|admin:localhost:36665|client:localhost:36785|dataStream:localhost:46131|priority:0|startupRole:FOLLOWER]|listeners:[], old=null RUNNING
  s1:  RUNNING    LEADER s1@group-D128CC958ABE:t2, leader=s1, voted=s1, raftlog=Memoized:s1@group-D128CC958ABE-SegmentedRaftLog:OPENED:c32, conf=31: peers:[s0|rpc:localhost:43041|admin:localhost:41627|client:localhost:41753|dataStream:localhost:43729|priority:0|startupRole:FOLLOWER, s1|rpc:localhost:46505|admin:localhost:41383|client:localhost:44149|dataStream:localhost:34715|priority:0|startupRole:FOLLOWER, s2|rpc:localhost:33579|admin:localhost:36665|client:localhost:36785|dataStream:localhost:46131|priority:0|startupRole:FOLLOWER]|listeners:[], old=null RUNNING
  s2:  RUNNING  FOLLOWER s2@group-D128CC958ABE:t2, leader=s1, voted=s1, raftlog=Memoized:s2@group-D128CC958ABE-SegmentedRaftLog:OPENED:c32, conf=31: peers:[s0|rpc:localhost:43041|admin:localhost:41627|client:localhost:41753|dataStream:localhost:43729|priority:0|startupRole:FOLLOWER, s1|rpc:localhost:46505|admin:localhost:41383|client:localhost:44149|dataStream:localhost:34715|priority:0|startupRole:FOLLOWER, s2|rpc:localhost:33579|admin:localhost:36665|client:localhost:36785|dataStream:localhost:46131|priority:0|startupRole:FOLLOWER]|listeners:[], old=null RUNNING
2022-08-18 03:45:20,838 [timer5] WARN  grpc.GrpcUtil (GrpcUtil.java:shutdownManagedChannel(216)) - Timed out gracefully shutting down connection: ManagedChannelOrphanWrapper{delegate=ManagedChannelImpl{logId=1020, target=localhost:44149}}. 
2022-08-18 03:45:20,947 [timer4] WARN  grpc.GrpcUtil (GrpcUtil.java:shutdownManagedChannel(216)) - Timed out gracefully shutting down connection: ManagedChannelOrphanWrapper{delegate=ManagedChannelImpl{logId=1034, target=localhost:44149}}. 
2022-08-18 03:45:25,460 [Timer-2] INFO  impl.MiniRaftCluster (MiniRaftCluster.java:lambda$null$6(346)) - TIMED-PRINT: printing ALL groups
  s0:  RUNNING  FOLLOWER s0@group-D128CC958ABE:t2, leader=s1, voted=s1, raftlog=Memoized:s0@group-D128CC958ABE-SegmentedRaftLog:OPENED:c32, conf=31: peers:[s0|rpc:localhost:43041|admin:localhost:41627|client:localhost:41753|dataStream:localhost:43729|priority:0|startupRole:FOLLOWER, s1|rpc:localhost:46505|admin:localhost:41383|client:localhost:44149|dataStream:localhost:34715|priority:0|startupRole:FOLLOWER, s2|rpc:localhost:33579|admin:localhost:36665|client:localhost:36785|dataStream:localhost:46131|priority:0|startupRole:FOLLOWER]|listeners:[], old=null RUNNING
  s1:  RUNNING    LEADER s1@group-D128CC958ABE:t2, leader=s1, voted=s1, raftlog=Memoized:s1@group-D128CC958ABE-SegmentedRaftLog:OPENED:c32, conf=31: peers:[s0|rpc:localhost:43041|admin:localhost:41627|client:localhost:41753|dataStream:localhost:43729|priority:0|startupRole:FOLLOWER, s1|rpc:localhost:46505|admin:localhost:41383|client:localhost:44149|dataStream:localhost:34715|priority:0|startupRole:FOLLOWER, s2|rpc:localhost:33579|admin:localhost:36665|client:localhost:36785|dataStream:localhost:46131|priority:0|startupRole:FOLLOWER]|listeners:[], old=null RUNNING
  s2:  RUNNING  FOLLOWER s2@group-D128CC958ABE:t2, leader=s1, voted=s1, raftlog=Memoized:s2@group-D128CC958ABE-SegmentedRaftLog:OPENED:c32, conf=31: peers:[s0|rpc:localhost:43041|admin:localhost:41627|client:localhost:41753|dataStream:localhost:43729|priority:0|startupRole:FOLLOWER, s1|rpc:localhost:46505|admin:localhost:41383|client:localhost:44149|dataStream:localhost:34715|priority:0|startupRole:FOLLOWER, s2|rpc:localhost:33579|admin:localhost:36665|client:localhost:36785|dataStream:localhost:46131|priority:0|startupRole:FOLLOWER]|listeners:[], old=null RUNNING
2022-08-18 03:45:26,957 [timer4] WARN  grpc.GrpcUtil (GrpcUtil.java:shutdownManagedChannel(216)) - Timed out gracefully shutting down connection: ManagedChannelOrphanWrapper{delegate=ManagedChannelImpl{logId=1048, target=localhost:44149}}. 
2022-08-18 03:45:27,061 [timer3] WARN  grpc.GrpcUtil (GrpcUtil.java:shutdownManagedChannel(216)) - Timed out gracefully shutting down connection: ManagedChannelOrphanWrapper{delegate=ManagedChannelImpl{logId=1062, target=localhost:44149}}. 
2022-08-18 03:45:33,089 [timer2] WARN  grpc.GrpcUtil (GrpcUtil.java:shutdownManagedChannel(216)) - Timed out gracefully shutting down connection: ManagedChannelOrphanWrapper{delegate=ManagedChannelImpl{logId=1076, target=localhost:44149}}. 
2022-08-18 03:45:33,178 [timer3] WARN  grpc.GrpcUtil (GrpcUtil.java:shutdownManagedChannel(216)) - Timed out gracefully shutting down connection: ManagedChannelOrphanWrapper{delegate=ManagedChannelImpl{logId=1090, target=localhost:44149}}. 
2022-08-18 03:45:35,461 [Timer-2] INFO  impl.MiniRaftCluster (MiniRaftCluster.java:lambda$null$6(346)) - TIMED-PRINT: printing ALL groups
  s0:  RUNNING  FOLLOWER s0@group-D128CC958ABE:t2, leader=s1, voted=s1, raftlog=Memoized:s0@group-D128CC958ABE-SegmentedRaftLog:OPENED:c32, conf=31: peers:[s0|rpc:localhost:43041|admin:localhost:41627|client:localhost:41753|dataStream:localhost:43729|priority:0|startupRole:FOLLOWER, s1|rpc:localhost:46505|admin:localhost:41383|client:localhost:44149|dataStream:localhost:34715|priority:0|startupRole:FOLLOWER, s2|rpc:localhost:33579|admin:localhost:36665|client:localhost:36785|dataStream:localhost:46131|priority:0|startupRole:FOLLOWER]|listeners:[], old=null RUNNING
  s1:  RUNNING    LEADER s1@group-D128CC958ABE:t2, leader=s1, voted=s1, raftlog=Memoized:s1@group-D128CC958ABE-SegmentedRaftLog:OPENED:c32, conf=31: peers:[s0|rpc:localhost:43041|admin:localhost:41627|client:localhost:41753|dataStream:localhost:43729|priority:0|startupRole:FOLLOWER, s1|rpc:localhost:46505|admin:localhost:41383|client:localhost:44149|dataStream:localhost:34715|priority:0|startupRole:FOLLOWER, s2|rpc:localhost:33579|admin:localhost:36665|client:localhost:36785|dataStream:localhost:46131|priority:0|startupRole:FOLLOWER]|listeners:[], old=null RUNNING
  s2:  RUNNING  FOLLOWER s2@group-D128CC958ABE:t2, leader=s1, voted=s1, raftlog=Memoized:s2@group-D128CC958ABE-SegmentedRaftLog:OPENED:c32, conf=31: peers:[s0|rpc:localhost:43041|admin:localhost:41627|client:localhost:41753|dataStream:localhost:43729|priority:0|startupRole:FOLLOWER, s1|rpc:localhost:46505|admin:localhost:41383|client:localhost:44149|dataStream:localhost:34715|priority:0|startupRole:FOLLOWER, s2|rpc:localhost:33579|admin:localhost:36665|client:localhost:36785|dataStream:localhost:46131|priority:0|startupRole:FOLLOWER]|listeners:[], old=null RUNNING
2022-08-18 03:45:39,207 [timer4] WARN  grpc.GrpcUtil (GrpcUtil.java:shutdownManagedChannel(216)) - Timed out gracefully shutting down connection: ManagedChannelOrphanWrapper{delegate=ManagedChannelImpl{logId=1104, target=localhost:44149}}. 
2022-08-18 03:45:39,295 [timer5] WARN  grpc.GrpcUtil (GrpcUtil.java:shutdownManagedChannel(216)) - Timed out gracefully shutting down connection: ManagedChannelOrphanWrapper{delegate=ManagedChannelImpl{logId=1118, target=localhost:44149}}. 
2022-08-18 03:45:45,322 [timer2] WARN  grpc.GrpcUtil (GrpcUtil.java:shutdownManagedChannel(216)) - Timed out gracefully shutting down connection: ManagedChannelOrphanWrapper{delegate=ManagedChannelImpl{logId=1132, target=localhost:44149}}. 
2022-08-18 03:45:45,413 [timer3] WARN  grpc.GrpcUtil (GrpcUtil.java:shutdownManagedChannel(216)) - Timed out gracefully shutting down connection: ManagedChannelOrphanWrapper{delegate=ManagedChannelImpl{logId=1146, target=localhost:44149}}. 
2022-08-18 03:45:45,437 [s1-client-thread1] INFO  statemachine.StateMachine (DataStreamTestUtils.java:link(157)) - link null
2022-08-18 03:45:45,438 [s0-server-thread4] INFO  statemachine.StateMachine (DataStreamTestUtils.java:link(157)) - link null
2022-08-18 03:45:45,439 [s0-server-thread4] WARN  server.GrpcServerProtocolService (LogUtils.java:warn(124)) - s0: Failed APPEND_ENTRIES request s1->s0#2466-t2,previous=(t:2, i:43),leaderCommit=32,initializing? true,entries: size=1, first=(t:2, i:44), STATEMACHINELOGENTRY, 392@client-B329CB6A0B7E
java.util.concurrent.CompletionException: org.apache.ratis.server.raftlog.RaftLogIOException: Log already failed at index 33 for task WriteLog:33: (t:2, i:33), STATEMACHINELOGENTRY, StateMachineLogEntryProto:392@client-B329CB6A0B7E
	at java.util.concurrent.CompletableFuture.encodeThrowable(CompletableFuture.java:292)
	at java.util.concurrent.CompletableFuture.completeThrowable(CompletableFuture.java:308)
	at java.util.concurrent.CompletableFuture.biRelay(CompletableFuture.java:1298)
	at java.util.concurrent.CompletableFuture$BiRelay.tryFire(CompletableFuture.java:1284)
	at java.util.concurrent.CompletableFuture.postComplete(CompletableFuture.java:488)
	at java.util.concurrent.CompletableFuture.completeExceptionally(CompletableFuture.java:1990)
	at org.apache.ratis.server.raftlog.segmented.SegmentedRaftLog$Task.failed(SegmentedRaftLog.java:104)
	at org.apache.ratis.server.raftlog.segmented.SegmentedRaftLogWorker$WriteLog.failed(SegmentedRaftLogWorker.java:540)
	at org.apache.ratis.server.raftlog.segmented.SegmentedRaftLogWorker.run(SegmentedRaftLogWorker.java:328)
	at java.lang.Thread.run(Thread.java:750)
Caused by: org.apache.ratis.server.raftlog.RaftLogIOException: Log already failed at index 33 for task WriteLog:33: (t:2, i:33), STATEMACHINELOGENTRY, StateMachineLogEntryProto:392@client-B329CB6A0B7E
	at org.apache.ratis.server.raftlog.segmented.SegmentedRaftLogWorker.run(SegmentedRaftLogWorker.java:331)
	... 1 more
Caused by: java.io.IOException: java.lang.IllegalStateException: Null stream: entry=term: 2
index: 33
stateMachineLogEntry {
  type: DATASTREAM
  clientId: "\237n\223\326\222\017C\341\254G\263)\313j\v~"
  callId: 392
}

	at org.apache.ratis.util.IOUtils.asIOException(IOUtils.java:56)
	at org.apache.ratis.util.IOUtils.toIOException(IOUtils.java:61)
	at org.apache.ratis.util.IOUtils.getFromFuture(IOUtils.java:85)
	at org.apache.ratis.server.raftlog.segmented.SegmentedRaftLogWorker$StateMachineDataPolicy.getFromFuture(SegmentedRaftLogWorker.java:90)
	at org.apache.ratis.server.raftlog.segmented.SegmentedRaftLogWorker$WriteLog.execute(SegmentedRaftLogWorker.java:561)
	at org.apache.ratis.server.raftlog.segmented.SegmentedRaftLogWorker.run(SegmentedRaftLogWorker.java:319)
	... 1 more
Caused by: java.lang.IllegalStateException: Null stream: entry=term: 2
index: 33
stateMachineLogEntry {
  type: DATASTREAM
  clientId: "\237n\223\326\222\017C\341\254G\263)\313j\v~"
  callId: 392
}

	at org.apache.ratis.datastream.DataStreamTestUtils$MultiDataStreamStateMachine.link(DataStreamTestUtils.java:159)
	at org.apache.ratis.server.raftlog.segmented.SegmentedRaftLogWorker$WriteLog.<init>(SegmentedRaftLogWorker.java:518)
	at org.apache.ratis.server.raftlog.segmented.SegmentedRaftLogWorker.writeLogEntry(SegmentedRaftLogWorker.java:464)
	at org.apache.ratis.server.raftlog.segmented.SegmentedRaftLog.appendEntryImpl(SegmentedRaftLog.java:408)
	at org.apache.ratis.server.raftlog.RaftLogBase.lambda$appendEntry$10(RaftLogBase.java:330)
	at org.apache.ratis.server.raftlog.RaftLogSequentialOps$Runner.runSequentially(RaftLogSequentialOps.java:78)
	at org.apache.ratis.server.raftlog.RaftLogBase.appendEntry(RaftLogBase.java:330)
	at org.apache.ratis.server.raftlog.segmented.SegmentedRaftLog.appendImpl(SegmentedRaftLog.java:457)
	at org.apache.ratis.server.raftlog.RaftLogBase.lambda$append$11(RaftLogBase.java:337)
	at org.apache.ratis.server.raftlog.RaftLogSequentialOps$Runner.runSequentially(RaftLogSequentialOps.java:69)
	at org.apache.ratis.server.raftlog.RaftLogBase.append(RaftLogBase.java:337)
	at org.apache.ratis.server.impl.RaftServerImpl.appendEntriesAsync(RaftServerImpl.java:1403)
	at org.apache.ratis.server.impl.RaftServerImpl.appendEntriesAsync(RaftServerImpl.java:1289)
	at org.apache.ratis.server.impl.RaftServerProxy.lambda$null$25(RaftServerProxy.java:624)
	at org.apache.ratis.util.JavaUtils.callAsUnchecked(JavaUtils.java:115)
	at org.apache.ratis.server.impl.RaftServerImpl.lambda$executeSubmitServerRequestAsync$11(RaftServerImpl.java:789)
	at java.util.concurrent.CompletableFuture$AsyncSupply.run(CompletableFuture.java:1604)
	at java.util.concurrent.ThreadPoolExecutor.runWorker(ThreadPoolExecutor.java:1149)
	at java.util.concurrent.ThreadPoolExecutor$Worker.run(ThreadPoolExecutor.java:624)
	... 1 more
2022-08-18 03:45:45,444 [s2-server-thread2] INFO  statemachine.StateMachine (DataStreamTestUtils.java:link(157)) - link null
2022-08-18 03:45:45,444 [s2-server-thread2] WARN  server.GrpcServerProtocolService (LogUtils.java:warn(124)) - s2: Failed APPEND_ENTRIES request s1->s2#2466-t2,previous=(t:2, i:43),leaderCommit=32,initializing? true,entries: size=1, first=(t:2, i:44), STATEMACHINELOGENTRY, 392@client-B329CB6A0B7E
java.util.concurrent.CompletionException: org.apache.ratis.server.raftlog.RaftLogIOException: Log already failed at index 33 for task WriteLog:33: (t:2, i:33), STATEMACHINELOGENTRY, StateMachineLogEntryProto:392@client-B329CB6A0B7E
	at java.util.concurrent.CompletableFuture.encodeThrowable(CompletableFuture.java:292)
	at java.util.concurrent.CompletableFuture.completeThrowable(CompletableFuture.java:308)
	at java.util.concurrent.CompletableFuture.biRelay(CompletableFuture.java:1298)
	at java.util.concurrent.CompletableFuture$BiRelay.tryFire(CompletableFuture.java:1284)
	at java.util.concurrent.CompletableFuture.postComplete(CompletableFuture.java:488)
	at java.util.concurrent.CompletableFuture.completeExceptionally(CompletableFuture.java:1990)
	at org.apache.ratis.server.raftlog.segmented.SegmentedRaftLog$Task.failed(SegmentedRaftLog.java:104)
	at org.apache.ratis.server.raftlog.segmented.SegmentedRaftLogWorker$WriteLog.failed(SegmentedRaftLogWorker.java:540)
	at org.apache.ratis.server.raftlog.segmented.SegmentedRaftLogWorker.run(SegmentedRaftLogWorker.java:328)
	at java.lang.Thread.run(Thread.java:750)
Caused by: org.apache.ratis.server.raftlog.RaftLogIOException: Log already failed at index 33 for task WriteLog:33: (t:2, i:33), STATEMACHINELOGENTRY, StateMachineLogEntryProto:392@client-B329CB6A0B7E
	at org.apache.ratis.server.raftlog.segmented.SegmentedRaftLogWorker.run(SegmentedRaftLogWorker.java:331)
	... 1 more
Caused by: java.io.IOException: java.lang.IllegalStateException: Null stream: entry=term: 2
index: 33
stateMachineLogEntry {
  type: DATASTREAM
  clientId: "\237n\223\326\222\017C\341\254G\263)\313j\v~"
  callId: 392
}

	at org.apache.ratis.util.IOUtils.asIOException(IOUtils.java:56)
	at org.apache.ratis.util.IOUtils.toIOException(IOUtils.java:61)
	at org.apache.ratis.util.IOUtils.getFromFuture(IOUtils.java:85)
	at org.apache.ratis.server.raftlog.segmented.SegmentedRaftLogWorker$StateMachineDataPolicy.getFromFuture(SegmentedRaftLogWorker.java:90)
	at org.apache.ratis.server.raftlog.segmented.SegmentedRaftLogWorker$WriteLog.execute(SegmentedRaftLogWorker.java:561)
	at org.apache.ratis.server.raftlog.segmented.SegmentedRaftLogWorker.run(SegmentedRaftLogWorker.java:319)
	... 1 more
Caused by: java.lang.IllegalStateException: Null stream: entry=term: 2
index: 33
stateMachineLogEntry {
  type: DATASTREAM
  clientId: "\237n\223\326\222\017C\341\254G\263)\313j\v~"
  callId: 392
}

	at org.apache.ratis.datastream.DataStreamTestUtils$MultiDataStreamStateMachine.link(DataStreamTestUtils.java:159)
	at org.apache.ratis.server.raftlog.segmented.SegmentedRaftLogWorker$WriteLog.<init>(SegmentedRaftLogWorker.java:518)
	at org.apache.ratis.server.raftlog.segmented.SegmentedRaftLogWorker.writeLogEntry(SegmentedRaftLogWorker.java:464)
	at org.apache.ratis.server.raftlog.segmented.SegmentedRaftLog.appendEntryImpl(SegmentedRaftLog.java:408)
	at org.apache.ratis.server.raftlog.RaftLogBase.lambda$appendEntry$10(RaftLogBase.java:330)
	at org.apache.ratis.server.raftlog.RaftLogSequentialOps$Runner.runSequentially(RaftLogSequentialOps.java:78)
	at org.apache.ratis.server.raftlog.RaftLogBase.appendEntry(RaftLogBase.java:330)
	at org.apache.ratis.server.raftlog.segmented.SegmentedRaftLog.appendImpl(SegmentedRaftLog.java:457)
	at org.apache.ratis.server.raftlog.RaftLogBase.lambda$append$11(RaftLogBase.java:337)
	at org.apache.ratis.server.raftlog.RaftLogSequentialOps$Runner.runSequentially(RaftLogSequentialOps.java:69)
	at org.apache.ratis.server.raftlog.RaftLogBase.append(RaftLogBase.java:337)
	at org.apache.ratis.server.impl.RaftServerImpl.appendEntriesAsync(RaftServerImpl.java:1403)
	at org.apache.ratis.server.impl.RaftServerImpl.appendEntriesAsync(RaftServerImpl.java:1289)
	at org.apache.ratis.server.impl.RaftServerProxy.lambda$null$25(RaftServerProxy.java:624)
	at org.apache.ratis.util.JavaUtils.callAsUnchecked(JavaUtils.java:115)
	at org.apache.ratis.server.impl.RaftServerImpl.lambda$executeSubmitServerRequestAsync$11(RaftServerImpl.java:789)
	at java.util.concurrent.CompletableFuture$AsyncSupply.run(CompletableFuture.java:1604)
	at java.util.concurrent.ThreadPoolExecutor.runWorker(ThreadPoolExecutor.java:1149)
	at java.util.concurrent.ThreadPoolExecutor$Worker.run(ThreadPoolExecutor.java:624)
	... 1 more
2022-08-18 03:45:45,448 [grpc-default-executor-1] WARN  server.GrpcLogAppender (LogUtils.java:warn(124)) - s1@group-D128CC958ABE->s0-AppendLogResponseHandler: Failed appendEntries
org.apache.ratis.server.raftlog.RaftLogIOException: Log already failed at index 33 for task WriteLog:33: (t:2, i:33), STATEMACHINELOGENTRY, StateMachineLogEntryProto:392@client-B329CB6A0B7E
	at org.apache.ratis.server.raftlog.segmented.SegmentedRaftLogWorker.run(SegmentedRaftLogWorker.java:331)
	at java.lang.Thread.run(Thread.java:750)
Caused by: java.io.IOException: java.lang.IllegalStateException: Null stream: entry=term: 2
index: 33
stateMachineLogEntry {
  type: DATASTREAM
  clientId: "\237n\223\326\222\017C\341\254G\263)\313j\v~"
  callId: 392
}

	at org.apache.ratis.util.IOUtils.asIOException(IOUtils.java:56)
	at org.apache.ratis.util.IOUtils.toIOException(IOUtils.java:61)
	at org.apache.ratis.util.IOUtils.getFromFuture(IOUtils.java:85)
	at org.apache.ratis.server.raftlog.segmented.SegmentedRaftLogWorker$StateMachineDataPolicy.getFromFuture(SegmentedRaftLogWorker.java:90)
	at org.apache.ratis.server.raftlog.segmented.SegmentedRaftLogWorker$WriteLog.execute(SegmentedRaftLogWorker.java:561)
	at org.apache.ratis.server.raftlog.segmented.SegmentedRaftLogWorker.run(SegmentedRaftLogWorker.java:319)
	... 1 more
Caused by: java.lang.IllegalStateException: Null stream: entry=term: 2
index: 33
stateMachineLogEntry {
  type: DATASTREAM
  clientId: "\237n\223\326\222\017C\341\254G\263)\313j\v~"
  callId: 392
}

	at org.apache.ratis.datastream.DataStreamTestUtils$MultiDataStreamStateMachine.link(DataStreamTestUtils.java:159)
	at org.apache.ratis.server.raftlog.segmented.SegmentedRaftLogWorker$WriteLog.<init>(SegmentedRaftLogWorker.java:518)
	at org.apache.ratis.server.raftlog.segmented.SegmentedRaftLogWorker.writeLogEntry(SegmentedRaftLogWorker.java:464)
	at org.apache.ratis.server.raftlog.segmented.SegmentedRaftLog.appendEntryImpl(SegmentedRaftLog.java:408)
	at org.apache.ratis.server.raftlog.RaftLogBase.lambda$appendEntry$10(RaftLogBase.java:330)
	at org.apache.ratis.server.raftlog.RaftLogSequentialOps$Runner.runSequentially(RaftLogSequentialOps.java:78)
	at org.apache.ratis.server.raftlog.RaftLogBase.appendEntry(RaftLogBase.java:330)
	at org.apache.ratis.server.raftlog.segmented.SegmentedRaftLog.appendImpl(SegmentedRaftLog.java:457)
	at org.apache.ratis.server.raftlog.RaftLogBase.lambda$append$11(RaftLogBase.java:337)
	at org.apache.ratis.server.raftlog.RaftLogSequentialOps$Runner.runSequentially(RaftLogSequentialOps.java:69)
	at org.apache.ratis.server.raftlog.RaftLogBase.append(RaftLogBase.java:337)
	at org.apache.ratis.server.impl.RaftServerImpl.appendEntriesAsync(RaftServerImpl.java:1403)
	at org.apache.ratis.server.impl.RaftServerImpl.appendEntriesAsync(RaftServerImpl.java:1289)
	at org.apache.ratis.server.impl.RaftServerProxy.lambda$null$25(RaftServerProxy.java:624)
	at org.apache.ratis.util.JavaUtils.callAsUnchecked(JavaUtils.java:115)
	at org.apache.ratis.server.impl.RaftServerImpl.lambda$executeSubmitServerRequestAsync$11(RaftServerImpl.java:789)
	at java.util.concurrent.CompletableFuture$AsyncSupply.run(CompletableFuture.java:1604)
	at java.util.concurrent.ThreadPoolExecutor.runWorker(ThreadPoolExecutor.java:1149)
	at java.util.concurrent.ThreadPoolExecutor$Worker.run(ThreadPoolExecutor.java:624)
	... 1 more
2022-08-18 03:45:45,448 [grpc-default-executor-0] WARN  server.GrpcLogAppender (LogUtils.java:warn(124)) - s1@group-D128CC958ABE->s2-AppendLogResponseHandler: Failed appendEntries
org.apache.ratis.server.raftlog.RaftLogIOException: Log already failed at index 33 for task WriteLog:33: (t:2, i:33), STATEMACHINELOGENTRY, StateMachineLogEntryProto:392@client-B329CB6A0B7E
	at org.apache.ratis.server.raftlog.segmented.SegmentedRaftLogWorker.run(SegmentedRaftLogWorker.java:331)
	at java.lang.Thread.run(Thread.java:750)
Caused by: java.io.IOException: java.lang.IllegalStateException: Null stream: entry=term: 2
index: 33
stateMachineLogEntry {
  type: DATASTREAM
  clientId: "\237n\223\326\222\017C\341\254G\263)\313j\v~"
  callId: 392
}

	at org.apache.ratis.util.IOUtils.asIOException(IOUtils.java:56)
	at org.apache.ratis.util.IOUtils.toIOException(IOUtils.java:61)
	at org.apache.ratis.util.IOUtils.getFromFuture(IOUtils.java:85)
	at org.apache.ratis.server.raftlog.segmented.SegmentedRaftLogWorker$StateMachineDataPolicy.getFromFuture(SegmentedRaftLogWorker.java:90)
	at org.apache.ratis.server.raftlog.segmented.SegmentedRaftLogWorker$WriteLog.execute(SegmentedRaftLogWorker.java:561)
	at org.apache.ratis.server.raftlog.segmented.SegmentedRaftLogWorker.run(SegmentedRaftLogWorker.java:319)
	... 1 more
Caused by: java.lang.IllegalStateException: Null stream: entry=term: 2
index: 33
stateMachineLogEntry {
  type: DATASTREAM
  clientId: "\237n\223\326\222\017C\341\254G\263)\313j\v~"
  callId: 392
}

	at org.apache.ratis.datastream.DataStreamTestUtils$MultiDataStreamStateMachine.link(DataStreamTestUtils.java:159)
	at org.apache.ratis.server.raftlog.segmented.SegmentedRaftLogWorker$WriteLog.<init>(SegmentedRaftLogWorker.java:518)
	at org.apache.ratis.server.raftlog.segmented.SegmentedRaftLogWorker.writeLogEntry(SegmentedRaftLogWorker.java:464)
	at org.apache.ratis.server.raftlog.segmented.SegmentedRaftLog.appendEntryImpl(SegmentedRaftLog.java:408)
	at org.apache.ratis.server.raftlog.RaftLogBase.lambda$appendEntry$10(RaftLogBase.java:330)
	at org.apache.ratis.server.raftlog.RaftLogSequentialOps$Runner.runSequentially(RaftLogSequentialOps.java:78)
	at org.apache.ratis.server.raftlog.RaftLogBase.appendEntry(RaftLogBase.java:330)
	at org.apache.ratis.server.raftlog.segmented.SegmentedRaftLog.appendImpl(SegmentedRaftLog.java:457)
	at org.apache.ratis.server.raftlog.RaftLogBase.lambda$append$11(RaftLogBase.java:337)
	at org.apache.ratis.server.raftlog.RaftLogSequentialOps$Runner.runSequentially(RaftLogSequentialOps.java:69)
	at org.apache.ratis.server.raftlog.RaftLogBase.append(RaftLogBase.java:337)
	at org.apache.ratis.server.impl.RaftServerImpl.appendEntriesAsync(RaftServerImpl.java:1403)
	at org.apache.ratis.server.impl.RaftServerImpl.appendEntriesAsync(RaftServerImpl.java:1289)
	at org.apache.ratis.server.impl.RaftServerProxy.lambda$null$25(RaftServerProxy.java:624)
	at org.apache.ratis.util.JavaUtils.callAsUnchecked(JavaUtils.java:115)
	at org.apache.ratis.server.impl.RaftServerImpl.lambda$executeSubmitServerRequestAsync$11(RaftServerImpl.java:789)
	at java.util.concurrent.CompletableFuture$AsyncSupply.run(CompletableFuture.java:1604)
	at java.util.concurrent.ThreadPoolExecutor.runWorker(ThreadPoolExecutor.java:1149)
	at java.util.concurrent.ThreadPoolExecutor$Worker.run(ThreadPoolExecutor.java:624)
	... 1 more
2022-08-18 03:45:45,448 [grpc-default-executor-1] INFO  leader.FollowerInfo (FollowerInfoImpl.java:lambda$new$0(48)) - s1@group-D128CC958ABE->s0: nextIndex: updateUnconditionally 45 -> 44
2022-08-18 03:45:45,448 [grpc-default-executor-0] INFO  leader.FollowerInfo (FollowerInfoImpl.java:lambda$new$0(48)) - s1@group-D128CC958ABE->s2: nextIndex: updateUnconditionally 45 -> 44
2022-08-18 03:45:45,463 [Timer-2] INFO  impl.MiniRaftCluster (MiniRaftCluster.java:lambda$null$6(346)) - TIMED-PRINT: printing ALL groups
  s0:  RUNNING  FOLLOWER s0@group-D128CC958ABE:t2, leader=s1, voted=s1, raftlog=Memoized:s0@group-D128CC958ABE-SegmentedRaftLog:OPENED:c32, conf=31: peers:[s0|rpc:localhost:43041|admin:localhost:41627|client:localhost:41753|dataStream:localhost:43729|priority:0|startupRole:FOLLOWER, s1|rpc:localhost:46505|admin:localhost:41383|client:localhost:44149|dataStream:localhost:34715|priority:0|startupRole:FOLLOWER, s2|rpc:localhost:33579|admin:localhost:36665|client:localhost:36785|dataStream:localhost:46131|priority:0|startupRole:FOLLOWER]|listeners:[], old=null RUNNING
  s1:  RUNNING    LEADER s1@group-D128CC958ABE:t2, leader=s1, voted=s1, raftlog=Memoized:s1@group-D128CC958ABE-SegmentedRaftLog:OPENED:c32, conf=31: peers:[s0|rpc:localhost:43041|admin:localhost:41627|client:localhost:41753|dataStream:localhost:43729|priority:0|startupRole:FOLLOWER, s1|rpc:localhost:46505|admin:localhost:41383|client:localhost:44149|dataStream:localhost:34715|priority:0|startupRole:FOLLOWER, s2|rpc:localhost:33579|admin:localhost:36665|client:localhost:36785|dataStream:localhost:46131|priority:0|startupRole:FOLLOWER]|listeners:[], old=null RUNNING
  s2:  RUNNING  FOLLOWER s2@group-D128CC958ABE:t2, leader=s1, voted=s1, raftlog=Memoized:s2@group-D128CC958ABE-SegmentedRaftLog:OPENED:c32, conf=31: peers:[s0|rpc:localhost:43041|admin:localhost:41627|client:localhost:41753|dataStream:localhost:43729|priority:0|startupRole:FOLLOWER, s1|rpc:localhost:46505|admin:localhost:41383|client:localhost:44149|dataStream:localhost:34715|priority:0|startupRole:FOLLOWER, s2|rpc:localhost:33579|admin:localhost:36665|client:localhost:36785|dataStream:localhost:46131|priority:0|startupRole:FOLLOWER]|listeners:[], old=null RUNNING
2022-08-18 03:45:45,526 [s1-client-thread1] INFO  statemachine.StateMachine (DataStreamTestUtils.java:link(157)) - link null
2022-08-18 03:45:45,527 [s0-server-thread5] INFO  statemachine.StateMachine (DataStreamTestUtils.java:link(157)) - link null
2022-08-18 03:45:45,527 [s2-server-thread4] INFO  statemachine.StateMachine (DataStreamTestUtils.java:link(157)) - link null
2022-08-18 03:45:45,527 [grpc-default-executor-14] WARN  server.GrpcServerProtocolService (LogUtils.java:warn(124)) - s0: Failed APPEND_ENTRIES request s1->s0#2469-t2,previous=(t:2, i:44),leaderCommit=32,initializing? true,entries: size=1, first=(t:2, i:45), STATEMACHINELOGENTRY, 396@client-1F26C3633272
java.util.concurrent.CompletionException: org.apache.ratis.server.raftlog.RaftLogIOException: Log already failed at index 33 for task WriteLog:33: (t:2, i:33), STATEMACHINELOGENTRY, StateMachineLogEntryProto:392@client-B329CB6A0B7E
	at java.util.concurrent.CompletableFuture.encodeThrowable(CompletableFuture.java:292)
	at java.util.concurrent.CompletableFuture.completeThrowable(CompletableFuture.java:308)
	at java.util.concurrent.CompletableFuture.biRelay(CompletableFuture.java:1298)
	at java.util.concurrent.CompletableFuture$BiRelay.tryFire(CompletableFuture.java:1284)
	at java.util.concurrent.CompletableFuture.postComplete(CompletableFuture.java:488)
	at java.util.concurrent.CompletableFuture.completeExceptionally(CompletableFuture.java:1990)
	at org.apache.ratis.server.raftlog.segmented.SegmentedRaftLog$Task.failed(SegmentedRaftLog.java:104)
	at org.apache.ratis.server.raftlog.segmented.SegmentedRaftLogWorker$WriteLog.failed(SegmentedRaftLogWorker.java:540)
	at org.apache.ratis.server.raftlog.segmented.SegmentedRaftLogWorker.run(SegmentedRaftLogWorker.java:328)
	at java.lang.Thread.run(Thread.java:750)
Caused by: org.apache.ratis.server.raftlog.RaftLogIOException: Log already failed at index 33 for task WriteLog:33: (t:2, i:33), STATEMACHINELOGENTRY, StateMachineLogEntryProto:392@client-B329CB6A0B7E
	at org.apache.ratis.server.raftlog.segmented.SegmentedRaftLogWorker.run(SegmentedRaftLogWorker.java:331)
	... 1 more
Caused by: java.io.IOException: java.lang.IllegalStateException: Null stream: entry=term: 2
index: 33
stateMachineLogEntry {
  type: DATASTREAM
  clientId: "\237n\223\326\222\017C\341\254G\263)\313j\v~"
  callId: 392
}

	at org.apache.ratis.util.IOUtils.asIOException(IOUtils.java:56)
	at org.apache.ratis.util.IOUtils.toIOException(IOUtils.java:61)
	at org.apache.ratis.util.IOUtils.getFromFuture(IOUtils.java:85)
	at org.apache.ratis.server.raftlog.segmented.SegmentedRaftLogWorker$StateMachineDataPolicy.getFromFuture(SegmentedRaftLogWorker.java:90)
	at org.apache.ratis.server.raftlog.segmented.SegmentedRaftLogWorker$WriteLog.execute(SegmentedRaftLogWorker.java:561)
	at org.apache.ratis.server.raftlog.segmented.SegmentedRaftLogWorker.run(SegmentedRaftLogWorker.java:319)
	... 1 more
Caused by: java.lang.IllegalStateException: Null stream: entry=term: 2
index: 33
stateMachineLogEntry {
  type: DATASTREAM
  clientId: "\237n\223\326\222\017C\341\254G\263)\313j\v~"
  callId: 392
}

	at org.apache.ratis.datastream.DataStreamTestUtils$MultiDataStreamStateMachine.link(DataStreamTestUtils.java:159)
	at org.apache.ratis.server.raftlog.segmented.SegmentedRaftLogWorker$WriteLog.<init>(SegmentedRaftLogWorker.java:518)
	at org.apache.ratis.server.raftlog.segmented.SegmentedRaftLogWorker.writeLogEntry(SegmentedRaftLogWorker.java:464)
	at org.apache.ratis.server.raftlog.segmented.SegmentedRaftLog.appendEntryImpl(SegmentedRaftLog.java:408)
	at org.apache.ratis.server.raftlog.RaftLogBase.lambda$appendEntry$10(RaftLogBase.java:330)
	at org.apache.ratis.server.raftlog.RaftLogSequentialOps$Runner.runSequentially(RaftLogSequentialOps.java:78)
	at org.apache.ratis.server.raftlog.RaftLogBase.appendEntry(RaftLogBase.java:330)
	at org.apache.ratis.server.raftlog.segmented.SegmentedRaftLog.appendImpl(SegmentedRaftLog.java:457)
	at org.apache.ratis.server.raftlog.RaftLogBase.lambda$append$11(RaftLogBase.java:337)
	at org.apache.ratis.server.raftlog.RaftLogSequentialOps$Runner.runSequentially(RaftLogSequentialOps.java:69)
	at org.apache.ratis.server.raftlog.RaftLogBase.append(RaftLogBase.java:337)
	at org.apache.ratis.server.impl.RaftServerImpl.appendEntriesAsync(RaftServerImpl.java:1403)
	at org.apache.ratis.server.impl.RaftServerImpl.appendEntriesAsync(RaftServerImpl.java:1289)
	at org.apache.ratis.server.impl.RaftServerProxy.lambda$null$25(RaftServerProxy.java:624)
	at org.apache.ratis.util.JavaUtils.callAsUnchecked(JavaUtils.java:115)
	at org.apache.ratis.server.impl.RaftServerImpl.lambda$executeSubmitServerRequestAsync$11(RaftServerImpl.java:789)
	at java.util.concurrent.CompletableFuture$AsyncSupply.run(CompletableFuture.java:1604)
	at java.util.concurrent.ThreadPoolExecutor.runWorker(ThreadPoolExecutor.java:1149)
	at java.util.concurrent.ThreadPoolExecutor$Worker.run(ThreadPoolExecutor.java:624)
	... 1 more
2022-08-18 03:45:45,531 [s2-server-thread4] WARN  server.GrpcServerProtocolService (LogUtils.java:warn(124)) - s2: Failed APPEND_ENTRIES request s1->s2#2469-t2,previous=(t:2, i:44),leaderCommit=32,initializing? true,entries: size=1, first=(t:2, i:45), STATEMACHINELOGENTRY, 396@client-1F26C3633272
java.util.concurrent.CompletionException: org.apache.ratis.server.raftlog.RaftLogIOException: Log already failed at index 33 for task WriteLog:33: (t:2, i:33), STATEMACHINELOGENTRY, StateMachineLogEntryProto:392@client-B329CB6A0B7E
	at java.util.concurrent.CompletableFuture.encodeThrowable(CompletableFuture.java:292)
	at java.util.concurrent.CompletableFuture.completeThrowable(CompletableFuture.java:308)
	at java.util.concurrent.CompletableFuture.biRelay(CompletableFuture.java:1298)
	at java.util.concurrent.CompletableFuture$BiRelay.tryFire(CompletableFuture.java:1284)
	at java.util.concurrent.CompletableFuture.postComplete(CompletableFuture.java:488)
	at java.util.concurrent.CompletableFuture.completeExceptionally(CompletableFuture.java:1990)
	at org.apache.ratis.server.raftlog.segmented.SegmentedRaftLog$Task.failed(SegmentedRaftLog.java:104)
	at org.apache.ratis.server.raftlog.segmented.SegmentedRaftLogWorker$WriteLog.failed(SegmentedRaftLogWorker.java:540)
	at org.apache.ratis.server.raftlog.segmented.SegmentedRaftLogWorker.run(SegmentedRaftLogWorker.java:328)
	at java.lang.Thread.run(Thread.java:750)
Caused by: org.apache.ratis.server.raftlog.RaftLogIOException: Log already failed at index 33 for task WriteLog:33: (t:2, i:33), STATEMACHINELOGENTRY, StateMachineLogEntryProto:392@client-B329CB6A0B7E
	at org.apache.ratis.server.raftlog.segmented.SegmentedRaftLogWorker.run(SegmentedRaftLogWorker.java:331)
	... 1 more
Caused by: java.io.IOException: java.lang.IllegalStateException: Null stream: entry=term: 2
index: 33
stateMachineLogEntry {
  type: DATASTREAM
  clientId: "\237n\223\326\222\017C\341\254G\263)\313j\v~"
  callId: 392
}

	at org.apache.ratis.util.IOUtils.asIOException(IOUtils.java:56)
	at org.apache.ratis.util.IOUtils.toIOException(IOUtils.java:61)
	at org.apache.ratis.util.IOUtils.getFromFuture(IOUtils.java:85)
	at org.apache.ratis.server.raftlog.segmented.SegmentedRaftLogWorker$StateMachineDataPolicy.getFromFuture(SegmentedRaftLogWorker.java:90)
	at org.apache.ratis.server.raftlog.segmented.SegmentedRaftLogWorker$WriteLog.execute(SegmentedRaftLogWorker.java:561)
	at org.apache.ratis.server.raftlog.segmented.SegmentedRaftLogWorker.run(SegmentedRaftLogWorker.java:319)
	... 1 more
Caused by: java.lang.IllegalStateException: Null stream: entry=term: 2
index: 33
stateMachineLogEntry {
  type: DATASTREAM
  clientId: "\237n\223\326\222\017C\341\254G\263)\313j\v~"
  callId: 392
}

	at org.apache.ratis.datastream.DataStreamTestUtils$MultiDataStreamStateMachine.link(DataStreamTestUtils.java:159)
	at org.apache.ratis.server.raftlog.segmented.SegmentedRaftLogWorker$WriteLog.<init>(SegmentedRaftLogWorker.java:518)
	at org.apache.ratis.server.raftlog.segmented.SegmentedRaftLogWorker.writeLogEntry(SegmentedRaftLogWorker.java:464)
	at org.apache.ratis.server.raftlog.segmented.SegmentedRaftLog.appendEntryImpl(SegmentedRaftLog.java:408)
	at org.apache.ratis.server.raftlog.RaftLogBase.lambda$appendEntry$10(RaftLogBase.java:330)
	at org.apache.ratis.server.raftlog.RaftLogSequentialOps$Runner.runSequentially(RaftLogSequentialOps.java:78)
	at org.apache.ratis.server.raftlog.RaftLogBase.appendEntry(RaftLogBase.java:330)
	at org.apache.ratis.server.raftlog.segmented.SegmentedRaftLog.appendImpl(SegmentedRaftLog.java:457)
	at org.apache.ratis.server.raftlog.RaftLogBase.lambda$append$11(RaftLogBase.java:337)
	at org.apache.ratis.server.raftlog.RaftLogSequentialOps$Runner.runSequentially(RaftLogSequentialOps.java:69)
	at org.apache.ratis.server.raftlog.RaftLogBase.append(RaftLogBase.java:337)
	at org.apache.ratis.server.impl.RaftServerImpl.appendEntriesAsync(RaftServerImpl.java:1403)
	at org.apache.ratis.server.impl.RaftServerImpl.appendEntriesAsync(RaftServerImpl.java:1289)
	at org.apache.ratis.server.impl.RaftServerProxy.lambda$null$25(RaftServerProxy.java:624)
	at org.apache.ratis.util.JavaUtils.callAsUnchecked(JavaUtils.java:115)
	at org.apache.ratis.server.impl.RaftServerImpl.lambda$executeSubmitServerRequestAsync$11(RaftServerImpl.java:789)
	at java.util.concurrent.CompletableFuture$AsyncSupply.run(CompletableFuture.java:1604)
	at java.util.concurrent.ThreadPoolExecutor.runWorker(ThreadPoolExecutor.java:1149)
	at java.util.concurrent.ThreadPoolExecutor$Worker.run(ThreadPoolExecutor.java:624)
	... 1 more
2022-08-18 03:45:45,534 [grpc-default-executor-14] WARN  server.GrpcLogAppender (LogUtils.java:warn(124)) - s1@group-D128CC958ABE->s0-AppendLogResponseHandler: Failed appendEntries
org.apache.ratis.server.raftlog.RaftLogIOException: Log already failed at index 33 for task WriteLog:33: (t:2, i:33), STATEMACHINELOGENTRY, StateMachineLogEntryProto:392@client-B329CB6A0B7E
	at org.apache.ratis.server.raftlog.segmented.SegmentedRaftLogWorker.run(SegmentedRaftLogWorker.java:331)
	at java.lang.Thread.run(Thread.java:750)
Caused by: java.io.IOException: java.lang.IllegalStateException: Null stream: entry=term: 2
index: 33
stateMachineLogEntry {
  type: DATASTREAM
  clientId: "\237n\223\326\222\017C\341\254G\263)\313j\v~"
  callId: 392
}

	at org.apache.ratis.util.IOUtils.asIOException(IOUtils.java:56)
	at org.apache.ratis.util.IOUtils.toIOException(IOUtils.java:61)
	at org.apache.ratis.util.IOUtils.getFromFuture(IOUtils.java:85)
	at org.apache.ratis.server.raftlog.segmented.SegmentedRaftLogWorker$StateMachineDataPolicy.getFromFuture(SegmentedRaftLogWorker.java:90)
	at org.apache.ratis.server.raftlog.segmented.SegmentedRaftLogWorker$WriteLog.execute(SegmentedRaftLogWorker.java:561)
	at org.apache.ratis.server.raftlog.segmented.SegmentedRaftLogWorker.run(SegmentedRaftLogWorker.java:319)
	... 1 more
Caused by: java.lang.IllegalStateException: Null stream: entry=term: 2
index: 33
stateMachineLogEntry {
  type: DATASTREAM
  clientId: "\237n\223\326\222\017C\341\254G\263)\313j\v~"
  callId: 392
}

	at org.apache.ratis.datastream.DataStreamTestUtils$MultiDataStreamStateMachine.link(DataStreamTestUtils.java:159)
	at org.apache.ratis.server.raftlog.segmented.SegmentedRaftLogWorker$WriteLog.<init>(SegmentedRaftLogWorker.java:518)
	at org.apache.ratis.server.raftlog.segmented.SegmentedRaftLogWorker.writeLogEntry(SegmentedRaftLogWorker.java:464)
	at org.apache.ratis.server.raftlog.segmented.SegmentedRaftLog.appendEntryImpl(SegmentedRaftLog.java:408)
	at org.apache.ratis.server.raftlog.RaftLogBase.lambda$appendEntry$10(RaftLogBase.java:330)
	at org.apache.ratis.server.raftlog.RaftLogSequentialOps$Runner.runSequentially(RaftLogSequentialOps.java:78)
	at org.apache.ratis.server.raftlog.RaftLogBase.appendEntry(RaftLogBase.java:330)
	at org.apache.ratis.server.raftlog.segmented.SegmentedRaftLog.appendImpl(SegmentedRaftLog.java:457)
	at org.apache.ratis.server.raftlog.RaftLogBase.lambda$append$11(RaftLogBase.java:337)
	at org.apache.ratis.server.raftlog.RaftLogSequentialOps$Runner.runSequentially(RaftLogSequentialOps.java:69)
	at org.apache.ratis.server.raftlog.RaftLogBase.append(RaftLogBase.java:337)
	at org.apache.ratis.server.impl.RaftServerImpl.appendEntriesAsync(RaftServerImpl.java:1403)
	at org.apache.ratis.server.impl.RaftServerImpl.appendEntriesAsync(RaftServerImpl.java:1289)
	at org.apache.ratis.server.impl.RaftServerProxy.lambda$null$25(RaftServerProxy.java:624)
	at org.apache.ratis.util.JavaUtils.callAsUnchecked(JavaUtils.java:115)
	at org.apache.ratis.server.impl.RaftServerImpl.lambda$executeSubmitServerRequestAsync$11(RaftServerImpl.java:789)
	at java.util.concurrent.CompletableFuture$AsyncSupply.run(CompletableFuture.java:1604)
	at java.util.concurrent.ThreadPoolExecutor.runWorker(ThreadPoolExecutor.java:1149)
	at java.util.concurrent.ThreadPoolExecutor$Worker.run(ThreadPoolExecutor.java:624)
	... 1 more
2022-08-18 03:45:45,535 [grpc-default-executor-1] WARN  server.GrpcLogAppender (LogUtils.java:warn(124)) - s1@group-D128CC958ABE->s2-AppendLogResponseHandler: Failed appendEntries
org.apache.ratis.server.raftlog.RaftLogIOException: Log already failed at index 33 for task WriteLog:33: (t:2, i:33), STATEMACHINELOGENTRY, StateMachineLogEntryProto:392@client-B329CB6A0B7E
	at org.apache.ratis.server.raftlog.segmented.SegmentedRaftLogWorker.run(SegmentedRaftLogWorker.java:331)
	at java.lang.Thread.run(Thread.java:750)
Caused by: java.io.IOException: java.lang.IllegalStateException: Null stream: entry=term: 2
index: 33
stateMachineLogEntry {
  type: DATASTREAM
  clientId: "\237n\223\326\222\017C\341\254G\263)\313j\v~"
  callId: 392
}

	at org.apache.ratis.util.IOUtils.asIOException(IOUtils.java:56)
	at org.apache.ratis.util.IOUtils.toIOException(IOUtils.java:61)
	at org.apache.ratis.util.IOUtils.getFromFuture(IOUtils.java:85)
	at org.apache.ratis.server.raftlog.segmented.SegmentedRaftLogWorker$StateMachineDataPolicy.getFromFuture(SegmentedRaftLogWorker.java:90)
	at org.apache.ratis.server.raftlog.segmented.SegmentedRaftLogWorker$WriteLog.execute(SegmentedRaftLogWorker.java:561)
	at org.apache.ratis.server.raftlog.segmented.SegmentedRaftLogWorker.run(SegmentedRaftLogWorker.java:319)
	... 1 more
Caused by: java.lang.IllegalStateException: Null stream: entry=term: 2
index: 33
stateMachineLogEntry {
  type: DATASTREAM
  clientId: "\237n\223\326\222\017C\341\254G\263)\313j\v~"
  callId: 392
}

	at org.apache.ratis.datastream.DataStreamTestUtils$MultiDataStreamStateMachine.link(DataStreamTestUtils.java:159)
	at org.apache.ratis.server.raftlog.segmented.SegmentedRaftLogWorker$WriteLog.<init>(SegmentedRaftLogWorker.java:518)
	at org.apache.ratis.server.raftlog.segmented.SegmentedRaftLogWorker.writeLogEntry(SegmentedRaftLogWorker.java:464)
	at org.apache.ratis.server.raftlog.segmented.SegmentedRaftLog.appendEntryImpl(SegmentedRaftLog.java:408)
	at org.apache.ratis.server.raftlog.RaftLogBase.lambda$appendEntry$10(RaftLogBase.java:330)
	at org.apache.ratis.server.raftlog.RaftLogSequentialOps$Runner.runSequentially(RaftLogSequentialOps.java:78)
	at org.apache.ratis.server.raftlog.RaftLogBase.appendEntry(RaftLogBase.java:330)
	at org.apache.ratis.server.raftlog.segmented.SegmentedRaftLog.appendImpl(SegmentedRaftLog.java:457)
	at org.apache.ratis.server.raftlog.RaftLogBase.lambda$append$11(RaftLogBase.java:337)
	at org.apache.ratis.server.raftlog.RaftLogSequentialOps$Runner.runSequentially(RaftLogSequentialOps.java:69)
	at org.apache.ratis.server.raftlog.RaftLogBase.append(RaftLogBase.java:337)
	at org.apache.ratis.server.impl.RaftServerImpl.appendEntriesAsync(RaftServerImpl.java:1403)
	at org.apache.ratis.server.impl.RaftServerImpl.appendEntriesAsync(RaftServerImpl.java:1289)
	at org.apache.ratis.server.impl.RaftServerProxy.lambda$null$25(RaftServerProxy.java:624)
	at org.apache.ratis.util.JavaUtils.callAsUnchecked(JavaUtils.java:115)
	at org.apache.ratis.server.impl.RaftServerImpl.lambda$executeSubmitServerRequestAsync$11(RaftServerImpl.java:789)
	at java.util.concurrent.CompletableFuture$AsyncSupply.run(CompletableFuture.java:1604)
	at java.util.concurrent.ThreadPoolExecutor.runWorker(ThreadPoolExecutor.java:1149)
	at java.util.concurrent.ThreadPoolExecutor$Worker.run(ThreadPoolExecutor.java:624)
	... 1 more
2022-08-18 03:45:45,535 [grpc-default-executor-1] INFO  leader.FollowerInfo (FollowerInfoImpl.java:lambda$new$0(48)) - s1@group-D128CC958ABE->s2: nextIndex: updateUnconditionally 46 -> 45
2022-08-18 03:45:45,535 [grpc-default-executor-14] INFO  leader.FollowerInfo (FollowerInfoImpl.java:lambda$new$0(48)) - s1@group-D128CC958ABE->s0: nextIndex: updateUnconditionally 46 -> 45
2022-08-18 03:45:51,436 [timer2] WARN  grpc.GrpcUtil (GrpcUtil.java:shutdownManagedChannel(216)) - Timed out gracefully shutting down connection: ManagedChannelOrphanWrapper{delegate=ManagedChannelImpl{logId=1160, target=localhost:44149}}. 
2022-08-18 03:45:51,526 [timer7] WARN  grpc.GrpcUtil (GrpcUtil.java:shutdownManagedChannel(216)) - Timed out gracefully shutting down connection: ManagedChannelOrphanWrapper{delegate=ManagedChannelImpl{logId=1174, target=localhost:44149}}. 
2022-08-18 03:45:55,463 [Timer-2] INFO  impl.MiniRaftCluster (MiniRaftCluster.java:lambda$null$6(346)) - TIMED-PRINT: printing ALL groups
  s0:  RUNNING  FOLLOWER s0@group-D128CC958ABE:t2, leader=s1, voted=s1, raftlog=Memoized:s0@group-D128CC958ABE-SegmentedRaftLog:OPENED:c32, conf=31: peers:[s0|rpc:localhost:43041|admin:localhost:41627|client:localhost:41753|dataStream:localhost:43729|priority:0|startupRole:FOLLOWER, s1|rpc:localhost:46505|admin:localhost:41383|client:localhost:44149|dataStream:localhost:34715|priority:0|startupRole:FOLLOWER, s2|rpc:localhost:33579|admin:localhost:36665|client:localhost:36785|dataStream:localhost:46131|priority:0|startupRole:FOLLOWER]|listeners:[], old=null RUNNING
  s1:  RUNNING    LEADER s1@group-D128CC958ABE:t2, leader=s1, voted=s1, raftlog=Memoized:s1@group-D128CC958ABE-SegmentedRaftLog:OPENED:c32, conf=31: peers:[s0|rpc:localhost:43041|admin:localhost:41627|client:localhost:41753|dataStream:localhost:43729|priority:0|startupRole:FOLLOWER, s1|rpc:localhost:46505|admin:localhost:41383|client:localhost:44149|dataStream:localhost:34715|priority:0|startupRole:FOLLOWER, s2|rpc:localhost:33579|admin:localhost:36665|client:localhost:36785|dataStream:localhost:46131|priority:0|startupRole:FOLLOWER]|listeners:[], old=null RUNNING
  s2:  RUNNING  FOLLOWER s2@group-D128CC958ABE:t2, leader=s1, voted=s1, raftlog=Memoized:s2@group-D128CC958ABE-SegmentedRaftLog:OPENED:c32, conf=31: peers:[s0|rpc:localhost:43041|admin:localhost:41627|client:localhost:41753|dataStream:localhost:43729|priority:0|startupRole:FOLLOWER, s1|rpc:localhost:46505|admin:localhost:41383|client:localhost:44149|dataStream:localhost:34715|priority:0|startupRole:FOLLOWER, s2|rpc:localhost:33579|admin:localhost:36665|client:localhost:36785|dataStream:localhost:46131|priority:0|startupRole:FOLLOWER]|listeners:[], old=null RUNNING
2022-08-18 03:45:57,551 [timer2] WARN  grpc.GrpcUtil (GrpcUtil.java:shutdownManagedChannel(216)) - Timed out gracefully shutting down connection: ManagedChannelOrphanWrapper{delegate=ManagedChannelImpl{logId=1188, target=localhost:44149}}. 
2022-08-18 03:45:57,639 [timer4] WARN  grpc.GrpcUtil (GrpcUtil.java:shutdownManagedChannel(216)) - Timed out gracefully shutting down connection: ManagedChannelOrphanWrapper{delegate=ManagedChannelImpl{logId=1202, target=localhost:44149}}. 
2022-08-18 03:46:03,667 [timer4] WARN  grpc.GrpcUtil (GrpcUtil.java:shutdownManagedChannel(216)) - Timed out gracefully shutting down connection: ManagedChannelOrphanWrapper{delegate=ManagedChannelImpl{logId=1216, target=localhost:44149}}. 
2022-08-18 03:46:03,754 [timer5] WARN  grpc.GrpcUtil (GrpcUtil.java:shutdownManagedChannel(216)) - Timed out gracefully shutting down connection: ManagedChannelOrphanWrapper{delegate=ManagedChannelImpl{logId=1230, target=localhost:44149}}. 
2022-08-18 03:46:05,463 [Timer-2] INFO  impl.MiniRaftCluster (MiniRaftCluster.java:lambda$null$6(346)) - TIMED-PRINT: printing ALL groups
  s0:  RUNNING  FOLLOWER s0@group-D128CC958ABE:t2, leader=s1, voted=s1, raftlog=Memoized:s0@group-D128CC958ABE-SegmentedRaftLog:OPENED:c32, conf=31: peers:[s0|rpc:localhost:43041|admin:localhost:41627|client:localhost:41753|dataStream:localhost:43729|priority:0|startupRole:FOLLOWER, s1|rpc:localhost:46505|admin:localhost:41383|client:localhost:44149|dataStream:localhost:34715|priority:0|startupRole:FOLLOWER, s2|rpc:localhost:33579|admin:localhost:36665|client:localhost:36785|dataStream:localhost:46131|priority:0|startupRole:FOLLOWER]|listeners:[], old=null RUNNING
  s1:  RUNNING    LEADER s1@group-D128CC958ABE:t2, leader=s1, voted=s1, raftlog=Memoized:s1@group-D128CC958ABE-SegmentedRaftLog:OPENED:c32, conf=31: peers:[s0|rpc:localhost:43041|admin:localhost:41627|client:localhost:41753|dataStream:localhost:43729|priority:0|startupRole:FOLLOWER, s1|rpc:localhost:46505|admin:localhost:41383|client:localhost:44149|dataStream:localhost:34715|priority:0|startupRole:FOLLOWER, s2|rpc:localhost:33579|admin:localhost:36665|client:localhost:36785|dataStream:localhost:46131|priority:0|startupRole:FOLLOWER]|listeners:[], old=null RUNNING
  s2:  RUNNING  FOLLOWER s2@group-D128CC958ABE:t2, leader=s1, voted=s1, raftlog=Memoized:s2@group-D128CC958ABE-SegmentedRaftLog:OPENED:c32, conf=31: peers:[s0|rpc:localhost:43041|admin:localhost:41627|client:localhost:41753|dataStream:localhost:43729|priority:0|startupRole:FOLLOWER, s1|rpc:localhost:46505|admin:localhost:41383|client:localhost:44149|dataStream:localhost:34715|priority:0|startupRole:FOLLOWER, s2|rpc:localhost:33579|admin:localhost:36665|client:localhost:36785|dataStream:localhost:46131|priority:0|startupRole:FOLLOWER]|listeners:[], old=null RUNNING
2022-08-18 03:46:09,785 [timer3] WARN  grpc.GrpcUtil (GrpcUtil.java:shutdownManagedChannel(216)) - Timed out gracefully shutting down connection: ManagedChannelOrphanWrapper{delegate=ManagedChannelImpl{logId=1244, target=localhost:44149}}. 
2022-08-18 03:46:12,788 [timer3] WARN  grpc.GrpcUtil (GrpcUtil.java:shutdownManagedChannel(216)) - Timed out gracefully shutting down connection: ManagedChannelOrphanWrapper{delegate=ManagedChannelImpl{logId=1258, target=localhost:44149}}. 
2022-08-18 03:46:15,464 [Timer-2] INFO  impl.MiniRaftCluster (MiniRaftCluster.java:lambda$null$6(346)) - TIMED-PRINT: printing ALL groups
  s0:  RUNNING  FOLLOWER s0@group-D128CC958ABE:t2, leader=s1, voted=s1, raftlog=Memoized:s0@group-D128CC958ABE-SegmentedRaftLog:OPENED:c32, conf=31: peers:[s0|rpc:localhost:43041|admin:localhost:41627|client:localhost:41753|dataStream:localhost:43729|priority:0|startupRole:FOLLOWER, s1|rpc:localhost:46505|admin:localhost:41383|client:localhost:44149|dataStream:localhost:34715|priority:0|startupRole:FOLLOWER, s2|rpc:localhost:33579|admin:localhost:36665|client:localhost:36785|dataStream:localhost:46131|priority:0|startupRole:FOLLOWER]|listeners:[], old=null RUNNING
  s1:  RUNNING    LEADER s1@group-D128CC958ABE:t2, leader=s1, voted=s1, raftlog=Memoized:s1@group-D128CC958ABE-SegmentedRaftLog:OPENED:c32, conf=31: peers:[s0|rpc:localhost:43041|admin:localhost:41627|client:localhost:41753|dataStream:localhost:43729|priority:0|startupRole:FOLLOWER, s1|rpc:localhost:46505|admin:localhost:41383|client:localhost:44149|dataStream:localhost:34715|priority:0|startupRole:FOLLOWER, s2|rpc:localhost:33579|admin:localhost:36665|client:localhost:36785|dataStream:localhost:46131|priority:0|startupRole:FOLLOWER]|listeners:[], old=null RUNNING
  s2:  RUNNING  FOLLOWER s2@group-D128CC958ABE:t2, leader=s1, voted=s1, raftlog=Memoized:s2@group-D128CC958ABE-SegmentedRaftLog:OPENED:c32, conf=31: peers:[s0|rpc:localhost:43041|admin:localhost:41627|client:localhost:41753|dataStream:localhost:43729|priority:0|startupRole:FOLLOWER, s1|rpc:localhost:46505|admin:localhost:41383|client:localhost:44149|dataStream:localhost:34715|priority:0|startupRole:FOLLOWER, s2|rpc:localhost:33579|admin:localhost:36665|client:localhost:36785|dataStream:localhost:46131|priority:0|startupRole:FOLLOWER]|listeners:[], old=null RUNNING
2022-08-18 03:46:18,806 [timer3] WARN  grpc.GrpcUtil (GrpcUtil.java:shutdownManagedChannel(216)) - Timed out gracefully shutting down connection: ManagedChannelOrphanWrapper{delegate=ManagedChannelImpl{logId=1272, target=localhost:44149}}. 
2022-08-18 03:46:18,906 [timer4] WARN  grpc.GrpcUtil (GrpcUtil.java:shutdownManagedChannel(216)) - Timed out gracefully shutting down connection: ManagedChannelOrphanWrapper{delegate=ManagedChannelImpl{logId=1286, target=localhost:44149}}. 
2022-08-18 03:46:24,928 [timer3] WARN  grpc.GrpcUtil (GrpcUtil.java:shutdownManagedChannel(216)) - Timed out gracefully shutting down connection: ManagedChannelOrphanWrapper{delegate=ManagedChannelImpl{logId=1300, target=localhost:44149}}. 
2022-08-18 03:46:25,021 [timer4] WARN  grpc.GrpcUtil (GrpcUtil.java:shutdownManagedChannel(216)) - Timed out gracefully shutting down connection: ManagedChannelOrphanWrapper{delegate=ManagedChannelImpl{logId=1314, target=localhost:44149}}. 
2022-08-18 03:46:25,463 [Timer-2] INFO  impl.MiniRaftCluster (MiniRaftCluster.java:lambda$null$6(346)) - TIMED-PRINT: printing ALL groups
  s0:  RUNNING  FOLLOWER s0@group-D128CC958ABE:t2, leader=s1, voted=s1, raftlog=Memoized:s0@group-D128CC958ABE-SegmentedRaftLog:OPENED:c32, conf=31: peers:[s0|rpc:localhost:43041|admin:localhost:41627|client:localhost:41753|dataStream:localhost:43729|priority:0|startupRole:FOLLOWER, s1|rpc:localhost:46505|admin:localhost:41383|client:localhost:44149|dataStream:localhost:34715|priority:0|startupRole:FOLLOWER, s2|rpc:localhost:33579|admin:localhost:36665|client:localhost:36785|dataStream:localhost:46131|priority:0|startupRole:FOLLOWER]|listeners:[], old=null RUNNING
  s1:  RUNNING    LEADER s1@group-D128CC958ABE:t2, leader=s1, voted=s1, raftlog=Memoized:s1@group-D128CC958ABE-SegmentedRaftLog:OPENED:c32, conf=31: peers:[s0|rpc:localhost:43041|admin:localhost:41627|client:localhost:41753|dataStream:localhost:43729|priority:0|startupRole:FOLLOWER, s1|rpc:localhost:46505|admin:localhost:41383|client:localhost:44149|dataStream:localhost:34715|priority:0|startupRole:FOLLOWER, s2|rpc:localhost:33579|admin:localhost:36665|client:localhost:36785|dataStream:localhost:46131|priority:0|startupRole:FOLLOWER]|listeners:[], old=null RUNNING
  s2:  RUNNING  FOLLOWER s2@group-D128CC958ABE:t2, leader=s1, voted=s1, raftlog=Memoized:s2@group-D128CC958ABE-SegmentedRaftLog:OPENED:c32, conf=31: peers:[s0|rpc:localhost:43041|admin:localhost:41627|client:localhost:41753|dataStream:localhost:43729|priority:0|startupRole:FOLLOWER, s1|rpc:localhost:46505|admin:localhost:41383|client:localhost:44149|dataStream:localhost:34715|priority:0|startupRole:FOLLOWER, s2|rpc:localhost:33579|admin:localhost:36665|client:localhost:36785|dataStream:localhost:46131|priority:0|startupRole:FOLLOWER]|listeners:[], old=null RUNNING
2022-08-18 03:46:31,047 [timer3] WARN  grpc.GrpcUtil (GrpcUtil.java:shutdownManagedChannel(216)) - Timed out gracefully shutting down connection: ManagedChannelOrphanWrapper{delegate=ManagedChannelImpl{logId=1328, target=localhost:44149}}. 
2022-08-18 03:46:31,139 [timer4] WARN  grpc.GrpcUtil (GrpcUtil.java:shutdownManagedChannel(216)) - Timed out gracefully shutting down connection: ManagedChannelOrphanWrapper{delegate=ManagedChannelImpl{logId=1342, target=localhost:44149}}. 
2022-08-18 03:46:35,463 [Timer-2] INFO  impl.MiniRaftCluster (MiniRaftCluster.java:lambda$null$6(346)) - TIMED-PRINT: printing ALL groups
  s0:  RUNNING  FOLLOWER s0@group-D128CC958ABE:t2, leader=s1, voted=s1, raftlog=Memoized:s0@group-D128CC958ABE-SegmentedRaftLog:OPENED:c32, conf=31: peers:[s0|rpc:localhost:43041|admin:localhost:41627|client:localhost:41753|dataStream:localhost:43729|priority:0|startupRole:FOLLOWER, s1|rpc:localhost:46505|admin:localhost:41383|client:localhost:44149|dataStream:localhost:34715|priority:0|startupRole:FOLLOWER, s2|rpc:localhost:33579|admin:localhost:36665|client:localhost:36785|dataStream:localhost:46131|priority:0|startupRole:FOLLOWER]|listeners:[], old=null RUNNING
  s1:  RUNNING    LEADER s1@group-D128CC958ABE:t2, leader=s1, voted=s1, raftlog=Memoized:s1@group-D128CC958ABE-SegmentedRaftLog:OPENED:c32, conf=31: peers:[s0|rpc:localhost:43041|admin:localhost:41627|client:localhost:41753|dataStream:localhost:43729|priority:0|startupRole:FOLLOWER, s1|rpc:localhost:46505|admin:localhost:41383|client:localhost:44149|dataStream:localhost:34715|priority:0|startupRole:FOLLOWER, s2|rpc:localhost:33579|admin:localhost:36665|client:localhost:36785|dataStream:localhost:46131|priority:0|startupRole:FOLLOWER]|listeners:[], old=null RUNNING
  s2:  RUNNING  FOLLOWER s2@group-D128CC958ABE:t2, leader=s1, voted=s1, raftlog=Memoized:s2@group-D128CC958ABE-SegmentedRaftLog:OPENED:c32, conf=31: peers:[s0|rpc:localhost:43041|admin:localhost:41627|client:localhost:41753|dataStream:localhost:43729|priority:0|startupRole:FOLLOWER, s1|rpc:localhost:46505|admin:localhost:41383|client:localhost:44149|dataStream:localhost:34715|priority:0|startupRole:FOLLOWER, s2|rpc:localhost:33579|admin:localhost:36665|client:localhost:36785|dataStream:localhost:46131|priority:0|startupRole:FOLLOWER]|listeners:[], old=null RUNNING
2022-08-18 03:46:37,159 [timer3] WARN  grpc.GrpcUtil (GrpcUtil.java:shutdownManagedChannel(216)) - Timed out gracefully shutting down connection: ManagedChannelOrphanWrapper{delegate=ManagedChannelImpl{logId=1356, target=localhost:44149}}. 
2022-08-18 03:46:37,253 [timer4] WARN  grpc.GrpcUtil (GrpcUtil.java:shutdownManagedChannel(216)) - Timed out gracefully shutting down connection: ManagedChannelOrphanWrapper{delegate=ManagedChannelImpl{logId=1370, target=localhost:44149}}. 
2022-08-18 03:46:43,276 [timer3] WARN  grpc.GrpcUtil (GrpcUtil.java:shutdownManagedChannel(216)) - Timed out gracefully shutting down connection: ManagedChannelOrphanWrapper{delegate=ManagedChannelImpl{logId=1384, target=localhost:44149}}. 
2022-08-18 03:46:45,463 [Timer-2] INFO  impl.MiniRaftCluster (MiniRaftCluster.java:lambda$null$6(346)) - TIMED-PRINT: printing ALL groups
  s0:  RUNNING  FOLLOWER s0@group-D128CC958ABE:t2, leader=s1, voted=s1, raftlog=Memoized:s0@group-D128CC958ABE-SegmentedRaftLog:OPENED:c32, conf=31: peers:[s0|rpc:localhost:43041|admin:localhost:41627|client:localhost:41753|dataStream:localhost:43729|priority:0|startupRole:FOLLOWER, s1|rpc:localhost:46505|admin:localhost:41383|client:localhost:44149|dataStream:localhost:34715|priority:0|startupRole:FOLLOWER, s2|rpc:localhost:33579|admin:localhost:36665|client:localhost:36785|dataStream:localhost:46131|priority:0|startupRole:FOLLOWER]|listeners:[], old=null RUNNING
  s1:  RUNNING    LEADER s1@group-D128CC958ABE:t2, leader=s1, voted=s1, raftlog=Memoized:s1@group-D128CC958ABE-SegmentedRaftLog:OPENED:c32, conf=31: peers:[s0|rpc:localhost:43041|admin:localhost:41627|client:localhost:41753|dataStream:localhost:43729|priority:0|startupRole:FOLLOWER, s1|rpc:localhost:46505|admin:localhost:41383|client:localhost:44149|dataStream:localhost:34715|priority:0|startupRole:FOLLOWER, s2|rpc:localhost:33579|admin:localhost:36665|client:localhost:36785|dataStream:localhost:46131|priority:0|startupRole:FOLLOWER]|listeners:[], old=null RUNNING
  s2:  RUNNING  FOLLOWER s2@group-D128CC958ABE:t2, leader=s1, voted=s1, raftlog=Memoized:s2@group-D128CC958ABE-SegmentedRaftLog:OPENED:c32, conf=31: peers:[s0|rpc:localhost:43041|admin:localhost:41627|client:localhost:41753|dataStream:localhost:43729|priority:0|startupRole:FOLLOWER, s1|rpc:localhost:46505|admin:localhost:41383|client:localhost:44149|dataStream:localhost:34715|priority:0|startupRole:FOLLOWER, s2|rpc:localhost:33579|admin:localhost:36665|client:localhost:36785|dataStream:localhost:46131|priority:0|startupRole:FOLLOWER]|listeners:[], old=null RUNNING
2022-08-18 03:46:46,280 [timer3] WARN  grpc.GrpcUtil (GrpcUtil.java:shutdownManagedChannel(216)) - Timed out gracefully shutting down connection: ManagedChannelOrphanWrapper{delegate=ManagedChannelImpl{logId=1398, target=localhost:44149}}. 
2022-08-18 03:46:46,299 [s1-client-thread1] INFO  statemachine.StateMachine (DataStreamTestUtils.java:link(157)) - link null
2022-08-18 03:46:46,300 [s2-server-thread4] INFO  statemachine.StateMachine (DataStreamTestUtils.java:link(157)) - link null
2022-08-18 03:46:46,301 [s0-server-thread6] INFO  statemachine.StateMachine (DataStreamTestUtils.java:link(157)) - link null
2022-08-18 03:46:46,301 [grpc-default-executor-15] WARN  server.GrpcServerProtocolService (LogUtils.java:warn(124)) - s2: Failed APPEND_ENTRIES request s1->s2#3269-t2,previous=(t:2, i:45),leaderCommit=32,initializing? true,entries: size=1, first=(t:2, i:46), STATEMACHINELOGENTRY, 392@client-B329CB6A0B7E
java.util.concurrent.CompletionException: org.apache.ratis.server.raftlog.RaftLogIOException: Log already failed at index 33 for task WriteLog:33: (t:2, i:33), STATEMACHINELOGENTRY, StateMachineLogEntryProto:392@client-B329CB6A0B7E
	at java.util.concurrent.CompletableFuture.encodeThrowable(CompletableFuture.java:292)
	at java.util.concurrent.CompletableFuture.completeThrowable(CompletableFuture.java:308)
	at java.util.concurrent.CompletableFuture.biRelay(CompletableFuture.java:1298)
	at java.util.concurrent.CompletableFuture$BiRelay.tryFire(CompletableFuture.java:1284)
	at java.util.concurrent.CompletableFuture.andTree(CompletableFuture.java:1324)
	at java.util.concurrent.CompletableFuture.allOf(CompletableFuture.java:2238)
	at org.apache.ratis.util.JavaUtils.allOf(JavaUtils.java:233)
	at org.apache.ratis.server.impl.RaftServerImpl.appendEntriesAsync(RaftServerImpl.java:1415)
	at org.apache.ratis.server.impl.RaftServerImpl.appendEntriesAsync(RaftServerImpl.java:1289)
	at org.apache.ratis.server.impl.RaftServerProxy.lambda$null$25(RaftServerProxy.java:624)
	at org.apache.ratis.util.JavaUtils.callAsUnchecked(JavaUtils.java:115)
	at org.apache.ratis.server.impl.RaftServerImpl.lambda$executeSubmitServerRequestAsync$11(RaftServerImpl.java:789)
	at java.util.concurrent.CompletableFuture$AsyncSupply.run(CompletableFuture.java:1604)
	at java.util.concurrent.ThreadPoolExecutor.runWorker(ThreadPoolExecutor.java:1149)
	at java.util.concurrent.ThreadPoolExecutor$Worker.run(ThreadPoolExecutor.java:624)
	at java.lang.Thread.run(Thread.java:750)
Caused by: org.apache.ratis.server.raftlog.RaftLogIOException: Log already failed at index 33 for task WriteLog:33: (t:2, i:33), STATEMACHINELOGENTRY, StateMachineLogEntryProto:392@client-B329CB6A0B7E
	at org.apache.ratis.server.raftlog.segmented.SegmentedRaftLogWorker.run(SegmentedRaftLogWorker.java:331)
	... 1 more
Caused by: java.io.IOException: java.lang.IllegalStateException: Null stream: entry=term: 2
index: 33
stateMachineLogEntry {
  type: DATASTREAM
  clientId: "\237n\223\326\222\017C\341\254G\263)\313j\v~"
  callId: 392
}

	at org.apache.ratis.util.IOUtils.asIOException(IOUtils.java:56)
	at org.apache.ratis.util.IOUtils.toIOException(IOUtils.java:61)
	at org.apache.ratis.util.IOUtils.getFromFuture(IOUtils.java:85)
	at org.apache.ratis.server.raftlog.segmented.SegmentedRaftLogWorker$StateMachineDataPolicy.getFromFuture(SegmentedRaftLogWorker.java:90)
	at org.apache.ratis.server.raftlog.segmented.SegmentedRaftLogWorker$WriteLog.execute(SegmentedRaftLogWorker.java:561)
	at org.apache.ratis.server.raftlog.segmented.SegmentedRaftLogWorker.run(SegmentedRaftLogWorker.java:319)
	... 1 more
Caused by: java.lang.IllegalStateException: Null stream: entry=term: 2
index: 33
stateMachineLogEntry {
  type: DATASTREAM
  clientId: "\237n\223\326\222\017C\341\254G\263)\313j\v~"
  callId: 392
}

	at org.apache.ratis.datastream.DataStreamTestUtils$MultiDataStreamStateMachine.link(DataStreamTestUtils.java:159)
	at org.apache.ratis.server.raftlog.segmented.SegmentedRaftLogWorker$WriteLog.<init>(SegmentedRaftLogWorker.java:518)
	at org.apache.ratis.server.raftlog.segmented.SegmentedRaftLogWorker.writeLogEntry(SegmentedRaftLogWorker.java:464)
	at org.apache.ratis.server.raftlog.segmented.SegmentedRaftLog.appendEntryImpl(SegmentedRaftLog.java:408)
	at org.apache.ratis.server.raftlog.RaftLogBase.lambda$appendEntry$10(RaftLogBase.java:330)
	at org.apache.ratis.server.raftlog.RaftLogSequentialOps$Runner.runSequentially(RaftLogSequentialOps.java:78)
	at org.apache.ratis.server.raftlog.RaftLogBase.appendEntry(RaftLogBase.java:330)
	at org.apache.ratis.server.raftlog.segmented.SegmentedRaftLog.appendImpl(SegmentedRaftLog.java:457)
	at org.apache.ratis.server.raftlog.RaftLogBase.lambda$append$11(RaftLogBase.java:337)
	at org.apache.ratis.server.raftlog.RaftLogSequentialOps$Runner.runSequentially(RaftLogSequentialOps.java:69)
	at org.apache.ratis.server.raftlog.RaftLogBase.append(RaftLogBase.java:337)
	at org.apache.ratis.server.impl.RaftServerImpl.appendEntriesAsync(RaftServerImpl.java:1403)
	at org.apache.ratis.server.impl.RaftServerImpl.appendEntriesAsync(RaftServerImpl.java:1289)
	at org.apache.ratis.server.impl.RaftServerProxy.lambda$null$25(RaftServerProxy.java:624)
	at org.apache.ratis.util.JavaUtils.callAsUnchecked(JavaUtils.java:115)
	at org.apache.ratis.server.impl.RaftServerImpl.lambda$executeSubmitServerRequestAsync$11(RaftServerImpl.java:789)
	at java.util.concurrent.CompletableFuture$AsyncSupply.run(CompletableFuture.java:1604)
	at java.util.concurrent.ThreadPoolExecutor.runWorker(ThreadPoolExecutor.java:1149)
	at java.util.concurrent.ThreadPoolExecutor$Worker.run(ThreadPoolExecutor.java:624)
	... 1 more
2022-08-18 03:46:46,301 [grpc-default-executor-16] WARN  server.GrpcServerProtocolService (LogUtils.java:warn(124)) - s0: Failed APPEND_ENTRIES request s1->s0#3270-t2,previous=(t:2, i:45),leaderCommit=32,initializing? true,entries: size=1, first=(t:2, i:46), STATEMACHINELOGENTRY, 392@client-B329CB6A0B7E
java.util.concurrent.CompletionException: org.apache.ratis.server.raftlog.RaftLogIOException: Log already failed at index 33 for task WriteLog:33: (t:2, i:33), STATEMACHINELOGENTRY, StateMachineLogEntryProto:392@client-B329CB6A0B7E
	at java.util.concurrent.CompletableFuture.encodeThrowable(CompletableFuture.java:292)
	at java.util.concurrent.CompletableFuture.completeThrowable(CompletableFuture.java:308)
	at java.util.concurrent.CompletableFuture.biRelay(CompletableFuture.java:1298)
	at java.util.concurrent.CompletableFuture$BiRelay.tryFire(CompletableFuture.java:1284)
	at java.util.concurrent.CompletableFuture.postComplete(CompletableFuture.java:488)
	at java.util.concurrent.CompletableFuture.completeExceptionally(CompletableFuture.java:1990)
	at org.apache.ratis.server.raftlog.segmented.SegmentedRaftLog$Task.failed(SegmentedRaftLog.java:104)
	at org.apache.ratis.server.raftlog.segmented.SegmentedRaftLogWorker$WriteLog.failed(SegmentedRaftLogWorker.java:540)
	at org.apache.ratis.server.raftlog.segmented.SegmentedRaftLogWorker.run(SegmentedRaftLogWorker.java:328)
	at java.lang.Thread.run(Thread.java:750)
Caused by: org.apache.ratis.server.raftlog.RaftLogIOException: Log already failed at index 33 for task WriteLog:33: (t:2, i:33), STATEMACHINELOGENTRY, StateMachineLogEntryProto:392@client-B329CB6A0B7E
	at org.apache.ratis.server.raftlog.segmented.SegmentedRaftLogWorker.run(SegmentedRaftLogWorker.java:331)
	... 1 more
Caused by: java.io.IOException: java.lang.IllegalStateException: Null stream: entry=term: 2
index: 33
stateMachineLogEntry {
  type: DATASTREAM
  clientId: "\237n\223\326\222\017C\341\254G\263)\313j\v~"
  callId: 392
}

	at org.apache.ratis.util.IOUtils.asIOException(IOUtils.java:56)
	at org.apache.ratis.util.IOUtils.toIOException(IOUtils.java:61)
	at org.apache.ratis.util.IOUtils.getFromFuture(IOUtils.java:85)
	at org.apache.ratis.server.raftlog.segmented.SegmentedRaftLogWorker$StateMachineDataPolicy.getFromFuture(SegmentedRaftLogWorker.java:90)
	at org.apache.ratis.server.raftlog.segmented.SegmentedRaftLogWorker$WriteLog.execute(SegmentedRaftLogWorker.java:561)
	at org.apache.ratis.server.raftlog.segmented.SegmentedRaftLogWorker.run(SegmentedRaftLogWorker.java:319)
	... 1 more
Caused by: java.lang.IllegalStateException: Null stream: entry=term: 2
index: 33
stateMachineLogEntry {
  type: DATASTREAM
  clientId: "\237n\223\326\222\017C\341\254G\263)\313j\v~"
  callId: 392
}

	at org.apache.ratis.datastream.DataStreamTestUtils$MultiDataStreamStateMachine.link(DataStreamTestUtils.java:159)
	at org.apache.ratis.server.raftlog.segmented.SegmentedRaftLogWorker$WriteLog.<init>(SegmentedRaftLogWorker.java:518)
	at org.apache.ratis.server.raftlog.segmented.SegmentedRaftLogWorker.writeLogEntry(SegmentedRaftLogWorker.java:464)
	at org.apache.ratis.server.raftlog.segmented.SegmentedRaftLog.appendEntryImpl(SegmentedRaftLog.java:408)
	at org.apache.ratis.server.raftlog.RaftLogBase.lambda$appendEntry$10(RaftLogBase.java:330)
	at org.apache.ratis.server.raftlog.RaftLogSequentialOps$Runner.runSequentially(RaftLogSequentialOps.java:78)
	at org.apache.ratis.server.raftlog.RaftLogBase.appendEntry(RaftLogBase.java:330)
	at org.apache.ratis.server.raftlog.segmented.SegmentedRaftLog.appendImpl(SegmentedRaftLog.java:457)
	at org.apache.ratis.server.raftlog.RaftLogBase.lambda$append$11(RaftLogBase.java:337)
	at org.apache.ratis.server.raftlog.RaftLogSequentialOps$Runner.runSequentially(RaftLogSequentialOps.java:69)
	at org.apache.ratis.server.raftlog.RaftLogBase.append(RaftLogBase.java:337)
	at org.apache.ratis.server.impl.RaftServerImpl.appendEntriesAsync(RaftServerImpl.java:1403)
	at org.apache.ratis.server.impl.RaftServerImpl.appendEntriesAsync(RaftServerImpl.java:1289)
	at org.apache.ratis.server.impl.RaftServerProxy.lambda$null$25(RaftServerProxy.java:624)
	at org.apache.ratis.util.JavaUtils.callAsUnchecked(JavaUtils.java:115)
	at org.apache.ratis.server.impl.RaftServerImpl.lambda$executeSubmitServerRequestAsync$11(RaftServerImpl.java:789)
	at java.util.concurrent.CompletableFuture$AsyncSupply.run(CompletableFuture.java:1604)
	at java.util.concurrent.ThreadPoolExecutor.runWorker(ThreadPoolExecutor.java:1149)
	at java.util.concurrent.ThreadPoolExecutor$Worker.run(ThreadPoolExecutor.java:624)
	... 1 more
2022-08-18 03:46:46,308 [grpc-default-executor-0] WARN  server.GrpcLogAppender (LogUtils.java:warn(124)) - s1@group-D128CC958ABE->s2-AppendLogResponseHandler: Failed appendEntries
org.apache.ratis.server.raftlog.RaftLogIOException: Log already failed at index 33 for task WriteLog:33: (t:2, i:33), STATEMACHINELOGENTRY, StateMachineLogEntryProto:392@client-B329CB6A0B7E
	at org.apache.ratis.server.raftlog.segmented.SegmentedRaftLogWorker.run(SegmentedRaftLogWorker.java:331)
	at java.lang.Thread.run(Thread.java:750)
Caused by: java.io.IOException: java.lang.IllegalStateException: Null stream: entry=term: 2
index: 33
stateMachineLogEntry {
  type: DATASTREAM
  clientId: "\237n\223\326\222\017C\341\254G\263)\313j\v~"
  callId: 392
}

	at org.apache.ratis.util.IOUtils.asIOException(IOUtils.java:56)
	at org.apache.ratis.util.IOUtils.toIOException(IOUtils.java:61)
	at org.apache.ratis.util.IOUtils.getFromFuture(IOUtils.java:85)
	at org.apache.ratis.server.raftlog.segmented.SegmentedRaftLogWorker$StateMachineDataPolicy.getFromFuture(SegmentedRaftLogWorker.java:90)
	at org.apache.ratis.server.raftlog.segmented.SegmentedRaftLogWorker$WriteLog.execute(SegmentedRaftLogWorker.java:561)
	at org.apache.ratis.server.raftlog.segmented.SegmentedRaftLogWorker.run(SegmentedRaftLogWorker.java:319)
	... 1 more
Caused by: java.lang.IllegalStateException: Null stream: entry=term: 2
index: 33
stateMachineLogEntry {
  type: DATASTREAM
  clientId: "\237n\223\326\222\017C\341\254G\263)\313j\v~"
  callId: 392
}

	at org.apache.ratis.datastream.DataStreamTestUtils$MultiDataStreamStateMachine.link(DataStreamTestUtils.java:159)
	at org.apache.ratis.server.raftlog.segmented.SegmentedRaftLogWorker$WriteLog.<init>(SegmentedRaftLogWorker.java:518)
	at org.apache.ratis.server.raftlog.segmented.SegmentedRaftLogWorker.writeLogEntry(SegmentedRaftLogWorker.java:464)
	at org.apache.ratis.server.raftlog.segmented.SegmentedRaftLog.appendEntryImpl(SegmentedRaftLog.java:408)
	at org.apache.ratis.server.raftlog.RaftLogBase.lambda$appendEntry$10(RaftLogBase.java:330)
	at org.apache.ratis.server.raftlog.RaftLogSequentialOps$Runner.runSequentially(RaftLogSequentialOps.java:78)
	at org.apache.ratis.server.raftlog.RaftLogBase.appendEntry(RaftLogBase.java:330)
	at org.apache.ratis.server.raftlog.segmented.SegmentedRaftLog.appendImpl(SegmentedRaftLog.java:457)
	at org.apache.ratis.server.raftlog.RaftLogBase.lambda$append$11(RaftLogBase.java:337)
	at org.apache.ratis.server.raftlog.RaftLogSequentialOps$Runner.runSequentially(RaftLogSequentialOps.java:69)
	at org.apache.ratis.server.raftlog.RaftLogBase.append(RaftLogBase.java:337)
	at org.apache.ratis.server.impl.RaftServerImpl.appendEntriesAsync(RaftServerImpl.java:1403)
	at org.apache.ratis.server.impl.RaftServerImpl.appendEntriesAsync(RaftServerImpl.java:1289)
	at org.apache.ratis.server.impl.RaftServerProxy.lambda$null$25(RaftServerProxy.java:624)
	at org.apache.ratis.util.JavaUtils.callAsUnchecked(JavaUtils.java:115)
	at org.apache.ratis.server.impl.RaftServerImpl.lambda$executeSubmitServerRequestAsync$11(RaftServerImpl.java:789)
	at java.util.concurrent.CompletableFuture$AsyncSupply.run(CompletableFuture.java:1604)
	at java.util.concurrent.ThreadPoolExecutor.runWorker(ThreadPoolExecutor.java:1149)
	at java.util.concurrent.ThreadPoolExecutor$Worker.run(ThreadPoolExecutor.java:624)
	... 1 more
2022-08-18 03:46:46,311 [grpc-default-executor-0] INFO  leader.FollowerInfo (FollowerInfoImpl.java:lambda$new$0(48)) - s1@group-D128CC958ABE->s2: nextIndex: updateUnconditionally 47 -> 46
2022-08-18 03:46:46,313 [grpc-default-executor-15] WARN  server.GrpcLogAppender (LogUtils.java:warn(124)) - s1@group-D128CC958ABE->s0-AppendLogResponseHandler: Failed appendEntries
org.apache.ratis.server.raftlog.RaftLogIOException: Log already failed at index 33 for task WriteLog:33: (t:2, i:33), STATEMACHINELOGENTRY, StateMachineLogEntryProto:392@client-B329CB6A0B7E
	at org.apache.ratis.server.raftlog.segmented.SegmentedRaftLogWorker.run(SegmentedRaftLogWorker.java:331)
	at java.lang.Thread.run(Thread.java:750)
Caused by: java.io.IOException: java.lang.IllegalStateException: Null stream: entry=term: 2
index: 33
stateMachineLogEntry {
  type: DATASTREAM
  clientId: "\237n\223\326\222\017C\341\254G\263)\313j\v~"
  callId: 392
}

	at org.apache.ratis.util.IOUtils.asIOException(IOUtils.java:56)
	at org.apache.ratis.util.IOUtils.toIOException(IOUtils.java:61)
	at org.apache.ratis.util.IOUtils.getFromFuture(IOUtils.java:85)
	at org.apache.ratis.server.raftlog.segmented.SegmentedRaftLogWorker$StateMachineDataPolicy.getFromFuture(SegmentedRaftLogWorker.java:90)
	at org.apache.ratis.server.raftlog.segmented.SegmentedRaftLogWorker$WriteLog.execute(SegmentedRaftLogWorker.java:561)
	at org.apache.ratis.server.raftlog.segmented.SegmentedRaftLogWorker.run(SegmentedRaftLogWorker.java:319)
	... 1 more
Caused by: java.lang.IllegalStateException: Null stream: entry=term: 2
index: 33
stateMachineLogEntry {
  type: DATASTREAM
  clientId: "\237n\223\326\222\017C\341\254G\263)\313j\v~"
  callId: 392
}

	at org.apache.ratis.datastream.DataStreamTestUtils$MultiDataStreamStateMachine.link(DataStreamTestUtils.java:159)
	at org.apache.ratis.server.raftlog.segmented.SegmentedRaftLogWorker$WriteLog.<init>(SegmentedRaftLogWorker.java:518)
	at org.apache.ratis.server.raftlog.segmented.SegmentedRaftLogWorker.writeLogEntry(SegmentedRaftLogWorker.java:464)
	at org.apache.ratis.server.raftlog.segmented.SegmentedRaftLog.appendEntryImpl(SegmentedRaftLog.java:408)
	at org.apache.ratis.server.raftlog.RaftLogBase.lambda$appendEntry$10(RaftLogBase.java:330)
	at org.apache.ratis.server.raftlog.RaftLogSequentialOps$Runner.runSequentially(RaftLogSequentialOps.java:78)
	at org.apache.ratis.server.raftlog.RaftLogBase.appendEntry(RaftLogBase.java:330)
	at org.apache.ratis.server.raftlog.segmented.SegmentedRaftLog.appendImpl(SegmentedRaftLog.java:457)
	at org.apache.ratis.server.raftlog.RaftLogBase.lambda$append$11(RaftLogBase.java:337)
	at org.apache.ratis.server.raftlog.RaftLogSequentialOps$Runner.runSequentially(RaftLogSequentialOps.java:69)
	at org.apache.ratis.server.raftlog.RaftLogBase.append(RaftLogBase.java:337)
	at org.apache.ratis.server.impl.RaftServerImpl.appendEntriesAsync(RaftServerImpl.java:1403)
	at org.apache.ratis.server.impl.RaftServerImpl.appendEntriesAsync(RaftServerImpl.java:1289)
	at org.apache.ratis.server.impl.RaftServerProxy.lambda$null$25(RaftServerProxy.java:624)
	at org.apache.ratis.util.JavaUtils.callAsUnchecked(JavaUtils.java:115)
	at org.apache.ratis.server.impl.RaftServerImpl.lambda$executeSubmitServerRequestAsync$11(RaftServerImpl.java:789)
	at java.util.concurrent.CompletableFuture$AsyncSupply.run(CompletableFuture.java:1604)
	at java.util.concurrent.ThreadPoolExecutor.runWorker(ThreadPoolExecutor.java:1149)
	at java.util.concurrent.ThreadPoolExecutor$Worker.run(ThreadPoolExecutor.java:624)
	... 1 more
2022-08-18 03:46:46,314 [grpc-default-executor-15] INFO  leader.FollowerInfo (FollowerInfoImpl.java:lambda$new$0(48)) - s1@group-D128CC958ABE->s0: nextIndex: updateUnconditionally 47 -> 46
2022-08-18 03:46:46,398 [s1-client-thread1] INFO  statemachine.StateMachine (DataStreamTestUtils.java:link(157)) - link null
2022-08-18 03:46:46,399 [s2-server-thread4] INFO  statemachine.StateMachine (DataStreamTestUtils.java:link(157)) - link null
2022-08-18 03:46:46,399 [s0-server-thread6] INFO  statemachine.StateMachine (DataStreamTestUtils.java:link(157)) - link null
2022-08-18 03:46:46,399 [s0-server-thread6] WARN  server.GrpcServerProtocolService (LogUtils.java:warn(124)) - s0: Failed APPEND_ENTRIES request s1->s0#3273-t2,previous=(t:2, i:46),leaderCommit=32,initializing? true,entries: size=1, first=(t:2, i:47), STATEMACHINELOGENTRY, 396@client-1F26C3633272
java.util.concurrent.CompletionException: org.apache.ratis.server.raftlog.RaftLogIOException: Log already failed at index 33 for task WriteLog:33: (t:2, i:33), STATEMACHINELOGENTRY, StateMachineLogEntryProto:392@client-B329CB6A0B7E
	at java.util.concurrent.CompletableFuture.encodeThrowable(CompletableFuture.java:292)
	at java.util.concurrent.CompletableFuture.completeThrowable(CompletableFuture.java:308)
	at java.util.concurrent.CompletableFuture.biRelay(CompletableFuture.java:1298)
	at java.util.concurrent.CompletableFuture$BiRelay.tryFire(CompletableFuture.java:1284)
	at java.util.concurrent.CompletableFuture.postComplete(CompletableFuture.java:488)
	at java.util.concurrent.CompletableFuture.completeExceptionally(CompletableFuture.java:1990)
	at org.apache.ratis.server.raftlog.segmented.SegmentedRaftLog$Task.failed(SegmentedRaftLog.java:104)
	at org.apache.ratis.server.raftlog.segmented.SegmentedRaftLogWorker$WriteLog.failed(SegmentedRaftLogWorker.java:540)
	at org.apache.ratis.server.raftlog.segmented.SegmentedRaftLogWorker.run(SegmentedRaftLogWorker.java:328)
	at java.lang.Thread.run(Thread.java:750)
Caused by: org.apache.ratis.server.raftlog.RaftLogIOException: Log already failed at index 33 for task WriteLog:33: (t:2, i:33), STATEMACHINELOGENTRY, StateMachineLogEntryProto:392@client-B329CB6A0B7E
	at org.apache.ratis.server.raftlog.segmented.SegmentedRaftLogWorker.run(SegmentedRaftLogWorker.java:331)
	... 1 more
Caused by: java.io.IOException: java.lang.IllegalStateException: Null stream: entry=term: 2
index: 33
stateMachineLogEntry {
  type: DATASTREAM
  clientId: "\237n\223\326\222\017C\341\254G\263)\313j\v~"
  callId: 392
}

	at org.apache.ratis.util.IOUtils.asIOException(IOUtils.java:56)
	at org.apache.ratis.util.IOUtils.toIOException(IOUtils.java:61)
	at org.apache.ratis.util.IOUtils.getFromFuture(IOUtils.java:85)
	at org.apache.ratis.server.raftlog.segmented.SegmentedRaftLogWorker$StateMachineDataPolicy.getFromFuture(SegmentedRaftLogWorker.java:90)
	at org.apache.ratis.server.raftlog.segmented.SegmentedRaftLogWorker$WriteLog.execute(SegmentedRaftLogWorker.java:561)
	at org.apache.ratis.server.raftlog.segmented.SegmentedRaftLogWorker.run(SegmentedRaftLogWorker.java:319)
	... 1 more
Caused by: java.lang.IllegalStateException: Null stream: entry=term: 2
index: 33
stateMachineLogEntry {
  type: DATASTREAM
  clientId: "\237n\223\326\222\017C\341\254G\263)\313j\v~"
  callId: 392
}

	at org.apache.ratis.datastream.DataStreamTestUtils$MultiDataStreamStateMachine.link(DataStreamTestUtils.java:159)
	at org.apache.ratis.server.raftlog.segmented.SegmentedRaftLogWorker$WriteLog.<init>(SegmentedRaftLogWorker.java:518)
	at org.apache.ratis.server.raftlog.segmented.SegmentedRaftLogWorker.writeLogEntry(SegmentedRaftLogWorker.java:464)
	at org.apache.ratis.server.raftlog.segmented.SegmentedRaftLog.appendEntryImpl(SegmentedRaftLog.java:408)
	at org.apache.ratis.server.raftlog.RaftLogBase.lambda$appendEntry$10(RaftLogBase.java:330)
	at org.apache.ratis.server.raftlog.RaftLogSequentialOps$Runner.runSequentially(RaftLogSequentialOps.java:78)
	at org.apache.ratis.server.raftlog.RaftLogBase.appendEntry(RaftLogBase.java:330)
	at org.apache.ratis.server.raftlog.segmented.SegmentedRaftLog.appendImpl(SegmentedRaftLog.java:457)
	at org.apache.ratis.server.raftlog.RaftLogBase.lambda$append$11(RaftLogBase.java:337)
	at org.apache.ratis.server.raftlog.RaftLogSequentialOps$Runner.runSequentially(RaftLogSequentialOps.java:69)
	at org.apache.ratis.server.raftlog.RaftLogBase.append(RaftLogBase.java:337)
	at org.apache.ratis.server.impl.RaftServerImpl.appendEntriesAsync(RaftServerImpl.java:1403)
	at org.apache.ratis.server.impl.RaftServerImpl.appendEntriesAsync(RaftServerImpl.java:1289)
	at org.apache.ratis.server.impl.RaftServerProxy.lambda$null$25(RaftServerProxy.java:624)
	at org.apache.ratis.util.JavaUtils.callAsUnchecked(JavaUtils.java:115)
	at org.apache.ratis.server.impl.RaftServerImpl.lambda$executeSubmitServerRequestAsync$11(RaftServerImpl.java:789)
	at java.util.concurrent.CompletableFuture$AsyncSupply.run(CompletableFuture.java:1604)
	at java.util.concurrent.ThreadPoolExecutor.runWorker(ThreadPoolExecutor.java:1149)
	at java.util.concurrent.ThreadPoolExecutor$Worker.run(ThreadPoolExecutor.java:624)
	... 1 more
2022-08-18 03:46:46,399 [grpc-default-executor-15] WARN  server.GrpcServerProtocolService (LogUtils.java:warn(124)) - s2: Failed APPEND_ENTRIES request s1->s2#3273-t2,previous=(t:2, i:46),leaderCommit=32,initializing? true,entries: size=1, first=(t:2, i:47), STATEMACHINELOGENTRY, 396@client-1F26C3633272
java.util.concurrent.CompletionException: org.apache.ratis.server.raftlog.RaftLogIOException: Log already failed at index 33 for task WriteLog:33: (t:2, i:33), STATEMACHINELOGENTRY, StateMachineLogEntryProto:392@client-B329CB6A0B7E
	at java.util.concurrent.CompletableFuture.encodeThrowable(CompletableFuture.java:292)
	at java.util.concurrent.CompletableFuture.completeThrowable(CompletableFuture.java:308)
	at java.util.concurrent.CompletableFuture.biRelay(CompletableFuture.java:1298)
	at java.util.concurrent.CompletableFuture$BiRelay.tryFire(CompletableFuture.java:1284)
	at java.util.concurrent.CompletableFuture.postComplete(CompletableFuture.java:488)
	at java.util.concurrent.CompletableFuture.completeExceptionally(CompletableFuture.java:1990)
	at org.apache.ratis.server.raftlog.segmented.SegmentedRaftLog$Task.failed(SegmentedRaftLog.java:104)
	at org.apache.ratis.server.raftlog.segmented.SegmentedRaftLogWorker$WriteLog.failed(SegmentedRaftLogWorker.java:540)
	at org.apache.ratis.server.raftlog.segmented.SegmentedRaftLogWorker.run(SegmentedRaftLogWorker.java:328)
	at java.lang.Thread.run(Thread.java:750)
Caused by: org.apache.ratis.server.raftlog.RaftLogIOException: Log already failed at index 33 for task WriteLog:33: (t:2, i:33), STATEMACHINELOGENTRY, StateMachineLogEntryProto:392@client-B329CB6A0B7E
	at org.apache.ratis.server.raftlog.segmented.SegmentedRaftLogWorker.run(SegmentedRaftLogWorker.java:331)
	... 1 more
Caused by: java.io.IOException: java.lang.IllegalStateException: Null stream: entry=term: 2
index: 33
stateMachineLogEntry {
  type: DATASTREAM
  clientId: "\237n\223\326\222\017C\341\254G\263)\313j\v~"
  callId: 392
}

	at org.apache.ratis.util.IOUtils.asIOException(IOUtils.java:56)
	at org.apache.ratis.util.IOUtils.toIOException(IOUtils.java:61)
	at org.apache.ratis.util.IOUtils.getFromFuture(IOUtils.java:85)
	at org.apache.ratis.server.raftlog.segmented.SegmentedRaftLogWorker$StateMachineDataPolicy.getFromFuture(SegmentedRaftLogWorker.java:90)
	at org.apache.ratis.server.raftlog.segmented.SegmentedRaftLogWorker$WriteLog.execute(SegmentedRaftLogWorker.java:561)
	at org.apache.ratis.server.raftlog.segmented.SegmentedRaftLogWorker.run(SegmentedRaftLogWorker.java:319)
	... 1 more
Caused by: java.lang.IllegalStateException: Null stream: entry=term: 2
index: 33
stateMachineLogEntry {
  type: DATASTREAM
  clientId: "\237n\223\326\222\017C\341\254G\263)\313j\v~"
  callId: 392
}

	at org.apache.ratis.datastream.DataStreamTestUtils$MultiDataStreamStateMachine.link(DataStreamTestUtils.java:159)
	at org.apache.ratis.server.raftlog.segmented.SegmentedRaftLogWorker$WriteLog.<init>(SegmentedRaftLogWorker.java:518)
	at org.apache.ratis.server.raftlog.segmented.SegmentedRaftLogWorker.writeLogEntry(SegmentedRaftLogWorker.java:464)
	at org.apache.ratis.server.raftlog.segmented.SegmentedRaftLog.appendEntryImpl(SegmentedRaftLog.java:408)
	at org.apache.ratis.server.raftlog.RaftLogBase.lambda$appendEntry$10(RaftLogBase.java:330)
	at org.apache.ratis.server.raftlog.RaftLogSequentialOps$Runner.runSequentially(RaftLogSequentialOps.java:78)
	at org.apache.ratis.server.raftlog.RaftLogBase.appendEntry(RaftLogBase.java:330)
	at org.apache.ratis.server.raftlog.segmented.SegmentedRaftLog.appendImpl(SegmentedRaftLog.java:457)
	at org.apache.ratis.server.raftlog.RaftLogBase.lambda$append$11(RaftLogBase.java:337)
	at org.apache.ratis.server.raftlog.RaftLogSequentialOps$Runner.runSequentially(RaftLogSequentialOps.java:69)
	at org.apache.ratis.server.raftlog.RaftLogBase.append(RaftLogBase.java:337)
	at org.apache.ratis.server.impl.RaftServerImpl.appendEntriesAsync(RaftServerImpl.java:1403)
	at org.apache.ratis.server.impl.RaftServerImpl.appendEntriesAsync(RaftServerImpl.java:1289)
	at org.apache.ratis.server.impl.RaftServerProxy.lambda$null$25(RaftServerProxy.java:624)
	at org.apache.ratis.util.JavaUtils.callAsUnchecked(JavaUtils.java:115)
	at org.apache.ratis.server.impl.RaftServerImpl.lambda$executeSubmitServerRequestAsync$11(RaftServerImpl.java:789)
	at java.util.concurrent.CompletableFuture$AsyncSupply.run(CompletableFuture.java:1604)
	at java.util.concurrent.ThreadPoolExecutor.runWorker(ThreadPoolExecutor.java:1149)
	at java.util.concurrent.ThreadPoolExecutor$Worker.run(ThreadPoolExecutor.java:624)
	... 1 more
2022-08-18 03:46:46,405 [grpc-default-executor-0] WARN  server.GrpcLogAppender (LogUtils.java:warn(124)) - s1@group-D128CC958ABE->s2-AppendLogResponseHandler: Failed appendEntries
org.apache.ratis.server.raftlog.RaftLogIOException: Log already failed at index 33 for task WriteLog:33: (t:2, i:33), STATEMACHINELOGENTRY, StateMachineLogEntryProto:392@client-B329CB6A0B7E
	at org.apache.ratis.server.raftlog.segmented.SegmentedRaftLogWorker.run(SegmentedRaftLogWorker.java:331)
	at java.lang.Thread.run(Thread.java:750)
Caused by: java.io.IOException: java.lang.IllegalStateException: Null stream: entry=term: 2
index: 33
stateMachineLogEntry {
  type: DATASTREAM
  clientId: "\237n\223\326\222\017C\341\254G\263)\313j\v~"
  callId: 392
}

	at org.apache.ratis.util.IOUtils.asIOException(IOUtils.java:56)
	at org.apache.ratis.util.IOUtils.toIOException(IOUtils.java:61)
	at org.apache.ratis.util.IOUtils.getFromFuture(IOUtils.java:85)
	at org.apache.ratis.server.raftlog.segmented.SegmentedRaftLogWorker$StateMachineDataPolicy.getFromFuture(SegmentedRaftLogWorker.java:90)
	at org.apache.ratis.server.raftlog.segmented.SegmentedRaftLogWorker$WriteLog.execute(SegmentedRaftLogWorker.java:561)
	at org.apache.ratis.server.raftlog.segmented.SegmentedRaftLogWorker.run(SegmentedRaftLogWorker.java:319)
	... 1 more
Caused by: java.lang.IllegalStateException: Null stream: entry=term: 2
index: 33
stateMachineLogEntry {
  type: DATASTREAM
  clientId: "\237n\223\326\222\017C\341\254G\263)\313j\v~"
  callId: 392
}

	at org.apache.ratis.datastream.DataStreamTestUtils$MultiDataStreamStateMachine.link(DataStreamTestUtils.java:159)
	at org.apache.ratis.server.raftlog.segmented.SegmentedRaftLogWorker$WriteLog.<init>(SegmentedRaftLogWorker.java:518)
	at org.apache.ratis.server.raftlog.segmented.SegmentedRaftLogWorker.writeLogEntry(SegmentedRaftLogWorker.java:464)
	at org.apache.ratis.server.raftlog.segmented.SegmentedRaftLog.appendEntryImpl(SegmentedRaftLog.java:408)
	at org.apache.ratis.server.raftlog.RaftLogBase.lambda$appendEntry$10(RaftLogBase.java:330)
	at org.apache.ratis.server.raftlog.RaftLogSequentialOps$Runner.runSequentially(RaftLogSequentialOps.java:78)
	at org.apache.ratis.server.raftlog.RaftLogBase.appendEntry(RaftLogBase.java:330)
	at org.apache.ratis.server.raftlog.segmented.SegmentedRaftLog.appendImpl(SegmentedRaftLog.java:457)
	at org.apache.ratis.server.raftlog.RaftLogBase.lambda$append$11(RaftLogBase.java:337)
	at org.apache.ratis.server.raftlog.RaftLogSequentialOps$Runner.runSequentially(RaftLogSequentialOps.java:69)
	at org.apache.ratis.server.raftlog.RaftLogBase.append(RaftLogBase.java:337)
	at org.apache.ratis.server.impl.RaftServerImpl.appendEntriesAsync(RaftServerImpl.java:1403)
	at org.apache.ratis.server.impl.RaftServerImpl.appendEntriesAsync(RaftServerImpl.java:1289)
	at org.apache.ratis.server.impl.RaftServerProxy.lambda$null$25(RaftServerProxy.java:624)
	at org.apache.ratis.util.JavaUtils.callAsUnchecked(JavaUtils.java:115)
	at org.apache.ratis.server.impl.RaftServerImpl.lambda$executeSubmitServerRequestAsync$11(RaftServerImpl.java:789)
	at java.util.concurrent.CompletableFuture$AsyncSupply.run(CompletableFuture.java:1604)
	at java.util.concurrent.ThreadPoolExecutor.runWorker(ThreadPoolExecutor.java:1149)
	at java.util.concurrent.ThreadPoolExecutor$Worker.run(ThreadPoolExecutor.java:624)
	... 1 more
2022-08-18 03:46:46,405 [grpc-default-executor-0] INFO  leader.FollowerInfo (FollowerInfoImpl.java:lambda$new$0(48)) - s1@group-D128CC958ABE->s2: nextIndex: updateUnconditionally 48 -> 47
2022-08-18 03:46:46,406 [grpc-default-executor-17] WARN  server.GrpcLogAppender (LogUtils.java:warn(124)) - s1@group-D128CC958ABE->s0-AppendLogResponseHandler: Failed appendEntries
org.apache.ratis.server.raftlog.RaftLogIOException: Log already failed at index 33 for task WriteLog:33: (t:2, i:33), STATEMACHINELOGENTRY, StateMachineLogEntryProto:392@client-B329CB6A0B7E
	at org.apache.ratis.server.raftlog.segmented.SegmentedRaftLogWorker.run(SegmentedRaftLogWorker.java:331)
	at java.lang.Thread.run(Thread.java:750)
Caused by: java.io.IOException: java.lang.IllegalStateException: Null stream: entry=term: 2
index: 33
stateMachineLogEntry {
  type: DATASTREAM
  clientId: "\237n\223\326\222\017C\341\254G\263)\313j\v~"
  callId: 392
}

	at org.apache.ratis.util.IOUtils.asIOException(IOUtils.java:56)
	at org.apache.ratis.util.IOUtils.toIOException(IOUtils.java:61)
	at org.apache.ratis.util.IOUtils.getFromFuture(IOUtils.java:85)
	at org.apache.ratis.server.raftlog.segmented.SegmentedRaftLogWorker$StateMachineDataPolicy.getFromFuture(SegmentedRaftLogWorker.java:90)
	at org.apache.ratis.server.raftlog.segmented.SegmentedRaftLogWorker$WriteLog.execute(SegmentedRaftLogWorker.java:561)
	at org.apache.ratis.server.raftlog.segmented.SegmentedRaftLogWorker.run(SegmentedRaftLogWorker.java:319)
	... 1 more
Caused by: java.lang.IllegalStateException: Null stream: entry=term: 2
index: 33
stateMachineLogEntry {
  type: DATASTREAM
  clientId: "\237n\223\326\222\017C\341\254G\263)\313j\v~"
  callId: 392
}

	at org.apache.ratis.datastream.DataStreamTestUtils$MultiDataStreamStateMachine.link(DataStreamTestUtils.java:159)
	at org.apache.ratis.server.raftlog.segmented.SegmentedRaftLogWorker$WriteLog.<init>(SegmentedRaftLogWorker.java:518)
	at org.apache.ratis.server.raftlog.segmented.SegmentedRaftLogWorker.writeLogEntry(SegmentedRaftLogWorker.java:464)
	at org.apache.ratis.server.raftlog.segmented.SegmentedRaftLog.appendEntryImpl(SegmentedRaftLog.java:408)
	at org.apache.ratis.server.raftlog.RaftLogBase.lambda$appendEntry$10(RaftLogBase.java:330)
	at org.apache.ratis.server.raftlog.RaftLogSequentialOps$Runner.runSequentially(RaftLogSequentialOps.java:78)
	at org.apache.ratis.server.raftlog.RaftLogBase.appendEntry(RaftLogBase.java:330)
	at org.apache.ratis.server.raftlog.segmented.SegmentedRaftLog.appendImpl(SegmentedRaftLog.java:457)
	at org.apache.ratis.server.raftlog.RaftLogBase.lambda$append$11(RaftLogBase.java:337)
	at org.apache.ratis.server.raftlog.RaftLogSequentialOps$Runner.runSequentially(RaftLogSequentialOps.java:69)
	at org.apache.ratis.server.raftlog.RaftLogBase.append(RaftLogBase.java:337)
	at org.apache.ratis.server.impl.RaftServerImpl.appendEntriesAsync(RaftServerImpl.java:1403)
	at org.apache.ratis.server.impl.RaftServerImpl.appendEntriesAsync(RaftServerImpl.java:1289)
	at org.apache.ratis.server.impl.RaftServerProxy.lambda$null$25(RaftServerProxy.java:624)
	at org.apache.ratis.util.JavaUtils.callAsUnchecked(JavaUtils.java:115)
	at org.apache.ratis.server.impl.RaftServerImpl.lambda$executeSubmitServerRequestAsync$11(RaftServerImpl.java:789)
	at java.util.concurrent.CompletableFuture$AsyncSupply.run(CompletableFuture.java:1604)
	at java.util.concurrent.ThreadPoolExecutor.runWorker(ThreadPoolExecutor.java:1149)
	at java.util.concurrent.ThreadPoolExecutor$Worker.run(ThreadPoolExecutor.java:624)
	... 1 more
2022-08-18 03:46:46,407 [grpc-default-executor-17] INFO  leader.FollowerInfo (FollowerInfoImpl.java:lambda$new$0(48)) - s1@group-D128CC958ABE->s0: nextIndex: updateUnconditionally 48 -> 47
2022-08-18 03:46:52,296 [timer3] WARN  grpc.GrpcUtil (GrpcUtil.java:shutdownManagedChannel(216)) - Timed out gracefully shutting down connection: ManagedChannelOrphanWrapper{delegate=ManagedChannelImpl{logId=1412, target=localhost:44149}}. 
2022-08-18 03:46:52,396 [timer7] WARN  grpc.GrpcUtil (GrpcUtil.java:shutdownManagedChannel(216)) - Timed out gracefully shutting down connection: ManagedChannelOrphanWrapper{delegate=ManagedChannelImpl{logId=1426, target=localhost:44149}}. 
2022-08-18 03:46:55,463 [Timer-2] INFO  impl.MiniRaftCluster (MiniRaftCluster.java:lambda$null$6(346)) - TIMED-PRINT: printing ALL groups
  s0:  RUNNING  FOLLOWER s0@group-D128CC958ABE:t2, leader=s1, voted=s1, raftlog=Memoized:s0@group-D128CC958ABE-SegmentedRaftLog:OPENED:c32, conf=31: peers:[s0|rpc:localhost:43041|admin:localhost:41627|client:localhost:41753|dataStream:localhost:43729|priority:0|startupRole:FOLLOWER, s1|rpc:localhost:46505|admin:localhost:41383|client:localhost:44149|dataStream:localhost:34715|priority:0|startupRole:FOLLOWER, s2|rpc:localhost:33579|admin:localhost:36665|client:localhost:36785|dataStream:localhost:46131|priority:0|startupRole:FOLLOWER]|listeners:[], old=null RUNNING
  s1:  RUNNING    LEADER s1@group-D128CC958ABE:t2, leader=s1, voted=s1, raftlog=Memoized:s1@group-D128CC958ABE-SegmentedRaftLog:OPENED:c32, conf=31: peers:[s0|rpc:localhost:43041|admin:localhost:41627|client:localhost:41753|dataStream:localhost:43729|priority:0|startupRole:FOLLOWER, s1|rpc:localhost:46505|admin:localhost:41383|client:localhost:44149|dataStream:localhost:34715|priority:0|startupRole:FOLLOWER, s2|rpc:localhost:33579|admin:localhost:36665|client:localhost:36785|dataStream:localhost:46131|priority:0|startupRole:FOLLOWER]|listeners:[], old=null RUNNING
  s2:  RUNNING  FOLLOWER s2@group-D128CC958ABE:t2, leader=s1, voted=s1, raftlog=Memoized:s2@group-D128CC958ABE-SegmentedRaftLog:OPENED:c32, conf=31: peers:[s0|rpc:localhost:43041|admin:localhost:41627|client:localhost:41753|dataStream:localhost:43729|priority:0|startupRole:FOLLOWER, s1|rpc:localhost:46505|admin:localhost:41383|client:localhost:44149|dataStream:localhost:34715|priority:0|startupRole:FOLLOWER, s2|rpc:localhost:33579|admin:localhost:36665|client:localhost:36785|dataStream:localhost:46131|priority:0|startupRole:FOLLOWER]|listeners:[], old=null RUNNING
2022-08-18 03:46:58,412 [timer2] WARN  grpc.GrpcUtil (GrpcUtil.java:shutdownManagedChannel(216)) - Timed out gracefully shutting down connection: ManagedChannelOrphanWrapper{delegate=ManagedChannelImpl{logId=1440, target=localhost:44149}}. 
2022-08-18 03:46:58,513 [timer5] WARN  grpc.GrpcUtil (GrpcUtil.java:shutdownManagedChannel(216)) - Timed out gracefully shutting down connection: ManagedChannelOrphanWrapper{delegate=ManagedChannelImpl{logId=1454, target=localhost:44149}}. 
2022-08-18 03:47:04,527 [timer4] WARN  grpc.GrpcUtil (GrpcUtil.java:shutdownManagedChannel(216)) - Timed out gracefully shutting down connection: ManagedChannelOrphanWrapper{delegate=ManagedChannelImpl{logId=1468, target=localhost:44149}}. 
2022-08-18 03:47:04,625 [timer3] WARN  grpc.GrpcUtil (GrpcUtil.java:shutdownManagedChannel(216)) - Timed out gracefully shutting down connection: ManagedChannelOrphanWrapper{delegate=ManagedChannelImpl{logId=1482, target=localhost:44149}}. 
2022-08-18 03:47:05,463 [Timer-2] INFO  impl.MiniRaftCluster (MiniRaftCluster.java:lambda$null$6(346)) - TIMED-PRINT: printing ALL groups
  s0:  RUNNING  FOLLOWER s0@group-D128CC958ABE:t2, leader=s1, voted=s1, raftlog=Memoized:s0@group-D128CC958ABE-SegmentedRaftLog:OPENED:c32, conf=31: peers:[s0|rpc:localhost:43041|admin:localhost:41627|client:localhost:41753|dataStream:localhost:43729|priority:0|startupRole:FOLLOWER, s1|rpc:localhost:46505|admin:localhost:41383|client:localhost:44149|dataStream:localhost:34715|priority:0|startupRole:FOLLOWER, s2|rpc:localhost:33579|admin:localhost:36665|client:localhost:36785|dataStream:localhost:46131|priority:0|startupRole:FOLLOWER]|listeners:[], old=null RUNNING
  s1:  RUNNING    LEADER s1@group-D128CC958ABE:t2, leader=s1, voted=s1, raftlog=Memoized:s1@group-D128CC958ABE-SegmentedRaftLog:OPENED:c32, conf=31: peers:[s0|rpc:localhost:43041|admin:localhost:41627|client:localhost:41753|dataStream:localhost:43729|priority:0|startupRole:FOLLOWER, s1|rpc:localhost:46505|admin:localhost:41383|client:localhost:44149|dataStream:localhost:34715|priority:0|startupRole:FOLLOWER, s2|rpc:localhost:33579|admin:localhost:36665|client:localhost:36785|dataStream:localhost:46131|priority:0|startupRole:FOLLOWER]|listeners:[], old=null RUNNING
  s2:  RUNNING  FOLLOWER s2@group-D128CC958ABE:t2, leader=s1, voted=s1, raftlog=Memoized:s2@group-D128CC958ABE-SegmentedRaftLog:OPENED:c32, conf=31: peers:[s0|rpc:localhost:43041|admin:localhost:41627|client:localhost:41753|dataStream:localhost:43729|priority:0|startupRole:FOLLOWER, s1|rpc:localhost:46505|admin:localhost:41383|client:localhost:44149|dataStream:localhost:34715|priority:0|startupRole:FOLLOWER, s2|rpc:localhost:33579|admin:localhost:36665|client:localhost:36785|dataStream:localhost:46131|priority:0|startupRole:FOLLOWER]|listeners:[], old=null RUNNING
2022-08-18 03:47:10,647 [timer2] WARN  grpc.GrpcUtil (GrpcUtil.java:shutdownManagedChannel(216)) - Timed out gracefully shutting down connection: ManagedChannelOrphanWrapper{delegate=ManagedChannelImpl{logId=1496, target=localhost:44149}}. 
2022-08-18 03:47:10,742 [timer5] WARN  grpc.GrpcUtil (GrpcUtil.java:shutdownManagedChannel(216)) - Timed out gracefully shutting down connection: ManagedChannelOrphanWrapper{delegate=ManagedChannelImpl{logId=1510, target=localhost:44149}}. 
2022-08-18 03:47:15,463 [Timer-2] INFO  impl.MiniRaftCluster (MiniRaftCluster.java:lambda$null$6(346)) - TIMED-PRINT: printing ALL groups
  s0:  RUNNING  FOLLOWER s0@group-D128CC958ABE:t2, leader=s1, voted=s1, raftlog=Memoized:s0@group-D128CC958ABE-SegmentedRaftLog:OPENED:c32, conf=31: peers:[s0|rpc:localhost:43041|admin:localhost:41627|client:localhost:41753|dataStream:localhost:43729|priority:0|startupRole:FOLLOWER, s1|rpc:localhost:46505|admin:localhost:41383|client:localhost:44149|dataStream:localhost:34715|priority:0|startupRole:FOLLOWER, s2|rpc:localhost:33579|admin:localhost:36665|client:localhost:36785|dataStream:localhost:46131|priority:0|startupRole:FOLLOWER]|listeners:[], old=null RUNNING
  s1:  RUNNING    LEADER s1@group-D128CC958ABE:t2, leader=s1, voted=s1, raftlog=Memoized:s1@group-D128CC958ABE-SegmentedRaftLog:OPENED:c32, conf=31: peers:[s0|rpc:localhost:43041|admin:localhost:41627|client:localhost:41753|dataStream:localhost:43729|priority:0|startupRole:FOLLOWER, s1|rpc:localhost:46505|admin:localhost:41383|client:localhost:44149|dataStream:localhost:34715|priority:0|startupRole:FOLLOWER, s2|rpc:localhost:33579|admin:localhost:36665|client:localhost:36785|dataStream:localhost:46131|priority:0|startupRole:FOLLOWER]|listeners:[], old=null RUNNING
  s2:  RUNNING  FOLLOWER s2@group-D128CC958ABE:t2, leader=s1, voted=s1, raftlog=Memoized:s2@group-D128CC958ABE-SegmentedRaftLog:OPENED:c32, conf=31: peers:[s0|rpc:localhost:43041|admin:localhost:41627|client:localhost:41753|dataStream:localhost:43729|priority:0|startupRole:FOLLOWER, s1|rpc:localhost:46505|admin:localhost:41383|client:localhost:44149|dataStream:localhost:34715|priority:0|startupRole:FOLLOWER, s2|rpc:localhost:33579|admin:localhost:36665|client:localhost:36785|dataStream:localhost:46131|priority:0|startupRole:FOLLOWER]|listeners:[], old=null RUNNING
2022-08-18 03:47:16,760 [timer4] WARN  grpc.GrpcUtil (GrpcUtil.java:shutdownManagedChannel(216)) - Timed out gracefully shutting down connection: ManagedChannelOrphanWrapper{delegate=ManagedChannelImpl{logId=1524, target=localhost:44149}}. 
2022-08-18 03:47:16,856 [timer3] WARN  grpc.GrpcUtil (GrpcUtil.java:shutdownManagedChannel(216)) - Timed out gracefully shutting down connection: ManagedChannelOrphanWrapper{delegate=ManagedChannelImpl{logId=1538, target=localhost:44149}}. 
2022-08-18 03:47:22,877 [timer2] WARN  grpc.GrpcUtil (GrpcUtil.java:shutdownManagedChannel(216)) - Timed out gracefully shutting down connection: ManagedChannelOrphanWrapper{delegate=ManagedChannelImpl{logId=1552, target=localhost:44149}}. 
2022-08-18 03:47:22,974 [timer5] WARN  grpc.GrpcUtil (GrpcUtil.java:shutdownManagedChannel(216)) - Timed out gracefully shutting down connection: ManagedChannelOrphanWrapper{delegate=ManagedChannelImpl{logId=1566, target=localhost:44149}}. 
2022-08-18 03:47:25,464 [Timer-2] INFO  impl.MiniRaftCluster (MiniRaftCluster.java:lambda$null$6(346)) - TIMED-PRINT: printing ALL groups
  s0:  RUNNING  FOLLOWER s0@group-D128CC958ABE:t2, leader=s1, voted=s1, raftlog=Memoized:s0@group-D128CC958ABE-SegmentedRaftLog:OPENED:c32, conf=31: peers:[s0|rpc:localhost:43041|admin:localhost:41627|client:localhost:41753|dataStream:localhost:43729|priority:0|startupRole:FOLLOWER, s1|rpc:localhost:46505|admin:localhost:41383|client:localhost:44149|dataStream:localhost:34715|priority:0|startupRole:FOLLOWER, s2|rpc:localhost:33579|admin:localhost:36665|client:localhost:36785|dataStream:localhost:46131|priority:0|startupRole:FOLLOWER]|listeners:[], old=null RUNNING
  s1:  RUNNING    LEADER s1@group-D128CC958ABE:t2, leader=s1, voted=s1, raftlog=Memoized:s1@group-D128CC958ABE-SegmentedRaftLog:OPENED:c32, conf=31: peers:[s0|rpc:localhost:43041|admin:localhost:41627|client:localhost:41753|dataStream:localhost:43729|priority:0|startupRole:FOLLOWER, s1|rpc:localhost:46505|admin:localhost:41383|client:localhost:44149|dataStream:localhost:34715|priority:0|startupRole:FOLLOWER, s2|rpc:localhost:33579|admin:localhost:36665|client:localhost:36785|dataStream:localhost:46131|priority:0|startupRole:FOLLOWER]|listeners:[], old=null RUNNING
  s2:  RUNNING  FOLLOWER s2@group-D128CC958ABE:t2, leader=s1, voted=s1, raftlog=Memoized:s2@group-D128CC958ABE-SegmentedRaftLog:OPENED:c32, conf=31: peers:[s0|rpc:localhost:43041|admin:localhost:41627|client:localhost:41753|dataStream:localhost:43729|priority:0|startupRole:FOLLOWER, s1|rpc:localhost:46505|admin:localhost:41383|client:localhost:44149|dataStream:localhost:34715|priority:0|startupRole:FOLLOWER, s2|rpc:localhost:33579|admin:localhost:36665|client:localhost:36785|dataStream:localhost:46131|priority:0|startupRole:FOLLOWER]|listeners:[], old=null RUNNING
2022-08-18 03:47:28,990 [timer4] WARN  grpc.GrpcUtil (GrpcUtil.java:shutdownManagedChannel(216)) - Timed out gracefully shutting down connection: ManagedChannelOrphanWrapper{delegate=ManagedChannelImpl{logId=1580, target=localhost:44149}}. 
2022-08-18 03:47:29,092 [timer3] WARN  grpc.GrpcUtil (GrpcUtil.java:shutdownManagedChannel(216)) - Timed out gracefully shutting down connection: ManagedChannelOrphanWrapper{delegate=ManagedChannelImpl{logId=1594, target=localhost:44149}}. 
2022-08-18 03:47:35,107 [timer2] WARN  grpc.GrpcUtil (GrpcUtil.java:shutdownManagedChannel(216)) - Timed out gracefully shutting down connection: ManagedChannelOrphanWrapper{delegate=ManagedChannelImpl{logId=1608, target=localhost:44149}}. 
2022-08-18 03:47:35,206 [timer5] WARN  grpc.GrpcUtil (GrpcUtil.java:shutdownManagedChannel(216)) - Timed out gracefully shutting down connection: ManagedChannelOrphanWrapper{delegate=ManagedChannelImpl{logId=1622, target=localhost:44149}}. 
]]></system-out>
    <system-err><![CDATA[Aug 18, 2022 3:42:38 AM org.apache.ratis.thirdparty.io.grpc.internal.SerializingExecutor run
SEVERE: Exception while executing runnable org.apache.ratis.thirdparty.io.grpc.internal.ServerImpl$JumpToApplicationThreadServerStreamListener$1HalfClosed@79ceed2e
java.lang.IllegalStateException: Entry not found for key 1 in map OrderedStreamObservers
	at org.apache.ratis.util.Preconditions.assertTrue(Preconditions.java:72)
	at org.apache.ratis.util.CollectionUtils.removeExisting(CollectionUtils.java:130)
	at org.apache.ratis.grpc.server.GrpcClientProtocolService$OrderedStreamObservers.removeExisting(GrpcClientProtocolService.java:115)
	at org.apache.ratis.grpc.server.GrpcClientProtocolService$OrderedRequestStreamObserver.cleanup(GrpcClientProtocolService.java:395)
	at org.apache.ratis.grpc.server.GrpcClientProtocolService$OrderedRequestStreamObserver.close(GrpcClientProtocolService.java:389)
	at org.apache.ratis.grpc.server.GrpcClientProtocolService$OrderedRequestStreamObserver.onCompleted(GrpcClientProtocolService.java:379)
	at org.apache.ratis.thirdparty.io.grpc.stub.ServerCalls$StreamingServerCallHandler$StreamingServerCallListener.onHalfClose(ServerCalls.java:273)
	at org.apache.ratis.thirdparty.io.grpc.PartialForwardingServerCallListener.onHalfClose(PartialForwardingServerCallListener.java:35)
	at org.apache.ratis.thirdparty.io.grpc.ForwardingServerCallListener.onHalfClose(ForwardingServerCallListener.java:23)
	at org.apache.ratis.thirdparty.io.grpc.internal.ServerCallImpl$ServerStreamListenerImpl.halfClosed(ServerCallImpl.java:340)
	at org.apache.ratis.thirdparty.io.grpc.internal.ServerImpl$JumpToApplicationThreadServerStreamListener$1HalfClosed.runInContext(ServerImpl.java:866)
	at org.apache.ratis.thirdparty.io.grpc.internal.ContextRunnable.run(ContextRunnable.java:37)
	at org.apache.ratis.thirdparty.io.grpc.internal.SerializingExecutor.run(SerializingExecutor.java:133)
	at java.util.concurrent.ThreadPoolExecutor.runWorker(ThreadPoolExecutor.java:1149)
	at java.util.concurrent.ThreadPoolExecutor$Worker.run(ThreadPoolExecutor.java:624)
	at java.lang.Thread.run(Thread.java:750)

]]></system-err>
  </testcase>
  <testcase name="testStreamWrites" classname="org.apache.ratis.datastream.TestNettyDataStreamStarTopologyWithGrpcCluster" time="2.876"/>
</testsuite>