<?xml version="1.0" encoding="UTF-8"?>
<testsuite xmlns:xsi="http://www.w3.org/2001/XMLSchema-instance" xsi:noNamespaceSchemaLocation="https://maven.apache.org/surefire/maven-surefire-plugin/xsd/surefire-test-report.xsd" name="org.apache.ratis.grpc.TestLeaderInstallSnapshot" time="12.547" tests="4" errors="0" skipped="0" failures="1">
  <properties>
    <property name="awt.toolkit" value="sun.awt.X11.XToolkit"/>
    <property name="java.specification.version" value="11"/>
    <property name="sun.cpu.isalist" value=""/>
    <property name="sun.jnu.encoding" value="UTF-8"/>
    <property name="java.class.path" value="/home/runner/work/ratis/ratis/ratis-test/target/test-classes:/home/runner/work/ratis/ratis/ratis-test/target/classes:/home/runner/work/ratis/ratis/ratis-common/target/classes:/home/runner/.m2/repository/org/apache/ratis/ratis-thirdparty-misc/1.0.3/ratis-thirdparty-misc-1.0.3.jar:/home/runner/work/ratis/ratis/ratis-proto/target/ratis-proto-3.0.0-SNAPSHOT.jar:/home/runner/work/ratis/ratis/ratis-common/target/test-classes:/home/runner/work/ratis/ratis/ratis-client/target/classes:/home/runner/work/ratis/ratis/ratis-server/target/classes:/home/runner/work/ratis/ratis/ratis-server-api/target/classes:/home/runner/work/ratis/ratis/ratis-metrics-api/target/classes:/home/runner/work/ratis/ratis/ratis-server/target/test-classes:/home/runner/work/ratis/ratis/ratis-metrics-default/target/classes:/home/runner/work/ratis/ratis/ratis-netty/target/classes:/home/runner/work/ratis/ratis/ratis-netty/target/test-classes:/home/runner/work/ratis/ratis/ratis-grpc/target/classes:/home/runner/work/ratis/ratis/ratis-grpc/target/test-classes:/home/runner/work/ratis/ratis/ratis-shell/target/classes:/home/runner/.m2/repository/commons-cli/commons-cli/1.5.0/commons-cli-1.5.0.jar:/home/runner/.m2/repository/org/reflections/reflections/0.10.2/reflections-0.10.2.jar:/home/runner/.m2/repository/org/javassist/javassist/3.28.0-GA/javassist-3.28.0-GA.jar:/home/runner/.m2/repository/com/google/code/findbugs/jsr305/3.0.2/jsr305-3.0.2.jar:/home/runner/.m2/repository/org/bouncycastle/bcprov-jdk15on/1.70/bcprov-jdk15on-1.70.jar:/home/runner/.m2/repository/org/bouncycastle/bcpkix-jdk15on/1.70/bcpkix-jdk15on-1.70.jar:/home/runner/.m2/repository/org/bouncycastle/bcutil-jdk15on/1.70/bcutil-jdk15on-1.70.jar:/home/runner/.m2/repository/org/slf4j/slf4j-api/1.7.29/slf4j-api-1.7.29.jar:/home/runner/.m2/repository/org/slf4j/slf4j-log4j12/1.7.29/slf4j-log4j12-1.7.29.jar:/home/runner/.m2/repository/log4j/log4j/1.2.17/log4j-1.2.17.jar:/home/runner/.m2/repository/junit/junit/4.13.2/junit-4.13.2.jar:/home/runner/.m2/repository/org/hamcrest/hamcrest-core/1.3/hamcrest-core-1.3.jar:/home/runner/.m2/repository/org/mockito/mockito-core/4.3.1/mockito-core-4.3.1.jar:/home/runner/.m2/repository/net/bytebuddy/byte-buddy/1.12.7/byte-buddy-1.12.7.jar:/home/runner/.m2/repository/net/bytebuddy/byte-buddy-agent/1.12.7/byte-buddy-agent-1.12.7.jar:/home/runner/.m2/repository/org/objenesis/objenesis/3.2/objenesis-3.2.jar:"/>
    <property name="java.vm.vendor" value="Eclipse Adoptium"/>
    <property name="sun.arch.data.model" value="64"/>
    <property name="java.vendor.url" value="https://adoptium.net/"/>
    <property name="user.timezone" value=""/>
    <property name="java.vm.specification.version" value="11"/>
    <property name="os.name" value="Linux"/>
    <property name="sun.java.launcher" value="SUN_STANDARD"/>
    <property name="sun.boot.library.path" value="/usr/lib/jvm/temurin-11-jdk-amd64/lib"/>
    <property name="sun.java.command" value="/home/runner/work/ratis/ratis/ratis-test/target/surefire/surefirebooter8310144225551048760.jar /home/runner/work/ratis/ratis/ratis-test/target/surefire 2023-01-06T13-30-17_450-jvmRun1 surefire195909357329671150tmp surefire_916893993976993904921tmp"/>
    <property name="jdk.debug" value="release"/>
    <property name="surefire.test.class.path" value="/home/runner/work/ratis/ratis/ratis-test/target/test-classes:/home/runner/work/ratis/ratis/ratis-test/target/classes:/home/runner/work/ratis/ratis/ratis-common/target/classes:/home/runner/.m2/repository/org/apache/ratis/ratis-thirdparty-misc/1.0.3/ratis-thirdparty-misc-1.0.3.jar:/home/runner/work/ratis/ratis/ratis-proto/target/ratis-proto-3.0.0-SNAPSHOT.jar:/home/runner/work/ratis/ratis/ratis-common/target/test-classes:/home/runner/work/ratis/ratis/ratis-client/target/classes:/home/runner/work/ratis/ratis/ratis-server/target/classes:/home/runner/work/ratis/ratis/ratis-server-api/target/classes:/home/runner/work/ratis/ratis/ratis-metrics-api/target/classes:/home/runner/work/ratis/ratis/ratis-server/target/test-classes:/home/runner/work/ratis/ratis/ratis-metrics-default/target/classes:/home/runner/work/ratis/ratis/ratis-netty/target/classes:/home/runner/work/ratis/ratis/ratis-netty/target/test-classes:/home/runner/work/ratis/ratis/ratis-grpc/target/classes:/home/runner/work/ratis/ratis/ratis-grpc/target/test-classes:/home/runner/work/ratis/ratis/ratis-shell/target/classes:/home/runner/.m2/repository/commons-cli/commons-cli/1.5.0/commons-cli-1.5.0.jar:/home/runner/.m2/repository/org/reflections/reflections/0.10.2/reflections-0.10.2.jar:/home/runner/.m2/repository/org/javassist/javassist/3.28.0-GA/javassist-3.28.0-GA.jar:/home/runner/.m2/repository/com/google/code/findbugs/jsr305/3.0.2/jsr305-3.0.2.jar:/home/runner/.m2/repository/org/bouncycastle/bcprov-jdk15on/1.70/bcprov-jdk15on-1.70.jar:/home/runner/.m2/repository/org/bouncycastle/bcpkix-jdk15on/1.70/bcpkix-jdk15on-1.70.jar:/home/runner/.m2/repository/org/bouncycastle/bcutil-jdk15on/1.70/bcutil-jdk15on-1.70.jar:/home/runner/.m2/repository/org/slf4j/slf4j-api/1.7.29/slf4j-api-1.7.29.jar:/home/runner/.m2/repository/org/slf4j/slf4j-log4j12/1.7.29/slf4j-log4j12-1.7.29.jar:/home/runner/.m2/repository/log4j/log4j/1.2.17/log4j-1.2.17.jar:/home/runner/.m2/repository/junit/junit/4.13.2/junit-4.13.2.jar:/home/runner/.m2/repository/org/hamcrest/hamcrest-core/1.3/hamcrest-core-1.3.jar:/home/runner/.m2/repository/org/mockito/mockito-core/4.3.1/mockito-core-4.3.1.jar:/home/runner/.m2/repository/net/bytebuddy/byte-buddy/1.12.7/byte-buddy-1.12.7.jar:/home/runner/.m2/repository/net/bytebuddy/byte-buddy-agent/1.12.7/byte-buddy-agent-1.12.7.jar:/home/runner/.m2/repository/org/objenesis/objenesis/3.2/objenesis-3.2.jar:"/>
    <property name="sun.cpu.endian" value="little"/>
    <property name="user.home" value="/home/runner"/>
    <property name="user.language" value="en"/>
    <property name="java.specification.vendor" value="Oracle Corporation"/>
    <property name="java.version.date" value="2022-10-18"/>
    <property name="java.home" value="/usr/lib/jvm/temurin-11-jdk-amd64"/>
    <property name="file.separator" value="/"/>
    <property name="basedir" value="/home/runner/work/ratis/ratis/ratis-test"/>
    <property name="java.vm.compressedOopsMode" value="32-bit"/>
    <property name="line.separator" value="&#10;"/>
    <property name="java.specification.name" value="Java Platform API Specification"/>
    <property name="java.vm.specification.vendor" value="Oracle Corporation"/>
    <property name="java.awt.graphicsenv" value="sun.awt.X11GraphicsEnvironment"/>
    <property name="surefire.real.class.path" value="/home/runner/work/ratis/ratis/ratis-test/target/surefire/surefirebooter8310144225551048760.jar"/>
    <property name="sun.management.compiler" value="HotSpot 64-Bit Tiered Compilers"/>
    <property name="java.runtime.version" value="11.0.17+8"/>
    <property name="user.name" value="runner"/>
    <property name="java.net.preferIPv4Stack" value="true"/>
    <property name="path.separator" value=":"/>
    <property name="os.version" value="5.15.0-1023-azure"/>
    <property name="java.runtime.name" value="OpenJDK Runtime Environment"/>
    <property name="file.encoding" value="UTF-8"/>
    <property name="java.vm.name" value="OpenJDK 64-Bit Server VM"/>
    <property name="java.vendor.version" value="Temurin-11.0.17+8"/>
    <property name="localRepository" value="/home/runner/.m2/repository"/>
    <property name="java.vendor.url.bug" value="https://github.com/adoptium/adoptium-support/issues"/>
    <property name="java.io.tmpdir" value="/tmp"/>
    <property name="java.version" value="11.0.17"/>
    <property name="user.dir" value="/home/runner/work/ratis/ratis/ratis-test"/>
    <property name="os.arch" value="amd64"/>
    <property name="ratis.tmp.dir" value="/home/runner/work/ratis/ratis/ratis-test/target/tmp"/>
    <property name="java.vm.specification.name" value="Java Virtual Machine Specification"/>
    <property name="java.awt.printerjob" value="sun.print.PSPrinterJob"/>
    <property name="ratis.log.dir" value="/home/runner/work/ratis/ratis/ratis-test/target/log"/>
    <property name="sun.os.patch.level" value="unknown"/>
    <property name="java.library.path" value="/usr/java/packages/lib:/usr/lib64:/lib64:/lib:/usr/lib"/>
    <property name="java.vm.info" value="mixed mode"/>
    <property name="java.vendor" value="Eclipse Adoptium"/>
    <property name="java.vm.version" value="11.0.17+8"/>
    <property name="sun.io.unicode.encoding" value="UnicodeLittle"/>
    <property name="java.class.version" value="55.0"/>
  </properties>
  <testcase name="testMultiFileInstallSnapshot[0]" classname="org.apache.ratis.grpc.TestLeaderInstallSnapshot" time="3.33"/>
  <testcase name="testSeparateSnapshotInstallPath[0]" classname="org.apache.ratis.grpc.TestLeaderInstallSnapshot" time="1.257"/>
  <testcase name="testMultiFileInstallSnapshot[1]" classname="org.apache.ratis.grpc.TestLeaderInstallSnapshot" time="6.358">
    <failure type="java.lang.AssertionError">java.lang.AssertionError
	at org.junit.Assert.fail(Assert.java:87)
	at org.junit.Assert.assertTrue(Assert.java:42)
	at org.junit.Assert.assertNotNull(Assert.java:713)
	at org.junit.Assert.assertNotNull(Assert.java:723)
	at org.apache.ratis.InstallSnapshotFromLeaderTests.testMultiFileInstallSnapshot(InstallSnapshotFromLeaderTests.java:121)
	at org.apache.ratis.server.impl.MiniRaftCluster$Factory$Get.runWithNewCluster(MiniRaftCluster.java:141)
	at org.apache.ratis.server.impl.MiniRaftCluster$Factory$Get.runWithNewCluster(MiniRaftCluster.java:121)
	at org.apache.ratis.InstallSnapshotFromLeaderTests.testMultiFileInstallSnapshot(InstallSnapshotFromLeaderTests.java:79)
	at java.base/jdk.internal.reflect.NativeMethodAccessorImpl.invoke0(Native Method)
	at java.base/jdk.internal.reflect.NativeMethodAccessorImpl.invoke(NativeMethodAccessorImpl.java:62)
	at java.base/jdk.internal.reflect.DelegatingMethodAccessorImpl.invoke(DelegatingMethodAccessorImpl.java:43)
	at java.base/java.lang.reflect.Method.invoke(Method.java:566)
	at org.junit.runners.model.FrameworkMethod$1.runReflectiveCall(FrameworkMethod.java:59)
	at org.junit.internal.runners.model.ReflectiveCallable.run(ReflectiveCallable.java:12)
	at org.junit.runners.model.FrameworkMethod.invokeExplosively(FrameworkMethod.java:56)
	at org.junit.internal.runners.statements.InvokeMethod.evaluate(InvokeMethod.java:17)
	at org.junit.internal.runners.statements.RunAfters.evaluate(RunAfters.java:27)
	at org.junit.internal.runners.statements.FailOnTimeout$CallableStatement.call(FailOnTimeout.java:299)
	at org.junit.internal.runners.statements.FailOnTimeout$CallableStatement.call(FailOnTimeout.java:293)
	at java.base/java.util.concurrent.FutureTask.run(FutureTask.java:264)
	at java.base/java.lang.Thread.run(Thread.java:829)
</failure>
    <system-out><![CDATA[2023-01-06 13:35:08,574 [main] INFO  util.LogUtils (Slf4jUtils.java:setLogLevel(38)) - Successfully set org.apache.ratis.conf.ConfUtils log level to WARN
2023-01-06 13:35:08,575 [main] INFO  util.LogUtils (Slf4jUtils.java:setLogLevel(38)) - Successfully set org.apache.ratis.util.FileUtils log level to TRACE
2023-01-06 13:35:08,578 [Time-limited test] INFO  impl.MiniRaftCluster (MiniRaftCluster.java:runWithNewCluster(135)) - Running runWithNewCluster
2023-01-06 13:35:08,579 [Time-limited test] INFO  impl.MiniRaftCluster (MiniRaftCluster.java:<init>(306)) - new MiniRaftClusterWithGrpc with group-44EE5813AB9E:[s0|rpc:localhost:46411|admin:localhost:35547|client:localhost:42705|dataStream:localhost:45011|priority:0|startupRole:FOLLOWER]
2023-01-06 13:35:08,579 [Time-limited test] INFO  impl.MiniRaftCluster (MiniRaftCluster.java:start(339)) - .............................................................. 
2023-01-06 13:35:08,579 [Time-limited test] INFO  impl.MiniRaftCluster (MiniRaftCluster.java:start(340)) - ... 
2023-01-06 13:35:08,579 [Time-limited test] INFO  impl.MiniRaftCluster (MiniRaftCluster.java:start(341)) - ...     Starting MiniRaftClusterWithGrpc
2023-01-06 13:35:08,579 [Time-limited test] INFO  impl.MiniRaftCluster (MiniRaftCluster.java:start(342)) - ... 
2023-01-06 13:35:08,579 [Time-limited test] INFO  impl.MiniRaftCluster (MiniRaftCluster.java:start(343)) - .............................................................. 
2023-01-06 13:35:08,579 [Time-limited test] INFO  impl.MiniRaftCluster (MiniRaftCluster.java:initServers(318)) - servers = {}
2023-01-06 13:35:08,579 [Time-limited test] INFO  impl.MiniRaftCluster (MiniRaftCluster.java:newRaftServer(382)) - newRaftServer: s0, group-44EE5813AB9E:[s0|rpc:localhost:46411|admin:localhost:35547|client:localhost:42705|dataStream:localhost:45011|priority:0|startupRole:FOLLOWER], format? true
2023-01-06 13:35:08,579 [Time-limited test] TRACE util.FileUtils (FileUtils.java:deleteFully(201)) - deleteFully target/test/data/d56066fe/MiniRaftClusterWithGrpc3bc8e3e1/s0
2023-01-06 13:35:08,579 [Time-limited test] TRACE util.FileUtils (FileUtils.java:deleteFully(217)) - deleteFully: target/test/data/d56066fe/MiniRaftClusterWithGrpc3bc8e3e1/s0 does not exist.
2023-01-06 13:35:08,580 [Time-limited test] INFO  impl.MiniRaftCluster (MiniRaftCluster.java:newRaftServer(387)) - Formatted directory target/test/data/d56066fe/MiniRaftClusterWithGrpc3bc8e3e1/s0
2023-01-06 13:35:08,580 [Time-limited test] INFO  server.RaftServer (ConfUtils.java:logGet(46)) - raft.rpc.type = GRPC (default)
2023-01-06 13:35:08,580 [Time-limited test] INFO  grpc.GrpcConfigKeys (ConfUtils.java:logFallback(53)) - raft.grpc.admin.host = null (fallback to raft.grpc.server.host)
2023-01-06 13:35:08,580 [Time-limited test] INFO  grpc.GrpcConfigKeys (ConfUtils.java:logGet(46)) - raft.grpc.admin.port = 35547 (custom)
2023-01-06 13:35:08,580 [Time-limited test] INFO  grpc.GrpcConfigKeys (ConfUtils.java:logFallback(53)) - raft.grpc.client.host = null (fallback to raft.grpc.server.host)
2023-01-06 13:35:08,580 [Time-limited test] INFO  grpc.GrpcConfigKeys (ConfUtils.java:logGet(46)) - raft.grpc.client.port = 42705 (custom)
2023-01-06 13:35:08,580 [Time-limited test] INFO  grpc.GrpcConfigKeys (ConfUtils.java:logGet(46)) - raft.grpc.server.host = null (default)
2023-01-06 13:35:08,580 [Time-limited test] INFO  grpc.GrpcConfigKeys (ConfUtils.java:logGet(46)) - raft.grpc.server.port = 46411 (custom)
2023-01-06 13:35:08,580 [Time-limited test] INFO  server.GrpcService (ConfUtils.java:logGet(46)) - raft.grpc.message.size.max = 64MB (=67108864) (default)
2023-01-06 13:35:08,580 [Time-limited test] INFO  server.RaftServerConfigKeys (ConfUtils.java:logGet(46)) - raft.server.log.appender.buffer.byte-limit = 4MB (=4194304) (default)
2023-01-06 13:35:08,581 [Time-limited test] INFO  server.GrpcService (ConfUtils.java:logGet(46)) - raft.grpc.flow.control.window = 1MB (=1048576) (default)
2023-01-06 13:35:08,581 [Time-limited test] INFO  server.RaftServerConfigKeys (ConfUtils.java:logGet(46)) - raft.server.rpc.request.timeout = 3000ms (default)
2023-01-06 13:35:08,581 [Time-limited test] INFO  grpc.GrpcConfigKeys (ConfUtils.java:logGet(46)) - raft.grpc.server.heartbeat.channel = true (default)
2023-01-06 13:35:08,581 [Time-limited test] INFO  grpc.GrpcConfigKeys (ConfUtils.java:logGet(46)) - raft.grpc.server.async.request.thread.pool.cached = true (default)
2023-01-06 13:35:08,581 [Time-limited test] INFO  grpc.GrpcConfigKeys (ConfUtils.java:logGet(46)) - raft.grpc.server.async.request.thread.pool.size = 32 (default)
2023-01-06 13:35:08,582 [Time-limited test] INFO  impl.DataStreamServerImpl (ConfUtils.java:logGet(46)) - raft.datastream.type = DISABLED (default)
2023-01-06 13:35:08,582 [Time-limited test] INFO  server.RaftServerConfigKeys (ConfUtils.java:logGet(46)) - raft.server.threadpool.proxy.cached = true (default)
2023-01-06 13:35:08,582 [Time-limited test] INFO  server.RaftServerConfigKeys (ConfUtils.java:logGet(46)) - raft.server.threadpool.proxy.size = 0 (default)
2023-01-06 13:35:08,582 [Time-limited test] INFO  server.RaftServerConfigKeys (ConfUtils.java:logGet(46)) - raft.server.rpc.slowness.timeout = 60s (default)
2023-01-06 13:35:08,582 [Time-limited test] INFO  server.RaftServerConfigKeys (ConfUtils.java:logGet(46)) - raft.server.leaderelection.leader.step-down.wait-time = 10s (default)
2023-01-06 13:35:08,583 [Time-limited test] INFO  server.RaftServerConfigKeys (ConfUtils.java:logGet(46)) - raft.server.storage.dir = [/home/runner/work/ratis/ratis/ratis-test/target/test/data/d56066fe/MiniRaftClusterWithGrpc3bc8e3e1/s0] (custom)
2023-01-06 13:35:08,583 [Time-limited test] INFO  server.RaftServer (RaftServerProxy.java:addNew(99)) - s0: addNew group-44EE5813AB9E:[s0|rpc:localhost:46411|admin:localhost:35547|client:localhost:42705|dataStream:localhost:45011|priority:0|startupRole:FOLLOWER] returns group-44EE5813AB9E:java.util.concurrent.CompletableFuture@461e6560[Not completed]
2023-01-06 13:35:08,583 [pool-9-thread-1] INFO  server.RaftServerConfigKeys (ConfUtils.java:logGet(46)) - raft.server.log.segment.size.max = 8MB (=8388608) (default)
2023-01-06 13:35:08,583 [pool-9-thread-1] INFO  server.RaftServerConfigKeys (ConfUtils.java:logGet(46)) - raft.server.log.preallocated.size = 4MB (=4194304) (default)
2023-01-06 13:35:08,584 [pool-9-thread-1] INFO  server.RaftServerConfigKeys (ConfUtils.java:logGet(46)) - raft.server.log.write.buffer.size = 64KB (=65536) (default)
2023-01-06 13:35:08,584 [pool-9-thread-1] INFO  server.RaftServer$Division (RaftServerImpl.java:<init>(198)) - s0: new RaftServerImpl for group-44EE5813AB9E:[s0|rpc:localhost:46411|admin:localhost:35547|client:localhost:42705|dataStream:localhost:45011|priority:0|startupRole:FOLLOWER] with StateMachineWithMultiNestedSnapshotFile:uninitialized
2023-01-06 13:35:08,584 [pool-9-thread-1] INFO  server.RaftServerConfigKeys (ConfUtils.java:logGet(46)) - raft.server.rpc.timeout.min = 150ms (default)
2023-01-06 13:35:08,584 [pool-9-thread-1] INFO  server.RaftServerConfigKeys (ConfUtils.java:logGet(46)) - raft.server.rpc.timeout.max = 300ms (default)
2023-01-06 13:35:08,584 [pool-9-thread-1] INFO  server.RaftServerConfigKeys (ConfUtils.java:logGet(46)) - raft.server.rpc.sleep.time = 25ms (default)
2023-01-06 13:35:08,584 [pool-9-thread-1] INFO  server.RaftServerConfigKeys (ConfUtils.java:logGet(46)) - raft.server.rpc.slowness.timeout = 60s (default)
2023-01-06 13:35:08,584 [pool-9-thread-1] INFO  server.RaftServerConfigKeys (ConfUtils.java:logGet(46)) - raft.server.leaderelection.leader.step-down.wait-time = 10s (default)
2023-01-06 13:35:08,584 [pool-9-thread-1] INFO  server.RaftServerConfigKeys (ConfUtils.java:logGet(46)) - raft.server.sleep.deviation.threshold = 300ms (default)
2023-01-06 13:35:08,584 [pool-9-thread-1] INFO  server.RaftServer$Division (ServerState.java:<init>(113)) - s0@group-44EE5813AB9E: ConfigurationManager, init=-1: peers:[s0|rpc:localhost:46411|admin:localhost:35547|client:localhost:42705|dataStream:localhost:45011|priority:0|startupRole:FOLLOWER]|listeners:[], old=null, confs=<EMPTY_MAP>
2023-01-06 13:35:08,584 [pool-9-thread-1] INFO  server.RaftServerConfigKeys (ConfUtils.java:logGet(46)) - raft.server.notification.no-leader.timeout = 60s (default)
2023-01-06 13:35:08,584 [pool-9-thread-1] INFO  server.RaftServerConfigKeys (ConfUtils.java:logGet(46)) - raft.server.read.timeout = 10s (default)
2023-01-06 13:35:08,584 [pool-9-thread-1] INFO  server.RaftServerConfigKeys (ConfUtils.java:logGet(46)) - raft.server.retrycache.expirytime = 60s (default)
2023-01-06 13:35:08,584 [pool-9-thread-1] INFO  server.RaftServerConfigKeys (ConfUtils.java:logGet(46)) - raft.server.retrycache.statistics.expirytime = 100μs (default)
2023-01-06 13:35:08,584 [pool-9-thread-1] INFO  server.RaftServerConfigKeys (ConfUtils.java:logGet(46)) - raft.server.read.option = DEFAULT (default)
2023-01-06 13:35:08,585 [pool-9-thread-1] INFO  server.RaftServerConfigKeys (ConfUtils.java:logGet(46)) - raft.server.log.appender.install.snapshot.enabled = true (default)
2023-01-06 13:35:08,585 [pool-9-thread-1] INFO  server.RaftServerConfigKeys (ConfUtils.java:logGet(46)) - raft.server.threadpool.server.cached = true (default)
2023-01-06 13:35:08,585 [pool-9-thread-1] INFO  server.RaftServerConfigKeys (ConfUtils.java:logGet(46)) - raft.server.threadpool.server.size = 0 (default)
2023-01-06 13:35:08,585 [pool-9-thread-1] INFO  server.RaftServerConfigKeys (ConfUtils.java:logGet(46)) - raft.server.threadpool.client.cached = true (default)
2023-01-06 13:35:08,585 [pool-9-thread-1] INFO  server.RaftServerConfigKeys (ConfUtils.java:logGet(46)) - raft.server.threadpool.client.size = 0 (default)
2023-01-06 13:35:08,586 [s0-impl-thread1] INFO  server.RaftServerConfigKeys (ConfUtils.java:logGet(46)) - raft.server.storage.free-space.min = 0MB (=0) (default)
2023-01-06 13:35:08,586 [s0-impl-thread1] INFO  server.RaftServerConfigKeys (ConfUtils.java:logGet(46)) - raft.server.log.corruption.policy = EXCEPTION (default)
2023-01-06 13:35:08,586 [s0-impl-thread1] INFO  server.RaftServerConfigKeys (ConfUtils.java:logGet(46)) - raft.server.storage.dir = [/home/runner/work/ratis/ratis/ratis-test/target/test/data/d56066fe/MiniRaftClusterWithGrpc3bc8e3e1/s0] (custom)
2023-01-06 13:35:08,586 [s0-impl-thread1] INFO  storage.RaftStorageDirectory (RaftStorageDirectoryImpl.java:analyzeStorage(138)) - The storage directory /home/runner/work/ratis/ratis/ratis-test/target/test/data/d56066fe/MiniRaftClusterWithGrpc3bc8e3e1/s0/f5296d54-6f71-4491-948a-44ee5813ab9e does not exist. Creating ...
2023-01-06 13:35:08,586 [s0-impl-thread1] TRACE util.FileUtils (LogUtils.java:runAndLog(49)) - Successfully ran Files.createDirectories /home/runner/work/ratis/ratis/ratis-test/target/test/data/d56066fe/MiniRaftClusterWithGrpc3bc8e3e1/s0/f5296d54-6f71-4491-948a-44ee5813ab9e
2023-01-06 13:35:08,588 [s0-impl-thread1] INFO  storage.RaftStorageDirectory (RaftStorageDirectoryImpl.java:tryLock(232)) - Lock on /home/runner/work/ratis/ratis/ratis-test/target/test/data/d56066fe/MiniRaftClusterWithGrpc3bc8e3e1/s0/f5296d54-6f71-4491-948a-44ee5813ab9e/in_use.lock acquired by nodename 9439@fv-az200-218
2023-01-06 13:35:08,588 [s0-impl-thread1] TRACE util.FileUtils (LogUtils.java:runAndLog(49)) - Successfully ran Files.createDirectories /home/runner/work/ratis/ratis/ratis-test/target/test/data/d56066fe/MiniRaftClusterWithGrpc3bc8e3e1/s0/f5296d54-6f71-4491-948a-44ee5813ab9e/current
2023-01-06 13:35:08,588 [s0-impl-thread1] TRACE util.FileUtils (LogUtils.java:runAndLog(49)) - Successfully ran Files.createDirectories /home/runner/work/ratis/ratis/ratis-test/target/test/data/d56066fe/MiniRaftClusterWithGrpc3bc8e3e1/s0/f5296d54-6f71-4491-948a-44ee5813ab9e/sm
2023-01-06 13:35:08,589 [s0-impl-thread1] INFO  storage.RaftStorage (RaftStorageImpl.java:format(96)) - Storage directory /home/runner/work/ratis/ratis/ratis-test/target/test/data/d56066fe/MiniRaftClusterWithGrpc3bc8e3e1/s0/f5296d54-6f71-4491-948a-44ee5813ab9e has been successfully formatted.
2023-01-06 13:35:08,590 [s0-impl-thread1] INFO  impl.SimpleStateMachine4Testing (SimpleStateMachine4Testing.java:initialize(213)) - Initializing StateMachineWithMultiNestedSnapshotFile:uninitialized
2023-01-06 13:35:08,590 [s0-impl-thread1] INFO  impl.SimpleStateMachine4Testing (SimpleStateMachine4Testing.java:loadSnapshot(293)) - Loading snapshot null
2023-01-06 13:35:08,590 [s0-impl-thread1] INFO  server.RaftServerConfigKeys (ConfUtils.java:logGet(46)) - raft.server.log.use.memory = false (default)
2023-01-06 13:35:08,590 [s0-impl-thread1] INFO  server.RaftServerConfigKeys (ConfUtils.java:logGet(46)) - raft.server.log.purge.gap = 8 (custom)
2023-01-06 13:35:08,590 [s0-impl-thread1] INFO  server.RaftServerConfigKeys (ConfUtils.java:logGet(46)) - raft.server.log.appender.buffer.byte-limit = 4MB (=4194304) (default)
2023-01-06 13:35:08,590 [s0-impl-thread1] INFO  server.RaftServerConfigKeys (ConfUtils.java:logGet(46)) - raft.server.log.statemachine.data.read.timeout = 1000ms (default)
2023-01-06 13:35:08,590 [s0-impl-thread1] INFO  server.RaftServerConfigKeys (ConfUtils.java:logGet(46)) - raft.server.log.purge.preservation.log.num = 0 (default)
2023-01-06 13:35:08,591 [s0-impl-thread1] INFO  server.RaftServerConfigKeys (ConfUtils.java:logGet(46)) - raft.server.log.segment.size.max = 8MB (=8388608) (default)
2023-01-06 13:35:08,591 [s0-impl-thread1] INFO  server.RaftServerConfigKeys (ConfUtils.java:logGet(46)) - raft.server.log.segment.cache.num.max = 6 (default)
2023-01-06 13:35:08,591 [s0-impl-thread1] INFO  server.RaftServerConfigKeys (ConfUtils.java:logGet(46)) - raft.server.log.segment.cache.size.max = 200MB (=209715200) (default)
2023-01-06 13:35:08,591 [s0-impl-thread1] INFO  segmented.SegmentedRaftLogWorker (SegmentedRaftLogWorker.java:<init>(184)) - new s0@group-44EE5813AB9E-SegmentedRaftLogWorker for RaftStorageImpl:Storage Directory /home/runner/work/ratis/ratis/ratis-test/target/test/data/d56066fe/MiniRaftClusterWithGrpc3bc8e3e1/s0/f5296d54-6f71-4491-948a-44ee5813ab9e
2023-01-06 13:35:08,591 [s0-impl-thread1] INFO  server.RaftServerConfigKeys (ConfUtils.java:logGet(46)) - raft.server.log.queue.byte-limit = 64MB (=67108864) (default)
2023-01-06 13:35:08,591 [s0-impl-thread1] INFO  server.RaftServerConfigKeys (ConfUtils.java:logGet(46)) - raft.server.log.queue.element-limit = 4096 (default)
2023-01-06 13:35:08,591 [s0-impl-thread1] INFO  server.RaftServerConfigKeys (ConfUtils.java:logGet(46)) - raft.server.log.segment.size.max = 8MB (=8388608) (default)
2023-01-06 13:35:08,591 [s0-impl-thread1] INFO  server.RaftServerConfigKeys (ConfUtils.java:logGet(46)) - raft.server.log.preallocated.size = 4MB (=4194304) (default)
2023-01-06 13:35:08,591 [s0-impl-thread1] INFO  server.RaftServerConfigKeys (ConfUtils.java:logGet(46)) - raft.server.log.force.sync.num = 128 (default)
2023-01-06 13:35:08,591 [s0-impl-thread1] INFO  server.RaftServerConfigKeys (ConfUtils.java:logGet(46)) - raft.server.log.statemachine.data.sync = true (default)
2023-01-06 13:35:08,591 [s0-impl-thread1] INFO  server.RaftServerConfigKeys (ConfUtils.java:logGet(46)) - raft.server.log.statemachine.data.sync.timeout = 10s (default)
2023-01-06 13:35:08,591 [s0-impl-thread1] INFO  server.RaftServerConfigKeys (ConfUtils.java:logGet(46)) - raft.server.log.statemachine.data.sync.timeout.retry = -1 (default)
2023-01-06 13:35:08,592 [s0-impl-thread1] INFO  server.RaftServerConfigKeys (ConfUtils.java:logGet(46)) - raft.server.log.write.buffer.size = 64KB (=65536) (default)
2023-01-06 13:35:08,592 [s0-impl-thread1] INFO  server.RaftServerConfigKeys (ConfUtils.java:logGet(46)) - raft.server.log.appender.buffer.byte-limit = 4MB (=4194304) (default)
2023-01-06 13:35:08,593 [s0-impl-thread1] INFO  server.RaftServerConfigKeys (ConfUtils.java:logGet(46)) - raft.server.log.unsafe-flush.enabled = false (default)
2023-01-06 13:35:08,593 [s0-impl-thread1] INFO  server.RaftServerConfigKeys (ConfUtils.java:logGet(46)) - raft.server.log.async-flush.enabled = false (default)
2023-01-06 13:35:08,593 [s0-impl-thread1] INFO  server.RaftServerConfigKeys (ConfUtils.java:logGet(46)) - raft.server.log.statemachine.data.caching.enabled = false (default)
2023-01-06 13:35:08,593 [s0-impl-thread1] INFO  segmented.SegmentedRaftLogWorker (SegmentedRaftLogWorker.java:lambda$new$0(134)) - s0@group-44EE5813AB9E-SegmentedRaftLogWorker: flushIndex: setUnconditionally 0 -> -1
2023-01-06 13:35:08,594 [s0-impl-thread1] INFO  segmented.SegmentedRaftLogWorker (SegmentedRaftLogWorker.java:lambda$new$0(134)) - s0@group-44EE5813AB9E-SegmentedRaftLogWorker: safeCacheEvictIndex: setUnconditionally 0 -> -1
2023-01-06 13:35:08,594 [s0-impl-thread1] INFO  server.RaftServer$Division (RaftServerImpl.java:start(338)) - s0@group-44EE5813AB9E: start as a follower, conf=-1: peers:[s0|rpc:localhost:46411|admin:localhost:35547|client:localhost:42705|dataStream:localhost:45011|priority:0|startupRole:FOLLOWER]|listeners:[], old=null
2023-01-06 13:35:08,594 [s0-impl-thread1] INFO  server.RaftServer$Division (RaftServerImpl.java:setRole(325)) - s0@group-44EE5813AB9E: changes role from      null to FOLLOWER at term 0 for startAsFollower
2023-01-06 13:35:08,594 [s0-impl-thread1] INFO  impl.RoleInfo (RoleInfo.java:updateAndGet(139)) - s0: start s0@group-44EE5813AB9E-FollowerState
2023-01-06 13:35:08,598 [s0-impl-thread1] INFO  util.JmxRegister (JmxRegister.java:tryRegister(44)) - Successfully registered JMX Bean with object name Ratis:service=RaftServer,group=group-44EE5813AB9E,id=s0
2023-01-06 13:35:08,598 [s0-impl-thread1] INFO  server.RaftServerConfigKeys (ConfUtils.java:logGet(46)) - raft.server.snapshot.auto.trigger.enabled = true (custom)
2023-01-06 13:35:08,598 [s0-impl-thread1] INFO  server.RaftServerConfigKeys (ConfUtils.java:logGet(46)) - raft.server.snapshot.auto.trigger.threshold = 64 (custom)
2023-01-06 13:35:08,598 [s0-impl-thread1] INFO  server.RaftServerConfigKeys (ConfUtils.java:logGet(46)) - raft.server.snapshot.retention.file.num = -1 (default)
2023-01-06 13:35:08,598 [s0-impl-thread1] INFO  server.RaftServerConfigKeys (ConfUtils.java:logGet(46)) - raft.server.log.purge.upto.snapshot.index = false (default)
2023-01-06 13:35:08,598 [s0@group-44EE5813AB9E-FollowerState] INFO  server.RaftServerConfigKeys (ConfUtils.java:logFallback(53)) - raft.server.rpc.first-election.timeout.min = 150ms (fallback to raft.server.rpc.timeout.min)
2023-01-06 13:35:08,599 [s0@group-44EE5813AB9E-FollowerState] INFO  server.RaftServerConfigKeys (ConfUtils.java:logFallback(53)) - raft.server.rpc.first-election.timeout.max = 300ms (fallback to raft.server.rpc.timeout.max)
2023-01-06 13:35:08,599 [Time-limited test] INFO  server.RaftServer (RaftServerProxy.java:startImpl(396)) - s0: start RPC server
2023-01-06 13:35:08,603 [Time-limited test] INFO  server.GrpcService (GrpcService.java:startImpl(302)) - s0: GrpcService started, listening on 42705
2023-01-06 13:35:08,603 [Time-limited test] INFO  server.GrpcService (GrpcService.java:startImpl(302)) - s0: GrpcService started, listening on 46411
2023-01-06 13:35:08,604 [Time-limited test] INFO  server.GrpcService (GrpcService.java:startImpl(302)) - s0: GrpcService started, listening on 35547
2023-01-06 13:35:08,606 [JvmPauseMonitor6] INFO  util.JvmPauseMonitor (JvmPauseMonitor.java:run(105)) - JvmPauseMonitor-s0: Started
2023-01-06 13:35:08,608 [Time-limited test] INFO  server.RaftServerConfigKeys (ConfUtils.java:logGet(46)) - raft.server.rpc.timeout.max = 300ms (default)
2023-01-06 13:35:08,608 [Time-limited test] INFO  ratis.RaftTestUtil (RaftTestUtil.java:waitForLeader(100)) - printing ALL groups
  s0:  RUNNING  FOLLOWER s0@group-44EE5813AB9E:t0, leader=null, voted=, raftlog=Memoized:s0@group-44EE5813AB9E-SegmentedRaftLog:OPENED:c-1, conf=-1: peers:[s0|rpc:localhost:46411|admin:localhost:35547|client:localhost:42705|dataStream:localhost:45011|priority:0|startupRole:FOLLOWER]|listeners:[], old=null RUNNING
2023-01-06 13:35:08,608 [Time-limited test] WARN  ratis.RaftTestUtil (JavaUtils.java:attempt(217)) - FAILED "waitForLeader-null-(expectLeader? true)", attempt #1/100: java.lang.IllegalStateException: No leader yet : printing ALL groups
  s0:  RUNNING  FOLLOWER s0@group-44EE5813AB9E:t0, leader=null, voted=, raftlog=Memoized:s0@group-44EE5813AB9E-SegmentedRaftLog:OPENED:c-1, conf=-1: peers:[s0|rpc:localhost:46411|admin:localhost:35547|client:localhost:42705|dataStream:localhost:45011|priority:0|startupRole:FOLLOWER]|listeners:[], old=null RUNNING, sleep 450ms and then retry.
java.lang.IllegalStateException: No leader yet : printing ALL groups
  s0:  RUNNING  FOLLOWER s0@group-44EE5813AB9E:t0, leader=null, voted=, raftlog=Memoized:s0@group-44EE5813AB9E-SegmentedRaftLog:OPENED:c-1, conf=-1: peers:[s0|rpc:localhost:46411|admin:localhost:35547|client:localhost:42705|dataStream:localhost:45011|priority:0|startupRole:FOLLOWER]|listeners:[], old=null RUNNING
	at org.apache.ratis.server.impl.MiniRaftCluster.newIllegalStateExceptionForNoLeaders(MiniRaftCluster.java:581)
	at org.apache.ratis.RaftTestUtil.lambda$waitForLeader$1(RaftTestUtil.java:104)
	at org.apache.ratis.server.impl.MiniRaftCluster.getLeader(MiniRaftCluster.java:615)
	at org.apache.ratis.server.impl.MiniRaftCluster.getLeader(MiniRaftCluster.java:608)
	at org.apache.ratis.RaftTestUtil.lambda$waitForLeader$3(RaftTestUtil.java:112)
	at org.apache.ratis.util.JavaUtils.attempt(JavaUtils.java:211)
	at org.apache.ratis.util.JavaUtils.attemptRepeatedly(JavaUtils.java:197)
	at org.apache.ratis.RaftTestUtil.waitForLeader(RaftTestUtil.java:111)
	at org.apache.ratis.RaftTestUtil.waitForLeader(RaftTestUtil.java:92)
	at org.apache.ratis.RaftTestUtil.waitForLeader(RaftTestUtil.java:87)
	at org.apache.ratis.InstallSnapshotFromLeaderTests.testMultiFileInstallSnapshot(InstallSnapshotFromLeaderTests.java:92)
	at org.apache.ratis.server.impl.MiniRaftCluster$Factory$Get.runWithNewCluster(MiniRaftCluster.java:141)
	at org.apache.ratis.server.impl.MiniRaftCluster$Factory$Get.runWithNewCluster(MiniRaftCluster.java:121)
	at org.apache.ratis.InstallSnapshotFromLeaderTests.testMultiFileInstallSnapshot(InstallSnapshotFromLeaderTests.java:79)
	at java.base/jdk.internal.reflect.NativeMethodAccessorImpl.invoke0(Native Method)
	at java.base/jdk.internal.reflect.NativeMethodAccessorImpl.invoke(NativeMethodAccessorImpl.java:62)
	at java.base/jdk.internal.reflect.DelegatingMethodAccessorImpl.invoke(DelegatingMethodAccessorImpl.java:43)
	at java.base/java.lang.reflect.Method.invoke(Method.java:566)
	at org.junit.runners.model.FrameworkMethod$1.runReflectiveCall(FrameworkMethod.java:59)
	at org.junit.internal.runners.model.ReflectiveCallable.run(ReflectiveCallable.java:12)
	at org.junit.runners.model.FrameworkMethod.invokeExplosively(FrameworkMethod.java:56)
	at org.junit.internal.runners.statements.InvokeMethod.evaluate(InvokeMethod.java:17)
	at org.junit.internal.runners.statements.RunAfters.evaluate(RunAfters.java:27)
	at org.junit.internal.runners.statements.FailOnTimeout$CallableStatement.call(FailOnTimeout.java:299)
	at org.junit.internal.runners.statements.FailOnTimeout$CallableStatement.call(FailOnTimeout.java:293)
	at java.base/java.util.concurrent.FutureTask.run(FutureTask.java:264)
	at java.base/java.lang.Thread.run(Thread.java:829)
2023-01-06 13:35:08,854 [s0@group-44EE5813AB9E-FollowerState] INFO  impl.FollowerState (FollowerState.java:run(143)) - s0@group-44EE5813AB9E-FollowerState: change to CANDIDATE, lastRpcElapsedTime:259850458ns, electionTimeout:255ms
2023-01-06 13:35:08,854 [s0@group-44EE5813AB9E-FollowerState] INFO  impl.RoleInfo (RoleInfo.java:shutdownFollowerState(110)) - s0: shutdown s0@group-44EE5813AB9E-FollowerState
2023-01-06 13:35:08,854 [s0@group-44EE5813AB9E-FollowerState] INFO  server.RaftServer$Division (RaftServerImpl.java:setRole(325)) - s0@group-44EE5813AB9E: changes role from  FOLLOWER to CANDIDATE at term 0 for changeToCandidate
2023-01-06 13:35:08,855 [s0@group-44EE5813AB9E-FollowerState] INFO  server.RaftServerConfigKeys (ConfUtils.java:logGet(46)) - raft.server.leaderelection.pre-vote = true (default)
2023-01-06 13:35:08,855 [s0@group-44EE5813AB9E-FollowerState] INFO  impl.RoleInfo (RoleInfo.java:updateAndGet(139)) - s0: start s0@group-44EE5813AB9E-LeaderElection3
2023-01-06 13:35:08,858 [s0@group-44EE5813AB9E-LeaderElection3] INFO  impl.LeaderElection (LeaderElection.java:askForVotes(309)) - s0@group-44EE5813AB9E-LeaderElection3 PRE_VOTE round 0: submit vote requests at term 0 for -1: peers:[s0|rpc:localhost:46411|admin:localhost:35547|client:localhost:42705|dataStream:localhost:45011|priority:0|startupRole:FOLLOWER]|listeners:[], old=null
2023-01-06 13:35:08,859 [s0@group-44EE5813AB9E-LeaderElection3] INFO  impl.LeaderElection (LeaderElection.java:askForVotes(311)) - s0@group-44EE5813AB9E-LeaderElection3 PRE_VOTE round 0: result PASSED (term=0)
2023-01-06 13:35:08,860 [s0@group-44EE5813AB9E-LeaderElection3] INFO  impl.LeaderElection (LeaderElection.java:askForVotes(309)) - s0@group-44EE5813AB9E-LeaderElection3 ELECTION round 0: submit vote requests at term 1 for -1: peers:[s0|rpc:localhost:46411|admin:localhost:35547|client:localhost:42705|dataStream:localhost:45011|priority:0|startupRole:FOLLOWER]|listeners:[], old=null
2023-01-06 13:35:08,860 [s0@group-44EE5813AB9E-LeaderElection3] INFO  impl.LeaderElection (LeaderElection.java:askForVotes(311)) - s0@group-44EE5813AB9E-LeaderElection3 ELECTION round 0: result PASSED (term=1)
2023-01-06 13:35:08,860 [s0@group-44EE5813AB9E-LeaderElection3] INFO  impl.RoleInfo (RoleInfo.java:shutdownLeaderElection(130)) - s0: shutdown s0@group-44EE5813AB9E-LeaderElection3
2023-01-06 13:35:08,860 [s0@group-44EE5813AB9E-LeaderElection3] INFO  server.RaftServer$Division (RaftServerImpl.java:setRole(325)) - s0@group-44EE5813AB9E: changes role from CANDIDATE to LEADER at term 1 for changeToLeader
2023-01-06 13:35:08,860 [s0@group-44EE5813AB9E-LeaderElection3] INFO  server.RaftServer$Division (ServerState.java:setLeader(260)) - s0@group-44EE5813AB9E: change Leader from null to s0 at term 1 for becomeLeader, leader elected after 276ms
2023-01-06 13:35:08,860 [s0@group-44EE5813AB9E-LeaderElection3] INFO  server.RaftServerConfigKeys (ConfUtils.java:logGet(46)) - raft.server.staging.catchup.gap = 1000 (default)
2023-01-06 13:35:08,860 [s0@group-44EE5813AB9E-LeaderElection3] INFO  server.RaftServerConfigKeys (ConfUtils.java:logGet(46)) - raft.server.write.element-limit = 4096 (default)
2023-01-06 13:35:08,860 [s0@group-44EE5813AB9E-LeaderElection3] INFO  server.RaftServerConfigKeys (ConfUtils.java:logGet(46)) - raft.server.write.byte-limit = 64MB (=67108864) (default)
2023-01-06 13:35:08,861 [s0@group-44EE5813AB9E-LeaderElection3] INFO  server.RaftServerConfigKeys (ConfUtils.java:logGet(46)) - raft.server.watch.timeout = 10s (default)
2023-01-06 13:35:08,861 [s0@group-44EE5813AB9E-LeaderElection3] INFO  server.RaftServerConfigKeys (ConfUtils.java:logGet(46)) - raft.server.watch.timeout.denomination = 1s (default)
2023-01-06 13:35:08,861 [s0@group-44EE5813AB9E-LeaderElection3] INFO  server.RaftServerConfigKeys (ConfUtils.java:logGet(46)) - raft.server.watch.element-limit = 65536 (default)
2023-01-06 13:35:08,861 [s0@group-44EE5813AB9E-LeaderElection3] INFO  server.RaftServerConfigKeys (ConfUtils.java:logGet(46)) - raft.server.write.element-limit = 4096 (default)
2023-01-06 13:35:08,861 [s0@group-44EE5813AB9E-LeaderElection3] INFO  server.RaftServerConfigKeys (ConfUtils.java:logGet(46)) - raft.server.write.follower.gap.ratio.max = -1.0 (default)
2023-01-06 13:35:08,861 [s0@group-44EE5813AB9E-LeaderElection3] INFO  impl.RoleInfo (RoleInfo.java:updateAndGet(139)) - s0: start s0@group-44EE5813AB9E-LeaderStateImpl
2023-01-06 13:35:08,861 [s0@group-44EE5813AB9E-LeaderElection3] INFO  segmented.SegmentedRaftLogWorker (SegmentedRaftLogWorker.java:startLogSegment(431)) - s0@group-44EE5813AB9E-SegmentedRaftLogWorker: Starting segment from index:0
2023-01-06 13:35:08,865 [s0@group-44EE5813AB9E-LeaderElection3] INFO  server.RaftServer$Division (ServerState.java:setRaftConf(378)) - s0@group-44EE5813AB9E: set configuration 0: peers:[s0|rpc:localhost:46411|admin:localhost:35547|client:localhost:42705|dataStream:localhost:45011|priority:0|startupRole:FOLLOWER]|listeners:[], old=null
2023-01-06 13:35:08,877 [s0@group-44EE5813AB9E-SegmentedRaftLogWorker] INFO  segmented.SegmentedRaftLogWorker (SegmentedRaftLogWorker.java:execute(635)) - s0@group-44EE5813AB9E-SegmentedRaftLogWorker: created new log segment /home/runner/work/ratis/ratis/ratis-test/target/test/data/d56066fe/MiniRaftClusterWithGrpc3bc8e3e1/s0/f5296d54-6f71-4491-948a-44ee5813ab9e/current/log_inprogress_0
2023-01-06 13:35:09,059 [Time-limited test] INFO  ratis.RaftTestUtil (RaftTestUtil.java:waitForLeader(119)) - printing ALL groups
  s0:  RUNNING    LEADER s0@group-44EE5813AB9E:t1, leader=s0, voted=s0, raftlog=Memoized:s0@group-44EE5813AB9E-SegmentedRaftLog:OPENED:c0, conf=0: peers:[s0|rpc:localhost:46411|admin:localhost:35547|client:localhost:42705|dataStream:localhost:45011|priority:0|startupRole:FOLLOWER]|listeners:[], old=null RUNNING
2023-01-06 13:35:09,068 [s0@group-44EE5813AB9E-StateMachineUpdater] INFO  impl.SimpleStateMachine4Testing (SimpleStateMachine4Testing.java:put(205)) - s0: put 1, m0 -> (t:1, i:1), STATEMACHINELOGENTRY, 258@client-D4F11991EC07
2023-01-06 13:35:09,076 [s0@group-44EE5813AB9E-StateMachineUpdater] INFO  impl.SimpleStateMachine4Testing (SimpleStateMachine4Testing.java:put(205)) - s0: put 3, m1 -> (t:1, i:3), STATEMACHINELOGENTRY, 259@client-D4F11991EC07
2023-01-06 13:35:09,084 [s0@group-44EE5813AB9E-StateMachineUpdater] INFO  impl.SimpleStateMachine4Testing (SimpleStateMachine4Testing.java:put(205)) - s0: put 5, m2 -> (t:1, i:5), STATEMACHINELOGENTRY, 260@client-D4F11991EC07
2023-01-06 13:35:09,090 [s0@group-44EE5813AB9E-StateMachineUpdater] INFO  impl.SimpleStateMachine4Testing (SimpleStateMachine4Testing.java:put(205)) - s0: put 7, m3 -> (t:1, i:7), STATEMACHINELOGENTRY, 261@client-D4F11991EC07
2023-01-06 13:35:09,097 [s0@group-44EE5813AB9E-StateMachineUpdater] INFO  impl.SimpleStateMachine4Testing (SimpleStateMachine4Testing.java:put(205)) - s0: put 9, m4 -> (t:1, i:9), STATEMACHINELOGENTRY, 262@client-D4F11991EC07
2023-01-06 13:35:09,101 [s0@group-44EE5813AB9E-StateMachineUpdater] INFO  impl.SimpleStateMachine4Testing (SimpleStateMachine4Testing.java:put(205)) - s0: put 11, m5 -> (t:1, i:11), STATEMACHINELOGENTRY, 263@client-D4F11991EC07
2023-01-06 13:35:09,107 [s0@group-44EE5813AB9E-StateMachineUpdater] INFO  impl.SimpleStateMachine4Testing (SimpleStateMachine4Testing.java:put(205)) - s0: put 13, m6 -> (t:1, i:13), STATEMACHINELOGENTRY, 264@client-D4F11991EC07
2023-01-06 13:35:09,111 [s0@group-44EE5813AB9E-StateMachineUpdater] INFO  impl.SimpleStateMachine4Testing (SimpleStateMachine4Testing.java:put(205)) - s0: put 15, m7 -> (t:1, i:15), STATEMACHINELOGENTRY, 265@client-D4F11991EC07
2023-01-06 13:35:09,114 [s0@group-44EE5813AB9E-StateMachineUpdater] INFO  impl.SimpleStateMachine4Testing (SimpleStateMachine4Testing.java:put(205)) - s0: put 17, m8 -> (t:1, i:17), STATEMACHINELOGENTRY, 266@client-D4F11991EC07
2023-01-06 13:35:09,117 [s0@group-44EE5813AB9E-StateMachineUpdater] INFO  impl.SimpleStateMachine4Testing (SimpleStateMachine4Testing.java:put(205)) - s0: put 19, m9 -> (t:1, i:19), STATEMACHINELOGENTRY, 267@client-D4F11991EC07
2023-01-06 13:35:09,120 [s0@group-44EE5813AB9E-StateMachineUpdater] INFO  impl.SimpleStateMachine4Testing (SimpleStateMachine4Testing.java:put(205)) - s0: put 21, m10 -> (t:1, i:21), STATEMACHINELOGENTRY, 268@client-D4F11991EC07
2023-01-06 13:35:09,124 [s0@group-44EE5813AB9E-StateMachineUpdater] INFO  impl.SimpleStateMachine4Testing (SimpleStateMachine4Testing.java:put(205)) - s0: put 23, m11 -> (t:1, i:23), STATEMACHINELOGENTRY, 269@client-D4F11991EC07
2023-01-06 13:35:09,126 [s0@group-44EE5813AB9E-StateMachineUpdater] INFO  impl.SimpleStateMachine4Testing (SimpleStateMachine4Testing.java:put(205)) - s0: put 25, m12 -> (t:1, i:25), STATEMACHINELOGENTRY, 270@client-D4F11991EC07
2023-01-06 13:35:09,129 [s0@group-44EE5813AB9E-StateMachineUpdater] INFO  impl.SimpleStateMachine4Testing (SimpleStateMachine4Testing.java:put(205)) - s0: put 27, m13 -> (t:1, i:27), STATEMACHINELOGENTRY, 271@client-D4F11991EC07
2023-01-06 13:35:09,132 [s0@group-44EE5813AB9E-StateMachineUpdater] INFO  impl.SimpleStateMachine4Testing (SimpleStateMachine4Testing.java:put(205)) - s0: put 29, m14 -> (t:1, i:29), STATEMACHINELOGENTRY, 272@client-D4F11991EC07
2023-01-06 13:35:09,135 [s0@group-44EE5813AB9E-StateMachineUpdater] INFO  impl.SimpleStateMachine4Testing (SimpleStateMachine4Testing.java:put(205)) - s0: put 31, m15 -> (t:1, i:31), STATEMACHINELOGENTRY, 273@client-D4F11991EC07
2023-01-06 13:35:09,138 [s0@group-44EE5813AB9E-StateMachineUpdater] INFO  impl.SimpleStateMachine4Testing (SimpleStateMachine4Testing.java:put(205)) - s0: put 33, m16 -> (t:1, i:33), STATEMACHINELOGENTRY, 274@client-D4F11991EC07
2023-01-06 13:35:09,140 [s0@group-44EE5813AB9E-StateMachineUpdater] INFO  impl.SimpleStateMachine4Testing (SimpleStateMachine4Testing.java:put(205)) - s0: put 35, m17 -> (t:1, i:35), STATEMACHINELOGENTRY, 275@client-D4F11991EC07
2023-01-06 13:35:09,143 [s0@group-44EE5813AB9E-StateMachineUpdater] INFO  impl.SimpleStateMachine4Testing (SimpleStateMachine4Testing.java:put(205)) - s0: put 37, m18 -> (t:1, i:37), STATEMACHINELOGENTRY, 276@client-D4F11991EC07
2023-01-06 13:35:09,146 [s0@group-44EE5813AB9E-StateMachineUpdater] INFO  impl.SimpleStateMachine4Testing (SimpleStateMachine4Testing.java:put(205)) - s0: put 39, m19 -> (t:1, i:39), STATEMACHINELOGENTRY, 277@client-D4F11991EC07
2023-01-06 13:35:09,150 [s0@group-44EE5813AB9E-StateMachineUpdater] INFO  impl.SimpleStateMachine4Testing (SimpleStateMachine4Testing.java:put(205)) - s0: put 41, m20 -> (t:1, i:41), STATEMACHINELOGENTRY, 278@client-D4F11991EC07
2023-01-06 13:35:09,153 [s0@group-44EE5813AB9E-StateMachineUpdater] INFO  impl.SimpleStateMachine4Testing (SimpleStateMachine4Testing.java:put(205)) - s0: put 43, m21 -> (t:1, i:43), STATEMACHINELOGENTRY, 279@client-D4F11991EC07
2023-01-06 13:35:09,158 [s0@group-44EE5813AB9E-StateMachineUpdater] INFO  impl.SimpleStateMachine4Testing (SimpleStateMachine4Testing.java:put(205)) - s0: put 45, m22 -> (t:1, i:45), STATEMACHINELOGENTRY, 280@client-D4F11991EC07
2023-01-06 13:35:09,161 [s0@group-44EE5813AB9E-StateMachineUpdater] INFO  impl.SimpleStateMachine4Testing (SimpleStateMachine4Testing.java:put(205)) - s0: put 47, m23 -> (t:1, i:47), STATEMACHINELOGENTRY, 281@client-D4F11991EC07
2023-01-06 13:35:09,165 [s0@group-44EE5813AB9E-StateMachineUpdater] INFO  impl.SimpleStateMachine4Testing (SimpleStateMachine4Testing.java:put(205)) - s0: put 49, m24 -> (t:1, i:49), STATEMACHINELOGENTRY, 282@client-D4F11991EC07
2023-01-06 13:35:09,168 [s0@group-44EE5813AB9E-StateMachineUpdater] INFO  impl.SimpleStateMachine4Testing (SimpleStateMachine4Testing.java:put(205)) - s0: put 51, m25 -> (t:1, i:51), STATEMACHINELOGENTRY, 283@client-D4F11991EC07
2023-01-06 13:35:09,171 [s0@group-44EE5813AB9E-StateMachineUpdater] INFO  impl.SimpleStateMachine4Testing (SimpleStateMachine4Testing.java:put(205)) - s0: put 53, m26 -> (t:1, i:53), STATEMACHINELOGENTRY, 284@client-D4F11991EC07
2023-01-06 13:35:09,174 [s0@group-44EE5813AB9E-StateMachineUpdater] INFO  impl.SimpleStateMachine4Testing (SimpleStateMachine4Testing.java:put(205)) - s0: put 55, m27 -> (t:1, i:55), STATEMACHINELOGENTRY, 285@client-D4F11991EC07
2023-01-06 13:35:09,178 [s0@group-44EE5813AB9E-StateMachineUpdater] INFO  impl.SimpleStateMachine4Testing (SimpleStateMachine4Testing.java:put(205)) - s0: put 57, m28 -> (t:1, i:57), STATEMACHINELOGENTRY, 286@client-D4F11991EC07
2023-01-06 13:35:09,180 [s0@group-44EE5813AB9E-StateMachineUpdater] INFO  impl.SimpleStateMachine4Testing (SimpleStateMachine4Testing.java:put(205)) - s0: put 59, m29 -> (t:1, i:59), STATEMACHINELOGENTRY, 287@client-D4F11991EC07
2023-01-06 13:35:09,183 [s0@group-44EE5813AB9E-StateMachineUpdater] INFO  impl.SimpleStateMachine4Testing (SimpleStateMachine4Testing.java:put(205)) - s0: put 61, m30 -> (t:1, i:61), STATEMACHINELOGENTRY, 288@client-D4F11991EC07
2023-01-06 13:35:09,186 [s0@group-44EE5813AB9E-StateMachineUpdater] INFO  impl.SimpleStateMachine4Testing (SimpleStateMachine4Testing.java:put(205)) - s0: put 63, m31 -> (t:1, i:63), STATEMACHINELOGENTRY, 289@client-D4F11991EC07
2023-01-06 13:35:09,187 [s0@group-44EE5813AB9E-StateMachineUpdater] TRACE util.FileUtils (LogUtils.java:runAndLog(49)) - Successfully ran Files.createDirectories /home/runner/work/ratis/ratis/ratis-test/target/test/data/d56066fe/MiniRaftClusterWithGrpc3bc8e3e1/s0/f5296d54-6f71-4491-948a-44ee5813ab9e/sm/snapshot
2023-01-06 13:35:09,187 [s0@group-44EE5813AB9E-StateMachineUpdater] TRACE util.FileUtils (LogUtils.java:runAndLog(49)) - Successfully ran Files.createDirectories /home/runner/work/ratis/ratis/ratis-test/target/test/data/d56066fe/MiniRaftClusterWithGrpc3bc8e3e1/s0/f5296d54-6f71-4491-948a-44ee5813ab9e/sm/snapshot
2023-01-06 13:35:09,187 [s0@group-44EE5813AB9E-StateMachineUpdater] TRACE util.FileUtils (LogUtils.java:runAndLog(49)) - Successfully ran Files.createDirectories /home/runner/work/ratis/ratis/ratis-test/target/test/data/d56066fe/MiniRaftClusterWithGrpc3bc8e3e1/s0/f5296d54-6f71-4491-948a-44ee5813ab9e/sm/snapshot/sub
2023-01-06 13:35:09,187 [s0@group-44EE5813AB9E-StateMachineUpdater] TRACE util.FileUtils (LogUtils.java:supplyAndLog(70)) - Successfully supplied Files.newOutputStream CREATE_NEW /home/runner/work/ratis/ratis/ratis-test/target/test/data/d56066fe/MiniRaftClusterWithGrpc3bc8e3e1/s0/f5296d54-6f71-4491-948a-44ee5813ab9e/sm/snapshot/1.bin: java.nio.channels.Channels$1@4a7408cb
2023-01-06 13:35:09,187 [s0@group-44EE5813AB9E-StateMachineUpdater] TRACE util.FileUtils (LogUtils.java:supplyAndLog(70)) - Successfully supplied Files.newOutputStream CREATE_NEW /home/runner/work/ratis/ratis/ratis-test/target/test/data/d56066fe/MiniRaftClusterWithGrpc3bc8e3e1/s0/f5296d54-6f71-4491-948a-44ee5813ab9e/sm/snapshot/sub/2.bin: java.nio.channels.Channels$1@4e4b955d
2023-01-06 13:35:09,204 [s0@group-44EE5813AB9E-StateMachineUpdater] INFO  impl.StateMachineUpdater (StateMachineUpdater.java:takeSnapshot(290)) - s0@group-44EE5813AB9E-StateMachineUpdater: Took a snapshot at index 63
2023-01-06 13:35:09,204 [s0@group-44EE5813AB9E-StateMachineUpdater] INFO  impl.StateMachineUpdater (StateMachineUpdater.java:lambda$new$0(96)) - s0@group-44EE5813AB9E-StateMachineUpdater: snapshotIndex: updateIncreasingly -1 -> 63
2023-01-06 13:35:09,204 [s0@group-44EE5813AB9E-StateMachineUpdater] INFO  raftlog.RaftLog (RaftLogBase.java:purge(314)) - s0@group-44EE5813AB9E-SegmentedRaftLog: purge 63
2023-01-06 13:35:09,205 [s0@group-44EE5813AB9E-StateMachineUpdater] INFO  raftlog.RaftLog (RaftLogBase.java:lambda$new$0(53)) - s0@group-44EE5813AB9E-SegmentedRaftLog: snapshotIndex: updateIncreasingly -1 -> 63
2023-01-06 13:35:09,205 [s0@group-44EE5813AB9E-StateMachineUpdater] INFO  raftlog.RaftLog (RaftLogBase.java:lambda$new$0(53)) - s0@group-44EE5813AB9E-SegmentedRaftLog: purgeIndex: updateToMax old=-1, new=63, updated? true
2023-01-06 13:35:09,205 [s0@group-44EE5813AB9E-StateMachineUpdater] INFO  impl.SimpleStateMachine4Testing (SimpleStateMachine4Testing.java:put(205)) - s0: put 65, m32 -> (t:1, i:65), STATEMACHINELOGENTRY, 290@client-D4F11991EC07
2023-01-06 13:35:09,209 [s0@group-44EE5813AB9E-StateMachineUpdater] INFO  impl.SimpleStateMachine4Testing (SimpleStateMachine4Testing.java:put(205)) - s0: put 67, m33 -> (t:1, i:67), STATEMACHINELOGENTRY, 291@client-D4F11991EC07
2023-01-06 13:35:09,212 [s0@group-44EE5813AB9E-StateMachineUpdater] INFO  impl.SimpleStateMachine4Testing (SimpleStateMachine4Testing.java:put(205)) - s0: put 69, m34 -> (t:1, i:69), STATEMACHINELOGENTRY, 292@client-D4F11991EC07
2023-01-06 13:35:09,215 [s0@group-44EE5813AB9E-StateMachineUpdater] INFO  impl.SimpleStateMachine4Testing (SimpleStateMachine4Testing.java:put(205)) - s0: put 71, m35 -> (t:1, i:71), STATEMACHINELOGENTRY, 293@client-D4F11991EC07
2023-01-06 13:35:09,218 [s0@group-44EE5813AB9E-StateMachineUpdater] INFO  impl.SimpleStateMachine4Testing (SimpleStateMachine4Testing.java:put(205)) - s0: put 73, m36 -> (t:1, i:73), STATEMACHINELOGENTRY, 294@client-D4F11991EC07
2023-01-06 13:35:09,221 [s0@group-44EE5813AB9E-StateMachineUpdater] INFO  impl.SimpleStateMachine4Testing (SimpleStateMachine4Testing.java:put(205)) - s0: put 75, m37 -> (t:1, i:75), STATEMACHINELOGENTRY, 295@client-D4F11991EC07
2023-01-06 13:35:09,224 [s0@group-44EE5813AB9E-StateMachineUpdater] INFO  impl.SimpleStateMachine4Testing (SimpleStateMachine4Testing.java:put(205)) - s0: put 77, m38 -> (t:1, i:77), STATEMACHINELOGENTRY, 296@client-D4F11991EC07
2023-01-06 13:35:09,227 [s0@group-44EE5813AB9E-StateMachineUpdater] INFO  impl.SimpleStateMachine4Testing (SimpleStateMachine4Testing.java:put(205)) - s0: put 79, m39 -> (t:1, i:79), STATEMACHINELOGENTRY, 297@client-D4F11991EC07
2023-01-06 13:35:09,230 [s0@group-44EE5813AB9E-StateMachineUpdater] INFO  impl.SimpleStateMachine4Testing (SimpleStateMachine4Testing.java:put(205)) - s0: put 81, m40 -> (t:1, i:81), STATEMACHINELOGENTRY, 298@client-D4F11991EC07
2023-01-06 13:35:09,233 [s0@group-44EE5813AB9E-StateMachineUpdater] INFO  impl.SimpleStateMachine4Testing (SimpleStateMachine4Testing.java:put(205)) - s0: put 83, m41 -> (t:1, i:83), STATEMACHINELOGENTRY, 299@client-D4F11991EC07
2023-01-06 13:35:09,237 [s0@group-44EE5813AB9E-StateMachineUpdater] INFO  impl.SimpleStateMachine4Testing (SimpleStateMachine4Testing.java:put(205)) - s0: put 85, m42 -> (t:1, i:85), STATEMACHINELOGENTRY, 300@client-D4F11991EC07
2023-01-06 13:35:09,242 [s0@group-44EE5813AB9E-StateMachineUpdater] INFO  impl.SimpleStateMachine4Testing (SimpleStateMachine4Testing.java:put(205)) - s0: put 87, m43 -> (t:1, i:87), STATEMACHINELOGENTRY, 301@client-D4F11991EC07
2023-01-06 13:35:09,245 [s0@group-44EE5813AB9E-StateMachineUpdater] INFO  impl.SimpleStateMachine4Testing (SimpleStateMachine4Testing.java:put(205)) - s0: put 89, m44 -> (t:1, i:89), STATEMACHINELOGENTRY, 302@client-D4F11991EC07
2023-01-06 13:35:09,248 [s0@group-44EE5813AB9E-StateMachineUpdater] INFO  impl.SimpleStateMachine4Testing (SimpleStateMachine4Testing.java:put(205)) - s0: put 91, m45 -> (t:1, i:91), STATEMACHINELOGENTRY, 303@client-D4F11991EC07
2023-01-06 13:35:09,251 [s0@group-44EE5813AB9E-StateMachineUpdater] INFO  impl.SimpleStateMachine4Testing (SimpleStateMachine4Testing.java:put(205)) - s0: put 93, m46 -> (t:1, i:93), STATEMACHINELOGENTRY, 304@client-D4F11991EC07
2023-01-06 13:35:09,254 [s0@group-44EE5813AB9E-StateMachineUpdater] INFO  impl.SimpleStateMachine4Testing (SimpleStateMachine4Testing.java:put(205)) - s0: put 95, m47 -> (t:1, i:95), STATEMACHINELOGENTRY, 305@client-D4F11991EC07
2023-01-06 13:35:09,258 [s0@group-44EE5813AB9E-StateMachineUpdater] INFO  impl.SimpleStateMachine4Testing (SimpleStateMachine4Testing.java:put(205)) - s0: put 97, m48 -> (t:1, i:97), STATEMACHINELOGENTRY, 306@client-D4F11991EC07
2023-01-06 13:35:09,261 [s0@group-44EE5813AB9E-StateMachineUpdater] INFO  impl.SimpleStateMachine4Testing (SimpleStateMachine4Testing.java:put(205)) - s0: put 99, m49 -> (t:1, i:99), STATEMACHINELOGENTRY, 307@client-D4F11991EC07
2023-01-06 13:35:09,270 [s0@group-44EE5813AB9E-StateMachineUpdater] INFO  impl.SimpleStateMachine4Testing (SimpleStateMachine4Testing.java:put(205)) - s0: put 101, m50 -> (t:1, i:101), STATEMACHINELOGENTRY, 308@client-D4F11991EC07
2023-01-06 13:35:09,273 [s0@group-44EE5813AB9E-StateMachineUpdater] INFO  impl.SimpleStateMachine4Testing (SimpleStateMachine4Testing.java:put(205)) - s0: put 103, m51 -> (t:1, i:103), STATEMACHINELOGENTRY, 309@client-D4F11991EC07
2023-01-06 13:35:09,279 [s0@group-44EE5813AB9E-StateMachineUpdater] INFO  impl.SimpleStateMachine4Testing (SimpleStateMachine4Testing.java:put(205)) - s0: put 105, m52 -> (t:1, i:105), STATEMACHINELOGENTRY, 310@client-D4F11991EC07
2023-01-06 13:35:09,282 [s0@group-44EE5813AB9E-StateMachineUpdater] INFO  impl.SimpleStateMachine4Testing (SimpleStateMachine4Testing.java:put(205)) - s0: put 107, m53 -> (t:1, i:107), STATEMACHINELOGENTRY, 311@client-D4F11991EC07
2023-01-06 13:35:09,285 [s0@group-44EE5813AB9E-StateMachineUpdater] INFO  impl.SimpleStateMachine4Testing (SimpleStateMachine4Testing.java:put(205)) - s0: put 109, m54 -> (t:1, i:109), STATEMACHINELOGENTRY, 312@client-D4F11991EC07
2023-01-06 13:35:09,288 [s0@group-44EE5813AB9E-StateMachineUpdater] INFO  impl.SimpleStateMachine4Testing (SimpleStateMachine4Testing.java:put(205)) - s0: put 111, m55 -> (t:1, i:111), STATEMACHINELOGENTRY, 313@client-D4F11991EC07
2023-01-06 13:35:09,292 [s0@group-44EE5813AB9E-StateMachineUpdater] INFO  impl.SimpleStateMachine4Testing (SimpleStateMachine4Testing.java:put(205)) - s0: put 113, m56 -> (t:1, i:113), STATEMACHINELOGENTRY, 314@client-D4F11991EC07
2023-01-06 13:35:09,295 [s0@group-44EE5813AB9E-StateMachineUpdater] INFO  impl.SimpleStateMachine4Testing (SimpleStateMachine4Testing.java:put(205)) - s0: put 115, m57 -> (t:1, i:115), STATEMACHINELOGENTRY, 315@client-D4F11991EC07
2023-01-06 13:35:09,298 [s0@group-44EE5813AB9E-StateMachineUpdater] INFO  impl.SimpleStateMachine4Testing (SimpleStateMachine4Testing.java:put(205)) - s0: put 117, m58 -> (t:1, i:117), STATEMACHINELOGENTRY, 316@client-D4F11991EC07
2023-01-06 13:35:09,301 [s0@group-44EE5813AB9E-StateMachineUpdater] INFO  impl.SimpleStateMachine4Testing (SimpleStateMachine4Testing.java:put(205)) - s0: put 119, m59 -> (t:1, i:119), STATEMACHINELOGENTRY, 317@client-D4F11991EC07
2023-01-06 13:35:09,304 [s0@group-44EE5813AB9E-StateMachineUpdater] INFO  impl.SimpleStateMachine4Testing (SimpleStateMachine4Testing.java:put(205)) - s0: put 121, m60 -> (t:1, i:121), STATEMACHINELOGENTRY, 318@client-D4F11991EC07
2023-01-06 13:35:09,311 [s0@group-44EE5813AB9E-StateMachineUpdater] INFO  impl.SimpleStateMachine4Testing (SimpleStateMachine4Testing.java:put(205)) - s0: put 123, m61 -> (t:1, i:123), STATEMACHINELOGENTRY, 319@client-D4F11991EC07
2023-01-06 13:35:09,315 [s0@group-44EE5813AB9E-StateMachineUpdater] INFO  impl.SimpleStateMachine4Testing (SimpleStateMachine4Testing.java:put(205)) - s0: put 125, m62 -> (t:1, i:125), STATEMACHINELOGENTRY, 320@client-D4F11991EC07
2023-01-06 13:35:09,318 [s0@group-44EE5813AB9E-StateMachineUpdater] INFO  impl.SimpleStateMachine4Testing (SimpleStateMachine4Testing.java:put(205)) - s0: put 127, m63 -> (t:1, i:127), STATEMACHINELOGENTRY, 321@client-D4F11991EC07
2023-01-06 13:35:09,335 [s0@group-44EE5813AB9E-StateMachineUpdater] INFO  impl.StateMachineUpdater (StateMachineUpdater.java:takeSnapshot(290)) - s0@group-44EE5813AB9E-StateMachineUpdater: Took a snapshot at index 127
2023-01-06 13:35:09,335 [s0@group-44EE5813AB9E-StateMachineUpdater] INFO  impl.StateMachineUpdater (StateMachineUpdater.java:lambda$new$0(96)) - s0@group-44EE5813AB9E-StateMachineUpdater: snapshotIndex: updateIncreasingly 63 -> 127
2023-01-06 13:35:09,335 [s0@group-44EE5813AB9E-StateMachineUpdater] INFO  raftlog.RaftLog (RaftLogBase.java:purge(314)) - s0@group-44EE5813AB9E-SegmentedRaftLog: purge 127
2023-01-06 13:35:09,335 [s0@group-44EE5813AB9E-StateMachineUpdater] INFO  raftlog.RaftLog (RaftLogBase.java:lambda$new$0(53)) - s0@group-44EE5813AB9E-SegmentedRaftLog: snapshotIndex: updateIncreasingly 63 -> 127
2023-01-06 13:35:09,335 [s0@group-44EE5813AB9E-StateMachineUpdater] INFO  raftlog.RaftLog (RaftLogBase.java:lambda$new$0(53)) - s0@group-44EE5813AB9E-SegmentedRaftLog: purgeIndex: updateToMax old=63, new=127, updated? true
2023-01-06 13:35:09,336 [s0@group-44EE5813AB9E-StateMachineUpdater] INFO  impl.SimpleStateMachine4Testing (SimpleStateMachine4Testing.java:put(205)) - s0: put 129, m64 -> (t:1, i:129), STATEMACHINELOGENTRY, 322@client-D4F11991EC07
2023-01-06 13:35:09,339 [s0@group-44EE5813AB9E-StateMachineUpdater] INFO  impl.SimpleStateMachine4Testing (SimpleStateMachine4Testing.java:put(205)) - s0: put 131, m65 -> (t:1, i:131), STATEMACHINELOGENTRY, 323@client-D4F11991EC07
2023-01-06 13:35:09,342 [s0@group-44EE5813AB9E-StateMachineUpdater] INFO  impl.SimpleStateMachine4Testing (SimpleStateMachine4Testing.java:put(205)) - s0: put 133, m66 -> (t:1, i:133), STATEMACHINELOGENTRY, 324@client-D4F11991EC07
2023-01-06 13:35:09,345 [s0@group-44EE5813AB9E-StateMachineUpdater] INFO  impl.SimpleStateMachine4Testing (SimpleStateMachine4Testing.java:put(205)) - s0: put 135, m67 -> (t:1, i:135), STATEMACHINELOGENTRY, 325@client-D4F11991EC07
2023-01-06 13:35:09,348 [s0@group-44EE5813AB9E-StateMachineUpdater] INFO  impl.SimpleStateMachine4Testing (SimpleStateMachine4Testing.java:put(205)) - s0: put 137, m68 -> (t:1, i:137), STATEMACHINELOGENTRY, 326@client-D4F11991EC07
2023-01-06 13:35:09,351 [s0@group-44EE5813AB9E-StateMachineUpdater] INFO  impl.SimpleStateMachine4Testing (SimpleStateMachine4Testing.java:put(205)) - s0: put 139, m69 -> (t:1, i:139), STATEMACHINELOGENTRY, 327@client-D4F11991EC07
2023-01-06 13:35:09,354 [s0@group-44EE5813AB9E-StateMachineUpdater] INFO  impl.SimpleStateMachine4Testing (SimpleStateMachine4Testing.java:put(205)) - s0: put 141, m70 -> (t:1, i:141), STATEMACHINELOGENTRY, 328@client-D4F11991EC07
2023-01-06 13:35:09,357 [s0@group-44EE5813AB9E-StateMachineUpdater] INFO  impl.SimpleStateMachine4Testing (SimpleStateMachine4Testing.java:put(205)) - s0: put 143, m71 -> (t:1, i:143), STATEMACHINELOGENTRY, 329@client-D4F11991EC07
2023-01-06 13:35:09,360 [s0@group-44EE5813AB9E-StateMachineUpdater] INFO  impl.SimpleStateMachine4Testing (SimpleStateMachine4Testing.java:put(205)) - s0: put 145, m72 -> (t:1, i:145), STATEMACHINELOGENTRY, 330@client-D4F11991EC07
2023-01-06 13:35:09,363 [s0@group-44EE5813AB9E-StateMachineUpdater] INFO  impl.SimpleStateMachine4Testing (SimpleStateMachine4Testing.java:put(205)) - s0: put 147, m73 -> (t:1, i:147), STATEMACHINELOGENTRY, 331@client-D4F11991EC07
2023-01-06 13:35:09,366 [s0@group-44EE5813AB9E-StateMachineUpdater] INFO  impl.SimpleStateMachine4Testing (SimpleStateMachine4Testing.java:put(205)) - s0: put 149, m74 -> (t:1, i:149), STATEMACHINELOGENTRY, 332@client-D4F11991EC07
2023-01-06 13:35:09,369 [s0@group-44EE5813AB9E-StateMachineUpdater] INFO  impl.SimpleStateMachine4Testing (SimpleStateMachine4Testing.java:put(205)) - s0: put 151, m75 -> (t:1, i:151), STATEMACHINELOGENTRY, 333@client-D4F11991EC07
2023-01-06 13:35:09,372 [s0@group-44EE5813AB9E-StateMachineUpdater] INFO  impl.SimpleStateMachine4Testing (SimpleStateMachine4Testing.java:put(205)) - s0: put 153, m76 -> (t:1, i:153), STATEMACHINELOGENTRY, 334@client-D4F11991EC07
2023-01-06 13:35:09,375 [s0@group-44EE5813AB9E-StateMachineUpdater] INFO  impl.SimpleStateMachine4Testing (SimpleStateMachine4Testing.java:put(205)) - s0: put 155, m77 -> (t:1, i:155), STATEMACHINELOGENTRY, 335@client-D4F11991EC07
2023-01-06 13:35:09,378 [s0@group-44EE5813AB9E-StateMachineUpdater] INFO  impl.SimpleStateMachine4Testing (SimpleStateMachine4Testing.java:put(205)) - s0: put 157, m78 -> (t:1, i:157), STATEMACHINELOGENTRY, 336@client-D4F11991EC07
2023-01-06 13:35:09,381 [s0@group-44EE5813AB9E-StateMachineUpdater] INFO  impl.SimpleStateMachine4Testing (SimpleStateMachine4Testing.java:put(205)) - s0: put 159, m79 -> (t:1, i:159), STATEMACHINELOGENTRY, 337@client-D4F11991EC07
2023-01-06 13:35:09,384 [s0@group-44EE5813AB9E-StateMachineUpdater] INFO  impl.SimpleStateMachine4Testing (SimpleStateMachine4Testing.java:put(205)) - s0: put 161, m80 -> (t:1, i:161), STATEMACHINELOGENTRY, 338@client-D4F11991EC07
2023-01-06 13:35:09,386 [s0@group-44EE5813AB9E-StateMachineUpdater] INFO  impl.SimpleStateMachine4Testing (SimpleStateMachine4Testing.java:put(205)) - s0: put 163, m81 -> (t:1, i:163), STATEMACHINELOGENTRY, 339@client-D4F11991EC07
2023-01-06 13:35:09,389 [s0@group-44EE5813AB9E-StateMachineUpdater] INFO  impl.SimpleStateMachine4Testing (SimpleStateMachine4Testing.java:put(205)) - s0: put 165, m82 -> (t:1, i:165), STATEMACHINELOGENTRY, 340@client-D4F11991EC07
2023-01-06 13:35:09,392 [s0@group-44EE5813AB9E-StateMachineUpdater] INFO  impl.SimpleStateMachine4Testing (SimpleStateMachine4Testing.java:put(205)) - s0: put 167, m83 -> (t:1, i:167), STATEMACHINELOGENTRY, 341@client-D4F11991EC07
2023-01-06 13:35:09,394 [s0@group-44EE5813AB9E-StateMachineUpdater] INFO  impl.SimpleStateMachine4Testing (SimpleStateMachine4Testing.java:put(205)) - s0: put 169, m84 -> (t:1, i:169), STATEMACHINELOGENTRY, 342@client-D4F11991EC07
2023-01-06 13:35:09,397 [s0@group-44EE5813AB9E-StateMachineUpdater] INFO  impl.SimpleStateMachine4Testing (SimpleStateMachine4Testing.java:put(205)) - s0: put 171, m85 -> (t:1, i:171), STATEMACHINELOGENTRY, 343@client-D4F11991EC07
2023-01-06 13:35:09,400 [s0@group-44EE5813AB9E-StateMachineUpdater] INFO  impl.SimpleStateMachine4Testing (SimpleStateMachine4Testing.java:put(205)) - s0: put 173, m86 -> (t:1, i:173), STATEMACHINELOGENTRY, 344@client-D4F11991EC07
2023-01-06 13:35:09,403 [s0@group-44EE5813AB9E-StateMachineUpdater] INFO  impl.SimpleStateMachine4Testing (SimpleStateMachine4Testing.java:put(205)) - s0: put 175, m87 -> (t:1, i:175), STATEMACHINELOGENTRY, 345@client-D4F11991EC07
2023-01-06 13:35:09,406 [s0@group-44EE5813AB9E-StateMachineUpdater] INFO  impl.SimpleStateMachine4Testing (SimpleStateMachine4Testing.java:put(205)) - s0: put 177, m88 -> (t:1, i:177), STATEMACHINELOGENTRY, 346@client-D4F11991EC07
2023-01-06 13:35:09,410 [s0@group-44EE5813AB9E-StateMachineUpdater] INFO  impl.SimpleStateMachine4Testing (SimpleStateMachine4Testing.java:put(205)) - s0: put 179, m89 -> (t:1, i:179), STATEMACHINELOGENTRY, 347@client-D4F11991EC07
2023-01-06 13:35:09,413 [s0@group-44EE5813AB9E-StateMachineUpdater] INFO  impl.SimpleStateMachine4Testing (SimpleStateMachine4Testing.java:put(205)) - s0: put 181, m90 -> (t:1, i:181), STATEMACHINELOGENTRY, 348@client-D4F11991EC07
2023-01-06 13:35:09,416 [s0@group-44EE5813AB9E-StateMachineUpdater] INFO  impl.SimpleStateMachine4Testing (SimpleStateMachine4Testing.java:put(205)) - s0: put 183, m91 -> (t:1, i:183), STATEMACHINELOGENTRY, 349@client-D4F11991EC07
2023-01-06 13:35:09,419 [s0@group-44EE5813AB9E-StateMachineUpdater] INFO  impl.SimpleStateMachine4Testing (SimpleStateMachine4Testing.java:put(205)) - s0: put 185, m92 -> (t:1, i:185), STATEMACHINELOGENTRY, 350@client-D4F11991EC07
2023-01-06 13:35:09,422 [s0@group-44EE5813AB9E-StateMachineUpdater] INFO  impl.SimpleStateMachine4Testing (SimpleStateMachine4Testing.java:put(205)) - s0: put 187, m93 -> (t:1, i:187), STATEMACHINELOGENTRY, 351@client-D4F11991EC07
2023-01-06 13:35:09,425 [s0@group-44EE5813AB9E-StateMachineUpdater] INFO  impl.SimpleStateMachine4Testing (SimpleStateMachine4Testing.java:put(205)) - s0: put 189, m94 -> (t:1, i:189), STATEMACHINELOGENTRY, 352@client-D4F11991EC07
2023-01-06 13:35:09,428 [s0@group-44EE5813AB9E-StateMachineUpdater] INFO  impl.SimpleStateMachine4Testing (SimpleStateMachine4Testing.java:put(205)) - s0: put 191, m95 -> (t:1, i:191), STATEMACHINELOGENTRY, 353@client-D4F11991EC07
2023-01-06 13:35:09,445 [s0@group-44EE5813AB9E-StateMachineUpdater] INFO  impl.StateMachineUpdater (StateMachineUpdater.java:takeSnapshot(290)) - s0@group-44EE5813AB9E-StateMachineUpdater: Took a snapshot at index 191
2023-01-06 13:35:09,445 [s0@group-44EE5813AB9E-StateMachineUpdater] INFO  impl.StateMachineUpdater (StateMachineUpdater.java:lambda$new$0(96)) - s0@group-44EE5813AB9E-StateMachineUpdater: snapshotIndex: updateIncreasingly 127 -> 191
2023-01-06 13:35:09,446 [s0@group-44EE5813AB9E-StateMachineUpdater] INFO  raftlog.RaftLog (RaftLogBase.java:purge(314)) - s0@group-44EE5813AB9E-SegmentedRaftLog: purge 191
2023-01-06 13:35:09,446 [s0@group-44EE5813AB9E-StateMachineUpdater] INFO  raftlog.RaftLog (RaftLogBase.java:lambda$new$0(53)) - s0@group-44EE5813AB9E-SegmentedRaftLog: snapshotIndex: updateIncreasingly 127 -> 191
2023-01-06 13:35:09,446 [s0@group-44EE5813AB9E-StateMachineUpdater] INFO  raftlog.RaftLog (RaftLogBase.java:lambda$new$0(53)) - s0@group-44EE5813AB9E-SegmentedRaftLog: purgeIndex: updateToMax old=127, new=191, updated? true
2023-01-06 13:35:09,446 [s0@group-44EE5813AB9E-StateMachineUpdater] INFO  impl.SimpleStateMachine4Testing (SimpleStateMachine4Testing.java:put(205)) - s0: put 193, m96 -> (t:1, i:193), STATEMACHINELOGENTRY, 354@client-D4F11991EC07
2023-01-06 13:35:09,449 [s0@group-44EE5813AB9E-StateMachineUpdater] INFO  impl.SimpleStateMachine4Testing (SimpleStateMachine4Testing.java:put(205)) - s0: put 195, m97 -> (t:1, i:195), STATEMACHINELOGENTRY, 355@client-D4F11991EC07
2023-01-06 13:35:09,452 [s0@group-44EE5813AB9E-StateMachineUpdater] INFO  impl.SimpleStateMachine4Testing (SimpleStateMachine4Testing.java:put(205)) - s0: put 197, m98 -> (t:1, i:197), STATEMACHINELOGENTRY, 356@client-D4F11991EC07
2023-01-06 13:35:09,455 [s0@group-44EE5813AB9E-StateMachineUpdater] INFO  impl.SimpleStateMachine4Testing (SimpleStateMachine4Testing.java:put(205)) - s0: put 199, m99 -> (t:1, i:199), STATEMACHINELOGENTRY, 357@client-D4F11991EC07
2023-01-06 13:35:09,458 [s0@group-44EE5813AB9E-StateMachineUpdater] INFO  impl.SimpleStateMachine4Testing (SimpleStateMachine4Testing.java:put(205)) - s0: put 201, m100 -> (t:1, i:201), STATEMACHINELOGENTRY, 358@client-D4F11991EC07
2023-01-06 13:35:09,461 [s0@group-44EE5813AB9E-StateMachineUpdater] INFO  impl.SimpleStateMachine4Testing (SimpleStateMachine4Testing.java:put(205)) - s0: put 203, m101 -> (t:1, i:203), STATEMACHINELOGENTRY, 359@client-D4F11991EC07
2023-01-06 13:35:09,463 [s0@group-44EE5813AB9E-StateMachineUpdater] INFO  impl.SimpleStateMachine4Testing (SimpleStateMachine4Testing.java:put(205)) - s0: put 205, m102 -> (t:1, i:205), STATEMACHINELOGENTRY, 360@client-D4F11991EC07
2023-01-06 13:35:09,466 [s0@group-44EE5813AB9E-StateMachineUpdater] INFO  impl.SimpleStateMachine4Testing (SimpleStateMachine4Testing.java:put(205)) - s0: put 207, m103 -> (t:1, i:207), STATEMACHINELOGENTRY, 361@client-D4F11991EC07
2023-01-06 13:35:09,469 [s0@group-44EE5813AB9E-StateMachineUpdater] INFO  impl.SimpleStateMachine4Testing (SimpleStateMachine4Testing.java:put(205)) - s0: put 209, m104 -> (t:1, i:209), STATEMACHINELOGENTRY, 362@client-D4F11991EC07
2023-01-06 13:35:09,471 [s0@group-44EE5813AB9E-StateMachineUpdater] INFO  impl.SimpleStateMachine4Testing (SimpleStateMachine4Testing.java:put(205)) - s0: put 211, m105 -> (t:1, i:211), STATEMACHINELOGENTRY, 363@client-D4F11991EC07
2023-01-06 13:35:09,473 [s0@group-44EE5813AB9E-StateMachineUpdater] INFO  impl.SimpleStateMachine4Testing (SimpleStateMachine4Testing.java:put(205)) - s0: put 213, m106 -> (t:1, i:213), STATEMACHINELOGENTRY, 364@client-D4F11991EC07
2023-01-06 13:35:09,476 [s0@group-44EE5813AB9E-StateMachineUpdater] INFO  impl.SimpleStateMachine4Testing (SimpleStateMachine4Testing.java:put(205)) - s0: put 215, m107 -> (t:1, i:215), STATEMACHINELOGENTRY, 365@client-D4F11991EC07
2023-01-06 13:35:09,478 [s0@group-44EE5813AB9E-StateMachineUpdater] INFO  impl.SimpleStateMachine4Testing (SimpleStateMachine4Testing.java:put(205)) - s0: put 217, m108 -> (t:1, i:217), STATEMACHINELOGENTRY, 366@client-D4F11991EC07
2023-01-06 13:35:09,481 [s0@group-44EE5813AB9E-StateMachineUpdater] INFO  impl.SimpleStateMachine4Testing (SimpleStateMachine4Testing.java:put(205)) - s0: put 219, m109 -> (t:1, i:219), STATEMACHINELOGENTRY, 367@client-D4F11991EC07
2023-01-06 13:35:09,484 [s0@group-44EE5813AB9E-StateMachineUpdater] INFO  impl.SimpleStateMachine4Testing (SimpleStateMachine4Testing.java:put(205)) - s0: put 221, m110 -> (t:1, i:221), STATEMACHINELOGENTRY, 368@client-D4F11991EC07
2023-01-06 13:35:09,486 [s0@group-44EE5813AB9E-StateMachineUpdater] INFO  impl.SimpleStateMachine4Testing (SimpleStateMachine4Testing.java:put(205)) - s0: put 223, m111 -> (t:1, i:223), STATEMACHINELOGENTRY, 369@client-D4F11991EC07
2023-01-06 13:35:09,489 [s0@group-44EE5813AB9E-StateMachineUpdater] INFO  impl.SimpleStateMachine4Testing (SimpleStateMachine4Testing.java:put(205)) - s0: put 225, m112 -> (t:1, i:225), STATEMACHINELOGENTRY, 370@client-D4F11991EC07
2023-01-06 13:35:09,493 [s0@group-44EE5813AB9E-StateMachineUpdater] INFO  impl.SimpleStateMachine4Testing (SimpleStateMachine4Testing.java:put(205)) - s0: put 227, m113 -> (t:1, i:227), STATEMACHINELOGENTRY, 371@client-D4F11991EC07
2023-01-06 13:35:09,496 [s0@group-44EE5813AB9E-StateMachineUpdater] INFO  impl.SimpleStateMachine4Testing (SimpleStateMachine4Testing.java:put(205)) - s0: put 229, m114 -> (t:1, i:229), STATEMACHINELOGENTRY, 372@client-D4F11991EC07
2023-01-06 13:35:09,499 [s0@group-44EE5813AB9E-StateMachineUpdater] INFO  impl.SimpleStateMachine4Testing (SimpleStateMachine4Testing.java:put(205)) - s0: put 231, m115 -> (t:1, i:231), STATEMACHINELOGENTRY, 373@client-D4F11991EC07
2023-01-06 13:35:09,502 [s0@group-44EE5813AB9E-StateMachineUpdater] INFO  impl.SimpleStateMachine4Testing (SimpleStateMachine4Testing.java:put(205)) - s0: put 233, m116 -> (t:1, i:233), STATEMACHINELOGENTRY, 374@client-D4F11991EC07
2023-01-06 13:35:09,506 [s0@group-44EE5813AB9E-StateMachineUpdater] INFO  impl.SimpleStateMachine4Testing (SimpleStateMachine4Testing.java:put(205)) - s0: put 235, m117 -> (t:1, i:235), STATEMACHINELOGENTRY, 375@client-D4F11991EC07
2023-01-06 13:35:09,510 [s0@group-44EE5813AB9E-StateMachineUpdater] INFO  impl.SimpleStateMachine4Testing (SimpleStateMachine4Testing.java:put(205)) - s0: put 237, m118 -> (t:1, i:237), STATEMACHINELOGENTRY, 376@client-D4F11991EC07
2023-01-06 13:35:09,512 [s0@group-44EE5813AB9E-StateMachineUpdater] INFO  impl.SimpleStateMachine4Testing (SimpleStateMachine4Testing.java:put(205)) - s0: put 239, m119 -> (t:1, i:239), STATEMACHINELOGENTRY, 377@client-D4F11991EC07
2023-01-06 13:35:09,516 [s0@group-44EE5813AB9E-StateMachineUpdater] INFO  impl.SimpleStateMachine4Testing (SimpleStateMachine4Testing.java:put(205)) - s0: put 241, m120 -> (t:1, i:241), STATEMACHINELOGENTRY, 378@client-D4F11991EC07
2023-01-06 13:35:09,519 [s0@group-44EE5813AB9E-StateMachineUpdater] INFO  impl.SimpleStateMachine4Testing (SimpleStateMachine4Testing.java:put(205)) - s0: put 243, m121 -> (t:1, i:243), STATEMACHINELOGENTRY, 379@client-D4F11991EC07
2023-01-06 13:35:09,521 [s0@group-44EE5813AB9E-StateMachineUpdater] INFO  impl.SimpleStateMachine4Testing (SimpleStateMachine4Testing.java:put(205)) - s0: put 245, m122 -> (t:1, i:245), STATEMACHINELOGENTRY, 380@client-D4F11991EC07
2023-01-06 13:35:09,525 [s0@group-44EE5813AB9E-StateMachineUpdater] INFO  impl.SimpleStateMachine4Testing (SimpleStateMachine4Testing.java:put(205)) - s0: put 247, m123 -> (t:1, i:247), STATEMACHINELOGENTRY, 381@client-D4F11991EC07
2023-01-06 13:35:09,528 [s0@group-44EE5813AB9E-StateMachineUpdater] INFO  impl.SimpleStateMachine4Testing (SimpleStateMachine4Testing.java:put(205)) - s0: put 249, m124 -> (t:1, i:249), STATEMACHINELOGENTRY, 382@client-D4F11991EC07
2023-01-06 13:35:09,531 [s0@group-44EE5813AB9E-StateMachineUpdater] INFO  impl.SimpleStateMachine4Testing (SimpleStateMachine4Testing.java:put(205)) - s0: put 251, m125 -> (t:1, i:251), STATEMACHINELOGENTRY, 383@client-D4F11991EC07
2023-01-06 13:35:09,534 [s0@group-44EE5813AB9E-StateMachineUpdater] INFO  impl.SimpleStateMachine4Testing (SimpleStateMachine4Testing.java:put(205)) - s0: put 253, m126 -> (t:1, i:253), STATEMACHINELOGENTRY, 384@client-D4F11991EC07
2023-01-06 13:35:09,543 [s0-server-thread1] INFO  server.RaftServer$Division (RaftServerImpl.java:takeSnapshotAsync(1124)) - s0@group-44EE5813AB9E: takeSnapshotAsync SnapshotManagementRequest:client-D4F11991EC07->s0@group-44EE5813AB9E, cid=385, seq=0, RO, null, Create:
2023-01-06 13:35:09,543 [s0-server-thread1] INFO  server.RaftServerConfigKeys (ConfUtils.java:logGet(46)) - raft.server.snapshot.creation.gap = 1024 (default)
2023-01-06 13:35:09,546 [Time-limited test] INFO  impl.MiniRaftCluster (MiniRaftCluster.java:addNewPeers(464)) - Add new peers [s1, s2]
2023-01-06 13:35:09,546 [Time-limited test] INFO  impl.MiniRaftCluster (MiniRaftCluster.java:newRaftServer(382)) - newRaftServer: s1, group-44EE5813AB9E:[], format? true
2023-01-06 13:35:09,546 [Time-limited test] TRACE util.FileUtils (FileUtils.java:deleteFully(201)) - deleteFully target/test/data/d56066fe/MiniRaftClusterWithGrpc3bc8e3e1/s1
2023-01-06 13:35:09,547 [Time-limited test] TRACE util.FileUtils (FileUtils.java:deleteFully(217)) - deleteFully: target/test/data/d56066fe/MiniRaftClusterWithGrpc3bc8e3e1/s1 does not exist.
2023-01-06 13:35:09,547 [Time-limited test] INFO  impl.MiniRaftCluster (MiniRaftCluster.java:newRaftServer(387)) - Formatted directory target/test/data/d56066fe/MiniRaftClusterWithGrpc3bc8e3e1/s1
2023-01-06 13:35:09,547 [Time-limited test] INFO  server.RaftServer (ConfUtils.java:logGet(46)) - raft.rpc.type = GRPC (default)
2023-01-06 13:35:09,547 [Time-limited test] INFO  grpc.GrpcConfigKeys (ConfUtils.java:logFallback(53)) - raft.grpc.admin.host = null (fallback to raft.grpc.server.host)
2023-01-06 13:35:09,547 [Time-limited test] INFO  grpc.GrpcConfigKeys (ConfUtils.java:logFallback(53)) - raft.grpc.admin.port = 39661 (fallback to raft.grpc.server.port)
2023-01-06 13:35:09,547 [Time-limited test] INFO  grpc.GrpcConfigKeys (ConfUtils.java:logFallback(53)) - raft.grpc.client.host = null (fallback to raft.grpc.server.host)
2023-01-06 13:35:09,547 [Time-limited test] INFO  grpc.GrpcConfigKeys (ConfUtils.java:logFallback(53)) - raft.grpc.client.port = 39661 (fallback to raft.grpc.server.port)
2023-01-06 13:35:09,547 [Time-limited test] INFO  grpc.GrpcConfigKeys (ConfUtils.java:logGet(46)) - raft.grpc.server.host = null (default)
2023-01-06 13:35:09,547 [Time-limited test] INFO  grpc.GrpcConfigKeys (ConfUtils.java:logGet(46)) - raft.grpc.server.port = 39661 (custom)
2023-01-06 13:35:09,548 [Time-limited test] INFO  server.GrpcService (ConfUtils.java:logGet(46)) - raft.grpc.message.size.max = 64MB (=67108864) (default)
2023-01-06 13:35:09,548 [Time-limited test] INFO  server.RaftServerConfigKeys (ConfUtils.java:logGet(46)) - raft.server.log.appender.buffer.byte-limit = 4MB (=4194304) (default)
2023-01-06 13:35:09,548 [Time-limited test] INFO  server.GrpcService (ConfUtils.java:logGet(46)) - raft.grpc.flow.control.window = 1MB (=1048576) (default)
2023-01-06 13:35:09,548 [Time-limited test] INFO  server.RaftServerConfigKeys (ConfUtils.java:logGet(46)) - raft.server.rpc.request.timeout = 3000ms (default)
2023-01-06 13:35:09,548 [Time-limited test] INFO  grpc.GrpcConfigKeys (ConfUtils.java:logGet(46)) - raft.grpc.server.heartbeat.channel = true (default)
2023-01-06 13:35:09,548 [Time-limited test] INFO  grpc.GrpcConfigKeys (ConfUtils.java:logGet(46)) - raft.grpc.server.async.request.thread.pool.cached = true (default)
2023-01-06 13:35:09,548 [Time-limited test] INFO  grpc.GrpcConfigKeys (ConfUtils.java:logGet(46)) - raft.grpc.server.async.request.thread.pool.size = 32 (default)
2023-01-06 13:35:09,549 [Time-limited test] INFO  impl.DataStreamServerImpl (ConfUtils.java:logGet(46)) - raft.datastream.type = DISABLED (default)
2023-01-06 13:35:09,549 [Time-limited test] INFO  server.RaftServerConfigKeys (ConfUtils.java:logGet(46)) - raft.server.threadpool.proxy.cached = true (default)
2023-01-06 13:35:09,549 [Time-limited test] INFO  server.RaftServerConfigKeys (ConfUtils.java:logGet(46)) - raft.server.threadpool.proxy.size = 0 (default)
2023-01-06 13:35:09,549 [Time-limited test] INFO  server.RaftServerConfigKeys (ConfUtils.java:logGet(46)) - raft.server.rpc.slowness.timeout = 60s (default)
2023-01-06 13:35:09,549 [Time-limited test] INFO  server.RaftServerConfigKeys (ConfUtils.java:logGet(46)) - raft.server.leaderelection.leader.step-down.wait-time = 10s (default)
2023-01-06 13:35:09,549 [Time-limited test] INFO  server.RaftServerConfigKeys (ConfUtils.java:logGet(46)) - raft.server.storage.dir = [/home/runner/work/ratis/ratis/ratis-test/target/test/data/d56066fe/MiniRaftClusterWithGrpc3bc8e3e1/s1] (custom)
2023-01-06 13:35:09,550 [Time-limited test] INFO  server.RaftServer (RaftServerProxy.java:addNew(99)) - s1: addNew group-44EE5813AB9E:[] returns group-44EE5813AB9E:java.util.concurrent.CompletableFuture@43bdfd71[Not completed]
2023-01-06 13:35:09,550 [Time-limited test] INFO  impl.MiniRaftCluster (MiniRaftCluster.java:newRaftServer(382)) - newRaftServer: s2, group-44EE5813AB9E:[], format? true
2023-01-06 13:35:09,550 [Time-limited test] TRACE util.FileUtils (FileUtils.java:deleteFully(201)) - deleteFully target/test/data/d56066fe/MiniRaftClusterWithGrpc3bc8e3e1/s2
2023-01-06 13:35:09,550 [Time-limited test] TRACE util.FileUtils (FileUtils.java:deleteFully(217)) - deleteFully: target/test/data/d56066fe/MiniRaftClusterWithGrpc3bc8e3e1/s2 does not exist.
2023-01-06 13:35:09,550 [Time-limited test] INFO  impl.MiniRaftCluster (MiniRaftCluster.java:newRaftServer(387)) - Formatted directory target/test/data/d56066fe/MiniRaftClusterWithGrpc3bc8e3e1/s2
2023-01-06 13:35:09,551 [Time-limited test] INFO  server.RaftServer (ConfUtils.java:logGet(46)) - raft.rpc.type = GRPC (default)
2023-01-06 13:35:09,551 [Time-limited test] INFO  grpc.GrpcConfigKeys (ConfUtils.java:logFallback(53)) - raft.grpc.admin.host = null (fallback to raft.grpc.server.host)
2023-01-06 13:35:09,551 [Time-limited test] INFO  grpc.GrpcConfigKeys (ConfUtils.java:logFallback(53)) - raft.grpc.admin.port = 37609 (fallback to raft.grpc.server.port)
2023-01-06 13:35:09,551 [Time-limited test] INFO  grpc.GrpcConfigKeys (ConfUtils.java:logFallback(53)) - raft.grpc.client.host = null (fallback to raft.grpc.server.host)
2023-01-06 13:35:09,551 [Time-limited test] INFO  grpc.GrpcConfigKeys (ConfUtils.java:logFallback(53)) - raft.grpc.client.port = 37609 (fallback to raft.grpc.server.port)
2023-01-06 13:35:09,551 [Time-limited test] INFO  grpc.GrpcConfigKeys (ConfUtils.java:logGet(46)) - raft.grpc.server.host = null (default)
2023-01-06 13:35:09,551 [Time-limited test] INFO  grpc.GrpcConfigKeys (ConfUtils.java:logGet(46)) - raft.grpc.server.port = 37609 (custom)
2023-01-06 13:35:09,551 [Time-limited test] INFO  server.GrpcService (ConfUtils.java:logGet(46)) - raft.grpc.message.size.max = 64MB (=67108864) (default)
2023-01-06 13:35:09,551 [Time-limited test] INFO  server.RaftServerConfigKeys (ConfUtils.java:logGet(46)) - raft.server.log.appender.buffer.byte-limit = 4MB (=4194304) (default)
2023-01-06 13:35:09,551 [Time-limited test] INFO  server.GrpcService (ConfUtils.java:logGet(46)) - raft.grpc.flow.control.window = 1MB (=1048576) (default)
2023-01-06 13:35:09,551 [Time-limited test] INFO  server.RaftServerConfigKeys (ConfUtils.java:logGet(46)) - raft.server.rpc.request.timeout = 3000ms (default)
2023-01-06 13:35:09,551 [Time-limited test] INFO  grpc.GrpcConfigKeys (ConfUtils.java:logGet(46)) - raft.grpc.server.heartbeat.channel = true (default)
2023-01-06 13:35:09,551 [Time-limited test] INFO  grpc.GrpcConfigKeys (ConfUtils.java:logGet(46)) - raft.grpc.server.async.request.thread.pool.cached = true (default)
2023-01-06 13:35:09,552 [Time-limited test] INFO  grpc.GrpcConfigKeys (ConfUtils.java:logGet(46)) - raft.grpc.server.async.request.thread.pool.size = 32 (default)
2023-01-06 13:35:09,552 [Time-limited test] INFO  impl.DataStreamServerImpl (ConfUtils.java:logGet(46)) - raft.datastream.type = DISABLED (default)
2023-01-06 13:35:09,552 [Time-limited test] INFO  server.RaftServerConfigKeys (ConfUtils.java:logGet(46)) - raft.server.threadpool.proxy.cached = true (default)
2023-01-06 13:35:09,552 [Time-limited test] INFO  server.RaftServerConfigKeys (ConfUtils.java:logGet(46)) - raft.server.threadpool.proxy.size = 0 (default)
2023-01-06 13:35:09,552 [Time-limited test] INFO  server.RaftServerConfigKeys (ConfUtils.java:logGet(46)) - raft.server.rpc.slowness.timeout = 60s (default)
2023-01-06 13:35:09,552 [Time-limited test] INFO  server.RaftServerConfigKeys (ConfUtils.java:logGet(46)) - raft.server.leaderelection.leader.step-down.wait-time = 10s (default)
2023-01-06 13:35:09,553 [Time-limited test] INFO  server.RaftServerConfigKeys (ConfUtils.java:logGet(46)) - raft.server.storage.dir = [/home/runner/work/ratis/ratis/ratis-test/target/test/data/d56066fe/MiniRaftClusterWithGrpc3bc8e3e1/s2] (custom)
2023-01-06 13:35:09,553 [pool-10-thread-1] INFO  server.RaftServerConfigKeys (ConfUtils.java:logGet(46)) - raft.server.log.segment.size.max = 8MB (=8388608) (default)
2023-01-06 13:35:09,554 [pool-10-thread-1] INFO  server.RaftServerConfigKeys (ConfUtils.java:logGet(46)) - raft.server.log.preallocated.size = 4MB (=4194304) (default)
2023-01-06 13:35:09,554 [pool-10-thread-1] INFO  server.RaftServerConfigKeys (ConfUtils.java:logGet(46)) - raft.server.log.write.buffer.size = 64KB (=65536) (default)
2023-01-06 13:35:09,554 [pool-10-thread-1] INFO  server.RaftServer$Division (RaftServerImpl.java:<init>(198)) - s1: new RaftServerImpl for group-44EE5813AB9E:[] with StateMachineWithMultiNestedSnapshotFile:uninitialized
2023-01-06 13:35:09,554 [pool-10-thread-1] INFO  server.RaftServerConfigKeys (ConfUtils.java:logGet(46)) - raft.server.rpc.timeout.min = 150ms (default)
2023-01-06 13:35:09,554 [pool-10-thread-1] INFO  server.RaftServerConfigKeys (ConfUtils.java:logGet(46)) - raft.server.rpc.timeout.max = 300ms (default)
2023-01-06 13:35:09,554 [pool-10-thread-1] INFO  server.RaftServerConfigKeys (ConfUtils.java:logGet(46)) - raft.server.rpc.sleep.time = 25ms (default)
2023-01-06 13:35:09,554 [pool-10-thread-1] INFO  server.RaftServerConfigKeys (ConfUtils.java:logGet(46)) - raft.server.rpc.slowness.timeout = 60s (default)
2023-01-06 13:35:09,554 [pool-10-thread-1] INFO  server.RaftServerConfigKeys (ConfUtils.java:logGet(46)) - raft.server.leaderelection.leader.step-down.wait-time = 10s (default)
2023-01-06 13:35:09,554 [pool-10-thread-1] INFO  server.RaftServerConfigKeys (ConfUtils.java:logGet(46)) - raft.server.sleep.deviation.threshold = 300ms (default)
2023-01-06 13:35:09,554 [pool-10-thread-1] INFO  server.RaftServer$Division (ServerState.java:<init>(113)) - s1@group-44EE5813AB9E: ConfigurationManager, init=-1: peers:[]|listeners:[], old=null, confs=<EMPTY_MAP>
2023-01-06 13:35:09,554 [pool-10-thread-1] INFO  server.RaftServerConfigKeys (ConfUtils.java:logGet(46)) - raft.server.notification.no-leader.timeout = 60s (default)
2023-01-06 13:35:09,554 [pool-10-thread-1] INFO  server.RaftServerConfigKeys (ConfUtils.java:logGet(46)) - raft.server.read.timeout = 10s (default)
2023-01-06 13:35:09,554 [pool-10-thread-1] INFO  server.RaftServerConfigKeys (ConfUtils.java:logGet(46)) - raft.server.retrycache.expirytime = 60s (default)
2023-01-06 13:35:09,554 [pool-10-thread-1] INFO  server.RaftServerConfigKeys (ConfUtils.java:logGet(46)) - raft.server.retrycache.statistics.expirytime = 100μs (default)
2023-01-06 13:35:09,554 [pool-10-thread-1] INFO  server.RaftServerConfigKeys (ConfUtils.java:logGet(46)) - raft.server.read.option = DEFAULT (default)
2023-01-06 13:35:09,557 [pool-10-thread-1] INFO  server.RaftServerConfigKeys (ConfUtils.java:logGet(46)) - raft.server.log.appender.install.snapshot.enabled = true (default)
2023-01-06 13:35:09,557 [pool-10-thread-1] INFO  server.RaftServerConfigKeys (ConfUtils.java:logGet(46)) - raft.server.threadpool.server.cached = true (default)
2023-01-06 13:35:09,557 [pool-10-thread-1] INFO  server.RaftServerConfigKeys (ConfUtils.java:logGet(46)) - raft.server.threadpool.server.size = 0 (default)
2023-01-06 13:35:09,557 [pool-10-thread-1] INFO  server.RaftServerConfigKeys (ConfUtils.java:logGet(46)) - raft.server.threadpool.client.cached = true (default)
2023-01-06 13:35:09,557 [pool-10-thread-1] INFO  server.RaftServerConfigKeys (ConfUtils.java:logGet(46)) - raft.server.threadpool.client.size = 0 (default)
2023-01-06 13:35:09,557 [Time-limited test] INFO  server.RaftServer (RaftServerProxy.java:addNew(99)) - s2: addNew group-44EE5813AB9E:[] returns group-44EE5813AB9E:java.util.concurrent.CompletableFuture@41bf1647[Not completed]
2023-01-06 13:35:09,557 [s1-impl-thread1] INFO  server.RaftServerConfigKeys (ConfUtils.java:logGet(46)) - raft.server.storage.free-space.min = 0MB (=0) (default)
2023-01-06 13:35:09,557 [s1-impl-thread1] INFO  server.RaftServerConfigKeys (ConfUtils.java:logGet(46)) - raft.server.log.corruption.policy = EXCEPTION (default)
2023-01-06 13:35:09,558 [s1-impl-thread1] INFO  server.RaftServerConfigKeys (ConfUtils.java:logGet(46)) - raft.server.storage.dir = [/home/runner/work/ratis/ratis/ratis-test/target/test/data/d56066fe/MiniRaftClusterWithGrpc3bc8e3e1/s1] (custom)
2023-01-06 13:35:09,558 [s1-impl-thread1] INFO  storage.RaftStorageDirectory (RaftStorageDirectoryImpl.java:analyzeStorage(138)) - The storage directory /home/runner/work/ratis/ratis/ratis-test/target/test/data/d56066fe/MiniRaftClusterWithGrpc3bc8e3e1/s1/f5296d54-6f71-4491-948a-44ee5813ab9e does not exist. Creating ...
2023-01-06 13:35:09,558 [s1-impl-thread1] TRACE util.FileUtils (LogUtils.java:runAndLog(49)) - Successfully ran Files.createDirectories /home/runner/work/ratis/ratis/ratis-test/target/test/data/d56066fe/MiniRaftClusterWithGrpc3bc8e3e1/s1/f5296d54-6f71-4491-948a-44ee5813ab9e
2023-01-06 13:35:09,559 [pool-11-thread-1] INFO  server.RaftServerConfigKeys (ConfUtils.java:logGet(46)) - raft.server.log.segment.size.max = 8MB (=8388608) (default)
2023-01-06 13:35:09,559 [pool-11-thread-1] INFO  server.RaftServerConfigKeys (ConfUtils.java:logGet(46)) - raft.server.log.preallocated.size = 4MB (=4194304) (default)
2023-01-06 13:35:09,559 [pool-11-thread-1] INFO  server.RaftServerConfigKeys (ConfUtils.java:logGet(46)) - raft.server.log.write.buffer.size = 64KB (=65536) (default)
2023-01-06 13:35:09,559 [pool-11-thread-1] INFO  server.RaftServer$Division (RaftServerImpl.java:<init>(198)) - s2: new RaftServerImpl for group-44EE5813AB9E:[] with StateMachineWithMultiNestedSnapshotFile:uninitialized
2023-01-06 13:35:09,559 [pool-11-thread-1] INFO  server.RaftServerConfigKeys (ConfUtils.java:logGet(46)) - raft.server.rpc.timeout.min = 150ms (default)
2023-01-06 13:35:09,559 [pool-11-thread-1] INFO  server.RaftServerConfigKeys (ConfUtils.java:logGet(46)) - raft.server.rpc.timeout.max = 300ms (default)
2023-01-06 13:35:09,559 [pool-11-thread-1] INFO  server.RaftServerConfigKeys (ConfUtils.java:logGet(46)) - raft.server.rpc.sleep.time = 25ms (default)
2023-01-06 13:35:09,559 [pool-11-thread-1] INFO  server.RaftServerConfigKeys (ConfUtils.java:logGet(46)) - raft.server.rpc.slowness.timeout = 60s (default)
2023-01-06 13:35:09,559 [pool-11-thread-1] INFO  server.RaftServerConfigKeys (ConfUtils.java:logGet(46)) - raft.server.leaderelection.leader.step-down.wait-time = 10s (default)
2023-01-06 13:35:09,559 [pool-11-thread-1] INFO  server.RaftServerConfigKeys (ConfUtils.java:logGet(46)) - raft.server.sleep.deviation.threshold = 300ms (default)
2023-01-06 13:35:09,559 [pool-11-thread-1] INFO  server.RaftServer$Division (ServerState.java:<init>(113)) - s2@group-44EE5813AB9E: ConfigurationManager, init=-1: peers:[]|listeners:[], old=null, confs=<EMPTY_MAP>
2023-01-06 13:35:09,560 [pool-11-thread-1] INFO  server.RaftServerConfigKeys (ConfUtils.java:logGet(46)) - raft.server.notification.no-leader.timeout = 60s (default)
2023-01-06 13:35:09,560 [pool-11-thread-1] INFO  server.RaftServerConfigKeys (ConfUtils.java:logGet(46)) - raft.server.read.timeout = 10s (default)
2023-01-06 13:35:09,560 [pool-11-thread-1] INFO  server.RaftServerConfigKeys (ConfUtils.java:logGet(46)) - raft.server.retrycache.expirytime = 60s (default)
2023-01-06 13:35:09,560 [pool-11-thread-1] INFO  server.RaftServerConfigKeys (ConfUtils.java:logGet(46)) - raft.server.retrycache.statistics.expirytime = 100μs (default)
2023-01-06 13:35:09,560 [s1-impl-thread1] INFO  storage.RaftStorageDirectory (RaftStorageDirectoryImpl.java:tryLock(232)) - Lock on /home/runner/work/ratis/ratis/ratis-test/target/test/data/d56066fe/MiniRaftClusterWithGrpc3bc8e3e1/s1/f5296d54-6f71-4491-948a-44ee5813ab9e/in_use.lock acquired by nodename 9439@fv-az200-218
2023-01-06 13:35:09,560 [s1-impl-thread1] TRACE util.FileUtils (LogUtils.java:runAndLog(49)) - Successfully ran Files.createDirectories /home/runner/work/ratis/ratis/ratis-test/target/test/data/d56066fe/MiniRaftClusterWithGrpc3bc8e3e1/s1/f5296d54-6f71-4491-948a-44ee5813ab9e/current
2023-01-06 13:35:09,560 [s1-impl-thread1] TRACE util.FileUtils (LogUtils.java:runAndLog(49)) - Successfully ran Files.createDirectories /home/runner/work/ratis/ratis/ratis-test/target/test/data/d56066fe/MiniRaftClusterWithGrpc3bc8e3e1/s1/f5296d54-6f71-4491-948a-44ee5813ab9e/sm
2023-01-06 13:35:09,561 [pool-11-thread-1] INFO  server.RaftServerConfigKeys (ConfUtils.java:logGet(46)) - raft.server.read.option = DEFAULT (default)
2023-01-06 13:35:09,562 [s1-impl-thread1] INFO  storage.RaftStorage (RaftStorageImpl.java:format(96)) - Storage directory /home/runner/work/ratis/ratis/ratis-test/target/test/data/d56066fe/MiniRaftClusterWithGrpc3bc8e3e1/s1/f5296d54-6f71-4491-948a-44ee5813ab9e has been successfully formatted.
2023-01-06 13:35:09,563 [s1-impl-thread1] INFO  impl.SimpleStateMachine4Testing (SimpleStateMachine4Testing.java:initialize(213)) - Initializing StateMachineWithMultiNestedSnapshotFile:uninitialized
2023-01-06 13:35:09,563 [s1-impl-thread1] INFO  impl.SimpleStateMachine4Testing (SimpleStateMachine4Testing.java:loadSnapshot(293)) - Loading snapshot null
2023-01-06 13:35:09,563 [s1-impl-thread1] INFO  server.RaftServerConfigKeys (ConfUtils.java:logGet(46)) - raft.server.log.use.memory = false (default)
2023-01-06 13:35:09,563 [s1-impl-thread1] INFO  server.RaftServerConfigKeys (ConfUtils.java:logGet(46)) - raft.server.log.purge.gap = 8 (custom)
2023-01-06 13:35:09,563 [s1-impl-thread1] INFO  server.RaftServerConfigKeys (ConfUtils.java:logGet(46)) - raft.server.log.appender.buffer.byte-limit = 4MB (=4194304) (default)
2023-01-06 13:35:09,563 [s1-impl-thread1] INFO  server.RaftServerConfigKeys (ConfUtils.java:logGet(46)) - raft.server.log.statemachine.data.read.timeout = 1000ms (default)
2023-01-06 13:35:09,563 [s1-impl-thread1] INFO  server.RaftServerConfigKeys (ConfUtils.java:logGet(46)) - raft.server.log.purge.preservation.log.num = 0 (default)
2023-01-06 13:35:09,564 [s1-impl-thread1] INFO  server.RaftServerConfigKeys (ConfUtils.java:logGet(46)) - raft.server.log.segment.size.max = 8MB (=8388608) (default)
2023-01-06 13:35:09,564 [s1-impl-thread1] INFO  server.RaftServerConfigKeys (ConfUtils.java:logGet(46)) - raft.server.log.segment.cache.num.max = 6 (default)
2023-01-06 13:35:09,564 [s1-impl-thread1] INFO  server.RaftServerConfigKeys (ConfUtils.java:logGet(46)) - raft.server.log.segment.cache.size.max = 200MB (=209715200) (default)
2023-01-06 13:35:09,564 [s1-impl-thread1] INFO  segmented.SegmentedRaftLogWorker (SegmentedRaftLogWorker.java:<init>(184)) - new s1@group-44EE5813AB9E-SegmentedRaftLogWorker for RaftStorageImpl:Storage Directory /home/runner/work/ratis/ratis/ratis-test/target/test/data/d56066fe/MiniRaftClusterWithGrpc3bc8e3e1/s1/f5296d54-6f71-4491-948a-44ee5813ab9e
2023-01-06 13:35:09,564 [s1-impl-thread1] INFO  server.RaftServerConfigKeys (ConfUtils.java:logGet(46)) - raft.server.log.queue.byte-limit = 64MB (=67108864) (default)
2023-01-06 13:35:09,564 [s1-impl-thread1] INFO  server.RaftServerConfigKeys (ConfUtils.java:logGet(46)) - raft.server.log.queue.element-limit = 4096 (default)
2023-01-06 13:35:09,564 [s1-impl-thread1] INFO  server.RaftServerConfigKeys (ConfUtils.java:logGet(46)) - raft.server.log.segment.size.max = 8MB (=8388608) (default)
2023-01-06 13:35:09,564 [s1-impl-thread1] INFO  server.RaftServerConfigKeys (ConfUtils.java:logGet(46)) - raft.server.log.preallocated.size = 4MB (=4194304) (default)
2023-01-06 13:35:09,564 [s1-impl-thread1] INFO  server.RaftServerConfigKeys (ConfUtils.java:logGet(46)) - raft.server.log.force.sync.num = 128 (default)
2023-01-06 13:35:09,564 [s1-impl-thread1] INFO  server.RaftServerConfigKeys (ConfUtils.java:logGet(46)) - raft.server.log.statemachine.data.sync = true (default)
2023-01-06 13:35:09,564 [s1-impl-thread1] INFO  server.RaftServerConfigKeys (ConfUtils.java:logGet(46)) - raft.server.log.statemachine.data.sync.timeout = 10s (default)
2023-01-06 13:35:09,564 [s1-impl-thread1] INFO  server.RaftServerConfigKeys (ConfUtils.java:logGet(46)) - raft.server.log.statemachine.data.sync.timeout.retry = -1 (default)
2023-01-06 13:35:09,564 [s1-impl-thread1] INFO  server.RaftServerConfigKeys (ConfUtils.java:logGet(46)) - raft.server.log.write.buffer.size = 64KB (=65536) (default)
2023-01-06 13:35:09,564 [s1-impl-thread1] INFO  server.RaftServerConfigKeys (ConfUtils.java:logGet(46)) - raft.server.log.appender.buffer.byte-limit = 4MB (=4194304) (default)
2023-01-06 13:35:09,567 [s1-impl-thread1] INFO  server.RaftServerConfigKeys (ConfUtils.java:logGet(46)) - raft.server.log.unsafe-flush.enabled = false (default)
2023-01-06 13:35:09,567 [s1-impl-thread1] INFO  server.RaftServerConfigKeys (ConfUtils.java:logGet(46)) - raft.server.log.async-flush.enabled = false (default)
2023-01-06 13:35:09,567 [s1-impl-thread1] INFO  server.RaftServerConfigKeys (ConfUtils.java:logGet(46)) - raft.server.log.statemachine.data.caching.enabled = false (default)
2023-01-06 13:35:09,567 [s1-impl-thread1] INFO  segmented.SegmentedRaftLogWorker (SegmentedRaftLogWorker.java:lambda$new$0(134)) - s1@group-44EE5813AB9E-SegmentedRaftLogWorker: flushIndex: setUnconditionally 0 -> -1
2023-01-06 13:35:09,567 [s1-impl-thread1] INFO  segmented.SegmentedRaftLogWorker (SegmentedRaftLogWorker.java:lambda$new$0(134)) - s1@group-44EE5813AB9E-SegmentedRaftLogWorker: safeCacheEvictIndex: setUnconditionally 0 -> -1
2023-01-06 13:35:09,569 [pool-11-thread-1] INFO  server.RaftServerConfigKeys (ConfUtils.java:logGet(46)) - raft.server.log.appender.install.snapshot.enabled = true (default)
2023-01-06 13:35:09,569 [pool-11-thread-1] INFO  server.RaftServerConfigKeys (ConfUtils.java:logGet(46)) - raft.server.threadpool.server.cached = true (default)
2023-01-06 13:35:09,569 [pool-11-thread-1] INFO  server.RaftServerConfigKeys (ConfUtils.java:logGet(46)) - raft.server.threadpool.server.size = 0 (default)
2023-01-06 13:35:09,569 [pool-11-thread-1] INFO  server.RaftServerConfigKeys (ConfUtils.java:logGet(46)) - raft.server.threadpool.client.cached = true (default)
2023-01-06 13:35:09,570 [pool-11-thread-1] INFO  server.RaftServerConfigKeys (ConfUtils.java:logGet(46)) - raft.server.threadpool.client.size = 0 (default)
2023-01-06 13:35:09,574 [s1-impl-thread1] INFO  server.RaftServer$Division (RaftServerImpl.java:start(344)) - s1@group-44EE5813AB9E: start with initializing state, conf=-1: peers:[]|listeners:[], old=null
2023-01-06 13:35:09,574 [s1-impl-thread1] INFO  server.RaftServer$Division (RaftServerImpl.java:setRole(325)) - s1@group-44EE5813AB9E: changes role from      null to FOLLOWER at term 0 for startInitializing
2023-01-06 13:35:09,574 [s1-impl-thread1] INFO  util.JmxRegister (JmxRegister.java:tryRegister(44)) - Successfully registered JMX Bean with object name Ratis:service=RaftServer,group=group-44EE5813AB9E,id=s1
2023-01-06 13:35:09,574 [s1-impl-thread1] INFO  server.RaftServerConfigKeys (ConfUtils.java:logGet(46)) - raft.server.snapshot.auto.trigger.enabled = true (custom)
2023-01-06 13:35:09,574 [s1-impl-thread1] INFO  server.RaftServerConfigKeys (ConfUtils.java:logGet(46)) - raft.server.snapshot.auto.trigger.threshold = 64 (custom)
2023-01-06 13:35:09,574 [s1-impl-thread1] INFO  server.RaftServerConfigKeys (ConfUtils.java:logGet(46)) - raft.server.snapshot.retention.file.num = -1 (default)
2023-01-06 13:35:09,574 [s1-impl-thread1] INFO  server.RaftServerConfigKeys (ConfUtils.java:logGet(46)) - raft.server.log.purge.upto.snapshot.index = false (default)
2023-01-06 13:35:09,575 [Time-limited test] INFO  server.RaftServer (RaftServerProxy.java:startImpl(396)) - s1: start RPC server
2023-01-06 13:35:09,576 [Time-limited test] INFO  server.GrpcService (GrpcService.java:startImpl(302)) - s1: GrpcService started, listening on 39661
2023-01-06 13:35:09,578 [s2-impl-thread1] INFO  server.RaftServerConfigKeys (ConfUtils.java:logGet(46)) - raft.server.storage.free-space.min = 0MB (=0) (default)
2023-01-06 13:35:09,578 [JvmPauseMonitor7] INFO  util.JvmPauseMonitor (JvmPauseMonitor.java:run(105)) - JvmPauseMonitor-s1: Started
2023-01-06 13:35:09,578 [s2-impl-thread1] INFO  server.RaftServerConfigKeys (ConfUtils.java:logGet(46)) - raft.server.log.corruption.policy = EXCEPTION (default)
2023-01-06 13:35:09,578 [s2-impl-thread1] INFO  server.RaftServerConfigKeys (ConfUtils.java:logGet(46)) - raft.server.storage.dir = [/home/runner/work/ratis/ratis/ratis-test/target/test/data/d56066fe/MiniRaftClusterWithGrpc3bc8e3e1/s2] (custom)
2023-01-06 13:35:09,578 [s2-impl-thread1] INFO  storage.RaftStorageDirectory (RaftStorageDirectoryImpl.java:analyzeStorage(138)) - The storage directory /home/runner/work/ratis/ratis/ratis-test/target/test/data/d56066fe/MiniRaftClusterWithGrpc3bc8e3e1/s2/f5296d54-6f71-4491-948a-44ee5813ab9e does not exist. Creating ...
2023-01-06 13:35:09,578 [s2-impl-thread1] TRACE util.FileUtils (LogUtils.java:runAndLog(49)) - Successfully ran Files.createDirectories /home/runner/work/ratis/ratis/ratis-test/target/test/data/d56066fe/MiniRaftClusterWithGrpc3bc8e3e1/s2/f5296d54-6f71-4491-948a-44ee5813ab9e
2023-01-06 13:35:09,580 [s2-impl-thread1] INFO  storage.RaftStorageDirectory (RaftStorageDirectoryImpl.java:tryLock(232)) - Lock on /home/runner/work/ratis/ratis/ratis-test/target/test/data/d56066fe/MiniRaftClusterWithGrpc3bc8e3e1/s2/f5296d54-6f71-4491-948a-44ee5813ab9e/in_use.lock acquired by nodename 9439@fv-az200-218
2023-01-06 13:35:09,580 [s2-impl-thread1] TRACE util.FileUtils (LogUtils.java:runAndLog(49)) - Successfully ran Files.createDirectories /home/runner/work/ratis/ratis/ratis-test/target/test/data/d56066fe/MiniRaftClusterWithGrpc3bc8e3e1/s2/f5296d54-6f71-4491-948a-44ee5813ab9e/current
2023-01-06 13:35:09,580 [s2-impl-thread1] TRACE util.FileUtils (LogUtils.java:runAndLog(49)) - Successfully ran Files.createDirectories /home/runner/work/ratis/ratis/ratis-test/target/test/data/d56066fe/MiniRaftClusterWithGrpc3bc8e3e1/s2/f5296d54-6f71-4491-948a-44ee5813ab9e/sm
2023-01-06 13:35:09,582 [s2-impl-thread1] INFO  storage.RaftStorage (RaftStorageImpl.java:format(96)) - Storage directory /home/runner/work/ratis/ratis/ratis-test/target/test/data/d56066fe/MiniRaftClusterWithGrpc3bc8e3e1/s2/f5296d54-6f71-4491-948a-44ee5813ab9e has been successfully formatted.
2023-01-06 13:35:09,582 [s2-impl-thread1] INFO  impl.SimpleStateMachine4Testing (SimpleStateMachine4Testing.java:initialize(213)) - Initializing StateMachineWithMultiNestedSnapshotFile:uninitialized
2023-01-06 13:35:09,582 [s2-impl-thread1] INFO  impl.SimpleStateMachine4Testing (SimpleStateMachine4Testing.java:loadSnapshot(293)) - Loading snapshot null
2023-01-06 13:35:09,582 [s2-impl-thread1] INFO  server.RaftServerConfigKeys (ConfUtils.java:logGet(46)) - raft.server.log.use.memory = false (default)
2023-01-06 13:35:09,582 [s2-impl-thread1] INFO  server.RaftServerConfigKeys (ConfUtils.java:logGet(46)) - raft.server.log.purge.gap = 8 (custom)
2023-01-06 13:35:09,582 [s2-impl-thread1] INFO  server.RaftServerConfigKeys (ConfUtils.java:logGet(46)) - raft.server.log.appender.buffer.byte-limit = 4MB (=4194304) (default)
2023-01-06 13:35:09,582 [s2-impl-thread1] INFO  server.RaftServerConfigKeys (ConfUtils.java:logGet(46)) - raft.server.log.statemachine.data.read.timeout = 1000ms (default)
2023-01-06 13:35:09,582 [s2-impl-thread1] INFO  server.RaftServerConfigKeys (ConfUtils.java:logGet(46)) - raft.server.log.purge.preservation.log.num = 0 (default)
2023-01-06 13:35:09,583 [s2-impl-thread1] INFO  server.RaftServerConfigKeys (ConfUtils.java:logGet(46)) - raft.server.log.segment.size.max = 8MB (=8388608) (default)
2023-01-06 13:35:09,583 [s2-impl-thread1] INFO  server.RaftServerConfigKeys (ConfUtils.java:logGet(46)) - raft.server.log.segment.cache.num.max = 6 (default)
2023-01-06 13:35:09,583 [s2-impl-thread1] INFO  server.RaftServerConfigKeys (ConfUtils.java:logGet(46)) - raft.server.log.segment.cache.size.max = 200MB (=209715200) (default)
2023-01-06 13:35:09,583 [s2-impl-thread1] INFO  segmented.SegmentedRaftLogWorker (SegmentedRaftLogWorker.java:<init>(184)) - new s2@group-44EE5813AB9E-SegmentedRaftLogWorker for RaftStorageImpl:Storage Directory /home/runner/work/ratis/ratis/ratis-test/target/test/data/d56066fe/MiniRaftClusterWithGrpc3bc8e3e1/s2/f5296d54-6f71-4491-948a-44ee5813ab9e
2023-01-06 13:35:09,583 [s2-impl-thread1] INFO  server.RaftServerConfigKeys (ConfUtils.java:logGet(46)) - raft.server.log.queue.byte-limit = 64MB (=67108864) (default)
2023-01-06 13:35:09,583 [s2-impl-thread1] INFO  server.RaftServerConfigKeys (ConfUtils.java:logGet(46)) - raft.server.log.queue.element-limit = 4096 (default)
2023-01-06 13:35:09,583 [s2-impl-thread1] INFO  server.RaftServerConfigKeys (ConfUtils.java:logGet(46)) - raft.server.log.segment.size.max = 8MB (=8388608) (default)
2023-01-06 13:35:09,583 [s2-impl-thread1] INFO  server.RaftServerConfigKeys (ConfUtils.java:logGet(46)) - raft.server.log.preallocated.size = 4MB (=4194304) (default)
2023-01-06 13:35:09,583 [s2-impl-thread1] INFO  server.RaftServerConfigKeys (ConfUtils.java:logGet(46)) - raft.server.log.force.sync.num = 128 (default)
2023-01-06 13:35:09,583 [s2-impl-thread1] INFO  server.RaftServerConfigKeys (ConfUtils.java:logGet(46)) - raft.server.log.statemachine.data.sync = true (default)
2023-01-06 13:35:09,583 [s2-impl-thread1] INFO  server.RaftServerConfigKeys (ConfUtils.java:logGet(46)) - raft.server.log.statemachine.data.sync.timeout = 10s (default)
2023-01-06 13:35:09,583 [s2-impl-thread1] INFO  server.RaftServerConfigKeys (ConfUtils.java:logGet(46)) - raft.server.log.statemachine.data.sync.timeout.retry = -1 (default)
2023-01-06 13:35:09,584 [s2-impl-thread1] INFO  server.RaftServerConfigKeys (ConfUtils.java:logGet(46)) - raft.server.log.write.buffer.size = 64KB (=65536) (default)
2023-01-06 13:35:09,584 [s2-impl-thread1] INFO  server.RaftServerConfigKeys (ConfUtils.java:logGet(46)) - raft.server.log.appender.buffer.byte-limit = 4MB (=4194304) (default)
2023-01-06 13:35:09,585 [s2-impl-thread1] INFO  server.RaftServerConfigKeys (ConfUtils.java:logGet(46)) - raft.server.log.unsafe-flush.enabled = false (default)
2023-01-06 13:35:09,585 [s2-impl-thread1] INFO  server.RaftServerConfigKeys (ConfUtils.java:logGet(46)) - raft.server.log.async-flush.enabled = false (default)
2023-01-06 13:35:09,585 [s2-impl-thread1] INFO  server.RaftServerConfigKeys (ConfUtils.java:logGet(46)) - raft.server.log.statemachine.data.caching.enabled = false (default)
2023-01-06 13:35:09,585 [s2-impl-thread1] INFO  segmented.SegmentedRaftLogWorker (SegmentedRaftLogWorker.java:lambda$new$0(134)) - s2@group-44EE5813AB9E-SegmentedRaftLogWorker: flushIndex: setUnconditionally 0 -> -1
2023-01-06 13:35:09,586 [s2-impl-thread1] INFO  segmented.SegmentedRaftLogWorker (SegmentedRaftLogWorker.java:lambda$new$0(134)) - s2@group-44EE5813AB9E-SegmentedRaftLogWorker: safeCacheEvictIndex: setUnconditionally 0 -> -1
2023-01-06 13:35:09,586 [s2-impl-thread1] INFO  server.RaftServer$Division (RaftServerImpl.java:start(344)) - s2@group-44EE5813AB9E: start with initializing state, conf=-1: peers:[]|listeners:[], old=null
2023-01-06 13:35:09,586 [s2-impl-thread1] INFO  server.RaftServer$Division (RaftServerImpl.java:setRole(325)) - s2@group-44EE5813AB9E: changes role from      null to FOLLOWER at term 0 for startInitializing
2023-01-06 13:35:09,586 [s2-impl-thread1] INFO  util.JmxRegister (JmxRegister.java:tryRegister(44)) - Successfully registered JMX Bean with object name Ratis:service=RaftServer,group=group-44EE5813AB9E,id=s2
2023-01-06 13:35:09,586 [s2-impl-thread1] INFO  server.RaftServerConfigKeys (ConfUtils.java:logGet(46)) - raft.server.snapshot.auto.trigger.enabled = true (custom)
2023-01-06 13:35:09,586 [s2-impl-thread1] INFO  server.RaftServerConfigKeys (ConfUtils.java:logGet(46)) - raft.server.snapshot.auto.trigger.threshold = 64 (custom)
2023-01-06 13:35:09,586 [s2-impl-thread1] INFO  server.RaftServerConfigKeys (ConfUtils.java:logGet(46)) - raft.server.snapshot.retention.file.num = -1 (default)
2023-01-06 13:35:09,586 [s2-impl-thread1] INFO  server.RaftServerConfigKeys (ConfUtils.java:logGet(46)) - raft.server.log.purge.upto.snapshot.index = false (default)
2023-01-06 13:35:09,587 [Time-limited test] INFO  server.RaftServer (RaftServerProxy.java:startImpl(396)) - s2: start RPC server
2023-01-06 13:35:09,591 [Time-limited test] INFO  server.GrpcService (GrpcService.java:startImpl(302)) - s2: GrpcService started, listening on 37609
2023-01-06 13:35:09,594 [Time-limited test] INFO  impl.MiniRaftCluster (MiniRaftCluster.java:setConfiguration(819)) - Start changing the configuration: [s1|rpc:0.0.0.0:39661|priority:0|startupRole:FOLLOWER, s2|rpc:0.0.0.0:37609|priority:0|startupRole:FOLLOWER, s0|rpc:localhost:46411|admin:localhost:35547|client:localhost:42705|dataStream:localhost:45011|priority:0|startupRole:FOLLOWER]
2023-01-06 13:35:09,608 [s0-server-thread1] INFO  server.RaftServer$Division (RaftServerImpl.java:setConfigurationAsync(1191)) - s0@group-44EE5813AB9E: receive setConfiguration SetConfigurationRequest:client-6B35CE094881->s0@group-44EE5813AB9E, cid=386, seq=0, RW, null, SET_UNCONDITIONALLY, servers:[s1|rpc:0.0.0.0:39661|dataStream:|priority:0|startupRole:FOLLOWER, s2|rpc:0.0.0.0:37609|dataStream:|priority:0|startupRole:FOLLOWER, s0|rpc:localhost:46411|admin:localhost:35547|client:localhost:42705|dataStream:localhost:45011|priority:0|startupRole:FOLLOWER], listeners:[]
2023-01-06 13:35:09,608 [s0-server-thread1] INFO  server.RaftServer$Division (LeaderStateImpl.java:startSetConfiguration(446)) - s0@group-44EE5813AB9E-LeaderStateImpl: startSetConfiguration SetConfigurationRequest:client-6B35CE094881->s0@group-44EE5813AB9E, cid=386, seq=0, RW, null, SET_UNCONDITIONALLY, servers:[s1|rpc:0.0.0.0:39661|dataStream:|priority:0|startupRole:FOLLOWER, s2|rpc:0.0.0.0:37609|dataStream:|priority:0|startupRole:FOLLOWER, s0|rpc:localhost:46411|admin:localhost:35547|client:localhost:42705|dataStream:localhost:45011|priority:0|startupRole:FOLLOWER], listeners:[]
2023-01-06 13:35:09,608 [s0-server-thread1] INFO  server.RaftServerConfigKeys (ConfUtils.java:logGet(46)) - raft.server.log.appender.snapshot.chunk.size.max = 1k (=1024) (custom)
2023-01-06 13:35:09,608 [s0-server-thread1] INFO  server.RaftServerConfigKeys (ConfUtils.java:logGet(46)) - raft.server.log.appender.buffer.byte-limit = 4MB (=4194304) (default)
2023-01-06 13:35:09,608 [s0-server-thread1] INFO  server.RaftServerConfigKeys (ConfUtils.java:logGet(46)) - raft.server.log.appender.buffer.element-limit = 0 (default)
2023-01-06 13:35:09,608 [s0-server-thread1] INFO  grpc.GrpcConfigKeys (ConfUtils.java:logGet(46)) - raft.grpc.server.leader.outstanding.appends.max = 128 (default)
2023-01-06 13:35:09,608 [s0-server-thread1] INFO  server.RaftServerConfigKeys (ConfUtils.java:logGet(46)) - raft.server.rpc.request.timeout = 3000ms (default)
2023-01-06 13:35:09,608 [s0-server-thread1] INFO  server.RaftServerConfigKeys (ConfUtils.java:logGet(46)) - raft.server.log.appender.install.snapshot.enabled = true (default)
2023-01-06 13:35:09,609 [s0-server-thread1] INFO  grpc.GrpcConfigKeys (ConfUtils.java:logGet(46)) - raft.grpc.server.heartbeat.channel = true (default)
2023-01-06 13:35:09,609 [s0-server-thread1] INFO  server.RaftServerConfigKeys (ConfUtils.java:logGet(46)) - raft.server.log.appender.wait-time.min = 10ms (default)
2023-01-06 13:35:09,609 [s0-server-thread1] INFO  server.RaftServerConfigKeys (ConfUtils.java:logGet(46)) - raft.server.log.appender.snapshot.chunk.size.max = 1k (=1024) (custom)
2023-01-06 13:35:09,609 [s0-server-thread1] INFO  server.RaftServerConfigKeys (ConfUtils.java:logGet(46)) - raft.server.log.appender.buffer.byte-limit = 4MB (=4194304) (default)
2023-01-06 13:35:09,609 [s0-server-thread1] INFO  server.RaftServerConfigKeys (ConfUtils.java:logGet(46)) - raft.server.log.appender.buffer.element-limit = 0 (default)
2023-01-06 13:35:09,609 [s0-server-thread1] INFO  grpc.GrpcConfigKeys (ConfUtils.java:logGet(46)) - raft.grpc.server.leader.outstanding.appends.max = 128 (default)
2023-01-06 13:35:09,609 [s0-server-thread1] INFO  server.RaftServerConfigKeys (ConfUtils.java:logGet(46)) - raft.server.rpc.request.timeout = 3000ms (default)
2023-01-06 13:35:09,609 [s0-server-thread1] INFO  server.RaftServerConfigKeys (ConfUtils.java:logGet(46)) - raft.server.log.appender.install.snapshot.enabled = true (default)
2023-01-06 13:35:09,609 [s0-server-thread1] INFO  grpc.GrpcConfigKeys (ConfUtils.java:logGet(46)) - raft.grpc.server.heartbeat.channel = true (default)
2023-01-06 13:35:09,609 [s0-server-thread1] INFO  server.RaftServerConfigKeys (ConfUtils.java:logGet(46)) - raft.server.log.appender.wait-time.min = 10ms (default)
2023-01-06 13:35:09,614 [JvmPauseMonitor8] INFO  util.JvmPauseMonitor (JvmPauseMonitor.java:run(105)) - JvmPauseMonitor-s2: Started
2023-01-06 13:35:09,622 [s0@group-44EE5813AB9E->s1-GrpcLogAppender-LogAppenderDaemon] INFO  server.GrpcLogAppender (GrpcLogAppender.java:installSnapshot(587)) - s0@group-44EE5813AB9E->s1-GrpcLogAppender: followerNextIndex = 0 but logStartIndex = 0, send snapshot FileListSnapshotInfo(t:1, i:191):[/home/runner/work/ratis/ratis/ratis-test/target/test/data/d56066fe/MiniRaftClusterWithGrpc3bc8e3e1/s0/f5296d54-6f71-4491-948a-44ee5813ab9e/sm/snapshot/1.bin, /home/runner/work/ratis/ratis/ratis-test/target/test/data/d56066fe/MiniRaftClusterWithGrpc3bc8e3e1/s0/f5296d54-6f71-4491-948a-44ee5813ab9e/sm/snapshot/sub/2.bin, /home/runner/work/ratis/ratis/ratis-test/target/test/data/d56066fe/MiniRaftClusterWithGrpc3bc8e3e1/s0/f5296d54-6f71-4491-948a-44ee5813ab9e/sm/snapshot.1_191] to follower
2023-01-06 13:35:09,622 [s0@group-44EE5813AB9E->s1-GrpcLogAppender-LogAppenderDaemon] INFO  server.GrpcServerProtocolClient (GrpcServerProtocolClient.java:<init>(63)) - Build channel for s1
2023-01-06 13:35:09,623 [s0@group-44EE5813AB9E->s2-GrpcLogAppender-LogAppenderDaemon] INFO  server.GrpcLogAppender (GrpcLogAppender.java:installSnapshot(587)) - s0@group-44EE5813AB9E->s2-GrpcLogAppender: followerNextIndex = 0 but logStartIndex = 0, send snapshot FileListSnapshotInfo(t:1, i:191):[/home/runner/work/ratis/ratis/ratis-test/target/test/data/d56066fe/MiniRaftClusterWithGrpc3bc8e3e1/s0/f5296d54-6f71-4491-948a-44ee5813ab9e/sm/snapshot/1.bin, /home/runner/work/ratis/ratis/ratis-test/target/test/data/d56066fe/MiniRaftClusterWithGrpc3bc8e3e1/s0/f5296d54-6f71-4491-948a-44ee5813ab9e/sm/snapshot/sub/2.bin, /home/runner/work/ratis/ratis/ratis-test/target/test/data/d56066fe/MiniRaftClusterWithGrpc3bc8e3e1/s0/f5296d54-6f71-4491-948a-44ee5813ab9e/sm/snapshot.1_191] to follower
2023-01-06 13:35:09,624 [s0@group-44EE5813AB9E->s2-GrpcLogAppender-LogAppenderDaemon] INFO  server.GrpcServerProtocolClient (GrpcServerProtocolClient.java:<init>(63)) - Build channel for s2
2023-01-06 13:35:09,632 [grpc-default-executor-3] INFO  impl.SnapshotInstallationHandler (SnapshotInstallationHandler.java:installSnapshot(89)) - s1@group-44EE5813AB9E: receive installSnapshot: s0->s1#0-t1,chunk:05e25eb2-67ce-42ba-9c2f-b19f2350670f,0
2023-01-06 13:35:09,637 [grpc-default-executor-3] INFO  server.RaftServer$Division (ServerState.java:setLeader(260)) - s1@group-44EE5813AB9E: change Leader from null to s0 at term 1 for installSnapshot, leader elected after 82ms
2023-01-06 13:35:09,637 [grpc-default-executor-3] TRACE util.FileUtils (LogUtils.java:runAndLog(49)) - Successfully ran Files.createDirectories /home/runner/work/ratis/ratis/ratis-test/target/test/data/d56066fe/MiniRaftClusterWithGrpc3bc8e3e1/s1/f5296d54-6f71-4491-948a-44ee5813ab9e/tmp/snapshot-05e25eb2-67ce-42ba-9c2f-b19f2350670f
2023-01-06 13:35:09,637 [grpc-default-executor-3] INFO  storage.SnapshotManager (SnapshotManager.java:installSnapshot(89)) - Installing snapshot:s0->s1#0-t1,chunk:05e25eb2-67ce-42ba-9c2f-b19f2350670f,0, to tmp dir:/home/runner/work/ratis/ratis/ratis-test/target/test/data/d56066fe/MiniRaftClusterWithGrpc3bc8e3e1/s1/f5296d54-6f71-4491-948a-44ee5813ab9e/tmp/snapshot-05e25eb2-67ce-42ba-9c2f-b19f2350670f
2023-01-06 13:35:09,638 [grpc-default-executor-3] TRACE util.FileUtils (LogUtils.java:runAndLog(49)) - Successfully ran Files.createDirectories /home/runner/work/ratis/ratis/ratis-test/target/test/data/d56066fe/MiniRaftClusterWithGrpc3bc8e3e1/s1/f5296d54-6f71-4491-948a-44ee5813ab9e/tmp/snapshot-05e25eb2-67ce-42ba-9c2f-b19f2350670f/snapshot
2023-01-06 13:35:09,638 [grpc-default-executor-4] INFO  impl.SnapshotInstallationHandler (SnapshotInstallationHandler.java:installSnapshot(89)) - s2@group-44EE5813AB9E: receive installSnapshot: s0->s2#0-t1,chunk:7d0fc762-f317-4e2d-bdfb-4149b582deb4,0
2023-01-06 13:35:09,641 [grpc-default-executor-3] INFO  segmented.SegmentedRaftLogWorker (SegmentedRaftLogWorker.java:lambda$new$0(134)) - s1@group-44EE5813AB9E-SegmentedRaftLogWorker: flushIndex: setUnconditionally -1 -> 191
2023-01-06 13:35:09,642 [grpc-default-executor-3] INFO  segmented.SegmentedRaftLogWorker (SegmentedRaftLogWorker.java:lambda$new$0(134)) - s1@group-44EE5813AB9E-SegmentedRaftLogWorker: safeCacheEvictIndex: setUnconditionally -1 -> 191
2023-01-06 13:35:09,642 [grpc-default-executor-4] INFO  server.RaftServer$Division (ServerState.java:setLeader(260)) - s2@group-44EE5813AB9E: change Leader from null to s0 at term 1 for installSnapshot, leader elected after 82ms
2023-01-06 13:35:09,643 [grpc-default-executor-4] TRACE util.FileUtils (LogUtils.java:runAndLog(49)) - Successfully ran Files.createDirectories /home/runner/work/ratis/ratis/ratis-test/target/test/data/d56066fe/MiniRaftClusterWithGrpc3bc8e3e1/s2/f5296d54-6f71-4491-948a-44ee5813ab9e/tmp/snapshot-7d0fc762-f317-4e2d-bdfb-4149b582deb4
2023-01-06 13:35:09,643 [grpc-default-executor-4] INFO  storage.SnapshotManager (SnapshotManager.java:installSnapshot(89)) - Installing snapshot:s0->s2#0-t1,chunk:7d0fc762-f317-4e2d-bdfb-4149b582deb4,0, to tmp dir:/home/runner/work/ratis/ratis/ratis-test/target/test/data/d56066fe/MiniRaftClusterWithGrpc3bc8e3e1/s2/f5296d54-6f71-4491-948a-44ee5813ab9e/tmp/snapshot-7d0fc762-f317-4e2d-bdfb-4149b582deb4
2023-01-06 13:35:09,643 [grpc-default-executor-4] TRACE util.FileUtils (LogUtils.java:runAndLog(49)) - Successfully ran Files.createDirectories /home/runner/work/ratis/ratis/ratis-test/target/test/data/d56066fe/MiniRaftClusterWithGrpc3bc8e3e1/s2/f5296d54-6f71-4491-948a-44ee5813ab9e/tmp/snapshot-7d0fc762-f317-4e2d-bdfb-4149b582deb4/snapshot
2023-01-06 13:35:09,644 [grpc-default-executor-3] INFO  impl.SnapshotInstallationHandler (SnapshotInstallationHandler.java:installSnapshotImpl(134)) - s1@group-44EE5813AB9E: set new configuration configurationEntry {
  peers {
    id: "s0"
    address: "localhost:46411"
    dataStreamAddress: "localhost:45011"
    clientAddress: "localhost:42705"
    adminAddress: "localhost:35547"
    startupRole: FOLLOWER
  }
}
 from snapshot
2023-01-06 13:35:09,644 [grpc-default-executor-3] INFO  server.RaftServer$Division (ServerState.java:setRaftConf(378)) - s1@group-44EE5813AB9E: set configuration 0: peers:[s0|rpc:localhost:46411|admin:localhost:35547|client:localhost:42705|dataStream:localhost:45011|priority:0|startupRole:FOLLOWER]|listeners:[], old=null
2023-01-06 13:35:09,644 [grpc-default-executor-3] INFO  impl.SnapshotInstallationHandler (SnapshotInstallationHandler.java:installSnapshot(100)) - s1@group-44EE5813AB9E: reply installSnapshot: s0<-s1#0:OK-t0,SUCCESS,requestIndex=0
2023-01-06 13:35:09,645 [grpc-default-executor-1] INFO  server.GrpcLogAppender (GrpcLogAppender.java:onNext(492)) - s0@group-44EE5813AB9E->s1-InstallSnapshotResponseHandler: received the first reply s0<-s1#0:OK-t0,SUCCESS,requestIndex=0
2023-01-06 13:35:09,645 [grpc-default-executor-3] INFO  impl.SnapshotInstallationHandler (SnapshotInstallationHandler.java:installSnapshot(89)) - s1@group-44EE5813AB9E: receive installSnapshot: s0->s1#0-t1,chunk:05e25eb2-67ce-42ba-9c2f-b19f2350670f,1
2023-01-06 13:35:09,645 [grpc-default-executor-1] INFO  server.GrpcLogAppender (GrpcLogAppender.java:onNext(505)) - s0@group-44EE5813AB9E->s1-InstallSnapshotResponseHandler: Completed InstallSnapshot. Reply: serverReply {
  requestorId: "s0"
  replyId: "s1"
  raftGroupId {
    id: "\365)mToqD\221\224\212D\356X\023\253\236"
  }
  success: true
}
requestIndex: 0

2023-01-06 13:35:09,645 [grpc-default-executor-1] INFO  leader.FollowerInfo (FollowerInfoImpl.java:setAttemptedToInstallSnapshot(118)) - Follower s0@group-44EE5813AB9E->s1 acknowledged installing snapshot
2023-01-06 13:35:09,645 [grpc-default-executor-3] TRACE util.FileUtils (LogUtils.java:runAndLog(49)) - Successfully ran Files.createDirectories /home/runner/work/ratis/ratis/ratis-test/target/test/data/d56066fe/MiniRaftClusterWithGrpc3bc8e3e1/s1/f5296d54-6f71-4491-948a-44ee5813ab9e/tmp/snapshot-05e25eb2-67ce-42ba-9c2f-b19f2350670f
2023-01-06 13:35:09,645 [grpc-default-executor-3] INFO  storage.SnapshotManager (SnapshotManager.java:installSnapshot(89)) - Installing snapshot:s0->s1#0-t1,chunk:05e25eb2-67ce-42ba-9c2f-b19f2350670f,1, to tmp dir:/home/runner/work/ratis/ratis/ratis-test/target/test/data/d56066fe/MiniRaftClusterWithGrpc3bc8e3e1/s1/f5296d54-6f71-4491-948a-44ee5813ab9e/tmp/snapshot-05e25eb2-67ce-42ba-9c2f-b19f2350670f
2023-01-06 13:35:09,646 [grpc-default-executor-3] TRACE util.FileUtils (LogUtils.java:runAndLog(49)) - Successfully ran Files.createDirectories /home/runner/work/ratis/ratis/ratis-test/target/test/data/d56066fe/MiniRaftClusterWithGrpc3bc8e3e1/s1/f5296d54-6f71-4491-948a-44ee5813ab9e/tmp/snapshot-05e25eb2-67ce-42ba-9c2f-b19f2350670f/snapshot/sub
2023-01-06 13:35:09,646 [grpc-default-executor-3] INFO  segmented.SegmentedRaftLogWorker (SegmentedRaftLogWorker.java:lambda$new$0(134)) - s1@group-44EE5813AB9E-SegmentedRaftLogWorker: flushIndex: setUnconditionally 191 -> 191
2023-01-06 13:35:09,646 [grpc-default-executor-3] INFO  segmented.SegmentedRaftLogWorker (SegmentedRaftLogWorker.java:lambda$new$0(134)) - s1@group-44EE5813AB9E-SegmentedRaftLogWorker: safeCacheEvictIndex: setUnconditionally 191 -> 191
2023-01-06 13:35:09,646 [grpc-default-executor-3] INFO  impl.SnapshotInstallationHandler (SnapshotInstallationHandler.java:installSnapshot(100)) - s1@group-44EE5813AB9E: reply installSnapshot: s0<-s1#0:OK-t1,SUCCESS,requestIndex=1
2023-01-06 13:35:09,647 [grpc-default-executor-4] INFO  segmented.SegmentedRaftLogWorker (SegmentedRaftLogWorker.java:lambda$new$0(134)) - s2@group-44EE5813AB9E-SegmentedRaftLogWorker: flushIndex: setUnconditionally -1 -> 191
2023-01-06 13:35:09,647 [grpc-default-executor-4] INFO  segmented.SegmentedRaftLogWorker (SegmentedRaftLogWorker.java:lambda$new$0(134)) - s2@group-44EE5813AB9E-SegmentedRaftLogWorker: safeCacheEvictIndex: setUnconditionally -1 -> 191
2023-01-06 13:35:09,647 [grpc-default-executor-4] INFO  impl.SnapshotInstallationHandler (SnapshotInstallationHandler.java:installSnapshotImpl(134)) - s2@group-44EE5813AB9E: set new configuration configurationEntry {
  peers {
    id: "s0"
    address: "localhost:46411"
    dataStreamAddress: "localhost:45011"
    clientAddress: "localhost:42705"
    adminAddress: "localhost:35547"
    startupRole: FOLLOWER
  }
}
 from snapshot
2023-01-06 13:35:09,651 [grpc-default-executor-4] INFO  server.RaftServer$Division (ServerState.java:setRaftConf(378)) - s2@group-44EE5813AB9E: set configuration 0: peers:[s0|rpc:localhost:46411|admin:localhost:35547|client:localhost:42705|dataStream:localhost:45011|priority:0|startupRole:FOLLOWER]|listeners:[], old=null
2023-01-06 13:35:09,651 [grpc-default-executor-4] INFO  impl.SnapshotInstallationHandler (SnapshotInstallationHandler.java:installSnapshot(100)) - s2@group-44EE5813AB9E: reply installSnapshot: s0<-s2#0:OK-t0,SUCCESS,requestIndex=0
2023-01-06 13:35:09,651 [grpc-default-executor-4] INFO  server.GrpcLogAppender (GrpcLogAppender.java:onNext(492)) - s0@group-44EE5813AB9E->s1-InstallSnapshotResponseHandler: received a reply s0<-s1#0:OK-t1,SUCCESS,requestIndex=1
2023-01-06 13:35:09,652 [grpc-default-executor-4] INFO  server.GrpcLogAppender (GrpcLogAppender.java:onNext(505)) - s0@group-44EE5813AB9E->s1-InstallSnapshotResponseHandler: Completed InstallSnapshot. Reply: serverReply {
  requestorId: "s0"
  replyId: "s1"
  raftGroupId {
    id: "\365)mToqD\221\224\212D\356X\023\253\236"
  }
  success: true
}
term: 1
requestIndex: 1

2023-01-06 13:35:09,652 [grpc-default-executor-4] INFO  leader.FollowerInfo (FollowerInfoImpl.java:setAttemptedToInstallSnapshot(118)) - Follower s0@group-44EE5813AB9E->s1 acknowledged installing snapshot
2023-01-06 13:35:09,652 [grpc-default-executor-4] INFO  impl.SnapshotInstallationHandler (SnapshotInstallationHandler.java:installSnapshot(89)) - s2@group-44EE5813AB9E: receive installSnapshot: s0->s2#0-t1,chunk:7d0fc762-f317-4e2d-bdfb-4149b582deb4,1
2023-01-06 13:35:09,652 [grpc-default-executor-4] TRACE util.FileUtils (LogUtils.java:runAndLog(49)) - Successfully ran Files.createDirectories /home/runner/work/ratis/ratis/ratis-test/target/test/data/d56066fe/MiniRaftClusterWithGrpc3bc8e3e1/s2/f5296d54-6f71-4491-948a-44ee5813ab9e/tmp/snapshot-7d0fc762-f317-4e2d-bdfb-4149b582deb4
2023-01-06 13:35:09,652 [grpc-default-executor-4] INFO  storage.SnapshotManager (SnapshotManager.java:installSnapshot(89)) - Installing snapshot:s0->s2#0-t1,chunk:7d0fc762-f317-4e2d-bdfb-4149b582deb4,1, to tmp dir:/home/runner/work/ratis/ratis/ratis-test/target/test/data/d56066fe/MiniRaftClusterWithGrpc3bc8e3e1/s2/f5296d54-6f71-4491-948a-44ee5813ab9e/tmp/snapshot-7d0fc762-f317-4e2d-bdfb-4149b582deb4
2023-01-06 13:35:09,652 [grpc-default-executor-4] TRACE util.FileUtils (LogUtils.java:runAndLog(49)) - Successfully ran Files.createDirectories /home/runner/work/ratis/ratis/ratis-test/target/test/data/d56066fe/MiniRaftClusterWithGrpc3bc8e3e1/s2/f5296d54-6f71-4491-948a-44ee5813ab9e/tmp/snapshot-7d0fc762-f317-4e2d-bdfb-4149b582deb4/snapshot/sub
2023-01-06 13:35:09,652 [grpc-default-executor-4] INFO  segmented.SegmentedRaftLogWorker (SegmentedRaftLogWorker.java:lambda$new$0(134)) - s2@group-44EE5813AB9E-SegmentedRaftLogWorker: flushIndex: setUnconditionally 191 -> 191
2023-01-06 13:35:09,652 [grpc-default-executor-4] INFO  segmented.SegmentedRaftLogWorker (SegmentedRaftLogWorker.java:lambda$new$0(134)) - s2@group-44EE5813AB9E-SegmentedRaftLogWorker: safeCacheEvictIndex: setUnconditionally 191 -> 191
2023-01-06 13:35:09,653 [grpc-default-executor-4] INFO  impl.SnapshotInstallationHandler (SnapshotInstallationHandler.java:installSnapshot(100)) - s2@group-44EE5813AB9E: reply installSnapshot: s0<-s2#0:OK-t1,SUCCESS,requestIndex=1
2023-01-06 13:35:09,653 [grpc-default-executor-4] INFO  impl.SnapshotInstallationHandler (SnapshotInstallationHandler.java:installSnapshot(89)) - s2@group-44EE5813AB9E: receive installSnapshot: s0->s2#0-t1,chunk:7d0fc762-f317-4e2d-bdfb-4149b582deb4,2
2023-01-06 13:35:09,653 [grpc-default-executor-4] TRACE util.FileUtils (LogUtils.java:runAndLog(49)) - Successfully ran Files.createDirectories /home/runner/work/ratis/ratis/ratis-test/target/test/data/d56066fe/MiniRaftClusterWithGrpc3bc8e3e1/s2/f5296d54-6f71-4491-948a-44ee5813ab9e/tmp/snapshot-7d0fc762-f317-4e2d-bdfb-4149b582deb4
2023-01-06 13:35:09,653 [grpc-default-executor-4] INFO  storage.SnapshotManager (SnapshotManager.java:installSnapshot(89)) - Installing snapshot:s0->s2#0-t1,chunk:7d0fc762-f317-4e2d-bdfb-4149b582deb4,2, to tmp dir:/home/runner/work/ratis/ratis/ratis-test/target/test/data/d56066fe/MiniRaftClusterWithGrpc3bc8e3e1/s2/f5296d54-6f71-4491-948a-44ee5813ab9e/tmp/snapshot-7d0fc762-f317-4e2d-bdfb-4149b582deb4
2023-01-06 13:35:09,654 [grpc-default-executor-4] TRACE util.FileUtils (LogUtils.java:runAndLog(49)) - Successfully ran Files.createDirectories /home/runner/work/ratis/ratis/ratis-test/target/test/data/d56066fe/MiniRaftClusterWithGrpc3bc8e3e1/s2/f5296d54-6f71-4491-948a-44ee5813ab9e/tmp/snapshot-7d0fc762-f317-4e2d-bdfb-4149b582deb4/snapshot/sub
2023-01-06 13:35:09,654 [grpc-default-executor-4] INFO  segmented.SegmentedRaftLogWorker (SegmentedRaftLogWorker.java:lambda$new$0(134)) - s2@group-44EE5813AB9E-SegmentedRaftLogWorker: flushIndex: setUnconditionally 191 -> 191
2023-01-06 13:35:09,654 [grpc-default-executor-4] INFO  segmented.SegmentedRaftLogWorker (SegmentedRaftLogWorker.java:lambda$new$0(134)) - s2@group-44EE5813AB9E-SegmentedRaftLogWorker: safeCacheEvictIndex: setUnconditionally 191 -> 191
2023-01-06 13:35:09,654 [grpc-default-executor-4] INFO  impl.SnapshotInstallationHandler (SnapshotInstallationHandler.java:installSnapshot(100)) - s2@group-44EE5813AB9E: reply installSnapshot: s0<-s2#0:OK-t1,SUCCESS,requestIndex=2
2023-01-06 13:35:09,656 [grpc-default-executor-4] INFO  server.GrpcLogAppender (GrpcLogAppender.java:onNext(492)) - s0@group-44EE5813AB9E->s2-InstallSnapshotResponseHandler: received the first reply s0<-s2#0:OK-t0,SUCCESS,requestIndex=0
2023-01-06 13:35:09,656 [grpc-default-executor-4] INFO  server.GrpcLogAppender (GrpcLogAppender.java:onNext(505)) - s0@group-44EE5813AB9E->s2-InstallSnapshotResponseHandler: Completed InstallSnapshot. Reply: serverReply {
  requestorId: "s0"
  replyId: "s2"
  raftGroupId {
    id: "\365)mToqD\221\224\212D\356X\023\253\236"
  }
  success: true
}
requestIndex: 0

2023-01-06 13:35:09,656 [grpc-default-executor-4] INFO  leader.FollowerInfo (FollowerInfoImpl.java:setAttemptedToInstallSnapshot(118)) - Follower s0@group-44EE5813AB9E->s2 acknowledged installing snapshot
2023-01-06 13:35:09,656 [grpc-default-executor-4] INFO  server.GrpcLogAppender (GrpcLogAppender.java:onNext(492)) - s0@group-44EE5813AB9E->s2-InstallSnapshotResponseHandler: received a reply s0<-s2#0:OK-t1,SUCCESS,requestIndex=1
2023-01-06 13:35:09,657 [grpc-default-executor-4] INFO  server.GrpcLogAppender (GrpcLogAppender.java:onNext(505)) - s0@group-44EE5813AB9E->s2-InstallSnapshotResponseHandler: Completed InstallSnapshot. Reply: serverReply {
  requestorId: "s0"
  replyId: "s2"
  raftGroupId {
    id: "\365)mToqD\221\224\212D\356X\023\253\236"
  }
  success: true
}
term: 1
requestIndex: 1

2023-01-06 13:35:09,657 [grpc-default-executor-4] INFO  leader.FollowerInfo (FollowerInfoImpl.java:setAttemptedToInstallSnapshot(118)) - Follower s0@group-44EE5813AB9E->s2 acknowledged installing snapshot
2023-01-06 13:35:09,657 [grpc-default-executor-4] INFO  server.GrpcLogAppender (GrpcLogAppender.java:onNext(492)) - s0@group-44EE5813AB9E->s2-InstallSnapshotResponseHandler: received a reply s0<-s2#0:OK-t1,SUCCESS,requestIndex=2
2023-01-06 13:35:09,657 [grpc-default-executor-4] INFO  server.GrpcLogAppender (GrpcLogAppender.java:onNext(505)) - s0@group-44EE5813AB9E->s2-InstallSnapshotResponseHandler: Completed InstallSnapshot. Reply: serverReply {
  requestorId: "s0"
  replyId: "s2"
  raftGroupId {
    id: "\365)mToqD\221\224\212D\356X\023\253\236"
  }
  success: true
}
term: 1
requestIndex: 2

2023-01-06 13:35:09,657 [grpc-default-executor-4] INFO  leader.FollowerInfo (FollowerInfoImpl.java:setAttemptedToInstallSnapshot(118)) - Follower s0@group-44EE5813AB9E->s2 acknowledged installing snapshot
2023-01-06 13:35:09,658 [grpc-default-executor-0] WARN  server.GrpcServerProtocolService (LogUtils.java:warn(122)) - s2: installSnapshot onError, lastRequest: s0->s2#0-t1,chunk:7d0fc762-f317-4e2d-bdfb-4149b582deb4,2: org.apache.ratis.thirdparty.io.grpc.StatusRuntimeException: CANCELLED: client cancelled
2023-01-06 13:35:09,658 [grpc-default-executor-4] WARN  server.GrpcLogAppender (LogUtils.java:warn(122)) - s0@group-44EE5813AB9E->s2-InstallSnapshotResponseHandler: Failed InstallSnapshot: org.apache.ratis.thirdparty.io.grpc.StatusRuntimeException: CANCELLED: Failed to read message.
2023-01-06 13:35:09,658 [grpc-default-executor-4] WARN  server.GrpcLogAppender (GrpcLogAppender.java:resetClient(130)) - s0@group-44EE5813AB9E->s2-GrpcLogAppender: Leader has not got in touch with Follower s0@group-44EE5813AB9E->s2(c-1,m0,n0, attendVote=false, lastRpcSendTime=17, lastRpcResponseTime=1) yet, just keep nextIndex unchanged and retry.
2023-01-06 13:35:09,659 [grpc-default-executor-3] INFO  impl.SnapshotInstallationHandler (SnapshotInstallationHandler.java:installSnapshot(89)) - s1@group-44EE5813AB9E: receive installSnapshot: s0->s1#0-t1,chunk:05e25eb2-67ce-42ba-9c2f-b19f2350670f,2
2023-01-06 13:35:09,659 [grpc-default-executor-3] TRACE util.FileUtils (LogUtils.java:runAndLog(49)) - Successfully ran Files.createDirectories /home/runner/work/ratis/ratis/ratis-test/target/test/data/d56066fe/MiniRaftClusterWithGrpc3bc8e3e1/s1/f5296d54-6f71-4491-948a-44ee5813ab9e/tmp/snapshot-05e25eb2-67ce-42ba-9c2f-b19f2350670f
2023-01-06 13:35:09,659 [grpc-default-executor-3] INFO  storage.SnapshotManager (SnapshotManager.java:installSnapshot(89)) - Installing snapshot:s0->s1#0-t1,chunk:05e25eb2-67ce-42ba-9c2f-b19f2350670f,2, to tmp dir:/home/runner/work/ratis/ratis/ratis-test/target/test/data/d56066fe/MiniRaftClusterWithGrpc3bc8e3e1/s1/f5296d54-6f71-4491-948a-44ee5813ab9e/tmp/snapshot-05e25eb2-67ce-42ba-9c2f-b19f2350670f
2023-01-06 13:35:09,659 [grpc-default-executor-3] TRACE util.FileUtils (LogUtils.java:runAndLog(49)) - Successfully ran Files.createDirectories /home/runner/work/ratis/ratis/ratis-test/target/test/data/d56066fe/MiniRaftClusterWithGrpc3bc8e3e1/s1/f5296d54-6f71-4491-948a-44ee5813ab9e/tmp/snapshot-05e25eb2-67ce-42ba-9c2f-b19f2350670f/snapshot/sub
2023-01-06 13:35:09,659 [grpc-default-executor-3] INFO  segmented.SegmentedRaftLogWorker (SegmentedRaftLogWorker.java:lambda$new$0(134)) - s1@group-44EE5813AB9E-SegmentedRaftLogWorker: flushIndex: setUnconditionally 191 -> 191
2023-01-06 13:35:09,659 [grpc-default-executor-3] INFO  segmented.SegmentedRaftLogWorker (SegmentedRaftLogWorker.java:lambda$new$0(134)) - s1@group-44EE5813AB9E-SegmentedRaftLogWorker: safeCacheEvictIndex: setUnconditionally 191 -> 191
2023-01-06 13:35:09,660 [grpc-default-executor-3] INFO  impl.SnapshotInstallationHandler (SnapshotInstallationHandler.java:installSnapshot(100)) - s1@group-44EE5813AB9E: reply installSnapshot: s0<-s1#0:OK-t1,SUCCESS,requestIndex=2
2023-01-06 13:35:09,660 [grpc-default-executor-0] INFO  server.GrpcLogAppender (GrpcLogAppender.java:onNext(492)) - s0@group-44EE5813AB9E->s1-InstallSnapshotResponseHandler: received a reply s0<-s1#0:OK-t1,SUCCESS,requestIndex=2
2023-01-06 13:35:09,660 [grpc-default-executor-0] INFO  server.GrpcLogAppender (GrpcLogAppender.java:onNext(505)) - s0@group-44EE5813AB9E->s1-InstallSnapshotResponseHandler: Completed InstallSnapshot. Reply: serverReply {
  requestorId: "s0"
  replyId: "s1"
  raftGroupId {
    id: "\365)mToqD\221\224\212D\356X\023\253\236"
  }
  success: true
}
term: 1
requestIndex: 2

2023-01-06 13:35:09,660 [grpc-default-executor-0] INFO  leader.FollowerInfo (FollowerInfoImpl.java:setAttemptedToInstallSnapshot(118)) - Follower s0@group-44EE5813AB9E->s1 acknowledged installing snapshot
2023-01-06 13:35:09,660 [grpc-default-executor-3] INFO  impl.SnapshotInstallationHandler (SnapshotInstallationHandler.java:installSnapshot(89)) - s1@group-44EE5813AB9E: receive installSnapshot: s0->s1#0-t1,chunk:05e25eb2-67ce-42ba-9c2f-b19f2350670f,3
2023-01-06 13:35:09,661 [grpc-default-executor-3] TRACE util.FileUtils (LogUtils.java:runAndLog(49)) - Successfully ran Files.createDirectories /home/runner/work/ratis/ratis/ratis-test/target/test/data/d56066fe/MiniRaftClusterWithGrpc3bc8e3e1/s1/f5296d54-6f71-4491-948a-44ee5813ab9e/tmp/snapshot-05e25eb2-67ce-42ba-9c2f-b19f2350670f
2023-01-06 13:35:09,661 [grpc-default-executor-3] INFO  storage.SnapshotManager (SnapshotManager.java:installSnapshot(89)) - Installing snapshot:s0->s1#0-t1,chunk:05e25eb2-67ce-42ba-9c2f-b19f2350670f,3, to tmp dir:/home/runner/work/ratis/ratis/ratis-test/target/test/data/d56066fe/MiniRaftClusterWithGrpc3bc8e3e1/s1/f5296d54-6f71-4491-948a-44ee5813ab9e/tmp/snapshot-05e25eb2-67ce-42ba-9c2f-b19f2350670f
2023-01-06 13:35:09,661 [grpc-default-executor-3] TRACE util.FileUtils (LogUtils.java:runAndLog(49)) - Successfully ran Files.createDirectories /home/runner/work/ratis/ratis/ratis-test/target/test/data/d56066fe/MiniRaftClusterWithGrpc3bc8e3e1/s1/f5296d54-6f71-4491-948a-44ee5813ab9e/tmp/snapshot-05e25eb2-67ce-42ba-9c2f-b19f2350670f/snapshot/sub
2023-01-06 13:35:09,661 [grpc-default-executor-3] INFO  segmented.SegmentedRaftLogWorker (SegmentedRaftLogWorker.java:lambda$new$0(134)) - s1@group-44EE5813AB9E-SegmentedRaftLogWorker: flushIndex: setUnconditionally 191 -> 191
2023-01-06 13:35:09,661 [grpc-default-executor-3] INFO  segmented.SegmentedRaftLogWorker (SegmentedRaftLogWorker.java:lambda$new$0(134)) - s1@group-44EE5813AB9E-SegmentedRaftLogWorker: safeCacheEvictIndex: setUnconditionally 191 -> 191
2023-01-06 13:35:09,661 [grpc-default-executor-3] INFO  impl.SnapshotInstallationHandler (SnapshotInstallationHandler.java:installSnapshot(100)) - s1@group-44EE5813AB9E: reply installSnapshot: s0<-s1#0:OK-t1,SUCCESS,requestIndex=3
2023-01-06 13:35:09,662 [grpc-default-executor-0] INFO  server.GrpcLogAppender (GrpcLogAppender.java:onNext(492)) - s0@group-44EE5813AB9E->s1-InstallSnapshotResponseHandler: received a reply s0<-s1#0:OK-t1,SUCCESS,requestIndex=3
2023-01-06 13:35:09,662 [grpc-default-executor-0] INFO  server.GrpcLogAppender (GrpcLogAppender.java:onNext(505)) - s0@group-44EE5813AB9E->s1-InstallSnapshotResponseHandler: Completed InstallSnapshot. Reply: serverReply {
  requestorId: "s0"
  replyId: "s1"
  raftGroupId {
    id: "\365)mToqD\221\224\212D\356X\023\253\236"
  }
  success: true
}
term: 1
requestIndex: 3

2023-01-06 13:35:09,662 [grpc-default-executor-0] INFO  leader.FollowerInfo (FollowerInfoImpl.java:setAttemptedToInstallSnapshot(118)) - Follower s0@group-44EE5813AB9E->s1 acknowledged installing snapshot
2023-01-06 13:35:09,662 [grpc-default-executor-3] INFO  impl.SnapshotInstallationHandler (SnapshotInstallationHandler.java:installSnapshot(89)) - s1@group-44EE5813AB9E: receive installSnapshot: s0->s1#0-t1,chunk:05e25eb2-67ce-42ba-9c2f-b19f2350670f,4
2023-01-06 13:35:09,663 [grpc-default-executor-3] TRACE util.FileUtils (LogUtils.java:runAndLog(49)) - Successfully ran Files.createDirectories /home/runner/work/ratis/ratis/ratis-test/target/test/data/d56066fe/MiniRaftClusterWithGrpc3bc8e3e1/s1/f5296d54-6f71-4491-948a-44ee5813ab9e/tmp/snapshot-05e25eb2-67ce-42ba-9c2f-b19f2350670f
2023-01-06 13:35:09,663 [grpc-default-executor-3] INFO  storage.SnapshotManager (SnapshotManager.java:installSnapshot(89)) - Installing snapshot:s0->s1#0-t1,chunk:05e25eb2-67ce-42ba-9c2f-b19f2350670f,4, to tmp dir:/home/runner/work/ratis/ratis/ratis-test/target/test/data/d56066fe/MiniRaftClusterWithGrpc3bc8e3e1/s1/f5296d54-6f71-4491-948a-44ee5813ab9e/tmp/snapshot-05e25eb2-67ce-42ba-9c2f-b19f2350670f
2023-01-06 13:35:09,664 [grpc-default-executor-3] TRACE util.FileUtils (LogUtils.java:runAndLog(49)) - Successfully ran Files.createDirectories /home/runner/work/ratis/ratis/ratis-test/target/test/data/d56066fe/MiniRaftClusterWithGrpc3bc8e3e1/s1/f5296d54-6f71-4491-948a-44ee5813ab9e/tmp/snapshot-05e25eb2-67ce-42ba-9c2f-b19f2350670f/snapshot/sub
2023-01-06 13:35:09,667 [grpc-default-executor-3] INFO  segmented.SegmentedRaftLogWorker (SegmentedRaftLogWorker.java:lambda$new$0(134)) - s1@group-44EE5813AB9E-SegmentedRaftLogWorker: flushIndex: setUnconditionally 191 -> 191
2023-01-06 13:35:09,667 [grpc-default-executor-3] INFO  segmented.SegmentedRaftLogWorker (SegmentedRaftLogWorker.java:lambda$new$0(134)) - s1@group-44EE5813AB9E-SegmentedRaftLogWorker: safeCacheEvictIndex: setUnconditionally 191 -> 191
2023-01-06 13:35:09,667 [grpc-default-executor-3] INFO  impl.SnapshotInstallationHandler (SnapshotInstallationHandler.java:installSnapshot(100)) - s1@group-44EE5813AB9E: reply installSnapshot: s0<-s1#0:OK-t1,SUCCESS,requestIndex=4
2023-01-06 13:35:09,668 [grpc-default-executor-4] INFO  server.GrpcLogAppender (GrpcLogAppender.java:onNext(492)) - s0@group-44EE5813AB9E->s1-InstallSnapshotResponseHandler: received a reply s0<-s1#0:OK-t1,SUCCESS,requestIndex=4
2023-01-06 13:35:09,669 [grpc-default-executor-4] INFO  server.GrpcLogAppender (GrpcLogAppender.java:onNext(505)) - s0@group-44EE5813AB9E->s1-InstallSnapshotResponseHandler: Completed InstallSnapshot. Reply: serverReply {
  requestorId: "s0"
  replyId: "s1"
  raftGroupId {
    id: "\365)mToqD\221\224\212D\356X\023\253\236"
  }
  success: true
}
term: 1
requestIndex: 4

2023-01-06 13:35:09,669 [grpc-default-executor-4] INFO  leader.FollowerInfo (FollowerInfoImpl.java:setAttemptedToInstallSnapshot(118)) - Follower s0@group-44EE5813AB9E->s1 acknowledged installing snapshot
2023-01-06 13:35:09,670 [grpc-default-executor-3] INFO  impl.SnapshotInstallationHandler (SnapshotInstallationHandler.java:installSnapshot(89)) - s1@group-44EE5813AB9E: receive installSnapshot: s0->s1#0-t1,chunk:05e25eb2-67ce-42ba-9c2f-b19f2350670f,5
2023-01-06 13:35:09,670 [grpc-default-executor-3] TRACE util.FileUtils (LogUtils.java:runAndLog(49)) - Successfully ran Files.createDirectories /home/runner/work/ratis/ratis/ratis-test/target/test/data/d56066fe/MiniRaftClusterWithGrpc3bc8e3e1/s1/f5296d54-6f71-4491-948a-44ee5813ab9e/tmp/snapshot-05e25eb2-67ce-42ba-9c2f-b19f2350670f
2023-01-06 13:35:09,671 [grpc-default-executor-3] INFO  storage.SnapshotManager (SnapshotManager.java:installSnapshot(89)) - Installing snapshot:s0->s1#0-t1,chunk:05e25eb2-67ce-42ba-9c2f-b19f2350670f,5, to tmp dir:/home/runner/work/ratis/ratis/ratis-test/target/test/data/d56066fe/MiniRaftClusterWithGrpc3bc8e3e1/s1/f5296d54-6f71-4491-948a-44ee5813ab9e/tmp/snapshot-05e25eb2-67ce-42ba-9c2f-b19f2350670f
2023-01-06 13:35:09,672 [grpc-default-executor-3] TRACE util.FileUtils (LogUtils.java:runAndLog(49)) - Successfully ran Files.createDirectories /home/runner/work/ratis/ratis/ratis-test/target/test/data/d56066fe/MiniRaftClusterWithGrpc3bc8e3e1/s1/f5296d54-6f71-4491-948a-44ee5813ab9e/tmp/snapshot-05e25eb2-67ce-42ba-9c2f-b19f2350670f
2023-01-06 13:35:09,672 [grpc-default-executor-3] INFO  segmented.SegmentedRaftLogWorker (SegmentedRaftLogWorker.java:lambda$new$0(134)) - s1@group-44EE5813AB9E-SegmentedRaftLogWorker: flushIndex: setUnconditionally 191 -> 191
2023-01-06 13:35:09,674 [grpc-default-executor-3] INFO  segmented.SegmentedRaftLogWorker (SegmentedRaftLogWorker.java:lambda$new$0(134)) - s1@group-44EE5813AB9E-SegmentedRaftLogWorker: safeCacheEvictIndex: setUnconditionally 191 -> 191
2023-01-06 13:35:09,681 [grpc-default-executor-3] INFO  impl.SnapshotInstallationHandler (SnapshotInstallationHandler.java:installSnapshot(100)) - s1@group-44EE5813AB9E: reply installSnapshot: s0<-s1#0:OK-t1,SUCCESS,requestIndex=5
2023-01-06 13:35:09,682 [grpc-default-executor-1] INFO  server.GrpcLogAppender (GrpcLogAppender.java:onNext(492)) - s0@group-44EE5813AB9E->s1-InstallSnapshotResponseHandler: received a reply s0<-s1#0:OK-t1,SUCCESS,requestIndex=5
2023-01-06 13:35:09,682 [grpc-default-executor-1] INFO  server.GrpcLogAppender (GrpcLogAppender.java:onNext(505)) - s0@group-44EE5813AB9E->s1-InstallSnapshotResponseHandler: Completed InstallSnapshot. Reply: serverReply {
  requestorId: "s0"
  replyId: "s1"
  raftGroupId {
    id: "\365)mToqD\221\224\212D\356X\023\253\236"
  }
  success: true
}
term: 1
requestIndex: 5

2023-01-06 13:35:09,682 [grpc-default-executor-1] INFO  leader.FollowerInfo (FollowerInfoImpl.java:setAttemptedToInstallSnapshot(118)) - Follower s0@group-44EE5813AB9E->s1 acknowledged installing snapshot
2023-01-06 13:35:09,688 [grpc-default-executor-4] INFO  impl.SnapshotInstallationHandler (SnapshotInstallationHandler.java:installSnapshot(89)) - s1@group-44EE5813AB9E: receive installSnapshot: s0->s1#0-t1,chunk:05e25eb2-67ce-42ba-9c2f-b19f2350670f,6
2023-01-06 13:35:09,689 [grpc-default-executor-4] TRACE util.FileUtils (LogUtils.java:runAndLog(49)) - Successfully ran Files.createDirectories /home/runner/work/ratis/ratis/ratis-test/target/test/data/d56066fe/MiniRaftClusterWithGrpc3bc8e3e1/s1/f5296d54-6f71-4491-948a-44ee5813ab9e/tmp/snapshot-05e25eb2-67ce-42ba-9c2f-b19f2350670f
2023-01-06 13:35:09,689 [grpc-default-executor-4] INFO  storage.SnapshotManager (SnapshotManager.java:installSnapshot(89)) - Installing snapshot:s0->s1#0-t1,chunk:05e25eb2-67ce-42ba-9c2f-b19f2350670f,6, to tmp dir:/home/runner/work/ratis/ratis/ratis-test/target/test/data/d56066fe/MiniRaftClusterWithGrpc3bc8e3e1/s1/f5296d54-6f71-4491-948a-44ee5813ab9e/tmp/snapshot-05e25eb2-67ce-42ba-9c2f-b19f2350670f
2023-01-06 13:35:09,689 [grpc-default-executor-4] TRACE util.FileUtils (LogUtils.java:runAndLog(49)) - Successfully ran Files.createDirectories /home/runner/work/ratis/ratis/ratis-test/target/test/data/d56066fe/MiniRaftClusterWithGrpc3bc8e3e1/s1/f5296d54-6f71-4491-948a-44ee5813ab9e/tmp/snapshot-05e25eb2-67ce-42ba-9c2f-b19f2350670f
2023-01-06 13:35:09,689 [grpc-default-executor-4] INFO  segmented.SegmentedRaftLogWorker (SegmentedRaftLogWorker.java:lambda$new$0(134)) - s1@group-44EE5813AB9E-SegmentedRaftLogWorker: flushIndex: setUnconditionally 191 -> 191
2023-01-06 13:35:09,689 [grpc-default-executor-4] INFO  segmented.SegmentedRaftLogWorker (SegmentedRaftLogWorker.java:lambda$new$0(134)) - s1@group-44EE5813AB9E-SegmentedRaftLogWorker: safeCacheEvictIndex: setUnconditionally 191 -> 191
2023-01-06 13:35:09,689 [grpc-default-executor-4] INFO  impl.SnapshotInstallationHandler (SnapshotInstallationHandler.java:installSnapshot(100)) - s1@group-44EE5813AB9E: reply installSnapshot: s0<-s1#0:OK-t1,SUCCESS,requestIndex=6
2023-01-06 13:35:09,697 [grpc-default-executor-1] INFO  impl.SnapshotInstallationHandler (SnapshotInstallationHandler.java:installSnapshot(89)) - s1@group-44EE5813AB9E: receive installSnapshot: s0->s1#0-t1,chunk:05e25eb2-67ce-42ba-9c2f-b19f2350670f,7
2023-01-06 13:35:09,697 [grpc-default-executor-1] TRACE util.FileUtils (LogUtils.java:runAndLog(49)) - Successfully ran Files.createDirectories /home/runner/work/ratis/ratis/ratis-test/target/test/data/d56066fe/MiniRaftClusterWithGrpc3bc8e3e1/s1/f5296d54-6f71-4491-948a-44ee5813ab9e/tmp/snapshot-05e25eb2-67ce-42ba-9c2f-b19f2350670f
2023-01-06 13:35:09,697 [grpc-default-executor-1] INFO  storage.SnapshotManager (SnapshotManager.java:installSnapshot(89)) - Installing snapshot:s0->s1#0-t1,chunk:05e25eb2-67ce-42ba-9c2f-b19f2350670f,7, to tmp dir:/home/runner/work/ratis/ratis/ratis-test/target/test/data/d56066fe/MiniRaftClusterWithGrpc3bc8e3e1/s1/f5296d54-6f71-4491-948a-44ee5813ab9e/tmp/snapshot-05e25eb2-67ce-42ba-9c2f-b19f2350670f
2023-01-06 13:35:09,697 [grpc-default-executor-1] TRACE util.FileUtils (LogUtils.java:runAndLog(49)) - Successfully ran Files.createDirectories /home/runner/work/ratis/ratis/ratis-test/target/test/data/d56066fe/MiniRaftClusterWithGrpc3bc8e3e1/s1/f5296d54-6f71-4491-948a-44ee5813ab9e/tmp/snapshot-05e25eb2-67ce-42ba-9c2f-b19f2350670f
2023-01-06 13:35:09,698 [grpc-default-executor-0] INFO  server.GrpcLogAppender (GrpcLogAppender.java:onNext(492)) - s0@group-44EE5813AB9E->s1-InstallSnapshotResponseHandler: received a reply s0<-s1#0:OK-t1,SUCCESS,requestIndex=6
2023-01-06 13:35:09,698 [grpc-default-executor-1] INFO  segmented.SegmentedRaftLogWorker (SegmentedRaftLogWorker.java:lambda$new$0(134)) - s1@group-44EE5813AB9E-SegmentedRaftLogWorker: flushIndex: setUnconditionally 191 -> 191
2023-01-06 13:35:09,698 [grpc-default-executor-1] INFO  segmented.SegmentedRaftLogWorker (SegmentedRaftLogWorker.java:lambda$new$0(134)) - s1@group-44EE5813AB9E-SegmentedRaftLogWorker: safeCacheEvictIndex: setUnconditionally 191 -> 191
2023-01-06 13:35:09,698 [grpc-default-executor-0] INFO  server.GrpcLogAppender (GrpcLogAppender.java:onNext(505)) - s0@group-44EE5813AB9E->s1-InstallSnapshotResponseHandler: Completed InstallSnapshot. Reply: serverReply {
  requestorId: "s0"
  replyId: "s1"
  raftGroupId {
    id: "\365)mToqD\221\224\212D\356X\023\253\236"
  }
  success: true
}
term: 1
requestIndex: 6

2023-01-06 13:35:09,698 [grpc-default-executor-0] INFO  leader.FollowerInfo (FollowerInfoImpl.java:setAttemptedToInstallSnapshot(118)) - Follower s0@group-44EE5813AB9E->s1 acknowledged installing snapshot
2023-01-06 13:35:09,698 [grpc-default-executor-1] INFO  impl.SnapshotInstallationHandler (SnapshotInstallationHandler.java:installSnapshot(100)) - s1@group-44EE5813AB9E: reply installSnapshot: s0<-s1#0:OK-t1,SUCCESS,requestIndex=7
2023-01-06 13:35:09,732 [grpc-default-executor-0] INFO  server.GrpcLogAppender (GrpcLogAppender.java:onNext(492)) - s0@group-44EE5813AB9E->s1-InstallSnapshotResponseHandler: received a reply s0<-s1#0:OK-t1,SUCCESS,requestIndex=7
2023-01-06 13:35:09,733 [grpc-default-executor-0] INFO  server.GrpcLogAppender (GrpcLogAppender.java:onNext(505)) - s0@group-44EE5813AB9E->s1-InstallSnapshotResponseHandler: Completed InstallSnapshot. Reply: serverReply {
  requestorId: "s0"
  replyId: "s1"
  raftGroupId {
    id: "\365)mToqD\221\224\212D\356X\023\253\236"
  }
  success: true
}
term: 1
requestIndex: 7

2023-01-06 13:35:09,733 [grpc-default-executor-0] INFO  leader.FollowerInfo (FollowerInfoImpl.java:setAttemptedToInstallSnapshot(118)) - Follower s0@group-44EE5813AB9E->s1 acknowledged installing snapshot
2023-01-06 13:35:09,732 [grpc-default-executor-1] INFO  impl.SnapshotInstallationHandler (SnapshotInstallationHandler.java:installSnapshot(89)) - s1@group-44EE5813AB9E: receive installSnapshot: s0->s1#0-t1,chunk:05e25eb2-67ce-42ba-9c2f-b19f2350670f,8
2023-01-06 13:35:09,733 [grpc-default-executor-1] TRACE util.FileUtils (LogUtils.java:runAndLog(49)) - Successfully ran Files.createDirectories /home/runner/work/ratis/ratis/ratis-test/target/test/data/d56066fe/MiniRaftClusterWithGrpc3bc8e3e1/s1/f5296d54-6f71-4491-948a-44ee5813ab9e/tmp/snapshot-05e25eb2-67ce-42ba-9c2f-b19f2350670f
2023-01-06 13:35:09,733 [grpc-default-executor-1] INFO  storage.SnapshotManager (SnapshotManager.java:installSnapshot(89)) - Installing snapshot:s0->s1#0-t1,chunk:05e25eb2-67ce-42ba-9c2f-b19f2350670f,8, to tmp dir:/home/runner/work/ratis/ratis/ratis-test/target/test/data/d56066fe/MiniRaftClusterWithGrpc3bc8e3e1/s1/f5296d54-6f71-4491-948a-44ee5813ab9e/tmp/snapshot-05e25eb2-67ce-42ba-9c2f-b19f2350670f
2023-01-06 13:35:09,733 [grpc-default-executor-1] TRACE util.FileUtils (LogUtils.java:runAndLog(49)) - Successfully ran Files.createDirectories /home/runner/work/ratis/ratis/ratis-test/target/test/data/d56066fe/MiniRaftClusterWithGrpc3bc8e3e1/s1/f5296d54-6f71-4491-948a-44ee5813ab9e/tmp/snapshot-05e25eb2-67ce-42ba-9c2f-b19f2350670f
2023-01-06 13:35:09,735 [grpc-default-executor-1] INFO  segmented.SegmentedRaftLogWorker (SegmentedRaftLogWorker.java:lambda$new$0(134)) - s1@group-44EE5813AB9E-SegmentedRaftLogWorker: flushIndex: setUnconditionally 191 -> 191
2023-01-06 13:35:09,735 [grpc-default-executor-1] INFO  segmented.SegmentedRaftLogWorker (SegmentedRaftLogWorker.java:lambda$new$0(134)) - s1@group-44EE5813AB9E-SegmentedRaftLogWorker: safeCacheEvictIndex: setUnconditionally 191 -> 191
2023-01-06 13:35:09,735 [grpc-default-executor-1] INFO  impl.SnapshotInstallationHandler (SnapshotInstallationHandler.java:installSnapshot(100)) - s1@group-44EE5813AB9E: reply installSnapshot: s0<-s1#0:OK-t1,SUCCESS,requestIndex=8
2023-01-06 13:35:09,736 [grpc-default-executor-0] INFO  server.GrpcLogAppender (GrpcLogAppender.java:onNext(492)) - s0@group-44EE5813AB9E->s1-InstallSnapshotResponseHandler: received a reply s0<-s1#0:OK-t1,SUCCESS,requestIndex=8
2023-01-06 13:35:09,736 [grpc-default-executor-0] INFO  server.GrpcLogAppender (GrpcLogAppender.java:onNext(505)) - s0@group-44EE5813AB9E->s1-InstallSnapshotResponseHandler: Completed InstallSnapshot. Reply: serverReply {
  requestorId: "s0"
  replyId: "s1"
  raftGroupId {
    id: "\365)mToqD\221\224\212D\356X\023\253\236"
  }
  success: true
}
term: 1
requestIndex: 8

2023-01-06 13:35:09,736 [grpc-default-executor-0] INFO  leader.FollowerInfo (FollowerInfoImpl.java:setAttemptedToInstallSnapshot(118)) - Follower s0@group-44EE5813AB9E->s1 acknowledged installing snapshot
2023-01-06 13:35:09,736 [grpc-default-executor-1] INFO  impl.SnapshotInstallationHandler (SnapshotInstallationHandler.java:installSnapshot(89)) - s1@group-44EE5813AB9E: receive installSnapshot: s0->s1#0-t1,chunk:05e25eb2-67ce-42ba-9c2f-b19f2350670f,9
2023-01-06 13:35:09,736 [grpc-default-executor-1] TRACE util.FileUtils (LogUtils.java:runAndLog(49)) - Successfully ran Files.createDirectories /home/runner/work/ratis/ratis/ratis-test/target/test/data/d56066fe/MiniRaftClusterWithGrpc3bc8e3e1/s1/f5296d54-6f71-4491-948a-44ee5813ab9e/tmp/snapshot-05e25eb2-67ce-42ba-9c2f-b19f2350670f
2023-01-06 13:35:09,736 [grpc-default-executor-1] INFO  storage.SnapshotManager (SnapshotManager.java:installSnapshot(89)) - Installing snapshot:s0->s1#0-t1,chunk:05e25eb2-67ce-42ba-9c2f-b19f2350670f,9, to tmp dir:/home/runner/work/ratis/ratis/ratis-test/target/test/data/d56066fe/MiniRaftClusterWithGrpc3bc8e3e1/s1/f5296d54-6f71-4491-948a-44ee5813ab9e/tmp/snapshot-05e25eb2-67ce-42ba-9c2f-b19f2350670f
2023-01-06 13:35:09,737 [grpc-default-executor-1] TRACE util.FileUtils (LogUtils.java:runAndLog(49)) - Successfully ran Files.createDirectories /home/runner/work/ratis/ratis/ratis-test/target/test/data/d56066fe/MiniRaftClusterWithGrpc3bc8e3e1/s1/f5296d54-6f71-4491-948a-44ee5813ab9e/tmp/snapshot-05e25eb2-67ce-42ba-9c2f-b19f2350670f
2023-01-06 13:35:09,737 [grpc-default-executor-1] INFO  segmented.SegmentedRaftLogWorker (SegmentedRaftLogWorker.java:lambda$new$0(134)) - s1@group-44EE5813AB9E-SegmentedRaftLogWorker: flushIndex: setUnconditionally 191 -> 191
2023-01-06 13:35:09,737 [grpc-default-executor-1] INFO  segmented.SegmentedRaftLogWorker (SegmentedRaftLogWorker.java:lambda$new$0(134)) - s1@group-44EE5813AB9E-SegmentedRaftLogWorker: safeCacheEvictIndex: setUnconditionally 191 -> 191
2023-01-06 13:35:09,737 [grpc-default-executor-1] INFO  impl.SnapshotInstallationHandler (SnapshotInstallationHandler.java:installSnapshot(100)) - s1@group-44EE5813AB9E: reply installSnapshot: s0<-s1#0:OK-t1,SUCCESS,requestIndex=9
2023-01-06 13:35:09,737 [grpc-default-executor-0] INFO  server.GrpcLogAppender (GrpcLogAppender.java:onNext(492)) - s0@group-44EE5813AB9E->s1-InstallSnapshotResponseHandler: received a reply s0<-s1#0:OK-t1,SUCCESS,requestIndex=9
2023-01-06 13:35:09,738 [grpc-default-executor-0] INFO  server.GrpcLogAppender (GrpcLogAppender.java:onNext(505)) - s0@group-44EE5813AB9E->s1-InstallSnapshotResponseHandler: Completed InstallSnapshot. Reply: serverReply {
  requestorId: "s0"
  replyId: "s1"
  raftGroupId {
    id: "\365)mToqD\221\224\212D\356X\023\253\236"
  }
  success: true
}
term: 1
requestIndex: 9

2023-01-06 13:35:09,738 [grpc-default-executor-0] INFO  leader.FollowerInfo (FollowerInfoImpl.java:setAttemptedToInstallSnapshot(118)) - Follower s0@group-44EE5813AB9E->s1 acknowledged installing snapshot
2023-01-06 13:35:09,738 [grpc-default-executor-1] INFO  impl.SnapshotInstallationHandler (SnapshotInstallationHandler.java:installSnapshot(89)) - s1@group-44EE5813AB9E: receive installSnapshot: s0->s1#0-t1,chunk:05e25eb2-67ce-42ba-9c2f-b19f2350670f,10
2023-01-06 13:35:09,742 [grpc-default-executor-1] TRACE util.FileUtils (LogUtils.java:runAndLog(49)) - Successfully ran Files.createDirectories /home/runner/work/ratis/ratis/ratis-test/target/test/data/d56066fe/MiniRaftClusterWithGrpc3bc8e3e1/s1/f5296d54-6f71-4491-948a-44ee5813ab9e/tmp/snapshot-05e25eb2-67ce-42ba-9c2f-b19f2350670f
2023-01-06 13:35:09,742 [grpc-default-executor-1] INFO  storage.SnapshotManager (SnapshotManager.java:installSnapshot(89)) - Installing snapshot:s0->s1#0-t1,chunk:05e25eb2-67ce-42ba-9c2f-b19f2350670f,10, to tmp dir:/home/runner/work/ratis/ratis/ratis-test/target/test/data/d56066fe/MiniRaftClusterWithGrpc3bc8e3e1/s1/f5296d54-6f71-4491-948a-44ee5813ab9e/tmp/snapshot-05e25eb2-67ce-42ba-9c2f-b19f2350670f
2023-01-06 13:35:09,742 [grpc-default-executor-1] TRACE util.FileUtils (LogUtils.java:runAndLog(49)) - Successfully ran Files.createDirectories /home/runner/work/ratis/ratis/ratis-test/target/test/data/d56066fe/MiniRaftClusterWithGrpc3bc8e3e1/s1/f5296d54-6f71-4491-948a-44ee5813ab9e/tmp/snapshot-05e25eb2-67ce-42ba-9c2f-b19f2350670f
2023-01-06 13:35:09,743 [s2-server-thread1] INFO  impl.RoleInfo (RoleInfo.java:updateAndGet(139)) - s2: start s2@group-44EE5813AB9E-FollowerState
2023-01-06 13:35:09,746 [grpc-default-executor-1] INFO  storage.SnapshotManager (SnapshotManager.java:rename(167)) - Installed snapshot, renaming temporary dir /home/runner/work/ratis/ratis/ratis-test/target/test/data/d56066fe/MiniRaftClusterWithGrpc3bc8e3e1/s1/f5296d54-6f71-4491-948a-44ee5813ab9e/tmp/snapshot-05e25eb2-67ce-42ba-9c2f-b19f2350670f to /home/runner/work/ratis/ratis/ratis-test/target/test/data/d56066fe/MiniRaftClusterWithGrpc3bc8e3e1/s1/f5296d54-6f71-4491-948a-44ee5813ab9e/sm
2023-01-06 13:35:09,747 [grpc-default-executor-1] TRACE util.FileUtils (LogUtils.java:runAndLog(49)) - Successfully ran Atomic Files.move /home/runner/work/ratis/ratis/ratis-test/target/test/data/d56066fe/MiniRaftClusterWithGrpc3bc8e3e1/s1/f5296d54-6f71-4491-948a-44ee5813ab9e/sm to /home/runner/work/ratis/ratis/ratis-test/target/test/data/d56066fe/MiniRaftClusterWithGrpc3bc8e3e1/s1/f5296d54-6f71-4491-948a-44ee5813ab9e/sm.tmp20230106-133509_746
2023-01-06 13:35:09,747 [grpc-default-executor-1] TRACE util.FileUtils (LogUtils.java:runAndLog(49)) - Successfully ran Atomic Files.move /home/runner/work/ratis/ratis/ratis-test/target/test/data/d56066fe/MiniRaftClusterWithGrpc3bc8e3e1/s1/f5296d54-6f71-4491-948a-44ee5813ab9e/tmp/snapshot-05e25eb2-67ce-42ba-9c2f-b19f2350670f to /home/runner/work/ratis/ratis/ratis-test/target/test/data/d56066fe/MiniRaftClusterWithGrpc3bc8e3e1/s1/f5296d54-6f71-4491-948a-44ee5813ab9e/sm
2023-01-06 13:35:09,747 [grpc-default-executor-1] TRACE util.FileUtils (FileUtils.java:deleteFully(201)) - deleteFully /home/runner/work/ratis/ratis/ratis-test/target/test/data/d56066fe/MiniRaftClusterWithGrpc3bc8e3e1/s1/f5296d54-6f71-4491-948a-44ee5813ab9e/sm.tmp20230106-133509_746
2023-01-06 13:35:09,747 [grpc-default-executor-1] TRACE util.FileUtils (LogUtils.java:runAndLog(49)) - Successfully ran Files.delete /home/runner/work/ratis/ratis/ratis-test/target/test/data/d56066fe/MiniRaftClusterWithGrpc3bc8e3e1/s1/f5296d54-6f71-4491-948a-44ee5813ab9e/sm.tmp20230106-133509_746
2023-01-06 13:35:09,747 [grpc-default-executor-1] INFO  segmented.SegmentedRaftLogWorker (SegmentedRaftLogWorker.java:lambda$new$0(134)) - s1@group-44EE5813AB9E-SegmentedRaftLogWorker: flushIndex: setUnconditionally 191 -> 191
2023-01-06 13:35:09,747 [grpc-default-executor-1] INFO  segmented.SegmentedRaftLogWorker (SegmentedRaftLogWorker.java:lambda$new$0(134)) - s1@group-44EE5813AB9E-SegmentedRaftLogWorker: safeCacheEvictIndex: setUnconditionally 191 -> 191
2023-01-06 13:35:09,747 [grpc-default-executor-1] INFO  raftlog.RaftLog (RaftLogBase.java:lambda$new$0(53)) - s1@group-44EE5813AB9E-SegmentedRaftLog: snapshotIndex: updateIncreasingly -1 -> 191
2023-01-06 13:35:09,747 [grpc-default-executor-1] INFO  impl.SnapshotInstallationHandler (SnapshotInstallationHandler.java:checkAndInstallSnapshot(193)) - s1@group-44EE5813AB9E: successfully install the entire snapshot-191
2023-01-06 13:35:09,748 [grpc-default-executor-1] INFO  impl.SnapshotInstallationHandler (SnapshotInstallationHandler.java:installSnapshot(100)) - s1@group-44EE5813AB9E: reply installSnapshot: s0<-s1#0:OK-t1,SUCCESS,requestIndex=10
2023-01-06 13:35:09,748 [s1@group-44EE5813AB9E-StateMachineUpdater] INFO  impl.SimpleStateMachine4Testing (SimpleStateMachine4Testing.java:reinitialize(236)) - Reinitializing StateMachineWithMultiNestedSnapshotFile:s1:group-44EE5813AB9E
2023-01-06 13:35:09,748 [s1@group-44EE5813AB9E-StateMachineUpdater] INFO  impl.SimpleStateMachine4Testing (SimpleStateMachine4Testing.java:loadSnapshot(293)) - Loading snapshot SingleFileSnapshotInfo(t:1, i:191):[/home/runner/work/ratis/ratis/ratis-test/target/test/data/d56066fe/MiniRaftClusterWithGrpc3bc8e3e1/s1/f5296d54-6f71-4491-948a-44ee5813ab9e/sm/snapshot.1_191]
2023-01-06 13:35:09,748 [s1@group-44EE5813AB9E-StateMachineUpdater] INFO  impl.SimpleStateMachine4Testing (SimpleStateMachine4Testing.java:put(205)) - s1: put 1, m0 -> (t:1, i:1), STATEMACHINELOGENTRY, 258@client-D4F11991EC07
2023-01-06 13:35:09,748 [s1@group-44EE5813AB9E-StateMachineUpdater] INFO  impl.SimpleStateMachine4Testing (SimpleStateMachine4Testing.java:put(205)) - s1: put 3, m1 -> (t:1, i:3), STATEMACHINELOGENTRY, 259@client-D4F11991EC07
2023-01-06 13:35:09,749 [s1@group-44EE5813AB9E-StateMachineUpdater] INFO  impl.SimpleStateMachine4Testing (SimpleStateMachine4Testing.java:put(205)) - s1: put 5, m2 -> (t:1, i:5), STATEMACHINELOGENTRY, 260@client-D4F11991EC07
2023-01-06 13:35:09,749 [s1@group-44EE5813AB9E-StateMachineUpdater] INFO  impl.SimpleStateMachine4Testing (SimpleStateMachine4Testing.java:put(205)) - s1: put 7, m3 -> (t:1, i:7), STATEMACHINELOGENTRY, 261@client-D4F11991EC07
2023-01-06 13:35:09,749 [s1@group-44EE5813AB9E-StateMachineUpdater] INFO  impl.SimpleStateMachine4Testing (SimpleStateMachine4Testing.java:put(205)) - s1: put 9, m4 -> (t:1, i:9), STATEMACHINELOGENTRY, 262@client-D4F11991EC07
2023-01-06 13:35:09,749 [s1@group-44EE5813AB9E-StateMachineUpdater] INFO  impl.SimpleStateMachine4Testing (SimpleStateMachine4Testing.java:put(205)) - s1: put 11, m5 -> (t:1, i:11), STATEMACHINELOGENTRY, 263@client-D4F11991EC07
2023-01-06 13:35:09,749 [s1@group-44EE5813AB9E-StateMachineUpdater] INFO  impl.SimpleStateMachine4Testing (SimpleStateMachine4Testing.java:put(205)) - s1: put 13, m6 -> (t:1, i:13), STATEMACHINELOGENTRY, 264@client-D4F11991EC07
2023-01-06 13:35:09,749 [s1@group-44EE5813AB9E-StateMachineUpdater] INFO  impl.SimpleStateMachine4Testing (SimpleStateMachine4Testing.java:put(205)) - s1: put 15, m7 -> (t:1, i:15), STATEMACHINELOGENTRY, 265@client-D4F11991EC07
2023-01-06 13:35:09,749 [s1@group-44EE5813AB9E-StateMachineUpdater] INFO  impl.SimpleStateMachine4Testing (SimpleStateMachine4Testing.java:put(205)) - s1: put 17, m8 -> (t:1, i:17), STATEMACHINELOGENTRY, 266@client-D4F11991EC07
2023-01-06 13:35:09,749 [s1@group-44EE5813AB9E-StateMachineUpdater] INFO  impl.SimpleStateMachine4Testing (SimpleStateMachine4Testing.java:put(205)) - s1: put 19, m9 -> (t:1, i:19), STATEMACHINELOGENTRY, 267@client-D4F11991EC07
2023-01-06 13:35:09,749 [s1@group-44EE5813AB9E-StateMachineUpdater] INFO  impl.SimpleStateMachine4Testing (SimpleStateMachine4Testing.java:put(205)) - s1: put 21, m10 -> (t:1, i:21), STATEMACHINELOGENTRY, 268@client-D4F11991EC07
2023-01-06 13:35:09,749 [s1@group-44EE5813AB9E-StateMachineUpdater] INFO  impl.SimpleStateMachine4Testing (SimpleStateMachine4Testing.java:put(205)) - s1: put 23, m11 -> (t:1, i:23), STATEMACHINELOGENTRY, 269@client-D4F11991EC07
2023-01-06 13:35:09,749 [s1@group-44EE5813AB9E-StateMachineUpdater] INFO  impl.SimpleStateMachine4Testing (SimpleStateMachine4Testing.java:put(205)) - s1: put 25, m12 -> (t:1, i:25), STATEMACHINELOGENTRY, 270@client-D4F11991EC07
2023-01-06 13:35:09,749 [s1@group-44EE5813AB9E-StateMachineUpdater] INFO  impl.SimpleStateMachine4Testing (SimpleStateMachine4Testing.java:put(205)) - s1: put 27, m13 -> (t:1, i:27), STATEMACHINELOGENTRY, 271@client-D4F11991EC07
2023-01-06 13:35:09,749 [s1@group-44EE5813AB9E-StateMachineUpdater] INFO  impl.SimpleStateMachine4Testing (SimpleStateMachine4Testing.java:put(205)) - s1: put 29, m14 -> (t:1, i:29), STATEMACHINELOGENTRY, 272@client-D4F11991EC07
2023-01-06 13:35:09,749 [s1@group-44EE5813AB9E-StateMachineUpdater] INFO  impl.SimpleStateMachine4Testing (SimpleStateMachine4Testing.java:put(205)) - s1: put 31, m15 -> (t:1, i:31), STATEMACHINELOGENTRY, 273@client-D4F11991EC07
2023-01-06 13:35:09,749 [s1@group-44EE5813AB9E-StateMachineUpdater] INFO  impl.SimpleStateMachine4Testing (SimpleStateMachine4Testing.java:put(205)) - s1: put 33, m16 -> (t:1, i:33), STATEMACHINELOGENTRY, 274@client-D4F11991EC07
2023-01-06 13:35:09,749 [s1@group-44EE5813AB9E-StateMachineUpdater] INFO  impl.SimpleStateMachine4Testing (SimpleStateMachine4Testing.java:put(205)) - s1: put 35, m17 -> (t:1, i:35), STATEMACHINELOGENTRY, 275@client-D4F11991EC07
2023-01-06 13:35:09,749 [s1@group-44EE5813AB9E-StateMachineUpdater] INFO  impl.SimpleStateMachine4Testing (SimpleStateMachine4Testing.java:put(205)) - s1: put 37, m18 -> (t:1, i:37), STATEMACHINELOGENTRY, 276@client-D4F11991EC07
2023-01-06 13:35:09,749 [s1@group-44EE5813AB9E-StateMachineUpdater] INFO  impl.SimpleStateMachine4Testing (SimpleStateMachine4Testing.java:put(205)) - s1: put 39, m19 -> (t:1, i:39), STATEMACHINELOGENTRY, 277@client-D4F11991EC07
2023-01-06 13:35:09,749 [s1@group-44EE5813AB9E-StateMachineUpdater] INFO  impl.SimpleStateMachine4Testing (SimpleStateMachine4Testing.java:put(205)) - s1: put 41, m20 -> (t:1, i:41), STATEMACHINELOGENTRY, 278@client-D4F11991EC07
2023-01-06 13:35:09,750 [s1@group-44EE5813AB9E-StateMachineUpdater] INFO  impl.SimpleStateMachine4Testing (SimpleStateMachine4Testing.java:put(205)) - s1: put 43, m21 -> (t:1, i:43), STATEMACHINELOGENTRY, 279@client-D4F11991EC07
2023-01-06 13:35:09,750 [s1@group-44EE5813AB9E-StateMachineUpdater] INFO  impl.SimpleStateMachine4Testing (SimpleStateMachine4Testing.java:put(205)) - s1: put 45, m22 -> (t:1, i:45), STATEMACHINELOGENTRY, 280@client-D4F11991EC07
2023-01-06 13:35:09,750 [s1@group-44EE5813AB9E-StateMachineUpdater] INFO  impl.SimpleStateMachine4Testing (SimpleStateMachine4Testing.java:put(205)) - s1: put 47, m23 -> (t:1, i:47), STATEMACHINELOGENTRY, 281@client-D4F11991EC07
2023-01-06 13:35:09,750 [s1@group-44EE5813AB9E-StateMachineUpdater] INFO  impl.SimpleStateMachine4Testing (SimpleStateMachine4Testing.java:put(205)) - s1: put 49, m24 -> (t:1, i:49), STATEMACHINELOGENTRY, 282@client-D4F11991EC07
2023-01-06 13:35:09,750 [s1@group-44EE5813AB9E-StateMachineUpdater] INFO  impl.SimpleStateMachine4Testing (SimpleStateMachine4Testing.java:put(205)) - s1: put 51, m25 -> (t:1, i:51), STATEMACHINELOGENTRY, 283@client-D4F11991EC07
2023-01-06 13:35:09,750 [s1@group-44EE5813AB9E-StateMachineUpdater] INFO  impl.SimpleStateMachine4Testing (SimpleStateMachine4Testing.java:put(205)) - s1: put 53, m26 -> (t:1, i:53), STATEMACHINELOGENTRY, 284@client-D4F11991EC07
2023-01-06 13:35:09,750 [s1@group-44EE5813AB9E-StateMachineUpdater] INFO  impl.SimpleStateMachine4Testing (SimpleStateMachine4Testing.java:put(205)) - s1: put 55, m27 -> (t:1, i:55), STATEMACHINELOGENTRY, 285@client-D4F11991EC07
2023-01-06 13:35:09,750 [s1@group-44EE5813AB9E-StateMachineUpdater] INFO  impl.SimpleStateMachine4Testing (SimpleStateMachine4Testing.java:put(205)) - s1: put 57, m28 -> (t:1, i:57), STATEMACHINELOGENTRY, 286@client-D4F11991EC07
2023-01-06 13:35:09,750 [s1@group-44EE5813AB9E-StateMachineUpdater] INFO  impl.SimpleStateMachine4Testing (SimpleStateMachine4Testing.java:put(205)) - s1: put 59, m29 -> (t:1, i:59), STATEMACHINELOGENTRY, 287@client-D4F11991EC07
2023-01-06 13:35:09,750 [s1@group-44EE5813AB9E-StateMachineUpdater] INFO  impl.SimpleStateMachine4Testing (SimpleStateMachine4Testing.java:put(205)) - s1: put 61, m30 -> (t:1, i:61), STATEMACHINELOGENTRY, 288@client-D4F11991EC07
2023-01-06 13:35:09,750 [s1@group-44EE5813AB9E-StateMachineUpdater] INFO  impl.SimpleStateMachine4Testing (SimpleStateMachine4Testing.java:put(205)) - s1: put 63, m31 -> (t:1, i:63), STATEMACHINELOGENTRY, 289@client-D4F11991EC07
2023-01-06 13:35:09,750 [s1@group-44EE5813AB9E-StateMachineUpdater] INFO  impl.SimpleStateMachine4Testing (SimpleStateMachine4Testing.java:put(205)) - s1: put 65, m32 -> (t:1, i:65), STATEMACHINELOGENTRY, 290@client-D4F11991EC07
2023-01-06 13:35:09,750 [s1@group-44EE5813AB9E-StateMachineUpdater] INFO  impl.SimpleStateMachine4Testing (SimpleStateMachine4Testing.java:put(205)) - s1: put 67, m33 -> (t:1, i:67), STATEMACHINELOGENTRY, 291@client-D4F11991EC07
2023-01-06 13:35:09,751 [s1@group-44EE5813AB9E-StateMachineUpdater] INFO  impl.SimpleStateMachine4Testing (SimpleStateMachine4Testing.java:put(205)) - s1: put 69, m34 -> (t:1, i:69), STATEMACHINELOGENTRY, 292@client-D4F11991EC07
2023-01-06 13:35:09,751 [s1@group-44EE5813AB9E-StateMachineUpdater] INFO  impl.SimpleStateMachine4Testing (SimpleStateMachine4Testing.java:put(205)) - s1: put 71, m35 -> (t:1, i:71), STATEMACHINELOGENTRY, 293@client-D4F11991EC07
2023-01-06 13:35:09,751 [s1@group-44EE5813AB9E-StateMachineUpdater] INFO  impl.SimpleStateMachine4Testing (SimpleStateMachine4Testing.java:put(205)) - s1: put 73, m36 -> (t:1, i:73), STATEMACHINELOGENTRY, 294@client-D4F11991EC07
2023-01-06 13:35:09,751 [s1@group-44EE5813AB9E-StateMachineUpdater] INFO  impl.SimpleStateMachine4Testing (SimpleStateMachine4Testing.java:put(205)) - s1: put 75, m37 -> (t:1, i:75), STATEMACHINELOGENTRY, 295@client-D4F11991EC07
2023-01-06 13:35:09,751 [s1@group-44EE5813AB9E-StateMachineUpdater] INFO  impl.SimpleStateMachine4Testing (SimpleStateMachine4Testing.java:put(205)) - s1: put 77, m38 -> (t:1, i:77), STATEMACHINELOGENTRY, 296@client-D4F11991EC07
2023-01-06 13:35:09,751 [s1@group-44EE5813AB9E-StateMachineUpdater] INFO  impl.SimpleStateMachine4Testing (SimpleStateMachine4Testing.java:put(205)) - s1: put 79, m39 -> (t:1, i:79), STATEMACHINELOGENTRY, 297@client-D4F11991EC07
2023-01-06 13:35:09,751 [s1@group-44EE5813AB9E-StateMachineUpdater] INFO  impl.SimpleStateMachine4Testing (SimpleStateMachine4Testing.java:put(205)) - s1: put 81, m40 -> (t:1, i:81), STATEMACHINELOGENTRY, 298@client-D4F11991EC07
2023-01-06 13:35:09,751 [s1@group-44EE5813AB9E-StateMachineUpdater] INFO  impl.SimpleStateMachine4Testing (SimpleStateMachine4Testing.java:put(205)) - s1: put 83, m41 -> (t:1, i:83), STATEMACHINELOGENTRY, 299@client-D4F11991EC07
2023-01-06 13:35:09,751 [s1@group-44EE5813AB9E-StateMachineUpdater] INFO  impl.SimpleStateMachine4Testing (SimpleStateMachine4Testing.java:put(205)) - s1: put 85, m42 -> (t:1, i:85), STATEMACHINELOGENTRY, 300@client-D4F11991EC07
2023-01-06 13:35:09,751 [s1@group-44EE5813AB9E-StateMachineUpdater] INFO  impl.SimpleStateMachine4Testing (SimpleStateMachine4Testing.java:put(205)) - s1: put 87, m43 -> (t:1, i:87), STATEMACHINELOGENTRY, 301@client-D4F11991EC07
2023-01-06 13:35:09,751 [s1@group-44EE5813AB9E-StateMachineUpdater] INFO  impl.SimpleStateMachine4Testing (SimpleStateMachine4Testing.java:put(205)) - s1: put 89, m44 -> (t:1, i:89), STATEMACHINELOGENTRY, 302@client-D4F11991EC07
2023-01-06 13:35:09,751 [s1@group-44EE5813AB9E-StateMachineUpdater] INFO  impl.SimpleStateMachine4Testing (SimpleStateMachine4Testing.java:put(205)) - s1: put 91, m45 -> (t:1, i:91), STATEMACHINELOGENTRY, 303@client-D4F11991EC07
2023-01-06 13:35:09,751 [s1@group-44EE5813AB9E-StateMachineUpdater] INFO  impl.SimpleStateMachine4Testing (SimpleStateMachine4Testing.java:put(205)) - s1: put 93, m46 -> (t:1, i:93), STATEMACHINELOGENTRY, 304@client-D4F11991EC07
2023-01-06 13:35:09,751 [s1@group-44EE5813AB9E-StateMachineUpdater] INFO  impl.SimpleStateMachine4Testing (SimpleStateMachine4Testing.java:put(205)) - s1: put 95, m47 -> (t:1, i:95), STATEMACHINELOGENTRY, 305@client-D4F11991EC07
2023-01-06 13:35:09,751 [s1@group-44EE5813AB9E-StateMachineUpdater] INFO  impl.SimpleStateMachine4Testing (SimpleStateMachine4Testing.java:put(205)) - s1: put 97, m48 -> (t:1, i:97), STATEMACHINELOGENTRY, 306@client-D4F11991EC07
2023-01-06 13:35:09,751 [s1@group-44EE5813AB9E-StateMachineUpdater] INFO  impl.SimpleStateMachine4Testing (SimpleStateMachine4Testing.java:put(205)) - s1: put 99, m49 -> (t:1, i:99), STATEMACHINELOGENTRY, 307@client-D4F11991EC07
2023-01-06 13:35:09,751 [s1@group-44EE5813AB9E-StateMachineUpdater] INFO  impl.SimpleStateMachine4Testing (SimpleStateMachine4Testing.java:put(205)) - s1: put 101, m50 -> (t:1, i:101), STATEMACHINELOGENTRY, 308@client-D4F11991EC07
2023-01-06 13:35:09,751 [s1@group-44EE5813AB9E-StateMachineUpdater] INFO  impl.SimpleStateMachine4Testing (SimpleStateMachine4Testing.java:put(205)) - s1: put 103, m51 -> (t:1, i:103), STATEMACHINELOGENTRY, 309@client-D4F11991EC07
2023-01-06 13:35:09,751 [s1@group-44EE5813AB9E-StateMachineUpdater] INFO  impl.SimpleStateMachine4Testing (SimpleStateMachine4Testing.java:put(205)) - s1: put 105, m52 -> (t:1, i:105), STATEMACHINELOGENTRY, 310@client-D4F11991EC07
2023-01-06 13:35:09,751 [s1@group-44EE5813AB9E-StateMachineUpdater] INFO  impl.SimpleStateMachine4Testing (SimpleStateMachine4Testing.java:put(205)) - s1: put 107, m53 -> (t:1, i:107), STATEMACHINELOGENTRY, 311@client-D4F11991EC07
2023-01-06 13:35:09,752 [s1@group-44EE5813AB9E-StateMachineUpdater] INFO  impl.SimpleStateMachine4Testing (SimpleStateMachine4Testing.java:put(205)) - s1: put 109, m54 -> (t:1, i:109), STATEMACHINELOGENTRY, 312@client-D4F11991EC07
2023-01-06 13:35:09,752 [s1@group-44EE5813AB9E-StateMachineUpdater] INFO  impl.SimpleStateMachine4Testing (SimpleStateMachine4Testing.java:put(205)) - s1: put 111, m55 -> (t:1, i:111), STATEMACHINELOGENTRY, 313@client-D4F11991EC07
2023-01-06 13:35:09,752 [s1@group-44EE5813AB9E-StateMachineUpdater] INFO  impl.SimpleStateMachine4Testing (SimpleStateMachine4Testing.java:put(205)) - s1: put 113, m56 -> (t:1, i:113), STATEMACHINELOGENTRY, 314@client-D4F11991EC07
2023-01-06 13:35:09,752 [s1@group-44EE5813AB9E-StateMachineUpdater] INFO  impl.SimpleStateMachine4Testing (SimpleStateMachine4Testing.java:put(205)) - s1: put 115, m57 -> (t:1, i:115), STATEMACHINELOGENTRY, 315@client-D4F11991EC07
2023-01-06 13:35:09,752 [s1@group-44EE5813AB9E-StateMachineUpdater] INFO  impl.SimpleStateMachine4Testing (SimpleStateMachine4Testing.java:put(205)) - s1: put 117, m58 -> (t:1, i:117), STATEMACHINELOGENTRY, 316@client-D4F11991EC07
2023-01-06 13:35:09,752 [s1@group-44EE5813AB9E-StateMachineUpdater] INFO  impl.SimpleStateMachine4Testing (SimpleStateMachine4Testing.java:put(205)) - s1: put 119, m59 -> (t:1, i:119), STATEMACHINELOGENTRY, 317@client-D4F11991EC07
2023-01-06 13:35:09,752 [s1@group-44EE5813AB9E-StateMachineUpdater] INFO  impl.SimpleStateMachine4Testing (SimpleStateMachine4Testing.java:put(205)) - s1: put 121, m60 -> (t:1, i:121), STATEMACHINELOGENTRY, 318@client-D4F11991EC07
2023-01-06 13:35:09,752 [s1@group-44EE5813AB9E-StateMachineUpdater] INFO  impl.SimpleStateMachine4Testing (SimpleStateMachine4Testing.java:put(205)) - s1: put 123, m61 -> (t:1, i:123), STATEMACHINELOGENTRY, 319@client-D4F11991EC07
2023-01-06 13:35:09,752 [s1@group-44EE5813AB9E-StateMachineUpdater] INFO  impl.SimpleStateMachine4Testing (SimpleStateMachine4Testing.java:put(205)) - s1: put 125, m62 -> (t:1, i:125), STATEMACHINELOGENTRY, 320@client-D4F11991EC07
2023-01-06 13:35:09,752 [s1@group-44EE5813AB9E-StateMachineUpdater] INFO  impl.SimpleStateMachine4Testing (SimpleStateMachine4Testing.java:put(205)) - s1: put 127, m63 -> (t:1, i:127), STATEMACHINELOGENTRY, 321@client-D4F11991EC07
2023-01-06 13:35:09,752 [s1@group-44EE5813AB9E-StateMachineUpdater] INFO  impl.SimpleStateMachine4Testing (SimpleStateMachine4Testing.java:put(205)) - s1: put 129, m64 -> (t:1, i:129), STATEMACHINELOGENTRY, 322@client-D4F11991EC07
2023-01-06 13:35:09,752 [s1@group-44EE5813AB9E-StateMachineUpdater] INFO  impl.SimpleStateMachine4Testing (SimpleStateMachine4Testing.java:put(205)) - s1: put 131, m65 -> (t:1, i:131), STATEMACHINELOGENTRY, 323@client-D4F11991EC07
2023-01-06 13:35:09,752 [s1@group-44EE5813AB9E-StateMachineUpdater] INFO  impl.SimpleStateMachine4Testing (SimpleStateMachine4Testing.java:put(205)) - s1: put 133, m66 -> (t:1, i:133), STATEMACHINELOGENTRY, 324@client-D4F11991EC07
2023-01-06 13:35:09,752 [s1@group-44EE5813AB9E-StateMachineUpdater] INFO  impl.SimpleStateMachine4Testing (SimpleStateMachine4Testing.java:put(205)) - s1: put 135, m67 -> (t:1, i:135), STATEMACHINELOGENTRY, 325@client-D4F11991EC07
2023-01-06 13:35:09,752 [s1@group-44EE5813AB9E-StateMachineUpdater] INFO  impl.SimpleStateMachine4Testing (SimpleStateMachine4Testing.java:put(205)) - s1: put 137, m68 -> (t:1, i:137), STATEMACHINELOGENTRY, 326@client-D4F11991EC07
2023-01-06 13:35:09,752 [s1@group-44EE5813AB9E-StateMachineUpdater] INFO  impl.SimpleStateMachine4Testing (SimpleStateMachine4Testing.java:put(205)) - s1: put 139, m69 -> (t:1, i:139), STATEMACHINELOGENTRY, 327@client-D4F11991EC07
2023-01-06 13:35:09,752 [s1@group-44EE5813AB9E-StateMachineUpdater] INFO  impl.SimpleStateMachine4Testing (SimpleStateMachine4Testing.java:put(205)) - s1: put 141, m70 -> (t:1, i:141), STATEMACHINELOGENTRY, 328@client-D4F11991EC07
2023-01-06 13:35:09,753 [s1@group-44EE5813AB9E-StateMachineUpdater] INFO  impl.SimpleStateMachine4Testing (SimpleStateMachine4Testing.java:put(205)) - s1: put 143, m71 -> (t:1, i:143), STATEMACHINELOGENTRY, 329@client-D4F11991EC07
2023-01-06 13:35:09,753 [s1@group-44EE5813AB9E-StateMachineUpdater] INFO  impl.SimpleStateMachine4Testing (SimpleStateMachine4Testing.java:put(205)) - s1: put 145, m72 -> (t:1, i:145), STATEMACHINELOGENTRY, 330@client-D4F11991EC07
2023-01-06 13:35:09,753 [s1@group-44EE5813AB9E-StateMachineUpdater] INFO  impl.SimpleStateMachine4Testing (SimpleStateMachine4Testing.java:put(205)) - s1: put 147, m73 -> (t:1, i:147), STATEMACHINELOGENTRY, 331@client-D4F11991EC07
2023-01-06 13:35:09,753 [s1@group-44EE5813AB9E-StateMachineUpdater] INFO  impl.SimpleStateMachine4Testing (SimpleStateMachine4Testing.java:put(205)) - s1: put 149, m74 -> (t:1, i:149), STATEMACHINELOGENTRY, 332@client-D4F11991EC07
2023-01-06 13:35:09,753 [s1@group-44EE5813AB9E-StateMachineUpdater] INFO  impl.SimpleStateMachine4Testing (SimpleStateMachine4Testing.java:put(205)) - s1: put 151, m75 -> (t:1, i:151), STATEMACHINELOGENTRY, 333@client-D4F11991EC07
2023-01-06 13:35:09,753 [s1@group-44EE5813AB9E-StateMachineUpdater] INFO  impl.SimpleStateMachine4Testing (SimpleStateMachine4Testing.java:put(205)) - s1: put 153, m76 -> (t:1, i:153), STATEMACHINELOGENTRY, 334@client-D4F11991EC07
2023-01-06 13:35:09,753 [s1@group-44EE5813AB9E-StateMachineUpdater] INFO  impl.SimpleStateMachine4Testing (SimpleStateMachine4Testing.java:put(205)) - s1: put 155, m77 -> (t:1, i:155), STATEMACHINELOGENTRY, 335@client-D4F11991EC07
2023-01-06 13:35:09,753 [s1@group-44EE5813AB9E-StateMachineUpdater] INFO  impl.SimpleStateMachine4Testing (SimpleStateMachine4Testing.java:put(205)) - s1: put 157, m78 -> (t:1, i:157), STATEMACHINELOGENTRY, 336@client-D4F11991EC07
2023-01-06 13:35:09,753 [s1@group-44EE5813AB9E-StateMachineUpdater] INFO  impl.SimpleStateMachine4Testing (SimpleStateMachine4Testing.java:put(205)) - s1: put 159, m79 -> (t:1, i:159), STATEMACHINELOGENTRY, 337@client-D4F11991EC07
2023-01-06 13:35:09,753 [s1@group-44EE5813AB9E-StateMachineUpdater] INFO  impl.SimpleStateMachine4Testing (SimpleStateMachine4Testing.java:put(205)) - s1: put 161, m80 -> (t:1, i:161), STATEMACHINELOGENTRY, 338@client-D4F11991EC07
2023-01-06 13:35:09,753 [s1@group-44EE5813AB9E-StateMachineUpdater] INFO  impl.SimpleStateMachine4Testing (SimpleStateMachine4Testing.java:put(205)) - s1: put 163, m81 -> (t:1, i:163), STATEMACHINELOGENTRY, 339@client-D4F11991EC07
2023-01-06 13:35:09,753 [s1@group-44EE5813AB9E-StateMachineUpdater] INFO  impl.SimpleStateMachine4Testing (SimpleStateMachine4Testing.java:put(205)) - s1: put 165, m82 -> (t:1, i:165), STATEMACHINELOGENTRY, 340@client-D4F11991EC07
2023-01-06 13:35:09,753 [s1@group-44EE5813AB9E-StateMachineUpdater] INFO  impl.SimpleStateMachine4Testing (SimpleStateMachine4Testing.java:put(205)) - s1: put 167, m83 -> (t:1, i:167), STATEMACHINELOGENTRY, 341@client-D4F11991EC07
2023-01-06 13:35:09,753 [s1@group-44EE5813AB9E-StateMachineUpdater] INFO  impl.SimpleStateMachine4Testing (SimpleStateMachine4Testing.java:put(205)) - s1: put 169, m84 -> (t:1, i:169), STATEMACHINELOGENTRY, 342@client-D4F11991EC07
2023-01-06 13:35:09,753 [s1@group-44EE5813AB9E-StateMachineUpdater] INFO  impl.SimpleStateMachine4Testing (SimpleStateMachine4Testing.java:put(205)) - s1: put 171, m85 -> (t:1, i:171), STATEMACHINELOGENTRY, 343@client-D4F11991EC07
2023-01-06 13:35:09,753 [s1@group-44EE5813AB9E-StateMachineUpdater] INFO  impl.SimpleStateMachine4Testing (SimpleStateMachine4Testing.java:put(205)) - s1: put 173, m86 -> (t:1, i:173), STATEMACHINELOGENTRY, 344@client-D4F11991EC07
2023-01-06 13:35:09,753 [s1@group-44EE5813AB9E-StateMachineUpdater] INFO  impl.SimpleStateMachine4Testing (SimpleStateMachine4Testing.java:put(205)) - s1: put 175, m87 -> (t:1, i:175), STATEMACHINELOGENTRY, 345@client-D4F11991EC07
2023-01-06 13:35:09,753 [s1@group-44EE5813AB9E-StateMachineUpdater] INFO  impl.SimpleStateMachine4Testing (SimpleStateMachine4Testing.java:put(205)) - s1: put 177, m88 -> (t:1, i:177), STATEMACHINELOGENTRY, 346@client-D4F11991EC07
2023-01-06 13:35:09,750 [grpc-default-executor-0] INFO  server.GrpcLogAppender (GrpcLogAppender.java:onNext(492)) - s0@group-44EE5813AB9E->s1-InstallSnapshotResponseHandler: received a reply s0<-s1#0:OK-t1,SUCCESS,requestIndex=10
2023-01-06 13:35:09,750 [s2-server-thread2] INFO  server.RaftServer$Division (RaftServerImpl.java:checkInconsistentAppendEntries(1595)) - s2@group-44EE5813AB9E: Failed appendEntries as the first entry (index 0) already exists (snapshotIndex: 191, commitIndex: -1)
2023-01-06 13:35:09,754 [grpc-default-executor-0] INFO  server.GrpcLogAppender (GrpcLogAppender.java:onNext(505)) - s0@group-44EE5813AB9E->s1-InstallSnapshotResponseHandler: Completed InstallSnapshot. Reply: serverReply {
  requestorId: "s0"
  replyId: "s1"
  raftGroupId {
    id: "\365)mToqD\221\224\212D\356X\023\253\236"
  }
  success: true
}
term: 1
requestIndex: 10

2023-01-06 13:35:09,754 [s2-server-thread2] INFO  server.RaftServer$Division (RaftServerImpl.java:checkInconsistentAppendEntries(1575)) - s2@group-44EE5813AB9E: inconsistency entries. Reply:s0<-s2#1:FAIL-t1,INCONSISTENCY,nextIndex=192,followerCommit=-1,matchIndex=-1
2023-01-06 13:35:09,756 [grpc-default-executor-4] INFO  leader.FollowerInfo (FollowerInfoImpl.java:lambda$new$0(48)) - s0@group-44EE5813AB9E->s2: nextIndex: updateUnconditionally 255 -> 192
2023-01-06 13:35:09,754 [grpc-default-executor-0] INFO  leader.FollowerInfo (FollowerInfoImpl.java:setAttemptedToInstallSnapshot(118)) - Follower s0@group-44EE5813AB9E->s1 acknowledged installing snapshot
2023-01-06 13:35:09,758 [grpc-default-executor-1] INFO  server.GrpcServerProtocolService (GrpcServerProtocolService.java:onCompleted(143)) - s1: Completed INSTALL_SNAPSHOT, lastRequest: s0->s1#0-t1,chunk:05e25eb2-67ce-42ba-9c2f-b19f2350670f,10
2023-01-06 13:35:09,758 [s2-server-thread2] INFO  segmented.SegmentedRaftLogWorker (SegmentedRaftLogWorker.java:startLogSegment(431)) - s2@group-44EE5813AB9E-SegmentedRaftLogWorker: Starting segment from index:192
2023-01-06 13:35:09,761 [grpc-default-executor-0] INFO  server.GrpcLogAppender (GrpcLogAppender.java:onCompleted(571)) - s0@group-44EE5813AB9E->s1-InstallSnapshotResponseHandler: follower responded installSnapshot COMPLETED
2023-01-06 13:35:09,761 [s0@group-44EE5813AB9E->s1-GrpcLogAppender-LogAppenderDaemon] INFO  leader.FollowerInfo (FollowerInfoImpl.java:lambda$new$0(48)) - s0@group-44EE5813AB9E->s1: snapshotIndex: setUnconditionally 0 -> 191
2023-01-06 13:35:09,761 [s0@group-44EE5813AB9E->s1-GrpcLogAppender-LogAppenderDaemon] INFO  leader.FollowerInfo (FollowerInfoImpl.java:lambda$new$0(48)) - s0@group-44EE5813AB9E->s1: matchIndex: setUnconditionally 0 -> 191
2023-01-06 13:35:09,761 [s0@group-44EE5813AB9E->s1-GrpcLogAppender-LogAppenderDaemon] INFO  leader.FollowerInfo (FollowerInfoImpl.java:lambda$new$0(48)) - s0@group-44EE5813AB9E->s1: nextIndex: setUnconditionally 0 -> 192
2023-01-06 13:35:09,761 [s0@group-44EE5813AB9E->s1-GrpcLogAppender-LogAppenderDaemon] INFO  server.GrpcLogAppender (GrpcLogAppender.java:installSnapshot(624)) - s0@group-44EE5813AB9E->s1-GrpcLogAppender: installed snapshot FileListSnapshotInfo(t:1, i:191):[/home/runner/work/ratis/ratis/ratis-test/target/test/data/d56066fe/MiniRaftClusterWithGrpc3bc8e3e1/s0/f5296d54-6f71-4491-948a-44ee5813ab9e/sm/snapshot/1.bin, /home/runner/work/ratis/ratis/ratis-test/target/test/data/d56066fe/MiniRaftClusterWithGrpc3bc8e3e1/s0/f5296d54-6f71-4491-948a-44ee5813ab9e/sm/snapshot/sub/2.bin, /home/runner/work/ratis/ratis/ratis-test/target/test/data/d56066fe/MiniRaftClusterWithGrpc3bc8e3e1/s0/f5296d54-6f71-4491-948a-44ee5813ab9e/sm/snapshot.1_191] successfully
2023-01-06 13:35:09,764 [s1@group-44EE5813AB9E-StateMachineUpdater] INFO  impl.SimpleStateMachine4Testing (SimpleStateMachine4Testing.java:put(205)) - s1: put 179, m89 -> (t:1, i:179), STATEMACHINELOGENTRY, 347@client-D4F11991EC07
2023-01-06 13:35:09,764 [s1@group-44EE5813AB9E-StateMachineUpdater] INFO  impl.SimpleStateMachine4Testing (SimpleStateMachine4Testing.java:put(205)) - s1: put 181, m90 -> (t:1, i:181), STATEMACHINELOGENTRY, 348@client-D4F11991EC07
2023-01-06 13:35:09,764 [s1@group-44EE5813AB9E-StateMachineUpdater] INFO  impl.SimpleStateMachine4Testing (SimpleStateMachine4Testing.java:put(205)) - s1: put 183, m91 -> (t:1, i:183), STATEMACHINELOGENTRY, 349@client-D4F11991EC07
2023-01-06 13:35:09,765 [s1@group-44EE5813AB9E-StateMachineUpdater] INFO  impl.SimpleStateMachine4Testing (SimpleStateMachine4Testing.java:put(205)) - s1: put 185, m92 -> (t:1, i:185), STATEMACHINELOGENTRY, 350@client-D4F11991EC07
2023-01-06 13:35:09,765 [s1@group-44EE5813AB9E-StateMachineUpdater] INFO  impl.SimpleStateMachine4Testing (SimpleStateMachine4Testing.java:put(205)) - s1: put 187, m93 -> (t:1, i:187), STATEMACHINELOGENTRY, 351@client-D4F11991EC07
2023-01-06 13:35:09,765 [s1@group-44EE5813AB9E-StateMachineUpdater] INFO  impl.SimpleStateMachine4Testing (SimpleStateMachine4Testing.java:put(205)) - s1: put 189, m94 -> (t:1, i:189), STATEMACHINELOGENTRY, 352@client-D4F11991EC07
2023-01-06 13:35:09,765 [s1@group-44EE5813AB9E-StateMachineUpdater] INFO  impl.SimpleStateMachine4Testing (SimpleStateMachine4Testing.java:put(205)) - s1: put 191, m95 -> (t:1, i:191), STATEMACHINELOGENTRY, 353@client-D4F11991EC07
2023-01-06 13:35:09,765 [s1@group-44EE5813AB9E-StateMachineUpdater] INFO  impl.StateMachineUpdater (StateMachineUpdater.java:lambda$new$0(96)) - s1@group-44EE5813AB9E-StateMachineUpdater: snapshotIndex: setUnconditionally -1 -> 191
2023-01-06 13:35:09,765 [s1@group-44EE5813AB9E-StateMachineUpdater] INFO  impl.StateMachineUpdater (StateMachineUpdater.java:lambda$new$0(96)) - s1@group-44EE5813AB9E-StateMachineUpdater: appliedIndex: setUnconditionally -1 -> 191
2023-01-06 13:35:09,782 [s2@group-44EE5813AB9E-SegmentedRaftLogWorker] INFO  segmented.SegmentedRaftLogWorker (SegmentedRaftLogWorker.java:execute(635)) - s2@group-44EE5813AB9E-SegmentedRaftLogWorker: created new log segment /home/runner/work/ratis/ratis/ratis-test/target/test/data/d56066fe/MiniRaftClusterWithGrpc3bc8e3e1/s2/f5296d54-6f71-4491-948a-44ee5813ab9e/current/log_inprogress_192
2023-01-06 13:35:09,812 [s0@group-44EE5813AB9E-LeaderStateImpl] INFO  server.RaftServer$Division (ServerState.java:setRaftConf(378)) - s0@group-44EE5813AB9E: set configuration 255: peers:[s0|rpc:localhost:46411|admin:localhost:35547|client:localhost:42705|dataStream:localhost:45011|priority:0|startupRole:FOLLOWER, s1|rpc:0.0.0.0:39661|dataStream:|priority:0|startupRole:FOLLOWER, s2|rpc:0.0.0.0:37609|dataStream:|priority:0|startupRole:FOLLOWER]|listeners:[], old=peers:[s0|rpc:localhost:46411|admin:localhost:35547|client:localhost:42705|dataStream:localhost:45011|priority:0|startupRole:FOLLOWER]|listeners:[]
2023-01-06 13:35:09,814 [s2-server-thread4] INFO  server.RaftServer$Division (ServerState.java:setRaftConf(378)) - s2@group-44EE5813AB9E: set configuration 255: peers:[s0|rpc:localhost:46411|admin:localhost:35547|client:localhost:42705|dataStream:localhost:45011|priority:0|startupRole:FOLLOWER, s1|rpc:0.0.0.0:39661|dataStream:|priority:0|startupRole:FOLLOWER, s2|rpc:0.0.0.0:37609|dataStream:|priority:0|startupRole:FOLLOWER]|listeners:[], old=peers:[s0|rpc:localhost:46411|admin:localhost:35547|client:localhost:42705|dataStream:localhost:45011|priority:0|startupRole:FOLLOWER]|listeners:[]
2023-01-06 13:35:09,818 [s1-server-thread1] INFO  impl.RoleInfo (RoleInfo.java:updateAndGet(139)) - s1: start s1@group-44EE5813AB9E-FollowerState
2023-01-06 13:35:09,819 [s1-server-thread1] INFO  segmented.SegmentedRaftLogWorker (SegmentedRaftLogWorker.java:startLogSegment(431)) - s1@group-44EE5813AB9E-SegmentedRaftLogWorker: Starting segment from index:192
2023-01-06 13:35:09,827 [s0@group-44EE5813AB9E-LeaderStateImpl] INFO  server.RaftServer$Division (ServerState.java:setRaftConf(378)) - s0@group-44EE5813AB9E: set configuration 257: peers:[s0|rpc:localhost:46411|admin:localhost:35547|client:localhost:42705|dataStream:localhost:45011|priority:0|startupRole:FOLLOWER, s1|rpc:0.0.0.0:39661|dataStream:|priority:0|startupRole:FOLLOWER, s2|rpc:0.0.0.0:37609|dataStream:|priority:0|startupRole:FOLLOWER]|listeners:[], old=null
2023-01-06 13:35:09,835 [s2-server-thread4] INFO  server.RaftServer$Division (ServerState.java:setRaftConf(378)) - s2@group-44EE5813AB9E: set configuration 257: peers:[s0|rpc:localhost:46411|admin:localhost:35547|client:localhost:42705|dataStream:localhost:45011|priority:0|startupRole:FOLLOWER, s1|rpc:0.0.0.0:39661|dataStream:|priority:0|startupRole:FOLLOWER, s2|rpc:0.0.0.0:37609|dataStream:|priority:0|startupRole:FOLLOWER]|listeners:[], old=null
2023-01-06 13:35:09,836 [s1-server-thread2] INFO  server.RaftServer$Division (ServerState.java:setRaftConf(378)) - s1@group-44EE5813AB9E: set configuration 255: peers:[s0|rpc:localhost:46411|admin:localhost:35547|client:localhost:42705|dataStream:localhost:45011|priority:0|startupRole:FOLLOWER, s1|rpc:0.0.0.0:39661|dataStream:|priority:0|startupRole:FOLLOWER, s2|rpc:0.0.0.0:37609|dataStream:|priority:0|startupRole:FOLLOWER]|listeners:[], old=peers:[s0|rpc:localhost:46411|admin:localhost:35547|client:localhost:42705|dataStream:localhost:45011|priority:0|startupRole:FOLLOWER]|listeners:[]
2023-01-06 13:35:09,837 [s1-server-thread2] INFO  server.RaftServer$Division (ServerState.java:setRaftConf(378)) - s1@group-44EE5813AB9E: set configuration 257: peers:[s0|rpc:localhost:46411|admin:localhost:35547|client:localhost:42705|dataStream:localhost:45011|priority:0|startupRole:FOLLOWER, s1|rpc:0.0.0.0:39661|dataStream:|priority:0|startupRole:FOLLOWER, s2|rpc:0.0.0.0:37609|dataStream:|priority:0|startupRole:FOLLOWER]|listeners:[], old=null
2023-01-06 13:35:09,856 [s1@group-44EE5813AB9E-SegmentedRaftLogWorker] INFO  segmented.SegmentedRaftLogWorker (SegmentedRaftLogWorker.java:execute(635)) - s1@group-44EE5813AB9E-SegmentedRaftLogWorker: created new log segment /home/runner/work/ratis/ratis/ratis-test/target/test/data/d56066fe/MiniRaftClusterWithGrpc3bc8e3e1/s1/f5296d54-6f71-4491-948a-44ee5813ab9e/current/log_inprogress_192
2023-01-06 13:35:09,859 [s1@group-44EE5813AB9E-StateMachineUpdater] INFO  impl.SimpleStateMachine4Testing (SimpleStateMachine4Testing.java:put(205)) - s1: put 193, m96 -> (t:1, i:193), STATEMACHINELOGENTRY, 354@client-D4F11991EC07
2023-01-06 13:35:09,859 [s1@group-44EE5813AB9E-StateMachineUpdater] INFO  impl.SimpleStateMachine4Testing (SimpleStateMachine4Testing.java:put(205)) - s1: put 195, m97 -> (t:1, i:195), STATEMACHINELOGENTRY, 355@client-D4F11991EC07
2023-01-06 13:35:09,860 [s1@group-44EE5813AB9E-StateMachineUpdater] INFO  impl.SimpleStateMachine4Testing (SimpleStateMachine4Testing.java:put(205)) - s1: put 197, m98 -> (t:1, i:197), STATEMACHINELOGENTRY, 356@client-D4F11991EC07
2023-01-06 13:35:09,860 [s1@group-44EE5813AB9E-StateMachineUpdater] INFO  impl.SimpleStateMachine4Testing (SimpleStateMachine4Testing.java:put(205)) - s1: put 199, m99 -> (t:1, i:199), STATEMACHINELOGENTRY, 357@client-D4F11991EC07
2023-01-06 13:35:09,860 [s1@group-44EE5813AB9E-StateMachineUpdater] INFO  impl.SimpleStateMachine4Testing (SimpleStateMachine4Testing.java:put(205)) - s1: put 201, m100 -> (t:1, i:201), STATEMACHINELOGENTRY, 358@client-D4F11991EC07
2023-01-06 13:35:09,860 [s1@group-44EE5813AB9E-StateMachineUpdater] INFO  impl.SimpleStateMachine4Testing (SimpleStateMachine4Testing.java:put(205)) - s1: put 203, m101 -> (t:1, i:203), STATEMACHINELOGENTRY, 359@client-D4F11991EC07
2023-01-06 13:35:09,860 [s1@group-44EE5813AB9E-StateMachineUpdater] INFO  impl.SimpleStateMachine4Testing (SimpleStateMachine4Testing.java:put(205)) - s1: put 205, m102 -> (t:1, i:205), STATEMACHINELOGENTRY, 360@client-D4F11991EC07
2023-01-06 13:35:09,860 [s1@group-44EE5813AB9E-StateMachineUpdater] INFO  impl.SimpleStateMachine4Testing (SimpleStateMachine4Testing.java:put(205)) - s1: put 207, m103 -> (t:1, i:207), STATEMACHINELOGENTRY, 361@client-D4F11991EC07
2023-01-06 13:35:09,860 [s1@group-44EE5813AB9E-StateMachineUpdater] INFO  impl.SimpleStateMachine4Testing (SimpleStateMachine4Testing.java:put(205)) - s1: put 209, m104 -> (t:1, i:209), STATEMACHINELOGENTRY, 362@client-D4F11991EC07
2023-01-06 13:35:09,861 [s1@group-44EE5813AB9E-StateMachineUpdater] INFO  impl.SimpleStateMachine4Testing (SimpleStateMachine4Testing.java:put(205)) - s1: put 211, m105 -> (t:1, i:211), STATEMACHINELOGENTRY, 363@client-D4F11991EC07
2023-01-06 13:35:09,861 [s1@group-44EE5813AB9E-StateMachineUpdater] INFO  impl.SimpleStateMachine4Testing (SimpleStateMachine4Testing.java:put(205)) - s1: put 213, m106 -> (t:1, i:213), STATEMACHINELOGENTRY, 364@client-D4F11991EC07
2023-01-06 13:35:09,861 [s1@group-44EE5813AB9E-StateMachineUpdater] INFO  impl.SimpleStateMachine4Testing (SimpleStateMachine4Testing.java:put(205)) - s1: put 215, m107 -> (t:1, i:215), STATEMACHINELOGENTRY, 365@client-D4F11991EC07
2023-01-06 13:35:09,861 [s1@group-44EE5813AB9E-StateMachineUpdater] INFO  impl.SimpleStateMachine4Testing (SimpleStateMachine4Testing.java:put(205)) - s1: put 217, m108 -> (t:1, i:217), STATEMACHINELOGENTRY, 366@client-D4F11991EC07
2023-01-06 13:35:09,861 [s1@group-44EE5813AB9E-StateMachineUpdater] INFO  impl.SimpleStateMachine4Testing (SimpleStateMachine4Testing.java:put(205)) - s1: put 219, m109 -> (t:1, i:219), STATEMACHINELOGENTRY, 367@client-D4F11991EC07
2023-01-06 13:35:09,861 [s1@group-44EE5813AB9E-StateMachineUpdater] INFO  impl.SimpleStateMachine4Testing (SimpleStateMachine4Testing.java:put(205)) - s1: put 221, m110 -> (t:1, i:221), STATEMACHINELOGENTRY, 368@client-D4F11991EC07
2023-01-06 13:35:09,861 [s1@group-44EE5813AB9E-StateMachineUpdater] INFO  impl.SimpleStateMachine4Testing (SimpleStateMachine4Testing.java:put(205)) - s1: put 223, m111 -> (t:1, i:223), STATEMACHINELOGENTRY, 369@client-D4F11991EC07
2023-01-06 13:35:09,862 [s1@group-44EE5813AB9E-StateMachineUpdater] INFO  impl.SimpleStateMachine4Testing (SimpleStateMachine4Testing.java:put(205)) - s1: put 225, m112 -> (t:1, i:225), STATEMACHINELOGENTRY, 370@client-D4F11991EC07
2023-01-06 13:35:09,862 [s1@group-44EE5813AB9E-StateMachineUpdater] INFO  impl.SimpleStateMachine4Testing (SimpleStateMachine4Testing.java:put(205)) - s1: put 227, m113 -> (t:1, i:227), STATEMACHINELOGENTRY, 371@client-D4F11991EC07
2023-01-06 13:35:09,863 [s1@group-44EE5813AB9E-StateMachineUpdater] INFO  impl.SimpleStateMachine4Testing (SimpleStateMachine4Testing.java:put(205)) - s1: put 229, m114 -> (t:1, i:229), STATEMACHINELOGENTRY, 372@client-D4F11991EC07
2023-01-06 13:35:09,863 [s1@group-44EE5813AB9E-StateMachineUpdater] INFO  impl.SimpleStateMachine4Testing (SimpleStateMachine4Testing.java:put(205)) - s1: put 231, m115 -> (t:1, i:231), STATEMACHINELOGENTRY, 373@client-D4F11991EC07
2023-01-06 13:35:09,863 [s1@group-44EE5813AB9E-StateMachineUpdater] INFO  impl.SimpleStateMachine4Testing (SimpleStateMachine4Testing.java:put(205)) - s1: put 233, m116 -> (t:1, i:233), STATEMACHINELOGENTRY, 374@client-D4F11991EC07
2023-01-06 13:35:09,863 [s1@group-44EE5813AB9E-StateMachineUpdater] INFO  impl.SimpleStateMachine4Testing (SimpleStateMachine4Testing.java:put(205)) - s1: put 235, m117 -> (t:1, i:235), STATEMACHINELOGENTRY, 375@client-D4F11991EC07
2023-01-06 13:35:09,863 [s1@group-44EE5813AB9E-StateMachineUpdater] INFO  impl.SimpleStateMachine4Testing (SimpleStateMachine4Testing.java:put(205)) - s1: put 237, m118 -> (t:1, i:237), STATEMACHINELOGENTRY, 376@client-D4F11991EC07
2023-01-06 13:35:09,863 [s1@group-44EE5813AB9E-StateMachineUpdater] INFO  impl.SimpleStateMachine4Testing (SimpleStateMachine4Testing.java:put(205)) - s1: put 239, m119 -> (t:1, i:239), STATEMACHINELOGENTRY, 377@client-D4F11991EC07
2023-01-06 13:35:09,863 [s1@group-44EE5813AB9E-StateMachineUpdater] INFO  impl.SimpleStateMachine4Testing (SimpleStateMachine4Testing.java:put(205)) - s1: put 241, m120 -> (t:1, i:241), STATEMACHINELOGENTRY, 378@client-D4F11991EC07
2023-01-06 13:35:09,864 [s1@group-44EE5813AB9E-StateMachineUpdater] INFO  impl.SimpleStateMachine4Testing (SimpleStateMachine4Testing.java:put(205)) - s1: put 243, m121 -> (t:1, i:243), STATEMACHINELOGENTRY, 379@client-D4F11991EC07
2023-01-06 13:35:09,864 [s1@group-44EE5813AB9E-StateMachineUpdater] INFO  impl.SimpleStateMachine4Testing (SimpleStateMachine4Testing.java:put(205)) - s1: put 245, m122 -> (t:1, i:245), STATEMACHINELOGENTRY, 380@client-D4F11991EC07
2023-01-06 13:35:09,864 [s1@group-44EE5813AB9E-StateMachineUpdater] INFO  impl.SimpleStateMachine4Testing (SimpleStateMachine4Testing.java:put(205)) - s1: put 247, m123 -> (t:1, i:247), STATEMACHINELOGENTRY, 381@client-D4F11991EC07
2023-01-06 13:35:09,864 [s1@group-44EE5813AB9E-StateMachineUpdater] INFO  impl.SimpleStateMachine4Testing (SimpleStateMachine4Testing.java:put(205)) - s1: put 249, m124 -> (t:1, i:249), STATEMACHINELOGENTRY, 382@client-D4F11991EC07
2023-01-06 13:35:09,864 [s1@group-44EE5813AB9E-StateMachineUpdater] INFO  impl.SimpleStateMachine4Testing (SimpleStateMachine4Testing.java:put(205)) - s1: put 251, m125 -> (t:1, i:251), STATEMACHINELOGENTRY, 383@client-D4F11991EC07
2023-01-06 13:35:09,865 [s1@group-44EE5813AB9E-StateMachineUpdater] INFO  impl.SimpleStateMachine4Testing (SimpleStateMachine4Testing.java:put(205)) - s1: put 253, m126 -> (t:1, i:253), STATEMACHINELOGENTRY, 384@client-D4F11991EC07
2023-01-06 13:35:09,884 [Time-limited test] INFO  server.RaftServerConfigKeys (ConfUtils.java:logGet(46)) - raft.server.rpc.timeout.max = 300ms (default)
2023-01-06 13:35:09,884 [Time-limited test] INFO  impl.RaftServerTestUtil (RaftServerTestUtil.java:waitAndCheckNewConf(87)) - waitAndCheckNewConf: peers=[s1|rpc:0.0.0.0:39661|priority:0|startupRole:FOLLOWER, s2|rpc:0.0.0.0:37609|priority:0|startupRole:FOLLOWER, s0|rpc:localhost:46411|admin:localhost:35547|client:localhost:42705|dataStream:localhost:45011|priority:0|startupRole:FOLLOWER], deadPeers=null, printing ALL groups
  s0:  RUNNING    LEADER s0@group-44EE5813AB9E:t1, leader=s0, voted=s0, raftlog=Memoized:s0@group-44EE5813AB9E-SegmentedRaftLog:OPENED:c258, conf=257: peers:[s0|rpc:localhost:46411|admin:localhost:35547|client:localhost:42705|dataStream:localhost:45011|priority:0|startupRole:FOLLOWER, s1|rpc:0.0.0.0:39661|dataStream:|priority:0|startupRole:FOLLOWER, s2|rpc:0.0.0.0:37609|dataStream:|priority:0|startupRole:FOLLOWER]|listeners:[], old=null RUNNING
  s1:  RUNNING  FOLLOWER s1@group-44EE5813AB9E:t1, leader=s0, voted=null, raftlog=Memoized:s1@group-44EE5813AB9E-SegmentedRaftLog:OPENED:c257, conf=257: peers:[s0|rpc:localhost:46411|admin:localhost:35547|client:localhost:42705|dataStream:localhost:45011|priority:0|startupRole:FOLLOWER, s1|rpc:0.0.0.0:39661|dataStream:|priority:0|startupRole:FOLLOWER, s2|rpc:0.0.0.0:37609|dataStream:|priority:0|startupRole:FOLLOWER]|listeners:[], old=null RUNNING
  s2:  RUNNING  FOLLOWER s2@group-44EE5813AB9E:t1, leader=s0, voted=null, raftlog=Memoized:s2@group-44EE5813AB9E-SegmentedRaftLog:OPENED:c257, conf=257: peers:[s0|rpc:localhost:46411|admin:localhost:35547|client:localhost:42705|dataStream:localhost:45011|priority:0|startupRole:FOLLOWER, s1|rpc:0.0.0.0:39661|dataStream:|priority:0|startupRole:FOLLOWER, s2|rpc:0.0.0.0:37609|dataStream:|priority:0|startupRole:FOLLOWER]|listeners:[], old=null RUNNING
2023-01-06 13:35:09,884 [Time-limited test] INFO  impl.RaftServerTestUtil (RaftServerTestUtil.java:waitAndCheckNewConf(96)) - checking    LEADER s0@group-44EE5813AB9E:t1, leader=s0, voted=s0, raftlog=Memoized:s0@group-44EE5813AB9E-SegmentedRaftLog:OPENED:c258, conf=257: peers:[s0|rpc:localhost:46411|admin:localhost:35547|client:localhost:42705|dataStream:localhost:45011|priority:0|startupRole:FOLLOWER, s1|rpc:0.0.0.0:39661|dataStream:|priority:0|startupRole:FOLLOWER, s2|rpc:0.0.0.0:37609|dataStream:|priority:0|startupRole:FOLLOWER]|listeners:[], old=null RUNNING
2023-01-06 13:35:09,884 [Time-limited test] INFO  impl.RaftServerTestUtil (RaftServerTestUtil.java:waitAndCheckNewConf(96)) - checking  FOLLOWER s1@group-44EE5813AB9E:t1, leader=s0, voted=null, raftlog=Memoized:s1@group-44EE5813AB9E-SegmentedRaftLog:OPENED:c257, conf=257: peers:[s0|rpc:localhost:46411|admin:localhost:35547|client:localhost:42705|dataStream:localhost:45011|priority:0|startupRole:FOLLOWER, s1|rpc:0.0.0.0:39661|dataStream:|priority:0|startupRole:FOLLOWER, s2|rpc:0.0.0.0:37609|dataStream:|priority:0|startupRole:FOLLOWER]|listeners:[], old=null RUNNING
2023-01-06 13:35:09,885 [Time-limited test] INFO  impl.RaftServerTestUtil (RaftServerTestUtil.java:waitAndCheckNewConf(96)) - checking  FOLLOWER s2@group-44EE5813AB9E:t1, leader=s0, voted=null, raftlog=Memoized:s2@group-44EE5813AB9E-SegmentedRaftLog:OPENED:c257, conf=257: peers:[s0|rpc:localhost:46411|admin:localhost:35547|client:localhost:42705|dataStream:localhost:45011|priority:0|startupRole:FOLLOWER, s1|rpc:0.0.0.0:39661|dataStream:|priority:0|startupRole:FOLLOWER, s2|rpc:0.0.0.0:37609|dataStream:|priority:0|startupRole:FOLLOWER]|listeners:[], old=null RUNNING
2023-01-06 13:35:09,885 [Time-limited test] INFO  impl.MiniRaftCluster (MiniRaftCluster.java:shutdown(831)) - ************************************************************** 
2023-01-06 13:35:09,885 [Time-limited test] INFO  impl.MiniRaftCluster (MiniRaftCluster.java:shutdown(832)) - *** 
2023-01-06 13:35:09,885 [Time-limited test] INFO  impl.MiniRaftCluster (MiniRaftCluster.java:shutdown(833)) - ***     Stopping MiniRaftClusterWithGrpc
2023-01-06 13:35:09,885 [Time-limited test] INFO  impl.MiniRaftCluster (MiniRaftCluster.java:shutdown(834)) - *** 
2023-01-06 13:35:09,885 [Time-limited test] INFO  impl.MiniRaftCluster (MiniRaftCluster.java:shutdown(835)) - ************************************************************** 
2023-01-06 13:35:09,885 [Time-limited test] INFO  impl.MiniRaftCluster (MiniRaftCluster.java:shutdown(836)) - printing ALL groups
  s0:  RUNNING    LEADER s0@group-44EE5813AB9E:t1, leader=s0, voted=s0, raftlog=Memoized:s0@group-44EE5813AB9E-SegmentedRaftLog:OPENED:c258, conf=257: peers:[s0|rpc:localhost:46411|admin:localhost:35547|client:localhost:42705|dataStream:localhost:45011|priority:0|startupRole:FOLLOWER, s1|rpc:0.0.0.0:39661|dataStream:|priority:0|startupRole:FOLLOWER, s2|rpc:0.0.0.0:37609|dataStream:|priority:0|startupRole:FOLLOWER]|listeners:[], old=null RUNNING
  s1:  RUNNING  FOLLOWER s1@group-44EE5813AB9E:t1, leader=s0, voted=null, raftlog=Memoized:s1@group-44EE5813AB9E-SegmentedRaftLog:OPENED:c257, conf=257: peers:[s0|rpc:localhost:46411|admin:localhost:35547|client:localhost:42705|dataStream:localhost:45011|priority:0|startupRole:FOLLOWER, s1|rpc:0.0.0.0:39661|dataStream:|priority:0|startupRole:FOLLOWER, s2|rpc:0.0.0.0:37609|dataStream:|priority:0|startupRole:FOLLOWER]|listeners:[], old=null RUNNING
  s2:  RUNNING  FOLLOWER s2@group-44EE5813AB9E:t1, leader=s0, voted=null, raftlog=Memoized:s2@group-44EE5813AB9E-SegmentedRaftLog:OPENED:c257, conf=257: peers:[s0|rpc:localhost:46411|admin:localhost:35547|client:localhost:42705|dataStream:localhost:45011|priority:0|startupRole:FOLLOWER, s1|rpc:0.0.0.0:39661|dataStream:|priority:0|startupRole:FOLLOWER, s2|rpc:0.0.0.0:37609|dataStream:|priority:0|startupRole:FOLLOWER]|listeners:[], old=null RUNNING
2023-01-06 13:35:09,885 [s0@group-44EE5813AB9E-StateMachineUpdater] INFO  impl.StateMachineUpdater (StateMachineUpdater.java:takeSnapshot(290)) - s0@group-44EE5813AB9E-StateMachineUpdater: Took a snapshot at index 255
2023-01-06 13:35:09,910 [s0@group-44EE5813AB9E-StateMachineUpdater] INFO  impl.StateMachineUpdater (StateMachineUpdater.java:lambda$new$0(96)) - s0@group-44EE5813AB9E-StateMachineUpdater: snapshotIndex: updateIncreasingly 191 -> 255
2023-01-06 13:35:09,910 [s0@group-44EE5813AB9E-StateMachineUpdater] INFO  raftlog.RaftLog (RaftLogBase.java:purge(314)) - s0@group-44EE5813AB9E-SegmentedRaftLog: purge 255
2023-01-06 13:35:09,910 [s0@group-44EE5813AB9E-StateMachineUpdater] INFO  raftlog.RaftLog (RaftLogBase.java:lambda$new$0(53)) - s0@group-44EE5813AB9E-SegmentedRaftLog: snapshotIndex: updateIncreasingly 191 -> 255
2023-01-06 13:35:09,910 [s0@group-44EE5813AB9E-StateMachineUpdater] INFO  raftlog.RaftLog (RaftLogBase.java:lambda$new$0(53)) - s0@group-44EE5813AB9E-SegmentedRaftLog: purgeIndex: updateToMax old=191, new=255, updated? true
2023-01-06 13:35:09,902 [MiniRaftCluster-14] INFO  server.RaftServer (RaftServerProxy.java:lambda$close$7(412)) - s1: close
2023-01-06 13:35:09,890 [MiniRaftCluster-13] INFO  server.RaftServer (RaftServerProxy.java:lambda$close$7(412)) - s0: close
2023-01-06 13:35:09,890 [s1@group-44EE5813AB9E-StateMachineUpdater] INFO  impl.StateMachineUpdater (StateMachineUpdater.java:takeSnapshot(290)) - s1@group-44EE5813AB9E-StateMachineUpdater: Took a snapshot at index 255
2023-01-06 13:35:09,912 [s1@group-44EE5813AB9E-StateMachineUpdater] INFO  impl.StateMachineUpdater (StateMachineUpdater.java:lambda$new$0(96)) - s1@group-44EE5813AB9E-StateMachineUpdater: snapshotIndex: updateIncreasingly 191 -> 255
2023-01-06 13:35:09,912 [s1@group-44EE5813AB9E-StateMachineUpdater] INFO  raftlog.RaftLog (RaftLogBase.java:purge(314)) - s1@group-44EE5813AB9E-SegmentedRaftLog: purge 255
2023-01-06 13:35:09,912 [s1@group-44EE5813AB9E-StateMachineUpdater] INFO  raftlog.RaftLog (RaftLogBase.java:lambda$new$0(53)) - s1@group-44EE5813AB9E-SegmentedRaftLog: snapshotIndex: updateIncreasingly 191 -> 255
2023-01-06 13:35:09,912 [s1@group-44EE5813AB9E-StateMachineUpdater] INFO  raftlog.RaftLog (RaftLogBase.java:lambda$new$0(53)) - s1@group-44EE5813AB9E-SegmentedRaftLog: purgeIndex: updateToMax old=-1, new=255, updated? true
2023-01-06 13:35:09,912 [MiniRaftCluster-15] INFO  server.RaftServer (RaftServerProxy.java:lambda$close$7(412)) - s2: close
2023-01-06 13:35:09,912 [s1-impl-thread1] INFO  server.RaftServer$Division (RaftServerImpl.java:lambda$close$4(462)) - s1@group-44EE5813AB9E: shutdown
2023-01-06 13:35:09,911 [MiniRaftCluster-14] INFO  server.GrpcService (GrpcService.java:closeImpl(311)) - s1: shutdown server GrpcServerProtocolService now
2023-01-06 13:35:09,913 [MiniRaftCluster-13] INFO  server.GrpcService (GrpcService.java:closeImpl(311)) - s0: shutdown server org.apache.ratis.grpc.server.GrpcClientProtocolService now
2023-01-06 13:35:09,913 [s0-impl-thread1] INFO  server.RaftServer$Division (RaftServerImpl.java:lambda$close$4(462)) - s0@group-44EE5813AB9E: shutdown
2023-01-06 13:35:09,913 [s0-impl-thread1] INFO  util.JmxRegister (JmxRegister.java:unregister(73)) - Successfully un-registered JMX Bean with object name Ratis:service=RaftServer,group=group-44EE5813AB9E,id=s0
2023-01-06 13:35:09,913 [s0-impl-thread1] INFO  impl.RoleInfo (RoleInfo.java:shutdownLeaderState(93)) - s0: shutdown s0@group-44EE5813AB9E-LeaderStateImpl
2023-01-06 13:35:09,914 [s0-impl-thread1] INFO  impl.PendingRequests (PendingRequests.java:sendNotLeaderResponses(282)) - s0@group-44EE5813AB9E-PendingRequests: sendNotLeaderResponses
2023-01-06 13:35:09,916 [s0@group-44EE5813AB9E->s2-GrpcLogAppender-LogAppenderDaemon] WARN  server.GrpcLogAppender (GrpcLogAppender.java:mayWait(199)) - s0@group-44EE5813AB9E->s2-GrpcLogAppender: Wait interrupted by java.lang.InterruptedException
2023-01-06 13:35:09,916 [s0@group-44EE5813AB9E->s1-GrpcLogAppender-LogAppenderDaemon] WARN  server.GrpcLogAppender (GrpcLogAppender.java:mayWait(199)) - s0@group-44EE5813AB9E->s1-GrpcLogAppender: Wait interrupted by java.lang.InterruptedException
2023-01-06 13:35:09,917 [MiniRaftCluster-13] INFO  server.GrpcServerProtocolClient (GrpcServerProtocolClient.java:close(101)) - s1 Close channels
2023-01-06 13:35:09,918 [grpc-default-executor-0] WARN  server.GrpcServerProtocolService (LogUtils.java:warn(122)) - s1: installSnapshot onError, lastRequest: s0->s1#10-t1,previous=(t:1, i:257),leaderCommit=257,initializing? true,entries: size=1, first=(t:1, i:258), METADATAENTRY(c:257): org.apache.ratis.thirdparty.io.grpc.StatusRuntimeException: CANCELLED: client cancelled
2023-01-06 13:35:09,919 [grpc-default-executor-1] INFO  server.GrpcServerProtocolService (GrpcServerProtocolService.java:onCompleted(143)) - s2: Completed APPEND_ENTRIES, lastRequest: null
2023-01-06 13:35:09,913 [s1-impl-thread1] INFO  util.JmxRegister (JmxRegister.java:unregister(73)) - Successfully un-registered JMX Bean with object name Ratis:service=RaftServer,group=group-44EE5813AB9E,id=s1
2023-01-06 13:35:09,919 [s1-impl-thread1] INFO  impl.RoleInfo (RoleInfo.java:shutdownFollowerState(110)) - s1: shutdown s1@group-44EE5813AB9E-FollowerState
2023-01-06 13:35:09,913 [MiniRaftCluster-15] INFO  server.GrpcService (GrpcService.java:closeImpl(311)) - s2: shutdown server GrpcServerProtocolService now
2023-01-06 13:35:09,919 [s1@group-44EE5813AB9E-FollowerState] INFO  impl.FollowerState (FollowerState.java:run(152)) - s1@group-44EE5813AB9E-FollowerState was interrupted
2023-01-06 13:35:09,913 [s2-impl-thread1] INFO  server.RaftServer$Division (RaftServerImpl.java:lambda$close$4(462)) - s2@group-44EE5813AB9E: shutdown
2023-01-06 13:35:09,920 [s2-impl-thread1] INFO  util.JmxRegister (JmxRegister.java:unregister(73)) - Successfully un-registered JMX Bean with object name Ratis:service=RaftServer,group=group-44EE5813AB9E,id=s2
2023-01-06 13:35:09,920 [s2-impl-thread1] INFO  impl.RoleInfo (RoleInfo.java:shutdownFollowerState(110)) - s2: shutdown s2@group-44EE5813AB9E-FollowerState
2023-01-06 13:35:09,920 [s2-impl-thread1] INFO  impl.StateMachineUpdater (StateMachineUpdater.java:stopAndJoin(154)) - s2@group-44EE5813AB9E-StateMachineUpdater: set stopIndex = 257
2023-01-06 13:35:09,919 [s1-impl-thread1] INFO  impl.StateMachineUpdater (StateMachineUpdater.java:stopAndJoin(154)) - s1@group-44EE5813AB9E-StateMachineUpdater: set stopIndex = 257
2023-01-06 13:35:09,918 [grpc-default-executor-2] WARN  server.GrpcServerProtocolService (LogUtils.java:warn(122)) - s1: installSnapshot onError, lastRequest: null: org.apache.ratis.thirdparty.io.grpc.StatusRuntimeException: CANCELLED: client cancelled
2023-01-06 13:35:09,921 [grpc-default-executor-5] INFO  server.GrpcLogAppender (GrpcLogAppender.java:onError(402)) - s0@group-44EE5813AB9E->s1-GrpcLogAppender is already stopped
2023-01-06 13:35:09,922 [s2@group-44EE5813AB9E-FollowerState] INFO  impl.FollowerState (FollowerState.java:run(152)) - s2@group-44EE5813AB9E-FollowerState was interrupted
2023-01-06 13:35:09,924 [grpc-default-executor-4] INFO  server.GrpcServerProtocolService (GrpcServerProtocolService.java:onCompleted(143)) - s2: Completed APPEND_ENTRIES, lastRequest: s0->s2#13-t1,previous=(t:1, i:257),leaderCommit=257,initializing? true,entries: size=1, first=(t:1, i:258), METADATAENTRY(c:257)
2023-01-06 13:35:09,924 [MiniRaftCluster-14] INFO  server.GrpcService (GrpcService.java:closeImpl(320)) - s1: shutdown server GrpcServerProtocolService successfully
2023-01-06 13:35:09,925 [s0-impl-thread1] INFO  impl.StateMachineUpdater (StateMachineUpdater.java:stopAndJoin(154)) - s0@group-44EE5813AB9E-StateMachineUpdater: set stopIndex = 258
2023-01-06 13:35:09,926 [grpc-default-executor-0] INFO  server.GrpcLogAppender (GrpcLogAppender.java:onError(402)) - s0@group-44EE5813AB9E->s1-GrpcLogAppender is already stopped
2023-01-06 13:35:09,941 [grpc-default-executor-4] INFO  server.GrpcLogAppender (GrpcLogAppender.java:onCompleted(413)) - s0@group-44EE5813AB9E->s2-AppendLogResponseHandler: follower responses appendEntries COMPLETED
2023-01-06 13:35:09,941 [grpc-default-executor-4] INFO  leader.FollowerInfo (FollowerInfoImpl.java:lambda$new$0(48)) - s0@group-44EE5813AB9E->s2: nextIndex: updateUnconditionally 259 -> 258
2023-01-06 13:35:09,946 [MiniRaftCluster-13] INFO  server.GrpcServerProtocolClient (GrpcServerProtocolClient.java:close(101)) - s2 Close channels
2023-01-06 13:35:09,946 [MiniRaftCluster-15] INFO  server.GrpcService (GrpcService.java:closeImpl(320)) - s2: shutdown server GrpcServerProtocolService successfully
2023-01-06 13:35:09,950 [grpc-default-executor-5] INFO  server.GrpcLogAppender (GrpcLogAppender.java:onCompleted(413)) - s0@group-44EE5813AB9E->s2-AppendLogResponseHandler: follower responses appendEntries COMPLETED
2023-01-06 13:35:09,953 [grpc-default-executor-5] WARN  server.GrpcLogAppender (GrpcLogAppender.java:resetClient(136)) - s0@group-44EE5813AB9E->s2-GrpcLogAppender: Failed to getClient for s2
org.apache.ratis.protocol.exceptions.AlreadyClosedException: s0 is already CLOSED
	at org.apache.ratis.util.PeerProxyMap$PeerAndProxy.getProxy(PeerProxyMap.java:61)
	at org.apache.ratis.util.PeerProxyMap.getProxy(PeerProxyMap.java:115)
	at org.apache.ratis.grpc.server.GrpcLogAppender.getClient(GrpcLogAppender.java:115)
	at org.apache.ratis.grpc.server.GrpcLogAppender.resetClient(GrpcLogAppender.java:120)
	at org.apache.ratis.grpc.server.GrpcLogAppender.access$500(GrpcLogAppender.java:57)
	at org.apache.ratis.grpc.server.GrpcLogAppender$AppendLogResponseHandler.onCompleted(GrpcLogAppender.java:414)
	at org.apache.ratis.thirdparty.io.grpc.stub.ClientCalls$StreamObserverToCallListenerAdapter.onClose(ClientCalls.java:485)
	at org.apache.ratis.thirdparty.io.grpc.internal.DelayedClientCall$DelayedListener$3.run(DelayedClientCall.java:468)
	at org.apache.ratis.thirdparty.io.grpc.internal.DelayedClientCall$DelayedListener.delayOrExecute(DelayedClientCall.java:432)
	at org.apache.ratis.thirdparty.io.grpc.internal.DelayedClientCall$DelayedListener.onClose(DelayedClientCall.java:465)
	at org.apache.ratis.thirdparty.io.grpc.internal.ClientCallImpl.closeObserver(ClientCallImpl.java:562)
	at org.apache.ratis.thirdparty.io.grpc.internal.ClientCallImpl.access$300(ClientCallImpl.java:70)
	at org.apache.ratis.thirdparty.io.grpc.internal.ClientCallImpl$ClientStreamListenerImpl$1StreamClosed.runInternal(ClientCallImpl.java:743)
	at org.apache.ratis.thirdparty.io.grpc.internal.ClientCallImpl$ClientStreamListenerImpl$1StreamClosed.runInContext(ClientCallImpl.java:722)
	at org.apache.ratis.thirdparty.io.grpc.internal.ContextRunnable.run(ContextRunnable.java:37)
	at org.apache.ratis.thirdparty.io.grpc.internal.SerializingExecutor.run(SerializingExecutor.java:133)
	at java.base/java.util.concurrent.ThreadPoolExecutor.runWorker(ThreadPoolExecutor.java:1128)
	at java.base/java.util.concurrent.ThreadPoolExecutor$Worker.run(ThreadPoolExecutor.java:628)
	at java.base/java.lang.Thread.run(Thread.java:829)
2023-01-06 13:35:09,961 [s0@group-44EE5813AB9E-StateMachineUpdater] INFO  impl.StateMachineUpdater (StateMachineUpdater.java:takeSnapshot(290)) - s0@group-44EE5813AB9E-StateMachineUpdater: Took a snapshot at index 258
2023-01-06 13:35:09,962 [s0@group-44EE5813AB9E-StateMachineUpdater] INFO  impl.StateMachineUpdater (StateMachineUpdater.java:lambda$new$0(96)) - s0@group-44EE5813AB9E-StateMachineUpdater: snapshotIndex: updateIncreasingly 255 -> 258
2023-01-06 13:35:09,962 [MiniRaftCluster-13] INFO  server.GrpcService (GrpcService.java:closeImpl(320)) - s0: shutdown server org.apache.ratis.grpc.server.GrpcClientProtocolService successfully
2023-01-06 13:35:09,962 [MiniRaftCluster-13] INFO  server.GrpcService (GrpcService.java:closeImpl(311)) - s0: shutdown server GrpcServerProtocolService now
2023-01-06 13:35:09,962 [MiniRaftCluster-13] INFO  server.GrpcService (GrpcService.java:closeImpl(320)) - s0: shutdown server GrpcServerProtocolService successfully
2023-01-06 13:35:09,962 [MiniRaftCluster-13] INFO  server.GrpcService (GrpcService.java:closeImpl(311)) - s0: shutdown server org.apache.ratis.grpc.server.GrpcAdminProtocolService now
2023-01-06 13:35:09,962 [s0-impl-thread1] INFO  server.RaftServer$Division (ServerState.java:close(414)) - s0@group-44EE5813AB9E: applyIndex: 258
2023-01-06 13:35:09,963 [s0@group-44EE5813AB9E-SegmentedRaftLogWorker] INFO  segmented.SegmentedRaftLogWorker (SegmentedRaftLogWorker.java:run(334)) - s0@group-44EE5813AB9E-SegmentedRaftLogWorker was interrupted, exiting. There are 0 tasks remaining in the queue.
2023-01-06 13:35:09,964 [s0-impl-thread1] INFO  segmented.SegmentedRaftLogWorker (SegmentedRaftLogWorker.java:close(247)) - s0@group-44EE5813AB9E-SegmentedRaftLogWorker close()
2023-01-06 13:35:09,964 [MiniRaftCluster-13] INFO  server.GrpcService (GrpcService.java:closeImpl(320)) - s0: shutdown server org.apache.ratis.grpc.server.GrpcAdminProtocolService successfully
2023-01-06 13:35:09,967 [JvmPauseMonitor6] INFO  util.JvmPauseMonitor (JvmPauseMonitor.java:run(111)) - JvmPauseMonitor-s0: Stopped
2023-01-06 13:35:09,970 [s1@group-44EE5813AB9E-StateMachineUpdater] INFO  impl.StateMachineUpdater (StateMachineUpdater.java:takeSnapshot(290)) - s1@group-44EE5813AB9E-StateMachineUpdater: Took a snapshot at index 257
2023-01-06 13:35:09,970 [s1@group-44EE5813AB9E-StateMachineUpdater] INFO  impl.StateMachineUpdater (StateMachineUpdater.java:lambda$new$0(96)) - s1@group-44EE5813AB9E-StateMachineUpdater: snapshotIndex: updateIncreasingly 255 -> 257
2023-01-06 13:35:09,970 [s1-impl-thread1] INFO  server.RaftServer$Division (ServerState.java:close(414)) - s1@group-44EE5813AB9E: applyIndex: 257
2023-01-06 13:35:09,970 [s1@group-44EE5813AB9E-SegmentedRaftLogWorker] INFO  segmented.SegmentedRaftLogWorker (SegmentedRaftLogWorker.java:run(334)) - s1@group-44EE5813AB9E-SegmentedRaftLogWorker was interrupted, exiting. There are 0 tasks remaining in the queue.
2023-01-06 13:35:09,971 [s1-impl-thread1] INFO  segmented.SegmentedRaftLogWorker (SegmentedRaftLogWorker.java:close(247)) - s1@group-44EE5813AB9E-SegmentedRaftLogWorker close()
2023-01-06 13:35:09,972 [JvmPauseMonitor7] INFO  util.JvmPauseMonitor (JvmPauseMonitor.java:run(111)) - JvmPauseMonitor-s1: Stopped
2023-01-06 13:35:14,910 [Time-limited test] INFO  impl.MiniRaftCluster (MiniRaftCluster.java:shutdown(855)) - MiniRaftClusterWithGrpc shutdown completed
2023-01-06 13:35:14,910 [Time-limited test] INFO  impl.MiniRaftCluster (MiniRaftCluster.java:shutdown(831)) - ************************************************************** 
2023-01-06 13:35:14,910 [Time-limited test] INFO  impl.MiniRaftCluster (MiniRaftCluster.java:shutdown(832)) - *** 
2023-01-06 13:35:14,910 [Time-limited test] INFO  impl.MiniRaftCluster (MiniRaftCluster.java:shutdown(833)) - ***     Stopping MiniRaftClusterWithGrpc
2023-01-06 13:35:14,910 [Time-limited test] INFO  impl.MiniRaftCluster (MiniRaftCluster.java:shutdown(834)) - *** 
2023-01-06 13:35:14,910 [Time-limited test] INFO  impl.MiniRaftCluster (MiniRaftCluster.java:shutdown(835)) - ************************************************************** 
2023-01-06 13:35:14,910 [Time-limited test] INFO  impl.MiniRaftCluster (MiniRaftCluster.java:shutdown(836)) - printing ALL groups
  s0:   CLOSED    LEADER s0@group-44EE5813AB9E:t1, leader=s0, voted=s0, raftlog=Memoized:s0@group-44EE5813AB9E-SegmentedRaftLog:CLOSED:c258, conf=257: peers:[s0|rpc:localhost:46411|admin:localhost:35547|client:localhost:42705|dataStream:localhost:45011|priority:0|startupRole:FOLLOWER, s1|rpc:0.0.0.0:39661|dataStream:|priority:0|startupRole:FOLLOWER, s2|rpc:0.0.0.0:37609|dataStream:|priority:0|startupRole:FOLLOWER]|listeners:[], old=null CLOSED
  s1:   CLOSED  FOLLOWER s1@group-44EE5813AB9E:t1, leader=s0, voted=null, raftlog=Memoized:s1@group-44EE5813AB9E-SegmentedRaftLog:CLOSED:c257, conf=257: peers:[s0|rpc:localhost:46411|admin:localhost:35547|client:localhost:42705|dataStream:localhost:45011|priority:0|startupRole:FOLLOWER, s1|rpc:0.0.0.0:39661|dataStream:|priority:0|startupRole:FOLLOWER, s2|rpc:0.0.0.0:37609|dataStream:|priority:0|startupRole:FOLLOWER]|listeners:[], old=null CLOSED
  s2:  CLOSING  FOLLOWER s2@group-44EE5813AB9E:t1, leader=s0, voted=null, raftlog=Memoized:s2@group-44EE5813AB9E-SegmentedRaftLog:OPENED:c257, conf=257: peers:[s0|rpc:localhost:46411|admin:localhost:35547|client:localhost:42705|dataStream:localhost:45011|priority:0|startupRole:FOLLOWER, s1|rpc:0.0.0.0:39661|dataStream:|priority:0|startupRole:FOLLOWER, s2|rpc:0.0.0.0:37609|dataStream:|priority:0|startupRole:FOLLOWER]|listeners:[], old=null CLOSING
2023-01-06 13:35:14,922 [JvmPauseMonitor8] INFO  util.JvmPauseMonitor (JvmPauseMonitor.java:run(111)) - JvmPauseMonitor-s2: Stopped
2023-01-06 13:35:14,922 [Time-limited test] INFO  impl.MiniRaftCluster (MiniRaftCluster.java:shutdown(855)) - MiniRaftClusterWithGrpc shutdown completed
]]></system-out>
  </testcase>
  <testcase name="testSeparateSnapshotInstallPath[1]" classname="org.apache.ratis.grpc.TestLeaderInstallSnapshot" time="1.354"/>
</testsuite>