<?xml version="1.0" encoding="UTF-8"?>
<testsuite xmlns:xsi="http://www.w3.org/2001/XMLSchema-instance" xsi:noNamespaceSchemaLocation="https://maven.apache.org/surefire/maven-surefire-plugin/xsd/surefire-test-report.xsd" name="org.apache.ratis.grpc.TestRaftServerWithGrpc" time="34.533" tests="12" errors="0" skipped="0" failures="1">
  <properties>
    <property name="awt.toolkit" value="sun.awt.X11.XToolkit"/>
    <property name="java.specification.version" value="11"/>
    <property name="sun.cpu.isalist" value=""/>
    <property name="sun.jnu.encoding" value="UTF-8"/>
    <property name="java.class.path" value="/home/runner/work/ratis/ratis/ratis-test/target/test-classes:/home/runner/work/ratis/ratis/ratis-test/target/classes:/home/runner/work/ratis/ratis/ratis-common/target/classes:/home/runner/.m2/repository/org/apache/ratis/ratis-thirdparty-misc/1.0.3/ratis-thirdparty-misc-1.0.3.jar:/home/runner/work/ratis/ratis/ratis-proto/target/ratis-proto-3.0.0-SNAPSHOT.jar:/home/runner/work/ratis/ratis/ratis-common/target/test-classes:/home/runner/work/ratis/ratis/ratis-client/target/classes:/home/runner/work/ratis/ratis/ratis-server/target/classes:/home/runner/work/ratis/ratis/ratis-server-api/target/classes:/home/runner/work/ratis/ratis/ratis-metrics-api/target/classes:/home/runner/work/ratis/ratis/ratis-server/target/test-classes:/home/runner/work/ratis/ratis/ratis-metrics-default/target/classes:/home/runner/work/ratis/ratis/ratis-netty/target/classes:/home/runner/work/ratis/ratis/ratis-netty/target/test-classes:/home/runner/work/ratis/ratis/ratis-grpc/target/classes:/home/runner/work/ratis/ratis/ratis-grpc/target/test-classes:/home/runner/work/ratis/ratis/ratis-shell/target/classes:/home/runner/.m2/repository/commons-cli/commons-cli/1.5.0/commons-cli-1.5.0.jar:/home/runner/.m2/repository/org/reflections/reflections/0.10.2/reflections-0.10.2.jar:/home/runner/.m2/repository/org/javassist/javassist/3.28.0-GA/javassist-3.28.0-GA.jar:/home/runner/.m2/repository/com/google/code/findbugs/jsr305/3.0.2/jsr305-3.0.2.jar:/home/runner/.m2/repository/org/bouncycastle/bcprov-jdk15on/1.70/bcprov-jdk15on-1.70.jar:/home/runner/.m2/repository/org/bouncycastle/bcpkix-jdk15on/1.70/bcpkix-jdk15on-1.70.jar:/home/runner/.m2/repository/org/bouncycastle/bcutil-jdk15on/1.70/bcutil-jdk15on-1.70.jar:/home/runner/.m2/repository/org/slf4j/slf4j-api/1.7.29/slf4j-api-1.7.29.jar:/home/runner/.m2/repository/org/slf4j/slf4j-log4j12/1.7.29/slf4j-log4j12-1.7.29.jar:/home/runner/.m2/repository/log4j/log4j/1.2.17/log4j-1.2.17.jar:/home/runner/.m2/repository/junit/junit/4.13.2/junit-4.13.2.jar:/home/runner/.m2/repository/org/hamcrest/hamcrest-core/1.3/hamcrest-core-1.3.jar:/home/runner/.m2/repository/org/mockito/mockito-core/4.3.1/mockito-core-4.3.1.jar:/home/runner/.m2/repository/net/bytebuddy/byte-buddy/1.12.7/byte-buddy-1.12.7.jar:/home/runner/.m2/repository/net/bytebuddy/byte-buddy-agent/1.12.7/byte-buddy-agent-1.12.7.jar:/home/runner/.m2/repository/org/objenesis/objenesis/3.2/objenesis-3.2.jar:"/>
    <property name="java.vm.vendor" value="Eclipse Adoptium"/>
    <property name="sun.arch.data.model" value="64"/>
    <property name="java.vendor.url" value="https://adoptium.net/"/>
    <property name="user.timezone" value=""/>
    <property name="java.vm.specification.version" value="11"/>
    <property name="os.name" value="Linux"/>
    <property name="sun.java.launcher" value="SUN_STANDARD"/>
    <property name="sun.boot.library.path" value="/usr/lib/jvm/temurin-11-jdk-amd64/lib"/>
    <property name="sun.java.command" value="/home/runner/work/ratis/ratis/ratis-test/target/surefire/surefirebooter10163173227613633108.jar /home/runner/work/ratis/ratis/ratis-test/target/surefire 2023-01-06T13-30-17_450-jvmRun1 surefire6182834935543131293tmp surefire_016448471272479445339tmp"/>
    <property name="jdk.debug" value="release"/>
    <property name="surefire.test.class.path" value="/home/runner/work/ratis/ratis/ratis-test/target/test-classes:/home/runner/work/ratis/ratis/ratis-test/target/classes:/home/runner/work/ratis/ratis/ratis-common/target/classes:/home/runner/.m2/repository/org/apache/ratis/ratis-thirdparty-misc/1.0.3/ratis-thirdparty-misc-1.0.3.jar:/home/runner/work/ratis/ratis/ratis-proto/target/ratis-proto-3.0.0-SNAPSHOT.jar:/home/runner/work/ratis/ratis/ratis-common/target/test-classes:/home/runner/work/ratis/ratis/ratis-client/target/classes:/home/runner/work/ratis/ratis/ratis-server/target/classes:/home/runner/work/ratis/ratis/ratis-server-api/target/classes:/home/runner/work/ratis/ratis/ratis-metrics-api/target/classes:/home/runner/work/ratis/ratis/ratis-server/target/test-classes:/home/runner/work/ratis/ratis/ratis-metrics-default/target/classes:/home/runner/work/ratis/ratis/ratis-netty/target/classes:/home/runner/work/ratis/ratis/ratis-netty/target/test-classes:/home/runner/work/ratis/ratis/ratis-grpc/target/classes:/home/runner/work/ratis/ratis/ratis-grpc/target/test-classes:/home/runner/work/ratis/ratis/ratis-shell/target/classes:/home/runner/.m2/repository/commons-cli/commons-cli/1.5.0/commons-cli-1.5.0.jar:/home/runner/.m2/repository/org/reflections/reflections/0.10.2/reflections-0.10.2.jar:/home/runner/.m2/repository/org/javassist/javassist/3.28.0-GA/javassist-3.28.0-GA.jar:/home/runner/.m2/repository/com/google/code/findbugs/jsr305/3.0.2/jsr305-3.0.2.jar:/home/runner/.m2/repository/org/bouncycastle/bcprov-jdk15on/1.70/bcprov-jdk15on-1.70.jar:/home/runner/.m2/repository/org/bouncycastle/bcpkix-jdk15on/1.70/bcpkix-jdk15on-1.70.jar:/home/runner/.m2/repository/org/bouncycastle/bcutil-jdk15on/1.70/bcutil-jdk15on-1.70.jar:/home/runner/.m2/repository/org/slf4j/slf4j-api/1.7.29/slf4j-api-1.7.29.jar:/home/runner/.m2/repository/org/slf4j/slf4j-log4j12/1.7.29/slf4j-log4j12-1.7.29.jar:/home/runner/.m2/repository/log4j/log4j/1.2.17/log4j-1.2.17.jar:/home/runner/.m2/repository/junit/junit/4.13.2/junit-4.13.2.jar:/home/runner/.m2/repository/org/hamcrest/hamcrest-core/1.3/hamcrest-core-1.3.jar:/home/runner/.m2/repository/org/mockito/mockito-core/4.3.1/mockito-core-4.3.1.jar:/home/runner/.m2/repository/net/bytebuddy/byte-buddy/1.12.7/byte-buddy-1.12.7.jar:/home/runner/.m2/repository/net/bytebuddy/byte-buddy-agent/1.12.7/byte-buddy-agent-1.12.7.jar:/home/runner/.m2/repository/org/objenesis/objenesis/3.2/objenesis-3.2.jar:"/>
    <property name="sun.cpu.endian" value="little"/>
    <property name="user.home" value="/home/runner"/>
    <property name="user.language" value="en"/>
    <property name="java.specification.vendor" value="Oracle Corporation"/>
    <property name="java.version.date" value="2022-10-18"/>
    <property name="java.home" value="/usr/lib/jvm/temurin-11-jdk-amd64"/>
    <property name="file.separator" value="/"/>
    <property name="basedir" value="/home/runner/work/ratis/ratis/ratis-test"/>
    <property name="java.vm.compressedOopsMode" value="32-bit"/>
    <property name="line.separator" value="&#10;"/>
    <property name="java.specification.name" value="Java Platform API Specification"/>
    <property name="java.vm.specification.vendor" value="Oracle Corporation"/>
    <property name="java.awt.graphicsenv" value="sun.awt.X11GraphicsEnvironment"/>
    <property name="surefire.real.class.path" value="/home/runner/work/ratis/ratis/ratis-test/target/surefire/surefirebooter10163173227613633108.jar"/>
    <property name="sun.management.compiler" value="HotSpot 64-Bit Tiered Compilers"/>
    <property name="java.runtime.version" value="11.0.17+8"/>
    <property name="user.name" value="runner"/>
    <property name="java.net.preferIPv4Stack" value="true"/>
    <property name="path.separator" value=":"/>
    <property name="os.version" value="5.15.0-1023-azure"/>
    <property name="java.runtime.name" value="OpenJDK Runtime Environment"/>
    <property name="file.encoding" value="UTF-8"/>
    <property name="java.vm.name" value="OpenJDK 64-Bit Server VM"/>
    <property name="java.vendor.version" value="Temurin-11.0.17+8"/>
    <property name="localRepository" value="/home/runner/.m2/repository"/>
    <property name="java.vendor.url.bug" value="https://github.com/adoptium/adoptium-support/issues"/>
    <property name="java.io.tmpdir" value="/tmp"/>
    <property name="java.version" value="11.0.17"/>
    <property name="user.dir" value="/home/runner/work/ratis/ratis/ratis-test"/>
    <property name="os.arch" value="amd64"/>
    <property name="ratis.tmp.dir" value="/home/runner/work/ratis/ratis/ratis-test/target/tmp"/>
    <property name="java.vm.specification.name" value="Java Virtual Machine Specification"/>
    <property name="java.awt.printerjob" value="sun.print.PSPrinterJob"/>
    <property name="ratis.log.dir" value="/home/runner/work/ratis/ratis/ratis-test/target/log"/>
    <property name="sun.os.patch.level" value="unknown"/>
    <property name="java.library.path" value="/usr/java/packages/lib:/usr/lib64:/lib64:/lib:/usr/lib"/>
    <property name="java.vm.info" value="mixed mode"/>
    <property name="java.vendor" value="Eclipse Adoptium"/>
    <property name="java.vm.version" value="11.0.17+8"/>
    <property name="sun.io.unicode.encoding" value="UnicodeLittle"/>
    <property name="java.class.version" value="55.0"/>
  </properties>
  <testcase name="testRaftClientMetrics[0]" classname="org.apache.ratis.grpc.TestRaftServerWithGrpc" time="2.867">
    <failure type="java.lang.AssertionError">java.lang.AssertionError
	at org.junit.Assert.fail(Assert.java:87)
	at org.junit.Assert.assertTrue(Assert.java:42)
	at org.junit.Assert.assertTrue(Assert.java:53)
	at org.apache.ratis.grpc.TestRaftServerWithGrpc.testRaftClientRequestMetrics(TestRaftServerWithGrpc.java:316)
	at org.apache.ratis.server.impl.MiniRaftCluster$Factory$Get.runWithNewCluster(MiniRaftCluster.java:141)
	at org.apache.ratis.server.impl.MiniRaftCluster$Factory$Get.runWithNewCluster(MiniRaftCluster.java:121)
	at org.apache.ratis.grpc.TestRaftServerWithGrpc.testRaftClientMetrics(TestRaftServerWithGrpc.java:219)
	at java.base/jdk.internal.reflect.NativeMethodAccessorImpl.invoke0(Native Method)
	at java.base/jdk.internal.reflect.NativeMethodAccessorImpl.invoke(NativeMethodAccessorImpl.java:62)
	at java.base/jdk.internal.reflect.DelegatingMethodAccessorImpl.invoke(DelegatingMethodAccessorImpl.java:43)
	at java.base/java.lang.reflect.Method.invoke(Method.java:566)
	at org.junit.runners.model.FrameworkMethod$1.runReflectiveCall(FrameworkMethod.java:59)
	at org.junit.internal.runners.model.ReflectiveCallable.run(ReflectiveCallable.java:12)
	at org.junit.runners.model.FrameworkMethod.invokeExplosively(FrameworkMethod.java:56)
	at org.junit.internal.runners.statements.InvokeMethod.evaluate(InvokeMethod.java:17)
	at org.junit.internal.runners.statements.RunBefores.evaluate(RunBefores.java:26)
	at org.junit.internal.runners.statements.RunAfters.evaluate(RunAfters.java:27)
	at org.junit.internal.runners.statements.FailOnTimeout$CallableStatement.call(FailOnTimeout.java:299)
	at org.junit.internal.runners.statements.FailOnTimeout$CallableStatement.call(FailOnTimeout.java:293)
	at java.base/java.util.concurrent.FutureTask.run(FutureTask.java:264)
	at java.base/java.lang.Thread.run(Thread.java:829)
</failure>
    <system-out><![CDATA[2023-01-06 13:31:07,601 [main] INFO  util.LogUtils (Slf4jUtils.java:setLogLevel(38)) - Successfully set org.apache.ratis.conf.ConfUtils log level to WARN
2023-01-06 13:31:07,606 [main] INFO  util.LogUtils (Slf4jUtils.java:setLogLevel(38)) - Successfully set org.apache.ratis.util.FileUtils log level to TRACE
2023-01-06 13:31:07,610 [main] INFO  util.LogUtils (Slf4jUtils.java:setLogLevel(38)) - Successfully set org.apache.ratis.grpc.client.GrpcClientProtocolClient log level to TRACE
2023-01-06 13:31:07,634 [Time-limited test] INFO  impl.MiniRaftCluster (MiniRaftCluster.java:runWithNewCluster(135)) - Running runWithNewCluster
2023-01-06 13:31:07,691 [Time-limited test] INFO  impl.MiniRaftCluster (MiniRaftCluster.java:<init>(306)) - new MiniRaftClusterWithGrpc with group-013C6D6F97E1:[s0|rpc:localhost:38239|admin:localhost:40631|client:localhost:39857|dataStream:localhost:43249|priority:0|startupRole:FOLLOWER, s1|rpc:localhost:33451|admin:localhost:44731|client:localhost:43037|dataStream:localhost:43147|priority:0|startupRole:FOLLOWER, s2|rpc:localhost:38795|admin:localhost:34435|client:localhost:45091|dataStream:localhost:44871|priority:0|startupRole:FOLLOWER]
2023-01-06 13:31:07,692 [Time-limited test] INFO  impl.MiniRaftCluster (MiniRaftCluster.java:start(339)) - .............................................................. 
2023-01-06 13:31:07,693 [Time-limited test] INFO  impl.MiniRaftCluster (MiniRaftCluster.java:start(340)) - ... 
2023-01-06 13:31:07,694 [Time-limited test] INFO  impl.MiniRaftCluster (MiniRaftCluster.java:start(341)) - ...     Starting MiniRaftClusterWithGrpc
2023-01-06 13:31:07,694 [Time-limited test] INFO  impl.MiniRaftCluster (MiniRaftCluster.java:start(342)) - ... 
2023-01-06 13:31:07,694 [Time-limited test] INFO  impl.MiniRaftCluster (MiniRaftCluster.java:start(343)) - .............................................................. 
2023-01-06 13:31:07,695 [Time-limited test] INFO  impl.MiniRaftCluster (MiniRaftCluster.java:initServers(318)) - servers = {}
2023-01-06 13:31:07,700 [Time-limited test] INFO  impl.MiniRaftCluster (MiniRaftCluster.java:newRaftServer(382)) - newRaftServer: s0, group-013C6D6F97E1:[s0|rpc:localhost:38239|admin:localhost:40631|client:localhost:39857|dataStream:localhost:43249|priority:0|startupRole:FOLLOWER, s1|rpc:localhost:33451|admin:localhost:44731|client:localhost:43037|dataStream:localhost:43147|priority:0|startupRole:FOLLOWER, s2|rpc:localhost:38795|admin:localhost:34435|client:localhost:45091|dataStream:localhost:44871|priority:0|startupRole:FOLLOWER], format? true
2023-01-06 13:31:07,702 [Time-limited test] TRACE util.FileUtils (FileUtils.java:deleteFully(201)) - deleteFully target/test/data/55e59b61/MiniRaftClusterWithGrpc1ccee48a/s0
2023-01-06 13:31:07,703 [Time-limited test] TRACE util.FileUtils (FileUtils.java:deleteFully(217)) - deleteFully: target/test/data/55e59b61/MiniRaftClusterWithGrpc1ccee48a/s0 does not exist.
2023-01-06 13:31:07,703 [Time-limited test] INFO  impl.MiniRaftCluster (MiniRaftCluster.java:newRaftServer(387)) - Formatted directory target/test/data/55e59b61/MiniRaftClusterWithGrpc1ccee48a/s0
2023-01-06 13:31:07,739 [Time-limited test] INFO  server.RaftServer (ConfUtils.java:logGet(46)) - raft.rpc.type = GRPC (default)
2023-01-06 13:31:07,839 [Time-limited test] INFO  grpc.GrpcConfigKeys (ConfUtils.java:logFallback(53)) - raft.grpc.admin.host = null (fallback to raft.grpc.server.host)
2023-01-06 13:31:07,842 [Time-limited test] INFO  grpc.GrpcConfigKeys (ConfUtils.java:logGet(46)) - raft.grpc.admin.port = 40631 (custom)
2023-01-06 13:31:07,847 [Time-limited test] INFO  grpc.GrpcConfigKeys (ConfUtils.java:logFallback(53)) - raft.grpc.client.host = null (fallback to raft.grpc.server.host)
2023-01-06 13:31:07,848 [Time-limited test] INFO  grpc.GrpcConfigKeys (ConfUtils.java:logGet(46)) - raft.grpc.client.port = 39857 (custom)
2023-01-06 13:31:07,848 [Time-limited test] INFO  grpc.GrpcConfigKeys (ConfUtils.java:logGet(46)) - raft.grpc.server.host = null (default)
2023-01-06 13:31:07,848 [Time-limited test] INFO  grpc.GrpcConfigKeys (ConfUtils.java:logGet(46)) - raft.grpc.server.port = 38239 (custom)
2023-01-06 13:31:07,849 [Time-limited test] INFO  server.GrpcService (ConfUtils.java:logGet(46)) - raft.grpc.message.size.max = 64MB (=67108864) (default)
2023-01-06 13:31:07,853 [Time-limited test] INFO  server.RaftServerConfigKeys (ConfUtils.java:logGet(46)) - raft.server.log.appender.buffer.byte-limit = 4MB (=4194304) (default)
2023-01-06 13:31:07,855 [Time-limited test] INFO  server.GrpcService (ConfUtils.java:logGet(46)) - raft.grpc.flow.control.window = 1MB (=1048576) (default)
2023-01-06 13:31:07,856 [Time-limited test] INFO  server.RaftServerConfigKeys (ConfUtils.java:logGet(46)) - raft.server.rpc.request.timeout = 3000ms (default)
2023-01-06 13:31:07,879 [Time-limited test] INFO  grpc.GrpcConfigKeys (ConfUtils.java:logGet(46)) - raft.grpc.server.heartbeat.channel = false (custom)
2023-01-06 13:31:07,886 [Time-limited test] INFO  grpc.GrpcConfigKeys (ConfUtils.java:logGet(46)) - raft.grpc.server.async.request.thread.pool.cached = true (default)
2023-01-06 13:31:07,887 [Time-limited test] INFO  grpc.GrpcConfigKeys (ConfUtils.java:logGet(46)) - raft.grpc.server.async.request.thread.pool.size = 32 (default)
2023-01-06 13:31:08,085 [Time-limited test] INFO  impl.DataStreamServerImpl (ConfUtils.java:logGet(46)) - raft.datastream.type = DISABLED (default)
2023-01-06 13:31:08,088 [Time-limited test] INFO  server.RaftServerConfigKeys (ConfUtils.java:logGet(46)) - raft.server.threadpool.proxy.cached = true (default)
2023-01-06 13:31:08,088 [Time-limited test] INFO  server.RaftServerConfigKeys (ConfUtils.java:logGet(46)) - raft.server.threadpool.proxy.size = 0 (default)
2023-01-06 13:31:08,089 [Time-limited test] INFO  server.RaftServerConfigKeys (ConfUtils.java:logGet(46)) - raft.server.rpc.slowness.timeout = 60s (default)
2023-01-06 13:31:08,090 [Time-limited test] INFO  server.RaftServerConfigKeys (ConfUtils.java:logGet(46)) - raft.server.leaderelection.leader.step-down.wait-time = 10s (default)
2023-01-06 13:31:08,093 [Time-limited test] INFO  server.RaftServerConfigKeys (ConfUtils.java:logGet(46)) - raft.server.storage.dir = [/home/runner/work/ratis/ratis/ratis-test/target/test/data/55e59b61/MiniRaftClusterWithGrpc1ccee48a/s0] (custom)
2023-01-06 13:31:08,107 [Time-limited test] INFO  server.RaftServer (RaftServerProxy.java:addNew(99)) - s0: addNew group-013C6D6F97E1:[s0|rpc:localhost:38239|admin:localhost:40631|client:localhost:39857|dataStream:localhost:43249|priority:0|startupRole:FOLLOWER, s1|rpc:localhost:33451|admin:localhost:44731|client:localhost:43037|dataStream:localhost:43147|priority:0|startupRole:FOLLOWER, s2|rpc:localhost:38795|admin:localhost:34435|client:localhost:45091|dataStream:localhost:44871|priority:0|startupRole:FOLLOWER] returns group-013C6D6F97E1:java.util.concurrent.CompletableFuture@4879f3d9[Not completed]
2023-01-06 13:31:08,107 [Time-limited test] INFO  impl.MiniRaftCluster (MiniRaftCluster.java:newRaftServer(382)) - newRaftServer: s1, group-013C6D6F97E1:[s0|rpc:localhost:38239|admin:localhost:40631|client:localhost:39857|dataStream:localhost:43249|priority:0|startupRole:FOLLOWER, s1|rpc:localhost:33451|admin:localhost:44731|client:localhost:43037|dataStream:localhost:43147|priority:0|startupRole:FOLLOWER, s2|rpc:localhost:38795|admin:localhost:34435|client:localhost:45091|dataStream:localhost:44871|priority:0|startupRole:FOLLOWER], format? true
2023-01-06 13:31:08,107 [Time-limited test] TRACE util.FileUtils (FileUtils.java:deleteFully(201)) - deleteFully target/test/data/55e59b61/MiniRaftClusterWithGrpc1ccee48a/s1
2023-01-06 13:31:08,107 [Time-limited test] TRACE util.FileUtils (FileUtils.java:deleteFully(217)) - deleteFully: target/test/data/55e59b61/MiniRaftClusterWithGrpc1ccee48a/s1 does not exist.
2023-01-06 13:31:08,107 [Time-limited test] INFO  impl.MiniRaftCluster (MiniRaftCluster.java:newRaftServer(387)) - Formatted directory target/test/data/55e59b61/MiniRaftClusterWithGrpc1ccee48a/s1
2023-01-06 13:31:08,108 [Time-limited test] INFO  server.RaftServer (ConfUtils.java:logGet(46)) - raft.rpc.type = GRPC (default)
2023-01-06 13:31:08,108 [Time-limited test] INFO  grpc.GrpcConfigKeys (ConfUtils.java:logFallback(53)) - raft.grpc.admin.host = null (fallback to raft.grpc.server.host)
2023-01-06 13:31:08,108 [Time-limited test] INFO  grpc.GrpcConfigKeys (ConfUtils.java:logGet(46)) - raft.grpc.admin.port = 44731 (custom)
2023-01-06 13:31:08,109 [Time-limited test] INFO  grpc.GrpcConfigKeys (ConfUtils.java:logFallback(53)) - raft.grpc.client.host = null (fallback to raft.grpc.server.host)
2023-01-06 13:31:08,109 [Time-limited test] INFO  grpc.GrpcConfigKeys (ConfUtils.java:logGet(46)) - raft.grpc.client.port = 43037 (custom)
2023-01-06 13:31:08,109 [Time-limited test] INFO  grpc.GrpcConfigKeys (ConfUtils.java:logGet(46)) - raft.grpc.server.host = null (default)
2023-01-06 13:31:08,109 [Time-limited test] INFO  grpc.GrpcConfigKeys (ConfUtils.java:logGet(46)) - raft.grpc.server.port = 33451 (custom)
2023-01-06 13:31:08,110 [Time-limited test] INFO  server.GrpcService (ConfUtils.java:logGet(46)) - raft.grpc.message.size.max = 64MB (=67108864) (default)
2023-01-06 13:31:08,110 [Time-limited test] INFO  server.RaftServerConfigKeys (ConfUtils.java:logGet(46)) - raft.server.log.appender.buffer.byte-limit = 4MB (=4194304) (default)
2023-01-06 13:31:08,110 [Time-limited test] INFO  server.GrpcService (ConfUtils.java:logGet(46)) - raft.grpc.flow.control.window = 1MB (=1048576) (default)
2023-01-06 13:31:08,110 [Time-limited test] INFO  server.RaftServerConfigKeys (ConfUtils.java:logGet(46)) - raft.server.rpc.request.timeout = 3000ms (default)
2023-01-06 13:31:08,110 [Time-limited test] INFO  grpc.GrpcConfigKeys (ConfUtils.java:logGet(46)) - raft.grpc.server.heartbeat.channel = false (custom)
2023-01-06 13:31:08,110 [Time-limited test] INFO  grpc.GrpcConfigKeys (ConfUtils.java:logGet(46)) - raft.grpc.server.async.request.thread.pool.cached = true (default)
2023-01-06 13:31:08,111 [Time-limited test] INFO  grpc.GrpcConfigKeys (ConfUtils.java:logGet(46)) - raft.grpc.server.async.request.thread.pool.size = 32 (default)
2023-01-06 13:31:08,113 [Time-limited test] INFO  impl.DataStreamServerImpl (ConfUtils.java:logGet(46)) - raft.datastream.type = DISABLED (default)
2023-01-06 13:31:08,113 [Time-limited test] INFO  server.RaftServerConfigKeys (ConfUtils.java:logGet(46)) - raft.server.threadpool.proxy.cached = true (default)
2023-01-06 13:31:08,113 [Time-limited test] INFO  server.RaftServerConfigKeys (ConfUtils.java:logGet(46)) - raft.server.threadpool.proxy.size = 0 (default)
2023-01-06 13:31:08,113 [Time-limited test] INFO  server.RaftServerConfigKeys (ConfUtils.java:logGet(46)) - raft.server.rpc.slowness.timeout = 60s (default)
2023-01-06 13:31:08,118 [Time-limited test] INFO  server.RaftServerConfigKeys (ConfUtils.java:logGet(46)) - raft.server.leaderelection.leader.step-down.wait-time = 10s (default)
2023-01-06 13:31:08,120 [Time-limited test] INFO  server.RaftServerConfigKeys (ConfUtils.java:logGet(46)) - raft.server.storage.dir = [/home/runner/work/ratis/ratis/ratis-test/target/test/data/55e59b61/MiniRaftClusterWithGrpc1ccee48a/s1] (custom)
2023-01-06 13:31:08,129 [Time-limited test] INFO  server.RaftServer (RaftServerProxy.java:addNew(99)) - s1: addNew group-013C6D6F97E1:[s0|rpc:localhost:38239|admin:localhost:40631|client:localhost:39857|dataStream:localhost:43249|priority:0|startupRole:FOLLOWER, s1|rpc:localhost:33451|admin:localhost:44731|client:localhost:43037|dataStream:localhost:43147|priority:0|startupRole:FOLLOWER, s2|rpc:localhost:38795|admin:localhost:34435|client:localhost:45091|dataStream:localhost:44871|priority:0|startupRole:FOLLOWER] returns group-013C6D6F97E1:java.util.concurrent.CompletableFuture@60a9554a[Not completed]
2023-01-06 13:31:08,130 [Time-limited test] INFO  impl.MiniRaftCluster (MiniRaftCluster.java:newRaftServer(382)) - newRaftServer: s2, group-013C6D6F97E1:[s0|rpc:localhost:38239|admin:localhost:40631|client:localhost:39857|dataStream:localhost:43249|priority:0|startupRole:FOLLOWER, s1|rpc:localhost:33451|admin:localhost:44731|client:localhost:43037|dataStream:localhost:43147|priority:0|startupRole:FOLLOWER, s2|rpc:localhost:38795|admin:localhost:34435|client:localhost:45091|dataStream:localhost:44871|priority:0|startupRole:FOLLOWER], format? true
2023-01-06 13:31:08,130 [Time-limited test] TRACE util.FileUtils (FileUtils.java:deleteFully(201)) - deleteFully target/test/data/55e59b61/MiniRaftClusterWithGrpc1ccee48a/s2
2023-01-06 13:31:08,130 [Time-limited test] TRACE util.FileUtils (FileUtils.java:deleteFully(217)) - deleteFully: target/test/data/55e59b61/MiniRaftClusterWithGrpc1ccee48a/s2 does not exist.
2023-01-06 13:31:08,130 [Time-limited test] INFO  impl.MiniRaftCluster (MiniRaftCluster.java:newRaftServer(387)) - Formatted directory target/test/data/55e59b61/MiniRaftClusterWithGrpc1ccee48a/s2
2023-01-06 13:31:08,130 [Time-limited test] INFO  server.RaftServer (ConfUtils.java:logGet(46)) - raft.rpc.type = GRPC (default)
2023-01-06 13:31:08,131 [Time-limited test] INFO  grpc.GrpcConfigKeys (ConfUtils.java:logFallback(53)) - raft.grpc.admin.host = null (fallback to raft.grpc.server.host)
2023-01-06 13:31:08,131 [Time-limited test] INFO  grpc.GrpcConfigKeys (ConfUtils.java:logGet(46)) - raft.grpc.admin.port = 34435 (custom)
2023-01-06 13:31:08,131 [Time-limited test] INFO  grpc.GrpcConfigKeys (ConfUtils.java:logFallback(53)) - raft.grpc.client.host = null (fallback to raft.grpc.server.host)
2023-01-06 13:31:08,131 [Time-limited test] INFO  grpc.GrpcConfigKeys (ConfUtils.java:logGet(46)) - raft.grpc.client.port = 45091 (custom)
2023-01-06 13:31:08,131 [Time-limited test] INFO  grpc.GrpcConfigKeys (ConfUtils.java:logGet(46)) - raft.grpc.server.host = null (default)
2023-01-06 13:31:08,132 [Time-limited test] INFO  grpc.GrpcConfigKeys (ConfUtils.java:logGet(46)) - raft.grpc.server.port = 38795 (custom)
2023-01-06 13:31:08,132 [Time-limited test] INFO  server.GrpcService (ConfUtils.java:logGet(46)) - raft.grpc.message.size.max = 64MB (=67108864) (default)
2023-01-06 13:31:08,132 [Time-limited test] INFO  server.RaftServerConfigKeys (ConfUtils.java:logGet(46)) - raft.server.log.appender.buffer.byte-limit = 4MB (=4194304) (default)
2023-01-06 13:31:08,132 [Time-limited test] INFO  server.GrpcService (ConfUtils.java:logGet(46)) - raft.grpc.flow.control.window = 1MB (=1048576) (default)
2023-01-06 13:31:08,132 [Time-limited test] INFO  server.RaftServerConfigKeys (ConfUtils.java:logGet(46)) - raft.server.rpc.request.timeout = 3000ms (default)
2023-01-06 13:31:08,132 [Time-limited test] INFO  grpc.GrpcConfigKeys (ConfUtils.java:logGet(46)) - raft.grpc.server.heartbeat.channel = false (custom)
2023-01-06 13:31:08,133 [Time-limited test] INFO  grpc.GrpcConfigKeys (ConfUtils.java:logGet(46)) - raft.grpc.server.async.request.thread.pool.cached = true (default)
2023-01-06 13:31:08,133 [Time-limited test] INFO  grpc.GrpcConfigKeys (ConfUtils.java:logGet(46)) - raft.grpc.server.async.request.thread.pool.size = 32 (default)
2023-01-06 13:31:08,139 [Time-limited test] INFO  impl.DataStreamServerImpl (ConfUtils.java:logGet(46)) - raft.datastream.type = DISABLED (default)
2023-01-06 13:31:08,139 [Time-limited test] INFO  server.RaftServerConfigKeys (ConfUtils.java:logGet(46)) - raft.server.threadpool.proxy.cached = true (default)
2023-01-06 13:31:08,139 [Time-limited test] INFO  server.RaftServerConfigKeys (ConfUtils.java:logGet(46)) - raft.server.threadpool.proxy.size = 0 (default)
2023-01-06 13:31:08,140 [Time-limited test] INFO  server.RaftServerConfigKeys (ConfUtils.java:logGet(46)) - raft.server.rpc.slowness.timeout = 60s (default)
2023-01-06 13:31:08,140 [Time-limited test] INFO  server.RaftServerConfigKeys (ConfUtils.java:logGet(46)) - raft.server.leaderelection.leader.step-down.wait-time = 10s (default)
2023-01-06 13:31:08,140 [Time-limited test] INFO  server.RaftServerConfigKeys (ConfUtils.java:logGet(46)) - raft.server.storage.dir = [/home/runner/work/ratis/ratis/ratis-test/target/test/data/55e59b61/MiniRaftClusterWithGrpc1ccee48a/s2] (custom)
2023-01-06 13:31:08,142 [Time-limited test] INFO  server.RaftServer (RaftServerProxy.java:addNew(99)) - s2: addNew group-013C6D6F97E1:[s0|rpc:localhost:38239|admin:localhost:40631|client:localhost:39857|dataStream:localhost:43249|priority:0|startupRole:FOLLOWER, s1|rpc:localhost:33451|admin:localhost:44731|client:localhost:43037|dataStream:localhost:43147|priority:0|startupRole:FOLLOWER, s2|rpc:localhost:38795|admin:localhost:34435|client:localhost:45091|dataStream:localhost:44871|priority:0|startupRole:FOLLOWER] returns group-013C6D6F97E1:java.util.concurrent.CompletableFuture@2ecb9e4c[Not completed]
2023-01-06 13:31:08,148 [pool-1-thread-1] INFO  server.RaftServerConfigKeys (ConfUtils.java:logGet(46)) - raft.server.log.segment.size.max = 8MB (=8388608) (default)
2023-01-06 13:31:08,149 [pool-3-thread-1] INFO  server.RaftServerConfigKeys (ConfUtils.java:logGet(46)) - raft.server.log.segment.size.max = 8MB (=8388608) (default)
2023-01-06 13:31:08,150 [pool-1-thread-1] INFO  server.RaftServerConfigKeys (ConfUtils.java:logGet(46)) - raft.server.log.preallocated.size = 4MB (=4194304) (default)
2023-01-06 13:31:08,150 [pool-1-thread-1] INFO  server.RaftServerConfigKeys (ConfUtils.java:logGet(46)) - raft.server.log.write.buffer.size = 64KB (=65536) (default)
2023-01-06 13:31:08,148 [pool-2-thread-1] INFO  server.RaftServerConfigKeys (ConfUtils.java:logGet(46)) - raft.server.log.segment.size.max = 8MB (=8388608) (default)
2023-01-06 13:31:08,154 [pool-2-thread-1] INFO  server.RaftServerConfigKeys (ConfUtils.java:logGet(46)) - raft.server.log.preallocated.size = 4MB (=4194304) (default)
2023-01-06 13:31:08,154 [pool-2-thread-1] INFO  server.RaftServerConfigKeys (ConfUtils.java:logGet(46)) - raft.server.log.write.buffer.size = 64KB (=65536) (default)
2023-01-06 13:31:08,154 [pool-2-thread-1] INFO  server.RaftServer$Division (RaftServerImpl.java:<init>(198)) - s1: new RaftServerImpl for group-013C6D6F97E1:[s0|rpc:localhost:38239|admin:localhost:40631|client:localhost:39857|dataStream:localhost:43249|priority:0|startupRole:FOLLOWER, s1|rpc:localhost:33451|admin:localhost:44731|client:localhost:43037|dataStream:localhost:43147|priority:0|startupRole:FOLLOWER, s2|rpc:localhost:38795|admin:localhost:34435|client:localhost:45091|dataStream:localhost:44871|priority:0|startupRole:FOLLOWER] with SimpleStateMachine4Testing:uninitialized
2023-01-06 13:31:08,150 [pool-3-thread-1] INFO  server.RaftServerConfigKeys (ConfUtils.java:logGet(46)) - raft.server.log.preallocated.size = 4MB (=4194304) (default)
2023-01-06 13:31:08,158 [pool-3-thread-1] INFO  server.RaftServerConfigKeys (ConfUtils.java:logGet(46)) - raft.server.log.write.buffer.size = 64KB (=65536) (default)
2023-01-06 13:31:08,158 [pool-3-thread-1] INFO  server.RaftServer$Division (RaftServerImpl.java:<init>(198)) - s2: new RaftServerImpl for group-013C6D6F97E1:[s0|rpc:localhost:38239|admin:localhost:40631|client:localhost:39857|dataStream:localhost:43249|priority:0|startupRole:FOLLOWER, s1|rpc:localhost:33451|admin:localhost:44731|client:localhost:43037|dataStream:localhost:43147|priority:0|startupRole:FOLLOWER, s2|rpc:localhost:38795|admin:localhost:34435|client:localhost:45091|dataStream:localhost:44871|priority:0|startupRole:FOLLOWER] with SimpleStateMachine4Testing:uninitialized
2023-01-06 13:31:08,159 [pool-1-thread-1] INFO  server.RaftServer$Division (RaftServerImpl.java:<init>(198)) - s0: new RaftServerImpl for group-013C6D6F97E1:[s0|rpc:localhost:38239|admin:localhost:40631|client:localhost:39857|dataStream:localhost:43249|priority:0|startupRole:FOLLOWER, s1|rpc:localhost:33451|admin:localhost:44731|client:localhost:43037|dataStream:localhost:43147|priority:0|startupRole:FOLLOWER, s2|rpc:localhost:38795|admin:localhost:34435|client:localhost:45091|dataStream:localhost:44871|priority:0|startupRole:FOLLOWER] with SimpleStateMachine4Testing:uninitialized
2023-01-06 13:31:08,160 [pool-2-thread-1] INFO  server.RaftServerConfigKeys (ConfUtils.java:logGet(46)) - raft.server.rpc.timeout.min = 150ms (default)
2023-01-06 13:31:08,160 [pool-3-thread-1] INFO  server.RaftServerConfigKeys (ConfUtils.java:logGet(46)) - raft.server.rpc.timeout.min = 150ms (default)
2023-01-06 13:31:08,171 [pool-3-thread-1] INFO  server.RaftServerConfigKeys (ConfUtils.java:logGet(46)) - raft.server.rpc.timeout.max = 300ms (default)
2023-01-06 13:31:08,171 [pool-3-thread-1] INFO  server.RaftServerConfigKeys (ConfUtils.java:logGet(46)) - raft.server.rpc.sleep.time = 25ms (default)
2023-01-06 13:31:08,171 [pool-3-thread-1] INFO  server.RaftServerConfigKeys (ConfUtils.java:logGet(46)) - raft.server.rpc.slowness.timeout = 60s (default)
2023-01-06 13:31:08,171 [pool-3-thread-1] INFO  server.RaftServerConfigKeys (ConfUtils.java:logGet(46)) - raft.server.leaderelection.leader.step-down.wait-time = 10s (default)
2023-01-06 13:31:08,172 [pool-3-thread-1] INFO  server.RaftServerConfigKeys (ConfUtils.java:logGet(46)) - raft.server.sleep.deviation.threshold = 300ms (default)
2023-01-06 13:31:08,170 [pool-2-thread-1] INFO  server.RaftServerConfigKeys (ConfUtils.java:logGet(46)) - raft.server.rpc.timeout.max = 300ms (default)
2023-01-06 13:31:08,175 [pool-2-thread-1] INFO  server.RaftServerConfigKeys (ConfUtils.java:logGet(46)) - raft.server.rpc.sleep.time = 25ms (default)
2023-01-06 13:31:08,175 [pool-2-thread-1] INFO  server.RaftServerConfigKeys (ConfUtils.java:logGet(46)) - raft.server.rpc.slowness.timeout = 60s (default)
2023-01-06 13:31:08,175 [pool-2-thread-1] INFO  server.RaftServerConfigKeys (ConfUtils.java:logGet(46)) - raft.server.leaderelection.leader.step-down.wait-time = 10s (default)
2023-01-06 13:31:08,175 [pool-2-thread-1] INFO  server.RaftServerConfigKeys (ConfUtils.java:logGet(46)) - raft.server.sleep.deviation.threshold = 300ms (default)
2023-01-06 13:31:08,177 [pool-1-thread-1] INFO  server.RaftServerConfigKeys (ConfUtils.java:logGet(46)) - raft.server.rpc.timeout.min = 150ms (default)
2023-01-06 13:31:08,177 [pool-1-thread-1] INFO  server.RaftServerConfigKeys (ConfUtils.java:logGet(46)) - raft.server.rpc.timeout.max = 300ms (default)
2023-01-06 13:31:08,177 [pool-1-thread-1] INFO  server.RaftServerConfigKeys (ConfUtils.java:logGet(46)) - raft.server.rpc.sleep.time = 25ms (default)
2023-01-06 13:31:08,177 [pool-1-thread-1] INFO  server.RaftServerConfigKeys (ConfUtils.java:logGet(46)) - raft.server.rpc.slowness.timeout = 60s (default)
2023-01-06 13:31:08,177 [pool-1-thread-1] INFO  server.RaftServerConfigKeys (ConfUtils.java:logGet(46)) - raft.server.leaderelection.leader.step-down.wait-time = 10s (default)
2023-01-06 13:31:08,178 [pool-1-thread-1] INFO  server.RaftServerConfigKeys (ConfUtils.java:logGet(46)) - raft.server.sleep.deviation.threshold = 300ms (default)
2023-01-06 13:31:08,183 [pool-2-thread-1] INFO  server.RaftServer$Division (ServerState.java:<init>(113)) - s1@group-013C6D6F97E1: ConfigurationManager, init=-1: peers:[s0|rpc:localhost:38239|admin:localhost:40631|client:localhost:39857|dataStream:localhost:43249|priority:0|startupRole:FOLLOWER, s1|rpc:localhost:33451|admin:localhost:44731|client:localhost:43037|dataStream:localhost:43147|priority:0|startupRole:FOLLOWER, s2|rpc:localhost:38795|admin:localhost:34435|client:localhost:45091|dataStream:localhost:44871|priority:0|startupRole:FOLLOWER]|listeners:[], old=null, confs=<EMPTY_MAP>
2023-01-06 13:31:08,191 [pool-3-thread-1] INFO  server.RaftServer$Division (ServerState.java:<init>(113)) - s2@group-013C6D6F97E1: ConfigurationManager, init=-1: peers:[s0|rpc:localhost:38239|admin:localhost:40631|client:localhost:39857|dataStream:localhost:43249|priority:0|startupRole:FOLLOWER, s1|rpc:localhost:33451|admin:localhost:44731|client:localhost:43037|dataStream:localhost:43147|priority:0|startupRole:FOLLOWER, s2|rpc:localhost:38795|admin:localhost:34435|client:localhost:45091|dataStream:localhost:44871|priority:0|startupRole:FOLLOWER]|listeners:[], old=null, confs=<EMPTY_MAP>
2023-01-06 13:31:08,192 [pool-1-thread-1] INFO  server.RaftServer$Division (ServerState.java:<init>(113)) - s0@group-013C6D6F97E1: ConfigurationManager, init=-1: peers:[s0|rpc:localhost:38239|admin:localhost:40631|client:localhost:39857|dataStream:localhost:43249|priority:0|startupRole:FOLLOWER, s1|rpc:localhost:33451|admin:localhost:44731|client:localhost:43037|dataStream:localhost:43147|priority:0|startupRole:FOLLOWER, s2|rpc:localhost:38795|admin:localhost:34435|client:localhost:45091|dataStream:localhost:44871|priority:0|startupRole:FOLLOWER]|listeners:[], old=null, confs=<EMPTY_MAP>
2023-01-06 13:31:08,205 [pool-1-thread-1] INFO  server.RaftServerConfigKeys (ConfUtils.java:logGet(46)) - raft.server.notification.no-leader.timeout = 60s (default)
2023-01-06 13:31:08,205 [pool-2-thread-1] INFO  server.RaftServerConfigKeys (ConfUtils.java:logGet(46)) - raft.server.notification.no-leader.timeout = 60s (default)
2023-01-06 13:31:08,205 [pool-3-thread-1] INFO  server.RaftServerConfigKeys (ConfUtils.java:logGet(46)) - raft.server.notification.no-leader.timeout = 60s (default)
2023-01-06 13:31:08,210 [pool-1-thread-1] INFO  server.RaftServerConfigKeys (ConfUtils.java:logGet(46)) - raft.server.read.timeout = 10s (default)
2023-01-06 13:31:08,210 [pool-3-thread-1] INFO  server.RaftServerConfigKeys (ConfUtils.java:logGet(46)) - raft.server.read.timeout = 10s (default)
2023-01-06 13:31:08,214 [pool-2-thread-1] INFO  server.RaftServerConfigKeys (ConfUtils.java:logGet(46)) - raft.server.read.timeout = 10s (default)
2023-01-06 13:31:08,214 [pool-1-thread-1] INFO  server.RaftServerConfigKeys (ConfUtils.java:logGet(46)) - raft.server.retrycache.expirytime = 60s (default)
2023-01-06 13:31:08,214 [pool-1-thread-1] INFO  server.RaftServerConfigKeys (ConfUtils.java:logGet(46)) - raft.server.retrycache.statistics.expirytime = 100μs (default)
2023-01-06 13:31:08,218 [pool-3-thread-1] INFO  server.RaftServerConfigKeys (ConfUtils.java:logGet(46)) - raft.server.retrycache.expirytime = 60s (default)
2023-01-06 13:31:08,218 [pool-3-thread-1] INFO  server.RaftServerConfigKeys (ConfUtils.java:logGet(46)) - raft.server.retrycache.statistics.expirytime = 100μs (default)
2023-01-06 13:31:08,218 [pool-2-thread-1] INFO  server.RaftServerConfigKeys (ConfUtils.java:logGet(46)) - raft.server.retrycache.expirytime = 60s (default)
2023-01-06 13:31:08,218 [pool-2-thread-1] INFO  server.RaftServerConfigKeys (ConfUtils.java:logGet(46)) - raft.server.retrycache.statistics.expirytime = 100μs (default)
2023-01-06 13:31:08,244 [pool-3-thread-1] INFO  server.RaftServerConfigKeys (ConfUtils.java:logGet(46)) - raft.server.read.option = DEFAULT (default)
2023-01-06 13:31:08,244 [pool-1-thread-1] INFO  server.RaftServerConfigKeys (ConfUtils.java:logGet(46)) - raft.server.read.option = DEFAULT (default)
2023-01-06 13:31:08,245 [pool-2-thread-1] INFO  server.RaftServerConfigKeys (ConfUtils.java:logGet(46)) - raft.server.read.option = DEFAULT (default)
2023-01-06 13:31:08,254 [pool-3-thread-1] INFO  metrics.MetricRegistries (MetricRegistriesLoader.java:load(64)) - Loaded MetricRegistries class org.apache.ratis.metrics.impl.MetricRegistriesImpl
2023-01-06 13:31:08,604 [pool-1-thread-1] INFO  server.RaftServerConfigKeys (ConfUtils.java:logGet(46)) - raft.server.log.appender.install.snapshot.enabled = true (default)
2023-01-06 13:31:08,606 [pool-1-thread-1] INFO  server.RaftServerConfigKeys (ConfUtils.java:logGet(46)) - raft.server.threadpool.server.cached = true (default)
2023-01-06 13:31:08,607 [pool-1-thread-1] INFO  server.RaftServerConfigKeys (ConfUtils.java:logGet(46)) - raft.server.threadpool.server.size = 0 (default)
2023-01-06 13:31:08,606 [pool-3-thread-1] INFO  server.RaftServerConfigKeys (ConfUtils.java:logGet(46)) - raft.server.log.appender.install.snapshot.enabled = true (default)
2023-01-06 13:31:08,607 [pool-3-thread-1] INFO  server.RaftServerConfigKeys (ConfUtils.java:logGet(46)) - raft.server.threadpool.server.cached = true (default)
2023-01-06 13:31:08,608 [pool-3-thread-1] INFO  server.RaftServerConfigKeys (ConfUtils.java:logGet(46)) - raft.server.threadpool.server.size = 0 (default)
2023-01-06 13:31:08,609 [pool-3-thread-1] INFO  server.RaftServerConfigKeys (ConfUtils.java:logGet(46)) - raft.server.threadpool.client.cached = true (default)
2023-01-06 13:31:08,609 [pool-3-thread-1] INFO  server.RaftServerConfigKeys (ConfUtils.java:logGet(46)) - raft.server.threadpool.client.size = 0 (default)
2023-01-06 13:31:08,610 [pool-1-thread-1] INFO  server.RaftServerConfigKeys (ConfUtils.java:logGet(46)) - raft.server.threadpool.client.cached = true (default)
2023-01-06 13:31:08,610 [pool-1-thread-1] INFO  server.RaftServerConfigKeys (ConfUtils.java:logGet(46)) - raft.server.threadpool.client.size = 0 (default)
2023-01-06 13:31:08,611 [s0-impl-thread1] INFO  server.RaftServerConfigKeys (ConfUtils.java:logGet(46)) - raft.server.storage.free-space.min = 0MB (=0) (default)
2023-01-06 13:31:08,612 [s0-impl-thread1] INFO  server.RaftServerConfigKeys (ConfUtils.java:logGet(46)) - raft.server.log.corruption.policy = EXCEPTION (default)
2023-01-06 13:31:08,612 [s0-impl-thread1] INFO  server.RaftServerConfigKeys (ConfUtils.java:logGet(46)) - raft.server.storage.dir = [/home/runner/work/ratis/ratis/ratis-test/target/test/data/55e59b61/MiniRaftClusterWithGrpc1ccee48a/s0] (custom)
2023-01-06 13:31:08,610 [pool-2-thread-1] INFO  server.RaftServerConfigKeys (ConfUtils.java:logGet(46)) - raft.server.log.appender.install.snapshot.enabled = true (default)
2023-01-06 13:31:08,613 [pool-2-thread-1] INFO  server.RaftServerConfigKeys (ConfUtils.java:logGet(46)) - raft.server.threadpool.server.cached = true (default)
2023-01-06 13:31:08,613 [pool-2-thread-1] INFO  server.RaftServerConfigKeys (ConfUtils.java:logGet(46)) - raft.server.threadpool.server.size = 0 (default)
2023-01-06 13:31:08,614 [pool-2-thread-1] INFO  server.RaftServerConfigKeys (ConfUtils.java:logGet(46)) - raft.server.threadpool.client.cached = true (default)
2023-01-06 13:31:08,614 [pool-2-thread-1] INFO  server.RaftServerConfigKeys (ConfUtils.java:logGet(46)) - raft.server.threadpool.client.size = 0 (default)
2023-01-06 13:31:08,625 [s0-impl-thread1] INFO  storage.RaftStorageDirectory (RaftStorageDirectoryImpl.java:analyzeStorage(138)) - The storage directory /home/runner/work/ratis/ratis/ratis-test/target/test/data/55e59b61/MiniRaftClusterWithGrpc1ccee48a/s0/cc7e9b62-8912-4ab2-aa78-013c6d6f97e1 does not exist. Creating ...
2023-01-06 13:31:08,626 [s0-impl-thread1] TRACE util.FileUtils (LogUtils.java:runAndLog(49)) - Successfully ran Files.createDirectories /home/runner/work/ratis/ratis/ratis-test/target/test/data/55e59b61/MiniRaftClusterWithGrpc1ccee48a/s0/cc7e9b62-8912-4ab2-aa78-013c6d6f97e1
2023-01-06 13:31:08,637 [s0-impl-thread1] INFO  storage.RaftStorageDirectory (RaftStorageDirectoryImpl.java:tryLock(232)) - Lock on /home/runner/work/ratis/ratis/ratis-test/target/test/data/55e59b61/MiniRaftClusterWithGrpc1ccee48a/s0/cc7e9b62-8912-4ab2-aa78-013c6d6f97e1/in_use.lock acquired by nodename 2194@fv-az200-218
2023-01-06 13:31:08,637 [s0-impl-thread1] TRACE util.FileUtils (LogUtils.java:runAndLog(49)) - Successfully ran Files.createDirectories /home/runner/work/ratis/ratis/ratis-test/target/test/data/55e59b61/MiniRaftClusterWithGrpc1ccee48a/s0/cc7e9b62-8912-4ab2-aa78-013c6d6f97e1/current
2023-01-06 13:31:08,639 [s0-impl-thread1] TRACE util.FileUtils (LogUtils.java:runAndLog(49)) - Successfully ran Files.createDirectories /home/runner/work/ratis/ratis/ratis-test/target/test/data/55e59b61/MiniRaftClusterWithGrpc1ccee48a/s0/cc7e9b62-8912-4ab2-aa78-013c6d6f97e1/sm
2023-01-06 13:31:08,654 [s0-impl-thread1] INFO  storage.RaftStorage (RaftStorageImpl.java:format(96)) - Storage directory /home/runner/work/ratis/ratis/ratis-test/target/test/data/55e59b61/MiniRaftClusterWithGrpc1ccee48a/s0/cc7e9b62-8912-4ab2-aa78-013c6d6f97e1 has been successfully formatted.
2023-01-06 13:31:08,655 [s0-impl-thread1] INFO  impl.SimpleStateMachine4Testing (SimpleStateMachine4Testing.java:initialize(213)) - Initializing SimpleStateMachine4Testing:uninitialized
2023-01-06 13:31:08,658 [s0-impl-thread1] INFO  impl.SimpleStateMachine4Testing (SimpleStateMachine4Testing.java:loadSnapshot(293)) - Loading snapshot null
2023-01-06 13:31:08,659 [s0-impl-thread1] INFO  server.RaftServerConfigKeys (ConfUtils.java:logGet(46)) - raft.server.log.use.memory = false (default)
2023-01-06 13:31:08,666 [s0-impl-thread1] INFO  server.RaftServerConfigKeys (ConfUtils.java:logGet(46)) - raft.server.log.purge.gap = 1024 (default)
2023-01-06 13:31:08,666 [s0-impl-thread1] INFO  server.RaftServerConfigKeys (ConfUtils.java:logGet(46)) - raft.server.log.appender.buffer.byte-limit = 4MB (=4194304) (default)
2023-01-06 13:31:08,667 [s0-impl-thread1] INFO  server.RaftServerConfigKeys (ConfUtils.java:logGet(46)) - raft.server.log.statemachine.data.read.timeout = 1000ms (default)
2023-01-06 13:31:08,668 [s0-impl-thread1] INFO  server.RaftServerConfigKeys (ConfUtils.java:logGet(46)) - raft.server.log.purge.preservation.log.num = 0 (default)
2023-01-06 13:31:08,671 [s0-impl-thread1] INFO  server.RaftServerConfigKeys (ConfUtils.java:logGet(46)) - raft.server.log.segment.size.max = 8MB (=8388608) (default)
2023-01-06 13:31:08,675 [s0-impl-thread1] INFO  server.RaftServerConfigKeys (ConfUtils.java:logGet(46)) - raft.server.log.segment.cache.num.max = 6 (default)
2023-01-06 13:31:08,676 [s0-impl-thread1] INFO  server.RaftServerConfigKeys (ConfUtils.java:logGet(46)) - raft.server.log.segment.cache.size.max = 200MB (=209715200) (default)
2023-01-06 13:31:08,679 [s0-impl-thread1] INFO  segmented.SegmentedRaftLogWorker (SegmentedRaftLogWorker.java:<init>(184)) - new s0@group-013C6D6F97E1-SegmentedRaftLogWorker for RaftStorageImpl:Storage Directory /home/runner/work/ratis/ratis/ratis-test/target/test/data/55e59b61/MiniRaftClusterWithGrpc1ccee48a/s0/cc7e9b62-8912-4ab2-aa78-013c6d6f97e1
2023-01-06 13:31:08,680 [s0-impl-thread1] INFO  server.RaftServerConfigKeys (ConfUtils.java:logGet(46)) - raft.server.log.queue.byte-limit = 64MB (=67108864) (default)
2023-01-06 13:31:08,680 [s0-impl-thread1] INFO  server.RaftServerConfigKeys (ConfUtils.java:logGet(46)) - raft.server.log.queue.element-limit = 4096 (default)
2023-01-06 13:31:08,682 [s0-impl-thread1] INFO  server.RaftServerConfigKeys (ConfUtils.java:logGet(46)) - raft.server.log.segment.size.max = 8MB (=8388608) (default)
2023-01-06 13:31:08,683 [s0-impl-thread1] INFO  server.RaftServerConfigKeys (ConfUtils.java:logGet(46)) - raft.server.log.preallocated.size = 4MB (=4194304) (default)
2023-01-06 13:31:08,684 [s0-impl-thread1] INFO  server.RaftServerConfigKeys (ConfUtils.java:logGet(46)) - raft.server.log.force.sync.num = 128 (default)
2023-01-06 13:31:08,685 [s0-impl-thread1] INFO  server.RaftServerConfigKeys (ConfUtils.java:logGet(46)) - raft.server.log.statemachine.data.sync = true (default)
2023-01-06 13:31:08,685 [s0-impl-thread1] INFO  server.RaftServerConfigKeys (ConfUtils.java:logGet(46)) - raft.server.log.statemachine.data.sync.timeout = 10s (default)
2023-01-06 13:31:08,686 [s0-impl-thread1] INFO  server.RaftServerConfigKeys (ConfUtils.java:logGet(46)) - raft.server.log.statemachine.data.sync.timeout.retry = -1 (default)
2023-01-06 13:31:08,688 [s0-impl-thread1] INFO  server.RaftServerConfigKeys (ConfUtils.java:logGet(46)) - raft.server.log.write.buffer.size = 64KB (=65536) (default)
2023-01-06 13:31:08,688 [s0-impl-thread1] INFO  server.RaftServerConfigKeys (ConfUtils.java:logGet(46)) - raft.server.log.appender.buffer.byte-limit = 4MB (=4194304) (default)
2023-01-06 13:31:08,691 [s0-impl-thread1] INFO  server.RaftServerConfigKeys (ConfUtils.java:logGet(46)) - raft.server.log.unsafe-flush.enabled = false (default)
2023-01-06 13:31:08,691 [s0-impl-thread1] INFO  server.RaftServerConfigKeys (ConfUtils.java:logGet(46)) - raft.server.log.async-flush.enabled = false (default)
2023-01-06 13:31:08,692 [s0-impl-thread1] INFO  server.RaftServerConfigKeys (ConfUtils.java:logGet(46)) - raft.server.log.statemachine.data.caching.enabled = false (default)
2023-01-06 13:31:08,697 [s0-impl-thread1] INFO  segmented.SegmentedRaftLogWorker (SegmentedRaftLogWorker.java:lambda$new$0(134)) - s0@group-013C6D6F97E1-SegmentedRaftLogWorker: flushIndex: setUnconditionally 0 -> -1
2023-01-06 13:31:08,698 [s0-impl-thread1] INFO  segmented.SegmentedRaftLogWorker (SegmentedRaftLogWorker.java:lambda$new$0(134)) - s0@group-013C6D6F97E1-SegmentedRaftLogWorker: safeCacheEvictIndex: setUnconditionally 0 -> -1
2023-01-06 13:31:08,700 [s0-impl-thread1] INFO  server.RaftServer$Division (RaftServerImpl.java:start(338)) - s0@group-013C6D6F97E1: start as a follower, conf=-1: peers:[s0|rpc:localhost:38239|admin:localhost:40631|client:localhost:39857|dataStream:localhost:43249|priority:0|startupRole:FOLLOWER, s1|rpc:localhost:33451|admin:localhost:44731|client:localhost:43037|dataStream:localhost:43147|priority:0|startupRole:FOLLOWER, s2|rpc:localhost:38795|admin:localhost:34435|client:localhost:45091|dataStream:localhost:44871|priority:0|startupRole:FOLLOWER]|listeners:[], old=null
2023-01-06 13:31:08,700 [s0-impl-thread1] INFO  server.RaftServer$Division (RaftServerImpl.java:setRole(325)) - s0@group-013C6D6F97E1: changes role from      null to FOLLOWER at term 0 for startAsFollower
2023-01-06 13:31:08,701 [s0-impl-thread1] INFO  impl.RoleInfo (RoleInfo.java:updateAndGet(139)) - s0: start s0@group-013C6D6F97E1-FollowerState
2023-01-06 13:31:08,703 [s0-impl-thread1] INFO  util.JmxRegister (JmxRegister.java:tryRegister(44)) - Successfully registered JMX Bean with object name Ratis:service=RaftServer,group=group-013C6D6F97E1,id=s0
2023-01-06 13:31:08,705 [s0-impl-thread1] INFO  server.RaftServerConfigKeys (ConfUtils.java:logGet(46)) - raft.server.snapshot.auto.trigger.enabled = false (default)
2023-01-06 13:31:08,706 [s0-impl-thread1] INFO  server.RaftServerConfigKeys (ConfUtils.java:logGet(46)) - raft.server.snapshot.retention.file.num = -1 (default)
2023-01-06 13:31:08,706 [s0-impl-thread1] INFO  server.RaftServerConfigKeys (ConfUtils.java:logGet(46)) - raft.server.log.purge.upto.snapshot.index = false (default)
2023-01-06 13:31:08,710 [Time-limited test] INFO  server.RaftServer (RaftServerProxy.java:startImpl(396)) - s0: start RPC server
2023-01-06 13:31:08,712 [s0@group-013C6D6F97E1-FollowerState] INFO  server.RaftServerConfigKeys (ConfUtils.java:logFallback(53)) - raft.server.rpc.first-election.timeout.min = 150ms (fallback to raft.server.rpc.timeout.min)
2023-01-06 13:31:08,712 [s0@group-013C6D6F97E1-FollowerState] INFO  server.RaftServerConfigKeys (ConfUtils.java:logFallback(53)) - raft.server.rpc.first-election.timeout.max = 300ms (fallback to raft.server.rpc.timeout.max)
2023-01-06 13:31:08,751 [Time-limited test] INFO  server.GrpcService (GrpcService.java:startImpl(302)) - s0: GrpcService started, listening on 39857
2023-01-06 13:31:08,756 [Time-limited test] INFO  server.GrpcService (GrpcService.java:startImpl(302)) - s0: GrpcService started, listening on 38239
2023-01-06 13:31:08,759 [Time-limited test] INFO  server.GrpcService (GrpcService.java:startImpl(302)) - s0: GrpcService started, listening on 40631
2023-01-06 13:31:08,762 [s1-impl-thread1] INFO  server.RaftServerConfigKeys (ConfUtils.java:logGet(46)) - raft.server.storage.free-space.min = 0MB (=0) (default)
2023-01-06 13:31:08,762 [s1-impl-thread1] INFO  server.RaftServerConfigKeys (ConfUtils.java:logGet(46)) - raft.server.log.corruption.policy = EXCEPTION (default)
2023-01-06 13:31:08,762 [s1-impl-thread1] INFO  server.RaftServerConfigKeys (ConfUtils.java:logGet(46)) - raft.server.storage.dir = [/home/runner/work/ratis/ratis/ratis-test/target/test/data/55e59b61/MiniRaftClusterWithGrpc1ccee48a/s1] (custom)
2023-01-06 13:31:08,762 [s1-impl-thread1] INFO  storage.RaftStorageDirectory (RaftStorageDirectoryImpl.java:analyzeStorage(138)) - The storage directory /home/runner/work/ratis/ratis/ratis-test/target/test/data/55e59b61/MiniRaftClusterWithGrpc1ccee48a/s1/cc7e9b62-8912-4ab2-aa78-013c6d6f97e1 does not exist. Creating ...
2023-01-06 13:31:08,770 [s1-impl-thread1] TRACE util.FileUtils (LogUtils.java:runAndLog(49)) - Successfully ran Files.createDirectories /home/runner/work/ratis/ratis/ratis-test/target/test/data/55e59b61/MiniRaftClusterWithGrpc1ccee48a/s1/cc7e9b62-8912-4ab2-aa78-013c6d6f97e1
2023-01-06 13:31:08,773 [s1-impl-thread1] INFO  storage.RaftStorageDirectory (RaftStorageDirectoryImpl.java:tryLock(232)) - Lock on /home/runner/work/ratis/ratis/ratis-test/target/test/data/55e59b61/MiniRaftClusterWithGrpc1ccee48a/s1/cc7e9b62-8912-4ab2-aa78-013c6d6f97e1/in_use.lock acquired by nodename 2194@fv-az200-218
2023-01-06 13:31:08,773 [s1-impl-thread1] TRACE util.FileUtils (LogUtils.java:runAndLog(49)) - Successfully ran Files.createDirectories /home/runner/work/ratis/ratis/ratis-test/target/test/data/55e59b61/MiniRaftClusterWithGrpc1ccee48a/s1/cc7e9b62-8912-4ab2-aa78-013c6d6f97e1/current
2023-01-06 13:31:08,773 [s1-impl-thread1] TRACE util.FileUtils (LogUtils.java:runAndLog(49)) - Successfully ran Files.createDirectories /home/runner/work/ratis/ratis/ratis-test/target/test/data/55e59b61/MiniRaftClusterWithGrpc1ccee48a/s1/cc7e9b62-8912-4ab2-aa78-013c6d6f97e1/sm
2023-01-06 13:31:08,775 [JvmPauseMonitor0] INFO  util.JvmPauseMonitor (JvmPauseMonitor.java:run(105)) - JvmPauseMonitor-s0: Started
2023-01-06 13:31:08,776 [s1-impl-thread1] INFO  storage.RaftStorage (RaftStorageImpl.java:format(96)) - Storage directory /home/runner/work/ratis/ratis/ratis-test/target/test/data/55e59b61/MiniRaftClusterWithGrpc1ccee48a/s1/cc7e9b62-8912-4ab2-aa78-013c6d6f97e1 has been successfully formatted.
2023-01-06 13:31:08,780 [s1-impl-thread1] INFO  impl.SimpleStateMachine4Testing (SimpleStateMachine4Testing.java:initialize(213)) - Initializing SimpleStateMachine4Testing:uninitialized
2023-01-06 13:31:08,780 [s1-impl-thread1] INFO  impl.SimpleStateMachine4Testing (SimpleStateMachine4Testing.java:loadSnapshot(293)) - Loading snapshot null
2023-01-06 13:31:08,780 [s1-impl-thread1] INFO  server.RaftServerConfigKeys (ConfUtils.java:logGet(46)) - raft.server.log.use.memory = false (default)
2023-01-06 13:31:08,781 [s1-impl-thread1] INFO  server.RaftServerConfigKeys (ConfUtils.java:logGet(46)) - raft.server.log.purge.gap = 1024 (default)
2023-01-06 13:31:08,783 [s1-impl-thread1] INFO  server.RaftServerConfigKeys (ConfUtils.java:logGet(46)) - raft.server.log.appender.buffer.byte-limit = 4MB (=4194304) (default)
2023-01-06 13:31:08,783 [s1-impl-thread1] INFO  server.RaftServerConfigKeys (ConfUtils.java:logGet(46)) - raft.server.log.statemachine.data.read.timeout = 1000ms (default)
2023-01-06 13:31:08,783 [s1-impl-thread1] INFO  server.RaftServerConfigKeys (ConfUtils.java:logGet(46)) - raft.server.log.purge.preservation.log.num = 0 (default)
2023-01-06 13:31:08,785 [s1-impl-thread1] INFO  server.RaftServerConfigKeys (ConfUtils.java:logGet(46)) - raft.server.log.segment.size.max = 8MB (=8388608) (default)
2023-01-06 13:31:08,786 [s1-impl-thread1] INFO  server.RaftServerConfigKeys (ConfUtils.java:logGet(46)) - raft.server.log.segment.cache.num.max = 6 (default)
2023-01-06 13:31:08,786 [s1-impl-thread1] INFO  server.RaftServerConfigKeys (ConfUtils.java:logGet(46)) - raft.server.log.segment.cache.size.max = 200MB (=209715200) (default)
2023-01-06 13:31:08,786 [s1-impl-thread1] INFO  segmented.SegmentedRaftLogWorker (SegmentedRaftLogWorker.java:<init>(184)) - new s1@group-013C6D6F97E1-SegmentedRaftLogWorker for RaftStorageImpl:Storage Directory /home/runner/work/ratis/ratis/ratis-test/target/test/data/55e59b61/MiniRaftClusterWithGrpc1ccee48a/s1/cc7e9b62-8912-4ab2-aa78-013c6d6f97e1
2023-01-06 13:31:08,790 [s1-impl-thread1] INFO  server.RaftServerConfigKeys (ConfUtils.java:logGet(46)) - raft.server.log.queue.byte-limit = 64MB (=67108864) (default)
2023-01-06 13:31:08,790 [s1-impl-thread1] INFO  server.RaftServerConfigKeys (ConfUtils.java:logGet(46)) - raft.server.log.queue.element-limit = 4096 (default)
2023-01-06 13:31:08,790 [s1-impl-thread1] INFO  server.RaftServerConfigKeys (ConfUtils.java:logGet(46)) - raft.server.log.segment.size.max = 8MB (=8388608) (default)
2023-01-06 13:31:08,790 [s1-impl-thread1] INFO  server.RaftServerConfigKeys (ConfUtils.java:logGet(46)) - raft.server.log.preallocated.size = 4MB (=4194304) (default)
2023-01-06 13:31:08,792 [s1-impl-thread1] INFO  server.RaftServerConfigKeys (ConfUtils.java:logGet(46)) - raft.server.log.force.sync.num = 128 (default)
2023-01-06 13:31:08,792 [s1-impl-thread1] INFO  server.RaftServerConfigKeys (ConfUtils.java:logGet(46)) - raft.server.log.statemachine.data.sync = true (default)
2023-01-06 13:31:08,792 [s1-impl-thread1] INFO  server.RaftServerConfigKeys (ConfUtils.java:logGet(46)) - raft.server.log.statemachine.data.sync.timeout = 10s (default)
2023-01-06 13:31:08,792 [s1-impl-thread1] INFO  server.RaftServerConfigKeys (ConfUtils.java:logGet(46)) - raft.server.log.statemachine.data.sync.timeout.retry = -1 (default)
2023-01-06 13:31:08,793 [s1-impl-thread1] INFO  server.RaftServerConfigKeys (ConfUtils.java:logGet(46)) - raft.server.log.write.buffer.size = 64KB (=65536) (default)
2023-01-06 13:31:08,793 [s1-impl-thread1] INFO  server.RaftServerConfigKeys (ConfUtils.java:logGet(46)) - raft.server.log.appender.buffer.byte-limit = 4MB (=4194304) (default)
2023-01-06 13:31:08,794 [s1-impl-thread1] INFO  server.RaftServerConfigKeys (ConfUtils.java:logGet(46)) - raft.server.log.unsafe-flush.enabled = false (default)
2023-01-06 13:31:08,794 [s1-impl-thread1] INFO  server.RaftServerConfigKeys (ConfUtils.java:logGet(46)) - raft.server.log.async-flush.enabled = false (default)
2023-01-06 13:31:08,794 [s1-impl-thread1] INFO  server.RaftServerConfigKeys (ConfUtils.java:logGet(46)) - raft.server.log.statemachine.data.caching.enabled = false (default)
2023-01-06 13:31:08,801 [s1-impl-thread1] INFO  segmented.SegmentedRaftLogWorker (SegmentedRaftLogWorker.java:lambda$new$0(134)) - s1@group-013C6D6F97E1-SegmentedRaftLogWorker: flushIndex: setUnconditionally 0 -> -1
2023-01-06 13:31:08,801 [s1-impl-thread1] INFO  segmented.SegmentedRaftLogWorker (SegmentedRaftLogWorker.java:lambda$new$0(134)) - s1@group-013C6D6F97E1-SegmentedRaftLogWorker: safeCacheEvictIndex: setUnconditionally 0 -> -1
2023-01-06 13:31:08,802 [s1-impl-thread1] INFO  server.RaftServer$Division (RaftServerImpl.java:start(338)) - s1@group-013C6D6F97E1: start as a follower, conf=-1: peers:[s0|rpc:localhost:38239|admin:localhost:40631|client:localhost:39857|dataStream:localhost:43249|priority:0|startupRole:FOLLOWER, s1|rpc:localhost:33451|admin:localhost:44731|client:localhost:43037|dataStream:localhost:43147|priority:0|startupRole:FOLLOWER, s2|rpc:localhost:38795|admin:localhost:34435|client:localhost:45091|dataStream:localhost:44871|priority:0|startupRole:FOLLOWER]|listeners:[], old=null
2023-01-06 13:31:08,802 [s1-impl-thread1] INFO  server.RaftServer$Division (RaftServerImpl.java:setRole(325)) - s1@group-013C6D6F97E1: changes role from      null to FOLLOWER at term 0 for startAsFollower
2023-01-06 13:31:08,802 [s1-impl-thread1] INFO  impl.RoleInfo (RoleInfo.java:updateAndGet(139)) - s1: start s1@group-013C6D6F97E1-FollowerState
2023-01-06 13:31:08,806 [s1-impl-thread1] INFO  util.JmxRegister (JmxRegister.java:tryRegister(44)) - Successfully registered JMX Bean with object name Ratis:service=RaftServer,group=group-013C6D6F97E1,id=s1
2023-01-06 13:31:08,809 [s1-impl-thread1] INFO  server.RaftServerConfigKeys (ConfUtils.java:logGet(46)) - raft.server.snapshot.auto.trigger.enabled = false (default)
2023-01-06 13:31:08,809 [s1-impl-thread1] INFO  server.RaftServerConfigKeys (ConfUtils.java:logGet(46)) - raft.server.snapshot.retention.file.num = -1 (default)
2023-01-06 13:31:08,809 [s1-impl-thread1] INFO  server.RaftServerConfigKeys (ConfUtils.java:logGet(46)) - raft.server.log.purge.upto.snapshot.index = false (default)
2023-01-06 13:31:08,814 [Time-limited test] INFO  server.RaftServer (RaftServerProxy.java:startImpl(396)) - s1: start RPC server
2023-01-06 13:31:08,818 [Time-limited test] INFO  server.GrpcService (GrpcService.java:startImpl(302)) - s1: GrpcService started, listening on 43037
2023-01-06 13:31:08,819 [Time-limited test] INFO  server.GrpcService (GrpcService.java:startImpl(302)) - s1: GrpcService started, listening on 33451
2023-01-06 13:31:08,820 [Time-limited test] INFO  server.GrpcService (GrpcService.java:startImpl(302)) - s1: GrpcService started, listening on 44731
2023-01-06 13:31:08,820 [s2-impl-thread1] INFO  server.RaftServerConfigKeys (ConfUtils.java:logGet(46)) - raft.server.storage.free-space.min = 0MB (=0) (default)
2023-01-06 13:31:08,820 [s2-impl-thread1] INFO  server.RaftServerConfigKeys (ConfUtils.java:logGet(46)) - raft.server.log.corruption.policy = EXCEPTION (default)
2023-01-06 13:31:08,821 [s2-impl-thread1] INFO  server.RaftServerConfigKeys (ConfUtils.java:logGet(46)) - raft.server.storage.dir = [/home/runner/work/ratis/ratis/ratis-test/target/test/data/55e59b61/MiniRaftClusterWithGrpc1ccee48a/s2] (custom)
2023-01-06 13:31:08,821 [s2-impl-thread1] INFO  storage.RaftStorageDirectory (RaftStorageDirectoryImpl.java:analyzeStorage(138)) - The storage directory /home/runner/work/ratis/ratis/ratis-test/target/test/data/55e59b61/MiniRaftClusterWithGrpc1ccee48a/s2/cc7e9b62-8912-4ab2-aa78-013c6d6f97e1 does not exist. Creating ...
2023-01-06 13:31:08,821 [s2-impl-thread1] TRACE util.FileUtils (LogUtils.java:runAndLog(49)) - Successfully ran Files.createDirectories /home/runner/work/ratis/ratis/ratis-test/target/test/data/55e59b61/MiniRaftClusterWithGrpc1ccee48a/s2/cc7e9b62-8912-4ab2-aa78-013c6d6f97e1
2023-01-06 13:31:08,823 [s1@group-013C6D6F97E1-FollowerState] INFO  server.RaftServerConfigKeys (ConfUtils.java:logFallback(53)) - raft.server.rpc.first-election.timeout.min = 150ms (fallback to raft.server.rpc.timeout.min)
2023-01-06 13:31:08,823 [s1@group-013C6D6F97E1-FollowerState] INFO  server.RaftServerConfigKeys (ConfUtils.java:logFallback(53)) - raft.server.rpc.first-election.timeout.max = 300ms (fallback to raft.server.rpc.timeout.max)
2023-01-06 13:31:08,823 [JvmPauseMonitor1] INFO  util.JvmPauseMonitor (JvmPauseMonitor.java:run(105)) - JvmPauseMonitor-s1: Started
2023-01-06 13:31:08,824 [s2-impl-thread1] INFO  storage.RaftStorageDirectory (RaftStorageDirectoryImpl.java:tryLock(232)) - Lock on /home/runner/work/ratis/ratis/ratis-test/target/test/data/55e59b61/MiniRaftClusterWithGrpc1ccee48a/s2/cc7e9b62-8912-4ab2-aa78-013c6d6f97e1/in_use.lock acquired by nodename 2194@fv-az200-218
2023-01-06 13:31:08,824 [s2-impl-thread1] TRACE util.FileUtils (LogUtils.java:runAndLog(49)) - Successfully ran Files.createDirectories /home/runner/work/ratis/ratis/ratis-test/target/test/data/55e59b61/MiniRaftClusterWithGrpc1ccee48a/s2/cc7e9b62-8912-4ab2-aa78-013c6d6f97e1/current
2023-01-06 13:31:08,825 [s2-impl-thread1] TRACE util.FileUtils (LogUtils.java:runAndLog(49)) - Successfully ran Files.createDirectories /home/runner/work/ratis/ratis/ratis-test/target/test/data/55e59b61/MiniRaftClusterWithGrpc1ccee48a/s2/cc7e9b62-8912-4ab2-aa78-013c6d6f97e1/sm
2023-01-06 13:31:08,828 [s2-impl-thread1] INFO  storage.RaftStorage (RaftStorageImpl.java:format(96)) - Storage directory /home/runner/work/ratis/ratis/ratis-test/target/test/data/55e59b61/MiniRaftClusterWithGrpc1ccee48a/s2/cc7e9b62-8912-4ab2-aa78-013c6d6f97e1 has been successfully formatted.
2023-01-06 13:31:08,829 [s2-impl-thread1] INFO  impl.SimpleStateMachine4Testing (SimpleStateMachine4Testing.java:initialize(213)) - Initializing SimpleStateMachine4Testing:uninitialized
2023-01-06 13:31:08,829 [s2-impl-thread1] INFO  impl.SimpleStateMachine4Testing (SimpleStateMachine4Testing.java:loadSnapshot(293)) - Loading snapshot null
2023-01-06 13:31:08,829 [s2-impl-thread1] INFO  server.RaftServerConfigKeys (ConfUtils.java:logGet(46)) - raft.server.log.use.memory = false (default)
2023-01-06 13:31:08,829 [s2-impl-thread1] INFO  server.RaftServerConfigKeys (ConfUtils.java:logGet(46)) - raft.server.log.purge.gap = 1024 (default)
2023-01-06 13:31:08,829 [s2-impl-thread1] INFO  server.RaftServerConfigKeys (ConfUtils.java:logGet(46)) - raft.server.log.appender.buffer.byte-limit = 4MB (=4194304) (default)
2023-01-06 13:31:08,829 [s2-impl-thread1] INFO  server.RaftServerConfigKeys (ConfUtils.java:logGet(46)) - raft.server.log.statemachine.data.read.timeout = 1000ms (default)
2023-01-06 13:31:08,829 [s2-impl-thread1] INFO  server.RaftServerConfigKeys (ConfUtils.java:logGet(46)) - raft.server.log.purge.preservation.log.num = 0 (default)
2023-01-06 13:31:08,833 [s2-impl-thread1] INFO  server.RaftServerConfigKeys (ConfUtils.java:logGet(46)) - raft.server.log.segment.size.max = 8MB (=8388608) (default)
2023-01-06 13:31:08,833 [s2-impl-thread1] INFO  server.RaftServerConfigKeys (ConfUtils.java:logGet(46)) - raft.server.log.segment.cache.num.max = 6 (default)
2023-01-06 13:31:08,833 [s2-impl-thread1] INFO  server.RaftServerConfigKeys (ConfUtils.java:logGet(46)) - raft.server.log.segment.cache.size.max = 200MB (=209715200) (default)
2023-01-06 13:31:08,834 [s2-impl-thread1] INFO  segmented.SegmentedRaftLogWorker (SegmentedRaftLogWorker.java:<init>(184)) - new s2@group-013C6D6F97E1-SegmentedRaftLogWorker for RaftStorageImpl:Storage Directory /home/runner/work/ratis/ratis/ratis-test/target/test/data/55e59b61/MiniRaftClusterWithGrpc1ccee48a/s2/cc7e9b62-8912-4ab2-aa78-013c6d6f97e1
2023-01-06 13:31:08,834 [s2-impl-thread1] INFO  server.RaftServerConfigKeys (ConfUtils.java:logGet(46)) - raft.server.log.queue.byte-limit = 64MB (=67108864) (default)
2023-01-06 13:31:08,834 [s2-impl-thread1] INFO  server.RaftServerConfigKeys (ConfUtils.java:logGet(46)) - raft.server.log.queue.element-limit = 4096 (default)
2023-01-06 13:31:08,834 [s2-impl-thread1] INFO  server.RaftServerConfigKeys (ConfUtils.java:logGet(46)) - raft.server.log.segment.size.max = 8MB (=8388608) (default)
2023-01-06 13:31:08,834 [s2-impl-thread1] INFO  server.RaftServerConfigKeys (ConfUtils.java:logGet(46)) - raft.server.log.preallocated.size = 4MB (=4194304) (default)
2023-01-06 13:31:08,835 [s2-impl-thread1] INFO  server.RaftServerConfigKeys (ConfUtils.java:logGet(46)) - raft.server.log.force.sync.num = 128 (default)
2023-01-06 13:31:08,836 [s2-impl-thread1] INFO  server.RaftServerConfigKeys (ConfUtils.java:logGet(46)) - raft.server.log.statemachine.data.sync = true (default)
2023-01-06 13:31:08,836 [s2-impl-thread1] INFO  server.RaftServerConfigKeys (ConfUtils.java:logGet(46)) - raft.server.log.statemachine.data.sync.timeout = 10s (default)
2023-01-06 13:31:08,836 [s2-impl-thread1] INFO  server.RaftServerConfigKeys (ConfUtils.java:logGet(46)) - raft.server.log.statemachine.data.sync.timeout.retry = -1 (default)
2023-01-06 13:31:08,836 [s2-impl-thread1] INFO  server.RaftServerConfigKeys (ConfUtils.java:logGet(46)) - raft.server.log.write.buffer.size = 64KB (=65536) (default)
2023-01-06 13:31:08,836 [s2-impl-thread1] INFO  server.RaftServerConfigKeys (ConfUtils.java:logGet(46)) - raft.server.log.appender.buffer.byte-limit = 4MB (=4194304) (default)
2023-01-06 13:31:08,838 [s2-impl-thread1] INFO  server.RaftServerConfigKeys (ConfUtils.java:logGet(46)) - raft.server.log.unsafe-flush.enabled = false (default)
2023-01-06 13:31:08,838 [s2-impl-thread1] INFO  server.RaftServerConfigKeys (ConfUtils.java:logGet(46)) - raft.server.log.async-flush.enabled = false (default)
2023-01-06 13:31:08,838 [s2-impl-thread1] INFO  server.RaftServerConfigKeys (ConfUtils.java:logGet(46)) - raft.server.log.statemachine.data.caching.enabled = false (default)
2023-01-06 13:31:08,839 [s2-impl-thread1] INFO  segmented.SegmentedRaftLogWorker (SegmentedRaftLogWorker.java:lambda$new$0(134)) - s2@group-013C6D6F97E1-SegmentedRaftLogWorker: flushIndex: setUnconditionally 0 -> -1
2023-01-06 13:31:08,839 [s2-impl-thread1] INFO  segmented.SegmentedRaftLogWorker (SegmentedRaftLogWorker.java:lambda$new$0(134)) - s2@group-013C6D6F97E1-SegmentedRaftLogWorker: safeCacheEvictIndex: setUnconditionally 0 -> -1
2023-01-06 13:31:08,842 [s2-impl-thread1] INFO  server.RaftServer$Division (RaftServerImpl.java:start(338)) - s2@group-013C6D6F97E1: start as a follower, conf=-1: peers:[s0|rpc:localhost:38239|admin:localhost:40631|client:localhost:39857|dataStream:localhost:43249|priority:0|startupRole:FOLLOWER, s1|rpc:localhost:33451|admin:localhost:44731|client:localhost:43037|dataStream:localhost:43147|priority:0|startupRole:FOLLOWER, s2|rpc:localhost:38795|admin:localhost:34435|client:localhost:45091|dataStream:localhost:44871|priority:0|startupRole:FOLLOWER]|listeners:[], old=null
2023-01-06 13:31:08,843 [s2-impl-thread1] INFO  server.RaftServer$Division (RaftServerImpl.java:setRole(325)) - s2@group-013C6D6F97E1: changes role from      null to FOLLOWER at term 0 for startAsFollower
2023-01-06 13:31:08,843 [s2-impl-thread1] INFO  impl.RoleInfo (RoleInfo.java:updateAndGet(139)) - s2: start s2@group-013C6D6F97E1-FollowerState
2023-01-06 13:31:08,843 [s2-impl-thread1] INFO  util.JmxRegister (JmxRegister.java:tryRegister(44)) - Successfully registered JMX Bean with object name Ratis:service=RaftServer,group=group-013C6D6F97E1,id=s2
2023-01-06 13:31:08,844 [s2-impl-thread1] INFO  server.RaftServerConfigKeys (ConfUtils.java:logGet(46)) - raft.server.snapshot.auto.trigger.enabled = false (default)
2023-01-06 13:31:08,844 [s2-impl-thread1] INFO  server.RaftServerConfigKeys (ConfUtils.java:logGet(46)) - raft.server.snapshot.retention.file.num = -1 (default)
2023-01-06 13:31:08,844 [s2-impl-thread1] INFO  server.RaftServerConfigKeys (ConfUtils.java:logGet(46)) - raft.server.log.purge.upto.snapshot.index = false (default)
2023-01-06 13:31:08,848 [s2@group-013C6D6F97E1-FollowerState] INFO  server.RaftServerConfigKeys (ConfUtils.java:logFallback(53)) - raft.server.rpc.first-election.timeout.min = 150ms (fallback to raft.server.rpc.timeout.min)
2023-01-06 13:31:08,851 [s2@group-013C6D6F97E1-FollowerState] INFO  server.RaftServerConfigKeys (ConfUtils.java:logFallback(53)) - raft.server.rpc.first-election.timeout.max = 300ms (fallback to raft.server.rpc.timeout.max)
2023-01-06 13:31:08,851 [Time-limited test] INFO  server.RaftServer (RaftServerProxy.java:startImpl(396)) - s2: start RPC server
2023-01-06 13:31:08,856 [Time-limited test] INFO  server.GrpcService (GrpcService.java:startImpl(302)) - s2: GrpcService started, listening on 45091
2023-01-06 13:31:08,857 [Time-limited test] INFO  server.GrpcService (GrpcService.java:startImpl(302)) - s2: GrpcService started, listening on 38795
2023-01-06 13:31:08,858 [Time-limited test] INFO  server.GrpcService (GrpcService.java:startImpl(302)) - s2: GrpcService started, listening on 34435
2023-01-06 13:31:08,861 [JvmPauseMonitor2] INFO  util.JvmPauseMonitor (JvmPauseMonitor.java:run(105)) - JvmPauseMonitor-s2: Started
2023-01-06 13:31:08,863 [Time-limited test] INFO  server.RaftServerConfigKeys (ConfUtils.java:logGet(46)) - raft.server.rpc.timeout.max = 300ms (default)
2023-01-06 13:31:08,865 [Time-limited test] INFO  ratis.RaftTestUtil (RaftTestUtil.java:waitForLeader(100)) - printing ALL groups
  s0:  RUNNING  FOLLOWER s0@group-013C6D6F97E1:t0, leader=null, voted=, raftlog=Memoized:s0@group-013C6D6F97E1-SegmentedRaftLog:OPENED:c-1, conf=-1: peers:[s0|rpc:localhost:38239|admin:localhost:40631|client:localhost:39857|dataStream:localhost:43249|priority:0|startupRole:FOLLOWER, s1|rpc:localhost:33451|admin:localhost:44731|client:localhost:43037|dataStream:localhost:43147|priority:0|startupRole:FOLLOWER, s2|rpc:localhost:38795|admin:localhost:34435|client:localhost:45091|dataStream:localhost:44871|priority:0|startupRole:FOLLOWER]|listeners:[], old=null RUNNING
  s1:  RUNNING  FOLLOWER s1@group-013C6D6F97E1:t0, leader=null, voted=, raftlog=Memoized:s1@group-013C6D6F97E1-SegmentedRaftLog:OPENED:c-1, conf=-1: peers:[s0|rpc:localhost:38239|admin:localhost:40631|client:localhost:39857|dataStream:localhost:43249|priority:0|startupRole:FOLLOWER, s1|rpc:localhost:33451|admin:localhost:44731|client:localhost:43037|dataStream:localhost:43147|priority:0|startupRole:FOLLOWER, s2|rpc:localhost:38795|admin:localhost:34435|client:localhost:45091|dataStream:localhost:44871|priority:0|startupRole:FOLLOWER]|listeners:[], old=null RUNNING
  s2:  RUNNING  FOLLOWER s2@group-013C6D6F97E1:t0, leader=null, voted=, raftlog=Memoized:s2@group-013C6D6F97E1-SegmentedRaftLog:OPENED:c-1, conf=-1: peers:[s0|rpc:localhost:38239|admin:localhost:40631|client:localhost:39857|dataStream:localhost:43249|priority:0|startupRole:FOLLOWER, s1|rpc:localhost:33451|admin:localhost:44731|client:localhost:43037|dataStream:localhost:43147|priority:0|startupRole:FOLLOWER, s2|rpc:localhost:38795|admin:localhost:34435|client:localhost:45091|dataStream:localhost:44871|priority:0|startupRole:FOLLOWER]|listeners:[], old=null RUNNING
2023-01-06 13:31:08,868 [Time-limited test] WARN  ratis.RaftTestUtil (JavaUtils.java:attempt(217)) - FAILED "waitForLeader-null-(expectLeader? true)", attempt #1/100: java.lang.IllegalStateException: No leader yet : printing ALL groups
  s0:  RUNNING  FOLLOWER s0@group-013C6D6F97E1:t0, leader=null, voted=, raftlog=Memoized:s0@group-013C6D6F97E1-SegmentedRaftLog:OPENED:c-1, conf=-1: peers:[s0|rpc:localhost:38239|admin:localhost:40631|client:localhost:39857|dataStream:localhost:43249|priority:0|startupRole:FOLLOWER, s1|rpc:localhost:33451|admin:localhost:44731|client:localhost:43037|dataStream:localhost:43147|priority:0|startupRole:FOLLOWER, s2|rpc:localhost:38795|admin:localhost:34435|client:localhost:45091|dataStream:localhost:44871|priority:0|startupRole:FOLLOWER]|listeners:[], old=null RUNNING
  s1:  RUNNING  FOLLOWER s1@group-013C6D6F97E1:t0, leader=null, voted=, raftlog=Memoized:s1@group-013C6D6F97E1-SegmentedRaftLog:OPENED:c-1, conf=-1: peers:[s0|rpc:localhost:38239|admin:localhost:40631|client:localhost:39857|dataStream:localhost:43249|priority:0|startupRole:FOLLOWER, s1|rpc:localhost:33451|admin:localhost:44731|client:localhost:43037|dataStream:localhost:43147|priority:0|startupRole:FOLLOWER, s2|rpc:localhost:38795|admin:localhost:34435|client:localhost:45091|dataStream:localhost:44871|priority:0|startupRole:FOLLOWER]|listeners:[], old=null RUNNING
  s2:  RUNNING  FOLLOWER s2@group-013C6D6F97E1:t0, leader=null, voted=, raftlog=Memoized:s2@group-013C6D6F97E1-SegmentedRaftLog:OPENED:c-1, conf=-1: peers:[s0|rpc:localhost:38239|admin:localhost:40631|client:localhost:39857|dataStream:localhost:43249|priority:0|startupRole:FOLLOWER, s1|rpc:localhost:33451|admin:localhost:44731|client:localhost:43037|dataStream:localhost:43147|priority:0|startupRole:FOLLOWER, s2|rpc:localhost:38795|admin:localhost:34435|client:localhost:45091|dataStream:localhost:44871|priority:0|startupRole:FOLLOWER]|listeners:[], old=null RUNNING, sleep 450ms and then retry.
java.lang.IllegalStateException: No leader yet : printing ALL groups
  s0:  RUNNING  FOLLOWER s0@group-013C6D6F97E1:t0, leader=null, voted=, raftlog=Memoized:s0@group-013C6D6F97E1-SegmentedRaftLog:OPENED:c-1, conf=-1: peers:[s0|rpc:localhost:38239|admin:localhost:40631|client:localhost:39857|dataStream:localhost:43249|priority:0|startupRole:FOLLOWER, s1|rpc:localhost:33451|admin:localhost:44731|client:localhost:43037|dataStream:localhost:43147|priority:0|startupRole:FOLLOWER, s2|rpc:localhost:38795|admin:localhost:34435|client:localhost:45091|dataStream:localhost:44871|priority:0|startupRole:FOLLOWER]|listeners:[], old=null RUNNING
  s1:  RUNNING  FOLLOWER s1@group-013C6D6F97E1:t0, leader=null, voted=, raftlog=Memoized:s1@group-013C6D6F97E1-SegmentedRaftLog:OPENED:c-1, conf=-1: peers:[s0|rpc:localhost:38239|admin:localhost:40631|client:localhost:39857|dataStream:localhost:43249|priority:0|startupRole:FOLLOWER, s1|rpc:localhost:33451|admin:localhost:44731|client:localhost:43037|dataStream:localhost:43147|priority:0|startupRole:FOLLOWER, s2|rpc:localhost:38795|admin:localhost:34435|client:localhost:45091|dataStream:localhost:44871|priority:0|startupRole:FOLLOWER]|listeners:[], old=null RUNNING
  s2:  RUNNING  FOLLOWER s2@group-013C6D6F97E1:t0, leader=null, voted=, raftlog=Memoized:s2@group-013C6D6F97E1-SegmentedRaftLog:OPENED:c-1, conf=-1: peers:[s0|rpc:localhost:38239|admin:localhost:40631|client:localhost:39857|dataStream:localhost:43249|priority:0|startupRole:FOLLOWER, s1|rpc:localhost:33451|admin:localhost:44731|client:localhost:43037|dataStream:localhost:43147|priority:0|startupRole:FOLLOWER, s2|rpc:localhost:38795|admin:localhost:34435|client:localhost:45091|dataStream:localhost:44871|priority:0|startupRole:FOLLOWER]|listeners:[], old=null RUNNING
	at org.apache.ratis.server.impl.MiniRaftCluster.newIllegalStateExceptionForNoLeaders(MiniRaftCluster.java:581)
	at org.apache.ratis.RaftTestUtil.lambda$waitForLeader$1(RaftTestUtil.java:104)
	at org.apache.ratis.server.impl.MiniRaftCluster.getLeader(MiniRaftCluster.java:615)
	at org.apache.ratis.server.impl.MiniRaftCluster.getLeader(MiniRaftCluster.java:608)
	at org.apache.ratis.RaftTestUtil.lambda$waitForLeader$3(RaftTestUtil.java:112)
	at org.apache.ratis.util.JavaUtils.attempt(JavaUtils.java:211)
	at org.apache.ratis.util.JavaUtils.attemptRepeatedly(JavaUtils.java:197)
	at org.apache.ratis.RaftTestUtil.waitForLeader(RaftTestUtil.java:111)
	at org.apache.ratis.RaftTestUtil.waitForLeader(RaftTestUtil.java:92)
	at org.apache.ratis.RaftTestUtil.waitForLeader(RaftTestUtil.java:87)
	at org.apache.ratis.grpc.TestRaftServerWithGrpc.testRaftClientRequestMetrics(TestRaftServerWithGrpc.java:308)
	at org.apache.ratis.server.impl.MiniRaftCluster$Factory$Get.runWithNewCluster(MiniRaftCluster.java:141)
	at org.apache.ratis.server.impl.MiniRaftCluster$Factory$Get.runWithNewCluster(MiniRaftCluster.java:121)
	at org.apache.ratis.grpc.TestRaftServerWithGrpc.testRaftClientMetrics(TestRaftServerWithGrpc.java:219)
	at java.base/jdk.internal.reflect.NativeMethodAccessorImpl.invoke0(Native Method)
	at java.base/jdk.internal.reflect.NativeMethodAccessorImpl.invoke(NativeMethodAccessorImpl.java:62)
	at java.base/jdk.internal.reflect.DelegatingMethodAccessorImpl.invoke(DelegatingMethodAccessorImpl.java:43)
	at java.base/java.lang.reflect.Method.invoke(Method.java:566)
	at org.junit.runners.model.FrameworkMethod$1.runReflectiveCall(FrameworkMethod.java:59)
	at org.junit.internal.runners.model.ReflectiveCallable.run(ReflectiveCallable.java:12)
	at org.junit.runners.model.FrameworkMethod.invokeExplosively(FrameworkMethod.java:56)
	at org.junit.internal.runners.statements.InvokeMethod.evaluate(InvokeMethod.java:17)
	at org.junit.internal.runners.statements.RunBefores.evaluate(RunBefores.java:26)
	at org.junit.internal.runners.statements.RunAfters.evaluate(RunAfters.java:27)
	at org.junit.internal.runners.statements.FailOnTimeout$CallableStatement.call(FailOnTimeout.java:299)
	at org.junit.internal.runners.statements.FailOnTimeout$CallableStatement.call(FailOnTimeout.java:293)
	at java.base/java.util.concurrent.FutureTask.run(FutureTask.java:264)
	at java.base/java.lang.Thread.run(Thread.java:829)
2023-01-06 13:31:08,938 [s0@group-013C6D6F97E1-FollowerState] INFO  impl.FollowerState (FollowerState.java:run(143)) - s0@group-013C6D6F97E1-FollowerState: change to CANDIDATE, lastRpcElapsedTime:237925763ns, electionTimeout:225ms
2023-01-06 13:31:08,939 [s0@group-013C6D6F97E1-FollowerState] INFO  impl.RoleInfo (RoleInfo.java:shutdownFollowerState(110)) - s0: shutdown s0@group-013C6D6F97E1-FollowerState
2023-01-06 13:31:08,939 [s0@group-013C6D6F97E1-FollowerState] INFO  server.RaftServer$Division (RaftServerImpl.java:setRole(325)) - s0@group-013C6D6F97E1: changes role from  FOLLOWER to CANDIDATE at term 0 for changeToCandidate
2023-01-06 13:31:08,944 [s0@group-013C6D6F97E1-FollowerState] INFO  server.RaftServerConfigKeys (ConfUtils.java:logGet(46)) - raft.server.leaderelection.pre-vote = true (default)
2023-01-06 13:31:08,944 [s0@group-013C6D6F97E1-FollowerState] INFO  impl.RoleInfo (RoleInfo.java:updateAndGet(139)) - s0: start s0@group-013C6D6F97E1-LeaderElection1
2023-01-06 13:31:08,950 [s0@group-013C6D6F97E1-LeaderElection1] INFO  impl.LeaderElection (LeaderElection.java:askForVotes(309)) - s0@group-013C6D6F97E1-LeaderElection1 PRE_VOTE round 0: submit vote requests at term 0 for -1: peers:[s0|rpc:localhost:38239|admin:localhost:40631|client:localhost:39857|dataStream:localhost:43249|priority:0|startupRole:FOLLOWER, s1|rpc:localhost:33451|admin:localhost:44731|client:localhost:43037|dataStream:localhost:43147|priority:0|startupRole:FOLLOWER, s2|rpc:localhost:38795|admin:localhost:34435|client:localhost:45091|dataStream:localhost:44871|priority:0|startupRole:FOLLOWER]|listeners:[], old=null
2023-01-06 13:31:08,967 [s0@group-013C6D6F97E1-LeaderElection1] INFO  server.RaftServerConfigKeys (ConfUtils.java:logFallback(53)) - raft.server.rpc.first-election.timeout.min = 150ms (fallback to raft.server.rpc.timeout.min)
2023-01-06 13:31:08,967 [s0@group-013C6D6F97E1-LeaderElection1] INFO  server.RaftServerConfigKeys (ConfUtils.java:logFallback(53)) - raft.server.rpc.first-election.timeout.max = 300ms (fallback to raft.server.rpc.timeout.max)
2023-01-06 13:31:08,969 [s0@group-013C6D6F97E1-LeaderElection1-1] INFO  server.GrpcServerProtocolClient (GrpcServerProtocolClient.java:<init>(63)) - Build channel for s1
2023-01-06 13:31:08,969 [s0@group-013C6D6F97E1-LeaderElection1-2] INFO  server.GrpcServerProtocolClient (GrpcServerProtocolClient.java:<init>(63)) - Build channel for s2
2023-01-06 13:31:09,031 [s2@group-013C6D6F97E1-FollowerState] INFO  impl.FollowerState (FollowerState.java:run(143)) - s2@group-013C6D6F97E1-FollowerState: change to CANDIDATE, lastRpcElapsedTime:188280379ns, electionTimeout:180ms
2023-01-06 13:31:09,032 [s2@group-013C6D6F97E1-FollowerState] INFO  impl.RoleInfo (RoleInfo.java:shutdownFollowerState(110)) - s2: shutdown s2@group-013C6D6F97E1-FollowerState
2023-01-06 13:31:09,032 [s2@group-013C6D6F97E1-FollowerState] INFO  server.RaftServer$Division (RaftServerImpl.java:setRole(325)) - s2@group-013C6D6F97E1: changes role from  FOLLOWER to CANDIDATE at term 0 for changeToCandidate
2023-01-06 13:31:09,032 [s2@group-013C6D6F97E1-FollowerState] INFO  server.RaftServerConfigKeys (ConfUtils.java:logGet(46)) - raft.server.leaderelection.pre-vote = true (default)
2023-01-06 13:31:09,033 [s2@group-013C6D6F97E1-FollowerState] INFO  impl.RoleInfo (RoleInfo.java:updateAndGet(139)) - s2: start s2@group-013C6D6F97E1-LeaderElection2
2023-01-06 13:31:09,045 [s2@group-013C6D6F97E1-LeaderElection2] INFO  impl.LeaderElection (LeaderElection.java:askForVotes(309)) - s2@group-013C6D6F97E1-LeaderElection2 PRE_VOTE round 0: submit vote requests at term 0 for -1: peers:[s0|rpc:localhost:38239|admin:localhost:40631|client:localhost:39857|dataStream:localhost:43249|priority:0|startupRole:FOLLOWER, s1|rpc:localhost:33451|admin:localhost:44731|client:localhost:43037|dataStream:localhost:43147|priority:0|startupRole:FOLLOWER, s2|rpc:localhost:38795|admin:localhost:34435|client:localhost:45091|dataStream:localhost:44871|priority:0|startupRole:FOLLOWER]|listeners:[], old=null
2023-01-06 13:31:09,050 [s2@group-013C6D6F97E1-LeaderElection2-1] INFO  server.GrpcServerProtocolClient (GrpcServerProtocolClient.java:<init>(63)) - Build channel for s0
2023-01-06 13:31:09,054 [s2@group-013C6D6F97E1-LeaderElection2] INFO  server.RaftServerConfigKeys (ConfUtils.java:logFallback(53)) - raft.server.rpc.first-election.timeout.min = 150ms (fallback to raft.server.rpc.timeout.min)
2023-01-06 13:31:09,056 [s1@group-013C6D6F97E1-FollowerState] INFO  impl.FollowerState (FollowerState.java:run(143)) - s1@group-013C6D6F97E1-FollowerState: change to CANDIDATE, lastRpcElapsedTime:254490159ns, electionTimeout:233ms
2023-01-06 13:31:09,067 [s1@group-013C6D6F97E1-FollowerState] INFO  impl.RoleInfo (RoleInfo.java:shutdownFollowerState(110)) - s1: shutdown s1@group-013C6D6F97E1-FollowerState
2023-01-06 13:31:09,067 [s1@group-013C6D6F97E1-FollowerState] INFO  server.RaftServer$Division (RaftServerImpl.java:setRole(325)) - s1@group-013C6D6F97E1: changes role from  FOLLOWER to CANDIDATE at term 0 for changeToCandidate
2023-01-06 13:31:09,054 [s2@group-013C6D6F97E1-LeaderElection2-2] INFO  server.GrpcServerProtocolClient (GrpcServerProtocolClient.java:<init>(63)) - Build channel for s1
2023-01-06 13:31:09,070 [s1@group-013C6D6F97E1-FollowerState] INFO  server.RaftServerConfigKeys (ConfUtils.java:logGet(46)) - raft.server.leaderelection.pre-vote = true (default)
2023-01-06 13:31:09,070 [s1@group-013C6D6F97E1-FollowerState] INFO  impl.RoleInfo (RoleInfo.java:updateAndGet(139)) - s1: start s1@group-013C6D6F97E1-LeaderElection3
2023-01-06 13:31:09,071 [s2@group-013C6D6F97E1-LeaderElection2] INFO  server.RaftServerConfigKeys (ConfUtils.java:logFallback(53)) - raft.server.rpc.first-election.timeout.max = 300ms (fallback to raft.server.rpc.timeout.max)
2023-01-06 13:31:09,095 [s1@group-013C6D6F97E1-LeaderElection3] INFO  impl.LeaderElection (LeaderElection.java:askForVotes(309)) - s1@group-013C6D6F97E1-LeaderElection3 PRE_VOTE round 0: submit vote requests at term 0 for -1: peers:[s0|rpc:localhost:38239|admin:localhost:40631|client:localhost:39857|dataStream:localhost:43249|priority:0|startupRole:FOLLOWER, s1|rpc:localhost:33451|admin:localhost:44731|client:localhost:43037|dataStream:localhost:43147|priority:0|startupRole:FOLLOWER, s2|rpc:localhost:38795|admin:localhost:34435|client:localhost:45091|dataStream:localhost:44871|priority:0|startupRole:FOLLOWER]|listeners:[], old=null
2023-01-06 13:31:09,096 [s1@group-013C6D6F97E1-LeaderElection3-1] INFO  server.GrpcServerProtocolClient (GrpcServerProtocolClient.java:<init>(63)) - Build channel for s0
2023-01-06 13:31:09,097 [s1@group-013C6D6F97E1-LeaderElection3] INFO  server.RaftServerConfigKeys (ConfUtils.java:logFallback(53)) - raft.server.rpc.first-election.timeout.min = 150ms (fallback to raft.server.rpc.timeout.min)
2023-01-06 13:31:09,106 [s1@group-013C6D6F97E1-LeaderElection3] INFO  server.RaftServerConfigKeys (ConfUtils.java:logFallback(53)) - raft.server.rpc.first-election.timeout.max = 300ms (fallback to raft.server.rpc.timeout.max)
2023-01-06 13:31:09,098 [s1@group-013C6D6F97E1-LeaderElection3-2] INFO  server.GrpcServerProtocolClient (GrpcServerProtocolClient.java:<init>(63)) - Build channel for s2
2023-01-06 13:31:09,164 [s0@group-013C6D6F97E1-LeaderElection1] INFO  impl.LeaderElection (LeaderElection.java:logAndReturn(89)) - s0@group-013C6D6F97E1-LeaderElection1: PRE_VOTE TIMEOUT received 0 response(s) and 0 exception(s):
2023-01-06 13:31:09,164 [s0@group-013C6D6F97E1-LeaderElection1] INFO  impl.LeaderElection (LeaderElection.java:askForVotes(311)) - s0@group-013C6D6F97E1-LeaderElection1 PRE_VOTE round 0: result TIMEOUT
2023-01-06 13:31:09,165 [s0@group-013C6D6F97E1-LeaderElection1] INFO  impl.LeaderElection (LeaderElection.java:askForVotes(309)) - s0@group-013C6D6F97E1-LeaderElection1 PRE_VOTE round 1: submit vote requests at term 0 for -1: peers:[s0|rpc:localhost:38239|admin:localhost:40631|client:localhost:39857|dataStream:localhost:43249|priority:0|startupRole:FOLLOWER, s1|rpc:localhost:33451|admin:localhost:44731|client:localhost:43037|dataStream:localhost:43147|priority:0|startupRole:FOLLOWER, s2|rpc:localhost:38795|admin:localhost:34435|client:localhost:45091|dataStream:localhost:44871|priority:0|startupRole:FOLLOWER]|listeners:[], old=null
2023-01-06 13:31:09,167 [s0@group-013C6D6F97E1-LeaderElection1] INFO  server.RaftServerConfigKeys (ConfUtils.java:logFallback(53)) - raft.server.rpc.first-election.timeout.min = 150ms (fallback to raft.server.rpc.timeout.min)
2023-01-06 13:31:09,167 [s0@group-013C6D6F97E1-LeaderElection1] INFO  server.RaftServerConfigKeys (ConfUtils.java:logFallback(53)) - raft.server.rpc.first-election.timeout.max = 300ms (fallback to raft.server.rpc.timeout.max)
2023-01-06 13:31:09,208 [s2@group-013C6D6F97E1-LeaderElection2] INFO  impl.LeaderElection (LeaderElection.java:logAndReturn(89)) - s2@group-013C6D6F97E1-LeaderElection2: PRE_VOTE TIMEOUT received 0 response(s) and 0 exception(s):
2023-01-06 13:31:09,208 [s2@group-013C6D6F97E1-LeaderElection2] INFO  impl.LeaderElection (LeaderElection.java:askForVotes(311)) - s2@group-013C6D6F97E1-LeaderElection2 PRE_VOTE round 0: result TIMEOUT
2023-01-06 13:31:09,208 [s2@group-013C6D6F97E1-LeaderElection2] INFO  impl.LeaderElection (LeaderElection.java:askForVotes(309)) - s2@group-013C6D6F97E1-LeaderElection2 PRE_VOTE round 1: submit vote requests at term 0 for -1: peers:[s0|rpc:localhost:38239|admin:localhost:40631|client:localhost:39857|dataStream:localhost:43249|priority:0|startupRole:FOLLOWER, s1|rpc:localhost:33451|admin:localhost:44731|client:localhost:43037|dataStream:localhost:43147|priority:0|startupRole:FOLLOWER, s2|rpc:localhost:38795|admin:localhost:34435|client:localhost:45091|dataStream:localhost:44871|priority:0|startupRole:FOLLOWER]|listeners:[], old=null
2023-01-06 13:31:09,218 [s2@group-013C6D6F97E1-LeaderElection2] INFO  server.RaftServerConfigKeys (ConfUtils.java:logFallback(53)) - raft.server.rpc.first-election.timeout.min = 150ms (fallback to raft.server.rpc.timeout.min)
2023-01-06 13:31:09,219 [s2@group-013C6D6F97E1-LeaderElection2] INFO  server.RaftServerConfigKeys (ConfUtils.java:logFallback(53)) - raft.server.rpc.first-election.timeout.max = 300ms (fallback to raft.server.rpc.timeout.max)
2023-01-06 13:31:09,322 [Time-limited test] WARN  ratis.RaftTestUtil (JavaUtils.java:attempt(217)) - FAILED "waitForLeader-null-(expectLeader? true)", attempt #2/100: java.lang.IllegalStateException: No leader yet : printing ALL groups
  s0:  RUNNING CANDIDATE s0@group-013C6D6F97E1:t0, leader=null, voted=, raftlog=Memoized:s0@group-013C6D6F97E1-SegmentedRaftLog:OPENED:c-1, conf=-1: peers:[s0|rpc:localhost:38239|admin:localhost:40631|client:localhost:39857|dataStream:localhost:43249|priority:0|startupRole:FOLLOWER, s1|rpc:localhost:33451|admin:localhost:44731|client:localhost:43037|dataStream:localhost:43147|priority:0|startupRole:FOLLOWER, s2|rpc:localhost:38795|admin:localhost:34435|client:localhost:45091|dataStream:localhost:44871|priority:0|startupRole:FOLLOWER]|listeners:[], old=null RUNNING
  s1:  RUNNING CANDIDATE s1@group-013C6D6F97E1:t0, leader=null, voted=, raftlog=Memoized:s1@group-013C6D6F97E1-SegmentedRaftLog:OPENED:c-1, conf=-1: peers:[s0|rpc:localhost:38239|admin:localhost:40631|client:localhost:39857|dataStream:localhost:43249|priority:0|startupRole:FOLLOWER, s1|rpc:localhost:33451|admin:localhost:44731|client:localhost:43037|dataStream:localhost:43147|priority:0|startupRole:FOLLOWER, s2|rpc:localhost:38795|admin:localhost:34435|client:localhost:45091|dataStream:localhost:44871|priority:0|startupRole:FOLLOWER]|listeners:[], old=null RUNNING
  s2:  RUNNING CANDIDATE s2@group-013C6D6F97E1:t0, leader=null, voted=, raftlog=Memoized:s2@group-013C6D6F97E1-SegmentedRaftLog:OPENED:c-1, conf=-1: peers:[s0|rpc:localhost:38239|admin:localhost:40631|client:localhost:39857|dataStream:localhost:43249|priority:0|startupRole:FOLLOWER, s1|rpc:localhost:33451|admin:localhost:44731|client:localhost:43037|dataStream:localhost:43147|priority:0|startupRole:FOLLOWER, s2|rpc:localhost:38795|admin:localhost:34435|client:localhost:45091|dataStream:localhost:44871|priority:0|startupRole:FOLLOWER]|listeners:[], old=null RUNNING, sleep 450ms and then retry.
java.lang.IllegalStateException: No leader yet : printing ALL groups
  s0:  RUNNING CANDIDATE s0@group-013C6D6F97E1:t0, leader=null, voted=, raftlog=Memoized:s0@group-013C6D6F97E1-SegmentedRaftLog:OPENED:c-1, conf=-1: peers:[s0|rpc:localhost:38239|admin:localhost:40631|client:localhost:39857|dataStream:localhost:43249|priority:0|startupRole:FOLLOWER, s1|rpc:localhost:33451|admin:localhost:44731|client:localhost:43037|dataStream:localhost:43147|priority:0|startupRole:FOLLOWER, s2|rpc:localhost:38795|admin:localhost:34435|client:localhost:45091|dataStream:localhost:44871|priority:0|startupRole:FOLLOWER]|listeners:[], old=null RUNNING
  s1:  RUNNING CANDIDATE s1@group-013C6D6F97E1:t0, leader=null, voted=, raftlog=Memoized:s1@group-013C6D6F97E1-SegmentedRaftLog:OPENED:c-1, conf=-1: peers:[s0|rpc:localhost:38239|admin:localhost:40631|client:localhost:39857|dataStream:localhost:43249|priority:0|startupRole:FOLLOWER, s1|rpc:localhost:33451|admin:localhost:44731|client:localhost:43037|dataStream:localhost:43147|priority:0|startupRole:FOLLOWER, s2|rpc:localhost:38795|admin:localhost:34435|client:localhost:45091|dataStream:localhost:44871|priority:0|startupRole:FOLLOWER]|listeners:[], old=null RUNNING
  s2:  RUNNING CANDIDATE s2@group-013C6D6F97E1:t0, leader=null, voted=, raftlog=Memoized:s2@group-013C6D6F97E1-SegmentedRaftLog:OPENED:c-1, conf=-1: peers:[s0|rpc:localhost:38239|admin:localhost:40631|client:localhost:39857|dataStream:localhost:43249|priority:0|startupRole:FOLLOWER, s1|rpc:localhost:33451|admin:localhost:44731|client:localhost:43037|dataStream:localhost:43147|priority:0|startupRole:FOLLOWER, s2|rpc:localhost:38795|admin:localhost:34435|client:localhost:45091|dataStream:localhost:44871|priority:0|startupRole:FOLLOWER]|listeners:[], old=null RUNNING
	at org.apache.ratis.server.impl.MiniRaftCluster.newIllegalStateExceptionForNoLeaders(MiniRaftCluster.java:581)
	at org.apache.ratis.RaftTestUtil.lambda$waitForLeader$1(RaftTestUtil.java:104)
	at org.apache.ratis.server.impl.MiniRaftCluster.getLeader(MiniRaftCluster.java:615)
	at org.apache.ratis.server.impl.MiniRaftCluster.getLeader(MiniRaftCluster.java:608)
	at org.apache.ratis.RaftTestUtil.lambda$waitForLeader$3(RaftTestUtil.java:112)
	at org.apache.ratis.util.JavaUtils.attempt(JavaUtils.java:211)
	at org.apache.ratis.util.JavaUtils.attemptRepeatedly(JavaUtils.java:197)
	at org.apache.ratis.RaftTestUtil.waitForLeader(RaftTestUtil.java:111)
	at org.apache.ratis.RaftTestUtil.waitForLeader(RaftTestUtil.java:92)
	at org.apache.ratis.RaftTestUtil.waitForLeader(RaftTestUtil.java:87)
	at org.apache.ratis.grpc.TestRaftServerWithGrpc.testRaftClientRequestMetrics(TestRaftServerWithGrpc.java:308)
	at org.apache.ratis.server.impl.MiniRaftCluster$Factory$Get.runWithNewCluster(MiniRaftCluster.java:141)
	at org.apache.ratis.server.impl.MiniRaftCluster$Factory$Get.runWithNewCluster(MiniRaftCluster.java:121)
	at org.apache.ratis.grpc.TestRaftServerWithGrpc.testRaftClientMetrics(TestRaftServerWithGrpc.java:219)
	at java.base/jdk.internal.reflect.NativeMethodAccessorImpl.invoke0(Native Method)
	at java.base/jdk.internal.reflect.NativeMethodAccessorImpl.invoke(NativeMethodAccessorImpl.java:62)
	at java.base/jdk.internal.reflect.DelegatingMethodAccessorImpl.invoke(DelegatingMethodAccessorImpl.java:43)
	at java.base/java.lang.reflect.Method.invoke(Method.java:566)
	at org.junit.runners.model.FrameworkMethod$1.runReflectiveCall(FrameworkMethod.java:59)
	at org.junit.internal.runners.model.ReflectiveCallable.run(ReflectiveCallable.java:12)
	at org.junit.runners.model.FrameworkMethod.invokeExplosively(FrameworkMethod.java:56)
	at org.junit.internal.runners.statements.InvokeMethod.evaluate(InvokeMethod.java:17)
	at org.junit.internal.runners.statements.RunBefores.evaluate(RunBefores.java:26)
	at org.junit.internal.runners.statements.RunAfters.evaluate(RunAfters.java:27)
	at org.junit.internal.runners.statements.FailOnTimeout$CallableStatement.call(FailOnTimeout.java:299)
	at org.junit.internal.runners.statements.FailOnTimeout$CallableStatement.call(FailOnTimeout.java:293)
	at java.base/java.util.concurrent.FutureTask.run(FutureTask.java:264)
	at java.base/java.lang.Thread.run(Thread.java:829)
2023-01-06 13:31:09,324 [s1@group-013C6D6F97E1-LeaderElection3] INFO  impl.LeaderElection (LeaderElection.java:logAndReturn(89)) - s1@group-013C6D6F97E1-LeaderElection3: PRE_VOTE TIMEOUT received 0 response(s) and 0 exception(s):
2023-01-06 13:31:09,324 [s1@group-013C6D6F97E1-LeaderElection3] INFO  impl.LeaderElection (LeaderElection.java:askForVotes(311)) - s1@group-013C6D6F97E1-LeaderElection3 PRE_VOTE round 0: result TIMEOUT
2023-01-06 13:31:09,324 [s1@group-013C6D6F97E1-LeaderElection3] INFO  impl.LeaderElection (LeaderElection.java:askForVotes(309)) - s1@group-013C6D6F97E1-LeaderElection3 PRE_VOTE round 1: submit vote requests at term 0 for -1: peers:[s0|rpc:localhost:38239|admin:localhost:40631|client:localhost:39857|dataStream:localhost:43249|priority:0|startupRole:FOLLOWER, s1|rpc:localhost:33451|admin:localhost:44731|client:localhost:43037|dataStream:localhost:43147|priority:0|startupRole:FOLLOWER, s2|rpc:localhost:38795|admin:localhost:34435|client:localhost:45091|dataStream:localhost:44871|priority:0|startupRole:FOLLOWER]|listeners:[], old=null
2023-01-06 13:31:09,329 [s1@group-013C6D6F97E1-LeaderElection3] INFO  server.RaftServerConfigKeys (ConfUtils.java:logFallback(53)) - raft.server.rpc.first-election.timeout.min = 150ms (fallback to raft.server.rpc.timeout.min)
2023-01-06 13:31:09,329 [s1@group-013C6D6F97E1-LeaderElection3] INFO  server.RaftServerConfigKeys (ConfUtils.java:logFallback(53)) - raft.server.rpc.first-election.timeout.max = 300ms (fallback to raft.server.rpc.timeout.max)
2023-01-06 13:31:09,367 [grpc-default-executor-0] INFO  server.RaftServer$Division (RaftServerImpl.java:requestVote(1297)) - s1@group-013C6D6F97E1: receive requestVote(PRE_VOTE, s0, group-013C6D6F97E1, 0, (t:0, i:0))
2023-01-06 13:31:09,369 [grpc-default-executor-0] INFO  impl.VoteContext (VoteContext.java:log(49)) - s1@group-013C6D6F97E1-CANDIDATE: accept PRE_VOTE from s0: our priority 0 <= candidate's priority 0
2023-01-06 13:31:09,373 [grpc-default-executor-0] INFO  server.RaftServer$Division (RaftServerImpl.java:requestVote(1330)) - s1@group-013C6D6F97E1 replies to PRE_VOTE vote request: s0<-s1#0:OK-t0. Peer's state: s1@group-013C6D6F97E1:t0, leader=null, voted=, raftlog=Memoized:s1@group-013C6D6F97E1-SegmentedRaftLog:OPENED:c-1, conf=-1: peers:[s0|rpc:localhost:38239|admin:localhost:40631|client:localhost:39857|dataStream:localhost:43249|priority:0|startupRole:FOLLOWER, s1|rpc:localhost:33451|admin:localhost:44731|client:localhost:43037|dataStream:localhost:43147|priority:0|startupRole:FOLLOWER, s2|rpc:localhost:38795|admin:localhost:34435|client:localhost:45091|dataStream:localhost:44871|priority:0|startupRole:FOLLOWER]|listeners:[], old=null
2023-01-06 13:31:09,374 [grpc-default-executor-5] INFO  server.RaftServer$Division (RaftServerImpl.java:requestVote(1297)) - s0@group-013C6D6F97E1: receive requestVote(PRE_VOTE, s2, group-013C6D6F97E1, 0, (t:0, i:0))
2023-01-06 13:31:09,374 [grpc-default-executor-2] INFO  server.RaftServer$Division (RaftServerImpl.java:requestVote(1297)) - s1@group-013C6D6F97E1: receive requestVote(PRE_VOTE, s0, group-013C6D6F97E1, 0, (t:0, i:0))
2023-01-06 13:31:09,376 [grpc-default-executor-2] INFO  impl.VoteContext (VoteContext.java:log(49)) - s1@group-013C6D6F97E1-CANDIDATE: accept PRE_VOTE from s0: our priority 0 <= candidate's priority 0
2023-01-06 13:31:09,376 [grpc-default-executor-2] INFO  server.RaftServer$Division (RaftServerImpl.java:requestVote(1330)) - s1@group-013C6D6F97E1 replies to PRE_VOTE vote request: s0<-s1#0:OK-t0. Peer's state: s1@group-013C6D6F97E1:t0, leader=null, voted=, raftlog=Memoized:s1@group-013C6D6F97E1-SegmentedRaftLog:OPENED:c-1, conf=-1: peers:[s0|rpc:localhost:38239|admin:localhost:40631|client:localhost:39857|dataStream:localhost:43249|priority:0|startupRole:FOLLOWER, s1|rpc:localhost:33451|admin:localhost:44731|client:localhost:43037|dataStream:localhost:43147|priority:0|startupRole:FOLLOWER, s2|rpc:localhost:38795|admin:localhost:34435|client:localhost:45091|dataStream:localhost:44871|priority:0|startupRole:FOLLOWER]|listeners:[], old=null
2023-01-06 13:31:09,376 [grpc-default-executor-3] INFO  server.RaftServer$Division (RaftServerImpl.java:requestVote(1297)) - s1@group-013C6D6F97E1: receive requestVote(PRE_VOTE, s2, group-013C6D6F97E1, 0, (t:0, i:0))
2023-01-06 13:31:09,374 [grpc-default-executor-5] INFO  impl.VoteContext (VoteContext.java:log(49)) - s0@group-013C6D6F97E1-CANDIDATE: accept PRE_VOTE from s2: our priority 0 <= candidate's priority 0
2023-01-06 13:31:09,389 [grpc-default-executor-5] INFO  server.RaftServer$Division (RaftServerImpl.java:requestVote(1330)) - s0@group-013C6D6F97E1 replies to PRE_VOTE vote request: s2<-s0#0:OK-t0. Peer's state: s0@group-013C6D6F97E1:t0, leader=null, voted=, raftlog=Memoized:s0@group-013C6D6F97E1-SegmentedRaftLog:OPENED:c-1, conf=-1: peers:[s0|rpc:localhost:38239|admin:localhost:40631|client:localhost:39857|dataStream:localhost:43249|priority:0|startupRole:FOLLOWER, s1|rpc:localhost:33451|admin:localhost:44731|client:localhost:43037|dataStream:localhost:43147|priority:0|startupRole:FOLLOWER, s2|rpc:localhost:38795|admin:localhost:34435|client:localhost:45091|dataStream:localhost:44871|priority:0|startupRole:FOLLOWER]|listeners:[], old=null
2023-01-06 13:31:09,374 [grpc-default-executor-4] INFO  server.RaftServer$Division (RaftServerImpl.java:requestVote(1297)) - s0@group-013C6D6F97E1: receive requestVote(PRE_VOTE, s2, group-013C6D6F97E1, 0, (t:0, i:0))
2023-01-06 13:31:09,390 [grpc-default-executor-4] INFO  impl.VoteContext (VoteContext.java:log(49)) - s0@group-013C6D6F97E1-CANDIDATE: accept PRE_VOTE from s2: our priority 0 <= candidate's priority 0
2023-01-06 13:31:09,390 [grpc-default-executor-4] INFO  server.RaftServer$Division (RaftServerImpl.java:requestVote(1330)) - s0@group-013C6D6F97E1 replies to PRE_VOTE vote request: s2<-s0#0:OK-t0. Peer's state: s0@group-013C6D6F97E1:t0, leader=null, voted=, raftlog=Memoized:s0@group-013C6D6F97E1-SegmentedRaftLog:OPENED:c-1, conf=-1: peers:[s0|rpc:localhost:38239|admin:localhost:40631|client:localhost:39857|dataStream:localhost:43249|priority:0|startupRole:FOLLOWER, s1|rpc:localhost:33451|admin:localhost:44731|client:localhost:43037|dataStream:localhost:43147|priority:0|startupRole:FOLLOWER, s2|rpc:localhost:38795|admin:localhost:34435|client:localhost:45091|dataStream:localhost:44871|priority:0|startupRole:FOLLOWER]|listeners:[], old=null
2023-01-06 13:31:09,381 [grpc-default-executor-9] INFO  server.RaftServer$Division (RaftServerImpl.java:requestVote(1297)) - s2@group-013C6D6F97E1: receive requestVote(PRE_VOTE, s0, group-013C6D6F97E1, 0, (t:0, i:0))
2023-01-06 13:31:09,380 [grpc-default-executor-8] INFO  server.RaftServer$Division (RaftServerImpl.java:requestVote(1297)) - s2@group-013C6D6F97E1: receive requestVote(PRE_VOTE, s1, group-013C6D6F97E1, 0, (t:0, i:0))
2023-01-06 13:31:09,378 [grpc-default-executor-6] INFO  server.RaftServer$Division (RaftServerImpl.java:requestVote(1297)) - s0@group-013C6D6F97E1: receive requestVote(PRE_VOTE, s1, group-013C6D6F97E1, 0, (t:0, i:0))
2023-01-06 13:31:09,394 [grpc-default-executor-6] INFO  impl.VoteContext (VoteContext.java:log(49)) - s0@group-013C6D6F97E1-CANDIDATE: accept PRE_VOTE from s1: our priority 0 <= candidate's priority 0
2023-01-06 13:31:09,394 [grpc-default-executor-6] INFO  server.RaftServer$Division (RaftServerImpl.java:requestVote(1330)) - s0@group-013C6D6F97E1 replies to PRE_VOTE vote request: s1<-s0#0:OK-t0. Peer's state: s0@group-013C6D6F97E1:t0, leader=null, voted=, raftlog=Memoized:s0@group-013C6D6F97E1-SegmentedRaftLog:OPENED:c-1, conf=-1: peers:[s0|rpc:localhost:38239|admin:localhost:40631|client:localhost:39857|dataStream:localhost:43249|priority:0|startupRole:FOLLOWER, s1|rpc:localhost:33451|admin:localhost:44731|client:localhost:43037|dataStream:localhost:43147|priority:0|startupRole:FOLLOWER, s2|rpc:localhost:38795|admin:localhost:34435|client:localhost:45091|dataStream:localhost:44871|priority:0|startupRole:FOLLOWER]|listeners:[], old=null
2023-01-06 13:31:09,378 [grpc-default-executor-2] INFO  server.RaftServer$Division (RaftServerImpl.java:requestVote(1297)) - s2@group-013C6D6F97E1: receive requestVote(PRE_VOTE, s1, group-013C6D6F97E1, 0, (t:0, i:0))
2023-01-06 13:31:09,378 [grpc-default-executor-1] INFO  server.RaftServer$Division (RaftServerImpl.java:requestVote(1297)) - s0@group-013C6D6F97E1: receive requestVote(PRE_VOTE, s1, group-013C6D6F97E1, 0, (t:0, i:0))
2023-01-06 13:31:09,395 [grpc-default-executor-10] INFO  server.RaftServer$Division (RaftServerImpl.java:requestVote(1297)) - s2@group-013C6D6F97E1: receive requestVote(PRE_VOTE, s0, group-013C6D6F97E1, 0, (t:0, i:0))
2023-01-06 13:31:09,397 [grpc-default-executor-1] INFO  impl.VoteContext (VoteContext.java:log(49)) - s0@group-013C6D6F97E1-CANDIDATE: accept PRE_VOTE from s1: our priority 0 <= candidate's priority 0
2023-01-06 13:31:09,397 [grpc-default-executor-1] INFO  server.RaftServer$Division (RaftServerImpl.java:requestVote(1330)) - s0@group-013C6D6F97E1 replies to PRE_VOTE vote request: s1<-s0#0:OK-t0. Peer's state: s0@group-013C6D6F97E1:t0, leader=null, voted=, raftlog=Memoized:s0@group-013C6D6F97E1-SegmentedRaftLog:OPENED:c-1, conf=-1: peers:[s0|rpc:localhost:38239|admin:localhost:40631|client:localhost:39857|dataStream:localhost:43249|priority:0|startupRole:FOLLOWER, s1|rpc:localhost:33451|admin:localhost:44731|client:localhost:43037|dataStream:localhost:43147|priority:0|startupRole:FOLLOWER, s2|rpc:localhost:38795|admin:localhost:34435|client:localhost:45091|dataStream:localhost:44871|priority:0|startupRole:FOLLOWER]|listeners:[], old=null
2023-01-06 13:31:09,394 [grpc-default-executor-9] INFO  impl.VoteContext (VoteContext.java:log(49)) - s2@group-013C6D6F97E1-CANDIDATE: accept PRE_VOTE from s0: our priority 0 <= candidate's priority 0
2023-01-06 13:31:09,392 [grpc-default-executor-3] INFO  impl.VoteContext (VoteContext.java:log(49)) - s1@group-013C6D6F97E1-CANDIDATE: accept PRE_VOTE from s2: our priority 0 <= candidate's priority 0
2023-01-06 13:31:09,399 [grpc-default-executor-9] INFO  server.RaftServer$Division (RaftServerImpl.java:requestVote(1330)) - s2@group-013C6D6F97E1 replies to PRE_VOTE vote request: s0<-s2#0:OK-t0. Peer's state: s2@group-013C6D6F97E1:t0, leader=null, voted=, raftlog=Memoized:s2@group-013C6D6F97E1-SegmentedRaftLog:OPENED:c-1, conf=-1: peers:[s0|rpc:localhost:38239|admin:localhost:40631|client:localhost:39857|dataStream:localhost:43249|priority:0|startupRole:FOLLOWER, s1|rpc:localhost:33451|admin:localhost:44731|client:localhost:43037|dataStream:localhost:43147|priority:0|startupRole:FOLLOWER, s2|rpc:localhost:38795|admin:localhost:34435|client:localhost:45091|dataStream:localhost:44871|priority:0|startupRole:FOLLOWER]|listeners:[], old=null
2023-01-06 13:31:09,404 [grpc-default-executor-10] INFO  impl.VoteContext (VoteContext.java:log(49)) - s2@group-013C6D6F97E1-CANDIDATE: accept PRE_VOTE from s0: our priority 0 <= candidate's priority 0
2023-01-06 13:31:09,404 [s2@group-013C6D6F97E1-LeaderElection2] INFO  impl.LeaderElection (LeaderElection.java:logAndReturn(89)) - s2@group-013C6D6F97E1-LeaderElection2: PRE_VOTE TIMEOUT received 0 response(s) and 0 exception(s):
2023-01-06 13:31:09,405 [s2@group-013C6D6F97E1-LeaderElection2] INFO  impl.LeaderElection (LeaderElection.java:askForVotes(311)) - s2@group-013C6D6F97E1-LeaderElection2 PRE_VOTE round 1: result TIMEOUT
2023-01-06 13:31:09,405 [s0@group-013C6D6F97E1-LeaderElection1] INFO  impl.LeaderElection (LeaderElection.java:logAndReturn(89)) - s0@group-013C6D6F97E1-LeaderElection1: PRE_VOTE PASSED received 1 response(s) and 0 exception(s):
2023-01-06 13:31:09,405 [s0@group-013C6D6F97E1-LeaderElection1] INFO  impl.LeaderElection (LeaderElection.java:logAndReturn(93)) -   Response 0: s0<-s1#0:OK-t0
2023-01-06 13:31:09,405 [s0@group-013C6D6F97E1-LeaderElection1] INFO  impl.LeaderElection (LeaderElection.java:askForVotes(311)) - s0@group-013C6D6F97E1-LeaderElection1 PRE_VOTE round 1: result PASSED
2023-01-06 13:31:09,398 [grpc-default-executor-7] INFO  server.RaftServer$Division (RaftServerImpl.java:requestVote(1297)) - s1@group-013C6D6F97E1: receive requestVote(PRE_VOTE, s2, group-013C6D6F97E1, 0, (t:0, i:0))
2023-01-06 13:31:09,404 [grpc-default-executor-10] INFO  server.RaftServer$Division (RaftServerImpl.java:requestVote(1330)) - s2@group-013C6D6F97E1 replies to PRE_VOTE vote request: s0<-s2#0:OK-t0. Peer's state: s2@group-013C6D6F97E1:t0, leader=null, voted=, raftlog=Memoized:s2@group-013C6D6F97E1-SegmentedRaftLog:OPENED:c-1, conf=-1: peers:[s0|rpc:localhost:38239|admin:localhost:40631|client:localhost:39857|dataStream:localhost:43249|priority:0|startupRole:FOLLOWER, s1|rpc:localhost:33451|admin:localhost:44731|client:localhost:43037|dataStream:localhost:43147|priority:0|startupRole:FOLLOWER, s2|rpc:localhost:38795|admin:localhost:34435|client:localhost:45091|dataStream:localhost:44871|priority:0|startupRole:FOLLOWER]|listeners:[], old=null
2023-01-06 13:31:09,401 [grpc-default-executor-3] INFO  server.RaftServer$Division (RaftServerImpl.java:requestVote(1330)) - s1@group-013C6D6F97E1 replies to PRE_VOTE vote request: s2<-s1#0:OK-t0. Peer's state: s1@group-013C6D6F97E1:t0, leader=null, voted=, raftlog=Memoized:s1@group-013C6D6F97E1-SegmentedRaftLog:OPENED:c-1, conf=-1: peers:[s0|rpc:localhost:38239|admin:localhost:40631|client:localhost:39857|dataStream:localhost:43249|priority:0|startupRole:FOLLOWER, s1|rpc:localhost:33451|admin:localhost:44731|client:localhost:43037|dataStream:localhost:43147|priority:0|startupRole:FOLLOWER, s2|rpc:localhost:38795|admin:localhost:34435|client:localhost:45091|dataStream:localhost:44871|priority:0|startupRole:FOLLOWER]|listeners:[], old=null
2023-01-06 13:31:09,408 [grpc-default-executor-7] INFO  impl.VoteContext (VoteContext.java:log(49)) - s1@group-013C6D6F97E1-CANDIDATE: accept PRE_VOTE from s2: our priority 0 <= candidate's priority 0
2023-01-06 13:31:09,408 [s0@group-013C6D6F97E1-LeaderElection1] INFO  impl.LeaderElection (LeaderElection.java:askForVotes(309)) - s0@group-013C6D6F97E1-LeaderElection1 ELECTION round 0: submit vote requests at term 1 for -1: peers:[s0|rpc:localhost:38239|admin:localhost:40631|client:localhost:39857|dataStream:localhost:43249|priority:0|startupRole:FOLLOWER, s1|rpc:localhost:33451|admin:localhost:44731|client:localhost:43037|dataStream:localhost:43147|priority:0|startupRole:FOLLOWER, s2|rpc:localhost:38795|admin:localhost:34435|client:localhost:45091|dataStream:localhost:44871|priority:0|startupRole:FOLLOWER]|listeners:[], old=null
2023-01-06 13:31:09,408 [grpc-default-executor-2] INFO  impl.VoteContext (VoteContext.java:log(49)) - s2@group-013C6D6F97E1-CANDIDATE: accept PRE_VOTE from s1: our priority 0 <= candidate's priority 0
2023-01-06 13:31:09,410 [grpc-default-executor-2] INFO  server.RaftServer$Division (RaftServerImpl.java:requestVote(1330)) - s2@group-013C6D6F97E1 replies to PRE_VOTE vote request: s1<-s2#0:OK-t0. Peer's state: s2@group-013C6D6F97E1:t0, leader=null, voted=, raftlog=Memoized:s2@group-013C6D6F97E1-SegmentedRaftLog:OPENED:c-1, conf=-1: peers:[s0|rpc:localhost:38239|admin:localhost:40631|client:localhost:39857|dataStream:localhost:43249|priority:0|startupRole:FOLLOWER, s1|rpc:localhost:33451|admin:localhost:44731|client:localhost:43037|dataStream:localhost:43147|priority:0|startupRole:FOLLOWER, s2|rpc:localhost:38795|admin:localhost:34435|client:localhost:45091|dataStream:localhost:44871|priority:0|startupRole:FOLLOWER]|listeners:[], old=null
2023-01-06 13:31:09,409 [grpc-default-executor-7] INFO  server.RaftServer$Division (RaftServerImpl.java:requestVote(1330)) - s1@group-013C6D6F97E1 replies to PRE_VOTE vote request: s2<-s1#0:OK-t0. Peer's state: s1@group-013C6D6F97E1:t0, leader=null, voted=, raftlog=Memoized:s1@group-013C6D6F97E1-SegmentedRaftLog:OPENED:c-1, conf=-1: peers:[s0|rpc:localhost:38239|admin:localhost:40631|client:localhost:39857|dataStream:localhost:43249|priority:0|startupRole:FOLLOWER, s1|rpc:localhost:33451|admin:localhost:44731|client:localhost:43037|dataStream:localhost:43147|priority:0|startupRole:FOLLOWER, s2|rpc:localhost:38795|admin:localhost:34435|client:localhost:45091|dataStream:localhost:44871|priority:0|startupRole:FOLLOWER]|listeners:[], old=null
2023-01-06 13:31:09,418 [s0@group-013C6D6F97E1-LeaderElection1] INFO  server.RaftServerConfigKeys (ConfUtils.java:logFallback(53)) - raft.server.rpc.first-election.timeout.min = 150ms (fallback to raft.server.rpc.timeout.min)
2023-01-06 13:31:09,425 [s0@group-013C6D6F97E1-LeaderElection1] INFO  server.RaftServerConfigKeys (ConfUtils.java:logFallback(53)) - raft.server.rpc.first-election.timeout.max = 300ms (fallback to raft.server.rpc.timeout.max)
2023-01-06 13:31:09,411 [grpc-default-executor-8] INFO  impl.VoteContext (VoteContext.java:log(49)) - s2@group-013C6D6F97E1-CANDIDATE: accept PRE_VOTE from s1: our priority 0 <= candidate's priority 0
2023-01-06 13:31:09,427 [grpc-default-executor-8] INFO  server.RaftServer$Division (RaftServerImpl.java:requestVote(1330)) - s2@group-013C6D6F97E1 replies to PRE_VOTE vote request: s1<-s2#0:OK-t0. Peer's state: s2@group-013C6D6F97E1:t0, leader=null, voted=, raftlog=Memoized:s2@group-013C6D6F97E1-SegmentedRaftLog:OPENED:c-1, conf=-1: peers:[s0|rpc:localhost:38239|admin:localhost:40631|client:localhost:39857|dataStream:localhost:43249|priority:0|startupRole:FOLLOWER, s1|rpc:localhost:33451|admin:localhost:44731|client:localhost:43037|dataStream:localhost:43147|priority:0|startupRole:FOLLOWER, s2|rpc:localhost:38795|admin:localhost:34435|client:localhost:45091|dataStream:localhost:44871|priority:0|startupRole:FOLLOWER]|listeners:[], old=null
2023-01-06 13:31:09,427 [s2@group-013C6D6F97E1-LeaderElection2] INFO  impl.LeaderElection (LeaderElection.java:askForVotes(309)) - s2@group-013C6D6F97E1-LeaderElection2 PRE_VOTE round 2: submit vote requests at term 0 for -1: peers:[s0|rpc:localhost:38239|admin:localhost:40631|client:localhost:39857|dataStream:localhost:43249|priority:0|startupRole:FOLLOWER, s1|rpc:localhost:33451|admin:localhost:44731|client:localhost:43037|dataStream:localhost:43147|priority:0|startupRole:FOLLOWER, s2|rpc:localhost:38795|admin:localhost:34435|client:localhost:45091|dataStream:localhost:44871|priority:0|startupRole:FOLLOWER]|listeners:[], old=null
2023-01-06 13:31:09,426 [s1@group-013C6D6F97E1-LeaderElection3] INFO  impl.LeaderElection (LeaderElection.java:logAndReturn(89)) - s1@group-013C6D6F97E1-LeaderElection3: PRE_VOTE PASSED received 1 response(s) and 0 exception(s):
2023-01-06 13:31:09,441 [s1@group-013C6D6F97E1-LeaderElection3] INFO  impl.LeaderElection (LeaderElection.java:logAndReturn(93)) -   Response 0: s1<-s0#0:OK-t0
2023-01-06 13:31:09,441 [s1@group-013C6D6F97E1-LeaderElection3] INFO  impl.LeaderElection (LeaderElection.java:askForVotes(311)) - s1@group-013C6D6F97E1-LeaderElection3 PRE_VOTE round 1: result PASSED
2023-01-06 13:31:09,434 [s2@group-013C6D6F97E1-LeaderElection2] INFO  server.RaftServerConfigKeys (ConfUtils.java:logFallback(53)) - raft.server.rpc.first-election.timeout.min = 150ms (fallback to raft.server.rpc.timeout.min)
2023-01-06 13:31:09,444 [s2@group-013C6D6F97E1-LeaderElection2] INFO  server.RaftServerConfigKeys (ConfUtils.java:logFallback(53)) - raft.server.rpc.first-election.timeout.max = 300ms (fallback to raft.server.rpc.timeout.max)
2023-01-06 13:31:09,446 [s1@group-013C6D6F97E1-LeaderElection3] INFO  impl.LeaderElection (LeaderElection.java:askForVotes(309)) - s1@group-013C6D6F97E1-LeaderElection3 ELECTION round 0: submit vote requests at term 1 for -1: peers:[s0|rpc:localhost:38239|admin:localhost:40631|client:localhost:39857|dataStream:localhost:43249|priority:0|startupRole:FOLLOWER, s1|rpc:localhost:33451|admin:localhost:44731|client:localhost:43037|dataStream:localhost:43147|priority:0|startupRole:FOLLOWER, s2|rpc:localhost:38795|admin:localhost:34435|client:localhost:45091|dataStream:localhost:44871|priority:0|startupRole:FOLLOWER]|listeners:[], old=null
2023-01-06 13:31:09,450 [s1@group-013C6D6F97E1-LeaderElection3] INFO  server.RaftServerConfigKeys (ConfUtils.java:logFallback(53)) - raft.server.rpc.first-election.timeout.min = 150ms (fallback to raft.server.rpc.timeout.min)
2023-01-06 13:31:09,450 [s1@group-013C6D6F97E1-LeaderElection3] INFO  server.RaftServerConfigKeys (ConfUtils.java:logFallback(53)) - raft.server.rpc.first-election.timeout.max = 300ms (fallback to raft.server.rpc.timeout.max)
2023-01-06 13:31:09,463 [grpc-default-executor-8] INFO  server.RaftServer$Division (RaftServerImpl.java:requestVote(1297)) - s1@group-013C6D6F97E1: receive requestVote(PRE_VOTE, s2, group-013C6D6F97E1, 0, (t:0, i:0))
2023-01-06 13:31:09,464 [grpc-default-executor-8] INFO  impl.VoteContext (VoteContext.java:log(49)) - s1@group-013C6D6F97E1-CANDIDATE: accept PRE_VOTE from s2: our priority 0 <= candidate's priority 0
2023-01-06 13:31:09,464 [grpc-default-executor-8] INFO  server.RaftServer$Division (RaftServerImpl.java:requestVote(1330)) - s1@group-013C6D6F97E1 replies to PRE_VOTE vote request: s2<-s1#0:OK-t1. Peer's state: s1@group-013C6D6F97E1:t1, leader=null, voted=s1, raftlog=Memoized:s1@group-013C6D6F97E1-SegmentedRaftLog:OPENED:c-1, conf=-1: peers:[s0|rpc:localhost:38239|admin:localhost:40631|client:localhost:39857|dataStream:localhost:43249|priority:0|startupRole:FOLLOWER, s1|rpc:localhost:33451|admin:localhost:44731|client:localhost:43037|dataStream:localhost:43147|priority:0|startupRole:FOLLOWER, s2|rpc:localhost:38795|admin:localhost:34435|client:localhost:45091|dataStream:localhost:44871|priority:0|startupRole:FOLLOWER]|listeners:[], old=null
2023-01-06 13:31:09,465 [grpc-default-executor-8] INFO  server.RaftServer$Division (RaftServerImpl.java:requestVote(1297)) - s1@group-013C6D6F97E1: receive requestVote(ELECTION, s0, group-013C6D6F97E1, 1, (t:0, i:0))
2023-01-06 13:31:09,466 [grpc-default-executor-8] INFO  impl.VoteContext (VoteContext.java:log(49)) - s1@group-013C6D6F97E1-CANDIDATE: reject ELECTION from s0: already has voted for s1 at current term 1
2023-01-06 13:31:09,466 [grpc-default-executor-8] INFO  server.RaftServer$Division (RaftServerImpl.java:requestVote(1330)) - s1@group-013C6D6F97E1 replies to ELECTION vote request: s0<-s1#0:FAIL-t1. Peer's state: s1@group-013C6D6F97E1:t1, leader=null, voted=s1, raftlog=Memoized:s1@group-013C6D6F97E1-SegmentedRaftLog:OPENED:c-1, conf=-1: peers:[s0|rpc:localhost:38239|admin:localhost:40631|client:localhost:39857|dataStream:localhost:43249|priority:0|startupRole:FOLLOWER, s1|rpc:localhost:33451|admin:localhost:44731|client:localhost:43037|dataStream:localhost:43147|priority:0|startupRole:FOLLOWER, s2|rpc:localhost:38795|admin:localhost:34435|client:localhost:45091|dataStream:localhost:44871|priority:0|startupRole:FOLLOWER]|listeners:[], old=null
2023-01-06 13:31:09,468 [s2@group-013C6D6F97E1-LeaderElection2] INFO  impl.LeaderElection (LeaderElection.java:logAndReturn(89)) - s2@group-013C6D6F97E1-LeaderElection2: PRE_VOTE DISCOVERED_A_NEW_TERM (term=1) received 1 response(s) and 0 exception(s):
2023-01-06 13:31:09,468 [s2@group-013C6D6F97E1-LeaderElection2] INFO  impl.LeaderElection (LeaderElection.java:logAndReturn(93)) -   Response 0: s2<-s1#0:OK-t1
2023-01-06 13:31:09,468 [s2@group-013C6D6F97E1-LeaderElection2] INFO  impl.LeaderElection (LeaderElection.java:askForVotes(311)) - s2@group-013C6D6F97E1-LeaderElection2 PRE_VOTE round 2: result DISCOVERED_A_NEW_TERM (term=1)
2023-01-06 13:31:09,469 [s2@group-013C6D6F97E1-LeaderElection2] INFO  server.RaftServer$Division (RaftServerImpl.java:setRole(325)) - s2@group-013C6D6F97E1: changes role from CANDIDATE to FOLLOWER at term 1 for DISCOVERED_A_NEW_TERM (term=1)
2023-01-06 13:31:09,469 [s2@group-013C6D6F97E1-LeaderElection2] INFO  impl.RoleInfo (RoleInfo.java:shutdownLeaderElection(130)) - s2: shutdown s2@group-013C6D6F97E1-LeaderElection2
2023-01-06 13:31:09,469 [s2@group-013C6D6F97E1-LeaderElection2] INFO  impl.RoleInfo (RoleInfo.java:updateAndGet(139)) - s2: start s2@group-013C6D6F97E1-FollowerState
2023-01-06 13:31:09,470 [grpc-default-executor-2] INFO  server.RaftServer$Division (RaftServerImpl.java:requestVote(1297)) - s2@group-013C6D6F97E1: receive requestVote(ELECTION, s0, group-013C6D6F97E1, 1, (t:0, i:0))
2023-01-06 13:31:09,476 [grpc-default-executor-2] INFO  impl.VoteContext (VoteContext.java:log(49)) - s2@group-013C6D6F97E1-FOLLOWER: accept ELECTION from s0: our priority 0 <= candidate's priority 0
2023-01-06 13:31:09,476 [grpc-default-executor-2] INFO  server.RaftServer$Division (RaftServerImpl.java:setRole(325)) - s2@group-013C6D6F97E1: changes role from  FOLLOWER to FOLLOWER at term 1 for candidate:s0
2023-01-06 13:31:09,476 [grpc-default-executor-2] INFO  impl.RoleInfo (RoleInfo.java:shutdownFollowerState(110)) - s2: shutdown s2@group-013C6D6F97E1-FollowerState
2023-01-06 13:31:09,476 [grpc-default-executor-2] INFO  impl.RoleInfo (RoleInfo.java:updateAndGet(139)) - s2: start s2@group-013C6D6F97E1-FollowerState
2023-01-06 13:31:09,477 [grpc-default-executor-7] INFO  server.RaftServer$Division (RaftServerImpl.java:requestVote(1297)) - s2@group-013C6D6F97E1: receive requestVote(ELECTION, s1, group-013C6D6F97E1, 1, (t:0, i:0))
2023-01-06 13:31:09,476 [grpc-default-executor-8] INFO  server.RaftServer$Division (RaftServerImpl.java:requestVote(1297)) - s0@group-013C6D6F97E1: receive requestVote(ELECTION, s1, group-013C6D6F97E1, 1, (t:0, i:0))
2023-01-06 13:31:09,477 [grpc-default-executor-8] INFO  impl.VoteContext (VoteContext.java:log(49)) - s0@group-013C6D6F97E1-CANDIDATE: reject ELECTION from s1: already has voted for s0 at current term 1
2023-01-06 13:31:09,477 [grpc-default-executor-8] INFO  server.RaftServer$Division (RaftServerImpl.java:requestVote(1330)) - s0@group-013C6D6F97E1 replies to ELECTION vote request: s1<-s0#0:FAIL-t1. Peer's state: s0@group-013C6D6F97E1:t1, leader=null, voted=s0, raftlog=Memoized:s0@group-013C6D6F97E1-SegmentedRaftLog:OPENED:c-1, conf=-1: peers:[s0|rpc:localhost:38239|admin:localhost:40631|client:localhost:39857|dataStream:localhost:43249|priority:0|startupRole:FOLLOWER, s1|rpc:localhost:33451|admin:localhost:44731|client:localhost:43037|dataStream:localhost:43147|priority:0|startupRole:FOLLOWER, s2|rpc:localhost:38795|admin:localhost:34435|client:localhost:45091|dataStream:localhost:44871|priority:0|startupRole:FOLLOWER]|listeners:[], old=null
2023-01-06 13:31:09,476 [s2@group-013C6D6F97E1-FollowerState] INFO  server.RaftServerConfigKeys (ConfUtils.java:logFallback(53)) - raft.server.rpc.first-election.timeout.min = 150ms (fallback to raft.server.rpc.timeout.min)
2023-01-06 13:31:09,477 [s2@group-013C6D6F97E1-FollowerState] INFO  server.RaftServerConfigKeys (ConfUtils.java:logFallback(53)) - raft.server.rpc.first-election.timeout.max = 300ms (fallback to raft.server.rpc.timeout.max)
2023-01-06 13:31:09,470 [grpc-default-executor-3] INFO  server.RaftServer$Division (RaftServerImpl.java:requestVote(1297)) - s0@group-013C6D6F97E1: receive requestVote(PRE_VOTE, s2, group-013C6D6F97E1, 0, (t:0, i:0))
2023-01-06 13:31:09,480 [grpc-default-executor-3] INFO  impl.VoteContext (VoteContext.java:log(49)) - s0@group-013C6D6F97E1-CANDIDATE: accept PRE_VOTE from s2: our priority 0 <= candidate's priority 0
2023-01-06 13:31:09,480 [grpc-default-executor-3] INFO  server.RaftServer$Division (RaftServerImpl.java:requestVote(1330)) - s0@group-013C6D6F97E1 replies to PRE_VOTE vote request: s2<-s0#0:OK-t1. Peer's state: s0@group-013C6D6F97E1:t1, leader=null, voted=s0, raftlog=Memoized:s0@group-013C6D6F97E1-SegmentedRaftLog:OPENED:c-1, conf=-1: peers:[s0|rpc:localhost:38239|admin:localhost:40631|client:localhost:39857|dataStream:localhost:43249|priority:0|startupRole:FOLLOWER, s1|rpc:localhost:33451|admin:localhost:44731|client:localhost:43037|dataStream:localhost:43147|priority:0|startupRole:FOLLOWER, s2|rpc:localhost:38795|admin:localhost:34435|client:localhost:45091|dataStream:localhost:44871|priority:0|startupRole:FOLLOWER]|listeners:[], old=null
2023-01-06 13:31:09,477 [s2@group-013C6D6F97E1-FollowerState] INFO  impl.FollowerState (FollowerState.java:run(152)) - s2@group-013C6D6F97E1-FollowerState was interrupted
2023-01-06 13:31:09,481 [s2@group-013C6D6F97E1-FollowerState] INFO  server.RaftServerConfigKeys (ConfUtils.java:logFallback(53)) - raft.server.rpc.first-election.timeout.min = 150ms (fallback to raft.server.rpc.timeout.min)
2023-01-06 13:31:09,483 [grpc-default-executor-2] INFO  server.RaftServer$Division (RaftServerImpl.java:requestVote(1330)) - s2@group-013C6D6F97E1 replies to ELECTION vote request: s0<-s2#0:OK-t1. Peer's state: s2@group-013C6D6F97E1:t1, leader=null, voted=s0, raftlog=Memoized:s2@group-013C6D6F97E1-SegmentedRaftLog:OPENED:c-1, conf=-1: peers:[s0|rpc:localhost:38239|admin:localhost:40631|client:localhost:39857|dataStream:localhost:43249|priority:0|startupRole:FOLLOWER, s1|rpc:localhost:33451|admin:localhost:44731|client:localhost:43037|dataStream:localhost:43147|priority:0|startupRole:FOLLOWER, s2|rpc:localhost:38795|admin:localhost:34435|client:localhost:45091|dataStream:localhost:44871|priority:0|startupRole:FOLLOWER]|listeners:[], old=null
2023-01-06 13:31:09,486 [s2@group-013C6D6F97E1-FollowerState] INFO  server.RaftServerConfigKeys (ConfUtils.java:logFallback(53)) - raft.server.rpc.first-election.timeout.max = 300ms (fallback to raft.server.rpc.timeout.max)
2023-01-06 13:31:09,486 [grpc-default-executor-7] INFO  impl.VoteContext (VoteContext.java:log(49)) - s2@group-013C6D6F97E1-FOLLOWER: reject ELECTION from s1: already has voted for s0 at current term 1
2023-01-06 13:31:09,490 [grpc-default-executor-7] INFO  server.RaftServer$Division (RaftServerImpl.java:requestVote(1330)) - s2@group-013C6D6F97E1 replies to ELECTION vote request: s1<-s2#0:FAIL-t1. Peer's state: s2@group-013C6D6F97E1:t1, leader=null, voted=s0, raftlog=Memoized:s2@group-013C6D6F97E1-SegmentedRaftLog:OPENED:c-1, conf=-1: peers:[s0|rpc:localhost:38239|admin:localhost:40631|client:localhost:39857|dataStream:localhost:43249|priority:0|startupRole:FOLLOWER, s1|rpc:localhost:33451|admin:localhost:44731|client:localhost:43037|dataStream:localhost:43147|priority:0|startupRole:FOLLOWER, s2|rpc:localhost:38795|admin:localhost:34435|client:localhost:45091|dataStream:localhost:44871|priority:0|startupRole:FOLLOWER]|listeners:[], old=null
2023-01-06 13:31:09,492 [s0@group-013C6D6F97E1-LeaderElection1] INFO  impl.LeaderElection (LeaderElection.java:logAndReturn(89)) - s0@group-013C6D6F97E1-LeaderElection1: ELECTION PASSED received 2 response(s) and 0 exception(s):
2023-01-06 13:31:09,492 [s0@group-013C6D6F97E1-LeaderElection1] INFO  impl.LeaderElection (LeaderElection.java:logAndReturn(93)) -   Response 0: s0<-s1#0:FAIL-t1
2023-01-06 13:31:09,492 [s0@group-013C6D6F97E1-LeaderElection1] INFO  impl.LeaderElection (LeaderElection.java:logAndReturn(93)) -   Response 1: s0<-s2#0:OK-t1
2023-01-06 13:31:09,492 [s0@group-013C6D6F97E1-LeaderElection1] INFO  impl.LeaderElection (LeaderElection.java:askForVotes(311)) - s0@group-013C6D6F97E1-LeaderElection1 ELECTION round 0: result PASSED
2023-01-06 13:31:09,492 [s0@group-013C6D6F97E1-LeaderElection1] INFO  impl.RoleInfo (RoleInfo.java:shutdownLeaderElection(130)) - s0: shutdown s0@group-013C6D6F97E1-LeaderElection1
2023-01-06 13:31:09,492 [s0@group-013C6D6F97E1-LeaderElection1] INFO  server.RaftServer$Division (RaftServerImpl.java:setRole(325)) - s0@group-013C6D6F97E1: changes role from CANDIDATE to LEADER at term 1 for changeToLeader
2023-01-06 13:31:09,492 [s0@group-013C6D6F97E1-LeaderElection1] INFO  server.RaftServer$Division (ServerState.java:setLeader(260)) - s0@group-013C6D6F97E1: change Leader from null to s0 at term 1 for becomeLeader, leader elected after 1287ms
2023-01-06 13:31:09,494 [s1@group-013C6D6F97E1-LeaderElection3] INFO  impl.LeaderElection (LeaderElection.java:logAndReturn(89)) - s1@group-013C6D6F97E1-LeaderElection3: ELECTION REJECTED received 2 response(s) and 0 exception(s):
2023-01-06 13:31:09,494 [s1@group-013C6D6F97E1-LeaderElection3] INFO  impl.LeaderElection (LeaderElection.java:logAndReturn(93)) -   Response 0: s1<-s0#0:FAIL-t1
2023-01-06 13:31:09,495 [s1@group-013C6D6F97E1-LeaderElection3] INFO  impl.LeaderElection (LeaderElection.java:logAndReturn(93)) -   Response 1: s1<-s2#0:FAIL-t1
2023-01-06 13:31:09,495 [s1@group-013C6D6F97E1-LeaderElection3] INFO  impl.LeaderElection (LeaderElection.java:askForVotes(311)) - s1@group-013C6D6F97E1-LeaderElection3 ELECTION round 0: result REJECTED
2023-01-06 13:31:09,495 [s1@group-013C6D6F97E1-LeaderElection3] INFO  server.RaftServer$Division (RaftServerImpl.java:setRole(325)) - s1@group-013C6D6F97E1: changes role from CANDIDATE to FOLLOWER at term 1 for REJECTED
2023-01-06 13:31:09,495 [s1@group-013C6D6F97E1-LeaderElection3] INFO  impl.RoleInfo (RoleInfo.java:shutdownLeaderElection(130)) - s1: shutdown s1@group-013C6D6F97E1-LeaderElection3
2023-01-06 13:31:09,495 [s1@group-013C6D6F97E1-LeaderElection3] INFO  impl.RoleInfo (RoleInfo.java:updateAndGet(139)) - s1: start s1@group-013C6D6F97E1-FollowerState
2023-01-06 13:31:09,502 [s1@group-013C6D6F97E1-FollowerState] INFO  server.RaftServerConfigKeys (ConfUtils.java:logFallback(53)) - raft.server.rpc.first-election.timeout.min = 150ms (fallback to raft.server.rpc.timeout.min)
2023-01-06 13:31:09,502 [s1@group-013C6D6F97E1-FollowerState] INFO  server.RaftServerConfigKeys (ConfUtils.java:logFallback(53)) - raft.server.rpc.first-election.timeout.max = 300ms (fallback to raft.server.rpc.timeout.max)
2023-01-06 13:31:09,503 [s0@group-013C6D6F97E1-LeaderElection1] INFO  server.RaftServerConfigKeys (ConfUtils.java:logGet(46)) - raft.server.staging.catchup.gap = 1000 (default)
2023-01-06 13:31:09,507 [s0@group-013C6D6F97E1-LeaderElection1] INFO  server.RaftServerConfigKeys (ConfUtils.java:logGet(46)) - raft.server.write.element-limit = 4096 (default)
2023-01-06 13:31:09,508 [s0@group-013C6D6F97E1-LeaderElection1] INFO  server.RaftServerConfigKeys (ConfUtils.java:logGet(46)) - raft.server.write.byte-limit = 64MB (=67108864) (default)
2023-01-06 13:31:09,512 [s0@group-013C6D6F97E1-LeaderElection1] INFO  server.RaftServerConfigKeys (ConfUtils.java:logGet(46)) - raft.server.watch.timeout = 10s (default)
2023-01-06 13:31:09,516 [s0@group-013C6D6F97E1-LeaderElection1] INFO  server.RaftServerConfigKeys (ConfUtils.java:logGet(46)) - raft.server.watch.timeout.denomination = 1s (default)
2023-01-06 13:31:09,517 [s0@group-013C6D6F97E1-LeaderElection1] INFO  server.RaftServerConfigKeys (ConfUtils.java:logGet(46)) - raft.server.watch.element-limit = 65536 (default)
2023-01-06 13:31:09,530 [s0@group-013C6D6F97E1-LeaderElection1] INFO  server.RaftServerConfigKeys (ConfUtils.java:logGet(46)) - raft.server.write.element-limit = 4096 (default)
2023-01-06 13:31:09,533 [s0@group-013C6D6F97E1-LeaderElection1] INFO  server.RaftServerConfigKeys (ConfUtils.java:logGet(46)) - raft.server.write.follower.gap.ratio.max = -1.0 (default)
2023-01-06 13:31:09,544 [s0@group-013C6D6F97E1-LeaderElection1] INFO  server.RaftServerConfigKeys (ConfUtils.java:logGet(46)) - raft.server.log.appender.snapshot.chunk.size.max = 16MB (=16777216) (default)
2023-01-06 13:31:09,545 [s0@group-013C6D6F97E1-LeaderElection1] INFO  server.RaftServerConfigKeys (ConfUtils.java:logGet(46)) - raft.server.log.appender.buffer.byte-limit = 4MB (=4194304) (default)
2023-01-06 13:31:09,545 [s0@group-013C6D6F97E1-LeaderElection1] INFO  server.RaftServerConfigKeys (ConfUtils.java:logGet(46)) - raft.server.log.appender.buffer.element-limit = 0 (default)
2023-01-06 13:31:09,549 [s0@group-013C6D6F97E1-LeaderElection1] INFO  grpc.GrpcConfigKeys (ConfUtils.java:logGet(46)) - raft.grpc.server.leader.outstanding.appends.max = 128 (default)
2023-01-06 13:31:09,550 [s0@group-013C6D6F97E1-LeaderElection1] INFO  server.RaftServerConfigKeys (ConfUtils.java:logGet(46)) - raft.server.rpc.request.timeout = 3000ms (default)
2023-01-06 13:31:09,550 [s0@group-013C6D6F97E1-LeaderElection1] INFO  server.RaftServerConfigKeys (ConfUtils.java:logGet(46)) - raft.server.log.appender.install.snapshot.enabled = true (default)
2023-01-06 13:31:09,550 [s0@group-013C6D6F97E1-LeaderElection1] INFO  grpc.GrpcConfigKeys (ConfUtils.java:logGet(46)) - raft.grpc.server.heartbeat.channel = false (custom)
2023-01-06 13:31:09,550 [s0@group-013C6D6F97E1-LeaderElection1] INFO  server.RaftServerConfigKeys (ConfUtils.java:logGet(46)) - raft.server.log.appender.wait-time.min = 10ms (default)
2023-01-06 13:31:09,559 [s0@group-013C6D6F97E1-LeaderElection1] INFO  server.RaftServerConfigKeys (ConfUtils.java:logGet(46)) - raft.server.log.appender.snapshot.chunk.size.max = 16MB (=16777216) (default)
2023-01-06 13:31:09,559 [s0@group-013C6D6F97E1-LeaderElection1] INFO  server.RaftServerConfigKeys (ConfUtils.java:logGet(46)) - raft.server.log.appender.buffer.byte-limit = 4MB (=4194304) (default)
2023-01-06 13:31:09,559 [s0@group-013C6D6F97E1-LeaderElection1] INFO  server.RaftServerConfigKeys (ConfUtils.java:logGet(46)) - raft.server.log.appender.buffer.element-limit = 0 (default)
2023-01-06 13:31:09,561 [s0@group-013C6D6F97E1-LeaderElection1] INFO  grpc.GrpcConfigKeys (ConfUtils.java:logGet(46)) - raft.grpc.server.leader.outstanding.appends.max = 128 (default)
2023-01-06 13:31:09,563 [s0@group-013C6D6F97E1-LeaderElection1] INFO  server.RaftServerConfigKeys (ConfUtils.java:logGet(46)) - raft.server.rpc.request.timeout = 3000ms (default)
2023-01-06 13:31:09,563 [s0@group-013C6D6F97E1-LeaderElection1] INFO  server.RaftServerConfigKeys (ConfUtils.java:logGet(46)) - raft.server.log.appender.install.snapshot.enabled = true (default)
2023-01-06 13:31:09,563 [s0@group-013C6D6F97E1-LeaderElection1] INFO  grpc.GrpcConfigKeys (ConfUtils.java:logGet(46)) - raft.grpc.server.heartbeat.channel = false (custom)
2023-01-06 13:31:09,563 [s0@group-013C6D6F97E1-LeaderElection1] INFO  server.RaftServerConfigKeys (ConfUtils.java:logGet(46)) - raft.server.log.appender.wait-time.min = 10ms (default)
2023-01-06 13:31:09,564 [s0@group-013C6D6F97E1-LeaderElection1] INFO  impl.RoleInfo (RoleInfo.java:updateAndGet(139)) - s0: start s0@group-013C6D6F97E1-LeaderStateImpl
2023-01-06 13:31:09,581 [s0@group-013C6D6F97E1-LeaderElection1] INFO  segmented.SegmentedRaftLogWorker (SegmentedRaftLogWorker.java:startLogSegment(431)) - s0@group-013C6D6F97E1-SegmentedRaftLogWorker: Starting segment from index:0
2023-01-06 13:31:09,625 [s0@group-013C6D6F97E1-LeaderElection1] INFO  server.RaftServer$Division (ServerState.java:setRaftConf(378)) - s0@group-013C6D6F97E1: set configuration 0: peers:[s0|rpc:localhost:38239|admin:localhost:40631|client:localhost:39857|dataStream:localhost:43249|priority:0|startupRole:FOLLOWER, s1|rpc:localhost:33451|admin:localhost:44731|client:localhost:43037|dataStream:localhost:43147|priority:0|startupRole:FOLLOWER, s2|rpc:localhost:38795|admin:localhost:34435|client:localhost:45091|dataStream:localhost:44871|priority:0|startupRole:FOLLOWER]|listeners:[], old=null
2023-01-06 13:31:09,648 [s2@group-013C6D6F97E1-FollowerState] INFO  impl.FollowerState (FollowerState.java:run(143)) - s2@group-013C6D6F97E1-FollowerState: change to CANDIDATE, lastRpcElapsedTime:165570551ns, electionTimeout:158ms
2023-01-06 13:31:09,648 [s2@group-013C6D6F97E1-FollowerState] INFO  impl.RoleInfo (RoleInfo.java:shutdownFollowerState(110)) - s2: shutdown s2@group-013C6D6F97E1-FollowerState
2023-01-06 13:31:09,648 [s2@group-013C6D6F97E1-FollowerState] INFO  server.RaftServer$Division (RaftServerImpl.java:setRole(325)) - s2@group-013C6D6F97E1: changes role from  FOLLOWER to CANDIDATE at term 1 for changeToCandidate
2023-01-06 13:31:09,648 [s2@group-013C6D6F97E1-FollowerState] INFO  server.RaftServerConfigKeys (ConfUtils.java:logGet(46)) - raft.server.leaderelection.pre-vote = true (default)
2023-01-06 13:31:09,648 [s2@group-013C6D6F97E1-FollowerState] INFO  impl.RoleInfo (RoleInfo.java:updateAndGet(139)) - s2: start s2@group-013C6D6F97E1-LeaderElection4
2023-01-06 13:31:09,657 [s2@group-013C6D6F97E1-LeaderElection4] INFO  impl.LeaderElection (LeaderElection.java:askForVotes(309)) - s2@group-013C6D6F97E1-LeaderElection4 PRE_VOTE round 0: submit vote requests at term 1 for -1: peers:[s0|rpc:localhost:38239|admin:localhost:40631|client:localhost:39857|dataStream:localhost:43249|priority:0|startupRole:FOLLOWER, s1|rpc:localhost:33451|admin:localhost:44731|client:localhost:43037|dataStream:localhost:43147|priority:0|startupRole:FOLLOWER, s2|rpc:localhost:38795|admin:localhost:34435|client:localhost:45091|dataStream:localhost:44871|priority:0|startupRole:FOLLOWER]|listeners:[], old=null
2023-01-06 13:31:09,664 [s1-server-thread1] INFO  server.RaftServer$Division (ServerState.java:setLeader(260)) - s1@group-013C6D6F97E1: change Leader from null to s0 at term 1 for appendEntries, leader elected after 1460ms
2023-01-06 13:31:09,667 [s2-server-thread1] INFO  server.RaftServer$Division (RaftServerImpl.java:setRole(325)) - s2@group-013C6D6F97E1: changes role from CANDIDATE to FOLLOWER at term 1 for appendEntries
2023-01-06 13:31:09,667 [s2-server-thread1] INFO  impl.RoleInfo (RoleInfo.java:shutdownLeaderElection(130)) - s2: shutdown s2@group-013C6D6F97E1-LeaderElection4
2023-01-06 13:31:09,667 [s2-server-thread1] INFO  impl.RoleInfo (RoleInfo.java:updateAndGet(139)) - s2: start s2@group-013C6D6F97E1-FollowerState
2023-01-06 13:31:09,670 [s2-server-thread1] INFO  server.RaftServer$Division (ServerState.java:setLeader(260)) - s2@group-013C6D6F97E1: change Leader from null to s0 at term 1 for appendEntries, leader elected after 1465ms
2023-01-06 13:31:09,682 [s2@group-013C6D6F97E1-LeaderElection4] INFO  impl.LeaderElection (LeaderElection.java:logAndReturn(89)) - s2@group-013C6D6F97E1-LeaderElection4: PRE_VOTE REJECTED received 0 response(s) and 0 exception(s):
2023-01-06 13:31:09,683 [s2@group-013C6D6F97E1-LeaderElection4] INFO  impl.LeaderElection (LeaderElection.java:askForVotes(311)) - s2@group-013C6D6F97E1-LeaderElection4 PRE_VOTE round 0: result REJECTED
2023-01-06 13:31:09,701 [s2-server-thread1] INFO  server.RaftServer$Division (ServerState.java:setRaftConf(378)) - s2@group-013C6D6F97E1: set configuration 0: peers:[s0|rpc:localhost:38239|admin:localhost:40631|client:localhost:39857|dataStream:localhost:43249|priority:0|startupRole:FOLLOWER, s1|rpc:localhost:33451|admin:localhost:44731|client:localhost:43037|dataStream:localhost:43147|priority:0|startupRole:FOLLOWER, s2|rpc:localhost:38795|admin:localhost:34435|client:localhost:45091|dataStream:localhost:44871|priority:0|startupRole:FOLLOWER]|listeners:[], old=null
2023-01-06 13:31:09,701 [s2-server-thread1] INFO  segmented.SegmentedRaftLogWorker (SegmentedRaftLogWorker.java:startLogSegment(431)) - s2@group-013C6D6F97E1-SegmentedRaftLogWorker: Starting segment from index:0
2023-01-06 13:31:09,702 [grpc-default-executor-3] INFO  server.RaftServer$Division (RaftServerImpl.java:requestVote(1297)) - s0@group-013C6D6F97E1: receive requestVote(PRE_VOTE, s2, group-013C6D6F97E1, 1, (t:0, i:0))
2023-01-06 13:31:09,702 [grpc-default-executor-3] INFO  impl.VoteContext (VoteContext.java:log(49)) - s0@group-013C6D6F97E1-LEADER: reject PRE_VOTE from s2: this server is the leader and still has leadership
2023-01-06 13:31:09,703 [grpc-default-executor-3] INFO  server.RaftServer$Division (RaftServerImpl.java:requestVote(1330)) - s0@group-013C6D6F97E1 replies to PRE_VOTE vote request: s2<-s0#0:FAIL-t1. Peer's state: s0@group-013C6D6F97E1:t1, leader=s0, voted=s0, raftlog=Memoized:s0@group-013C6D6F97E1-SegmentedRaftLog:OPENED:c-1, conf=0: peers:[s0|rpc:localhost:38239|admin:localhost:40631|client:localhost:39857|dataStream:localhost:43249|priority:0|startupRole:FOLLOWER, s1|rpc:localhost:33451|admin:localhost:44731|client:localhost:43037|dataStream:localhost:43147|priority:0|startupRole:FOLLOWER, s2|rpc:localhost:38795|admin:localhost:34435|client:localhost:45091|dataStream:localhost:44871|priority:0|startupRole:FOLLOWER]|listeners:[], old=null
2023-01-06 13:31:09,703 [grpc-default-executor-8] INFO  server.RaftServer$Division (RaftServerImpl.java:requestVote(1297)) - s1@group-013C6D6F97E1: receive requestVote(PRE_VOTE, s2, group-013C6D6F97E1, 1, (t:0, i:0))
2023-01-06 13:31:09,705 [s1-server-thread1] INFO  server.RaftServer$Division (ServerState.java:setRaftConf(378)) - s1@group-013C6D6F97E1: set configuration 0: peers:[s0|rpc:localhost:38239|admin:localhost:40631|client:localhost:39857|dataStream:localhost:43249|priority:0|startupRole:FOLLOWER, s1|rpc:localhost:33451|admin:localhost:44731|client:localhost:43037|dataStream:localhost:43147|priority:0|startupRole:FOLLOWER, s2|rpc:localhost:38795|admin:localhost:34435|client:localhost:45091|dataStream:localhost:44871|priority:0|startupRole:FOLLOWER]|listeners:[], old=null
2023-01-06 13:31:09,705 [s1-server-thread1] INFO  segmented.SegmentedRaftLogWorker (SegmentedRaftLogWorker.java:startLogSegment(431)) - s1@group-013C6D6F97E1-SegmentedRaftLogWorker: Starting segment from index:0
2023-01-06 13:31:09,707 [grpc-default-executor-8] INFO  impl.VoteContext (VoteContext.java:log(49)) - s1@group-013C6D6F97E1-FOLLOWER: reject PRE_VOTE from s2: this server is a follower and still has a valid leader s0
2023-01-06 13:31:09,707 [grpc-default-executor-8] INFO  server.RaftServer$Division (RaftServerImpl.java:requestVote(1330)) - s1@group-013C6D6F97E1 replies to PRE_VOTE vote request: s2<-s1#0:FAIL-t1. Peer's state: s1@group-013C6D6F97E1:t1, leader=s0, voted=s1, raftlog=Memoized:s1@group-013C6D6F97E1-SegmentedRaftLog:OPENED:c-1, conf=0: peers:[s0|rpc:localhost:38239|admin:localhost:40631|client:localhost:39857|dataStream:localhost:43249|priority:0|startupRole:FOLLOWER, s1|rpc:localhost:33451|admin:localhost:44731|client:localhost:43037|dataStream:localhost:43147|priority:0|startupRole:FOLLOWER, s2|rpc:localhost:38795|admin:localhost:34435|client:localhost:45091|dataStream:localhost:44871|priority:0|startupRole:FOLLOWER]|listeners:[], old=null
2023-01-06 13:31:09,775 [Time-limited test] WARN  ratis.RaftTestUtil (JavaUtils.java:attempt(217)) - FAILED "waitForLeader-null-(expectLeader? true)", attempt #3/100: java.lang.IllegalStateException: Leader: s0@group-013C6D6F97E1 not ready, sleep 450ms and then retry.
java.lang.IllegalStateException: Leader: s0@group-013C6D6F97E1 not ready
	at org.apache.ratis.RaftTestUtil.lambda$waitForLeader$3(RaftTestUtil.java:114)
	at org.apache.ratis.util.JavaUtils.attempt(JavaUtils.java:211)
	at org.apache.ratis.util.JavaUtils.attemptRepeatedly(JavaUtils.java:197)
	at org.apache.ratis.RaftTestUtil.waitForLeader(RaftTestUtil.java:111)
	at org.apache.ratis.RaftTestUtil.waitForLeader(RaftTestUtil.java:92)
	at org.apache.ratis.RaftTestUtil.waitForLeader(RaftTestUtil.java:87)
	at org.apache.ratis.grpc.TestRaftServerWithGrpc.testRaftClientRequestMetrics(TestRaftServerWithGrpc.java:308)
	at org.apache.ratis.server.impl.MiniRaftCluster$Factory$Get.runWithNewCluster(MiniRaftCluster.java:141)
	at org.apache.ratis.server.impl.MiniRaftCluster$Factory$Get.runWithNewCluster(MiniRaftCluster.java:121)
	at org.apache.ratis.grpc.TestRaftServerWithGrpc.testRaftClientMetrics(TestRaftServerWithGrpc.java:219)
	at java.base/jdk.internal.reflect.NativeMethodAccessorImpl.invoke0(Native Method)
	at java.base/jdk.internal.reflect.NativeMethodAccessorImpl.invoke(NativeMethodAccessorImpl.java:62)
	at java.base/jdk.internal.reflect.DelegatingMethodAccessorImpl.invoke(DelegatingMethodAccessorImpl.java:43)
	at java.base/java.lang.reflect.Method.invoke(Method.java:566)
	at org.junit.runners.model.FrameworkMethod$1.runReflectiveCall(FrameworkMethod.java:59)
	at org.junit.internal.runners.model.ReflectiveCallable.run(ReflectiveCallable.java:12)
	at org.junit.runners.model.FrameworkMethod.invokeExplosively(FrameworkMethod.java:56)
	at org.junit.internal.runners.statements.InvokeMethod.evaluate(InvokeMethod.java:17)
	at org.junit.internal.runners.statements.RunBefores.evaluate(RunBefores.java:26)
	at org.junit.internal.runners.statements.RunAfters.evaluate(RunAfters.java:27)
	at org.junit.internal.runners.statements.FailOnTimeout$CallableStatement.call(FailOnTimeout.java:299)
	at org.junit.internal.runners.statements.FailOnTimeout$CallableStatement.call(FailOnTimeout.java:293)
	at java.base/java.util.concurrent.FutureTask.run(FutureTask.java:264)
	at java.base/java.lang.Thread.run(Thread.java:829)
2023-01-06 13:31:09,792 [s2@group-013C6D6F97E1-SegmentedRaftLogWorker] INFO  segmented.SegmentedRaftLogWorker (SegmentedRaftLogWorker.java:execute(635)) - s2@group-013C6D6F97E1-SegmentedRaftLogWorker: created new log segment /home/runner/work/ratis/ratis/ratis-test/target/test/data/55e59b61/MiniRaftClusterWithGrpc1ccee48a/s2/cc7e9b62-8912-4ab2-aa78-013c6d6f97e1/current/log_inprogress_0
2023-01-06 13:31:09,793 [s0@group-013C6D6F97E1-SegmentedRaftLogWorker] INFO  segmented.SegmentedRaftLogWorker (SegmentedRaftLogWorker.java:execute(635)) - s0@group-013C6D6F97E1-SegmentedRaftLogWorker: created new log segment /home/runner/work/ratis/ratis/ratis-test/target/test/data/55e59b61/MiniRaftClusterWithGrpc1ccee48a/s0/cc7e9b62-8912-4ab2-aa78-013c6d6f97e1/current/log_inprogress_0
2023-01-06 13:31:09,795 [s1@group-013C6D6F97E1-SegmentedRaftLogWorker] INFO  segmented.SegmentedRaftLogWorker (SegmentedRaftLogWorker.java:execute(635)) - s1@group-013C6D6F97E1-SegmentedRaftLogWorker: created new log segment /home/runner/work/ratis/ratis/ratis-test/target/test/data/55e59b61/MiniRaftClusterWithGrpc1ccee48a/s1/cc7e9b62-8912-4ab2-aa78-013c6d6f97e1/current/log_inprogress_0
2023-01-06 13:31:10,227 [Time-limited test] INFO  ratis.RaftTestUtil (RaftTestUtil.java:waitForLeader(119)) - printing ALL groups
  s0:  RUNNING    LEADER s0@group-013C6D6F97E1:t1, leader=s0, voted=s0, raftlog=Memoized:s0@group-013C6D6F97E1-SegmentedRaftLog:OPENED:c0, conf=0: peers:[s0|rpc:localhost:38239|admin:localhost:40631|client:localhost:39857|dataStream:localhost:43249|priority:0|startupRole:FOLLOWER, s1|rpc:localhost:33451|admin:localhost:44731|client:localhost:43037|dataStream:localhost:43147|priority:0|startupRole:FOLLOWER, s2|rpc:localhost:38795|admin:localhost:34435|client:localhost:45091|dataStream:localhost:44871|priority:0|startupRole:FOLLOWER]|listeners:[], old=null RUNNING
  s1:  RUNNING  FOLLOWER s1@group-013C6D6F97E1:t1, leader=s0, voted=s1, raftlog=Memoized:s1@group-013C6D6F97E1-SegmentedRaftLog:OPENED:c0, conf=0: peers:[s0|rpc:localhost:38239|admin:localhost:40631|client:localhost:39857|dataStream:localhost:43249|priority:0|startupRole:FOLLOWER, s1|rpc:localhost:33451|admin:localhost:44731|client:localhost:43037|dataStream:localhost:43147|priority:0|startupRole:FOLLOWER, s2|rpc:localhost:38795|admin:localhost:34435|client:localhost:45091|dataStream:localhost:44871|priority:0|startupRole:FOLLOWER]|listeners:[], old=null RUNNING
  s2:  RUNNING  FOLLOWER s2@group-013C6D6F97E1:t1, leader=s0, voted=s0, raftlog=Memoized:s2@group-013C6D6F97E1-SegmentedRaftLog:OPENED:c0, conf=0: peers:[s0|rpc:localhost:38239|admin:localhost:40631|client:localhost:39857|dataStream:localhost:43249|priority:0|startupRole:FOLLOWER, s1|rpc:localhost:33451|admin:localhost:44731|client:localhost:43037|dataStream:localhost:43147|priority:0|startupRole:FOLLOWER, s2|rpc:localhost:38795|admin:localhost:34435|client:localhost:45091|dataStream:localhost:44871|priority:0|startupRole:FOLLOWER]|listeners:[], old=null RUNNING
2023-01-06 13:31:10,255 [Time-limited test] DEBUG client.GrpcClientProtocolClient (ConfUtils.java:logGet(46)) - raft.grpc.flow.control.window = 1MB (=1048576) (default)
2023-01-06 13:31:10,256 [Time-limited test] DEBUG client.GrpcClientProtocolClient (ConfUtils.java:logGet(46)) - raft.grpc.message.size.max = 64MB (=67108864) (default)
2023-01-06 13:31:10,327 [grpc-default-executor-2] TRACE client.GrpcClientProtocolClient (GrpcClientProtocolClient.java:onNext(311)) - client-F578A33D4331->s0: receive RaftClientReply:client-F578A33D4331->s0@group-013C6D6F97E1, cid=0, SUCCESS, logIndex=0, commits[s0:c0, s1:c0, s2:c0]
2023-01-06 13:31:10,354 [s0@group-013C6D6F97E1-StateMachineUpdater] INFO  impl.SimpleStateMachine4Testing (SimpleStateMachine4Testing.java:put(205)) - s0: put 1, testing -> (t:1, i:1), STATEMACHINELOGENTRY, 1@client-F578A33D4331
2023-01-06 13:31:10,358 [grpc-default-executor-2] TRACE client.GrpcClientProtocolClient (GrpcClientProtocolClient.java:onNext(311)) - client-F578A33D4331->s0: receive RaftClientReply:client-F578A33D4331->s0@group-013C6D6F97E1, cid=1, SUCCESS, logIndex=1, commits[s0:c1, s1:c0, s2:c0]
2023-01-06 13:31:10,362 [s2@group-013C6D6F97E1-StateMachineUpdater] INFO  impl.SimpleStateMachine4Testing (SimpleStateMachine4Testing.java:put(205)) - s2: put 1, testing -> (t:1, i:1), STATEMACHINELOGENTRY, 1@client-F578A33D4331
2023-01-06 13:31:10,363 [s1@group-013C6D6F97E1-StateMachineUpdater] INFO  impl.SimpleStateMachine4Testing (SimpleStateMachine4Testing.java:put(205)) - s1: put 1, testing -> (t:1, i:1), STATEMACHINELOGENTRY, 1@client-F578A33D4331
2023-01-06 13:31:10,382 [Time-limited test] INFO  impl.MiniRaftCluster (MiniRaftCluster.java:shutdown(831)) - ************************************************************** 
2023-01-06 13:31:10,382 [Time-limited test] INFO  impl.MiniRaftCluster (MiniRaftCluster.java:shutdown(832)) - *** 
2023-01-06 13:31:10,382 [Time-limited test] INFO  impl.MiniRaftCluster (MiniRaftCluster.java:shutdown(833)) - ***     Stopping MiniRaftClusterWithGrpc
2023-01-06 13:31:10,382 [Time-limited test] INFO  impl.MiniRaftCluster (MiniRaftCluster.java:shutdown(834)) - *** 
2023-01-06 13:31:10,382 [Time-limited test] INFO  impl.MiniRaftCluster (MiniRaftCluster.java:shutdown(835)) - ************************************************************** 
2023-01-06 13:31:10,382 [Time-limited test] INFO  impl.MiniRaftCluster (MiniRaftCluster.java:shutdown(836)) - printing ALL groups
  s0:  RUNNING    LEADER s0@group-013C6D6F97E1:t1, leader=s0, voted=s0, raftlog=Memoized:s0@group-013C6D6F97E1-SegmentedRaftLog:OPENED:c2, conf=0: peers:[s0|rpc:localhost:38239|admin:localhost:40631|client:localhost:39857|dataStream:localhost:43249|priority:0|startupRole:FOLLOWER, s1|rpc:localhost:33451|admin:localhost:44731|client:localhost:43037|dataStream:localhost:43147|priority:0|startupRole:FOLLOWER, s2|rpc:localhost:38795|admin:localhost:34435|client:localhost:45091|dataStream:localhost:44871|priority:0|startupRole:FOLLOWER]|listeners:[], old=null RUNNING
  s1:  RUNNING  FOLLOWER s1@group-013C6D6F97E1:t1, leader=s0, voted=s1, raftlog=Memoized:s1@group-013C6D6F97E1-SegmentedRaftLog:OPENED:c1, conf=0: peers:[s0|rpc:localhost:38239|admin:localhost:40631|client:localhost:39857|dataStream:localhost:43249|priority:0|startupRole:FOLLOWER, s1|rpc:localhost:33451|admin:localhost:44731|client:localhost:43037|dataStream:localhost:43147|priority:0|startupRole:FOLLOWER, s2|rpc:localhost:38795|admin:localhost:34435|client:localhost:45091|dataStream:localhost:44871|priority:0|startupRole:FOLLOWER]|listeners:[], old=null RUNNING
  s2:  RUNNING  FOLLOWER s2@group-013C6D6F97E1:t1, leader=s0, voted=s0, raftlog=Memoized:s2@group-013C6D6F97E1-SegmentedRaftLog:OPENED:c1, conf=0: peers:[s0|rpc:localhost:38239|admin:localhost:40631|client:localhost:39857|dataStream:localhost:43249|priority:0|startupRole:FOLLOWER, s1|rpc:localhost:33451|admin:localhost:44731|client:localhost:43037|dataStream:localhost:43147|priority:0|startupRole:FOLLOWER, s2|rpc:localhost:38795|admin:localhost:34435|client:localhost:45091|dataStream:localhost:44871|priority:0|startupRole:FOLLOWER]|listeners:[], old=null RUNNING
2023-01-06 13:31:10,384 [MiniRaftCluster-1] INFO  server.RaftServer (RaftServerProxy.java:lambda$close$7(412)) - s0: close
2023-01-06 13:31:10,385 [MiniRaftCluster-2] INFO  server.RaftServer (RaftServerProxy.java:lambda$close$7(412)) - s1: close
2023-01-06 13:31:10,390 [MiniRaftCluster-3] INFO  server.RaftServer (RaftServerProxy.java:lambda$close$7(412)) - s2: close
2023-01-06 13:31:10,388 [MiniRaftCluster-1] INFO  server.GrpcService (GrpcService.java:closeImpl(311)) - s0: shutdown server org.apache.ratis.grpc.server.GrpcClientProtocolService now
2023-01-06 13:31:10,388 [s0-impl-thread1] INFO  server.RaftServer$Division (RaftServerImpl.java:lambda$close$4(462)) - s0@group-013C6D6F97E1: shutdown
2023-01-06 13:31:10,391 [s0-impl-thread1] INFO  util.JmxRegister (JmxRegister.java:unregister(73)) - Successfully un-registered JMX Bean with object name Ratis:service=RaftServer,group=group-013C6D6F97E1,id=s0
2023-01-06 13:31:10,391 [s0-impl-thread1] INFO  impl.RoleInfo (RoleInfo.java:shutdownLeaderState(93)) - s0: shutdown s0@group-013C6D6F97E1-LeaderStateImpl
2023-01-06 13:31:10,392 [s0-impl-thread1] INFO  impl.PendingRequests (PendingRequests.java:sendNotLeaderResponses(282)) - s0@group-013C6D6F97E1-PendingRequests: sendNotLeaderResponses
2023-01-06 13:31:10,391 [MiniRaftCluster-2] INFO  server.GrpcService (GrpcService.java:closeImpl(311)) - s1: shutdown server org.apache.ratis.grpc.server.GrpcClientProtocolService now
2023-01-06 13:31:10,391 [s1-impl-thread1] INFO  server.RaftServer$Division (RaftServerImpl.java:lambda$close$4(462)) - s1@group-013C6D6F97E1: shutdown
2023-01-06 13:31:10,398 [s1-impl-thread1] INFO  util.JmxRegister (JmxRegister.java:unregister(73)) - Successfully un-registered JMX Bean with object name Ratis:service=RaftServer,group=group-013C6D6F97E1,id=s1
2023-01-06 13:31:10,398 [s1-impl-thread1] INFO  impl.RoleInfo (RoleInfo.java:shutdownFollowerState(110)) - s1: shutdown s1@group-013C6D6F97E1-FollowerState
2023-01-06 13:31:10,398 [s1-impl-thread1] INFO  impl.StateMachineUpdater (StateMachineUpdater.java:stopAndJoin(154)) - s1@group-013C6D6F97E1-StateMachineUpdater: set stopIndex = 1
2023-01-06 13:31:10,398 [s1@group-013C6D6F97E1-FollowerState] INFO  impl.FollowerState (FollowerState.java:run(152)) - s1@group-013C6D6F97E1-FollowerState was interrupted
2023-01-06 13:31:10,394 [s0@group-013C6D6F97E1->s2-GrpcLogAppender-LogAppenderDaemon] WARN  server.GrpcLogAppender (GrpcLogAppender.java:mayWait(199)) - s0@group-013C6D6F97E1->s2-GrpcLogAppender: Wait interrupted by java.lang.InterruptedException
2023-01-06 13:31:10,394 [s0@group-013C6D6F97E1->s1-GrpcLogAppender-LogAppenderDaemon] WARN  server.GrpcLogAppender (GrpcLogAppender.java:mayWait(199)) - s0@group-013C6D6F97E1->s1-GrpcLogAppender: Wait interrupted by java.lang.InterruptedException
2023-01-06 13:31:10,400 [s2-impl-thread1] INFO  server.RaftServer$Division (RaftServerImpl.java:lambda$close$4(462)) - s2@group-013C6D6F97E1: shutdown
2023-01-06 13:31:10,404 [s2-impl-thread1] INFO  util.JmxRegister (JmxRegister.java:unregister(73)) - Successfully un-registered JMX Bean with object name Ratis:service=RaftServer,group=group-013C6D6F97E1,id=s2
2023-01-06 13:31:10,405 [s2-impl-thread1] INFO  impl.RoleInfo (RoleInfo.java:shutdownFollowerState(110)) - s2: shutdown s2@group-013C6D6F97E1-FollowerState
2023-01-06 13:31:10,405 [s2-impl-thread1] INFO  impl.StateMachineUpdater (StateMachineUpdater.java:stopAndJoin(154)) - s2@group-013C6D6F97E1-StateMachineUpdater: set stopIndex = 1
2023-01-06 13:31:10,406 [s2-impl-thread1] INFO  server.RaftServer$Division (ServerState.java:close(414)) - s2@group-013C6D6F97E1: applyIndex: 1
2023-01-06 13:31:10,407 [s2@group-013C6D6F97E1-SegmentedRaftLogWorker] INFO  segmented.SegmentedRaftLogWorker (SegmentedRaftLogWorker.java:run(334)) - s2@group-013C6D6F97E1-SegmentedRaftLogWorker was interrupted, exiting. There are 0 tasks remaining in the queue.
2023-01-06 13:31:10,408 [grpc-default-executor-3] INFO  server.GrpcServerProtocolService (GrpcServerProtocolService.java:onCompleted(143)) - s1: Completed APPEND_ENTRIES, lastRequest: s0->s1#20-t1,previous=(t:1, i:1),leaderCommit=1,initializing? true,entries: size=1, first=(t:1, i:2), METADATAENTRY(c:1)
2023-01-06 13:31:10,408 [s2@group-013C6D6F97E1-FollowerState] INFO  impl.FollowerState (FollowerState.java:run(152)) - s2@group-013C6D6F97E1-FollowerState was interrupted
2023-01-06 13:31:10,399 [s1-impl-thread1] INFO  server.RaftServer$Division (ServerState.java:close(414)) - s1@group-013C6D6F97E1: applyIndex: 1
2023-01-06 13:31:10,409 [s1@group-013C6D6F97E1-SegmentedRaftLogWorker] INFO  segmented.SegmentedRaftLogWorker (SegmentedRaftLogWorker.java:run(334)) - s1@group-013C6D6F97E1-SegmentedRaftLogWorker was interrupted, exiting. There are 0 tasks remaining in the queue.
2023-01-06 13:31:10,410 [grpc-default-executor-3] INFO  server.GrpcServerProtocolService (GrpcServerProtocolService.java:onCompleted(143)) - s2: Completed APPEND_ENTRIES, lastRequest: s0->s2#18-t1,previous=(t:1, i:1),leaderCommit=1,initializing? true,entries: size=1, first=(t:1, i:2), METADATAENTRY(c:1)
2023-01-06 13:31:10,404 [s0-impl-thread1] INFO  impl.StateMachineUpdater (StateMachineUpdater.java:stopAndJoin(154)) - s0@group-013C6D6F97E1-StateMachineUpdater: set stopIndex = 2
2023-01-06 13:31:10,412 [s0-impl-thread1] INFO  server.RaftServer$Division (ServerState.java:close(414)) - s0@group-013C6D6F97E1: applyIndex: 2
2023-01-06 13:31:10,412 [ForkJoinPool.commonPool-worker-3] INFO  server.GrpcServerProtocolClient (GrpcServerProtocolClient.java:close(101)) - s1 Close channels
2023-01-06 13:31:10,410 [grpc-default-executor-2] INFO  server.GrpcLogAppender (GrpcLogAppender.java:onCompleted(413)) - s0@group-013C6D6F97E1->s1-AppendLogResponseHandler: follower responses appendEntries COMPLETED
2023-01-06 13:31:10,413 [grpc-default-executor-2] WARN  server.GrpcLogAppender (GrpcLogAppender.java:resetClient(136)) - s0@group-013C6D6F97E1->s1-GrpcLogAppender: Failed to getClient for s1
org.apache.ratis.protocol.exceptions.AlreadyClosedException: s0 is already CLOSED
	at org.apache.ratis.util.PeerProxyMap$PeerAndProxy.getProxy(PeerProxyMap.java:61)
	at org.apache.ratis.util.PeerProxyMap.getProxy(PeerProxyMap.java:115)
	at org.apache.ratis.grpc.server.GrpcLogAppender.getClient(GrpcLogAppender.java:115)
	at org.apache.ratis.grpc.server.GrpcLogAppender.resetClient(GrpcLogAppender.java:120)
	at org.apache.ratis.grpc.server.GrpcLogAppender.access$500(GrpcLogAppender.java:57)
	at org.apache.ratis.grpc.server.GrpcLogAppender$AppendLogResponseHandler.onCompleted(GrpcLogAppender.java:414)
	at org.apache.ratis.thirdparty.io.grpc.stub.ClientCalls$StreamObserverToCallListenerAdapter.onClose(ClientCalls.java:485)
	at org.apache.ratis.thirdparty.io.grpc.internal.ClientCallImpl.closeObserver(ClientCallImpl.java:562)
	at org.apache.ratis.thirdparty.io.grpc.internal.ClientCallImpl.access$300(ClientCallImpl.java:70)
	at org.apache.ratis.thirdparty.io.grpc.internal.ClientCallImpl$ClientStreamListenerImpl$1StreamClosed.runInternal(ClientCallImpl.java:743)
	at org.apache.ratis.thirdparty.io.grpc.internal.ClientCallImpl$ClientStreamListenerImpl$1StreamClosed.runInContext(ClientCallImpl.java:722)
	at org.apache.ratis.thirdparty.io.grpc.internal.ContextRunnable.run(ContextRunnable.java:37)
	at org.apache.ratis.thirdparty.io.grpc.internal.SerializingExecutor.run(SerializingExecutor.java:133)
	at java.base/java.util.concurrent.ThreadPoolExecutor.runWorker(ThreadPoolExecutor.java:1128)
	at java.base/java.util.concurrent.ThreadPoolExecutor$Worker.run(ThreadPoolExecutor.java:628)
	at java.base/java.lang.Thread.run(Thread.java:829)
2023-01-06 13:31:10,411 [grpc-default-executor-8] INFO  server.GrpcLogAppender (GrpcLogAppender.java:onCompleted(413)) - s0@group-013C6D6F97E1->s2-AppendLogResponseHandler: follower responses appendEntries COMPLETED
2023-01-06 13:31:10,415 [grpc-default-executor-8] INFO  leader.FollowerInfo (FollowerInfoImpl.java:lambda$new$0(48)) - s0@group-013C6D6F97E1->s2: nextIndex: updateUnconditionally 3 -> 2
2023-01-06 13:31:10,417 [MiniRaftCluster-3] INFO  server.GrpcService (GrpcService.java:closeImpl(311)) - s2: shutdown server org.apache.ratis.grpc.server.GrpcClientProtocolService now
2023-01-06 13:31:10,417 [s0@group-013C6D6F97E1-SegmentedRaftLogWorker] INFO  segmented.SegmentedRaftLogWorker (SegmentedRaftLogWorker.java:run(334)) - s0@group-013C6D6F97E1-SegmentedRaftLogWorker was interrupted, exiting. There are 0 tasks remaining in the queue.
2023-01-06 13:31:10,417 [s1-impl-thread1] INFO  segmented.SegmentedRaftLogWorker (SegmentedRaftLogWorker.java:close(247)) - s1@group-013C6D6F97E1-SegmentedRaftLogWorker close()
2023-01-06 13:31:10,418 [s2-impl-thread1] INFO  segmented.SegmentedRaftLogWorker (SegmentedRaftLogWorker.java:close(247)) - s2@group-013C6D6F97E1-SegmentedRaftLogWorker close()
2023-01-06 13:31:10,424 [MiniRaftCluster-2] INFO  server.GrpcServerProtocolClient (GrpcServerProtocolClient.java:close(101)) - s0 Close channels
2023-01-06 13:31:10,425 [ForkJoinPool.commonPool-worker-3] INFO  server.GrpcServerProtocolClient (GrpcServerProtocolClient.java:close(101)) - s2 Close channels
2023-01-06 13:31:10,426 [MiniRaftCluster-1] INFO  server.GrpcService (GrpcService.java:closeImpl(320)) - s0: shutdown server org.apache.ratis.grpc.server.GrpcClientProtocolService successfully
2023-01-06 13:31:10,426 [MiniRaftCluster-1] INFO  server.GrpcService (GrpcService.java:closeImpl(311)) - s0: shutdown server GrpcServerProtocolService now
2023-01-06 13:31:10,428 [s0-impl-thread1] INFO  segmented.SegmentedRaftLogWorker (SegmentedRaftLogWorker.java:close(247)) - s0@group-013C6D6F97E1-SegmentedRaftLogWorker close()
2023-01-06 13:31:10,430 [MiniRaftCluster-2] INFO  server.GrpcServerProtocolClient (GrpcServerProtocolClient.java:close(101)) - s2 Close channels
2023-01-06 13:31:10,431 [MiniRaftCluster-1] INFO  server.GrpcService (GrpcService.java:closeImpl(320)) - s0: shutdown server GrpcServerProtocolService successfully
2023-01-06 13:31:10,431 [MiniRaftCluster-1] INFO  server.GrpcService (GrpcService.java:closeImpl(311)) - s0: shutdown server org.apache.ratis.grpc.server.GrpcAdminProtocolService now
2023-01-06 13:31:10,431 [MiniRaftCluster-1] INFO  server.GrpcService (GrpcService.java:closeImpl(320)) - s0: shutdown server org.apache.ratis.grpc.server.GrpcAdminProtocolService successfully
2023-01-06 13:31:10,432 [JvmPauseMonitor0] INFO  util.JvmPauseMonitor (JvmPauseMonitor.java:run(111)) - JvmPauseMonitor-s0: Stopped
2023-01-06 13:31:10,432 [MiniRaftCluster-3] INFO  server.GrpcServerProtocolClient (GrpcServerProtocolClient.java:close(101)) - s0 Close channels
2023-01-06 13:31:10,435 [MiniRaftCluster-2] INFO  server.GrpcService (GrpcService.java:closeImpl(320)) - s1: shutdown server org.apache.ratis.grpc.server.GrpcClientProtocolService successfully
2023-01-06 13:31:10,435 [MiniRaftCluster-2] INFO  server.GrpcService (GrpcService.java:closeImpl(311)) - s1: shutdown server GrpcServerProtocolService now
2023-01-06 13:31:10,437 [MiniRaftCluster-2] INFO  server.GrpcService (GrpcService.java:closeImpl(320)) - s1: shutdown server GrpcServerProtocolService successfully
2023-01-06 13:31:10,437 [MiniRaftCluster-2] INFO  server.GrpcService (GrpcService.java:closeImpl(311)) - s1: shutdown server org.apache.ratis.grpc.server.GrpcAdminProtocolService now
2023-01-06 13:31:10,437 [MiniRaftCluster-2] INFO  server.GrpcService (GrpcService.java:closeImpl(320)) - s1: shutdown server org.apache.ratis.grpc.server.GrpcAdminProtocolService successfully
2023-01-06 13:31:10,437 [JvmPauseMonitor1] INFO  util.JvmPauseMonitor (JvmPauseMonitor.java:run(111)) - JvmPauseMonitor-s1: Stopped
2023-01-06 13:31:10,438 [MiniRaftCluster-3] INFO  server.GrpcServerProtocolClient (GrpcServerProtocolClient.java:close(101)) - s1 Close channels
2023-01-06 13:31:10,438 [MiniRaftCluster-3] INFO  server.GrpcService (GrpcService.java:closeImpl(320)) - s2: shutdown server org.apache.ratis.grpc.server.GrpcClientProtocolService successfully
2023-01-06 13:31:10,438 [MiniRaftCluster-3] INFO  server.GrpcService (GrpcService.java:closeImpl(311)) - s2: shutdown server GrpcServerProtocolService now
2023-01-06 13:31:10,439 [MiniRaftCluster-3] INFO  server.GrpcService (GrpcService.java:closeImpl(320)) - s2: shutdown server GrpcServerProtocolService successfully
2023-01-06 13:31:10,439 [MiniRaftCluster-3] INFO  server.GrpcService (GrpcService.java:closeImpl(311)) - s2: shutdown server org.apache.ratis.grpc.server.GrpcAdminProtocolService now
2023-01-06 13:31:10,442 [MiniRaftCluster-3] INFO  server.GrpcService (GrpcService.java:closeImpl(320)) - s2: shutdown server org.apache.ratis.grpc.server.GrpcAdminProtocolService successfully
2023-01-06 13:31:10,443 [JvmPauseMonitor2] INFO  util.JvmPauseMonitor (JvmPauseMonitor.java:run(111)) - JvmPauseMonitor-s2: Stopped
2023-01-06 13:31:10,444 [Time-limited test] INFO  impl.MiniRaftCluster (MiniRaftCluster.java:shutdown(855)) - MiniRaftClusterWithGrpc shutdown completed
]]></system-out>
  </testcase>
  <testcase name="testTlsWithKeyAndTrustManager[0]" classname="org.apache.ratis.grpc.TestRaftServerWithGrpc" time="2.227"/>
  <testcase name="testRaftServerMetrics[0]" classname="org.apache.ratis.grpc.TestRaftServerWithGrpc" time="1.239"/>
  <testcase name="testUnsupportedMethods[0]" classname="org.apache.ratis.grpc.TestRaftServerWithGrpc" time="0.492"/>
  <testcase name="testServerRestartOnException[0]" classname="org.apache.ratis.grpc.TestRaftServerWithGrpc" time="4.528"/>
  <testcase name="testLeaderRestart[0]" classname="org.apache.ratis.grpc.TestRaftServerWithGrpc" time="5.062"/>
  <testcase name="testRaftClientMetrics[1]" classname="org.apache.ratis.grpc.TestRaftServerWithGrpc" time="4.821"/>
  <testcase name="testTlsWithKeyAndTrustManager[1]" classname="org.apache.ratis.grpc.TestRaftServerWithGrpc" time="1.418"/>
  <testcase name="testRaftServerMetrics[1]" classname="org.apache.ratis.grpc.TestRaftServerWithGrpc" time="1.04"/>
  <testcase name="testUnsupportedMethods[1]" classname="org.apache.ratis.grpc.TestRaftServerWithGrpc" time="0.498"/>
  <testcase name="testServerRestartOnException[1]" classname="org.apache.ratis.grpc.TestRaftServerWithGrpc" time="4.514"/>
  <testcase name="testLeaderRestart[1]" classname="org.apache.ratis.grpc.TestRaftServerWithGrpc" time="5.568"/>
</testsuite>