<?xml version="1.0" encoding="UTF-8"?>
<testsuite xmlns:xsi="http://www.w3.org/2001/XMLSchema-instance" xsi:noNamespaceSchemaLocation="https://maven.apache.org/surefire/maven-surefire-plugin/xsd/surefire-test-report.xsd" name="org.apache.ratis.grpc.TestLeaderInstallSnapshot" time="14.508" tests="4" errors="0" skipped="0" failures="1">
  <properties>
    <property name="awt.toolkit" value="sun.awt.X11.XToolkit"/>
    <property name="java.specification.version" value="11"/>
    <property name="sun.cpu.isalist" value=""/>
    <property name="sun.jnu.encoding" value="UTF-8"/>
    <property name="java.class.path" value="/home/runner/work/ratis/ratis/ratis-test/target/test-classes:/home/runner/work/ratis/ratis/ratis-test/target/classes:/home/runner/work/ratis/ratis/ratis-common/target/classes:/home/runner/.m2/repository/org/apache/ratis/ratis-thirdparty-misc/1.0.3/ratis-thirdparty-misc-1.0.3.jar:/home/runner/work/ratis/ratis/ratis-proto/target/ratis-proto-3.0.0-SNAPSHOT.jar:/home/runner/work/ratis/ratis/ratis-common/target/test-classes:/home/runner/work/ratis/ratis/ratis-client/target/classes:/home/runner/work/ratis/ratis/ratis-server/target/classes:/home/runner/work/ratis/ratis/ratis-server-api/target/classes:/home/runner/work/ratis/ratis/ratis-metrics-api/target/classes:/home/runner/work/ratis/ratis/ratis-server/target/test-classes:/home/runner/work/ratis/ratis/ratis-metrics-default/target/classes:/home/runner/work/ratis/ratis/ratis-netty/target/classes:/home/runner/work/ratis/ratis/ratis-netty/target/test-classes:/home/runner/work/ratis/ratis/ratis-grpc/target/classes:/home/runner/work/ratis/ratis/ratis-grpc/target/test-classes:/home/runner/work/ratis/ratis/ratis-shell/target/classes:/home/runner/.m2/repository/commons-cli/commons-cli/1.5.0/commons-cli-1.5.0.jar:/home/runner/.m2/repository/org/reflections/reflections/0.10.2/reflections-0.10.2.jar:/home/runner/.m2/repository/org/javassist/javassist/3.28.0-GA/javassist-3.28.0-GA.jar:/home/runner/.m2/repository/com/google/code/findbugs/jsr305/3.0.2/jsr305-3.0.2.jar:/home/runner/.m2/repository/org/bouncycastle/bcprov-jdk15on/1.70/bcprov-jdk15on-1.70.jar:/home/runner/.m2/repository/org/bouncycastle/bcpkix-jdk15on/1.70/bcpkix-jdk15on-1.70.jar:/home/runner/.m2/repository/org/bouncycastle/bcutil-jdk15on/1.70/bcutil-jdk15on-1.70.jar:/home/runner/.m2/repository/org/slf4j/slf4j-api/1.7.36/slf4j-api-1.7.36.jar:/home/runner/.m2/repository/org/slf4j/slf4j-reload4j/1.7.36/slf4j-reload4j-1.7.36.jar:/home/runner/.m2/repository/ch/qos/reload4j/reload4j/1.2.19/reload4j-1.2.19.jar:/home/runner/.m2/repository/junit/junit/4.13.2/junit-4.13.2.jar:/home/runner/.m2/repository/org/hamcrest/hamcrest-core/1.3/hamcrest-core-1.3.jar:/home/runner/.m2/repository/org/mockito/mockito-core/4.3.1/mockito-core-4.3.1.jar:/home/runner/.m2/repository/net/bytebuddy/byte-buddy/1.12.7/byte-buddy-1.12.7.jar:/home/runner/.m2/repository/net/bytebuddy/byte-buddy-agent/1.12.7/byte-buddy-agent-1.12.7.jar:/home/runner/.m2/repository/org/objenesis/objenesis/3.2/objenesis-3.2.jar:"/>
    <property name="java.vm.vendor" value="Eclipse Adoptium"/>
    <property name="sun.arch.data.model" value="64"/>
    <property name="java.vendor.url" value="https://adoptium.net/"/>
    <property name="user.timezone" value=""/>
    <property name="java.vm.specification.version" value="11"/>
    <property name="os.name" value="Linux"/>
    <property name="sun.java.launcher" value="SUN_STANDARD"/>
    <property name="sun.boot.library.path" value="/usr/lib/jvm/temurin-11-jdk-amd64/lib"/>
    <property name="sun.java.command" value="/home/runner/work/ratis/ratis/ratis-test/target/surefire/surefirebooter15701324781723958483.jar /home/runner/work/ratis/ratis/ratis-test/target/surefire 2023-03-20T09-46-12_314-jvmRun1 surefire8552851126096152179tmp surefire_213049382476309411207tmp"/>
    <property name="jdk.debug" value="release"/>
    <property name="surefire.test.class.path" value="/home/runner/work/ratis/ratis/ratis-test/target/test-classes:/home/runner/work/ratis/ratis/ratis-test/target/classes:/home/runner/work/ratis/ratis/ratis-common/target/classes:/home/runner/.m2/repository/org/apache/ratis/ratis-thirdparty-misc/1.0.3/ratis-thirdparty-misc-1.0.3.jar:/home/runner/work/ratis/ratis/ratis-proto/target/ratis-proto-3.0.0-SNAPSHOT.jar:/home/runner/work/ratis/ratis/ratis-common/target/test-classes:/home/runner/work/ratis/ratis/ratis-client/target/classes:/home/runner/work/ratis/ratis/ratis-server/target/classes:/home/runner/work/ratis/ratis/ratis-server-api/target/classes:/home/runner/work/ratis/ratis/ratis-metrics-api/target/classes:/home/runner/work/ratis/ratis/ratis-server/target/test-classes:/home/runner/work/ratis/ratis/ratis-metrics-default/target/classes:/home/runner/work/ratis/ratis/ratis-netty/target/classes:/home/runner/work/ratis/ratis/ratis-netty/target/test-classes:/home/runner/work/ratis/ratis/ratis-grpc/target/classes:/home/runner/work/ratis/ratis/ratis-grpc/target/test-classes:/home/runner/work/ratis/ratis/ratis-shell/target/classes:/home/runner/.m2/repository/commons-cli/commons-cli/1.5.0/commons-cli-1.5.0.jar:/home/runner/.m2/repository/org/reflections/reflections/0.10.2/reflections-0.10.2.jar:/home/runner/.m2/repository/org/javassist/javassist/3.28.0-GA/javassist-3.28.0-GA.jar:/home/runner/.m2/repository/com/google/code/findbugs/jsr305/3.0.2/jsr305-3.0.2.jar:/home/runner/.m2/repository/org/bouncycastle/bcprov-jdk15on/1.70/bcprov-jdk15on-1.70.jar:/home/runner/.m2/repository/org/bouncycastle/bcpkix-jdk15on/1.70/bcpkix-jdk15on-1.70.jar:/home/runner/.m2/repository/org/bouncycastle/bcutil-jdk15on/1.70/bcutil-jdk15on-1.70.jar:/home/runner/.m2/repository/org/slf4j/slf4j-api/1.7.36/slf4j-api-1.7.36.jar:/home/runner/.m2/repository/org/slf4j/slf4j-reload4j/1.7.36/slf4j-reload4j-1.7.36.jar:/home/runner/.m2/repository/ch/qos/reload4j/reload4j/1.2.19/reload4j-1.2.19.jar:/home/runner/.m2/repository/junit/junit/4.13.2/junit-4.13.2.jar:/home/runner/.m2/repository/org/hamcrest/hamcrest-core/1.3/hamcrest-core-1.3.jar:/home/runner/.m2/repository/org/mockito/mockito-core/4.3.1/mockito-core-4.3.1.jar:/home/runner/.m2/repository/net/bytebuddy/byte-buddy/1.12.7/byte-buddy-1.12.7.jar:/home/runner/.m2/repository/net/bytebuddy/byte-buddy-agent/1.12.7/byte-buddy-agent-1.12.7.jar:/home/runner/.m2/repository/org/objenesis/objenesis/3.2/objenesis-3.2.jar:"/>
    <property name="sun.cpu.endian" value="little"/>
    <property name="user.home" value="/home/runner"/>
    <property name="user.language" value="en"/>
    <property name="java.specification.vendor" value="Oracle Corporation"/>
    <property name="java.version.date" value="2023-01-17"/>
    <property name="java.home" value="/usr/lib/jvm/temurin-11-jdk-amd64"/>
    <property name="file.separator" value="/"/>
    <property name="basedir" value="/home/runner/work/ratis/ratis/ratis-test"/>
    <property name="java.vm.compressedOopsMode" value="32-bit"/>
    <property name="line.separator" value="&#10;"/>
    <property name="java.specification.name" value="Java Platform API Specification"/>
    <property name="java.vm.specification.vendor" value="Oracle Corporation"/>
    <property name="java.awt.graphicsenv" value="sun.awt.X11GraphicsEnvironment"/>
    <property name="surefire.real.class.path" value="/home/runner/work/ratis/ratis/ratis-test/target/surefire/surefirebooter15701324781723958483.jar"/>
    <property name="sun.management.compiler" value="HotSpot 64-Bit Tiered Compilers"/>
    <property name="java.runtime.version" value="11.0.18+10"/>
    <property name="user.name" value="runner"/>
    <property name="java.net.preferIPv4Stack" value="true"/>
    <property name="path.separator" value=":"/>
    <property name="os.version" value="5.15.0-1034-azure"/>
    <property name="java.runtime.name" value="OpenJDK Runtime Environment"/>
    <property name="file.encoding" value="UTF-8"/>
    <property name="java.vm.name" value="OpenJDK 64-Bit Server VM"/>
    <property name="java.vendor.version" value="Temurin-11.0.18+10"/>
    <property name="localRepository" value="/home/runner/.m2/repository"/>
    <property name="java.vendor.url.bug" value="https://github.com/adoptium/adoptium-support/issues"/>
    <property name="java.io.tmpdir" value="/tmp"/>
    <property name="java.version" value="11.0.18"/>
    <property name="user.dir" value="/home/runner/work/ratis/ratis/ratis-test"/>
    <property name="os.arch" value="amd64"/>
    <property name="ratis.tmp.dir" value="/home/runner/work/ratis/ratis/ratis-test/target/tmp"/>
    <property name="java.vm.specification.name" value="Java Virtual Machine Specification"/>
    <property name="java.awt.printerjob" value="sun.print.PSPrinterJob"/>
    <property name="ratis.log.dir" value="/home/runner/work/ratis/ratis/ratis-test/target/log"/>
    <property name="sun.os.patch.level" value="unknown"/>
    <property name="java.library.path" value="/usr/java/packages/lib:/usr/lib64:/lib64:/lib:/usr/lib"/>
    <property name="java.vm.info" value="mixed mode"/>
    <property name="java.vendor" value="Eclipse Adoptium"/>
    <property name="java.vm.version" value="11.0.18+10"/>
    <property name="sun.io.unicode.encoding" value="UnicodeLittle"/>
    <property name="java.class.version" value="55.0"/>
  </properties>
  <testcase name="testMultiFileInstallSnapshot[0]" classname="org.apache.ratis.grpc.TestLeaderInstallSnapshot" time="3.647"/>
  <testcase name="testSeparateSnapshotInstallPath[0]" classname="org.apache.ratis.grpc.TestLeaderInstallSnapshot" time="2.162"/>
  <testcase name="testMultiFileInstallSnapshot[1]" classname="org.apache.ratis.grpc.TestLeaderInstallSnapshot" time="6.281">
    <failure type="java.lang.AssertionError">java.lang.AssertionError
	at org.junit.Assert.fail(Assert.java:87)
	at org.junit.Assert.assertTrue(Assert.java:42)
	at org.junit.Assert.assertNotNull(Assert.java:713)
	at org.junit.Assert.assertNotNull(Assert.java:723)
	at org.apache.ratis.InstallSnapshotFromLeaderTests.testMultiFileInstallSnapshot(InstallSnapshotFromLeaderTests.java:121)
	at org.apache.ratis.server.impl.MiniRaftCluster$Factory$Get.runWithNewCluster(MiniRaftCluster.java:141)
	at org.apache.ratis.server.impl.MiniRaftCluster$Factory$Get.runWithNewCluster(MiniRaftCluster.java:121)
	at org.apache.ratis.InstallSnapshotFromLeaderTests.testMultiFileInstallSnapshot(InstallSnapshotFromLeaderTests.java:79)
	at java.base/jdk.internal.reflect.NativeMethodAccessorImpl.invoke0(Native Method)
	at java.base/jdk.internal.reflect.NativeMethodAccessorImpl.invoke(NativeMethodAccessorImpl.java:62)
	at java.base/jdk.internal.reflect.DelegatingMethodAccessorImpl.invoke(DelegatingMethodAccessorImpl.java:43)
	at java.base/java.lang.reflect.Method.invoke(Method.java:566)
	at org.junit.runners.model.FrameworkMethod$1.runReflectiveCall(FrameworkMethod.java:59)
	at org.junit.internal.runners.model.ReflectiveCallable.run(ReflectiveCallable.java:12)
	at org.junit.runners.model.FrameworkMethod.invokeExplosively(FrameworkMethod.java:56)
	at org.junit.internal.runners.statements.InvokeMethod.evaluate(InvokeMethod.java:17)
	at org.junit.internal.runners.statements.RunAfters.evaluate(RunAfters.java:27)
	at org.junit.internal.runners.statements.FailOnTimeout$CallableStatement.call(FailOnTimeout.java:299)
	at org.junit.internal.runners.statements.FailOnTimeout$CallableStatement.call(FailOnTimeout.java:293)
	at java.base/java.util.concurrent.FutureTask.run(FutureTask.java:264)
	at java.base/java.lang.Thread.run(Thread.java:829)
</failure>
    <system-out><![CDATA[2023-03-20 09:47:15,455 [main] INFO  util.LogUtils (Slf4jUtils.java:setLogLevel(38)) - Successfully set org.apache.ratis.conf.ConfUtils log level to WARN
2023-03-20 09:47:15,455 [main] INFO  util.LogUtils (Slf4jUtils.java:setLogLevel(38)) - Successfully set org.apache.ratis.util.FileUtils log level to TRACE
2023-03-20 09:47:15,456 [Time-limited test] INFO  impl.MiniRaftCluster (MiniRaftCluster.java:runWithNewCluster(135)) - Running runWithNewCluster
2023-03-20 09:47:15,457 [Time-limited test] INFO  impl.MiniRaftCluster (MiniRaftCluster.java:<init>(306)) - new MiniRaftClusterWithGrpc with group-2D594602B191:[s0|rpc:localhost:45925|admin:localhost:44951|client:localhost:40615|dataStream:localhost:33373|priority:0|startupRole:FOLLOWER]
2023-03-20 09:47:15,457 [Time-limited test] INFO  impl.MiniRaftCluster (MiniRaftCluster.java:start(339)) - .............................................................. 
2023-03-20 09:47:15,457 [Time-limited test] INFO  impl.MiniRaftCluster (MiniRaftCluster.java:start(340)) - ... 
2023-03-20 09:47:15,457 [Time-limited test] INFO  impl.MiniRaftCluster (MiniRaftCluster.java:start(341)) - ...     Starting MiniRaftClusterWithGrpc
2023-03-20 09:47:15,457 [Time-limited test] INFO  impl.MiniRaftCluster (MiniRaftCluster.java:start(342)) - ... 
2023-03-20 09:47:15,457 [Time-limited test] INFO  impl.MiniRaftCluster (MiniRaftCluster.java:start(343)) - .............................................................. 
2023-03-20 09:47:15,457 [Time-limited test] INFO  impl.MiniRaftCluster (MiniRaftCluster.java:initServers(318)) - servers = {}
2023-03-20 09:47:15,457 [Time-limited test] INFO  impl.MiniRaftCluster (MiniRaftCluster.java:newRaftServer(382)) - newRaftServer: s0, group-2D594602B191:[s0|rpc:localhost:45925|admin:localhost:44951|client:localhost:40615|dataStream:localhost:33373|priority:0|startupRole:FOLLOWER], format? true
2023-03-20 09:47:15,457 [Time-limited test] TRACE util.FileUtils (FileUtils.java:deleteFully(201)) - deleteFully target/test/data/1ffe5b81/MiniRaftClusterWithGrpc89ffc592/s0
2023-03-20 09:47:15,457 [Time-limited test] TRACE util.FileUtils (FileUtils.java:deleteFully(217)) - deleteFully: target/test/data/1ffe5b81/MiniRaftClusterWithGrpc89ffc592/s0 does not exist.
2023-03-20 09:47:15,458 [Time-limited test] INFO  impl.MiniRaftCluster (MiniRaftCluster.java:newRaftServer(387)) - Formatted directory target/test/data/1ffe5b81/MiniRaftClusterWithGrpc89ffc592/s0
2023-03-20 09:47:15,458 [Time-limited test] INFO  server.RaftServer (ConfUtils.java:logGet(46)) - raft.rpc.type = GRPC (default)
2023-03-20 09:47:15,458 [Time-limited test] INFO  grpc.GrpcConfigKeys (ConfUtils.java:logFallback(53)) - raft.grpc.admin.host = null (fallback to raft.grpc.server.host)
2023-03-20 09:47:15,458 [Time-limited test] INFO  grpc.GrpcConfigKeys (ConfUtils.java:logGet(46)) - raft.grpc.admin.port = 44951 (custom)
2023-03-20 09:47:15,458 [Time-limited test] INFO  grpc.GrpcConfigKeys (ConfUtils.java:logFallback(53)) - raft.grpc.client.host = null (fallback to raft.grpc.server.host)
2023-03-20 09:47:15,458 [Time-limited test] INFO  grpc.GrpcConfigKeys (ConfUtils.java:logGet(46)) - raft.grpc.client.port = 40615 (custom)
2023-03-20 09:47:15,458 [Time-limited test] INFO  grpc.GrpcConfigKeys (ConfUtils.java:logGet(46)) - raft.grpc.server.host = null (default)
2023-03-20 09:47:15,458 [Time-limited test] INFO  grpc.GrpcConfigKeys (ConfUtils.java:logGet(46)) - raft.grpc.server.port = 45925 (custom)
2023-03-20 09:47:15,459 [Time-limited test] INFO  server.GrpcService (ConfUtils.java:logGet(46)) - raft.grpc.message.size.max = 64MB (=67108864) (default)
2023-03-20 09:47:15,459 [Time-limited test] INFO  server.RaftServerConfigKeys (ConfUtils.java:logGet(46)) - raft.server.log.appender.buffer.byte-limit = 4MB (=4194304) (default)
2023-03-20 09:47:15,459 [Time-limited test] INFO  server.GrpcService (ConfUtils.java:logGet(46)) - raft.grpc.flow.control.window = 1MB (=1048576) (default)
2023-03-20 09:47:15,459 [Time-limited test] INFO  server.RaftServerConfigKeys (ConfUtils.java:logGet(46)) - raft.server.rpc.request.timeout = 3000ms (default)
2023-03-20 09:47:15,459 [Time-limited test] INFO  grpc.GrpcConfigKeys (ConfUtils.java:logGet(46)) - raft.grpc.server.heartbeat.channel = true (default)
2023-03-20 09:47:15,459 [Time-limited test] INFO  grpc.GrpcConfigKeys (ConfUtils.java:logGet(46)) - raft.grpc.server.async.request.thread.pool.cached = true (default)
2023-03-20 09:47:15,459 [Time-limited test] INFO  grpc.GrpcConfigKeys (ConfUtils.java:logGet(46)) - raft.grpc.server.async.request.thread.pool.size = 32 (default)
2023-03-20 09:47:15,460 [Time-limited test] INFO  impl.DataStreamServerImpl (ConfUtils.java:logGet(46)) - raft.datastream.type = DISABLED (default)
2023-03-20 09:47:15,461 [Time-limited test] INFO  server.RaftServerConfigKeys (ConfUtils.java:logGet(46)) - raft.server.threadpool.proxy.cached = true (default)
2023-03-20 09:47:15,461 [Time-limited test] INFO  server.RaftServerConfigKeys (ConfUtils.java:logGet(46)) - raft.server.threadpool.proxy.size = 0 (default)
2023-03-20 09:47:15,461 [Time-limited test] INFO  server.RaftServerConfigKeys (ConfUtils.java:logGet(46)) - raft.server.rpc.slowness.timeout = 60s (default)
2023-03-20 09:47:15,461 [Time-limited test] INFO  server.RaftServerConfigKeys (ConfUtils.java:logGet(46)) - raft.server.leaderelection.leader.step-down.wait-time = 10s (default)
2023-03-20 09:47:15,464 [Time-limited test] INFO  server.RaftServerConfigKeys (ConfUtils.java:logGet(46)) - raft.server.storage.dir = [/home/runner/work/ratis/ratis/ratis-test/target/test/data/1ffe5b81/MiniRaftClusterWithGrpc89ffc592/s0] (custom)
2023-03-20 09:47:15,465 [Time-limited test] INFO  server.RaftServer (RaftServerProxy.java:addNew(99)) - s0: addNew group-2D594602B191:[s0|rpc:localhost:45925|admin:localhost:44951|client:localhost:40615|dataStream:localhost:33373|priority:0|startupRole:FOLLOWER] returns group-2D594602B191:java.util.concurrent.CompletableFuture@a4348d0[Not completed]
2023-03-20 09:47:15,465 [s0-groupManagement] INFO  server.RaftServerConfigKeys (ConfUtils.java:logGet(46)) - raft.server.log.segment.size.max = 8MB (=8388608) (default)
2023-03-20 09:47:15,466 [s0-groupManagement] INFO  server.RaftServerConfigKeys (ConfUtils.java:logGet(46)) - raft.server.log.preallocated.size = 4MB (=4194304) (default)
2023-03-20 09:47:15,466 [s0-groupManagement] INFO  server.RaftServerConfigKeys (ConfUtils.java:logGet(46)) - raft.server.log.write.buffer.size = 64KB (=65536) (default)
2023-03-20 09:47:15,466 [s0-groupManagement] INFO  server.RaftServer$Division (RaftServerImpl.java:<init>(198)) - s0: new RaftServerImpl for group-2D594602B191:[s0|rpc:localhost:45925|admin:localhost:44951|client:localhost:40615|dataStream:localhost:33373|priority:0|startupRole:FOLLOWER] with StateMachineWithMultiNestedSnapshotFile:uninitialized
2023-03-20 09:47:15,466 [s0-groupManagement] INFO  server.RaftServerConfigKeys (ConfUtils.java:logGet(46)) - raft.server.rpc.timeout.min = 150ms (default)
2023-03-20 09:47:15,466 [s0-groupManagement] INFO  server.RaftServerConfigKeys (ConfUtils.java:logGet(46)) - raft.server.rpc.timeout.max = 300ms (default)
2023-03-20 09:47:15,466 [s0-groupManagement] INFO  server.RaftServerConfigKeys (ConfUtils.java:logGet(46)) - raft.server.rpc.sleep.time = 25ms (default)
2023-03-20 09:47:15,466 [s0-groupManagement] INFO  server.RaftServerConfigKeys (ConfUtils.java:logGet(46)) - raft.server.rpc.slowness.timeout = 60s (default)
2023-03-20 09:47:15,466 [s0-groupManagement] INFO  server.RaftServerConfigKeys (ConfUtils.java:logGet(46)) - raft.server.leaderelection.leader.step-down.wait-time = 10s (default)
2023-03-20 09:47:15,466 [s0-groupManagement] INFO  server.RaftServerConfigKeys (ConfUtils.java:logGet(46)) - raft.server.sleep.deviation.threshold = 300ms (default)
2023-03-20 09:47:15,467 [s0-groupManagement] INFO  server.RaftServer$Division (ServerState.java:<init>(113)) - s0@group-2D594602B191: ConfigurationManager, init=-1: peers:[s0|rpc:localhost:45925|admin:localhost:44951|client:localhost:40615|dataStream:localhost:33373|priority:0|startupRole:FOLLOWER]|listeners:[], old=null, confs=<EMPTY_MAP>
2023-03-20 09:47:15,467 [s0-groupManagement] INFO  server.RaftServerConfigKeys (ConfUtils.java:logGet(46)) - raft.server.notification.no-leader.timeout = 60s (default)
2023-03-20 09:47:15,467 [s0-groupManagement] INFO  server.RaftServerConfigKeys (ConfUtils.java:logGet(46)) - raft.server.read.timeout = 10s (default)
2023-03-20 09:47:15,467 [s0-groupManagement] INFO  server.RaftServerConfigKeys (ConfUtils.java:logGet(46)) - raft.server.retrycache.expirytime = 60s (default)
2023-03-20 09:47:15,467 [s0-groupManagement] INFO  server.RaftServerConfigKeys (ConfUtils.java:logGet(46)) - raft.server.retrycache.statistics.expirytime = 100μs (default)
2023-03-20 09:47:15,467 [s0-groupManagement] INFO  server.RaftServerConfigKeys (ConfUtils.java:logGet(46)) - raft.server.read.option = DEFAULT (default)
2023-03-20 09:47:15,469 [s0-groupManagement] INFO  server.RaftServerConfigKeys (ConfUtils.java:logGet(46)) - raft.server.rpc.request.timeout = 3000ms (default)
2023-03-20 09:47:15,469 [s0-groupManagement] INFO  server.RaftServerConfigKeys (ConfUtils.java:logGet(46)) - raft.server.log.appender.install.snapshot.enabled = true (default)
2023-03-20 09:47:15,469 [s0-groupManagement] INFO  server.RaftServerConfigKeys (ConfUtils.java:logGet(46)) - raft.server.threadpool.server.cached = true (default)
2023-03-20 09:47:15,469 [s0-groupManagement] INFO  server.RaftServerConfigKeys (ConfUtils.java:logGet(46)) - raft.server.threadpool.server.size = 0 (default)
2023-03-20 09:47:15,469 [s0-groupManagement] INFO  server.RaftServerConfigKeys (ConfUtils.java:logGet(46)) - raft.server.threadpool.client.cached = true (default)
2023-03-20 09:47:15,469 [s0-groupManagement] INFO  server.RaftServerConfigKeys (ConfUtils.java:logGet(46)) - raft.server.threadpool.client.size = 0 (default)
2023-03-20 09:47:15,469 [s0-impl-thread1] INFO  server.RaftServerConfigKeys (ConfUtils.java:logGet(46)) - raft.server.storage.free-space.min = 0MB (=0) (default)
2023-03-20 09:47:15,469 [s0-impl-thread1] INFO  server.RaftServerConfigKeys (ConfUtils.java:logGet(46)) - raft.server.log.corruption.policy = EXCEPTION (default)
2023-03-20 09:47:15,469 [s0-impl-thread1] INFO  server.RaftServerConfigKeys (ConfUtils.java:logGet(46)) - raft.server.storage.dir = [/home/runner/work/ratis/ratis/ratis-test/target/test/data/1ffe5b81/MiniRaftClusterWithGrpc89ffc592/s0] (custom)
2023-03-20 09:47:15,469 [s0-impl-thread1] INFO  storage.RaftStorageDirectory (RaftStorageDirectoryImpl.java:analyzeStorage(138)) - The storage directory /home/runner/work/ratis/ratis/ratis-test/target/test/data/1ffe5b81/MiniRaftClusterWithGrpc89ffc592/s0/e8745e42-bdab-4392-a117-2d594602b191 does not exist. Creating ...
2023-03-20 09:47:15,470 [s0-impl-thread1] TRACE util.FileUtils (LogUtils.java:runAndLog(49)) - Successfully ran Files.createDirectories /home/runner/work/ratis/ratis/ratis-test/target/test/data/1ffe5b81/MiniRaftClusterWithGrpc89ffc592/s0/e8745e42-bdab-4392-a117-2d594602b191
2023-03-20 09:47:15,471 [s0-impl-thread1] INFO  storage.RaftStorageDirectory (RaftStorageDirectoryImpl.java:tryLock(232)) - Lock on /home/runner/work/ratis/ratis/ratis-test/target/test/data/1ffe5b81/MiniRaftClusterWithGrpc89ffc592/s0/e8745e42-bdab-4392-a117-2d594602b191/in_use.lock acquired by nodename 2761@fv-az137-349
2023-03-20 09:47:15,472 [s0-impl-thread1] TRACE util.FileUtils (LogUtils.java:runAndLog(49)) - Successfully ran Files.createDirectories /home/runner/work/ratis/ratis/ratis-test/target/test/data/1ffe5b81/MiniRaftClusterWithGrpc89ffc592/s0/e8745e42-bdab-4392-a117-2d594602b191/current
2023-03-20 09:47:15,472 [s0-impl-thread1] TRACE util.FileUtils (LogUtils.java:runAndLog(49)) - Successfully ran Files.createDirectories /home/runner/work/ratis/ratis/ratis-test/target/test/data/1ffe5b81/MiniRaftClusterWithGrpc89ffc592/s0/e8745e42-bdab-4392-a117-2d594602b191/sm
2023-03-20 09:47:15,473 [s0-impl-thread1] INFO  storage.RaftStorage (RaftStorageImpl.java:format(96)) - Storage directory /home/runner/work/ratis/ratis/ratis-test/target/test/data/1ffe5b81/MiniRaftClusterWithGrpc89ffc592/s0/e8745e42-bdab-4392-a117-2d594602b191 has been successfully formatted.
2023-03-20 09:47:15,473 [s0-impl-thread1] INFO  impl.SimpleStateMachine4Testing (SimpleStateMachine4Testing.java:initialize(213)) - Initializing StateMachineWithMultiNestedSnapshotFile:uninitialized
2023-03-20 09:47:15,473 [s0-impl-thread1] INFO  impl.SimpleStateMachine4Testing (SimpleStateMachine4Testing.java:loadSnapshot(293)) - Loading snapshot null
2023-03-20 09:47:15,473 [s0-impl-thread1] INFO  server.RaftServerConfigKeys (ConfUtils.java:logGet(46)) - raft.server.log.use.memory = false (default)
2023-03-20 09:47:15,474 [s0-impl-thread1] INFO  server.RaftServerConfigKeys (ConfUtils.java:logGet(46)) - raft.server.log.purge.gap = 8 (custom)
2023-03-20 09:47:15,474 [s0-impl-thread1] INFO  server.RaftServerConfigKeys (ConfUtils.java:logGet(46)) - raft.server.log.appender.buffer.byte-limit = 4MB (=4194304) (default)
2023-03-20 09:47:15,474 [s0-impl-thread1] INFO  server.RaftServerConfigKeys (ConfUtils.java:logGet(46)) - raft.server.log.statemachine.data.read.timeout = 1000ms (default)
2023-03-20 09:47:15,474 [s0-impl-thread1] INFO  server.RaftServerConfigKeys (ConfUtils.java:logGet(46)) - raft.server.log.purge.preservation.log.num = 0 (default)
2023-03-20 09:47:15,474 [s0-impl-thread1] INFO  server.RaftServerConfigKeys (ConfUtils.java:logGet(46)) - raft.server.log.segment.size.max = 8MB (=8388608) (default)
2023-03-20 09:47:15,474 [s0-impl-thread1] INFO  server.RaftServerConfigKeys (ConfUtils.java:logGet(46)) - raft.server.log.segment.cache.num.max = 6 (default)
2023-03-20 09:47:15,475 [s0-impl-thread1] INFO  server.RaftServerConfigKeys (ConfUtils.java:logGet(46)) - raft.server.log.segment.cache.size.max = 200MB (=209715200) (default)
2023-03-20 09:47:15,475 [s0-impl-thread1] INFO  server.RaftServerConfigKeys (ConfUtils.java:logGet(46)) - raft.server.log.appender.buffer.byte-limit = 4MB (=4194304) (default)
2023-03-20 09:47:15,475 [s0-impl-thread1] INFO  segmented.SegmentedRaftLogWorker (SegmentedRaftLogWorker.java:<init>(183)) - new s0@group-2D594602B191-SegmentedRaftLogWorker for RaftStorageImpl:Storage Directory /home/runner/work/ratis/ratis/ratis-test/target/test/data/1ffe5b81/MiniRaftClusterWithGrpc89ffc592/s0/e8745e42-bdab-4392-a117-2d594602b191
2023-03-20 09:47:15,475 [s0-impl-thread1] INFO  server.RaftServerConfigKeys (ConfUtils.java:logGet(46)) - raft.server.log.queue.byte-limit = 64MB (=67108864) (default)
2023-03-20 09:47:15,475 [s0-impl-thread1] INFO  server.RaftServerConfigKeys (ConfUtils.java:logGet(46)) - raft.server.log.queue.element-limit = 4096 (default)
2023-03-20 09:47:15,475 [s0-impl-thread1] INFO  server.RaftServerConfigKeys (ConfUtils.java:logGet(46)) - raft.server.log.segment.size.max = 8MB (=8388608) (default)
2023-03-20 09:47:15,475 [s0-impl-thread1] INFO  server.RaftServerConfigKeys (ConfUtils.java:logGet(46)) - raft.server.log.preallocated.size = 4MB (=4194304) (default)
2023-03-20 09:47:15,475 [s0-impl-thread1] INFO  server.RaftServerConfigKeys (ConfUtils.java:logGet(46)) - raft.server.log.force.sync.num = 128 (default)
2023-03-20 09:47:15,475 [s0-impl-thread1] INFO  server.RaftServerConfigKeys (ConfUtils.java:logGet(46)) - raft.server.log.statemachine.data.sync = true (default)
2023-03-20 09:47:15,475 [s0-impl-thread1] INFO  server.RaftServerConfigKeys (ConfUtils.java:logGet(46)) - raft.server.log.statemachine.data.sync.timeout = 10s (default)
2023-03-20 09:47:15,475 [s0-impl-thread1] INFO  server.RaftServerConfigKeys (ConfUtils.java:logGet(46)) - raft.server.log.statemachine.data.sync.timeout.retry = -1 (default)
2023-03-20 09:47:15,475 [s0-impl-thread1] INFO  server.RaftServerConfigKeys (ConfUtils.java:logGet(46)) - raft.server.log.write.buffer.size = 64KB (=65536) (default)
2023-03-20 09:47:15,475 [s0-impl-thread1] INFO  server.RaftServerConfigKeys (ConfUtils.java:logGet(46)) - raft.server.log.appender.buffer.byte-limit = 4MB (=4194304) (default)
2023-03-20 09:47:15,481 [s0-impl-thread1] INFO  server.RaftServerConfigKeys (ConfUtils.java:logGet(46)) - raft.server.log.unsafe-flush.enabled = false (default)
2023-03-20 09:47:15,481 [s0-impl-thread1] INFO  server.RaftServerConfigKeys (ConfUtils.java:logGet(46)) - raft.server.log.async-flush.enabled = false (default)
2023-03-20 09:47:15,481 [s0-impl-thread1] INFO  server.RaftServerConfigKeys (ConfUtils.java:logGet(46)) - raft.server.log.statemachine.data.caching.enabled = false (default)
2023-03-20 09:47:15,481 [s0-impl-thread1] INFO  segmented.SegmentedRaftLogWorker (SegmentedRaftLogWorker.java:lambda$new$0(134)) - s0@group-2D594602B191-SegmentedRaftLogWorker: flushIndex: setUnconditionally 0 -> -1
2023-03-20 09:47:15,481 [s0-impl-thread1] INFO  segmented.SegmentedRaftLogWorker (SegmentedRaftLogWorker.java:lambda$new$0(134)) - s0@group-2D594602B191-SegmentedRaftLogWorker: safeCacheEvictIndex: setUnconditionally 0 -> -1
2023-03-20 09:47:15,481 [s0-impl-thread1] INFO  server.RaftServer$Division (RaftServerImpl.java:start(342)) - s0@group-2D594602B191: start as a follower, conf=-1: peers:[s0|rpc:localhost:45925|admin:localhost:44951|client:localhost:40615|dataStream:localhost:33373|priority:0|startupRole:FOLLOWER]|listeners:[], old=null
2023-03-20 09:47:15,481 [s0-impl-thread1] INFO  server.RaftServer$Division (RaftServerImpl.java:setRole(329)) - s0@group-2D594602B191: changes role from      null to FOLLOWER at term 0 for startAsFollower
2023-03-20 09:47:15,481 [s0-impl-thread1] INFO  impl.RoleInfo (RoleInfo.java:updateAndGet(139)) - s0: start s0@group-2D594602B191-FollowerState
2023-03-20 09:47:15,485 [s0-impl-thread1] INFO  util.JmxRegister (JmxRegister.java:tryRegister(44)) - Successfully registered JMX Bean with object name Ratis:service=RaftServer,group=group-2D594602B191,id=s0
2023-03-20 09:47:15,485 [s0-impl-thread1] INFO  server.RaftServerConfigKeys (ConfUtils.java:logGet(46)) - raft.server.snapshot.auto.trigger.enabled = true (custom)
2023-03-20 09:47:15,485 [s0-impl-thread1] INFO  server.RaftServerConfigKeys (ConfUtils.java:logGet(46)) - raft.server.snapshot.auto.trigger.threshold = 64 (custom)
2023-03-20 09:47:15,485 [s0-impl-thread1] INFO  server.RaftServerConfigKeys (ConfUtils.java:logGet(46)) - raft.server.snapshot.retention.file.num = -1 (default)
2023-03-20 09:47:15,485 [s0-impl-thread1] INFO  server.RaftServerConfigKeys (ConfUtils.java:logGet(46)) - raft.server.log.purge.upto.snapshot.index = false (default)
2023-03-20 09:47:15,485 [s0@group-2D594602B191-FollowerState] INFO  server.RaftServerConfigKeys (ConfUtils.java:logFallback(53)) - raft.server.rpc.first-election.timeout.min = 150ms (fallback to raft.server.rpc.timeout.min)
2023-03-20 09:47:15,485 [s0@group-2D594602B191-FollowerState] INFO  server.RaftServerConfigKeys (ConfUtils.java:logFallback(53)) - raft.server.rpc.first-election.timeout.max = 300ms (fallback to raft.server.rpc.timeout.max)
2023-03-20 09:47:15,486 [Time-limited test] INFO  server.RaftServer (RaftServerProxy.java:startImpl(401)) - s0: start RPC server
2023-03-20 09:47:15,487 [Time-limited test] INFO  server.GrpcService (GrpcService.java:startImpl(302)) - s0: GrpcService started, listening on 40615
2023-03-20 09:47:15,488 [Time-limited test] INFO  server.GrpcService (GrpcService.java:startImpl(302)) - s0: GrpcService started, listening on 45925
2023-03-20 09:47:15,488 [Time-limited test] INFO  server.GrpcService (GrpcService.java:startImpl(302)) - s0: GrpcService started, listening on 44951
2023-03-20 09:47:15,489 [Time-limited test] INFO  server.RaftServerConfigKeys (ConfUtils.java:logGet(46)) - raft.server.rpc.timeout.max = 300ms (default)
2023-03-20 09:47:15,489 [Time-limited test] INFO  ratis.RaftTestUtil (RaftTestUtil.java:waitForLeader(100)) - printing ALL groups
  s0:  RUNNING  FOLLOWER s0@group-2D594602B191:t0, leader=null, voted=, raftlog=Memoized:s0@group-2D594602B191-SegmentedRaftLog:OPENED:c-1, conf=-1: peers:[s0|rpc:localhost:45925|admin:localhost:44951|client:localhost:40615|dataStream:localhost:33373|priority:0|startupRole:FOLLOWER]|listeners:[], old=null RUNNING
2023-03-20 09:47:15,489 [Time-limited test] WARN  ratis.RaftTestUtil (JavaUtils.java:attempt(217)) - FAILED "waitForLeader-null-(expectLeader? true)", attempt #1/100: java.lang.IllegalStateException: No leader yet : printing ALL groups
  s0:  RUNNING  FOLLOWER s0@group-2D594602B191:t0, leader=null, voted=, raftlog=Memoized:s0@group-2D594602B191-SegmentedRaftLog:OPENED:c-1, conf=-1: peers:[s0|rpc:localhost:45925|admin:localhost:44951|client:localhost:40615|dataStream:localhost:33373|priority:0|startupRole:FOLLOWER]|listeners:[], old=null RUNNING, sleep 450ms and then retry.
java.lang.IllegalStateException: No leader yet : printing ALL groups
  s0:  RUNNING  FOLLOWER s0@group-2D594602B191:t0, leader=null, voted=, raftlog=Memoized:s0@group-2D594602B191-SegmentedRaftLog:OPENED:c-1, conf=-1: peers:[s0|rpc:localhost:45925|admin:localhost:44951|client:localhost:40615|dataStream:localhost:33373|priority:0|startupRole:FOLLOWER]|listeners:[], old=null RUNNING
	at org.apache.ratis.server.impl.MiniRaftCluster.newIllegalStateExceptionForNoLeaders(MiniRaftCluster.java:581)
	at org.apache.ratis.RaftTestUtil.lambda$waitForLeader$1(RaftTestUtil.java:104)
	at org.apache.ratis.server.impl.MiniRaftCluster.getLeader(MiniRaftCluster.java:615)
	at org.apache.ratis.server.impl.MiniRaftCluster.getLeader(MiniRaftCluster.java:608)
	at org.apache.ratis.RaftTestUtil.lambda$waitForLeader$3(RaftTestUtil.java:112)
	at org.apache.ratis.util.JavaUtils.attempt(JavaUtils.java:211)
	at org.apache.ratis.util.JavaUtils.attemptRepeatedly(JavaUtils.java:197)
	at org.apache.ratis.RaftTestUtil.waitForLeader(RaftTestUtil.java:111)
	at org.apache.ratis.RaftTestUtil.waitForLeader(RaftTestUtil.java:92)
	at org.apache.ratis.RaftTestUtil.waitForLeader(RaftTestUtil.java:87)
	at org.apache.ratis.InstallSnapshotFromLeaderTests.testMultiFileInstallSnapshot(InstallSnapshotFromLeaderTests.java:92)
	at org.apache.ratis.server.impl.MiniRaftCluster$Factory$Get.runWithNewCluster(MiniRaftCluster.java:141)
	at org.apache.ratis.server.impl.MiniRaftCluster$Factory$Get.runWithNewCluster(MiniRaftCluster.java:121)
	at org.apache.ratis.InstallSnapshotFromLeaderTests.testMultiFileInstallSnapshot(InstallSnapshotFromLeaderTests.java:79)
	at java.base/jdk.internal.reflect.NativeMethodAccessorImpl.invoke0(Native Method)
	at java.base/jdk.internal.reflect.NativeMethodAccessorImpl.invoke(NativeMethodAccessorImpl.java:62)
	at java.base/jdk.internal.reflect.DelegatingMethodAccessorImpl.invoke(DelegatingMethodAccessorImpl.java:43)
	at java.base/java.lang.reflect.Method.invoke(Method.java:566)
	at org.junit.runners.model.FrameworkMethod$1.runReflectiveCall(FrameworkMethod.java:59)
	at org.junit.internal.runners.model.ReflectiveCallable.run(ReflectiveCallable.java:12)
	at org.junit.runners.model.FrameworkMethod.invokeExplosively(FrameworkMethod.java:56)
	at org.junit.internal.runners.statements.InvokeMethod.evaluate(InvokeMethod.java:17)
	at org.junit.internal.runners.statements.RunAfters.evaluate(RunAfters.java:27)
	at org.junit.internal.runners.statements.FailOnTimeout$CallableStatement.call(FailOnTimeout.java:299)
	at org.junit.internal.runners.statements.FailOnTimeout$CallableStatement.call(FailOnTimeout.java:293)
	at java.base/java.util.concurrent.FutureTask.run(FutureTask.java:264)
	at java.base/java.lang.Thread.run(Thread.java:829)
2023-03-20 09:47:15,492 [JvmPauseMonitor6] INFO  util.JvmPauseMonitor (JvmPauseMonitor.java:run(103)) - JvmPauseMonitor-s0: Started
2023-03-20 09:47:15,655 [s0@group-2D594602B191-FollowerState] INFO  impl.FollowerState (FollowerState.java:run(143)) - s0@group-2D594602B191-FollowerState: change to CANDIDATE, lastRpcElapsedTime:173255115ns, electionTimeout:169ms
2023-03-20 09:47:15,655 [s0@group-2D594602B191-FollowerState] INFO  impl.RoleInfo (RoleInfo.java:shutdownFollowerState(110)) - s0: shutdown s0@group-2D594602B191-FollowerState
2023-03-20 09:47:15,655 [s0@group-2D594602B191-FollowerState] INFO  server.RaftServer$Division (RaftServerImpl.java:setRole(329)) - s0@group-2D594602B191: changes role from  FOLLOWER to CANDIDATE at term 0 for changeToCandidate
2023-03-20 09:47:15,655 [s0@group-2D594602B191-FollowerState] INFO  server.RaftServerConfigKeys (ConfUtils.java:logGet(46)) - raft.server.leaderelection.pre-vote = true (default)
2023-03-20 09:47:15,655 [s0@group-2D594602B191-FollowerState] INFO  impl.RoleInfo (RoleInfo.java:updateAndGet(139)) - s0: start s0@group-2D594602B191-LeaderElection3
2023-03-20 09:47:15,657 [s0@group-2D594602B191-LeaderElection3] INFO  impl.LeaderElection (LeaderElection.java:askForVotes(320)) - s0@group-2D594602B191-LeaderElection3 PRE_VOTE round 0: submit vote requests at term 0 for -1: peers:[s0|rpc:localhost:45925|admin:localhost:44951|client:localhost:40615|dataStream:localhost:33373|priority:0|startupRole:FOLLOWER]|listeners:[], old=null
2023-03-20 09:47:15,657 [s0@group-2D594602B191-LeaderElection3] INFO  impl.LeaderElection (LeaderElection.java:askForVotes(322)) - s0@group-2D594602B191-LeaderElection3 PRE_VOTE round 0: result PASSED (term=0)
2023-03-20 09:47:15,658 [s0@group-2D594602B191-LeaderElection3] INFO  impl.LeaderElection (LeaderElection.java:askForVotes(320)) - s0@group-2D594602B191-LeaderElection3 ELECTION round 0: submit vote requests at term 1 for -1: peers:[s0|rpc:localhost:45925|admin:localhost:44951|client:localhost:40615|dataStream:localhost:33373|priority:0|startupRole:FOLLOWER]|listeners:[], old=null
2023-03-20 09:47:15,658 [s0@group-2D594602B191-LeaderElection3] INFO  impl.LeaderElection (LeaderElection.java:askForVotes(322)) - s0@group-2D594602B191-LeaderElection3 ELECTION round 0: result PASSED (term=1)
2023-03-20 09:47:15,658 [s0@group-2D594602B191-LeaderElection3] INFO  impl.RoleInfo (RoleInfo.java:shutdownLeaderElection(130)) - s0: shutdown s0@group-2D594602B191-LeaderElection3
2023-03-20 09:47:15,658 [s0@group-2D594602B191-LeaderElection3] INFO  server.RaftServer$Division (RaftServerImpl.java:setRole(329)) - s0@group-2D594602B191: changes role from CANDIDATE to LEADER at term 1 for changeToLeader
2023-03-20 09:47:15,658 [s0@group-2D594602B191-LeaderElection3] INFO  server.RaftServer$Division (ServerState.java:setLeader(260)) - s0@group-2D594602B191: change Leader from null to s0 at term 1 for becomeLeader, leader elected after 191ms
2023-03-20 09:47:15,658 [s0@group-2D594602B191-LeaderElection3] INFO  server.RaftServerConfigKeys (ConfUtils.java:logGet(46)) - raft.server.staging.catchup.gap = 1000 (default)
2023-03-20 09:47:15,659 [s0@group-2D594602B191-LeaderElection3] INFO  server.RaftServerConfigKeys (ConfUtils.java:logGet(46)) - raft.server.write.element-limit = 4096 (default)
2023-03-20 09:47:15,659 [s0@group-2D594602B191-LeaderElection3] INFO  server.RaftServerConfigKeys (ConfUtils.java:logGet(46)) - raft.server.write.byte-limit = 64MB (=67108864) (default)
2023-03-20 09:47:15,659 [s0@group-2D594602B191-LeaderElection3] INFO  server.RaftServerConfigKeys (ConfUtils.java:logGet(46)) - raft.server.watch.timeout = 10s (default)
2023-03-20 09:47:15,659 [s0@group-2D594602B191-LeaderElection3] INFO  server.RaftServerConfigKeys (ConfUtils.java:logGet(46)) - raft.server.watch.timeout.denomination = 1s (default)
2023-03-20 09:47:15,659 [s0@group-2D594602B191-LeaderElection3] INFO  server.RaftServerConfigKeys (ConfUtils.java:logGet(46)) - raft.server.watch.element-limit = 65536 (default)
2023-03-20 09:47:15,659 [s0@group-2D594602B191-LeaderElection3] INFO  server.RaftServerConfigKeys (ConfUtils.java:logGet(46)) - raft.server.write.element-limit = 4096 (default)
2023-03-20 09:47:15,659 [s0@group-2D594602B191-LeaderElection3] INFO  server.RaftServerConfigKeys (ConfUtils.java:logGet(46)) - raft.server.write.follower.gap.ratio.max = -1.0 (default)
2023-03-20 09:47:15,659 [s0@group-2D594602B191-LeaderElection3] INFO  impl.RoleInfo (RoleInfo.java:updateAndGet(139)) - s0: start s0@group-2D594602B191-LeaderStateImpl
2023-03-20 09:47:15,659 [s0@group-2D594602B191-LeaderElection3] INFO  segmented.SegmentedRaftLogWorker (SegmentedRaftLogWorker.java:startLogSegment(426)) - s0@group-2D594602B191-SegmentedRaftLogWorker: Starting segment from index:0
2023-03-20 09:47:15,660 [s0@group-2D594602B191-LeaderElection3] INFO  server.RaftServer$Division (ServerState.java:setRaftConf(377)) - s0@group-2D594602B191: set configuration 0: peers:[s0|rpc:localhost:45925|admin:localhost:44951|client:localhost:40615|dataStream:localhost:33373|priority:0|startupRole:FOLLOWER]|listeners:[], old=null
2023-03-20 09:47:15,673 [s0@group-2D594602B191-SegmentedRaftLogWorker] INFO  segmented.SegmentedRaftLogWorker (SegmentedRaftLogWorker.java:execute(630)) - s0@group-2D594602B191-SegmentedRaftLogWorker: created new log segment /home/runner/work/ratis/ratis/ratis-test/target/test/data/1ffe5b81/MiniRaftClusterWithGrpc89ffc592/s0/e8745e42-bdab-4392-a117-2d594602b191/current/log_inprogress_0
2023-03-20 09:47:15,940 [Time-limited test] INFO  ratis.RaftTestUtil (RaftTestUtil.java:waitForLeader(119)) - printing ALL groups
  s0:  RUNNING    LEADER s0@group-2D594602B191:t1, leader=s0, voted=s0, raftlog=Memoized:s0@group-2D594602B191-SegmentedRaftLog:OPENED:c0, conf=0: peers:[s0|rpc:localhost:45925|admin:localhost:44951|client:localhost:40615|dataStream:localhost:33373|priority:0|startupRole:FOLLOWER]|listeners:[], old=null RUNNING
2023-03-20 09:47:15,951 [s0@group-2D594602B191-StateMachineUpdater] INFO  impl.SimpleStateMachine4Testing (SimpleStateMachine4Testing.java:put(205)) - s0: put 1, m0 -> (t:1, i:1), STATEMACHINELOGENTRY, 258@client-9D2B445D5A50
2023-03-20 09:47:15,957 [s0@group-2D594602B191-StateMachineUpdater] INFO  impl.SimpleStateMachine4Testing (SimpleStateMachine4Testing.java:put(205)) - s0: put 3, m1 -> (t:1, i:3), STATEMACHINELOGENTRY, 259@client-9D2B445D5A50
2023-03-20 09:47:15,965 [s0@group-2D594602B191-StateMachineUpdater] INFO  impl.SimpleStateMachine4Testing (SimpleStateMachine4Testing.java:put(205)) - s0: put 5, m2 -> (t:1, i:5), STATEMACHINELOGENTRY, 260@client-9D2B445D5A50
2023-03-20 09:47:15,968 [s0@group-2D594602B191-StateMachineUpdater] INFO  impl.SimpleStateMachine4Testing (SimpleStateMachine4Testing.java:put(205)) - s0: put 7, m3 -> (t:1, i:7), STATEMACHINELOGENTRY, 261@client-9D2B445D5A50
2023-03-20 09:47:15,971 [s0@group-2D594602B191-StateMachineUpdater] INFO  impl.SimpleStateMachine4Testing (SimpleStateMachine4Testing.java:put(205)) - s0: put 9, m4 -> (t:1, i:9), STATEMACHINELOGENTRY, 262@client-9D2B445D5A50
2023-03-20 09:47:15,974 [s0@group-2D594602B191-StateMachineUpdater] INFO  impl.SimpleStateMachine4Testing (SimpleStateMachine4Testing.java:put(205)) - s0: put 11, m5 -> (t:1, i:11), STATEMACHINELOGENTRY, 263@client-9D2B445D5A50
2023-03-20 09:47:15,976 [s0@group-2D594602B191-StateMachineUpdater] INFO  impl.SimpleStateMachine4Testing (SimpleStateMachine4Testing.java:put(205)) - s0: put 13, m6 -> (t:1, i:13), STATEMACHINELOGENTRY, 264@client-9D2B445D5A50
2023-03-20 09:47:15,987 [s0@group-2D594602B191-StateMachineUpdater] INFO  impl.SimpleStateMachine4Testing (SimpleStateMachine4Testing.java:put(205)) - s0: put 15, m7 -> (t:1, i:15), STATEMACHINELOGENTRY, 265@client-9D2B445D5A50
2023-03-20 09:47:15,992 [s0@group-2D594602B191-StateMachineUpdater] INFO  impl.SimpleStateMachine4Testing (SimpleStateMachine4Testing.java:put(205)) - s0: put 17, m8 -> (t:1, i:17), STATEMACHINELOGENTRY, 266@client-9D2B445D5A50
2023-03-20 09:47:15,998 [s0@group-2D594602B191-StateMachineUpdater] INFO  impl.SimpleStateMachine4Testing (SimpleStateMachine4Testing.java:put(205)) - s0: put 19, m9 -> (t:1, i:19), STATEMACHINELOGENTRY, 267@client-9D2B445D5A50
2023-03-20 09:47:16,004 [s0@group-2D594602B191-StateMachineUpdater] INFO  impl.SimpleStateMachine4Testing (SimpleStateMachine4Testing.java:put(205)) - s0: put 21, m10 -> (t:1, i:21), STATEMACHINELOGENTRY, 268@client-9D2B445D5A50
2023-03-20 09:47:16,006 [s0@group-2D594602B191-StateMachineUpdater] INFO  impl.SimpleStateMachine4Testing (SimpleStateMachine4Testing.java:put(205)) - s0: put 23, m11 -> (t:1, i:23), STATEMACHINELOGENTRY, 269@client-9D2B445D5A50
2023-03-20 09:47:16,013 [s0@group-2D594602B191-StateMachineUpdater] INFO  impl.SimpleStateMachine4Testing (SimpleStateMachine4Testing.java:put(205)) - s0: put 25, m12 -> (t:1, i:25), STATEMACHINELOGENTRY, 270@client-9D2B445D5A50
2023-03-20 09:47:16,017 [s0@group-2D594602B191-StateMachineUpdater] INFO  impl.SimpleStateMachine4Testing (SimpleStateMachine4Testing.java:put(205)) - s0: put 27, m13 -> (t:1, i:27), STATEMACHINELOGENTRY, 271@client-9D2B445D5A50
2023-03-20 09:47:16,021 [s0@group-2D594602B191-StateMachineUpdater] INFO  impl.SimpleStateMachine4Testing (SimpleStateMachine4Testing.java:put(205)) - s0: put 29, m14 -> (t:1, i:29), STATEMACHINELOGENTRY, 272@client-9D2B445D5A50
2023-03-20 09:47:16,025 [s0@group-2D594602B191-StateMachineUpdater] INFO  impl.SimpleStateMachine4Testing (SimpleStateMachine4Testing.java:put(205)) - s0: put 31, m15 -> (t:1, i:31), STATEMACHINELOGENTRY, 273@client-9D2B445D5A50
2023-03-20 09:47:16,030 [s0@group-2D594602B191-StateMachineUpdater] INFO  impl.SimpleStateMachine4Testing (SimpleStateMachine4Testing.java:put(205)) - s0: put 33, m16 -> (t:1, i:33), STATEMACHINELOGENTRY, 274@client-9D2B445D5A50
2023-03-20 09:47:16,037 [s0@group-2D594602B191-StateMachineUpdater] INFO  impl.SimpleStateMachine4Testing (SimpleStateMachine4Testing.java:put(205)) - s0: put 35, m17 -> (t:1, i:35), STATEMACHINELOGENTRY, 275@client-9D2B445D5A50
2023-03-20 09:47:16,040 [s0@group-2D594602B191-StateMachineUpdater] INFO  impl.SimpleStateMachine4Testing (SimpleStateMachine4Testing.java:put(205)) - s0: put 37, m18 -> (t:1, i:37), STATEMACHINELOGENTRY, 276@client-9D2B445D5A50
2023-03-20 09:47:16,043 [s0@group-2D594602B191-StateMachineUpdater] INFO  impl.SimpleStateMachine4Testing (SimpleStateMachine4Testing.java:put(205)) - s0: put 39, m19 -> (t:1, i:39), STATEMACHINELOGENTRY, 277@client-9D2B445D5A50
2023-03-20 09:47:16,046 [s0@group-2D594602B191-StateMachineUpdater] INFO  impl.SimpleStateMachine4Testing (SimpleStateMachine4Testing.java:put(205)) - s0: put 41, m20 -> (t:1, i:41), STATEMACHINELOGENTRY, 278@client-9D2B445D5A50
2023-03-20 09:47:16,049 [s0@group-2D594602B191-StateMachineUpdater] INFO  impl.SimpleStateMachine4Testing (SimpleStateMachine4Testing.java:put(205)) - s0: put 43, m21 -> (t:1, i:43), STATEMACHINELOGENTRY, 279@client-9D2B445D5A50
2023-03-20 09:47:16,052 [s0@group-2D594602B191-StateMachineUpdater] INFO  impl.SimpleStateMachine4Testing (SimpleStateMachine4Testing.java:put(205)) - s0: put 45, m22 -> (t:1, i:45), STATEMACHINELOGENTRY, 280@client-9D2B445D5A50
2023-03-20 09:47:16,059 [s0@group-2D594602B191-StateMachineUpdater] INFO  impl.SimpleStateMachine4Testing (SimpleStateMachine4Testing.java:put(205)) - s0: put 47, m23 -> (t:1, i:47), STATEMACHINELOGENTRY, 281@client-9D2B445D5A50
2023-03-20 09:47:16,062 [s0@group-2D594602B191-StateMachineUpdater] INFO  impl.SimpleStateMachine4Testing (SimpleStateMachine4Testing.java:put(205)) - s0: put 49, m24 -> (t:1, i:49), STATEMACHINELOGENTRY, 282@client-9D2B445D5A50
2023-03-20 09:47:16,065 [s0@group-2D594602B191-StateMachineUpdater] INFO  impl.SimpleStateMachine4Testing (SimpleStateMachine4Testing.java:put(205)) - s0: put 51, m25 -> (t:1, i:51), STATEMACHINELOGENTRY, 283@client-9D2B445D5A50
2023-03-20 09:47:16,068 [s0@group-2D594602B191-StateMachineUpdater] INFO  impl.SimpleStateMachine4Testing (SimpleStateMachine4Testing.java:put(205)) - s0: put 53, m26 -> (t:1, i:53), STATEMACHINELOGENTRY, 284@client-9D2B445D5A50
2023-03-20 09:47:16,071 [s0@group-2D594602B191-StateMachineUpdater] INFO  impl.SimpleStateMachine4Testing (SimpleStateMachine4Testing.java:put(205)) - s0: put 55, m27 -> (t:1, i:55), STATEMACHINELOGENTRY, 285@client-9D2B445D5A50
2023-03-20 09:47:16,074 [s0@group-2D594602B191-StateMachineUpdater] INFO  impl.SimpleStateMachine4Testing (SimpleStateMachine4Testing.java:put(205)) - s0: put 57, m28 -> (t:1, i:57), STATEMACHINELOGENTRY, 286@client-9D2B445D5A50
2023-03-20 09:47:16,076 [s0@group-2D594602B191-StateMachineUpdater] INFO  impl.SimpleStateMachine4Testing (SimpleStateMachine4Testing.java:put(205)) - s0: put 59, m29 -> (t:1, i:59), STATEMACHINELOGENTRY, 287@client-9D2B445D5A50
2023-03-20 09:47:16,079 [s0@group-2D594602B191-StateMachineUpdater] INFO  impl.SimpleStateMachine4Testing (SimpleStateMachine4Testing.java:put(205)) - s0: put 61, m30 -> (t:1, i:61), STATEMACHINELOGENTRY, 288@client-9D2B445D5A50
2023-03-20 09:47:16,081 [s0@group-2D594602B191-StateMachineUpdater] INFO  impl.SimpleStateMachine4Testing (SimpleStateMachine4Testing.java:put(205)) - s0: put 63, m31 -> (t:1, i:63), STATEMACHINELOGENTRY, 289@client-9D2B445D5A50
2023-03-20 09:47:16,081 [s0@group-2D594602B191-StateMachineUpdater] TRACE util.FileUtils (LogUtils.java:runAndLog(49)) - Successfully ran Files.createDirectories /home/runner/work/ratis/ratis/ratis-test/target/test/data/1ffe5b81/MiniRaftClusterWithGrpc89ffc592/s0/e8745e42-bdab-4392-a117-2d594602b191/sm/snapshot
2023-03-20 09:47:16,082 [s0@group-2D594602B191-StateMachineUpdater] TRACE util.FileUtils (LogUtils.java:runAndLog(49)) - Successfully ran Files.createDirectories /home/runner/work/ratis/ratis/ratis-test/target/test/data/1ffe5b81/MiniRaftClusterWithGrpc89ffc592/s0/e8745e42-bdab-4392-a117-2d594602b191/sm/snapshot
2023-03-20 09:47:16,082 [s0@group-2D594602B191-StateMachineUpdater] TRACE util.FileUtils (LogUtils.java:runAndLog(49)) - Successfully ran Files.createDirectories /home/runner/work/ratis/ratis/ratis-test/target/test/data/1ffe5b81/MiniRaftClusterWithGrpc89ffc592/s0/e8745e42-bdab-4392-a117-2d594602b191/sm/snapshot/sub
2023-03-20 09:47:16,082 [s0@group-2D594602B191-StateMachineUpdater] TRACE util.FileUtils (LogUtils.java:supplyAndLog(70)) - Successfully supplied Files.newOutputStream CREATE_NEW /home/runner/work/ratis/ratis/ratis-test/target/test/data/1ffe5b81/MiniRaftClusterWithGrpc89ffc592/s0/e8745e42-bdab-4392-a117-2d594602b191/sm/snapshot/1.bin: java.nio.channels.Channels$1@6495d950
2023-03-20 09:47:16,082 [s0@group-2D594602B191-StateMachineUpdater] TRACE util.FileUtils (LogUtils.java:supplyAndLog(70)) - Successfully supplied Files.newOutputStream CREATE_NEW /home/runner/work/ratis/ratis/ratis-test/target/test/data/1ffe5b81/MiniRaftClusterWithGrpc89ffc592/s0/e8745e42-bdab-4392-a117-2d594602b191/sm/snapshot/sub/2.bin: java.nio.channels.Channels$1@60aa511a
2023-03-20 09:47:16,094 [s0@group-2D594602B191-StateMachineUpdater] INFO  impl.StateMachineUpdater (StateMachineUpdater.java:takeSnapshot(290)) - s0@group-2D594602B191-StateMachineUpdater: Took a snapshot at index 63
2023-03-20 09:47:16,094 [s0@group-2D594602B191-StateMachineUpdater] INFO  impl.StateMachineUpdater (StateMachineUpdater.java:lambda$new$0(96)) - s0@group-2D594602B191-StateMachineUpdater: snapshotIndex: updateIncreasingly -1 -> 63
2023-03-20 09:47:16,094 [s0@group-2D594602B191-StateMachineUpdater] INFO  raftlog.RaftLog (RaftLogBase.java:purge(314)) - s0@group-2D594602B191-SegmentedRaftLog: purge 63
2023-03-20 09:47:16,094 [s0@group-2D594602B191-StateMachineUpdater] INFO  raftlog.RaftLog (RaftLogBase.java:lambda$new$0(53)) - s0@group-2D594602B191-SegmentedRaftLog: snapshotIndex: updateIncreasingly -1 -> 63
2023-03-20 09:47:16,094 [s0@group-2D594602B191-StateMachineUpdater] INFO  raftlog.RaftLog (RaftLogBase.java:lambda$new$0(53)) - s0@group-2D594602B191-SegmentedRaftLog: purgeIndex: updateToMax old=-1, new=63, updated? true
2023-03-20 09:47:16,094 [s0@group-2D594602B191-StateMachineUpdater] INFO  impl.SimpleStateMachine4Testing (SimpleStateMachine4Testing.java:put(205)) - s0: put 65, m32 -> (t:1, i:65), STATEMACHINELOGENTRY, 290@client-9D2B445D5A50
2023-03-20 09:47:16,098 [s0@group-2D594602B191-StateMachineUpdater] INFO  impl.SimpleStateMachine4Testing (SimpleStateMachine4Testing.java:put(205)) - s0: put 67, m33 -> (t:1, i:67), STATEMACHINELOGENTRY, 291@client-9D2B445D5A50
2023-03-20 09:47:16,100 [s0@group-2D594602B191-StateMachineUpdater] INFO  impl.SimpleStateMachine4Testing (SimpleStateMachine4Testing.java:put(205)) - s0: put 69, m34 -> (t:1, i:69), STATEMACHINELOGENTRY, 292@client-9D2B445D5A50
2023-03-20 09:47:16,103 [s0@group-2D594602B191-StateMachineUpdater] INFO  impl.SimpleStateMachine4Testing (SimpleStateMachine4Testing.java:put(205)) - s0: put 71, m35 -> (t:1, i:71), STATEMACHINELOGENTRY, 293@client-9D2B445D5A50
2023-03-20 09:47:16,105 [s0@group-2D594602B191-StateMachineUpdater] INFO  impl.SimpleStateMachine4Testing (SimpleStateMachine4Testing.java:put(205)) - s0: put 73, m36 -> (t:1, i:73), STATEMACHINELOGENTRY, 294@client-9D2B445D5A50
2023-03-20 09:47:16,108 [s0@group-2D594602B191-StateMachineUpdater] INFO  impl.SimpleStateMachine4Testing (SimpleStateMachine4Testing.java:put(205)) - s0: put 75, m37 -> (t:1, i:75), STATEMACHINELOGENTRY, 295@client-9D2B445D5A50
2023-03-20 09:47:16,110 [s0@group-2D594602B191-StateMachineUpdater] INFO  impl.SimpleStateMachine4Testing (SimpleStateMachine4Testing.java:put(205)) - s0: put 77, m38 -> (t:1, i:77), STATEMACHINELOGENTRY, 296@client-9D2B445D5A50
2023-03-20 09:47:16,114 [s0@group-2D594602B191-StateMachineUpdater] INFO  impl.SimpleStateMachine4Testing (SimpleStateMachine4Testing.java:put(205)) - s0: put 79, m39 -> (t:1, i:79), STATEMACHINELOGENTRY, 297@client-9D2B445D5A50
2023-03-20 09:47:16,117 [s0@group-2D594602B191-StateMachineUpdater] INFO  impl.SimpleStateMachine4Testing (SimpleStateMachine4Testing.java:put(205)) - s0: put 81, m40 -> (t:1, i:81), STATEMACHINELOGENTRY, 298@client-9D2B445D5A50
2023-03-20 09:47:16,119 [s0@group-2D594602B191-StateMachineUpdater] INFO  impl.SimpleStateMachine4Testing (SimpleStateMachine4Testing.java:put(205)) - s0: put 83, m41 -> (t:1, i:83), STATEMACHINELOGENTRY, 299@client-9D2B445D5A50
2023-03-20 09:47:16,121 [s0@group-2D594602B191-StateMachineUpdater] INFO  impl.SimpleStateMachine4Testing (SimpleStateMachine4Testing.java:put(205)) - s0: put 85, m42 -> (t:1, i:85), STATEMACHINELOGENTRY, 300@client-9D2B445D5A50
2023-03-20 09:47:16,131 [s0@group-2D594602B191-StateMachineUpdater] INFO  impl.SimpleStateMachine4Testing (SimpleStateMachine4Testing.java:put(205)) - s0: put 87, m43 -> (t:1, i:87), STATEMACHINELOGENTRY, 301@client-9D2B445D5A50
2023-03-20 09:47:16,134 [s0@group-2D594602B191-StateMachineUpdater] INFO  impl.SimpleStateMachine4Testing (SimpleStateMachine4Testing.java:put(205)) - s0: put 89, m44 -> (t:1, i:89), STATEMACHINELOGENTRY, 302@client-9D2B445D5A50
2023-03-20 09:47:16,136 [s0@group-2D594602B191-StateMachineUpdater] INFO  impl.SimpleStateMachine4Testing (SimpleStateMachine4Testing.java:put(205)) - s0: put 91, m45 -> (t:1, i:91), STATEMACHINELOGENTRY, 303@client-9D2B445D5A50
2023-03-20 09:47:16,140 [s0@group-2D594602B191-StateMachineUpdater] INFO  impl.SimpleStateMachine4Testing (SimpleStateMachine4Testing.java:put(205)) - s0: put 93, m46 -> (t:1, i:93), STATEMACHINELOGENTRY, 304@client-9D2B445D5A50
2023-03-20 09:47:16,143 [s0@group-2D594602B191-StateMachineUpdater] INFO  impl.SimpleStateMachine4Testing (SimpleStateMachine4Testing.java:put(205)) - s0: put 95, m47 -> (t:1, i:95), STATEMACHINELOGENTRY, 305@client-9D2B445D5A50
2023-03-20 09:47:16,149 [s0@group-2D594602B191-StateMachineUpdater] INFO  impl.SimpleStateMachine4Testing (SimpleStateMachine4Testing.java:put(205)) - s0: put 97, m48 -> (t:1, i:97), STATEMACHINELOGENTRY, 306@client-9D2B445D5A50
2023-03-20 09:47:16,152 [s0@group-2D594602B191-StateMachineUpdater] INFO  impl.SimpleStateMachine4Testing (SimpleStateMachine4Testing.java:put(205)) - s0: put 99, m49 -> (t:1, i:99), STATEMACHINELOGENTRY, 307@client-9D2B445D5A50
2023-03-20 09:47:16,155 [s0@group-2D594602B191-StateMachineUpdater] INFO  impl.SimpleStateMachine4Testing (SimpleStateMachine4Testing.java:put(205)) - s0: put 101, m50 -> (t:1, i:101), STATEMACHINELOGENTRY, 308@client-9D2B445D5A50
2023-03-20 09:47:16,159 [s0@group-2D594602B191-StateMachineUpdater] INFO  impl.SimpleStateMachine4Testing (SimpleStateMachine4Testing.java:put(205)) - s0: put 103, m51 -> (t:1, i:103), STATEMACHINELOGENTRY, 309@client-9D2B445D5A50
2023-03-20 09:47:16,162 [s0@group-2D594602B191-StateMachineUpdater] INFO  impl.SimpleStateMachine4Testing (SimpleStateMachine4Testing.java:put(205)) - s0: put 105, m52 -> (t:1, i:105), STATEMACHINELOGENTRY, 310@client-9D2B445D5A50
2023-03-20 09:47:16,164 [s0@group-2D594602B191-StateMachineUpdater] INFO  impl.SimpleStateMachine4Testing (SimpleStateMachine4Testing.java:put(205)) - s0: put 107, m53 -> (t:1, i:107), STATEMACHINELOGENTRY, 311@client-9D2B445D5A50
2023-03-20 09:47:16,167 [s0@group-2D594602B191-StateMachineUpdater] INFO  impl.SimpleStateMachine4Testing (SimpleStateMachine4Testing.java:put(205)) - s0: put 109, m54 -> (t:1, i:109), STATEMACHINELOGENTRY, 312@client-9D2B445D5A50
2023-03-20 09:47:16,170 [s0@group-2D594602B191-StateMachineUpdater] INFO  impl.SimpleStateMachine4Testing (SimpleStateMachine4Testing.java:put(205)) - s0: put 111, m55 -> (t:1, i:111), STATEMACHINELOGENTRY, 313@client-9D2B445D5A50
2023-03-20 09:47:16,172 [s0@group-2D594602B191-StateMachineUpdater] INFO  impl.SimpleStateMachine4Testing (SimpleStateMachine4Testing.java:put(205)) - s0: put 113, m56 -> (t:1, i:113), STATEMACHINELOGENTRY, 314@client-9D2B445D5A50
2023-03-20 09:47:16,175 [s0@group-2D594602B191-StateMachineUpdater] INFO  impl.SimpleStateMachine4Testing (SimpleStateMachine4Testing.java:put(205)) - s0: put 115, m57 -> (t:1, i:115), STATEMACHINELOGENTRY, 315@client-9D2B445D5A50
2023-03-20 09:47:16,178 [s0@group-2D594602B191-StateMachineUpdater] INFO  impl.SimpleStateMachine4Testing (SimpleStateMachine4Testing.java:put(205)) - s0: put 117, m58 -> (t:1, i:117), STATEMACHINELOGENTRY, 316@client-9D2B445D5A50
2023-03-20 09:47:16,180 [s0@group-2D594602B191-StateMachineUpdater] INFO  impl.SimpleStateMachine4Testing (SimpleStateMachine4Testing.java:put(205)) - s0: put 119, m59 -> (t:1, i:119), STATEMACHINELOGENTRY, 317@client-9D2B445D5A50
2023-03-20 09:47:16,182 [s0@group-2D594602B191-StateMachineUpdater] INFO  impl.SimpleStateMachine4Testing (SimpleStateMachine4Testing.java:put(205)) - s0: put 121, m60 -> (t:1, i:121), STATEMACHINELOGENTRY, 318@client-9D2B445D5A50
2023-03-20 09:47:16,185 [s0@group-2D594602B191-StateMachineUpdater] INFO  impl.SimpleStateMachine4Testing (SimpleStateMachine4Testing.java:put(205)) - s0: put 123, m61 -> (t:1, i:123), STATEMACHINELOGENTRY, 319@client-9D2B445D5A50
2023-03-20 09:47:16,188 [s0@group-2D594602B191-StateMachineUpdater] INFO  impl.SimpleStateMachine4Testing (SimpleStateMachine4Testing.java:put(205)) - s0: put 125, m62 -> (t:1, i:125), STATEMACHINELOGENTRY, 320@client-9D2B445D5A50
2023-03-20 09:47:16,190 [s0@group-2D594602B191-StateMachineUpdater] INFO  impl.SimpleStateMachine4Testing (SimpleStateMachine4Testing.java:put(205)) - s0: put 127, m63 -> (t:1, i:127), STATEMACHINELOGENTRY, 321@client-9D2B445D5A50
2023-03-20 09:47:16,205 [s0@group-2D594602B191-StateMachineUpdater] INFO  impl.StateMachineUpdater (StateMachineUpdater.java:takeSnapshot(290)) - s0@group-2D594602B191-StateMachineUpdater: Took a snapshot at index 127
2023-03-20 09:47:16,205 [s0@group-2D594602B191-StateMachineUpdater] INFO  impl.StateMachineUpdater (StateMachineUpdater.java:lambda$new$0(96)) - s0@group-2D594602B191-StateMachineUpdater: snapshotIndex: updateIncreasingly 63 -> 127
2023-03-20 09:47:16,205 [s0@group-2D594602B191-StateMachineUpdater] INFO  raftlog.RaftLog (RaftLogBase.java:purge(314)) - s0@group-2D594602B191-SegmentedRaftLog: purge 127
2023-03-20 09:47:16,205 [s0@group-2D594602B191-StateMachineUpdater] INFO  raftlog.RaftLog (RaftLogBase.java:lambda$new$0(53)) - s0@group-2D594602B191-SegmentedRaftLog: snapshotIndex: updateIncreasingly 63 -> 127
2023-03-20 09:47:16,205 [s0@group-2D594602B191-StateMachineUpdater] INFO  raftlog.RaftLog (RaftLogBase.java:lambda$new$0(53)) - s0@group-2D594602B191-SegmentedRaftLog: purgeIndex: updateToMax old=63, new=127, updated? true
2023-03-20 09:47:16,205 [s0@group-2D594602B191-StateMachineUpdater] INFO  impl.SimpleStateMachine4Testing (SimpleStateMachine4Testing.java:put(205)) - s0: put 129, m64 -> (t:1, i:129), STATEMACHINELOGENTRY, 322@client-9D2B445D5A50
2023-03-20 09:47:16,208 [s0@group-2D594602B191-StateMachineUpdater] INFO  impl.SimpleStateMachine4Testing (SimpleStateMachine4Testing.java:put(205)) - s0: put 131, m65 -> (t:1, i:131), STATEMACHINELOGENTRY, 323@client-9D2B445D5A50
2023-03-20 09:47:16,211 [s0@group-2D594602B191-StateMachineUpdater] INFO  impl.SimpleStateMachine4Testing (SimpleStateMachine4Testing.java:put(205)) - s0: put 133, m66 -> (t:1, i:133), STATEMACHINELOGENTRY, 324@client-9D2B445D5A50
2023-03-20 09:47:16,214 [s0@group-2D594602B191-StateMachineUpdater] INFO  impl.SimpleStateMachine4Testing (SimpleStateMachine4Testing.java:put(205)) - s0: put 135, m67 -> (t:1, i:135), STATEMACHINELOGENTRY, 325@client-9D2B445D5A50
2023-03-20 09:47:16,217 [s0@group-2D594602B191-StateMachineUpdater] INFO  impl.SimpleStateMachine4Testing (SimpleStateMachine4Testing.java:put(205)) - s0: put 137, m68 -> (t:1, i:137), STATEMACHINELOGENTRY, 326@client-9D2B445D5A50
2023-03-20 09:47:16,222 [s0@group-2D594602B191-StateMachineUpdater] INFO  impl.SimpleStateMachine4Testing (SimpleStateMachine4Testing.java:put(205)) - s0: put 139, m69 -> (t:1, i:139), STATEMACHINELOGENTRY, 327@client-9D2B445D5A50
2023-03-20 09:47:16,227 [s0@group-2D594602B191-StateMachineUpdater] INFO  impl.SimpleStateMachine4Testing (SimpleStateMachine4Testing.java:put(205)) - s0: put 141, m70 -> (t:1, i:141), STATEMACHINELOGENTRY, 328@client-9D2B445D5A50
2023-03-20 09:47:16,229 [s0@group-2D594602B191-StateMachineUpdater] INFO  impl.SimpleStateMachine4Testing (SimpleStateMachine4Testing.java:put(205)) - s0: put 143, m71 -> (t:1, i:143), STATEMACHINELOGENTRY, 329@client-9D2B445D5A50
2023-03-20 09:47:16,232 [s0@group-2D594602B191-StateMachineUpdater] INFO  impl.SimpleStateMachine4Testing (SimpleStateMachine4Testing.java:put(205)) - s0: put 145, m72 -> (t:1, i:145), STATEMACHINELOGENTRY, 330@client-9D2B445D5A50
2023-03-20 09:47:16,234 [s0@group-2D594602B191-StateMachineUpdater] INFO  impl.SimpleStateMachine4Testing (SimpleStateMachine4Testing.java:put(205)) - s0: put 147, m73 -> (t:1, i:147), STATEMACHINELOGENTRY, 331@client-9D2B445D5A50
2023-03-20 09:47:16,239 [s0@group-2D594602B191-StateMachineUpdater] INFO  impl.SimpleStateMachine4Testing (SimpleStateMachine4Testing.java:put(205)) - s0: put 149, m74 -> (t:1, i:149), STATEMACHINELOGENTRY, 332@client-9D2B445D5A50
2023-03-20 09:47:16,245 [s0@group-2D594602B191-StateMachineUpdater] INFO  impl.SimpleStateMachine4Testing (SimpleStateMachine4Testing.java:put(205)) - s0: put 151, m75 -> (t:1, i:151), STATEMACHINELOGENTRY, 333@client-9D2B445D5A50
2023-03-20 09:47:16,248 [s0@group-2D594602B191-StateMachineUpdater] INFO  impl.SimpleStateMachine4Testing (SimpleStateMachine4Testing.java:put(205)) - s0: put 153, m76 -> (t:1, i:153), STATEMACHINELOGENTRY, 334@client-9D2B445D5A50
2023-03-20 09:47:16,250 [s0@group-2D594602B191-StateMachineUpdater] INFO  impl.SimpleStateMachine4Testing (SimpleStateMachine4Testing.java:put(205)) - s0: put 155, m77 -> (t:1, i:155), STATEMACHINELOGENTRY, 335@client-9D2B445D5A50
2023-03-20 09:47:16,268 [s0@group-2D594602B191-StateMachineUpdater] INFO  impl.SimpleStateMachine4Testing (SimpleStateMachine4Testing.java:put(205)) - s0: put 157, m78 -> (t:1, i:157), STATEMACHINELOGENTRY, 336@client-9D2B445D5A50
2023-03-20 09:47:16,278 [s0@group-2D594602B191-StateMachineUpdater] INFO  impl.SimpleStateMachine4Testing (SimpleStateMachine4Testing.java:put(205)) - s0: put 159, m79 -> (t:1, i:159), STATEMACHINELOGENTRY, 337@client-9D2B445D5A50
2023-03-20 09:47:16,280 [s0@group-2D594602B191-StateMachineUpdater] INFO  impl.SimpleStateMachine4Testing (SimpleStateMachine4Testing.java:put(205)) - s0: put 161, m80 -> (t:1, i:161), STATEMACHINELOGENTRY, 338@client-9D2B445D5A50
2023-03-20 09:47:16,283 [s0@group-2D594602B191-StateMachineUpdater] INFO  impl.SimpleStateMachine4Testing (SimpleStateMachine4Testing.java:put(205)) - s0: put 163, m81 -> (t:1, i:163), STATEMACHINELOGENTRY, 339@client-9D2B445D5A50
2023-03-20 09:47:16,285 [s0@group-2D594602B191-StateMachineUpdater] INFO  impl.SimpleStateMachine4Testing (SimpleStateMachine4Testing.java:put(205)) - s0: put 165, m82 -> (t:1, i:165), STATEMACHINELOGENTRY, 340@client-9D2B445D5A50
2023-03-20 09:47:16,287 [s0@group-2D594602B191-StateMachineUpdater] INFO  impl.SimpleStateMachine4Testing (SimpleStateMachine4Testing.java:put(205)) - s0: put 167, m83 -> (t:1, i:167), STATEMACHINELOGENTRY, 341@client-9D2B445D5A50
2023-03-20 09:47:16,289 [s0@group-2D594602B191-StateMachineUpdater] INFO  impl.SimpleStateMachine4Testing (SimpleStateMachine4Testing.java:put(205)) - s0: put 169, m84 -> (t:1, i:169), STATEMACHINELOGENTRY, 342@client-9D2B445D5A50
2023-03-20 09:47:16,291 [s0@group-2D594602B191-StateMachineUpdater] INFO  impl.SimpleStateMachine4Testing (SimpleStateMachine4Testing.java:put(205)) - s0: put 171, m85 -> (t:1, i:171), STATEMACHINELOGENTRY, 343@client-9D2B445D5A50
2023-03-20 09:47:16,294 [s0@group-2D594602B191-StateMachineUpdater] INFO  impl.SimpleStateMachine4Testing (SimpleStateMachine4Testing.java:put(205)) - s0: put 173, m86 -> (t:1, i:173), STATEMACHINELOGENTRY, 344@client-9D2B445D5A50
2023-03-20 09:47:16,296 [s0@group-2D594602B191-StateMachineUpdater] INFO  impl.SimpleStateMachine4Testing (SimpleStateMachine4Testing.java:put(205)) - s0: put 175, m87 -> (t:1, i:175), STATEMACHINELOGENTRY, 345@client-9D2B445D5A50
2023-03-20 09:47:16,299 [s0@group-2D594602B191-StateMachineUpdater] INFO  impl.SimpleStateMachine4Testing (SimpleStateMachine4Testing.java:put(205)) - s0: put 177, m88 -> (t:1, i:177), STATEMACHINELOGENTRY, 346@client-9D2B445D5A50
2023-03-20 09:47:16,305 [s0@group-2D594602B191-StateMachineUpdater] INFO  impl.SimpleStateMachine4Testing (SimpleStateMachine4Testing.java:put(205)) - s0: put 179, m89 -> (t:1, i:179), STATEMACHINELOGENTRY, 347@client-9D2B445D5A50
2023-03-20 09:47:16,307 [s0@group-2D594602B191-StateMachineUpdater] INFO  impl.SimpleStateMachine4Testing (SimpleStateMachine4Testing.java:put(205)) - s0: put 181, m90 -> (t:1, i:181), STATEMACHINELOGENTRY, 348@client-9D2B445D5A50
2023-03-20 09:47:16,310 [s0@group-2D594602B191-StateMachineUpdater] INFO  impl.SimpleStateMachine4Testing (SimpleStateMachine4Testing.java:put(205)) - s0: put 183, m91 -> (t:1, i:183), STATEMACHINELOGENTRY, 349@client-9D2B445D5A50
2023-03-20 09:47:16,312 [s0@group-2D594602B191-StateMachineUpdater] INFO  impl.SimpleStateMachine4Testing (SimpleStateMachine4Testing.java:put(205)) - s0: put 185, m92 -> (t:1, i:185), STATEMACHINELOGENTRY, 350@client-9D2B445D5A50
2023-03-20 09:47:16,314 [s0@group-2D594602B191-StateMachineUpdater] INFO  impl.SimpleStateMachine4Testing (SimpleStateMachine4Testing.java:put(205)) - s0: put 187, m93 -> (t:1, i:187), STATEMACHINELOGENTRY, 351@client-9D2B445D5A50
2023-03-20 09:47:16,316 [s0@group-2D594602B191-StateMachineUpdater] INFO  impl.SimpleStateMachine4Testing (SimpleStateMachine4Testing.java:put(205)) - s0: put 189, m94 -> (t:1, i:189), STATEMACHINELOGENTRY, 352@client-9D2B445D5A50
2023-03-20 09:47:16,319 [s0@group-2D594602B191-StateMachineUpdater] INFO  impl.SimpleStateMachine4Testing (SimpleStateMachine4Testing.java:put(205)) - s0: put 191, m95 -> (t:1, i:191), STATEMACHINELOGENTRY, 353@client-9D2B445D5A50
2023-03-20 09:47:16,331 [s0@group-2D594602B191-StateMachineUpdater] INFO  impl.StateMachineUpdater (StateMachineUpdater.java:takeSnapshot(290)) - s0@group-2D594602B191-StateMachineUpdater: Took a snapshot at index 191
2023-03-20 09:47:16,331 [s0@group-2D594602B191-StateMachineUpdater] INFO  impl.StateMachineUpdater (StateMachineUpdater.java:lambda$new$0(96)) - s0@group-2D594602B191-StateMachineUpdater: snapshotIndex: updateIncreasingly 127 -> 191
2023-03-20 09:47:16,331 [s0@group-2D594602B191-StateMachineUpdater] INFO  raftlog.RaftLog (RaftLogBase.java:purge(314)) - s0@group-2D594602B191-SegmentedRaftLog: purge 191
2023-03-20 09:47:16,331 [s0@group-2D594602B191-StateMachineUpdater] INFO  raftlog.RaftLog (RaftLogBase.java:lambda$new$0(53)) - s0@group-2D594602B191-SegmentedRaftLog: snapshotIndex: updateIncreasingly 127 -> 191
2023-03-20 09:47:16,331 [s0@group-2D594602B191-StateMachineUpdater] INFO  raftlog.RaftLog (RaftLogBase.java:lambda$new$0(53)) - s0@group-2D594602B191-SegmentedRaftLog: purgeIndex: updateToMax old=127, new=191, updated? true
2023-03-20 09:47:16,332 [s0@group-2D594602B191-StateMachineUpdater] INFO  impl.SimpleStateMachine4Testing (SimpleStateMachine4Testing.java:put(205)) - s0: put 193, m96 -> (t:1, i:193), STATEMACHINELOGENTRY, 354@client-9D2B445D5A50
2023-03-20 09:47:16,336 [s0@group-2D594602B191-StateMachineUpdater] INFO  impl.SimpleStateMachine4Testing (SimpleStateMachine4Testing.java:put(205)) - s0: put 195, m97 -> (t:1, i:195), STATEMACHINELOGENTRY, 355@client-9D2B445D5A50
2023-03-20 09:47:16,339 [s0@group-2D594602B191-StateMachineUpdater] INFO  impl.SimpleStateMachine4Testing (SimpleStateMachine4Testing.java:put(205)) - s0: put 197, m98 -> (t:1, i:197), STATEMACHINELOGENTRY, 356@client-9D2B445D5A50
2023-03-20 09:47:16,341 [s0@group-2D594602B191-StateMachineUpdater] INFO  impl.SimpleStateMachine4Testing (SimpleStateMachine4Testing.java:put(205)) - s0: put 199, m99 -> (t:1, i:199), STATEMACHINELOGENTRY, 357@client-9D2B445D5A50
2023-03-20 09:47:16,343 [s0@group-2D594602B191-StateMachineUpdater] INFO  impl.SimpleStateMachine4Testing (SimpleStateMachine4Testing.java:put(205)) - s0: put 201, m100 -> (t:1, i:201), STATEMACHINELOGENTRY, 358@client-9D2B445D5A50
2023-03-20 09:47:16,349 [s0@group-2D594602B191-StateMachineUpdater] INFO  impl.SimpleStateMachine4Testing (SimpleStateMachine4Testing.java:put(205)) - s0: put 203, m101 -> (t:1, i:203), STATEMACHINELOGENTRY, 359@client-9D2B445D5A50
2023-03-20 09:47:16,353 [s0@group-2D594602B191-StateMachineUpdater] INFO  impl.SimpleStateMachine4Testing (SimpleStateMachine4Testing.java:put(205)) - s0: put 205, m102 -> (t:1, i:205), STATEMACHINELOGENTRY, 360@client-9D2B445D5A50
2023-03-20 09:47:16,358 [s0@group-2D594602B191-StateMachineUpdater] INFO  impl.SimpleStateMachine4Testing (SimpleStateMachine4Testing.java:put(205)) - s0: put 207, m103 -> (t:1, i:207), STATEMACHINELOGENTRY, 361@client-9D2B445D5A50
2023-03-20 09:47:16,362 [s0@group-2D594602B191-StateMachineUpdater] INFO  impl.SimpleStateMachine4Testing (SimpleStateMachine4Testing.java:put(205)) - s0: put 209, m104 -> (t:1, i:209), STATEMACHINELOGENTRY, 362@client-9D2B445D5A50
2023-03-20 09:47:16,365 [s0@group-2D594602B191-StateMachineUpdater] INFO  impl.SimpleStateMachine4Testing (SimpleStateMachine4Testing.java:put(205)) - s0: put 211, m105 -> (t:1, i:211), STATEMACHINELOGENTRY, 363@client-9D2B445D5A50
2023-03-20 09:47:16,367 [s0@group-2D594602B191-StateMachineUpdater] INFO  impl.SimpleStateMachine4Testing (SimpleStateMachine4Testing.java:put(205)) - s0: put 213, m106 -> (t:1, i:213), STATEMACHINELOGENTRY, 364@client-9D2B445D5A50
2023-03-20 09:47:16,370 [s0@group-2D594602B191-StateMachineUpdater] INFO  impl.SimpleStateMachine4Testing (SimpleStateMachine4Testing.java:put(205)) - s0: put 215, m107 -> (t:1, i:215), STATEMACHINELOGENTRY, 365@client-9D2B445D5A50
2023-03-20 09:47:16,372 [s0@group-2D594602B191-StateMachineUpdater] INFO  impl.SimpleStateMachine4Testing (SimpleStateMachine4Testing.java:put(205)) - s0: put 217, m108 -> (t:1, i:217), STATEMACHINELOGENTRY, 366@client-9D2B445D5A50
2023-03-20 09:47:16,375 [s0@group-2D594602B191-StateMachineUpdater] INFO  impl.SimpleStateMachine4Testing (SimpleStateMachine4Testing.java:put(205)) - s0: put 219, m109 -> (t:1, i:219), STATEMACHINELOGENTRY, 367@client-9D2B445D5A50
2023-03-20 09:47:16,381 [s0@group-2D594602B191-StateMachineUpdater] INFO  impl.SimpleStateMachine4Testing (SimpleStateMachine4Testing.java:put(205)) - s0: put 221, m110 -> (t:1, i:221), STATEMACHINELOGENTRY, 368@client-9D2B445D5A50
2023-03-20 09:47:16,383 [s0@group-2D594602B191-StateMachineUpdater] INFO  impl.SimpleStateMachine4Testing (SimpleStateMachine4Testing.java:put(205)) - s0: put 223, m111 -> (t:1, i:223), STATEMACHINELOGENTRY, 369@client-9D2B445D5A50
2023-03-20 09:47:16,387 [s0@group-2D594602B191-StateMachineUpdater] INFO  impl.SimpleStateMachine4Testing (SimpleStateMachine4Testing.java:put(205)) - s0: put 225, m112 -> (t:1, i:225), STATEMACHINELOGENTRY, 370@client-9D2B445D5A50
2023-03-20 09:47:16,389 [s0@group-2D594602B191-StateMachineUpdater] INFO  impl.SimpleStateMachine4Testing (SimpleStateMachine4Testing.java:put(205)) - s0: put 227, m113 -> (t:1, i:227), STATEMACHINELOGENTRY, 371@client-9D2B445D5A50
2023-03-20 09:47:16,392 [s0@group-2D594602B191-StateMachineUpdater] INFO  impl.SimpleStateMachine4Testing (SimpleStateMachine4Testing.java:put(205)) - s0: put 229, m114 -> (t:1, i:229), STATEMACHINELOGENTRY, 372@client-9D2B445D5A50
2023-03-20 09:47:16,399 [s0@group-2D594602B191-StateMachineUpdater] INFO  impl.SimpleStateMachine4Testing (SimpleStateMachine4Testing.java:put(205)) - s0: put 231, m115 -> (t:1, i:231), STATEMACHINELOGENTRY, 373@client-9D2B445D5A50
2023-03-20 09:47:16,401 [s0@group-2D594602B191-StateMachineUpdater] INFO  impl.SimpleStateMachine4Testing (SimpleStateMachine4Testing.java:put(205)) - s0: put 233, m116 -> (t:1, i:233), STATEMACHINELOGENTRY, 374@client-9D2B445D5A50
2023-03-20 09:47:16,403 [s0@group-2D594602B191-StateMachineUpdater] INFO  impl.SimpleStateMachine4Testing (SimpleStateMachine4Testing.java:put(205)) - s0: put 235, m117 -> (t:1, i:235), STATEMACHINELOGENTRY, 375@client-9D2B445D5A50
2023-03-20 09:47:16,405 [s0@group-2D594602B191-StateMachineUpdater] INFO  impl.SimpleStateMachine4Testing (SimpleStateMachine4Testing.java:put(205)) - s0: put 237, m118 -> (t:1, i:237), STATEMACHINELOGENTRY, 376@client-9D2B445D5A50
2023-03-20 09:47:16,407 [s0@group-2D594602B191-StateMachineUpdater] INFO  impl.SimpleStateMachine4Testing (SimpleStateMachine4Testing.java:put(205)) - s0: put 239, m119 -> (t:1, i:239), STATEMACHINELOGENTRY, 377@client-9D2B445D5A50
2023-03-20 09:47:16,409 [s0@group-2D594602B191-StateMachineUpdater] INFO  impl.SimpleStateMachine4Testing (SimpleStateMachine4Testing.java:put(205)) - s0: put 241, m120 -> (t:1, i:241), STATEMACHINELOGENTRY, 378@client-9D2B445D5A50
2023-03-20 09:47:16,411 [s0@group-2D594602B191-StateMachineUpdater] INFO  impl.SimpleStateMachine4Testing (SimpleStateMachine4Testing.java:put(205)) - s0: put 243, m121 -> (t:1, i:243), STATEMACHINELOGENTRY, 379@client-9D2B445D5A50
2023-03-20 09:47:16,418 [s0@group-2D594602B191-StateMachineUpdater] INFO  impl.SimpleStateMachine4Testing (SimpleStateMachine4Testing.java:put(205)) - s0: put 245, m122 -> (t:1, i:245), STATEMACHINELOGENTRY, 380@client-9D2B445D5A50
2023-03-20 09:47:16,420 [s0@group-2D594602B191-StateMachineUpdater] INFO  impl.SimpleStateMachine4Testing (SimpleStateMachine4Testing.java:put(205)) - s0: put 247, m123 -> (t:1, i:247), STATEMACHINELOGENTRY, 381@client-9D2B445D5A50
2023-03-20 09:47:16,422 [s0@group-2D594602B191-StateMachineUpdater] INFO  impl.SimpleStateMachine4Testing (SimpleStateMachine4Testing.java:put(205)) - s0: put 249, m124 -> (t:1, i:249), STATEMACHINELOGENTRY, 382@client-9D2B445D5A50
2023-03-20 09:47:16,424 [s0@group-2D594602B191-StateMachineUpdater] INFO  impl.SimpleStateMachine4Testing (SimpleStateMachine4Testing.java:put(205)) - s0: put 251, m125 -> (t:1, i:251), STATEMACHINELOGENTRY, 383@client-9D2B445D5A50
2023-03-20 09:47:16,426 [s0@group-2D594602B191-StateMachineUpdater] INFO  impl.SimpleStateMachine4Testing (SimpleStateMachine4Testing.java:put(205)) - s0: put 253, m126 -> (t:1, i:253), STATEMACHINELOGENTRY, 384@client-9D2B445D5A50
2023-03-20 09:47:16,431 [s0-server-thread1] INFO  server.RaftServer$Division (RaftServerImpl.java:takeSnapshotAsync(1125)) - s0@group-2D594602B191: takeSnapshotAsync SnapshotManagementRequest:client-9D2B445D5A50->s0@group-2D594602B191, cid=385, seq=0, RO, null, Create:
2023-03-20 09:47:16,431 [s0-server-thread1] INFO  server.RaftServerConfigKeys (ConfUtils.java:logGet(46)) - raft.server.snapshot.creation.gap = 1024 (default)
2023-03-20 09:47:16,440 [Time-limited test] INFO  impl.MiniRaftCluster (MiniRaftCluster.java:addNewPeers(464)) - Add new peers [s1, s2]
2023-03-20 09:47:16,441 [Time-limited test] INFO  impl.MiniRaftCluster (MiniRaftCluster.java:newRaftServer(382)) - newRaftServer: s1, group-2D594602B191:[], format? true
2023-03-20 09:47:16,441 [Time-limited test] TRACE util.FileUtils (FileUtils.java:deleteFully(201)) - deleteFully target/test/data/1ffe5b81/MiniRaftClusterWithGrpc89ffc592/s1
2023-03-20 09:47:16,441 [Time-limited test] TRACE util.FileUtils (FileUtils.java:deleteFully(217)) - deleteFully: target/test/data/1ffe5b81/MiniRaftClusterWithGrpc89ffc592/s1 does not exist.
2023-03-20 09:47:16,441 [Time-limited test] INFO  impl.MiniRaftCluster (MiniRaftCluster.java:newRaftServer(387)) - Formatted directory target/test/data/1ffe5b81/MiniRaftClusterWithGrpc89ffc592/s1
2023-03-20 09:47:16,441 [Time-limited test] INFO  server.RaftServer (ConfUtils.java:logGet(46)) - raft.rpc.type = GRPC (default)
2023-03-20 09:47:16,441 [Time-limited test] INFO  grpc.GrpcConfigKeys (ConfUtils.java:logFallback(53)) - raft.grpc.admin.host = null (fallback to raft.grpc.server.host)
2023-03-20 09:47:16,441 [Time-limited test] INFO  grpc.GrpcConfigKeys (ConfUtils.java:logFallback(53)) - raft.grpc.admin.port = 38407 (fallback to raft.grpc.server.port)
2023-03-20 09:47:16,441 [Time-limited test] INFO  grpc.GrpcConfigKeys (ConfUtils.java:logFallback(53)) - raft.grpc.client.host = null (fallback to raft.grpc.server.host)
2023-03-20 09:47:16,441 [Time-limited test] INFO  grpc.GrpcConfigKeys (ConfUtils.java:logFallback(53)) - raft.grpc.client.port = 38407 (fallback to raft.grpc.server.port)
2023-03-20 09:47:16,441 [Time-limited test] INFO  grpc.GrpcConfigKeys (ConfUtils.java:logGet(46)) - raft.grpc.server.host = null (default)
2023-03-20 09:47:16,442 [Time-limited test] INFO  grpc.GrpcConfigKeys (ConfUtils.java:logGet(46)) - raft.grpc.server.port = 38407 (custom)
2023-03-20 09:47:16,442 [Time-limited test] INFO  server.GrpcService (ConfUtils.java:logGet(46)) - raft.grpc.message.size.max = 64MB (=67108864) (default)
2023-03-20 09:47:16,442 [Time-limited test] INFO  server.RaftServerConfigKeys (ConfUtils.java:logGet(46)) - raft.server.log.appender.buffer.byte-limit = 4MB (=4194304) (default)
2023-03-20 09:47:16,442 [Time-limited test] INFO  server.GrpcService (ConfUtils.java:logGet(46)) - raft.grpc.flow.control.window = 1MB (=1048576) (default)
2023-03-20 09:47:16,442 [Time-limited test] INFO  server.RaftServerConfigKeys (ConfUtils.java:logGet(46)) - raft.server.rpc.request.timeout = 3000ms (default)
2023-03-20 09:47:16,442 [Time-limited test] INFO  grpc.GrpcConfigKeys (ConfUtils.java:logGet(46)) - raft.grpc.server.heartbeat.channel = true (default)
2023-03-20 09:47:16,442 [Time-limited test] INFO  grpc.GrpcConfigKeys (ConfUtils.java:logGet(46)) - raft.grpc.server.async.request.thread.pool.cached = true (default)
2023-03-20 09:47:16,442 [Time-limited test] INFO  grpc.GrpcConfigKeys (ConfUtils.java:logGet(46)) - raft.grpc.server.async.request.thread.pool.size = 32 (default)
2023-03-20 09:47:16,442 [Time-limited test] INFO  impl.DataStreamServerImpl (ConfUtils.java:logGet(46)) - raft.datastream.type = DISABLED (default)
2023-03-20 09:47:16,443 [Time-limited test] INFO  server.RaftServerConfigKeys (ConfUtils.java:logGet(46)) - raft.server.threadpool.proxy.cached = true (default)
2023-03-20 09:47:16,443 [Time-limited test] INFO  server.RaftServerConfigKeys (ConfUtils.java:logGet(46)) - raft.server.threadpool.proxy.size = 0 (default)
2023-03-20 09:47:16,443 [Time-limited test] INFO  server.RaftServerConfigKeys (ConfUtils.java:logGet(46)) - raft.server.rpc.slowness.timeout = 60s (default)
2023-03-20 09:47:16,443 [Time-limited test] INFO  server.RaftServerConfigKeys (ConfUtils.java:logGet(46)) - raft.server.leaderelection.leader.step-down.wait-time = 10s (default)
2023-03-20 09:47:16,443 [Time-limited test] INFO  server.RaftServerConfigKeys (ConfUtils.java:logGet(46)) - raft.server.storage.dir = [/home/runner/work/ratis/ratis/ratis-test/target/test/data/1ffe5b81/MiniRaftClusterWithGrpc89ffc592/s1] (custom)
2023-03-20 09:47:16,444 [Time-limited test] INFO  server.RaftServer (RaftServerProxy.java:addNew(99)) - s1: addNew group-2D594602B191:[] returns group-2D594602B191:java.util.concurrent.CompletableFuture@43fb4251[Not completed]
2023-03-20 09:47:16,445 [Time-limited test] INFO  impl.MiniRaftCluster (MiniRaftCluster.java:newRaftServer(382)) - newRaftServer: s2, group-2D594602B191:[], format? true
2023-03-20 09:47:16,445 [Time-limited test] TRACE util.FileUtils (FileUtils.java:deleteFully(201)) - deleteFully target/test/data/1ffe5b81/MiniRaftClusterWithGrpc89ffc592/s2
2023-03-20 09:47:16,445 [s1-groupManagement] INFO  server.RaftServerConfigKeys (ConfUtils.java:logGet(46)) - raft.server.log.segment.size.max = 8MB (=8388608) (default)
2023-03-20 09:47:16,445 [s1-groupManagement] INFO  server.RaftServerConfigKeys (ConfUtils.java:logGet(46)) - raft.server.log.preallocated.size = 4MB (=4194304) (default)
2023-03-20 09:47:16,445 [s1-groupManagement] INFO  server.RaftServerConfigKeys (ConfUtils.java:logGet(46)) - raft.server.log.write.buffer.size = 64KB (=65536) (default)
2023-03-20 09:47:16,445 [s1-groupManagement] INFO  server.RaftServer$Division (RaftServerImpl.java:<init>(198)) - s1: new RaftServerImpl for group-2D594602B191:[] with StateMachineWithMultiNestedSnapshotFile:uninitialized
2023-03-20 09:47:16,445 [s1-groupManagement] INFO  server.RaftServerConfigKeys (ConfUtils.java:logGet(46)) - raft.server.rpc.timeout.min = 150ms (default)
2023-03-20 09:47:16,445 [s1-groupManagement] INFO  server.RaftServerConfigKeys (ConfUtils.java:logGet(46)) - raft.server.rpc.timeout.max = 300ms (default)
2023-03-20 09:47:16,445 [s1-groupManagement] INFO  server.RaftServerConfigKeys (ConfUtils.java:logGet(46)) - raft.server.rpc.sleep.time = 25ms (default)
2023-03-20 09:47:16,445 [s1-groupManagement] INFO  server.RaftServerConfigKeys (ConfUtils.java:logGet(46)) - raft.server.rpc.slowness.timeout = 60s (default)
2023-03-20 09:47:16,445 [s1-groupManagement] INFO  server.RaftServerConfigKeys (ConfUtils.java:logGet(46)) - raft.server.leaderelection.leader.step-down.wait-time = 10s (default)
2023-03-20 09:47:16,445 [s1-groupManagement] INFO  server.RaftServerConfigKeys (ConfUtils.java:logGet(46)) - raft.server.sleep.deviation.threshold = 300ms (default)
2023-03-20 09:47:16,445 [s1-groupManagement] INFO  server.RaftServer$Division (ServerState.java:<init>(113)) - s1@group-2D594602B191: ConfigurationManager, init=-1: peers:[]|listeners:[], old=null, confs=<EMPTY_MAP>
2023-03-20 09:47:16,445 [s1-groupManagement] INFO  server.RaftServerConfigKeys (ConfUtils.java:logGet(46)) - raft.server.notification.no-leader.timeout = 60s (default)
2023-03-20 09:47:16,445 [s1-groupManagement] INFO  server.RaftServerConfigKeys (ConfUtils.java:logGet(46)) - raft.server.read.timeout = 10s (default)
2023-03-20 09:47:16,446 [s1-groupManagement] INFO  server.RaftServerConfigKeys (ConfUtils.java:logGet(46)) - raft.server.retrycache.expirytime = 60s (default)
2023-03-20 09:47:16,446 [s1-groupManagement] INFO  server.RaftServerConfigKeys (ConfUtils.java:logGet(46)) - raft.server.retrycache.statistics.expirytime = 100μs (default)
2023-03-20 09:47:16,446 [s1-groupManagement] INFO  server.RaftServerConfigKeys (ConfUtils.java:logGet(46)) - raft.server.read.option = DEFAULT (default)
2023-03-20 09:47:16,447 [s1-groupManagement] INFO  server.RaftServerConfigKeys (ConfUtils.java:logGet(46)) - raft.server.rpc.request.timeout = 3000ms (default)
2023-03-20 09:47:16,447 [s1-groupManagement] INFO  server.RaftServerConfigKeys (ConfUtils.java:logGet(46)) - raft.server.log.appender.install.snapshot.enabled = true (default)
2023-03-20 09:47:16,447 [s1-groupManagement] INFO  server.RaftServerConfigKeys (ConfUtils.java:logGet(46)) - raft.server.threadpool.server.cached = true (default)
2023-03-20 09:47:16,447 [s1-groupManagement] INFO  server.RaftServerConfigKeys (ConfUtils.java:logGet(46)) - raft.server.threadpool.server.size = 0 (default)
2023-03-20 09:47:16,447 [s1-groupManagement] INFO  server.RaftServerConfigKeys (ConfUtils.java:logGet(46)) - raft.server.threadpool.client.cached = true (default)
2023-03-20 09:47:16,447 [s1-groupManagement] INFO  server.RaftServerConfigKeys (ConfUtils.java:logGet(46)) - raft.server.threadpool.client.size = 0 (default)
2023-03-20 09:47:16,445 [Time-limited test] TRACE util.FileUtils (FileUtils.java:deleteFully(217)) - deleteFully: target/test/data/1ffe5b81/MiniRaftClusterWithGrpc89ffc592/s2 does not exist.
2023-03-20 09:47:16,452 [Time-limited test] INFO  impl.MiniRaftCluster (MiniRaftCluster.java:newRaftServer(387)) - Formatted directory target/test/data/1ffe5b81/MiniRaftClusterWithGrpc89ffc592/s2
2023-03-20 09:47:16,453 [Time-limited test] INFO  server.RaftServer (ConfUtils.java:logGet(46)) - raft.rpc.type = GRPC (default)
2023-03-20 09:47:16,453 [Time-limited test] INFO  grpc.GrpcConfigKeys (ConfUtils.java:logFallback(53)) - raft.grpc.admin.host = null (fallback to raft.grpc.server.host)
2023-03-20 09:47:16,453 [Time-limited test] INFO  grpc.GrpcConfigKeys (ConfUtils.java:logFallback(53)) - raft.grpc.admin.port = 36687 (fallback to raft.grpc.server.port)
2023-03-20 09:47:16,453 [Time-limited test] INFO  grpc.GrpcConfigKeys (ConfUtils.java:logFallback(53)) - raft.grpc.client.host = null (fallback to raft.grpc.server.host)
2023-03-20 09:47:16,453 [Time-limited test] INFO  grpc.GrpcConfigKeys (ConfUtils.java:logFallback(53)) - raft.grpc.client.port = 36687 (fallback to raft.grpc.server.port)
2023-03-20 09:47:16,453 [Time-limited test] INFO  grpc.GrpcConfigKeys (ConfUtils.java:logGet(46)) - raft.grpc.server.host = null (default)
2023-03-20 09:47:16,453 [Time-limited test] INFO  grpc.GrpcConfigKeys (ConfUtils.java:logGet(46)) - raft.grpc.server.port = 36687 (custom)
2023-03-20 09:47:16,453 [Time-limited test] INFO  server.GrpcService (ConfUtils.java:logGet(46)) - raft.grpc.message.size.max = 64MB (=67108864) (default)
2023-03-20 09:47:16,453 [Time-limited test] INFO  server.RaftServerConfigKeys (ConfUtils.java:logGet(46)) - raft.server.log.appender.buffer.byte-limit = 4MB (=4194304) (default)
2023-03-20 09:47:16,453 [Time-limited test] INFO  server.GrpcService (ConfUtils.java:logGet(46)) - raft.grpc.flow.control.window = 1MB (=1048576) (default)
2023-03-20 09:47:16,454 [Time-limited test] INFO  server.RaftServerConfigKeys (ConfUtils.java:logGet(46)) - raft.server.rpc.request.timeout = 3000ms (default)
2023-03-20 09:47:16,454 [Time-limited test] INFO  grpc.GrpcConfigKeys (ConfUtils.java:logGet(46)) - raft.grpc.server.heartbeat.channel = true (default)
2023-03-20 09:47:16,454 [Time-limited test] INFO  grpc.GrpcConfigKeys (ConfUtils.java:logGet(46)) - raft.grpc.server.async.request.thread.pool.cached = true (default)
2023-03-20 09:47:16,454 [Time-limited test] INFO  grpc.GrpcConfigKeys (ConfUtils.java:logGet(46)) - raft.grpc.server.async.request.thread.pool.size = 32 (default)
2023-03-20 09:47:16,454 [Time-limited test] INFO  impl.DataStreamServerImpl (ConfUtils.java:logGet(46)) - raft.datastream.type = DISABLED (default)
2023-03-20 09:47:16,455 [Time-limited test] INFO  server.RaftServerConfigKeys (ConfUtils.java:logGet(46)) - raft.server.threadpool.proxy.cached = true (default)
2023-03-20 09:47:16,455 [Time-limited test] INFO  server.RaftServerConfigKeys (ConfUtils.java:logGet(46)) - raft.server.threadpool.proxy.size = 0 (default)
2023-03-20 09:47:16,455 [Time-limited test] INFO  server.RaftServerConfigKeys (ConfUtils.java:logGet(46)) - raft.server.rpc.slowness.timeout = 60s (default)
2023-03-20 09:47:16,455 [Time-limited test] INFO  server.RaftServerConfigKeys (ConfUtils.java:logGet(46)) - raft.server.leaderelection.leader.step-down.wait-time = 10s (default)
2023-03-20 09:47:16,455 [Time-limited test] INFO  server.RaftServerConfigKeys (ConfUtils.java:logGet(46)) - raft.server.storage.dir = [/home/runner/work/ratis/ratis/ratis-test/target/test/data/1ffe5b81/MiniRaftClusterWithGrpc89ffc592/s2] (custom)
2023-03-20 09:47:16,460 [Time-limited test] INFO  server.RaftServer (RaftServerProxy.java:addNew(99)) - s2: addNew group-2D594602B191:[] returns group-2D594602B191:java.util.concurrent.CompletableFuture@2c6d3509[Not completed]
2023-03-20 09:47:16,461 [s1-impl-thread1] INFO  server.RaftServerConfigKeys (ConfUtils.java:logGet(46)) - raft.server.storage.free-space.min = 0MB (=0) (default)
2023-03-20 09:47:16,461 [s1-impl-thread1] INFO  server.RaftServerConfigKeys (ConfUtils.java:logGet(46)) - raft.server.log.corruption.policy = EXCEPTION (default)
2023-03-20 09:47:16,461 [s1-impl-thread1] INFO  server.RaftServerConfigKeys (ConfUtils.java:logGet(46)) - raft.server.storage.dir = [/home/runner/work/ratis/ratis/ratis-test/target/test/data/1ffe5b81/MiniRaftClusterWithGrpc89ffc592/s1] (custom)
2023-03-20 09:47:16,461 [s1-impl-thread1] INFO  storage.RaftStorageDirectory (RaftStorageDirectoryImpl.java:analyzeStorage(138)) - The storage directory /home/runner/work/ratis/ratis/ratis-test/target/test/data/1ffe5b81/MiniRaftClusterWithGrpc89ffc592/s1/e8745e42-bdab-4392-a117-2d594602b191 does not exist. Creating ...
2023-03-20 09:47:16,461 [s1-impl-thread1] TRACE util.FileUtils (LogUtils.java:runAndLog(49)) - Successfully ran Files.createDirectories /home/runner/work/ratis/ratis/ratis-test/target/test/data/1ffe5b81/MiniRaftClusterWithGrpc89ffc592/s1/e8745e42-bdab-4392-a117-2d594602b191
2023-03-20 09:47:16,462 [s2-groupManagement] INFO  server.RaftServerConfigKeys (ConfUtils.java:logGet(46)) - raft.server.log.segment.size.max = 8MB (=8388608) (default)
2023-03-20 09:47:16,462 [s1-impl-thread1] INFO  storage.RaftStorageDirectory (RaftStorageDirectoryImpl.java:tryLock(232)) - Lock on /home/runner/work/ratis/ratis/ratis-test/target/test/data/1ffe5b81/MiniRaftClusterWithGrpc89ffc592/s1/e8745e42-bdab-4392-a117-2d594602b191/in_use.lock acquired by nodename 2761@fv-az137-349
2023-03-20 09:47:16,463 [s1-impl-thread1] TRACE util.FileUtils (LogUtils.java:runAndLog(49)) - Successfully ran Files.createDirectories /home/runner/work/ratis/ratis/ratis-test/target/test/data/1ffe5b81/MiniRaftClusterWithGrpc89ffc592/s1/e8745e42-bdab-4392-a117-2d594602b191/current
2023-03-20 09:47:16,463 [s1-impl-thread1] TRACE util.FileUtils (LogUtils.java:runAndLog(49)) - Successfully ran Files.createDirectories /home/runner/work/ratis/ratis/ratis-test/target/test/data/1ffe5b81/MiniRaftClusterWithGrpc89ffc592/s1/e8745e42-bdab-4392-a117-2d594602b191/sm
2023-03-20 09:47:16,462 [s2-groupManagement] INFO  server.RaftServerConfigKeys (ConfUtils.java:logGet(46)) - raft.server.log.preallocated.size = 4MB (=4194304) (default)
2023-03-20 09:47:16,463 [s2-groupManagement] INFO  server.RaftServerConfigKeys (ConfUtils.java:logGet(46)) - raft.server.log.write.buffer.size = 64KB (=65536) (default)
2023-03-20 09:47:16,463 [s2-groupManagement] INFO  server.RaftServer$Division (RaftServerImpl.java:<init>(198)) - s2: new RaftServerImpl for group-2D594602B191:[] with StateMachineWithMultiNestedSnapshotFile:uninitialized
2023-03-20 09:47:16,463 [s2-groupManagement] INFO  server.RaftServerConfigKeys (ConfUtils.java:logGet(46)) - raft.server.rpc.timeout.min = 150ms (default)
2023-03-20 09:47:16,463 [s2-groupManagement] INFO  server.RaftServerConfigKeys (ConfUtils.java:logGet(46)) - raft.server.rpc.timeout.max = 300ms (default)
2023-03-20 09:47:16,464 [s2-groupManagement] INFO  server.RaftServerConfigKeys (ConfUtils.java:logGet(46)) - raft.server.rpc.sleep.time = 25ms (default)
2023-03-20 09:47:16,464 [s1-impl-thread1] INFO  storage.RaftStorage (RaftStorageImpl.java:format(96)) - Storage directory /home/runner/work/ratis/ratis/ratis-test/target/test/data/1ffe5b81/MiniRaftClusterWithGrpc89ffc592/s1/e8745e42-bdab-4392-a117-2d594602b191 has been successfully formatted.
2023-03-20 09:47:16,465 [s1-impl-thread1] INFO  impl.SimpleStateMachine4Testing (SimpleStateMachine4Testing.java:initialize(213)) - Initializing StateMachineWithMultiNestedSnapshotFile:uninitialized
2023-03-20 09:47:16,465 [s1-impl-thread1] INFO  impl.SimpleStateMachine4Testing (SimpleStateMachine4Testing.java:loadSnapshot(293)) - Loading snapshot null
2023-03-20 09:47:16,465 [s1-impl-thread1] INFO  server.RaftServerConfigKeys (ConfUtils.java:logGet(46)) - raft.server.log.use.memory = false (default)
2023-03-20 09:47:16,465 [s1-impl-thread1] INFO  server.RaftServerConfigKeys (ConfUtils.java:logGet(46)) - raft.server.log.purge.gap = 8 (custom)
2023-03-20 09:47:16,465 [s1-impl-thread1] INFO  server.RaftServerConfigKeys (ConfUtils.java:logGet(46)) - raft.server.log.appender.buffer.byte-limit = 4MB (=4194304) (default)
2023-03-20 09:47:16,465 [s1-impl-thread1] INFO  server.RaftServerConfigKeys (ConfUtils.java:logGet(46)) - raft.server.log.statemachine.data.read.timeout = 1000ms (default)
2023-03-20 09:47:16,465 [s1-impl-thread1] INFO  server.RaftServerConfigKeys (ConfUtils.java:logGet(46)) - raft.server.log.purge.preservation.log.num = 0 (default)
2023-03-20 09:47:16,465 [s1-impl-thread1] INFO  server.RaftServerConfigKeys (ConfUtils.java:logGet(46)) - raft.server.log.segment.size.max = 8MB (=8388608) (default)
2023-03-20 09:47:16,466 [s1-impl-thread1] INFO  server.RaftServerConfigKeys (ConfUtils.java:logGet(46)) - raft.server.log.segment.cache.num.max = 6 (default)
2023-03-20 09:47:16,466 [s1-impl-thread1] INFO  server.RaftServerConfigKeys (ConfUtils.java:logGet(46)) - raft.server.log.segment.cache.size.max = 200MB (=209715200) (default)
2023-03-20 09:47:16,466 [s1-impl-thread1] INFO  server.RaftServerConfigKeys (ConfUtils.java:logGet(46)) - raft.server.log.appender.buffer.byte-limit = 4MB (=4194304) (default)
2023-03-20 09:47:16,466 [s1-impl-thread1] INFO  segmented.SegmentedRaftLogWorker (SegmentedRaftLogWorker.java:<init>(183)) - new s1@group-2D594602B191-SegmentedRaftLogWorker for RaftStorageImpl:Storage Directory /home/runner/work/ratis/ratis/ratis-test/target/test/data/1ffe5b81/MiniRaftClusterWithGrpc89ffc592/s1/e8745e42-bdab-4392-a117-2d594602b191
2023-03-20 09:47:16,466 [s1-impl-thread1] INFO  server.RaftServerConfigKeys (ConfUtils.java:logGet(46)) - raft.server.log.queue.byte-limit = 64MB (=67108864) (default)
2023-03-20 09:47:16,466 [s1-impl-thread1] INFO  server.RaftServerConfigKeys (ConfUtils.java:logGet(46)) - raft.server.log.queue.element-limit = 4096 (default)
2023-03-20 09:47:16,466 [s1-impl-thread1] INFO  server.RaftServerConfigKeys (ConfUtils.java:logGet(46)) - raft.server.log.segment.size.max = 8MB (=8388608) (default)
2023-03-20 09:47:16,466 [s1-impl-thread1] INFO  server.RaftServerConfigKeys (ConfUtils.java:logGet(46)) - raft.server.log.preallocated.size = 4MB (=4194304) (default)
2023-03-20 09:47:16,466 [s1-impl-thread1] INFO  server.RaftServerConfigKeys (ConfUtils.java:logGet(46)) - raft.server.log.force.sync.num = 128 (default)
2023-03-20 09:47:16,466 [s1-impl-thread1] INFO  server.RaftServerConfigKeys (ConfUtils.java:logGet(46)) - raft.server.log.statemachine.data.sync = true (default)
2023-03-20 09:47:16,466 [s1-impl-thread1] INFO  server.RaftServerConfigKeys (ConfUtils.java:logGet(46)) - raft.server.log.statemachine.data.sync.timeout = 10s (default)
2023-03-20 09:47:16,466 [s1-impl-thread1] INFO  server.RaftServerConfigKeys (ConfUtils.java:logGet(46)) - raft.server.log.statemachine.data.sync.timeout.retry = -1 (default)
2023-03-20 09:47:16,466 [s1-impl-thread1] INFO  server.RaftServerConfigKeys (ConfUtils.java:logGet(46)) - raft.server.log.write.buffer.size = 64KB (=65536) (default)
2023-03-20 09:47:16,466 [s1-impl-thread1] INFO  server.RaftServerConfigKeys (ConfUtils.java:logGet(46)) - raft.server.log.appender.buffer.byte-limit = 4MB (=4194304) (default)
2023-03-20 09:47:16,467 [s1-impl-thread1] INFO  server.RaftServerConfigKeys (ConfUtils.java:logGet(46)) - raft.server.log.unsafe-flush.enabled = false (default)
2023-03-20 09:47:16,467 [s1-impl-thread1] INFO  server.RaftServerConfigKeys (ConfUtils.java:logGet(46)) - raft.server.log.async-flush.enabled = false (default)
2023-03-20 09:47:16,467 [s1-impl-thread1] INFO  server.RaftServerConfigKeys (ConfUtils.java:logGet(46)) - raft.server.log.statemachine.data.caching.enabled = false (default)
2023-03-20 09:47:16,467 [s1-impl-thread1] INFO  segmented.SegmentedRaftLogWorker (SegmentedRaftLogWorker.java:lambda$new$0(134)) - s1@group-2D594602B191-SegmentedRaftLogWorker: flushIndex: setUnconditionally 0 -> -1
2023-03-20 09:47:16,467 [s1-impl-thread1] INFO  segmented.SegmentedRaftLogWorker (SegmentedRaftLogWorker.java:lambda$new$0(134)) - s1@group-2D594602B191-SegmentedRaftLogWorker: safeCacheEvictIndex: setUnconditionally 0 -> -1
2023-03-20 09:47:16,467 [s2-groupManagement] INFO  server.RaftServerConfigKeys (ConfUtils.java:logGet(46)) - raft.server.rpc.slowness.timeout = 60s (default)
2023-03-20 09:47:16,467 [s2-groupManagement] INFO  server.RaftServerConfigKeys (ConfUtils.java:logGet(46)) - raft.server.leaderelection.leader.step-down.wait-time = 10s (default)
2023-03-20 09:47:16,467 [s2-groupManagement] INFO  server.RaftServerConfigKeys (ConfUtils.java:logGet(46)) - raft.server.sleep.deviation.threshold = 300ms (default)
2023-03-20 09:47:16,467 [s2-groupManagement] INFO  server.RaftServer$Division (ServerState.java:<init>(113)) - s2@group-2D594602B191: ConfigurationManager, init=-1: peers:[]|listeners:[], old=null, confs=<EMPTY_MAP>
2023-03-20 09:47:16,467 [s2-groupManagement] INFO  server.RaftServerConfigKeys (ConfUtils.java:logGet(46)) - raft.server.notification.no-leader.timeout = 60s (default)
2023-03-20 09:47:16,468 [s2-groupManagement] INFO  server.RaftServerConfigKeys (ConfUtils.java:logGet(46)) - raft.server.read.timeout = 10s (default)
2023-03-20 09:47:16,468 [s2-groupManagement] INFO  server.RaftServerConfigKeys (ConfUtils.java:logGet(46)) - raft.server.retrycache.expirytime = 60s (default)
2023-03-20 09:47:16,468 [s2-groupManagement] INFO  server.RaftServerConfigKeys (ConfUtils.java:logGet(46)) - raft.server.retrycache.statistics.expirytime = 100μs (default)
2023-03-20 09:47:16,468 [s2-groupManagement] INFO  server.RaftServerConfigKeys (ConfUtils.java:logGet(46)) - raft.server.read.option = DEFAULT (default)
2023-03-20 09:47:16,474 [s2-groupManagement] INFO  server.RaftServerConfigKeys (ConfUtils.java:logGet(46)) - raft.server.rpc.request.timeout = 3000ms (default)
2023-03-20 09:47:16,474 [s2-groupManagement] INFO  server.RaftServerConfigKeys (ConfUtils.java:logGet(46)) - raft.server.log.appender.install.snapshot.enabled = true (default)
2023-03-20 09:47:16,474 [s2-groupManagement] INFO  server.RaftServerConfigKeys (ConfUtils.java:logGet(46)) - raft.server.threadpool.server.cached = true (default)
2023-03-20 09:47:16,474 [s2-groupManagement] INFO  server.RaftServerConfigKeys (ConfUtils.java:logGet(46)) - raft.server.threadpool.server.size = 0 (default)
2023-03-20 09:47:16,475 [s1-impl-thread1] INFO  server.RaftServer$Division (RaftServerImpl.java:start(348)) - s1@group-2D594602B191: start with initializing state, conf=-1: peers:[]|listeners:[], old=null
2023-03-20 09:47:16,475 [s1-impl-thread1] INFO  server.RaftServer$Division (RaftServerImpl.java:setRole(329)) - s1@group-2D594602B191: changes role from      null to FOLLOWER at term 0 for startInitializing
2023-03-20 09:47:16,475 [s1-impl-thread1] INFO  util.JmxRegister (JmxRegister.java:tryRegister(44)) - Successfully registered JMX Bean with object name Ratis:service=RaftServer,group=group-2D594602B191,id=s1
2023-03-20 09:47:16,475 [s1-impl-thread1] INFO  server.RaftServerConfigKeys (ConfUtils.java:logGet(46)) - raft.server.snapshot.auto.trigger.enabled = true (custom)
2023-03-20 09:47:16,475 [s1-impl-thread1] INFO  server.RaftServerConfigKeys (ConfUtils.java:logGet(46)) - raft.server.snapshot.auto.trigger.threshold = 64 (custom)
2023-03-20 09:47:16,476 [s1-impl-thread1] INFO  server.RaftServerConfigKeys (ConfUtils.java:logGet(46)) - raft.server.snapshot.retention.file.num = -1 (default)
2023-03-20 09:47:16,476 [s1-impl-thread1] INFO  server.RaftServerConfigKeys (ConfUtils.java:logGet(46)) - raft.server.log.purge.upto.snapshot.index = false (default)
2023-03-20 09:47:16,475 [s2-groupManagement] INFO  server.RaftServerConfigKeys (ConfUtils.java:logGet(46)) - raft.server.threadpool.client.cached = true (default)
2023-03-20 09:47:16,476 [s2-groupManagement] INFO  server.RaftServerConfigKeys (ConfUtils.java:logGet(46)) - raft.server.threadpool.client.size = 0 (default)
2023-03-20 09:47:16,480 [Time-limited test] INFO  server.RaftServer (RaftServerProxy.java:startImpl(401)) - s1: start RPC server
2023-03-20 09:47:16,485 [Time-limited test] INFO  server.GrpcService (GrpcService.java:startImpl(302)) - s1: GrpcService started, listening on 38407
2023-03-20 09:47:16,486 [s2-impl-thread1] INFO  server.RaftServerConfigKeys (ConfUtils.java:logGet(46)) - raft.server.storage.free-space.min = 0MB (=0) (default)
2023-03-20 09:47:16,486 [s2-impl-thread1] INFO  server.RaftServerConfigKeys (ConfUtils.java:logGet(46)) - raft.server.log.corruption.policy = EXCEPTION (default)
2023-03-20 09:47:16,486 [s2-impl-thread1] INFO  server.RaftServerConfigKeys (ConfUtils.java:logGet(46)) - raft.server.storage.dir = [/home/runner/work/ratis/ratis/ratis-test/target/test/data/1ffe5b81/MiniRaftClusterWithGrpc89ffc592/s2] (custom)
2023-03-20 09:47:16,487 [s2-impl-thread1] INFO  storage.RaftStorageDirectory (RaftStorageDirectoryImpl.java:analyzeStorage(138)) - The storage directory /home/runner/work/ratis/ratis/ratis-test/target/test/data/1ffe5b81/MiniRaftClusterWithGrpc89ffc592/s2/e8745e42-bdab-4392-a117-2d594602b191 does not exist. Creating ...
2023-03-20 09:47:16,487 [s2-impl-thread1] TRACE util.FileUtils (LogUtils.java:runAndLog(49)) - Successfully ran Files.createDirectories /home/runner/work/ratis/ratis/ratis-test/target/test/data/1ffe5b81/MiniRaftClusterWithGrpc89ffc592/s2/e8745e42-bdab-4392-a117-2d594602b191
2023-03-20 09:47:16,487 [JvmPauseMonitor7] INFO  util.JvmPauseMonitor (JvmPauseMonitor.java:run(103)) - JvmPauseMonitor-s1: Started
2023-03-20 09:47:16,488 [s2-impl-thread1] INFO  storage.RaftStorageDirectory (RaftStorageDirectoryImpl.java:tryLock(232)) - Lock on /home/runner/work/ratis/ratis/ratis-test/target/test/data/1ffe5b81/MiniRaftClusterWithGrpc89ffc592/s2/e8745e42-bdab-4392-a117-2d594602b191/in_use.lock acquired by nodename 2761@fv-az137-349
2023-03-20 09:47:16,488 [s2-impl-thread1] TRACE util.FileUtils (LogUtils.java:runAndLog(49)) - Successfully ran Files.createDirectories /home/runner/work/ratis/ratis/ratis-test/target/test/data/1ffe5b81/MiniRaftClusterWithGrpc89ffc592/s2/e8745e42-bdab-4392-a117-2d594602b191/current
2023-03-20 09:47:16,488 [s2-impl-thread1] TRACE util.FileUtils (LogUtils.java:runAndLog(49)) - Successfully ran Files.createDirectories /home/runner/work/ratis/ratis/ratis-test/target/test/data/1ffe5b81/MiniRaftClusterWithGrpc89ffc592/s2/e8745e42-bdab-4392-a117-2d594602b191/sm
2023-03-20 09:47:16,489 [s2-impl-thread1] INFO  storage.RaftStorage (RaftStorageImpl.java:format(96)) - Storage directory /home/runner/work/ratis/ratis/ratis-test/target/test/data/1ffe5b81/MiniRaftClusterWithGrpc89ffc592/s2/e8745e42-bdab-4392-a117-2d594602b191 has been successfully formatted.
2023-03-20 09:47:16,490 [s2-impl-thread1] INFO  impl.SimpleStateMachine4Testing (SimpleStateMachine4Testing.java:initialize(213)) - Initializing StateMachineWithMultiNestedSnapshotFile:uninitialized
2023-03-20 09:47:16,490 [s2-impl-thread1] INFO  impl.SimpleStateMachine4Testing (SimpleStateMachine4Testing.java:loadSnapshot(293)) - Loading snapshot null
2023-03-20 09:47:16,490 [s2-impl-thread1] INFO  server.RaftServerConfigKeys (ConfUtils.java:logGet(46)) - raft.server.log.use.memory = false (default)
2023-03-20 09:47:16,490 [s2-impl-thread1] INFO  server.RaftServerConfigKeys (ConfUtils.java:logGet(46)) - raft.server.log.purge.gap = 8 (custom)
2023-03-20 09:47:16,490 [s2-impl-thread1] INFO  server.RaftServerConfigKeys (ConfUtils.java:logGet(46)) - raft.server.log.appender.buffer.byte-limit = 4MB (=4194304) (default)
2023-03-20 09:47:16,490 [s2-impl-thread1] INFO  server.RaftServerConfigKeys (ConfUtils.java:logGet(46)) - raft.server.log.statemachine.data.read.timeout = 1000ms (default)
2023-03-20 09:47:16,490 [s2-impl-thread1] INFO  server.RaftServerConfigKeys (ConfUtils.java:logGet(46)) - raft.server.log.purge.preservation.log.num = 0 (default)
2023-03-20 09:47:16,490 [s2-impl-thread1] INFO  server.RaftServerConfigKeys (ConfUtils.java:logGet(46)) - raft.server.log.segment.size.max = 8MB (=8388608) (default)
2023-03-20 09:47:16,491 [s2-impl-thread1] INFO  server.RaftServerConfigKeys (ConfUtils.java:logGet(46)) - raft.server.log.segment.cache.num.max = 6 (default)
2023-03-20 09:47:16,491 [s2-impl-thread1] INFO  server.RaftServerConfigKeys (ConfUtils.java:logGet(46)) - raft.server.log.segment.cache.size.max = 200MB (=209715200) (default)
2023-03-20 09:47:16,491 [s2-impl-thread1] INFO  server.RaftServerConfigKeys (ConfUtils.java:logGet(46)) - raft.server.log.appender.buffer.byte-limit = 4MB (=4194304) (default)
2023-03-20 09:47:16,491 [s2-impl-thread1] INFO  segmented.SegmentedRaftLogWorker (SegmentedRaftLogWorker.java:<init>(183)) - new s2@group-2D594602B191-SegmentedRaftLogWorker for RaftStorageImpl:Storage Directory /home/runner/work/ratis/ratis/ratis-test/target/test/data/1ffe5b81/MiniRaftClusterWithGrpc89ffc592/s2/e8745e42-bdab-4392-a117-2d594602b191
2023-03-20 09:47:16,491 [s2-impl-thread1] INFO  server.RaftServerConfigKeys (ConfUtils.java:logGet(46)) - raft.server.log.queue.byte-limit = 64MB (=67108864) (default)
2023-03-20 09:47:16,491 [s2-impl-thread1] INFO  server.RaftServerConfigKeys (ConfUtils.java:logGet(46)) - raft.server.log.queue.element-limit = 4096 (default)
2023-03-20 09:47:16,491 [s2-impl-thread1] INFO  server.RaftServerConfigKeys (ConfUtils.java:logGet(46)) - raft.server.log.segment.size.max = 8MB (=8388608) (default)
2023-03-20 09:47:16,491 [s2-impl-thread1] INFO  server.RaftServerConfigKeys (ConfUtils.java:logGet(46)) - raft.server.log.preallocated.size = 4MB (=4194304) (default)
2023-03-20 09:47:16,491 [s2-impl-thread1] INFO  server.RaftServerConfigKeys (ConfUtils.java:logGet(46)) - raft.server.log.force.sync.num = 128 (default)
2023-03-20 09:47:16,491 [s2-impl-thread1] INFO  server.RaftServerConfigKeys (ConfUtils.java:logGet(46)) - raft.server.log.statemachine.data.sync = true (default)
2023-03-20 09:47:16,491 [s2-impl-thread1] INFO  server.RaftServerConfigKeys (ConfUtils.java:logGet(46)) - raft.server.log.statemachine.data.sync.timeout = 10s (default)
2023-03-20 09:47:16,491 [s2-impl-thread1] INFO  server.RaftServerConfigKeys (ConfUtils.java:logGet(46)) - raft.server.log.statemachine.data.sync.timeout.retry = -1 (default)
2023-03-20 09:47:16,491 [s2-impl-thread1] INFO  server.RaftServerConfigKeys (ConfUtils.java:logGet(46)) - raft.server.log.write.buffer.size = 64KB (=65536) (default)
2023-03-20 09:47:16,491 [s2-impl-thread1] INFO  server.RaftServerConfigKeys (ConfUtils.java:logGet(46)) - raft.server.log.appender.buffer.byte-limit = 4MB (=4194304) (default)
2023-03-20 09:47:16,492 [s2-impl-thread1] INFO  server.RaftServerConfigKeys (ConfUtils.java:logGet(46)) - raft.server.log.unsafe-flush.enabled = false (default)
2023-03-20 09:47:16,492 [s2-impl-thread1] INFO  server.RaftServerConfigKeys (ConfUtils.java:logGet(46)) - raft.server.log.async-flush.enabled = false (default)
2023-03-20 09:47:16,492 [s2-impl-thread1] INFO  server.RaftServerConfigKeys (ConfUtils.java:logGet(46)) - raft.server.log.statemachine.data.caching.enabled = false (default)
2023-03-20 09:47:16,492 [s2-impl-thread1] INFO  segmented.SegmentedRaftLogWorker (SegmentedRaftLogWorker.java:lambda$new$0(134)) - s2@group-2D594602B191-SegmentedRaftLogWorker: flushIndex: setUnconditionally 0 -> -1
2023-03-20 09:47:16,492 [s2-impl-thread1] INFO  segmented.SegmentedRaftLogWorker (SegmentedRaftLogWorker.java:lambda$new$0(134)) - s2@group-2D594602B191-SegmentedRaftLogWorker: safeCacheEvictIndex: setUnconditionally 0 -> -1
2023-03-20 09:47:16,496 [s2-impl-thread1] INFO  server.RaftServer$Division (RaftServerImpl.java:start(348)) - s2@group-2D594602B191: start with initializing state, conf=-1: peers:[]|listeners:[], old=null
2023-03-20 09:47:16,496 [s2-impl-thread1] INFO  server.RaftServer$Division (RaftServerImpl.java:setRole(329)) - s2@group-2D594602B191: changes role from      null to FOLLOWER at term 0 for startInitializing
2023-03-20 09:47:16,497 [s2-impl-thread1] INFO  util.JmxRegister (JmxRegister.java:tryRegister(44)) - Successfully registered JMX Bean with object name Ratis:service=RaftServer,group=group-2D594602B191,id=s2
2023-03-20 09:47:16,497 [s2-impl-thread1] INFO  server.RaftServerConfigKeys (ConfUtils.java:logGet(46)) - raft.server.snapshot.auto.trigger.enabled = true (custom)
2023-03-20 09:47:16,497 [s2-impl-thread1] INFO  server.RaftServerConfigKeys (ConfUtils.java:logGet(46)) - raft.server.snapshot.auto.trigger.threshold = 64 (custom)
2023-03-20 09:47:16,497 [s2-impl-thread1] INFO  server.RaftServerConfigKeys (ConfUtils.java:logGet(46)) - raft.server.snapshot.retention.file.num = -1 (default)
2023-03-20 09:47:16,497 [s2-impl-thread1] INFO  server.RaftServerConfigKeys (ConfUtils.java:logGet(46)) - raft.server.log.purge.upto.snapshot.index = false (default)
2023-03-20 09:47:16,497 [Time-limited test] INFO  server.RaftServer (RaftServerProxy.java:startImpl(401)) - s2: start RPC server
2023-03-20 09:47:16,498 [Time-limited test] INFO  server.GrpcService (GrpcService.java:startImpl(302)) - s2: GrpcService started, listening on 36687
2023-03-20 09:47:16,499 [JvmPauseMonitor8] INFO  util.JvmPauseMonitor (JvmPauseMonitor.java:run(103)) - JvmPauseMonitor-s2: Started
2023-03-20 09:47:16,499 [Time-limited test] INFO  impl.MiniRaftCluster (MiniRaftCluster.java:setConfiguration(819)) - Start changing the configuration: [s1|rpc:0.0.0.0:38407|priority:0|startupRole:FOLLOWER, s2|rpc:0.0.0.0:36687|priority:0|startupRole:FOLLOWER, s0|rpc:localhost:45925|admin:localhost:44951|client:localhost:40615|dataStream:localhost:33373|priority:0|startupRole:FOLLOWER]
2023-03-20 09:47:16,504 [s0-server-thread1] INFO  server.RaftServer$Division (RaftServerImpl.java:setConfigurationAsync(1193)) - s0@group-2D594602B191: receive setConfiguration SetConfigurationRequest:client-F1CCE174FA76->s0@group-2D594602B191, cid=386, seq=0, RW, null, SET_UNCONDITIONALLY, servers:[s1|rpc:0.0.0.0:38407|dataStream:|priority:0|startupRole:FOLLOWER, s2|rpc:0.0.0.0:36687|dataStream:|priority:0|startupRole:FOLLOWER, s0|rpc:localhost:45925|admin:localhost:44951|client:localhost:40615|dataStream:localhost:33373|priority:0|startupRole:FOLLOWER], listeners:[]
2023-03-20 09:47:16,504 [s0-server-thread1] INFO  server.RaftServer$Division (LeaderStateImpl.java:startSetConfiguration(443)) - s0@group-2D594602B191-LeaderStateImpl: startSetConfiguration SetConfigurationRequest:client-F1CCE174FA76->s0@group-2D594602B191, cid=386, seq=0, RW, null, SET_UNCONDITIONALLY, servers:[s1|rpc:0.0.0.0:38407|dataStream:|priority:0|startupRole:FOLLOWER, s2|rpc:0.0.0.0:36687|dataStream:|priority:0|startupRole:FOLLOWER, s0|rpc:localhost:45925|admin:localhost:44951|client:localhost:40615|dataStream:localhost:33373|priority:0|startupRole:FOLLOWER], listeners:[]
2023-03-20 09:47:16,504 [s0-server-thread1] INFO  server.RaftServerConfigKeys (ConfUtils.java:logGet(46)) - raft.server.log.appender.snapshot.chunk.size.max = 1k (=1024) (custom)
2023-03-20 09:47:16,504 [s0-server-thread1] INFO  server.RaftServerConfigKeys (ConfUtils.java:logGet(46)) - raft.server.log.appender.buffer.byte-limit = 4MB (=4194304) (default)
2023-03-20 09:47:16,504 [s0-server-thread1] INFO  server.RaftServerConfigKeys (ConfUtils.java:logGet(46)) - raft.server.log.appender.buffer.element-limit = 0 (default)
2023-03-20 09:47:16,505 [s0-server-thread1] INFO  server.RaftServerConfigKeys (ConfUtils.java:logGet(46)) - raft.server.log.appender.wait-time.min = 10ms (default)
2023-03-20 09:47:16,505 [s0-server-thread1] INFO  grpc.GrpcConfigKeys (ConfUtils.java:logGet(46)) - raft.grpc.server.leader.outstanding.appends.max = 128 (default)
2023-03-20 09:47:16,505 [s0-server-thread1] INFO  server.RaftServerConfigKeys (ConfUtils.java:logGet(46)) - raft.server.rpc.request.timeout = 3000ms (default)
2023-03-20 09:47:16,505 [s0-server-thread1] INFO  grpc.GrpcConfigKeys (ConfUtils.java:logGet(46)) - raft.grpc.server.install_snapshot.request.element-limit = 8 (default)
2023-03-20 09:47:16,505 [s0-server-thread1] INFO  grpc.GrpcConfigKeys (ConfUtils.java:logGet(46)) - raft.grpc.server.install_snapshot.request.timeout = 3000ms (default)
2023-03-20 09:47:16,505 [s0-server-thread1] INFO  server.RaftServerConfigKeys (ConfUtils.java:logGet(46)) - raft.server.log.appender.install.snapshot.enabled = true (default)
2023-03-20 09:47:16,505 [s0-server-thread1] INFO  grpc.GrpcConfigKeys (ConfUtils.java:logGet(46)) - raft.grpc.server.heartbeat.channel = true (default)
2023-03-20 09:47:16,505 [s0-server-thread1] INFO  server.RaftServerConfigKeys (ConfUtils.java:logGet(46)) - raft.server.log.appender.snapshot.chunk.size.max = 1k (=1024) (custom)
2023-03-20 09:47:16,505 [s0-server-thread1] INFO  server.RaftServerConfigKeys (ConfUtils.java:logGet(46)) - raft.server.log.appender.buffer.byte-limit = 4MB (=4194304) (default)
2023-03-20 09:47:16,505 [s0-server-thread1] INFO  server.RaftServerConfigKeys (ConfUtils.java:logGet(46)) - raft.server.log.appender.buffer.element-limit = 0 (default)
2023-03-20 09:47:16,505 [s0-server-thread1] INFO  server.RaftServerConfigKeys (ConfUtils.java:logGet(46)) - raft.server.log.appender.wait-time.min = 10ms (default)
2023-03-20 09:47:16,505 [s0-server-thread1] INFO  grpc.GrpcConfigKeys (ConfUtils.java:logGet(46)) - raft.grpc.server.leader.outstanding.appends.max = 128 (default)
2023-03-20 09:47:16,505 [s0-server-thread1] INFO  server.RaftServerConfigKeys (ConfUtils.java:logGet(46)) - raft.server.rpc.request.timeout = 3000ms (default)
2023-03-20 09:47:16,505 [s0-server-thread1] INFO  grpc.GrpcConfigKeys (ConfUtils.java:logGet(46)) - raft.grpc.server.install_snapshot.request.element-limit = 8 (default)
2023-03-20 09:47:16,505 [s0-server-thread1] INFO  grpc.GrpcConfigKeys (ConfUtils.java:logGet(46)) - raft.grpc.server.install_snapshot.request.timeout = 3000ms (default)
2023-03-20 09:47:16,505 [s0-server-thread1] INFO  server.RaftServerConfigKeys (ConfUtils.java:logGet(46)) - raft.server.log.appender.install.snapshot.enabled = true (default)
2023-03-20 09:47:16,506 [s0-server-thread1] INFO  grpc.GrpcConfigKeys (ConfUtils.java:logGet(46)) - raft.grpc.server.heartbeat.channel = true (default)
2023-03-20 09:47:16,506 [s0@group-2D594602B191->s1-GrpcLogAppender-LogAppenderDaemon] INFO  server.GrpcLogAppender (GrpcLogAppender.java:installSnapshot(595)) - s0@group-2D594602B191->s1-GrpcLogAppender: followerNextIndex = 0 but logStartIndex = 0, send snapshot FileListSnapshotInfo(t:1, i:191):[/home/runner/work/ratis/ratis/ratis-test/target/test/data/1ffe5b81/MiniRaftClusterWithGrpc89ffc592/s0/e8745e42-bdab-4392-a117-2d594602b191/sm/snapshot/1.bin, /home/runner/work/ratis/ratis/ratis-test/target/test/data/1ffe5b81/MiniRaftClusterWithGrpc89ffc592/s0/e8745e42-bdab-4392-a117-2d594602b191/sm/snapshot/sub/2.bin, /home/runner/work/ratis/ratis/ratis-test/target/test/data/1ffe5b81/MiniRaftClusterWithGrpc89ffc592/s0/e8745e42-bdab-4392-a117-2d594602b191/sm/snapshot.1_191] to follower
2023-03-20 09:47:16,509 [s0@group-2D594602B191->s1-GrpcLogAppender-LogAppenderDaemon] INFO  server.GrpcServerProtocolClient (GrpcServerProtocolClient.java:<init>(64)) - Build channel for s1
2023-03-20 09:47:16,509 [s0@group-2D594602B191->s2-GrpcLogAppender-LogAppenderDaemon] INFO  server.GrpcLogAppender (GrpcLogAppender.java:installSnapshot(595)) - s0@group-2D594602B191->s2-GrpcLogAppender: followerNextIndex = 0 but logStartIndex = 0, send snapshot FileListSnapshotInfo(t:1, i:191):[/home/runner/work/ratis/ratis/ratis-test/target/test/data/1ffe5b81/MiniRaftClusterWithGrpc89ffc592/s0/e8745e42-bdab-4392-a117-2d594602b191/sm/snapshot/1.bin, /home/runner/work/ratis/ratis/ratis-test/target/test/data/1ffe5b81/MiniRaftClusterWithGrpc89ffc592/s0/e8745e42-bdab-4392-a117-2d594602b191/sm/snapshot/sub/2.bin, /home/runner/work/ratis/ratis/ratis-test/target/test/data/1ffe5b81/MiniRaftClusterWithGrpc89ffc592/s0/e8745e42-bdab-4392-a117-2d594602b191/sm/snapshot.1_191] to follower
2023-03-20 09:47:16,516 [s0@group-2D594602B191->s2-GrpcLogAppender-LogAppenderDaemon] INFO  server.GrpcServerProtocolClient (GrpcServerProtocolClient.java:<init>(64)) - Build channel for s2
2023-03-20 09:47:16,519 [grpc-default-executor-2] INFO  impl.SnapshotInstallationHandler (SnapshotInstallationHandler.java:installSnapshot(89)) - s1@group-2D594602B191: receive installSnapshot: s0->s1#0-t1,chunk:85df02e9-46ec-415f-95b8-b1af1a9506d7,0
2023-03-20 09:47:16,520 [grpc-default-executor-2] INFO  server.RaftServer$Division (ServerState.java:setLeader(260)) - s1@group-2D594602B191: change Leader from null to s0 at term 1 for installSnapshot, leader elected after 74ms
2023-03-20 09:47:16,524 [grpc-default-executor-2] TRACE util.FileUtils (LogUtils.java:runAndLog(49)) - Successfully ran Files.createDirectories /home/runner/work/ratis/ratis/ratis-test/target/test/data/1ffe5b81/MiniRaftClusterWithGrpc89ffc592/s1/e8745e42-bdab-4392-a117-2d594602b191/tmp/snapshot-85df02e9-46ec-415f-95b8-b1af1a9506d7
2023-03-20 09:47:16,524 [grpc-default-executor-2] INFO  storage.SnapshotManager (SnapshotManager.java:installSnapshot(89)) - Installing snapshot:s0->s1#0-t1,chunk:85df02e9-46ec-415f-95b8-b1af1a9506d7,0, to tmp dir:/home/runner/work/ratis/ratis/ratis-test/target/test/data/1ffe5b81/MiniRaftClusterWithGrpc89ffc592/s1/e8745e42-bdab-4392-a117-2d594602b191/tmp/snapshot-85df02e9-46ec-415f-95b8-b1af1a9506d7
2023-03-20 09:47:16,524 [grpc-default-executor-2] TRACE util.FileUtils (LogUtils.java:runAndLog(49)) - Successfully ran Files.createDirectories /home/runner/work/ratis/ratis/ratis-test/target/test/data/1ffe5b81/MiniRaftClusterWithGrpc89ffc592/s1/e8745e42-bdab-4392-a117-2d594602b191/tmp/snapshot-85df02e9-46ec-415f-95b8-b1af1a9506d7/snapshot
2023-03-20 09:47:16,526 [grpc-default-executor-2] INFO  segmented.SegmentedRaftLogWorker (SegmentedRaftLogWorker.java:lambda$new$0(134)) - s1@group-2D594602B191-SegmentedRaftLogWorker: flushIndex: setUnconditionally -1 -> 191
2023-03-20 09:47:16,526 [grpc-default-executor-2] INFO  segmented.SegmentedRaftLogWorker (SegmentedRaftLogWorker.java:lambda$new$0(134)) - s1@group-2D594602B191-SegmentedRaftLogWorker: safeCacheEvictIndex: setUnconditionally -1 -> 191
2023-03-20 09:47:16,526 [grpc-default-executor-2] INFO  impl.SnapshotInstallationHandler (SnapshotInstallationHandler.java:installSnapshotImpl(134)) - s1@group-2D594602B191: set new configuration configurationEntry {
  peers {
    id: "s0"
    address: "localhost:45925"
    dataStreamAddress: "localhost:33373"
    clientAddress: "localhost:40615"
    adminAddress: "localhost:44951"
    startupRole: FOLLOWER
  }
}
 from snapshot
2023-03-20 09:47:16,530 [grpc-default-executor-2] INFO  server.RaftServer$Division (ServerState.java:setRaftConf(377)) - s1@group-2D594602B191: set configuration 0: peers:[s0|rpc:localhost:45925|admin:localhost:44951|client:localhost:40615|dataStream:localhost:33373|priority:0|startupRole:FOLLOWER]|listeners:[], old=null
2023-03-20 09:47:16,530 [grpc-default-executor-2] INFO  impl.SnapshotInstallationHandler (SnapshotInstallationHandler.java:installSnapshot(100)) - s1@group-2D594602B191: reply installSnapshot: s0<-s1#0:OK-t0,SUCCESS,requestIndex=0
2023-03-20 09:47:16,530 [grpc-default-executor-3] INFO  server.GrpcLogAppender (GrpcLogAppender.java:onNext(501)) - s0@group-2D594602B191->s1-InstallSnapshotResponseHandler: received the first reply s0<-s1#0:OK-t0,SUCCESS,requestIndex=0
2023-03-20 09:47:16,531 [grpc-default-executor-3] INFO  server.GrpcLogAppender (GrpcLogAppender.java:onNext(514)) - s0@group-2D594602B191->s1-InstallSnapshotResponseHandler: Completed InstallSnapshot. Reply: serverReply {
  requestorId: "s0"
  replyId: "s1"
  raftGroupId {
    id: "\350t^B\275\253C\222\241\027-YF\002\261\221"
  }
  success: true
}
requestIndex: 0

2023-03-20 09:47:16,531 [grpc-default-executor-3] INFO  leader.FollowerInfo (FollowerInfoImpl.java:setAttemptedToInstallSnapshot(126)) - Follower s0@group-2D594602B191->s1 acknowledged installing snapshot
2023-03-20 09:47:16,531 [grpc-default-executor-2] INFO  impl.SnapshotInstallationHandler (SnapshotInstallationHandler.java:installSnapshot(89)) - s1@group-2D594602B191: receive installSnapshot: s0->s1#0-t1,chunk:85df02e9-46ec-415f-95b8-b1af1a9506d7,1
2023-03-20 09:47:16,531 [grpc-default-executor-2] TRACE util.FileUtils (LogUtils.java:runAndLog(49)) - Successfully ran Files.createDirectories /home/runner/work/ratis/ratis/ratis-test/target/test/data/1ffe5b81/MiniRaftClusterWithGrpc89ffc592/s1/e8745e42-bdab-4392-a117-2d594602b191/tmp/snapshot-85df02e9-46ec-415f-95b8-b1af1a9506d7
2023-03-20 09:47:16,531 [grpc-default-executor-2] INFO  storage.SnapshotManager (SnapshotManager.java:installSnapshot(89)) - Installing snapshot:s0->s1#0-t1,chunk:85df02e9-46ec-415f-95b8-b1af1a9506d7,1, to tmp dir:/home/runner/work/ratis/ratis/ratis-test/target/test/data/1ffe5b81/MiniRaftClusterWithGrpc89ffc592/s1/e8745e42-bdab-4392-a117-2d594602b191/tmp/snapshot-85df02e9-46ec-415f-95b8-b1af1a9506d7
2023-03-20 09:47:16,532 [grpc-default-executor-2] TRACE util.FileUtils (LogUtils.java:runAndLog(49)) - Successfully ran Files.createDirectories /home/runner/work/ratis/ratis/ratis-test/target/test/data/1ffe5b81/MiniRaftClusterWithGrpc89ffc592/s1/e8745e42-bdab-4392-a117-2d594602b191/tmp/snapshot-85df02e9-46ec-415f-95b8-b1af1a9506d7/snapshot/sub
2023-03-20 09:47:16,532 [grpc-default-executor-2] INFO  impl.SnapshotInstallationHandler (SnapshotInstallationHandler.java:installSnapshot(100)) - s1@group-2D594602B191: reply installSnapshot: s0<-s1#0:OK-t1,SUCCESS,requestIndex=1
2023-03-20 09:47:16,532 [grpc-default-executor-3] INFO  server.GrpcLogAppender (GrpcLogAppender.java:onNext(501)) - s0@group-2D594602B191->s1-InstallSnapshotResponseHandler: received a reply s0<-s1#0:OK-t1,SUCCESS,requestIndex=1
2023-03-20 09:47:16,532 [grpc-default-executor-3] INFO  server.GrpcLogAppender (GrpcLogAppender.java:onNext(514)) - s0@group-2D594602B191->s1-InstallSnapshotResponseHandler: Completed InstallSnapshot. Reply: serverReply {
  requestorId: "s0"
  replyId: "s1"
  raftGroupId {
    id: "\350t^B\275\253C\222\241\027-YF\002\261\221"
  }
  success: true
}
term: 1
requestIndex: 1

2023-03-20 09:47:16,532 [grpc-default-executor-3] INFO  leader.FollowerInfo (FollowerInfoImpl.java:setAttemptedToInstallSnapshot(126)) - Follower s0@group-2D594602B191->s1 acknowledged installing snapshot
2023-03-20 09:47:16,533 [grpc-default-executor-2] INFO  impl.SnapshotInstallationHandler (SnapshotInstallationHandler.java:installSnapshot(89)) - s1@group-2D594602B191: receive installSnapshot: s0->s1#0-t1,chunk:85df02e9-46ec-415f-95b8-b1af1a9506d7,2
2023-03-20 09:47:16,533 [grpc-default-executor-2] TRACE util.FileUtils (LogUtils.java:runAndLog(49)) - Successfully ran Files.createDirectories /home/runner/work/ratis/ratis/ratis-test/target/test/data/1ffe5b81/MiniRaftClusterWithGrpc89ffc592/s1/e8745e42-bdab-4392-a117-2d594602b191/tmp/snapshot-85df02e9-46ec-415f-95b8-b1af1a9506d7
2023-03-20 09:47:16,533 [grpc-default-executor-2] INFO  storage.SnapshotManager (SnapshotManager.java:installSnapshot(89)) - Installing snapshot:s0->s1#0-t1,chunk:85df02e9-46ec-415f-95b8-b1af1a9506d7,2, to tmp dir:/home/runner/work/ratis/ratis/ratis-test/target/test/data/1ffe5b81/MiniRaftClusterWithGrpc89ffc592/s1/e8745e42-bdab-4392-a117-2d594602b191/tmp/snapshot-85df02e9-46ec-415f-95b8-b1af1a9506d7
2023-03-20 09:47:16,533 [grpc-default-executor-2] TRACE util.FileUtils (LogUtils.java:runAndLog(49)) - Successfully ran Files.createDirectories /home/runner/work/ratis/ratis/ratis-test/target/test/data/1ffe5b81/MiniRaftClusterWithGrpc89ffc592/s1/e8745e42-bdab-4392-a117-2d594602b191/tmp/snapshot-85df02e9-46ec-415f-95b8-b1af1a9506d7/snapshot/sub
2023-03-20 09:47:16,533 [grpc-default-executor-2] INFO  impl.SnapshotInstallationHandler (SnapshotInstallationHandler.java:installSnapshot(100)) - s1@group-2D594602B191: reply installSnapshot: s0<-s1#0:OK-t1,SUCCESS,requestIndex=2
2023-03-20 09:47:16,534 [grpc-default-executor-3] INFO  server.GrpcLogAppender (GrpcLogAppender.java:onNext(501)) - s0@group-2D594602B191->s1-InstallSnapshotResponseHandler: received a reply s0<-s1#0:OK-t1,SUCCESS,requestIndex=2
2023-03-20 09:47:16,534 [grpc-default-executor-3] INFO  server.GrpcLogAppender (GrpcLogAppender.java:onNext(514)) - s0@group-2D594602B191->s1-InstallSnapshotResponseHandler: Completed InstallSnapshot. Reply: serverReply {
  requestorId: "s0"
  replyId: "s1"
  raftGroupId {
    id: "\350t^B\275\253C\222\241\027-YF\002\261\221"
  }
  success: true
}
term: 1
requestIndex: 2

2023-03-20 09:47:16,534 [grpc-default-executor-3] INFO  leader.FollowerInfo (FollowerInfoImpl.java:setAttemptedToInstallSnapshot(126)) - Follower s0@group-2D594602B191->s1 acknowledged installing snapshot
2023-03-20 09:47:16,534 [grpc-default-executor-2] INFO  impl.SnapshotInstallationHandler (SnapshotInstallationHandler.java:installSnapshot(89)) - s1@group-2D594602B191: receive installSnapshot: s0->s1#0-t1,chunk:85df02e9-46ec-415f-95b8-b1af1a9506d7,3
2023-03-20 09:47:16,535 [grpc-default-executor-2] TRACE util.FileUtils (LogUtils.java:runAndLog(49)) - Successfully ran Files.createDirectories /home/runner/work/ratis/ratis/ratis-test/target/test/data/1ffe5b81/MiniRaftClusterWithGrpc89ffc592/s1/e8745e42-bdab-4392-a117-2d594602b191/tmp/snapshot-85df02e9-46ec-415f-95b8-b1af1a9506d7
2023-03-20 09:47:16,535 [grpc-default-executor-2] INFO  storage.SnapshotManager (SnapshotManager.java:installSnapshot(89)) - Installing snapshot:s0->s1#0-t1,chunk:85df02e9-46ec-415f-95b8-b1af1a9506d7,3, to tmp dir:/home/runner/work/ratis/ratis/ratis-test/target/test/data/1ffe5b81/MiniRaftClusterWithGrpc89ffc592/s1/e8745e42-bdab-4392-a117-2d594602b191/tmp/snapshot-85df02e9-46ec-415f-95b8-b1af1a9506d7
2023-03-20 09:47:16,535 [grpc-default-executor-2] TRACE util.FileUtils (LogUtils.java:runAndLog(49)) - Successfully ran Files.createDirectories /home/runner/work/ratis/ratis/ratis-test/target/test/data/1ffe5b81/MiniRaftClusterWithGrpc89ffc592/s1/e8745e42-bdab-4392-a117-2d594602b191/tmp/snapshot-85df02e9-46ec-415f-95b8-b1af1a9506d7/snapshot/sub
2023-03-20 09:47:16,535 [grpc-default-executor-2] INFO  impl.SnapshotInstallationHandler (SnapshotInstallationHandler.java:installSnapshot(100)) - s1@group-2D594602B191: reply installSnapshot: s0<-s1#0:OK-t1,SUCCESS,requestIndex=3
2023-03-20 09:47:16,535 [grpc-default-executor-3] INFO  server.GrpcLogAppender (GrpcLogAppender.java:onNext(501)) - s0@group-2D594602B191->s1-InstallSnapshotResponseHandler: received a reply s0<-s1#0:OK-t1,SUCCESS,requestIndex=3
2023-03-20 09:47:16,535 [grpc-default-executor-3] INFO  server.GrpcLogAppender (GrpcLogAppender.java:onNext(514)) - s0@group-2D594602B191->s1-InstallSnapshotResponseHandler: Completed InstallSnapshot. Reply: serverReply {
  requestorId: "s0"
  replyId: "s1"
  raftGroupId {
    id: "\350t^B\275\253C\222\241\027-YF\002\261\221"
  }
  success: true
}
term: 1
requestIndex: 3

2023-03-20 09:47:16,535 [grpc-default-executor-3] INFO  leader.FollowerInfo (FollowerInfoImpl.java:setAttemptedToInstallSnapshot(126)) - Follower s0@group-2D594602B191->s1 acknowledged installing snapshot
2023-03-20 09:47:16,536 [grpc-default-executor-2] INFO  impl.SnapshotInstallationHandler (SnapshotInstallationHandler.java:installSnapshot(89)) - s1@group-2D594602B191: receive installSnapshot: s0->s1#0-t1,chunk:85df02e9-46ec-415f-95b8-b1af1a9506d7,4
2023-03-20 09:47:16,536 [grpc-default-executor-2] TRACE util.FileUtils (LogUtils.java:runAndLog(49)) - Successfully ran Files.createDirectories /home/runner/work/ratis/ratis/ratis-test/target/test/data/1ffe5b81/MiniRaftClusterWithGrpc89ffc592/s1/e8745e42-bdab-4392-a117-2d594602b191/tmp/snapshot-85df02e9-46ec-415f-95b8-b1af1a9506d7
2023-03-20 09:47:16,536 [grpc-default-executor-2] INFO  storage.SnapshotManager (SnapshotManager.java:installSnapshot(89)) - Installing snapshot:s0->s1#0-t1,chunk:85df02e9-46ec-415f-95b8-b1af1a9506d7,4, to tmp dir:/home/runner/work/ratis/ratis/ratis-test/target/test/data/1ffe5b81/MiniRaftClusterWithGrpc89ffc592/s1/e8745e42-bdab-4392-a117-2d594602b191/tmp/snapshot-85df02e9-46ec-415f-95b8-b1af1a9506d7
2023-03-20 09:47:16,536 [grpc-default-executor-2] TRACE util.FileUtils (LogUtils.java:runAndLog(49)) - Successfully ran Files.createDirectories /home/runner/work/ratis/ratis/ratis-test/target/test/data/1ffe5b81/MiniRaftClusterWithGrpc89ffc592/s1/e8745e42-bdab-4392-a117-2d594602b191/tmp/snapshot-85df02e9-46ec-415f-95b8-b1af1a9506d7/snapshot/sub
2023-03-20 09:47:16,539 [grpc-default-executor-3] INFO  impl.SnapshotInstallationHandler (SnapshotInstallationHandler.java:installSnapshot(89)) - s2@group-2D594602B191: receive installSnapshot: s0->s2#0-t1,chunk:eedde4a5-2fc3-4155-b8f5-8e4c0f2f21d4,0
2023-03-20 09:47:16,541 [grpc-default-executor-3] INFO  server.RaftServer$Division (ServerState.java:setLeader(260)) - s2@group-2D594602B191: change Leader from null to s0 at term 1 for installSnapshot, leader elected after 73ms
2023-03-20 09:47:16,541 [grpc-default-executor-3] TRACE util.FileUtils (LogUtils.java:runAndLog(49)) - Successfully ran Files.createDirectories /home/runner/work/ratis/ratis/ratis-test/target/test/data/1ffe5b81/MiniRaftClusterWithGrpc89ffc592/s2/e8745e42-bdab-4392-a117-2d594602b191/tmp/snapshot-eedde4a5-2fc3-4155-b8f5-8e4c0f2f21d4
2023-03-20 09:47:16,541 [grpc-default-executor-3] INFO  storage.SnapshotManager (SnapshotManager.java:installSnapshot(89)) - Installing snapshot:s0->s2#0-t1,chunk:eedde4a5-2fc3-4155-b8f5-8e4c0f2f21d4,0, to tmp dir:/home/runner/work/ratis/ratis/ratis-test/target/test/data/1ffe5b81/MiniRaftClusterWithGrpc89ffc592/s2/e8745e42-bdab-4392-a117-2d594602b191/tmp/snapshot-eedde4a5-2fc3-4155-b8f5-8e4c0f2f21d4
2023-03-20 09:47:16,541 [grpc-default-executor-3] TRACE util.FileUtils (LogUtils.java:runAndLog(49)) - Successfully ran Files.createDirectories /home/runner/work/ratis/ratis/ratis-test/target/test/data/1ffe5b81/MiniRaftClusterWithGrpc89ffc592/s2/e8745e42-bdab-4392-a117-2d594602b191/tmp/snapshot-eedde4a5-2fc3-4155-b8f5-8e4c0f2f21d4/snapshot
2023-03-20 09:47:16,542 [grpc-default-executor-2] INFO  impl.SnapshotInstallationHandler (SnapshotInstallationHandler.java:installSnapshot(100)) - s1@group-2D594602B191: reply installSnapshot: s0<-s1#0:OK-t1,SUCCESS,requestIndex=4
2023-03-20 09:47:16,542 [grpc-default-executor-1] INFO  server.GrpcLogAppender (GrpcLogAppender.java:onNext(501)) - s0@group-2D594602B191->s1-InstallSnapshotResponseHandler: received a reply s0<-s1#0:OK-t1,SUCCESS,requestIndex=4
2023-03-20 09:47:16,542 [grpc-default-executor-1] INFO  server.GrpcLogAppender (GrpcLogAppender.java:onNext(514)) - s0@group-2D594602B191->s1-InstallSnapshotResponseHandler: Completed InstallSnapshot. Reply: serverReply {
  requestorId: "s0"
  replyId: "s1"
  raftGroupId {
    id: "\350t^B\275\253C\222\241\027-YF\002\261\221"
  }
  success: true
}
term: 1
requestIndex: 4

2023-03-20 09:47:16,543 [grpc-default-executor-1] INFO  leader.FollowerInfo (FollowerInfoImpl.java:setAttemptedToInstallSnapshot(126)) - Follower s0@group-2D594602B191->s1 acknowledged installing snapshot
2023-03-20 09:47:16,543 [grpc-default-executor-3] INFO  segmented.SegmentedRaftLogWorker (SegmentedRaftLogWorker.java:lambda$new$0(134)) - s2@group-2D594602B191-SegmentedRaftLogWorker: flushIndex: setUnconditionally -1 -> 191
2023-03-20 09:47:16,543 [grpc-default-executor-3] INFO  segmented.SegmentedRaftLogWorker (SegmentedRaftLogWorker.java:lambda$new$0(134)) - s2@group-2D594602B191-SegmentedRaftLogWorker: safeCacheEvictIndex: setUnconditionally -1 -> 191
2023-03-20 09:47:16,543 [grpc-default-executor-3] INFO  impl.SnapshotInstallationHandler (SnapshotInstallationHandler.java:installSnapshotImpl(134)) - s2@group-2D594602B191: set new configuration configurationEntry {
  peers {
    id: "s0"
    address: "localhost:45925"
    dataStreamAddress: "localhost:33373"
    clientAddress: "localhost:40615"
    adminAddress: "localhost:44951"
    startupRole: FOLLOWER
  }
}
 from snapshot
2023-03-20 09:47:16,543 [grpc-default-executor-3] INFO  server.RaftServer$Division (ServerState.java:setRaftConf(377)) - s2@group-2D594602B191: set configuration 0: peers:[s0|rpc:localhost:45925|admin:localhost:44951|client:localhost:40615|dataStream:localhost:33373|priority:0|startupRole:FOLLOWER]|listeners:[], old=null
2023-03-20 09:47:16,543 [grpc-default-executor-3] INFO  impl.SnapshotInstallationHandler (SnapshotInstallationHandler.java:installSnapshot(100)) - s2@group-2D594602B191: reply installSnapshot: s0<-s2#0:OK-t0,SUCCESS,requestIndex=0
2023-03-20 09:47:16,544 [grpc-default-executor-1] INFO  server.GrpcLogAppender (GrpcLogAppender.java:onNext(501)) - s0@group-2D594602B191->s2-InstallSnapshotResponseHandler: received the first reply s0<-s2#0:OK-t0,SUCCESS,requestIndex=0
2023-03-20 09:47:16,544 [grpc-default-executor-1] INFO  server.GrpcLogAppender (GrpcLogAppender.java:onNext(514)) - s0@group-2D594602B191->s2-InstallSnapshotResponseHandler: Completed InstallSnapshot. Reply: serverReply {
  requestorId: "s0"
  replyId: "s2"
  raftGroupId {
    id: "\350t^B\275\253C\222\241\027-YF\002\261\221"
  }
  success: true
}
requestIndex: 0

2023-03-20 09:47:16,544 [grpc-default-executor-1] INFO  leader.FollowerInfo (FollowerInfoImpl.java:setAttemptedToInstallSnapshot(126)) - Follower s0@group-2D594602B191->s2 acknowledged installing snapshot
2023-03-20 09:47:16,544 [grpc-default-executor-3] INFO  impl.SnapshotInstallationHandler (SnapshotInstallationHandler.java:installSnapshot(89)) - s2@group-2D594602B191: receive installSnapshot: s0->s2#0-t1,chunk:eedde4a5-2fc3-4155-b8f5-8e4c0f2f21d4,1
2023-03-20 09:47:16,544 [grpc-default-executor-3] TRACE util.FileUtils (LogUtils.java:runAndLog(49)) - Successfully ran Files.createDirectories /home/runner/work/ratis/ratis/ratis-test/target/test/data/1ffe5b81/MiniRaftClusterWithGrpc89ffc592/s2/e8745e42-bdab-4392-a117-2d594602b191/tmp/snapshot-eedde4a5-2fc3-4155-b8f5-8e4c0f2f21d4
2023-03-20 09:47:16,544 [grpc-default-executor-3] INFO  storage.SnapshotManager (SnapshotManager.java:installSnapshot(89)) - Installing snapshot:s0->s2#0-t1,chunk:eedde4a5-2fc3-4155-b8f5-8e4c0f2f21d4,1, to tmp dir:/home/runner/work/ratis/ratis/ratis-test/target/test/data/1ffe5b81/MiniRaftClusterWithGrpc89ffc592/s2/e8745e42-bdab-4392-a117-2d594602b191/tmp/snapshot-eedde4a5-2fc3-4155-b8f5-8e4c0f2f21d4
2023-03-20 09:47:16,544 [grpc-default-executor-3] TRACE util.FileUtils (LogUtils.java:runAndLog(49)) - Successfully ran Files.createDirectories /home/runner/work/ratis/ratis/ratis-test/target/test/data/1ffe5b81/MiniRaftClusterWithGrpc89ffc592/s2/e8745e42-bdab-4392-a117-2d594602b191/tmp/snapshot-eedde4a5-2fc3-4155-b8f5-8e4c0f2f21d4/snapshot/sub
2023-03-20 09:47:16,545 [grpc-default-executor-3] INFO  impl.SnapshotInstallationHandler (SnapshotInstallationHandler.java:installSnapshot(100)) - s2@group-2D594602B191: reply installSnapshot: s0<-s2#0:OK-t1,SUCCESS,requestIndex=1
2023-03-20 09:47:16,545 [grpc-default-executor-1] INFO  server.GrpcLogAppender (GrpcLogAppender.java:onNext(501)) - s0@group-2D594602B191->s2-InstallSnapshotResponseHandler: received a reply s0<-s2#0:OK-t1,SUCCESS,requestIndex=1
2023-03-20 09:47:16,545 [grpc-default-executor-1] INFO  server.GrpcLogAppender (GrpcLogAppender.java:onNext(514)) - s0@group-2D594602B191->s2-InstallSnapshotResponseHandler: Completed InstallSnapshot. Reply: serverReply {
  requestorId: "s0"
  replyId: "s2"
  raftGroupId {
    id: "\350t^B\275\253C\222\241\027-YF\002\261\221"
  }
  success: true
}
term: 1
requestIndex: 1

2023-03-20 09:47:16,545 [grpc-default-executor-1] INFO  leader.FollowerInfo (FollowerInfoImpl.java:setAttemptedToInstallSnapshot(126)) - Follower s0@group-2D594602B191->s2 acknowledged installing snapshot
2023-03-20 09:47:16,545 [grpc-default-executor-3] INFO  impl.SnapshotInstallationHandler (SnapshotInstallationHandler.java:installSnapshot(89)) - s2@group-2D594602B191: receive installSnapshot: s0->s2#0-t1,chunk:eedde4a5-2fc3-4155-b8f5-8e4c0f2f21d4,2
2023-03-20 09:47:16,546 [grpc-default-executor-3] TRACE util.FileUtils (LogUtils.java:runAndLog(49)) - Successfully ran Files.createDirectories /home/runner/work/ratis/ratis/ratis-test/target/test/data/1ffe5b81/MiniRaftClusterWithGrpc89ffc592/s2/e8745e42-bdab-4392-a117-2d594602b191/tmp/snapshot-eedde4a5-2fc3-4155-b8f5-8e4c0f2f21d4
2023-03-20 09:47:16,546 [grpc-default-executor-3] INFO  storage.SnapshotManager (SnapshotManager.java:installSnapshot(89)) - Installing snapshot:s0->s2#0-t1,chunk:eedde4a5-2fc3-4155-b8f5-8e4c0f2f21d4,2, to tmp dir:/home/runner/work/ratis/ratis/ratis-test/target/test/data/1ffe5b81/MiniRaftClusterWithGrpc89ffc592/s2/e8745e42-bdab-4392-a117-2d594602b191/tmp/snapshot-eedde4a5-2fc3-4155-b8f5-8e4c0f2f21d4
2023-03-20 09:47:16,546 [grpc-default-executor-3] TRACE util.FileUtils (LogUtils.java:runAndLog(49)) - Successfully ran Files.createDirectories /home/runner/work/ratis/ratis/ratis-test/target/test/data/1ffe5b81/MiniRaftClusterWithGrpc89ffc592/s2/e8745e42-bdab-4392-a117-2d594602b191/tmp/snapshot-eedde4a5-2fc3-4155-b8f5-8e4c0f2f21d4/snapshot/sub
2023-03-20 09:47:16,546 [grpc-default-executor-3] INFO  impl.SnapshotInstallationHandler (SnapshotInstallationHandler.java:installSnapshot(100)) - s2@group-2D594602B191: reply installSnapshot: s0<-s2#0:OK-t1,SUCCESS,requestIndex=2
2023-03-20 09:47:16,546 [grpc-default-executor-1] INFO  server.GrpcLogAppender (GrpcLogAppender.java:onNext(501)) - s0@group-2D594602B191->s2-InstallSnapshotResponseHandler: received a reply s0<-s2#0:OK-t1,SUCCESS,requestIndex=2
2023-03-20 09:47:16,546 [grpc-default-executor-1] INFO  server.GrpcLogAppender (GrpcLogAppender.java:onNext(514)) - s0@group-2D594602B191->s2-InstallSnapshotResponseHandler: Completed InstallSnapshot. Reply: serverReply {
  requestorId: "s0"
  replyId: "s2"
  raftGroupId {
    id: "\350t^B\275\253C\222\241\027-YF\002\261\221"
  }
  success: true
}
term: 1
requestIndex: 2

2023-03-20 09:47:16,546 [grpc-default-executor-1] INFO  leader.FollowerInfo (FollowerInfoImpl.java:setAttemptedToInstallSnapshot(126)) - Follower s0@group-2D594602B191->s2 acknowledged installing snapshot
2023-03-20 09:47:16,547 [grpc-default-executor-1] WARN  server.GrpcLogAppender (LogUtils.java:warn(122)) - s0@group-2D594602B191->s2-InstallSnapshotResponseHandler: Failed InstallSnapshot: org.apache.ratis.thirdparty.io.grpc.StatusRuntimeException: CANCELLED: Failed to read message.
2023-03-20 09:47:16,547 [grpc-default-executor-3] WARN  server.GrpcServerProtocolService (LogUtils.java:warn(122)) - s2: INSTALL_SNAPSHOT onError, lastRequest: s0->s2#0-t1,chunk:eedde4a5-2fc3-4155-b8f5-8e4c0f2f21d4,2: org.apache.ratis.thirdparty.io.grpc.StatusRuntimeException: CANCELLED: client cancelled
2023-03-20 09:47:16,547 [grpc-default-executor-2] INFO  impl.SnapshotInstallationHandler (SnapshotInstallationHandler.java:installSnapshot(89)) - s1@group-2D594602B191: receive installSnapshot: s0->s1#0-t1,chunk:85df02e9-46ec-415f-95b8-b1af1a9506d7,5
2023-03-20 09:47:16,547 [grpc-default-executor-2] TRACE util.FileUtils (LogUtils.java:runAndLog(49)) - Successfully ran Files.createDirectories /home/runner/work/ratis/ratis/ratis-test/target/test/data/1ffe5b81/MiniRaftClusterWithGrpc89ffc592/s1/e8745e42-bdab-4392-a117-2d594602b191/tmp/snapshot-85df02e9-46ec-415f-95b8-b1af1a9506d7
2023-03-20 09:47:16,547 [grpc-default-executor-2] INFO  storage.SnapshotManager (SnapshotManager.java:installSnapshot(89)) - Installing snapshot:s0->s1#0-t1,chunk:85df02e9-46ec-415f-95b8-b1af1a9506d7,5, to tmp dir:/home/runner/work/ratis/ratis/ratis-test/target/test/data/1ffe5b81/MiniRaftClusterWithGrpc89ffc592/s1/e8745e42-bdab-4392-a117-2d594602b191/tmp/snapshot-85df02e9-46ec-415f-95b8-b1af1a9506d7
2023-03-20 09:47:16,547 [grpc-default-executor-2] TRACE util.FileUtils (LogUtils.java:runAndLog(49)) - Successfully ran Files.createDirectories /home/runner/work/ratis/ratis/ratis-test/target/test/data/1ffe5b81/MiniRaftClusterWithGrpc89ffc592/s1/e8745e42-bdab-4392-a117-2d594602b191/tmp/snapshot-85df02e9-46ec-415f-95b8-b1af1a9506d7
2023-03-20 09:47:16,548 [grpc-default-executor-2] INFO  impl.SnapshotInstallationHandler (SnapshotInstallationHandler.java:installSnapshot(100)) - s1@group-2D594602B191: reply installSnapshot: s0<-s1#0:OK-t1,SUCCESS,requestIndex=5
2023-03-20 09:47:16,548 [grpc-default-executor-3] INFO  server.GrpcLogAppender (GrpcLogAppender.java:onNext(501)) - s0@group-2D594602B191->s1-InstallSnapshotResponseHandler: received a reply s0<-s1#0:OK-t1,SUCCESS,requestIndex=5
2023-03-20 09:47:16,548 [grpc-default-executor-3] INFO  server.GrpcLogAppender (GrpcLogAppender.java:onNext(514)) - s0@group-2D594602B191->s1-InstallSnapshotResponseHandler: Completed InstallSnapshot. Reply: serverReply {
  requestorId: "s0"
  replyId: "s1"
  raftGroupId {
    id: "\350t^B\275\253C\222\241\027-YF\002\261\221"
  }
  success: true
}
term: 1
requestIndex: 5

2023-03-20 09:47:16,548 [grpc-default-executor-3] INFO  leader.FollowerInfo (FollowerInfoImpl.java:setAttemptedToInstallSnapshot(126)) - Follower s0@group-2D594602B191->s1 acknowledged installing snapshot
2023-03-20 09:47:16,549 [grpc-default-executor-2] INFO  impl.SnapshotInstallationHandler (SnapshotInstallationHandler.java:installSnapshot(89)) - s1@group-2D594602B191: receive installSnapshot: s0->s1#0-t1,chunk:85df02e9-46ec-415f-95b8-b1af1a9506d7,6
2023-03-20 09:47:16,549 [grpc-default-executor-2] TRACE util.FileUtils (LogUtils.java:runAndLog(49)) - Successfully ran Files.createDirectories /home/runner/work/ratis/ratis/ratis-test/target/test/data/1ffe5b81/MiniRaftClusterWithGrpc89ffc592/s1/e8745e42-bdab-4392-a117-2d594602b191/tmp/snapshot-85df02e9-46ec-415f-95b8-b1af1a9506d7
2023-03-20 09:47:16,549 [grpc-default-executor-2] INFO  storage.SnapshotManager (SnapshotManager.java:installSnapshot(89)) - Installing snapshot:s0->s1#0-t1,chunk:85df02e9-46ec-415f-95b8-b1af1a9506d7,6, to tmp dir:/home/runner/work/ratis/ratis/ratis-test/target/test/data/1ffe5b81/MiniRaftClusterWithGrpc89ffc592/s1/e8745e42-bdab-4392-a117-2d594602b191/tmp/snapshot-85df02e9-46ec-415f-95b8-b1af1a9506d7
2023-03-20 09:47:16,549 [grpc-default-executor-2] TRACE util.FileUtils (LogUtils.java:runAndLog(49)) - Successfully ran Files.createDirectories /home/runner/work/ratis/ratis/ratis-test/target/test/data/1ffe5b81/MiniRaftClusterWithGrpc89ffc592/s1/e8745e42-bdab-4392-a117-2d594602b191/tmp/snapshot-85df02e9-46ec-415f-95b8-b1af1a9506d7
2023-03-20 09:47:16,549 [grpc-default-executor-2] INFO  impl.SnapshotInstallationHandler (SnapshotInstallationHandler.java:installSnapshot(100)) - s1@group-2D594602B191: reply installSnapshot: s0<-s1#0:OK-t1,SUCCESS,requestIndex=6
2023-03-20 09:47:16,550 [grpc-default-executor-3] INFO  server.GrpcLogAppender (GrpcLogAppender.java:onNext(501)) - s0@group-2D594602B191->s1-InstallSnapshotResponseHandler: received a reply s0<-s1#0:OK-t1,SUCCESS,requestIndex=6
2023-03-20 09:47:16,550 [grpc-default-executor-3] INFO  server.GrpcLogAppender (GrpcLogAppender.java:onNext(514)) - s0@group-2D594602B191->s1-InstallSnapshotResponseHandler: Completed InstallSnapshot. Reply: serverReply {
  requestorId: "s0"
  replyId: "s1"
  raftGroupId {
    id: "\350t^B\275\253C\222\241\027-YF\002\261\221"
  }
  success: true
}
term: 1
requestIndex: 6

2023-03-20 09:47:16,550 [grpc-default-executor-3] INFO  leader.FollowerInfo (FollowerInfoImpl.java:setAttemptedToInstallSnapshot(126)) - Follower s0@group-2D594602B191->s1 acknowledged installing snapshot
2023-03-20 09:47:16,550 [grpc-default-executor-2] INFO  impl.SnapshotInstallationHandler (SnapshotInstallationHandler.java:installSnapshot(89)) - s1@group-2D594602B191: receive installSnapshot: s0->s1#0-t1,chunk:85df02e9-46ec-415f-95b8-b1af1a9506d7,7
2023-03-20 09:47:16,550 [grpc-default-executor-2] TRACE util.FileUtils (LogUtils.java:runAndLog(49)) - Successfully ran Files.createDirectories /home/runner/work/ratis/ratis/ratis-test/target/test/data/1ffe5b81/MiniRaftClusterWithGrpc89ffc592/s1/e8745e42-bdab-4392-a117-2d594602b191/tmp/snapshot-85df02e9-46ec-415f-95b8-b1af1a9506d7
2023-03-20 09:47:16,550 [grpc-default-executor-2] INFO  storage.SnapshotManager (SnapshotManager.java:installSnapshot(89)) - Installing snapshot:s0->s1#0-t1,chunk:85df02e9-46ec-415f-95b8-b1af1a9506d7,7, to tmp dir:/home/runner/work/ratis/ratis/ratis-test/target/test/data/1ffe5b81/MiniRaftClusterWithGrpc89ffc592/s1/e8745e42-bdab-4392-a117-2d594602b191/tmp/snapshot-85df02e9-46ec-415f-95b8-b1af1a9506d7
2023-03-20 09:47:16,550 [grpc-default-executor-2] TRACE util.FileUtils (LogUtils.java:runAndLog(49)) - Successfully ran Files.createDirectories /home/runner/work/ratis/ratis/ratis-test/target/test/data/1ffe5b81/MiniRaftClusterWithGrpc89ffc592/s1/e8745e42-bdab-4392-a117-2d594602b191/tmp/snapshot-85df02e9-46ec-415f-95b8-b1af1a9506d7
2023-03-20 09:47:16,550 [grpc-default-executor-2] INFO  impl.SnapshotInstallationHandler (SnapshotInstallationHandler.java:installSnapshot(100)) - s1@group-2D594602B191: reply installSnapshot: s0<-s1#0:OK-t1,SUCCESS,requestIndex=7
2023-03-20 09:47:16,551 [grpc-default-executor-3] INFO  server.GrpcLogAppender (GrpcLogAppender.java:onNext(501)) - s0@group-2D594602B191->s1-InstallSnapshotResponseHandler: received a reply s0<-s1#0:OK-t1,SUCCESS,requestIndex=7
2023-03-20 09:47:16,551 [grpc-default-executor-3] INFO  server.GrpcLogAppender (GrpcLogAppender.java:onNext(514)) - s0@group-2D594602B191->s1-InstallSnapshotResponseHandler: Completed InstallSnapshot. Reply: serverReply {
  requestorId: "s0"
  replyId: "s1"
  raftGroupId {
    id: "\350t^B\275\253C\222\241\027-YF\002\261\221"
  }
  success: true
}
term: 1
requestIndex: 7

2023-03-20 09:47:16,551 [grpc-default-executor-3] INFO  leader.FollowerInfo (FollowerInfoImpl.java:setAttemptedToInstallSnapshot(126)) - Follower s0@group-2D594602B191->s1 acknowledged installing snapshot
2023-03-20 09:47:16,551 [grpc-default-executor-2] INFO  impl.SnapshotInstallationHandler (SnapshotInstallationHandler.java:installSnapshot(89)) - s1@group-2D594602B191: receive installSnapshot: s0->s1#0-t1,chunk:85df02e9-46ec-415f-95b8-b1af1a9506d7,8
2023-03-20 09:47:16,551 [grpc-default-executor-2] TRACE util.FileUtils (LogUtils.java:runAndLog(49)) - Successfully ran Files.createDirectories /home/runner/work/ratis/ratis/ratis-test/target/test/data/1ffe5b81/MiniRaftClusterWithGrpc89ffc592/s1/e8745e42-bdab-4392-a117-2d594602b191/tmp/snapshot-85df02e9-46ec-415f-95b8-b1af1a9506d7
2023-03-20 09:47:16,551 [grpc-default-executor-2] INFO  storage.SnapshotManager (SnapshotManager.java:installSnapshot(89)) - Installing snapshot:s0->s1#0-t1,chunk:85df02e9-46ec-415f-95b8-b1af1a9506d7,8, to tmp dir:/home/runner/work/ratis/ratis/ratis-test/target/test/data/1ffe5b81/MiniRaftClusterWithGrpc89ffc592/s1/e8745e42-bdab-4392-a117-2d594602b191/tmp/snapshot-85df02e9-46ec-415f-95b8-b1af1a9506d7
2023-03-20 09:47:16,551 [grpc-default-executor-2] TRACE util.FileUtils (LogUtils.java:runAndLog(49)) - Successfully ran Files.createDirectories /home/runner/work/ratis/ratis/ratis-test/target/test/data/1ffe5b81/MiniRaftClusterWithGrpc89ffc592/s1/e8745e42-bdab-4392-a117-2d594602b191/tmp/snapshot-85df02e9-46ec-415f-95b8-b1af1a9506d7
2023-03-20 09:47:16,553 [grpc-default-executor-2] INFO  impl.SnapshotInstallationHandler (SnapshotInstallationHandler.java:installSnapshot(100)) - s1@group-2D594602B191: reply installSnapshot: s0<-s1#0:OK-t1,SUCCESS,requestIndex=8
2023-03-20 09:47:16,553 [grpc-default-executor-0] INFO  server.GrpcLogAppender (GrpcLogAppender.java:onNext(501)) - s0@group-2D594602B191->s1-InstallSnapshotResponseHandler: received a reply s0<-s1#0:OK-t1,SUCCESS,requestIndex=8
2023-03-20 09:47:16,554 [grpc-default-executor-0] INFO  server.GrpcLogAppender (GrpcLogAppender.java:onNext(514)) - s0@group-2D594602B191->s1-InstallSnapshotResponseHandler: Completed InstallSnapshot. Reply: serverReply {
  requestorId: "s0"
  replyId: "s1"
  raftGroupId {
    id: "\350t^B\275\253C\222\241\027-YF\002\261\221"
  }
  success: true
}
term: 1
requestIndex: 8

2023-03-20 09:47:16,554 [grpc-default-executor-0] INFO  leader.FollowerInfo (FollowerInfoImpl.java:setAttemptedToInstallSnapshot(126)) - Follower s0@group-2D594602B191->s1 acknowledged installing snapshot
2023-03-20 09:47:16,556 [grpc-default-executor-2] INFO  impl.SnapshotInstallationHandler (SnapshotInstallationHandler.java:installSnapshot(89)) - s1@group-2D594602B191: receive installSnapshot: s0->s1#0-t1,chunk:85df02e9-46ec-415f-95b8-b1af1a9506d7,9
2023-03-20 09:47:16,556 [grpc-default-executor-2] TRACE util.FileUtils (LogUtils.java:runAndLog(49)) - Successfully ran Files.createDirectories /home/runner/work/ratis/ratis/ratis-test/target/test/data/1ffe5b81/MiniRaftClusterWithGrpc89ffc592/s1/e8745e42-bdab-4392-a117-2d594602b191/tmp/snapshot-85df02e9-46ec-415f-95b8-b1af1a9506d7
2023-03-20 09:47:16,556 [grpc-default-executor-2] INFO  storage.SnapshotManager (SnapshotManager.java:installSnapshot(89)) - Installing snapshot:s0->s1#0-t1,chunk:85df02e9-46ec-415f-95b8-b1af1a9506d7,9, to tmp dir:/home/runner/work/ratis/ratis/ratis-test/target/test/data/1ffe5b81/MiniRaftClusterWithGrpc89ffc592/s1/e8745e42-bdab-4392-a117-2d594602b191/tmp/snapshot-85df02e9-46ec-415f-95b8-b1af1a9506d7
2023-03-20 09:47:16,556 [grpc-default-executor-2] TRACE util.FileUtils (LogUtils.java:runAndLog(49)) - Successfully ran Files.createDirectories /home/runner/work/ratis/ratis/ratis-test/target/test/data/1ffe5b81/MiniRaftClusterWithGrpc89ffc592/s1/e8745e42-bdab-4392-a117-2d594602b191/tmp/snapshot-85df02e9-46ec-415f-95b8-b1af1a9506d7
2023-03-20 09:47:16,556 [grpc-default-executor-2] INFO  impl.SnapshotInstallationHandler (SnapshotInstallationHandler.java:installSnapshot(100)) - s1@group-2D594602B191: reply installSnapshot: s0<-s1#0:OK-t1,SUCCESS,requestIndex=9
2023-03-20 09:47:16,556 [grpc-default-executor-0] INFO  server.GrpcLogAppender (GrpcLogAppender.java:onNext(501)) - s0@group-2D594602B191->s1-InstallSnapshotResponseHandler: received a reply s0<-s1#0:OK-t1,SUCCESS,requestIndex=9
2023-03-20 09:47:16,557 [grpc-default-executor-0] INFO  server.GrpcLogAppender (GrpcLogAppender.java:onNext(514)) - s0@group-2D594602B191->s1-InstallSnapshotResponseHandler: Completed InstallSnapshot. Reply: serverReply {
  requestorId: "s0"
  replyId: "s1"
  raftGroupId {
    id: "\350t^B\275\253C\222\241\027-YF\002\261\221"
  }
  success: true
}
term: 1
requestIndex: 9

2023-03-20 09:47:16,557 [grpc-default-executor-0] INFO  leader.FollowerInfo (FollowerInfoImpl.java:setAttemptedToInstallSnapshot(126)) - Follower s0@group-2D594602B191->s1 acknowledged installing snapshot
2023-03-20 09:47:16,558 [grpc-default-executor-2] INFO  impl.SnapshotInstallationHandler (SnapshotInstallationHandler.java:installSnapshot(89)) - s1@group-2D594602B191: receive installSnapshot: s0->s1#0-t1,chunk:85df02e9-46ec-415f-95b8-b1af1a9506d7,10
2023-03-20 09:47:16,558 [grpc-default-executor-2] TRACE util.FileUtils (LogUtils.java:runAndLog(49)) - Successfully ran Files.createDirectories /home/runner/work/ratis/ratis/ratis-test/target/test/data/1ffe5b81/MiniRaftClusterWithGrpc89ffc592/s1/e8745e42-bdab-4392-a117-2d594602b191/tmp/snapshot-85df02e9-46ec-415f-95b8-b1af1a9506d7
2023-03-20 09:47:16,558 [grpc-default-executor-2] INFO  storage.SnapshotManager (SnapshotManager.java:installSnapshot(89)) - Installing snapshot:s0->s1#0-t1,chunk:85df02e9-46ec-415f-95b8-b1af1a9506d7,10, to tmp dir:/home/runner/work/ratis/ratis/ratis-test/target/test/data/1ffe5b81/MiniRaftClusterWithGrpc89ffc592/s1/e8745e42-bdab-4392-a117-2d594602b191/tmp/snapshot-85df02e9-46ec-415f-95b8-b1af1a9506d7
2023-03-20 09:47:16,558 [grpc-default-executor-2] TRACE util.FileUtils (LogUtils.java:runAndLog(49)) - Successfully ran Files.createDirectories /home/runner/work/ratis/ratis/ratis-test/target/test/data/1ffe5b81/MiniRaftClusterWithGrpc89ffc592/s1/e8745e42-bdab-4392-a117-2d594602b191/tmp/snapshot-85df02e9-46ec-415f-95b8-b1af1a9506d7
2023-03-20 09:47:16,559 [grpc-default-executor-2] INFO  storage.SnapshotManager (SnapshotManager.java:rename(168)) - Installed snapshot, renaming temporary dir /home/runner/work/ratis/ratis/ratis-test/target/test/data/1ffe5b81/MiniRaftClusterWithGrpc89ffc592/s1/e8745e42-bdab-4392-a117-2d594602b191/tmp/snapshot-85df02e9-46ec-415f-95b8-b1af1a9506d7 to /home/runner/work/ratis/ratis/ratis-test/target/test/data/1ffe5b81/MiniRaftClusterWithGrpc89ffc592/s1/e8745e42-bdab-4392-a117-2d594602b191/sm
2023-03-20 09:47:16,559 [grpc-default-executor-2] TRACE util.FileUtils (LogUtils.java:runAndLog(49)) - Successfully ran Atomic Files.move /home/runner/work/ratis/ratis/ratis-test/target/test/data/1ffe5b81/MiniRaftClusterWithGrpc89ffc592/s1/e8745e42-bdab-4392-a117-2d594602b191/sm to /home/runner/work/ratis/ratis/ratis-test/target/test/data/1ffe5b81/MiniRaftClusterWithGrpc89ffc592/s1/e8745e42-bdab-4392-a117-2d594602b191/sm.tmp20230320-094716_559
2023-03-20 09:47:16,559 [grpc-default-executor-2] TRACE util.FileUtils (LogUtils.java:runAndLog(49)) - Successfully ran Atomic Files.move /home/runner/work/ratis/ratis/ratis-test/target/test/data/1ffe5b81/MiniRaftClusterWithGrpc89ffc592/s1/e8745e42-bdab-4392-a117-2d594602b191/tmp/snapshot-85df02e9-46ec-415f-95b8-b1af1a9506d7 to /home/runner/work/ratis/ratis/ratis-test/target/test/data/1ffe5b81/MiniRaftClusterWithGrpc89ffc592/s1/e8745e42-bdab-4392-a117-2d594602b191/sm
2023-03-20 09:47:16,559 [grpc-default-executor-2] TRACE util.FileUtils (FileUtils.java:deleteFully(201)) - deleteFully /home/runner/work/ratis/ratis/ratis-test/target/test/data/1ffe5b81/MiniRaftClusterWithGrpc89ffc592/s1/e8745e42-bdab-4392-a117-2d594602b191/sm.tmp20230320-094716_559
2023-03-20 09:47:16,559 [grpc-default-executor-2] TRACE util.FileUtils (LogUtils.java:runAndLog(49)) - Successfully ran Files.delete /home/runner/work/ratis/ratis/ratis-test/target/test/data/1ffe5b81/MiniRaftClusterWithGrpc89ffc592/s1/e8745e42-bdab-4392-a117-2d594602b191/sm.tmp20230320-094716_559
2023-03-20 09:47:16,560 [grpc-default-executor-2] INFO  raftlog.RaftLog (RaftLogBase.java:lambda$new$0(53)) - s1@group-2D594602B191-SegmentedRaftLog: snapshotIndex: updateIncreasingly -1 -> 191
2023-03-20 09:47:16,561 [s1@group-2D594602B191-StateMachineUpdater] INFO  impl.SimpleStateMachine4Testing (SimpleStateMachine4Testing.java:reinitialize(236)) - Reinitializing StateMachineWithMultiNestedSnapshotFile:s1:group-2D594602B191
2023-03-20 09:47:16,561 [s1@group-2D594602B191-StateMachineUpdater] INFO  impl.SimpleStateMachine4Testing (SimpleStateMachine4Testing.java:loadSnapshot(293)) - Loading snapshot SingleFileSnapshotInfo(t:1, i:191):[/home/runner/work/ratis/ratis/ratis-test/target/test/data/1ffe5b81/MiniRaftClusterWithGrpc89ffc592/s1/e8745e42-bdab-4392-a117-2d594602b191/sm/snapshot.1_191]
2023-03-20 09:47:16,561 [s1@group-2D594602B191-StateMachineUpdater] INFO  impl.SimpleStateMachine4Testing (SimpleStateMachine4Testing.java:put(205)) - s1: put 1, m0 -> (t:1, i:1), STATEMACHINELOGENTRY, 258@client-9D2B445D5A50
2023-03-20 09:47:16,561 [s1@group-2D594602B191-StateMachineUpdater] INFO  impl.SimpleStateMachine4Testing (SimpleStateMachine4Testing.java:put(205)) - s1: put 3, m1 -> (t:1, i:3), STATEMACHINELOGENTRY, 259@client-9D2B445D5A50
2023-03-20 09:47:16,561 [s1@group-2D594602B191-StateMachineUpdater] INFO  impl.SimpleStateMachine4Testing (SimpleStateMachine4Testing.java:put(205)) - s1: put 5, m2 -> (t:1, i:5), STATEMACHINELOGENTRY, 260@client-9D2B445D5A50
2023-03-20 09:47:16,561 [s1@group-2D594602B191-StateMachineUpdater] INFO  impl.SimpleStateMachine4Testing (SimpleStateMachine4Testing.java:put(205)) - s1: put 7, m3 -> (t:1, i:7), STATEMACHINELOGENTRY, 261@client-9D2B445D5A50
2023-03-20 09:47:16,561 [s1@group-2D594602B191-StateMachineUpdater] INFO  impl.SimpleStateMachine4Testing (SimpleStateMachine4Testing.java:put(205)) - s1: put 9, m4 -> (t:1, i:9), STATEMACHINELOGENTRY, 262@client-9D2B445D5A50
2023-03-20 09:47:16,561 [s1@group-2D594602B191-StateMachineUpdater] INFO  impl.SimpleStateMachine4Testing (SimpleStateMachine4Testing.java:put(205)) - s1: put 11, m5 -> (t:1, i:11), STATEMACHINELOGENTRY, 263@client-9D2B445D5A50
2023-03-20 09:47:16,561 [s1@group-2D594602B191-StateMachineUpdater] INFO  impl.SimpleStateMachine4Testing (SimpleStateMachine4Testing.java:put(205)) - s1: put 13, m6 -> (t:1, i:13), STATEMACHINELOGENTRY, 264@client-9D2B445D5A50
2023-03-20 09:47:16,561 [s1@group-2D594602B191-StateMachineUpdater] INFO  impl.SimpleStateMachine4Testing (SimpleStateMachine4Testing.java:put(205)) - s1: put 15, m7 -> (t:1, i:15), STATEMACHINELOGENTRY, 265@client-9D2B445D5A50
2023-03-20 09:47:16,561 [s1@group-2D594602B191-StateMachineUpdater] INFO  impl.SimpleStateMachine4Testing (SimpleStateMachine4Testing.java:put(205)) - s1: put 17, m8 -> (t:1, i:17), STATEMACHINELOGENTRY, 266@client-9D2B445D5A50
2023-03-20 09:47:16,561 [s1@group-2D594602B191-StateMachineUpdater] INFO  impl.SimpleStateMachine4Testing (SimpleStateMachine4Testing.java:put(205)) - s1: put 19, m9 -> (t:1, i:19), STATEMACHINELOGENTRY, 267@client-9D2B445D5A50
2023-03-20 09:47:16,561 [s1@group-2D594602B191-StateMachineUpdater] INFO  impl.SimpleStateMachine4Testing (SimpleStateMachine4Testing.java:put(205)) - s1: put 21, m10 -> (t:1, i:21), STATEMACHINELOGENTRY, 268@client-9D2B445D5A50
2023-03-20 09:47:16,561 [s1@group-2D594602B191-StateMachineUpdater] INFO  impl.SimpleStateMachine4Testing (SimpleStateMachine4Testing.java:put(205)) - s1: put 23, m11 -> (t:1, i:23), STATEMACHINELOGENTRY, 269@client-9D2B445D5A50
2023-03-20 09:47:16,561 [s1@group-2D594602B191-StateMachineUpdater] INFO  impl.SimpleStateMachine4Testing (SimpleStateMachine4Testing.java:put(205)) - s1: put 25, m12 -> (t:1, i:25), STATEMACHINELOGENTRY, 270@client-9D2B445D5A50
2023-03-20 09:47:16,561 [s1@group-2D594602B191-StateMachineUpdater] INFO  impl.SimpleStateMachine4Testing (SimpleStateMachine4Testing.java:put(205)) - s1: put 27, m13 -> (t:1, i:27), STATEMACHINELOGENTRY, 271@client-9D2B445D5A50
2023-03-20 09:47:16,562 [s1@group-2D594602B191-StateMachineUpdater] INFO  impl.SimpleStateMachine4Testing (SimpleStateMachine4Testing.java:put(205)) - s1: put 29, m14 -> (t:1, i:29), STATEMACHINELOGENTRY, 272@client-9D2B445D5A50
2023-03-20 09:47:16,562 [s1@group-2D594602B191-StateMachineUpdater] INFO  impl.SimpleStateMachine4Testing (SimpleStateMachine4Testing.java:put(205)) - s1: put 31, m15 -> (t:1, i:31), STATEMACHINELOGENTRY, 273@client-9D2B445D5A50
2023-03-20 09:47:16,562 [s1@group-2D594602B191-StateMachineUpdater] INFO  impl.SimpleStateMachine4Testing (SimpleStateMachine4Testing.java:put(205)) - s1: put 33, m16 -> (t:1, i:33), STATEMACHINELOGENTRY, 274@client-9D2B445D5A50
2023-03-20 09:47:16,562 [s1@group-2D594602B191-StateMachineUpdater] INFO  impl.SimpleStateMachine4Testing (SimpleStateMachine4Testing.java:put(205)) - s1: put 35, m17 -> (t:1, i:35), STATEMACHINELOGENTRY, 275@client-9D2B445D5A50
2023-03-20 09:47:16,562 [s1@group-2D594602B191-StateMachineUpdater] INFO  impl.SimpleStateMachine4Testing (SimpleStateMachine4Testing.java:put(205)) - s1: put 37, m18 -> (t:1, i:37), STATEMACHINELOGENTRY, 276@client-9D2B445D5A50
2023-03-20 09:47:16,562 [s1@group-2D594602B191-StateMachineUpdater] INFO  impl.SimpleStateMachine4Testing (SimpleStateMachine4Testing.java:put(205)) - s1: put 39, m19 -> (t:1, i:39), STATEMACHINELOGENTRY, 277@client-9D2B445D5A50
2023-03-20 09:47:16,562 [s1@group-2D594602B191-StateMachineUpdater] INFO  impl.SimpleStateMachine4Testing (SimpleStateMachine4Testing.java:put(205)) - s1: put 41, m20 -> (t:1, i:41), STATEMACHINELOGENTRY, 278@client-9D2B445D5A50
2023-03-20 09:47:16,562 [s1@group-2D594602B191-StateMachineUpdater] INFO  impl.SimpleStateMachine4Testing (SimpleStateMachine4Testing.java:put(205)) - s1: put 43, m21 -> (t:1, i:43), STATEMACHINELOGENTRY, 279@client-9D2B445D5A50
2023-03-20 09:47:16,562 [s1@group-2D594602B191-StateMachineUpdater] INFO  impl.SimpleStateMachine4Testing (SimpleStateMachine4Testing.java:put(205)) - s1: put 45, m22 -> (t:1, i:45), STATEMACHINELOGENTRY, 280@client-9D2B445D5A50
2023-03-20 09:47:16,562 [s1@group-2D594602B191-StateMachineUpdater] INFO  impl.SimpleStateMachine4Testing (SimpleStateMachine4Testing.java:put(205)) - s1: put 47, m23 -> (t:1, i:47), STATEMACHINELOGENTRY, 281@client-9D2B445D5A50
2023-03-20 09:47:16,562 [s1@group-2D594602B191-StateMachineUpdater] INFO  impl.SimpleStateMachine4Testing (SimpleStateMachine4Testing.java:put(205)) - s1: put 49, m24 -> (t:1, i:49), STATEMACHINELOGENTRY, 282@client-9D2B445D5A50
2023-03-20 09:47:16,562 [s1@group-2D594602B191-StateMachineUpdater] INFO  impl.SimpleStateMachine4Testing (SimpleStateMachine4Testing.java:put(205)) - s1: put 51, m25 -> (t:1, i:51), STATEMACHINELOGENTRY, 283@client-9D2B445D5A50
2023-03-20 09:47:16,562 [s1@group-2D594602B191-StateMachineUpdater] INFO  impl.SimpleStateMachine4Testing (SimpleStateMachine4Testing.java:put(205)) - s1: put 53, m26 -> (t:1, i:53), STATEMACHINELOGENTRY, 284@client-9D2B445D5A50
2023-03-20 09:47:16,562 [s1@group-2D594602B191-StateMachineUpdater] INFO  impl.SimpleStateMachine4Testing (SimpleStateMachine4Testing.java:put(205)) - s1: put 55, m27 -> (t:1, i:55), STATEMACHINELOGENTRY, 285@client-9D2B445D5A50
2023-03-20 09:47:16,562 [s1@group-2D594602B191-StateMachineUpdater] INFO  impl.SimpleStateMachine4Testing (SimpleStateMachine4Testing.java:put(205)) - s1: put 57, m28 -> (t:1, i:57), STATEMACHINELOGENTRY, 286@client-9D2B445D5A50
2023-03-20 09:47:16,562 [s1@group-2D594602B191-StateMachineUpdater] INFO  impl.SimpleStateMachine4Testing (SimpleStateMachine4Testing.java:put(205)) - s1: put 59, m29 -> (t:1, i:59), STATEMACHINELOGENTRY, 287@client-9D2B445D5A50
2023-03-20 09:47:16,562 [s1@group-2D594602B191-StateMachineUpdater] INFO  impl.SimpleStateMachine4Testing (SimpleStateMachine4Testing.java:put(205)) - s1: put 61, m30 -> (t:1, i:61), STATEMACHINELOGENTRY, 288@client-9D2B445D5A50
2023-03-20 09:47:16,562 [s1@group-2D594602B191-StateMachineUpdater] INFO  impl.SimpleStateMachine4Testing (SimpleStateMachine4Testing.java:put(205)) - s1: put 63, m31 -> (t:1, i:63), STATEMACHINELOGENTRY, 289@client-9D2B445D5A50
2023-03-20 09:47:16,562 [s1@group-2D594602B191-StateMachineUpdater] INFO  impl.SimpleStateMachine4Testing (SimpleStateMachine4Testing.java:put(205)) - s1: put 65, m32 -> (t:1, i:65), STATEMACHINELOGENTRY, 290@client-9D2B445D5A50
2023-03-20 09:47:16,562 [s1@group-2D594602B191-StateMachineUpdater] INFO  impl.SimpleStateMachine4Testing (SimpleStateMachine4Testing.java:put(205)) - s1: put 67, m33 -> (t:1, i:67), STATEMACHINELOGENTRY, 291@client-9D2B445D5A50
2023-03-20 09:47:16,563 [s1@group-2D594602B191-StateMachineUpdater] INFO  impl.SimpleStateMachine4Testing (SimpleStateMachine4Testing.java:put(205)) - s1: put 69, m34 -> (t:1, i:69), STATEMACHINELOGENTRY, 292@client-9D2B445D5A50
2023-03-20 09:47:16,563 [s1@group-2D594602B191-StateMachineUpdater] INFO  impl.SimpleStateMachine4Testing (SimpleStateMachine4Testing.java:put(205)) - s1: put 71, m35 -> (t:1, i:71), STATEMACHINELOGENTRY, 293@client-9D2B445D5A50
2023-03-20 09:47:16,563 [s1@group-2D594602B191-StateMachineUpdater] INFO  impl.SimpleStateMachine4Testing (SimpleStateMachine4Testing.java:put(205)) - s1: put 73, m36 -> (t:1, i:73), STATEMACHINELOGENTRY, 294@client-9D2B445D5A50
2023-03-20 09:47:16,563 [s1@group-2D594602B191-StateMachineUpdater] INFO  impl.SimpleStateMachine4Testing (SimpleStateMachine4Testing.java:put(205)) - s1: put 75, m37 -> (t:1, i:75), STATEMACHINELOGENTRY, 295@client-9D2B445D5A50
2023-03-20 09:47:16,563 [s1@group-2D594602B191-StateMachineUpdater] INFO  impl.SimpleStateMachine4Testing (SimpleStateMachine4Testing.java:put(205)) - s1: put 77, m38 -> (t:1, i:77), STATEMACHINELOGENTRY, 296@client-9D2B445D5A50
2023-03-20 09:47:16,563 [s1@group-2D594602B191-StateMachineUpdater] INFO  impl.SimpleStateMachine4Testing (SimpleStateMachine4Testing.java:put(205)) - s1: put 79, m39 -> (t:1, i:79), STATEMACHINELOGENTRY, 297@client-9D2B445D5A50
2023-03-20 09:47:16,563 [s1@group-2D594602B191-StateMachineUpdater] INFO  impl.SimpleStateMachine4Testing (SimpleStateMachine4Testing.java:put(205)) - s1: put 81, m40 -> (t:1, i:81), STATEMACHINELOGENTRY, 298@client-9D2B445D5A50
2023-03-20 09:47:16,563 [s1@group-2D594602B191-StateMachineUpdater] INFO  impl.SimpleStateMachine4Testing (SimpleStateMachine4Testing.java:put(205)) - s1: put 83, m41 -> (t:1, i:83), STATEMACHINELOGENTRY, 299@client-9D2B445D5A50
2023-03-20 09:47:16,563 [s1@group-2D594602B191-StateMachineUpdater] INFO  impl.SimpleStateMachine4Testing (SimpleStateMachine4Testing.java:put(205)) - s1: put 85, m42 -> (t:1, i:85), STATEMACHINELOGENTRY, 300@client-9D2B445D5A50
2023-03-20 09:47:16,563 [s1@group-2D594602B191-StateMachineUpdater] INFO  impl.SimpleStateMachine4Testing (SimpleStateMachine4Testing.java:put(205)) - s1: put 87, m43 -> (t:1, i:87), STATEMACHINELOGENTRY, 301@client-9D2B445D5A50
2023-03-20 09:47:16,563 [s1@group-2D594602B191-StateMachineUpdater] INFO  impl.SimpleStateMachine4Testing (SimpleStateMachine4Testing.java:put(205)) - s1: put 89, m44 -> (t:1, i:89), STATEMACHINELOGENTRY, 302@client-9D2B445D5A50
2023-03-20 09:47:16,563 [s1@group-2D594602B191-StateMachineUpdater] INFO  impl.SimpleStateMachine4Testing (SimpleStateMachine4Testing.java:put(205)) - s1: put 91, m45 -> (t:1, i:91), STATEMACHINELOGENTRY, 303@client-9D2B445D5A50
2023-03-20 09:47:16,563 [s1@group-2D594602B191-StateMachineUpdater] INFO  impl.SimpleStateMachine4Testing (SimpleStateMachine4Testing.java:put(205)) - s1: put 93, m46 -> (t:1, i:93), STATEMACHINELOGENTRY, 304@client-9D2B445D5A50
2023-03-20 09:47:16,563 [s1@group-2D594602B191-StateMachineUpdater] INFO  impl.SimpleStateMachine4Testing (SimpleStateMachine4Testing.java:put(205)) - s1: put 95, m47 -> (t:1, i:95), STATEMACHINELOGENTRY, 305@client-9D2B445D5A50
2023-03-20 09:47:16,563 [s1@group-2D594602B191-StateMachineUpdater] INFO  impl.SimpleStateMachine4Testing (SimpleStateMachine4Testing.java:put(205)) - s1: put 97, m48 -> (t:1, i:97), STATEMACHINELOGENTRY, 306@client-9D2B445D5A50
2023-03-20 09:47:16,563 [s1@group-2D594602B191-StateMachineUpdater] INFO  impl.SimpleStateMachine4Testing (SimpleStateMachine4Testing.java:put(205)) - s1: put 99, m49 -> (t:1, i:99), STATEMACHINELOGENTRY, 307@client-9D2B445D5A50
2023-03-20 09:47:16,563 [s1@group-2D594602B191-StateMachineUpdater] INFO  impl.SimpleStateMachine4Testing (SimpleStateMachine4Testing.java:put(205)) - s1: put 101, m50 -> (t:1, i:101), STATEMACHINELOGENTRY, 308@client-9D2B445D5A50
2023-03-20 09:47:16,563 [s1@group-2D594602B191-StateMachineUpdater] INFO  impl.SimpleStateMachine4Testing (SimpleStateMachine4Testing.java:put(205)) - s1: put 103, m51 -> (t:1, i:103), STATEMACHINELOGENTRY, 309@client-9D2B445D5A50
2023-03-20 09:47:16,563 [s1@group-2D594602B191-StateMachineUpdater] INFO  impl.SimpleStateMachine4Testing (SimpleStateMachine4Testing.java:put(205)) - s1: put 105, m52 -> (t:1, i:105), STATEMACHINELOGENTRY, 310@client-9D2B445D5A50
2023-03-20 09:47:16,563 [s1@group-2D594602B191-StateMachineUpdater] INFO  impl.SimpleStateMachine4Testing (SimpleStateMachine4Testing.java:put(205)) - s1: put 107, m53 -> (t:1, i:107), STATEMACHINELOGENTRY, 311@client-9D2B445D5A50
2023-03-20 09:47:16,563 [s1@group-2D594602B191-StateMachineUpdater] INFO  impl.SimpleStateMachine4Testing (SimpleStateMachine4Testing.java:put(205)) - s1: put 109, m54 -> (t:1, i:109), STATEMACHINELOGENTRY, 312@client-9D2B445D5A50
2023-03-20 09:47:16,564 [s1@group-2D594602B191-StateMachineUpdater] INFO  impl.SimpleStateMachine4Testing (SimpleStateMachine4Testing.java:put(205)) - s1: put 111, m55 -> (t:1, i:111), STATEMACHINELOGENTRY, 313@client-9D2B445D5A50
2023-03-20 09:47:16,564 [s1@group-2D594602B191-StateMachineUpdater] INFO  impl.SimpleStateMachine4Testing (SimpleStateMachine4Testing.java:put(205)) - s1: put 113, m56 -> (t:1, i:113), STATEMACHINELOGENTRY, 314@client-9D2B445D5A50
2023-03-20 09:47:16,564 [s1@group-2D594602B191-StateMachineUpdater] INFO  impl.SimpleStateMachine4Testing (SimpleStateMachine4Testing.java:put(205)) - s1: put 115, m57 -> (t:1, i:115), STATEMACHINELOGENTRY, 315@client-9D2B445D5A50
2023-03-20 09:47:16,564 [s1@group-2D594602B191-StateMachineUpdater] INFO  impl.SimpleStateMachine4Testing (SimpleStateMachine4Testing.java:put(205)) - s1: put 117, m58 -> (t:1, i:117), STATEMACHINELOGENTRY, 316@client-9D2B445D5A50
2023-03-20 09:47:16,564 [s1@group-2D594602B191-StateMachineUpdater] INFO  impl.SimpleStateMachine4Testing (SimpleStateMachine4Testing.java:put(205)) - s1: put 119, m59 -> (t:1, i:119), STATEMACHINELOGENTRY, 317@client-9D2B445D5A50
2023-03-20 09:47:16,564 [s1@group-2D594602B191-StateMachineUpdater] INFO  impl.SimpleStateMachine4Testing (SimpleStateMachine4Testing.java:put(205)) - s1: put 121, m60 -> (t:1, i:121), STATEMACHINELOGENTRY, 318@client-9D2B445D5A50
2023-03-20 09:47:16,564 [s1@group-2D594602B191-StateMachineUpdater] INFO  impl.SimpleStateMachine4Testing (SimpleStateMachine4Testing.java:put(205)) - s1: put 123, m61 -> (t:1, i:123), STATEMACHINELOGENTRY, 319@client-9D2B445D5A50
2023-03-20 09:47:16,564 [s1@group-2D594602B191-StateMachineUpdater] INFO  impl.SimpleStateMachine4Testing (SimpleStateMachine4Testing.java:put(205)) - s1: put 125, m62 -> (t:1, i:125), STATEMACHINELOGENTRY, 320@client-9D2B445D5A50
2023-03-20 09:47:16,564 [s1@group-2D594602B191-StateMachineUpdater] INFO  impl.SimpleStateMachine4Testing (SimpleStateMachine4Testing.java:put(205)) - s1: put 127, m63 -> (t:1, i:127), STATEMACHINELOGENTRY, 321@client-9D2B445D5A50
2023-03-20 09:47:16,564 [s1@group-2D594602B191-StateMachineUpdater] INFO  impl.SimpleStateMachine4Testing (SimpleStateMachine4Testing.java:put(205)) - s1: put 129, m64 -> (t:1, i:129), STATEMACHINELOGENTRY, 322@client-9D2B445D5A50
2023-03-20 09:47:16,564 [s1@group-2D594602B191-StateMachineUpdater] INFO  impl.SimpleStateMachine4Testing (SimpleStateMachine4Testing.java:put(205)) - s1: put 131, m65 -> (t:1, i:131), STATEMACHINELOGENTRY, 323@client-9D2B445D5A50
2023-03-20 09:47:16,564 [s1@group-2D594602B191-StateMachineUpdater] INFO  impl.SimpleStateMachine4Testing (SimpleStateMachine4Testing.java:put(205)) - s1: put 133, m66 -> (t:1, i:133), STATEMACHINELOGENTRY, 324@client-9D2B445D5A50
2023-03-20 09:47:16,564 [s1@group-2D594602B191-StateMachineUpdater] INFO  impl.SimpleStateMachine4Testing (SimpleStateMachine4Testing.java:put(205)) - s1: put 135, m67 -> (t:1, i:135), STATEMACHINELOGENTRY, 325@client-9D2B445D5A50
2023-03-20 09:47:16,564 [s1@group-2D594602B191-StateMachineUpdater] INFO  impl.SimpleStateMachine4Testing (SimpleStateMachine4Testing.java:put(205)) - s1: put 137, m68 -> (t:1, i:137), STATEMACHINELOGENTRY, 326@client-9D2B445D5A50
2023-03-20 09:47:16,564 [s1@group-2D594602B191-StateMachineUpdater] INFO  impl.SimpleStateMachine4Testing (SimpleStateMachine4Testing.java:put(205)) - s1: put 139, m69 -> (t:1, i:139), STATEMACHINELOGENTRY, 327@client-9D2B445D5A50
2023-03-20 09:47:16,564 [s1@group-2D594602B191-StateMachineUpdater] INFO  impl.SimpleStateMachine4Testing (SimpleStateMachine4Testing.java:put(205)) - s1: put 141, m70 -> (t:1, i:141), STATEMACHINELOGENTRY, 328@client-9D2B445D5A50
2023-03-20 09:47:16,564 [s1@group-2D594602B191-StateMachineUpdater] INFO  impl.SimpleStateMachine4Testing (SimpleStateMachine4Testing.java:put(205)) - s1: put 143, m71 -> (t:1, i:143), STATEMACHINELOGENTRY, 329@client-9D2B445D5A50
2023-03-20 09:47:16,565 [s1@group-2D594602B191-StateMachineUpdater] INFO  impl.SimpleStateMachine4Testing (SimpleStateMachine4Testing.java:put(205)) - s1: put 145, m72 -> (t:1, i:145), STATEMACHINELOGENTRY, 330@client-9D2B445D5A50
2023-03-20 09:47:16,565 [s1@group-2D594602B191-StateMachineUpdater] INFO  impl.SimpleStateMachine4Testing (SimpleStateMachine4Testing.java:put(205)) - s1: put 147, m73 -> (t:1, i:147), STATEMACHINELOGENTRY, 331@client-9D2B445D5A50
2023-03-20 09:47:16,565 [s1@group-2D594602B191-StateMachineUpdater] INFO  impl.SimpleStateMachine4Testing (SimpleStateMachine4Testing.java:put(205)) - s1: put 149, m74 -> (t:1, i:149), STATEMACHINELOGENTRY, 332@client-9D2B445D5A50
2023-03-20 09:47:16,565 [s1@group-2D594602B191-StateMachineUpdater] INFO  impl.SimpleStateMachine4Testing (SimpleStateMachine4Testing.java:put(205)) - s1: put 151, m75 -> (t:1, i:151), STATEMACHINELOGENTRY, 333@client-9D2B445D5A50
2023-03-20 09:47:16,565 [s1@group-2D594602B191-StateMachineUpdater] INFO  impl.SimpleStateMachine4Testing (SimpleStateMachine4Testing.java:put(205)) - s1: put 153, m76 -> (t:1, i:153), STATEMACHINELOGENTRY, 334@client-9D2B445D5A50
2023-03-20 09:47:16,565 [s1@group-2D594602B191-StateMachineUpdater] INFO  impl.SimpleStateMachine4Testing (SimpleStateMachine4Testing.java:put(205)) - s1: put 155, m77 -> (t:1, i:155), STATEMACHINELOGENTRY, 335@client-9D2B445D5A50
2023-03-20 09:47:16,565 [s1@group-2D594602B191-StateMachineUpdater] INFO  impl.SimpleStateMachine4Testing (SimpleStateMachine4Testing.java:put(205)) - s1: put 157, m78 -> (t:1, i:157), STATEMACHINELOGENTRY, 336@client-9D2B445D5A50
2023-03-20 09:47:16,565 [s1@group-2D594602B191-StateMachineUpdater] INFO  impl.SimpleStateMachine4Testing (SimpleStateMachine4Testing.java:put(205)) - s1: put 159, m79 -> (t:1, i:159), STATEMACHINELOGENTRY, 337@client-9D2B445D5A50
2023-03-20 09:47:16,565 [s1@group-2D594602B191-StateMachineUpdater] INFO  impl.SimpleStateMachine4Testing (SimpleStateMachine4Testing.java:put(205)) - s1: put 161, m80 -> (t:1, i:161), STATEMACHINELOGENTRY, 338@client-9D2B445D5A50
2023-03-20 09:47:16,565 [s1@group-2D594602B191-StateMachineUpdater] INFO  impl.SimpleStateMachine4Testing (SimpleStateMachine4Testing.java:put(205)) - s1: put 163, m81 -> (t:1, i:163), STATEMACHINELOGENTRY, 339@client-9D2B445D5A50
2023-03-20 09:47:16,565 [s1@group-2D594602B191-StateMachineUpdater] INFO  impl.SimpleStateMachine4Testing (SimpleStateMachine4Testing.java:put(205)) - s1: put 165, m82 -> (t:1, i:165), STATEMACHINELOGENTRY, 340@client-9D2B445D5A50
2023-03-20 09:47:16,565 [s1@group-2D594602B191-StateMachineUpdater] INFO  impl.SimpleStateMachine4Testing (SimpleStateMachine4Testing.java:put(205)) - s1: put 167, m83 -> (t:1, i:167), STATEMACHINELOGENTRY, 341@client-9D2B445D5A50
2023-03-20 09:47:16,565 [s1@group-2D594602B191-StateMachineUpdater] INFO  impl.SimpleStateMachine4Testing (SimpleStateMachine4Testing.java:put(205)) - s1: put 169, m84 -> (t:1, i:169), STATEMACHINELOGENTRY, 342@client-9D2B445D5A50
2023-03-20 09:47:16,565 [s1@group-2D594602B191-StateMachineUpdater] INFO  impl.SimpleStateMachine4Testing (SimpleStateMachine4Testing.java:put(205)) - s1: put 171, m85 -> (t:1, i:171), STATEMACHINELOGENTRY, 343@client-9D2B445D5A50
2023-03-20 09:47:16,565 [s1@group-2D594602B191-StateMachineUpdater] INFO  impl.SimpleStateMachine4Testing (SimpleStateMachine4Testing.java:put(205)) - s1: put 173, m86 -> (t:1, i:173), STATEMACHINELOGENTRY, 344@client-9D2B445D5A50
2023-03-20 09:47:16,565 [s1@group-2D594602B191-StateMachineUpdater] INFO  impl.SimpleStateMachine4Testing (SimpleStateMachine4Testing.java:put(205)) - s1: put 175, m87 -> (t:1, i:175), STATEMACHINELOGENTRY, 345@client-9D2B445D5A50
2023-03-20 09:47:16,565 [s1@group-2D594602B191-StateMachineUpdater] INFO  impl.SimpleStateMachine4Testing (SimpleStateMachine4Testing.java:put(205)) - s1: put 177, m88 -> (t:1, i:177), STATEMACHINELOGENTRY, 346@client-9D2B445D5A50
2023-03-20 09:47:16,565 [s1@group-2D594602B191-StateMachineUpdater] INFO  impl.SimpleStateMachine4Testing (SimpleStateMachine4Testing.java:put(205)) - s1: put 179, m89 -> (t:1, i:179), STATEMACHINELOGENTRY, 347@client-9D2B445D5A50
2023-03-20 09:47:16,565 [s1@group-2D594602B191-StateMachineUpdater] INFO  impl.SimpleStateMachine4Testing (SimpleStateMachine4Testing.java:put(205)) - s1: put 181, m90 -> (t:1, i:181), STATEMACHINELOGENTRY, 348@client-9D2B445D5A50
2023-03-20 09:47:16,565 [s1@group-2D594602B191-StateMachineUpdater] INFO  impl.SimpleStateMachine4Testing (SimpleStateMachine4Testing.java:put(205)) - s1: put 183, m91 -> (t:1, i:183), STATEMACHINELOGENTRY, 349@client-9D2B445D5A50
2023-03-20 09:47:16,565 [s1@group-2D594602B191-StateMachineUpdater] INFO  impl.SimpleStateMachine4Testing (SimpleStateMachine4Testing.java:put(205)) - s1: put 185, m92 -> (t:1, i:185), STATEMACHINELOGENTRY, 350@client-9D2B445D5A50
2023-03-20 09:47:16,565 [s1@group-2D594602B191-StateMachineUpdater] INFO  impl.SimpleStateMachine4Testing (SimpleStateMachine4Testing.java:put(205)) - s1: put 187, m93 -> (t:1, i:187), STATEMACHINELOGENTRY, 351@client-9D2B445D5A50
2023-03-20 09:47:16,566 [s1@group-2D594602B191-StateMachineUpdater] INFO  impl.SimpleStateMachine4Testing (SimpleStateMachine4Testing.java:put(205)) - s1: put 189, m94 -> (t:1, i:189), STATEMACHINELOGENTRY, 352@client-9D2B445D5A50
2023-03-20 09:47:16,566 [s1@group-2D594602B191-StateMachineUpdater] INFO  impl.SimpleStateMachine4Testing (SimpleStateMachine4Testing.java:put(205)) - s1: put 191, m95 -> (t:1, i:191), STATEMACHINELOGENTRY, 353@client-9D2B445D5A50
2023-03-20 09:47:16,566 [s1@group-2D594602B191-StateMachineUpdater] INFO  impl.StateMachineUpdater (StateMachineUpdater.java:lambda$new$0(96)) - s1@group-2D594602B191-StateMachineUpdater: snapshotIndex: setUnconditionally -1 -> 191
2023-03-20 09:47:16,566 [s1@group-2D594602B191-StateMachineUpdater] INFO  impl.StateMachineUpdater (StateMachineUpdater.java:lambda$new$0(96)) - s1@group-2D594602B191-StateMachineUpdater: appliedIndex: setUnconditionally -1 -> 191
2023-03-20 09:47:16,566 [grpc-default-executor-2] INFO  impl.SnapshotInstallationHandler (SnapshotInstallationHandler.java:checkAndInstallSnapshot(193)) - s1@group-2D594602B191: successfully install the entire snapshot-191
2023-03-20 09:47:16,566 [grpc-default-executor-2] INFO  impl.SnapshotInstallationHandler (SnapshotInstallationHandler.java:installSnapshot(100)) - s1@group-2D594602B191: reply installSnapshot: s0<-s1#0:OK-t1,SUCCESS,requestIndex=10
2023-03-20 09:47:16,566 [grpc-default-executor-1] INFO  server.GrpcLogAppender (GrpcLogAppender.java:onNext(501)) - s0@group-2D594602B191->s1-InstallSnapshotResponseHandler: received a reply s0<-s1#0:OK-t1,SUCCESS,requestIndex=10
2023-03-20 09:47:16,566 [grpc-default-executor-1] INFO  server.GrpcLogAppender (GrpcLogAppender.java:onNext(514)) - s0@group-2D594602B191->s1-InstallSnapshotResponseHandler: Completed InstallSnapshot. Reply: serverReply {
  requestorId: "s0"
  replyId: "s1"
  raftGroupId {
    id: "\350t^B\275\253C\222\241\027-YF\002\261\221"
  }
  success: true
}
term: 1
requestIndex: 10

2023-03-20 09:47:16,567 [grpc-default-executor-1] INFO  leader.FollowerInfo (FollowerInfoImpl.java:setAttemptedToInstallSnapshot(126)) - Follower s0@group-2D594602B191->s1 acknowledged installing snapshot
2023-03-20 09:47:16,567 [grpc-default-executor-2] INFO  server.GrpcServerProtocolService (GrpcServerProtocolService.java:onCompleted(145)) - s1: Completed INSTALL_SNAPSHOT, lastRequest: s0->s1#0-t1,chunk:85df02e9-46ec-415f-95b8-b1af1a9506d7,10
2023-03-20 09:47:16,567 [grpc-default-executor-1] INFO  server.GrpcLogAppender (GrpcLogAppender.java:onCompleted(579)) - s0@group-2D594602B191->s1-InstallSnapshotResponseHandler: follower responded installSnapshot COMPLETED
2023-03-20 09:47:16,567 [s0@group-2D594602B191->s1-GrpcLogAppender-LogAppenderDaemon] INFO  leader.FollowerInfo (FollowerInfoImpl.java:lambda$new$0(52)) - s0@group-2D594602B191->s1: snapshotIndex: setUnconditionally 0 -> 191
2023-03-20 09:47:16,567 [s0@group-2D594602B191->s1-GrpcLogAppender-LogAppenderDaemon] INFO  leader.FollowerInfo (FollowerInfoImpl.java:lambda$new$0(52)) - s0@group-2D594602B191->s1: matchIndex: setUnconditionally -1 -> 191
2023-03-20 09:47:16,567 [s0@group-2D594602B191->s1-GrpcLogAppender-LogAppenderDaemon] INFO  leader.FollowerInfo (FollowerInfoImpl.java:lambda$new$0(52)) - s0@group-2D594602B191->s1: nextIndex: setUnconditionally 0 -> 192
2023-03-20 09:47:16,567 [s0@group-2D594602B191->s1-GrpcLogAppender-LogAppenderDaemon] INFO  server.GrpcLogAppender (GrpcLogAppender.java:installSnapshot(634)) - s0@group-2D594602B191->s1-GrpcLogAppender: installed snapshot FileListSnapshotInfo(t:1, i:191):[/home/runner/work/ratis/ratis/ratis-test/target/test/data/1ffe5b81/MiniRaftClusterWithGrpc89ffc592/s0/e8745e42-bdab-4392-a117-2d594602b191/sm/snapshot/1.bin, /home/runner/work/ratis/ratis/ratis-test/target/test/data/1ffe5b81/MiniRaftClusterWithGrpc89ffc592/s0/e8745e42-bdab-4392-a117-2d594602b191/sm/snapshot/sub/2.bin, /home/runner/work/ratis/ratis/ratis-test/target/test/data/1ffe5b81/MiniRaftClusterWithGrpc89ffc592/s0/e8745e42-bdab-4392-a117-2d594602b191/sm/snapshot.1_191] successfully
2023-03-20 09:47:16,586 [s2-server-thread1] INFO  impl.RoleInfo (RoleInfo.java:updateAndGet(139)) - s2: start s2@group-2D594602B191-FollowerState
2023-03-20 09:47:16,586 [s2-server-thread2] INFO  server.RaftServer$Division (RaftServerImpl.java:checkInconsistentAppendEntries(1600)) - s2@group-2D594602B191: Failed appendEntries as the first entry (index 0) already exists (snapshotIndex: 191, commitIndex: -1)
2023-03-20 09:47:16,600 [s2-server-thread2] INFO  server.RaftServer$Division (RaftServerImpl.java:checkInconsistentAppendEntries(1580)) - s2@group-2D594602B191: inconsistency entries. Reply:s0<-s2#1:FAIL-t1,INCONSISTENCY,nextIndex=192,followerCommit=-1,matchIndex=-1
2023-03-20 09:47:16,600 [s1-server-thread1] INFO  impl.RoleInfo (RoleInfo.java:updateAndGet(139)) - s1: start s1@group-2D594602B191-FollowerState
2023-03-20 09:47:16,601 [grpc-default-executor-0] WARN  server.GrpcLogAppender (GrpcLogAppender.java:onNextImpl(395)) - s0@group-2D594602B191->s2-AppendLogResponseHandler: received INCONSISTENCY reply with nextIndex 192
2023-03-20 09:47:16,601 [grpc-default-executor-0] INFO  leader.FollowerInfo (FollowerInfoImpl.java:lambda$new$0(52)) - s0@group-2D594602B191->s2: setNextIndex nextIndex: updateUnconditionally 255 -> 192
2023-03-20 09:47:16,603 [s2-server-thread2] INFO  segmented.SegmentedRaftLogWorker (SegmentedRaftLogWorker.java:startLogSegment(426)) - s2@group-2D594602B191-SegmentedRaftLogWorker: Starting segment from index:192
2023-03-20 09:47:16,605 [s1-server-thread2] INFO  segmented.SegmentedRaftLogWorker (SegmentedRaftLogWorker.java:startLogSegment(426)) - s1@group-2D594602B191-SegmentedRaftLogWorker: Starting segment from index:192
2023-03-20 09:47:16,624 [s1@group-2D594602B191-SegmentedRaftLogWorker] INFO  segmented.SegmentedRaftLogWorker (SegmentedRaftLogWorker.java:execute(630)) - s1@group-2D594602B191-SegmentedRaftLogWorker: created new log segment /home/runner/work/ratis/ratis/ratis-test/target/test/data/1ffe5b81/MiniRaftClusterWithGrpc89ffc592/s1/e8745e42-bdab-4392-a117-2d594602b191/current/log_inprogress_192
2023-03-20 09:47:16,628 [s1@group-2D594602B191-StateMachineUpdater] INFO  impl.SimpleStateMachine4Testing (SimpleStateMachine4Testing.java:put(205)) - s1: put 193, m96 -> (t:1, i:193), STATEMACHINELOGENTRY, 354@client-9D2B445D5A50
2023-03-20 09:47:16,629 [s1@group-2D594602B191-StateMachineUpdater] INFO  impl.SimpleStateMachine4Testing (SimpleStateMachine4Testing.java:put(205)) - s1: put 195, m97 -> (t:1, i:195), STATEMACHINELOGENTRY, 355@client-9D2B445D5A50
2023-03-20 09:47:16,629 [s1@group-2D594602B191-StateMachineUpdater] INFO  impl.SimpleStateMachine4Testing (SimpleStateMachine4Testing.java:put(205)) - s1: put 197, m98 -> (t:1, i:197), STATEMACHINELOGENTRY, 356@client-9D2B445D5A50
2023-03-20 09:47:16,629 [s1@group-2D594602B191-StateMachineUpdater] INFO  impl.SimpleStateMachine4Testing (SimpleStateMachine4Testing.java:put(205)) - s1: put 199, m99 -> (t:1, i:199), STATEMACHINELOGENTRY, 357@client-9D2B445D5A50
2023-03-20 09:47:16,629 [s1@group-2D594602B191-StateMachineUpdater] INFO  impl.SimpleStateMachine4Testing (SimpleStateMachine4Testing.java:put(205)) - s1: put 201, m100 -> (t:1, i:201), STATEMACHINELOGENTRY, 358@client-9D2B445D5A50
2023-03-20 09:47:16,629 [s1@group-2D594602B191-StateMachineUpdater] INFO  impl.SimpleStateMachine4Testing (SimpleStateMachine4Testing.java:put(205)) - s1: put 203, m101 -> (t:1, i:203), STATEMACHINELOGENTRY, 359@client-9D2B445D5A50
2023-03-20 09:47:16,629 [s1@group-2D594602B191-StateMachineUpdater] INFO  impl.SimpleStateMachine4Testing (SimpleStateMachine4Testing.java:put(205)) - s1: put 205, m102 -> (t:1, i:205), STATEMACHINELOGENTRY, 360@client-9D2B445D5A50
2023-03-20 09:47:16,629 [s1@group-2D594602B191-StateMachineUpdater] INFO  impl.SimpleStateMachine4Testing (SimpleStateMachine4Testing.java:put(205)) - s1: put 207, m103 -> (t:1, i:207), STATEMACHINELOGENTRY, 361@client-9D2B445D5A50
2023-03-20 09:47:16,630 [s1@group-2D594602B191-StateMachineUpdater] INFO  impl.SimpleStateMachine4Testing (SimpleStateMachine4Testing.java:put(205)) - s1: put 209, m104 -> (t:1, i:209), STATEMACHINELOGENTRY, 362@client-9D2B445D5A50
2023-03-20 09:47:16,630 [s1@group-2D594602B191-StateMachineUpdater] INFO  impl.SimpleStateMachine4Testing (SimpleStateMachine4Testing.java:put(205)) - s1: put 211, m105 -> (t:1, i:211), STATEMACHINELOGENTRY, 363@client-9D2B445D5A50
2023-03-20 09:47:16,630 [s1@group-2D594602B191-StateMachineUpdater] INFO  impl.SimpleStateMachine4Testing (SimpleStateMachine4Testing.java:put(205)) - s1: put 213, m106 -> (t:1, i:213), STATEMACHINELOGENTRY, 364@client-9D2B445D5A50
2023-03-20 09:47:16,630 [s1@group-2D594602B191-StateMachineUpdater] INFO  impl.SimpleStateMachine4Testing (SimpleStateMachine4Testing.java:put(205)) - s1: put 215, m107 -> (t:1, i:215), STATEMACHINELOGENTRY, 365@client-9D2B445D5A50
2023-03-20 09:47:16,630 [s1@group-2D594602B191-StateMachineUpdater] INFO  impl.SimpleStateMachine4Testing (SimpleStateMachine4Testing.java:put(205)) - s1: put 217, m108 -> (t:1, i:217), STATEMACHINELOGENTRY, 366@client-9D2B445D5A50
2023-03-20 09:47:16,630 [s1@group-2D594602B191-StateMachineUpdater] INFO  impl.SimpleStateMachine4Testing (SimpleStateMachine4Testing.java:put(205)) - s1: put 219, m109 -> (t:1, i:219), STATEMACHINELOGENTRY, 367@client-9D2B445D5A50
2023-03-20 09:47:16,630 [s1@group-2D594602B191-StateMachineUpdater] INFO  impl.SimpleStateMachine4Testing (SimpleStateMachine4Testing.java:put(205)) - s1: put 221, m110 -> (t:1, i:221), STATEMACHINELOGENTRY, 368@client-9D2B445D5A50
2023-03-20 09:47:16,630 [s1@group-2D594602B191-StateMachineUpdater] INFO  impl.SimpleStateMachine4Testing (SimpleStateMachine4Testing.java:put(205)) - s1: put 223, m111 -> (t:1, i:223), STATEMACHINELOGENTRY, 369@client-9D2B445D5A50
2023-03-20 09:47:16,631 [s1@group-2D594602B191-StateMachineUpdater] INFO  impl.SimpleStateMachine4Testing (SimpleStateMachine4Testing.java:put(205)) - s1: put 225, m112 -> (t:1, i:225), STATEMACHINELOGENTRY, 370@client-9D2B445D5A50
2023-03-20 09:47:16,631 [s1@group-2D594602B191-StateMachineUpdater] INFO  impl.SimpleStateMachine4Testing (SimpleStateMachine4Testing.java:put(205)) - s1: put 227, m113 -> (t:1, i:227), STATEMACHINELOGENTRY, 371@client-9D2B445D5A50
2023-03-20 09:47:16,631 [s1@group-2D594602B191-StateMachineUpdater] INFO  impl.SimpleStateMachine4Testing (SimpleStateMachine4Testing.java:put(205)) - s1: put 229, m114 -> (t:1, i:229), STATEMACHINELOGENTRY, 372@client-9D2B445D5A50
2023-03-20 09:47:16,631 [s1@group-2D594602B191-StateMachineUpdater] INFO  impl.SimpleStateMachine4Testing (SimpleStateMachine4Testing.java:put(205)) - s1: put 231, m115 -> (t:1, i:231), STATEMACHINELOGENTRY, 373@client-9D2B445D5A50
2023-03-20 09:47:16,631 [s1@group-2D594602B191-StateMachineUpdater] INFO  impl.SimpleStateMachine4Testing (SimpleStateMachine4Testing.java:put(205)) - s1: put 233, m116 -> (t:1, i:233), STATEMACHINELOGENTRY, 374@client-9D2B445D5A50
2023-03-20 09:47:16,631 [s1@group-2D594602B191-StateMachineUpdater] INFO  impl.SimpleStateMachine4Testing (SimpleStateMachine4Testing.java:put(205)) - s1: put 235, m117 -> (t:1, i:235), STATEMACHINELOGENTRY, 375@client-9D2B445D5A50
2023-03-20 09:47:16,631 [s1@group-2D594602B191-StateMachineUpdater] INFO  impl.SimpleStateMachine4Testing (SimpleStateMachine4Testing.java:put(205)) - s1: put 237, m118 -> (t:1, i:237), STATEMACHINELOGENTRY, 376@client-9D2B445D5A50
2023-03-20 09:47:16,631 [s1@group-2D594602B191-StateMachineUpdater] INFO  impl.SimpleStateMachine4Testing (SimpleStateMachine4Testing.java:put(205)) - s1: put 239, m119 -> (t:1, i:239), STATEMACHINELOGENTRY, 377@client-9D2B445D5A50
2023-03-20 09:47:16,632 [s1@group-2D594602B191-StateMachineUpdater] INFO  impl.SimpleStateMachine4Testing (SimpleStateMachine4Testing.java:put(205)) - s1: put 241, m120 -> (t:1, i:241), STATEMACHINELOGENTRY, 378@client-9D2B445D5A50
2023-03-20 09:47:16,632 [s1@group-2D594602B191-StateMachineUpdater] INFO  impl.SimpleStateMachine4Testing (SimpleStateMachine4Testing.java:put(205)) - s1: put 243, m121 -> (t:1, i:243), STATEMACHINELOGENTRY, 379@client-9D2B445D5A50
2023-03-20 09:47:16,632 [s1@group-2D594602B191-StateMachineUpdater] INFO  impl.SimpleStateMachine4Testing (SimpleStateMachine4Testing.java:put(205)) - s1: put 245, m122 -> (t:1, i:245), STATEMACHINELOGENTRY, 380@client-9D2B445D5A50
2023-03-20 09:47:16,632 [s1@group-2D594602B191-StateMachineUpdater] INFO  impl.SimpleStateMachine4Testing (SimpleStateMachine4Testing.java:put(205)) - s1: put 247, m123 -> (t:1, i:247), STATEMACHINELOGENTRY, 381@client-9D2B445D5A50
2023-03-20 09:47:16,632 [s1@group-2D594602B191-StateMachineUpdater] INFO  impl.SimpleStateMachine4Testing (SimpleStateMachine4Testing.java:put(205)) - s1: put 249, m124 -> (t:1, i:249), STATEMACHINELOGENTRY, 382@client-9D2B445D5A50
2023-03-20 09:47:16,632 [s2@group-2D594602B191-SegmentedRaftLogWorker] INFO  segmented.SegmentedRaftLogWorker (SegmentedRaftLogWorker.java:execute(630)) - s2@group-2D594602B191-SegmentedRaftLogWorker: created new log segment /home/runner/work/ratis/ratis/ratis-test/target/test/data/1ffe5b81/MiniRaftClusterWithGrpc89ffc592/s2/e8745e42-bdab-4392-a117-2d594602b191/current/log_inprogress_192
2023-03-20 09:47:16,633 [s1@group-2D594602B191-StateMachineUpdater] INFO  impl.SimpleStateMachine4Testing (SimpleStateMachine4Testing.java:put(205)) - s1: put 251, m125 -> (t:1, i:251), STATEMACHINELOGENTRY, 383@client-9D2B445D5A50
2023-03-20 09:47:16,633 [s1@group-2D594602B191-StateMachineUpdater] INFO  impl.SimpleStateMachine4Testing (SimpleStateMachine4Testing.java:put(205)) - s1: put 253, m126 -> (t:1, i:253), STATEMACHINELOGENTRY, 384@client-9D2B445D5A50
2023-03-20 09:47:16,644 [s0@group-2D594602B191-LeaderStateImpl] INFO  server.RaftServer$Division (ServerState.java:setRaftConf(377)) - s0@group-2D594602B191: set configuration 255: peers:[s0|rpc:localhost:45925|admin:localhost:44951|client:localhost:40615|dataStream:localhost:33373|priority:0|startupRole:FOLLOWER, s1|rpc:0.0.0.0:38407|dataStream:|priority:0|startupRole:FOLLOWER, s2|rpc:0.0.0.0:36687|dataStream:|priority:0|startupRole:FOLLOWER]|listeners:[], old=peers:[s0|rpc:localhost:45925|admin:localhost:44951|client:localhost:40615|dataStream:localhost:33373|priority:0|startupRole:FOLLOWER]|listeners:[]
2023-03-20 09:47:16,646 [s1-server-thread3] INFO  server.RaftServer$Division (ServerState.java:setRaftConf(377)) - s1@group-2D594602B191: set configuration 255: peers:[s0|rpc:localhost:45925|admin:localhost:44951|client:localhost:40615|dataStream:localhost:33373|priority:0|startupRole:FOLLOWER, s1|rpc:0.0.0.0:38407|dataStream:|priority:0|startupRole:FOLLOWER, s2|rpc:0.0.0.0:36687|dataStream:|priority:0|startupRole:FOLLOWER]|listeners:[], old=peers:[s0|rpc:localhost:45925|admin:localhost:44951|client:localhost:40615|dataStream:localhost:33373|priority:0|startupRole:FOLLOWER]|listeners:[]
2023-03-20 09:47:16,646 [s2-server-thread3] INFO  server.RaftServer$Division (ServerState.java:setRaftConf(377)) - s2@group-2D594602B191: set configuration 255: peers:[s0|rpc:localhost:45925|admin:localhost:44951|client:localhost:40615|dataStream:localhost:33373|priority:0|startupRole:FOLLOWER, s1|rpc:0.0.0.0:38407|dataStream:|priority:0|startupRole:FOLLOWER, s2|rpc:0.0.0.0:36687|dataStream:|priority:0|startupRole:FOLLOWER]|listeners:[], old=peers:[s0|rpc:localhost:45925|admin:localhost:44951|client:localhost:40615|dataStream:localhost:33373|priority:0|startupRole:FOLLOWER]|listeners:[]
2023-03-20 09:47:16,648 [s0@group-2D594602B191-LeaderStateImpl] INFO  server.RaftServer$Division (ServerState.java:setRaftConf(377)) - s0@group-2D594602B191: set configuration 257: peers:[s0|rpc:localhost:45925|admin:localhost:44951|client:localhost:40615|dataStream:localhost:33373|priority:0|startupRole:FOLLOWER, s1|rpc:0.0.0.0:38407|dataStream:|priority:0|startupRole:FOLLOWER, s2|rpc:0.0.0.0:36687|dataStream:|priority:0|startupRole:FOLLOWER]|listeners:[], old=null
2023-03-20 09:47:16,660 [s2-server-thread3] INFO  server.RaftServer$Division (ServerState.java:setRaftConf(377)) - s2@group-2D594602B191: set configuration 257: peers:[s0|rpc:localhost:45925|admin:localhost:44951|client:localhost:40615|dataStream:localhost:33373|priority:0|startupRole:FOLLOWER, s1|rpc:0.0.0.0:38407|dataStream:|priority:0|startupRole:FOLLOWER, s2|rpc:0.0.0.0:36687|dataStream:|priority:0|startupRole:FOLLOWER]|listeners:[], old=null
2023-03-20 09:47:16,662 [s1-server-thread3] INFO  server.RaftServer$Division (ServerState.java:setRaftConf(377)) - s1@group-2D594602B191: set configuration 257: peers:[s0|rpc:localhost:45925|admin:localhost:44951|client:localhost:40615|dataStream:localhost:33373|priority:0|startupRole:FOLLOWER, s1|rpc:0.0.0.0:38407|dataStream:|priority:0|startupRole:FOLLOWER, s2|rpc:0.0.0.0:36687|dataStream:|priority:0|startupRole:FOLLOWER]|listeners:[], old=null
2023-03-20 09:47:16,666 [s0@group-2D594602B191-StateMachineUpdater] INFO  impl.StateMachineUpdater (StateMachineUpdater.java:takeSnapshot(290)) - s0@group-2D594602B191-StateMachineUpdater: Took a snapshot at index 255
2023-03-20 09:47:16,666 [s0@group-2D594602B191-StateMachineUpdater] INFO  impl.StateMachineUpdater (StateMachineUpdater.java:lambda$new$0(96)) - s0@group-2D594602B191-StateMachineUpdater: snapshotIndex: updateIncreasingly 191 -> 255
2023-03-20 09:47:16,666 [s0@group-2D594602B191-StateMachineUpdater] INFO  raftlog.RaftLog (RaftLogBase.java:purge(314)) - s0@group-2D594602B191-SegmentedRaftLog: purge 255
2023-03-20 09:47:16,666 [s0@group-2D594602B191-StateMachineUpdater] INFO  raftlog.RaftLog (RaftLogBase.java:lambda$new$0(53)) - s0@group-2D594602B191-SegmentedRaftLog: snapshotIndex: updateIncreasingly 191 -> 255
2023-03-20 09:47:16,666 [s0@group-2D594602B191-StateMachineUpdater] INFO  raftlog.RaftLog (RaftLogBase.java:lambda$new$0(53)) - s0@group-2D594602B191-SegmentedRaftLog: purgeIndex: updateToMax old=191, new=255, updated? true
2023-03-20 09:47:16,680 [s1@group-2D594602B191-StateMachineUpdater] INFO  impl.StateMachineUpdater (StateMachineUpdater.java:takeSnapshot(290)) - s1@group-2D594602B191-StateMachineUpdater: Took a snapshot at index 255
2023-03-20 09:47:16,686 [s1@group-2D594602B191-StateMachineUpdater] INFO  impl.StateMachineUpdater (StateMachineUpdater.java:lambda$new$0(96)) - s1@group-2D594602B191-StateMachineUpdater: snapshotIndex: updateIncreasingly 191 -> 255
2023-03-20 09:47:16,687 [s1@group-2D594602B191-StateMachineUpdater] INFO  raftlog.RaftLog (RaftLogBase.java:purge(314)) - s1@group-2D594602B191-SegmentedRaftLog: purge 255
2023-03-20 09:47:16,687 [s1@group-2D594602B191-StateMachineUpdater] INFO  raftlog.RaftLog (RaftLogBase.java:lambda$new$0(53)) - s1@group-2D594602B191-SegmentedRaftLog: snapshotIndex: updateIncreasingly 191 -> 255
2023-03-20 09:47:16,687 [s1@group-2D594602B191-StateMachineUpdater] INFO  raftlog.RaftLog (RaftLogBase.java:lambda$new$0(53)) - s1@group-2D594602B191-SegmentedRaftLog: purgeIndex: updateToMax old=-1, new=255, updated? true
2023-03-20 09:47:16,696 [Time-limited test] INFO  server.RaftServerConfigKeys (ConfUtils.java:logGet(46)) - raft.server.rpc.timeout.max = 300ms (default)
2023-03-20 09:47:16,697 [Time-limited test] INFO  impl.RaftServerTestUtil (RaftServerTestUtil.java:waitAndCheckNewConf(87)) - waitAndCheckNewConf: peers=[s1|rpc:0.0.0.0:38407|priority:0|startupRole:FOLLOWER, s2|rpc:0.0.0.0:36687|priority:0|startupRole:FOLLOWER, s0|rpc:localhost:45925|admin:localhost:44951|client:localhost:40615|dataStream:localhost:33373|priority:0|startupRole:FOLLOWER], deadPeers=null, printing ALL groups
  s0:  RUNNING    LEADER s0@group-2D594602B191:t1, leader=s0, voted=s0, raftlog=Memoized:s0@group-2D594602B191-SegmentedRaftLog:OPENED:c258, conf=257: peers:[s0|rpc:localhost:45925|admin:localhost:44951|client:localhost:40615|dataStream:localhost:33373|priority:0|startupRole:FOLLOWER, s1|rpc:0.0.0.0:38407|dataStream:|priority:0|startupRole:FOLLOWER, s2|rpc:0.0.0.0:36687|dataStream:|priority:0|startupRole:FOLLOWER]|listeners:[], old=null RUNNING
  s1:  RUNNING  FOLLOWER s1@group-2D594602B191:t1, leader=s0, voted=null, raftlog=Memoized:s1@group-2D594602B191-SegmentedRaftLog:OPENED:c257, conf=257: peers:[s0|rpc:localhost:45925|admin:localhost:44951|client:localhost:40615|dataStream:localhost:33373|priority:0|startupRole:FOLLOWER, s1|rpc:0.0.0.0:38407|dataStream:|priority:0|startupRole:FOLLOWER, s2|rpc:0.0.0.0:36687|dataStream:|priority:0|startupRole:FOLLOWER]|listeners:[], old=null RUNNING
  s2:  RUNNING  FOLLOWER s2@group-2D594602B191:t1, leader=s0, voted=null, raftlog=Memoized:s2@group-2D594602B191-SegmentedRaftLog:OPENED:c255, conf=257: peers:[s0|rpc:localhost:45925|admin:localhost:44951|client:localhost:40615|dataStream:localhost:33373|priority:0|startupRole:FOLLOWER, s1|rpc:0.0.0.0:38407|dataStream:|priority:0|startupRole:FOLLOWER, s2|rpc:0.0.0.0:36687|dataStream:|priority:0|startupRole:FOLLOWER]|listeners:[], old=null RUNNING
2023-03-20 09:47:16,697 [Time-limited test] INFO  impl.RaftServerTestUtil (RaftServerTestUtil.java:waitAndCheckNewConf(96)) - checking    LEADER s0@group-2D594602B191:t1, leader=s0, voted=s0, raftlog=Memoized:s0@group-2D594602B191-SegmentedRaftLog:OPENED:c258, conf=257: peers:[s0|rpc:localhost:45925|admin:localhost:44951|client:localhost:40615|dataStream:localhost:33373|priority:0|startupRole:FOLLOWER, s1|rpc:0.0.0.0:38407|dataStream:|priority:0|startupRole:FOLLOWER, s2|rpc:0.0.0.0:36687|dataStream:|priority:0|startupRole:FOLLOWER]|listeners:[], old=null RUNNING
2023-03-20 09:47:16,697 [Time-limited test] INFO  impl.RaftServerTestUtil (RaftServerTestUtil.java:waitAndCheckNewConf(96)) - checking  FOLLOWER s1@group-2D594602B191:t1, leader=s0, voted=null, raftlog=Memoized:s1@group-2D594602B191-SegmentedRaftLog:OPENED:c257, conf=257: peers:[s0|rpc:localhost:45925|admin:localhost:44951|client:localhost:40615|dataStream:localhost:33373|priority:0|startupRole:FOLLOWER, s1|rpc:0.0.0.0:38407|dataStream:|priority:0|startupRole:FOLLOWER, s2|rpc:0.0.0.0:36687|dataStream:|priority:0|startupRole:FOLLOWER]|listeners:[], old=null RUNNING
2023-03-20 09:47:16,697 [Time-limited test] INFO  impl.RaftServerTestUtil (RaftServerTestUtil.java:waitAndCheckNewConf(96)) - checking  FOLLOWER s2@group-2D594602B191:t1, leader=s0, voted=null, raftlog=Memoized:s2@group-2D594602B191-SegmentedRaftLog:OPENED:c255, conf=257: peers:[s0|rpc:localhost:45925|admin:localhost:44951|client:localhost:40615|dataStream:localhost:33373|priority:0|startupRole:FOLLOWER, s1|rpc:0.0.0.0:38407|dataStream:|priority:0|startupRole:FOLLOWER, s2|rpc:0.0.0.0:36687|dataStream:|priority:0|startupRole:FOLLOWER]|listeners:[], old=null RUNNING
2023-03-20 09:47:16,697 [Time-limited test] INFO  impl.MiniRaftCluster (MiniRaftCluster.java:shutdown(831)) - ************************************************************** 
2023-03-20 09:47:16,697 [Time-limited test] INFO  impl.MiniRaftCluster (MiniRaftCluster.java:shutdown(832)) - *** 
2023-03-20 09:47:16,697 [Time-limited test] INFO  impl.MiniRaftCluster (MiniRaftCluster.java:shutdown(833)) - ***     Stopping MiniRaftClusterWithGrpc
2023-03-20 09:47:16,697 [Time-limited test] INFO  impl.MiniRaftCluster (MiniRaftCluster.java:shutdown(834)) - *** 
2023-03-20 09:47:16,697 [Time-limited test] INFO  impl.MiniRaftCluster (MiniRaftCluster.java:shutdown(835)) - ************************************************************** 
2023-03-20 09:47:16,697 [Time-limited test] INFO  impl.MiniRaftCluster (MiniRaftCluster.java:shutdown(836)) - printing ALL groups
  s0:  RUNNING    LEADER s0@group-2D594602B191:t1, leader=s0, voted=s0, raftlog=Memoized:s0@group-2D594602B191-SegmentedRaftLog:OPENED:c258, conf=257: peers:[s0|rpc:localhost:45925|admin:localhost:44951|client:localhost:40615|dataStream:localhost:33373|priority:0|startupRole:FOLLOWER, s1|rpc:0.0.0.0:38407|dataStream:|priority:0|startupRole:FOLLOWER, s2|rpc:0.0.0.0:36687|dataStream:|priority:0|startupRole:FOLLOWER]|listeners:[], old=null RUNNING
  s1:  RUNNING  FOLLOWER s1@group-2D594602B191:t1, leader=s0, voted=null, raftlog=Memoized:s1@group-2D594602B191-SegmentedRaftLog:OPENED:c257, conf=257: peers:[s0|rpc:localhost:45925|admin:localhost:44951|client:localhost:40615|dataStream:localhost:33373|priority:0|startupRole:FOLLOWER, s1|rpc:0.0.0.0:38407|dataStream:|priority:0|startupRole:FOLLOWER, s2|rpc:0.0.0.0:36687|dataStream:|priority:0|startupRole:FOLLOWER]|listeners:[], old=null RUNNING
  s2:  RUNNING  FOLLOWER s2@group-2D594602B191:t1, leader=s0, voted=null, raftlog=Memoized:s2@group-2D594602B191-SegmentedRaftLog:OPENED:c255, conf=257: peers:[s0|rpc:localhost:45925|admin:localhost:44951|client:localhost:40615|dataStream:localhost:33373|priority:0|startupRole:FOLLOWER, s1|rpc:0.0.0.0:38407|dataStream:|priority:0|startupRole:FOLLOWER, s2|rpc:0.0.0.0:36687|dataStream:|priority:0|startupRole:FOLLOWER]|listeners:[], old=null RUNNING
2023-03-20 09:47:16,704 [MiniRaftCluster-13] INFO  server.RaftServer (RaftServerProxy.java:lambda$close$7(417)) - s0: close
2023-03-20 09:47:16,721 [MiniRaftCluster-14] INFO  server.RaftServer (RaftServerProxy.java:lambda$close$7(417)) - s1: close
2023-03-20 09:47:16,727 [MiniRaftCluster-13] INFO  server.GrpcService (GrpcService.java:closeImpl(311)) - s0: shutdown server org.apache.ratis.grpc.server.GrpcClientProtocolService now
2023-03-20 09:47:16,727 [MiniRaftCluster-15] INFO  server.RaftServer (RaftServerProxy.java:lambda$close$7(417)) - s2: close
2023-03-20 09:47:16,740 [s0-impl-thread1] INFO  server.RaftServer$Division (RaftServerImpl.java:lambda$close$4(466)) - s0@group-2D594602B191: shutdown
2023-03-20 09:47:16,740 [s0-impl-thread1] INFO  util.JmxRegister (JmxRegister.java:unregister(73)) - Successfully un-registered JMX Bean with object name Ratis:service=RaftServer,group=group-2D594602B191,id=s0
2023-03-20 09:47:16,741 [s0-impl-thread1] INFO  impl.RoleInfo (RoleInfo.java:shutdownLeaderState(93)) - s0: shutdown s0@group-2D594602B191-LeaderStateImpl
2023-03-20 09:47:16,728 [s1-impl-thread1] INFO  server.RaftServer$Division (RaftServerImpl.java:lambda$close$4(466)) - s1@group-2D594602B191: shutdown
2023-03-20 09:47:16,741 [s1-impl-thread1] INFO  util.JmxRegister (JmxRegister.java:unregister(73)) - Successfully un-registered JMX Bean with object name Ratis:service=RaftServer,group=group-2D594602B191,id=s1
2023-03-20 09:47:16,741 [s1-impl-thread1] INFO  impl.RoleInfo (RoleInfo.java:shutdownFollowerState(110)) - s1: shutdown s1@group-2D594602B191-FollowerState
2023-03-20 09:47:16,741 [s1-impl-thread1] INFO  impl.StateMachineUpdater (StateMachineUpdater.java:stopAndJoin(154)) - s1@group-2D594602B191-StateMachineUpdater: set stopIndex = 257
2023-03-20 09:47:16,728 [MiniRaftCluster-14] INFO  server.GrpcService (GrpcService.java:closeImpl(311)) - s1: shutdown server GrpcServerProtocolService now
2023-03-20 09:47:16,741 [s1@group-2D594602B191-FollowerState] INFO  impl.FollowerState (FollowerState.java:run(152)) - s1@group-2D594602B191-FollowerState was interrupted
2023-03-20 09:47:16,744 [s0-impl-thread1] INFO  impl.PendingRequests (PendingRequests.java:sendNotLeaderResponses(289)) - s0@group-2D594602B191-PendingRequests: sendNotLeaderResponses
2023-03-20 09:47:16,745 [grpc-default-executor-1] INFO  server.GrpcServerProtocolService (GrpcServerProtocolService.java:onCompleted(145)) - s1: Completed APPEND_ENTRIES, lastRequest: null
2023-03-20 09:47:16,745 [grpc-default-executor-0] INFO  server.GrpcServerProtocolService (GrpcServerProtocolService.java:onCompleted(145)) - s1: Completed APPEND_ENTRIES, lastRequest: s0->s1#628-t1,previous=(t:1, i:257),leaderCommit=257,initializing? true,entries: size=1, first=(t:1, i:258), METADATAENTRY(c:257)
2023-03-20 09:47:16,746 [grpc-default-executor-0] INFO  server.GrpcServerProtocolService (GrpcServerProtocolService.java:onCompleted(145)) - s2: Completed APPEND_ENTRIES, lastRequest: s0->s2#331-t1,previous=(t:1, i:257),leaderCommit=257,initializing? true,entries: size=1, first=(t:1, i:258), METADATAENTRY(c:257)
2023-03-20 09:47:16,746 [grpc-default-executor-1] INFO  server.GrpcServerProtocolService (GrpcServerProtocolService.java:onCompleted(145)) - s2: Completed APPEND_ENTRIES, lastRequest: null
2023-03-20 09:47:16,747 [grpc-default-executor-1] INFO  server.GrpcLogAppender (GrpcLogAppender.java:onCompleted(422)) - s0@group-2D594602B191->s1-AppendLogResponseHandler: follower responses appendEntries COMPLETED
2023-03-20 09:47:16,747 [grpc-default-executor-1] INFO  leader.FollowerInfo (FollowerInfoImpl.java:lambda$new$0(52)) - s0@group-2D594602B191->s1: decreaseNextIndex nextIndex: updateUnconditionally 259 -> 258
2023-03-20 09:47:16,747 [grpc-default-executor-1] INFO  server.GrpcLogAppender (GrpcLogAppender.java:onCompleted(422)) - s0@group-2D594602B191->s2-AppendLogResponseHandler: follower responses appendEntries COMPLETED
2023-03-20 09:47:16,747 [grpc-default-executor-1] INFO  leader.FollowerInfo (FollowerInfoImpl.java:lambda$new$0(52)) - s0@group-2D594602B191->s2: decreaseNextIndex nextIndex: updateUnconditionally 259 -> 258
2023-03-20 09:47:16,756 [s1@group-2D594602B191-StateMachineUpdater] INFO  impl.StateMachineUpdater (StateMachineUpdater.java:takeSnapshot(290)) - s1@group-2D594602B191-StateMachineUpdater: Took a snapshot at index 257
2023-03-20 09:47:16,757 [s1@group-2D594602B191-StateMachineUpdater] INFO  impl.StateMachineUpdater (StateMachineUpdater.java:lambda$new$0(96)) - s1@group-2D594602B191-StateMachineUpdater: snapshotIndex: updateIncreasingly 255 -> 257
2023-03-20 09:47:16,757 [s1-impl-thread1] INFO  server.RaftServer$Division (ServerState.java:close(413)) - s1@group-2D594602B191: applyIndex: 257
2023-03-20 09:47:16,771 [MiniRaftCluster-15] INFO  server.GrpcService (GrpcService.java:closeImpl(311)) - s2: shutdown server GrpcServerProtocolService now
2023-03-20 09:47:16,771 [s2-impl-thread1] INFO  server.RaftServer$Division (RaftServerImpl.java:lambda$close$4(466)) - s2@group-2D594602B191: shutdown
2023-03-20 09:47:16,771 [s2-impl-thread1] INFO  util.JmxRegister (JmxRegister.java:unregister(73)) - Successfully un-registered JMX Bean with object name Ratis:service=RaftServer,group=group-2D594602B191,id=s2
2023-03-20 09:47:16,771 [s2-impl-thread1] INFO  impl.RoleInfo (RoleInfo.java:shutdownFollowerState(110)) - s2: shutdown s2@group-2D594602B191-FollowerState
2023-03-20 09:47:16,771 [s2-impl-thread1] INFO  impl.StateMachineUpdater (StateMachineUpdater.java:stopAndJoin(154)) - s2@group-2D594602B191-StateMachineUpdater: set stopIndex = 257
2023-03-20 09:47:16,771 [s2@group-2D594602B191-FollowerState] INFO  impl.FollowerState (FollowerState.java:run(152)) - s2@group-2D594602B191-FollowerState was interrupted
2023-03-20 09:47:16,773 [grpc-default-executor-0] INFO  server.GrpcLogAppender (GrpcLogAppender.java:onCompleted(422)) - s0@group-2D594602B191->s1-AppendLogResponseHandler: follower responses appendEntries COMPLETED
2023-03-20 09:47:16,773 [grpc-default-executor-0] INFO  leader.FollowerInfo (FollowerInfoImpl.java:lambda$new$0(52)) - s0@group-2D594602B191->s1: decreaseNextIndex nextIndex: updateUnconditionally 258 -> 257
2023-03-20 09:47:16,773 [grpc-default-executor-1] INFO  server.GrpcLogAppender (GrpcLogAppender.java:onCompleted(422)) - s0@group-2D594602B191->s2-AppendLogResponseHandler: follower responses appendEntries COMPLETED
2023-03-20 09:47:16,773 [Thread-174] INFO  server.GrpcServerProtocolClient (GrpcServerProtocolClient.java:close(102)) - s1 Close channels
2023-03-20 09:47:16,773 [Thread-175] INFO  server.GrpcServerProtocolClient (GrpcServerProtocolClient.java:close(102)) - s2 Close channels
2023-03-20 09:47:16,773 [grpc-default-executor-1] INFO  leader.FollowerInfo (FollowerInfoImpl.java:lambda$new$0(52)) - s0@group-2D594602B191->s2: decreaseNextIndex nextIndex: updateUnconditionally 258 -> 257
2023-03-20 09:47:16,795 [MiniRaftCluster-14] INFO  server.GrpcService (GrpcService.java:closeImpl(320)) - s1: shutdown server GrpcServerProtocolService successfully
2023-03-20 09:47:16,804 [s0-impl-thread1] INFO  impl.StateMachineUpdater (StateMachineUpdater.java:stopAndJoin(154)) - s0@group-2D594602B191-StateMachineUpdater: set stopIndex = 258
2023-03-20 09:47:16,817 [MiniRaftCluster-13] INFO  server.GrpcService (GrpcService.java:closeImpl(320)) - s0: shutdown server org.apache.ratis.grpc.server.GrpcClientProtocolService successfully
2023-03-20 09:47:16,817 [MiniRaftCluster-13] INFO  server.GrpcService (GrpcService.java:closeImpl(311)) - s0: shutdown server GrpcServerProtocolService now
2023-03-20 09:47:16,820 [s0@group-2D594602B191-StateMachineUpdater] INFO  impl.StateMachineUpdater (StateMachineUpdater.java:takeSnapshot(290)) - s0@group-2D594602B191-StateMachineUpdater: Took a snapshot at index 258
2023-03-20 09:47:16,820 [s0@group-2D594602B191-StateMachineUpdater] INFO  impl.StateMachineUpdater (StateMachineUpdater.java:lambda$new$0(96)) - s0@group-2D594602B191-StateMachineUpdater: snapshotIndex: updateIncreasingly 255 -> 258
2023-03-20 09:47:16,821 [s0-impl-thread1] INFO  server.RaftServer$Division (ServerState.java:close(413)) - s0@group-2D594602B191: applyIndex: 258
2023-03-20 09:47:16,840 [MiniRaftCluster-15] INFO  server.GrpcService (GrpcService.java:closeImpl(320)) - s2: shutdown server GrpcServerProtocolService successfully
2023-03-20 09:47:16,841 [MiniRaftCluster-13] INFO  server.GrpcService (GrpcService.java:closeImpl(320)) - s0: shutdown server GrpcServerProtocolService successfully
2023-03-20 09:47:16,842 [MiniRaftCluster-13] INFO  server.GrpcService (GrpcService.java:closeImpl(311)) - s0: shutdown server org.apache.ratis.grpc.server.GrpcAdminProtocolService now
2023-03-20 09:47:16,864 [MiniRaftCluster-13] INFO  server.GrpcService (GrpcService.java:closeImpl(320)) - s0: shutdown server org.apache.ratis.grpc.server.GrpcAdminProtocolService successfully
2023-03-20 09:47:17,676 [s0-impl-thread1] INFO  segmented.SegmentedRaftLogWorker (SegmentedRaftLogWorker.java:close(242)) - s0@group-2D594602B191-SegmentedRaftLogWorker close()
2023-03-20 09:47:17,680 [s1-impl-thread1] INFO  segmented.SegmentedRaftLogWorker (SegmentedRaftLogWorker.java:close(242)) - s1@group-2D594602B191-SegmentedRaftLogWorker close()
2023-03-20 09:47:17,680 [JvmPauseMonitor6] INFO  util.JvmPauseMonitor (JvmPauseMonitor.java:run(109)) - JvmPauseMonitor-s0: Stopped
2023-03-20 09:47:17,681 [JvmPauseMonitor7] INFO  util.JvmPauseMonitor (JvmPauseMonitor.java:run(109)) - JvmPauseMonitor-s1: Stopped
2023-03-20 09:47:21,721 [Time-limited test] INFO  impl.MiniRaftCluster (MiniRaftCluster.java:shutdown(855)) - MiniRaftClusterWithGrpc shutdown completed
2023-03-20 09:47:21,721 [Time-limited test] INFO  impl.MiniRaftCluster (MiniRaftCluster.java:shutdown(831)) - ************************************************************** 
2023-03-20 09:47:21,721 [Time-limited test] INFO  impl.MiniRaftCluster (MiniRaftCluster.java:shutdown(832)) - *** 
2023-03-20 09:47:21,721 [Time-limited test] INFO  impl.MiniRaftCluster (MiniRaftCluster.java:shutdown(833)) - ***     Stopping MiniRaftClusterWithGrpc
2023-03-20 09:47:21,721 [Time-limited test] INFO  impl.MiniRaftCluster (MiniRaftCluster.java:shutdown(834)) - *** 
2023-03-20 09:47:21,721 [Time-limited test] INFO  impl.MiniRaftCluster (MiniRaftCluster.java:shutdown(835)) - ************************************************************** 
2023-03-20 09:47:21,721 [Time-limited test] INFO  impl.MiniRaftCluster (MiniRaftCluster.java:shutdown(836)) - printing ALL groups
  s0:   CLOSED    LEADER s0@group-2D594602B191:t1, leader=s0, voted=s0, raftlog=Memoized:s0@group-2D594602B191-SegmentedRaftLog:CLOSED:c258, conf=257: peers:[s0|rpc:localhost:45925|admin:localhost:44951|client:localhost:40615|dataStream:localhost:33373|priority:0|startupRole:FOLLOWER, s1|rpc:0.0.0.0:38407|dataStream:|priority:0|startupRole:FOLLOWER, s2|rpc:0.0.0.0:36687|dataStream:|priority:0|startupRole:FOLLOWER]|listeners:[], old=null CLOSED
  s1:   CLOSED  FOLLOWER s1@group-2D594602B191:t1, leader=s0, voted=null, raftlog=Memoized:s1@group-2D594602B191-SegmentedRaftLog:CLOSED:c257, conf=257: peers:[s0|rpc:localhost:45925|admin:localhost:44951|client:localhost:40615|dataStream:localhost:33373|priority:0|startupRole:FOLLOWER, s1|rpc:0.0.0.0:38407|dataStream:|priority:0|startupRole:FOLLOWER, s2|rpc:0.0.0.0:36687|dataStream:|priority:0|startupRole:FOLLOWER]|listeners:[], old=null CLOSED
  s2:  CLOSING  FOLLOWER s2@group-2D594602B191:t1, leader=s0, voted=null, raftlog=Memoized:s2@group-2D594602B191-SegmentedRaftLog:OPENED:c257, conf=257: peers:[s0|rpc:localhost:45925|admin:localhost:44951|client:localhost:40615|dataStream:localhost:33373|priority:0|startupRole:FOLLOWER, s1|rpc:0.0.0.0:38407|dataStream:|priority:0|startupRole:FOLLOWER, s2|rpc:0.0.0.0:36687|dataStream:|priority:0|startupRole:FOLLOWER]|listeners:[], old=null CLOSING
2023-03-20 09:47:21,725 [JvmPauseMonitor8] INFO  util.JvmPauseMonitor (JvmPauseMonitor.java:run(109)) - JvmPauseMonitor-s2: Stopped
2023-03-20 09:47:21,725 [Time-limited test] INFO  impl.MiniRaftCluster (MiniRaftCluster.java:shutdown(855)) - MiniRaftClusterWithGrpc shutdown completed
]]></system-out>
  </testcase>
  <testcase name="testSeparateSnapshotInstallPath[1]" classname="org.apache.ratis.grpc.TestLeaderInstallSnapshot" time="2.227"/>
</testsuite>