<?xml version="1.0" encoding="UTF-8"?>
<testsuite xmlns:xsi="http://www.w3.org/2001/XMLSchema-instance" xsi:noNamespaceSchemaLocation="https://maven.apache.org/surefire/maven-surefire-plugin/xsd/surefire-test-report.xsd" name="org.apache.ratis.server.simulation.TestServerRestartWithSimulatedRpc" time="6.025" tests="5" errors="0" skipped="0" failures="1">
  <properties>
    <property name="awt.toolkit" value="sun.awt.X11.XToolkit"/>
    <property name="file.encoding.pkg" value="sun.io"/>
    <property name="java.specification.version" value="1.8"/>
    <property name="sun.cpu.isalist" value=""/>
    <property name="sun.jnu.encoding" value="UTF-8"/>
    <property name="java.class.path" value="/home/runner/work/ratis/ratis/ratis-test/target/test-classes:/home/runner/work/ratis/ratis/ratis-test/target/classes:/home/runner/work/ratis/ratis/ratis-common/target/classes:/home/runner/.m2/repository/org/apache/ratis/ratis-thirdparty-misc/1.0.1/ratis-thirdparty-misc-1.0.1.jar:/home/runner/work/ratis/ratis/ratis-proto/target/ratis-proto-3.0.0-SNAPSHOT.jar:/home/runner/work/ratis/ratis/ratis-common/target/test-classes:/home/runner/work/ratis/ratis/ratis-client/target/classes:/home/runner/work/ratis/ratis/ratis-server/target/classes:/home/runner/work/ratis/ratis/ratis-server-api/target/classes:/home/runner/work/ratis/ratis/ratis-metrics/target/classes:/home/runner/work/ratis/ratis/ratis-server/target/test-classes:/home/runner/work/ratis/ratis/ratis-netty/target/classes:/home/runner/work/ratis/ratis/ratis-netty/target/test-classes:/home/runner/work/ratis/ratis/ratis-grpc/target/classes:/home/runner/work/ratis/ratis/ratis-grpc/target/test-classes:/home/runner/.m2/repository/org/slf4j/slf4j-api/1.7.29/slf4j-api-1.7.29.jar:/home/runner/.m2/repository/org/slf4j/slf4j-log4j12/1.7.29/slf4j-log4j12-1.7.29.jar:/home/runner/.m2/repository/log4j/log4j/1.2.17/log4j-1.2.17.jar:/home/runner/.m2/repository/junit/junit/4.13.2/junit-4.13.2.jar:/home/runner/.m2/repository/org/hamcrest/hamcrest-core/1.3/hamcrest-core-1.3.jar:/home/runner/.m2/repository/org/mockito/mockito-core/4.3.1/mockito-core-4.3.1.jar:/home/runner/.m2/repository/net/bytebuddy/byte-buddy/1.12.7/byte-buddy-1.12.7.jar:/home/runner/.m2/repository/net/bytebuddy/byte-buddy-agent/1.12.7/byte-buddy-agent-1.12.7.jar:/home/runner/.m2/repository/org/objenesis/objenesis/3.2/objenesis-3.2.jar:/home/runner/work/ratis/ratis/ratis-shell/target/classes:/home/runner/.m2/repository/commons-cli/commons-cli/1.5.0/commons-cli-1.5.0.jar:/home/runner/.m2/repository/org/reflections/reflections/0.10.2/reflections-0.10.2.jar:/home/runner/.m2/repository/org/javassist/javassist/3.28.0-GA/javassist-3.28.0-GA.jar:/home/runner/.m2/repository/com/google/code/findbugs/jsr305/3.0.2/jsr305-3.0.2.jar:"/>
    <property name="java.vm.vendor" value="Temurin"/>
    <property name="sun.arch.data.model" value="64"/>
    <property name="java.vendor.url" value="https://adoptium.net/"/>
    <property name="user.timezone" value=""/>
    <property name="java.vm.specification.version" value="1.8"/>
    <property name="os.name" value="Linux"/>
    <property name="sun.java.launcher" value="SUN_STANDARD"/>
    <property name="sun.boot.library.path" value="/usr/lib/jvm/temurin-8-jdk-amd64/jre/lib/amd64"/>
    <property name="sun.java.command" value="/home/runner/work/ratis/ratis/ratis-test/target/surefire/surefirebooter4254336060687476358.jar /home/runner/work/ratis/ratis/ratis-test/target/surefire 2022-08-09T05-41-34_291-jvmRun1 surefire4355923631252918323tmp surefire_122635436674310159807tmp"/>
    <property name="surefire.test.class.path" value="/home/runner/work/ratis/ratis/ratis-test/target/test-classes:/home/runner/work/ratis/ratis/ratis-test/target/classes:/home/runner/work/ratis/ratis/ratis-common/target/classes:/home/runner/.m2/repository/org/apache/ratis/ratis-thirdparty-misc/1.0.1/ratis-thirdparty-misc-1.0.1.jar:/home/runner/work/ratis/ratis/ratis-proto/target/ratis-proto-3.0.0-SNAPSHOT.jar:/home/runner/work/ratis/ratis/ratis-common/target/test-classes:/home/runner/work/ratis/ratis/ratis-client/target/classes:/home/runner/work/ratis/ratis/ratis-server/target/classes:/home/runner/work/ratis/ratis/ratis-server-api/target/classes:/home/runner/work/ratis/ratis/ratis-metrics/target/classes:/home/runner/work/ratis/ratis/ratis-server/target/test-classes:/home/runner/work/ratis/ratis/ratis-netty/target/classes:/home/runner/work/ratis/ratis/ratis-netty/target/test-classes:/home/runner/work/ratis/ratis/ratis-grpc/target/classes:/home/runner/work/ratis/ratis/ratis-grpc/target/test-classes:/home/runner/.m2/repository/org/slf4j/slf4j-api/1.7.29/slf4j-api-1.7.29.jar:/home/runner/.m2/repository/org/slf4j/slf4j-log4j12/1.7.29/slf4j-log4j12-1.7.29.jar:/home/runner/.m2/repository/log4j/log4j/1.2.17/log4j-1.2.17.jar:/home/runner/.m2/repository/junit/junit/4.13.2/junit-4.13.2.jar:/home/runner/.m2/repository/org/hamcrest/hamcrest-core/1.3/hamcrest-core-1.3.jar:/home/runner/.m2/repository/org/mockito/mockito-core/4.3.1/mockito-core-4.3.1.jar:/home/runner/.m2/repository/net/bytebuddy/byte-buddy/1.12.7/byte-buddy-1.12.7.jar:/home/runner/.m2/repository/net/bytebuddy/byte-buddy-agent/1.12.7/byte-buddy-agent-1.12.7.jar:/home/runner/.m2/repository/org/objenesis/objenesis/3.2/objenesis-3.2.jar:/home/runner/work/ratis/ratis/ratis-shell/target/classes:/home/runner/.m2/repository/commons-cli/commons-cli/1.5.0/commons-cli-1.5.0.jar:/home/runner/.m2/repository/org/reflections/reflections/0.10.2/reflections-0.10.2.jar:/home/runner/.m2/repository/org/javassist/javassist/3.28.0-GA/javassist-3.28.0-GA.jar:/home/runner/.m2/repository/com/google/code/findbugs/jsr305/3.0.2/jsr305-3.0.2.jar:"/>
    <property name="sun.cpu.endian" value="little"/>
    <property name="user.home" value="/home/runner"/>
    <property name="user.language" value="en"/>
    <property name="java.specification.vendor" value="Oracle Corporation"/>
    <property name="java.home" value="/usr/lib/jvm/temurin-8-jdk-amd64/jre"/>
    <property name="basedir" value="/home/runner/work/ratis/ratis/ratis-test"/>
    <property name="file.separator" value="/"/>
    <property name="line.separator" value="&#10;"/>
    <property name="java.vm.specification.vendor" value="Oracle Corporation"/>
    <property name="java.specification.name" value="Java Platform API Specification"/>
    <property name="java.awt.graphicsenv" value="sun.awt.X11GraphicsEnvironment"/>
    <property name="surefire.real.class.path" value="/home/runner/work/ratis/ratis/ratis-test/target/surefire/surefirebooter4254336060687476358.jar"/>
    <property name="sun.boot.class.path" value="/usr/lib/jvm/temurin-8-jdk-amd64/jre/lib/resources.jar:/usr/lib/jvm/temurin-8-jdk-amd64/jre/lib/rt.jar:/usr/lib/jvm/temurin-8-jdk-amd64/jre/lib/sunrsasign.jar:/usr/lib/jvm/temurin-8-jdk-amd64/jre/lib/jsse.jar:/usr/lib/jvm/temurin-8-jdk-amd64/jre/lib/jce.jar:/usr/lib/jvm/temurin-8-jdk-amd64/jre/lib/charsets.jar:/usr/lib/jvm/temurin-8-jdk-amd64/jre/lib/jfr.jar:/usr/lib/jvm/temurin-8-jdk-amd64/jre/classes"/>
    <property name="sun.management.compiler" value="HotSpot 64-Bit Tiered Compilers"/>
    <property name="java.runtime.version" value="1.8.0_332-b09"/>
    <property name="java.net.preferIPv4Stack" value="true"/>
    <property name="user.name" value="runner"/>
    <property name="path.separator" value=":"/>
    <property name="os.version" value="5.4.0-1086-azure"/>
    <property name="java.endorsed.dirs" value="/usr/lib/jvm/temurin-8-jdk-amd64/jre/lib/endorsed"/>
    <property name="java.runtime.name" value="OpenJDK Runtime Environment"/>
    <property name="file.encoding" value="UTF-8"/>
    <property name="java.vm.name" value="OpenJDK 64-Bit Server VM"/>
    <property name="localRepository" value="/home/runner/.m2/repository"/>
    <property name="java.vendor.url.bug" value="https://github.com/adoptium/adoptium-support/issues"/>
    <property name="java.io.tmpdir" value="/tmp"/>
    <property name="java.version" value="1.8.0_332"/>
    <property name="user.dir" value="/home/runner/work/ratis/ratis/ratis-test"/>
    <property name="os.arch" value="amd64"/>
    <property name="ratis.tmp.dir" value="/home/runner/work/ratis/ratis/ratis-test/target/tmp"/>
    <property name="java.vm.specification.name" value="Java Virtual Machine Specification"/>
    <property name="java.awt.printerjob" value="sun.print.PSPrinterJob"/>
    <property name="ratis.log.dir" value="/home/runner/work/ratis/ratis/ratis-test/target/log"/>
    <property name="sun.os.patch.level" value="unknown"/>
    <property name="java.library.path" value="/usr/java/packages/lib/amd64:/usr/lib64:/lib64:/lib:/usr/lib"/>
    <property name="java.vm.info" value="mixed mode"/>
    <property name="java.vendor" value="Temurin"/>
    <property name="java.vm.version" value="25.332-b09"/>
    <property name="java.ext.dirs" value="/usr/lib/jvm/temurin-8-jdk-amd64/jre/lib/ext:/usr/java/packages/lib/ext"/>
    <property name="sun.io.unicode.encoding" value="UnicodeLittle"/>
    <property name="java.class.version" value="52.0"/>
  </properties>
  <testcase name="testRestartWithCorruptedLogHeader" classname="org.apache.ratis.server.simulation.TestServerRestartWithSimulatedRpc" time="1.465"/>
  <testcase name="testRestartWithCorruptedLogEntryWithWarnAndReturn" classname="org.apache.ratis.server.simulation.TestServerRestartWithSimulatedRpc" time="1.045"/>
  <testcase name="testRestartCommitIndex" classname="org.apache.ratis.server.simulation.TestServerRestartWithSimulatedRpc" time="0.628"/>
  <testcase name="testRestartFollower" classname="org.apache.ratis.server.simulation.TestServerRestartWithSimulatedRpc" time="1.949">
    <failure message="expected:&lt;38&gt; but was:&lt;39&gt;" type="java.lang.AssertionError"><![CDATA[java.lang.AssertionError: expected:<38> but was:<39>
	at org.junit.Assert.fail(Assert.java:89)
	at org.junit.Assert.failNotEquals(Assert.java:835)
	at org.junit.Assert.assertEquals(Assert.java:647)
	at org.junit.Assert.assertEquals(Assert.java:633)
	at org.apache.ratis.server.ServerRestartTests.assertTruncatedLog(ServerRestartTests.java:169)
	at org.apache.ratis.server.ServerRestartTests.runTestRestartFollower(ServerRestartTests.java:133)
	at org.apache.ratis.server.impl.MiniRaftCluster$Factory$Get.runWithNewCluster(MiniRaftCluster.java:138)
	at org.apache.ratis.server.impl.MiniRaftCluster$Factory$Get.runWithNewCluster(MiniRaftCluster.java:118)
	at org.apache.ratis.server.ServerRestartTests.testRestartFollower(ServerRestartTests.java:88)
	at sun.reflect.NativeMethodAccessorImpl.invoke0(Native Method)
	at sun.reflect.NativeMethodAccessorImpl.invoke(NativeMethodAccessorImpl.java:62)
	at sun.reflect.DelegatingMethodAccessorImpl.invoke(DelegatingMethodAccessorImpl.java:43)
	at java.lang.reflect.Method.invoke(Method.java:498)
	at org.junit.runners.model.FrameworkMethod$1.runReflectiveCall(FrameworkMethod.java:59)
	at org.junit.internal.runners.model.ReflectiveCallable.run(ReflectiveCallable.java:12)
	at org.junit.runners.model.FrameworkMethod.invokeExplosively(FrameworkMethod.java:56)
	at org.junit.internal.runners.statements.InvokeMethod.evaluate(InvokeMethod.java:17)
	at org.junit.internal.runners.statements.RunAfters.evaluate(RunAfters.java:27)
	at org.junit.internal.runners.statements.FailOnTimeout$CallableStatement.call(FailOnTimeout.java:299)
	at org.junit.internal.runners.statements.FailOnTimeout$CallableStatement.call(FailOnTimeout.java:293)
	at java.util.concurrent.FutureTask.run(FutureTask.java:266)
	at java.lang.Thread.run(Thread.java:750)
]]></failure>
    <system-out><![CDATA[2022-08-09 05:43:03,296 [main] INFO  util.LogUtils (Log4jUtils.java:setLogLevel(32)) - Set org.apache.ratis.conf.ConfUtils log level to WARN
2022-08-09 05:43:03,297 [main] INFO  util.LogUtils (Log4jUtils.java:setLogLevel(32)) - Set org.apache.ratis.util.FileUtils log level to TRACE
2022-08-09 05:43:03,297 [main] INFO  util.LogUtils (Log4jUtils.java:setLogLevel(32)) - Set org.apache.ratis.server.raftlog.RaftLog log level to DEBUG
2022-08-09 05:43:03,297 [Time-limited test] INFO  impl.MiniRaftCluster (MiniRaftCluster.java:runWithNewCluster(132)) - Running runWithNewCluster
2022-08-09 05:43:03,297 [Time-limited test] INFO  simulation.MiniRaftClusterWithSimulatedRpc (ConfUtils.java:logGet(46)) - org.apache.ratis.server.simulation.SimulatedRequestReply.simulateLatencyMs = 0 (custom)
2022-08-09 05:43:03,298 [Time-limited test] INFO  impl.MiniRaftCluster (MiniRaftCluster.java:<init>(303)) - new MiniRaftClusterWithSimulatedRpc with group-A8EB2453EBF5:[s0|rpc:localhost:41673|admin:localhost:42127|client:localhost:45967|dataStream:localhost:35821|priority:0|startupRole:FOLLOWER, s1|rpc:localhost:44243|admin:localhost:33637|client:localhost:46107|dataStream:localhost:39503|priority:0|startupRole:FOLLOWER, s2|rpc:localhost:39945|admin:localhost:41877|client:localhost:34005|dataStream:localhost:37913|priority:0|startupRole:FOLLOWER]
2022-08-09 05:43:03,298 [Time-limited test] INFO  impl.MiniRaftCluster (MiniRaftCluster.java:start(336)) - .............................................................. 
2022-08-09 05:43:03,298 [Time-limited test] INFO  impl.MiniRaftCluster (MiniRaftCluster.java:start(337)) - ... 
2022-08-09 05:43:03,298 [Time-limited test] INFO  impl.MiniRaftCluster (MiniRaftCluster.java:start(338)) - ...     Starting MiniRaftClusterWithSimulatedRpc
2022-08-09 05:43:03,298 [Time-limited test] INFO  impl.MiniRaftCluster (MiniRaftCluster.java:start(339)) - ... 
2022-08-09 05:43:03,298 [Time-limited test] INFO  impl.MiniRaftCluster (MiniRaftCluster.java:start(340)) - .............................................................. 
2022-08-09 05:43:03,298 [Time-limited test] INFO  impl.MiniRaftCluster (MiniRaftCluster.java:initServers(315)) - servers = {}
2022-08-09 05:43:03,298 [Time-limited test] INFO  impl.MiniRaftCluster (MiniRaftCluster.java:newRaftServer(379)) - newRaftServer: s0, group-A8EB2453EBF5:[s0|rpc:localhost:41673|admin:localhost:42127|client:localhost:45967|dataStream:localhost:35821|priority:0|startupRole:FOLLOWER, s1|rpc:localhost:44243|admin:localhost:33637|client:localhost:46107|dataStream:localhost:39503|priority:0|startupRole:FOLLOWER, s2|rpc:localhost:39945|admin:localhost:41877|client:localhost:34005|dataStream:localhost:37913|priority:0|startupRole:FOLLOWER], format? true
2022-08-09 05:43:03,298 [Time-limited test] TRACE util.FileUtils (FileUtils.java:deleteFully(162)) - deleteFully target/test/data/2baaa1de/MiniRaftClusterWithSimulatedRpc3b4f24d4/s0
2022-08-09 05:43:03,299 [Time-limited test] TRACE util.FileUtils (FileUtils.java:deleteFully(178)) - deleteFully: target/test/data/2baaa1de/MiniRaftClusterWithSimulatedRpc3b4f24d4/s0 does not exist.
2022-08-09 05:43:03,299 [Time-limited test] INFO  impl.MiniRaftCluster (MiniRaftCluster.java:newRaftServer(384)) - Formatted directory target/test/data/2baaa1de/MiniRaftClusterWithSimulatedRpc3b4f24d4/s0
2022-08-09 05:43:03,299 [Time-limited test] INFO  server.RaftServer (ConfUtils.java:logGet(46)) - raft.rpc.type = org.apache.ratis.server.simulation.SimulatedRpc (custom)
2022-08-09 05:43:03,299 [Time-limited test] INFO  impl.DataStreamServerImpl (ConfUtils.java:logGet(46)) - raft.datastream.type = DISABLED (default)
2022-08-09 05:43:03,300 [Time-limited test] INFO  server.RaftServerConfigKeys (ConfUtils.java:logGet(46)) - raft.server.threadpool.proxy.cached = true (default)
2022-08-09 05:43:03,300 [Time-limited test] INFO  server.RaftServerConfigKeys (ConfUtils.java:logGet(46)) - raft.server.threadpool.proxy.size = 0 (default)
2022-08-09 05:43:03,300 [Time-limited test] INFO  server.RaftServerConfigKeys (ConfUtils.java:logGet(46)) - raft.server.rpc.slowness.timeout = 60s (default)
2022-08-09 05:43:03,300 [Time-limited test] INFO  server.RaftServerConfigKeys (ConfUtils.java:logGet(46)) - raft.server.leaderelection.leader.step-down.wait-time = 10s (default)
2022-08-09 05:43:03,300 [Time-limited test] INFO  server.RaftServerConfigKeys (ConfUtils.java:logGet(46)) - raft.server.storage.dir = [/home/runner/work/ratis/ratis/ratis-test/target/test/data/2baaa1de/MiniRaftClusterWithSimulatedRpc3b4f24d4/s0] (custom)
2022-08-09 05:43:03,304 [Time-limited test] INFO  server.RaftServer (RaftServerProxy.java:addNew(96)) - s0: addNew group-A8EB2453EBF5:[s0|rpc:localhost:41673|admin:localhost:42127|client:localhost:45967|dataStream:localhost:35821|priority:0|startupRole:FOLLOWER, s1|rpc:localhost:44243|admin:localhost:33637|client:localhost:46107|dataStream:localhost:39503|priority:0|startupRole:FOLLOWER, s2|rpc:localhost:39945|admin:localhost:41877|client:localhost:34005|dataStream:localhost:37913|priority:0|startupRole:FOLLOWER] returns group-A8EB2453EBF5:java.util.concurrent.CompletableFuture@53a05815[Not completed]
2022-08-09 05:43:03,304 [Time-limited test] INFO  impl.MiniRaftCluster (MiniRaftCluster.java:newRaftServer(379)) - newRaftServer: s1, group-A8EB2453EBF5:[s0|rpc:localhost:41673|admin:localhost:42127|client:localhost:45967|dataStream:localhost:35821|priority:0|startupRole:FOLLOWER, s1|rpc:localhost:44243|admin:localhost:33637|client:localhost:46107|dataStream:localhost:39503|priority:0|startupRole:FOLLOWER, s2|rpc:localhost:39945|admin:localhost:41877|client:localhost:34005|dataStream:localhost:37913|priority:0|startupRole:FOLLOWER], format? true
2022-08-09 05:43:03,304 [Time-limited test] TRACE util.FileUtils (FileUtils.java:deleteFully(162)) - deleteFully target/test/data/2baaa1de/MiniRaftClusterWithSimulatedRpc3b4f24d4/s1
2022-08-09 05:43:03,304 [Time-limited test] TRACE util.FileUtils (FileUtils.java:deleteFully(178)) - deleteFully: target/test/data/2baaa1de/MiniRaftClusterWithSimulatedRpc3b4f24d4/s1 does not exist.
2022-08-09 05:43:03,304 [Time-limited test] INFO  impl.MiniRaftCluster (MiniRaftCluster.java:newRaftServer(384)) - Formatted directory target/test/data/2baaa1de/MiniRaftClusterWithSimulatedRpc3b4f24d4/s1
2022-08-09 05:43:03,304 [Time-limited test] INFO  server.RaftServer (ConfUtils.java:logGet(46)) - raft.rpc.type = org.apache.ratis.server.simulation.SimulatedRpc (custom)
2022-08-09 05:43:03,305 [Time-limited test] INFO  impl.DataStreamServerImpl (ConfUtils.java:logGet(46)) - raft.datastream.type = DISABLED (default)
2022-08-09 05:43:03,305 [Time-limited test] INFO  server.RaftServerConfigKeys (ConfUtils.java:logGet(46)) - raft.server.threadpool.proxy.cached = true (default)
2022-08-09 05:43:03,305 [Time-limited test] INFO  server.RaftServerConfigKeys (ConfUtils.java:logGet(46)) - raft.server.threadpool.proxy.size = 0 (default)
2022-08-09 05:43:03,305 [Time-limited test] INFO  server.RaftServerConfigKeys (ConfUtils.java:logGet(46)) - raft.server.rpc.slowness.timeout = 60s (default)
2022-08-09 05:43:03,305 [Time-limited test] INFO  server.RaftServerConfigKeys (ConfUtils.java:logGet(46)) - raft.server.leaderelection.leader.step-down.wait-time = 10s (default)
2022-08-09 05:43:03,305 [Time-limited test] INFO  server.RaftServerConfigKeys (ConfUtils.java:logGet(46)) - raft.server.storage.dir = [/home/runner/work/ratis/ratis/ratis-test/target/test/data/2baaa1de/MiniRaftClusterWithSimulatedRpc3b4f24d4/s1] (custom)
2022-08-09 05:43:03,305 [pool-36-thread-1] INFO  server.RaftServerConfigKeys (ConfUtils.java:logGet(46)) - raft.server.log.segment.size.max = 8MB (=8388608) (default)
2022-08-09 05:43:03,305 [pool-36-thread-1] INFO  server.RaftServerConfigKeys (ConfUtils.java:logGet(46)) - raft.server.log.preallocated.size = 4MB (=4194304) (default)
2022-08-09 05:43:03,305 [pool-36-thread-1] INFO  server.RaftServerConfigKeys (ConfUtils.java:logGet(46)) - raft.server.log.write.buffer.size = 64KB (=65536) (default)
2022-08-09 05:43:03,306 [pool-36-thread-1] INFO  server.RaftServer$Division (RaftServerImpl.java:<init>(192)) - s0: new RaftServerImpl for group-A8EB2453EBF5:[s0|rpc:localhost:41673|admin:localhost:42127|client:localhost:45967|dataStream:localhost:35821|priority:0|startupRole:FOLLOWER, s1|rpc:localhost:44243|admin:localhost:33637|client:localhost:46107|dataStream:localhost:39503|priority:0|startupRole:FOLLOWER, s2|rpc:localhost:39945|admin:localhost:41877|client:localhost:34005|dataStream:localhost:37913|priority:0|startupRole:FOLLOWER] with SimpleStateMachine4Testing:uninitialized
2022-08-09 05:43:03,306 [pool-36-thread-1] INFO  server.RaftServerConfigKeys (ConfUtils.java:logGet(46)) - raft.server.rpc.timeout.min = 150ms (default)
2022-08-09 05:43:03,306 [pool-36-thread-1] INFO  server.RaftServerConfigKeys (ConfUtils.java:logGet(46)) - raft.server.rpc.timeout.max = 300ms (default)
2022-08-09 05:43:03,306 [pool-36-thread-1] INFO  server.RaftServerConfigKeys (ConfUtils.java:logGet(46)) - raft.server.rpc.sleep.time = 25ms (default)
2022-08-09 05:43:03,306 [pool-36-thread-1] INFO  server.RaftServerConfigKeys (ConfUtils.java:logGet(46)) - raft.server.rpc.slowness.timeout = 60s (default)
2022-08-09 05:43:03,306 [pool-36-thread-1] INFO  server.RaftServerConfigKeys (ConfUtils.java:logGet(46)) - raft.server.leaderelection.leader.step-down.wait-time = 10s (default)
2022-08-09 05:43:03,306 [pool-36-thread-1] INFO  server.RaftServerConfigKeys (ConfUtils.java:logGet(46)) - raft.server.sleep.deviation.threshold = 300ms (default)
2022-08-09 05:43:03,306 [pool-36-thread-1] INFO  server.RaftServer$Division (ServerState.java:<init>(118)) - s0@group-A8EB2453EBF5: ConfigurationManager, init=-1: peers:[s0|rpc:localhost:41673|admin:localhost:42127|client:localhost:45967|dataStream:localhost:35821|priority:0|startupRole:FOLLOWER, s1|rpc:localhost:44243|admin:localhost:33637|client:localhost:46107|dataStream:localhost:39503|priority:0|startupRole:FOLLOWER, s2|rpc:localhost:39945|admin:localhost:41877|client:localhost:34005|dataStream:localhost:37913|priority:0|startupRole:FOLLOWER]|listeners:[], old=null, confs=<EMPTY_MAP>
2022-08-09 05:43:03,306 [pool-36-thread-1] INFO  server.RaftServerConfigKeys (ConfUtils.java:logGet(46)) - raft.server.storage.dir = [/home/runner/work/ratis/ratis/ratis-test/target/test/data/2baaa1de/MiniRaftClusterWithSimulatedRpc3b4f24d4/s0] (custom)
2022-08-09 05:43:03,307 [pool-36-thread-1] INFO  server.RaftServerConfigKeys (ConfUtils.java:logGet(46)) - raft.server.log.corruption.policy = EXCEPTION (default)
2022-08-09 05:43:03,307 [pool-36-thread-1] INFO  server.RaftServerConfigKeys (ConfUtils.java:logGet(46)) - raft.server.storage.free-space.min = 0MB (=0) (default)
2022-08-09 05:43:03,307 [pool-36-thread-1] INFO  server.RaftServerConfigKeys (ConfUtils.java:logGet(46)) - raft.server.notification.no-leader.timeout = 60s (default)
2022-08-09 05:43:03,307 [pool-36-thread-1] INFO  server.RaftServerConfigKeys (ConfUtils.java:logGet(46)) - raft.server.retrycache.expirytime = 60s (default)
2022-08-09 05:43:03,307 [pool-36-thread-1] INFO  server.RaftServerConfigKeys (ConfUtils.java:logGet(46)) - raft.server.retrycache.statistics.expirytime = 100μs (default)
2022-08-09 05:43:03,308 [pool-36-thread-1] INFO  server.RaftServerConfigKeys (ConfUtils.java:logGet(46)) - raft.server.log.appender.install.snapshot.enabled = true (default)
2022-08-09 05:43:03,308 [pool-36-thread-1] INFO  server.RaftServerConfigKeys (ConfUtils.java:logGet(46)) - raft.server.threadpool.server.cached = true (default)
2022-08-09 05:43:03,308 [pool-36-thread-1] INFO  server.RaftServerConfigKeys (ConfUtils.java:logGet(46)) - raft.server.threadpool.server.size = 0 (default)
2022-08-09 05:43:03,308 [pool-36-thread-1] INFO  server.RaftServerConfigKeys (ConfUtils.java:logGet(46)) - raft.server.threadpool.client.cached = true (default)
2022-08-09 05:43:03,308 [pool-36-thread-1] INFO  server.RaftServerConfigKeys (ConfUtils.java:logGet(46)) - raft.server.threadpool.client.size = 0 (default)
2022-08-09 05:43:03,308 [Time-limited test] INFO  server.RaftServer (RaftServerProxy.java:addNew(96)) - s1: addNew group-A8EB2453EBF5:[s0|rpc:localhost:41673|admin:localhost:42127|client:localhost:45967|dataStream:localhost:35821|priority:0|startupRole:FOLLOWER, s1|rpc:localhost:44243|admin:localhost:33637|client:localhost:46107|dataStream:localhost:39503|priority:0|startupRole:FOLLOWER, s2|rpc:localhost:39945|admin:localhost:41877|client:localhost:34005|dataStream:localhost:37913|priority:0|startupRole:FOLLOWER] returns group-A8EB2453EBF5:java.util.concurrent.CompletableFuture@62be2be8[Not completed]
2022-08-09 05:43:03,308 [Time-limited test] INFO  impl.MiniRaftCluster (MiniRaftCluster.java:newRaftServer(379)) - newRaftServer: s2, group-A8EB2453EBF5:[s0|rpc:localhost:41673|admin:localhost:42127|client:localhost:45967|dataStream:localhost:35821|priority:0|startupRole:FOLLOWER, s1|rpc:localhost:44243|admin:localhost:33637|client:localhost:46107|dataStream:localhost:39503|priority:0|startupRole:FOLLOWER, s2|rpc:localhost:39945|admin:localhost:41877|client:localhost:34005|dataStream:localhost:37913|priority:0|startupRole:FOLLOWER], format? true
2022-08-09 05:43:03,308 [Time-limited test] TRACE util.FileUtils (FileUtils.java:deleteFully(162)) - deleteFully target/test/data/2baaa1de/MiniRaftClusterWithSimulatedRpc3b4f24d4/s2
2022-08-09 05:43:03,309 [Time-limited test] TRACE util.FileUtils (FileUtils.java:deleteFully(178)) - deleteFully: target/test/data/2baaa1de/MiniRaftClusterWithSimulatedRpc3b4f24d4/s2 does not exist.
2022-08-09 05:43:03,309 [Time-limited test] INFO  impl.MiniRaftCluster (MiniRaftCluster.java:newRaftServer(384)) - Formatted directory target/test/data/2baaa1de/MiniRaftClusterWithSimulatedRpc3b4f24d4/s2
2022-08-09 05:43:03,309 [Time-limited test] INFO  server.RaftServer (ConfUtils.java:logGet(46)) - raft.rpc.type = org.apache.ratis.server.simulation.SimulatedRpc (custom)
2022-08-09 05:43:03,309 [Time-limited test] INFO  impl.DataStreamServerImpl (ConfUtils.java:logGet(46)) - raft.datastream.type = DISABLED (default)
2022-08-09 05:43:03,309 [Time-limited test] INFO  server.RaftServerConfigKeys (ConfUtils.java:logGet(46)) - raft.server.threadpool.proxy.cached = true (default)
2022-08-09 05:43:03,309 [Time-limited test] INFO  server.RaftServerConfigKeys (ConfUtils.java:logGet(46)) - raft.server.threadpool.proxy.size = 0 (default)
2022-08-09 05:43:03,309 [Time-limited test] INFO  server.RaftServerConfigKeys (ConfUtils.java:logGet(46)) - raft.server.rpc.slowness.timeout = 60s (default)
2022-08-09 05:43:03,309 [Time-limited test] INFO  server.RaftServerConfigKeys (ConfUtils.java:logGet(46)) - raft.server.leaderelection.leader.step-down.wait-time = 10s (default)
2022-08-09 05:43:03,309 [Time-limited test] INFO  server.RaftServerConfigKeys (ConfUtils.java:logGet(46)) - raft.server.storage.dir = [/home/runner/work/ratis/ratis/ratis-test/target/test/data/2baaa1de/MiniRaftClusterWithSimulatedRpc3b4f24d4/s2] (custom)
2022-08-09 05:43:03,311 [pool-37-thread-1] INFO  server.RaftServerConfigKeys (ConfUtils.java:logGet(46)) - raft.server.log.segment.size.max = 8MB (=8388608) (default)
2022-08-09 05:43:03,311 [pool-37-thread-1] INFO  server.RaftServerConfigKeys (ConfUtils.java:logGet(46)) - raft.server.log.preallocated.size = 4MB (=4194304) (default)
2022-08-09 05:43:03,311 [pool-37-thread-1] INFO  server.RaftServerConfigKeys (ConfUtils.java:logGet(46)) - raft.server.log.write.buffer.size = 64KB (=65536) (default)
2022-08-09 05:43:03,311 [pool-37-thread-1] INFO  server.RaftServer$Division (RaftServerImpl.java:<init>(192)) - s1: new RaftServerImpl for group-A8EB2453EBF5:[s0|rpc:localhost:41673|admin:localhost:42127|client:localhost:45967|dataStream:localhost:35821|priority:0|startupRole:FOLLOWER, s1|rpc:localhost:44243|admin:localhost:33637|client:localhost:46107|dataStream:localhost:39503|priority:0|startupRole:FOLLOWER, s2|rpc:localhost:39945|admin:localhost:41877|client:localhost:34005|dataStream:localhost:37913|priority:0|startupRole:FOLLOWER] with SimpleStateMachine4Testing:uninitialized
2022-08-09 05:43:03,311 [pool-37-thread-1] INFO  server.RaftServerConfigKeys (ConfUtils.java:logGet(46)) - raft.server.rpc.timeout.min = 150ms (default)
2022-08-09 05:43:03,311 [pool-37-thread-1] INFO  server.RaftServerConfigKeys (ConfUtils.java:logGet(46)) - raft.server.rpc.timeout.max = 300ms (default)
2022-08-09 05:43:03,311 [pool-37-thread-1] INFO  server.RaftServerConfigKeys (ConfUtils.java:logGet(46)) - raft.server.rpc.sleep.time = 25ms (default)
2022-08-09 05:43:03,311 [pool-37-thread-1] INFO  server.RaftServerConfigKeys (ConfUtils.java:logGet(46)) - raft.server.rpc.slowness.timeout = 60s (default)
2022-08-09 05:43:03,312 [pool-37-thread-1] INFO  server.RaftServerConfigKeys (ConfUtils.java:logGet(46)) - raft.server.leaderelection.leader.step-down.wait-time = 10s (default)
2022-08-09 05:43:03,312 [pool-37-thread-1] INFO  server.RaftServerConfigKeys (ConfUtils.java:logGet(46)) - raft.server.sleep.deviation.threshold = 300ms (default)
2022-08-09 05:43:03,312 [pool-37-thread-1] INFO  server.RaftServer$Division (ServerState.java:<init>(118)) - s1@group-A8EB2453EBF5: ConfigurationManager, init=-1: peers:[s0|rpc:localhost:41673|admin:localhost:42127|client:localhost:45967|dataStream:localhost:35821|priority:0|startupRole:FOLLOWER, s1|rpc:localhost:44243|admin:localhost:33637|client:localhost:46107|dataStream:localhost:39503|priority:0|startupRole:FOLLOWER, s2|rpc:localhost:39945|admin:localhost:41877|client:localhost:34005|dataStream:localhost:37913|priority:0|startupRole:FOLLOWER]|listeners:[], old=null, confs=<EMPTY_MAP>
2022-08-09 05:43:03,312 [pool-37-thread-1] INFO  server.RaftServerConfigKeys (ConfUtils.java:logGet(46)) - raft.server.storage.dir = [/home/runner/work/ratis/ratis/ratis-test/target/test/data/2baaa1de/MiniRaftClusterWithSimulatedRpc3b4f24d4/s1] (custom)
2022-08-09 05:43:03,312 [pool-37-thread-1] INFO  server.RaftServerConfigKeys (ConfUtils.java:logGet(46)) - raft.server.log.corruption.policy = EXCEPTION (default)
2022-08-09 05:43:03,312 [pool-37-thread-1] INFO  server.RaftServerConfigKeys (ConfUtils.java:logGet(46)) - raft.server.storage.free-space.min = 0MB (=0) (default)
2022-08-09 05:43:03,312 [pool-37-thread-1] INFO  server.RaftServerConfigKeys (ConfUtils.java:logGet(46)) - raft.server.notification.no-leader.timeout = 60s (default)
2022-08-09 05:43:03,312 [pool-37-thread-1] INFO  server.RaftServerConfigKeys (ConfUtils.java:logGet(46)) - raft.server.retrycache.expirytime = 60s (default)
2022-08-09 05:43:03,313 [pool-37-thread-1] INFO  server.RaftServerConfigKeys (ConfUtils.java:logGet(46)) - raft.server.retrycache.statistics.expirytime = 100μs (default)
2022-08-09 05:43:03,313 [pool-37-thread-1] INFO  server.RaftServerConfigKeys (ConfUtils.java:logGet(46)) - raft.server.log.appender.install.snapshot.enabled = true (default)
2022-08-09 05:43:03,313 [pool-37-thread-1] INFO  server.RaftServerConfigKeys (ConfUtils.java:logGet(46)) - raft.server.threadpool.server.cached = true (default)
2022-08-09 05:43:03,313 [pool-37-thread-1] INFO  server.RaftServerConfigKeys (ConfUtils.java:logGet(46)) - raft.server.threadpool.server.size = 0 (default)
2022-08-09 05:43:03,313 [pool-37-thread-1] INFO  server.RaftServerConfigKeys (ConfUtils.java:logGet(46)) - raft.server.threadpool.client.cached = true (default)
2022-08-09 05:43:03,313 [pool-37-thread-1] INFO  server.RaftServerConfigKeys (ConfUtils.java:logGet(46)) - raft.server.threadpool.client.size = 0 (default)
2022-08-09 05:43:03,313 [Time-limited test] INFO  server.RaftServer (RaftServerProxy.java:addNew(96)) - s2: addNew group-A8EB2453EBF5:[s0|rpc:localhost:41673|admin:localhost:42127|client:localhost:45967|dataStream:localhost:35821|priority:0|startupRole:FOLLOWER, s1|rpc:localhost:44243|admin:localhost:33637|client:localhost:46107|dataStream:localhost:39503|priority:0|startupRole:FOLLOWER, s2|rpc:localhost:39945|admin:localhost:41877|client:localhost:34005|dataStream:localhost:37913|priority:0|startupRole:FOLLOWER] returns group-A8EB2453EBF5:java.util.concurrent.CompletableFuture@6a4832bc[Not completed]
2022-08-09 05:43:03,313 [s0-impl-thread1] INFO  storage.RaftStorageDirectory (RaftStorageDirectoryImpl.java:analyzeStorage(137)) - The storage directory /home/runner/work/ratis/ratis/ratis-test/target/test/data/2baaa1de/MiniRaftClusterWithSimulatedRpc3b4f24d4/s0/bbd46d57-59f4-4845-aaae-a8eb2453ebf5 does not exist. Creating ...
2022-08-09 05:43:03,314 [s0-impl-thread1] TRACE util.FileUtils (LogUtils.java:runAndLog(49)) - Successfully ran Files.createDirectories /home/runner/work/ratis/ratis/ratis-test/target/test/data/2baaa1de/MiniRaftClusterWithSimulatedRpc3b4f24d4/s0/bbd46d57-59f4-4845-aaae-a8eb2453ebf5
2022-08-09 05:43:03,314 [pool-38-thread-1] INFO  server.RaftServerConfigKeys (ConfUtils.java:logGet(46)) - raft.server.log.segment.size.max = 8MB (=8388608) (default)
2022-08-09 05:43:03,314 [pool-38-thread-1] INFO  server.RaftServerConfigKeys (ConfUtils.java:logGet(46)) - raft.server.log.preallocated.size = 4MB (=4194304) (default)
2022-08-09 05:43:03,315 [pool-38-thread-1] INFO  server.RaftServerConfigKeys (ConfUtils.java:logGet(46)) - raft.server.log.write.buffer.size = 64KB (=65536) (default)
2022-08-09 05:43:03,315 [pool-38-thread-1] INFO  server.RaftServer$Division (RaftServerImpl.java:<init>(192)) - s2: new RaftServerImpl for group-A8EB2453EBF5:[s0|rpc:localhost:41673|admin:localhost:42127|client:localhost:45967|dataStream:localhost:35821|priority:0|startupRole:FOLLOWER, s1|rpc:localhost:44243|admin:localhost:33637|client:localhost:46107|dataStream:localhost:39503|priority:0|startupRole:FOLLOWER, s2|rpc:localhost:39945|admin:localhost:41877|client:localhost:34005|dataStream:localhost:37913|priority:0|startupRole:FOLLOWER] with SimpleStateMachine4Testing:uninitialized
2022-08-09 05:43:03,315 [pool-38-thread-1] INFO  server.RaftServerConfigKeys (ConfUtils.java:logGet(46)) - raft.server.rpc.timeout.min = 150ms (default)
2022-08-09 05:43:03,315 [pool-38-thread-1] INFO  server.RaftServerConfigKeys (ConfUtils.java:logGet(46)) - raft.server.rpc.timeout.max = 300ms (default)
2022-08-09 05:43:03,315 [pool-38-thread-1] INFO  server.RaftServerConfigKeys (ConfUtils.java:logGet(46)) - raft.server.rpc.sleep.time = 25ms (default)
2022-08-09 05:43:03,315 [pool-38-thread-1] INFO  server.RaftServerConfigKeys (ConfUtils.java:logGet(46)) - raft.server.rpc.slowness.timeout = 60s (default)
2022-08-09 05:43:03,315 [pool-38-thread-1] INFO  server.RaftServerConfigKeys (ConfUtils.java:logGet(46)) - raft.server.leaderelection.leader.step-down.wait-time = 10s (default)
2022-08-09 05:43:03,315 [pool-38-thread-1] INFO  server.RaftServerConfigKeys (ConfUtils.java:logGet(46)) - raft.server.sleep.deviation.threshold = 300ms (default)
2022-08-09 05:43:03,315 [s0-impl-thread1] INFO  storage.RaftStorageDirectory (RaftStorageDirectoryImpl.java:tryLock(231)) - Lock on /home/runner/work/ratis/ratis/ratis-test/target/test/data/2baaa1de/MiniRaftClusterWithSimulatedRpc3b4f24d4/s0/bbd46d57-59f4-4845-aaae-a8eb2453ebf5/in_use.lock acquired by nodename 4131@fv-az59-8.csjynl4pkq3e1pkirw3ssqjfoh.cx.internal.cloudapp.net
2022-08-09 05:43:03,315 [s0-impl-thread1] TRACE util.FileUtils (LogUtils.java:runAndLog(49)) - Successfully ran Files.createDirectories /home/runner/work/ratis/ratis/ratis-test/target/test/data/2baaa1de/MiniRaftClusterWithSimulatedRpc3b4f24d4/s0/bbd46d57-59f4-4845-aaae-a8eb2453ebf5/current
2022-08-09 05:43:03,315 [s0-impl-thread1] TRACE util.FileUtils (LogUtils.java:runAndLog(49)) - Successfully ran Files.createDirectories /home/runner/work/ratis/ratis/ratis-test/target/test/data/2baaa1de/MiniRaftClusterWithSimulatedRpc3b4f24d4/s0/bbd46d57-59f4-4845-aaae-a8eb2453ebf5/sm
2022-08-09 05:43:03,316 [pool-38-thread-1] INFO  server.RaftServer$Division (ServerState.java:<init>(118)) - s2@group-A8EB2453EBF5: ConfigurationManager, init=-1: peers:[s0|rpc:localhost:41673|admin:localhost:42127|client:localhost:45967|dataStream:localhost:35821|priority:0|startupRole:FOLLOWER, s1|rpc:localhost:44243|admin:localhost:33637|client:localhost:46107|dataStream:localhost:39503|priority:0|startupRole:FOLLOWER, s2|rpc:localhost:39945|admin:localhost:41877|client:localhost:34005|dataStream:localhost:37913|priority:0|startupRole:FOLLOWER]|listeners:[], old=null, confs=<EMPTY_MAP>
2022-08-09 05:43:03,316 [pool-38-thread-1] INFO  server.RaftServerConfigKeys (ConfUtils.java:logGet(46)) - raft.server.storage.dir = [/home/runner/work/ratis/ratis/ratis-test/target/test/data/2baaa1de/MiniRaftClusterWithSimulatedRpc3b4f24d4/s2] (custom)
2022-08-09 05:43:03,316 [pool-38-thread-1] INFO  server.RaftServerConfigKeys (ConfUtils.java:logGet(46)) - raft.server.log.corruption.policy = EXCEPTION (default)
2022-08-09 05:43:03,316 [pool-38-thread-1] INFO  server.RaftServerConfigKeys (ConfUtils.java:logGet(46)) - raft.server.storage.free-space.min = 0MB (=0) (default)
2022-08-09 05:43:03,316 [pool-38-thread-1] INFO  server.RaftServerConfigKeys (ConfUtils.java:logGet(46)) - raft.server.notification.no-leader.timeout = 60s (default)
2022-08-09 05:43:03,316 [pool-38-thread-1] INFO  server.RaftServerConfigKeys (ConfUtils.java:logGet(46)) - raft.server.retrycache.expirytime = 60s (default)
2022-08-09 05:43:03,316 [pool-38-thread-1] INFO  server.RaftServerConfigKeys (ConfUtils.java:logGet(46)) - raft.server.retrycache.statistics.expirytime = 100μs (default)
2022-08-09 05:43:03,317 [pool-38-thread-1] INFO  server.RaftServerConfigKeys (ConfUtils.java:logGet(46)) - raft.server.log.appender.install.snapshot.enabled = true (default)
2022-08-09 05:43:03,317 [pool-38-thread-1] INFO  server.RaftServerConfigKeys (ConfUtils.java:logGet(46)) - raft.server.threadpool.server.cached = true (default)
2022-08-09 05:43:03,317 [pool-38-thread-1] INFO  server.RaftServerConfigKeys (ConfUtils.java:logGet(46)) - raft.server.threadpool.server.size = 0 (default)
2022-08-09 05:43:03,317 [pool-38-thread-1] INFO  server.RaftServerConfigKeys (ConfUtils.java:logGet(46)) - raft.server.threadpool.client.cached = true (default)
2022-08-09 05:43:03,317 [s0-impl-thread1] INFO  storage.RaftStorage (RaftStorageImpl.java:format(96)) - Storage directory /home/runner/work/ratis/ratis/ratis-test/target/test/data/2baaa1de/MiniRaftClusterWithSimulatedRpc3b4f24d4/s0/bbd46d57-59f4-4845-aaae-a8eb2453ebf5 has been successfully formatted.
2022-08-09 05:43:03,317 [s0-impl-thread1] INFO  statemachine.SimpleStateMachine4Testing (SimpleStateMachine4Testing.java:initialize(212)) - Initializing SimpleStateMachine4Testing:uninitialized
2022-08-09 05:43:03,317 [s0-impl-thread1] INFO  statemachine.SimpleStateMachine4Testing (SimpleStateMachine4Testing.java:loadSnapshot(306)) - The snapshot file null does not exist
2022-08-09 05:43:03,317 [s0-impl-thread1] INFO  server.RaftServerConfigKeys (ConfUtils.java:logGet(46)) - raft.server.log.use.memory = false (default)
2022-08-09 05:43:03,317 [s0-impl-thread1] INFO  server.RaftServerConfigKeys (ConfUtils.java:logGet(46)) - raft.server.log.purge.gap = 1024 (default)
2022-08-09 05:43:03,317 [s0-impl-thread1] INFO  server.RaftServerConfigKeys (ConfUtils.java:logGet(46)) - raft.server.log.appender.buffer.byte-limit = 4MB (=4194304) (default)
2022-08-09 05:43:03,317 [s0-impl-thread1] INFO  server.RaftServerConfigKeys (ConfUtils.java:logGet(46)) - raft.server.log.statemachine.data.read.timeout = 1000ms (default)
2022-08-09 05:43:03,317 [s0-impl-thread1] INFO  server.RaftServerConfigKeys (ConfUtils.java:logGet(46)) - raft.server.log.purge.preservation.log.num = 0 (default)
2022-08-09 05:43:03,318 [s0-impl-thread1] INFO  server.RaftServerConfigKeys (ConfUtils.java:logGet(46)) - raft.server.log.segment.size.max = 8KB (=8192) (custom)
2022-08-09 05:43:03,318 [s0-impl-thread1] INFO  server.RaftServerConfigKeys (ConfUtils.java:logGet(46)) - raft.server.log.segment.cache.num.max = 6 (default)
2022-08-09 05:43:03,318 [s0-impl-thread1] INFO  server.RaftServerConfigKeys (ConfUtils.java:logGet(46)) - raft.server.log.segment.cache.size.max = 200MB (=209715200) (default)
2022-08-09 05:43:03,318 [s0-impl-thread1] INFO  segmented.SegmentedRaftLogWorker (SegmentedRaftLogWorker.java:<init>(187)) - new s0@group-A8EB2453EBF5-SegmentedRaftLogWorker for RaftStorageImpl:Storage Directory /home/runner/work/ratis/ratis/ratis-test/target/test/data/2baaa1de/MiniRaftClusterWithSimulatedRpc3b4f24d4/s0/bbd46d57-59f4-4845-aaae-a8eb2453ebf5
2022-08-09 05:43:03,318 [s0-impl-thread1] INFO  server.RaftServerConfigKeys (ConfUtils.java:logGet(46)) - raft.server.log.queue.byte-limit = 64MB (=67108864) (default)
2022-08-09 05:43:03,318 [s0-impl-thread1] INFO  server.RaftServerConfigKeys (ConfUtils.java:logGet(46)) - raft.server.log.queue.element-limit = 4096 (default)
2022-08-09 05:43:03,318 [s0-impl-thread1] INFO  server.RaftServerConfigKeys (ConfUtils.java:logGet(46)) - raft.server.log.segment.size.max = 8KB (=8192) (custom)
2022-08-09 05:43:03,318 [s0-impl-thread1] INFO  server.RaftServerConfigKeys (ConfUtils.java:logGet(46)) - raft.server.log.preallocated.size = 4MB (=4194304) (default)
2022-08-09 05:43:03,318 [s0-impl-thread1] INFO  server.RaftServerConfigKeys (ConfUtils.java:logGet(46)) - raft.server.log.force.sync.num = 128 (default)
2022-08-09 05:43:03,318 [s0-impl-thread1] INFO  server.RaftServerConfigKeys (ConfUtils.java:logGet(46)) - raft.server.log.statemachine.data.sync = true (default)
2022-08-09 05:43:03,318 [s0-impl-thread1] INFO  server.RaftServerConfigKeys (ConfUtils.java:logGet(46)) - raft.server.log.statemachine.data.sync.timeout = 10s (default)
2022-08-09 05:43:03,318 [s0-impl-thread1] INFO  server.RaftServerConfigKeys (ConfUtils.java:logGet(46)) - raft.server.log.statemachine.data.sync.timeout.retry = -1 (default)
2022-08-09 05:43:03,318 [s0-impl-thread1] INFO  server.RaftServerConfigKeys (ConfUtils.java:logGet(46)) - raft.server.log.write.buffer.size = 64KB (=65536) (default)
2022-08-09 05:43:03,318 [s0-impl-thread1] INFO  server.RaftServerConfigKeys (ConfUtils.java:logGet(46)) - raft.server.log.unsafe-flush.enabled = false (default)
2022-08-09 05:43:03,318 [s0-impl-thread1] INFO  server.RaftServerConfigKeys (ConfUtils.java:logGet(46)) - raft.server.log.statemachine.data.caching.enabled = false (default)
2022-08-09 05:43:03,318 [s0-impl-thread1] TRACE segmented.SegmentedRaftLogCache (AutoCloseableReadWriteLock.java:logLocking(65)) - s0@group-A8EB2453EBF5: readLock ACQUIRED 1 by SegmentedRaftLogCache$LogSegmentList.isEmpty
2022-08-09 05:43:03,318 [s0-impl-thread1] TRACE segmented.SegmentedRaftLogCache (AutoCloseableReadWriteLock.java:logLocking(65)) - s0@group-A8EB2453EBF5: readLock RELEASED 0 by SegmentedRaftLogCache$LogSegmentList.isEmpty
2022-08-09 05:43:03,319 [s0-impl-thread1] TRACE segmented.SegmentedRaftLogCache (AutoCloseableReadWriteLock.java:logLocking(65)) - s0@group-A8EB2453EBF5: readLock ACQUIRED 1 by SegmentedRaftLogCache.getEndIndex
2022-08-09 05:43:03,319 [s0-impl-thread1] TRACE segmented.SegmentedRaftLogCache (AutoCloseableReadWriteLock.java:logLocking(65)) -   s0@group-A8EB2453EBF5: readLock ACQUIRED 2 by SegmentedRaftLogCache$LogSegmentList.isEmpty
2022-08-09 05:43:03,319 [s0-impl-thread1] TRACE segmented.SegmentedRaftLogCache (AutoCloseableReadWriteLock.java:logLocking(65)) -   s0@group-A8EB2453EBF5: readLock RELEASED 1 by SegmentedRaftLogCache$LogSegmentList.isEmpty
2022-08-09 05:43:03,319 [s0-impl-thread1] TRACE segmented.SegmentedRaftLogCache (AutoCloseableReadWriteLock.java:logLocking(65)) - s0@group-A8EB2453EBF5: readLock RELEASED 0 by SegmentedRaftLogCache.getEndIndex
2022-08-09 05:43:03,319 [s0-impl-thread1] TRACE segmented.SegmentedRaftLogCache (AutoCloseableReadWriteLock.java:logLocking(65)) - s0@group-A8EB2453EBF5: readLock ACQUIRED 1 by SegmentedRaftLogCache.getLastIndexInClosedSegments
2022-08-09 05:43:03,319 [s0-impl-thread1] TRACE segmented.SegmentedRaftLogCache (AutoCloseableReadWriteLock.java:logLocking(65)) -   s0@group-A8EB2453EBF5: readLock ACQUIRED 2 by SegmentedRaftLogCache$LogSegmentList.isEmpty
2022-08-09 05:43:03,319 [s0-impl-thread1] TRACE segmented.SegmentedRaftLogCache (AutoCloseableReadWriteLock.java:logLocking(65)) -   s0@group-A8EB2453EBF5: readLock RELEASED 1 by SegmentedRaftLogCache$LogSegmentList.isEmpty
2022-08-09 05:43:03,319 [s0-impl-thread1] TRACE segmented.SegmentedRaftLogCache (AutoCloseableReadWriteLock.java:logLocking(65)) - s0@group-A8EB2453EBF5: readLock RELEASED 0 by SegmentedRaftLogCache.getLastIndexInClosedSegments
2022-08-09 05:43:03,319 [s0-impl-thread1] INFO  segmented.SegmentedRaftLogWorker (SegmentedRaftLogWorker.java:lambda$new$0(135)) - s0@group-A8EB2453EBF5-SegmentedRaftLogWorker: flushIndex: setUnconditionally 0 -> -1
2022-08-09 05:43:03,319 [s0-impl-thread1] INFO  segmented.SegmentedRaftLogWorker (SegmentedRaftLogWorker.java:lambda$new$0(135)) - s0@group-A8EB2453EBF5-SegmentedRaftLogWorker: safeCacheEvictIndex: setUnconditionally 0 -> -1
2022-08-09 05:43:03,319 [pool-38-thread-1] INFO  server.RaftServerConfigKeys (ConfUtils.java:logGet(46)) - raft.server.threadpool.client.size = 0 (default)
2022-08-09 05:43:03,319 [s0-impl-thread1] TRACE segmented.SegmentedRaftLogCache (AutoCloseableReadWriteLock.java:logLocking(65)) - s0@group-A8EB2453EBF5: readLock ACQUIRED 1 by SegmentedRaftLogCache.getStartIndex
2022-08-09 05:43:03,319 [s0-impl-thread1] TRACE segmented.SegmentedRaftLogCache (AutoCloseableReadWriteLock.java:logLocking(65)) -   s0@group-A8EB2453EBF5: readLock ACQUIRED 2 by SegmentedRaftLogCache$LogSegmentList.isEmpty
2022-08-09 05:43:03,319 [s0-impl-thread1] TRACE segmented.SegmentedRaftLogCache (AutoCloseableReadWriteLock.java:logLocking(65)) -   s0@group-A8EB2453EBF5: readLock RELEASED 1 by SegmentedRaftLogCache$LogSegmentList.isEmpty
2022-08-09 05:43:03,319 [s0-impl-thread1] TRACE segmented.SegmentedRaftLogCache (AutoCloseableReadWriteLock.java:logLocking(65)) - s0@group-A8EB2453EBF5: readLock RELEASED 0 by SegmentedRaftLogCache.getStartIndex
2022-08-09 05:43:03,319 [s0-impl-thread1] INFO  server.RaftServer$Division (RaftServerImpl.java:start(314)) - s0@group-A8EB2453EBF5: start as a follower, conf=-1: peers:[s0|rpc:localhost:41673|admin:localhost:42127|client:localhost:45967|dataStream:localhost:35821|priority:0|startupRole:FOLLOWER, s1|rpc:localhost:44243|admin:localhost:33637|client:localhost:46107|dataStream:localhost:39503|priority:0|startupRole:FOLLOWER, s2|rpc:localhost:39945|admin:localhost:41877|client:localhost:34005|dataStream:localhost:37913|priority:0|startupRole:FOLLOWER]|listeners:[], old=null
2022-08-09 05:43:03,320 [s0-impl-thread1] INFO  server.RaftServer$Division (RaftServerImpl.java:setRole(301)) - s0@group-A8EB2453EBF5: changes role from      null to FOLLOWER at term 0 for startAsFollower
2022-08-09 05:43:03,320 [s0-impl-thread1] INFO  impl.RoleInfo (RoleInfo.java:updateAndGet(139)) - s0: start s0@group-A8EB2453EBF5-FollowerState
2022-08-09 05:43:03,320 [s0-impl-thread1] INFO  util.JmxRegister (JmxRegister.java:tryRegister(44)) - Successfully registered JMX Bean with object name Ratis:service=RaftServer,group=group-A8EB2453EBF5,id=s0
2022-08-09 05:43:03,320 [s0-impl-thread1] INFO  server.RaftServerConfigKeys (ConfUtils.java:logGet(46)) - raft.server.snapshot.auto.trigger.enabled = false (default)
2022-08-09 05:43:03,320 [s0-impl-thread1] INFO  server.RaftServerConfigKeys (ConfUtils.java:logGet(46)) - raft.server.snapshot.retention.file.num = -1 (default)
2022-08-09 05:43:03,320 [s0-impl-thread1] INFO  server.RaftServerConfigKeys (ConfUtils.java:logGet(46)) - raft.server.log.purge.upto.snapshot.index = false (default)
2022-08-09 05:43:03,320 [Time-limited test] INFO  server.RaftServer (RaftServerProxy.java:startImpl(387)) - s0: start RPC server
2022-08-09 05:43:03,325 [s1-impl-thread1] INFO  storage.RaftStorageDirectory (RaftStorageDirectoryImpl.java:analyzeStorage(137)) - The storage directory /home/runner/work/ratis/ratis/ratis-test/target/test/data/2baaa1de/MiniRaftClusterWithSimulatedRpc3b4f24d4/s1/bbd46d57-59f4-4845-aaae-a8eb2453ebf5 does not exist. Creating ...
2022-08-09 05:43:03,325 [s1-impl-thread1] TRACE util.FileUtils (LogUtils.java:runAndLog(49)) - Successfully ran Files.createDirectories /home/runner/work/ratis/ratis/ratis-test/target/test/data/2baaa1de/MiniRaftClusterWithSimulatedRpc3b4f24d4/s1/bbd46d57-59f4-4845-aaae-a8eb2453ebf5
2022-08-09 05:43:03,326 [org.apache.ratis.util.JvmPauseMonitor$$Lambda$262/142898044@79baa576] INFO  util.JvmPauseMonitor (JvmPauseMonitor.java:run(103)) - JvmPauseMonitor-s0: Started
2022-08-09 05:43:03,326 [s1-impl-thread1] INFO  storage.RaftStorageDirectory (RaftStorageDirectoryImpl.java:tryLock(231)) - Lock on /home/runner/work/ratis/ratis/ratis-test/target/test/data/2baaa1de/MiniRaftClusterWithSimulatedRpc3b4f24d4/s1/bbd46d57-59f4-4845-aaae-a8eb2453ebf5/in_use.lock acquired by nodename 4131@fv-az59-8.csjynl4pkq3e1pkirw3ssqjfoh.cx.internal.cloudapp.net
2022-08-09 05:43:03,327 [s1-impl-thread1] TRACE util.FileUtils (LogUtils.java:runAndLog(49)) - Successfully ran Files.createDirectories /home/runner/work/ratis/ratis/ratis-test/target/test/data/2baaa1de/MiniRaftClusterWithSimulatedRpc3b4f24d4/s1/bbd46d57-59f4-4845-aaae-a8eb2453ebf5/current
2022-08-09 05:43:03,327 [s1-impl-thread1] TRACE util.FileUtils (LogUtils.java:runAndLog(49)) - Successfully ran Files.createDirectories /home/runner/work/ratis/ratis/ratis-test/target/test/data/2baaa1de/MiniRaftClusterWithSimulatedRpc3b4f24d4/s1/bbd46d57-59f4-4845-aaae-a8eb2453ebf5/sm
2022-08-09 05:43:03,328 [s1-impl-thread1] INFO  storage.RaftStorage (RaftStorageImpl.java:format(96)) - Storage directory /home/runner/work/ratis/ratis/ratis-test/target/test/data/2baaa1de/MiniRaftClusterWithSimulatedRpc3b4f24d4/s1/bbd46d57-59f4-4845-aaae-a8eb2453ebf5 has been successfully formatted.
2022-08-09 05:43:03,328 [s1-impl-thread1] INFO  statemachine.SimpleStateMachine4Testing (SimpleStateMachine4Testing.java:initialize(212)) - Initializing SimpleStateMachine4Testing:uninitialized
2022-08-09 05:43:03,328 [s1-impl-thread1] INFO  statemachine.SimpleStateMachine4Testing (SimpleStateMachine4Testing.java:loadSnapshot(306)) - The snapshot file null does not exist
2022-08-09 05:43:03,328 [s1-impl-thread1] INFO  server.RaftServerConfigKeys (ConfUtils.java:logGet(46)) - raft.server.log.use.memory = false (default)
2022-08-09 05:43:03,328 [s1-impl-thread1] INFO  server.RaftServerConfigKeys (ConfUtils.java:logGet(46)) - raft.server.log.purge.gap = 1024 (default)
2022-08-09 05:43:03,328 [s1-impl-thread1] INFO  server.RaftServerConfigKeys (ConfUtils.java:logGet(46)) - raft.server.log.appender.buffer.byte-limit = 4MB (=4194304) (default)
2022-08-09 05:43:03,328 [s1-impl-thread1] INFO  server.RaftServerConfigKeys (ConfUtils.java:logGet(46)) - raft.server.log.statemachine.data.read.timeout = 1000ms (default)
2022-08-09 05:43:03,328 [s1-impl-thread1] INFO  server.RaftServerConfigKeys (ConfUtils.java:logGet(46)) - raft.server.log.purge.preservation.log.num = 0 (default)
2022-08-09 05:43:03,328 [s1-impl-thread1] INFO  server.RaftServerConfigKeys (ConfUtils.java:logGet(46)) - raft.server.log.segment.size.max = 8KB (=8192) (custom)
2022-08-09 05:43:03,328 [s1-impl-thread1] INFO  server.RaftServerConfigKeys (ConfUtils.java:logGet(46)) - raft.server.log.segment.cache.num.max = 6 (default)
2022-08-09 05:43:03,328 [s1-impl-thread1] INFO  server.RaftServerConfigKeys (ConfUtils.java:logGet(46)) - raft.server.log.segment.cache.size.max = 200MB (=209715200) (default)
2022-08-09 05:43:03,328 [s1-impl-thread1] INFO  segmented.SegmentedRaftLogWorker (SegmentedRaftLogWorker.java:<init>(187)) - new s1@group-A8EB2453EBF5-SegmentedRaftLogWorker for RaftStorageImpl:Storage Directory /home/runner/work/ratis/ratis/ratis-test/target/test/data/2baaa1de/MiniRaftClusterWithSimulatedRpc3b4f24d4/s1/bbd46d57-59f4-4845-aaae-a8eb2453ebf5
2022-08-09 05:43:03,328 [s1-impl-thread1] INFO  server.RaftServerConfigKeys (ConfUtils.java:logGet(46)) - raft.server.log.queue.byte-limit = 64MB (=67108864) (default)
2022-08-09 05:43:03,329 [s1-impl-thread1] INFO  server.RaftServerConfigKeys (ConfUtils.java:logGet(46)) - raft.server.log.queue.element-limit = 4096 (default)
2022-08-09 05:43:03,329 [s1-impl-thread1] INFO  server.RaftServerConfigKeys (ConfUtils.java:logGet(46)) - raft.server.log.segment.size.max = 8KB (=8192) (custom)
2022-08-09 05:43:03,329 [s1-impl-thread1] INFO  server.RaftServerConfigKeys (ConfUtils.java:logGet(46)) - raft.server.log.preallocated.size = 4MB (=4194304) (default)
2022-08-09 05:43:03,329 [s1-impl-thread1] INFO  server.RaftServerConfigKeys (ConfUtils.java:logGet(46)) - raft.server.log.force.sync.num = 128 (default)
2022-08-09 05:43:03,329 [s1-impl-thread1] INFO  server.RaftServerConfigKeys (ConfUtils.java:logGet(46)) - raft.server.log.statemachine.data.sync = true (default)
2022-08-09 05:43:03,329 [s1-impl-thread1] INFO  server.RaftServerConfigKeys (ConfUtils.java:logGet(46)) - raft.server.log.statemachine.data.sync.timeout = 10s (default)
2022-08-09 05:43:03,329 [s1-impl-thread1] INFO  server.RaftServerConfigKeys (ConfUtils.java:logGet(46)) - raft.server.log.statemachine.data.sync.timeout.retry = -1 (default)
2022-08-09 05:43:03,329 [s1-impl-thread1] INFO  server.RaftServerConfigKeys (ConfUtils.java:logGet(46)) - raft.server.log.write.buffer.size = 64KB (=65536) (default)
2022-08-09 05:43:03,329 [s1-impl-thread1] INFO  server.RaftServerConfigKeys (ConfUtils.java:logGet(46)) - raft.server.log.unsafe-flush.enabled = false (default)
2022-08-09 05:43:03,329 [s1-impl-thread1] INFO  server.RaftServerConfigKeys (ConfUtils.java:logGet(46)) - raft.server.log.statemachine.data.caching.enabled = false (default)
2022-08-09 05:43:03,329 [s1-impl-thread1] TRACE segmented.SegmentedRaftLogCache (AutoCloseableReadWriteLock.java:logLocking(65)) - s1@group-A8EB2453EBF5: readLock ACQUIRED 1 by SegmentedRaftLogCache$LogSegmentList.isEmpty
2022-08-09 05:43:03,329 [s1-impl-thread1] TRACE segmented.SegmentedRaftLogCache (AutoCloseableReadWriteLock.java:logLocking(65)) - s1@group-A8EB2453EBF5: readLock RELEASED 0 by SegmentedRaftLogCache$LogSegmentList.isEmpty
2022-08-09 05:43:03,329 [s1-impl-thread1] TRACE segmented.SegmentedRaftLogCache (AutoCloseableReadWriteLock.java:logLocking(65)) - s1@group-A8EB2453EBF5: readLock ACQUIRED 1 by SegmentedRaftLogCache.getEndIndex
2022-08-09 05:43:03,329 [s1-impl-thread1] TRACE segmented.SegmentedRaftLogCache (AutoCloseableReadWriteLock.java:logLocking(65)) -   s1@group-A8EB2453EBF5: readLock ACQUIRED 2 by SegmentedRaftLogCache$LogSegmentList.isEmpty
2022-08-09 05:43:03,329 [s1-impl-thread1] TRACE segmented.SegmentedRaftLogCache (AutoCloseableReadWriteLock.java:logLocking(65)) -   s1@group-A8EB2453EBF5: readLock RELEASED 1 by SegmentedRaftLogCache$LogSegmentList.isEmpty
2022-08-09 05:43:03,329 [s1-impl-thread1] TRACE segmented.SegmentedRaftLogCache (AutoCloseableReadWriteLock.java:logLocking(65)) - s1@group-A8EB2453EBF5: readLock RELEASED 0 by SegmentedRaftLogCache.getEndIndex
2022-08-09 05:43:03,329 [s1-impl-thread1] TRACE segmented.SegmentedRaftLogCache (AutoCloseableReadWriteLock.java:logLocking(65)) - s1@group-A8EB2453EBF5: readLock ACQUIRED 1 by SegmentedRaftLogCache.getLastIndexInClosedSegments
2022-08-09 05:43:03,329 [s1-impl-thread1] TRACE segmented.SegmentedRaftLogCache (AutoCloseableReadWriteLock.java:logLocking(65)) -   s1@group-A8EB2453EBF5: readLock ACQUIRED 2 by SegmentedRaftLogCache$LogSegmentList.isEmpty
2022-08-09 05:43:03,329 [s1-impl-thread1] TRACE segmented.SegmentedRaftLogCache (AutoCloseableReadWriteLock.java:logLocking(65)) -   s1@group-A8EB2453EBF5: readLock RELEASED 1 by SegmentedRaftLogCache$LogSegmentList.isEmpty
2022-08-09 05:43:03,330 [s1-impl-thread1] TRACE segmented.SegmentedRaftLogCache (AutoCloseableReadWriteLock.java:logLocking(65)) - s1@group-A8EB2453EBF5: readLock RELEASED 0 by SegmentedRaftLogCache.getLastIndexInClosedSegments
2022-08-09 05:43:03,330 [s1-impl-thread1] INFO  segmented.SegmentedRaftLogWorker (SegmentedRaftLogWorker.java:lambda$new$0(135)) - s1@group-A8EB2453EBF5-SegmentedRaftLogWorker: flushIndex: setUnconditionally 0 -> -1
2022-08-09 05:43:03,330 [s1-impl-thread1] INFO  segmented.SegmentedRaftLogWorker (SegmentedRaftLogWorker.java:lambda$new$0(135)) - s1@group-A8EB2453EBF5-SegmentedRaftLogWorker: safeCacheEvictIndex: setUnconditionally 0 -> -1
2022-08-09 05:43:03,330 [s1-impl-thread1] TRACE segmented.SegmentedRaftLogCache (AutoCloseableReadWriteLock.java:logLocking(65)) - s1@group-A8EB2453EBF5: readLock ACQUIRED 1 by SegmentedRaftLogCache.getStartIndex
2022-08-09 05:43:03,331 [s1-impl-thread1] TRACE segmented.SegmentedRaftLogCache (AutoCloseableReadWriteLock.java:logLocking(65)) -   s1@group-A8EB2453EBF5: readLock ACQUIRED 2 by SegmentedRaftLogCache$LogSegmentList.isEmpty
2022-08-09 05:43:03,331 [s1-impl-thread1] TRACE segmented.SegmentedRaftLogCache (AutoCloseableReadWriteLock.java:logLocking(65)) -   s1@group-A8EB2453EBF5: readLock RELEASED 1 by SegmentedRaftLogCache$LogSegmentList.isEmpty
2022-08-09 05:43:03,331 [s1-impl-thread1] TRACE segmented.SegmentedRaftLogCache (AutoCloseableReadWriteLock.java:logLocking(65)) - s1@group-A8EB2453EBF5: readLock RELEASED 0 by SegmentedRaftLogCache.getStartIndex
2022-08-09 05:43:03,331 [s1-impl-thread1] INFO  server.RaftServer$Division (RaftServerImpl.java:start(314)) - s1@group-A8EB2453EBF5: start as a follower, conf=-1: peers:[s0|rpc:localhost:41673|admin:localhost:42127|client:localhost:45967|dataStream:localhost:35821|priority:0|startupRole:FOLLOWER, s1|rpc:localhost:44243|admin:localhost:33637|client:localhost:46107|dataStream:localhost:39503|priority:0|startupRole:FOLLOWER, s2|rpc:localhost:39945|admin:localhost:41877|client:localhost:34005|dataStream:localhost:37913|priority:0|startupRole:FOLLOWER]|listeners:[], old=null
2022-08-09 05:43:03,331 [s1-impl-thread1] INFO  server.RaftServer$Division (RaftServerImpl.java:setRole(301)) - s1@group-A8EB2453EBF5: changes role from      null to FOLLOWER at term 0 for startAsFollower
2022-08-09 05:43:03,331 [s1-impl-thread1] INFO  impl.RoleInfo (RoleInfo.java:updateAndGet(139)) - s1: start s1@group-A8EB2453EBF5-FollowerState
2022-08-09 05:43:03,331 [s1-impl-thread1] INFO  util.JmxRegister (JmxRegister.java:tryRegister(44)) - Successfully registered JMX Bean with object name Ratis:service=RaftServer,group=group-A8EB2453EBF5,id=s1
2022-08-09 05:43:03,331 [s1-impl-thread1] INFO  server.RaftServerConfigKeys (ConfUtils.java:logGet(46)) - raft.server.snapshot.auto.trigger.enabled = false (default)
2022-08-09 05:43:03,331 [s1-impl-thread1] INFO  server.RaftServerConfigKeys (ConfUtils.java:logGet(46)) - raft.server.snapshot.retention.file.num = -1 (default)
2022-08-09 05:43:03,331 [s1-impl-thread1] INFO  server.RaftServerConfigKeys (ConfUtils.java:logGet(46)) - raft.server.log.purge.upto.snapshot.index = false (default)
2022-08-09 05:43:03,332 [Time-limited test] INFO  server.RaftServer (RaftServerProxy.java:startImpl(387)) - s1: start RPC server
2022-08-09 05:43:03,333 [s2-impl-thread1] INFO  storage.RaftStorageDirectory (RaftStorageDirectoryImpl.java:analyzeStorage(137)) - The storage directory /home/runner/work/ratis/ratis/ratis-test/target/test/data/2baaa1de/MiniRaftClusterWithSimulatedRpc3b4f24d4/s2/bbd46d57-59f4-4845-aaae-a8eb2453ebf5 does not exist. Creating ...
2022-08-09 05:43:03,333 [s2-impl-thread1] TRACE util.FileUtils (LogUtils.java:runAndLog(49)) - Successfully ran Files.createDirectories /home/runner/work/ratis/ratis/ratis-test/target/test/data/2baaa1de/MiniRaftClusterWithSimulatedRpc3b4f24d4/s2/bbd46d57-59f4-4845-aaae-a8eb2453ebf5
2022-08-09 05:43:03,333 [org.apache.ratis.util.JvmPauseMonitor$$Lambda$262/142898044@37c1786c] INFO  util.JvmPauseMonitor (JvmPauseMonitor.java:run(103)) - JvmPauseMonitor-s1: Started
2022-08-09 05:43:03,334 [s2-impl-thread1] INFO  storage.RaftStorageDirectory (RaftStorageDirectoryImpl.java:tryLock(231)) - Lock on /home/runner/work/ratis/ratis/ratis-test/target/test/data/2baaa1de/MiniRaftClusterWithSimulatedRpc3b4f24d4/s2/bbd46d57-59f4-4845-aaae-a8eb2453ebf5/in_use.lock acquired by nodename 4131@fv-az59-8.csjynl4pkq3e1pkirw3ssqjfoh.cx.internal.cloudapp.net
2022-08-09 05:43:03,334 [s2-impl-thread1] TRACE util.FileUtils (LogUtils.java:runAndLog(49)) - Successfully ran Files.createDirectories /home/runner/work/ratis/ratis/ratis-test/target/test/data/2baaa1de/MiniRaftClusterWithSimulatedRpc3b4f24d4/s2/bbd46d57-59f4-4845-aaae-a8eb2453ebf5/current
2022-08-09 05:43:03,334 [s2-impl-thread1] TRACE util.FileUtils (LogUtils.java:runAndLog(49)) - Successfully ran Files.createDirectories /home/runner/work/ratis/ratis/ratis-test/target/test/data/2baaa1de/MiniRaftClusterWithSimulatedRpc3b4f24d4/s2/bbd46d57-59f4-4845-aaae-a8eb2453ebf5/sm
2022-08-09 05:43:03,336 [s2-impl-thread1] INFO  storage.RaftStorage (RaftStorageImpl.java:format(96)) - Storage directory /home/runner/work/ratis/ratis/ratis-test/target/test/data/2baaa1de/MiniRaftClusterWithSimulatedRpc3b4f24d4/s2/bbd46d57-59f4-4845-aaae-a8eb2453ebf5 has been successfully formatted.
2022-08-09 05:43:03,336 [s2-impl-thread1] INFO  statemachine.SimpleStateMachine4Testing (SimpleStateMachine4Testing.java:initialize(212)) - Initializing SimpleStateMachine4Testing:uninitialized
2022-08-09 05:43:03,336 [s2-impl-thread1] INFO  statemachine.SimpleStateMachine4Testing (SimpleStateMachine4Testing.java:loadSnapshot(306)) - The snapshot file null does not exist
2022-08-09 05:43:03,336 [s2-impl-thread1] INFO  server.RaftServerConfigKeys (ConfUtils.java:logGet(46)) - raft.server.log.use.memory = false (default)
2022-08-09 05:43:03,336 [s2-impl-thread1] INFO  server.RaftServerConfigKeys (ConfUtils.java:logGet(46)) - raft.server.log.purge.gap = 1024 (default)
2022-08-09 05:43:03,336 [s2-impl-thread1] INFO  server.RaftServerConfigKeys (ConfUtils.java:logGet(46)) - raft.server.log.appender.buffer.byte-limit = 4MB (=4194304) (default)
2022-08-09 05:43:03,336 [s2-impl-thread1] INFO  server.RaftServerConfigKeys (ConfUtils.java:logGet(46)) - raft.server.log.statemachine.data.read.timeout = 1000ms (default)
2022-08-09 05:43:03,336 [s2-impl-thread1] INFO  server.RaftServerConfigKeys (ConfUtils.java:logGet(46)) - raft.server.log.purge.preservation.log.num = 0 (default)
2022-08-09 05:43:03,336 [s2-impl-thread1] INFO  server.RaftServerConfigKeys (ConfUtils.java:logGet(46)) - raft.server.log.segment.size.max = 8KB (=8192) (custom)
2022-08-09 05:43:03,336 [s2-impl-thread1] INFO  server.RaftServerConfigKeys (ConfUtils.java:logGet(46)) - raft.server.log.segment.cache.num.max = 6 (default)
2022-08-09 05:43:03,336 [s2-impl-thread1] INFO  server.RaftServerConfigKeys (ConfUtils.java:logGet(46)) - raft.server.log.segment.cache.size.max = 200MB (=209715200) (default)
2022-08-09 05:43:03,336 [s2-impl-thread1] INFO  segmented.SegmentedRaftLogWorker (SegmentedRaftLogWorker.java:<init>(187)) - new s2@group-A8EB2453EBF5-SegmentedRaftLogWorker for RaftStorageImpl:Storage Directory /home/runner/work/ratis/ratis/ratis-test/target/test/data/2baaa1de/MiniRaftClusterWithSimulatedRpc3b4f24d4/s2/bbd46d57-59f4-4845-aaae-a8eb2453ebf5
2022-08-09 05:43:03,336 [s2-impl-thread1] INFO  server.RaftServerConfigKeys (ConfUtils.java:logGet(46)) - raft.server.log.queue.byte-limit = 64MB (=67108864) (default)
2022-08-09 05:43:03,336 [s2-impl-thread1] INFO  server.RaftServerConfigKeys (ConfUtils.java:logGet(46)) - raft.server.log.queue.element-limit = 4096 (default)
2022-08-09 05:43:03,336 [s2-impl-thread1] INFO  server.RaftServerConfigKeys (ConfUtils.java:logGet(46)) - raft.server.log.segment.size.max = 8KB (=8192) (custom)
2022-08-09 05:43:03,337 [s2-impl-thread1] INFO  server.RaftServerConfigKeys (ConfUtils.java:logGet(46)) - raft.server.log.preallocated.size = 4MB (=4194304) (default)
2022-08-09 05:43:03,337 [s2-impl-thread1] INFO  server.RaftServerConfigKeys (ConfUtils.java:logGet(46)) - raft.server.log.force.sync.num = 128 (default)
2022-08-09 05:43:03,337 [s2-impl-thread1] INFO  server.RaftServerConfigKeys (ConfUtils.java:logGet(46)) - raft.server.log.statemachine.data.sync = true (default)
2022-08-09 05:43:03,337 [s2-impl-thread1] INFO  server.RaftServerConfigKeys (ConfUtils.java:logGet(46)) - raft.server.log.statemachine.data.sync.timeout = 10s (default)
2022-08-09 05:43:03,337 [s2-impl-thread1] INFO  server.RaftServerConfigKeys (ConfUtils.java:logGet(46)) - raft.server.log.statemachine.data.sync.timeout.retry = -1 (default)
2022-08-09 05:43:03,337 [s2-impl-thread1] INFO  server.RaftServerConfigKeys (ConfUtils.java:logGet(46)) - raft.server.log.write.buffer.size = 64KB (=65536) (default)
2022-08-09 05:43:03,337 [s2-impl-thread1] INFO  server.RaftServerConfigKeys (ConfUtils.java:logGet(46)) - raft.server.log.unsafe-flush.enabled = false (default)
2022-08-09 05:43:03,337 [s2-impl-thread1] INFO  server.RaftServerConfigKeys (ConfUtils.java:logGet(46)) - raft.server.log.statemachine.data.caching.enabled = false (default)
2022-08-09 05:43:03,337 [s2-impl-thread1] TRACE segmented.SegmentedRaftLogCache (AutoCloseableReadWriteLock.java:logLocking(65)) - s2@group-A8EB2453EBF5: readLock ACQUIRED 1 by SegmentedRaftLogCache$LogSegmentList.isEmpty
2022-08-09 05:43:03,337 [s2-impl-thread1] TRACE segmented.SegmentedRaftLogCache (AutoCloseableReadWriteLock.java:logLocking(65)) - s2@group-A8EB2453EBF5: readLock RELEASED 0 by SegmentedRaftLogCache$LogSegmentList.isEmpty
2022-08-09 05:43:03,338 [s2-impl-thread1] TRACE segmented.SegmentedRaftLogCache (AutoCloseableReadWriteLock.java:logLocking(65)) - s2@group-A8EB2453EBF5: readLock ACQUIRED 1 by SegmentedRaftLogCache.getEndIndex
2022-08-09 05:43:03,338 [s2-impl-thread1] TRACE segmented.SegmentedRaftLogCache (AutoCloseableReadWriteLock.java:logLocking(65)) -   s2@group-A8EB2453EBF5: readLock ACQUIRED 2 by SegmentedRaftLogCache$LogSegmentList.isEmpty
2022-08-09 05:43:03,338 [s2-impl-thread1] TRACE segmented.SegmentedRaftLogCache (AutoCloseableReadWriteLock.java:logLocking(65)) -   s2@group-A8EB2453EBF5: readLock RELEASED 1 by SegmentedRaftLogCache$LogSegmentList.isEmpty
2022-08-09 05:43:03,338 [s2-impl-thread1] TRACE segmented.SegmentedRaftLogCache (AutoCloseableReadWriteLock.java:logLocking(65)) - s2@group-A8EB2453EBF5: readLock RELEASED 0 by SegmentedRaftLogCache.getEndIndex
2022-08-09 05:43:03,338 [s2-impl-thread1] TRACE segmented.SegmentedRaftLogCache (AutoCloseableReadWriteLock.java:logLocking(65)) - s2@group-A8EB2453EBF5: readLock ACQUIRED 1 by SegmentedRaftLogCache.getLastIndexInClosedSegments
2022-08-09 05:43:03,338 [s2-impl-thread1] TRACE segmented.SegmentedRaftLogCache (AutoCloseableReadWriteLock.java:logLocking(65)) -   s2@group-A8EB2453EBF5: readLock ACQUIRED 2 by SegmentedRaftLogCache$LogSegmentList.isEmpty
2022-08-09 05:43:03,338 [s2-impl-thread1] TRACE segmented.SegmentedRaftLogCache (AutoCloseableReadWriteLock.java:logLocking(65)) -   s2@group-A8EB2453EBF5: readLock RELEASED 1 by SegmentedRaftLogCache$LogSegmentList.isEmpty
2022-08-09 05:43:03,338 [s2-impl-thread1] TRACE segmented.SegmentedRaftLogCache (AutoCloseableReadWriteLock.java:logLocking(65)) - s2@group-A8EB2453EBF5: readLock RELEASED 0 by SegmentedRaftLogCache.getLastIndexInClosedSegments
2022-08-09 05:43:03,338 [s2-impl-thread1] INFO  segmented.SegmentedRaftLogWorker (SegmentedRaftLogWorker.java:lambda$new$0(135)) - s2@group-A8EB2453EBF5-SegmentedRaftLogWorker: flushIndex: setUnconditionally 0 -> -1
2022-08-09 05:43:03,339 [s2-impl-thread1] INFO  segmented.SegmentedRaftLogWorker (SegmentedRaftLogWorker.java:lambda$new$0(135)) - s2@group-A8EB2453EBF5-SegmentedRaftLogWorker: safeCacheEvictIndex: setUnconditionally 0 -> -1
2022-08-09 05:43:03,340 [s2-impl-thread1] TRACE segmented.SegmentedRaftLogCache (AutoCloseableReadWriteLock.java:logLocking(65)) - s2@group-A8EB2453EBF5: readLock ACQUIRED 1 by SegmentedRaftLogCache.getStartIndex
2022-08-09 05:43:03,340 [s2-impl-thread1] TRACE segmented.SegmentedRaftLogCache (AutoCloseableReadWriteLock.java:logLocking(65)) -   s2@group-A8EB2453EBF5: readLock ACQUIRED 2 by SegmentedRaftLogCache$LogSegmentList.isEmpty
2022-08-09 05:43:03,340 [s2-impl-thread1] TRACE segmented.SegmentedRaftLogCache (AutoCloseableReadWriteLock.java:logLocking(65)) -   s2@group-A8EB2453EBF5: readLock RELEASED 1 by SegmentedRaftLogCache$LogSegmentList.isEmpty
2022-08-09 05:43:03,340 [s2-impl-thread1] TRACE segmented.SegmentedRaftLogCache (AutoCloseableReadWriteLock.java:logLocking(65)) - s2@group-A8EB2453EBF5: readLock RELEASED 0 by SegmentedRaftLogCache.getStartIndex
2022-08-09 05:43:03,340 [s2-impl-thread1] INFO  server.RaftServer$Division (RaftServerImpl.java:start(314)) - s2@group-A8EB2453EBF5: start as a follower, conf=-1: peers:[s0|rpc:localhost:41673|admin:localhost:42127|client:localhost:45967|dataStream:localhost:35821|priority:0|startupRole:FOLLOWER, s1|rpc:localhost:44243|admin:localhost:33637|client:localhost:46107|dataStream:localhost:39503|priority:0|startupRole:FOLLOWER, s2|rpc:localhost:39945|admin:localhost:41877|client:localhost:34005|dataStream:localhost:37913|priority:0|startupRole:FOLLOWER]|listeners:[], old=null
2022-08-09 05:43:03,340 [s2-impl-thread1] INFO  server.RaftServer$Division (RaftServerImpl.java:setRole(301)) - s2@group-A8EB2453EBF5: changes role from      null to FOLLOWER at term 0 for startAsFollower
2022-08-09 05:43:03,340 [s2-impl-thread1] INFO  impl.RoleInfo (RoleInfo.java:updateAndGet(139)) - s2: start s2@group-A8EB2453EBF5-FollowerState
2022-08-09 05:43:03,340 [s2-impl-thread1] INFO  util.JmxRegister (JmxRegister.java:tryRegister(44)) - Successfully registered JMX Bean with object name Ratis:service=RaftServer,group=group-A8EB2453EBF5,id=s2
2022-08-09 05:43:03,340 [s2-impl-thread1] INFO  server.RaftServerConfigKeys (ConfUtils.java:logGet(46)) - raft.server.snapshot.auto.trigger.enabled = false (default)
2022-08-09 05:43:03,340 [s2-impl-thread1] INFO  server.RaftServerConfigKeys (ConfUtils.java:logGet(46)) - raft.server.snapshot.retention.file.num = -1 (default)
2022-08-09 05:43:03,340 [s2-impl-thread1] INFO  server.RaftServerConfigKeys (ConfUtils.java:logGet(46)) - raft.server.log.purge.upto.snapshot.index = false (default)
2022-08-09 05:43:03,341 [Time-limited test] INFO  server.RaftServer (RaftServerProxy.java:startImpl(387)) - s2: start RPC server
2022-08-09 05:43:03,341 [org.apache.ratis.util.JvmPauseMonitor$$Lambda$262/142898044@212e0765] INFO  util.JvmPauseMonitor (JvmPauseMonitor.java:run(103)) - JvmPauseMonitor-s2: Started
2022-08-09 05:43:03,342 [Time-limited test] INFO  server.RaftServerConfigKeys (ConfUtils.java:logGet(46)) - raft.server.rpc.timeout.max = 300ms (default)
2022-08-09 05:43:03,342 [Time-limited test] INFO  ratis.RaftTestUtil (RaftTestUtil.java:waitForLeader(100)) - printing ALL groups
  s0:  RUNNING  FOLLOWER s0@group-A8EB2453EBF5:t0, leader=null, voted=, raftlog=Memoized:s0@group-A8EB2453EBF5-SegmentedRaftLog:OPENED:c-1, conf=-1: peers:[s0|rpc:localhost:41673|admin:localhost:42127|client:localhost:45967|dataStream:localhost:35821|priority:0|startupRole:FOLLOWER, s1|rpc:localhost:44243|admin:localhost:33637|client:localhost:46107|dataStream:localhost:39503|priority:0|startupRole:FOLLOWER, s2|rpc:localhost:39945|admin:localhost:41877|client:localhost:34005|dataStream:localhost:37913|priority:0|startupRole:FOLLOWER]|listeners:[], old=null RUNNING
  s1:  RUNNING  FOLLOWER s1@group-A8EB2453EBF5:t0, leader=null, voted=, raftlog=Memoized:s1@group-A8EB2453EBF5-SegmentedRaftLog:OPENED:c-1, conf=-1: peers:[s0|rpc:localhost:41673|admin:localhost:42127|client:localhost:45967|dataStream:localhost:35821|priority:0|startupRole:FOLLOWER, s1|rpc:localhost:44243|admin:localhost:33637|client:localhost:46107|dataStream:localhost:39503|priority:0|startupRole:FOLLOWER, s2|rpc:localhost:39945|admin:localhost:41877|client:localhost:34005|dataStream:localhost:37913|priority:0|startupRole:FOLLOWER]|listeners:[], old=null RUNNING
  s2:  RUNNING  FOLLOWER s2@group-A8EB2453EBF5:t0, leader=null, voted=, raftlog=Memoized:s2@group-A8EB2453EBF5-SegmentedRaftLog:OPENED:c-1, conf=-1: peers:[s0|rpc:localhost:41673|admin:localhost:42127|client:localhost:45967|dataStream:localhost:35821|priority:0|startupRole:FOLLOWER, s1|rpc:localhost:44243|admin:localhost:33637|client:localhost:46107|dataStream:localhost:39503|priority:0|startupRole:FOLLOWER, s2|rpc:localhost:39945|admin:localhost:41877|client:localhost:34005|dataStream:localhost:37913|priority:0|startupRole:FOLLOWER]|listeners:[], old=null RUNNING
2022-08-09 05:43:03,342 [Time-limited test] WARN  ratis.RaftTestUtil (JavaUtils.java:attempt(172)) - FAILED "waitForLeader-null-(expectLeader? true)", attempt #1/100: java.lang.IllegalStateException: No leader yet : printing ALL groups
  s0:  RUNNING  FOLLOWER s0@group-A8EB2453EBF5:t0, leader=null, voted=, raftlog=Memoized:s0@group-A8EB2453EBF5-SegmentedRaftLog:OPENED:c-1, conf=-1: peers:[s0|rpc:localhost:41673|admin:localhost:42127|client:localhost:45967|dataStream:localhost:35821|priority:0|startupRole:FOLLOWER, s1|rpc:localhost:44243|admin:localhost:33637|client:localhost:46107|dataStream:localhost:39503|priority:0|startupRole:FOLLOWER, s2|rpc:localhost:39945|admin:localhost:41877|client:localhost:34005|dataStream:localhost:37913|priority:0|startupRole:FOLLOWER]|listeners:[], old=null RUNNING
  s1:  RUNNING  FOLLOWER s1@group-A8EB2453EBF5:t0, leader=null, voted=, raftlog=Memoized:s1@group-A8EB2453EBF5-SegmentedRaftLog:OPENED:c-1, conf=-1: peers:[s0|rpc:localhost:41673|admin:localhost:42127|client:localhost:45967|dataStream:localhost:35821|priority:0|startupRole:FOLLOWER, s1|rpc:localhost:44243|admin:localhost:33637|client:localhost:46107|dataStream:localhost:39503|priority:0|startupRole:FOLLOWER, s2|rpc:localhost:39945|admin:localhost:41877|client:localhost:34005|dataStream:localhost:37913|priority:0|startupRole:FOLLOWER]|listeners:[], old=null RUNNING
  s2:  RUNNING  FOLLOWER s2@group-A8EB2453EBF5:t0, leader=null, voted=, raftlog=Memoized:s2@group-A8EB2453EBF5-SegmentedRaftLog:OPENED:c-1, conf=-1: peers:[s0|rpc:localhost:41673|admin:localhost:42127|client:localhost:45967|dataStream:localhost:35821|priority:0|startupRole:FOLLOWER, s1|rpc:localhost:44243|admin:localhost:33637|client:localhost:46107|dataStream:localhost:39503|priority:0|startupRole:FOLLOWER, s2|rpc:localhost:39945|admin:localhost:41877|client:localhost:34005|dataStream:localhost:37913|priority:0|startupRole:FOLLOWER]|listeners:[], old=null RUNNING, sleep 450ms and then retry.
java.lang.IllegalStateException: No leader yet : printing ALL groups
  s0:  RUNNING  FOLLOWER s0@group-A8EB2453EBF5:t0, leader=null, voted=, raftlog=Memoized:s0@group-A8EB2453EBF5-SegmentedRaftLog:OPENED:c-1, conf=-1: peers:[s0|rpc:localhost:41673|admin:localhost:42127|client:localhost:45967|dataStream:localhost:35821|priority:0|startupRole:FOLLOWER, s1|rpc:localhost:44243|admin:localhost:33637|client:localhost:46107|dataStream:localhost:39503|priority:0|startupRole:FOLLOWER, s2|rpc:localhost:39945|admin:localhost:41877|client:localhost:34005|dataStream:localhost:37913|priority:0|startupRole:FOLLOWER]|listeners:[], old=null RUNNING
  s1:  RUNNING  FOLLOWER s1@group-A8EB2453EBF5:t0, leader=null, voted=, raftlog=Memoized:s1@group-A8EB2453EBF5-SegmentedRaftLog:OPENED:c-1, conf=-1: peers:[s0|rpc:localhost:41673|admin:localhost:42127|client:localhost:45967|dataStream:localhost:35821|priority:0|startupRole:FOLLOWER, s1|rpc:localhost:44243|admin:localhost:33637|client:localhost:46107|dataStream:localhost:39503|priority:0|startupRole:FOLLOWER, s2|rpc:localhost:39945|admin:localhost:41877|client:localhost:34005|dataStream:localhost:37913|priority:0|startupRole:FOLLOWER]|listeners:[], old=null RUNNING
  s2:  RUNNING  FOLLOWER s2@group-A8EB2453EBF5:t0, leader=null, voted=, raftlog=Memoized:s2@group-A8EB2453EBF5-SegmentedRaftLog:OPENED:c-1, conf=-1: peers:[s0|rpc:localhost:41673|admin:localhost:42127|client:localhost:45967|dataStream:localhost:35821|priority:0|startupRole:FOLLOWER, s1|rpc:localhost:44243|admin:localhost:33637|client:localhost:46107|dataStream:localhost:39503|priority:0|startupRole:FOLLOWER, s2|rpc:localhost:39945|admin:localhost:41877|client:localhost:34005|dataStream:localhost:37913|priority:0|startupRole:FOLLOWER]|listeners:[], old=null RUNNING
	at org.apache.ratis.server.impl.MiniRaftCluster.newIllegalStateExceptionForNoLeaders(MiniRaftCluster.java:577)
	at org.apache.ratis.RaftTestUtil.lambda$waitForLeader$1(RaftTestUtil.java:104)
	at org.apache.ratis.server.impl.MiniRaftCluster.getLeader(MiniRaftCluster.java:611)
	at org.apache.ratis.server.impl.MiniRaftCluster.getLeader(MiniRaftCluster.java:604)
	at org.apache.ratis.RaftTestUtil.lambda$waitForLeader$3(RaftTestUtil.java:112)
	at org.apache.ratis.util.JavaUtils.attempt(JavaUtils.java:166)
	at org.apache.ratis.util.JavaUtils.attemptRepeatedly(JavaUtils.java:152)
	at org.apache.ratis.RaftTestUtil.waitForLeader(RaftTestUtil.java:111)
	at org.apache.ratis.RaftTestUtil.waitForLeader(RaftTestUtil.java:92)
	at org.apache.ratis.RaftTestUtil.waitForLeader(RaftTestUtil.java:87)
	at org.apache.ratis.server.ServerRestartTests.runTestRestartFollower(ServerRestartTests.java:92)
	at org.apache.ratis.server.impl.MiniRaftCluster$Factory$Get.runWithNewCluster(MiniRaftCluster.java:138)
	at org.apache.ratis.server.impl.MiniRaftCluster$Factory$Get.runWithNewCluster(MiniRaftCluster.java:118)
	at org.apache.ratis.server.ServerRestartTests.testRestartFollower(ServerRestartTests.java:88)
	at sun.reflect.NativeMethodAccessorImpl.invoke0(Native Method)
	at sun.reflect.NativeMethodAccessorImpl.invoke(NativeMethodAccessorImpl.java:62)
	at sun.reflect.DelegatingMethodAccessorImpl.invoke(DelegatingMethodAccessorImpl.java:43)
	at java.lang.reflect.Method.invoke(Method.java:498)
	at org.junit.runners.model.FrameworkMethod$1.runReflectiveCall(FrameworkMethod.java:59)
	at org.junit.internal.runners.model.ReflectiveCallable.run(ReflectiveCallable.java:12)
	at org.junit.runners.model.FrameworkMethod.invokeExplosively(FrameworkMethod.java:56)
	at org.junit.internal.runners.statements.InvokeMethod.evaluate(InvokeMethod.java:17)
	at org.junit.internal.runners.statements.RunAfters.evaluate(RunAfters.java:27)
	at org.junit.internal.runners.statements.FailOnTimeout$CallableStatement.call(FailOnTimeout.java:299)
	at org.junit.internal.runners.statements.FailOnTimeout$CallableStatement.call(FailOnTimeout.java:293)
	at java.util.concurrent.FutureTask.run(FutureTask.java:266)
	at java.lang.Thread.run(Thread.java:750)
2022-08-09 05:43:03,502 [s1@group-A8EB2453EBF5-FollowerState] INFO  impl.FollowerState (FollowerState.java:run(143)) - s1@group-A8EB2453EBF5-FollowerState: change to CANDIDATE, lastRpcElapsedTime:170922816ns, electionTimeout:170ms
2022-08-09 05:43:03,502 [s1@group-A8EB2453EBF5-FollowerState] INFO  impl.RoleInfo (RoleInfo.java:shutdownFollowerState(110)) - s1: shutdown s1@group-A8EB2453EBF5-FollowerState
2022-08-09 05:43:03,502 [s1@group-A8EB2453EBF5-FollowerState] INFO  server.RaftServer$Division (RaftServerImpl.java:setRole(301)) - s1@group-A8EB2453EBF5: changes role from  FOLLOWER to CANDIDATE at term 0 for changeToCandidate
2022-08-09 05:43:03,502 [s1@group-A8EB2453EBF5-FollowerState] INFO  server.RaftServerConfigKeys (ConfUtils.java:logGet(46)) - raft.server.leaderelection.pre-vote = true (default)
2022-08-09 05:43:03,502 [s1@group-A8EB2453EBF5-FollowerState] INFO  impl.RoleInfo (RoleInfo.java:updateAndGet(139)) - s1: start s1@group-A8EB2453EBF5-LeaderElection6
2022-08-09 05:43:03,503 [s1@group-A8EB2453EBF5-LeaderElection6] INFO  impl.LeaderElection (LeaderElection.java:askForVotes(310)) - s1@group-A8EB2453EBF5-LeaderElection6 PRE_VOTE round 0: submit vote requests at term 0 for -1: peers:[s0|rpc:localhost:41673|admin:localhost:42127|client:localhost:45967|dataStream:localhost:35821|priority:0|startupRole:FOLLOWER, s1|rpc:localhost:44243|admin:localhost:33637|client:localhost:46107|dataStream:localhost:39503|priority:0|startupRole:FOLLOWER, s2|rpc:localhost:39945|admin:localhost:41877|client:localhost:34005|dataStream:localhost:37913|priority:0|startupRole:FOLLOWER]|listeners:[], old=null
2022-08-09 05:43:03,503 [s1@group-A8EB2453EBF5-LeaderElection6] TRACE segmented.SegmentedRaftLogCache (AutoCloseableReadWriteLock.java:logLocking(65)) - s1@group-A8EB2453EBF5: readLock ACQUIRED 1 by SegmentedRaftLogCache.getLastTermIndex
2022-08-09 05:43:03,503 [s1@group-A8EB2453EBF5-LeaderElection6] TRACE segmented.SegmentedRaftLogCache (AutoCloseableReadWriteLock.java:logLocking(65)) -   s1@group-A8EB2453EBF5: readLock ACQUIRED 2 by SegmentedRaftLogCache$LogSegmentList.isEmpty
2022-08-09 05:43:03,503 [s1@group-A8EB2453EBF5-LeaderElection6] TRACE segmented.SegmentedRaftLogCache (AutoCloseableReadWriteLock.java:logLocking(65)) -   s1@group-A8EB2453EBF5: readLock RELEASED 1 by SegmentedRaftLogCache$LogSegmentList.isEmpty
2022-08-09 05:43:03,503 [s1@group-A8EB2453EBF5-LeaderElection6] TRACE segmented.SegmentedRaftLogCache (AutoCloseableReadWriteLock.java:logLocking(65)) - s1@group-A8EB2453EBF5: readLock RELEASED 0 by SegmentedRaftLogCache.getLastTermIndex
2022-08-09 05:43:03,504 [Thread-464] INFO  server.RaftServer$Division (RaftServerImpl.java:requestVote(1198)) - s0@group-A8EB2453EBF5: receive requestVote(PRE_VOTE, s1, group-A8EB2453EBF5, 0, (t:0, i:0))
2022-08-09 05:43:03,504 [Thread-479] INFO  server.RaftServer$Division (RaftServerImpl.java:requestVote(1198)) - s2@group-A8EB2453EBF5: receive requestVote(PRE_VOTE, s1, group-A8EB2453EBF5, 0, (t:0, i:0))
2022-08-09 05:43:03,504 [Thread-464] TRACE segmented.SegmentedRaftLogCache (AutoCloseableReadWriteLock.java:logLocking(65)) - s0@group-A8EB2453EBF5: readLock ACQUIRED 1 by SegmentedRaftLogCache.getLastTermIndex
2022-08-09 05:43:03,504 [Thread-464] TRACE segmented.SegmentedRaftLogCache (AutoCloseableReadWriteLock.java:logLocking(65)) -   s0@group-A8EB2453EBF5: readLock ACQUIRED 2 by SegmentedRaftLogCache$LogSegmentList.isEmpty
2022-08-09 05:43:03,504 [Thread-464] TRACE segmented.SegmentedRaftLogCache (AutoCloseableReadWriteLock.java:logLocking(65)) -   s0@group-A8EB2453EBF5: readLock RELEASED 1 by SegmentedRaftLogCache$LogSegmentList.isEmpty
2022-08-09 05:43:03,504 [Thread-464] TRACE segmented.SegmentedRaftLogCache (AutoCloseableReadWriteLock.java:logLocking(65)) - s0@group-A8EB2453EBF5: readLock RELEASED 0 by SegmentedRaftLogCache.getLastTermIndex
2022-08-09 05:43:03,504 [Thread-464] INFO  impl.VoteContext (VoteContext.java:log(48)) - s0@group-A8EB2453EBF5-FOLLOWER: accept PRE_VOTE from s1: our priority 0 <= candidate's priority 0
2022-08-09 05:43:03,504 [Thread-464] INFO  server.RaftServer$Division (RaftServerImpl.java:requestVote(1231)) - s0@group-A8EB2453EBF5 replies to PRE_VOTE vote request: s1<-s0#0:OK-t0. Peer's state: s0@group-A8EB2453EBF5:t0, leader=null, voted=, raftlog=Memoized:s0@group-A8EB2453EBF5-SegmentedRaftLog:OPENED:c-1, conf=-1: peers:[s0|rpc:localhost:41673|admin:localhost:42127|client:localhost:45967|dataStream:localhost:35821|priority:0|startupRole:FOLLOWER, s1|rpc:localhost:44243|admin:localhost:33637|client:localhost:46107|dataStream:localhost:39503|priority:0|startupRole:FOLLOWER, s2|rpc:localhost:39945|admin:localhost:41877|client:localhost:34005|dataStream:localhost:37913|priority:0|startupRole:FOLLOWER]|listeners:[], old=null
2022-08-09 05:43:03,504 [Thread-479] TRACE segmented.SegmentedRaftLogCache (AutoCloseableReadWriteLock.java:logLocking(65)) - s2@group-A8EB2453EBF5: readLock ACQUIRED 1 by SegmentedRaftLogCache.getLastTermIndex
2022-08-09 05:43:03,504 [Thread-479] TRACE segmented.SegmentedRaftLogCache (AutoCloseableReadWriteLock.java:logLocking(65)) -   s2@group-A8EB2453EBF5: readLock ACQUIRED 2 by SegmentedRaftLogCache$LogSegmentList.isEmpty
2022-08-09 05:43:03,504 [Thread-479] TRACE segmented.SegmentedRaftLogCache (AutoCloseableReadWriteLock.java:logLocking(65)) -   s2@group-A8EB2453EBF5: readLock RELEASED 1 by SegmentedRaftLogCache$LogSegmentList.isEmpty
2022-08-09 05:43:03,504 [Thread-479] TRACE segmented.SegmentedRaftLogCache (AutoCloseableReadWriteLock.java:logLocking(65)) - s2@group-A8EB2453EBF5: readLock RELEASED 0 by SegmentedRaftLogCache.getLastTermIndex
2022-08-09 05:43:03,505 [Thread-479] INFO  impl.VoteContext (VoteContext.java:log(48)) - s2@group-A8EB2453EBF5-FOLLOWER: accept PRE_VOTE from s1: our priority 0 <= candidate's priority 0
2022-08-09 05:43:03,505 [Thread-479] INFO  server.RaftServer$Division (RaftServerImpl.java:requestVote(1231)) - s2@group-A8EB2453EBF5 replies to PRE_VOTE vote request: s1<-s2#0:OK-t0. Peer's state: s2@group-A8EB2453EBF5:t0, leader=null, voted=, raftlog=Memoized:s2@group-A8EB2453EBF5-SegmentedRaftLog:OPENED:c-1, conf=-1: peers:[s0|rpc:localhost:41673|admin:localhost:42127|client:localhost:45967|dataStream:localhost:35821|priority:0|startupRole:FOLLOWER, s1|rpc:localhost:44243|admin:localhost:33637|client:localhost:46107|dataStream:localhost:39503|priority:0|startupRole:FOLLOWER, s2|rpc:localhost:39945|admin:localhost:41877|client:localhost:34005|dataStream:localhost:37913|priority:0|startupRole:FOLLOWER]|listeners:[], old=null
2022-08-09 05:43:03,505 [s1@group-A8EB2453EBF5-LeaderElection6] INFO  impl.LeaderElection (LeaderElection.java:logAndReturn(90)) - s1@group-A8EB2453EBF5-LeaderElection6: PRE_VOTE PASSED received 1 response(s) and 0 exception(s):
2022-08-09 05:43:03,505 [s1@group-A8EB2453EBF5-LeaderElection6] INFO  impl.LeaderElection (LeaderElection.java:logAndReturn(94)) -   Response 0: s1<-s0#0:OK-t0
2022-08-09 05:43:03,505 [s1@group-A8EB2453EBF5-LeaderElection6] INFO  impl.LeaderElection (LeaderElection.java:askForVotes(312)) - s1@group-A8EB2453EBF5-LeaderElection6 PRE_VOTE round 0: result PASSED
2022-08-09 05:43:03,507 [s1@group-A8EB2453EBF5-LeaderElection6] INFO  impl.LeaderElection (LeaderElection.java:askForVotes(310)) - s1@group-A8EB2453EBF5-LeaderElection6 ELECTION round 0: submit vote requests at term 1 for -1: peers:[s0|rpc:localhost:41673|admin:localhost:42127|client:localhost:45967|dataStream:localhost:35821|priority:0|startupRole:FOLLOWER, s1|rpc:localhost:44243|admin:localhost:33637|client:localhost:46107|dataStream:localhost:39503|priority:0|startupRole:FOLLOWER, s2|rpc:localhost:39945|admin:localhost:41877|client:localhost:34005|dataStream:localhost:37913|priority:0|startupRole:FOLLOWER]|listeners:[], old=null
2022-08-09 05:43:03,507 [s1@group-A8EB2453EBF5-LeaderElection6] TRACE segmented.SegmentedRaftLogCache (AutoCloseableReadWriteLock.java:logLocking(65)) - s1@group-A8EB2453EBF5: readLock ACQUIRED 1 by SegmentedRaftLogCache.getLastTermIndex
2022-08-09 05:43:03,507 [s1@group-A8EB2453EBF5-LeaderElection6] TRACE segmented.SegmentedRaftLogCache (AutoCloseableReadWriteLock.java:logLocking(65)) -   s1@group-A8EB2453EBF5: readLock ACQUIRED 2 by SegmentedRaftLogCache$LogSegmentList.isEmpty
2022-08-09 05:43:03,507 [s1@group-A8EB2453EBF5-LeaderElection6] TRACE segmented.SegmentedRaftLogCache (AutoCloseableReadWriteLock.java:logLocking(65)) -   s1@group-A8EB2453EBF5: readLock RELEASED 1 by SegmentedRaftLogCache$LogSegmentList.isEmpty
2022-08-09 05:43:03,507 [s1@group-A8EB2453EBF5-LeaderElection6] TRACE segmented.SegmentedRaftLogCache (AutoCloseableReadWriteLock.java:logLocking(65)) - s1@group-A8EB2453EBF5: readLock RELEASED 0 by SegmentedRaftLogCache.getLastTermIndex
2022-08-09 05:43:03,508 [Thread-465] INFO  server.RaftServer$Division (RaftServerImpl.java:requestVote(1198)) - s0@group-A8EB2453EBF5: receive requestVote(ELECTION, s1, group-A8EB2453EBF5, 1, (t:0, i:0))
2022-08-09 05:43:03,509 [Thread-480] INFO  server.RaftServer$Division (RaftServerImpl.java:requestVote(1198)) - s2@group-A8EB2453EBF5: receive requestVote(ELECTION, s1, group-A8EB2453EBF5, 1, (t:0, i:0))
2022-08-09 05:43:03,509 [Thread-480] TRACE segmented.SegmentedRaftLogCache (AutoCloseableReadWriteLock.java:logLocking(65)) - s2@group-A8EB2453EBF5: readLock ACQUIRED 1 by SegmentedRaftLogCache.getLastTermIndex
2022-08-09 05:43:03,509 [Thread-480] TRACE segmented.SegmentedRaftLogCache (AutoCloseableReadWriteLock.java:logLocking(65)) -   s2@group-A8EB2453EBF5: readLock ACQUIRED 2 by SegmentedRaftLogCache$LogSegmentList.isEmpty
2022-08-09 05:43:03,509 [Thread-480] TRACE segmented.SegmentedRaftLogCache (AutoCloseableReadWriteLock.java:logLocking(65)) -   s2@group-A8EB2453EBF5: readLock RELEASED 1 by SegmentedRaftLogCache$LogSegmentList.isEmpty
2022-08-09 05:43:03,509 [Thread-480] TRACE segmented.SegmentedRaftLogCache (AutoCloseableReadWriteLock.java:logLocking(65)) - s2@group-A8EB2453EBF5: readLock RELEASED 0 by SegmentedRaftLogCache.getLastTermIndex
2022-08-09 05:43:03,509 [Thread-480] INFO  impl.VoteContext (VoteContext.java:log(48)) - s2@group-A8EB2453EBF5-FOLLOWER: accept ELECTION from s1: our priority 0 <= candidate's priority 0
2022-08-09 05:43:03,509 [Thread-480] INFO  server.RaftServer$Division (RaftServerImpl.java:setRole(301)) - s2@group-A8EB2453EBF5: changes role from  FOLLOWER to FOLLOWER at term 1 for candidate:s1
2022-08-09 05:43:03,509 [Thread-480] INFO  impl.RoleInfo (RoleInfo.java:shutdownFollowerState(110)) - s2: shutdown s2@group-A8EB2453EBF5-FollowerState
2022-08-09 05:43:03,509 [Thread-480] INFO  impl.RoleInfo (RoleInfo.java:updateAndGet(139)) - s2: start s2@group-A8EB2453EBF5-FollowerState
2022-08-09 05:43:03,509 [s2@group-A8EB2453EBF5-FollowerState] INFO  impl.FollowerState (FollowerState.java:run(152)) - s2@group-A8EB2453EBF5-FollowerState was interrupted
2022-08-09 05:43:03,509 [Thread-465] TRACE segmented.SegmentedRaftLogCache (AutoCloseableReadWriteLock.java:logLocking(65)) - s0@group-A8EB2453EBF5: readLock ACQUIRED 1 by SegmentedRaftLogCache.getLastTermIndex
2022-08-09 05:43:03,509 [Thread-465] TRACE segmented.SegmentedRaftLogCache (AutoCloseableReadWriteLock.java:logLocking(65)) -   s0@group-A8EB2453EBF5: readLock ACQUIRED 2 by SegmentedRaftLogCache$LogSegmentList.isEmpty
2022-08-09 05:43:03,509 [Thread-465] TRACE segmented.SegmentedRaftLogCache (AutoCloseableReadWriteLock.java:logLocking(65)) -   s0@group-A8EB2453EBF5: readLock RELEASED 1 by SegmentedRaftLogCache$LogSegmentList.isEmpty
2022-08-09 05:43:03,509 [Thread-465] TRACE segmented.SegmentedRaftLogCache (AutoCloseableReadWriteLock.java:logLocking(65)) - s0@group-A8EB2453EBF5: readLock RELEASED 0 by SegmentedRaftLogCache.getLastTermIndex
2022-08-09 05:43:03,509 [Thread-465] INFO  impl.VoteContext (VoteContext.java:log(48)) - s0@group-A8EB2453EBF5-FOLLOWER: accept ELECTION from s1: our priority 0 <= candidate's priority 0
2022-08-09 05:43:03,509 [Thread-465] INFO  server.RaftServer$Division (RaftServerImpl.java:setRole(301)) - s0@group-A8EB2453EBF5: changes role from  FOLLOWER to FOLLOWER at term 1 for candidate:s1
2022-08-09 05:43:03,510 [Thread-465] INFO  impl.RoleInfo (RoleInfo.java:shutdownFollowerState(110)) - s0: shutdown s0@group-A8EB2453EBF5-FollowerState
2022-08-09 05:43:03,510 [Thread-465] INFO  impl.RoleInfo (RoleInfo.java:updateAndGet(139)) - s0: start s0@group-A8EB2453EBF5-FollowerState
2022-08-09 05:43:03,510 [s0@group-A8EB2453EBF5-FollowerState] INFO  impl.FollowerState (FollowerState.java:run(152)) - s0@group-A8EB2453EBF5-FollowerState was interrupted
2022-08-09 05:43:03,511 [Thread-465] INFO  server.RaftServer$Division (RaftServerImpl.java:requestVote(1231)) - s0@group-A8EB2453EBF5 replies to ELECTION vote request: s1<-s0#0:OK-t1. Peer's state: s0@group-A8EB2453EBF5:t1, leader=null, voted=s1, raftlog=Memoized:s0@group-A8EB2453EBF5-SegmentedRaftLog:OPENED:c-1, conf=-1: peers:[s0|rpc:localhost:41673|admin:localhost:42127|client:localhost:45967|dataStream:localhost:35821|priority:0|startupRole:FOLLOWER, s1|rpc:localhost:44243|admin:localhost:33637|client:localhost:46107|dataStream:localhost:39503|priority:0|startupRole:FOLLOWER, s2|rpc:localhost:39945|admin:localhost:41877|client:localhost:34005|dataStream:localhost:37913|priority:0|startupRole:FOLLOWER]|listeners:[], old=null
2022-08-09 05:43:03,511 [Thread-480] INFO  server.RaftServer$Division (RaftServerImpl.java:requestVote(1231)) - s2@group-A8EB2453EBF5 replies to ELECTION vote request: s1<-s2#0:OK-t1. Peer's state: s2@group-A8EB2453EBF5:t1, leader=null, voted=s1, raftlog=Memoized:s2@group-A8EB2453EBF5-SegmentedRaftLog:OPENED:c-1, conf=-1: peers:[s0|rpc:localhost:41673|admin:localhost:42127|client:localhost:45967|dataStream:localhost:35821|priority:0|startupRole:FOLLOWER, s1|rpc:localhost:44243|admin:localhost:33637|client:localhost:46107|dataStream:localhost:39503|priority:0|startupRole:FOLLOWER, s2|rpc:localhost:39945|admin:localhost:41877|client:localhost:34005|dataStream:localhost:37913|priority:0|startupRole:FOLLOWER]|listeners:[], old=null
2022-08-09 05:43:03,511 [s1@group-A8EB2453EBF5-LeaderElection6] INFO  impl.LeaderElection (LeaderElection.java:logAndReturn(90)) - s1@group-A8EB2453EBF5-LeaderElection6: ELECTION PASSED received 1 response(s) and 0 exception(s):
2022-08-09 05:43:03,511 [s1@group-A8EB2453EBF5-LeaderElection6] INFO  impl.LeaderElection (LeaderElection.java:logAndReturn(94)) -   Response 0: s1<-s2#0:OK-t1
2022-08-09 05:43:03,511 [s1@group-A8EB2453EBF5-LeaderElection6] INFO  impl.LeaderElection (LeaderElection.java:askForVotes(312)) - s1@group-A8EB2453EBF5-LeaderElection6 ELECTION round 0: result PASSED
2022-08-09 05:43:03,511 [s1@group-A8EB2453EBF5-LeaderElection6] INFO  impl.RoleInfo (RoleInfo.java:shutdownLeaderElection(130)) - s1: shutdown s1@group-A8EB2453EBF5-LeaderElection6
2022-08-09 05:43:03,511 [s1@group-A8EB2453EBF5-LeaderElection6] INFO  server.RaftServer$Division (RaftServerImpl.java:setRole(301)) - s1@group-A8EB2453EBF5: changes role from CANDIDATE to LEADER at term 1 for changeToLeader
2022-08-09 05:43:03,511 [s1@group-A8EB2453EBF5-LeaderElection6] INFO  server.RaftServer$Division (ServerState.java:setLeader(313)) - s1@group-A8EB2453EBF5: change Leader from null to s1 at term 1 for becomeLeader, leader elected after 198ms
2022-08-09 05:43:03,511 [s1@group-A8EB2453EBF5-LeaderElection6] INFO  server.RaftServerConfigKeys (ConfUtils.java:logGet(46)) - raft.server.staging.catchup.gap = 1000 (default)
2022-08-09 05:43:03,511 [s1@group-A8EB2453EBF5-LeaderElection6] INFO  server.RaftServerConfigKeys (ConfUtils.java:logGet(46)) - raft.server.write.element-limit = 4096 (default)
2022-08-09 05:43:03,511 [s1@group-A8EB2453EBF5-LeaderElection6] INFO  server.RaftServerConfigKeys (ConfUtils.java:logGet(46)) - raft.server.write.byte-limit = 64MB (=67108864) (default)
2022-08-09 05:43:03,512 [s1@group-A8EB2453EBF5-LeaderElection6] INFO  server.RaftServerConfigKeys (ConfUtils.java:logGet(46)) - raft.server.watch.timeout = 10s (default)
2022-08-09 05:43:03,512 [s1@group-A8EB2453EBF5-LeaderElection6] INFO  server.RaftServerConfigKeys (ConfUtils.java:logGet(46)) - raft.server.watch.timeout.denomination = 1s (default)
2022-08-09 05:43:03,512 [s1@group-A8EB2453EBF5-LeaderElection6] INFO  server.RaftServerConfigKeys (ConfUtils.java:logGet(46)) - raft.server.watch.element-limit = 65536 (default)
2022-08-09 05:43:03,512 [s1@group-A8EB2453EBF5-LeaderElection6] INFO  server.RaftServerConfigKeys (ConfUtils.java:logGet(46)) - raft.server.write.element-limit = 4096 (default)
2022-08-09 05:43:03,512 [s1@group-A8EB2453EBF5-LeaderElection6] INFO  server.RaftServerConfigKeys (ConfUtils.java:logGet(46)) - raft.server.write.follower.gap.ratio.max = -1.0 (default)
2022-08-09 05:43:03,512 [s1@group-A8EB2453EBF5-LeaderElection6] TRACE segmented.SegmentedRaftLogCache (AutoCloseableReadWriteLock.java:logLocking(65)) - s1@group-A8EB2453EBF5: readLock ACQUIRED 1 by SegmentedRaftLogCache.getLastTermIndex
2022-08-09 05:43:03,512 [s1@group-A8EB2453EBF5-LeaderElection6] TRACE segmented.SegmentedRaftLogCache (AutoCloseableReadWriteLock.java:logLocking(65)) -   s1@group-A8EB2453EBF5: readLock ACQUIRED 2 by SegmentedRaftLogCache$LogSegmentList.isEmpty
2022-08-09 05:43:03,512 [s1@group-A8EB2453EBF5-LeaderElection6] TRACE segmented.SegmentedRaftLogCache (AutoCloseableReadWriteLock.java:logLocking(65)) -   s1@group-A8EB2453EBF5: readLock RELEASED 1 by SegmentedRaftLogCache$LogSegmentList.isEmpty
2022-08-09 05:43:03,512 [s1@group-A8EB2453EBF5-LeaderElection6] TRACE segmented.SegmentedRaftLogCache (AutoCloseableReadWriteLock.java:logLocking(65)) - s1@group-A8EB2453EBF5: readLock RELEASED 0 by SegmentedRaftLogCache.getLastTermIndex
2022-08-09 05:43:03,512 [s1@group-A8EB2453EBF5-LeaderElection6] INFO  server.RaftServerConfigKeys (ConfUtils.java:logGet(46)) - raft.server.log.appender.snapshot.chunk.size.max = 16MB (=16777216) (default)
2022-08-09 05:43:03,512 [s1@group-A8EB2453EBF5-LeaderElection6] INFO  server.RaftServerConfigKeys (ConfUtils.java:logGet(46)) - raft.server.log.appender.buffer.byte-limit = 4MB (=4194304) (default)
2022-08-09 05:43:03,512 [s1@group-A8EB2453EBF5-LeaderElection6] INFO  server.RaftServerConfigKeys (ConfUtils.java:logGet(46)) - raft.server.log.appender.buffer.element-limit = 0 (default)
2022-08-09 05:43:03,512 [s1@group-A8EB2453EBF5-LeaderElection6] INFO  server.RaftServerConfigKeys (ConfUtils.java:logGet(46)) - raft.server.log.appender.snapshot.chunk.size.max = 16MB (=16777216) (default)
2022-08-09 05:43:03,512 [s1@group-A8EB2453EBF5-LeaderElection6] INFO  server.RaftServerConfigKeys (ConfUtils.java:logGet(46)) - raft.server.log.appender.buffer.byte-limit = 4MB (=4194304) (default)
2022-08-09 05:43:03,512 [s1@group-A8EB2453EBF5-LeaderElection6] INFO  server.RaftServerConfigKeys (ConfUtils.java:logGet(46)) - raft.server.log.appender.buffer.element-limit = 0 (default)
2022-08-09 05:43:03,513 [s1@group-A8EB2453EBF5-LeaderElection6] INFO  impl.RoleInfo (RoleInfo.java:updateAndGet(139)) - s1: start s1@group-A8EB2453EBF5-LeaderStateImpl
2022-08-09 05:43:03,513 [s1@group-A8EB2453EBF5-LeaderElection6] TRACE segmented.SegmentedRaftLogCache (AutoCloseableReadWriteLock.java:logLocking(65)) - s1@group-A8EB2453EBF5: readLock ACQUIRED 1 by SegmentedRaftLogCache.getLastTermIndex
2022-08-09 05:43:03,513 [s1@group-A8EB2453EBF5-LeaderElection6] TRACE segmented.SegmentedRaftLogCache (AutoCloseableReadWriteLock.java:logLocking(65)) -   s1@group-A8EB2453EBF5: readLock ACQUIRED 2 by SegmentedRaftLogCache$LogSegmentList.isEmpty
2022-08-09 05:43:03,513 [s1@group-A8EB2453EBF5-LeaderElection6] TRACE segmented.SegmentedRaftLogCache (AutoCloseableReadWriteLock.java:logLocking(65)) -   s1@group-A8EB2453EBF5: readLock RELEASED 1 by SegmentedRaftLogCache$LogSegmentList.isEmpty
2022-08-09 05:43:03,513 [s1@group-A8EB2453EBF5-LeaderElection6] TRACE segmented.SegmentedRaftLogCache (AutoCloseableReadWriteLock.java:logLocking(65)) - s1@group-A8EB2453EBF5: readLock RELEASED 0 by SegmentedRaftLogCache.getLastTermIndex
2022-08-09 05:43:03,513 [s1@group-A8EB2453EBF5-LeaderElection6] TRACE segmented.SegmentedRaftLogCache (AutoCloseableReadWriteLock.java:logLocking(65)) - s1@group-A8EB2453EBF5: readLock ACQUIRED 1 by SegmentedRaftLogCache.computeTruncateIndices
2022-08-09 05:43:03,513 [s1@group-A8EB2453EBF5-LeaderElection6] TRACE segmented.SegmentedRaftLogCache (AutoCloseableReadWriteLock.java:logLocking(65)) -   s1@group-A8EB2453EBF5: readLock ACQUIRED 2 by SegmentedRaftLogCache$LogSegmentList.binarySearch
2022-08-09 05:43:03,513 [s1@group-A8EB2453EBF5-LeaderElection6] TRACE segmented.SegmentedRaftLogCache (AutoCloseableReadWriteLock.java:logLocking(65)) -   s1@group-A8EB2453EBF5: readLock RELEASED 1 by SegmentedRaftLogCache$LogSegmentList.binarySearch
2022-08-09 05:43:03,513 [s1@group-A8EB2453EBF5-LeaderElection6] TRACE segmented.SegmentedRaftLogCache (AutoCloseableReadWriteLock.java:logLocking(65)) -   s1@group-A8EB2453EBF5: readLock ACQUIRED 2 by SegmentedRaftLogCache$LogSegmentList.size
2022-08-09 05:43:03,513 [s1@group-A8EB2453EBF5-LeaderElection6] TRACE segmented.SegmentedRaftLogCache (AutoCloseableReadWriteLock.java:logLocking(65)) -   s1@group-A8EB2453EBF5: readLock RELEASED 1 by SegmentedRaftLogCache$LogSegmentList.size
2022-08-09 05:43:03,513 [s1@group-A8EB2453EBF5-LeaderElection6] TRACE segmented.SegmentedRaftLogCache (AutoCloseableReadWriteLock.java:logLocking(65)) - s1@group-A8EB2453EBF5: readLock RELEASED 0 by SegmentedRaftLogCache.computeTruncateIndices
2022-08-09 05:43:03,513 [s1@group-A8EB2453EBF5-LeaderElection6] DEBUG raftlog.RaftLog (SegmentedRaftLog.java:appendImpl(447)) - truncateIndex=-1, arrayIndex=0
2022-08-09 05:43:03,513 [s1@group-A8EB2453EBF5-LeaderElection6] TRACE segmented.SegmentedRaftLogCache (AutoCloseableReadWriteLock.java:logLocking(65)) - s1@group-A8EB2453EBF5: readLock ACQUIRED 1 by SegmentedRaftLogCache.getLastTermIndex
2022-08-09 05:43:03,513 [s1@group-A8EB2453EBF5-LeaderElection6] TRACE segmented.SegmentedRaftLogCache (AutoCloseableReadWriteLock.java:logLocking(65)) -   s1@group-A8EB2453EBF5: readLock ACQUIRED 2 by SegmentedRaftLogCache$LogSegmentList.isEmpty
2022-08-09 05:43:03,513 [s1@group-A8EB2453EBF5-LeaderElection6] TRACE segmented.SegmentedRaftLogCache (AutoCloseableReadWriteLock.java:logLocking(65)) -   s1@group-A8EB2453EBF5: readLock RELEASED 1 by SegmentedRaftLogCache$LogSegmentList.isEmpty
2022-08-09 05:43:03,513 [s1@group-A8EB2453EBF5-LeaderElection6] TRACE segmented.SegmentedRaftLogCache (AutoCloseableReadWriteLock.java:logLocking(65)) - s1@group-A8EB2453EBF5: readLock RELEASED 0 by SegmentedRaftLogCache.getLastTermIndex
2022-08-09 05:43:03,513 [s1@group-A8EB2453EBF5-LeaderElection6] TRACE segmented.SegmentedRaftLogCache (SegmentedRaftLogCache.java:setOpenSegment(450)) - s1@group-A8EB2453EBF5-SegmentedRaftLogCache: setOpenSegment to log_inprogress_0
2022-08-09 05:43:03,513 [s1@group-A8EB2453EBF5-LeaderElection6] INFO  segmented.SegmentedRaftLogWorker (SegmentedRaftLogWorker.java:startLogSegment(425)) - s1@group-A8EB2453EBF5-SegmentedRaftLogWorker: Starting segment from index:0
2022-08-09 05:43:03,513 [s1@group-A8EB2453EBF5-LeaderElection6] DEBUG segmented.SegmentedRaftLogWorker (SegmentedRaftLogWorker.java:addIOTask(270)) - s1@group-A8EB2453EBF5-SegmentedRaftLogWorker adds IO task StartLogSegment:0
2022-08-09 05:43:03,513 [s1@group-A8EB2453EBF5-LeaderElection6] TRACE segmented.SegmentedRaftLogCache (AutoCloseableReadWriteLock.java:logLocking(65)) - s1@group-A8EB2453EBF5: readLock ACQUIRED 1 by SegmentedRaftLogCache$LogSegmentList.countCached
2022-08-09 05:43:03,514 [s1@group-A8EB2453EBF5-LeaderElection6] TRACE segmented.SegmentedRaftLogCache (AutoCloseableReadWriteLock.java:logLocking(65)) - s1@group-A8EB2453EBF5: readLock RELEASED 0 by SegmentedRaftLogCache$LogSegmentList.countCached
2022-08-09 05:43:03,514 [s1@group-A8EB2453EBF5-LeaderElection6] TRACE segmented.SegmentedRaftLogCache (AutoCloseableReadWriteLock.java:logLocking(65)) - s1@group-A8EB2453EBF5: readLock ACQUIRED 1 by SegmentedRaftLogCache$LogSegmentList.getTotalCacheSize
2022-08-09 05:43:03,514 [s1@group-A8EB2453EBF5-LeaderElection6] TRACE segmented.SegmentedRaftLogCache (AutoCloseableReadWriteLock.java:logLocking(65)) - s1@group-A8EB2453EBF5: readLock RELEASED 0 by SegmentedRaftLogCache$LogSegmentList.getTotalCacheSize
2022-08-09 05:43:03,515 [s1@group-A8EB2453EBF5-SegmentedRaftLogWorker] INFO  segmented.SegmentedRaftLogWorker (SegmentedRaftLogWorker.java:execute(629)) - s1@group-A8EB2453EBF5-SegmentedRaftLogWorker: created new log segment /home/runner/work/ratis/ratis/ratis-test/target/test/data/2baaa1de/MiniRaftClusterWithSimulatedRpc3b4f24d4/s1/bbd46d57-59f4-4845-aaae-a8eb2453ebf5/current/log_inprogress_0
2022-08-09 05:43:03,515 [s1@group-A8EB2453EBF5-LeaderElection6] DEBUG segmented.SegmentedRaftLogWorker (SegmentedRaftLogWorker.java:addIOTask(270)) - s1@group-A8EB2453EBF5-SegmentedRaftLogWorker adds IO task WriteLog:0: (t:1, i:0), CONFIGURATIONENTRY(current:id: "s0"
address: "localhost:41673"
dataStreamAddress: "localhost:35821"
clientAddress: "localhost:45967"
adminAddress: "localhost:42127"
startupRole: FOLLOWER
,id: "s1"
address: "localhost:44243"
dataStreamAddress: "localhost:39503"
clientAddress: "localhost:46107"
adminAddress: "localhost:33637"
startupRole: FOLLOWER
,id: "s2"
address: "localhost:39945"
dataStreamAddress: "localhost:37913"
clientAddress: "localhost:34005"
adminAddress: "localhost:41877"
startupRole: FOLLOWER
, old:)
2022-08-09 05:43:03,516 [s1@group-A8EB2453EBF5-SegmentedRaftLogWorker] DEBUG segmented.SegmentedRaftLogWorker (SegmentedRaftLogWorker.java:flushIfNecessary(365)) - s1@group-A8EB2453EBF5-SegmentedRaftLogWorker: flush SegmentedRaftLogOutputStream(/home/runner/work/ratis/ratis/ratis-test/target/test/data/2baaa1de/MiniRaftClusterWithSimulatedRpc3b4f24d4/s1/bbd46d57-59f4-4845-aaae-a8eb2453ebf5/current/log_inprogress_0)
2022-08-09 05:43:03,516 [s1@group-A8EB2453EBF5->s0-LogAppenderDefault-LogAppenderDaemon] TRACE segmented.SegmentedRaftLogCache (AutoCloseableReadWriteLock.java:logLocking(65)) - s1@group-A8EB2453EBF5: readLock ACQUIRED 1 by SegmentedRaftLogCache.getLastTermIndex
2022-08-09 05:43:03,516 [s1@group-A8EB2453EBF5->s0-LogAppenderDefault-LogAppenderDaemon] TRACE segmented.SegmentedRaftLogCache (AutoCloseableReadWriteLock.java:logLocking(65)) - s1@group-A8EB2453EBF5: readLock RELEASED 0 by SegmentedRaftLogCache.getLastTermIndex
2022-08-09 05:43:03,516 [s1@group-A8EB2453EBF5->s0-LogAppenderDefault-LogAppenderDaemon] TRACE segmented.SegmentedRaftLogCache (AutoCloseableReadWriteLock.java:logLocking(65)) - s1@group-A8EB2453EBF5: readLock ACQUIRED 1 by SegmentedRaftLogCache.getLastTermIndex
2022-08-09 05:43:03,516 [s1@group-A8EB2453EBF5->s0-LogAppenderDefault-LogAppenderDaemon] TRACE segmented.SegmentedRaftLogCache (AutoCloseableReadWriteLock.java:logLocking(65)) - s1@group-A8EB2453EBF5: readLock RELEASED 0 by SegmentedRaftLogCache.getLastTermIndex
2022-08-09 05:43:03,516 [s1@group-A8EB2453EBF5->s0-LogAppenderDefault-LogAppenderDaemon] TRACE segmented.SegmentedRaftLogCache (AutoCloseableReadWriteLock.java:logLocking(65)) - s1@group-A8EB2453EBF5: readLock ACQUIRED 1 by SegmentedRaftLogCache.getStartIndex
2022-08-09 05:43:03,516 [s1@group-A8EB2453EBF5->s0-LogAppenderDefault-LogAppenderDaemon] TRACE segmented.SegmentedRaftLogCache (AutoCloseableReadWriteLock.java:logLocking(65)) -   s1@group-A8EB2453EBF5: readLock ACQUIRED 2 by SegmentedRaftLogCache$LogSegmentList.isEmpty
2022-08-09 05:43:03,516 [s1@group-A8EB2453EBF5->s0-LogAppenderDefault-LogAppenderDaemon] TRACE segmented.SegmentedRaftLogCache (AutoCloseableReadWriteLock.java:logLocking(65)) -   s1@group-A8EB2453EBF5: readLock RELEASED 1 by SegmentedRaftLogCache$LogSegmentList.isEmpty
2022-08-09 05:43:03,517 [s1@group-A8EB2453EBF5->s0-LogAppenderDefault-LogAppenderDaemon] TRACE segmented.SegmentedRaftLogCache (AutoCloseableReadWriteLock.java:logLocking(65)) - s1@group-A8EB2453EBF5: readLock RELEASED 0 by SegmentedRaftLogCache.getStartIndex
2022-08-09 05:43:03,517 [s1@group-A8EB2453EBF5-LeaderElection6] INFO  server.RaftServer$Division (ServerState.java:setRaftConf(429)) - s1@group-A8EB2453EBF5: set configuration 0: peers:[s0|rpc:localhost:41673|admin:localhost:42127|client:localhost:45967|dataStream:localhost:35821|priority:0|startupRole:FOLLOWER, s1|rpc:localhost:44243|admin:localhost:33637|client:localhost:46107|dataStream:localhost:39503|priority:0|startupRole:FOLLOWER, s2|rpc:localhost:39945|admin:localhost:41877|client:localhost:34005|dataStream:localhost:37913|priority:0|startupRole:FOLLOWER]|listeners:[], old=null
2022-08-09 05:43:03,517 [s1@group-A8EB2453EBF5-LeaderStateImpl] TRACE segmented.SegmentedRaftLogCache (AutoCloseableReadWriteLock.java:logLocking(65)) - s1@group-A8EB2453EBF5: readLock ACQUIRED 1 by SegmentedRaftLogCache.getStartIndex
2022-08-09 05:43:03,517 [s1@group-A8EB2453EBF5-LeaderStateImpl] TRACE segmented.SegmentedRaftLogCache (AutoCloseableReadWriteLock.java:logLocking(65)) -   s1@group-A8EB2453EBF5: readLock ACQUIRED 2 by SegmentedRaftLogCache$LogSegmentList.isEmpty
2022-08-09 05:43:03,517 [s1@group-A8EB2453EBF5-LeaderStateImpl] TRACE segmented.SegmentedRaftLogCache (AutoCloseableReadWriteLock.java:logLocking(65)) -   s1@group-A8EB2453EBF5: readLock RELEASED 1 by SegmentedRaftLogCache$LogSegmentList.isEmpty
2022-08-09 05:43:03,517 [s1@group-A8EB2453EBF5-LeaderStateImpl] TRACE segmented.SegmentedRaftLogCache (AutoCloseableReadWriteLock.java:logLocking(65)) - s1@group-A8EB2453EBF5: readLock RELEASED 0 by SegmentedRaftLogCache.getStartIndex
2022-08-09 05:43:03,517 [s1@group-A8EB2453EBF5-LeaderStateImpl] TRACE segmented.SegmentedRaftLogCache (AutoCloseableReadWriteLock.java:logLocking(65)) - s1@group-A8EB2453EBF5: readLock ACQUIRED 1 by SegmentedRaftLogCache.getEndIndex
2022-08-09 05:43:03,517 [s1@group-A8EB2453EBF5-LeaderStateImpl] TRACE segmented.SegmentedRaftLogCache (AutoCloseableReadWriteLock.java:logLocking(65)) - s1@group-A8EB2453EBF5: readLock RELEASED 0 by SegmentedRaftLogCache.getEndIndex
2022-08-09 05:43:03,517 [s1@group-A8EB2453EBF5-LeaderStateImpl] TRACE segmented.SegmentedRaftLogCache (AutoCloseableReadWriteLock.java:logLocking(65)) - s1@group-A8EB2453EBF5: readLock ACQUIRED 1 by SegmentedRaftLogCache$LogSegmentList.getTermIndex
2022-08-09 05:43:03,517 [s1@group-A8EB2453EBF5-LeaderStateImpl] TRACE segmented.SegmentedRaftLogCache (AutoCloseableReadWriteLock.java:logLocking(65)) - s1@group-A8EB2453EBF5: readLock RELEASED 0 by SegmentedRaftLogCache$LogSegmentList.getTermIndex
2022-08-09 05:43:03,518 [Thread-466] INFO  server.RaftServer$Division (ServerState.java:setLeader(313)) - s0@group-A8EB2453EBF5: change Leader from null to s1 at term 1 for appendEntries, leader elected after 210ms
2022-08-09 05:43:03,518 [s1@group-A8EB2453EBF5->s2-LogAppenderDefault-LogAppenderDaemon] TRACE segmented.SegmentedRaftLogCache (AutoCloseableReadWriteLock.java:logLocking(65)) - s1@group-A8EB2453EBF5: readLock ACQUIRED 1 by SegmentedRaftLogCache.getLastTermIndex
2022-08-09 05:43:03,518 [s1@group-A8EB2453EBF5->s2-LogAppenderDefault-LogAppenderDaemon] TRACE segmented.SegmentedRaftLogCache (AutoCloseableReadWriteLock.java:logLocking(65)) - s1@group-A8EB2453EBF5: readLock RELEASED 0 by SegmentedRaftLogCache.getLastTermIndex
2022-08-09 05:43:03,518 [s1@group-A8EB2453EBF5->s2-LogAppenderDefault-LogAppenderDaemon] TRACE segmented.SegmentedRaftLogCache (AutoCloseableReadWriteLock.java:logLocking(65)) - s1@group-A8EB2453EBF5: readLock ACQUIRED 1 by SegmentedRaftLogCache.getLastTermIndex
2022-08-09 05:43:03,518 [s1@group-A8EB2453EBF5->s2-LogAppenderDefault-LogAppenderDaemon] TRACE segmented.SegmentedRaftLogCache (AutoCloseableReadWriteLock.java:logLocking(65)) - s1@group-A8EB2453EBF5: readLock RELEASED 0 by SegmentedRaftLogCache.getLastTermIndex
2022-08-09 05:43:03,518 [s1@group-A8EB2453EBF5->s2-LogAppenderDefault-LogAppenderDaemon] TRACE segmented.SegmentedRaftLogCache (AutoCloseableReadWriteLock.java:logLocking(65)) - s1@group-A8EB2453EBF5: readLock ACQUIRED 1 by SegmentedRaftLogCache.getStartIndex
2022-08-09 05:43:03,518 [s1@group-A8EB2453EBF5->s2-LogAppenderDefault-LogAppenderDaemon] TRACE segmented.SegmentedRaftLogCache (AutoCloseableReadWriteLock.java:logLocking(65)) -   s1@group-A8EB2453EBF5: readLock ACQUIRED 2 by SegmentedRaftLogCache$LogSegmentList.isEmpty
2022-08-09 05:43:03,518 [s1@group-A8EB2453EBF5->s2-LogAppenderDefault-LogAppenderDaemon] TRACE segmented.SegmentedRaftLogCache (AutoCloseableReadWriteLock.java:logLocking(65)) -   s1@group-A8EB2453EBF5: readLock RELEASED 1 by SegmentedRaftLogCache$LogSegmentList.isEmpty
2022-08-09 05:43:03,518 [s1@group-A8EB2453EBF5->s2-LogAppenderDefault-LogAppenderDaemon] TRACE segmented.SegmentedRaftLogCache (AutoCloseableReadWriteLock.java:logLocking(65)) - s1@group-A8EB2453EBF5: readLock RELEASED 0 by SegmentedRaftLogCache.getStartIndex
2022-08-09 05:43:03,519 [Thread-481] INFO  server.RaftServer$Division (ServerState.java:setLeader(313)) - s2@group-A8EB2453EBF5: change Leader from null to s1 at term 1 for appendEntries, leader elected after 202ms
2022-08-09 05:43:03,519 [s0-server-thread1] TRACE segmented.SegmentedRaftLogCache (AutoCloseableReadWriteLock.java:logLocking(65)) - s0@group-A8EB2453EBF5: readLock ACQUIRED 1 by SegmentedRaftLogCache.getLastTermIndex
2022-08-09 05:43:03,519 [s0-server-thread1] TRACE segmented.SegmentedRaftLogCache (AutoCloseableReadWriteLock.java:logLocking(65)) -   s0@group-A8EB2453EBF5: readLock ACQUIRED 2 by SegmentedRaftLogCache$LogSegmentList.isEmpty
2022-08-09 05:43:03,519 [s0-server-thread1] TRACE segmented.SegmentedRaftLogCache (AutoCloseableReadWriteLock.java:logLocking(65)) -   s0@group-A8EB2453EBF5: readLock RELEASED 1 by SegmentedRaftLogCache$LogSegmentList.isEmpty
2022-08-09 05:43:03,519 [s0-server-thread1] TRACE segmented.SegmentedRaftLogCache (AutoCloseableReadWriteLock.java:logLocking(65)) - s0@group-A8EB2453EBF5: readLock RELEASED 0 by SegmentedRaftLogCache.getLastTermIndex
2022-08-09 05:43:03,519 [s1@group-A8EB2453EBF5->s0-LogAppenderDefault-LogAppenderDaemon] TRACE segmented.SegmentedRaftLogCache (AutoCloseableReadWriteLock.java:logLocking(65)) - s1@group-A8EB2453EBF5: readLock ACQUIRED 1 by SegmentedRaftLogCache.getLastTermIndex
2022-08-09 05:43:03,519 [s1@group-A8EB2453EBF5->s0-LogAppenderDefault-LogAppenderDaemon] TRACE segmented.SegmentedRaftLogCache (AutoCloseableReadWriteLock.java:logLocking(65)) - s1@group-A8EB2453EBF5: readLock RELEASED 0 by SegmentedRaftLogCache.getLastTermIndex
2022-08-09 05:43:03,520 [s1@group-A8EB2453EBF5->s0-LogAppenderDefault-LogAppenderDaemon] TRACE segmented.SegmentedRaftLogCache (AutoCloseableReadWriteLock.java:logLocking(65)) - s1@group-A8EB2453EBF5: readLock ACQUIRED 1 by SegmentedRaftLogCache.getLastTermIndex
2022-08-09 05:43:03,520 [s1@group-A8EB2453EBF5->s0-LogAppenderDefault-LogAppenderDaemon] TRACE segmented.SegmentedRaftLogCache (AutoCloseableReadWriteLock.java:logLocking(65)) - s1@group-A8EB2453EBF5: readLock RELEASED 0 by SegmentedRaftLogCache.getLastTermIndex
2022-08-09 05:43:03,520 [s1@group-A8EB2453EBF5->s0-LogAppenderDefault-LogAppenderDaemon] TRACE segmented.SegmentedRaftLogCache (AutoCloseableReadWriteLock.java:logLocking(65)) - s1@group-A8EB2453EBF5: readLock ACQUIRED 1 by SegmentedRaftLogCache.getLastTermIndex
2022-08-09 05:43:03,520 [s1@group-A8EB2453EBF5->s0-LogAppenderDefault-LogAppenderDaemon] TRACE segmented.SegmentedRaftLogCache (AutoCloseableReadWriteLock.java:logLocking(65)) - s1@group-A8EB2453EBF5: readLock RELEASED 0 by SegmentedRaftLogCache.getLastTermIndex
2022-08-09 05:43:03,520 [s1@group-A8EB2453EBF5->s0-LogAppenderDefault-LogAppenderDaemon] TRACE segmented.SegmentedRaftLogCache (AutoCloseableReadWriteLock.java:logLocking(65)) - s1@group-A8EB2453EBF5: readLock ACQUIRED 1 by SegmentedRaftLogCache.getStartIndex
2022-08-09 05:43:03,520 [s1@group-A8EB2453EBF5->s0-LogAppenderDefault-LogAppenderDaemon] TRACE segmented.SegmentedRaftLogCache (AutoCloseableReadWriteLock.java:logLocking(65)) -   s1@group-A8EB2453EBF5: readLock ACQUIRED 2 by SegmentedRaftLogCache$LogSegmentList.isEmpty
2022-08-09 05:43:03,520 [s1@group-A8EB2453EBF5->s0-LogAppenderDefault-LogAppenderDaemon] TRACE segmented.SegmentedRaftLogCache (AutoCloseableReadWriteLock.java:logLocking(65)) -   s1@group-A8EB2453EBF5: readLock RELEASED 1 by SegmentedRaftLogCache$LogSegmentList.isEmpty
2022-08-09 05:43:03,520 [s1@group-A8EB2453EBF5->s0-LogAppenderDefault-LogAppenderDaemon] TRACE segmented.SegmentedRaftLogCache (AutoCloseableReadWriteLock.java:logLocking(65)) - s1@group-A8EB2453EBF5: readLock RELEASED 0 by SegmentedRaftLogCache.getStartIndex
2022-08-09 05:43:03,520 [s1@group-A8EB2453EBF5->s0-LogAppenderDefault-LogAppenderDaemon] TRACE segmented.SegmentedRaftLogCache (AutoCloseableReadWriteLock.java:logLocking(65)) - s1@group-A8EB2453EBF5: readLock ACQUIRED 1 by SegmentedRaftLogCache.getLastTermIndex
2022-08-09 05:43:03,520 [s1@group-A8EB2453EBF5->s0-LogAppenderDefault-LogAppenderDaemon] TRACE segmented.SegmentedRaftLogCache (AutoCloseableReadWriteLock.java:logLocking(65)) - s1@group-A8EB2453EBF5: readLock RELEASED 0 by SegmentedRaftLogCache.getLastTermIndex
2022-08-09 05:43:03,520 [Thread-464] INFO  server.RaftServer$Division (ServerState.java:setRaftConf(429)) - s0@group-A8EB2453EBF5: set configuration 0: peers:[s0|rpc:localhost:41673|admin:localhost:42127|client:localhost:45967|dataStream:localhost:35821|priority:0|startupRole:FOLLOWER, s1|rpc:localhost:44243|admin:localhost:33637|client:localhost:46107|dataStream:localhost:39503|priority:0|startupRole:FOLLOWER, s2|rpc:localhost:39945|admin:localhost:41877|client:localhost:34005|dataStream:localhost:37913|priority:0|startupRole:FOLLOWER]|listeners:[], old=null
2022-08-09 05:43:03,520 [Thread-464] TRACE segmented.SegmentedRaftLogCache (AutoCloseableReadWriteLock.java:logLocking(65)) - s0@group-A8EB2453EBF5: readLock ACQUIRED 1 by SegmentedRaftLogCache.computeTruncateIndices
2022-08-09 05:43:03,520 [Thread-464] TRACE segmented.SegmentedRaftLogCache (AutoCloseableReadWriteLock.java:logLocking(65)) -   s0@group-A8EB2453EBF5: readLock ACQUIRED 2 by SegmentedRaftLogCache$LogSegmentList.binarySearch
2022-08-09 05:43:03,520 [Thread-464] TRACE segmented.SegmentedRaftLogCache (AutoCloseableReadWriteLock.java:logLocking(65)) -   s0@group-A8EB2453EBF5: readLock RELEASED 1 by SegmentedRaftLogCache$LogSegmentList.binarySearch
2022-08-09 05:43:03,521 [Thread-464] TRACE segmented.SegmentedRaftLogCache (AutoCloseableReadWriteLock.java:logLocking(65)) -   s0@group-A8EB2453EBF5: readLock ACQUIRED 2 by SegmentedRaftLogCache$LogSegmentList.size
2022-08-09 05:43:03,521 [Thread-464] TRACE segmented.SegmentedRaftLogCache (AutoCloseableReadWriteLock.java:logLocking(65)) -   s0@group-A8EB2453EBF5: readLock RELEASED 1 by SegmentedRaftLogCache$LogSegmentList.size
2022-08-09 05:43:03,521 [Thread-464] TRACE segmented.SegmentedRaftLogCache (AutoCloseableReadWriteLock.java:logLocking(65)) - s0@group-A8EB2453EBF5: readLock RELEASED 0 by SegmentedRaftLogCache.computeTruncateIndices
2022-08-09 05:43:03,521 [Thread-464] DEBUG raftlog.RaftLog (SegmentedRaftLog.java:appendImpl(447)) - truncateIndex=-1, arrayIndex=0
2022-08-09 05:43:03,521 [Thread-464] TRACE segmented.SegmentedRaftLogCache (AutoCloseableReadWriteLock.java:logLocking(65)) - s0@group-A8EB2453EBF5: readLock ACQUIRED 1 by SegmentedRaftLogCache.getLastTermIndex
2022-08-09 05:43:03,521 [Thread-464] TRACE segmented.SegmentedRaftLogCache (AutoCloseableReadWriteLock.java:logLocking(65)) -   s0@group-A8EB2453EBF5: readLock ACQUIRED 2 by SegmentedRaftLogCache$LogSegmentList.isEmpty
2022-08-09 05:43:03,521 [Thread-464] TRACE segmented.SegmentedRaftLogCache (AutoCloseableReadWriteLock.java:logLocking(65)) -   s0@group-A8EB2453EBF5: readLock RELEASED 1 by SegmentedRaftLogCache$LogSegmentList.isEmpty
2022-08-09 05:43:03,521 [Thread-464] TRACE segmented.SegmentedRaftLogCache (AutoCloseableReadWriteLock.java:logLocking(65)) - s0@group-A8EB2453EBF5: readLock RELEASED 0 by SegmentedRaftLogCache.getLastTermIndex
2022-08-09 05:43:03,521 [Thread-464] TRACE segmented.SegmentedRaftLogCache (SegmentedRaftLogCache.java:setOpenSegment(450)) - s0@group-A8EB2453EBF5-SegmentedRaftLogCache: setOpenSegment to log_inprogress_0
2022-08-09 05:43:03,521 [Thread-464] INFO  segmented.SegmentedRaftLogWorker (SegmentedRaftLogWorker.java:startLogSegment(425)) - s0@group-A8EB2453EBF5-SegmentedRaftLogWorker: Starting segment from index:0
2022-08-09 05:43:03,521 [Thread-464] DEBUG segmented.SegmentedRaftLogWorker (SegmentedRaftLogWorker.java:addIOTask(270)) - s0@group-A8EB2453EBF5-SegmentedRaftLogWorker adds IO task StartLogSegment:0
2022-08-09 05:43:03,528 [Thread-464] TRACE segmented.SegmentedRaftLogCache (AutoCloseableReadWriteLock.java:logLocking(65)) - s0@group-A8EB2453EBF5: readLock ACQUIRED 1 by SegmentedRaftLogCache$LogSegmentList.countCached
2022-08-09 05:43:03,528 [Thread-464] TRACE segmented.SegmentedRaftLogCache (AutoCloseableReadWriteLock.java:logLocking(65)) - s0@group-A8EB2453EBF5: readLock RELEASED 0 by SegmentedRaftLogCache$LogSegmentList.countCached
2022-08-09 05:43:03,528 [Thread-464] TRACE segmented.SegmentedRaftLogCache (AutoCloseableReadWriteLock.java:logLocking(65)) - s0@group-A8EB2453EBF5: readLock ACQUIRED 1 by SegmentedRaftLogCache$LogSegmentList.getTotalCacheSize
2022-08-09 05:43:03,528 [Thread-464] TRACE segmented.SegmentedRaftLogCache (AutoCloseableReadWriteLock.java:logLocking(65)) - s0@group-A8EB2453EBF5: readLock RELEASED 0 by SegmentedRaftLogCache$LogSegmentList.getTotalCacheSize
2022-08-09 05:43:03,528 [Thread-464] DEBUG segmented.SegmentedRaftLogWorker (SegmentedRaftLogWorker.java:addIOTask(270)) - s0@group-A8EB2453EBF5-SegmentedRaftLogWorker adds IO task WriteLog:0: (t:1, i:0), CONFIGURATIONENTRY(current:id: "s0"
address: "localhost:41673"
dataStreamAddress: "localhost:35821"
clientAddress: "localhost:45967"
adminAddress: "localhost:42127"
startupRole: FOLLOWER
,id: "s1"
address: "localhost:44243"
dataStreamAddress: "localhost:39503"
clientAddress: "localhost:46107"
adminAddress: "localhost:33637"
startupRole: FOLLOWER
,id: "s2"
address: "localhost:39945"
dataStreamAddress: "localhost:37913"
clientAddress: "localhost:34005"
adminAddress: "localhost:41877"
startupRole: FOLLOWER
, old:)
2022-08-09 05:43:03,529 [s0@group-A8EB2453EBF5-SegmentedRaftLogWorker] INFO  segmented.SegmentedRaftLogWorker (SegmentedRaftLogWorker.java:execute(629)) - s0@group-A8EB2453EBF5-SegmentedRaftLogWorker: created new log segment /home/runner/work/ratis/ratis/ratis-test/target/test/data/2baaa1de/MiniRaftClusterWithSimulatedRpc3b4f24d4/s0/bbd46d57-59f4-4845-aaae-a8eb2453ebf5/current/log_inprogress_0
2022-08-09 05:43:03,529 [s0@group-A8EB2453EBF5-SegmentedRaftLogWorker] DEBUG segmented.SegmentedRaftLogWorker (SegmentedRaftLogWorker.java:flushIfNecessary(365)) - s0@group-A8EB2453EBF5-SegmentedRaftLogWorker: flush SegmentedRaftLogOutputStream(/home/runner/work/ratis/ratis/ratis-test/target/test/data/2baaa1de/MiniRaftClusterWithSimulatedRpc3b4f24d4/s0/bbd46d57-59f4-4845-aaae-a8eb2453ebf5/current/log_inprogress_0)
2022-08-09 05:43:03,528 [s2-server-thread1] TRACE segmented.SegmentedRaftLogCache (AutoCloseableReadWriteLock.java:logLocking(65)) - s2@group-A8EB2453EBF5: readLock ACQUIRED 1 by SegmentedRaftLogCache.getLastTermIndex
2022-08-09 05:43:03,530 [s2-server-thread1] TRACE segmented.SegmentedRaftLogCache (AutoCloseableReadWriteLock.java:logLocking(65)) -   s2@group-A8EB2453EBF5: readLock ACQUIRED 2 by SegmentedRaftLogCache$LogSegmentList.isEmpty
2022-08-09 05:43:03,530 [s2-server-thread1] TRACE segmented.SegmentedRaftLogCache (AutoCloseableReadWriteLock.java:logLocking(65)) -   s2@group-A8EB2453EBF5: readLock RELEASED 1 by SegmentedRaftLogCache$LogSegmentList.isEmpty
2022-08-09 05:43:03,530 [s2-server-thread1] TRACE segmented.SegmentedRaftLogCache (AutoCloseableReadWriteLock.java:logLocking(65)) - s2@group-A8EB2453EBF5: readLock RELEASED 0 by SegmentedRaftLogCache.getLastTermIndex
2022-08-09 05:43:03,530 [s1@group-A8EB2453EBF5->s0-LogAppenderDefault-LogAppenderDaemon] TRACE segmented.SegmentedRaftLogCache (AutoCloseableReadWriteLock.java:logLocking(65)) - s1@group-A8EB2453EBF5: readLock ACQUIRED 1 by SegmentedRaftLogCache.getLastTermIndex
2022-08-09 05:43:03,530 [s1@group-A8EB2453EBF5->s0-LogAppenderDefault-LogAppenderDaemon] TRACE segmented.SegmentedRaftLogCache (AutoCloseableReadWriteLock.java:logLocking(65)) - s1@group-A8EB2453EBF5: readLock RELEASED 0 by SegmentedRaftLogCache.getLastTermIndex
2022-08-09 05:43:03,530 [s1@group-A8EB2453EBF5->s2-LogAppenderDefault-LogAppenderDaemon] TRACE segmented.SegmentedRaftLogCache (AutoCloseableReadWriteLock.java:logLocking(65)) - s1@group-A8EB2453EBF5: readLock ACQUIRED 1 by SegmentedRaftLogCache.getLastTermIndex
2022-08-09 05:43:03,530 [s1@group-A8EB2453EBF5->s2-LogAppenderDefault-LogAppenderDaemon] TRACE segmented.SegmentedRaftLogCache (AutoCloseableReadWriteLock.java:logLocking(65)) - s1@group-A8EB2453EBF5: readLock RELEASED 0 by SegmentedRaftLogCache.getLastTermIndex
2022-08-09 05:43:03,530 [s1@group-A8EB2453EBF5->s2-LogAppenderDefault-LogAppenderDaemon] TRACE segmented.SegmentedRaftLogCache (AutoCloseableReadWriteLock.java:logLocking(65)) - s1@group-A8EB2453EBF5: readLock ACQUIRED 1 by SegmentedRaftLogCache.getLastTermIndex
2022-08-09 05:43:03,531 [s1@group-A8EB2453EBF5->s2-LogAppenderDefault-LogAppenderDaemon] TRACE segmented.SegmentedRaftLogCache (AutoCloseableReadWriteLock.java:logLocking(65)) - s1@group-A8EB2453EBF5: readLock RELEASED 0 by SegmentedRaftLogCache.getLastTermIndex
2022-08-09 05:43:03,531 [s1@group-A8EB2453EBF5->s2-LogAppenderDefault-LogAppenderDaemon] TRACE segmented.SegmentedRaftLogCache (AutoCloseableReadWriteLock.java:logLocking(65)) - s1@group-A8EB2453EBF5: readLock ACQUIRED 1 by SegmentedRaftLogCache.getLastTermIndex
2022-08-09 05:43:03,531 [s1@group-A8EB2453EBF5->s2-LogAppenderDefault-LogAppenderDaemon] TRACE segmented.SegmentedRaftLogCache (AutoCloseableReadWriteLock.java:logLocking(65)) - s1@group-A8EB2453EBF5: readLock RELEASED 0 by SegmentedRaftLogCache.getLastTermIndex
2022-08-09 05:43:03,531 [s1@group-A8EB2453EBF5->s2-LogAppenderDefault-LogAppenderDaemon] TRACE segmented.SegmentedRaftLogCache (AutoCloseableReadWriteLock.java:logLocking(65)) - s1@group-A8EB2453EBF5: readLock ACQUIRED 1 by SegmentedRaftLogCache.getStartIndex
2022-08-09 05:43:03,531 [s1@group-A8EB2453EBF5->s2-LogAppenderDefault-LogAppenderDaemon] TRACE segmented.SegmentedRaftLogCache (AutoCloseableReadWriteLock.java:logLocking(65)) -   s1@group-A8EB2453EBF5: readLock ACQUIRED 2 by SegmentedRaftLogCache$LogSegmentList.isEmpty
2022-08-09 05:43:03,531 [s1@group-A8EB2453EBF5->s2-LogAppenderDefault-LogAppenderDaemon] TRACE segmented.SegmentedRaftLogCache (AutoCloseableReadWriteLock.java:logLocking(65)) -   s1@group-A8EB2453EBF5: readLock RELEASED 1 by SegmentedRaftLogCache$LogSegmentList.isEmpty
2022-08-09 05:43:03,531 [s1@group-A8EB2453EBF5->s2-LogAppenderDefault-LogAppenderDaemon] TRACE segmented.SegmentedRaftLogCache (AutoCloseableReadWriteLock.java:logLocking(65)) - s1@group-A8EB2453EBF5: readLock RELEASED 0 by SegmentedRaftLogCache.getStartIndex
2022-08-09 05:43:03,531 [s1@group-A8EB2453EBF5->s2-LogAppenderDefault-LogAppenderDaemon] TRACE segmented.SegmentedRaftLogCache (AutoCloseableReadWriteLock.java:logLocking(65)) - s1@group-A8EB2453EBF5: readLock ACQUIRED 1 by SegmentedRaftLogCache.getLastTermIndex
2022-08-09 05:43:03,531 [s1@group-A8EB2453EBF5->s2-LogAppenderDefault-LogAppenderDaemon] TRACE segmented.SegmentedRaftLogCache (AutoCloseableReadWriteLock.java:logLocking(65)) - s1@group-A8EB2453EBF5: readLock RELEASED 0 by SegmentedRaftLogCache.getLastTermIndex
2022-08-09 05:43:03,532 [Thread-479] INFO  server.RaftServer$Division (ServerState.java:setRaftConf(429)) - s2@group-A8EB2453EBF5: set configuration 0: peers:[s0|rpc:localhost:41673|admin:localhost:42127|client:localhost:45967|dataStream:localhost:35821|priority:0|startupRole:FOLLOWER, s1|rpc:localhost:44243|admin:localhost:33637|client:localhost:46107|dataStream:localhost:39503|priority:0|startupRole:FOLLOWER, s2|rpc:localhost:39945|admin:localhost:41877|client:localhost:34005|dataStream:localhost:37913|priority:0|startupRole:FOLLOWER]|listeners:[], old=null
2022-08-09 05:43:03,533 [Thread-479] TRACE segmented.SegmentedRaftLogCache (AutoCloseableReadWriteLock.java:logLocking(65)) - s2@group-A8EB2453EBF5: readLock ACQUIRED 1 by SegmentedRaftLogCache.computeTruncateIndices
2022-08-09 05:43:03,533 [Thread-479] TRACE segmented.SegmentedRaftLogCache (AutoCloseableReadWriteLock.java:logLocking(65)) -   s2@group-A8EB2453EBF5: readLock ACQUIRED 2 by SegmentedRaftLogCache$LogSegmentList.binarySearch
2022-08-09 05:43:03,533 [Thread-479] TRACE segmented.SegmentedRaftLogCache (AutoCloseableReadWriteLock.java:logLocking(65)) -   s2@group-A8EB2453EBF5: readLock RELEASED 1 by SegmentedRaftLogCache$LogSegmentList.binarySearch
2022-08-09 05:43:03,533 [Thread-479] TRACE segmented.SegmentedRaftLogCache (AutoCloseableReadWriteLock.java:logLocking(65)) -   s2@group-A8EB2453EBF5: readLock ACQUIRED 2 by SegmentedRaftLogCache$LogSegmentList.size
2022-08-09 05:43:03,533 [Thread-479] TRACE segmented.SegmentedRaftLogCache (AutoCloseableReadWriteLock.java:logLocking(65)) -   s2@group-A8EB2453EBF5: readLock RELEASED 1 by SegmentedRaftLogCache$LogSegmentList.size
2022-08-09 05:43:03,533 [Thread-479] TRACE segmented.SegmentedRaftLogCache (AutoCloseableReadWriteLock.java:logLocking(65)) - s2@group-A8EB2453EBF5: readLock RELEASED 0 by SegmentedRaftLogCache.computeTruncateIndices
2022-08-09 05:43:03,533 [Thread-479] DEBUG raftlog.RaftLog (SegmentedRaftLog.java:appendImpl(447)) - truncateIndex=-1, arrayIndex=0
2022-08-09 05:43:03,533 [Thread-479] TRACE segmented.SegmentedRaftLogCache (AutoCloseableReadWriteLock.java:logLocking(65)) - s2@group-A8EB2453EBF5: readLock ACQUIRED 1 by SegmentedRaftLogCache.getLastTermIndex
2022-08-09 05:43:03,533 [Thread-479] TRACE segmented.SegmentedRaftLogCache (AutoCloseableReadWriteLock.java:logLocking(65)) -   s2@group-A8EB2453EBF5: readLock ACQUIRED 2 by SegmentedRaftLogCache$LogSegmentList.isEmpty
2022-08-09 05:43:03,533 [Thread-479] TRACE segmented.SegmentedRaftLogCache (AutoCloseableReadWriteLock.java:logLocking(65)) -   s2@group-A8EB2453EBF5: readLock RELEASED 1 by SegmentedRaftLogCache$LogSegmentList.isEmpty
2022-08-09 05:43:03,533 [Thread-479] TRACE segmented.SegmentedRaftLogCache (AutoCloseableReadWriteLock.java:logLocking(65)) - s2@group-A8EB2453EBF5: readLock RELEASED 0 by SegmentedRaftLogCache.getLastTermIndex
2022-08-09 05:43:03,533 [Thread-479] TRACE segmented.SegmentedRaftLogCache (SegmentedRaftLogCache.java:setOpenSegment(450)) - s2@group-A8EB2453EBF5-SegmentedRaftLogCache: setOpenSegment to log_inprogress_0
2022-08-09 05:43:03,533 [Thread-479] INFO  segmented.SegmentedRaftLogWorker (SegmentedRaftLogWorker.java:startLogSegment(425)) - s2@group-A8EB2453EBF5-SegmentedRaftLogWorker: Starting segment from index:0
2022-08-09 05:43:03,533 [Thread-479] DEBUG segmented.SegmentedRaftLogWorker (SegmentedRaftLogWorker.java:addIOTask(270)) - s2@group-A8EB2453EBF5-SegmentedRaftLogWorker adds IO task StartLogSegment:0
2022-08-09 05:43:03,533 [Thread-479] TRACE segmented.SegmentedRaftLogCache (AutoCloseableReadWriteLock.java:logLocking(65)) - s2@group-A8EB2453EBF5: readLock ACQUIRED 1 by SegmentedRaftLogCache$LogSegmentList.countCached
2022-08-09 05:43:03,533 [Thread-479] TRACE segmented.SegmentedRaftLogCache (AutoCloseableReadWriteLock.java:logLocking(65)) - s2@group-A8EB2453EBF5: readLock RELEASED 0 by SegmentedRaftLogCache$LogSegmentList.countCached
2022-08-09 05:43:03,533 [Thread-479] TRACE segmented.SegmentedRaftLogCache (AutoCloseableReadWriteLock.java:logLocking(65)) - s2@group-A8EB2453EBF5: readLock ACQUIRED 1 by SegmentedRaftLogCache$LogSegmentList.getTotalCacheSize
2022-08-09 05:43:03,533 [Thread-479] TRACE segmented.SegmentedRaftLogCache (AutoCloseableReadWriteLock.java:logLocking(65)) - s2@group-A8EB2453EBF5: readLock RELEASED 0 by SegmentedRaftLogCache$LogSegmentList.getTotalCacheSize
2022-08-09 05:43:03,534 [Thread-479] DEBUG segmented.SegmentedRaftLogWorker (SegmentedRaftLogWorker.java:addIOTask(270)) - s2@group-A8EB2453EBF5-SegmentedRaftLogWorker adds IO task WriteLog:0: (t:1, i:0), CONFIGURATIONENTRY(current:id: "s0"
address: "localhost:41673"
dataStreamAddress: "localhost:35821"
clientAddress: "localhost:45967"
adminAddress: "localhost:42127"
startupRole: FOLLOWER
,id: "s1"
address: "localhost:44243"
dataStreamAddress: "localhost:39503"
clientAddress: "localhost:46107"
adminAddress: "localhost:33637"
startupRole: FOLLOWER
,id: "s2"
address: "localhost:39945"
dataStreamAddress: "localhost:37913"
clientAddress: "localhost:34005"
adminAddress: "localhost:41877"
startupRole: FOLLOWER
, old:)
2022-08-09 05:43:03,535 [s2@group-A8EB2453EBF5-SegmentedRaftLogWorker] INFO  segmented.SegmentedRaftLogWorker (SegmentedRaftLogWorker.java:execute(629)) - s2@group-A8EB2453EBF5-SegmentedRaftLogWorker: created new log segment /home/runner/work/ratis/ratis/ratis-test/target/test/data/2baaa1de/MiniRaftClusterWithSimulatedRpc3b4f24d4/s2/bbd46d57-59f4-4845-aaae-a8eb2453ebf5/current/log_inprogress_0
2022-08-09 05:43:03,535 [s2@group-A8EB2453EBF5-SegmentedRaftLogWorker] DEBUG segmented.SegmentedRaftLogWorker (SegmentedRaftLogWorker.java:flushIfNecessary(365)) - s2@group-A8EB2453EBF5-SegmentedRaftLogWorker: flush SegmentedRaftLogOutputStream(/home/runner/work/ratis/ratis/ratis-test/target/test/data/2baaa1de/MiniRaftClusterWithSimulatedRpc3b4f24d4/s2/bbd46d57-59f4-4845-aaae-a8eb2453ebf5/current/log_inprogress_0)
2022-08-09 05:43:03,536 [s1@group-A8EB2453EBF5->s2-LogAppenderDefault-LogAppenderDaemon] TRACE segmented.SegmentedRaftLogCache (AutoCloseableReadWriteLock.java:logLocking(65)) - s1@group-A8EB2453EBF5: readLock ACQUIRED 1 by SegmentedRaftLogCache.getLastTermIndex
2022-08-09 05:43:03,536 [s1@group-A8EB2453EBF5->s2-LogAppenderDefault-LogAppenderDaemon] TRACE segmented.SegmentedRaftLogCache (AutoCloseableReadWriteLock.java:logLocking(65)) - s1@group-A8EB2453EBF5: readLock RELEASED 0 by SegmentedRaftLogCache.getLastTermIndex
2022-08-09 05:43:03,536 [s1@group-A8EB2453EBF5->s0-LogAppenderDefault-LogAppenderDaemon] TRACE segmented.SegmentedRaftLogCache (AutoCloseableReadWriteLock.java:logLocking(65)) - s1@group-A8EB2453EBF5: readLock ACQUIRED 1 by SegmentedRaftLogCache.getLastTermIndex
2022-08-09 05:43:03,536 [s1@group-A8EB2453EBF5->s0-LogAppenderDefault-LogAppenderDaemon] TRACE segmented.SegmentedRaftLogCache (AutoCloseableReadWriteLock.java:logLocking(65)) - s1@group-A8EB2453EBF5: readLock RELEASED 0 by SegmentedRaftLogCache.getLastTermIndex
2022-08-09 05:43:03,536 [s1@group-A8EB2453EBF5->s0-LogAppenderDefault-LogAppenderDaemon] TRACE segmented.SegmentedRaftLogCache (AutoCloseableReadWriteLock.java:logLocking(65)) - s1@group-A8EB2453EBF5: readLock ACQUIRED 1 by SegmentedRaftLogCache.getLastTermIndex
2022-08-09 05:43:03,536 [s1@group-A8EB2453EBF5->s0-LogAppenderDefault-LogAppenderDaemon] TRACE segmented.SegmentedRaftLogCache (AutoCloseableReadWriteLock.java:logLocking(65)) - s1@group-A8EB2453EBF5: readLock RELEASED 0 by SegmentedRaftLogCache.getLastTermIndex
2022-08-09 05:43:03,606 [s1@group-A8EB2453EBF5->s0-LogAppenderDefault-LogAppenderDaemon] TRACE segmented.SegmentedRaftLogCache (AutoCloseableReadWriteLock.java:logLocking(65)) - s1@group-A8EB2453EBF5: readLock ACQUIRED 1 by SegmentedRaftLogCache.getLastTermIndex
2022-08-09 05:43:03,606 [s1@group-A8EB2453EBF5->s0-LogAppenderDefault-LogAppenderDaemon] TRACE segmented.SegmentedRaftLogCache (AutoCloseableReadWriteLock.java:logLocking(65)) - s1@group-A8EB2453EBF5: readLock RELEASED 0 by SegmentedRaftLogCache.getLastTermIndex
2022-08-09 05:43:03,606 [s1@group-A8EB2453EBF5->s0-LogAppenderDefault-LogAppenderDaemon] TRACE segmented.SegmentedRaftLogCache (AutoCloseableReadWriteLock.java:logLocking(65)) - s1@group-A8EB2453EBF5: readLock ACQUIRED 1 by SegmentedRaftLogCache.getLastTermIndex
2022-08-09 05:43:03,606 [s1@group-A8EB2453EBF5->s0-LogAppenderDefault-LogAppenderDaemon] TRACE segmented.SegmentedRaftLogCache (AutoCloseableReadWriteLock.java:logLocking(65)) - s1@group-A8EB2453EBF5: readLock RELEASED 0 by SegmentedRaftLogCache.getLastTermIndex
2022-08-09 05:43:03,607 [s0-server-thread1] TRACE segmented.SegmentedRaftLogCache (AutoCloseableReadWriteLock.java:logLocking(65)) - s0@group-A8EB2453EBF5: readLock ACQUIRED 1 by SegmentedRaftLogCache.getLastTermIndex
2022-08-09 05:43:03,607 [s0-server-thread1] TRACE segmented.SegmentedRaftLogCache (AutoCloseableReadWriteLock.java:logLocking(65)) - s0@group-A8EB2453EBF5: readLock RELEASED 0 by SegmentedRaftLogCache.getLastTermIndex
2022-08-09 05:43:03,607 [s1@group-A8EB2453EBF5->s0-LogAppenderDefault-LogAppenderDaemon] TRACE segmented.SegmentedRaftLogCache (AutoCloseableReadWriteLock.java:logLocking(65)) - s1@group-A8EB2453EBF5: readLock ACQUIRED 1 by SegmentedRaftLogCache.getLastTermIndex
2022-08-09 05:43:03,607 [s1@group-A8EB2453EBF5->s0-LogAppenderDefault-LogAppenderDaemon] TRACE segmented.SegmentedRaftLogCache (AutoCloseableReadWriteLock.java:logLocking(65)) - s1@group-A8EB2453EBF5: readLock RELEASED 0 by SegmentedRaftLogCache.getLastTermIndex
2022-08-09 05:43:03,612 [s1@group-A8EB2453EBF5->s2-LogAppenderDefault-LogAppenderDaemon] TRACE segmented.SegmentedRaftLogCache (AutoCloseableReadWriteLock.java:logLocking(65)) - s1@group-A8EB2453EBF5: readLock ACQUIRED 1 by SegmentedRaftLogCache.getLastTermIndex
2022-08-09 05:43:03,612 [s1@group-A8EB2453EBF5->s2-LogAppenderDefault-LogAppenderDaemon] TRACE segmented.SegmentedRaftLogCache (AutoCloseableReadWriteLock.java:logLocking(65)) - s1@group-A8EB2453EBF5: readLock RELEASED 0 by SegmentedRaftLogCache.getLastTermIndex
2022-08-09 05:43:03,612 [s1@group-A8EB2453EBF5->s2-LogAppenderDefault-LogAppenderDaemon] TRACE segmented.SegmentedRaftLogCache (AutoCloseableReadWriteLock.java:logLocking(65)) - s1@group-A8EB2453EBF5: readLock ACQUIRED 1 by SegmentedRaftLogCache.getLastTermIndex
2022-08-09 05:43:03,612 [s1@group-A8EB2453EBF5->s2-LogAppenderDefault-LogAppenderDaemon] TRACE segmented.SegmentedRaftLogCache (AutoCloseableReadWriteLock.java:logLocking(65)) - s1@group-A8EB2453EBF5: readLock RELEASED 0 by SegmentedRaftLogCache.getLastTermIndex
2022-08-09 05:43:03,612 [s2-server-thread1] TRACE segmented.SegmentedRaftLogCache (AutoCloseableReadWriteLock.java:logLocking(65)) - s2@group-A8EB2453EBF5: readLock ACQUIRED 1 by SegmentedRaftLogCache.getLastTermIndex
2022-08-09 05:43:03,612 [s2-server-thread1] TRACE segmented.SegmentedRaftLogCache (AutoCloseableReadWriteLock.java:logLocking(65)) - s2@group-A8EB2453EBF5: readLock RELEASED 0 by SegmentedRaftLogCache.getLastTermIndex
2022-08-09 05:43:03,612 [s1@group-A8EB2453EBF5->s2-LogAppenderDefault-LogAppenderDaemon] TRACE segmented.SegmentedRaftLogCache (AutoCloseableReadWriteLock.java:logLocking(65)) - s1@group-A8EB2453EBF5: readLock ACQUIRED 1 by SegmentedRaftLogCache.getLastTermIndex
2022-08-09 05:43:03,613 [s1@group-A8EB2453EBF5->s2-LogAppenderDefault-LogAppenderDaemon] TRACE segmented.SegmentedRaftLogCache (AutoCloseableReadWriteLock.java:logLocking(65)) - s1@group-A8EB2453EBF5: readLock RELEASED 0 by SegmentedRaftLogCache.getLastTermIndex
2022-08-09 05:43:03,682 [s1@group-A8EB2453EBF5->s0-LogAppenderDefault-LogAppenderDaemon] TRACE segmented.SegmentedRaftLogCache (AutoCloseableReadWriteLock.java:logLocking(65)) - s1@group-A8EB2453EBF5: readLock ACQUIRED 1 by SegmentedRaftLogCache.getLastTermIndex
2022-08-09 05:43:03,682 [s1@group-A8EB2453EBF5->s0-LogAppenderDefault-LogAppenderDaemon] TRACE segmented.SegmentedRaftLogCache (AutoCloseableReadWriteLock.java:logLocking(65)) - s1@group-A8EB2453EBF5: readLock RELEASED 0 by SegmentedRaftLogCache.getLastTermIndex
2022-08-09 05:43:03,682 [s1@group-A8EB2453EBF5->s0-LogAppenderDefault-LogAppenderDaemon] TRACE segmented.SegmentedRaftLogCache (AutoCloseableReadWriteLock.java:logLocking(65)) - s1@group-A8EB2453EBF5: readLock ACQUIRED 1 by SegmentedRaftLogCache.getLastTermIndex
2022-08-09 05:43:03,682 [s1@group-A8EB2453EBF5->s0-LogAppenderDefault-LogAppenderDaemon] TRACE segmented.SegmentedRaftLogCache (AutoCloseableReadWriteLock.java:logLocking(65)) - s1@group-A8EB2453EBF5: readLock RELEASED 0 by SegmentedRaftLogCache.getLastTermIndex
2022-08-09 05:43:03,683 [s0-server-thread1] TRACE segmented.SegmentedRaftLogCache (AutoCloseableReadWriteLock.java:logLocking(65)) - s0@group-A8EB2453EBF5: readLock ACQUIRED 1 by SegmentedRaftLogCache.getLastTermIndex
2022-08-09 05:43:03,683 [s0-server-thread1] TRACE segmented.SegmentedRaftLogCache (AutoCloseableReadWriteLock.java:logLocking(65)) - s0@group-A8EB2453EBF5: readLock RELEASED 0 by SegmentedRaftLogCache.getLastTermIndex
2022-08-09 05:43:03,683 [s1@group-A8EB2453EBF5->s0-LogAppenderDefault-LogAppenderDaemon] TRACE segmented.SegmentedRaftLogCache (AutoCloseableReadWriteLock.java:logLocking(65)) - s1@group-A8EB2453EBF5: readLock ACQUIRED 1 by SegmentedRaftLogCache.getLastTermIndex
2022-08-09 05:43:03,683 [s1@group-A8EB2453EBF5->s0-LogAppenderDefault-LogAppenderDaemon] TRACE segmented.SegmentedRaftLogCache (AutoCloseableReadWriteLock.java:logLocking(65)) - s1@group-A8EB2453EBF5: readLock RELEASED 0 by SegmentedRaftLogCache.getLastTermIndex
2022-08-09 05:43:03,688 [s1@group-A8EB2453EBF5->s2-LogAppenderDefault-LogAppenderDaemon] TRACE segmented.SegmentedRaftLogCache (AutoCloseableReadWriteLock.java:logLocking(65)) - s1@group-A8EB2453EBF5: readLock ACQUIRED 1 by SegmentedRaftLogCache.getLastTermIndex
2022-08-09 05:43:03,688 [s1@group-A8EB2453EBF5->s2-LogAppenderDefault-LogAppenderDaemon] TRACE segmented.SegmentedRaftLogCache (AutoCloseableReadWriteLock.java:logLocking(65)) - s1@group-A8EB2453EBF5: readLock RELEASED 0 by SegmentedRaftLogCache.getLastTermIndex
2022-08-09 05:43:03,688 [s1@group-A8EB2453EBF5->s2-LogAppenderDefault-LogAppenderDaemon] TRACE segmented.SegmentedRaftLogCache (AutoCloseableReadWriteLock.java:logLocking(65)) - s1@group-A8EB2453EBF5: readLock ACQUIRED 1 by SegmentedRaftLogCache.getLastTermIndex
2022-08-09 05:43:03,688 [s1@group-A8EB2453EBF5->s2-LogAppenderDefault-LogAppenderDaemon] TRACE segmented.SegmentedRaftLogCache (AutoCloseableReadWriteLock.java:logLocking(65)) - s1@group-A8EB2453EBF5: readLock RELEASED 0 by SegmentedRaftLogCache.getLastTermIndex
2022-08-09 05:43:03,689 [s2-server-thread1] TRACE segmented.SegmentedRaftLogCache (AutoCloseableReadWriteLock.java:logLocking(65)) - s2@group-A8EB2453EBF5: readLock ACQUIRED 1 by SegmentedRaftLogCache.getLastTermIndex
2022-08-09 05:43:03,689 [s2-server-thread1] TRACE segmented.SegmentedRaftLogCache (AutoCloseableReadWriteLock.java:logLocking(65)) - s2@group-A8EB2453EBF5: readLock RELEASED 0 by SegmentedRaftLogCache.getLastTermIndex
2022-08-09 05:43:03,689 [s1@group-A8EB2453EBF5->s2-LogAppenderDefault-LogAppenderDaemon] TRACE segmented.SegmentedRaftLogCache (AutoCloseableReadWriteLock.java:logLocking(65)) - s1@group-A8EB2453EBF5: readLock ACQUIRED 1 by SegmentedRaftLogCache.getLastTermIndex
2022-08-09 05:43:03,689 [s1@group-A8EB2453EBF5->s2-LogAppenderDefault-LogAppenderDaemon] TRACE segmented.SegmentedRaftLogCache (AutoCloseableReadWriteLock.java:logLocking(65)) - s1@group-A8EB2453EBF5: readLock RELEASED 0 by SegmentedRaftLogCache.getLastTermIndex
2022-08-09 05:43:03,759 [s1@group-A8EB2453EBF5->s0-LogAppenderDefault-LogAppenderDaemon] TRACE segmented.SegmentedRaftLogCache (AutoCloseableReadWriteLock.java:logLocking(65)) - s1@group-A8EB2453EBF5: readLock ACQUIRED 1 by SegmentedRaftLogCache.getLastTermIndex
2022-08-09 05:43:03,759 [s1@group-A8EB2453EBF5->s0-LogAppenderDefault-LogAppenderDaemon] TRACE segmented.SegmentedRaftLogCache (AutoCloseableReadWriteLock.java:logLocking(65)) - s1@group-A8EB2453EBF5: readLock RELEASED 0 by SegmentedRaftLogCache.getLastTermIndex
2022-08-09 05:43:03,759 [s1@group-A8EB2453EBF5->s0-LogAppenderDefault-LogAppenderDaemon] TRACE segmented.SegmentedRaftLogCache (AutoCloseableReadWriteLock.java:logLocking(65)) - s1@group-A8EB2453EBF5: readLock ACQUIRED 1 by SegmentedRaftLogCache.getLastTermIndex
2022-08-09 05:43:03,759 [s1@group-A8EB2453EBF5->s0-LogAppenderDefault-LogAppenderDaemon] TRACE segmented.SegmentedRaftLogCache (AutoCloseableReadWriteLock.java:logLocking(65)) - s1@group-A8EB2453EBF5: readLock RELEASED 0 by SegmentedRaftLogCache.getLastTermIndex
2022-08-09 05:43:03,759 [s0-server-thread1] TRACE segmented.SegmentedRaftLogCache (AutoCloseableReadWriteLock.java:logLocking(65)) - s0@group-A8EB2453EBF5: readLock ACQUIRED 1 by SegmentedRaftLogCache.getLastTermIndex
2022-08-09 05:43:03,760 [s0-server-thread1] TRACE segmented.SegmentedRaftLogCache (AutoCloseableReadWriteLock.java:logLocking(65)) - s0@group-A8EB2453EBF5: readLock RELEASED 0 by SegmentedRaftLogCache.getLastTermIndex
2022-08-09 05:43:03,760 [s1@group-A8EB2453EBF5->s0-LogAppenderDefault-LogAppenderDaemon] TRACE segmented.SegmentedRaftLogCache (AutoCloseableReadWriteLock.java:logLocking(65)) - s1@group-A8EB2453EBF5: readLock ACQUIRED 1 by SegmentedRaftLogCache.getLastTermIndex
2022-08-09 05:43:03,760 [s1@group-A8EB2453EBF5->s0-LogAppenderDefault-LogAppenderDaemon] TRACE segmented.SegmentedRaftLogCache (AutoCloseableReadWriteLock.java:logLocking(65)) - s1@group-A8EB2453EBF5: readLock RELEASED 0 by SegmentedRaftLogCache.getLastTermIndex
2022-08-09 05:43:03,764 [s1@group-A8EB2453EBF5->s2-LogAppenderDefault-LogAppenderDaemon] TRACE segmented.SegmentedRaftLogCache (AutoCloseableReadWriteLock.java:logLocking(65)) - s1@group-A8EB2453EBF5: readLock ACQUIRED 1 by SegmentedRaftLogCache.getLastTermIndex
2022-08-09 05:43:03,764 [s1@group-A8EB2453EBF5->s2-LogAppenderDefault-LogAppenderDaemon] TRACE segmented.SegmentedRaftLogCache (AutoCloseableReadWriteLock.java:logLocking(65)) - s1@group-A8EB2453EBF5: readLock RELEASED 0 by SegmentedRaftLogCache.getLastTermIndex
2022-08-09 05:43:03,764 [s1@group-A8EB2453EBF5->s2-LogAppenderDefault-LogAppenderDaemon] TRACE segmented.SegmentedRaftLogCache (AutoCloseableReadWriteLock.java:logLocking(65)) - s1@group-A8EB2453EBF5: readLock ACQUIRED 1 by SegmentedRaftLogCache.getLastTermIndex
2022-08-09 05:43:03,764 [s1@group-A8EB2453EBF5->s2-LogAppenderDefault-LogAppenderDaemon] TRACE segmented.SegmentedRaftLogCache (AutoCloseableReadWriteLock.java:logLocking(65)) - s1@group-A8EB2453EBF5: readLock RELEASED 0 by SegmentedRaftLogCache.getLastTermIndex
2022-08-09 05:43:03,765 [s2-server-thread1] TRACE segmented.SegmentedRaftLogCache (AutoCloseableReadWriteLock.java:logLocking(65)) - s2@group-A8EB2453EBF5: readLock ACQUIRED 1 by SegmentedRaftLogCache.getLastTermIndex
2022-08-09 05:43:03,765 [s2-server-thread1] TRACE segmented.SegmentedRaftLogCache (AutoCloseableReadWriteLock.java:logLocking(65)) - s2@group-A8EB2453EBF5: readLock RELEASED 0 by SegmentedRaftLogCache.getLastTermIndex
2022-08-09 05:43:03,765 [s1@group-A8EB2453EBF5->s2-LogAppenderDefault-LogAppenderDaemon] TRACE segmented.SegmentedRaftLogCache (AutoCloseableReadWriteLock.java:logLocking(65)) - s1@group-A8EB2453EBF5: readLock ACQUIRED 1 by SegmentedRaftLogCache.getLastTermIndex
2022-08-09 05:43:03,765 [s1@group-A8EB2453EBF5->s2-LogAppenderDefault-LogAppenderDaemon] TRACE segmented.SegmentedRaftLogCache (AutoCloseableReadWriteLock.java:logLocking(65)) - s1@group-A8EB2453EBF5: readLock RELEASED 0 by SegmentedRaftLogCache.getLastTermIndex
2022-08-09 05:43:03,793 [Time-limited test] INFO  ratis.RaftTestUtil (RaftTestUtil.java:waitForLeader(119)) - printing ALL groups
  s0:  RUNNING  FOLLOWER s0@group-A8EB2453EBF5:t1, leader=s1, voted=s1, raftlog=Memoized:s0@group-A8EB2453EBF5-SegmentedRaftLog:OPENED:c0, conf=0: peers:[s0|rpc:localhost:41673|admin:localhost:42127|client:localhost:45967|dataStream:localhost:35821|priority:0|startupRole:FOLLOWER, s1|rpc:localhost:44243|admin:localhost:33637|client:localhost:46107|dataStream:localhost:39503|priority:0|startupRole:FOLLOWER, s2|rpc:localhost:39945|admin:localhost:41877|client:localhost:34005|dataStream:localhost:37913|priority:0|startupRole:FOLLOWER]|listeners:[], old=null RUNNING
  s1:  RUNNING    LEADER s1@group-A8EB2453EBF5:t1, leader=s1, voted=s1, raftlog=Memoized:s1@group-A8EB2453EBF5-SegmentedRaftLog:OPENED:c0, conf=0: peers:[s0|rpc:localhost:41673|admin:localhost:42127|client:localhost:45967|dataStream:localhost:35821|priority:0|startupRole:FOLLOWER, s1|rpc:localhost:44243|admin:localhost:33637|client:localhost:46107|dataStream:localhost:39503|priority:0|startupRole:FOLLOWER, s2|rpc:localhost:39945|admin:localhost:41877|client:localhost:34005|dataStream:localhost:37913|priority:0|startupRole:FOLLOWER]|listeners:[], old=null RUNNING
  s2:  RUNNING  FOLLOWER s2@group-A8EB2453EBF5:t1, leader=s1, voted=s1, raftlog=Memoized:s2@group-A8EB2453EBF5-SegmentedRaftLog:OPENED:c0, conf=0: peers:[s0|rpc:localhost:41673|admin:localhost:42127|client:localhost:45967|dataStream:localhost:35821|priority:0|startupRole:FOLLOWER, s1|rpc:localhost:44243|admin:localhost:33637|client:localhost:46107|dataStream:localhost:39503|priority:0|startupRole:FOLLOWER, s2|rpc:localhost:39945|admin:localhost:41877|client:localhost:34005|dataStream:localhost:37913|priority:0|startupRole:FOLLOWER]|listeners:[], old=null RUNNING
2022-08-09 05:43:03,835 [s1@group-A8EB2453EBF5->s0-LogAppenderDefault-LogAppenderDaemon] TRACE segmented.SegmentedRaftLogCache (AutoCloseableReadWriteLock.java:logLocking(65)) - s1@group-A8EB2453EBF5: readLock ACQUIRED 1 by SegmentedRaftLogCache.getLastTermIndex
2022-08-09 05:43:03,835 [s1@group-A8EB2453EBF5->s0-LogAppenderDefault-LogAppenderDaemon] TRACE segmented.SegmentedRaftLogCache (AutoCloseableReadWriteLock.java:logLocking(65)) - s1@group-A8EB2453EBF5: readLock RELEASED 0 by SegmentedRaftLogCache.getLastTermIndex
2022-08-09 05:43:03,835 [s1@group-A8EB2453EBF5->s0-LogAppenderDefault-LogAppenderDaemon] TRACE segmented.SegmentedRaftLogCache (AutoCloseableReadWriteLock.java:logLocking(65)) - s1@group-A8EB2453EBF5: readLock ACQUIRED 1 by SegmentedRaftLogCache.getLastTermIndex
2022-08-09 05:43:03,835 [s1@group-A8EB2453EBF5->s0-LogAppenderDefault-LogAppenderDaemon] TRACE segmented.SegmentedRaftLogCache (AutoCloseableReadWriteLock.java:logLocking(65)) - s1@group-A8EB2453EBF5: readLock RELEASED 0 by SegmentedRaftLogCache.getLastTermIndex
2022-08-09 05:43:03,836 [s0-server-thread1] TRACE segmented.SegmentedRaftLogCache (AutoCloseableReadWriteLock.java:logLocking(65)) - s0@group-A8EB2453EBF5: readLock ACQUIRED 1 by SegmentedRaftLogCache.getLastTermIndex
2022-08-09 05:43:03,836 [s0-server-thread1] TRACE segmented.SegmentedRaftLogCache (AutoCloseableReadWriteLock.java:logLocking(65)) - s0@group-A8EB2453EBF5: readLock RELEASED 0 by SegmentedRaftLogCache.getLastTermIndex
2022-08-09 05:43:03,836 [s1@group-A8EB2453EBF5->s0-LogAppenderDefault-LogAppenderDaemon] TRACE segmented.SegmentedRaftLogCache (AutoCloseableReadWriteLock.java:logLocking(65)) - s1@group-A8EB2453EBF5: readLock ACQUIRED 1 by SegmentedRaftLogCache.getLastTermIndex
2022-08-09 05:43:03,836 [s1@group-A8EB2453EBF5->s0-LogAppenderDefault-LogAppenderDaemon] TRACE segmented.SegmentedRaftLogCache (AutoCloseableReadWriteLock.java:logLocking(65)) - s1@group-A8EB2453EBF5: readLock RELEASED 0 by SegmentedRaftLogCache.getLastTermIndex
2022-08-09 05:43:03,840 [s1@group-A8EB2453EBF5->s2-LogAppenderDefault-LogAppenderDaemon] TRACE segmented.SegmentedRaftLogCache (AutoCloseableReadWriteLock.java:logLocking(65)) - s1@group-A8EB2453EBF5: readLock ACQUIRED 1 by SegmentedRaftLogCache.getLastTermIndex
2022-08-09 05:43:03,840 [s1@group-A8EB2453EBF5->s2-LogAppenderDefault-LogAppenderDaemon] TRACE segmented.SegmentedRaftLogCache (AutoCloseableReadWriteLock.java:logLocking(65)) - s1@group-A8EB2453EBF5: readLock RELEASED 0 by SegmentedRaftLogCache.getLastTermIndex
2022-08-09 05:43:03,840 [s1@group-A8EB2453EBF5->s2-LogAppenderDefault-LogAppenderDaemon] TRACE segmented.SegmentedRaftLogCache (AutoCloseableReadWriteLock.java:logLocking(65)) - s1@group-A8EB2453EBF5: readLock ACQUIRED 1 by SegmentedRaftLogCache.getLastTermIndex
2022-08-09 05:43:03,840 [s1@group-A8EB2453EBF5->s2-LogAppenderDefault-LogAppenderDaemon] TRACE segmented.SegmentedRaftLogCache (AutoCloseableReadWriteLock.java:logLocking(65)) - s1@group-A8EB2453EBF5: readLock RELEASED 0 by SegmentedRaftLogCache.getLastTermIndex
2022-08-09 05:43:03,841 [s2-server-thread1] TRACE segmented.SegmentedRaftLogCache (AutoCloseableReadWriteLock.java:logLocking(65)) - s2@group-A8EB2453EBF5: readLock ACQUIRED 1 by SegmentedRaftLogCache.getLastTermIndex
2022-08-09 05:43:03,841 [s2-server-thread1] TRACE segmented.SegmentedRaftLogCache (AutoCloseableReadWriteLock.java:logLocking(65)) - s2@group-A8EB2453EBF5: readLock RELEASED 0 by SegmentedRaftLogCache.getLastTermIndex
2022-08-09 05:43:03,841 [s1@group-A8EB2453EBF5->s2-LogAppenderDefault-LogAppenderDaemon] TRACE segmented.SegmentedRaftLogCache (AutoCloseableReadWriteLock.java:logLocking(65)) - s1@group-A8EB2453EBF5: readLock ACQUIRED 1 by SegmentedRaftLogCache.getLastTermIndex
2022-08-09 05:43:03,841 [s1@group-A8EB2453EBF5->s2-LogAppenderDefault-LogAppenderDaemon] TRACE segmented.SegmentedRaftLogCache (AutoCloseableReadWriteLock.java:logLocking(65)) - s1@group-A8EB2453EBF5: readLock RELEASED 0 by SegmentedRaftLogCache.getLastTermIndex
2022-08-09 05:43:03,896 [s1-client-thread1] TRACE segmented.SegmentedRaftLogCache (AutoCloseableReadWriteLock.java:logLocking(65)) - s1@group-A8EB2453EBF5: readLock ACQUIRED 1 by SegmentedRaftLogCache.getLastTermIndex
2022-08-09 05:43:03,896 [s1-client-thread1] TRACE segmented.SegmentedRaftLogCache (AutoCloseableReadWriteLock.java:logLocking(65)) - s1@group-A8EB2453EBF5: readLock RELEASED 0 by SegmentedRaftLogCache.getLastTermIndex
2022-08-09 05:43:03,896 [s1-client-thread1] TRACE segmented.SegmentedRaftLogCache (AutoCloseableReadWriteLock.java:logLocking(65)) - s1@group-A8EB2453EBF5: readLock ACQUIRED 1 by SegmentedRaftLogCache.getLastTermIndex
2022-08-09 05:43:03,896 [s1-client-thread1] TRACE segmented.SegmentedRaftLogCache (AutoCloseableReadWriteLock.java:logLocking(65)) - s1@group-A8EB2453EBF5: readLock RELEASED 0 by SegmentedRaftLogCache.getLastTermIndex
2022-08-09 05:43:03,896 [s1-client-thread1] TRACE segmented.SegmentedRaftLogCache (AutoCloseableReadWriteLock.java:logLocking(65)) - s1@group-A8EB2453EBF5: readLock ACQUIRED 1 by SegmentedRaftLogCache$LogSegmentList.countCached
2022-08-09 05:43:03,896 [s1-client-thread1] TRACE segmented.SegmentedRaftLogCache (AutoCloseableReadWriteLock.java:logLocking(65)) - s1@group-A8EB2453EBF5: readLock RELEASED 0 by SegmentedRaftLogCache$LogSegmentList.countCached
2022-08-09 05:43:03,896 [s1-client-thread1] TRACE segmented.SegmentedRaftLogCache (AutoCloseableReadWriteLock.java:logLocking(65)) - s1@group-A8EB2453EBF5: readLock ACQUIRED 1 by SegmentedRaftLogCache$LogSegmentList.getTotalCacheSize
2022-08-09 05:43:03,896 [s1-client-thread1] TRACE segmented.SegmentedRaftLogCache (AutoCloseableReadWriteLock.java:logLocking(65)) - s1@group-A8EB2453EBF5: readLock RELEASED 0 by SegmentedRaftLogCache$LogSegmentList.getTotalCacheSize
2022-08-09 05:43:03,897 [s1-client-thread1] DEBUG segmented.SegmentedRaftLogWorker (SegmentedRaftLogWorker.java:addIOTask(270)) - s1@group-A8EB2453EBF5-SegmentedRaftLogWorker adds IO task WriteLog:1: (t:1, i:1), STATEMACHINELOGENTRY, StateMachineLogEntryProto:144@client-65F24773FB27
2022-08-09 05:43:03,897 [s1@group-A8EB2453EBF5-SegmentedRaftLogWorker] DEBUG segmented.SegmentedRaftLogWorker (SegmentedRaftLogWorker.java:flushIfNecessary(365)) - s1@group-A8EB2453EBF5-SegmentedRaftLogWorker: flush SegmentedRaftLogOutputStream(/home/runner/work/ratis/ratis/ratis-test/target/test/data/2baaa1de/MiniRaftClusterWithSimulatedRpc3b4f24d4/s1/bbd46d57-59f4-4845-aaae-a8eb2453ebf5/current/log_inprogress_0)
2022-08-09 05:43:03,900 [s1@group-A8EB2453EBF5->s2-LogAppenderDefault-LogAppenderDaemon] TRACE segmented.SegmentedRaftLogCache (AutoCloseableReadWriteLock.java:logLocking(65)) - s1@group-A8EB2453EBF5: readLock ACQUIRED 1 by SegmentedRaftLogCache.getLastTermIndex
2022-08-09 05:43:03,900 [s1@group-A8EB2453EBF5->s2-LogAppenderDefault-LogAppenderDaemon] TRACE segmented.SegmentedRaftLogCache (AutoCloseableReadWriteLock.java:logLocking(65)) - s1@group-A8EB2453EBF5: readLock RELEASED 0 by SegmentedRaftLogCache.getLastTermIndex
2022-08-09 05:43:03,900 [s1@group-A8EB2453EBF5->s2-LogAppenderDefault-LogAppenderDaemon] TRACE segmented.SegmentedRaftLogCache (AutoCloseableReadWriteLock.java:logLocking(65)) - s1@group-A8EB2453EBF5: readLock ACQUIRED 1 by SegmentedRaftLogCache.getLastTermIndex
2022-08-09 05:43:03,900 [s1@group-A8EB2453EBF5->s2-LogAppenderDefault-LogAppenderDaemon] TRACE segmented.SegmentedRaftLogCache (AutoCloseableReadWriteLock.java:logLocking(65)) - s1@group-A8EB2453EBF5: readLock RELEASED 0 by SegmentedRaftLogCache.getLastTermIndex
2022-08-09 05:43:03,900 [s1@group-A8EB2453EBF5->s2-LogAppenderDefault-LogAppenderDaemon] TRACE segmented.SegmentedRaftLogCache (AutoCloseableReadWriteLock.java:logLocking(65)) - s1@group-A8EB2453EBF5: readLock ACQUIRED 1 by SegmentedRaftLogCache.getStartIndex
2022-08-09 05:43:03,900 [s1@group-A8EB2453EBF5->s2-LogAppenderDefault-LogAppenderDaemon] TRACE segmented.SegmentedRaftLogCache (AutoCloseableReadWriteLock.java:logLocking(65)) -   s1@group-A8EB2453EBF5: readLock ACQUIRED 2 by SegmentedRaftLogCache$LogSegmentList.isEmpty
2022-08-09 05:43:03,900 [s1@group-A8EB2453EBF5->s0-LogAppenderDefault-LogAppenderDaemon] TRACE segmented.SegmentedRaftLogCache (AutoCloseableReadWriteLock.java:logLocking(65)) -     s1@group-A8EB2453EBF5: readLock ACQUIRED 3 by SegmentedRaftLogCache.getLastTermIndex
2022-08-09 05:43:03,900 [s1@group-A8EB2453EBF5->s0-LogAppenderDefault-LogAppenderDaemon] TRACE segmented.SegmentedRaftLogCache (AutoCloseableReadWriteLock.java:logLocking(65)) -   s1@group-A8EB2453EBF5: readLock RELEASED 1 by SegmentedRaftLogCache.getLastTermIndex
2022-08-09 05:43:03,900 [s1@group-A8EB2453EBF5->s0-LogAppenderDefault-LogAppenderDaemon] TRACE segmented.SegmentedRaftLogCache (AutoCloseableReadWriteLock.java:logLocking(65)) -   s1@group-A8EB2453EBF5: readLock ACQUIRED 2 by SegmentedRaftLogCache.getLastTermIndex
2022-08-09 05:43:03,900 [s1@group-A8EB2453EBF5->s0-LogAppenderDefault-LogAppenderDaemon] TRACE segmented.SegmentedRaftLogCache (AutoCloseableReadWriteLock.java:logLocking(65)) -   s1@group-A8EB2453EBF5: readLock RELEASED 1 by SegmentedRaftLogCache.getLastTermIndex
2022-08-09 05:43:03,900 [s1@group-A8EB2453EBF5->s0-LogAppenderDefault-LogAppenderDaemon] TRACE segmented.SegmentedRaftLogCache (AutoCloseableReadWriteLock.java:logLocking(65)) -   s1@group-A8EB2453EBF5: readLock ACQUIRED 2 by SegmentedRaftLogCache.getStartIndex
2022-08-09 05:43:03,900 [s1@group-A8EB2453EBF5->s0-LogAppenderDefault-LogAppenderDaemon] TRACE segmented.SegmentedRaftLogCache (AutoCloseableReadWriteLock.java:logLocking(65)) -     s1@group-A8EB2453EBF5: readLock ACQUIRED 3 by SegmentedRaftLogCache$LogSegmentList.isEmpty
2022-08-09 05:43:03,900 [s1@group-A8EB2453EBF5->s0-LogAppenderDefault-LogAppenderDaemon] TRACE segmented.SegmentedRaftLogCache (AutoCloseableReadWriteLock.java:logLocking(65)) -     s1@group-A8EB2453EBF5: readLock RELEASED 2 by SegmentedRaftLogCache$LogSegmentList.isEmpty
2022-08-09 05:43:03,900 [s1@group-A8EB2453EBF5->s0-LogAppenderDefault-LogAppenderDaemon] TRACE segmented.SegmentedRaftLogCache (AutoCloseableReadWriteLock.java:logLocking(65)) -   s1@group-A8EB2453EBF5: readLock RELEASED 1 by SegmentedRaftLogCache.getStartIndex
2022-08-09 05:43:03,900 [s1@group-A8EB2453EBF5->s2-LogAppenderDefault-LogAppenderDaemon] TRACE segmented.SegmentedRaftLogCache (AutoCloseableReadWriteLock.java:logLocking(65)) -     s1@group-A8EB2453EBF5: readLock RELEASED 2 by SegmentedRaftLogCache$LogSegmentList.isEmpty
2022-08-09 05:43:03,900 [s1@group-A8EB2453EBF5->s2-LogAppenderDefault-LogAppenderDaemon] TRACE segmented.SegmentedRaftLogCache (AutoCloseableReadWriteLock.java:logLocking(65)) - s1@group-A8EB2453EBF5: readLock RELEASED 0 by SegmentedRaftLogCache.getStartIndex
2022-08-09 05:43:03,900 [s1@group-A8EB2453EBF5->s0-LogAppenderDefault-LogAppenderDaemon] TRACE segmented.SegmentedRaftLogCache (AutoCloseableReadWriteLock.java:logLocking(65)) - s1@group-A8EB2453EBF5: readLock ACQUIRED 1 by SegmentedRaftLogCache.getLastTermIndex
2022-08-09 05:43:03,901 [s1@group-A8EB2453EBF5->s0-LogAppenderDefault-LogAppenderDaemon] TRACE segmented.SegmentedRaftLogCache (AutoCloseableReadWriteLock.java:logLocking(65)) -   s1@group-A8EB2453EBF5: readLock RELEASED 1 by SegmentedRaftLogCache.getLastTermIndex
2022-08-09 05:43:03,901 [s1@group-A8EB2453EBF5->s2-LogAppenderDefault-LogAppenderDaemon] TRACE segmented.SegmentedRaftLogCache (AutoCloseableReadWriteLock.java:logLocking(65)) -   s1@group-A8EB2453EBF5: readLock ACQUIRED 2 by SegmentedRaftLogCache.getLastTermIndex
2022-08-09 05:43:03,901 [s1@group-A8EB2453EBF5->s2-LogAppenderDefault-LogAppenderDaemon] TRACE segmented.SegmentedRaftLogCache (AutoCloseableReadWriteLock.java:logLocking(65)) - s1@group-A8EB2453EBF5: readLock RELEASED 0 by SegmentedRaftLogCache.getLastTermIndex
2022-08-09 05:43:03,901 [Thread-466] TRACE segmented.SegmentedRaftLogCache (AutoCloseableReadWriteLock.java:logLocking(65)) - s0@group-A8EB2453EBF5: readLock ACQUIRED 1 by SegmentedRaftLogCache.computeTruncateIndices
2022-08-09 05:43:03,901 [Thread-466] TRACE segmented.SegmentedRaftLogCache (AutoCloseableReadWriteLock.java:logLocking(65)) -   s0@group-A8EB2453EBF5: readLock ACQUIRED 2 by SegmentedRaftLogCache$LogSegmentList.binarySearch
2022-08-09 05:43:03,901 [Thread-466] TRACE segmented.SegmentedRaftLogCache (AutoCloseableReadWriteLock.java:logLocking(65)) -   s0@group-A8EB2453EBF5: readLock RELEASED 1 by SegmentedRaftLogCache$LogSegmentList.binarySearch
2022-08-09 05:43:03,902 [Thread-466] TRACE segmented.SegmentedRaftLogCache (AutoCloseableReadWriteLock.java:logLocking(65)) -   s0@group-A8EB2453EBF5: readLock ACQUIRED 2 by SegmentedRaftLogCache$LogSegmentList.size
2022-08-09 05:43:03,902 [Thread-466] TRACE segmented.SegmentedRaftLogCache (AutoCloseableReadWriteLock.java:logLocking(65)) -   s0@group-A8EB2453EBF5: readLock RELEASED 1 by SegmentedRaftLogCache$LogSegmentList.size
2022-08-09 05:43:03,902 [Thread-466] TRACE segmented.SegmentedRaftLogCache (AutoCloseableReadWriteLock.java:logLocking(65)) - s0@group-A8EB2453EBF5: readLock RELEASED 0 by SegmentedRaftLogCache.computeTruncateIndices
2022-08-09 05:43:03,902 [Thread-466] DEBUG raftlog.RaftLog (SegmentedRaftLog.java:appendImpl(447)) - truncateIndex=-1, arrayIndex=0
2022-08-09 05:43:03,902 [Thread-481] TRACE segmented.SegmentedRaftLogCache (AutoCloseableReadWriteLock.java:logLocking(65)) - s2@group-A8EB2453EBF5: readLock ACQUIRED 1 by SegmentedRaftLogCache.computeTruncateIndices
2022-08-09 05:43:03,902 [Thread-466] TRACE segmented.SegmentedRaftLogCache (AutoCloseableReadWriteLock.java:logLocking(65)) - s0@group-A8EB2453EBF5: readLock ACQUIRED 1 by SegmentedRaftLogCache.getLastTermIndex
2022-08-09 05:43:03,902 [Thread-466] TRACE segmented.SegmentedRaftLogCache (AutoCloseableReadWriteLock.java:logLocking(65)) - s0@group-A8EB2453EBF5: readLock RELEASED 0 by SegmentedRaftLogCache.getLastTermIndex
2022-08-09 05:43:03,902 [Thread-481] TRACE segmented.SegmentedRaftLogCache (AutoCloseableReadWriteLock.java:logLocking(65)) -   s2@group-A8EB2453EBF5: readLock ACQUIRED 2 by SegmentedRaftLogCache$LogSegmentList.binarySearch
2022-08-09 05:43:03,902 [Thread-481] TRACE segmented.SegmentedRaftLogCache (AutoCloseableReadWriteLock.java:logLocking(65)) -   s2@group-A8EB2453EBF5: readLock RELEASED 1 by SegmentedRaftLogCache$LogSegmentList.binarySearch
2022-08-09 05:43:03,902 [Thread-481] TRACE segmented.SegmentedRaftLogCache (AutoCloseableReadWriteLock.java:logLocking(65)) -   s2@group-A8EB2453EBF5: readLock ACQUIRED 2 by SegmentedRaftLogCache$LogSegmentList.size
2022-08-09 05:43:03,902 [Thread-481] TRACE segmented.SegmentedRaftLogCache (AutoCloseableReadWriteLock.java:logLocking(65)) -   s2@group-A8EB2453EBF5: readLock RELEASED 1 by SegmentedRaftLogCache$LogSegmentList.size
2022-08-09 05:43:03,902 [Thread-481] TRACE segmented.SegmentedRaftLogCache (AutoCloseableReadWriteLock.java:logLocking(65)) - s2@group-A8EB2453EBF5: readLock RELEASED 0 by SegmentedRaftLogCache.computeTruncateIndices
2022-08-09 05:43:03,902 [Thread-466] TRACE segmented.SegmentedRaftLogCache (AutoCloseableReadWriteLock.java:logLocking(65)) - s0@group-A8EB2453EBF5: readLock ACQUIRED 1 by SegmentedRaftLogCache$LogSegmentList.countCached
2022-08-09 05:43:03,902 [Thread-466] TRACE segmented.SegmentedRaftLogCache (AutoCloseableReadWriteLock.java:logLocking(65)) - s0@group-A8EB2453EBF5: readLock RELEASED 0 by SegmentedRaftLogCache$LogSegmentList.countCached
2022-08-09 05:43:03,902 [Thread-466] TRACE segmented.SegmentedRaftLogCache (AutoCloseableReadWriteLock.java:logLocking(65)) - s0@group-A8EB2453EBF5: readLock ACQUIRED 1 by SegmentedRaftLogCache$LogSegmentList.getTotalCacheSize
2022-08-09 05:43:03,902 [Thread-466] TRACE segmented.SegmentedRaftLogCache (AutoCloseableReadWriteLock.java:logLocking(65)) - s0@group-A8EB2453EBF5: readLock RELEASED 0 by SegmentedRaftLogCache$LogSegmentList.getTotalCacheSize
2022-08-09 05:43:03,902 [Thread-466] DEBUG segmented.SegmentedRaftLogWorker (SegmentedRaftLogWorker.java:addIOTask(270)) - s0@group-A8EB2453EBF5-SegmentedRaftLogWorker adds IO task WriteLog:1: (t:1, i:1), STATEMACHINELOGENTRY, StateMachineLogEntryProto:144@client-65F24773FB27
2022-08-09 05:43:03,903 [s0@group-A8EB2453EBF5-SegmentedRaftLogWorker] DEBUG segmented.SegmentedRaftLogWorker (SegmentedRaftLogWorker.java:flushIfNecessary(365)) - s0@group-A8EB2453EBF5-SegmentedRaftLogWorker: flush SegmentedRaftLogOutputStream(/home/runner/work/ratis/ratis/ratis-test/target/test/data/2baaa1de/MiniRaftClusterWithSimulatedRpc3b4f24d4/s0/bbd46d57-59f4-4845-aaae-a8eb2453ebf5/current/log_inprogress_0)
2022-08-09 05:43:03,902 [Thread-481] DEBUG raftlog.RaftLog (SegmentedRaftLog.java:appendImpl(447)) - truncateIndex=-1, arrayIndex=0
2022-08-09 05:43:03,903 [Thread-481] TRACE segmented.SegmentedRaftLogCache (AutoCloseableReadWriteLock.java:logLocking(65)) - s2@group-A8EB2453EBF5: readLock ACQUIRED 1 by SegmentedRaftLogCache.getLastTermIndex
2022-08-09 05:43:03,903 [Thread-481] TRACE segmented.SegmentedRaftLogCache (AutoCloseableReadWriteLock.java:logLocking(65)) - s2@group-A8EB2453EBF5: readLock RELEASED 0 by SegmentedRaftLogCache.getLastTermIndex
2022-08-09 05:43:03,903 [Thread-481] TRACE segmented.SegmentedRaftLogCache (AutoCloseableReadWriteLock.java:logLocking(65)) - s2@group-A8EB2453EBF5: readLock ACQUIRED 1 by SegmentedRaftLogCache$LogSegmentList.countCached
2022-08-09 05:43:03,903 [Thread-481] TRACE segmented.SegmentedRaftLogCache (AutoCloseableReadWriteLock.java:logLocking(65)) - s2@group-A8EB2453EBF5: readLock RELEASED 0 by SegmentedRaftLogCache$LogSegmentList.countCached
2022-08-09 05:43:03,903 [Thread-481] TRACE segmented.SegmentedRaftLogCache (AutoCloseableReadWriteLock.java:logLocking(65)) - s2@group-A8EB2453EBF5: readLock ACQUIRED 1 by SegmentedRaftLogCache$LogSegmentList.getTotalCacheSize
2022-08-09 05:43:03,903 [Thread-481] TRACE segmented.SegmentedRaftLogCache (AutoCloseableReadWriteLock.java:logLocking(65)) - s2@group-A8EB2453EBF5: readLock RELEASED 0 by SegmentedRaftLogCache$LogSegmentList.getTotalCacheSize
2022-08-09 05:43:03,903 [Thread-481] DEBUG segmented.SegmentedRaftLogWorker (SegmentedRaftLogWorker.java:addIOTask(270)) - s2@group-A8EB2453EBF5-SegmentedRaftLogWorker adds IO task WriteLog:1: (t:1, i:1), STATEMACHINELOGENTRY, StateMachineLogEntryProto:144@client-65F24773FB27
2022-08-09 05:43:03,903 [s2@group-A8EB2453EBF5-SegmentedRaftLogWorker] DEBUG segmented.SegmentedRaftLogWorker (SegmentedRaftLogWorker.java:flushIfNecessary(365)) - s2@group-A8EB2453EBF5-SegmentedRaftLogWorker: flush SegmentedRaftLogOutputStream(/home/runner/work/ratis/ratis/ratis-test/target/test/data/2baaa1de/MiniRaftClusterWithSimulatedRpc3b4f24d4/s2/bbd46d57-59f4-4845-aaae-a8eb2453ebf5/current/log_inprogress_0)
2022-08-09 05:43:03,904 [s1@group-A8EB2453EBF5->s0-LogAppenderDefault-LogAppenderDaemon] TRACE segmented.SegmentedRaftLogCache (AutoCloseableReadWriteLock.java:logLocking(65)) - s1@group-A8EB2453EBF5: readLock ACQUIRED 1 by SegmentedRaftLogCache.getLastTermIndex
2022-08-09 05:43:03,904 [s1@group-A8EB2453EBF5->s0-LogAppenderDefault-LogAppenderDaemon] TRACE segmented.SegmentedRaftLogCache (AutoCloseableReadWriteLock.java:logLocking(65)) - s1@group-A8EB2453EBF5: readLock RELEASED 0 by SegmentedRaftLogCache.getLastTermIndex
2022-08-09 05:43:03,904 [s1@group-A8EB2453EBF5->s2-LogAppenderDefault-LogAppenderDaemon] TRACE segmented.SegmentedRaftLogCache (AutoCloseableReadWriteLock.java:logLocking(65)) - s1@group-A8EB2453EBF5: readLock ACQUIRED 1 by SegmentedRaftLogCache.getLastTermIndex
2022-08-09 05:43:03,904 [s1@group-A8EB2453EBF5->s2-LogAppenderDefault-LogAppenderDaemon] TRACE segmented.SegmentedRaftLogCache (AutoCloseableReadWriteLock.java:logLocking(65)) - s1@group-A8EB2453EBF5: readLock RELEASED 0 by SegmentedRaftLogCache.getLastTermIndex
2022-08-09 05:43:03,904 [s1@group-A8EB2453EBF5-LeaderStateImpl] TRACE segmented.SegmentedRaftLogCache (AutoCloseableReadWriteLock.java:logLocking(65)) - s1@group-A8EB2453EBF5: readLock ACQUIRED 1 by SegmentedRaftLogCache.getStartIndex
2022-08-09 05:43:03,904 [s1@group-A8EB2453EBF5-LeaderStateImpl] TRACE segmented.SegmentedRaftLogCache (AutoCloseableReadWriteLock.java:logLocking(65)) -   s1@group-A8EB2453EBF5: readLock ACQUIRED 2 by SegmentedRaftLogCache$LogSegmentList.isEmpty
2022-08-09 05:43:03,904 [s1@group-A8EB2453EBF5-LeaderStateImpl] TRACE segmented.SegmentedRaftLogCache (AutoCloseableReadWriteLock.java:logLocking(65)) -   s1@group-A8EB2453EBF5: readLock RELEASED 1 by SegmentedRaftLogCache$LogSegmentList.isEmpty
2022-08-09 05:43:03,904 [s1@group-A8EB2453EBF5-LeaderStateImpl] TRACE segmented.SegmentedRaftLogCache (AutoCloseableReadWriteLock.java:logLocking(65)) - s1@group-A8EB2453EBF5: readLock RELEASED 0 by SegmentedRaftLogCache.getStartIndex
2022-08-09 05:43:03,904 [s1@group-A8EB2453EBF5-LeaderStateImpl] TRACE segmented.SegmentedRaftLogCache (AutoCloseableReadWriteLock.java:logLocking(65)) - s1@group-A8EB2453EBF5: readLock ACQUIRED 1 by SegmentedRaftLogCache.getEndIndex
2022-08-09 05:43:03,904 [s1@group-A8EB2453EBF5-LeaderStateImpl] TRACE segmented.SegmentedRaftLogCache (AutoCloseableReadWriteLock.java:logLocking(65)) - s1@group-A8EB2453EBF5: readLock RELEASED 0 by SegmentedRaftLogCache.getEndIndex
2022-08-09 05:43:03,904 [s1@group-A8EB2453EBF5-LeaderStateImpl] TRACE segmented.SegmentedRaftLogCache (AutoCloseableReadWriteLock.java:logLocking(65)) - s1@group-A8EB2453EBF5: readLock ACQUIRED 1 by SegmentedRaftLogCache$LogSegmentList.getTermIndex
2022-08-09 05:43:03,904 [s1@group-A8EB2453EBF5-LeaderStateImpl] TRACE segmented.SegmentedRaftLogCache (AutoCloseableReadWriteLock.java:logLocking(65)) - s1@group-A8EB2453EBF5: readLock RELEASED 0 by SegmentedRaftLogCache$LogSegmentList.getTermIndex
2022-08-09 05:43:03,904 [s1@group-A8EB2453EBF5-LeaderStateImpl] TRACE segmented.SegmentedRaftLogCache (AutoCloseableReadWriteLock.java:logLocking(65)) - s1@group-A8EB2453EBF5: readLock ACQUIRED 1 by SegmentedRaftLogCache.getLastTermIndex
2022-08-09 05:43:03,904 [s1@group-A8EB2453EBF5-LeaderStateImpl] TRACE segmented.SegmentedRaftLogCache (AutoCloseableReadWriteLock.java:logLocking(65)) - s1@group-A8EB2453EBF5: readLock RELEASED 0 by SegmentedRaftLogCache.getLastTermIndex
2022-08-09 05:43:03,904 [s1@group-A8EB2453EBF5-LeaderStateImpl] TRACE segmented.SegmentedRaftLogCache (AutoCloseableReadWriteLock.java:logLocking(65)) - s1@group-A8EB2453EBF5: readLock ACQUIRED 1 by SegmentedRaftLogCache$LogSegmentList.countCached
2022-08-09 05:43:03,904 [s1@group-A8EB2453EBF5-LeaderStateImpl] TRACE segmented.SegmentedRaftLogCache (AutoCloseableReadWriteLock.java:logLocking(65)) - s1@group-A8EB2453EBF5: readLock RELEASED 0 by SegmentedRaftLogCache$LogSegmentList.countCached
2022-08-09 05:43:03,905 [s1@group-A8EB2453EBF5-LeaderStateImpl] TRACE segmented.SegmentedRaftLogCache (AutoCloseableReadWriteLock.java:logLocking(65)) - s1@group-A8EB2453EBF5: readLock ACQUIRED 1 by SegmentedRaftLogCache$LogSegmentList.getTotalCacheSize
2022-08-09 05:43:03,905 [s1@group-A8EB2453EBF5-LeaderStateImpl] TRACE segmented.SegmentedRaftLogCache (AutoCloseableReadWriteLock.java:logLocking(65)) - s1@group-A8EB2453EBF5: readLock RELEASED 0 by SegmentedRaftLogCache$LogSegmentList.getTotalCacheSize
2022-08-09 05:43:03,905 [s1@group-A8EB2453EBF5-LeaderStateImpl] DEBUG segmented.SegmentedRaftLogWorker (SegmentedRaftLogWorker.java:addIOTask(270)) - s1@group-A8EB2453EBF5-SegmentedRaftLogWorker adds IO task WriteLog:2: (t:1, i:2), METADATAENTRY(c:1)
2022-08-09 05:43:03,905 [s1@group-A8EB2453EBF5-SegmentedRaftLogWorker] DEBUG segmented.SegmentedRaftLogWorker (SegmentedRaftLogWorker.java:flushIfNecessary(365)) - s1@group-A8EB2453EBF5-SegmentedRaftLogWorker: flush SegmentedRaftLogOutputStream(/home/runner/work/ratis/ratis/ratis-test/target/test/data/2baaa1de/MiniRaftClusterWithSimulatedRpc3b4f24d4/s1/bbd46d57-59f4-4845-aaae-a8eb2453ebf5/current/log_inprogress_0)
2022-08-09 05:43:03,905 [s1@group-A8EB2453EBF5-StateMachineUpdater] INFO  statemachine.SimpleStateMachine4Testing (SimpleStateMachine4Testing.java:put(204)) - s1: put 1, m0 -> (t:1, i:1), STATEMACHINELOGENTRY, 144@client-65F24773FB27
2022-08-09 05:43:03,905 [s1@group-A8EB2453EBF5->s2-LogAppenderDefault-LogAppenderDaemon] TRACE segmented.SegmentedRaftLogCache (AutoCloseableReadWriteLock.java:logLocking(65)) - s1@group-A8EB2453EBF5: readLock ACQUIRED 1 by SegmentedRaftLogCache.getLastTermIndex
2022-08-09 05:43:03,905 [s1@group-A8EB2453EBF5->s2-LogAppenderDefault-LogAppenderDaemon] TRACE segmented.SegmentedRaftLogCache (AutoCloseableReadWriteLock.java:logLocking(65)) - s1@group-A8EB2453EBF5: readLock RELEASED 0 by SegmentedRaftLogCache.getLastTermIndex
2022-08-09 05:43:03,905 [s1@group-A8EB2453EBF5->s2-LogAppenderDefault-LogAppenderDaemon] TRACE segmented.SegmentedRaftLogCache (AutoCloseableReadWriteLock.java:logLocking(65)) - s1@group-A8EB2453EBF5: readLock ACQUIRED 1 by SegmentedRaftLogCache.getLastTermIndex
2022-08-09 05:43:03,905 [s1@group-A8EB2453EBF5->s2-LogAppenderDefault-LogAppenderDaemon] TRACE segmented.SegmentedRaftLogCache (AutoCloseableReadWriteLock.java:logLocking(65)) - s1@group-A8EB2453EBF5: readLock RELEASED 0 by SegmentedRaftLogCache.getLastTermIndex
2022-08-09 05:43:03,905 [s1@group-A8EB2453EBF5->s2-LogAppenderDefault-LogAppenderDaemon] TRACE segmented.SegmentedRaftLogCache (AutoCloseableReadWriteLock.java:logLocking(65)) - s1@group-A8EB2453EBF5: readLock ACQUIRED 1 by SegmentedRaftLogCache.getStartIndex
2022-08-09 05:43:03,905 [s1@group-A8EB2453EBF5->s2-LogAppenderDefault-LogAppenderDaemon] TRACE segmented.SegmentedRaftLogCache (AutoCloseableReadWriteLock.java:logLocking(65)) -   s1@group-A8EB2453EBF5: readLock ACQUIRED 2 by SegmentedRaftLogCache$LogSegmentList.isEmpty
2022-08-09 05:43:03,905 [s1@group-A8EB2453EBF5->s2-LogAppenderDefault-LogAppenderDaemon] TRACE segmented.SegmentedRaftLogCache (AutoCloseableReadWriteLock.java:logLocking(65)) -   s1@group-A8EB2453EBF5: readLock RELEASED 1 by SegmentedRaftLogCache$LogSegmentList.isEmpty
2022-08-09 05:43:03,905 [s1@group-A8EB2453EBF5->s2-LogAppenderDefault-LogAppenderDaemon] TRACE segmented.SegmentedRaftLogCache (AutoCloseableReadWriteLock.java:logLocking(65)) - s1@group-A8EB2453EBF5: readLock RELEASED 0 by SegmentedRaftLogCache.getStartIndex
2022-08-09 05:43:03,905 [s1@group-A8EB2453EBF5->s2-LogAppenderDefault-LogAppenderDaemon] TRACE segmented.SegmentedRaftLogCache (AutoCloseableReadWriteLock.java:logLocking(65)) - s1@group-A8EB2453EBF5: readLock ACQUIRED 1 by SegmentedRaftLogCache.getLastTermIndex
2022-08-09 05:43:03,905 [s1@group-A8EB2453EBF5->s2-LogAppenderDefault-LogAppenderDaemon] TRACE segmented.SegmentedRaftLogCache (AutoCloseableReadWriteLock.java:logLocking(65)) - s1@group-A8EB2453EBF5: readLock RELEASED 0 by SegmentedRaftLogCache.getLastTermIndex
2022-08-09 05:43:03,905 [s1@group-A8EB2453EBF5->s0-LogAppenderDefault-LogAppenderDaemon] TRACE segmented.SegmentedRaftLogCache (AutoCloseableReadWriteLock.java:logLocking(65)) - s1@group-A8EB2453EBF5: readLock ACQUIRED 1 by SegmentedRaftLogCache.getLastTermIndex
2022-08-09 05:43:03,905 [s1@group-A8EB2453EBF5->s0-LogAppenderDefault-LogAppenderDaemon] TRACE segmented.SegmentedRaftLogCache (AutoCloseableReadWriteLock.java:logLocking(65)) - s1@group-A8EB2453EBF5: readLock RELEASED 0 by SegmentedRaftLogCache.getLastTermIndex
2022-08-09 05:43:03,905 [s1@group-A8EB2453EBF5->s0-LogAppenderDefault-LogAppenderDaemon] TRACE segmented.SegmentedRaftLogCache (AutoCloseableReadWriteLock.java:logLocking(65)) - s1@group-A8EB2453EBF5: readLock ACQUIRED 1 by SegmentedRaftLogCache.getLastTermIndex
2022-08-09 05:43:03,905 [s1@group-A8EB2453EBF5->s0-LogAppenderDefault-LogAppenderDaemon] TRACE segmented.SegmentedRaftLogCache (AutoCloseableReadWriteLock.java:logLocking(65)) - s1@group-A8EB2453EBF5: readLock RELEASED 0 by SegmentedRaftLogCache.getLastTermIndex
2022-08-09 05:43:03,905 [s1@group-A8EB2453EBF5->s0-LogAppenderDefault-LogAppenderDaemon] TRACE segmented.SegmentedRaftLogCache (AutoCloseableReadWriteLock.java:logLocking(65)) - s1@group-A8EB2453EBF5: readLock ACQUIRED 1 by SegmentedRaftLogCache.getStartIndex
2022-08-09 05:43:03,905 [s1@group-A8EB2453EBF5->s0-LogAppenderDefault-LogAppenderDaemon] TRACE segmented.SegmentedRaftLogCache (AutoCloseableReadWriteLock.java:logLocking(65)) -   s1@group-A8EB2453EBF5: readLock ACQUIRED 2 by SegmentedRaftLogCache$LogSegmentList.isEmpty
2022-08-09 05:43:03,905 [s1@group-A8EB2453EBF5->s0-LogAppenderDefault-LogAppenderDaemon] TRACE segmented.SegmentedRaftLogCache (AutoCloseableReadWriteLock.java:logLocking(65)) -   s1@group-A8EB2453EBF5: readLock RELEASED 1 by SegmentedRaftLogCache$LogSegmentList.isEmpty
2022-08-09 05:43:03,906 [s1@group-A8EB2453EBF5->s0-LogAppenderDefault-LogAppenderDaemon] TRACE segmented.SegmentedRaftLogCache (AutoCloseableReadWriteLock.java:logLocking(65)) - s1@group-A8EB2453EBF5: readLock RELEASED 0 by SegmentedRaftLogCache.getStartIndex
2022-08-09 05:43:03,906 [s1@group-A8EB2453EBF5->s0-LogAppenderDefault-LogAppenderDaemon] TRACE segmented.SegmentedRaftLogCache (AutoCloseableReadWriteLock.java:logLocking(65)) - s1@group-A8EB2453EBF5: readLock ACQUIRED 1 by SegmentedRaftLogCache.getLastTermIndex
2022-08-09 05:43:03,906 [s1@group-A8EB2453EBF5->s0-LogAppenderDefault-LogAppenderDaemon] TRACE segmented.SegmentedRaftLogCache (AutoCloseableReadWriteLock.java:logLocking(65)) - s1@group-A8EB2453EBF5: readLock RELEASED 0 by SegmentedRaftLogCache.getLastTermIndex
2022-08-09 05:43:03,906 [Thread-464] TRACE segmented.SegmentedRaftLogCache (AutoCloseableReadWriteLock.java:logLocking(65)) - s0@group-A8EB2453EBF5: readLock ACQUIRED 1 by SegmentedRaftLogCache.computeTruncateIndices
2022-08-09 05:43:03,906 [Thread-479] TRACE segmented.SegmentedRaftLogCache (AutoCloseableReadWriteLock.java:logLocking(65)) - s2@group-A8EB2453EBF5: readLock ACQUIRED 1 by SegmentedRaftLogCache.computeTruncateIndices
2022-08-09 05:43:03,906 [Thread-464] TRACE segmented.SegmentedRaftLogCache (AutoCloseableReadWriteLock.java:logLocking(65)) -   s0@group-A8EB2453EBF5: readLock ACQUIRED 2 by SegmentedRaftLogCache$LogSegmentList.binarySearch
2022-08-09 05:43:03,906 [Thread-464] TRACE segmented.SegmentedRaftLogCache (AutoCloseableReadWriteLock.java:logLocking(65)) -   s0@group-A8EB2453EBF5: readLock RELEASED 1 by SegmentedRaftLogCache$LogSegmentList.binarySearch
2022-08-09 05:43:03,906 [Thread-464] TRACE segmented.SegmentedRaftLogCache (AutoCloseableReadWriteLock.java:logLocking(65)) -   s0@group-A8EB2453EBF5: readLock ACQUIRED 2 by SegmentedRaftLogCache$LogSegmentList.size
2022-08-09 05:43:03,906 [Thread-464] TRACE segmented.SegmentedRaftLogCache (AutoCloseableReadWriteLock.java:logLocking(65)) -   s0@group-A8EB2453EBF5: readLock RELEASED 1 by SegmentedRaftLogCache$LogSegmentList.size
2022-08-09 05:43:03,906 [Thread-464] TRACE segmented.SegmentedRaftLogCache (AutoCloseableReadWriteLock.java:logLocking(65)) - s0@group-A8EB2453EBF5: readLock RELEASED 0 by SegmentedRaftLogCache.computeTruncateIndices
2022-08-09 05:43:03,906 [Thread-464] DEBUG raftlog.RaftLog (SegmentedRaftLog.java:appendImpl(447)) - truncateIndex=-1, arrayIndex=0
2022-08-09 05:43:03,906 [Thread-464] TRACE segmented.SegmentedRaftLogCache (AutoCloseableReadWriteLock.java:logLocking(65)) - s0@group-A8EB2453EBF5: readLock ACQUIRED 1 by SegmentedRaftLogCache$LogSegmentList.countCached
2022-08-09 05:43:03,906 [Thread-464] TRACE segmented.SegmentedRaftLogCache (AutoCloseableReadWriteLock.java:logLocking(65)) - s0@group-A8EB2453EBF5: readLock RELEASED 0 by SegmentedRaftLogCache$LogSegmentList.countCached
2022-08-09 05:43:03,906 [Thread-464] TRACE segmented.SegmentedRaftLogCache (AutoCloseableReadWriteLock.java:logLocking(65)) - s0@group-A8EB2453EBF5: readLock ACQUIRED 1 by SegmentedRaftLogCache$LogSegmentList.getTotalCacheSize
2022-08-09 05:43:03,906 [Thread-464] TRACE segmented.SegmentedRaftLogCache (AutoCloseableReadWriteLock.java:logLocking(65)) - s0@group-A8EB2453EBF5: readLock RELEASED 0 by SegmentedRaftLogCache$LogSegmentList.getTotalCacheSize
2022-08-09 05:43:03,907 [Thread-464] DEBUG segmented.SegmentedRaftLogWorker (SegmentedRaftLogWorker.java:addIOTask(270)) - s0@group-A8EB2453EBF5-SegmentedRaftLogWorker adds IO task WriteLog:2: (t:1, i:2), METADATAENTRY(c:1)
2022-08-09 05:43:03,906 [Thread-479] TRACE segmented.SegmentedRaftLogCache (AutoCloseableReadWriteLock.java:logLocking(65)) -   s2@group-A8EB2453EBF5: readLock ACQUIRED 2 by SegmentedRaftLogCache$LogSegmentList.binarySearch
2022-08-09 05:43:03,907 [Thread-479] TRACE segmented.SegmentedRaftLogCache (AutoCloseableReadWriteLock.java:logLocking(65)) -   s2@group-A8EB2453EBF5: readLock RELEASED 1 by SegmentedRaftLogCache$LogSegmentList.binarySearch
2022-08-09 05:43:03,907 [Thread-479] TRACE segmented.SegmentedRaftLogCache (AutoCloseableReadWriteLock.java:logLocking(65)) -   s2@group-A8EB2453EBF5: readLock ACQUIRED 2 by SegmentedRaftLogCache$LogSegmentList.size
2022-08-09 05:43:03,907 [Thread-479] TRACE segmented.SegmentedRaftLogCache (AutoCloseableReadWriteLock.java:logLocking(65)) -   s2@group-A8EB2453EBF5: readLock RELEASED 1 by SegmentedRaftLogCache$LogSegmentList.size
2022-08-09 05:43:03,907 [Thread-479] TRACE segmented.SegmentedRaftLogCache (AutoCloseableReadWriteLock.java:logLocking(65)) - s2@group-A8EB2453EBF5: readLock RELEASED 0 by SegmentedRaftLogCache.computeTruncateIndices
2022-08-09 05:43:03,907 [Thread-479] DEBUG raftlog.RaftLog (SegmentedRaftLog.java:appendImpl(447)) - truncateIndex=-1, arrayIndex=0
2022-08-09 05:43:03,907 [Thread-479] TRACE segmented.SegmentedRaftLogCache (AutoCloseableReadWriteLock.java:logLocking(65)) - s2@group-A8EB2453EBF5: readLock ACQUIRED 1 by SegmentedRaftLogCache$LogSegmentList.countCached
2022-08-09 05:43:03,907 [Thread-479] TRACE segmented.SegmentedRaftLogCache (AutoCloseableReadWriteLock.java:logLocking(65)) - s2@group-A8EB2453EBF5: readLock RELEASED 0 by SegmentedRaftLogCache$LogSegmentList.countCached
2022-08-09 05:43:03,907 [Thread-479] TRACE segmented.SegmentedRaftLogCache (AutoCloseableReadWriteLock.java:logLocking(65)) - s2@group-A8EB2453EBF5: readLock ACQUIRED 1 by SegmentedRaftLogCache$LogSegmentList.getTotalCacheSize
2022-08-09 05:43:03,907 [Thread-479] TRACE segmented.SegmentedRaftLogCache (AutoCloseableReadWriteLock.java:logLocking(65)) - s2@group-A8EB2453EBF5: readLock RELEASED 0 by SegmentedRaftLogCache$LogSegmentList.getTotalCacheSize
2022-08-09 05:43:03,907 [Thread-479] DEBUG segmented.SegmentedRaftLogWorker (SegmentedRaftLogWorker.java:addIOTask(270)) - s2@group-A8EB2453EBF5-SegmentedRaftLogWorker adds IO task WriteLog:2: (t:1, i:2), METADATAENTRY(c:1)
2022-08-09 05:43:03,907 [s2@group-A8EB2453EBF5-SegmentedRaftLogWorker] DEBUG segmented.SegmentedRaftLogWorker (SegmentedRaftLogWorker.java:flushIfNecessary(365)) - s2@group-A8EB2453EBF5-SegmentedRaftLogWorker: flush SegmentedRaftLogOutputStream(/home/runner/work/ratis/ratis/ratis-test/target/test/data/2baaa1de/MiniRaftClusterWithSimulatedRpc3b4f24d4/s2/bbd46d57-59f4-4845-aaae-a8eb2453ebf5/current/log_inprogress_0)
2022-08-09 05:43:03,907 [s0@group-A8EB2453EBF5-SegmentedRaftLogWorker] DEBUG segmented.SegmentedRaftLogWorker (SegmentedRaftLogWorker.java:flushIfNecessary(365)) - s0@group-A8EB2453EBF5-SegmentedRaftLogWorker: flush SegmentedRaftLogOutputStream(/home/runner/work/ratis/ratis/ratis-test/target/test/data/2baaa1de/MiniRaftClusterWithSimulatedRpc3b4f24d4/s0/bbd46d57-59f4-4845-aaae-a8eb2453ebf5/current/log_inprogress_0)
2022-08-09 05:43:03,908 [s2@group-A8EB2453EBF5-StateMachineUpdater] INFO  statemachine.SimpleStateMachine4Testing (SimpleStateMachine4Testing.java:put(204)) - s2: put 1, m0 -> (t:1, i:1), STATEMACHINELOGENTRY, 144@client-65F24773FB27
2022-08-09 05:43:03,908 [s0@group-A8EB2453EBF5-StateMachineUpdater] INFO  statemachine.SimpleStateMachine4Testing (SimpleStateMachine4Testing.java:put(204)) - s0: put 1, m0 -> (t:1, i:1), STATEMACHINELOGENTRY, 144@client-65F24773FB27
2022-08-09 05:43:03,909 [s1@group-A8EB2453EBF5->s2-LogAppenderDefault-LogAppenderDaemon] TRACE segmented.SegmentedRaftLogCache (AutoCloseableReadWriteLock.java:logLocking(65)) - s1@group-A8EB2453EBF5: readLock ACQUIRED 1 by SegmentedRaftLogCache.getLastTermIndex
2022-08-09 05:43:03,909 [s1@group-A8EB2453EBF5->s2-LogAppenderDefault-LogAppenderDaemon] TRACE segmented.SegmentedRaftLogCache (AutoCloseableReadWriteLock.java:logLocking(65)) - s1@group-A8EB2453EBF5: readLock RELEASED 0 by SegmentedRaftLogCache.getLastTermIndex
2022-08-09 05:43:03,909 [s1@group-A8EB2453EBF5-LeaderStateImpl] TRACE segmented.SegmentedRaftLogCache (AutoCloseableReadWriteLock.java:logLocking(65)) - s1@group-A8EB2453EBF5: readLock ACQUIRED 1 by SegmentedRaftLogCache.getStartIndex
2022-08-09 05:43:03,909 [s1@group-A8EB2453EBF5-LeaderStateImpl] TRACE segmented.SegmentedRaftLogCache (AutoCloseableReadWriteLock.java:logLocking(65)) -   s1@group-A8EB2453EBF5: readLock ACQUIRED 2 by SegmentedRaftLogCache$LogSegmentList.isEmpty
2022-08-09 05:43:03,909 [s1@group-A8EB2453EBF5-LeaderStateImpl] TRACE segmented.SegmentedRaftLogCache (AutoCloseableReadWriteLock.java:logLocking(65)) -   s1@group-A8EB2453EBF5: readLock RELEASED 1 by SegmentedRaftLogCache$LogSegmentList.isEmpty
2022-08-09 05:43:03,909 [s1@group-A8EB2453EBF5-LeaderStateImpl] TRACE segmented.SegmentedRaftLogCache (AutoCloseableReadWriteLock.java:logLocking(65)) - s1@group-A8EB2453EBF5: readLock RELEASED 0 by SegmentedRaftLogCache.getStartIndex
2022-08-09 05:43:03,909 [s1@group-A8EB2453EBF5-LeaderStateImpl] TRACE segmented.SegmentedRaftLogCache (AutoCloseableReadWriteLock.java:logLocking(65)) - s1@group-A8EB2453EBF5: readLock ACQUIRED 1 by SegmentedRaftLogCache.getEndIndex
2022-08-09 05:43:03,909 [s1@group-A8EB2453EBF5-LeaderStateImpl] TRACE segmented.SegmentedRaftLogCache (AutoCloseableReadWriteLock.java:logLocking(65)) - s1@group-A8EB2453EBF5: readLock RELEASED 0 by SegmentedRaftLogCache.getEndIndex
2022-08-09 05:43:03,909 [s1@group-A8EB2453EBF5-LeaderStateImpl] TRACE segmented.SegmentedRaftLogCache (AutoCloseableReadWriteLock.java:logLocking(65)) - s1@group-A8EB2453EBF5: readLock ACQUIRED 1 by SegmentedRaftLogCache$LogSegmentList.getTermIndex
2022-08-09 05:43:03,909 [s1@group-A8EB2453EBF5-LeaderStateImpl] TRACE segmented.SegmentedRaftLogCache (AutoCloseableReadWriteLock.java:logLocking(65)) - s1@group-A8EB2453EBF5: readLock RELEASED 0 by SegmentedRaftLogCache$LogSegmentList.getTermIndex
2022-08-09 05:43:03,909 [s1@group-A8EB2453EBF5->s2-LogAppenderDefault-LogAppenderDaemon] TRACE segmented.SegmentedRaftLogCache (AutoCloseableReadWriteLock.java:logLocking(65)) - s1@group-A8EB2453EBF5: readLock ACQUIRED 1 by SegmentedRaftLogCache.getLastTermIndex
2022-08-09 05:43:03,909 [s1@group-A8EB2453EBF5->s2-LogAppenderDefault-LogAppenderDaemon] TRACE segmented.SegmentedRaftLogCache (AutoCloseableReadWriteLock.java:logLocking(65)) - s1@group-A8EB2453EBF5: readLock RELEASED 0 by SegmentedRaftLogCache.getLastTermIndex
2022-08-09 05:43:03,909 [s1@group-A8EB2453EBF5->s2-LogAppenderDefault-LogAppenderDaemon] TRACE segmented.SegmentedRaftLogCache (AutoCloseableReadWriteLock.java:logLocking(65)) - s1@group-A8EB2453EBF5: readLock ACQUIRED 1 by SegmentedRaftLogCache.getLastTermIndex
2022-08-09 05:43:03,909 [s1@group-A8EB2453EBF5->s2-LogAppenderDefault-LogAppenderDaemon] TRACE segmented.SegmentedRaftLogCache (AutoCloseableReadWriteLock.java:logLocking(65)) - s1@group-A8EB2453EBF5: readLock RELEASED 0 by SegmentedRaftLogCache.getLastTermIndex
2022-08-09 05:43:03,909 [s1@group-A8EB2453EBF5->s0-LogAppenderDefault-LogAppenderDaemon] TRACE segmented.SegmentedRaftLogCache (AutoCloseableReadWriteLock.java:logLocking(65)) - s1@group-A8EB2453EBF5: readLock ACQUIRED 1 by SegmentedRaftLogCache.getLastTermIndex
2022-08-09 05:43:03,909 [s1@group-A8EB2453EBF5->s0-LogAppenderDefault-LogAppenderDaemon] TRACE segmented.SegmentedRaftLogCache (AutoCloseableReadWriteLock.java:logLocking(65)) - s1@group-A8EB2453EBF5: readLock RELEASED 0 by SegmentedRaftLogCache.getLastTermIndex
2022-08-09 05:43:03,910 [s1@group-A8EB2453EBF5->s2-LogAppenderDefault-LogAppenderDaemon] TRACE segmented.SegmentedRaftLogCache (AutoCloseableReadWriteLock.java:logLocking(65)) - s1@group-A8EB2453EBF5: readLock ACQUIRED 1 by SegmentedRaftLogCache.getLastTermIndex
2022-08-09 05:43:03,910 [s1@group-A8EB2453EBF5->s2-LogAppenderDefault-LogAppenderDaemon] TRACE segmented.SegmentedRaftLogCache (AutoCloseableReadWriteLock.java:logLocking(65)) - s1@group-A8EB2453EBF5: readLock RELEASED 0 by SegmentedRaftLogCache.getLastTermIndex
2022-08-09 05:43:03,910 [s1@group-A8EB2453EBF5->s2-LogAppenderDefault-LogAppenderDaemon] TRACE segmented.SegmentedRaftLogCache (AutoCloseableReadWriteLock.java:logLocking(65)) - s1@group-A8EB2453EBF5: readLock ACQUIRED 1 by SegmentedRaftLogCache.getLastTermIndex
2022-08-09 05:43:03,910 [s1@group-A8EB2453EBF5->s2-LogAppenderDefault-LogAppenderDaemon] TRACE segmented.SegmentedRaftLogCache (AutoCloseableReadWriteLock.java:logLocking(65)) - s1@group-A8EB2453EBF5: readLock RELEASED 0 by SegmentedRaftLogCache.getLastTermIndex
2022-08-09 05:43:03,916 [s1-client-thread1] TRACE segmented.SegmentedRaftLogCache (AutoCloseableReadWriteLock.java:logLocking(65)) - s1@group-A8EB2453EBF5: readLock ACQUIRED 1 by SegmentedRaftLogCache.getLastTermIndex
2022-08-09 05:43:03,916 [s1-client-thread1] TRACE segmented.SegmentedRaftLogCache (AutoCloseableReadWriteLock.java:logLocking(65)) - s1@group-A8EB2453EBF5: readLock RELEASED 0 by SegmentedRaftLogCache.getLastTermIndex
2022-08-09 05:43:03,916 [s1-client-thread1] TRACE segmented.SegmentedRaftLogCache (AutoCloseableReadWriteLock.java:logLocking(65)) - s1@group-A8EB2453EBF5: readLock ACQUIRED 1 by SegmentedRaftLogCache.getLastTermIndex
2022-08-09 05:43:03,916 [s1-client-thread1] TRACE segmented.SegmentedRaftLogCache (AutoCloseableReadWriteLock.java:logLocking(65)) - s1@group-A8EB2453EBF5: readLock RELEASED 0 by SegmentedRaftLogCache.getLastTermIndex
2022-08-09 05:43:03,916 [s1-client-thread1] TRACE segmented.SegmentedRaftLogCache (AutoCloseableReadWriteLock.java:logLocking(65)) - s1@group-A8EB2453EBF5: readLock ACQUIRED 1 by SegmentedRaftLogCache$LogSegmentList.countCached
2022-08-09 05:43:03,916 [s1-client-thread1] TRACE segmented.SegmentedRaftLogCache (AutoCloseableReadWriteLock.java:logLocking(65)) - s1@group-A8EB2453EBF5: readLock RELEASED 0 by SegmentedRaftLogCache$LogSegmentList.countCached
2022-08-09 05:43:03,916 [s1-client-thread1] TRACE segmented.SegmentedRaftLogCache (AutoCloseableReadWriteLock.java:logLocking(65)) - s1@group-A8EB2453EBF5: readLock ACQUIRED 1 by SegmentedRaftLogCache$LogSegmentList.getTotalCacheSize
2022-08-09 05:43:03,916 [s1-client-thread1] TRACE segmented.SegmentedRaftLogCache (AutoCloseableReadWriteLock.java:logLocking(65)) - s1@group-A8EB2453EBF5: readLock RELEASED 0 by SegmentedRaftLogCache$LogSegmentList.getTotalCacheSize
2022-08-09 05:43:03,916 [s1-client-thread1] DEBUG segmented.SegmentedRaftLogWorker (SegmentedRaftLogWorker.java:addIOTask(270)) - s1@group-A8EB2453EBF5-SegmentedRaftLogWorker adds IO task WriteLog:3: (t:1, i:3), STATEMACHINELOGENTRY, StateMachineLogEntryProto:151@client-65F24773FB27
2022-08-09 05:43:03,917 [s1@group-A8EB2453EBF5->s0-LogAppenderDefault-LogAppenderDaemon] TRACE segmented.SegmentedRaftLogCache (AutoCloseableReadWriteLock.java:logLocking(65)) - s1@group-A8EB2453EBF5: readLock ACQUIRED 1 by SegmentedRaftLogCache.getLastTermIndex
2022-08-09 05:43:03,917 [s1@group-A8EB2453EBF5-SegmentedRaftLogWorker] DEBUG segmented.SegmentedRaftLogWorker (SegmentedRaftLogWorker.java:flushIfNecessary(365)) - s1@group-A8EB2453EBF5-SegmentedRaftLogWorker: flush SegmentedRaftLogOutputStream(/home/runner/work/ratis/ratis/ratis-test/target/test/data/2baaa1de/MiniRaftClusterWithSimulatedRpc3b4f24d4/s1/bbd46d57-59f4-4845-aaae-a8eb2453ebf5/current/log_inprogress_0)
2022-08-09 05:43:03,917 [s1@group-A8EB2453EBF5->s2-LogAppenderDefault-LogAppenderDaemon] TRACE segmented.SegmentedRaftLogCache (AutoCloseableReadWriteLock.java:logLocking(65)) - s1@group-A8EB2453EBF5: readLock ACQUIRED 1 by SegmentedRaftLogCache.getLastTermIndex
2022-08-09 05:43:03,917 [s1@group-A8EB2453EBF5->s2-LogAppenderDefault-LogAppenderDaemon] TRACE segmented.SegmentedRaftLogCache (AutoCloseableReadWriteLock.java:logLocking(65)) - s1@group-A8EB2453EBF5: readLock RELEASED 0 by SegmentedRaftLogCache.getLastTermIndex
2022-08-09 05:43:03,917 [s1@group-A8EB2453EBF5->s2-LogAppenderDefault-LogAppenderDaemon] TRACE segmented.SegmentedRaftLogCache (AutoCloseableReadWriteLock.java:logLocking(65)) - s1@group-A8EB2453EBF5: readLock ACQUIRED 1 by SegmentedRaftLogCache.getLastTermIndex
2022-08-09 05:43:03,917 [s1@group-A8EB2453EBF5->s2-LogAppenderDefault-LogAppenderDaemon] TRACE segmented.SegmentedRaftLogCache (AutoCloseableReadWriteLock.java:logLocking(65)) - s1@group-A8EB2453EBF5: readLock RELEASED 0 by SegmentedRaftLogCache.getLastTermIndex
2022-08-09 05:43:03,917 [s1@group-A8EB2453EBF5->s2-LogAppenderDefault-LogAppenderDaemon] TRACE segmented.SegmentedRaftLogCache (AutoCloseableReadWriteLock.java:logLocking(65)) - s1@group-A8EB2453EBF5: readLock ACQUIRED 1 by SegmentedRaftLogCache.getStartIndex
2022-08-09 05:43:03,917 [s1@group-A8EB2453EBF5->s2-LogAppenderDefault-LogAppenderDaemon] TRACE segmented.SegmentedRaftLogCache (AutoCloseableReadWriteLock.java:logLocking(65)) -   s1@group-A8EB2453EBF5: readLock ACQUIRED 2 by SegmentedRaftLogCache$LogSegmentList.isEmpty
2022-08-09 05:43:03,917 [s1@group-A8EB2453EBF5->s2-LogAppenderDefault-LogAppenderDaemon] TRACE segmented.SegmentedRaftLogCache (AutoCloseableReadWriteLock.java:logLocking(65)) -   s1@group-A8EB2453EBF5: readLock RELEASED 1 by SegmentedRaftLogCache$LogSegmentList.isEmpty
2022-08-09 05:43:03,917 [s1@group-A8EB2453EBF5->s2-LogAppenderDefault-LogAppenderDaemon] TRACE segmented.SegmentedRaftLogCache (AutoCloseableReadWriteLock.java:logLocking(65)) - s1@group-A8EB2453EBF5: readLock RELEASED 0 by SegmentedRaftLogCache.getStartIndex
2022-08-09 05:43:03,917 [s1@group-A8EB2453EBF5->s2-LogAppenderDefault-LogAppenderDaemon] TRACE segmented.SegmentedRaftLogCache (AutoCloseableReadWriteLock.java:logLocking(65)) - s1@group-A8EB2453EBF5: readLock ACQUIRED 1 by SegmentedRaftLogCache.getLastTermIndex
2022-08-09 05:43:03,917 [s1@group-A8EB2453EBF5->s2-LogAppenderDefault-LogAppenderDaemon] TRACE segmented.SegmentedRaftLogCache (AutoCloseableReadWriteLock.java:logLocking(65)) - s1@group-A8EB2453EBF5: readLock RELEASED 0 by SegmentedRaftLogCache.getLastTermIndex
2022-08-09 05:43:03,917 [s1@group-A8EB2453EBF5->s0-LogAppenderDefault-LogAppenderDaemon] TRACE segmented.SegmentedRaftLogCache (AutoCloseableReadWriteLock.java:logLocking(65)) - s1@group-A8EB2453EBF5: readLock RELEASED 0 by SegmentedRaftLogCache.getLastTermIndex
2022-08-09 05:43:03,917 [s1@group-A8EB2453EBF5->s0-LogAppenderDefault-LogAppenderDaemon] TRACE segmented.SegmentedRaftLogCache (AutoCloseableReadWriteLock.java:logLocking(65)) - s1@group-A8EB2453EBF5: readLock ACQUIRED 1 by SegmentedRaftLogCache.getLastTermIndex
2022-08-09 05:43:03,917 [s1@group-A8EB2453EBF5->s0-LogAppenderDefault-LogAppenderDaemon] TRACE segmented.SegmentedRaftLogCache (AutoCloseableReadWriteLock.java:logLocking(65)) - s1@group-A8EB2453EBF5: readLock RELEASED 0 by SegmentedRaftLogCache.getLastTermIndex
2022-08-09 05:43:03,917 [s1@group-A8EB2453EBF5->s0-LogAppenderDefault-LogAppenderDaemon] TRACE segmented.SegmentedRaftLogCache (AutoCloseableReadWriteLock.java:logLocking(65)) - s1@group-A8EB2453EBF5: readLock ACQUIRED 1 by SegmentedRaftLogCache.getStartIndex
2022-08-09 05:43:03,917 [s1@group-A8EB2453EBF5->s0-LogAppenderDefault-LogAppenderDaemon] TRACE segmented.SegmentedRaftLogCache (AutoCloseableReadWriteLock.java:logLocking(65)) -   s1@group-A8EB2453EBF5: readLock ACQUIRED 2 by SegmentedRaftLogCache$LogSegmentList.isEmpty
2022-08-09 05:43:03,917 [s1@group-A8EB2453EBF5->s0-LogAppenderDefault-LogAppenderDaemon] TRACE segmented.SegmentedRaftLogCache (AutoCloseableReadWriteLock.java:logLocking(65)) -   s1@group-A8EB2453EBF5: readLock RELEASED 1 by SegmentedRaftLogCache$LogSegmentList.isEmpty
2022-08-09 05:43:03,917 [s1@group-A8EB2453EBF5->s0-LogAppenderDefault-LogAppenderDaemon] TRACE segmented.SegmentedRaftLogCache (AutoCloseableReadWriteLock.java:logLocking(65)) - s1@group-A8EB2453EBF5: readLock RELEASED 0 by SegmentedRaftLogCache.getStartIndex
2022-08-09 05:43:03,917 [s1@group-A8EB2453EBF5->s0-LogAppenderDefault-LogAppenderDaemon] TRACE segmented.SegmentedRaftLogCache (AutoCloseableReadWriteLock.java:logLocking(65)) - s1@group-A8EB2453EBF5: readLock ACQUIRED 1 by SegmentedRaftLogCache.getLastTermIndex
2022-08-09 05:43:03,917 [s1@group-A8EB2453EBF5->s0-LogAppenderDefault-LogAppenderDaemon] TRACE segmented.SegmentedRaftLogCache (AutoCloseableReadWriteLock.java:logLocking(65)) - s1@group-A8EB2453EBF5: readLock RELEASED 0 by SegmentedRaftLogCache.getLastTermIndex
2022-08-09 05:43:03,918 [Thread-465] TRACE segmented.SegmentedRaftLogCache (AutoCloseableReadWriteLock.java:logLocking(65)) - s0@group-A8EB2453EBF5: readLock ACQUIRED 1 by SegmentedRaftLogCache.computeTruncateIndices
2022-08-09 05:43:03,918 [Thread-465] TRACE segmented.SegmentedRaftLogCache (AutoCloseableReadWriteLock.java:logLocking(65)) -   s0@group-A8EB2453EBF5: readLock ACQUIRED 2 by SegmentedRaftLogCache$LogSegmentList.binarySearch
2022-08-09 05:43:03,918 [Thread-465] TRACE segmented.SegmentedRaftLogCache (AutoCloseableReadWriteLock.java:logLocking(65)) -   s0@group-A8EB2453EBF5: readLock RELEASED 1 by SegmentedRaftLogCache$LogSegmentList.binarySearch
2022-08-09 05:43:03,918 [Thread-465] TRACE segmented.SegmentedRaftLogCache (AutoCloseableReadWriteLock.java:logLocking(65)) -   s0@group-A8EB2453EBF5: readLock ACQUIRED 2 by SegmentedRaftLogCache$LogSegmentList.size
2022-08-09 05:43:03,918 [Thread-465] TRACE segmented.SegmentedRaftLogCache (AutoCloseableReadWriteLock.java:logLocking(65)) -   s0@group-A8EB2453EBF5: readLock RELEASED 1 by SegmentedRaftLogCache$LogSegmentList.size
2022-08-09 05:43:03,918 [Thread-465] TRACE segmented.SegmentedRaftLogCache (AutoCloseableReadWriteLock.java:logLocking(65)) - s0@group-A8EB2453EBF5: readLock RELEASED 0 by SegmentedRaftLogCache.computeTruncateIndices
2022-08-09 05:43:03,918 [Thread-465] DEBUG raftlog.RaftLog (SegmentedRaftLog.java:appendImpl(447)) - truncateIndex=-1, arrayIndex=0
2022-08-09 05:43:03,918 [Thread-465] TRACE segmented.SegmentedRaftLogCache (AutoCloseableReadWriteLock.java:logLocking(65)) - s0@group-A8EB2453EBF5: readLock ACQUIRED 1 by SegmentedRaftLogCache.getLastTermIndex
2022-08-09 05:43:03,918 [Thread-465] TRACE segmented.SegmentedRaftLogCache (AutoCloseableReadWriteLock.java:logLocking(65)) - s0@group-A8EB2453EBF5: readLock RELEASED 0 by SegmentedRaftLogCache.getLastTermIndex
2022-08-09 05:43:03,918 [Thread-465] TRACE segmented.SegmentedRaftLogCache (AutoCloseableReadWriteLock.java:logLocking(65)) - s0@group-A8EB2453EBF5: readLock ACQUIRED 1 by SegmentedRaftLogCache$LogSegmentList.countCached
2022-08-09 05:43:03,918 [Thread-465] TRACE segmented.SegmentedRaftLogCache (AutoCloseableReadWriteLock.java:logLocking(65)) - s0@group-A8EB2453EBF5: readLock RELEASED 0 by SegmentedRaftLogCache$LogSegmentList.countCached
2022-08-09 05:43:03,918 [Thread-465] TRACE segmented.SegmentedRaftLogCache (AutoCloseableReadWriteLock.java:logLocking(65)) - s0@group-A8EB2453EBF5: readLock ACQUIRED 1 by SegmentedRaftLogCache$LogSegmentList.getTotalCacheSize
2022-08-09 05:43:03,918 [Thread-465] TRACE segmented.SegmentedRaftLogCache (AutoCloseableReadWriteLock.java:logLocking(65)) - s0@group-A8EB2453EBF5: readLock RELEASED 0 by SegmentedRaftLogCache$LogSegmentList.getTotalCacheSize
2022-08-09 05:43:03,918 [Thread-465] DEBUG segmented.SegmentedRaftLogWorker (SegmentedRaftLogWorker.java:addIOTask(270)) - s0@group-A8EB2453EBF5-SegmentedRaftLogWorker adds IO task WriteLog:3: (t:1, i:3), STATEMACHINELOGENTRY, StateMachineLogEntryProto:151@client-65F24773FB27
2022-08-09 05:43:03,918 [s0@group-A8EB2453EBF5-SegmentedRaftLogWorker] DEBUG segmented.SegmentedRaftLogWorker (SegmentedRaftLogWorker.java:flushIfNecessary(365)) - s0@group-A8EB2453EBF5-SegmentedRaftLogWorker: flush SegmentedRaftLogOutputStream(/home/runner/work/ratis/ratis/ratis-test/target/test/data/2baaa1de/MiniRaftClusterWithSimulatedRpc3b4f24d4/s0/bbd46d57-59f4-4845-aaae-a8eb2453ebf5/current/log_inprogress_0)
2022-08-09 05:43:03,919 [Thread-480] TRACE segmented.SegmentedRaftLogCache (AutoCloseableReadWriteLock.java:logLocking(65)) - s2@group-A8EB2453EBF5: readLock ACQUIRED 1 by SegmentedRaftLogCache.computeTruncateIndices
2022-08-09 05:43:03,919 [Thread-480] TRACE segmented.SegmentedRaftLogCache (AutoCloseableReadWriteLock.java:logLocking(65)) -   s2@group-A8EB2453EBF5: readLock ACQUIRED 2 by SegmentedRaftLogCache$LogSegmentList.binarySearch
2022-08-09 05:43:03,919 [Thread-480] TRACE segmented.SegmentedRaftLogCache (AutoCloseableReadWriteLock.java:logLocking(65)) -   s2@group-A8EB2453EBF5: readLock RELEASED 1 by SegmentedRaftLogCache$LogSegmentList.binarySearch
2022-08-09 05:43:03,919 [Thread-480] TRACE segmented.SegmentedRaftLogCache (AutoCloseableReadWriteLock.java:logLocking(65)) -   s2@group-A8EB2453EBF5: readLock ACQUIRED 2 by SegmentedRaftLogCache$LogSegmentList.size
2022-08-09 05:43:03,919 [Thread-480] TRACE segmented.SegmentedRaftLogCache (AutoCloseableReadWriteLock.java:logLocking(65)) -   s2@group-A8EB2453EBF5: readLock RELEASED 1 by SegmentedRaftLogCache$LogSegmentList.size
2022-08-09 05:43:03,919 [Thread-480] TRACE segmented.SegmentedRaftLogCache (AutoCloseableReadWriteLock.java:logLocking(65)) - s2@group-A8EB2453EBF5: readLock RELEASED 0 by SegmentedRaftLogCache.computeTruncateIndices
2022-08-09 05:43:03,919 [Thread-480] DEBUG raftlog.RaftLog (SegmentedRaftLog.java:appendImpl(447)) - truncateIndex=-1, arrayIndex=0
2022-08-09 05:43:03,919 [Thread-480] TRACE segmented.SegmentedRaftLogCache (AutoCloseableReadWriteLock.java:logLocking(65)) - s2@group-A8EB2453EBF5: readLock ACQUIRED 1 by SegmentedRaftLogCache.getLastTermIndex
2022-08-09 05:43:03,919 [Thread-480] TRACE segmented.SegmentedRaftLogCache (AutoCloseableReadWriteLock.java:logLocking(65)) - s2@group-A8EB2453EBF5: readLock RELEASED 0 by SegmentedRaftLogCache.getLastTermIndex
2022-08-09 05:43:03,919 [Thread-480] TRACE segmented.SegmentedRaftLogCache (AutoCloseableReadWriteLock.java:logLocking(65)) - s2@group-A8EB2453EBF5: readLock ACQUIRED 1 by SegmentedRaftLogCache$LogSegmentList.countCached
2022-08-09 05:43:03,919 [Thread-480] TRACE segmented.SegmentedRaftLogCache (AutoCloseableReadWriteLock.java:logLocking(65)) - s2@group-A8EB2453EBF5: readLock RELEASED 0 by SegmentedRaftLogCache$LogSegmentList.countCached
2022-08-09 05:43:03,919 [Thread-480] TRACE segmented.SegmentedRaftLogCache (AutoCloseableReadWriteLock.java:logLocking(65)) - s2@group-A8EB2453EBF5: readLock ACQUIRED 1 by SegmentedRaftLogCache$LogSegmentList.getTotalCacheSize
2022-08-09 05:43:03,919 [Thread-480] TRACE segmented.SegmentedRaftLogCache (AutoCloseableReadWriteLock.java:logLocking(65)) - s2@group-A8EB2453EBF5: readLock RELEASED 0 by SegmentedRaftLogCache$LogSegmentList.getTotalCacheSize
2022-08-09 05:43:03,920 [Thread-480] DEBUG segmented.SegmentedRaftLogWorker (SegmentedRaftLogWorker.java:addIOTask(270)) - s2@group-A8EB2453EBF5-SegmentedRaftLogWorker adds IO task WriteLog:3: (t:1, i:3), STATEMACHINELOGENTRY, StateMachineLogEntryProto:151@client-65F24773FB27
2022-08-09 05:43:03,920 [s2@group-A8EB2453EBF5-SegmentedRaftLogWorker] DEBUG segmented.SegmentedRaftLogWorker (SegmentedRaftLogWorker.java:flushIfNecessary(365)) - s2@group-A8EB2453EBF5-SegmentedRaftLogWorker: flush SegmentedRaftLogOutputStream(/home/runner/work/ratis/ratis/ratis-test/target/test/data/2baaa1de/MiniRaftClusterWithSimulatedRpc3b4f24d4/s2/bbd46d57-59f4-4845-aaae-a8eb2453ebf5/current/log_inprogress_0)
2022-08-09 05:43:03,920 [s1@group-A8EB2453EBF5->s0-LogAppenderDefault-LogAppenderDaemon] TRACE segmented.SegmentedRaftLogCache (AutoCloseableReadWriteLock.java:logLocking(65)) - s1@group-A8EB2453EBF5: readLock ACQUIRED 1 by SegmentedRaftLogCache.getLastTermIndex
2022-08-09 05:43:03,920 [s1@group-A8EB2453EBF5->s0-LogAppenderDefault-LogAppenderDaemon] TRACE segmented.SegmentedRaftLogCache (AutoCloseableReadWriteLock.java:logLocking(65)) - s1@group-A8EB2453EBF5: readLock RELEASED 0 by SegmentedRaftLogCache.getLastTermIndex
2022-08-09 05:43:03,920 [s1@group-A8EB2453EBF5->s2-LogAppenderDefault-LogAppenderDaemon] TRACE segmented.SegmentedRaftLogCache (AutoCloseableReadWriteLock.java:logLocking(65)) - s1@group-A8EB2453EBF5: readLock ACQUIRED 1 by SegmentedRaftLogCache.getLastTermIndex
2022-08-09 05:43:03,920 [s1@group-A8EB2453EBF5->s2-LogAppenderDefault-LogAppenderDaemon] TRACE segmented.SegmentedRaftLogCache (AutoCloseableReadWriteLock.java:logLocking(65)) - s1@group-A8EB2453EBF5: readLock RELEASED 0 by SegmentedRaftLogCache.getLastTermIndex
2022-08-09 05:43:03,920 [s1@group-A8EB2453EBF5->s0-LogAppenderDefault-LogAppenderDaemon] TRACE segmented.SegmentedRaftLogCache (AutoCloseableReadWriteLock.java:logLocking(65)) - s1@group-A8EB2453EBF5: readLock ACQUIRED 1 by SegmentedRaftLogCache.getLastTermIndex
2022-08-09 05:43:03,920 [s1@group-A8EB2453EBF5->s0-LogAppenderDefault-LogAppenderDaemon] TRACE segmented.SegmentedRaftLogCache (AutoCloseableReadWriteLock.java:logLocking(65)) - s1@group-A8EB2453EBF5: readLock RELEASED 0 by SegmentedRaftLogCache.getLastTermIndex
2022-08-09 05:43:03,920 [s1@group-A8EB2453EBF5->s0-LogAppenderDefault-LogAppenderDaemon] TRACE segmented.SegmentedRaftLogCache (AutoCloseableReadWriteLock.java:logLocking(65)) - s1@group-A8EB2453EBF5: readLock ACQUIRED 1 by SegmentedRaftLogCache.getLastTermIndex
2022-08-09 05:43:03,920 [s1@group-A8EB2453EBF5->s0-LogAppenderDefault-LogAppenderDaemon] TRACE segmented.SegmentedRaftLogCache (AutoCloseableReadWriteLock.java:logLocking(65)) - s1@group-A8EB2453EBF5: readLock RELEASED 0 by SegmentedRaftLogCache.getLastTermIndex
2022-08-09 05:43:03,921 [s1@group-A8EB2453EBF5-LeaderStateImpl] TRACE segmented.SegmentedRaftLogCache (AutoCloseableReadWriteLock.java:logLocking(65)) - s1@group-A8EB2453EBF5: readLock ACQUIRED 1 by SegmentedRaftLogCache.getStartIndex
2022-08-09 05:43:03,921 [s1@group-A8EB2453EBF5-LeaderStateImpl] TRACE segmented.SegmentedRaftLogCache (AutoCloseableReadWriteLock.java:logLocking(65)) -   s1@group-A8EB2453EBF5: readLock ACQUIRED 2 by SegmentedRaftLogCache$LogSegmentList.isEmpty
2022-08-09 05:43:03,921 [s1@group-A8EB2453EBF5-LeaderStateImpl] TRACE segmented.SegmentedRaftLogCache (AutoCloseableReadWriteLock.java:logLocking(65)) -   s1@group-A8EB2453EBF5: readLock RELEASED 1 by SegmentedRaftLogCache$LogSegmentList.isEmpty
2022-08-09 05:43:03,921 [s1@group-A8EB2453EBF5-LeaderStateImpl] TRACE segmented.SegmentedRaftLogCache (AutoCloseableReadWriteLock.java:logLocking(65)) - s1@group-A8EB2453EBF5: readLock RELEASED 0 by SegmentedRaftLogCache.getStartIndex
2022-08-09 05:43:03,921 [s1@group-A8EB2453EBF5-LeaderStateImpl] TRACE segmented.SegmentedRaftLogCache (AutoCloseableReadWriteLock.java:logLocking(65)) - s1@group-A8EB2453EBF5: readLock ACQUIRED 1 by SegmentedRaftLogCache.getEndIndex
2022-08-09 05:43:03,921 [s1@group-A8EB2453EBF5-LeaderStateImpl] TRACE segmented.SegmentedRaftLogCache (AutoCloseableReadWriteLock.java:logLocking(65)) - s1@group-A8EB2453EBF5: readLock RELEASED 0 by SegmentedRaftLogCache.getEndIndex
2022-08-09 05:43:03,921 [s1@group-A8EB2453EBF5-LeaderStateImpl] TRACE segmented.SegmentedRaftLogCache (AutoCloseableReadWriteLock.java:logLocking(65)) - s1@group-A8EB2453EBF5: readLock ACQUIRED 1 by SegmentedRaftLogCache$LogSegmentList.getTermIndex
2022-08-09 05:43:03,921 [s1@group-A8EB2453EBF5-LeaderStateImpl] TRACE segmented.SegmentedRaftLogCache (AutoCloseableReadWriteLock.java:logLocking(65)) - s1@group-A8EB2453EBF5: readLock RELEASED 0 by SegmentedRaftLogCache$LogSegmentList.getTermIndex
2022-08-09 05:43:03,921 [s1@group-A8EB2453EBF5-LeaderStateImpl] TRACE segmented.SegmentedRaftLogCache (AutoCloseableReadWriteLock.java:logLocking(65)) - s1@group-A8EB2453EBF5: readLock ACQUIRED 1 by SegmentedRaftLogCache.getLastTermIndex
2022-08-09 05:43:03,921 [s1@group-A8EB2453EBF5-LeaderStateImpl] TRACE segmented.SegmentedRaftLogCache (AutoCloseableReadWriteLock.java:logLocking(65)) - s1@group-A8EB2453EBF5: readLock RELEASED 0 by SegmentedRaftLogCache.getLastTermIndex
2022-08-09 05:43:03,921 [s1@group-A8EB2453EBF5-LeaderStateImpl] TRACE segmented.SegmentedRaftLogCache (AutoCloseableReadWriteLock.java:logLocking(65)) - s1@group-A8EB2453EBF5: readLock ACQUIRED 1 by SegmentedRaftLogCache$LogSegmentList.countCached
2022-08-09 05:43:03,921 [s1@group-A8EB2453EBF5-LeaderStateImpl] TRACE segmented.SegmentedRaftLogCache (AutoCloseableReadWriteLock.java:logLocking(65)) - s1@group-A8EB2453EBF5: readLock RELEASED 0 by SegmentedRaftLogCache$LogSegmentList.countCached
2022-08-09 05:43:03,921 [s1@group-A8EB2453EBF5-LeaderStateImpl] TRACE segmented.SegmentedRaftLogCache (AutoCloseableReadWriteLock.java:logLocking(65)) - s1@group-A8EB2453EBF5: readLock ACQUIRED 1 by SegmentedRaftLogCache$LogSegmentList.getTotalCacheSize
2022-08-09 05:43:03,921 [s1@group-A8EB2453EBF5-LeaderStateImpl] TRACE segmented.SegmentedRaftLogCache (AutoCloseableReadWriteLock.java:logLocking(65)) - s1@group-A8EB2453EBF5: readLock RELEASED 0 by SegmentedRaftLogCache$LogSegmentList.getTotalCacheSize
2022-08-09 05:43:03,921 [s1@group-A8EB2453EBF5-LeaderStateImpl] DEBUG segmented.SegmentedRaftLogWorker (SegmentedRaftLogWorker.java:addIOTask(270)) - s1@group-A8EB2453EBF5-SegmentedRaftLogWorker adds IO task WriteLog:4: (t:1, i:4), METADATAENTRY(c:3)
2022-08-09 05:43:03,921 [s1@group-A8EB2453EBF5-SegmentedRaftLogWorker] DEBUG segmented.SegmentedRaftLogWorker (SegmentedRaftLogWorker.java:flushIfNecessary(365)) - s1@group-A8EB2453EBF5-SegmentedRaftLogWorker: flush SegmentedRaftLogOutputStream(/home/runner/work/ratis/ratis/ratis-test/target/test/data/2baaa1de/MiniRaftClusterWithSimulatedRpc3b4f24d4/s1/bbd46d57-59f4-4845-aaae-a8eb2453ebf5/current/log_inprogress_0)
2022-08-09 05:43:03,921 [s1@group-A8EB2453EBF5-StateMachineUpdater] INFO  statemachine.SimpleStateMachine4Testing (SimpleStateMachine4Testing.java:put(204)) - s1: put 3, m1 -> (t:1, i:3), STATEMACHINELOGENTRY, 151@client-65F24773FB27
2022-08-09 05:43:03,922 [s1@group-A8EB2453EBF5->s2-LogAppenderDefault-LogAppenderDaemon] TRACE segmented.SegmentedRaftLogCache (AutoCloseableReadWriteLock.java:logLocking(65)) - s1@group-A8EB2453EBF5: readLock ACQUIRED 1 by SegmentedRaftLogCache.getLastTermIndex
2022-08-09 05:43:03,922 [s1@group-A8EB2453EBF5->s2-LogAppenderDefault-LogAppenderDaemon] TRACE segmented.SegmentedRaftLogCache (AutoCloseableReadWriteLock.java:logLocking(65)) - s1@group-A8EB2453EBF5: readLock RELEASED 0 by SegmentedRaftLogCache.getLastTermIndex
2022-08-09 05:43:03,922 [s1@group-A8EB2453EBF5->s2-LogAppenderDefault-LogAppenderDaemon] TRACE segmented.SegmentedRaftLogCache (AutoCloseableReadWriteLock.java:logLocking(65)) - s1@group-A8EB2453EBF5: readLock ACQUIRED 1 by SegmentedRaftLogCache.getLastTermIndex
2022-08-09 05:43:03,922 [s1@group-A8EB2453EBF5->s2-LogAppenderDefault-LogAppenderDaemon] TRACE segmented.SegmentedRaftLogCache (AutoCloseableReadWriteLock.java:logLocking(65)) - s1@group-A8EB2453EBF5: readLock RELEASED 0 by SegmentedRaftLogCache.getLastTermIndex
2022-08-09 05:43:03,922 [s1@group-A8EB2453EBF5->s2-LogAppenderDefault-LogAppenderDaemon] TRACE segmented.SegmentedRaftLogCache (AutoCloseableReadWriteLock.java:logLocking(65)) - s1@group-A8EB2453EBF5: readLock ACQUIRED 1 by SegmentedRaftLogCache.getStartIndex
2022-08-09 05:43:03,922 [s1@group-A8EB2453EBF5->s2-LogAppenderDefault-LogAppenderDaemon] TRACE segmented.SegmentedRaftLogCache (AutoCloseableReadWriteLock.java:logLocking(65)) -   s1@group-A8EB2453EBF5: readLock ACQUIRED 2 by SegmentedRaftLogCache$LogSegmentList.isEmpty
2022-08-09 05:43:03,922 [s1@group-A8EB2453EBF5->s2-LogAppenderDefault-LogAppenderDaemon] TRACE segmented.SegmentedRaftLogCache (AutoCloseableReadWriteLock.java:logLocking(65)) -     s1@group-A8EB2453EBF5: readLock RELEASED 2 by SegmentedRaftLogCache$LogSegmentList.isEmpty
2022-08-09 05:43:03,922 [s1@group-A8EB2453EBF5->s2-LogAppenderDefault-LogAppenderDaemon] TRACE segmented.SegmentedRaftLogCache (AutoCloseableReadWriteLock.java:logLocking(65)) -   s1@group-A8EB2453EBF5: readLock RELEASED 1 by SegmentedRaftLogCache.getStartIndex
2022-08-09 05:43:03,922 [s1@group-A8EB2453EBF5->s2-LogAppenderDefault-LogAppenderDaemon] TRACE segmented.SegmentedRaftLogCache (AutoCloseableReadWriteLock.java:logLocking(65)) -   s1@group-A8EB2453EBF5: readLock ACQUIRED 2 by SegmentedRaftLogCache.getLastTermIndex
2022-08-09 05:43:03,922 [s1@group-A8EB2453EBF5->s2-LogAppenderDefault-LogAppenderDaemon] TRACE segmented.SegmentedRaftLogCache (AutoCloseableReadWriteLock.java:logLocking(65)) -   s1@group-A8EB2453EBF5: readLock RELEASED 1 by SegmentedRaftLogCache.getLastTermIndex
2022-08-09 05:43:03,922 [s1@group-A8EB2453EBF5->s0-LogAppenderDefault-LogAppenderDaemon] TRACE segmented.SegmentedRaftLogCache (AutoCloseableReadWriteLock.java:logLocking(65)) -     s1@group-A8EB2453EBF5: readLock ACQUIRED 3 by SegmentedRaftLogCache.getLastTermIndex
2022-08-09 05:43:03,922 [s1@group-A8EB2453EBF5->s0-LogAppenderDefault-LogAppenderDaemon] TRACE segmented.SegmentedRaftLogCache (AutoCloseableReadWriteLock.java:logLocking(65)) - s1@group-A8EB2453EBF5: readLock RELEASED 0 by SegmentedRaftLogCache.getLastTermIndex
2022-08-09 05:43:03,922 [s1@group-A8EB2453EBF5->s0-LogAppenderDefault-LogAppenderDaemon] TRACE segmented.SegmentedRaftLogCache (AutoCloseableReadWriteLock.java:logLocking(65)) - s1@group-A8EB2453EBF5: readLock ACQUIRED 1 by SegmentedRaftLogCache.getLastTermIndex
2022-08-09 05:43:03,922 [s1@group-A8EB2453EBF5->s0-LogAppenderDefault-LogAppenderDaemon] TRACE segmented.SegmentedRaftLogCache (AutoCloseableReadWriteLock.java:logLocking(65)) - s1@group-A8EB2453EBF5: readLock RELEASED 0 by SegmentedRaftLogCache.getLastTermIndex
2022-08-09 05:43:03,922 [s1@group-A8EB2453EBF5->s0-LogAppenderDefault-LogAppenderDaemon] TRACE segmented.SegmentedRaftLogCache (AutoCloseableReadWriteLock.java:logLocking(65)) - s1@group-A8EB2453EBF5: readLock ACQUIRED 1 by SegmentedRaftLogCache.getStartIndex
2022-08-09 05:43:03,922 [s1@group-A8EB2453EBF5->s0-LogAppenderDefault-LogAppenderDaemon] TRACE segmented.SegmentedRaftLogCache (AutoCloseableReadWriteLock.java:logLocking(65)) -   s1@group-A8EB2453EBF5: readLock ACQUIRED 2 by SegmentedRaftLogCache$LogSegmentList.isEmpty
2022-08-09 05:43:03,922 [s1@group-A8EB2453EBF5->s0-LogAppenderDefault-LogAppenderDaemon] TRACE segmented.SegmentedRaftLogCache (AutoCloseableReadWriteLock.java:logLocking(65)) -   s1@group-A8EB2453EBF5: readLock RELEASED 1 by SegmentedRaftLogCache$LogSegmentList.isEmpty
2022-08-09 05:43:03,922 [s1@group-A8EB2453EBF5->s0-LogAppenderDefault-LogAppenderDaemon] TRACE segmented.SegmentedRaftLogCache (AutoCloseableReadWriteLock.java:logLocking(65)) - s1@group-A8EB2453EBF5: readLock RELEASED 0 by SegmentedRaftLogCache.getStartIndex
2022-08-09 05:43:03,923 [s1@group-A8EB2453EBF5->s0-LogAppenderDefault-LogAppenderDaemon] TRACE segmented.SegmentedRaftLogCache (AutoCloseableReadWriteLock.java:logLocking(65)) - s1@group-A8EB2453EBF5: readLock ACQUIRED 1 by SegmentedRaftLogCache.getLastTermIndex
2022-08-09 05:43:03,923 [s1@group-A8EB2453EBF5->s0-LogAppenderDefault-LogAppenderDaemon] TRACE segmented.SegmentedRaftLogCache (AutoCloseableReadWriteLock.java:logLocking(65)) - s1@group-A8EB2453EBF5: readLock RELEASED 0 by SegmentedRaftLogCache.getLastTermIndex
2022-08-09 05:43:03,923 [Thread-481] TRACE segmented.SegmentedRaftLogCache (AutoCloseableReadWriteLock.java:logLocking(65)) - s2@group-A8EB2453EBF5: readLock ACQUIRED 1 by SegmentedRaftLogCache.computeTruncateIndices
2022-08-09 05:43:03,923 [Thread-481] TRACE segmented.SegmentedRaftLogCache (AutoCloseableReadWriteLock.java:logLocking(65)) -   s2@group-A8EB2453EBF5: readLock ACQUIRED 2 by SegmentedRaftLogCache$LogSegmentList.binarySearch
2022-08-09 05:43:03,923 [Thread-481] TRACE segmented.SegmentedRaftLogCache (AutoCloseableReadWriteLock.java:logLocking(65)) -   s2@group-A8EB2453EBF5: readLock RELEASED 1 by SegmentedRaftLogCache$LogSegmentList.binarySearch
2022-08-09 05:43:03,923 [Thread-481] TRACE segmented.SegmentedRaftLogCache (AutoCloseableReadWriteLock.java:logLocking(65)) -   s2@group-A8EB2453EBF5: readLock ACQUIRED 2 by SegmentedRaftLogCache$LogSegmentList.size
2022-08-09 05:43:03,923 [Thread-481] TRACE segmented.SegmentedRaftLogCache (AutoCloseableReadWriteLock.java:logLocking(65)) -   s2@group-A8EB2453EBF5: readLock RELEASED 1 by SegmentedRaftLogCache$LogSegmentList.size
2022-08-09 05:43:03,923 [Thread-481] TRACE segmented.SegmentedRaftLogCache (AutoCloseableReadWriteLock.java:logLocking(65)) - s2@group-A8EB2453EBF5: readLock RELEASED 0 by SegmentedRaftLogCache.computeTruncateIndices
2022-08-09 05:43:03,923 [Thread-481] DEBUG raftlog.RaftLog (SegmentedRaftLog.java:appendImpl(447)) - truncateIndex=-1, arrayIndex=0
2022-08-09 05:43:03,923 [Thread-481] TRACE segmented.SegmentedRaftLogCache (AutoCloseableReadWriteLock.java:logLocking(65)) - s2@group-A8EB2453EBF5: readLock ACQUIRED 1 by SegmentedRaftLogCache$LogSegmentList.countCached
2022-08-09 05:43:03,923 [Thread-481] TRACE segmented.SegmentedRaftLogCache (AutoCloseableReadWriteLock.java:logLocking(65)) - s2@group-A8EB2453EBF5: readLock RELEASED 0 by SegmentedRaftLogCache$LogSegmentList.countCached
2022-08-09 05:43:03,923 [Thread-481] TRACE segmented.SegmentedRaftLogCache (AutoCloseableReadWriteLock.java:logLocking(65)) - s2@group-A8EB2453EBF5: readLock ACQUIRED 1 by SegmentedRaftLogCache$LogSegmentList.getTotalCacheSize
2022-08-09 05:43:03,923 [Thread-481] TRACE segmented.SegmentedRaftLogCache (AutoCloseableReadWriteLock.java:logLocking(65)) - s2@group-A8EB2453EBF5: readLock RELEASED 0 by SegmentedRaftLogCache$LogSegmentList.getTotalCacheSize
2022-08-09 05:43:03,923 [Thread-481] DEBUG segmented.SegmentedRaftLogWorker (SegmentedRaftLogWorker.java:addIOTask(270)) - s2@group-A8EB2453EBF5-SegmentedRaftLogWorker adds IO task WriteLog:4: (t:1, i:4), METADATAENTRY(c:3)
2022-08-09 05:43:03,923 [s2@group-A8EB2453EBF5-SegmentedRaftLogWorker] DEBUG segmented.SegmentedRaftLogWorker (SegmentedRaftLogWorker.java:flushIfNecessary(365)) - s2@group-A8EB2453EBF5-SegmentedRaftLogWorker: flush SegmentedRaftLogOutputStream(/home/runner/work/ratis/ratis/ratis-test/target/test/data/2baaa1de/MiniRaftClusterWithSimulatedRpc3b4f24d4/s2/bbd46d57-59f4-4845-aaae-a8eb2453ebf5/current/log_inprogress_0)
2022-08-09 05:43:03,924 [Thread-466] TRACE segmented.SegmentedRaftLogCache (AutoCloseableReadWriteLock.java:logLocking(65)) - s0@group-A8EB2453EBF5: readLock ACQUIRED 1 by SegmentedRaftLogCache.computeTruncateIndices
2022-08-09 05:43:03,924 [Thread-466] TRACE segmented.SegmentedRaftLogCache (AutoCloseableReadWriteLock.java:logLocking(65)) -   s0@group-A8EB2453EBF5: readLock ACQUIRED 2 by SegmentedRaftLogCache$LogSegmentList.binarySearch
2022-08-09 05:43:03,924 [Thread-466] TRACE segmented.SegmentedRaftLogCache (AutoCloseableReadWriteLock.java:logLocking(65)) -   s0@group-A8EB2453EBF5: readLock RELEASED 1 by SegmentedRaftLogCache$LogSegmentList.binarySearch
2022-08-09 05:43:03,924 [Thread-466] TRACE segmented.SegmentedRaftLogCache (AutoCloseableReadWriteLock.java:logLocking(65)) -   s0@group-A8EB2453EBF5: readLock ACQUIRED 2 by SegmentedRaftLogCache$LogSegmentList.size
2022-08-09 05:43:03,924 [Thread-466] TRACE segmented.SegmentedRaftLogCache (AutoCloseableReadWriteLock.java:logLocking(65)) -   s0@group-A8EB2453EBF5: readLock RELEASED 1 by SegmentedRaftLogCache$LogSegmentList.size
2022-08-09 05:43:03,924 [Thread-466] TRACE segmented.SegmentedRaftLogCache (AutoCloseableReadWriteLock.java:logLocking(65)) - s0@group-A8EB2453EBF5: readLock RELEASED 0 by SegmentedRaftLogCache.computeTruncateIndices
2022-08-09 05:43:03,924 [Thread-466] DEBUG raftlog.RaftLog (SegmentedRaftLog.java:appendImpl(447)) - truncateIndex=-1, arrayIndex=0
2022-08-09 05:43:03,924 [Thread-466] TRACE segmented.SegmentedRaftLogCache (AutoCloseableReadWriteLock.java:logLocking(65)) - s0@group-A8EB2453EBF5: readLock ACQUIRED 1 by SegmentedRaftLogCache$LogSegmentList.countCached
2022-08-09 05:43:03,924 [Thread-466] TRACE segmented.SegmentedRaftLogCache (AutoCloseableReadWriteLock.java:logLocking(65)) - s0@group-A8EB2453EBF5: readLock RELEASED 0 by SegmentedRaftLogCache$LogSegmentList.countCached
2022-08-09 05:43:03,924 [Thread-466] TRACE segmented.SegmentedRaftLogCache (AutoCloseableReadWriteLock.java:logLocking(65)) - s0@group-A8EB2453EBF5: readLock ACQUIRED 1 by SegmentedRaftLogCache$LogSegmentList.getTotalCacheSize
2022-08-09 05:43:03,924 [Thread-466] TRACE segmented.SegmentedRaftLogCache (AutoCloseableReadWriteLock.java:logLocking(65)) - s0@group-A8EB2453EBF5: readLock RELEASED 0 by SegmentedRaftLogCache$LogSegmentList.getTotalCacheSize
2022-08-09 05:43:03,924 [Thread-466] DEBUG segmented.SegmentedRaftLogWorker (SegmentedRaftLogWorker.java:addIOTask(270)) - s0@group-A8EB2453EBF5-SegmentedRaftLogWorker adds IO task WriteLog:4: (t:1, i:4), METADATAENTRY(c:3)
2022-08-09 05:43:03,924 [s2@group-A8EB2453EBF5-StateMachineUpdater] INFO  statemachine.SimpleStateMachine4Testing (SimpleStateMachine4Testing.java:put(204)) - s2: put 3, m1 -> (t:1, i:3), STATEMACHINELOGENTRY, 151@client-65F24773FB27
2022-08-09 05:43:03,925 [s0@group-A8EB2453EBF5-SegmentedRaftLogWorker] DEBUG segmented.SegmentedRaftLogWorker (SegmentedRaftLogWorker.java:flushIfNecessary(365)) - s0@group-A8EB2453EBF5-SegmentedRaftLogWorker: flush SegmentedRaftLogOutputStream(/home/runner/work/ratis/ratis/ratis-test/target/test/data/2baaa1de/MiniRaftClusterWithSimulatedRpc3b4f24d4/s0/bbd46d57-59f4-4845-aaae-a8eb2453ebf5/current/log_inprogress_0)
2022-08-09 05:43:03,925 [s1@group-A8EB2453EBF5->s2-LogAppenderDefault-LogAppenderDaemon] TRACE segmented.SegmentedRaftLogCache (AutoCloseableReadWriteLock.java:logLocking(65)) - s1@group-A8EB2453EBF5: readLock ACQUIRED 1 by SegmentedRaftLogCache.getLastTermIndex
2022-08-09 05:43:03,925 [s1@group-A8EB2453EBF5->s2-LogAppenderDefault-LogAppenderDaemon] TRACE segmented.SegmentedRaftLogCache (AutoCloseableReadWriteLock.java:logLocking(65)) - s1@group-A8EB2453EBF5: readLock RELEASED 0 by SegmentedRaftLogCache.getLastTermIndex
2022-08-09 05:43:03,925 [s1@group-A8EB2453EBF5->s0-LogAppenderDefault-LogAppenderDaemon] TRACE segmented.SegmentedRaftLogCache (AutoCloseableReadWriteLock.java:logLocking(65)) -   s1@group-A8EB2453EBF5: readLock ACQUIRED 2 by SegmentedRaftLogCache.getLastTermIndex
2022-08-09 05:43:03,925 [s1@group-A8EB2453EBF5->s0-LogAppenderDefault-LogAppenderDaemon] TRACE segmented.SegmentedRaftLogCache (AutoCloseableReadWriteLock.java:logLocking(65)) -   s1@group-A8EB2453EBF5: readLock RELEASED 1 by SegmentedRaftLogCache.getLastTermIndex
2022-08-09 05:43:03,925 [s1@group-A8EB2453EBF5-LeaderStateImpl] TRACE segmented.SegmentedRaftLogCache (AutoCloseableReadWriteLock.java:logLocking(65)) - s1@group-A8EB2453EBF5: readLock ACQUIRED 1 by SegmentedRaftLogCache.getStartIndex
2022-08-09 05:43:03,925 [s1@group-A8EB2453EBF5-LeaderStateImpl] TRACE segmented.SegmentedRaftLogCache (AutoCloseableReadWriteLock.java:logLocking(65)) -   s1@group-A8EB2453EBF5: readLock ACQUIRED 2 by SegmentedRaftLogCache$LogSegmentList.isEmpty
2022-08-09 05:43:03,925 [s1@group-A8EB2453EBF5-LeaderStateImpl] TRACE segmented.SegmentedRaftLogCache (AutoCloseableReadWriteLock.java:logLocking(65)) -   s1@group-A8EB2453EBF5: readLock RELEASED 1 by SegmentedRaftLogCache$LogSegmentList.isEmpty
2022-08-09 05:43:03,925 [s1@group-A8EB2453EBF5-LeaderStateImpl] TRACE segmented.SegmentedRaftLogCache (AutoCloseableReadWriteLock.java:logLocking(65)) - s1@group-A8EB2453EBF5: readLock RELEASED 0 by SegmentedRaftLogCache.getStartIndex
2022-08-09 05:43:03,925 [s1@group-A8EB2453EBF5-LeaderStateImpl] TRACE segmented.SegmentedRaftLogCache (AutoCloseableReadWriteLock.java:logLocking(65)) - s1@group-A8EB2453EBF5: readLock ACQUIRED 1 by SegmentedRaftLogCache.getEndIndex
2022-08-09 05:43:03,925 [s1@group-A8EB2453EBF5-LeaderStateImpl] TRACE segmented.SegmentedRaftLogCache (AutoCloseableReadWriteLock.java:logLocking(65)) - s1@group-A8EB2453EBF5: readLock RELEASED 0 by SegmentedRaftLogCache.getEndIndex
2022-08-09 05:43:03,925 [s1@group-A8EB2453EBF5-LeaderStateImpl] TRACE segmented.SegmentedRaftLogCache (AutoCloseableReadWriteLock.java:logLocking(65)) - s1@group-A8EB2453EBF5: readLock ACQUIRED 1 by SegmentedRaftLogCache$LogSegmentList.getTermIndex
2022-08-09 05:43:03,925 [s1@group-A8EB2453EBF5-LeaderStateImpl] TRACE segmented.SegmentedRaftLogCache (AutoCloseableReadWriteLock.java:logLocking(65)) - s1@group-A8EB2453EBF5: readLock RELEASED 0 by SegmentedRaftLogCache$LogSegmentList.getTermIndex
2022-08-09 05:43:03,925 [s0@group-A8EB2453EBF5-StateMachineUpdater] INFO  statemachine.SimpleStateMachine4Testing (SimpleStateMachine4Testing.java:put(204)) - s0: put 3, m1 -> (t:1, i:3), STATEMACHINELOGENTRY, 151@client-65F24773FB27
2022-08-09 05:43:03,926 [s1@group-A8EB2453EBF5->s2-LogAppenderDefault-LogAppenderDaemon] TRACE segmented.SegmentedRaftLogCache (AutoCloseableReadWriteLock.java:logLocking(65)) - s1@group-A8EB2453EBF5: readLock ACQUIRED 1 by SegmentedRaftLogCache.getLastTermIndex
2022-08-09 05:43:03,926 [s1@group-A8EB2453EBF5->s2-LogAppenderDefault-LogAppenderDaemon] TRACE segmented.SegmentedRaftLogCache (AutoCloseableReadWriteLock.java:logLocking(65)) - s1@group-A8EB2453EBF5: readLock RELEASED 0 by SegmentedRaftLogCache.getLastTermIndex
2022-08-09 05:43:03,926 [s1@group-A8EB2453EBF5->s2-LogAppenderDefault-LogAppenderDaemon] TRACE segmented.SegmentedRaftLogCache (AutoCloseableReadWriteLock.java:logLocking(65)) - s1@group-A8EB2453EBF5: readLock ACQUIRED 1 by SegmentedRaftLogCache.getLastTermIndex
2022-08-09 05:43:03,926 [s1@group-A8EB2453EBF5->s2-LogAppenderDefault-LogAppenderDaemon] TRACE segmented.SegmentedRaftLogCache (AutoCloseableReadWriteLock.java:logLocking(65)) - s1@group-A8EB2453EBF5: readLock RELEASED 0 by SegmentedRaftLogCache.getLastTermIndex
2022-08-09 05:43:03,926 [s1@group-A8EB2453EBF5->s0-LogAppenderDefault-LogAppenderDaemon] TRACE segmented.SegmentedRaftLogCache (AutoCloseableReadWriteLock.java:logLocking(65)) - s1@group-A8EB2453EBF5: readLock ACQUIRED 1 by SegmentedRaftLogCache.getLastTermIndex
2022-08-09 05:43:03,926 [s1@group-A8EB2453EBF5->s0-LogAppenderDefault-LogAppenderDaemon] TRACE segmented.SegmentedRaftLogCache (AutoCloseableReadWriteLock.java:logLocking(65)) - s1@group-A8EB2453EBF5: readLock RELEASED 0 by SegmentedRaftLogCache.getLastTermIndex
2022-08-09 05:43:03,926 [s1@group-A8EB2453EBF5->s0-LogAppenderDefault-LogAppenderDaemon] TRACE segmented.SegmentedRaftLogCache (AutoCloseableReadWriteLock.java:logLocking(65)) - s1@group-A8EB2453EBF5: readLock ACQUIRED 1 by SegmentedRaftLogCache.getLastTermIndex
2022-08-09 05:43:03,926 [s1@group-A8EB2453EBF5->s0-LogAppenderDefault-LogAppenderDaemon] TRACE segmented.SegmentedRaftLogCache (AutoCloseableReadWriteLock.java:logLocking(65)) - s1@group-A8EB2453EBF5: readLock RELEASED 0 by SegmentedRaftLogCache.getLastTermIndex
2022-08-09 05:43:03,927 [s1-client-thread1] TRACE segmented.SegmentedRaftLogCache (AutoCloseableReadWriteLock.java:logLocking(65)) - s1@group-A8EB2453EBF5: readLock ACQUIRED 1 by SegmentedRaftLogCache.getLastTermIndex
2022-08-09 05:43:03,927 [s1-client-thread1] TRACE segmented.SegmentedRaftLogCache (AutoCloseableReadWriteLock.java:logLocking(65)) - s1@group-A8EB2453EBF5: readLock RELEASED 0 by SegmentedRaftLogCache.getLastTermIndex
2022-08-09 05:43:03,927 [s1-client-thread1] TRACE segmented.SegmentedRaftLogCache (AutoCloseableReadWriteLock.java:logLocking(65)) - s1@group-A8EB2453EBF5: readLock ACQUIRED 1 by SegmentedRaftLogCache.getLastTermIndex
2022-08-09 05:43:03,927 [s1-client-thread1] TRACE segmented.SegmentedRaftLogCache (AutoCloseableReadWriteLock.java:logLocking(65)) - s1@group-A8EB2453EBF5: readLock RELEASED 0 by SegmentedRaftLogCache.getLastTermIndex
2022-08-09 05:43:03,927 [s1-client-thread1] TRACE segmented.SegmentedRaftLogCache (AutoCloseableReadWriteLock.java:logLocking(65)) - s1@group-A8EB2453EBF5: readLock ACQUIRED 1 by SegmentedRaftLogCache$LogSegmentList.countCached
2022-08-09 05:43:03,927 [s1-client-thread1] TRACE segmented.SegmentedRaftLogCache (AutoCloseableReadWriteLock.java:logLocking(65)) - s1@group-A8EB2453EBF5: readLock RELEASED 0 by SegmentedRaftLogCache$LogSegmentList.countCached
2022-08-09 05:43:03,927 [s1-client-thread1] TRACE segmented.SegmentedRaftLogCache (AutoCloseableReadWriteLock.java:logLocking(65)) - s1@group-A8EB2453EBF5: readLock ACQUIRED 1 by SegmentedRaftLogCache$LogSegmentList.getTotalCacheSize
2022-08-09 05:43:03,927 [s1-client-thread1] TRACE segmented.SegmentedRaftLogCache (AutoCloseableReadWriteLock.java:logLocking(65)) - s1@group-A8EB2453EBF5: readLock RELEASED 0 by SegmentedRaftLogCache$LogSegmentList.getTotalCacheSize
2022-08-09 05:43:03,927 [s1-client-thread1] DEBUG segmented.SegmentedRaftLogWorker (SegmentedRaftLogWorker.java:addIOTask(270)) - s1@group-A8EB2453EBF5-SegmentedRaftLogWorker adds IO task WriteLog:5: (t:1, i:5), STATEMACHINELOGENTRY, StateMachineLogEntryProto:156@client-65F24773FB27
2022-08-09 05:43:03,927 [s1@group-A8EB2453EBF5-SegmentedRaftLogWorker] DEBUG segmented.SegmentedRaftLogWorker (SegmentedRaftLogWorker.java:flushIfNecessary(365)) - s1@group-A8EB2453EBF5-SegmentedRaftLogWorker: flush SegmentedRaftLogOutputStream(/home/runner/work/ratis/ratis/ratis-test/target/test/data/2baaa1de/MiniRaftClusterWithSimulatedRpc3b4f24d4/s1/bbd46d57-59f4-4845-aaae-a8eb2453ebf5/current/log_inprogress_0)
2022-08-09 05:43:03,927 [s1@group-A8EB2453EBF5->s0-LogAppenderDefault-LogAppenderDaemon] TRACE segmented.SegmentedRaftLogCache (AutoCloseableReadWriteLock.java:logLocking(65)) - s1@group-A8EB2453EBF5: readLock ACQUIRED 1 by SegmentedRaftLogCache.getLastTermIndex
2022-08-09 05:43:03,927 [s1@group-A8EB2453EBF5->s0-LogAppenderDefault-LogAppenderDaemon] TRACE segmented.SegmentedRaftLogCache (AutoCloseableReadWriteLock.java:logLocking(65)) - s1@group-A8EB2453EBF5: readLock RELEASED 0 by SegmentedRaftLogCache.getLastTermIndex
2022-08-09 05:43:03,928 [s1@group-A8EB2453EBF5->s0-LogAppenderDefault-LogAppenderDaemon] TRACE segmented.SegmentedRaftLogCache (AutoCloseableReadWriteLock.java:logLocking(65)) - s1@group-A8EB2453EBF5: readLock ACQUIRED 1 by SegmentedRaftLogCache.getLastTermIndex
2022-08-09 05:43:03,928 [s1@group-A8EB2453EBF5->s0-LogAppenderDefault-LogAppenderDaemon] TRACE segmented.SegmentedRaftLogCache (AutoCloseableReadWriteLock.java:logLocking(65)) - s1@group-A8EB2453EBF5: readLock RELEASED 0 by SegmentedRaftLogCache.getLastTermIndex
2022-08-09 05:43:03,928 [s1@group-A8EB2453EBF5->s0-LogAppenderDefault-LogAppenderDaemon] TRACE segmented.SegmentedRaftLogCache (AutoCloseableReadWriteLock.java:logLocking(65)) - s1@group-A8EB2453EBF5: readLock ACQUIRED 1 by SegmentedRaftLogCache.getStartIndex
2022-08-09 05:43:03,928 [s1@group-A8EB2453EBF5->s0-LogAppenderDefault-LogAppenderDaemon] TRACE segmented.SegmentedRaftLogCache (AutoCloseableReadWriteLock.java:logLocking(65)) -   s1@group-A8EB2453EBF5: readLock ACQUIRED 2 by SegmentedRaftLogCache$LogSegmentList.isEmpty
2022-08-09 05:43:03,928 [s1@group-A8EB2453EBF5->s0-LogAppenderDefault-LogAppenderDaemon] TRACE segmented.SegmentedRaftLogCache (AutoCloseableReadWriteLock.java:logLocking(65)) -   s1@group-A8EB2453EBF5: readLock RELEASED 1 by SegmentedRaftLogCache$LogSegmentList.isEmpty
2022-08-09 05:43:03,928 [s1@group-A8EB2453EBF5->s0-LogAppenderDefault-LogAppenderDaemon] TRACE segmented.SegmentedRaftLogCache (AutoCloseableReadWriteLock.java:logLocking(65)) - s1@group-A8EB2453EBF5: readLock RELEASED 0 by SegmentedRaftLogCache.getStartIndex
2022-08-09 05:43:03,928 [s1@group-A8EB2453EBF5->s0-LogAppenderDefault-LogAppenderDaemon] TRACE segmented.SegmentedRaftLogCache (AutoCloseableReadWriteLock.java:logLocking(65)) - s1@group-A8EB2453EBF5: readLock ACQUIRED 1 by SegmentedRaftLogCache.getLastTermIndex
2022-08-09 05:43:03,928 [s1@group-A8EB2453EBF5->s0-LogAppenderDefault-LogAppenderDaemon] TRACE segmented.SegmentedRaftLogCache (AutoCloseableReadWriteLock.java:logLocking(65)) - s1@group-A8EB2453EBF5: readLock RELEASED 0 by SegmentedRaftLogCache.getLastTermIndex
2022-08-09 05:43:03,928 [Thread-464] TRACE segmented.SegmentedRaftLogCache (AutoCloseableReadWriteLock.java:logLocking(65)) - s0@group-A8EB2453EBF5: readLock ACQUIRED 1 by SegmentedRaftLogCache.computeTruncateIndices
2022-08-09 05:43:03,928 [Thread-464] TRACE segmented.SegmentedRaftLogCache (AutoCloseableReadWriteLock.java:logLocking(65)) -   s0@group-A8EB2453EBF5: readLock ACQUIRED 2 by SegmentedRaftLogCache$LogSegmentList.binarySearch
2022-08-09 05:43:03,928 [Thread-464] TRACE segmented.SegmentedRaftLogCache (AutoCloseableReadWriteLock.java:logLocking(65)) -   s0@group-A8EB2453EBF5: readLock RELEASED 1 by SegmentedRaftLogCache$LogSegmentList.binarySearch
2022-08-09 05:43:03,928 [Thread-464] TRACE segmented.SegmentedRaftLogCache (AutoCloseableReadWriteLock.java:logLocking(65)) -   s0@group-A8EB2453EBF5: readLock ACQUIRED 2 by SegmentedRaftLogCache$LogSegmentList.size
2022-08-09 05:43:03,928 [Thread-464] TRACE segmented.SegmentedRaftLogCache (AutoCloseableReadWriteLock.java:logLocking(65)) -   s0@group-A8EB2453EBF5: readLock RELEASED 1 by SegmentedRaftLogCache$LogSegmentList.size
2022-08-09 05:43:03,928 [Thread-464] TRACE segmented.SegmentedRaftLogCache (AutoCloseableReadWriteLock.java:logLocking(65)) - s0@group-A8EB2453EBF5: readLock RELEASED 0 by SegmentedRaftLogCache.computeTruncateIndices
2022-08-09 05:43:03,928 [Thread-464] DEBUG raftlog.RaftLog (SegmentedRaftLog.java:appendImpl(447)) - truncateIndex=-1, arrayIndex=0
2022-08-09 05:43:03,928 [Thread-464] TRACE segmented.SegmentedRaftLogCache (AutoCloseableReadWriteLock.java:logLocking(65)) - s0@group-A8EB2453EBF5: readLock ACQUIRED 1 by SegmentedRaftLogCache.getLastTermIndex
2022-08-09 05:43:03,928 [Thread-464] TRACE segmented.SegmentedRaftLogCache (AutoCloseableReadWriteLock.java:logLocking(65)) - s0@group-A8EB2453EBF5: readLock RELEASED 0 by SegmentedRaftLogCache.getLastTermIndex
2022-08-09 05:43:03,928 [Thread-464] TRACE segmented.SegmentedRaftLogCache (AutoCloseableReadWriteLock.java:logLocking(65)) - s0@group-A8EB2453EBF5: readLock ACQUIRED 1 by SegmentedRaftLogCache$LogSegmentList.countCached
2022-08-09 05:43:03,928 [Thread-464] TRACE segmented.SegmentedRaftLogCache (AutoCloseableReadWriteLock.java:logLocking(65)) - s0@group-A8EB2453EBF5: readLock RELEASED 0 by SegmentedRaftLogCache$LogSegmentList.countCached
2022-08-09 05:43:03,928 [Thread-464] TRACE segmented.SegmentedRaftLogCache (AutoCloseableReadWriteLock.java:logLocking(65)) - s0@group-A8EB2453EBF5: readLock ACQUIRED 1 by SegmentedRaftLogCache$LogSegmentList.getTotalCacheSize
2022-08-09 05:43:03,928 [Thread-464] TRACE segmented.SegmentedRaftLogCache (AutoCloseableReadWriteLock.java:logLocking(65)) - s0@group-A8EB2453EBF5: readLock RELEASED 0 by SegmentedRaftLogCache$LogSegmentList.getTotalCacheSize
2022-08-09 05:43:03,929 [Thread-464] DEBUG segmented.SegmentedRaftLogWorker (SegmentedRaftLogWorker.java:addIOTask(270)) - s0@group-A8EB2453EBF5-SegmentedRaftLogWorker adds IO task WriteLog:5: (t:1, i:5), STATEMACHINELOGENTRY, StateMachineLogEntryProto:156@client-65F24773FB27
2022-08-09 05:43:03,929 [s0@group-A8EB2453EBF5-SegmentedRaftLogWorker] DEBUG segmented.SegmentedRaftLogWorker (SegmentedRaftLogWorker.java:flushIfNecessary(365)) - s0@group-A8EB2453EBF5-SegmentedRaftLogWorker: flush SegmentedRaftLogOutputStream(/home/runner/work/ratis/ratis/ratis-test/target/test/data/2baaa1de/MiniRaftClusterWithSimulatedRpc3b4f24d4/s0/bbd46d57-59f4-4845-aaae-a8eb2453ebf5/current/log_inprogress_0)
2022-08-09 05:43:03,929 [s1@group-A8EB2453EBF5->s2-LogAppenderDefault-LogAppenderDaemon] TRACE segmented.SegmentedRaftLogCache (AutoCloseableReadWriteLock.java:logLocking(65)) - s1@group-A8EB2453EBF5: readLock ACQUIRED 1 by SegmentedRaftLogCache.getLastTermIndex
2022-08-09 05:43:03,929 [s1@group-A8EB2453EBF5->s2-LogAppenderDefault-LogAppenderDaemon] TRACE segmented.SegmentedRaftLogCache (AutoCloseableReadWriteLock.java:logLocking(65)) - s1@group-A8EB2453EBF5: readLock RELEASED 0 by SegmentedRaftLogCache.getLastTermIndex
2022-08-09 05:43:03,929 [s1@group-A8EB2453EBF5->s2-LogAppenderDefault-LogAppenderDaemon] TRACE segmented.SegmentedRaftLogCache (AutoCloseableReadWriteLock.java:logLocking(65)) - s1@group-A8EB2453EBF5: readLock ACQUIRED 1 by SegmentedRaftLogCache.getLastTermIndex
2022-08-09 05:43:03,929 [s1@group-A8EB2453EBF5->s2-LogAppenderDefault-LogAppenderDaemon] TRACE segmented.SegmentedRaftLogCache (AutoCloseableReadWriteLock.java:logLocking(65)) - s1@group-A8EB2453EBF5: readLock RELEASED 0 by SegmentedRaftLogCache.getLastTermIndex
2022-08-09 05:43:03,929 [s1@group-A8EB2453EBF5->s2-LogAppenderDefault-LogAppenderDaemon] TRACE segmented.SegmentedRaftLogCache (AutoCloseableReadWriteLock.java:logLocking(65)) - s1@group-A8EB2453EBF5: readLock ACQUIRED 1 by SegmentedRaftLogCache.getStartIndex
2022-08-09 05:43:03,929 [s1@group-A8EB2453EBF5->s2-LogAppenderDefault-LogAppenderDaemon] TRACE segmented.SegmentedRaftLogCache (AutoCloseableReadWriteLock.java:logLocking(65)) -   s1@group-A8EB2453EBF5: readLock ACQUIRED 2 by SegmentedRaftLogCache$LogSegmentList.isEmpty
2022-08-09 05:43:03,929 [s1@group-A8EB2453EBF5->s2-LogAppenderDefault-LogAppenderDaemon] TRACE segmented.SegmentedRaftLogCache (AutoCloseableReadWriteLock.java:logLocking(65)) -   s1@group-A8EB2453EBF5: readLock RELEASED 1 by SegmentedRaftLogCache$LogSegmentList.isEmpty
2022-08-09 05:43:03,929 [s1@group-A8EB2453EBF5->s2-LogAppenderDefault-LogAppenderDaemon] TRACE segmented.SegmentedRaftLogCache (AutoCloseableReadWriteLock.java:logLocking(65)) - s1@group-A8EB2453EBF5: readLock RELEASED 0 by SegmentedRaftLogCache.getStartIndex
2022-08-09 05:43:03,929 [s1@group-A8EB2453EBF5->s2-LogAppenderDefault-LogAppenderDaemon] TRACE segmented.SegmentedRaftLogCache (AutoCloseableReadWriteLock.java:logLocking(65)) - s1@group-A8EB2453EBF5: readLock ACQUIRED 1 by SegmentedRaftLogCache.getLastTermIndex
2022-08-09 05:43:03,929 [s1@group-A8EB2453EBF5->s2-LogAppenderDefault-LogAppenderDaemon] TRACE segmented.SegmentedRaftLogCache (AutoCloseableReadWriteLock.java:logLocking(65)) - s1@group-A8EB2453EBF5: readLock RELEASED 0 by SegmentedRaftLogCache.getLastTermIndex
2022-08-09 05:43:03,930 [Thread-479] TRACE segmented.SegmentedRaftLogCache (AutoCloseableReadWriteLock.java:logLocking(65)) - s2@group-A8EB2453EBF5: readLock ACQUIRED 1 by SegmentedRaftLogCache.computeTruncateIndices
2022-08-09 05:43:03,930 [Thread-479] TRACE segmented.SegmentedRaftLogCache (AutoCloseableReadWriteLock.java:logLocking(65)) -   s2@group-A8EB2453EBF5: readLock ACQUIRED 2 by SegmentedRaftLogCache$LogSegmentList.binarySearch
2022-08-09 05:43:03,930 [Thread-479] TRACE segmented.SegmentedRaftLogCache (AutoCloseableReadWriteLock.java:logLocking(65)) -   s2@group-A8EB2453EBF5: readLock RELEASED 1 by SegmentedRaftLogCache$LogSegmentList.binarySearch
2022-08-09 05:43:03,930 [Thread-479] TRACE segmented.SegmentedRaftLogCache (AutoCloseableReadWriteLock.java:logLocking(65)) -   s2@group-A8EB2453EBF5: readLock ACQUIRED 2 by SegmentedRaftLogCache$LogSegmentList.size
2022-08-09 05:43:03,930 [Thread-479] TRACE segmented.SegmentedRaftLogCache (AutoCloseableReadWriteLock.java:logLocking(65)) -   s2@group-A8EB2453EBF5: readLock RELEASED 1 by SegmentedRaftLogCache$LogSegmentList.size
2022-08-09 05:43:03,930 [Thread-479] TRACE segmented.SegmentedRaftLogCache (AutoCloseableReadWriteLock.java:logLocking(65)) - s2@group-A8EB2453EBF5: readLock RELEASED 0 by SegmentedRaftLogCache.computeTruncateIndices
2022-08-09 05:43:03,930 [Thread-479] DEBUG raftlog.RaftLog (SegmentedRaftLog.java:appendImpl(447)) - truncateIndex=-1, arrayIndex=0
2022-08-09 05:43:03,930 [Thread-479] TRACE segmented.SegmentedRaftLogCache (AutoCloseableReadWriteLock.java:logLocking(65)) - s2@group-A8EB2453EBF5: readLock ACQUIRED 1 by SegmentedRaftLogCache.getLastTermIndex
2022-08-09 05:43:03,930 [Thread-479] TRACE segmented.SegmentedRaftLogCache (AutoCloseableReadWriteLock.java:logLocking(65)) - s2@group-A8EB2453EBF5: readLock RELEASED 0 by SegmentedRaftLogCache.getLastTermIndex
2022-08-09 05:43:03,930 [Thread-479] TRACE segmented.SegmentedRaftLogCache (AutoCloseableReadWriteLock.java:logLocking(65)) - s2@group-A8EB2453EBF5: readLock ACQUIRED 1 by SegmentedRaftLogCache$LogSegmentList.countCached
2022-08-09 05:43:03,930 [Thread-479] TRACE segmented.SegmentedRaftLogCache (AutoCloseableReadWriteLock.java:logLocking(65)) - s2@group-A8EB2453EBF5: readLock RELEASED 0 by SegmentedRaftLogCache$LogSegmentList.countCached
2022-08-09 05:43:03,930 [Thread-479] TRACE segmented.SegmentedRaftLogCache (AutoCloseableReadWriteLock.java:logLocking(65)) - s2@group-A8EB2453EBF5: readLock ACQUIRED 1 by SegmentedRaftLogCache$LogSegmentList.getTotalCacheSize
2022-08-09 05:43:03,930 [Thread-479] TRACE segmented.SegmentedRaftLogCache (AutoCloseableReadWriteLock.java:logLocking(65)) - s2@group-A8EB2453EBF5: readLock RELEASED 0 by SegmentedRaftLogCache$LogSegmentList.getTotalCacheSize
2022-08-09 05:43:03,930 [Thread-479] DEBUG segmented.SegmentedRaftLogWorker (SegmentedRaftLogWorker.java:addIOTask(270)) - s2@group-A8EB2453EBF5-SegmentedRaftLogWorker adds IO task WriteLog:5: (t:1, i:5), STATEMACHINELOGENTRY, StateMachineLogEntryProto:156@client-65F24773FB27
2022-08-09 05:43:03,930 [s2@group-A8EB2453EBF5-SegmentedRaftLogWorker] DEBUG segmented.SegmentedRaftLogWorker (SegmentedRaftLogWorker.java:flushIfNecessary(365)) - s2@group-A8EB2453EBF5-SegmentedRaftLogWorker: flush SegmentedRaftLogOutputStream(/home/runner/work/ratis/ratis/ratis-test/target/test/data/2baaa1de/MiniRaftClusterWithSimulatedRpc3b4f24d4/s2/bbd46d57-59f4-4845-aaae-a8eb2453ebf5/current/log_inprogress_0)
2022-08-09 05:43:03,930 [s1@group-A8EB2453EBF5->s0-LogAppenderDefault-LogAppenderDaemon] TRACE segmented.SegmentedRaftLogCache (AutoCloseableReadWriteLock.java:logLocking(65)) - s1@group-A8EB2453EBF5: readLock ACQUIRED 1 by SegmentedRaftLogCache.getLastTermIndex
2022-08-09 05:43:03,931 [s1@group-A8EB2453EBF5->s0-LogAppenderDefault-LogAppenderDaemon] TRACE segmented.SegmentedRaftLogCache (AutoCloseableReadWriteLock.java:logLocking(65)) - s1@group-A8EB2453EBF5: readLock RELEASED 0 by SegmentedRaftLogCache.getLastTermIndex
2022-08-09 05:43:03,931 [s1@group-A8EB2453EBF5-LeaderStateImpl] TRACE segmented.SegmentedRaftLogCache (AutoCloseableReadWriteLock.java:logLocking(65)) - s1@group-A8EB2453EBF5: readLock ACQUIRED 1 by SegmentedRaftLogCache.getStartIndex
2022-08-09 05:43:03,931 [s1@group-A8EB2453EBF5-LeaderStateImpl] TRACE segmented.SegmentedRaftLogCache (AutoCloseableReadWriteLock.java:logLocking(65)) -   s1@group-A8EB2453EBF5: readLock ACQUIRED 2 by SegmentedRaftLogCache$LogSegmentList.isEmpty
2022-08-09 05:43:03,931 [s1@group-A8EB2453EBF5-LeaderStateImpl] TRACE segmented.SegmentedRaftLogCache (AutoCloseableReadWriteLock.java:logLocking(65)) -   s1@group-A8EB2453EBF5: readLock RELEASED 1 by SegmentedRaftLogCache$LogSegmentList.isEmpty
2022-08-09 05:43:03,931 [s1@group-A8EB2453EBF5-LeaderStateImpl] TRACE segmented.SegmentedRaftLogCache (AutoCloseableReadWriteLock.java:logLocking(65)) - s1@group-A8EB2453EBF5: readLock RELEASED 0 by SegmentedRaftLogCache.getStartIndex
2022-08-09 05:43:03,931 [s1@group-A8EB2453EBF5-LeaderStateImpl] TRACE segmented.SegmentedRaftLogCache (AutoCloseableReadWriteLock.java:logLocking(65)) - s1@group-A8EB2453EBF5: readLock ACQUIRED 1 by SegmentedRaftLogCache.getEndIndex
2022-08-09 05:43:03,931 [s1@group-A8EB2453EBF5-LeaderStateImpl] TRACE segmented.SegmentedRaftLogCache (AutoCloseableReadWriteLock.java:logLocking(65)) - s1@group-A8EB2453EBF5: readLock RELEASED 0 by SegmentedRaftLogCache.getEndIndex
2022-08-09 05:43:03,931 [s1@group-A8EB2453EBF5-LeaderStateImpl] TRACE segmented.SegmentedRaftLogCache (AutoCloseableReadWriteLock.java:logLocking(65)) - s1@group-A8EB2453EBF5: readLock ACQUIRED 1 by SegmentedRaftLogCache$LogSegmentList.getTermIndex
2022-08-09 05:43:03,931 [s1@group-A8EB2453EBF5-LeaderStateImpl] TRACE segmented.SegmentedRaftLogCache (AutoCloseableReadWriteLock.java:logLocking(65)) - s1@group-A8EB2453EBF5: readLock RELEASED 0 by SegmentedRaftLogCache$LogSegmentList.getTermIndex
2022-08-09 05:43:03,931 [s1@group-A8EB2453EBF5->s0-LogAppenderDefault-LogAppenderDaemon] TRACE segmented.SegmentedRaftLogCache (AutoCloseableReadWriteLock.java:logLocking(65)) -   s1@group-A8EB2453EBF5: readLock ACQUIRED 2 by SegmentedRaftLogCache.getLastTermIndex
2022-08-09 05:43:03,931 [s1@group-A8EB2453EBF5->s0-LogAppenderDefault-LogAppenderDaemon] TRACE segmented.SegmentedRaftLogCache (AutoCloseableReadWriteLock.java:logLocking(65)) -   s1@group-A8EB2453EBF5: readLock RELEASED 1 by SegmentedRaftLogCache.getLastTermIndex
2022-08-09 05:43:03,931 [s1@group-A8EB2453EBF5->s2-LogAppenderDefault-LogAppenderDaemon] TRACE segmented.SegmentedRaftLogCache (AutoCloseableReadWriteLock.java:logLocking(65)) - s1@group-A8EB2453EBF5: readLock ACQUIRED 1 by SegmentedRaftLogCache.getLastTermIndex
2022-08-09 05:43:03,931 [s1@group-A8EB2453EBF5->s2-LogAppenderDefault-LogAppenderDaemon] TRACE segmented.SegmentedRaftLogCache (AutoCloseableReadWriteLock.java:logLocking(65)) - s1@group-A8EB2453EBF5: readLock RELEASED 0 by SegmentedRaftLogCache.getLastTermIndex
2022-08-09 05:43:03,931 [s1@group-A8EB2453EBF5->s0-LogAppenderDefault-LogAppenderDaemon] TRACE segmented.SegmentedRaftLogCache (AutoCloseableReadWriteLock.java:logLocking(65)) - s1@group-A8EB2453EBF5: readLock ACQUIRED 1 by SegmentedRaftLogCache.getLastTermIndex
2022-08-09 05:43:03,931 [s1@group-A8EB2453EBF5->s0-LogAppenderDefault-LogAppenderDaemon] TRACE segmented.SegmentedRaftLogCache (AutoCloseableReadWriteLock.java:logLocking(65)) - s1@group-A8EB2453EBF5: readLock RELEASED 0 by SegmentedRaftLogCache.getLastTermIndex
2022-08-09 05:43:03,931 [s1@group-A8EB2453EBF5-LeaderStateImpl] TRACE segmented.SegmentedRaftLogCache (AutoCloseableReadWriteLock.java:logLocking(65)) - s1@group-A8EB2453EBF5: readLock ACQUIRED 1 by SegmentedRaftLogCache.getLastTermIndex
2022-08-09 05:43:03,931 [s1@group-A8EB2453EBF5-LeaderStateImpl] TRACE segmented.SegmentedRaftLogCache (AutoCloseableReadWriteLock.java:logLocking(65)) - s1@group-A8EB2453EBF5: readLock RELEASED 0 by SegmentedRaftLogCache.getLastTermIndex
2022-08-09 05:43:03,931 [s1@group-A8EB2453EBF5-StateMachineUpdater] INFO  statemachine.SimpleStateMachine4Testing (SimpleStateMachine4Testing.java:put(204)) - s1: put 5, m2 -> (t:1, i:5), STATEMACHINELOGENTRY, 156@client-65F24773FB27
2022-08-09 05:43:03,931 [s1@group-A8EB2453EBF5-LeaderStateImpl] TRACE segmented.SegmentedRaftLogCache (AutoCloseableReadWriteLock.java:logLocking(65)) - s1@group-A8EB2453EBF5: readLock ACQUIRED 1 by SegmentedRaftLogCache$LogSegmentList.countCached
2022-08-09 05:43:03,932 [s1@group-A8EB2453EBF5-LeaderStateImpl] TRACE segmented.SegmentedRaftLogCache (AutoCloseableReadWriteLock.java:logLocking(65)) - s1@group-A8EB2453EBF5: readLock RELEASED 0 by SegmentedRaftLogCache$LogSegmentList.countCached
2022-08-09 05:43:03,932 [s1@group-A8EB2453EBF5-LeaderStateImpl] TRACE segmented.SegmentedRaftLogCache (AutoCloseableReadWriteLock.java:logLocking(65)) - s1@group-A8EB2453EBF5: readLock ACQUIRED 1 by SegmentedRaftLogCache$LogSegmentList.getTotalCacheSize
2022-08-09 05:43:03,932 [s1@group-A8EB2453EBF5-LeaderStateImpl] TRACE segmented.SegmentedRaftLogCache (AutoCloseableReadWriteLock.java:logLocking(65)) - s1@group-A8EB2453EBF5: readLock RELEASED 0 by SegmentedRaftLogCache$LogSegmentList.getTotalCacheSize
2022-08-09 05:43:03,932 [s1@group-A8EB2453EBF5-LeaderStateImpl] DEBUG segmented.SegmentedRaftLogWorker (SegmentedRaftLogWorker.java:addIOTask(270)) - s1@group-A8EB2453EBF5-SegmentedRaftLogWorker adds IO task WriteLog:6: (t:1, i:6), METADATAENTRY(c:5)
2022-08-09 05:43:03,932 [s1@group-A8EB2453EBF5-SegmentedRaftLogWorker] DEBUG segmented.SegmentedRaftLogWorker (SegmentedRaftLogWorker.java:flushIfNecessary(365)) - s1@group-A8EB2453EBF5-SegmentedRaftLogWorker: flush SegmentedRaftLogOutputStream(/home/runner/work/ratis/ratis/ratis-test/target/test/data/2baaa1de/MiniRaftClusterWithSimulatedRpc3b4f24d4/s1/bbd46d57-59f4-4845-aaae-a8eb2453ebf5/current/log_inprogress_0)
2022-08-09 05:43:03,932 [s1@group-A8EB2453EBF5->s2-LogAppenderDefault-LogAppenderDaemon] TRACE segmented.SegmentedRaftLogCache (AutoCloseableReadWriteLock.java:logLocking(65)) - s1@group-A8EB2453EBF5: readLock ACQUIRED 1 by SegmentedRaftLogCache.getLastTermIndex
2022-08-09 05:43:03,932 [s1@group-A8EB2453EBF5->s2-LogAppenderDefault-LogAppenderDaemon] TRACE segmented.SegmentedRaftLogCache (AutoCloseableReadWriteLock.java:logLocking(65)) - s1@group-A8EB2453EBF5: readLock RELEASED 0 by SegmentedRaftLogCache.getLastTermIndex
2022-08-09 05:43:03,932 [s1@group-A8EB2453EBF5->s2-LogAppenderDefault-LogAppenderDaemon] TRACE segmented.SegmentedRaftLogCache (AutoCloseableReadWriteLock.java:logLocking(65)) - s1@group-A8EB2453EBF5: readLock ACQUIRED 1 by SegmentedRaftLogCache.getLastTermIndex
2022-08-09 05:43:03,932 [s1@group-A8EB2453EBF5->s2-LogAppenderDefault-LogAppenderDaemon] TRACE segmented.SegmentedRaftLogCache (AutoCloseableReadWriteLock.java:logLocking(65)) - s1@group-A8EB2453EBF5: readLock RELEASED 0 by SegmentedRaftLogCache.getLastTermIndex
2022-08-09 05:43:03,932 [s1@group-A8EB2453EBF5->s2-LogAppenderDefault-LogAppenderDaemon] TRACE segmented.SegmentedRaftLogCache (AutoCloseableReadWriteLock.java:logLocking(65)) - s1@group-A8EB2453EBF5: readLock ACQUIRED 1 by SegmentedRaftLogCache.getStartIndex
2022-08-09 05:43:03,932 [s1@group-A8EB2453EBF5->s2-LogAppenderDefault-LogAppenderDaemon] TRACE segmented.SegmentedRaftLogCache (AutoCloseableReadWriteLock.java:logLocking(65)) -   s1@group-A8EB2453EBF5: readLock ACQUIRED 2 by SegmentedRaftLogCache$LogSegmentList.isEmpty
2022-08-09 05:43:03,932 [s1@group-A8EB2453EBF5->s2-LogAppenderDefault-LogAppenderDaemon] TRACE segmented.SegmentedRaftLogCache (AutoCloseableReadWriteLock.java:logLocking(65)) -   s1@group-A8EB2453EBF5: readLock RELEASED 1 by SegmentedRaftLogCache$LogSegmentList.isEmpty
2022-08-09 05:43:03,932 [s1@group-A8EB2453EBF5->s2-LogAppenderDefault-LogAppenderDaemon] TRACE segmented.SegmentedRaftLogCache (AutoCloseableReadWriteLock.java:logLocking(65)) - s1@group-A8EB2453EBF5: readLock RELEASED 0 by SegmentedRaftLogCache.getStartIndex
2022-08-09 05:43:03,932 [s1@group-A8EB2453EBF5->s2-LogAppenderDefault-LogAppenderDaemon] TRACE segmented.SegmentedRaftLogCache (AutoCloseableReadWriteLock.java:logLocking(65)) - s1@group-A8EB2453EBF5: readLock ACQUIRED 1 by SegmentedRaftLogCache.getLastTermIndex
2022-08-09 05:43:03,932 [s1@group-A8EB2453EBF5->s2-LogAppenderDefault-LogAppenderDaemon] TRACE segmented.SegmentedRaftLogCache (AutoCloseableReadWriteLock.java:logLocking(65)) - s1@group-A8EB2453EBF5: readLock RELEASED 0 by SegmentedRaftLogCache.getLastTermIndex
2022-08-09 05:43:03,933 [s1@group-A8EB2453EBF5->s0-LogAppenderDefault-LogAppenderDaemon] TRACE segmented.SegmentedRaftLogCache (AutoCloseableReadWriteLock.java:logLocking(65)) - s1@group-A8EB2453EBF5: readLock ACQUIRED 1 by SegmentedRaftLogCache.getLastTermIndex
2022-08-09 05:43:03,933 [s1@group-A8EB2453EBF5->s0-LogAppenderDefault-LogAppenderDaemon] TRACE segmented.SegmentedRaftLogCache (AutoCloseableReadWriteLock.java:logLocking(65)) - s1@group-A8EB2453EBF5: readLock RELEASED 0 by SegmentedRaftLogCache.getLastTermIndex
2022-08-09 05:43:03,933 [Thread-480] TRACE segmented.SegmentedRaftLogCache (AutoCloseableReadWriteLock.java:logLocking(65)) - s2@group-A8EB2453EBF5: readLock ACQUIRED 1 by SegmentedRaftLogCache.computeTruncateIndices
2022-08-09 05:43:03,933 [s1@group-A8EB2453EBF5->s0-LogAppenderDefault-LogAppenderDaemon] TRACE segmented.SegmentedRaftLogCache (AutoCloseableReadWriteLock.java:logLocking(65)) - s1@group-A8EB2453EBF5: readLock ACQUIRED 1 by SegmentedRaftLogCache.getLastTermIndex
2022-08-09 05:43:03,933 [s1@group-A8EB2453EBF5->s0-LogAppenderDefault-LogAppenderDaemon] TRACE segmented.SegmentedRaftLogCache (AutoCloseableReadWriteLock.java:logLocking(65)) - s1@group-A8EB2453EBF5: readLock RELEASED 0 by SegmentedRaftLogCache.getLastTermIndex
2022-08-09 05:43:03,933 [Thread-480] TRACE segmented.SegmentedRaftLogCache (AutoCloseableReadWriteLock.java:logLocking(65)) -   s2@group-A8EB2453EBF5: readLock ACQUIRED 2 by SegmentedRaftLogCache$LogSegmentList.binarySearch
2022-08-09 05:43:03,933 [Thread-480] TRACE segmented.SegmentedRaftLogCache (AutoCloseableReadWriteLock.java:logLocking(65)) -   s2@group-A8EB2453EBF5: readLock RELEASED 1 by SegmentedRaftLogCache$LogSegmentList.binarySearch
2022-08-09 05:43:03,933 [s1@group-A8EB2453EBF5->s0-LogAppenderDefault-LogAppenderDaemon] TRACE segmented.SegmentedRaftLogCache (AutoCloseableReadWriteLock.java:logLocking(65)) - s1@group-A8EB2453EBF5: readLock ACQUIRED 1 by SegmentedRaftLogCache.getStartIndex
2022-08-09 05:43:03,933 [Thread-480] TRACE segmented.SegmentedRaftLogCache (AutoCloseableReadWriteLock.java:logLocking(65)) -   s2@group-A8EB2453EBF5: readLock ACQUIRED 2 by SegmentedRaftLogCache$LogSegmentList.size
2022-08-09 05:43:03,933 [Thread-480] TRACE segmented.SegmentedRaftLogCache (AutoCloseableReadWriteLock.java:logLocking(65)) -   s2@group-A8EB2453EBF5: readLock RELEASED 1 by SegmentedRaftLogCache$LogSegmentList.size
2022-08-09 05:43:03,933 [Thread-480] TRACE segmented.SegmentedRaftLogCache (AutoCloseableReadWriteLock.java:logLocking(65)) - s2@group-A8EB2453EBF5: readLock RELEASED 0 by SegmentedRaftLogCache.computeTruncateIndices
2022-08-09 05:43:03,933 [s1@group-A8EB2453EBF5->s0-LogAppenderDefault-LogAppenderDaemon] TRACE segmented.SegmentedRaftLogCache (AutoCloseableReadWriteLock.java:logLocking(65)) -   s1@group-A8EB2453EBF5: readLock ACQUIRED 2 by SegmentedRaftLogCache$LogSegmentList.isEmpty
2022-08-09 05:43:03,933 [s1@group-A8EB2453EBF5->s0-LogAppenderDefault-LogAppenderDaemon] TRACE segmented.SegmentedRaftLogCache (AutoCloseableReadWriteLock.java:logLocking(65)) -   s1@group-A8EB2453EBF5: readLock RELEASED 1 by SegmentedRaftLogCache$LogSegmentList.isEmpty
2022-08-09 05:43:03,933 [s1@group-A8EB2453EBF5->s0-LogAppenderDefault-LogAppenderDaemon] TRACE segmented.SegmentedRaftLogCache (AutoCloseableReadWriteLock.java:logLocking(65)) - s1@group-A8EB2453EBF5: readLock RELEASED 0 by SegmentedRaftLogCache.getStartIndex
2022-08-09 05:43:03,933 [Thread-480] DEBUG raftlog.RaftLog (SegmentedRaftLog.java:appendImpl(447)) - truncateIndex=-1, arrayIndex=0
2022-08-09 05:43:03,933 [s1@group-A8EB2453EBF5->s0-LogAppenderDefault-LogAppenderDaemon] TRACE segmented.SegmentedRaftLogCache (AutoCloseableReadWriteLock.java:logLocking(65)) - s1@group-A8EB2453EBF5: readLock ACQUIRED 1 by SegmentedRaftLogCache.getLastTermIndex
2022-08-09 05:43:03,933 [s1@group-A8EB2453EBF5->s0-LogAppenderDefault-LogAppenderDaemon] TRACE segmented.SegmentedRaftLogCache (AutoCloseableReadWriteLock.java:logLocking(65)) - s1@group-A8EB2453EBF5: readLock RELEASED 0 by SegmentedRaftLogCache.getLastTermIndex
2022-08-09 05:43:03,933 [Thread-480] TRACE segmented.SegmentedRaftLogCache (AutoCloseableReadWriteLock.java:logLocking(65)) - s2@group-A8EB2453EBF5: readLock ACQUIRED 1 by SegmentedRaftLogCache$LogSegmentList.countCached
2022-08-09 05:43:03,933 [Thread-480] TRACE segmented.SegmentedRaftLogCache (AutoCloseableReadWriteLock.java:logLocking(65)) - s2@group-A8EB2453EBF5: readLock RELEASED 0 by SegmentedRaftLogCache$LogSegmentList.countCached
2022-08-09 05:43:03,933 [Thread-480] TRACE segmented.SegmentedRaftLogCache (AutoCloseableReadWriteLock.java:logLocking(65)) - s2@group-A8EB2453EBF5: readLock ACQUIRED 1 by SegmentedRaftLogCache$LogSegmentList.getTotalCacheSize
2022-08-09 05:43:03,933 [Thread-480] TRACE segmented.SegmentedRaftLogCache (AutoCloseableReadWriteLock.java:logLocking(65)) - s2@group-A8EB2453EBF5: readLock RELEASED 0 by SegmentedRaftLogCache$LogSegmentList.getTotalCacheSize
2022-08-09 05:43:03,934 [Thread-480] DEBUG segmented.SegmentedRaftLogWorker (SegmentedRaftLogWorker.java:addIOTask(270)) - s2@group-A8EB2453EBF5-SegmentedRaftLogWorker adds IO task WriteLog:6: (t:1, i:6), METADATAENTRY(c:5)
2022-08-09 05:43:03,934 [s2@group-A8EB2453EBF5-SegmentedRaftLogWorker] DEBUG segmented.SegmentedRaftLogWorker (SegmentedRaftLogWorker.java:flushIfNecessary(365)) - s2@group-A8EB2453EBF5-SegmentedRaftLogWorker: flush SegmentedRaftLogOutputStream(/home/runner/work/ratis/ratis/ratis-test/target/test/data/2baaa1de/MiniRaftClusterWithSimulatedRpc3b4f24d4/s2/bbd46d57-59f4-4845-aaae-a8eb2453ebf5/current/log_inprogress_0)
2022-08-09 05:43:03,934 [Thread-465] TRACE segmented.SegmentedRaftLogCache (AutoCloseableReadWriteLock.java:logLocking(65)) - s0@group-A8EB2453EBF5: readLock ACQUIRED 1 by SegmentedRaftLogCache.computeTruncateIndices
2022-08-09 05:43:03,934 [Thread-465] TRACE segmented.SegmentedRaftLogCache (AutoCloseableReadWriteLock.java:logLocking(65)) -   s0@group-A8EB2453EBF5: readLock ACQUIRED 2 by SegmentedRaftLogCache$LogSegmentList.binarySearch
2022-08-09 05:43:03,934 [Thread-465] TRACE segmented.SegmentedRaftLogCache (AutoCloseableReadWriteLock.java:logLocking(65)) -   s0@group-A8EB2453EBF5: readLock RELEASED 1 by SegmentedRaftLogCache$LogSegmentList.binarySearch
2022-08-09 05:43:03,934 [Thread-465] TRACE segmented.SegmentedRaftLogCache (AutoCloseableReadWriteLock.java:logLocking(65)) -   s0@group-A8EB2453EBF5: readLock ACQUIRED 2 by SegmentedRaftLogCache$LogSegmentList.size
2022-08-09 05:43:03,934 [Thread-465] TRACE segmented.SegmentedRaftLogCache (AutoCloseableReadWriteLock.java:logLocking(65)) -   s0@group-A8EB2453EBF5: readLock RELEASED 1 by SegmentedRaftLogCache$LogSegmentList.size
2022-08-09 05:43:03,934 [Thread-465] TRACE segmented.SegmentedRaftLogCache (AutoCloseableReadWriteLock.java:logLocking(65)) - s0@group-A8EB2453EBF5: readLock RELEASED 0 by SegmentedRaftLogCache.computeTruncateIndices
2022-08-09 05:43:03,934 [Thread-465] DEBUG raftlog.RaftLog (SegmentedRaftLog.java:appendImpl(447)) - truncateIndex=-1, arrayIndex=0
2022-08-09 05:43:03,934 [Thread-465] TRACE segmented.SegmentedRaftLogCache (AutoCloseableReadWriteLock.java:logLocking(65)) - s0@group-A8EB2453EBF5: readLock ACQUIRED 1 by SegmentedRaftLogCache$LogSegmentList.countCached
2022-08-09 05:43:03,934 [Thread-465] TRACE segmented.SegmentedRaftLogCache (AutoCloseableReadWriteLock.java:logLocking(65)) - s0@group-A8EB2453EBF5: readLock RELEASED 0 by SegmentedRaftLogCache$LogSegmentList.countCached
2022-08-09 05:43:03,934 [Thread-465] TRACE segmented.SegmentedRaftLogCache (AutoCloseableReadWriteLock.java:logLocking(65)) - s0@group-A8EB2453EBF5: readLock ACQUIRED 1 by SegmentedRaftLogCache$LogSegmentList.getTotalCacheSize
2022-08-09 05:43:03,934 [Thread-465] TRACE segmented.SegmentedRaftLogCache (AutoCloseableReadWriteLock.java:logLocking(65)) - s0@group-A8EB2453EBF5: readLock RELEASED 0 by SegmentedRaftLogCache$LogSegmentList.getTotalCacheSize
2022-08-09 05:43:03,934 [s2@group-A8EB2453EBF5-StateMachineUpdater] INFO  statemachine.SimpleStateMachine4Testing (SimpleStateMachine4Testing.java:put(204)) - s2: put 5, m2 -> (t:1, i:5), STATEMACHINELOGENTRY, 156@client-65F24773FB27
2022-08-09 05:43:03,934 [Thread-465] DEBUG segmented.SegmentedRaftLogWorker (SegmentedRaftLogWorker.java:addIOTask(270)) - s0@group-A8EB2453EBF5-SegmentedRaftLogWorker adds IO task WriteLog:6: (t:1, i:6), METADATAENTRY(c:5)
2022-08-09 05:43:03,934 [s0@group-A8EB2453EBF5-SegmentedRaftLogWorker] DEBUG segmented.SegmentedRaftLogWorker (SegmentedRaftLogWorker.java:flushIfNecessary(365)) - s0@group-A8EB2453EBF5-SegmentedRaftLogWorker: flush SegmentedRaftLogOutputStream(/home/runner/work/ratis/ratis/ratis-test/target/test/data/2baaa1de/MiniRaftClusterWithSimulatedRpc3b4f24d4/s0/bbd46d57-59f4-4845-aaae-a8eb2453ebf5/current/log_inprogress_0)
2022-08-09 05:43:03,935 [s1@group-A8EB2453EBF5->s2-LogAppenderDefault-LogAppenderDaemon] TRACE segmented.SegmentedRaftLogCache (AutoCloseableReadWriteLock.java:logLocking(65)) - s1@group-A8EB2453EBF5: readLock ACQUIRED 1 by SegmentedRaftLogCache.getLastTermIndex
2022-08-09 05:43:03,935 [s1@group-A8EB2453EBF5->s2-LogAppenderDefault-LogAppenderDaemon] TRACE segmented.SegmentedRaftLogCache (AutoCloseableReadWriteLock.java:logLocking(65)) - s1@group-A8EB2453EBF5: readLock RELEASED 0 by SegmentedRaftLogCache.getLastTermIndex
2022-08-09 05:43:03,935 [s1@group-A8EB2453EBF5-LeaderStateImpl] TRACE segmented.SegmentedRaftLogCache (AutoCloseableReadWriteLock.java:logLocking(65)) - s1@group-A8EB2453EBF5: readLock ACQUIRED 1 by SegmentedRaftLogCache.getStartIndex
2022-08-09 05:43:03,935 [s1@group-A8EB2453EBF5-LeaderStateImpl] TRACE segmented.SegmentedRaftLogCache (AutoCloseableReadWriteLock.java:logLocking(65)) -   s1@group-A8EB2453EBF5: readLock ACQUIRED 2 by SegmentedRaftLogCache$LogSegmentList.isEmpty
2022-08-09 05:43:03,935 [s1@group-A8EB2453EBF5-LeaderStateImpl] TRACE segmented.SegmentedRaftLogCache (AutoCloseableReadWriteLock.java:logLocking(65)) -   s1@group-A8EB2453EBF5: readLock RELEASED 1 by SegmentedRaftLogCache$LogSegmentList.isEmpty
2022-08-09 05:43:03,935 [s1@group-A8EB2453EBF5-LeaderStateImpl] TRACE segmented.SegmentedRaftLogCache (AutoCloseableReadWriteLock.java:logLocking(65)) - s1@group-A8EB2453EBF5: readLock RELEASED 0 by SegmentedRaftLogCache.getStartIndex
2022-08-09 05:43:03,935 [s1@group-A8EB2453EBF5-LeaderStateImpl] TRACE segmented.SegmentedRaftLogCache (AutoCloseableReadWriteLock.java:logLocking(65)) - s1@group-A8EB2453EBF5: readLock ACQUIRED 1 by SegmentedRaftLogCache.getEndIndex
2022-08-09 05:43:03,935 [s1@group-A8EB2453EBF5-LeaderStateImpl] TRACE segmented.SegmentedRaftLogCache (AutoCloseableReadWriteLock.java:logLocking(65)) - s1@group-A8EB2453EBF5: readLock RELEASED 0 by SegmentedRaftLogCache.getEndIndex
2022-08-09 05:43:03,935 [s1@group-A8EB2453EBF5-LeaderStateImpl] TRACE segmented.SegmentedRaftLogCache (AutoCloseableReadWriteLock.java:logLocking(65)) - s1@group-A8EB2453EBF5: readLock ACQUIRED 1 by SegmentedRaftLogCache$LogSegmentList.getTermIndex
2022-08-09 05:43:03,935 [s1@group-A8EB2453EBF5-LeaderStateImpl] TRACE segmented.SegmentedRaftLogCache (AutoCloseableReadWriteLock.java:logLocking(65)) - s1@group-A8EB2453EBF5: readLock RELEASED 0 by SegmentedRaftLogCache$LogSegmentList.getTermIndex
2022-08-09 05:43:03,935 [s0@group-A8EB2453EBF5-StateMachineUpdater] INFO  statemachine.SimpleStateMachine4Testing (SimpleStateMachine4Testing.java:put(204)) - s0: put 5, m2 -> (t:1, i:5), STATEMACHINELOGENTRY, 156@client-65F24773FB27
2022-08-09 05:43:03,935 [s1@group-A8EB2453EBF5->s2-LogAppenderDefault-LogAppenderDaemon] TRACE segmented.SegmentedRaftLogCache (AutoCloseableReadWriteLock.java:logLocking(65)) - s1@group-A8EB2453EBF5: readLock ACQUIRED 1 by SegmentedRaftLogCache.getLastTermIndex
2022-08-09 05:43:03,935 [s1@group-A8EB2453EBF5->s2-LogAppenderDefault-LogAppenderDaemon] TRACE segmented.SegmentedRaftLogCache (AutoCloseableReadWriteLock.java:logLocking(65)) - s1@group-A8EB2453EBF5: readLock RELEASED 0 by SegmentedRaftLogCache.getLastTermIndex
2022-08-09 05:43:03,935 [s1@group-A8EB2453EBF5->s2-LogAppenderDefault-LogAppenderDaemon] TRACE segmented.SegmentedRaftLogCache (AutoCloseableReadWriteLock.java:logLocking(65)) - s1@group-A8EB2453EBF5: readLock ACQUIRED 1 by SegmentedRaftLogCache.getLastTermIndex
2022-08-09 05:43:03,935 [s1@group-A8EB2453EBF5->s2-LogAppenderDefault-LogAppenderDaemon] TRACE segmented.SegmentedRaftLogCache (AutoCloseableReadWriteLock.java:logLocking(65)) - s1@group-A8EB2453EBF5: readLock RELEASED 0 by SegmentedRaftLogCache.getLastTermIndex
2022-08-09 05:43:03,935 [s1@group-A8EB2453EBF5->s0-LogAppenderDefault-LogAppenderDaemon] TRACE segmented.SegmentedRaftLogCache (AutoCloseableReadWriteLock.java:logLocking(65)) - s1@group-A8EB2453EBF5: readLock ACQUIRED 1 by SegmentedRaftLogCache.getLastTermIndex
2022-08-09 05:43:03,935 [s1@group-A8EB2453EBF5->s0-LogAppenderDefault-LogAppenderDaemon] TRACE segmented.SegmentedRaftLogCache (AutoCloseableReadWriteLock.java:logLocking(65)) - s1@group-A8EB2453EBF5: readLock RELEASED 0 by SegmentedRaftLogCache.getLastTermIndex
2022-08-09 05:43:03,935 [s1@group-A8EB2453EBF5->s2-LogAppenderDefault-LogAppenderDaemon] TRACE segmented.SegmentedRaftLogCache (AutoCloseableReadWriteLock.java:logLocking(65)) - s1@group-A8EB2453EBF5: readLock ACQUIRED 1 by SegmentedRaftLogCache.getLastTermIndex
2022-08-09 05:43:03,936 [s1@group-A8EB2453EBF5->s2-LogAppenderDefault-LogAppenderDaemon] TRACE segmented.SegmentedRaftLogCache (AutoCloseableReadWriteLock.java:logLocking(65)) - s1@group-A8EB2453EBF5: readLock RELEASED 0 by SegmentedRaftLogCache.getLastTermIndex
2022-08-09 05:43:03,936 [s1@group-A8EB2453EBF5->s2-LogAppenderDefault-LogAppenderDaemon] TRACE segmented.SegmentedRaftLogCache (AutoCloseableReadWriteLock.java:logLocking(65)) - s1@group-A8EB2453EBF5: readLock ACQUIRED 1 by SegmentedRaftLogCache.getLastTermIndex
2022-08-09 05:43:03,936 [s1@group-A8EB2453EBF5->s2-LogAppenderDefault-LogAppenderDaemon] TRACE segmented.SegmentedRaftLogCache (AutoCloseableReadWriteLock.java:logLocking(65)) - s1@group-A8EB2453EBF5: readLock RELEASED 0 by SegmentedRaftLogCache.getLastTermIndex
2022-08-09 05:43:03,937 [s1-client-thread1] TRACE segmented.SegmentedRaftLogCache (AutoCloseableReadWriteLock.java:logLocking(65)) - s1@group-A8EB2453EBF5: readLock ACQUIRED 1 by SegmentedRaftLogCache.getLastTermIndex
2022-08-09 05:43:03,937 [s1-client-thread1] TRACE segmented.SegmentedRaftLogCache (AutoCloseableReadWriteLock.java:logLocking(65)) - s1@group-A8EB2453EBF5: readLock RELEASED 0 by SegmentedRaftLogCache.getLastTermIndex
2022-08-09 05:43:03,937 [s1-client-thread1] TRACE segmented.SegmentedRaftLogCache (AutoCloseableReadWriteLock.java:logLocking(65)) - s1@group-A8EB2453EBF5: readLock ACQUIRED 1 by SegmentedRaftLogCache.getLastTermIndex
2022-08-09 05:43:03,937 [s1-client-thread1] TRACE segmented.SegmentedRaftLogCache (AutoCloseableReadWriteLock.java:logLocking(65)) - s1@group-A8EB2453EBF5: readLock RELEASED 0 by SegmentedRaftLogCache.getLastTermIndex
2022-08-09 05:43:03,937 [s1-client-thread1] TRACE segmented.SegmentedRaftLogCache (AutoCloseableReadWriteLock.java:logLocking(65)) - s1@group-A8EB2453EBF5: readLock ACQUIRED 1 by SegmentedRaftLogCache$LogSegmentList.countCached
2022-08-09 05:43:03,937 [s1-client-thread1] TRACE segmented.SegmentedRaftLogCache (AutoCloseableReadWriteLock.java:logLocking(65)) - s1@group-A8EB2453EBF5: readLock RELEASED 0 by SegmentedRaftLogCache$LogSegmentList.countCached
2022-08-09 05:43:03,937 [s1-client-thread1] TRACE segmented.SegmentedRaftLogCache (AutoCloseableReadWriteLock.java:logLocking(65)) - s1@group-A8EB2453EBF5: readLock ACQUIRED 1 by SegmentedRaftLogCache$LogSegmentList.getTotalCacheSize
2022-08-09 05:43:03,937 [s1-client-thread1] TRACE segmented.SegmentedRaftLogCache (AutoCloseableReadWriteLock.java:logLocking(65)) - s1@group-A8EB2453EBF5: readLock RELEASED 0 by SegmentedRaftLogCache$LogSegmentList.getTotalCacheSize
2022-08-09 05:43:03,937 [s1-client-thread1] DEBUG segmented.SegmentedRaftLogWorker (SegmentedRaftLogWorker.java:addIOTask(270)) - s1@group-A8EB2453EBF5-SegmentedRaftLogWorker adds IO task WriteLog:7: (t:1, i:7), STATEMACHINELOGENTRY, StateMachineLogEntryProto:161@client-65F24773FB27
2022-08-09 05:43:03,937 [s1@group-A8EB2453EBF5-SegmentedRaftLogWorker] DEBUG segmented.SegmentedRaftLogWorker (SegmentedRaftLogWorker.java:flushIfNecessary(365)) - s1@group-A8EB2453EBF5-SegmentedRaftLogWorker: flush SegmentedRaftLogOutputStream(/home/runner/work/ratis/ratis/ratis-test/target/test/data/2baaa1de/MiniRaftClusterWithSimulatedRpc3b4f24d4/s1/bbd46d57-59f4-4845-aaae-a8eb2453ebf5/current/log_inprogress_0)
2022-08-09 05:43:03,938 [s1@group-A8EB2453EBF5->s0-LogAppenderDefault-LogAppenderDaemon] TRACE segmented.SegmentedRaftLogCache (AutoCloseableReadWriteLock.java:logLocking(65)) - s1@group-A8EB2453EBF5: readLock ACQUIRED 1 by SegmentedRaftLogCache.getLastTermIndex
2022-08-09 05:43:03,938 [s1@group-A8EB2453EBF5->s0-LogAppenderDefault-LogAppenderDaemon] TRACE segmented.SegmentedRaftLogCache (AutoCloseableReadWriteLock.java:logLocking(65)) - s1@group-A8EB2453EBF5: readLock RELEASED 0 by SegmentedRaftLogCache.getLastTermIndex
2022-08-09 05:43:03,938 [s1@group-A8EB2453EBF5->s0-LogAppenderDefault-LogAppenderDaemon] TRACE segmented.SegmentedRaftLogCache (AutoCloseableReadWriteLock.java:logLocking(65)) - s1@group-A8EB2453EBF5: readLock ACQUIRED 1 by SegmentedRaftLogCache.getLastTermIndex
2022-08-09 05:43:03,938 [s1@group-A8EB2453EBF5->s0-LogAppenderDefault-LogAppenderDaemon] TRACE segmented.SegmentedRaftLogCache (AutoCloseableReadWriteLock.java:logLocking(65)) - s1@group-A8EB2453EBF5: readLock RELEASED 0 by SegmentedRaftLogCache.getLastTermIndex
2022-08-09 05:43:03,938 [s1@group-A8EB2453EBF5->s0-LogAppenderDefault-LogAppenderDaemon] TRACE segmented.SegmentedRaftLogCache (AutoCloseableReadWriteLock.java:logLocking(65)) - s1@group-A8EB2453EBF5: readLock ACQUIRED 1 by SegmentedRaftLogCache.getStartIndex
2022-08-09 05:43:03,938 [s1@group-A8EB2453EBF5->s0-LogAppenderDefault-LogAppenderDaemon] TRACE segmented.SegmentedRaftLogCache (AutoCloseableReadWriteLock.java:logLocking(65)) -   s1@group-A8EB2453EBF5: readLock ACQUIRED 2 by SegmentedRaftLogCache$LogSegmentList.isEmpty
2022-08-09 05:43:03,938 [s1@group-A8EB2453EBF5->s0-LogAppenderDefault-LogAppenderDaemon] TRACE segmented.SegmentedRaftLogCache (AutoCloseableReadWriteLock.java:logLocking(65)) -   s1@group-A8EB2453EBF5: readLock RELEASED 1 by SegmentedRaftLogCache$LogSegmentList.isEmpty
2022-08-09 05:43:03,938 [s1@group-A8EB2453EBF5->s0-LogAppenderDefault-LogAppenderDaemon] TRACE segmented.SegmentedRaftLogCache (AutoCloseableReadWriteLock.java:logLocking(65)) - s1@group-A8EB2453EBF5: readLock RELEASED 0 by SegmentedRaftLogCache.getStartIndex
2022-08-09 05:43:03,938 [s1@group-A8EB2453EBF5->s0-LogAppenderDefault-LogAppenderDaemon] TRACE segmented.SegmentedRaftLogCache (AutoCloseableReadWriteLock.java:logLocking(65)) - s1@group-A8EB2453EBF5: readLock ACQUIRED 1 by SegmentedRaftLogCache.getLastTermIndex
2022-08-09 05:43:03,938 [s1@group-A8EB2453EBF5->s0-LogAppenderDefault-LogAppenderDaemon] TRACE segmented.SegmentedRaftLogCache (AutoCloseableReadWriteLock.java:logLocking(65)) - s1@group-A8EB2453EBF5: readLock RELEASED 0 by SegmentedRaftLogCache.getLastTermIndex
2022-08-09 05:43:03,938 [s1@group-A8EB2453EBF5->s2-LogAppenderDefault-LogAppenderDaemon] TRACE segmented.SegmentedRaftLogCache (AutoCloseableReadWriteLock.java:logLocking(65)) - s1@group-A8EB2453EBF5: readLock ACQUIRED 1 by SegmentedRaftLogCache.getLastTermIndex
2022-08-09 05:43:03,938 [s1@group-A8EB2453EBF5->s2-LogAppenderDefault-LogAppenderDaemon] TRACE segmented.SegmentedRaftLogCache (AutoCloseableReadWriteLock.java:logLocking(65)) - s1@group-A8EB2453EBF5: readLock RELEASED 0 by SegmentedRaftLogCache.getLastTermIndex
2022-08-09 05:43:03,938 [s1@group-A8EB2453EBF5->s2-LogAppenderDefault-LogAppenderDaemon] TRACE segmented.SegmentedRaftLogCache (AutoCloseableReadWriteLock.java:logLocking(65)) - s1@group-A8EB2453EBF5: readLock ACQUIRED 1 by SegmentedRaftLogCache.getLastTermIndex
2022-08-09 05:43:03,938 [s1@group-A8EB2453EBF5->s2-LogAppenderDefault-LogAppenderDaemon] TRACE segmented.SegmentedRaftLogCache (AutoCloseableReadWriteLock.java:logLocking(65)) - s1@group-A8EB2453EBF5: readLock RELEASED 0 by SegmentedRaftLogCache.getLastTermIndex
2022-08-09 05:43:03,938 [s1@group-A8EB2453EBF5->s2-LogAppenderDefault-LogAppenderDaemon] TRACE segmented.SegmentedRaftLogCache (AutoCloseableReadWriteLock.java:logLocking(65)) - s1@group-A8EB2453EBF5: readLock ACQUIRED 1 by SegmentedRaftLogCache.getStartIndex
2022-08-09 05:43:03,938 [Thread-466] TRACE segmented.SegmentedRaftLogCache (AutoCloseableReadWriteLock.java:logLocking(65)) - s0@group-A8EB2453EBF5: readLock ACQUIRED 1 by SegmentedRaftLogCache.computeTruncateIndices
2022-08-09 05:43:03,938 [Thread-466] TRACE segmented.SegmentedRaftLogCache (AutoCloseableReadWriteLock.java:logLocking(65)) -   s0@group-A8EB2453EBF5: readLock ACQUIRED 2 by SegmentedRaftLogCache$LogSegmentList.binarySearch
2022-08-09 05:43:03,938 [Thread-466] TRACE segmented.SegmentedRaftLogCache (AutoCloseableReadWriteLock.java:logLocking(65)) -   s0@group-A8EB2453EBF5: readLock RELEASED 1 by SegmentedRaftLogCache$LogSegmentList.binarySearch
2022-08-09 05:43:03,938 [s1@group-A8EB2453EBF5->s2-LogAppenderDefault-LogAppenderDaemon] TRACE segmented.SegmentedRaftLogCache (AutoCloseableReadWriteLock.java:logLocking(65)) -   s1@group-A8EB2453EBF5: readLock ACQUIRED 2 by SegmentedRaftLogCache$LogSegmentList.isEmpty
2022-08-09 05:43:03,938 [s1@group-A8EB2453EBF5->s2-LogAppenderDefault-LogAppenderDaemon] TRACE segmented.SegmentedRaftLogCache (AutoCloseableReadWriteLock.java:logLocking(65)) -   s1@group-A8EB2453EBF5: readLock RELEASED 1 by SegmentedRaftLogCache$LogSegmentList.isEmpty
2022-08-09 05:43:03,938 [s1@group-A8EB2453EBF5->s2-LogAppenderDefault-LogAppenderDaemon] TRACE segmented.SegmentedRaftLogCache (AutoCloseableReadWriteLock.java:logLocking(65)) - s1@group-A8EB2453EBF5: readLock RELEASED 0 by SegmentedRaftLogCache.getStartIndex
2022-08-09 05:43:03,938 [Thread-466] TRACE segmented.SegmentedRaftLogCache (AutoCloseableReadWriteLock.java:logLocking(65)) -   s0@group-A8EB2453EBF5: readLock ACQUIRED 2 by SegmentedRaftLogCache$LogSegmentList.size
2022-08-09 05:43:03,939 [Thread-466] TRACE segmented.SegmentedRaftLogCache (AutoCloseableReadWriteLock.java:logLocking(65)) -   s0@group-A8EB2453EBF5: readLock RELEASED 1 by SegmentedRaftLogCache$LogSegmentList.size
2022-08-09 05:43:03,939 [s1@group-A8EB2453EBF5->s2-LogAppenderDefault-LogAppenderDaemon] TRACE segmented.SegmentedRaftLogCache (AutoCloseableReadWriteLock.java:logLocking(65)) - s1@group-A8EB2453EBF5: readLock ACQUIRED 1 by SegmentedRaftLogCache.getLastTermIndex
2022-08-09 05:43:03,939 [s1@group-A8EB2453EBF5->s2-LogAppenderDefault-LogAppenderDaemon] TRACE segmented.SegmentedRaftLogCache (AutoCloseableReadWriteLock.java:logLocking(65)) - s1@group-A8EB2453EBF5: readLock RELEASED 0 by SegmentedRaftLogCache.getLastTermIndex
2022-08-09 05:43:03,939 [Thread-466] TRACE segmented.SegmentedRaftLogCache (AutoCloseableReadWriteLock.java:logLocking(65)) - s0@group-A8EB2453EBF5: readLock RELEASED 0 by SegmentedRaftLogCache.computeTruncateIndices
2022-08-09 05:43:03,939 [Thread-466] DEBUG raftlog.RaftLog (SegmentedRaftLog.java:appendImpl(447)) - truncateIndex=-1, arrayIndex=0
2022-08-09 05:43:03,939 [Thread-466] TRACE segmented.SegmentedRaftLogCache (AutoCloseableReadWriteLock.java:logLocking(65)) - s0@group-A8EB2453EBF5: readLock ACQUIRED 1 by SegmentedRaftLogCache.getLastTermIndex
2022-08-09 05:43:03,939 [Thread-466] TRACE segmented.SegmentedRaftLogCache (AutoCloseableReadWriteLock.java:logLocking(65)) - s0@group-A8EB2453EBF5: readLock RELEASED 0 by SegmentedRaftLogCache.getLastTermIndex
2022-08-09 05:43:03,939 [Thread-466] TRACE segmented.SegmentedRaftLogCache (AutoCloseableReadWriteLock.java:logLocking(65)) - s0@group-A8EB2453EBF5: readLock ACQUIRED 1 by SegmentedRaftLogCache$LogSegmentList.countCached
2022-08-09 05:43:03,939 [Thread-466] TRACE segmented.SegmentedRaftLogCache (AutoCloseableReadWriteLock.java:logLocking(65)) - s0@group-A8EB2453EBF5: readLock RELEASED 0 by SegmentedRaftLogCache$LogSegmentList.countCached
2022-08-09 05:43:03,939 [Thread-481] TRACE segmented.SegmentedRaftLogCache (AutoCloseableReadWriteLock.java:logLocking(65)) - s2@group-A8EB2453EBF5: readLock ACQUIRED 1 by SegmentedRaftLogCache.computeTruncateIndices
2022-08-09 05:43:03,940 [Thread-466] TRACE segmented.SegmentedRaftLogCache (AutoCloseableReadWriteLock.java:logLocking(65)) - s0@group-A8EB2453EBF5: readLock ACQUIRED 1 by SegmentedRaftLogCache$LogSegmentList.getTotalCacheSize
2022-08-09 05:43:03,940 [Thread-466] TRACE segmented.SegmentedRaftLogCache (AutoCloseableReadWriteLock.java:logLocking(65)) - s0@group-A8EB2453EBF5: readLock RELEASED 0 by SegmentedRaftLogCache$LogSegmentList.getTotalCacheSize
2022-08-09 05:43:03,940 [Thread-481] TRACE segmented.SegmentedRaftLogCache (AutoCloseableReadWriteLock.java:logLocking(65)) -   s2@group-A8EB2453EBF5: readLock ACQUIRED 2 by SegmentedRaftLogCache$LogSegmentList.binarySearch
2022-08-09 05:43:03,940 [Thread-481] TRACE segmented.SegmentedRaftLogCache (AutoCloseableReadWriteLock.java:logLocking(65)) -   s2@group-A8EB2453EBF5: readLock RELEASED 1 by SegmentedRaftLogCache$LogSegmentList.binarySearch
2022-08-09 05:43:03,940 [Thread-466] DEBUG segmented.SegmentedRaftLogWorker (SegmentedRaftLogWorker.java:addIOTask(270)) - s0@group-A8EB2453EBF5-SegmentedRaftLogWorker adds IO task WriteLog:7: (t:1, i:7), STATEMACHINELOGENTRY, StateMachineLogEntryProto:161@client-65F24773FB27
2022-08-09 05:43:03,940 [Thread-481] TRACE segmented.SegmentedRaftLogCache (AutoCloseableReadWriteLock.java:logLocking(65)) -   s2@group-A8EB2453EBF5: readLock ACQUIRED 2 by SegmentedRaftLogCache$LogSegmentList.size
2022-08-09 05:43:03,940 [Thread-481] TRACE segmented.SegmentedRaftLogCache (AutoCloseableReadWriteLock.java:logLocking(65)) -   s2@group-A8EB2453EBF5: readLock RELEASED 1 by SegmentedRaftLogCache$LogSegmentList.size
2022-08-09 05:43:03,940 [Thread-481] TRACE segmented.SegmentedRaftLogCache (AutoCloseableReadWriteLock.java:logLocking(65)) - s2@group-A8EB2453EBF5: readLock RELEASED 0 by SegmentedRaftLogCache.computeTruncateIndices
2022-08-09 05:43:03,940 [Thread-481] DEBUG raftlog.RaftLog (SegmentedRaftLog.java:appendImpl(447)) - truncateIndex=-1, arrayIndex=0
2022-08-09 05:43:03,940 [Thread-481] TRACE segmented.SegmentedRaftLogCache (AutoCloseableReadWriteLock.java:logLocking(65)) - s2@group-A8EB2453EBF5: readLock ACQUIRED 1 by SegmentedRaftLogCache.getLastTermIndex
2022-08-09 05:43:03,940 [Thread-481] TRACE segmented.SegmentedRaftLogCache (AutoCloseableReadWriteLock.java:logLocking(65)) - s2@group-A8EB2453EBF5: readLock RELEASED 0 by SegmentedRaftLogCache.getLastTermIndex
2022-08-09 05:43:03,940 [Thread-481] TRACE segmented.SegmentedRaftLogCache (AutoCloseableReadWriteLock.java:logLocking(65)) - s2@group-A8EB2453EBF5: readLock ACQUIRED 1 by SegmentedRaftLogCache$LogSegmentList.countCached
2022-08-09 05:43:03,940 [Thread-481] TRACE segmented.SegmentedRaftLogCache (AutoCloseableReadWriteLock.java:logLocking(65)) - s2@group-A8EB2453EBF5: readLock RELEASED 0 by SegmentedRaftLogCache$LogSegmentList.countCached
2022-08-09 05:43:03,940 [Thread-481] TRACE segmented.SegmentedRaftLogCache (AutoCloseableReadWriteLock.java:logLocking(65)) - s2@group-A8EB2453EBF5: readLock ACQUIRED 1 by SegmentedRaftLogCache$LogSegmentList.getTotalCacheSize
2022-08-09 05:43:03,940 [Thread-481] TRACE segmented.SegmentedRaftLogCache (AutoCloseableReadWriteLock.java:logLocking(65)) - s2@group-A8EB2453EBF5: readLock RELEASED 0 by SegmentedRaftLogCache$LogSegmentList.getTotalCacheSize
2022-08-09 05:43:03,940 [Thread-481] DEBUG segmented.SegmentedRaftLogWorker (SegmentedRaftLogWorker.java:addIOTask(270)) - s2@group-A8EB2453EBF5-SegmentedRaftLogWorker adds IO task WriteLog:7: (t:1, i:7), STATEMACHINELOGENTRY, StateMachineLogEntryProto:161@client-65F24773FB27
2022-08-09 05:43:03,941 [s2@group-A8EB2453EBF5-SegmentedRaftLogWorker] DEBUG segmented.SegmentedRaftLogWorker (SegmentedRaftLogWorker.java:flushIfNecessary(365)) - s2@group-A8EB2453EBF5-SegmentedRaftLogWorker: flush SegmentedRaftLogOutputStream(/home/runner/work/ratis/ratis/ratis-test/target/test/data/2baaa1de/MiniRaftClusterWithSimulatedRpc3b4f24d4/s2/bbd46d57-59f4-4845-aaae-a8eb2453ebf5/current/log_inprogress_0)
2022-08-09 05:43:03,940 [s0@group-A8EB2453EBF5-SegmentedRaftLogWorker] DEBUG segmented.SegmentedRaftLogWorker (SegmentedRaftLogWorker.java:flushIfNecessary(365)) - s0@group-A8EB2453EBF5-SegmentedRaftLogWorker: flush SegmentedRaftLogOutputStream(/home/runner/work/ratis/ratis/ratis-test/target/test/data/2baaa1de/MiniRaftClusterWithSimulatedRpc3b4f24d4/s0/bbd46d57-59f4-4845-aaae-a8eb2453ebf5/current/log_inprogress_0)
2022-08-09 05:43:03,941 [s1@group-A8EB2453EBF5->s0-LogAppenderDefault-LogAppenderDaemon] TRACE segmented.SegmentedRaftLogCache (AutoCloseableReadWriteLock.java:logLocking(65)) - s1@group-A8EB2453EBF5: readLock ACQUIRED 1 by SegmentedRaftLogCache.getLastTermIndex
2022-08-09 05:43:03,941 [s1@group-A8EB2453EBF5->s0-LogAppenderDefault-LogAppenderDaemon] TRACE segmented.SegmentedRaftLogCache (AutoCloseableReadWriteLock.java:logLocking(65)) - s1@group-A8EB2453EBF5: readLock RELEASED 0 by SegmentedRaftLogCache.getLastTermIndex
2022-08-09 05:43:03,941 [s1@group-A8EB2453EBF5-LeaderStateImpl] TRACE segmented.SegmentedRaftLogCache (AutoCloseableReadWriteLock.java:logLocking(65)) - s1@group-A8EB2453EBF5: readLock ACQUIRED 1 by SegmentedRaftLogCache.getStartIndex
2022-08-09 05:43:03,941 [s1@group-A8EB2453EBF5-LeaderStateImpl] TRACE segmented.SegmentedRaftLogCache (AutoCloseableReadWriteLock.java:logLocking(65)) -   s1@group-A8EB2453EBF5: readLock ACQUIRED 2 by SegmentedRaftLogCache$LogSegmentList.isEmpty
2022-08-09 05:43:03,941 [s1@group-A8EB2453EBF5-LeaderStateImpl] TRACE segmented.SegmentedRaftLogCache (AutoCloseableReadWriteLock.java:logLocking(65)) -   s1@group-A8EB2453EBF5: readLock RELEASED 1 by SegmentedRaftLogCache$LogSegmentList.isEmpty
2022-08-09 05:43:03,941 [s1@group-A8EB2453EBF5-LeaderStateImpl] TRACE segmented.SegmentedRaftLogCache (AutoCloseableReadWriteLock.java:logLocking(65)) - s1@group-A8EB2453EBF5: readLock RELEASED 0 by SegmentedRaftLogCache.getStartIndex
2022-08-09 05:43:03,941 [s1@group-A8EB2453EBF5-LeaderStateImpl] TRACE segmented.SegmentedRaftLogCache (AutoCloseableReadWriteLock.java:logLocking(65)) - s1@group-A8EB2453EBF5: readLock ACQUIRED 1 by SegmentedRaftLogCache.getEndIndex
2022-08-09 05:43:03,941 [s1@group-A8EB2453EBF5-LeaderStateImpl] TRACE segmented.SegmentedRaftLogCache (AutoCloseableReadWriteLock.java:logLocking(65)) - s1@group-A8EB2453EBF5: readLock RELEASED 0 by SegmentedRaftLogCache.getEndIndex
2022-08-09 05:43:03,941 [s1@group-A8EB2453EBF5-LeaderStateImpl] TRACE segmented.SegmentedRaftLogCache (AutoCloseableReadWriteLock.java:logLocking(65)) - s1@group-A8EB2453EBF5: readLock ACQUIRED 1 by SegmentedRaftLogCache$LogSegmentList.getTermIndex
2022-08-09 05:43:03,941 [s1@group-A8EB2453EBF5-LeaderStateImpl] TRACE segmented.SegmentedRaftLogCache (AutoCloseableReadWriteLock.java:logLocking(65)) - s1@group-A8EB2453EBF5: readLock RELEASED 0 by SegmentedRaftLogCache$LogSegmentList.getTermIndex
2022-08-09 05:43:03,942 [s1@group-A8EB2453EBF5-LeaderStateImpl] TRACE segmented.SegmentedRaftLogCache (AutoCloseableReadWriteLock.java:logLocking(65)) - s1@group-A8EB2453EBF5: readLock ACQUIRED 1 by SegmentedRaftLogCache.getLastTermIndex
2022-08-09 05:43:03,942 [s1@group-A8EB2453EBF5-LeaderStateImpl] TRACE segmented.SegmentedRaftLogCache (AutoCloseableReadWriteLock.java:logLocking(65)) - s1@group-A8EB2453EBF5: readLock RELEASED 0 by SegmentedRaftLogCache.getLastTermIndex
2022-08-09 05:43:03,942 [s1@group-A8EB2453EBF5-StateMachineUpdater] INFO  statemachine.SimpleStateMachine4Testing (SimpleStateMachine4Testing.java:put(204)) - s1: put 7, m3 -> (t:1, i:7), STATEMACHINELOGENTRY, 161@client-65F24773FB27
2022-08-09 05:43:03,942 [s1@group-A8EB2453EBF5-LeaderStateImpl] TRACE segmented.SegmentedRaftLogCache (AutoCloseableReadWriteLock.java:logLocking(65)) - s1@group-A8EB2453EBF5: readLock ACQUIRED 1 by SegmentedRaftLogCache$LogSegmentList.countCached
2022-08-09 05:43:03,942 [s1@group-A8EB2453EBF5-LeaderStateImpl] TRACE segmented.SegmentedRaftLogCache (AutoCloseableReadWriteLock.java:logLocking(65)) - s1@group-A8EB2453EBF5: readLock RELEASED 0 by SegmentedRaftLogCache$LogSegmentList.countCached
2022-08-09 05:43:03,942 [s1@group-A8EB2453EBF5-LeaderStateImpl] TRACE segmented.SegmentedRaftLogCache (AutoCloseableReadWriteLock.java:logLocking(65)) - s1@group-A8EB2453EBF5: readLock ACQUIRED 1 by SegmentedRaftLogCache$LogSegmentList.getTotalCacheSize
2022-08-09 05:43:03,942 [s1@group-A8EB2453EBF5-LeaderStateImpl] TRACE segmented.SegmentedRaftLogCache (AutoCloseableReadWriteLock.java:logLocking(65)) - s1@group-A8EB2453EBF5: readLock RELEASED 0 by SegmentedRaftLogCache$LogSegmentList.getTotalCacheSize
2022-08-09 05:43:03,942 [s1@group-A8EB2453EBF5-LeaderStateImpl] DEBUG segmented.SegmentedRaftLogWorker (SegmentedRaftLogWorker.java:addIOTask(270)) - s1@group-A8EB2453EBF5-SegmentedRaftLogWorker adds IO task WriteLog:8: (t:1, i:8), METADATAENTRY(c:7)
2022-08-09 05:43:03,942 [s1@group-A8EB2453EBF5-SegmentedRaftLogWorker] DEBUG segmented.SegmentedRaftLogWorker (SegmentedRaftLogWorker.java:flushIfNecessary(365)) - s1@group-A8EB2453EBF5-SegmentedRaftLogWorker: flush SegmentedRaftLogOutputStream(/home/runner/work/ratis/ratis/ratis-test/target/test/data/2baaa1de/MiniRaftClusterWithSimulatedRpc3b4f24d4/s1/bbd46d57-59f4-4845-aaae-a8eb2453ebf5/current/log_inprogress_0)
2022-08-09 05:43:03,942 [s1@group-A8EB2453EBF5->s2-LogAppenderDefault-LogAppenderDaemon] TRACE segmented.SegmentedRaftLogCache (AutoCloseableReadWriteLock.java:logLocking(65)) - s1@group-A8EB2453EBF5: readLock ACQUIRED 1 by SegmentedRaftLogCache.getLastTermIndex
2022-08-09 05:43:03,942 [s1@group-A8EB2453EBF5->s2-LogAppenderDefault-LogAppenderDaemon] TRACE segmented.SegmentedRaftLogCache (AutoCloseableReadWriteLock.java:logLocking(65)) - s1@group-A8EB2453EBF5: readLock RELEASED 0 by SegmentedRaftLogCache.getLastTermIndex
2022-08-09 05:43:03,942 [s1-client-thread1] TRACE segmented.SegmentedRaftLogCache (AutoCloseableReadWriteLock.java:logLocking(65)) - s1@group-A8EB2453EBF5: readLock ACQUIRED 1 by SegmentedRaftLogCache.getLastTermIndex
2022-08-09 05:43:03,942 [s1-client-thread1] TRACE segmented.SegmentedRaftLogCache (AutoCloseableReadWriteLock.java:logLocking(65)) - s1@group-A8EB2453EBF5: readLock RELEASED 0 by SegmentedRaftLogCache.getLastTermIndex
2022-08-09 05:43:03,943 [s1-client-thread1] TRACE segmented.SegmentedRaftLogCache (AutoCloseableReadWriteLock.java:logLocking(65)) - s1@group-A8EB2453EBF5: readLock ACQUIRED 1 by SegmentedRaftLogCache.getLastTermIndex
2022-08-09 05:43:03,943 [s1-client-thread1] TRACE segmented.SegmentedRaftLogCache (AutoCloseableReadWriteLock.java:logLocking(65)) - s1@group-A8EB2453EBF5: readLock RELEASED 0 by SegmentedRaftLogCache.getLastTermIndex
2022-08-09 05:43:03,943 [s1-client-thread1] TRACE segmented.SegmentedRaftLogCache (AutoCloseableReadWriteLock.java:logLocking(65)) - s1@group-A8EB2453EBF5: readLock ACQUIRED 1 by SegmentedRaftLogCache$LogSegmentList.countCached
2022-08-09 05:43:03,943 [s1-client-thread1] TRACE segmented.SegmentedRaftLogCache (AutoCloseableReadWriteLock.java:logLocking(65)) - s1@group-A8EB2453EBF5: readLock RELEASED 0 by SegmentedRaftLogCache$LogSegmentList.countCached
2022-08-09 05:43:03,943 [s1-client-thread1] TRACE segmented.SegmentedRaftLogCache (AutoCloseableReadWriteLock.java:logLocking(65)) - s1@group-A8EB2453EBF5: readLock ACQUIRED 1 by SegmentedRaftLogCache$LogSegmentList.getTotalCacheSize
2022-08-09 05:43:03,943 [s1-client-thread1] TRACE segmented.SegmentedRaftLogCache (AutoCloseableReadWriteLock.java:logLocking(65)) - s1@group-A8EB2453EBF5: readLock RELEASED 0 by SegmentedRaftLogCache$LogSegmentList.getTotalCacheSize
2022-08-09 05:43:03,943 [s1-client-thread1] DEBUG segmented.SegmentedRaftLogWorker (SegmentedRaftLogWorker.java:addIOTask(270)) - s1@group-A8EB2453EBF5-SegmentedRaftLogWorker adds IO task WriteLog:9: (t:1, i:9), STATEMACHINELOGENTRY, StateMachineLogEntryProto:164@client-65F24773FB27
2022-08-09 05:43:03,943 [s1@group-A8EB2453EBF5-SegmentedRaftLogWorker] DEBUG segmented.SegmentedRaftLogWorker (SegmentedRaftLogWorker.java:flushIfNecessary(365)) - s1@group-A8EB2453EBF5-SegmentedRaftLogWorker: flush SegmentedRaftLogOutputStream(/home/runner/work/ratis/ratis/ratis-test/target/test/data/2baaa1de/MiniRaftClusterWithSimulatedRpc3b4f24d4/s1/bbd46d57-59f4-4845-aaae-a8eb2453ebf5/current/log_inprogress_0)
2022-08-09 05:43:03,943 [s1@group-A8EB2453EBF5->s2-LogAppenderDefault-LogAppenderDaemon] TRACE segmented.SegmentedRaftLogCache (AutoCloseableReadWriteLock.java:logLocking(65)) - s1@group-A8EB2453EBF5: readLock ACQUIRED 1 by SegmentedRaftLogCache.getLastTermIndex
2022-08-09 05:43:03,943 [s1@group-A8EB2453EBF5->s2-LogAppenderDefault-LogAppenderDaemon] TRACE segmented.SegmentedRaftLogCache (AutoCloseableReadWriteLock.java:logLocking(65)) - s1@group-A8EB2453EBF5: readLock RELEASED 0 by SegmentedRaftLogCache.getLastTermIndex
2022-08-09 05:43:03,943 [s1@group-A8EB2453EBF5->s0-LogAppenderDefault-LogAppenderDaemon] TRACE segmented.SegmentedRaftLogCache (AutoCloseableReadWriteLock.java:logLocking(65)) - s1@group-A8EB2453EBF5: readLock ACQUIRED 1 by SegmentedRaftLogCache.getLastTermIndex
2022-08-09 05:43:03,943 [s1@group-A8EB2453EBF5->s0-LogAppenderDefault-LogAppenderDaemon] TRACE segmented.SegmentedRaftLogCache (AutoCloseableReadWriteLock.java:logLocking(65)) - s1@group-A8EB2453EBF5: readLock RELEASED 0 by SegmentedRaftLogCache.getLastTermIndex
2022-08-09 05:43:03,943 [s1@group-A8EB2453EBF5->s2-LogAppenderDefault-LogAppenderDaemon] TRACE segmented.SegmentedRaftLogCache (AutoCloseableReadWriteLock.java:logLocking(65)) - s1@group-A8EB2453EBF5: readLock ACQUIRED 1 by SegmentedRaftLogCache.getLastTermIndex
2022-08-09 05:43:03,943 [s1@group-A8EB2453EBF5->s2-LogAppenderDefault-LogAppenderDaemon] TRACE segmented.SegmentedRaftLogCache (AutoCloseableReadWriteLock.java:logLocking(65)) - s1@group-A8EB2453EBF5: readLock RELEASED 0 by SegmentedRaftLogCache.getLastTermIndex
2022-08-09 05:43:03,944 [s1@group-A8EB2453EBF5->s2-LogAppenderDefault-LogAppenderDaemon] TRACE segmented.SegmentedRaftLogCache (AutoCloseableReadWriteLock.java:logLocking(65)) - s1@group-A8EB2453EBF5: readLock ACQUIRED 1 by SegmentedRaftLogCache.getStartIndex
2022-08-09 05:43:03,944 [s1@group-A8EB2453EBF5->s2-LogAppenderDefault-LogAppenderDaemon] TRACE segmented.SegmentedRaftLogCache (AutoCloseableReadWriteLock.java:logLocking(65)) -   s1@group-A8EB2453EBF5: readLock ACQUIRED 2 by SegmentedRaftLogCache$LogSegmentList.isEmpty
2022-08-09 05:43:03,944 [s1@group-A8EB2453EBF5->s2-LogAppenderDefault-LogAppenderDaemon] TRACE segmented.SegmentedRaftLogCache (AutoCloseableReadWriteLock.java:logLocking(65)) -   s1@group-A8EB2453EBF5: readLock RELEASED 1 by SegmentedRaftLogCache$LogSegmentList.isEmpty
2022-08-09 05:43:03,944 [s1@group-A8EB2453EBF5->s2-LogAppenderDefault-LogAppenderDaemon] TRACE segmented.SegmentedRaftLogCache (AutoCloseableReadWriteLock.java:logLocking(65)) - s1@group-A8EB2453EBF5: readLock RELEASED 0 by SegmentedRaftLogCache.getStartIndex
2022-08-09 05:43:03,944 [s1@group-A8EB2453EBF5->s0-LogAppenderDefault-LogAppenderDaemon] TRACE segmented.SegmentedRaftLogCache (AutoCloseableReadWriteLock.java:logLocking(65)) - s1@group-A8EB2453EBF5: readLock ACQUIRED 1 by SegmentedRaftLogCache.getLastTermIndex
2022-08-09 05:43:03,944 [s1@group-A8EB2453EBF5->s0-LogAppenderDefault-LogAppenderDaemon] TRACE segmented.SegmentedRaftLogCache (AutoCloseableReadWriteLock.java:logLocking(65)) - s1@group-A8EB2453EBF5: readLock RELEASED 0 by SegmentedRaftLogCache.getLastTermIndex
2022-08-09 05:43:03,944 [s1@group-A8EB2453EBF5->s0-LogAppenderDefault-LogAppenderDaemon] TRACE segmented.SegmentedRaftLogCache (AutoCloseableReadWriteLock.java:logLocking(65)) - s1@group-A8EB2453EBF5: readLock ACQUIRED 1 by SegmentedRaftLogCache.getStartIndex
2022-08-09 05:43:03,944 [s1@group-A8EB2453EBF5->s0-LogAppenderDefault-LogAppenderDaemon] TRACE segmented.SegmentedRaftLogCache (AutoCloseableReadWriteLock.java:logLocking(65)) -   s1@group-A8EB2453EBF5: readLock ACQUIRED 2 by SegmentedRaftLogCache$LogSegmentList.isEmpty
2022-08-09 05:43:03,944 [s1@group-A8EB2453EBF5->s0-LogAppenderDefault-LogAppenderDaemon] TRACE segmented.SegmentedRaftLogCache (AutoCloseableReadWriteLock.java:logLocking(65)) -   s1@group-A8EB2453EBF5: readLock RELEASED 1 by SegmentedRaftLogCache$LogSegmentList.isEmpty
2022-08-09 05:43:03,944 [s1@group-A8EB2453EBF5->s0-LogAppenderDefault-LogAppenderDaemon] TRACE segmented.SegmentedRaftLogCache (AutoCloseableReadWriteLock.java:logLocking(65)) - s1@group-A8EB2453EBF5: readLock RELEASED 0 by SegmentedRaftLogCache.getStartIndex
2022-08-09 05:43:03,944 [s1@group-A8EB2453EBF5->s2-LogAppenderDefault-LogAppenderDaemon] TRACE segmented.SegmentedRaftLogCache (AutoCloseableReadWriteLock.java:logLocking(65)) - s1@group-A8EB2453EBF5: readLock ACQUIRED 1 by SegmentedRaftLogCache.getLastTermIndex
2022-08-09 05:43:03,944 [s1@group-A8EB2453EBF5->s2-LogAppenderDefault-LogAppenderDaemon] TRACE segmented.SegmentedRaftLogCache (AutoCloseableReadWriteLock.java:logLocking(65)) - s1@group-A8EB2453EBF5: readLock RELEASED 0 by SegmentedRaftLogCache.getLastTermIndex
2022-08-09 05:43:03,944 [s1@group-A8EB2453EBF5->s0-LogAppenderDefault-LogAppenderDaemon] TRACE segmented.SegmentedRaftLogCache (AutoCloseableReadWriteLock.java:logLocking(65)) - s1@group-A8EB2453EBF5: readLock ACQUIRED 1 by SegmentedRaftLogCache.getLastTermIndex
2022-08-09 05:43:03,944 [s1@group-A8EB2453EBF5->s0-LogAppenderDefault-LogAppenderDaemon] TRACE segmented.SegmentedRaftLogCache (AutoCloseableReadWriteLock.java:logLocking(65)) - s1@group-A8EB2453EBF5: readLock RELEASED 0 by SegmentedRaftLogCache.getLastTermIndex
2022-08-09 05:43:03,944 [Thread-479] TRACE segmented.SegmentedRaftLogCache (AutoCloseableReadWriteLock.java:logLocking(65)) - s2@group-A8EB2453EBF5: readLock ACQUIRED 1 by SegmentedRaftLogCache.computeTruncateIndices
2022-08-09 05:43:03,944 [Thread-479] TRACE segmented.SegmentedRaftLogCache (AutoCloseableReadWriteLock.java:logLocking(65)) -   s2@group-A8EB2453EBF5: readLock ACQUIRED 2 by SegmentedRaftLogCache$LogSegmentList.binarySearch
2022-08-09 05:43:03,944 [Thread-479] TRACE segmented.SegmentedRaftLogCache (AutoCloseableReadWriteLock.java:logLocking(65)) -   s2@group-A8EB2453EBF5: readLock RELEASED 1 by SegmentedRaftLogCache$LogSegmentList.binarySearch
2022-08-09 05:43:03,944 [Thread-479] TRACE segmented.SegmentedRaftLogCache (AutoCloseableReadWriteLock.java:logLocking(65)) -   s2@group-A8EB2453EBF5: readLock ACQUIRED 2 by SegmentedRaftLogCache$LogSegmentList.size
2022-08-09 05:43:03,945 [Thread-479] TRACE segmented.SegmentedRaftLogCache (AutoCloseableReadWriteLock.java:logLocking(65)) -   s2@group-A8EB2453EBF5: readLock RELEASED 1 by SegmentedRaftLogCache$LogSegmentList.size
2022-08-09 05:43:03,945 [Thread-479] TRACE segmented.SegmentedRaftLogCache (AutoCloseableReadWriteLock.java:logLocking(65)) - s2@group-A8EB2453EBF5: readLock RELEASED 0 by SegmentedRaftLogCache.computeTruncateIndices
2022-08-09 05:43:03,945 [Thread-479] DEBUG raftlog.RaftLog (SegmentedRaftLog.java:appendImpl(447)) - truncateIndex=-1, arrayIndex=0
2022-08-09 05:43:03,945 [Thread-479] TRACE segmented.SegmentedRaftLogCache (AutoCloseableReadWriteLock.java:logLocking(65)) - s2@group-A8EB2453EBF5: readLock ACQUIRED 1 by SegmentedRaftLogCache$LogSegmentList.countCached
2022-08-09 05:43:03,945 [Thread-479] TRACE segmented.SegmentedRaftLogCache (AutoCloseableReadWriteLock.java:logLocking(65)) - s2@group-A8EB2453EBF5: readLock RELEASED 0 by SegmentedRaftLogCache$LogSegmentList.countCached
2022-08-09 05:43:03,945 [Thread-479] TRACE segmented.SegmentedRaftLogCache (AutoCloseableReadWriteLock.java:logLocking(65)) - s2@group-A8EB2453EBF5: readLock ACQUIRED 1 by SegmentedRaftLogCache$LogSegmentList.getTotalCacheSize
2022-08-09 05:43:03,945 [Thread-479] TRACE segmented.SegmentedRaftLogCache (AutoCloseableReadWriteLock.java:logLocking(65)) - s2@group-A8EB2453EBF5: readLock RELEASED 0 by SegmentedRaftLogCache$LogSegmentList.getTotalCacheSize
2022-08-09 05:43:03,945 [Thread-479] DEBUG segmented.SegmentedRaftLogWorker (SegmentedRaftLogWorker.java:addIOTask(270)) - s2@group-A8EB2453EBF5-SegmentedRaftLogWorker adds IO task WriteLog:8: (t:1, i:8), METADATAENTRY(c:7)
2022-08-09 05:43:03,945 [Thread-479] TRACE segmented.SegmentedRaftLogCache (AutoCloseableReadWriteLock.java:logLocking(65)) - s2@group-A8EB2453EBF5: readLock ACQUIRED 1 by SegmentedRaftLogCache.getLastTermIndex
2022-08-09 05:43:03,945 [Thread-479] TRACE segmented.SegmentedRaftLogCache (AutoCloseableReadWriteLock.java:logLocking(65)) - s2@group-A8EB2453EBF5: readLock RELEASED 0 by SegmentedRaftLogCache.getLastTermIndex
2022-08-09 05:43:03,945 [Thread-479] TRACE segmented.SegmentedRaftLogCache (AutoCloseableReadWriteLock.java:logLocking(65)) - s2@group-A8EB2453EBF5: readLock ACQUIRED 1 by SegmentedRaftLogCache$LogSegmentList.countCached
2022-08-09 05:43:03,945 [Thread-479] TRACE segmented.SegmentedRaftLogCache (AutoCloseableReadWriteLock.java:logLocking(65)) - s2@group-A8EB2453EBF5: readLock RELEASED 0 by SegmentedRaftLogCache$LogSegmentList.countCached
2022-08-09 05:43:03,945 [Thread-479] TRACE segmented.SegmentedRaftLogCache (AutoCloseableReadWriteLock.java:logLocking(65)) - s2@group-A8EB2453EBF5: readLock ACQUIRED 1 by SegmentedRaftLogCache$LogSegmentList.getTotalCacheSize
2022-08-09 05:43:03,945 [Thread-479] TRACE segmented.SegmentedRaftLogCache (AutoCloseableReadWriteLock.java:logLocking(65)) - s2@group-A8EB2453EBF5: readLock RELEASED 0 by SegmentedRaftLogCache$LogSegmentList.getTotalCacheSize
2022-08-09 05:43:03,945 [Thread-479] DEBUG segmented.SegmentedRaftLogWorker (SegmentedRaftLogWorker.java:addIOTask(270)) - s2@group-A8EB2453EBF5-SegmentedRaftLogWorker adds IO task WriteLog:9: (t:1, i:9), STATEMACHINELOGENTRY, StateMachineLogEntryProto:164@client-65F24773FB27
2022-08-09 05:43:03,945 [s2@group-A8EB2453EBF5-SegmentedRaftLogWorker] DEBUG segmented.SegmentedRaftLogWorker (SegmentedRaftLogWorker.java:flushIfNecessary(365)) - s2@group-A8EB2453EBF5-SegmentedRaftLogWorker: flush SegmentedRaftLogOutputStream(/home/runner/work/ratis/ratis/ratis-test/target/test/data/2baaa1de/MiniRaftClusterWithSimulatedRpc3b4f24d4/s2/bbd46d57-59f4-4845-aaae-a8eb2453ebf5/current/log_inprogress_0)
2022-08-09 05:43:03,946 [Thread-464] TRACE segmented.SegmentedRaftLogCache (AutoCloseableReadWriteLock.java:logLocking(65)) - s0@group-A8EB2453EBF5: readLock ACQUIRED 1 by SegmentedRaftLogCache.computeTruncateIndices
2022-08-09 05:43:03,946 [Thread-464] TRACE segmented.SegmentedRaftLogCache (AutoCloseableReadWriteLock.java:logLocking(65)) -   s0@group-A8EB2453EBF5: readLock ACQUIRED 2 by SegmentedRaftLogCache$LogSegmentList.binarySearch
2022-08-09 05:43:03,946 [Thread-464] TRACE segmented.SegmentedRaftLogCache (AutoCloseableReadWriteLock.java:logLocking(65)) -   s0@group-A8EB2453EBF5: readLock RELEASED 1 by SegmentedRaftLogCache$LogSegmentList.binarySearch
2022-08-09 05:43:03,946 [Thread-464] TRACE segmented.SegmentedRaftLogCache (AutoCloseableReadWriteLock.java:logLocking(65)) -   s0@group-A8EB2453EBF5: readLock ACQUIRED 2 by SegmentedRaftLogCache$LogSegmentList.size
2022-08-09 05:43:03,946 [Thread-464] TRACE segmented.SegmentedRaftLogCache (AutoCloseableReadWriteLock.java:logLocking(65)) -   s0@group-A8EB2453EBF5: readLock RELEASED 1 by SegmentedRaftLogCache$LogSegmentList.size
2022-08-09 05:43:03,946 [Thread-464] TRACE segmented.SegmentedRaftLogCache (AutoCloseableReadWriteLock.java:logLocking(65)) - s0@group-A8EB2453EBF5: readLock RELEASED 0 by SegmentedRaftLogCache.computeTruncateIndices
2022-08-09 05:43:03,946 [Thread-464] DEBUG raftlog.RaftLog (SegmentedRaftLog.java:appendImpl(447)) - truncateIndex=-1, arrayIndex=0
2022-08-09 05:43:03,946 [s2@group-A8EB2453EBF5-StateMachineUpdater] INFO  statemachine.SimpleStateMachine4Testing (SimpleStateMachine4Testing.java:put(204)) - s2: put 7, m3 -> (t:1, i:7), STATEMACHINELOGENTRY, 161@client-65F24773FB27
2022-08-09 05:43:03,946 [Thread-464] TRACE segmented.SegmentedRaftLogCache (AutoCloseableReadWriteLock.java:logLocking(65)) - s0@group-A8EB2453EBF5: readLock ACQUIRED 1 by SegmentedRaftLogCache$LogSegmentList.countCached
2022-08-09 05:43:03,946 [Thread-464] TRACE segmented.SegmentedRaftLogCache (AutoCloseableReadWriteLock.java:logLocking(65)) - s0@group-A8EB2453EBF5: readLock RELEASED 0 by SegmentedRaftLogCache$LogSegmentList.countCached
2022-08-09 05:43:03,946 [Thread-464] TRACE segmented.SegmentedRaftLogCache (AutoCloseableReadWriteLock.java:logLocking(65)) - s0@group-A8EB2453EBF5: readLock ACQUIRED 1 by SegmentedRaftLogCache$LogSegmentList.getTotalCacheSize
2022-08-09 05:43:03,946 [Thread-464] TRACE segmented.SegmentedRaftLogCache (AutoCloseableReadWriteLock.java:logLocking(65)) - s0@group-A8EB2453EBF5: readLock RELEASED 0 by SegmentedRaftLogCache$LogSegmentList.getTotalCacheSize
2022-08-09 05:43:03,946 [Thread-464] DEBUG segmented.SegmentedRaftLogWorker (SegmentedRaftLogWorker.java:addIOTask(270)) - s0@group-A8EB2453EBF5-SegmentedRaftLogWorker adds IO task WriteLog:8: (t:1, i:8), METADATAENTRY(c:7)
2022-08-09 05:43:03,947 [Thread-464] TRACE segmented.SegmentedRaftLogCache (AutoCloseableReadWriteLock.java:logLocking(65)) - s0@group-A8EB2453EBF5: readLock ACQUIRED 1 by SegmentedRaftLogCache.getLastTermIndex
2022-08-09 05:43:03,947 [Thread-464] TRACE segmented.SegmentedRaftLogCache (AutoCloseableReadWriteLock.java:logLocking(65)) - s0@group-A8EB2453EBF5: readLock RELEASED 0 by SegmentedRaftLogCache.getLastTermIndex
2022-08-09 05:43:03,947 [Thread-464] TRACE segmented.SegmentedRaftLogCache (AutoCloseableReadWriteLock.java:logLocking(65)) - s0@group-A8EB2453EBF5: readLock ACQUIRED 1 by SegmentedRaftLogCache$LogSegmentList.countCached
2022-08-09 05:43:03,947 [Thread-464] TRACE segmented.SegmentedRaftLogCache (AutoCloseableReadWriteLock.java:logLocking(65)) - s0@group-A8EB2453EBF5: readLock RELEASED 0 by SegmentedRaftLogCache$LogSegmentList.countCached
2022-08-09 05:43:03,947 [Thread-464] TRACE segmented.SegmentedRaftLogCache (AutoCloseableReadWriteLock.java:logLocking(65)) - s0@group-A8EB2453EBF5: readLock ACQUIRED 1 by SegmentedRaftLogCache$LogSegmentList.getTotalCacheSize
2022-08-09 05:43:03,947 [Thread-464] TRACE segmented.SegmentedRaftLogCache (AutoCloseableReadWriteLock.java:logLocking(65)) - s0@group-A8EB2453EBF5: readLock RELEASED 0 by SegmentedRaftLogCache$LogSegmentList.getTotalCacheSize
2022-08-09 05:43:03,947 [Thread-464] DEBUG segmented.SegmentedRaftLogWorker (SegmentedRaftLogWorker.java:addIOTask(270)) - s0@group-A8EB2453EBF5-SegmentedRaftLogWorker adds IO task WriteLog:9: (t:1, i:9), STATEMACHINELOGENTRY, StateMachineLogEntryProto:164@client-65F24773FB27
2022-08-09 05:43:03,946 [s1@group-A8EB2453EBF5-LeaderStateImpl] TRACE segmented.SegmentedRaftLogCache (AutoCloseableReadWriteLock.java:logLocking(65)) -   s1@group-A8EB2453EBF5: readLock ACQUIRED 2 by SegmentedRaftLogCache.getStartIndex
2022-08-09 05:43:03,947 [s1@group-A8EB2453EBF5-LeaderStateImpl] TRACE segmented.SegmentedRaftLogCache (AutoCloseableReadWriteLock.java:logLocking(65)) -     s1@group-A8EB2453EBF5: readLock ACQUIRED 3 by SegmentedRaftLogCache$LogSegmentList.isEmpty
2022-08-09 05:43:03,947 [s1@group-A8EB2453EBF5-LeaderStateImpl] TRACE segmented.SegmentedRaftLogCache (AutoCloseableReadWriteLock.java:logLocking(65)) -     s1@group-A8EB2453EBF5: readLock RELEASED 2 by SegmentedRaftLogCache$LogSegmentList.isEmpty
2022-08-09 05:43:03,947 [s1@group-A8EB2453EBF5-LeaderStateImpl] TRACE segmented.SegmentedRaftLogCache (AutoCloseableReadWriteLock.java:logLocking(65)) -   s1@group-A8EB2453EBF5: readLock RELEASED 1 by SegmentedRaftLogCache.getStartIndex
2022-08-09 05:43:03,947 [s1@group-A8EB2453EBF5-LeaderStateImpl] TRACE segmented.SegmentedRaftLogCache (AutoCloseableReadWriteLock.java:logLocking(65)) -   s1@group-A8EB2453EBF5: readLock ACQUIRED 2 by SegmentedRaftLogCache.getEndIndex
2022-08-09 05:43:03,947 [s1@group-A8EB2453EBF5-LeaderStateImpl] TRACE segmented.SegmentedRaftLogCache (AutoCloseableReadWriteLock.java:logLocking(65)) -   s1@group-A8EB2453EBF5: readLock RELEASED 1 by SegmentedRaftLogCache.getEndIndex
2022-08-09 05:43:03,947 [s1@group-A8EB2453EBF5-LeaderStateImpl] TRACE segmented.SegmentedRaftLogCache (AutoCloseableReadWriteLock.java:logLocking(65)) -   s1@group-A8EB2453EBF5: readLock ACQUIRED 2 by SegmentedRaftLogCache$LogSegmentList.getTermIndex
2022-08-09 05:43:03,947 [s1@group-A8EB2453EBF5-LeaderStateImpl] TRACE segmented.SegmentedRaftLogCache (AutoCloseableReadWriteLock.java:logLocking(65)) -   s1@group-A8EB2453EBF5: readLock RELEASED 1 by SegmentedRaftLogCache$LogSegmentList.getTermIndex
2022-08-09 05:43:03,947 [s0@group-A8EB2453EBF5-SegmentedRaftLogWorker] DEBUG segmented.SegmentedRaftLogWorker (SegmentedRaftLogWorker.java:flushIfNecessary(365)) - s0@group-A8EB2453EBF5-SegmentedRaftLogWorker: flush SegmentedRaftLogOutputStream(/home/runner/work/ratis/ratis/ratis-test/target/test/data/2baaa1de/MiniRaftClusterWithSimulatedRpc3b4f24d4/s0/bbd46d57-59f4-4845-aaae-a8eb2453ebf5/current/log_inprogress_0)
2022-08-09 05:43:03,946 [s1@group-A8EB2453EBF5->s2-LogAppenderDefault-LogAppenderDaemon] TRACE segmented.SegmentedRaftLogCache (AutoCloseableReadWriteLock.java:logLocking(65)) - s1@group-A8EB2453EBF5: readLock ACQUIRED 1 by SegmentedRaftLogCache.getLastTermIndex
2022-08-09 05:43:03,948 [s1@group-A8EB2453EBF5->s2-LogAppenderDefault-LogAppenderDaemon] TRACE segmented.SegmentedRaftLogCache (AutoCloseableReadWriteLock.java:logLocking(65)) - s1@group-A8EB2453EBF5: readLock RELEASED 0 by SegmentedRaftLogCache.getLastTermIndex
2022-08-09 05:43:03,948 [s1@group-A8EB2453EBF5-LeaderStateImpl] TRACE segmented.SegmentedRaftLogCache (AutoCloseableReadWriteLock.java:logLocking(65)) - s1@group-A8EB2453EBF5: readLock ACQUIRED 1 by SegmentedRaftLogCache.getLastTermIndex
2022-08-09 05:43:03,948 [s1@group-A8EB2453EBF5-LeaderStateImpl] TRACE segmented.SegmentedRaftLogCache (AutoCloseableReadWriteLock.java:logLocking(65)) - s1@group-A8EB2453EBF5: readLock RELEASED 0 by SegmentedRaftLogCache.getLastTermIndex
2022-08-09 05:43:03,948 [s1@group-A8EB2453EBF5-LeaderStateImpl] TRACE segmented.SegmentedRaftLogCache (AutoCloseableReadWriteLock.java:logLocking(65)) - s1@group-A8EB2453EBF5: readLock ACQUIRED 1 by SegmentedRaftLogCache$LogSegmentList.countCached
2022-08-09 05:43:03,948 [s1@group-A8EB2453EBF5-LeaderStateImpl] TRACE segmented.SegmentedRaftLogCache (AutoCloseableReadWriteLock.java:logLocking(65)) - s1@group-A8EB2453EBF5: readLock RELEASED 0 by SegmentedRaftLogCache$LogSegmentList.countCached
2022-08-09 05:43:03,948 [s1@group-A8EB2453EBF5-LeaderStateImpl] TRACE segmented.SegmentedRaftLogCache (AutoCloseableReadWriteLock.java:logLocking(65)) - s1@group-A8EB2453EBF5: readLock ACQUIRED 1 by SegmentedRaftLogCache$LogSegmentList.getTotalCacheSize
2022-08-09 05:43:03,948 [s1@group-A8EB2453EBF5-LeaderStateImpl] TRACE segmented.SegmentedRaftLogCache (AutoCloseableReadWriteLock.java:logLocking(65)) - s1@group-A8EB2453EBF5: readLock RELEASED 0 by SegmentedRaftLogCache$LogSegmentList.getTotalCacheSize
2022-08-09 05:43:03,948 [s1@group-A8EB2453EBF5-LeaderStateImpl] DEBUG segmented.SegmentedRaftLogWorker (SegmentedRaftLogWorker.java:addIOTask(270)) - s1@group-A8EB2453EBF5-SegmentedRaftLogWorker adds IO task WriteLog:10: (t:1, i:10), METADATAENTRY(c:9)
2022-08-09 05:43:03,948 [s1@group-A8EB2453EBF5-StateMachineUpdater] INFO  statemachine.SimpleStateMachine4Testing (SimpleStateMachine4Testing.java:put(204)) - s1: put 9, m4 -> (t:1, i:9), STATEMACHINELOGENTRY, 164@client-65F24773FB27
2022-08-09 05:43:03,948 [s1@group-A8EB2453EBF5-SegmentedRaftLogWorker] DEBUG segmented.SegmentedRaftLogWorker (SegmentedRaftLogWorker.java:flushIfNecessary(365)) - s1@group-A8EB2453EBF5-SegmentedRaftLogWorker: flush SegmentedRaftLogOutputStream(/home/runner/work/ratis/ratis/ratis-test/target/test/data/2baaa1de/MiniRaftClusterWithSimulatedRpc3b4f24d4/s1/bbd46d57-59f4-4845-aaae-a8eb2453ebf5/current/log_inprogress_0)
2022-08-09 05:43:03,948 [s1@group-A8EB2453EBF5->s2-LogAppenderDefault-LogAppenderDaemon] TRACE segmented.SegmentedRaftLogCache (AutoCloseableReadWriteLock.java:logLocking(65)) - s1@group-A8EB2453EBF5: readLock ACQUIRED 1 by SegmentedRaftLogCache.getLastTermIndex
2022-08-09 05:43:03,948 [s1@group-A8EB2453EBF5->s2-LogAppenderDefault-LogAppenderDaemon] TRACE segmented.SegmentedRaftLogCache (AutoCloseableReadWriteLock.java:logLocking(65)) - s1@group-A8EB2453EBF5: readLock RELEASED 0 by SegmentedRaftLogCache.getLastTermIndex
2022-08-09 05:43:03,948 [s1@group-A8EB2453EBF5->s2-LogAppenderDefault-LogAppenderDaemon] TRACE segmented.SegmentedRaftLogCache (AutoCloseableReadWriteLock.java:logLocking(65)) - s1@group-A8EB2453EBF5: readLock ACQUIRED 1 by SegmentedRaftLogCache.getLastTermIndex
2022-08-09 05:43:03,948 [s1@group-A8EB2453EBF5->s2-LogAppenderDefault-LogAppenderDaemon] TRACE segmented.SegmentedRaftLogCache (AutoCloseableReadWriteLock.java:logLocking(65)) - s1@group-A8EB2453EBF5: readLock RELEASED 0 by SegmentedRaftLogCache.getLastTermIndex
2022-08-09 05:43:03,948 [s1@group-A8EB2453EBF5->s2-LogAppenderDefault-LogAppenderDaemon] TRACE segmented.SegmentedRaftLogCache (AutoCloseableReadWriteLock.java:logLocking(65)) - s1@group-A8EB2453EBF5: readLock ACQUIRED 1 by SegmentedRaftLogCache.getStartIndex
2022-08-09 05:43:03,948 [s1@group-A8EB2453EBF5->s2-LogAppenderDefault-LogAppenderDaemon] TRACE segmented.SegmentedRaftLogCache (AutoCloseableReadWriteLock.java:logLocking(65)) -   s1@group-A8EB2453EBF5: readLock ACQUIRED 2 by SegmentedRaftLogCache$LogSegmentList.isEmpty
2022-08-09 05:43:03,948 [s1@group-A8EB2453EBF5->s2-LogAppenderDefault-LogAppenderDaemon] TRACE segmented.SegmentedRaftLogCache (AutoCloseableReadWriteLock.java:logLocking(65)) -   s1@group-A8EB2453EBF5: readLock RELEASED 1 by SegmentedRaftLogCache$LogSegmentList.isEmpty
2022-08-09 05:43:03,948 [s1@group-A8EB2453EBF5->s2-LogAppenderDefault-LogAppenderDaemon] TRACE segmented.SegmentedRaftLogCache (AutoCloseableReadWriteLock.java:logLocking(65)) - s1@group-A8EB2453EBF5: readLock RELEASED 0 by SegmentedRaftLogCache.getStartIndex
2022-08-09 05:43:03,949 [s1@group-A8EB2453EBF5->s2-LogAppenderDefault-LogAppenderDaemon] TRACE segmented.SegmentedRaftLogCache (AutoCloseableReadWriteLock.java:logLocking(65)) - s1@group-A8EB2453EBF5: readLock ACQUIRED 1 by SegmentedRaftLogCache.getLastTermIndex
2022-08-09 05:43:03,949 [s1@group-A8EB2453EBF5->s2-LogAppenderDefault-LogAppenderDaemon] TRACE segmented.SegmentedRaftLogCache (AutoCloseableReadWriteLock.java:logLocking(65)) - s1@group-A8EB2453EBF5: readLock RELEASED 0 by SegmentedRaftLogCache.getLastTermIndex
2022-08-09 05:43:03,949 [s1-client-thread1] TRACE segmented.SegmentedRaftLogCache (AutoCloseableReadWriteLock.java:logLocking(65)) - s1@group-A8EB2453EBF5: readLock ACQUIRED 1 by SegmentedRaftLogCache.getLastTermIndex
2022-08-09 05:43:03,949 [s1-client-thread1] TRACE segmented.SegmentedRaftLogCache (AutoCloseableReadWriteLock.java:logLocking(65)) - s1@group-A8EB2453EBF5: readLock RELEASED 0 by SegmentedRaftLogCache.getLastTermIndex
2022-08-09 05:43:03,949 [s1-client-thread1] TRACE segmented.SegmentedRaftLogCache (AutoCloseableReadWriteLock.java:logLocking(65)) - s1@group-A8EB2453EBF5: readLock ACQUIRED 1 by SegmentedRaftLogCache.getLastTermIndex
2022-08-09 05:43:03,949 [s1-client-thread1] TRACE segmented.SegmentedRaftLogCache (AutoCloseableReadWriteLock.java:logLocking(65)) - s1@group-A8EB2453EBF5: readLock RELEASED 0 by SegmentedRaftLogCache.getLastTermIndex
2022-08-09 05:43:03,949 [s1-client-thread1] TRACE segmented.SegmentedRaftLogCache (AutoCloseableReadWriteLock.java:logLocking(65)) - s1@group-A8EB2453EBF5: readLock ACQUIRED 1 by SegmentedRaftLogCache$LogSegmentList.countCached
2022-08-09 05:43:03,949 [s1-client-thread1] TRACE segmented.SegmentedRaftLogCache (AutoCloseableReadWriteLock.java:logLocking(65)) - s1@group-A8EB2453EBF5: readLock RELEASED 0 by SegmentedRaftLogCache$LogSegmentList.countCached
2022-08-09 05:43:03,949 [s1-client-thread1] TRACE segmented.SegmentedRaftLogCache (AutoCloseableReadWriteLock.java:logLocking(65)) - s1@group-A8EB2453EBF5: readLock ACQUIRED 1 by SegmentedRaftLogCache$LogSegmentList.getTotalCacheSize
2022-08-09 05:43:03,949 [s1-client-thread1] TRACE segmented.SegmentedRaftLogCache (AutoCloseableReadWriteLock.java:logLocking(65)) - s1@group-A8EB2453EBF5: readLock RELEASED 0 by SegmentedRaftLogCache$LogSegmentList.getTotalCacheSize
2022-08-09 05:43:03,949 [s1-client-thread1] DEBUG segmented.SegmentedRaftLogWorker (SegmentedRaftLogWorker.java:addIOTask(270)) - s1@group-A8EB2453EBF5-SegmentedRaftLogWorker adds IO task WriteLog:11: (t:1, i:11), STATEMACHINELOGENTRY, StateMachineLogEntryProto:167@client-65F24773FB27
2022-08-09 05:43:03,949 [s1@group-A8EB2453EBF5-SegmentedRaftLogWorker] DEBUG segmented.SegmentedRaftLogWorker (SegmentedRaftLogWorker.java:flushIfNecessary(365)) - s1@group-A8EB2453EBF5-SegmentedRaftLogWorker: flush SegmentedRaftLogOutputStream(/home/runner/work/ratis/ratis/ratis-test/target/test/data/2baaa1de/MiniRaftClusterWithSimulatedRpc3b4f24d4/s1/bbd46d57-59f4-4845-aaae-a8eb2453ebf5/current/log_inprogress_0)
2022-08-09 05:43:03,949 [Thread-480] TRACE segmented.SegmentedRaftLogCache (AutoCloseableReadWriteLock.java:logLocking(65)) - s2@group-A8EB2453EBF5: readLock ACQUIRED 1 by SegmentedRaftLogCache.computeTruncateIndices
2022-08-09 05:43:03,949 [s1@group-A8EB2453EBF5->s0-LogAppenderDefault-LogAppenderDaemon] TRACE segmented.SegmentedRaftLogCache (AutoCloseableReadWriteLock.java:logLocking(65)) - s1@group-A8EB2453EBF5: readLock ACQUIRED 1 by SegmentedRaftLogCache.getLastTermIndex
2022-08-09 05:43:03,949 [s1@group-A8EB2453EBF5->s0-LogAppenderDefault-LogAppenderDaemon] TRACE segmented.SegmentedRaftLogCache (AutoCloseableReadWriteLock.java:logLocking(65)) - s1@group-A8EB2453EBF5: readLock RELEASED 0 by SegmentedRaftLogCache.getLastTermIndex
2022-08-09 05:43:03,949 [s1@group-A8EB2453EBF5->s0-LogAppenderDefault-LogAppenderDaemon] TRACE segmented.SegmentedRaftLogCache (AutoCloseableReadWriteLock.java:logLocking(65)) - s1@group-A8EB2453EBF5: readLock ACQUIRED 1 by SegmentedRaftLogCache.getLastTermIndex
2022-08-09 05:43:03,949 [s1@group-A8EB2453EBF5->s0-LogAppenderDefault-LogAppenderDaemon] TRACE segmented.SegmentedRaftLogCache (AutoCloseableReadWriteLock.java:logLocking(65)) - s1@group-A8EB2453EBF5: readLock RELEASED 0 by SegmentedRaftLogCache.getLastTermIndex
2022-08-09 05:43:03,950 [s1@group-A8EB2453EBF5->s0-LogAppenderDefault-LogAppenderDaemon] TRACE segmented.SegmentedRaftLogCache (AutoCloseableReadWriteLock.java:logLocking(65)) - s1@group-A8EB2453EBF5: readLock ACQUIRED 1 by SegmentedRaftLogCache.getLastTermIndex
2022-08-09 05:43:03,950 [s1@group-A8EB2453EBF5->s0-LogAppenderDefault-LogAppenderDaemon] TRACE segmented.SegmentedRaftLogCache (AutoCloseableReadWriteLock.java:logLocking(65)) - s1@group-A8EB2453EBF5: readLock RELEASED 0 by SegmentedRaftLogCache.getLastTermIndex
2022-08-09 05:43:03,950 [s1@group-A8EB2453EBF5->s0-LogAppenderDefault-LogAppenderDaemon] TRACE segmented.SegmentedRaftLogCache (AutoCloseableReadWriteLock.java:logLocking(65)) - s1@group-A8EB2453EBF5: readLock ACQUIRED 1 by SegmentedRaftLogCache.getStartIndex
2022-08-09 05:43:03,948 [s0@group-A8EB2453EBF5-StateMachineUpdater] INFO  statemachine.SimpleStateMachine4Testing (SimpleStateMachine4Testing.java:put(204)) - s0: put 7, m3 -> (t:1, i:7), STATEMACHINELOGENTRY, 161@client-65F24773FB27
2022-08-09 05:43:03,950 [s1@group-A8EB2453EBF5->s0-LogAppenderDefault-LogAppenderDaemon] TRACE segmented.SegmentedRaftLogCache (AutoCloseableReadWriteLock.java:logLocking(65)) -   s1@group-A8EB2453EBF5: readLock ACQUIRED 2 by SegmentedRaftLogCache$LogSegmentList.isEmpty
2022-08-09 05:43:03,950 [s1@group-A8EB2453EBF5->s0-LogAppenderDefault-LogAppenderDaemon] TRACE segmented.SegmentedRaftLogCache (AutoCloseableReadWriteLock.java:logLocking(65)) -   s1@group-A8EB2453EBF5: readLock RELEASED 1 by SegmentedRaftLogCache$LogSegmentList.isEmpty
2022-08-09 05:43:03,950 [s1@group-A8EB2453EBF5->s0-LogAppenderDefault-LogAppenderDaemon] TRACE segmented.SegmentedRaftLogCache (AutoCloseableReadWriteLock.java:logLocking(65)) - s1@group-A8EB2453EBF5: readLock RELEASED 0 by SegmentedRaftLogCache.getStartIndex
2022-08-09 05:43:03,950 [s1@group-A8EB2453EBF5->s0-LogAppenderDefault-LogAppenderDaemon] TRACE segmented.SegmentedRaftLogCache (AutoCloseableReadWriteLock.java:logLocking(65)) - s1@group-A8EB2453EBF5: readLock ACQUIRED 1 by SegmentedRaftLogCache.getLastTermIndex
2022-08-09 05:43:03,950 [s1@group-A8EB2453EBF5->s0-LogAppenderDefault-LogAppenderDaemon] TRACE segmented.SegmentedRaftLogCache (AutoCloseableReadWriteLock.java:logLocking(65)) - s1@group-A8EB2453EBF5: readLock RELEASED 0 by SegmentedRaftLogCache.getLastTermIndex
2022-08-09 05:43:03,949 [Thread-480] TRACE segmented.SegmentedRaftLogCache (AutoCloseableReadWriteLock.java:logLocking(65)) -   s2@group-A8EB2453EBF5: readLock ACQUIRED 2 by SegmentedRaftLogCache$LogSegmentList.binarySearch
2022-08-09 05:43:03,950 [Thread-480] TRACE segmented.SegmentedRaftLogCache (AutoCloseableReadWriteLock.java:logLocking(65)) -   s2@group-A8EB2453EBF5: readLock RELEASED 1 by SegmentedRaftLogCache$LogSegmentList.binarySearch
2022-08-09 05:43:03,950 [Thread-480] TRACE segmented.SegmentedRaftLogCache (AutoCloseableReadWriteLock.java:logLocking(65)) -   s2@group-A8EB2453EBF5: readLock ACQUIRED 2 by SegmentedRaftLogCache$LogSegmentList.size
2022-08-09 05:43:03,950 [Thread-480] TRACE segmented.SegmentedRaftLogCache (AutoCloseableReadWriteLock.java:logLocking(65)) -   s2@group-A8EB2453EBF5: readLock RELEASED 1 by SegmentedRaftLogCache$LogSegmentList.size
2022-08-09 05:43:03,950 [Thread-480] TRACE segmented.SegmentedRaftLogCache (AutoCloseableReadWriteLock.java:logLocking(65)) - s2@group-A8EB2453EBF5: readLock RELEASED 0 by SegmentedRaftLogCache.computeTruncateIndices
2022-08-09 05:43:03,950 [Thread-480] DEBUG raftlog.RaftLog (SegmentedRaftLog.java:appendImpl(447)) - truncateIndex=-1, arrayIndex=0
2022-08-09 05:43:03,950 [Thread-480] TRACE segmented.SegmentedRaftLogCache (AutoCloseableReadWriteLock.java:logLocking(65)) - s2@group-A8EB2453EBF5: readLock ACQUIRED 1 by SegmentedRaftLogCache$LogSegmentList.countCached
2022-08-09 05:43:03,950 [Thread-480] TRACE segmented.SegmentedRaftLogCache (AutoCloseableReadWriteLock.java:logLocking(65)) - s2@group-A8EB2453EBF5: readLock RELEASED 0 by SegmentedRaftLogCache$LogSegmentList.countCached
2022-08-09 05:43:03,950 [Thread-480] TRACE segmented.SegmentedRaftLogCache (AutoCloseableReadWriteLock.java:logLocking(65)) - s2@group-A8EB2453EBF5: readLock ACQUIRED 1 by SegmentedRaftLogCache$LogSegmentList.getTotalCacheSize
2022-08-09 05:43:03,950 [Thread-480] TRACE segmented.SegmentedRaftLogCache (AutoCloseableReadWriteLock.java:logLocking(65)) - s2@group-A8EB2453EBF5: readLock RELEASED 0 by SegmentedRaftLogCache$LogSegmentList.getTotalCacheSize
2022-08-09 05:43:03,950 [Thread-480] DEBUG segmented.SegmentedRaftLogWorker (SegmentedRaftLogWorker.java:addIOTask(270)) - s2@group-A8EB2453EBF5-SegmentedRaftLogWorker adds IO task WriteLog:10: (t:1, i:10), METADATAENTRY(c:9)
2022-08-09 05:43:03,950 [s2@group-A8EB2453EBF5-SegmentedRaftLogWorker] DEBUG segmented.SegmentedRaftLogWorker (SegmentedRaftLogWorker.java:flushIfNecessary(365)) - s2@group-A8EB2453EBF5-SegmentedRaftLogWorker: flush SegmentedRaftLogOutputStream(/home/runner/work/ratis/ratis/ratis-test/target/test/data/2baaa1de/MiniRaftClusterWithSimulatedRpc3b4f24d4/s2/bbd46d57-59f4-4845-aaae-a8eb2453ebf5/current/log_inprogress_0)
2022-08-09 05:43:03,951 [Thread-465] TRACE segmented.SegmentedRaftLogCache (AutoCloseableReadWriteLock.java:logLocking(65)) - s0@group-A8EB2453EBF5: readLock ACQUIRED 1 by SegmentedRaftLogCache.computeTruncateIndices
2022-08-09 05:43:03,951 [Thread-465] TRACE segmented.SegmentedRaftLogCache (AutoCloseableReadWriteLock.java:logLocking(65)) -   s0@group-A8EB2453EBF5: readLock ACQUIRED 2 by SegmentedRaftLogCache$LogSegmentList.binarySearch
2022-08-09 05:43:03,951 [Thread-465] TRACE segmented.SegmentedRaftLogCache (AutoCloseableReadWriteLock.java:logLocking(65)) -   s0@group-A8EB2453EBF5: readLock RELEASED 1 by SegmentedRaftLogCache$LogSegmentList.binarySearch
2022-08-09 05:43:03,951 [Thread-465] TRACE segmented.SegmentedRaftLogCache (AutoCloseableReadWriteLock.java:logLocking(65)) -   s0@group-A8EB2453EBF5: readLock ACQUIRED 2 by SegmentedRaftLogCache$LogSegmentList.size
2022-08-09 05:43:03,951 [Thread-465] TRACE segmented.SegmentedRaftLogCache (AutoCloseableReadWriteLock.java:logLocking(65)) -   s0@group-A8EB2453EBF5: readLock RELEASED 1 by SegmentedRaftLogCache$LogSegmentList.size
2022-08-09 05:43:03,951 [Thread-465] TRACE segmented.SegmentedRaftLogCache (AutoCloseableReadWriteLock.java:logLocking(65)) - s0@group-A8EB2453EBF5: readLock RELEASED 0 by SegmentedRaftLogCache.computeTruncateIndices
2022-08-09 05:43:03,951 [Thread-465] DEBUG raftlog.RaftLog (SegmentedRaftLog.java:appendImpl(447)) - truncateIndex=-1, arrayIndex=0
2022-08-09 05:43:03,951 [Thread-465] TRACE segmented.SegmentedRaftLogCache (AutoCloseableReadWriteLock.java:logLocking(65)) - s0@group-A8EB2453EBF5: readLock ACQUIRED 1 by SegmentedRaftLogCache$LogSegmentList.countCached
2022-08-09 05:43:03,951 [Thread-465] TRACE segmented.SegmentedRaftLogCache (AutoCloseableReadWriteLock.java:logLocking(65)) - s0@group-A8EB2453EBF5: readLock RELEASED 0 by SegmentedRaftLogCache$LogSegmentList.countCached
2022-08-09 05:43:03,951 [Thread-465] TRACE segmented.SegmentedRaftLogCache (AutoCloseableReadWriteLock.java:logLocking(65)) - s0@group-A8EB2453EBF5: readLock ACQUIRED 1 by SegmentedRaftLogCache$LogSegmentList.getTotalCacheSize
2022-08-09 05:43:03,951 [Thread-465] TRACE segmented.SegmentedRaftLogCache (AutoCloseableReadWriteLock.java:logLocking(65)) - s0@group-A8EB2453EBF5: readLock RELEASED 0 by SegmentedRaftLogCache$LogSegmentList.getTotalCacheSize
2022-08-09 05:43:03,951 [Thread-465] DEBUG segmented.SegmentedRaftLogWorker (SegmentedRaftLogWorker.java:addIOTask(270)) - s0@group-A8EB2453EBF5-SegmentedRaftLogWorker adds IO task WriteLog:10: (t:1, i:10), METADATAENTRY(c:9)
2022-08-09 05:43:03,951 [s1@group-A8EB2453EBF5->s2-LogAppenderDefault-LogAppenderDaemon] TRACE segmented.SegmentedRaftLogCache (AutoCloseableReadWriteLock.java:logLocking(65)) - s1@group-A8EB2453EBF5: readLock ACQUIRED 1 by SegmentedRaftLogCache.getLastTermIndex
2022-08-09 05:43:03,951 [s1@group-A8EB2453EBF5->s2-LogAppenderDefault-LogAppenderDaemon] TRACE segmented.SegmentedRaftLogCache (AutoCloseableReadWriteLock.java:logLocking(65)) - s1@group-A8EB2453EBF5: readLock RELEASED 0 by SegmentedRaftLogCache.getLastTermIndex
2022-08-09 05:43:03,951 [s1@group-A8EB2453EBF5->s2-LogAppenderDefault-LogAppenderDaemon] TRACE segmented.SegmentedRaftLogCache (AutoCloseableReadWriteLock.java:logLocking(65)) - s1@group-A8EB2453EBF5: readLock ACQUIRED 1 by SegmentedRaftLogCache.getLastTermIndex
2022-08-09 05:43:03,951 [s1@group-A8EB2453EBF5->s2-LogAppenderDefault-LogAppenderDaemon] TRACE segmented.SegmentedRaftLogCache (AutoCloseableReadWriteLock.java:logLocking(65)) - s1@group-A8EB2453EBF5: readLock RELEASED 0 by SegmentedRaftLogCache.getLastTermIndex
2022-08-09 05:43:03,951 [s1@group-A8EB2453EBF5->s2-LogAppenderDefault-LogAppenderDaemon] TRACE segmented.SegmentedRaftLogCache (AutoCloseableReadWriteLock.java:logLocking(65)) - s1@group-A8EB2453EBF5: readLock ACQUIRED 1 by SegmentedRaftLogCache.getLastTermIndex
2022-08-09 05:43:03,951 [s1@group-A8EB2453EBF5->s2-LogAppenderDefault-LogAppenderDaemon] TRACE segmented.SegmentedRaftLogCache (AutoCloseableReadWriteLock.java:logLocking(65)) -   s1@group-A8EB2453EBF5: readLock RELEASED 1 by SegmentedRaftLogCache.getLastTermIndex
2022-08-09 05:43:03,951 [s1@group-A8EB2453EBF5->s2-LogAppenderDefault-LogAppenderDaemon] TRACE segmented.SegmentedRaftLogCache (AutoCloseableReadWriteLock.java:logLocking(65)) -   s1@group-A8EB2453EBF5: readLock ACQUIRED 2 by SegmentedRaftLogCache.getStartIndex
2022-08-09 05:43:03,951 [s1@group-A8EB2453EBF5->s2-LogAppenderDefault-LogAppenderDaemon] TRACE segmented.SegmentedRaftLogCache (AutoCloseableReadWriteLock.java:logLocking(65)) -     s1@group-A8EB2453EBF5: readLock ACQUIRED 3 by SegmentedRaftLogCache$LogSegmentList.isEmpty
2022-08-09 05:43:03,951 [s1@group-A8EB2453EBF5->s2-LogAppenderDefault-LogAppenderDaemon] TRACE segmented.SegmentedRaftLogCache (AutoCloseableReadWriteLock.java:logLocking(65)) -     s1@group-A8EB2453EBF5: readLock RELEASED 2 by SegmentedRaftLogCache$LogSegmentList.isEmpty
2022-08-09 05:43:03,951 [s1@group-A8EB2453EBF5->s2-LogAppenderDefault-LogAppenderDaemon] TRACE segmented.SegmentedRaftLogCache (AutoCloseableReadWriteLock.java:logLocking(65)) -   s1@group-A8EB2453EBF5: readLock RELEASED 1 by SegmentedRaftLogCache.getStartIndex
2022-08-09 05:43:03,951 [s1@group-A8EB2453EBF5->s2-LogAppenderDefault-LogAppenderDaemon] TRACE segmented.SegmentedRaftLogCache (AutoCloseableReadWriteLock.java:logLocking(65)) -   s1@group-A8EB2453EBF5: readLock ACQUIRED 2 by SegmentedRaftLogCache.getLastTermIndex
2022-08-09 05:43:03,951 [s1@group-A8EB2453EBF5->s2-LogAppenderDefault-LogAppenderDaemon] TRACE segmented.SegmentedRaftLogCache (AutoCloseableReadWriteLock.java:logLocking(65)) -   s1@group-A8EB2453EBF5: readLock RELEASED 1 by SegmentedRaftLogCache.getLastTermIndex
2022-08-09 05:43:03,951 [s2@group-A8EB2453EBF5-StateMachineUpdater] INFO  statemachine.SimpleStateMachine4Testing (SimpleStateMachine4Testing.java:put(204)) - s2: put 9, m4 -> (t:1, i:9), STATEMACHINELOGENTRY, 164@client-65F24773FB27
2022-08-09 05:43:03,951 [s1@group-A8EB2453EBF5-LeaderStateImpl] TRACE segmented.SegmentedRaftLogCache (AutoCloseableReadWriteLock.java:logLocking(65)) -   s1@group-A8EB2453EBF5: readLock ACQUIRED 2 by SegmentedRaftLogCache.getStartIndex
2022-08-09 05:43:03,952 [s1@group-A8EB2453EBF5-LeaderStateImpl] TRACE segmented.SegmentedRaftLogCache (AutoCloseableReadWriteLock.java:logLocking(65)) -   s1@group-A8EB2453EBF5: readLock ACQUIRED 2 by SegmentedRaftLogCache$LogSegmentList.isEmpty
2022-08-09 05:43:03,952 [s1@group-A8EB2453EBF5-LeaderStateImpl] TRACE segmented.SegmentedRaftLogCache (AutoCloseableReadWriteLock.java:logLocking(65)) -   s1@group-A8EB2453EBF5: readLock RELEASED 1 by SegmentedRaftLogCache$LogSegmentList.isEmpty
2022-08-09 05:43:03,952 [s1@group-A8EB2453EBF5-LeaderStateImpl] TRACE segmented.SegmentedRaftLogCache (AutoCloseableReadWriteLock.java:logLocking(65)) - s1@group-A8EB2453EBF5: readLock RELEASED 0 by SegmentedRaftLogCache.getStartIndex
2022-08-09 05:43:03,952 [s1@group-A8EB2453EBF5-LeaderStateImpl] TRACE segmented.SegmentedRaftLogCache (AutoCloseableReadWriteLock.java:logLocking(65)) - s1@group-A8EB2453EBF5: readLock ACQUIRED 1 by SegmentedRaftLogCache.getEndIndex
2022-08-09 05:43:03,952 [s1@group-A8EB2453EBF5-LeaderStateImpl] TRACE segmented.SegmentedRaftLogCache (AutoCloseableReadWriteLock.java:logLocking(65)) - s1@group-A8EB2453EBF5: readLock RELEASED 0 by SegmentedRaftLogCache.getEndIndex
2022-08-09 05:43:03,952 [s1@group-A8EB2453EBF5-LeaderStateImpl] TRACE segmented.SegmentedRaftLogCache (AutoCloseableReadWriteLock.java:logLocking(65)) - s1@group-A8EB2453EBF5: readLock ACQUIRED 1 by SegmentedRaftLogCache$LogSegmentList.getTermIndex
2022-08-09 05:43:03,952 [s1@group-A8EB2453EBF5-LeaderStateImpl] TRACE segmented.SegmentedRaftLogCache (AutoCloseableReadWriteLock.java:logLocking(65)) - s1@group-A8EB2453EBF5: readLock RELEASED 0 by SegmentedRaftLogCache$LogSegmentList.getTermIndex
2022-08-09 05:43:03,951 [Thread-465] TRACE segmented.SegmentedRaftLogCache (AutoCloseableReadWriteLock.java:logLocking(65)) - s0@group-A8EB2453EBF5: readLock ACQUIRED 1 by SegmentedRaftLogCache.getLastTermIndex
2022-08-09 05:43:03,952 [Thread-465] TRACE segmented.SegmentedRaftLogCache (AutoCloseableReadWriteLock.java:logLocking(65)) - s0@group-A8EB2453EBF5: readLock RELEASED 0 by SegmentedRaftLogCache.getLastTermIndex
2022-08-09 05:43:03,952 [Thread-481] TRACE segmented.SegmentedRaftLogCache (AutoCloseableReadWriteLock.java:logLocking(65)) - s2@group-A8EB2453EBF5: readLock ACQUIRED 1 by SegmentedRaftLogCache.computeTruncateIndices
2022-08-09 05:43:03,952 [Thread-481] TRACE segmented.SegmentedRaftLogCache (AutoCloseableReadWriteLock.java:logLocking(65)) -   s2@group-A8EB2453EBF5: readLock ACQUIRED 2 by SegmentedRaftLogCache$LogSegmentList.binarySearch
2022-08-09 05:43:03,952 [Thread-481] TRACE segmented.SegmentedRaftLogCache (AutoCloseableReadWriteLock.java:logLocking(65)) -   s2@group-A8EB2453EBF5: readLock RELEASED 1 by SegmentedRaftLogCache$LogSegmentList.binarySearch
2022-08-09 05:43:03,952 [Thread-481] TRACE segmented.SegmentedRaftLogCache (AutoCloseableReadWriteLock.java:logLocking(65)) -   s2@group-A8EB2453EBF5: readLock ACQUIRED 2 by SegmentedRaftLogCache$LogSegmentList.size
2022-08-09 05:43:03,952 [Thread-481] TRACE segmented.SegmentedRaftLogCache (AutoCloseableReadWriteLock.java:logLocking(65)) -   s2@group-A8EB2453EBF5: readLock RELEASED 1 by SegmentedRaftLogCache$LogSegmentList.size
2022-08-09 05:43:03,952 [Thread-481] TRACE segmented.SegmentedRaftLogCache (AutoCloseableReadWriteLock.java:logLocking(65)) - s2@group-A8EB2453EBF5: readLock RELEASED 0 by SegmentedRaftLogCache.computeTruncateIndices
2022-08-09 05:43:03,952 [Thread-481] DEBUG raftlog.RaftLog (SegmentedRaftLog.java:appendImpl(447)) - truncateIndex=-1, arrayIndex=0
2022-08-09 05:43:03,953 [Thread-481] TRACE segmented.SegmentedRaftLogCache (AutoCloseableReadWriteLock.java:logLocking(65)) - s2@group-A8EB2453EBF5: readLock ACQUIRED 1 by SegmentedRaftLogCache.getLastTermIndex
2022-08-09 05:43:03,953 [Thread-481] TRACE segmented.SegmentedRaftLogCache (AutoCloseableReadWriteLock.java:logLocking(65)) - s2@group-A8EB2453EBF5: readLock RELEASED 0 by SegmentedRaftLogCache.getLastTermIndex
2022-08-09 05:43:03,953 [Thread-481] TRACE segmented.SegmentedRaftLogCache (AutoCloseableReadWriteLock.java:logLocking(65)) - s2@group-A8EB2453EBF5: readLock ACQUIRED 1 by SegmentedRaftLogCache$LogSegmentList.countCached
2022-08-09 05:43:03,953 [Thread-481] TRACE segmented.SegmentedRaftLogCache (AutoCloseableReadWriteLock.java:logLocking(65)) - s2@group-A8EB2453EBF5: readLock RELEASED 0 by SegmentedRaftLogCache$LogSegmentList.countCached
2022-08-09 05:43:03,953 [Thread-481] TRACE segmented.SegmentedRaftLogCache (AutoCloseableReadWriteLock.java:logLocking(65)) - s2@group-A8EB2453EBF5: readLock ACQUIRED 1 by SegmentedRaftLogCache$LogSegmentList.getTotalCacheSize
2022-08-09 05:43:03,953 [Thread-481] TRACE segmented.SegmentedRaftLogCache (AutoCloseableReadWriteLock.java:logLocking(65)) - s2@group-A8EB2453EBF5: readLock RELEASED 0 by SegmentedRaftLogCache$LogSegmentList.getTotalCacheSize
2022-08-09 05:43:03,953 [Thread-481] DEBUG segmented.SegmentedRaftLogWorker (SegmentedRaftLogWorker.java:addIOTask(270)) - s2@group-A8EB2453EBF5-SegmentedRaftLogWorker adds IO task WriteLog:11: (t:1, i:11), STATEMACHINELOGENTRY, StateMachineLogEntryProto:167@client-65F24773FB27
2022-08-09 05:43:03,952 [s0@group-A8EB2453EBF5-SegmentedRaftLogWorker] DEBUG segmented.SegmentedRaftLogWorker (SegmentedRaftLogWorker.java:flushIfNecessary(365)) - s0@group-A8EB2453EBF5-SegmentedRaftLogWorker: flush SegmentedRaftLogOutputStream(/home/runner/work/ratis/ratis/ratis-test/target/test/data/2baaa1de/MiniRaftClusterWithSimulatedRpc3b4f24d4/s0/bbd46d57-59f4-4845-aaae-a8eb2453ebf5/current/log_inprogress_0)
2022-08-09 05:43:03,952 [Thread-465] TRACE segmented.SegmentedRaftLogCache (AutoCloseableReadWriteLock.java:logLocking(65)) - s0@group-A8EB2453EBF5: readLock ACQUIRED 1 by SegmentedRaftLogCache$LogSegmentList.countCached
2022-08-09 05:43:03,953 [Thread-465] TRACE segmented.SegmentedRaftLogCache (AutoCloseableReadWriteLock.java:logLocking(65)) - s0@group-A8EB2453EBF5: readLock RELEASED 0 by SegmentedRaftLogCache$LogSegmentList.countCached
2022-08-09 05:43:03,953 [s2@group-A8EB2453EBF5-SegmentedRaftLogWorker] DEBUG segmented.SegmentedRaftLogWorker (SegmentedRaftLogWorker.java:flushIfNecessary(365)) - s2@group-A8EB2453EBF5-SegmentedRaftLogWorker: flush SegmentedRaftLogOutputStream(/home/runner/work/ratis/ratis/ratis-test/target/test/data/2baaa1de/MiniRaftClusterWithSimulatedRpc3b4f24d4/s2/bbd46d57-59f4-4845-aaae-a8eb2453ebf5/current/log_inprogress_0)
2022-08-09 05:43:03,953 [Thread-465] TRACE segmented.SegmentedRaftLogCache (AutoCloseableReadWriteLock.java:logLocking(65)) - s0@group-A8EB2453EBF5: readLock ACQUIRED 1 by SegmentedRaftLogCache$LogSegmentList.getTotalCacheSize
2022-08-09 05:43:03,953 [Thread-465] TRACE segmented.SegmentedRaftLogCache (AutoCloseableReadWriteLock.java:logLocking(65)) - s0@group-A8EB2453EBF5: readLock RELEASED 0 by SegmentedRaftLogCache$LogSegmentList.getTotalCacheSize
2022-08-09 05:43:03,953 [Thread-465] DEBUG segmented.SegmentedRaftLogWorker (SegmentedRaftLogWorker.java:addIOTask(270)) - s0@group-A8EB2453EBF5-SegmentedRaftLogWorker adds IO task WriteLog:11: (t:1, i:11), STATEMACHINELOGENTRY, StateMachineLogEntryProto:167@client-65F24773FB27
2022-08-09 05:43:03,954 [s0@group-A8EB2453EBF5-SegmentedRaftLogWorker] DEBUG segmented.SegmentedRaftLogWorker (SegmentedRaftLogWorker.java:flushIfNecessary(365)) - s0@group-A8EB2453EBF5-SegmentedRaftLogWorker: flush SegmentedRaftLogOutputStream(/home/runner/work/ratis/ratis/ratis-test/target/test/data/2baaa1de/MiniRaftClusterWithSimulatedRpc3b4f24d4/s0/bbd46d57-59f4-4845-aaae-a8eb2453ebf5/current/log_inprogress_0)
2022-08-09 05:43:03,954 [s1@group-A8EB2453EBF5->s2-LogAppenderDefault-LogAppenderDaemon] TRACE segmented.SegmentedRaftLogCache (AutoCloseableReadWriteLock.java:logLocking(65)) - s1@group-A8EB2453EBF5: readLock ACQUIRED 1 by SegmentedRaftLogCache.getLastTermIndex
2022-08-09 05:43:03,954 [s1@group-A8EB2453EBF5->s2-LogAppenderDefault-LogAppenderDaemon] TRACE segmented.SegmentedRaftLogCache (AutoCloseableReadWriteLock.java:logLocking(65)) -   s1@group-A8EB2453EBF5: readLock RELEASED 1 by SegmentedRaftLogCache.getLastTermIndex
2022-08-09 05:43:03,954 [s1@group-A8EB2453EBF5-LeaderStateImpl] TRACE segmented.SegmentedRaftLogCache (AutoCloseableReadWriteLock.java:logLocking(65)) -   s1@group-A8EB2453EBF5: readLock ACQUIRED 2 by SegmentedRaftLogCache.getStartIndex
2022-08-09 05:43:03,954 [s1@group-A8EB2453EBF5-LeaderStateImpl] TRACE segmented.SegmentedRaftLogCache (AutoCloseableReadWriteLock.java:logLocking(65)) -   s1@group-A8EB2453EBF5: readLock ACQUIRED 2 by SegmentedRaftLogCache$LogSegmentList.isEmpty
2022-08-09 05:43:03,954 [s1@group-A8EB2453EBF5-LeaderStateImpl] TRACE segmented.SegmentedRaftLogCache (AutoCloseableReadWriteLock.java:logLocking(65)) -   s1@group-A8EB2453EBF5: readLock RELEASED 1 by SegmentedRaftLogCache$LogSegmentList.isEmpty
2022-08-09 05:43:03,954 [s1@group-A8EB2453EBF5-LeaderStateImpl] TRACE segmented.SegmentedRaftLogCache (AutoCloseableReadWriteLock.java:logLocking(65)) - s1@group-A8EB2453EBF5: readLock RELEASED 0 by SegmentedRaftLogCache.getStartIndex
2022-08-09 05:43:03,954 [s0@group-A8EB2453EBF5-StateMachineUpdater] INFO  statemachine.SimpleStateMachine4Testing (SimpleStateMachine4Testing.java:put(204)) - s0: put 9, m4 -> (t:1, i:9), STATEMACHINELOGENTRY, 164@client-65F24773FB27
2022-08-09 05:43:03,954 [s1@group-A8EB2453EBF5-LeaderStateImpl] TRACE segmented.SegmentedRaftLogCache (AutoCloseableReadWriteLock.java:logLocking(65)) - s1@group-A8EB2453EBF5: readLock ACQUIRED 1 by SegmentedRaftLogCache.getEndIndex
2022-08-09 05:43:03,954 [s1@group-A8EB2453EBF5-LeaderStateImpl] TRACE segmented.SegmentedRaftLogCache (AutoCloseableReadWriteLock.java:logLocking(65)) - s1@group-A8EB2453EBF5: readLock RELEASED 0 by SegmentedRaftLogCache.getEndIndex
2022-08-09 05:43:03,954 [s1@group-A8EB2453EBF5-LeaderStateImpl] TRACE segmented.SegmentedRaftLogCache (AutoCloseableReadWriteLock.java:logLocking(65)) - s1@group-A8EB2453EBF5: readLock ACQUIRED 1 by SegmentedRaftLogCache$LogSegmentList.getTermIndex
2022-08-09 05:43:03,954 [s1@group-A8EB2453EBF5-LeaderStateImpl] TRACE segmented.SegmentedRaftLogCache (AutoCloseableReadWriteLock.java:logLocking(65)) - s1@group-A8EB2453EBF5: readLock RELEASED 0 by SegmentedRaftLogCache$LogSegmentList.getTermIndex
2022-08-09 05:43:03,954 [s1@group-A8EB2453EBF5->s2-LogAppenderDefault-LogAppenderDaemon] TRACE segmented.SegmentedRaftLogCache (AutoCloseableReadWriteLock.java:logLocking(65)) -   s1@group-A8EB2453EBF5: readLock ACQUIRED 2 by SegmentedRaftLogCache.getLastTermIndex
2022-08-09 05:43:03,954 [s1@group-A8EB2453EBF5->s2-LogAppenderDefault-LogAppenderDaemon] TRACE segmented.SegmentedRaftLogCache (AutoCloseableReadWriteLock.java:logLocking(65)) -   s1@group-A8EB2453EBF5: readLock RELEASED 1 by SegmentedRaftLogCache.getLastTermIndex
2022-08-09 05:43:03,954 [s1@group-A8EB2453EBF5->s0-LogAppenderDefault-LogAppenderDaemon] TRACE segmented.SegmentedRaftLogCache (AutoCloseableReadWriteLock.java:logLocking(65)) - s1@group-A8EB2453EBF5: readLock ACQUIRED 1 by SegmentedRaftLogCache.getLastTermIndex
2022-08-09 05:43:03,954 [s1@group-A8EB2453EBF5->s0-LogAppenderDefault-LogAppenderDaemon] TRACE segmented.SegmentedRaftLogCache (AutoCloseableReadWriteLock.java:logLocking(65)) - s1@group-A8EB2453EBF5: readLock RELEASED 0 by SegmentedRaftLogCache.getLastTermIndex
2022-08-09 05:43:03,955 [s1@group-A8EB2453EBF5->s2-LogAppenderDefault-LogAppenderDaemon] TRACE segmented.SegmentedRaftLogCache (AutoCloseableReadWriteLock.java:logLocking(65)) - s1@group-A8EB2453EBF5: readLock ACQUIRED 1 by SegmentedRaftLogCache.getLastTermIndex
2022-08-09 05:43:03,955 [s1@group-A8EB2453EBF5->s2-LogAppenderDefault-LogAppenderDaemon] TRACE segmented.SegmentedRaftLogCache (AutoCloseableReadWriteLock.java:logLocking(65)) - s1@group-A8EB2453EBF5: readLock RELEASED 0 by SegmentedRaftLogCache.getLastTermIndex
2022-08-09 05:43:03,955 [s1@group-A8EB2453EBF5-LeaderStateImpl] TRACE segmented.SegmentedRaftLogCache (AutoCloseableReadWriteLock.java:logLocking(65)) - s1@group-A8EB2453EBF5: readLock ACQUIRED 1 by SegmentedRaftLogCache.getLastTermIndex
2022-08-09 05:43:03,955 [s1@group-A8EB2453EBF5-LeaderStateImpl] TRACE segmented.SegmentedRaftLogCache (AutoCloseableReadWriteLock.java:logLocking(65)) - s1@group-A8EB2453EBF5: readLock RELEASED 0 by SegmentedRaftLogCache.getLastTermIndex
2022-08-09 05:43:03,955 [s1@group-A8EB2453EBF5-LeaderStateImpl] TRACE segmented.SegmentedRaftLogCache (AutoCloseableReadWriteLock.java:logLocking(65)) - s1@group-A8EB2453EBF5: readLock ACQUIRED 1 by SegmentedRaftLogCache$LogSegmentList.countCached
2022-08-09 05:43:03,955 [s1@group-A8EB2453EBF5-LeaderStateImpl] TRACE segmented.SegmentedRaftLogCache (AutoCloseableReadWriteLock.java:logLocking(65)) - s1@group-A8EB2453EBF5: readLock RELEASED 0 by SegmentedRaftLogCache$LogSegmentList.countCached
2022-08-09 05:43:03,955 [s1@group-A8EB2453EBF5-LeaderStateImpl] TRACE segmented.SegmentedRaftLogCache (AutoCloseableReadWriteLock.java:logLocking(65)) - s1@group-A8EB2453EBF5: readLock ACQUIRED 1 by SegmentedRaftLogCache$LogSegmentList.getTotalCacheSize
2022-08-09 05:43:03,955 [s1@group-A8EB2453EBF5-LeaderStateImpl] TRACE segmented.SegmentedRaftLogCache (AutoCloseableReadWriteLock.java:logLocking(65)) - s1@group-A8EB2453EBF5: readLock RELEASED 0 by SegmentedRaftLogCache$LogSegmentList.getTotalCacheSize
2022-08-09 05:43:03,955 [s1@group-A8EB2453EBF5-LeaderStateImpl] DEBUG segmented.SegmentedRaftLogWorker (SegmentedRaftLogWorker.java:addIOTask(270)) - s1@group-A8EB2453EBF5-SegmentedRaftLogWorker adds IO task WriteLog:12: (t:1, i:12), METADATAENTRY(c:11)
2022-08-09 05:43:03,955 [s1@group-A8EB2453EBF5-SegmentedRaftLogWorker] DEBUG segmented.SegmentedRaftLogWorker (SegmentedRaftLogWorker.java:flushIfNecessary(365)) - s1@group-A8EB2453EBF5-SegmentedRaftLogWorker: flush SegmentedRaftLogOutputStream(/home/runner/work/ratis/ratis/ratis-test/target/test/data/2baaa1de/MiniRaftClusterWithSimulatedRpc3b4f24d4/s1/bbd46d57-59f4-4845-aaae-a8eb2453ebf5/current/log_inprogress_0)
2022-08-09 05:43:03,955 [s1@group-A8EB2453EBF5-StateMachineUpdater] INFO  statemachine.SimpleStateMachine4Testing (SimpleStateMachine4Testing.java:put(204)) - s1: put 11, m5 -> (t:1, i:11), STATEMACHINELOGENTRY, 167@client-65F24773FB27
2022-08-09 05:43:03,955 [s1@group-A8EB2453EBF5->s0-LogAppenderDefault-LogAppenderDaemon] TRACE segmented.SegmentedRaftLogCache (AutoCloseableReadWriteLock.java:logLocking(65)) - s1@group-A8EB2453EBF5: readLock ACQUIRED 1 by SegmentedRaftLogCache.getLastTermIndex
2022-08-09 05:43:03,955 [s1@group-A8EB2453EBF5->s0-LogAppenderDefault-LogAppenderDaemon] TRACE segmented.SegmentedRaftLogCache (AutoCloseableReadWriteLock.java:logLocking(65)) - s1@group-A8EB2453EBF5: readLock RELEASED 0 by SegmentedRaftLogCache.getLastTermIndex
2022-08-09 05:43:03,955 [s1@group-A8EB2453EBF5->s0-LogAppenderDefault-LogAppenderDaemon] TRACE segmented.SegmentedRaftLogCache (AutoCloseableReadWriteLock.java:logLocking(65)) - s1@group-A8EB2453EBF5: readLock ACQUIRED 1 by SegmentedRaftLogCache.getLastTermIndex
2022-08-09 05:43:03,955 [s1@group-A8EB2453EBF5->s0-LogAppenderDefault-LogAppenderDaemon] TRACE segmented.SegmentedRaftLogCache (AutoCloseableReadWriteLock.java:logLocking(65)) - s1@group-A8EB2453EBF5: readLock RELEASED 0 by SegmentedRaftLogCache.getLastTermIndex
2022-08-09 05:43:03,955 [s1@group-A8EB2453EBF5->s0-LogAppenderDefault-LogAppenderDaemon] TRACE segmented.SegmentedRaftLogCache (AutoCloseableReadWriteLock.java:logLocking(65)) - s1@group-A8EB2453EBF5: readLock ACQUIRED 1 by SegmentedRaftLogCache.getStartIndex
2022-08-09 05:43:03,955 [s1@group-A8EB2453EBF5->s0-LogAppenderDefault-LogAppenderDaemon] TRACE segmented.SegmentedRaftLogCache (AutoCloseableReadWriteLock.java:logLocking(65)) -   s1@group-A8EB2453EBF5: readLock ACQUIRED 2 by SegmentedRaftLogCache$LogSegmentList.isEmpty
2022-08-09 05:43:03,955 [s1@group-A8EB2453EBF5->s0-LogAppenderDefault-LogAppenderDaemon] TRACE segmented.SegmentedRaftLogCache (AutoCloseableReadWriteLock.java:logLocking(65)) -   s1@group-A8EB2453EBF5: readLock RELEASED 1 by SegmentedRaftLogCache$LogSegmentList.isEmpty
2022-08-09 05:43:03,955 [s1@group-A8EB2453EBF5->s0-LogAppenderDefault-LogAppenderDaemon] TRACE segmented.SegmentedRaftLogCache (AutoCloseableReadWriteLock.java:logLocking(65)) -   s1@group-A8EB2453EBF5: readLock RELEASED 1 by SegmentedRaftLogCache.getStartIndex
2022-08-09 05:43:03,955 [s1@group-A8EB2453EBF5->s2-LogAppenderDefault-LogAppenderDaemon] TRACE segmented.SegmentedRaftLogCache (AutoCloseableReadWriteLock.java:logLocking(65)) -   s1@group-A8EB2453EBF5: readLock ACQUIRED 2 by SegmentedRaftLogCache.getLastTermIndex
2022-08-09 05:43:03,956 [s1@group-A8EB2453EBF5->s2-LogAppenderDefault-LogAppenderDaemon] TRACE segmented.SegmentedRaftLogCache (AutoCloseableReadWriteLock.java:logLocking(65)) -   s1@group-A8EB2453EBF5: readLock RELEASED 1 by SegmentedRaftLogCache.getLastTermIndex
2022-08-09 05:43:03,955 [s1@group-A8EB2453EBF5->s0-LogAppenderDefault-LogAppenderDaemon] TRACE segmented.SegmentedRaftLogCache (AutoCloseableReadWriteLock.java:logLocking(65)) -   s1@group-A8EB2453EBF5: readLock ACQUIRED 2 by SegmentedRaftLogCache.getLastTermIndex
2022-08-09 05:43:03,956 [s1@group-A8EB2453EBF5->s0-LogAppenderDefault-LogAppenderDaemon] TRACE segmented.SegmentedRaftLogCache (AutoCloseableReadWriteLock.java:logLocking(65)) -   s1@group-A8EB2453EBF5: readLock RELEASED 1 by SegmentedRaftLogCache.getLastTermIndex
2022-08-09 05:43:03,956 [s1@group-A8EB2453EBF5->s2-LogAppenderDefault-LogAppenderDaemon] TRACE segmented.SegmentedRaftLogCache (AutoCloseableReadWriteLock.java:logLocking(65)) -   s1@group-A8EB2453EBF5: readLock ACQUIRED 2 by SegmentedRaftLogCache.getLastTermIndex
2022-08-09 05:43:03,956 [s1@group-A8EB2453EBF5->s2-LogAppenderDefault-LogAppenderDaemon] TRACE segmented.SegmentedRaftLogCache (AutoCloseableReadWriteLock.java:logLocking(65)) - s1@group-A8EB2453EBF5: readLock RELEASED 0 by SegmentedRaftLogCache.getLastTermIndex
2022-08-09 05:43:03,956 [Thread-466] TRACE segmented.SegmentedRaftLogCache (AutoCloseableReadWriteLock.java:logLocking(65)) - s0@group-A8EB2453EBF5: readLock ACQUIRED 1 by SegmentedRaftLogCache.computeTruncateIndices
2022-08-09 05:43:03,956 [Thread-466] TRACE segmented.SegmentedRaftLogCache (AutoCloseableReadWriteLock.java:logLocking(65)) -   s0@group-A8EB2453EBF5: readLock ACQUIRED 2 by SegmentedRaftLogCache$LogSegmentList.binarySearch
2022-08-09 05:43:03,956 [Thread-466] TRACE segmented.SegmentedRaftLogCache (AutoCloseableReadWriteLock.java:logLocking(65)) -   s0@group-A8EB2453EBF5: readLock RELEASED 1 by SegmentedRaftLogCache$LogSegmentList.binarySearch
2022-08-09 05:43:03,956 [Thread-466] TRACE segmented.SegmentedRaftLogCache (AutoCloseableReadWriteLock.java:logLocking(65)) -   s0@group-A8EB2453EBF5: readLock ACQUIRED 2 by SegmentedRaftLogCache$LogSegmentList.size
2022-08-09 05:43:03,956 [Thread-466] TRACE segmented.SegmentedRaftLogCache (AutoCloseableReadWriteLock.java:logLocking(65)) -   s0@group-A8EB2453EBF5: readLock RELEASED 1 by SegmentedRaftLogCache$LogSegmentList.size
2022-08-09 05:43:03,956 [Thread-466] TRACE segmented.SegmentedRaftLogCache (AutoCloseableReadWriteLock.java:logLocking(65)) - s0@group-A8EB2453EBF5: readLock RELEASED 0 by SegmentedRaftLogCache.computeTruncateIndices
2022-08-09 05:43:03,956 [Thread-466] DEBUG raftlog.RaftLog (SegmentedRaftLog.java:appendImpl(447)) - truncateIndex=-1, arrayIndex=0
2022-08-09 05:43:03,956 [Thread-466] TRACE segmented.SegmentedRaftLogCache (AutoCloseableReadWriteLock.java:logLocking(65)) - s0@group-A8EB2453EBF5: readLock ACQUIRED 1 by SegmentedRaftLogCache$LogSegmentList.countCached
2022-08-09 05:43:03,956 [Thread-466] TRACE segmented.SegmentedRaftLogCache (AutoCloseableReadWriteLock.java:logLocking(65)) - s0@group-A8EB2453EBF5: readLock RELEASED 0 by SegmentedRaftLogCache$LogSegmentList.countCached
2022-08-09 05:43:03,957 [Thread-466] TRACE segmented.SegmentedRaftLogCache (AutoCloseableReadWriteLock.java:logLocking(65)) - s0@group-A8EB2453EBF5: readLock ACQUIRED 1 by SegmentedRaftLogCache$LogSegmentList.getTotalCacheSize
2022-08-09 05:43:03,957 [Thread-466] TRACE segmented.SegmentedRaftLogCache (AutoCloseableReadWriteLock.java:logLocking(65)) - s0@group-A8EB2453EBF5: readLock RELEASED 0 by SegmentedRaftLogCache$LogSegmentList.getTotalCacheSize
2022-08-09 05:43:03,957 [Thread-466] DEBUG segmented.SegmentedRaftLogWorker (SegmentedRaftLogWorker.java:addIOTask(270)) - s0@group-A8EB2453EBF5-SegmentedRaftLogWorker adds IO task WriteLog:12: (t:1, i:12), METADATAENTRY(c:11)
2022-08-09 05:43:03,957 [s0@group-A8EB2453EBF5-SegmentedRaftLogWorker] DEBUG segmented.SegmentedRaftLogWorker (SegmentedRaftLogWorker.java:flushIfNecessary(365)) - s0@group-A8EB2453EBF5-SegmentedRaftLogWorker: flush SegmentedRaftLogOutputStream(/home/runner/work/ratis/ratis/ratis-test/target/test/data/2baaa1de/MiniRaftClusterWithSimulatedRpc3b4f24d4/s0/bbd46d57-59f4-4845-aaae-a8eb2453ebf5/current/log_inprogress_0)
2022-08-09 05:43:03,957 [s1@group-A8EB2453EBF5->s2-LogAppenderDefault-LogAppenderDaemon] TRACE segmented.SegmentedRaftLogCache (AutoCloseableReadWriteLock.java:logLocking(65)) -   s1@group-A8EB2453EBF5: readLock ACQUIRED 2 by SegmentedRaftLogCache.getStartIndex
2022-08-09 05:43:03,957 [s1-client-thread1] TRACE segmented.SegmentedRaftLogCache (AutoCloseableReadWriteLock.java:logLocking(65)) - s1@group-A8EB2453EBF5: readLock ACQUIRED 1 by SegmentedRaftLogCache.getLastTermIndex
2022-08-09 05:43:03,957 [s1-client-thread1] TRACE segmented.SegmentedRaftLogCache (AutoCloseableReadWriteLock.java:logLocking(65)) -   s1@group-A8EB2453EBF5: readLock RELEASED 1 by SegmentedRaftLogCache.getLastTermIndex
2022-08-09 05:43:03,957 [s1-client-thread1] TRACE segmented.SegmentedRaftLogCache (AutoCloseableReadWriteLock.java:logLocking(65)) -   s1@group-A8EB2453EBF5: readLock ACQUIRED 2 by SegmentedRaftLogCache.getLastTermIndex
2022-08-09 05:43:03,957 [s1-client-thread1] TRACE segmented.SegmentedRaftLogCache (AutoCloseableReadWriteLock.java:logLocking(65)) -   s1@group-A8EB2453EBF5: readLock RELEASED 1 by SegmentedRaftLogCache.getLastTermIndex
2022-08-09 05:43:03,957 [s1-client-thread1] TRACE segmented.SegmentedRaftLogCache (AutoCloseableReadWriteLock.java:logLocking(65)) -   s1@group-A8EB2453EBF5: readLock ACQUIRED 2 by SegmentedRaftLogCache$LogSegmentList.countCached
2022-08-09 05:43:03,957 [s1-client-thread1] TRACE segmented.SegmentedRaftLogCache (AutoCloseableReadWriteLock.java:logLocking(65)) -   s1@group-A8EB2453EBF5: readLock RELEASED 1 by SegmentedRaftLogCache$LogSegmentList.countCached
2022-08-09 05:43:03,957 [s1-client-thread1] TRACE segmented.SegmentedRaftLogCache (AutoCloseableReadWriteLock.java:logLocking(65)) -   s1@group-A8EB2453EBF5: readLock ACQUIRED 2 by SegmentedRaftLogCache$LogSegmentList.getTotalCacheSize
2022-08-09 05:43:03,957 [s1-client-thread1] TRACE segmented.SegmentedRaftLogCache (AutoCloseableReadWriteLock.java:logLocking(65)) -   s1@group-A8EB2453EBF5: readLock RELEASED 1 by SegmentedRaftLogCache$LogSegmentList.getTotalCacheSize
2022-08-09 05:43:03,957 [s0@group-A8EB2453EBF5-StateMachineUpdater] INFO  statemachine.SimpleStateMachine4Testing (SimpleStateMachine4Testing.java:put(204)) - s0: put 11, m5 -> (t:1, i:11), STATEMACHINELOGENTRY, 167@client-65F24773FB27
2022-08-09 05:43:03,957 [s1-client-thread1] DEBUG segmented.SegmentedRaftLogWorker (SegmentedRaftLogWorker.java:addIOTask(270)) - s1@group-A8EB2453EBF5-SegmentedRaftLogWorker adds IO task WriteLog:13: (t:1, i:13), STATEMACHINELOGENTRY, StateMachineLogEntryProto:172@client-65F24773FB27
2022-08-09 05:43:03,958 [s1@group-A8EB2453EBF5->s2-LogAppenderDefault-LogAppenderDaemon] TRACE segmented.SegmentedRaftLogCache (AutoCloseableReadWriteLock.java:logLocking(65)) -   s1@group-A8EB2453EBF5: readLock ACQUIRED 2 by SegmentedRaftLogCache$LogSegmentList.isEmpty
2022-08-09 05:43:03,958 [s1@group-A8EB2453EBF5->s2-LogAppenderDefault-LogAppenderDaemon] TRACE segmented.SegmentedRaftLogCache (AutoCloseableReadWriteLock.java:logLocking(65)) -   s1@group-A8EB2453EBF5: readLock RELEASED 1 by SegmentedRaftLogCache$LogSegmentList.isEmpty
2022-08-09 05:43:03,958 [s1@group-A8EB2453EBF5->s2-LogAppenderDefault-LogAppenderDaemon] TRACE segmented.SegmentedRaftLogCache (AutoCloseableReadWriteLock.java:logLocking(65)) - s1@group-A8EB2453EBF5: readLock RELEASED 0 by SegmentedRaftLogCache.getStartIndex
2022-08-09 05:43:03,958 [s1@group-A8EB2453EBF5-SegmentedRaftLogWorker] DEBUG segmented.SegmentedRaftLogWorker (SegmentedRaftLogWorker.java:flushIfNecessary(365)) - s1@group-A8EB2453EBF5-SegmentedRaftLogWorker: flush SegmentedRaftLogOutputStream(/home/runner/work/ratis/ratis/ratis-test/target/test/data/2baaa1de/MiniRaftClusterWithSimulatedRpc3b4f24d4/s1/bbd46d57-59f4-4845-aaae-a8eb2453ebf5/current/log_inprogress_0)
2022-08-09 05:43:03,958 [s1@group-A8EB2453EBF5->s2-LogAppenderDefault-LogAppenderDaemon] TRACE segmented.SegmentedRaftLogCache (AutoCloseableReadWriteLock.java:logLocking(65)) -     s1@group-A8EB2453EBF5: readLock ACQUIRED 3 by SegmentedRaftLogCache.getLastTermIndex
2022-08-09 05:43:03,958 [s1@group-A8EB2453EBF5-LeaderStateImpl] TRACE segmented.SegmentedRaftLogCache (AutoCloseableReadWriteLock.java:logLocking(65)) -   s1@group-A8EB2453EBF5: readLock ACQUIRED 2 by SegmentedRaftLogCache.getStartIndex
2022-08-09 05:43:03,958 [s1@group-A8EB2453EBF5->s0-LogAppenderDefault-LogAppenderDaemon] TRACE segmented.SegmentedRaftLogCache (AutoCloseableReadWriteLock.java:logLocking(65)) - s1@group-A8EB2453EBF5: readLock ACQUIRED 1 by SegmentedRaftLogCache.getLastTermIndex
2022-08-09 05:43:03,958 [s1@group-A8EB2453EBF5->s0-LogAppenderDefault-LogAppenderDaemon] TRACE segmented.SegmentedRaftLogCache (AutoCloseableReadWriteLock.java:logLocking(65)) -     s1@group-A8EB2453EBF5: readLock RELEASED 2 by SegmentedRaftLogCache.getLastTermIndex
2022-08-09 05:43:03,958 [s1@group-A8EB2453EBF5->s2-LogAppenderDefault-LogAppenderDaemon] TRACE segmented.SegmentedRaftLogCache (AutoCloseableReadWriteLock.java:logLocking(65)) -       s1@group-A8EB2453EBF5: readLock RELEASED 3 by SegmentedRaftLogCache.getLastTermIndex
2022-08-09 05:43:03,958 [s1@group-A8EB2453EBF5-LeaderStateImpl] TRACE segmented.SegmentedRaftLogCache (AutoCloseableReadWriteLock.java:logLocking(65)) -       s1@group-A8EB2453EBF5: readLock ACQUIRED 4 by SegmentedRaftLogCache$LogSegmentList.isEmpty
2022-08-09 05:43:03,958 [s1@group-A8EB2453EBF5-LeaderStateImpl] TRACE segmented.SegmentedRaftLogCache (AutoCloseableReadWriteLock.java:logLocking(65)) -     s1@group-A8EB2453EBF5: readLock RELEASED 2 by SegmentedRaftLogCache$LogSegmentList.isEmpty
2022-08-09 05:43:03,958 [s1@group-A8EB2453EBF5-LeaderStateImpl] TRACE segmented.SegmentedRaftLogCache (AutoCloseableReadWriteLock.java:logLocking(65)) -   s1@group-A8EB2453EBF5: readLock RELEASED 1 by SegmentedRaftLogCache.getStartIndex
2022-08-09 05:43:03,958 [s1@group-A8EB2453EBF5->s0-LogAppenderDefault-LogAppenderDaemon] TRACE segmented.SegmentedRaftLogCache (AutoCloseableReadWriteLock.java:logLocking(65)) -     s1@group-A8EB2453EBF5: readLock ACQUIRED 3 by SegmentedRaftLogCache.getLastTermIndex
2022-08-09 05:43:03,958 [s1@group-A8EB2453EBF5->s0-LogAppenderDefault-LogAppenderDaemon] TRACE segmented.SegmentedRaftLogCache (AutoCloseableReadWriteLock.java:logLocking(65)) -   s1@group-A8EB2453EBF5: readLock RELEASED 1 by SegmentedRaftLogCache.getLastTermIndex
2022-08-09 05:43:03,958 [s1@group-A8EB2453EBF5->s0-LogAppenderDefault-LogAppenderDaemon] TRACE segmented.SegmentedRaftLogCache (AutoCloseableReadWriteLock.java:logLocking(65)) -   s1@group-A8EB2453EBF5: readLock ACQUIRED 2 by SegmentedRaftLogCache.getLastTermIndex
2022-08-09 05:43:03,958 [s1@group-A8EB2453EBF5->s0-LogAppenderDefault-LogAppenderDaemon] TRACE segmented.SegmentedRaftLogCache (AutoCloseableReadWriteLock.java:logLocking(65)) -   s1@group-A8EB2453EBF5: readLock RELEASED 1 by SegmentedRaftLogCache.getLastTermIndex
2022-08-09 05:43:03,958 [s1@group-A8EB2453EBF5->s0-LogAppenderDefault-LogAppenderDaemon] TRACE segmented.SegmentedRaftLogCache (AutoCloseableReadWriteLock.java:logLocking(65)) -   s1@group-A8EB2453EBF5: readLock ACQUIRED 2 by SegmentedRaftLogCache.getStartIndex
2022-08-09 05:43:03,958 [s1@group-A8EB2453EBF5->s0-LogAppenderDefault-LogAppenderDaemon] TRACE segmented.SegmentedRaftLogCache (AutoCloseableReadWriteLock.java:logLocking(65)) -     s1@group-A8EB2453EBF5: readLock ACQUIRED 3 by SegmentedRaftLogCache$LogSegmentList.isEmpty
2022-08-09 05:43:03,958 [s1@group-A8EB2453EBF5->s0-LogAppenderDefault-LogAppenderDaemon] TRACE segmented.SegmentedRaftLogCache (AutoCloseableReadWriteLock.java:logLocking(65)) -     s1@group-A8EB2453EBF5: readLock RELEASED 2 by SegmentedRaftLogCache$LogSegmentList.isEmpty
2022-08-09 05:43:03,958 [s1@group-A8EB2453EBF5->s0-LogAppenderDefault-LogAppenderDaemon] TRACE segmented.SegmentedRaftLogCache (AutoCloseableReadWriteLock.java:logLocking(65)) -   s1@group-A8EB2453EBF5: readLock RELEASED 1 by SegmentedRaftLogCache.getStartIndex
2022-08-09 05:43:03,959 [s1@group-A8EB2453EBF5->s0-LogAppenderDefault-LogAppenderDaemon] TRACE segmented.SegmentedRaftLogCache (AutoCloseableReadWriteLock.java:logLocking(65)) -   s1@group-A8EB2453EBF5: readLock ACQUIRED 2 by SegmentedRaftLogCache.getLastTermIndex
2022-08-09 05:43:03,959 [s1@group-A8EB2453EBF5->s0-LogAppenderDefault-LogAppenderDaemon] TRACE segmented.SegmentedRaftLogCache (AutoCloseableReadWriteLock.java:logLocking(65)) -   s1@group-A8EB2453EBF5: readLock RELEASED 1 by SegmentedRaftLogCache.getLastTermIndex
2022-08-09 05:43:03,959 [Thread-479] TRACE segmented.SegmentedRaftLogCache (AutoCloseableReadWriteLock.java:logLocking(65)) - s2@group-A8EB2453EBF5: readLock ACQUIRED 1 by SegmentedRaftLogCache.computeTruncateIndices
2022-08-09 05:43:03,959 [Thread-479] TRACE segmented.SegmentedRaftLogCache (AutoCloseableReadWriteLock.java:logLocking(65)) -   s2@group-A8EB2453EBF5: readLock ACQUIRED 2 by SegmentedRaftLogCache$LogSegmentList.binarySearch
2022-08-09 05:43:03,959 [Thread-479] TRACE segmented.SegmentedRaftLogCache (AutoCloseableReadWriteLock.java:logLocking(65)) -   s2@group-A8EB2453EBF5: readLock RELEASED 1 by SegmentedRaftLogCache$LogSegmentList.binarySearch
2022-08-09 05:43:03,959 [Thread-479] TRACE segmented.SegmentedRaftLogCache (AutoCloseableReadWriteLock.java:logLocking(65)) -   s2@group-A8EB2453EBF5: readLock ACQUIRED 2 by SegmentedRaftLogCache$LogSegmentList.size
2022-08-09 05:43:03,959 [Thread-479] TRACE segmented.SegmentedRaftLogCache (AutoCloseableReadWriteLock.java:logLocking(65)) -   s2@group-A8EB2453EBF5: readLock RELEASED 1 by SegmentedRaftLogCache$LogSegmentList.size
2022-08-09 05:43:03,959 [Thread-479] TRACE segmented.SegmentedRaftLogCache (AutoCloseableReadWriteLock.java:logLocking(65)) - s2@group-A8EB2453EBF5: readLock RELEASED 0 by SegmentedRaftLogCache.computeTruncateIndices
2022-08-09 05:43:03,959 [Thread-479] DEBUG raftlog.RaftLog (SegmentedRaftLog.java:appendImpl(447)) - truncateIndex=-1, arrayIndex=0
2022-08-09 05:43:03,959 [Thread-479] TRACE segmented.SegmentedRaftLogCache (AutoCloseableReadWriteLock.java:logLocking(65)) - s2@group-A8EB2453EBF5: readLock ACQUIRED 1 by SegmentedRaftLogCache$LogSegmentList.countCached
2022-08-09 05:43:03,959 [Thread-479] TRACE segmented.SegmentedRaftLogCache (AutoCloseableReadWriteLock.java:logLocking(65)) - s2@group-A8EB2453EBF5: readLock RELEASED 0 by SegmentedRaftLogCache$LogSegmentList.countCached
2022-08-09 05:43:03,959 [Thread-479] TRACE segmented.SegmentedRaftLogCache (AutoCloseableReadWriteLock.java:logLocking(65)) - s2@group-A8EB2453EBF5: readLock ACQUIRED 1 by SegmentedRaftLogCache$LogSegmentList.getTotalCacheSize
2022-08-09 05:43:03,959 [Thread-479] TRACE segmented.SegmentedRaftLogCache (AutoCloseableReadWriteLock.java:logLocking(65)) - s2@group-A8EB2453EBF5: readLock RELEASED 0 by SegmentedRaftLogCache$LogSegmentList.getTotalCacheSize
2022-08-09 05:43:03,959 [Thread-479] DEBUG segmented.SegmentedRaftLogWorker (SegmentedRaftLogWorker.java:addIOTask(270)) - s2@group-A8EB2453EBF5-SegmentedRaftLogWorker adds IO task WriteLog:12: (t:1, i:12), METADATAENTRY(c:11)
2022-08-09 05:43:03,959 [Thread-479] TRACE segmented.SegmentedRaftLogCache (AutoCloseableReadWriteLock.java:logLocking(65)) - s2@group-A8EB2453EBF5: readLock ACQUIRED 1 by SegmentedRaftLogCache.getLastTermIndex
2022-08-09 05:43:03,959 [Thread-479] TRACE segmented.SegmentedRaftLogCache (AutoCloseableReadWriteLock.java:logLocking(65)) - s2@group-A8EB2453EBF5: readLock RELEASED 0 by SegmentedRaftLogCache.getLastTermIndex
2022-08-09 05:43:03,960 [Thread-479] TRACE segmented.SegmentedRaftLogCache (AutoCloseableReadWriteLock.java:logLocking(65)) - s2@group-A8EB2453EBF5: readLock ACQUIRED 1 by SegmentedRaftLogCache$LogSegmentList.countCached
2022-08-09 05:43:03,960 [Thread-479] TRACE segmented.SegmentedRaftLogCache (AutoCloseableReadWriteLock.java:logLocking(65)) - s2@group-A8EB2453EBF5: readLock RELEASED 0 by SegmentedRaftLogCache$LogSegmentList.countCached
2022-08-09 05:43:03,960 [Thread-479] TRACE segmented.SegmentedRaftLogCache (AutoCloseableReadWriteLock.java:logLocking(65)) - s2@group-A8EB2453EBF5: readLock ACQUIRED 1 by SegmentedRaftLogCache$LogSegmentList.getTotalCacheSize
2022-08-09 05:43:03,960 [Thread-479] TRACE segmented.SegmentedRaftLogCache (AutoCloseableReadWriteLock.java:logLocking(65)) - s2@group-A8EB2453EBF5: readLock RELEASED 0 by SegmentedRaftLogCache$LogSegmentList.getTotalCacheSize
2022-08-09 05:43:03,960 [Thread-479] DEBUG segmented.SegmentedRaftLogWorker (SegmentedRaftLogWorker.java:addIOTask(270)) - s2@group-A8EB2453EBF5-SegmentedRaftLogWorker adds IO task WriteLog:13: (t:1, i:13), STATEMACHINELOGENTRY, StateMachineLogEntryProto:172@client-65F24773FB27
2022-08-09 05:43:03,960 [s2@group-A8EB2453EBF5-SegmentedRaftLogWorker] DEBUG segmented.SegmentedRaftLogWorker (SegmentedRaftLogWorker.java:flushIfNecessary(365)) - s2@group-A8EB2453EBF5-SegmentedRaftLogWorker: flush SegmentedRaftLogOutputStream(/home/runner/work/ratis/ratis/ratis-test/target/test/data/2baaa1de/MiniRaftClusterWithSimulatedRpc3b4f24d4/s2/bbd46d57-59f4-4845-aaae-a8eb2453ebf5/current/log_inprogress_0)
2022-08-09 05:43:03,958 [s1@group-A8EB2453EBF5-LeaderStateImpl] TRACE segmented.SegmentedRaftLogCache (AutoCloseableReadWriteLock.java:logLocking(65)) -   s1@group-A8EB2453EBF5: readLock ACQUIRED 2 by SegmentedRaftLogCache.getEndIndex
2022-08-09 05:43:03,960 [s1@group-A8EB2453EBF5-LeaderStateImpl] TRACE segmented.SegmentedRaftLogCache (AutoCloseableReadWriteLock.java:logLocking(65)) - s1@group-A8EB2453EBF5: readLock RELEASED 0 by SegmentedRaftLogCache.getEndIndex
2022-08-09 05:43:03,960 [s1@group-A8EB2453EBF5-LeaderStateImpl] TRACE segmented.SegmentedRaftLogCache (AutoCloseableReadWriteLock.java:logLocking(65)) - s1@group-A8EB2453EBF5: readLock ACQUIRED 1 by SegmentedRaftLogCache$LogSegmentList.getTermIndex
2022-08-09 05:43:03,960 [s1@group-A8EB2453EBF5-LeaderStateImpl] TRACE segmented.SegmentedRaftLogCache (AutoCloseableReadWriteLock.java:logLocking(65)) - s1@group-A8EB2453EBF5: readLock RELEASED 0 by SegmentedRaftLogCache$LogSegmentList.getTermIndex
2022-08-09 05:43:03,961 [s2@group-A8EB2453EBF5-StateMachineUpdater] INFO  statemachine.SimpleStateMachine4Testing (SimpleStateMachine4Testing.java:put(204)) - s2: put 11, m5 -> (t:1, i:11), STATEMACHINELOGENTRY, 167@client-65F24773FB27
2022-08-09 05:43:03,961 [s1@group-A8EB2453EBF5->s2-LogAppenderDefault-LogAppenderDaemon] TRACE segmented.SegmentedRaftLogCache (AutoCloseableReadWriteLock.java:logLocking(65)) - s1@group-A8EB2453EBF5: readLock ACQUIRED 1 by SegmentedRaftLogCache.getLastTermIndex
2022-08-09 05:43:03,961 [s1@group-A8EB2453EBF5->s2-LogAppenderDefault-LogAppenderDaemon] TRACE segmented.SegmentedRaftLogCache (AutoCloseableReadWriteLock.java:logLocking(65)) -   s1@group-A8EB2453EBF5: readLock RELEASED 1 by SegmentedRaftLogCache.getLastTermIndex
2022-08-09 05:43:03,961 [s1@group-A8EB2453EBF5-LeaderStateImpl] TRACE segmented.SegmentedRaftLogCache (AutoCloseableReadWriteLock.java:logLocking(65)) -   s1@group-A8EB2453EBF5: readLock ACQUIRED 2 by SegmentedRaftLogCache.getStartIndex
2022-08-09 05:43:03,961 [Thread-464] TRACE segmented.SegmentedRaftLogCache (AutoCloseableReadWriteLock.java:logLocking(65)) - s0@group-A8EB2453EBF5: readLock ACQUIRED 1 by SegmentedRaftLogCache.computeTruncateIndices
2022-08-09 05:43:03,961 [s1@group-A8EB2453EBF5-LeaderStateImpl] TRACE segmented.SegmentedRaftLogCache (AutoCloseableReadWriteLock.java:logLocking(65)) -   s1@group-A8EB2453EBF5: readLock ACQUIRED 2 by SegmentedRaftLogCache$LogSegmentList.isEmpty
2022-08-09 05:43:03,961 [s1@group-A8EB2453EBF5-LeaderStateImpl] TRACE segmented.SegmentedRaftLogCache (AutoCloseableReadWriteLock.java:logLocking(65)) -   s1@group-A8EB2453EBF5: readLock RELEASED 1 by SegmentedRaftLogCache$LogSegmentList.isEmpty
2022-08-09 05:43:03,961 [s1@group-A8EB2453EBF5-LeaderStateImpl] TRACE segmented.SegmentedRaftLogCache (AutoCloseableReadWriteLock.java:logLocking(65)) - s1@group-A8EB2453EBF5: readLock RELEASED 0 by SegmentedRaftLogCache.getStartIndex
2022-08-09 05:43:03,961 [Thread-464] TRACE segmented.SegmentedRaftLogCache (AutoCloseableReadWriteLock.java:logLocking(65)) -   s0@group-A8EB2453EBF5: readLock ACQUIRED 2 by SegmentedRaftLogCache$LogSegmentList.binarySearch
2022-08-09 05:43:03,961 [Thread-464] TRACE segmented.SegmentedRaftLogCache (AutoCloseableReadWriteLock.java:logLocking(65)) -   s0@group-A8EB2453EBF5: readLock RELEASED 1 by SegmentedRaftLogCache$LogSegmentList.binarySearch
2022-08-09 05:43:03,961 [s1@group-A8EB2453EBF5-LeaderStateImpl] TRACE segmented.SegmentedRaftLogCache (AutoCloseableReadWriteLock.java:logLocking(65)) - s1@group-A8EB2453EBF5: readLock ACQUIRED 1 by SegmentedRaftLogCache.getEndIndex
2022-08-09 05:43:03,961 [s1@group-A8EB2453EBF5-LeaderStateImpl] TRACE segmented.SegmentedRaftLogCache (AutoCloseableReadWriteLock.java:logLocking(65)) - s1@group-A8EB2453EBF5: readLock RELEASED 0 by SegmentedRaftLogCache.getEndIndex
2022-08-09 05:43:03,961 [Thread-464] TRACE segmented.SegmentedRaftLogCache (AutoCloseableReadWriteLock.java:logLocking(65)) -   s0@group-A8EB2453EBF5: readLock ACQUIRED 2 by SegmentedRaftLogCache$LogSegmentList.size
2022-08-09 05:43:03,961 [Thread-464] TRACE segmented.SegmentedRaftLogCache (AutoCloseableReadWriteLock.java:logLocking(65)) -   s0@group-A8EB2453EBF5: readLock RELEASED 1 by SegmentedRaftLogCache$LogSegmentList.size
2022-08-09 05:43:03,961 [Thread-464] TRACE segmented.SegmentedRaftLogCache (AutoCloseableReadWriteLock.java:logLocking(65)) - s0@group-A8EB2453EBF5: readLock RELEASED 0 by SegmentedRaftLogCache.computeTruncateIndices
2022-08-09 05:43:03,962 [Thread-464] DEBUG raftlog.RaftLog (SegmentedRaftLog.java:appendImpl(447)) - truncateIndex=-1, arrayIndex=0
2022-08-09 05:43:03,961 [s1@group-A8EB2453EBF5-LeaderStateImpl] TRACE segmented.SegmentedRaftLogCache (AutoCloseableReadWriteLock.java:logLocking(65)) - s1@group-A8EB2453EBF5: readLock ACQUIRED 1 by SegmentedRaftLogCache$LogSegmentList.getTermIndex
2022-08-09 05:43:03,962 [Thread-464] TRACE segmented.SegmentedRaftLogCache (AutoCloseableReadWriteLock.java:logLocking(65)) - s0@group-A8EB2453EBF5: readLock ACQUIRED 1 by SegmentedRaftLogCache.getLastTermIndex
2022-08-09 05:43:03,962 [Thread-464] TRACE segmented.SegmentedRaftLogCache (AutoCloseableReadWriteLock.java:logLocking(65)) - s0@group-A8EB2453EBF5: readLock RELEASED 0 by SegmentedRaftLogCache.getLastTermIndex
2022-08-09 05:43:03,962 [s1@group-A8EB2453EBF5-LeaderStateImpl] TRACE segmented.SegmentedRaftLogCache (AutoCloseableReadWriteLock.java:logLocking(65)) - s1@group-A8EB2453EBF5: readLock RELEASED 0 by SegmentedRaftLogCache$LogSegmentList.getTermIndex
2022-08-09 05:43:03,962 [Thread-464] TRACE segmented.SegmentedRaftLogCache (AutoCloseableReadWriteLock.java:logLocking(65)) - s0@group-A8EB2453EBF5: readLock ACQUIRED 1 by SegmentedRaftLogCache$LogSegmentList.countCached
2022-08-09 05:43:03,962 [Thread-464] TRACE segmented.SegmentedRaftLogCache (AutoCloseableReadWriteLock.java:logLocking(65)) - s0@group-A8EB2453EBF5: readLock RELEASED 0 by SegmentedRaftLogCache$LogSegmentList.countCached
2022-08-09 05:43:03,962 [s1@group-A8EB2453EBF5-StateMachineUpdater] INFO  statemachine.SimpleStateMachine4Testing (SimpleStateMachine4Testing.java:put(204)) - s1: put 13, m6 -> (t:1, i:13), STATEMACHINELOGENTRY, 172@client-65F24773FB27
2022-08-09 05:43:03,962 [Thread-464] TRACE segmented.SegmentedRaftLogCache (AutoCloseableReadWriteLock.java:logLocking(65)) - s0@group-A8EB2453EBF5: readLock ACQUIRED 1 by SegmentedRaftLogCache$LogSegmentList.getTotalCacheSize
2022-08-09 05:43:03,962 [Thread-464] TRACE segmented.SegmentedRaftLogCache (AutoCloseableReadWriteLock.java:logLocking(65)) - s0@group-A8EB2453EBF5: readLock RELEASED 0 by SegmentedRaftLogCache$LogSegmentList.getTotalCacheSize
2022-08-09 05:43:03,962 [Thread-464] DEBUG segmented.SegmentedRaftLogWorker (SegmentedRaftLogWorker.java:addIOTask(270)) - s0@group-A8EB2453EBF5-SegmentedRaftLogWorker adds IO task WriteLog:13: (t:1, i:13), STATEMACHINELOGENTRY, StateMachineLogEntryProto:172@client-65F24773FB27
2022-08-09 05:43:03,962 [s1@group-A8EB2453EBF5-LeaderStateImpl] TRACE segmented.SegmentedRaftLogCache (AutoCloseableReadWriteLock.java:logLocking(65)) - s1@group-A8EB2453EBF5: readLock ACQUIRED 1 by SegmentedRaftLogCache.getLastTermIndex
2022-08-09 05:43:03,962 [s1@group-A8EB2453EBF5-LeaderStateImpl] TRACE segmented.SegmentedRaftLogCache (AutoCloseableReadWriteLock.java:logLocking(65)) - s1@group-A8EB2453EBF5: readLock RELEASED 0 by SegmentedRaftLogCache.getLastTermIndex
2022-08-09 05:43:03,962 [s1@group-A8EB2453EBF5-LeaderStateImpl] TRACE segmented.SegmentedRaftLogCache (AutoCloseableReadWriteLock.java:logLocking(65)) - s1@group-A8EB2453EBF5: readLock ACQUIRED 1 by SegmentedRaftLogCache$LogSegmentList.countCached
2022-08-09 05:43:03,962 [s1@group-A8EB2453EBF5-LeaderStateImpl] TRACE segmented.SegmentedRaftLogCache (AutoCloseableReadWriteLock.java:logLocking(65)) - s1@group-A8EB2453EBF5: readLock RELEASED 0 by SegmentedRaftLogCache$LogSegmentList.countCached
2022-08-09 05:43:03,962 [s1@group-A8EB2453EBF5-LeaderStateImpl] TRACE segmented.SegmentedRaftLogCache (AutoCloseableReadWriteLock.java:logLocking(65)) - s1@group-A8EB2453EBF5: readLock ACQUIRED 1 by SegmentedRaftLogCache$LogSegmentList.getTotalCacheSize
2022-08-09 05:43:03,963 [s1@group-A8EB2453EBF5-LeaderStateImpl] TRACE segmented.SegmentedRaftLogCache (AutoCloseableReadWriteLock.java:logLocking(65)) - s1@group-A8EB2453EBF5: readLock RELEASED 0 by SegmentedRaftLogCache$LogSegmentList.getTotalCacheSize
2022-08-09 05:43:03,962 [s0@group-A8EB2453EBF5-SegmentedRaftLogWorker] DEBUG segmented.SegmentedRaftLogWorker (SegmentedRaftLogWorker.java:flushIfNecessary(365)) - s0@group-A8EB2453EBF5-SegmentedRaftLogWorker: flush SegmentedRaftLogOutputStream(/home/runner/work/ratis/ratis/ratis-test/target/test/data/2baaa1de/MiniRaftClusterWithSimulatedRpc3b4f24d4/s0/bbd46d57-59f4-4845-aaae-a8eb2453ebf5/current/log_inprogress_0)
2022-08-09 05:43:03,963 [s1@group-A8EB2453EBF5-LeaderStateImpl] DEBUG segmented.SegmentedRaftLogWorker (SegmentedRaftLogWorker.java:addIOTask(270)) - s1@group-A8EB2453EBF5-SegmentedRaftLogWorker adds IO task WriteLog:14: (t:1, i:14), METADATAENTRY(c:13)
2022-08-09 05:43:03,963 [s1@group-A8EB2453EBF5-SegmentedRaftLogWorker] DEBUG segmented.SegmentedRaftLogWorker (SegmentedRaftLogWorker.java:flushIfNecessary(365)) - s1@group-A8EB2453EBF5-SegmentedRaftLogWorker: flush SegmentedRaftLogOutputStream(/home/runner/work/ratis/ratis/ratis-test/target/test/data/2baaa1de/MiniRaftClusterWithSimulatedRpc3b4f24d4/s1/bbd46d57-59f4-4845-aaae-a8eb2453ebf5/current/log_inprogress_0)
2022-08-09 05:43:03,963 [s1@group-A8EB2453EBF5->s2-LogAppenderDefault-LogAppenderDaemon] TRACE segmented.SegmentedRaftLogCache (AutoCloseableReadWriteLock.java:logLocking(65)) - s1@group-A8EB2453EBF5: readLock ACQUIRED 1 by SegmentedRaftLogCache.getLastTermIndex
2022-08-09 05:43:03,963 [s1@group-A8EB2453EBF5->s2-LogAppenderDefault-LogAppenderDaemon] TRACE segmented.SegmentedRaftLogCache (AutoCloseableReadWriteLock.java:logLocking(65)) - s1@group-A8EB2453EBF5: readLock RELEASED 0 by SegmentedRaftLogCache.getLastTermIndex
2022-08-09 05:43:03,963 [s1-client-thread1] TRACE segmented.SegmentedRaftLogCache (AutoCloseableReadWriteLock.java:logLocking(65)) - s1@group-A8EB2453EBF5: readLock ACQUIRED 1 by SegmentedRaftLogCache.getLastTermIndex
2022-08-09 05:43:03,963 [s1-client-thread1] TRACE segmented.SegmentedRaftLogCache (AutoCloseableReadWriteLock.java:logLocking(65)) - s1@group-A8EB2453EBF5: readLock RELEASED 0 by SegmentedRaftLogCache.getLastTermIndex
2022-08-09 05:43:03,963 [s1-client-thread1] TRACE segmented.SegmentedRaftLogCache (AutoCloseableReadWriteLock.java:logLocking(65)) - s1@group-A8EB2453EBF5: readLock ACQUIRED 1 by SegmentedRaftLogCache.getLastTermIndex
2022-08-09 05:43:03,963 [s1-client-thread1] TRACE segmented.SegmentedRaftLogCache (AutoCloseableReadWriteLock.java:logLocking(65)) - s1@group-A8EB2453EBF5: readLock RELEASED 0 by SegmentedRaftLogCache.getLastTermIndex
2022-08-09 05:43:03,963 [s1-client-thread1] TRACE segmented.SegmentedRaftLogCache (AutoCloseableReadWriteLock.java:logLocking(65)) - s1@group-A8EB2453EBF5: readLock ACQUIRED 1 by SegmentedRaftLogCache$LogSegmentList.countCached
2022-08-09 05:43:03,963 [s1-client-thread1] TRACE segmented.SegmentedRaftLogCache (AutoCloseableReadWriteLock.java:logLocking(65)) - s1@group-A8EB2453EBF5: readLock RELEASED 0 by SegmentedRaftLogCache$LogSegmentList.countCached
2022-08-09 05:43:03,963 [s1-client-thread1] TRACE segmented.SegmentedRaftLogCache (AutoCloseableReadWriteLock.java:logLocking(65)) - s1@group-A8EB2453EBF5: readLock ACQUIRED 1 by SegmentedRaftLogCache$LogSegmentList.getTotalCacheSize
2022-08-09 05:43:03,963 [s1-client-thread1] TRACE segmented.SegmentedRaftLogCache (AutoCloseableReadWriteLock.java:logLocking(65)) - s1@group-A8EB2453EBF5: readLock RELEASED 0 by SegmentedRaftLogCache$LogSegmentList.getTotalCacheSize
2022-08-09 05:43:03,964 [s1-client-thread1] DEBUG segmented.SegmentedRaftLogWorker (SegmentedRaftLogWorker.java:addIOTask(270)) - s1@group-A8EB2453EBF5-SegmentedRaftLogWorker adds IO task WriteLog:15: (t:1, i:15), STATEMACHINELOGENTRY, StateMachineLogEntryProto:175@client-65F24773FB27
2022-08-09 05:43:03,964 [s1@group-A8EB2453EBF5-SegmentedRaftLogWorker] DEBUG segmented.SegmentedRaftLogWorker (SegmentedRaftLogWorker.java:flushIfNecessary(365)) - s1@group-A8EB2453EBF5-SegmentedRaftLogWorker: flush SegmentedRaftLogOutputStream(/home/runner/work/ratis/ratis/ratis-test/target/test/data/2baaa1de/MiniRaftClusterWithSimulatedRpc3b4f24d4/s1/bbd46d57-59f4-4845-aaae-a8eb2453ebf5/current/log_inprogress_0)
2022-08-09 05:43:03,964 [s1@group-A8EB2453EBF5->s2-LogAppenderDefault-LogAppenderDaemon] TRACE segmented.SegmentedRaftLogCache (AutoCloseableReadWriteLock.java:logLocking(65)) - s1@group-A8EB2453EBF5: readLock ACQUIRED 1 by SegmentedRaftLogCache.getLastTermIndex
2022-08-09 05:43:03,964 [s1@group-A8EB2453EBF5->s2-LogAppenderDefault-LogAppenderDaemon] TRACE segmented.SegmentedRaftLogCache (AutoCloseableReadWriteLock.java:logLocking(65)) - s1@group-A8EB2453EBF5: readLock RELEASED 0 by SegmentedRaftLogCache.getLastTermIndex
2022-08-09 05:43:03,964 [s1@group-A8EB2453EBF5->s2-LogAppenderDefault-LogAppenderDaemon] TRACE segmented.SegmentedRaftLogCache (AutoCloseableReadWriteLock.java:logLocking(65)) - s1@group-A8EB2453EBF5: readLock ACQUIRED 1 by SegmentedRaftLogCache.getStartIndex
2022-08-09 05:43:03,964 [s1@group-A8EB2453EBF5->s2-LogAppenderDefault-LogAppenderDaemon] TRACE segmented.SegmentedRaftLogCache (AutoCloseableReadWriteLock.java:logLocking(65)) -   s1@group-A8EB2453EBF5: readLock ACQUIRED 2 by SegmentedRaftLogCache$LogSegmentList.isEmpty
2022-08-09 05:43:03,964 [s1@group-A8EB2453EBF5->s2-LogAppenderDefault-LogAppenderDaemon] TRACE segmented.SegmentedRaftLogCache (AutoCloseableReadWriteLock.java:logLocking(65)) -   s1@group-A8EB2453EBF5: readLock RELEASED 1 by SegmentedRaftLogCache$LogSegmentList.isEmpty
2022-08-09 05:43:03,964 [s1@group-A8EB2453EBF5->s2-LogAppenderDefault-LogAppenderDaemon] TRACE segmented.SegmentedRaftLogCache (AutoCloseableReadWriteLock.java:logLocking(65)) - s1@group-A8EB2453EBF5: readLock RELEASED 0 by SegmentedRaftLogCache.getStartIndex
2022-08-09 05:43:03,964 [s1@group-A8EB2453EBF5->s0-LogAppenderDefault-LogAppenderDaemon] TRACE segmented.SegmentedRaftLogCache (AutoCloseableReadWriteLock.java:logLocking(65)) - s1@group-A8EB2453EBF5: readLock ACQUIRED 1 by SegmentedRaftLogCache.getLastTermIndex
2022-08-09 05:43:03,964 [s1@group-A8EB2453EBF5->s0-LogAppenderDefault-LogAppenderDaemon] TRACE segmented.SegmentedRaftLogCache (AutoCloseableReadWriteLock.java:logLocking(65)) - s1@group-A8EB2453EBF5: readLock RELEASED 0 by SegmentedRaftLogCache.getLastTermIndex
2022-08-09 05:43:03,964 [s1@group-A8EB2453EBF5->s0-LogAppenderDefault-LogAppenderDaemon] TRACE segmented.SegmentedRaftLogCache (AutoCloseableReadWriteLock.java:logLocking(65)) - s1@group-A8EB2453EBF5: readLock ACQUIRED 1 by SegmentedRaftLogCache.getLastTermIndex
2022-08-09 05:43:03,964 [s1@group-A8EB2453EBF5->s0-LogAppenderDefault-LogAppenderDaemon] TRACE segmented.SegmentedRaftLogCache (AutoCloseableReadWriteLock.java:logLocking(65)) - s1@group-A8EB2453EBF5: readLock RELEASED 0 by SegmentedRaftLogCache.getLastTermIndex
2022-08-09 05:43:03,964 [s1@group-A8EB2453EBF5->s2-LogAppenderDefault-LogAppenderDaemon] TRACE segmented.SegmentedRaftLogCache (AutoCloseableReadWriteLock.java:logLocking(65)) - s1@group-A8EB2453EBF5: readLock ACQUIRED 1 by SegmentedRaftLogCache.getLastTermIndex
2022-08-09 05:43:03,964 [s1@group-A8EB2453EBF5->s2-LogAppenderDefault-LogAppenderDaemon] TRACE segmented.SegmentedRaftLogCache (AutoCloseableReadWriteLock.java:logLocking(65)) -   s1@group-A8EB2453EBF5: readLock RELEASED 1 by SegmentedRaftLogCache.getLastTermIndex
2022-08-09 05:43:03,964 [s1@group-A8EB2453EBF5->s0-LogAppenderDefault-LogAppenderDaemon] TRACE segmented.SegmentedRaftLogCache (AutoCloseableReadWriteLock.java:logLocking(65)) -   s1@group-A8EB2453EBF5: readLock ACQUIRED 2 by SegmentedRaftLogCache.getLastTermIndex
2022-08-09 05:43:03,965 [s1@group-A8EB2453EBF5->s0-LogAppenderDefault-LogAppenderDaemon] TRACE segmented.SegmentedRaftLogCache (AutoCloseableReadWriteLock.java:logLocking(65)) - s1@group-A8EB2453EBF5: readLock RELEASED 0 by SegmentedRaftLogCache.getLastTermIndex
2022-08-09 05:43:03,965 [s1@group-A8EB2453EBF5->s0-LogAppenderDefault-LogAppenderDaemon] TRACE segmented.SegmentedRaftLogCache (AutoCloseableReadWriteLock.java:logLocking(65)) - s1@group-A8EB2453EBF5: readLock ACQUIRED 1 by SegmentedRaftLogCache.getStartIndex
2022-08-09 05:43:03,965 [Thread-480] TRACE segmented.SegmentedRaftLogCache (AutoCloseableReadWriteLock.java:logLocking(65)) - s2@group-A8EB2453EBF5: readLock ACQUIRED 1 by SegmentedRaftLogCache.computeTruncateIndices
2022-08-09 05:43:03,965 [s1@group-A8EB2453EBF5->s0-LogAppenderDefault-LogAppenderDaemon] TRACE segmented.SegmentedRaftLogCache (AutoCloseableReadWriteLock.java:logLocking(65)) -   s1@group-A8EB2453EBF5: readLock ACQUIRED 2 by SegmentedRaftLogCache$LogSegmentList.isEmpty
2022-08-09 05:43:03,965 [s1@group-A8EB2453EBF5->s0-LogAppenderDefault-LogAppenderDaemon] TRACE segmented.SegmentedRaftLogCache (AutoCloseableReadWriteLock.java:logLocking(65)) -   s1@group-A8EB2453EBF5: readLock RELEASED 1 by SegmentedRaftLogCache$LogSegmentList.isEmpty
2022-08-09 05:43:03,965 [s1@group-A8EB2453EBF5->s0-LogAppenderDefault-LogAppenderDaemon] TRACE segmented.SegmentedRaftLogCache (AutoCloseableReadWriteLock.java:logLocking(65)) - s1@group-A8EB2453EBF5: readLock RELEASED 0 by SegmentedRaftLogCache.getStartIndex
2022-08-09 05:43:03,965 [Thread-480] TRACE segmented.SegmentedRaftLogCache (AutoCloseableReadWriteLock.java:logLocking(65)) -   s2@group-A8EB2453EBF5: readLock ACQUIRED 2 by SegmentedRaftLogCache$LogSegmentList.binarySearch
2022-08-09 05:43:03,965 [Thread-480] TRACE segmented.SegmentedRaftLogCache (AutoCloseableReadWriteLock.java:logLocking(65)) -   s2@group-A8EB2453EBF5: readLock RELEASED 1 by SegmentedRaftLogCache$LogSegmentList.binarySearch
2022-08-09 05:43:03,965 [s1@group-A8EB2453EBF5->s0-LogAppenderDefault-LogAppenderDaemon] TRACE segmented.SegmentedRaftLogCache (AutoCloseableReadWriteLock.java:logLocking(65)) - s1@group-A8EB2453EBF5: readLock ACQUIRED 1 by SegmentedRaftLogCache.getLastTermIndex
2022-08-09 05:43:03,965 [s1@group-A8EB2453EBF5->s0-LogAppenderDefault-LogAppenderDaemon] TRACE segmented.SegmentedRaftLogCache (AutoCloseableReadWriteLock.java:logLocking(65)) - s1@group-A8EB2453EBF5: readLock RELEASED 0 by SegmentedRaftLogCache.getLastTermIndex
2022-08-09 05:43:03,965 [Thread-480] TRACE segmented.SegmentedRaftLogCache (AutoCloseableReadWriteLock.java:logLocking(65)) -   s2@group-A8EB2453EBF5: readLock ACQUIRED 2 by SegmentedRaftLogCache$LogSegmentList.size
2022-08-09 05:43:03,965 [Thread-480] TRACE segmented.SegmentedRaftLogCache (AutoCloseableReadWriteLock.java:logLocking(65)) -   s2@group-A8EB2453EBF5: readLock RELEASED 1 by SegmentedRaftLogCache$LogSegmentList.size
2022-08-09 05:43:03,965 [Thread-480] TRACE segmented.SegmentedRaftLogCache (AutoCloseableReadWriteLock.java:logLocking(65)) - s2@group-A8EB2453EBF5: readLock RELEASED 0 by SegmentedRaftLogCache.computeTruncateIndices
2022-08-09 05:43:03,965 [Thread-480] DEBUG raftlog.RaftLog (SegmentedRaftLog.java:appendImpl(447)) - truncateIndex=-1, arrayIndex=0
2022-08-09 05:43:03,965 [Thread-480] TRACE segmented.SegmentedRaftLogCache (AutoCloseableReadWriteLock.java:logLocking(65)) - s2@group-A8EB2453EBF5: readLock ACQUIRED 1 by SegmentedRaftLogCache$LogSegmentList.countCached
2022-08-09 05:43:03,965 [Thread-465] TRACE segmented.SegmentedRaftLogCache (AutoCloseableReadWriteLock.java:logLocking(65)) - s0@group-A8EB2453EBF5: readLock ACQUIRED 1 by SegmentedRaftLogCache.computeTruncateIndices
2022-08-09 05:43:03,965 [Thread-480] TRACE segmented.SegmentedRaftLogCache (AutoCloseableReadWriteLock.java:logLocking(65)) - s2@group-A8EB2453EBF5: readLock RELEASED 0 by SegmentedRaftLogCache$LogSegmentList.countCached
2022-08-09 05:43:03,965 [Thread-480] TRACE segmented.SegmentedRaftLogCache (AutoCloseableReadWriteLock.java:logLocking(65)) - s2@group-A8EB2453EBF5: readLock ACQUIRED 1 by SegmentedRaftLogCache$LogSegmentList.getTotalCacheSize
2022-08-09 05:43:03,965 [Thread-480] TRACE segmented.SegmentedRaftLogCache (AutoCloseableReadWriteLock.java:logLocking(65)) - s2@group-A8EB2453EBF5: readLock RELEASED 0 by SegmentedRaftLogCache$LogSegmentList.getTotalCacheSize
2022-08-09 05:43:03,965 [Thread-465] TRACE segmented.SegmentedRaftLogCache (AutoCloseableReadWriteLock.java:logLocking(65)) -   s0@group-A8EB2453EBF5: readLock ACQUIRED 2 by SegmentedRaftLogCache$LogSegmentList.binarySearch
2022-08-09 05:43:03,965 [Thread-480] DEBUG segmented.SegmentedRaftLogWorker (SegmentedRaftLogWorker.java:addIOTask(270)) - s2@group-A8EB2453EBF5-SegmentedRaftLogWorker adds IO task WriteLog:14: (t:1, i:14), METADATAENTRY(c:13)
2022-08-09 05:43:03,966 [Thread-465] TRACE segmented.SegmentedRaftLogCache (AutoCloseableReadWriteLock.java:logLocking(65)) -   s0@group-A8EB2453EBF5: readLock RELEASED 1 by SegmentedRaftLogCache$LogSegmentList.binarySearch
2022-08-09 05:43:03,966 [Thread-480] TRACE segmented.SegmentedRaftLogCache (AutoCloseableReadWriteLock.java:logLocking(65)) - s2@group-A8EB2453EBF5: readLock ACQUIRED 1 by SegmentedRaftLogCache.getLastTermIndex
2022-08-09 05:43:03,966 [Thread-480] TRACE segmented.SegmentedRaftLogCache (AutoCloseableReadWriteLock.java:logLocking(65)) - s2@group-A8EB2453EBF5: readLock RELEASED 0 by SegmentedRaftLogCache.getLastTermIndex
2022-08-09 05:43:03,966 [Thread-465] TRACE segmented.SegmentedRaftLogCache (AutoCloseableReadWriteLock.java:logLocking(65)) -   s0@group-A8EB2453EBF5: readLock ACQUIRED 2 by SegmentedRaftLogCache$LogSegmentList.size
2022-08-09 05:43:03,966 [Thread-465] TRACE segmented.SegmentedRaftLogCache (AutoCloseableReadWriteLock.java:logLocking(65)) -   s0@group-A8EB2453EBF5: readLock RELEASED 1 by SegmentedRaftLogCache$LogSegmentList.size
2022-08-09 05:43:03,966 [Thread-465] TRACE segmented.SegmentedRaftLogCache (AutoCloseableReadWriteLock.java:logLocking(65)) - s0@group-A8EB2453EBF5: readLock RELEASED 0 by SegmentedRaftLogCache.computeTruncateIndices
2022-08-09 05:43:03,966 [Thread-480] TRACE segmented.SegmentedRaftLogCache (AutoCloseableReadWriteLock.java:logLocking(65)) - s2@group-A8EB2453EBF5: readLock ACQUIRED 1 by SegmentedRaftLogCache$LogSegmentList.countCached
2022-08-09 05:43:03,966 [Thread-480] TRACE segmented.SegmentedRaftLogCache (AutoCloseableReadWriteLock.java:logLocking(65)) - s2@group-A8EB2453EBF5: readLock RELEASED 0 by SegmentedRaftLogCache$LogSegmentList.countCached
2022-08-09 05:43:03,966 [Thread-465] DEBUG raftlog.RaftLog (SegmentedRaftLog.java:appendImpl(447)) - truncateIndex=-1, arrayIndex=0
2022-08-09 05:43:03,966 [s2@group-A8EB2453EBF5-SegmentedRaftLogWorker] DEBUG segmented.SegmentedRaftLogWorker (SegmentedRaftLogWorker.java:flushIfNecessary(365)) - s2@group-A8EB2453EBF5-SegmentedRaftLogWorker: flush SegmentedRaftLogOutputStream(/home/runner/work/ratis/ratis/ratis-test/target/test/data/2baaa1de/MiniRaftClusterWithSimulatedRpc3b4f24d4/s2/bbd46d57-59f4-4845-aaae-a8eb2453ebf5/current/log_inprogress_0)
2022-08-09 05:43:03,966 [Thread-465] TRACE segmented.SegmentedRaftLogCache (AutoCloseableReadWriteLock.java:logLocking(65)) - s0@group-A8EB2453EBF5: readLock ACQUIRED 1 by SegmentedRaftLogCache$LogSegmentList.countCached
2022-08-09 05:43:03,966 [Thread-480] TRACE segmented.SegmentedRaftLogCache (AutoCloseableReadWriteLock.java:logLocking(65)) - s2@group-A8EB2453EBF5: readLock ACQUIRED 1 by SegmentedRaftLogCache$LogSegmentList.getTotalCacheSize
2022-08-09 05:43:03,966 [Thread-480] TRACE segmented.SegmentedRaftLogCache (AutoCloseableReadWriteLock.java:logLocking(65)) - s2@group-A8EB2453EBF5: readLock RELEASED 0 by SegmentedRaftLogCache$LogSegmentList.getTotalCacheSize
2022-08-09 05:43:03,966 [Thread-465] TRACE segmented.SegmentedRaftLogCache (AutoCloseableReadWriteLock.java:logLocking(65)) - s0@group-A8EB2453EBF5: readLock RELEASED 0 by SegmentedRaftLogCache$LogSegmentList.countCached
2022-08-09 05:43:03,966 [Thread-480] DEBUG segmented.SegmentedRaftLogWorker (SegmentedRaftLogWorker.java:addIOTask(270)) - s2@group-A8EB2453EBF5-SegmentedRaftLogWorker adds IO task WriteLog:15: (t:1, i:15), STATEMACHINELOGENTRY, StateMachineLogEntryProto:175@client-65F24773FB27
2022-08-09 05:43:03,966 [Thread-465] TRACE segmented.SegmentedRaftLogCache (AutoCloseableReadWriteLock.java:logLocking(65)) - s0@group-A8EB2453EBF5: readLock ACQUIRED 1 by SegmentedRaftLogCache$LogSegmentList.getTotalCacheSize
2022-08-09 05:43:03,966 [Thread-465] TRACE segmented.SegmentedRaftLogCache (AutoCloseableReadWriteLock.java:logLocking(65)) - s0@group-A8EB2453EBF5: readLock RELEASED 0 by SegmentedRaftLogCache$LogSegmentList.getTotalCacheSize
2022-08-09 05:43:03,966 [s2@group-A8EB2453EBF5-SegmentedRaftLogWorker] DEBUG segmented.SegmentedRaftLogWorker (SegmentedRaftLogWorker.java:flushIfNecessary(365)) - s2@group-A8EB2453EBF5-SegmentedRaftLogWorker: flush SegmentedRaftLogOutputStream(/home/runner/work/ratis/ratis/ratis-test/target/test/data/2baaa1de/MiniRaftClusterWithSimulatedRpc3b4f24d4/s2/bbd46d57-59f4-4845-aaae-a8eb2453ebf5/current/log_inprogress_0)
2022-08-09 05:43:03,966 [Thread-465] DEBUG segmented.SegmentedRaftLogWorker (SegmentedRaftLogWorker.java:addIOTask(270)) - s0@group-A8EB2453EBF5-SegmentedRaftLogWorker adds IO task WriteLog:14: (t:1, i:14), METADATAENTRY(c:13)
2022-08-09 05:43:03,967 [Thread-465] TRACE segmented.SegmentedRaftLogCache (AutoCloseableReadWriteLock.java:logLocking(65)) - s0@group-A8EB2453EBF5: readLock ACQUIRED 1 by SegmentedRaftLogCache.getLastTermIndex
2022-08-09 05:43:03,967 [Thread-465] TRACE segmented.SegmentedRaftLogCache (AutoCloseableReadWriteLock.java:logLocking(65)) - s0@group-A8EB2453EBF5: readLock RELEASED 0 by SegmentedRaftLogCache.getLastTermIndex
2022-08-09 05:43:03,967 [s0@group-A8EB2453EBF5-SegmentedRaftLogWorker] DEBUG segmented.SegmentedRaftLogWorker (SegmentedRaftLogWorker.java:flushIfNecessary(365)) - s0@group-A8EB2453EBF5-SegmentedRaftLogWorker: flush SegmentedRaftLogOutputStream(/home/runner/work/ratis/ratis/ratis-test/target/test/data/2baaa1de/MiniRaftClusterWithSimulatedRpc3b4f24d4/s0/bbd46d57-59f4-4845-aaae-a8eb2453ebf5/current/log_inprogress_0)
2022-08-09 05:43:03,967 [Thread-465] TRACE segmented.SegmentedRaftLogCache (AutoCloseableReadWriteLock.java:logLocking(65)) - s0@group-A8EB2453EBF5: readLock ACQUIRED 1 by SegmentedRaftLogCache$LogSegmentList.countCached
2022-08-09 05:43:03,967 [Thread-465] TRACE segmented.SegmentedRaftLogCache (AutoCloseableReadWriteLock.java:logLocking(65)) - s0@group-A8EB2453EBF5: readLock RELEASED 0 by SegmentedRaftLogCache$LogSegmentList.countCached
2022-08-09 05:43:03,967 [Thread-465] TRACE segmented.SegmentedRaftLogCache (AutoCloseableReadWriteLock.java:logLocking(65)) - s0@group-A8EB2453EBF5: readLock ACQUIRED 1 by SegmentedRaftLogCache$LogSegmentList.getTotalCacheSize
2022-08-09 05:43:03,967 [Thread-465] TRACE segmented.SegmentedRaftLogCache (AutoCloseableReadWriteLock.java:logLocking(65)) - s0@group-A8EB2453EBF5: readLock RELEASED 0 by SegmentedRaftLogCache$LogSegmentList.getTotalCacheSize
2022-08-09 05:43:03,967 [Thread-465] DEBUG segmented.SegmentedRaftLogWorker (SegmentedRaftLogWorker.java:addIOTask(270)) - s0@group-A8EB2453EBF5-SegmentedRaftLogWorker adds IO task WriteLog:15: (t:1, i:15), STATEMACHINELOGENTRY, StateMachineLogEntryProto:175@client-65F24773FB27
2022-08-09 05:43:03,967 [s0@group-A8EB2453EBF5-SegmentedRaftLogWorker] DEBUG segmented.SegmentedRaftLogWorker (SegmentedRaftLogWorker.java:flushIfNecessary(365)) - s0@group-A8EB2453EBF5-SegmentedRaftLogWorker: flush SegmentedRaftLogOutputStream(/home/runner/work/ratis/ratis/ratis-test/target/test/data/2baaa1de/MiniRaftClusterWithSimulatedRpc3b4f24d4/s0/bbd46d57-59f4-4845-aaae-a8eb2453ebf5/current/log_inprogress_0)
2022-08-09 05:43:03,967 [s2@group-A8EB2453EBF5-StateMachineUpdater] INFO  statemachine.SimpleStateMachine4Testing (SimpleStateMachine4Testing.java:put(204)) - s2: put 13, m6 -> (t:1, i:13), STATEMACHINELOGENTRY, 172@client-65F24773FB27
2022-08-09 05:43:03,967 [s1@group-A8EB2453EBF5->s2-LogAppenderDefault-LogAppenderDaemon] TRACE segmented.SegmentedRaftLogCache (AutoCloseableReadWriteLock.java:logLocking(65)) - s1@group-A8EB2453EBF5: readLock ACQUIRED 1 by SegmentedRaftLogCache.getLastTermIndex
2022-08-09 05:43:03,968 [s1@group-A8EB2453EBF5->s2-LogAppenderDefault-LogAppenderDaemon] TRACE segmented.SegmentedRaftLogCache (AutoCloseableReadWriteLock.java:logLocking(65)) -   s1@group-A8EB2453EBF5: readLock RELEASED 1 by SegmentedRaftLogCache.getLastTermIndex
2022-08-09 05:43:03,967 [s1@group-A8EB2453EBF5-LeaderStateImpl] TRACE segmented.SegmentedRaftLogCache (AutoCloseableReadWriteLock.java:logLocking(65)) -   s1@group-A8EB2453EBF5: readLock ACQUIRED 2 by SegmentedRaftLogCache.getStartIndex
2022-08-09 05:43:03,968 [s1@group-A8EB2453EBF5-LeaderStateImpl] TRACE segmented.SegmentedRaftLogCache (AutoCloseableReadWriteLock.java:logLocking(65)) -   s1@group-A8EB2453EBF5: readLock ACQUIRED 2 by SegmentedRaftLogCache$LogSegmentList.isEmpty
2022-08-09 05:43:03,968 [s1@group-A8EB2453EBF5-LeaderStateImpl] TRACE segmented.SegmentedRaftLogCache (AutoCloseableReadWriteLock.java:logLocking(65)) -   s1@group-A8EB2453EBF5: readLock RELEASED 1 by SegmentedRaftLogCache$LogSegmentList.isEmpty
2022-08-09 05:43:03,968 [s1@group-A8EB2453EBF5-LeaderStateImpl] TRACE segmented.SegmentedRaftLogCache (AutoCloseableReadWriteLock.java:logLocking(65)) - s1@group-A8EB2453EBF5: readLock RELEASED 0 by SegmentedRaftLogCache.getStartIndex
2022-08-09 05:43:03,968 [s0@group-A8EB2453EBF5-StateMachineUpdater] INFO  statemachine.SimpleStateMachine4Testing (SimpleStateMachine4Testing.java:put(204)) - s0: put 13, m6 -> (t:1, i:13), STATEMACHINELOGENTRY, 172@client-65F24773FB27
2022-08-09 05:43:03,968 [s1@group-A8EB2453EBF5-LeaderStateImpl] TRACE segmented.SegmentedRaftLogCache (AutoCloseableReadWriteLock.java:logLocking(65)) - s1@group-A8EB2453EBF5: readLock ACQUIRED 1 by SegmentedRaftLogCache.getEndIndex
2022-08-09 05:43:03,968 [s1@group-A8EB2453EBF5-LeaderStateImpl] TRACE segmented.SegmentedRaftLogCache (AutoCloseableReadWriteLock.java:logLocking(65)) - s1@group-A8EB2453EBF5: readLock RELEASED 0 by SegmentedRaftLogCache.getEndIndex
2022-08-09 05:43:03,968 [s1@group-A8EB2453EBF5-LeaderStateImpl] TRACE segmented.SegmentedRaftLogCache (AutoCloseableReadWriteLock.java:logLocking(65)) - s1@group-A8EB2453EBF5: readLock ACQUIRED 1 by SegmentedRaftLogCache$LogSegmentList.getTermIndex
2022-08-09 05:43:03,968 [s1@group-A8EB2453EBF5-LeaderStateImpl] TRACE segmented.SegmentedRaftLogCache (AutoCloseableReadWriteLock.java:logLocking(65)) - s1@group-A8EB2453EBF5: readLock RELEASED 0 by SegmentedRaftLogCache$LogSegmentList.getTermIndex
2022-08-09 05:43:03,968 [s1@group-A8EB2453EBF5-LeaderStateImpl] TRACE segmented.SegmentedRaftLogCache (AutoCloseableReadWriteLock.java:logLocking(65)) - s1@group-A8EB2453EBF5: readLock ACQUIRED 1 by SegmentedRaftLogCache.getLastTermIndex
2022-08-09 05:43:03,968 [s1@group-A8EB2453EBF5-LeaderStateImpl] TRACE segmented.SegmentedRaftLogCache (AutoCloseableReadWriteLock.java:logLocking(65)) - s1@group-A8EB2453EBF5: readLock RELEASED 0 by SegmentedRaftLogCache.getLastTermIndex
2022-08-09 05:43:03,968 [s1@group-A8EB2453EBF5-LeaderStateImpl] TRACE segmented.SegmentedRaftLogCache (AutoCloseableReadWriteLock.java:logLocking(65)) - s1@group-A8EB2453EBF5: readLock ACQUIRED 1 by SegmentedRaftLogCache$LogSegmentList.countCached
2022-08-09 05:43:03,968 [s1@group-A8EB2453EBF5-LeaderStateImpl] TRACE segmented.SegmentedRaftLogCache (AutoCloseableReadWriteLock.java:logLocking(65)) - s1@group-A8EB2453EBF5: readLock RELEASED 0 by SegmentedRaftLogCache$LogSegmentList.countCached
2022-08-09 05:43:03,968 [s1@group-A8EB2453EBF5-LeaderStateImpl] TRACE segmented.SegmentedRaftLogCache (AutoCloseableReadWriteLock.java:logLocking(65)) - s1@group-A8EB2453EBF5: readLock ACQUIRED 1 by SegmentedRaftLogCache$LogSegmentList.getTotalCacheSize
2022-08-09 05:43:03,968 [s1@group-A8EB2453EBF5-LeaderStateImpl] TRACE segmented.SegmentedRaftLogCache (AutoCloseableReadWriteLock.java:logLocking(65)) - s1@group-A8EB2453EBF5: readLock RELEASED 0 by SegmentedRaftLogCache$LogSegmentList.getTotalCacheSize
2022-08-09 05:43:03,968 [s1@group-A8EB2453EBF5-LeaderStateImpl] DEBUG segmented.SegmentedRaftLogWorker (SegmentedRaftLogWorker.java:addIOTask(270)) - s1@group-A8EB2453EBF5-SegmentedRaftLogWorker adds IO task WriteLog:16: (t:1, i:16), METADATAENTRY(c:15)
2022-08-09 05:43:03,969 [s1@group-A8EB2453EBF5-SegmentedRaftLogWorker] DEBUG segmented.SegmentedRaftLogWorker (SegmentedRaftLogWorker.java:flushIfNecessary(365)) - s1@group-A8EB2453EBF5-SegmentedRaftLogWorker: flush SegmentedRaftLogOutputStream(/home/runner/work/ratis/ratis/ratis-test/target/test/data/2baaa1de/MiniRaftClusterWithSimulatedRpc3b4f24d4/s1/bbd46d57-59f4-4845-aaae-a8eb2453ebf5/current/log_inprogress_0)
2022-08-09 05:43:03,969 [s1@group-A8EB2453EBF5->s0-LogAppenderDefault-LogAppenderDaemon] TRACE segmented.SegmentedRaftLogCache (AutoCloseableReadWriteLock.java:logLocking(65)) - s1@group-A8EB2453EBF5: readLock ACQUIRED 1 by SegmentedRaftLogCache.getLastTermIndex
2022-08-09 05:43:03,969 [s1@group-A8EB2453EBF5->s0-LogAppenderDefault-LogAppenderDaemon] TRACE segmented.SegmentedRaftLogCache (AutoCloseableReadWriteLock.java:logLocking(65)) - s1@group-A8EB2453EBF5: readLock RELEASED 0 by SegmentedRaftLogCache.getLastTermIndex
2022-08-09 05:43:03,969 [s1@group-A8EB2453EBF5-StateMachineUpdater] INFO  statemachine.SimpleStateMachine4Testing (SimpleStateMachine4Testing.java:put(204)) - s1: put 15, m7 -> (t:1, i:15), STATEMACHINELOGENTRY, 175@client-65F24773FB27
2022-08-09 05:43:03,969 [s1@group-A8EB2453EBF5->s0-LogAppenderDefault-LogAppenderDaemon] TRACE segmented.SegmentedRaftLogCache (AutoCloseableReadWriteLock.java:logLocking(65)) - s1@group-A8EB2453EBF5: readLock ACQUIRED 1 by SegmentedRaftLogCache.getLastTermIndex
2022-08-09 05:43:03,969 [s1@group-A8EB2453EBF5->s0-LogAppenderDefault-LogAppenderDaemon] TRACE segmented.SegmentedRaftLogCache (AutoCloseableReadWriteLock.java:logLocking(65)) - s1@group-A8EB2453EBF5: readLock RELEASED 0 by SegmentedRaftLogCache.getLastTermIndex
2022-08-09 05:43:03,969 [s1@group-A8EB2453EBF5->s0-LogAppenderDefault-LogAppenderDaemon] TRACE segmented.SegmentedRaftLogCache (AutoCloseableReadWriteLock.java:logLocking(65)) - s1@group-A8EB2453EBF5: readLock ACQUIRED 1 by SegmentedRaftLogCache.getLastTermIndex
2022-08-09 05:43:03,969 [s1@group-A8EB2453EBF5->s0-LogAppenderDefault-LogAppenderDaemon] TRACE segmented.SegmentedRaftLogCache (AutoCloseableReadWriteLock.java:logLocking(65)) - s1@group-A8EB2453EBF5: readLock RELEASED 0 by SegmentedRaftLogCache.getLastTermIndex
2022-08-09 05:43:03,969 [s1@group-A8EB2453EBF5->s0-LogAppenderDefault-LogAppenderDaemon] TRACE segmented.SegmentedRaftLogCache (AutoCloseableReadWriteLock.java:logLocking(65)) - s1@group-A8EB2453EBF5: readLock ACQUIRED 1 by SegmentedRaftLogCache.getStartIndex
2022-08-09 05:43:03,969 [s1@group-A8EB2453EBF5->s0-LogAppenderDefault-LogAppenderDaemon] TRACE segmented.SegmentedRaftLogCache (AutoCloseableReadWriteLock.java:logLocking(65)) -   s1@group-A8EB2453EBF5: readLock ACQUIRED 2 by SegmentedRaftLogCache$LogSegmentList.isEmpty
2022-08-09 05:43:03,969 [s1@group-A8EB2453EBF5->s0-LogAppenderDefault-LogAppenderDaemon] TRACE segmented.SegmentedRaftLogCache (AutoCloseableReadWriteLock.java:logLocking(65)) -   s1@group-A8EB2453EBF5: readLock RELEASED 1 by SegmentedRaftLogCache$LogSegmentList.isEmpty
2022-08-09 05:43:03,969 [s1@group-A8EB2453EBF5->s0-LogAppenderDefault-LogAppenderDaemon] TRACE segmented.SegmentedRaftLogCache (AutoCloseableReadWriteLock.java:logLocking(65)) - s1@group-A8EB2453EBF5: readLock RELEASED 0 by SegmentedRaftLogCache.getStartIndex
2022-08-09 05:43:03,969 [s1@group-A8EB2453EBF5->s0-LogAppenderDefault-LogAppenderDaemon] TRACE segmented.SegmentedRaftLogCache (AutoCloseableReadWriteLock.java:logLocking(65)) - s1@group-A8EB2453EBF5: readLock ACQUIRED 1 by SegmentedRaftLogCache.getLastTermIndex
2022-08-09 05:43:03,969 [s1@group-A8EB2453EBF5->s0-LogAppenderDefault-LogAppenderDaemon] TRACE segmented.SegmentedRaftLogCache (AutoCloseableReadWriteLock.java:logLocking(65)) - s1@group-A8EB2453EBF5: readLock RELEASED 0 by SegmentedRaftLogCache.getLastTermIndex
2022-08-09 05:43:03,970 [Thread-466] TRACE segmented.SegmentedRaftLogCache (AutoCloseableReadWriteLock.java:logLocking(65)) - s0@group-A8EB2453EBF5: readLock ACQUIRED 1 by SegmentedRaftLogCache.computeTruncateIndices
2022-08-09 05:43:03,970 [Thread-466] TRACE segmented.SegmentedRaftLogCache (AutoCloseableReadWriteLock.java:logLocking(65)) -   s0@group-A8EB2453EBF5: readLock ACQUIRED 2 by SegmentedRaftLogCache$LogSegmentList.binarySearch
2022-08-09 05:43:03,970 [Thread-466] TRACE segmented.SegmentedRaftLogCache (AutoCloseableReadWriteLock.java:logLocking(65)) -   s0@group-A8EB2453EBF5: readLock RELEASED 1 by SegmentedRaftLogCache$LogSegmentList.binarySearch
2022-08-09 05:43:03,970 [Thread-466] TRACE segmented.SegmentedRaftLogCache (AutoCloseableReadWriteLock.java:logLocking(65)) -   s0@group-A8EB2453EBF5: readLock ACQUIRED 2 by SegmentedRaftLogCache$LogSegmentList.size
2022-08-09 05:43:03,970 [Thread-466] TRACE segmented.SegmentedRaftLogCache (AutoCloseableReadWriteLock.java:logLocking(65)) -   s0@group-A8EB2453EBF5: readLock RELEASED 1 by SegmentedRaftLogCache$LogSegmentList.size
2022-08-09 05:43:03,970 [Thread-466] TRACE segmented.SegmentedRaftLogCache (AutoCloseableReadWriteLock.java:logLocking(65)) - s0@group-A8EB2453EBF5: readLock RELEASED 0 by SegmentedRaftLogCache.computeTruncateIndices
2022-08-09 05:43:03,970 [Thread-466] DEBUG raftlog.RaftLog (SegmentedRaftLog.java:appendImpl(447)) - truncateIndex=-1, arrayIndex=0
2022-08-09 05:43:03,970 [Thread-466] TRACE segmented.SegmentedRaftLogCache (AutoCloseableReadWriteLock.java:logLocking(65)) - s0@group-A8EB2453EBF5: readLock ACQUIRED 1 by SegmentedRaftLogCache$LogSegmentList.countCached
2022-08-09 05:43:03,970 [Thread-466] TRACE segmented.SegmentedRaftLogCache (AutoCloseableReadWriteLock.java:logLocking(65)) - s0@group-A8EB2453EBF5: readLock RELEASED 0 by SegmentedRaftLogCache$LogSegmentList.countCached
2022-08-09 05:43:03,970 [Thread-466] TRACE segmented.SegmentedRaftLogCache (AutoCloseableReadWriteLock.java:logLocking(65)) - s0@group-A8EB2453EBF5: readLock ACQUIRED 1 by SegmentedRaftLogCache$LogSegmentList.getTotalCacheSize
2022-08-09 05:43:03,970 [Thread-466] TRACE segmented.SegmentedRaftLogCache (AutoCloseableReadWriteLock.java:logLocking(65)) - s0@group-A8EB2453EBF5: readLock RELEASED 0 by SegmentedRaftLogCache$LogSegmentList.getTotalCacheSize
2022-08-09 05:43:03,970 [Thread-466] DEBUG segmented.SegmentedRaftLogWorker (SegmentedRaftLogWorker.java:addIOTask(270)) - s0@group-A8EB2453EBF5-SegmentedRaftLogWorker adds IO task WriteLog:16: (t:1, i:16), METADATAENTRY(c:15)
2022-08-09 05:43:03,970 [s0@group-A8EB2453EBF5-SegmentedRaftLogWorker] DEBUG segmented.SegmentedRaftLogWorker (SegmentedRaftLogWorker.java:flushIfNecessary(365)) - s0@group-A8EB2453EBF5-SegmentedRaftLogWorker: flush SegmentedRaftLogOutputStream(/home/runner/work/ratis/ratis/ratis-test/target/test/data/2baaa1de/MiniRaftClusterWithSimulatedRpc3b4f24d4/s0/bbd46d57-59f4-4845-aaae-a8eb2453ebf5/current/log_inprogress_0)
2022-08-09 05:43:03,970 [s1-client-thread1] TRACE segmented.SegmentedRaftLogCache (AutoCloseableReadWriteLock.java:logLocking(65)) - s1@group-A8EB2453EBF5: readLock ACQUIRED 1 by SegmentedRaftLogCache.getLastTermIndex
2022-08-09 05:43:03,970 [s1-client-thread1] TRACE segmented.SegmentedRaftLogCache (AutoCloseableReadWriteLock.java:logLocking(65)) - s1@group-A8EB2453EBF5: readLock RELEASED 0 by SegmentedRaftLogCache.getLastTermIndex
2022-08-09 05:43:03,971 [s1-client-thread1] TRACE segmented.SegmentedRaftLogCache (AutoCloseableReadWriteLock.java:logLocking(65)) - s1@group-A8EB2453EBF5: readLock ACQUIRED 1 by SegmentedRaftLogCache.getLastTermIndex
2022-08-09 05:43:03,971 [s1-client-thread1] TRACE segmented.SegmentedRaftLogCache (AutoCloseableReadWriteLock.java:logLocking(65)) - s1@group-A8EB2453EBF5: readLock RELEASED 0 by SegmentedRaftLogCache.getLastTermIndex
2022-08-09 05:43:03,971 [s1-client-thread1] TRACE segmented.SegmentedRaftLogCache (AutoCloseableReadWriteLock.java:logLocking(65)) - s1@group-A8EB2453EBF5: readLock ACQUIRED 1 by SegmentedRaftLogCache$LogSegmentList.countCached
2022-08-09 05:43:03,971 [s1-client-thread1] TRACE segmented.SegmentedRaftLogCache (AutoCloseableReadWriteLock.java:logLocking(65)) - s1@group-A8EB2453EBF5: readLock RELEASED 0 by SegmentedRaftLogCache$LogSegmentList.countCached
2022-08-09 05:43:03,971 [s1-client-thread1] TRACE segmented.SegmentedRaftLogCache (AutoCloseableReadWriteLock.java:logLocking(65)) - s1@group-A8EB2453EBF5: readLock ACQUIRED 1 by SegmentedRaftLogCache$LogSegmentList.getTotalCacheSize
2022-08-09 05:43:03,971 [s1-client-thread1] TRACE segmented.SegmentedRaftLogCache (AutoCloseableReadWriteLock.java:logLocking(65)) - s1@group-A8EB2453EBF5: readLock RELEASED 0 by SegmentedRaftLogCache$LogSegmentList.getTotalCacheSize
2022-08-09 05:43:03,971 [s1-client-thread1] DEBUG segmented.SegmentedRaftLogWorker (SegmentedRaftLogWorker.java:addIOTask(270)) - s1@group-A8EB2453EBF5-SegmentedRaftLogWorker adds IO task WriteLog:17: (t:1, i:17), STATEMACHINELOGENTRY, StateMachineLogEntryProto:178@client-65F24773FB27
2022-08-09 05:43:03,971 [s1@group-A8EB2453EBF5-SegmentedRaftLogWorker] DEBUG segmented.SegmentedRaftLogWorker (SegmentedRaftLogWorker.java:flushIfNecessary(365)) - s1@group-A8EB2453EBF5-SegmentedRaftLogWorker: flush SegmentedRaftLogOutputStream(/home/runner/work/ratis/ratis/ratis-test/target/test/data/2baaa1de/MiniRaftClusterWithSimulatedRpc3b4f24d4/s1/bbd46d57-59f4-4845-aaae-a8eb2453ebf5/current/log_inprogress_0)
2022-08-09 05:43:03,971 [s0@group-A8EB2453EBF5-StateMachineUpdater] INFO  statemachine.SimpleStateMachine4Testing (SimpleStateMachine4Testing.java:put(204)) - s0: put 15, m7 -> (t:1, i:15), STATEMACHINELOGENTRY, 175@client-65F24773FB27
2022-08-09 05:43:03,971 [s1@group-A8EB2453EBF5->s2-LogAppenderDefault-LogAppenderDaemon] TRACE segmented.SegmentedRaftLogCache (AutoCloseableReadWriteLock.java:logLocking(65)) - s1@group-A8EB2453EBF5: readLock ACQUIRED 1 by SegmentedRaftLogCache.getLastTermIndex
2022-08-09 05:43:03,971 [s1@group-A8EB2453EBF5->s2-LogAppenderDefault-LogAppenderDaemon] TRACE segmented.SegmentedRaftLogCache (AutoCloseableReadWriteLock.java:logLocking(65)) - s1@group-A8EB2453EBF5: readLock RELEASED 0 by SegmentedRaftLogCache.getLastTermIndex
2022-08-09 05:43:03,971 [s1@group-A8EB2453EBF5->s2-LogAppenderDefault-LogAppenderDaemon] TRACE segmented.SegmentedRaftLogCache (AutoCloseableReadWriteLock.java:logLocking(65)) - s1@group-A8EB2453EBF5: readLock ACQUIRED 1 by SegmentedRaftLogCache.getLastTermIndex
2022-08-09 05:43:03,971 [s1@group-A8EB2453EBF5->s2-LogAppenderDefault-LogAppenderDaemon] TRACE segmented.SegmentedRaftLogCache (AutoCloseableReadWriteLock.java:logLocking(65)) - s1@group-A8EB2453EBF5: readLock RELEASED 0 by SegmentedRaftLogCache.getLastTermIndex
2022-08-09 05:43:03,971 [s1@group-A8EB2453EBF5->s2-LogAppenderDefault-LogAppenderDaemon] TRACE segmented.SegmentedRaftLogCache (AutoCloseableReadWriteLock.java:logLocking(65)) - s1@group-A8EB2453EBF5: readLock ACQUIRED 1 by SegmentedRaftLogCache.getStartIndex
2022-08-09 05:43:03,972 [s1@group-A8EB2453EBF5->s2-LogAppenderDefault-LogAppenderDaemon] TRACE segmented.SegmentedRaftLogCache (AutoCloseableReadWriteLock.java:logLocking(65)) -   s1@group-A8EB2453EBF5: readLock ACQUIRED 2 by SegmentedRaftLogCache$LogSegmentList.isEmpty
2022-08-09 05:43:03,972 [s1@group-A8EB2453EBF5->s2-LogAppenderDefault-LogAppenderDaemon] TRACE segmented.SegmentedRaftLogCache (AutoCloseableReadWriteLock.java:logLocking(65)) -   s1@group-A8EB2453EBF5: readLock RELEASED 1 by SegmentedRaftLogCache$LogSegmentList.isEmpty
2022-08-09 05:43:03,972 [s1@group-A8EB2453EBF5->s2-LogAppenderDefault-LogAppenderDaemon] TRACE segmented.SegmentedRaftLogCache (AutoCloseableReadWriteLock.java:logLocking(65)) - s1@group-A8EB2453EBF5: readLock RELEASED 0 by SegmentedRaftLogCache.getStartIndex
2022-08-09 05:43:03,972 [s1@group-A8EB2453EBF5->s2-LogAppenderDefault-LogAppenderDaemon] TRACE segmented.SegmentedRaftLogCache (AutoCloseableReadWriteLock.java:logLocking(65)) - s1@group-A8EB2453EBF5: readLock ACQUIRED 1 by SegmentedRaftLogCache.getLastTermIndex
2022-08-09 05:43:03,972 [s1@group-A8EB2453EBF5->s2-LogAppenderDefault-LogAppenderDaemon] TRACE segmented.SegmentedRaftLogCache (AutoCloseableReadWriteLock.java:logLocking(65)) - s1@group-A8EB2453EBF5: readLock RELEASED 0 by SegmentedRaftLogCache.getLastTermIndex
2022-08-09 05:43:03,972 [s1@group-A8EB2453EBF5->s0-LogAppenderDefault-LogAppenderDaemon] TRACE segmented.SegmentedRaftLogCache (AutoCloseableReadWriteLock.java:logLocking(65)) - s1@group-A8EB2453EBF5: readLock ACQUIRED 1 by SegmentedRaftLogCache.getLastTermIndex
2022-08-09 05:43:03,972 [s1@group-A8EB2453EBF5->s0-LogAppenderDefault-LogAppenderDaemon] TRACE segmented.SegmentedRaftLogCache (AutoCloseableReadWriteLock.java:logLocking(65)) - s1@group-A8EB2453EBF5: readLock RELEASED 0 by SegmentedRaftLogCache.getLastTermIndex
2022-08-09 05:43:03,972 [Thread-481] TRACE segmented.SegmentedRaftLogCache (AutoCloseableReadWriteLock.java:logLocking(65)) - s2@group-A8EB2453EBF5: readLock ACQUIRED 1 by SegmentedRaftLogCache.computeTruncateIndices
2022-08-09 05:43:03,972 [Thread-481] TRACE segmented.SegmentedRaftLogCache (AutoCloseableReadWriteLock.java:logLocking(65)) -   s2@group-A8EB2453EBF5: readLock ACQUIRED 2 by SegmentedRaftLogCache$LogSegmentList.binarySearch
2022-08-09 05:43:03,972 [Thread-481] TRACE segmented.SegmentedRaftLogCache (AutoCloseableReadWriteLock.java:logLocking(65)) -   s2@group-A8EB2453EBF5: readLock RELEASED 1 by SegmentedRaftLogCache$LogSegmentList.binarySearch
2022-08-09 05:43:03,972 [s1@group-A8EB2453EBF5->s0-LogAppenderDefault-LogAppenderDaemon] TRACE segmented.SegmentedRaftLogCache (AutoCloseableReadWriteLock.java:logLocking(65)) - s1@group-A8EB2453EBF5: readLock ACQUIRED 1 by SegmentedRaftLogCache.getLastTermIndex
2022-08-09 05:43:03,972 [s1@group-A8EB2453EBF5->s0-LogAppenderDefault-LogAppenderDaemon] TRACE segmented.SegmentedRaftLogCache (AutoCloseableReadWriteLock.java:logLocking(65)) -   s1@group-A8EB2453EBF5: readLock RELEASED 1 by SegmentedRaftLogCache.getLastTermIndex
2022-08-09 05:43:03,972 [Thread-481] TRACE segmented.SegmentedRaftLogCache (AutoCloseableReadWriteLock.java:logLocking(65)) -   s2@group-A8EB2453EBF5: readLock ACQUIRED 2 by SegmentedRaftLogCache$LogSegmentList.size
2022-08-09 05:43:03,972 [Thread-481] TRACE segmented.SegmentedRaftLogCache (AutoCloseableReadWriteLock.java:logLocking(65)) -   s2@group-A8EB2453EBF5: readLock RELEASED 1 by SegmentedRaftLogCache$LogSegmentList.size
2022-08-09 05:43:03,972 [Thread-481] TRACE segmented.SegmentedRaftLogCache (AutoCloseableReadWriteLock.java:logLocking(65)) - s2@group-A8EB2453EBF5: readLock RELEASED 0 by SegmentedRaftLogCache.computeTruncateIndices
2022-08-09 05:43:03,972 [Thread-481] DEBUG raftlog.RaftLog (SegmentedRaftLog.java:appendImpl(447)) - truncateIndex=-1, arrayIndex=0
2022-08-09 05:43:03,972 [s1@group-A8EB2453EBF5-LeaderStateImpl] TRACE segmented.SegmentedRaftLogCache (AutoCloseableReadWriteLock.java:logLocking(65)) -   s1@group-A8EB2453EBF5: readLock ACQUIRED 2 by SegmentedRaftLogCache.getStartIndex
2022-08-09 05:43:03,972 [Thread-481] TRACE segmented.SegmentedRaftLogCache (AutoCloseableReadWriteLock.java:logLocking(65)) - s2@group-A8EB2453EBF5: readLock ACQUIRED 1 by SegmentedRaftLogCache$LogSegmentList.countCached
2022-08-09 05:43:03,973 [Thread-481] TRACE segmented.SegmentedRaftLogCache (AutoCloseableReadWriteLock.java:logLocking(65)) - s2@group-A8EB2453EBF5: readLock RELEASED 0 by SegmentedRaftLogCache$LogSegmentList.countCached
2022-08-09 05:43:03,972 [s1@group-A8EB2453EBF5->s0-LogAppenderDefault-LogAppenderDaemon] TRACE segmented.SegmentedRaftLogCache (AutoCloseableReadWriteLock.java:logLocking(65)) -   s1@group-A8EB2453EBF5: readLock ACQUIRED 2 by SegmentedRaftLogCache.getLastTermIndex
2022-08-09 05:43:03,973 [s1@group-A8EB2453EBF5->s0-LogAppenderDefault-LogAppenderDaemon] TRACE segmented.SegmentedRaftLogCache (AutoCloseableReadWriteLock.java:logLocking(65)) -     s1@group-A8EB2453EBF5: readLock RELEASED 2 by SegmentedRaftLogCache.getLastTermIndex
2022-08-09 05:43:03,973 [Thread-481] TRACE segmented.SegmentedRaftLogCache (AutoCloseableReadWriteLock.java:logLocking(65)) - s2@group-A8EB2453EBF5: readLock ACQUIRED 1 by SegmentedRaftLogCache$LogSegmentList.getTotalCacheSize
2022-08-09 05:43:03,973 [Thread-481] TRACE segmented.SegmentedRaftLogCache (AutoCloseableReadWriteLock.java:logLocking(65)) - s2@group-A8EB2453EBF5: readLock RELEASED 0 by SegmentedRaftLogCache$LogSegmentList.getTotalCacheSize
2022-08-09 05:43:03,972 [s1@group-A8EB2453EBF5-LeaderStateImpl] TRACE segmented.SegmentedRaftLogCache (AutoCloseableReadWriteLock.java:logLocking(65)) -     s1@group-A8EB2453EBF5: readLock ACQUIRED 3 by SegmentedRaftLogCache$LogSegmentList.isEmpty
2022-08-09 05:43:03,973 [s1@group-A8EB2453EBF5-LeaderStateImpl] TRACE segmented.SegmentedRaftLogCache (AutoCloseableReadWriteLock.java:logLocking(65)) -     s1@group-A8EB2453EBF5: readLock RELEASED 2 by SegmentedRaftLogCache$LogSegmentList.isEmpty
2022-08-09 05:43:03,973 [s1@group-A8EB2453EBF5-LeaderStateImpl] TRACE segmented.SegmentedRaftLogCache (AutoCloseableReadWriteLock.java:logLocking(65)) -   s1@group-A8EB2453EBF5: readLock RELEASED 1 by SegmentedRaftLogCache.getStartIndex
2022-08-09 05:43:03,973 [Thread-481] DEBUG segmented.SegmentedRaftLogWorker (SegmentedRaftLogWorker.java:addIOTask(270)) - s2@group-A8EB2453EBF5-SegmentedRaftLogWorker adds IO task WriteLog:16: (t:1, i:16), METADATAENTRY(c:15)
2022-08-09 05:43:03,973 [s1@group-A8EB2453EBF5->s0-LogAppenderDefault-LogAppenderDaemon] TRACE segmented.SegmentedRaftLogCache (AutoCloseableReadWriteLock.java:logLocking(65)) -     s1@group-A8EB2453EBF5: readLock ACQUIRED 3 by SegmentedRaftLogCache.getStartIndex
2022-08-09 05:43:03,973 [s1@group-A8EB2453EBF5->s0-LogAppenderDefault-LogAppenderDaemon] TRACE segmented.SegmentedRaftLogCache (AutoCloseableReadWriteLock.java:logLocking(65)) -     s1@group-A8EB2453EBF5: readLock ACQUIRED 3 by SegmentedRaftLogCache$LogSegmentList.isEmpty
2022-08-09 05:43:03,973 [s1@group-A8EB2453EBF5->s0-LogAppenderDefault-LogAppenderDaemon] TRACE segmented.SegmentedRaftLogCache (AutoCloseableReadWriteLock.java:logLocking(65)) -     s1@group-A8EB2453EBF5: readLock RELEASED 2 by SegmentedRaftLogCache$LogSegmentList.isEmpty
2022-08-09 05:43:03,973 [s1@group-A8EB2453EBF5->s0-LogAppenderDefault-LogAppenderDaemon] TRACE segmented.SegmentedRaftLogCache (AutoCloseableReadWriteLock.java:logLocking(65)) -   s1@group-A8EB2453EBF5: readLock RELEASED 1 by SegmentedRaftLogCache.getStartIndex
2022-08-09 05:43:03,973 [s1@group-A8EB2453EBF5->s0-LogAppenderDefault-LogAppenderDaemon] TRACE segmented.SegmentedRaftLogCache (AutoCloseableReadWriteLock.java:logLocking(65)) -   s1@group-A8EB2453EBF5: readLock ACQUIRED 2 by SegmentedRaftLogCache.getLastTermIndex
2022-08-09 05:43:03,973 [s1@group-A8EB2453EBF5->s0-LogAppenderDefault-LogAppenderDaemon] TRACE segmented.SegmentedRaftLogCache (AutoCloseableReadWriteLock.java:logLocking(65)) -   s1@group-A8EB2453EBF5: readLock RELEASED 1 by SegmentedRaftLogCache.getLastTermIndex
2022-08-09 05:43:03,973 [s1@group-A8EB2453EBF5-LeaderStateImpl] TRACE segmented.SegmentedRaftLogCache (AutoCloseableReadWriteLock.java:logLocking(65)) -   s1@group-A8EB2453EBF5: readLock ACQUIRED 2 by SegmentedRaftLogCache.getEndIndex
2022-08-09 05:43:03,973 [s1@group-A8EB2453EBF5-LeaderStateImpl] TRACE segmented.SegmentedRaftLogCache (AutoCloseableReadWriteLock.java:logLocking(65)) - s1@group-A8EB2453EBF5: readLock RELEASED 0 by SegmentedRaftLogCache.getEndIndex
2022-08-09 05:43:03,973 [s1@group-A8EB2453EBF5-LeaderStateImpl] TRACE segmented.SegmentedRaftLogCache (AutoCloseableReadWriteLock.java:logLocking(65)) - s1@group-A8EB2453EBF5: readLock ACQUIRED 1 by SegmentedRaftLogCache$LogSegmentList.getTermIndex
2022-08-09 05:43:03,973 [s1@group-A8EB2453EBF5-LeaderStateImpl] TRACE segmented.SegmentedRaftLogCache (AutoCloseableReadWriteLock.java:logLocking(65)) - s1@group-A8EB2453EBF5: readLock RELEASED 0 by SegmentedRaftLogCache$LogSegmentList.getTermIndex
2022-08-09 05:43:03,973 [s2@group-A8EB2453EBF5-SegmentedRaftLogWorker] DEBUG segmented.SegmentedRaftLogWorker (SegmentedRaftLogWorker.java:flushIfNecessary(365)) - s2@group-A8EB2453EBF5-SegmentedRaftLogWorker: flush SegmentedRaftLogOutputStream(/home/runner/work/ratis/ratis/ratis-test/target/test/data/2baaa1de/MiniRaftClusterWithSimulatedRpc3b4f24d4/s2/bbd46d57-59f4-4845-aaae-a8eb2453ebf5/current/log_inprogress_0)
2022-08-09 05:43:03,973 [Thread-481] TRACE segmented.SegmentedRaftLogCache (AutoCloseableReadWriteLock.java:logLocking(65)) - s2@group-A8EB2453EBF5: readLock ACQUIRED 1 by SegmentedRaftLogCache.getLastTermIndex
2022-08-09 05:43:03,974 [Thread-481] TRACE segmented.SegmentedRaftLogCache (AutoCloseableReadWriteLock.java:logLocking(65)) - s2@group-A8EB2453EBF5: readLock RELEASED 0 by SegmentedRaftLogCache.getLastTermIndex
2022-08-09 05:43:03,974 [Thread-481] TRACE segmented.SegmentedRaftLogCache (AutoCloseableReadWriteLock.java:logLocking(65)) - s2@group-A8EB2453EBF5: readLock ACQUIRED 1 by SegmentedRaftLogCache$LogSegmentList.countCached
2022-08-09 05:43:03,974 [Thread-481] TRACE segmented.SegmentedRaftLogCache (AutoCloseableReadWriteLock.java:logLocking(65)) - s2@group-A8EB2453EBF5: readLock RELEASED 0 by SegmentedRaftLogCache$LogSegmentList.countCached
2022-08-09 05:43:03,974 [Thread-481] TRACE segmented.SegmentedRaftLogCache (AutoCloseableReadWriteLock.java:logLocking(65)) - s2@group-A8EB2453EBF5: readLock ACQUIRED 1 by SegmentedRaftLogCache$LogSegmentList.getTotalCacheSize
2022-08-09 05:43:03,974 [Thread-481] TRACE segmented.SegmentedRaftLogCache (AutoCloseableReadWriteLock.java:logLocking(65)) - s2@group-A8EB2453EBF5: readLock RELEASED 0 by SegmentedRaftLogCache$LogSegmentList.getTotalCacheSize
2022-08-09 05:43:03,974 [Thread-481] DEBUG segmented.SegmentedRaftLogWorker (SegmentedRaftLogWorker.java:addIOTask(270)) - s2@group-A8EB2453EBF5-SegmentedRaftLogWorker adds IO task WriteLog:17: (t:1, i:17), STATEMACHINELOGENTRY, StateMachineLogEntryProto:178@client-65F24773FB27
2022-08-09 05:43:03,974 [s2@group-A8EB2453EBF5-SegmentedRaftLogWorker] DEBUG segmented.SegmentedRaftLogWorker (SegmentedRaftLogWorker.java:flushIfNecessary(365)) - s2@group-A8EB2453EBF5-SegmentedRaftLogWorker: flush SegmentedRaftLogOutputStream(/home/runner/work/ratis/ratis/ratis-test/target/test/data/2baaa1de/MiniRaftClusterWithSimulatedRpc3b4f24d4/s2/bbd46d57-59f4-4845-aaae-a8eb2453ebf5/current/log_inprogress_0)
2022-08-09 05:43:03,973 [Thread-464] TRACE segmented.SegmentedRaftLogCache (AutoCloseableReadWriteLock.java:logLocking(65)) - s0@group-A8EB2453EBF5: readLock ACQUIRED 1 by SegmentedRaftLogCache.computeTruncateIndices
2022-08-09 05:43:03,974 [Thread-464] TRACE segmented.SegmentedRaftLogCache (AutoCloseableReadWriteLock.java:logLocking(65)) -   s0@group-A8EB2453EBF5: readLock ACQUIRED 2 by SegmentedRaftLogCache$LogSegmentList.binarySearch
2022-08-09 05:43:03,974 [Thread-464] TRACE segmented.SegmentedRaftLogCache (AutoCloseableReadWriteLock.java:logLocking(65)) -   s0@group-A8EB2453EBF5: readLock RELEASED 1 by SegmentedRaftLogCache$LogSegmentList.binarySearch
2022-08-09 05:43:03,974 [Thread-464] TRACE segmented.SegmentedRaftLogCache (AutoCloseableReadWriteLock.java:logLocking(65)) -   s0@group-A8EB2453EBF5: readLock ACQUIRED 2 by SegmentedRaftLogCache$LogSegmentList.size
2022-08-09 05:43:03,974 [Thread-464] TRACE segmented.SegmentedRaftLogCache (AutoCloseableReadWriteLock.java:logLocking(65)) -   s0@group-A8EB2453EBF5: readLock RELEASED 1 by SegmentedRaftLogCache$LogSegmentList.size
2022-08-09 05:43:03,974 [Thread-464] TRACE segmented.SegmentedRaftLogCache (AutoCloseableReadWriteLock.java:logLocking(65)) - s0@group-A8EB2453EBF5: readLock RELEASED 0 by SegmentedRaftLogCache.computeTruncateIndices
2022-08-09 05:43:03,974 [Thread-464] DEBUG raftlog.RaftLog (SegmentedRaftLog.java:appendImpl(447)) - truncateIndex=-1, arrayIndex=0
2022-08-09 05:43:03,974 [Thread-464] TRACE segmented.SegmentedRaftLogCache (AutoCloseableReadWriteLock.java:logLocking(65)) - s0@group-A8EB2453EBF5: readLock ACQUIRED 1 by SegmentedRaftLogCache.getLastTermIndex
2022-08-09 05:43:03,975 [Thread-464] TRACE segmented.SegmentedRaftLogCache (AutoCloseableReadWriteLock.java:logLocking(65)) - s0@group-A8EB2453EBF5: readLock RELEASED 0 by SegmentedRaftLogCache.getLastTermIndex
2022-08-09 05:43:03,975 [Thread-464] TRACE segmented.SegmentedRaftLogCache (AutoCloseableReadWriteLock.java:logLocking(65)) - s0@group-A8EB2453EBF5: readLock ACQUIRED 1 by SegmentedRaftLogCache$LogSegmentList.countCached
2022-08-09 05:43:03,975 [Thread-464] TRACE segmented.SegmentedRaftLogCache (AutoCloseableReadWriteLock.java:logLocking(65)) - s0@group-A8EB2453EBF5: readLock RELEASED 0 by SegmentedRaftLogCache$LogSegmentList.countCached
2022-08-09 05:43:03,975 [Thread-464] TRACE segmented.SegmentedRaftLogCache (AutoCloseableReadWriteLock.java:logLocking(65)) - s0@group-A8EB2453EBF5: readLock ACQUIRED 1 by SegmentedRaftLogCache$LogSegmentList.getTotalCacheSize
2022-08-09 05:43:03,975 [Thread-464] TRACE segmented.SegmentedRaftLogCache (AutoCloseableReadWriteLock.java:logLocking(65)) - s0@group-A8EB2453EBF5: readLock RELEASED 0 by SegmentedRaftLogCache$LogSegmentList.getTotalCacheSize
2022-08-09 05:43:03,975 [Thread-464] DEBUG segmented.SegmentedRaftLogWorker (SegmentedRaftLogWorker.java:addIOTask(270)) - s0@group-A8EB2453EBF5-SegmentedRaftLogWorker adds IO task WriteLog:17: (t:1, i:17), STATEMACHINELOGENTRY, StateMachineLogEntryProto:178@client-65F24773FB27
2022-08-09 05:43:03,975 [s0@group-A8EB2453EBF5-SegmentedRaftLogWorker] DEBUG segmented.SegmentedRaftLogWorker (SegmentedRaftLogWorker.java:flushIfNecessary(365)) - s0@group-A8EB2453EBF5-SegmentedRaftLogWorker: flush SegmentedRaftLogOutputStream(/home/runner/work/ratis/ratis/ratis-test/target/test/data/2baaa1de/MiniRaftClusterWithSimulatedRpc3b4f24d4/s0/bbd46d57-59f4-4845-aaae-a8eb2453ebf5/current/log_inprogress_0)
2022-08-09 05:43:03,975 [s2@group-A8EB2453EBF5-StateMachineUpdater] INFO  statemachine.SimpleStateMachine4Testing (SimpleStateMachine4Testing.java:put(204)) - s2: put 15, m7 -> (t:1, i:15), STATEMACHINELOGENTRY, 175@client-65F24773FB27
2022-08-09 05:43:03,976 [s1@group-A8EB2453EBF5->s0-LogAppenderDefault-LogAppenderDaemon] TRACE segmented.SegmentedRaftLogCache (AutoCloseableReadWriteLock.java:logLocking(65)) - s1@group-A8EB2453EBF5: readLock ACQUIRED 1 by SegmentedRaftLogCache.getLastTermIndex
2022-08-09 05:43:03,976 [s1@group-A8EB2453EBF5->s0-LogAppenderDefault-LogAppenderDaemon] TRACE segmented.SegmentedRaftLogCache (AutoCloseableReadWriteLock.java:logLocking(65)) - s1@group-A8EB2453EBF5: readLock RELEASED 0 by SegmentedRaftLogCache.getLastTermIndex
2022-08-09 05:43:03,976 [s1@group-A8EB2453EBF5-LeaderStateImpl] TRACE segmented.SegmentedRaftLogCache (AutoCloseableReadWriteLock.java:logLocking(65)) - s1@group-A8EB2453EBF5: readLock ACQUIRED 1 by SegmentedRaftLogCache.getStartIndex
2022-08-09 05:43:03,976 [s1@group-A8EB2453EBF5-LeaderStateImpl] TRACE segmented.SegmentedRaftLogCache (AutoCloseableReadWriteLock.java:logLocking(65)) -   s1@group-A8EB2453EBF5: readLock ACQUIRED 2 by SegmentedRaftLogCache$LogSegmentList.isEmpty
2022-08-09 05:43:03,976 [s1@group-A8EB2453EBF5-LeaderStateImpl] TRACE segmented.SegmentedRaftLogCache (AutoCloseableReadWriteLock.java:logLocking(65)) -     s1@group-A8EB2453EBF5: readLock RELEASED 2 by SegmentedRaftLogCache$LogSegmentList.isEmpty
2022-08-09 05:43:03,976 [s1@group-A8EB2453EBF5-LeaderStateImpl] TRACE segmented.SegmentedRaftLogCache (AutoCloseableReadWriteLock.java:logLocking(65)) -   s1@group-A8EB2453EBF5: readLock RELEASED 1 by SegmentedRaftLogCache.getStartIndex
2022-08-09 05:43:03,976 [s1@group-A8EB2453EBF5->s0-LogAppenderDefault-LogAppenderDaemon] TRACE segmented.SegmentedRaftLogCache (AutoCloseableReadWriteLock.java:logLocking(65)) -   s1@group-A8EB2453EBF5: readLock ACQUIRED 2 by SegmentedRaftLogCache.getLastTermIndex
2022-08-09 05:43:03,976 [s1@group-A8EB2453EBF5->s0-LogAppenderDefault-LogAppenderDaemon] TRACE segmented.SegmentedRaftLogCache (AutoCloseableReadWriteLock.java:logLocking(65)) -     s1@group-A8EB2453EBF5: readLock RELEASED 2 by SegmentedRaftLogCache.getLastTermIndex
2022-08-09 05:43:03,976 [s1@group-A8EB2453EBF5->s2-LogAppenderDefault-LogAppenderDaemon] TRACE segmented.SegmentedRaftLogCache (AutoCloseableReadWriteLock.java:logLocking(65)) -     s1@group-A8EB2453EBF5: readLock ACQUIRED 2 by SegmentedRaftLogCache.getLastTermIndex
2022-08-09 05:43:03,976 [s1@group-A8EB2453EBF5->s2-LogAppenderDefault-LogAppenderDaemon] TRACE segmented.SegmentedRaftLogCache (AutoCloseableReadWriteLock.java:logLocking(65)) -     s1@group-A8EB2453EBF5: readLock RELEASED 2 by SegmentedRaftLogCache.getLastTermIndex
2022-08-09 05:43:03,976 [s1@group-A8EB2453EBF5->s0-LogAppenderDefault-LogAppenderDaemon] TRACE segmented.SegmentedRaftLogCache (AutoCloseableReadWriteLock.java:logLocking(65)) -     s1@group-A8EB2453EBF5: readLock ACQUIRED 3 by SegmentedRaftLogCache.getLastTermIndex
2022-08-09 05:43:03,976 [s1@group-A8EB2453EBF5->s0-LogAppenderDefault-LogAppenderDaemon] TRACE segmented.SegmentedRaftLogCache (AutoCloseableReadWriteLock.java:logLocking(65)) -   s1@group-A8EB2453EBF5: readLock RELEASED 1 by SegmentedRaftLogCache.getLastTermIndex
2022-08-09 05:43:03,976 [s1@group-A8EB2453EBF5-LeaderStateImpl] TRACE segmented.SegmentedRaftLogCache (AutoCloseableReadWriteLock.java:logLocking(65)) -     s1@group-A8EB2453EBF5: readLock ACQUIRED 3 by SegmentedRaftLogCache.getEndIndex
2022-08-09 05:43:03,976 [s1@group-A8EB2453EBF5-LeaderStateImpl] TRACE segmented.SegmentedRaftLogCache (AutoCloseableReadWriteLock.java:logLocking(65)) - s1@group-A8EB2453EBF5: readLock RELEASED 0 by SegmentedRaftLogCache.getEndIndex
2022-08-09 05:43:03,976 [s1@group-A8EB2453EBF5-LeaderStateImpl] TRACE segmented.SegmentedRaftLogCache (AutoCloseableReadWriteLock.java:logLocking(65)) - s1@group-A8EB2453EBF5: readLock ACQUIRED 1 by SegmentedRaftLogCache$LogSegmentList.getTermIndex
2022-08-09 05:43:03,976 [s1@group-A8EB2453EBF5-LeaderStateImpl] TRACE segmented.SegmentedRaftLogCache (AutoCloseableReadWriteLock.java:logLocking(65)) - s1@group-A8EB2453EBF5: readLock RELEASED 0 by SegmentedRaftLogCache$LogSegmentList.getTermIndex
2022-08-09 05:43:03,976 [s1@group-A8EB2453EBF5-LeaderStateImpl] TRACE segmented.SegmentedRaftLogCache (AutoCloseableReadWriteLock.java:logLocking(65)) - s1@group-A8EB2453EBF5: readLock ACQUIRED 1 by SegmentedRaftLogCache.getLastTermIndex
2022-08-09 05:43:03,976 [s1@group-A8EB2453EBF5-LeaderStateImpl] TRACE segmented.SegmentedRaftLogCache (AutoCloseableReadWriteLock.java:logLocking(65)) - s1@group-A8EB2453EBF5: readLock RELEASED 0 by SegmentedRaftLogCache.getLastTermIndex
2022-08-09 05:43:03,976 [s1@group-A8EB2453EBF5-StateMachineUpdater] INFO  statemachine.SimpleStateMachine4Testing (SimpleStateMachine4Testing.java:put(204)) - s1: put 17, m8 -> (t:1, i:17), STATEMACHINELOGENTRY, 178@client-65F24773FB27
2022-08-09 05:43:03,976 [s1@group-A8EB2453EBF5-LeaderStateImpl] TRACE segmented.SegmentedRaftLogCache (AutoCloseableReadWriteLock.java:logLocking(65)) - s1@group-A8EB2453EBF5: readLock ACQUIRED 1 by SegmentedRaftLogCache$LogSegmentList.countCached
2022-08-09 05:43:03,977 [s1@group-A8EB2453EBF5-LeaderStateImpl] TRACE segmented.SegmentedRaftLogCache (AutoCloseableReadWriteLock.java:logLocking(65)) - s1@group-A8EB2453EBF5: readLock RELEASED 0 by SegmentedRaftLogCache$LogSegmentList.countCached
2022-08-09 05:43:03,977 [s1@group-A8EB2453EBF5-LeaderStateImpl] TRACE segmented.SegmentedRaftLogCache (AutoCloseableReadWriteLock.java:logLocking(65)) - s1@group-A8EB2453EBF5: readLock ACQUIRED 1 by SegmentedRaftLogCache$LogSegmentList.getTotalCacheSize
2022-08-09 05:43:03,977 [s1@group-A8EB2453EBF5-LeaderStateImpl] TRACE segmented.SegmentedRaftLogCache (AutoCloseableReadWriteLock.java:logLocking(65)) - s1@group-A8EB2453EBF5: readLock RELEASED 0 by SegmentedRaftLogCache$LogSegmentList.getTotalCacheSize
2022-08-09 05:43:03,977 [s1@group-A8EB2453EBF5-LeaderStateImpl] DEBUG segmented.SegmentedRaftLogWorker (SegmentedRaftLogWorker.java:addIOTask(270)) - s1@group-A8EB2453EBF5-SegmentedRaftLogWorker adds IO task WriteLog:18: (t:1, i:18), METADATAENTRY(c:17)
2022-08-09 05:43:03,977 [s1@group-A8EB2453EBF5-SegmentedRaftLogWorker] DEBUG segmented.SegmentedRaftLogWorker (SegmentedRaftLogWorker.java:flushIfNecessary(365)) - s1@group-A8EB2453EBF5-SegmentedRaftLogWorker: flush SegmentedRaftLogOutputStream(/home/runner/work/ratis/ratis/ratis-test/target/test/data/2baaa1de/MiniRaftClusterWithSimulatedRpc3b4f24d4/s1/bbd46d57-59f4-4845-aaae-a8eb2453ebf5/current/log_inprogress_0)
2022-08-09 05:43:03,977 [s1-client-thread1] TRACE segmented.SegmentedRaftLogCache (AutoCloseableReadWriteLock.java:logLocking(65)) - s1@group-A8EB2453EBF5: readLock ACQUIRED 1 by SegmentedRaftLogCache.getLastTermIndex
2022-08-09 05:43:03,977 [s1-client-thread1] TRACE segmented.SegmentedRaftLogCache (AutoCloseableReadWriteLock.java:logLocking(65)) - s1@group-A8EB2453EBF5: readLock RELEASED 0 by SegmentedRaftLogCache.getLastTermIndex
2022-08-09 05:43:03,977 [s1-client-thread1] TRACE segmented.SegmentedRaftLogCache (AutoCloseableReadWriteLock.java:logLocking(65)) - s1@group-A8EB2453EBF5: readLock ACQUIRED 1 by SegmentedRaftLogCache.getLastTermIndex
2022-08-09 05:43:03,977 [s1-client-thread1] TRACE segmented.SegmentedRaftLogCache (AutoCloseableReadWriteLock.java:logLocking(65)) - s1@group-A8EB2453EBF5: readLock RELEASED 0 by SegmentedRaftLogCache.getLastTermIndex
2022-08-09 05:43:03,977 [s1-client-thread1] TRACE segmented.SegmentedRaftLogCache (AutoCloseableReadWriteLock.java:logLocking(65)) - s1@group-A8EB2453EBF5: readLock ACQUIRED 1 by SegmentedRaftLogCache$LogSegmentList.countCached
2022-08-09 05:43:03,977 [s1-client-thread1] TRACE segmented.SegmentedRaftLogCache (AutoCloseableReadWriteLock.java:logLocking(65)) - s1@group-A8EB2453EBF5: readLock RELEASED 0 by SegmentedRaftLogCache$LogSegmentList.countCached
2022-08-09 05:43:03,977 [s1-client-thread1] TRACE segmented.SegmentedRaftLogCache (AutoCloseableReadWriteLock.java:logLocking(65)) - s1@group-A8EB2453EBF5: readLock ACQUIRED 1 by SegmentedRaftLogCache$LogSegmentList.getTotalCacheSize
2022-08-09 05:43:03,978 [s1-client-thread1] TRACE segmented.SegmentedRaftLogCache (AutoCloseableReadWriteLock.java:logLocking(65)) - s1@group-A8EB2453EBF5: readLock RELEASED 0 by SegmentedRaftLogCache$LogSegmentList.getTotalCacheSize
2022-08-09 05:43:03,978 [s1-client-thread1] DEBUG segmented.SegmentedRaftLogWorker (SegmentedRaftLogWorker.java:addIOTask(270)) - s1@group-A8EB2453EBF5-SegmentedRaftLogWorker adds IO task WriteLog:19: (t:1, i:19), STATEMACHINELOGENTRY, StateMachineLogEntryProto:182@client-65F24773FB27
2022-08-09 05:43:03,978 [s1@group-A8EB2453EBF5-SegmentedRaftLogWorker] DEBUG segmented.SegmentedRaftLogWorker (SegmentedRaftLogWorker.java:flushIfNecessary(365)) - s1@group-A8EB2453EBF5-SegmentedRaftLogWorker: flush SegmentedRaftLogOutputStream(/home/runner/work/ratis/ratis/ratis-test/target/test/data/2baaa1de/MiniRaftClusterWithSimulatedRpc3b4f24d4/s1/bbd46d57-59f4-4845-aaae-a8eb2453ebf5/current/log_inprogress_0)
2022-08-09 05:43:03,978 [s1@group-A8EB2453EBF5->s2-LogAppenderDefault-LogAppenderDaemon] TRACE segmented.SegmentedRaftLogCache (AutoCloseableReadWriteLock.java:logLocking(65)) -   s1@group-A8EB2453EBF5: readLock ACQUIRED 2 by SegmentedRaftLogCache.getLastTermIndex
2022-08-09 05:43:03,978 [s1@group-A8EB2453EBF5->s2-LogAppenderDefault-LogAppenderDaemon] TRACE segmented.SegmentedRaftLogCache (AutoCloseableReadWriteLock.java:logLocking(65)) -   s1@group-A8EB2453EBF5: readLock RELEASED 1 by SegmentedRaftLogCache.getLastTermIndex
2022-08-09 05:43:03,978 [s1@group-A8EB2453EBF5->s2-LogAppenderDefault-LogAppenderDaemon] TRACE segmented.SegmentedRaftLogCache (AutoCloseableReadWriteLock.java:logLocking(65)) -   s1@group-A8EB2453EBF5: readLock ACQUIRED 2 by SegmentedRaftLogCache.getLastTermIndex
2022-08-09 05:43:03,978 [s1@group-A8EB2453EBF5->s2-LogAppenderDefault-LogAppenderDaemon] TRACE segmented.SegmentedRaftLogCache (AutoCloseableReadWriteLock.java:logLocking(65)) -   s1@group-A8EB2453EBF5: readLock RELEASED 1 by SegmentedRaftLogCache.getLastTermIndex
2022-08-09 05:43:03,978 [s1@group-A8EB2453EBF5->s2-LogAppenderDefault-LogAppenderDaemon] TRACE segmented.SegmentedRaftLogCache (AutoCloseableReadWriteLock.java:logLocking(65)) -   s1@group-A8EB2453EBF5: readLock ACQUIRED 2 by SegmentedRaftLogCache.getStartIndex
2022-08-09 05:43:03,978 [s1@group-A8EB2453EBF5->s2-LogAppenderDefault-LogAppenderDaemon] TRACE segmented.SegmentedRaftLogCache (AutoCloseableReadWriteLock.java:logLocking(65)) -     s1@group-A8EB2453EBF5: readLock ACQUIRED 3 by SegmentedRaftLogCache$LogSegmentList.isEmpty
2022-08-09 05:43:03,978 [s1@group-A8EB2453EBF5->s2-LogAppenderDefault-LogAppenderDaemon] TRACE segmented.SegmentedRaftLogCache (AutoCloseableReadWriteLock.java:logLocking(65)) -     s1@group-A8EB2453EBF5: readLock RELEASED 2 by SegmentedRaftLogCache$LogSegmentList.isEmpty
2022-08-09 05:43:03,978 [s1@group-A8EB2453EBF5->s2-LogAppenderDefault-LogAppenderDaemon] TRACE segmented.SegmentedRaftLogCache (AutoCloseableReadWriteLock.java:logLocking(65)) -   s1@group-A8EB2453EBF5: readLock RELEASED 1 by SegmentedRaftLogCache.getStartIndex
2022-08-09 05:43:03,978 [s1@group-A8EB2453EBF5->s2-LogAppenderDefault-LogAppenderDaemon] TRACE segmented.SegmentedRaftLogCache (AutoCloseableReadWriteLock.java:logLocking(65)) -   s1@group-A8EB2453EBF5: readLock ACQUIRED 2 by SegmentedRaftLogCache.getLastTermIndex
2022-08-09 05:43:03,978 [s1@group-A8EB2453EBF5->s2-LogAppenderDefault-LogAppenderDaemon] TRACE segmented.SegmentedRaftLogCache (AutoCloseableReadWriteLock.java:logLocking(65)) -   s1@group-A8EB2453EBF5: readLock RELEASED 1 by SegmentedRaftLogCache.getLastTermIndex
2022-08-09 05:43:03,978 [Thread-479] TRACE segmented.SegmentedRaftLogCache (AutoCloseableReadWriteLock.java:logLocking(65)) - s2@group-A8EB2453EBF5: readLock ACQUIRED 1 by SegmentedRaftLogCache.computeTruncateIndices
2022-08-09 05:43:03,978 [Thread-479] TRACE segmented.SegmentedRaftLogCache (AutoCloseableReadWriteLock.java:logLocking(65)) -   s2@group-A8EB2453EBF5: readLock ACQUIRED 2 by SegmentedRaftLogCache$LogSegmentList.binarySearch
2022-08-09 05:43:03,978 [Thread-479] TRACE segmented.SegmentedRaftLogCache (AutoCloseableReadWriteLock.java:logLocking(65)) -   s2@group-A8EB2453EBF5: readLock RELEASED 1 by SegmentedRaftLogCache$LogSegmentList.binarySearch
2022-08-09 05:43:03,978 [Thread-479] TRACE segmented.SegmentedRaftLogCache (AutoCloseableReadWriteLock.java:logLocking(65)) -   s2@group-A8EB2453EBF5: readLock ACQUIRED 2 by SegmentedRaftLogCache$LogSegmentList.size
2022-08-09 05:43:03,979 [Thread-479] TRACE segmented.SegmentedRaftLogCache (AutoCloseableReadWriteLock.java:logLocking(65)) -   s2@group-A8EB2453EBF5: readLock RELEASED 1 by SegmentedRaftLogCache$LogSegmentList.size
2022-08-09 05:43:03,979 [Thread-479] TRACE segmented.SegmentedRaftLogCache (AutoCloseableReadWriteLock.java:logLocking(65)) - s2@group-A8EB2453EBF5: readLock RELEASED 0 by SegmentedRaftLogCache.computeTruncateIndices
2022-08-09 05:43:03,979 [Thread-479] DEBUG raftlog.RaftLog (SegmentedRaftLog.java:appendImpl(447)) - truncateIndex=-1, arrayIndex=0
2022-08-09 05:43:03,979 [Thread-479] TRACE segmented.SegmentedRaftLogCache (AutoCloseableReadWriteLock.java:logLocking(65)) - s2@group-A8EB2453EBF5: readLock ACQUIRED 1 by SegmentedRaftLogCache$LogSegmentList.countCached
2022-08-09 05:43:03,979 [Thread-479] TRACE segmented.SegmentedRaftLogCache (AutoCloseableReadWriteLock.java:logLocking(65)) - s2@group-A8EB2453EBF5: readLock RELEASED 0 by SegmentedRaftLogCache$LogSegmentList.countCached
2022-08-09 05:43:03,979 [Thread-479] TRACE segmented.SegmentedRaftLogCache (AutoCloseableReadWriteLock.java:logLocking(65)) - s2@group-A8EB2453EBF5: readLock ACQUIRED 1 by SegmentedRaftLogCache$LogSegmentList.getTotalCacheSize
2022-08-09 05:43:03,979 [Thread-479] TRACE segmented.SegmentedRaftLogCache (AutoCloseableReadWriteLock.java:logLocking(65)) - s2@group-A8EB2453EBF5: readLock RELEASED 0 by SegmentedRaftLogCache$LogSegmentList.getTotalCacheSize
2022-08-09 05:43:03,979 [Thread-479] DEBUG segmented.SegmentedRaftLogWorker (SegmentedRaftLogWorker.java:addIOTask(270)) - s2@group-A8EB2453EBF5-SegmentedRaftLogWorker adds IO task WriteLog:18: (t:1, i:18), METADATAENTRY(c:17)
2022-08-09 05:43:03,979 [Thread-479] TRACE segmented.SegmentedRaftLogCache (AutoCloseableReadWriteLock.java:logLocking(65)) - s2@group-A8EB2453EBF5: readLock ACQUIRED 1 by SegmentedRaftLogCache.getLastTermIndex
2022-08-09 05:43:03,979 [Thread-479] TRACE segmented.SegmentedRaftLogCache (AutoCloseableReadWriteLock.java:logLocking(65)) - s2@group-A8EB2453EBF5: readLock RELEASED 0 by SegmentedRaftLogCache.getLastTermIndex
2022-08-09 05:43:03,979 [Thread-479] TRACE segmented.SegmentedRaftLogCache (AutoCloseableReadWriteLock.java:logLocking(65)) - s2@group-A8EB2453EBF5: readLock ACQUIRED 1 by SegmentedRaftLogCache$LogSegmentList.countCached
2022-08-09 05:43:03,979 [Thread-479] TRACE segmented.SegmentedRaftLogCache (AutoCloseableReadWriteLock.java:logLocking(65)) - s2@group-A8EB2453EBF5: readLock RELEASED 0 by SegmentedRaftLogCache$LogSegmentList.countCached
2022-08-09 05:43:03,979 [Thread-479] TRACE segmented.SegmentedRaftLogCache (AutoCloseableReadWriteLock.java:logLocking(65)) - s2@group-A8EB2453EBF5: readLock ACQUIRED 1 by SegmentedRaftLogCache$LogSegmentList.getTotalCacheSize
2022-08-09 05:43:03,979 [Thread-479] TRACE segmented.SegmentedRaftLogCache (AutoCloseableReadWriteLock.java:logLocking(65)) - s2@group-A8EB2453EBF5: readLock RELEASED 0 by SegmentedRaftLogCache$LogSegmentList.getTotalCacheSize
2022-08-09 05:43:03,979 [Thread-479] DEBUG segmented.SegmentedRaftLogWorker (SegmentedRaftLogWorker.java:addIOTask(270)) - s2@group-A8EB2453EBF5-SegmentedRaftLogWorker adds IO task WriteLog:19: (t:1, i:19), STATEMACHINELOGENTRY, StateMachineLogEntryProto:182@client-65F24773FB27
2022-08-09 05:43:03,980 [s2@group-A8EB2453EBF5-SegmentedRaftLogWorker] DEBUG segmented.SegmentedRaftLogWorker (SegmentedRaftLogWorker.java:flushIfNecessary(365)) - s2@group-A8EB2453EBF5-SegmentedRaftLogWorker: flush SegmentedRaftLogOutputStream(/home/runner/work/ratis/ratis/ratis-test/target/test/data/2baaa1de/MiniRaftClusterWithSimulatedRpc3b4f24d4/s2/bbd46d57-59f4-4845-aaae-a8eb2453ebf5/current/log_inprogress_0)
2022-08-09 05:43:03,978 [s1@group-A8EB2453EBF5->s0-LogAppenderDefault-LogAppenderDaemon] TRACE segmented.SegmentedRaftLogCache (AutoCloseableReadWriteLock.java:logLocking(65)) - s1@group-A8EB2453EBF5: readLock ACQUIRED 1 by SegmentedRaftLogCache.getLastTermIndex
2022-08-09 05:43:03,980 [s1@group-A8EB2453EBF5->s0-LogAppenderDefault-LogAppenderDaemon] TRACE segmented.SegmentedRaftLogCache (AutoCloseableReadWriteLock.java:logLocking(65)) - s1@group-A8EB2453EBF5: readLock RELEASED 0 by SegmentedRaftLogCache.getLastTermIndex
2022-08-09 05:43:03,980 [s1@group-A8EB2453EBF5->s0-LogAppenderDefault-LogAppenderDaemon] TRACE segmented.SegmentedRaftLogCache (AutoCloseableReadWriteLock.java:logLocking(65)) - s1@group-A8EB2453EBF5: readLock ACQUIRED 1 by SegmentedRaftLogCache.getLastTermIndex
2022-08-09 05:43:03,980 [s1@group-A8EB2453EBF5->s0-LogAppenderDefault-LogAppenderDaemon] TRACE segmented.SegmentedRaftLogCache (AutoCloseableReadWriteLock.java:logLocking(65)) - s1@group-A8EB2453EBF5: readLock RELEASED 0 by SegmentedRaftLogCache.getLastTermIndex
2022-08-09 05:43:03,980 [s1@group-A8EB2453EBF5->s0-LogAppenderDefault-LogAppenderDaemon] TRACE segmented.SegmentedRaftLogCache (AutoCloseableReadWriteLock.java:logLocking(65)) - s1@group-A8EB2453EBF5: readLock ACQUIRED 1 by SegmentedRaftLogCache.getStartIndex
2022-08-09 05:43:03,980 [s1@group-A8EB2453EBF5->s0-LogAppenderDefault-LogAppenderDaemon] TRACE segmented.SegmentedRaftLogCache (AutoCloseableReadWriteLock.java:logLocking(65)) -   s1@group-A8EB2453EBF5: readLock ACQUIRED 2 by SegmentedRaftLogCache$LogSegmentList.isEmpty
2022-08-09 05:43:03,980 [s1@group-A8EB2453EBF5->s0-LogAppenderDefault-LogAppenderDaemon] TRACE segmented.SegmentedRaftLogCache (AutoCloseableReadWriteLock.java:logLocking(65)) -   s1@group-A8EB2453EBF5: readLock RELEASED 1 by SegmentedRaftLogCache$LogSegmentList.isEmpty
2022-08-09 05:43:03,980 [s1@group-A8EB2453EBF5->s0-LogAppenderDefault-LogAppenderDaemon] TRACE segmented.SegmentedRaftLogCache (AutoCloseableReadWriteLock.java:logLocking(65)) - s1@group-A8EB2453EBF5: readLock RELEASED 0 by SegmentedRaftLogCache.getStartIndex
2022-08-09 05:43:03,980 [s1@group-A8EB2453EBF5->s0-LogAppenderDefault-LogAppenderDaemon] TRACE segmented.SegmentedRaftLogCache (AutoCloseableReadWriteLock.java:logLocking(65)) - s1@group-A8EB2453EBF5: readLock ACQUIRED 1 by SegmentedRaftLogCache.getLastTermIndex
2022-08-09 05:43:03,980 [s1@group-A8EB2453EBF5->s0-LogAppenderDefault-LogAppenderDaemon] TRACE segmented.SegmentedRaftLogCache (AutoCloseableReadWriteLock.java:logLocking(65)) - s1@group-A8EB2453EBF5: readLock RELEASED 0 by SegmentedRaftLogCache.getLastTermIndex
2022-08-09 05:43:03,980 [Thread-465] TRACE segmented.SegmentedRaftLogCache (AutoCloseableReadWriteLock.java:logLocking(65)) - s0@group-A8EB2453EBF5: readLock ACQUIRED 1 by SegmentedRaftLogCache.computeTruncateIndices
2022-08-09 05:43:03,980 [Thread-465] TRACE segmented.SegmentedRaftLogCache (AutoCloseableReadWriteLock.java:logLocking(65)) -   s0@group-A8EB2453EBF5: readLock ACQUIRED 2 by SegmentedRaftLogCache$LogSegmentList.binarySearch
2022-08-09 05:43:03,980 [Thread-465] TRACE segmented.SegmentedRaftLogCache (AutoCloseableReadWriteLock.java:logLocking(65)) -   s0@group-A8EB2453EBF5: readLock RELEASED 1 by SegmentedRaftLogCache$LogSegmentList.binarySearch
2022-08-09 05:43:03,980 [Thread-465] TRACE segmented.SegmentedRaftLogCache (AutoCloseableReadWriteLock.java:logLocking(65)) -   s0@group-A8EB2453EBF5: readLock ACQUIRED 2 by SegmentedRaftLogCache$LogSegmentList.size
2022-08-09 05:43:03,980 [Thread-465] TRACE segmented.SegmentedRaftLogCache (AutoCloseableReadWriteLock.java:logLocking(65)) -   s0@group-A8EB2453EBF5: readLock RELEASED 1 by SegmentedRaftLogCache$LogSegmentList.size
2022-08-09 05:43:03,980 [Thread-465] TRACE segmented.SegmentedRaftLogCache (AutoCloseableReadWriteLock.java:logLocking(65)) - s0@group-A8EB2453EBF5: readLock RELEASED 0 by SegmentedRaftLogCache.computeTruncateIndices
2022-08-09 05:43:03,980 [Thread-465] DEBUG raftlog.RaftLog (SegmentedRaftLog.java:appendImpl(447)) - truncateIndex=-1, arrayIndex=0
2022-08-09 05:43:03,980 [Thread-465] TRACE segmented.SegmentedRaftLogCache (AutoCloseableReadWriteLock.java:logLocking(65)) - s0@group-A8EB2453EBF5: readLock ACQUIRED 1 by SegmentedRaftLogCache$LogSegmentList.countCached
2022-08-09 05:43:03,980 [Thread-465] TRACE segmented.SegmentedRaftLogCache (AutoCloseableReadWriteLock.java:logLocking(65)) - s0@group-A8EB2453EBF5: readLock RELEASED 0 by SegmentedRaftLogCache$LogSegmentList.countCached
2022-08-09 05:43:03,981 [Thread-465] TRACE segmented.SegmentedRaftLogCache (AutoCloseableReadWriteLock.java:logLocking(65)) - s0@group-A8EB2453EBF5: readLock ACQUIRED 1 by SegmentedRaftLogCache$LogSegmentList.getTotalCacheSize
2022-08-09 05:43:03,981 [Thread-465] TRACE segmented.SegmentedRaftLogCache (AutoCloseableReadWriteLock.java:logLocking(65)) - s0@group-A8EB2453EBF5: readLock RELEASED 0 by SegmentedRaftLogCache$LogSegmentList.getTotalCacheSize
2022-08-09 05:43:03,981 [Thread-465] DEBUG segmented.SegmentedRaftLogWorker (SegmentedRaftLogWorker.java:addIOTask(270)) - s0@group-A8EB2453EBF5-SegmentedRaftLogWorker adds IO task WriteLog:18: (t:1, i:18), METADATAENTRY(c:17)
2022-08-09 05:43:03,981 [Thread-465] TRACE segmented.SegmentedRaftLogCache (AutoCloseableReadWriteLock.java:logLocking(65)) - s0@group-A8EB2453EBF5: readLock ACQUIRED 1 by SegmentedRaftLogCache.getLastTermIndex
2022-08-09 05:43:03,981 [Thread-465] TRACE segmented.SegmentedRaftLogCache (AutoCloseableReadWriteLock.java:logLocking(65)) - s0@group-A8EB2453EBF5: readLock RELEASED 0 by SegmentedRaftLogCache.getLastTermIndex
2022-08-09 05:43:03,981 [Thread-465] TRACE segmented.SegmentedRaftLogCache (AutoCloseableReadWriteLock.java:logLocking(65)) - s0@group-A8EB2453EBF5: readLock ACQUIRED 1 by SegmentedRaftLogCache$LogSegmentList.countCached
2022-08-09 05:43:03,981 [Thread-465] TRACE segmented.SegmentedRaftLogCache (AutoCloseableReadWriteLock.java:logLocking(65)) - s0@group-A8EB2453EBF5: readLock RELEASED 0 by SegmentedRaftLogCache$LogSegmentList.countCached
2022-08-09 05:43:03,981 [Thread-465] TRACE segmented.SegmentedRaftLogCache (AutoCloseableReadWriteLock.java:logLocking(65)) - s0@group-A8EB2453EBF5: readLock ACQUIRED 1 by SegmentedRaftLogCache$LogSegmentList.getTotalCacheSize
2022-08-09 05:43:03,981 [Thread-465] TRACE segmented.SegmentedRaftLogCache (AutoCloseableReadWriteLock.java:logLocking(65)) - s0@group-A8EB2453EBF5: readLock RELEASED 0 by SegmentedRaftLogCache$LogSegmentList.getTotalCacheSize
2022-08-09 05:43:03,981 [Thread-465] DEBUG segmented.SegmentedRaftLogWorker (SegmentedRaftLogWorker.java:addIOTask(270)) - s0@group-A8EB2453EBF5-SegmentedRaftLogWorker adds IO task WriteLog:19: (t:1, i:19), STATEMACHINELOGENTRY, StateMachineLogEntryProto:182@client-65F24773FB27
2022-08-09 05:43:03,981 [s0@group-A8EB2453EBF5-SegmentedRaftLogWorker] DEBUG segmented.SegmentedRaftLogWorker (SegmentedRaftLogWorker.java:flushIfNecessary(365)) - s0@group-A8EB2453EBF5-SegmentedRaftLogWorker: flush SegmentedRaftLogOutputStream(/home/runner/work/ratis/ratis/ratis-test/target/test/data/2baaa1de/MiniRaftClusterWithSimulatedRpc3b4f24d4/s0/bbd46d57-59f4-4845-aaae-a8eb2453ebf5/current/log_inprogress_0)
2022-08-09 05:43:03,982 [s2@group-A8EB2453EBF5-StateMachineUpdater] INFO  statemachine.SimpleStateMachine4Testing (SimpleStateMachine4Testing.java:put(204)) - s2: put 17, m8 -> (t:1, i:17), STATEMACHINELOGENTRY, 178@client-65F24773FB27
2022-08-09 05:43:03,982 [s0@group-A8EB2453EBF5-StateMachineUpdater] INFO  statemachine.SimpleStateMachine4Testing (SimpleStateMachine4Testing.java:put(204)) - s0: put 17, m8 -> (t:1, i:17), STATEMACHINELOGENTRY, 178@client-65F24773FB27
2022-08-09 05:43:03,982 [s1@group-A8EB2453EBF5->s2-LogAppenderDefault-LogAppenderDaemon] TRACE segmented.SegmentedRaftLogCache (AutoCloseableReadWriteLock.java:logLocking(65)) - s1@group-A8EB2453EBF5: readLock ACQUIRED 1 by SegmentedRaftLogCache.getLastTermIndex
2022-08-09 05:43:03,982 [s1@group-A8EB2453EBF5->s2-LogAppenderDefault-LogAppenderDaemon] TRACE segmented.SegmentedRaftLogCache (AutoCloseableReadWriteLock.java:logLocking(65)) - s1@group-A8EB2453EBF5: readLock RELEASED 0 by SegmentedRaftLogCache.getLastTermIndex
2022-08-09 05:43:03,982 [s1@group-A8EB2453EBF5->s0-LogAppenderDefault-LogAppenderDaemon] TRACE segmented.SegmentedRaftLogCache (AutoCloseableReadWriteLock.java:logLocking(65)) - s1@group-A8EB2453EBF5: readLock ACQUIRED 1 by SegmentedRaftLogCache.getLastTermIndex
2022-08-09 05:43:03,982 [s1@group-A8EB2453EBF5->s0-LogAppenderDefault-LogAppenderDaemon] TRACE segmented.SegmentedRaftLogCache (AutoCloseableReadWriteLock.java:logLocking(65)) - s1@group-A8EB2453EBF5: readLock RELEASED 0 by SegmentedRaftLogCache.getLastTermIndex
2022-08-09 05:43:03,982 [s1@group-A8EB2453EBF5->s2-LogAppenderDefault-LogAppenderDaemon] TRACE segmented.SegmentedRaftLogCache (AutoCloseableReadWriteLock.java:logLocking(65)) - s1@group-A8EB2453EBF5: readLock ACQUIRED 1 by SegmentedRaftLogCache.getLastTermIndex
2022-08-09 05:43:03,982 [s1@group-A8EB2453EBF5->s2-LogAppenderDefault-LogAppenderDaemon] TRACE segmented.SegmentedRaftLogCache (AutoCloseableReadWriteLock.java:logLocking(65)) - s1@group-A8EB2453EBF5: readLock RELEASED 0 by SegmentedRaftLogCache.getLastTermIndex
2022-08-09 05:43:03,982 [s1@group-A8EB2453EBF5->s2-LogAppenderDefault-LogAppenderDaemon] TRACE segmented.SegmentedRaftLogCache (AutoCloseableReadWriteLock.java:logLocking(65)) - s1@group-A8EB2453EBF5: readLock ACQUIRED 1 by SegmentedRaftLogCache.getLastTermIndex
2022-08-09 05:43:03,982 [s1@group-A8EB2453EBF5->s2-LogAppenderDefault-LogAppenderDaemon] TRACE segmented.SegmentedRaftLogCache (AutoCloseableReadWriteLock.java:logLocking(65)) - s1@group-A8EB2453EBF5: readLock RELEASED 0 by SegmentedRaftLogCache.getLastTermIndex
2022-08-09 05:43:03,983 [s1@group-A8EB2453EBF5-LeaderStateImpl] TRACE segmented.SegmentedRaftLogCache (AutoCloseableReadWriteLock.java:logLocking(65)) - s1@group-A8EB2453EBF5: readLock ACQUIRED 1 by SegmentedRaftLogCache.getStartIndex
2022-08-09 05:43:03,983 [s1@group-A8EB2453EBF5-LeaderStateImpl] TRACE segmented.SegmentedRaftLogCache (AutoCloseableReadWriteLock.java:logLocking(65)) -   s1@group-A8EB2453EBF5: readLock ACQUIRED 2 by SegmentedRaftLogCache$LogSegmentList.isEmpty
2022-08-09 05:43:03,983 [s1@group-A8EB2453EBF5-LeaderStateImpl] TRACE segmented.SegmentedRaftLogCache (AutoCloseableReadWriteLock.java:logLocking(65)) -   s1@group-A8EB2453EBF5: readLock RELEASED 1 by SegmentedRaftLogCache$LogSegmentList.isEmpty
2022-08-09 05:43:03,983 [s1@group-A8EB2453EBF5-LeaderStateImpl] TRACE segmented.SegmentedRaftLogCache (AutoCloseableReadWriteLock.java:logLocking(65)) - s1@group-A8EB2453EBF5: readLock RELEASED 0 by SegmentedRaftLogCache.getStartIndex
2022-08-09 05:43:03,983 [s1@group-A8EB2453EBF5-LeaderStateImpl] TRACE segmented.SegmentedRaftLogCache (AutoCloseableReadWriteLock.java:logLocking(65)) - s1@group-A8EB2453EBF5: readLock ACQUIRED 1 by SegmentedRaftLogCache.getEndIndex
2022-08-09 05:43:03,983 [s1@group-A8EB2453EBF5-LeaderStateImpl] TRACE segmented.SegmentedRaftLogCache (AutoCloseableReadWriteLock.java:logLocking(65)) - s1@group-A8EB2453EBF5: readLock RELEASED 0 by SegmentedRaftLogCache.getEndIndex
2022-08-09 05:43:03,983 [s1@group-A8EB2453EBF5-LeaderStateImpl] TRACE segmented.SegmentedRaftLogCache (AutoCloseableReadWriteLock.java:logLocking(65)) - s1@group-A8EB2453EBF5: readLock ACQUIRED 1 by SegmentedRaftLogCache$LogSegmentList.getTermIndex
2022-08-09 05:43:03,983 [s1@group-A8EB2453EBF5-LeaderStateImpl] TRACE segmented.SegmentedRaftLogCache (AutoCloseableReadWriteLock.java:logLocking(65)) - s1@group-A8EB2453EBF5: readLock RELEASED 0 by SegmentedRaftLogCache$LogSegmentList.getTermIndex
2022-08-09 05:43:03,983 [s1@group-A8EB2453EBF5-LeaderStateImpl] TRACE segmented.SegmentedRaftLogCache (AutoCloseableReadWriteLock.java:logLocking(65)) - s1@group-A8EB2453EBF5: readLock ACQUIRED 1 by SegmentedRaftLogCache.getLastTermIndex
2022-08-09 05:43:03,983 [s1@group-A8EB2453EBF5-LeaderStateImpl] TRACE segmented.SegmentedRaftLogCache (AutoCloseableReadWriteLock.java:logLocking(65)) - s1@group-A8EB2453EBF5: readLock RELEASED 0 by SegmentedRaftLogCache.getLastTermIndex
2022-08-09 05:43:03,983 [s1@group-A8EB2453EBF5-LeaderStateImpl] TRACE segmented.SegmentedRaftLogCache (AutoCloseableReadWriteLock.java:logLocking(65)) - s1@group-A8EB2453EBF5: readLock ACQUIRED 1 by SegmentedRaftLogCache$LogSegmentList.countCached
2022-08-09 05:43:03,983 [s1@group-A8EB2453EBF5-LeaderStateImpl] TRACE segmented.SegmentedRaftLogCache (AutoCloseableReadWriteLock.java:logLocking(65)) - s1@group-A8EB2453EBF5: readLock RELEASED 0 by SegmentedRaftLogCache$LogSegmentList.countCached
2022-08-09 05:43:03,983 [s1@group-A8EB2453EBF5-LeaderStateImpl] TRACE segmented.SegmentedRaftLogCache (AutoCloseableReadWriteLock.java:logLocking(65)) - s1@group-A8EB2453EBF5: readLock ACQUIRED 1 by SegmentedRaftLogCache$LogSegmentList.getTotalCacheSize
2022-08-09 05:43:03,983 [s1@group-A8EB2453EBF5-LeaderStateImpl] TRACE segmented.SegmentedRaftLogCache (AutoCloseableReadWriteLock.java:logLocking(65)) - s1@group-A8EB2453EBF5: readLock RELEASED 0 by SegmentedRaftLogCache$LogSegmentList.getTotalCacheSize
2022-08-09 05:43:03,983 [s1@group-A8EB2453EBF5-LeaderStateImpl] DEBUG segmented.SegmentedRaftLogWorker (SegmentedRaftLogWorker.java:addIOTask(270)) - s1@group-A8EB2453EBF5-SegmentedRaftLogWorker adds IO task WriteLog:20: (t:1, i:20), METADATAENTRY(c:19)
2022-08-09 05:43:03,983 [s1@group-A8EB2453EBF5-SegmentedRaftLogWorker] DEBUG segmented.SegmentedRaftLogWorker (SegmentedRaftLogWorker.java:flushIfNecessary(365)) - s1@group-A8EB2453EBF5-SegmentedRaftLogWorker: flush SegmentedRaftLogOutputStream(/home/runner/work/ratis/ratis/ratis-test/target/test/data/2baaa1de/MiniRaftClusterWithSimulatedRpc3b4f24d4/s1/bbd46d57-59f4-4845-aaae-a8eb2453ebf5/current/log_inprogress_0)
2022-08-09 05:43:03,984 [s1@group-A8EB2453EBF5->s0-LogAppenderDefault-LogAppenderDaemon] TRACE segmented.SegmentedRaftLogCache (AutoCloseableReadWriteLock.java:logLocking(65)) - s1@group-A8EB2453EBF5: readLock ACQUIRED 1 by SegmentedRaftLogCache.getLastTermIndex
2022-08-09 05:43:03,984 [s1@group-A8EB2453EBF5->s0-LogAppenderDefault-LogAppenderDaemon] TRACE segmented.SegmentedRaftLogCache (AutoCloseableReadWriteLock.java:logLocking(65)) - s1@group-A8EB2453EBF5: readLock RELEASED 0 by SegmentedRaftLogCache.getLastTermIndex
2022-08-09 05:43:03,984 [s1@group-A8EB2453EBF5->s2-LogAppenderDefault-LogAppenderDaemon] TRACE segmented.SegmentedRaftLogCache (AutoCloseableReadWriteLock.java:logLocking(65)) - s1@group-A8EB2453EBF5: readLock ACQUIRED 1 by SegmentedRaftLogCache.getLastTermIndex
2022-08-09 05:43:03,984 [s1@group-A8EB2453EBF5->s2-LogAppenderDefault-LogAppenderDaemon] TRACE segmented.SegmentedRaftLogCache (AutoCloseableReadWriteLock.java:logLocking(65)) - s1@group-A8EB2453EBF5: readLock RELEASED 0 by SegmentedRaftLogCache.getLastTermIndex
2022-08-09 05:43:03,984 [s1@group-A8EB2453EBF5-StateMachineUpdater] INFO  statemachine.SimpleStateMachine4Testing (SimpleStateMachine4Testing.java:put(204)) - s1: put 19, m9 -> (t:1, i:19), STATEMACHINELOGENTRY, 182@client-65F24773FB27
2022-08-09 05:43:03,984 [s1@group-A8EB2453EBF5->s0-LogAppenderDefault-LogAppenderDaemon] TRACE segmented.SegmentedRaftLogCache (AutoCloseableReadWriteLock.java:logLocking(65)) - s1@group-A8EB2453EBF5: readLock ACQUIRED 1 by SegmentedRaftLogCache.getLastTermIndex
2022-08-09 05:43:03,984 [s1@group-A8EB2453EBF5->s0-LogAppenderDefault-LogAppenderDaemon] TRACE segmented.SegmentedRaftLogCache (AutoCloseableReadWriteLock.java:logLocking(65)) - s1@group-A8EB2453EBF5: readLock RELEASED 0 by SegmentedRaftLogCache.getLastTermIndex
2022-08-09 05:43:03,984 [s1@group-A8EB2453EBF5->s0-LogAppenderDefault-LogAppenderDaemon] TRACE segmented.SegmentedRaftLogCache (AutoCloseableReadWriteLock.java:logLocking(65)) - s1@group-A8EB2453EBF5: readLock ACQUIRED 1 by SegmentedRaftLogCache.getStartIndex
2022-08-09 05:43:03,984 [s1@group-A8EB2453EBF5->s0-LogAppenderDefault-LogAppenderDaemon] TRACE segmented.SegmentedRaftLogCache (AutoCloseableReadWriteLock.java:logLocking(65)) -   s1@group-A8EB2453EBF5: readLock ACQUIRED 2 by SegmentedRaftLogCache$LogSegmentList.isEmpty
2022-08-09 05:43:03,984 [s1@group-A8EB2453EBF5->s0-LogAppenderDefault-LogAppenderDaemon] TRACE segmented.SegmentedRaftLogCache (AutoCloseableReadWriteLock.java:logLocking(65)) -   s1@group-A8EB2453EBF5: readLock RELEASED 1 by SegmentedRaftLogCache$LogSegmentList.isEmpty
2022-08-09 05:43:03,984 [s1@group-A8EB2453EBF5->s0-LogAppenderDefault-LogAppenderDaemon] TRACE segmented.SegmentedRaftLogCache (AutoCloseableReadWriteLock.java:logLocking(65)) - s1@group-A8EB2453EBF5: readLock RELEASED 0 by SegmentedRaftLogCache.getStartIndex
2022-08-09 05:43:03,984 [s1@group-A8EB2453EBF5->s2-LogAppenderDefault-LogAppenderDaemon] TRACE segmented.SegmentedRaftLogCache (AutoCloseableReadWriteLock.java:logLocking(65)) - s1@group-A8EB2453EBF5: readLock ACQUIRED 1 by SegmentedRaftLogCache.getLastTermIndex
2022-08-09 05:43:03,984 [s1@group-A8EB2453EBF5->s2-LogAppenderDefault-LogAppenderDaemon] TRACE segmented.SegmentedRaftLogCache (AutoCloseableReadWriteLock.java:logLocking(65)) - s1@group-A8EB2453EBF5: readLock RELEASED 0 by SegmentedRaftLogCache.getLastTermIndex
2022-08-09 05:43:03,984 [s1@group-A8EB2453EBF5->s2-LogAppenderDefault-LogAppenderDaemon] TRACE segmented.SegmentedRaftLogCache (AutoCloseableReadWriteLock.java:logLocking(65)) - s1@group-A8EB2453EBF5: readLock ACQUIRED 1 by SegmentedRaftLogCache.getStartIndex
2022-08-09 05:43:03,984 [s1@group-A8EB2453EBF5->s2-LogAppenderDefault-LogAppenderDaemon] TRACE segmented.SegmentedRaftLogCache (AutoCloseableReadWriteLock.java:logLocking(65)) -   s1@group-A8EB2453EBF5: readLock ACQUIRED 2 by SegmentedRaftLogCache$LogSegmentList.isEmpty
2022-08-09 05:43:03,984 [s1@group-A8EB2453EBF5->s2-LogAppenderDefault-LogAppenderDaemon] TRACE segmented.SegmentedRaftLogCache (AutoCloseableReadWriteLock.java:logLocking(65)) -   s1@group-A8EB2453EBF5: readLock RELEASED 1 by SegmentedRaftLogCache$LogSegmentList.isEmpty
2022-08-09 05:43:03,984 [s1@group-A8EB2453EBF5->s2-LogAppenderDefault-LogAppenderDaemon] TRACE segmented.SegmentedRaftLogCache (AutoCloseableReadWriteLock.java:logLocking(65)) - s1@group-A8EB2453EBF5: readLock RELEASED 0 by SegmentedRaftLogCache.getStartIndex
2022-08-09 05:43:03,984 [s1@group-A8EB2453EBF5->s0-LogAppenderDefault-LogAppenderDaemon] TRACE segmented.SegmentedRaftLogCache (AutoCloseableReadWriteLock.java:logLocking(65)) - s1@group-A8EB2453EBF5: readLock ACQUIRED 1 by SegmentedRaftLogCache.getLastTermIndex
2022-08-09 05:43:03,984 [s1@group-A8EB2453EBF5->s0-LogAppenderDefault-LogAppenderDaemon] TRACE segmented.SegmentedRaftLogCache (AutoCloseableReadWriteLock.java:logLocking(65)) - s1@group-A8EB2453EBF5: readLock RELEASED 0 by SegmentedRaftLogCache.getLastTermIndex
2022-08-09 05:43:03,984 [s1@group-A8EB2453EBF5->s2-LogAppenderDefault-LogAppenderDaemon] TRACE segmented.SegmentedRaftLogCache (AutoCloseableReadWriteLock.java:logLocking(65)) - s1@group-A8EB2453EBF5: readLock ACQUIRED 1 by SegmentedRaftLogCache.getLastTermIndex
2022-08-09 05:43:03,984 [s1@group-A8EB2453EBF5->s2-LogAppenderDefault-LogAppenderDaemon] TRACE segmented.SegmentedRaftLogCache (AutoCloseableReadWriteLock.java:logLocking(65)) - s1@group-A8EB2453EBF5: readLock RELEASED 0 by SegmentedRaftLogCache.getLastTermIndex
2022-08-09 05:43:03,985 [Thread-466] TRACE segmented.SegmentedRaftLogCache (AutoCloseableReadWriteLock.java:logLocking(65)) - s0@group-A8EB2453EBF5: readLock ACQUIRED 1 by SegmentedRaftLogCache.computeTruncateIndices
2022-08-09 05:43:03,985 [Thread-466] TRACE segmented.SegmentedRaftLogCache (AutoCloseableReadWriteLock.java:logLocking(65)) -   s0@group-A8EB2453EBF5: readLock ACQUIRED 2 by SegmentedRaftLogCache$LogSegmentList.binarySearch
2022-08-09 05:43:03,985 [Thread-466] TRACE segmented.SegmentedRaftLogCache (AutoCloseableReadWriteLock.java:logLocking(65)) -   s0@group-A8EB2453EBF5: readLock RELEASED 1 by SegmentedRaftLogCache$LogSegmentList.binarySearch
2022-08-09 05:43:03,985 [Thread-466] TRACE segmented.SegmentedRaftLogCache (AutoCloseableReadWriteLock.java:logLocking(65)) -   s0@group-A8EB2453EBF5: readLock ACQUIRED 2 by SegmentedRaftLogCache$LogSegmentList.size
2022-08-09 05:43:03,985 [Thread-466] TRACE segmented.SegmentedRaftLogCache (AutoCloseableReadWriteLock.java:logLocking(65)) -   s0@group-A8EB2453EBF5: readLock RELEASED 1 by SegmentedRaftLogCache$LogSegmentList.size
2022-08-09 05:43:03,985 [Thread-466] TRACE segmented.SegmentedRaftLogCache (AutoCloseableReadWriteLock.java:logLocking(65)) - s0@group-A8EB2453EBF5: readLock RELEASED 0 by SegmentedRaftLogCache.computeTruncateIndices
2022-08-09 05:43:03,985 [Thread-466] DEBUG raftlog.RaftLog (SegmentedRaftLog.java:appendImpl(447)) - truncateIndex=-1, arrayIndex=0
2022-08-09 05:43:03,985 [Thread-466] TRACE segmented.SegmentedRaftLogCache (AutoCloseableReadWriteLock.java:logLocking(65)) - s0@group-A8EB2453EBF5: readLock ACQUIRED 1 by SegmentedRaftLogCache$LogSegmentList.countCached
2022-08-09 05:43:03,985 [Thread-466] TRACE segmented.SegmentedRaftLogCache (AutoCloseableReadWriteLock.java:logLocking(65)) - s0@group-A8EB2453EBF5: readLock RELEASED 0 by SegmentedRaftLogCache$LogSegmentList.countCached
2022-08-09 05:43:03,986 [Thread-466] TRACE segmented.SegmentedRaftLogCache (AutoCloseableReadWriteLock.java:logLocking(65)) - s0@group-A8EB2453EBF5: readLock ACQUIRED 1 by SegmentedRaftLogCache$LogSegmentList.getTotalCacheSize
2022-08-09 05:43:03,986 [Thread-466] TRACE segmented.SegmentedRaftLogCache (AutoCloseableReadWriteLock.java:logLocking(65)) - s0@group-A8EB2453EBF5: readLock RELEASED 0 by SegmentedRaftLogCache$LogSegmentList.getTotalCacheSize
2022-08-09 05:43:03,986 [Thread-466] DEBUG segmented.SegmentedRaftLogWorker (SegmentedRaftLogWorker.java:addIOTask(270)) - s0@group-A8EB2453EBF5-SegmentedRaftLogWorker adds IO task WriteLog:20: (t:1, i:20), METADATAENTRY(c:19)
2022-08-09 05:43:03,985 [Time-limited test] INFO  simulation.TestServerRestartWithSimulatedRpc (ServerRestartTests.java:runTestRestartFollower(102)) - Restart follower s0
2022-08-09 05:43:03,986 [Time-limited test] INFO  impl.MiniRaftCluster (MiniRaftCluster.java:killServer(529)) - killServer s0
2022-08-09 05:43:03,986 [s0@group-A8EB2453EBF5-SegmentedRaftLogWorker] DEBUG segmented.SegmentedRaftLogWorker (SegmentedRaftLogWorker.java:flushIfNecessary(365)) - s0@group-A8EB2453EBF5-SegmentedRaftLogWorker: flush SegmentedRaftLogOutputStream(/home/runner/work/ratis/ratis/ratis-test/target/test/data/2baaa1de/MiniRaftClusterWithSimulatedRpc3b4f24d4/s0/bbd46d57-59f4-4845-aaae-a8eb2453ebf5/current/log_inprogress_0)
2022-08-09 05:43:03,986 [Thread-480] TRACE segmented.SegmentedRaftLogCache (AutoCloseableReadWriteLock.java:logLocking(65)) - s2@group-A8EB2453EBF5: readLock ACQUIRED 1 by SegmentedRaftLogCache.computeTruncateIndices
2022-08-09 05:43:03,986 [Time-limited test] INFO  server.RaftServer (RaftServerProxy.java:lambda$close$6(403)) - s0: close
2022-08-09 05:43:03,986 [Thread-480] TRACE segmented.SegmentedRaftLogCache (AutoCloseableReadWriteLock.java:logLocking(65)) -   s2@group-A8EB2453EBF5: readLock ACQUIRED 2 by SegmentedRaftLogCache$LogSegmentList.binarySearch
2022-08-09 05:43:03,986 [Thread-480] TRACE segmented.SegmentedRaftLogCache (AutoCloseableReadWriteLock.java:logLocking(65)) -   s2@group-A8EB2453EBF5: readLock RELEASED 1 by SegmentedRaftLogCache$LogSegmentList.binarySearch
2022-08-09 05:43:03,986 [s0-impl-thread1] INFO  server.RaftServer$Division (RaftServerImpl.java:lambda$close$4(438)) - s0@group-A8EB2453EBF5: shutdown
2022-08-09 05:43:03,986 [Thread-480] TRACE segmented.SegmentedRaftLogCache (AutoCloseableReadWriteLock.java:logLocking(65)) -   s2@group-A8EB2453EBF5: readLock ACQUIRED 2 by SegmentedRaftLogCache$LogSegmentList.size
2022-08-09 05:43:03,986 [Thread-480] TRACE segmented.SegmentedRaftLogCache (AutoCloseableReadWriteLock.java:logLocking(65)) -   s2@group-A8EB2453EBF5: readLock RELEASED 1 by SegmentedRaftLogCache$LogSegmentList.size
2022-08-09 05:43:03,986 [Thread-467] INFO  simulation.RequestHandler (RequestHandler.java:run(126)) - s0.clientHandler0 is interrupted by java.io.InterruptedIOException: 
2022-08-09 05:43:03,987 [Thread-468] INFO  simulation.RequestHandler (RequestHandler.java:run(126)) - s0.clientHandler1 is interrupted by java.io.InterruptedIOException: 
2022-08-09 05:43:03,987 [Thread-469] INFO  simulation.RequestHandler (RequestHandler.java:run(126)) - s0.clientHandler2 is interrupted by java.io.InterruptedIOException: 
2022-08-09 05:43:03,986 [s0-impl-thread1] INFO  util.JmxRegister (JmxRegister.java:unregister(73)) - Successfully un-registered JMX Bean with object name Ratis:service=RaftServer,group=group-A8EB2453EBF5,id=s0
2022-08-09 05:43:03,986 [Thread-480] TRACE segmented.SegmentedRaftLogCache (AutoCloseableReadWriteLock.java:logLocking(65)) - s2@group-A8EB2453EBF5: readLock RELEASED 0 by SegmentedRaftLogCache.computeTruncateIndices
2022-08-09 05:43:03,987 [Thread-480] DEBUG raftlog.RaftLog (SegmentedRaftLog.java:appendImpl(447)) - truncateIndex=-1, arrayIndex=0
2022-08-09 05:43:03,987 [Thread-480] TRACE segmented.SegmentedRaftLogCache (AutoCloseableReadWriteLock.java:logLocking(65)) - s2@group-A8EB2453EBF5: readLock ACQUIRED 1 by SegmentedRaftLogCache$LogSegmentList.countCached
2022-08-09 05:43:03,987 [Thread-480] TRACE segmented.SegmentedRaftLogCache (AutoCloseableReadWriteLock.java:logLocking(65)) - s2@group-A8EB2453EBF5: readLock RELEASED 0 by SegmentedRaftLogCache$LogSegmentList.countCached
2022-08-09 05:43:03,987 [s0-impl-thread1] INFO  impl.RoleInfo (RoleInfo.java:shutdownFollowerState(110)) - s0: shutdown s0@group-A8EB2453EBF5-FollowerState
2022-08-09 05:43:03,987 [s0-impl-thread1] INFO  impl.StateMachineUpdater (StateMachineUpdater.java:stopAndJoin(153)) - s0@group-A8EB2453EBF5-StateMachineUpdater: set stopIndex = 19
2022-08-09 05:43:03,987 [s0@group-A8EB2453EBF5-StateMachineUpdater] INFO  statemachine.SimpleStateMachine4Testing (SimpleStateMachine4Testing.java:put(204)) - s0: put 19, m9 -> (t:1, i:19), STATEMACHINELOGENTRY, 182@client-65F24773FB27
2022-08-09 05:43:03,987 [Thread-464] INFO  simulation.RequestHandler (RequestHandler.java:run(126)) - s0.serverHandler0 is interrupted by java.io.InterruptedIOException: 
2022-08-09 05:43:03,987 [Thread-465] INFO  simulation.RequestHandler (RequestHandler.java:run(126)) - s0.serverHandler1 is interrupted by java.io.InterruptedIOException: 
2022-08-09 05:43:03,987 [s0-impl-thread1] INFO  server.RaftServer$Division (ServerState.java:close(465)) - s0@group-A8EB2453EBF5: closes. applyIndex: 19
2022-08-09 05:43:03,988 [org.apache.ratis.util.JvmPauseMonitor$$Lambda$262/142898044@79baa576] INFO  util.JvmPauseMonitor (JvmPauseMonitor.java:run(109)) - JvmPauseMonitor-s0: Stopped
2022-08-09 05:43:03,987 [Thread-480] TRACE segmented.SegmentedRaftLogCache (AutoCloseableReadWriteLock.java:logLocking(65)) - s2@group-A8EB2453EBF5: readLock ACQUIRED 1 by SegmentedRaftLogCache$LogSegmentList.getTotalCacheSize
2022-08-09 05:43:03,988 [Thread-480] TRACE segmented.SegmentedRaftLogCache (AutoCloseableReadWriteLock.java:logLocking(65)) - s2@group-A8EB2453EBF5: readLock RELEASED 0 by SegmentedRaftLogCache$LogSegmentList.getTotalCacheSize
2022-08-09 05:43:03,988 [Thread-480] DEBUG segmented.SegmentedRaftLogWorker (SegmentedRaftLogWorker.java:addIOTask(270)) - s2@group-A8EB2453EBF5-SegmentedRaftLogWorker adds IO task WriteLog:20: (t:1, i:20), METADATAENTRY(c:19)
2022-08-09 05:43:03,989 [s2@group-A8EB2453EBF5-SegmentedRaftLogWorker] DEBUG segmented.SegmentedRaftLogWorker (SegmentedRaftLogWorker.java:flushIfNecessary(365)) - s2@group-A8EB2453EBF5-SegmentedRaftLogWorker: flush SegmentedRaftLogOutputStream(/home/runner/work/ratis/ratis/ratis-test/target/test/data/2baaa1de/MiniRaftClusterWithSimulatedRpc3b4f24d4/s2/bbd46d57-59f4-4845-aaae-a8eb2453ebf5/current/log_inprogress_0)
2022-08-09 05:43:03,988 [s1@group-A8EB2453EBF5->s0-LogAppenderDefault-LogAppenderDaemon] TRACE segmented.SegmentedRaftLogCache (AutoCloseableReadWriteLock.java:logLocking(65)) - s1@group-A8EB2453EBF5: readLock ACQUIRED 1 by SegmentedRaftLogCache.getLastTermIndex
2022-08-09 05:43:03,989 [s1@group-A8EB2453EBF5->s0-LogAppenderDefault-LogAppenderDaemon] TRACE segmented.SegmentedRaftLogCache (AutoCloseableReadWriteLock.java:logLocking(65)) - s1@group-A8EB2453EBF5: readLock RELEASED 0 by SegmentedRaftLogCache.getLastTermIndex
2022-08-09 05:43:03,988 [s0-impl-thread1] TRACE segmented.SegmentedRaftLogCache (SegmentedRaftLogCache.java:clearOpenSegment(456)) - s0@group-A8EB2453EBF5-SegmentedRaftLogCache: clearOpenSegment log_inprogress_0
2022-08-09 05:43:03,987 [s0@group-A8EB2453EBF5-FollowerState] INFO  impl.FollowerState (FollowerState.java:run(152)) - s0@group-A8EB2453EBF5-FollowerState was interrupted
2022-08-09 05:43:03,989 [s0-impl-thread1] TRACE segmented.SegmentedRaftLogCache (AutoCloseableReadWriteLock.java:logLocking(65)) - s0@group-A8EB2453EBF5: writeLock ACQUIRED 1 by SegmentedRaftLogCache$LogSegmentList.clear
2022-08-09 05:43:03,989 [s0-impl-thread1] TRACE segmented.SegmentedRaftLogCache (AutoCloseableReadWriteLock.java:logLocking(65)) - s0@group-A8EB2453EBF5: writeLock RELEASED 0 by SegmentedRaftLogCache$LogSegmentList.clear
2022-08-09 05:43:03,989 [s2@group-A8EB2453EBF5-StateMachineUpdater] INFO  statemachine.SimpleStateMachine4Testing (SimpleStateMachine4Testing.java:put(204)) - s2: put 19, m9 -> (t:1, i:19), STATEMACHINELOGENTRY, 182@client-65F24773FB27
2022-08-09 05:43:03,989 [s0@group-A8EB2453EBF5-SegmentedRaftLogWorker] INFO  segmented.SegmentedRaftLogWorker (SegmentedRaftLogWorker.java:run(336)) - s0@group-A8EB2453EBF5-SegmentedRaftLogWorker was interrupted, exiting. There are 0 tasks remaining in the queue.
2022-08-09 05:43:03,989 [s0-impl-thread1] INFO  segmented.SegmentedRaftLogWorker (SegmentedRaftLogWorker.java:close(246)) - s0@group-A8EB2453EBF5-SegmentedRaftLogWorker close()
2022-08-09 05:43:03,989 [s1@group-A8EB2453EBF5->s2-LogAppenderDefault-LogAppenderDaemon] TRACE segmented.SegmentedRaftLogCache (AutoCloseableReadWriteLock.java:logLocking(65)) - s1@group-A8EB2453EBF5: readLock ACQUIRED 1 by SegmentedRaftLogCache.getLastTermIndex
2022-08-09 05:43:03,990 [s1@group-A8EB2453EBF5->s2-LogAppenderDefault-LogAppenderDaemon] TRACE segmented.SegmentedRaftLogCache (AutoCloseableReadWriteLock.java:logLocking(65)) - s1@group-A8EB2453EBF5: readLock RELEASED 0 by SegmentedRaftLogCache.getLastTermIndex
2022-08-09 05:43:03,990 [s1@group-A8EB2453EBF5->s0-LogAppenderDefault-LogAppenderDaemon] TRACE segmented.SegmentedRaftLogCache (AutoCloseableReadWriteLock.java:logLocking(65)) - s1@group-A8EB2453EBF5: readLock ACQUIRED 1 by SegmentedRaftLogCache.getLastTermIndex
2022-08-09 05:43:03,990 [s1@group-A8EB2453EBF5->s0-LogAppenderDefault-LogAppenderDaemon] TRACE segmented.SegmentedRaftLogCache (AutoCloseableReadWriteLock.java:logLocking(65)) - s1@group-A8EB2453EBF5: readLock RELEASED 0 by SegmentedRaftLogCache.getLastTermIndex
2022-08-09 05:43:03,990 [s1@group-A8EB2453EBF5->s0-LogAppenderDefault-LogAppenderDaemon] TRACE segmented.SegmentedRaftLogCache (AutoCloseableReadWriteLock.java:logLocking(65)) - s1@group-A8EB2453EBF5: readLock ACQUIRED 1 by SegmentedRaftLogCache.getLastTermIndex
2022-08-09 05:43:03,990 [s1@group-A8EB2453EBF5->s0-LogAppenderDefault-LogAppenderDaemon] TRACE segmented.SegmentedRaftLogCache (AutoCloseableReadWriteLock.java:logLocking(65)) - s1@group-A8EB2453EBF5: readLock RELEASED 0 by SegmentedRaftLogCache.getLastTermIndex
2022-08-09 05:43:03,990 [s1@group-A8EB2453EBF5-LeaderStateImpl] TRACE segmented.SegmentedRaftLogCache (AutoCloseableReadWriteLock.java:logLocking(65)) - s1@group-A8EB2453EBF5: readLock ACQUIRED 1 by SegmentedRaftLogCache.getStartIndex
2022-08-09 05:43:03,990 [s1@group-A8EB2453EBF5-LeaderStateImpl] TRACE segmented.SegmentedRaftLogCache (AutoCloseableReadWriteLock.java:logLocking(65)) -   s1@group-A8EB2453EBF5: readLock ACQUIRED 2 by SegmentedRaftLogCache$LogSegmentList.isEmpty
2022-08-09 05:43:03,990 [s1@group-A8EB2453EBF5-LeaderStateImpl] TRACE segmented.SegmentedRaftLogCache (AutoCloseableReadWriteLock.java:logLocking(65)) -   s1@group-A8EB2453EBF5: readLock RELEASED 1 by SegmentedRaftLogCache$LogSegmentList.isEmpty
2022-08-09 05:43:03,990 [s1@group-A8EB2453EBF5-LeaderStateImpl] TRACE segmented.SegmentedRaftLogCache (AutoCloseableReadWriteLock.java:logLocking(65)) - s1@group-A8EB2453EBF5: readLock RELEASED 0 by SegmentedRaftLogCache.getStartIndex
2022-08-09 05:43:03,990 [s1@group-A8EB2453EBF5-LeaderStateImpl] TRACE segmented.SegmentedRaftLogCache (AutoCloseableReadWriteLock.java:logLocking(65)) - s1@group-A8EB2453EBF5: readLock ACQUIRED 1 by SegmentedRaftLogCache.getEndIndex
2022-08-09 05:43:03,990 [s1@group-A8EB2453EBF5-LeaderStateImpl] TRACE segmented.SegmentedRaftLogCache (AutoCloseableReadWriteLock.java:logLocking(65)) - s1@group-A8EB2453EBF5: readLock RELEASED 0 by SegmentedRaftLogCache.getEndIndex
2022-08-09 05:43:03,990 [s1@group-A8EB2453EBF5-LeaderStateImpl] TRACE segmented.SegmentedRaftLogCache (AutoCloseableReadWriteLock.java:logLocking(65)) - s1@group-A8EB2453EBF5: readLock ACQUIRED 1 by SegmentedRaftLogCache$LogSegmentList.getTermIndex
2022-08-09 05:43:03,990 [s1@group-A8EB2453EBF5-LeaderStateImpl] TRACE segmented.SegmentedRaftLogCache (AutoCloseableReadWriteLock.java:logLocking(65)) - s1@group-A8EB2453EBF5: readLock RELEASED 0 by SegmentedRaftLogCache$LogSegmentList.getTermIndex
2022-08-09 05:43:03,990 [Time-limited test] INFO  impl.MiniRaftCluster (MiniRaftCluster.java:newRaftServer(379)) - newRaftServer: s0, group-A8EB2453EBF5:[s0|rpc:localhost:41673|admin:localhost:42127|client:localhost:45967|dataStream:localhost:35821|priority:0|startupRole:FOLLOWER, s1|rpc:localhost:44243|admin:localhost:33637|client:localhost:46107|dataStream:localhost:39503|priority:0|startupRole:FOLLOWER, s2|rpc:localhost:39945|admin:localhost:41877|client:localhost:34005|dataStream:localhost:37913|priority:0|startupRole:FOLLOWER], format? false
2022-08-09 05:43:03,990 [s1@group-A8EB2453EBF5->s0-LogAppenderDefault-LogAppenderDaemon] TRACE segmented.SegmentedRaftLogCache (AutoCloseableReadWriteLock.java:logLocking(65)) -   s1@group-A8EB2453EBF5: readLock ACQUIRED 2 by SegmentedRaftLogCache.getLastTermIndex
2022-08-09 05:43:03,990 [s1@group-A8EB2453EBF5->s0-LogAppenderDefault-LogAppenderDaemon] TRACE segmented.SegmentedRaftLogCache (AutoCloseableReadWriteLock.java:logLocking(65)) -   s1@group-A8EB2453EBF5: readLock RELEASED 1 by SegmentedRaftLogCache.getLastTermIndex
2022-08-09 05:43:03,990 [s1@group-A8EB2453EBF5->s0-LogAppenderDefault-LogAppenderDaemon] TRACE segmented.SegmentedRaftLogCache (AutoCloseableReadWriteLock.java:logLocking(65)) -   s1@group-A8EB2453EBF5: readLock ACQUIRED 2 by SegmentedRaftLogCache.getLastTermIndex
2022-08-09 05:43:03,990 [s1@group-A8EB2453EBF5->s0-LogAppenderDefault-LogAppenderDaemon] TRACE segmented.SegmentedRaftLogCache (AutoCloseableReadWriteLock.java:logLocking(65)) -   s1@group-A8EB2453EBF5: readLock RELEASED 1 by SegmentedRaftLogCache.getLastTermIndex
2022-08-09 05:43:03,990 [s1@group-A8EB2453EBF5->s2-LogAppenderDefault-LogAppenderDaemon] TRACE segmented.SegmentedRaftLogCache (AutoCloseableReadWriteLock.java:logLocking(65)) - s1@group-A8EB2453EBF5: readLock ACQUIRED 1 by SegmentedRaftLogCache.getLastTermIndex
2022-08-09 05:43:03,991 [s1@group-A8EB2453EBF5->s2-LogAppenderDefault-LogAppenderDaemon] TRACE segmented.SegmentedRaftLogCache (AutoCloseableReadWriteLock.java:logLocking(65)) - s1@group-A8EB2453EBF5: readLock RELEASED 0 by SegmentedRaftLogCache.getLastTermIndex
2022-08-09 05:43:03,991 [s1@group-A8EB2453EBF5->s2-LogAppenderDefault-LogAppenderDaemon] TRACE segmented.SegmentedRaftLogCache (AutoCloseableReadWriteLock.java:logLocking(65)) - s1@group-A8EB2453EBF5: readLock ACQUIRED 1 by SegmentedRaftLogCache.getLastTermIndex
2022-08-09 05:43:03,991 [s1@group-A8EB2453EBF5->s2-LogAppenderDefault-LogAppenderDaemon] TRACE segmented.SegmentedRaftLogCache (AutoCloseableReadWriteLock.java:logLocking(65)) - s1@group-A8EB2453EBF5: readLock RELEASED 0 by SegmentedRaftLogCache.getLastTermIndex
2022-08-09 05:43:03,990 [Time-limited test] INFO  server.RaftServer (ConfUtils.java:logGet(46)) - raft.rpc.type = org.apache.ratis.server.simulation.SimulatedRpc (custom)
2022-08-09 05:43:03,991 [Time-limited test] INFO  impl.DataStreamServerImpl (ConfUtils.java:logGet(46)) - raft.datastream.type = DISABLED (default)
2022-08-09 05:43:03,991 [Time-limited test] INFO  server.RaftServerConfigKeys (ConfUtils.java:logGet(46)) - raft.server.threadpool.proxy.cached = true (default)
2022-08-09 05:43:03,991 [Time-limited test] INFO  server.RaftServerConfigKeys (ConfUtils.java:logGet(46)) - raft.server.threadpool.proxy.size = 0 (default)
2022-08-09 05:43:03,991 [Time-limited test] INFO  server.RaftServerConfigKeys (ConfUtils.java:logGet(46)) - raft.server.rpc.slowness.timeout = 60s (default)
2022-08-09 05:43:03,991 [Time-limited test] INFO  server.RaftServerConfigKeys (ConfUtils.java:logGet(46)) - raft.server.leaderelection.leader.step-down.wait-time = 10s (default)
2022-08-09 05:43:03,991 [Time-limited test] INFO  server.RaftServerConfigKeys (ConfUtils.java:logGet(46)) - raft.server.storage.dir = [/home/runner/work/ratis/ratis/ratis-test/target/test/data/2baaa1de/MiniRaftClusterWithSimulatedRpc3b4f24d4/s0] (custom)
2022-08-09 05:43:03,992 [s0-impl-thread1] INFO  server.RaftServer (RaftServerProxy.java:initGroupDir(249)) - s0: found a subdirectory /home/runner/work/ratis/ratis/ratis-test/target/test/data/2baaa1de/MiniRaftClusterWithSimulatedRpc3b4f24d4/s0/bbd46d57-59f4-4845-aaae-a8eb2453ebf5
2022-08-09 05:43:03,996 [Time-limited test] INFO  server.RaftServer (RaftServerProxy.java:addNew(96)) - s0: addNew group-A8EB2453EBF5:[s0|rpc:localhost:41673|admin:localhost:42127|client:localhost:45967|dataStream:localhost:35821|priority:0|startupRole:FOLLOWER, s1|rpc:localhost:44243|admin:localhost:33637|client:localhost:46107|dataStream:localhost:39503|priority:0|startupRole:FOLLOWER, s2|rpc:localhost:39945|admin:localhost:41877|client:localhost:34005|dataStream:localhost:37913|priority:0|startupRole:FOLLOWER] returns group-A8EB2453EBF5:java.util.concurrent.CompletableFuture@488f3081[Not completed]
2022-08-09 05:43:03,996 [pool-39-thread-1] INFO  server.RaftServerConfigKeys (ConfUtils.java:logGet(46)) - raft.server.log.segment.size.max = 8MB (=8388608) (default)
2022-08-09 05:43:03,996 [pool-39-thread-1] INFO  server.RaftServerConfigKeys (ConfUtils.java:logGet(46)) - raft.server.log.preallocated.size = 4MB (=4194304) (default)
2022-08-09 05:43:03,996 [pool-39-thread-1] INFO  server.RaftServerConfigKeys (ConfUtils.java:logGet(46)) - raft.server.log.write.buffer.size = 64KB (=65536) (default)
2022-08-09 05:43:03,996 [pool-39-thread-1] INFO  server.RaftServer$Division (RaftServerImpl.java:<init>(192)) - s0: new RaftServerImpl for group-A8EB2453EBF5:[s0|rpc:localhost:41673|admin:localhost:42127|client:localhost:45967|dataStream:localhost:35821|priority:0|startupRole:FOLLOWER, s1|rpc:localhost:44243|admin:localhost:33637|client:localhost:46107|dataStream:localhost:39503|priority:0|startupRole:FOLLOWER, s2|rpc:localhost:39945|admin:localhost:41877|client:localhost:34005|dataStream:localhost:37913|priority:0|startupRole:FOLLOWER] with SimpleStateMachine4Testing:uninitialized
2022-08-09 05:43:03,996 [pool-39-thread-1] INFO  server.RaftServerConfigKeys (ConfUtils.java:logGet(46)) - raft.server.rpc.timeout.min = 150ms (default)
2022-08-09 05:43:03,996 [pool-39-thread-1] INFO  server.RaftServerConfigKeys (ConfUtils.java:logGet(46)) - raft.server.rpc.timeout.max = 300ms (default)
2022-08-09 05:43:03,996 [pool-39-thread-1] INFO  server.RaftServerConfigKeys (ConfUtils.java:logGet(46)) - raft.server.rpc.sleep.time = 25ms (default)
2022-08-09 05:43:03,996 [pool-39-thread-1] INFO  server.RaftServerConfigKeys (ConfUtils.java:logGet(46)) - raft.server.rpc.slowness.timeout = 60s (default)
2022-08-09 05:43:04,000 [pool-39-thread-1] INFO  server.RaftServerConfigKeys (ConfUtils.java:logGet(46)) - raft.server.leaderelection.leader.step-down.wait-time = 10s (default)
2022-08-09 05:43:04,000 [pool-39-thread-1] INFO  server.RaftServerConfigKeys (ConfUtils.java:logGet(46)) - raft.server.sleep.deviation.threshold = 300ms (default)
2022-08-09 05:43:04,000 [pool-39-thread-1] INFO  server.RaftServer$Division (ServerState.java:<init>(118)) - s0@group-A8EB2453EBF5: ConfigurationManager, init=-1: peers:[s0|rpc:localhost:41673|admin:localhost:42127|client:localhost:45967|dataStream:localhost:35821|priority:0|startupRole:FOLLOWER, s1|rpc:localhost:44243|admin:localhost:33637|client:localhost:46107|dataStream:localhost:39503|priority:0|startupRole:FOLLOWER, s2|rpc:localhost:39945|admin:localhost:41877|client:localhost:34005|dataStream:localhost:37913|priority:0|startupRole:FOLLOWER]|listeners:[], old=null, confs=<EMPTY_MAP>
2022-08-09 05:43:04,001 [pool-39-thread-1] INFO  server.RaftServerConfigKeys (ConfUtils.java:logGet(46)) - raft.server.storage.dir = [/home/runner/work/ratis/ratis/ratis-test/target/test/data/2baaa1de/MiniRaftClusterWithSimulatedRpc3b4f24d4/s0] (custom)
2022-08-09 05:43:04,001 [pool-39-thread-1] INFO  server.RaftServerConfigKeys (ConfUtils.java:logGet(46)) - raft.server.log.corruption.policy = EXCEPTION (default)
2022-08-09 05:43:04,001 [pool-39-thread-1] INFO  server.RaftServerConfigKeys (ConfUtils.java:logGet(46)) - raft.server.storage.free-space.min = 0MB (=0) (default)
2022-08-09 05:43:04,001 [pool-39-thread-1] INFO  server.RaftServerConfigKeys (ConfUtils.java:logGet(46)) - raft.server.notification.no-leader.timeout = 60s (default)
2022-08-09 05:43:04,001 [pool-39-thread-1] INFO  server.RaftServerConfigKeys (ConfUtils.java:logGet(46)) - raft.server.retrycache.expirytime = 60s (default)
2022-08-09 05:43:04,001 [pool-39-thread-1] INFO  server.RaftServerConfigKeys (ConfUtils.java:logGet(46)) - raft.server.retrycache.statistics.expirytime = 100μs (default)
2022-08-09 05:43:04,001 [pool-39-thread-1] INFO  server.RaftServerConfigKeys (ConfUtils.java:logGet(46)) - raft.server.log.appender.install.snapshot.enabled = true (default)
2022-08-09 05:43:04,001 [pool-39-thread-1] INFO  server.RaftServerConfigKeys (ConfUtils.java:logGet(46)) - raft.server.threadpool.server.cached = true (default)
2022-08-09 05:43:04,001 [pool-39-thread-1] INFO  server.RaftServerConfigKeys (ConfUtils.java:logGet(46)) - raft.server.threadpool.server.size = 0 (default)
2022-08-09 05:43:04,001 [pool-39-thread-1] INFO  server.RaftServerConfigKeys (ConfUtils.java:logGet(46)) - raft.server.threadpool.client.cached = true (default)
2022-08-09 05:43:04,001 [pool-39-thread-1] INFO  server.RaftServerConfigKeys (ConfUtils.java:logGet(46)) - raft.server.threadpool.client.size = 0 (default)
2022-08-09 05:43:04,002 [s0-impl-thread1] INFO  storage.RaftStorageDirectory (RaftStorageDirectoryImpl.java:tryLock(231)) - Lock on /home/runner/work/ratis/ratis/ratis-test/target/test/data/2baaa1de/MiniRaftClusterWithSimulatedRpc3b4f24d4/s0/bbd46d57-59f4-4845-aaae-a8eb2453ebf5/in_use.lock acquired by nodename 4131@fv-az59-8.csjynl4pkq3e1pkirw3ssqjfoh.cx.internal.cloudapp.net
2022-08-09 05:43:04,003 [s0-impl-thread1] INFO  storage.RaftStorage (RaftStorageImpl.java:analyzeAndRecoverStorage(117)) - Read RaftStorageMetadata{term=1, votedFor=s1} from /home/runner/work/ratis/ratis/ratis-test/target/test/data/2baaa1de/MiniRaftClusterWithSimulatedRpc3b4f24d4/s0/bbd46d57-59f4-4845-aaae-a8eb2453ebf5/current/raft-meta
2022-08-09 05:43:04,003 [s0-impl-thread1] INFO  server.RaftServer$Division (ServerState.java:setRaftConf(429)) - s0@group-A8EB2453EBF5: set configuration 0: peers:[s0|rpc:localhost:41673|admin:localhost:42127|client:localhost:45967|dataStream:localhost:35821|priority:0|startupRole:FOLLOWER, s1|rpc:localhost:44243|admin:localhost:33637|client:localhost:46107|dataStream:localhost:39503|priority:0|startupRole:FOLLOWER, s2|rpc:localhost:39945|admin:localhost:41877|client:localhost:34005|dataStream:localhost:37913|priority:0|startupRole:FOLLOWER]|listeners:[], old=null
2022-08-09 05:43:04,003 [s0-impl-thread1] INFO  statemachine.SimpleStateMachine4Testing (SimpleStateMachine4Testing.java:initialize(212)) - Initializing SimpleStateMachine4Testing:uninitialized
2022-08-09 05:43:04,004 [s0-impl-thread1] INFO  statemachine.SimpleStateMachine4Testing (SimpleStateMachine4Testing.java:loadSnapshot(306)) - The snapshot file null does not exist
2022-08-09 05:43:04,004 [s0-impl-thread1] INFO  server.RaftServerConfigKeys (ConfUtils.java:logGet(46)) - raft.server.log.use.memory = false (default)
2022-08-09 05:43:04,004 [s0-impl-thread1] INFO  server.RaftServerConfigKeys (ConfUtils.java:logGet(46)) - raft.server.log.purge.gap = 1024 (default)
2022-08-09 05:43:04,004 [s0-impl-thread1] INFO  server.RaftServerConfigKeys (ConfUtils.java:logGet(46)) - raft.server.log.appender.buffer.byte-limit = 4MB (=4194304) (default)
2022-08-09 05:43:04,004 [s0-impl-thread1] INFO  server.RaftServerConfigKeys (ConfUtils.java:logGet(46)) - raft.server.log.statemachine.data.read.timeout = 1000ms (default)
2022-08-09 05:43:04,004 [s0-impl-thread1] INFO  server.RaftServerConfigKeys (ConfUtils.java:logGet(46)) - raft.server.log.purge.preservation.log.num = 0 (default)
2022-08-09 05:43:04,004 [s0-impl-thread1] INFO  server.RaftServerConfigKeys (ConfUtils.java:logGet(46)) - raft.server.log.segment.size.max = 8KB (=8192) (custom)
2022-08-09 05:43:04,004 [s0-impl-thread1] INFO  server.RaftServerConfigKeys (ConfUtils.java:logGet(46)) - raft.server.log.segment.cache.num.max = 6 (default)
2022-08-09 05:43:04,004 [s0-impl-thread1] INFO  server.RaftServerConfigKeys (ConfUtils.java:logGet(46)) - raft.server.log.segment.cache.size.max = 200MB (=209715200) (default)
2022-08-09 05:43:04,004 [s0-impl-thread1] INFO  segmented.SegmentedRaftLogWorker (SegmentedRaftLogWorker.java:<init>(187)) - new s0@group-A8EB2453EBF5-SegmentedRaftLogWorker for RaftStorageImpl:Storage Directory /home/runner/work/ratis/ratis/ratis-test/target/test/data/2baaa1de/MiniRaftClusterWithSimulatedRpc3b4f24d4/s0/bbd46d57-59f4-4845-aaae-a8eb2453ebf5
2022-08-09 05:43:04,004 [s0-impl-thread1] INFO  server.RaftServerConfigKeys (ConfUtils.java:logGet(46)) - raft.server.log.queue.byte-limit = 64MB (=67108864) (default)
2022-08-09 05:43:04,004 [s0-impl-thread1] INFO  server.RaftServerConfigKeys (ConfUtils.java:logGet(46)) - raft.server.log.queue.element-limit = 4096 (default)
2022-08-09 05:43:04,004 [s0-impl-thread1] INFO  server.RaftServerConfigKeys (ConfUtils.java:logGet(46)) - raft.server.log.segment.size.max = 8KB (=8192) (custom)
2022-08-09 05:43:04,004 [s0-impl-thread1] INFO  server.RaftServerConfigKeys (ConfUtils.java:logGet(46)) - raft.server.log.preallocated.size = 4MB (=4194304) (default)
2022-08-09 05:43:04,004 [s0-impl-thread1] INFO  server.RaftServerConfigKeys (ConfUtils.java:logGet(46)) - raft.server.log.force.sync.num = 128 (default)
2022-08-09 05:43:04,004 [s0-impl-thread1] INFO  server.RaftServerConfigKeys (ConfUtils.java:logGet(46)) - raft.server.log.statemachine.data.sync = true (default)
2022-08-09 05:43:04,004 [s0-impl-thread1] INFO  server.RaftServerConfigKeys (ConfUtils.java:logGet(46)) - raft.server.log.statemachine.data.sync.timeout = 10s (default)
2022-08-09 05:43:04,005 [s0-impl-thread1] INFO  server.RaftServerConfigKeys (ConfUtils.java:logGet(46)) - raft.server.log.statemachine.data.sync.timeout.retry = -1 (default)
2022-08-09 05:43:04,005 [s0-impl-thread1] INFO  server.RaftServerConfigKeys (ConfUtils.java:logGet(46)) - raft.server.log.write.buffer.size = 64KB (=65536) (default)
2022-08-09 05:43:04,005 [s0-impl-thread1] INFO  server.RaftServerConfigKeys (ConfUtils.java:logGet(46)) - raft.server.log.unsafe-flush.enabled = false (default)
2022-08-09 05:43:04,005 [s0-impl-thread1] INFO  server.RaftServerConfigKeys (ConfUtils.java:logGet(46)) - raft.server.log.statemachine.data.caching.enabled = false (default)
2022-08-09 05:43:04,005 [s0-impl-thread1] INFO  server.RaftServer$Division (ServerState.java:setRaftConf(429)) - s0@group-A8EB2453EBF5: set configuration 0: peers:[s0|rpc:localhost:41673|admin:localhost:42127|client:localhost:45967|dataStream:localhost:35821|priority:0|startupRole:FOLLOWER, s1|rpc:localhost:44243|admin:localhost:33637|client:localhost:46107|dataStream:localhost:39503|priority:0|startupRole:FOLLOWER, s2|rpc:localhost:39945|admin:localhost:41877|client:localhost:34005|dataStream:localhost:37913|priority:0|startupRole:FOLLOWER]|listeners:[], old=null
2022-08-09 05:43:04,006 [s0-impl-thread1] INFO  segmented.LogSegment (LogSegment.java:loadSegment(173)) - Successfully read 21 entries from segment file /home/runner/work/ratis/ratis/ratis-test/target/test/data/2baaa1de/MiniRaftClusterWithSimulatedRpc3b4f24d4/s0/bbd46d57-59f4-4845-aaae-a8eb2453ebf5/current/log_inprogress_0
2022-08-09 05:43:04,006 [s0-impl-thread1] TRACE segmented.SegmentedRaftLogCache (AutoCloseableReadWriteLock.java:logLocking(65)) - s0@group-A8EB2453EBF5: readLock ACQUIRED 1 by SegmentedRaftLogCache$LogSegmentList.getLast
2022-08-09 05:43:04,006 [s0-impl-thread1] TRACE segmented.SegmentedRaftLogCache (AutoCloseableReadWriteLock.java:logLocking(65)) - s0@group-A8EB2453EBF5: readLock RELEASED 0 by SegmentedRaftLogCache$LogSegmentList.getLast
2022-08-09 05:43:04,006 [s0-impl-thread1] TRACE segmented.SegmentedRaftLogCache (SegmentedRaftLogCache.java:setOpenSegment(450)) - s0@group-A8EB2453EBF5-SegmentedRaftLogCache: setOpenSegment to log_inprogress_0
2022-08-09 05:43:04,006 [s0-impl-thread1] TRACE segmented.SegmentedRaftLogCache (AutoCloseableReadWriteLock.java:logLocking(65)) - s0@group-A8EB2453EBF5: readLock ACQUIRED 1 by SegmentedRaftLogCache$LogSegmentList.isEmpty
2022-08-09 05:43:04,006 [s0-impl-thread1] TRACE segmented.SegmentedRaftLogCache (AutoCloseableReadWriteLock.java:logLocking(65)) - s0@group-A8EB2453EBF5: readLock RELEASED 0 by SegmentedRaftLogCache$LogSegmentList.isEmpty
2022-08-09 05:43:04,006 [s0-impl-thread1] TRACE segmented.SegmentedRaftLogCache (AutoCloseableReadWriteLock.java:logLocking(65)) - s0@group-A8EB2453EBF5: readLock ACQUIRED 1 by SegmentedRaftLogCache.getEndIndex
2022-08-09 05:43:04,006 [s0-impl-thread1] TRACE segmented.SegmentedRaftLogCache (AutoCloseableReadWriteLock.java:logLocking(65)) - s0@group-A8EB2453EBF5: readLock RELEASED 0 by SegmentedRaftLogCache.getEndIndex
2022-08-09 05:43:04,006 [s0-impl-thread1] TRACE segmented.SegmentedRaftLogCache (AutoCloseableReadWriteLock.java:logLocking(65)) - s0@group-A8EB2453EBF5: readLock ACQUIRED 1 by SegmentedRaftLogCache.getEndIndex
2022-08-09 05:43:04,006 [s0-impl-thread1] TRACE segmented.SegmentedRaftLogCache (AutoCloseableReadWriteLock.java:logLocking(65)) - s0@group-A8EB2453EBF5: readLock RELEASED 0 by SegmentedRaftLogCache.getEndIndex
2022-08-09 05:43:04,006 [s0-impl-thread1] TRACE segmented.SegmentedRaftLogCache (AutoCloseableReadWriteLock.java:logLocking(65)) - s0@group-A8EB2453EBF5: readLock ACQUIRED 1 by SegmentedRaftLogCache.getLastIndexInClosedSegments
2022-08-09 05:43:04,006 [s0-impl-thread1] TRACE segmented.SegmentedRaftLogCache (AutoCloseableReadWriteLock.java:logLocking(65)) -   s0@group-A8EB2453EBF5: readLock ACQUIRED 2 by SegmentedRaftLogCache$LogSegmentList.isEmpty
2022-08-09 05:43:04,006 [s0-impl-thread1] TRACE segmented.SegmentedRaftLogCache (AutoCloseableReadWriteLock.java:logLocking(65)) -   s0@group-A8EB2453EBF5: readLock RELEASED 1 by SegmentedRaftLogCache$LogSegmentList.isEmpty
2022-08-09 05:43:04,006 [s0-impl-thread1] TRACE segmented.SegmentedRaftLogCache (AutoCloseableReadWriteLock.java:logLocking(65)) - s0@group-A8EB2453EBF5: readLock RELEASED 0 by SegmentedRaftLogCache.getLastIndexInClosedSegments
2022-08-09 05:43:04,006 [s0-impl-thread1] INFO  segmented.SegmentedRaftLogWorker (SegmentedRaftLogWorker.java:lambda$new$0(135)) - s0@group-A8EB2453EBF5-SegmentedRaftLogWorker: flushIndex: setUnconditionally 0 -> 20
2022-08-09 05:43:04,006 [s0-impl-thread1] INFO  segmented.SegmentedRaftLogWorker (SegmentedRaftLogWorker.java:lambda$new$0(135)) - s0@group-A8EB2453EBF5-SegmentedRaftLogWorker: safeCacheEvictIndex: setUnconditionally 0 -> -1
2022-08-09 05:43:04,007 [s0-impl-thread1] INFO  raftlog.RaftLog (RaftLogBase.java:lambda$new$0(53)) - s0@group-A8EB2453EBF5-SegmentedRaftLog: commitIndex: updateToMax old=-1, new=19, updated? true
2022-08-09 05:43:04,007 [s0-impl-thread1] TRACE segmented.SegmentedRaftLogCache (AutoCloseableReadWriteLock.java:logLocking(65)) - s0@group-A8EB2453EBF5: readLock ACQUIRED 1 by SegmentedRaftLogCache.getStartIndex
2022-08-09 05:43:04,007 [s0-impl-thread1] TRACE segmented.SegmentedRaftLogCache (AutoCloseableReadWriteLock.java:logLocking(65)) -   s0@group-A8EB2453EBF5: readLock ACQUIRED 2 by SegmentedRaftLogCache$LogSegmentList.isEmpty
2022-08-09 05:43:04,007 [s0-impl-thread1] TRACE segmented.SegmentedRaftLogCache (AutoCloseableReadWriteLock.java:logLocking(65)) -   s0@group-A8EB2453EBF5: readLock RELEASED 1 by SegmentedRaftLogCache$LogSegmentList.isEmpty
2022-08-09 05:43:04,007 [s0-impl-thread1] TRACE segmented.SegmentedRaftLogCache (AutoCloseableReadWriteLock.java:logLocking(65)) - s0@group-A8EB2453EBF5: readLock RELEASED 0 by SegmentedRaftLogCache.getStartIndex
2022-08-09 05:43:04,007 [s0-impl-thread1] INFO  server.RaftServer$Division (RaftServerImpl.java:start(314)) - s0@group-A8EB2453EBF5: start as a follower, conf=0: peers:[s0|rpc:localhost:41673|admin:localhost:42127|client:localhost:45967|dataStream:localhost:35821|priority:0|startupRole:FOLLOWER, s1|rpc:localhost:44243|admin:localhost:33637|client:localhost:46107|dataStream:localhost:39503|priority:0|startupRole:FOLLOWER, s2|rpc:localhost:39945|admin:localhost:41877|client:localhost:34005|dataStream:localhost:37913|priority:0|startupRole:FOLLOWER]|listeners:[], old=null
2022-08-09 05:43:04,007 [s0-impl-thread1] INFO  server.RaftServer$Division (RaftServerImpl.java:setRole(301)) - s0@group-A8EB2453EBF5: changes role from      null to FOLLOWER at term 1 for startAsFollower
2022-08-09 05:43:04,007 [s0-impl-thread1] INFO  impl.RoleInfo (RoleInfo.java:updateAndGet(139)) - s0: start s0@group-A8EB2453EBF5-FollowerState
2022-08-09 05:43:04,007 [s0-impl-thread1] INFO  util.JmxRegister (JmxRegister.java:tryRegister(44)) - Successfully registered JMX Bean with object name Ratis:service=RaftServer,group=group-A8EB2453EBF5,id=s0
2022-08-09 05:43:04,007 [s0-impl-thread1] INFO  server.RaftServerConfigKeys (ConfUtils.java:logGet(46)) - raft.server.snapshot.auto.trigger.enabled = false (default)
2022-08-09 05:43:04,008 [s0-impl-thread1] INFO  server.RaftServerConfigKeys (ConfUtils.java:logGet(46)) - raft.server.snapshot.retention.file.num = -1 (default)
2022-08-09 05:43:04,008 [s0-impl-thread1] INFO  server.RaftServerConfigKeys (ConfUtils.java:logGet(46)) - raft.server.log.purge.upto.snapshot.index = false (default)
2022-08-09 05:43:04,008 [Time-limited test] INFO  server.RaftServer (RaftServerProxy.java:startImpl(387)) - s0: start RPC server
2022-08-09 05:43:04,018 [s1-client-thread1] TRACE segmented.SegmentedRaftLogCache (AutoCloseableReadWriteLock.java:logLocking(65)) - s1@group-A8EB2453EBF5: readLock ACQUIRED 1 by SegmentedRaftLogCache.getLastTermIndex
2022-08-09 05:43:04,018 [s1-client-thread1] TRACE segmented.SegmentedRaftLogCache (AutoCloseableReadWriteLock.java:logLocking(65)) - s1@group-A8EB2453EBF5: readLock RELEASED 0 by SegmentedRaftLogCache.getLastTermIndex
2022-08-09 05:43:04,018 [s0@group-A8EB2453EBF5-StateMachineUpdater] INFO  statemachine.SimpleStateMachine4Testing (SimpleStateMachine4Testing.java:put(204)) - s0: put 1, m0 -> (t:1, i:1), STATEMACHINELOGENTRY, 144@client-65F24773FB27
2022-08-09 05:43:04,018 [s1-client-thread1] TRACE segmented.SegmentedRaftLogCache (AutoCloseableReadWriteLock.java:logLocking(65)) - s1@group-A8EB2453EBF5: readLock ACQUIRED 1 by SegmentedRaftLogCache.getLastTermIndex
2022-08-09 05:43:04,018 [s1-client-thread1] TRACE segmented.SegmentedRaftLogCache (AutoCloseableReadWriteLock.java:logLocking(65)) - s1@group-A8EB2453EBF5: readLock RELEASED 0 by SegmentedRaftLogCache.getLastTermIndex
2022-08-09 05:43:04,018 [s1-client-thread1] TRACE segmented.SegmentedRaftLogCache (AutoCloseableReadWriteLock.java:logLocking(65)) - s1@group-A8EB2453EBF5: readLock ACQUIRED 1 by SegmentedRaftLogCache$LogSegmentList.countCached
2022-08-09 05:43:04,018 [s1-client-thread1] TRACE segmented.SegmentedRaftLogCache (AutoCloseableReadWriteLock.java:logLocking(65)) - s1@group-A8EB2453EBF5: readLock RELEASED 0 by SegmentedRaftLogCache$LogSegmentList.countCached
2022-08-09 05:43:04,018 [s0@group-A8EB2453EBF5-StateMachineUpdater] INFO  statemachine.SimpleStateMachine4Testing (SimpleStateMachine4Testing.java:put(204)) - s0: put 3, m1 -> (t:1, i:3), STATEMACHINELOGENTRY, 151@client-65F24773FB27
2022-08-09 05:43:04,018 [s0@group-A8EB2453EBF5-StateMachineUpdater] INFO  statemachine.SimpleStateMachine4Testing (SimpleStateMachine4Testing.java:put(204)) - s0: put 5, m2 -> (t:1, i:5), STATEMACHINELOGENTRY, 156@client-65F24773FB27
2022-08-09 05:43:04,018 [s0@group-A8EB2453EBF5-StateMachineUpdater] INFO  statemachine.SimpleStateMachine4Testing (SimpleStateMachine4Testing.java:put(204)) - s0: put 7, m3 -> (t:1, i:7), STATEMACHINELOGENTRY, 161@client-65F24773FB27
2022-08-09 05:43:04,018 [s0@group-A8EB2453EBF5-StateMachineUpdater] INFO  statemachine.SimpleStateMachine4Testing (SimpleStateMachine4Testing.java:put(204)) - s0: put 9, m4 -> (t:1, i:9), STATEMACHINELOGENTRY, 164@client-65F24773FB27
2022-08-09 05:43:04,018 [s0@group-A8EB2453EBF5-StateMachineUpdater] INFO  statemachine.SimpleStateMachine4Testing (SimpleStateMachine4Testing.java:put(204)) - s0: put 11, m5 -> (t:1, i:11), STATEMACHINELOGENTRY, 167@client-65F24773FB27
2022-08-09 05:43:04,019 [s0@group-A8EB2453EBF5-StateMachineUpdater] INFO  statemachine.SimpleStateMachine4Testing (SimpleStateMachine4Testing.java:put(204)) - s0: put 13, m6 -> (t:1, i:13), STATEMACHINELOGENTRY, 172@client-65F24773FB27
2022-08-09 05:43:04,019 [s0@group-A8EB2453EBF5-StateMachineUpdater] INFO  statemachine.SimpleStateMachine4Testing (SimpleStateMachine4Testing.java:put(204)) - s0: put 15, m7 -> (t:1, i:15), STATEMACHINELOGENTRY, 175@client-65F24773FB27
2022-08-09 05:43:04,019 [s0@group-A8EB2453EBF5-StateMachineUpdater] INFO  statemachine.SimpleStateMachine4Testing (SimpleStateMachine4Testing.java:put(204)) - s0: put 17, m8 -> (t:1, i:17), STATEMACHINELOGENTRY, 178@client-65F24773FB27
2022-08-09 05:43:04,019 [s0@group-A8EB2453EBF5-StateMachineUpdater] INFO  statemachine.SimpleStateMachine4Testing (SimpleStateMachine4Testing.java:put(204)) - s0: put 19, m9 -> (t:1, i:19), STATEMACHINELOGENTRY, 182@client-65F24773FB27
2022-08-09 05:43:04,019 [org.apache.ratis.util.JvmPauseMonitor$$Lambda$262/142898044@6987a3f5] INFO  util.JvmPauseMonitor (JvmPauseMonitor.java:run(103)) - JvmPauseMonitor-s0: Started
2022-08-09 05:43:04,018 [s1-client-thread1] TRACE segmented.SegmentedRaftLogCache (AutoCloseableReadWriteLock.java:logLocking(65)) - s1@group-A8EB2453EBF5: readLock ACQUIRED 1 by SegmentedRaftLogCache$LogSegmentList.getTotalCacheSize
2022-08-09 05:43:04,020 [s1-client-thread1] TRACE segmented.SegmentedRaftLogCache (AutoCloseableReadWriteLock.java:logLocking(65)) - s1@group-A8EB2453EBF5: readLock RELEASED 0 by SegmentedRaftLogCache$LogSegmentList.getTotalCacheSize
2022-08-09 05:43:04,020 [s1-client-thread1] DEBUG segmented.SegmentedRaftLogWorker (SegmentedRaftLogWorker.java:addIOTask(270)) - s1@group-A8EB2453EBF5-SegmentedRaftLogWorker adds IO task WriteLog:21: (t:1, i:21), STATEMACHINELOGENTRY, StateMachineLogEntryProto:187@client-60C5AB4E06F6
2022-08-09 05:43:04,020 [s1@group-A8EB2453EBF5->s0-LogAppenderDefault-LogAppenderDaemon] TRACE segmented.SegmentedRaftLogCache (AutoCloseableReadWriteLock.java:logLocking(65)) - s1@group-A8EB2453EBF5: readLock ACQUIRED 1 by SegmentedRaftLogCache.getLastTermIndex
2022-08-09 05:43:04,020 [s1@group-A8EB2453EBF5->s0-LogAppenderDefault-LogAppenderDaemon] TRACE segmented.SegmentedRaftLogCache (AutoCloseableReadWriteLock.java:logLocking(65)) - s1@group-A8EB2453EBF5: readLock RELEASED 0 by SegmentedRaftLogCache.getLastTermIndex
2022-08-09 05:43:04,020 [s1@group-A8EB2453EBF5-SegmentedRaftLogWorker] DEBUG segmented.SegmentedRaftLogWorker (SegmentedRaftLogWorker.java:flushIfNecessary(365)) - s1@group-A8EB2453EBF5-SegmentedRaftLogWorker: flush SegmentedRaftLogOutputStream(/home/runner/work/ratis/ratis/ratis-test/target/test/data/2baaa1de/MiniRaftClusterWithSimulatedRpc3b4f24d4/s1/bbd46d57-59f4-4845-aaae-a8eb2453ebf5/current/log_inprogress_0)
2022-08-09 05:43:04,020 [s1@group-A8EB2453EBF5->s2-LogAppenderDefault-LogAppenderDaemon] TRACE segmented.SegmentedRaftLogCache (AutoCloseableReadWriteLock.java:logLocking(65)) -   s1@group-A8EB2453EBF5: readLock ACQUIRED 2 by SegmentedRaftLogCache.getLastTermIndex
2022-08-09 05:43:04,020 [s1@group-A8EB2453EBF5->s2-LogAppenderDefault-LogAppenderDaemon] TRACE segmented.SegmentedRaftLogCache (AutoCloseableReadWriteLock.java:logLocking(65)) -   s1@group-A8EB2453EBF5: readLock RELEASED 1 by SegmentedRaftLogCache.getLastTermIndex
2022-08-09 05:43:04,020 [s1@group-A8EB2453EBF5->s2-LogAppenderDefault-LogAppenderDaemon] TRACE segmented.SegmentedRaftLogCache (AutoCloseableReadWriteLock.java:logLocking(65)) -   s1@group-A8EB2453EBF5: readLock ACQUIRED 2 by SegmentedRaftLogCache.getLastTermIndex
2022-08-09 05:43:04,020 [s1@group-A8EB2453EBF5->s2-LogAppenderDefault-LogAppenderDaemon] TRACE segmented.SegmentedRaftLogCache (AutoCloseableReadWriteLock.java:logLocking(65)) -   s1@group-A8EB2453EBF5: readLock RELEASED 1 by SegmentedRaftLogCache.getLastTermIndex
2022-08-09 05:43:04,020 [s1@group-A8EB2453EBF5->s2-LogAppenderDefault-LogAppenderDaemon] TRACE segmented.SegmentedRaftLogCache (AutoCloseableReadWriteLock.java:logLocking(65)) -   s1@group-A8EB2453EBF5: readLock ACQUIRED 2 by SegmentedRaftLogCache.getStartIndex
2022-08-09 05:43:04,020 [s1@group-A8EB2453EBF5->s2-LogAppenderDefault-LogAppenderDaemon] TRACE segmented.SegmentedRaftLogCache (AutoCloseableReadWriteLock.java:logLocking(65)) -     s1@group-A8EB2453EBF5: readLock ACQUIRED 3 by SegmentedRaftLogCache$LogSegmentList.isEmpty
2022-08-09 05:43:04,020 [s1@group-A8EB2453EBF5->s2-LogAppenderDefault-LogAppenderDaemon] TRACE segmented.SegmentedRaftLogCache (AutoCloseableReadWriteLock.java:logLocking(65)) -     s1@group-A8EB2453EBF5: readLock RELEASED 2 by SegmentedRaftLogCache$LogSegmentList.isEmpty
2022-08-09 05:43:04,020 [s1@group-A8EB2453EBF5->s2-LogAppenderDefault-LogAppenderDaemon] TRACE segmented.SegmentedRaftLogCache (AutoCloseableReadWriteLock.java:logLocking(65)) -   s1@group-A8EB2453EBF5: readLock RELEASED 1 by SegmentedRaftLogCache.getStartIndex
2022-08-09 05:43:04,020 [s1@group-A8EB2453EBF5->s2-LogAppenderDefault-LogAppenderDaemon] TRACE segmented.SegmentedRaftLogCache (AutoCloseableReadWriteLock.java:logLocking(65)) -   s1@group-A8EB2453EBF5: readLock ACQUIRED 2 by SegmentedRaftLogCache.getLastTermIndex
2022-08-09 05:43:04,020 [s1@group-A8EB2453EBF5->s2-LogAppenderDefault-LogAppenderDaemon] TRACE segmented.SegmentedRaftLogCache (AutoCloseableReadWriteLock.java:logLocking(65)) -   s1@group-A8EB2453EBF5: readLock RELEASED 1 by SegmentedRaftLogCache.getLastTermIndex
2022-08-09 05:43:04,021 [Thread-481] TRACE segmented.SegmentedRaftLogCache (AutoCloseableReadWriteLock.java:logLocking(65)) - s2@group-A8EB2453EBF5: readLock ACQUIRED 1 by SegmentedRaftLogCache.computeTruncateIndices
2022-08-09 05:43:04,021 [Thread-481] TRACE segmented.SegmentedRaftLogCache (AutoCloseableReadWriteLock.java:logLocking(65)) -   s2@group-A8EB2453EBF5: readLock ACQUIRED 2 by SegmentedRaftLogCache$LogSegmentList.binarySearch
2022-08-09 05:43:04,021 [Thread-481] TRACE segmented.SegmentedRaftLogCache (AutoCloseableReadWriteLock.java:logLocking(65)) -   s2@group-A8EB2453EBF5: readLock RELEASED 1 by SegmentedRaftLogCache$LogSegmentList.binarySearch
2022-08-09 05:43:04,021 [Thread-481] TRACE segmented.SegmentedRaftLogCache (AutoCloseableReadWriteLock.java:logLocking(65)) -   s2@group-A8EB2453EBF5: readLock ACQUIRED 2 by SegmentedRaftLogCache$LogSegmentList.size
2022-08-09 05:43:04,021 [Thread-481] TRACE segmented.SegmentedRaftLogCache (AutoCloseableReadWriteLock.java:logLocking(65)) -   s2@group-A8EB2453EBF5: readLock RELEASED 1 by SegmentedRaftLogCache$LogSegmentList.size
2022-08-09 05:43:04,021 [Thread-481] TRACE segmented.SegmentedRaftLogCache (AutoCloseableReadWriteLock.java:logLocking(65)) - s2@group-A8EB2453EBF5: readLock RELEASED 0 by SegmentedRaftLogCache.computeTruncateIndices
2022-08-09 05:43:04,021 [Thread-481] DEBUG raftlog.RaftLog (SegmentedRaftLog.java:appendImpl(447)) - truncateIndex=-1, arrayIndex=0
2022-08-09 05:43:04,021 [Thread-481] TRACE segmented.SegmentedRaftLogCache (AutoCloseableReadWriteLock.java:logLocking(65)) - s2@group-A8EB2453EBF5: readLock ACQUIRED 1 by SegmentedRaftLogCache.getLastTermIndex
2022-08-09 05:43:04,021 [Thread-481] TRACE segmented.SegmentedRaftLogCache (AutoCloseableReadWriteLock.java:logLocking(65)) - s2@group-A8EB2453EBF5: readLock RELEASED 0 by SegmentedRaftLogCache.getLastTermIndex
2022-08-09 05:43:04,021 [Thread-481] TRACE segmented.SegmentedRaftLogCache (AutoCloseableReadWriteLock.java:logLocking(65)) - s2@group-A8EB2453EBF5: readLock ACQUIRED 1 by SegmentedRaftLogCache$LogSegmentList.countCached
2022-08-09 05:43:04,021 [Thread-481] TRACE segmented.SegmentedRaftLogCache (AutoCloseableReadWriteLock.java:logLocking(65)) - s2@group-A8EB2453EBF5: readLock RELEASED 0 by SegmentedRaftLogCache$LogSegmentList.countCached
2022-08-09 05:43:04,021 [Thread-481] TRACE segmented.SegmentedRaftLogCache (AutoCloseableReadWriteLock.java:logLocking(65)) - s2@group-A8EB2453EBF5: readLock ACQUIRED 1 by SegmentedRaftLogCache$LogSegmentList.getTotalCacheSize
2022-08-09 05:43:04,021 [Thread-481] TRACE segmented.SegmentedRaftLogCache (AutoCloseableReadWriteLock.java:logLocking(65)) - s2@group-A8EB2453EBF5: readLock RELEASED 0 by SegmentedRaftLogCache$LogSegmentList.getTotalCacheSize
2022-08-09 05:43:04,022 [Thread-481] DEBUG segmented.SegmentedRaftLogWorker (SegmentedRaftLogWorker.java:addIOTask(270)) - s2@group-A8EB2453EBF5-SegmentedRaftLogWorker adds IO task WriteLog:21: (t:1, i:21), STATEMACHINELOGENTRY, StateMachineLogEntryProto:187@client-60C5AB4E06F6
2022-08-09 05:43:04,022 [s2@group-A8EB2453EBF5-SegmentedRaftLogWorker] DEBUG segmented.SegmentedRaftLogWorker (SegmentedRaftLogWorker.java:flushIfNecessary(365)) - s2@group-A8EB2453EBF5-SegmentedRaftLogWorker: flush SegmentedRaftLogOutputStream(/home/runner/work/ratis/ratis/ratis-test/target/test/data/2baaa1de/MiniRaftClusterWithSimulatedRpc3b4f24d4/s2/bbd46d57-59f4-4845-aaae-a8eb2453ebf5/current/log_inprogress_0)
2022-08-09 05:43:04,020 [s1@group-A8EB2453EBF5->s0-LogAppenderDefault-LogAppenderDaemon] TRACE segmented.SegmentedRaftLogCache (AutoCloseableReadWriteLock.java:logLocking(65)) - s1@group-A8EB2453EBF5: readLock ACQUIRED 1 by SegmentedRaftLogCache.getLastTermIndex
2022-08-09 05:43:04,022 [s1@group-A8EB2453EBF5->s0-LogAppenderDefault-LogAppenderDaemon] TRACE segmented.SegmentedRaftLogCache (AutoCloseableReadWriteLock.java:logLocking(65)) - s1@group-A8EB2453EBF5: readLock RELEASED 0 by SegmentedRaftLogCache.getLastTermIndex
2022-08-09 05:43:04,022 [s1@group-A8EB2453EBF5->s0-LogAppenderDefault-LogAppenderDaemon] TRACE segmented.SegmentedRaftLogCache (AutoCloseableReadWriteLock.java:logLocking(65)) - s1@group-A8EB2453EBF5: readLock ACQUIRED 1 by SegmentedRaftLogCache.getStartIndex
2022-08-09 05:43:04,022 [s1@group-A8EB2453EBF5->s0-LogAppenderDefault-LogAppenderDaemon] TRACE segmented.SegmentedRaftLogCache (AutoCloseableReadWriteLock.java:logLocking(65)) -   s1@group-A8EB2453EBF5: readLock ACQUIRED 2 by SegmentedRaftLogCache$LogSegmentList.isEmpty
2022-08-09 05:43:04,022 [s1@group-A8EB2453EBF5->s0-LogAppenderDefault-LogAppenderDaemon] TRACE segmented.SegmentedRaftLogCache (AutoCloseableReadWriteLock.java:logLocking(65)) -   s1@group-A8EB2453EBF5: readLock RELEASED 1 by SegmentedRaftLogCache$LogSegmentList.isEmpty
2022-08-09 05:43:04,022 [s1@group-A8EB2453EBF5->s0-LogAppenderDefault-LogAppenderDaemon] TRACE segmented.SegmentedRaftLogCache (AutoCloseableReadWriteLock.java:logLocking(65)) - s1@group-A8EB2453EBF5: readLock RELEASED 0 by SegmentedRaftLogCache.getStartIndex
2022-08-09 05:43:04,022 [s1@group-A8EB2453EBF5->s0-LogAppenderDefault-LogAppenderDaemon] TRACE segmented.SegmentedRaftLogCache (AutoCloseableReadWriteLock.java:logLocking(65)) - s1@group-A8EB2453EBF5: readLock ACQUIRED 1 by SegmentedRaftLogCache.getLastTermIndex
2022-08-09 05:43:04,022 [s1@group-A8EB2453EBF5->s0-LogAppenderDefault-LogAppenderDaemon] TRACE segmented.SegmentedRaftLogCache (AutoCloseableReadWriteLock.java:logLocking(65)) - s1@group-A8EB2453EBF5: readLock RELEASED 0 by SegmentedRaftLogCache.getLastTermIndex
2022-08-09 05:43:04,023 [Thread-516] INFO  server.RaftServer$Division (ServerState.java:setLeader(313)) - s0@group-A8EB2453EBF5: change Leader from null to s1 at term 1 for appendEntries, leader elected after 21ms
2022-08-09 05:43:04,023 [Thread-516] TRACE segmented.SegmentedRaftLogCache (AutoCloseableReadWriteLock.java:logLocking(65)) - s0@group-A8EB2453EBF5: readLock ACQUIRED 1 by SegmentedRaftLogCache.computeTruncateIndices
2022-08-09 05:43:04,023 [s1@group-A8EB2453EBF5->s2-LogAppenderDefault-LogAppenderDaemon] TRACE segmented.SegmentedRaftLogCache (AutoCloseableReadWriteLock.java:logLocking(65)) - s1@group-A8EB2453EBF5: readLock ACQUIRED 1 by SegmentedRaftLogCache.getLastTermIndex
2022-08-09 05:43:04,023 [s1@group-A8EB2453EBF5->s2-LogAppenderDefault-LogAppenderDaemon] TRACE segmented.SegmentedRaftLogCache (AutoCloseableReadWriteLock.java:logLocking(65)) - s1@group-A8EB2453EBF5: readLock RELEASED 0 by SegmentedRaftLogCache.getLastTermIndex
2022-08-09 05:43:04,023 [Thread-516] TRACE segmented.SegmentedRaftLogCache (AutoCloseableReadWriteLock.java:logLocking(65)) -   s0@group-A8EB2453EBF5: readLock ACQUIRED 2 by SegmentedRaftLogCache$LogSegmentList.binarySearch
2022-08-09 05:43:04,023 [Thread-516] TRACE segmented.SegmentedRaftLogCache (AutoCloseableReadWriteLock.java:logLocking(65)) -   s0@group-A8EB2453EBF5: readLock RELEASED 1 by SegmentedRaftLogCache$LogSegmentList.binarySearch
2022-08-09 05:43:04,023 [Thread-516] TRACE segmented.SegmentedRaftLogCache (AutoCloseableReadWriteLock.java:logLocking(65)) -   s0@group-A8EB2453EBF5: readLock ACQUIRED 2 by SegmentedRaftLogCache$LogSegmentList.size
2022-08-09 05:43:04,023 [Thread-516] TRACE segmented.SegmentedRaftLogCache (AutoCloseableReadWriteLock.java:logLocking(65)) -   s0@group-A8EB2453EBF5: readLock RELEASED 1 by SegmentedRaftLogCache$LogSegmentList.size
2022-08-09 05:43:04,023 [Thread-516] TRACE segmented.SegmentedRaftLogCache (AutoCloseableReadWriteLock.java:logLocking(65)) - s0@group-A8EB2453EBF5: readLock RELEASED 0 by SegmentedRaftLogCache.computeTruncateIndices
2022-08-09 05:43:04,023 [Thread-516] DEBUG raftlog.RaftLog (SegmentedRaftLog.java:appendImpl(447)) - truncateIndex=-1, arrayIndex=0
2022-08-09 05:43:04,023 [Thread-516] TRACE segmented.SegmentedRaftLogCache (AutoCloseableReadWriteLock.java:logLocking(65)) - s0@group-A8EB2453EBF5: readLock ACQUIRED 1 by SegmentedRaftLogCache.getLastTermIndex
2022-08-09 05:43:04,023 [Thread-516] TRACE segmented.SegmentedRaftLogCache (AutoCloseableReadWriteLock.java:logLocking(65)) - s0@group-A8EB2453EBF5: readLock RELEASED 0 by SegmentedRaftLogCache.getLastTermIndex
2022-08-09 05:43:04,023 [Thread-516] TRACE segmented.SegmentedRaftLogCache (AutoCloseableReadWriteLock.java:logLocking(65)) - s0@group-A8EB2453EBF5: readLock ACQUIRED 1 by SegmentedRaftLogCache$LogSegmentList.countCached
2022-08-09 05:43:04,023 [Thread-516] TRACE segmented.SegmentedRaftLogCache (AutoCloseableReadWriteLock.java:logLocking(65)) - s0@group-A8EB2453EBF5: readLock RELEASED 0 by SegmentedRaftLogCache$LogSegmentList.countCached
2022-08-09 05:43:04,023 [Thread-516] TRACE segmented.SegmentedRaftLogCache (AutoCloseableReadWriteLock.java:logLocking(65)) - s0@group-A8EB2453EBF5: readLock ACQUIRED 1 by SegmentedRaftLogCache$LogSegmentList.getTotalCacheSize
2022-08-09 05:43:04,023 [Thread-516] TRACE segmented.SegmentedRaftLogCache (AutoCloseableReadWriteLock.java:logLocking(65)) - s0@group-A8EB2453EBF5: readLock RELEASED 0 by SegmentedRaftLogCache$LogSegmentList.getTotalCacheSize
2022-08-09 05:43:04,023 [Thread-516] DEBUG segmented.SegmentedRaftLogWorker (SegmentedRaftLogWorker.java:addIOTask(270)) - s0@group-A8EB2453EBF5-SegmentedRaftLogWorker adds IO task WriteLog:21: (t:1, i:21), STATEMACHINELOGENTRY, StateMachineLogEntryProto:187@client-60C5AB4E06F6
2022-08-09 05:43:04,023 [s1@group-A8EB2453EBF5-LeaderStateImpl] TRACE segmented.SegmentedRaftLogCache (AutoCloseableReadWriteLock.java:logLocking(65)) - s1@group-A8EB2453EBF5: readLock ACQUIRED 1 by SegmentedRaftLogCache.getStartIndex
2022-08-09 05:43:04,024 [s1@group-A8EB2453EBF5-LeaderStateImpl] TRACE segmented.SegmentedRaftLogCache (AutoCloseableReadWriteLock.java:logLocking(65)) -   s1@group-A8EB2453EBF5: readLock ACQUIRED 2 by SegmentedRaftLogCache$LogSegmentList.isEmpty
2022-08-09 05:43:04,024 [s1@group-A8EB2453EBF5-LeaderStateImpl] TRACE segmented.SegmentedRaftLogCache (AutoCloseableReadWriteLock.java:logLocking(65)) -   s1@group-A8EB2453EBF5: readLock RELEASED 1 by SegmentedRaftLogCache$LogSegmentList.isEmpty
2022-08-09 05:43:04,024 [s1@group-A8EB2453EBF5-LeaderStateImpl] TRACE segmented.SegmentedRaftLogCache (AutoCloseableReadWriteLock.java:logLocking(65)) - s1@group-A8EB2453EBF5: readLock RELEASED 0 by SegmentedRaftLogCache.getStartIndex
2022-08-09 05:43:04,024 [s0@group-A8EB2453EBF5-SegmentedRaftLogWorker] DEBUG segmented.SegmentedRaftLogWorker (SegmentedRaftLogWorker.java:flushIfNecessary(365)) - s0@group-A8EB2453EBF5-SegmentedRaftLogWorker: flush SegmentedRaftLogOutputStream(/home/runner/work/ratis/ratis/ratis-test/target/test/data/2baaa1de/MiniRaftClusterWithSimulatedRpc3b4f24d4/s0/bbd46d57-59f4-4845-aaae-a8eb2453ebf5/current/log_inprogress_0)
2022-08-09 05:43:04,024 [s1@group-A8EB2453EBF5-LeaderStateImpl] TRACE segmented.SegmentedRaftLogCache (AutoCloseableReadWriteLock.java:logLocking(65)) - s1@group-A8EB2453EBF5: readLock ACQUIRED 1 by SegmentedRaftLogCache.getEndIndex
2022-08-09 05:43:04,024 [s1@group-A8EB2453EBF5-LeaderStateImpl] TRACE segmented.SegmentedRaftLogCache (AutoCloseableReadWriteLock.java:logLocking(65)) - s1@group-A8EB2453EBF5: readLock RELEASED 0 by SegmentedRaftLogCache.getEndIndex
2022-08-09 05:43:04,025 [s1@group-A8EB2453EBF5-LeaderStateImpl] TRACE segmented.SegmentedRaftLogCache (AutoCloseableReadWriteLock.java:logLocking(65)) - s1@group-A8EB2453EBF5: readLock ACQUIRED 1 by SegmentedRaftLogCache$LogSegmentList.getTermIndex
2022-08-09 05:43:04,025 [s1@group-A8EB2453EBF5-LeaderStateImpl] TRACE segmented.SegmentedRaftLogCache (AutoCloseableReadWriteLock.java:logLocking(65)) - s1@group-A8EB2453EBF5: readLock RELEASED 0 by SegmentedRaftLogCache$LogSegmentList.getTermIndex
2022-08-09 05:43:04,025 [s1@group-A8EB2453EBF5-LeaderStateImpl] TRACE segmented.SegmentedRaftLogCache (AutoCloseableReadWriteLock.java:logLocking(65)) - s1@group-A8EB2453EBF5: readLock ACQUIRED 1 by SegmentedRaftLogCache.getLastTermIndex
2022-08-09 05:43:04,025 [s1@group-A8EB2453EBF5-LeaderStateImpl] TRACE segmented.SegmentedRaftLogCache (AutoCloseableReadWriteLock.java:logLocking(65)) - s1@group-A8EB2453EBF5: readLock RELEASED 0 by SegmentedRaftLogCache.getLastTermIndex
2022-08-09 05:43:04,025 [s1@group-A8EB2453EBF5-LeaderStateImpl] TRACE segmented.SegmentedRaftLogCache (AutoCloseableReadWriteLock.java:logLocking(65)) - s1@group-A8EB2453EBF5: readLock ACQUIRED 1 by SegmentedRaftLogCache$LogSegmentList.countCached
2022-08-09 05:43:04,025 [s1@group-A8EB2453EBF5-LeaderStateImpl] TRACE segmented.SegmentedRaftLogCache (AutoCloseableReadWriteLock.java:logLocking(65)) - s1@group-A8EB2453EBF5: readLock RELEASED 0 by SegmentedRaftLogCache$LogSegmentList.countCached
2022-08-09 05:43:04,025 [s1@group-A8EB2453EBF5-LeaderStateImpl] TRACE segmented.SegmentedRaftLogCache (AutoCloseableReadWriteLock.java:logLocking(65)) - s1@group-A8EB2453EBF5: readLock ACQUIRED 1 by SegmentedRaftLogCache$LogSegmentList.getTotalCacheSize
2022-08-09 05:43:04,025 [s1@group-A8EB2453EBF5-LeaderStateImpl] TRACE segmented.SegmentedRaftLogCache (AutoCloseableReadWriteLock.java:logLocking(65)) - s1@group-A8EB2453EBF5: readLock RELEASED 0 by SegmentedRaftLogCache$LogSegmentList.getTotalCacheSize
2022-08-09 05:43:04,025 [s1@group-A8EB2453EBF5-LeaderStateImpl] DEBUG segmented.SegmentedRaftLogWorker (SegmentedRaftLogWorker.java:addIOTask(270)) - s1@group-A8EB2453EBF5-SegmentedRaftLogWorker adds IO task WriteLog:22: (t:1, i:22), METADATAENTRY(c:21)
2022-08-09 05:43:04,025 [s1@group-A8EB2453EBF5-StateMachineUpdater] INFO  statemachine.SimpleStateMachine4Testing (SimpleStateMachine4Testing.java:put(204)) - s1: put 21, m10 -> (t:1, i:21), STATEMACHINELOGENTRY, 187@client-60C5AB4E06F6
2022-08-09 05:43:04,025 [s1@group-A8EB2453EBF5->s2-LogAppenderDefault-LogAppenderDaemon] TRACE segmented.SegmentedRaftLogCache (AutoCloseableReadWriteLock.java:logLocking(65)) - s1@group-A8EB2453EBF5: readLock ACQUIRED 1 by SegmentedRaftLogCache.getLastTermIndex
2022-08-09 05:43:04,025 [s1@group-A8EB2453EBF5->s2-LogAppenderDefault-LogAppenderDaemon] TRACE segmented.SegmentedRaftLogCache (AutoCloseableReadWriteLock.java:logLocking(65)) - s1@group-A8EB2453EBF5: readLock RELEASED 0 by SegmentedRaftLogCache.getLastTermIndex
2022-08-09 05:43:04,025 [s1@group-A8EB2453EBF5->s2-LogAppenderDefault-LogAppenderDaemon] TRACE segmented.SegmentedRaftLogCache (AutoCloseableReadWriteLock.java:logLocking(65)) - s1@group-A8EB2453EBF5: readLock ACQUIRED 1 by SegmentedRaftLogCache.getLastTermIndex
2022-08-09 05:43:04,025 [s1@group-A8EB2453EBF5->s2-LogAppenderDefault-LogAppenderDaemon] TRACE segmented.SegmentedRaftLogCache (AutoCloseableReadWriteLock.java:logLocking(65)) - s1@group-A8EB2453EBF5: readLock RELEASED 0 by SegmentedRaftLogCache.getLastTermIndex
2022-08-09 05:43:04,025 [s1@group-A8EB2453EBF5->s2-LogAppenderDefault-LogAppenderDaemon] TRACE segmented.SegmentedRaftLogCache (AutoCloseableReadWriteLock.java:logLocking(65)) - s1@group-A8EB2453EBF5: readLock ACQUIRED 1 by SegmentedRaftLogCache.getStartIndex
2022-08-09 05:43:04,025 [s1@group-A8EB2453EBF5->s2-LogAppenderDefault-LogAppenderDaemon] TRACE segmented.SegmentedRaftLogCache (AutoCloseableReadWriteLock.java:logLocking(65)) -   s1@group-A8EB2453EBF5: readLock ACQUIRED 2 by SegmentedRaftLogCache$LogSegmentList.isEmpty
2022-08-09 05:43:04,025 [s1@group-A8EB2453EBF5->s2-LogAppenderDefault-LogAppenderDaemon] TRACE segmented.SegmentedRaftLogCache (AutoCloseableReadWriteLock.java:logLocking(65)) -   s1@group-A8EB2453EBF5: readLock RELEASED 1 by SegmentedRaftLogCache$LogSegmentList.isEmpty
2022-08-09 05:43:04,025 [s1@group-A8EB2453EBF5-SegmentedRaftLogWorker] DEBUG segmented.SegmentedRaftLogWorker (SegmentedRaftLogWorker.java:flushIfNecessary(365)) - s1@group-A8EB2453EBF5-SegmentedRaftLogWorker: flush SegmentedRaftLogOutputStream(/home/runner/work/ratis/ratis/ratis-test/target/test/data/2baaa1de/MiniRaftClusterWithSimulatedRpc3b4f24d4/s1/bbd46d57-59f4-4845-aaae-a8eb2453ebf5/current/log_inprogress_0)
2022-08-09 05:43:04,026 [s1@group-A8EB2453EBF5->s2-LogAppenderDefault-LogAppenderDaemon] TRACE segmented.SegmentedRaftLogCache (AutoCloseableReadWriteLock.java:logLocking(65)) - s1@group-A8EB2453EBF5: readLock RELEASED 0 by SegmentedRaftLogCache.getStartIndex
2022-08-09 05:43:04,026 [s1@group-A8EB2453EBF5->s2-LogAppenderDefault-LogAppenderDaemon] TRACE segmented.SegmentedRaftLogCache (AutoCloseableReadWriteLock.java:logLocking(65)) - s1@group-A8EB2453EBF5: readLock ACQUIRED 1 by SegmentedRaftLogCache.getLastTermIndex
2022-08-09 05:43:04,026 [s1@group-A8EB2453EBF5->s2-LogAppenderDefault-LogAppenderDaemon] TRACE segmented.SegmentedRaftLogCache (AutoCloseableReadWriteLock.java:logLocking(65)) - s1@group-A8EB2453EBF5: readLock RELEASED 0 by SegmentedRaftLogCache.getLastTermIndex
2022-08-09 05:43:04,026 [Thread-479] TRACE segmented.SegmentedRaftLogCache (AutoCloseableReadWriteLock.java:logLocking(65)) - s2@group-A8EB2453EBF5: readLock ACQUIRED 1 by SegmentedRaftLogCache.computeTruncateIndices
2022-08-09 05:43:04,026 [Thread-479] TRACE segmented.SegmentedRaftLogCache (AutoCloseableReadWriteLock.java:logLocking(65)) -   s2@group-A8EB2453EBF5: readLock ACQUIRED 2 by SegmentedRaftLogCache$LogSegmentList.binarySearch
2022-08-09 05:43:04,026 [Thread-479] TRACE segmented.SegmentedRaftLogCache (AutoCloseableReadWriteLock.java:logLocking(65)) -   s2@group-A8EB2453EBF5: readLock RELEASED 1 by SegmentedRaftLogCache$LogSegmentList.binarySearch
2022-08-09 05:43:04,026 [Thread-479] TRACE segmented.SegmentedRaftLogCache (AutoCloseableReadWriteLock.java:logLocking(65)) -   s2@group-A8EB2453EBF5: readLock ACQUIRED 2 by SegmentedRaftLogCache$LogSegmentList.size
2022-08-09 05:43:04,026 [Thread-479] TRACE segmented.SegmentedRaftLogCache (AutoCloseableReadWriteLock.java:logLocking(65)) -   s2@group-A8EB2453EBF5: readLock RELEASED 1 by SegmentedRaftLogCache$LogSegmentList.size
2022-08-09 05:43:04,026 [Thread-479] TRACE segmented.SegmentedRaftLogCache (AutoCloseableReadWriteLock.java:logLocking(65)) - s2@group-A8EB2453EBF5: readLock RELEASED 0 by SegmentedRaftLogCache.computeTruncateIndices
2022-08-09 05:43:04,026 [Thread-479] DEBUG raftlog.RaftLog (SegmentedRaftLog.java:appendImpl(447)) - truncateIndex=-1, arrayIndex=0
2022-08-09 05:43:04,026 [Thread-479] TRACE segmented.SegmentedRaftLogCache (AutoCloseableReadWriteLock.java:logLocking(65)) - s2@group-A8EB2453EBF5: readLock ACQUIRED 1 by SegmentedRaftLogCache$LogSegmentList.countCached
2022-08-09 05:43:04,026 [Thread-479] TRACE segmented.SegmentedRaftLogCache (AutoCloseableReadWriteLock.java:logLocking(65)) - s2@group-A8EB2453EBF5: readLock RELEASED 0 by SegmentedRaftLogCache$LogSegmentList.countCached
2022-08-09 05:43:04,026 [Thread-479] TRACE segmented.SegmentedRaftLogCache (AutoCloseableReadWriteLock.java:logLocking(65)) - s2@group-A8EB2453EBF5: readLock ACQUIRED 1 by SegmentedRaftLogCache$LogSegmentList.getTotalCacheSize
2022-08-09 05:43:04,026 [Thread-479] TRACE segmented.SegmentedRaftLogCache (AutoCloseableReadWriteLock.java:logLocking(65)) - s2@group-A8EB2453EBF5: readLock RELEASED 0 by SegmentedRaftLogCache$LogSegmentList.getTotalCacheSize
2022-08-09 05:43:04,026 [Thread-479] DEBUG segmented.SegmentedRaftLogWorker (SegmentedRaftLogWorker.java:addIOTask(270)) - s2@group-A8EB2453EBF5-SegmentedRaftLogWorker adds IO task WriteLog:22: (t:1, i:22), METADATAENTRY(c:21)
2022-08-09 05:43:04,027 [s2@group-A8EB2453EBF5-SegmentedRaftLogWorker] DEBUG segmented.SegmentedRaftLogWorker (SegmentedRaftLogWorker.java:flushIfNecessary(365)) - s2@group-A8EB2453EBF5-SegmentedRaftLogWorker: flush SegmentedRaftLogOutputStream(/home/runner/work/ratis/ratis/ratis-test/target/test/data/2baaa1de/MiniRaftClusterWithSimulatedRpc3b4f24d4/s2/bbd46d57-59f4-4845-aaae-a8eb2453ebf5/current/log_inprogress_0)
2022-08-09 05:43:04,027 [s2@group-A8EB2453EBF5-StateMachineUpdater] INFO  statemachine.SimpleStateMachine4Testing (SimpleStateMachine4Testing.java:put(204)) - s2: put 21, m10 -> (t:1, i:21), STATEMACHINELOGENTRY, 187@client-60C5AB4E06F6
2022-08-09 05:43:04,027 [s1@group-A8EB2453EBF5->s2-LogAppenderDefault-LogAppenderDaemon] TRACE segmented.SegmentedRaftLogCache (AutoCloseableReadWriteLock.java:logLocking(65)) - s1@group-A8EB2453EBF5: readLock ACQUIRED 1 by SegmentedRaftLogCache.getLastTermIndex
2022-08-09 05:43:04,027 [s1@group-A8EB2453EBF5->s2-LogAppenderDefault-LogAppenderDaemon] TRACE segmented.SegmentedRaftLogCache (AutoCloseableReadWriteLock.java:logLocking(65)) - s1@group-A8EB2453EBF5: readLock RELEASED 0 by SegmentedRaftLogCache.getLastTermIndex
2022-08-09 05:43:04,027 [s1@group-A8EB2453EBF5-LeaderStateImpl] TRACE segmented.SegmentedRaftLogCache (AutoCloseableReadWriteLock.java:logLocking(65)) - s1@group-A8EB2453EBF5: readLock ACQUIRED 1 by SegmentedRaftLogCache.getStartIndex
2022-08-09 05:43:04,028 [s1@group-A8EB2453EBF5-LeaderStateImpl] TRACE segmented.SegmentedRaftLogCache (AutoCloseableReadWriteLock.java:logLocking(65)) -   s1@group-A8EB2453EBF5: readLock ACQUIRED 2 by SegmentedRaftLogCache$LogSegmentList.isEmpty
2022-08-09 05:43:04,028 [s1@group-A8EB2453EBF5-LeaderStateImpl] TRACE segmented.SegmentedRaftLogCache (AutoCloseableReadWriteLock.java:logLocking(65)) -   s1@group-A8EB2453EBF5: readLock RELEASED 1 by SegmentedRaftLogCache$LogSegmentList.isEmpty
2022-08-09 05:43:04,028 [s1@group-A8EB2453EBF5-LeaderStateImpl] TRACE segmented.SegmentedRaftLogCache (AutoCloseableReadWriteLock.java:logLocking(65)) - s1@group-A8EB2453EBF5: readLock RELEASED 0 by SegmentedRaftLogCache.getStartIndex
2022-08-09 05:43:04,028 [s1@group-A8EB2453EBF5-LeaderStateImpl] TRACE segmented.SegmentedRaftLogCache (AutoCloseableReadWriteLock.java:logLocking(65)) - s1@group-A8EB2453EBF5: readLock ACQUIRED 1 by SegmentedRaftLogCache.getEndIndex
2022-08-09 05:43:04,028 [s1@group-A8EB2453EBF5-LeaderStateImpl] TRACE segmented.SegmentedRaftLogCache (AutoCloseableReadWriteLock.java:logLocking(65)) - s1@group-A8EB2453EBF5: readLock RELEASED 0 by SegmentedRaftLogCache.getEndIndex
2022-08-09 05:43:04,028 [s1@group-A8EB2453EBF5-LeaderStateImpl] TRACE segmented.SegmentedRaftLogCache (AutoCloseableReadWriteLock.java:logLocking(65)) - s1@group-A8EB2453EBF5: readLock ACQUIRED 1 by SegmentedRaftLogCache$LogSegmentList.getTermIndex
2022-08-09 05:43:04,028 [s1@group-A8EB2453EBF5-LeaderStateImpl] TRACE segmented.SegmentedRaftLogCache (AutoCloseableReadWriteLock.java:logLocking(65)) - s1@group-A8EB2453EBF5: readLock RELEASED 0 by SegmentedRaftLogCache$LogSegmentList.getTermIndex
2022-08-09 05:43:04,028 [s1@group-A8EB2453EBF5->s2-LogAppenderDefault-LogAppenderDaemon] TRACE segmented.SegmentedRaftLogCache (AutoCloseableReadWriteLock.java:logLocking(65)) - s1@group-A8EB2453EBF5: readLock ACQUIRED 1 by SegmentedRaftLogCache.getLastTermIndex
2022-08-09 05:43:04,028 [s1@group-A8EB2453EBF5->s2-LogAppenderDefault-LogAppenderDaemon] TRACE segmented.SegmentedRaftLogCache (AutoCloseableReadWriteLock.java:logLocking(65)) - s1@group-A8EB2453EBF5: readLock RELEASED 0 by SegmentedRaftLogCache.getLastTermIndex
2022-08-09 05:43:04,028 [s1@group-A8EB2453EBF5->s2-LogAppenderDefault-LogAppenderDaemon] TRACE segmented.SegmentedRaftLogCache (AutoCloseableReadWriteLock.java:logLocking(65)) - s1@group-A8EB2453EBF5: readLock ACQUIRED 1 by SegmentedRaftLogCache.getLastTermIndex
2022-08-09 05:43:04,028 [s1@group-A8EB2453EBF5->s2-LogAppenderDefault-LogAppenderDaemon] TRACE segmented.SegmentedRaftLogCache (AutoCloseableReadWriteLock.java:logLocking(65)) - s1@group-A8EB2453EBF5: readLock RELEASED 0 by SegmentedRaftLogCache.getLastTermIndex
2022-08-09 05:43:04,030 [s1-client-thread1] TRACE segmented.SegmentedRaftLogCache (AutoCloseableReadWriteLock.java:logLocking(65)) - s1@group-A8EB2453EBF5: readLock ACQUIRED 1 by SegmentedRaftLogCache.getLastTermIndex
2022-08-09 05:43:04,030 [s1-client-thread1] TRACE segmented.SegmentedRaftLogCache (AutoCloseableReadWriteLock.java:logLocking(65)) - s1@group-A8EB2453EBF5: readLock RELEASED 0 by SegmentedRaftLogCache.getLastTermIndex
2022-08-09 05:43:04,030 [s1-client-thread1] TRACE segmented.SegmentedRaftLogCache (AutoCloseableReadWriteLock.java:logLocking(65)) - s1@group-A8EB2453EBF5: readLock ACQUIRED 1 by SegmentedRaftLogCache.getLastTermIndex
2022-08-09 05:43:04,030 [s1-client-thread1] TRACE segmented.SegmentedRaftLogCache (AutoCloseableReadWriteLock.java:logLocking(65)) - s1@group-A8EB2453EBF5: readLock RELEASED 0 by SegmentedRaftLogCache.getLastTermIndex
2022-08-09 05:43:04,030 [s1-client-thread1] TRACE segmented.SegmentedRaftLogCache (AutoCloseableReadWriteLock.java:logLocking(65)) - s1@group-A8EB2453EBF5: readLock ACQUIRED 1 by SegmentedRaftLogCache$LogSegmentList.countCached
2022-08-09 05:43:04,030 [s1-client-thread1] TRACE segmented.SegmentedRaftLogCache (AutoCloseableReadWriteLock.java:logLocking(65)) - s1@group-A8EB2453EBF5: readLock RELEASED 0 by SegmentedRaftLogCache$LogSegmentList.countCached
2022-08-09 05:43:04,030 [s1-client-thread1] TRACE segmented.SegmentedRaftLogCache (AutoCloseableReadWriteLock.java:logLocking(65)) - s1@group-A8EB2453EBF5: readLock ACQUIRED 1 by SegmentedRaftLogCache$LogSegmentList.getTotalCacheSize
2022-08-09 05:43:04,030 [s1-client-thread1] TRACE segmented.SegmentedRaftLogCache (AutoCloseableReadWriteLock.java:logLocking(65)) - s1@group-A8EB2453EBF5: readLock RELEASED 0 by SegmentedRaftLogCache$LogSegmentList.getTotalCacheSize
2022-08-09 05:43:04,030 [s1-client-thread1] DEBUG segmented.SegmentedRaftLogWorker (SegmentedRaftLogWorker.java:addIOTask(270)) - s1@group-A8EB2453EBF5-SegmentedRaftLogWorker adds IO task WriteLog:23: (t:1, i:23), STATEMACHINELOGENTRY, StateMachineLogEntryProto:191@client-60C5AB4E06F6
2022-08-09 05:43:04,030 [s1@group-A8EB2453EBF5-SegmentedRaftLogWorker] DEBUG segmented.SegmentedRaftLogWorker (SegmentedRaftLogWorker.java:flushIfNecessary(365)) - s1@group-A8EB2453EBF5-SegmentedRaftLogWorker: flush SegmentedRaftLogOutputStream(/home/runner/work/ratis/ratis/ratis-test/target/test/data/2baaa1de/MiniRaftClusterWithSimulatedRpc3b4f24d4/s1/bbd46d57-59f4-4845-aaae-a8eb2453ebf5/current/log_inprogress_0)
2022-08-09 05:43:04,030 [s1@group-A8EB2453EBF5->s2-LogAppenderDefault-LogAppenderDaemon] TRACE segmented.SegmentedRaftLogCache (AutoCloseableReadWriteLock.java:logLocking(65)) - s1@group-A8EB2453EBF5: readLock ACQUIRED 1 by SegmentedRaftLogCache.getLastTermIndex
2022-08-09 05:43:04,031 [s1@group-A8EB2453EBF5->s2-LogAppenderDefault-LogAppenderDaemon] TRACE segmented.SegmentedRaftLogCache (AutoCloseableReadWriteLock.java:logLocking(65)) - s1@group-A8EB2453EBF5: readLock RELEASED 0 by SegmentedRaftLogCache.getLastTermIndex
2022-08-09 05:43:04,031 [s1@group-A8EB2453EBF5->s2-LogAppenderDefault-LogAppenderDaemon] TRACE segmented.SegmentedRaftLogCache (AutoCloseableReadWriteLock.java:logLocking(65)) - s1@group-A8EB2453EBF5: readLock ACQUIRED 1 by SegmentedRaftLogCache.getLastTermIndex
2022-08-09 05:43:04,031 [s1@group-A8EB2453EBF5->s2-LogAppenderDefault-LogAppenderDaemon] TRACE segmented.SegmentedRaftLogCache (AutoCloseableReadWriteLock.java:logLocking(65)) - s1@group-A8EB2453EBF5: readLock RELEASED 0 by SegmentedRaftLogCache.getLastTermIndex
2022-08-09 05:43:04,031 [s1@group-A8EB2453EBF5->s2-LogAppenderDefault-LogAppenderDaemon] TRACE segmented.SegmentedRaftLogCache (AutoCloseableReadWriteLock.java:logLocking(65)) - s1@group-A8EB2453EBF5: readLock ACQUIRED 1 by SegmentedRaftLogCache.getStartIndex
2022-08-09 05:43:04,031 [s1@group-A8EB2453EBF5->s2-LogAppenderDefault-LogAppenderDaemon] TRACE segmented.SegmentedRaftLogCache (AutoCloseableReadWriteLock.java:logLocking(65)) -   s1@group-A8EB2453EBF5: readLock ACQUIRED 2 by SegmentedRaftLogCache$LogSegmentList.isEmpty
2022-08-09 05:43:04,031 [s1@group-A8EB2453EBF5->s2-LogAppenderDefault-LogAppenderDaemon] TRACE segmented.SegmentedRaftLogCache (AutoCloseableReadWriteLock.java:logLocking(65)) -   s1@group-A8EB2453EBF5: readLock RELEASED 1 by SegmentedRaftLogCache$LogSegmentList.isEmpty
2022-08-09 05:43:04,031 [s1@group-A8EB2453EBF5->s2-LogAppenderDefault-LogAppenderDaemon] TRACE segmented.SegmentedRaftLogCache (AutoCloseableReadWriteLock.java:logLocking(65)) - s1@group-A8EB2453EBF5: readLock RELEASED 0 by SegmentedRaftLogCache.getStartIndex
2022-08-09 05:43:04,031 [s1@group-A8EB2453EBF5->s2-LogAppenderDefault-LogAppenderDaemon] TRACE segmented.SegmentedRaftLogCache (AutoCloseableReadWriteLock.java:logLocking(65)) - s1@group-A8EB2453EBF5: readLock ACQUIRED 1 by SegmentedRaftLogCache.getLastTermIndex
2022-08-09 05:43:04,031 [s1@group-A8EB2453EBF5->s2-LogAppenderDefault-LogAppenderDaemon] TRACE segmented.SegmentedRaftLogCache (AutoCloseableReadWriteLock.java:logLocking(65)) - s1@group-A8EB2453EBF5: readLock RELEASED 0 by SegmentedRaftLogCache.getLastTermIndex
2022-08-09 05:43:04,031 [Thread-480] TRACE segmented.SegmentedRaftLogCache (AutoCloseableReadWriteLock.java:logLocking(65)) - s2@group-A8EB2453EBF5: readLock ACQUIRED 1 by SegmentedRaftLogCache.computeTruncateIndices
2022-08-09 05:43:04,031 [Thread-480] TRACE segmented.SegmentedRaftLogCache (AutoCloseableReadWriteLock.java:logLocking(65)) -   s2@group-A8EB2453EBF5: readLock ACQUIRED 2 by SegmentedRaftLogCache$LogSegmentList.binarySearch
2022-08-09 05:43:04,031 [Thread-480] TRACE segmented.SegmentedRaftLogCache (AutoCloseableReadWriteLock.java:logLocking(65)) -   s2@group-A8EB2453EBF5: readLock RELEASED 1 by SegmentedRaftLogCache$LogSegmentList.binarySearch
2022-08-09 05:43:04,031 [Thread-480] TRACE segmented.SegmentedRaftLogCache (AutoCloseableReadWriteLock.java:logLocking(65)) -   s2@group-A8EB2453EBF5: readLock ACQUIRED 2 by SegmentedRaftLogCache$LogSegmentList.size
2022-08-09 05:43:04,031 [Thread-480] TRACE segmented.SegmentedRaftLogCache (AutoCloseableReadWriteLock.java:logLocking(65)) -   s2@group-A8EB2453EBF5: readLock RELEASED 1 by SegmentedRaftLogCache$LogSegmentList.size
2022-08-09 05:43:04,031 [Thread-480] TRACE segmented.SegmentedRaftLogCache (AutoCloseableReadWriteLock.java:logLocking(65)) - s2@group-A8EB2453EBF5: readLock RELEASED 0 by SegmentedRaftLogCache.computeTruncateIndices
2022-08-09 05:43:04,032 [Thread-480] DEBUG raftlog.RaftLog (SegmentedRaftLog.java:appendImpl(447)) - truncateIndex=-1, arrayIndex=0
2022-08-09 05:43:04,032 [Thread-480] TRACE segmented.SegmentedRaftLogCache (AutoCloseableReadWriteLock.java:logLocking(65)) - s2@group-A8EB2453EBF5: readLock ACQUIRED 1 by SegmentedRaftLogCache.getLastTermIndex
2022-08-09 05:43:04,032 [Thread-480] TRACE segmented.SegmentedRaftLogCache (AutoCloseableReadWriteLock.java:logLocking(65)) - s2@group-A8EB2453EBF5: readLock RELEASED 0 by SegmentedRaftLogCache.getLastTermIndex
2022-08-09 05:43:04,032 [Thread-480] TRACE segmented.SegmentedRaftLogCache (AutoCloseableReadWriteLock.java:logLocking(65)) - s2@group-A8EB2453EBF5: readLock ACQUIRED 1 by SegmentedRaftLogCache$LogSegmentList.countCached
2022-08-09 05:43:04,032 [Thread-480] TRACE segmented.SegmentedRaftLogCache (AutoCloseableReadWriteLock.java:logLocking(65)) - s2@group-A8EB2453EBF5: readLock RELEASED 0 by SegmentedRaftLogCache$LogSegmentList.countCached
2022-08-09 05:43:04,032 [Thread-480] TRACE segmented.SegmentedRaftLogCache (AutoCloseableReadWriteLock.java:logLocking(65)) - s2@group-A8EB2453EBF5: readLock ACQUIRED 1 by SegmentedRaftLogCache$LogSegmentList.getTotalCacheSize
2022-08-09 05:43:04,032 [Thread-480] TRACE segmented.SegmentedRaftLogCache (AutoCloseableReadWriteLock.java:logLocking(65)) - s2@group-A8EB2453EBF5: readLock RELEASED 0 by SegmentedRaftLogCache$LogSegmentList.getTotalCacheSize
2022-08-09 05:43:04,032 [Thread-480] DEBUG segmented.SegmentedRaftLogWorker (SegmentedRaftLogWorker.java:addIOTask(270)) - s2@group-A8EB2453EBF5-SegmentedRaftLogWorker adds IO task WriteLog:23: (t:1, i:23), STATEMACHINELOGENTRY, StateMachineLogEntryProto:191@client-60C5AB4E06F6
2022-08-09 05:43:04,032 [s2@group-A8EB2453EBF5-SegmentedRaftLogWorker] DEBUG segmented.SegmentedRaftLogWorker (SegmentedRaftLogWorker.java:flushIfNecessary(365)) - s2@group-A8EB2453EBF5-SegmentedRaftLogWorker: flush SegmentedRaftLogOutputStream(/home/runner/work/ratis/ratis/ratis-test/target/test/data/2baaa1de/MiniRaftClusterWithSimulatedRpc3b4f24d4/s2/bbd46d57-59f4-4845-aaae-a8eb2453ebf5/current/log_inprogress_0)
2022-08-09 05:43:04,040 [s1@group-A8EB2453EBF5->s2-LogAppenderDefault-LogAppenderDaemon] TRACE segmented.SegmentedRaftLogCache (AutoCloseableReadWriteLock.java:logLocking(65)) - s1@group-A8EB2453EBF5: readLock ACQUIRED 1 by SegmentedRaftLogCache.getLastTermIndex
2022-08-09 05:43:04,040 [s1@group-A8EB2453EBF5->s2-LogAppenderDefault-LogAppenderDaemon] TRACE segmented.SegmentedRaftLogCache (AutoCloseableReadWriteLock.java:logLocking(65)) - s1@group-A8EB2453EBF5: readLock RELEASED 0 by SegmentedRaftLogCache.getLastTermIndex
2022-08-09 05:43:04,040 [s1@group-A8EB2453EBF5-LeaderStateImpl] TRACE segmented.SegmentedRaftLogCache (AutoCloseableReadWriteLock.java:logLocking(65)) - s1@group-A8EB2453EBF5: readLock ACQUIRED 1 by SegmentedRaftLogCache.getStartIndex
2022-08-09 05:43:04,040 [s1@group-A8EB2453EBF5-LeaderStateImpl] TRACE segmented.SegmentedRaftLogCache (AutoCloseableReadWriteLock.java:logLocking(65)) -   s1@group-A8EB2453EBF5: readLock ACQUIRED 2 by SegmentedRaftLogCache$LogSegmentList.isEmpty
2022-08-09 05:43:04,040 [s1@group-A8EB2453EBF5-LeaderStateImpl] TRACE segmented.SegmentedRaftLogCache (AutoCloseableReadWriteLock.java:logLocking(65)) -   s1@group-A8EB2453EBF5: readLock RELEASED 1 by SegmentedRaftLogCache$LogSegmentList.isEmpty
2022-08-09 05:43:04,040 [s1@group-A8EB2453EBF5-LeaderStateImpl] TRACE segmented.SegmentedRaftLogCache (AutoCloseableReadWriteLock.java:logLocking(65)) - s1@group-A8EB2453EBF5: readLock RELEASED 0 by SegmentedRaftLogCache.getStartIndex
2022-08-09 05:43:04,040 [s1@group-A8EB2453EBF5-LeaderStateImpl] TRACE segmented.SegmentedRaftLogCache (AutoCloseableReadWriteLock.java:logLocking(65)) - s1@group-A8EB2453EBF5: readLock ACQUIRED 1 by SegmentedRaftLogCache.getEndIndex
2022-08-09 05:43:04,040 [s1@group-A8EB2453EBF5-LeaderStateImpl] TRACE segmented.SegmentedRaftLogCache (AutoCloseableReadWriteLock.java:logLocking(65)) - s1@group-A8EB2453EBF5: readLock RELEASED 0 by SegmentedRaftLogCache.getEndIndex
2022-08-09 05:43:04,040 [s1@group-A8EB2453EBF5-LeaderStateImpl] TRACE segmented.SegmentedRaftLogCache (AutoCloseableReadWriteLock.java:logLocking(65)) - s1@group-A8EB2453EBF5: readLock ACQUIRED 1 by SegmentedRaftLogCache$LogSegmentList.getTermIndex
2022-08-09 05:43:04,040 [s1@group-A8EB2453EBF5-LeaderStateImpl] TRACE segmented.SegmentedRaftLogCache (AutoCloseableReadWriteLock.java:logLocking(65)) - s1@group-A8EB2453EBF5: readLock RELEASED 0 by SegmentedRaftLogCache$LogSegmentList.getTermIndex
2022-08-09 05:43:04,040 [s1@group-A8EB2453EBF5-LeaderStateImpl] TRACE segmented.SegmentedRaftLogCache (AutoCloseableReadWriteLock.java:logLocking(65)) - s1@group-A8EB2453EBF5: readLock ACQUIRED 1 by SegmentedRaftLogCache.getLastTermIndex
2022-08-09 05:43:04,040 [s1@group-A8EB2453EBF5-LeaderStateImpl] TRACE segmented.SegmentedRaftLogCache (AutoCloseableReadWriteLock.java:logLocking(65)) - s1@group-A8EB2453EBF5: readLock RELEASED 0 by SegmentedRaftLogCache.getLastTermIndex
2022-08-09 05:43:04,041 [s1@group-A8EB2453EBF5-LeaderStateImpl] TRACE segmented.SegmentedRaftLogCache (AutoCloseableReadWriteLock.java:logLocking(65)) - s1@group-A8EB2453EBF5: readLock ACQUIRED 1 by SegmentedRaftLogCache$LogSegmentList.countCached
2022-08-09 05:43:04,041 [s1@group-A8EB2453EBF5-LeaderStateImpl] TRACE segmented.SegmentedRaftLogCache (AutoCloseableReadWriteLock.java:logLocking(65)) - s1@group-A8EB2453EBF5: readLock RELEASED 0 by SegmentedRaftLogCache$LogSegmentList.countCached
2022-08-09 05:43:04,041 [s1@group-A8EB2453EBF5-LeaderStateImpl] TRACE segmented.SegmentedRaftLogCache (AutoCloseableReadWriteLock.java:logLocking(65)) - s1@group-A8EB2453EBF5: readLock ACQUIRED 1 by SegmentedRaftLogCache$LogSegmentList.getTotalCacheSize
2022-08-09 05:43:04,041 [s1@group-A8EB2453EBF5-LeaderStateImpl] TRACE segmented.SegmentedRaftLogCache (AutoCloseableReadWriteLock.java:logLocking(65)) - s1@group-A8EB2453EBF5: readLock RELEASED 0 by SegmentedRaftLogCache$LogSegmentList.getTotalCacheSize
2022-08-09 05:43:04,041 [s1@group-A8EB2453EBF5-LeaderStateImpl] DEBUG segmented.SegmentedRaftLogWorker (SegmentedRaftLogWorker.java:addIOTask(270)) - s1@group-A8EB2453EBF5-SegmentedRaftLogWorker adds IO task WriteLog:24: (t:1, i:24), METADATAENTRY(c:23)
2022-08-09 05:43:04,041 [s1@group-A8EB2453EBF5-SegmentedRaftLogWorker] DEBUG segmented.SegmentedRaftLogWorker (SegmentedRaftLogWorker.java:flushIfNecessary(365)) - s1@group-A8EB2453EBF5-SegmentedRaftLogWorker: flush SegmentedRaftLogOutputStream(/home/runner/work/ratis/ratis/ratis-test/target/test/data/2baaa1de/MiniRaftClusterWithSimulatedRpc3b4f24d4/s1/bbd46d57-59f4-4845-aaae-a8eb2453ebf5/current/log_inprogress_0)
2022-08-09 05:43:04,041 [s1@group-A8EB2453EBF5->s2-LogAppenderDefault-LogAppenderDaemon] TRACE segmented.SegmentedRaftLogCache (AutoCloseableReadWriteLock.java:logLocking(65)) - s1@group-A8EB2453EBF5: readLock ACQUIRED 1 by SegmentedRaftLogCache.getLastTermIndex
2022-08-09 05:43:04,041 [s1@group-A8EB2453EBF5-StateMachineUpdater] INFO  statemachine.SimpleStateMachine4Testing (SimpleStateMachine4Testing.java:put(204)) - s1: put 23, m11 -> (t:1, i:23), STATEMACHINELOGENTRY, 191@client-60C5AB4E06F6
2022-08-09 05:43:04,041 [s1@group-A8EB2453EBF5->s2-LogAppenderDefault-LogAppenderDaemon] TRACE segmented.SegmentedRaftLogCache (AutoCloseableReadWriteLock.java:logLocking(65)) - s1@group-A8EB2453EBF5: readLock RELEASED 0 by SegmentedRaftLogCache.getLastTermIndex
2022-08-09 05:43:04,041 [s1@group-A8EB2453EBF5->s2-LogAppenderDefault-LogAppenderDaemon] TRACE segmented.SegmentedRaftLogCache (AutoCloseableReadWriteLock.java:logLocking(65)) - s1@group-A8EB2453EBF5: readLock ACQUIRED 1 by SegmentedRaftLogCache.getLastTermIndex
2022-08-09 05:43:04,041 [s1@group-A8EB2453EBF5->s2-LogAppenderDefault-LogAppenderDaemon] TRACE segmented.SegmentedRaftLogCache (AutoCloseableReadWriteLock.java:logLocking(65)) - s1@group-A8EB2453EBF5: readLock RELEASED 0 by SegmentedRaftLogCache.getLastTermIndex
2022-08-09 05:43:04,041 [s1@group-A8EB2453EBF5->s2-LogAppenderDefault-LogAppenderDaemon] TRACE segmented.SegmentedRaftLogCache (AutoCloseableReadWriteLock.java:logLocking(65)) - s1@group-A8EB2453EBF5: readLock ACQUIRED 1 by SegmentedRaftLogCache.getStartIndex
2022-08-09 05:43:04,041 [s1@group-A8EB2453EBF5->s2-LogAppenderDefault-LogAppenderDaemon] TRACE segmented.SegmentedRaftLogCache (AutoCloseableReadWriteLock.java:logLocking(65)) -   s1@group-A8EB2453EBF5: readLock ACQUIRED 2 by SegmentedRaftLogCache$LogSegmentList.isEmpty
2022-08-09 05:43:04,041 [s1@group-A8EB2453EBF5->s2-LogAppenderDefault-LogAppenderDaemon] TRACE segmented.SegmentedRaftLogCache (AutoCloseableReadWriteLock.java:logLocking(65)) -   s1@group-A8EB2453EBF5: readLock RELEASED 1 by SegmentedRaftLogCache$LogSegmentList.isEmpty
2022-08-09 05:43:04,041 [s1@group-A8EB2453EBF5->s2-LogAppenderDefault-LogAppenderDaemon] TRACE segmented.SegmentedRaftLogCache (AutoCloseableReadWriteLock.java:logLocking(65)) - s1@group-A8EB2453EBF5: readLock RELEASED 0 by SegmentedRaftLogCache.getStartIndex
2022-08-09 05:43:04,042 [s1@group-A8EB2453EBF5->s2-LogAppenderDefault-LogAppenderDaemon] TRACE segmented.SegmentedRaftLogCache (AutoCloseableReadWriteLock.java:logLocking(65)) - s1@group-A8EB2453EBF5: readLock ACQUIRED 1 by SegmentedRaftLogCache.getLastTermIndex
2022-08-09 05:43:04,042 [s1@group-A8EB2453EBF5->s2-LogAppenderDefault-LogAppenderDaemon] TRACE segmented.SegmentedRaftLogCache (AutoCloseableReadWriteLock.java:logLocking(65)) - s1@group-A8EB2453EBF5: readLock RELEASED 0 by SegmentedRaftLogCache.getLastTermIndex
2022-08-09 05:43:04,042 [Thread-481] TRACE segmented.SegmentedRaftLogCache (AutoCloseableReadWriteLock.java:logLocking(65)) - s2@group-A8EB2453EBF5: readLock ACQUIRED 1 by SegmentedRaftLogCache.computeTruncateIndices
2022-08-09 05:43:04,042 [Thread-481] TRACE segmented.SegmentedRaftLogCache (AutoCloseableReadWriteLock.java:logLocking(65)) -   s2@group-A8EB2453EBF5: readLock ACQUIRED 2 by SegmentedRaftLogCache$LogSegmentList.binarySearch
2022-08-09 05:43:04,042 [Thread-481] TRACE segmented.SegmentedRaftLogCache (AutoCloseableReadWriteLock.java:logLocking(65)) -   s2@group-A8EB2453EBF5: readLock RELEASED 1 by SegmentedRaftLogCache$LogSegmentList.binarySearch
2022-08-09 05:43:04,042 [Thread-481] TRACE segmented.SegmentedRaftLogCache (AutoCloseableReadWriteLock.java:logLocking(65)) -   s2@group-A8EB2453EBF5: readLock ACQUIRED 2 by SegmentedRaftLogCache$LogSegmentList.size
2022-08-09 05:43:04,042 [Thread-481] TRACE segmented.SegmentedRaftLogCache (AutoCloseableReadWriteLock.java:logLocking(65)) -   s2@group-A8EB2453EBF5: readLock RELEASED 1 by SegmentedRaftLogCache$LogSegmentList.size
2022-08-09 05:43:04,042 [Thread-481] TRACE segmented.SegmentedRaftLogCache (AutoCloseableReadWriteLock.java:logLocking(65)) - s2@group-A8EB2453EBF5: readLock RELEASED 0 by SegmentedRaftLogCache.computeTruncateIndices
2022-08-09 05:43:04,042 [Thread-481] DEBUG raftlog.RaftLog (SegmentedRaftLog.java:appendImpl(447)) - truncateIndex=-1, arrayIndex=0
2022-08-09 05:43:04,042 [Thread-481] TRACE segmented.SegmentedRaftLogCache (AutoCloseableReadWriteLock.java:logLocking(65)) - s2@group-A8EB2453EBF5: readLock ACQUIRED 1 by SegmentedRaftLogCache$LogSegmentList.countCached
2022-08-09 05:43:04,042 [Thread-481] TRACE segmented.SegmentedRaftLogCache (AutoCloseableReadWriteLock.java:logLocking(65)) - s2@group-A8EB2453EBF5: readLock RELEASED 0 by SegmentedRaftLogCache$LogSegmentList.countCached
2022-08-09 05:43:04,042 [Thread-481] TRACE segmented.SegmentedRaftLogCache (AutoCloseableReadWriteLock.java:logLocking(65)) - s2@group-A8EB2453EBF5: readLock ACQUIRED 1 by SegmentedRaftLogCache$LogSegmentList.getTotalCacheSize
2022-08-09 05:43:04,042 [Thread-481] TRACE segmented.SegmentedRaftLogCache (AutoCloseableReadWriteLock.java:logLocking(65)) - s2@group-A8EB2453EBF5: readLock RELEASED 0 by SegmentedRaftLogCache$LogSegmentList.getTotalCacheSize
2022-08-09 05:43:04,042 [Thread-481] DEBUG segmented.SegmentedRaftLogWorker (SegmentedRaftLogWorker.java:addIOTask(270)) - s2@group-A8EB2453EBF5-SegmentedRaftLogWorker adds IO task WriteLog:24: (t:1, i:24), METADATAENTRY(c:23)
2022-08-09 05:43:04,043 [s2@group-A8EB2453EBF5-SegmentedRaftLogWorker] DEBUG segmented.SegmentedRaftLogWorker (SegmentedRaftLogWorker.java:flushIfNecessary(365)) - s2@group-A8EB2453EBF5-SegmentedRaftLogWorker: flush SegmentedRaftLogOutputStream(/home/runner/work/ratis/ratis/ratis-test/target/test/data/2baaa1de/MiniRaftClusterWithSimulatedRpc3b4f24d4/s2/bbd46d57-59f4-4845-aaae-a8eb2453ebf5/current/log_inprogress_0)
2022-08-09 05:43:04,043 [s1-client-thread1] TRACE segmented.SegmentedRaftLogCache (AutoCloseableReadWriteLock.java:logLocking(65)) - s1@group-A8EB2453EBF5: readLock ACQUIRED 1 by SegmentedRaftLogCache.getLastTermIndex
2022-08-09 05:43:04,043 [s1-client-thread1] TRACE segmented.SegmentedRaftLogCache (AutoCloseableReadWriteLock.java:logLocking(65)) - s1@group-A8EB2453EBF5: readLock RELEASED 0 by SegmentedRaftLogCache.getLastTermIndex
2022-08-09 05:43:04,043 [s1-client-thread1] TRACE segmented.SegmentedRaftLogCache (AutoCloseableReadWriteLock.java:logLocking(65)) - s1@group-A8EB2453EBF5: readLock ACQUIRED 1 by SegmentedRaftLogCache.getLastTermIndex
2022-08-09 05:43:04,043 [s1-client-thread1] TRACE segmented.SegmentedRaftLogCache (AutoCloseableReadWriteLock.java:logLocking(65)) - s1@group-A8EB2453EBF5: readLock RELEASED 0 by SegmentedRaftLogCache.getLastTermIndex
2022-08-09 05:43:04,043 [s1-client-thread1] TRACE segmented.SegmentedRaftLogCache (AutoCloseableReadWriteLock.java:logLocking(65)) - s1@group-A8EB2453EBF5: readLock ACQUIRED 1 by SegmentedRaftLogCache$LogSegmentList.countCached
2022-08-09 05:43:04,043 [s1-client-thread1] TRACE segmented.SegmentedRaftLogCache (AutoCloseableReadWriteLock.java:logLocking(65)) - s1@group-A8EB2453EBF5: readLock RELEASED 0 by SegmentedRaftLogCache$LogSegmentList.countCached
2022-08-09 05:43:04,043 [s1-client-thread1] TRACE segmented.SegmentedRaftLogCache (AutoCloseableReadWriteLock.java:logLocking(65)) - s1@group-A8EB2453EBF5: readLock ACQUIRED 1 by SegmentedRaftLogCache$LogSegmentList.getTotalCacheSize
2022-08-09 05:43:04,043 [s1-client-thread1] TRACE segmented.SegmentedRaftLogCache (AutoCloseableReadWriteLock.java:logLocking(65)) - s1@group-A8EB2453EBF5: readLock RELEASED 0 by SegmentedRaftLogCache$LogSegmentList.getTotalCacheSize
2022-08-09 05:43:04,043 [s1-client-thread1] DEBUG segmented.SegmentedRaftLogWorker (SegmentedRaftLogWorker.java:addIOTask(270)) - s1@group-A8EB2453EBF5-SegmentedRaftLogWorker adds IO task WriteLog:25: (t:1, i:25), STATEMACHINELOGENTRY, StateMachineLogEntryProto:194@client-60C5AB4E06F6
2022-08-09 05:43:04,044 [s1@group-A8EB2453EBF5-SegmentedRaftLogWorker] DEBUG segmented.SegmentedRaftLogWorker (SegmentedRaftLogWorker.java:flushIfNecessary(365)) - s1@group-A8EB2453EBF5-SegmentedRaftLogWorker: flush SegmentedRaftLogOutputStream(/home/runner/work/ratis/ratis/ratis-test/target/test/data/2baaa1de/MiniRaftClusterWithSimulatedRpc3b4f24d4/s1/bbd46d57-59f4-4845-aaae-a8eb2453ebf5/current/log_inprogress_0)
2022-08-09 05:43:04,044 [s2@group-A8EB2453EBF5-StateMachineUpdater] INFO  statemachine.SimpleStateMachine4Testing (SimpleStateMachine4Testing.java:put(204)) - s2: put 23, m11 -> (t:1, i:23), STATEMACHINELOGENTRY, 191@client-60C5AB4E06F6
2022-08-09 05:43:04,044 [s1@group-A8EB2453EBF5->s2-LogAppenderDefault-LogAppenderDaemon] TRACE segmented.SegmentedRaftLogCache (AutoCloseableReadWriteLock.java:logLocking(65)) - s1@group-A8EB2453EBF5: readLock ACQUIRED 1 by SegmentedRaftLogCache.getLastTermIndex
2022-08-09 05:43:04,044 [s1@group-A8EB2453EBF5->s2-LogAppenderDefault-LogAppenderDaemon] TRACE segmented.SegmentedRaftLogCache (AutoCloseableReadWriteLock.java:logLocking(65)) - s1@group-A8EB2453EBF5: readLock RELEASED 0 by SegmentedRaftLogCache.getLastTermIndex
2022-08-09 05:43:04,044 [s1@group-A8EB2453EBF5->s2-LogAppenderDefault-LogAppenderDaemon] TRACE segmented.SegmentedRaftLogCache (AutoCloseableReadWriteLock.java:logLocking(65)) - s1@group-A8EB2453EBF5: readLock ACQUIRED 1 by SegmentedRaftLogCache.getLastTermIndex
2022-08-09 05:43:04,044 [s1@group-A8EB2453EBF5->s2-LogAppenderDefault-LogAppenderDaemon] TRACE segmented.SegmentedRaftLogCache (AutoCloseableReadWriteLock.java:logLocking(65)) - s1@group-A8EB2453EBF5: readLock RELEASED 0 by SegmentedRaftLogCache.getLastTermIndex
2022-08-09 05:43:04,044 [s1@group-A8EB2453EBF5->s2-LogAppenderDefault-LogAppenderDaemon] TRACE segmented.SegmentedRaftLogCache (AutoCloseableReadWriteLock.java:logLocking(65)) - s1@group-A8EB2453EBF5: readLock ACQUIRED 1 by SegmentedRaftLogCache.getLastTermIndex
2022-08-09 05:43:04,044 [s1@group-A8EB2453EBF5->s2-LogAppenderDefault-LogAppenderDaemon] TRACE segmented.SegmentedRaftLogCache (AutoCloseableReadWriteLock.java:logLocking(65)) - s1@group-A8EB2453EBF5: readLock RELEASED 0 by SegmentedRaftLogCache.getLastTermIndex
2022-08-09 05:43:04,044 [s1@group-A8EB2453EBF5->s2-LogAppenderDefault-LogAppenderDaemon] TRACE segmented.SegmentedRaftLogCache (AutoCloseableReadWriteLock.java:logLocking(65)) - s1@group-A8EB2453EBF5: readLock ACQUIRED 1 by SegmentedRaftLogCache.getStartIndex
2022-08-09 05:43:04,044 [s1@group-A8EB2453EBF5->s2-LogAppenderDefault-LogAppenderDaemon] TRACE segmented.SegmentedRaftLogCache (AutoCloseableReadWriteLock.java:logLocking(65)) -   s1@group-A8EB2453EBF5: readLock ACQUIRED 2 by SegmentedRaftLogCache$LogSegmentList.isEmpty
2022-08-09 05:43:04,044 [s1@group-A8EB2453EBF5->s2-LogAppenderDefault-LogAppenderDaemon] TRACE segmented.SegmentedRaftLogCache (AutoCloseableReadWriteLock.java:logLocking(65)) -   s1@group-A8EB2453EBF5: readLock RELEASED 1 by SegmentedRaftLogCache$LogSegmentList.isEmpty
2022-08-09 05:43:04,044 [s1@group-A8EB2453EBF5->s2-LogAppenderDefault-LogAppenderDaemon] TRACE segmented.SegmentedRaftLogCache (AutoCloseableReadWriteLock.java:logLocking(65)) - s1@group-A8EB2453EBF5: readLock RELEASED 0 by SegmentedRaftLogCache.getStartIndex
2022-08-09 05:43:04,044 [s1@group-A8EB2453EBF5->s2-LogAppenderDefault-LogAppenderDaemon] TRACE segmented.SegmentedRaftLogCache (AutoCloseableReadWriteLock.java:logLocking(65)) - s1@group-A8EB2453EBF5: readLock ACQUIRED 1 by SegmentedRaftLogCache.getLastTermIndex
2022-08-09 05:43:04,044 [s1@group-A8EB2453EBF5->s2-LogAppenderDefault-LogAppenderDaemon] TRACE segmented.SegmentedRaftLogCache (AutoCloseableReadWriteLock.java:logLocking(65)) - s1@group-A8EB2453EBF5: readLock RELEASED 0 by SegmentedRaftLogCache.getLastTermIndex
2022-08-09 05:43:04,045 [Thread-479] TRACE segmented.SegmentedRaftLogCache (AutoCloseableReadWriteLock.java:logLocking(65)) - s2@group-A8EB2453EBF5: readLock ACQUIRED 1 by SegmentedRaftLogCache.computeTruncateIndices
2022-08-09 05:43:04,045 [Thread-479] TRACE segmented.SegmentedRaftLogCache (AutoCloseableReadWriteLock.java:logLocking(65)) -   s2@group-A8EB2453EBF5: readLock ACQUIRED 2 by SegmentedRaftLogCache$LogSegmentList.binarySearch
2022-08-09 05:43:04,045 [Thread-479] TRACE segmented.SegmentedRaftLogCache (AutoCloseableReadWriteLock.java:logLocking(65)) -   s2@group-A8EB2453EBF5: readLock RELEASED 1 by SegmentedRaftLogCache$LogSegmentList.binarySearch
2022-08-09 05:43:04,045 [Thread-479] TRACE segmented.SegmentedRaftLogCache (AutoCloseableReadWriteLock.java:logLocking(65)) -   s2@group-A8EB2453EBF5: readLock ACQUIRED 2 by SegmentedRaftLogCache$LogSegmentList.size
2022-08-09 05:43:04,045 [Thread-479] TRACE segmented.SegmentedRaftLogCache (AutoCloseableReadWriteLock.java:logLocking(65)) -   s2@group-A8EB2453EBF5: readLock RELEASED 1 by SegmentedRaftLogCache$LogSegmentList.size
2022-08-09 05:43:04,045 [Thread-479] TRACE segmented.SegmentedRaftLogCache (AutoCloseableReadWriteLock.java:logLocking(65)) - s2@group-A8EB2453EBF5: readLock RELEASED 0 by SegmentedRaftLogCache.computeTruncateIndices
2022-08-09 05:43:04,045 [Thread-479] DEBUG raftlog.RaftLog (SegmentedRaftLog.java:appendImpl(447)) - truncateIndex=-1, arrayIndex=0
2022-08-09 05:43:04,045 [Thread-479] TRACE segmented.SegmentedRaftLogCache (AutoCloseableReadWriteLock.java:logLocking(65)) - s2@group-A8EB2453EBF5: readLock ACQUIRED 1 by SegmentedRaftLogCache.getLastTermIndex
2022-08-09 05:43:04,045 [Thread-479] TRACE segmented.SegmentedRaftLogCache (AutoCloseableReadWriteLock.java:logLocking(65)) - s2@group-A8EB2453EBF5: readLock RELEASED 0 by SegmentedRaftLogCache.getLastTermIndex
2022-08-09 05:43:04,045 [Thread-479] TRACE segmented.SegmentedRaftLogCache (AutoCloseableReadWriteLock.java:logLocking(65)) - s2@group-A8EB2453EBF5: readLock ACQUIRED 1 by SegmentedRaftLogCache$LogSegmentList.countCached
2022-08-09 05:43:04,045 [Thread-479] TRACE segmented.SegmentedRaftLogCache (AutoCloseableReadWriteLock.java:logLocking(65)) - s2@group-A8EB2453EBF5: readLock RELEASED 0 by SegmentedRaftLogCache$LogSegmentList.countCached
2022-08-09 05:43:04,045 [Thread-479] TRACE segmented.SegmentedRaftLogCache (AutoCloseableReadWriteLock.java:logLocking(65)) - s2@group-A8EB2453EBF5: readLock ACQUIRED 1 by SegmentedRaftLogCache$LogSegmentList.getTotalCacheSize
2022-08-09 05:43:04,045 [Thread-479] TRACE segmented.SegmentedRaftLogCache (AutoCloseableReadWriteLock.java:logLocking(65)) - s2@group-A8EB2453EBF5: readLock RELEASED 0 by SegmentedRaftLogCache$LogSegmentList.getTotalCacheSize
2022-08-09 05:43:04,045 [Thread-479] DEBUG segmented.SegmentedRaftLogWorker (SegmentedRaftLogWorker.java:addIOTask(270)) - s2@group-A8EB2453EBF5-SegmentedRaftLogWorker adds IO task WriteLog:25: (t:1, i:25), STATEMACHINELOGENTRY, StateMachineLogEntryProto:194@client-60C5AB4E06F6
2022-08-09 05:43:04,045 [s2@group-A8EB2453EBF5-SegmentedRaftLogWorker] DEBUG segmented.SegmentedRaftLogWorker (SegmentedRaftLogWorker.java:flushIfNecessary(365)) - s2@group-A8EB2453EBF5-SegmentedRaftLogWorker: flush SegmentedRaftLogOutputStream(/home/runner/work/ratis/ratis/ratis-test/target/test/data/2baaa1de/MiniRaftClusterWithSimulatedRpc3b4f24d4/s2/bbd46d57-59f4-4845-aaae-a8eb2453ebf5/current/log_inprogress_0)
2022-08-09 05:43:04,046 [s1@group-A8EB2453EBF5-LeaderStateImpl] TRACE segmented.SegmentedRaftLogCache (AutoCloseableReadWriteLock.java:logLocking(65)) - s1@group-A8EB2453EBF5: readLock ACQUIRED 1 by SegmentedRaftLogCache.getStartIndex
2022-08-09 05:43:04,046 [s1@group-A8EB2453EBF5-LeaderStateImpl] TRACE segmented.SegmentedRaftLogCache (AutoCloseableReadWriteLock.java:logLocking(65)) -   s1@group-A8EB2453EBF5: readLock ACQUIRED 2 by SegmentedRaftLogCache$LogSegmentList.isEmpty
2022-08-09 05:43:04,046 [s1@group-A8EB2453EBF5-LeaderStateImpl] TRACE segmented.SegmentedRaftLogCache (AutoCloseableReadWriteLock.java:logLocking(65)) -   s1@group-A8EB2453EBF5: readLock RELEASED 1 by SegmentedRaftLogCache$LogSegmentList.isEmpty
2022-08-09 05:43:04,046 [s1@group-A8EB2453EBF5-LeaderStateImpl] TRACE segmented.SegmentedRaftLogCache (AutoCloseableReadWriteLock.java:logLocking(65)) - s1@group-A8EB2453EBF5: readLock RELEASED 0 by SegmentedRaftLogCache.getStartIndex
2022-08-09 05:43:04,046 [s1@group-A8EB2453EBF5-LeaderStateImpl] TRACE segmented.SegmentedRaftLogCache (AutoCloseableReadWriteLock.java:logLocking(65)) - s1@group-A8EB2453EBF5: readLock ACQUIRED 1 by SegmentedRaftLogCache.getEndIndex
2022-08-09 05:43:04,046 [s1@group-A8EB2453EBF5-LeaderStateImpl] TRACE segmented.SegmentedRaftLogCache (AutoCloseableReadWriteLock.java:logLocking(65)) - s1@group-A8EB2453EBF5: readLock RELEASED 0 by SegmentedRaftLogCache.getEndIndex
2022-08-09 05:43:04,046 [s1@group-A8EB2453EBF5-LeaderStateImpl] TRACE segmented.SegmentedRaftLogCache (AutoCloseableReadWriteLock.java:logLocking(65)) - s1@group-A8EB2453EBF5: readLock ACQUIRED 1 by SegmentedRaftLogCache$LogSegmentList.getTermIndex
2022-08-09 05:43:04,046 [s1@group-A8EB2453EBF5-LeaderStateImpl] TRACE segmented.SegmentedRaftLogCache (AutoCloseableReadWriteLock.java:logLocking(65)) - s1@group-A8EB2453EBF5: readLock RELEASED 0 by SegmentedRaftLogCache$LogSegmentList.getTermIndex
2022-08-09 05:43:04,046 [s1@group-A8EB2453EBF5->s0-LogAppenderDefault-LogAppenderDaemon] TRACE segmented.SegmentedRaftLogCache (AutoCloseableReadWriteLock.java:logLocking(65)) - s1@group-A8EB2453EBF5: readLock ACQUIRED 1 by SegmentedRaftLogCache.getLastTermIndex
2022-08-09 05:43:04,046 [s1@group-A8EB2453EBF5->s0-LogAppenderDefault-LogAppenderDaemon] TRACE segmented.SegmentedRaftLogCache (AutoCloseableReadWriteLock.java:logLocking(65)) -   s1@group-A8EB2453EBF5: readLock RELEASED 1 by SegmentedRaftLogCache.getLastTermIndex
2022-08-09 05:43:04,046 [s1@group-A8EB2453EBF5->s0-LogAppenderDefault-LogAppenderDaemon] TRACE segmented.SegmentedRaftLogCache (AutoCloseableReadWriteLock.java:logLocking(65)) -   s1@group-A8EB2453EBF5: readLock ACQUIRED 2 by SegmentedRaftLogCache.getLastTermIndex
2022-08-09 05:43:04,046 [s1@group-A8EB2453EBF5->s0-LogAppenderDefault-LogAppenderDaemon] TRACE segmented.SegmentedRaftLogCache (AutoCloseableReadWriteLock.java:logLocking(65)) -   s1@group-A8EB2453EBF5: readLock RELEASED 1 by SegmentedRaftLogCache.getLastTermIndex
2022-08-09 05:43:04,046 [s1@group-A8EB2453EBF5->s0-LogAppenderDefault-LogAppenderDaemon] TRACE segmented.SegmentedRaftLogCache (AutoCloseableReadWriteLock.java:logLocking(65)) -   s1@group-A8EB2453EBF5: readLock ACQUIRED 2 by SegmentedRaftLogCache.getLastTermIndex
2022-08-09 05:43:04,046 [s1@group-A8EB2453EBF5->s0-LogAppenderDefault-LogAppenderDaemon] TRACE segmented.SegmentedRaftLogCache (AutoCloseableReadWriteLock.java:logLocking(65)) -   s1@group-A8EB2453EBF5: readLock RELEASED 1 by SegmentedRaftLogCache.getLastTermIndex
2022-08-09 05:43:04,046 [s1@group-A8EB2453EBF5->s0-LogAppenderDefault-LogAppenderDaemon] TRACE segmented.SegmentedRaftLogCache (AutoCloseableReadWriteLock.java:logLocking(65)) -   s1@group-A8EB2453EBF5: readLock ACQUIRED 2 by SegmentedRaftLogCache.getStartIndex
2022-08-09 05:43:04,046 [s1@group-A8EB2453EBF5->s0-LogAppenderDefault-LogAppenderDaemon] TRACE segmented.SegmentedRaftLogCache (AutoCloseableReadWriteLock.java:logLocking(65)) -     s1@group-A8EB2453EBF5: readLock ACQUIRED 3 by SegmentedRaftLogCache$LogSegmentList.isEmpty
2022-08-09 05:43:04,047 [s1@group-A8EB2453EBF5->s0-LogAppenderDefault-LogAppenderDaemon] TRACE segmented.SegmentedRaftLogCache (AutoCloseableReadWriteLock.java:logLocking(65)) -     s1@group-A8EB2453EBF5: readLock RELEASED 2 by SegmentedRaftLogCache$LogSegmentList.isEmpty
2022-08-09 05:43:04,047 [s1@group-A8EB2453EBF5->s0-LogAppenderDefault-LogAppenderDaemon] TRACE segmented.SegmentedRaftLogCache (AutoCloseableReadWriteLock.java:logLocking(65)) -   s1@group-A8EB2453EBF5: readLock RELEASED 1 by SegmentedRaftLogCache.getStartIndex
2022-08-09 05:43:04,047 [s1@group-A8EB2453EBF5->s0-LogAppenderDefault-LogAppenderDaemon] TRACE segmented.SegmentedRaftLogCache (AutoCloseableReadWriteLock.java:logLocking(65)) -   s1@group-A8EB2453EBF5: readLock ACQUIRED 2 by SegmentedRaftLogCache.getLastTermIndex
2022-08-09 05:43:04,047 [s1@group-A8EB2453EBF5->s0-LogAppenderDefault-LogAppenderDaemon] TRACE segmented.SegmentedRaftLogCache (AutoCloseableReadWriteLock.java:logLocking(65)) -   s1@group-A8EB2453EBF5: readLock RELEASED 1 by SegmentedRaftLogCache.getLastTermIndex
2022-08-09 05:43:04,047 [s1@group-A8EB2453EBF5-LeaderStateImpl] TRACE segmented.SegmentedRaftLogCache (AutoCloseableReadWriteLock.java:logLocking(65)) -   s1@group-A8EB2453EBF5: readLock ACQUIRED 2 by SegmentedRaftLogCache.getStartIndex
2022-08-09 05:43:04,047 [s1@group-A8EB2453EBF5-LeaderStateImpl] TRACE segmented.SegmentedRaftLogCache (AutoCloseableReadWriteLock.java:logLocking(65)) -     s1@group-A8EB2453EBF5: readLock ACQUIRED 3 by SegmentedRaftLogCache$LogSegmentList.isEmpty
2022-08-09 05:43:04,047 [s1@group-A8EB2453EBF5-LeaderStateImpl] TRACE segmented.SegmentedRaftLogCache (AutoCloseableReadWriteLock.java:logLocking(65)) -     s1@group-A8EB2453EBF5: readLock RELEASED 2 by SegmentedRaftLogCache$LogSegmentList.isEmpty
2022-08-09 05:43:04,047 [s1@group-A8EB2453EBF5-LeaderStateImpl] TRACE segmented.SegmentedRaftLogCache (AutoCloseableReadWriteLock.java:logLocking(65)) -   s1@group-A8EB2453EBF5: readLock RELEASED 1 by SegmentedRaftLogCache.getStartIndex
2022-08-09 05:43:04,047 [s1@group-A8EB2453EBF5-LeaderStateImpl] TRACE segmented.SegmentedRaftLogCache (AutoCloseableReadWriteLock.java:logLocking(65)) -   s1@group-A8EB2453EBF5: readLock ACQUIRED 2 by SegmentedRaftLogCache.getEndIndex
2022-08-09 05:43:04,047 [s1@group-A8EB2453EBF5-LeaderStateImpl] TRACE segmented.SegmentedRaftLogCache (AutoCloseableReadWriteLock.java:logLocking(65)) -   s1@group-A8EB2453EBF5: readLock RELEASED 1 by SegmentedRaftLogCache.getEndIndex
2022-08-09 05:43:04,047 [s1@group-A8EB2453EBF5-LeaderStateImpl] TRACE segmented.SegmentedRaftLogCache (AutoCloseableReadWriteLock.java:logLocking(65)) -   s1@group-A8EB2453EBF5: readLock ACQUIRED 2 by SegmentedRaftLogCache$LogSegmentList.getTermIndex
2022-08-09 05:43:04,047 [s1@group-A8EB2453EBF5-LeaderStateImpl] TRACE segmented.SegmentedRaftLogCache (AutoCloseableReadWriteLock.java:logLocking(65)) -   s1@group-A8EB2453EBF5: readLock RELEASED 1 by SegmentedRaftLogCache$LogSegmentList.getTermIndex
2022-08-09 05:43:04,046 [s1@group-A8EB2453EBF5->s2-LogAppenderDefault-LogAppenderDaemon] TRACE segmented.SegmentedRaftLogCache (AutoCloseableReadWriteLock.java:logLocking(65)) -   s1@group-A8EB2453EBF5: readLock ACQUIRED 2 by SegmentedRaftLogCache.getLastTermIndex
2022-08-09 05:43:04,047 [s1@group-A8EB2453EBF5->s2-LogAppenderDefault-LogAppenderDaemon] TRACE segmented.SegmentedRaftLogCache (AutoCloseableReadWriteLock.java:logLocking(65)) - s1@group-A8EB2453EBF5: readLock RELEASED 0 by SegmentedRaftLogCache.getLastTermIndex
2022-08-09 05:43:04,047 [Thread-517] TRACE segmented.SegmentedRaftLogCache (AutoCloseableReadWriteLock.java:logLocking(65)) - s0@group-A8EB2453EBF5: readLock ACQUIRED 1 by SegmentedRaftLogCache.computeTruncateIndices
2022-08-09 05:43:04,047 [Thread-517] TRACE segmented.SegmentedRaftLogCache (AutoCloseableReadWriteLock.java:logLocking(65)) -   s0@group-A8EB2453EBF5: readLock ACQUIRED 2 by SegmentedRaftLogCache$LogSegmentList.binarySearch
2022-08-09 05:43:04,047 [Thread-517] TRACE segmented.SegmentedRaftLogCache (AutoCloseableReadWriteLock.java:logLocking(65)) -   s0@group-A8EB2453EBF5: readLock RELEASED 1 by SegmentedRaftLogCache$LogSegmentList.binarySearch
2022-08-09 05:43:04,047 [s1@group-A8EB2453EBF5-LeaderStateImpl] TRACE segmented.SegmentedRaftLogCache (AutoCloseableReadWriteLock.java:logLocking(65)) - s1@group-A8EB2453EBF5: readLock ACQUIRED 1 by SegmentedRaftLogCache.getLastTermIndex
2022-08-09 05:43:04,047 [s1@group-A8EB2453EBF5-LeaderStateImpl] TRACE segmented.SegmentedRaftLogCache (AutoCloseableReadWriteLock.java:logLocking(65)) - s1@group-A8EB2453EBF5: readLock RELEASED 0 by SegmentedRaftLogCache.getLastTermIndex
2022-08-09 05:43:04,047 [Thread-517] TRACE segmented.SegmentedRaftLogCache (AutoCloseableReadWriteLock.java:logLocking(65)) -   s0@group-A8EB2453EBF5: readLock ACQUIRED 2 by SegmentedRaftLogCache$LogSegmentList.size
2022-08-09 05:43:04,048 [Thread-517] TRACE segmented.SegmentedRaftLogCache (AutoCloseableReadWriteLock.java:logLocking(65)) -   s0@group-A8EB2453EBF5: readLock RELEASED 1 by SegmentedRaftLogCache$LogSegmentList.size
2022-08-09 05:43:04,048 [Thread-517] TRACE segmented.SegmentedRaftLogCache (AutoCloseableReadWriteLock.java:logLocking(65)) - s0@group-A8EB2453EBF5: readLock RELEASED 0 by SegmentedRaftLogCache.computeTruncateIndices
2022-08-09 05:43:04,048 [Thread-517] DEBUG raftlog.RaftLog (SegmentedRaftLog.java:appendImpl(447)) - truncateIndex=-1, arrayIndex=0
2022-08-09 05:43:04,048 [s1@group-A8EB2453EBF5-LeaderStateImpl] TRACE segmented.SegmentedRaftLogCache (AutoCloseableReadWriteLock.java:logLocking(65)) - s1@group-A8EB2453EBF5: readLock ACQUIRED 1 by SegmentedRaftLogCache$LogSegmentList.countCached
2022-08-09 05:43:04,048 [Thread-517] TRACE segmented.SegmentedRaftLogCache (AutoCloseableReadWriteLock.java:logLocking(65)) - s0@group-A8EB2453EBF5: readLock ACQUIRED 1 by SegmentedRaftLogCache$LogSegmentList.countCached
2022-08-09 05:43:04,048 [s1@group-A8EB2453EBF5-LeaderStateImpl] TRACE segmented.SegmentedRaftLogCache (AutoCloseableReadWriteLock.java:logLocking(65)) - s1@group-A8EB2453EBF5: readLock RELEASED 0 by SegmentedRaftLogCache$LogSegmentList.countCached
2022-08-09 05:43:04,048 [Thread-517] TRACE segmented.SegmentedRaftLogCache (AutoCloseableReadWriteLock.java:logLocking(65)) - s0@group-A8EB2453EBF5: readLock RELEASED 0 by SegmentedRaftLogCache$LogSegmentList.countCached
2022-08-09 05:43:04,048 [s1@group-A8EB2453EBF5-LeaderStateImpl] TRACE segmented.SegmentedRaftLogCache (AutoCloseableReadWriteLock.java:logLocking(65)) - s1@group-A8EB2453EBF5: readLock ACQUIRED 1 by SegmentedRaftLogCache$LogSegmentList.getTotalCacheSize
2022-08-09 05:43:04,048 [s1@group-A8EB2453EBF5-LeaderStateImpl] TRACE segmented.SegmentedRaftLogCache (AutoCloseableReadWriteLock.java:logLocking(65)) - s1@group-A8EB2453EBF5: readLock RELEASED 0 by SegmentedRaftLogCache$LogSegmentList.getTotalCacheSize
2022-08-09 05:43:04,048 [Thread-517] TRACE segmented.SegmentedRaftLogCache (AutoCloseableReadWriteLock.java:logLocking(65)) - s0@group-A8EB2453EBF5: readLock ACQUIRED 1 by SegmentedRaftLogCache$LogSegmentList.getTotalCacheSize
2022-08-09 05:43:04,048 [Thread-517] TRACE segmented.SegmentedRaftLogCache (AutoCloseableReadWriteLock.java:logLocking(65)) - s0@group-A8EB2453EBF5: readLock RELEASED 0 by SegmentedRaftLogCache$LogSegmentList.getTotalCacheSize
2022-08-09 05:43:04,048 [s1@group-A8EB2453EBF5-LeaderStateImpl] DEBUG segmented.SegmentedRaftLogWorker (SegmentedRaftLogWorker.java:addIOTask(270)) - s1@group-A8EB2453EBF5-SegmentedRaftLogWorker adds IO task WriteLog:26: (t:1, i:26), METADATAENTRY(c:25)
2022-08-09 05:43:04,048 [Thread-517] DEBUG segmented.SegmentedRaftLogWorker (SegmentedRaftLogWorker.java:addIOTask(270)) - s0@group-A8EB2453EBF5-SegmentedRaftLogWorker adds IO task WriteLog:22: (t:1, i:22), METADATAENTRY(c:21)
2022-08-09 05:43:04,048 [Thread-517] TRACE segmented.SegmentedRaftLogCache (AutoCloseableReadWriteLock.java:logLocking(65)) - s0@group-A8EB2453EBF5: readLock ACQUIRED 1 by SegmentedRaftLogCache.getLastTermIndex
2022-08-09 05:43:04,048 [Thread-517] TRACE segmented.SegmentedRaftLogCache (AutoCloseableReadWriteLock.java:logLocking(65)) - s0@group-A8EB2453EBF5: readLock RELEASED 0 by SegmentedRaftLogCache.getLastTermIndex
2022-08-09 05:43:04,048 [Thread-517] TRACE segmented.SegmentedRaftLogCache (AutoCloseableReadWriteLock.java:logLocking(65)) - s0@group-A8EB2453EBF5: readLock ACQUIRED 1 by SegmentedRaftLogCache$LogSegmentList.countCached
2022-08-09 05:43:04,048 [Thread-517] TRACE segmented.SegmentedRaftLogCache (AutoCloseableReadWriteLock.java:logLocking(65)) - s0@group-A8EB2453EBF5: readLock RELEASED 0 by SegmentedRaftLogCache$LogSegmentList.countCached
2022-08-09 05:43:04,048 [Thread-517] TRACE segmented.SegmentedRaftLogCache (AutoCloseableReadWriteLock.java:logLocking(65)) - s0@group-A8EB2453EBF5: readLock ACQUIRED 1 by SegmentedRaftLogCache$LogSegmentList.getTotalCacheSize
2022-08-09 05:43:04,049 [Thread-517] TRACE segmented.SegmentedRaftLogCache (AutoCloseableReadWriteLock.java:logLocking(65)) - s0@group-A8EB2453EBF5: readLock RELEASED 0 by SegmentedRaftLogCache$LogSegmentList.getTotalCacheSize
2022-08-09 05:43:04,049 [Thread-517] DEBUG segmented.SegmentedRaftLogWorker (SegmentedRaftLogWorker.java:addIOTask(270)) - s0@group-A8EB2453EBF5-SegmentedRaftLogWorker adds IO task WriteLog:23: (t:1, i:23), STATEMACHINELOGENTRY, StateMachineLogEntryProto:191@client-60C5AB4E06F6
2022-08-09 05:43:04,049 [s1@group-A8EB2453EBF5-StateMachineUpdater] INFO  statemachine.SimpleStateMachine4Testing (SimpleStateMachine4Testing.java:put(204)) - s1: put 25, m12 -> (t:1, i:25), STATEMACHINELOGENTRY, 194@client-60C5AB4E06F6
2022-08-09 05:43:04,049 [s0@group-A8EB2453EBF5-SegmentedRaftLogWorker] DEBUG segmented.SegmentedRaftLogWorker (SegmentedRaftLogWorker.java:flushIfNecessary(365)) - s0@group-A8EB2453EBF5-SegmentedRaftLogWorker: flush SegmentedRaftLogOutputStream(/home/runner/work/ratis/ratis/ratis-test/target/test/data/2baaa1de/MiniRaftClusterWithSimulatedRpc3b4f24d4/s0/bbd46d57-59f4-4845-aaae-a8eb2453ebf5/current/log_inprogress_0)
2022-08-09 05:43:04,049 [s1@group-A8EB2453EBF5-SegmentedRaftLogWorker] DEBUG segmented.SegmentedRaftLogWorker (SegmentedRaftLogWorker.java:flushIfNecessary(365)) - s1@group-A8EB2453EBF5-SegmentedRaftLogWorker: flush SegmentedRaftLogOutputStream(/home/runner/work/ratis/ratis/ratis-test/target/test/data/2baaa1de/MiniRaftClusterWithSimulatedRpc3b4f24d4/s1/bbd46d57-59f4-4845-aaae-a8eb2453ebf5/current/log_inprogress_0)
2022-08-09 05:43:04,049 [s1@group-A8EB2453EBF5->s2-LogAppenderDefault-LogAppenderDaemon] TRACE segmented.SegmentedRaftLogCache (AutoCloseableReadWriteLock.java:logLocking(65)) - s1@group-A8EB2453EBF5: readLock ACQUIRED 1 by SegmentedRaftLogCache.getLastTermIndex
2022-08-09 05:43:04,049 [s1@group-A8EB2453EBF5->s2-LogAppenderDefault-LogAppenderDaemon] TRACE segmented.SegmentedRaftLogCache (AutoCloseableReadWriteLock.java:logLocking(65)) - s1@group-A8EB2453EBF5: readLock RELEASED 0 by SegmentedRaftLogCache.getLastTermIndex
2022-08-09 05:43:04,049 [s1@group-A8EB2453EBF5->s2-LogAppenderDefault-LogAppenderDaemon] TRACE segmented.SegmentedRaftLogCache (AutoCloseableReadWriteLock.java:logLocking(65)) - s1@group-A8EB2453EBF5: readLock ACQUIRED 1 by SegmentedRaftLogCache.getLastTermIndex
2022-08-09 05:43:04,049 [s1@group-A8EB2453EBF5->s2-LogAppenderDefault-LogAppenderDaemon] TRACE segmented.SegmentedRaftLogCache (AutoCloseableReadWriteLock.java:logLocking(65)) - s1@group-A8EB2453EBF5: readLock RELEASED 0 by SegmentedRaftLogCache.getLastTermIndex
2022-08-09 05:43:04,049 [s1@group-A8EB2453EBF5->s2-LogAppenderDefault-LogAppenderDaemon] TRACE segmented.SegmentedRaftLogCache (AutoCloseableReadWriteLock.java:logLocking(65)) - s1@group-A8EB2453EBF5: readLock ACQUIRED 1 by SegmentedRaftLogCache.getStartIndex
2022-08-09 05:43:04,049 [s1@group-A8EB2453EBF5->s2-LogAppenderDefault-LogAppenderDaemon] TRACE segmented.SegmentedRaftLogCache (AutoCloseableReadWriteLock.java:logLocking(65)) -   s1@group-A8EB2453EBF5: readLock ACQUIRED 2 by SegmentedRaftLogCache$LogSegmentList.isEmpty
2022-08-09 05:43:04,049 [s1@group-A8EB2453EBF5->s2-LogAppenderDefault-LogAppenderDaemon] TRACE segmented.SegmentedRaftLogCache (AutoCloseableReadWriteLock.java:logLocking(65)) -   s1@group-A8EB2453EBF5: readLock RELEASED 1 by SegmentedRaftLogCache$LogSegmentList.isEmpty
2022-08-09 05:43:04,049 [s1@group-A8EB2453EBF5->s2-LogAppenderDefault-LogAppenderDaemon] TRACE segmented.SegmentedRaftLogCache (AutoCloseableReadWriteLock.java:logLocking(65)) - s1@group-A8EB2453EBF5: readLock RELEASED 0 by SegmentedRaftLogCache.getStartIndex
2022-08-09 05:43:04,049 [s1@group-A8EB2453EBF5->s2-LogAppenderDefault-LogAppenderDaemon] TRACE segmented.SegmentedRaftLogCache (AutoCloseableReadWriteLock.java:logLocking(65)) - s1@group-A8EB2453EBF5: readLock ACQUIRED 1 by SegmentedRaftLogCache.getLastTermIndex
2022-08-09 05:43:04,049 [s1@group-A8EB2453EBF5->s2-LogAppenderDefault-LogAppenderDaemon] TRACE segmented.SegmentedRaftLogCache (AutoCloseableReadWriteLock.java:logLocking(65)) - s1@group-A8EB2453EBF5: readLock RELEASED 0 by SegmentedRaftLogCache.getLastTermIndex
2022-08-09 05:43:04,050 [Thread-480] TRACE segmented.SegmentedRaftLogCache (AutoCloseableReadWriteLock.java:logLocking(65)) - s2@group-A8EB2453EBF5: readLock ACQUIRED 1 by SegmentedRaftLogCache.computeTruncateIndices
2022-08-09 05:43:04,050 [Thread-480] TRACE segmented.SegmentedRaftLogCache (AutoCloseableReadWriteLock.java:logLocking(65)) -   s2@group-A8EB2453EBF5: readLock ACQUIRED 2 by SegmentedRaftLogCache$LogSegmentList.binarySearch
2022-08-09 05:43:04,050 [Thread-480] TRACE segmented.SegmentedRaftLogCache (AutoCloseableReadWriteLock.java:logLocking(65)) -   s2@group-A8EB2453EBF5: readLock RELEASED 1 by SegmentedRaftLogCache$LogSegmentList.binarySearch
2022-08-09 05:43:04,050 [Thread-480] TRACE segmented.SegmentedRaftLogCache (AutoCloseableReadWriteLock.java:logLocking(65)) -   s2@group-A8EB2453EBF5: readLock ACQUIRED 2 by SegmentedRaftLogCache$LogSegmentList.size
2022-08-09 05:43:04,050 [Thread-480] TRACE segmented.SegmentedRaftLogCache (AutoCloseableReadWriteLock.java:logLocking(65)) -   s2@group-A8EB2453EBF5: readLock RELEASED 1 by SegmentedRaftLogCache$LogSegmentList.size
2022-08-09 05:43:04,050 [Thread-480] TRACE segmented.SegmentedRaftLogCache (AutoCloseableReadWriteLock.java:logLocking(65)) - s2@group-A8EB2453EBF5: readLock RELEASED 0 by SegmentedRaftLogCache.computeTruncateIndices
2022-08-09 05:43:04,050 [Thread-480] DEBUG raftlog.RaftLog (SegmentedRaftLog.java:appendImpl(447)) - truncateIndex=-1, arrayIndex=0
2022-08-09 05:43:04,050 [Thread-480] TRACE segmented.SegmentedRaftLogCache (AutoCloseableReadWriteLock.java:logLocking(65)) - s2@group-A8EB2453EBF5: readLock ACQUIRED 1 by SegmentedRaftLogCache$LogSegmentList.countCached
2022-08-09 05:43:04,050 [Thread-480] TRACE segmented.SegmentedRaftLogCache (AutoCloseableReadWriteLock.java:logLocking(65)) - s2@group-A8EB2453EBF5: readLock RELEASED 0 by SegmentedRaftLogCache$LogSegmentList.countCached
2022-08-09 05:43:04,050 [Thread-480] TRACE segmented.SegmentedRaftLogCache (AutoCloseableReadWriteLock.java:logLocking(65)) - s2@group-A8EB2453EBF5: readLock ACQUIRED 1 by SegmentedRaftLogCache$LogSegmentList.getTotalCacheSize
2022-08-09 05:43:04,050 [Thread-480] TRACE segmented.SegmentedRaftLogCache (AutoCloseableReadWriteLock.java:logLocking(65)) - s2@group-A8EB2453EBF5: readLock RELEASED 0 by SegmentedRaftLogCache$LogSegmentList.getTotalCacheSize
2022-08-09 05:43:04,050 [Thread-480] DEBUG segmented.SegmentedRaftLogWorker (SegmentedRaftLogWorker.java:addIOTask(270)) - s2@group-A8EB2453EBF5-SegmentedRaftLogWorker adds IO task WriteLog:26: (t:1, i:26), METADATAENTRY(c:25)
2022-08-09 05:43:04,050 [s2@group-A8EB2453EBF5-SegmentedRaftLogWorker] DEBUG segmented.SegmentedRaftLogWorker (SegmentedRaftLogWorker.java:flushIfNecessary(365)) - s2@group-A8EB2453EBF5-SegmentedRaftLogWorker: flush SegmentedRaftLogOutputStream(/home/runner/work/ratis/ratis/ratis-test/target/test/data/2baaa1de/MiniRaftClusterWithSimulatedRpc3b4f24d4/s2/bbd46d57-59f4-4845-aaae-a8eb2453ebf5/current/log_inprogress_0)
2022-08-09 05:43:04,051 [s1-client-thread1] TRACE segmented.SegmentedRaftLogCache (AutoCloseableReadWriteLock.java:logLocking(65)) - s1@group-A8EB2453EBF5: readLock ACQUIRED 1 by SegmentedRaftLogCache.getLastTermIndex
2022-08-09 05:43:04,051 [s1-client-thread1] TRACE segmented.SegmentedRaftLogCache (AutoCloseableReadWriteLock.java:logLocking(65)) - s1@group-A8EB2453EBF5: readLock RELEASED 0 by SegmentedRaftLogCache.getLastTermIndex
2022-08-09 05:43:04,051 [s1-client-thread1] TRACE segmented.SegmentedRaftLogCache (AutoCloseableReadWriteLock.java:logLocking(65)) - s1@group-A8EB2453EBF5: readLock ACQUIRED 1 by SegmentedRaftLogCache.getLastTermIndex
2022-08-09 05:43:04,051 [s1-client-thread1] TRACE segmented.SegmentedRaftLogCache (AutoCloseableReadWriteLock.java:logLocking(65)) - s1@group-A8EB2453EBF5: readLock RELEASED 0 by SegmentedRaftLogCache.getLastTermIndex
2022-08-09 05:43:04,051 [s1-client-thread1] TRACE segmented.SegmentedRaftLogCache (AutoCloseableReadWriteLock.java:logLocking(65)) - s1@group-A8EB2453EBF5: readLock ACQUIRED 1 by SegmentedRaftLogCache$LogSegmentList.countCached
2022-08-09 05:43:04,051 [s1-client-thread1] TRACE segmented.SegmentedRaftLogCache (AutoCloseableReadWriteLock.java:logLocking(65)) - s1@group-A8EB2453EBF5: readLock RELEASED 0 by SegmentedRaftLogCache$LogSegmentList.countCached
2022-08-09 05:43:04,051 [s1-client-thread1] TRACE segmented.SegmentedRaftLogCache (AutoCloseableReadWriteLock.java:logLocking(65)) - s1@group-A8EB2453EBF5: readLock ACQUIRED 1 by SegmentedRaftLogCache$LogSegmentList.getTotalCacheSize
2022-08-09 05:43:04,051 [s1-client-thread1] TRACE segmented.SegmentedRaftLogCache (AutoCloseableReadWriteLock.java:logLocking(65)) - s1@group-A8EB2453EBF5: readLock RELEASED 0 by SegmentedRaftLogCache$LogSegmentList.getTotalCacheSize
2022-08-09 05:43:04,051 [s1-client-thread1] DEBUG segmented.SegmentedRaftLogWorker (SegmentedRaftLogWorker.java:addIOTask(270)) - s1@group-A8EB2453EBF5-SegmentedRaftLogWorker adds IO task WriteLog:27: (t:1, i:27), STATEMACHINELOGENTRY, StateMachineLogEntryProto:197@client-60C5AB4E06F6
2022-08-09 05:43:04,051 [s1@group-A8EB2453EBF5-SegmentedRaftLogWorker] DEBUG segmented.SegmentedRaftLogWorker (SegmentedRaftLogWorker.java:flushIfNecessary(365)) - s1@group-A8EB2453EBF5-SegmentedRaftLogWorker: flush SegmentedRaftLogOutputStream(/home/runner/work/ratis/ratis/ratis-test/target/test/data/2baaa1de/MiniRaftClusterWithSimulatedRpc3b4f24d4/s1/bbd46d57-59f4-4845-aaae-a8eb2453ebf5/current/log_inprogress_0)
2022-08-09 05:43:04,052 [s2@group-A8EB2453EBF5-StateMachineUpdater] INFO  statemachine.SimpleStateMachine4Testing (SimpleStateMachine4Testing.java:put(204)) - s2: put 25, m12 -> (t:1, i:25), STATEMACHINELOGENTRY, 194@client-60C5AB4E06F6
2022-08-09 05:43:04,052 [s1@group-A8EB2453EBF5->s2-LogAppenderDefault-LogAppenderDaemon] TRACE segmented.SegmentedRaftLogCache (AutoCloseableReadWriteLock.java:logLocking(65)) - s1@group-A8EB2453EBF5: readLock ACQUIRED 1 by SegmentedRaftLogCache.getLastTermIndex
2022-08-09 05:43:04,052 [s1@group-A8EB2453EBF5->s2-LogAppenderDefault-LogAppenderDaemon] TRACE segmented.SegmentedRaftLogCache (AutoCloseableReadWriteLock.java:logLocking(65)) - s1@group-A8EB2453EBF5: readLock RELEASED 0 by SegmentedRaftLogCache.getLastTermIndex
2022-08-09 05:43:04,052 [s1@group-A8EB2453EBF5->s2-LogAppenderDefault-LogAppenderDaemon] TRACE segmented.SegmentedRaftLogCache (AutoCloseableReadWriteLock.java:logLocking(65)) - s1@group-A8EB2453EBF5: readLock ACQUIRED 1 by SegmentedRaftLogCache.getLastTermIndex
2022-08-09 05:43:04,052 [s1@group-A8EB2453EBF5->s2-LogAppenderDefault-LogAppenderDaemon] TRACE segmented.SegmentedRaftLogCache (AutoCloseableReadWriteLock.java:logLocking(65)) - s1@group-A8EB2453EBF5: readLock RELEASED 0 by SegmentedRaftLogCache.getLastTermIndex
2022-08-09 05:43:04,052 [s1@group-A8EB2453EBF5->s2-LogAppenderDefault-LogAppenderDaemon] TRACE segmented.SegmentedRaftLogCache (AutoCloseableReadWriteLock.java:logLocking(65)) - s1@group-A8EB2453EBF5: readLock ACQUIRED 1 by SegmentedRaftLogCache.getLastTermIndex
2022-08-09 05:43:04,052 [s1@group-A8EB2453EBF5->s2-LogAppenderDefault-LogAppenderDaemon] TRACE segmented.SegmentedRaftLogCache (AutoCloseableReadWriteLock.java:logLocking(65)) - s1@group-A8EB2453EBF5: readLock RELEASED 0 by SegmentedRaftLogCache.getLastTermIndex
2022-08-09 05:43:04,052 [s1@group-A8EB2453EBF5->s2-LogAppenderDefault-LogAppenderDaemon] TRACE segmented.SegmentedRaftLogCache (AutoCloseableReadWriteLock.java:logLocking(65)) - s1@group-A8EB2453EBF5: readLock ACQUIRED 1 by SegmentedRaftLogCache.getStartIndex
2022-08-09 05:43:04,052 [s1@group-A8EB2453EBF5-LeaderStateImpl] TRACE segmented.SegmentedRaftLogCache (AutoCloseableReadWriteLock.java:logLocking(65)) -   s1@group-A8EB2453EBF5: readLock ACQUIRED 2 by SegmentedRaftLogCache.getStartIndex
2022-08-09 05:43:04,052 [s1@group-A8EB2453EBF5->s2-LogAppenderDefault-LogAppenderDaemon] TRACE segmented.SegmentedRaftLogCache (AutoCloseableReadWriteLock.java:logLocking(65)) -     s1@group-A8EB2453EBF5: readLock ACQUIRED 3 by SegmentedRaftLogCache$LogSegmentList.isEmpty
2022-08-09 05:43:04,052 [s1@group-A8EB2453EBF5->s2-LogAppenderDefault-LogAppenderDaemon] TRACE segmented.SegmentedRaftLogCache (AutoCloseableReadWriteLock.java:logLocking(65)) -       s1@group-A8EB2453EBF5: readLock RELEASED 3 by SegmentedRaftLogCache$LogSegmentList.isEmpty
2022-08-09 05:43:04,053 [s1@group-A8EB2453EBF5->s2-LogAppenderDefault-LogAppenderDaemon] TRACE segmented.SegmentedRaftLogCache (AutoCloseableReadWriteLock.java:logLocking(65)) -     s1@group-A8EB2453EBF5: readLock RELEASED 2 by SegmentedRaftLogCache.getStartIndex
2022-08-09 05:43:04,053 [Thread-517] TRACE segmented.SegmentedRaftLogCache (AutoCloseableReadWriteLock.java:logLocking(65)) - s0@group-A8EB2453EBF5: readLock ACQUIRED 1 by SegmentedRaftLogCache$LogSegmentList.countCached
2022-08-09 05:43:04,052 [s1@group-A8EB2453EBF5-LeaderStateImpl] TRACE segmented.SegmentedRaftLogCache (AutoCloseableReadWriteLock.java:logLocking(65)) -       s1@group-A8EB2453EBF5: readLock ACQUIRED 4 by SegmentedRaftLogCache$LogSegmentList.isEmpty
2022-08-09 05:43:04,053 [s1@group-A8EB2453EBF5-LeaderStateImpl] TRACE segmented.SegmentedRaftLogCache (AutoCloseableReadWriteLock.java:logLocking(65)) -     s1@group-A8EB2453EBF5: readLock RELEASED 2 by SegmentedRaftLogCache$LogSegmentList.isEmpty
2022-08-09 05:43:04,053 [s1@group-A8EB2453EBF5-LeaderStateImpl] TRACE segmented.SegmentedRaftLogCache (AutoCloseableReadWriteLock.java:logLocking(65)) -   s1@group-A8EB2453EBF5: readLock RELEASED 1 by SegmentedRaftLogCache.getStartIndex
2022-08-09 05:43:04,053 [Thread-517] TRACE segmented.SegmentedRaftLogCache (AutoCloseableReadWriteLock.java:logLocking(65)) - s0@group-A8EB2453EBF5: readLock RELEASED 0 by SegmentedRaftLogCache$LogSegmentList.countCached
2022-08-09 05:43:04,053 [s1@group-A8EB2453EBF5->s2-LogAppenderDefault-LogAppenderDaemon] TRACE segmented.SegmentedRaftLogCache (AutoCloseableReadWriteLock.java:logLocking(65)) -     s1@group-A8EB2453EBF5: readLock ACQUIRED 3 by SegmentedRaftLogCache.getLastTermIndex
2022-08-09 05:43:04,053 [s1@group-A8EB2453EBF5->s2-LogAppenderDefault-LogAppenderDaemon] TRACE segmented.SegmentedRaftLogCache (AutoCloseableReadWriteLock.java:logLocking(65)) -   s1@group-A8EB2453EBF5: readLock RELEASED 1 by SegmentedRaftLogCache.getLastTermIndex
2022-08-09 05:43:04,053 [Thread-517] TRACE segmented.SegmentedRaftLogCache (AutoCloseableReadWriteLock.java:logLocking(65)) - s0@group-A8EB2453EBF5: readLock ACQUIRED 1 by SegmentedRaftLogCache$LogSegmentList.getTotalCacheSize
2022-08-09 05:43:04,054 [Thread-517] TRACE segmented.SegmentedRaftLogCache (AutoCloseableReadWriteLock.java:logLocking(65)) - s0@group-A8EB2453EBF5: readLock RELEASED 0 by SegmentedRaftLogCache$LogSegmentList.getTotalCacheSize
2022-08-09 05:43:04,053 [s1@group-A8EB2453EBF5-LeaderStateImpl] TRACE segmented.SegmentedRaftLogCache (AutoCloseableReadWriteLock.java:logLocking(65)) -   s1@group-A8EB2453EBF5: readLock ACQUIRED 2 by SegmentedRaftLogCache.getEndIndex
2022-08-09 05:43:04,054 [s1@group-A8EB2453EBF5-LeaderStateImpl] TRACE segmented.SegmentedRaftLogCache (AutoCloseableReadWriteLock.java:logLocking(65)) - s1@group-A8EB2453EBF5: readLock RELEASED 0 by SegmentedRaftLogCache.getEndIndex
2022-08-09 05:43:04,054 [Thread-517] DEBUG segmented.SegmentedRaftLogWorker (SegmentedRaftLogWorker.java:addIOTask(270)) - s0@group-A8EB2453EBF5-SegmentedRaftLogWorker adds IO task WriteLog:24: (t:1, i:24), METADATAENTRY(c:23)
2022-08-09 05:43:04,054 [Thread-481] TRACE segmented.SegmentedRaftLogCache (AutoCloseableReadWriteLock.java:logLocking(65)) - s2@group-A8EB2453EBF5: readLock ACQUIRED 1 by SegmentedRaftLogCache.computeTruncateIndices
2022-08-09 05:43:04,054 [Thread-517] TRACE segmented.SegmentedRaftLogCache (AutoCloseableReadWriteLock.java:logLocking(65)) - s0@group-A8EB2453EBF5: readLock ACQUIRED 1 by SegmentedRaftLogCache.getLastTermIndex
2022-08-09 05:43:04,054 [Thread-517] TRACE segmented.SegmentedRaftLogCache (AutoCloseableReadWriteLock.java:logLocking(65)) - s0@group-A8EB2453EBF5: readLock RELEASED 0 by SegmentedRaftLogCache.getLastTermIndex
2022-08-09 05:43:04,054 [s1@group-A8EB2453EBF5-LeaderStateImpl] TRACE segmented.SegmentedRaftLogCache (AutoCloseableReadWriteLock.java:logLocking(65)) - s1@group-A8EB2453EBF5: readLock ACQUIRED 1 by SegmentedRaftLogCache$LogSegmentList.getTermIndex
2022-08-09 05:43:04,054 [s1@group-A8EB2453EBF5-LeaderStateImpl] TRACE segmented.SegmentedRaftLogCache (AutoCloseableReadWriteLock.java:logLocking(65)) - s1@group-A8EB2453EBF5: readLock RELEASED 0 by SegmentedRaftLogCache$LogSegmentList.getTermIndex
2022-08-09 05:43:04,055 [s0@group-A8EB2453EBF5-SegmentedRaftLogWorker] DEBUG segmented.SegmentedRaftLogWorker (SegmentedRaftLogWorker.java:flushIfNecessary(365)) - s0@group-A8EB2453EBF5-SegmentedRaftLogWorker: flush SegmentedRaftLogOutputStream(/home/runner/work/ratis/ratis/ratis-test/target/test/data/2baaa1de/MiniRaftClusterWithSimulatedRpc3b4f24d4/s0/bbd46d57-59f4-4845-aaae-a8eb2453ebf5/current/log_inprogress_0)
2022-08-09 05:43:04,054 [Thread-517] TRACE segmented.SegmentedRaftLogCache (AutoCloseableReadWriteLock.java:logLocking(65)) - s0@group-A8EB2453EBF5: readLock ACQUIRED 1 by SegmentedRaftLogCache$LogSegmentList.countCached
2022-08-09 05:43:04,055 [Thread-517] TRACE segmented.SegmentedRaftLogCache (AutoCloseableReadWriteLock.java:logLocking(65)) - s0@group-A8EB2453EBF5: readLock RELEASED 0 by SegmentedRaftLogCache$LogSegmentList.countCached
2022-08-09 05:43:04,055 [Thread-517] TRACE segmented.SegmentedRaftLogCache (AutoCloseableReadWriteLock.java:logLocking(65)) - s0@group-A8EB2453EBF5: readLock ACQUIRED 1 by SegmentedRaftLogCache$LogSegmentList.getTotalCacheSize
2022-08-09 05:43:04,055 [Thread-517] TRACE segmented.SegmentedRaftLogCache (AutoCloseableReadWriteLock.java:logLocking(65)) - s0@group-A8EB2453EBF5: readLock RELEASED 0 by SegmentedRaftLogCache$LogSegmentList.getTotalCacheSize
2022-08-09 05:43:04,055 [Thread-517] DEBUG segmented.SegmentedRaftLogWorker (SegmentedRaftLogWorker.java:addIOTask(270)) - s0@group-A8EB2453EBF5-SegmentedRaftLogWorker adds IO task WriteLog:25: (t:1, i:25), STATEMACHINELOGENTRY, StateMachineLogEntryProto:194@client-60C5AB4E06F6
2022-08-09 05:43:04,055 [s0@group-A8EB2453EBF5-SegmentedRaftLogWorker] DEBUG segmented.SegmentedRaftLogWorker (SegmentedRaftLogWorker.java:flushIfNecessary(365)) - s0@group-A8EB2453EBF5-SegmentedRaftLogWorker: flush SegmentedRaftLogOutputStream(/home/runner/work/ratis/ratis/ratis-test/target/test/data/2baaa1de/MiniRaftClusterWithSimulatedRpc3b4f24d4/s0/bbd46d57-59f4-4845-aaae-a8eb2453ebf5/current/log_inprogress_0)
2022-08-09 05:43:04,054 [Thread-481] TRACE segmented.SegmentedRaftLogCache (AutoCloseableReadWriteLock.java:logLocking(65)) -   s2@group-A8EB2453EBF5: readLock ACQUIRED 2 by SegmentedRaftLogCache$LogSegmentList.binarySearch
2022-08-09 05:43:04,055 [Thread-481] TRACE segmented.SegmentedRaftLogCache (AutoCloseableReadWriteLock.java:logLocking(65)) -   s2@group-A8EB2453EBF5: readLock RELEASED 1 by SegmentedRaftLogCache$LogSegmentList.binarySearch
2022-08-09 05:43:04,055 [Thread-481] TRACE segmented.SegmentedRaftLogCache (AutoCloseableReadWriteLock.java:logLocking(65)) -   s2@group-A8EB2453EBF5: readLock ACQUIRED 2 by SegmentedRaftLogCache$LogSegmentList.size
2022-08-09 05:43:04,055 [Thread-481] TRACE segmented.SegmentedRaftLogCache (AutoCloseableReadWriteLock.java:logLocking(65)) -   s2@group-A8EB2453EBF5: readLock RELEASED 1 by SegmentedRaftLogCache$LogSegmentList.size
2022-08-09 05:43:04,055 [Thread-481] TRACE segmented.SegmentedRaftLogCache (AutoCloseableReadWriteLock.java:logLocking(65)) - s2@group-A8EB2453EBF5: readLock RELEASED 0 by SegmentedRaftLogCache.computeTruncateIndices
2022-08-09 05:43:04,055 [Thread-481] DEBUG raftlog.RaftLog (SegmentedRaftLog.java:appendImpl(447)) - truncateIndex=-1, arrayIndex=0
2022-08-09 05:43:04,055 [Thread-481] TRACE segmented.SegmentedRaftLogCache (AutoCloseableReadWriteLock.java:logLocking(65)) - s2@group-A8EB2453EBF5: readLock ACQUIRED 1 by SegmentedRaftLogCache.getLastTermIndex
2022-08-09 05:43:04,056 [Thread-481] TRACE segmented.SegmentedRaftLogCache (AutoCloseableReadWriteLock.java:logLocking(65)) - s2@group-A8EB2453EBF5: readLock RELEASED 0 by SegmentedRaftLogCache.getLastTermIndex
2022-08-09 05:43:04,056 [Thread-481] TRACE segmented.SegmentedRaftLogCache (AutoCloseableReadWriteLock.java:logLocking(65)) - s2@group-A8EB2453EBF5: readLock ACQUIRED 1 by SegmentedRaftLogCache$LogSegmentList.countCached
2022-08-09 05:43:04,056 [Thread-481] TRACE segmented.SegmentedRaftLogCache (AutoCloseableReadWriteLock.java:logLocking(65)) - s2@group-A8EB2453EBF5: readLock RELEASED 0 by SegmentedRaftLogCache$LogSegmentList.countCached
2022-08-09 05:43:04,056 [Thread-481] TRACE segmented.SegmentedRaftLogCache (AutoCloseableReadWriteLock.java:logLocking(65)) - s2@group-A8EB2453EBF5: readLock ACQUIRED 1 by SegmentedRaftLogCache$LogSegmentList.getTotalCacheSize
2022-08-09 05:43:04,056 [Thread-481] TRACE segmented.SegmentedRaftLogCache (AutoCloseableReadWriteLock.java:logLocking(65)) - s2@group-A8EB2453EBF5: readLock RELEASED 0 by SegmentedRaftLogCache$LogSegmentList.getTotalCacheSize
2022-08-09 05:43:04,056 [Thread-481] DEBUG segmented.SegmentedRaftLogWorker (SegmentedRaftLogWorker.java:addIOTask(270)) - s2@group-A8EB2453EBF5-SegmentedRaftLogWorker adds IO task WriteLog:27: (t:1, i:27), STATEMACHINELOGENTRY, StateMachineLogEntryProto:197@client-60C5AB4E06F6
2022-08-09 05:43:04,056 [s2@group-A8EB2453EBF5-SegmentedRaftLogWorker] DEBUG segmented.SegmentedRaftLogWorker (SegmentedRaftLogWorker.java:flushIfNecessary(365)) - s2@group-A8EB2453EBF5-SegmentedRaftLogWorker: flush SegmentedRaftLogOutputStream(/home/runner/work/ratis/ratis/ratis-test/target/test/data/2baaa1de/MiniRaftClusterWithSimulatedRpc3b4f24d4/s2/bbd46d57-59f4-4845-aaae-a8eb2453ebf5/current/log_inprogress_0)
2022-08-09 05:43:04,056 [s0@group-A8EB2453EBF5-StateMachineUpdater] INFO  statemachine.SimpleStateMachine4Testing (SimpleStateMachine4Testing.java:put(204)) - s0: put 21, m10 -> (t:1, i:21), STATEMACHINELOGENTRY, 187@client-60C5AB4E06F6
2022-08-09 05:43:04,056 [s0@group-A8EB2453EBF5-StateMachineUpdater] INFO  statemachine.SimpleStateMachine4Testing (SimpleStateMachine4Testing.java:put(204)) - s0: put 23, m11 -> (t:1, i:23), STATEMACHINELOGENTRY, 191@client-60C5AB4E06F6
2022-08-09 05:43:04,057 [s1@group-A8EB2453EBF5->s2-LogAppenderDefault-LogAppenderDaemon] TRACE segmented.SegmentedRaftLogCache (AutoCloseableReadWriteLock.java:logLocking(65)) - s1@group-A8EB2453EBF5: readLock ACQUIRED 1 by SegmentedRaftLogCache.getLastTermIndex
2022-08-09 05:43:04,057 [s1@group-A8EB2453EBF5->s2-LogAppenderDefault-LogAppenderDaemon] TRACE segmented.SegmentedRaftLogCache (AutoCloseableReadWriteLock.java:logLocking(65)) - s1@group-A8EB2453EBF5: readLock RELEASED 0 by SegmentedRaftLogCache.getLastTermIndex
2022-08-09 05:43:04,057 [s1@group-A8EB2453EBF5->s0-LogAppenderDefault-LogAppenderDaemon] TRACE segmented.SegmentedRaftLogCache (AutoCloseableReadWriteLock.java:logLocking(65)) - s1@group-A8EB2453EBF5: readLock ACQUIRED 1 by SegmentedRaftLogCache.getLastTermIndex
2022-08-09 05:43:04,057 [s1@group-A8EB2453EBF5->s0-LogAppenderDefault-LogAppenderDaemon] TRACE segmented.SegmentedRaftLogCache (AutoCloseableReadWriteLock.java:logLocking(65)) - s1@group-A8EB2453EBF5: readLock RELEASED 0 by SegmentedRaftLogCache.getLastTermIndex
2022-08-09 05:43:04,057 [s1@group-A8EB2453EBF5-LeaderStateImpl] TRACE segmented.SegmentedRaftLogCache (AutoCloseableReadWriteLock.java:logLocking(65)) - s1@group-A8EB2453EBF5: readLock ACQUIRED 1 by SegmentedRaftLogCache.getStartIndex
2022-08-09 05:43:04,057 [s1@group-A8EB2453EBF5->s0-LogAppenderDefault-LogAppenderDaemon] TRACE segmented.SegmentedRaftLogCache (AutoCloseableReadWriteLock.java:logLocking(65)) -   s1@group-A8EB2453EBF5: readLock ACQUIRED 2 by SegmentedRaftLogCache.getLastTermIndex
2022-08-09 05:43:04,057 [s1@group-A8EB2453EBF5->s0-LogAppenderDefault-LogAppenderDaemon] TRACE segmented.SegmentedRaftLogCache (AutoCloseableReadWriteLock.java:logLocking(65)) -     s1@group-A8EB2453EBF5: readLock RELEASED 2 by SegmentedRaftLogCache.getLastTermIndex
2022-08-09 05:43:04,057 [s1@group-A8EB2453EBF5->s0-LogAppenderDefault-LogAppenderDaemon] TRACE segmented.SegmentedRaftLogCache (AutoCloseableReadWriteLock.java:logLocking(65)) -     s1@group-A8EB2453EBF5: readLock ACQUIRED 3 by SegmentedRaftLogCache.getLastTermIndex
2022-08-09 05:43:04,057 [s1@group-A8EB2453EBF5->s0-LogAppenderDefault-LogAppenderDaemon] TRACE segmented.SegmentedRaftLogCache (AutoCloseableReadWriteLock.java:logLocking(65)) -     s1@group-A8EB2453EBF5: readLock RELEASED 2 by SegmentedRaftLogCache.getLastTermIndex
2022-08-09 05:43:04,057 [s1@group-A8EB2453EBF5->s0-LogAppenderDefault-LogAppenderDaemon] TRACE segmented.SegmentedRaftLogCache (AutoCloseableReadWriteLock.java:logLocking(65)) -     s1@group-A8EB2453EBF5: readLock ACQUIRED 3 by SegmentedRaftLogCache.getStartIndex
2022-08-09 05:43:04,057 [s1@group-A8EB2453EBF5->s0-LogAppenderDefault-LogAppenderDaemon] TRACE segmented.SegmentedRaftLogCache (AutoCloseableReadWriteLock.java:logLocking(65)) -       s1@group-A8EB2453EBF5: readLock ACQUIRED 4 by SegmentedRaftLogCache$LogSegmentList.isEmpty
2022-08-09 05:43:04,057 [s1@group-A8EB2453EBF5->s0-LogAppenderDefault-LogAppenderDaemon] TRACE segmented.SegmentedRaftLogCache (AutoCloseableReadWriteLock.java:logLocking(65)) -       s1@group-A8EB2453EBF5: readLock RELEASED 3 by SegmentedRaftLogCache$LogSegmentList.isEmpty
2022-08-09 05:43:04,057 [s1@group-A8EB2453EBF5->s0-LogAppenderDefault-LogAppenderDaemon] TRACE segmented.SegmentedRaftLogCache (AutoCloseableReadWriteLock.java:logLocking(65)) -     s1@group-A8EB2453EBF5: readLock RELEASED 2 by SegmentedRaftLogCache.getStartIndex
2022-08-09 05:43:04,057 [s1@group-A8EB2453EBF5->s0-LogAppenderDefault-LogAppenderDaemon] TRACE segmented.SegmentedRaftLogCache (AutoCloseableReadWriteLock.java:logLocking(65)) -     s1@group-A8EB2453EBF5: readLock ACQUIRED 3 by SegmentedRaftLogCache.getLastTermIndex
2022-08-09 05:43:04,057 [s1@group-A8EB2453EBF5->s0-LogAppenderDefault-LogAppenderDaemon] TRACE segmented.SegmentedRaftLogCache (AutoCloseableReadWriteLock.java:logLocking(65)) -     s1@group-A8EB2453EBF5: readLock RELEASED 2 by SegmentedRaftLogCache.getLastTermIndex
2022-08-09 05:43:04,057 [Thread-518] TRACE segmented.SegmentedRaftLogCache (AutoCloseableReadWriteLock.java:logLocking(65)) - s0@group-A8EB2453EBF5: readLock ACQUIRED 1 by SegmentedRaftLogCache.computeTruncateIndices
2022-08-09 05:43:04,057 [Thread-518] TRACE segmented.SegmentedRaftLogCache (AutoCloseableReadWriteLock.java:logLocking(65)) -   s0@group-A8EB2453EBF5: readLock ACQUIRED 2 by SegmentedRaftLogCache$LogSegmentList.binarySearch
2022-08-09 05:43:04,057 [Thread-518] TRACE segmented.SegmentedRaftLogCache (AutoCloseableReadWriteLock.java:logLocking(65)) -   s0@group-A8EB2453EBF5: readLock RELEASED 1 by SegmentedRaftLogCache$LogSegmentList.binarySearch
2022-08-09 05:43:04,057 [Thread-518] TRACE segmented.SegmentedRaftLogCache (AutoCloseableReadWriteLock.java:logLocking(65)) -   s0@group-A8EB2453EBF5: readLock ACQUIRED 2 by SegmentedRaftLogCache$LogSegmentList.size
2022-08-09 05:43:04,058 [Thread-518] TRACE segmented.SegmentedRaftLogCache (AutoCloseableReadWriteLock.java:logLocking(65)) -   s0@group-A8EB2453EBF5: readLock RELEASED 1 by SegmentedRaftLogCache$LogSegmentList.size
2022-08-09 05:43:04,058 [Thread-518] TRACE segmented.SegmentedRaftLogCache (AutoCloseableReadWriteLock.java:logLocking(65)) - s0@group-A8EB2453EBF5: readLock RELEASED 0 by SegmentedRaftLogCache.computeTruncateIndices
2022-08-09 05:43:04,058 [Thread-518] DEBUG raftlog.RaftLog (SegmentedRaftLog.java:appendImpl(447)) - truncateIndex=-1, arrayIndex=0
2022-08-09 05:43:04,058 [Thread-518] TRACE segmented.SegmentedRaftLogCache (AutoCloseableReadWriteLock.java:logLocking(65)) - s0@group-A8EB2453EBF5: readLock ACQUIRED 1 by SegmentedRaftLogCache$LogSegmentList.countCached
2022-08-09 05:43:04,058 [Thread-518] TRACE segmented.SegmentedRaftLogCache (AutoCloseableReadWriteLock.java:logLocking(65)) - s0@group-A8EB2453EBF5: readLock RELEASED 0 by SegmentedRaftLogCache$LogSegmentList.countCached
2022-08-09 05:43:04,058 [Thread-518] TRACE segmented.SegmentedRaftLogCache (AutoCloseableReadWriteLock.java:logLocking(65)) - s0@group-A8EB2453EBF5: readLock ACQUIRED 1 by SegmentedRaftLogCache$LogSegmentList.getTotalCacheSize
2022-08-09 05:43:04,058 [Thread-518] TRACE segmented.SegmentedRaftLogCache (AutoCloseableReadWriteLock.java:logLocking(65)) - s0@group-A8EB2453EBF5: readLock RELEASED 0 by SegmentedRaftLogCache$LogSegmentList.getTotalCacheSize
2022-08-09 05:43:04,058 [Thread-518] DEBUG segmented.SegmentedRaftLogWorker (SegmentedRaftLogWorker.java:addIOTask(270)) - s0@group-A8EB2453EBF5-SegmentedRaftLogWorker adds IO task WriteLog:26: (t:1, i:26), METADATAENTRY(c:25)
2022-08-09 05:43:04,058 [Thread-518] TRACE segmented.SegmentedRaftLogCache (AutoCloseableReadWriteLock.java:logLocking(65)) - s0@group-A8EB2453EBF5: readLock ACQUIRED 1 by SegmentedRaftLogCache.getLastTermIndex
2022-08-09 05:43:04,058 [Thread-518] TRACE segmented.SegmentedRaftLogCache (AutoCloseableReadWriteLock.java:logLocking(65)) - s0@group-A8EB2453EBF5: readLock RELEASED 0 by SegmentedRaftLogCache.getLastTermIndex
2022-08-09 05:43:04,058 [Thread-518] TRACE segmented.SegmentedRaftLogCache (AutoCloseableReadWriteLock.java:logLocking(65)) - s0@group-A8EB2453EBF5: readLock ACQUIRED 1 by SegmentedRaftLogCache$LogSegmentList.countCached
2022-08-09 05:43:04,058 [Thread-518] TRACE segmented.SegmentedRaftLogCache (AutoCloseableReadWriteLock.java:logLocking(65)) - s0@group-A8EB2453EBF5: readLock RELEASED 0 by SegmentedRaftLogCache$LogSegmentList.countCached
2022-08-09 05:43:04,058 [Thread-518] TRACE segmented.SegmentedRaftLogCache (AutoCloseableReadWriteLock.java:logLocking(65)) - s0@group-A8EB2453EBF5: readLock ACQUIRED 1 by SegmentedRaftLogCache$LogSegmentList.getTotalCacheSize
2022-08-09 05:43:04,058 [Thread-518] TRACE segmented.SegmentedRaftLogCache (AutoCloseableReadWriteLock.java:logLocking(65)) - s0@group-A8EB2453EBF5: readLock RELEASED 0 by SegmentedRaftLogCache$LogSegmentList.getTotalCacheSize
2022-08-09 05:43:04,058 [Thread-518] DEBUG segmented.SegmentedRaftLogWorker (SegmentedRaftLogWorker.java:addIOTask(270)) - s0@group-A8EB2453EBF5-SegmentedRaftLogWorker adds IO task WriteLog:27: (t:1, i:27), STATEMACHINELOGENTRY, StateMachineLogEntryProto:197@client-60C5AB4E06F6
2022-08-09 05:43:04,057 [s1@group-A8EB2453EBF5-LeaderStateImpl] TRACE segmented.SegmentedRaftLogCache (AutoCloseableReadWriteLock.java:logLocking(65)) -     s1@group-A8EB2453EBF5: readLock ACQUIRED 3 by SegmentedRaftLogCache$LogSegmentList.isEmpty
2022-08-09 05:43:04,058 [s1@group-A8EB2453EBF5-LeaderStateImpl] TRACE segmented.SegmentedRaftLogCache (AutoCloseableReadWriteLock.java:logLocking(65)) -   s1@group-A8EB2453EBF5: readLock RELEASED 1 by SegmentedRaftLogCache$LogSegmentList.isEmpty
2022-08-09 05:43:04,059 [s1@group-A8EB2453EBF5-LeaderStateImpl] TRACE segmented.SegmentedRaftLogCache (AutoCloseableReadWriteLock.java:logLocking(65)) - s1@group-A8EB2453EBF5: readLock RELEASED 0 by SegmentedRaftLogCache.getStartIndex
2022-08-09 05:43:04,058 [s0@group-A8EB2453EBF5-SegmentedRaftLogWorker] DEBUG segmented.SegmentedRaftLogWorker (SegmentedRaftLogWorker.java:flushIfNecessary(365)) - s0@group-A8EB2453EBF5-SegmentedRaftLogWorker: flush SegmentedRaftLogOutputStream(/home/runner/work/ratis/ratis/ratis-test/target/test/data/2baaa1de/MiniRaftClusterWithSimulatedRpc3b4f24d4/s0/bbd46d57-59f4-4845-aaae-a8eb2453ebf5/current/log_inprogress_0)
2022-08-09 05:43:04,059 [s1@group-A8EB2453EBF5-LeaderStateImpl] TRACE segmented.SegmentedRaftLogCache (AutoCloseableReadWriteLock.java:logLocking(65)) - s1@group-A8EB2453EBF5: readLock ACQUIRED 1 by SegmentedRaftLogCache.getEndIndex
2022-08-09 05:43:04,059 [s1@group-A8EB2453EBF5-LeaderStateImpl] TRACE segmented.SegmentedRaftLogCache (AutoCloseableReadWriteLock.java:logLocking(65)) - s1@group-A8EB2453EBF5: readLock RELEASED 0 by SegmentedRaftLogCache.getEndIndex
2022-08-09 05:43:04,059 [s1@group-A8EB2453EBF5-LeaderStateImpl] TRACE segmented.SegmentedRaftLogCache (AutoCloseableReadWriteLock.java:logLocking(65)) - s1@group-A8EB2453EBF5: readLock ACQUIRED 1 by SegmentedRaftLogCache$LogSegmentList.getTermIndex
2022-08-09 05:43:04,059 [s1@group-A8EB2453EBF5-LeaderStateImpl] TRACE segmented.SegmentedRaftLogCache (AutoCloseableReadWriteLock.java:logLocking(65)) - s1@group-A8EB2453EBF5: readLock RELEASED 0 by SegmentedRaftLogCache$LogSegmentList.getTermIndex
2022-08-09 05:43:04,059 [s1@group-A8EB2453EBF5-LeaderStateImpl] TRACE segmented.SegmentedRaftLogCache (AutoCloseableReadWriteLock.java:logLocking(65)) - s1@group-A8EB2453EBF5: readLock ACQUIRED 1 by SegmentedRaftLogCache.getLastTermIndex
2022-08-09 05:43:04,059 [s1@group-A8EB2453EBF5-LeaderStateImpl] TRACE segmented.SegmentedRaftLogCache (AutoCloseableReadWriteLock.java:logLocking(65)) - s1@group-A8EB2453EBF5: readLock RELEASED 0 by SegmentedRaftLogCache.getLastTermIndex
2022-08-09 05:43:04,059 [s0@group-A8EB2453EBF5-SegmentedRaftLogWorker] DEBUG segmented.SegmentedRaftLogWorker (SegmentedRaftLogWorker.java:flushIfNecessary(365)) - s0@group-A8EB2453EBF5-SegmentedRaftLogWorker: flush SegmentedRaftLogOutputStream(/home/runner/work/ratis/ratis/ratis-test/target/test/data/2baaa1de/MiniRaftClusterWithSimulatedRpc3b4f24d4/s0/bbd46d57-59f4-4845-aaae-a8eb2453ebf5/current/log_inprogress_0)
2022-08-09 05:43:04,059 [s1@group-A8EB2453EBF5-LeaderStateImpl] TRACE segmented.SegmentedRaftLogCache (AutoCloseableReadWriteLock.java:logLocking(65)) - s1@group-A8EB2453EBF5: readLock ACQUIRED 1 by SegmentedRaftLogCache$LogSegmentList.countCached
2022-08-09 05:43:04,059 [s1@group-A8EB2453EBF5-LeaderStateImpl] TRACE segmented.SegmentedRaftLogCache (AutoCloseableReadWriteLock.java:logLocking(65)) - s1@group-A8EB2453EBF5: readLock RELEASED 0 by SegmentedRaftLogCache$LogSegmentList.countCached
2022-08-09 05:43:04,060 [s1@group-A8EB2453EBF5-LeaderStateImpl] TRACE segmented.SegmentedRaftLogCache (AutoCloseableReadWriteLock.java:logLocking(65)) - s1@group-A8EB2453EBF5: readLock ACQUIRED 1 by SegmentedRaftLogCache$LogSegmentList.getTotalCacheSize
2022-08-09 05:43:04,060 [s0@group-A8EB2453EBF5-StateMachineUpdater] INFO  statemachine.SimpleStateMachine4Testing (SimpleStateMachine4Testing.java:put(204)) - s0: put 25, m12 -> (t:1, i:25), STATEMACHINELOGENTRY, 194@client-60C5AB4E06F6
2022-08-09 05:43:04,060 [s1@group-A8EB2453EBF5-LeaderStateImpl] TRACE segmented.SegmentedRaftLogCache (AutoCloseableReadWriteLock.java:logLocking(65)) - s1@group-A8EB2453EBF5: readLock RELEASED 0 by SegmentedRaftLogCache$LogSegmentList.getTotalCacheSize
2022-08-09 05:43:04,060 [s1@group-A8EB2453EBF5-LeaderStateImpl] DEBUG segmented.SegmentedRaftLogWorker (SegmentedRaftLogWorker.java:addIOTask(270)) - s1@group-A8EB2453EBF5-SegmentedRaftLogWorker adds IO task WriteLog:28: (t:1, i:28), METADATAENTRY(c:27)
2022-08-09 05:43:04,060 [s1@group-A8EB2453EBF5-SegmentedRaftLogWorker] DEBUG segmented.SegmentedRaftLogWorker (SegmentedRaftLogWorker.java:flushIfNecessary(365)) - s1@group-A8EB2453EBF5-SegmentedRaftLogWorker: flush SegmentedRaftLogOutputStream(/home/runner/work/ratis/ratis/ratis-test/target/test/data/2baaa1de/MiniRaftClusterWithSimulatedRpc3b4f24d4/s1/bbd46d57-59f4-4845-aaae-a8eb2453ebf5/current/log_inprogress_0)
2022-08-09 05:43:04,060 [s1@group-A8EB2453EBF5->s0-LogAppenderDefault-LogAppenderDaemon] TRACE segmented.SegmentedRaftLogCache (AutoCloseableReadWriteLock.java:logLocking(65)) - s1@group-A8EB2453EBF5: readLock ACQUIRED 1 by SegmentedRaftLogCache.getLastTermIndex
2022-08-09 05:43:04,060 [s1@group-A8EB2453EBF5->s0-LogAppenderDefault-LogAppenderDaemon] TRACE segmented.SegmentedRaftLogCache (AutoCloseableReadWriteLock.java:logLocking(65)) - s1@group-A8EB2453EBF5: readLock RELEASED 0 by SegmentedRaftLogCache.getLastTermIndex
2022-08-09 05:43:04,060 [s1@group-A8EB2453EBF5-StateMachineUpdater] INFO  statemachine.SimpleStateMachine4Testing (SimpleStateMachine4Testing.java:put(204)) - s1: put 27, m13 -> (t:1, i:27), STATEMACHINELOGENTRY, 197@client-60C5AB4E06F6
2022-08-09 05:43:04,061 [s1@group-A8EB2453EBF5->s2-LogAppenderDefault-LogAppenderDaemon] TRACE segmented.SegmentedRaftLogCache (AutoCloseableReadWriteLock.java:logLocking(65)) - s1@group-A8EB2453EBF5: readLock ACQUIRED 1 by SegmentedRaftLogCache.getLastTermIndex
2022-08-09 05:43:04,061 [s1@group-A8EB2453EBF5->s2-LogAppenderDefault-LogAppenderDaemon] TRACE segmented.SegmentedRaftLogCache (AutoCloseableReadWriteLock.java:logLocking(65)) - s1@group-A8EB2453EBF5: readLock RELEASED 0 by SegmentedRaftLogCache.getLastTermIndex
2022-08-09 05:43:04,061 [s1@group-A8EB2453EBF5->s0-LogAppenderDefault-LogAppenderDaemon] TRACE segmented.SegmentedRaftLogCache (AutoCloseableReadWriteLock.java:logLocking(65)) - s1@group-A8EB2453EBF5: readLock ACQUIRED 1 by SegmentedRaftLogCache.getLastTermIndex
2022-08-09 05:43:04,061 [s1@group-A8EB2453EBF5->s0-LogAppenderDefault-LogAppenderDaemon] TRACE segmented.SegmentedRaftLogCache (AutoCloseableReadWriteLock.java:logLocking(65)) - s1@group-A8EB2453EBF5: readLock RELEASED 0 by SegmentedRaftLogCache.getLastTermIndex
2022-08-09 05:43:04,061 [s1@group-A8EB2453EBF5->s2-LogAppenderDefault-LogAppenderDaemon] TRACE segmented.SegmentedRaftLogCache (AutoCloseableReadWriteLock.java:logLocking(65)) - s1@group-A8EB2453EBF5: readLock ACQUIRED 1 by SegmentedRaftLogCache.getLastTermIndex
2022-08-09 05:43:04,061 [s1@group-A8EB2453EBF5->s2-LogAppenderDefault-LogAppenderDaemon] TRACE segmented.SegmentedRaftLogCache (AutoCloseableReadWriteLock.java:logLocking(65)) - s1@group-A8EB2453EBF5: readLock RELEASED 0 by SegmentedRaftLogCache.getLastTermIndex
2022-08-09 05:43:04,061 [s1@group-A8EB2453EBF5->s2-LogAppenderDefault-LogAppenderDaemon] TRACE segmented.SegmentedRaftLogCache (AutoCloseableReadWriteLock.java:logLocking(65)) - s1@group-A8EB2453EBF5: readLock ACQUIRED 1 by SegmentedRaftLogCache.getStartIndex
2022-08-09 05:43:04,061 [s1@group-A8EB2453EBF5->s2-LogAppenderDefault-LogAppenderDaemon] TRACE segmented.SegmentedRaftLogCache (AutoCloseableReadWriteLock.java:logLocking(65)) -   s1@group-A8EB2453EBF5: readLock ACQUIRED 2 by SegmentedRaftLogCache$LogSegmentList.isEmpty
2022-08-09 05:43:04,061 [s1@group-A8EB2453EBF5->s2-LogAppenderDefault-LogAppenderDaemon] TRACE segmented.SegmentedRaftLogCache (AutoCloseableReadWriteLock.java:logLocking(65)) -   s1@group-A8EB2453EBF5: readLock RELEASED 1 by SegmentedRaftLogCache$LogSegmentList.isEmpty
2022-08-09 05:43:04,061 [s1@group-A8EB2453EBF5->s2-LogAppenderDefault-LogAppenderDaemon] TRACE segmented.SegmentedRaftLogCache (AutoCloseableReadWriteLock.java:logLocking(65)) - s1@group-A8EB2453EBF5: readLock RELEASED 0 by SegmentedRaftLogCache.getStartIndex
2022-08-09 05:43:04,061 [s1@group-A8EB2453EBF5->s0-LogAppenderDefault-LogAppenderDaemon] TRACE segmented.SegmentedRaftLogCache (AutoCloseableReadWriteLock.java:logLocking(65)) - s1@group-A8EB2453EBF5: readLock ACQUIRED 1 by SegmentedRaftLogCache.getLastTermIndex
2022-08-09 05:43:04,061 [s1@group-A8EB2453EBF5->s0-LogAppenderDefault-LogAppenderDaemon] TRACE segmented.SegmentedRaftLogCache (AutoCloseableReadWriteLock.java:logLocking(65)) - s1@group-A8EB2453EBF5: readLock RELEASED 0 by SegmentedRaftLogCache.getLastTermIndex
2022-08-09 05:43:04,061 [s1@group-A8EB2453EBF5->s0-LogAppenderDefault-LogAppenderDaemon] TRACE segmented.SegmentedRaftLogCache (AutoCloseableReadWriteLock.java:logLocking(65)) - s1@group-A8EB2453EBF5: readLock ACQUIRED 1 by SegmentedRaftLogCache.getStartIndex
2022-08-09 05:43:04,061 [s1@group-A8EB2453EBF5->s0-LogAppenderDefault-LogAppenderDaemon] TRACE segmented.SegmentedRaftLogCache (AutoCloseableReadWriteLock.java:logLocking(65)) -   s1@group-A8EB2453EBF5: readLock ACQUIRED 2 by SegmentedRaftLogCache$LogSegmentList.isEmpty
2022-08-09 05:43:04,061 [s1@group-A8EB2453EBF5->s0-LogAppenderDefault-LogAppenderDaemon] TRACE segmented.SegmentedRaftLogCache (AutoCloseableReadWriteLock.java:logLocking(65)) -     s1@group-A8EB2453EBF5: readLock RELEASED 2 by SegmentedRaftLogCache$LogSegmentList.isEmpty
2022-08-09 05:43:04,061 [s1@group-A8EB2453EBF5->s0-LogAppenderDefault-LogAppenderDaemon] TRACE segmented.SegmentedRaftLogCache (AutoCloseableReadWriteLock.java:logLocking(65)) -   s1@group-A8EB2453EBF5: readLock RELEASED 1 by SegmentedRaftLogCache.getStartIndex
2022-08-09 05:43:04,061 [s1-client-thread1] TRACE segmented.SegmentedRaftLogCache (AutoCloseableReadWriteLock.java:logLocking(65)) -     s1@group-A8EB2453EBF5: readLock ACQUIRED 3 by SegmentedRaftLogCache.getLastTermIndex
2022-08-09 05:43:04,061 [s1-client-thread1] TRACE segmented.SegmentedRaftLogCache (AutoCloseableReadWriteLock.java:logLocking(65)) - s1@group-A8EB2453EBF5: readLock RELEASED 0 by SegmentedRaftLogCache.getLastTermIndex
2022-08-09 05:43:04,061 [s1-client-thread1] TRACE segmented.SegmentedRaftLogCache (AutoCloseableReadWriteLock.java:logLocking(65)) - s1@group-A8EB2453EBF5: readLock ACQUIRED 1 by SegmentedRaftLogCache.getLastTermIndex
2022-08-09 05:43:04,062 [s1-client-thread1] TRACE segmented.SegmentedRaftLogCache (AutoCloseableReadWriteLock.java:logLocking(65)) - s1@group-A8EB2453EBF5: readLock RELEASED 0 by SegmentedRaftLogCache.getLastTermIndex
2022-08-09 05:43:04,062 [s1-client-thread1] TRACE segmented.SegmentedRaftLogCache (AutoCloseableReadWriteLock.java:logLocking(65)) - s1@group-A8EB2453EBF5: readLock ACQUIRED 1 by SegmentedRaftLogCache$LogSegmentList.countCached
2022-08-09 05:43:04,062 [s1-client-thread1] TRACE segmented.SegmentedRaftLogCache (AutoCloseableReadWriteLock.java:logLocking(65)) - s1@group-A8EB2453EBF5: readLock RELEASED 0 by SegmentedRaftLogCache$LogSegmentList.countCached
2022-08-09 05:43:04,062 [s1-client-thread1] TRACE segmented.SegmentedRaftLogCache (AutoCloseableReadWriteLock.java:logLocking(65)) - s1@group-A8EB2453EBF5: readLock ACQUIRED 1 by SegmentedRaftLogCache$LogSegmentList.getTotalCacheSize
2022-08-09 05:43:04,062 [s1-client-thread1] TRACE segmented.SegmentedRaftLogCache (AutoCloseableReadWriteLock.java:logLocking(65)) - s1@group-A8EB2453EBF5: readLock RELEASED 0 by SegmentedRaftLogCache$LogSegmentList.getTotalCacheSize
2022-08-09 05:43:04,062 [s1-client-thread1] DEBUG segmented.SegmentedRaftLogWorker (SegmentedRaftLogWorker.java:addIOTask(270)) - s1@group-A8EB2453EBF5-SegmentedRaftLogWorker adds IO task WriteLog:29: (t:1, i:29), STATEMACHINELOGENTRY, StateMachineLogEntryProto:201@client-60C5AB4E06F6
2022-08-09 05:43:04,062 [s1@group-A8EB2453EBF5->s2-LogAppenderDefault-LogAppenderDaemon] TRACE segmented.SegmentedRaftLogCache (AutoCloseableReadWriteLock.java:logLocking(65)) - s1@group-A8EB2453EBF5: readLock ACQUIRED 1 by SegmentedRaftLogCache.getLastTermIndex
2022-08-09 05:43:04,062 [s1@group-A8EB2453EBF5->s2-LogAppenderDefault-LogAppenderDaemon] TRACE segmented.SegmentedRaftLogCache (AutoCloseableReadWriteLock.java:logLocking(65)) - s1@group-A8EB2453EBF5: readLock RELEASED 0 by SegmentedRaftLogCache.getLastTermIndex
2022-08-09 05:43:04,062 [s1@group-A8EB2453EBF5-SegmentedRaftLogWorker] DEBUG segmented.SegmentedRaftLogWorker (SegmentedRaftLogWorker.java:flushIfNecessary(365)) - s1@group-A8EB2453EBF5-SegmentedRaftLogWorker: flush SegmentedRaftLogOutputStream(/home/runner/work/ratis/ratis/ratis-test/target/test/data/2baaa1de/MiniRaftClusterWithSimulatedRpc3b4f24d4/s1/bbd46d57-59f4-4845-aaae-a8eb2453ebf5/current/log_inprogress_0)
2022-08-09 05:43:04,062 [s1@group-A8EB2453EBF5->s0-LogAppenderDefault-LogAppenderDaemon] TRACE segmented.SegmentedRaftLogCache (AutoCloseableReadWriteLock.java:logLocking(65)) - s1@group-A8EB2453EBF5: readLock ACQUIRED 1 by SegmentedRaftLogCache.getLastTermIndex
2022-08-09 05:43:04,062 [s1@group-A8EB2453EBF5->s0-LogAppenderDefault-LogAppenderDaemon] TRACE segmented.SegmentedRaftLogCache (AutoCloseableReadWriteLock.java:logLocking(65)) - s1@group-A8EB2453EBF5: readLock RELEASED 0 by SegmentedRaftLogCache.getLastTermIndex
2022-08-09 05:43:04,062 [Thread-479] TRACE segmented.SegmentedRaftLogCache (AutoCloseableReadWriteLock.java:logLocking(65)) - s2@group-A8EB2453EBF5: readLock ACQUIRED 1 by SegmentedRaftLogCache.computeTruncateIndices
2022-08-09 05:43:04,063 [Thread-516] TRACE segmented.SegmentedRaftLogCache (AutoCloseableReadWriteLock.java:logLocking(65)) - s0@group-A8EB2453EBF5: readLock ACQUIRED 1 by SegmentedRaftLogCache.computeTruncateIndices
2022-08-09 05:43:04,063 [Thread-479] TRACE segmented.SegmentedRaftLogCache (AutoCloseableReadWriteLock.java:logLocking(65)) -   s2@group-A8EB2453EBF5: readLock ACQUIRED 2 by SegmentedRaftLogCache$LogSegmentList.binarySearch
2022-08-09 05:43:04,063 [Thread-479] TRACE segmented.SegmentedRaftLogCache (AutoCloseableReadWriteLock.java:logLocking(65)) -   s2@group-A8EB2453EBF5: readLock RELEASED 1 by SegmentedRaftLogCache$LogSegmentList.binarySearch
2022-08-09 05:43:04,063 [Thread-516] TRACE segmented.SegmentedRaftLogCache (AutoCloseableReadWriteLock.java:logLocking(65)) -   s0@group-A8EB2453EBF5: readLock ACQUIRED 2 by SegmentedRaftLogCache$LogSegmentList.binarySearch
2022-08-09 05:43:04,063 [Thread-479] TRACE segmented.SegmentedRaftLogCache (AutoCloseableReadWriteLock.java:logLocking(65)) -   s2@group-A8EB2453EBF5: readLock ACQUIRED 2 by SegmentedRaftLogCache$LogSegmentList.size
2022-08-09 05:43:04,063 [Thread-479] TRACE segmented.SegmentedRaftLogCache (AutoCloseableReadWriteLock.java:logLocking(65)) -   s2@group-A8EB2453EBF5: readLock RELEASED 1 by SegmentedRaftLogCache$LogSegmentList.size
2022-08-09 05:43:04,063 [Thread-479] TRACE segmented.SegmentedRaftLogCache (AutoCloseableReadWriteLock.java:logLocking(65)) - s2@group-A8EB2453EBF5: readLock RELEASED 0 by SegmentedRaftLogCache.computeTruncateIndices
2022-08-09 05:43:04,063 [Thread-479] DEBUG raftlog.RaftLog (SegmentedRaftLog.java:appendImpl(447)) - truncateIndex=-1, arrayIndex=0
2022-08-09 05:43:04,063 [Thread-479] TRACE segmented.SegmentedRaftLogCache (AutoCloseableReadWriteLock.java:logLocking(65)) - s2@group-A8EB2453EBF5: readLock ACQUIRED 1 by SegmentedRaftLogCache$LogSegmentList.countCached
2022-08-09 05:43:04,063 [Thread-479] TRACE segmented.SegmentedRaftLogCache (AutoCloseableReadWriteLock.java:logLocking(65)) - s2@group-A8EB2453EBF5: readLock RELEASED 0 by SegmentedRaftLogCache$LogSegmentList.countCached
2022-08-09 05:43:04,063 [Thread-479] TRACE segmented.SegmentedRaftLogCache (AutoCloseableReadWriteLock.java:logLocking(65)) - s2@group-A8EB2453EBF5: readLock ACQUIRED 1 by SegmentedRaftLogCache$LogSegmentList.getTotalCacheSize
2022-08-09 05:43:04,063 [Thread-479] TRACE segmented.SegmentedRaftLogCache (AutoCloseableReadWriteLock.java:logLocking(65)) - s2@group-A8EB2453EBF5: readLock RELEASED 0 by SegmentedRaftLogCache$LogSegmentList.getTotalCacheSize
2022-08-09 05:43:04,063 [Thread-479] DEBUG segmented.SegmentedRaftLogWorker (SegmentedRaftLogWorker.java:addIOTask(270)) - s2@group-A8EB2453EBF5-SegmentedRaftLogWorker adds IO task WriteLog:28: (t:1, i:28), METADATAENTRY(c:27)
2022-08-09 05:43:04,063 [Thread-479] TRACE segmented.SegmentedRaftLogCache (AutoCloseableReadWriteLock.java:logLocking(65)) - s2@group-A8EB2453EBF5: readLock ACQUIRED 1 by SegmentedRaftLogCache.getLastTermIndex
2022-08-09 05:43:04,063 [Thread-479] TRACE segmented.SegmentedRaftLogCache (AutoCloseableReadWriteLock.java:logLocking(65)) - s2@group-A8EB2453EBF5: readLock RELEASED 0 by SegmentedRaftLogCache.getLastTermIndex
2022-08-09 05:43:04,063 [Thread-479] TRACE segmented.SegmentedRaftLogCache (AutoCloseableReadWriteLock.java:logLocking(65)) - s2@group-A8EB2453EBF5: readLock ACQUIRED 1 by SegmentedRaftLogCache$LogSegmentList.countCached
2022-08-09 05:43:04,063 [Thread-479] TRACE segmented.SegmentedRaftLogCache (AutoCloseableReadWriteLock.java:logLocking(65)) - s2@group-A8EB2453EBF5: readLock RELEASED 0 by SegmentedRaftLogCache$LogSegmentList.countCached
2022-08-09 05:43:04,063 [Thread-479] TRACE segmented.SegmentedRaftLogCache (AutoCloseableReadWriteLock.java:logLocking(65)) - s2@group-A8EB2453EBF5: readLock ACQUIRED 1 by SegmentedRaftLogCache$LogSegmentList.getTotalCacheSize
2022-08-09 05:43:04,063 [Thread-479] TRACE segmented.SegmentedRaftLogCache (AutoCloseableReadWriteLock.java:logLocking(65)) - s2@group-A8EB2453EBF5: readLock RELEASED 0 by SegmentedRaftLogCache$LogSegmentList.getTotalCacheSize
2022-08-09 05:43:04,064 [Thread-479] DEBUG segmented.SegmentedRaftLogWorker (SegmentedRaftLogWorker.java:addIOTask(270)) - s2@group-A8EB2453EBF5-SegmentedRaftLogWorker adds IO task WriteLog:29: (t:1, i:29), STATEMACHINELOGENTRY, StateMachineLogEntryProto:201@client-60C5AB4E06F6
2022-08-09 05:43:04,064 [s2@group-A8EB2453EBF5-SegmentedRaftLogWorker] DEBUG segmented.SegmentedRaftLogWorker (SegmentedRaftLogWorker.java:flushIfNecessary(365)) - s2@group-A8EB2453EBF5-SegmentedRaftLogWorker: flush SegmentedRaftLogOutputStream(/home/runner/work/ratis/ratis/ratis-test/target/test/data/2baaa1de/MiniRaftClusterWithSimulatedRpc3b4f24d4/s2/bbd46d57-59f4-4845-aaae-a8eb2453ebf5/current/log_inprogress_0)
2022-08-09 05:43:04,063 [Thread-516] TRACE segmented.SegmentedRaftLogCache (AutoCloseableReadWriteLock.java:logLocking(65)) -   s0@group-A8EB2453EBF5: readLock RELEASED 1 by SegmentedRaftLogCache$LogSegmentList.binarySearch
2022-08-09 05:43:04,064 [Thread-516] TRACE segmented.SegmentedRaftLogCache (AutoCloseableReadWriteLock.java:logLocking(65)) -   s0@group-A8EB2453EBF5: readLock ACQUIRED 2 by SegmentedRaftLogCache$LogSegmentList.size
2022-08-09 05:43:04,064 [Thread-516] TRACE segmented.SegmentedRaftLogCache (AutoCloseableReadWriteLock.java:logLocking(65)) -   s0@group-A8EB2453EBF5: readLock RELEASED 1 by SegmentedRaftLogCache$LogSegmentList.size
2022-08-09 05:43:04,064 [Thread-516] TRACE segmented.SegmentedRaftLogCache (AutoCloseableReadWriteLock.java:logLocking(65)) - s0@group-A8EB2453EBF5: readLock RELEASED 0 by SegmentedRaftLogCache.computeTruncateIndices
2022-08-09 05:43:04,064 [Thread-516] DEBUG raftlog.RaftLog (SegmentedRaftLog.java:appendImpl(447)) - truncateIndex=-1, arrayIndex=0
2022-08-09 05:43:04,064 [Thread-516] TRACE segmented.SegmentedRaftLogCache (AutoCloseableReadWriteLock.java:logLocking(65)) - s0@group-A8EB2453EBF5: readLock ACQUIRED 1 by SegmentedRaftLogCache$LogSegmentList.countCached
2022-08-09 05:43:04,064 [Thread-516] TRACE segmented.SegmentedRaftLogCache (AutoCloseableReadWriteLock.java:logLocking(65)) - s0@group-A8EB2453EBF5: readLock RELEASED 0 by SegmentedRaftLogCache$LogSegmentList.countCached
2022-08-09 05:43:04,064 [Thread-516] TRACE segmented.SegmentedRaftLogCache (AutoCloseableReadWriteLock.java:logLocking(65)) - s0@group-A8EB2453EBF5: readLock ACQUIRED 1 by SegmentedRaftLogCache$LogSegmentList.getTotalCacheSize
2022-08-09 05:43:04,064 [Thread-516] TRACE segmented.SegmentedRaftLogCache (AutoCloseableReadWriteLock.java:logLocking(65)) - s0@group-A8EB2453EBF5: readLock RELEASED 0 by SegmentedRaftLogCache$LogSegmentList.getTotalCacheSize
2022-08-09 05:43:04,064 [s1@group-A8EB2453EBF5->s2-LogAppenderDefault-LogAppenderDaemon] TRACE segmented.SegmentedRaftLogCache (AutoCloseableReadWriteLock.java:logLocking(65)) - s1@group-A8EB2453EBF5: readLock ACQUIRED 1 by SegmentedRaftLogCache.getLastTermIndex
2022-08-09 05:43:04,064 [s1@group-A8EB2453EBF5->s2-LogAppenderDefault-LogAppenderDaemon] TRACE segmented.SegmentedRaftLogCache (AutoCloseableReadWriteLock.java:logLocking(65)) - s1@group-A8EB2453EBF5: readLock RELEASED 0 by SegmentedRaftLogCache.getLastTermIndex
2022-08-09 05:43:04,064 [s2@group-A8EB2453EBF5-StateMachineUpdater] INFO  statemachine.SimpleStateMachine4Testing (SimpleStateMachine4Testing.java:put(204)) - s2: put 27, m13 -> (t:1, i:27), STATEMACHINELOGENTRY, 197@client-60C5AB4E06F6
2022-08-09 05:43:04,064 [s1@group-A8EB2453EBF5-LeaderStateImpl] TRACE segmented.SegmentedRaftLogCache (AutoCloseableReadWriteLock.java:logLocking(65)) - s1@group-A8EB2453EBF5: readLock ACQUIRED 1 by SegmentedRaftLogCache.getStartIndex
2022-08-09 05:43:04,065 [s1@group-A8EB2453EBF5-LeaderStateImpl] TRACE segmented.SegmentedRaftLogCache (AutoCloseableReadWriteLock.java:logLocking(65)) -   s1@group-A8EB2453EBF5: readLock ACQUIRED 2 by SegmentedRaftLogCache$LogSegmentList.isEmpty
2022-08-09 05:43:04,065 [s1@group-A8EB2453EBF5-LeaderStateImpl] TRACE segmented.SegmentedRaftLogCache (AutoCloseableReadWriteLock.java:logLocking(65)) -   s1@group-A8EB2453EBF5: readLock RELEASED 1 by SegmentedRaftLogCache$LogSegmentList.isEmpty
2022-08-09 05:43:04,065 [s1@group-A8EB2453EBF5-LeaderStateImpl] TRACE segmented.SegmentedRaftLogCache (AutoCloseableReadWriteLock.java:logLocking(65)) - s1@group-A8EB2453EBF5: readLock RELEASED 0 by SegmentedRaftLogCache.getStartIndex
2022-08-09 05:43:04,065 [s1@group-A8EB2453EBF5-LeaderStateImpl] TRACE segmented.SegmentedRaftLogCache (AutoCloseableReadWriteLock.java:logLocking(65)) - s1@group-A8EB2453EBF5: readLock ACQUIRED 1 by SegmentedRaftLogCache.getEndIndex
2022-08-09 05:43:04,065 [s1@group-A8EB2453EBF5-LeaderStateImpl] TRACE segmented.SegmentedRaftLogCache (AutoCloseableReadWriteLock.java:logLocking(65)) - s1@group-A8EB2453EBF5: readLock RELEASED 0 by SegmentedRaftLogCache.getEndIndex
2022-08-09 05:43:04,065 [s1@group-A8EB2453EBF5-LeaderStateImpl] TRACE segmented.SegmentedRaftLogCache (AutoCloseableReadWriteLock.java:logLocking(65)) - s1@group-A8EB2453EBF5: readLock ACQUIRED 1 by SegmentedRaftLogCache$LogSegmentList.getTermIndex
2022-08-09 05:43:04,065 [s1@group-A8EB2453EBF5-LeaderStateImpl] TRACE segmented.SegmentedRaftLogCache (AutoCloseableReadWriteLock.java:logLocking(65)) - s1@group-A8EB2453EBF5: readLock RELEASED 0 by SegmentedRaftLogCache$LogSegmentList.getTermIndex
2022-08-09 05:43:04,065 [s1@group-A8EB2453EBF5-LeaderStateImpl] TRACE segmented.SegmentedRaftLogCache (AutoCloseableReadWriteLock.java:logLocking(65)) - s1@group-A8EB2453EBF5: readLock ACQUIRED 1 by SegmentedRaftLogCache.getLastTermIndex
2022-08-09 05:43:04,065 [s1@group-A8EB2453EBF5-LeaderStateImpl] TRACE segmented.SegmentedRaftLogCache (AutoCloseableReadWriteLock.java:logLocking(65)) - s1@group-A8EB2453EBF5: readLock RELEASED 0 by SegmentedRaftLogCache.getLastTermIndex
2022-08-09 05:43:04,065 [s1@group-A8EB2453EBF5-LeaderStateImpl] TRACE segmented.SegmentedRaftLogCache (AutoCloseableReadWriteLock.java:logLocking(65)) - s1@group-A8EB2453EBF5: readLock ACQUIRED 1 by SegmentedRaftLogCache$LogSegmentList.countCached
2022-08-09 05:43:04,065 [s1@group-A8EB2453EBF5-LeaderStateImpl] TRACE segmented.SegmentedRaftLogCache (AutoCloseableReadWriteLock.java:logLocking(65)) - s1@group-A8EB2453EBF5: readLock RELEASED 0 by SegmentedRaftLogCache$LogSegmentList.countCached
2022-08-09 05:43:04,065 [s1@group-A8EB2453EBF5-LeaderStateImpl] TRACE segmented.SegmentedRaftLogCache (AutoCloseableReadWriteLock.java:logLocking(65)) - s1@group-A8EB2453EBF5: readLock ACQUIRED 1 by SegmentedRaftLogCache$LogSegmentList.getTotalCacheSize
2022-08-09 05:43:04,065 [s1@group-A8EB2453EBF5-LeaderStateImpl] TRACE segmented.SegmentedRaftLogCache (AutoCloseableReadWriteLock.java:logLocking(65)) - s1@group-A8EB2453EBF5: readLock RELEASED 0 by SegmentedRaftLogCache$LogSegmentList.getTotalCacheSize
2022-08-09 05:43:04,065 [s1@group-A8EB2453EBF5-LeaderStateImpl] DEBUG segmented.SegmentedRaftLogWorker (SegmentedRaftLogWorker.java:addIOTask(270)) - s1@group-A8EB2453EBF5-SegmentedRaftLogWorker adds IO task WriteLog:30: (t:1, i:30), METADATAENTRY(c:29)
2022-08-09 05:43:04,065 [s1@group-A8EB2453EBF5->s2-LogAppenderDefault-LogAppenderDaemon] TRACE segmented.SegmentedRaftLogCache (AutoCloseableReadWriteLock.java:logLocking(65)) - s1@group-A8EB2453EBF5: readLock ACQUIRED 1 by SegmentedRaftLogCache.getLastTermIndex
2022-08-09 05:43:04,065 [s1@group-A8EB2453EBF5->s2-LogAppenderDefault-LogAppenderDaemon] TRACE segmented.SegmentedRaftLogCache (AutoCloseableReadWriteLock.java:logLocking(65)) - s1@group-A8EB2453EBF5: readLock RELEASED 0 by SegmentedRaftLogCache.getLastTermIndex
2022-08-09 05:43:04,065 [s1@group-A8EB2453EBF5->s2-LogAppenderDefault-LogAppenderDaemon] TRACE segmented.SegmentedRaftLogCache (AutoCloseableReadWriteLock.java:logLocking(65)) - s1@group-A8EB2453EBF5: readLock ACQUIRED 1 by SegmentedRaftLogCache.getLastTermIndex
2022-08-09 05:43:04,065 [s1@group-A8EB2453EBF5->s2-LogAppenderDefault-LogAppenderDaemon] TRACE segmented.SegmentedRaftLogCache (AutoCloseableReadWriteLock.java:logLocking(65)) - s1@group-A8EB2453EBF5: readLock RELEASED 0 by SegmentedRaftLogCache.getLastTermIndex
2022-08-09 05:43:04,066 [s1@group-A8EB2453EBF5->s2-LogAppenderDefault-LogAppenderDaemon] TRACE segmented.SegmentedRaftLogCache (AutoCloseableReadWriteLock.java:logLocking(65)) - s1@group-A8EB2453EBF5: readLock ACQUIRED 1 by SegmentedRaftLogCache.getStartIndex
2022-08-09 05:43:04,066 [s1@group-A8EB2453EBF5->s2-LogAppenderDefault-LogAppenderDaemon] TRACE segmented.SegmentedRaftLogCache (AutoCloseableReadWriteLock.java:logLocking(65)) -   s1@group-A8EB2453EBF5: readLock ACQUIRED 2 by SegmentedRaftLogCache$LogSegmentList.isEmpty
2022-08-09 05:43:04,066 [s1@group-A8EB2453EBF5->s2-LogAppenderDefault-LogAppenderDaemon] TRACE segmented.SegmentedRaftLogCache (AutoCloseableReadWriteLock.java:logLocking(65)) -   s1@group-A8EB2453EBF5: readLock RELEASED 1 by SegmentedRaftLogCache$LogSegmentList.isEmpty
2022-08-09 05:43:04,066 [s1@group-A8EB2453EBF5->s2-LogAppenderDefault-LogAppenderDaemon] TRACE segmented.SegmentedRaftLogCache (AutoCloseableReadWriteLock.java:logLocking(65)) - s1@group-A8EB2453EBF5: readLock RELEASED 0 by SegmentedRaftLogCache.getStartIndex
2022-08-09 05:43:04,066 [s1@group-A8EB2453EBF5->s2-LogAppenderDefault-LogAppenderDaemon] TRACE segmented.SegmentedRaftLogCache (AutoCloseableReadWriteLock.java:logLocking(65)) - s1@group-A8EB2453EBF5: readLock ACQUIRED 1 by SegmentedRaftLogCache.getLastTermIndex
2022-08-09 05:43:04,066 [s1@group-A8EB2453EBF5->s2-LogAppenderDefault-LogAppenderDaemon] TRACE segmented.SegmentedRaftLogCache (AutoCloseableReadWriteLock.java:logLocking(65)) - s1@group-A8EB2453EBF5: readLock RELEASED 0 by SegmentedRaftLogCache.getLastTermIndex
2022-08-09 05:43:04,066 [Thread-480] TRACE segmented.SegmentedRaftLogCache (AutoCloseableReadWriteLock.java:logLocking(65)) - s2@group-A8EB2453EBF5: readLock ACQUIRED 1 by SegmentedRaftLogCache.computeTruncateIndices
2022-08-09 05:43:04,066 [Thread-480] TRACE segmented.SegmentedRaftLogCache (AutoCloseableReadWriteLock.java:logLocking(65)) -   s2@group-A8EB2453EBF5: readLock ACQUIRED 2 by SegmentedRaftLogCache$LogSegmentList.binarySearch
2022-08-09 05:43:04,066 [Thread-480] TRACE segmented.SegmentedRaftLogCache (AutoCloseableReadWriteLock.java:logLocking(65)) -   s2@group-A8EB2453EBF5: readLock RELEASED 1 by SegmentedRaftLogCache$LogSegmentList.binarySearch
2022-08-09 05:43:04,066 [Thread-480] TRACE segmented.SegmentedRaftLogCache (AutoCloseableReadWriteLock.java:logLocking(65)) -   s2@group-A8EB2453EBF5: readLock ACQUIRED 2 by SegmentedRaftLogCache$LogSegmentList.size
2022-08-09 05:43:04,066 [Thread-480] TRACE segmented.SegmentedRaftLogCache (AutoCloseableReadWriteLock.java:logLocking(65)) -   s2@group-A8EB2453EBF5: readLock RELEASED 1 by SegmentedRaftLogCache$LogSegmentList.size
2022-08-09 05:43:04,066 [Thread-480] TRACE segmented.SegmentedRaftLogCache (AutoCloseableReadWriteLock.java:logLocking(65)) - s2@group-A8EB2453EBF5: readLock RELEASED 0 by SegmentedRaftLogCache.computeTruncateIndices
2022-08-09 05:43:04,066 [Thread-480] DEBUG raftlog.RaftLog (SegmentedRaftLog.java:appendImpl(447)) - truncateIndex=-1, arrayIndex=0
2022-08-09 05:43:04,066 [Thread-480] TRACE segmented.SegmentedRaftLogCache (AutoCloseableReadWriteLock.java:logLocking(65)) - s2@group-A8EB2453EBF5: readLock ACQUIRED 1 by SegmentedRaftLogCache$LogSegmentList.countCached
2022-08-09 05:43:04,066 [Thread-480] TRACE segmented.SegmentedRaftLogCache (AutoCloseableReadWriteLock.java:logLocking(65)) - s2@group-A8EB2453EBF5: readLock RELEASED 0 by SegmentedRaftLogCache$LogSegmentList.countCached
2022-08-09 05:43:04,066 [Thread-480] TRACE segmented.SegmentedRaftLogCache (AutoCloseableReadWriteLock.java:logLocking(65)) - s2@group-A8EB2453EBF5: readLock ACQUIRED 1 by SegmentedRaftLogCache$LogSegmentList.getTotalCacheSize
2022-08-09 05:43:04,066 [Thread-480] TRACE segmented.SegmentedRaftLogCache (AutoCloseableReadWriteLock.java:logLocking(65)) - s2@group-A8EB2453EBF5: readLock RELEASED 0 by SegmentedRaftLogCache$LogSegmentList.getTotalCacheSize
2022-08-09 05:43:04,066 [Thread-480] DEBUG segmented.SegmentedRaftLogWorker (SegmentedRaftLogWorker.java:addIOTask(270)) - s2@group-A8EB2453EBF5-SegmentedRaftLogWorker adds IO task WriteLog:30: (t:1, i:30), METADATAENTRY(c:29)
2022-08-09 05:43:04,064 [Thread-516] DEBUG segmented.SegmentedRaftLogWorker (SegmentedRaftLogWorker.java:addIOTask(270)) - s0@group-A8EB2453EBF5-SegmentedRaftLogWorker adds IO task WriteLog:28: (t:1, i:28), METADATAENTRY(c:27)
2022-08-09 05:43:04,067 [s2@group-A8EB2453EBF5-SegmentedRaftLogWorker] DEBUG segmented.SegmentedRaftLogWorker (SegmentedRaftLogWorker.java:flushIfNecessary(365)) - s2@group-A8EB2453EBF5-SegmentedRaftLogWorker: flush SegmentedRaftLogOutputStream(/home/runner/work/ratis/ratis/ratis-test/target/test/data/2baaa1de/MiniRaftClusterWithSimulatedRpc3b4f24d4/s2/bbd46d57-59f4-4845-aaae-a8eb2453ebf5/current/log_inprogress_0)
2022-08-09 05:43:04,067 [Thread-516] TRACE segmented.SegmentedRaftLogCache (AutoCloseableReadWriteLock.java:logLocking(65)) - s0@group-A8EB2453EBF5: readLock ACQUIRED 1 by SegmentedRaftLogCache.getLastTermIndex
2022-08-09 05:43:04,067 [Thread-516] TRACE segmented.SegmentedRaftLogCache (AutoCloseableReadWriteLock.java:logLocking(65)) - s0@group-A8EB2453EBF5: readLock RELEASED 0 by SegmentedRaftLogCache.getLastTermIndex
2022-08-09 05:43:04,065 [s1@group-A8EB2453EBF5-StateMachineUpdater] INFO  statemachine.SimpleStateMachine4Testing (SimpleStateMachine4Testing.java:put(204)) - s1: put 29, m14 -> (t:1, i:29), STATEMACHINELOGENTRY, 201@client-60C5AB4E06F6
2022-08-09 05:43:04,067 [s0@group-A8EB2453EBF5-SegmentedRaftLogWorker] DEBUG segmented.SegmentedRaftLogWorker (SegmentedRaftLogWorker.java:flushIfNecessary(365)) - s0@group-A8EB2453EBF5-SegmentedRaftLogWorker: flush SegmentedRaftLogOutputStream(/home/runner/work/ratis/ratis/ratis-test/target/test/data/2baaa1de/MiniRaftClusterWithSimulatedRpc3b4f24d4/s0/bbd46d57-59f4-4845-aaae-a8eb2453ebf5/current/log_inprogress_0)
2022-08-09 05:43:04,065 [s1@group-A8EB2453EBF5-SegmentedRaftLogWorker] DEBUG segmented.SegmentedRaftLogWorker (SegmentedRaftLogWorker.java:flushIfNecessary(365)) - s1@group-A8EB2453EBF5-SegmentedRaftLogWorker: flush SegmentedRaftLogOutputStream(/home/runner/work/ratis/ratis/ratis-test/target/test/data/2baaa1de/MiniRaftClusterWithSimulatedRpc3b4f24d4/s1/bbd46d57-59f4-4845-aaae-a8eb2453ebf5/current/log_inprogress_0)
2022-08-09 05:43:04,067 [Thread-516] TRACE segmented.SegmentedRaftLogCache (AutoCloseableReadWriteLock.java:logLocking(65)) - s0@group-A8EB2453EBF5: readLock ACQUIRED 1 by SegmentedRaftLogCache$LogSegmentList.countCached
2022-08-09 05:43:04,067 [Thread-516] TRACE segmented.SegmentedRaftLogCache (AutoCloseableReadWriteLock.java:logLocking(65)) - s0@group-A8EB2453EBF5: readLock RELEASED 0 by SegmentedRaftLogCache$LogSegmentList.countCached
2022-08-09 05:43:04,067 [Thread-516] TRACE segmented.SegmentedRaftLogCache (AutoCloseableReadWriteLock.java:logLocking(65)) - s0@group-A8EB2453EBF5: readLock ACQUIRED 1 by SegmentedRaftLogCache$LogSegmentList.getTotalCacheSize
2022-08-09 05:43:04,067 [Thread-516] TRACE segmented.SegmentedRaftLogCache (AutoCloseableReadWriteLock.java:logLocking(65)) - s0@group-A8EB2453EBF5: readLock RELEASED 0 by SegmentedRaftLogCache$LogSegmentList.getTotalCacheSize
2022-08-09 05:43:04,067 [Thread-516] DEBUG segmented.SegmentedRaftLogWorker (SegmentedRaftLogWorker.java:addIOTask(270)) - s0@group-A8EB2453EBF5-SegmentedRaftLogWorker adds IO task WriteLog:29: (t:1, i:29), STATEMACHINELOGENTRY, StateMachineLogEntryProto:201@client-60C5AB4E06F6
2022-08-09 05:43:04,067 [s1@group-A8EB2453EBF5->s2-LogAppenderDefault-LogAppenderDaemon] TRACE segmented.SegmentedRaftLogCache (AutoCloseableReadWriteLock.java:logLocking(65)) - s1@group-A8EB2453EBF5: readLock ACQUIRED 1 by SegmentedRaftLogCache.getLastTermIndex
2022-08-09 05:43:04,067 [s1@group-A8EB2453EBF5->s2-LogAppenderDefault-LogAppenderDaemon] TRACE segmented.SegmentedRaftLogCache (AutoCloseableReadWriteLock.java:logLocking(65)) - s1@group-A8EB2453EBF5: readLock RELEASED 0 by SegmentedRaftLogCache.getLastTermIndex
2022-08-09 05:43:04,067 [s0@group-A8EB2453EBF5-SegmentedRaftLogWorker] DEBUG segmented.SegmentedRaftLogWorker (SegmentedRaftLogWorker.java:flushIfNecessary(365)) - s0@group-A8EB2453EBF5-SegmentedRaftLogWorker: flush SegmentedRaftLogOutputStream(/home/runner/work/ratis/ratis/ratis-test/target/test/data/2baaa1de/MiniRaftClusterWithSimulatedRpc3b4f24d4/s0/bbd46d57-59f4-4845-aaae-a8eb2453ebf5/current/log_inprogress_0)
2022-08-09 05:43:04,068 [s1@group-A8EB2453EBF5-LeaderStateImpl] TRACE segmented.SegmentedRaftLogCache (AutoCloseableReadWriteLock.java:logLocking(65)) - s1@group-A8EB2453EBF5: readLock ACQUIRED 1 by SegmentedRaftLogCache.getStartIndex
2022-08-09 05:43:04,068 [s2@group-A8EB2453EBF5-StateMachineUpdater] INFO  statemachine.SimpleStateMachine4Testing (SimpleStateMachine4Testing.java:put(204)) - s2: put 29, m14 -> (t:1, i:29), STATEMACHINELOGENTRY, 201@client-60C5AB4E06F6
2022-08-09 05:43:04,068 [s1@group-A8EB2453EBF5-LeaderStateImpl] TRACE segmented.SegmentedRaftLogCache (AutoCloseableReadWriteLock.java:logLocking(65)) -   s1@group-A8EB2453EBF5: readLock ACQUIRED 2 by SegmentedRaftLogCache$LogSegmentList.isEmpty
2022-08-09 05:43:04,068 [s1@group-A8EB2453EBF5-LeaderStateImpl] TRACE segmented.SegmentedRaftLogCache (AutoCloseableReadWriteLock.java:logLocking(65)) -   s1@group-A8EB2453EBF5: readLock RELEASED 1 by SegmentedRaftLogCache$LogSegmentList.isEmpty
2022-08-09 05:43:04,068 [s1@group-A8EB2453EBF5-LeaderStateImpl] TRACE segmented.SegmentedRaftLogCache (AutoCloseableReadWriteLock.java:logLocking(65)) - s1@group-A8EB2453EBF5: readLock RELEASED 0 by SegmentedRaftLogCache.getStartIndex
2022-08-09 05:43:04,068 [s1@group-A8EB2453EBF5-LeaderStateImpl] TRACE segmented.SegmentedRaftLogCache (AutoCloseableReadWriteLock.java:logLocking(65)) - s1@group-A8EB2453EBF5: readLock ACQUIRED 1 by SegmentedRaftLogCache.getEndIndex
2022-08-09 05:43:04,068 [s1@group-A8EB2453EBF5-LeaderStateImpl] TRACE segmented.SegmentedRaftLogCache (AutoCloseableReadWriteLock.java:logLocking(65)) - s1@group-A8EB2453EBF5: readLock RELEASED 0 by SegmentedRaftLogCache.getEndIndex
2022-08-09 05:43:04,068 [s0@group-A8EB2453EBF5-StateMachineUpdater] INFO  statemachine.SimpleStateMachine4Testing (SimpleStateMachine4Testing.java:put(204)) - s0: put 27, m13 -> (t:1, i:27), STATEMACHINELOGENTRY, 197@client-60C5AB4E06F6
2022-08-09 05:43:04,068 [s1@group-A8EB2453EBF5-LeaderStateImpl] TRACE segmented.SegmentedRaftLogCache (AutoCloseableReadWriteLock.java:logLocking(65)) - s1@group-A8EB2453EBF5: readLock ACQUIRED 1 by SegmentedRaftLogCache$LogSegmentList.getTermIndex
2022-08-09 05:43:04,068 [s1@group-A8EB2453EBF5-LeaderStateImpl] TRACE segmented.SegmentedRaftLogCache (AutoCloseableReadWriteLock.java:logLocking(65)) - s1@group-A8EB2453EBF5: readLock RELEASED 0 by SegmentedRaftLogCache$LogSegmentList.getTermIndex
2022-08-09 05:43:04,068 [s1@group-A8EB2453EBF5->s2-LogAppenderDefault-LogAppenderDaemon] TRACE segmented.SegmentedRaftLogCache (AutoCloseableReadWriteLock.java:logLocking(65)) - s1@group-A8EB2453EBF5: readLock ACQUIRED 1 by SegmentedRaftLogCache.getLastTermIndex
2022-08-09 05:43:04,068 [s1@group-A8EB2453EBF5->s2-LogAppenderDefault-LogAppenderDaemon] TRACE segmented.SegmentedRaftLogCache (AutoCloseableReadWriteLock.java:logLocking(65)) - s1@group-A8EB2453EBF5: readLock RELEASED 0 by SegmentedRaftLogCache.getLastTermIndex
2022-08-09 05:43:04,068 [s1@group-A8EB2453EBF5->s2-LogAppenderDefault-LogAppenderDaemon] TRACE segmented.SegmentedRaftLogCache (AutoCloseableReadWriteLock.java:logLocking(65)) - s1@group-A8EB2453EBF5: readLock ACQUIRED 1 by SegmentedRaftLogCache.getLastTermIndex
2022-08-09 05:43:04,068 [s1@group-A8EB2453EBF5->s2-LogAppenderDefault-LogAppenderDaemon] TRACE segmented.SegmentedRaftLogCache (AutoCloseableReadWriteLock.java:logLocking(65)) - s1@group-A8EB2453EBF5: readLock RELEASED 0 by SegmentedRaftLogCache.getLastTermIndex
2022-08-09 05:43:04,069 [s1@group-A8EB2453EBF5->s2-LogAppenderDefault-LogAppenderDaemon] TRACE segmented.SegmentedRaftLogCache (AutoCloseableReadWriteLock.java:logLocking(65)) - s1@group-A8EB2453EBF5: readLock ACQUIRED 1 by SegmentedRaftLogCache.getLastTermIndex
2022-08-09 05:43:04,069 [s1@group-A8EB2453EBF5->s2-LogAppenderDefault-LogAppenderDaemon] TRACE segmented.SegmentedRaftLogCache (AutoCloseableReadWriteLock.java:logLocking(65)) - s1@group-A8EB2453EBF5: readLock RELEASED 0 by SegmentedRaftLogCache.getLastTermIndex
2022-08-09 05:43:04,069 [s1@group-A8EB2453EBF5->s2-LogAppenderDefault-LogAppenderDaemon] TRACE segmented.SegmentedRaftLogCache (AutoCloseableReadWriteLock.java:logLocking(65)) - s1@group-A8EB2453EBF5: readLock ACQUIRED 1 by SegmentedRaftLogCache.getLastTermIndex
2022-08-09 05:43:04,069 [s1@group-A8EB2453EBF5->s2-LogAppenderDefault-LogAppenderDaemon] TRACE segmented.SegmentedRaftLogCache (AutoCloseableReadWriteLock.java:logLocking(65)) - s1@group-A8EB2453EBF5: readLock RELEASED 0 by SegmentedRaftLogCache.getLastTermIndex
2022-08-09 05:43:04,069 [s1-client-thread1] TRACE segmented.SegmentedRaftLogCache (AutoCloseableReadWriteLock.java:logLocking(65)) - s1@group-A8EB2453EBF5: readLock ACQUIRED 1 by SegmentedRaftLogCache.getLastTermIndex
2022-08-09 05:43:04,069 [s1-client-thread1] TRACE segmented.SegmentedRaftLogCache (AutoCloseableReadWriteLock.java:logLocking(65)) - s1@group-A8EB2453EBF5: readLock RELEASED 0 by SegmentedRaftLogCache.getLastTermIndex
2022-08-09 05:43:04,069 [s1-client-thread1] TRACE segmented.SegmentedRaftLogCache (AutoCloseableReadWriteLock.java:logLocking(65)) - s1@group-A8EB2453EBF5: readLock ACQUIRED 1 by SegmentedRaftLogCache.getLastTermIndex
2022-08-09 05:43:04,069 [s1-client-thread1] TRACE segmented.SegmentedRaftLogCache (AutoCloseableReadWriteLock.java:logLocking(65)) - s1@group-A8EB2453EBF5: readLock RELEASED 0 by SegmentedRaftLogCache.getLastTermIndex
2022-08-09 05:43:04,069 [s1-client-thread1] TRACE segmented.SegmentedRaftLogCache (AutoCloseableReadWriteLock.java:logLocking(65)) - s1@group-A8EB2453EBF5: readLock ACQUIRED 1 by SegmentedRaftLogCache$LogSegmentList.countCached
2022-08-09 05:43:04,069 [s1-client-thread1] TRACE segmented.SegmentedRaftLogCache (AutoCloseableReadWriteLock.java:logLocking(65)) - s1@group-A8EB2453EBF5: readLock RELEASED 0 by SegmentedRaftLogCache$LogSegmentList.countCached
2022-08-09 05:43:04,069 [s1-client-thread1] TRACE segmented.SegmentedRaftLogCache (AutoCloseableReadWriteLock.java:logLocking(65)) - s1@group-A8EB2453EBF5: readLock ACQUIRED 1 by SegmentedRaftLogCache$LogSegmentList.getTotalCacheSize
2022-08-09 05:43:04,069 [s1-client-thread1] TRACE segmented.SegmentedRaftLogCache (AutoCloseableReadWriteLock.java:logLocking(65)) - s1@group-A8EB2453EBF5: readLock RELEASED 0 by SegmentedRaftLogCache$LogSegmentList.getTotalCacheSize
2022-08-09 05:43:04,069 [s1-client-thread1] DEBUG segmented.SegmentedRaftLogWorker (SegmentedRaftLogWorker.java:addIOTask(270)) - s1@group-A8EB2453EBF5-SegmentedRaftLogWorker adds IO task WriteLog:31: (t:1, i:31), STATEMACHINELOGENTRY, StateMachineLogEntryProto:205@client-60C5AB4E06F6
2022-08-09 05:43:04,069 [s1@group-A8EB2453EBF5-SegmentedRaftLogWorker] DEBUG segmented.SegmentedRaftLogWorker (SegmentedRaftLogWorker.java:flushIfNecessary(365)) - s1@group-A8EB2453EBF5-SegmentedRaftLogWorker: flush SegmentedRaftLogOutputStream(/home/runner/work/ratis/ratis/ratis-test/target/test/data/2baaa1de/MiniRaftClusterWithSimulatedRpc3b4f24d4/s1/bbd46d57-59f4-4845-aaae-a8eb2453ebf5/current/log_inprogress_0)
2022-08-09 05:43:04,070 [s1@group-A8EB2453EBF5->s0-LogAppenderDefault-LogAppenderDaemon] TRACE segmented.SegmentedRaftLogCache (AutoCloseableReadWriteLock.java:logLocking(65)) - s1@group-A8EB2453EBF5: readLock ACQUIRED 1 by SegmentedRaftLogCache.getLastTermIndex
2022-08-09 05:43:04,070 [s1@group-A8EB2453EBF5->s0-LogAppenderDefault-LogAppenderDaemon] TRACE segmented.SegmentedRaftLogCache (AutoCloseableReadWriteLock.java:logLocking(65)) - s1@group-A8EB2453EBF5: readLock RELEASED 0 by SegmentedRaftLogCache.getLastTermIndex
2022-08-09 05:43:04,070 [s1@group-A8EB2453EBF5->s0-LogAppenderDefault-LogAppenderDaemon] TRACE segmented.SegmentedRaftLogCache (AutoCloseableReadWriteLock.java:logLocking(65)) - s1@group-A8EB2453EBF5: readLock ACQUIRED 1 by SegmentedRaftLogCache.getLastTermIndex
2022-08-09 05:43:04,070 [s1@group-A8EB2453EBF5->s0-LogAppenderDefault-LogAppenderDaemon] TRACE segmented.SegmentedRaftLogCache (AutoCloseableReadWriteLock.java:logLocking(65)) - s1@group-A8EB2453EBF5: readLock RELEASED 0 by SegmentedRaftLogCache.getLastTermIndex
2022-08-09 05:43:04,070 [s1@group-A8EB2453EBF5->s0-LogAppenderDefault-LogAppenderDaemon] TRACE segmented.SegmentedRaftLogCache (AutoCloseableReadWriteLock.java:logLocking(65)) - s1@group-A8EB2453EBF5: readLock ACQUIRED 1 by SegmentedRaftLogCache.getLastTermIndex
2022-08-09 05:43:04,070 [s1@group-A8EB2453EBF5->s0-LogAppenderDefault-LogAppenderDaemon] TRACE segmented.SegmentedRaftLogCache (AutoCloseableReadWriteLock.java:logLocking(65)) - s1@group-A8EB2453EBF5: readLock RELEASED 0 by SegmentedRaftLogCache.getLastTermIndex
2022-08-09 05:43:04,070 [s1@group-A8EB2453EBF5->s0-LogAppenderDefault-LogAppenderDaemon] TRACE segmented.SegmentedRaftLogCache (AutoCloseableReadWriteLock.java:logLocking(65)) - s1@group-A8EB2453EBF5: readLock ACQUIRED 1 by SegmentedRaftLogCache.getStartIndex
2022-08-09 05:43:04,070 [s1@group-A8EB2453EBF5->s0-LogAppenderDefault-LogAppenderDaemon] TRACE segmented.SegmentedRaftLogCache (AutoCloseableReadWriteLock.java:logLocking(65)) -   s1@group-A8EB2453EBF5: readLock ACQUIRED 2 by SegmentedRaftLogCache$LogSegmentList.isEmpty
2022-08-09 05:43:04,070 [s1@group-A8EB2453EBF5->s0-LogAppenderDefault-LogAppenderDaemon] TRACE segmented.SegmentedRaftLogCache (AutoCloseableReadWriteLock.java:logLocking(65)) -   s1@group-A8EB2453EBF5: readLock RELEASED 1 by SegmentedRaftLogCache$LogSegmentList.isEmpty
2022-08-09 05:43:04,070 [s1@group-A8EB2453EBF5->s0-LogAppenderDefault-LogAppenderDaemon] TRACE segmented.SegmentedRaftLogCache (AutoCloseableReadWriteLock.java:logLocking(65)) - s1@group-A8EB2453EBF5: readLock RELEASED 0 by SegmentedRaftLogCache.getStartIndex
2022-08-09 05:43:04,070 [s1@group-A8EB2453EBF5->s0-LogAppenderDefault-LogAppenderDaemon] TRACE segmented.SegmentedRaftLogCache (AutoCloseableReadWriteLock.java:logLocking(65)) - s1@group-A8EB2453EBF5: readLock ACQUIRED 1 by SegmentedRaftLogCache.getLastTermIndex
2022-08-09 05:43:04,070 [s1@group-A8EB2453EBF5->s0-LogAppenderDefault-LogAppenderDaemon] TRACE segmented.SegmentedRaftLogCache (AutoCloseableReadWriteLock.java:logLocking(65)) - s1@group-A8EB2453EBF5: readLock RELEASED 0 by SegmentedRaftLogCache.getLastTermIndex
2022-08-09 05:43:04,070 [Thread-517] TRACE segmented.SegmentedRaftLogCache (AutoCloseableReadWriteLock.java:logLocking(65)) - s0@group-A8EB2453EBF5: readLock ACQUIRED 1 by SegmentedRaftLogCache.computeTruncateIndices
2022-08-09 05:43:04,070 [Thread-517] TRACE segmented.SegmentedRaftLogCache (AutoCloseableReadWriteLock.java:logLocking(65)) -   s0@group-A8EB2453EBF5: readLock ACQUIRED 2 by SegmentedRaftLogCache$LogSegmentList.binarySearch
2022-08-09 05:43:04,070 [Thread-517] TRACE segmented.SegmentedRaftLogCache (AutoCloseableReadWriteLock.java:logLocking(65)) -   s0@group-A8EB2453EBF5: readLock RELEASED 1 by SegmentedRaftLogCache$LogSegmentList.binarySearch
2022-08-09 05:43:04,070 [Thread-517] TRACE segmented.SegmentedRaftLogCache (AutoCloseableReadWriteLock.java:logLocking(65)) -   s0@group-A8EB2453EBF5: readLock ACQUIRED 2 by SegmentedRaftLogCache$LogSegmentList.size
2022-08-09 05:43:04,070 [Thread-517] TRACE segmented.SegmentedRaftLogCache (AutoCloseableReadWriteLock.java:logLocking(65)) -   s0@group-A8EB2453EBF5: readLock RELEASED 1 by SegmentedRaftLogCache$LogSegmentList.size
2022-08-09 05:43:04,070 [Thread-517] TRACE segmented.SegmentedRaftLogCache (AutoCloseableReadWriteLock.java:logLocking(65)) - s0@group-A8EB2453EBF5: readLock RELEASED 0 by SegmentedRaftLogCache.computeTruncateIndices
2022-08-09 05:43:04,070 [Thread-517] DEBUG raftlog.RaftLog (SegmentedRaftLog.java:appendImpl(447)) - truncateIndex=-1, arrayIndex=0
2022-08-09 05:43:04,071 [Thread-517] TRACE segmented.SegmentedRaftLogCache (AutoCloseableReadWriteLock.java:logLocking(65)) - s0@group-A8EB2453EBF5: readLock ACQUIRED 1 by SegmentedRaftLogCache$LogSegmentList.countCached
2022-08-09 05:43:04,071 [Thread-517] TRACE segmented.SegmentedRaftLogCache (AutoCloseableReadWriteLock.java:logLocking(65)) - s0@group-A8EB2453EBF5: readLock RELEASED 0 by SegmentedRaftLogCache$LogSegmentList.countCached
2022-08-09 05:43:04,071 [Thread-517] TRACE segmented.SegmentedRaftLogCache (AutoCloseableReadWriteLock.java:logLocking(65)) - s0@group-A8EB2453EBF5: readLock ACQUIRED 1 by SegmentedRaftLogCache$LogSegmentList.getTotalCacheSize
2022-08-09 05:43:04,071 [Thread-517] TRACE segmented.SegmentedRaftLogCache (AutoCloseableReadWriteLock.java:logLocking(65)) - s0@group-A8EB2453EBF5: readLock RELEASED 0 by SegmentedRaftLogCache$LogSegmentList.getTotalCacheSize
2022-08-09 05:43:04,071 [Thread-517] DEBUG segmented.SegmentedRaftLogWorker (SegmentedRaftLogWorker.java:addIOTask(270)) - s0@group-A8EB2453EBF5-SegmentedRaftLogWorker adds IO task WriteLog:30: (t:1, i:30), METADATAENTRY(c:29)
2022-08-09 05:43:04,071 [Thread-517] TRACE segmented.SegmentedRaftLogCache (AutoCloseableReadWriteLock.java:logLocking(65)) - s0@group-A8EB2453EBF5: readLock ACQUIRED 1 by SegmentedRaftLogCache.getLastTermIndex
2022-08-09 05:43:04,071 [Thread-517] TRACE segmented.SegmentedRaftLogCache (AutoCloseableReadWriteLock.java:logLocking(65)) - s0@group-A8EB2453EBF5: readLock RELEASED 0 by SegmentedRaftLogCache.getLastTermIndex
2022-08-09 05:43:04,071 [s0@group-A8EB2453EBF5-SegmentedRaftLogWorker] DEBUG segmented.SegmentedRaftLogWorker (SegmentedRaftLogWorker.java:flushIfNecessary(365)) - s0@group-A8EB2453EBF5-SegmentedRaftLogWorker: flush SegmentedRaftLogOutputStream(/home/runner/work/ratis/ratis/ratis-test/target/test/data/2baaa1de/MiniRaftClusterWithSimulatedRpc3b4f24d4/s0/bbd46d57-59f4-4845-aaae-a8eb2453ebf5/current/log_inprogress_0)
2022-08-09 05:43:04,071 [Thread-517] TRACE segmented.SegmentedRaftLogCache (AutoCloseableReadWriteLock.java:logLocking(65)) - s0@group-A8EB2453EBF5: readLock ACQUIRED 1 by SegmentedRaftLogCache$LogSegmentList.countCached
2022-08-09 05:43:04,071 [Thread-517] TRACE segmented.SegmentedRaftLogCache (AutoCloseableReadWriteLock.java:logLocking(65)) - s0@group-A8EB2453EBF5: readLock RELEASED 0 by SegmentedRaftLogCache$LogSegmentList.countCached
2022-08-09 05:43:04,071 [s1@group-A8EB2453EBF5->s2-LogAppenderDefault-LogAppenderDaemon] TRACE segmented.SegmentedRaftLogCache (AutoCloseableReadWriteLock.java:logLocking(65)) - s1@group-A8EB2453EBF5: readLock ACQUIRED 1 by SegmentedRaftLogCache.getLastTermIndex
2022-08-09 05:43:04,071 [s1@group-A8EB2453EBF5->s2-LogAppenderDefault-LogAppenderDaemon] TRACE segmented.SegmentedRaftLogCache (AutoCloseableReadWriteLock.java:logLocking(65)) - s1@group-A8EB2453EBF5: readLock RELEASED 0 by SegmentedRaftLogCache.getLastTermIndex
2022-08-09 05:43:04,071 [Thread-517] TRACE segmented.SegmentedRaftLogCache (AutoCloseableReadWriteLock.java:logLocking(65)) - s0@group-A8EB2453EBF5: readLock ACQUIRED 1 by SegmentedRaftLogCache$LogSegmentList.getTotalCacheSize
2022-08-09 05:43:04,071 [Thread-517] TRACE segmented.SegmentedRaftLogCache (AutoCloseableReadWriteLock.java:logLocking(65)) - s0@group-A8EB2453EBF5: readLock RELEASED 0 by SegmentedRaftLogCache$LogSegmentList.getTotalCacheSize
2022-08-09 05:43:04,071 [s1@group-A8EB2453EBF5->s2-LogAppenderDefault-LogAppenderDaemon] TRACE segmented.SegmentedRaftLogCache (AutoCloseableReadWriteLock.java:logLocking(65)) - s1@group-A8EB2453EBF5: readLock ACQUIRED 1 by SegmentedRaftLogCache.getLastTermIndex
2022-08-09 05:43:04,071 [Thread-517] DEBUG segmented.SegmentedRaftLogWorker (SegmentedRaftLogWorker.java:addIOTask(270)) - s0@group-A8EB2453EBF5-SegmentedRaftLogWorker adds IO task WriteLog:31: (t:1, i:31), STATEMACHINELOGENTRY, StateMachineLogEntryProto:205@client-60C5AB4E06F6
2022-08-09 05:43:04,071 [s1@group-A8EB2453EBF5->s2-LogAppenderDefault-LogAppenderDaemon] TRACE segmented.SegmentedRaftLogCache (AutoCloseableReadWriteLock.java:logLocking(65)) - s1@group-A8EB2453EBF5: readLock RELEASED 0 by SegmentedRaftLogCache.getLastTermIndex
2022-08-09 05:43:04,072 [s1@group-A8EB2453EBF5->s2-LogAppenderDefault-LogAppenderDaemon] TRACE segmented.SegmentedRaftLogCache (AutoCloseableReadWriteLock.java:logLocking(65)) - s1@group-A8EB2453EBF5: readLock ACQUIRED 1 by SegmentedRaftLogCache.getStartIndex
2022-08-09 05:43:04,072 [s0@group-A8EB2453EBF5-SegmentedRaftLogWorker] DEBUG segmented.SegmentedRaftLogWorker (SegmentedRaftLogWorker.java:flushIfNecessary(365)) - s0@group-A8EB2453EBF5-SegmentedRaftLogWorker: flush SegmentedRaftLogOutputStream(/home/runner/work/ratis/ratis/ratis-test/target/test/data/2baaa1de/MiniRaftClusterWithSimulatedRpc3b4f24d4/s0/bbd46d57-59f4-4845-aaae-a8eb2453ebf5/current/log_inprogress_0)
2022-08-09 05:43:04,072 [s1@group-A8EB2453EBF5->s2-LogAppenderDefault-LogAppenderDaemon] TRACE segmented.SegmentedRaftLogCache (AutoCloseableReadWriteLock.java:logLocking(65)) -   s1@group-A8EB2453EBF5: readLock ACQUIRED 2 by SegmentedRaftLogCache$LogSegmentList.isEmpty
2022-08-09 05:43:04,072 [s1@group-A8EB2453EBF5->s2-LogAppenderDefault-LogAppenderDaemon] TRACE segmented.SegmentedRaftLogCache (AutoCloseableReadWriteLock.java:logLocking(65)) -   s1@group-A8EB2453EBF5: readLock RELEASED 1 by SegmentedRaftLogCache$LogSegmentList.isEmpty
2022-08-09 05:43:04,072 [s1@group-A8EB2453EBF5->s2-LogAppenderDefault-LogAppenderDaemon] TRACE segmented.SegmentedRaftLogCache (AutoCloseableReadWriteLock.java:logLocking(65)) - s1@group-A8EB2453EBF5: readLock RELEASED 0 by SegmentedRaftLogCache.getStartIndex
2022-08-09 05:43:04,072 [s1@group-A8EB2453EBF5->s2-LogAppenderDefault-LogAppenderDaemon] TRACE segmented.SegmentedRaftLogCache (AutoCloseableReadWriteLock.java:logLocking(65)) - s1@group-A8EB2453EBF5: readLock ACQUIRED 1 by SegmentedRaftLogCache.getLastTermIndex
2022-08-09 05:43:04,072 [s1@group-A8EB2453EBF5->s2-LogAppenderDefault-LogAppenderDaemon] TRACE segmented.SegmentedRaftLogCache (AutoCloseableReadWriteLock.java:logLocking(65)) - s1@group-A8EB2453EBF5: readLock RELEASED 0 by SegmentedRaftLogCache.getLastTermIndex
2022-08-09 05:43:04,072 [Thread-481] TRACE segmented.SegmentedRaftLogCache (AutoCloseableReadWriteLock.java:logLocking(65)) - s2@group-A8EB2453EBF5: readLock ACQUIRED 1 by SegmentedRaftLogCache.computeTruncateIndices
2022-08-09 05:43:04,072 [Thread-481] TRACE segmented.SegmentedRaftLogCache (AutoCloseableReadWriteLock.java:logLocking(65)) -   s2@group-A8EB2453EBF5: readLock ACQUIRED 2 by SegmentedRaftLogCache$LogSegmentList.binarySearch
2022-08-09 05:43:04,072 [Thread-481] TRACE segmented.SegmentedRaftLogCache (AutoCloseableReadWriteLock.java:logLocking(65)) -   s2@group-A8EB2453EBF5: readLock RELEASED 1 by SegmentedRaftLogCache$LogSegmentList.binarySearch
2022-08-09 05:43:04,072 [Thread-481] TRACE segmented.SegmentedRaftLogCache (AutoCloseableReadWriteLock.java:logLocking(65)) -   s2@group-A8EB2453EBF5: readLock ACQUIRED 2 by SegmentedRaftLogCache$LogSegmentList.size
2022-08-09 05:43:04,072 [Thread-481] TRACE segmented.SegmentedRaftLogCache (AutoCloseableReadWriteLock.java:logLocking(65)) -   s2@group-A8EB2453EBF5: readLock RELEASED 1 by SegmentedRaftLogCache$LogSegmentList.size
2022-08-09 05:43:04,072 [Thread-481] TRACE segmented.SegmentedRaftLogCache (AutoCloseableReadWriteLock.java:logLocking(65)) - s2@group-A8EB2453EBF5: readLock RELEASED 0 by SegmentedRaftLogCache.computeTruncateIndices
2022-08-09 05:43:04,072 [Thread-481] DEBUG raftlog.RaftLog (SegmentedRaftLog.java:appendImpl(447)) - truncateIndex=-1, arrayIndex=0
2022-08-09 05:43:04,072 [Thread-481] TRACE segmented.SegmentedRaftLogCache (AutoCloseableReadWriteLock.java:logLocking(65)) - s2@group-A8EB2453EBF5: readLock ACQUIRED 1 by SegmentedRaftLogCache.getLastTermIndex
2022-08-09 05:43:04,072 [Thread-481] TRACE segmented.SegmentedRaftLogCache (AutoCloseableReadWriteLock.java:logLocking(65)) - s2@group-A8EB2453EBF5: readLock RELEASED 0 by SegmentedRaftLogCache.getLastTermIndex
2022-08-09 05:43:04,072 [Thread-481] TRACE segmented.SegmentedRaftLogCache (AutoCloseableReadWriteLock.java:logLocking(65)) - s2@group-A8EB2453EBF5: readLock ACQUIRED 1 by SegmentedRaftLogCache$LogSegmentList.countCached
2022-08-09 05:43:04,072 [Thread-481] TRACE segmented.SegmentedRaftLogCache (AutoCloseableReadWriteLock.java:logLocking(65)) - s2@group-A8EB2453EBF5: readLock RELEASED 0 by SegmentedRaftLogCache$LogSegmentList.countCached
2022-08-09 05:43:04,072 [Thread-481] TRACE segmented.SegmentedRaftLogCache (AutoCloseableReadWriteLock.java:logLocking(65)) - s2@group-A8EB2453EBF5: readLock ACQUIRED 1 by SegmentedRaftLogCache$LogSegmentList.getTotalCacheSize
2022-08-09 05:43:04,072 [Thread-481] TRACE segmented.SegmentedRaftLogCache (AutoCloseableReadWriteLock.java:logLocking(65)) - s2@group-A8EB2453EBF5: readLock RELEASED 0 by SegmentedRaftLogCache$LogSegmentList.getTotalCacheSize
2022-08-09 05:43:04,073 [Thread-481] DEBUG segmented.SegmentedRaftLogWorker (SegmentedRaftLogWorker.java:addIOTask(270)) - s2@group-A8EB2453EBF5-SegmentedRaftLogWorker adds IO task WriteLog:31: (t:1, i:31), STATEMACHINELOGENTRY, StateMachineLogEntryProto:205@client-60C5AB4E06F6
2022-08-09 05:43:04,073 [s2@group-A8EB2453EBF5-SegmentedRaftLogWorker] DEBUG segmented.SegmentedRaftLogWorker (SegmentedRaftLogWorker.java:flushIfNecessary(365)) - s2@group-A8EB2453EBF5-SegmentedRaftLogWorker: flush SegmentedRaftLogOutputStream(/home/runner/work/ratis/ratis/ratis-test/target/test/data/2baaa1de/MiniRaftClusterWithSimulatedRpc3b4f24d4/s2/bbd46d57-59f4-4845-aaae-a8eb2453ebf5/current/log_inprogress_0)
2022-08-09 05:43:04,073 [s0@group-A8EB2453EBF5-StateMachineUpdater] INFO  statemachine.SimpleStateMachine4Testing (SimpleStateMachine4Testing.java:put(204)) - s0: put 29, m14 -> (t:1, i:29), STATEMACHINELOGENTRY, 201@client-60C5AB4E06F6
2022-08-09 05:43:04,073 [s1@group-A8EB2453EBF5->s0-LogAppenderDefault-LogAppenderDaemon] TRACE segmented.SegmentedRaftLogCache (AutoCloseableReadWriteLock.java:logLocking(65)) - s1@group-A8EB2453EBF5: readLock ACQUIRED 1 by SegmentedRaftLogCache.getLastTermIndex
2022-08-09 05:43:04,073 [s1@group-A8EB2453EBF5->s0-LogAppenderDefault-LogAppenderDaemon] TRACE segmented.SegmentedRaftLogCache (AutoCloseableReadWriteLock.java:logLocking(65)) - s1@group-A8EB2453EBF5: readLock RELEASED 0 by SegmentedRaftLogCache.getLastTermIndex
2022-08-09 05:43:04,074 [s1@group-A8EB2453EBF5->s2-LogAppenderDefault-LogAppenderDaemon] TRACE segmented.SegmentedRaftLogCache (AutoCloseableReadWriteLock.java:logLocking(65)) - s1@group-A8EB2453EBF5: readLock ACQUIRED 1 by SegmentedRaftLogCache.getLastTermIndex
2022-08-09 05:43:04,074 [s1@group-A8EB2453EBF5->s2-LogAppenderDefault-LogAppenderDaemon] TRACE segmented.SegmentedRaftLogCache (AutoCloseableReadWriteLock.java:logLocking(65)) - s1@group-A8EB2453EBF5: readLock RELEASED 0 by SegmentedRaftLogCache.getLastTermIndex
2022-08-09 05:43:04,074 [s1@group-A8EB2453EBF5->s0-LogAppenderDefault-LogAppenderDaemon] TRACE segmented.SegmentedRaftLogCache (AutoCloseableReadWriteLock.java:logLocking(65)) - s1@group-A8EB2453EBF5: readLock ACQUIRED 1 by SegmentedRaftLogCache.getLastTermIndex
2022-08-09 05:43:04,074 [s1@group-A8EB2453EBF5->s0-LogAppenderDefault-LogAppenderDaemon] TRACE segmented.SegmentedRaftLogCache (AutoCloseableReadWriteLock.java:logLocking(65)) - s1@group-A8EB2453EBF5: readLock RELEASED 0 by SegmentedRaftLogCache.getLastTermIndex
2022-08-09 05:43:04,074 [s1@group-A8EB2453EBF5->s0-LogAppenderDefault-LogAppenderDaemon] TRACE segmented.SegmentedRaftLogCache (AutoCloseableReadWriteLock.java:logLocking(65)) - s1@group-A8EB2453EBF5: readLock ACQUIRED 1 by SegmentedRaftLogCache.getLastTermIndex
2022-08-09 05:43:04,074 [s1@group-A8EB2453EBF5->s0-LogAppenderDefault-LogAppenderDaemon] TRACE segmented.SegmentedRaftLogCache (AutoCloseableReadWriteLock.java:logLocking(65)) - s1@group-A8EB2453EBF5: readLock RELEASED 0 by SegmentedRaftLogCache.getLastTermIndex
2022-08-09 05:43:04,074 [s1@group-A8EB2453EBF5-LeaderStateImpl] TRACE segmented.SegmentedRaftLogCache (AutoCloseableReadWriteLock.java:logLocking(65)) - s1@group-A8EB2453EBF5: readLock ACQUIRED 1 by SegmentedRaftLogCache.getStartIndex
2022-08-09 05:43:04,074 [s1@group-A8EB2453EBF5-LeaderStateImpl] TRACE segmented.SegmentedRaftLogCache (AutoCloseableReadWriteLock.java:logLocking(65)) -   s1@group-A8EB2453EBF5: readLock ACQUIRED 2 by SegmentedRaftLogCache$LogSegmentList.isEmpty
2022-08-09 05:43:04,074 [s1@group-A8EB2453EBF5-LeaderStateImpl] TRACE segmented.SegmentedRaftLogCache (AutoCloseableReadWriteLock.java:logLocking(65)) -   s1@group-A8EB2453EBF5: readLock RELEASED 1 by SegmentedRaftLogCache$LogSegmentList.isEmpty
2022-08-09 05:43:04,074 [s1@group-A8EB2453EBF5-LeaderStateImpl] TRACE segmented.SegmentedRaftLogCache (AutoCloseableReadWriteLock.java:logLocking(65)) - s1@group-A8EB2453EBF5: readLock RELEASED 0 by SegmentedRaftLogCache.getStartIndex
2022-08-09 05:43:04,074 [s1@group-A8EB2453EBF5-LeaderStateImpl] TRACE segmented.SegmentedRaftLogCache (AutoCloseableReadWriteLock.java:logLocking(65)) - s1@group-A8EB2453EBF5: readLock ACQUIRED 1 by SegmentedRaftLogCache.getEndIndex
2022-08-09 05:43:04,074 [s1@group-A8EB2453EBF5-LeaderStateImpl] TRACE segmented.SegmentedRaftLogCache (AutoCloseableReadWriteLock.java:logLocking(65)) - s1@group-A8EB2453EBF5: readLock RELEASED 0 by SegmentedRaftLogCache.getEndIndex
2022-08-09 05:43:04,074 [s1@group-A8EB2453EBF5-LeaderStateImpl] TRACE segmented.SegmentedRaftLogCache (AutoCloseableReadWriteLock.java:logLocking(65)) - s1@group-A8EB2453EBF5: readLock ACQUIRED 1 by SegmentedRaftLogCache$LogSegmentList.getTermIndex
2022-08-09 05:43:04,074 [s1@group-A8EB2453EBF5-LeaderStateImpl] TRACE segmented.SegmentedRaftLogCache (AutoCloseableReadWriteLock.java:logLocking(65)) - s1@group-A8EB2453EBF5: readLock RELEASED 0 by SegmentedRaftLogCache$LogSegmentList.getTermIndex
2022-08-09 05:43:04,074 [s1@group-A8EB2453EBF5-StateMachineUpdater] INFO  statemachine.SimpleStateMachine4Testing (SimpleStateMachine4Testing.java:put(204)) - s1: put 31, m15 -> (t:1, i:31), STATEMACHINELOGENTRY, 205@client-60C5AB4E06F6
2022-08-09 05:43:04,075 [s1@group-A8EB2453EBF5-LeaderStateImpl] TRACE segmented.SegmentedRaftLogCache (AutoCloseableReadWriteLock.java:logLocking(65)) - s1@group-A8EB2453EBF5: readLock ACQUIRED 1 by SegmentedRaftLogCache.getLastTermIndex
2022-08-09 05:43:04,075 [s1@group-A8EB2453EBF5-LeaderStateImpl] TRACE segmented.SegmentedRaftLogCache (AutoCloseableReadWriteLock.java:logLocking(65)) - s1@group-A8EB2453EBF5: readLock RELEASED 0 by SegmentedRaftLogCache.getLastTermIndex
2022-08-09 05:43:04,075 [s1@group-A8EB2453EBF5-LeaderStateImpl] TRACE segmented.SegmentedRaftLogCache (AutoCloseableReadWriteLock.java:logLocking(65)) - s1@group-A8EB2453EBF5: readLock ACQUIRED 1 by SegmentedRaftLogCache$LogSegmentList.countCached
2022-08-09 05:43:04,075 [s1@group-A8EB2453EBF5-LeaderStateImpl] TRACE segmented.SegmentedRaftLogCache (AutoCloseableReadWriteLock.java:logLocking(65)) - s1@group-A8EB2453EBF5: readLock RELEASED 0 by SegmentedRaftLogCache$LogSegmentList.countCached
2022-08-09 05:43:04,075 [s1@group-A8EB2453EBF5-LeaderStateImpl] TRACE segmented.SegmentedRaftLogCache (AutoCloseableReadWriteLock.java:logLocking(65)) - s1@group-A8EB2453EBF5: readLock ACQUIRED 1 by SegmentedRaftLogCache$LogSegmentList.getTotalCacheSize
2022-08-09 05:43:04,075 [s1@group-A8EB2453EBF5-LeaderStateImpl] TRACE segmented.SegmentedRaftLogCache (AutoCloseableReadWriteLock.java:logLocking(65)) - s1@group-A8EB2453EBF5: readLock RELEASED 0 by SegmentedRaftLogCache$LogSegmentList.getTotalCacheSize
2022-08-09 05:43:04,075 [s1@group-A8EB2453EBF5-LeaderStateImpl] DEBUG segmented.SegmentedRaftLogWorker (SegmentedRaftLogWorker.java:addIOTask(270)) - s1@group-A8EB2453EBF5-SegmentedRaftLogWorker adds IO task WriteLog:32: (t:1, i:32), METADATAENTRY(c:31)
2022-08-09 05:43:04,075 [s1@group-A8EB2453EBF5->s0-LogAppenderDefault-LogAppenderDaemon] TRACE segmented.SegmentedRaftLogCache (AutoCloseableReadWriteLock.java:logLocking(65)) - s1@group-A8EB2453EBF5: readLock ACQUIRED 1 by SegmentedRaftLogCache.getLastTermIndex
2022-08-09 05:43:04,075 [s1@group-A8EB2453EBF5-SegmentedRaftLogWorker] DEBUG segmented.SegmentedRaftLogWorker (SegmentedRaftLogWorker.java:flushIfNecessary(365)) - s1@group-A8EB2453EBF5-SegmentedRaftLogWorker: flush SegmentedRaftLogOutputStream(/home/runner/work/ratis/ratis/ratis-test/target/test/data/2baaa1de/MiniRaftClusterWithSimulatedRpc3b4f24d4/s1/bbd46d57-59f4-4845-aaae-a8eb2453ebf5/current/log_inprogress_0)
2022-08-09 05:43:04,075 [s1@group-A8EB2453EBF5->s0-LogAppenderDefault-LogAppenderDaemon] TRACE segmented.SegmentedRaftLogCache (AutoCloseableReadWriteLock.java:logLocking(65)) - s1@group-A8EB2453EBF5: readLock RELEASED 0 by SegmentedRaftLogCache.getLastTermIndex
2022-08-09 05:43:04,075 [s1@group-A8EB2453EBF5->s0-LogAppenderDefault-LogAppenderDaemon] TRACE segmented.SegmentedRaftLogCache (AutoCloseableReadWriteLock.java:logLocking(65)) - s1@group-A8EB2453EBF5: readLock ACQUIRED 1 by SegmentedRaftLogCache.getLastTermIndex
2022-08-09 05:43:04,075 [s1@group-A8EB2453EBF5->s0-LogAppenderDefault-LogAppenderDaemon] TRACE segmented.SegmentedRaftLogCache (AutoCloseableReadWriteLock.java:logLocking(65)) - s1@group-A8EB2453EBF5: readLock RELEASED 0 by SegmentedRaftLogCache.getLastTermIndex
2022-08-09 05:43:04,075 [s1@group-A8EB2453EBF5->s0-LogAppenderDefault-LogAppenderDaemon] TRACE segmented.SegmentedRaftLogCache (AutoCloseableReadWriteLock.java:logLocking(65)) - s1@group-A8EB2453EBF5: readLock ACQUIRED 1 by SegmentedRaftLogCache.getStartIndex
2022-08-09 05:43:04,075 [s1@group-A8EB2453EBF5->s0-LogAppenderDefault-LogAppenderDaemon] TRACE segmented.SegmentedRaftLogCache (AutoCloseableReadWriteLock.java:logLocking(65)) -   s1@group-A8EB2453EBF5: readLock ACQUIRED 2 by SegmentedRaftLogCache$LogSegmentList.isEmpty
2022-08-09 05:43:04,075 [s1@group-A8EB2453EBF5->s0-LogAppenderDefault-LogAppenderDaemon] TRACE segmented.SegmentedRaftLogCache (AutoCloseableReadWriteLock.java:logLocking(65)) -   s1@group-A8EB2453EBF5: readLock RELEASED 1 by SegmentedRaftLogCache$LogSegmentList.isEmpty
2022-08-09 05:43:04,076 [s1@group-A8EB2453EBF5->s0-LogAppenderDefault-LogAppenderDaemon] TRACE segmented.SegmentedRaftLogCache (AutoCloseableReadWriteLock.java:logLocking(65)) - s1@group-A8EB2453EBF5: readLock RELEASED 0 by SegmentedRaftLogCache.getStartIndex
2022-08-09 05:43:04,076 [s1@group-A8EB2453EBF5->s0-LogAppenderDefault-LogAppenderDaemon] TRACE segmented.SegmentedRaftLogCache (AutoCloseableReadWriteLock.java:logLocking(65)) - s1@group-A8EB2453EBF5: readLock ACQUIRED 1 by SegmentedRaftLogCache.getLastTermIndex
2022-08-09 05:43:04,076 [s1@group-A8EB2453EBF5->s0-LogAppenderDefault-LogAppenderDaemon] TRACE segmented.SegmentedRaftLogCache (AutoCloseableReadWriteLock.java:logLocking(65)) - s1@group-A8EB2453EBF5: readLock RELEASED 0 by SegmentedRaftLogCache.getLastTermIndex
2022-08-09 05:43:04,076 [Thread-518] TRACE segmented.SegmentedRaftLogCache (AutoCloseableReadWriteLock.java:logLocking(65)) - s0@group-A8EB2453EBF5: readLock ACQUIRED 1 by SegmentedRaftLogCache.computeTruncateIndices
2022-08-09 05:43:04,076 [Thread-518] TRACE segmented.SegmentedRaftLogCache (AutoCloseableReadWriteLock.java:logLocking(65)) -   s0@group-A8EB2453EBF5: readLock ACQUIRED 2 by SegmentedRaftLogCache$LogSegmentList.binarySearch
2022-08-09 05:43:04,077 [Thread-518] TRACE segmented.SegmentedRaftLogCache (AutoCloseableReadWriteLock.java:logLocking(65)) -   s0@group-A8EB2453EBF5: readLock RELEASED 1 by SegmentedRaftLogCache$LogSegmentList.binarySearch
2022-08-09 05:43:04,077 [Thread-518] TRACE segmented.SegmentedRaftLogCache (AutoCloseableReadWriteLock.java:logLocking(65)) -   s0@group-A8EB2453EBF5: readLock ACQUIRED 2 by SegmentedRaftLogCache$LogSegmentList.size
2022-08-09 05:43:04,077 [Thread-518] TRACE segmented.SegmentedRaftLogCache (AutoCloseableReadWriteLock.java:logLocking(65)) -   s0@group-A8EB2453EBF5: readLock RELEASED 1 by SegmentedRaftLogCache$LogSegmentList.size
2022-08-09 05:43:04,077 [Thread-518] TRACE segmented.SegmentedRaftLogCache (AutoCloseableReadWriteLock.java:logLocking(65)) - s0@group-A8EB2453EBF5: readLock RELEASED 0 by SegmentedRaftLogCache.computeTruncateIndices
2022-08-09 05:43:04,077 [Thread-518] DEBUG raftlog.RaftLog (SegmentedRaftLog.java:appendImpl(447)) - truncateIndex=-1, arrayIndex=0
2022-08-09 05:43:04,077 [Thread-518] TRACE segmented.SegmentedRaftLogCache (AutoCloseableReadWriteLock.java:logLocking(65)) - s0@group-A8EB2453EBF5: readLock ACQUIRED 1 by SegmentedRaftLogCache$LogSegmentList.countCached
2022-08-09 05:43:04,077 [Thread-518] TRACE segmented.SegmentedRaftLogCache (AutoCloseableReadWriteLock.java:logLocking(65)) - s0@group-A8EB2453EBF5: readLock RELEASED 0 by SegmentedRaftLogCache$LogSegmentList.countCached
2022-08-09 05:43:04,077 [Thread-518] TRACE segmented.SegmentedRaftLogCache (AutoCloseableReadWriteLock.java:logLocking(65)) - s0@group-A8EB2453EBF5: readLock ACQUIRED 1 by SegmentedRaftLogCache$LogSegmentList.getTotalCacheSize
2022-08-09 05:43:04,077 [Thread-518] TRACE segmented.SegmentedRaftLogCache (AutoCloseableReadWriteLock.java:logLocking(65)) - s0@group-A8EB2453EBF5: readLock RELEASED 0 by SegmentedRaftLogCache$LogSegmentList.getTotalCacheSize
2022-08-09 05:43:04,077 [Thread-518] DEBUG segmented.SegmentedRaftLogWorker (SegmentedRaftLogWorker.java:addIOTask(270)) - s0@group-A8EB2453EBF5-SegmentedRaftLogWorker adds IO task WriteLog:32: (t:1, i:32), METADATAENTRY(c:31)
2022-08-09 05:43:04,077 [s0@group-A8EB2453EBF5-SegmentedRaftLogWorker] DEBUG segmented.SegmentedRaftLogWorker (SegmentedRaftLogWorker.java:flushIfNecessary(365)) - s0@group-A8EB2453EBF5-SegmentedRaftLogWorker: flush SegmentedRaftLogOutputStream(/home/runner/work/ratis/ratis/ratis-test/target/test/data/2baaa1de/MiniRaftClusterWithSimulatedRpc3b4f24d4/s0/bbd46d57-59f4-4845-aaae-a8eb2453ebf5/current/log_inprogress_0)
2022-08-09 05:43:04,077 [s1@group-A8EB2453EBF5->s2-LogAppenderDefault-LogAppenderDaemon] TRACE segmented.SegmentedRaftLogCache (AutoCloseableReadWriteLock.java:logLocking(65)) - s1@group-A8EB2453EBF5: readLock ACQUIRED 1 by SegmentedRaftLogCache.getLastTermIndex
2022-08-09 05:43:04,077 [s1@group-A8EB2453EBF5->s2-LogAppenderDefault-LogAppenderDaemon] TRACE segmented.SegmentedRaftLogCache (AutoCloseableReadWriteLock.java:logLocking(65)) - s1@group-A8EB2453EBF5: readLock RELEASED 0 by SegmentedRaftLogCache.getLastTermIndex
2022-08-09 05:43:04,077 [s1@group-A8EB2453EBF5->s2-LogAppenderDefault-LogAppenderDaemon] TRACE segmented.SegmentedRaftLogCache (AutoCloseableReadWriteLock.java:logLocking(65)) - s1@group-A8EB2453EBF5: readLock ACQUIRED 1 by SegmentedRaftLogCache.getLastTermIndex
2022-08-09 05:43:04,077 [s1@group-A8EB2453EBF5->s2-LogAppenderDefault-LogAppenderDaemon] TRACE segmented.SegmentedRaftLogCache (AutoCloseableReadWriteLock.java:logLocking(65)) - s1@group-A8EB2453EBF5: readLock RELEASED 0 by SegmentedRaftLogCache.getLastTermIndex
2022-08-09 05:43:04,077 [s1@group-A8EB2453EBF5->s2-LogAppenderDefault-LogAppenderDaemon] TRACE segmented.SegmentedRaftLogCache (AutoCloseableReadWriteLock.java:logLocking(65)) - s1@group-A8EB2453EBF5: readLock ACQUIRED 1 by SegmentedRaftLogCache.getStartIndex
2022-08-09 05:43:04,077 [s1@group-A8EB2453EBF5->s2-LogAppenderDefault-LogAppenderDaemon] TRACE segmented.SegmentedRaftLogCache (AutoCloseableReadWriteLock.java:logLocking(65)) -   s1@group-A8EB2453EBF5: readLock ACQUIRED 2 by SegmentedRaftLogCache$LogSegmentList.isEmpty
2022-08-09 05:43:04,077 [s1@group-A8EB2453EBF5->s2-LogAppenderDefault-LogAppenderDaemon] TRACE segmented.SegmentedRaftLogCache (AutoCloseableReadWriteLock.java:logLocking(65)) -   s1@group-A8EB2453EBF5: readLock RELEASED 1 by SegmentedRaftLogCache$LogSegmentList.isEmpty
2022-08-09 05:43:04,077 [s1@group-A8EB2453EBF5->s2-LogAppenderDefault-LogAppenderDaemon] TRACE segmented.SegmentedRaftLogCache (AutoCloseableReadWriteLock.java:logLocking(65)) - s1@group-A8EB2453EBF5: readLock RELEASED 0 by SegmentedRaftLogCache.getStartIndex
2022-08-09 05:43:04,077 [s1@group-A8EB2453EBF5->s2-LogAppenderDefault-LogAppenderDaemon] TRACE segmented.SegmentedRaftLogCache (AutoCloseableReadWriteLock.java:logLocking(65)) - s1@group-A8EB2453EBF5: readLock ACQUIRED 1 by SegmentedRaftLogCache.getLastTermIndex
2022-08-09 05:43:04,077 [s1@group-A8EB2453EBF5->s2-LogAppenderDefault-LogAppenderDaemon] TRACE segmented.SegmentedRaftLogCache (AutoCloseableReadWriteLock.java:logLocking(65)) - s1@group-A8EB2453EBF5: readLock RELEASED 0 by SegmentedRaftLogCache.getLastTermIndex
2022-08-09 05:43:04,078 [s0@group-A8EB2453EBF5-StateMachineUpdater] INFO  statemachine.SimpleStateMachine4Testing (SimpleStateMachine4Testing.java:put(204)) - s0: put 31, m15 -> (t:1, i:31), STATEMACHINELOGENTRY, 205@client-60C5AB4E06F6
2022-08-09 05:43:04,078 [s1@group-A8EB2453EBF5->s0-LogAppenderDefault-LogAppenderDaemon] TRACE segmented.SegmentedRaftLogCache (AutoCloseableReadWriteLock.java:logLocking(65)) - s1@group-A8EB2453EBF5: readLock ACQUIRED 1 by SegmentedRaftLogCache.getLastTermIndex
2022-08-09 05:43:04,078 [s1@group-A8EB2453EBF5->s0-LogAppenderDefault-LogAppenderDaemon] TRACE segmented.SegmentedRaftLogCache (AutoCloseableReadWriteLock.java:logLocking(65)) - s1@group-A8EB2453EBF5: readLock RELEASED 0 by SegmentedRaftLogCache.getLastTermIndex
2022-08-09 05:43:04,078 [Thread-479] TRACE segmented.SegmentedRaftLogCache (AutoCloseableReadWriteLock.java:logLocking(65)) - s2@group-A8EB2453EBF5: readLock ACQUIRED 1 by SegmentedRaftLogCache.computeTruncateIndices
2022-08-09 05:43:04,078 [Thread-479] TRACE segmented.SegmentedRaftLogCache (AutoCloseableReadWriteLock.java:logLocking(65)) -   s2@group-A8EB2453EBF5: readLock ACQUIRED 2 by SegmentedRaftLogCache$LogSegmentList.binarySearch
2022-08-09 05:43:04,078 [Thread-479] TRACE segmented.SegmentedRaftLogCache (AutoCloseableReadWriteLock.java:logLocking(65)) -   s2@group-A8EB2453EBF5: readLock RELEASED 1 by SegmentedRaftLogCache$LogSegmentList.binarySearch
2022-08-09 05:43:04,078 [Thread-479] TRACE segmented.SegmentedRaftLogCache (AutoCloseableReadWriteLock.java:logLocking(65)) -   s2@group-A8EB2453EBF5: readLock ACQUIRED 2 by SegmentedRaftLogCache$LogSegmentList.size
2022-08-09 05:43:04,078 [Thread-479] TRACE segmented.SegmentedRaftLogCache (AutoCloseableReadWriteLock.java:logLocking(65)) -   s2@group-A8EB2453EBF5: readLock RELEASED 1 by SegmentedRaftLogCache$LogSegmentList.size
2022-08-09 05:43:04,078 [Thread-479] TRACE segmented.SegmentedRaftLogCache (AutoCloseableReadWriteLock.java:logLocking(65)) - s2@group-A8EB2453EBF5: readLock RELEASED 0 by SegmentedRaftLogCache.computeTruncateIndices
2022-08-09 05:43:04,078 [Thread-479] DEBUG raftlog.RaftLog (SegmentedRaftLog.java:appendImpl(447)) - truncateIndex=-1, arrayIndex=0
2022-08-09 05:43:04,078 [Thread-479] TRACE segmented.SegmentedRaftLogCache (AutoCloseableReadWriteLock.java:logLocking(65)) - s2@group-A8EB2453EBF5: readLock ACQUIRED 1 by SegmentedRaftLogCache$LogSegmentList.countCached
2022-08-09 05:43:04,078 [Thread-479] TRACE segmented.SegmentedRaftLogCache (AutoCloseableReadWriteLock.java:logLocking(65)) - s2@group-A8EB2453EBF5: readLock RELEASED 0 by SegmentedRaftLogCache$LogSegmentList.countCached
2022-08-09 05:43:04,079 [Thread-479] TRACE segmented.SegmentedRaftLogCache (AutoCloseableReadWriteLock.java:logLocking(65)) - s2@group-A8EB2453EBF5: readLock ACQUIRED 1 by SegmentedRaftLogCache$LogSegmentList.getTotalCacheSize
2022-08-09 05:43:04,079 [Thread-479] TRACE segmented.SegmentedRaftLogCache (AutoCloseableReadWriteLock.java:logLocking(65)) - s2@group-A8EB2453EBF5: readLock RELEASED 0 by SegmentedRaftLogCache$LogSegmentList.getTotalCacheSize
2022-08-09 05:43:04,079 [Thread-479] DEBUG segmented.SegmentedRaftLogWorker (SegmentedRaftLogWorker.java:addIOTask(270)) - s2@group-A8EB2453EBF5-SegmentedRaftLogWorker adds IO task WriteLog:32: (t:1, i:32), METADATAENTRY(c:31)
2022-08-09 05:43:04,079 [s2@group-A8EB2453EBF5-SegmentedRaftLogWorker] DEBUG segmented.SegmentedRaftLogWorker (SegmentedRaftLogWorker.java:flushIfNecessary(365)) - s2@group-A8EB2453EBF5-SegmentedRaftLogWorker: flush SegmentedRaftLogOutputStream(/home/runner/work/ratis/ratis/ratis-test/target/test/data/2baaa1de/MiniRaftClusterWithSimulatedRpc3b4f24d4/s2/bbd46d57-59f4-4845-aaae-a8eb2453ebf5/current/log_inprogress_0)
2022-08-09 05:43:04,079 [s1@group-A8EB2453EBF5->s0-LogAppenderDefault-LogAppenderDaemon] TRACE segmented.SegmentedRaftLogCache (AutoCloseableReadWriteLock.java:logLocking(65)) - s1@group-A8EB2453EBF5: readLock ACQUIRED 1 by SegmentedRaftLogCache.getLastTermIndex
2022-08-09 05:43:04,079 [s1@group-A8EB2453EBF5->s0-LogAppenderDefault-LogAppenderDaemon] TRACE segmented.SegmentedRaftLogCache (AutoCloseableReadWriteLock.java:logLocking(65)) - s1@group-A8EB2453EBF5: readLock RELEASED 0 by SegmentedRaftLogCache.getLastTermIndex
2022-08-09 05:43:04,079 [s2@group-A8EB2453EBF5-StateMachineUpdater] INFO  statemachine.SimpleStateMachine4Testing (SimpleStateMachine4Testing.java:put(204)) - s2: put 31, m15 -> (t:1, i:31), STATEMACHINELOGENTRY, 205@client-60C5AB4E06F6
2022-08-09 05:43:04,079 [s1@group-A8EB2453EBF5->s2-LogAppenderDefault-LogAppenderDaemon] TRACE segmented.SegmentedRaftLogCache (AutoCloseableReadWriteLock.java:logLocking(65)) -   s1@group-A8EB2453EBF5: readLock ACQUIRED 2 by SegmentedRaftLogCache.getLastTermIndex
2022-08-09 05:43:04,079 [s1@group-A8EB2453EBF5->s2-LogAppenderDefault-LogAppenderDaemon] TRACE segmented.SegmentedRaftLogCache (AutoCloseableReadWriteLock.java:logLocking(65)) -   s1@group-A8EB2453EBF5: readLock RELEASED 1 by SegmentedRaftLogCache.getLastTermIndex
2022-08-09 05:43:04,079 [s1@group-A8EB2453EBF5->s0-LogAppenderDefault-LogAppenderDaemon] TRACE segmented.SegmentedRaftLogCache (AutoCloseableReadWriteLock.java:logLocking(65)) - s1@group-A8EB2453EBF5: readLock ACQUIRED 1 by SegmentedRaftLogCache.getLastTermIndex
2022-08-09 05:43:04,079 [s1@group-A8EB2453EBF5->s0-LogAppenderDefault-LogAppenderDaemon] TRACE segmented.SegmentedRaftLogCache (AutoCloseableReadWriteLock.java:logLocking(65)) - s1@group-A8EB2453EBF5: readLock RELEASED 0 by SegmentedRaftLogCache.getLastTermIndex
2022-08-09 05:43:04,080 [s1@group-A8EB2453EBF5->s2-LogAppenderDefault-LogAppenderDaemon] TRACE segmented.SegmentedRaftLogCache (AutoCloseableReadWriteLock.java:logLocking(65)) - s1@group-A8EB2453EBF5: readLock ACQUIRED 1 by SegmentedRaftLogCache.getLastTermIndex
2022-08-09 05:43:04,080 [s1@group-A8EB2453EBF5->s2-LogAppenderDefault-LogAppenderDaemon] TRACE segmented.SegmentedRaftLogCache (AutoCloseableReadWriteLock.java:logLocking(65)) - s1@group-A8EB2453EBF5: readLock RELEASED 0 by SegmentedRaftLogCache.getLastTermIndex
2022-08-09 05:43:04,080 [s1-client-thread1] TRACE segmented.SegmentedRaftLogCache (AutoCloseableReadWriteLock.java:logLocking(65)) - s1@group-A8EB2453EBF5: readLock ACQUIRED 1 by SegmentedRaftLogCache.getLastTermIndex
2022-08-09 05:43:04,080 [s1-client-thread1] TRACE segmented.SegmentedRaftLogCache (AutoCloseableReadWriteLock.java:logLocking(65)) - s1@group-A8EB2453EBF5: readLock RELEASED 0 by SegmentedRaftLogCache.getLastTermIndex
2022-08-09 05:43:04,080 [s1-client-thread1] TRACE segmented.SegmentedRaftLogCache (AutoCloseableReadWriteLock.java:logLocking(65)) - s1@group-A8EB2453EBF5: readLock ACQUIRED 1 by SegmentedRaftLogCache.getLastTermIndex
2022-08-09 05:43:04,080 [s1-client-thread1] TRACE segmented.SegmentedRaftLogCache (AutoCloseableReadWriteLock.java:logLocking(65)) - s1@group-A8EB2453EBF5: readLock RELEASED 0 by SegmentedRaftLogCache.getLastTermIndex
2022-08-09 05:43:04,080 [s1-client-thread1] TRACE segmented.SegmentedRaftLogCache (AutoCloseableReadWriteLock.java:logLocking(65)) - s1@group-A8EB2453EBF5: readLock ACQUIRED 1 by SegmentedRaftLogCache$LogSegmentList.countCached
2022-08-09 05:43:04,080 [s1-client-thread1] TRACE segmented.SegmentedRaftLogCache (AutoCloseableReadWriteLock.java:logLocking(65)) - s1@group-A8EB2453EBF5: readLock RELEASED 0 by SegmentedRaftLogCache$LogSegmentList.countCached
2022-08-09 05:43:04,080 [s1-client-thread1] TRACE segmented.SegmentedRaftLogCache (AutoCloseableReadWriteLock.java:logLocking(65)) - s1@group-A8EB2453EBF5: readLock ACQUIRED 1 by SegmentedRaftLogCache$LogSegmentList.getTotalCacheSize
2022-08-09 05:43:04,080 [s1-client-thread1] TRACE segmented.SegmentedRaftLogCache (AutoCloseableReadWriteLock.java:logLocking(65)) - s1@group-A8EB2453EBF5: readLock RELEASED 0 by SegmentedRaftLogCache$LogSegmentList.getTotalCacheSize
2022-08-09 05:43:04,080 [s1-client-thread1] DEBUG segmented.SegmentedRaftLogWorker (SegmentedRaftLogWorker.java:addIOTask(270)) - s1@group-A8EB2453EBF5-SegmentedRaftLogWorker adds IO task WriteLog:33: (t:1, i:33), STATEMACHINELOGENTRY, StateMachineLogEntryProto:208@client-60C5AB4E06F6
2022-08-09 05:43:04,080 [s1@group-A8EB2453EBF5->s2-LogAppenderDefault-LogAppenderDaemon] TRACE segmented.SegmentedRaftLogCache (AutoCloseableReadWriteLock.java:logLocking(65)) - s1@group-A8EB2453EBF5: readLock ACQUIRED 1 by SegmentedRaftLogCache.getLastTermIndex
2022-08-09 05:43:04,080 [s1@group-A8EB2453EBF5->s2-LogAppenderDefault-LogAppenderDaemon] TRACE segmented.SegmentedRaftLogCache (AutoCloseableReadWriteLock.java:logLocking(65)) - s1@group-A8EB2453EBF5: readLock RELEASED 0 by SegmentedRaftLogCache.getLastTermIndex
2022-08-09 05:43:04,080 [s1@group-A8EB2453EBF5->s2-LogAppenderDefault-LogAppenderDaemon] TRACE segmented.SegmentedRaftLogCache (AutoCloseableReadWriteLock.java:logLocking(65)) - s1@group-A8EB2453EBF5: readLock ACQUIRED 1 by SegmentedRaftLogCache.getLastTermIndex
2022-08-09 05:43:04,080 [s1@group-A8EB2453EBF5->s2-LogAppenderDefault-LogAppenderDaemon] TRACE segmented.SegmentedRaftLogCache (AutoCloseableReadWriteLock.java:logLocking(65)) - s1@group-A8EB2453EBF5: readLock RELEASED 0 by SegmentedRaftLogCache.getLastTermIndex
2022-08-09 05:43:04,080 [s1@group-A8EB2453EBF5-SegmentedRaftLogWorker] DEBUG segmented.SegmentedRaftLogWorker (SegmentedRaftLogWorker.java:flushIfNecessary(365)) - s1@group-A8EB2453EBF5-SegmentedRaftLogWorker: flush SegmentedRaftLogOutputStream(/home/runner/work/ratis/ratis/ratis-test/target/test/data/2baaa1de/MiniRaftClusterWithSimulatedRpc3b4f24d4/s1/bbd46d57-59f4-4845-aaae-a8eb2453ebf5/current/log_inprogress_0)
2022-08-09 05:43:04,080 [s1@group-A8EB2453EBF5->s0-LogAppenderDefault-LogAppenderDaemon] TRACE segmented.SegmentedRaftLogCache (AutoCloseableReadWriteLock.java:logLocking(65)) -   s1@group-A8EB2453EBF5: readLock ACQUIRED 2 by SegmentedRaftLogCache.getLastTermIndex
2022-08-09 05:43:04,081 [s1@group-A8EB2453EBF5->s0-LogAppenderDefault-LogAppenderDaemon] TRACE segmented.SegmentedRaftLogCache (AutoCloseableReadWriteLock.java:logLocking(65)) -   s1@group-A8EB2453EBF5: readLock RELEASED 1 by SegmentedRaftLogCache.getLastTermIndex
2022-08-09 05:43:04,081 [s1@group-A8EB2453EBF5->s0-LogAppenderDefault-LogAppenderDaemon] TRACE segmented.SegmentedRaftLogCache (AutoCloseableReadWriteLock.java:logLocking(65)) -   s1@group-A8EB2453EBF5: readLock ACQUIRED 2 by SegmentedRaftLogCache.getLastTermIndex
2022-08-09 05:43:04,081 [s1@group-A8EB2453EBF5->s0-LogAppenderDefault-LogAppenderDaemon] TRACE segmented.SegmentedRaftLogCache (AutoCloseableReadWriteLock.java:logLocking(65)) -   s1@group-A8EB2453EBF5: readLock RELEASED 1 by SegmentedRaftLogCache.getLastTermIndex
2022-08-09 05:43:04,081 [s1@group-A8EB2453EBF5->s0-LogAppenderDefault-LogAppenderDaemon] TRACE segmented.SegmentedRaftLogCache (AutoCloseableReadWriteLock.java:logLocking(65)) -   s1@group-A8EB2453EBF5: readLock ACQUIRED 2 by SegmentedRaftLogCache.getStartIndex
2022-08-09 05:43:04,081 [s1@group-A8EB2453EBF5->s0-LogAppenderDefault-LogAppenderDaemon] TRACE segmented.SegmentedRaftLogCache (AutoCloseableReadWriteLock.java:logLocking(65)) -     s1@group-A8EB2453EBF5: readLock ACQUIRED 3 by SegmentedRaftLogCache$LogSegmentList.isEmpty
2022-08-09 05:43:04,081 [s1@group-A8EB2453EBF5->s0-LogAppenderDefault-LogAppenderDaemon] TRACE segmented.SegmentedRaftLogCache (AutoCloseableReadWriteLock.java:logLocking(65)) -     s1@group-A8EB2453EBF5: readLock RELEASED 2 by SegmentedRaftLogCache$LogSegmentList.isEmpty
2022-08-09 05:43:04,081 [s1@group-A8EB2453EBF5->s0-LogAppenderDefault-LogAppenderDaemon] TRACE segmented.SegmentedRaftLogCache (AutoCloseableReadWriteLock.java:logLocking(65)) -   s1@group-A8EB2453EBF5: readLock RELEASED 1 by SegmentedRaftLogCache.getStartIndex
2022-08-09 05:43:04,081 [s1@group-A8EB2453EBF5->s0-LogAppenderDefault-LogAppenderDaemon] TRACE segmented.SegmentedRaftLogCache (AutoCloseableReadWriteLock.java:logLocking(65)) -   s1@group-A8EB2453EBF5: readLock ACQUIRED 2 by SegmentedRaftLogCache.getLastTermIndex
2022-08-09 05:43:04,081 [s1@group-A8EB2453EBF5->s0-LogAppenderDefault-LogAppenderDaemon] TRACE segmented.SegmentedRaftLogCache (AutoCloseableReadWriteLock.java:logLocking(65)) -   s1@group-A8EB2453EBF5: readLock RELEASED 1 by SegmentedRaftLogCache.getLastTermIndex
2022-08-09 05:43:04,080 [s1@group-A8EB2453EBF5->s2-LogAppenderDefault-LogAppenderDaemon] TRACE segmented.SegmentedRaftLogCache (AutoCloseableReadWriteLock.java:logLocking(65)) - s1@group-A8EB2453EBF5: readLock ACQUIRED 1 by SegmentedRaftLogCache.getLastTermIndex
2022-08-09 05:43:04,081 [s1@group-A8EB2453EBF5->s2-LogAppenderDefault-LogAppenderDaemon] TRACE segmented.SegmentedRaftLogCache (AutoCloseableReadWriteLock.java:logLocking(65)) - s1@group-A8EB2453EBF5: readLock RELEASED 0 by SegmentedRaftLogCache.getLastTermIndex
2022-08-09 05:43:04,081 [Thread-516] TRACE segmented.SegmentedRaftLogCache (AutoCloseableReadWriteLock.java:logLocking(65)) - s0@group-A8EB2453EBF5: readLock ACQUIRED 1 by SegmentedRaftLogCache.computeTruncateIndices
2022-08-09 05:43:04,081 [s1@group-A8EB2453EBF5->s2-LogAppenderDefault-LogAppenderDaemon] TRACE segmented.SegmentedRaftLogCache (AutoCloseableReadWriteLock.java:logLocking(65)) - s1@group-A8EB2453EBF5: readLock ACQUIRED 1 by SegmentedRaftLogCache.getStartIndex
2022-08-09 05:43:04,081 [Thread-516] TRACE segmented.SegmentedRaftLogCache (AutoCloseableReadWriteLock.java:logLocking(65)) -   s0@group-A8EB2453EBF5: readLock ACQUIRED 2 by SegmentedRaftLogCache$LogSegmentList.binarySearch
2022-08-09 05:43:04,081 [Thread-516] TRACE segmented.SegmentedRaftLogCache (AutoCloseableReadWriteLock.java:logLocking(65)) -   s0@group-A8EB2453EBF5: readLock RELEASED 1 by SegmentedRaftLogCache$LogSegmentList.binarySearch
2022-08-09 05:43:04,081 [s1@group-A8EB2453EBF5->s2-LogAppenderDefault-LogAppenderDaemon] TRACE segmented.SegmentedRaftLogCache (AutoCloseableReadWriteLock.java:logLocking(65)) -   s1@group-A8EB2453EBF5: readLock ACQUIRED 2 by SegmentedRaftLogCache$LogSegmentList.isEmpty
2022-08-09 05:43:04,081 [s1@group-A8EB2453EBF5->s2-LogAppenderDefault-LogAppenderDaemon] TRACE segmented.SegmentedRaftLogCache (AutoCloseableReadWriteLock.java:logLocking(65)) -   s1@group-A8EB2453EBF5: readLock RELEASED 1 by SegmentedRaftLogCache$LogSegmentList.isEmpty
2022-08-09 05:43:04,081 [s1@group-A8EB2453EBF5->s2-LogAppenderDefault-LogAppenderDaemon] TRACE segmented.SegmentedRaftLogCache (AutoCloseableReadWriteLock.java:logLocking(65)) - s1@group-A8EB2453EBF5: readLock RELEASED 0 by SegmentedRaftLogCache.getStartIndex
2022-08-09 05:43:04,081 [Thread-516] TRACE segmented.SegmentedRaftLogCache (AutoCloseableReadWriteLock.java:logLocking(65)) -   s0@group-A8EB2453EBF5: readLock ACQUIRED 2 by SegmentedRaftLogCache$LogSegmentList.size
2022-08-09 05:43:04,081 [Thread-516] TRACE segmented.SegmentedRaftLogCache (AutoCloseableReadWriteLock.java:logLocking(65)) -   s0@group-A8EB2453EBF5: readLock RELEASED 1 by SegmentedRaftLogCache$LogSegmentList.size
2022-08-09 05:43:04,081 [Thread-516] TRACE segmented.SegmentedRaftLogCache (AutoCloseableReadWriteLock.java:logLocking(65)) - s0@group-A8EB2453EBF5: readLock RELEASED 0 by SegmentedRaftLogCache.computeTruncateIndices
2022-08-09 05:43:04,081 [Thread-516] DEBUG raftlog.RaftLog (SegmentedRaftLog.java:appendImpl(447)) - truncateIndex=-1, arrayIndex=0
2022-08-09 05:43:04,081 [s1@group-A8EB2453EBF5->s2-LogAppenderDefault-LogAppenderDaemon] TRACE segmented.SegmentedRaftLogCache (AutoCloseableReadWriteLock.java:logLocking(65)) - s1@group-A8EB2453EBF5: readLock ACQUIRED 1 by SegmentedRaftLogCache.getLastTermIndex
2022-08-09 05:43:04,082 [s1@group-A8EB2453EBF5->s2-LogAppenderDefault-LogAppenderDaemon] TRACE segmented.SegmentedRaftLogCache (AutoCloseableReadWriteLock.java:logLocking(65)) -   s1@group-A8EB2453EBF5: readLock RELEASED 1 by SegmentedRaftLogCache.getLastTermIndex
2022-08-09 05:43:04,082 [Thread-516] TRACE segmented.SegmentedRaftLogCache (AutoCloseableReadWriteLock.java:logLocking(65)) - s0@group-A8EB2453EBF5: readLock ACQUIRED 1 by SegmentedRaftLogCache.getLastTermIndex
2022-08-09 05:43:04,082 [Thread-516] TRACE segmented.SegmentedRaftLogCache (AutoCloseableReadWriteLock.java:logLocking(65)) - s0@group-A8EB2453EBF5: readLock RELEASED 0 by SegmentedRaftLogCache.getLastTermIndex
2022-08-09 05:43:04,082 [Thread-516] TRACE segmented.SegmentedRaftLogCache (AutoCloseableReadWriteLock.java:logLocking(65)) - s0@group-A8EB2453EBF5: readLock ACQUIRED 1 by SegmentedRaftLogCache$LogSegmentList.countCached
2022-08-09 05:43:04,082 [Thread-516] TRACE segmented.SegmentedRaftLogCache (AutoCloseableReadWriteLock.java:logLocking(65)) - s0@group-A8EB2453EBF5: readLock RELEASED 0 by SegmentedRaftLogCache$LogSegmentList.countCached
2022-08-09 05:43:04,081 [s1@group-A8EB2453EBF5-LeaderStateImpl] TRACE segmented.SegmentedRaftLogCache (AutoCloseableReadWriteLock.java:logLocking(65)) -   s1@group-A8EB2453EBF5: readLock ACQUIRED 2 by SegmentedRaftLogCache.getStartIndex
2022-08-09 05:43:04,082 [Thread-516] TRACE segmented.SegmentedRaftLogCache (AutoCloseableReadWriteLock.java:logLocking(65)) - s0@group-A8EB2453EBF5: readLock ACQUIRED 1 by SegmentedRaftLogCache$LogSegmentList.getTotalCacheSize
2022-08-09 05:43:04,082 [Thread-516] TRACE segmented.SegmentedRaftLogCache (AutoCloseableReadWriteLock.java:logLocking(65)) - s0@group-A8EB2453EBF5: readLock RELEASED 0 by SegmentedRaftLogCache$LogSegmentList.getTotalCacheSize
2022-08-09 05:43:04,082 [Thread-480] TRACE segmented.SegmentedRaftLogCache (AutoCloseableReadWriteLock.java:logLocking(65)) - s2@group-A8EB2453EBF5: readLock ACQUIRED 1 by SegmentedRaftLogCache.computeTruncateIndices
2022-08-09 05:43:04,082 [Thread-516] DEBUG segmented.SegmentedRaftLogWorker (SegmentedRaftLogWorker.java:addIOTask(270)) - s0@group-A8EB2453EBF5-SegmentedRaftLogWorker adds IO task WriteLog:33: (t:1, i:33), STATEMACHINELOGENTRY, StateMachineLogEntryProto:208@client-60C5AB4E06F6
2022-08-09 05:43:04,082 [s1@group-A8EB2453EBF5-LeaderStateImpl] TRACE segmented.SegmentedRaftLogCache (AutoCloseableReadWriteLock.java:logLocking(65)) -   s1@group-A8EB2453EBF5: readLock ACQUIRED 2 by SegmentedRaftLogCache$LogSegmentList.isEmpty
2022-08-09 05:43:04,082 [Thread-480] TRACE segmented.SegmentedRaftLogCache (AutoCloseableReadWriteLock.java:logLocking(65)) -   s2@group-A8EB2453EBF5: readLock ACQUIRED 2 by SegmentedRaftLogCache$LogSegmentList.binarySearch
2022-08-09 05:43:04,082 [Thread-480] TRACE segmented.SegmentedRaftLogCache (AutoCloseableReadWriteLock.java:logLocking(65)) -   s2@group-A8EB2453EBF5: readLock RELEASED 1 by SegmentedRaftLogCache$LogSegmentList.binarySearch
2022-08-09 05:43:04,082 [s0@group-A8EB2453EBF5-SegmentedRaftLogWorker] DEBUG segmented.SegmentedRaftLogWorker (SegmentedRaftLogWorker.java:flushIfNecessary(365)) - s0@group-A8EB2453EBF5-SegmentedRaftLogWorker: flush SegmentedRaftLogOutputStream(/home/runner/work/ratis/ratis/ratis-test/target/test/data/2baaa1de/MiniRaftClusterWithSimulatedRpc3b4f24d4/s0/bbd46d57-59f4-4845-aaae-a8eb2453ebf5/current/log_inprogress_0)
2022-08-09 05:43:04,082 [Thread-480] TRACE segmented.SegmentedRaftLogCache (AutoCloseableReadWriteLock.java:logLocking(65)) -   s2@group-A8EB2453EBF5: readLock ACQUIRED 2 by SegmentedRaftLogCache$LogSegmentList.size
2022-08-09 05:43:04,082 [Thread-480] TRACE segmented.SegmentedRaftLogCache (AutoCloseableReadWriteLock.java:logLocking(65)) -   s2@group-A8EB2453EBF5: readLock RELEASED 1 by SegmentedRaftLogCache$LogSegmentList.size
2022-08-09 05:43:04,082 [Thread-480] TRACE segmented.SegmentedRaftLogCache (AutoCloseableReadWriteLock.java:logLocking(65)) - s2@group-A8EB2453EBF5: readLock RELEASED 0 by SegmentedRaftLogCache.computeTruncateIndices
2022-08-09 05:43:04,082 [Thread-480] DEBUG raftlog.RaftLog (SegmentedRaftLog.java:appendImpl(447)) - truncateIndex=-1, arrayIndex=0
2022-08-09 05:43:04,082 [Thread-480] TRACE segmented.SegmentedRaftLogCache (AutoCloseableReadWriteLock.java:logLocking(65)) - s2@group-A8EB2453EBF5: readLock ACQUIRED 1 by SegmentedRaftLogCache.getLastTermIndex
2022-08-09 05:43:04,083 [Thread-480] TRACE segmented.SegmentedRaftLogCache (AutoCloseableReadWriteLock.java:logLocking(65)) - s2@group-A8EB2453EBF5: readLock RELEASED 0 by SegmentedRaftLogCache.getLastTermIndex
2022-08-09 05:43:04,083 [Thread-480] TRACE segmented.SegmentedRaftLogCache (AutoCloseableReadWriteLock.java:logLocking(65)) - s2@group-A8EB2453EBF5: readLock ACQUIRED 1 by SegmentedRaftLogCache$LogSegmentList.countCached
2022-08-09 05:43:04,083 [Thread-480] TRACE segmented.SegmentedRaftLogCache (AutoCloseableReadWriteLock.java:logLocking(65)) - s2@group-A8EB2453EBF5: readLock RELEASED 0 by SegmentedRaftLogCache$LogSegmentList.countCached
2022-08-09 05:43:04,083 [Thread-480] TRACE segmented.SegmentedRaftLogCache (AutoCloseableReadWriteLock.java:logLocking(65)) - s2@group-A8EB2453EBF5: readLock ACQUIRED 1 by SegmentedRaftLogCache$LogSegmentList.getTotalCacheSize
2022-08-09 05:43:04,083 [Thread-480] TRACE segmented.SegmentedRaftLogCache (AutoCloseableReadWriteLock.java:logLocking(65)) - s2@group-A8EB2453EBF5: readLock RELEASED 0 by SegmentedRaftLogCache$LogSegmentList.getTotalCacheSize
2022-08-09 05:43:04,083 [Thread-480] DEBUG segmented.SegmentedRaftLogWorker (SegmentedRaftLogWorker.java:addIOTask(270)) - s2@group-A8EB2453EBF5-SegmentedRaftLogWorker adds IO task WriteLog:33: (t:1, i:33), STATEMACHINELOGENTRY, StateMachineLogEntryProto:208@client-60C5AB4E06F6
2022-08-09 05:43:04,083 [s1@group-A8EB2453EBF5->s0-LogAppenderDefault-LogAppenderDaemon] TRACE segmented.SegmentedRaftLogCache (AutoCloseableReadWriteLock.java:logLocking(65)) -     s1@group-A8EB2453EBF5: readLock ACQUIRED 3 by SegmentedRaftLogCache.getLastTermIndex
2022-08-09 05:43:04,083 [s1@group-A8EB2453EBF5->s0-LogAppenderDefault-LogAppenderDaemon] TRACE segmented.SegmentedRaftLogCache (AutoCloseableReadWriteLock.java:logLocking(65)) -     s1@group-A8EB2453EBF5: readLock RELEASED 2 by SegmentedRaftLogCache.getLastTermIndex
2022-08-09 05:43:04,083 [s2@group-A8EB2453EBF5-SegmentedRaftLogWorker] DEBUG segmented.SegmentedRaftLogWorker (SegmentedRaftLogWorker.java:flushIfNecessary(365)) - s2@group-A8EB2453EBF5-SegmentedRaftLogWorker: flush SegmentedRaftLogOutputStream(/home/runner/work/ratis/ratis/ratis-test/target/test/data/2baaa1de/MiniRaftClusterWithSimulatedRpc3b4f24d4/s2/bbd46d57-59f4-4845-aaae-a8eb2453ebf5/current/log_inprogress_0)
2022-08-09 05:43:04,083 [s1@group-A8EB2453EBF5-LeaderStateImpl] TRACE segmented.SegmentedRaftLogCache (AutoCloseableReadWriteLock.java:logLocking(65)) -   s1@group-A8EB2453EBF5: readLock RELEASED 1 by SegmentedRaftLogCache$LogSegmentList.isEmpty
2022-08-09 05:43:04,083 [s1@group-A8EB2453EBF5-LeaderStateImpl] TRACE segmented.SegmentedRaftLogCache (AutoCloseableReadWriteLock.java:logLocking(65)) - s1@group-A8EB2453EBF5: readLock RELEASED 0 by SegmentedRaftLogCache.getStartIndex
2022-08-09 05:43:04,083 [s1@group-A8EB2453EBF5-LeaderStateImpl] TRACE segmented.SegmentedRaftLogCache (AutoCloseableReadWriteLock.java:logLocking(65)) - s1@group-A8EB2453EBF5: readLock ACQUIRED 1 by SegmentedRaftLogCache.getEndIndex
2022-08-09 05:43:04,083 [s1@group-A8EB2453EBF5-LeaderStateImpl] TRACE segmented.SegmentedRaftLogCache (AutoCloseableReadWriteLock.java:logLocking(65)) - s1@group-A8EB2453EBF5: readLock RELEASED 0 by SegmentedRaftLogCache.getEndIndex
2022-08-09 05:43:04,083 [s1@group-A8EB2453EBF5-LeaderStateImpl] TRACE segmented.SegmentedRaftLogCache (AutoCloseableReadWriteLock.java:logLocking(65)) - s1@group-A8EB2453EBF5: readLock ACQUIRED 1 by SegmentedRaftLogCache$LogSegmentList.getTermIndex
2022-08-09 05:43:04,084 [s1@group-A8EB2453EBF5-LeaderStateImpl] TRACE segmented.SegmentedRaftLogCache (AutoCloseableReadWriteLock.java:logLocking(65)) -   s1@group-A8EB2453EBF5: readLock RELEASED 1 by SegmentedRaftLogCache$LogSegmentList.getTermIndex
2022-08-09 05:43:04,084 [s1@group-A8EB2453EBF5->s2-LogAppenderDefault-LogAppenderDaemon] TRACE segmented.SegmentedRaftLogCache (AutoCloseableReadWriteLock.java:logLocking(65)) -   s1@group-A8EB2453EBF5: readLock ACQUIRED 2 by SegmentedRaftLogCache.getLastTermIndex
2022-08-09 05:43:04,084 [s1@group-A8EB2453EBF5->s2-LogAppenderDefault-LogAppenderDaemon] TRACE segmented.SegmentedRaftLogCache (AutoCloseableReadWriteLock.java:logLocking(65)) - s1@group-A8EB2453EBF5: readLock RELEASED 0 by SegmentedRaftLogCache.getLastTermIndex
2022-08-09 05:43:04,084 [s1@group-A8EB2453EBF5->s0-LogAppenderDefault-LogAppenderDaemon] TRACE segmented.SegmentedRaftLogCache (AutoCloseableReadWriteLock.java:logLocking(65)) - s1@group-A8EB2453EBF5: readLock ACQUIRED 1 by SegmentedRaftLogCache.getLastTermIndex
2022-08-09 05:43:04,084 [s1@group-A8EB2453EBF5->s0-LogAppenderDefault-LogAppenderDaemon] TRACE segmented.SegmentedRaftLogCache (AutoCloseableReadWriteLock.java:logLocking(65)) - s1@group-A8EB2453EBF5: readLock RELEASED 0 by SegmentedRaftLogCache.getLastTermIndex
2022-08-09 05:43:04,084 [s1@group-A8EB2453EBF5->s0-LogAppenderDefault-LogAppenderDaemon] TRACE segmented.SegmentedRaftLogCache (AutoCloseableReadWriteLock.java:logLocking(65)) - s1@group-A8EB2453EBF5: readLock ACQUIRED 1 by SegmentedRaftLogCache.getLastTermIndex
2022-08-09 05:43:04,084 [s1@group-A8EB2453EBF5->s0-LogAppenderDefault-LogAppenderDaemon] TRACE segmented.SegmentedRaftLogCache (AutoCloseableReadWriteLock.java:logLocking(65)) - s1@group-A8EB2453EBF5: readLock RELEASED 0 by SegmentedRaftLogCache.getLastTermIndex
2022-08-09 05:43:04,084 [s1@group-A8EB2453EBF5->s2-LogAppenderDefault-LogAppenderDaemon] TRACE segmented.SegmentedRaftLogCache (AutoCloseableReadWriteLock.java:logLocking(65)) - s1@group-A8EB2453EBF5: readLock ACQUIRED 1 by SegmentedRaftLogCache.getLastTermIndex
2022-08-09 05:43:04,084 [s1@group-A8EB2453EBF5->s2-LogAppenderDefault-LogAppenderDaemon] TRACE segmented.SegmentedRaftLogCache (AutoCloseableReadWriteLock.java:logLocking(65)) - s1@group-A8EB2453EBF5: readLock RELEASED 0 by SegmentedRaftLogCache.getLastTermIndex
2022-08-09 05:43:04,084 [s1@group-A8EB2453EBF5->s2-LogAppenderDefault-LogAppenderDaemon] TRACE segmented.SegmentedRaftLogCache (AutoCloseableReadWriteLock.java:logLocking(65)) - s1@group-A8EB2453EBF5: readLock ACQUIRED 1 by SegmentedRaftLogCache.getLastTermIndex
2022-08-09 05:43:04,084 [s1@group-A8EB2453EBF5->s2-LogAppenderDefault-LogAppenderDaemon] TRACE segmented.SegmentedRaftLogCache (AutoCloseableReadWriteLock.java:logLocking(65)) - s1@group-A8EB2453EBF5: readLock RELEASED 0 by SegmentedRaftLogCache.getLastTermIndex
2022-08-09 05:43:04,084 [s1@group-A8EB2453EBF5->s0-LogAppenderDefault-LogAppenderDaemon] TRACE segmented.SegmentedRaftLogCache (AutoCloseableReadWriteLock.java:logLocking(65)) - s1@group-A8EB2453EBF5: readLock ACQUIRED 1 by SegmentedRaftLogCache.getLastTermIndex
2022-08-09 05:43:04,084 [s1@group-A8EB2453EBF5->s0-LogAppenderDefault-LogAppenderDaemon] TRACE segmented.SegmentedRaftLogCache (AutoCloseableReadWriteLock.java:logLocking(65)) - s1@group-A8EB2453EBF5: readLock RELEASED 0 by SegmentedRaftLogCache.getLastTermIndex
2022-08-09 05:43:04,084 [s1@group-A8EB2453EBF5->s0-LogAppenderDefault-LogAppenderDaemon] TRACE segmented.SegmentedRaftLogCache (AutoCloseableReadWriteLock.java:logLocking(65)) - s1@group-A8EB2453EBF5: readLock ACQUIRED 1 by SegmentedRaftLogCache.getLastTermIndex
2022-08-09 05:43:04,084 [s1@group-A8EB2453EBF5->s0-LogAppenderDefault-LogAppenderDaemon] TRACE segmented.SegmentedRaftLogCache (AutoCloseableReadWriteLock.java:logLocking(65)) - s1@group-A8EB2453EBF5: readLock RELEASED 0 by SegmentedRaftLogCache.getLastTermIndex
2022-08-09 05:43:04,084 [s1@group-A8EB2453EBF5-LeaderStateImpl] TRACE segmented.SegmentedRaftLogCache (AutoCloseableReadWriteLock.java:logLocking(65)) - s1@group-A8EB2453EBF5: readLock ACQUIRED 1 by SegmentedRaftLogCache.getStartIndex
2022-08-09 05:43:04,084 [s1@group-A8EB2453EBF5-LeaderStateImpl] TRACE segmented.SegmentedRaftLogCache (AutoCloseableReadWriteLock.java:logLocking(65)) -     s1@group-A8EB2453EBF5: readLock ACQUIRED 3 by SegmentedRaftLogCache$LogSegmentList.isEmpty
2022-08-09 05:43:04,084 [s1@group-A8EB2453EBF5-LeaderStateImpl] TRACE segmented.SegmentedRaftLogCache (AutoCloseableReadWriteLock.java:logLocking(65)) -     s1@group-A8EB2453EBF5: readLock RELEASED 2 by SegmentedRaftLogCache$LogSegmentList.isEmpty
2022-08-09 05:43:04,085 [s1@group-A8EB2453EBF5-LeaderStateImpl] TRACE segmented.SegmentedRaftLogCache (AutoCloseableReadWriteLock.java:logLocking(65)) -   s1@group-A8EB2453EBF5: readLock RELEASED 1 by SegmentedRaftLogCache.getStartIndex
2022-08-09 05:43:04,085 [s1@group-A8EB2453EBF5-LeaderStateImpl] TRACE segmented.SegmentedRaftLogCache (AutoCloseableReadWriteLock.java:logLocking(65)) -   s1@group-A8EB2453EBF5: readLock ACQUIRED 2 by SegmentedRaftLogCache.getEndIndex
2022-08-09 05:43:04,085 [s1@group-A8EB2453EBF5-LeaderStateImpl] TRACE segmented.SegmentedRaftLogCache (AutoCloseableReadWriteLock.java:logLocking(65)) -   s1@group-A8EB2453EBF5: readLock RELEASED 1 by SegmentedRaftLogCache.getEndIndex
2022-08-09 05:43:04,085 [s1@group-A8EB2453EBF5-LeaderStateImpl] TRACE segmented.SegmentedRaftLogCache (AutoCloseableReadWriteLock.java:logLocking(65)) -   s1@group-A8EB2453EBF5: readLock ACQUIRED 2 by SegmentedRaftLogCache$LogSegmentList.getTermIndex
2022-08-09 05:43:04,085 [s1@group-A8EB2453EBF5-LeaderStateImpl] TRACE segmented.SegmentedRaftLogCache (AutoCloseableReadWriteLock.java:logLocking(65)) -   s1@group-A8EB2453EBF5: readLock RELEASED 1 by SegmentedRaftLogCache$LogSegmentList.getTermIndex
2022-08-09 05:43:04,084 [s1@group-A8EB2453EBF5->s2-LogAppenderDefault-LogAppenderDaemon] TRACE segmented.SegmentedRaftLogCache (AutoCloseableReadWriteLock.java:logLocking(65)) -   s1@group-A8EB2453EBF5: readLock ACQUIRED 2 by SegmentedRaftLogCache.getLastTermIndex
2022-08-09 05:43:04,085 [s1@group-A8EB2453EBF5->s2-LogAppenderDefault-LogAppenderDaemon] TRACE segmented.SegmentedRaftLogCache (AutoCloseableReadWriteLock.java:logLocking(65)) - s1@group-A8EB2453EBF5: readLock RELEASED 0 by SegmentedRaftLogCache.getLastTermIndex
2022-08-09 05:43:04,085 [s1@group-A8EB2453EBF5->s2-LogAppenderDefault-LogAppenderDaemon] TRACE segmented.SegmentedRaftLogCache (AutoCloseableReadWriteLock.java:logLocking(65)) - s1@group-A8EB2453EBF5: readLock ACQUIRED 1 by SegmentedRaftLogCache.getLastTermIndex
2022-08-09 05:43:04,085 [s1@group-A8EB2453EBF5->s2-LogAppenderDefault-LogAppenderDaemon] TRACE segmented.SegmentedRaftLogCache (AutoCloseableReadWriteLock.java:logLocking(65)) - s1@group-A8EB2453EBF5: readLock RELEASED 0 by SegmentedRaftLogCache.getLastTermIndex
2022-08-09 05:43:04,085 [s1@group-A8EB2453EBF5-StateMachineUpdater] INFO  statemachine.SimpleStateMachine4Testing (SimpleStateMachine4Testing.java:put(204)) - s1: put 33, m16 -> (t:1, i:33), STATEMACHINELOGENTRY, 208@client-60C5AB4E06F6
2022-08-09 05:43:04,085 [s1@group-A8EB2453EBF5-LeaderStateImpl] TRACE segmented.SegmentedRaftLogCache (AutoCloseableReadWriteLock.java:logLocking(65)) - s1@group-A8EB2453EBF5: readLock ACQUIRED 1 by SegmentedRaftLogCache.getLastTermIndex
2022-08-09 05:43:04,085 [s1@group-A8EB2453EBF5-LeaderStateImpl] TRACE segmented.SegmentedRaftLogCache (AutoCloseableReadWriteLock.java:logLocking(65)) - s1@group-A8EB2453EBF5: readLock RELEASED 0 by SegmentedRaftLogCache.getLastTermIndex
2022-08-09 05:43:04,086 [s1@group-A8EB2453EBF5-LeaderStateImpl] TRACE segmented.SegmentedRaftLogCache (AutoCloseableReadWriteLock.java:logLocking(65)) - s1@group-A8EB2453EBF5: readLock ACQUIRED 1 by SegmentedRaftLogCache$LogSegmentList.countCached
2022-08-09 05:43:04,086 [s1@group-A8EB2453EBF5-LeaderStateImpl] TRACE segmented.SegmentedRaftLogCache (AutoCloseableReadWriteLock.java:logLocking(65)) - s1@group-A8EB2453EBF5: readLock RELEASED 0 by SegmentedRaftLogCache$LogSegmentList.countCached
2022-08-09 05:43:04,086 [s1@group-A8EB2453EBF5-LeaderStateImpl] TRACE segmented.SegmentedRaftLogCache (AutoCloseableReadWriteLock.java:logLocking(65)) - s1@group-A8EB2453EBF5: readLock ACQUIRED 1 by SegmentedRaftLogCache$LogSegmentList.getTotalCacheSize
2022-08-09 05:43:04,086 [s1@group-A8EB2453EBF5-LeaderStateImpl] TRACE segmented.SegmentedRaftLogCache (AutoCloseableReadWriteLock.java:logLocking(65)) - s1@group-A8EB2453EBF5: readLock RELEASED 0 by SegmentedRaftLogCache$LogSegmentList.getTotalCacheSize
2022-08-09 05:43:04,086 [s1@group-A8EB2453EBF5-LeaderStateImpl] DEBUG segmented.SegmentedRaftLogWorker (SegmentedRaftLogWorker.java:addIOTask(270)) - s1@group-A8EB2453EBF5-SegmentedRaftLogWorker adds IO task WriteLog:34: (t:1, i:34), METADATAENTRY(c:33)
2022-08-09 05:43:04,086 [s1@group-A8EB2453EBF5->s0-LogAppenderDefault-LogAppenderDaemon] TRACE segmented.SegmentedRaftLogCache (AutoCloseableReadWriteLock.java:logLocking(65)) - s1@group-A8EB2453EBF5: readLock ACQUIRED 1 by SegmentedRaftLogCache.getLastTermIndex
2022-08-09 05:43:04,086 [s1@group-A8EB2453EBF5->s0-LogAppenderDefault-LogAppenderDaemon] TRACE segmented.SegmentedRaftLogCache (AutoCloseableReadWriteLock.java:logLocking(65)) - s1@group-A8EB2453EBF5: readLock RELEASED 0 by SegmentedRaftLogCache.getLastTermIndex
2022-08-09 05:43:04,086 [s1@group-A8EB2453EBF5-SegmentedRaftLogWorker] DEBUG segmented.SegmentedRaftLogWorker (SegmentedRaftLogWorker.java:flushIfNecessary(365)) - s1@group-A8EB2453EBF5-SegmentedRaftLogWorker: flush SegmentedRaftLogOutputStream(/home/runner/work/ratis/ratis/ratis-test/target/test/data/2baaa1de/MiniRaftClusterWithSimulatedRpc3b4f24d4/s1/bbd46d57-59f4-4845-aaae-a8eb2453ebf5/current/log_inprogress_0)
2022-08-09 05:43:04,086 [s1@group-A8EB2453EBF5->s0-LogAppenderDefault-LogAppenderDaemon] TRACE segmented.SegmentedRaftLogCache (AutoCloseableReadWriteLock.java:logLocking(65)) - s1@group-A8EB2453EBF5: readLock ACQUIRED 1 by SegmentedRaftLogCache.getLastTermIndex
2022-08-09 05:43:04,086 [s1@group-A8EB2453EBF5->s0-LogAppenderDefault-LogAppenderDaemon] TRACE segmented.SegmentedRaftLogCache (AutoCloseableReadWriteLock.java:logLocking(65)) - s1@group-A8EB2453EBF5: readLock RELEASED 0 by SegmentedRaftLogCache.getLastTermIndex
2022-08-09 05:43:04,086 [s1@group-A8EB2453EBF5->s0-LogAppenderDefault-LogAppenderDaemon] TRACE segmented.SegmentedRaftLogCache (AutoCloseableReadWriteLock.java:logLocking(65)) - s1@group-A8EB2453EBF5: readLock ACQUIRED 1 by SegmentedRaftLogCache.getStartIndex
2022-08-09 05:43:04,086 [s1@group-A8EB2453EBF5->s0-LogAppenderDefault-LogAppenderDaemon] TRACE segmented.SegmentedRaftLogCache (AutoCloseableReadWriteLock.java:logLocking(65)) -   s1@group-A8EB2453EBF5: readLock ACQUIRED 2 by SegmentedRaftLogCache$LogSegmentList.isEmpty
2022-08-09 05:43:04,086 [s1@group-A8EB2453EBF5->s0-LogAppenderDefault-LogAppenderDaemon] TRACE segmented.SegmentedRaftLogCache (AutoCloseableReadWriteLock.java:logLocking(65)) -   s1@group-A8EB2453EBF5: readLock RELEASED 1 by SegmentedRaftLogCache$LogSegmentList.isEmpty
2022-08-09 05:43:04,086 [s1@group-A8EB2453EBF5->s0-LogAppenderDefault-LogAppenderDaemon] TRACE segmented.SegmentedRaftLogCache (AutoCloseableReadWriteLock.java:logLocking(65)) - s1@group-A8EB2453EBF5: readLock RELEASED 0 by SegmentedRaftLogCache.getStartIndex
2022-08-09 05:43:04,086 [s1@group-A8EB2453EBF5->s0-LogAppenderDefault-LogAppenderDaemon] TRACE segmented.SegmentedRaftLogCache (AutoCloseableReadWriteLock.java:logLocking(65)) - s1@group-A8EB2453EBF5: readLock ACQUIRED 1 by SegmentedRaftLogCache.getLastTermIndex
2022-08-09 05:43:04,086 [s1@group-A8EB2453EBF5->s0-LogAppenderDefault-LogAppenderDaemon] TRACE segmented.SegmentedRaftLogCache (AutoCloseableReadWriteLock.java:logLocking(65)) - s1@group-A8EB2453EBF5: readLock RELEASED 0 by SegmentedRaftLogCache.getLastTermIndex
2022-08-09 05:43:04,087 [s1@group-A8EB2453EBF5->s2-LogAppenderDefault-LogAppenderDaemon] TRACE segmented.SegmentedRaftLogCache (AutoCloseableReadWriteLock.java:logLocking(65)) - s1@group-A8EB2453EBF5: readLock ACQUIRED 1 by SegmentedRaftLogCache.getLastTermIndex
2022-08-09 05:43:04,087 [s1@group-A8EB2453EBF5->s2-LogAppenderDefault-LogAppenderDaemon] TRACE segmented.SegmentedRaftLogCache (AutoCloseableReadWriteLock.java:logLocking(65)) - s1@group-A8EB2453EBF5: readLock RELEASED 0 by SegmentedRaftLogCache.getLastTermIndex
2022-08-09 05:43:04,087 [Thread-517] TRACE segmented.SegmentedRaftLogCache (AutoCloseableReadWriteLock.java:logLocking(65)) - s0@group-A8EB2453EBF5: readLock ACQUIRED 1 by SegmentedRaftLogCache.computeTruncateIndices
2022-08-09 05:43:04,087 [s1@group-A8EB2453EBF5->s2-LogAppenderDefault-LogAppenderDaemon] TRACE segmented.SegmentedRaftLogCache (AutoCloseableReadWriteLock.java:logLocking(65)) - s1@group-A8EB2453EBF5: readLock ACQUIRED 1 by SegmentedRaftLogCache.getLastTermIndex
2022-08-09 05:43:04,087 [s1@group-A8EB2453EBF5->s2-LogAppenderDefault-LogAppenderDaemon] TRACE segmented.SegmentedRaftLogCache (AutoCloseableReadWriteLock.java:logLocking(65)) - s1@group-A8EB2453EBF5: readLock RELEASED 0 by SegmentedRaftLogCache.getLastTermIndex
2022-08-09 05:43:04,087 [Thread-517] TRACE segmented.SegmentedRaftLogCache (AutoCloseableReadWriteLock.java:logLocking(65)) -   s0@group-A8EB2453EBF5: readLock ACQUIRED 2 by SegmentedRaftLogCache$LogSegmentList.binarySearch
2022-08-09 05:43:04,087 [Thread-517] TRACE segmented.SegmentedRaftLogCache (AutoCloseableReadWriteLock.java:logLocking(65)) -   s0@group-A8EB2453EBF5: readLock RELEASED 1 by SegmentedRaftLogCache$LogSegmentList.binarySearch
2022-08-09 05:43:04,087 [Thread-517] TRACE segmented.SegmentedRaftLogCache (AutoCloseableReadWriteLock.java:logLocking(65)) -   s0@group-A8EB2453EBF5: readLock ACQUIRED 2 by SegmentedRaftLogCache$LogSegmentList.size
2022-08-09 05:43:04,087 [Thread-517] TRACE segmented.SegmentedRaftLogCache (AutoCloseableReadWriteLock.java:logLocking(65)) -   s0@group-A8EB2453EBF5: readLock RELEASED 1 by SegmentedRaftLogCache$LogSegmentList.size
2022-08-09 05:43:04,087 [Thread-517] TRACE segmented.SegmentedRaftLogCache (AutoCloseableReadWriteLock.java:logLocking(65)) - s0@group-A8EB2453EBF5: readLock RELEASED 0 by SegmentedRaftLogCache.computeTruncateIndices
2022-08-09 05:43:04,087 [Thread-517] DEBUG raftlog.RaftLog (SegmentedRaftLog.java:appendImpl(447)) - truncateIndex=-1, arrayIndex=0
2022-08-09 05:43:04,087 [s1@group-A8EB2453EBF5->s2-LogAppenderDefault-LogAppenderDaemon] TRACE segmented.SegmentedRaftLogCache (AutoCloseableReadWriteLock.java:logLocking(65)) - s1@group-A8EB2453EBF5: readLock ACQUIRED 1 by SegmentedRaftLogCache.getStartIndex
2022-08-09 05:43:04,087 [s1@group-A8EB2453EBF5->s2-LogAppenderDefault-LogAppenderDaemon] TRACE segmented.SegmentedRaftLogCache (AutoCloseableReadWriteLock.java:logLocking(65)) -   s1@group-A8EB2453EBF5: readLock ACQUIRED 2 by SegmentedRaftLogCache$LogSegmentList.isEmpty
2022-08-09 05:43:04,087 [s1@group-A8EB2453EBF5->s2-LogAppenderDefault-LogAppenderDaemon] TRACE segmented.SegmentedRaftLogCache (AutoCloseableReadWriteLock.java:logLocking(65)) -   s1@group-A8EB2453EBF5: readLock RELEASED 1 by SegmentedRaftLogCache$LogSegmentList.isEmpty
2022-08-09 05:43:04,087 [s1@group-A8EB2453EBF5->s2-LogAppenderDefault-LogAppenderDaemon] TRACE segmented.SegmentedRaftLogCache (AutoCloseableReadWriteLock.java:logLocking(65)) - s1@group-A8EB2453EBF5: readLock RELEASED 0 by SegmentedRaftLogCache.getStartIndex
2022-08-09 05:43:04,087 [Thread-517] TRACE segmented.SegmentedRaftLogCache (AutoCloseableReadWriteLock.java:logLocking(65)) - s0@group-A8EB2453EBF5: readLock ACQUIRED 1 by SegmentedRaftLogCache$LogSegmentList.countCached
2022-08-09 05:43:04,087 [Thread-517] TRACE segmented.SegmentedRaftLogCache (AutoCloseableReadWriteLock.java:logLocking(65)) - s0@group-A8EB2453EBF5: readLock RELEASED 0 by SegmentedRaftLogCache$LogSegmentList.countCached
2022-08-09 05:43:04,087 [Thread-517] TRACE segmented.SegmentedRaftLogCache (AutoCloseableReadWriteLock.java:logLocking(65)) - s0@group-A8EB2453EBF5: readLock ACQUIRED 1 by SegmentedRaftLogCache$LogSegmentList.getTotalCacheSize
2022-08-09 05:43:04,087 [Thread-517] TRACE segmented.SegmentedRaftLogCache (AutoCloseableReadWriteLock.java:logLocking(65)) - s0@group-A8EB2453EBF5: readLock RELEASED 0 by SegmentedRaftLogCache$LogSegmentList.getTotalCacheSize
2022-08-09 05:43:04,087 [Thread-517] DEBUG segmented.SegmentedRaftLogWorker (SegmentedRaftLogWorker.java:addIOTask(270)) - s0@group-A8EB2453EBF5-SegmentedRaftLogWorker adds IO task WriteLog:34: (t:1, i:34), METADATAENTRY(c:33)
2022-08-09 05:43:04,088 [s0@group-A8EB2453EBF5-SegmentedRaftLogWorker] DEBUG segmented.SegmentedRaftLogWorker (SegmentedRaftLogWorker.java:flushIfNecessary(365)) - s0@group-A8EB2453EBF5-SegmentedRaftLogWorker: flush SegmentedRaftLogOutputStream(/home/runner/work/ratis/ratis/ratis-test/target/test/data/2baaa1de/MiniRaftClusterWithSimulatedRpc3b4f24d4/s0/bbd46d57-59f4-4845-aaae-a8eb2453ebf5/current/log_inprogress_0)
2022-08-09 05:43:04,087 [s1-client-thread1] TRACE segmented.SegmentedRaftLogCache (AutoCloseableReadWriteLock.java:logLocking(65)) - s1@group-A8EB2453EBF5: readLock ACQUIRED 1 by SegmentedRaftLogCache.getLastTermIndex
2022-08-09 05:43:04,088 [s1-client-thread1] TRACE segmented.SegmentedRaftLogCache (AutoCloseableReadWriteLock.java:logLocking(65)) - s1@group-A8EB2453EBF5: readLock RELEASED 0 by SegmentedRaftLogCache.getLastTermIndex
2022-08-09 05:43:04,088 [s1-client-thread1] TRACE segmented.SegmentedRaftLogCache (AutoCloseableReadWriteLock.java:logLocking(65)) - s1@group-A8EB2453EBF5: readLock ACQUIRED 1 by SegmentedRaftLogCache.getLastTermIndex
2022-08-09 05:43:04,088 [s1-client-thread1] TRACE segmented.SegmentedRaftLogCache (AutoCloseableReadWriteLock.java:logLocking(65)) - s1@group-A8EB2453EBF5: readLock RELEASED 0 by SegmentedRaftLogCache.getLastTermIndex
2022-08-09 05:43:04,088 [s1-client-thread1] TRACE segmented.SegmentedRaftLogCache (AutoCloseableReadWriteLock.java:logLocking(65)) - s1@group-A8EB2453EBF5: readLock ACQUIRED 1 by SegmentedRaftLogCache$LogSegmentList.countCached
2022-08-09 05:43:04,088 [s1-client-thread1] TRACE segmented.SegmentedRaftLogCache (AutoCloseableReadWriteLock.java:logLocking(65)) - s1@group-A8EB2453EBF5: readLock RELEASED 0 by SegmentedRaftLogCache$LogSegmentList.countCached
2022-08-09 05:43:04,088 [s1-client-thread1] TRACE segmented.SegmentedRaftLogCache (AutoCloseableReadWriteLock.java:logLocking(65)) - s1@group-A8EB2453EBF5: readLock ACQUIRED 1 by SegmentedRaftLogCache$LogSegmentList.getTotalCacheSize
2022-08-09 05:43:04,088 [s1-client-thread1] TRACE segmented.SegmentedRaftLogCache (AutoCloseableReadWriteLock.java:logLocking(65)) - s1@group-A8EB2453EBF5: readLock RELEASED 0 by SegmentedRaftLogCache$LogSegmentList.getTotalCacheSize
2022-08-09 05:43:04,088 [s1-client-thread1] DEBUG segmented.SegmentedRaftLogWorker (SegmentedRaftLogWorker.java:addIOTask(270)) - s1@group-A8EB2453EBF5-SegmentedRaftLogWorker adds IO task WriteLog:35: (t:1, i:35), STATEMACHINELOGENTRY, StateMachineLogEntryProto:213@client-60C5AB4E06F6
2022-08-09 05:43:04,088 [s1@group-A8EB2453EBF5->s2-LogAppenderDefault-LogAppenderDaemon] TRACE segmented.SegmentedRaftLogCache (AutoCloseableReadWriteLock.java:logLocking(65)) - s1@group-A8EB2453EBF5: readLock ACQUIRED 1 by SegmentedRaftLogCache.getLastTermIndex
2022-08-09 05:43:04,088 [s1@group-A8EB2453EBF5->s2-LogAppenderDefault-LogAppenderDaemon] TRACE segmented.SegmentedRaftLogCache (AutoCloseableReadWriteLock.java:logLocking(65)) - s1@group-A8EB2453EBF5: readLock RELEASED 0 by SegmentedRaftLogCache.getLastTermIndex
2022-08-09 05:43:04,088 [s1@group-A8EB2453EBF5-SegmentedRaftLogWorker] DEBUG segmented.SegmentedRaftLogWorker (SegmentedRaftLogWorker.java:flushIfNecessary(365)) - s1@group-A8EB2453EBF5-SegmentedRaftLogWorker: flush SegmentedRaftLogOutputStream(/home/runner/work/ratis/ratis/ratis-test/target/test/data/2baaa1de/MiniRaftClusterWithSimulatedRpc3b4f24d4/s1/bbd46d57-59f4-4845-aaae-a8eb2453ebf5/current/log_inprogress_0)
2022-08-09 05:43:04,089 [s0@group-A8EB2453EBF5-StateMachineUpdater] INFO  statemachine.SimpleStateMachine4Testing (SimpleStateMachine4Testing.java:put(204)) - s0: put 33, m16 -> (t:1, i:33), STATEMACHINELOGENTRY, 208@client-60C5AB4E06F6
2022-08-09 05:43:04,089 [Thread-481] TRACE segmented.SegmentedRaftLogCache (AutoCloseableReadWriteLock.java:logLocking(65)) - s2@group-A8EB2453EBF5: readLock ACQUIRED 1 by SegmentedRaftLogCache.computeTruncateIndices
2022-08-09 05:43:04,089 [Thread-481] TRACE segmented.SegmentedRaftLogCache (AutoCloseableReadWriteLock.java:logLocking(65)) -   s2@group-A8EB2453EBF5: readLock ACQUIRED 2 by SegmentedRaftLogCache$LogSegmentList.binarySearch
2022-08-09 05:43:04,089 [Thread-481] TRACE segmented.SegmentedRaftLogCache (AutoCloseableReadWriteLock.java:logLocking(65)) -   s2@group-A8EB2453EBF5: readLock RELEASED 1 by SegmentedRaftLogCache$LogSegmentList.binarySearch
2022-08-09 05:43:04,089 [Thread-481] TRACE segmented.SegmentedRaftLogCache (AutoCloseableReadWriteLock.java:logLocking(65)) -   s2@group-A8EB2453EBF5: readLock ACQUIRED 2 by SegmentedRaftLogCache$LogSegmentList.size
2022-08-09 05:43:04,089 [Thread-481] TRACE segmented.SegmentedRaftLogCache (AutoCloseableReadWriteLock.java:logLocking(65)) -   s2@group-A8EB2453EBF5: readLock RELEASED 1 by SegmentedRaftLogCache$LogSegmentList.size
2022-08-09 05:43:04,089 [Thread-481] TRACE segmented.SegmentedRaftLogCache (AutoCloseableReadWriteLock.java:logLocking(65)) - s2@group-A8EB2453EBF5: readLock RELEASED 0 by SegmentedRaftLogCache.computeTruncateIndices
2022-08-09 05:43:04,089 [s1@group-A8EB2453EBF5->s0-LogAppenderDefault-LogAppenderDaemon] TRACE segmented.SegmentedRaftLogCache (AutoCloseableReadWriteLock.java:logLocking(65)) - s1@group-A8EB2453EBF5: readLock ACQUIRED 1 by SegmentedRaftLogCache.getLastTermIndex
2022-08-09 05:43:04,089 [s1@group-A8EB2453EBF5->s0-LogAppenderDefault-LogAppenderDaemon] TRACE segmented.SegmentedRaftLogCache (AutoCloseableReadWriteLock.java:logLocking(65)) - s1@group-A8EB2453EBF5: readLock RELEASED 0 by SegmentedRaftLogCache.getLastTermIndex
2022-08-09 05:43:04,089 [Thread-481] DEBUG raftlog.RaftLog (SegmentedRaftLog.java:appendImpl(447)) - truncateIndex=-1, arrayIndex=0
2022-08-09 05:43:04,089 [s1@group-A8EB2453EBF5->s0-LogAppenderDefault-LogAppenderDaemon] TRACE segmented.SegmentedRaftLogCache (AutoCloseableReadWriteLock.java:logLocking(65)) - s1@group-A8EB2453EBF5: readLock ACQUIRED 1 by SegmentedRaftLogCache.getLastTermIndex
2022-08-09 05:43:04,089 [s1@group-A8EB2453EBF5->s0-LogAppenderDefault-LogAppenderDaemon] TRACE segmented.SegmentedRaftLogCache (AutoCloseableReadWriteLock.java:logLocking(65)) - s1@group-A8EB2453EBF5: readLock RELEASED 0 by SegmentedRaftLogCache.getLastTermIndex
2022-08-09 05:43:04,089 [s1@group-A8EB2453EBF5->s0-LogAppenderDefault-LogAppenderDaemon] TRACE segmented.SegmentedRaftLogCache (AutoCloseableReadWriteLock.java:logLocking(65)) - s1@group-A8EB2453EBF5: readLock ACQUIRED 1 by SegmentedRaftLogCache.getLastTermIndex
2022-08-09 05:43:04,089 [s1@group-A8EB2453EBF5->s0-LogAppenderDefault-LogAppenderDaemon] TRACE segmented.SegmentedRaftLogCache (AutoCloseableReadWriteLock.java:logLocking(65)) - s1@group-A8EB2453EBF5: readLock RELEASED 0 by SegmentedRaftLogCache.getLastTermIndex
2022-08-09 05:43:04,089 [s1@group-A8EB2453EBF5->s0-LogAppenderDefault-LogAppenderDaemon] TRACE segmented.SegmentedRaftLogCache (AutoCloseableReadWriteLock.java:logLocking(65)) - s1@group-A8EB2453EBF5: readLock ACQUIRED 1 by SegmentedRaftLogCache.getStartIndex
2022-08-09 05:43:04,089 [s1@group-A8EB2453EBF5->s0-LogAppenderDefault-LogAppenderDaemon] TRACE segmented.SegmentedRaftLogCache (AutoCloseableReadWriteLock.java:logLocking(65)) -     s1@group-A8EB2453EBF5: readLock ACQUIRED 3 by SegmentedRaftLogCache$LogSegmentList.isEmpty
2022-08-09 05:43:04,089 [s1@group-A8EB2453EBF5->s0-LogAppenderDefault-LogAppenderDaemon] TRACE segmented.SegmentedRaftLogCache (AutoCloseableReadWriteLock.java:logLocking(65)) -     s1@group-A8EB2453EBF5: readLock RELEASED 2 by SegmentedRaftLogCache$LogSegmentList.isEmpty
2022-08-09 05:43:04,089 [s1@group-A8EB2453EBF5->s0-LogAppenderDefault-LogAppenderDaemon] TRACE segmented.SegmentedRaftLogCache (AutoCloseableReadWriteLock.java:logLocking(65)) -   s1@group-A8EB2453EBF5: readLock RELEASED 1 by SegmentedRaftLogCache.getStartIndex
2022-08-09 05:43:04,089 [Thread-481] TRACE segmented.SegmentedRaftLogCache (AutoCloseableReadWriteLock.java:logLocking(65)) - s2@group-A8EB2453EBF5: readLock ACQUIRED 1 by SegmentedRaftLogCache$LogSegmentList.countCached
2022-08-09 05:43:04,089 [s1@group-A8EB2453EBF5->s0-LogAppenderDefault-LogAppenderDaemon] TRACE segmented.SegmentedRaftLogCache (AutoCloseableReadWriteLock.java:logLocking(65)) -   s1@group-A8EB2453EBF5: readLock ACQUIRED 2 by SegmentedRaftLogCache.getLastTermIndex
2022-08-09 05:43:04,089 [s1@group-A8EB2453EBF5->s0-LogAppenderDefault-LogAppenderDaemon] TRACE segmented.SegmentedRaftLogCache (AutoCloseableReadWriteLock.java:logLocking(65)) -   s1@group-A8EB2453EBF5: readLock RELEASED 1 by SegmentedRaftLogCache.getLastTermIndex
2022-08-09 05:43:04,089 [s1@group-A8EB2453EBF5-LeaderStateImpl] TRACE segmented.SegmentedRaftLogCache (AutoCloseableReadWriteLock.java:logLocking(65)) -   s1@group-A8EB2453EBF5: readLock ACQUIRED 2 by SegmentedRaftLogCache.getStartIndex
2022-08-09 05:43:04,090 [s1@group-A8EB2453EBF5-LeaderStateImpl] TRACE segmented.SegmentedRaftLogCache (AutoCloseableReadWriteLock.java:logLocking(65)) -   s1@group-A8EB2453EBF5: readLock ACQUIRED 2 by SegmentedRaftLogCache$LogSegmentList.isEmpty
2022-08-09 05:43:04,090 [s1@group-A8EB2453EBF5-LeaderStateImpl] TRACE segmented.SegmentedRaftLogCache (AutoCloseableReadWriteLock.java:logLocking(65)) -   s1@group-A8EB2453EBF5: readLock RELEASED 1 by SegmentedRaftLogCache$LogSegmentList.isEmpty
2022-08-09 05:43:04,090 [s1@group-A8EB2453EBF5-LeaderStateImpl] TRACE segmented.SegmentedRaftLogCache (AutoCloseableReadWriteLock.java:logLocking(65)) - s1@group-A8EB2453EBF5: readLock RELEASED 0 by SegmentedRaftLogCache.getStartIndex
2022-08-09 05:43:04,089 [Thread-481] TRACE segmented.SegmentedRaftLogCache (AutoCloseableReadWriteLock.java:logLocking(65)) - s2@group-A8EB2453EBF5: readLock RELEASED 0 by SegmentedRaftLogCache$LogSegmentList.countCached
2022-08-09 05:43:04,090 [Thread-481] TRACE segmented.SegmentedRaftLogCache (AutoCloseableReadWriteLock.java:logLocking(65)) - s2@group-A8EB2453EBF5: readLock ACQUIRED 1 by SegmentedRaftLogCache$LogSegmentList.getTotalCacheSize
2022-08-09 05:43:04,090 [Thread-481] TRACE segmented.SegmentedRaftLogCache (AutoCloseableReadWriteLock.java:logLocking(65)) - s2@group-A8EB2453EBF5: readLock RELEASED 0 by SegmentedRaftLogCache$LogSegmentList.getTotalCacheSize
2022-08-09 05:43:04,090 [Thread-481] DEBUG segmented.SegmentedRaftLogWorker (SegmentedRaftLogWorker.java:addIOTask(270)) - s2@group-A8EB2453EBF5-SegmentedRaftLogWorker adds IO task WriteLog:34: (t:1, i:34), METADATAENTRY(c:33)
2022-08-09 05:43:04,090 [Thread-481] TRACE segmented.SegmentedRaftLogCache (AutoCloseableReadWriteLock.java:logLocking(65)) - s2@group-A8EB2453EBF5: readLock ACQUIRED 1 by SegmentedRaftLogCache.getLastTermIndex
2022-08-09 05:43:04,090 [Thread-481] TRACE segmented.SegmentedRaftLogCache (AutoCloseableReadWriteLock.java:logLocking(65)) - s2@group-A8EB2453EBF5: readLock RELEASED 0 by SegmentedRaftLogCache.getLastTermIndex
2022-08-09 05:43:04,090 [Thread-481] TRACE segmented.SegmentedRaftLogCache (AutoCloseableReadWriteLock.java:logLocking(65)) - s2@group-A8EB2453EBF5: readLock ACQUIRED 1 by SegmentedRaftLogCache$LogSegmentList.countCached
2022-08-09 05:43:04,090 [Thread-481] TRACE segmented.SegmentedRaftLogCache (AutoCloseableReadWriteLock.java:logLocking(65)) - s2@group-A8EB2453EBF5: readLock RELEASED 0 by SegmentedRaftLogCache$LogSegmentList.countCached
2022-08-09 05:43:04,090 [Thread-481] TRACE segmented.SegmentedRaftLogCache (AutoCloseableReadWriteLock.java:logLocking(65)) - s2@group-A8EB2453EBF5: readLock ACQUIRED 1 by SegmentedRaftLogCache$LogSegmentList.getTotalCacheSize
2022-08-09 05:43:04,090 [Thread-481] TRACE segmented.SegmentedRaftLogCache (AutoCloseableReadWriteLock.java:logLocking(65)) - s2@group-A8EB2453EBF5: readLock RELEASED 0 by SegmentedRaftLogCache$LogSegmentList.getTotalCacheSize
2022-08-09 05:43:04,090 [Thread-481] DEBUG segmented.SegmentedRaftLogWorker (SegmentedRaftLogWorker.java:addIOTask(270)) - s2@group-A8EB2453EBF5-SegmentedRaftLogWorker adds IO task WriteLog:35: (t:1, i:35), STATEMACHINELOGENTRY, StateMachineLogEntryProto:213@client-60C5AB4E06F6
2022-08-09 05:43:04,091 [s2@group-A8EB2453EBF5-SegmentedRaftLogWorker] DEBUG segmented.SegmentedRaftLogWorker (SegmentedRaftLogWorker.java:flushIfNecessary(365)) - s2@group-A8EB2453EBF5-SegmentedRaftLogWorker: flush SegmentedRaftLogOutputStream(/home/runner/work/ratis/ratis/ratis-test/target/test/data/2baaa1de/MiniRaftClusterWithSimulatedRpc3b4f24d4/s2/bbd46d57-59f4-4845-aaae-a8eb2453ebf5/current/log_inprogress_0)
2022-08-09 05:43:04,091 [s2@group-A8EB2453EBF5-StateMachineUpdater] INFO  statemachine.SimpleStateMachine4Testing (SimpleStateMachine4Testing.java:put(204)) - s2: put 33, m16 -> (t:1, i:33), STATEMACHINELOGENTRY, 208@client-60C5AB4E06F6
2022-08-09 05:43:04,091 [s1@group-A8EB2453EBF5->s2-LogAppenderDefault-LogAppenderDaemon] TRACE segmented.SegmentedRaftLogCache (AutoCloseableReadWriteLock.java:logLocking(65)) -   s1@group-A8EB2453EBF5: readLock ACQUIRED 2 by SegmentedRaftLogCache.getLastTermIndex
2022-08-09 05:43:04,091 [s1@group-A8EB2453EBF5->s2-LogAppenderDefault-LogAppenderDaemon] TRACE segmented.SegmentedRaftLogCache (AutoCloseableReadWriteLock.java:logLocking(65)) -   s1@group-A8EB2453EBF5: readLock RELEASED 1 by SegmentedRaftLogCache.getLastTermIndex
2022-08-09 05:43:04,090 [s1@group-A8EB2453EBF5-LeaderStateImpl] TRACE segmented.SegmentedRaftLogCache (AutoCloseableReadWriteLock.java:logLocking(65)) - s1@group-A8EB2453EBF5: readLock ACQUIRED 1 by SegmentedRaftLogCache.getEndIndex
2022-08-09 05:43:04,091 [s1@group-A8EB2453EBF5-LeaderStateImpl] TRACE segmented.SegmentedRaftLogCache (AutoCloseableReadWriteLock.java:logLocking(65)) - s1@group-A8EB2453EBF5: readLock RELEASED 0 by SegmentedRaftLogCache.getEndIndex
2022-08-09 05:43:04,090 [Thread-518] TRACE segmented.SegmentedRaftLogCache (AutoCloseableReadWriteLock.java:logLocking(65)) - s0@group-A8EB2453EBF5: readLock ACQUIRED 1 by SegmentedRaftLogCache.computeTruncateIndices
2022-08-09 05:43:04,091 [Thread-518] TRACE segmented.SegmentedRaftLogCache (AutoCloseableReadWriteLock.java:logLocking(65)) -   s0@group-A8EB2453EBF5: readLock ACQUIRED 2 by SegmentedRaftLogCache$LogSegmentList.binarySearch
2022-08-09 05:43:04,091 [Thread-518] TRACE segmented.SegmentedRaftLogCache (AutoCloseableReadWriteLock.java:logLocking(65)) -   s0@group-A8EB2453EBF5: readLock RELEASED 1 by SegmentedRaftLogCache$LogSegmentList.binarySearch
2022-08-09 05:43:04,091 [Thread-518] TRACE segmented.SegmentedRaftLogCache (AutoCloseableReadWriteLock.java:logLocking(65)) -   s0@group-A8EB2453EBF5: readLock ACQUIRED 2 by SegmentedRaftLogCache$LogSegmentList.size
2022-08-09 05:43:04,091 [Thread-518] TRACE segmented.SegmentedRaftLogCache (AutoCloseableReadWriteLock.java:logLocking(65)) -   s0@group-A8EB2453EBF5: readLock RELEASED 1 by SegmentedRaftLogCache$LogSegmentList.size
2022-08-09 05:43:04,091 [Thread-518] TRACE segmented.SegmentedRaftLogCache (AutoCloseableReadWriteLock.java:logLocking(65)) - s0@group-A8EB2453EBF5: readLock RELEASED 0 by SegmentedRaftLogCache.computeTruncateIndices
2022-08-09 05:43:04,091 [Thread-518] DEBUG raftlog.RaftLog (SegmentedRaftLog.java:appendImpl(447)) - truncateIndex=-1, arrayIndex=0
2022-08-09 05:43:04,092 [Thread-518] TRACE segmented.SegmentedRaftLogCache (AutoCloseableReadWriteLock.java:logLocking(65)) - s0@group-A8EB2453EBF5: readLock ACQUIRED 1 by SegmentedRaftLogCache.getLastTermIndex
2022-08-09 05:43:04,092 [Thread-518] TRACE segmented.SegmentedRaftLogCache (AutoCloseableReadWriteLock.java:logLocking(65)) - s0@group-A8EB2453EBF5: readLock RELEASED 0 by SegmentedRaftLogCache.getLastTermIndex
2022-08-09 05:43:04,092 [Thread-518] TRACE segmented.SegmentedRaftLogCache (AutoCloseableReadWriteLock.java:logLocking(65)) - s0@group-A8EB2453EBF5: readLock ACQUIRED 1 by SegmentedRaftLogCache$LogSegmentList.countCached
2022-08-09 05:43:04,092 [Thread-518] TRACE segmented.SegmentedRaftLogCache (AutoCloseableReadWriteLock.java:logLocking(65)) - s0@group-A8EB2453EBF5: readLock RELEASED 0 by SegmentedRaftLogCache$LogSegmentList.countCached
2022-08-09 05:43:04,092 [Thread-518] TRACE segmented.SegmentedRaftLogCache (AutoCloseableReadWriteLock.java:logLocking(65)) - s0@group-A8EB2453EBF5: readLock ACQUIRED 1 by SegmentedRaftLogCache$LogSegmentList.getTotalCacheSize
2022-08-09 05:43:04,092 [Thread-518] TRACE segmented.SegmentedRaftLogCache (AutoCloseableReadWriteLock.java:logLocking(65)) - s0@group-A8EB2453EBF5: readLock RELEASED 0 by SegmentedRaftLogCache$LogSegmentList.getTotalCacheSize
2022-08-09 05:43:04,092 [Thread-518] DEBUG segmented.SegmentedRaftLogWorker (SegmentedRaftLogWorker.java:addIOTask(270)) - s0@group-A8EB2453EBF5-SegmentedRaftLogWorker adds IO task WriteLog:35: (t:1, i:35), STATEMACHINELOGENTRY, StateMachineLogEntryProto:213@client-60C5AB4E06F6
2022-08-09 05:43:04,092 [s0@group-A8EB2453EBF5-SegmentedRaftLogWorker] DEBUG segmented.SegmentedRaftLogWorker (SegmentedRaftLogWorker.java:flushIfNecessary(365)) - s0@group-A8EB2453EBF5-SegmentedRaftLogWorker: flush SegmentedRaftLogOutputStream(/home/runner/work/ratis/ratis/ratis-test/target/test/data/2baaa1de/MiniRaftClusterWithSimulatedRpc3b4f24d4/s0/bbd46d57-59f4-4845-aaae-a8eb2453ebf5/current/log_inprogress_0)
2022-08-09 05:43:04,091 [s1@group-A8EB2453EBF5-LeaderStateImpl] TRACE segmented.SegmentedRaftLogCache (AutoCloseableReadWriteLock.java:logLocking(65)) - s1@group-A8EB2453EBF5: readLock ACQUIRED 1 by SegmentedRaftLogCache$LogSegmentList.getTermIndex
2022-08-09 05:43:04,092 [s1@group-A8EB2453EBF5-LeaderStateImpl] TRACE segmented.SegmentedRaftLogCache (AutoCloseableReadWriteLock.java:logLocking(65)) - s1@group-A8EB2453EBF5: readLock RELEASED 0 by SegmentedRaftLogCache$LogSegmentList.getTermIndex
2022-08-09 05:43:04,092 [s1@group-A8EB2453EBF5-LeaderStateImpl] TRACE segmented.SegmentedRaftLogCache (AutoCloseableReadWriteLock.java:logLocking(65)) - s1@group-A8EB2453EBF5: readLock ACQUIRED 1 by SegmentedRaftLogCache.getStartIndex
2022-08-09 05:43:04,092 [s1@group-A8EB2453EBF5->s2-LogAppenderDefault-LogAppenderDaemon] TRACE segmented.SegmentedRaftLogCache (AutoCloseableReadWriteLock.java:logLocking(65)) -   s1@group-A8EB2453EBF5: readLock ACQUIRED 2 by SegmentedRaftLogCache.getLastTermIndex
2022-08-09 05:43:04,092 [s1@group-A8EB2453EBF5->s2-LogAppenderDefault-LogAppenderDaemon] TRACE segmented.SegmentedRaftLogCache (AutoCloseableReadWriteLock.java:logLocking(65)) -   s1@group-A8EB2453EBF5: readLock RELEASED 1 by SegmentedRaftLogCache.getLastTermIndex
2022-08-09 05:43:04,092 [s1@group-A8EB2453EBF5->s2-LogAppenderDefault-LogAppenderDaemon] TRACE segmented.SegmentedRaftLogCache (AutoCloseableReadWriteLock.java:logLocking(65)) -   s1@group-A8EB2453EBF5: readLock ACQUIRED 2 by SegmentedRaftLogCache.getLastTermIndex
2022-08-09 05:43:04,092 [s1@group-A8EB2453EBF5-LeaderStateImpl] TRACE segmented.SegmentedRaftLogCache (AutoCloseableReadWriteLock.java:logLocking(65)) -       s1@group-A8EB2453EBF5: readLock ACQUIRED 4 by SegmentedRaftLogCache$LogSegmentList.isEmpty
2022-08-09 05:43:04,092 [s1@group-A8EB2453EBF5->s0-LogAppenderDefault-LogAppenderDaemon] TRACE segmented.SegmentedRaftLogCache (AutoCloseableReadWriteLock.java:logLocking(65)) -     s1@group-A8EB2453EBF5: readLock ACQUIRED 3 by SegmentedRaftLogCache.getLastTermIndex
2022-08-09 05:43:04,093 [s1@group-A8EB2453EBF5->s0-LogAppenderDefault-LogAppenderDaemon] TRACE segmented.SegmentedRaftLogCache (AutoCloseableReadWriteLock.java:logLocking(65)) -     s1@group-A8EB2453EBF5: readLock RELEASED 2 by SegmentedRaftLogCache.getLastTermIndex
2022-08-09 05:43:04,093 [s1@group-A8EB2453EBF5-LeaderStateImpl] TRACE segmented.SegmentedRaftLogCache (AutoCloseableReadWriteLock.java:logLocking(65)) -   s1@group-A8EB2453EBF5: readLock RELEASED 1 by SegmentedRaftLogCache$LogSegmentList.isEmpty
2022-08-09 05:43:04,093 [s1@group-A8EB2453EBF5-LeaderStateImpl] TRACE segmented.SegmentedRaftLogCache (AutoCloseableReadWriteLock.java:logLocking(65)) - s1@group-A8EB2453EBF5: readLock RELEASED 0 by SegmentedRaftLogCache.getStartIndex
2022-08-09 05:43:04,092 [s1@group-A8EB2453EBF5->s2-LogAppenderDefault-LogAppenderDaemon] TRACE segmented.SegmentedRaftLogCache (AutoCloseableReadWriteLock.java:logLocking(65)) -       s1@group-A8EB2453EBF5: readLock RELEASED 3 by SegmentedRaftLogCache.getLastTermIndex
2022-08-09 05:43:04,093 [s1@group-A8EB2453EBF5-LeaderStateImpl] TRACE segmented.SegmentedRaftLogCache (AutoCloseableReadWriteLock.java:logLocking(65)) - s1@group-A8EB2453EBF5: readLock ACQUIRED 1 by SegmentedRaftLogCache.getEndIndex
2022-08-09 05:43:04,096 [s1@group-A8EB2453EBF5-LeaderStateImpl] TRACE segmented.SegmentedRaftLogCache (AutoCloseableReadWriteLock.java:logLocking(65)) - s1@group-A8EB2453EBF5: readLock RELEASED 0 by SegmentedRaftLogCache.getEndIndex
2022-08-09 05:43:04,096 [s1@group-A8EB2453EBF5-LeaderStateImpl] TRACE segmented.SegmentedRaftLogCache (AutoCloseableReadWriteLock.java:logLocking(65)) - s1@group-A8EB2453EBF5: readLock ACQUIRED 1 by SegmentedRaftLogCache$LogSegmentList.getTermIndex
2022-08-09 05:43:04,096 [s1@group-A8EB2453EBF5-LeaderStateImpl] TRACE segmented.SegmentedRaftLogCache (AutoCloseableReadWriteLock.java:logLocking(65)) - s1@group-A8EB2453EBF5: readLock RELEASED 0 by SegmentedRaftLogCache$LogSegmentList.getTermIndex
2022-08-09 05:43:04,096 [s1@group-A8EB2453EBF5-StateMachineUpdater] INFO  statemachine.SimpleStateMachine4Testing (SimpleStateMachine4Testing.java:put(204)) - s1: put 35, m17 -> (t:1, i:35), STATEMACHINELOGENTRY, 213@client-60C5AB4E06F6
2022-08-09 05:43:04,096 [s1@group-A8EB2453EBF5-LeaderStateImpl] TRACE segmented.SegmentedRaftLogCache (AutoCloseableReadWriteLock.java:logLocking(65)) - s1@group-A8EB2453EBF5: readLock ACQUIRED 1 by SegmentedRaftLogCache.getLastTermIndex
2022-08-09 05:43:04,096 [s1@group-A8EB2453EBF5-LeaderStateImpl] TRACE segmented.SegmentedRaftLogCache (AutoCloseableReadWriteLock.java:logLocking(65)) - s1@group-A8EB2453EBF5: readLock RELEASED 0 by SegmentedRaftLogCache.getLastTermIndex
2022-08-09 05:43:04,096 [s1@group-A8EB2453EBF5-LeaderStateImpl] TRACE segmented.SegmentedRaftLogCache (AutoCloseableReadWriteLock.java:logLocking(65)) - s1@group-A8EB2453EBF5: readLock ACQUIRED 1 by SegmentedRaftLogCache$LogSegmentList.countCached
2022-08-09 05:43:04,096 [s1@group-A8EB2453EBF5-LeaderStateImpl] TRACE segmented.SegmentedRaftLogCache (AutoCloseableReadWriteLock.java:logLocking(65)) - s1@group-A8EB2453EBF5: readLock RELEASED 0 by SegmentedRaftLogCache$LogSegmentList.countCached
2022-08-09 05:43:04,096 [s1@group-A8EB2453EBF5-LeaderStateImpl] TRACE segmented.SegmentedRaftLogCache (AutoCloseableReadWriteLock.java:logLocking(65)) - s1@group-A8EB2453EBF5: readLock ACQUIRED 1 by SegmentedRaftLogCache$LogSegmentList.getTotalCacheSize
2022-08-09 05:43:04,097 [s1@group-A8EB2453EBF5-LeaderStateImpl] TRACE segmented.SegmentedRaftLogCache (AutoCloseableReadWriteLock.java:logLocking(65)) - s1@group-A8EB2453EBF5: readLock RELEASED 0 by SegmentedRaftLogCache$LogSegmentList.getTotalCacheSize
2022-08-09 05:43:04,097 [s1@group-A8EB2453EBF5-LeaderStateImpl] DEBUG segmented.SegmentedRaftLogWorker (SegmentedRaftLogWorker.java:addIOTask(270)) - s1@group-A8EB2453EBF5-SegmentedRaftLogWorker adds IO task WriteLog:36: (t:1, i:36), METADATAENTRY(c:35)
2022-08-09 05:43:04,097 [s1@group-A8EB2453EBF5->s0-LogAppenderDefault-LogAppenderDaemon] TRACE segmented.SegmentedRaftLogCache (AutoCloseableReadWriteLock.java:logLocking(65)) - s1@group-A8EB2453EBF5: readLock ACQUIRED 1 by SegmentedRaftLogCache.getLastTermIndex
2022-08-09 05:43:04,097 [s1@group-A8EB2453EBF5-SegmentedRaftLogWorker] DEBUG segmented.SegmentedRaftLogWorker (SegmentedRaftLogWorker.java:flushIfNecessary(365)) - s1@group-A8EB2453EBF5-SegmentedRaftLogWorker: flush SegmentedRaftLogOutputStream(/home/runner/work/ratis/ratis/ratis-test/target/test/data/2baaa1de/MiniRaftClusterWithSimulatedRpc3b4f24d4/s1/bbd46d57-59f4-4845-aaae-a8eb2453ebf5/current/log_inprogress_0)
2022-08-09 05:43:04,097 [s1@group-A8EB2453EBF5->s2-LogAppenderDefault-LogAppenderDaemon] TRACE segmented.SegmentedRaftLogCache (AutoCloseableReadWriteLock.java:logLocking(65)) - s1@group-A8EB2453EBF5: readLock ACQUIRED 1 by SegmentedRaftLogCache.getLastTermIndex
2022-08-09 05:43:04,097 [s1@group-A8EB2453EBF5->s0-LogAppenderDefault-LogAppenderDaemon] TRACE segmented.SegmentedRaftLogCache (AutoCloseableReadWriteLock.java:logLocking(65)) - s1@group-A8EB2453EBF5: readLock RELEASED 0 by SegmentedRaftLogCache.getLastTermIndex
2022-08-09 05:43:04,098 [s1@group-A8EB2453EBF5->s2-LogAppenderDefault-LogAppenderDaemon] TRACE segmented.SegmentedRaftLogCache (AutoCloseableReadWriteLock.java:logLocking(65)) - s1@group-A8EB2453EBF5: readLock RELEASED 0 by SegmentedRaftLogCache.getLastTermIndex
2022-08-09 05:43:04,098 [s1-client-thread1] TRACE segmented.SegmentedRaftLogCache (AutoCloseableReadWriteLock.java:logLocking(65)) - s1@group-A8EB2453EBF5: readLock ACQUIRED 1 by SegmentedRaftLogCache.getLastTermIndex
2022-08-09 05:43:04,098 [s1-client-thread1] TRACE segmented.SegmentedRaftLogCache (AutoCloseableReadWriteLock.java:logLocking(65)) - s1@group-A8EB2453EBF5: readLock RELEASED 0 by SegmentedRaftLogCache.getLastTermIndex
2022-08-09 05:43:04,098 [s1-client-thread1] TRACE segmented.SegmentedRaftLogCache (AutoCloseableReadWriteLock.java:logLocking(65)) - s1@group-A8EB2453EBF5: readLock ACQUIRED 1 by SegmentedRaftLogCache.getLastTermIndex
2022-08-09 05:43:04,098 [s1-client-thread1] TRACE segmented.SegmentedRaftLogCache (AutoCloseableReadWriteLock.java:logLocking(65)) - s1@group-A8EB2453EBF5: readLock RELEASED 0 by SegmentedRaftLogCache.getLastTermIndex
2022-08-09 05:43:04,098 [s1-client-thread1] TRACE segmented.SegmentedRaftLogCache (AutoCloseableReadWriteLock.java:logLocking(65)) - s1@group-A8EB2453EBF5: readLock ACQUIRED 1 by SegmentedRaftLogCache$LogSegmentList.countCached
2022-08-09 05:43:04,098 [s1-client-thread1] TRACE segmented.SegmentedRaftLogCache (AutoCloseableReadWriteLock.java:logLocking(65)) - s1@group-A8EB2453EBF5: readLock RELEASED 0 by SegmentedRaftLogCache$LogSegmentList.countCached
2022-08-09 05:43:04,098 [s1-client-thread1] TRACE segmented.SegmentedRaftLogCache (AutoCloseableReadWriteLock.java:logLocking(65)) - s1@group-A8EB2453EBF5: readLock ACQUIRED 1 by SegmentedRaftLogCache$LogSegmentList.getTotalCacheSize
2022-08-09 05:43:04,098 [s1-client-thread1] TRACE segmented.SegmentedRaftLogCache (AutoCloseableReadWriteLock.java:logLocking(65)) - s1@group-A8EB2453EBF5: readLock RELEASED 0 by SegmentedRaftLogCache$LogSegmentList.getTotalCacheSize
2022-08-09 05:43:04,098 [s1-client-thread1] DEBUG segmented.SegmentedRaftLogWorker (SegmentedRaftLogWorker.java:addIOTask(270)) - s1@group-A8EB2453EBF5-SegmentedRaftLogWorker adds IO task WriteLog:37: (t:1, i:37), STATEMACHINELOGENTRY, StateMachineLogEntryProto:217@client-60C5AB4E06F6
2022-08-09 05:43:04,098 [s1@group-A8EB2453EBF5->s0-LogAppenderDefault-LogAppenderDaemon] TRACE segmented.SegmentedRaftLogCache (AutoCloseableReadWriteLock.java:logLocking(65)) - s1@group-A8EB2453EBF5: readLock ACQUIRED 1 by SegmentedRaftLogCache.getLastTermIndex
2022-08-09 05:43:04,098 [s1@group-A8EB2453EBF5->s0-LogAppenderDefault-LogAppenderDaemon] TRACE segmented.SegmentedRaftLogCache (AutoCloseableReadWriteLock.java:logLocking(65)) - s1@group-A8EB2453EBF5: readLock RELEASED 0 by SegmentedRaftLogCache.getLastTermIndex
2022-08-09 05:43:04,098 [s1@group-A8EB2453EBF5->s0-LogAppenderDefault-LogAppenderDaemon] TRACE segmented.SegmentedRaftLogCache (AutoCloseableReadWriteLock.java:logLocking(65)) - s1@group-A8EB2453EBF5: readLock ACQUIRED 1 by SegmentedRaftLogCache.getStartIndex
2022-08-09 05:43:04,098 [s1@group-A8EB2453EBF5-SegmentedRaftLogWorker] DEBUG segmented.SegmentedRaftLogWorker (SegmentedRaftLogWorker.java:flushIfNecessary(365)) - s1@group-A8EB2453EBF5-SegmentedRaftLogWorker: flush SegmentedRaftLogOutputStream(/home/runner/work/ratis/ratis/ratis-test/target/test/data/2baaa1de/MiniRaftClusterWithSimulatedRpc3b4f24d4/s1/bbd46d57-59f4-4845-aaae-a8eb2453ebf5/current/log_inprogress_0)
2022-08-09 05:43:04,098 [s1@group-A8EB2453EBF5->s0-LogAppenderDefault-LogAppenderDaemon] TRACE segmented.SegmentedRaftLogCache (AutoCloseableReadWriteLock.java:logLocking(65)) -   s1@group-A8EB2453EBF5: readLock ACQUIRED 2 by SegmentedRaftLogCache$LogSegmentList.isEmpty
2022-08-09 05:43:04,098 [s1@group-A8EB2453EBF5->s0-LogAppenderDefault-LogAppenderDaemon] TRACE segmented.SegmentedRaftLogCache (AutoCloseableReadWriteLock.java:logLocking(65)) -   s1@group-A8EB2453EBF5: readLock RELEASED 1 by SegmentedRaftLogCache$LogSegmentList.isEmpty
2022-08-09 05:43:04,099 [s1@group-A8EB2453EBF5->s0-LogAppenderDefault-LogAppenderDaemon] TRACE segmented.SegmentedRaftLogCache (AutoCloseableReadWriteLock.java:logLocking(65)) - s1@group-A8EB2453EBF5: readLock RELEASED 0 by SegmentedRaftLogCache.getStartIndex
2022-08-09 05:43:04,099 [s1@group-A8EB2453EBF5->s2-LogAppenderDefault-LogAppenderDaemon] TRACE segmented.SegmentedRaftLogCache (AutoCloseableReadWriteLock.java:logLocking(65)) - s1@group-A8EB2453EBF5: readLock ACQUIRED 1 by SegmentedRaftLogCache.getLastTermIndex
2022-08-09 05:43:04,099 [s1@group-A8EB2453EBF5->s2-LogAppenderDefault-LogAppenderDaemon] TRACE segmented.SegmentedRaftLogCache (AutoCloseableReadWriteLock.java:logLocking(65)) - s1@group-A8EB2453EBF5: readLock RELEASED 0 by SegmentedRaftLogCache.getLastTermIndex
2022-08-09 05:43:04,099 [s1@group-A8EB2453EBF5->s2-LogAppenderDefault-LogAppenderDaemon] TRACE segmented.SegmentedRaftLogCache (AutoCloseableReadWriteLock.java:logLocking(65)) - s1@group-A8EB2453EBF5: readLock ACQUIRED 1 by SegmentedRaftLogCache.getStartIndex
2022-08-09 05:43:04,099 [s1@group-A8EB2453EBF5->s2-LogAppenderDefault-LogAppenderDaemon] TRACE segmented.SegmentedRaftLogCache (AutoCloseableReadWriteLock.java:logLocking(65)) -   s1@group-A8EB2453EBF5: readLock ACQUIRED 2 by SegmentedRaftLogCache$LogSegmentList.isEmpty
2022-08-09 05:43:04,099 [s1@group-A8EB2453EBF5->s2-LogAppenderDefault-LogAppenderDaemon] TRACE segmented.SegmentedRaftLogCache (AutoCloseableReadWriteLock.java:logLocking(65)) -   s1@group-A8EB2453EBF5: readLock RELEASED 1 by SegmentedRaftLogCache$LogSegmentList.isEmpty
2022-08-09 05:43:04,099 [s1@group-A8EB2453EBF5->s2-LogAppenderDefault-LogAppenderDaemon] TRACE segmented.SegmentedRaftLogCache (AutoCloseableReadWriteLock.java:logLocking(65)) - s1@group-A8EB2453EBF5: readLock RELEASED 0 by SegmentedRaftLogCache.getStartIndex
2022-08-09 05:43:04,099 [s1@group-A8EB2453EBF5->s0-LogAppenderDefault-LogAppenderDaemon] TRACE segmented.SegmentedRaftLogCache (AutoCloseableReadWriteLock.java:logLocking(65)) - s1@group-A8EB2453EBF5: readLock ACQUIRED 1 by SegmentedRaftLogCache.getLastTermIndex
2022-08-09 05:43:04,099 [s1@group-A8EB2453EBF5->s0-LogAppenderDefault-LogAppenderDaemon] TRACE segmented.SegmentedRaftLogCache (AutoCloseableReadWriteLock.java:logLocking(65)) - s1@group-A8EB2453EBF5: readLock RELEASED 0 by SegmentedRaftLogCache.getLastTermIndex
2022-08-09 05:43:04,099 [s1@group-A8EB2453EBF5->s2-LogAppenderDefault-LogAppenderDaemon] TRACE segmented.SegmentedRaftLogCache (AutoCloseableReadWriteLock.java:logLocking(65)) - s1@group-A8EB2453EBF5: readLock ACQUIRED 1 by SegmentedRaftLogCache.getLastTermIndex
2022-08-09 05:43:04,099 [s1@group-A8EB2453EBF5->s2-LogAppenderDefault-LogAppenderDaemon] TRACE segmented.SegmentedRaftLogCache (AutoCloseableReadWriteLock.java:logLocking(65)) - s1@group-A8EB2453EBF5: readLock RELEASED 0 by SegmentedRaftLogCache.getLastTermIndex
2022-08-09 05:43:04,099 [Thread-516] TRACE segmented.SegmentedRaftLogCache (AutoCloseableReadWriteLock.java:logLocking(65)) - s0@group-A8EB2453EBF5: readLock ACQUIRED 1 by SegmentedRaftLogCache.computeTruncateIndices
2022-08-09 05:43:04,099 [Thread-516] TRACE segmented.SegmentedRaftLogCache (AutoCloseableReadWriteLock.java:logLocking(65)) -   s0@group-A8EB2453EBF5: readLock ACQUIRED 2 by SegmentedRaftLogCache$LogSegmentList.binarySearch
2022-08-09 05:43:04,099 [Thread-516] TRACE segmented.SegmentedRaftLogCache (AutoCloseableReadWriteLock.java:logLocking(65)) -   s0@group-A8EB2453EBF5: readLock RELEASED 1 by SegmentedRaftLogCache$LogSegmentList.binarySearch
2022-08-09 05:43:04,099 [Thread-516] TRACE segmented.SegmentedRaftLogCache (AutoCloseableReadWriteLock.java:logLocking(65)) -   s0@group-A8EB2453EBF5: readLock ACQUIRED 2 by SegmentedRaftLogCache$LogSegmentList.size
2022-08-09 05:43:04,099 [Thread-516] TRACE segmented.SegmentedRaftLogCache (AutoCloseableReadWriteLock.java:logLocking(65)) -   s0@group-A8EB2453EBF5: readLock RELEASED 1 by SegmentedRaftLogCache$LogSegmentList.size
2022-08-09 05:43:04,099 [Thread-516] TRACE segmented.SegmentedRaftLogCache (AutoCloseableReadWriteLock.java:logLocking(65)) - s0@group-A8EB2453EBF5: readLock RELEASED 0 by SegmentedRaftLogCache.computeTruncateIndices
2022-08-09 05:43:04,099 [Thread-516] DEBUG raftlog.RaftLog (SegmentedRaftLog.java:appendImpl(447)) - truncateIndex=-1, arrayIndex=0
2022-08-09 05:43:04,100 [Thread-516] TRACE segmented.SegmentedRaftLogCache (AutoCloseableReadWriteLock.java:logLocking(65)) - s0@group-A8EB2453EBF5: readLock ACQUIRED 1 by SegmentedRaftLogCache$LogSegmentList.countCached
2022-08-09 05:43:04,100 [Thread-516] TRACE segmented.SegmentedRaftLogCache (AutoCloseableReadWriteLock.java:logLocking(65)) - s0@group-A8EB2453EBF5: readLock RELEASED 0 by SegmentedRaftLogCache$LogSegmentList.countCached
2022-08-09 05:43:04,100 [Thread-516] TRACE segmented.SegmentedRaftLogCache (AutoCloseableReadWriteLock.java:logLocking(65)) - s0@group-A8EB2453EBF5: readLock ACQUIRED 1 by SegmentedRaftLogCache$LogSegmentList.getTotalCacheSize
2022-08-09 05:43:04,100 [Thread-516] TRACE segmented.SegmentedRaftLogCache (AutoCloseableReadWriteLock.java:logLocking(65)) - s0@group-A8EB2453EBF5: readLock RELEASED 0 by SegmentedRaftLogCache$LogSegmentList.getTotalCacheSize
2022-08-09 05:43:04,100 [Thread-516] DEBUG segmented.SegmentedRaftLogWorker (SegmentedRaftLogWorker.java:addIOTask(270)) - s0@group-A8EB2453EBF5-SegmentedRaftLogWorker adds IO task WriteLog:36: (t:1, i:36), METADATAENTRY(c:35)
2022-08-09 05:43:04,100 [Thread-516] TRACE segmented.SegmentedRaftLogCache (AutoCloseableReadWriteLock.java:logLocking(65)) - s0@group-A8EB2453EBF5: readLock ACQUIRED 1 by SegmentedRaftLogCache.getLastTermIndex
2022-08-09 05:43:04,100 [Thread-516] TRACE segmented.SegmentedRaftLogCache (AutoCloseableReadWriteLock.java:logLocking(65)) - s0@group-A8EB2453EBF5: readLock RELEASED 0 by SegmentedRaftLogCache.getLastTermIndex
2022-08-09 05:43:04,100 [Thread-516] TRACE segmented.SegmentedRaftLogCache (AutoCloseableReadWriteLock.java:logLocking(65)) - s0@group-A8EB2453EBF5: readLock ACQUIRED 1 by SegmentedRaftLogCache$LogSegmentList.countCached
2022-08-09 05:43:04,100 [Thread-516] TRACE segmented.SegmentedRaftLogCache (AutoCloseableReadWriteLock.java:logLocking(65)) - s0@group-A8EB2453EBF5: readLock RELEASED 0 by SegmentedRaftLogCache$LogSegmentList.countCached
2022-08-09 05:43:04,100 [Thread-516] TRACE segmented.SegmentedRaftLogCache (AutoCloseableReadWriteLock.java:logLocking(65)) - s0@group-A8EB2453EBF5: readLock ACQUIRED 1 by SegmentedRaftLogCache$LogSegmentList.getTotalCacheSize
2022-08-09 05:43:04,100 [Thread-516] TRACE segmented.SegmentedRaftLogCache (AutoCloseableReadWriteLock.java:logLocking(65)) - s0@group-A8EB2453EBF5: readLock RELEASED 0 by SegmentedRaftLogCache$LogSegmentList.getTotalCacheSize
2022-08-09 05:43:04,100 [Thread-516] DEBUG segmented.SegmentedRaftLogWorker (SegmentedRaftLogWorker.java:addIOTask(270)) - s0@group-A8EB2453EBF5-SegmentedRaftLogWorker adds IO task WriteLog:37: (t:1, i:37), STATEMACHINELOGENTRY, StateMachineLogEntryProto:217@client-60C5AB4E06F6
2022-08-09 05:43:04,100 [s0@group-A8EB2453EBF5-SegmentedRaftLogWorker] DEBUG segmented.SegmentedRaftLogWorker (SegmentedRaftLogWorker.java:flushIfNecessary(365)) - s0@group-A8EB2453EBF5-SegmentedRaftLogWorker: flush SegmentedRaftLogOutputStream(/home/runner/work/ratis/ratis/ratis-test/target/test/data/2baaa1de/MiniRaftClusterWithSimulatedRpc3b4f24d4/s0/bbd46d57-59f4-4845-aaae-a8eb2453ebf5/current/log_inprogress_0)
2022-08-09 05:43:04,099 [Thread-479] TRACE segmented.SegmentedRaftLogCache (AutoCloseableReadWriteLock.java:logLocking(65)) - s2@group-A8EB2453EBF5: readLock ACQUIRED 1 by SegmentedRaftLogCache.computeTruncateIndices
2022-08-09 05:43:04,101 [Thread-479] TRACE segmented.SegmentedRaftLogCache (AutoCloseableReadWriteLock.java:logLocking(65)) -   s2@group-A8EB2453EBF5: readLock ACQUIRED 2 by SegmentedRaftLogCache$LogSegmentList.binarySearch
2022-08-09 05:43:04,101 [Thread-479] TRACE segmented.SegmentedRaftLogCache (AutoCloseableReadWriteLock.java:logLocking(65)) -   s2@group-A8EB2453EBF5: readLock RELEASED 1 by SegmentedRaftLogCache$LogSegmentList.binarySearch
2022-08-09 05:43:04,101 [Thread-479] TRACE segmented.SegmentedRaftLogCache (AutoCloseableReadWriteLock.java:logLocking(65)) -   s2@group-A8EB2453EBF5: readLock ACQUIRED 2 by SegmentedRaftLogCache$LogSegmentList.size
2022-08-09 05:43:04,101 [Thread-479] TRACE segmented.SegmentedRaftLogCache (AutoCloseableReadWriteLock.java:logLocking(65)) -   s2@group-A8EB2453EBF5: readLock RELEASED 1 by SegmentedRaftLogCache$LogSegmentList.size
2022-08-09 05:43:04,101 [Thread-479] TRACE segmented.SegmentedRaftLogCache (AutoCloseableReadWriteLock.java:logLocking(65)) - s2@group-A8EB2453EBF5: readLock RELEASED 0 by SegmentedRaftLogCache.computeTruncateIndices
2022-08-09 05:43:04,101 [Thread-479] DEBUG raftlog.RaftLog (SegmentedRaftLog.java:appendImpl(447)) - truncateIndex=-1, arrayIndex=0
2022-08-09 05:43:04,101 [Thread-479] TRACE segmented.SegmentedRaftLogCache (AutoCloseableReadWriteLock.java:logLocking(65)) - s2@group-A8EB2453EBF5: readLock ACQUIRED 1 by SegmentedRaftLogCache$LogSegmentList.countCached
2022-08-09 05:43:04,101 [Thread-479] TRACE segmented.SegmentedRaftLogCache (AutoCloseableReadWriteLock.java:logLocking(65)) - s2@group-A8EB2453EBF5: readLock RELEASED 0 by SegmentedRaftLogCache$LogSegmentList.countCached
2022-08-09 05:43:04,101 [Thread-479] TRACE segmented.SegmentedRaftLogCache (AutoCloseableReadWriteLock.java:logLocking(65)) - s2@group-A8EB2453EBF5: readLock ACQUIRED 1 by SegmentedRaftLogCache$LogSegmentList.getTotalCacheSize
2022-08-09 05:43:04,101 [Thread-479] TRACE segmented.SegmentedRaftLogCache (AutoCloseableReadWriteLock.java:logLocking(65)) - s2@group-A8EB2453EBF5: readLock RELEASED 0 by SegmentedRaftLogCache$LogSegmentList.getTotalCacheSize
2022-08-09 05:43:04,101 [Thread-479] DEBUG segmented.SegmentedRaftLogWorker (SegmentedRaftLogWorker.java:addIOTask(270)) - s2@group-A8EB2453EBF5-SegmentedRaftLogWorker adds IO task WriteLog:36: (t:1, i:36), METADATAENTRY(c:35)
2022-08-09 05:43:04,101 [Thread-479] TRACE segmented.SegmentedRaftLogCache (AutoCloseableReadWriteLock.java:logLocking(65)) - s2@group-A8EB2453EBF5: readLock ACQUIRED 1 by SegmentedRaftLogCache.getLastTermIndex
2022-08-09 05:43:04,101 [Thread-479] TRACE segmented.SegmentedRaftLogCache (AutoCloseableReadWriteLock.java:logLocking(65)) - s2@group-A8EB2453EBF5: readLock RELEASED 0 by SegmentedRaftLogCache.getLastTermIndex
2022-08-09 05:43:04,101 [Thread-479] TRACE segmented.SegmentedRaftLogCache (AutoCloseableReadWriteLock.java:logLocking(65)) - s2@group-A8EB2453EBF5: readLock ACQUIRED 1 by SegmentedRaftLogCache$LogSegmentList.countCached
2022-08-09 05:43:04,101 [Thread-479] TRACE segmented.SegmentedRaftLogCache (AutoCloseableReadWriteLock.java:logLocking(65)) - s2@group-A8EB2453EBF5: readLock RELEASED 0 by SegmentedRaftLogCache$LogSegmentList.countCached
2022-08-09 05:43:04,101 [Thread-479] TRACE segmented.SegmentedRaftLogCache (AutoCloseableReadWriteLock.java:logLocking(65)) - s2@group-A8EB2453EBF5: readLock ACQUIRED 1 by SegmentedRaftLogCache$LogSegmentList.getTotalCacheSize
2022-08-09 05:43:04,101 [Thread-479] TRACE segmented.SegmentedRaftLogCache (AutoCloseableReadWriteLock.java:logLocking(65)) - s2@group-A8EB2453EBF5: readLock RELEASED 0 by SegmentedRaftLogCache$LogSegmentList.getTotalCacheSize
2022-08-09 05:43:04,101 [Thread-479] DEBUG segmented.SegmentedRaftLogWorker (SegmentedRaftLogWorker.java:addIOTask(270)) - s2@group-A8EB2453EBF5-SegmentedRaftLogWorker adds IO task WriteLog:37: (t:1, i:37), STATEMACHINELOGENTRY, StateMachineLogEntryProto:217@client-60C5AB4E06F6
2022-08-09 05:43:04,102 [s2@group-A8EB2453EBF5-SegmentedRaftLogWorker] DEBUG segmented.SegmentedRaftLogWorker (SegmentedRaftLogWorker.java:flushIfNecessary(365)) - s2@group-A8EB2453EBF5-SegmentedRaftLogWorker: flush SegmentedRaftLogOutputStream(/home/runner/work/ratis/ratis/ratis-test/target/test/data/2baaa1de/MiniRaftClusterWithSimulatedRpc3b4f24d4/s2/bbd46d57-59f4-4845-aaae-a8eb2453ebf5/current/log_inprogress_0)
2022-08-09 05:43:04,102 [s0@group-A8EB2453EBF5-StateMachineUpdater] INFO  statemachine.SimpleStateMachine4Testing (SimpleStateMachine4Testing.java:put(204)) - s0: put 35, m17 -> (t:1, i:35), STATEMACHINELOGENTRY, 213@client-60C5AB4E06F6
2022-08-09 05:43:04,102 [s2@group-A8EB2453EBF5-StateMachineUpdater] INFO  statemachine.SimpleStateMachine4Testing (SimpleStateMachine4Testing.java:put(204)) - s2: put 35, m17 -> (t:1, i:35), STATEMACHINELOGENTRY, 213@client-60C5AB4E06F6
2022-08-09 05:43:04,102 [s1@group-A8EB2453EBF5->s0-LogAppenderDefault-LogAppenderDaemon] TRACE segmented.SegmentedRaftLogCache (AutoCloseableReadWriteLock.java:logLocking(65)) - s1@group-A8EB2453EBF5: readLock ACQUIRED 1 by SegmentedRaftLogCache.getLastTermIndex
2022-08-09 05:43:04,102 [s1@group-A8EB2453EBF5->s0-LogAppenderDefault-LogAppenderDaemon] TRACE segmented.SegmentedRaftLogCache (AutoCloseableReadWriteLock.java:logLocking(65)) - s1@group-A8EB2453EBF5: readLock RELEASED 0 by SegmentedRaftLogCache.getLastTermIndex
2022-08-09 05:43:04,102 [s1@group-A8EB2453EBF5->s2-LogAppenderDefault-LogAppenderDaemon] TRACE segmented.SegmentedRaftLogCache (AutoCloseableReadWriteLock.java:logLocking(65)) - s1@group-A8EB2453EBF5: readLock ACQUIRED 1 by SegmentedRaftLogCache.getLastTermIndex
2022-08-09 05:43:04,102 [s1@group-A8EB2453EBF5->s2-LogAppenderDefault-LogAppenderDaemon] TRACE segmented.SegmentedRaftLogCache (AutoCloseableReadWriteLock.java:logLocking(65)) - s1@group-A8EB2453EBF5: readLock RELEASED 0 by SegmentedRaftLogCache.getLastTermIndex
2022-08-09 05:43:04,102 [s1@group-A8EB2453EBF5->s0-LogAppenderDefault-LogAppenderDaemon] TRACE segmented.SegmentedRaftLogCache (AutoCloseableReadWriteLock.java:logLocking(65)) - s1@group-A8EB2453EBF5: readLock ACQUIRED 1 by SegmentedRaftLogCache.getLastTermIndex
2022-08-09 05:43:04,102 [s1@group-A8EB2453EBF5->s0-LogAppenderDefault-LogAppenderDaemon] TRACE segmented.SegmentedRaftLogCache (AutoCloseableReadWriteLock.java:logLocking(65)) - s1@group-A8EB2453EBF5: readLock RELEASED 0 by SegmentedRaftLogCache.getLastTermIndex
2022-08-09 05:43:04,103 [s1@group-A8EB2453EBF5->s0-LogAppenderDefault-LogAppenderDaemon] TRACE segmented.SegmentedRaftLogCache (AutoCloseableReadWriteLock.java:logLocking(65)) - s1@group-A8EB2453EBF5: readLock ACQUIRED 1 by SegmentedRaftLogCache.getLastTermIndex
2022-08-09 05:43:04,103 [s1@group-A8EB2453EBF5->s0-LogAppenderDefault-LogAppenderDaemon] TRACE segmented.SegmentedRaftLogCache (AutoCloseableReadWriteLock.java:logLocking(65)) - s1@group-A8EB2453EBF5: readLock RELEASED 0 by SegmentedRaftLogCache.getLastTermIndex
2022-08-09 05:43:04,103 [s1@group-A8EB2453EBF5-LeaderStateImpl] TRACE segmented.SegmentedRaftLogCache (AutoCloseableReadWriteLock.java:logLocking(65)) - s1@group-A8EB2453EBF5: readLock ACQUIRED 1 by SegmentedRaftLogCache.getStartIndex
2022-08-09 05:43:04,103 [s1@group-A8EB2453EBF5-LeaderStateImpl] TRACE segmented.SegmentedRaftLogCache (AutoCloseableReadWriteLock.java:logLocking(65)) -   s1@group-A8EB2453EBF5: readLock ACQUIRED 2 by SegmentedRaftLogCache$LogSegmentList.isEmpty
2022-08-09 05:43:04,103 [s1@group-A8EB2453EBF5-LeaderStateImpl] TRACE segmented.SegmentedRaftLogCache (AutoCloseableReadWriteLock.java:logLocking(65)) -   s1@group-A8EB2453EBF5: readLock RELEASED 1 by SegmentedRaftLogCache$LogSegmentList.isEmpty
2022-08-09 05:43:04,103 [s1@group-A8EB2453EBF5-LeaderStateImpl] TRACE segmented.SegmentedRaftLogCache (AutoCloseableReadWriteLock.java:logLocking(65)) - s1@group-A8EB2453EBF5: readLock RELEASED 0 by SegmentedRaftLogCache.getStartIndex
2022-08-09 05:43:04,103 [s1@group-A8EB2453EBF5-LeaderStateImpl] TRACE segmented.SegmentedRaftLogCache (AutoCloseableReadWriteLock.java:logLocking(65)) - s1@group-A8EB2453EBF5: readLock ACQUIRED 1 by SegmentedRaftLogCache.getEndIndex
2022-08-09 05:43:04,103 [s1@group-A8EB2453EBF5-LeaderStateImpl] TRACE segmented.SegmentedRaftLogCache (AutoCloseableReadWriteLock.java:logLocking(65)) - s1@group-A8EB2453EBF5: readLock RELEASED 0 by SegmentedRaftLogCache.getEndIndex
2022-08-09 05:43:04,103 [s1@group-A8EB2453EBF5-LeaderStateImpl] TRACE segmented.SegmentedRaftLogCache (AutoCloseableReadWriteLock.java:logLocking(65)) - s1@group-A8EB2453EBF5: readLock ACQUIRED 1 by SegmentedRaftLogCache$LogSegmentList.getTermIndex
2022-08-09 05:43:04,103 [s1@group-A8EB2453EBF5-LeaderStateImpl] TRACE segmented.SegmentedRaftLogCache (AutoCloseableReadWriteLock.java:logLocking(65)) - s1@group-A8EB2453EBF5: readLock RELEASED 0 by SegmentedRaftLogCache$LogSegmentList.getTermIndex
2022-08-09 05:43:04,103 [s1@group-A8EB2453EBF5-StateMachineUpdater] INFO  statemachine.SimpleStateMachine4Testing (SimpleStateMachine4Testing.java:put(204)) - s1: put 37, m18 -> (t:1, i:37), STATEMACHINELOGENTRY, 217@client-60C5AB4E06F6
2022-08-09 05:43:04,103 [s1@group-A8EB2453EBF5-LeaderStateImpl] TRACE segmented.SegmentedRaftLogCache (AutoCloseableReadWriteLock.java:logLocking(65)) - s1@group-A8EB2453EBF5: readLock ACQUIRED 1 by SegmentedRaftLogCache.getLastTermIndex
2022-08-09 05:43:04,103 [s1@group-A8EB2453EBF5-LeaderStateImpl] TRACE segmented.SegmentedRaftLogCache (AutoCloseableReadWriteLock.java:logLocking(65)) - s1@group-A8EB2453EBF5: readLock RELEASED 0 by SegmentedRaftLogCache.getLastTermIndex
2022-08-09 05:43:04,104 [s1@group-A8EB2453EBF5-LeaderStateImpl] TRACE segmented.SegmentedRaftLogCache (AutoCloseableReadWriteLock.java:logLocking(65)) - s1@group-A8EB2453EBF5: readLock ACQUIRED 1 by SegmentedRaftLogCache$LogSegmentList.countCached
2022-08-09 05:43:04,104 [s1@group-A8EB2453EBF5-LeaderStateImpl] TRACE segmented.SegmentedRaftLogCache (AutoCloseableReadWriteLock.java:logLocking(65)) - s1@group-A8EB2453EBF5: readLock RELEASED 0 by SegmentedRaftLogCache$LogSegmentList.countCached
2022-08-09 05:43:04,104 [s1@group-A8EB2453EBF5-LeaderStateImpl] TRACE segmented.SegmentedRaftLogCache (AutoCloseableReadWriteLock.java:logLocking(65)) - s1@group-A8EB2453EBF5: readLock ACQUIRED 1 by SegmentedRaftLogCache$LogSegmentList.getTotalCacheSize
2022-08-09 05:43:04,104 [s1@group-A8EB2453EBF5-LeaderStateImpl] TRACE segmented.SegmentedRaftLogCache (AutoCloseableReadWriteLock.java:logLocking(65)) - s1@group-A8EB2453EBF5: readLock RELEASED 0 by SegmentedRaftLogCache$LogSegmentList.getTotalCacheSize
2022-08-09 05:43:04,104 [s1@group-A8EB2453EBF5-LeaderStateImpl] DEBUG segmented.SegmentedRaftLogWorker (SegmentedRaftLogWorker.java:addIOTask(270)) - s1@group-A8EB2453EBF5-SegmentedRaftLogWorker adds IO task WriteLog:38: (t:1, i:38), METADATAENTRY(c:37)
2022-08-09 05:43:04,104 [s1@group-A8EB2453EBF5->s0-LogAppenderDefault-LogAppenderDaemon] TRACE segmented.SegmentedRaftLogCache (AutoCloseableReadWriteLock.java:logLocking(65)) - s1@group-A8EB2453EBF5: readLock ACQUIRED 1 by SegmentedRaftLogCache.getLastTermIndex
2022-08-09 05:43:04,104 [s1@group-A8EB2453EBF5->s0-LogAppenderDefault-LogAppenderDaemon] TRACE segmented.SegmentedRaftLogCache (AutoCloseableReadWriteLock.java:logLocking(65)) - s1@group-A8EB2453EBF5: readLock RELEASED 0 by SegmentedRaftLogCache.getLastTermIndex
2022-08-09 05:43:04,104 [s1@group-A8EB2453EBF5-SegmentedRaftLogWorker] DEBUG segmented.SegmentedRaftLogWorker (SegmentedRaftLogWorker.java:flushIfNecessary(365)) - s1@group-A8EB2453EBF5-SegmentedRaftLogWorker: flush SegmentedRaftLogOutputStream(/home/runner/work/ratis/ratis/ratis-test/target/test/data/2baaa1de/MiniRaftClusterWithSimulatedRpc3b4f24d4/s1/bbd46d57-59f4-4845-aaae-a8eb2453ebf5/current/log_inprogress_0)
2022-08-09 05:43:04,104 [s1@group-A8EB2453EBF5->s0-LogAppenderDefault-LogAppenderDaemon] TRACE segmented.SegmentedRaftLogCache (AutoCloseableReadWriteLock.java:logLocking(65)) - s1@group-A8EB2453EBF5: readLock ACQUIRED 1 by SegmentedRaftLogCache.getLastTermIndex
2022-08-09 05:43:04,104 [s1@group-A8EB2453EBF5->s0-LogAppenderDefault-LogAppenderDaemon] TRACE segmented.SegmentedRaftLogCache (AutoCloseableReadWriteLock.java:logLocking(65)) - s1@group-A8EB2453EBF5: readLock RELEASED 0 by SegmentedRaftLogCache.getLastTermIndex
2022-08-09 05:43:04,104 [s1@group-A8EB2453EBF5->s0-LogAppenderDefault-LogAppenderDaemon] TRACE segmented.SegmentedRaftLogCache (AutoCloseableReadWriteLock.java:logLocking(65)) - s1@group-A8EB2453EBF5: readLock ACQUIRED 1 by SegmentedRaftLogCache.getStartIndex
2022-08-09 05:43:04,104 [s1@group-A8EB2453EBF5->s0-LogAppenderDefault-LogAppenderDaemon] TRACE segmented.SegmentedRaftLogCache (AutoCloseableReadWriteLock.java:logLocking(65)) -   s1@group-A8EB2453EBF5: readLock ACQUIRED 2 by SegmentedRaftLogCache$LogSegmentList.isEmpty
2022-08-09 05:43:04,104 [s1@group-A8EB2453EBF5->s0-LogAppenderDefault-LogAppenderDaemon] TRACE segmented.SegmentedRaftLogCache (AutoCloseableReadWriteLock.java:logLocking(65)) -   s1@group-A8EB2453EBF5: readLock RELEASED 1 by SegmentedRaftLogCache$LogSegmentList.isEmpty
2022-08-09 05:43:04,104 [s1@group-A8EB2453EBF5->s0-LogAppenderDefault-LogAppenderDaemon] TRACE segmented.SegmentedRaftLogCache (AutoCloseableReadWriteLock.java:logLocking(65)) - s1@group-A8EB2453EBF5: readLock RELEASED 0 by SegmentedRaftLogCache.getStartIndex
2022-08-09 05:43:04,104 [s1@group-A8EB2453EBF5->s0-LogAppenderDefault-LogAppenderDaemon] TRACE segmented.SegmentedRaftLogCache (AutoCloseableReadWriteLock.java:logLocking(65)) - s1@group-A8EB2453EBF5: readLock ACQUIRED 1 by SegmentedRaftLogCache.getLastTermIndex
2022-08-09 05:43:04,104 [s1@group-A8EB2453EBF5->s0-LogAppenderDefault-LogAppenderDaemon] TRACE segmented.SegmentedRaftLogCache (AutoCloseableReadWriteLock.java:logLocking(65)) - s1@group-A8EB2453EBF5: readLock RELEASED 0 by SegmentedRaftLogCache.getLastTermIndex
2022-08-09 05:43:04,105 [s1@group-A8EB2453EBF5->s2-LogAppenderDefault-LogAppenderDaemon] TRACE segmented.SegmentedRaftLogCache (AutoCloseableReadWriteLock.java:logLocking(65)) - s1@group-A8EB2453EBF5: readLock ACQUIRED 1 by SegmentedRaftLogCache.getLastTermIndex
2022-08-09 05:43:04,105 [s1@group-A8EB2453EBF5->s2-LogAppenderDefault-LogAppenderDaemon] TRACE segmented.SegmentedRaftLogCache (AutoCloseableReadWriteLock.java:logLocking(65)) - s1@group-A8EB2453EBF5: readLock RELEASED 0 by SegmentedRaftLogCache.getLastTermIndex
2022-08-09 05:43:04,105 [s1@group-A8EB2453EBF5->s2-LogAppenderDefault-LogAppenderDaemon] TRACE segmented.SegmentedRaftLogCache (AutoCloseableReadWriteLock.java:logLocking(65)) - s1@group-A8EB2453EBF5: readLock ACQUIRED 1 by SegmentedRaftLogCache.getLastTermIndex
2022-08-09 05:43:04,105 [s1@group-A8EB2453EBF5->s2-LogAppenderDefault-LogAppenderDaemon] TRACE segmented.SegmentedRaftLogCache (AutoCloseableReadWriteLock.java:logLocking(65)) - s1@group-A8EB2453EBF5: readLock RELEASED 0 by SegmentedRaftLogCache.getLastTermIndex
2022-08-09 05:43:04,105 [Thread-517] TRACE segmented.SegmentedRaftLogCache (AutoCloseableReadWriteLock.java:logLocking(65)) - s0@group-A8EB2453EBF5: readLock ACQUIRED 1 by SegmentedRaftLogCache.computeTruncateIndices
2022-08-09 05:43:04,105 [s1@group-A8EB2453EBF5->s2-LogAppenderDefault-LogAppenderDaemon] TRACE segmented.SegmentedRaftLogCache (AutoCloseableReadWriteLock.java:logLocking(65)) - s1@group-A8EB2453EBF5: readLock ACQUIRED 1 by SegmentedRaftLogCache.getStartIndex
2022-08-09 05:43:04,105 [s1@group-A8EB2453EBF5->s2-LogAppenderDefault-LogAppenderDaemon] TRACE segmented.SegmentedRaftLogCache (AutoCloseableReadWriteLock.java:logLocking(65)) -   s1@group-A8EB2453EBF5: readLock ACQUIRED 2 by SegmentedRaftLogCache$LogSegmentList.isEmpty
2022-08-09 05:43:04,105 [s1@group-A8EB2453EBF5->s2-LogAppenderDefault-LogAppenderDaemon] TRACE segmented.SegmentedRaftLogCache (AutoCloseableReadWriteLock.java:logLocking(65)) -   s1@group-A8EB2453EBF5: readLock RELEASED 1 by SegmentedRaftLogCache$LogSegmentList.isEmpty
2022-08-09 05:43:04,105 [s1@group-A8EB2453EBF5->s2-LogAppenderDefault-LogAppenderDaemon] TRACE segmented.SegmentedRaftLogCache (AutoCloseableReadWriteLock.java:logLocking(65)) - s1@group-A8EB2453EBF5: readLock RELEASED 0 by SegmentedRaftLogCache.getStartIndex
2022-08-09 05:43:04,105 [s1@group-A8EB2453EBF5->s2-LogAppenderDefault-LogAppenderDaemon] TRACE segmented.SegmentedRaftLogCache (AutoCloseableReadWriteLock.java:logLocking(65)) - s1@group-A8EB2453EBF5: readLock ACQUIRED 1 by SegmentedRaftLogCache.getLastTermIndex
2022-08-09 05:43:04,105 [s1@group-A8EB2453EBF5->s2-LogAppenderDefault-LogAppenderDaemon] TRACE segmented.SegmentedRaftLogCache (AutoCloseableReadWriteLock.java:logLocking(65)) - s1@group-A8EB2453EBF5: readLock RELEASED 0 by SegmentedRaftLogCache.getLastTermIndex
2022-08-09 05:43:04,105 [Thread-517] TRACE segmented.SegmentedRaftLogCache (AutoCloseableReadWriteLock.java:logLocking(65)) -   s0@group-A8EB2453EBF5: readLock ACQUIRED 2 by SegmentedRaftLogCache$LogSegmentList.binarySearch
2022-08-09 05:43:04,105 [Thread-517] TRACE segmented.SegmentedRaftLogCache (AutoCloseableReadWriteLock.java:logLocking(65)) -   s0@group-A8EB2453EBF5: readLock RELEASED 1 by SegmentedRaftLogCache$LogSegmentList.binarySearch
2022-08-09 05:43:04,105 [Thread-517] TRACE segmented.SegmentedRaftLogCache (AutoCloseableReadWriteLock.java:logLocking(65)) -   s0@group-A8EB2453EBF5: readLock ACQUIRED 2 by SegmentedRaftLogCache$LogSegmentList.size
2022-08-09 05:43:04,105 [Thread-517] TRACE segmented.SegmentedRaftLogCache (AutoCloseableReadWriteLock.java:logLocking(65)) -   s0@group-A8EB2453EBF5: readLock RELEASED 1 by SegmentedRaftLogCache$LogSegmentList.size
2022-08-09 05:43:04,105 [Thread-517] TRACE segmented.SegmentedRaftLogCache (AutoCloseableReadWriteLock.java:logLocking(65)) - s0@group-A8EB2453EBF5: readLock RELEASED 0 by SegmentedRaftLogCache.computeTruncateIndices
2022-08-09 05:43:04,105 [Thread-480] TRACE segmented.SegmentedRaftLogCache (AutoCloseableReadWriteLock.java:logLocking(65)) - s2@group-A8EB2453EBF5: readLock ACQUIRED 1 by SegmentedRaftLogCache.computeTruncateIndices
2022-08-09 05:43:04,105 [Thread-517] DEBUG raftlog.RaftLog (SegmentedRaftLog.java:appendImpl(447)) - truncateIndex=-1, arrayIndex=0
2022-08-09 05:43:04,105 [Thread-517] TRACE segmented.SegmentedRaftLogCache (AutoCloseableReadWriteLock.java:logLocking(65)) - s0@group-A8EB2453EBF5: readLock ACQUIRED 1 by SegmentedRaftLogCache$LogSegmentList.countCached
2022-08-09 05:43:04,105 [Thread-517] TRACE segmented.SegmentedRaftLogCache (AutoCloseableReadWriteLock.java:logLocking(65)) - s0@group-A8EB2453EBF5: readLock RELEASED 0 by SegmentedRaftLogCache$LogSegmentList.countCached
2022-08-09 05:43:04,105 [Thread-517] TRACE segmented.SegmentedRaftLogCache (AutoCloseableReadWriteLock.java:logLocking(65)) - s0@group-A8EB2453EBF5: readLock ACQUIRED 1 by SegmentedRaftLogCache$LogSegmentList.getTotalCacheSize
2022-08-09 05:43:04,105 [Thread-517] TRACE segmented.SegmentedRaftLogCache (AutoCloseableReadWriteLock.java:logLocking(65)) - s0@group-A8EB2453EBF5: readLock RELEASED 0 by SegmentedRaftLogCache$LogSegmentList.getTotalCacheSize
2022-08-09 05:43:04,105 [Thread-517] DEBUG segmented.SegmentedRaftLogWorker (SegmentedRaftLogWorker.java:addIOTask(270)) - s0@group-A8EB2453EBF5-SegmentedRaftLogWorker adds IO task WriteLog:38: (t:1, i:38), METADATAENTRY(c:37)
2022-08-09 05:43:04,106 [s0@group-A8EB2453EBF5-SegmentedRaftLogWorker] DEBUG segmented.SegmentedRaftLogWorker (SegmentedRaftLogWorker.java:flushIfNecessary(365)) - s0@group-A8EB2453EBF5-SegmentedRaftLogWorker: flush SegmentedRaftLogOutputStream(/home/runner/work/ratis/ratis/ratis-test/target/test/data/2baaa1de/MiniRaftClusterWithSimulatedRpc3b4f24d4/s0/bbd46d57-59f4-4845-aaae-a8eb2453ebf5/current/log_inprogress_0)
2022-08-09 05:43:04,106 [s1-client-thread1] TRACE segmented.SegmentedRaftLogCache (AutoCloseableReadWriteLock.java:logLocking(65)) - s1@group-A8EB2453EBF5: readLock ACQUIRED 1 by SegmentedRaftLogCache.getLastTermIndex
2022-08-09 05:43:04,106 [s1-client-thread1] TRACE segmented.SegmentedRaftLogCache (AutoCloseableReadWriteLock.java:logLocking(65)) - s1@group-A8EB2453EBF5: readLock RELEASED 0 by SegmentedRaftLogCache.getLastTermIndex
2022-08-09 05:43:04,106 [s1-client-thread1] TRACE segmented.SegmentedRaftLogCache (AutoCloseableReadWriteLock.java:logLocking(65)) - s1@group-A8EB2453EBF5: readLock ACQUIRED 1 by SegmentedRaftLogCache.getLastTermIndex
2022-08-09 05:43:04,106 [s1-client-thread1] TRACE segmented.SegmentedRaftLogCache (AutoCloseableReadWriteLock.java:logLocking(65)) - s1@group-A8EB2453EBF5: readLock RELEASED 0 by SegmentedRaftLogCache.getLastTermIndex
2022-08-09 05:43:04,106 [s1-client-thread1] TRACE segmented.SegmentedRaftLogCache (AutoCloseableReadWriteLock.java:logLocking(65)) - s1@group-A8EB2453EBF5: readLock ACQUIRED 1 by SegmentedRaftLogCache$LogSegmentList.countCached
2022-08-09 05:43:04,106 [s1-client-thread1] TRACE segmented.SegmentedRaftLogCache (AutoCloseableReadWriteLock.java:logLocking(65)) - s1@group-A8EB2453EBF5: readLock RELEASED 0 by SegmentedRaftLogCache$LogSegmentList.countCached
2022-08-09 05:43:04,106 [s1-client-thread1] TRACE segmented.SegmentedRaftLogCache (AutoCloseableReadWriteLock.java:logLocking(65)) - s1@group-A8EB2453EBF5: readLock ACQUIRED 1 by SegmentedRaftLogCache$LogSegmentList.getTotalCacheSize
2022-08-09 05:43:04,106 [s1-client-thread1] TRACE segmented.SegmentedRaftLogCache (AutoCloseableReadWriteLock.java:logLocking(65)) - s1@group-A8EB2453EBF5: readLock RELEASED 0 by SegmentedRaftLogCache$LogSegmentList.getTotalCacheSize
2022-08-09 05:43:04,106 [s1-client-thread1] DEBUG segmented.SegmentedRaftLogWorker (SegmentedRaftLogWorker.java:addIOTask(270)) - s1@group-A8EB2453EBF5-SegmentedRaftLogWorker adds IO task WriteLog:39: (t:1, i:39), STATEMACHINELOGENTRY, StateMachineLogEntryProto:220@client-60C5AB4E06F6
2022-08-09 05:43:04,106 [s1@group-A8EB2453EBF5-SegmentedRaftLogWorker] DEBUG segmented.SegmentedRaftLogWorker (SegmentedRaftLogWorker.java:flushIfNecessary(365)) - s1@group-A8EB2453EBF5-SegmentedRaftLogWorker: flush SegmentedRaftLogOutputStream(/home/runner/work/ratis/ratis/ratis-test/target/test/data/2baaa1de/MiniRaftClusterWithSimulatedRpc3b4f24d4/s1/bbd46d57-59f4-4845-aaae-a8eb2453ebf5/current/log_inprogress_0)
2022-08-09 05:43:04,105 [Thread-480] TRACE segmented.SegmentedRaftLogCache (AutoCloseableReadWriteLock.java:logLocking(65)) -   s2@group-A8EB2453EBF5: readLock ACQUIRED 2 by SegmentedRaftLogCache$LogSegmentList.binarySearch
2022-08-09 05:43:04,107 [Thread-480] TRACE segmented.SegmentedRaftLogCache (AutoCloseableReadWriteLock.java:logLocking(65)) -   s2@group-A8EB2453EBF5: readLock RELEASED 1 by SegmentedRaftLogCache$LogSegmentList.binarySearch
2022-08-09 05:43:04,107 [Thread-480] TRACE segmented.SegmentedRaftLogCache (AutoCloseableReadWriteLock.java:logLocking(65)) -   s2@group-A8EB2453EBF5: readLock ACQUIRED 2 by SegmentedRaftLogCache$LogSegmentList.size
2022-08-09 05:43:04,107 [Thread-480] TRACE segmented.SegmentedRaftLogCache (AutoCloseableReadWriteLock.java:logLocking(65)) -   s2@group-A8EB2453EBF5: readLock RELEASED 1 by SegmentedRaftLogCache$LogSegmentList.size
2022-08-09 05:43:04,107 [s1@group-A8EB2453EBF5->s0-LogAppenderDefault-LogAppenderDaemon] TRACE segmented.SegmentedRaftLogCache (AutoCloseableReadWriteLock.java:logLocking(65)) - s1@group-A8EB2453EBF5: readLock ACQUIRED 1 by SegmentedRaftLogCache.getLastTermIndex
2022-08-09 05:43:04,107 [s1@group-A8EB2453EBF5->s0-LogAppenderDefault-LogAppenderDaemon] TRACE segmented.SegmentedRaftLogCache (AutoCloseableReadWriteLock.java:logLocking(65)) - s1@group-A8EB2453EBF5: readLock RELEASED 0 by SegmentedRaftLogCache.getLastTermIndex
2022-08-09 05:43:04,107 [s0@group-A8EB2453EBF5-StateMachineUpdater] INFO  statemachine.SimpleStateMachine4Testing (SimpleStateMachine4Testing.java:put(204)) - s0: put 37, m18 -> (t:1, i:37), STATEMACHINELOGENTRY, 217@client-60C5AB4E06F6
2022-08-09 05:43:04,107 [s1@group-A8EB2453EBF5->s0-LogAppenderDefault-LogAppenderDaemon] TRACE segmented.SegmentedRaftLogCache (AutoCloseableReadWriteLock.java:logLocking(65)) - s1@group-A8EB2453EBF5: readLock ACQUIRED 1 by SegmentedRaftLogCache.getLastTermIndex
2022-08-09 05:43:04,107 [s1@group-A8EB2453EBF5->s0-LogAppenderDefault-LogAppenderDaemon] TRACE segmented.SegmentedRaftLogCache (AutoCloseableReadWriteLock.java:logLocking(65)) - s1@group-A8EB2453EBF5: readLock RELEASED 0 by SegmentedRaftLogCache.getLastTermIndex
2022-08-09 05:43:04,107 [s1@group-A8EB2453EBF5->s0-LogAppenderDefault-LogAppenderDaemon] TRACE segmented.SegmentedRaftLogCache (AutoCloseableReadWriteLock.java:logLocking(65)) - s1@group-A8EB2453EBF5: readLock ACQUIRED 1 by SegmentedRaftLogCache.getLastTermIndex
2022-08-09 05:43:04,107 [s1@group-A8EB2453EBF5->s0-LogAppenderDefault-LogAppenderDaemon] TRACE segmented.SegmentedRaftLogCache (AutoCloseableReadWriteLock.java:logLocking(65)) - s1@group-A8EB2453EBF5: readLock RELEASED 0 by SegmentedRaftLogCache.getLastTermIndex
2022-08-09 05:43:04,107 [Thread-480] TRACE segmented.SegmentedRaftLogCache (AutoCloseableReadWriteLock.java:logLocking(65)) - s2@group-A8EB2453EBF5: readLock RELEASED 0 by SegmentedRaftLogCache.computeTruncateIndices
2022-08-09 05:43:04,107 [Thread-480] DEBUG raftlog.RaftLog (SegmentedRaftLog.java:appendImpl(447)) - truncateIndex=-1, arrayIndex=0
2022-08-09 05:43:04,107 [s1@group-A8EB2453EBF5->s0-LogAppenderDefault-LogAppenderDaemon] TRACE segmented.SegmentedRaftLogCache (AutoCloseableReadWriteLock.java:logLocking(65)) - s1@group-A8EB2453EBF5: readLock ACQUIRED 1 by SegmentedRaftLogCache.getStartIndex
2022-08-09 05:43:04,107 [Thread-480] TRACE segmented.SegmentedRaftLogCache (AutoCloseableReadWriteLock.java:logLocking(65)) - s2@group-A8EB2453EBF5: readLock ACQUIRED 1 by SegmentedRaftLogCache$LogSegmentList.countCached
2022-08-09 05:43:04,107 [s1@group-A8EB2453EBF5->s0-LogAppenderDefault-LogAppenderDaemon] TRACE segmented.SegmentedRaftLogCache (AutoCloseableReadWriteLock.java:logLocking(65)) -   s1@group-A8EB2453EBF5: readLock ACQUIRED 2 by SegmentedRaftLogCache$LogSegmentList.isEmpty
2022-08-09 05:43:04,107 [s1@group-A8EB2453EBF5->s0-LogAppenderDefault-LogAppenderDaemon] TRACE segmented.SegmentedRaftLogCache (AutoCloseableReadWriteLock.java:logLocking(65)) -   s1@group-A8EB2453EBF5: readLock RELEASED 1 by SegmentedRaftLogCache$LogSegmentList.isEmpty
2022-08-09 05:43:04,107 [s1@group-A8EB2453EBF5->s0-LogAppenderDefault-LogAppenderDaemon] TRACE segmented.SegmentedRaftLogCache (AutoCloseableReadWriteLock.java:logLocking(65)) - s1@group-A8EB2453EBF5: readLock RELEASED 0 by SegmentedRaftLogCache.getStartIndex
2022-08-09 05:43:04,107 [Thread-480] TRACE segmented.SegmentedRaftLogCache (AutoCloseableReadWriteLock.java:logLocking(65)) - s2@group-A8EB2453EBF5: readLock RELEASED 0 by SegmentedRaftLogCache$LogSegmentList.countCached
2022-08-09 05:43:04,107 [s1@group-A8EB2453EBF5->s0-LogAppenderDefault-LogAppenderDaemon] TRACE segmented.SegmentedRaftLogCache (AutoCloseableReadWriteLock.java:logLocking(65)) - s1@group-A8EB2453EBF5: readLock ACQUIRED 1 by SegmentedRaftLogCache.getLastTermIndex
2022-08-09 05:43:04,107 [s1@group-A8EB2453EBF5->s0-LogAppenderDefault-LogAppenderDaemon] TRACE segmented.SegmentedRaftLogCache (AutoCloseableReadWriteLock.java:logLocking(65)) - s1@group-A8EB2453EBF5: readLock RELEASED 0 by SegmentedRaftLogCache.getLastTermIndex
2022-08-09 05:43:04,107 [Thread-480] TRACE segmented.SegmentedRaftLogCache (AutoCloseableReadWriteLock.java:logLocking(65)) - s2@group-A8EB2453EBF5: readLock ACQUIRED 1 by SegmentedRaftLogCache$LogSegmentList.getTotalCacheSize
2022-08-09 05:43:04,107 [Thread-480] TRACE segmented.SegmentedRaftLogCache (AutoCloseableReadWriteLock.java:logLocking(65)) - s2@group-A8EB2453EBF5: readLock RELEASED 0 by SegmentedRaftLogCache$LogSegmentList.getTotalCacheSize
2022-08-09 05:43:04,108 [Thread-480] DEBUG segmented.SegmentedRaftLogWorker (SegmentedRaftLogWorker.java:addIOTask(270)) - s2@group-A8EB2453EBF5-SegmentedRaftLogWorker adds IO task WriteLog:38: (t:1, i:38), METADATAENTRY(c:37)
2022-08-09 05:43:04,108 [s1@group-A8EB2453EBF5-LeaderStateImpl] TRACE segmented.SegmentedRaftLogCache (AutoCloseableReadWriteLock.java:logLocking(65)) - s1@group-A8EB2453EBF5: readLock ACQUIRED 1 by SegmentedRaftLogCache.getStartIndex
2022-08-09 05:43:04,108 [s1@group-A8EB2453EBF5-LeaderStateImpl] TRACE segmented.SegmentedRaftLogCache (AutoCloseableReadWriteLock.java:logLocking(65)) -   s1@group-A8EB2453EBF5: readLock ACQUIRED 2 by SegmentedRaftLogCache$LogSegmentList.isEmpty
2022-08-09 05:43:04,108 [s1@group-A8EB2453EBF5-LeaderStateImpl] TRACE segmented.SegmentedRaftLogCache (AutoCloseableReadWriteLock.java:logLocking(65)) -   s1@group-A8EB2453EBF5: readLock RELEASED 1 by SegmentedRaftLogCache$LogSegmentList.isEmpty
2022-08-09 05:43:04,108 [s2@group-A8EB2453EBF5-SegmentedRaftLogWorker] DEBUG segmented.SegmentedRaftLogWorker (SegmentedRaftLogWorker.java:flushIfNecessary(365)) - s2@group-A8EB2453EBF5-SegmentedRaftLogWorker: flush SegmentedRaftLogOutputStream(/home/runner/work/ratis/ratis/ratis-test/target/test/data/2baaa1de/MiniRaftClusterWithSimulatedRpc3b4f24d4/s2/bbd46d57-59f4-4845-aaae-a8eb2453ebf5/current/log_inprogress_0)
2022-08-09 05:43:04,108 [s1@group-A8EB2453EBF5-LeaderStateImpl] TRACE segmented.SegmentedRaftLogCache (AutoCloseableReadWriteLock.java:logLocking(65)) - s1@group-A8EB2453EBF5: readLock RELEASED 0 by SegmentedRaftLogCache.getStartIndex
2022-08-09 05:43:04,108 [Thread-518] TRACE segmented.SegmentedRaftLogCache (AutoCloseableReadWriteLock.java:logLocking(65)) - s0@group-A8EB2453EBF5: readLock ACQUIRED 1 by SegmentedRaftLogCache.computeTruncateIndices
2022-08-09 05:43:04,108 [s1@group-A8EB2453EBF5-LeaderStateImpl] TRACE segmented.SegmentedRaftLogCache (AutoCloseableReadWriteLock.java:logLocking(65)) - s1@group-A8EB2453EBF5: readLock ACQUIRED 1 by SegmentedRaftLogCache.getEndIndex
2022-08-09 05:43:04,108 [s1@group-A8EB2453EBF5-LeaderStateImpl] TRACE segmented.SegmentedRaftLogCache (AutoCloseableReadWriteLock.java:logLocking(65)) - s1@group-A8EB2453EBF5: readLock RELEASED 0 by SegmentedRaftLogCache.getEndIndex
2022-08-09 05:43:04,108 [s1@group-A8EB2453EBF5-LeaderStateImpl] TRACE segmented.SegmentedRaftLogCache (AutoCloseableReadWriteLock.java:logLocking(65)) - s1@group-A8EB2453EBF5: readLock ACQUIRED 1 by SegmentedRaftLogCache$LogSegmentList.getTermIndex
2022-08-09 05:43:04,108 [s1@group-A8EB2453EBF5-LeaderStateImpl] TRACE segmented.SegmentedRaftLogCache (AutoCloseableReadWriteLock.java:logLocking(65)) - s1@group-A8EB2453EBF5: readLock RELEASED 0 by SegmentedRaftLogCache$LogSegmentList.getTermIndex
2022-08-09 05:43:04,108 [s2@group-A8EB2453EBF5-StateMachineUpdater] INFO  statemachine.SimpleStateMachine4Testing (SimpleStateMachine4Testing.java:put(204)) - s2: put 37, m18 -> (t:1, i:37), STATEMACHINELOGENTRY, 217@client-60C5AB4E06F6
2022-08-09 05:43:04,108 [Thread-518] TRACE segmented.SegmentedRaftLogCache (AutoCloseableReadWriteLock.java:logLocking(65)) -   s0@group-A8EB2453EBF5: readLock ACQUIRED 2 by SegmentedRaftLogCache$LogSegmentList.binarySearch
2022-08-09 05:43:04,108 [Thread-518] TRACE segmented.SegmentedRaftLogCache (AutoCloseableReadWriteLock.java:logLocking(65)) -   s0@group-A8EB2453EBF5: readLock RELEASED 1 by SegmentedRaftLogCache$LogSegmentList.binarySearch
2022-08-09 05:43:04,109 [Thread-518] TRACE segmented.SegmentedRaftLogCache (AutoCloseableReadWriteLock.java:logLocking(65)) -   s0@group-A8EB2453EBF5: readLock ACQUIRED 2 by SegmentedRaftLogCache$LogSegmentList.size
2022-08-09 05:43:04,109 [Thread-518] TRACE segmented.SegmentedRaftLogCache (AutoCloseableReadWriteLock.java:logLocking(65)) -   s0@group-A8EB2453EBF5: readLock RELEASED 1 by SegmentedRaftLogCache$LogSegmentList.size
2022-08-09 05:43:04,109 [Thread-518] TRACE segmented.SegmentedRaftLogCache (AutoCloseableReadWriteLock.java:logLocking(65)) - s0@group-A8EB2453EBF5: readLock RELEASED 0 by SegmentedRaftLogCache.computeTruncateIndices
2022-08-09 05:43:04,109 [Thread-518] DEBUG raftlog.RaftLog (SegmentedRaftLog.java:appendImpl(447)) - truncateIndex=-1, arrayIndex=0
2022-08-09 05:43:04,109 [Thread-518] TRACE segmented.SegmentedRaftLogCache (AutoCloseableReadWriteLock.java:logLocking(65)) - s0@group-A8EB2453EBF5: readLock ACQUIRED 1 by SegmentedRaftLogCache.getLastTermIndex
2022-08-09 05:43:04,109 [Thread-518] TRACE segmented.SegmentedRaftLogCache (AutoCloseableReadWriteLock.java:logLocking(65)) - s0@group-A8EB2453EBF5: readLock RELEASED 0 by SegmentedRaftLogCache.getLastTermIndex
2022-08-09 05:43:04,109 [Thread-518] TRACE segmented.SegmentedRaftLogCache (AutoCloseableReadWriteLock.java:logLocking(65)) - s0@group-A8EB2453EBF5: readLock ACQUIRED 1 by SegmentedRaftLogCache$LogSegmentList.countCached
2022-08-09 05:43:04,109 [Thread-518] TRACE segmented.SegmentedRaftLogCache (AutoCloseableReadWriteLock.java:logLocking(65)) - s0@group-A8EB2453EBF5: readLock RELEASED 0 by SegmentedRaftLogCache$LogSegmentList.countCached
2022-08-09 05:43:04,109 [Thread-518] TRACE segmented.SegmentedRaftLogCache (AutoCloseableReadWriteLock.java:logLocking(65)) - s0@group-A8EB2453EBF5: readLock ACQUIRED 1 by SegmentedRaftLogCache$LogSegmentList.getTotalCacheSize
2022-08-09 05:43:04,109 [Thread-518] TRACE segmented.SegmentedRaftLogCache (AutoCloseableReadWriteLock.java:logLocking(65)) - s0@group-A8EB2453EBF5: readLock RELEASED 0 by SegmentedRaftLogCache$LogSegmentList.getTotalCacheSize
2022-08-09 05:43:04,109 [Thread-518] DEBUG segmented.SegmentedRaftLogWorker (SegmentedRaftLogWorker.java:addIOTask(270)) - s0@group-A8EB2453EBF5-SegmentedRaftLogWorker adds IO task WriteLog:39: (t:1, i:39), STATEMACHINELOGENTRY, StateMachineLogEntryProto:220@client-60C5AB4E06F6
2022-08-09 05:43:04,109 [s0@group-A8EB2453EBF5-SegmentedRaftLogWorker] DEBUG segmented.SegmentedRaftLogWorker (SegmentedRaftLogWorker.java:flushIfNecessary(365)) - s0@group-A8EB2453EBF5-SegmentedRaftLogWorker: flush SegmentedRaftLogOutputStream(/home/runner/work/ratis/ratis/ratis-test/target/test/data/2baaa1de/MiniRaftClusterWithSimulatedRpc3b4f24d4/s0/bbd46d57-59f4-4845-aaae-a8eb2453ebf5/current/log_inprogress_0)
2022-08-09 05:43:04,109 [s1@group-A8EB2453EBF5->s2-LogAppenderDefault-LogAppenderDaemon] TRACE segmented.SegmentedRaftLogCache (AutoCloseableReadWriteLock.java:logLocking(65)) - s1@group-A8EB2453EBF5: readLock ACQUIRED 1 by SegmentedRaftLogCache.getLastTermIndex
2022-08-09 05:43:04,109 [s1@group-A8EB2453EBF5->s2-LogAppenderDefault-LogAppenderDaemon] TRACE segmented.SegmentedRaftLogCache (AutoCloseableReadWriteLock.java:logLocking(65)) - s1@group-A8EB2453EBF5: readLock RELEASED 0 by SegmentedRaftLogCache.getLastTermIndex
2022-08-09 05:43:04,109 [s1@group-A8EB2453EBF5->s2-LogAppenderDefault-LogAppenderDaemon] TRACE segmented.SegmentedRaftLogCache (AutoCloseableReadWriteLock.java:logLocking(65)) - s1@group-A8EB2453EBF5: readLock ACQUIRED 1 by SegmentedRaftLogCache.getLastTermIndex
2022-08-09 05:43:04,109 [s1@group-A8EB2453EBF5->s2-LogAppenderDefault-LogAppenderDaemon] TRACE segmented.SegmentedRaftLogCache (AutoCloseableReadWriteLock.java:logLocking(65)) - s1@group-A8EB2453EBF5: readLock RELEASED 0 by SegmentedRaftLogCache.getLastTermIndex
2022-08-09 05:43:04,110 [s1@group-A8EB2453EBF5->s2-LogAppenderDefault-LogAppenderDaemon] TRACE segmented.SegmentedRaftLogCache (AutoCloseableReadWriteLock.java:logLocking(65)) - s1@group-A8EB2453EBF5: readLock ACQUIRED 1 by SegmentedRaftLogCache.getLastTermIndex
2022-08-09 05:43:04,110 [s1@group-A8EB2453EBF5->s2-LogAppenderDefault-LogAppenderDaemon] TRACE segmented.SegmentedRaftLogCache (AutoCloseableReadWriteLock.java:logLocking(65)) - s1@group-A8EB2453EBF5: readLock RELEASED 0 by SegmentedRaftLogCache.getLastTermIndex
2022-08-09 05:43:04,110 [s1@group-A8EB2453EBF5->s2-LogAppenderDefault-LogAppenderDaemon] TRACE segmented.SegmentedRaftLogCache (AutoCloseableReadWriteLock.java:logLocking(65)) - s1@group-A8EB2453EBF5: readLock ACQUIRED 1 by SegmentedRaftLogCache.getStartIndex
2022-08-09 05:43:04,110 [s1@group-A8EB2453EBF5->s2-LogAppenderDefault-LogAppenderDaemon] TRACE segmented.SegmentedRaftLogCache (AutoCloseableReadWriteLock.java:logLocking(65)) -   s1@group-A8EB2453EBF5: readLock ACQUIRED 2 by SegmentedRaftLogCache$LogSegmentList.isEmpty
2022-08-09 05:43:04,110 [s1@group-A8EB2453EBF5->s2-LogAppenderDefault-LogAppenderDaemon] TRACE segmented.SegmentedRaftLogCache (AutoCloseableReadWriteLock.java:logLocking(65)) -   s1@group-A8EB2453EBF5: readLock RELEASED 1 by SegmentedRaftLogCache$LogSegmentList.isEmpty
2022-08-09 05:43:04,110 [s1@group-A8EB2453EBF5->s2-LogAppenderDefault-LogAppenderDaemon] TRACE segmented.SegmentedRaftLogCache (AutoCloseableReadWriteLock.java:logLocking(65)) - s1@group-A8EB2453EBF5: readLock RELEASED 0 by SegmentedRaftLogCache.getStartIndex
2022-08-09 05:43:04,110 [s1@group-A8EB2453EBF5->s2-LogAppenderDefault-LogAppenderDaemon] TRACE segmented.SegmentedRaftLogCache (AutoCloseableReadWriteLock.java:logLocking(65)) - s1@group-A8EB2453EBF5: readLock ACQUIRED 1 by SegmentedRaftLogCache.getLastTermIndex
2022-08-09 05:43:04,110 [s1@group-A8EB2453EBF5->s2-LogAppenderDefault-LogAppenderDaemon] TRACE segmented.SegmentedRaftLogCache (AutoCloseableReadWriteLock.java:logLocking(65)) - s1@group-A8EB2453EBF5: readLock RELEASED 0 by SegmentedRaftLogCache.getLastTermIndex
2022-08-09 05:43:04,110 [Thread-481] TRACE segmented.SegmentedRaftLogCache (AutoCloseableReadWriteLock.java:logLocking(65)) - s2@group-A8EB2453EBF5: readLock ACQUIRED 1 by SegmentedRaftLogCache.computeTruncateIndices
2022-08-09 05:43:04,110 [Thread-481] TRACE segmented.SegmentedRaftLogCache (AutoCloseableReadWriteLock.java:logLocking(65)) -   s2@group-A8EB2453EBF5: readLock ACQUIRED 2 by SegmentedRaftLogCache$LogSegmentList.binarySearch
2022-08-09 05:43:04,110 [Thread-481] TRACE segmented.SegmentedRaftLogCache (AutoCloseableReadWriteLock.java:logLocking(65)) -   s2@group-A8EB2453EBF5: readLock RELEASED 1 by SegmentedRaftLogCache$LogSegmentList.binarySearch
2022-08-09 05:43:04,110 [Thread-481] TRACE segmented.SegmentedRaftLogCache (AutoCloseableReadWriteLock.java:logLocking(65)) -   s2@group-A8EB2453EBF5: readLock ACQUIRED 2 by SegmentedRaftLogCache$LogSegmentList.size
2022-08-09 05:43:04,110 [Thread-481] TRACE segmented.SegmentedRaftLogCache (AutoCloseableReadWriteLock.java:logLocking(65)) -   s2@group-A8EB2453EBF5: readLock RELEASED 1 by SegmentedRaftLogCache$LogSegmentList.size
2022-08-09 05:43:04,110 [Thread-481] TRACE segmented.SegmentedRaftLogCache (AutoCloseableReadWriteLock.java:logLocking(65)) - s2@group-A8EB2453EBF5: readLock RELEASED 0 by SegmentedRaftLogCache.computeTruncateIndices
2022-08-09 05:43:04,110 [Thread-481] DEBUG raftlog.RaftLog (SegmentedRaftLog.java:appendImpl(447)) - truncateIndex=-1, arrayIndex=0
2022-08-09 05:43:04,110 [Thread-481] TRACE segmented.SegmentedRaftLogCache (AutoCloseableReadWriteLock.java:logLocking(65)) - s2@group-A8EB2453EBF5: readLock ACQUIRED 1 by SegmentedRaftLogCache.getLastTermIndex
2022-08-09 05:43:04,110 [Thread-481] TRACE segmented.SegmentedRaftLogCache (AutoCloseableReadWriteLock.java:logLocking(65)) - s2@group-A8EB2453EBF5: readLock RELEASED 0 by SegmentedRaftLogCache.getLastTermIndex
2022-08-09 05:43:04,110 [Thread-481] TRACE segmented.SegmentedRaftLogCache (AutoCloseableReadWriteLock.java:logLocking(65)) - s2@group-A8EB2453EBF5: readLock ACQUIRED 1 by SegmentedRaftLogCache$LogSegmentList.countCached
2022-08-09 05:43:04,110 [Thread-481] TRACE segmented.SegmentedRaftLogCache (AutoCloseableReadWriteLock.java:logLocking(65)) - s2@group-A8EB2453EBF5: readLock RELEASED 0 by SegmentedRaftLogCache$LogSegmentList.countCached
2022-08-09 05:43:04,111 [Thread-481] TRACE segmented.SegmentedRaftLogCache (AutoCloseableReadWriteLock.java:logLocking(65)) - s2@group-A8EB2453EBF5: readLock ACQUIRED 1 by SegmentedRaftLogCache$LogSegmentList.getTotalCacheSize
2022-08-09 05:43:04,111 [Thread-481] TRACE segmented.SegmentedRaftLogCache (AutoCloseableReadWriteLock.java:logLocking(65)) - s2@group-A8EB2453EBF5: readLock RELEASED 0 by SegmentedRaftLogCache$LogSegmentList.getTotalCacheSize
2022-08-09 05:43:04,111 [Thread-481] DEBUG segmented.SegmentedRaftLogWorker (SegmentedRaftLogWorker.java:addIOTask(270)) - s2@group-A8EB2453EBF5-SegmentedRaftLogWorker adds IO task WriteLog:39: (t:1, i:39), STATEMACHINELOGENTRY, StateMachineLogEntryProto:220@client-60C5AB4E06F6
2022-08-09 05:43:04,111 [s2@group-A8EB2453EBF5-SegmentedRaftLogWorker] DEBUG segmented.SegmentedRaftLogWorker (SegmentedRaftLogWorker.java:flushIfNecessary(365)) - s2@group-A8EB2453EBF5-SegmentedRaftLogWorker: flush SegmentedRaftLogOutputStream(/home/runner/work/ratis/ratis/ratis-test/target/test/data/2baaa1de/MiniRaftClusterWithSimulatedRpc3b4f24d4/s2/bbd46d57-59f4-4845-aaae-a8eb2453ebf5/current/log_inprogress_0)
2022-08-09 05:43:04,111 [s1@group-A8EB2453EBF5->s0-LogAppenderDefault-LogAppenderDaemon] TRACE segmented.SegmentedRaftLogCache (AutoCloseableReadWriteLock.java:logLocking(65)) - s1@group-A8EB2453EBF5: readLock ACQUIRED 1 by SegmentedRaftLogCache.getLastTermIndex
2022-08-09 05:43:04,111 [s1@group-A8EB2453EBF5->s0-LogAppenderDefault-LogAppenderDaemon] TRACE segmented.SegmentedRaftLogCache (AutoCloseableReadWriteLock.java:logLocking(65)) - s1@group-A8EB2453EBF5: readLock RELEASED 0 by SegmentedRaftLogCache.getLastTermIndex
2022-08-09 05:43:04,111 [s1@group-A8EB2453EBF5-LeaderStateImpl] TRACE segmented.SegmentedRaftLogCache (AutoCloseableReadWriteLock.java:logLocking(65)) - s1@group-A8EB2453EBF5: readLock ACQUIRED 1 by SegmentedRaftLogCache.getStartIndex
2022-08-09 05:43:04,111 [s1@group-A8EB2453EBF5-LeaderStateImpl] TRACE segmented.SegmentedRaftLogCache (AutoCloseableReadWriteLock.java:logLocking(65)) -   s1@group-A8EB2453EBF5: readLock ACQUIRED 2 by SegmentedRaftLogCache$LogSegmentList.isEmpty
2022-08-09 05:43:04,111 [s1@group-A8EB2453EBF5-LeaderStateImpl] TRACE segmented.SegmentedRaftLogCache (AutoCloseableReadWriteLock.java:logLocking(65)) -   s1@group-A8EB2453EBF5: readLock RELEASED 1 by SegmentedRaftLogCache$LogSegmentList.isEmpty
2022-08-09 05:43:04,111 [s1@group-A8EB2453EBF5->s0-LogAppenderDefault-LogAppenderDaemon] TRACE segmented.SegmentedRaftLogCache (AutoCloseableReadWriteLock.java:logLocking(65)) -     s1@group-A8EB2453EBF5: readLock ACQUIRED 3 by SegmentedRaftLogCache.getLastTermIndex
2022-08-09 05:43:04,111 [s1@group-A8EB2453EBF5->s0-LogAppenderDefault-LogAppenderDaemon] TRACE segmented.SegmentedRaftLogCache (AutoCloseableReadWriteLock.java:logLocking(65)) -     s1@group-A8EB2453EBF5: readLock RELEASED 2 by SegmentedRaftLogCache.getLastTermIndex
2022-08-09 05:43:04,111 [s1@group-A8EB2453EBF5->s0-LogAppenderDefault-LogAppenderDaemon] TRACE segmented.SegmentedRaftLogCache (AutoCloseableReadWriteLock.java:logLocking(65)) -     s1@group-A8EB2453EBF5: readLock ACQUIRED 3 by SegmentedRaftLogCache.getLastTermIndex
2022-08-09 05:43:04,111 [s1@group-A8EB2453EBF5->s0-LogAppenderDefault-LogAppenderDaemon] TRACE segmented.SegmentedRaftLogCache (AutoCloseableReadWriteLock.java:logLocking(65)) -     s1@group-A8EB2453EBF5: readLock RELEASED 2 by SegmentedRaftLogCache.getLastTermIndex
2022-08-09 05:43:04,111 [s1@group-A8EB2453EBF5->s2-LogAppenderDefault-LogAppenderDaemon] TRACE segmented.SegmentedRaftLogCache (AutoCloseableReadWriteLock.java:logLocking(65)) -   s1@group-A8EB2453EBF5: readLock ACQUIRED 2 by SegmentedRaftLogCache.getLastTermIndex
2022-08-09 05:43:04,111 [s1@group-A8EB2453EBF5->s2-LogAppenderDefault-LogAppenderDaemon] TRACE segmented.SegmentedRaftLogCache (AutoCloseableReadWriteLock.java:logLocking(65)) -   s1@group-A8EB2453EBF5: readLock RELEASED 1 by SegmentedRaftLogCache.getLastTermIndex
2022-08-09 05:43:04,112 [s1@group-A8EB2453EBF5-LeaderStateImpl] TRACE segmented.SegmentedRaftLogCache (AutoCloseableReadWriteLock.java:logLocking(65)) - s1@group-A8EB2453EBF5: readLock RELEASED 0 by SegmentedRaftLogCache.getStartIndex
2022-08-09 05:43:04,112 [s1@group-A8EB2453EBF5-LeaderStateImpl] TRACE segmented.SegmentedRaftLogCache (AutoCloseableReadWriteLock.java:logLocking(65)) - s1@group-A8EB2453EBF5: readLock ACQUIRED 1 by SegmentedRaftLogCache.getEndIndex
2022-08-09 05:43:04,112 [s1@group-A8EB2453EBF5-LeaderStateImpl] TRACE segmented.SegmentedRaftLogCache (AutoCloseableReadWriteLock.java:logLocking(65)) - s1@group-A8EB2453EBF5: readLock RELEASED 0 by SegmentedRaftLogCache.getEndIndex
2022-08-09 05:43:04,112 [s1@group-A8EB2453EBF5-LeaderStateImpl] TRACE segmented.SegmentedRaftLogCache (AutoCloseableReadWriteLock.java:logLocking(65)) - s1@group-A8EB2453EBF5: readLock ACQUIRED 1 by SegmentedRaftLogCache$LogSegmentList.getTermIndex
2022-08-09 05:43:04,112 [s1@group-A8EB2453EBF5-LeaderStateImpl] TRACE segmented.SegmentedRaftLogCache (AutoCloseableReadWriteLock.java:logLocking(65)) - s1@group-A8EB2453EBF5: readLock RELEASED 0 by SegmentedRaftLogCache$LogSegmentList.getTermIndex
2022-08-09 05:43:04,112 [s1@group-A8EB2453EBF5-StateMachineUpdater] INFO  statemachine.SimpleStateMachine4Testing (SimpleStateMachine4Testing.java:put(204)) - s1: put 39, m19 -> (t:1, i:39), STATEMACHINELOGENTRY, 220@client-60C5AB4E06F6
2022-08-09 05:43:04,112 [Time-limited test] TRACE segmented.SegmentedRaftLogCache (AutoCloseableReadWriteLock.java:logLocking(65)) - s1@group-A8EB2453EBF5: readLock ACQUIRED 1 by SegmentedRaftLogCache.getLastTermIndex
2022-08-09 05:43:04,112 [Time-limited test] TRACE segmented.SegmentedRaftLogCache (AutoCloseableReadWriteLock.java:logLocking(65)) - s1@group-A8EB2453EBF5: readLock RELEASED 0 by SegmentedRaftLogCache.getLastTermIndex
2022-08-09 05:43:04,113 [Time-limited test] WARN  simulation.TestServerRestartWithSimulatedRpc (JavaUtils.java:attempt(172)) - FAILED "follower catchup", attempt #1/10: java.lang.AssertionError, sleep 1s and then retry.
java.lang.AssertionError
	at org.junit.Assert.fail(Assert.java:87)
	at org.junit.Assert.assertTrue(Assert.java:42)
	at org.junit.Assert.assertTrue(Assert.java:53)
	at org.apache.ratis.server.ServerRestartTests.lambda$runTestRestartFollower$1(ServerRestartTests.java:113)
	at org.apache.ratis.util.JavaUtils.attempt(JavaUtils.java:166)
	at org.apache.ratis.util.JavaUtils.attemptRepeatedly(JavaUtils.java:152)
	at org.apache.ratis.server.ServerRestartTests.runTestRestartFollower(ServerRestartTests.java:112)
	at org.apache.ratis.server.impl.MiniRaftCluster$Factory$Get.runWithNewCluster(MiniRaftCluster.java:138)
	at org.apache.ratis.server.impl.MiniRaftCluster$Factory$Get.runWithNewCluster(MiniRaftCluster.java:118)
	at org.apache.ratis.server.ServerRestartTests.testRestartFollower(ServerRestartTests.java:88)
	at sun.reflect.NativeMethodAccessorImpl.invoke0(Native Method)
	at sun.reflect.NativeMethodAccessorImpl.invoke(NativeMethodAccessorImpl.java:62)
	at sun.reflect.DelegatingMethodAccessorImpl.invoke(DelegatingMethodAccessorImpl.java:43)
	at java.lang.reflect.Method.invoke(Method.java:498)
	at org.junit.runners.model.FrameworkMethod$1.runReflectiveCall(FrameworkMethod.java:59)
	at org.junit.internal.runners.model.ReflectiveCallable.run(ReflectiveCallable.java:12)
	at org.junit.runners.model.FrameworkMethod.invokeExplosively(FrameworkMethod.java:56)
	at org.junit.internal.runners.statements.InvokeMethod.evaluate(InvokeMethod.java:17)
	at org.junit.internal.runners.statements.RunAfters.evaluate(RunAfters.java:27)
	at org.junit.internal.runners.statements.FailOnTimeout$CallableStatement.call(FailOnTimeout.java:299)
	at org.junit.internal.runners.statements.FailOnTimeout$CallableStatement.call(FailOnTimeout.java:293)
	at java.util.concurrent.FutureTask.run(FutureTask.java:266)
	at java.lang.Thread.run(Thread.java:750)
2022-08-09 05:43:04,113 [s1@group-A8EB2453EBF5-LeaderStateImpl] TRACE segmented.SegmentedRaftLogCache (AutoCloseableReadWriteLock.java:logLocking(65)) - s1@group-A8EB2453EBF5: readLock ACQUIRED 1 by SegmentedRaftLogCache.getLastTermIndex
2022-08-09 05:43:04,113 [s1@group-A8EB2453EBF5-LeaderStateImpl] TRACE segmented.SegmentedRaftLogCache (AutoCloseableReadWriteLock.java:logLocking(65)) - s1@group-A8EB2453EBF5: readLock RELEASED 0 by SegmentedRaftLogCache.getLastTermIndex
2022-08-09 05:43:04,113 [s1@group-A8EB2453EBF5-LeaderStateImpl] TRACE segmented.SegmentedRaftLogCache (AutoCloseableReadWriteLock.java:logLocking(65)) - s1@group-A8EB2453EBF5: readLock ACQUIRED 1 by SegmentedRaftLogCache$LogSegmentList.countCached
2022-08-09 05:43:04,113 [s1@group-A8EB2453EBF5-LeaderStateImpl] TRACE segmented.SegmentedRaftLogCache (AutoCloseableReadWriteLock.java:logLocking(65)) - s1@group-A8EB2453EBF5: readLock RELEASED 0 by SegmentedRaftLogCache$LogSegmentList.countCached
2022-08-09 05:43:04,113 [s1@group-A8EB2453EBF5-LeaderStateImpl] TRACE segmented.SegmentedRaftLogCache (AutoCloseableReadWriteLock.java:logLocking(65)) - s1@group-A8EB2453EBF5: readLock ACQUIRED 1 by SegmentedRaftLogCache$LogSegmentList.getTotalCacheSize
2022-08-09 05:43:04,113 [s1@group-A8EB2453EBF5-LeaderStateImpl] TRACE segmented.SegmentedRaftLogCache (AutoCloseableReadWriteLock.java:logLocking(65)) - s1@group-A8EB2453EBF5: readLock RELEASED 0 by SegmentedRaftLogCache$LogSegmentList.getTotalCacheSize
2022-08-09 05:43:04,113 [s1@group-A8EB2453EBF5-LeaderStateImpl] DEBUG segmented.SegmentedRaftLogWorker (SegmentedRaftLogWorker.java:addIOTask(270)) - s1@group-A8EB2453EBF5-SegmentedRaftLogWorker adds IO task WriteLog:40: (t:1, i:40), METADATAENTRY(c:39)
2022-08-09 05:43:04,114 [s1@group-A8EB2453EBF5->s0-LogAppenderDefault-LogAppenderDaemon] TRACE segmented.SegmentedRaftLogCache (AutoCloseableReadWriteLock.java:logLocking(65)) - s1@group-A8EB2453EBF5: readLock ACQUIRED 1 by SegmentedRaftLogCache.getLastTermIndex
2022-08-09 05:43:04,114 [s1@group-A8EB2453EBF5->s0-LogAppenderDefault-LogAppenderDaemon] TRACE segmented.SegmentedRaftLogCache (AutoCloseableReadWriteLock.java:logLocking(65)) - s1@group-A8EB2453EBF5: readLock RELEASED 0 by SegmentedRaftLogCache.getLastTermIndex
2022-08-09 05:43:04,114 [s1@group-A8EB2453EBF5-SegmentedRaftLogWorker] DEBUG segmented.SegmentedRaftLogWorker (SegmentedRaftLogWorker.java:flushIfNecessary(365)) - s1@group-A8EB2453EBF5-SegmentedRaftLogWorker: flush SegmentedRaftLogOutputStream(/home/runner/work/ratis/ratis/ratis-test/target/test/data/2baaa1de/MiniRaftClusterWithSimulatedRpc3b4f24d4/s1/bbd46d57-59f4-4845-aaae-a8eb2453ebf5/current/log_inprogress_0)
2022-08-09 05:43:04,114 [s1@group-A8EB2453EBF5->s0-LogAppenderDefault-LogAppenderDaemon] TRACE segmented.SegmentedRaftLogCache (AutoCloseableReadWriteLock.java:logLocking(65)) - s1@group-A8EB2453EBF5: readLock ACQUIRED 1 by SegmentedRaftLogCache.getLastTermIndex
2022-08-09 05:43:04,114 [s1@group-A8EB2453EBF5->s0-LogAppenderDefault-LogAppenderDaemon] TRACE segmented.SegmentedRaftLogCache (AutoCloseableReadWriteLock.java:logLocking(65)) - s1@group-A8EB2453EBF5: readLock RELEASED 0 by SegmentedRaftLogCache.getLastTermIndex
2022-08-09 05:43:04,114 [s1@group-A8EB2453EBF5->s0-LogAppenderDefault-LogAppenderDaemon] TRACE segmented.SegmentedRaftLogCache (AutoCloseableReadWriteLock.java:logLocking(65)) - s1@group-A8EB2453EBF5: readLock ACQUIRED 1 by SegmentedRaftLogCache.getStartIndex
2022-08-09 05:43:04,114 [s1@group-A8EB2453EBF5->s0-LogAppenderDefault-LogAppenderDaemon] TRACE segmented.SegmentedRaftLogCache (AutoCloseableReadWriteLock.java:logLocking(65)) -   s1@group-A8EB2453EBF5: readLock ACQUIRED 2 by SegmentedRaftLogCache$LogSegmentList.isEmpty
2022-08-09 05:43:04,114 [s1@group-A8EB2453EBF5->s0-LogAppenderDefault-LogAppenderDaemon] TRACE segmented.SegmentedRaftLogCache (AutoCloseableReadWriteLock.java:logLocking(65)) -   s1@group-A8EB2453EBF5: readLock RELEASED 1 by SegmentedRaftLogCache$LogSegmentList.isEmpty
2022-08-09 05:43:04,114 [s1@group-A8EB2453EBF5->s0-LogAppenderDefault-LogAppenderDaemon] TRACE segmented.SegmentedRaftLogCache (AutoCloseableReadWriteLock.java:logLocking(65)) - s1@group-A8EB2453EBF5: readLock RELEASED 0 by SegmentedRaftLogCache.getStartIndex
2022-08-09 05:43:04,114 [s1@group-A8EB2453EBF5->s0-LogAppenderDefault-LogAppenderDaemon] TRACE segmented.SegmentedRaftLogCache (AutoCloseableReadWriteLock.java:logLocking(65)) - s1@group-A8EB2453EBF5: readLock ACQUIRED 1 by SegmentedRaftLogCache.getLastTermIndex
2022-08-09 05:43:04,114 [s1@group-A8EB2453EBF5->s0-LogAppenderDefault-LogAppenderDaemon] TRACE segmented.SegmentedRaftLogCache (AutoCloseableReadWriteLock.java:logLocking(65)) - s1@group-A8EB2453EBF5: readLock RELEASED 0 by SegmentedRaftLogCache.getLastTermIndex
2022-08-09 05:43:04,114 [s1@group-A8EB2453EBF5->s2-LogAppenderDefault-LogAppenderDaemon] TRACE segmented.SegmentedRaftLogCache (AutoCloseableReadWriteLock.java:logLocking(65)) - s1@group-A8EB2453EBF5: readLock ACQUIRED 1 by SegmentedRaftLogCache.getLastTermIndex
2022-08-09 05:43:04,114 [s1@group-A8EB2453EBF5->s2-LogAppenderDefault-LogAppenderDaemon] TRACE segmented.SegmentedRaftLogCache (AutoCloseableReadWriteLock.java:logLocking(65)) - s1@group-A8EB2453EBF5: readLock RELEASED 0 by SegmentedRaftLogCache.getLastTermIndex
2022-08-09 05:43:04,114 [Thread-516] TRACE segmented.SegmentedRaftLogCache (AutoCloseableReadWriteLock.java:logLocking(65)) - s0@group-A8EB2453EBF5: readLock ACQUIRED 1 by SegmentedRaftLogCache.computeTruncateIndices
2022-08-09 05:43:04,114 [s1@group-A8EB2453EBF5->s2-LogAppenderDefault-LogAppenderDaemon] TRACE segmented.SegmentedRaftLogCache (AutoCloseableReadWriteLock.java:logLocking(65)) - s1@group-A8EB2453EBF5: readLock ACQUIRED 1 by SegmentedRaftLogCache.getLastTermIndex
2022-08-09 05:43:04,114 [s1@group-A8EB2453EBF5->s2-LogAppenderDefault-LogAppenderDaemon] TRACE segmented.SegmentedRaftLogCache (AutoCloseableReadWriteLock.java:logLocking(65)) - s1@group-A8EB2453EBF5: readLock RELEASED 0 by SegmentedRaftLogCache.getLastTermIndex
2022-08-09 05:43:04,114 [Thread-516] TRACE segmented.SegmentedRaftLogCache (AutoCloseableReadWriteLock.java:logLocking(65)) -   s0@group-A8EB2453EBF5: readLock ACQUIRED 2 by SegmentedRaftLogCache$LogSegmentList.binarySearch
2022-08-09 05:43:04,114 [Thread-516] TRACE segmented.SegmentedRaftLogCache (AutoCloseableReadWriteLock.java:logLocking(65)) -   s0@group-A8EB2453EBF5: readLock RELEASED 1 by SegmentedRaftLogCache$LogSegmentList.binarySearch
2022-08-09 05:43:04,114 [s1@group-A8EB2453EBF5->s2-LogAppenderDefault-LogAppenderDaemon] TRACE segmented.SegmentedRaftLogCache (AutoCloseableReadWriteLock.java:logLocking(65)) - s1@group-A8EB2453EBF5: readLock ACQUIRED 1 by SegmentedRaftLogCache.getStartIndex
2022-08-09 05:43:04,114 [Thread-516] TRACE segmented.SegmentedRaftLogCache (AutoCloseableReadWriteLock.java:logLocking(65)) -   s0@group-A8EB2453EBF5: readLock ACQUIRED 2 by SegmentedRaftLogCache$LogSegmentList.size
2022-08-09 05:43:04,115 [Thread-516] TRACE segmented.SegmentedRaftLogCache (AutoCloseableReadWriteLock.java:logLocking(65)) -   s0@group-A8EB2453EBF5: readLock RELEASED 1 by SegmentedRaftLogCache$LogSegmentList.size
2022-08-09 05:43:04,115 [Thread-516] TRACE segmented.SegmentedRaftLogCache (AutoCloseableReadWriteLock.java:logLocking(65)) - s0@group-A8EB2453EBF5: readLock RELEASED 0 by SegmentedRaftLogCache.computeTruncateIndices
2022-08-09 05:43:04,115 [Thread-516] DEBUG raftlog.RaftLog (SegmentedRaftLog.java:appendImpl(447)) - truncateIndex=-1, arrayIndex=0
2022-08-09 05:43:04,114 [s1@group-A8EB2453EBF5->s2-LogAppenderDefault-LogAppenderDaemon] TRACE segmented.SegmentedRaftLogCache (AutoCloseableReadWriteLock.java:logLocking(65)) -   s1@group-A8EB2453EBF5: readLock ACQUIRED 2 by SegmentedRaftLogCache$LogSegmentList.isEmpty
2022-08-09 05:43:04,115 [s1@group-A8EB2453EBF5->s2-LogAppenderDefault-LogAppenderDaemon] TRACE segmented.SegmentedRaftLogCache (AutoCloseableReadWriteLock.java:logLocking(65)) -   s1@group-A8EB2453EBF5: readLock RELEASED 1 by SegmentedRaftLogCache$LogSegmentList.isEmpty
2022-08-09 05:43:04,115 [s1@group-A8EB2453EBF5->s2-LogAppenderDefault-LogAppenderDaemon] TRACE segmented.SegmentedRaftLogCache (AutoCloseableReadWriteLock.java:logLocking(65)) - s1@group-A8EB2453EBF5: readLock RELEASED 0 by SegmentedRaftLogCache.getStartIndex
2022-08-09 05:43:04,115 [Thread-516] TRACE segmented.SegmentedRaftLogCache (AutoCloseableReadWriteLock.java:logLocking(65)) - s0@group-A8EB2453EBF5: readLock ACQUIRED 1 by SegmentedRaftLogCache$LogSegmentList.countCached
2022-08-09 05:43:04,115 [Thread-516] TRACE segmented.SegmentedRaftLogCache (AutoCloseableReadWriteLock.java:logLocking(65)) - s0@group-A8EB2453EBF5: readLock RELEASED 0 by SegmentedRaftLogCache$LogSegmentList.countCached
2022-08-09 05:43:04,115 [s1@group-A8EB2453EBF5->s2-LogAppenderDefault-LogAppenderDaemon] TRACE segmented.SegmentedRaftLogCache (AutoCloseableReadWriteLock.java:logLocking(65)) - s1@group-A8EB2453EBF5: readLock ACQUIRED 1 by SegmentedRaftLogCache.getLastTermIndex
2022-08-09 05:43:04,115 [s1@group-A8EB2453EBF5->s2-LogAppenderDefault-LogAppenderDaemon] TRACE segmented.SegmentedRaftLogCache (AutoCloseableReadWriteLock.java:logLocking(65)) - s1@group-A8EB2453EBF5: readLock RELEASED 0 by SegmentedRaftLogCache.getLastTermIndex
2022-08-09 05:43:04,115 [Thread-516] TRACE segmented.SegmentedRaftLogCache (AutoCloseableReadWriteLock.java:logLocking(65)) - s0@group-A8EB2453EBF5: readLock ACQUIRED 1 by SegmentedRaftLogCache$LogSegmentList.getTotalCacheSize
2022-08-09 05:43:04,115 [Thread-516] TRACE segmented.SegmentedRaftLogCache (AutoCloseableReadWriteLock.java:logLocking(65)) - s0@group-A8EB2453EBF5: readLock RELEASED 0 by SegmentedRaftLogCache$LogSegmentList.getTotalCacheSize
2022-08-09 05:43:04,115 [Thread-516] DEBUG segmented.SegmentedRaftLogWorker (SegmentedRaftLogWorker.java:addIOTask(270)) - s0@group-A8EB2453EBF5-SegmentedRaftLogWorker adds IO task WriteLog:40: (t:1, i:40), METADATAENTRY(c:39)
2022-08-09 05:43:04,115 [Thread-479] TRACE segmented.SegmentedRaftLogCache (AutoCloseableReadWriteLock.java:logLocking(65)) - s2@group-A8EB2453EBF5: readLock ACQUIRED 1 by SegmentedRaftLogCache.computeTruncateIndices
2022-08-09 05:43:04,115 [Thread-479] TRACE segmented.SegmentedRaftLogCache (AutoCloseableReadWriteLock.java:logLocking(65)) -   s2@group-A8EB2453EBF5: readLock ACQUIRED 2 by SegmentedRaftLogCache$LogSegmentList.binarySearch
2022-08-09 05:43:04,115 [Thread-479] TRACE segmented.SegmentedRaftLogCache (AutoCloseableReadWriteLock.java:logLocking(65)) -   s2@group-A8EB2453EBF5: readLock RELEASED 1 by SegmentedRaftLogCache$LogSegmentList.binarySearch
2022-08-09 05:43:04,115 [Thread-479] TRACE segmented.SegmentedRaftLogCache (AutoCloseableReadWriteLock.java:logLocking(65)) -   s2@group-A8EB2453EBF5: readLock ACQUIRED 2 by SegmentedRaftLogCache$LogSegmentList.size
2022-08-09 05:43:04,115 [Thread-479] TRACE segmented.SegmentedRaftLogCache (AutoCloseableReadWriteLock.java:logLocking(65)) -   s2@group-A8EB2453EBF5: readLock RELEASED 1 by SegmentedRaftLogCache$LogSegmentList.size
2022-08-09 05:43:04,116 [Thread-479] TRACE segmented.SegmentedRaftLogCache (AutoCloseableReadWriteLock.java:logLocking(65)) - s2@group-A8EB2453EBF5: readLock RELEASED 0 by SegmentedRaftLogCache.computeTruncateIndices
2022-08-09 05:43:04,116 [Thread-479] DEBUG raftlog.RaftLog (SegmentedRaftLog.java:appendImpl(447)) - truncateIndex=-1, arrayIndex=0
2022-08-09 05:43:04,116 [Thread-479] TRACE segmented.SegmentedRaftLogCache (AutoCloseableReadWriteLock.java:logLocking(65)) - s2@group-A8EB2453EBF5: readLock ACQUIRED 1 by SegmentedRaftLogCache$LogSegmentList.countCached
2022-08-09 05:43:04,116 [Thread-479] TRACE segmented.SegmentedRaftLogCache (AutoCloseableReadWriteLock.java:logLocking(65)) - s2@group-A8EB2453EBF5: readLock RELEASED 0 by SegmentedRaftLogCache$LogSegmentList.countCached
2022-08-09 05:43:04,116 [Thread-479] TRACE segmented.SegmentedRaftLogCache (AutoCloseableReadWriteLock.java:logLocking(65)) - s2@group-A8EB2453EBF5: readLock ACQUIRED 1 by SegmentedRaftLogCache$LogSegmentList.getTotalCacheSize
2022-08-09 05:43:04,116 [Thread-479] TRACE segmented.SegmentedRaftLogCache (AutoCloseableReadWriteLock.java:logLocking(65)) - s2@group-A8EB2453EBF5: readLock RELEASED 0 by SegmentedRaftLogCache$LogSegmentList.getTotalCacheSize
2022-08-09 05:43:04,116 [Thread-479] DEBUG segmented.SegmentedRaftLogWorker (SegmentedRaftLogWorker.java:addIOTask(270)) - s2@group-A8EB2453EBF5-SegmentedRaftLogWorker adds IO task WriteLog:40: (t:1, i:40), METADATAENTRY(c:39)
2022-08-09 05:43:04,116 [s0@group-A8EB2453EBF5-SegmentedRaftLogWorker] DEBUG segmented.SegmentedRaftLogWorker (SegmentedRaftLogWorker.java:flushIfNecessary(365)) - s0@group-A8EB2453EBF5-SegmentedRaftLogWorker: flush SegmentedRaftLogOutputStream(/home/runner/work/ratis/ratis/ratis-test/target/test/data/2baaa1de/MiniRaftClusterWithSimulatedRpc3b4f24d4/s0/bbd46d57-59f4-4845-aaae-a8eb2453ebf5/current/log_inprogress_0)
2022-08-09 05:43:04,116 [s2@group-A8EB2453EBF5-SegmentedRaftLogWorker] DEBUG segmented.SegmentedRaftLogWorker (SegmentedRaftLogWorker.java:flushIfNecessary(365)) - s2@group-A8EB2453EBF5-SegmentedRaftLogWorker: flush SegmentedRaftLogOutputStream(/home/runner/work/ratis/ratis/ratis-test/target/test/data/2baaa1de/MiniRaftClusterWithSimulatedRpc3b4f24d4/s2/bbd46d57-59f4-4845-aaae-a8eb2453ebf5/current/log_inprogress_0)
2022-08-09 05:43:04,116 [s2@group-A8EB2453EBF5-StateMachineUpdater] INFO  statemachine.SimpleStateMachine4Testing (SimpleStateMachine4Testing.java:put(204)) - s2: put 39, m19 -> (t:1, i:39), STATEMACHINELOGENTRY, 220@client-60C5AB4E06F6
2022-08-09 05:43:04,116 [s0@group-A8EB2453EBF5-StateMachineUpdater] INFO  statemachine.SimpleStateMachine4Testing (SimpleStateMachine4Testing.java:put(204)) - s0: put 39, m19 -> (t:1, i:39), STATEMACHINELOGENTRY, 220@client-60C5AB4E06F6
2022-08-09 05:43:04,117 [s1@group-A8EB2453EBF5->s0-LogAppenderDefault-LogAppenderDaemon] TRACE segmented.SegmentedRaftLogCache (AutoCloseableReadWriteLock.java:logLocking(65)) - s1@group-A8EB2453EBF5: readLock ACQUIRED 1 by SegmentedRaftLogCache.getLastTermIndex
2022-08-09 05:43:04,117 [s1@group-A8EB2453EBF5->s0-LogAppenderDefault-LogAppenderDaemon] TRACE segmented.SegmentedRaftLogCache (AutoCloseableReadWriteLock.java:logLocking(65)) - s1@group-A8EB2453EBF5: readLock RELEASED 0 by SegmentedRaftLogCache.getLastTermIndex
2022-08-09 05:43:04,117 [s1@group-A8EB2453EBF5->s2-LogAppenderDefault-LogAppenderDaemon] TRACE segmented.SegmentedRaftLogCache (AutoCloseableReadWriteLock.java:logLocking(65)) - s1@group-A8EB2453EBF5: readLock ACQUIRED 1 by SegmentedRaftLogCache.getLastTermIndex
2022-08-09 05:43:04,117 [s1@group-A8EB2453EBF5->s2-LogAppenderDefault-LogAppenderDaemon] TRACE segmented.SegmentedRaftLogCache (AutoCloseableReadWriteLock.java:logLocking(65)) - s1@group-A8EB2453EBF5: readLock RELEASED 0 by SegmentedRaftLogCache.getLastTermIndex
2022-08-09 05:43:04,117 [s1@group-A8EB2453EBF5->s0-LogAppenderDefault-LogAppenderDaemon] TRACE segmented.SegmentedRaftLogCache (AutoCloseableReadWriteLock.java:logLocking(65)) - s1@group-A8EB2453EBF5: readLock ACQUIRED 1 by SegmentedRaftLogCache.getLastTermIndex
2022-08-09 05:43:04,117 [s1@group-A8EB2453EBF5->s0-LogAppenderDefault-LogAppenderDaemon] TRACE segmented.SegmentedRaftLogCache (AutoCloseableReadWriteLock.java:logLocking(65)) - s1@group-A8EB2453EBF5: readLock RELEASED 0 by SegmentedRaftLogCache.getLastTermIndex
2022-08-09 05:43:04,117 [s1@group-A8EB2453EBF5->s0-LogAppenderDefault-LogAppenderDaemon] TRACE segmented.SegmentedRaftLogCache (AutoCloseableReadWriteLock.java:logLocking(65)) - s1@group-A8EB2453EBF5: readLock ACQUIRED 1 by SegmentedRaftLogCache.getLastTermIndex
2022-08-09 05:43:04,117 [s1@group-A8EB2453EBF5->s0-LogAppenderDefault-LogAppenderDaemon] TRACE segmented.SegmentedRaftLogCache (AutoCloseableReadWriteLock.java:logLocking(65)) - s1@group-A8EB2453EBF5: readLock RELEASED 0 by SegmentedRaftLogCache.getLastTermIndex
2022-08-09 05:43:04,117 [s1@group-A8EB2453EBF5-LeaderStateImpl] TRACE segmented.SegmentedRaftLogCache (AutoCloseableReadWriteLock.java:logLocking(65)) - s1@group-A8EB2453EBF5: readLock ACQUIRED 1 by SegmentedRaftLogCache.getStartIndex
2022-08-09 05:43:04,117 [s1@group-A8EB2453EBF5-LeaderStateImpl] TRACE segmented.SegmentedRaftLogCache (AutoCloseableReadWriteLock.java:logLocking(65)) -   s1@group-A8EB2453EBF5: readLock ACQUIRED 2 by SegmentedRaftLogCache$LogSegmentList.isEmpty
2022-08-09 05:43:04,117 [s1@group-A8EB2453EBF5-LeaderStateImpl] TRACE segmented.SegmentedRaftLogCache (AutoCloseableReadWriteLock.java:logLocking(65)) -   s1@group-A8EB2453EBF5: readLock RELEASED 1 by SegmentedRaftLogCache$LogSegmentList.isEmpty
2022-08-09 05:43:04,117 [s1@group-A8EB2453EBF5-LeaderStateImpl] TRACE segmented.SegmentedRaftLogCache (AutoCloseableReadWriteLock.java:logLocking(65)) - s1@group-A8EB2453EBF5: readLock RELEASED 0 by SegmentedRaftLogCache.getStartIndex
2022-08-09 05:43:04,117 [s1@group-A8EB2453EBF5-LeaderStateImpl] TRACE segmented.SegmentedRaftLogCache (AutoCloseableReadWriteLock.java:logLocking(65)) - s1@group-A8EB2453EBF5: readLock ACQUIRED 1 by SegmentedRaftLogCache.getEndIndex
2022-08-09 05:43:04,117 [s1@group-A8EB2453EBF5-LeaderStateImpl] TRACE segmented.SegmentedRaftLogCache (AutoCloseableReadWriteLock.java:logLocking(65)) - s1@group-A8EB2453EBF5: readLock RELEASED 0 by SegmentedRaftLogCache.getEndIndex
2022-08-09 05:43:04,117 [s1@group-A8EB2453EBF5-LeaderStateImpl] TRACE segmented.SegmentedRaftLogCache (AutoCloseableReadWriteLock.java:logLocking(65)) - s1@group-A8EB2453EBF5: readLock ACQUIRED 1 by SegmentedRaftLogCache$LogSegmentList.getTermIndex
2022-08-09 05:43:04,117 [s1@group-A8EB2453EBF5-LeaderStateImpl] TRACE segmented.SegmentedRaftLogCache (AutoCloseableReadWriteLock.java:logLocking(65)) - s1@group-A8EB2453EBF5: readLock RELEASED 0 by SegmentedRaftLogCache$LogSegmentList.getTermIndex
2022-08-09 05:43:04,118 [s1@group-A8EB2453EBF5->s0-LogAppenderDefault-LogAppenderDaemon] TRACE segmented.SegmentedRaftLogCache (AutoCloseableReadWriteLock.java:logLocking(65)) - s1@group-A8EB2453EBF5: readLock ACQUIRED 1 by SegmentedRaftLogCache.getLastTermIndex
2022-08-09 05:43:04,118 [s1@group-A8EB2453EBF5->s0-LogAppenderDefault-LogAppenderDaemon] TRACE segmented.SegmentedRaftLogCache (AutoCloseableReadWriteLock.java:logLocking(65)) - s1@group-A8EB2453EBF5: readLock RELEASED 0 by SegmentedRaftLogCache.getLastTermIndex
2022-08-09 05:43:04,118 [s1@group-A8EB2453EBF5->s0-LogAppenderDefault-LogAppenderDaemon] TRACE segmented.SegmentedRaftLogCache (AutoCloseableReadWriteLock.java:logLocking(65)) - s1@group-A8EB2453EBF5: readLock ACQUIRED 1 by SegmentedRaftLogCache.getLastTermIndex
2022-08-09 05:43:04,118 [s1@group-A8EB2453EBF5->s0-LogAppenderDefault-LogAppenderDaemon] TRACE segmented.SegmentedRaftLogCache (AutoCloseableReadWriteLock.java:logLocking(65)) - s1@group-A8EB2453EBF5: readLock RELEASED 0 by SegmentedRaftLogCache.getLastTermIndex
2022-08-09 05:43:04,118 [s1@group-A8EB2453EBF5->s2-LogAppenderDefault-LogAppenderDaemon] TRACE segmented.SegmentedRaftLogCache (AutoCloseableReadWriteLock.java:logLocking(65)) - s1@group-A8EB2453EBF5: readLock ACQUIRED 1 by SegmentedRaftLogCache.getLastTermIndex
2022-08-09 05:43:04,118 [s1@group-A8EB2453EBF5->s2-LogAppenderDefault-LogAppenderDaemon] TRACE segmented.SegmentedRaftLogCache (AutoCloseableReadWriteLock.java:logLocking(65)) - s1@group-A8EB2453EBF5: readLock RELEASED 0 by SegmentedRaftLogCache.getLastTermIndex
2022-08-09 05:43:04,118 [s1@group-A8EB2453EBF5->s2-LogAppenderDefault-LogAppenderDaemon] TRACE segmented.SegmentedRaftLogCache (AutoCloseableReadWriteLock.java:logLocking(65)) - s1@group-A8EB2453EBF5: readLock ACQUIRED 1 by SegmentedRaftLogCache.getLastTermIndex
2022-08-09 05:43:04,118 [s1@group-A8EB2453EBF5->s2-LogAppenderDefault-LogAppenderDaemon] TRACE segmented.SegmentedRaftLogCache (AutoCloseableReadWriteLock.java:logLocking(65)) - s1@group-A8EB2453EBF5: readLock RELEASED 0 by SegmentedRaftLogCache.getLastTermIndex
2022-08-09 05:43:04,118 [s1@group-A8EB2453EBF5->s0-LogAppenderDefault-LogAppenderDaemon] TRACE segmented.SegmentedRaftLogCache (AutoCloseableReadWriteLock.java:logLocking(65)) - s1@group-A8EB2453EBF5: readLock ACQUIRED 1 by SegmentedRaftLogCache.getLastTermIndex
2022-08-09 05:43:04,118 [s1@group-A8EB2453EBF5->s0-LogAppenderDefault-LogAppenderDaemon] TRACE segmented.SegmentedRaftLogCache (AutoCloseableReadWriteLock.java:logLocking(65)) - s1@group-A8EB2453EBF5: readLock RELEASED 0 by SegmentedRaftLogCache.getLastTermIndex
2022-08-09 05:43:04,118 [s1@group-A8EB2453EBF5->s0-LogAppenderDefault-LogAppenderDaemon] TRACE segmented.SegmentedRaftLogCache (AutoCloseableReadWriteLock.java:logLocking(65)) - s1@group-A8EB2453EBF5: readLock ACQUIRED 1 by SegmentedRaftLogCache.getLastTermIndex
2022-08-09 05:43:04,118 [s1@group-A8EB2453EBF5->s0-LogAppenderDefault-LogAppenderDaemon] TRACE segmented.SegmentedRaftLogCache (AutoCloseableReadWriteLock.java:logLocking(65)) - s1@group-A8EB2453EBF5: readLock RELEASED 0 by SegmentedRaftLogCache.getLastTermIndex
2022-08-09 05:43:04,118 [s1@group-A8EB2453EBF5->s2-LogAppenderDefault-LogAppenderDaemon] TRACE segmented.SegmentedRaftLogCache (AutoCloseableReadWriteLock.java:logLocking(65)) - s1@group-A8EB2453EBF5: readLock ACQUIRED 1 by SegmentedRaftLogCache.getLastTermIndex
2022-08-09 05:43:04,118 [s1@group-A8EB2453EBF5->s2-LogAppenderDefault-LogAppenderDaemon] TRACE segmented.SegmentedRaftLogCache (AutoCloseableReadWriteLock.java:logLocking(65)) - s1@group-A8EB2453EBF5: readLock RELEASED 0 by SegmentedRaftLogCache.getLastTermIndex
2022-08-09 05:43:04,119 [s1@group-A8EB2453EBF5->s2-LogAppenderDefault-LogAppenderDaemon] TRACE segmented.SegmentedRaftLogCache (AutoCloseableReadWriteLock.java:logLocking(65)) - s1@group-A8EB2453EBF5: readLock ACQUIRED 1 by SegmentedRaftLogCache.getLastTermIndex
2022-08-09 05:43:04,119 [s1@group-A8EB2453EBF5->s2-LogAppenderDefault-LogAppenderDaemon] TRACE segmented.SegmentedRaftLogCache (AutoCloseableReadWriteLock.java:logLocking(65)) - s1@group-A8EB2453EBF5: readLock RELEASED 0 by SegmentedRaftLogCache.getLastTermIndex
2022-08-09 05:43:04,192 [s1@group-A8EB2453EBF5->s0-LogAppenderDefault-LogAppenderDaemon] TRACE segmented.SegmentedRaftLogCache (AutoCloseableReadWriteLock.java:logLocking(65)) - s1@group-A8EB2453EBF5: readLock ACQUIRED 1 by SegmentedRaftLogCache.getLastTermIndex
2022-08-09 05:43:04,192 [s1@group-A8EB2453EBF5->s0-LogAppenderDefault-LogAppenderDaemon] TRACE segmented.SegmentedRaftLogCache (AutoCloseableReadWriteLock.java:logLocking(65)) - s1@group-A8EB2453EBF5: readLock RELEASED 0 by SegmentedRaftLogCache.getLastTermIndex
2022-08-09 05:43:04,192 [s1@group-A8EB2453EBF5->s0-LogAppenderDefault-LogAppenderDaemon] TRACE segmented.SegmentedRaftLogCache (AutoCloseableReadWriteLock.java:logLocking(65)) - s1@group-A8EB2453EBF5: readLock ACQUIRED 1 by SegmentedRaftLogCache.getLastTermIndex
2022-08-09 05:43:04,192 [s1@group-A8EB2453EBF5->s0-LogAppenderDefault-LogAppenderDaemon] TRACE segmented.SegmentedRaftLogCache (AutoCloseableReadWriteLock.java:logLocking(65)) - s1@group-A8EB2453EBF5: readLock RELEASED 0 by SegmentedRaftLogCache.getLastTermIndex
2022-08-09 05:43:04,193 [s1@group-A8EB2453EBF5->s2-LogAppenderDefault-LogAppenderDaemon] TRACE segmented.SegmentedRaftLogCache (AutoCloseableReadWriteLock.java:logLocking(65)) - s1@group-A8EB2453EBF5: readLock ACQUIRED 1 by SegmentedRaftLogCache.getLastTermIndex
2022-08-09 05:43:04,193 [s1@group-A8EB2453EBF5->s2-LogAppenderDefault-LogAppenderDaemon] TRACE segmented.SegmentedRaftLogCache (AutoCloseableReadWriteLock.java:logLocking(65)) - s1@group-A8EB2453EBF5: readLock RELEASED 0 by SegmentedRaftLogCache.getLastTermIndex
2022-08-09 05:43:04,193 [s1@group-A8EB2453EBF5->s2-LogAppenderDefault-LogAppenderDaemon] TRACE segmented.SegmentedRaftLogCache (AutoCloseableReadWriteLock.java:logLocking(65)) - s1@group-A8EB2453EBF5: readLock ACQUIRED 1 by SegmentedRaftLogCache.getLastTermIndex
2022-08-09 05:43:04,193 [s1@group-A8EB2453EBF5->s2-LogAppenderDefault-LogAppenderDaemon] TRACE segmented.SegmentedRaftLogCache (AutoCloseableReadWriteLock.java:logLocking(65)) - s1@group-A8EB2453EBF5: readLock RELEASED 0 by SegmentedRaftLogCache.getLastTermIndex
2022-08-09 05:43:04,193 [s0-server-thread1] TRACE segmented.SegmentedRaftLogCache (AutoCloseableReadWriteLock.java:logLocking(65)) - s0@group-A8EB2453EBF5: readLock ACQUIRED 1 by SegmentedRaftLogCache.getLastTermIndex
2022-08-09 05:43:04,193 [s0-server-thread1] TRACE segmented.SegmentedRaftLogCache (AutoCloseableReadWriteLock.java:logLocking(65)) - s0@group-A8EB2453EBF5: readLock RELEASED 0 by SegmentedRaftLogCache.getLastTermIndex
2022-08-09 05:43:04,194 [s2-server-thread1] TRACE segmented.SegmentedRaftLogCache (AutoCloseableReadWriteLock.java:logLocking(65)) - s2@group-A8EB2453EBF5: readLock ACQUIRED 1 by SegmentedRaftLogCache.getLastTermIndex
2022-08-09 05:43:04,194 [s2-server-thread1] TRACE segmented.SegmentedRaftLogCache (AutoCloseableReadWriteLock.java:logLocking(65)) - s2@group-A8EB2453EBF5: readLock RELEASED 0 by SegmentedRaftLogCache.getLastTermIndex
2022-08-09 05:43:04,194 [s1@group-A8EB2453EBF5->s0-LogAppenderDefault-LogAppenderDaemon] TRACE segmented.SegmentedRaftLogCache (AutoCloseableReadWriteLock.java:logLocking(65)) - s1@group-A8EB2453EBF5: readLock ACQUIRED 1 by SegmentedRaftLogCache.getLastTermIndex
2022-08-09 05:43:04,194 [s1@group-A8EB2453EBF5->s0-LogAppenderDefault-LogAppenderDaemon] TRACE segmented.SegmentedRaftLogCache (AutoCloseableReadWriteLock.java:logLocking(65)) - s1@group-A8EB2453EBF5: readLock RELEASED 0 by SegmentedRaftLogCache.getLastTermIndex
2022-08-09 05:43:04,194 [s1@group-A8EB2453EBF5->s2-LogAppenderDefault-LogAppenderDaemon] TRACE segmented.SegmentedRaftLogCache (AutoCloseableReadWriteLock.java:logLocking(65)) - s1@group-A8EB2453EBF5: readLock ACQUIRED 1 by SegmentedRaftLogCache.getLastTermIndex
2022-08-09 05:43:04,194 [s1@group-A8EB2453EBF5->s2-LogAppenderDefault-LogAppenderDaemon] TRACE segmented.SegmentedRaftLogCache (AutoCloseableReadWriteLock.java:logLocking(65)) - s1@group-A8EB2453EBF5: readLock RELEASED 0 by SegmentedRaftLogCache.getLastTermIndex
2022-08-09 05:43:04,194 [s1@group-A8EB2453EBF5->s0-LogAppenderDefault-LogAppenderDaemon] TRACE segmented.SegmentedRaftLogCache (AutoCloseableReadWriteLock.java:logLocking(65)) - s1@group-A8EB2453EBF5: readLock ACQUIRED 1 by SegmentedRaftLogCache.getLastTermIndex
2022-08-09 05:43:04,194 [s1@group-A8EB2453EBF5->s0-LogAppenderDefault-LogAppenderDaemon] TRACE segmented.SegmentedRaftLogCache (AutoCloseableReadWriteLock.java:logLocking(65)) - s1@group-A8EB2453EBF5: readLock RELEASED 0 by SegmentedRaftLogCache.getLastTermIndex
2022-08-09 05:43:04,194 [s1@group-A8EB2453EBF5->s0-LogAppenderDefault-LogAppenderDaemon] TRACE segmented.SegmentedRaftLogCache (AutoCloseableReadWriteLock.java:logLocking(65)) - s1@group-A8EB2453EBF5: readLock ACQUIRED 1 by SegmentedRaftLogCache.getLastTermIndex
2022-08-09 05:43:04,194 [s1@group-A8EB2453EBF5->s0-LogAppenderDefault-LogAppenderDaemon] TRACE segmented.SegmentedRaftLogCache (AutoCloseableReadWriteLock.java:logLocking(65)) - s1@group-A8EB2453EBF5: readLock RELEASED 0 by SegmentedRaftLogCache.getLastTermIndex
2022-08-09 05:43:04,269 [s1@group-A8EB2453EBF5->s2-LogAppenderDefault-LogAppenderDaemon] TRACE segmented.SegmentedRaftLogCache (AutoCloseableReadWriteLock.java:logLocking(65)) - s1@group-A8EB2453EBF5: readLock ACQUIRED 1 by SegmentedRaftLogCache.getLastTermIndex
2022-08-09 05:43:04,269 [s1@group-A8EB2453EBF5->s2-LogAppenderDefault-LogAppenderDaemon] TRACE segmented.SegmentedRaftLogCache (AutoCloseableReadWriteLock.java:logLocking(65)) -   s1@group-A8EB2453EBF5: readLock RELEASED 1 by SegmentedRaftLogCache.getLastTermIndex
2022-08-09 05:43:04,269 [s1@group-A8EB2453EBF5->s0-LogAppenderDefault-LogAppenderDaemon] TRACE segmented.SegmentedRaftLogCache (AutoCloseableReadWriteLock.java:logLocking(65)) -   s1@group-A8EB2453EBF5: readLock ACQUIRED 2 by SegmentedRaftLogCache.getLastTermIndex
2022-08-09 05:43:04,270 [s1@group-A8EB2453EBF5->s0-LogAppenderDefault-LogAppenderDaemon] TRACE segmented.SegmentedRaftLogCache (AutoCloseableReadWriteLock.java:logLocking(65)) -   s1@group-A8EB2453EBF5: readLock RELEASED 1 by SegmentedRaftLogCache.getLastTermIndex
2022-08-09 05:43:04,270 [s1@group-A8EB2453EBF5->s2-LogAppenderDefault-LogAppenderDaemon] TRACE segmented.SegmentedRaftLogCache (AutoCloseableReadWriteLock.java:logLocking(65)) -   s1@group-A8EB2453EBF5: readLock ACQUIRED 2 by SegmentedRaftLogCache.getLastTermIndex
2022-08-09 05:43:04,270 [s1@group-A8EB2453EBF5->s2-LogAppenderDefault-LogAppenderDaemon] TRACE segmented.SegmentedRaftLogCache (AutoCloseableReadWriteLock.java:logLocking(65)) -   s1@group-A8EB2453EBF5: readLock RELEASED 1 by SegmentedRaftLogCache.getLastTermIndex
2022-08-09 05:43:04,270 [s1@group-A8EB2453EBF5->s0-LogAppenderDefault-LogAppenderDaemon] TRACE segmented.SegmentedRaftLogCache (AutoCloseableReadWriteLock.java:logLocking(65)) -   s1@group-A8EB2453EBF5: readLock ACQUIRED 2 by SegmentedRaftLogCache.getLastTermIndex
2022-08-09 05:43:04,270 [s1@group-A8EB2453EBF5->s0-LogAppenderDefault-LogAppenderDaemon] TRACE segmented.SegmentedRaftLogCache (AutoCloseableReadWriteLock.java:logLocking(65)) - s1@group-A8EB2453EBF5: readLock RELEASED 0 by SegmentedRaftLogCache.getLastTermIndex
2022-08-09 05:43:04,270 [s2-server-thread1] TRACE segmented.SegmentedRaftLogCache (AutoCloseableReadWriteLock.java:logLocking(65)) - s2@group-A8EB2453EBF5: readLock ACQUIRED 1 by SegmentedRaftLogCache.getLastTermIndex
2022-08-09 05:43:04,270 [s2-server-thread1] TRACE segmented.SegmentedRaftLogCache (AutoCloseableReadWriteLock.java:logLocking(65)) - s2@group-A8EB2453EBF5: readLock RELEASED 0 by SegmentedRaftLogCache.getLastTermIndex
2022-08-09 05:43:04,270 [s0-server-thread1] TRACE segmented.SegmentedRaftLogCache (AutoCloseableReadWriteLock.java:logLocking(65)) - s0@group-A8EB2453EBF5: readLock ACQUIRED 1 by SegmentedRaftLogCache.getLastTermIndex
2022-08-09 05:43:04,270 [s0-server-thread1] TRACE segmented.SegmentedRaftLogCache (AutoCloseableReadWriteLock.java:logLocking(65)) - s0@group-A8EB2453EBF5: readLock RELEASED 0 by SegmentedRaftLogCache.getLastTermIndex
2022-08-09 05:43:04,270 [s1@group-A8EB2453EBF5->s2-LogAppenderDefault-LogAppenderDaemon] TRACE segmented.SegmentedRaftLogCache (AutoCloseableReadWriteLock.java:logLocking(65)) - s1@group-A8EB2453EBF5: readLock ACQUIRED 1 by SegmentedRaftLogCache.getLastTermIndex
2022-08-09 05:43:04,270 [s1@group-A8EB2453EBF5->s2-LogAppenderDefault-LogAppenderDaemon] TRACE segmented.SegmentedRaftLogCache (AutoCloseableReadWriteLock.java:logLocking(65)) - s1@group-A8EB2453EBF5: readLock RELEASED 0 by SegmentedRaftLogCache.getLastTermIndex
2022-08-09 05:43:04,270 [s1@group-A8EB2453EBF5->s0-LogAppenderDefault-LogAppenderDaemon] TRACE segmented.SegmentedRaftLogCache (AutoCloseableReadWriteLock.java:logLocking(65)) - s1@group-A8EB2453EBF5: readLock ACQUIRED 1 by SegmentedRaftLogCache.getLastTermIndex
2022-08-09 05:43:04,271 [s1@group-A8EB2453EBF5->s0-LogAppenderDefault-LogAppenderDaemon] TRACE segmented.SegmentedRaftLogCache (AutoCloseableReadWriteLock.java:logLocking(65)) - s1@group-A8EB2453EBF5: readLock RELEASED 0 by SegmentedRaftLogCache.getLastTermIndex
2022-08-09 05:43:04,346 [s1@group-A8EB2453EBF5->s2-LogAppenderDefault-LogAppenderDaemon] TRACE segmented.SegmentedRaftLogCache (AutoCloseableReadWriteLock.java:logLocking(65)) - s1@group-A8EB2453EBF5: readLock ACQUIRED 1 by SegmentedRaftLogCache.getLastTermIndex
2022-08-09 05:43:04,346 [s1@group-A8EB2453EBF5->s2-LogAppenderDefault-LogAppenderDaemon] TRACE segmented.SegmentedRaftLogCache (AutoCloseableReadWriteLock.java:logLocking(65)) -   s1@group-A8EB2453EBF5: readLock RELEASED 1 by SegmentedRaftLogCache.getLastTermIndex
2022-08-09 05:43:04,346 [s1@group-A8EB2453EBF5->s0-LogAppenderDefault-LogAppenderDaemon] TRACE segmented.SegmentedRaftLogCache (AutoCloseableReadWriteLock.java:logLocking(65)) -   s1@group-A8EB2453EBF5: readLock ACQUIRED 2 by SegmentedRaftLogCache.getLastTermIndex
2022-08-09 05:43:04,346 [s1@group-A8EB2453EBF5->s0-LogAppenderDefault-LogAppenderDaemon] TRACE segmented.SegmentedRaftLogCache (AutoCloseableReadWriteLock.java:logLocking(65)) -   s1@group-A8EB2453EBF5: readLock RELEASED 1 by SegmentedRaftLogCache.getLastTermIndex
2022-08-09 05:43:04,346 [s1@group-A8EB2453EBF5->s2-LogAppenderDefault-LogAppenderDaemon] TRACE segmented.SegmentedRaftLogCache (AutoCloseableReadWriteLock.java:logLocking(65)) -   s1@group-A8EB2453EBF5: readLock ACQUIRED 2 by SegmentedRaftLogCache.getLastTermIndex
2022-08-09 05:43:04,346 [s1@group-A8EB2453EBF5->s2-LogAppenderDefault-LogAppenderDaemon] TRACE segmented.SegmentedRaftLogCache (AutoCloseableReadWriteLock.java:logLocking(65)) -   s1@group-A8EB2453EBF5: readLock RELEASED 1 by SegmentedRaftLogCache.getLastTermIndex
2022-08-09 05:43:04,346 [s1@group-A8EB2453EBF5->s0-LogAppenderDefault-LogAppenderDaemon] TRACE segmented.SegmentedRaftLogCache (AutoCloseableReadWriteLock.java:logLocking(65)) -   s1@group-A8EB2453EBF5: readLock ACQUIRED 2 by SegmentedRaftLogCache.getLastTermIndex
2022-08-09 05:43:04,346 [s1@group-A8EB2453EBF5->s0-LogAppenderDefault-LogAppenderDaemon] TRACE segmented.SegmentedRaftLogCache (AutoCloseableReadWriteLock.java:logLocking(65)) - s1@group-A8EB2453EBF5: readLock RELEASED 0 by SegmentedRaftLogCache.getLastTermIndex
2022-08-09 05:43:04,346 [s2-server-thread1] TRACE segmented.SegmentedRaftLogCache (AutoCloseableReadWriteLock.java:logLocking(65)) - s2@group-A8EB2453EBF5: readLock ACQUIRED 1 by SegmentedRaftLogCache.getLastTermIndex
2022-08-09 05:43:04,347 [s2-server-thread1] TRACE segmented.SegmentedRaftLogCache (AutoCloseableReadWriteLock.java:logLocking(65)) - s2@group-A8EB2453EBF5: readLock RELEASED 0 by SegmentedRaftLogCache.getLastTermIndex
2022-08-09 05:43:04,346 [s0-server-thread1] TRACE segmented.SegmentedRaftLogCache (AutoCloseableReadWriteLock.java:logLocking(65)) - s0@group-A8EB2453EBF5: readLock ACQUIRED 1 by SegmentedRaftLogCache.getLastTermIndex
2022-08-09 05:43:04,347 [s0-server-thread1] TRACE segmented.SegmentedRaftLogCache (AutoCloseableReadWriteLock.java:logLocking(65)) - s0@group-A8EB2453EBF5: readLock RELEASED 0 by SegmentedRaftLogCache.getLastTermIndex
2022-08-09 05:43:04,347 [s1@group-A8EB2453EBF5->s0-LogAppenderDefault-LogAppenderDaemon] TRACE segmented.SegmentedRaftLogCache (AutoCloseableReadWriteLock.java:logLocking(65)) - s1@group-A8EB2453EBF5: readLock ACQUIRED 1 by SegmentedRaftLogCache.getLastTermIndex
2022-08-09 05:43:04,347 [s1@group-A8EB2453EBF5->s0-LogAppenderDefault-LogAppenderDaemon] TRACE segmented.SegmentedRaftLogCache (AutoCloseableReadWriteLock.java:logLocking(65)) -   s1@group-A8EB2453EBF5: readLock RELEASED 1 by SegmentedRaftLogCache.getLastTermIndex
2022-08-09 05:43:04,347 [s1@group-A8EB2453EBF5->s2-LogAppenderDefault-LogAppenderDaemon] TRACE segmented.SegmentedRaftLogCache (AutoCloseableReadWriteLock.java:logLocking(65)) -   s1@group-A8EB2453EBF5: readLock ACQUIRED 2 by SegmentedRaftLogCache.getLastTermIndex
2022-08-09 05:43:04,347 [s1@group-A8EB2453EBF5->s2-LogAppenderDefault-LogAppenderDaemon] TRACE segmented.SegmentedRaftLogCache (AutoCloseableReadWriteLock.java:logLocking(65)) - s1@group-A8EB2453EBF5: readLock RELEASED 0 by SegmentedRaftLogCache.getLastTermIndex
2022-08-09 05:43:04,422 [s1@group-A8EB2453EBF5->s0-LogAppenderDefault-LogAppenderDaemon] TRACE segmented.SegmentedRaftLogCache (AutoCloseableReadWriteLock.java:logLocking(65)) - s1@group-A8EB2453EBF5: readLock ACQUIRED 1 by SegmentedRaftLogCache.getLastTermIndex
2022-08-09 05:43:04,422 [s1@group-A8EB2453EBF5->s0-LogAppenderDefault-LogAppenderDaemon] TRACE segmented.SegmentedRaftLogCache (AutoCloseableReadWriteLock.java:logLocking(65)) -   s1@group-A8EB2453EBF5: readLock RELEASED 1 by SegmentedRaftLogCache.getLastTermIndex
2022-08-09 05:43:04,422 [s1@group-A8EB2453EBF5->s0-LogAppenderDefault-LogAppenderDaemon] TRACE segmented.SegmentedRaftLogCache (AutoCloseableReadWriteLock.java:logLocking(65)) -   s1@group-A8EB2453EBF5: readLock ACQUIRED 2 by SegmentedRaftLogCache.getLastTermIndex
2022-08-09 05:43:04,422 [s1@group-A8EB2453EBF5->s0-LogAppenderDefault-LogAppenderDaemon] TRACE segmented.SegmentedRaftLogCache (AutoCloseableReadWriteLock.java:logLocking(65)) -   s1@group-A8EB2453EBF5: readLock RELEASED 1 by SegmentedRaftLogCache.getLastTermIndex
2022-08-09 05:43:04,422 [s1@group-A8EB2453EBF5->s2-LogAppenderDefault-LogAppenderDaemon] TRACE segmented.SegmentedRaftLogCache (AutoCloseableReadWriteLock.java:logLocking(65)) -   s1@group-A8EB2453EBF5: readLock ACQUIRED 2 by SegmentedRaftLogCache.getLastTermIndex
2022-08-09 05:43:04,422 [s1@group-A8EB2453EBF5->s2-LogAppenderDefault-LogAppenderDaemon] TRACE segmented.SegmentedRaftLogCache (AutoCloseableReadWriteLock.java:logLocking(65)) - s1@group-A8EB2453EBF5: readLock RELEASED 0 by SegmentedRaftLogCache.getLastTermIndex
2022-08-09 05:43:04,423 [s1@group-A8EB2453EBF5->s2-LogAppenderDefault-LogAppenderDaemon] TRACE segmented.SegmentedRaftLogCache (AutoCloseableReadWriteLock.java:logLocking(65)) - s1@group-A8EB2453EBF5: readLock ACQUIRED 1 by SegmentedRaftLogCache.getLastTermIndex
2022-08-09 05:43:04,423 [s1@group-A8EB2453EBF5->s2-LogAppenderDefault-LogAppenderDaemon] TRACE segmented.SegmentedRaftLogCache (AutoCloseableReadWriteLock.java:logLocking(65)) - s1@group-A8EB2453EBF5: readLock RELEASED 0 by SegmentedRaftLogCache.getLastTermIndex
2022-08-09 05:43:04,423 [s0-server-thread1] TRACE segmented.SegmentedRaftLogCache (AutoCloseableReadWriteLock.java:logLocking(65)) - s0@group-A8EB2453EBF5: readLock ACQUIRED 1 by SegmentedRaftLogCache.getLastTermIndex
2022-08-09 05:43:04,423 [s0-server-thread1] TRACE segmented.SegmentedRaftLogCache (AutoCloseableReadWriteLock.java:logLocking(65)) - s0@group-A8EB2453EBF5: readLock RELEASED 0 by SegmentedRaftLogCache.getLastTermIndex
2022-08-09 05:43:04,423 [s2-server-thread1] TRACE segmented.SegmentedRaftLogCache (AutoCloseableReadWriteLock.java:logLocking(65)) - s2@group-A8EB2453EBF5: readLock ACQUIRED 1 by SegmentedRaftLogCache.getLastTermIndex
2022-08-09 05:43:04,423 [s2-server-thread1] TRACE segmented.SegmentedRaftLogCache (AutoCloseableReadWriteLock.java:logLocking(65)) - s2@group-A8EB2453EBF5: readLock RELEASED 0 by SegmentedRaftLogCache.getLastTermIndex
2022-08-09 05:43:04,423 [s1@group-A8EB2453EBF5->s2-LogAppenderDefault-LogAppenderDaemon] TRACE segmented.SegmentedRaftLogCache (AutoCloseableReadWriteLock.java:logLocking(65)) -   s1@group-A8EB2453EBF5: readLock ACQUIRED 2 by SegmentedRaftLogCache.getLastTermIndex
2022-08-09 05:43:04,423 [s1@group-A8EB2453EBF5->s2-LogAppenderDefault-LogAppenderDaemon] TRACE segmented.SegmentedRaftLogCache (AutoCloseableReadWriteLock.java:logLocking(65)) -   s1@group-A8EB2453EBF5: readLock RELEASED 1 by SegmentedRaftLogCache.getLastTermIndex
2022-08-09 05:43:04,423 [s1@group-A8EB2453EBF5->s0-LogAppenderDefault-LogAppenderDaemon] TRACE segmented.SegmentedRaftLogCache (AutoCloseableReadWriteLock.java:logLocking(65)) - s1@group-A8EB2453EBF5: readLock ACQUIRED 1 by SegmentedRaftLogCache.getLastTermIndex
2022-08-09 05:43:04,424 [s1@group-A8EB2453EBF5->s0-LogAppenderDefault-LogAppenderDaemon] TRACE segmented.SegmentedRaftLogCache (AutoCloseableReadWriteLock.java:logLocking(65)) - s1@group-A8EB2453EBF5: readLock RELEASED 0 by SegmentedRaftLogCache.getLastTermIndex
2022-08-09 05:43:04,499 [s1@group-A8EB2453EBF5->s2-LogAppenderDefault-LogAppenderDaemon] TRACE segmented.SegmentedRaftLogCache (AutoCloseableReadWriteLock.java:logLocking(65)) - s1@group-A8EB2453EBF5: readLock ACQUIRED 1 by SegmentedRaftLogCache.getLastTermIndex
2022-08-09 05:43:04,499 [s1@group-A8EB2453EBF5->s2-LogAppenderDefault-LogAppenderDaemon] TRACE segmented.SegmentedRaftLogCache (AutoCloseableReadWriteLock.java:logLocking(65)) - s1@group-A8EB2453EBF5: readLock RELEASED 0 by SegmentedRaftLogCache.getLastTermIndex
2022-08-09 05:43:04,499 [s1@group-A8EB2453EBF5->s2-LogAppenderDefault-LogAppenderDaemon] TRACE segmented.SegmentedRaftLogCache (AutoCloseableReadWriteLock.java:logLocking(65)) - s1@group-A8EB2453EBF5: readLock ACQUIRED 1 by SegmentedRaftLogCache.getLastTermIndex
2022-08-09 05:43:04,499 [s1@group-A8EB2453EBF5->s2-LogAppenderDefault-LogAppenderDaemon] TRACE segmented.SegmentedRaftLogCache (AutoCloseableReadWriteLock.java:logLocking(65)) - s1@group-A8EB2453EBF5: readLock RELEASED 0 by SegmentedRaftLogCache.getLastTermIndex
2022-08-09 05:43:04,499 [s1@group-A8EB2453EBF5->s0-LogAppenderDefault-LogAppenderDaemon] TRACE segmented.SegmentedRaftLogCache (AutoCloseableReadWriteLock.java:logLocking(65)) - s1@group-A8EB2453EBF5: readLock ACQUIRED 1 by SegmentedRaftLogCache.getLastTermIndex
2022-08-09 05:43:04,499 [s1@group-A8EB2453EBF5->s0-LogAppenderDefault-LogAppenderDaemon] TRACE segmented.SegmentedRaftLogCache (AutoCloseableReadWriteLock.java:logLocking(65)) - s1@group-A8EB2453EBF5: readLock RELEASED 0 by SegmentedRaftLogCache.getLastTermIndex
2022-08-09 05:43:04,499 [s1@group-A8EB2453EBF5->s0-LogAppenderDefault-LogAppenderDaemon] TRACE segmented.SegmentedRaftLogCache (AutoCloseableReadWriteLock.java:logLocking(65)) - s1@group-A8EB2453EBF5: readLock ACQUIRED 1 by SegmentedRaftLogCache.getLastTermIndex
2022-08-09 05:43:04,499 [s1@group-A8EB2453EBF5->s0-LogAppenderDefault-LogAppenderDaemon] TRACE segmented.SegmentedRaftLogCache (AutoCloseableReadWriteLock.java:logLocking(65)) - s1@group-A8EB2453EBF5: readLock RELEASED 0 by SegmentedRaftLogCache.getLastTermIndex
2022-08-09 05:43:04,499 [s2-server-thread1] TRACE segmented.SegmentedRaftLogCache (AutoCloseableReadWriteLock.java:logLocking(65)) - s2@group-A8EB2453EBF5: readLock ACQUIRED 1 by SegmentedRaftLogCache.getLastTermIndex
2022-08-09 05:43:04,499 [s2-server-thread1] TRACE segmented.SegmentedRaftLogCache (AutoCloseableReadWriteLock.java:logLocking(65)) - s2@group-A8EB2453EBF5: readLock RELEASED 0 by SegmentedRaftLogCache.getLastTermIndex
2022-08-09 05:43:04,499 [s1@group-A8EB2453EBF5->s2-LogAppenderDefault-LogAppenderDaemon] TRACE segmented.SegmentedRaftLogCache (AutoCloseableReadWriteLock.java:logLocking(65)) - s1@group-A8EB2453EBF5: readLock ACQUIRED 1 by SegmentedRaftLogCache.getLastTermIndex
2022-08-09 05:43:04,499 [s1@group-A8EB2453EBF5->s2-LogAppenderDefault-LogAppenderDaemon] TRACE segmented.SegmentedRaftLogCache (AutoCloseableReadWriteLock.java:logLocking(65)) - s1@group-A8EB2453EBF5: readLock RELEASED 0 by SegmentedRaftLogCache.getLastTermIndex
2022-08-09 05:43:04,499 [s0-server-thread1] TRACE segmented.SegmentedRaftLogCache (AutoCloseableReadWriteLock.java:logLocking(65)) - s0@group-A8EB2453EBF5: readLock ACQUIRED 1 by SegmentedRaftLogCache.getLastTermIndex
2022-08-09 05:43:04,499 [s0-server-thread1] TRACE segmented.SegmentedRaftLogCache (AutoCloseableReadWriteLock.java:logLocking(65)) - s0@group-A8EB2453EBF5: readLock RELEASED 0 by SegmentedRaftLogCache.getLastTermIndex
2022-08-09 05:43:04,500 [s1@group-A8EB2453EBF5->s0-LogAppenderDefault-LogAppenderDaemon] TRACE segmented.SegmentedRaftLogCache (AutoCloseableReadWriteLock.java:logLocking(65)) - s1@group-A8EB2453EBF5: readLock ACQUIRED 1 by SegmentedRaftLogCache.getLastTermIndex
2022-08-09 05:43:04,500 [s1@group-A8EB2453EBF5->s0-LogAppenderDefault-LogAppenderDaemon] TRACE segmented.SegmentedRaftLogCache (AutoCloseableReadWriteLock.java:logLocking(65)) - s1@group-A8EB2453EBF5: readLock RELEASED 0 by SegmentedRaftLogCache.getLastTermIndex
2022-08-09 05:43:04,575 [s1@group-A8EB2453EBF5->s2-LogAppenderDefault-LogAppenderDaemon] TRACE segmented.SegmentedRaftLogCache (AutoCloseableReadWriteLock.java:logLocking(65)) - s1@group-A8EB2453EBF5: readLock ACQUIRED 1 by SegmentedRaftLogCache.getLastTermIndex
2022-08-09 05:43:04,575 [s1@group-A8EB2453EBF5->s2-LogAppenderDefault-LogAppenderDaemon] TRACE segmented.SegmentedRaftLogCache (AutoCloseableReadWriteLock.java:logLocking(65)) - s1@group-A8EB2453EBF5: readLock RELEASED 0 by SegmentedRaftLogCache.getLastTermIndex
2022-08-09 05:43:04,575 [s1@group-A8EB2453EBF5->s2-LogAppenderDefault-LogAppenderDaemon] TRACE segmented.SegmentedRaftLogCache (AutoCloseableReadWriteLock.java:logLocking(65)) - s1@group-A8EB2453EBF5: readLock ACQUIRED 1 by SegmentedRaftLogCache.getLastTermIndex
2022-08-09 05:43:04,575 [s1@group-A8EB2453EBF5->s2-LogAppenderDefault-LogAppenderDaemon] TRACE segmented.SegmentedRaftLogCache (AutoCloseableReadWriteLock.java:logLocking(65)) - s1@group-A8EB2453EBF5: readLock RELEASED 0 by SegmentedRaftLogCache.getLastTermIndex
2022-08-09 05:43:04,575 [s1@group-A8EB2453EBF5->s0-LogAppenderDefault-LogAppenderDaemon] TRACE segmented.SegmentedRaftLogCache (AutoCloseableReadWriteLock.java:logLocking(65)) - s1@group-A8EB2453EBF5: readLock ACQUIRED 1 by SegmentedRaftLogCache.getLastTermIndex
2022-08-09 05:43:04,575 [s1@group-A8EB2453EBF5->s0-LogAppenderDefault-LogAppenderDaemon] TRACE segmented.SegmentedRaftLogCache (AutoCloseableReadWriteLock.java:logLocking(65)) - s1@group-A8EB2453EBF5: readLock RELEASED 0 by SegmentedRaftLogCache.getLastTermIndex
2022-08-09 05:43:04,575 [s2-server-thread1] TRACE segmented.SegmentedRaftLogCache (AutoCloseableReadWriteLock.java:logLocking(65)) - s2@group-A8EB2453EBF5: readLock ACQUIRED 1 by SegmentedRaftLogCache.getLastTermIndex
2022-08-09 05:43:04,575 [s2-server-thread1] TRACE segmented.SegmentedRaftLogCache (AutoCloseableReadWriteLock.java:logLocking(65)) - s2@group-A8EB2453EBF5: readLock RELEASED 0 by SegmentedRaftLogCache.getLastTermIndex
2022-08-09 05:43:04,575 [s1@group-A8EB2453EBF5->s0-LogAppenderDefault-LogAppenderDaemon] TRACE segmented.SegmentedRaftLogCache (AutoCloseableReadWriteLock.java:logLocking(65)) - s1@group-A8EB2453EBF5: readLock ACQUIRED 1 by SegmentedRaftLogCache.getLastTermIndex
2022-08-09 05:43:04,576 [s1@group-A8EB2453EBF5->s0-LogAppenderDefault-LogAppenderDaemon] TRACE segmented.SegmentedRaftLogCache (AutoCloseableReadWriteLock.java:logLocking(65)) - s1@group-A8EB2453EBF5: readLock RELEASED 0 by SegmentedRaftLogCache.getLastTermIndex
2022-08-09 05:43:04,576 [s1@group-A8EB2453EBF5->s2-LogAppenderDefault-LogAppenderDaemon] TRACE segmented.SegmentedRaftLogCache (AutoCloseableReadWriteLock.java:logLocking(65)) - s1@group-A8EB2453EBF5: readLock ACQUIRED 1 by SegmentedRaftLogCache.getLastTermIndex
2022-08-09 05:43:04,576 [s1@group-A8EB2453EBF5->s2-LogAppenderDefault-LogAppenderDaemon] TRACE segmented.SegmentedRaftLogCache (AutoCloseableReadWriteLock.java:logLocking(65)) - s1@group-A8EB2453EBF5: readLock RELEASED 0 by SegmentedRaftLogCache.getLastTermIndex
2022-08-09 05:43:04,576 [s0-server-thread1] TRACE segmented.SegmentedRaftLogCache (AutoCloseableReadWriteLock.java:logLocking(65)) - s0@group-A8EB2453EBF5: readLock ACQUIRED 1 by SegmentedRaftLogCache.getLastTermIndex
2022-08-09 05:43:04,576 [s0-server-thread1] TRACE segmented.SegmentedRaftLogCache (AutoCloseableReadWriteLock.java:logLocking(65)) - s0@group-A8EB2453EBF5: readLock RELEASED 0 by SegmentedRaftLogCache.getLastTermIndex
2022-08-09 05:43:04,576 [s1@group-A8EB2453EBF5->s0-LogAppenderDefault-LogAppenderDaemon] TRACE segmented.SegmentedRaftLogCache (AutoCloseableReadWriteLock.java:logLocking(65)) - s1@group-A8EB2453EBF5: readLock ACQUIRED 1 by SegmentedRaftLogCache.getLastTermIndex
2022-08-09 05:43:04,576 [s1@group-A8EB2453EBF5->s0-LogAppenderDefault-LogAppenderDaemon] TRACE segmented.SegmentedRaftLogCache (AutoCloseableReadWriteLock.java:logLocking(65)) - s1@group-A8EB2453EBF5: readLock RELEASED 0 by SegmentedRaftLogCache.getLastTermIndex
2022-08-09 05:43:04,651 [s1@group-A8EB2453EBF5->s2-LogAppenderDefault-LogAppenderDaemon] TRACE segmented.SegmentedRaftLogCache (AutoCloseableReadWriteLock.java:logLocking(65)) - s1@group-A8EB2453EBF5: readLock ACQUIRED 1 by SegmentedRaftLogCache.getLastTermIndex
2022-08-09 05:43:04,651 [s1@group-A8EB2453EBF5->s2-LogAppenderDefault-LogAppenderDaemon] TRACE segmented.SegmentedRaftLogCache (AutoCloseableReadWriteLock.java:logLocking(65)) - s1@group-A8EB2453EBF5: readLock RELEASED 0 by SegmentedRaftLogCache.getLastTermIndex
2022-08-09 05:43:04,651 [s1@group-A8EB2453EBF5->s2-LogAppenderDefault-LogAppenderDaemon] TRACE segmented.SegmentedRaftLogCache (AutoCloseableReadWriteLock.java:logLocking(65)) - s1@group-A8EB2453EBF5: readLock ACQUIRED 1 by SegmentedRaftLogCache.getLastTermIndex
2022-08-09 05:43:04,651 [s1@group-A8EB2453EBF5->s2-LogAppenderDefault-LogAppenderDaemon] TRACE segmented.SegmentedRaftLogCache (AutoCloseableReadWriteLock.java:logLocking(65)) - s1@group-A8EB2453EBF5: readLock RELEASED 0 by SegmentedRaftLogCache.getLastTermIndex
2022-08-09 05:43:04,651 [s1@group-A8EB2453EBF5->s0-LogAppenderDefault-LogAppenderDaemon] TRACE segmented.SegmentedRaftLogCache (AutoCloseableReadWriteLock.java:logLocking(65)) - s1@group-A8EB2453EBF5: readLock ACQUIRED 1 by SegmentedRaftLogCache.getLastTermIndex
2022-08-09 05:43:04,652 [s1@group-A8EB2453EBF5->s0-LogAppenderDefault-LogAppenderDaemon] TRACE segmented.SegmentedRaftLogCache (AutoCloseableReadWriteLock.java:logLocking(65)) - s1@group-A8EB2453EBF5: readLock RELEASED 0 by SegmentedRaftLogCache.getLastTermIndex
2022-08-09 05:43:04,652 [s1@group-A8EB2453EBF5->s0-LogAppenderDefault-LogAppenderDaemon] TRACE segmented.SegmentedRaftLogCache (AutoCloseableReadWriteLock.java:logLocking(65)) - s1@group-A8EB2453EBF5: readLock ACQUIRED 1 by SegmentedRaftLogCache.getLastTermIndex
2022-08-09 05:43:04,652 [s1@group-A8EB2453EBF5->s0-LogAppenderDefault-LogAppenderDaemon] TRACE segmented.SegmentedRaftLogCache (AutoCloseableReadWriteLock.java:logLocking(65)) - s1@group-A8EB2453EBF5: readLock RELEASED 0 by SegmentedRaftLogCache.getLastTermIndex
2022-08-09 05:43:04,652 [s2-server-thread1] TRACE segmented.SegmentedRaftLogCache (AutoCloseableReadWriteLock.java:logLocking(65)) - s2@group-A8EB2453EBF5: readLock ACQUIRED 1 by SegmentedRaftLogCache.getLastTermIndex
2022-08-09 05:43:04,652 [s2-server-thread1] TRACE segmented.SegmentedRaftLogCache (AutoCloseableReadWriteLock.java:logLocking(65)) - s2@group-A8EB2453EBF5: readLock RELEASED 0 by SegmentedRaftLogCache.getLastTermIndex
2022-08-09 05:43:04,652 [s0-server-thread1] TRACE segmented.SegmentedRaftLogCache (AutoCloseableReadWriteLock.java:logLocking(65)) - s0@group-A8EB2453EBF5: readLock ACQUIRED 1 by SegmentedRaftLogCache.getLastTermIndex
2022-08-09 05:43:04,652 [s0-server-thread1] TRACE segmented.SegmentedRaftLogCache (AutoCloseableReadWriteLock.java:logLocking(65)) - s0@group-A8EB2453EBF5: readLock RELEASED 0 by SegmentedRaftLogCache.getLastTermIndex
2022-08-09 05:43:04,652 [s1@group-A8EB2453EBF5->s2-LogAppenderDefault-LogAppenderDaemon] TRACE segmented.SegmentedRaftLogCache (AutoCloseableReadWriteLock.java:logLocking(65)) - s1@group-A8EB2453EBF5: readLock ACQUIRED 1 by SegmentedRaftLogCache.getLastTermIndex
2022-08-09 05:43:04,652 [s1@group-A8EB2453EBF5->s2-LogAppenderDefault-LogAppenderDaemon] TRACE segmented.SegmentedRaftLogCache (AutoCloseableReadWriteLock.java:logLocking(65)) - s1@group-A8EB2453EBF5: readLock RELEASED 0 by SegmentedRaftLogCache.getLastTermIndex
2022-08-09 05:43:04,652 [s1@group-A8EB2453EBF5->s0-LogAppenderDefault-LogAppenderDaemon] TRACE segmented.SegmentedRaftLogCache (AutoCloseableReadWriteLock.java:logLocking(65)) - s1@group-A8EB2453EBF5: readLock ACQUIRED 1 by SegmentedRaftLogCache.getLastTermIndex
2022-08-09 05:43:04,653 [s1@group-A8EB2453EBF5->s0-LogAppenderDefault-LogAppenderDaemon] TRACE segmented.SegmentedRaftLogCache (AutoCloseableReadWriteLock.java:logLocking(65)) - s1@group-A8EB2453EBF5: readLock RELEASED 0 by SegmentedRaftLogCache.getLastTermIndex
2022-08-09 05:43:04,728 [s1@group-A8EB2453EBF5->s2-LogAppenderDefault-LogAppenderDaemon] TRACE segmented.SegmentedRaftLogCache (AutoCloseableReadWriteLock.java:logLocking(65)) - s1@group-A8EB2453EBF5: readLock ACQUIRED 1 by SegmentedRaftLogCache.getLastTermIndex
2022-08-09 05:43:04,728 [s1@group-A8EB2453EBF5->s2-LogAppenderDefault-LogAppenderDaemon] TRACE segmented.SegmentedRaftLogCache (AutoCloseableReadWriteLock.java:logLocking(65)) - s1@group-A8EB2453EBF5: readLock RELEASED 0 by SegmentedRaftLogCache.getLastTermIndex
2022-08-09 05:43:04,728 [s1@group-A8EB2453EBF5->s2-LogAppenderDefault-LogAppenderDaemon] TRACE segmented.SegmentedRaftLogCache (AutoCloseableReadWriteLock.java:logLocking(65)) - s1@group-A8EB2453EBF5: readLock ACQUIRED 1 by SegmentedRaftLogCache.getLastTermIndex
2022-08-09 05:43:04,728 [s1@group-A8EB2453EBF5->s2-LogAppenderDefault-LogAppenderDaemon] TRACE segmented.SegmentedRaftLogCache (AutoCloseableReadWriteLock.java:logLocking(65)) - s1@group-A8EB2453EBF5: readLock RELEASED 0 by SegmentedRaftLogCache.getLastTermIndex
2022-08-09 05:43:04,728 [s1@group-A8EB2453EBF5->s0-LogAppenderDefault-LogAppenderDaemon] TRACE segmented.SegmentedRaftLogCache (AutoCloseableReadWriteLock.java:logLocking(65)) - s1@group-A8EB2453EBF5: readLock ACQUIRED 1 by SegmentedRaftLogCache.getLastTermIndex
2022-08-09 05:43:04,728 [s1@group-A8EB2453EBF5->s0-LogAppenderDefault-LogAppenderDaemon] TRACE segmented.SegmentedRaftLogCache (AutoCloseableReadWriteLock.java:logLocking(65)) - s1@group-A8EB2453EBF5: readLock RELEASED 0 by SegmentedRaftLogCache.getLastTermIndex
2022-08-09 05:43:04,728 [s1@group-A8EB2453EBF5->s0-LogAppenderDefault-LogAppenderDaemon] TRACE segmented.SegmentedRaftLogCache (AutoCloseableReadWriteLock.java:logLocking(65)) - s1@group-A8EB2453EBF5: readLock ACQUIRED 1 by SegmentedRaftLogCache.getLastTermIndex
2022-08-09 05:43:04,729 [s2-server-thread1] TRACE segmented.SegmentedRaftLogCache (AutoCloseableReadWriteLock.java:logLocking(65)) - s2@group-A8EB2453EBF5: readLock ACQUIRED 1 by SegmentedRaftLogCache.getLastTermIndex
2022-08-09 05:43:04,729 [s2-server-thread1] TRACE segmented.SegmentedRaftLogCache (AutoCloseableReadWriteLock.java:logLocking(65)) - s2@group-A8EB2453EBF5: readLock RELEASED 0 by SegmentedRaftLogCache.getLastTermIndex
2022-08-09 05:43:04,729 [s1@group-A8EB2453EBF5->s0-LogAppenderDefault-LogAppenderDaemon] TRACE segmented.SegmentedRaftLogCache (AutoCloseableReadWriteLock.java:logLocking(65)) - s1@group-A8EB2453EBF5: readLock RELEASED 0 by SegmentedRaftLogCache.getLastTermIndex
2022-08-09 05:43:04,729 [s1@group-A8EB2453EBF5->s2-LogAppenderDefault-LogAppenderDaemon] TRACE segmented.SegmentedRaftLogCache (AutoCloseableReadWriteLock.java:logLocking(65)) - s1@group-A8EB2453EBF5: readLock ACQUIRED 1 by SegmentedRaftLogCache.getLastTermIndex
2022-08-09 05:43:04,729 [s1@group-A8EB2453EBF5->s2-LogAppenderDefault-LogAppenderDaemon] TRACE segmented.SegmentedRaftLogCache (AutoCloseableReadWriteLock.java:logLocking(65)) - s1@group-A8EB2453EBF5: readLock RELEASED 0 by SegmentedRaftLogCache.getLastTermIndex
2022-08-09 05:43:04,729 [s0-server-thread1] TRACE segmented.SegmentedRaftLogCache (AutoCloseableReadWriteLock.java:logLocking(65)) - s0@group-A8EB2453EBF5: readLock ACQUIRED 1 by SegmentedRaftLogCache.getLastTermIndex
2022-08-09 05:43:04,729 [s0-server-thread1] TRACE segmented.SegmentedRaftLogCache (AutoCloseableReadWriteLock.java:logLocking(65)) - s0@group-A8EB2453EBF5: readLock RELEASED 0 by SegmentedRaftLogCache.getLastTermIndex
2022-08-09 05:43:04,729 [s1@group-A8EB2453EBF5->s0-LogAppenderDefault-LogAppenderDaemon] TRACE segmented.SegmentedRaftLogCache (AutoCloseableReadWriteLock.java:logLocking(65)) - s1@group-A8EB2453EBF5: readLock ACQUIRED 1 by SegmentedRaftLogCache.getLastTermIndex
2022-08-09 05:43:04,729 [s1@group-A8EB2453EBF5->s0-LogAppenderDefault-LogAppenderDaemon] TRACE segmented.SegmentedRaftLogCache (AutoCloseableReadWriteLock.java:logLocking(65)) - s1@group-A8EB2453EBF5: readLock RELEASED 0 by SegmentedRaftLogCache.getLastTermIndex
2022-08-09 05:43:04,804 [s1@group-A8EB2453EBF5->s2-LogAppenderDefault-LogAppenderDaemon] TRACE segmented.SegmentedRaftLogCache (AutoCloseableReadWriteLock.java:logLocking(65)) - s1@group-A8EB2453EBF5: readLock ACQUIRED 1 by SegmentedRaftLogCache.getLastTermIndex
2022-08-09 05:43:04,805 [s1@group-A8EB2453EBF5->s2-LogAppenderDefault-LogAppenderDaemon] TRACE segmented.SegmentedRaftLogCache (AutoCloseableReadWriteLock.java:logLocking(65)) - s1@group-A8EB2453EBF5: readLock RELEASED 0 by SegmentedRaftLogCache.getLastTermIndex
2022-08-09 05:43:04,805 [s1@group-A8EB2453EBF5->s2-LogAppenderDefault-LogAppenderDaemon] TRACE segmented.SegmentedRaftLogCache (AutoCloseableReadWriteLock.java:logLocking(65)) - s1@group-A8EB2453EBF5: readLock ACQUIRED 1 by SegmentedRaftLogCache.getLastTermIndex
2022-08-09 05:43:04,805 [s1@group-A8EB2453EBF5->s2-LogAppenderDefault-LogAppenderDaemon] TRACE segmented.SegmentedRaftLogCache (AutoCloseableReadWriteLock.java:logLocking(65)) - s1@group-A8EB2453EBF5: readLock RELEASED 0 by SegmentedRaftLogCache.getLastTermIndex
2022-08-09 05:43:04,805 [s1@group-A8EB2453EBF5->s0-LogAppenderDefault-LogAppenderDaemon] TRACE segmented.SegmentedRaftLogCache (AutoCloseableReadWriteLock.java:logLocking(65)) - s1@group-A8EB2453EBF5: readLock ACQUIRED 1 by SegmentedRaftLogCache.getLastTermIndex
2022-08-09 05:43:04,805 [s1@group-A8EB2453EBF5->s0-LogAppenderDefault-LogAppenderDaemon] TRACE segmented.SegmentedRaftLogCache (AutoCloseableReadWriteLock.java:logLocking(65)) - s1@group-A8EB2453EBF5: readLock RELEASED 0 by SegmentedRaftLogCache.getLastTermIndex
2022-08-09 05:43:04,805 [s2-server-thread1] TRACE segmented.SegmentedRaftLogCache (AutoCloseableReadWriteLock.java:logLocking(65)) - s2@group-A8EB2453EBF5: readLock ACQUIRED 1 by SegmentedRaftLogCache.getLastTermIndex
2022-08-09 05:43:04,805 [s2-server-thread1] TRACE segmented.SegmentedRaftLogCache (AutoCloseableReadWriteLock.java:logLocking(65)) - s2@group-A8EB2453EBF5: readLock RELEASED 0 by SegmentedRaftLogCache.getLastTermIndex
2022-08-09 05:43:04,806 [s1@group-A8EB2453EBF5->s0-LogAppenderDefault-LogAppenderDaemon] TRACE segmented.SegmentedRaftLogCache (AutoCloseableReadWriteLock.java:logLocking(65)) - s1@group-A8EB2453EBF5: readLock ACQUIRED 1 by SegmentedRaftLogCache.getLastTermIndex
2022-08-09 05:43:04,806 [s1@group-A8EB2453EBF5->s0-LogAppenderDefault-LogAppenderDaemon] TRACE segmented.SegmentedRaftLogCache (AutoCloseableReadWriteLock.java:logLocking(65)) - s1@group-A8EB2453EBF5: readLock RELEASED 0 by SegmentedRaftLogCache.getLastTermIndex
2022-08-09 05:43:04,806 [s1@group-A8EB2453EBF5->s2-LogAppenderDefault-LogAppenderDaemon] TRACE segmented.SegmentedRaftLogCache (AutoCloseableReadWriteLock.java:logLocking(65)) - s1@group-A8EB2453EBF5: readLock ACQUIRED 1 by SegmentedRaftLogCache.getLastTermIndex
2022-08-09 05:43:04,806 [s1@group-A8EB2453EBF5->s2-LogAppenderDefault-LogAppenderDaemon] TRACE segmented.SegmentedRaftLogCache (AutoCloseableReadWriteLock.java:logLocking(65)) - s1@group-A8EB2453EBF5: readLock RELEASED 0 by SegmentedRaftLogCache.getLastTermIndex
2022-08-09 05:43:04,806 [s0-server-thread1] TRACE segmented.SegmentedRaftLogCache (AutoCloseableReadWriteLock.java:logLocking(65)) - s0@group-A8EB2453EBF5: readLock ACQUIRED 1 by SegmentedRaftLogCache.getLastTermIndex
2022-08-09 05:43:04,806 [s0-server-thread1] TRACE segmented.SegmentedRaftLogCache (AutoCloseableReadWriteLock.java:logLocking(65)) - s0@group-A8EB2453EBF5: readLock RELEASED 0 by SegmentedRaftLogCache.getLastTermIndex
2022-08-09 05:43:04,807 [s1@group-A8EB2453EBF5->s0-LogAppenderDefault-LogAppenderDaemon] TRACE segmented.SegmentedRaftLogCache (AutoCloseableReadWriteLock.java:logLocking(65)) - s1@group-A8EB2453EBF5: readLock ACQUIRED 1 by SegmentedRaftLogCache.getLastTermIndex
2022-08-09 05:43:04,807 [s1@group-A8EB2453EBF5->s0-LogAppenderDefault-LogAppenderDaemon] TRACE segmented.SegmentedRaftLogCache (AutoCloseableReadWriteLock.java:logLocking(65)) - s1@group-A8EB2453EBF5: readLock RELEASED 0 by SegmentedRaftLogCache.getLastTermIndex
2022-08-09 05:43:04,881 [s1@group-A8EB2453EBF5->s2-LogAppenderDefault-LogAppenderDaemon] TRACE segmented.SegmentedRaftLogCache (AutoCloseableReadWriteLock.java:logLocking(65)) - s1@group-A8EB2453EBF5: readLock ACQUIRED 1 by SegmentedRaftLogCache.getLastTermIndex
2022-08-09 05:43:04,881 [s1@group-A8EB2453EBF5->s2-LogAppenderDefault-LogAppenderDaemon] TRACE segmented.SegmentedRaftLogCache (AutoCloseableReadWriteLock.java:logLocking(65)) - s1@group-A8EB2453EBF5: readLock RELEASED 0 by SegmentedRaftLogCache.getLastTermIndex
2022-08-09 05:43:04,881 [s1@group-A8EB2453EBF5->s2-LogAppenderDefault-LogAppenderDaemon] TRACE segmented.SegmentedRaftLogCache (AutoCloseableReadWriteLock.java:logLocking(65)) - s1@group-A8EB2453EBF5: readLock ACQUIRED 1 by SegmentedRaftLogCache.getLastTermIndex
2022-08-09 05:43:04,881 [s1@group-A8EB2453EBF5->s2-LogAppenderDefault-LogAppenderDaemon] TRACE segmented.SegmentedRaftLogCache (AutoCloseableReadWriteLock.java:logLocking(65)) - s1@group-A8EB2453EBF5: readLock RELEASED 0 by SegmentedRaftLogCache.getLastTermIndex
2022-08-09 05:43:04,882 [s2-server-thread1] TRACE segmented.SegmentedRaftLogCache (AutoCloseableReadWriteLock.java:logLocking(65)) - s2@group-A8EB2453EBF5: readLock ACQUIRED 1 by SegmentedRaftLogCache.getLastTermIndex
2022-08-09 05:43:04,882 [s2-server-thread1] TRACE segmented.SegmentedRaftLogCache (AutoCloseableReadWriteLock.java:logLocking(65)) - s2@group-A8EB2453EBF5: readLock RELEASED 0 by SegmentedRaftLogCache.getLastTermIndex
2022-08-09 05:43:04,882 [s1@group-A8EB2453EBF5->s0-LogAppenderDefault-LogAppenderDaemon] TRACE segmented.SegmentedRaftLogCache (AutoCloseableReadWriteLock.java:logLocking(65)) - s1@group-A8EB2453EBF5: readLock ACQUIRED 1 by SegmentedRaftLogCache.getLastTermIndex
2022-08-09 05:43:04,882 [s1@group-A8EB2453EBF5->s0-LogAppenderDefault-LogAppenderDaemon] TRACE segmented.SegmentedRaftLogCache (AutoCloseableReadWriteLock.java:logLocking(65)) - s1@group-A8EB2453EBF5: readLock RELEASED 0 by SegmentedRaftLogCache.getLastTermIndex
2022-08-09 05:43:04,882 [s1@group-A8EB2453EBF5->s0-LogAppenderDefault-LogAppenderDaemon] TRACE segmented.SegmentedRaftLogCache (AutoCloseableReadWriteLock.java:logLocking(65)) - s1@group-A8EB2453EBF5: readLock ACQUIRED 1 by SegmentedRaftLogCache.getLastTermIndex
2022-08-09 05:43:04,882 [s1@group-A8EB2453EBF5->s0-LogAppenderDefault-LogAppenderDaemon] TRACE segmented.SegmentedRaftLogCache (AutoCloseableReadWriteLock.java:logLocking(65)) - s1@group-A8EB2453EBF5: readLock RELEASED 0 by SegmentedRaftLogCache.getLastTermIndex
2022-08-09 05:43:04,883 [s0-server-thread1] TRACE segmented.SegmentedRaftLogCache (AutoCloseableReadWriteLock.java:logLocking(65)) - s0@group-A8EB2453EBF5: readLock ACQUIRED 1 by SegmentedRaftLogCache.getLastTermIndex
2022-08-09 05:43:04,883 [s0-server-thread1] TRACE segmented.SegmentedRaftLogCache (AutoCloseableReadWriteLock.java:logLocking(65)) - s0@group-A8EB2453EBF5: readLock RELEASED 0 by SegmentedRaftLogCache.getLastTermIndex
2022-08-09 05:43:04,883 [s1@group-A8EB2453EBF5->s0-LogAppenderDefault-LogAppenderDaemon] TRACE segmented.SegmentedRaftLogCache (AutoCloseableReadWriteLock.java:logLocking(65)) - s1@group-A8EB2453EBF5: readLock ACQUIRED 1 by SegmentedRaftLogCache.getLastTermIndex
2022-08-09 05:43:04,883 [s1@group-A8EB2453EBF5->s0-LogAppenderDefault-LogAppenderDaemon] TRACE segmented.SegmentedRaftLogCache (AutoCloseableReadWriteLock.java:logLocking(65)) - s1@group-A8EB2453EBF5: readLock RELEASED 0 by SegmentedRaftLogCache.getLastTermIndex
2022-08-09 05:43:04,883 [s1@group-A8EB2453EBF5->s2-LogAppenderDefault-LogAppenderDaemon] TRACE segmented.SegmentedRaftLogCache (AutoCloseableReadWriteLock.java:logLocking(65)) - s1@group-A8EB2453EBF5: readLock ACQUIRED 1 by SegmentedRaftLogCache.getLastTermIndex
2022-08-09 05:43:04,883 [s1@group-A8EB2453EBF5->s2-LogAppenderDefault-LogAppenderDaemon] TRACE segmented.SegmentedRaftLogCache (AutoCloseableReadWriteLock.java:logLocking(65)) - s1@group-A8EB2453EBF5: readLock RELEASED 0 by SegmentedRaftLogCache.getLastTermIndex
2022-08-09 05:43:04,958 [s1@group-A8EB2453EBF5->s0-LogAppenderDefault-LogAppenderDaemon] TRACE segmented.SegmentedRaftLogCache (AutoCloseableReadWriteLock.java:logLocking(65)) - s1@group-A8EB2453EBF5: readLock ACQUIRED 1 by SegmentedRaftLogCache.getLastTermIndex
2022-08-09 05:43:04,958 [s1@group-A8EB2453EBF5->s0-LogAppenderDefault-LogAppenderDaemon] TRACE segmented.SegmentedRaftLogCache (AutoCloseableReadWriteLock.java:logLocking(65)) -   s1@group-A8EB2453EBF5: readLock RELEASED 1 by SegmentedRaftLogCache.getLastTermIndex
2022-08-09 05:43:04,958 [s1@group-A8EB2453EBF5->s2-LogAppenderDefault-LogAppenderDaemon] TRACE segmented.SegmentedRaftLogCache (AutoCloseableReadWriteLock.java:logLocking(65)) -   s1@group-A8EB2453EBF5: readLock ACQUIRED 2 by SegmentedRaftLogCache.getLastTermIndex
2022-08-09 05:43:04,958 [s1@group-A8EB2453EBF5->s2-LogAppenderDefault-LogAppenderDaemon] TRACE segmented.SegmentedRaftLogCache (AutoCloseableReadWriteLock.java:logLocking(65)) -   s1@group-A8EB2453EBF5: readLock RELEASED 1 by SegmentedRaftLogCache.getLastTermIndex
2022-08-09 05:43:04,958 [s1@group-A8EB2453EBF5->s2-LogAppenderDefault-LogAppenderDaemon] TRACE segmented.SegmentedRaftLogCache (AutoCloseableReadWriteLock.java:logLocking(65)) -   s1@group-A8EB2453EBF5: readLock ACQUIRED 2 by SegmentedRaftLogCache.getLastTermIndex
2022-08-09 05:43:04,959 [s1@group-A8EB2453EBF5->s2-LogAppenderDefault-LogAppenderDaemon] TRACE segmented.SegmentedRaftLogCache (AutoCloseableReadWriteLock.java:logLocking(65)) -   s1@group-A8EB2453EBF5: readLock RELEASED 1 by SegmentedRaftLogCache.getLastTermIndex
2022-08-09 05:43:04,958 [s1@group-A8EB2453EBF5->s0-LogAppenderDefault-LogAppenderDaemon] TRACE segmented.SegmentedRaftLogCache (AutoCloseableReadWriteLock.java:logLocking(65)) -   s1@group-A8EB2453EBF5: readLock ACQUIRED 2 by SegmentedRaftLogCache.getLastTermIndex
2022-08-09 05:43:04,959 [s1@group-A8EB2453EBF5->s0-LogAppenderDefault-LogAppenderDaemon] TRACE segmented.SegmentedRaftLogCache (AutoCloseableReadWriteLock.java:logLocking(65)) - s1@group-A8EB2453EBF5: readLock RELEASED 0 by SegmentedRaftLogCache.getLastTermIndex
2022-08-09 05:43:04,959 [s2-server-thread1] TRACE segmented.SegmentedRaftLogCache (AutoCloseableReadWriteLock.java:logLocking(65)) - s2@group-A8EB2453EBF5: readLock ACQUIRED 1 by SegmentedRaftLogCache.getLastTermIndex
2022-08-09 05:43:04,959 [s2-server-thread1] TRACE segmented.SegmentedRaftLogCache (AutoCloseableReadWriteLock.java:logLocking(65)) - s2@group-A8EB2453EBF5: readLock RELEASED 0 by SegmentedRaftLogCache.getLastTermIndex
2022-08-09 05:43:04,959 [s0-server-thread1] TRACE segmented.SegmentedRaftLogCache (AutoCloseableReadWriteLock.java:logLocking(65)) - s0@group-A8EB2453EBF5: readLock ACQUIRED 1 by SegmentedRaftLogCache.getLastTermIndex
2022-08-09 05:43:04,959 [s0-server-thread1] TRACE segmented.SegmentedRaftLogCache (AutoCloseableReadWriteLock.java:logLocking(65)) - s0@group-A8EB2453EBF5: readLock RELEASED 0 by SegmentedRaftLogCache.getLastTermIndex
2022-08-09 05:43:04,959 [s1@group-A8EB2453EBF5->s2-LogAppenderDefault-LogAppenderDaemon] TRACE segmented.SegmentedRaftLogCache (AutoCloseableReadWriteLock.java:logLocking(65)) - s1@group-A8EB2453EBF5: readLock ACQUIRED 1 by SegmentedRaftLogCache.getLastTermIndex
2022-08-09 05:43:04,959 [s1@group-A8EB2453EBF5->s2-LogAppenderDefault-LogAppenderDaemon] TRACE segmented.SegmentedRaftLogCache (AutoCloseableReadWriteLock.java:logLocking(65)) - s1@group-A8EB2453EBF5: readLock RELEASED 0 by SegmentedRaftLogCache.getLastTermIndex
2022-08-09 05:43:04,959 [s1@group-A8EB2453EBF5->s0-LogAppenderDefault-LogAppenderDaemon] TRACE segmented.SegmentedRaftLogCache (AutoCloseableReadWriteLock.java:logLocking(65)) - s1@group-A8EB2453EBF5: readLock ACQUIRED 1 by SegmentedRaftLogCache.getLastTermIndex
2022-08-09 05:43:04,959 [s1@group-A8EB2453EBF5->s0-LogAppenderDefault-LogAppenderDaemon] TRACE segmented.SegmentedRaftLogCache (AutoCloseableReadWriteLock.java:logLocking(65)) - s1@group-A8EB2453EBF5: readLock RELEASED 0 by SegmentedRaftLogCache.getLastTermIndex
2022-08-09 05:43:05,035 [s1@group-A8EB2453EBF5->s2-LogAppenderDefault-LogAppenderDaemon] TRACE segmented.SegmentedRaftLogCache (AutoCloseableReadWriteLock.java:logLocking(65)) - s1@group-A8EB2453EBF5: readLock ACQUIRED 1 by SegmentedRaftLogCache.getLastTermIndex
2022-08-09 05:43:05,035 [s1@group-A8EB2453EBF5->s2-LogAppenderDefault-LogAppenderDaemon] TRACE segmented.SegmentedRaftLogCache (AutoCloseableReadWriteLock.java:logLocking(65)) -   s1@group-A8EB2453EBF5: readLock RELEASED 1 by SegmentedRaftLogCache.getLastTermIndex
2022-08-09 05:43:05,035 [s1@group-A8EB2453EBF5->s0-LogAppenderDefault-LogAppenderDaemon] TRACE segmented.SegmentedRaftLogCache (AutoCloseableReadWriteLock.java:logLocking(65)) -   s1@group-A8EB2453EBF5: readLock ACQUIRED 2 by SegmentedRaftLogCache.getLastTermIndex
2022-08-09 05:43:05,035 [s1@group-A8EB2453EBF5->s0-LogAppenderDefault-LogAppenderDaemon] TRACE segmented.SegmentedRaftLogCache (AutoCloseableReadWriteLock.java:logLocking(65)) - s1@group-A8EB2453EBF5: readLock RELEASED 0 by SegmentedRaftLogCache.getLastTermIndex
2022-08-09 05:43:05,035 [s1@group-A8EB2453EBF5->s0-LogAppenderDefault-LogAppenderDaemon] TRACE segmented.SegmentedRaftLogCache (AutoCloseableReadWriteLock.java:logLocking(65)) - s1@group-A8EB2453EBF5: readLock ACQUIRED 1 by SegmentedRaftLogCache.getLastTermIndex
2022-08-09 05:43:05,035 [s1@group-A8EB2453EBF5->s0-LogAppenderDefault-LogAppenderDaemon] TRACE segmented.SegmentedRaftLogCache (AutoCloseableReadWriteLock.java:logLocking(65)) - s1@group-A8EB2453EBF5: readLock RELEASED 0 by SegmentedRaftLogCache.getLastTermIndex
2022-08-09 05:43:05,036 [s0-server-thread1] TRACE segmented.SegmentedRaftLogCache (AutoCloseableReadWriteLock.java:logLocking(65)) - s0@group-A8EB2453EBF5: readLock ACQUIRED 1 by SegmentedRaftLogCache.getLastTermIndex
2022-08-09 05:43:05,036 [s0-server-thread1] TRACE segmented.SegmentedRaftLogCache (AutoCloseableReadWriteLock.java:logLocking(65)) - s0@group-A8EB2453EBF5: readLock RELEASED 0 by SegmentedRaftLogCache.getLastTermIndex
2022-08-09 05:43:05,036 [s1@group-A8EB2453EBF5->s2-LogAppenderDefault-LogAppenderDaemon] TRACE segmented.SegmentedRaftLogCache (AutoCloseableReadWriteLock.java:logLocking(65)) - s1@group-A8EB2453EBF5: readLock ACQUIRED 1 by SegmentedRaftLogCache.getLastTermIndex
2022-08-09 05:43:05,036 [s1@group-A8EB2453EBF5->s2-LogAppenderDefault-LogAppenderDaemon] TRACE segmented.SegmentedRaftLogCache (AutoCloseableReadWriteLock.java:logLocking(65)) - s1@group-A8EB2453EBF5: readLock RELEASED 0 by SegmentedRaftLogCache.getLastTermIndex
2022-08-09 05:43:05,036 [s1@group-A8EB2453EBF5->s0-LogAppenderDefault-LogAppenderDaemon] TRACE segmented.SegmentedRaftLogCache (AutoCloseableReadWriteLock.java:logLocking(65)) - s1@group-A8EB2453EBF5: readLock ACQUIRED 1 by SegmentedRaftLogCache.getLastTermIndex
2022-08-09 05:43:05,036 [s1@group-A8EB2453EBF5->s0-LogAppenderDefault-LogAppenderDaemon] TRACE segmented.SegmentedRaftLogCache (AutoCloseableReadWriteLock.java:logLocking(65)) - s1@group-A8EB2453EBF5: readLock RELEASED 0 by SegmentedRaftLogCache.getLastTermIndex
2022-08-09 05:43:05,036 [s2-server-thread1] TRACE segmented.SegmentedRaftLogCache (AutoCloseableReadWriteLock.java:logLocking(65)) - s2@group-A8EB2453EBF5: readLock ACQUIRED 1 by SegmentedRaftLogCache.getLastTermIndex
2022-08-09 05:43:05,036 [s2-server-thread1] TRACE segmented.SegmentedRaftLogCache (AutoCloseableReadWriteLock.java:logLocking(65)) - s2@group-A8EB2453EBF5: readLock RELEASED 0 by SegmentedRaftLogCache.getLastTermIndex
2022-08-09 05:43:05,037 [s1@group-A8EB2453EBF5->s2-LogAppenderDefault-LogAppenderDaemon] TRACE segmented.SegmentedRaftLogCache (AutoCloseableReadWriteLock.java:logLocking(65)) - s1@group-A8EB2453EBF5: readLock ACQUIRED 1 by SegmentedRaftLogCache.getLastTermIndex
2022-08-09 05:43:05,037 [s1@group-A8EB2453EBF5->s2-LogAppenderDefault-LogAppenderDaemon] TRACE segmented.SegmentedRaftLogCache (AutoCloseableReadWriteLock.java:logLocking(65)) - s1@group-A8EB2453EBF5: readLock RELEASED 0 by SegmentedRaftLogCache.getLastTermIndex
2022-08-09 05:43:05,111 [s1@group-A8EB2453EBF5->s0-LogAppenderDefault-LogAppenderDaemon] TRACE segmented.SegmentedRaftLogCache (AutoCloseableReadWriteLock.java:logLocking(65)) - s1@group-A8EB2453EBF5: readLock ACQUIRED 1 by SegmentedRaftLogCache.getLastTermIndex
2022-08-09 05:43:05,111 [s1@group-A8EB2453EBF5->s0-LogAppenderDefault-LogAppenderDaemon] TRACE segmented.SegmentedRaftLogCache (AutoCloseableReadWriteLock.java:logLocking(65)) - s1@group-A8EB2453EBF5: readLock RELEASED 0 by SegmentedRaftLogCache.getLastTermIndex
2022-08-09 05:43:05,111 [s1@group-A8EB2453EBF5->s0-LogAppenderDefault-LogAppenderDaemon] TRACE segmented.SegmentedRaftLogCache (AutoCloseableReadWriteLock.java:logLocking(65)) - s1@group-A8EB2453EBF5: readLock ACQUIRED 1 by SegmentedRaftLogCache.getLastTermIndex
2022-08-09 05:43:05,111 [s1@group-A8EB2453EBF5->s0-LogAppenderDefault-LogAppenderDaemon] TRACE segmented.SegmentedRaftLogCache (AutoCloseableReadWriteLock.java:logLocking(65)) - s1@group-A8EB2453EBF5: readLock RELEASED 0 by SegmentedRaftLogCache.getLastTermIndex
2022-08-09 05:43:05,112 [s0-server-thread1] TRACE segmented.SegmentedRaftLogCache (AutoCloseableReadWriteLock.java:logLocking(65)) - s0@group-A8EB2453EBF5: readLock ACQUIRED 1 by SegmentedRaftLogCache.getLastTermIndex
2022-08-09 05:43:05,112 [s0-server-thread1] TRACE segmented.SegmentedRaftLogCache (AutoCloseableReadWriteLock.java:logLocking(65)) - s0@group-A8EB2453EBF5: readLock RELEASED 0 by SegmentedRaftLogCache.getLastTermIndex
2022-08-09 05:43:05,112 [s1@group-A8EB2453EBF5->s0-LogAppenderDefault-LogAppenderDaemon] TRACE segmented.SegmentedRaftLogCache (AutoCloseableReadWriteLock.java:logLocking(65)) - s1@group-A8EB2453EBF5: readLock ACQUIRED 1 by SegmentedRaftLogCache.getLastTermIndex
2022-08-09 05:43:05,112 [s1@group-A8EB2453EBF5->s0-LogAppenderDefault-LogAppenderDaemon] TRACE segmented.SegmentedRaftLogCache (AutoCloseableReadWriteLock.java:logLocking(65)) - s1@group-A8EB2453EBF5: readLock RELEASED 0 by SegmentedRaftLogCache.getLastTermIndex
2022-08-09 05:43:05,112 [s1@group-A8EB2453EBF5->s2-LogAppenderDefault-LogAppenderDaemon] TRACE segmented.SegmentedRaftLogCache (AutoCloseableReadWriteLock.java:logLocking(65)) - s1@group-A8EB2453EBF5: readLock ACQUIRED 1 by SegmentedRaftLogCache.getLastTermIndex
2022-08-09 05:43:05,112 [s1@group-A8EB2453EBF5->s2-LogAppenderDefault-LogAppenderDaemon] TRACE segmented.SegmentedRaftLogCache (AutoCloseableReadWriteLock.java:logLocking(65)) - s1@group-A8EB2453EBF5: readLock RELEASED 0 by SegmentedRaftLogCache.getLastTermIndex
2022-08-09 05:43:05,112 [s1@group-A8EB2453EBF5->s2-LogAppenderDefault-LogAppenderDaemon] TRACE segmented.SegmentedRaftLogCache (AutoCloseableReadWriteLock.java:logLocking(65)) - s1@group-A8EB2453EBF5: readLock ACQUIRED 1 by SegmentedRaftLogCache.getLastTermIndex
2022-08-09 05:43:05,112 [s1@group-A8EB2453EBF5->s2-LogAppenderDefault-LogAppenderDaemon] TRACE segmented.SegmentedRaftLogCache (AutoCloseableReadWriteLock.java:logLocking(65)) - s1@group-A8EB2453EBF5: readLock RELEASED 0 by SegmentedRaftLogCache.getLastTermIndex
2022-08-09 05:43:05,113 [s2-server-thread1] TRACE segmented.SegmentedRaftLogCache (AutoCloseableReadWriteLock.java:logLocking(65)) - s2@group-A8EB2453EBF5: readLock ACQUIRED 1 by SegmentedRaftLogCache.getLastTermIndex
2022-08-09 05:43:05,113 [s2-server-thread1] TRACE segmented.SegmentedRaftLogCache (AutoCloseableReadWriteLock.java:logLocking(65)) - s2@group-A8EB2453EBF5: readLock RELEASED 0 by SegmentedRaftLogCache.getLastTermIndex
2022-08-09 05:43:05,113 [s1@group-A8EB2453EBF5->s2-LogAppenderDefault-LogAppenderDaemon] TRACE segmented.SegmentedRaftLogCache (AutoCloseableReadWriteLock.java:logLocking(65)) - s1@group-A8EB2453EBF5: readLock ACQUIRED 1 by SegmentedRaftLogCache.getLastTermIndex
2022-08-09 05:43:05,113 [Time-limited test] INFO  impl.MiniRaftCluster (MiniRaftCluster.java:killServer(529)) - killServer s0
2022-08-09 05:43:05,114 [Time-limited test] INFO  server.RaftServer (RaftServerProxy.java:lambda$close$6(403)) - s0: close
2022-08-09 05:43:05,115 [s0-impl-thread1] INFO  server.RaftServer$Division (RaftServerImpl.java:lambda$close$4(438)) - s0@group-A8EB2453EBF5: shutdown
2022-08-09 05:43:05,115 [s1@group-A8EB2453EBF5->s2-LogAppenderDefault-LogAppenderDaemon] TRACE segmented.SegmentedRaftLogCache (AutoCloseableReadWriteLock.java:logLocking(65)) - s1@group-A8EB2453EBF5: readLock RELEASED 0 by SegmentedRaftLogCache.getLastTermIndex
2022-08-09 05:43:05,115 [Thread-521] INFO  simulation.RequestHandler (RequestHandler.java:run(126)) - s0.clientHandler2 is interrupted by java.io.InterruptedIOException: 
2022-08-09 05:43:05,115 [Thread-520] INFO  simulation.RequestHandler (RequestHandler.java:run(126)) - s0.clientHandler1 is interrupted by java.io.InterruptedIOException: 
2022-08-09 05:43:05,115 [Thread-519] INFO  simulation.RequestHandler (RequestHandler.java:run(126)) - s0.clientHandler0 is interrupted by java.io.InterruptedIOException: 
2022-08-09 05:43:05,115 [s0-impl-thread1] INFO  util.JmxRegister (JmxRegister.java:unregister(73)) - Successfully un-registered JMX Bean with object name Ratis:service=RaftServer,group=group-A8EB2453EBF5,id=s0
2022-08-09 05:43:05,115 [s0-impl-thread1] INFO  impl.RoleInfo (RoleInfo.java:shutdownFollowerState(110)) - s0: shutdown s0@group-A8EB2453EBF5-FollowerState
2022-08-09 05:43:05,115 [s0-impl-thread1] INFO  impl.StateMachineUpdater (StateMachineUpdater.java:stopAndJoin(153)) - s0@group-A8EB2453EBF5-StateMachineUpdater: set stopIndex = 40
2022-08-09 05:43:05,116 [s0-impl-thread1] INFO  server.RaftServer$Division (ServerState.java:close(465)) - s0@group-A8EB2453EBF5: closes. applyIndex: 40
2022-08-09 05:43:05,119 [s0@group-A8EB2453EBF5-FollowerState] INFO  impl.FollowerState (FollowerState.java:run(152)) - s0@group-A8EB2453EBF5-FollowerState was interrupted
2022-08-09 05:43:05,119 [Thread-516] INFO  simulation.RequestHandler (RequestHandler.java:run(126)) - s0.serverHandler0 is interrupted by java.io.InterruptedIOException: 
2022-08-09 05:43:05,119 [Thread-518] INFO  simulation.RequestHandler (RequestHandler.java:run(126)) - s0.serverHandler2 is interrupted by java.io.InterruptedIOException: 
2022-08-09 05:43:05,119 [Thread-517] INFO  simulation.RequestHandler (RequestHandler.java:run(126)) - s0.serverHandler1 is interrupted by java.io.InterruptedIOException: 
2022-08-09 05:43:05,120 [org.apache.ratis.util.JvmPauseMonitor$$Lambda$262/142898044@6987a3f5] INFO  util.JvmPauseMonitor (JvmPauseMonitor.java:run(109)) - JvmPauseMonitor-s0: Stopped
2022-08-09 05:43:05,120 [s0-impl-thread1] TRACE segmented.SegmentedRaftLogCache (SegmentedRaftLogCache.java:clearOpenSegment(456)) - s0@group-A8EB2453EBF5-SegmentedRaftLogCache: clearOpenSegment log_inprogress_0
2022-08-09 05:43:05,120 [s0-impl-thread1] TRACE segmented.SegmentedRaftLogCache (AutoCloseableReadWriteLock.java:logLocking(65)) - s0@group-A8EB2453EBF5: writeLock ACQUIRED 1 by SegmentedRaftLogCache$LogSegmentList.clear
2022-08-09 05:43:05,120 [s0-impl-thread1] TRACE segmented.SegmentedRaftLogCache (AutoCloseableReadWriteLock.java:logLocking(65)) - s0@group-A8EB2453EBF5: writeLock RELEASED 0 by SegmentedRaftLogCache$LogSegmentList.clear
2022-08-09 05:43:05,121 [s0@group-A8EB2453EBF5-SegmentedRaftLogWorker] INFO  segmented.SegmentedRaftLogWorker (SegmentedRaftLogWorker.java:run(336)) - s0@group-A8EB2453EBF5-SegmentedRaftLogWorker was interrupted, exiting. There are 0 tasks remaining in the queue.
2022-08-09 05:43:05,121 [s0-impl-thread1] INFO  segmented.SegmentedRaftLogWorker (SegmentedRaftLogWorker.java:close(246)) - s0@group-A8EB2453EBF5-SegmentedRaftLogWorker close()
2022-08-09 05:43:05,122 [Time-limited test] INFO  impl.MiniRaftCluster (MiniRaftCluster.java:newRaftServer(379)) - newRaftServer: s0, group-A8EB2453EBF5:[s0|rpc:localhost:41673|admin:localhost:42127|client:localhost:45967|dataStream:localhost:35821|priority:0|startupRole:FOLLOWER, s1|rpc:localhost:44243|admin:localhost:33637|client:localhost:46107|dataStream:localhost:39503|priority:0|startupRole:FOLLOWER, s2|rpc:localhost:39945|admin:localhost:41877|client:localhost:34005|dataStream:localhost:37913|priority:0|startupRole:FOLLOWER], format? false
2022-08-09 05:43:05,122 [Time-limited test] INFO  server.RaftServer (ConfUtils.java:logGet(46)) - raft.rpc.type = org.apache.ratis.server.simulation.SimulatedRpc (custom)
2022-08-09 05:43:05,122 [Time-limited test] INFO  impl.DataStreamServerImpl (ConfUtils.java:logGet(46)) - raft.datastream.type = DISABLED (default)
2022-08-09 05:43:05,122 [Time-limited test] INFO  server.RaftServerConfigKeys (ConfUtils.java:logGet(46)) - raft.server.threadpool.proxy.cached = true (default)
2022-08-09 05:43:05,122 [Time-limited test] INFO  server.RaftServerConfigKeys (ConfUtils.java:logGet(46)) - raft.server.threadpool.proxy.size = 0 (default)
2022-08-09 05:43:05,122 [Time-limited test] INFO  server.RaftServerConfigKeys (ConfUtils.java:logGet(46)) - raft.server.rpc.slowness.timeout = 60s (default)
2022-08-09 05:43:05,122 [Time-limited test] INFO  server.RaftServerConfigKeys (ConfUtils.java:logGet(46)) - raft.server.leaderelection.leader.step-down.wait-time = 10s (default)
2022-08-09 05:43:05,122 [Time-limited test] INFO  server.RaftServerConfigKeys (ConfUtils.java:logGet(46)) - raft.server.storage.dir = [/home/runner/work/ratis/ratis/ratis-test/target/test/data/2baaa1de/MiniRaftClusterWithSimulatedRpc3b4f24d4/s0] (custom)
2022-08-09 05:43:05,128 [s0-impl-thread1] INFO  server.RaftServer (RaftServerProxy.java:initGroupDir(249)) - s0: found a subdirectory /home/runner/work/ratis/ratis/ratis-test/target/test/data/2baaa1de/MiniRaftClusterWithSimulatedRpc3b4f24d4/s0/bbd46d57-59f4-4845-aaae-a8eb2453ebf5
2022-08-09 05:43:05,129 [Time-limited test] INFO  server.RaftServer (RaftServerProxy.java:addNew(96)) - s0: addNew group-A8EB2453EBF5:[s0|rpc:localhost:41673|admin:localhost:42127|client:localhost:45967|dataStream:localhost:35821|priority:0|startupRole:FOLLOWER, s1|rpc:localhost:44243|admin:localhost:33637|client:localhost:46107|dataStream:localhost:39503|priority:0|startupRole:FOLLOWER, s2|rpc:localhost:39945|admin:localhost:41877|client:localhost:34005|dataStream:localhost:37913|priority:0|startupRole:FOLLOWER] returns group-A8EB2453EBF5:java.util.concurrent.CompletableFuture@67696ecc[Not completed]
2022-08-09 05:43:05,129 [pool-40-thread-1] INFO  server.RaftServerConfigKeys (ConfUtils.java:logGet(46)) - raft.server.log.segment.size.max = 8MB (=8388608) (default)
2022-08-09 05:43:05,129 [pool-40-thread-1] INFO  server.RaftServerConfigKeys (ConfUtils.java:logGet(46)) - raft.server.log.preallocated.size = 4MB (=4194304) (default)
2022-08-09 05:43:05,129 [pool-40-thread-1] INFO  server.RaftServerConfigKeys (ConfUtils.java:logGet(46)) - raft.server.log.write.buffer.size = 64KB (=65536) (default)
2022-08-09 05:43:05,129 [pool-40-thread-1] INFO  server.RaftServer$Division (RaftServerImpl.java:<init>(192)) - s0: new RaftServerImpl for group-A8EB2453EBF5:[s0|rpc:localhost:41673|admin:localhost:42127|client:localhost:45967|dataStream:localhost:35821|priority:0|startupRole:FOLLOWER, s1|rpc:localhost:44243|admin:localhost:33637|client:localhost:46107|dataStream:localhost:39503|priority:0|startupRole:FOLLOWER, s2|rpc:localhost:39945|admin:localhost:41877|client:localhost:34005|dataStream:localhost:37913|priority:0|startupRole:FOLLOWER] with SimpleStateMachine4Testing:uninitialized
2022-08-09 05:43:05,129 [pool-40-thread-1] INFO  server.RaftServerConfigKeys (ConfUtils.java:logGet(46)) - raft.server.rpc.timeout.min = 150ms (default)
2022-08-09 05:43:05,129 [pool-40-thread-1] INFO  server.RaftServerConfigKeys (ConfUtils.java:logGet(46)) - raft.server.rpc.timeout.max = 300ms (default)
2022-08-09 05:43:05,129 [pool-40-thread-1] INFO  server.RaftServerConfigKeys (ConfUtils.java:logGet(46)) - raft.server.rpc.sleep.time = 25ms (default)
2022-08-09 05:43:05,130 [pool-40-thread-1] INFO  server.RaftServerConfigKeys (ConfUtils.java:logGet(46)) - raft.server.rpc.slowness.timeout = 60s (default)
2022-08-09 05:43:05,130 [pool-40-thread-1] INFO  server.RaftServerConfigKeys (ConfUtils.java:logGet(46)) - raft.server.leaderelection.leader.step-down.wait-time = 10s (default)
2022-08-09 05:43:05,130 [pool-40-thread-1] INFO  server.RaftServerConfigKeys (ConfUtils.java:logGet(46)) - raft.server.sleep.deviation.threshold = 300ms (default)
2022-08-09 05:43:05,130 [pool-40-thread-1] INFO  server.RaftServer$Division (ServerState.java:<init>(118)) - s0@group-A8EB2453EBF5: ConfigurationManager, init=-1: peers:[s0|rpc:localhost:41673|admin:localhost:42127|client:localhost:45967|dataStream:localhost:35821|priority:0|startupRole:FOLLOWER, s1|rpc:localhost:44243|admin:localhost:33637|client:localhost:46107|dataStream:localhost:39503|priority:0|startupRole:FOLLOWER, s2|rpc:localhost:39945|admin:localhost:41877|client:localhost:34005|dataStream:localhost:37913|priority:0|startupRole:FOLLOWER]|listeners:[], old=null, confs=<EMPTY_MAP>
2022-08-09 05:43:05,130 [pool-40-thread-1] INFO  server.RaftServerConfigKeys (ConfUtils.java:logGet(46)) - raft.server.storage.dir = [/home/runner/work/ratis/ratis/ratis-test/target/test/data/2baaa1de/MiniRaftClusterWithSimulatedRpc3b4f24d4/s0] (custom)
2022-08-09 05:43:05,130 [pool-40-thread-1] INFO  server.RaftServerConfigKeys (ConfUtils.java:logGet(46)) - raft.server.log.corruption.policy = EXCEPTION (default)
2022-08-09 05:43:05,130 [pool-40-thread-1] INFO  server.RaftServerConfigKeys (ConfUtils.java:logGet(46)) - raft.server.storage.free-space.min = 0MB (=0) (default)
2022-08-09 05:43:05,130 [pool-40-thread-1] INFO  server.RaftServerConfigKeys (ConfUtils.java:logGet(46)) - raft.server.notification.no-leader.timeout = 60s (default)
2022-08-09 05:43:05,130 [pool-40-thread-1] INFO  server.RaftServerConfigKeys (ConfUtils.java:logGet(46)) - raft.server.retrycache.expirytime = 60s (default)
2022-08-09 05:43:05,130 [pool-40-thread-1] INFO  server.RaftServerConfigKeys (ConfUtils.java:logGet(46)) - raft.server.retrycache.statistics.expirytime = 100μs (default)
2022-08-09 05:43:05,130 [pool-40-thread-1] INFO  server.RaftServerConfigKeys (ConfUtils.java:logGet(46)) - raft.server.log.appender.install.snapshot.enabled = true (default)
2022-08-09 05:43:05,130 [pool-40-thread-1] INFO  server.RaftServerConfigKeys (ConfUtils.java:logGet(46)) - raft.server.threadpool.server.cached = true (default)
2022-08-09 05:43:05,130 [pool-40-thread-1] INFO  server.RaftServerConfigKeys (ConfUtils.java:logGet(46)) - raft.server.threadpool.server.size = 0 (default)
2022-08-09 05:43:05,130 [pool-40-thread-1] INFO  server.RaftServerConfigKeys (ConfUtils.java:logGet(46)) - raft.server.threadpool.client.cached = true (default)
2022-08-09 05:43:05,130 [pool-40-thread-1] INFO  server.RaftServerConfigKeys (ConfUtils.java:logGet(46)) - raft.server.threadpool.client.size = 0 (default)
2022-08-09 05:43:05,131 [s0-impl-thread1] INFO  storage.RaftStorageDirectory (RaftStorageDirectoryImpl.java:tryLock(231)) - Lock on /home/runner/work/ratis/ratis/ratis-test/target/test/data/2baaa1de/MiniRaftClusterWithSimulatedRpc3b4f24d4/s0/bbd46d57-59f4-4845-aaae-a8eb2453ebf5/in_use.lock acquired by nodename 4131@fv-az59-8.csjynl4pkq3e1pkirw3ssqjfoh.cx.internal.cloudapp.net
2022-08-09 05:43:05,132 [s0-impl-thread1] INFO  storage.RaftStorage (RaftStorageImpl.java:analyzeAndRecoverStorage(117)) - Read RaftStorageMetadata{term=1, votedFor=s1} from /home/runner/work/ratis/ratis/ratis-test/target/test/data/2baaa1de/MiniRaftClusterWithSimulatedRpc3b4f24d4/s0/bbd46d57-59f4-4845-aaae-a8eb2453ebf5/current/raft-meta
2022-08-09 05:43:05,132 [s0-impl-thread1] INFO  server.RaftServer$Division (ServerState.java:setRaftConf(429)) - s0@group-A8EB2453EBF5: set configuration 0: peers:[s0|rpc:localhost:41673|admin:localhost:42127|client:localhost:45967|dataStream:localhost:35821|priority:0|startupRole:FOLLOWER, s1|rpc:localhost:44243|admin:localhost:33637|client:localhost:46107|dataStream:localhost:39503|priority:0|startupRole:FOLLOWER, s2|rpc:localhost:39945|admin:localhost:41877|client:localhost:34005|dataStream:localhost:37913|priority:0|startupRole:FOLLOWER]|listeners:[], old=null
2022-08-09 05:43:05,132 [s0-impl-thread1] INFO  statemachine.SimpleStateMachine4Testing (SimpleStateMachine4Testing.java:initialize(212)) - Initializing SimpleStateMachine4Testing:uninitialized
2022-08-09 05:43:05,132 [s0-impl-thread1] INFO  statemachine.SimpleStateMachine4Testing (SimpleStateMachine4Testing.java:loadSnapshot(306)) - The snapshot file null does not exist
2022-08-09 05:43:05,132 [s0-impl-thread1] INFO  server.RaftServerConfigKeys (ConfUtils.java:logGet(46)) - raft.server.log.use.memory = false (default)
2022-08-09 05:43:05,133 [s0-impl-thread1] INFO  server.RaftServerConfigKeys (ConfUtils.java:logGet(46)) - raft.server.log.purge.gap = 1024 (default)
2022-08-09 05:43:05,133 [s0-impl-thread1] INFO  server.RaftServerConfigKeys (ConfUtils.java:logGet(46)) - raft.server.log.appender.buffer.byte-limit = 4MB (=4194304) (default)
2022-08-09 05:43:05,133 [s0-impl-thread1] INFO  server.RaftServerConfigKeys (ConfUtils.java:logGet(46)) - raft.server.log.statemachine.data.read.timeout = 1000ms (default)
2022-08-09 05:43:05,133 [s0-impl-thread1] INFO  server.RaftServerConfigKeys (ConfUtils.java:logGet(46)) - raft.server.log.purge.preservation.log.num = 0 (default)
2022-08-09 05:43:05,133 [s0-impl-thread1] INFO  server.RaftServerConfigKeys (ConfUtils.java:logGet(46)) - raft.server.log.segment.size.max = 8KB (=8192) (custom)
2022-08-09 05:43:05,133 [s0-impl-thread1] INFO  server.RaftServerConfigKeys (ConfUtils.java:logGet(46)) - raft.server.log.segment.cache.num.max = 6 (default)
2022-08-09 05:43:05,133 [s0-impl-thread1] INFO  server.RaftServerConfigKeys (ConfUtils.java:logGet(46)) - raft.server.log.segment.cache.size.max = 200MB (=209715200) (default)
2022-08-09 05:43:05,133 [s0-impl-thread1] INFO  segmented.SegmentedRaftLogWorker (SegmentedRaftLogWorker.java:<init>(187)) - new s0@group-A8EB2453EBF5-SegmentedRaftLogWorker for RaftStorageImpl:Storage Directory /home/runner/work/ratis/ratis/ratis-test/target/test/data/2baaa1de/MiniRaftClusterWithSimulatedRpc3b4f24d4/s0/bbd46d57-59f4-4845-aaae-a8eb2453ebf5
2022-08-09 05:43:05,133 [s0-impl-thread1] INFO  server.RaftServerConfigKeys (ConfUtils.java:logGet(46)) - raft.server.log.queue.byte-limit = 64MB (=67108864) (default)
2022-08-09 05:43:05,133 [s0-impl-thread1] INFO  server.RaftServerConfigKeys (ConfUtils.java:logGet(46)) - raft.server.log.queue.element-limit = 4096 (default)
2022-08-09 05:43:05,133 [s0-impl-thread1] INFO  server.RaftServerConfigKeys (ConfUtils.java:logGet(46)) - raft.server.log.segment.size.max = 8KB (=8192) (custom)
2022-08-09 05:43:05,133 [s0-impl-thread1] INFO  server.RaftServerConfigKeys (ConfUtils.java:logGet(46)) - raft.server.log.preallocated.size = 4MB (=4194304) (default)
2022-08-09 05:43:05,133 [s0-impl-thread1] INFO  server.RaftServerConfigKeys (ConfUtils.java:logGet(46)) - raft.server.log.force.sync.num = 128 (default)
2022-08-09 05:43:05,133 [s0-impl-thread1] INFO  server.RaftServerConfigKeys (ConfUtils.java:logGet(46)) - raft.server.log.statemachine.data.sync = true (default)
2022-08-09 05:43:05,133 [s0-impl-thread1] INFO  server.RaftServerConfigKeys (ConfUtils.java:logGet(46)) - raft.server.log.statemachine.data.sync.timeout = 10s (default)
2022-08-09 05:43:05,133 [s0-impl-thread1] INFO  server.RaftServerConfigKeys (ConfUtils.java:logGet(46)) - raft.server.log.statemachine.data.sync.timeout.retry = -1 (default)
2022-08-09 05:43:05,134 [s0-impl-thread1] INFO  server.RaftServerConfigKeys (ConfUtils.java:logGet(46)) - raft.server.log.write.buffer.size = 64KB (=65536) (default)
2022-08-09 05:43:05,134 [s0-impl-thread1] INFO  server.RaftServerConfigKeys (ConfUtils.java:logGet(46)) - raft.server.log.unsafe-flush.enabled = false (default)
2022-08-09 05:43:05,134 [s0-impl-thread1] INFO  server.RaftServerConfigKeys (ConfUtils.java:logGet(46)) - raft.server.log.statemachine.data.caching.enabled = false (default)
2022-08-09 05:43:05,134 [s0-impl-thread1] INFO  server.RaftServer$Division (ServerState.java:setRaftConf(429)) - s0@group-A8EB2453EBF5: set configuration 0: peers:[s0|rpc:localhost:41673|admin:localhost:42127|client:localhost:45967|dataStream:localhost:35821|priority:0|startupRole:FOLLOWER, s1|rpc:localhost:44243|admin:localhost:33637|client:localhost:46107|dataStream:localhost:39503|priority:0|startupRole:FOLLOWER, s2|rpc:localhost:39945|admin:localhost:41877|client:localhost:34005|dataStream:localhost:37913|priority:0|startupRole:FOLLOWER]|listeners:[], old=null
2022-08-09 05:43:05,135 [s0-impl-thread1] INFO  segmented.LogSegment (LogSegment.java:loadSegment(173)) - Successfully read 41 entries from segment file /home/runner/work/ratis/ratis/ratis-test/target/test/data/2baaa1de/MiniRaftClusterWithSimulatedRpc3b4f24d4/s0/bbd46d57-59f4-4845-aaae-a8eb2453ebf5/current/log_inprogress_0
2022-08-09 05:43:05,135 [s0-impl-thread1] TRACE segmented.SegmentedRaftLogCache (AutoCloseableReadWriteLock.java:logLocking(65)) - s0@group-A8EB2453EBF5: readLock ACQUIRED 1 by SegmentedRaftLogCache$LogSegmentList.getLast
2022-08-09 05:43:05,135 [s0-impl-thread1] TRACE segmented.SegmentedRaftLogCache (AutoCloseableReadWriteLock.java:logLocking(65)) - s0@group-A8EB2453EBF5: readLock RELEASED 0 by SegmentedRaftLogCache$LogSegmentList.getLast
2022-08-09 05:43:05,135 [s0-impl-thread1] TRACE segmented.SegmentedRaftLogCache (SegmentedRaftLogCache.java:setOpenSegment(450)) - s0@group-A8EB2453EBF5-SegmentedRaftLogCache: setOpenSegment to log_inprogress_0
2022-08-09 05:43:05,135 [s0-impl-thread1] TRACE segmented.SegmentedRaftLogCache (AutoCloseableReadWriteLock.java:logLocking(65)) - s0@group-A8EB2453EBF5: readLock ACQUIRED 1 by SegmentedRaftLogCache$LogSegmentList.isEmpty
2022-08-09 05:43:05,135 [s0-impl-thread1] TRACE segmented.SegmentedRaftLogCache (AutoCloseableReadWriteLock.java:logLocking(65)) - s0@group-A8EB2453EBF5: readLock RELEASED 0 by SegmentedRaftLogCache$LogSegmentList.isEmpty
2022-08-09 05:43:05,135 [s0-impl-thread1] TRACE segmented.SegmentedRaftLogCache (AutoCloseableReadWriteLock.java:logLocking(65)) - s0@group-A8EB2453EBF5: readLock ACQUIRED 1 by SegmentedRaftLogCache.getEndIndex
2022-08-09 05:43:05,135 [s0-impl-thread1] TRACE segmented.SegmentedRaftLogCache (AutoCloseableReadWriteLock.java:logLocking(65)) - s0@group-A8EB2453EBF5: readLock RELEASED 0 by SegmentedRaftLogCache.getEndIndex
2022-08-09 05:43:05,135 [s0-impl-thread1] TRACE segmented.SegmentedRaftLogCache (AutoCloseableReadWriteLock.java:logLocking(65)) - s0@group-A8EB2453EBF5: readLock ACQUIRED 1 by SegmentedRaftLogCache.getEndIndex
2022-08-09 05:43:05,135 [s0-impl-thread1] TRACE segmented.SegmentedRaftLogCache (AutoCloseableReadWriteLock.java:logLocking(65)) - s0@group-A8EB2453EBF5: readLock RELEASED 0 by SegmentedRaftLogCache.getEndIndex
2022-08-09 05:43:05,136 [s0-impl-thread1] TRACE segmented.SegmentedRaftLogCache (AutoCloseableReadWriteLock.java:logLocking(65)) - s0@group-A8EB2453EBF5: readLock ACQUIRED 1 by SegmentedRaftLogCache.getLastIndexInClosedSegments
2022-08-09 05:43:05,136 [s0-impl-thread1] TRACE segmented.SegmentedRaftLogCache (AutoCloseableReadWriteLock.java:logLocking(65)) -   s0@group-A8EB2453EBF5: readLock ACQUIRED 2 by SegmentedRaftLogCache$LogSegmentList.isEmpty
2022-08-09 05:43:05,136 [s0-impl-thread1] TRACE segmented.SegmentedRaftLogCache (AutoCloseableReadWriteLock.java:logLocking(65)) -   s0@group-A8EB2453EBF5: readLock RELEASED 1 by SegmentedRaftLogCache$LogSegmentList.isEmpty
2022-08-09 05:43:05,136 [s0-impl-thread1] TRACE segmented.SegmentedRaftLogCache (AutoCloseableReadWriteLock.java:logLocking(65)) - s0@group-A8EB2453EBF5: readLock RELEASED 0 by SegmentedRaftLogCache.getLastIndexInClosedSegments
2022-08-09 05:43:05,136 [s0-impl-thread1] INFO  segmented.SegmentedRaftLogWorker (SegmentedRaftLogWorker.java:lambda$new$0(135)) - s0@group-A8EB2453EBF5-SegmentedRaftLogWorker: flushIndex: setUnconditionally 0 -> 40
2022-08-09 05:43:05,136 [s0-impl-thread1] INFO  segmented.SegmentedRaftLogWorker (SegmentedRaftLogWorker.java:lambda$new$0(135)) - s0@group-A8EB2453EBF5-SegmentedRaftLogWorker: safeCacheEvictIndex: setUnconditionally 0 -> -1
2022-08-09 05:43:05,136 [s0-impl-thread1] INFO  raftlog.RaftLog (RaftLogBase.java:lambda$new$0(53)) - s0@group-A8EB2453EBF5-SegmentedRaftLog: commitIndex: updateToMax old=-1, new=39, updated? true
2022-08-09 05:43:05,136 [s0-impl-thread1] TRACE segmented.SegmentedRaftLogCache (AutoCloseableReadWriteLock.java:logLocking(65)) - s0@group-A8EB2453EBF5: readLock ACQUIRED 1 by SegmentedRaftLogCache.getStartIndex
2022-08-09 05:43:05,136 [s0-impl-thread1] TRACE segmented.SegmentedRaftLogCache (AutoCloseableReadWriteLock.java:logLocking(65)) -   s0@group-A8EB2453EBF5: readLock ACQUIRED 2 by SegmentedRaftLogCache$LogSegmentList.isEmpty
2022-08-09 05:43:05,136 [s0-impl-thread1] TRACE segmented.SegmentedRaftLogCache (AutoCloseableReadWriteLock.java:logLocking(65)) -   s0@group-A8EB2453EBF5: readLock RELEASED 1 by SegmentedRaftLogCache$LogSegmentList.isEmpty
2022-08-09 05:43:05,136 [s0-impl-thread1] TRACE segmented.SegmentedRaftLogCache (AutoCloseableReadWriteLock.java:logLocking(65)) - s0@group-A8EB2453EBF5: readLock RELEASED 0 by SegmentedRaftLogCache.getStartIndex
2022-08-09 05:43:05,136 [s0-impl-thread1] INFO  server.RaftServer$Division (RaftServerImpl.java:start(314)) - s0@group-A8EB2453EBF5: start as a follower, conf=0: peers:[s0|rpc:localhost:41673|admin:localhost:42127|client:localhost:45967|dataStream:localhost:35821|priority:0|startupRole:FOLLOWER, s1|rpc:localhost:44243|admin:localhost:33637|client:localhost:46107|dataStream:localhost:39503|priority:0|startupRole:FOLLOWER, s2|rpc:localhost:39945|admin:localhost:41877|client:localhost:34005|dataStream:localhost:37913|priority:0|startupRole:FOLLOWER]|listeners:[], old=null
2022-08-09 05:43:05,136 [s0-impl-thread1] INFO  server.RaftServer$Division (RaftServerImpl.java:setRole(301)) - s0@group-A8EB2453EBF5: changes role from      null to FOLLOWER at term 1 for startAsFollower
2022-08-09 05:43:05,136 [s0-impl-thread1] INFO  impl.RoleInfo (RoleInfo.java:updateAndGet(139)) - s0: start s0@group-A8EB2453EBF5-FollowerState
2022-08-09 05:43:05,137 [s0-impl-thread1] INFO  util.JmxRegister (JmxRegister.java:tryRegister(44)) - Successfully registered JMX Bean with object name Ratis:service=RaftServer,group=group-A8EB2453EBF5,id=s0
2022-08-09 05:43:05,137 [s0-impl-thread1] INFO  server.RaftServerConfigKeys (ConfUtils.java:logGet(46)) - raft.server.snapshot.auto.trigger.enabled = false (default)
2022-08-09 05:43:05,137 [s0-impl-thread1] INFO  server.RaftServerConfigKeys (ConfUtils.java:logGet(46)) - raft.server.snapshot.retention.file.num = -1 (default)
2022-08-09 05:43:05,137 [s0-impl-thread1] INFO  server.RaftServerConfigKeys (ConfUtils.java:logGet(46)) - raft.server.log.purge.upto.snapshot.index = false (default)
2022-08-09 05:43:05,140 [Time-limited test] INFO  server.RaftServer (RaftServerProxy.java:startImpl(387)) - s0: start RPC server
2022-08-09 05:43:05,141 [Time-limited test] TRACE segmented.SegmentedRaftLogCache (AutoCloseableReadWriteLock.java:logLocking(65)) - s0@group-A8EB2453EBF5: readLock ACQUIRED 1 by SegmentedRaftLogCache.getLastTermIndex
2022-08-09 05:43:05,141 [Time-limited test] TRACE segmented.SegmentedRaftLogCache (AutoCloseableReadWriteLock.java:logLocking(65)) - s0@group-A8EB2453EBF5: readLock RELEASED 0 by SegmentedRaftLogCache.getLastTermIndex
2022-08-09 05:43:05,142 [org.apache.ratis.util.JvmPauseMonitor$$Lambda$262/142898044@64331310] INFO  util.JvmPauseMonitor (JvmPauseMonitor.java:run(103)) - JvmPauseMonitor-s0: Started
2022-08-09 05:43:05,144 [Time-limited test] INFO  server.RaftServer (RaftServerProxy.java:lambda$close$6(403)) - s0: close
2022-08-09 05:43:05,144 [s0-impl-thread1] INFO  server.RaftServer$Division (RaftServerImpl.java:lambda$close$4(438)) - s0@group-A8EB2453EBF5: shutdown
2022-08-09 05:43:05,144 [s0-impl-thread1] INFO  util.JmxRegister (JmxRegister.java:unregister(73)) - Successfully un-registered JMX Bean with object name Ratis:service=RaftServer,group=group-A8EB2453EBF5,id=s0
2022-08-09 05:43:05,144 [s0-impl-thread1] INFO  impl.RoleInfo (RoleInfo.java:shutdownFollowerState(110)) - s0: shutdown s0@group-A8EB2453EBF5-FollowerState
2022-08-09 05:43:05,144 [s0-impl-thread1] INFO  impl.StateMachineUpdater (StateMachineUpdater.java:stopAndJoin(153)) - s0@group-A8EB2453EBF5-StateMachineUpdater: set stopIndex = 39
2022-08-09 05:43:05,146 [s0@group-A8EB2453EBF5-FollowerState] INFO  impl.FollowerState (FollowerState.java:run(152)) - s0@group-A8EB2453EBF5-FollowerState was interrupted
2022-08-09 05:43:05,146 [Thread-531] INFO  simulation.RequestHandler (RequestHandler.java:run(126)) - s0.clientHandler0 is interrupted by java.io.InterruptedIOException: 
2022-08-09 05:43:05,146 [Thread-532] INFO  simulation.RequestHandler (RequestHandler.java:run(126)) - s0.clientHandler1 is interrupted by java.io.InterruptedIOException: 
2022-08-09 05:43:05,148 [Thread-533] INFO  simulation.RequestHandler (RequestHandler.java:run(126)) - s0.clientHandler2 is interrupted by java.io.InterruptedIOException: 
2022-08-09 05:43:05,149 [Thread-528] INFO  simulation.RequestHandler (RequestHandler.java:run(126)) - s0.serverHandler0 is interrupted by java.io.InterruptedIOException: 
2022-08-09 05:43:05,149 [Thread-529] INFO  simulation.RequestHandler (RequestHandler.java:run(126)) - s0.serverHandler1 is interrupted by java.io.InterruptedIOException: 
2022-08-09 05:43:05,149 [Thread-530] INFO  simulation.RequestHandler (RequestHandler.java:run(126)) - s0.serverHandler2 is interrupted by java.io.InterruptedIOException: 
2022-08-09 05:43:05,150 [org.apache.ratis.util.JvmPauseMonitor$$Lambda$262/142898044@64331310] INFO  util.JvmPauseMonitor (JvmPauseMonitor.java:run(109)) - JvmPauseMonitor-s0: Stopped
2022-08-09 05:43:05,151 [s0@group-A8EB2453EBF5-StateMachineUpdater] INFO  statemachine.SimpleStateMachine4Testing (SimpleStateMachine4Testing.java:put(204)) - s0: put 1, m0 -> (t:1, i:1), STATEMACHINELOGENTRY, 144@client-65F24773FB27
2022-08-09 05:43:05,153 [s0@group-A8EB2453EBF5-StateMachineUpdater] INFO  statemachine.SimpleStateMachine4Testing (SimpleStateMachine4Testing.java:put(204)) - s0: put 3, m1 -> (t:1, i:3), STATEMACHINELOGENTRY, 151@client-65F24773FB27
2022-08-09 05:43:05,160 [s0@group-A8EB2453EBF5-StateMachineUpdater] INFO  statemachine.SimpleStateMachine4Testing (SimpleStateMachine4Testing.java:put(204)) - s0: put 5, m2 -> (t:1, i:5), STATEMACHINELOGENTRY, 156@client-65F24773FB27
2022-08-09 05:43:05,161 [s0@group-A8EB2453EBF5-StateMachineUpdater] INFO  statemachine.SimpleStateMachine4Testing (SimpleStateMachine4Testing.java:put(204)) - s0: put 7, m3 -> (t:1, i:7), STATEMACHINELOGENTRY, 161@client-65F24773FB27
2022-08-09 05:43:05,161 [s0@group-A8EB2453EBF5-StateMachineUpdater] INFO  statemachine.SimpleStateMachine4Testing (SimpleStateMachine4Testing.java:put(204)) - s0: put 9, m4 -> (t:1, i:9), STATEMACHINELOGENTRY, 164@client-65F24773FB27
2022-08-09 05:43:05,161 [s0@group-A8EB2453EBF5-StateMachineUpdater] INFO  statemachine.SimpleStateMachine4Testing (SimpleStateMachine4Testing.java:put(204)) - s0: put 11, m5 -> (t:1, i:11), STATEMACHINELOGENTRY, 167@client-65F24773FB27
2022-08-09 05:43:05,161 [s0@group-A8EB2453EBF5-StateMachineUpdater] INFO  statemachine.SimpleStateMachine4Testing (SimpleStateMachine4Testing.java:put(204)) - s0: put 13, m6 -> (t:1, i:13), STATEMACHINELOGENTRY, 172@client-65F24773FB27
2022-08-09 05:43:05,161 [s0@group-A8EB2453EBF5-StateMachineUpdater] INFO  statemachine.SimpleStateMachine4Testing (SimpleStateMachine4Testing.java:put(204)) - s0: put 15, m7 -> (t:1, i:15), STATEMACHINELOGENTRY, 175@client-65F24773FB27
2022-08-09 05:43:05,161 [s0@group-A8EB2453EBF5-StateMachineUpdater] INFO  statemachine.SimpleStateMachine4Testing (SimpleStateMachine4Testing.java:put(204)) - s0: put 17, m8 -> (t:1, i:17), STATEMACHINELOGENTRY, 178@client-65F24773FB27
2022-08-09 05:43:05,161 [s0@group-A8EB2453EBF5-StateMachineUpdater] INFO  statemachine.SimpleStateMachine4Testing (SimpleStateMachine4Testing.java:put(204)) - s0: put 19, m9 -> (t:1, i:19), STATEMACHINELOGENTRY, 182@client-65F24773FB27
2022-08-09 05:43:05,161 [s0@group-A8EB2453EBF5-StateMachineUpdater] INFO  statemachine.SimpleStateMachine4Testing (SimpleStateMachine4Testing.java:put(204)) - s0: put 21, m10 -> (t:1, i:21), STATEMACHINELOGENTRY, 187@client-60C5AB4E06F6
2022-08-09 05:43:05,161 [s0@group-A8EB2453EBF5-StateMachineUpdater] INFO  statemachine.SimpleStateMachine4Testing (SimpleStateMachine4Testing.java:put(204)) - s0: put 23, m11 -> (t:1, i:23), STATEMACHINELOGENTRY, 191@client-60C5AB4E06F6
2022-08-09 05:43:05,162 [s0@group-A8EB2453EBF5-StateMachineUpdater] INFO  statemachine.SimpleStateMachine4Testing (SimpleStateMachine4Testing.java:put(204)) - s0: put 25, m12 -> (t:1, i:25), STATEMACHINELOGENTRY, 194@client-60C5AB4E06F6
2022-08-09 05:43:05,162 [s0@group-A8EB2453EBF5-StateMachineUpdater] INFO  statemachine.SimpleStateMachine4Testing (SimpleStateMachine4Testing.java:put(204)) - s0: put 27, m13 -> (t:1, i:27), STATEMACHINELOGENTRY, 197@client-60C5AB4E06F6
2022-08-09 05:43:05,162 [s0@group-A8EB2453EBF5-StateMachineUpdater] INFO  statemachine.SimpleStateMachine4Testing (SimpleStateMachine4Testing.java:put(204)) - s0: put 29, m14 -> (t:1, i:29), STATEMACHINELOGENTRY, 201@client-60C5AB4E06F6
2022-08-09 05:43:05,162 [s0@group-A8EB2453EBF5-StateMachineUpdater] INFO  statemachine.SimpleStateMachine4Testing (SimpleStateMachine4Testing.java:put(204)) - s0: put 31, m15 -> (t:1, i:31), STATEMACHINELOGENTRY, 205@client-60C5AB4E06F6
2022-08-09 05:43:05,162 [s0@group-A8EB2453EBF5-StateMachineUpdater] INFO  statemachine.SimpleStateMachine4Testing (SimpleStateMachine4Testing.java:put(204)) - s0: put 33, m16 -> (t:1, i:33), STATEMACHINELOGENTRY, 208@client-60C5AB4E06F6
2022-08-09 05:43:05,162 [s0@group-A8EB2453EBF5-StateMachineUpdater] INFO  statemachine.SimpleStateMachine4Testing (SimpleStateMachine4Testing.java:put(204)) - s0: put 35, m17 -> (t:1, i:35), STATEMACHINELOGENTRY, 213@client-60C5AB4E06F6
2022-08-09 05:43:05,162 [s0@group-A8EB2453EBF5-StateMachineUpdater] INFO  statemachine.SimpleStateMachine4Testing (SimpleStateMachine4Testing.java:put(204)) - s0: put 37, m18 -> (t:1, i:37), STATEMACHINELOGENTRY, 217@client-60C5AB4E06F6
2022-08-09 05:43:05,162 [s0@group-A8EB2453EBF5-StateMachineUpdater] INFO  statemachine.SimpleStateMachine4Testing (SimpleStateMachine4Testing.java:put(204)) - s0: put 39, m19 -> (t:1, i:39), STATEMACHINELOGENTRY, 220@client-60C5AB4E06F6
2022-08-09 05:43:05,163 [s0-impl-thread1] INFO  server.RaftServer$Division (ServerState.java:close(465)) - s0@group-A8EB2453EBF5: closes. applyIndex: 39
2022-08-09 05:43:05,163 [s0-impl-thread1] TRACE segmented.SegmentedRaftLogCache (SegmentedRaftLogCache.java:clearOpenSegment(456)) - s0@group-A8EB2453EBF5-SegmentedRaftLogCache: clearOpenSegment log_inprogress_0
2022-08-09 05:43:05,163 [s0-impl-thread1] TRACE segmented.SegmentedRaftLogCache (AutoCloseableReadWriteLock.java:logLocking(65)) - s0@group-A8EB2453EBF5: writeLock ACQUIRED 1 by SegmentedRaftLogCache$LogSegmentList.clear
2022-08-09 05:43:05,163 [s0-impl-thread1] TRACE segmented.SegmentedRaftLogCache (AutoCloseableReadWriteLock.java:logLocking(65)) - s0@group-A8EB2453EBF5: writeLock RELEASED 0 by SegmentedRaftLogCache$LogSegmentList.clear
2022-08-09 05:43:05,163 [s0@group-A8EB2453EBF5-SegmentedRaftLogWorker] INFO  segmented.SegmentedRaftLogWorker (SegmentedRaftLogWorker.java:run(336)) - s0@group-A8EB2453EBF5-SegmentedRaftLogWorker was interrupted, exiting. There are 0 tasks remaining in the queue.
2022-08-09 05:43:05,163 [s0-impl-thread1] INFO  segmented.SegmentedRaftLogWorker (SegmentedRaftLogWorker.java:close(246)) - s0@group-A8EB2453EBF5-SegmentedRaftLogWorker close()
2022-08-09 05:43:05,164 [Time-limited test] INFO  server.RaftServer (RaftServerProxy.java:lambda$close$6(403)) - s1: close
2022-08-09 05:43:05,164 [s1-impl-thread1] INFO  server.RaftServer$Division (RaftServerImpl.java:lambda$close$4(438)) - s1@group-A8EB2453EBF5: shutdown
2022-08-09 05:43:05,164 [Thread-474] INFO  simulation.RequestHandler (RequestHandler.java:run(126)) - s1.clientHandler0 is interrupted by java.io.InterruptedIOException: 
2022-08-09 05:43:05,164 [Thread-475] INFO  simulation.RequestHandler (RequestHandler.java:run(126)) - s1.clientHandler1 is interrupted by java.io.InterruptedIOException: 
2022-08-09 05:43:05,164 [Thread-476] INFO  simulation.RequestHandler (RequestHandler.java:run(126)) - s1.clientHandler2 is interrupted by java.io.InterruptedIOException: 
2022-08-09 05:43:05,164 [s1-impl-thread1] INFO  util.JmxRegister (JmxRegister.java:unregister(73)) - Successfully un-registered JMX Bean with object name Ratis:service=RaftServer,group=group-A8EB2453EBF5,id=s1
2022-08-09 05:43:05,164 [s1-impl-thread1] INFO  impl.RoleInfo (RoleInfo.java:shutdownLeaderState(93)) - s1: shutdown s1@group-A8EB2453EBF5-LeaderStateImpl
2022-08-09 05:43:05,164 [s1-impl-thread1] INFO  impl.PendingRequests (PendingRequests.java:sendNotLeaderResponses(282)) - s1@group-A8EB2453EBF5-PendingRequests: sendNotLeaderResponses
2022-08-09 05:43:05,164 [s1-impl-thread1] INFO  impl.StateMachineUpdater (StateMachineUpdater.java:stopAndJoin(153)) - s1@group-A8EB2453EBF5-StateMachineUpdater: set stopIndex = 40
2022-08-09 05:43:05,165 [s1@group-A8EB2453EBF5->s0-LogAppenderDefault-LogAppenderDaemon] INFO  leader.LogAppenderDaemon (LogAppenderDaemon.java:run(82)) - s1@group-A8EB2453EBF5->s0-LogAppenderDefault-LogAppenderDaemon was interrupted: java.lang.InterruptedException
2022-08-09 05:43:05,165 [s1@group-A8EB2453EBF5->s2-LogAppenderDefault-LogAppenderDaemon] INFO  leader.LogAppenderDaemon (LogAppenderDaemon.java:run(82)) - s1@group-A8EB2453EBF5->s2-LogAppenderDefault-LogAppenderDaemon was interrupted: java.lang.InterruptedException
2022-08-09 05:43:05,165 [Thread-471] INFO  simulation.RequestHandler (RequestHandler.java:run(126)) - s1.serverHandler0 is interrupted by java.io.InterruptedIOException: 
2022-08-09 05:43:05,165 [Thread-472] INFO  simulation.RequestHandler (RequestHandler.java:run(126)) - s1.serverHandler1 is interrupted by java.io.InterruptedIOException: 
2022-08-09 05:43:05,165 [Thread-473] INFO  simulation.RequestHandler (RequestHandler.java:run(126)) - s1.serverHandler2 is interrupted by java.io.InterruptedIOException: 
2022-08-09 05:43:05,165 [s1-impl-thread1] INFO  server.RaftServer$Division (ServerState.java:close(465)) - s1@group-A8EB2453EBF5: closes. applyIndex: 40
2022-08-09 05:43:05,165 [s1-impl-thread1] TRACE segmented.SegmentedRaftLogCache (SegmentedRaftLogCache.java:clearOpenSegment(456)) - s1@group-A8EB2453EBF5-SegmentedRaftLogCache: clearOpenSegment log_inprogress_0
2022-08-09 05:43:05,165 [s1-impl-thread1] TRACE segmented.SegmentedRaftLogCache (AutoCloseableReadWriteLock.java:logLocking(65)) - s1@group-A8EB2453EBF5: writeLock ACQUIRED 1 by SegmentedRaftLogCache$LogSegmentList.clear
2022-08-09 05:43:05,165 [s1-impl-thread1] TRACE segmented.SegmentedRaftLogCache (AutoCloseableReadWriteLock.java:logLocking(65)) - s1@group-A8EB2453EBF5: writeLock RELEASED 0 by SegmentedRaftLogCache$LogSegmentList.clear
2022-08-09 05:43:05,165 [s1@group-A8EB2453EBF5-SegmentedRaftLogWorker] INFO  segmented.SegmentedRaftLogWorker (SegmentedRaftLogWorker.java:run(336)) - s1@group-A8EB2453EBF5-SegmentedRaftLogWorker was interrupted, exiting. There are 0 tasks remaining in the queue.
2022-08-09 05:43:05,165 [org.apache.ratis.util.JvmPauseMonitor$$Lambda$262/142898044@37c1786c] INFO  util.JvmPauseMonitor (JvmPauseMonitor.java:run(109)) - JvmPauseMonitor-s1: Stopped
2022-08-09 05:43:05,166 [s1-impl-thread1] INFO  segmented.SegmentedRaftLogWorker (SegmentedRaftLogWorker.java:close(246)) - s1@group-A8EB2453EBF5-SegmentedRaftLogWorker close()
2022-08-09 05:43:05,166 [Time-limited test] INFO  server.RaftServer (RaftServerProxy.java:lambda$close$6(403)) - s2: close
2022-08-09 05:43:05,166 [s2-impl-thread1] INFO  server.RaftServer$Division (RaftServerImpl.java:lambda$close$4(438)) - s2@group-A8EB2453EBF5: shutdown
2022-08-09 05:43:05,166 [Thread-484] INFO  simulation.RequestHandler (RequestHandler.java:run(126)) - s2.clientHandler2 is interrupted by java.io.InterruptedIOException: 
2022-08-09 05:43:05,166 [Thread-483] INFO  simulation.RequestHandler (RequestHandler.java:run(126)) - s2.clientHandler1 is interrupted by java.io.InterruptedIOException: 
2022-08-09 05:43:05,166 [Thread-482] INFO  simulation.RequestHandler (RequestHandler.java:run(126)) - s2.clientHandler0 is interrupted by java.io.InterruptedIOException: 
2022-08-09 05:43:05,166 [s2-impl-thread1] INFO  util.JmxRegister (JmxRegister.java:unregister(73)) - Successfully un-registered JMX Bean with object name Ratis:service=RaftServer,group=group-A8EB2453EBF5,id=s2
2022-08-09 05:43:05,167 [s2-impl-thread1] INFO  impl.RoleInfo (RoleInfo.java:shutdownFollowerState(110)) - s2: shutdown s2@group-A8EB2453EBF5-FollowerState
2022-08-09 05:43:05,167 [s2-impl-thread1] INFO  impl.StateMachineUpdater (StateMachineUpdater.java:stopAndJoin(153)) - s2@group-A8EB2453EBF5-StateMachineUpdater: set stopIndex = 40
2022-08-09 05:43:05,167 [s2@group-A8EB2453EBF5-FollowerState] INFO  impl.FollowerState (FollowerState.java:run(152)) - s2@group-A8EB2453EBF5-FollowerState was interrupted
2022-08-09 05:43:05,167 [s2-impl-thread1] INFO  server.RaftServer$Division (ServerState.java:close(465)) - s2@group-A8EB2453EBF5: closes. applyIndex: 40
2022-08-09 05:43:05,167 [s2-impl-thread1] TRACE segmented.SegmentedRaftLogCache (SegmentedRaftLogCache.java:clearOpenSegment(456)) - s2@group-A8EB2453EBF5-SegmentedRaftLogCache: clearOpenSegment log_inprogress_0
2022-08-09 05:43:05,167 [s2-impl-thread1] TRACE segmented.SegmentedRaftLogCache (AutoCloseableReadWriteLock.java:logLocking(65)) - s2@group-A8EB2453EBF5: writeLock ACQUIRED 1 by SegmentedRaftLogCache$LogSegmentList.clear
2022-08-09 05:43:05,167 [s2-impl-thread1] TRACE segmented.SegmentedRaftLogCache (AutoCloseableReadWriteLock.java:logLocking(65)) - s2@group-A8EB2453EBF5: writeLock RELEASED 0 by SegmentedRaftLogCache$LogSegmentList.clear
2022-08-09 05:43:05,167 [s2@group-A8EB2453EBF5-SegmentedRaftLogWorker] INFO  segmented.SegmentedRaftLogWorker (SegmentedRaftLogWorker.java:run(336)) - s2@group-A8EB2453EBF5-SegmentedRaftLogWorker was interrupted, exiting. There are 0 tasks remaining in the queue.
2022-08-09 05:43:05,167 [s2-impl-thread1] INFO  segmented.SegmentedRaftLogWorker (SegmentedRaftLogWorker.java:close(246)) - s2@group-A8EB2453EBF5-SegmentedRaftLogWorker close()
2022-08-09 05:43:05,168 [Thread-479] INFO  simulation.RequestHandler (RequestHandler.java:run(126)) - s2.serverHandler0 is interrupted by java.io.InterruptedIOException: 
2022-08-09 05:43:05,168 [Thread-481] INFO  simulation.RequestHandler (RequestHandler.java:run(126)) - s2.serverHandler2 is interrupted by java.io.InterruptedIOException: 
2022-08-09 05:43:05,168 [Thread-480] INFO  simulation.RequestHandler (RequestHandler.java:run(126)) - s2.serverHandler1 is interrupted by java.io.InterruptedIOException: 
2022-08-09 05:43:05,168 [org.apache.ratis.util.JvmPauseMonitor$$Lambda$262/142898044@212e0765] INFO  util.JvmPauseMonitor (JvmPauseMonitor.java:run(109)) - JvmPauseMonitor-s2: Stopped
2022-08-09 05:43:05,168 [Time-limited test] TRACE util.FileUtils (LogUtils.java:runAndLog(49)) - Successfully ran FileOutputStream.getChannel().truncate /home/runner/work/ratis/ratis/ratis-test/target/test/data/2baaa1de/MiniRaftClusterWithSimulatedRpc3b4f24d4/s0/bbd46d57-59f4-4845-aaae-a8eb2453ebf5/current/log_inprogress_0 length: 1317 -> 1316
2022-08-09 05:43:05,168 [Time-limited test] INFO  impl.MiniRaftCluster (MiniRaftCluster.java:killServer(529)) - killServer s0
2022-08-09 05:43:05,168 [Time-limited test] INFO  impl.MiniRaftCluster (MiniRaftCluster.java:newRaftServer(379)) - newRaftServer: s0, group-A8EB2453EBF5:[s0|rpc:localhost:41673|admin:localhost:42127|client:localhost:45967|dataStream:localhost:35821|priority:0|startupRole:FOLLOWER, s1|rpc:localhost:44243|admin:localhost:33637|client:localhost:46107|dataStream:localhost:39503|priority:0|startupRole:FOLLOWER, s2|rpc:localhost:39945|admin:localhost:41877|client:localhost:34005|dataStream:localhost:37913|priority:0|startupRole:FOLLOWER], format? false
2022-08-09 05:43:05,169 [Time-limited test] INFO  server.RaftServer (ConfUtils.java:logGet(46)) - raft.rpc.type = org.apache.ratis.server.simulation.SimulatedRpc (custom)
2022-08-09 05:43:05,169 [Time-limited test] INFO  impl.DataStreamServerImpl (ConfUtils.java:logGet(46)) - raft.datastream.type = DISABLED (default)
2022-08-09 05:43:05,169 [Time-limited test] INFO  server.RaftServerConfigKeys (ConfUtils.java:logGet(46)) - raft.server.threadpool.proxy.cached = true (default)
2022-08-09 05:43:05,169 [Time-limited test] INFO  server.RaftServerConfigKeys (ConfUtils.java:logGet(46)) - raft.server.threadpool.proxy.size = 0 (default)
2022-08-09 05:43:05,169 [Time-limited test] INFO  server.RaftServerConfigKeys (ConfUtils.java:logGet(46)) - raft.server.rpc.slowness.timeout = 60s (default)
2022-08-09 05:43:05,169 [Time-limited test] INFO  server.RaftServerConfigKeys (ConfUtils.java:logGet(46)) - raft.server.leaderelection.leader.step-down.wait-time = 10s (default)
2022-08-09 05:43:05,169 [Time-limited test] INFO  server.RaftServerConfigKeys (ConfUtils.java:logGet(46)) - raft.server.storage.dir = [/home/runner/work/ratis/ratis/ratis-test/target/test/data/2baaa1de/MiniRaftClusterWithSimulatedRpc3b4f24d4/s0] (custom)
2022-08-09 05:43:05,170 [s0-impl-thread1] INFO  server.RaftServer (RaftServerProxy.java:initGroupDir(249)) - s0: found a subdirectory /home/runner/work/ratis/ratis/ratis-test/target/test/data/2baaa1de/MiniRaftClusterWithSimulatedRpc3b4f24d4/s0/bbd46d57-59f4-4845-aaae-a8eb2453ebf5
2022-08-09 05:43:05,170 [Time-limited test] INFO  server.RaftServer (RaftServerProxy.java:addNew(96)) - s0: addNew group-A8EB2453EBF5:[s0|rpc:localhost:41673|admin:localhost:42127|client:localhost:45967|dataStream:localhost:35821|priority:0|startupRole:FOLLOWER, s1|rpc:localhost:44243|admin:localhost:33637|client:localhost:46107|dataStream:localhost:39503|priority:0|startupRole:FOLLOWER, s2|rpc:localhost:39945|admin:localhost:41877|client:localhost:34005|dataStream:localhost:37913|priority:0|startupRole:FOLLOWER] returns group-A8EB2453EBF5:java.util.concurrent.CompletableFuture@7e9e566a[Not completed]
2022-08-09 05:43:05,170 [pool-41-thread-1] INFO  server.RaftServerConfigKeys (ConfUtils.java:logGet(46)) - raft.server.log.segment.size.max = 8MB (=8388608) (default)
2022-08-09 05:43:05,170 [pool-41-thread-1] INFO  server.RaftServerConfigKeys (ConfUtils.java:logGet(46)) - raft.server.log.preallocated.size = 4MB (=4194304) (default)
2022-08-09 05:43:05,170 [pool-41-thread-1] INFO  server.RaftServerConfigKeys (ConfUtils.java:logGet(46)) - raft.server.log.write.buffer.size = 64KB (=65536) (default)
2022-08-09 05:43:05,170 [pool-41-thread-1] INFO  server.RaftServer$Division (RaftServerImpl.java:<init>(192)) - s0: new RaftServerImpl for group-A8EB2453EBF5:[s0|rpc:localhost:41673|admin:localhost:42127|client:localhost:45967|dataStream:localhost:35821|priority:0|startupRole:FOLLOWER, s1|rpc:localhost:44243|admin:localhost:33637|client:localhost:46107|dataStream:localhost:39503|priority:0|startupRole:FOLLOWER, s2|rpc:localhost:39945|admin:localhost:41877|client:localhost:34005|dataStream:localhost:37913|priority:0|startupRole:FOLLOWER] with SimpleStateMachine4Testing:uninitialized
2022-08-09 05:43:05,170 [pool-41-thread-1] INFO  server.RaftServerConfigKeys (ConfUtils.java:logGet(46)) - raft.server.rpc.timeout.min = 150ms (default)
2022-08-09 05:43:05,170 [pool-41-thread-1] INFO  server.RaftServerConfigKeys (ConfUtils.java:logGet(46)) - raft.server.rpc.timeout.max = 300ms (default)
2022-08-09 05:43:05,170 [pool-41-thread-1] INFO  server.RaftServerConfigKeys (ConfUtils.java:logGet(46)) - raft.server.rpc.sleep.time = 25ms (default)
2022-08-09 05:43:05,170 [pool-41-thread-1] INFO  server.RaftServerConfigKeys (ConfUtils.java:logGet(46)) - raft.server.rpc.slowness.timeout = 60s (default)
2022-08-09 05:43:05,170 [pool-41-thread-1] INFO  server.RaftServerConfigKeys (ConfUtils.java:logGet(46)) - raft.server.leaderelection.leader.step-down.wait-time = 10s (default)
2022-08-09 05:43:05,170 [pool-41-thread-1] INFO  server.RaftServerConfigKeys (ConfUtils.java:logGet(46)) - raft.server.sleep.deviation.threshold = 300ms (default)
2022-08-09 05:43:05,171 [pool-41-thread-1] INFO  server.RaftServer$Division (ServerState.java:<init>(118)) - s0@group-A8EB2453EBF5: ConfigurationManager, init=-1: peers:[s0|rpc:localhost:41673|admin:localhost:42127|client:localhost:45967|dataStream:localhost:35821|priority:0|startupRole:FOLLOWER, s1|rpc:localhost:44243|admin:localhost:33637|client:localhost:46107|dataStream:localhost:39503|priority:0|startupRole:FOLLOWER, s2|rpc:localhost:39945|admin:localhost:41877|client:localhost:34005|dataStream:localhost:37913|priority:0|startupRole:FOLLOWER]|listeners:[], old=null, confs=<EMPTY_MAP>
2022-08-09 05:43:05,171 [pool-41-thread-1] INFO  server.RaftServerConfigKeys (ConfUtils.java:logGet(46)) - raft.server.storage.dir = [/home/runner/work/ratis/ratis/ratis-test/target/test/data/2baaa1de/MiniRaftClusterWithSimulatedRpc3b4f24d4/s0] (custom)
2022-08-09 05:43:05,171 [pool-41-thread-1] INFO  server.RaftServerConfigKeys (ConfUtils.java:logGet(46)) - raft.server.log.corruption.policy = EXCEPTION (default)
2022-08-09 05:43:05,171 [pool-41-thread-1] INFO  server.RaftServerConfigKeys (ConfUtils.java:logGet(46)) - raft.server.storage.free-space.min = 0MB (=0) (default)
2022-08-09 05:43:05,171 [pool-41-thread-1] INFO  server.RaftServerConfigKeys (ConfUtils.java:logGet(46)) - raft.server.notification.no-leader.timeout = 60s (default)
2022-08-09 05:43:05,171 [pool-41-thread-1] INFO  server.RaftServerConfigKeys (ConfUtils.java:logGet(46)) - raft.server.retrycache.expirytime = 60s (default)
2022-08-09 05:43:05,171 [pool-41-thread-1] INFO  server.RaftServerConfigKeys (ConfUtils.java:logGet(46)) - raft.server.retrycache.statistics.expirytime = 100μs (default)
2022-08-09 05:43:05,171 [pool-41-thread-1] INFO  server.RaftServerConfigKeys (ConfUtils.java:logGet(46)) - raft.server.log.appender.install.snapshot.enabled = true (default)
2022-08-09 05:43:05,171 [pool-41-thread-1] INFO  server.RaftServerConfigKeys (ConfUtils.java:logGet(46)) - raft.server.threadpool.server.cached = true (default)
2022-08-09 05:43:05,171 [pool-41-thread-1] INFO  server.RaftServerConfigKeys (ConfUtils.java:logGet(46)) - raft.server.threadpool.server.size = 0 (default)
2022-08-09 05:43:05,171 [pool-41-thread-1] INFO  server.RaftServerConfigKeys (ConfUtils.java:logGet(46)) - raft.server.threadpool.client.cached = true (default)
2022-08-09 05:43:05,171 [pool-41-thread-1] INFO  server.RaftServerConfigKeys (ConfUtils.java:logGet(46)) - raft.server.threadpool.client.size = 0 (default)
2022-08-09 05:43:05,172 [s0-impl-thread1] INFO  storage.RaftStorageDirectory (RaftStorageDirectoryImpl.java:tryLock(231)) - Lock on /home/runner/work/ratis/ratis/ratis-test/target/test/data/2baaa1de/MiniRaftClusterWithSimulatedRpc3b4f24d4/s0/bbd46d57-59f4-4845-aaae-a8eb2453ebf5/in_use.lock acquired by nodename 4131@fv-az59-8.csjynl4pkq3e1pkirw3ssqjfoh.cx.internal.cloudapp.net
2022-08-09 05:43:05,173 [s0-impl-thread1] INFO  storage.RaftStorage (RaftStorageImpl.java:analyzeAndRecoverStorage(117)) - Read RaftStorageMetadata{term=1, votedFor=s1} from /home/runner/work/ratis/ratis/ratis-test/target/test/data/2baaa1de/MiniRaftClusterWithSimulatedRpc3b4f24d4/s0/bbd46d57-59f4-4845-aaae-a8eb2453ebf5/current/raft-meta
2022-08-09 05:43:05,173 [s0-impl-thread1] INFO  server.RaftServer$Division (ServerState.java:setRaftConf(429)) - s0@group-A8EB2453EBF5: set configuration 0: peers:[s0|rpc:localhost:41673|admin:localhost:42127|client:localhost:45967|dataStream:localhost:35821|priority:0|startupRole:FOLLOWER, s1|rpc:localhost:44243|admin:localhost:33637|client:localhost:46107|dataStream:localhost:39503|priority:0|startupRole:FOLLOWER, s2|rpc:localhost:39945|admin:localhost:41877|client:localhost:34005|dataStream:localhost:37913|priority:0|startupRole:FOLLOWER]|listeners:[], old=null
2022-08-09 05:43:05,173 [s0-impl-thread1] INFO  statemachine.SimpleStateMachine4Testing (SimpleStateMachine4Testing.java:initialize(212)) - Initializing SimpleStateMachine4Testing:uninitialized
2022-08-09 05:43:05,173 [s0-impl-thread1] INFO  statemachine.SimpleStateMachine4Testing (SimpleStateMachine4Testing.java:loadSnapshot(306)) - The snapshot file null does not exist
2022-08-09 05:43:05,173 [s0-impl-thread1] INFO  server.RaftServerConfigKeys (ConfUtils.java:logGet(46)) - raft.server.log.use.memory = false (default)
2022-08-09 05:43:05,173 [s0-impl-thread1] INFO  server.RaftServerConfigKeys (ConfUtils.java:logGet(46)) - raft.server.log.purge.gap = 1024 (default)
2022-08-09 05:43:05,173 [s0-impl-thread1] INFO  server.RaftServerConfigKeys (ConfUtils.java:logGet(46)) - raft.server.log.appender.buffer.byte-limit = 4MB (=4194304) (default)
2022-08-09 05:43:05,173 [s0-impl-thread1] INFO  server.RaftServerConfigKeys (ConfUtils.java:logGet(46)) - raft.server.log.statemachine.data.read.timeout = 1000ms (default)
2022-08-09 05:43:05,173 [s0-impl-thread1] INFO  server.RaftServerConfigKeys (ConfUtils.java:logGet(46)) - raft.server.log.purge.preservation.log.num = 0 (default)
2022-08-09 05:43:05,174 [s0-impl-thread1] INFO  server.RaftServerConfigKeys (ConfUtils.java:logGet(46)) - raft.server.log.segment.size.max = 8KB (=8192) (custom)
2022-08-09 05:43:05,174 [s0-impl-thread1] INFO  server.RaftServerConfigKeys (ConfUtils.java:logGet(46)) - raft.server.log.segment.cache.num.max = 6 (default)
2022-08-09 05:43:05,174 [s0-impl-thread1] INFO  server.RaftServerConfigKeys (ConfUtils.java:logGet(46)) - raft.server.log.segment.cache.size.max = 200MB (=209715200) (default)
2022-08-09 05:43:05,174 [s0-impl-thread1] INFO  segmented.SegmentedRaftLogWorker (SegmentedRaftLogWorker.java:<init>(187)) - new s0@group-A8EB2453EBF5-SegmentedRaftLogWorker for RaftStorageImpl:Storage Directory /home/runner/work/ratis/ratis/ratis-test/target/test/data/2baaa1de/MiniRaftClusterWithSimulatedRpc3b4f24d4/s0/bbd46d57-59f4-4845-aaae-a8eb2453ebf5
2022-08-09 05:43:05,174 [s0-impl-thread1] INFO  server.RaftServerConfigKeys (ConfUtils.java:logGet(46)) - raft.server.log.queue.byte-limit = 64MB (=67108864) (default)
2022-08-09 05:43:05,174 [s0-impl-thread1] INFO  server.RaftServerConfigKeys (ConfUtils.java:logGet(46)) - raft.server.log.queue.element-limit = 4096 (default)
2022-08-09 05:43:05,174 [s0-impl-thread1] INFO  server.RaftServerConfigKeys (ConfUtils.java:logGet(46)) - raft.server.log.segment.size.max = 8KB (=8192) (custom)
2022-08-09 05:43:05,174 [s0-impl-thread1] INFO  server.RaftServerConfigKeys (ConfUtils.java:logGet(46)) - raft.server.log.preallocated.size = 4MB (=4194304) (default)
2022-08-09 05:43:05,174 [s0-impl-thread1] INFO  server.RaftServerConfigKeys (ConfUtils.java:logGet(46)) - raft.server.log.force.sync.num = 128 (default)
2022-08-09 05:43:05,174 [s0-impl-thread1] INFO  server.RaftServerConfigKeys (ConfUtils.java:logGet(46)) - raft.server.log.statemachine.data.sync = true (default)
2022-08-09 05:43:05,174 [s0-impl-thread1] INFO  server.RaftServerConfigKeys (ConfUtils.java:logGet(46)) - raft.server.log.statemachine.data.sync.timeout = 10s (default)
2022-08-09 05:43:05,174 [s0-impl-thread1] INFO  server.RaftServerConfigKeys (ConfUtils.java:logGet(46)) - raft.server.log.statemachine.data.sync.timeout.retry = -1 (default)
2022-08-09 05:43:05,174 [s0-impl-thread1] INFO  server.RaftServerConfigKeys (ConfUtils.java:logGet(46)) - raft.server.log.write.buffer.size = 64KB (=65536) (default)
2022-08-09 05:43:05,174 [s0-impl-thread1] INFO  server.RaftServerConfigKeys (ConfUtils.java:logGet(46)) - raft.server.log.unsafe-flush.enabled = false (default)
2022-08-09 05:43:05,174 [s0-impl-thread1] INFO  server.RaftServerConfigKeys (ConfUtils.java:logGet(46)) - raft.server.log.statemachine.data.caching.enabled = false (default)
2022-08-09 05:43:05,175 [s0-impl-thread1] INFO  server.RaftServer$Division (ServerState.java:setRaftConf(429)) - s0@group-A8EB2453EBF5: set configuration 0: peers:[s0|rpc:localhost:41673|admin:localhost:42127|client:localhost:45967|dataStream:localhost:35821|priority:0|startupRole:FOLLOWER, s1|rpc:localhost:44243|admin:localhost:33637|client:localhost:46107|dataStream:localhost:39503|priority:0|startupRole:FOLLOWER, s2|rpc:localhost:39945|admin:localhost:41877|client:localhost:34005|dataStream:localhost:37913|priority:0|startupRole:FOLLOWER]|listeners:[], old=null
2022-08-09 05:43:05,175 [s0-impl-thread1] WARN  segmented.SegmentedRaftLogReader (SegmentedRaftLogReader.java:readEntry(207)) - Ignoring the last partial written log entry in /home/runner/work/ratis/ratis/ratis-test/target/test/data/2baaa1de/MiniRaftClusterWithSimulatedRpc3b4f24d4/s0/bbd46d57-59f4-4845-aaae-a8eb2453ebf5/current/log_inprogress_0: java.io.EOFException
2022-08-09 05:43:05,175 [s0-impl-thread1] INFO  segmented.LogSegment (LogSegment.java:loadSegment(173)) - Successfully read 40 entries from segment file /home/runner/work/ratis/ratis/ratis-test/target/test/data/2baaa1de/MiniRaftClusterWithSimulatedRpc3b4f24d4/s0/bbd46d57-59f4-4845-aaae-a8eb2453ebf5/current/log_inprogress_0
2022-08-09 05:43:05,176 [s0-impl-thread1] TRACE util.FileUtils (LogUtils.java:runAndLog(49)) - Successfully ran FileOutputStream.getChannel().truncate /home/runner/work/ratis/ratis/ratis-test/target/test/data/2baaa1de/MiniRaftClusterWithSimulatedRpc3b4f24d4/s0/bbd46d57-59f4-4845-aaae-a8eb2453ebf5/current/log_inprogress_0 length: 1316 -> 1304
2022-08-09 05:43:05,176 [s0-impl-thread1] TRACE segmented.SegmentedRaftLogCache (AutoCloseableReadWriteLock.java:logLocking(65)) - s0@group-A8EB2453EBF5: readLock ACQUIRED 1 by SegmentedRaftLogCache$LogSegmentList.getLast
2022-08-09 05:43:05,176 [s0-impl-thread1] TRACE segmented.SegmentedRaftLogCache (AutoCloseableReadWriteLock.java:logLocking(65)) - s0@group-A8EB2453EBF5: readLock RELEASED 0 by SegmentedRaftLogCache$LogSegmentList.getLast
2022-08-09 05:43:05,176 [s0-impl-thread1] TRACE segmented.SegmentedRaftLogCache (SegmentedRaftLogCache.java:setOpenSegment(450)) - s0@group-A8EB2453EBF5-SegmentedRaftLogCache: setOpenSegment to log_inprogress_0
2022-08-09 05:43:05,176 [s0-impl-thread1] TRACE segmented.SegmentedRaftLogCache (AutoCloseableReadWriteLock.java:logLocking(65)) - s0@group-A8EB2453EBF5: readLock ACQUIRED 1 by SegmentedRaftLogCache$LogSegmentList.isEmpty
2022-08-09 05:43:05,176 [s0-impl-thread1] TRACE segmented.SegmentedRaftLogCache (AutoCloseableReadWriteLock.java:logLocking(65)) - s0@group-A8EB2453EBF5: readLock RELEASED 0 by SegmentedRaftLogCache$LogSegmentList.isEmpty
2022-08-09 05:43:05,176 [s0-impl-thread1] TRACE segmented.SegmentedRaftLogCache (AutoCloseableReadWriteLock.java:logLocking(65)) - s0@group-A8EB2453EBF5: readLock ACQUIRED 1 by SegmentedRaftLogCache.getEndIndex
2022-08-09 05:43:05,176 [s0-impl-thread1] TRACE segmented.SegmentedRaftLogCache (AutoCloseableReadWriteLock.java:logLocking(65)) - s0@group-A8EB2453EBF5: readLock RELEASED 0 by SegmentedRaftLogCache.getEndIndex
2022-08-09 05:43:05,176 [s0-impl-thread1] TRACE segmented.SegmentedRaftLogCache (AutoCloseableReadWriteLock.java:logLocking(65)) - s0@group-A8EB2453EBF5: readLock ACQUIRED 1 by SegmentedRaftLogCache.getEndIndex
2022-08-09 05:43:05,176 [s0-impl-thread1] TRACE segmented.SegmentedRaftLogCache (AutoCloseableReadWriteLock.java:logLocking(65)) - s0@group-A8EB2453EBF5: readLock RELEASED 0 by SegmentedRaftLogCache.getEndIndex
2022-08-09 05:43:05,176 [s0-impl-thread1] TRACE segmented.SegmentedRaftLogCache (AutoCloseableReadWriteLock.java:logLocking(65)) - s0@group-A8EB2453EBF5: readLock ACQUIRED 1 by SegmentedRaftLogCache.getLastIndexInClosedSegments
2022-08-09 05:43:05,176 [s0-impl-thread1] TRACE segmented.SegmentedRaftLogCache (AutoCloseableReadWriteLock.java:logLocking(65)) -   s0@group-A8EB2453EBF5: readLock ACQUIRED 2 by SegmentedRaftLogCache$LogSegmentList.isEmpty
2022-08-09 05:43:05,176 [s0-impl-thread1] TRACE segmented.SegmentedRaftLogCache (AutoCloseableReadWriteLock.java:logLocking(65)) -   s0@group-A8EB2453EBF5: readLock RELEASED 1 by SegmentedRaftLogCache$LogSegmentList.isEmpty
2022-08-09 05:43:05,176 [s0-impl-thread1] TRACE segmented.SegmentedRaftLogCache (AutoCloseableReadWriteLock.java:logLocking(65)) - s0@group-A8EB2453EBF5: readLock RELEASED 0 by SegmentedRaftLogCache.getLastIndexInClosedSegments
2022-08-09 05:43:05,176 [s0-impl-thread1] INFO  segmented.SegmentedRaftLogWorker (SegmentedRaftLogWorker.java:lambda$new$0(135)) - s0@group-A8EB2453EBF5-SegmentedRaftLogWorker: flushIndex: setUnconditionally 0 -> 39
2022-08-09 05:43:05,176 [s0-impl-thread1] INFO  segmented.SegmentedRaftLogWorker (SegmentedRaftLogWorker.java:lambda$new$0(135)) - s0@group-A8EB2453EBF5-SegmentedRaftLogWorker: safeCacheEvictIndex: setUnconditionally 0 -> -1
2022-08-09 05:43:05,187 [s0-impl-thread1] INFO  raftlog.RaftLog (RaftLogBase.java:lambda$new$0(53)) - s0@group-A8EB2453EBF5-SegmentedRaftLog: commitIndex: updateToMax old=-1, new=37, updated? true
2022-08-09 05:43:05,187 [s0-impl-thread1] TRACE segmented.SegmentedRaftLogCache (AutoCloseableReadWriteLock.java:logLocking(65)) - s0@group-A8EB2453EBF5: readLock ACQUIRED 1 by SegmentedRaftLogCache.getStartIndex
2022-08-09 05:43:05,187 [s0-impl-thread1] TRACE segmented.SegmentedRaftLogCache (AutoCloseableReadWriteLock.java:logLocking(65)) -   s0@group-A8EB2453EBF5: readLock ACQUIRED 2 by SegmentedRaftLogCache$LogSegmentList.isEmpty
2022-08-09 05:43:05,187 [s0-impl-thread1] TRACE segmented.SegmentedRaftLogCache (AutoCloseableReadWriteLock.java:logLocking(65)) -   s0@group-A8EB2453EBF5: readLock RELEASED 1 by SegmentedRaftLogCache$LogSegmentList.isEmpty
2022-08-09 05:43:05,187 [s0-impl-thread1] TRACE segmented.SegmentedRaftLogCache (AutoCloseableReadWriteLock.java:logLocking(65)) - s0@group-A8EB2453EBF5: readLock RELEASED 0 by SegmentedRaftLogCache.getStartIndex
2022-08-09 05:43:05,188 [s0-impl-thread1] INFO  server.RaftServer$Division (RaftServerImpl.java:start(314)) - s0@group-A8EB2453EBF5: start as a follower, conf=0: peers:[s0|rpc:localhost:41673|admin:localhost:42127|client:localhost:45967|dataStream:localhost:35821|priority:0|startupRole:FOLLOWER, s1|rpc:localhost:44243|admin:localhost:33637|client:localhost:46107|dataStream:localhost:39503|priority:0|startupRole:FOLLOWER, s2|rpc:localhost:39945|admin:localhost:41877|client:localhost:34005|dataStream:localhost:37913|priority:0|startupRole:FOLLOWER]|listeners:[], old=null
2022-08-09 05:43:05,188 [s0-impl-thread1] INFO  server.RaftServer$Division (RaftServerImpl.java:setRole(301)) - s0@group-A8EB2453EBF5: changes role from      null to FOLLOWER at term 1 for startAsFollower
2022-08-09 05:43:05,188 [s0-impl-thread1] INFO  impl.RoleInfo (RoleInfo.java:updateAndGet(139)) - s0: start s0@group-A8EB2453EBF5-FollowerState
2022-08-09 05:43:05,188 [s0-impl-thread1] INFO  util.JmxRegister (JmxRegister.java:tryRegister(44)) - Successfully registered JMX Bean with object name Ratis:service=RaftServer,group=group-A8EB2453EBF5,id=s0
2022-08-09 05:43:05,188 [s0-impl-thread1] INFO  server.RaftServerConfigKeys (ConfUtils.java:logGet(46)) - raft.server.snapshot.auto.trigger.enabled = false (default)
2022-08-09 05:43:05,188 [s0-impl-thread1] INFO  server.RaftServerConfigKeys (ConfUtils.java:logGet(46)) - raft.server.snapshot.retention.file.num = -1 (default)
2022-08-09 05:43:05,188 [s0-impl-thread1] INFO  server.RaftServerConfigKeys (ConfUtils.java:logGet(46)) - raft.server.log.purge.upto.snapshot.index = false (default)
2022-08-09 05:43:05,189 [Time-limited test] INFO  server.RaftServer (RaftServerProxy.java:startImpl(387)) - s0: start RPC server
2022-08-09 05:43:05,192 [Time-limited test] TRACE segmented.SegmentedRaftLogCache (AutoCloseableReadWriteLock.java:logLocking(65)) - s0@group-A8EB2453EBF5: readLock ACQUIRED 1 by SegmentedRaftLogCache.getLastTermIndex
2022-08-09 05:43:05,192 [Time-limited test] TRACE segmented.SegmentedRaftLogCache (AutoCloseableReadWriteLock.java:logLocking(65)) - s0@group-A8EB2453EBF5: readLock RELEASED 0 by SegmentedRaftLogCache.getLastTermIndex
2022-08-09 05:43:05,192 [Time-limited test] INFO  server.RaftServer (RaftServerProxy.java:lambda$close$6(403)) - s0: close
2022-08-09 05:43:05,192 [s0@group-A8EB2453EBF5-StateMachineUpdater] INFO  statemachine.SimpleStateMachine4Testing (SimpleStateMachine4Testing.java:put(204)) - s0: put 1, m0 -> (t:1, i:1), STATEMACHINELOGENTRY, 144@client-65F24773FB27
2022-08-09 05:43:05,192 [s0-impl-thread1] INFO  server.RaftServer$Division (RaftServerImpl.java:lambda$close$4(438)) - s0@group-A8EB2453EBF5: shutdown
2022-08-09 05:43:05,192 [s0-impl-thread1] INFO  util.JmxRegister (JmxRegister.java:unregister(73)) - Successfully un-registered JMX Bean with object name Ratis:service=RaftServer,group=group-A8EB2453EBF5,id=s0
2022-08-09 05:43:05,192 [s0-impl-thread1] INFO  impl.RoleInfo (RoleInfo.java:shutdownFollowerState(110)) - s0: shutdown s0@group-A8EB2453EBF5-FollowerState
2022-08-09 05:43:05,192 [s0-impl-thread1] INFO  impl.StateMachineUpdater (StateMachineUpdater.java:stopAndJoin(153)) - s0@group-A8EB2453EBF5-StateMachineUpdater: set stopIndex = 37
2022-08-09 05:43:05,192 [s0@group-A8EB2453EBF5-StateMachineUpdater] INFO  statemachine.SimpleStateMachine4Testing (SimpleStateMachine4Testing.java:put(204)) - s0: put 3, m1 -> (t:1, i:3), STATEMACHINELOGENTRY, 151@client-65F24773FB27
2022-08-09 05:43:05,192 [s0@group-A8EB2453EBF5-StateMachineUpdater] INFO  statemachine.SimpleStateMachine4Testing (SimpleStateMachine4Testing.java:put(204)) - s0: put 5, m2 -> (t:1, i:5), STATEMACHINELOGENTRY, 156@client-65F24773FB27
2022-08-09 05:43:05,192 [org.apache.ratis.util.JvmPauseMonitor$$Lambda$262/142898044@249713a] INFO  util.JvmPauseMonitor (JvmPauseMonitor.java:run(103)) - JvmPauseMonitor-s0: Started
2022-08-09 05:43:05,193 [s0@group-A8EB2453EBF5-StateMachineUpdater] INFO  statemachine.SimpleStateMachine4Testing (SimpleStateMachine4Testing.java:put(204)) - s0: put 7, m3 -> (t:1, i:7), STATEMACHINELOGENTRY, 161@client-65F24773FB27
2022-08-09 05:43:05,193 [s0@group-A8EB2453EBF5-StateMachineUpdater] INFO  statemachine.SimpleStateMachine4Testing (SimpleStateMachine4Testing.java:put(204)) - s0: put 9, m4 -> (t:1, i:9), STATEMACHINELOGENTRY, 164@client-65F24773FB27
2022-08-09 05:43:05,193 [s0@group-A8EB2453EBF5-StateMachineUpdater] INFO  statemachine.SimpleStateMachine4Testing (SimpleStateMachine4Testing.java:put(204)) - s0: put 11, m5 -> (t:1, i:11), STATEMACHINELOGENTRY, 167@client-65F24773FB27
2022-08-09 05:43:05,193 [s0@group-A8EB2453EBF5-StateMachineUpdater] INFO  statemachine.SimpleStateMachine4Testing (SimpleStateMachine4Testing.java:put(204)) - s0: put 13, m6 -> (t:1, i:13), STATEMACHINELOGENTRY, 172@client-65F24773FB27
2022-08-09 05:43:05,193 [s0@group-A8EB2453EBF5-StateMachineUpdater] INFO  statemachine.SimpleStateMachine4Testing (SimpleStateMachine4Testing.java:put(204)) - s0: put 15, m7 -> (t:1, i:15), STATEMACHINELOGENTRY, 175@client-65F24773FB27
2022-08-09 05:43:05,193 [s0@group-A8EB2453EBF5-StateMachineUpdater] INFO  statemachine.SimpleStateMachine4Testing (SimpleStateMachine4Testing.java:put(204)) - s0: put 17, m8 -> (t:1, i:17), STATEMACHINELOGENTRY, 178@client-65F24773FB27
2022-08-09 05:43:05,193 [s0@group-A8EB2453EBF5-StateMachineUpdater] INFO  statemachine.SimpleStateMachine4Testing (SimpleStateMachine4Testing.java:put(204)) - s0: put 19, m9 -> (t:1, i:19), STATEMACHINELOGENTRY, 182@client-65F24773FB27
2022-08-09 05:43:05,193 [s0@group-A8EB2453EBF5-StateMachineUpdater] INFO  statemachine.SimpleStateMachine4Testing (SimpleStateMachine4Testing.java:put(204)) - s0: put 21, m10 -> (t:1, i:21), STATEMACHINELOGENTRY, 187@client-60C5AB4E06F6
2022-08-09 05:43:05,193 [s0@group-A8EB2453EBF5-StateMachineUpdater] INFO  statemachine.SimpleStateMachine4Testing (SimpleStateMachine4Testing.java:put(204)) - s0: put 23, m11 -> (t:1, i:23), STATEMACHINELOGENTRY, 191@client-60C5AB4E06F6
2022-08-09 05:43:05,194 [s0@group-A8EB2453EBF5-StateMachineUpdater] INFO  statemachine.SimpleStateMachine4Testing (SimpleStateMachine4Testing.java:put(204)) - s0: put 25, m12 -> (t:1, i:25), STATEMACHINELOGENTRY, 194@client-60C5AB4E06F6
2022-08-09 05:43:05,194 [s0@group-A8EB2453EBF5-StateMachineUpdater] INFO  statemachine.SimpleStateMachine4Testing (SimpleStateMachine4Testing.java:put(204)) - s0: put 27, m13 -> (t:1, i:27), STATEMACHINELOGENTRY, 197@client-60C5AB4E06F6
2022-08-09 05:43:05,194 [s0@group-A8EB2453EBF5-StateMachineUpdater] INFO  statemachine.SimpleStateMachine4Testing (SimpleStateMachine4Testing.java:put(204)) - s0: put 29, m14 -> (t:1, i:29), STATEMACHINELOGENTRY, 201@client-60C5AB4E06F6
2022-08-09 05:43:05,194 [s0@group-A8EB2453EBF5-StateMachineUpdater] INFO  statemachine.SimpleStateMachine4Testing (SimpleStateMachine4Testing.java:put(204)) - s0: put 31, m15 -> (t:1, i:31), STATEMACHINELOGENTRY, 205@client-60C5AB4E06F6
2022-08-09 05:43:05,194 [s0@group-A8EB2453EBF5-StateMachineUpdater] INFO  statemachine.SimpleStateMachine4Testing (SimpleStateMachine4Testing.java:put(204)) - s0: put 33, m16 -> (t:1, i:33), STATEMACHINELOGENTRY, 208@client-60C5AB4E06F6
2022-08-09 05:43:05,194 [s0@group-A8EB2453EBF5-StateMachineUpdater] INFO  statemachine.SimpleStateMachine4Testing (SimpleStateMachine4Testing.java:put(204)) - s0: put 35, m17 -> (t:1, i:35), STATEMACHINELOGENTRY, 213@client-60C5AB4E06F6
2022-08-09 05:43:05,194 [s0@group-A8EB2453EBF5-StateMachineUpdater] INFO  statemachine.SimpleStateMachine4Testing (SimpleStateMachine4Testing.java:put(204)) - s0: put 37, m18 -> (t:1, i:37), STATEMACHINELOGENTRY, 217@client-60C5AB4E06F6
2022-08-09 05:43:05,195 [s0-impl-thread1] INFO  server.RaftServer$Division (ServerState.java:close(465)) - s0@group-A8EB2453EBF5: closes. applyIndex: 37
2022-08-09 05:43:05,195 [s0-impl-thread1] TRACE segmented.SegmentedRaftLogCache (SegmentedRaftLogCache.java:clearOpenSegment(456)) - s0@group-A8EB2453EBF5-SegmentedRaftLogCache: clearOpenSegment log_inprogress_0
2022-08-09 05:43:05,195 [Thread-542] INFO  simulation.RequestHandler (RequestHandler.java:run(126)) - s0.clientHandler0 is interrupted by java.io.InterruptedIOException: 
2022-08-09 05:43:05,195 [s0-impl-thread1] TRACE segmented.SegmentedRaftLogCache (AutoCloseableReadWriteLock.java:logLocking(65)) - s0@group-A8EB2453EBF5: writeLock ACQUIRED 1 by SegmentedRaftLogCache$LogSegmentList.clear
2022-08-09 05:43:05,195 [s0-impl-thread1] TRACE segmented.SegmentedRaftLogCache (AutoCloseableReadWriteLock.java:logLocking(65)) - s0@group-A8EB2453EBF5: writeLock RELEASED 0 by SegmentedRaftLogCache$LogSegmentList.clear
2022-08-09 05:43:05,195 [Thread-543] INFO  simulation.RequestHandler (RequestHandler.java:run(126)) - s0.clientHandler1 is interrupted by java.io.InterruptedIOException: 
2022-08-09 05:43:05,195 [s0@group-A8EB2453EBF5-FollowerState] INFO  impl.FollowerState (FollowerState.java:run(152)) - s0@group-A8EB2453EBF5-FollowerState was interrupted
2022-08-09 05:43:05,195 [Thread-544] INFO  simulation.RequestHandler (RequestHandler.java:run(126)) - s0.clientHandler2 is interrupted by java.io.InterruptedIOException: 
2022-08-09 05:43:05,195 [s0@group-A8EB2453EBF5-SegmentedRaftLogWorker] INFO  segmented.SegmentedRaftLogWorker (SegmentedRaftLogWorker.java:run(336)) - s0@group-A8EB2453EBF5-SegmentedRaftLogWorker was interrupted, exiting. There are 0 tasks remaining in the queue.
2022-08-09 05:43:05,196 [Thread-539] INFO  simulation.RequestHandler (RequestHandler.java:run(126)) - s0.serverHandler0 is interrupted by java.io.InterruptedIOException: 
2022-08-09 05:43:05,196 [s0-impl-thread1] INFO  segmented.SegmentedRaftLogWorker (SegmentedRaftLogWorker.java:close(246)) - s0@group-A8EB2453EBF5-SegmentedRaftLogWorker close()
2022-08-09 05:43:05,196 [Thread-540] INFO  simulation.RequestHandler (RequestHandler.java:run(126)) - s0.serverHandler1 is interrupted by java.io.InterruptedIOException: 
2022-08-09 05:43:05,196 [Thread-541] INFO  simulation.RequestHandler (RequestHandler.java:run(126)) - s0.serverHandler2 is interrupted by java.io.InterruptedIOException: 
2022-08-09 05:43:05,196 [org.apache.ratis.util.JvmPauseMonitor$$Lambda$262/142898044@249713a] INFO  util.JvmPauseMonitor (JvmPauseMonitor.java:run(109)) - JvmPauseMonitor-s0: Stopped
2022-08-09 05:43:05,197 [Time-limited test] TRACE util.FileUtils (LogUtils.java:runAndLog(49)) - Successfully ran FileOutputStream.getChannel().truncate /home/runner/work/ratis/ratis/ratis-test/target/test/data/2baaa1de/MiniRaftClusterWithSimulatedRpc3b4f24d4/s1/bbd46d57-59f4-4845-aaae-a8eb2453ebf5/current/log_inprogress_0 length: 1317 -> 1316
2022-08-09 05:43:05,197 [Time-limited test] INFO  impl.MiniRaftCluster (MiniRaftCluster.java:killServer(529)) - killServer s1
2022-08-09 05:43:05,197 [Time-limited test] INFO  impl.MiniRaftCluster (MiniRaftCluster.java:newRaftServer(379)) - newRaftServer: s1, group-A8EB2453EBF5:[s0|rpc:localhost:41673|admin:localhost:42127|client:localhost:45967|dataStream:localhost:35821|priority:0|startupRole:FOLLOWER, s1|rpc:localhost:44243|admin:localhost:33637|client:localhost:46107|dataStream:localhost:39503|priority:0|startupRole:FOLLOWER, s2|rpc:localhost:39945|admin:localhost:41877|client:localhost:34005|dataStream:localhost:37913|priority:0|startupRole:FOLLOWER], format? false
2022-08-09 05:43:05,197 [Time-limited test] INFO  server.RaftServer (ConfUtils.java:logGet(46)) - raft.rpc.type = org.apache.ratis.server.simulation.SimulatedRpc (custom)
2022-08-09 05:43:05,198 [Time-limited test] INFO  impl.DataStreamServerImpl (ConfUtils.java:logGet(46)) - raft.datastream.type = DISABLED (default)
2022-08-09 05:43:05,198 [Time-limited test] INFO  server.RaftServerConfigKeys (ConfUtils.java:logGet(46)) - raft.server.threadpool.proxy.cached = true (default)
2022-08-09 05:43:05,198 [Time-limited test] INFO  server.RaftServerConfigKeys (ConfUtils.java:logGet(46)) - raft.server.threadpool.proxy.size = 0 (default)
2022-08-09 05:43:05,198 [Time-limited test] INFO  server.RaftServerConfigKeys (ConfUtils.java:logGet(46)) - raft.server.rpc.slowness.timeout = 60s (default)
2022-08-09 05:43:05,198 [Time-limited test] INFO  server.RaftServerConfigKeys (ConfUtils.java:logGet(46)) - raft.server.leaderelection.leader.step-down.wait-time = 10s (default)
2022-08-09 05:43:05,198 [Time-limited test] INFO  server.RaftServerConfigKeys (ConfUtils.java:logGet(46)) - raft.server.storage.dir = [/home/runner/work/ratis/ratis/ratis-test/target/test/data/2baaa1de/MiniRaftClusterWithSimulatedRpc3b4f24d4/s1] (custom)
2022-08-09 05:43:05,198 [s1-impl-thread1] INFO  server.RaftServer (RaftServerProxy.java:initGroupDir(249)) - s1: found a subdirectory /home/runner/work/ratis/ratis/ratis-test/target/test/data/2baaa1de/MiniRaftClusterWithSimulatedRpc3b4f24d4/s1/bbd46d57-59f4-4845-aaae-a8eb2453ebf5
2022-08-09 05:43:05,199 [Time-limited test] INFO  server.RaftServer (RaftServerProxy.java:addNew(96)) - s1: addNew group-A8EB2453EBF5:[s0|rpc:localhost:41673|admin:localhost:42127|client:localhost:45967|dataStream:localhost:35821|priority:0|startupRole:FOLLOWER, s1|rpc:localhost:44243|admin:localhost:33637|client:localhost:46107|dataStream:localhost:39503|priority:0|startupRole:FOLLOWER, s2|rpc:localhost:39945|admin:localhost:41877|client:localhost:34005|dataStream:localhost:37913|priority:0|startupRole:FOLLOWER] returns group-A8EB2453EBF5:java.util.concurrent.CompletableFuture@1236d9c2[Not completed]
2022-08-09 05:43:05,199 [pool-42-thread-1] INFO  server.RaftServerConfigKeys (ConfUtils.java:logGet(46)) - raft.server.log.segment.size.max = 8MB (=8388608) (default)
2022-08-09 05:43:05,199 [pool-42-thread-1] INFO  server.RaftServerConfigKeys (ConfUtils.java:logGet(46)) - raft.server.log.preallocated.size = 4MB (=4194304) (default)
2022-08-09 05:43:05,199 [pool-42-thread-1] INFO  server.RaftServerConfigKeys (ConfUtils.java:logGet(46)) - raft.server.log.write.buffer.size = 64KB (=65536) (default)
2022-08-09 05:43:05,199 [pool-42-thread-1] INFO  server.RaftServer$Division (RaftServerImpl.java:<init>(192)) - s1: new RaftServerImpl for group-A8EB2453EBF5:[s0|rpc:localhost:41673|admin:localhost:42127|client:localhost:45967|dataStream:localhost:35821|priority:0|startupRole:FOLLOWER, s1|rpc:localhost:44243|admin:localhost:33637|client:localhost:46107|dataStream:localhost:39503|priority:0|startupRole:FOLLOWER, s2|rpc:localhost:39945|admin:localhost:41877|client:localhost:34005|dataStream:localhost:37913|priority:0|startupRole:FOLLOWER] with SimpleStateMachine4Testing:uninitialized
2022-08-09 05:43:05,199 [pool-42-thread-1] INFO  server.RaftServerConfigKeys (ConfUtils.java:logGet(46)) - raft.server.rpc.timeout.min = 150ms (default)
2022-08-09 05:43:05,199 [pool-42-thread-1] INFO  server.RaftServerConfigKeys (ConfUtils.java:logGet(46)) - raft.server.rpc.timeout.max = 300ms (default)
2022-08-09 05:43:05,199 [pool-42-thread-1] INFO  server.RaftServerConfigKeys (ConfUtils.java:logGet(46)) - raft.server.rpc.sleep.time = 25ms (default)
2022-08-09 05:43:05,199 [pool-42-thread-1] INFO  server.RaftServerConfigKeys (ConfUtils.java:logGet(46)) - raft.server.rpc.slowness.timeout = 60s (default)
2022-08-09 05:43:05,199 [pool-42-thread-1] INFO  server.RaftServerConfigKeys (ConfUtils.java:logGet(46)) - raft.server.leaderelection.leader.step-down.wait-time = 10s (default)
2022-08-09 05:43:05,199 [pool-42-thread-1] INFO  server.RaftServerConfigKeys (ConfUtils.java:logGet(46)) - raft.server.sleep.deviation.threshold = 300ms (default)
2022-08-09 05:43:05,199 [pool-42-thread-1] INFO  server.RaftServer$Division (ServerState.java:<init>(118)) - s1@group-A8EB2453EBF5: ConfigurationManager, init=-1: peers:[s0|rpc:localhost:41673|admin:localhost:42127|client:localhost:45967|dataStream:localhost:35821|priority:0|startupRole:FOLLOWER, s1|rpc:localhost:44243|admin:localhost:33637|client:localhost:46107|dataStream:localhost:39503|priority:0|startupRole:FOLLOWER, s2|rpc:localhost:39945|admin:localhost:41877|client:localhost:34005|dataStream:localhost:37913|priority:0|startupRole:FOLLOWER]|listeners:[], old=null, confs=<EMPTY_MAP>
2022-08-09 05:43:05,200 [pool-42-thread-1] INFO  server.RaftServerConfigKeys (ConfUtils.java:logGet(46)) - raft.server.storage.dir = [/home/runner/work/ratis/ratis/ratis-test/target/test/data/2baaa1de/MiniRaftClusterWithSimulatedRpc3b4f24d4/s1] (custom)
2022-08-09 05:43:05,200 [pool-42-thread-1] INFO  server.RaftServerConfigKeys (ConfUtils.java:logGet(46)) - raft.server.log.corruption.policy = EXCEPTION (default)
2022-08-09 05:43:05,200 [pool-42-thread-1] INFO  server.RaftServerConfigKeys (ConfUtils.java:logGet(46)) - raft.server.storage.free-space.min = 0MB (=0) (default)
2022-08-09 05:43:05,200 [pool-42-thread-1] INFO  server.RaftServerConfigKeys (ConfUtils.java:logGet(46)) - raft.server.notification.no-leader.timeout = 60s (default)
2022-08-09 05:43:05,200 [pool-42-thread-1] INFO  server.RaftServerConfigKeys (ConfUtils.java:logGet(46)) - raft.server.retrycache.expirytime = 60s (default)
2022-08-09 05:43:05,200 [pool-42-thread-1] INFO  server.RaftServerConfigKeys (ConfUtils.java:logGet(46)) - raft.server.retrycache.statistics.expirytime = 100μs (default)
2022-08-09 05:43:05,200 [pool-42-thread-1] INFO  server.RaftServerConfigKeys (ConfUtils.java:logGet(46)) - raft.server.log.appender.install.snapshot.enabled = true (default)
2022-08-09 05:43:05,200 [pool-42-thread-1] INFO  server.RaftServerConfigKeys (ConfUtils.java:logGet(46)) - raft.server.threadpool.server.cached = true (default)
2022-08-09 05:43:05,200 [pool-42-thread-1] INFO  server.RaftServerConfigKeys (ConfUtils.java:logGet(46)) - raft.server.threadpool.server.size = 0 (default)
2022-08-09 05:43:05,200 [pool-42-thread-1] INFO  server.RaftServerConfigKeys (ConfUtils.java:logGet(46)) - raft.server.threadpool.client.cached = true (default)
2022-08-09 05:43:05,200 [pool-42-thread-1] INFO  server.RaftServerConfigKeys (ConfUtils.java:logGet(46)) - raft.server.threadpool.client.size = 0 (default)
2022-08-09 05:43:05,205 [s1-impl-thread1] INFO  storage.RaftStorageDirectory (RaftStorageDirectoryImpl.java:tryLock(231)) - Lock on /home/runner/work/ratis/ratis/ratis-test/target/test/data/2baaa1de/MiniRaftClusterWithSimulatedRpc3b4f24d4/s1/bbd46d57-59f4-4845-aaae-a8eb2453ebf5/in_use.lock acquired by nodename 4131@fv-az59-8.csjynl4pkq3e1pkirw3ssqjfoh.cx.internal.cloudapp.net
2022-08-09 05:43:05,205 [s1-impl-thread1] INFO  storage.RaftStorage (RaftStorageImpl.java:analyzeAndRecoverStorage(117)) - Read RaftStorageMetadata{term=1, votedFor=s1} from /home/runner/work/ratis/ratis/ratis-test/target/test/data/2baaa1de/MiniRaftClusterWithSimulatedRpc3b4f24d4/s1/bbd46d57-59f4-4845-aaae-a8eb2453ebf5/current/raft-meta
2022-08-09 05:43:05,205 [s1-impl-thread1] INFO  server.RaftServer$Division (ServerState.java:setRaftConf(429)) - s1@group-A8EB2453EBF5: set configuration 0: peers:[s0|rpc:localhost:41673|admin:localhost:42127|client:localhost:45967|dataStream:localhost:35821|priority:0|startupRole:FOLLOWER, s1|rpc:localhost:44243|admin:localhost:33637|client:localhost:46107|dataStream:localhost:39503|priority:0|startupRole:FOLLOWER, s2|rpc:localhost:39945|admin:localhost:41877|client:localhost:34005|dataStream:localhost:37913|priority:0|startupRole:FOLLOWER]|listeners:[], old=null
2022-08-09 05:43:05,205 [s1-impl-thread1] INFO  statemachine.SimpleStateMachine4Testing (SimpleStateMachine4Testing.java:initialize(212)) - Initializing SimpleStateMachine4Testing:uninitialized
2022-08-09 05:43:05,206 [s1-impl-thread1] INFO  statemachine.SimpleStateMachine4Testing (SimpleStateMachine4Testing.java:loadSnapshot(306)) - The snapshot file null does not exist
2022-08-09 05:43:05,206 [s1-impl-thread1] INFO  server.RaftServerConfigKeys (ConfUtils.java:logGet(46)) - raft.server.log.use.memory = false (default)
2022-08-09 05:43:05,206 [s1-impl-thread1] INFO  server.RaftServerConfigKeys (ConfUtils.java:logGet(46)) - raft.server.log.purge.gap = 1024 (default)
2022-08-09 05:43:05,206 [s1-impl-thread1] INFO  server.RaftServerConfigKeys (ConfUtils.java:logGet(46)) - raft.server.log.appender.buffer.byte-limit = 4MB (=4194304) (default)
2022-08-09 05:43:05,206 [s1-impl-thread1] INFO  server.RaftServerConfigKeys (ConfUtils.java:logGet(46)) - raft.server.log.statemachine.data.read.timeout = 1000ms (default)
2022-08-09 05:43:05,206 [s1-impl-thread1] INFO  server.RaftServerConfigKeys (ConfUtils.java:logGet(46)) - raft.server.log.purge.preservation.log.num = 0 (default)
2022-08-09 05:43:05,206 [s1-impl-thread1] INFO  server.RaftServerConfigKeys (ConfUtils.java:logGet(46)) - raft.server.log.segment.size.max = 8KB (=8192) (custom)
2022-08-09 05:43:05,206 [s1-impl-thread1] INFO  server.RaftServerConfigKeys (ConfUtils.java:logGet(46)) - raft.server.log.segment.cache.num.max = 6 (default)
2022-08-09 05:43:05,206 [s1-impl-thread1] INFO  server.RaftServerConfigKeys (ConfUtils.java:logGet(46)) - raft.server.log.segment.cache.size.max = 200MB (=209715200) (default)
2022-08-09 05:43:05,206 [s1-impl-thread1] INFO  segmented.SegmentedRaftLogWorker (SegmentedRaftLogWorker.java:<init>(187)) - new s1@group-A8EB2453EBF5-SegmentedRaftLogWorker for RaftStorageImpl:Storage Directory /home/runner/work/ratis/ratis/ratis-test/target/test/data/2baaa1de/MiniRaftClusterWithSimulatedRpc3b4f24d4/s1/bbd46d57-59f4-4845-aaae-a8eb2453ebf5
2022-08-09 05:43:05,206 [s1-impl-thread1] INFO  server.RaftServerConfigKeys (ConfUtils.java:logGet(46)) - raft.server.log.queue.byte-limit = 64MB (=67108864) (default)
2022-08-09 05:43:05,206 [s1-impl-thread1] INFO  server.RaftServerConfigKeys (ConfUtils.java:logGet(46)) - raft.server.log.queue.element-limit = 4096 (default)
2022-08-09 05:43:05,206 [s1-impl-thread1] INFO  server.RaftServerConfigKeys (ConfUtils.java:logGet(46)) - raft.server.log.segment.size.max = 8KB (=8192) (custom)
2022-08-09 05:43:05,206 [s1-impl-thread1] INFO  server.RaftServerConfigKeys (ConfUtils.java:logGet(46)) - raft.server.log.preallocated.size = 4MB (=4194304) (default)
2022-08-09 05:43:05,207 [s1-impl-thread1] INFO  server.RaftServerConfigKeys (ConfUtils.java:logGet(46)) - raft.server.log.force.sync.num = 128 (default)
2022-08-09 05:43:05,207 [s1-impl-thread1] INFO  server.RaftServerConfigKeys (ConfUtils.java:logGet(46)) - raft.server.log.statemachine.data.sync = true (default)
2022-08-09 05:43:05,207 [s1-impl-thread1] INFO  server.RaftServerConfigKeys (ConfUtils.java:logGet(46)) - raft.server.log.statemachine.data.sync.timeout = 10s (default)
2022-08-09 05:43:05,207 [s1-impl-thread1] INFO  server.RaftServerConfigKeys (ConfUtils.java:logGet(46)) - raft.server.log.statemachine.data.sync.timeout.retry = -1 (default)
2022-08-09 05:43:05,207 [s1-impl-thread1] INFO  server.RaftServerConfigKeys (ConfUtils.java:logGet(46)) - raft.server.log.write.buffer.size = 64KB (=65536) (default)
2022-08-09 05:43:05,207 [s1-impl-thread1] INFO  server.RaftServerConfigKeys (ConfUtils.java:logGet(46)) - raft.server.log.unsafe-flush.enabled = false (default)
2022-08-09 05:43:05,207 [s1-impl-thread1] INFO  server.RaftServerConfigKeys (ConfUtils.java:logGet(46)) - raft.server.log.statemachine.data.caching.enabled = false (default)
2022-08-09 05:43:05,208 [s1-impl-thread1] INFO  server.RaftServer$Division (ServerState.java:setRaftConf(429)) - s1@group-A8EB2453EBF5: set configuration 0: peers:[s0|rpc:localhost:41673|admin:localhost:42127|client:localhost:45967|dataStream:localhost:35821|priority:0|startupRole:FOLLOWER, s1|rpc:localhost:44243|admin:localhost:33637|client:localhost:46107|dataStream:localhost:39503|priority:0|startupRole:FOLLOWER, s2|rpc:localhost:39945|admin:localhost:41877|client:localhost:34005|dataStream:localhost:37913|priority:0|startupRole:FOLLOWER]|listeners:[], old=null
2022-08-09 05:43:05,209 [s1-impl-thread1] WARN  segmented.SegmentedRaftLogReader (SegmentedRaftLogReader.java:readEntry(207)) - Ignoring the last partial written log entry in /home/runner/work/ratis/ratis/ratis-test/target/test/data/2baaa1de/MiniRaftClusterWithSimulatedRpc3b4f24d4/s1/bbd46d57-59f4-4845-aaae-a8eb2453ebf5/current/log_inprogress_0: java.io.EOFException
2022-08-09 05:43:05,209 [s1-impl-thread1] INFO  segmented.LogSegment (LogSegment.java:loadSegment(173)) - Successfully read 40 entries from segment file /home/runner/work/ratis/ratis/ratis-test/target/test/data/2baaa1de/MiniRaftClusterWithSimulatedRpc3b4f24d4/s1/bbd46d57-59f4-4845-aaae-a8eb2453ebf5/current/log_inprogress_0
2022-08-09 05:43:05,209 [s1-impl-thread1] TRACE util.FileUtils (LogUtils.java:runAndLog(49)) - Successfully ran FileOutputStream.getChannel().truncate /home/runner/work/ratis/ratis/ratis-test/target/test/data/2baaa1de/MiniRaftClusterWithSimulatedRpc3b4f24d4/s1/bbd46d57-59f4-4845-aaae-a8eb2453ebf5/current/log_inprogress_0 length: 1316 -> 1304
2022-08-09 05:43:05,209 [s1-impl-thread1] TRACE segmented.SegmentedRaftLogCache (AutoCloseableReadWriteLock.java:logLocking(65)) - s1@group-A8EB2453EBF5: readLock ACQUIRED 1 by SegmentedRaftLogCache$LogSegmentList.getLast
2022-08-09 05:43:05,209 [s1-impl-thread1] TRACE segmented.SegmentedRaftLogCache (AutoCloseableReadWriteLock.java:logLocking(65)) - s1@group-A8EB2453EBF5: readLock RELEASED 0 by SegmentedRaftLogCache$LogSegmentList.getLast
2022-08-09 05:43:05,209 [s1-impl-thread1] TRACE segmented.SegmentedRaftLogCache (SegmentedRaftLogCache.java:setOpenSegment(450)) - s1@group-A8EB2453EBF5-SegmentedRaftLogCache: setOpenSegment to log_inprogress_0
2022-08-09 05:43:05,209 [s1-impl-thread1] TRACE segmented.SegmentedRaftLogCache (AutoCloseableReadWriteLock.java:logLocking(65)) - s1@group-A8EB2453EBF5: readLock ACQUIRED 1 by SegmentedRaftLogCache$LogSegmentList.isEmpty
2022-08-09 05:43:05,209 [s1-impl-thread1] TRACE segmented.SegmentedRaftLogCache (AutoCloseableReadWriteLock.java:logLocking(65)) - s1@group-A8EB2453EBF5: readLock RELEASED 0 by SegmentedRaftLogCache$LogSegmentList.isEmpty
2022-08-09 05:43:05,209 [s1-impl-thread1] TRACE segmented.SegmentedRaftLogCache (AutoCloseableReadWriteLock.java:logLocking(65)) - s1@group-A8EB2453EBF5: readLock ACQUIRED 1 by SegmentedRaftLogCache.getEndIndex
2022-08-09 05:43:05,209 [s1-impl-thread1] TRACE segmented.SegmentedRaftLogCache (AutoCloseableReadWriteLock.java:logLocking(65)) - s1@group-A8EB2453EBF5: readLock RELEASED 0 by SegmentedRaftLogCache.getEndIndex
2022-08-09 05:43:05,209 [s1-impl-thread1] TRACE segmented.SegmentedRaftLogCache (AutoCloseableReadWriteLock.java:logLocking(65)) - s1@group-A8EB2453EBF5: readLock ACQUIRED 1 by SegmentedRaftLogCache.getEndIndex
2022-08-09 05:43:05,209 [s1-impl-thread1] TRACE segmented.SegmentedRaftLogCache (AutoCloseableReadWriteLock.java:logLocking(65)) - s1@group-A8EB2453EBF5: readLock RELEASED 0 by SegmentedRaftLogCache.getEndIndex
2022-08-09 05:43:05,210 [s1-impl-thread1] TRACE segmented.SegmentedRaftLogCache (AutoCloseableReadWriteLock.java:logLocking(65)) - s1@group-A8EB2453EBF5: readLock ACQUIRED 1 by SegmentedRaftLogCache.getLastIndexInClosedSegments
2022-08-09 05:43:05,210 [s1-impl-thread1] TRACE segmented.SegmentedRaftLogCache (AutoCloseableReadWriteLock.java:logLocking(65)) -   s1@group-A8EB2453EBF5: readLock ACQUIRED 2 by SegmentedRaftLogCache$LogSegmentList.isEmpty
2022-08-09 05:43:05,210 [s1-impl-thread1] TRACE segmented.SegmentedRaftLogCache (AutoCloseableReadWriteLock.java:logLocking(65)) -   s1@group-A8EB2453EBF5: readLock RELEASED 1 by SegmentedRaftLogCache$LogSegmentList.isEmpty
2022-08-09 05:43:05,210 [s1-impl-thread1] TRACE segmented.SegmentedRaftLogCache (AutoCloseableReadWriteLock.java:logLocking(65)) - s1@group-A8EB2453EBF5: readLock RELEASED 0 by SegmentedRaftLogCache.getLastIndexInClosedSegments
2022-08-09 05:43:05,210 [s1-impl-thread1] INFO  segmented.SegmentedRaftLogWorker (SegmentedRaftLogWorker.java:lambda$new$0(135)) - s1@group-A8EB2453EBF5-SegmentedRaftLogWorker: flushIndex: setUnconditionally 0 -> 39
2022-08-09 05:43:05,210 [s1-impl-thread1] INFO  segmented.SegmentedRaftLogWorker (SegmentedRaftLogWorker.java:lambda$new$0(135)) - s1@group-A8EB2453EBF5-SegmentedRaftLogWorker: safeCacheEvictIndex: setUnconditionally 0 -> -1
2022-08-09 05:43:05,216 [s1-impl-thread1] INFO  raftlog.RaftLog (RaftLogBase.java:lambda$new$0(53)) - s1@group-A8EB2453EBF5-SegmentedRaftLog: commitIndex: updateToMax old=-1, new=37, updated? true
2022-08-09 05:43:05,216 [s1-impl-thread1] TRACE segmented.SegmentedRaftLogCache (AutoCloseableReadWriteLock.java:logLocking(65)) - s1@group-A8EB2453EBF5: readLock ACQUIRED 1 by SegmentedRaftLogCache.getStartIndex
2022-08-09 05:43:05,216 [s1-impl-thread1] TRACE segmented.SegmentedRaftLogCache (AutoCloseableReadWriteLock.java:logLocking(65)) -   s1@group-A8EB2453EBF5: readLock ACQUIRED 2 by SegmentedRaftLogCache$LogSegmentList.isEmpty
2022-08-09 05:43:05,216 [s1-impl-thread1] TRACE segmented.SegmentedRaftLogCache (AutoCloseableReadWriteLock.java:logLocking(65)) -   s1@group-A8EB2453EBF5: readLock RELEASED 1 by SegmentedRaftLogCache$LogSegmentList.isEmpty
2022-08-09 05:43:05,216 [s1-impl-thread1] TRACE segmented.SegmentedRaftLogCache (AutoCloseableReadWriteLock.java:logLocking(65)) - s1@group-A8EB2453EBF5: readLock RELEASED 0 by SegmentedRaftLogCache.getStartIndex
2022-08-09 05:43:05,216 [s1-impl-thread1] INFO  server.RaftServer$Division (RaftServerImpl.java:start(314)) - s1@group-A8EB2453EBF5: start as a follower, conf=0: peers:[s0|rpc:localhost:41673|admin:localhost:42127|client:localhost:45967|dataStream:localhost:35821|priority:0|startupRole:FOLLOWER, s1|rpc:localhost:44243|admin:localhost:33637|client:localhost:46107|dataStream:localhost:39503|priority:0|startupRole:FOLLOWER, s2|rpc:localhost:39945|admin:localhost:41877|client:localhost:34005|dataStream:localhost:37913|priority:0|startupRole:FOLLOWER]|listeners:[], old=null
2022-08-09 05:43:05,216 [s1-impl-thread1] INFO  server.RaftServer$Division (RaftServerImpl.java:setRole(301)) - s1@group-A8EB2453EBF5: changes role from      null to FOLLOWER at term 1 for startAsFollower
2022-08-09 05:43:05,216 [s1-impl-thread1] INFO  impl.RoleInfo (RoleInfo.java:updateAndGet(139)) - s1: start s1@group-A8EB2453EBF5-FollowerState
2022-08-09 05:43:05,217 [s1-impl-thread1] INFO  util.JmxRegister (JmxRegister.java:tryRegister(44)) - Successfully registered JMX Bean with object name Ratis:service=RaftServer,group=group-A8EB2453EBF5,id=s1
2022-08-09 05:43:05,217 [s1-impl-thread1] INFO  server.RaftServerConfigKeys (ConfUtils.java:logGet(46)) - raft.server.snapshot.auto.trigger.enabled = false (default)
2022-08-09 05:43:05,217 [s1-impl-thread1] INFO  server.RaftServerConfigKeys (ConfUtils.java:logGet(46)) - raft.server.snapshot.retention.file.num = -1 (default)
2022-08-09 05:43:05,217 [s1-impl-thread1] INFO  server.RaftServerConfigKeys (ConfUtils.java:logGet(46)) - raft.server.log.purge.upto.snapshot.index = false (default)
2022-08-09 05:43:05,218 [s1@group-A8EB2453EBF5-StateMachineUpdater] INFO  statemachine.SimpleStateMachine4Testing (SimpleStateMachine4Testing.java:put(204)) - s1: put 1, m0 -> (t:1, i:1), STATEMACHINELOGENTRY, 144@client-65F24773FB27
2022-08-09 05:43:05,218 [s1@group-A8EB2453EBF5-StateMachineUpdater] INFO  statemachine.SimpleStateMachine4Testing (SimpleStateMachine4Testing.java:put(204)) - s1: put 3, m1 -> (t:1, i:3), STATEMACHINELOGENTRY, 151@client-65F24773FB27
2022-08-09 05:43:05,218 [s1@group-A8EB2453EBF5-StateMachineUpdater] INFO  statemachine.SimpleStateMachine4Testing (SimpleStateMachine4Testing.java:put(204)) - s1: put 5, m2 -> (t:1, i:5), STATEMACHINELOGENTRY, 156@client-65F24773FB27
2022-08-09 05:43:05,218 [s1@group-A8EB2453EBF5-StateMachineUpdater] INFO  statemachine.SimpleStateMachine4Testing (SimpleStateMachine4Testing.java:put(204)) - s1: put 7, m3 -> (t:1, i:7), STATEMACHINELOGENTRY, 161@client-65F24773FB27
2022-08-09 05:43:05,219 [s1@group-A8EB2453EBF5-StateMachineUpdater] INFO  statemachine.SimpleStateMachine4Testing (SimpleStateMachine4Testing.java:put(204)) - s1: put 9, m4 -> (t:1, i:9), STATEMACHINELOGENTRY, 164@client-65F24773FB27
2022-08-09 05:43:05,219 [s1@group-A8EB2453EBF5-StateMachineUpdater] INFO  statemachine.SimpleStateMachine4Testing (SimpleStateMachine4Testing.java:put(204)) - s1: put 11, m5 -> (t:1, i:11), STATEMACHINELOGENTRY, 167@client-65F24773FB27
2022-08-09 05:43:05,219 [s1@group-A8EB2453EBF5-StateMachineUpdater] INFO  statemachine.SimpleStateMachine4Testing (SimpleStateMachine4Testing.java:put(204)) - s1: put 13, m6 -> (t:1, i:13), STATEMACHINELOGENTRY, 172@client-65F24773FB27
2022-08-09 05:43:05,219 [s1@group-A8EB2453EBF5-StateMachineUpdater] INFO  statemachine.SimpleStateMachine4Testing (SimpleStateMachine4Testing.java:put(204)) - s1: put 15, m7 -> (t:1, i:15), STATEMACHINELOGENTRY, 175@client-65F24773FB27
2022-08-09 05:43:05,219 [s1@group-A8EB2453EBF5-StateMachineUpdater] INFO  statemachine.SimpleStateMachine4Testing (SimpleStateMachine4Testing.java:put(204)) - s1: put 17, m8 -> (t:1, i:17), STATEMACHINELOGENTRY, 178@client-65F24773FB27
2022-08-09 05:43:05,219 [s1@group-A8EB2453EBF5-StateMachineUpdater] INFO  statemachine.SimpleStateMachine4Testing (SimpleStateMachine4Testing.java:put(204)) - s1: put 19, m9 -> (t:1, i:19), STATEMACHINELOGENTRY, 182@client-65F24773FB27
2022-08-09 05:43:05,219 [s1@group-A8EB2453EBF5-StateMachineUpdater] INFO  statemachine.SimpleStateMachine4Testing (SimpleStateMachine4Testing.java:put(204)) - s1: put 21, m10 -> (t:1, i:21), STATEMACHINELOGENTRY, 187@client-60C5AB4E06F6
2022-08-09 05:43:05,219 [s1@group-A8EB2453EBF5-StateMachineUpdater] INFO  statemachine.SimpleStateMachine4Testing (SimpleStateMachine4Testing.java:put(204)) - s1: put 23, m11 -> (t:1, i:23), STATEMACHINELOGENTRY, 191@client-60C5AB4E06F6
2022-08-09 05:43:05,219 [s1@group-A8EB2453EBF5-StateMachineUpdater] INFO  statemachine.SimpleStateMachine4Testing (SimpleStateMachine4Testing.java:put(204)) - s1: put 25, m12 -> (t:1, i:25), STATEMACHINELOGENTRY, 194@client-60C5AB4E06F6
2022-08-09 05:43:05,219 [s1@group-A8EB2453EBF5-StateMachineUpdater] INFO  statemachine.SimpleStateMachine4Testing (SimpleStateMachine4Testing.java:put(204)) - s1: put 27, m13 -> (t:1, i:27), STATEMACHINELOGENTRY, 197@client-60C5AB4E06F6
2022-08-09 05:43:05,219 [s1@group-A8EB2453EBF5-StateMachineUpdater] INFO  statemachine.SimpleStateMachine4Testing (SimpleStateMachine4Testing.java:put(204)) - s1: put 29, m14 -> (t:1, i:29), STATEMACHINELOGENTRY, 201@client-60C5AB4E06F6
2022-08-09 05:43:05,220 [s1@group-A8EB2453EBF5-StateMachineUpdater] INFO  statemachine.SimpleStateMachine4Testing (SimpleStateMachine4Testing.java:put(204)) - s1: put 31, m15 -> (t:1, i:31), STATEMACHINELOGENTRY, 205@client-60C5AB4E06F6
2022-08-09 05:43:05,218 [Time-limited test] INFO  server.RaftServer (RaftServerProxy.java:startImpl(387)) - s1: start RPC server
2022-08-09 05:43:05,220 [s1@group-A8EB2453EBF5-StateMachineUpdater] INFO  statemachine.SimpleStateMachine4Testing (SimpleStateMachine4Testing.java:put(204)) - s1: put 33, m16 -> (t:1, i:33), STATEMACHINELOGENTRY, 208@client-60C5AB4E06F6
2022-08-09 05:43:05,220 [s1@group-A8EB2453EBF5-StateMachineUpdater] INFO  statemachine.SimpleStateMachine4Testing (SimpleStateMachine4Testing.java:put(204)) - s1: put 35, m17 -> (t:1, i:35), STATEMACHINELOGENTRY, 213@client-60C5AB4E06F6
2022-08-09 05:43:05,220 [s1@group-A8EB2453EBF5-StateMachineUpdater] INFO  statemachine.SimpleStateMachine4Testing (SimpleStateMachine4Testing.java:put(204)) - s1: put 37, m18 -> (t:1, i:37), STATEMACHINELOGENTRY, 217@client-60C5AB4E06F6
2022-08-09 05:43:05,229 [Time-limited test] TRACE segmented.SegmentedRaftLogCache (AutoCloseableReadWriteLock.java:logLocking(65)) - s1@group-A8EB2453EBF5: readLock ACQUIRED 1 by SegmentedRaftLogCache.getLastTermIndex
2022-08-09 05:43:05,229 [Time-limited test] TRACE segmented.SegmentedRaftLogCache (AutoCloseableReadWriteLock.java:logLocking(65)) - s1@group-A8EB2453EBF5: readLock RELEASED 0 by SegmentedRaftLogCache.getLastTermIndex
2022-08-09 05:43:05,229 [Time-limited test] INFO  impl.MiniRaftCluster (MiniRaftCluster.java:shutdown(827)) - ************************************************************** 
2022-08-09 05:43:05,229 [Time-limited test] INFO  impl.MiniRaftCluster (MiniRaftCluster.java:shutdown(828)) - *** 
2022-08-09 05:43:05,229 [Time-limited test] INFO  impl.MiniRaftCluster (MiniRaftCluster.java:shutdown(829)) - ***     Stopping MiniRaftClusterWithSimulatedRpc
2022-08-09 05:43:05,229 [Time-limited test] INFO  impl.MiniRaftCluster (MiniRaftCluster.java:shutdown(830)) - *** 
2022-08-09 05:43:05,229 [Time-limited test] INFO  impl.MiniRaftCluster (MiniRaftCluster.java:shutdown(831)) - ************************************************************** 
2022-08-09 05:43:05,229 [Time-limited test] INFO  impl.MiniRaftCluster (MiniRaftCluster.java:shutdown(832)) - printing ALL groups
  s0:   CLOSED  FOLLOWER s0@group-A8EB2453EBF5:t1, leader=null, voted=s1, raftlog=Memoized:s0@group-A8EB2453EBF5-SegmentedRaftLog:CLOSED:c37, conf=0: peers:[s0|rpc:localhost:41673|admin:localhost:42127|client:localhost:45967|dataStream:localhost:35821|priority:0|startupRole:FOLLOWER, s1|rpc:localhost:44243|admin:localhost:33637|client:localhost:46107|dataStream:localhost:39503|priority:0|startupRole:FOLLOWER, s2|rpc:localhost:39945|admin:localhost:41877|client:localhost:34005|dataStream:localhost:37913|priority:0|startupRole:FOLLOWER]|listeners:[], old=null CLOSED
  s1:  RUNNING  FOLLOWER s1@group-A8EB2453EBF5:t1, leader=null, voted=s1, raftlog=Memoized:s1@group-A8EB2453EBF5-SegmentedRaftLog:OPENED:c37, conf=0: peers:[s0|rpc:localhost:41673|admin:localhost:42127|client:localhost:45967|dataStream:localhost:35821|priority:0|startupRole:FOLLOWER, s1|rpc:localhost:44243|admin:localhost:33637|client:localhost:46107|dataStream:localhost:39503|priority:0|startupRole:FOLLOWER, s2|rpc:localhost:39945|admin:localhost:41877|client:localhost:34005|dataStream:localhost:37913|priority:0|startupRole:FOLLOWER]|listeners:[], old=null RUNNING
  s2:   CLOSED  FOLLOWER s2@group-A8EB2453EBF5:t1, leader=s1, voted=s1, raftlog=Memoized:s2@group-A8EB2453EBF5-SegmentedRaftLog:CLOSED:c40, conf=0: peers:[s0|rpc:localhost:41673|admin:localhost:42127|client:localhost:45967|dataStream:localhost:35821|priority:0|startupRole:FOLLOWER, s1|rpc:localhost:44243|admin:localhost:33637|client:localhost:46107|dataStream:localhost:39503|priority:0|startupRole:FOLLOWER, s2|rpc:localhost:39945|admin:localhost:41877|client:localhost:34005|dataStream:localhost:37913|priority:0|startupRole:FOLLOWER]|listeners:[], old=null CLOSED
2022-08-09 05:43:05,230 [org.apache.ratis.util.JvmPauseMonitor$$Lambda$262/142898044@5b3fba1f] INFO  util.JvmPauseMonitor (JvmPauseMonitor.java:run(103)) - JvmPauseMonitor-s1: Started
2022-08-09 05:43:05,230 [java.util.concurrent.ThreadPoolExecutor$Worker@34b60e17[State = -1, empty queue]] INFO  server.RaftServer (RaftServerProxy.java:lambda$close$6(403)) - s1: close
2022-08-09 05:43:05,231 [s1-impl-thread1] INFO  server.RaftServer$Division (RaftServerImpl.java:lambda$close$4(438)) - s1@group-A8EB2453EBF5: shutdown
2022-08-09 05:43:05,231 [Thread-553] INFO  simulation.RequestHandler (RequestHandler.java:run(126)) - s1.clientHandler0 is interrupted by java.io.InterruptedIOException: 
2022-08-09 05:43:05,231 [s1-impl-thread1] INFO  util.JmxRegister (JmxRegister.java:unregister(73)) - Successfully un-registered JMX Bean with object name Ratis:service=RaftServer,group=group-A8EB2453EBF5,id=s1
2022-08-09 05:43:05,231 [s1-impl-thread1] INFO  impl.RoleInfo (RoleInfo.java:shutdownFollowerState(110)) - s1: shutdown s1@group-A8EB2453EBF5-FollowerState
2022-08-09 05:43:05,231 [Thread-554] INFO  simulation.RequestHandler (RequestHandler.java:run(126)) - s1.clientHandler1 is interrupted by java.io.InterruptedIOException: 
2022-08-09 05:43:05,231 [s1-impl-thread1] INFO  impl.StateMachineUpdater (StateMachineUpdater.java:stopAndJoin(153)) - s1@group-A8EB2453EBF5-StateMachineUpdater: set stopIndex = 37
2022-08-09 05:43:05,231 [Thread-555] INFO  simulation.RequestHandler (RequestHandler.java:run(126)) - s1.clientHandler2 is interrupted by java.io.InterruptedIOException: 
2022-08-09 05:43:05,231 [s1@group-A8EB2453EBF5-FollowerState] INFO  impl.FollowerState (FollowerState.java:run(152)) - s1@group-A8EB2453EBF5-FollowerState was interrupted
2022-08-09 05:43:05,232 [s1-impl-thread1] INFO  server.RaftServer$Division (ServerState.java:close(465)) - s1@group-A8EB2453EBF5: closes. applyIndex: 37
2022-08-09 05:43:05,232 [s1-impl-thread1] TRACE segmented.SegmentedRaftLogCache (SegmentedRaftLogCache.java:clearOpenSegment(456)) - s1@group-A8EB2453EBF5-SegmentedRaftLogCache: clearOpenSegment log_inprogress_0
2022-08-09 05:43:05,232 [s1-impl-thread1] TRACE segmented.SegmentedRaftLogCache (AutoCloseableReadWriteLock.java:logLocking(65)) - s1@group-A8EB2453EBF5: writeLock ACQUIRED 1 by SegmentedRaftLogCache$LogSegmentList.clear
2022-08-09 05:43:05,232 [s1-impl-thread1] TRACE segmented.SegmentedRaftLogCache (AutoCloseableReadWriteLock.java:logLocking(65)) - s1@group-A8EB2453EBF5: writeLock RELEASED 0 by SegmentedRaftLogCache$LogSegmentList.clear
2022-08-09 05:43:05,236 [Thread-551] INFO  simulation.RequestHandler (RequestHandler.java:run(126)) - s1.serverHandler1 is interrupted by java.io.InterruptedIOException: 
2022-08-09 05:43:05,236 [s1@group-A8EB2453EBF5-SegmentedRaftLogWorker] INFO  segmented.SegmentedRaftLogWorker (SegmentedRaftLogWorker.java:run(336)) - s1@group-A8EB2453EBF5-SegmentedRaftLogWorker was interrupted, exiting. There are 0 tasks remaining in the queue.
2022-08-09 05:43:05,236 [Thread-550] INFO  simulation.RequestHandler (RequestHandler.java:run(126)) - s1.serverHandler0 is interrupted by java.io.InterruptedIOException: 
2022-08-09 05:43:05,236 [Thread-552] INFO  simulation.RequestHandler (RequestHandler.java:run(126)) - s1.serverHandler2 is interrupted by java.io.InterruptedIOException: 
2022-08-09 05:43:05,236 [s1-impl-thread1] INFO  segmented.SegmentedRaftLogWorker (SegmentedRaftLogWorker.java:close(246)) - s1@group-A8EB2453EBF5-SegmentedRaftLogWorker close()
2022-08-09 05:43:05,237 [org.apache.ratis.util.JvmPauseMonitor$$Lambda$262/142898044@5b3fba1f] INFO  util.JvmPauseMonitor (JvmPauseMonitor.java:run(109)) - JvmPauseMonitor-s1: Stopped
2022-08-09 05:43:05,237 [Time-limited test] INFO  impl.MiniRaftCluster (MiniRaftCluster.java:shutdown(850)) - MiniRaftClusterWithSimulatedRpc shutdown completed
]]></system-out>
  </testcase>
  <testcase name="testRestartWithCorruptedLogEntryWithException" classname="org.apache.ratis.server.simulation.TestServerRestartWithSimulatedRpc" time="0.865"/>
</testsuite>