<?xml version="1.0" encoding="UTF-8"?>
<testsuite xmlns:xsi="http://www.w3.org/2001/XMLSchema-instance" xsi:noNamespaceSchemaLocation="https://maven.apache.org/surefire/maven-surefire-plugin/xsd/surefire-test-report-3.0.xsd" version="3.0" name="org.apache.ratis.server.simulation.TestServerRestartWithSimulatedRpc" time="47.412" tests="7" errors="0" skipped="0" failures="4">
  <properties>
    <property name="awt.toolkit" value="sun.awt.X11.XToolkit"/>
    <property name="java.specification.version" value="11"/>
    <property name="sun.cpu.isalist" value=""/>
    <property name="sun.jnu.encoding" value="UTF-8"/>
    <property name="java.class.path" value="/home/runner/work/ratis/ratis/ratis-test/target/test-classes:/home/runner/work/ratis/ratis/ratis-test/target/classes:/home/runner/work/ratis/ratis/ratis-common/target/classes:/home/runner/.m2/repository/org/apache/ratis/ratis-thirdparty-misc/1.0.4/ratis-thirdparty-misc-1.0.4.jar:/home/runner/work/ratis/ratis/ratis-proto/target/ratis-proto-3.0.0-SNAPSHOT.jar:/home/runner/work/ratis/ratis/ratis-common/target/test-classes:/home/runner/work/ratis/ratis/ratis-client/target/classes:/home/runner/work/ratis/ratis/ratis-server/target/classes:/home/runner/work/ratis/ratis/ratis-server-api/target/classes:/home/runner/work/ratis/ratis/ratis-metrics-api/target/classes:/home/runner/work/ratis/ratis/ratis-server/target/test-classes:/home/runner/work/ratis/ratis/ratis-metrics-default/target/classes:/home/runner/work/ratis/ratis/ratis-netty/target/classes:/home/runner/work/ratis/ratis/ratis-netty/target/test-classes:/home/runner/work/ratis/ratis/ratis-grpc/target/classes:/home/runner/work/ratis/ratis/ratis-grpc/target/test-classes:/home/runner/work/ratis/ratis/ratis-shell/target/classes:/home/runner/.m2/repository/commons-cli/commons-cli/1.5.0/commons-cli-1.5.0.jar:/home/runner/.m2/repository/org/reflections/reflections/0.10.2/reflections-0.10.2.jar:/home/runner/.m2/repository/org/javassist/javassist/3.28.0-GA/javassist-3.28.0-GA.jar:/home/runner/.m2/repository/com/google/code/findbugs/jsr305/3.0.2/jsr305-3.0.2.jar:/home/runner/.m2/repository/org/bouncycastle/bcprov-jdk18on/1.76/bcprov-jdk18on-1.76.jar:/home/runner/.m2/repository/org/bouncycastle/bcpkix-jdk18on/1.76/bcpkix-jdk18on-1.76.jar:/home/runner/.m2/repository/org/bouncycastle/bcutil-jdk18on/1.76/bcutil-jdk18on-1.76.jar:/home/runner/.m2/repository/org/slf4j/slf4j-api/2.0.7/slf4j-api-2.0.7.jar:/home/runner/.m2/repository/org/slf4j/slf4j-reload4j/2.0.7/slf4j-reload4j-2.0.7.jar:/home/runner/.m2/repository/ch/qos/reload4j/reload4j/1.2.22/reload4j-1.2.22.jar:/home/runner/.m2/repository/junit/junit/4.13.2/junit-4.13.2.jar:/home/runner/.m2/repository/org/hamcrest/hamcrest-core/1.3/hamcrest-core-1.3.jar:/home/runner/.m2/repository/org/mockito/mockito-core/4.3.1/mockito-core-4.3.1.jar:/home/runner/.m2/repository/net/bytebuddy/byte-buddy/1.12.7/byte-buddy-1.12.7.jar:/home/runner/.m2/repository/net/bytebuddy/byte-buddy-agent/1.12.7/byte-buddy-agent-1.12.7.jar:/home/runner/.m2/repository/org/objenesis/objenesis/3.2/objenesis-3.2.jar:"/>
    <property name="java.vm.vendor" value="Eclipse Adoptium"/>
    <property name="sun.arch.data.model" value="64"/>
    <property name="java.vendor.url" value="https://adoptium.net/"/>
    <property name="user.timezone" value=""/>
    <property name="java.vm.specification.version" value="11"/>
    <property name="os.name" value="Linux"/>
    <property name="sun.java.launcher" value="SUN_STANDARD"/>
    <property name="sun.boot.library.path" value="/usr/lib/jvm/temurin-11-jdk-amd64/lib"/>
    <property name="sun.java.command" value="/home/runner/work/ratis/ratis/ratis-test/target/surefire/surefirebooter-20231031160239169_148.jar /home/runner/work/ratis/ratis/ratis-test/target/surefire 2023-10-31T16-01-54_396-jvmRun1 surefire-20231031160239169_146tmp surefire_15-20231031160239169_147tmp"/>
    <property name="jdk.debug" value="release"/>
    <property name="surefire.test.class.path" value="/home/runner/work/ratis/ratis/ratis-test/target/test-classes:/home/runner/work/ratis/ratis/ratis-test/target/classes:/home/runner/work/ratis/ratis/ratis-common/target/classes:/home/runner/.m2/repository/org/apache/ratis/ratis-thirdparty-misc/1.0.4/ratis-thirdparty-misc-1.0.4.jar:/home/runner/work/ratis/ratis/ratis-proto/target/ratis-proto-3.0.0-SNAPSHOT.jar:/home/runner/work/ratis/ratis/ratis-common/target/test-classes:/home/runner/work/ratis/ratis/ratis-client/target/classes:/home/runner/work/ratis/ratis/ratis-server/target/classes:/home/runner/work/ratis/ratis/ratis-server-api/target/classes:/home/runner/work/ratis/ratis/ratis-metrics-api/target/classes:/home/runner/work/ratis/ratis/ratis-server/target/test-classes:/home/runner/work/ratis/ratis/ratis-metrics-default/target/classes:/home/runner/work/ratis/ratis/ratis-netty/target/classes:/home/runner/work/ratis/ratis/ratis-netty/target/test-classes:/home/runner/work/ratis/ratis/ratis-grpc/target/classes:/home/runner/work/ratis/ratis/ratis-grpc/target/test-classes:/home/runner/work/ratis/ratis/ratis-shell/target/classes:/home/runner/.m2/repository/commons-cli/commons-cli/1.5.0/commons-cli-1.5.0.jar:/home/runner/.m2/repository/org/reflections/reflections/0.10.2/reflections-0.10.2.jar:/home/runner/.m2/repository/org/javassist/javassist/3.28.0-GA/javassist-3.28.0-GA.jar:/home/runner/.m2/repository/com/google/code/findbugs/jsr305/3.0.2/jsr305-3.0.2.jar:/home/runner/.m2/repository/org/bouncycastle/bcprov-jdk18on/1.76/bcprov-jdk18on-1.76.jar:/home/runner/.m2/repository/org/bouncycastle/bcpkix-jdk18on/1.76/bcpkix-jdk18on-1.76.jar:/home/runner/.m2/repository/org/bouncycastle/bcutil-jdk18on/1.76/bcutil-jdk18on-1.76.jar:/home/runner/.m2/repository/org/slf4j/slf4j-api/2.0.7/slf4j-api-2.0.7.jar:/home/runner/.m2/repository/org/slf4j/slf4j-reload4j/2.0.7/slf4j-reload4j-2.0.7.jar:/home/runner/.m2/repository/ch/qos/reload4j/reload4j/1.2.22/reload4j-1.2.22.jar:/home/runner/.m2/repository/junit/junit/4.13.2/junit-4.13.2.jar:/home/runner/.m2/repository/org/hamcrest/hamcrest-core/1.3/hamcrest-core-1.3.jar:/home/runner/.m2/repository/org/mockito/mockito-core/4.3.1/mockito-core-4.3.1.jar:/home/runner/.m2/repository/net/bytebuddy/byte-buddy/1.12.7/byte-buddy-1.12.7.jar:/home/runner/.m2/repository/net/bytebuddy/byte-buddy-agent/1.12.7/byte-buddy-agent-1.12.7.jar:/home/runner/.m2/repository/org/objenesis/objenesis/3.2/objenesis-3.2.jar:"/>
    <property name="sun.cpu.endian" value="little"/>
    <property name="user.home" value="/home/runner"/>
    <property name="user.language" value="en"/>
    <property name="java.specification.vendor" value="Oracle Corporation"/>
    <property name="java.version.date" value="2023-10-17"/>
    <property name="java.home" value="/usr/lib/jvm/temurin-11-jdk-amd64"/>
    <property name="file.separator" value="/"/>
    <property name="basedir" value="/home/runner/work/ratis/ratis/ratis-test"/>
    <property name="java.vm.compressedOopsMode" value="32-bit"/>
    <property name="line.separator" value="&#10;"/>
    <property name="java.specification.name" value="Java Platform API Specification"/>
    <property name="java.vm.specification.vendor" value="Oracle Corporation"/>
    <property name="java.awt.graphicsenv" value="sun.awt.X11GraphicsEnvironment"/>
    <property name="surefire.real.class.path" value="/home/runner/work/ratis/ratis/ratis-test/target/surefire/surefirebooter-20231031160239169_148.jar"/>
    <property name="sun.management.compiler" value="HotSpot 64-Bit Tiered Compilers"/>
    <property name="java.runtime.version" value="11.0.21+9"/>
    <property name="user.name" value="runner"/>
    <property name="java.net.preferIPv4Stack" value="true"/>
    <property name="path.separator" value=":"/>
    <property name="os.version" value="5.15.0-1050-azure"/>
    <property name="java.runtime.name" value="OpenJDK Runtime Environment"/>
    <property name="file.encoding" value="UTF-8"/>
    <property name="java.vm.name" value="OpenJDK 64-Bit Server VM"/>
    <property name="java.vendor.version" value="Temurin-11.0.21+9"/>
    <property name="localRepository" value="/home/runner/.m2/repository"/>
    <property name="java.vendor.url.bug" value="https://github.com/adoptium/adoptium-support/issues"/>
    <property name="java.io.tmpdir" value="/tmp"/>
    <property name="java.version" value="11.0.21"/>
    <property name="user.dir" value="/home/runner/work/ratis/ratis/ratis-test"/>
    <property name="os.arch" value="amd64"/>
    <property name="ratis.tmp.dir" value="/home/runner/work/ratis/ratis/ratis-test/target/tmp"/>
    <property name="java.vm.specification.name" value="Java Virtual Machine Specification"/>
    <property name="java.awt.printerjob" value="sun.print.PSPrinterJob"/>
    <property name="ratis.log.dir" value="/home/runner/work/ratis/ratis/ratis-test/target/log"/>
    <property name="sun.os.patch.level" value="unknown"/>
    <property name="java.library.path" value="/usr/java/packages/lib:/usr/lib64:/lib64:/lib:/usr/lib"/>
    <property name="java.vm.info" value="mixed mode"/>
    <property name="java.vendor" value="Eclipse Adoptium"/>
    <property name="java.vm.version" value="11.0.21+9"/>
    <property name="java.specification.maintenance.version" value="2"/>
    <property name="sun.io.unicode.encoding" value="UnicodeLittle"/>
    <property name="java.class.version" value="55.0"/>
  </properties>
  <testcase name="testRestartWithCorruptedLogHeader" classname="org.apache.ratis.server.simulation.TestServerRestartWithSimulatedRpc" time="28.116">
    <system-out><![CDATA[2023-10-31 16:05:56,393 [main] INFO  util.LogUtils (Slf4jUtils.java:setLogLevel(38)) - Successfully set org.apache.ratis.conf.ConfUtils log level to WARN
2023-10-31 16:05:56,397 [main] INFO  util.LogUtils (Slf4jUtils.java:setLogLevel(38)) - Successfully set org.apache.ratis.util.FileUtils log level to TRACE
2023-10-31 16:05:56,399 [main] INFO  util.LogUtils (Slf4jUtils.java:setLogLevel(38)) - Successfully set org.apache.ratis.server.raftlog.RaftLog log level to DEBUG
2023-10-31 16:05:56,419 [Time-limited test] INFO  impl.MiniRaftCluster (MiniRaftCluster.java:runWithNewCluster(135)) - Running runWithNewCluster
2023-10-31 16:05:56,435 [Time-limited test] INFO  simulation.MiniRaftClusterWithSimulatedRpc (ConfUtils.java:logGet(46)) - org.apache.ratis.server.simulation.SimulatedRequestReply.simulateLatencyMs = 150 (default)
2023-10-31 16:05:56,524 [Time-limited test] INFO  impl.MiniRaftCluster (MiniRaftCluster.java:<init>(306)) - new MiniRaftClusterWithSimulatedRpc with group-F78B7583022A:[s0|localhost:46719, s1|localhost:38495, s2|localhost:42573]
2023-10-31 16:05:56,525 [Time-limited test] INFO  impl.MiniRaftCluster (MiniRaftCluster.java:start(339)) - .............................................................. 
2023-10-31 16:05:56,525 [Time-limited test] INFO  impl.MiniRaftCluster (MiniRaftCluster.java:start(340)) - ... 
2023-10-31 16:05:56,525 [Time-limited test] INFO  impl.MiniRaftCluster (MiniRaftCluster.java:start(341)) - ...     Starting MiniRaftClusterWithSimulatedRpc
2023-10-31 16:05:56,526 [Time-limited test] INFO  impl.MiniRaftCluster (MiniRaftCluster.java:start(342)) - ... 
2023-10-31 16:05:56,526 [Time-limited test] INFO  impl.MiniRaftCluster (MiniRaftCluster.java:start(343)) - .............................................................. 
2023-10-31 16:05:56,526 [Time-limited test] INFO  impl.MiniRaftCluster (MiniRaftCluster.java:initServers(318)) - servers = {}
2023-10-31 16:05:56,533 [Time-limited test] INFO  impl.MiniRaftCluster (MiniRaftCluster.java:newRaftServer(382)) - newRaftServer: s0, group-F78B7583022A:[s0|localhost:46719, s1|localhost:38495, s2|localhost:42573], format? true
2023-10-31 16:05:56,536 [Time-limited test] TRACE util.FileUtils (FileUtils.java:deleteFully(305)) - deleteFully target/test/data/3084f93d/MiniRaftClusterWithSimulatedRpce237fa44/s0
2023-10-31 16:05:56,537 [Time-limited test] TRACE util.FileUtils (FileUtils.java:deleteFully(318)) - deleteFully: target/test/data/3084f93d/MiniRaftClusterWithSimulatedRpce237fa44/s0 does not exist.
2023-10-31 16:05:56,537 [Time-limited test] INFO  impl.MiniRaftCluster (MiniRaftCluster.java:newRaftServer(387)) - Formatted directory target/test/data/3084f93d/MiniRaftClusterWithSimulatedRpce237fa44/s0
2023-10-31 16:05:56,557 [Time-limited test] INFO  server.RaftServer (ConfUtils.java:logGet(46)) - raft.rpc.type = org.apache.ratis.server.simulation.SimulatedRpc (custom)
2023-10-31 16:05:56,565 [Time-limited test] INFO  impl.DataStreamServerImpl (ConfUtils.java:logGet(46)) - raft.datastream.type = DISABLED (default)
2023-10-31 16:05:56,570 [Time-limited test] INFO  server.RaftServerConfigKeys (ConfUtils.java:logGet(46)) - raft.server.sleep.deviation.threshold = 300ms (default)
2023-10-31 16:05:56,571 [Time-limited test] INFO  server.RaftServerConfigKeys (ConfUtils.java:logGet(46)) - raft.server.close.threshold = 60s (default)
2023-10-31 16:05:56,572 [Time-limited test] INFO  server.RaftServerConfigKeys (ConfUtils.java:logGet(46)) - raft.server.leaderelection.leader.step-down.wait-time = 10s (default)
2023-10-31 16:05:56,594 [Time-limited test] INFO  server.RaftServerConfigKeys (ConfUtils.java:logGet(46)) - raft.server.storage.dir = [/home/runner/work/ratis/ratis/ratis-test/target/test/data/3084f93d/MiniRaftClusterWithSimulatedRpce237fa44/s0] (custom)
2023-10-31 16:05:56,596 [Time-limited test] INFO  server.RaftServerConfigKeys (ConfUtils.java:logGet(46)) - raft.server.threadpool.proxy.cached = true (default)
2023-10-31 16:05:56,596 [Time-limited test] INFO  server.RaftServerConfigKeys (ConfUtils.java:logGet(46)) - raft.server.threadpool.proxy.size = 0 (default)
2023-10-31 16:05:56,608 [Time-limited test] INFO  server.RaftServer (RaftServerProxy.java:addNew(100)) - s0: addNew group-F78B7583022A:[s0|localhost:46719, s1|localhost:38495, s2|localhost:42573] returns group-F78B7583022A:java.util.concurrent.CompletableFuture@139c8d28[Not completed]
2023-10-31 16:05:56,608 [Time-limited test] INFO  impl.MiniRaftCluster (MiniRaftCluster.java:newRaftServer(382)) - newRaftServer: s1, group-F78B7583022A:[s0|localhost:46719, s1|localhost:38495, s2|localhost:42573], format? true
2023-10-31 16:05:56,608 [Time-limited test] TRACE util.FileUtils (FileUtils.java:deleteFully(305)) - deleteFully target/test/data/3084f93d/MiniRaftClusterWithSimulatedRpce237fa44/s1
2023-10-31 16:05:56,608 [Time-limited test] TRACE util.FileUtils (FileUtils.java:deleteFully(318)) - deleteFully: target/test/data/3084f93d/MiniRaftClusterWithSimulatedRpce237fa44/s1 does not exist.
2023-10-31 16:05:56,609 [Time-limited test] INFO  impl.MiniRaftCluster (MiniRaftCluster.java:newRaftServer(387)) - Formatted directory target/test/data/3084f93d/MiniRaftClusterWithSimulatedRpce237fa44/s1
2023-10-31 16:05:56,609 [Time-limited test] INFO  server.RaftServer (ConfUtils.java:logGet(46)) - raft.rpc.type = org.apache.ratis.server.simulation.SimulatedRpc (custom)
2023-10-31 16:05:56,609 [Time-limited test] INFO  impl.DataStreamServerImpl (ConfUtils.java:logGet(46)) - raft.datastream.type = DISABLED (default)
2023-10-31 16:05:56,610 [Time-limited test] INFO  server.RaftServerConfigKeys (ConfUtils.java:logGet(46)) - raft.server.sleep.deviation.threshold = 300ms (default)
2023-10-31 16:05:56,610 [Time-limited test] INFO  server.RaftServerConfigKeys (ConfUtils.java:logGet(46)) - raft.server.close.threshold = 60s (default)
2023-10-31 16:05:56,610 [Time-limited test] INFO  server.RaftServerConfigKeys (ConfUtils.java:logGet(46)) - raft.server.leaderelection.leader.step-down.wait-time = 10s (default)
2023-10-31 16:05:56,610 [Time-limited test] INFO  server.RaftServerConfigKeys (ConfUtils.java:logGet(46)) - raft.server.storage.dir = [/home/runner/work/ratis/ratis/ratis-test/target/test/data/3084f93d/MiniRaftClusterWithSimulatedRpce237fa44/s1] (custom)
2023-10-31 16:05:56,611 [Time-limited test] INFO  server.RaftServerConfigKeys (ConfUtils.java:logGet(46)) - raft.server.threadpool.proxy.cached = true (default)
2023-10-31 16:05:56,611 [Time-limited test] INFO  server.RaftServerConfigKeys (ConfUtils.java:logGet(46)) - raft.server.threadpool.proxy.size = 0 (default)
2023-10-31 16:05:56,622 [Time-limited test] INFO  server.RaftServer (RaftServerProxy.java:addNew(100)) - s1: addNew group-F78B7583022A:[s0|localhost:46719, s1|localhost:38495, s2|localhost:42573] returns group-F78B7583022A:java.util.concurrent.CompletableFuture@3e60c245[Not completed]
2023-10-31 16:05:56,622 [Time-limited test] INFO  impl.MiniRaftCluster (MiniRaftCluster.java:newRaftServer(382)) - newRaftServer: s2, group-F78B7583022A:[s0|localhost:46719, s1|localhost:38495, s2|localhost:42573], format? true
2023-10-31 16:05:56,622 [Time-limited test] TRACE util.FileUtils (FileUtils.java:deleteFully(305)) - deleteFully target/test/data/3084f93d/MiniRaftClusterWithSimulatedRpce237fa44/s2
2023-10-31 16:05:56,622 [Time-limited test] TRACE util.FileUtils (FileUtils.java:deleteFully(318)) - deleteFully: target/test/data/3084f93d/MiniRaftClusterWithSimulatedRpce237fa44/s2 does not exist.
2023-10-31 16:05:56,623 [Time-limited test] INFO  impl.MiniRaftCluster (MiniRaftCluster.java:newRaftServer(387)) - Formatted directory target/test/data/3084f93d/MiniRaftClusterWithSimulatedRpce237fa44/s2
2023-10-31 16:05:56,623 [Time-limited test] INFO  server.RaftServer (ConfUtils.java:logGet(46)) - raft.rpc.type = org.apache.ratis.server.simulation.SimulatedRpc (custom)
2023-10-31 16:05:56,623 [Time-limited test] INFO  impl.DataStreamServerImpl (ConfUtils.java:logGet(46)) - raft.datastream.type = DISABLED (default)
2023-10-31 16:05:56,623 [Time-limited test] INFO  server.RaftServerConfigKeys (ConfUtils.java:logGet(46)) - raft.server.sleep.deviation.threshold = 300ms (default)
2023-10-31 16:05:56,624 [Time-limited test] INFO  server.RaftServerConfigKeys (ConfUtils.java:logGet(46)) - raft.server.close.threshold = 60s (default)
2023-10-31 16:05:56,624 [Time-limited test] INFO  server.RaftServerConfigKeys (ConfUtils.java:logGet(46)) - raft.server.leaderelection.leader.step-down.wait-time = 10s (default)
2023-10-31 16:05:56,624 [Time-limited test] INFO  server.RaftServerConfigKeys (ConfUtils.java:logGet(46)) - raft.server.storage.dir = [/home/runner/work/ratis/ratis/ratis-test/target/test/data/3084f93d/MiniRaftClusterWithSimulatedRpce237fa44/s2] (custom)
2023-10-31 16:05:56,627 [Time-limited test] INFO  server.RaftServerConfigKeys (ConfUtils.java:logGet(46)) - raft.server.threadpool.proxy.cached = true (default)
2023-10-31 16:05:56,628 [Time-limited test] INFO  server.RaftServerConfigKeys (ConfUtils.java:logGet(46)) - raft.server.threadpool.proxy.size = 0 (default)
2023-10-31 16:05:56,632 [Time-limited test] INFO  server.RaftServer (RaftServerProxy.java:addNew(100)) - s2: addNew group-F78B7583022A:[s0|localhost:46719, s1|localhost:38495, s2|localhost:42573] returns group-F78B7583022A:java.util.concurrent.CompletableFuture@48d8fe7c[Not completed]
2023-10-31 16:05:56,637 [s1-groupManagement] INFO  server.RaftServerConfigKeys (ConfUtils.java:logGet(46)) - raft.server.log.segment.size.max = 32MB (=33554432) (default)
2023-10-31 16:05:56,638 [s0-groupManagement] INFO  server.RaftServerConfigKeys (ConfUtils.java:logGet(46)) - raft.server.log.segment.size.max = 32MB (=33554432) (default)
2023-10-31 16:05:56,643 [s0-groupManagement] INFO  server.RaftServerConfigKeys (ConfUtils.java:logGet(46)) - raft.server.log.preallocated.size = 4MB (=4194304) (default)
2023-10-31 16:05:56,643 [s0-groupManagement] INFO  server.RaftServerConfigKeys (ConfUtils.java:logGet(46)) - raft.server.log.write.buffer.size = 64KB (=65536) (default)
2023-10-31 16:05:56,645 [s0-groupManagement] INFO  server.RaftServer$Division (RaftServerImpl.java:<init>(255)) - s0: new RaftServerImpl for group-F78B7583022A:[s0|localhost:46719, s1|localhost:38495, s2|localhost:42573] with SimpleStateMachine4Testing:uninitialized
2023-10-31 16:05:56,647 [s1-groupManagement] INFO  server.RaftServerConfigKeys (ConfUtils.java:logGet(46)) - raft.server.log.preallocated.size = 4MB (=4194304) (default)
2023-10-31 16:05:56,647 [s1-groupManagement] INFO  server.RaftServerConfigKeys (ConfUtils.java:logGet(46)) - raft.server.log.write.buffer.size = 64KB (=65536) (default)
2023-10-31 16:05:56,647 [s1-groupManagement] INFO  server.RaftServer$Division (RaftServerImpl.java:<init>(255)) - s1: new RaftServerImpl for group-F78B7583022A:[s0|localhost:46719, s1|localhost:38495, s2|localhost:42573] with SimpleStateMachine4Testing:uninitialized
2023-10-31 16:05:56,648 [s2-groupManagement] INFO  server.RaftServerConfigKeys (ConfUtils.java:logGet(46)) - raft.server.log.segment.size.max = 32MB (=33554432) (default)
2023-10-31 16:05:56,648 [s2-groupManagement] INFO  server.RaftServerConfigKeys (ConfUtils.java:logGet(46)) - raft.server.log.preallocated.size = 4MB (=4194304) (default)
2023-10-31 16:05:56,650 [s2-groupManagement] INFO  server.RaftServerConfigKeys (ConfUtils.java:logGet(46)) - raft.server.log.write.buffer.size = 64KB (=65536) (default)
2023-10-31 16:05:56,650 [s2-groupManagement] INFO  server.RaftServer$Division (RaftServerImpl.java:<init>(255)) - s2: new RaftServerImpl for group-F78B7583022A:[s0|localhost:46719, s1|localhost:38495, s2|localhost:42573] with SimpleStateMachine4Testing:uninitialized
2023-10-31 16:05:56,650 [s1-groupManagement] INFO  server.RaftServerConfigKeys (ConfUtils.java:logGet(46)) - raft.server.rpc.timeout.min = 150ms (default)
2023-10-31 16:05:56,650 [s0-groupManagement] INFO  server.RaftServerConfigKeys (ConfUtils.java:logGet(46)) - raft.server.rpc.timeout.min = 150ms (default)
2023-10-31 16:05:56,651 [s0-groupManagement] INFO  server.RaftServerConfigKeys (ConfUtils.java:logGet(46)) - raft.server.rpc.timeout.max = 300ms (default)
2023-10-31 16:05:56,651 [s1-groupManagement] INFO  server.RaftServerConfigKeys (ConfUtils.java:logGet(46)) - raft.server.rpc.timeout.max = 300ms (default)
2023-10-31 16:05:56,651 [s0-groupManagement] INFO  server.RaftServerConfigKeys (ConfUtils.java:logGet(46)) - raft.server.rpc.sleep.time = 25ms (default)
2023-10-31 16:05:56,651 [s1-groupManagement] INFO  server.RaftServerConfigKeys (ConfUtils.java:logGet(46)) - raft.server.rpc.sleep.time = 25ms (default)
2023-10-31 16:05:56,651 [s0-groupManagement] INFO  server.RaftServerConfigKeys (ConfUtils.java:logGet(46)) - raft.server.rpc.slowness.timeout = 60s (default)
2023-10-31 16:05:56,651 [s1-groupManagement] INFO  server.RaftServerConfigKeys (ConfUtils.java:logGet(46)) - raft.server.rpc.slowness.timeout = 60s (default)
2023-10-31 16:05:56,652 [s0-groupManagement] INFO  server.RaftServerConfigKeys (ConfUtils.java:logGet(46)) - raft.server.leaderelection.leader.step-down.wait-time = 10s (default)
2023-10-31 16:05:56,652 [s1-groupManagement] INFO  server.RaftServerConfigKeys (ConfUtils.java:logGet(46)) - raft.server.leaderelection.leader.step-down.wait-time = 10s (default)
2023-10-31 16:05:56,652 [s0-groupManagement] INFO  server.RaftServerConfigKeys (ConfUtils.java:logGet(46)) - raft.server.sleep.deviation.threshold = 300ms (default)
2023-10-31 16:05:56,652 [s1-groupManagement] INFO  server.RaftServerConfigKeys (ConfUtils.java:logGet(46)) - raft.server.sleep.deviation.threshold = 300ms (default)
2023-10-31 16:05:56,652 [s2-groupManagement] INFO  server.RaftServerConfigKeys (ConfUtils.java:logGet(46)) - raft.server.rpc.timeout.min = 150ms (default)
2023-10-31 16:05:56,652 [s2-groupManagement] INFO  server.RaftServerConfigKeys (ConfUtils.java:logGet(46)) - raft.server.rpc.timeout.max = 300ms (default)
2023-10-31 16:05:56,652 [s2-groupManagement] INFO  server.RaftServerConfigKeys (ConfUtils.java:logGet(46)) - raft.server.rpc.sleep.time = 25ms (default)
2023-10-31 16:05:56,653 [s2-groupManagement] INFO  server.RaftServerConfigKeys (ConfUtils.java:logGet(46)) - raft.server.rpc.slowness.timeout = 60s (default)
2023-10-31 16:05:56,653 [s2-groupManagement] INFO  server.RaftServerConfigKeys (ConfUtils.java:logGet(46)) - raft.server.leaderelection.leader.step-down.wait-time = 10s (default)
2023-10-31 16:05:56,653 [s2-groupManagement] INFO  server.RaftServerConfigKeys (ConfUtils.java:logGet(46)) - raft.server.sleep.deviation.threshold = 300ms (default)
2023-10-31 16:05:56,660 [s1-groupManagement] INFO  server.RaftServer$Division (ServerState.java:<init>(113)) - s1@group-F78B7583022A: ConfigurationManager, init=-1: peers:[s0|localhost:46719, s1|localhost:38495, s2|localhost:42573]|listeners:[], old=null, confs=<EMPTY_MAP>
2023-10-31 16:05:56,663 [s0-groupManagement] INFO  server.RaftServer$Division (ServerState.java:<init>(113)) - s0@group-F78B7583022A: ConfigurationManager, init=-1: peers:[s0|localhost:46719, s1|localhost:38495, s2|localhost:42573]|listeners:[], old=null, confs=<EMPTY_MAP>
2023-10-31 16:05:56,666 [s2-groupManagement] INFO  server.RaftServer$Division (ServerState.java:<init>(113)) - s2@group-F78B7583022A: ConfigurationManager, init=-1: peers:[s0|localhost:46719, s1|localhost:38495, s2|localhost:42573]|listeners:[], old=null, confs=<EMPTY_MAP>
2023-10-31 16:05:56,670 [s2-groupManagement] INFO  server.RaftServerConfigKeys (ConfUtils.java:logGet(46)) - raft.server.notification.no-leader.timeout = 60s (default)
2023-10-31 16:05:56,674 [s2-groupManagement] INFO  server.RaftServerConfigKeys (ConfUtils.java:logGet(46)) - raft.server.read.timeout = 10s (default)
2023-10-31 16:05:56,674 [s0-groupManagement] INFO  server.RaftServerConfigKeys (ConfUtils.java:logGet(46)) - raft.server.notification.no-leader.timeout = 60s (default)
2023-10-31 16:05:56,676 [s0-groupManagement] INFO  server.RaftServerConfigKeys (ConfUtils.java:logGet(46)) - raft.server.read.timeout = 10s (default)
2023-10-31 16:05:56,674 [s1-groupManagement] INFO  server.RaftServerConfigKeys (ConfUtils.java:logGet(46)) - raft.server.notification.no-leader.timeout = 60s (default)
2023-10-31 16:05:56,678 [s1-groupManagement] INFO  server.RaftServerConfigKeys (ConfUtils.java:logGet(46)) - raft.server.read.timeout = 10s (default)
2023-10-31 16:05:56,680 [s1-groupManagement] INFO  server.RaftServerConfigKeys (ConfUtils.java:logGet(46)) - raft.server.retrycache.expirytime = 60s (default)
2023-10-31 16:05:56,680 [s1-groupManagement] INFO  server.RaftServerConfigKeys (ConfUtils.java:logGet(46)) - raft.server.retrycache.statistics.expirytime = 100μs (default)
2023-10-31 16:05:56,682 [s2-groupManagement] INFO  server.RaftServerConfigKeys (ConfUtils.java:logGet(46)) - raft.server.retrycache.expirytime = 60s (default)
2023-10-31 16:05:56,688 [s2-groupManagement] INFO  server.RaftServerConfigKeys (ConfUtils.java:logGet(46)) - raft.server.retrycache.statistics.expirytime = 100μs (default)
2023-10-31 16:05:56,688 [s2-groupManagement] INFO  server.RaftServerConfigKeys (ConfUtils.java:logGet(46)) - raft.server.read.option = DEFAULT (default)
2023-10-31 16:05:56,689 [s2-groupManagement] INFO  server.RaftServerConfigKeys (ConfUtils.java:logGet(46)) - raft.server.read.read-after-write-consistent.write-index-cache.expiry-time = 60s (default)
2023-10-31 16:05:56,685 [s1-groupManagement] INFO  server.RaftServerConfigKeys (ConfUtils.java:logGet(46)) - raft.server.read.option = DEFAULT (default)
2023-10-31 16:05:56,693 [s1-groupManagement] INFO  server.RaftServerConfigKeys (ConfUtils.java:logGet(46)) - raft.server.read.read-after-write-consistent.write-index-cache.expiry-time = 60s (default)
2023-10-31 16:05:56,682 [s0-groupManagement] INFO  server.RaftServerConfigKeys (ConfUtils.java:logGet(46)) - raft.server.retrycache.expirytime = 60s (default)
2023-10-31 16:05:56,694 [s0-groupManagement] INFO  server.RaftServerConfigKeys (ConfUtils.java:logGet(46)) - raft.server.retrycache.statistics.expirytime = 100μs (default)
2023-10-31 16:05:56,694 [s0-groupManagement] INFO  server.RaftServerConfigKeys (ConfUtils.java:logGet(46)) - raft.server.read.option = DEFAULT (default)
2023-10-31 16:05:56,694 [s0-groupManagement] INFO  server.RaftServerConfigKeys (ConfUtils.java:logGet(46)) - raft.server.read.read-after-write-consistent.write-index-cache.expiry-time = 60s (default)
2023-10-31 16:05:56,699 [s2-groupManagement] INFO  metrics.MetricRegistries (MetricRegistriesLoader.java:load(64)) - Loaded MetricRegistries class org.apache.ratis.metrics.impl.MetricRegistriesImpl
2023-10-31 16:05:56,840 [s0-groupManagement] INFO  server.RaftServerConfigKeys (ConfUtils.java:logGet(46)) - raft.server.rpc.request.timeout = 3000ms (default)
2023-10-31 16:05:56,843 [s0-groupManagement] INFO  server.RaftServerConfigKeys (ConfUtils.java:logGet(46)) - raft.server.log.appender.install.snapshot.enabled = true (default)
2023-10-31 16:05:56,843 [s0-groupManagement] INFO  server.RaftServerConfigKeys (ConfUtils.java:logGet(46)) - raft.server.threadpool.server.cached = true (default)
2023-10-31 16:05:56,843 [s0-groupManagement] INFO  server.RaftServerConfigKeys (ConfUtils.java:logGet(46)) - raft.server.threadpool.server.size = 0 (default)
2023-10-31 16:05:56,844 [s0-groupManagement] INFO  server.RaftServerConfigKeys (ConfUtils.java:logGet(46)) - raft.server.threadpool.client.cached = true (default)
2023-10-31 16:05:56,844 [s0-groupManagement] INFO  server.RaftServerConfigKeys (ConfUtils.java:logGet(46)) - raft.server.threadpool.client.size = 0 (default)
2023-10-31 16:05:56,845 [s1-groupManagement] INFO  server.RaftServerConfigKeys (ConfUtils.java:logGet(46)) - raft.server.rpc.request.timeout = 3000ms (default)
2023-10-31 16:05:56,845 [s1-groupManagement] INFO  server.RaftServerConfigKeys (ConfUtils.java:logGet(46)) - raft.server.log.appender.install.snapshot.enabled = true (default)
2023-10-31 16:05:56,846 [s1-groupManagement] INFO  server.RaftServerConfigKeys (ConfUtils.java:logGet(46)) - raft.server.threadpool.server.cached = true (default)
2023-10-31 16:05:56,846 [s1-groupManagement] INFO  server.RaftServerConfigKeys (ConfUtils.java:logGet(46)) - raft.server.threadpool.server.size = 0 (default)
2023-10-31 16:05:56,846 [s0-impl-thread1] INFO  server.RaftServerConfigKeys (ConfUtils.java:logGet(46)) - raft.server.storage.free-space.min = 0MB (=0) (default)
2023-10-31 16:05:56,847 [s0-impl-thread1] INFO  server.RaftServerConfigKeys (ConfUtils.java:logGet(46)) - raft.server.log.corruption.policy = EXCEPTION (default)
2023-10-31 16:05:56,847 [s0-impl-thread1] INFO  server.RaftServerConfigKeys (ConfUtils.java:logGet(46)) - raft.server.storage.dir = [/home/runner/work/ratis/ratis/ratis-test/target/test/data/3084f93d/MiniRaftClusterWithSimulatedRpce237fa44/s0] (custom)
2023-10-31 16:05:56,847 [s2-groupManagement] INFO  server.RaftServerConfigKeys (ConfUtils.java:logGet(46)) - raft.server.rpc.request.timeout = 3000ms (default)
2023-10-31 16:05:56,847 [s2-groupManagement] INFO  server.RaftServerConfigKeys (ConfUtils.java:logGet(46)) - raft.server.log.appender.install.snapshot.enabled = true (default)
2023-10-31 16:05:56,848 [s2-groupManagement] INFO  server.RaftServerConfigKeys (ConfUtils.java:logGet(46)) - raft.server.threadpool.server.cached = true (default)
2023-10-31 16:05:56,848 [s2-groupManagement] INFO  server.RaftServerConfigKeys (ConfUtils.java:logGet(46)) - raft.server.threadpool.server.size = 0 (default)
2023-10-31 16:05:56,851 [s2-groupManagement] INFO  server.RaftServerConfigKeys (ConfUtils.java:logGet(46)) - raft.server.threadpool.client.cached = true (default)
2023-10-31 16:05:56,851 [s2-groupManagement] INFO  server.RaftServerConfigKeys (ConfUtils.java:logGet(46)) - raft.server.threadpool.client.size = 0 (default)
2023-10-31 16:05:56,846 [s1-groupManagement] INFO  server.RaftServerConfigKeys (ConfUtils.java:logGet(46)) - raft.server.threadpool.client.cached = true (default)
2023-10-31 16:05:56,851 [s1-groupManagement] INFO  server.RaftServerConfigKeys (ConfUtils.java:logGet(46)) - raft.server.threadpool.client.size = 0 (default)
2023-10-31 16:05:56,857 [s0-impl-thread1] INFO  storage.RaftStorageDirectory (RaftStorageDirectoryImpl.java:analyzeStorage(138)) - The storage directory /home/runner/work/ratis/ratis/ratis-test/target/test/data/3084f93d/MiniRaftClusterWithSimulatedRpce237fa44/s0/69750052-33aa-491b-b994-f78b7583022a does not exist. Creating ...
2023-10-31 16:05:56,859 [s0-impl-thread1] TRACE util.FileUtils (LogUtils.java:runAndLog(49)) - Successfully ran Files.createDirectories /home/runner/work/ratis/ratis/ratis-test/target/test/data/3084f93d/MiniRaftClusterWithSimulatedRpce237fa44/s0/69750052-33aa-491b-b994-f78b7583022a
2023-10-31 16:05:56,862 [s0-impl-thread1] INFO  storage.RaftStorageDirectory (RaftStorageDirectoryImpl.java:tryLock(232)) - Lock on /home/runner/work/ratis/ratis/ratis-test/target/test/data/3084f93d/MiniRaftClusterWithSimulatedRpce237fa44/s0/69750052-33aa-491b-b994-f78b7583022a/in_use.lock acquired by nodename 3366@fv-az462-937
2023-10-31 16:05:56,863 [s0-impl-thread1] TRACE util.FileUtils (LogUtils.java:runAndLog(49)) - Successfully ran Files.createDirectories /home/runner/work/ratis/ratis/ratis-test/target/test/data/3084f93d/MiniRaftClusterWithSimulatedRpce237fa44/s0/69750052-33aa-491b-b994-f78b7583022a/current
2023-10-31 16:05:56,864 [s0-impl-thread1] TRACE util.FileUtils (LogUtils.java:runAndLog(49)) - Successfully ran Files.createDirectories /home/runner/work/ratis/ratis/ratis-test/target/test/data/3084f93d/MiniRaftClusterWithSimulatedRpce237fa44/s0/69750052-33aa-491b-b994-f78b7583022a/sm
2023-10-31 16:05:56,875 [s0-impl-thread1] TRACE util.FileUtils (LogUtils.java:supplyAndLog(69)) - Successfully supplied FileChannel.open /home/runner/work/ratis/ratis/ratis-test/target/test/data/3084f93d/MiniRaftClusterWithSimulatedRpce237fa44/s0/69750052-33aa-491b-b994-f78b7583022a/current/raft-meta.tmp with options [CREATE, WRITE]: sun.nio.ch.FileChannelImpl@3fb33d77
2023-10-31 16:05:56,893 [s0-impl-thread1] TRACE util.FileUtils (LogUtils.java:runAndLog(49)) - Successfully ran Atomic Files.move /home/runner/work/ratis/ratis/ratis-test/target/test/data/3084f93d/MiniRaftClusterWithSimulatedRpce237fa44/s0/69750052-33aa-491b-b994-f78b7583022a/current/raft-meta.tmp to /home/runner/work/ratis/ratis/ratis-test/target/test/data/3084f93d/MiniRaftClusterWithSimulatedRpce237fa44/s0/69750052-33aa-491b-b994-f78b7583022a/current/raft-meta with options [REPLACE_EXISTING]
2023-10-31 16:05:56,893 [s0-impl-thread1] INFO  storage.RaftStorage (RaftStorageImpl.java:format(97)) - Storage directory /home/runner/work/ratis/ratis/ratis-test/target/test/data/3084f93d/MiniRaftClusterWithSimulatedRpce237fa44/s0/69750052-33aa-491b-b994-f78b7583022a has been successfully formatted.
2023-10-31 16:05:56,894 [s0-impl-thread1] INFO  impl.SimpleStateMachine4Testing (SimpleStateMachine4Testing.java:initialize(213)) - Initializing SimpleStateMachine4Testing:uninitialized
2023-10-31 16:05:56,895 [s0-impl-thread1] INFO  impl.SimpleStateMachine4Testing (SimpleStateMachine4Testing.java:loadSnapshot(296)) - Loading snapshot null
2023-10-31 16:05:56,898 [s0-impl-thread1] INFO  server.RaftServerConfigKeys (ConfUtils.java:logGet(46)) - raft.server.log.use.memory = false (default)
2023-10-31 16:05:56,907 [s0-impl-thread1] INFO  server.RaftServerConfigKeys (ConfUtils.java:logGet(46)) - raft.server.log.purge.gap = 1024 (default)
2023-10-31 16:05:56,907 [s0-impl-thread1] INFO  server.RaftServerConfigKeys (ConfUtils.java:logGet(46)) - raft.server.log.appender.buffer.byte-limit = 4MB (=4194304) (default)
2023-10-31 16:05:56,909 [s0-impl-thread1] INFO  server.RaftServerConfigKeys (ConfUtils.java:logGet(46)) - raft.server.log.statemachine.data.read.timeout = 1000ms (default)
2023-10-31 16:05:56,909 [s0-impl-thread1] INFO  server.RaftServerConfigKeys (ConfUtils.java:logGet(46)) - raft.server.log.purge.preservation.log.num = 0 (default)
2023-10-31 16:05:56,915 [s0-impl-thread1] INFO  server.RaftServerConfigKeys (ConfUtils.java:logGet(46)) - raft.server.log.segment.size.max = 8KB (=8192) (custom)
2023-10-31 16:05:56,919 [s0-impl-thread1] INFO  server.RaftServerConfigKeys (ConfUtils.java:logGet(46)) - raft.server.log.segment.cache.num.max = 6 (default)
2023-10-31 16:05:56,919 [s0-impl-thread1] INFO  server.RaftServerConfigKeys (ConfUtils.java:logGet(46)) - raft.server.log.segment.cache.size.max = 200MB (=209715200) (default)
2023-10-31 16:05:56,919 [s0-impl-thread1] INFO  server.RaftServerConfigKeys (ConfUtils.java:logGet(46)) - raft.server.log.appender.buffer.byte-limit = 4MB (=4194304) (default)
2023-10-31 16:05:56,926 [s0-impl-thread1] INFO  util.AwaitToRun (AwaitToRun.java:start(81)) - Thread[s0@group-F78B7583022A-cacheEviction-AwaitToRun,5,main] started
2023-10-31 16:05:56,929 [s0-impl-thread1] INFO  segmented.SegmentedRaftLogWorker (SegmentedRaftLogWorker.java:<init>(184)) - new s0@group-F78B7583022A-SegmentedRaftLogWorker for RaftStorageImpl:Storage Directory /home/runner/work/ratis/ratis/ratis-test/target/test/data/3084f93d/MiniRaftClusterWithSimulatedRpce237fa44/s0/69750052-33aa-491b-b994-f78b7583022a
2023-10-31 16:05:56,930 [s0-impl-thread1] INFO  server.RaftServerConfigKeys (ConfUtils.java:logGet(46)) - raft.server.log.queue.byte-limit = 64MB (=67108864) (default)
2023-10-31 16:05:56,932 [s0-impl-thread1] INFO  server.RaftServerConfigKeys (ConfUtils.java:logGet(46)) - raft.server.log.queue.element-limit = 4096 (default)
2023-10-31 16:05:56,933 [s0-impl-thread1] INFO  server.RaftServerConfigKeys (ConfUtils.java:logGet(46)) - raft.server.log.segment.size.max = 8KB (=8192) (custom)
2023-10-31 16:05:56,934 [s0-impl-thread1] INFO  server.RaftServerConfigKeys (ConfUtils.java:logGet(46)) - raft.server.log.preallocated.size = 4MB (=4194304) (default)
2023-10-31 16:05:56,936 [s0-impl-thread1] INFO  server.RaftServerConfigKeys (ConfUtils.java:logGet(46)) - raft.server.log.force.sync.num = 128 (default)
2023-10-31 16:05:56,946 [s0-impl-thread1] INFO  server.RaftServerConfigKeys (ConfUtils.java:logGet(46)) - raft.server.log.statemachine.data.sync = true (default)
2023-10-31 16:05:56,946 [s0-impl-thread1] INFO  server.RaftServerConfigKeys (ConfUtils.java:logGet(46)) - raft.server.log.statemachine.data.sync.timeout = 10s (default)
2023-10-31 16:05:56,947 [s0-impl-thread1] INFO  server.RaftServerConfigKeys (ConfUtils.java:logGet(46)) - raft.server.log.statemachine.data.sync.timeout.retry = -1 (default)
2023-10-31 16:05:56,949 [s0-impl-thread1] INFO  server.RaftServerConfigKeys (ConfUtils.java:logGet(46)) - raft.server.log.write.buffer.size = 64KB (=65536) (default)
2023-10-31 16:05:56,949 [s0-impl-thread1] INFO  server.RaftServerConfigKeys (ConfUtils.java:logGet(46)) - raft.server.log.appender.buffer.byte-limit = 4MB (=4194304) (default)
2023-10-31 16:05:56,950 [s0-impl-thread1] INFO  server.RaftServerConfigKeys (ConfUtils.java:logGet(46)) - raft.server.log.unsafe-flush.enabled = false (default)
2023-10-31 16:05:56,951 [s0-impl-thread1] INFO  server.RaftServerConfigKeys (ConfUtils.java:logGet(46)) - raft.server.log.async-flush.enabled = false (default)
2023-10-31 16:05:56,952 [s0-impl-thread1] INFO  server.RaftServerConfigKeys (ConfUtils.java:logGet(46)) - raft.server.log.statemachine.data.caching.enabled = false (default)
2023-10-31 16:05:56,957 [s0-impl-thread1] INFO  segmented.SegmentedRaftLogWorker (SegmentedRaftLogWorker.java:lambda$new$0(135)) - s0@group-F78B7583022A-SegmentedRaftLogWorker: flushIndex: setUnconditionally 0 -> -1
2023-10-31 16:05:56,957 [s0-impl-thread1] INFO  segmented.SegmentedRaftLogWorker (SegmentedRaftLogWorker.java:lambda$new$0(135)) - s0@group-F78B7583022A-SegmentedRaftLogWorker: safeCacheEvictIndex: setUnconditionally 0 -> -1
2023-10-31 16:05:56,962 [s0-impl-thread1] INFO  server.RaftServer$Division (RaftServerImpl.java:start(390)) - s0@group-F78B7583022A: start as a follower, conf=-1: peers:[s0|localhost:46719, s1|localhost:38495, s2|localhost:42573]|listeners:[], old=null
2023-10-31 16:05:56,962 [s0-impl-thread1] INFO  server.RaftServer$Division (RaftServerImpl.java:setRole(377)) - s0@group-F78B7583022A: changes role from      null to FOLLOWER at term 0 for startAsFollower
2023-10-31 16:05:56,963 [s0-impl-thread1] INFO  impl.RoleInfo (RoleInfo.java:updateAndGet(138)) - s0: start s0@group-F78B7583022A-FollowerState
2023-10-31 16:05:56,972 [s0-impl-thread1] INFO  util.JmxRegister (JmxRegister.java:tryRegister(44)) - Successfully registered JMX Bean with object name Ratis:service=RaftServer,group=group-F78B7583022A,id=s0
2023-10-31 16:05:56,975 [s0-impl-thread1] INFO  server.RaftServerConfigKeys (ConfUtils.java:logGet(46)) - raft.server.snapshot.trigger-when-stop.enabled = true (default)
2023-10-31 16:05:56,975 [s0-impl-thread1] INFO  server.RaftServerConfigKeys (ConfUtils.java:logGet(46)) - raft.server.snapshot.auto.trigger.enabled = false (default)
2023-10-31 16:05:56,975 [s0-impl-thread1] INFO  server.RaftServerConfigKeys (ConfUtils.java:logGet(46)) - raft.server.snapshot.retention.file.num = -1 (default)
2023-10-31 16:05:56,976 [s0-impl-thread1] INFO  server.RaftServerConfigKeys (ConfUtils.java:logGet(46)) - raft.server.log.purge.upto.snapshot.index = false (default)
2023-10-31 16:05:56,982 [s0@group-F78B7583022A-FollowerState] INFO  server.RaftServerConfigKeys (ConfUtils.java:logFallback(53)) - raft.server.rpc.first-election.timeout.min = 150ms (fallback to raft.server.rpc.timeout.min)
2023-10-31 16:05:56,982 [s0@group-F78B7583022A-FollowerState] INFO  server.RaftServerConfigKeys (ConfUtils.java:logFallback(53)) - raft.server.rpc.first-election.timeout.max = 300ms (fallback to raft.server.rpc.timeout.max)
2023-10-31 16:05:56,984 [Time-limited test] INFO  server.RaftServer (RaftServerProxy.java:startImpl(406)) - s0: start RPC server
2023-10-31 16:05:56,989 [s1-impl-thread1] INFO  server.RaftServerConfigKeys (ConfUtils.java:logGet(46)) - raft.server.storage.free-space.min = 0MB (=0) (default)
2023-10-31 16:05:56,989 [s1-impl-thread1] INFO  server.RaftServerConfigKeys (ConfUtils.java:logGet(46)) - raft.server.log.corruption.policy = EXCEPTION (default)
2023-10-31 16:05:56,989 [s1-impl-thread1] INFO  server.RaftServerConfigKeys (ConfUtils.java:logGet(46)) - raft.server.storage.dir = [/home/runner/work/ratis/ratis/ratis-test/target/test/data/3084f93d/MiniRaftClusterWithSimulatedRpce237fa44/s1] (custom)
2023-10-31 16:05:56,989 [s1-impl-thread1] INFO  storage.RaftStorageDirectory (RaftStorageDirectoryImpl.java:analyzeStorage(138)) - The storage directory /home/runner/work/ratis/ratis/ratis-test/target/test/data/3084f93d/MiniRaftClusterWithSimulatedRpce237fa44/s1/69750052-33aa-491b-b994-f78b7583022a does not exist. Creating ...
2023-10-31 16:05:56,991 [s1-impl-thread1] TRACE util.FileUtils (LogUtils.java:runAndLog(49)) - Successfully ran Files.createDirectories /home/runner/work/ratis/ratis/ratis-test/target/test/data/3084f93d/MiniRaftClusterWithSimulatedRpce237fa44/s1/69750052-33aa-491b-b994-f78b7583022a
2023-10-31 16:05:56,992 [s1-impl-thread1] INFO  storage.RaftStorageDirectory (RaftStorageDirectoryImpl.java:tryLock(232)) - Lock on /home/runner/work/ratis/ratis/ratis-test/target/test/data/3084f93d/MiniRaftClusterWithSimulatedRpce237fa44/s1/69750052-33aa-491b-b994-f78b7583022a/in_use.lock acquired by nodename 3366@fv-az462-937
2023-10-31 16:05:56,993 [s1-impl-thread1] TRACE util.FileUtils (LogUtils.java:runAndLog(49)) - Successfully ran Files.createDirectories /home/runner/work/ratis/ratis/ratis-test/target/test/data/3084f93d/MiniRaftClusterWithSimulatedRpce237fa44/s1/69750052-33aa-491b-b994-f78b7583022a/current
2023-10-31 16:05:56,993 [s1-impl-thread1] TRACE util.FileUtils (LogUtils.java:runAndLog(49)) - Successfully ran Files.createDirectories /home/runner/work/ratis/ratis/ratis-test/target/test/data/3084f93d/MiniRaftClusterWithSimulatedRpce237fa44/s1/69750052-33aa-491b-b994-f78b7583022a/sm
2023-10-31 16:05:56,993 [s1-impl-thread1] TRACE util.FileUtils (LogUtils.java:supplyAndLog(69)) - Successfully supplied FileChannel.open /home/runner/work/ratis/ratis/ratis-test/target/test/data/3084f93d/MiniRaftClusterWithSimulatedRpce237fa44/s1/69750052-33aa-491b-b994-f78b7583022a/current/raft-meta.tmp with options [CREATE, WRITE]: sun.nio.ch.FileChannelImpl@67b13ac0
2023-10-31 16:05:56,996 [JvmPauseMonitor0] INFO  util.JvmPauseMonitor (JvmPauseMonitor.java:run(146)) - JvmPauseMonitor-s0: Started
2023-10-31 16:05:56,997 [s1-impl-thread1] TRACE util.FileUtils (LogUtils.java:runAndLog(49)) - Successfully ran Atomic Files.move /home/runner/work/ratis/ratis/ratis-test/target/test/data/3084f93d/MiniRaftClusterWithSimulatedRpce237fa44/s1/69750052-33aa-491b-b994-f78b7583022a/current/raft-meta.tmp to /home/runner/work/ratis/ratis/ratis-test/target/test/data/3084f93d/MiniRaftClusterWithSimulatedRpce237fa44/s1/69750052-33aa-491b-b994-f78b7583022a/current/raft-meta with options [REPLACE_EXISTING]
2023-10-31 16:05:56,997 [s1-impl-thread1] INFO  storage.RaftStorage (RaftStorageImpl.java:format(97)) - Storage directory /home/runner/work/ratis/ratis/ratis-test/target/test/data/3084f93d/MiniRaftClusterWithSimulatedRpce237fa44/s1/69750052-33aa-491b-b994-f78b7583022a has been successfully formatted.
2023-10-31 16:05:56,997 [s1-impl-thread1] INFO  impl.SimpleStateMachine4Testing (SimpleStateMachine4Testing.java:initialize(213)) - Initializing SimpleStateMachine4Testing:uninitialized
2023-10-31 16:05:56,998 [s1-impl-thread1] INFO  impl.SimpleStateMachine4Testing (SimpleStateMachine4Testing.java:loadSnapshot(296)) - Loading snapshot null
2023-10-31 16:05:56,998 [s1-impl-thread1] INFO  server.RaftServerConfigKeys (ConfUtils.java:logGet(46)) - raft.server.log.use.memory = false (default)
2023-10-31 16:05:56,998 [s1-impl-thread1] INFO  server.RaftServerConfigKeys (ConfUtils.java:logGet(46)) - raft.server.log.purge.gap = 1024 (default)
2023-10-31 16:05:56,999 [s1-impl-thread1] INFO  server.RaftServerConfigKeys (ConfUtils.java:logGet(46)) - raft.server.log.appender.buffer.byte-limit = 4MB (=4194304) (default)
2023-10-31 16:05:56,999 [s1-impl-thread1] INFO  server.RaftServerConfigKeys (ConfUtils.java:logGet(46)) - raft.server.log.statemachine.data.read.timeout = 1000ms (default)
2023-10-31 16:05:57,000 [s1-impl-thread1] INFO  server.RaftServerConfigKeys (ConfUtils.java:logGet(46)) - raft.server.log.purge.preservation.log.num = 0 (default)
2023-10-31 16:05:57,005 [s1-impl-thread1] INFO  server.RaftServerConfigKeys (ConfUtils.java:logGet(46)) - raft.server.log.segment.size.max = 8KB (=8192) (custom)
2023-10-31 16:05:57,005 [s1-impl-thread1] INFO  server.RaftServerConfigKeys (ConfUtils.java:logGet(46)) - raft.server.log.segment.cache.num.max = 6 (default)
2023-10-31 16:05:57,005 [s1-impl-thread1] INFO  server.RaftServerConfigKeys (ConfUtils.java:logGet(46)) - raft.server.log.segment.cache.size.max = 200MB (=209715200) (default)
2023-10-31 16:05:57,006 [s1-impl-thread1] INFO  server.RaftServerConfigKeys (ConfUtils.java:logGet(46)) - raft.server.log.appender.buffer.byte-limit = 4MB (=4194304) (default)
2023-10-31 16:05:57,007 [s1-impl-thread1] INFO  util.AwaitToRun (AwaitToRun.java:start(81)) - Thread[s1@group-F78B7583022A-cacheEviction-AwaitToRun,5,main] started
2023-10-31 16:05:57,010 [s1-impl-thread1] INFO  segmented.SegmentedRaftLogWorker (SegmentedRaftLogWorker.java:<init>(184)) - new s1@group-F78B7583022A-SegmentedRaftLogWorker for RaftStorageImpl:Storage Directory /home/runner/work/ratis/ratis/ratis-test/target/test/data/3084f93d/MiniRaftClusterWithSimulatedRpce237fa44/s1/69750052-33aa-491b-b994-f78b7583022a
2023-10-31 16:05:57,010 [s1-impl-thread1] INFO  server.RaftServerConfigKeys (ConfUtils.java:logGet(46)) - raft.server.log.queue.byte-limit = 64MB (=67108864) (default)
2023-10-31 16:05:57,010 [s1-impl-thread1] INFO  server.RaftServerConfigKeys (ConfUtils.java:logGet(46)) - raft.server.log.queue.element-limit = 4096 (default)
2023-10-31 16:05:57,011 [s1-impl-thread1] INFO  server.RaftServerConfigKeys (ConfUtils.java:logGet(46)) - raft.server.log.segment.size.max = 8KB (=8192) (custom)
2023-10-31 16:05:57,011 [s1-impl-thread1] INFO  server.RaftServerConfigKeys (ConfUtils.java:logGet(46)) - raft.server.log.preallocated.size = 4MB (=4194304) (default)
2023-10-31 16:05:57,011 [s1-impl-thread1] INFO  server.RaftServerConfigKeys (ConfUtils.java:logGet(46)) - raft.server.log.force.sync.num = 128 (default)
2023-10-31 16:05:57,012 [s1-impl-thread1] INFO  server.RaftServerConfigKeys (ConfUtils.java:logGet(46)) - raft.server.log.statemachine.data.sync = true (default)
2023-10-31 16:05:57,012 [s1-impl-thread1] INFO  server.RaftServerConfigKeys (ConfUtils.java:logGet(46)) - raft.server.log.statemachine.data.sync.timeout = 10s (default)
2023-10-31 16:05:57,012 [s1-impl-thread1] INFO  server.RaftServerConfigKeys (ConfUtils.java:logGet(46)) - raft.server.log.statemachine.data.sync.timeout.retry = -1 (default)
2023-10-31 16:05:57,013 [s1-impl-thread1] INFO  server.RaftServerConfigKeys (ConfUtils.java:logGet(46)) - raft.server.log.write.buffer.size = 64KB (=65536) (default)
2023-10-31 16:05:57,013 [s1-impl-thread1] INFO  server.RaftServerConfigKeys (ConfUtils.java:logGet(46)) - raft.server.log.appender.buffer.byte-limit = 4MB (=4194304) (default)
2023-10-31 16:05:57,017 [s1-impl-thread1] INFO  server.RaftServerConfigKeys (ConfUtils.java:logGet(46)) - raft.server.log.unsafe-flush.enabled = false (default)
2023-10-31 16:05:57,017 [s1-impl-thread1] INFO  server.RaftServerConfigKeys (ConfUtils.java:logGet(46)) - raft.server.log.async-flush.enabled = false (default)
2023-10-31 16:05:57,018 [s1-impl-thread1] INFO  server.RaftServerConfigKeys (ConfUtils.java:logGet(46)) - raft.server.log.statemachine.data.caching.enabled = false (default)
2023-10-31 16:05:57,018 [s1-impl-thread1] INFO  segmented.SegmentedRaftLogWorker (SegmentedRaftLogWorker.java:lambda$new$0(135)) - s1@group-F78B7583022A-SegmentedRaftLogWorker: flushIndex: setUnconditionally 0 -> -1
2023-10-31 16:05:57,019 [s1-impl-thread1] INFO  segmented.SegmentedRaftLogWorker (SegmentedRaftLogWorker.java:lambda$new$0(135)) - s1@group-F78B7583022A-SegmentedRaftLogWorker: safeCacheEvictIndex: setUnconditionally 0 -> -1
2023-10-31 16:05:57,019 [s1-impl-thread1] INFO  server.RaftServer$Division (RaftServerImpl.java:start(390)) - s1@group-F78B7583022A: start as a follower, conf=-1: peers:[s0|localhost:46719, s1|localhost:38495, s2|localhost:42573]|listeners:[], old=null
2023-10-31 16:05:57,019 [s1-impl-thread1] INFO  server.RaftServer$Division (RaftServerImpl.java:setRole(377)) - s1@group-F78B7583022A: changes role from      null to FOLLOWER at term 0 for startAsFollower
2023-10-31 16:05:57,019 [s1-impl-thread1] INFO  impl.RoleInfo (RoleInfo.java:updateAndGet(138)) - s1: start s1@group-F78B7583022A-FollowerState
2023-10-31 16:05:57,023 [s1-impl-thread1] INFO  util.JmxRegister (JmxRegister.java:tryRegister(44)) - Successfully registered JMX Bean with object name Ratis:service=RaftServer,group=group-F78B7583022A,id=s1
2023-10-31 16:05:57,026 [s1-impl-thread1] INFO  server.RaftServerConfigKeys (ConfUtils.java:logGet(46)) - raft.server.snapshot.trigger-when-stop.enabled = true (default)
2023-10-31 16:05:57,026 [s1-impl-thread1] INFO  server.RaftServerConfigKeys (ConfUtils.java:logGet(46)) - raft.server.snapshot.auto.trigger.enabled = false (default)
2023-10-31 16:05:57,026 [s1-impl-thread1] INFO  server.RaftServerConfigKeys (ConfUtils.java:logGet(46)) - raft.server.snapshot.retention.file.num = -1 (default)
2023-10-31 16:05:57,026 [s1-impl-thread1] INFO  server.RaftServerConfigKeys (ConfUtils.java:logGet(46)) - raft.server.log.purge.upto.snapshot.index = false (default)
2023-10-31 16:05:57,028 [Time-limited test] INFO  server.RaftServer (RaftServerProxy.java:startImpl(406)) - s1: start RPC server
2023-10-31 16:05:57,030 [s2-impl-thread1] INFO  server.RaftServerConfigKeys (ConfUtils.java:logGet(46)) - raft.server.storage.free-space.min = 0MB (=0) (default)
2023-10-31 16:05:57,030 [s1@group-F78B7583022A-FollowerState] INFO  server.RaftServerConfigKeys (ConfUtils.java:logFallback(53)) - raft.server.rpc.first-election.timeout.min = 150ms (fallback to raft.server.rpc.timeout.min)
2023-10-31 16:05:57,030 [JvmPauseMonitor1] INFO  util.JvmPauseMonitor (JvmPauseMonitor.java:run(146)) - JvmPauseMonitor-s1: Started
2023-10-31 16:05:57,031 [s2-impl-thread1] INFO  server.RaftServerConfigKeys (ConfUtils.java:logGet(46)) - raft.server.log.corruption.policy = EXCEPTION (default)
2023-10-31 16:05:57,031 [s2-impl-thread1] INFO  server.RaftServerConfigKeys (ConfUtils.java:logGet(46)) - raft.server.storage.dir = [/home/runner/work/ratis/ratis/ratis-test/target/test/data/3084f93d/MiniRaftClusterWithSimulatedRpce237fa44/s2] (custom)
2023-10-31 16:05:57,031 [s2-impl-thread1] INFO  storage.RaftStorageDirectory (RaftStorageDirectoryImpl.java:analyzeStorage(138)) - The storage directory /home/runner/work/ratis/ratis/ratis-test/target/test/data/3084f93d/MiniRaftClusterWithSimulatedRpce237fa44/s2/69750052-33aa-491b-b994-f78b7583022a does not exist. Creating ...
2023-10-31 16:05:57,031 [s2-impl-thread1] TRACE util.FileUtils (LogUtils.java:runAndLog(49)) - Successfully ran Files.createDirectories /home/runner/work/ratis/ratis/ratis-test/target/test/data/3084f93d/MiniRaftClusterWithSimulatedRpce237fa44/s2/69750052-33aa-491b-b994-f78b7583022a
2023-10-31 16:05:57,030 [s1@group-F78B7583022A-FollowerState] INFO  server.RaftServerConfigKeys (ConfUtils.java:logFallback(53)) - raft.server.rpc.first-election.timeout.max = 300ms (fallback to raft.server.rpc.timeout.max)
2023-10-31 16:05:57,033 [s2-impl-thread1] INFO  storage.RaftStorageDirectory (RaftStorageDirectoryImpl.java:tryLock(232)) - Lock on /home/runner/work/ratis/ratis/ratis-test/target/test/data/3084f93d/MiniRaftClusterWithSimulatedRpce237fa44/s2/69750052-33aa-491b-b994-f78b7583022a/in_use.lock acquired by nodename 3366@fv-az462-937
2023-10-31 16:05:57,033 [s2-impl-thread1] TRACE util.FileUtils (LogUtils.java:runAndLog(49)) - Successfully ran Files.createDirectories /home/runner/work/ratis/ratis/ratis-test/target/test/data/3084f93d/MiniRaftClusterWithSimulatedRpce237fa44/s2/69750052-33aa-491b-b994-f78b7583022a/current
2023-10-31 16:05:57,033 [s2-impl-thread1] TRACE util.FileUtils (LogUtils.java:runAndLog(49)) - Successfully ran Files.createDirectories /home/runner/work/ratis/ratis/ratis-test/target/test/data/3084f93d/MiniRaftClusterWithSimulatedRpce237fa44/s2/69750052-33aa-491b-b994-f78b7583022a/sm
2023-10-31 16:05:57,033 [s2-impl-thread1] TRACE util.FileUtils (LogUtils.java:supplyAndLog(69)) - Successfully supplied FileChannel.open /home/runner/work/ratis/ratis/ratis-test/target/test/data/3084f93d/MiniRaftClusterWithSimulatedRpce237fa44/s2/69750052-33aa-491b-b994-f78b7583022a/current/raft-meta.tmp with options [CREATE, WRITE]: sun.nio.ch.FileChannelImpl@4b2b5bc3
2023-10-31 16:05:57,035 [s2-impl-thread1] TRACE util.FileUtils (LogUtils.java:runAndLog(49)) - Successfully ran Atomic Files.move /home/runner/work/ratis/ratis/ratis-test/target/test/data/3084f93d/MiniRaftClusterWithSimulatedRpce237fa44/s2/69750052-33aa-491b-b994-f78b7583022a/current/raft-meta.tmp to /home/runner/work/ratis/ratis/ratis-test/target/test/data/3084f93d/MiniRaftClusterWithSimulatedRpce237fa44/s2/69750052-33aa-491b-b994-f78b7583022a/current/raft-meta with options [REPLACE_EXISTING]
2023-10-31 16:05:57,035 [s2-impl-thread1] INFO  storage.RaftStorage (RaftStorageImpl.java:format(97)) - Storage directory /home/runner/work/ratis/ratis/ratis-test/target/test/data/3084f93d/MiniRaftClusterWithSimulatedRpce237fa44/s2/69750052-33aa-491b-b994-f78b7583022a has been successfully formatted.
2023-10-31 16:05:57,035 [s2-impl-thread1] INFO  impl.SimpleStateMachine4Testing (SimpleStateMachine4Testing.java:initialize(213)) - Initializing SimpleStateMachine4Testing:uninitialized
2023-10-31 16:05:57,036 [s2-impl-thread1] INFO  impl.SimpleStateMachine4Testing (SimpleStateMachine4Testing.java:loadSnapshot(296)) - Loading snapshot null
2023-10-31 16:05:57,036 [s2-impl-thread1] INFO  server.RaftServerConfigKeys (ConfUtils.java:logGet(46)) - raft.server.log.use.memory = false (default)
2023-10-31 16:05:57,036 [s2-impl-thread1] INFO  server.RaftServerConfigKeys (ConfUtils.java:logGet(46)) - raft.server.log.purge.gap = 1024 (default)
2023-10-31 16:05:57,036 [s2-impl-thread1] INFO  server.RaftServerConfigKeys (ConfUtils.java:logGet(46)) - raft.server.log.appender.buffer.byte-limit = 4MB (=4194304) (default)
2023-10-31 16:05:57,036 [s2-impl-thread1] INFO  server.RaftServerConfigKeys (ConfUtils.java:logGet(46)) - raft.server.log.statemachine.data.read.timeout = 1000ms (default)
2023-10-31 16:05:57,036 [s2-impl-thread1] INFO  server.RaftServerConfigKeys (ConfUtils.java:logGet(46)) - raft.server.log.purge.preservation.log.num = 0 (default)
2023-10-31 16:05:57,038 [s2-impl-thread1] INFO  server.RaftServerConfigKeys (ConfUtils.java:logGet(46)) - raft.server.log.segment.size.max = 8KB (=8192) (custom)
2023-10-31 16:05:57,038 [s2-impl-thread1] INFO  server.RaftServerConfigKeys (ConfUtils.java:logGet(46)) - raft.server.log.segment.cache.num.max = 6 (default)
2023-10-31 16:05:57,038 [s2-impl-thread1] INFO  server.RaftServerConfigKeys (ConfUtils.java:logGet(46)) - raft.server.log.segment.cache.size.max = 200MB (=209715200) (default)
2023-10-31 16:05:57,039 [s2-impl-thread1] INFO  server.RaftServerConfigKeys (ConfUtils.java:logGet(46)) - raft.server.log.appender.buffer.byte-limit = 4MB (=4194304) (default)
2023-10-31 16:05:57,041 [s2-impl-thread1] INFO  util.AwaitToRun (AwaitToRun.java:start(81)) - Thread[s2@group-F78B7583022A-cacheEviction-AwaitToRun,5,main] started
2023-10-31 16:05:57,041 [s2-impl-thread1] INFO  segmented.SegmentedRaftLogWorker (SegmentedRaftLogWorker.java:<init>(184)) - new s2@group-F78B7583022A-SegmentedRaftLogWorker for RaftStorageImpl:Storage Directory /home/runner/work/ratis/ratis/ratis-test/target/test/data/3084f93d/MiniRaftClusterWithSimulatedRpce237fa44/s2/69750052-33aa-491b-b994-f78b7583022a
2023-10-31 16:05:57,042 [s2-impl-thread1] INFO  server.RaftServerConfigKeys (ConfUtils.java:logGet(46)) - raft.server.log.queue.byte-limit = 64MB (=67108864) (default)
2023-10-31 16:05:57,042 [s2-impl-thread1] INFO  server.RaftServerConfigKeys (ConfUtils.java:logGet(46)) - raft.server.log.queue.element-limit = 4096 (default)
2023-10-31 16:05:57,042 [s2-impl-thread1] INFO  server.RaftServerConfigKeys (ConfUtils.java:logGet(46)) - raft.server.log.segment.size.max = 8KB (=8192) (custom)
2023-10-31 16:05:57,042 [s2-impl-thread1] INFO  server.RaftServerConfigKeys (ConfUtils.java:logGet(46)) - raft.server.log.preallocated.size = 4MB (=4194304) (default)
2023-10-31 16:05:57,043 [s2-impl-thread1] INFO  server.RaftServerConfigKeys (ConfUtils.java:logGet(46)) - raft.server.log.force.sync.num = 128 (default)
2023-10-31 16:05:57,043 [s2-impl-thread1] INFO  server.RaftServerConfigKeys (ConfUtils.java:logGet(46)) - raft.server.log.statemachine.data.sync = true (default)
2023-10-31 16:05:57,043 [s2-impl-thread1] INFO  server.RaftServerConfigKeys (ConfUtils.java:logGet(46)) - raft.server.log.statemachine.data.sync.timeout = 10s (default)
2023-10-31 16:05:57,043 [s2-impl-thread1] INFO  server.RaftServerConfigKeys (ConfUtils.java:logGet(46)) - raft.server.log.statemachine.data.sync.timeout.retry = -1 (default)
2023-10-31 16:05:57,043 [s2-impl-thread1] INFO  server.RaftServerConfigKeys (ConfUtils.java:logGet(46)) - raft.server.log.write.buffer.size = 64KB (=65536) (default)
2023-10-31 16:05:57,043 [s2-impl-thread1] INFO  server.RaftServerConfigKeys (ConfUtils.java:logGet(46)) - raft.server.log.appender.buffer.byte-limit = 4MB (=4194304) (default)
2023-10-31 16:05:57,045 [s2-impl-thread1] INFO  server.RaftServerConfigKeys (ConfUtils.java:logGet(46)) - raft.server.log.unsafe-flush.enabled = false (default)
2023-10-31 16:05:57,045 [s2-impl-thread1] INFO  server.RaftServerConfigKeys (ConfUtils.java:logGet(46)) - raft.server.log.async-flush.enabled = false (default)
2023-10-31 16:05:57,045 [s2-impl-thread1] INFO  server.RaftServerConfigKeys (ConfUtils.java:logGet(46)) - raft.server.log.statemachine.data.caching.enabled = false (default)
2023-10-31 16:05:57,045 [s2-impl-thread1] INFO  segmented.SegmentedRaftLogWorker (SegmentedRaftLogWorker.java:lambda$new$0(135)) - s2@group-F78B7583022A-SegmentedRaftLogWorker: flushIndex: setUnconditionally 0 -> -1
2023-10-31 16:05:57,045 [s2-impl-thread1] INFO  segmented.SegmentedRaftLogWorker (SegmentedRaftLogWorker.java:lambda$new$0(135)) - s2@group-F78B7583022A-SegmentedRaftLogWorker: safeCacheEvictIndex: setUnconditionally 0 -> -1
2023-10-31 16:05:57,050 [s2-impl-thread1] INFO  server.RaftServer$Division (RaftServerImpl.java:start(390)) - s2@group-F78B7583022A: start as a follower, conf=-1: peers:[s0|localhost:46719, s1|localhost:38495, s2|localhost:42573]|listeners:[], old=null
2023-10-31 16:05:57,050 [s2-impl-thread1] INFO  server.RaftServer$Division (RaftServerImpl.java:setRole(377)) - s2@group-F78B7583022A: changes role from      null to FOLLOWER at term 0 for startAsFollower
2023-10-31 16:05:57,050 [s2-impl-thread1] INFO  impl.RoleInfo (RoleInfo.java:updateAndGet(138)) - s2: start s2@group-F78B7583022A-FollowerState
2023-10-31 16:05:57,051 [s2-impl-thread1] INFO  util.JmxRegister (JmxRegister.java:tryRegister(44)) - Successfully registered JMX Bean with object name Ratis:service=RaftServer,group=group-F78B7583022A,id=s2
2023-10-31 16:05:57,051 [s2-impl-thread1] INFO  server.RaftServerConfigKeys (ConfUtils.java:logGet(46)) - raft.server.snapshot.trigger-when-stop.enabled = true (default)
2023-10-31 16:05:57,051 [s2-impl-thread1] INFO  server.RaftServerConfigKeys (ConfUtils.java:logGet(46)) - raft.server.snapshot.auto.trigger.enabled = false (default)
2023-10-31 16:05:57,051 [s2-impl-thread1] INFO  server.RaftServerConfigKeys (ConfUtils.java:logGet(46)) - raft.server.snapshot.retention.file.num = -1 (default)
2023-10-31 16:05:57,051 [s2-impl-thread1] INFO  server.RaftServerConfigKeys (ConfUtils.java:logGet(46)) - raft.server.log.purge.upto.snapshot.index = false (default)
2023-10-31 16:05:57,052 [s2@group-F78B7583022A-FollowerState] INFO  server.RaftServerConfigKeys (ConfUtils.java:logFallback(53)) - raft.server.rpc.first-election.timeout.min = 150ms (fallback to raft.server.rpc.timeout.min)
2023-10-31 16:05:57,053 [s2@group-F78B7583022A-FollowerState] INFO  server.RaftServerConfigKeys (ConfUtils.java:logFallback(53)) - raft.server.rpc.first-election.timeout.max = 300ms (fallback to raft.server.rpc.timeout.max)
2023-10-31 16:05:57,053 [Time-limited test] INFO  server.RaftServer (RaftServerProxy.java:startImpl(406)) - s2: start RPC server
2023-10-31 16:05:57,055 [JvmPauseMonitor2] INFO  util.JvmPauseMonitor (JvmPauseMonitor.java:run(146)) - JvmPauseMonitor-s2: Started
2023-10-31 16:05:57,058 [Time-limited test] INFO  server.RaftServerConfigKeys (ConfUtils.java:logGet(46)) - raft.server.rpc.timeout.max = 300ms (default)
2023-10-31 16:05:57,063 [Time-limited test] INFO  ratis.RaftTestUtil (RaftTestUtil.java:waitForLeader(100)) - printing ALL groups
  s0:  RUNNING  FOLLOWER s0@group-F78B7583022A:t0, leader=null, voted=, raftlog=Memoized:s0@group-F78B7583022A-SegmentedRaftLog:OPENED:c-1, conf=-1: peers:[s0|localhost:46719, s1|localhost:38495, s2|localhost:42573]|listeners:[], old=null RUNNING
  s1:  RUNNING  FOLLOWER s1@group-F78B7583022A:t0, leader=null, voted=, raftlog=Memoized:s1@group-F78B7583022A-SegmentedRaftLog:OPENED:c-1, conf=-1: peers:[s0|localhost:46719, s1|localhost:38495, s2|localhost:42573]|listeners:[], old=null RUNNING
  s2:  RUNNING  FOLLOWER s2@group-F78B7583022A:t0, leader=null, voted=, raftlog=Memoized:s2@group-F78B7583022A-SegmentedRaftLog:OPENED:c-1, conf=-1: peers:[s0|localhost:46719, s1|localhost:38495, s2|localhost:42573]|listeners:[], old=null RUNNING
2023-10-31 16:05:57,067 [Time-limited test] WARN  ratis.RaftTestUtil (JavaUtils.java:attempt(223)) - FAILED "waitForLeader-null-(expectLeader? true)", attempt #1/100: java.lang.IllegalStateException: No leader yet : printing ALL groups
  s0:  RUNNING  FOLLOWER s0@group-F78B7583022A:t0, leader=null, voted=, raftlog=Memoized:s0@group-F78B7583022A-SegmentedRaftLog:OPENED:c-1, conf=-1: peers:[s0|localhost:46719, s1|localhost:38495, s2|localhost:42573]|listeners:[], old=null RUNNING
  s1:  RUNNING  FOLLOWER s1@group-F78B7583022A:t0, leader=null, voted=, raftlog=Memoized:s1@group-F78B7583022A-SegmentedRaftLog:OPENED:c-1, conf=-1: peers:[s0|localhost:46719, s1|localhost:38495, s2|localhost:42573]|listeners:[], old=null RUNNING
  s2:  RUNNING  FOLLOWER s2@group-F78B7583022A:t0, leader=null, voted=, raftlog=Memoized:s2@group-F78B7583022A-SegmentedRaftLog:OPENED:c-1, conf=-1: peers:[s0|localhost:46719, s1|localhost:38495, s2|localhost:42573]|listeners:[], old=null RUNNING, sleep 450ms and then retry.
java.lang.IllegalStateException: No leader yet : printing ALL groups
  s0:  RUNNING  FOLLOWER s0@group-F78B7583022A:t0, leader=null, voted=, raftlog=Memoized:s0@group-F78B7583022A-SegmentedRaftLog:OPENED:c-1, conf=-1: peers:[s0|localhost:46719, s1|localhost:38495, s2|localhost:42573]|listeners:[], old=null RUNNING
  s1:  RUNNING  FOLLOWER s1@group-F78B7583022A:t0, leader=null, voted=, raftlog=Memoized:s1@group-F78B7583022A-SegmentedRaftLog:OPENED:c-1, conf=-1: peers:[s0|localhost:46719, s1|localhost:38495, s2|localhost:42573]|listeners:[], old=null RUNNING
  s2:  RUNNING  FOLLOWER s2@group-F78B7583022A:t0, leader=null, voted=, raftlog=Memoized:s2@group-F78B7583022A-SegmentedRaftLog:OPENED:c-1, conf=-1: peers:[s0|localhost:46719, s1|localhost:38495, s2|localhost:42573]|listeners:[], old=null RUNNING
	at org.apache.ratis.server.impl.MiniRaftCluster.newIllegalStateExceptionForNoLeaders(MiniRaftCluster.java:581)
	at org.apache.ratis.RaftTestUtil.lambda$waitForLeader$1(RaftTestUtil.java:104)
	at org.apache.ratis.server.impl.MiniRaftCluster.getLeader(MiniRaftCluster.java:615)
	at org.apache.ratis.server.impl.MiniRaftCluster.getLeader(MiniRaftCluster.java:608)
	at org.apache.ratis.RaftTestUtil.lambda$waitForLeader$3(RaftTestUtil.java:112)
	at org.apache.ratis.util.JavaUtils.attempt(JavaUtils.java:217)
	at org.apache.ratis.util.JavaUtils.attemptRepeatedly(JavaUtils.java:203)
	at org.apache.ratis.RaftTestUtil.waitForLeader(RaftTestUtil.java:111)
	at org.apache.ratis.RaftTestUtil.waitForLeader(RaftTestUtil.java:92)
	at org.apache.ratis.RaftTestUtil.waitForLeader(RaftTestUtil.java:87)
	at org.apache.ratis.server.ServerRestartTests.runTestRestartWithCorruptedLogHeader(ServerRestartTests.java:196)
	at org.apache.ratis.server.impl.MiniRaftCluster$Factory$Get.runWithNewCluster(MiniRaftCluster.java:141)
	at org.apache.ratis.server.impl.MiniRaftCluster$Factory$Get.runWithNewCluster(MiniRaftCluster.java:121)
	at org.apache.ratis.server.ServerRestartTests.testRestartWithCorruptedLogHeader(ServerRestartTests.java:192)
	at java.base/jdk.internal.reflect.NativeMethodAccessorImpl.invoke0(Native Method)
	at java.base/jdk.internal.reflect.NativeMethodAccessorImpl.invoke(NativeMethodAccessorImpl.java:62)
	at java.base/jdk.internal.reflect.DelegatingMethodAccessorImpl.invoke(DelegatingMethodAccessorImpl.java:43)
	at java.base/java.lang.reflect.Method.invoke(Method.java:566)
	at org.junit.runners.model.FrameworkMethod$1.runReflectiveCall(FrameworkMethod.java:59)
	at org.junit.internal.runners.model.ReflectiveCallable.run(ReflectiveCallable.java:12)
	at org.junit.runners.model.FrameworkMethod.invokeExplosively(FrameworkMethod.java:56)
	at org.junit.internal.runners.statements.InvokeMethod.evaluate(InvokeMethod.java:17)
	at org.junit.internal.runners.statements.RunAfters.evaluate(RunAfters.java:27)
	at org.junit.internal.runners.statements.FailOnTimeout$CallableStatement.call(FailOnTimeout.java:299)
	at org.junit.internal.runners.statements.FailOnTimeout$CallableStatement.call(FailOnTimeout.java:293)
	at java.base/java.util.concurrent.FutureTask.run(FutureTask.java:264)
	at java.base/java.lang.Thread.run(Thread.java:829)
2023-10-31 16:05:57,211 [s0@group-F78B7583022A-FollowerState] INFO  impl.FollowerState (FollowerState.java:run(143)) - s0@group-F78B7583022A-FollowerState: change to CANDIDATE, lastRpcElapsedTime:247732737ns, electionTimeout:227ms
2023-10-31 16:05:57,211 [s0@group-F78B7583022A-FollowerState] INFO  impl.RoleInfo (RoleInfo.java:shutdownFollowerState(109)) - s0: shutdown s0@group-F78B7583022A-FollowerState
2023-10-31 16:05:57,211 [s0@group-F78B7583022A-FollowerState] INFO  server.RaftServer$Division (RaftServerImpl.java:setRole(377)) - s0@group-F78B7583022A: changes role from  FOLLOWER to CANDIDATE at term 0 for changeToCandidate
2023-10-31 16:05:57,214 [s0@group-F78B7583022A-FollowerState] INFO  server.RaftServerConfigKeys (ConfUtils.java:logGet(46)) - raft.server.leaderelection.pre-vote = true (default)
2023-10-31 16:05:57,214 [s0@group-F78B7583022A-FollowerState] INFO  impl.RoleInfo (RoleInfo.java:updateAndGet(138)) - s0: start s0@group-F78B7583022A-LeaderElection1
2023-10-31 16:05:57,221 [s2@group-F78B7583022A-FollowerState] INFO  impl.FollowerState (FollowerState.java:run(143)) - s2@group-F78B7583022A-FollowerState: change to CANDIDATE, lastRpcElapsedTime:170434981ns, electionTimeout:168ms
2023-10-31 16:05:57,221 [s2@group-F78B7583022A-FollowerState] INFO  impl.RoleInfo (RoleInfo.java:shutdownFollowerState(109)) - s2: shutdown s2@group-F78B7583022A-FollowerState
2023-10-31 16:05:57,221 [s0@group-F78B7583022A-LeaderElection1] INFO  impl.LeaderElection (LeaderElection.java:askForVotes(323)) - s0@group-F78B7583022A-LeaderElection1 PRE_VOTE round 0: submit vote requests at term 0 for -1: peers:[s0|localhost:46719, s1|localhost:38495, s2|localhost:42573]|listeners:[], old=null
2023-10-31 16:05:57,221 [s2@group-F78B7583022A-FollowerState] INFO  server.RaftServer$Division (RaftServerImpl.java:setRole(377)) - s2@group-F78B7583022A: changes role from  FOLLOWER to CANDIDATE at term 0 for changeToCandidate
2023-10-31 16:05:57,222 [s2@group-F78B7583022A-FollowerState] INFO  server.RaftServerConfigKeys (ConfUtils.java:logGet(46)) - raft.server.leaderelection.pre-vote = true (default)
2023-10-31 16:05:57,222 [s2@group-F78B7583022A-FollowerState] INFO  impl.RoleInfo (RoleInfo.java:updateAndGet(138)) - s2: start s2@group-F78B7583022A-LeaderElection2
2023-10-31 16:05:57,226 [s2@group-F78B7583022A-LeaderElection2] INFO  impl.LeaderElection (LeaderElection.java:askForVotes(323)) - s2@group-F78B7583022A-LeaderElection2 PRE_VOTE round 0: submit vote requests at term 0 for -1: peers:[s0|localhost:46719, s1|localhost:38495, s2|localhost:42573]|listeners:[], old=null
2023-10-31 16:05:57,257 [s1@group-F78B7583022A-FollowerState] INFO  impl.FollowerState (FollowerState.java:run(143)) - s1@group-F78B7583022A-FollowerState: change to CANDIDATE, lastRpcElapsedTime:237612822ns, electionTimeout:206ms
2023-10-31 16:05:57,257 [s1@group-F78B7583022A-FollowerState] INFO  impl.RoleInfo (RoleInfo.java:shutdownFollowerState(109)) - s1: shutdown s1@group-F78B7583022A-FollowerState
2023-10-31 16:05:57,257 [s1@group-F78B7583022A-FollowerState] INFO  server.RaftServer$Division (RaftServerImpl.java:setRole(377)) - s1@group-F78B7583022A: changes role from  FOLLOWER to CANDIDATE at term 0 for changeToCandidate
2023-10-31 16:05:57,258 [s1@group-F78B7583022A-FollowerState] INFO  server.RaftServerConfigKeys (ConfUtils.java:logGet(46)) - raft.server.leaderelection.pre-vote = true (default)
2023-10-31 16:05:57,259 [s1@group-F78B7583022A-FollowerState] INFO  impl.RoleInfo (RoleInfo.java:updateAndGet(138)) - s1: start s1@group-F78B7583022A-LeaderElection3
2023-10-31 16:05:57,269 [HandlerDaemon-0] INFO  server.RaftServer$Division (RaftServerImpl.java:requestVote(1368)) - s1@group-F78B7583022A: receive requestVote(PRE_VOTE, s0, group-F78B7583022A, 0, (t:0, i:0))
2023-10-31 16:05:57,270 [s0@group-F78B7583022A-LeaderElection1] INFO  server.RaftServerConfigKeys (ConfUtils.java:logFallback(53)) - raft.server.rpc.first-election.timeout.min = 150ms (fallback to raft.server.rpc.timeout.min)
2023-10-31 16:05:57,270 [s0@group-F78B7583022A-LeaderElection1] INFO  server.RaftServerConfigKeys (ConfUtils.java:logFallback(53)) - raft.server.rpc.first-election.timeout.max = 300ms (fallback to raft.server.rpc.timeout.max)
2023-10-31 16:05:57,272 [HandlerDaemon-0] INFO  server.RaftServer$Division (RaftServerImpl.java:requestVote(1368)) - s2@group-F78B7583022A: receive requestVote(PRE_VOTE, s0, group-F78B7583022A, 0, (t:0, i:0))
2023-10-31 16:05:57,273 [HandlerDaemon-0] INFO  impl.VoteContext (VoteContext.java:log(49)) - s2@group-F78B7583022A-CANDIDATE: accept PRE_VOTE from s0: our priority 0 <= candidate's priority 0
2023-10-31 16:05:57,282 [s2@group-F78B7583022A-LeaderElection2] INFO  server.RaftServerConfigKeys (ConfUtils.java:logFallback(53)) - raft.server.rpc.first-election.timeout.min = 150ms (fallback to raft.server.rpc.timeout.min)
2023-10-31 16:05:57,282 [s2@group-F78B7583022A-LeaderElection2] INFO  server.RaftServerConfigKeys (ConfUtils.java:logFallback(53)) - raft.server.rpc.first-election.timeout.max = 300ms (fallback to raft.server.rpc.timeout.max)
2023-10-31 16:05:57,282 [s1@group-F78B7583022A-LeaderElection3] INFO  impl.LeaderElection (LeaderElection.java:askForVotes(323)) - s1@group-F78B7583022A-LeaderElection3 PRE_VOTE round 0: submit vote requests at term 0 for -1: peers:[s0|localhost:46719, s1|localhost:38495, s2|localhost:42573]|listeners:[], old=null
2023-10-31 16:05:57,284 [HandlerDaemon-0] INFO  server.RaftServer$Division (RaftServerImpl.java:requestVote(1401)) - s2@group-F78B7583022A replies to PRE_VOTE vote request: s0<-s2#0:OK-t0. Peer's state: s2@group-F78B7583022A:t0, leader=null, voted=, raftlog=Memoized:s2@group-F78B7583022A-SegmentedRaftLog:OPENED:c-1, conf=-1: peers:[s0|localhost:46719, s1|localhost:38495, s2|localhost:42573]|listeners:[], old=null
2023-10-31 16:05:57,286 [HandlerDaemon-1] INFO  server.RaftServer$Division (RaftServerImpl.java:requestVote(1368)) - s0@group-F78B7583022A: receive requestVote(PRE_VOTE, s2, group-F78B7583022A, 0, (t:0, i:0))
2023-10-31 16:05:57,286 [HandlerDaemon-1] INFO  impl.VoteContext (VoteContext.java:log(49)) - s0@group-F78B7583022A-CANDIDATE: accept PRE_VOTE from s2: our priority 0 <= candidate's priority 0
2023-10-31 16:05:57,286 [HandlerDaemon-1] INFO  server.RaftServer$Division (RaftServerImpl.java:requestVote(1401)) - s0@group-F78B7583022A replies to PRE_VOTE vote request: s2<-s0#0:OK-t0. Peer's state: s0@group-F78B7583022A:t0, leader=null, voted=, raftlog=Memoized:s0@group-F78B7583022A-SegmentedRaftLog:OPENED:c-1, conf=-1: peers:[s0|localhost:46719, s1|localhost:38495, s2|localhost:42573]|listeners:[], old=null
2023-10-31 16:05:57,287 [HandlerDaemon-0] INFO  server.RaftServer$Division (RaftServerImpl.java:requestVote(1368)) - s0@group-F78B7583022A: receive requestVote(PRE_VOTE, s1, group-F78B7583022A, 0, (t:0, i:0))
2023-10-31 16:05:57,287 [HandlerDaemon-0] INFO  impl.VoteContext (VoteContext.java:log(49)) - s0@group-F78B7583022A-CANDIDATE: accept PRE_VOTE from s1: our priority 0 <= candidate's priority 0
2023-10-31 16:05:57,287 [HandlerDaemon-0] INFO  server.RaftServer$Division (RaftServerImpl.java:requestVote(1401)) - s0@group-F78B7583022A replies to PRE_VOTE vote request: s1<-s0#0:OK-t0. Peer's state: s0@group-F78B7583022A:t0, leader=null, voted=, raftlog=Memoized:s0@group-F78B7583022A-SegmentedRaftLog:OPENED:c-1, conf=-1: peers:[s0|localhost:46719, s1|localhost:38495, s2|localhost:42573]|listeners:[], old=null
2023-10-31 16:05:57,289 [s1@group-F78B7583022A-LeaderElection3] INFO  server.RaftServerConfigKeys (ConfUtils.java:logFallback(53)) - raft.server.rpc.first-election.timeout.min = 150ms (fallback to raft.server.rpc.timeout.min)
2023-10-31 16:05:57,289 [s1@group-F78B7583022A-LeaderElection3] INFO  server.RaftServerConfigKeys (ConfUtils.java:logFallback(53)) - raft.server.rpc.first-election.timeout.max = 300ms (fallback to raft.server.rpc.timeout.max)
2023-10-31 16:05:57,282 [HandlerDaemon-0] INFO  impl.VoteContext (VoteContext.java:log(49)) - s1@group-F78B7583022A-CANDIDATE: accept PRE_VOTE from s0: our priority 0 <= candidate's priority 0
2023-10-31 16:05:57,290 [HandlerDaemon-0] INFO  server.RaftServer$Division (RaftServerImpl.java:requestVote(1401)) - s1@group-F78B7583022A replies to PRE_VOTE vote request: s0<-s1#0:OK-t0. Peer's state: s1@group-F78B7583022A:t0, leader=null, voted=, raftlog=Memoized:s1@group-F78B7583022A-SegmentedRaftLog:OPENED:c-1, conf=-1: peers:[s0|localhost:46719, s1|localhost:38495, s2|localhost:42573]|listeners:[], old=null
2023-10-31 16:05:57,290 [HandlerDaemon-1] INFO  server.RaftServer$Division (RaftServerImpl.java:requestVote(1368)) - s1@group-F78B7583022A: receive requestVote(PRE_VOTE, s2, group-F78B7583022A, 0, (t:0, i:0))
2023-10-31 16:05:57,290 [HandlerDaemon-1] INFO  server.RaftServer$Division (RaftServerImpl.java:requestVote(1368)) - s2@group-F78B7583022A: receive requestVote(PRE_VOTE, s1, group-F78B7583022A, 0, (t:0, i:0))
2023-10-31 16:05:57,290 [HandlerDaemon-1] INFO  impl.VoteContext (VoteContext.java:log(49)) - s1@group-F78B7583022A-CANDIDATE: accept PRE_VOTE from s2: our priority 0 <= candidate's priority 0
2023-10-31 16:05:57,290 [HandlerDaemon-1] INFO  impl.VoteContext (VoteContext.java:log(49)) - s2@group-F78B7583022A-CANDIDATE: accept PRE_VOTE from s1: our priority 0 <= candidate's priority 0
2023-10-31 16:05:57,291 [HandlerDaemon-1] INFO  server.RaftServer$Division (RaftServerImpl.java:requestVote(1401)) - s2@group-F78B7583022A replies to PRE_VOTE vote request: s1<-s2#0:OK-t0. Peer's state: s2@group-F78B7583022A:t0, leader=null, voted=, raftlog=Memoized:s2@group-F78B7583022A-SegmentedRaftLog:OPENED:c-1, conf=-1: peers:[s0|localhost:46719, s1|localhost:38495, s2|localhost:42573]|listeners:[], old=null
2023-10-31 16:05:57,291 [HandlerDaemon-1] INFO  server.RaftServer$Division (RaftServerImpl.java:requestVote(1401)) - s1@group-F78B7583022A replies to PRE_VOTE vote request: s2<-s1#0:OK-t0. Peer's state: s1@group-F78B7583022A:t0, leader=null, voted=, raftlog=Memoized:s1@group-F78B7583022A-SegmentedRaftLog:OPENED:c-1, conf=-1: peers:[s0|localhost:46719, s1|localhost:38495, s2|localhost:42573]|listeners:[], old=null
2023-10-31 16:05:57,295 [s0@group-F78B7583022A-LeaderElection1] INFO  impl.LeaderElection (LeaderElection.java:logAndReturn(89)) - s0@group-F78B7583022A-LeaderElection1: PRE_VOTE PASSED received 1 response(s) and 0 exception(s):
2023-10-31 16:05:57,295 [s0@group-F78B7583022A-LeaderElection1] INFO  impl.LeaderElection (LeaderElection.java:logAndReturn(93)) -   Response 0: s0<-s2#0:OK-t0
2023-10-31 16:05:57,295 [s0@group-F78B7583022A-LeaderElection1] INFO  impl.LeaderElection (LeaderElection.java:askForVotes(325)) - s0@group-F78B7583022A-LeaderElection1 PRE_VOTE round 0: result PASSED
2023-10-31 16:05:57,296 [s0@group-F78B7583022A-LeaderElection1] TRACE util.FileUtils (LogUtils.java:supplyAndLog(69)) - Successfully supplied FileChannel.open /home/runner/work/ratis/ratis/ratis-test/target/test/data/3084f93d/MiniRaftClusterWithSimulatedRpce237fa44/s0/69750052-33aa-491b-b994-f78b7583022a/current/raft-meta.tmp with options [CREATE, WRITE]: sun.nio.ch.FileChannelImpl@39150f4d
2023-10-31 16:05:57,297 [s0@group-F78B7583022A-LeaderElection1] TRACE util.FileUtils (LogUtils.java:runAndLog(49)) - Successfully ran Atomic Files.move /home/runner/work/ratis/ratis/ratis-test/target/test/data/3084f93d/MiniRaftClusterWithSimulatedRpce237fa44/s0/69750052-33aa-491b-b994-f78b7583022a/current/raft-meta.tmp to /home/runner/work/ratis/ratis/ratis-test/target/test/data/3084f93d/MiniRaftClusterWithSimulatedRpce237fa44/s0/69750052-33aa-491b-b994-f78b7583022a/current/raft-meta with options [REPLACE_EXISTING]
2023-10-31 16:05:57,297 [s0@group-F78B7583022A-LeaderElection1] INFO  impl.LeaderElection (LeaderElection.java:askForVotes(323)) - s0@group-F78B7583022A-LeaderElection1 ELECTION round 0: submit vote requests at term 1 for -1: peers:[s0|localhost:46719, s1|localhost:38495, s2|localhost:42573]|listeners:[], old=null
2023-10-31 16:05:57,298 [HandlerDaemon-2] INFO  server.RaftServer$Division (RaftServerImpl.java:requestVote(1368)) - s1@group-F78B7583022A: receive requestVote(ELECTION, s0, group-F78B7583022A, 1, (t:0, i:0))
2023-10-31 16:05:57,301 [s0@group-F78B7583022A-LeaderElection1] INFO  server.RaftServerConfigKeys (ConfUtils.java:logFallback(53)) - raft.server.rpc.first-election.timeout.min = 150ms (fallback to raft.server.rpc.timeout.min)
2023-10-31 16:05:57,302 [s1@group-F78B7583022A-LeaderElection3] INFO  impl.LeaderElection (LeaderElection.java:logAndReturn(89)) - s1@group-F78B7583022A-LeaderElection3: PRE_VOTE PASSED received 1 response(s) and 0 exception(s):
2023-10-31 16:05:57,302 [s0@group-F78B7583022A-LeaderElection1] INFO  server.RaftServerConfigKeys (ConfUtils.java:logFallback(53)) - raft.server.rpc.first-election.timeout.max = 300ms (fallback to raft.server.rpc.timeout.max)
2023-10-31 16:05:57,302 [HandlerDaemon-2] INFO  impl.VoteContext (VoteContext.java:log(49)) - s1@group-F78B7583022A-CANDIDATE: accept ELECTION from s0: our priority 0 <= candidate's priority 0
2023-10-31 16:05:57,305 [s2@group-F78B7583022A-LeaderElection2] INFO  impl.LeaderElection (LeaderElection.java:logAndReturn(89)) - s2@group-F78B7583022A-LeaderElection2: PRE_VOTE PASSED received 1 response(s) and 0 exception(s):
2023-10-31 16:05:57,305 [s2@group-F78B7583022A-LeaderElection2] INFO  impl.LeaderElection (LeaderElection.java:logAndReturn(93)) -   Response 0: s2<-s0#0:OK-t0
2023-10-31 16:05:57,305 [s2@group-F78B7583022A-LeaderElection2] INFO  impl.LeaderElection (LeaderElection.java:askForVotes(325)) - s2@group-F78B7583022A-LeaderElection2 PRE_VOTE round 0: result PASSED
2023-10-31 16:05:57,305 [s2@group-F78B7583022A-LeaderElection2] TRACE util.FileUtils (LogUtils.java:supplyAndLog(69)) - Successfully supplied FileChannel.open /home/runner/work/ratis/ratis/ratis-test/target/test/data/3084f93d/MiniRaftClusterWithSimulatedRpce237fa44/s2/69750052-33aa-491b-b994-f78b7583022a/current/raft-meta.tmp with options [CREATE, WRITE]: sun.nio.ch.FileChannelImpl@35f2b627
2023-10-31 16:05:57,302 [s1@group-F78B7583022A-LeaderElection3] INFO  impl.LeaderElection (LeaderElection.java:logAndReturn(93)) -   Response 0: s1<-s0#0:OK-t0
2023-10-31 16:05:57,306 [s1@group-F78B7583022A-LeaderElection3] INFO  impl.LeaderElection (LeaderElection.java:askForVotes(325)) - s1@group-F78B7583022A-LeaderElection3 PRE_VOTE round 0: result PASSED
2023-10-31 16:05:57,307 [HandlerDaemon-2] INFO  server.RaftServer$Division (RaftServerImpl.java:requestVote(1368)) - s2@group-F78B7583022A: receive requestVote(ELECTION, s0, group-F78B7583022A, 1, (t:0, i:0))
2023-10-31 16:05:57,307 [s2@group-F78B7583022A-LeaderElection2] TRACE util.FileUtils (LogUtils.java:runAndLog(49)) - Successfully ran Atomic Files.move /home/runner/work/ratis/ratis/ratis-test/target/test/data/3084f93d/MiniRaftClusterWithSimulatedRpce237fa44/s2/69750052-33aa-491b-b994-f78b7583022a/current/raft-meta.tmp to /home/runner/work/ratis/ratis/ratis-test/target/test/data/3084f93d/MiniRaftClusterWithSimulatedRpce237fa44/s2/69750052-33aa-491b-b994-f78b7583022a/current/raft-meta with options [REPLACE_EXISTING]
2023-10-31 16:05:57,307 [s2@group-F78B7583022A-LeaderElection2] INFO  impl.LeaderElection (LeaderElection.java:askForVotes(323)) - s2@group-F78B7583022A-LeaderElection2 ELECTION round 0: submit vote requests at term 1 for -1: peers:[s0|localhost:46719, s1|localhost:38495, s2|localhost:42573]|listeners:[], old=null
2023-10-31 16:05:57,308 [HandlerDaemon-2] INFO  impl.VoteContext (VoteContext.java:log(49)) - s2@group-F78B7583022A-CANDIDATE: reject ELECTION from s0: already has voted for s2 at current term 1
2023-10-31 16:05:57,308 [HandlerDaemon-2] INFO  server.RaftServer$Division (RaftServerImpl.java:requestVote(1401)) - s2@group-F78B7583022A replies to ELECTION vote request: s0<-s2#0:FAIL-t1. Peer's state: s2@group-F78B7583022A:t1, leader=null, voted=s2, raftlog=Memoized:s2@group-F78B7583022A-SegmentedRaftLog:OPENED:c-1, conf=-1: peers:[s0|localhost:46719, s1|localhost:38495, s2|localhost:42573]|listeners:[], old=null
2023-10-31 16:05:57,309 [HandlerDaemon-2] INFO  server.RaftServer$Division (RaftServerImpl.java:setRole(377)) - s1@group-F78B7583022A: changes role from CANDIDATE to FOLLOWER at term 1 for candidate:s0
2023-10-31 16:05:57,309 [HandlerDaemon-2] INFO  impl.RoleInfo (RoleInfo.java:shutdownLeaderElection(129)) - s1: shutdown s1@group-F78B7583022A-LeaderElection3
2023-10-31 16:05:57,309 [HandlerDaemon-2] INFO  impl.RoleInfo (RoleInfo.java:updateAndGet(138)) - s1: start s1@group-F78B7583022A-FollowerState
2023-10-31 16:05:57,314 [HandlerDaemon-2] INFO  server.RaftServer$Division (RaftServerImpl.java:setFirstElection(562)) - s1@group-F78B7583022A: set firstElectionSinceStartup to false for candidate:s0
2023-10-31 16:05:57,314 [HandlerDaemon-2] TRACE util.FileUtils (LogUtils.java:supplyAndLog(69)) - Successfully supplied FileChannel.open /home/runner/work/ratis/ratis/ratis-test/target/test/data/3084f93d/MiniRaftClusterWithSimulatedRpce237fa44/s1/69750052-33aa-491b-b994-f78b7583022a/current/raft-meta.tmp with options [CREATE, WRITE]: sun.nio.ch.FileChannelImpl@596886d8
2023-10-31 16:05:57,317 [HandlerDaemon-2] INFO  server.RaftServer$Division (RaftServerImpl.java:requestVote(1368)) - s0@group-F78B7583022A: receive requestVote(ELECTION, s2, group-F78B7583022A, 1, (t:0, i:0))
2023-10-31 16:05:57,317 [HandlerDaemon-2] INFO  impl.VoteContext (VoteContext.java:log(49)) - s0@group-F78B7583022A-CANDIDATE: reject ELECTION from s2: already has voted for s0 at current term 1
2023-10-31 16:05:57,317 [HandlerDaemon-2] INFO  server.RaftServer$Division (RaftServerImpl.java:requestVote(1401)) - s0@group-F78B7583022A replies to ELECTION vote request: s2<-s0#0:FAIL-t1. Peer's state: s0@group-F78B7583022A:t1, leader=null, voted=s0, raftlog=Memoized:s0@group-F78B7583022A-SegmentedRaftLog:OPENED:c-1, conf=-1: peers:[s0|localhost:46719, s1|localhost:38495, s2|localhost:42573]|listeners:[], old=null
2023-10-31 16:05:57,317 [s2@group-F78B7583022A-LeaderElection2] INFO  server.RaftServerConfigKeys (ConfUtils.java:logFallback(53)) - raft.server.rpc.first-election.timeout.min = 150ms (fallback to raft.server.rpc.timeout.min)
2023-10-31 16:05:57,317 [s2@group-F78B7583022A-LeaderElection2] INFO  server.RaftServerConfigKeys (ConfUtils.java:logFallback(53)) - raft.server.rpc.first-election.timeout.max = 300ms (fallback to raft.server.rpc.timeout.max)
2023-10-31 16:05:57,320 [HandlerDaemon-2] TRACE util.FileUtils (LogUtils.java:runAndLog(49)) - Successfully ran Atomic Files.move /home/runner/work/ratis/ratis/ratis-test/target/test/data/3084f93d/MiniRaftClusterWithSimulatedRpce237fa44/s1/69750052-33aa-491b-b994-f78b7583022a/current/raft-meta.tmp to /home/runner/work/ratis/ratis/ratis-test/target/test/data/3084f93d/MiniRaftClusterWithSimulatedRpce237fa44/s1/69750052-33aa-491b-b994-f78b7583022a/current/raft-meta with options [REPLACE_EXISTING]
2023-10-31 16:05:57,320 [HandlerDaemon-0] INFO  server.RaftServer$Division (RaftServerImpl.java:requestVote(1368)) - s1@group-F78B7583022A: receive requestVote(ELECTION, s2, group-F78B7583022A, 1, (t:0, i:0))
2023-10-31 16:05:57,322 [HandlerDaemon-2] INFO  server.RaftServer$Division (RaftServerImpl.java:requestVote(1401)) - s1@group-F78B7583022A replies to ELECTION vote request: s0<-s1#0:OK-t1. Peer's state: s1@group-F78B7583022A:t1, leader=null, voted=s0, raftlog=Memoized:s1@group-F78B7583022A-SegmentedRaftLog:OPENED:c-1, conf=-1: peers:[s0|localhost:46719, s1|localhost:38495, s2|localhost:42573]|listeners:[], old=null
2023-10-31 16:05:57,323 [HandlerDaemon-0] INFO  impl.VoteContext (VoteContext.java:log(49)) - s1@group-F78B7583022A-FOLLOWER: reject ELECTION from s2: already has voted for s0 at current term 1
2023-10-31 16:05:57,323 [HandlerDaemon-0] INFO  server.RaftServer$Division (RaftServerImpl.java:requestVote(1401)) - s1@group-F78B7583022A replies to ELECTION vote request: s2<-s1#0:FAIL-t1. Peer's state: s1@group-F78B7583022A:t1, leader=null, voted=s0, raftlog=Memoized:s1@group-F78B7583022A-SegmentedRaftLog:OPENED:c-1, conf=-1: peers:[s0|localhost:46719, s1|localhost:38495, s2|localhost:42573]|listeners:[], old=null
2023-10-31 16:05:57,337 [s2@group-F78B7583022A-LeaderElection2] INFO  impl.LeaderElection (LeaderElection.java:logAndReturn(89)) - s2@group-F78B7583022A-LeaderElection2: ELECTION REJECTED received 2 response(s) and 0 exception(s):
2023-10-31 16:05:57,337 [s2@group-F78B7583022A-LeaderElection2] INFO  impl.LeaderElection (LeaderElection.java:logAndReturn(93)) -   Response 0: s2<-s0#0:FAIL-t1
2023-10-31 16:05:57,337 [s2@group-F78B7583022A-LeaderElection2] INFO  impl.LeaderElection (LeaderElection.java:logAndReturn(93)) -   Response 1: s2<-s1#0:FAIL-t1
2023-10-31 16:05:57,337 [s2@group-F78B7583022A-LeaderElection2] INFO  impl.LeaderElection (LeaderElection.java:askForVotes(325)) - s2@group-F78B7583022A-LeaderElection2 ELECTION round 0: result REJECTED
2023-10-31 16:05:57,337 [s2@group-F78B7583022A-LeaderElection2] INFO  server.RaftServer$Division (RaftServerImpl.java:setRole(377)) - s2@group-F78B7583022A: changes role from CANDIDATE to FOLLOWER at term 1 for REJECTED
2023-10-31 16:05:57,338 [s2@group-F78B7583022A-LeaderElection2] INFO  impl.RoleInfo (RoleInfo.java:shutdownLeaderElection(129)) - s2: shutdown s2@group-F78B7583022A-LeaderElection2
2023-10-31 16:05:57,338 [s2@group-F78B7583022A-LeaderElection2] INFO  impl.RoleInfo (RoleInfo.java:updateAndGet(138)) - s2: start s2@group-F78B7583022A-FollowerState
2023-10-31 16:05:57,338 [s2@group-F78B7583022A-LeaderElection2] INFO  server.RaftServer$Division (RaftServerImpl.java:setFirstElection(562)) - s2@group-F78B7583022A: set firstElectionSinceStartup to false for REJECTED
2023-10-31 16:05:57,341 [s0@group-F78B7583022A-LeaderElection1] INFO  impl.LeaderElection (LeaderElection.java:logAndReturn(89)) - s0@group-F78B7583022A-LeaderElection1: ELECTION PASSED received 2 response(s) and 0 exception(s):
2023-10-31 16:05:57,342 [s0@group-F78B7583022A-LeaderElection1] INFO  impl.LeaderElection (LeaderElection.java:logAndReturn(93)) -   Response 0: s0<-s1#0:OK-t1
2023-10-31 16:05:57,342 [s0@group-F78B7583022A-LeaderElection1] INFO  impl.LeaderElection (LeaderElection.java:logAndReturn(93)) -   Response 1: s0<-s2#0:FAIL-t1
2023-10-31 16:05:57,342 [s0@group-F78B7583022A-LeaderElection1] INFO  impl.LeaderElection (LeaderElection.java:askForVotes(325)) - s0@group-F78B7583022A-LeaderElection1 ELECTION round 0: result PASSED
2023-10-31 16:05:57,342 [s0@group-F78B7583022A-LeaderElection1] INFO  impl.RoleInfo (RoleInfo.java:shutdownLeaderElection(129)) - s0: shutdown s0@group-F78B7583022A-LeaderElection1
2023-10-31 16:05:57,342 [s0@group-F78B7583022A-LeaderElection1] INFO  server.RaftServer$Division (RaftServerImpl.java:setRole(377)) - s0@group-F78B7583022A: changes role from CANDIDATE to LEADER at term 1 for changeToLeader
2023-10-31 16:05:57,345 [s0@group-F78B7583022A-LeaderElection1] INFO  server.RaftServerConfigKeys (ConfUtils.java:logGet(46)) - raft.server.staging.catchup.gap = 1000 (default)
2023-10-31 16:05:57,349 [s0@group-F78B7583022A-LeaderElection1] INFO  server.RaftServerConfigKeys (ConfUtils.java:logGet(46)) - raft.server.write.element-limit = 4096 (default)
2023-10-31 16:05:57,349 [s0@group-F78B7583022A-LeaderElection1] INFO  server.RaftServerConfigKeys (ConfUtils.java:logGet(46)) - raft.server.write.byte-limit = 64MB (=67108864) (default)
2023-10-31 16:05:57,352 [s0@group-F78B7583022A-LeaderElection1] INFO  server.RaftServerConfigKeys (ConfUtils.java:logGet(46)) - raft.server.watch.timeout = 10s (default)
2023-10-31 16:05:57,352 [s0@group-F78B7583022A-LeaderElection1] INFO  server.RaftServerConfigKeys (ConfUtils.java:logGet(46)) - raft.server.watch.timeout.denomination = 1s (default)
2023-10-31 16:05:57,352 [s0@group-F78B7583022A-LeaderElection1] INFO  server.RaftServerConfigKeys (ConfUtils.java:logGet(46)) - raft.server.watch.element-limit = 65536 (default)
2023-10-31 16:05:57,357 [s0@group-F78B7583022A-LeaderElection1] INFO  server.RaftServerConfigKeys (ConfUtils.java:logGet(46)) - raft.server.read.leader.lease.enabled = false (default)
2023-10-31 16:05:57,359 [s0@group-F78B7583022A-LeaderElection1] INFO  server.RaftServerConfigKeys (ConfUtils.java:logGet(46)) - raft.server.read.leader.lease.timeout.ratio = 0.9 (default)
2023-10-31 16:05:57,359 [s0@group-F78B7583022A-LeaderElection1] INFO  server.RaftServerConfigKeys (ConfUtils.java:logGet(46)) - raft.server.rpc.timeout.min = 150ms (default)
2023-10-31 16:05:57,359 [s0@group-F78B7583022A-LeaderElection1] INFO  server.RaftServerConfigKeys (ConfUtils.java:logGet(46)) - raft.server.write.element-limit = 4096 (default)
2023-10-31 16:05:57,360 [s0@group-F78B7583022A-LeaderElection1] INFO  server.RaftServerConfigKeys (ConfUtils.java:logGet(46)) - raft.server.write.follower.gap.ratio.max = -1.0 (default)
2023-10-31 16:05:57,366 [s0@group-F78B7583022A-LeaderElection1] INFO  server.RaftServerConfigKeys (ConfUtils.java:logGet(46)) - raft.server.log.appender.snapshot.chunk.size.max = 16MB (=16777216) (default)
2023-10-31 16:05:57,366 [s0@group-F78B7583022A-LeaderElection1] INFO  server.RaftServerConfigKeys (ConfUtils.java:logGet(46)) - raft.server.log.appender.buffer.byte-limit = 4MB (=4194304) (default)
2023-10-31 16:05:57,366 [s0@group-F78B7583022A-LeaderElection1] INFO  server.RaftServerConfigKeys (ConfUtils.java:logGet(46)) - raft.server.log.appender.buffer.element-limit = 0 (default)
2023-10-31 16:05:57,368 [s0@group-F78B7583022A-LeaderElection1] INFO  server.RaftServerConfigKeys (ConfUtils.java:logGet(46)) - raft.server.log.appender.wait-time.min = 1ms (default)
2023-10-31 16:05:57,369 [s0@group-F78B7583022A-LeaderElection1] INFO  server.RaftServerConfigKeys (ConfUtils.java:logGet(46)) - raft.server.log.appender.snapshot.chunk.size.max = 16MB (=16777216) (default)
2023-10-31 16:05:57,369 [s0@group-F78B7583022A-LeaderElection1] INFO  server.RaftServerConfigKeys (ConfUtils.java:logGet(46)) - raft.server.log.appender.buffer.byte-limit = 4MB (=4194304) (default)
2023-10-31 16:05:57,369 [s0@group-F78B7583022A-LeaderElection1] INFO  server.RaftServerConfigKeys (ConfUtils.java:logGet(46)) - raft.server.log.appender.buffer.element-limit = 0 (default)
2023-10-31 16:05:57,369 [s0@group-F78B7583022A-LeaderElection1] INFO  server.RaftServerConfigKeys (ConfUtils.java:logGet(46)) - raft.server.log.appender.wait-time.min = 1ms (default)
2023-10-31 16:05:57,370 [s0@group-F78B7583022A-LeaderElection1] INFO  impl.RoleInfo (RoleInfo.java:updateAndGet(138)) - s0: start s0@group-F78B7583022A-LeaderStateImpl
2023-10-31 16:05:57,370 [s0@group-F78B7583022A-LeaderElection1] INFO  server.RaftServer$Division (RaftServerImpl.java:setFirstElection(562)) - s0@group-F78B7583022A: set firstElectionSinceStartup to false for becomeLeader
2023-10-31 16:05:57,370 [s0@group-F78B7583022A-LeaderElection1] INFO  server.RaftServer$Division (ServerState.java:setLeader(265)) - s0@group-F78B7583022A: change Leader from null to s0 at term 1 for becomeLeader, leader elected after 700ms
2023-10-31 16:05:57,381 [s0@group-F78B7583022A-LeaderElection1] INFO  segmented.SegmentedRaftLogWorker (SegmentedRaftLogWorker.java:startLogSegment(428)) - s0@group-F78B7583022A-SegmentedRaftLogWorker: Starting segment from index:0
2023-10-31 16:05:57,402 [s0@group-F78B7583022A-LeaderElection1] INFO  server.RaftServer$Division (ServerState.java:setRaftConf(382)) - s0@group-F78B7583022A: set configuration 0: peers:[s0|localhost:46719, s1|localhost:38495, s2|localhost:42573]|listeners:[], old=null
2023-10-31 16:05:57,417 [HandlerDaemon-1] INFO  server.RaftServer$Division (ServerState.java:setLeader(265)) - s1@group-F78B7583022A: change Leader from null to s0 at term 1 for appendEntries, leader elected after 743ms
2023-10-31 16:05:57,418 [HandlerDaemon-0] INFO  server.RaftServer$Division (ServerState.java:setLeader(265)) - s2@group-F78B7583022A: change Leader from null to s0 at term 1 for appendEntries, leader elected after 749ms
2023-10-31 16:05:57,457 [HandlerDaemon-0] INFO  server.RaftServer$Division (ServerState.java:setRaftConf(382)) - s1@group-F78B7583022A: set configuration 0: peers:[s0|localhost:46719, s1|localhost:38495, s2|localhost:42573]|listeners:[], old=null
2023-10-31 16:05:57,459 [HandlerDaemon-0] DEBUG raftlog.RaftLog (SegmentedRaftLog.java:appendImpl(463)) - truncateIndex=-1, arrayIndex=0
2023-10-31 16:05:57,459 [HandlerDaemon-0] INFO  segmented.SegmentedRaftLogWorker (SegmentedRaftLogWorker.java:startLogSegment(428)) - s1@group-F78B7583022A-SegmentedRaftLogWorker: Starting segment from index:0
2023-10-31 16:05:57,461 [s0@group-F78B7583022A-SegmentedRaftLogWorker] INFO  segmented.SegmentedRaftLogWorker (SegmentedRaftLogWorker.java:execute(632)) - s0@group-F78B7583022A-SegmentedRaftLogWorker: created new log segment /home/runner/work/ratis/ratis/ratis-test/target/test/data/3084f93d/MiniRaftClusterWithSimulatedRpce237fa44/s0/69750052-33aa-491b-b994-f78b7583022a/current/log_inprogress_0
2023-10-31 16:05:57,461 [s1@group-F78B7583022A-SegmentedRaftLogWorker] INFO  segmented.SegmentedRaftLogWorker (SegmentedRaftLogWorker.java:execute(632)) - s1@group-F78B7583022A-SegmentedRaftLogWorker: created new log segment /home/runner/work/ratis/ratis/ratis-test/target/test/data/3084f93d/MiniRaftClusterWithSimulatedRpce237fa44/s1/69750052-33aa-491b-b994-f78b7583022a/current/log_inprogress_0
2023-10-31 16:05:57,461 [HandlerDaemon-1] INFO  server.RaftServer$Division (ServerState.java:setRaftConf(382)) - s2@group-F78B7583022A: set configuration 0: peers:[s0|localhost:46719, s1|localhost:38495, s2|localhost:42573]|listeners:[], old=null
2023-10-31 16:05:57,462 [HandlerDaemon-1] DEBUG raftlog.RaftLog (SegmentedRaftLog.java:appendImpl(463)) - truncateIndex=-1, arrayIndex=0
2023-10-31 16:05:57,462 [HandlerDaemon-1] INFO  segmented.SegmentedRaftLogWorker (SegmentedRaftLogWorker.java:startLogSegment(428)) - s2@group-F78B7583022A-SegmentedRaftLogWorker: Starting segment from index:0
2023-10-31 16:05:57,463 [s2@group-F78B7583022A-SegmentedRaftLogWorker] INFO  segmented.SegmentedRaftLogWorker (SegmentedRaftLogWorker.java:execute(632)) - s2@group-F78B7583022A-SegmentedRaftLogWorker: created new log segment /home/runner/work/ratis/ratis/ratis-test/target/test/data/3084f93d/MiniRaftClusterWithSimulatedRpce237fa44/s2/69750052-33aa-491b-b994-f78b7583022a/current/log_inprogress_0
2023-10-31 16:05:57,482 [s0@group-F78B7583022A-StateMachineUpdater] INFO  server.RaftServer$Division (LeaderStateImpl.java:isApplied(308)) - leader is ready since appliedIndex == 0 >= startIndex == 0
2023-10-31 16:05:57,523 [Time-limited test] INFO  ratis.RaftTestUtil (RaftTestUtil.java:waitForLeader(119)) - printing ALL groups
  s0:  RUNNING    LEADER s0@group-F78B7583022A:t1, leader=s0, voted=s0, raftlog=Memoized:s0@group-F78B7583022A-SegmentedRaftLog:OPENED:c0, conf=0: peers:[s0|localhost:46719, s1|localhost:38495, s2|localhost:42573]|listeners:[], old=null RUNNING
  s1:  RUNNING  FOLLOWER s1@group-F78B7583022A:t1, leader=s0, voted=s0, raftlog=Memoized:s1@group-F78B7583022A-SegmentedRaftLog:OPENED:c-1, conf=0: peers:[s0|localhost:46719, s1|localhost:38495, s2|localhost:42573]|listeners:[], old=null RUNNING
  s2:  RUNNING  FOLLOWER s2@group-F78B7583022A:t1, leader=s0, voted=s2, raftlog=Memoized:s2@group-F78B7583022A-SegmentedRaftLog:OPENED:c-1, conf=0: peers:[s0|localhost:46719, s1|localhost:38495, s2|localhost:42573]|listeners:[], old=null RUNNING
2023-10-31 16:05:57,526 [Time-limited test] INFO  server.RaftServer (RaftServerProxy.java:lambda$close$9(416)) - s0: close
2023-10-31 16:05:57,527 [s0-impl-thread1] INFO  server.RaftServer$Division (RaftServerImpl.java:lambda$close$3(514)) - s0@group-F78B7583022A: shutdown
2023-10-31 16:05:57,527 [HandlerDaemon-0] INFO  simulation.RequestHandler (RequestHandler.java:run(127)) - s0.clientHandler0 is interrupted by java.io.InterruptedIOException: 
2023-10-31 16:05:57,528 [HandlerDaemon-1] INFO  simulation.RequestHandler (RequestHandler.java:run(127)) - s0.clientHandler1 is interrupted by java.io.InterruptedIOException: 
2023-10-31 16:05:57,528 [HandlerDaemon-2] INFO  simulation.RequestHandler (RequestHandler.java:run(127)) - s0.clientHandler2 is interrupted by java.io.InterruptedIOException: 
2023-10-31 16:05:57,528 [s0-impl-thread1] INFO  util.JmxRegister (JmxRegister.java:unregister(73)) - Successfully un-registered JMX Bean with object name Ratis:service=RaftServer,group=group-F78B7583022A,id=s0
2023-10-31 16:05:57,528 [s0-impl-thread1] INFO  impl.RoleInfo (RoleInfo.java:shutdownLeaderState(92)) - s0: shutdown s0@group-F78B7583022A-LeaderStateImpl
2023-10-31 16:05:57,529 [s0-impl-thread1] INFO  impl.PendingRequests (PendingRequests.java:sendNotLeaderResponses(289)) - s0@group-F78B7583022A-PendingRequests: sendNotLeaderResponses
2023-10-31 16:05:57,530 [s0@group-F78B7583022A->s1-LogAppenderDefault-LogAppenderDaemon] INFO  leader.LogAppenderDaemon (LogAppenderDaemon.java:run(83)) - s0@group-F78B7583022A->s1-LogAppenderDefault-LogAppenderDaemon was interrupted: java.lang.InterruptedException
2023-10-31 16:05:57,531 [HandlerDaemon-0] INFO  simulation.RequestHandler (RequestHandler.java:run(127)) - s0.serverHandler0 is interrupted by java.io.InterruptedIOException: 
2023-10-31 16:05:57,532 [HandlerDaemon-1] INFO  simulation.RequestHandler (RequestHandler.java:run(127)) - s0.serverHandler1 is interrupted by java.io.InterruptedIOException: 
2023-10-31 16:05:57,532 [HandlerDaemon-2] INFO  simulation.RequestHandler (RequestHandler.java:run(127)) - s0.serverHandler2 is interrupted by java.io.InterruptedIOException: 
2023-10-31 16:05:57,533 [s0-impl-thread1] INFO  impl.StateMachineUpdater (StateMachineUpdater.java:stopAndJoin(157)) - s0@group-F78B7583022A-StateMachineUpdater: set stopIndex = 0
2023-10-31 16:05:57,532 [s0@group-F78B7583022A->s2-LogAppenderDefault-LogAppenderDaemon] INFO  leader.LogAppenderDaemon (LogAppenderDaemon.java:run(83)) - s0@group-F78B7583022A->s2-LogAppenderDefault-LogAppenderDaemon was interrupted: java.lang.InterruptedException
2023-10-31 16:05:57,534 [s0-impl-thread1] INFO  server.RaftServer$Division (ServerState.java:close(423)) - s0@group-F78B7583022A: applyIndex: 0
2023-10-31 16:05:57,543 [s0@group-F78B7583022A-cacheEviction-AwaitToRun] INFO  util.AwaitToRun (AwaitToRun.java:run(49)) - s0@group-F78B7583022A-cacheEviction-AwaitToRun-AwaitForSignal is interrupted
2023-10-31 16:05:57,701 [s2@group-F78B7583022A-FollowerState] INFO  impl.FollowerState (FollowerState.java:run(143)) - s2@group-F78B7583022A-FollowerState: change to CANDIDATE, lastRpcElapsedTime:234347249ns, electionTimeout:155ms
2023-10-31 16:05:57,701 [s2@group-F78B7583022A-FollowerState] INFO  impl.RoleInfo (RoleInfo.java:shutdownFollowerState(109)) - s2: shutdown s2@group-F78B7583022A-FollowerState
2023-10-31 16:05:57,701 [s2@group-F78B7583022A-FollowerState] INFO  server.RaftServer$Division (RaftServerImpl.java:setRole(377)) - s2@group-F78B7583022A: changes role from  FOLLOWER to CANDIDATE at term 1 for changeToCandidate
2023-10-31 16:05:57,701 [s2@group-F78B7583022A-FollowerState] INFO  server.RaftServerConfigKeys (ConfUtils.java:logGet(46)) - raft.server.leaderelection.pre-vote = true (default)
2023-10-31 16:05:57,701 [s2@group-F78B7583022A-FollowerState] INFO  impl.RoleInfo (RoleInfo.java:updateAndGet(138)) - s2: start s2@group-F78B7583022A-LeaderElection4
2023-10-31 16:05:57,701 [s2@group-F78B7583022A-LeaderElection4] INFO  server.RaftServer$Division (ServerState.java:setLeader(265)) - s2@group-F78B7583022A: change Leader from s0 to null at term 1 for PRE_VOTE
2023-10-31 16:05:57,702 [s2@group-F78B7583022A-LeaderElection4] INFO  impl.LeaderElection (LeaderElection.java:askForVotes(323)) - s2@group-F78B7583022A-LeaderElection4 PRE_VOTE round 0: submit vote requests at term 1 for 0: peers:[s0|localhost:46719, s1|localhost:38495, s2|localhost:42573]|listeners:[], old=null
2023-10-31 16:05:57,703 [s2@group-F78B7583022A-LeaderElection4] INFO  impl.LeaderElection (LogUtils.java:infoOrTrace(136)) - s2@group-F78B7583022A-LeaderElection4 got exception when requesting votes: java.util.concurrent.ExecutionException: java.io.IOException: The peer s0 is not alive.
2023-10-31 16:05:57,703 [HandlerDaemon-2] INFO  server.RaftServer$Division (RaftServerImpl.java:requestVote(1368)) - s1@group-F78B7583022A: receive requestVote(PRE_VOTE, s2, group-F78B7583022A, 1, (t:1, i:0))
2023-10-31 16:05:57,704 [HandlerDaemon-2] INFO  impl.VoteContext (VoteContext.java:log(49)) - s1@group-F78B7583022A-FOLLOWER: accept PRE_VOTE from s2: our priority 0 <= candidate's priority 0
2023-10-31 16:05:57,704 [HandlerDaemon-2] INFO  server.RaftServer$Division (RaftServerImpl.java:requestVote(1401)) - s1@group-F78B7583022A replies to PRE_VOTE vote request: s2<-s1#0:OK-t1. Peer's state: s1@group-F78B7583022A:t1, leader=s0, voted=s0, raftlog=Memoized:s1@group-F78B7583022A-SegmentedRaftLog:OPENED:c-1, conf=0: peers:[s0|localhost:46719, s1|localhost:38495, s2|localhost:42573]|listeners:[], old=null
2023-10-31 16:05:57,715 [s2@group-F78B7583022A-LeaderElection4] INFO  impl.LeaderElection (LeaderElection.java:logAndReturn(89)) - s2@group-F78B7583022A-LeaderElection4: PRE_VOTE PASSED received 1 response(s) and 1 exception(s):
2023-10-31 16:05:57,715 [s2@group-F78B7583022A-LeaderElection4] INFO  impl.LeaderElection (LeaderElection.java:logAndReturn(93)) -   Response 0: s2<-s1#0:OK-t1
2023-10-31 16:05:57,715 [s2@group-F78B7583022A-LeaderElection4] INFO  impl.LeaderElection (LogUtils.java:infoOrTrace(136)) -   Exception 1: java.util.concurrent.ExecutionException: java.io.IOException: The peer s0 is not alive.
2023-10-31 16:05:57,715 [s2@group-F78B7583022A-LeaderElection4] INFO  impl.LeaderElection (LeaderElection.java:askForVotes(325)) - s2@group-F78B7583022A-LeaderElection4 PRE_VOTE round 0: result PASSED
2023-10-31 16:05:57,715 [s2@group-F78B7583022A-LeaderElection4] TRACE util.FileUtils (LogUtils.java:supplyAndLog(69)) - Successfully supplied FileChannel.open /home/runner/work/ratis/ratis/ratis-test/target/test/data/3084f93d/MiniRaftClusterWithSimulatedRpce237fa44/s2/69750052-33aa-491b-b994-f78b7583022a/current/raft-meta.tmp with options [CREATE, WRITE]: sun.nio.ch.FileChannelImpl@d630930
2023-10-31 16:05:57,718 [s2@group-F78B7583022A-LeaderElection4] TRACE util.FileUtils (LogUtils.java:runAndLog(49)) - Successfully ran Atomic Files.move /home/runner/work/ratis/ratis/ratis-test/target/test/data/3084f93d/MiniRaftClusterWithSimulatedRpce237fa44/s2/69750052-33aa-491b-b994-f78b7583022a/current/raft-meta.tmp to /home/runner/work/ratis/ratis/ratis-test/target/test/data/3084f93d/MiniRaftClusterWithSimulatedRpce237fa44/s2/69750052-33aa-491b-b994-f78b7583022a/current/raft-meta with options [REPLACE_EXISTING]
2023-10-31 16:05:57,719 [s2@group-F78B7583022A-LeaderElection4] INFO  impl.LeaderElection (LeaderElection.java:askForVotes(323)) - s2@group-F78B7583022A-LeaderElection4 ELECTION round 0: submit vote requests at term 2 for 0: peers:[s0|localhost:46719, s1|localhost:38495, s2|localhost:42573]|listeners:[], old=null
2023-10-31 16:05:57,719 [s2@group-F78B7583022A-LeaderElection4] INFO  impl.LeaderElection (LogUtils.java:infoOrTrace(136)) - s2@group-F78B7583022A-LeaderElection4 got exception when requesting votes: java.util.concurrent.ExecutionException: java.io.IOException: The peer s0 is not alive.
2023-10-31 16:05:57,719 [HandlerDaemon-1] INFO  server.RaftServer$Division (RaftServerImpl.java:requestVote(1368)) - s1@group-F78B7583022A: receive requestVote(ELECTION, s2, group-F78B7583022A, 2, (t:1, i:0))
2023-10-31 16:05:57,720 [HandlerDaemon-1] INFO  impl.VoteContext (VoteContext.java:log(49)) - s1@group-F78B7583022A-FOLLOWER: accept ELECTION from s2: our priority 0 <= candidate's priority 0
2023-10-31 16:05:57,720 [HandlerDaemon-1] INFO  server.RaftServer$Division (ServerState.java:setLeader(265)) - s1@group-F78B7583022A: change Leader from s0 to null at term 2 for updateCurrentTerm
2023-10-31 16:05:57,720 [HandlerDaemon-1] INFO  server.RaftServer$Division (RaftServerImpl.java:setRole(377)) - s1@group-F78B7583022A: changes role from  FOLLOWER to FOLLOWER at term 2 for candidate:s2
2023-10-31 16:05:57,720 [HandlerDaemon-1] INFO  impl.RoleInfo (RoleInfo.java:shutdownFollowerState(109)) - s1: shutdown s1@group-F78B7583022A-FollowerState
2023-10-31 16:05:57,720 [HandlerDaemon-1] INFO  impl.RoleInfo (RoleInfo.java:updateAndGet(138)) - s1: start s1@group-F78B7583022A-FollowerState
2023-10-31 16:05:57,720 [s1@group-F78B7583022A-FollowerState] INFO  impl.FollowerState (FollowerState.java:run(152)) - s1@group-F78B7583022A-FollowerState was interrupted
2023-10-31 16:05:57,720 [HandlerDaemon-1] TRACE util.FileUtils (LogUtils.java:supplyAndLog(69)) - Successfully supplied FileChannel.open /home/runner/work/ratis/ratis/ratis-test/target/test/data/3084f93d/MiniRaftClusterWithSimulatedRpce237fa44/s1/69750052-33aa-491b-b994-f78b7583022a/current/raft-meta.tmp with options [CREATE, WRITE]: sun.nio.ch.FileChannelImpl@614ce1a8
2023-10-31 16:05:57,723 [HandlerDaemon-1] TRACE util.FileUtils (LogUtils.java:runAndLog(49)) - Successfully ran Atomic Files.move /home/runner/work/ratis/ratis/ratis-test/target/test/data/3084f93d/MiniRaftClusterWithSimulatedRpce237fa44/s1/69750052-33aa-491b-b994-f78b7583022a/current/raft-meta.tmp to /home/runner/work/ratis/ratis/ratis-test/target/test/data/3084f93d/MiniRaftClusterWithSimulatedRpce237fa44/s1/69750052-33aa-491b-b994-f78b7583022a/current/raft-meta with options [REPLACE_EXISTING]
2023-10-31 16:05:57,724 [HandlerDaemon-1] INFO  server.RaftServer$Division (RaftServerImpl.java:requestVote(1401)) - s1@group-F78B7583022A replies to ELECTION vote request: s2<-s1#0:OK-t2. Peer's state: s1@group-F78B7583022A:t2, leader=null, voted=s2, raftlog=Memoized:s1@group-F78B7583022A-SegmentedRaftLog:OPENED:c-1, conf=0: peers:[s0|localhost:46719, s1|localhost:38495, s2|localhost:42573]|listeners:[], old=null
2023-10-31 16:05:57,742 [s2@group-F78B7583022A-LeaderElection4] INFO  impl.LeaderElection (LeaderElection.java:logAndReturn(89)) - s2@group-F78B7583022A-LeaderElection4: ELECTION PASSED received 1 response(s) and 1 exception(s):
2023-10-31 16:05:57,742 [s2@group-F78B7583022A-LeaderElection4] INFO  impl.LeaderElection (LeaderElection.java:logAndReturn(93)) -   Response 0: s2<-s1#0:OK-t2
2023-10-31 16:05:57,743 [s2@group-F78B7583022A-LeaderElection4] INFO  impl.LeaderElection (LogUtils.java:infoOrTrace(136)) -   Exception 1: java.util.concurrent.ExecutionException: java.io.IOException: The peer s0 is not alive.
2023-10-31 16:05:57,743 [s2@group-F78B7583022A-LeaderElection4] INFO  impl.LeaderElection (LeaderElection.java:askForVotes(325)) - s2@group-F78B7583022A-LeaderElection4 ELECTION round 0: result PASSED
2023-10-31 16:05:57,743 [s2@group-F78B7583022A-LeaderElection4] INFO  impl.RoleInfo (RoleInfo.java:shutdownLeaderElection(129)) - s2: shutdown s2@group-F78B7583022A-LeaderElection4
2023-10-31 16:05:57,743 [s2@group-F78B7583022A-LeaderElection4] INFO  server.RaftServer$Division (RaftServerImpl.java:setRole(377)) - s2@group-F78B7583022A: changes role from CANDIDATE to LEADER at term 2 for changeToLeader
2023-10-31 16:05:57,743 [s2@group-F78B7583022A-LeaderElection4] INFO  server.RaftServerConfigKeys (ConfUtils.java:logGet(46)) - raft.server.staging.catchup.gap = 1000 (default)
2023-10-31 16:05:57,744 [s2@group-F78B7583022A-LeaderElection4] INFO  server.RaftServerConfigKeys (ConfUtils.java:logGet(46)) - raft.server.write.element-limit = 4096 (default)
2023-10-31 16:05:57,744 [s2@group-F78B7583022A-LeaderElection4] INFO  server.RaftServerConfigKeys (ConfUtils.java:logGet(46)) - raft.server.write.byte-limit = 64MB (=67108864) (default)
2023-10-31 16:05:57,744 [s2@group-F78B7583022A-LeaderElection4] INFO  server.RaftServerConfigKeys (ConfUtils.java:logGet(46)) - raft.server.watch.timeout = 10s (default)
2023-10-31 16:05:57,744 [s2@group-F78B7583022A-LeaderElection4] INFO  server.RaftServerConfigKeys (ConfUtils.java:logGet(46)) - raft.server.watch.timeout.denomination = 1s (default)
2023-10-31 16:05:57,745 [s2@group-F78B7583022A-LeaderElection4] INFO  server.RaftServerConfigKeys (ConfUtils.java:logGet(46)) - raft.server.watch.element-limit = 65536 (default)
2023-10-31 16:05:57,745 [s2@group-F78B7583022A-LeaderElection4] INFO  server.RaftServerConfigKeys (ConfUtils.java:logGet(46)) - raft.server.read.leader.lease.enabled = false (default)
2023-10-31 16:05:57,745 [s2@group-F78B7583022A-LeaderElection4] INFO  server.RaftServerConfigKeys (ConfUtils.java:logGet(46)) - raft.server.read.leader.lease.timeout.ratio = 0.9 (default)
2023-10-31 16:05:57,745 [s2@group-F78B7583022A-LeaderElection4] INFO  server.RaftServerConfigKeys (ConfUtils.java:logGet(46)) - raft.server.rpc.timeout.min = 150ms (default)
2023-10-31 16:05:57,746 [s2@group-F78B7583022A-LeaderElection4] INFO  server.RaftServerConfigKeys (ConfUtils.java:logGet(46)) - raft.server.write.element-limit = 4096 (default)
2023-10-31 16:05:57,746 [s2@group-F78B7583022A-LeaderElection4] INFO  server.RaftServerConfigKeys (ConfUtils.java:logGet(46)) - raft.server.write.follower.gap.ratio.max = -1.0 (default)
2023-10-31 16:05:57,746 [s2@group-F78B7583022A-LeaderElection4] INFO  server.RaftServerConfigKeys (ConfUtils.java:logGet(46)) - raft.server.log.appender.snapshot.chunk.size.max = 16MB (=16777216) (default)
2023-10-31 16:05:57,746 [s2@group-F78B7583022A-LeaderElection4] INFO  server.RaftServerConfigKeys (ConfUtils.java:logGet(46)) - raft.server.log.appender.buffer.byte-limit = 4MB (=4194304) (default)
2023-10-31 16:05:57,746 [s2@group-F78B7583022A-LeaderElection4] INFO  server.RaftServerConfigKeys (ConfUtils.java:logGet(46)) - raft.server.log.appender.buffer.element-limit = 0 (default)
2023-10-31 16:05:57,747 [s2@group-F78B7583022A-LeaderElection4] INFO  server.RaftServerConfigKeys (ConfUtils.java:logGet(46)) - raft.server.log.appender.wait-time.min = 1ms (default)
2023-10-31 16:05:57,747 [s2@group-F78B7583022A-LeaderElection4] INFO  server.RaftServerConfigKeys (ConfUtils.java:logGet(46)) - raft.server.log.appender.snapshot.chunk.size.max = 16MB (=16777216) (default)
2023-10-31 16:05:57,747 [s2@group-F78B7583022A-LeaderElection4] INFO  server.RaftServerConfigKeys (ConfUtils.java:logGet(46)) - raft.server.log.appender.buffer.byte-limit = 4MB (=4194304) (default)
2023-10-31 16:05:57,747 [s2@group-F78B7583022A-LeaderElection4] INFO  server.RaftServerConfigKeys (ConfUtils.java:logGet(46)) - raft.server.log.appender.buffer.element-limit = 0 (default)
2023-10-31 16:05:57,747 [s2@group-F78B7583022A-LeaderElection4] INFO  server.RaftServerConfigKeys (ConfUtils.java:logGet(46)) - raft.server.log.appender.wait-time.min = 1ms (default)
2023-10-31 16:05:57,748 [s2@group-F78B7583022A-LeaderElection4] INFO  impl.RoleInfo (RoleInfo.java:updateAndGet(138)) - s2: start s2@group-F78B7583022A-LeaderStateImpl
2023-10-31 16:05:57,748 [s2@group-F78B7583022A-LeaderElection4] INFO  server.RaftServer$Division (ServerState.java:setLeader(265)) - s2@group-F78B7583022A: change Leader from null to s2 at term 2 for becomeLeader, leader elected after 46ms
2023-10-31 16:05:57,748 [s2@group-F78B7583022A-LeaderElection4] INFO  segmented.SegmentedRaftLogWorker (SegmentedRaftLogWorker.java:rollLogSegment(433)) - s2@group-F78B7583022A-SegmentedRaftLogWorker: Rolling segment log-0_0 to index:0
2023-10-31 16:05:57,749 [s2@group-F78B7583022A-LeaderElection4] INFO  server.RaftServer$Division (ServerState.java:setRaftConf(382)) - s2@group-F78B7583022A: set configuration 1: peers:[s0|localhost:46719, s1|localhost:38495, s2|localhost:42573]|listeners:[], old=null
2023-10-31 16:05:57,749 [s2@group-F78B7583022A-SegmentedRaftLogWorker] TRACE util.FileUtils (LogUtils.java:runAndLog(49)) - Successfully ran Atomic Files.move /home/runner/work/ratis/ratis/ratis-test/target/test/data/3084f93d/MiniRaftClusterWithSimulatedRpce237fa44/s2/69750052-33aa-491b-b994-f78b7583022a/current/log_inprogress_0 to /home/runner/work/ratis/ratis/ratis-test/target/test/data/3084f93d/MiniRaftClusterWithSimulatedRpce237fa44/s2/69750052-33aa-491b-b994-f78b7583022a/current/log_0-0
2023-10-31 16:05:57,749 [s2@group-F78B7583022A-SegmentedRaftLogWorker] INFO  segmented.SegmentedRaftLogWorker (SegmentedRaftLogWorker.java:execute(589)) - s2@group-F78B7583022A-SegmentedRaftLogWorker: Rolled log segment from /home/runner/work/ratis/ratis/ratis-test/target/test/data/3084f93d/MiniRaftClusterWithSimulatedRpce237fa44/s2/69750052-33aa-491b-b994-f78b7583022a/current/log_inprogress_0 to /home/runner/work/ratis/ratis/ratis-test/target/test/data/3084f93d/MiniRaftClusterWithSimulatedRpce237fa44/s2/69750052-33aa-491b-b994-f78b7583022a/current/log_0-0
2023-10-31 16:05:57,749 [s2@group-F78B7583022A->s0-LogAppenderDefault-LogAppenderDaemon] WARN  leader.LogAppender (LogAppenderDefault.java:sendAppendEntriesWithRetries(90)) - s2@group-F78B7583022A->s0-LogAppenderDefault: Failed to appendEntries (retry=1): {}
java.io.IOException: The peer s0 is not alive.
	at org.apache.ratis.server.simulation.SimulatedRequestReply.sendRequest(SimulatedRequestReply.java:117)
	at org.apache.ratis.server.simulation.SimulatedServerRpc.appendEntries(SimulatedServerRpc.java:115)
	at org.apache.ratis.server.leader.LogAppenderDefault.sendAppendEntriesWithRetries(LogAppenderDefault.java:79)
	at org.apache.ratis.server.leader.LogAppenderDefault.run(LogAppenderDefault.java:156)
	at org.apache.ratis.server.leader.LogAppenderDaemon.run(LogAppenderDaemon.java:78)
	at java.base/java.lang.Thread.run(Thread.java:829)
2023-10-31 16:05:57,751 [HandlerDaemon-0] INFO  server.RaftServer$Division (ServerState.java:setLeader(265)) - s1@group-F78B7583022A: change Leader from null to s2 at term 2 for appendEntries, leader elected after 30ms
2023-10-31 16:05:57,752 [s2@group-F78B7583022A-SegmentedRaftLogWorker] INFO  segmented.SegmentedRaftLogWorker (SegmentedRaftLogWorker.java:execute(632)) - s2@group-F78B7583022A-SegmentedRaftLogWorker: created new log segment /home/runner/work/ratis/ratis/ratis-test/target/test/data/3084f93d/MiniRaftClusterWithSimulatedRpce237fa44/s2/69750052-33aa-491b-b994-f78b7583022a/current/log_inprogress_1
2023-10-31 16:05:57,770 [HandlerDaemon-2] INFO  server.RaftServer$Division (ServerState.java:setRaftConf(382)) - s1@group-F78B7583022A: set configuration 1: peers:[s0|localhost:46719, s1|localhost:38495, s2|localhost:42573]|listeners:[], old=null
2023-10-31 16:05:57,770 [HandlerDaemon-2] DEBUG raftlog.RaftLog (SegmentedRaftLog.java:appendImpl(463)) - truncateIndex=-1, arrayIndex=0
2023-10-31 16:05:57,770 [HandlerDaemon-2] INFO  segmented.SegmentedRaftLogWorker (SegmentedRaftLogWorker.java:rollLogSegment(433)) - s1@group-F78B7583022A-SegmentedRaftLogWorker: Rolling segment log-0_0 to index:0
2023-10-31 16:05:57,771 [s1@group-F78B7583022A-SegmentedRaftLogWorker] TRACE util.FileUtils (LogUtils.java:runAndLog(49)) - Successfully ran Atomic Files.move /home/runner/work/ratis/ratis/ratis-test/target/test/data/3084f93d/MiniRaftClusterWithSimulatedRpce237fa44/s1/69750052-33aa-491b-b994-f78b7583022a/current/log_inprogress_0 to /home/runner/work/ratis/ratis/ratis-test/target/test/data/3084f93d/MiniRaftClusterWithSimulatedRpce237fa44/s1/69750052-33aa-491b-b994-f78b7583022a/current/log_0-0
2023-10-31 16:05:57,771 [s1@group-F78B7583022A-SegmentedRaftLogWorker] INFO  segmented.SegmentedRaftLogWorker (SegmentedRaftLogWorker.java:execute(589)) - s1@group-F78B7583022A-SegmentedRaftLogWorker: Rolled log segment from /home/runner/work/ratis/ratis/ratis-test/target/test/data/3084f93d/MiniRaftClusterWithSimulatedRpce237fa44/s1/69750052-33aa-491b-b994-f78b7583022a/current/log_inprogress_0 to /home/runner/work/ratis/ratis/ratis-test/target/test/data/3084f93d/MiniRaftClusterWithSimulatedRpce237fa44/s1/69750052-33aa-491b-b994-f78b7583022a/current/log_0-0
2023-10-31 16:05:57,772 [s1@group-F78B7583022A-SegmentedRaftLogWorker] INFO  segmented.SegmentedRaftLogWorker (SegmentedRaftLogWorker.java:execute(632)) - s1@group-F78B7583022A-SegmentedRaftLogWorker: created new log segment /home/runner/work/ratis/ratis/ratis-test/target/test/data/3084f93d/MiniRaftClusterWithSimulatedRpce237fa44/s1/69750052-33aa-491b-b994-f78b7583022a/current/log_inprogress_1
2023-10-31 16:05:57,790 [s2@group-F78B7583022A-StateMachineUpdater] INFO  server.RaftServer$Division (LeaderStateImpl.java:isApplied(308)) - leader is ready since appliedIndex == 1 >= startIndex == 1
2023-10-31 16:05:57,793 [HandlerDaemon-1] DEBUG raftlog.RaftLog (SegmentedRaftLog.java:appendImpl(463)) - truncateIndex=-1, arrayIndex=0
2023-10-31 16:05:57,977 [s2@group-F78B7583022A->s0-LogAppenderDefault-LogAppenderDaemon] WARN  leader.LogAppender (LogAppenderDefault.java:sendAppendEntriesWithRetries(90)) - s2@group-F78B7583022A->s0-LogAppenderDefault: Failed to appendEntries (retry=11): {}
java.io.IOException: The peer s0 is not alive.
	at org.apache.ratis.server.simulation.SimulatedRequestReply.sendRequest(SimulatedRequestReply.java:117)
	at org.apache.ratis.server.simulation.SimulatedServerRpc.appendEntries(SimulatedServerRpc.java:115)
	at org.apache.ratis.server.leader.LogAppenderDefault.sendAppendEntriesWithRetries(LogAppenderDefault.java:79)
	at org.apache.ratis.server.leader.LogAppenderDefault.run(LogAppenderDefault.java:156)
	at org.apache.ratis.server.leader.LogAppenderDaemon.run(LogAppenderDaemon.java:78)
	at java.base/java.lang.Thread.run(Thread.java:829)
2023-10-31 16:05:58,204 [s2@group-F78B7583022A->s0-LogAppenderDefault-LogAppenderDaemon] WARN  leader.LogAppender (LogAppenderDefault.java:sendAppendEntriesWithRetries(90)) - s2@group-F78B7583022A->s0-LogAppenderDefault: Failed to appendEntries (retry=21): {}
java.io.IOException: The peer s0 is not alive.
	at org.apache.ratis.server.simulation.SimulatedRequestReply.sendRequest(SimulatedRequestReply.java:117)
	at org.apache.ratis.server.simulation.SimulatedServerRpc.appendEntries(SimulatedServerRpc.java:115)
	at org.apache.ratis.server.leader.LogAppenderDefault.sendAppendEntriesWithRetries(LogAppenderDefault.java:79)
	at org.apache.ratis.server.leader.LogAppenderDefault.run(LogAppenderDefault.java:156)
	at org.apache.ratis.server.leader.LogAppenderDaemon.run(LogAppenderDaemon.java:78)
	at java.base/java.lang.Thread.run(Thread.java:829)
2023-10-31 16:05:58,431 [s2@group-F78B7583022A->s0-LogAppenderDefault-LogAppenderDaemon] WARN  leader.LogAppender (LogAppenderDefault.java:sendAppendEntriesWithRetries(90)) - s2@group-F78B7583022A->s0-LogAppenderDefault: Failed to appendEntries (retry=31): {}
java.io.IOException: The peer s0 is not alive.
	at org.apache.ratis.server.simulation.SimulatedRequestReply.sendRequest(SimulatedRequestReply.java:117)
	at org.apache.ratis.server.simulation.SimulatedServerRpc.appendEntries(SimulatedServerRpc.java:115)
	at org.apache.ratis.server.leader.LogAppenderDefault.sendAppendEntriesWithRetries(LogAppenderDefault.java:79)
	at org.apache.ratis.server.leader.LogAppenderDefault.run(LogAppenderDefault.java:156)
	at org.apache.ratis.server.leader.LogAppenderDaemon.run(LogAppenderDaemon.java:78)
	at java.base/java.lang.Thread.run(Thread.java:829)
2023-10-31 16:05:58,470 [s0-impl-thread1] INFO  segmented.SegmentedRaftLogWorker (SegmentedRaftLogWorker.java:close(243)) - s0@group-F78B7583022A-SegmentedRaftLogWorker close()
2023-10-31 16:05:58,471 [JvmPauseMonitor0] INFO  util.JvmPauseMonitor (JvmPauseMonitor.java:run(152)) - JvmPauseMonitor-s0: Stopped
2023-10-31 16:05:58,471 [Time-limited test] INFO  server.RaftServer (RaftServerProxy.java:lambda$close$9(416)) - s1: close
2023-10-31 16:05:58,471 [s1-impl-thread1] INFO  server.RaftServer$Division (RaftServerImpl.java:lambda$close$3(514)) - s1@group-F78B7583022A: shutdown
2023-10-31 16:05:58,472 [s1-impl-thread1] INFO  util.JmxRegister (JmxRegister.java:unregister(73)) - Successfully un-registered JMX Bean with object name Ratis:service=RaftServer,group=group-F78B7583022A,id=s1
2023-10-31 16:05:58,472 [s1-impl-thread1] INFO  impl.RoleInfo (RoleInfo.java:shutdownFollowerState(109)) - s1: shutdown s1@group-F78B7583022A-FollowerState
2023-10-31 16:05:58,472 [s1@group-F78B7583022A-FollowerState] INFO  impl.FollowerState (FollowerState.java:run(152)) - s1@group-F78B7583022A-FollowerState was interrupted
2023-10-31 16:05:58,472 [HandlerDaemon-2] INFO  simulation.RequestHandler (RequestHandler.java:run(127)) - s1.clientHandler2 is interrupted by java.io.InterruptedIOException: 
2023-10-31 16:05:58,472 [HandlerDaemon-1] INFO  simulation.RequestHandler (RequestHandler.java:run(127)) - s1.clientHandler1 is interrupted by java.io.InterruptedIOException: 
2023-10-31 16:05:58,472 [HandlerDaemon-0] INFO  simulation.RequestHandler (RequestHandler.java:run(127)) - s1.clientHandler0 is interrupted by java.io.InterruptedIOException: 
2023-10-31 16:05:58,472 [s1-impl-thread1] INFO  impl.StateMachineUpdater (StateMachineUpdater.java:stopAndJoin(157)) - s1@group-F78B7583022A-StateMachineUpdater: set stopIndex = 2
2023-10-31 16:05:58,473 [s1-impl-thread1] INFO  server.RaftServer$Division (ServerState.java:close(423)) - s1@group-F78B7583022A: applyIndex: 2
2023-10-31 16:05:58,473 [s1@group-F78B7583022A-cacheEviction-AwaitToRun] INFO  util.AwaitToRun (AwaitToRun.java:run(49)) - s1@group-F78B7583022A-cacheEviction-AwaitToRun-AwaitForSignal is interrupted
2023-10-31 16:05:58,475 [HandlerDaemon-1] INFO  simulation.RequestHandler (RequestHandler.java:run(127)) - s1.serverHandler1 is interrupted by java.io.InterruptedIOException: 
2023-10-31 16:05:58,475 [HandlerDaemon-0] INFO  simulation.RequestHandler (RequestHandler.java:run(127)) - s1.serverHandler0 is interrupted by java.io.InterruptedIOException: 
2023-10-31 16:05:58,476 [HandlerDaemon-2] INFO  simulation.RequestHandler (RequestHandler.java:run(127)) - s1.serverHandler2 is interrupted by java.io.InterruptedIOException: 
2023-10-31 16:05:58,521 [s2@group-F78B7583022A->s1-LogAppenderDefault-LogAppenderDaemon] WARN  leader.LogAppender (LogAppenderDefault.java:sendAppendEntriesWithRetries(90)) - s2@group-F78B7583022A->s1-LogAppenderDefault: Failed to appendEntries (retry=1): {}
java.io.IOException: The peer s1 is not alive.
	at org.apache.ratis.server.simulation.SimulatedRequestReply.sendRequest(SimulatedRequestReply.java:117)
	at org.apache.ratis.server.simulation.SimulatedServerRpc.appendEntries(SimulatedServerRpc.java:115)
	at org.apache.ratis.server.leader.LogAppenderDefault.sendAppendEntriesWithRetries(LogAppenderDefault.java:79)
	at org.apache.ratis.server.leader.LogAppenderDefault.run(LogAppenderDefault.java:156)
	at org.apache.ratis.server.leader.LogAppenderDaemon.run(LogAppenderDaemon.java:78)
	at java.base/java.lang.Thread.run(Thread.java:829)
2023-10-31 16:05:58,559 [s2@group-F78B7583022A->s1-LogAppenderDefault-LogAppenderDaemon] WARN  leader.LogAppender (LogAppenderDefault.java:sendAppendEntriesWithRetries(90)) - s2@group-F78B7583022A->s1-LogAppenderDefault: Failed to appendEntries (retry=1): {}
java.io.IOException: The peer s1 is not alive.
	at org.apache.ratis.server.simulation.SimulatedRequestReply.sendRequest(SimulatedRequestReply.java:117)
	at org.apache.ratis.server.simulation.SimulatedServerRpc.appendEntries(SimulatedServerRpc.java:115)
	at org.apache.ratis.server.leader.LogAppenderDefault.sendAppendEntriesWithRetries(LogAppenderDefault.java:79)
	at org.apache.ratis.server.leader.LogAppenderDefault.run(LogAppenderDefault.java:156)
	at org.apache.ratis.server.leader.LogAppenderDaemon.run(LogAppenderDaemon.java:78)
	at java.base/java.lang.Thread.run(Thread.java:829)
2023-10-31 16:05:58,597 [s2@group-F78B7583022A->s1-LogAppenderDefault-LogAppenderDaemon] WARN  leader.LogAppender (LogAppenderDefault.java:sendAppendEntriesWithRetries(90)) - s2@group-F78B7583022A->s1-LogAppenderDefault: Failed to appendEntries (retry=1): {}
java.io.IOException: The peer s1 is not alive.
	at org.apache.ratis.server.simulation.SimulatedRequestReply.sendRequest(SimulatedRequestReply.java:117)
	at org.apache.ratis.server.simulation.SimulatedServerRpc.appendEntries(SimulatedServerRpc.java:115)
	at org.apache.ratis.server.leader.LogAppenderDefault.sendAppendEntriesWithRetries(LogAppenderDefault.java:79)
	at org.apache.ratis.server.leader.LogAppenderDefault.run(LogAppenderDefault.java:156)
	at org.apache.ratis.server.leader.LogAppenderDaemon.run(LogAppenderDaemon.java:78)
	at java.base/java.lang.Thread.run(Thread.java:829)
2023-10-31 16:05:58,635 [s2@group-F78B7583022A->s1-LogAppenderDefault-LogAppenderDaemon] WARN  leader.LogAppender (LogAppenderDefault.java:sendAppendEntriesWithRetries(90)) - s2@group-F78B7583022A->s1-LogAppenderDefault: Failed to appendEntries (retry=1): {}
java.io.IOException: The peer s1 is not alive.
	at org.apache.ratis.server.simulation.SimulatedRequestReply.sendRequest(SimulatedRequestReply.java:117)
	at org.apache.ratis.server.simulation.SimulatedServerRpc.appendEntries(SimulatedServerRpc.java:115)
	at org.apache.ratis.server.leader.LogAppenderDefault.sendAppendEntriesWithRetries(LogAppenderDefault.java:79)
	at org.apache.ratis.server.leader.LogAppenderDefault.run(LogAppenderDefault.java:156)
	at org.apache.ratis.server.leader.LogAppenderDaemon.run(LogAppenderDaemon.java:78)
	at java.base/java.lang.Thread.run(Thread.java:829)
2023-10-31 16:05:58,658 [s2@group-F78B7583022A->s0-LogAppenderDefault-LogAppenderDaemon] WARN  leader.LogAppender (LogAppenderDefault.java:sendAppendEntriesWithRetries(90)) - s2@group-F78B7583022A->s0-LogAppenderDefault: Failed to appendEntries (retry=41): {}
java.io.IOException: The peer s0 is not alive.
	at org.apache.ratis.server.simulation.SimulatedRequestReply.sendRequest(SimulatedRequestReply.java:117)
	at org.apache.ratis.server.simulation.SimulatedServerRpc.appendEntries(SimulatedServerRpc.java:115)
	at org.apache.ratis.server.leader.LogAppenderDefault.sendAppendEntriesWithRetries(LogAppenderDefault.java:79)
	at org.apache.ratis.server.leader.LogAppenderDefault.run(LogAppenderDefault.java:156)
	at org.apache.ratis.server.leader.LogAppenderDaemon.run(LogAppenderDaemon.java:78)
	at java.base/java.lang.Thread.run(Thread.java:829)
2023-10-31 16:05:58,673 [s2@group-F78B7583022A->s1-LogAppenderDefault-LogAppenderDaemon] WARN  leader.LogAppender (LogAppenderDefault.java:sendAppendEntriesWithRetries(90)) - s2@group-F78B7583022A->s1-LogAppenderDefault: Failed to appendEntries (retry=1): {}
java.io.IOException: The peer s1 is not alive.
	at org.apache.ratis.server.simulation.SimulatedRequestReply.sendRequest(SimulatedRequestReply.java:117)
	at org.apache.ratis.server.simulation.SimulatedServerRpc.appendEntries(SimulatedServerRpc.java:115)
	at org.apache.ratis.server.leader.LogAppenderDefault.sendAppendEntriesWithRetries(LogAppenderDefault.java:79)
	at org.apache.ratis.server.leader.LogAppenderDefault.run(LogAppenderDefault.java:156)
	at org.apache.ratis.server.leader.LogAppenderDaemon.run(LogAppenderDaemon.java:78)
	at java.base/java.lang.Thread.run(Thread.java:829)
2023-10-31 16:05:58,710 [s2@group-F78B7583022A->s1-LogAppenderDefault-LogAppenderDaemon] WARN  leader.LogAppender (LogAppenderDefault.java:sendAppendEntriesWithRetries(90)) - s2@group-F78B7583022A->s1-LogAppenderDefault: Failed to appendEntries (retry=1): {}
java.io.IOException: The peer s1 is not alive.
	at org.apache.ratis.server.simulation.SimulatedRequestReply.sendRequest(SimulatedRequestReply.java:117)
	at org.apache.ratis.server.simulation.SimulatedServerRpc.appendEntries(SimulatedServerRpc.java:115)
	at org.apache.ratis.server.leader.LogAppenderDefault.sendAppendEntriesWithRetries(LogAppenderDefault.java:79)
	at org.apache.ratis.server.leader.LogAppenderDefault.run(LogAppenderDefault.java:156)
	at org.apache.ratis.server.leader.LogAppenderDaemon.run(LogAppenderDaemon.java:78)
	at java.base/java.lang.Thread.run(Thread.java:829)
2023-10-31 16:05:58,748 [s2@group-F78B7583022A->s1-LogAppenderDefault-LogAppenderDaemon] WARN  leader.LogAppender (LogAppenderDefault.java:sendAppendEntriesWithRetries(90)) - s2@group-F78B7583022A->s1-LogAppenderDefault: Failed to appendEntries (retry=1): {}
java.io.IOException: The peer s1 is not alive.
	at org.apache.ratis.server.simulation.SimulatedRequestReply.sendRequest(SimulatedRequestReply.java:117)
	at org.apache.ratis.server.simulation.SimulatedServerRpc.appendEntries(SimulatedServerRpc.java:115)
	at org.apache.ratis.server.leader.LogAppenderDefault.sendAppendEntriesWithRetries(LogAppenderDefault.java:79)
	at org.apache.ratis.server.leader.LogAppenderDefault.run(LogAppenderDefault.java:156)
	at org.apache.ratis.server.leader.LogAppenderDaemon.run(LogAppenderDaemon.java:78)
	at java.base/java.lang.Thread.run(Thread.java:829)
2023-10-31 16:05:58,786 [s2@group-F78B7583022A->s1-LogAppenderDefault-LogAppenderDaemon] WARN  leader.LogAppender (LogAppenderDefault.java:sendAppendEntriesWithRetries(90)) - s2@group-F78B7583022A->s1-LogAppenderDefault: Failed to appendEntries (retry=1): {}
java.io.IOException: The peer s1 is not alive.
	at org.apache.ratis.server.simulation.SimulatedRequestReply.sendRequest(SimulatedRequestReply.java:117)
	at org.apache.ratis.server.simulation.SimulatedServerRpc.appendEntries(SimulatedServerRpc.java:115)
	at org.apache.ratis.server.leader.LogAppenderDefault.sendAppendEntriesWithRetries(LogAppenderDefault.java:79)
	at org.apache.ratis.server.leader.LogAppenderDefault.run(LogAppenderDefault.java:156)
	at org.apache.ratis.server.leader.LogAppenderDaemon.run(LogAppenderDaemon.java:78)
	at java.base/java.lang.Thread.run(Thread.java:829)
2023-10-31 16:05:58,795 [s1-impl-thread1] INFO  segmented.SegmentedRaftLogWorker (SegmentedRaftLogWorker.java:close(243)) - s1@group-F78B7583022A-SegmentedRaftLogWorker close()
2023-10-31 16:05:58,796 [JvmPauseMonitor1] INFO  util.JvmPauseMonitor (JvmPauseMonitor.java:run(152)) - JvmPauseMonitor-s1: Stopped
2023-10-31 16:05:58,796 [Time-limited test] INFO  server.RaftServer (RaftServerProxy.java:lambda$close$9(416)) - s2: close
2023-10-31 16:05:58,797 [s2-impl-thread1] INFO  server.RaftServer$Division (RaftServerImpl.java:lambda$close$3(514)) - s2@group-F78B7583022A: shutdown
2023-10-31 16:05:58,797 [s2-impl-thread1] INFO  util.JmxRegister (JmxRegister.java:unregister(73)) - Successfully un-registered JMX Bean with object name Ratis:service=RaftServer,group=group-F78B7583022A,id=s2
2023-10-31 16:05:58,797 [s2-impl-thread1] INFO  impl.RoleInfo (RoleInfo.java:shutdownLeaderState(92)) - s2: shutdown s2@group-F78B7583022A-LeaderStateImpl
2023-10-31 16:05:58,797 [s2@group-F78B7583022A->s0-LogAppenderDefault-LogAppenderDaemon] INFO  leader.LogAppenderDaemon (LogAppenderDaemon.java:run(83)) - s2@group-F78B7583022A->s0-LogAppenderDefault-LogAppenderDaemon was interrupted: java.lang.InterruptedException: sleep interrupted
2023-10-31 16:05:58,797 [HandlerDaemon-0] INFO  simulation.RequestHandler (RequestHandler.java:run(127)) - s2.clientHandler0 is interrupted by java.io.InterruptedIOException: 
2023-10-31 16:05:58,797 [s2@group-F78B7583022A->s1-LogAppenderDefault-LogAppenderDaemon] INFO  leader.LogAppenderDaemon (LogAppenderDaemon.java:run(83)) - s2@group-F78B7583022A->s1-LogAppenderDefault-LogAppenderDaemon was interrupted: java.lang.InterruptedException: sleep interrupted
2023-10-31 16:05:58,797 [HandlerDaemon-1] INFO  simulation.RequestHandler (RequestHandler.java:run(127)) - s2.clientHandler1 is interrupted by java.io.InterruptedIOException: 
2023-10-31 16:05:58,797 [HandlerDaemon-2] INFO  simulation.RequestHandler (RequestHandler.java:run(127)) - s2.clientHandler2 is interrupted by java.io.InterruptedIOException: 
2023-10-31 16:05:58,797 [s2-impl-thread1] INFO  impl.PendingRequests (PendingRequests.java:sendNotLeaderResponses(289)) - s2@group-F78B7583022A-PendingRequests: sendNotLeaderResponses
2023-10-31 16:05:58,798 [HandlerDaemon-2] INFO  simulation.RequestHandler (RequestHandler.java:run(127)) - s2.serverHandler2 is interrupted by java.io.InterruptedIOException: 
2023-10-31 16:05:58,798 [HandlerDaemon-0] INFO  simulation.RequestHandler (RequestHandler.java:run(127)) - s2.serverHandler0 is interrupted by java.io.InterruptedIOException: 
2023-10-31 16:05:58,798 [HandlerDaemon-1] INFO  simulation.RequestHandler (RequestHandler.java:run(127)) - s2.serverHandler1 is interrupted by java.io.InterruptedIOException: 
2023-10-31 16:05:58,803 [s2-impl-thread1] INFO  impl.StateMachineUpdater (StateMachineUpdater.java:stopAndJoin(157)) - s2@group-F78B7583022A-StateMachineUpdater: set stopIndex = 2
2023-10-31 16:05:58,803 [s2-impl-thread1] INFO  server.RaftServer$Division (ServerState.java:close(423)) - s2@group-F78B7583022A: applyIndex: 2
2023-10-31 16:05:58,803 [s2@group-F78B7583022A-cacheEviction-AwaitToRun] INFO  util.AwaitToRun (AwaitToRun.java:run(49)) - s2@group-F78B7583022A-cacheEviction-AwaitToRun-AwaitForSignal is interrupted
2023-10-31 16:05:59,793 [s2-impl-thread1] INFO  segmented.SegmentedRaftLogWorker (SegmentedRaftLogWorker.java:close(243)) - s2@group-F78B7583022A-SegmentedRaftLogWorker close()
2023-10-31 16:05:59,795 [JvmPauseMonitor2] INFO  util.JvmPauseMonitor (JvmPauseMonitor.java:run(152)) - JvmPauseMonitor-s2: Stopped
2023-10-31 16:05:59,796 [Time-limited test] INFO  simulation.TestServerRestartWithSimulatedRpc (ServerRestartTests.java:lambda$assertCorruptedLogHeader$5(222)) - header    = 526166744c6f6731
2023-10-31 16:05:59,797 [Time-limited test] INFO  simulation.TestServerRestartWithSimulatedRpc (ServerRestartTests.java:lambda$assertCorruptedLogHeader$5(225)) - corrupted = 0000000000000000
2023-10-31 16:05:59,797 [Time-limited test] INFO  impl.MiniRaftCluster (MiniRaftCluster.java:killServer(533)) - killServer s0
2023-10-31 16:05:59,797 [Time-limited test] INFO  impl.MiniRaftCluster (MiniRaftCluster.java:newRaftServer(382)) - newRaftServer: s0, group-F78B7583022A:[s0|localhost:46719, s1|localhost:38495, s2|localhost:42573], format? false
2023-10-31 16:05:59,797 [Time-limited test] INFO  server.RaftServer (ConfUtils.java:logGet(46)) - raft.rpc.type = org.apache.ratis.server.simulation.SimulatedRpc (custom)
2023-10-31 16:05:59,797 [Time-limited test] INFO  impl.DataStreamServerImpl (ConfUtils.java:logGet(46)) - raft.datastream.type = DISABLED (default)
2023-10-31 16:05:59,797 [Time-limited test] INFO  server.RaftServerConfigKeys (ConfUtils.java:logGet(46)) - raft.server.sleep.deviation.threshold = 300ms (default)
2023-10-31 16:05:59,798 [Time-limited test] INFO  server.RaftServerConfigKeys (ConfUtils.java:logGet(46)) - raft.server.close.threshold = 60s (default)
2023-10-31 16:05:59,798 [Time-limited test] INFO  server.RaftServerConfigKeys (ConfUtils.java:logGet(46)) - raft.server.leaderelection.leader.step-down.wait-time = 10s (default)
2023-10-31 16:05:59,798 [Time-limited test] INFO  server.RaftServerConfigKeys (ConfUtils.java:logGet(46)) - raft.server.storage.dir = [/home/runner/work/ratis/ratis/ratis-test/target/test/data/3084f93d/MiniRaftClusterWithSimulatedRpce237fa44/s0] (custom)
2023-10-31 16:05:59,798 [Time-limited test] INFO  server.RaftServerConfigKeys (ConfUtils.java:logGet(46)) - raft.server.threadpool.proxy.cached = true (default)
2023-10-31 16:05:59,798 [Time-limited test] INFO  server.RaftServerConfigKeys (ConfUtils.java:logGet(46)) - raft.server.threadpool.proxy.size = 0 (default)
2023-10-31 16:05:59,798 [s0-impl-thread1] INFO  server.RaftServer (RaftServerProxy.java:initGroupDir(264)) - s0: found a subdirectory /home/runner/work/ratis/ratis/ratis-test/target/test/data/3084f93d/MiniRaftClusterWithSimulatedRpce237fa44/s0/69750052-33aa-491b-b994-f78b7583022a
2023-10-31 16:05:59,800 [Time-limited test] INFO  server.RaftServer (RaftServerProxy.java:addNew(100)) - s0: addNew group-F78B7583022A:[s0|localhost:46719, s1|localhost:38495, s2|localhost:42573] returns group-F78B7583022A:java.util.concurrent.CompletableFuture@22cc5673[Not completed]
2023-10-31 16:05:59,801 [s0-groupManagement] INFO  server.RaftServerConfigKeys (ConfUtils.java:logGet(46)) - raft.server.log.segment.size.max = 32MB (=33554432) (default)
2023-10-31 16:05:59,801 [s0-groupManagement] INFO  server.RaftServerConfigKeys (ConfUtils.java:logGet(46)) - raft.server.log.preallocated.size = 4MB (=4194304) (default)
2023-10-31 16:05:59,801 [s0-groupManagement] INFO  server.RaftServerConfigKeys (ConfUtils.java:logGet(46)) - raft.server.log.write.buffer.size = 64KB (=65536) (default)
2023-10-31 16:05:59,801 [s0-groupManagement] INFO  server.RaftServer$Division (RaftServerImpl.java:<init>(255)) - s0: new RaftServerImpl for group-F78B7583022A:[s0|localhost:46719, s1|localhost:38495, s2|localhost:42573] with SimpleStateMachine4Testing:uninitialized
2023-10-31 16:05:59,801 [s0-groupManagement] INFO  server.RaftServerConfigKeys (ConfUtils.java:logGet(46)) - raft.server.rpc.timeout.min = 150ms (default)
2023-10-31 16:05:59,801 [s0-groupManagement] INFO  server.RaftServerConfigKeys (ConfUtils.java:logGet(46)) - raft.server.rpc.timeout.max = 300ms (default)
2023-10-31 16:05:59,801 [s0-groupManagement] INFO  server.RaftServerConfigKeys (ConfUtils.java:logGet(46)) - raft.server.rpc.sleep.time = 25ms (default)
2023-10-31 16:05:59,801 [s0-groupManagement] INFO  server.RaftServerConfigKeys (ConfUtils.java:logGet(46)) - raft.server.rpc.slowness.timeout = 60s (default)
2023-10-31 16:05:59,801 [s0-groupManagement] INFO  server.RaftServerConfigKeys (ConfUtils.java:logGet(46)) - raft.server.leaderelection.leader.step-down.wait-time = 10s (default)
2023-10-31 16:05:59,802 [s0-groupManagement] INFO  server.RaftServerConfigKeys (ConfUtils.java:logGet(46)) - raft.server.sleep.deviation.threshold = 300ms (default)
2023-10-31 16:05:59,802 [s0-groupManagement] INFO  server.RaftServer$Division (ServerState.java:<init>(113)) - s0@group-F78B7583022A: ConfigurationManager, init=-1: peers:[s0|localhost:46719, s1|localhost:38495, s2|localhost:42573]|listeners:[], old=null, confs=<EMPTY_MAP>
2023-10-31 16:05:59,802 [s0-groupManagement] INFO  server.RaftServerConfigKeys (ConfUtils.java:logGet(46)) - raft.server.notification.no-leader.timeout = 60s (default)
2023-10-31 16:05:59,802 [s0-groupManagement] INFO  server.RaftServerConfigKeys (ConfUtils.java:logGet(46)) - raft.server.read.timeout = 10s (default)
2023-10-31 16:05:59,802 [s0-groupManagement] INFO  server.RaftServerConfigKeys (ConfUtils.java:logGet(46)) - raft.server.retrycache.expirytime = 60s (default)
2023-10-31 16:05:59,802 [s0-groupManagement] INFO  server.RaftServerConfigKeys (ConfUtils.java:logGet(46)) - raft.server.retrycache.statistics.expirytime = 100μs (default)
2023-10-31 16:05:59,802 [s0-groupManagement] INFO  server.RaftServerConfigKeys (ConfUtils.java:logGet(46)) - raft.server.read.option = DEFAULT (default)
2023-10-31 16:05:59,802 [s0-groupManagement] INFO  server.RaftServerConfigKeys (ConfUtils.java:logGet(46)) - raft.server.read.read-after-write-consistent.write-index-cache.expiry-time = 60s (default)
2023-10-31 16:05:59,804 [s0-groupManagement] INFO  server.RaftServerConfigKeys (ConfUtils.java:logGet(46)) - raft.server.rpc.request.timeout = 3000ms (default)
2023-10-31 16:05:59,804 [s0-groupManagement] INFO  server.RaftServerConfigKeys (ConfUtils.java:logGet(46)) - raft.server.log.appender.install.snapshot.enabled = true (default)
2023-10-31 16:05:59,805 [s0-groupManagement] INFO  server.RaftServerConfigKeys (ConfUtils.java:logGet(46)) - raft.server.threadpool.server.cached = true (default)
2023-10-31 16:05:59,805 [s0-groupManagement] INFO  server.RaftServerConfigKeys (ConfUtils.java:logGet(46)) - raft.server.threadpool.server.size = 0 (default)
2023-10-31 16:05:59,805 [s0-groupManagement] INFO  server.RaftServerConfigKeys (ConfUtils.java:logGet(46)) - raft.server.threadpool.client.cached = true (default)
2023-10-31 16:05:59,805 [s0-groupManagement] INFO  server.RaftServerConfigKeys (ConfUtils.java:logGet(46)) - raft.server.threadpool.client.size = 0 (default)
2023-10-31 16:05:59,805 [s0-impl-thread1] INFO  server.RaftServerConfigKeys (ConfUtils.java:logGet(46)) - raft.server.storage.free-space.min = 0MB (=0) (default)
2023-10-31 16:05:59,805 [s0-impl-thread1] INFO  server.RaftServerConfigKeys (ConfUtils.java:logGet(46)) - raft.server.log.corruption.policy = EXCEPTION (default)
2023-10-31 16:05:59,805 [s0-impl-thread1] INFO  server.RaftServerConfigKeys (ConfUtils.java:logGet(46)) - raft.server.storage.dir = [/home/runner/work/ratis/ratis/ratis-test/target/test/data/3084f93d/MiniRaftClusterWithSimulatedRpce237fa44/s0] (custom)
2023-10-31 16:05:59,807 [s0-impl-thread1] INFO  storage.RaftStorageDirectory (RaftStorageDirectoryImpl.java:tryLock(232)) - Lock on /home/runner/work/ratis/ratis/ratis-test/target/test/data/3084f93d/MiniRaftClusterWithSimulatedRpce237fa44/s0/69750052-33aa-491b-b994-f78b7583022a/in_use.lock acquired by nodename 3366@fv-az462-937
2023-10-31 16:05:59,808 [s0-impl-thread1] INFO  storage.RaftStorage (RaftStorageImpl.java:analyzeAndRecoverStorage(117)) - Read RaftStorageMetadata{term=1, votedFor=s0} from /home/runner/work/ratis/ratis/ratis-test/target/test/data/3084f93d/MiniRaftClusterWithSimulatedRpce237fa44/s0/69750052-33aa-491b-b994-f78b7583022a/current/raft-meta
2023-10-31 16:05:59,810 [s0-impl-thread1] INFO  server.RaftServer$Division (ServerState.java:setRaftConf(382)) - s0@group-F78B7583022A: set configuration 0: peers:[s0|localhost:46719, s1|localhost:38495, s2|localhost:42573]|listeners:[], old=null
2023-10-31 16:05:59,810 [s0-impl-thread1] INFO  impl.SimpleStateMachine4Testing (SimpleStateMachine4Testing.java:initialize(213)) - Initializing SimpleStateMachine4Testing:uninitialized
2023-10-31 16:05:59,810 [s0-impl-thread1] INFO  impl.SimpleStateMachine4Testing (SimpleStateMachine4Testing.java:loadSnapshot(296)) - Loading snapshot null
2023-10-31 16:05:59,810 [s0-impl-thread1] INFO  server.RaftServerConfigKeys (ConfUtils.java:logGet(46)) - raft.server.log.use.memory = false (default)
2023-10-31 16:05:59,811 [s0-impl-thread1] INFO  server.RaftServerConfigKeys (ConfUtils.java:logGet(46)) - raft.server.log.purge.gap = 1024 (default)
2023-10-31 16:05:59,811 [s0-impl-thread1] INFO  server.RaftServerConfigKeys (ConfUtils.java:logGet(46)) - raft.server.log.appender.buffer.byte-limit = 4MB (=4194304) (default)
2023-10-31 16:05:59,811 [s0-impl-thread1] INFO  server.RaftServerConfigKeys (ConfUtils.java:logGet(46)) - raft.server.log.statemachine.data.read.timeout = 1000ms (default)
2023-10-31 16:05:59,811 [s0-impl-thread1] INFO  server.RaftServerConfigKeys (ConfUtils.java:logGet(46)) - raft.server.log.purge.preservation.log.num = 0 (default)
2023-10-31 16:05:59,812 [s0-impl-thread1] INFO  server.RaftServerConfigKeys (ConfUtils.java:logGet(46)) - raft.server.log.segment.size.max = 8KB (=8192) (custom)
2023-10-31 16:05:59,812 [s0-impl-thread1] INFO  server.RaftServerConfigKeys (ConfUtils.java:logGet(46)) - raft.server.log.segment.cache.num.max = 6 (default)
2023-10-31 16:05:59,812 [s0-impl-thread1] INFO  server.RaftServerConfigKeys (ConfUtils.java:logGet(46)) - raft.server.log.segment.cache.size.max = 200MB (=209715200) (default)
2023-10-31 16:05:59,812 [s0-impl-thread1] INFO  server.RaftServerConfigKeys (ConfUtils.java:logGet(46)) - raft.server.log.appender.buffer.byte-limit = 4MB (=4194304) (default)
2023-10-31 16:05:59,812 [s0-impl-thread1] INFO  util.AwaitToRun (AwaitToRun.java:start(81)) - Thread[s0@group-F78B7583022A-cacheEviction-AwaitToRun,5,main] started
2023-10-31 16:05:59,813 [s0-impl-thread1] INFO  segmented.SegmentedRaftLogWorker (SegmentedRaftLogWorker.java:<init>(184)) - new s0@group-F78B7583022A-SegmentedRaftLogWorker for RaftStorageImpl:Storage Directory /home/runner/work/ratis/ratis/ratis-test/target/test/data/3084f93d/MiniRaftClusterWithSimulatedRpce237fa44/s0/69750052-33aa-491b-b994-f78b7583022a
2023-10-31 16:05:59,813 [s0-impl-thread1] INFO  server.RaftServerConfigKeys (ConfUtils.java:logGet(46)) - raft.server.log.queue.byte-limit = 64MB (=67108864) (default)
2023-10-31 16:05:59,813 [s0-impl-thread1] INFO  server.RaftServerConfigKeys (ConfUtils.java:logGet(46)) - raft.server.log.queue.element-limit = 4096 (default)
2023-10-31 16:05:59,813 [s0-impl-thread1] INFO  server.RaftServerConfigKeys (ConfUtils.java:logGet(46)) - raft.server.log.segment.size.max = 8KB (=8192) (custom)
2023-10-31 16:05:59,813 [s0-impl-thread1] INFO  server.RaftServerConfigKeys (ConfUtils.java:logGet(46)) - raft.server.log.preallocated.size = 4MB (=4194304) (default)
2023-10-31 16:05:59,813 [s0-impl-thread1] INFO  server.RaftServerConfigKeys (ConfUtils.java:logGet(46)) - raft.server.log.force.sync.num = 128 (default)
2023-10-31 16:05:59,813 [s0-impl-thread1] INFO  server.RaftServerConfigKeys (ConfUtils.java:logGet(46)) - raft.server.log.statemachine.data.sync = true (default)
2023-10-31 16:05:59,813 [s0-impl-thread1] INFO  server.RaftServerConfigKeys (ConfUtils.java:logGet(46)) - raft.server.log.statemachine.data.sync.timeout = 10s (default)
2023-10-31 16:05:59,813 [s0-impl-thread1] INFO  server.RaftServerConfigKeys (ConfUtils.java:logGet(46)) - raft.server.log.statemachine.data.sync.timeout.retry = -1 (default)
2023-10-31 16:05:59,813 [s0-impl-thread1] INFO  server.RaftServerConfigKeys (ConfUtils.java:logGet(46)) - raft.server.log.write.buffer.size = 64KB (=65536) (default)
2023-10-31 16:05:59,814 [s0-impl-thread1] INFO  server.RaftServerConfigKeys (ConfUtils.java:logGet(46)) - raft.server.log.appender.buffer.byte-limit = 4MB (=4194304) (default)
2023-10-31 16:05:59,815 [s0-impl-thread1] INFO  server.RaftServerConfigKeys (ConfUtils.java:logGet(46)) - raft.server.log.unsafe-flush.enabled = false (default)
2023-10-31 16:05:59,815 [s0-impl-thread1] INFO  server.RaftServerConfigKeys (ConfUtils.java:logGet(46)) - raft.server.log.async-flush.enabled = false (default)
2023-10-31 16:05:59,815 [s0-impl-thread1] INFO  server.RaftServerConfigKeys (ConfUtils.java:logGet(46)) - raft.server.log.statemachine.data.caching.enabled = false (default)
2023-10-31 16:05:59,819 [s0-impl-thread1] INFO  segmented.LogSegment (LogSegment.java:loadSegment(170)) - Successfully read 0 entries from segment file /home/runner/work/ratis/ratis/ratis-test/target/test/data/3084f93d/MiniRaftClusterWithSimulatedRpce237fa44/s0/69750052-33aa-491b-b994-f78b7583022a/current/log_inprogress_0
2023-10-31 16:05:59,819 [s0-impl-thread1] TRACE util.FileUtils (LogUtils.java:runAndLog(49)) - Successfully ran Files.delete /home/runner/work/ratis/ratis/ratis-test/target/test/data/3084f93d/MiniRaftClusterWithSimulatedRpce237fa44/s0/69750052-33aa-491b-b994-f78b7583022a/current/log_inprogress_0
2023-10-31 16:05:59,819 [s0-impl-thread1] INFO  segmented.SegmentedRaftLogWorker (SegmentedRaftLogWorker.java:lambda$new$0(135)) - s0@group-F78B7583022A-SegmentedRaftLogWorker: flushIndex: setUnconditionally 0 -> -1
2023-10-31 16:05:59,819 [s0-impl-thread1] INFO  segmented.SegmentedRaftLogWorker (SegmentedRaftLogWorker.java:lambda$new$0(135)) - s0@group-F78B7583022A-SegmentedRaftLogWorker: safeCacheEvictIndex: setUnconditionally 0 -> -1
2023-10-31 16:05:59,827 [s0-impl-thread1] INFO  server.RaftServer$Division (RaftServerImpl.java:start(390)) - s0@group-F78B7583022A: start as a follower, conf=0: peers:[s0|localhost:46719, s1|localhost:38495, s2|localhost:42573]|listeners:[], old=null
2023-10-31 16:05:59,827 [s0-impl-thread1] INFO  server.RaftServer$Division (RaftServerImpl.java:setRole(377)) - s0@group-F78B7583022A: changes role from      null to FOLLOWER at term 1 for startAsFollower
2023-10-31 16:05:59,828 [s0-impl-thread1] INFO  impl.RoleInfo (RoleInfo.java:updateAndGet(138)) - s0: start s0@group-F78B7583022A-FollowerState
2023-10-31 16:05:59,828 [s0-impl-thread1] INFO  util.JmxRegister (JmxRegister.java:tryRegister(44)) - Successfully registered JMX Bean with object name Ratis:service=RaftServer,group=group-F78B7583022A,id=s0
2023-10-31 16:05:59,829 [s0-impl-thread1] INFO  server.RaftServerConfigKeys (ConfUtils.java:logGet(46)) - raft.server.snapshot.trigger-when-stop.enabled = true (default)
2023-10-31 16:05:59,829 [s0-impl-thread1] INFO  server.RaftServerConfigKeys (ConfUtils.java:logGet(46)) - raft.server.snapshot.auto.trigger.enabled = false (default)
2023-10-31 16:05:59,829 [s0-impl-thread1] INFO  server.RaftServerConfigKeys (ConfUtils.java:logGet(46)) - raft.server.snapshot.retention.file.num = -1 (default)
2023-10-31 16:05:59,829 [s0-impl-thread1] INFO  server.RaftServerConfigKeys (ConfUtils.java:logGet(46)) - raft.server.log.purge.upto.snapshot.index = false (default)
2023-10-31 16:05:59,829 [s0@group-F78B7583022A-FollowerState] INFO  server.RaftServerConfigKeys (ConfUtils.java:logFallback(53)) - raft.server.rpc.first-election.timeout.min = 150ms (fallback to raft.server.rpc.timeout.min)
2023-10-31 16:05:59,829 [s0@group-F78B7583022A-FollowerState] INFO  server.RaftServerConfigKeys (ConfUtils.java:logFallback(53)) - raft.server.rpc.first-election.timeout.max = 300ms (fallback to raft.server.rpc.timeout.max)
2023-10-31 16:05:59,830 [Time-limited test] INFO  server.RaftServer (RaftServerProxy.java:startImpl(406)) - s0: start RPC server
2023-10-31 16:05:59,832 [Time-limited test] INFO  server.RaftServer (RaftServerProxy.java:lambda$close$9(416)) - s0: close
2023-10-31 16:05:59,832 [JvmPauseMonitor3] INFO  util.JvmPauseMonitor (JvmPauseMonitor.java:run(146)) - JvmPauseMonitor-s0: Started
2023-10-31 16:05:59,832 [HandlerDaemon-0] INFO  simulation.RequestHandler (RequestHandler.java:run(127)) - s0.clientHandler0 is interrupted by java.io.InterruptedIOException: 
2023-10-31 16:05:59,832 [HandlerDaemon-2] INFO  simulation.RequestHandler (RequestHandler.java:run(127)) - s0.clientHandler2 is interrupted by java.io.InterruptedIOException: 
2023-10-31 16:05:59,832 [s0-impl-thread1] INFO  server.RaftServer$Division (RaftServerImpl.java:lambda$close$3(514)) - s0@group-F78B7583022A: shutdown
2023-10-31 16:05:59,833 [s0-impl-thread1] INFO  util.JmxRegister (JmxRegister.java:unregister(73)) - Successfully un-registered JMX Bean with object name Ratis:service=RaftServer,group=group-F78B7583022A,id=s0
2023-10-31 16:05:59,833 [s0-impl-thread1] INFO  impl.RoleInfo (RoleInfo.java:shutdownFollowerState(109)) - s0: shutdown s0@group-F78B7583022A-FollowerState
2023-10-31 16:05:59,833 [s0-impl-thread1] INFO  impl.StateMachineUpdater (StateMachineUpdater.java:stopAndJoin(157)) - s0@group-F78B7583022A-StateMachineUpdater: set stopIndex = -1
2023-10-31 16:05:59,832 [HandlerDaemon-1] INFO  simulation.RequestHandler (RequestHandler.java:run(127)) - s0.clientHandler1 is interrupted by java.io.InterruptedIOException: 
2023-10-31 16:05:59,833 [s0@group-F78B7583022A-FollowerState] INFO  impl.FollowerState (FollowerState.java:run(152)) - s0@group-F78B7583022A-FollowerState was interrupted
2023-10-31 16:05:59,834 [s0-impl-thread1] INFO  server.RaftServer$Division (ServerState.java:close(423)) - s0@group-F78B7583022A: applyIndex: -1
2023-10-31 16:05:59,834 [HandlerDaemon-2] INFO  simulation.RequestHandler (RequestHandler.java:run(127)) - s0.serverHandler2 is interrupted by java.io.InterruptedIOException: 
2023-10-31 16:05:59,834 [s0@group-F78B7583022A-cacheEviction-AwaitToRun] INFO  util.AwaitToRun (AwaitToRun.java:run(49)) - s0@group-F78B7583022A-cacheEviction-AwaitToRun-AwaitForSignal is interrupted
2023-10-31 16:05:59,834 [HandlerDaemon-1] INFO  simulation.RequestHandler (RequestHandler.java:run(127)) - s0.serverHandler1 is interrupted by java.io.InterruptedIOException: 
2023-10-31 16:05:59,834 [HandlerDaemon-0] INFO  simulation.RequestHandler (RequestHandler.java:run(127)) - s0.serverHandler0 is interrupted by java.io.InterruptedIOException: 
2023-10-31 16:06:00,829 [s0-impl-thread1] INFO  segmented.SegmentedRaftLogWorker (SegmentedRaftLogWorker.java:close(243)) - s0@group-F78B7583022A-SegmentedRaftLogWorker close()
2023-10-31 16:06:00,830 [JvmPauseMonitor3] INFO  util.JvmPauseMonitor (JvmPauseMonitor.java:run(152)) - JvmPauseMonitor-s0: Stopped
2023-10-31 16:06:00,831 [Time-limited test] INFO  simulation.TestServerRestartWithSimulatedRpc (ServerRestartTests.java:lambda$assertCorruptedLogHeader$5(222)) - header    = 526166744c6f6731
2023-10-31 16:06:00,831 [Time-limited test] INFO  simulation.TestServerRestartWithSimulatedRpc (ServerRestartTests.java:lambda$assertCorruptedLogHeader$5(225)) - corrupted = 5200000000000000
2023-10-31 16:06:00,831 [Time-limited test] INFO  impl.MiniRaftCluster (MiniRaftCluster.java:killServer(533)) - killServer s0
2023-10-31 16:06:00,831 [Time-limited test] INFO  impl.MiniRaftCluster (MiniRaftCluster.java:newRaftServer(382)) - newRaftServer: s0, group-F78B7583022A:[s0|localhost:46719, s1|localhost:38495, s2|localhost:42573], format? false
2023-10-31 16:06:00,831 [Time-limited test] INFO  server.RaftServer (ConfUtils.java:logGet(46)) - raft.rpc.type = org.apache.ratis.server.simulation.SimulatedRpc (custom)
2023-10-31 16:06:00,832 [Time-limited test] INFO  impl.DataStreamServerImpl (ConfUtils.java:logGet(46)) - raft.datastream.type = DISABLED (default)
2023-10-31 16:06:00,832 [Time-limited test] INFO  server.RaftServerConfigKeys (ConfUtils.java:logGet(46)) - raft.server.sleep.deviation.threshold = 300ms (default)
2023-10-31 16:06:00,832 [Time-limited test] INFO  server.RaftServerConfigKeys (ConfUtils.java:logGet(46)) - raft.server.close.threshold = 60s (default)
2023-10-31 16:06:00,832 [Time-limited test] INFO  server.RaftServerConfigKeys (ConfUtils.java:logGet(46)) - raft.server.leaderelection.leader.step-down.wait-time = 10s (default)
2023-10-31 16:06:00,832 [Time-limited test] INFO  server.RaftServerConfigKeys (ConfUtils.java:logGet(46)) - raft.server.storage.dir = [/home/runner/work/ratis/ratis/ratis-test/target/test/data/3084f93d/MiniRaftClusterWithSimulatedRpce237fa44/s0] (custom)
2023-10-31 16:06:00,832 [Time-limited test] INFO  server.RaftServerConfigKeys (ConfUtils.java:logGet(46)) - raft.server.threadpool.proxy.cached = true (default)
2023-10-31 16:06:00,832 [Time-limited test] INFO  server.RaftServerConfigKeys (ConfUtils.java:logGet(46)) - raft.server.threadpool.proxy.size = 0 (default)
2023-10-31 16:06:00,837 [s0-impl-thread1] INFO  server.RaftServer (RaftServerProxy.java:initGroupDir(264)) - s0: found a subdirectory /home/runner/work/ratis/ratis/ratis-test/target/test/data/3084f93d/MiniRaftClusterWithSimulatedRpce237fa44/s0/69750052-33aa-491b-b994-f78b7583022a
2023-10-31 16:06:00,838 [Time-limited test] INFO  server.RaftServer (RaftServerProxy.java:addNew(100)) - s0: addNew group-F78B7583022A:[s0|localhost:46719, s1|localhost:38495, s2|localhost:42573] returns group-F78B7583022A:java.util.concurrent.CompletableFuture@57be2901[Not completed]
2023-10-31 16:06:00,838 [s0-groupManagement] INFO  server.RaftServerConfigKeys (ConfUtils.java:logGet(46)) - raft.server.log.segment.size.max = 32MB (=33554432) (default)
2023-10-31 16:06:00,838 [s0-groupManagement] INFO  server.RaftServerConfigKeys (ConfUtils.java:logGet(46)) - raft.server.log.preallocated.size = 4MB (=4194304) (default)
2023-10-31 16:06:00,838 [s0-groupManagement] INFO  server.RaftServerConfigKeys (ConfUtils.java:logGet(46)) - raft.server.log.write.buffer.size = 64KB (=65536) (default)
2023-10-31 16:06:00,838 [s0-groupManagement] INFO  server.RaftServer$Division (RaftServerImpl.java:<init>(255)) - s0: new RaftServerImpl for group-F78B7583022A:[s0|localhost:46719, s1|localhost:38495, s2|localhost:42573] with SimpleStateMachine4Testing:uninitialized
2023-10-31 16:06:00,838 [s0-groupManagement] INFO  server.RaftServerConfigKeys (ConfUtils.java:logGet(46)) - raft.server.rpc.timeout.min = 150ms (default)
2023-10-31 16:06:00,839 [s0-groupManagement] INFO  server.RaftServerConfigKeys (ConfUtils.java:logGet(46)) - raft.server.rpc.timeout.max = 300ms (default)
2023-10-31 16:06:00,839 [s0-groupManagement] INFO  server.RaftServerConfigKeys (ConfUtils.java:logGet(46)) - raft.server.rpc.sleep.time = 25ms (default)
2023-10-31 16:06:00,839 [s0-groupManagement] INFO  server.RaftServerConfigKeys (ConfUtils.java:logGet(46)) - raft.server.rpc.slowness.timeout = 60s (default)
2023-10-31 16:06:00,839 [s0-groupManagement] INFO  server.RaftServerConfigKeys (ConfUtils.java:logGet(46)) - raft.server.leaderelection.leader.step-down.wait-time = 10s (default)
2023-10-31 16:06:00,839 [s0-groupManagement] INFO  server.RaftServerConfigKeys (ConfUtils.java:logGet(46)) - raft.server.sleep.deviation.threshold = 300ms (default)
2023-10-31 16:06:00,839 [s0-groupManagement] INFO  server.RaftServer$Division (ServerState.java:<init>(113)) - s0@group-F78B7583022A: ConfigurationManager, init=-1: peers:[s0|localhost:46719, s1|localhost:38495, s2|localhost:42573]|listeners:[], old=null, confs=<EMPTY_MAP>
2023-10-31 16:06:00,839 [s0-groupManagement] INFO  server.RaftServerConfigKeys (ConfUtils.java:logGet(46)) - raft.server.notification.no-leader.timeout = 60s (default)
2023-10-31 16:06:00,839 [s0-groupManagement] INFO  server.RaftServerConfigKeys (ConfUtils.java:logGet(46)) - raft.server.read.timeout = 10s (default)
2023-10-31 16:06:00,839 [s0-groupManagement] INFO  server.RaftServerConfigKeys (ConfUtils.java:logGet(46)) - raft.server.retrycache.expirytime = 60s (default)
2023-10-31 16:06:00,839 [s0-groupManagement] INFO  server.RaftServerConfigKeys (ConfUtils.java:logGet(46)) - raft.server.retrycache.statistics.expirytime = 100μs (default)
2023-10-31 16:06:00,839 [s0-groupManagement] INFO  server.RaftServerConfigKeys (ConfUtils.java:logGet(46)) - raft.server.read.option = DEFAULT (default)
2023-10-31 16:06:00,839 [s0-groupManagement] INFO  server.RaftServerConfigKeys (ConfUtils.java:logGet(46)) - raft.server.read.read-after-write-consistent.write-index-cache.expiry-time = 60s (default)
2023-10-31 16:06:00,841 [s0-groupManagement] INFO  server.RaftServerConfigKeys (ConfUtils.java:logGet(46)) - raft.server.rpc.request.timeout = 3000ms (default)
2023-10-31 16:06:00,841 [s0-groupManagement] INFO  server.RaftServerConfigKeys (ConfUtils.java:logGet(46)) - raft.server.log.appender.install.snapshot.enabled = true (default)
2023-10-31 16:06:00,841 [s0-groupManagement] INFO  server.RaftServerConfigKeys (ConfUtils.java:logGet(46)) - raft.server.threadpool.server.cached = true (default)
2023-10-31 16:06:00,841 [s0-groupManagement] INFO  server.RaftServerConfigKeys (ConfUtils.java:logGet(46)) - raft.server.threadpool.server.size = 0 (default)
2023-10-31 16:06:00,841 [s0-groupManagement] INFO  server.RaftServerConfigKeys (ConfUtils.java:logGet(46)) - raft.server.threadpool.client.cached = true (default)
2023-10-31 16:06:00,841 [s0-groupManagement] INFO  server.RaftServerConfigKeys (ConfUtils.java:logGet(46)) - raft.server.threadpool.client.size = 0 (default)
2023-10-31 16:06:00,842 [s0-impl-thread1] INFO  server.RaftServerConfigKeys (ConfUtils.java:logGet(46)) - raft.server.storage.free-space.min = 0MB (=0) (default)
2023-10-31 16:06:00,842 [s0-impl-thread1] INFO  server.RaftServerConfigKeys (ConfUtils.java:logGet(46)) - raft.server.log.corruption.policy = EXCEPTION (default)
2023-10-31 16:06:00,842 [s0-impl-thread1] INFO  server.RaftServerConfigKeys (ConfUtils.java:logGet(46)) - raft.server.storage.dir = [/home/runner/work/ratis/ratis/ratis-test/target/test/data/3084f93d/MiniRaftClusterWithSimulatedRpce237fa44/s0] (custom)
2023-10-31 16:06:00,844 [s0-impl-thread1] INFO  storage.RaftStorageDirectory (RaftStorageDirectoryImpl.java:tryLock(232)) - Lock on /home/runner/work/ratis/ratis/ratis-test/target/test/data/3084f93d/MiniRaftClusterWithSimulatedRpce237fa44/s0/69750052-33aa-491b-b994-f78b7583022a/in_use.lock acquired by nodename 3366@fv-az462-937
2023-10-31 16:06:00,844 [s0-impl-thread1] INFO  storage.RaftStorage (RaftStorageImpl.java:analyzeAndRecoverStorage(117)) - Read RaftStorageMetadata{term=1, votedFor=s0} from /home/runner/work/ratis/ratis/ratis-test/target/test/data/3084f93d/MiniRaftClusterWithSimulatedRpce237fa44/s0/69750052-33aa-491b-b994-f78b7583022a/current/raft-meta
2023-10-31 16:06:00,845 [s0-impl-thread1] INFO  server.RaftServer$Division (ServerState.java:setRaftConf(382)) - s0@group-F78B7583022A: set configuration 0: peers:[s0|localhost:46719, s1|localhost:38495, s2|localhost:42573]|listeners:[], old=null
2023-10-31 16:06:00,845 [s0-impl-thread1] INFO  impl.SimpleStateMachine4Testing (SimpleStateMachine4Testing.java:initialize(213)) - Initializing SimpleStateMachine4Testing:uninitialized
2023-10-31 16:06:00,845 [s0-impl-thread1] INFO  impl.SimpleStateMachine4Testing (SimpleStateMachine4Testing.java:loadSnapshot(296)) - Loading snapshot null
2023-10-31 16:06:00,845 [s0-impl-thread1] INFO  server.RaftServerConfigKeys (ConfUtils.java:logGet(46)) - raft.server.log.use.memory = false (default)
2023-10-31 16:06:00,845 [s0-impl-thread1] INFO  server.RaftServerConfigKeys (ConfUtils.java:logGet(46)) - raft.server.log.purge.gap = 1024 (default)
2023-10-31 16:06:00,845 [s0-impl-thread1] INFO  server.RaftServerConfigKeys (ConfUtils.java:logGet(46)) - raft.server.log.appender.buffer.byte-limit = 4MB (=4194304) (default)
2023-10-31 16:06:00,846 [s0-impl-thread1] INFO  server.RaftServerConfigKeys (ConfUtils.java:logGet(46)) - raft.server.log.statemachine.data.read.timeout = 1000ms (default)
2023-10-31 16:06:00,846 [s0-impl-thread1] INFO  server.RaftServerConfigKeys (ConfUtils.java:logGet(46)) - raft.server.log.purge.preservation.log.num = 0 (default)
2023-10-31 16:06:00,847 [s0-impl-thread1] INFO  server.RaftServerConfigKeys (ConfUtils.java:logGet(46)) - raft.server.log.segment.size.max = 8KB (=8192) (custom)
2023-10-31 16:06:00,847 [s0-impl-thread1] INFO  server.RaftServerConfigKeys (ConfUtils.java:logGet(46)) - raft.server.log.segment.cache.num.max = 6 (default)
2023-10-31 16:06:00,847 [s0-impl-thread1] INFO  server.RaftServerConfigKeys (ConfUtils.java:logGet(46)) - raft.server.log.segment.cache.size.max = 200MB (=209715200) (default)
2023-10-31 16:06:00,847 [s0-impl-thread1] INFO  server.RaftServerConfigKeys (ConfUtils.java:logGet(46)) - raft.server.log.appender.buffer.byte-limit = 4MB (=4194304) (default)
2023-10-31 16:06:00,847 [s0-impl-thread1] INFO  util.AwaitToRun (AwaitToRun.java:start(81)) - Thread[s0@group-F78B7583022A-cacheEviction-AwaitToRun,5,main] started
2023-10-31 16:06:00,847 [s0-impl-thread1] INFO  segmented.SegmentedRaftLogWorker (SegmentedRaftLogWorker.java:<init>(184)) - new s0@group-F78B7583022A-SegmentedRaftLogWorker for RaftStorageImpl:Storage Directory /home/runner/work/ratis/ratis/ratis-test/target/test/data/3084f93d/MiniRaftClusterWithSimulatedRpce237fa44/s0/69750052-33aa-491b-b994-f78b7583022a
2023-10-31 16:06:00,847 [s0-impl-thread1] INFO  server.RaftServerConfigKeys (ConfUtils.java:logGet(46)) - raft.server.log.queue.byte-limit = 64MB (=67108864) (default)
2023-10-31 16:06:00,847 [s0-impl-thread1] INFO  server.RaftServerConfigKeys (ConfUtils.java:logGet(46)) - raft.server.log.queue.element-limit = 4096 (default)
2023-10-31 16:06:00,847 [s0-impl-thread1] INFO  server.RaftServerConfigKeys (ConfUtils.java:logGet(46)) - raft.server.log.segment.size.max = 8KB (=8192) (custom)
2023-10-31 16:06:00,847 [s0-impl-thread1] INFO  server.RaftServerConfigKeys (ConfUtils.java:logGet(46)) - raft.server.log.preallocated.size = 4MB (=4194304) (default)
2023-10-31 16:06:00,847 [s0-impl-thread1] INFO  server.RaftServerConfigKeys (ConfUtils.java:logGet(46)) - raft.server.log.force.sync.num = 128 (default)
2023-10-31 16:06:00,848 [s0-impl-thread1] INFO  server.RaftServerConfigKeys (ConfUtils.java:logGet(46)) - raft.server.log.statemachine.data.sync = true (default)
2023-10-31 16:06:00,848 [s0-impl-thread1] INFO  server.RaftServerConfigKeys (ConfUtils.java:logGet(46)) - raft.server.log.statemachine.data.sync.timeout = 10s (default)
2023-10-31 16:06:00,848 [s0-impl-thread1] INFO  server.RaftServerConfigKeys (ConfUtils.java:logGet(46)) - raft.server.log.statemachine.data.sync.timeout.retry = -1 (default)
2023-10-31 16:06:00,848 [s0-impl-thread1] INFO  server.RaftServerConfigKeys (ConfUtils.java:logGet(46)) - raft.server.log.write.buffer.size = 64KB (=65536) (default)
2023-10-31 16:06:00,848 [s0-impl-thread1] INFO  server.RaftServerConfigKeys (ConfUtils.java:logGet(46)) - raft.server.log.appender.buffer.byte-limit = 4MB (=4194304) (default)
2023-10-31 16:06:00,850 [s0-impl-thread1] INFO  server.RaftServerConfigKeys (ConfUtils.java:logGet(46)) - raft.server.log.unsafe-flush.enabled = false (default)
2023-10-31 16:06:00,850 [s0-impl-thread1] INFO  server.RaftServerConfigKeys (ConfUtils.java:logGet(46)) - raft.server.log.async-flush.enabled = false (default)
2023-10-31 16:06:00,850 [s0-impl-thread1] INFO  server.RaftServerConfigKeys (ConfUtils.java:logGet(46)) - raft.server.log.statemachine.data.caching.enabled = false (default)
2023-10-31 16:06:00,851 [s0-impl-thread1] INFO  segmented.LogSegment (LogSegment.java:loadSegment(170)) - Successfully read 0 entries from segment file /home/runner/work/ratis/ratis/ratis-test/target/test/data/3084f93d/MiniRaftClusterWithSimulatedRpce237fa44/s0/69750052-33aa-491b-b994-f78b7583022a/current/log_inprogress_0
2023-10-31 16:06:00,851 [s0-impl-thread1] TRACE util.FileUtils (LogUtils.java:runAndLog(49)) - Successfully ran Files.delete /home/runner/work/ratis/ratis/ratis-test/target/test/data/3084f93d/MiniRaftClusterWithSimulatedRpce237fa44/s0/69750052-33aa-491b-b994-f78b7583022a/current/log_inprogress_0
2023-10-31 16:06:00,851 [s0-impl-thread1] INFO  segmented.SegmentedRaftLogWorker (SegmentedRaftLogWorker.java:lambda$new$0(135)) - s0@group-F78B7583022A-SegmentedRaftLogWorker: flushIndex: setUnconditionally 0 -> -1
2023-10-31 16:06:00,851 [s0-impl-thread1] INFO  segmented.SegmentedRaftLogWorker (SegmentedRaftLogWorker.java:lambda$new$0(135)) - s0@group-F78B7583022A-SegmentedRaftLogWorker: safeCacheEvictIndex: setUnconditionally 0 -> -1
2023-10-31 16:06:00,851 [s0-impl-thread1] INFO  server.RaftServer$Division (RaftServerImpl.java:start(390)) - s0@group-F78B7583022A: start as a follower, conf=0: peers:[s0|localhost:46719, s1|localhost:38495, s2|localhost:42573]|listeners:[], old=null
2023-10-31 16:06:00,851 [s0-impl-thread1] INFO  server.RaftServer$Division (RaftServerImpl.java:setRole(377)) - s0@group-F78B7583022A: changes role from      null to FOLLOWER at term 1 for startAsFollower
2023-10-31 16:06:00,851 [s0-impl-thread1] INFO  impl.RoleInfo (RoleInfo.java:updateAndGet(138)) - s0: start s0@group-F78B7583022A-FollowerState
2023-10-31 16:06:00,852 [s0@group-F78B7583022A-FollowerState] INFO  server.RaftServerConfigKeys (ConfUtils.java:logFallback(53)) - raft.server.rpc.first-election.timeout.min = 150ms (fallback to raft.server.rpc.timeout.min)
2023-10-31 16:06:00,852 [s0-impl-thread1] INFO  util.JmxRegister (JmxRegister.java:tryRegister(44)) - Successfully registered JMX Bean with object name Ratis:service=RaftServer,group=group-F78B7583022A,id=s0
2023-10-31 16:06:00,852 [s0@group-F78B7583022A-FollowerState] INFO  server.RaftServerConfigKeys (ConfUtils.java:logFallback(53)) - raft.server.rpc.first-election.timeout.max = 300ms (fallback to raft.server.rpc.timeout.max)
2023-10-31 16:06:00,853 [s0-impl-thread1] INFO  server.RaftServerConfigKeys (ConfUtils.java:logGet(46)) - raft.server.snapshot.trigger-when-stop.enabled = true (default)
2023-10-31 16:06:00,853 [s0-impl-thread1] INFO  server.RaftServerConfigKeys (ConfUtils.java:logGet(46)) - raft.server.snapshot.auto.trigger.enabled = false (default)
2023-10-31 16:06:00,853 [s0-impl-thread1] INFO  server.RaftServerConfigKeys (ConfUtils.java:logGet(46)) - raft.server.snapshot.retention.file.num = -1 (default)
2023-10-31 16:06:00,853 [s0-impl-thread1] INFO  server.RaftServerConfigKeys (ConfUtils.java:logGet(46)) - raft.server.log.purge.upto.snapshot.index = false (default)
2023-10-31 16:06:00,853 [Time-limited test] INFO  server.RaftServer (RaftServerProxy.java:startImpl(406)) - s0: start RPC server
2023-10-31 16:06:00,859 [Time-limited test] INFO  server.RaftServer (RaftServerProxy.java:lambda$close$9(416)) - s0: close
2023-10-31 16:06:00,859 [s0-impl-thread1] INFO  server.RaftServer$Division (RaftServerImpl.java:lambda$close$3(514)) - s0@group-F78B7583022A: shutdown
2023-10-31 16:06:00,859 [HandlerDaemon-0] INFO  simulation.RequestHandler (RequestHandler.java:run(127)) - s0.clientHandler0 is interrupted by java.io.InterruptedIOException: 
2023-10-31 16:06:00,859 [s0-impl-thread1] INFO  util.JmxRegister (JmxRegister.java:unregister(73)) - Successfully un-registered JMX Bean with object name Ratis:service=RaftServer,group=group-F78B7583022A,id=s0
2023-10-31 16:06:00,859 [s0-impl-thread1] INFO  impl.RoleInfo (RoleInfo.java:shutdownFollowerState(109)) - s0: shutdown s0@group-F78B7583022A-FollowerState
2023-10-31 16:06:00,859 [HandlerDaemon-1] INFO  simulation.RequestHandler (RequestHandler.java:run(127)) - s0.clientHandler1 is interrupted by java.io.InterruptedIOException: 
2023-10-31 16:06:00,859 [s0-impl-thread1] INFO  impl.StateMachineUpdater (StateMachineUpdater.java:stopAndJoin(157)) - s0@group-F78B7583022A-StateMachineUpdater: set stopIndex = -1
2023-10-31 16:06:00,859 [HandlerDaemon-2] INFO  simulation.RequestHandler (RequestHandler.java:run(127)) - s0.clientHandler2 is interrupted by java.io.InterruptedIOException: 
2023-10-31 16:06:00,859 [s0@group-F78B7583022A-FollowerState] INFO  impl.FollowerState (FollowerState.java:run(152)) - s0@group-F78B7583022A-FollowerState was interrupted
2023-10-31 16:06:00,859 [JvmPauseMonitor4] INFO  util.JvmPauseMonitor (JvmPauseMonitor.java:run(146)) - JvmPauseMonitor-s0: Started
2023-10-31 16:06:00,861 [HandlerDaemon-2] INFO  simulation.RequestHandler (RequestHandler.java:run(127)) - s0.serverHandler2 is interrupted by java.io.InterruptedIOException: 
2023-10-31 16:06:00,861 [s0-impl-thread1] INFO  server.RaftServer$Division (ServerState.java:close(423)) - s0@group-F78B7583022A: applyIndex: -1
2023-10-31 16:06:00,861 [s0@group-F78B7583022A-cacheEviction-AwaitToRun] INFO  util.AwaitToRun (AwaitToRun.java:run(49)) - s0@group-F78B7583022A-cacheEviction-AwaitToRun-AwaitForSignal is interrupted
2023-10-31 16:06:00,861 [HandlerDaemon-1] INFO  simulation.RequestHandler (RequestHandler.java:run(127)) - s0.serverHandler1 is interrupted by java.io.InterruptedIOException: 
2023-10-31 16:06:00,860 [HandlerDaemon-0] INFO  simulation.RequestHandler (RequestHandler.java:run(127)) - s0.serverHandler0 is interrupted by java.io.InterruptedIOException: 
2023-10-31 16:06:01,852 [s0-impl-thread1] INFO  segmented.SegmentedRaftLogWorker (SegmentedRaftLogWorker.java:close(243)) - s0@group-F78B7583022A-SegmentedRaftLogWorker close()
2023-10-31 16:06:01,854 [JvmPauseMonitor4] INFO  util.JvmPauseMonitor (JvmPauseMonitor.java:run(152)) - JvmPauseMonitor-s0: Stopped
2023-10-31 16:06:01,855 [Time-limited test] INFO  simulation.TestServerRestartWithSimulatedRpc (ServerRestartTests.java:lambda$assertCorruptedLogHeader$5(222)) - header    = 526166744c6f6731
2023-10-31 16:06:01,855 [Time-limited test] INFO  simulation.TestServerRestartWithSimulatedRpc (ServerRestartTests.java:lambda$assertCorruptedLogHeader$5(225)) - corrupted = 5261000000000000
2023-10-31 16:06:01,855 [Time-limited test] INFO  impl.MiniRaftCluster (MiniRaftCluster.java:killServer(533)) - killServer s0
2023-10-31 16:06:01,855 [Time-limited test] INFO  impl.MiniRaftCluster (MiniRaftCluster.java:newRaftServer(382)) - newRaftServer: s0, group-F78B7583022A:[s0|localhost:46719, s1|localhost:38495, s2|localhost:42573], format? false
2023-10-31 16:06:01,855 [Time-limited test] INFO  server.RaftServer (ConfUtils.java:logGet(46)) - raft.rpc.type = org.apache.ratis.server.simulation.SimulatedRpc (custom)
2023-10-31 16:06:01,855 [Time-limited test] INFO  impl.DataStreamServerImpl (ConfUtils.java:logGet(46)) - raft.datastream.type = DISABLED (default)
2023-10-31 16:06:01,855 [Time-limited test] INFO  server.RaftServerConfigKeys (ConfUtils.java:logGet(46)) - raft.server.sleep.deviation.threshold = 300ms (default)
2023-10-31 16:06:01,856 [Time-limited test] INFO  server.RaftServerConfigKeys (ConfUtils.java:logGet(46)) - raft.server.close.threshold = 60s (default)
2023-10-31 16:06:01,856 [Time-limited test] INFO  server.RaftServerConfigKeys (ConfUtils.java:logGet(46)) - raft.server.leaderelection.leader.step-down.wait-time = 10s (default)
2023-10-31 16:06:01,856 [Time-limited test] INFO  server.RaftServerConfigKeys (ConfUtils.java:logGet(46)) - raft.server.storage.dir = [/home/runner/work/ratis/ratis/ratis-test/target/test/data/3084f93d/MiniRaftClusterWithSimulatedRpce237fa44/s0] (custom)
2023-10-31 16:06:01,856 [Time-limited test] INFO  server.RaftServerConfigKeys (ConfUtils.java:logGet(46)) - raft.server.threadpool.proxy.cached = true (default)
2023-10-31 16:06:01,856 [Time-limited test] INFO  server.RaftServerConfigKeys (ConfUtils.java:logGet(46)) - raft.server.threadpool.proxy.size = 0 (default)
2023-10-31 16:06:01,856 [s0-impl-thread1] INFO  server.RaftServer (RaftServerProxy.java:initGroupDir(264)) - s0: found a subdirectory /home/runner/work/ratis/ratis/ratis-test/target/test/data/3084f93d/MiniRaftClusterWithSimulatedRpce237fa44/s0/69750052-33aa-491b-b994-f78b7583022a
2023-10-31 16:06:01,857 [Time-limited test] INFO  server.RaftServer (RaftServerProxy.java:addNew(100)) - s0: addNew group-F78B7583022A:[s0|localhost:46719, s1|localhost:38495, s2|localhost:42573] returns group-F78B7583022A:java.util.concurrent.CompletableFuture@1e30899d[Not completed]
2023-10-31 16:06:01,857 [s0-groupManagement] INFO  server.RaftServerConfigKeys (ConfUtils.java:logGet(46)) - raft.server.log.segment.size.max = 32MB (=33554432) (default)
2023-10-31 16:06:01,857 [s0-groupManagement] INFO  server.RaftServerConfigKeys (ConfUtils.java:logGet(46)) - raft.server.log.preallocated.size = 4MB (=4194304) (default)
2023-10-31 16:06:01,857 [s0-groupManagement] INFO  server.RaftServerConfigKeys (ConfUtils.java:logGet(46)) - raft.server.log.write.buffer.size = 64KB (=65536) (default)
2023-10-31 16:06:01,857 [s0-groupManagement] INFO  server.RaftServer$Division (RaftServerImpl.java:<init>(255)) - s0: new RaftServerImpl for group-F78B7583022A:[s0|localhost:46719, s1|localhost:38495, s2|localhost:42573] with SimpleStateMachine4Testing:uninitialized
2023-10-31 16:06:01,857 [s0-groupManagement] INFO  server.RaftServerConfigKeys (ConfUtils.java:logGet(46)) - raft.server.rpc.timeout.min = 150ms (default)
2023-10-31 16:06:01,857 [s0-groupManagement] INFO  server.RaftServerConfigKeys (ConfUtils.java:logGet(46)) - raft.server.rpc.timeout.max = 300ms (default)
2023-10-31 16:06:01,857 [s0-groupManagement] INFO  server.RaftServerConfigKeys (ConfUtils.java:logGet(46)) - raft.server.rpc.sleep.time = 25ms (default)
2023-10-31 16:06:01,858 [s0-groupManagement] INFO  server.RaftServerConfigKeys (ConfUtils.java:logGet(46)) - raft.server.rpc.slowness.timeout = 60s (default)
2023-10-31 16:06:01,858 [s0-groupManagement] INFO  server.RaftServerConfigKeys (ConfUtils.java:logGet(46)) - raft.server.leaderelection.leader.step-down.wait-time = 10s (default)
2023-10-31 16:06:01,858 [s0-groupManagement] INFO  server.RaftServerConfigKeys (ConfUtils.java:logGet(46)) - raft.server.sleep.deviation.threshold = 300ms (default)
2023-10-31 16:06:01,858 [s0-groupManagement] INFO  server.RaftServer$Division (ServerState.java:<init>(113)) - s0@group-F78B7583022A: ConfigurationManager, init=-1: peers:[s0|localhost:46719, s1|localhost:38495, s2|localhost:42573]|listeners:[], old=null, confs=<EMPTY_MAP>
2023-10-31 16:06:01,858 [s0-groupManagement] INFO  server.RaftServerConfigKeys (ConfUtils.java:logGet(46)) - raft.server.notification.no-leader.timeout = 60s (default)
2023-10-31 16:06:01,858 [s0-groupManagement] INFO  server.RaftServerConfigKeys (ConfUtils.java:logGet(46)) - raft.server.read.timeout = 10s (default)
2023-10-31 16:06:01,858 [s0-groupManagement] INFO  server.RaftServerConfigKeys (ConfUtils.java:logGet(46)) - raft.server.retrycache.expirytime = 60s (default)
2023-10-31 16:06:01,859 [s0-groupManagement] INFO  server.RaftServerConfigKeys (ConfUtils.java:logGet(46)) - raft.server.retrycache.statistics.expirytime = 100μs (default)
2023-10-31 16:06:01,859 [s0-groupManagement] INFO  server.RaftServerConfigKeys (ConfUtils.java:logGet(46)) - raft.server.read.option = DEFAULT (default)
2023-10-31 16:06:01,859 [s0-groupManagement] INFO  server.RaftServerConfigKeys (ConfUtils.java:logGet(46)) - raft.server.read.read-after-write-consistent.write-index-cache.expiry-time = 60s (default)
2023-10-31 16:06:01,860 [s0-groupManagement] INFO  server.RaftServerConfigKeys (ConfUtils.java:logGet(46)) - raft.server.rpc.request.timeout = 3000ms (default)
2023-10-31 16:06:01,861 [s0-groupManagement] INFO  server.RaftServerConfigKeys (ConfUtils.java:logGet(46)) - raft.server.log.appender.install.snapshot.enabled = true (default)
2023-10-31 16:06:01,861 [s0-groupManagement] INFO  server.RaftServerConfigKeys (ConfUtils.java:logGet(46)) - raft.server.threadpool.server.cached = true (default)
2023-10-31 16:06:01,861 [s0-groupManagement] INFO  server.RaftServerConfigKeys (ConfUtils.java:logGet(46)) - raft.server.threadpool.server.size = 0 (default)
2023-10-31 16:06:01,861 [s0-groupManagement] INFO  server.RaftServerConfigKeys (ConfUtils.java:logGet(46)) - raft.server.threadpool.client.cached = true (default)
2023-10-31 16:06:01,861 [s0-groupManagement] INFO  server.RaftServerConfigKeys (ConfUtils.java:logGet(46)) - raft.server.threadpool.client.size = 0 (default)
2023-10-31 16:06:01,861 [s0-impl-thread1] INFO  server.RaftServerConfigKeys (ConfUtils.java:logGet(46)) - raft.server.storage.free-space.min = 0MB (=0) (default)
2023-10-31 16:06:01,861 [s0-impl-thread1] INFO  server.RaftServerConfigKeys (ConfUtils.java:logGet(46)) - raft.server.log.corruption.policy = EXCEPTION (default)
2023-10-31 16:06:01,861 [s0-impl-thread1] INFO  server.RaftServerConfigKeys (ConfUtils.java:logGet(46)) - raft.server.storage.dir = [/home/runner/work/ratis/ratis/ratis-test/target/test/data/3084f93d/MiniRaftClusterWithSimulatedRpce237fa44/s0] (custom)
2023-10-31 16:06:01,862 [s0-impl-thread1] INFO  storage.RaftStorageDirectory (RaftStorageDirectoryImpl.java:tryLock(232)) - Lock on /home/runner/work/ratis/ratis/ratis-test/target/test/data/3084f93d/MiniRaftClusterWithSimulatedRpce237fa44/s0/69750052-33aa-491b-b994-f78b7583022a/in_use.lock acquired by nodename 3366@fv-az462-937
2023-10-31 16:06:01,863 [s0-impl-thread1] INFO  storage.RaftStorage (RaftStorageImpl.java:analyzeAndRecoverStorage(117)) - Read RaftStorageMetadata{term=1, votedFor=s0} from /home/runner/work/ratis/ratis/ratis-test/target/test/data/3084f93d/MiniRaftClusterWithSimulatedRpce237fa44/s0/69750052-33aa-491b-b994-f78b7583022a/current/raft-meta
2023-10-31 16:06:01,865 [s0-impl-thread1] INFO  server.RaftServer$Division (ServerState.java:setRaftConf(382)) - s0@group-F78B7583022A: set configuration 0: peers:[s0|localhost:46719, s1|localhost:38495, s2|localhost:42573]|listeners:[], old=null
2023-10-31 16:06:01,866 [s0-impl-thread1] INFO  impl.SimpleStateMachine4Testing (SimpleStateMachine4Testing.java:initialize(213)) - Initializing SimpleStateMachine4Testing:uninitialized
2023-10-31 16:06:01,866 [s0-impl-thread1] INFO  impl.SimpleStateMachine4Testing (SimpleStateMachine4Testing.java:loadSnapshot(296)) - Loading snapshot null
2023-10-31 16:06:01,866 [s0-impl-thread1] INFO  server.RaftServerConfigKeys (ConfUtils.java:logGet(46)) - raft.server.log.use.memory = false (default)
2023-10-31 16:06:01,866 [s0-impl-thread1] INFO  server.RaftServerConfigKeys (ConfUtils.java:logGet(46)) - raft.server.log.purge.gap = 1024 (default)
2023-10-31 16:06:01,866 [s0-impl-thread1] INFO  server.RaftServerConfigKeys (ConfUtils.java:logGet(46)) - raft.server.log.appender.buffer.byte-limit = 4MB (=4194304) (default)
2023-10-31 16:06:01,866 [s0-impl-thread1] INFO  server.RaftServerConfigKeys (ConfUtils.java:logGet(46)) - raft.server.log.statemachine.data.read.timeout = 1000ms (default)
2023-10-31 16:06:01,866 [s0-impl-thread1] INFO  server.RaftServerConfigKeys (ConfUtils.java:logGet(46)) - raft.server.log.purge.preservation.log.num = 0 (default)
2023-10-31 16:06:01,867 [s0-impl-thread1] INFO  server.RaftServerConfigKeys (ConfUtils.java:logGet(46)) - raft.server.log.segment.size.max = 8KB (=8192) (custom)
2023-10-31 16:06:01,867 [s0-impl-thread1] INFO  server.RaftServerConfigKeys (ConfUtils.java:logGet(46)) - raft.server.log.segment.cache.num.max = 6 (default)
2023-10-31 16:06:01,867 [s0-impl-thread1] INFO  server.RaftServerConfigKeys (ConfUtils.java:logGet(46)) - raft.server.log.segment.cache.size.max = 200MB (=209715200) (default)
2023-10-31 16:06:01,867 [s0-impl-thread1] INFO  server.RaftServerConfigKeys (ConfUtils.java:logGet(46)) - raft.server.log.appender.buffer.byte-limit = 4MB (=4194304) (default)
2023-10-31 16:06:01,867 [s0-impl-thread1] INFO  util.AwaitToRun (AwaitToRun.java:start(81)) - Thread[s0@group-F78B7583022A-cacheEviction-AwaitToRun,5,main] started
2023-10-31 16:06:01,868 [s0-impl-thread1] INFO  segmented.SegmentedRaftLogWorker (SegmentedRaftLogWorker.java:<init>(184)) - new s0@group-F78B7583022A-SegmentedRaftLogWorker for RaftStorageImpl:Storage Directory /home/runner/work/ratis/ratis/ratis-test/target/test/data/3084f93d/MiniRaftClusterWithSimulatedRpce237fa44/s0/69750052-33aa-491b-b994-f78b7583022a
2023-10-31 16:06:01,868 [s0-impl-thread1] INFO  server.RaftServerConfigKeys (ConfUtils.java:logGet(46)) - raft.server.log.queue.byte-limit = 64MB (=67108864) (default)
2023-10-31 16:06:01,868 [s0-impl-thread1] INFO  server.RaftServerConfigKeys (ConfUtils.java:logGet(46)) - raft.server.log.queue.element-limit = 4096 (default)
2023-10-31 16:06:01,868 [s0-impl-thread1] INFO  server.RaftServerConfigKeys (ConfUtils.java:logGet(46)) - raft.server.log.segment.size.max = 8KB (=8192) (custom)
2023-10-31 16:06:01,868 [s0-impl-thread1] INFO  server.RaftServerConfigKeys (ConfUtils.java:logGet(46)) - raft.server.log.preallocated.size = 4MB (=4194304) (default)
2023-10-31 16:06:01,868 [s0-impl-thread1] INFO  server.RaftServerConfigKeys (ConfUtils.java:logGet(46)) - raft.server.log.force.sync.num = 128 (default)
2023-10-31 16:06:01,868 [s0-impl-thread1] INFO  server.RaftServerConfigKeys (ConfUtils.java:logGet(46)) - raft.server.log.statemachine.data.sync = true (default)
2023-10-31 16:06:01,868 [s0-impl-thread1] INFO  server.RaftServerConfigKeys (ConfUtils.java:logGet(46)) - raft.server.log.statemachine.data.sync.timeout = 10s (default)
2023-10-31 16:06:01,868 [s0-impl-thread1] INFO  server.RaftServerConfigKeys (ConfUtils.java:logGet(46)) - raft.server.log.statemachine.data.sync.timeout.retry = -1 (default)
2023-10-31 16:06:01,868 [s0-impl-thread1] INFO  server.RaftServerConfigKeys (ConfUtils.java:logGet(46)) - raft.server.log.write.buffer.size = 64KB (=65536) (default)
2023-10-31 16:06:01,868 [s0-impl-thread1] INFO  server.RaftServerConfigKeys (ConfUtils.java:logGet(46)) - raft.server.log.appender.buffer.byte-limit = 4MB (=4194304) (default)
2023-10-31 16:06:01,870 [s0-impl-thread1] INFO  server.RaftServerConfigKeys (ConfUtils.java:logGet(46)) - raft.server.log.unsafe-flush.enabled = false (default)
2023-10-31 16:06:01,870 [s0-impl-thread1] INFO  server.RaftServerConfigKeys (ConfUtils.java:logGet(46)) - raft.server.log.async-flush.enabled = false (default)
2023-10-31 16:06:01,870 [s0-impl-thread1] INFO  server.RaftServerConfigKeys (ConfUtils.java:logGet(46)) - raft.server.log.statemachine.data.caching.enabled = false (default)
2023-10-31 16:06:01,871 [s0-impl-thread1] INFO  segmented.LogSegment (LogSegment.java:loadSegment(170)) - Successfully read 0 entries from segment file /home/runner/work/ratis/ratis/ratis-test/target/test/data/3084f93d/MiniRaftClusterWithSimulatedRpce237fa44/s0/69750052-33aa-491b-b994-f78b7583022a/current/log_inprogress_0
2023-10-31 16:06:01,871 [s0-impl-thread1] TRACE util.FileUtils (LogUtils.java:runAndLog(49)) - Successfully ran Files.delete /home/runner/work/ratis/ratis/ratis-test/target/test/data/3084f93d/MiniRaftClusterWithSimulatedRpce237fa44/s0/69750052-33aa-491b-b994-f78b7583022a/current/log_inprogress_0
2023-10-31 16:06:01,871 [s0-impl-thread1] INFO  segmented.SegmentedRaftLogWorker (SegmentedRaftLogWorker.java:lambda$new$0(135)) - s0@group-F78B7583022A-SegmentedRaftLogWorker: flushIndex: setUnconditionally 0 -> -1
2023-10-31 16:06:01,871 [s0-impl-thread1] INFO  segmented.SegmentedRaftLogWorker (SegmentedRaftLogWorker.java:lambda$new$0(135)) - s0@group-F78B7583022A-SegmentedRaftLogWorker: safeCacheEvictIndex: setUnconditionally 0 -> -1
2023-10-31 16:06:01,872 [s0-impl-thread1] INFO  server.RaftServer$Division (RaftServerImpl.java:start(390)) - s0@group-F78B7583022A: start as a follower, conf=0: peers:[s0|localhost:46719, s1|localhost:38495, s2|localhost:42573]|listeners:[], old=null
2023-10-31 16:06:01,872 [s0-impl-thread1] INFO  server.RaftServer$Division (RaftServerImpl.java:setRole(377)) - s0@group-F78B7583022A: changes role from      null to FOLLOWER at term 1 for startAsFollower
2023-10-31 16:06:01,872 [s0-impl-thread1] INFO  impl.RoleInfo (RoleInfo.java:updateAndGet(138)) - s0: start s0@group-F78B7583022A-FollowerState
2023-10-31 16:06:01,873 [s0-impl-thread1] INFO  util.JmxRegister (JmxRegister.java:tryRegister(44)) - Successfully registered JMX Bean with object name Ratis:service=RaftServer,group=group-F78B7583022A,id=s0
2023-10-31 16:06:01,873 [s0-impl-thread1] INFO  server.RaftServerConfigKeys (ConfUtils.java:logGet(46)) - raft.server.snapshot.trigger-when-stop.enabled = true (default)
2023-10-31 16:06:01,873 [s0-impl-thread1] INFO  server.RaftServerConfigKeys (ConfUtils.java:logGet(46)) - raft.server.snapshot.auto.trigger.enabled = false (default)
2023-10-31 16:06:01,873 [s0-impl-thread1] INFO  server.RaftServerConfigKeys (ConfUtils.java:logGet(46)) - raft.server.snapshot.retention.file.num = -1 (default)
2023-10-31 16:06:01,873 [s0-impl-thread1] INFO  server.RaftServerConfigKeys (ConfUtils.java:logGet(46)) - raft.server.log.purge.upto.snapshot.index = false (default)
2023-10-31 16:06:01,873 [s0@group-F78B7583022A-FollowerState] INFO  server.RaftServerConfigKeys (ConfUtils.java:logFallback(53)) - raft.server.rpc.first-election.timeout.min = 150ms (fallback to raft.server.rpc.timeout.min)
2023-10-31 16:06:01,873 [s0@group-F78B7583022A-FollowerState] INFO  server.RaftServerConfigKeys (ConfUtils.java:logFallback(53)) - raft.server.rpc.first-election.timeout.max = 300ms (fallback to raft.server.rpc.timeout.max)
2023-10-31 16:06:01,874 [Time-limited test] INFO  server.RaftServer (RaftServerProxy.java:startImpl(406)) - s0: start RPC server
2023-10-31 16:06:01,877 [Time-limited test] INFO  server.RaftServer (RaftServerProxy.java:lambda$close$9(416)) - s0: close
2023-10-31 16:06:01,877 [s0-impl-thread1] INFO  server.RaftServer$Division (RaftServerImpl.java:lambda$close$3(514)) - s0@group-F78B7583022A: shutdown
2023-10-31 16:06:01,877 [s0-impl-thread1] INFO  util.JmxRegister (JmxRegister.java:unregister(73)) - Successfully un-registered JMX Bean with object name Ratis:service=RaftServer,group=group-F78B7583022A,id=s0
2023-10-31 16:06:01,877 [s0-impl-thread1] INFO  impl.RoleInfo (RoleInfo.java:shutdownFollowerState(109)) - s0: shutdown s0@group-F78B7583022A-FollowerState
2023-10-31 16:06:01,877 [s0-impl-thread1] INFO  impl.StateMachineUpdater (StateMachineUpdater.java:stopAndJoin(157)) - s0@group-F78B7583022A-StateMachineUpdater: set stopIndex = -1
2023-10-31 16:06:01,877 [HandlerDaemon-0] INFO  simulation.RequestHandler (RequestHandler.java:run(127)) - s0.clientHandler0 is interrupted by java.io.InterruptedIOException: 
2023-10-31 16:06:01,877 [s0@group-F78B7583022A-FollowerState] INFO  impl.FollowerState (FollowerState.java:run(152)) - s0@group-F78B7583022A-FollowerState was interrupted
2023-10-31 16:06:01,878 [HandlerDaemon-2] INFO  simulation.RequestHandler (RequestHandler.java:run(127)) - s0.clientHandler2 is interrupted by java.io.InterruptedIOException: 
2023-10-31 16:06:01,878 [HandlerDaemon-1] INFO  simulation.RequestHandler (RequestHandler.java:run(127)) - s0.clientHandler1 is interrupted by java.io.InterruptedIOException: 
2023-10-31 16:06:01,878 [s0-impl-thread1] INFO  server.RaftServer$Division (ServerState.java:close(423)) - s0@group-F78B7583022A: applyIndex: -1
2023-10-31 16:06:01,878 [s0@group-F78B7583022A-cacheEviction-AwaitToRun] INFO  util.AwaitToRun (AwaitToRun.java:run(49)) - s0@group-F78B7583022A-cacheEviction-AwaitToRun-AwaitForSignal is interrupted
2023-10-31 16:06:01,879 [HandlerDaemon-1] INFO  simulation.RequestHandler (RequestHandler.java:run(127)) - s0.serverHandler1 is interrupted by java.io.InterruptedIOException: 
2023-10-31 16:06:01,878 [HandlerDaemon-2] INFO  simulation.RequestHandler (RequestHandler.java:run(127)) - s0.serverHandler2 is interrupted by java.io.InterruptedIOException: 
2023-10-31 16:06:01,878 [JvmPauseMonitor5] INFO  util.JvmPauseMonitor (JvmPauseMonitor.java:run(146)) - JvmPauseMonitor-s0: Started
2023-10-31 16:06:01,880 [HandlerDaemon-0] INFO  simulation.RequestHandler (RequestHandler.java:run(127)) - s0.serverHandler0 is interrupted by java.io.InterruptedIOException: 
2023-10-31 16:06:02,873 [s0-impl-thread1] INFO  segmented.SegmentedRaftLogWorker (SegmentedRaftLogWorker.java:close(243)) - s0@group-F78B7583022A-SegmentedRaftLogWorker close()
2023-10-31 16:06:02,874 [JvmPauseMonitor5] INFO  util.JvmPauseMonitor (JvmPauseMonitor.java:run(152)) - JvmPauseMonitor-s0: Stopped
2023-10-31 16:06:02,874 [Time-limited test] INFO  simulation.TestServerRestartWithSimulatedRpc (ServerRestartTests.java:lambda$assertCorruptedLogHeader$5(222)) - header    = 526166744c6f6731
2023-10-31 16:06:02,875 [Time-limited test] INFO  simulation.TestServerRestartWithSimulatedRpc (ServerRestartTests.java:lambda$assertCorruptedLogHeader$5(225)) - corrupted = 5261660000000000
2023-10-31 16:06:02,875 [Time-limited test] INFO  impl.MiniRaftCluster (MiniRaftCluster.java:killServer(533)) - killServer s0
2023-10-31 16:06:02,875 [Time-limited test] INFO  impl.MiniRaftCluster (MiniRaftCluster.java:newRaftServer(382)) - newRaftServer: s0, group-F78B7583022A:[s0|localhost:46719, s1|localhost:38495, s2|localhost:42573], format? false
2023-10-31 16:06:02,875 [Time-limited test] INFO  server.RaftServer (ConfUtils.java:logGet(46)) - raft.rpc.type = org.apache.ratis.server.simulation.SimulatedRpc (custom)
2023-10-31 16:06:02,875 [Time-limited test] INFO  impl.DataStreamServerImpl (ConfUtils.java:logGet(46)) - raft.datastream.type = DISABLED (default)
2023-10-31 16:06:02,875 [Time-limited test] INFO  server.RaftServerConfigKeys (ConfUtils.java:logGet(46)) - raft.server.sleep.deviation.threshold = 300ms (default)
2023-10-31 16:06:02,875 [Time-limited test] INFO  server.RaftServerConfigKeys (ConfUtils.java:logGet(46)) - raft.server.close.threshold = 60s (default)
2023-10-31 16:06:02,875 [Time-limited test] INFO  server.RaftServerConfigKeys (ConfUtils.java:logGet(46)) - raft.server.leaderelection.leader.step-down.wait-time = 10s (default)
2023-10-31 16:06:02,876 [Time-limited test] INFO  server.RaftServerConfigKeys (ConfUtils.java:logGet(46)) - raft.server.storage.dir = [/home/runner/work/ratis/ratis/ratis-test/target/test/data/3084f93d/MiniRaftClusterWithSimulatedRpce237fa44/s0] (custom)
2023-10-31 16:06:02,876 [Time-limited test] INFO  server.RaftServerConfigKeys (ConfUtils.java:logGet(46)) - raft.server.threadpool.proxy.cached = true (default)
2023-10-31 16:06:02,876 [Time-limited test] INFO  server.RaftServerConfigKeys (ConfUtils.java:logGet(46)) - raft.server.threadpool.proxy.size = 0 (default)
2023-10-31 16:06:02,876 [s0-impl-thread1] INFO  server.RaftServer (RaftServerProxy.java:initGroupDir(264)) - s0: found a subdirectory /home/runner/work/ratis/ratis/ratis-test/target/test/data/3084f93d/MiniRaftClusterWithSimulatedRpce237fa44/s0/69750052-33aa-491b-b994-f78b7583022a
2023-10-31 16:06:02,877 [Time-limited test] INFO  server.RaftServer (RaftServerProxy.java:addNew(100)) - s0: addNew group-F78B7583022A:[s0|localhost:46719, s1|localhost:38495, s2|localhost:42573] returns group-F78B7583022A:java.util.concurrent.CompletableFuture@1fa76bad[Not completed]
2023-10-31 16:06:02,877 [s0-groupManagement] INFO  server.RaftServerConfigKeys (ConfUtils.java:logGet(46)) - raft.server.log.segment.size.max = 32MB (=33554432) (default)
2023-10-31 16:06:02,877 [s0-groupManagement] INFO  server.RaftServerConfigKeys (ConfUtils.java:logGet(46)) - raft.server.log.preallocated.size = 4MB (=4194304) (default)
2023-10-31 16:06:02,877 [s0-groupManagement] INFO  server.RaftServerConfigKeys (ConfUtils.java:logGet(46)) - raft.server.log.write.buffer.size = 64KB (=65536) (default)
2023-10-31 16:06:02,877 [s0-groupManagement] INFO  server.RaftServer$Division (RaftServerImpl.java:<init>(255)) - s0: new RaftServerImpl for group-F78B7583022A:[s0|localhost:46719, s1|localhost:38495, s2|localhost:42573] with SimpleStateMachine4Testing:uninitialized
2023-10-31 16:06:02,877 [s0-groupManagement] INFO  server.RaftServerConfigKeys (ConfUtils.java:logGet(46)) - raft.server.rpc.timeout.min = 150ms (default)
2023-10-31 16:06:02,877 [s0-groupManagement] INFO  server.RaftServerConfigKeys (ConfUtils.java:logGet(46)) - raft.server.rpc.timeout.max = 300ms (default)
2023-10-31 16:06:02,877 [s0-groupManagement] INFO  server.RaftServerConfigKeys (ConfUtils.java:logGet(46)) - raft.server.rpc.sleep.time = 25ms (default)
2023-10-31 16:06:02,878 [s0-groupManagement] INFO  server.RaftServerConfigKeys (ConfUtils.java:logGet(46)) - raft.server.rpc.slowness.timeout = 60s (default)
2023-10-31 16:06:02,878 [s0-groupManagement] INFO  server.RaftServerConfigKeys (ConfUtils.java:logGet(46)) - raft.server.leaderelection.leader.step-down.wait-time = 10s (default)
2023-10-31 16:06:02,878 [s0-groupManagement] INFO  server.RaftServerConfigKeys (ConfUtils.java:logGet(46)) - raft.server.sleep.deviation.threshold = 300ms (default)
2023-10-31 16:06:02,878 [s0-groupManagement] INFO  server.RaftServer$Division (ServerState.java:<init>(113)) - s0@group-F78B7583022A: ConfigurationManager, init=-1: peers:[s0|localhost:46719, s1|localhost:38495, s2|localhost:42573]|listeners:[], old=null, confs=<EMPTY_MAP>
2023-10-31 16:06:02,878 [s0-groupManagement] INFO  server.RaftServerConfigKeys (ConfUtils.java:logGet(46)) - raft.server.notification.no-leader.timeout = 60s (default)
2023-10-31 16:06:02,878 [s0-groupManagement] INFO  server.RaftServerConfigKeys (ConfUtils.java:logGet(46)) - raft.server.read.timeout = 10s (default)
2023-10-31 16:06:02,878 [s0-groupManagement] INFO  server.RaftServerConfigKeys (ConfUtils.java:logGet(46)) - raft.server.retrycache.expirytime = 60s (default)
2023-10-31 16:06:02,878 [s0-groupManagement] INFO  server.RaftServerConfigKeys (ConfUtils.java:logGet(46)) - raft.server.retrycache.statistics.expirytime = 100μs (default)
2023-10-31 16:06:02,879 [s0-groupManagement] INFO  server.RaftServerConfigKeys (ConfUtils.java:logGet(46)) - raft.server.read.option = DEFAULT (default)
2023-10-31 16:06:02,879 [s0-groupManagement] INFO  server.RaftServerConfigKeys (ConfUtils.java:logGet(46)) - raft.server.read.read-after-write-consistent.write-index-cache.expiry-time = 60s (default)
2023-10-31 16:06:02,883 [s0-groupManagement] INFO  server.RaftServerConfigKeys (ConfUtils.java:logGet(46)) - raft.server.rpc.request.timeout = 3000ms (default)
2023-10-31 16:06:02,883 [s0-groupManagement] INFO  server.RaftServerConfigKeys (ConfUtils.java:logGet(46)) - raft.server.log.appender.install.snapshot.enabled = true (default)
2023-10-31 16:06:02,883 [s0-groupManagement] INFO  server.RaftServerConfigKeys (ConfUtils.java:logGet(46)) - raft.server.threadpool.server.cached = true (default)
2023-10-31 16:06:02,883 [s0-groupManagement] INFO  server.RaftServerConfigKeys (ConfUtils.java:logGet(46)) - raft.server.threadpool.server.size = 0 (default)
2023-10-31 16:06:02,883 [s0-groupManagement] INFO  server.RaftServerConfigKeys (ConfUtils.java:logGet(46)) - raft.server.threadpool.client.cached = true (default)
2023-10-31 16:06:02,883 [s0-groupManagement] INFO  server.RaftServerConfigKeys (ConfUtils.java:logGet(46)) - raft.server.threadpool.client.size = 0 (default)
2023-10-31 16:06:02,883 [s0-impl-thread1] INFO  server.RaftServerConfigKeys (ConfUtils.java:logGet(46)) - raft.server.storage.free-space.min = 0MB (=0) (default)
2023-10-31 16:06:02,883 [s0-impl-thread1] INFO  server.RaftServerConfigKeys (ConfUtils.java:logGet(46)) - raft.server.log.corruption.policy = EXCEPTION (default)
2023-10-31 16:06:02,884 [s0-impl-thread1] INFO  server.RaftServerConfigKeys (ConfUtils.java:logGet(46)) - raft.server.storage.dir = [/home/runner/work/ratis/ratis/ratis-test/target/test/data/3084f93d/MiniRaftClusterWithSimulatedRpce237fa44/s0] (custom)
2023-10-31 16:06:02,885 [s0-impl-thread1] INFO  storage.RaftStorageDirectory (RaftStorageDirectoryImpl.java:tryLock(232)) - Lock on /home/runner/work/ratis/ratis/ratis-test/target/test/data/3084f93d/MiniRaftClusterWithSimulatedRpce237fa44/s0/69750052-33aa-491b-b994-f78b7583022a/in_use.lock acquired by nodename 3366@fv-az462-937
2023-10-31 16:06:02,885 [s0-impl-thread1] INFO  storage.RaftStorage (RaftStorageImpl.java:analyzeAndRecoverStorage(117)) - Read RaftStorageMetadata{term=1, votedFor=s0} from /home/runner/work/ratis/ratis/ratis-test/target/test/data/3084f93d/MiniRaftClusterWithSimulatedRpce237fa44/s0/69750052-33aa-491b-b994-f78b7583022a/current/raft-meta
2023-10-31 16:06:02,885 [s0-impl-thread1] INFO  server.RaftServer$Division (ServerState.java:setRaftConf(382)) - s0@group-F78B7583022A: set configuration 0: peers:[s0|localhost:46719, s1|localhost:38495, s2|localhost:42573]|listeners:[], old=null
2023-10-31 16:06:02,885 [s0-impl-thread1] INFO  impl.SimpleStateMachine4Testing (SimpleStateMachine4Testing.java:initialize(213)) - Initializing SimpleStateMachine4Testing:uninitialized
2023-10-31 16:06:02,886 [s0-impl-thread1] INFO  impl.SimpleStateMachine4Testing (SimpleStateMachine4Testing.java:loadSnapshot(296)) - Loading snapshot null
2023-10-31 16:06:02,886 [s0-impl-thread1] INFO  server.RaftServerConfigKeys (ConfUtils.java:logGet(46)) - raft.server.log.use.memory = false (default)
2023-10-31 16:06:02,886 [s0-impl-thread1] INFO  server.RaftServerConfigKeys (ConfUtils.java:logGet(46)) - raft.server.log.purge.gap = 1024 (default)
2023-10-31 16:06:02,886 [s0-impl-thread1] INFO  server.RaftServerConfigKeys (ConfUtils.java:logGet(46)) - raft.server.log.appender.buffer.byte-limit = 4MB (=4194304) (default)
2023-10-31 16:06:02,886 [s0-impl-thread1] INFO  server.RaftServerConfigKeys (ConfUtils.java:logGet(46)) - raft.server.log.statemachine.data.read.timeout = 1000ms (default)
2023-10-31 16:06:02,886 [s0-impl-thread1] INFO  server.RaftServerConfigKeys (ConfUtils.java:logGet(46)) - raft.server.log.purge.preservation.log.num = 0 (default)
2023-10-31 16:06:02,887 [s0-impl-thread1] INFO  server.RaftServerConfigKeys (ConfUtils.java:logGet(46)) - raft.server.log.segment.size.max = 8KB (=8192) (custom)
2023-10-31 16:06:02,887 [s0-impl-thread1] INFO  server.RaftServerConfigKeys (ConfUtils.java:logGet(46)) - raft.server.log.segment.cache.num.max = 6 (default)
2023-10-31 16:06:02,887 [s0-impl-thread1] INFO  server.RaftServerConfigKeys (ConfUtils.java:logGet(46)) - raft.server.log.segment.cache.size.max = 200MB (=209715200) (default)
2023-10-31 16:06:02,887 [s0-impl-thread1] INFO  server.RaftServerConfigKeys (ConfUtils.java:logGet(46)) - raft.server.log.appender.buffer.byte-limit = 4MB (=4194304) (default)
2023-10-31 16:06:02,887 [s0-impl-thread1] INFO  util.AwaitToRun (AwaitToRun.java:start(81)) - Thread[s0@group-F78B7583022A-cacheEviction-AwaitToRun,5,main] started
2023-10-31 16:06:02,887 [s0-impl-thread1] INFO  segmented.SegmentedRaftLogWorker (SegmentedRaftLogWorker.java:<init>(184)) - new s0@group-F78B7583022A-SegmentedRaftLogWorker for RaftStorageImpl:Storage Directory /home/runner/work/ratis/ratis/ratis-test/target/test/data/3084f93d/MiniRaftClusterWithSimulatedRpce237fa44/s0/69750052-33aa-491b-b994-f78b7583022a
2023-10-31 16:06:02,887 [s0-impl-thread1] INFO  server.RaftServerConfigKeys (ConfUtils.java:logGet(46)) - raft.server.log.queue.byte-limit = 64MB (=67108864) (default)
2023-10-31 16:06:02,887 [s0-impl-thread1] INFO  server.RaftServerConfigKeys (ConfUtils.java:logGet(46)) - raft.server.log.queue.element-limit = 4096 (default)
2023-10-31 16:06:02,888 [s0-impl-thread1] INFO  server.RaftServerConfigKeys (ConfUtils.java:logGet(46)) - raft.server.log.segment.size.max = 8KB (=8192) (custom)
2023-10-31 16:06:02,888 [s0-impl-thread1] INFO  server.RaftServerConfigKeys (ConfUtils.java:logGet(46)) - raft.server.log.preallocated.size = 4MB (=4194304) (default)
2023-10-31 16:06:02,888 [s0-impl-thread1] INFO  server.RaftServerConfigKeys (ConfUtils.java:logGet(46)) - raft.server.log.force.sync.num = 128 (default)
2023-10-31 16:06:02,888 [s0-impl-thread1] INFO  server.RaftServerConfigKeys (ConfUtils.java:logGet(46)) - raft.server.log.statemachine.data.sync = true (default)
2023-10-31 16:06:02,888 [s0-impl-thread1] INFO  server.RaftServerConfigKeys (ConfUtils.java:logGet(46)) - raft.server.log.statemachine.data.sync.timeout = 10s (default)
2023-10-31 16:06:02,888 [s0-impl-thread1] INFO  server.RaftServerConfigKeys (ConfUtils.java:logGet(46)) - raft.server.log.statemachine.data.sync.timeout.retry = -1 (default)
2023-10-31 16:06:02,888 [s0-impl-thread1] INFO  server.RaftServerConfigKeys (ConfUtils.java:logGet(46)) - raft.server.log.write.buffer.size = 64KB (=65536) (default)
2023-10-31 16:06:02,888 [s0-impl-thread1] INFO  server.RaftServerConfigKeys (ConfUtils.java:logGet(46)) - raft.server.log.appender.buffer.byte-limit = 4MB (=4194304) (default)
2023-10-31 16:06:02,890 [s0-impl-thread1] INFO  server.RaftServerConfigKeys (ConfUtils.java:logGet(46)) - raft.server.log.unsafe-flush.enabled = false (default)
2023-10-31 16:06:02,890 [s0-impl-thread1] INFO  server.RaftServerConfigKeys (ConfUtils.java:logGet(46)) - raft.server.log.async-flush.enabled = false (default)
2023-10-31 16:06:02,890 [s0-impl-thread1] INFO  server.RaftServerConfigKeys (ConfUtils.java:logGet(46)) - raft.server.log.statemachine.data.caching.enabled = false (default)
2023-10-31 16:06:02,891 [s0-impl-thread1] INFO  segmented.LogSegment (LogSegment.java:loadSegment(170)) - Successfully read 0 entries from segment file /home/runner/work/ratis/ratis/ratis-test/target/test/data/3084f93d/MiniRaftClusterWithSimulatedRpce237fa44/s0/69750052-33aa-491b-b994-f78b7583022a/current/log_inprogress_0
2023-10-31 16:06:02,891 [s0-impl-thread1] TRACE util.FileUtils (LogUtils.java:runAndLog(49)) - Successfully ran Files.delete /home/runner/work/ratis/ratis/ratis-test/target/test/data/3084f93d/MiniRaftClusterWithSimulatedRpce237fa44/s0/69750052-33aa-491b-b994-f78b7583022a/current/log_inprogress_0
2023-10-31 16:06:02,891 [s0-impl-thread1] INFO  segmented.SegmentedRaftLogWorker (SegmentedRaftLogWorker.java:lambda$new$0(135)) - s0@group-F78B7583022A-SegmentedRaftLogWorker: flushIndex: setUnconditionally 0 -> -1
2023-10-31 16:06:02,891 [s0-impl-thread1] INFO  segmented.SegmentedRaftLogWorker (SegmentedRaftLogWorker.java:lambda$new$0(135)) - s0@group-F78B7583022A-SegmentedRaftLogWorker: safeCacheEvictIndex: setUnconditionally 0 -> -1
2023-10-31 16:06:02,891 [s0-impl-thread1] INFO  server.RaftServer$Division (RaftServerImpl.java:start(390)) - s0@group-F78B7583022A: start as a follower, conf=0: peers:[s0|localhost:46719, s1|localhost:38495, s2|localhost:42573]|listeners:[], old=null
2023-10-31 16:06:02,891 [s0-impl-thread1] INFO  server.RaftServer$Division (RaftServerImpl.java:setRole(377)) - s0@group-F78B7583022A: changes role from      null to FOLLOWER at term 1 for startAsFollower
2023-10-31 16:06:02,891 [s0-impl-thread1] INFO  impl.RoleInfo (RoleInfo.java:updateAndGet(138)) - s0: start s0@group-F78B7583022A-FollowerState
2023-10-31 16:06:02,892 [s0@group-F78B7583022A-FollowerState] INFO  server.RaftServerConfigKeys (ConfUtils.java:logFallback(53)) - raft.server.rpc.first-election.timeout.min = 150ms (fallback to raft.server.rpc.timeout.min)
2023-10-31 16:06:02,892 [s0@group-F78B7583022A-FollowerState] INFO  server.RaftServerConfigKeys (ConfUtils.java:logFallback(53)) - raft.server.rpc.first-election.timeout.max = 300ms (fallback to raft.server.rpc.timeout.max)
2023-10-31 16:06:02,892 [s0-impl-thread1] INFO  util.JmxRegister (JmxRegister.java:tryRegister(44)) - Successfully registered JMX Bean with object name Ratis:service=RaftServer,group=group-F78B7583022A,id=s0
2023-10-31 16:06:02,892 [s0-impl-thread1] INFO  server.RaftServerConfigKeys (ConfUtils.java:logGet(46)) - raft.server.snapshot.trigger-when-stop.enabled = true (default)
2023-10-31 16:06:02,892 [s0-impl-thread1] INFO  server.RaftServerConfigKeys (ConfUtils.java:logGet(46)) - raft.server.snapshot.auto.trigger.enabled = false (default)
2023-10-31 16:06:02,892 [s0-impl-thread1] INFO  server.RaftServerConfigKeys (ConfUtils.java:logGet(46)) - raft.server.snapshot.retention.file.num = -1 (default)
2023-10-31 16:06:02,893 [s0-impl-thread1] INFO  server.RaftServerConfigKeys (ConfUtils.java:logGet(46)) - raft.server.log.purge.upto.snapshot.index = false (default)
2023-10-31 16:06:02,895 [Time-limited test] INFO  server.RaftServer (RaftServerProxy.java:startImpl(406)) - s0: start RPC server
2023-10-31 16:06:02,896 [Time-limited test] INFO  server.RaftServer (RaftServerProxy.java:lambda$close$9(416)) - s0: close
2023-10-31 16:06:02,896 [JvmPauseMonitor6] INFO  util.JvmPauseMonitor (JvmPauseMonitor.java:run(146)) - JvmPauseMonitor-s0: Started
2023-10-31 16:06:02,896 [s0-impl-thread1] INFO  server.RaftServer$Division (RaftServerImpl.java:lambda$close$3(514)) - s0@group-F78B7583022A: shutdown
2023-10-31 16:06:02,896 [s0-impl-thread1] INFO  util.JmxRegister (JmxRegister.java:unregister(73)) - Successfully un-registered JMX Bean with object name Ratis:service=RaftServer,group=group-F78B7583022A,id=s0
2023-10-31 16:06:02,896 [s0-impl-thread1] INFO  impl.RoleInfo (RoleInfo.java:shutdownFollowerState(109)) - s0: shutdown s0@group-F78B7583022A-FollowerState
2023-10-31 16:06:02,896 [s0-impl-thread1] INFO  impl.StateMachineUpdater (StateMachineUpdater.java:stopAndJoin(157)) - s0@group-F78B7583022A-StateMachineUpdater: set stopIndex = -1
2023-10-31 16:06:02,896 [HandlerDaemon-0] INFO  simulation.RequestHandler (RequestHandler.java:run(127)) - s0.clientHandler0 is interrupted by java.io.InterruptedIOException: 
2023-10-31 16:06:02,896 [s0@group-F78B7583022A-FollowerState] INFO  impl.FollowerState (FollowerState.java:run(152)) - s0@group-F78B7583022A-FollowerState was interrupted
2023-10-31 16:06:02,896 [HandlerDaemon-1] INFO  simulation.RequestHandler (RequestHandler.java:run(127)) - s0.clientHandler1 is interrupted by java.io.InterruptedIOException: 
2023-10-31 16:06:02,897 [HandlerDaemon-2] INFO  simulation.RequestHandler (RequestHandler.java:run(127)) - s0.clientHandler2 is interrupted by java.io.InterruptedIOException: 
2023-10-31 16:06:02,897 [HandlerDaemon-1] INFO  simulation.RequestHandler (RequestHandler.java:run(127)) - s0.serverHandler1 is interrupted by java.io.InterruptedIOException: 
2023-10-31 16:06:02,897 [s0-impl-thread1] INFO  server.RaftServer$Division (ServerState.java:close(423)) - s0@group-F78B7583022A: applyIndex: -1
2023-10-31 16:06:02,897 [HandlerDaemon-0] INFO  simulation.RequestHandler (RequestHandler.java:run(127)) - s0.serverHandler0 is interrupted by java.io.InterruptedIOException: 
2023-10-31 16:06:02,898 [HandlerDaemon-2] INFO  simulation.RequestHandler (RequestHandler.java:run(127)) - s0.serverHandler2 is interrupted by java.io.InterruptedIOException: 
2023-10-31 16:06:02,898 [s0@group-F78B7583022A-cacheEviction-AwaitToRun] INFO  util.AwaitToRun (AwaitToRun.java:run(49)) - s0@group-F78B7583022A-cacheEviction-AwaitToRun-AwaitForSignal is interrupted
2023-10-31 16:06:03,892 [s0-impl-thread1] INFO  segmented.SegmentedRaftLogWorker (SegmentedRaftLogWorker.java:close(243)) - s0@group-F78B7583022A-SegmentedRaftLogWorker close()
2023-10-31 16:06:03,894 [JvmPauseMonitor6] INFO  util.JvmPauseMonitor (JvmPauseMonitor.java:run(152)) - JvmPauseMonitor-s0: Stopped
2023-10-31 16:06:03,894 [Time-limited test] INFO  simulation.TestServerRestartWithSimulatedRpc (ServerRestartTests.java:lambda$assertCorruptedLogHeader$5(222)) - header    = 526166744c6f6731
2023-10-31 16:06:03,894 [Time-limited test] INFO  simulation.TestServerRestartWithSimulatedRpc (ServerRestartTests.java:lambda$assertCorruptedLogHeader$5(225)) - corrupted = 5261667400000000
2023-10-31 16:06:03,894 [Time-limited test] INFO  impl.MiniRaftCluster (MiniRaftCluster.java:killServer(533)) - killServer s0
2023-10-31 16:06:03,895 [Time-limited test] INFO  impl.MiniRaftCluster (MiniRaftCluster.java:newRaftServer(382)) - newRaftServer: s0, group-F78B7583022A:[s0|localhost:46719, s1|localhost:38495, s2|localhost:42573], format? false
2023-10-31 16:06:03,895 [Time-limited test] INFO  server.RaftServer (ConfUtils.java:logGet(46)) - raft.rpc.type = org.apache.ratis.server.simulation.SimulatedRpc (custom)
2023-10-31 16:06:03,895 [Time-limited test] INFO  impl.DataStreamServerImpl (ConfUtils.java:logGet(46)) - raft.datastream.type = DISABLED (default)
2023-10-31 16:06:03,895 [Time-limited test] INFO  server.RaftServerConfigKeys (ConfUtils.java:logGet(46)) - raft.server.sleep.deviation.threshold = 300ms (default)
2023-10-31 16:06:03,895 [Time-limited test] INFO  server.RaftServerConfigKeys (ConfUtils.java:logGet(46)) - raft.server.close.threshold = 60s (default)
2023-10-31 16:06:03,895 [Time-limited test] INFO  server.RaftServerConfigKeys (ConfUtils.java:logGet(46)) - raft.server.leaderelection.leader.step-down.wait-time = 10s (default)
2023-10-31 16:06:03,895 [Time-limited test] INFO  server.RaftServerConfigKeys (ConfUtils.java:logGet(46)) - raft.server.storage.dir = [/home/runner/work/ratis/ratis/ratis-test/target/test/data/3084f93d/MiniRaftClusterWithSimulatedRpce237fa44/s0] (custom)
2023-10-31 16:06:03,896 [Time-limited test] INFO  server.RaftServerConfigKeys (ConfUtils.java:logGet(46)) - raft.server.threadpool.proxy.cached = true (default)
2023-10-31 16:06:03,896 [Time-limited test] INFO  server.RaftServerConfigKeys (ConfUtils.java:logGet(46)) - raft.server.threadpool.proxy.size = 0 (default)
2023-10-31 16:06:03,897 [s0-impl-thread1] INFO  server.RaftServer (RaftServerProxy.java:initGroupDir(264)) - s0: found a subdirectory /home/runner/work/ratis/ratis/ratis-test/target/test/data/3084f93d/MiniRaftClusterWithSimulatedRpce237fa44/s0/69750052-33aa-491b-b994-f78b7583022a
2023-10-31 16:06:03,898 [Time-limited test] INFO  server.RaftServer (RaftServerProxy.java:addNew(100)) - s0: addNew group-F78B7583022A:[s0|localhost:46719, s1|localhost:38495, s2|localhost:42573] returns group-F78B7583022A:java.util.concurrent.CompletableFuture@586028d8[Not completed]
2023-10-31 16:06:03,898 [s0-groupManagement] INFO  server.RaftServerConfigKeys (ConfUtils.java:logGet(46)) - raft.server.log.segment.size.max = 32MB (=33554432) (default)
2023-10-31 16:06:03,898 [s0-groupManagement] INFO  server.RaftServerConfigKeys (ConfUtils.java:logGet(46)) - raft.server.log.preallocated.size = 4MB (=4194304) (default)
2023-10-31 16:06:03,898 [s0-groupManagement] INFO  server.RaftServerConfigKeys (ConfUtils.java:logGet(46)) - raft.server.log.write.buffer.size = 64KB (=65536) (default)
2023-10-31 16:06:03,898 [s0-groupManagement] INFO  server.RaftServer$Division (RaftServerImpl.java:<init>(255)) - s0: new RaftServerImpl for group-F78B7583022A:[s0|localhost:46719, s1|localhost:38495, s2|localhost:42573] with SimpleStateMachine4Testing:uninitialized
2023-10-31 16:06:03,898 [s0-groupManagement] INFO  server.RaftServerConfigKeys (ConfUtils.java:logGet(46)) - raft.server.rpc.timeout.min = 150ms (default)
2023-10-31 16:06:03,899 [s0-groupManagement] INFO  server.RaftServerConfigKeys (ConfUtils.java:logGet(46)) - raft.server.rpc.timeout.max = 300ms (default)
2023-10-31 16:06:03,899 [s0-groupManagement] INFO  server.RaftServerConfigKeys (ConfUtils.java:logGet(46)) - raft.server.rpc.sleep.time = 25ms (default)
2023-10-31 16:06:03,899 [s0-groupManagement] INFO  server.RaftServerConfigKeys (ConfUtils.java:logGet(46)) - raft.server.rpc.slowness.timeout = 60s (default)
2023-10-31 16:06:03,899 [s0-groupManagement] INFO  server.RaftServerConfigKeys (ConfUtils.java:logGet(46)) - raft.server.leaderelection.leader.step-down.wait-time = 10s (default)
2023-10-31 16:06:03,899 [s0-groupManagement] INFO  server.RaftServerConfigKeys (ConfUtils.java:logGet(46)) - raft.server.sleep.deviation.threshold = 300ms (default)
2023-10-31 16:06:03,899 [s0-groupManagement] INFO  server.RaftServer$Division (ServerState.java:<init>(113)) - s0@group-F78B7583022A: ConfigurationManager, init=-1: peers:[s0|localhost:46719, s1|localhost:38495, s2|localhost:42573]|listeners:[], old=null, confs=<EMPTY_MAP>
2023-10-31 16:06:03,899 [s0-groupManagement] INFO  server.RaftServerConfigKeys (ConfUtils.java:logGet(46)) - raft.server.notification.no-leader.timeout = 60s (default)
2023-10-31 16:06:03,899 [s0-groupManagement] INFO  server.RaftServerConfigKeys (ConfUtils.java:logGet(46)) - raft.server.read.timeout = 10s (default)
2023-10-31 16:06:03,899 [s0-groupManagement] INFO  server.RaftServerConfigKeys (ConfUtils.java:logGet(46)) - raft.server.retrycache.expirytime = 60s (default)
2023-10-31 16:06:03,899 [s0-groupManagement] INFO  server.RaftServerConfigKeys (ConfUtils.java:logGet(46)) - raft.server.retrycache.statistics.expirytime = 100μs (default)
2023-10-31 16:06:03,899 [s0-groupManagement] INFO  server.RaftServerConfigKeys (ConfUtils.java:logGet(46)) - raft.server.read.option = DEFAULT (default)
2023-10-31 16:06:03,899 [s0-groupManagement] INFO  server.RaftServerConfigKeys (ConfUtils.java:logGet(46)) - raft.server.read.read-after-write-consistent.write-index-cache.expiry-time = 60s (default)
2023-10-31 16:06:03,901 [s0-groupManagement] INFO  server.RaftServerConfigKeys (ConfUtils.java:logGet(46)) - raft.server.rpc.request.timeout = 3000ms (default)
2023-10-31 16:06:03,901 [s0-groupManagement] INFO  server.RaftServerConfigKeys (ConfUtils.java:logGet(46)) - raft.server.log.appender.install.snapshot.enabled = true (default)
2023-10-31 16:06:03,901 [s0-groupManagement] INFO  server.RaftServerConfigKeys (ConfUtils.java:logGet(46)) - raft.server.threadpool.server.cached = true (default)
2023-10-31 16:06:03,901 [s0-groupManagement] INFO  server.RaftServerConfigKeys (ConfUtils.java:logGet(46)) - raft.server.threadpool.server.size = 0 (default)
2023-10-31 16:06:03,901 [s0-groupManagement] INFO  server.RaftServerConfigKeys (ConfUtils.java:logGet(46)) - raft.server.threadpool.client.cached = true (default)
2023-10-31 16:06:03,901 [s0-groupManagement] INFO  server.RaftServerConfigKeys (ConfUtils.java:logGet(46)) - raft.server.threadpool.client.size = 0 (default)
2023-10-31 16:06:03,901 [s0-impl-thread1] INFO  server.RaftServerConfigKeys (ConfUtils.java:logGet(46)) - raft.server.storage.free-space.min = 0MB (=0) (default)
2023-10-31 16:06:03,901 [s0-impl-thread1] INFO  server.RaftServerConfigKeys (ConfUtils.java:logGet(46)) - raft.server.log.corruption.policy = EXCEPTION (default)
2023-10-31 16:06:03,901 [s0-impl-thread1] INFO  server.RaftServerConfigKeys (ConfUtils.java:logGet(46)) - raft.server.storage.dir = [/home/runner/work/ratis/ratis/ratis-test/target/test/data/3084f93d/MiniRaftClusterWithSimulatedRpce237fa44/s0] (custom)
2023-10-31 16:06:03,902 [s0-impl-thread1] INFO  storage.RaftStorageDirectory (RaftStorageDirectoryImpl.java:tryLock(232)) - Lock on /home/runner/work/ratis/ratis/ratis-test/target/test/data/3084f93d/MiniRaftClusterWithSimulatedRpce237fa44/s0/69750052-33aa-491b-b994-f78b7583022a/in_use.lock acquired by nodename 3366@fv-az462-937
2023-10-31 16:06:03,903 [s0-impl-thread1] INFO  storage.RaftStorage (RaftStorageImpl.java:analyzeAndRecoverStorage(117)) - Read RaftStorageMetadata{term=1, votedFor=s0} from /home/runner/work/ratis/ratis/ratis-test/target/test/data/3084f93d/MiniRaftClusterWithSimulatedRpce237fa44/s0/69750052-33aa-491b-b994-f78b7583022a/current/raft-meta
2023-10-31 16:06:03,903 [s0-impl-thread1] INFO  server.RaftServer$Division (ServerState.java:setRaftConf(382)) - s0@group-F78B7583022A: set configuration 0: peers:[s0|localhost:46719, s1|localhost:38495, s2|localhost:42573]|listeners:[], old=null
2023-10-31 16:06:03,903 [s0-impl-thread1] INFO  impl.SimpleStateMachine4Testing (SimpleStateMachine4Testing.java:initialize(213)) - Initializing SimpleStateMachine4Testing:uninitialized
2023-10-31 16:06:03,903 [s0-impl-thread1] INFO  impl.SimpleStateMachine4Testing (SimpleStateMachine4Testing.java:loadSnapshot(296)) - Loading snapshot null
2023-10-31 16:06:03,903 [s0-impl-thread1] INFO  server.RaftServerConfigKeys (ConfUtils.java:logGet(46)) - raft.server.log.use.memory = false (default)
2023-10-31 16:06:03,903 [s0-impl-thread1] INFO  server.RaftServerConfigKeys (ConfUtils.java:logGet(46)) - raft.server.log.purge.gap = 1024 (default)
2023-10-31 16:06:03,904 [s0-impl-thread1] INFO  server.RaftServerConfigKeys (ConfUtils.java:logGet(46)) - raft.server.log.appender.buffer.byte-limit = 4MB (=4194304) (default)
2023-10-31 16:06:03,904 [s0-impl-thread1] INFO  server.RaftServerConfigKeys (ConfUtils.java:logGet(46)) - raft.server.log.statemachine.data.read.timeout = 1000ms (default)
2023-10-31 16:06:03,904 [s0-impl-thread1] INFO  server.RaftServerConfigKeys (ConfUtils.java:logGet(46)) - raft.server.log.purge.preservation.log.num = 0 (default)
2023-10-31 16:06:03,904 [s0-impl-thread1] INFO  server.RaftServerConfigKeys (ConfUtils.java:logGet(46)) - raft.server.log.segment.size.max = 8KB (=8192) (custom)
2023-10-31 16:06:03,905 [s0-impl-thread1] INFO  server.RaftServerConfigKeys (ConfUtils.java:logGet(46)) - raft.server.log.segment.cache.num.max = 6 (default)
2023-10-31 16:06:03,905 [s0-impl-thread1] INFO  server.RaftServerConfigKeys (ConfUtils.java:logGet(46)) - raft.server.log.segment.cache.size.max = 200MB (=209715200) (default)
2023-10-31 16:06:03,905 [s0-impl-thread1] INFO  server.RaftServerConfigKeys (ConfUtils.java:logGet(46)) - raft.server.log.appender.buffer.byte-limit = 4MB (=4194304) (default)
2023-10-31 16:06:03,905 [s0-impl-thread1] INFO  util.AwaitToRun (AwaitToRun.java:start(81)) - Thread[s0@group-F78B7583022A-cacheEviction-AwaitToRun,5,main] started
2023-10-31 16:06:03,905 [s0-impl-thread1] INFO  segmented.SegmentedRaftLogWorker (SegmentedRaftLogWorker.java:<init>(184)) - new s0@group-F78B7583022A-SegmentedRaftLogWorker for RaftStorageImpl:Storage Directory /home/runner/work/ratis/ratis/ratis-test/target/test/data/3084f93d/MiniRaftClusterWithSimulatedRpce237fa44/s0/69750052-33aa-491b-b994-f78b7583022a
2023-10-31 16:06:03,905 [s0-impl-thread1] INFO  server.RaftServerConfigKeys (ConfUtils.java:logGet(46)) - raft.server.log.queue.byte-limit = 64MB (=67108864) (default)
2023-10-31 16:06:03,905 [s0-impl-thread1] INFO  server.RaftServerConfigKeys (ConfUtils.java:logGet(46)) - raft.server.log.queue.element-limit = 4096 (default)
2023-10-31 16:06:03,905 [s0-impl-thread1] INFO  server.RaftServerConfigKeys (ConfUtils.java:logGet(46)) - raft.server.log.segment.size.max = 8KB (=8192) (custom)
2023-10-31 16:06:03,905 [s0-impl-thread1] INFO  server.RaftServerConfigKeys (ConfUtils.java:logGet(46)) - raft.server.log.preallocated.size = 4MB (=4194304) (default)
2023-10-31 16:06:03,905 [s0-impl-thread1] INFO  server.RaftServerConfigKeys (ConfUtils.java:logGet(46)) - raft.server.log.force.sync.num = 128 (default)
2023-10-31 16:06:03,906 [s0-impl-thread1] INFO  server.RaftServerConfigKeys (ConfUtils.java:logGet(46)) - raft.server.log.statemachine.data.sync = true (default)
2023-10-31 16:06:03,906 [s0-impl-thread1] INFO  server.RaftServerConfigKeys (ConfUtils.java:logGet(46)) - raft.server.log.statemachine.data.sync.timeout = 10s (default)
2023-10-31 16:06:03,906 [s0-impl-thread1] INFO  server.RaftServerConfigKeys (ConfUtils.java:logGet(46)) - raft.server.log.statemachine.data.sync.timeout.retry = -1 (default)
2023-10-31 16:06:03,906 [s0-impl-thread1] INFO  server.RaftServerConfigKeys (ConfUtils.java:logGet(46)) - raft.server.log.write.buffer.size = 64KB (=65536) (default)
2023-10-31 16:06:03,906 [s0-impl-thread1] INFO  server.RaftServerConfigKeys (ConfUtils.java:logGet(46)) - raft.server.log.appender.buffer.byte-limit = 4MB (=4194304) (default)
2023-10-31 16:06:03,908 [s0-impl-thread1] INFO  server.RaftServerConfigKeys (ConfUtils.java:logGet(46)) - raft.server.log.unsafe-flush.enabled = false (default)
2023-10-31 16:06:03,908 [s0-impl-thread1] INFO  server.RaftServerConfigKeys (ConfUtils.java:logGet(46)) - raft.server.log.async-flush.enabled = false (default)
2023-10-31 16:06:03,908 [s0-impl-thread1] INFO  server.RaftServerConfigKeys (ConfUtils.java:logGet(46)) - raft.server.log.statemachine.data.caching.enabled = false (default)
2023-10-31 16:06:03,908 [s0-impl-thread1] INFO  segmented.LogSegment (LogSegment.java:loadSegment(170)) - Successfully read 0 entries from segment file /home/runner/work/ratis/ratis/ratis-test/target/test/data/3084f93d/MiniRaftClusterWithSimulatedRpce237fa44/s0/69750052-33aa-491b-b994-f78b7583022a/current/log_inprogress_0
2023-10-31 16:06:03,908 [s0-impl-thread1] TRACE util.FileUtils (LogUtils.java:runAndLog(49)) - Successfully ran Files.delete /home/runner/work/ratis/ratis/ratis-test/target/test/data/3084f93d/MiniRaftClusterWithSimulatedRpce237fa44/s0/69750052-33aa-491b-b994-f78b7583022a/current/log_inprogress_0
2023-10-31 16:06:03,908 [s0-impl-thread1] INFO  segmented.SegmentedRaftLogWorker (SegmentedRaftLogWorker.java:lambda$new$0(135)) - s0@group-F78B7583022A-SegmentedRaftLogWorker: flushIndex: setUnconditionally 0 -> -1
2023-10-31 16:06:03,908 [s0-impl-thread1] INFO  segmented.SegmentedRaftLogWorker (SegmentedRaftLogWorker.java:lambda$new$0(135)) - s0@group-F78B7583022A-SegmentedRaftLogWorker: safeCacheEvictIndex: setUnconditionally 0 -> -1
2023-10-31 16:06:03,909 [s0-impl-thread1] INFO  server.RaftServer$Division (RaftServerImpl.java:start(390)) - s0@group-F78B7583022A: start as a follower, conf=0: peers:[s0|localhost:46719, s1|localhost:38495, s2|localhost:42573]|listeners:[], old=null
2023-10-31 16:06:03,909 [s0-impl-thread1] INFO  server.RaftServer$Division (RaftServerImpl.java:setRole(377)) - s0@group-F78B7583022A: changes role from      null to FOLLOWER at term 1 for startAsFollower
2023-10-31 16:06:03,909 [s0-impl-thread1] INFO  impl.RoleInfo (RoleInfo.java:updateAndGet(138)) - s0: start s0@group-F78B7583022A-FollowerState
2023-10-31 16:06:03,909 [s0-impl-thread1] INFO  util.JmxRegister (JmxRegister.java:tryRegister(44)) - Successfully registered JMX Bean with object name Ratis:service=RaftServer,group=group-F78B7583022A,id=s0
2023-10-31 16:06:03,909 [s0-impl-thread1] INFO  server.RaftServerConfigKeys (ConfUtils.java:logGet(46)) - raft.server.snapshot.trigger-when-stop.enabled = true (default)
2023-10-31 16:06:03,909 [s0-impl-thread1] INFO  server.RaftServerConfigKeys (ConfUtils.java:logGet(46)) - raft.server.snapshot.auto.trigger.enabled = false (default)
2023-10-31 16:06:03,909 [s0-impl-thread1] INFO  server.RaftServerConfigKeys (ConfUtils.java:logGet(46)) - raft.server.snapshot.retention.file.num = -1 (default)
2023-10-31 16:06:03,909 [s0-impl-thread1] INFO  server.RaftServerConfigKeys (ConfUtils.java:logGet(46)) - raft.server.log.purge.upto.snapshot.index = false (default)
2023-10-31 16:06:03,910 [s0@group-F78B7583022A-FollowerState] INFO  server.RaftServerConfigKeys (ConfUtils.java:logFallback(53)) - raft.server.rpc.first-election.timeout.min = 150ms (fallback to raft.server.rpc.timeout.min)
2023-10-31 16:06:03,910 [s0@group-F78B7583022A-FollowerState] INFO  server.RaftServerConfigKeys (ConfUtils.java:logFallback(53)) - raft.server.rpc.first-election.timeout.max = 300ms (fallback to raft.server.rpc.timeout.max)
2023-10-31 16:06:03,912 [Time-limited test] INFO  server.RaftServer (RaftServerProxy.java:startImpl(406)) - s0: start RPC server
2023-10-31 16:06:03,912 [Time-limited test] INFO  server.RaftServer (RaftServerProxy.java:lambda$close$9(416)) - s0: close
2023-10-31 16:06:03,912 [JvmPauseMonitor7] INFO  util.JvmPauseMonitor (JvmPauseMonitor.java:run(146)) - JvmPauseMonitor-s0: Started
2023-10-31 16:06:03,913 [s0-impl-thread1] INFO  server.RaftServer$Division (RaftServerImpl.java:lambda$close$3(514)) - s0@group-F78B7583022A: shutdown
2023-10-31 16:06:03,913 [s0-impl-thread1] INFO  util.JmxRegister (JmxRegister.java:unregister(73)) - Successfully un-registered JMX Bean with object name Ratis:service=RaftServer,group=group-F78B7583022A,id=s0
2023-10-31 16:06:03,913 [s0-impl-thread1] INFO  impl.RoleInfo (RoleInfo.java:shutdownFollowerState(109)) - s0: shutdown s0@group-F78B7583022A-FollowerState
2023-10-31 16:06:03,913 [s0-impl-thread1] INFO  impl.StateMachineUpdater (StateMachineUpdater.java:stopAndJoin(157)) - s0@group-F78B7583022A-StateMachineUpdater: set stopIndex = -1
2023-10-31 16:06:03,913 [HandlerDaemon-0] INFO  simulation.RequestHandler (RequestHandler.java:run(127)) - s0.clientHandler0 is interrupted by java.io.InterruptedIOException: 
2023-10-31 16:06:03,913 [s0@group-F78B7583022A-FollowerState] INFO  impl.FollowerState (FollowerState.java:run(152)) - s0@group-F78B7583022A-FollowerState was interrupted
2023-10-31 16:06:03,916 [HandlerDaemon-1] INFO  simulation.RequestHandler (RequestHandler.java:run(127)) - s0.clientHandler1 is interrupted by java.io.InterruptedIOException: 
2023-10-31 16:06:03,916 [s0-impl-thread1] INFO  server.RaftServer$Division (ServerState.java:close(423)) - s0@group-F78B7583022A: applyIndex: -1
2023-10-31 16:06:03,919 [s0@group-F78B7583022A-cacheEviction-AwaitToRun] INFO  util.AwaitToRun (AwaitToRun.java:run(49)) - s0@group-F78B7583022A-cacheEviction-AwaitToRun-AwaitForSignal is interrupted
2023-10-31 16:06:03,919 [HandlerDaemon-1] INFO  simulation.RequestHandler (RequestHandler.java:run(127)) - s0.serverHandler1 is interrupted by java.io.InterruptedIOException: 
2023-10-31 16:06:03,919 [HandlerDaemon-2] INFO  simulation.RequestHandler (RequestHandler.java:run(127)) - s0.serverHandler2 is interrupted by java.io.InterruptedIOException: 
2023-10-31 16:06:03,919 [HandlerDaemon-0] INFO  simulation.RequestHandler (RequestHandler.java:run(127)) - s0.serverHandler0 is interrupted by java.io.InterruptedIOException: 
2023-10-31 16:06:04,909 [s0-impl-thread1] INFO  segmented.SegmentedRaftLogWorker (SegmentedRaftLogWorker.java:close(243)) - s0@group-F78B7583022A-SegmentedRaftLogWorker close()
2023-10-31 16:06:04,910 [JvmPauseMonitor7] INFO  util.JvmPauseMonitor (JvmPauseMonitor.java:run(152)) - JvmPauseMonitor-s0: Stopped
2023-10-31 16:06:04,910 [Time-limited test] INFO  simulation.TestServerRestartWithSimulatedRpc (ServerRestartTests.java:lambda$assertCorruptedLogHeader$5(222)) - header    = 526166744c6f6731
2023-10-31 16:06:04,911 [Time-limited test] INFO  simulation.TestServerRestartWithSimulatedRpc (ServerRestartTests.java:lambda$assertCorruptedLogHeader$5(225)) - corrupted = 526166744c000000
2023-10-31 16:06:04,911 [Time-limited test] INFO  impl.MiniRaftCluster (MiniRaftCluster.java:killServer(533)) - killServer s0
2023-10-31 16:06:04,911 [Time-limited test] INFO  impl.MiniRaftCluster (MiniRaftCluster.java:newRaftServer(382)) - newRaftServer: s0, group-F78B7583022A:[s0|localhost:46719, s1|localhost:38495, s2|localhost:42573], format? false
2023-10-31 16:06:04,911 [Time-limited test] INFO  server.RaftServer (ConfUtils.java:logGet(46)) - raft.rpc.type = org.apache.ratis.server.simulation.SimulatedRpc (custom)
2023-10-31 16:06:04,911 [Time-limited test] INFO  impl.DataStreamServerImpl (ConfUtils.java:logGet(46)) - raft.datastream.type = DISABLED (default)
2023-10-31 16:06:04,911 [Time-limited test] INFO  server.RaftServerConfigKeys (ConfUtils.java:logGet(46)) - raft.server.sleep.deviation.threshold = 300ms (default)
2023-10-31 16:06:04,911 [Time-limited test] INFO  server.RaftServerConfigKeys (ConfUtils.java:logGet(46)) - raft.server.close.threshold = 60s (default)
2023-10-31 16:06:04,911 [Time-limited test] INFO  server.RaftServerConfigKeys (ConfUtils.java:logGet(46)) - raft.server.leaderelection.leader.step-down.wait-time = 10s (default)
2023-10-31 16:06:04,912 [Time-limited test] INFO  server.RaftServerConfigKeys (ConfUtils.java:logGet(46)) - raft.server.storage.dir = [/home/runner/work/ratis/ratis/ratis-test/target/test/data/3084f93d/MiniRaftClusterWithSimulatedRpce237fa44/s0] (custom)
2023-10-31 16:06:04,912 [Time-limited test] INFO  server.RaftServerConfigKeys (ConfUtils.java:logGet(46)) - raft.server.threadpool.proxy.cached = true (default)
2023-10-31 16:06:04,912 [Time-limited test] INFO  server.RaftServerConfigKeys (ConfUtils.java:logGet(46)) - raft.server.threadpool.proxy.size = 0 (default)
2023-10-31 16:06:04,912 [s0-impl-thread1] INFO  server.RaftServer (RaftServerProxy.java:initGroupDir(264)) - s0: found a subdirectory /home/runner/work/ratis/ratis/ratis-test/target/test/data/3084f93d/MiniRaftClusterWithSimulatedRpce237fa44/s0/69750052-33aa-491b-b994-f78b7583022a
2023-10-31 16:06:04,913 [Time-limited test] INFO  server.RaftServer (RaftServerProxy.java:addNew(100)) - s0: addNew group-F78B7583022A:[s0|localhost:46719, s1|localhost:38495, s2|localhost:42573] returns group-F78B7583022A:java.util.concurrent.CompletableFuture@4e4fb64e[Not completed]
2023-10-31 16:06:04,913 [s0-groupManagement] INFO  server.RaftServerConfigKeys (ConfUtils.java:logGet(46)) - raft.server.log.segment.size.max = 32MB (=33554432) (default)
2023-10-31 16:06:04,913 [s0-groupManagement] INFO  server.RaftServerConfigKeys (ConfUtils.java:logGet(46)) - raft.server.log.preallocated.size = 4MB (=4194304) (default)
2023-10-31 16:06:04,913 [s0-groupManagement] INFO  server.RaftServerConfigKeys (ConfUtils.java:logGet(46)) - raft.server.log.write.buffer.size = 64KB (=65536) (default)
2023-10-31 16:06:04,913 [s0-groupManagement] INFO  server.RaftServer$Division (RaftServerImpl.java:<init>(255)) - s0: new RaftServerImpl for group-F78B7583022A:[s0|localhost:46719, s1|localhost:38495, s2|localhost:42573] with SimpleStateMachine4Testing:uninitialized
2023-10-31 16:06:04,913 [s0-groupManagement] INFO  server.RaftServerConfigKeys (ConfUtils.java:logGet(46)) - raft.server.rpc.timeout.min = 150ms (default)
2023-10-31 16:06:04,913 [s0-groupManagement] INFO  server.RaftServerConfigKeys (ConfUtils.java:logGet(46)) - raft.server.rpc.timeout.max = 300ms (default)
2023-10-31 16:06:04,913 [s0-groupManagement] INFO  server.RaftServerConfigKeys (ConfUtils.java:logGet(46)) - raft.server.rpc.sleep.time = 25ms (default)
2023-10-31 16:06:04,913 [s0-groupManagement] INFO  server.RaftServerConfigKeys (ConfUtils.java:logGet(46)) - raft.server.rpc.slowness.timeout = 60s (default)
2023-10-31 16:06:04,913 [s0-groupManagement] INFO  server.RaftServerConfigKeys (ConfUtils.java:logGet(46)) - raft.server.leaderelection.leader.step-down.wait-time = 10s (default)
2023-10-31 16:06:04,913 [s0-groupManagement] INFO  server.RaftServerConfigKeys (ConfUtils.java:logGet(46)) - raft.server.sleep.deviation.threshold = 300ms (default)
2023-10-31 16:06:04,913 [s0-groupManagement] INFO  server.RaftServer$Division (ServerState.java:<init>(113)) - s0@group-F78B7583022A: ConfigurationManager, init=-1: peers:[s0|localhost:46719, s1|localhost:38495, s2|localhost:42573]|listeners:[], old=null, confs=<EMPTY_MAP>
2023-10-31 16:06:04,913 [s0-groupManagement] INFO  server.RaftServerConfigKeys (ConfUtils.java:logGet(46)) - raft.server.notification.no-leader.timeout = 60s (default)
2023-10-31 16:06:04,913 [s0-groupManagement] INFO  server.RaftServerConfigKeys (ConfUtils.java:logGet(46)) - raft.server.read.timeout = 10s (default)
2023-10-31 16:06:04,913 [s0-groupManagement] INFO  server.RaftServerConfigKeys (ConfUtils.java:logGet(46)) - raft.server.retrycache.expirytime = 60s (default)
2023-10-31 16:06:04,913 [s0-groupManagement] INFO  server.RaftServerConfigKeys (ConfUtils.java:logGet(46)) - raft.server.retrycache.statistics.expirytime = 100μs (default)
2023-10-31 16:06:04,914 [s0-groupManagement] INFO  server.RaftServerConfigKeys (ConfUtils.java:logGet(46)) - raft.server.read.option = DEFAULT (default)
2023-10-31 16:06:04,914 [s0-groupManagement] INFO  server.RaftServerConfigKeys (ConfUtils.java:logGet(46)) - raft.server.read.read-after-write-consistent.write-index-cache.expiry-time = 60s (default)
2023-10-31 16:06:04,915 [s0-groupManagement] INFO  server.RaftServerConfigKeys (ConfUtils.java:logGet(46)) - raft.server.rpc.request.timeout = 3000ms (default)
2023-10-31 16:06:04,916 [s0-groupManagement] INFO  server.RaftServerConfigKeys (ConfUtils.java:logGet(46)) - raft.server.log.appender.install.snapshot.enabled = true (default)
2023-10-31 16:06:04,916 [s0-groupManagement] INFO  server.RaftServerConfigKeys (ConfUtils.java:logGet(46)) - raft.server.threadpool.server.cached = true (default)
2023-10-31 16:06:04,916 [s0-groupManagement] INFO  server.RaftServerConfigKeys (ConfUtils.java:logGet(46)) - raft.server.threadpool.server.size = 0 (default)
2023-10-31 16:06:04,916 [s0-groupManagement] INFO  server.RaftServerConfigKeys (ConfUtils.java:logGet(46)) - raft.server.threadpool.client.cached = true (default)
2023-10-31 16:06:04,916 [s0-groupManagement] INFO  server.RaftServerConfigKeys (ConfUtils.java:logGet(46)) - raft.server.threadpool.client.size = 0 (default)
2023-10-31 16:06:04,918 [s0-impl-thread1] INFO  server.RaftServerConfigKeys (ConfUtils.java:logGet(46)) - raft.server.storage.free-space.min = 0MB (=0) (default)
2023-10-31 16:06:04,918 [s0-impl-thread1] INFO  server.RaftServerConfigKeys (ConfUtils.java:logGet(46)) - raft.server.log.corruption.policy = EXCEPTION (default)
2023-10-31 16:06:04,918 [s0-impl-thread1] INFO  server.RaftServerConfigKeys (ConfUtils.java:logGet(46)) - raft.server.storage.dir = [/home/runner/work/ratis/ratis/ratis-test/target/test/data/3084f93d/MiniRaftClusterWithSimulatedRpce237fa44/s0] (custom)
2023-10-31 16:06:04,919 [s0-impl-thread1] INFO  storage.RaftStorageDirectory (RaftStorageDirectoryImpl.java:tryLock(232)) - Lock on /home/runner/work/ratis/ratis/ratis-test/target/test/data/3084f93d/MiniRaftClusterWithSimulatedRpce237fa44/s0/69750052-33aa-491b-b994-f78b7583022a/in_use.lock acquired by nodename 3366@fv-az462-937
2023-10-31 16:06:04,920 [s0-impl-thread1] INFO  storage.RaftStorage (RaftStorageImpl.java:analyzeAndRecoverStorage(117)) - Read RaftStorageMetadata{term=1, votedFor=s0} from /home/runner/work/ratis/ratis/ratis-test/target/test/data/3084f93d/MiniRaftClusterWithSimulatedRpce237fa44/s0/69750052-33aa-491b-b994-f78b7583022a/current/raft-meta
2023-10-31 16:06:04,920 [s0-impl-thread1] INFO  server.RaftServer$Division (ServerState.java:setRaftConf(382)) - s0@group-F78B7583022A: set configuration 0: peers:[s0|localhost:46719, s1|localhost:38495, s2|localhost:42573]|listeners:[], old=null
2023-10-31 16:06:04,920 [s0-impl-thread1] INFO  impl.SimpleStateMachine4Testing (SimpleStateMachine4Testing.java:initialize(213)) - Initializing SimpleStateMachine4Testing:uninitialized
2023-10-31 16:06:04,920 [s0-impl-thread1] INFO  impl.SimpleStateMachine4Testing (SimpleStateMachine4Testing.java:loadSnapshot(296)) - Loading snapshot null
2023-10-31 16:06:04,920 [s0-impl-thread1] INFO  server.RaftServerConfigKeys (ConfUtils.java:logGet(46)) - raft.server.log.use.memory = false (default)
2023-10-31 16:06:04,920 [s0-impl-thread1] INFO  server.RaftServerConfigKeys (ConfUtils.java:logGet(46)) - raft.server.log.purge.gap = 1024 (default)
2023-10-31 16:06:04,920 [s0-impl-thread1] INFO  server.RaftServerConfigKeys (ConfUtils.java:logGet(46)) - raft.server.log.appender.buffer.byte-limit = 4MB (=4194304) (default)
2023-10-31 16:06:04,920 [s0-impl-thread1] INFO  server.RaftServerConfigKeys (ConfUtils.java:logGet(46)) - raft.server.log.statemachine.data.read.timeout = 1000ms (default)
2023-10-31 16:06:04,921 [s0-impl-thread1] INFO  server.RaftServerConfigKeys (ConfUtils.java:logGet(46)) - raft.server.log.purge.preservation.log.num = 0 (default)
2023-10-31 16:06:04,921 [s0-impl-thread1] INFO  server.RaftServerConfigKeys (ConfUtils.java:logGet(46)) - raft.server.log.segment.size.max = 8KB (=8192) (custom)
2023-10-31 16:06:04,921 [s0-impl-thread1] INFO  server.RaftServerConfigKeys (ConfUtils.java:logGet(46)) - raft.server.log.segment.cache.num.max = 6 (default)
2023-10-31 16:06:04,921 [s0-impl-thread1] INFO  server.RaftServerConfigKeys (ConfUtils.java:logGet(46)) - raft.server.log.segment.cache.size.max = 200MB (=209715200) (default)
2023-10-31 16:06:04,921 [s0-impl-thread1] INFO  server.RaftServerConfigKeys (ConfUtils.java:logGet(46)) - raft.server.log.appender.buffer.byte-limit = 4MB (=4194304) (default)
2023-10-31 16:06:04,922 [s0-impl-thread1] INFO  util.AwaitToRun (AwaitToRun.java:start(81)) - Thread[s0@group-F78B7583022A-cacheEviction-AwaitToRun,5,main] started
2023-10-31 16:06:04,922 [s0-impl-thread1] INFO  segmented.SegmentedRaftLogWorker (SegmentedRaftLogWorker.java:<init>(184)) - new s0@group-F78B7583022A-SegmentedRaftLogWorker for RaftStorageImpl:Storage Directory /home/runner/work/ratis/ratis/ratis-test/target/test/data/3084f93d/MiniRaftClusterWithSimulatedRpce237fa44/s0/69750052-33aa-491b-b994-f78b7583022a
2023-10-31 16:06:04,922 [s0-impl-thread1] INFO  server.RaftServerConfigKeys (ConfUtils.java:logGet(46)) - raft.server.log.queue.byte-limit = 64MB (=67108864) (default)
2023-10-31 16:06:04,922 [s0-impl-thread1] INFO  server.RaftServerConfigKeys (ConfUtils.java:logGet(46)) - raft.server.log.queue.element-limit = 4096 (default)
2023-10-31 16:06:04,922 [s0-impl-thread1] INFO  server.RaftServerConfigKeys (ConfUtils.java:logGet(46)) - raft.server.log.segment.size.max = 8KB (=8192) (custom)
2023-10-31 16:06:04,922 [s0-impl-thread1] INFO  server.RaftServerConfigKeys (ConfUtils.java:logGet(46)) - raft.server.log.preallocated.size = 4MB (=4194304) (default)
2023-10-31 16:06:04,922 [s0-impl-thread1] INFO  server.RaftServerConfigKeys (ConfUtils.java:logGet(46)) - raft.server.log.force.sync.num = 128 (default)
2023-10-31 16:06:04,922 [s0-impl-thread1] INFO  server.RaftServerConfigKeys (ConfUtils.java:logGet(46)) - raft.server.log.statemachine.data.sync = true (default)
2023-10-31 16:06:04,922 [s0-impl-thread1] INFO  server.RaftServerConfigKeys (ConfUtils.java:logGet(46)) - raft.server.log.statemachine.data.sync.timeout = 10s (default)
2023-10-31 16:06:04,922 [s0-impl-thread1] INFO  server.RaftServerConfigKeys (ConfUtils.java:logGet(46)) - raft.server.log.statemachine.data.sync.timeout.retry = -1 (default)
2023-10-31 16:06:04,922 [s0-impl-thread1] INFO  server.RaftServerConfigKeys (ConfUtils.java:logGet(46)) - raft.server.log.write.buffer.size = 64KB (=65536) (default)
2023-10-31 16:06:04,922 [s0-impl-thread1] INFO  server.RaftServerConfigKeys (ConfUtils.java:logGet(46)) - raft.server.log.appender.buffer.byte-limit = 4MB (=4194304) (default)
2023-10-31 16:06:04,924 [s0-impl-thread1] INFO  server.RaftServerConfigKeys (ConfUtils.java:logGet(46)) - raft.server.log.unsafe-flush.enabled = false (default)
2023-10-31 16:06:04,924 [s0-impl-thread1] INFO  server.RaftServerConfigKeys (ConfUtils.java:logGet(46)) - raft.server.log.async-flush.enabled = false (default)
2023-10-31 16:06:04,924 [s0-impl-thread1] INFO  server.RaftServerConfigKeys (ConfUtils.java:logGet(46)) - raft.server.log.statemachine.data.caching.enabled = false (default)
2023-10-31 16:06:04,925 [s0-impl-thread1] INFO  segmented.LogSegment (LogSegment.java:loadSegment(170)) - Successfully read 0 entries from segment file /home/runner/work/ratis/ratis/ratis-test/target/test/data/3084f93d/MiniRaftClusterWithSimulatedRpce237fa44/s0/69750052-33aa-491b-b994-f78b7583022a/current/log_inprogress_0
2023-10-31 16:06:04,925 [s0-impl-thread1] TRACE util.FileUtils (LogUtils.java:runAndLog(49)) - Successfully ran Files.delete /home/runner/work/ratis/ratis/ratis-test/target/test/data/3084f93d/MiniRaftClusterWithSimulatedRpce237fa44/s0/69750052-33aa-491b-b994-f78b7583022a/current/log_inprogress_0
2023-10-31 16:06:04,925 [s0-impl-thread1] INFO  segmented.SegmentedRaftLogWorker (SegmentedRaftLogWorker.java:lambda$new$0(135)) - s0@group-F78B7583022A-SegmentedRaftLogWorker: flushIndex: setUnconditionally 0 -> -1
2023-10-31 16:06:04,925 [s0-impl-thread1] INFO  segmented.SegmentedRaftLogWorker (SegmentedRaftLogWorker.java:lambda$new$0(135)) - s0@group-F78B7583022A-SegmentedRaftLogWorker: safeCacheEvictIndex: setUnconditionally 0 -> -1
2023-10-31 16:06:04,925 [s0-impl-thread1] INFO  server.RaftServer$Division (RaftServerImpl.java:start(390)) - s0@group-F78B7583022A: start as a follower, conf=0: peers:[s0|localhost:46719, s1|localhost:38495, s2|localhost:42573]|listeners:[], old=null
2023-10-31 16:06:04,925 [s0-impl-thread1] INFO  server.RaftServer$Division (RaftServerImpl.java:setRole(377)) - s0@group-F78B7583022A: changes role from      null to FOLLOWER at term 1 for startAsFollower
2023-10-31 16:06:04,925 [s0-impl-thread1] INFO  impl.RoleInfo (RoleInfo.java:updateAndGet(138)) - s0: start s0@group-F78B7583022A-FollowerState
2023-10-31 16:06:04,926 [s0-impl-thread1] INFO  util.JmxRegister (JmxRegister.java:tryRegister(44)) - Successfully registered JMX Bean with object name Ratis:service=RaftServer,group=group-F78B7583022A,id=s0
2023-10-31 16:06:04,926 [s0-impl-thread1] INFO  server.RaftServerConfigKeys (ConfUtils.java:logGet(46)) - raft.server.snapshot.trigger-when-stop.enabled = true (default)
2023-10-31 16:06:04,926 [s0-impl-thread1] INFO  server.RaftServerConfigKeys (ConfUtils.java:logGet(46)) - raft.server.snapshot.auto.trigger.enabled = false (default)
2023-10-31 16:06:04,926 [s0-impl-thread1] INFO  server.RaftServerConfigKeys (ConfUtils.java:logGet(46)) - raft.server.snapshot.retention.file.num = -1 (default)
2023-10-31 16:06:04,926 [s0-impl-thread1] INFO  server.RaftServerConfigKeys (ConfUtils.java:logGet(46)) - raft.server.log.purge.upto.snapshot.index = false (default)
2023-10-31 16:06:04,926 [s0@group-F78B7583022A-FollowerState] INFO  server.RaftServerConfigKeys (ConfUtils.java:logFallback(53)) - raft.server.rpc.first-election.timeout.min = 150ms (fallback to raft.server.rpc.timeout.min)
2023-10-31 16:06:04,926 [s0@group-F78B7583022A-FollowerState] INFO  server.RaftServerConfigKeys (ConfUtils.java:logFallback(53)) - raft.server.rpc.first-election.timeout.max = 300ms (fallback to raft.server.rpc.timeout.max)
2023-10-31 16:06:04,927 [Time-limited test] INFO  server.RaftServer (RaftServerProxy.java:startImpl(406)) - s0: start RPC server
2023-10-31 16:06:04,928 [Time-limited test] INFO  server.RaftServer (RaftServerProxy.java:lambda$close$9(416)) - s0: close
2023-10-31 16:06:04,928 [JvmPauseMonitor8] INFO  util.JvmPauseMonitor (JvmPauseMonitor.java:run(146)) - JvmPauseMonitor-s0: Started
2023-10-31 16:06:04,928 [s0-impl-thread1] INFO  server.RaftServer$Division (RaftServerImpl.java:lambda$close$3(514)) - s0@group-F78B7583022A: shutdown
2023-10-31 16:06:04,928 [s0-impl-thread1] INFO  util.JmxRegister (JmxRegister.java:unregister(73)) - Successfully un-registered JMX Bean with object name Ratis:service=RaftServer,group=group-F78B7583022A,id=s0
2023-10-31 16:06:04,928 [s0-impl-thread1] INFO  impl.RoleInfo (RoleInfo.java:shutdownFollowerState(109)) - s0: shutdown s0@group-F78B7583022A-FollowerState
2023-10-31 16:06:04,928 [s0-impl-thread1] INFO  impl.StateMachineUpdater (StateMachineUpdater.java:stopAndJoin(157)) - s0@group-F78B7583022A-StateMachineUpdater: set stopIndex = -1
2023-10-31 16:06:04,928 [HandlerDaemon-0] INFO  simulation.RequestHandler (RequestHandler.java:run(127)) - s0.clientHandler0 is interrupted by java.io.InterruptedIOException: 
2023-10-31 16:06:04,928 [s0@group-F78B7583022A-FollowerState] INFO  impl.FollowerState (FollowerState.java:run(152)) - s0@group-F78B7583022A-FollowerState was interrupted
2023-10-31 16:06:04,928 [HandlerDaemon-2] INFO  simulation.RequestHandler (RequestHandler.java:run(127)) - s0.clientHandler2 is interrupted by java.io.InterruptedIOException: 
2023-10-31 16:06:04,930 [s0-impl-thread1] INFO  server.RaftServer$Division (ServerState.java:close(423)) - s0@group-F78B7583022A: applyIndex: -1
2023-10-31 16:06:04,930 [s0@group-F78B7583022A-cacheEviction-AwaitToRun] INFO  util.AwaitToRun (AwaitToRun.java:run(49)) - s0@group-F78B7583022A-cacheEviction-AwaitToRun-AwaitForSignal is interrupted
2023-10-31 16:06:04,930 [HandlerDaemon-2] INFO  simulation.RequestHandler (RequestHandler.java:run(127)) - s0.serverHandler2 is interrupted by java.io.InterruptedIOException: 
2023-10-31 16:06:04,930 [HandlerDaemon-1] INFO  simulation.RequestHandler (RequestHandler.java:run(127)) - s0.serverHandler1 is interrupted by java.io.InterruptedIOException: 
2023-10-31 16:06:04,930 [HandlerDaemon-0] INFO  simulation.RequestHandler (RequestHandler.java:run(127)) - s0.serverHandler0 is interrupted by java.io.InterruptedIOException: 
2023-10-31 16:06:05,926 [s0-impl-thread1] INFO  segmented.SegmentedRaftLogWorker (SegmentedRaftLogWorker.java:close(243)) - s0@group-F78B7583022A-SegmentedRaftLogWorker close()
2023-10-31 16:06:05,927 [JvmPauseMonitor8] INFO  util.JvmPauseMonitor (JvmPauseMonitor.java:run(152)) - JvmPauseMonitor-s0: Stopped
2023-10-31 16:06:05,928 [Time-limited test] INFO  simulation.TestServerRestartWithSimulatedRpc (ServerRestartTests.java:lambda$assertCorruptedLogHeader$5(222)) - header    = 526166744c6f6731
2023-10-31 16:06:05,928 [Time-limited test] INFO  simulation.TestServerRestartWithSimulatedRpc (ServerRestartTests.java:lambda$assertCorruptedLogHeader$5(225)) - corrupted = 526166744c6f0000
2023-10-31 16:06:05,928 [Time-limited test] INFO  impl.MiniRaftCluster (MiniRaftCluster.java:killServer(533)) - killServer s0
2023-10-31 16:06:05,929 [Time-limited test] INFO  impl.MiniRaftCluster (MiniRaftCluster.java:newRaftServer(382)) - newRaftServer: s0, group-F78B7583022A:[s0|localhost:46719, s1|localhost:38495, s2|localhost:42573], format? false
2023-10-31 16:06:05,929 [Time-limited test] INFO  server.RaftServer (ConfUtils.java:logGet(46)) - raft.rpc.type = org.apache.ratis.server.simulation.SimulatedRpc (custom)
2023-10-31 16:06:05,929 [Time-limited test] INFO  impl.DataStreamServerImpl (ConfUtils.java:logGet(46)) - raft.datastream.type = DISABLED (default)
2023-10-31 16:06:05,929 [Time-limited test] INFO  server.RaftServerConfigKeys (ConfUtils.java:logGet(46)) - raft.server.sleep.deviation.threshold = 300ms (default)
2023-10-31 16:06:05,929 [Time-limited test] INFO  server.RaftServerConfigKeys (ConfUtils.java:logGet(46)) - raft.server.close.threshold = 60s (default)
2023-10-31 16:06:05,929 [Time-limited test] INFO  server.RaftServerConfigKeys (ConfUtils.java:logGet(46)) - raft.server.leaderelection.leader.step-down.wait-time = 10s (default)
2023-10-31 16:06:05,930 [Time-limited test] INFO  server.RaftServerConfigKeys (ConfUtils.java:logGet(46)) - raft.server.storage.dir = [/home/runner/work/ratis/ratis/ratis-test/target/test/data/3084f93d/MiniRaftClusterWithSimulatedRpce237fa44/s0] (custom)
2023-10-31 16:06:05,930 [Time-limited test] INFO  server.RaftServerConfigKeys (ConfUtils.java:logGet(46)) - raft.server.threadpool.proxy.cached = true (default)
2023-10-31 16:06:05,930 [Time-limited test] INFO  server.RaftServerConfigKeys (ConfUtils.java:logGet(46)) - raft.server.threadpool.proxy.size = 0 (default)
2023-10-31 16:06:05,930 [s0-impl-thread1] INFO  server.RaftServer (RaftServerProxy.java:initGroupDir(264)) - s0: found a subdirectory /home/runner/work/ratis/ratis/ratis-test/target/test/data/3084f93d/MiniRaftClusterWithSimulatedRpce237fa44/s0/69750052-33aa-491b-b994-f78b7583022a
2023-10-31 16:06:05,931 [Time-limited test] INFO  server.RaftServer (RaftServerProxy.java:addNew(100)) - s0: addNew group-F78B7583022A:[s0|localhost:46719, s1|localhost:38495, s2|localhost:42573] returns group-F78B7583022A:java.util.concurrent.CompletableFuture@8beb7c2[Not completed]
2023-10-31 16:06:05,931 [s0-groupManagement] INFO  server.RaftServerConfigKeys (ConfUtils.java:logGet(46)) - raft.server.log.segment.size.max = 32MB (=33554432) (default)
2023-10-31 16:06:05,931 [s0-groupManagement] INFO  server.RaftServerConfigKeys (ConfUtils.java:logGet(46)) - raft.server.log.preallocated.size = 4MB (=4194304) (default)
2023-10-31 16:06:05,931 [s0-groupManagement] INFO  server.RaftServerConfigKeys (ConfUtils.java:logGet(46)) - raft.server.log.write.buffer.size = 64KB (=65536) (default)
2023-10-31 16:06:05,931 [s0-groupManagement] INFO  server.RaftServer$Division (RaftServerImpl.java:<init>(255)) - s0: new RaftServerImpl for group-F78B7583022A:[s0|localhost:46719, s1|localhost:38495, s2|localhost:42573] with SimpleStateMachine4Testing:uninitialized
2023-10-31 16:06:05,931 [s0-groupManagement] INFO  server.RaftServerConfigKeys (ConfUtils.java:logGet(46)) - raft.server.rpc.timeout.min = 150ms (default)
2023-10-31 16:06:05,931 [s0-groupManagement] INFO  server.RaftServerConfigKeys (ConfUtils.java:logGet(46)) - raft.server.rpc.timeout.max = 300ms (default)
2023-10-31 16:06:05,931 [s0-groupManagement] INFO  server.RaftServerConfigKeys (ConfUtils.java:logGet(46)) - raft.server.rpc.sleep.time = 25ms (default)
2023-10-31 16:06:05,931 [s0-groupManagement] INFO  server.RaftServerConfigKeys (ConfUtils.java:logGet(46)) - raft.server.rpc.slowness.timeout = 60s (default)
2023-10-31 16:06:05,931 [s0-groupManagement] INFO  server.RaftServerConfigKeys (ConfUtils.java:logGet(46)) - raft.server.leaderelection.leader.step-down.wait-time = 10s (default)
2023-10-31 16:06:05,932 [s0-groupManagement] INFO  server.RaftServerConfigKeys (ConfUtils.java:logGet(46)) - raft.server.sleep.deviation.threshold = 300ms (default)
2023-10-31 16:06:05,932 [s0-groupManagement] INFO  server.RaftServer$Division (ServerState.java:<init>(113)) - s0@group-F78B7583022A: ConfigurationManager, init=-1: peers:[s0|localhost:46719, s1|localhost:38495, s2|localhost:42573]|listeners:[], old=null, confs=<EMPTY_MAP>
2023-10-31 16:06:05,932 [s0-groupManagement] INFO  server.RaftServerConfigKeys (ConfUtils.java:logGet(46)) - raft.server.notification.no-leader.timeout = 60s (default)
2023-10-31 16:06:05,932 [s0-groupManagement] INFO  server.RaftServerConfigKeys (ConfUtils.java:logGet(46)) - raft.server.read.timeout = 10s (default)
2023-10-31 16:06:05,932 [s0-groupManagement] INFO  server.RaftServerConfigKeys (ConfUtils.java:logGet(46)) - raft.server.retrycache.expirytime = 60s (default)
2023-10-31 16:06:05,932 [s0-groupManagement] INFO  server.RaftServerConfigKeys (ConfUtils.java:logGet(46)) - raft.server.retrycache.statistics.expirytime = 100μs (default)
2023-10-31 16:06:05,932 [s0-groupManagement] INFO  server.RaftServerConfigKeys (ConfUtils.java:logGet(46)) - raft.server.read.option = DEFAULT (default)
2023-10-31 16:06:05,932 [s0-groupManagement] INFO  server.RaftServerConfigKeys (ConfUtils.java:logGet(46)) - raft.server.read.read-after-write-consistent.write-index-cache.expiry-time = 60s (default)
2023-10-31 16:06:05,934 [s0-groupManagement] INFO  server.RaftServerConfigKeys (ConfUtils.java:logGet(46)) - raft.server.rpc.request.timeout = 3000ms (default)
2023-10-31 16:06:05,934 [s0-groupManagement] INFO  server.RaftServerConfigKeys (ConfUtils.java:logGet(46)) - raft.server.log.appender.install.snapshot.enabled = true (default)
2023-10-31 16:06:05,934 [s0-groupManagement] INFO  server.RaftServerConfigKeys (ConfUtils.java:logGet(46)) - raft.server.threadpool.server.cached = true (default)
2023-10-31 16:06:05,934 [s0-groupManagement] INFO  server.RaftServerConfigKeys (ConfUtils.java:logGet(46)) - raft.server.threadpool.server.size = 0 (default)
2023-10-31 16:06:05,934 [s0-groupManagement] INFO  server.RaftServerConfigKeys (ConfUtils.java:logGet(46)) - raft.server.threadpool.client.cached = true (default)
2023-10-31 16:06:05,934 [s0-groupManagement] INFO  server.RaftServerConfigKeys (ConfUtils.java:logGet(46)) - raft.server.threadpool.client.size = 0 (default)
2023-10-31 16:06:05,934 [s0-impl-thread1] INFO  server.RaftServerConfigKeys (ConfUtils.java:logGet(46)) - raft.server.storage.free-space.min = 0MB (=0) (default)
2023-10-31 16:06:05,934 [s0-impl-thread1] INFO  server.RaftServerConfigKeys (ConfUtils.java:logGet(46)) - raft.server.log.corruption.policy = EXCEPTION (default)
2023-10-31 16:06:05,934 [s0-impl-thread1] INFO  server.RaftServerConfigKeys (ConfUtils.java:logGet(46)) - raft.server.storage.dir = [/home/runner/work/ratis/ratis/ratis-test/target/test/data/3084f93d/MiniRaftClusterWithSimulatedRpce237fa44/s0] (custom)
2023-10-31 16:06:05,936 [s0-impl-thread1] INFO  storage.RaftStorageDirectory (RaftStorageDirectoryImpl.java:tryLock(232)) - Lock on /home/runner/work/ratis/ratis/ratis-test/target/test/data/3084f93d/MiniRaftClusterWithSimulatedRpce237fa44/s0/69750052-33aa-491b-b994-f78b7583022a/in_use.lock acquired by nodename 3366@fv-az462-937
2023-10-31 16:06:05,936 [s0-impl-thread1] INFO  storage.RaftStorage (RaftStorageImpl.java:analyzeAndRecoverStorage(117)) - Read RaftStorageMetadata{term=1, votedFor=s0} from /home/runner/work/ratis/ratis/ratis-test/target/test/data/3084f93d/MiniRaftClusterWithSimulatedRpce237fa44/s0/69750052-33aa-491b-b994-f78b7583022a/current/raft-meta
2023-10-31 16:06:05,937 [s0-impl-thread1] INFO  server.RaftServer$Division (ServerState.java:setRaftConf(382)) - s0@group-F78B7583022A: set configuration 0: peers:[s0|localhost:46719, s1|localhost:38495, s2|localhost:42573]|listeners:[], old=null
2023-10-31 16:06:05,937 [s0-impl-thread1] INFO  impl.SimpleStateMachine4Testing (SimpleStateMachine4Testing.java:initialize(213)) - Initializing SimpleStateMachine4Testing:uninitialized
2023-10-31 16:06:05,937 [s0-impl-thread1] INFO  impl.SimpleStateMachine4Testing (SimpleStateMachine4Testing.java:loadSnapshot(296)) - Loading snapshot null
2023-10-31 16:06:05,937 [s0-impl-thread1] INFO  server.RaftServerConfigKeys (ConfUtils.java:logGet(46)) - raft.server.log.use.memory = false (default)
2023-10-31 16:06:05,937 [s0-impl-thread1] INFO  server.RaftServerConfigKeys (ConfUtils.java:logGet(46)) - raft.server.log.purge.gap = 1024 (default)
2023-10-31 16:06:05,937 [s0-impl-thread1] INFO  server.RaftServerConfigKeys (ConfUtils.java:logGet(46)) - raft.server.log.appender.buffer.byte-limit = 4MB (=4194304) (default)
2023-10-31 16:06:05,937 [s0-impl-thread1] INFO  server.RaftServerConfigKeys (ConfUtils.java:logGet(46)) - raft.server.log.statemachine.data.read.timeout = 1000ms (default)
2023-10-31 16:06:05,938 [s0-impl-thread1] INFO  server.RaftServerConfigKeys (ConfUtils.java:logGet(46)) - raft.server.log.purge.preservation.log.num = 0 (default)
2023-10-31 16:06:05,939 [s0-impl-thread1] INFO  server.RaftServerConfigKeys (ConfUtils.java:logGet(46)) - raft.server.log.segment.size.max = 8KB (=8192) (custom)
2023-10-31 16:06:05,940 [s0-impl-thread1] INFO  server.RaftServerConfigKeys (ConfUtils.java:logGet(46)) - raft.server.log.segment.cache.num.max = 6 (default)
2023-10-31 16:06:05,940 [s0-impl-thread1] INFO  server.RaftServerConfigKeys (ConfUtils.java:logGet(46)) - raft.server.log.segment.cache.size.max = 200MB (=209715200) (default)
2023-10-31 16:06:05,940 [s0-impl-thread1] INFO  server.RaftServerConfigKeys (ConfUtils.java:logGet(46)) - raft.server.log.appender.buffer.byte-limit = 4MB (=4194304) (default)
2023-10-31 16:06:05,940 [s0-impl-thread1] INFO  util.AwaitToRun (AwaitToRun.java:start(81)) - Thread[s0@group-F78B7583022A-cacheEviction-AwaitToRun,5,main] started
2023-10-31 16:06:05,940 [s0-impl-thread1] INFO  segmented.SegmentedRaftLogWorker (SegmentedRaftLogWorker.java:<init>(184)) - new s0@group-F78B7583022A-SegmentedRaftLogWorker for RaftStorageImpl:Storage Directory /home/runner/work/ratis/ratis/ratis-test/target/test/data/3084f93d/MiniRaftClusterWithSimulatedRpce237fa44/s0/69750052-33aa-491b-b994-f78b7583022a
2023-10-31 16:06:05,940 [s0-impl-thread1] INFO  server.RaftServerConfigKeys (ConfUtils.java:logGet(46)) - raft.server.log.queue.byte-limit = 64MB (=67108864) (default)
2023-10-31 16:06:05,940 [s0-impl-thread1] INFO  server.RaftServerConfigKeys (ConfUtils.java:logGet(46)) - raft.server.log.queue.element-limit = 4096 (default)
2023-10-31 16:06:05,941 [s0-impl-thread1] INFO  server.RaftServerConfigKeys (ConfUtils.java:logGet(46)) - raft.server.log.segment.size.max = 8KB (=8192) (custom)
2023-10-31 16:06:05,941 [s0-impl-thread1] INFO  server.RaftServerConfigKeys (ConfUtils.java:logGet(46)) - raft.server.log.preallocated.size = 4MB (=4194304) (default)
2023-10-31 16:06:05,941 [s0-impl-thread1] INFO  server.RaftServerConfigKeys (ConfUtils.java:logGet(46)) - raft.server.log.force.sync.num = 128 (default)
2023-10-31 16:06:05,941 [s0-impl-thread1] INFO  server.RaftServerConfigKeys (ConfUtils.java:logGet(46)) - raft.server.log.statemachine.data.sync = true (default)
2023-10-31 16:06:05,941 [s0-impl-thread1] INFO  server.RaftServerConfigKeys (ConfUtils.java:logGet(46)) - raft.server.log.statemachine.data.sync.timeout = 10s (default)
2023-10-31 16:06:05,941 [s0-impl-thread1] INFO  server.RaftServerConfigKeys (ConfUtils.java:logGet(46)) - raft.server.log.statemachine.data.sync.timeout.retry = -1 (default)
2023-10-31 16:06:05,941 [s0-impl-thread1] INFO  server.RaftServerConfigKeys (ConfUtils.java:logGet(46)) - raft.server.log.write.buffer.size = 64KB (=65536) (default)
2023-10-31 16:06:05,941 [s0-impl-thread1] INFO  server.RaftServerConfigKeys (ConfUtils.java:logGet(46)) - raft.server.log.appender.buffer.byte-limit = 4MB (=4194304) (default)
2023-10-31 16:06:05,943 [s0-impl-thread1] INFO  server.RaftServerConfigKeys (ConfUtils.java:logGet(46)) - raft.server.log.unsafe-flush.enabled = false (default)
2023-10-31 16:06:05,943 [s0-impl-thread1] INFO  server.RaftServerConfigKeys (ConfUtils.java:logGet(46)) - raft.server.log.async-flush.enabled = false (default)
2023-10-31 16:06:05,943 [s0-impl-thread1] INFO  server.RaftServerConfigKeys (ConfUtils.java:logGet(46)) - raft.server.log.statemachine.data.caching.enabled = false (default)
2023-10-31 16:06:05,943 [s0-impl-thread1] INFO  segmented.LogSegment (LogSegment.java:loadSegment(170)) - Successfully read 0 entries from segment file /home/runner/work/ratis/ratis/ratis-test/target/test/data/3084f93d/MiniRaftClusterWithSimulatedRpce237fa44/s0/69750052-33aa-491b-b994-f78b7583022a/current/log_inprogress_0
2023-10-31 16:06:05,944 [s0-impl-thread1] TRACE util.FileUtils (LogUtils.java:runAndLog(49)) - Successfully ran Files.delete /home/runner/work/ratis/ratis/ratis-test/target/test/data/3084f93d/MiniRaftClusterWithSimulatedRpce237fa44/s0/69750052-33aa-491b-b994-f78b7583022a/current/log_inprogress_0
2023-10-31 16:06:05,944 [s0-impl-thread1] INFO  segmented.SegmentedRaftLogWorker (SegmentedRaftLogWorker.java:lambda$new$0(135)) - s0@group-F78B7583022A-SegmentedRaftLogWorker: flushIndex: setUnconditionally 0 -> -1
2023-10-31 16:06:05,944 [s0-impl-thread1] INFO  segmented.SegmentedRaftLogWorker (SegmentedRaftLogWorker.java:lambda$new$0(135)) - s0@group-F78B7583022A-SegmentedRaftLogWorker: safeCacheEvictIndex: setUnconditionally 0 -> -1
2023-10-31 16:06:05,944 [s0-impl-thread1] INFO  server.RaftServer$Division (RaftServerImpl.java:start(390)) - s0@group-F78B7583022A: start as a follower, conf=0: peers:[s0|localhost:46719, s1|localhost:38495, s2|localhost:42573]|listeners:[], old=null
2023-10-31 16:06:05,944 [s0-impl-thread1] INFO  server.RaftServer$Division (RaftServerImpl.java:setRole(377)) - s0@group-F78B7583022A: changes role from      null to FOLLOWER at term 1 for startAsFollower
2023-10-31 16:06:05,944 [s0-impl-thread1] INFO  impl.RoleInfo (RoleInfo.java:updateAndGet(138)) - s0: start s0@group-F78B7583022A-FollowerState
2023-10-31 16:06:05,944 [s0@group-F78B7583022A-FollowerState] INFO  server.RaftServerConfigKeys (ConfUtils.java:logFallback(53)) - raft.server.rpc.first-election.timeout.min = 150ms (fallback to raft.server.rpc.timeout.min)
2023-10-31 16:06:05,944 [s0-impl-thread1] INFO  util.JmxRegister (JmxRegister.java:tryRegister(44)) - Successfully registered JMX Bean with object name Ratis:service=RaftServer,group=group-F78B7583022A,id=s0
2023-10-31 16:06:05,945 [s0@group-F78B7583022A-FollowerState] INFO  server.RaftServerConfigKeys (ConfUtils.java:logFallback(53)) - raft.server.rpc.first-election.timeout.max = 300ms (fallback to raft.server.rpc.timeout.max)
2023-10-31 16:06:05,945 [s0-impl-thread1] INFO  server.RaftServerConfigKeys (ConfUtils.java:logGet(46)) - raft.server.snapshot.trigger-when-stop.enabled = true (default)
2023-10-31 16:06:05,945 [s0-impl-thread1] INFO  server.RaftServerConfigKeys (ConfUtils.java:logGet(46)) - raft.server.snapshot.auto.trigger.enabled = false (default)
2023-10-31 16:06:05,945 [s0-impl-thread1] INFO  server.RaftServerConfigKeys (ConfUtils.java:logGet(46)) - raft.server.snapshot.retention.file.num = -1 (default)
2023-10-31 16:06:05,945 [s0-impl-thread1] INFO  server.RaftServerConfigKeys (ConfUtils.java:logGet(46)) - raft.server.log.purge.upto.snapshot.index = false (default)
2023-10-31 16:06:05,945 [Time-limited test] INFO  server.RaftServer (RaftServerProxy.java:startImpl(406)) - s0: start RPC server
2023-10-31 16:06:05,947 [Time-limited test] INFO  server.RaftServer (RaftServerProxy.java:lambda$close$9(416)) - s0: close
2023-10-31 16:06:05,947 [JvmPauseMonitor9] INFO  util.JvmPauseMonitor (JvmPauseMonitor.java:run(146)) - JvmPauseMonitor-s0: Started
2023-10-31 16:06:05,947 [s0-impl-thread1] INFO  server.RaftServer$Division (RaftServerImpl.java:lambda$close$3(514)) - s0@group-F78B7583022A: shutdown
2023-10-31 16:06:05,947 [s0-impl-thread1] INFO  util.JmxRegister (JmxRegister.java:unregister(73)) - Successfully un-registered JMX Bean with object name Ratis:service=RaftServer,group=group-F78B7583022A,id=s0
2023-10-31 16:06:05,948 [s0-impl-thread1] INFO  impl.RoleInfo (RoleInfo.java:shutdownFollowerState(109)) - s0: shutdown s0@group-F78B7583022A-FollowerState
2023-10-31 16:06:05,948 [s0-impl-thread1] INFO  impl.StateMachineUpdater (StateMachineUpdater.java:stopAndJoin(157)) - s0@group-F78B7583022A-StateMachineUpdater: set stopIndex = -1
2023-10-31 16:06:05,948 [s0@group-F78B7583022A-FollowerState] INFO  impl.FollowerState (FollowerState.java:run(152)) - s0@group-F78B7583022A-FollowerState was interrupted
2023-10-31 16:06:05,948 [HandlerDaemon-1] INFO  simulation.RequestHandler (RequestHandler.java:run(127)) - s0.clientHandler1 is interrupted by java.io.InterruptedIOException: 
2023-10-31 16:06:05,948 [HandlerDaemon-2] INFO  simulation.RequestHandler (RequestHandler.java:run(127)) - s0.clientHandler2 is interrupted by java.io.InterruptedIOException: 
2023-10-31 16:06:05,948 [s0-impl-thread1] INFO  server.RaftServer$Division (ServerState.java:close(423)) - s0@group-F78B7583022A: applyIndex: -1
2023-10-31 16:06:05,948 [HandlerDaemon-0] INFO  simulation.RequestHandler (RequestHandler.java:run(127)) - s0.clientHandler0 is interrupted by java.io.InterruptedIOException: 
2023-10-31 16:06:05,949 [s0@group-F78B7583022A-cacheEviction-AwaitToRun] INFO  util.AwaitToRun (AwaitToRun.java:run(49)) - s0@group-F78B7583022A-cacheEviction-AwaitToRun-AwaitForSignal is interrupted
2023-10-31 16:06:05,949 [HandlerDaemon-0] INFO  simulation.RequestHandler (RequestHandler.java:run(127)) - s0.serverHandler0 is interrupted by java.io.InterruptedIOException: 
2023-10-31 16:06:05,949 [HandlerDaemon-2] INFO  simulation.RequestHandler (RequestHandler.java:run(127)) - s0.serverHandler2 is interrupted by java.io.InterruptedIOException: 
2023-10-31 16:06:05,949 [HandlerDaemon-1] INFO  simulation.RequestHandler (RequestHandler.java:run(127)) - s0.serverHandler1 is interrupted by java.io.InterruptedIOException: 
2023-10-31 16:06:06,945 [s0-impl-thread1] INFO  segmented.SegmentedRaftLogWorker (SegmentedRaftLogWorker.java:close(243)) - s0@group-F78B7583022A-SegmentedRaftLogWorker close()
2023-10-31 16:06:06,946 [JvmPauseMonitor9] INFO  util.JvmPauseMonitor (JvmPauseMonitor.java:run(152)) - JvmPauseMonitor-s0: Stopped
2023-10-31 16:06:06,947 [Time-limited test] INFO  simulation.TestServerRestartWithSimulatedRpc (ServerRestartTests.java:lambda$assertCorruptedLogHeader$5(222)) - header    = 526166744c6f6731
2023-10-31 16:06:06,947 [Time-limited test] INFO  simulation.TestServerRestartWithSimulatedRpc (ServerRestartTests.java:lambda$assertCorruptedLogHeader$5(225)) - corrupted = 526166744c6f6700
2023-10-31 16:06:06,947 [Time-limited test] INFO  impl.MiniRaftCluster (MiniRaftCluster.java:killServer(533)) - killServer s0
2023-10-31 16:06:06,947 [Time-limited test] INFO  impl.MiniRaftCluster (MiniRaftCluster.java:newRaftServer(382)) - newRaftServer: s0, group-F78B7583022A:[s0|localhost:46719, s1|localhost:38495, s2|localhost:42573], format? false
2023-10-31 16:06:06,948 [Time-limited test] INFO  server.RaftServer (ConfUtils.java:logGet(46)) - raft.rpc.type = org.apache.ratis.server.simulation.SimulatedRpc (custom)
2023-10-31 16:06:06,948 [Time-limited test] INFO  impl.DataStreamServerImpl (ConfUtils.java:logGet(46)) - raft.datastream.type = DISABLED (default)
2023-10-31 16:06:06,948 [Time-limited test] INFO  server.RaftServerConfigKeys (ConfUtils.java:logGet(46)) - raft.server.sleep.deviation.threshold = 300ms (default)
2023-10-31 16:06:06,948 [Time-limited test] INFO  server.RaftServerConfigKeys (ConfUtils.java:logGet(46)) - raft.server.close.threshold = 60s (default)
2023-10-31 16:06:06,948 [Time-limited test] INFO  server.RaftServerConfigKeys (ConfUtils.java:logGet(46)) - raft.server.leaderelection.leader.step-down.wait-time = 10s (default)
2023-10-31 16:06:06,949 [Time-limited test] INFO  server.RaftServerConfigKeys (ConfUtils.java:logGet(46)) - raft.server.storage.dir = [/home/runner/work/ratis/ratis/ratis-test/target/test/data/3084f93d/MiniRaftClusterWithSimulatedRpce237fa44/s0] (custom)
2023-10-31 16:06:06,949 [Time-limited test] INFO  server.RaftServerConfigKeys (ConfUtils.java:logGet(46)) - raft.server.threadpool.proxy.cached = true (default)
2023-10-31 16:06:06,949 [Time-limited test] INFO  server.RaftServerConfigKeys (ConfUtils.java:logGet(46)) - raft.server.threadpool.proxy.size = 0 (default)
2023-10-31 16:06:06,949 [s0-impl-thread1] INFO  server.RaftServer (RaftServerProxy.java:initGroupDir(264)) - s0: found a subdirectory /home/runner/work/ratis/ratis/ratis-test/target/test/data/3084f93d/MiniRaftClusterWithSimulatedRpce237fa44/s0/69750052-33aa-491b-b994-f78b7583022a
2023-10-31 16:06:06,950 [Time-limited test] INFO  server.RaftServer (RaftServerProxy.java:addNew(100)) - s0: addNew group-F78B7583022A:[s0|localhost:46719, s1|localhost:38495, s2|localhost:42573] returns group-F78B7583022A:java.util.concurrent.CompletableFuture@a0a819b[Not completed]
2023-10-31 16:06:06,951 [s0-groupManagement] INFO  server.RaftServerConfigKeys (ConfUtils.java:logGet(46)) - raft.server.log.segment.size.max = 32MB (=33554432) (default)
2023-10-31 16:06:06,951 [s0-groupManagement] INFO  server.RaftServerConfigKeys (ConfUtils.java:logGet(46)) - raft.server.log.preallocated.size = 4MB (=4194304) (default)
2023-10-31 16:06:06,951 [s0-groupManagement] INFO  server.RaftServerConfigKeys (ConfUtils.java:logGet(46)) - raft.server.log.write.buffer.size = 64KB (=65536) (default)
2023-10-31 16:06:06,951 [s0-groupManagement] INFO  server.RaftServer$Division (RaftServerImpl.java:<init>(255)) - s0: new RaftServerImpl for group-F78B7583022A:[s0|localhost:46719, s1|localhost:38495, s2|localhost:42573] with SimpleStateMachine4Testing:uninitialized
2023-10-31 16:06:06,951 [s0-groupManagement] INFO  server.RaftServerConfigKeys (ConfUtils.java:logGet(46)) - raft.server.rpc.timeout.min = 150ms (default)
2023-10-31 16:06:06,951 [s0-groupManagement] INFO  server.RaftServerConfigKeys (ConfUtils.java:logGet(46)) - raft.server.rpc.timeout.max = 300ms (default)
2023-10-31 16:06:06,951 [s0-groupManagement] INFO  server.RaftServerConfigKeys (ConfUtils.java:logGet(46)) - raft.server.rpc.sleep.time = 25ms (default)
2023-10-31 16:06:06,951 [s0-groupManagement] INFO  server.RaftServerConfigKeys (ConfUtils.java:logGet(46)) - raft.server.rpc.slowness.timeout = 60s (default)
2023-10-31 16:06:06,951 [s0-groupManagement] INFO  server.RaftServerConfigKeys (ConfUtils.java:logGet(46)) - raft.server.leaderelection.leader.step-down.wait-time = 10s (default)
2023-10-31 16:06:06,951 [s0-groupManagement] INFO  server.RaftServerConfigKeys (ConfUtils.java:logGet(46)) - raft.server.sleep.deviation.threshold = 300ms (default)
2023-10-31 16:06:06,952 [s0-groupManagement] INFO  server.RaftServer$Division (ServerState.java:<init>(113)) - s0@group-F78B7583022A: ConfigurationManager, init=-1: peers:[s0|localhost:46719, s1|localhost:38495, s2|localhost:42573]|listeners:[], old=null, confs=<EMPTY_MAP>
2023-10-31 16:06:06,952 [s0-groupManagement] INFO  server.RaftServerConfigKeys (ConfUtils.java:logGet(46)) - raft.server.notification.no-leader.timeout = 60s (default)
2023-10-31 16:06:06,952 [s0-groupManagement] INFO  server.RaftServerConfigKeys (ConfUtils.java:logGet(46)) - raft.server.read.timeout = 10s (default)
2023-10-31 16:06:06,952 [s0-groupManagement] INFO  server.RaftServerConfigKeys (ConfUtils.java:logGet(46)) - raft.server.retrycache.expirytime = 60s (default)
2023-10-31 16:06:06,952 [s0-groupManagement] INFO  server.RaftServerConfigKeys (ConfUtils.java:logGet(46)) - raft.server.retrycache.statistics.expirytime = 100μs (default)
2023-10-31 16:06:06,952 [s0-groupManagement] INFO  server.RaftServerConfigKeys (ConfUtils.java:logGet(46)) - raft.server.read.option = DEFAULT (default)
2023-10-31 16:06:06,952 [s0-groupManagement] INFO  server.RaftServerConfigKeys (ConfUtils.java:logGet(46)) - raft.server.read.read-after-write-consistent.write-index-cache.expiry-time = 60s (default)
2023-10-31 16:06:06,955 [s0-groupManagement] INFO  server.RaftServerConfigKeys (ConfUtils.java:logGet(46)) - raft.server.rpc.request.timeout = 3000ms (default)
2023-10-31 16:06:06,957 [s0-groupManagement] INFO  server.RaftServerConfigKeys (ConfUtils.java:logGet(46)) - raft.server.log.appender.install.snapshot.enabled = true (default)
2023-10-31 16:06:06,966 [s0-groupManagement] INFO  server.RaftServerConfigKeys (ConfUtils.java:logGet(46)) - raft.server.threadpool.server.cached = true (default)
2023-10-31 16:06:06,966 [s0-groupManagement] INFO  server.RaftServerConfigKeys (ConfUtils.java:logGet(46)) - raft.server.threadpool.server.size = 0 (default)
2023-10-31 16:06:06,966 [s0-groupManagement] INFO  server.RaftServerConfigKeys (ConfUtils.java:logGet(46)) - raft.server.threadpool.client.cached = true (default)
2023-10-31 16:06:06,966 [s0-groupManagement] INFO  server.RaftServerConfigKeys (ConfUtils.java:logGet(46)) - raft.server.threadpool.client.size = 0 (default)
2023-10-31 16:06:06,966 [s0-impl-thread1] INFO  server.RaftServerConfigKeys (ConfUtils.java:logGet(46)) - raft.server.storage.free-space.min = 0MB (=0) (default)
2023-10-31 16:06:06,966 [s0-impl-thread1] INFO  server.RaftServerConfigKeys (ConfUtils.java:logGet(46)) - raft.server.log.corruption.policy = EXCEPTION (default)
2023-10-31 16:06:06,967 [s0-impl-thread1] INFO  server.RaftServerConfigKeys (ConfUtils.java:logGet(46)) - raft.server.storage.dir = [/home/runner/work/ratis/ratis/ratis-test/target/test/data/3084f93d/MiniRaftClusterWithSimulatedRpce237fa44/s0] (custom)
2023-10-31 16:06:06,968 [s0-impl-thread1] INFO  storage.RaftStorageDirectory (RaftStorageDirectoryImpl.java:tryLock(232)) - Lock on /home/runner/work/ratis/ratis/ratis-test/target/test/data/3084f93d/MiniRaftClusterWithSimulatedRpce237fa44/s0/69750052-33aa-491b-b994-f78b7583022a/in_use.lock acquired by nodename 3366@fv-az462-937
2023-10-31 16:06:06,969 [s0-impl-thread1] INFO  storage.RaftStorage (RaftStorageImpl.java:analyzeAndRecoverStorage(117)) - Read RaftStorageMetadata{term=1, votedFor=s0} from /home/runner/work/ratis/ratis/ratis-test/target/test/data/3084f93d/MiniRaftClusterWithSimulatedRpce237fa44/s0/69750052-33aa-491b-b994-f78b7583022a/current/raft-meta
2023-10-31 16:06:06,969 [s0-impl-thread1] INFO  server.RaftServer$Division (ServerState.java:setRaftConf(382)) - s0@group-F78B7583022A: set configuration 0: peers:[s0|localhost:46719, s1|localhost:38495, s2|localhost:42573]|listeners:[], old=null
2023-10-31 16:06:06,969 [s0-impl-thread1] INFO  impl.SimpleStateMachine4Testing (SimpleStateMachine4Testing.java:initialize(213)) - Initializing SimpleStateMachine4Testing:uninitialized
2023-10-31 16:06:06,969 [s0-impl-thread1] INFO  impl.SimpleStateMachine4Testing (SimpleStateMachine4Testing.java:loadSnapshot(296)) - Loading snapshot null
2023-10-31 16:06:06,969 [s0-impl-thread1] INFO  server.RaftServerConfigKeys (ConfUtils.java:logGet(46)) - raft.server.log.use.memory = false (default)
2023-10-31 16:06:06,970 [s0-impl-thread1] INFO  server.RaftServerConfigKeys (ConfUtils.java:logGet(46)) - raft.server.log.purge.gap = 1024 (default)
2023-10-31 16:06:06,970 [s0-impl-thread1] INFO  server.RaftServerConfigKeys (ConfUtils.java:logGet(46)) - raft.server.log.appender.buffer.byte-limit = 4MB (=4194304) (default)
2023-10-31 16:06:06,970 [s0-impl-thread1] INFO  server.RaftServerConfigKeys (ConfUtils.java:logGet(46)) - raft.server.log.statemachine.data.read.timeout = 1000ms (default)
2023-10-31 16:06:06,970 [s0-impl-thread1] INFO  server.RaftServerConfigKeys (ConfUtils.java:logGet(46)) - raft.server.log.purge.preservation.log.num = 0 (default)
2023-10-31 16:06:06,971 [s0-impl-thread1] INFO  server.RaftServerConfigKeys (ConfUtils.java:logGet(46)) - raft.server.log.segment.size.max = 8KB (=8192) (custom)
2023-10-31 16:06:06,971 [s0-impl-thread1] INFO  server.RaftServerConfigKeys (ConfUtils.java:logGet(46)) - raft.server.log.segment.cache.num.max = 6 (default)
2023-10-31 16:06:06,971 [s0-impl-thread1] INFO  server.RaftServerConfigKeys (ConfUtils.java:logGet(46)) - raft.server.log.segment.cache.size.max = 200MB (=209715200) (default)
2023-10-31 16:06:06,971 [s0-impl-thread1] INFO  server.RaftServerConfigKeys (ConfUtils.java:logGet(46)) - raft.server.log.appender.buffer.byte-limit = 4MB (=4194304) (default)
2023-10-31 16:06:06,977 [s0-impl-thread1] INFO  util.AwaitToRun (AwaitToRun.java:start(81)) - Thread[s0@group-F78B7583022A-cacheEviction-AwaitToRun,5,main] started
2023-10-31 16:06:06,977 [s0-impl-thread1] INFO  segmented.SegmentedRaftLogWorker (SegmentedRaftLogWorker.java:<init>(184)) - new s0@group-F78B7583022A-SegmentedRaftLogWorker for RaftStorageImpl:Storage Directory /home/runner/work/ratis/ratis/ratis-test/target/test/data/3084f93d/MiniRaftClusterWithSimulatedRpce237fa44/s0/69750052-33aa-491b-b994-f78b7583022a
2023-10-31 16:06:06,977 [s0-impl-thread1] INFO  server.RaftServerConfigKeys (ConfUtils.java:logGet(46)) - raft.server.log.queue.byte-limit = 64MB (=67108864) (default)
2023-10-31 16:06:06,977 [s0-impl-thread1] INFO  server.RaftServerConfigKeys (ConfUtils.java:logGet(46)) - raft.server.log.queue.element-limit = 4096 (default)
2023-10-31 16:06:06,978 [s0-impl-thread1] INFO  server.RaftServerConfigKeys (ConfUtils.java:logGet(46)) - raft.server.log.segment.size.max = 8KB (=8192) (custom)
2023-10-31 16:06:06,978 [s0-impl-thread1] INFO  server.RaftServerConfigKeys (ConfUtils.java:logGet(46)) - raft.server.log.preallocated.size = 4MB (=4194304) (default)
2023-10-31 16:06:06,978 [s0-impl-thread1] INFO  server.RaftServerConfigKeys (ConfUtils.java:logGet(46)) - raft.server.log.force.sync.num = 128 (default)
2023-10-31 16:06:06,978 [s0-impl-thread1] INFO  server.RaftServerConfigKeys (ConfUtils.java:logGet(46)) - raft.server.log.statemachine.data.sync = true (default)
2023-10-31 16:06:06,978 [s0-impl-thread1] INFO  server.RaftServerConfigKeys (ConfUtils.java:logGet(46)) - raft.server.log.statemachine.data.sync.timeout = 10s (default)
2023-10-31 16:06:06,978 [s0-impl-thread1] INFO  server.RaftServerConfigKeys (ConfUtils.java:logGet(46)) - raft.server.log.statemachine.data.sync.timeout.retry = -1 (default)
2023-10-31 16:06:06,978 [s0-impl-thread1] INFO  server.RaftServerConfigKeys (ConfUtils.java:logGet(46)) - raft.server.log.write.buffer.size = 64KB (=65536) (default)
2023-10-31 16:06:06,978 [s0-impl-thread1] INFO  server.RaftServerConfigKeys (ConfUtils.java:logGet(46)) - raft.server.log.appender.buffer.byte-limit = 4MB (=4194304) (default)
2023-10-31 16:06:06,981 [s0-impl-thread1] INFO  server.RaftServerConfigKeys (ConfUtils.java:logGet(46)) - raft.server.log.unsafe-flush.enabled = false (default)
2023-10-31 16:06:06,981 [s0-impl-thread1] INFO  server.RaftServerConfigKeys (ConfUtils.java:logGet(46)) - raft.server.log.async-flush.enabled = false (default)
2023-10-31 16:06:06,981 [s0-impl-thread1] INFO  server.RaftServerConfigKeys (ConfUtils.java:logGet(46)) - raft.server.log.statemachine.data.caching.enabled = false (default)
2023-10-31 16:06:06,982 [s0-impl-thread1] INFO  segmented.LogSegment (LogSegment.java:loadSegment(170)) - Successfully read 0 entries from segment file /home/runner/work/ratis/ratis/ratis-test/target/test/data/3084f93d/MiniRaftClusterWithSimulatedRpce237fa44/s0/69750052-33aa-491b-b994-f78b7583022a/current/log_inprogress_0
2023-10-31 16:06:06,982 [s0-impl-thread1] TRACE util.FileUtils (LogUtils.java:runAndLog(49)) - Successfully ran Files.delete /home/runner/work/ratis/ratis/ratis-test/target/test/data/3084f93d/MiniRaftClusterWithSimulatedRpce237fa44/s0/69750052-33aa-491b-b994-f78b7583022a/current/log_inprogress_0
2023-10-31 16:06:06,982 [s0-impl-thread1] INFO  segmented.SegmentedRaftLogWorker (SegmentedRaftLogWorker.java:lambda$new$0(135)) - s0@group-F78B7583022A-SegmentedRaftLogWorker: flushIndex: setUnconditionally 0 -> -1
2023-10-31 16:06:06,982 [s0-impl-thread1] INFO  segmented.SegmentedRaftLogWorker (SegmentedRaftLogWorker.java:lambda$new$0(135)) - s0@group-F78B7583022A-SegmentedRaftLogWorker: safeCacheEvictIndex: setUnconditionally 0 -> -1
2023-10-31 16:06:06,985 [s0-impl-thread1] INFO  server.RaftServer$Division (RaftServerImpl.java:start(390)) - s0@group-F78B7583022A: start as a follower, conf=0: peers:[s0|localhost:46719, s1|localhost:38495, s2|localhost:42573]|listeners:[], old=null
2023-10-31 16:06:06,986 [s0-impl-thread1] INFO  server.RaftServer$Division (RaftServerImpl.java:setRole(377)) - s0@group-F78B7583022A: changes role from      null to FOLLOWER at term 1 for startAsFollower
2023-10-31 16:06:06,986 [s0-impl-thread1] INFO  impl.RoleInfo (RoleInfo.java:updateAndGet(138)) - s0: start s0@group-F78B7583022A-FollowerState
2023-10-31 16:06:06,986 [s0-impl-thread1] INFO  util.JmxRegister (JmxRegister.java:tryRegister(44)) - Successfully registered JMX Bean with object name Ratis:service=RaftServer,group=group-F78B7583022A,id=s0
2023-10-31 16:06:06,986 [s0-impl-thread1] INFO  server.RaftServerConfigKeys (ConfUtils.java:logGet(46)) - raft.server.snapshot.trigger-when-stop.enabled = true (default)
2023-10-31 16:06:06,986 [s0-impl-thread1] INFO  server.RaftServerConfigKeys (ConfUtils.java:logGet(46)) - raft.server.snapshot.auto.trigger.enabled = false (default)
2023-10-31 16:06:06,986 [s0-impl-thread1] INFO  server.RaftServerConfigKeys (ConfUtils.java:logGet(46)) - raft.server.snapshot.retention.file.num = -1 (default)
2023-10-31 16:06:06,987 [s0-impl-thread1] INFO  server.RaftServerConfigKeys (ConfUtils.java:logGet(46)) - raft.server.log.purge.upto.snapshot.index = false (default)
2023-10-31 16:06:06,988 [s0@group-F78B7583022A-FollowerState] INFO  server.RaftServerConfigKeys (ConfUtils.java:logFallback(53)) - raft.server.rpc.first-election.timeout.min = 150ms (fallback to raft.server.rpc.timeout.min)
2023-10-31 16:06:06,988 [s0@group-F78B7583022A-FollowerState] INFO  server.RaftServerConfigKeys (ConfUtils.java:logFallback(53)) - raft.server.rpc.first-election.timeout.max = 300ms (fallback to raft.server.rpc.timeout.max)
2023-10-31 16:06:06,988 [Time-limited test] INFO  server.RaftServer (RaftServerProxy.java:startImpl(406)) - s0: start RPC server
2023-10-31 16:06:06,998 [Time-limited test] INFO  server.RaftServer (RaftServerProxy.java:lambda$close$9(416)) - s0: close
2023-10-31 16:06:06,998 [JvmPauseMonitor10] INFO  util.JvmPauseMonitor (JvmPauseMonitor.java:run(146)) - JvmPauseMonitor-s0: Started
2023-10-31 16:06:06,998 [s0-impl-thread1] INFO  server.RaftServer$Division (RaftServerImpl.java:lambda$close$3(514)) - s0@group-F78B7583022A: shutdown
2023-10-31 16:06:06,998 [s0-impl-thread1] INFO  util.JmxRegister (JmxRegister.java:unregister(73)) - Successfully un-registered JMX Bean with object name Ratis:service=RaftServer,group=group-F78B7583022A,id=s0
2023-10-31 16:06:06,999 [s0-impl-thread1] INFO  impl.RoleInfo (RoleInfo.java:shutdownFollowerState(109)) - s0: shutdown s0@group-F78B7583022A-FollowerState
2023-10-31 16:06:06,999 [HandlerDaemon-1] INFO  simulation.RequestHandler (RequestHandler.java:run(127)) - s0.clientHandler1 is interrupted by java.io.InterruptedIOException: 
2023-10-31 16:06:06,999 [s0@group-F78B7583022A-FollowerState] INFO  impl.FollowerState (FollowerState.java:run(152)) - s0@group-F78B7583022A-FollowerState was interrupted
2023-10-31 16:06:06,999 [HandlerDaemon-0] INFO  simulation.RequestHandler (RequestHandler.java:run(127)) - s0.clientHandler0 is interrupted by java.io.InterruptedIOException: 
2023-10-31 16:06:06,999 [s0-impl-thread1] INFO  impl.StateMachineUpdater (StateMachineUpdater.java:stopAndJoin(157)) - s0@group-F78B7583022A-StateMachineUpdater: set stopIndex = -1
2023-10-31 16:06:06,999 [s0-impl-thread1] INFO  server.RaftServer$Division (ServerState.java:close(423)) - s0@group-F78B7583022A: applyIndex: -1
2023-10-31 16:06:06,999 [HandlerDaemon-2] INFO  simulation.RequestHandler (RequestHandler.java:run(127)) - s0.clientHandler2 is interrupted by java.io.InterruptedIOException: 
2023-10-31 16:06:07,001 [s0@group-F78B7583022A-cacheEviction-AwaitToRun] INFO  util.AwaitToRun (AwaitToRun.java:run(49)) - s0@group-F78B7583022A-cacheEviction-AwaitToRun-AwaitForSignal is interrupted
2023-10-31 16:06:07,001 [HandlerDaemon-1] INFO  simulation.RequestHandler (RequestHandler.java:run(127)) - s0.serverHandler1 is interrupted by java.io.InterruptedIOException: 
2023-10-31 16:06:07,002 [HandlerDaemon-2] INFO  simulation.RequestHandler (RequestHandler.java:run(127)) - s0.serverHandler2 is interrupted by java.io.InterruptedIOException: 
2023-10-31 16:06:07,002 [HandlerDaemon-0] INFO  simulation.RequestHandler (RequestHandler.java:run(127)) - s0.serverHandler0 is interrupted by java.io.InterruptedIOException: 
2023-10-31 16:06:07,057 [Timer-0] INFO  impl.MiniRaftCluster (MiniRaftCluster.java:lambda$start$6(349)) - TIMED-PRINT: printing ALL groups
  s0:  CLOSING  FOLLOWER s0@group-F78B7583022A:t1, leader=null, voted=s0, raftlog=Memoized:s0@group-F78B7583022A-SegmentedRaftLog:CLOSED:c-1, conf=0: peers:[s0|localhost:46719, s1|localhost:38495, s2|localhost:42573]|listeners:[], old=null CLOSING
  s1:   CLOSED  FOLLOWER s1@group-F78B7583022A:t2, leader=s2, voted=s2, raftlog=Memoized:s1@group-F78B7583022A-SegmentedRaftLog:CLOSED:c2, conf=1: peers:[s0|localhost:46719, s1|localhost:38495, s2|localhost:42573]|listeners:[], old=null CLOSED
  s2:   CLOSED    LEADER s2@group-F78B7583022A:t2, leader=s2, voted=s2, raftlog=Memoized:s2@group-F78B7583022A-SegmentedRaftLog:CLOSED:c2, conf=1: peers:[s0|localhost:46719, s1|localhost:38495, s2|localhost:42573]|listeners:[], old=null CLOSED
2023-10-31 16:06:07,986 [s0-impl-thread1] INFO  segmented.SegmentedRaftLogWorker (SegmentedRaftLogWorker.java:close(243)) - s0@group-F78B7583022A-SegmentedRaftLogWorker close()
2023-10-31 16:06:07,988 [JvmPauseMonitor10] INFO  util.JvmPauseMonitor (JvmPauseMonitor.java:run(152)) - JvmPauseMonitor-s0: Stopped
2023-10-31 16:06:07,991 [Time-limited test] INFO  simulation.TestServerRestartWithSimulatedRpc (ServerRestartTests.java:lambda$assertCorruptedLogHeader$5(222)) - header    = 526166744c6f6731
2023-10-31 16:06:07,991 [Time-limited test] INFO  simulation.TestServerRestartWithSimulatedRpc (ServerRestartTests.java:lambda$assertCorruptedLogHeader$5(225)) - corrupted = 0000000000000000
2023-10-31 16:06:07,991 [Time-limited test] INFO  impl.MiniRaftCluster (MiniRaftCluster.java:killServer(533)) - killServer s1
2023-10-31 16:06:07,991 [Time-limited test] INFO  impl.MiniRaftCluster (MiniRaftCluster.java:newRaftServer(382)) - newRaftServer: s1, group-F78B7583022A:[s0|localhost:46719, s1|localhost:38495, s2|localhost:42573], format? false
2023-10-31 16:06:07,992 [Time-limited test] INFO  server.RaftServer (ConfUtils.java:logGet(46)) - raft.rpc.type = org.apache.ratis.server.simulation.SimulatedRpc (custom)
2023-10-31 16:06:07,992 [Time-limited test] INFO  impl.DataStreamServerImpl (ConfUtils.java:logGet(46)) - raft.datastream.type = DISABLED (default)
2023-10-31 16:06:07,992 [Time-limited test] INFO  server.RaftServerConfigKeys (ConfUtils.java:logGet(46)) - raft.server.sleep.deviation.threshold = 300ms (default)
2023-10-31 16:06:07,992 [Time-limited test] INFO  server.RaftServerConfigKeys (ConfUtils.java:logGet(46)) - raft.server.close.threshold = 60s (default)
2023-10-31 16:06:07,992 [Time-limited test] INFO  server.RaftServerConfigKeys (ConfUtils.java:logGet(46)) - raft.server.leaderelection.leader.step-down.wait-time = 10s (default)
2023-10-31 16:06:07,993 [Time-limited test] INFO  server.RaftServerConfigKeys (ConfUtils.java:logGet(46)) - raft.server.storage.dir = [/home/runner/work/ratis/ratis/ratis-test/target/test/data/3084f93d/MiniRaftClusterWithSimulatedRpce237fa44/s1] (custom)
2023-10-31 16:06:07,993 [Time-limited test] INFO  server.RaftServerConfigKeys (ConfUtils.java:logGet(46)) - raft.server.threadpool.proxy.cached = true (default)
2023-10-31 16:06:07,993 [Time-limited test] INFO  server.RaftServerConfigKeys (ConfUtils.java:logGet(46)) - raft.server.threadpool.proxy.size = 0 (default)
2023-10-31 16:06:07,994 [s1-impl-thread1] INFO  server.RaftServer (RaftServerProxy.java:initGroupDir(264)) - s1: found a subdirectory /home/runner/work/ratis/ratis/ratis-test/target/test/data/3084f93d/MiniRaftClusterWithSimulatedRpce237fa44/s1/69750052-33aa-491b-b994-f78b7583022a
2023-10-31 16:06:07,994 [Time-limited test] INFO  server.RaftServer (RaftServerProxy.java:addNew(100)) - s1: addNew group-F78B7583022A:[s0|localhost:46719, s1|localhost:38495, s2|localhost:42573] returns group-F78B7583022A:java.util.concurrent.CompletableFuture@62fe5b2e[Not completed]
2023-10-31 16:06:07,995 [s1-groupManagement] INFO  server.RaftServerConfigKeys (ConfUtils.java:logGet(46)) - raft.server.log.segment.size.max = 32MB (=33554432) (default)
2023-10-31 16:06:07,995 [s1-groupManagement] INFO  server.RaftServerConfigKeys (ConfUtils.java:logGet(46)) - raft.server.log.preallocated.size = 4MB (=4194304) (default)
2023-10-31 16:06:07,995 [s1-groupManagement] INFO  server.RaftServerConfigKeys (ConfUtils.java:logGet(46)) - raft.server.log.write.buffer.size = 64KB (=65536) (default)
2023-10-31 16:06:07,995 [s1-groupManagement] INFO  server.RaftServer$Division (RaftServerImpl.java:<init>(255)) - s1: new RaftServerImpl for group-F78B7583022A:[s0|localhost:46719, s1|localhost:38495, s2|localhost:42573] with SimpleStateMachine4Testing:uninitialized
2023-10-31 16:06:07,995 [s1-groupManagement] INFO  server.RaftServerConfigKeys (ConfUtils.java:logGet(46)) - raft.server.rpc.timeout.min = 150ms (default)
2023-10-31 16:06:07,995 [s1-groupManagement] INFO  server.RaftServerConfigKeys (ConfUtils.java:logGet(46)) - raft.server.rpc.timeout.max = 300ms (default)
2023-10-31 16:06:07,995 [s1-groupManagement] INFO  server.RaftServerConfigKeys (ConfUtils.java:logGet(46)) - raft.server.rpc.sleep.time = 25ms (default)
2023-10-31 16:06:07,995 [s1-groupManagement] INFO  server.RaftServerConfigKeys (ConfUtils.java:logGet(46)) - raft.server.rpc.slowness.timeout = 60s (default)
2023-10-31 16:06:07,996 [s1-groupManagement] INFO  server.RaftServerConfigKeys (ConfUtils.java:logGet(46)) - raft.server.leaderelection.leader.step-down.wait-time = 10s (default)
2023-10-31 16:06:07,996 [s1-groupManagement] INFO  server.RaftServerConfigKeys (ConfUtils.java:logGet(46)) - raft.server.sleep.deviation.threshold = 300ms (default)
2023-10-31 16:06:07,996 [s1-groupManagement] INFO  server.RaftServer$Division (ServerState.java:<init>(113)) - s1@group-F78B7583022A: ConfigurationManager, init=-1: peers:[s0|localhost:46719, s1|localhost:38495, s2|localhost:42573]|listeners:[], old=null, confs=<EMPTY_MAP>
2023-10-31 16:06:07,996 [s1-groupManagement] INFO  server.RaftServerConfigKeys (ConfUtils.java:logGet(46)) - raft.server.notification.no-leader.timeout = 60s (default)
2023-10-31 16:06:07,996 [s1-groupManagement] INFO  server.RaftServerConfigKeys (ConfUtils.java:logGet(46)) - raft.server.read.timeout = 10s (default)
2023-10-31 16:06:07,996 [s1-groupManagement] INFO  server.RaftServerConfigKeys (ConfUtils.java:logGet(46)) - raft.server.retrycache.expirytime = 60s (default)
2023-10-31 16:06:07,996 [s1-groupManagement] INFO  server.RaftServerConfigKeys (ConfUtils.java:logGet(46)) - raft.server.retrycache.statistics.expirytime = 100μs (default)
2023-10-31 16:06:07,996 [s1-groupManagement] INFO  server.RaftServerConfigKeys (ConfUtils.java:logGet(46)) - raft.server.read.option = DEFAULT (default)
2023-10-31 16:06:07,996 [s1-groupManagement] INFO  server.RaftServerConfigKeys (ConfUtils.java:logGet(46)) - raft.server.read.read-after-write-consistent.write-index-cache.expiry-time = 60s (default)
2023-10-31 16:06:07,999 [s1-groupManagement] INFO  server.RaftServerConfigKeys (ConfUtils.java:logGet(46)) - raft.server.rpc.request.timeout = 3000ms (default)
2023-10-31 16:06:07,999 [s1-groupManagement] INFO  server.RaftServerConfigKeys (ConfUtils.java:logGet(46)) - raft.server.log.appender.install.snapshot.enabled = true (default)
2023-10-31 16:06:07,999 [s1-groupManagement] INFO  server.RaftServerConfigKeys (ConfUtils.java:logGet(46)) - raft.server.threadpool.server.cached = true (default)
2023-10-31 16:06:07,999 [s1-groupManagement] INFO  server.RaftServerConfigKeys (ConfUtils.java:logGet(46)) - raft.server.threadpool.server.size = 0 (default)
2023-10-31 16:06:07,999 [s1-groupManagement] INFO  server.RaftServerConfigKeys (ConfUtils.java:logGet(46)) - raft.server.threadpool.client.cached = true (default)
2023-10-31 16:06:07,999 [s1-groupManagement] INFO  server.RaftServerConfigKeys (ConfUtils.java:logGet(46)) - raft.server.threadpool.client.size = 0 (default)
2023-10-31 16:06:08,000 [s1-impl-thread1] INFO  server.RaftServerConfigKeys (ConfUtils.java:logGet(46)) - raft.server.storage.free-space.min = 0MB (=0) (default)
2023-10-31 16:06:08,000 [s1-impl-thread1] INFO  server.RaftServerConfigKeys (ConfUtils.java:logGet(46)) - raft.server.log.corruption.policy = EXCEPTION (default)
2023-10-31 16:06:08,000 [s1-impl-thread1] INFO  server.RaftServerConfigKeys (ConfUtils.java:logGet(46)) - raft.server.storage.dir = [/home/runner/work/ratis/ratis/ratis-test/target/test/data/3084f93d/MiniRaftClusterWithSimulatedRpce237fa44/s1] (custom)
2023-10-31 16:06:08,002 [s1-impl-thread1] INFO  storage.RaftStorageDirectory (RaftStorageDirectoryImpl.java:tryLock(232)) - Lock on /home/runner/work/ratis/ratis/ratis-test/target/test/data/3084f93d/MiniRaftClusterWithSimulatedRpce237fa44/s1/69750052-33aa-491b-b994-f78b7583022a/in_use.lock acquired by nodename 3366@fv-az462-937
2023-10-31 16:06:08,002 [s1-impl-thread1] INFO  storage.RaftStorage (RaftStorageImpl.java:analyzeAndRecoverStorage(117)) - Read RaftStorageMetadata{term=2, votedFor=s2} from /home/runner/work/ratis/ratis/ratis-test/target/test/data/3084f93d/MiniRaftClusterWithSimulatedRpce237fa44/s1/69750052-33aa-491b-b994-f78b7583022a/current/raft-meta
2023-10-31 16:06:08,003 [s1-impl-thread1] INFO  server.RaftServer$Division (ServerState.java:setRaftConf(382)) - s1@group-F78B7583022A: set configuration 1: peers:[s0|localhost:46719, s1|localhost:38495, s2|localhost:42573]|listeners:[], old=null
2023-10-31 16:06:08,003 [s1-impl-thread1] INFO  impl.SimpleStateMachine4Testing (SimpleStateMachine4Testing.java:initialize(213)) - Initializing SimpleStateMachine4Testing:uninitialized
2023-10-31 16:06:08,003 [s1-impl-thread1] INFO  impl.SimpleStateMachine4Testing (SimpleStateMachine4Testing.java:loadSnapshot(296)) - Loading snapshot null
2023-10-31 16:06:08,003 [s1-impl-thread1] INFO  server.RaftServerConfigKeys (ConfUtils.java:logGet(46)) - raft.server.log.use.memory = false (default)
2023-10-31 16:06:08,003 [s1-impl-thread1] INFO  server.RaftServerConfigKeys (ConfUtils.java:logGet(46)) - raft.server.log.purge.gap = 1024 (default)
2023-10-31 16:06:08,003 [s1-impl-thread1] INFO  server.RaftServerConfigKeys (ConfUtils.java:logGet(46)) - raft.server.log.appender.buffer.byte-limit = 4MB (=4194304) (default)
2023-10-31 16:06:08,003 [s1-impl-thread1] INFO  server.RaftServerConfigKeys (ConfUtils.java:logGet(46)) - raft.server.log.statemachine.data.read.timeout = 1000ms (default)
2023-10-31 16:06:08,004 [s1-impl-thread1] INFO  server.RaftServerConfigKeys (ConfUtils.java:logGet(46)) - raft.server.log.purge.preservation.log.num = 0 (default)
2023-10-31 16:06:08,004 [s1-impl-thread1] INFO  server.RaftServerConfigKeys (ConfUtils.java:logGet(46)) - raft.server.log.segment.size.max = 8KB (=8192) (custom)
2023-10-31 16:06:08,004 [s1-impl-thread1] INFO  server.RaftServerConfigKeys (ConfUtils.java:logGet(46)) - raft.server.log.segment.cache.num.max = 6 (default)
2023-10-31 16:06:08,004 [s1-impl-thread1] INFO  server.RaftServerConfigKeys (ConfUtils.java:logGet(46)) - raft.server.log.segment.cache.size.max = 200MB (=209715200) (default)
2023-10-31 16:06:08,005 [s1-impl-thread1] INFO  server.RaftServerConfigKeys (ConfUtils.java:logGet(46)) - raft.server.log.appender.buffer.byte-limit = 4MB (=4194304) (default)
2023-10-31 16:06:08,005 [s1-impl-thread1] INFO  util.AwaitToRun (AwaitToRun.java:start(81)) - Thread[s1@group-F78B7583022A-cacheEviction-AwaitToRun,5,main] started
2023-10-31 16:06:08,005 [s1-impl-thread1] INFO  segmented.SegmentedRaftLogWorker (SegmentedRaftLogWorker.java:<init>(184)) - new s1@group-F78B7583022A-SegmentedRaftLogWorker for RaftStorageImpl:Storage Directory /home/runner/work/ratis/ratis/ratis-test/target/test/data/3084f93d/MiniRaftClusterWithSimulatedRpce237fa44/s1/69750052-33aa-491b-b994-f78b7583022a
2023-10-31 16:06:08,005 [s1-impl-thread1] INFO  server.RaftServerConfigKeys (ConfUtils.java:logGet(46)) - raft.server.log.queue.byte-limit = 64MB (=67108864) (default)
2023-10-31 16:06:08,005 [s1-impl-thread1] INFO  server.RaftServerConfigKeys (ConfUtils.java:logGet(46)) - raft.server.log.queue.element-limit = 4096 (default)
2023-10-31 16:06:08,005 [s1-impl-thread1] INFO  server.RaftServerConfigKeys (ConfUtils.java:logGet(46)) - raft.server.log.segment.size.max = 8KB (=8192) (custom)
2023-10-31 16:06:08,005 [s1-impl-thread1] INFO  server.RaftServerConfigKeys (ConfUtils.java:logGet(46)) - raft.server.log.preallocated.size = 4MB (=4194304) (default)
2023-10-31 16:06:08,005 [s1-impl-thread1] INFO  server.RaftServerConfigKeys (ConfUtils.java:logGet(46)) - raft.server.log.force.sync.num = 128 (default)
2023-10-31 16:06:08,005 [s1-impl-thread1] INFO  server.RaftServerConfigKeys (ConfUtils.java:logGet(46)) - raft.server.log.statemachine.data.sync = true (default)
2023-10-31 16:06:08,005 [s1-impl-thread1] INFO  server.RaftServerConfigKeys (ConfUtils.java:logGet(46)) - raft.server.log.statemachine.data.sync.timeout = 10s (default)
2023-10-31 16:06:08,005 [s1-impl-thread1] INFO  server.RaftServerConfigKeys (ConfUtils.java:logGet(46)) - raft.server.log.statemachine.data.sync.timeout.retry = -1 (default)
2023-10-31 16:06:08,006 [s1-impl-thread1] INFO  server.RaftServerConfigKeys (ConfUtils.java:logGet(46)) - raft.server.log.write.buffer.size = 64KB (=65536) (default)
2023-10-31 16:06:08,006 [s1-impl-thread1] INFO  server.RaftServerConfigKeys (ConfUtils.java:logGet(46)) - raft.server.log.appender.buffer.byte-limit = 4MB (=4194304) (default)
2023-10-31 16:06:08,015 [s1-impl-thread1] INFO  server.RaftServerConfigKeys (ConfUtils.java:logGet(46)) - raft.server.log.unsafe-flush.enabled = false (default)
2023-10-31 16:06:08,015 [s1-impl-thread1] INFO  server.RaftServerConfigKeys (ConfUtils.java:logGet(46)) - raft.server.log.async-flush.enabled = false (default)
2023-10-31 16:06:08,015 [s1-impl-thread1] INFO  server.RaftServerConfigKeys (ConfUtils.java:logGet(46)) - raft.server.log.statemachine.data.caching.enabled = false (default)
2023-10-31 16:06:08,018 [s1-impl-thread1] INFO  server.RaftServer$Division (ServerState.java:setRaftConf(382)) - s1@group-F78B7583022A: set configuration 0: peers:[s0|localhost:46719, s1|localhost:38495, s2|localhost:42573]|listeners:[], old=null
2023-10-31 16:06:08,018 [s1-impl-thread1] INFO  segmented.LogSegment (LogSegment.java:loadSegment(170)) - Successfully read 1 entries from segment file /home/runner/work/ratis/ratis/ratis-test/target/test/data/3084f93d/MiniRaftClusterWithSimulatedRpce237fa44/s1/69750052-33aa-491b-b994-f78b7583022a/current/log_0-0
2023-10-31 16:06:08,018 [s1-impl-thread1] INFO  segmented.LogSegment (LogSegment.java:loadSegment(170)) - Successfully read 0 entries from segment file /home/runner/work/ratis/ratis/ratis-test/target/test/data/3084f93d/MiniRaftClusterWithSimulatedRpce237fa44/s1/69750052-33aa-491b-b994-f78b7583022a/current/log_inprogress_1
2023-10-31 16:06:08,019 [s1-impl-thread1] TRACE util.FileUtils (LogUtils.java:runAndLog(49)) - Successfully ran Files.delete /home/runner/work/ratis/ratis/ratis-test/target/test/data/3084f93d/MiniRaftClusterWithSimulatedRpce237fa44/s1/69750052-33aa-491b-b994-f78b7583022a/current/log_inprogress_1
2023-10-31 16:06:08,019 [s1-impl-thread1] INFO  segmented.SegmentedRaftLogWorker (SegmentedRaftLogWorker.java:lambda$new$0(135)) - s1@group-F78B7583022A-SegmentedRaftLogWorker: safeCacheEvictIndex: setUnconditionally 0 -> -1
2023-10-31 16:06:08,022 [s1-impl-thread1] INFO  server.RaftServer$Division (RaftServerImpl.java:start(390)) - s1@group-F78B7583022A: start as a follower, conf=1: peers:[s0|localhost:46719, s1|localhost:38495, s2|localhost:42573]|listeners:[], old=null
2023-10-31 16:06:08,022 [s1-impl-thread1] INFO  server.RaftServer$Division (RaftServerImpl.java:setRole(377)) - s1@group-F78B7583022A: changes role from      null to FOLLOWER at term 2 for startAsFollower
2023-10-31 16:06:08,022 [s1-impl-thread1] INFO  impl.RoleInfo (RoleInfo.java:updateAndGet(138)) - s1: start s1@group-F78B7583022A-FollowerState
2023-10-31 16:06:08,024 [s1-impl-thread1] INFO  util.JmxRegister (JmxRegister.java:tryRegister(44)) - Successfully registered JMX Bean with object name Ratis:service=RaftServer,group=group-F78B7583022A,id=s1
2023-10-31 16:06:08,024 [s1-impl-thread1] INFO  server.RaftServerConfigKeys (ConfUtils.java:logGet(46)) - raft.server.snapshot.trigger-when-stop.enabled = true (default)
2023-10-31 16:06:08,024 [s1-impl-thread1] INFO  server.RaftServerConfigKeys (ConfUtils.java:logGet(46)) - raft.server.snapshot.auto.trigger.enabled = false (default)
2023-10-31 16:06:08,024 [s1-impl-thread1] INFO  server.RaftServerConfigKeys (ConfUtils.java:logGet(46)) - raft.server.snapshot.retention.file.num = -1 (default)
2023-10-31 16:06:08,024 [s1-impl-thread1] INFO  server.RaftServerConfigKeys (ConfUtils.java:logGet(46)) - raft.server.log.purge.upto.snapshot.index = false (default)
2023-10-31 16:06:08,024 [s1@group-F78B7583022A-FollowerState] INFO  server.RaftServerConfigKeys (ConfUtils.java:logFallback(53)) - raft.server.rpc.first-election.timeout.min = 150ms (fallback to raft.server.rpc.timeout.min)
2023-10-31 16:06:08,025 [s1@group-F78B7583022A-FollowerState] INFO  server.RaftServerConfigKeys (ConfUtils.java:logFallback(53)) - raft.server.rpc.first-election.timeout.max = 300ms (fallback to raft.server.rpc.timeout.max)
2023-10-31 16:06:08,025 [Time-limited test] INFO  server.RaftServer (RaftServerProxy.java:startImpl(406)) - s1: start RPC server
2023-10-31 16:06:08,035 [Time-limited test] INFO  server.RaftServer (RaftServerProxy.java:lambda$close$9(416)) - s1: close
2023-10-31 16:06:08,035 [s1-impl-thread1] INFO  server.RaftServer$Division (RaftServerImpl.java:lambda$close$3(514)) - s1@group-F78B7583022A: shutdown
2023-10-31 16:06:08,035 [s1-impl-thread1] INFO  util.JmxRegister (JmxRegister.java:unregister(73)) - Successfully un-registered JMX Bean with object name Ratis:service=RaftServer,group=group-F78B7583022A,id=s1
2023-10-31 16:06:08,035 [s1-impl-thread1] INFO  impl.RoleInfo (RoleInfo.java:shutdownFollowerState(109)) - s1: shutdown s1@group-F78B7583022A-FollowerState
2023-10-31 16:06:08,035 [s1-impl-thread1] INFO  impl.StateMachineUpdater (StateMachineUpdater.java:stopAndJoin(157)) - s1@group-F78B7583022A-StateMachineUpdater: set stopIndex = -1
2023-10-31 16:06:08,035 [HandlerDaemon-1] INFO  simulation.RequestHandler (RequestHandler.java:run(127)) - s1.clientHandler1 is interrupted by java.io.InterruptedIOException: 
2023-10-31 16:06:08,036 [JvmPauseMonitor11] INFO  util.JvmPauseMonitor (JvmPauseMonitor.java:run(146)) - JvmPauseMonitor-s1: Started
2023-10-31 16:06:08,035 [s1@group-F78B7583022A-FollowerState] INFO  impl.FollowerState (FollowerState.java:run(152)) - s1@group-F78B7583022A-FollowerState was interrupted
2023-10-31 16:06:08,042 [HandlerDaemon-0] INFO  simulation.RequestHandler (RequestHandler.java:run(127)) - s1.serverHandler0 is interrupted by java.io.InterruptedIOException: 
2023-10-31 16:06:08,042 [HandlerDaemon-2] INFO  simulation.RequestHandler (RequestHandler.java:run(127)) - s1.serverHandler2 is interrupted by java.io.InterruptedIOException: 
2023-10-31 16:06:08,042 [s1-impl-thread1] INFO  server.RaftServer$Division (ServerState.java:close(423)) - s1@group-F78B7583022A: applyIndex: -1
2023-10-31 16:06:08,042 [s1@group-F78B7583022A-cacheEviction-AwaitToRun] INFO  util.AwaitToRun (AwaitToRun.java:run(49)) - s1@group-F78B7583022A-cacheEviction-AwaitToRun-AwaitForSignal is interrupted
2023-10-31 16:06:09,023 [s1-impl-thread1] INFO  segmented.SegmentedRaftLogWorker (SegmentedRaftLogWorker.java:close(243)) - s1@group-F78B7583022A-SegmentedRaftLogWorker close()
2023-10-31 16:06:09,024 [JvmPauseMonitor11] INFO  util.JvmPauseMonitor (JvmPauseMonitor.java:run(152)) - JvmPauseMonitor-s1: Stopped
2023-10-31 16:06:09,025 [Time-limited test] INFO  simulation.TestServerRestartWithSimulatedRpc (ServerRestartTests.java:lambda$assertCorruptedLogHeader$5(222)) - header    = 526166744c6f6731
2023-10-31 16:06:09,026 [Time-limited test] INFO  simulation.TestServerRestartWithSimulatedRpc (ServerRestartTests.java:lambda$assertCorruptedLogHeader$5(225)) - corrupted = 5200000000000000
2023-10-31 16:06:09,026 [Time-limited test] INFO  impl.MiniRaftCluster (MiniRaftCluster.java:killServer(533)) - killServer s1
2023-10-31 16:06:09,026 [Time-limited test] INFO  impl.MiniRaftCluster (MiniRaftCluster.java:newRaftServer(382)) - newRaftServer: s1, group-F78B7583022A:[s0|localhost:46719, s1|localhost:38495, s2|localhost:42573], format? false
2023-10-31 16:06:09,026 [Time-limited test] INFO  server.RaftServer (ConfUtils.java:logGet(46)) - raft.rpc.type = org.apache.ratis.server.simulation.SimulatedRpc (custom)
2023-10-31 16:06:09,026 [Time-limited test] INFO  impl.DataStreamServerImpl (ConfUtils.java:logGet(46)) - raft.datastream.type = DISABLED (default)
2023-10-31 16:06:09,027 [Time-limited test] INFO  server.RaftServerConfigKeys (ConfUtils.java:logGet(46)) - raft.server.sleep.deviation.threshold = 300ms (default)
2023-10-31 16:06:09,027 [Time-limited test] INFO  server.RaftServerConfigKeys (ConfUtils.java:logGet(46)) - raft.server.close.threshold = 60s (default)
2023-10-31 16:06:09,027 [Time-limited test] INFO  server.RaftServerConfigKeys (ConfUtils.java:logGet(46)) - raft.server.leaderelection.leader.step-down.wait-time = 10s (default)
2023-10-31 16:06:09,027 [Time-limited test] INFO  server.RaftServerConfigKeys (ConfUtils.java:logGet(46)) - raft.server.storage.dir = [/home/runner/work/ratis/ratis/ratis-test/target/test/data/3084f93d/MiniRaftClusterWithSimulatedRpce237fa44/s1] (custom)
2023-10-31 16:06:09,027 [Time-limited test] INFO  server.RaftServerConfigKeys (ConfUtils.java:logGet(46)) - raft.server.threadpool.proxy.cached = true (default)
2023-10-31 16:06:09,027 [Time-limited test] INFO  server.RaftServerConfigKeys (ConfUtils.java:logGet(46)) - raft.server.threadpool.proxy.size = 0 (default)
2023-10-31 16:06:09,028 [s1-impl-thread1] INFO  server.RaftServer (RaftServerProxy.java:initGroupDir(264)) - s1: found a subdirectory /home/runner/work/ratis/ratis/ratis-test/target/test/data/3084f93d/MiniRaftClusterWithSimulatedRpce237fa44/s1/69750052-33aa-491b-b994-f78b7583022a
2023-10-31 16:06:09,029 [s1-groupManagement] INFO  server.RaftServerConfigKeys (ConfUtils.java:logGet(46)) - raft.server.log.segment.size.max = 32MB (=33554432) (default)
2023-10-31 16:06:09,029 [Time-limited test] INFO  server.RaftServer (RaftServerProxy.java:addNew(100)) - s1: addNew group-F78B7583022A:[s0|localhost:46719, s1|localhost:38495, s2|localhost:42573] returns group-F78B7583022A:java.util.concurrent.CompletableFuture@6b2274e7[Not completed]
2023-10-31 16:06:09,029 [s1-groupManagement] INFO  server.RaftServerConfigKeys (ConfUtils.java:logGet(46)) - raft.server.log.preallocated.size = 4MB (=4194304) (default)
2023-10-31 16:06:09,029 [s1-groupManagement] INFO  server.RaftServerConfigKeys (ConfUtils.java:logGet(46)) - raft.server.log.write.buffer.size = 64KB (=65536) (default)
2023-10-31 16:06:09,029 [s1-groupManagement] INFO  server.RaftServer$Division (RaftServerImpl.java:<init>(255)) - s1: new RaftServerImpl for group-F78B7583022A:[s0|localhost:46719, s1|localhost:38495, s2|localhost:42573] with SimpleStateMachine4Testing:uninitialized
2023-10-31 16:06:09,029 [s1-groupManagement] INFO  server.RaftServerConfigKeys (ConfUtils.java:logGet(46)) - raft.server.rpc.timeout.min = 150ms (default)
2023-10-31 16:06:09,029 [s1-groupManagement] INFO  server.RaftServerConfigKeys (ConfUtils.java:logGet(46)) - raft.server.rpc.timeout.max = 300ms (default)
2023-10-31 16:06:09,030 [s1-groupManagement] INFO  server.RaftServerConfigKeys (ConfUtils.java:logGet(46)) - raft.server.rpc.sleep.time = 25ms (default)
2023-10-31 16:06:09,030 [s1-groupManagement] INFO  server.RaftServerConfigKeys (ConfUtils.java:logGet(46)) - raft.server.rpc.slowness.timeout = 60s (default)
2023-10-31 16:06:09,030 [s1-groupManagement] INFO  server.RaftServerConfigKeys (ConfUtils.java:logGet(46)) - raft.server.leaderelection.leader.step-down.wait-time = 10s (default)
2023-10-31 16:06:09,030 [s1-groupManagement] INFO  server.RaftServerConfigKeys (ConfUtils.java:logGet(46)) - raft.server.sleep.deviation.threshold = 300ms (default)
2023-10-31 16:06:09,030 [s1-groupManagement] INFO  server.RaftServer$Division (ServerState.java:<init>(113)) - s1@group-F78B7583022A: ConfigurationManager, init=-1: peers:[s0|localhost:46719, s1|localhost:38495, s2|localhost:42573]|listeners:[], old=null, confs=<EMPTY_MAP>
2023-10-31 16:06:09,030 [s1-groupManagement] INFO  server.RaftServerConfigKeys (ConfUtils.java:logGet(46)) - raft.server.notification.no-leader.timeout = 60s (default)
2023-10-31 16:06:09,030 [s1-groupManagement] INFO  server.RaftServerConfigKeys (ConfUtils.java:logGet(46)) - raft.server.read.timeout = 10s (default)
2023-10-31 16:06:09,030 [s1-groupManagement] INFO  server.RaftServerConfigKeys (ConfUtils.java:logGet(46)) - raft.server.retrycache.expirytime = 60s (default)
2023-10-31 16:06:09,030 [s1-groupManagement] INFO  server.RaftServerConfigKeys (ConfUtils.java:logGet(46)) - raft.server.retrycache.statistics.expirytime = 100μs (default)
2023-10-31 16:06:09,031 [s1-groupManagement] INFO  server.RaftServerConfigKeys (ConfUtils.java:logGet(46)) - raft.server.read.option = DEFAULT (default)
2023-10-31 16:06:09,031 [s1-groupManagement] INFO  server.RaftServerConfigKeys (ConfUtils.java:logGet(46)) - raft.server.read.read-after-write-consistent.write-index-cache.expiry-time = 60s (default)
2023-10-31 16:06:09,032 [s1-groupManagement] INFO  server.RaftServerConfigKeys (ConfUtils.java:logGet(46)) - raft.server.rpc.request.timeout = 3000ms (default)
2023-10-31 16:06:09,032 [s1-groupManagement] INFO  server.RaftServerConfigKeys (ConfUtils.java:logGet(46)) - raft.server.log.appender.install.snapshot.enabled = true (default)
2023-10-31 16:06:09,032 [s1-groupManagement] INFO  server.RaftServerConfigKeys (ConfUtils.java:logGet(46)) - raft.server.threadpool.server.cached = true (default)
2023-10-31 16:06:09,032 [s1-groupManagement] INFO  server.RaftServerConfigKeys (ConfUtils.java:logGet(46)) - raft.server.threadpool.server.size = 0 (default)
2023-10-31 16:06:09,033 [s1-groupManagement] INFO  server.RaftServerConfigKeys (ConfUtils.java:logGet(46)) - raft.server.threadpool.client.cached = true (default)
2023-10-31 16:06:09,033 [s1-groupManagement] INFO  server.RaftServerConfigKeys (ConfUtils.java:logGet(46)) - raft.server.threadpool.client.size = 0 (default)
2023-10-31 16:06:09,033 [s1-impl-thread1] INFO  server.RaftServerConfigKeys (ConfUtils.java:logGet(46)) - raft.server.storage.free-space.min = 0MB (=0) (default)
2023-10-31 16:06:09,033 [s1-impl-thread1] INFO  server.RaftServerConfigKeys (ConfUtils.java:logGet(46)) - raft.server.log.corruption.policy = EXCEPTION (default)
2023-10-31 16:06:09,033 [s1-impl-thread1] INFO  server.RaftServerConfigKeys (ConfUtils.java:logGet(46)) - raft.server.storage.dir = [/home/runner/work/ratis/ratis/ratis-test/target/test/data/3084f93d/MiniRaftClusterWithSimulatedRpce237fa44/s1] (custom)
2023-10-31 16:06:09,035 [s1-impl-thread1] INFO  storage.RaftStorageDirectory (RaftStorageDirectoryImpl.java:tryLock(232)) - Lock on /home/runner/work/ratis/ratis/ratis-test/target/test/data/3084f93d/MiniRaftClusterWithSimulatedRpce237fa44/s1/69750052-33aa-491b-b994-f78b7583022a/in_use.lock acquired by nodename 3366@fv-az462-937
2023-10-31 16:06:09,036 [s1-impl-thread1] INFO  storage.RaftStorage (RaftStorageImpl.java:analyzeAndRecoverStorage(117)) - Read RaftStorageMetadata{term=2, votedFor=s2} from /home/runner/work/ratis/ratis/ratis-test/target/test/data/3084f93d/MiniRaftClusterWithSimulatedRpce237fa44/s1/69750052-33aa-491b-b994-f78b7583022a/current/raft-meta
2023-10-31 16:06:09,036 [s1-impl-thread1] INFO  server.RaftServer$Division (ServerState.java:setRaftConf(382)) - s1@group-F78B7583022A: set configuration 1: peers:[s0|localhost:46719, s1|localhost:38495, s2|localhost:42573]|listeners:[], old=null
2023-10-31 16:06:09,036 [s1-impl-thread1] INFO  impl.SimpleStateMachine4Testing (SimpleStateMachine4Testing.java:initialize(213)) - Initializing SimpleStateMachine4Testing:uninitialized
2023-10-31 16:06:09,037 [s1-impl-thread1] INFO  impl.SimpleStateMachine4Testing (SimpleStateMachine4Testing.java:loadSnapshot(296)) - Loading snapshot null
2023-10-31 16:06:09,037 [s1-impl-thread1] INFO  server.RaftServerConfigKeys (ConfUtils.java:logGet(46)) - raft.server.log.use.memory = false (default)
2023-10-31 16:06:09,037 [s1-impl-thread1] INFO  server.RaftServerConfigKeys (ConfUtils.java:logGet(46)) - raft.server.log.purge.gap = 1024 (default)
2023-10-31 16:06:09,037 [s1-impl-thread1] INFO  server.RaftServerConfigKeys (ConfUtils.java:logGet(46)) - raft.server.log.appender.buffer.byte-limit = 4MB (=4194304) (default)
2023-10-31 16:06:09,037 [s1-impl-thread1] INFO  server.RaftServerConfigKeys (ConfUtils.java:logGet(46)) - raft.server.log.statemachine.data.read.timeout = 1000ms (default)
2023-10-31 16:06:09,037 [s1-impl-thread1] INFO  server.RaftServerConfigKeys (ConfUtils.java:logGet(46)) - raft.server.log.purge.preservation.log.num = 0 (default)
2023-10-31 16:06:09,038 [s1-impl-thread1] INFO  server.RaftServerConfigKeys (ConfUtils.java:logGet(46)) - raft.server.log.segment.size.max = 8KB (=8192) (custom)
2023-10-31 16:06:09,039 [s1-impl-thread1] INFO  server.RaftServerConfigKeys (ConfUtils.java:logGet(46)) - raft.server.log.segment.cache.num.max = 6 (default)
2023-10-31 16:06:09,039 [s1-impl-thread1] INFO  server.RaftServerConfigKeys (ConfUtils.java:logGet(46)) - raft.server.log.segment.cache.size.max = 200MB (=209715200) (default)
2023-10-31 16:06:09,039 [s1-impl-thread1] INFO  server.RaftServerConfigKeys (ConfUtils.java:logGet(46)) - raft.server.log.appender.buffer.byte-limit = 4MB (=4194304) (default)
2023-10-31 16:06:09,040 [s1-impl-thread1] INFO  util.AwaitToRun (AwaitToRun.java:start(81)) - Thread[s1@group-F78B7583022A-cacheEviction-AwaitToRun,5,main] started
2023-10-31 16:06:09,040 [s1-impl-thread1] INFO  segmented.SegmentedRaftLogWorker (SegmentedRaftLogWorker.java:<init>(184)) - new s1@group-F78B7583022A-SegmentedRaftLogWorker for RaftStorageImpl:Storage Directory /home/runner/work/ratis/ratis/ratis-test/target/test/data/3084f93d/MiniRaftClusterWithSimulatedRpce237fa44/s1/69750052-33aa-491b-b994-f78b7583022a
2023-10-31 16:06:09,040 [s1-impl-thread1] INFO  server.RaftServerConfigKeys (ConfUtils.java:logGet(46)) - raft.server.log.queue.byte-limit = 64MB (=67108864) (default)
2023-10-31 16:06:09,040 [s1-impl-thread1] INFO  server.RaftServerConfigKeys (ConfUtils.java:logGet(46)) - raft.server.log.queue.element-limit = 4096 (default)
2023-10-31 16:06:09,040 [s1-impl-thread1] INFO  server.RaftServerConfigKeys (ConfUtils.java:logGet(46)) - raft.server.log.segment.size.max = 8KB (=8192) (custom)
2023-10-31 16:06:09,040 [s1-impl-thread1] INFO  server.RaftServerConfigKeys (ConfUtils.java:logGet(46)) - raft.server.log.preallocated.size = 4MB (=4194304) (default)
2023-10-31 16:06:09,040 [s1-impl-thread1] INFO  server.RaftServerConfigKeys (ConfUtils.java:logGet(46)) - raft.server.log.force.sync.num = 128 (default)
2023-10-31 16:06:09,040 [s1-impl-thread1] INFO  server.RaftServerConfigKeys (ConfUtils.java:logGet(46)) - raft.server.log.statemachine.data.sync = true (default)
2023-10-31 16:06:09,040 [s1-impl-thread1] INFO  server.RaftServerConfigKeys (ConfUtils.java:logGet(46)) - raft.server.log.statemachine.data.sync.timeout = 10s (default)
2023-10-31 16:06:09,040 [s1-impl-thread1] INFO  server.RaftServerConfigKeys (ConfUtils.java:logGet(46)) - raft.server.log.statemachine.data.sync.timeout.retry = -1 (default)
2023-10-31 16:06:09,041 [s1-impl-thread1] INFO  server.RaftServerConfigKeys (ConfUtils.java:logGet(46)) - raft.server.log.write.buffer.size = 64KB (=65536) (default)
2023-10-31 16:06:09,041 [s1-impl-thread1] INFO  server.RaftServerConfigKeys (ConfUtils.java:logGet(46)) - raft.server.log.appender.buffer.byte-limit = 4MB (=4194304) (default)
2023-10-31 16:06:09,042 [s1-impl-thread1] INFO  server.RaftServerConfigKeys (ConfUtils.java:logGet(46)) - raft.server.log.unsafe-flush.enabled = false (default)
2023-10-31 16:06:09,042 [s1-impl-thread1] INFO  server.RaftServerConfigKeys (ConfUtils.java:logGet(46)) - raft.server.log.async-flush.enabled = false (default)
2023-10-31 16:06:09,042 [s1-impl-thread1] INFO  server.RaftServerConfigKeys (ConfUtils.java:logGet(46)) - raft.server.log.statemachine.data.caching.enabled = false (default)
2023-10-31 16:06:09,043 [s1-impl-thread1] INFO  server.RaftServer$Division (ServerState.java:setRaftConf(382)) - s1@group-F78B7583022A: set configuration 0: peers:[s0|localhost:46719, s1|localhost:38495, s2|localhost:42573]|listeners:[], old=null
2023-10-31 16:06:09,043 [s1-impl-thread1] INFO  segmented.LogSegment (LogSegment.java:loadSegment(170)) - Successfully read 1 entries from segment file /home/runner/work/ratis/ratis/ratis-test/target/test/data/3084f93d/MiniRaftClusterWithSimulatedRpce237fa44/s1/69750052-33aa-491b-b994-f78b7583022a/current/log_0-0
2023-10-31 16:06:09,043 [s1-impl-thread1] INFO  segmented.LogSegment (LogSegment.java:loadSegment(170)) - Successfully read 0 entries from segment file /home/runner/work/ratis/ratis/ratis-test/target/test/data/3084f93d/MiniRaftClusterWithSimulatedRpce237fa44/s1/69750052-33aa-491b-b994-f78b7583022a/current/log_inprogress_1
2023-10-31 16:06:09,044 [s1-impl-thread1] TRACE util.FileUtils (LogUtils.java:runAndLog(49)) - Successfully ran Files.delete /home/runner/work/ratis/ratis/ratis-test/target/test/data/3084f93d/MiniRaftClusterWithSimulatedRpce237fa44/s1/69750052-33aa-491b-b994-f78b7583022a/current/log_inprogress_1
2023-10-31 16:06:09,044 [s1-impl-thread1] INFO  segmented.SegmentedRaftLogWorker (SegmentedRaftLogWorker.java:lambda$new$0(135)) - s1@group-F78B7583022A-SegmentedRaftLogWorker: safeCacheEvictIndex: setUnconditionally 0 -> -1
2023-10-31 16:06:09,046 [s1-impl-thread1] INFO  server.RaftServer$Division (RaftServerImpl.java:start(390)) - s1@group-F78B7583022A: start as a follower, conf=1: peers:[s0|localhost:46719, s1|localhost:38495, s2|localhost:42573]|listeners:[], old=null
2023-10-31 16:06:09,046 [s1-impl-thread1] INFO  server.RaftServer$Division (RaftServerImpl.java:setRole(377)) - s1@group-F78B7583022A: changes role from      null to FOLLOWER at term 2 for startAsFollower
2023-10-31 16:06:09,046 [s1-impl-thread1] INFO  impl.RoleInfo (RoleInfo.java:updateAndGet(138)) - s1: start s1@group-F78B7583022A-FollowerState
2023-10-31 16:06:09,047 [s1-impl-thread1] INFO  util.JmxRegister (JmxRegister.java:tryRegister(44)) - Successfully registered JMX Bean with object name Ratis:service=RaftServer,group=group-F78B7583022A,id=s1
2023-10-31 16:06:09,047 [s1-impl-thread1] INFO  server.RaftServerConfigKeys (ConfUtils.java:logGet(46)) - raft.server.snapshot.trigger-when-stop.enabled = true (default)
2023-10-31 16:06:09,047 [s1-impl-thread1] INFO  server.RaftServerConfigKeys (ConfUtils.java:logGet(46)) - raft.server.snapshot.auto.trigger.enabled = false (default)
2023-10-31 16:06:09,047 [s1-impl-thread1] INFO  server.RaftServerConfigKeys (ConfUtils.java:logGet(46)) - raft.server.snapshot.retention.file.num = -1 (default)
2023-10-31 16:06:09,047 [s1-impl-thread1] INFO  server.RaftServerConfigKeys (ConfUtils.java:logGet(46)) - raft.server.log.purge.upto.snapshot.index = false (default)
2023-10-31 16:06:09,047 [s1@group-F78B7583022A-FollowerState] INFO  server.RaftServerConfigKeys (ConfUtils.java:logFallback(53)) - raft.server.rpc.first-election.timeout.min = 150ms (fallback to raft.server.rpc.timeout.min)
2023-10-31 16:06:09,048 [s1@group-F78B7583022A-FollowerState] INFO  server.RaftServerConfigKeys (ConfUtils.java:logFallback(53)) - raft.server.rpc.first-election.timeout.max = 300ms (fallback to raft.server.rpc.timeout.max)
2023-10-31 16:06:09,048 [Time-limited test] INFO  server.RaftServer (RaftServerProxy.java:startImpl(406)) - s1: start RPC server
2023-10-31 16:06:09,049 [Time-limited test] INFO  server.RaftServer (RaftServerProxy.java:lambda$close$9(416)) - s1: close
2023-10-31 16:06:09,049 [JvmPauseMonitor12] INFO  util.JvmPauseMonitor (JvmPauseMonitor.java:run(146)) - JvmPauseMonitor-s1: Started
2023-10-31 16:06:09,049 [HandlerDaemon-2] INFO  simulation.RequestHandler (RequestHandler.java:run(127)) - s1.clientHandler2 is interrupted by java.io.InterruptedIOException: 
2023-10-31 16:06:09,049 [s1-impl-thread1] INFO  server.RaftServer$Division (RaftServerImpl.java:lambda$close$3(514)) - s1@group-F78B7583022A: shutdown
2023-10-31 16:06:09,050 [s1-impl-thread1] INFO  util.JmxRegister (JmxRegister.java:unregister(73)) - Successfully un-registered JMX Bean with object name Ratis:service=RaftServer,group=group-F78B7583022A,id=s1
2023-10-31 16:06:09,050 [s1-impl-thread1] INFO  impl.RoleInfo (RoleInfo.java:shutdownFollowerState(109)) - s1: shutdown s1@group-F78B7583022A-FollowerState
2023-10-31 16:06:09,050 [s1-impl-thread1] INFO  impl.StateMachineUpdater (StateMachineUpdater.java:stopAndJoin(157)) - s1@group-F78B7583022A-StateMachineUpdater: set stopIndex = -1
2023-10-31 16:06:09,050 [s1@group-F78B7583022A-FollowerState] INFO  impl.FollowerState (FollowerState.java:run(152)) - s1@group-F78B7583022A-FollowerState was interrupted
2023-10-31 16:06:09,050 [HandlerDaemon-0] INFO  simulation.RequestHandler (RequestHandler.java:run(127)) - s1.clientHandler0 is interrupted by java.io.InterruptedIOException: 
2023-10-31 16:06:09,050 [HandlerDaemon-1] INFO  simulation.RequestHandler (RequestHandler.java:run(127)) - s1.clientHandler1 is interrupted by java.io.InterruptedIOException: 
2023-10-31 16:06:09,051 [s1-impl-thread1] INFO  server.RaftServer$Division (ServerState.java:close(423)) - s1@group-F78B7583022A: applyIndex: -1
2023-10-31 16:06:09,051 [HandlerDaemon-0] INFO  simulation.RequestHandler (RequestHandler.java:run(127)) - s1.serverHandler0 is interrupted by java.io.InterruptedIOException: 
2023-10-31 16:06:09,051 [s1@group-F78B7583022A-cacheEviction-AwaitToRun] INFO  util.AwaitToRun (AwaitToRun.java:run(49)) - s1@group-F78B7583022A-cacheEviction-AwaitToRun-AwaitForSignal is interrupted
2023-10-31 16:06:09,051 [HandlerDaemon-1] INFO  simulation.RequestHandler (RequestHandler.java:run(127)) - s1.serverHandler1 is interrupted by java.io.InterruptedIOException: 
2023-10-31 16:06:09,052 [HandlerDaemon-2] INFO  simulation.RequestHandler (RequestHandler.java:run(127)) - s1.serverHandler2 is interrupted by java.io.InterruptedIOException: 
2023-10-31 16:06:10,047 [s1-impl-thread1] INFO  segmented.SegmentedRaftLogWorker (SegmentedRaftLogWorker.java:close(243)) - s1@group-F78B7583022A-SegmentedRaftLogWorker close()
2023-10-31 16:06:10,048 [JvmPauseMonitor12] INFO  util.JvmPauseMonitor (JvmPauseMonitor.java:run(152)) - JvmPauseMonitor-s1: Stopped
2023-10-31 16:06:10,048 [Time-limited test] INFO  simulation.TestServerRestartWithSimulatedRpc (ServerRestartTests.java:lambda$assertCorruptedLogHeader$5(222)) - header    = 526166744c6f6731
2023-10-31 16:06:10,048 [Time-limited test] INFO  simulation.TestServerRestartWithSimulatedRpc (ServerRestartTests.java:lambda$assertCorruptedLogHeader$5(225)) - corrupted = 5261000000000000
2023-10-31 16:06:10,049 [Time-limited test] INFO  impl.MiniRaftCluster (MiniRaftCluster.java:killServer(533)) - killServer s1
2023-10-31 16:06:10,049 [Time-limited test] INFO  impl.MiniRaftCluster (MiniRaftCluster.java:newRaftServer(382)) - newRaftServer: s1, group-F78B7583022A:[s0|localhost:46719, s1|localhost:38495, s2|localhost:42573], format? false
2023-10-31 16:06:10,049 [Time-limited test] INFO  server.RaftServer (ConfUtils.java:logGet(46)) - raft.rpc.type = org.apache.ratis.server.simulation.SimulatedRpc (custom)
2023-10-31 16:06:10,049 [Time-limited test] INFO  impl.DataStreamServerImpl (ConfUtils.java:logGet(46)) - raft.datastream.type = DISABLED (default)
2023-10-31 16:06:10,049 [Time-limited test] INFO  server.RaftServerConfigKeys (ConfUtils.java:logGet(46)) - raft.server.sleep.deviation.threshold = 300ms (default)
2023-10-31 16:06:10,049 [Time-limited test] INFO  server.RaftServerConfigKeys (ConfUtils.java:logGet(46)) - raft.server.close.threshold = 60s (default)
2023-10-31 16:06:10,049 [Time-limited test] INFO  server.RaftServerConfigKeys (ConfUtils.java:logGet(46)) - raft.server.leaderelection.leader.step-down.wait-time = 10s (default)
2023-10-31 16:06:10,049 [Time-limited test] INFO  server.RaftServerConfigKeys (ConfUtils.java:logGet(46)) - raft.server.storage.dir = [/home/runner/work/ratis/ratis/ratis-test/target/test/data/3084f93d/MiniRaftClusterWithSimulatedRpce237fa44/s1] (custom)
2023-10-31 16:06:10,050 [Time-limited test] INFO  server.RaftServerConfigKeys (ConfUtils.java:logGet(46)) - raft.server.threadpool.proxy.cached = true (default)
2023-10-31 16:06:10,050 [Time-limited test] INFO  server.RaftServerConfigKeys (ConfUtils.java:logGet(46)) - raft.server.threadpool.proxy.size = 0 (default)
2023-10-31 16:06:10,050 [s1-impl-thread1] INFO  server.RaftServer (RaftServerProxy.java:initGroupDir(264)) - s1: found a subdirectory /home/runner/work/ratis/ratis/ratis-test/target/test/data/3084f93d/MiniRaftClusterWithSimulatedRpce237fa44/s1/69750052-33aa-491b-b994-f78b7583022a
2023-10-31 16:06:10,050 [Time-limited test] INFO  server.RaftServer (RaftServerProxy.java:addNew(100)) - s1: addNew group-F78B7583022A:[s0|localhost:46719, s1|localhost:38495, s2|localhost:42573] returns group-F78B7583022A:java.util.concurrent.CompletableFuture@6b6db6dd[Not completed]
2023-10-31 16:06:10,050 [s1-groupManagement] INFO  server.RaftServerConfigKeys (ConfUtils.java:logGet(46)) - raft.server.log.segment.size.max = 32MB (=33554432) (default)
2023-10-31 16:06:10,051 [s1-groupManagement] INFO  server.RaftServerConfigKeys (ConfUtils.java:logGet(46)) - raft.server.log.preallocated.size = 4MB (=4194304) (default)
2023-10-31 16:06:10,051 [s1-groupManagement] INFO  server.RaftServerConfigKeys (ConfUtils.java:logGet(46)) - raft.server.log.write.buffer.size = 64KB (=65536) (default)
2023-10-31 16:06:10,051 [s1-groupManagement] INFO  server.RaftServer$Division (RaftServerImpl.java:<init>(255)) - s1: new RaftServerImpl for group-F78B7583022A:[s0|localhost:46719, s1|localhost:38495, s2|localhost:42573] with SimpleStateMachine4Testing:uninitialized
2023-10-31 16:06:10,051 [s1-groupManagement] INFO  server.RaftServerConfigKeys (ConfUtils.java:logGet(46)) - raft.server.rpc.timeout.min = 150ms (default)
2023-10-31 16:06:10,051 [s1-groupManagement] INFO  server.RaftServerConfigKeys (ConfUtils.java:logGet(46)) - raft.server.rpc.timeout.max = 300ms (default)
2023-10-31 16:06:10,051 [s1-groupManagement] INFO  server.RaftServerConfigKeys (ConfUtils.java:logGet(46)) - raft.server.rpc.sleep.time = 25ms (default)
2023-10-31 16:06:10,051 [s1-groupManagement] INFO  server.RaftServerConfigKeys (ConfUtils.java:logGet(46)) - raft.server.rpc.slowness.timeout = 60s (default)
2023-10-31 16:06:10,051 [s1-groupManagement] INFO  server.RaftServerConfigKeys (ConfUtils.java:logGet(46)) - raft.server.leaderelection.leader.step-down.wait-time = 10s (default)
2023-10-31 16:06:10,051 [s1-groupManagement] INFO  server.RaftServerConfigKeys (ConfUtils.java:logGet(46)) - raft.server.sleep.deviation.threshold = 300ms (default)
2023-10-31 16:06:10,051 [s1-groupManagement] INFO  server.RaftServer$Division (ServerState.java:<init>(113)) - s1@group-F78B7583022A: ConfigurationManager, init=-1: peers:[s0|localhost:46719, s1|localhost:38495, s2|localhost:42573]|listeners:[], old=null, confs=<EMPTY_MAP>
2023-10-31 16:06:10,051 [s1-groupManagement] INFO  server.RaftServerConfigKeys (ConfUtils.java:logGet(46)) - raft.server.notification.no-leader.timeout = 60s (default)
2023-10-31 16:06:10,051 [s1-groupManagement] INFO  server.RaftServerConfigKeys (ConfUtils.java:logGet(46)) - raft.server.read.timeout = 10s (default)
2023-10-31 16:06:10,052 [s1-groupManagement] INFO  server.RaftServerConfigKeys (ConfUtils.java:logGet(46)) - raft.server.retrycache.expirytime = 60s (default)
2023-10-31 16:06:10,052 [s1-groupManagement] INFO  server.RaftServerConfigKeys (ConfUtils.java:logGet(46)) - raft.server.retrycache.statistics.expirytime = 100μs (default)
2023-10-31 16:06:10,052 [s1-groupManagement] INFO  server.RaftServerConfigKeys (ConfUtils.java:logGet(46)) - raft.server.read.option = DEFAULT (default)
2023-10-31 16:06:10,052 [s1-groupManagement] INFO  server.RaftServerConfigKeys (ConfUtils.java:logGet(46)) - raft.server.read.read-after-write-consistent.write-index-cache.expiry-time = 60s (default)
2023-10-31 16:06:10,053 [s1-groupManagement] INFO  server.RaftServerConfigKeys (ConfUtils.java:logGet(46)) - raft.server.rpc.request.timeout = 3000ms (default)
2023-10-31 16:06:10,053 [s1-groupManagement] INFO  server.RaftServerConfigKeys (ConfUtils.java:logGet(46)) - raft.server.log.appender.install.snapshot.enabled = true (default)
2023-10-31 16:06:10,053 [s1-groupManagement] INFO  server.RaftServerConfigKeys (ConfUtils.java:logGet(46)) - raft.server.threadpool.server.cached = true (default)
2023-10-31 16:06:10,053 [s1-groupManagement] INFO  server.RaftServerConfigKeys (ConfUtils.java:logGet(46)) - raft.server.threadpool.server.size = 0 (default)
2023-10-31 16:06:10,053 [s1-groupManagement] INFO  server.RaftServerConfigKeys (ConfUtils.java:logGet(46)) - raft.server.threadpool.client.cached = true (default)
2023-10-31 16:06:10,053 [s1-groupManagement] INFO  server.RaftServerConfigKeys (ConfUtils.java:logGet(46)) - raft.server.threadpool.client.size = 0 (default)
2023-10-31 16:06:10,054 [s1-impl-thread1] INFO  server.RaftServerConfigKeys (ConfUtils.java:logGet(46)) - raft.server.storage.free-space.min = 0MB (=0) (default)
2023-10-31 16:06:10,054 [s1-impl-thread1] INFO  server.RaftServerConfigKeys (ConfUtils.java:logGet(46)) - raft.server.log.corruption.policy = EXCEPTION (default)
2023-10-31 16:06:10,054 [s1-impl-thread1] INFO  server.RaftServerConfigKeys (ConfUtils.java:logGet(46)) - raft.server.storage.dir = [/home/runner/work/ratis/ratis/ratis-test/target/test/data/3084f93d/MiniRaftClusterWithSimulatedRpce237fa44/s1] (custom)
2023-10-31 16:06:10,056 [s1-impl-thread1] INFO  storage.RaftStorageDirectory (RaftStorageDirectoryImpl.java:tryLock(232)) - Lock on /home/runner/work/ratis/ratis/ratis-test/target/test/data/3084f93d/MiniRaftClusterWithSimulatedRpce237fa44/s1/69750052-33aa-491b-b994-f78b7583022a/in_use.lock acquired by nodename 3366@fv-az462-937
2023-10-31 16:06:10,056 [s1-impl-thread1] INFO  storage.RaftStorage (RaftStorageImpl.java:analyzeAndRecoverStorage(117)) - Read RaftStorageMetadata{term=2, votedFor=s2} from /home/runner/work/ratis/ratis/ratis-test/target/test/data/3084f93d/MiniRaftClusterWithSimulatedRpce237fa44/s1/69750052-33aa-491b-b994-f78b7583022a/current/raft-meta
2023-10-31 16:06:10,057 [s1-impl-thread1] INFO  server.RaftServer$Division (ServerState.java:setRaftConf(382)) - s1@group-F78B7583022A: set configuration 1: peers:[s0|localhost:46719, s1|localhost:38495, s2|localhost:42573]|listeners:[], old=null
2023-10-31 16:06:10,057 [s1-impl-thread1] INFO  impl.SimpleStateMachine4Testing (SimpleStateMachine4Testing.java:initialize(213)) - Initializing SimpleStateMachine4Testing:uninitialized
2023-10-31 16:06:10,057 [s1-impl-thread1] INFO  impl.SimpleStateMachine4Testing (SimpleStateMachine4Testing.java:loadSnapshot(296)) - Loading snapshot null
2023-10-31 16:06:10,057 [s1-impl-thread1] INFO  server.RaftServerConfigKeys (ConfUtils.java:logGet(46)) - raft.server.log.use.memory = false (default)
2023-10-31 16:06:10,057 [s1-impl-thread1] INFO  server.RaftServerConfigKeys (ConfUtils.java:logGet(46)) - raft.server.log.purge.gap = 1024 (default)
2023-10-31 16:06:10,057 [s1-impl-thread1] INFO  server.RaftServerConfigKeys (ConfUtils.java:logGet(46)) - raft.server.log.appender.buffer.byte-limit = 4MB (=4194304) (default)
2023-10-31 16:06:10,057 [s1-impl-thread1] INFO  server.RaftServerConfigKeys (ConfUtils.java:logGet(46)) - raft.server.log.statemachine.data.read.timeout = 1000ms (default)
2023-10-31 16:06:10,057 [s1-impl-thread1] INFO  server.RaftServerConfigKeys (ConfUtils.java:logGet(46)) - raft.server.log.purge.preservation.log.num = 0 (default)
2023-10-31 16:06:10,058 [s1-impl-thread1] INFO  server.RaftServerConfigKeys (ConfUtils.java:logGet(46)) - raft.server.log.segment.size.max = 8KB (=8192) (custom)
2023-10-31 16:06:10,058 [s1-impl-thread1] INFO  server.RaftServerConfigKeys (ConfUtils.java:logGet(46)) - raft.server.log.segment.cache.num.max = 6 (default)
2023-10-31 16:06:10,058 [s1-impl-thread1] INFO  server.RaftServerConfigKeys (ConfUtils.java:logGet(46)) - raft.server.log.segment.cache.size.max = 200MB (=209715200) (default)
2023-10-31 16:06:10,058 [s1-impl-thread1] INFO  server.RaftServerConfigKeys (ConfUtils.java:logGet(46)) - raft.server.log.appender.buffer.byte-limit = 4MB (=4194304) (default)
2023-10-31 16:06:10,059 [s1-impl-thread1] INFO  util.AwaitToRun (AwaitToRun.java:start(81)) - Thread[s1@group-F78B7583022A-cacheEviction-AwaitToRun,5,main] started
2023-10-31 16:06:10,059 [s1-impl-thread1] INFO  segmented.SegmentedRaftLogWorker (SegmentedRaftLogWorker.java:<init>(184)) - new s1@group-F78B7583022A-SegmentedRaftLogWorker for RaftStorageImpl:Storage Directory /home/runner/work/ratis/ratis/ratis-test/target/test/data/3084f93d/MiniRaftClusterWithSimulatedRpce237fa44/s1/69750052-33aa-491b-b994-f78b7583022a
2023-10-31 16:06:10,059 [s1-impl-thread1] INFO  server.RaftServerConfigKeys (ConfUtils.java:logGet(46)) - raft.server.log.queue.byte-limit = 64MB (=67108864) (default)
2023-10-31 16:06:10,059 [s1-impl-thread1] INFO  server.RaftServerConfigKeys (ConfUtils.java:logGet(46)) - raft.server.log.queue.element-limit = 4096 (default)
2023-10-31 16:06:10,059 [s1-impl-thread1] INFO  server.RaftServerConfigKeys (ConfUtils.java:logGet(46)) - raft.server.log.segment.size.max = 8KB (=8192) (custom)
2023-10-31 16:06:10,059 [s1-impl-thread1] INFO  server.RaftServerConfigKeys (ConfUtils.java:logGet(46)) - raft.server.log.preallocated.size = 4MB (=4194304) (default)
2023-10-31 16:06:10,059 [s1-impl-thread1] INFO  server.RaftServerConfigKeys (ConfUtils.java:logGet(46)) - raft.server.log.force.sync.num = 128 (default)
2023-10-31 16:06:10,059 [s1-impl-thread1] INFO  server.RaftServerConfigKeys (ConfUtils.java:logGet(46)) - raft.server.log.statemachine.data.sync = true (default)
2023-10-31 16:06:10,059 [s1-impl-thread1] INFO  server.RaftServerConfigKeys (ConfUtils.java:logGet(46)) - raft.server.log.statemachine.data.sync.timeout = 10s (default)
2023-10-31 16:06:10,059 [s1-impl-thread1] INFO  server.RaftServerConfigKeys (ConfUtils.java:logGet(46)) - raft.server.log.statemachine.data.sync.timeout.retry = -1 (default)
2023-10-31 16:06:10,059 [s1-impl-thread1] INFO  server.RaftServerConfigKeys (ConfUtils.java:logGet(46)) - raft.server.log.write.buffer.size = 64KB (=65536) (default)
2023-10-31 16:06:10,060 [s1-impl-thread1] INFO  server.RaftServerConfigKeys (ConfUtils.java:logGet(46)) - raft.server.log.appender.buffer.byte-limit = 4MB (=4194304) (default)
2023-10-31 16:06:10,060 [s1-impl-thread1] INFO  server.RaftServerConfigKeys (ConfUtils.java:logGet(46)) - raft.server.log.unsafe-flush.enabled = false (default)
2023-10-31 16:06:10,060 [s1-impl-thread1] INFO  server.RaftServerConfigKeys (ConfUtils.java:logGet(46)) - raft.server.log.async-flush.enabled = false (default)
2023-10-31 16:06:10,061 [s1-impl-thread1] INFO  server.RaftServerConfigKeys (ConfUtils.java:logGet(46)) - raft.server.log.statemachine.data.caching.enabled = false (default)
2023-10-31 16:06:10,061 [s1-impl-thread1] INFO  server.RaftServer$Division (ServerState.java:setRaftConf(382)) - s1@group-F78B7583022A: set configuration 0: peers:[s0|localhost:46719, s1|localhost:38495, s2|localhost:42573]|listeners:[], old=null
2023-10-31 16:06:10,061 [s1-impl-thread1] INFO  segmented.LogSegment (LogSegment.java:loadSegment(170)) - Successfully read 1 entries from segment file /home/runner/work/ratis/ratis/ratis-test/target/test/data/3084f93d/MiniRaftClusterWithSimulatedRpce237fa44/s1/69750052-33aa-491b-b994-f78b7583022a/current/log_0-0
2023-10-31 16:06:10,061 [s1-impl-thread1] INFO  segmented.LogSegment (LogSegment.java:loadSegment(170)) - Successfully read 0 entries from segment file /home/runner/work/ratis/ratis/ratis-test/target/test/data/3084f93d/MiniRaftClusterWithSimulatedRpce237fa44/s1/69750052-33aa-491b-b994-f78b7583022a/current/log_inprogress_1
2023-10-31 16:06:10,062 [s1-impl-thread1] TRACE util.FileUtils (LogUtils.java:runAndLog(49)) - Successfully ran Files.delete /home/runner/work/ratis/ratis/ratis-test/target/test/data/3084f93d/MiniRaftClusterWithSimulatedRpce237fa44/s1/69750052-33aa-491b-b994-f78b7583022a/current/log_inprogress_1
2023-10-31 16:06:10,062 [s1-impl-thread1] INFO  segmented.SegmentedRaftLogWorker (SegmentedRaftLogWorker.java:lambda$new$0(135)) - s1@group-F78B7583022A-SegmentedRaftLogWorker: safeCacheEvictIndex: setUnconditionally 0 -> -1
2023-10-31 16:06:10,062 [s1-impl-thread1] INFO  server.RaftServer$Division (RaftServerImpl.java:start(390)) - s1@group-F78B7583022A: start as a follower, conf=1: peers:[s0|localhost:46719, s1|localhost:38495, s2|localhost:42573]|listeners:[], old=null
2023-10-31 16:06:10,062 [s1-impl-thread1] INFO  server.RaftServer$Division (RaftServerImpl.java:setRole(377)) - s1@group-F78B7583022A: changes role from      null to FOLLOWER at term 2 for startAsFollower
2023-10-31 16:06:10,062 [s1-impl-thread1] INFO  impl.RoleInfo (RoleInfo.java:updateAndGet(138)) - s1: start s1@group-F78B7583022A-FollowerState
2023-10-31 16:06:10,063 [s1-impl-thread1] INFO  util.JmxRegister (JmxRegister.java:tryRegister(44)) - Successfully registered JMX Bean with object name Ratis:service=RaftServer,group=group-F78B7583022A,id=s1
2023-10-31 16:06:10,063 [s1-impl-thread1] INFO  server.RaftServerConfigKeys (ConfUtils.java:logGet(46)) - raft.server.snapshot.trigger-when-stop.enabled = true (default)
2023-10-31 16:06:10,063 [s1-impl-thread1] INFO  server.RaftServerConfigKeys (ConfUtils.java:logGet(46)) - raft.server.snapshot.auto.trigger.enabled = false (default)
2023-10-31 16:06:10,063 [s1-impl-thread1] INFO  server.RaftServerConfigKeys (ConfUtils.java:logGet(46)) - raft.server.snapshot.retention.file.num = -1 (default)
2023-10-31 16:06:10,063 [s1-impl-thread1] INFO  server.RaftServerConfigKeys (ConfUtils.java:logGet(46)) - raft.server.log.purge.upto.snapshot.index = false (default)
2023-10-31 16:06:10,063 [s1@group-F78B7583022A-FollowerState] INFO  server.RaftServerConfigKeys (ConfUtils.java:logFallback(53)) - raft.server.rpc.first-election.timeout.min = 150ms (fallback to raft.server.rpc.timeout.min)
2023-10-31 16:06:10,063 [s1@group-F78B7583022A-FollowerState] INFO  server.RaftServerConfigKeys (ConfUtils.java:logFallback(53)) - raft.server.rpc.first-election.timeout.max = 300ms (fallback to raft.server.rpc.timeout.max)
2023-10-31 16:06:10,064 [Time-limited test] INFO  server.RaftServer (RaftServerProxy.java:startImpl(406)) - s1: start RPC server
2023-10-31 16:06:10,064 [Time-limited test] INFO  server.RaftServer (RaftServerProxy.java:lambda$close$9(416)) - s1: close
2023-10-31 16:06:10,065 [s1-impl-thread1] INFO  server.RaftServer$Division (RaftServerImpl.java:lambda$close$3(514)) - s1@group-F78B7583022A: shutdown
2023-10-31 16:06:10,065 [s1-impl-thread1] INFO  util.JmxRegister (JmxRegister.java:unregister(73)) - Successfully un-registered JMX Bean with object name Ratis:service=RaftServer,group=group-F78B7583022A,id=s1
2023-10-31 16:06:10,065 [s1-impl-thread1] INFO  impl.RoleInfo (RoleInfo.java:shutdownFollowerState(109)) - s1: shutdown s1@group-F78B7583022A-FollowerState
2023-10-31 16:06:10,065 [s1-impl-thread1] INFO  impl.StateMachineUpdater (StateMachineUpdater.java:stopAndJoin(157)) - s1@group-F78B7583022A-StateMachineUpdater: set stopIndex = -1
2023-10-31 16:06:10,065 [HandlerDaemon-0] INFO  simulation.RequestHandler (RequestHandler.java:run(127)) - s1.clientHandler0 is interrupted by java.io.InterruptedIOException: 
2023-10-31 16:06:10,065 [HandlerDaemon-1] INFO  simulation.RequestHandler (RequestHandler.java:run(127)) - s1.clientHandler1 is interrupted by java.io.InterruptedIOException: 
2023-10-31 16:06:10,065 [s1@group-F78B7583022A-FollowerState] INFO  impl.FollowerState (FollowerState.java:run(152)) - s1@group-F78B7583022A-FollowerState was interrupted
2023-10-31 16:06:10,068 [JvmPauseMonitor13] INFO  util.JvmPauseMonitor (JvmPauseMonitor.java:run(146)) - JvmPauseMonitor-s1: Started
2023-10-31 16:06:10,068 [HandlerDaemon-2] INFO  simulation.RequestHandler (RequestHandler.java:run(127)) - s1.clientHandler2 is interrupted by java.io.InterruptedIOException: 
2023-10-31 16:06:10,068 [s1-impl-thread1] INFO  server.RaftServer$Division (ServerState.java:close(423)) - s1@group-F78B7583022A: applyIndex: -1
2023-10-31 16:06:10,069 [HandlerDaemon-0] INFO  simulation.RequestHandler (RequestHandler.java:run(127)) - s1.serverHandler0 is interrupted by java.io.InterruptedIOException: 
2023-10-31 16:06:10,069 [s1@group-F78B7583022A-cacheEviction-AwaitToRun] INFO  util.AwaitToRun (AwaitToRun.java:run(49)) - s1@group-F78B7583022A-cacheEviction-AwaitToRun-AwaitForSignal is interrupted
2023-10-31 16:06:10,069 [HandlerDaemon-2] INFO  simulation.RequestHandler (RequestHandler.java:run(127)) - s1.serverHandler2 is interrupted by java.io.InterruptedIOException: 
2023-10-31 16:06:10,069 [HandlerDaemon-1] INFO  simulation.RequestHandler (RequestHandler.java:run(127)) - s1.serverHandler1 is interrupted by java.io.InterruptedIOException: 
2023-10-31 16:06:11,063 [s1-impl-thread1] INFO  segmented.SegmentedRaftLogWorker (SegmentedRaftLogWorker.java:close(243)) - s1@group-F78B7583022A-SegmentedRaftLogWorker close()
2023-10-31 16:06:11,064 [JvmPauseMonitor13] INFO  util.JvmPauseMonitor (JvmPauseMonitor.java:run(152)) - JvmPauseMonitor-s1: Stopped
2023-10-31 16:06:11,064 [Time-limited test] INFO  simulation.TestServerRestartWithSimulatedRpc (ServerRestartTests.java:lambda$assertCorruptedLogHeader$5(222)) - header    = 526166744c6f6731
2023-10-31 16:06:11,065 [Time-limited test] INFO  simulation.TestServerRestartWithSimulatedRpc (ServerRestartTests.java:lambda$assertCorruptedLogHeader$5(225)) - corrupted = 5261660000000000
2023-10-31 16:06:11,065 [Time-limited test] INFO  impl.MiniRaftCluster (MiniRaftCluster.java:killServer(533)) - killServer s1
2023-10-31 16:06:11,065 [Time-limited test] INFO  impl.MiniRaftCluster (MiniRaftCluster.java:newRaftServer(382)) - newRaftServer: s1, group-F78B7583022A:[s0|localhost:46719, s1|localhost:38495, s2|localhost:42573], format? false
2023-10-31 16:06:11,065 [Time-limited test] INFO  server.RaftServer (ConfUtils.java:logGet(46)) - raft.rpc.type = org.apache.ratis.server.simulation.SimulatedRpc (custom)
2023-10-31 16:06:11,066 [Time-limited test] INFO  impl.DataStreamServerImpl (ConfUtils.java:logGet(46)) - raft.datastream.type = DISABLED (default)
2023-10-31 16:06:11,066 [Time-limited test] INFO  server.RaftServerConfigKeys (ConfUtils.java:logGet(46)) - raft.server.sleep.deviation.threshold = 300ms (default)
2023-10-31 16:06:11,066 [Time-limited test] INFO  server.RaftServerConfigKeys (ConfUtils.java:logGet(46)) - raft.server.close.threshold = 60s (default)
2023-10-31 16:06:11,066 [Time-limited test] INFO  server.RaftServerConfigKeys (ConfUtils.java:logGet(46)) - raft.server.leaderelection.leader.step-down.wait-time = 10s (default)
2023-10-31 16:06:11,066 [Time-limited test] INFO  server.RaftServerConfigKeys (ConfUtils.java:logGet(46)) - raft.server.storage.dir = [/home/runner/work/ratis/ratis/ratis-test/target/test/data/3084f93d/MiniRaftClusterWithSimulatedRpce237fa44/s1] (custom)
2023-10-31 16:06:11,066 [Time-limited test] INFO  server.RaftServerConfigKeys (ConfUtils.java:logGet(46)) - raft.server.threadpool.proxy.cached = true (default)
2023-10-31 16:06:11,067 [Time-limited test] INFO  server.RaftServerConfigKeys (ConfUtils.java:logGet(46)) - raft.server.threadpool.proxy.size = 0 (default)
2023-10-31 16:06:11,067 [s1-impl-thread1] INFO  server.RaftServer (RaftServerProxy.java:initGroupDir(264)) - s1: found a subdirectory /home/runner/work/ratis/ratis/ratis-test/target/test/data/3084f93d/MiniRaftClusterWithSimulatedRpce237fa44/s1/69750052-33aa-491b-b994-f78b7583022a
2023-10-31 16:06:11,068 [Time-limited test] INFO  server.RaftServer (RaftServerProxy.java:addNew(100)) - s1: addNew group-F78B7583022A:[s0|localhost:46719, s1|localhost:38495, s2|localhost:42573] returns group-F78B7583022A:java.util.concurrent.CompletableFuture@1e480d9e[Not completed]
2023-10-31 16:06:11,068 [s1-groupManagement] INFO  server.RaftServerConfigKeys (ConfUtils.java:logGet(46)) - raft.server.log.segment.size.max = 32MB (=33554432) (default)
2023-10-31 16:06:11,068 [s1-groupManagement] INFO  server.RaftServerConfigKeys (ConfUtils.java:logGet(46)) - raft.server.log.preallocated.size = 4MB (=4194304) (default)
2023-10-31 16:06:11,068 [s1-groupManagement] INFO  server.RaftServerConfigKeys (ConfUtils.java:logGet(46)) - raft.server.log.write.buffer.size = 64KB (=65536) (default)
2023-10-31 16:06:11,068 [s1-groupManagement] INFO  server.RaftServer$Division (RaftServerImpl.java:<init>(255)) - s1: new RaftServerImpl for group-F78B7583022A:[s0|localhost:46719, s1|localhost:38495, s2|localhost:42573] with SimpleStateMachine4Testing:uninitialized
2023-10-31 16:06:11,069 [s1-groupManagement] INFO  server.RaftServerConfigKeys (ConfUtils.java:logGet(46)) - raft.server.rpc.timeout.min = 150ms (default)
2023-10-31 16:06:11,069 [s1-groupManagement] INFO  server.RaftServerConfigKeys (ConfUtils.java:logGet(46)) - raft.server.rpc.timeout.max = 300ms (default)
2023-10-31 16:06:11,069 [s1-groupManagement] INFO  server.RaftServerConfigKeys (ConfUtils.java:logGet(46)) - raft.server.rpc.sleep.time = 25ms (default)
2023-10-31 16:06:11,069 [s1-groupManagement] INFO  server.RaftServerConfigKeys (ConfUtils.java:logGet(46)) - raft.server.rpc.slowness.timeout = 60s (default)
2023-10-31 16:06:11,069 [s1-groupManagement] INFO  server.RaftServerConfigKeys (ConfUtils.java:logGet(46)) - raft.server.leaderelection.leader.step-down.wait-time = 10s (default)
2023-10-31 16:06:11,069 [s1-groupManagement] INFO  server.RaftServerConfigKeys (ConfUtils.java:logGet(46)) - raft.server.sleep.deviation.threshold = 300ms (default)
2023-10-31 16:06:11,069 [s1-groupManagement] INFO  server.RaftServer$Division (ServerState.java:<init>(113)) - s1@group-F78B7583022A: ConfigurationManager, init=-1: peers:[s0|localhost:46719, s1|localhost:38495, s2|localhost:42573]|listeners:[], old=null, confs=<EMPTY_MAP>
2023-10-31 16:06:11,069 [s1-groupManagement] INFO  server.RaftServerConfigKeys (ConfUtils.java:logGet(46)) - raft.server.notification.no-leader.timeout = 60s (default)
2023-10-31 16:06:11,069 [s1-groupManagement] INFO  server.RaftServerConfigKeys (ConfUtils.java:logGet(46)) - raft.server.read.timeout = 10s (default)
2023-10-31 16:06:11,070 [s1-groupManagement] INFO  server.RaftServerConfigKeys (ConfUtils.java:logGet(46)) - raft.server.retrycache.expirytime = 60s (default)
2023-10-31 16:06:11,070 [s1-groupManagement] INFO  server.RaftServerConfigKeys (ConfUtils.java:logGet(46)) - raft.server.retrycache.statistics.expirytime = 100μs (default)
2023-10-31 16:06:11,070 [s1-groupManagement] INFO  server.RaftServerConfigKeys (ConfUtils.java:logGet(46)) - raft.server.read.option = DEFAULT (default)
2023-10-31 16:06:11,070 [s1-groupManagement] INFO  server.RaftServerConfigKeys (ConfUtils.java:logGet(46)) - raft.server.read.read-after-write-consistent.write-index-cache.expiry-time = 60s (default)
2023-10-31 16:06:11,071 [s1-groupManagement] INFO  server.RaftServerConfigKeys (ConfUtils.java:logGet(46)) - raft.server.rpc.request.timeout = 3000ms (default)
2023-10-31 16:06:11,071 [s1-groupManagement] INFO  server.RaftServerConfigKeys (ConfUtils.java:logGet(46)) - raft.server.log.appender.install.snapshot.enabled = true (default)
2023-10-31 16:06:11,071 [s1-groupManagement] INFO  server.RaftServerConfigKeys (ConfUtils.java:logGet(46)) - raft.server.threadpool.server.cached = true (default)
2023-10-31 16:06:11,071 [s1-groupManagement] INFO  server.RaftServerConfigKeys (ConfUtils.java:logGet(46)) - raft.server.threadpool.server.size = 0 (default)
2023-10-31 16:06:11,071 [s1-groupManagement] INFO  server.RaftServerConfigKeys (ConfUtils.java:logGet(46)) - raft.server.threadpool.client.cached = true (default)
2023-10-31 16:06:11,072 [s1-groupManagement] INFO  server.RaftServerConfigKeys (ConfUtils.java:logGet(46)) - raft.server.threadpool.client.size = 0 (default)
2023-10-31 16:06:11,072 [s1-impl-thread1] INFO  server.RaftServerConfigKeys (ConfUtils.java:logGet(46)) - raft.server.storage.free-space.min = 0MB (=0) (default)
2023-10-31 16:06:11,072 [s1-impl-thread1] INFO  server.RaftServerConfigKeys (ConfUtils.java:logGet(46)) - raft.server.log.corruption.policy = EXCEPTION (default)
2023-10-31 16:06:11,072 [s1-impl-thread1] INFO  server.RaftServerConfigKeys (ConfUtils.java:logGet(46)) - raft.server.storage.dir = [/home/runner/work/ratis/ratis/ratis-test/target/test/data/3084f93d/MiniRaftClusterWithSimulatedRpce237fa44/s1] (custom)
2023-10-31 16:06:11,073 [s1-impl-thread1] INFO  storage.RaftStorageDirectory (RaftStorageDirectoryImpl.java:tryLock(232)) - Lock on /home/runner/work/ratis/ratis/ratis-test/target/test/data/3084f93d/MiniRaftClusterWithSimulatedRpce237fa44/s1/69750052-33aa-491b-b994-f78b7583022a/in_use.lock acquired by nodename 3366@fv-az462-937
2023-10-31 16:06:11,074 [s1-impl-thread1] INFO  storage.RaftStorage (RaftStorageImpl.java:analyzeAndRecoverStorage(117)) - Read RaftStorageMetadata{term=2, votedFor=s2} from /home/runner/work/ratis/ratis/ratis-test/target/test/data/3084f93d/MiniRaftClusterWithSimulatedRpce237fa44/s1/69750052-33aa-491b-b994-f78b7583022a/current/raft-meta
2023-10-31 16:06:11,078 [s1-impl-thread1] INFO  server.RaftServer$Division (ServerState.java:setRaftConf(382)) - s1@group-F78B7583022A: set configuration 1: peers:[s0|localhost:46719, s1|localhost:38495, s2|localhost:42573]|listeners:[], old=null
2023-10-31 16:06:11,078 [s1-impl-thread1] INFO  impl.SimpleStateMachine4Testing (SimpleStateMachine4Testing.java:initialize(213)) - Initializing SimpleStateMachine4Testing:uninitialized
2023-10-31 16:06:11,078 [s1-impl-thread1] INFO  impl.SimpleStateMachine4Testing (SimpleStateMachine4Testing.java:loadSnapshot(296)) - Loading snapshot null
2023-10-31 16:06:11,078 [s1-impl-thread1] INFO  server.RaftServerConfigKeys (ConfUtils.java:logGet(46)) - raft.server.log.use.memory = false (default)
2023-10-31 16:06:11,079 [s1-impl-thread1] INFO  server.RaftServerConfigKeys (ConfUtils.java:logGet(46)) - raft.server.log.purge.gap = 1024 (default)
2023-10-31 16:06:11,079 [s1-impl-thread1] INFO  server.RaftServerConfigKeys (ConfUtils.java:logGet(46)) - raft.server.log.appender.buffer.byte-limit = 4MB (=4194304) (default)
2023-10-31 16:06:11,079 [s1-impl-thread1] INFO  server.RaftServerConfigKeys (ConfUtils.java:logGet(46)) - raft.server.log.statemachine.data.read.timeout = 1000ms (default)
2023-10-31 16:06:11,079 [s1-impl-thread1] INFO  server.RaftServerConfigKeys (ConfUtils.java:logGet(46)) - raft.server.log.purge.preservation.log.num = 0 (default)
2023-10-31 16:06:11,079 [s1-impl-thread1] INFO  server.RaftServerConfigKeys (ConfUtils.java:logGet(46)) - raft.server.log.segment.size.max = 8KB (=8192) (custom)
2023-10-31 16:06:11,080 [s1-impl-thread1] INFO  server.RaftServerConfigKeys (ConfUtils.java:logGet(46)) - raft.server.log.segment.cache.num.max = 6 (default)
2023-10-31 16:06:11,080 [s1-impl-thread1] INFO  server.RaftServerConfigKeys (ConfUtils.java:logGet(46)) - raft.server.log.segment.cache.size.max = 200MB (=209715200) (default)
2023-10-31 16:06:11,080 [s1-impl-thread1] INFO  server.RaftServerConfigKeys (ConfUtils.java:logGet(46)) - raft.server.log.appender.buffer.byte-limit = 4MB (=4194304) (default)
2023-10-31 16:06:11,082 [s1-impl-thread1] INFO  util.AwaitToRun (AwaitToRun.java:start(81)) - Thread[s1@group-F78B7583022A-cacheEviction-AwaitToRun,5,main] started
2023-10-31 16:06:11,082 [s1-impl-thread1] INFO  segmented.SegmentedRaftLogWorker (SegmentedRaftLogWorker.java:<init>(184)) - new s1@group-F78B7583022A-SegmentedRaftLogWorker for RaftStorageImpl:Storage Directory /home/runner/work/ratis/ratis/ratis-test/target/test/data/3084f93d/MiniRaftClusterWithSimulatedRpce237fa44/s1/69750052-33aa-491b-b994-f78b7583022a
2023-10-31 16:06:11,082 [s1-impl-thread1] INFO  server.RaftServerConfigKeys (ConfUtils.java:logGet(46)) - raft.server.log.queue.byte-limit = 64MB (=67108864) (default)
2023-10-31 16:06:11,082 [s1-impl-thread1] INFO  server.RaftServerConfigKeys (ConfUtils.java:logGet(46)) - raft.server.log.queue.element-limit = 4096 (default)
2023-10-31 16:06:11,082 [s1-impl-thread1] INFO  server.RaftServerConfigKeys (ConfUtils.java:logGet(46)) - raft.server.log.segment.size.max = 8KB (=8192) (custom)
2023-10-31 16:06:11,082 [s1-impl-thread1] INFO  server.RaftServerConfigKeys (ConfUtils.java:logGet(46)) - raft.server.log.preallocated.size = 4MB (=4194304) (default)
2023-10-31 16:06:11,082 [s1-impl-thread1] INFO  server.RaftServerConfigKeys (ConfUtils.java:logGet(46)) - raft.server.log.force.sync.num = 128 (default)
2023-10-31 16:06:11,083 [s1-impl-thread1] INFO  server.RaftServerConfigKeys (ConfUtils.java:logGet(46)) - raft.server.log.statemachine.data.sync = true (default)
2023-10-31 16:06:11,083 [s1-impl-thread1] INFO  server.RaftServerConfigKeys (ConfUtils.java:logGet(46)) - raft.server.log.statemachine.data.sync.timeout = 10s (default)
2023-10-31 16:06:11,083 [s1-impl-thread1] INFO  server.RaftServerConfigKeys (ConfUtils.java:logGet(46)) - raft.server.log.statemachine.data.sync.timeout.retry = -1 (default)
2023-10-31 16:06:11,083 [s1-impl-thread1] INFO  server.RaftServerConfigKeys (ConfUtils.java:logGet(46)) - raft.server.log.write.buffer.size = 64KB (=65536) (default)
2023-10-31 16:06:11,083 [s1-impl-thread1] INFO  server.RaftServerConfigKeys (ConfUtils.java:logGet(46)) - raft.server.log.appender.buffer.byte-limit = 4MB (=4194304) (default)
2023-10-31 16:06:11,085 [s1-impl-thread1] INFO  server.RaftServerConfigKeys (ConfUtils.java:logGet(46)) - raft.server.log.unsafe-flush.enabled = false (default)
2023-10-31 16:06:11,085 [s1-impl-thread1] INFO  server.RaftServerConfigKeys (ConfUtils.java:logGet(46)) - raft.server.log.async-flush.enabled = false (default)
2023-10-31 16:06:11,085 [s1-impl-thread1] INFO  server.RaftServerConfigKeys (ConfUtils.java:logGet(46)) - raft.server.log.statemachine.data.caching.enabled = false (default)
2023-10-31 16:06:11,086 [s1-impl-thread1] INFO  server.RaftServer$Division (ServerState.java:setRaftConf(382)) - s1@group-F78B7583022A: set configuration 0: peers:[s0|localhost:46719, s1|localhost:38495, s2|localhost:42573]|listeners:[], old=null
2023-10-31 16:06:11,086 [s1-impl-thread1] INFO  segmented.LogSegment (LogSegment.java:loadSegment(170)) - Successfully read 1 entries from segment file /home/runner/work/ratis/ratis/ratis-test/target/test/data/3084f93d/MiniRaftClusterWithSimulatedRpce237fa44/s1/69750052-33aa-491b-b994-f78b7583022a/current/log_0-0
2023-10-31 16:06:11,086 [s1-impl-thread1] INFO  segmented.LogSegment (LogSegment.java:loadSegment(170)) - Successfully read 0 entries from segment file /home/runner/work/ratis/ratis/ratis-test/target/test/data/3084f93d/MiniRaftClusterWithSimulatedRpce237fa44/s1/69750052-33aa-491b-b994-f78b7583022a/current/log_inprogress_1
2023-10-31 16:06:11,087 [s1-impl-thread1] TRACE util.FileUtils (LogUtils.java:runAndLog(49)) - Successfully ran Files.delete /home/runner/work/ratis/ratis/ratis-test/target/test/data/3084f93d/MiniRaftClusterWithSimulatedRpce237fa44/s1/69750052-33aa-491b-b994-f78b7583022a/current/log_inprogress_1
2023-10-31 16:06:11,087 [s1-impl-thread1] INFO  segmented.SegmentedRaftLogWorker (SegmentedRaftLogWorker.java:lambda$new$0(135)) - s1@group-F78B7583022A-SegmentedRaftLogWorker: safeCacheEvictIndex: setUnconditionally 0 -> -1
2023-10-31 16:06:11,087 [s1-impl-thread1] INFO  server.RaftServer$Division (RaftServerImpl.java:start(390)) - s1@group-F78B7583022A: start as a follower, conf=1: peers:[s0|localhost:46719, s1|localhost:38495, s2|localhost:42573]|listeners:[], old=null
2023-10-31 16:06:11,087 [s1-impl-thread1] INFO  server.RaftServer$Division (RaftServerImpl.java:setRole(377)) - s1@group-F78B7583022A: changes role from      null to FOLLOWER at term 2 for startAsFollower
2023-10-31 16:06:11,088 [s1-impl-thread1] INFO  impl.RoleInfo (RoleInfo.java:updateAndGet(138)) - s1: start s1@group-F78B7583022A-FollowerState
2023-10-31 16:06:11,089 [s1-impl-thread1] INFO  util.JmxRegister (JmxRegister.java:tryRegister(44)) - Successfully registered JMX Bean with object name Ratis:service=RaftServer,group=group-F78B7583022A,id=s1
2023-10-31 16:06:11,089 [s1-impl-thread1] INFO  server.RaftServerConfigKeys (ConfUtils.java:logGet(46)) - raft.server.snapshot.trigger-when-stop.enabled = true (default)
2023-10-31 16:06:11,090 [s1-impl-thread1] INFO  server.RaftServerConfigKeys (ConfUtils.java:logGet(46)) - raft.server.snapshot.auto.trigger.enabled = false (default)
2023-10-31 16:06:11,090 [s1-impl-thread1] INFO  server.RaftServerConfigKeys (ConfUtils.java:logGet(46)) - raft.server.snapshot.retention.file.num = -1 (default)
2023-10-31 16:06:11,090 [s1-impl-thread1] INFO  server.RaftServerConfigKeys (ConfUtils.java:logGet(46)) - raft.server.log.purge.upto.snapshot.index = false (default)
2023-10-31 16:06:11,090 [s1@group-F78B7583022A-FollowerState] INFO  server.RaftServerConfigKeys (ConfUtils.java:logFallback(53)) - raft.server.rpc.first-election.timeout.min = 150ms (fallback to raft.server.rpc.timeout.min)
2023-10-31 16:06:11,090 [s1@group-F78B7583022A-FollowerState] INFO  server.RaftServerConfigKeys (ConfUtils.java:logFallback(53)) - raft.server.rpc.first-election.timeout.max = 300ms (fallback to raft.server.rpc.timeout.max)
2023-10-31 16:06:11,091 [Time-limited test] INFO  server.RaftServer (RaftServerProxy.java:startImpl(406)) - s1: start RPC server
2023-10-31 16:06:11,092 [Time-limited test] INFO  server.RaftServer (RaftServerProxy.java:lambda$close$9(416)) - s1: close
2023-10-31 16:06:11,093 [JvmPauseMonitor14] INFO  util.JvmPauseMonitor (JvmPauseMonitor.java:run(146)) - JvmPauseMonitor-s1: Started
2023-10-31 16:06:11,093 [s1-impl-thread1] INFO  server.RaftServer$Division (RaftServerImpl.java:lambda$close$3(514)) - s1@group-F78B7583022A: shutdown
2023-10-31 16:06:11,093 [s1-impl-thread1] INFO  util.JmxRegister (JmxRegister.java:unregister(73)) - Successfully un-registered JMX Bean with object name Ratis:service=RaftServer,group=group-F78B7583022A,id=s1
2023-10-31 16:06:11,093 [s1-impl-thread1] INFO  impl.RoleInfo (RoleInfo.java:shutdownFollowerState(109)) - s1: shutdown s1@group-F78B7583022A-FollowerState
2023-10-31 16:06:11,093 [s1-impl-thread1] INFO  impl.StateMachineUpdater (StateMachineUpdater.java:stopAndJoin(157)) - s1@group-F78B7583022A-StateMachineUpdater: set stopIndex = -1
2023-10-31 16:06:11,093 [HandlerDaemon-0] INFO  simulation.RequestHandler (RequestHandler.java:run(127)) - s1.clientHandler0 is interrupted by java.io.InterruptedIOException: 
2023-10-31 16:06:11,093 [HandlerDaemon-1] INFO  simulation.RequestHandler (RequestHandler.java:run(127)) - s1.clientHandler1 is interrupted by java.io.InterruptedIOException: 
2023-10-31 16:06:11,093 [HandlerDaemon-2] INFO  simulation.RequestHandler (RequestHandler.java:run(127)) - s1.clientHandler2 is interrupted by java.io.InterruptedIOException: 
2023-10-31 16:06:11,094 [HandlerDaemon-0] INFO  simulation.RequestHandler (RequestHandler.java:run(127)) - s1.serverHandler0 is interrupted by java.io.InterruptedIOException: 
2023-10-31 16:06:11,094 [s1@group-F78B7583022A-FollowerState] INFO  impl.FollowerState (FollowerState.java:run(152)) - s1@group-F78B7583022A-FollowerState was interrupted
2023-10-31 16:06:11,094 [HandlerDaemon-1] INFO  simulation.RequestHandler (RequestHandler.java:run(127)) - s1.serverHandler1 is interrupted by java.io.InterruptedIOException: 
2023-10-31 16:06:11,094 [s1-impl-thread1] INFO  server.RaftServer$Division (ServerState.java:close(423)) - s1@group-F78B7583022A: applyIndex: -1
2023-10-31 16:06:11,094 [s1@group-F78B7583022A-cacheEviction-AwaitToRun] INFO  util.AwaitToRun (AwaitToRun.java:run(49)) - s1@group-F78B7583022A-cacheEviction-AwaitToRun-AwaitForSignal is interrupted
2023-10-31 16:06:11,094 [HandlerDaemon-2] INFO  simulation.RequestHandler (RequestHandler.java:run(127)) - s1.serverHandler2 is interrupted by java.io.InterruptedIOException: 
2023-10-31 16:06:12,090 [s1-impl-thread1] INFO  segmented.SegmentedRaftLogWorker (SegmentedRaftLogWorker.java:close(243)) - s1@group-F78B7583022A-SegmentedRaftLogWorker close()
2023-10-31 16:06:12,091 [JvmPauseMonitor14] INFO  util.JvmPauseMonitor (JvmPauseMonitor.java:run(152)) - JvmPauseMonitor-s1: Stopped
2023-10-31 16:06:12,092 [Time-limited test] INFO  simulation.TestServerRestartWithSimulatedRpc (ServerRestartTests.java:lambda$assertCorruptedLogHeader$5(222)) - header    = 526166744c6f6731
2023-10-31 16:06:12,092 [Time-limited test] INFO  simulation.TestServerRestartWithSimulatedRpc (ServerRestartTests.java:lambda$assertCorruptedLogHeader$5(225)) - corrupted = 5261667400000000
2023-10-31 16:06:12,092 [Time-limited test] INFO  impl.MiniRaftCluster (MiniRaftCluster.java:killServer(533)) - killServer s1
2023-10-31 16:06:12,092 [Time-limited test] INFO  impl.MiniRaftCluster (MiniRaftCluster.java:newRaftServer(382)) - newRaftServer: s1, group-F78B7583022A:[s0|localhost:46719, s1|localhost:38495, s2|localhost:42573], format? false
2023-10-31 16:06:12,092 [Time-limited test] INFO  server.RaftServer (ConfUtils.java:logGet(46)) - raft.rpc.type = org.apache.ratis.server.simulation.SimulatedRpc (custom)
2023-10-31 16:06:12,094 [Time-limited test] INFO  impl.DataStreamServerImpl (ConfUtils.java:logGet(46)) - raft.datastream.type = DISABLED (default)
2023-10-31 16:06:12,094 [Time-limited test] INFO  server.RaftServerConfigKeys (ConfUtils.java:logGet(46)) - raft.server.sleep.deviation.threshold = 300ms (default)
2023-10-31 16:06:12,095 [Time-limited test] INFO  server.RaftServerConfigKeys (ConfUtils.java:logGet(46)) - raft.server.close.threshold = 60s (default)
2023-10-31 16:06:12,095 [Time-limited test] INFO  server.RaftServerConfigKeys (ConfUtils.java:logGet(46)) - raft.server.leaderelection.leader.step-down.wait-time = 10s (default)
2023-10-31 16:06:12,095 [Time-limited test] INFO  server.RaftServerConfigKeys (ConfUtils.java:logGet(46)) - raft.server.storage.dir = [/home/runner/work/ratis/ratis/ratis-test/target/test/data/3084f93d/MiniRaftClusterWithSimulatedRpce237fa44/s1] (custom)
2023-10-31 16:06:12,095 [Time-limited test] INFO  server.RaftServerConfigKeys (ConfUtils.java:logGet(46)) - raft.server.threadpool.proxy.cached = true (default)
2023-10-31 16:06:12,095 [Time-limited test] INFO  server.RaftServerConfigKeys (ConfUtils.java:logGet(46)) - raft.server.threadpool.proxy.size = 0 (default)
2023-10-31 16:06:12,096 [s1-impl-thread1] INFO  server.RaftServer (RaftServerProxy.java:initGroupDir(264)) - s1: found a subdirectory /home/runner/work/ratis/ratis/ratis-test/target/test/data/3084f93d/MiniRaftClusterWithSimulatedRpce237fa44/s1/69750052-33aa-491b-b994-f78b7583022a
2023-10-31 16:06:12,096 [Time-limited test] INFO  server.RaftServer (RaftServerProxy.java:addNew(100)) - s1: addNew group-F78B7583022A:[s0|localhost:46719, s1|localhost:38495, s2|localhost:42573] returns group-F78B7583022A:java.util.concurrent.CompletableFuture@781eace3[Not completed]
2023-10-31 16:06:12,097 [s1-groupManagement] INFO  server.RaftServerConfigKeys (ConfUtils.java:logGet(46)) - raft.server.log.segment.size.max = 32MB (=33554432) (default)
2023-10-31 16:06:12,097 [s1-groupManagement] INFO  server.RaftServerConfigKeys (ConfUtils.java:logGet(46)) - raft.server.log.preallocated.size = 4MB (=4194304) (default)
2023-10-31 16:06:12,098 [s1-groupManagement] INFO  server.RaftServerConfigKeys (ConfUtils.java:logGet(46)) - raft.server.log.write.buffer.size = 64KB (=65536) (default)
2023-10-31 16:06:12,098 [s1-groupManagement] INFO  server.RaftServer$Division (RaftServerImpl.java:<init>(255)) - s1: new RaftServerImpl for group-F78B7583022A:[s0|localhost:46719, s1|localhost:38495, s2|localhost:42573] with SimpleStateMachine4Testing:uninitialized
2023-10-31 16:06:12,098 [s1-groupManagement] INFO  server.RaftServerConfigKeys (ConfUtils.java:logGet(46)) - raft.server.rpc.timeout.min = 150ms (default)
2023-10-31 16:06:12,098 [s1-groupManagement] INFO  server.RaftServerConfigKeys (ConfUtils.java:logGet(46)) - raft.server.rpc.timeout.max = 300ms (default)
2023-10-31 16:06:12,098 [s1-groupManagement] INFO  server.RaftServerConfigKeys (ConfUtils.java:logGet(46)) - raft.server.rpc.sleep.time = 25ms (default)
2023-10-31 16:06:12,098 [s1-groupManagement] INFO  server.RaftServerConfigKeys (ConfUtils.java:logGet(46)) - raft.server.rpc.slowness.timeout = 60s (default)
2023-10-31 16:06:12,098 [s1-groupManagement] INFO  server.RaftServerConfigKeys (ConfUtils.java:logGet(46)) - raft.server.leaderelection.leader.step-down.wait-time = 10s (default)
2023-10-31 16:06:12,098 [s1-groupManagement] INFO  server.RaftServerConfigKeys (ConfUtils.java:logGet(46)) - raft.server.sleep.deviation.threshold = 300ms (default)
2023-10-31 16:06:12,098 [s1-groupManagement] INFO  server.RaftServer$Division (ServerState.java:<init>(113)) - s1@group-F78B7583022A: ConfigurationManager, init=-1: peers:[s0|localhost:46719, s1|localhost:38495, s2|localhost:42573]|listeners:[], old=null, confs=<EMPTY_MAP>
2023-10-31 16:06:12,098 [s1-groupManagement] INFO  server.RaftServerConfigKeys (ConfUtils.java:logGet(46)) - raft.server.notification.no-leader.timeout = 60s (default)
2023-10-31 16:06:12,098 [s1-groupManagement] INFO  server.RaftServerConfigKeys (ConfUtils.java:logGet(46)) - raft.server.read.timeout = 10s (default)
2023-10-31 16:06:12,098 [s1-groupManagement] INFO  server.RaftServerConfigKeys (ConfUtils.java:logGet(46)) - raft.server.retrycache.expirytime = 60s (default)
2023-10-31 16:06:12,099 [s1-groupManagement] INFO  server.RaftServerConfigKeys (ConfUtils.java:logGet(46)) - raft.server.retrycache.statistics.expirytime = 100μs (default)
2023-10-31 16:06:12,099 [s1-groupManagement] INFO  server.RaftServerConfigKeys (ConfUtils.java:logGet(46)) - raft.server.read.option = DEFAULT (default)
2023-10-31 16:06:12,099 [s1-groupManagement] INFO  server.RaftServerConfigKeys (ConfUtils.java:logGet(46)) - raft.server.read.read-after-write-consistent.write-index-cache.expiry-time = 60s (default)
2023-10-31 16:06:12,100 [s1-groupManagement] INFO  server.RaftServerConfigKeys (ConfUtils.java:logGet(46)) - raft.server.rpc.request.timeout = 3000ms (default)
2023-10-31 16:06:12,100 [s1-groupManagement] INFO  server.RaftServerConfigKeys (ConfUtils.java:logGet(46)) - raft.server.log.appender.install.snapshot.enabled = true (default)
2023-10-31 16:06:12,100 [s1-groupManagement] INFO  server.RaftServerConfigKeys (ConfUtils.java:logGet(46)) - raft.server.threadpool.server.cached = true (default)
2023-10-31 16:06:12,101 [s1-groupManagement] INFO  server.RaftServerConfigKeys (ConfUtils.java:logGet(46)) - raft.server.threadpool.server.size = 0 (default)
2023-10-31 16:06:12,101 [s1-groupManagement] INFO  server.RaftServerConfigKeys (ConfUtils.java:logGet(46)) - raft.server.threadpool.client.cached = true (default)
2023-10-31 16:06:12,101 [s1-groupManagement] INFO  server.RaftServerConfigKeys (ConfUtils.java:logGet(46)) - raft.server.threadpool.client.size = 0 (default)
2023-10-31 16:06:12,101 [s1-impl-thread1] INFO  server.RaftServerConfigKeys (ConfUtils.java:logGet(46)) - raft.server.storage.free-space.min = 0MB (=0) (default)
2023-10-31 16:06:12,101 [s1-impl-thread1] INFO  server.RaftServerConfigKeys (ConfUtils.java:logGet(46)) - raft.server.log.corruption.policy = EXCEPTION (default)
2023-10-31 16:06:12,101 [s1-impl-thread1] INFO  server.RaftServerConfigKeys (ConfUtils.java:logGet(46)) - raft.server.storage.dir = [/home/runner/work/ratis/ratis/ratis-test/target/test/data/3084f93d/MiniRaftClusterWithSimulatedRpce237fa44/s1] (custom)
2023-10-31 16:06:12,103 [s1-impl-thread1] INFO  storage.RaftStorageDirectory (RaftStorageDirectoryImpl.java:tryLock(232)) - Lock on /home/runner/work/ratis/ratis/ratis-test/target/test/data/3084f93d/MiniRaftClusterWithSimulatedRpce237fa44/s1/69750052-33aa-491b-b994-f78b7583022a/in_use.lock acquired by nodename 3366@fv-az462-937
2023-10-31 16:06:12,103 [s1-impl-thread1] INFO  storage.RaftStorage (RaftStorageImpl.java:analyzeAndRecoverStorage(117)) - Read RaftStorageMetadata{term=2, votedFor=s2} from /home/runner/work/ratis/ratis/ratis-test/target/test/data/3084f93d/MiniRaftClusterWithSimulatedRpce237fa44/s1/69750052-33aa-491b-b994-f78b7583022a/current/raft-meta
2023-10-31 16:06:12,104 [s1-impl-thread1] INFO  server.RaftServer$Division (ServerState.java:setRaftConf(382)) - s1@group-F78B7583022A: set configuration 1: peers:[s0|localhost:46719, s1|localhost:38495, s2|localhost:42573]|listeners:[], old=null
2023-10-31 16:06:12,104 [s1-impl-thread1] INFO  impl.SimpleStateMachine4Testing (SimpleStateMachine4Testing.java:initialize(213)) - Initializing SimpleStateMachine4Testing:uninitialized
2023-10-31 16:06:12,104 [s1-impl-thread1] INFO  impl.SimpleStateMachine4Testing (SimpleStateMachine4Testing.java:loadSnapshot(296)) - Loading snapshot null
2023-10-31 16:06:12,104 [s1-impl-thread1] INFO  server.RaftServerConfigKeys (ConfUtils.java:logGet(46)) - raft.server.log.use.memory = false (default)
2023-10-31 16:06:12,104 [s1-impl-thread1] INFO  server.RaftServerConfigKeys (ConfUtils.java:logGet(46)) - raft.server.log.purge.gap = 1024 (default)
2023-10-31 16:06:12,104 [s1-impl-thread1] INFO  server.RaftServerConfigKeys (ConfUtils.java:logGet(46)) - raft.server.log.appender.buffer.byte-limit = 4MB (=4194304) (default)
2023-10-31 16:06:12,104 [s1-impl-thread1] INFO  server.RaftServerConfigKeys (ConfUtils.java:logGet(46)) - raft.server.log.statemachine.data.read.timeout = 1000ms (default)
2023-10-31 16:06:12,104 [s1-impl-thread1] INFO  server.RaftServerConfigKeys (ConfUtils.java:logGet(46)) - raft.server.log.purge.preservation.log.num = 0 (default)
2023-10-31 16:06:12,105 [s1-impl-thread1] INFO  server.RaftServerConfigKeys (ConfUtils.java:logGet(46)) - raft.server.log.segment.size.max = 8KB (=8192) (custom)
2023-10-31 16:06:12,105 [s1-impl-thread1] INFO  server.RaftServerConfigKeys (ConfUtils.java:logGet(46)) - raft.server.log.segment.cache.num.max = 6 (default)
2023-10-31 16:06:12,105 [s1-impl-thread1] INFO  server.RaftServerConfigKeys (ConfUtils.java:logGet(46)) - raft.server.log.segment.cache.size.max = 200MB (=209715200) (default)
2023-10-31 16:06:12,105 [s1-impl-thread1] INFO  server.RaftServerConfigKeys (ConfUtils.java:logGet(46)) - raft.server.log.appender.buffer.byte-limit = 4MB (=4194304) (default)
2023-10-31 16:06:12,106 [s1-impl-thread1] INFO  util.AwaitToRun (AwaitToRun.java:start(81)) - Thread[s1@group-F78B7583022A-cacheEviction-AwaitToRun,5,main] started
2023-10-31 16:06:12,106 [s1-impl-thread1] INFO  segmented.SegmentedRaftLogWorker (SegmentedRaftLogWorker.java:<init>(184)) - new s1@group-F78B7583022A-SegmentedRaftLogWorker for RaftStorageImpl:Storage Directory /home/runner/work/ratis/ratis/ratis-test/target/test/data/3084f93d/MiniRaftClusterWithSimulatedRpce237fa44/s1/69750052-33aa-491b-b994-f78b7583022a
2023-10-31 16:06:12,106 [s1-impl-thread1] INFO  server.RaftServerConfigKeys (ConfUtils.java:logGet(46)) - raft.server.log.queue.byte-limit = 64MB (=67108864) (default)
2023-10-31 16:06:12,106 [s1-impl-thread1] INFO  server.RaftServerConfigKeys (ConfUtils.java:logGet(46)) - raft.server.log.queue.element-limit = 4096 (default)
2023-10-31 16:06:12,106 [s1-impl-thread1] INFO  server.RaftServerConfigKeys (ConfUtils.java:logGet(46)) - raft.server.log.segment.size.max = 8KB (=8192) (custom)
2023-10-31 16:06:12,106 [s1-impl-thread1] INFO  server.RaftServerConfigKeys (ConfUtils.java:logGet(46)) - raft.server.log.preallocated.size = 4MB (=4194304) (default)
2023-10-31 16:06:12,106 [s1-impl-thread1] INFO  server.RaftServerConfigKeys (ConfUtils.java:logGet(46)) - raft.server.log.force.sync.num = 128 (default)
2023-10-31 16:06:12,106 [s1-impl-thread1] INFO  server.RaftServerConfigKeys (ConfUtils.java:logGet(46)) - raft.server.log.statemachine.data.sync = true (default)
2023-10-31 16:06:12,106 [s1-impl-thread1] INFO  server.RaftServerConfigKeys (ConfUtils.java:logGet(46)) - raft.server.log.statemachine.data.sync.timeout = 10s (default)
2023-10-31 16:06:12,106 [s1-impl-thread1] INFO  server.RaftServerConfigKeys (ConfUtils.java:logGet(46)) - raft.server.log.statemachine.data.sync.timeout.retry = -1 (default)
2023-10-31 16:06:12,107 [s1-impl-thread1] INFO  server.RaftServerConfigKeys (ConfUtils.java:logGet(46)) - raft.server.log.write.buffer.size = 64KB (=65536) (default)
2023-10-31 16:06:12,107 [s1-impl-thread1] INFO  server.RaftServerConfigKeys (ConfUtils.java:logGet(46)) - raft.server.log.appender.buffer.byte-limit = 4MB (=4194304) (default)
2023-10-31 16:06:12,108 [s1-impl-thread1] INFO  server.RaftServerConfigKeys (ConfUtils.java:logGet(46)) - raft.server.log.unsafe-flush.enabled = false (default)
2023-10-31 16:06:12,108 [s1-impl-thread1] INFO  server.RaftServerConfigKeys (ConfUtils.java:logGet(46)) - raft.server.log.async-flush.enabled = false (default)
2023-10-31 16:06:12,108 [s1-impl-thread1] INFO  server.RaftServerConfigKeys (ConfUtils.java:logGet(46)) - raft.server.log.statemachine.data.caching.enabled = false (default)
2023-10-31 16:06:12,109 [s1-impl-thread1] INFO  server.RaftServer$Division (ServerState.java:setRaftConf(382)) - s1@group-F78B7583022A: set configuration 0: peers:[s0|localhost:46719, s1|localhost:38495, s2|localhost:42573]|listeners:[], old=null
2023-10-31 16:06:12,109 [s1-impl-thread1] INFO  segmented.LogSegment (LogSegment.java:loadSegment(170)) - Successfully read 1 entries from segment file /home/runner/work/ratis/ratis/ratis-test/target/test/data/3084f93d/MiniRaftClusterWithSimulatedRpce237fa44/s1/69750052-33aa-491b-b994-f78b7583022a/current/log_0-0
2023-10-31 16:06:12,110 [s1-impl-thread1] INFO  segmented.LogSegment (LogSegment.java:loadSegment(170)) - Successfully read 0 entries from segment file /home/runner/work/ratis/ratis/ratis-test/target/test/data/3084f93d/MiniRaftClusterWithSimulatedRpce237fa44/s1/69750052-33aa-491b-b994-f78b7583022a/current/log_inprogress_1
2023-10-31 16:06:12,110 [s1-impl-thread1] TRACE util.FileUtils (LogUtils.java:runAndLog(49)) - Successfully ran Files.delete /home/runner/work/ratis/ratis/ratis-test/target/test/data/3084f93d/MiniRaftClusterWithSimulatedRpce237fa44/s1/69750052-33aa-491b-b994-f78b7583022a/current/log_inprogress_1
2023-10-31 16:06:12,111 [s1-impl-thread1] INFO  segmented.SegmentedRaftLogWorker (SegmentedRaftLogWorker.java:lambda$new$0(135)) - s1@group-F78B7583022A-SegmentedRaftLogWorker: safeCacheEvictIndex: setUnconditionally 0 -> -1
2023-10-31 16:06:12,111 [s1-impl-thread1] INFO  server.RaftServer$Division (RaftServerImpl.java:start(390)) - s1@group-F78B7583022A: start as a follower, conf=1: peers:[s0|localhost:46719, s1|localhost:38495, s2|localhost:42573]|listeners:[], old=null
2023-10-31 16:06:12,111 [s1-impl-thread1] INFO  server.RaftServer$Division (RaftServerImpl.java:setRole(377)) - s1@group-F78B7583022A: changes role from      null to FOLLOWER at term 2 for startAsFollower
2023-10-31 16:06:12,111 [s1-impl-thread1] INFO  impl.RoleInfo (RoleInfo.java:updateAndGet(138)) - s1: start s1@group-F78B7583022A-FollowerState
2023-10-31 16:06:12,112 [s1@group-F78B7583022A-FollowerState] INFO  server.RaftServerConfigKeys (ConfUtils.java:logFallback(53)) - raft.server.rpc.first-election.timeout.min = 150ms (fallback to raft.server.rpc.timeout.min)
2023-10-31 16:06:12,112 [s1@group-F78B7583022A-FollowerState] INFO  server.RaftServerConfigKeys (ConfUtils.java:logFallback(53)) - raft.server.rpc.first-election.timeout.max = 300ms (fallback to raft.server.rpc.timeout.max)
2023-10-31 16:06:12,112 [s1-impl-thread1] INFO  util.JmxRegister (JmxRegister.java:tryRegister(44)) - Successfully registered JMX Bean with object name Ratis:service=RaftServer,group=group-F78B7583022A,id=s1
2023-10-31 16:06:12,112 [s1-impl-thread1] INFO  server.RaftServerConfigKeys (ConfUtils.java:logGet(46)) - raft.server.snapshot.trigger-when-stop.enabled = true (default)
2023-10-31 16:06:12,112 [s1-impl-thread1] INFO  server.RaftServerConfigKeys (ConfUtils.java:logGet(46)) - raft.server.snapshot.auto.trigger.enabled = false (default)
2023-10-31 16:06:12,113 [s1-impl-thread1] INFO  server.RaftServerConfigKeys (ConfUtils.java:logGet(46)) - raft.server.snapshot.retention.file.num = -1 (default)
2023-10-31 16:06:12,113 [s1-impl-thread1] INFO  server.RaftServerConfigKeys (ConfUtils.java:logGet(46)) - raft.server.log.purge.upto.snapshot.index = false (default)
2023-10-31 16:06:12,113 [Time-limited test] INFO  server.RaftServer (RaftServerProxy.java:startImpl(406)) - s1: start RPC server
2023-10-31 16:06:12,114 [Time-limited test] INFO  server.RaftServer (RaftServerProxy.java:lambda$close$9(416)) - s1: close
2023-10-31 16:06:12,114 [JvmPauseMonitor15] INFO  util.JvmPauseMonitor (JvmPauseMonitor.java:run(146)) - JvmPauseMonitor-s1: Started
2023-10-31 16:06:12,114 [s1-impl-thread1] INFO  server.RaftServer$Division (RaftServerImpl.java:lambda$close$3(514)) - s1@group-F78B7583022A: shutdown
2023-10-31 16:06:12,114 [s1-impl-thread1] INFO  util.JmxRegister (JmxRegister.java:unregister(73)) - Successfully un-registered JMX Bean with object name Ratis:service=RaftServer,group=group-F78B7583022A,id=s1
2023-10-31 16:06:12,114 [s1-impl-thread1] INFO  impl.RoleInfo (RoleInfo.java:shutdownFollowerState(109)) - s1: shutdown s1@group-F78B7583022A-FollowerState
2023-10-31 16:06:12,114 [s1-impl-thread1] INFO  impl.StateMachineUpdater (StateMachineUpdater.java:stopAndJoin(157)) - s1@group-F78B7583022A-StateMachineUpdater: set stopIndex = -1
2023-10-31 16:06:12,114 [s1@group-F78B7583022A-FollowerState] INFO  impl.FollowerState (FollowerState.java:run(152)) - s1@group-F78B7583022A-FollowerState was interrupted
2023-10-31 16:06:12,115 [HandlerDaemon-0] INFO  simulation.RequestHandler (RequestHandler.java:run(127)) - s1.clientHandler0 is interrupted by java.io.InterruptedIOException: 
2023-10-31 16:06:12,115 [HandlerDaemon-1] INFO  simulation.RequestHandler (RequestHandler.java:run(127)) - s1.clientHandler1 is interrupted by java.io.InterruptedIOException: 
2023-10-31 16:06:12,115 [HandlerDaemon-2] INFO  simulation.RequestHandler (RequestHandler.java:run(127)) - s1.clientHandler2 is interrupted by java.io.InterruptedIOException: 
2023-10-31 16:06:12,115 [s1-impl-thread1] INFO  server.RaftServer$Division (ServerState.java:close(423)) - s1@group-F78B7583022A: applyIndex: -1
2023-10-31 16:06:12,116 [HandlerDaemon-0] INFO  simulation.RequestHandler (RequestHandler.java:run(127)) - s1.serverHandler0 is interrupted by java.io.InterruptedIOException: 
2023-10-31 16:06:12,116 [s1@group-F78B7583022A-cacheEviction-AwaitToRun] INFO  util.AwaitToRun (AwaitToRun.java:run(49)) - s1@group-F78B7583022A-cacheEviction-AwaitToRun-AwaitForSignal is interrupted
2023-10-31 16:06:12,117 [HandlerDaemon-1] INFO  simulation.RequestHandler (RequestHandler.java:run(127)) - s1.serverHandler1 is interrupted by java.io.InterruptedIOException: 
2023-10-31 16:06:12,117 [HandlerDaemon-2] INFO  simulation.RequestHandler (RequestHandler.java:run(127)) - s1.serverHandler2 is interrupted by java.io.InterruptedIOException: 
2023-10-31 16:06:13,111 [s1-impl-thread1] INFO  segmented.SegmentedRaftLogWorker (SegmentedRaftLogWorker.java:close(243)) - s1@group-F78B7583022A-SegmentedRaftLogWorker close()
2023-10-31 16:06:13,112 [JvmPauseMonitor15] INFO  util.JvmPauseMonitor (JvmPauseMonitor.java:run(152)) - JvmPauseMonitor-s1: Stopped
2023-10-31 16:06:13,113 [Time-limited test] INFO  simulation.TestServerRestartWithSimulatedRpc (ServerRestartTests.java:lambda$assertCorruptedLogHeader$5(222)) - header    = 526166744c6f6731
2023-10-31 16:06:13,114 [Time-limited test] INFO  simulation.TestServerRestartWithSimulatedRpc (ServerRestartTests.java:lambda$assertCorruptedLogHeader$5(225)) - corrupted = 526166744c000000
2023-10-31 16:06:13,114 [Time-limited test] INFO  impl.MiniRaftCluster (MiniRaftCluster.java:killServer(533)) - killServer s1
2023-10-31 16:06:13,114 [Time-limited test] INFO  impl.MiniRaftCluster (MiniRaftCluster.java:newRaftServer(382)) - newRaftServer: s1, group-F78B7583022A:[s0|localhost:46719, s1|localhost:38495, s2|localhost:42573], format? false
2023-10-31 16:06:13,114 [Time-limited test] INFO  server.RaftServer (ConfUtils.java:logGet(46)) - raft.rpc.type = org.apache.ratis.server.simulation.SimulatedRpc (custom)
2023-10-31 16:06:13,114 [Time-limited test] INFO  impl.DataStreamServerImpl (ConfUtils.java:logGet(46)) - raft.datastream.type = DISABLED (default)
2023-10-31 16:06:13,115 [Time-limited test] INFO  server.RaftServerConfigKeys (ConfUtils.java:logGet(46)) - raft.server.sleep.deviation.threshold = 300ms (default)
2023-10-31 16:06:13,115 [Time-limited test] INFO  server.RaftServerConfigKeys (ConfUtils.java:logGet(46)) - raft.server.close.threshold = 60s (default)
2023-10-31 16:06:13,115 [Time-limited test] INFO  server.RaftServerConfigKeys (ConfUtils.java:logGet(46)) - raft.server.leaderelection.leader.step-down.wait-time = 10s (default)
2023-10-31 16:06:13,115 [Time-limited test] INFO  server.RaftServerConfigKeys (ConfUtils.java:logGet(46)) - raft.server.storage.dir = [/home/runner/work/ratis/ratis/ratis-test/target/test/data/3084f93d/MiniRaftClusterWithSimulatedRpce237fa44/s1] (custom)
2023-10-31 16:06:13,115 [Time-limited test] INFO  server.RaftServerConfigKeys (ConfUtils.java:logGet(46)) - raft.server.threadpool.proxy.cached = true (default)
2023-10-31 16:06:13,115 [Time-limited test] INFO  server.RaftServerConfigKeys (ConfUtils.java:logGet(46)) - raft.server.threadpool.proxy.size = 0 (default)
2023-10-31 16:06:13,116 [s1-impl-thread1] INFO  server.RaftServer (RaftServerProxy.java:initGroupDir(264)) - s1: found a subdirectory /home/runner/work/ratis/ratis/ratis-test/target/test/data/3084f93d/MiniRaftClusterWithSimulatedRpce237fa44/s1/69750052-33aa-491b-b994-f78b7583022a
2023-10-31 16:06:13,117 [Time-limited test] INFO  server.RaftServer (RaftServerProxy.java:addNew(100)) - s1: addNew group-F78B7583022A:[s0|localhost:46719, s1|localhost:38495, s2|localhost:42573] returns group-F78B7583022A:java.util.concurrent.CompletableFuture@799a6b01[Not completed]
2023-10-31 16:06:13,117 [s1-groupManagement] INFO  server.RaftServerConfigKeys (ConfUtils.java:logGet(46)) - raft.server.log.segment.size.max = 32MB (=33554432) (default)
2023-10-31 16:06:13,117 [s1-groupManagement] INFO  server.RaftServerConfigKeys (ConfUtils.java:logGet(46)) - raft.server.log.preallocated.size = 4MB (=4194304) (default)
2023-10-31 16:06:13,117 [s1-groupManagement] INFO  server.RaftServerConfigKeys (ConfUtils.java:logGet(46)) - raft.server.log.write.buffer.size = 64KB (=65536) (default)
2023-10-31 16:06:13,118 [s1-groupManagement] INFO  server.RaftServer$Division (RaftServerImpl.java:<init>(255)) - s1: new RaftServerImpl for group-F78B7583022A:[s0|localhost:46719, s1|localhost:38495, s2|localhost:42573] with SimpleStateMachine4Testing:uninitialized
2023-10-31 16:06:13,118 [s1-groupManagement] INFO  server.RaftServerConfigKeys (ConfUtils.java:logGet(46)) - raft.server.rpc.timeout.min = 150ms (default)
2023-10-31 16:06:13,118 [s1-groupManagement] INFO  server.RaftServerConfigKeys (ConfUtils.java:logGet(46)) - raft.server.rpc.timeout.max = 300ms (default)
2023-10-31 16:06:13,118 [s1-groupManagement] INFO  server.RaftServerConfigKeys (ConfUtils.java:logGet(46)) - raft.server.rpc.sleep.time = 25ms (default)
2023-10-31 16:06:13,118 [s1-groupManagement] INFO  server.RaftServerConfigKeys (ConfUtils.java:logGet(46)) - raft.server.rpc.slowness.timeout = 60s (default)
2023-10-31 16:06:13,118 [s1-groupManagement] INFO  server.RaftServerConfigKeys (ConfUtils.java:logGet(46)) - raft.server.leaderelection.leader.step-down.wait-time = 10s (default)
2023-10-31 16:06:13,118 [s1-groupManagement] INFO  server.RaftServerConfigKeys (ConfUtils.java:logGet(46)) - raft.server.sleep.deviation.threshold = 300ms (default)
2023-10-31 16:06:13,118 [s1-groupManagement] INFO  server.RaftServer$Division (ServerState.java:<init>(113)) - s1@group-F78B7583022A: ConfigurationManager, init=-1: peers:[s0|localhost:46719, s1|localhost:38495, s2|localhost:42573]|listeners:[], old=null, confs=<EMPTY_MAP>
2023-10-31 16:06:13,118 [s1-groupManagement] INFO  server.RaftServerConfigKeys (ConfUtils.java:logGet(46)) - raft.server.notification.no-leader.timeout = 60s (default)
2023-10-31 16:06:13,119 [s1-groupManagement] INFO  server.RaftServerConfigKeys (ConfUtils.java:logGet(46)) - raft.server.read.timeout = 10s (default)
2023-10-31 16:06:13,119 [s1-groupManagement] INFO  server.RaftServerConfigKeys (ConfUtils.java:logGet(46)) - raft.server.retrycache.expirytime = 60s (default)
2023-10-31 16:06:13,119 [s1-groupManagement] INFO  server.RaftServerConfigKeys (ConfUtils.java:logGet(46)) - raft.server.retrycache.statistics.expirytime = 100μs (default)
2023-10-31 16:06:13,119 [s1-groupManagement] INFO  server.RaftServerConfigKeys (ConfUtils.java:logGet(46)) - raft.server.read.option = DEFAULT (default)
2023-10-31 16:06:13,119 [s1-groupManagement] INFO  server.RaftServerConfigKeys (ConfUtils.java:logGet(46)) - raft.server.read.read-after-write-consistent.write-index-cache.expiry-time = 60s (default)
2023-10-31 16:06:13,120 [s1-groupManagement] INFO  server.RaftServerConfigKeys (ConfUtils.java:logGet(46)) - raft.server.rpc.request.timeout = 3000ms (default)
2023-10-31 16:06:13,120 [s1-groupManagement] INFO  server.RaftServerConfigKeys (ConfUtils.java:logGet(46)) - raft.server.log.appender.install.snapshot.enabled = true (default)
2023-10-31 16:06:13,120 [s1-groupManagement] INFO  server.RaftServerConfigKeys (ConfUtils.java:logGet(46)) - raft.server.threadpool.server.cached = true (default)
2023-10-31 16:06:13,120 [s1-groupManagement] INFO  server.RaftServerConfigKeys (ConfUtils.java:logGet(46)) - raft.server.threadpool.server.size = 0 (default)
2023-10-31 16:06:13,121 [s1-groupManagement] INFO  server.RaftServerConfigKeys (ConfUtils.java:logGet(46)) - raft.server.threadpool.client.cached = true (default)
2023-10-31 16:06:13,121 [s1-groupManagement] INFO  server.RaftServerConfigKeys (ConfUtils.java:logGet(46)) - raft.server.threadpool.client.size = 0 (default)
2023-10-31 16:06:13,122 [s1-impl-thread1] INFO  server.RaftServerConfigKeys (ConfUtils.java:logGet(46)) - raft.server.storage.free-space.min = 0MB (=0) (default)
2023-10-31 16:06:13,122 [s1-impl-thread1] INFO  server.RaftServerConfigKeys (ConfUtils.java:logGet(46)) - raft.server.log.corruption.policy = EXCEPTION (default)
2023-10-31 16:06:13,122 [s1-impl-thread1] INFO  server.RaftServerConfigKeys (ConfUtils.java:logGet(46)) - raft.server.storage.dir = [/home/runner/work/ratis/ratis/ratis-test/target/test/data/3084f93d/MiniRaftClusterWithSimulatedRpce237fa44/s1] (custom)
2023-10-31 16:06:13,124 [s1-impl-thread1] INFO  storage.RaftStorageDirectory (RaftStorageDirectoryImpl.java:tryLock(232)) - Lock on /home/runner/work/ratis/ratis/ratis-test/target/test/data/3084f93d/MiniRaftClusterWithSimulatedRpce237fa44/s1/69750052-33aa-491b-b994-f78b7583022a/in_use.lock acquired by nodename 3366@fv-az462-937
2023-10-31 16:06:13,124 [s1-impl-thread1] INFO  storage.RaftStorage (RaftStorageImpl.java:analyzeAndRecoverStorage(117)) - Read RaftStorageMetadata{term=2, votedFor=s2} from /home/runner/work/ratis/ratis/ratis-test/target/test/data/3084f93d/MiniRaftClusterWithSimulatedRpce237fa44/s1/69750052-33aa-491b-b994-f78b7583022a/current/raft-meta
2023-10-31 16:06:13,125 [s1-impl-thread1] INFO  server.RaftServer$Division (ServerState.java:setRaftConf(382)) - s1@group-F78B7583022A: set configuration 1: peers:[s0|localhost:46719, s1|localhost:38495, s2|localhost:42573]|listeners:[], old=null
2023-10-31 16:06:13,125 [s1-impl-thread1] INFO  impl.SimpleStateMachine4Testing (SimpleStateMachine4Testing.java:initialize(213)) - Initializing SimpleStateMachine4Testing:uninitialized
2023-10-31 16:06:13,125 [s1-impl-thread1] INFO  impl.SimpleStateMachine4Testing (SimpleStateMachine4Testing.java:loadSnapshot(296)) - Loading snapshot null
2023-10-31 16:06:13,125 [s1-impl-thread1] INFO  server.RaftServerConfigKeys (ConfUtils.java:logGet(46)) - raft.server.log.use.memory = false (default)
2023-10-31 16:06:13,125 [s1-impl-thread1] INFO  server.RaftServerConfigKeys (ConfUtils.java:logGet(46)) - raft.server.log.purge.gap = 1024 (default)
2023-10-31 16:06:13,125 [s1-impl-thread1] INFO  server.RaftServerConfigKeys (ConfUtils.java:logGet(46)) - raft.server.log.appender.buffer.byte-limit = 4MB (=4194304) (default)
2023-10-31 16:06:13,125 [s1-impl-thread1] INFO  server.RaftServerConfigKeys (ConfUtils.java:logGet(46)) - raft.server.log.statemachine.data.read.timeout = 1000ms (default)
2023-10-31 16:06:13,126 [s1-impl-thread1] INFO  server.RaftServerConfigKeys (ConfUtils.java:logGet(46)) - raft.server.log.purge.preservation.log.num = 0 (default)
2023-10-31 16:06:13,126 [s1-impl-thread1] INFO  server.RaftServerConfigKeys (ConfUtils.java:logGet(46)) - raft.server.log.segment.size.max = 8KB (=8192) (custom)
2023-10-31 16:06:13,126 [s1-impl-thread1] INFO  server.RaftServerConfigKeys (ConfUtils.java:logGet(46)) - raft.server.log.segment.cache.num.max = 6 (default)
2023-10-31 16:06:13,126 [s1-impl-thread1] INFO  server.RaftServerConfigKeys (ConfUtils.java:logGet(46)) - raft.server.log.segment.cache.size.max = 200MB (=209715200) (default)
2023-10-31 16:06:13,126 [s1-impl-thread1] INFO  server.RaftServerConfigKeys (ConfUtils.java:logGet(46)) - raft.server.log.appender.buffer.byte-limit = 4MB (=4194304) (default)
2023-10-31 16:06:13,127 [s1-impl-thread1] INFO  util.AwaitToRun (AwaitToRun.java:start(81)) - Thread[s1@group-F78B7583022A-cacheEviction-AwaitToRun,5,main] started
2023-10-31 16:06:13,127 [s1-impl-thread1] INFO  segmented.SegmentedRaftLogWorker (SegmentedRaftLogWorker.java:<init>(184)) - new s1@group-F78B7583022A-SegmentedRaftLogWorker for RaftStorageImpl:Storage Directory /home/runner/work/ratis/ratis/ratis-test/target/test/data/3084f93d/MiniRaftClusterWithSimulatedRpce237fa44/s1/69750052-33aa-491b-b994-f78b7583022a
2023-10-31 16:06:13,127 [s1-impl-thread1] INFO  server.RaftServerConfigKeys (ConfUtils.java:logGet(46)) - raft.server.log.queue.byte-limit = 64MB (=67108864) (default)
2023-10-31 16:06:13,127 [s1-impl-thread1] INFO  server.RaftServerConfigKeys (ConfUtils.java:logGet(46)) - raft.server.log.queue.element-limit = 4096 (default)
2023-10-31 16:06:13,127 [s1-impl-thread1] INFO  server.RaftServerConfigKeys (ConfUtils.java:logGet(46)) - raft.server.log.segment.size.max = 8KB (=8192) (custom)
2023-10-31 16:06:13,127 [s1-impl-thread1] INFO  server.RaftServerConfigKeys (ConfUtils.java:logGet(46)) - raft.server.log.preallocated.size = 4MB (=4194304) (default)
2023-10-31 16:06:13,127 [s1-impl-thread1] INFO  server.RaftServerConfigKeys (ConfUtils.java:logGet(46)) - raft.server.log.force.sync.num = 128 (default)
2023-10-31 16:06:13,127 [s1-impl-thread1] INFO  server.RaftServerConfigKeys (ConfUtils.java:logGet(46)) - raft.server.log.statemachine.data.sync = true (default)
2023-10-31 16:06:13,128 [s1-impl-thread1] INFO  server.RaftServerConfigKeys (ConfUtils.java:logGet(46)) - raft.server.log.statemachine.data.sync.timeout = 10s (default)
2023-10-31 16:06:13,128 [s1-impl-thread1] INFO  server.RaftServerConfigKeys (ConfUtils.java:logGet(46)) - raft.server.log.statemachine.data.sync.timeout.retry = -1 (default)
2023-10-31 16:06:13,128 [s1-impl-thread1] INFO  server.RaftServerConfigKeys (ConfUtils.java:logGet(46)) - raft.server.log.write.buffer.size = 64KB (=65536) (default)
2023-10-31 16:06:13,128 [s1-impl-thread1] INFO  server.RaftServerConfigKeys (ConfUtils.java:logGet(46)) - raft.server.log.appender.buffer.byte-limit = 4MB (=4194304) (default)
2023-10-31 16:06:13,129 [s1-impl-thread1] INFO  server.RaftServerConfigKeys (ConfUtils.java:logGet(46)) - raft.server.log.unsafe-flush.enabled = false (default)
2023-10-31 16:06:13,129 [s1-impl-thread1] INFO  server.RaftServerConfigKeys (ConfUtils.java:logGet(46)) - raft.server.log.async-flush.enabled = false (default)
2023-10-31 16:06:13,129 [s1-impl-thread1] INFO  server.RaftServerConfigKeys (ConfUtils.java:logGet(46)) - raft.server.log.statemachine.data.caching.enabled = false (default)
2023-10-31 16:06:13,130 [s1-impl-thread1] INFO  server.RaftServer$Division (ServerState.java:setRaftConf(382)) - s1@group-F78B7583022A: set configuration 0: peers:[s0|localhost:46719, s1|localhost:38495, s2|localhost:42573]|listeners:[], old=null
2023-10-31 16:06:13,130 [s1-impl-thread1] INFO  segmented.LogSegment (LogSegment.java:loadSegment(170)) - Successfully read 1 entries from segment file /home/runner/work/ratis/ratis/ratis-test/target/test/data/3084f93d/MiniRaftClusterWithSimulatedRpce237fa44/s1/69750052-33aa-491b-b994-f78b7583022a/current/log_0-0
2023-10-31 16:06:13,131 [s1-impl-thread1] INFO  segmented.LogSegment (LogSegment.java:loadSegment(170)) - Successfully read 0 entries from segment file /home/runner/work/ratis/ratis/ratis-test/target/test/data/3084f93d/MiniRaftClusterWithSimulatedRpce237fa44/s1/69750052-33aa-491b-b994-f78b7583022a/current/log_inprogress_1
2023-10-31 16:06:13,131 [s1-impl-thread1] TRACE util.FileUtils (LogUtils.java:runAndLog(49)) - Successfully ran Files.delete /home/runner/work/ratis/ratis/ratis-test/target/test/data/3084f93d/MiniRaftClusterWithSimulatedRpce237fa44/s1/69750052-33aa-491b-b994-f78b7583022a/current/log_inprogress_1
2023-10-31 16:06:13,131 [s1-impl-thread1] INFO  segmented.SegmentedRaftLogWorker (SegmentedRaftLogWorker.java:lambda$new$0(135)) - s1@group-F78B7583022A-SegmentedRaftLogWorker: safeCacheEvictIndex: setUnconditionally 0 -> -1
2023-10-31 16:06:13,131 [s1-impl-thread1] INFO  server.RaftServer$Division (RaftServerImpl.java:start(390)) - s1@group-F78B7583022A: start as a follower, conf=1: peers:[s0|localhost:46719, s1|localhost:38495, s2|localhost:42573]|listeners:[], old=null
2023-10-31 16:06:13,131 [s1-impl-thread1] INFO  server.RaftServer$Division (RaftServerImpl.java:setRole(377)) - s1@group-F78B7583022A: changes role from      null to FOLLOWER at term 2 for startAsFollower
2023-10-31 16:06:13,131 [s1-impl-thread1] INFO  impl.RoleInfo (RoleInfo.java:updateAndGet(138)) - s1: start s1@group-F78B7583022A-FollowerState
2023-10-31 16:06:13,132 [s1@group-F78B7583022A-FollowerState] INFO  server.RaftServerConfigKeys (ConfUtils.java:logFallback(53)) - raft.server.rpc.first-election.timeout.min = 150ms (fallback to raft.server.rpc.timeout.min)
2023-10-31 16:06:13,132 [s1-impl-thread1] INFO  util.JmxRegister (JmxRegister.java:tryRegister(44)) - Successfully registered JMX Bean with object name Ratis:service=RaftServer,group=group-F78B7583022A,id=s1
2023-10-31 16:06:13,132 [s1@group-F78B7583022A-FollowerState] INFO  server.RaftServerConfigKeys (ConfUtils.java:logFallback(53)) - raft.server.rpc.first-election.timeout.max = 300ms (fallback to raft.server.rpc.timeout.max)
2023-10-31 16:06:13,132 [s1-impl-thread1] INFO  server.RaftServerConfigKeys (ConfUtils.java:logGet(46)) - raft.server.snapshot.trigger-when-stop.enabled = true (default)
2023-10-31 16:06:13,132 [s1-impl-thread1] INFO  server.RaftServerConfigKeys (ConfUtils.java:logGet(46)) - raft.server.snapshot.auto.trigger.enabled = false (default)
2023-10-31 16:06:13,132 [s1-impl-thread1] INFO  server.RaftServerConfigKeys (ConfUtils.java:logGet(46)) - raft.server.snapshot.retention.file.num = -1 (default)
2023-10-31 16:06:13,132 [s1-impl-thread1] INFO  server.RaftServerConfigKeys (ConfUtils.java:logGet(46)) - raft.server.log.purge.upto.snapshot.index = false (default)
2023-10-31 16:06:13,133 [Time-limited test] INFO  server.RaftServer (RaftServerProxy.java:startImpl(406)) - s1: start RPC server
2023-10-31 16:06:13,135 [Time-limited test] INFO  server.RaftServer (RaftServerProxy.java:lambda$close$9(416)) - s1: close
2023-10-31 16:06:13,135 [JvmPauseMonitor16] INFO  util.JvmPauseMonitor (JvmPauseMonitor.java:run(146)) - JvmPauseMonitor-s1: Started
2023-10-31 16:06:13,135 [HandlerDaemon-0] INFO  simulation.RequestHandler (RequestHandler.java:run(127)) - s1.clientHandler0 is interrupted by java.io.InterruptedIOException: 
2023-10-31 16:06:13,136 [HandlerDaemon-1] INFO  simulation.RequestHandler (RequestHandler.java:run(127)) - s1.clientHandler1 is interrupted by java.io.InterruptedIOException: 
2023-10-31 16:06:13,136 [s1-impl-thread1] INFO  server.RaftServer$Division (RaftServerImpl.java:lambda$close$3(514)) - s1@group-F78B7583022A: shutdown
2023-10-31 16:06:13,136 [s1-impl-thread1] INFO  util.JmxRegister (JmxRegister.java:unregister(73)) - Successfully un-registered JMX Bean with object name Ratis:service=RaftServer,group=group-F78B7583022A,id=s1
2023-10-31 16:06:13,136 [s1-impl-thread1] INFO  impl.RoleInfo (RoleInfo.java:shutdownFollowerState(109)) - s1: shutdown s1@group-F78B7583022A-FollowerState
2023-10-31 16:06:13,136 [s1-impl-thread1] INFO  impl.StateMachineUpdater (StateMachineUpdater.java:stopAndJoin(157)) - s1@group-F78B7583022A-StateMachineUpdater: set stopIndex = -1
2023-10-31 16:06:13,136 [s1@group-F78B7583022A-FollowerState] INFO  impl.FollowerState (FollowerState.java:run(152)) - s1@group-F78B7583022A-FollowerState was interrupted
2023-10-31 16:06:13,137 [HandlerDaemon-2] INFO  simulation.RequestHandler (RequestHandler.java:run(127)) - s1.clientHandler2 is interrupted by java.io.InterruptedIOException: 
2023-10-31 16:06:13,137 [HandlerDaemon-0] INFO  simulation.RequestHandler (RequestHandler.java:run(127)) - s1.serverHandler0 is interrupted by java.io.InterruptedIOException: 
2023-10-31 16:06:13,137 [s1-impl-thread1] INFO  server.RaftServer$Division (ServerState.java:close(423)) - s1@group-F78B7583022A: applyIndex: -1
2023-10-31 16:06:13,137 [HandlerDaemon-2] INFO  simulation.RequestHandler (RequestHandler.java:run(127)) - s1.serverHandler2 is interrupted by java.io.InterruptedIOException: 
2023-10-31 16:06:13,137 [s1@group-F78B7583022A-cacheEviction-AwaitToRun] INFO  util.AwaitToRun (AwaitToRun.java:run(49)) - s1@group-F78B7583022A-cacheEviction-AwaitToRun-AwaitForSignal is interrupted
2023-10-31 16:06:13,137 [HandlerDaemon-1] INFO  simulation.RequestHandler (RequestHandler.java:run(127)) - s1.serverHandler1 is interrupted by java.io.InterruptedIOException: 
2023-10-31 16:06:14,132 [s1-impl-thread1] INFO  segmented.SegmentedRaftLogWorker (SegmentedRaftLogWorker.java:close(243)) - s1@group-F78B7583022A-SegmentedRaftLogWorker close()
2023-10-31 16:06:14,133 [JvmPauseMonitor16] INFO  util.JvmPauseMonitor (JvmPauseMonitor.java:run(152)) - JvmPauseMonitor-s1: Stopped
2023-10-31 16:06:14,133 [Time-limited test] INFO  simulation.TestServerRestartWithSimulatedRpc (ServerRestartTests.java:lambda$assertCorruptedLogHeader$5(222)) - header    = 526166744c6f6731
2023-10-31 16:06:14,134 [Time-limited test] INFO  simulation.TestServerRestartWithSimulatedRpc (ServerRestartTests.java:lambda$assertCorruptedLogHeader$5(225)) - corrupted = 526166744c6f0000
2023-10-31 16:06:14,134 [Time-limited test] INFO  impl.MiniRaftCluster (MiniRaftCluster.java:killServer(533)) - killServer s1
2023-10-31 16:06:14,134 [Time-limited test] INFO  impl.MiniRaftCluster (MiniRaftCluster.java:newRaftServer(382)) - newRaftServer: s1, group-F78B7583022A:[s0|localhost:46719, s1|localhost:38495, s2|localhost:42573], format? false
2023-10-31 16:06:14,134 [Time-limited test] INFO  server.RaftServer (ConfUtils.java:logGet(46)) - raft.rpc.type = org.apache.ratis.server.simulation.SimulatedRpc (custom)
2023-10-31 16:06:14,134 [Time-limited test] INFO  impl.DataStreamServerImpl (ConfUtils.java:logGet(46)) - raft.datastream.type = DISABLED (default)
2023-10-31 16:06:14,135 [Time-limited test] INFO  server.RaftServerConfigKeys (ConfUtils.java:logGet(46)) - raft.server.sleep.deviation.threshold = 300ms (default)
2023-10-31 16:06:14,135 [Time-limited test] INFO  server.RaftServerConfigKeys (ConfUtils.java:logGet(46)) - raft.server.close.threshold = 60s (default)
2023-10-31 16:06:14,135 [Time-limited test] INFO  server.RaftServerConfigKeys (ConfUtils.java:logGet(46)) - raft.server.leaderelection.leader.step-down.wait-time = 10s (default)
2023-10-31 16:06:14,135 [Time-limited test] INFO  server.RaftServerConfigKeys (ConfUtils.java:logGet(46)) - raft.server.storage.dir = [/home/runner/work/ratis/ratis/ratis-test/target/test/data/3084f93d/MiniRaftClusterWithSimulatedRpce237fa44/s1] (custom)
2023-10-31 16:06:14,135 [Time-limited test] INFO  server.RaftServerConfigKeys (ConfUtils.java:logGet(46)) - raft.server.threadpool.proxy.cached = true (default)
2023-10-31 16:06:14,135 [Time-limited test] INFO  server.RaftServerConfigKeys (ConfUtils.java:logGet(46)) - raft.server.threadpool.proxy.size = 0 (default)
2023-10-31 16:06:14,136 [s1-impl-thread1] INFO  server.RaftServer (RaftServerProxy.java:initGroupDir(264)) - s1: found a subdirectory /home/runner/work/ratis/ratis/ratis-test/target/test/data/3084f93d/MiniRaftClusterWithSimulatedRpce237fa44/s1/69750052-33aa-491b-b994-f78b7583022a
2023-10-31 16:06:14,136 [Time-limited test] INFO  server.RaftServer (RaftServerProxy.java:addNew(100)) - s1: addNew group-F78B7583022A:[s0|localhost:46719, s1|localhost:38495, s2|localhost:42573] returns group-F78B7583022A:java.util.concurrent.CompletableFuture@75811191[Not completed]
2023-10-31 16:06:14,137 [s1-groupManagement] INFO  server.RaftServerConfigKeys (ConfUtils.java:logGet(46)) - raft.server.log.segment.size.max = 32MB (=33554432) (default)
2023-10-31 16:06:14,137 [s1-groupManagement] INFO  server.RaftServerConfigKeys (ConfUtils.java:logGet(46)) - raft.server.log.preallocated.size = 4MB (=4194304) (default)
2023-10-31 16:06:14,137 [s1-groupManagement] INFO  server.RaftServerConfigKeys (ConfUtils.java:logGet(46)) - raft.server.log.write.buffer.size = 64KB (=65536) (default)
2023-10-31 16:06:14,137 [s1-groupManagement] INFO  server.RaftServer$Division (RaftServerImpl.java:<init>(255)) - s1: new RaftServerImpl for group-F78B7583022A:[s0|localhost:46719, s1|localhost:38495, s2|localhost:42573] with SimpleStateMachine4Testing:uninitialized
2023-10-31 16:06:14,137 [s1-groupManagement] INFO  server.RaftServerConfigKeys (ConfUtils.java:logGet(46)) - raft.server.rpc.timeout.min = 150ms (default)
2023-10-31 16:06:14,137 [s1-groupManagement] INFO  server.RaftServerConfigKeys (ConfUtils.java:logGet(46)) - raft.server.rpc.timeout.max = 300ms (default)
2023-10-31 16:06:14,137 [s1-groupManagement] INFO  server.RaftServerConfigKeys (ConfUtils.java:logGet(46)) - raft.server.rpc.sleep.time = 25ms (default)
2023-10-31 16:06:14,137 [s1-groupManagement] INFO  server.RaftServerConfigKeys (ConfUtils.java:logGet(46)) - raft.server.rpc.slowness.timeout = 60s (default)
2023-10-31 16:06:14,138 [s1-groupManagement] INFO  server.RaftServerConfigKeys (ConfUtils.java:logGet(46)) - raft.server.leaderelection.leader.step-down.wait-time = 10s (default)
2023-10-31 16:06:14,138 [s1-groupManagement] INFO  server.RaftServerConfigKeys (ConfUtils.java:logGet(46)) - raft.server.sleep.deviation.threshold = 300ms (default)
2023-10-31 16:06:14,138 [s1-groupManagement] INFO  server.RaftServer$Division (ServerState.java:<init>(113)) - s1@group-F78B7583022A: ConfigurationManager, init=-1: peers:[s0|localhost:46719, s1|localhost:38495, s2|localhost:42573]|listeners:[], old=null, confs=<EMPTY_MAP>
2023-10-31 16:06:14,138 [s1-groupManagement] INFO  server.RaftServerConfigKeys (ConfUtils.java:logGet(46)) - raft.server.notification.no-leader.timeout = 60s (default)
2023-10-31 16:06:14,138 [s1-groupManagement] INFO  server.RaftServerConfigKeys (ConfUtils.java:logGet(46)) - raft.server.read.timeout = 10s (default)
2023-10-31 16:06:14,138 [s1-groupManagement] INFO  server.RaftServerConfigKeys (ConfUtils.java:logGet(46)) - raft.server.retrycache.expirytime = 60s (default)
2023-10-31 16:06:14,138 [s1-groupManagement] INFO  server.RaftServerConfigKeys (ConfUtils.java:logGet(46)) - raft.server.retrycache.statistics.expirytime = 100μs (default)
2023-10-31 16:06:14,138 [s1-groupManagement] INFO  server.RaftServerConfigKeys (ConfUtils.java:logGet(46)) - raft.server.read.option = DEFAULT (default)
2023-10-31 16:06:14,138 [s1-groupManagement] INFO  server.RaftServerConfigKeys (ConfUtils.java:logGet(46)) - raft.server.read.read-after-write-consistent.write-index-cache.expiry-time = 60s (default)
2023-10-31 16:06:14,139 [s1-groupManagement] INFO  server.RaftServerConfigKeys (ConfUtils.java:logGet(46)) - raft.server.rpc.request.timeout = 3000ms (default)
2023-10-31 16:06:14,140 [s1-groupManagement] INFO  server.RaftServerConfigKeys (ConfUtils.java:logGet(46)) - raft.server.log.appender.install.snapshot.enabled = true (default)
2023-10-31 16:06:14,140 [s1-groupManagement] INFO  server.RaftServerConfigKeys (ConfUtils.java:logGet(46)) - raft.server.threadpool.server.cached = true (default)
2023-10-31 16:06:14,140 [s1-groupManagement] INFO  server.RaftServerConfigKeys (ConfUtils.java:logGet(46)) - raft.server.threadpool.server.size = 0 (default)
2023-10-31 16:06:14,140 [s1-groupManagement] INFO  server.RaftServerConfigKeys (ConfUtils.java:logGet(46)) - raft.server.threadpool.client.cached = true (default)
2023-10-31 16:06:14,140 [s1-groupManagement] INFO  server.RaftServerConfigKeys (ConfUtils.java:logGet(46)) - raft.server.threadpool.client.size = 0 (default)
2023-10-31 16:06:14,141 [s1-impl-thread1] INFO  server.RaftServerConfigKeys (ConfUtils.java:logGet(46)) - raft.server.storage.free-space.min = 0MB (=0) (default)
2023-10-31 16:06:14,141 [s1-impl-thread1] INFO  server.RaftServerConfigKeys (ConfUtils.java:logGet(46)) - raft.server.log.corruption.policy = EXCEPTION (default)
2023-10-31 16:06:14,142 [s1-impl-thread1] INFO  server.RaftServerConfigKeys (ConfUtils.java:logGet(46)) - raft.server.storage.dir = [/home/runner/work/ratis/ratis/ratis-test/target/test/data/3084f93d/MiniRaftClusterWithSimulatedRpce237fa44/s1] (custom)
2023-10-31 16:06:14,147 [s1-impl-thread1] INFO  storage.RaftStorageDirectory (RaftStorageDirectoryImpl.java:tryLock(232)) - Lock on /home/runner/work/ratis/ratis/ratis-test/target/test/data/3084f93d/MiniRaftClusterWithSimulatedRpce237fa44/s1/69750052-33aa-491b-b994-f78b7583022a/in_use.lock acquired by nodename 3366@fv-az462-937
2023-10-31 16:06:14,147 [s1-impl-thread1] INFO  storage.RaftStorage (RaftStorageImpl.java:analyzeAndRecoverStorage(117)) - Read RaftStorageMetadata{term=2, votedFor=s2} from /home/runner/work/ratis/ratis/ratis-test/target/test/data/3084f93d/MiniRaftClusterWithSimulatedRpce237fa44/s1/69750052-33aa-491b-b994-f78b7583022a/current/raft-meta
2023-10-31 16:06:14,148 [s1-impl-thread1] INFO  server.RaftServer$Division (ServerState.java:setRaftConf(382)) - s1@group-F78B7583022A: set configuration 1: peers:[s0|localhost:46719, s1|localhost:38495, s2|localhost:42573]|listeners:[], old=null
2023-10-31 16:06:14,148 [s1-impl-thread1] INFO  impl.SimpleStateMachine4Testing (SimpleStateMachine4Testing.java:initialize(213)) - Initializing SimpleStateMachine4Testing:uninitialized
2023-10-31 16:06:14,148 [s1-impl-thread1] INFO  impl.SimpleStateMachine4Testing (SimpleStateMachine4Testing.java:loadSnapshot(296)) - Loading snapshot null
2023-10-31 16:06:14,148 [s1-impl-thread1] INFO  server.RaftServerConfigKeys (ConfUtils.java:logGet(46)) - raft.server.log.use.memory = false (default)
2023-10-31 16:06:14,148 [s1-impl-thread1] INFO  server.RaftServerConfigKeys (ConfUtils.java:logGet(46)) - raft.server.log.purge.gap = 1024 (default)
2023-10-31 16:06:14,148 [s1-impl-thread1] INFO  server.RaftServerConfigKeys (ConfUtils.java:logGet(46)) - raft.server.log.appender.buffer.byte-limit = 4MB (=4194304) (default)
2023-10-31 16:06:14,148 [s1-impl-thread1] INFO  server.RaftServerConfigKeys (ConfUtils.java:logGet(46)) - raft.server.log.statemachine.data.read.timeout = 1000ms (default)
2023-10-31 16:06:14,148 [s1-impl-thread1] INFO  server.RaftServerConfigKeys (ConfUtils.java:logGet(46)) - raft.server.log.purge.preservation.log.num = 0 (default)
2023-10-31 16:06:14,149 [s1-impl-thread1] INFO  server.RaftServerConfigKeys (ConfUtils.java:logGet(46)) - raft.server.log.segment.size.max = 8KB (=8192) (custom)
2023-10-31 16:06:14,149 [s1-impl-thread1] INFO  server.RaftServerConfigKeys (ConfUtils.java:logGet(46)) - raft.server.log.segment.cache.num.max = 6 (default)
2023-10-31 16:06:14,149 [s1-impl-thread1] INFO  server.RaftServerConfigKeys (ConfUtils.java:logGet(46)) - raft.server.log.segment.cache.size.max = 200MB (=209715200) (default)
2023-10-31 16:06:14,149 [s1-impl-thread1] INFO  server.RaftServerConfigKeys (ConfUtils.java:logGet(46)) - raft.server.log.appender.buffer.byte-limit = 4MB (=4194304) (default)
2023-10-31 16:06:14,150 [s1-impl-thread1] INFO  util.AwaitToRun (AwaitToRun.java:start(81)) - Thread[s1@group-F78B7583022A-cacheEviction-AwaitToRun,5,main] started
2023-10-31 16:06:14,150 [s1-impl-thread1] INFO  segmented.SegmentedRaftLogWorker (SegmentedRaftLogWorker.java:<init>(184)) - new s1@group-F78B7583022A-SegmentedRaftLogWorker for RaftStorageImpl:Storage Directory /home/runner/work/ratis/ratis/ratis-test/target/test/data/3084f93d/MiniRaftClusterWithSimulatedRpce237fa44/s1/69750052-33aa-491b-b994-f78b7583022a
2023-10-31 16:06:14,150 [s1-impl-thread1] INFO  server.RaftServerConfigKeys (ConfUtils.java:logGet(46)) - raft.server.log.queue.byte-limit = 64MB (=67108864) (default)
2023-10-31 16:06:14,150 [s1-impl-thread1] INFO  server.RaftServerConfigKeys (ConfUtils.java:logGet(46)) - raft.server.log.queue.element-limit = 4096 (default)
2023-10-31 16:06:14,150 [s1-impl-thread1] INFO  server.RaftServerConfigKeys (ConfUtils.java:logGet(46)) - raft.server.log.segment.size.max = 8KB (=8192) (custom)
2023-10-31 16:06:14,150 [s1-impl-thread1] INFO  server.RaftServerConfigKeys (ConfUtils.java:logGet(46)) - raft.server.log.preallocated.size = 4MB (=4194304) (default)
2023-10-31 16:06:14,150 [s1-impl-thread1] INFO  server.RaftServerConfigKeys (ConfUtils.java:logGet(46)) - raft.server.log.force.sync.num = 128 (default)
2023-10-31 16:06:14,150 [s1-impl-thread1] INFO  server.RaftServerConfigKeys (ConfUtils.java:logGet(46)) - raft.server.log.statemachine.data.sync = true (default)
2023-10-31 16:06:14,150 [s1-impl-thread1] INFO  server.RaftServerConfigKeys (ConfUtils.java:logGet(46)) - raft.server.log.statemachine.data.sync.timeout = 10s (default)
2023-10-31 16:06:14,150 [s1-impl-thread1] INFO  server.RaftServerConfigKeys (ConfUtils.java:logGet(46)) - raft.server.log.statemachine.data.sync.timeout.retry = -1 (default)
2023-10-31 16:06:14,151 [s1-impl-thread1] INFO  server.RaftServerConfigKeys (ConfUtils.java:logGet(46)) - raft.server.log.write.buffer.size = 64KB (=65536) (default)
2023-10-31 16:06:14,151 [s1-impl-thread1] INFO  server.RaftServerConfigKeys (ConfUtils.java:logGet(46)) - raft.server.log.appender.buffer.byte-limit = 4MB (=4194304) (default)
2023-10-31 16:06:14,152 [s1-impl-thread1] INFO  server.RaftServerConfigKeys (ConfUtils.java:logGet(46)) - raft.server.log.unsafe-flush.enabled = false (default)
2023-10-31 16:06:14,152 [s1-impl-thread1] INFO  server.RaftServerConfigKeys (ConfUtils.java:logGet(46)) - raft.server.log.async-flush.enabled = false (default)
2023-10-31 16:06:14,152 [s1-impl-thread1] INFO  server.RaftServerConfigKeys (ConfUtils.java:logGet(46)) - raft.server.log.statemachine.data.caching.enabled = false (default)
2023-10-31 16:06:14,154 [s1-impl-thread1] INFO  server.RaftServer$Division (ServerState.java:setRaftConf(382)) - s1@group-F78B7583022A: set configuration 0: peers:[s0|localhost:46719, s1|localhost:38495, s2|localhost:42573]|listeners:[], old=null
2023-10-31 16:06:14,155 [s1-impl-thread1] INFO  segmented.LogSegment (LogSegment.java:loadSegment(170)) - Successfully read 1 entries from segment file /home/runner/work/ratis/ratis/ratis-test/target/test/data/3084f93d/MiniRaftClusterWithSimulatedRpce237fa44/s1/69750052-33aa-491b-b994-f78b7583022a/current/log_0-0
2023-10-31 16:06:14,155 [s1-impl-thread1] INFO  segmented.LogSegment (LogSegment.java:loadSegment(170)) - Successfully read 0 entries from segment file /home/runner/work/ratis/ratis/ratis-test/target/test/data/3084f93d/MiniRaftClusterWithSimulatedRpce237fa44/s1/69750052-33aa-491b-b994-f78b7583022a/current/log_inprogress_1
2023-10-31 16:06:14,155 [s1-impl-thread1] TRACE util.FileUtils (LogUtils.java:runAndLog(49)) - Successfully ran Files.delete /home/runner/work/ratis/ratis/ratis-test/target/test/data/3084f93d/MiniRaftClusterWithSimulatedRpce237fa44/s1/69750052-33aa-491b-b994-f78b7583022a/current/log_inprogress_1
2023-10-31 16:06:14,155 [s1-impl-thread1] INFO  segmented.SegmentedRaftLogWorker (SegmentedRaftLogWorker.java:lambda$new$0(135)) - s1@group-F78B7583022A-SegmentedRaftLogWorker: safeCacheEvictIndex: setUnconditionally 0 -> -1
2023-10-31 16:06:14,155 [s1-impl-thread1] INFO  server.RaftServer$Division (RaftServerImpl.java:start(390)) - s1@group-F78B7583022A: start as a follower, conf=1: peers:[s0|localhost:46719, s1|localhost:38495, s2|localhost:42573]|listeners:[], old=null
2023-10-31 16:06:14,155 [s1-impl-thread1] INFO  server.RaftServer$Division (RaftServerImpl.java:setRole(377)) - s1@group-F78B7583022A: changes role from      null to FOLLOWER at term 2 for startAsFollower
2023-10-31 16:06:14,155 [s1-impl-thread1] INFO  impl.RoleInfo (RoleInfo.java:updateAndGet(138)) - s1: start s1@group-F78B7583022A-FollowerState
2023-10-31 16:06:14,156 [s1-impl-thread1] INFO  util.JmxRegister (JmxRegister.java:tryRegister(44)) - Successfully registered JMX Bean with object name Ratis:service=RaftServer,group=group-F78B7583022A,id=s1
2023-10-31 16:06:14,156 [s1-impl-thread1] INFO  server.RaftServerConfigKeys (ConfUtils.java:logGet(46)) - raft.server.snapshot.trigger-when-stop.enabled = true (default)
2023-10-31 16:06:14,156 [s1-impl-thread1] INFO  server.RaftServerConfigKeys (ConfUtils.java:logGet(46)) - raft.server.snapshot.auto.trigger.enabled = false (default)
2023-10-31 16:06:14,156 [s1-impl-thread1] INFO  server.RaftServerConfigKeys (ConfUtils.java:logGet(46)) - raft.server.snapshot.retention.file.num = -1 (default)
2023-10-31 16:06:14,157 [s1-impl-thread1] INFO  server.RaftServerConfigKeys (ConfUtils.java:logGet(46)) - raft.server.log.purge.upto.snapshot.index = false (default)
2023-10-31 16:06:14,157 [s1@group-F78B7583022A-FollowerState] INFO  server.RaftServerConfigKeys (ConfUtils.java:logFallback(53)) - raft.server.rpc.first-election.timeout.min = 150ms (fallback to raft.server.rpc.timeout.min)
2023-10-31 16:06:14,157 [s1@group-F78B7583022A-FollowerState] INFO  server.RaftServerConfigKeys (ConfUtils.java:logFallback(53)) - raft.server.rpc.first-election.timeout.max = 300ms (fallback to raft.server.rpc.timeout.max)
2023-10-31 16:06:14,157 [Time-limited test] INFO  server.RaftServer (RaftServerProxy.java:startImpl(406)) - s1: start RPC server
2023-10-31 16:06:14,162 [Time-limited test] INFO  server.RaftServer (RaftServerProxy.java:lambda$close$9(416)) - s1: close
2023-10-31 16:06:14,162 [JvmPauseMonitor17] INFO  util.JvmPauseMonitor (JvmPauseMonitor.java:run(146)) - JvmPauseMonitor-s1: Started
2023-10-31 16:06:14,163 [HandlerDaemon-2] INFO  simulation.RequestHandler (RequestHandler.java:run(127)) - s1.clientHandler2 is interrupted by java.io.InterruptedIOException: 
2023-10-31 16:06:14,163 [HandlerDaemon-1] INFO  simulation.RequestHandler (RequestHandler.java:run(127)) - s1.clientHandler1 is interrupted by java.io.InterruptedIOException: 
2023-10-31 16:06:14,162 [HandlerDaemon-0] INFO  simulation.RequestHandler (RequestHandler.java:run(127)) - s1.clientHandler0 is interrupted by java.io.InterruptedIOException: 
2023-10-31 16:06:14,162 [s1-impl-thread1] INFO  server.RaftServer$Division (RaftServerImpl.java:lambda$close$3(514)) - s1@group-F78B7583022A: shutdown
2023-10-31 16:06:14,164 [s1-impl-thread1] INFO  util.JmxRegister (JmxRegister.java:unregister(73)) - Successfully un-registered JMX Bean with object name Ratis:service=RaftServer,group=group-F78B7583022A,id=s1
2023-10-31 16:06:14,164 [s1-impl-thread1] INFO  impl.RoleInfo (RoleInfo.java:shutdownFollowerState(109)) - s1: shutdown s1@group-F78B7583022A-FollowerState
2023-10-31 16:06:14,164 [s1-impl-thread1] INFO  impl.StateMachineUpdater (StateMachineUpdater.java:stopAndJoin(157)) - s1@group-F78B7583022A-StateMachineUpdater: set stopIndex = -1
2023-10-31 16:06:14,164 [s1@group-F78B7583022A-FollowerState] INFO  impl.FollowerState (FollowerState.java:run(152)) - s1@group-F78B7583022A-FollowerState was interrupted
2023-10-31 16:06:14,164 [s1-impl-thread1] INFO  server.RaftServer$Division (ServerState.java:close(423)) - s1@group-F78B7583022A: applyIndex: -1
2023-10-31 16:06:14,165 [s1@group-F78B7583022A-cacheEviction-AwaitToRun] INFO  util.AwaitToRun (AwaitToRun.java:run(49)) - s1@group-F78B7583022A-cacheEviction-AwaitToRun-AwaitForSignal is interrupted
2023-10-31 16:06:14,165 [HandlerDaemon-1] INFO  simulation.RequestHandler (RequestHandler.java:run(127)) - s1.serverHandler1 is interrupted by java.io.InterruptedIOException: 
2023-10-31 16:06:14,165 [HandlerDaemon-2] INFO  simulation.RequestHandler (RequestHandler.java:run(127)) - s1.serverHandler2 is interrupted by java.io.InterruptedIOException: 
2023-10-31 16:06:14,166 [HandlerDaemon-0] INFO  simulation.RequestHandler (RequestHandler.java:run(127)) - s1.serverHandler0 is interrupted by java.io.InterruptedIOException: 
2023-10-31 16:06:15,156 [s1-impl-thread1] INFO  segmented.SegmentedRaftLogWorker (SegmentedRaftLogWorker.java:close(243)) - s1@group-F78B7583022A-SegmentedRaftLogWorker close()
2023-10-31 16:06:15,157 [JvmPauseMonitor17] INFO  util.JvmPauseMonitor (JvmPauseMonitor.java:run(152)) - JvmPauseMonitor-s1: Stopped
2023-10-31 16:06:15,158 [Time-limited test] INFO  simulation.TestServerRestartWithSimulatedRpc (ServerRestartTests.java:lambda$assertCorruptedLogHeader$5(222)) - header    = 526166744c6f6731
2023-10-31 16:06:15,158 [Time-limited test] INFO  simulation.TestServerRestartWithSimulatedRpc (ServerRestartTests.java:lambda$assertCorruptedLogHeader$5(225)) - corrupted = 526166744c6f6700
2023-10-31 16:06:15,158 [Time-limited test] INFO  impl.MiniRaftCluster (MiniRaftCluster.java:killServer(533)) - killServer s1
2023-10-31 16:06:15,158 [Time-limited test] INFO  impl.MiniRaftCluster (MiniRaftCluster.java:newRaftServer(382)) - newRaftServer: s1, group-F78B7583022A:[s0|localhost:46719, s1|localhost:38495, s2|localhost:42573], format? false
2023-10-31 16:06:15,158 [Time-limited test] INFO  server.RaftServer (ConfUtils.java:logGet(46)) - raft.rpc.type = org.apache.ratis.server.simulation.SimulatedRpc (custom)
2023-10-31 16:06:15,158 [Time-limited test] INFO  impl.DataStreamServerImpl (ConfUtils.java:logGet(46)) - raft.datastream.type = DISABLED (default)
2023-10-31 16:06:15,158 [Time-limited test] INFO  server.RaftServerConfigKeys (ConfUtils.java:logGet(46)) - raft.server.sleep.deviation.threshold = 300ms (default)
2023-10-31 16:06:15,159 [Time-limited test] INFO  server.RaftServerConfigKeys (ConfUtils.java:logGet(46)) - raft.server.close.threshold = 60s (default)
2023-10-31 16:06:15,159 [Time-limited test] INFO  server.RaftServerConfigKeys (ConfUtils.java:logGet(46)) - raft.server.leaderelection.leader.step-down.wait-time = 10s (default)
2023-10-31 16:06:15,159 [Time-limited test] INFO  server.RaftServerConfigKeys (ConfUtils.java:logGet(46)) - raft.server.storage.dir = [/home/runner/work/ratis/ratis/ratis-test/target/test/data/3084f93d/MiniRaftClusterWithSimulatedRpce237fa44/s1] (custom)
2023-10-31 16:06:15,159 [Time-limited test] INFO  server.RaftServerConfigKeys (ConfUtils.java:logGet(46)) - raft.server.threadpool.proxy.cached = true (default)
2023-10-31 16:06:15,159 [Time-limited test] INFO  server.RaftServerConfigKeys (ConfUtils.java:logGet(46)) - raft.server.threadpool.proxy.size = 0 (default)
2023-10-31 16:06:15,162 [s1-impl-thread1] INFO  server.RaftServer (RaftServerProxy.java:initGroupDir(264)) - s1: found a subdirectory /home/runner/work/ratis/ratis/ratis-test/target/test/data/3084f93d/MiniRaftClusterWithSimulatedRpce237fa44/s1/69750052-33aa-491b-b994-f78b7583022a
2023-10-31 16:06:15,162 [Time-limited test] INFO  server.RaftServer (RaftServerProxy.java:addNew(100)) - s1: addNew group-F78B7583022A:[s0|localhost:46719, s1|localhost:38495, s2|localhost:42573] returns group-F78B7583022A:java.util.concurrent.CompletableFuture@458b0d8a[Not completed]
2023-10-31 16:06:15,163 [s1-groupManagement] INFO  server.RaftServerConfigKeys (ConfUtils.java:logGet(46)) - raft.server.log.segment.size.max = 32MB (=33554432) (default)
2023-10-31 16:06:15,163 [s1-groupManagement] INFO  server.RaftServerConfigKeys (ConfUtils.java:logGet(46)) - raft.server.log.preallocated.size = 4MB (=4194304) (default)
2023-10-31 16:06:15,163 [s1-groupManagement] INFO  server.RaftServerConfigKeys (ConfUtils.java:logGet(46)) - raft.server.log.write.buffer.size = 64KB (=65536) (default)
2023-10-31 16:06:15,163 [s1-groupManagement] INFO  server.RaftServer$Division (RaftServerImpl.java:<init>(255)) - s1: new RaftServerImpl for group-F78B7583022A:[s0|localhost:46719, s1|localhost:38495, s2|localhost:42573] with SimpleStateMachine4Testing:uninitialized
2023-10-31 16:06:15,163 [s1-groupManagement] INFO  server.RaftServerConfigKeys (ConfUtils.java:logGet(46)) - raft.server.rpc.timeout.min = 150ms (default)
2023-10-31 16:06:15,163 [s1-groupManagement] INFO  server.RaftServerConfigKeys (ConfUtils.java:logGet(46)) - raft.server.rpc.timeout.max = 300ms (default)
2023-10-31 16:06:15,163 [s1-groupManagement] INFO  server.RaftServerConfigKeys (ConfUtils.java:logGet(46)) - raft.server.rpc.sleep.time = 25ms (default)
2023-10-31 16:06:15,163 [s1-groupManagement] INFO  server.RaftServerConfigKeys (ConfUtils.java:logGet(46)) - raft.server.rpc.slowness.timeout = 60s (default)
2023-10-31 16:06:15,163 [s1-groupManagement] INFO  server.RaftServerConfigKeys (ConfUtils.java:logGet(46)) - raft.server.leaderelection.leader.step-down.wait-time = 10s (default)
2023-10-31 16:06:15,163 [s1-groupManagement] INFO  server.RaftServerConfigKeys (ConfUtils.java:logGet(46)) - raft.server.sleep.deviation.threshold = 300ms (default)
2023-10-31 16:06:15,163 [s1-groupManagement] INFO  server.RaftServer$Division (ServerState.java:<init>(113)) - s1@group-F78B7583022A: ConfigurationManager, init=-1: peers:[s0|localhost:46719, s1|localhost:38495, s2|localhost:42573]|listeners:[], old=null, confs=<EMPTY_MAP>
2023-10-31 16:06:15,163 [s1-groupManagement] INFO  server.RaftServerConfigKeys (ConfUtils.java:logGet(46)) - raft.server.notification.no-leader.timeout = 60s (default)
2023-10-31 16:06:15,163 [s1-groupManagement] INFO  server.RaftServerConfigKeys (ConfUtils.java:logGet(46)) - raft.server.read.timeout = 10s (default)
2023-10-31 16:06:15,163 [s1-groupManagement] INFO  server.RaftServerConfigKeys (ConfUtils.java:logGet(46)) - raft.server.retrycache.expirytime = 60s (default)
2023-10-31 16:06:15,163 [s1-groupManagement] INFO  server.RaftServerConfigKeys (ConfUtils.java:logGet(46)) - raft.server.retrycache.statistics.expirytime = 100μs (default)
2023-10-31 16:06:15,164 [s1-groupManagement] INFO  server.RaftServerConfigKeys (ConfUtils.java:logGet(46)) - raft.server.read.option = DEFAULT (default)
2023-10-31 16:06:15,164 [s1-groupManagement] INFO  server.RaftServerConfigKeys (ConfUtils.java:logGet(46)) - raft.server.read.read-after-write-consistent.write-index-cache.expiry-time = 60s (default)
2023-10-31 16:06:15,166 [s1-groupManagement] INFO  server.RaftServerConfigKeys (ConfUtils.java:logGet(46)) - raft.server.rpc.request.timeout = 3000ms (default)
2023-10-31 16:06:15,166 [s1-groupManagement] INFO  server.RaftServerConfigKeys (ConfUtils.java:logGet(46)) - raft.server.log.appender.install.snapshot.enabled = true (default)
2023-10-31 16:06:15,166 [s1-groupManagement] INFO  server.RaftServerConfigKeys (ConfUtils.java:logGet(46)) - raft.server.threadpool.server.cached = true (default)
2023-10-31 16:06:15,166 [s1-groupManagement] INFO  server.RaftServerConfigKeys (ConfUtils.java:logGet(46)) - raft.server.threadpool.server.size = 0 (default)
2023-10-31 16:06:15,166 [s1-groupManagement] INFO  server.RaftServerConfigKeys (ConfUtils.java:logGet(46)) - raft.server.threadpool.client.cached = true (default)
2023-10-31 16:06:15,166 [s1-groupManagement] INFO  server.RaftServerConfigKeys (ConfUtils.java:logGet(46)) - raft.server.threadpool.client.size = 0 (default)
2023-10-31 16:06:15,167 [s1-impl-thread1] INFO  server.RaftServerConfigKeys (ConfUtils.java:logGet(46)) - raft.server.storage.free-space.min = 0MB (=0) (default)
2023-10-31 16:06:15,167 [s1-impl-thread1] INFO  server.RaftServerConfigKeys (ConfUtils.java:logGet(46)) - raft.server.log.corruption.policy = EXCEPTION (default)
2023-10-31 16:06:15,167 [s1-impl-thread1] INFO  server.RaftServerConfigKeys (ConfUtils.java:logGet(46)) - raft.server.storage.dir = [/home/runner/work/ratis/ratis/ratis-test/target/test/data/3084f93d/MiniRaftClusterWithSimulatedRpce237fa44/s1] (custom)
2023-10-31 16:06:15,168 [s1-impl-thread1] INFO  storage.RaftStorageDirectory (RaftStorageDirectoryImpl.java:tryLock(232)) - Lock on /home/runner/work/ratis/ratis/ratis-test/target/test/data/3084f93d/MiniRaftClusterWithSimulatedRpce237fa44/s1/69750052-33aa-491b-b994-f78b7583022a/in_use.lock acquired by nodename 3366@fv-az462-937
2023-10-31 16:06:15,169 [s1-impl-thread1] INFO  storage.RaftStorage (RaftStorageImpl.java:analyzeAndRecoverStorage(117)) - Read RaftStorageMetadata{term=2, votedFor=s2} from /home/runner/work/ratis/ratis/ratis-test/target/test/data/3084f93d/MiniRaftClusterWithSimulatedRpce237fa44/s1/69750052-33aa-491b-b994-f78b7583022a/current/raft-meta
2023-10-31 16:06:15,169 [s1-impl-thread1] INFO  server.RaftServer$Division (ServerState.java:setRaftConf(382)) - s1@group-F78B7583022A: set configuration 1: peers:[s0|localhost:46719, s1|localhost:38495, s2|localhost:42573]|listeners:[], old=null
2023-10-31 16:06:15,169 [s1-impl-thread1] INFO  impl.SimpleStateMachine4Testing (SimpleStateMachine4Testing.java:initialize(213)) - Initializing SimpleStateMachine4Testing:uninitialized
2023-10-31 16:06:15,169 [s1-impl-thread1] INFO  impl.SimpleStateMachine4Testing (SimpleStateMachine4Testing.java:loadSnapshot(296)) - Loading snapshot null
2023-10-31 16:06:15,169 [s1-impl-thread1] INFO  server.RaftServerConfigKeys (ConfUtils.java:logGet(46)) - raft.server.log.use.memory = false (default)
2023-10-31 16:06:15,170 [s1-impl-thread1] INFO  server.RaftServerConfigKeys (ConfUtils.java:logGet(46)) - raft.server.log.purge.gap = 1024 (default)
2023-10-31 16:06:15,170 [s1-impl-thread1] INFO  server.RaftServerConfigKeys (ConfUtils.java:logGet(46)) - raft.server.log.appender.buffer.byte-limit = 4MB (=4194304) (default)
2023-10-31 16:06:15,170 [s1-impl-thread1] INFO  server.RaftServerConfigKeys (ConfUtils.java:logGet(46)) - raft.server.log.statemachine.data.read.timeout = 1000ms (default)
2023-10-31 16:06:15,170 [s1-impl-thread1] INFO  server.RaftServerConfigKeys (ConfUtils.java:logGet(46)) - raft.server.log.purge.preservation.log.num = 0 (default)
2023-10-31 16:06:15,170 [s1-impl-thread1] INFO  server.RaftServerConfigKeys (ConfUtils.java:logGet(46)) - raft.server.log.segment.size.max = 8KB (=8192) (custom)
2023-10-31 16:06:15,170 [s1-impl-thread1] INFO  server.RaftServerConfigKeys (ConfUtils.java:logGet(46)) - raft.server.log.segment.cache.num.max = 6 (default)
2023-10-31 16:06:15,170 [s1-impl-thread1] INFO  server.RaftServerConfigKeys (ConfUtils.java:logGet(46)) - raft.server.log.segment.cache.size.max = 200MB (=209715200) (default)
2023-10-31 16:06:15,170 [s1-impl-thread1] INFO  server.RaftServerConfigKeys (ConfUtils.java:logGet(46)) - raft.server.log.appender.buffer.byte-limit = 4MB (=4194304) (default)
2023-10-31 16:06:15,171 [s1-impl-thread1] INFO  util.AwaitToRun (AwaitToRun.java:start(81)) - Thread[s1@group-F78B7583022A-cacheEviction-AwaitToRun,5,main] started
2023-10-31 16:06:15,171 [s1-impl-thread1] INFO  segmented.SegmentedRaftLogWorker (SegmentedRaftLogWorker.java:<init>(184)) - new s1@group-F78B7583022A-SegmentedRaftLogWorker for RaftStorageImpl:Storage Directory /home/runner/work/ratis/ratis/ratis-test/target/test/data/3084f93d/MiniRaftClusterWithSimulatedRpce237fa44/s1/69750052-33aa-491b-b994-f78b7583022a
2023-10-31 16:06:15,171 [s1-impl-thread1] INFO  server.RaftServerConfigKeys (ConfUtils.java:logGet(46)) - raft.server.log.queue.byte-limit = 64MB (=67108864) (default)
2023-10-31 16:06:15,171 [s1-impl-thread1] INFO  server.RaftServerConfigKeys (ConfUtils.java:logGet(46)) - raft.server.log.queue.element-limit = 4096 (default)
2023-10-31 16:06:15,171 [s1-impl-thread1] INFO  server.RaftServerConfigKeys (ConfUtils.java:logGet(46)) - raft.server.log.segment.size.max = 8KB (=8192) (custom)
2023-10-31 16:06:15,171 [s1-impl-thread1] INFO  server.RaftServerConfigKeys (ConfUtils.java:logGet(46)) - raft.server.log.preallocated.size = 4MB (=4194304) (default)
2023-10-31 16:06:15,171 [s1-impl-thread1] INFO  server.RaftServerConfigKeys (ConfUtils.java:logGet(46)) - raft.server.log.force.sync.num = 128 (default)
2023-10-31 16:06:15,171 [s1-impl-thread1] INFO  server.RaftServerConfigKeys (ConfUtils.java:logGet(46)) - raft.server.log.statemachine.data.sync = true (default)
2023-10-31 16:06:15,171 [s1-impl-thread1] INFO  server.RaftServerConfigKeys (ConfUtils.java:logGet(46)) - raft.server.log.statemachine.data.sync.timeout = 10s (default)
2023-10-31 16:06:15,171 [s1-impl-thread1] INFO  server.RaftServerConfigKeys (ConfUtils.java:logGet(46)) - raft.server.log.statemachine.data.sync.timeout.retry = -1 (default)
2023-10-31 16:06:15,171 [s1-impl-thread1] INFO  server.RaftServerConfigKeys (ConfUtils.java:logGet(46)) - raft.server.log.write.buffer.size = 64KB (=65536) (default)
2023-10-31 16:06:15,171 [s1-impl-thread1] INFO  server.RaftServerConfigKeys (ConfUtils.java:logGet(46)) - raft.server.log.appender.buffer.byte-limit = 4MB (=4194304) (default)
2023-10-31 16:06:15,172 [s1-impl-thread1] INFO  server.RaftServerConfigKeys (ConfUtils.java:logGet(46)) - raft.server.log.unsafe-flush.enabled = false (default)
2023-10-31 16:06:15,172 [s1-impl-thread1] INFO  server.RaftServerConfigKeys (ConfUtils.java:logGet(46)) - raft.server.log.async-flush.enabled = false (default)
2023-10-31 16:06:15,172 [s1-impl-thread1] INFO  server.RaftServerConfigKeys (ConfUtils.java:logGet(46)) - raft.server.log.statemachine.data.caching.enabled = false (default)
2023-10-31 16:06:15,173 [s1-impl-thread1] INFO  server.RaftServer$Division (ServerState.java:setRaftConf(382)) - s1@group-F78B7583022A: set configuration 0: peers:[s0|localhost:46719, s1|localhost:38495, s2|localhost:42573]|listeners:[], old=null
2023-10-31 16:06:15,173 [s1-impl-thread1] INFO  segmented.LogSegment (LogSegment.java:loadSegment(170)) - Successfully read 1 entries from segment file /home/runner/work/ratis/ratis/ratis-test/target/test/data/3084f93d/MiniRaftClusterWithSimulatedRpce237fa44/s1/69750052-33aa-491b-b994-f78b7583022a/current/log_0-0
2023-10-31 16:06:15,173 [s1-impl-thread1] INFO  segmented.LogSegment (LogSegment.java:loadSegment(170)) - Successfully read 0 entries from segment file /home/runner/work/ratis/ratis/ratis-test/target/test/data/3084f93d/MiniRaftClusterWithSimulatedRpce237fa44/s1/69750052-33aa-491b-b994-f78b7583022a/current/log_inprogress_1
2023-10-31 16:06:15,173 [s1-impl-thread1] TRACE util.FileUtils (LogUtils.java:runAndLog(49)) - Successfully ran Files.delete /home/runner/work/ratis/ratis/ratis-test/target/test/data/3084f93d/MiniRaftClusterWithSimulatedRpce237fa44/s1/69750052-33aa-491b-b994-f78b7583022a/current/log_inprogress_1
2023-10-31 16:06:15,173 [s1-impl-thread1] INFO  segmented.SegmentedRaftLogWorker (SegmentedRaftLogWorker.java:lambda$new$0(135)) - s1@group-F78B7583022A-SegmentedRaftLogWorker: safeCacheEvictIndex: setUnconditionally 0 -> -1
2023-10-31 16:06:15,174 [s1-impl-thread1] INFO  server.RaftServer$Division (RaftServerImpl.java:start(390)) - s1@group-F78B7583022A: start as a follower, conf=1: peers:[s0|localhost:46719, s1|localhost:38495, s2|localhost:42573]|listeners:[], old=null
2023-10-31 16:06:15,174 [s1-impl-thread1] INFO  server.RaftServer$Division (RaftServerImpl.java:setRole(377)) - s1@group-F78B7583022A: changes role from      null to FOLLOWER at term 2 for startAsFollower
2023-10-31 16:06:15,174 [s1-impl-thread1] INFO  impl.RoleInfo (RoleInfo.java:updateAndGet(138)) - s1: start s1@group-F78B7583022A-FollowerState
2023-10-31 16:06:15,174 [s1-impl-thread1] INFO  util.JmxRegister (JmxRegister.java:tryRegister(44)) - Successfully registered JMX Bean with object name Ratis:service=RaftServer,group=group-F78B7583022A,id=s1
2023-10-31 16:06:15,174 [s1-impl-thread1] INFO  server.RaftServerConfigKeys (ConfUtils.java:logGet(46)) - raft.server.snapshot.trigger-when-stop.enabled = true (default)
2023-10-31 16:06:15,174 [s1-impl-thread1] INFO  server.RaftServerConfigKeys (ConfUtils.java:logGet(46)) - raft.server.snapshot.auto.trigger.enabled = false (default)
2023-10-31 16:06:15,174 [s1-impl-thread1] INFO  server.RaftServerConfigKeys (ConfUtils.java:logGet(46)) - raft.server.snapshot.retention.file.num = -1 (default)
2023-10-31 16:06:15,174 [s1-impl-thread1] INFO  server.RaftServerConfigKeys (ConfUtils.java:logGet(46)) - raft.server.log.purge.upto.snapshot.index = false (default)
2023-10-31 16:06:15,175 [s1@group-F78B7583022A-FollowerState] INFO  server.RaftServerConfigKeys (ConfUtils.java:logFallback(53)) - raft.server.rpc.first-election.timeout.min = 150ms (fallback to raft.server.rpc.timeout.min)
2023-10-31 16:06:15,175 [s1@group-F78B7583022A-FollowerState] INFO  server.RaftServerConfigKeys (ConfUtils.java:logFallback(53)) - raft.server.rpc.first-election.timeout.max = 300ms (fallback to raft.server.rpc.timeout.max)
2023-10-31 16:06:15,176 [Time-limited test] INFO  server.RaftServer (RaftServerProxy.java:startImpl(406)) - s1: start RPC server
2023-10-31 16:06:15,177 [Time-limited test] INFO  server.RaftServer (RaftServerProxy.java:lambda$close$9(416)) - s1: close
2023-10-31 16:06:15,177 [JvmPauseMonitor18] INFO  util.JvmPauseMonitor (JvmPauseMonitor.java:run(146)) - JvmPauseMonitor-s1: Started
2023-10-31 16:06:15,178 [HandlerDaemon-2] INFO  simulation.RequestHandler (RequestHandler.java:run(127)) - s1.clientHandler2 is interrupted by java.io.InterruptedIOException: 
2023-10-31 16:06:15,177 [HandlerDaemon-1] INFO  simulation.RequestHandler (RequestHandler.java:run(127)) - s1.clientHandler1 is interrupted by java.io.InterruptedIOException: 
2023-10-31 16:06:15,177 [HandlerDaemon-0] INFO  simulation.RequestHandler (RequestHandler.java:run(127)) - s1.clientHandler0 is interrupted by java.io.InterruptedIOException: 
2023-10-31 16:06:15,177 [s1-impl-thread1] INFO  server.RaftServer$Division (RaftServerImpl.java:lambda$close$3(514)) - s1@group-F78B7583022A: shutdown
2023-10-31 16:06:15,178 [s1-impl-thread1] INFO  util.JmxRegister (JmxRegister.java:unregister(73)) - Successfully un-registered JMX Bean with object name Ratis:service=RaftServer,group=group-F78B7583022A,id=s1
2023-10-31 16:06:15,178 [HandlerDaemon-0] INFO  simulation.RequestHandler (RequestHandler.java:run(127)) - s1.serverHandler0 is interrupted by java.io.InterruptedIOException: 
2023-10-31 16:06:15,178 [s1-impl-thread1] INFO  impl.RoleInfo (RoleInfo.java:shutdownFollowerState(109)) - s1: shutdown s1@group-F78B7583022A-FollowerState
2023-10-31 16:06:15,178 [s1@group-F78B7583022A-FollowerState] INFO  impl.FollowerState (FollowerState.java:run(152)) - s1@group-F78B7583022A-FollowerState was interrupted
2023-10-31 16:06:15,178 [s1-impl-thread1] INFO  impl.StateMachineUpdater (StateMachineUpdater.java:stopAndJoin(157)) - s1@group-F78B7583022A-StateMachineUpdater: set stopIndex = -1
2023-10-31 16:06:15,181 [HandlerDaemon-1] INFO  simulation.RequestHandler (RequestHandler.java:run(127)) - s1.serverHandler1 is interrupted by java.io.InterruptedIOException: 
2023-10-31 16:06:15,182 [s1-impl-thread1] INFO  server.RaftServer$Division (ServerState.java:close(423)) - s1@group-F78B7583022A: applyIndex: -1
2023-10-31 16:06:15,182 [HandlerDaemon-2] INFO  simulation.RequestHandler (RequestHandler.java:run(127)) - s1.serverHandler2 is interrupted by java.io.InterruptedIOException: 
2023-10-31 16:06:15,182 [s1@group-F78B7583022A-cacheEviction-AwaitToRun] INFO  util.AwaitToRun (AwaitToRun.java:run(49)) - s1@group-F78B7583022A-cacheEviction-AwaitToRun-AwaitForSignal is interrupted
2023-10-31 16:06:16,174 [s1-impl-thread1] INFO  segmented.SegmentedRaftLogWorker (SegmentedRaftLogWorker.java:close(243)) - s1@group-F78B7583022A-SegmentedRaftLogWorker close()
2023-10-31 16:06:16,177 [JvmPauseMonitor18] INFO  util.JvmPauseMonitor (JvmPauseMonitor.java:run(152)) - JvmPauseMonitor-s1: Stopped
2023-10-31 16:06:16,178 [Time-limited test] INFO  simulation.TestServerRestartWithSimulatedRpc (ServerRestartTests.java:lambda$assertCorruptedLogHeader$5(222)) - header    = 526166744c6f6731
2023-10-31 16:06:16,179 [Time-limited test] INFO  simulation.TestServerRestartWithSimulatedRpc (ServerRestartTests.java:lambda$assertCorruptedLogHeader$5(225)) - corrupted = 0000000000000000
2023-10-31 16:06:16,179 [Time-limited test] INFO  impl.MiniRaftCluster (MiniRaftCluster.java:killServer(533)) - killServer s2
2023-10-31 16:06:16,179 [Time-limited test] INFO  impl.MiniRaftCluster (MiniRaftCluster.java:newRaftServer(382)) - newRaftServer: s2, group-F78B7583022A:[s0|localhost:46719, s1|localhost:38495, s2|localhost:42573], format? false
2023-10-31 16:06:16,179 [Time-limited test] INFO  server.RaftServer (ConfUtils.java:logGet(46)) - raft.rpc.type = org.apache.ratis.server.simulation.SimulatedRpc (custom)
2023-10-31 16:06:16,179 [Time-limited test] INFO  impl.DataStreamServerImpl (ConfUtils.java:logGet(46)) - raft.datastream.type = DISABLED (default)
2023-10-31 16:06:16,180 [Time-limited test] INFO  server.RaftServerConfigKeys (ConfUtils.java:logGet(46)) - raft.server.sleep.deviation.threshold = 300ms (default)
2023-10-31 16:06:16,180 [Time-limited test] INFO  server.RaftServerConfigKeys (ConfUtils.java:logGet(46)) - raft.server.close.threshold = 60s (default)
2023-10-31 16:06:16,180 [Time-limited test] INFO  server.RaftServerConfigKeys (ConfUtils.java:logGet(46)) - raft.server.leaderelection.leader.step-down.wait-time = 10s (default)
2023-10-31 16:06:16,180 [Time-limited test] INFO  server.RaftServerConfigKeys (ConfUtils.java:logGet(46)) - raft.server.storage.dir = [/home/runner/work/ratis/ratis/ratis-test/target/test/data/3084f93d/MiniRaftClusterWithSimulatedRpce237fa44/s2] (custom)
2023-10-31 16:06:16,180 [Time-limited test] INFO  server.RaftServerConfigKeys (ConfUtils.java:logGet(46)) - raft.server.threadpool.proxy.cached = true (default)
2023-10-31 16:06:16,180 [Time-limited test] INFO  server.RaftServerConfigKeys (ConfUtils.java:logGet(46)) - raft.server.threadpool.proxy.size = 0 (default)
2023-10-31 16:06:16,181 [s2-impl-thread1] INFO  server.RaftServer (RaftServerProxy.java:initGroupDir(264)) - s2: found a subdirectory /home/runner/work/ratis/ratis/ratis-test/target/test/data/3084f93d/MiniRaftClusterWithSimulatedRpce237fa44/s2/69750052-33aa-491b-b994-f78b7583022a
2023-10-31 16:06:16,181 [Time-limited test] INFO  server.RaftServer (RaftServerProxy.java:addNew(100)) - s2: addNew group-F78B7583022A:[s0|localhost:46719, s1|localhost:38495, s2|localhost:42573] returns group-F78B7583022A:java.util.concurrent.CompletableFuture@1c03a80c[Not completed]
2023-10-31 16:06:16,182 [s2-groupManagement] INFO  server.RaftServerConfigKeys (ConfUtils.java:logGet(46)) - raft.server.log.segment.size.max = 32MB (=33554432) (default)
2023-10-31 16:06:16,182 [s2-groupManagement] INFO  server.RaftServerConfigKeys (ConfUtils.java:logGet(46)) - raft.server.log.preallocated.size = 4MB (=4194304) (default)
2023-10-31 16:06:16,182 [s2-groupManagement] INFO  server.RaftServerConfigKeys (ConfUtils.java:logGet(46)) - raft.server.log.write.buffer.size = 64KB (=65536) (default)
2023-10-31 16:06:16,182 [s2-groupManagement] INFO  server.RaftServer$Division (RaftServerImpl.java:<init>(255)) - s2: new RaftServerImpl for group-F78B7583022A:[s0|localhost:46719, s1|localhost:38495, s2|localhost:42573] with SimpleStateMachine4Testing:uninitialized
2023-10-31 16:06:16,182 [s2-groupManagement] INFO  server.RaftServerConfigKeys (ConfUtils.java:logGet(46)) - raft.server.rpc.timeout.min = 150ms (default)
2023-10-31 16:06:16,182 [s2-groupManagement] INFO  server.RaftServerConfigKeys (ConfUtils.java:logGet(46)) - raft.server.rpc.timeout.max = 300ms (default)
2023-10-31 16:06:16,182 [s2-groupManagement] INFO  server.RaftServerConfigKeys (ConfUtils.java:logGet(46)) - raft.server.rpc.sleep.time = 25ms (default)
2023-10-31 16:06:16,182 [s2-groupManagement] INFO  server.RaftServerConfigKeys (ConfUtils.java:logGet(46)) - raft.server.rpc.slowness.timeout = 60s (default)
2023-10-31 16:06:16,182 [s2-groupManagement] INFO  server.RaftServerConfigKeys (ConfUtils.java:logGet(46)) - raft.server.leaderelection.leader.step-down.wait-time = 10s (default)
2023-10-31 16:06:16,182 [s2-groupManagement] INFO  server.RaftServerConfigKeys (ConfUtils.java:logGet(46)) - raft.server.sleep.deviation.threshold = 300ms (default)
2023-10-31 16:06:16,183 [s2-groupManagement] INFO  server.RaftServer$Division (ServerState.java:<init>(113)) - s2@group-F78B7583022A: ConfigurationManager, init=-1: peers:[s0|localhost:46719, s1|localhost:38495, s2|localhost:42573]|listeners:[], old=null, confs=<EMPTY_MAP>
2023-10-31 16:06:16,183 [s2-groupManagement] INFO  server.RaftServerConfigKeys (ConfUtils.java:logGet(46)) - raft.server.notification.no-leader.timeout = 60s (default)
2023-10-31 16:06:16,183 [s2-groupManagement] INFO  server.RaftServerConfigKeys (ConfUtils.java:logGet(46)) - raft.server.read.timeout = 10s (default)
2023-10-31 16:06:16,183 [s2-groupManagement] INFO  server.RaftServerConfigKeys (ConfUtils.java:logGet(46)) - raft.server.retrycache.expirytime = 60s (default)
2023-10-31 16:06:16,183 [s2-groupManagement] INFO  server.RaftServerConfigKeys (ConfUtils.java:logGet(46)) - raft.server.retrycache.statistics.expirytime = 100μs (default)
2023-10-31 16:06:16,183 [s2-groupManagement] INFO  server.RaftServerConfigKeys (ConfUtils.java:logGet(46)) - raft.server.read.option = DEFAULT (default)
2023-10-31 16:06:16,183 [s2-groupManagement] INFO  server.RaftServerConfigKeys (ConfUtils.java:logGet(46)) - raft.server.read.read-after-write-consistent.write-index-cache.expiry-time = 60s (default)
2023-10-31 16:06:16,184 [s2-groupManagement] INFO  server.RaftServerConfigKeys (ConfUtils.java:logGet(46)) - raft.server.rpc.request.timeout = 3000ms (default)
2023-10-31 16:06:16,184 [s2-groupManagement] INFO  server.RaftServerConfigKeys (ConfUtils.java:logGet(46)) - raft.server.log.appender.install.snapshot.enabled = true (default)
2023-10-31 16:06:16,184 [s2-groupManagement] INFO  server.RaftServerConfigKeys (ConfUtils.java:logGet(46)) - raft.server.threadpool.server.cached = true (default)
2023-10-31 16:06:16,184 [s2-groupManagement] INFO  server.RaftServerConfigKeys (ConfUtils.java:logGet(46)) - raft.server.threadpool.server.size = 0 (default)
2023-10-31 16:06:16,185 [s2-groupManagement] INFO  server.RaftServerConfigKeys (ConfUtils.java:logGet(46)) - raft.server.threadpool.client.cached = true (default)
2023-10-31 16:06:16,185 [s2-groupManagement] INFO  server.RaftServerConfigKeys (ConfUtils.java:logGet(46)) - raft.server.threadpool.client.size = 0 (default)
2023-10-31 16:06:16,185 [s2-impl-thread1] INFO  server.RaftServerConfigKeys (ConfUtils.java:logGet(46)) - raft.server.storage.free-space.min = 0MB (=0) (default)
2023-10-31 16:06:16,185 [s2-impl-thread1] INFO  server.RaftServerConfigKeys (ConfUtils.java:logGet(46)) - raft.server.log.corruption.policy = EXCEPTION (default)
2023-10-31 16:06:16,185 [s2-impl-thread1] INFO  server.RaftServerConfigKeys (ConfUtils.java:logGet(46)) - raft.server.storage.dir = [/home/runner/work/ratis/ratis/ratis-test/target/test/data/3084f93d/MiniRaftClusterWithSimulatedRpce237fa44/s2] (custom)
2023-10-31 16:06:16,188 [s2-impl-thread1] INFO  storage.RaftStorageDirectory (RaftStorageDirectoryImpl.java:tryLock(232)) - Lock on /home/runner/work/ratis/ratis/ratis-test/target/test/data/3084f93d/MiniRaftClusterWithSimulatedRpce237fa44/s2/69750052-33aa-491b-b994-f78b7583022a/in_use.lock acquired by nodename 3366@fv-az462-937
2023-10-31 16:06:16,189 [s2-impl-thread1] INFO  storage.RaftStorage (RaftStorageImpl.java:analyzeAndRecoverStorage(117)) - Read RaftStorageMetadata{term=2, votedFor=s2} from /home/runner/work/ratis/ratis/ratis-test/target/test/data/3084f93d/MiniRaftClusterWithSimulatedRpce237fa44/s2/69750052-33aa-491b-b994-f78b7583022a/current/raft-meta
2023-10-31 16:06:16,190 [s2-impl-thread1] INFO  server.RaftServer$Division (ServerState.java:setRaftConf(382)) - s2@group-F78B7583022A: set configuration 1: peers:[s0|localhost:46719, s1|localhost:38495, s2|localhost:42573]|listeners:[], old=null
2023-10-31 16:06:16,190 [s2-impl-thread1] INFO  impl.SimpleStateMachine4Testing (SimpleStateMachine4Testing.java:initialize(213)) - Initializing SimpleStateMachine4Testing:uninitialized
2023-10-31 16:06:16,190 [s2-impl-thread1] INFO  impl.SimpleStateMachine4Testing (SimpleStateMachine4Testing.java:loadSnapshot(296)) - Loading snapshot null
2023-10-31 16:06:16,190 [s2-impl-thread1] INFO  server.RaftServerConfigKeys (ConfUtils.java:logGet(46)) - raft.server.log.use.memory = false (default)
2023-10-31 16:06:16,190 [s2-impl-thread1] INFO  server.RaftServerConfigKeys (ConfUtils.java:logGet(46)) - raft.server.log.purge.gap = 1024 (default)
2023-10-31 16:06:16,190 [s2-impl-thread1] INFO  server.RaftServerConfigKeys (ConfUtils.java:logGet(46)) - raft.server.log.appender.buffer.byte-limit = 4MB (=4194304) (default)
2023-10-31 16:06:16,190 [s2-impl-thread1] INFO  server.RaftServerConfigKeys (ConfUtils.java:logGet(46)) - raft.server.log.statemachine.data.read.timeout = 1000ms (default)
2023-10-31 16:06:16,190 [s2-impl-thread1] INFO  server.RaftServerConfigKeys (ConfUtils.java:logGet(46)) - raft.server.log.purge.preservation.log.num = 0 (default)
2023-10-31 16:06:16,191 [s2-impl-thread1] INFO  server.RaftServerConfigKeys (ConfUtils.java:logGet(46)) - raft.server.log.segment.size.max = 8KB (=8192) (custom)
2023-10-31 16:06:16,191 [s2-impl-thread1] INFO  server.RaftServerConfigKeys (ConfUtils.java:logGet(46)) - raft.server.log.segment.cache.num.max = 6 (default)
2023-10-31 16:06:16,191 [s2-impl-thread1] INFO  server.RaftServerConfigKeys (ConfUtils.java:logGet(46)) - raft.server.log.segment.cache.size.max = 200MB (=209715200) (default)
2023-10-31 16:06:16,191 [s2-impl-thread1] INFO  server.RaftServerConfigKeys (ConfUtils.java:logGet(46)) - raft.server.log.appender.buffer.byte-limit = 4MB (=4194304) (default)
2023-10-31 16:06:16,191 [s2-impl-thread1] INFO  util.AwaitToRun (AwaitToRun.java:start(81)) - Thread[s2@group-F78B7583022A-cacheEviction-AwaitToRun,5,main] started
2023-10-31 16:06:16,191 [s2-impl-thread1] INFO  segmented.SegmentedRaftLogWorker (SegmentedRaftLogWorker.java:<init>(184)) - new s2@group-F78B7583022A-SegmentedRaftLogWorker for RaftStorageImpl:Storage Directory /home/runner/work/ratis/ratis/ratis-test/target/test/data/3084f93d/MiniRaftClusterWithSimulatedRpce237fa44/s2/69750052-33aa-491b-b994-f78b7583022a
2023-10-31 16:06:16,191 [s2-impl-thread1] INFO  server.RaftServerConfigKeys (ConfUtils.java:logGet(46)) - raft.server.log.queue.byte-limit = 64MB (=67108864) (default)
2023-10-31 16:06:16,192 [s2-impl-thread1] INFO  server.RaftServerConfigKeys (ConfUtils.java:logGet(46)) - raft.server.log.queue.element-limit = 4096 (default)
2023-10-31 16:06:16,192 [s2-impl-thread1] INFO  server.RaftServerConfigKeys (ConfUtils.java:logGet(46)) - raft.server.log.segment.size.max = 8KB (=8192) (custom)
2023-10-31 16:06:16,192 [s2-impl-thread1] INFO  server.RaftServerConfigKeys (ConfUtils.java:logGet(46)) - raft.server.log.preallocated.size = 4MB (=4194304) (default)
2023-10-31 16:06:16,192 [s2-impl-thread1] INFO  server.RaftServerConfigKeys (ConfUtils.java:logGet(46)) - raft.server.log.force.sync.num = 128 (default)
2023-10-31 16:06:16,192 [s2-impl-thread1] INFO  server.RaftServerConfigKeys (ConfUtils.java:logGet(46)) - raft.server.log.statemachine.data.sync = true (default)
2023-10-31 16:06:16,192 [s2-impl-thread1] INFO  server.RaftServerConfigKeys (ConfUtils.java:logGet(46)) - raft.server.log.statemachine.data.sync.timeout = 10s (default)
2023-10-31 16:06:16,192 [s2-impl-thread1] INFO  server.RaftServerConfigKeys (ConfUtils.java:logGet(46)) - raft.server.log.statemachine.data.sync.timeout.retry = -1 (default)
2023-10-31 16:06:16,192 [s2-impl-thread1] INFO  server.RaftServerConfigKeys (ConfUtils.java:logGet(46)) - raft.server.log.write.buffer.size = 64KB (=65536) (default)
2023-10-31 16:06:16,192 [s2-impl-thread1] INFO  server.RaftServerConfigKeys (ConfUtils.java:logGet(46)) - raft.server.log.appender.buffer.byte-limit = 4MB (=4194304) (default)
2023-10-31 16:06:16,193 [s2-impl-thread1] INFO  server.RaftServerConfigKeys (ConfUtils.java:logGet(46)) - raft.server.log.unsafe-flush.enabled = false (default)
2023-10-31 16:06:16,194 [s2-impl-thread1] INFO  server.RaftServerConfigKeys (ConfUtils.java:logGet(46)) - raft.server.log.async-flush.enabled = false (default)
2023-10-31 16:06:16,194 [s2-impl-thread1] INFO  server.RaftServerConfigKeys (ConfUtils.java:logGet(46)) - raft.server.log.statemachine.data.caching.enabled = false (default)
2023-10-31 16:06:16,195 [s2-impl-thread1] INFO  server.RaftServer$Division (ServerState.java:setRaftConf(382)) - s2@group-F78B7583022A: set configuration 0: peers:[s0|localhost:46719, s1|localhost:38495, s2|localhost:42573]|listeners:[], old=null
2023-10-31 16:06:16,196 [s2-impl-thread1] INFO  segmented.LogSegment (LogSegment.java:loadSegment(170)) - Successfully read 1 entries from segment file /home/runner/work/ratis/ratis/ratis-test/target/test/data/3084f93d/MiniRaftClusterWithSimulatedRpce237fa44/s2/69750052-33aa-491b-b994-f78b7583022a/current/log_0-0
2023-10-31 16:06:16,196 [s2-impl-thread1] INFO  segmented.LogSegment (LogSegment.java:loadSegment(170)) - Successfully read 0 entries from segment file /home/runner/work/ratis/ratis/ratis-test/target/test/data/3084f93d/MiniRaftClusterWithSimulatedRpce237fa44/s2/69750052-33aa-491b-b994-f78b7583022a/current/log_inprogress_1
2023-10-31 16:06:16,196 [s2-impl-thread1] TRACE util.FileUtils (LogUtils.java:runAndLog(49)) - Successfully ran Files.delete /home/runner/work/ratis/ratis/ratis-test/target/test/data/3084f93d/MiniRaftClusterWithSimulatedRpce237fa44/s2/69750052-33aa-491b-b994-f78b7583022a/current/log_inprogress_1
2023-10-31 16:06:16,196 [s2-impl-thread1] INFO  segmented.SegmentedRaftLogWorker (SegmentedRaftLogWorker.java:lambda$new$0(135)) - s2@group-F78B7583022A-SegmentedRaftLogWorker: safeCacheEvictIndex: setUnconditionally 0 -> -1
2023-10-31 16:06:16,198 [s2-impl-thread1] INFO  server.RaftServer$Division (RaftServerImpl.java:start(390)) - s2@group-F78B7583022A: start as a follower, conf=1: peers:[s0|localhost:46719, s1|localhost:38495, s2|localhost:42573]|listeners:[], old=null
2023-10-31 16:06:16,198 [s2-impl-thread1] INFO  server.RaftServer$Division (RaftServerImpl.java:setRole(377)) - s2@group-F78B7583022A: changes role from      null to FOLLOWER at term 2 for startAsFollower
2023-10-31 16:06:16,198 [s2-impl-thread1] INFO  impl.RoleInfo (RoleInfo.java:updateAndGet(138)) - s2: start s2@group-F78B7583022A-FollowerState
2023-10-31 16:06:16,201 [s2-impl-thread1] INFO  util.JmxRegister (JmxRegister.java:tryRegister(44)) - Successfully registered JMX Bean with object name Ratis:service=RaftServer,group=group-F78B7583022A,id=s2
2023-10-31 16:06:16,201 [s2@group-F78B7583022A-FollowerState] INFO  server.RaftServerConfigKeys (ConfUtils.java:logFallback(53)) - raft.server.rpc.first-election.timeout.min = 150ms (fallback to raft.server.rpc.timeout.min)
2023-10-31 16:06:16,201 [s2-impl-thread1] INFO  server.RaftServerConfigKeys (ConfUtils.java:logGet(46)) - raft.server.snapshot.trigger-when-stop.enabled = true (default)
2023-10-31 16:06:16,201 [s2@group-F78B7583022A-FollowerState] INFO  server.RaftServerConfigKeys (ConfUtils.java:logFallback(53)) - raft.server.rpc.first-election.timeout.max = 300ms (fallback to raft.server.rpc.timeout.max)
2023-10-31 16:06:16,201 [s2-impl-thread1] INFO  server.RaftServerConfigKeys (ConfUtils.java:logGet(46)) - raft.server.snapshot.auto.trigger.enabled = false (default)
2023-10-31 16:06:16,201 [s2-impl-thread1] INFO  server.RaftServerConfigKeys (ConfUtils.java:logGet(46)) - raft.server.snapshot.retention.file.num = -1 (default)
2023-10-31 16:06:16,201 [s2-impl-thread1] INFO  server.RaftServerConfigKeys (ConfUtils.java:logGet(46)) - raft.server.log.purge.upto.snapshot.index = false (default)
2023-10-31 16:06:16,202 [Time-limited test] INFO  server.RaftServer (RaftServerProxy.java:startImpl(406)) - s2: start RPC server
2023-10-31 16:06:16,204 [Time-limited test] INFO  server.RaftServer (RaftServerProxy.java:lambda$close$9(416)) - s2: close
2023-10-31 16:06:16,204 [HandlerDaemon-0] INFO  simulation.RequestHandler (RequestHandler.java:run(127)) - s2.clientHandler0 is interrupted by java.io.InterruptedIOException: 
2023-10-31 16:06:16,204 [s2-impl-thread1] INFO  server.RaftServer$Division (RaftServerImpl.java:lambda$close$3(514)) - s2@group-F78B7583022A: shutdown
2023-10-31 16:06:16,205 [HandlerDaemon-1] INFO  simulation.RequestHandler (RequestHandler.java:run(127)) - s2.clientHandler1 is interrupted by java.io.InterruptedIOException: 
2023-10-31 16:06:16,205 [s2-impl-thread1] INFO  util.JmxRegister (JmxRegister.java:unregister(73)) - Successfully un-registered JMX Bean with object name Ratis:service=RaftServer,group=group-F78B7583022A,id=s2
2023-10-31 16:06:16,205 [s2-impl-thread1] INFO  impl.RoleInfo (RoleInfo.java:shutdownFollowerState(109)) - s2: shutdown s2@group-F78B7583022A-FollowerState
2023-10-31 16:06:16,205 [HandlerDaemon-2] INFO  simulation.RequestHandler (RequestHandler.java:run(127)) - s2.clientHandler2 is interrupted by java.io.InterruptedIOException: 
2023-10-31 16:06:16,205 [s2@group-F78B7583022A-FollowerState] INFO  impl.FollowerState (FollowerState.java:run(152)) - s2@group-F78B7583022A-FollowerState was interrupted
2023-10-31 16:06:16,205 [s2-impl-thread1] INFO  impl.StateMachineUpdater (StateMachineUpdater.java:stopAndJoin(157)) - s2@group-F78B7583022A-StateMachineUpdater: set stopIndex = -1
2023-10-31 16:06:16,205 [HandlerDaemon-2] INFO  simulation.RequestHandler (RequestHandler.java:run(127)) - s2.serverHandler2 is interrupted by java.io.InterruptedIOException: 
2023-10-31 16:06:16,206 [JvmPauseMonitor19] INFO  util.JvmPauseMonitor (JvmPauseMonitor.java:run(146)) - JvmPauseMonitor-s2: Started
2023-10-31 16:06:16,205 [HandlerDaemon-1] INFO  simulation.RequestHandler (RequestHandler.java:run(127)) - s2.serverHandler1 is interrupted by java.io.InterruptedIOException: 
2023-10-31 16:06:16,205 [HandlerDaemon-0] INFO  simulation.RequestHandler (RequestHandler.java:run(127)) - s2.serverHandler0 is interrupted by java.io.InterruptedIOException: 
2023-10-31 16:06:16,206 [s2-impl-thread1] INFO  server.RaftServer$Division (ServerState.java:close(423)) - s2@group-F78B7583022A: applyIndex: -1
2023-10-31 16:06:16,207 [s2@group-F78B7583022A-cacheEviction-AwaitToRun] INFO  util.AwaitToRun (AwaitToRun.java:run(49)) - s2@group-F78B7583022A-cacheEviction-AwaitToRun-AwaitForSignal is interrupted
2023-10-31 16:06:17,058 [Timer-0] INFO  impl.MiniRaftCluster (MiniRaftCluster.java:lambda$start$6(349)) - TIMED-PRINT: printing ALL groups
  s0:   CLOSED  FOLLOWER s0@group-F78B7583022A:t1, leader=null, voted=s0, raftlog=Memoized:s0@group-F78B7583022A-SegmentedRaftLog:CLOSED:c-1, conf=0: peers:[s0|localhost:46719, s1|localhost:38495, s2|localhost:42573]|listeners:[], old=null CLOSED
  s1:   CLOSED  FOLLOWER s1@group-F78B7583022A:t2, leader=null, voted=s2, raftlog=Memoized:s1@group-F78B7583022A-SegmentedRaftLog:CLOSED:c-1, conf=1: peers:[s0|localhost:46719, s1|localhost:38495, s2|localhost:42573]|listeners:[], old=null CLOSED
  s2:  CLOSING  FOLLOWER s2@group-F78B7583022A:t2, leader=null, voted=s2, raftlog=Memoized:s2@group-F78B7583022A-SegmentedRaftLog:CLOSED:c-1, conf=1: peers:[s0|localhost:46719, s1|localhost:38495, s2|localhost:42573]|listeners:[], old=null CLOSING
2023-10-31 16:06:17,200 [s2-impl-thread1] INFO  segmented.SegmentedRaftLogWorker (SegmentedRaftLogWorker.java:close(243)) - s2@group-F78B7583022A-SegmentedRaftLogWorker close()
2023-10-31 16:06:17,201 [JvmPauseMonitor19] INFO  util.JvmPauseMonitor (JvmPauseMonitor.java:run(152)) - JvmPauseMonitor-s2: Stopped
2023-10-31 16:06:17,202 [Time-limited test] INFO  simulation.TestServerRestartWithSimulatedRpc (ServerRestartTests.java:lambda$assertCorruptedLogHeader$5(222)) - header    = 526166744c6f6731
2023-10-31 16:06:17,202 [Time-limited test] INFO  simulation.TestServerRestartWithSimulatedRpc (ServerRestartTests.java:lambda$assertCorruptedLogHeader$5(225)) - corrupted = 5200000000000000
2023-10-31 16:06:17,203 [Time-limited test] INFO  impl.MiniRaftCluster (MiniRaftCluster.java:killServer(533)) - killServer s2
2023-10-31 16:06:17,203 [Time-limited test] INFO  impl.MiniRaftCluster (MiniRaftCluster.java:newRaftServer(382)) - newRaftServer: s2, group-F78B7583022A:[s0|localhost:46719, s1|localhost:38495, s2|localhost:42573], format? false
2023-10-31 16:06:17,203 [Time-limited test] INFO  server.RaftServer (ConfUtils.java:logGet(46)) - raft.rpc.type = org.apache.ratis.server.simulation.SimulatedRpc (custom)
2023-10-31 16:06:17,203 [Time-limited test] INFO  impl.DataStreamServerImpl (ConfUtils.java:logGet(46)) - raft.datastream.type = DISABLED (default)
2023-10-31 16:06:17,203 [Time-limited test] INFO  server.RaftServerConfigKeys (ConfUtils.java:logGet(46)) - raft.server.sleep.deviation.threshold = 300ms (default)
2023-10-31 16:06:17,204 [Time-limited test] INFO  server.RaftServerConfigKeys (ConfUtils.java:logGet(46)) - raft.server.close.threshold = 60s (default)
2023-10-31 16:06:17,204 [Time-limited test] INFO  server.RaftServerConfigKeys (ConfUtils.java:logGet(46)) - raft.server.leaderelection.leader.step-down.wait-time = 10s (default)
2023-10-31 16:06:17,204 [Time-limited test] INFO  server.RaftServerConfigKeys (ConfUtils.java:logGet(46)) - raft.server.storage.dir = [/home/runner/work/ratis/ratis/ratis-test/target/test/data/3084f93d/MiniRaftClusterWithSimulatedRpce237fa44/s2] (custom)
2023-10-31 16:06:17,204 [Time-limited test] INFO  server.RaftServerConfigKeys (ConfUtils.java:logGet(46)) - raft.server.threadpool.proxy.cached = true (default)
2023-10-31 16:06:17,204 [Time-limited test] INFO  server.RaftServerConfigKeys (ConfUtils.java:logGet(46)) - raft.server.threadpool.proxy.size = 0 (default)
2023-10-31 16:06:17,205 [s2-impl-thread1] INFO  server.RaftServer (RaftServerProxy.java:initGroupDir(264)) - s2: found a subdirectory /home/runner/work/ratis/ratis/ratis-test/target/test/data/3084f93d/MiniRaftClusterWithSimulatedRpce237fa44/s2/69750052-33aa-491b-b994-f78b7583022a
2023-10-31 16:06:17,206 [Time-limited test] INFO  server.RaftServer (RaftServerProxy.java:addNew(100)) - s2: addNew group-F78B7583022A:[s0|localhost:46719, s1|localhost:38495, s2|localhost:42573] returns group-F78B7583022A:java.util.concurrent.CompletableFuture@5e782959[Not completed]
2023-10-31 16:06:17,206 [s2-groupManagement] INFO  server.RaftServerConfigKeys (ConfUtils.java:logGet(46)) - raft.server.log.segment.size.max = 32MB (=33554432) (default)
2023-10-31 16:06:17,206 [s2-groupManagement] INFO  server.RaftServerConfigKeys (ConfUtils.java:logGet(46)) - raft.server.log.preallocated.size = 4MB (=4194304) (default)
2023-10-31 16:06:17,206 [s2-groupManagement] INFO  server.RaftServerConfigKeys (ConfUtils.java:logGet(46)) - raft.server.log.write.buffer.size = 64KB (=65536) (default)
2023-10-31 16:06:17,206 [s2-groupManagement] INFO  server.RaftServer$Division (RaftServerImpl.java:<init>(255)) - s2: new RaftServerImpl for group-F78B7583022A:[s0|localhost:46719, s1|localhost:38495, s2|localhost:42573] with SimpleStateMachine4Testing:uninitialized
2023-10-31 16:06:17,207 [s2-groupManagement] INFO  server.RaftServerConfigKeys (ConfUtils.java:logGet(46)) - raft.server.rpc.timeout.min = 150ms (default)
2023-10-31 16:06:17,207 [s2-groupManagement] INFO  server.RaftServerConfigKeys (ConfUtils.java:logGet(46)) - raft.server.rpc.timeout.max = 300ms (default)
2023-10-31 16:06:17,207 [s2-groupManagement] INFO  server.RaftServerConfigKeys (ConfUtils.java:logGet(46)) - raft.server.rpc.sleep.time = 25ms (default)
2023-10-31 16:06:17,207 [s2-groupManagement] INFO  server.RaftServerConfigKeys (ConfUtils.java:logGet(46)) - raft.server.rpc.slowness.timeout = 60s (default)
2023-10-31 16:06:17,207 [s2-groupManagement] INFO  server.RaftServerConfigKeys (ConfUtils.java:logGet(46)) - raft.server.leaderelection.leader.step-down.wait-time = 10s (default)
2023-10-31 16:06:17,207 [s2-groupManagement] INFO  server.RaftServerConfigKeys (ConfUtils.java:logGet(46)) - raft.server.sleep.deviation.threshold = 300ms (default)
2023-10-31 16:06:17,207 [s2-groupManagement] INFO  server.RaftServer$Division (ServerState.java:<init>(113)) - s2@group-F78B7583022A: ConfigurationManager, init=-1: peers:[s0|localhost:46719, s1|localhost:38495, s2|localhost:42573]|listeners:[], old=null, confs=<EMPTY_MAP>
2023-10-31 16:06:17,207 [s2-groupManagement] INFO  server.RaftServerConfigKeys (ConfUtils.java:logGet(46)) - raft.server.notification.no-leader.timeout = 60s (default)
2023-10-31 16:06:17,207 [s2-groupManagement] INFO  server.RaftServerConfigKeys (ConfUtils.java:logGet(46)) - raft.server.read.timeout = 10s (default)
2023-10-31 16:06:17,207 [s2-groupManagement] INFO  server.RaftServerConfigKeys (ConfUtils.java:logGet(46)) - raft.server.retrycache.expirytime = 60s (default)
2023-10-31 16:06:17,207 [s2-groupManagement] INFO  server.RaftServerConfigKeys (ConfUtils.java:logGet(46)) - raft.server.retrycache.statistics.expirytime = 100μs (default)
2023-10-31 16:06:17,207 [s2-groupManagement] INFO  server.RaftServerConfigKeys (ConfUtils.java:logGet(46)) - raft.server.read.option = DEFAULT (default)
2023-10-31 16:06:17,208 [s2-groupManagement] INFO  server.RaftServerConfigKeys (ConfUtils.java:logGet(46)) - raft.server.read.read-after-write-consistent.write-index-cache.expiry-time = 60s (default)
2023-10-31 16:06:17,209 [s2-groupManagement] INFO  server.RaftServerConfigKeys (ConfUtils.java:logGet(46)) - raft.server.rpc.request.timeout = 3000ms (default)
2023-10-31 16:06:17,209 [s2-groupManagement] INFO  server.RaftServerConfigKeys (ConfUtils.java:logGet(46)) - raft.server.log.appender.install.snapshot.enabled = true (default)
2023-10-31 16:06:17,209 [s2-groupManagement] INFO  server.RaftServerConfigKeys (ConfUtils.java:logGet(46)) - raft.server.threadpool.server.cached = true (default)
2023-10-31 16:06:17,209 [s2-groupManagement] INFO  server.RaftServerConfigKeys (ConfUtils.java:logGet(46)) - raft.server.threadpool.server.size = 0 (default)
2023-10-31 16:06:17,209 [s2-groupManagement] INFO  server.RaftServerConfigKeys (ConfUtils.java:logGet(46)) - raft.server.threadpool.client.cached = true (default)
2023-10-31 16:06:17,209 [s2-groupManagement] INFO  server.RaftServerConfigKeys (ConfUtils.java:logGet(46)) - raft.server.threadpool.client.size = 0 (default)
2023-10-31 16:06:17,209 [s2-impl-thread1] INFO  server.RaftServerConfigKeys (ConfUtils.java:logGet(46)) - raft.server.storage.free-space.min = 0MB (=0) (default)
2023-10-31 16:06:17,209 [s2-impl-thread1] INFO  server.RaftServerConfigKeys (ConfUtils.java:logGet(46)) - raft.server.log.corruption.policy = EXCEPTION (default)
2023-10-31 16:06:17,209 [s2-impl-thread1] INFO  server.RaftServerConfigKeys (ConfUtils.java:logGet(46)) - raft.server.storage.dir = [/home/runner/work/ratis/ratis/ratis-test/target/test/data/3084f93d/MiniRaftClusterWithSimulatedRpce237fa44/s2] (custom)
2023-10-31 16:06:17,212 [s2-impl-thread1] INFO  storage.RaftStorageDirectory (RaftStorageDirectoryImpl.java:tryLock(232)) - Lock on /home/runner/work/ratis/ratis/ratis-test/target/test/data/3084f93d/MiniRaftClusterWithSimulatedRpce237fa44/s2/69750052-33aa-491b-b994-f78b7583022a/in_use.lock acquired by nodename 3366@fv-az462-937
2023-10-31 16:06:17,212 [s2-impl-thread1] INFO  storage.RaftStorage (RaftStorageImpl.java:analyzeAndRecoverStorage(117)) - Read RaftStorageMetadata{term=2, votedFor=s2} from /home/runner/work/ratis/ratis/ratis-test/target/test/data/3084f93d/MiniRaftClusterWithSimulatedRpce237fa44/s2/69750052-33aa-491b-b994-f78b7583022a/current/raft-meta
2023-10-31 16:06:17,213 [s2-impl-thread1] INFO  server.RaftServer$Division (ServerState.java:setRaftConf(382)) - s2@group-F78B7583022A: set configuration 1: peers:[s0|localhost:46719, s1|localhost:38495, s2|localhost:42573]|listeners:[], old=null
2023-10-31 16:06:17,213 [s2-impl-thread1] INFO  impl.SimpleStateMachine4Testing (SimpleStateMachine4Testing.java:initialize(213)) - Initializing SimpleStateMachine4Testing:uninitialized
2023-10-31 16:06:17,213 [s2-impl-thread1] INFO  impl.SimpleStateMachine4Testing (SimpleStateMachine4Testing.java:loadSnapshot(296)) - Loading snapshot null
2023-10-31 16:06:17,213 [s2-impl-thread1] INFO  server.RaftServerConfigKeys (ConfUtils.java:logGet(46)) - raft.server.log.use.memory = false (default)
2023-10-31 16:06:17,214 [s2-impl-thread1] INFO  server.RaftServerConfigKeys (ConfUtils.java:logGet(46)) - raft.server.log.purge.gap = 1024 (default)
2023-10-31 16:06:17,214 [s2-impl-thread1] INFO  server.RaftServerConfigKeys (ConfUtils.java:logGet(46)) - raft.server.log.appender.buffer.byte-limit = 4MB (=4194304) (default)
2023-10-31 16:06:17,214 [s2-impl-thread1] INFO  server.RaftServerConfigKeys (ConfUtils.java:logGet(46)) - raft.server.log.statemachine.data.read.timeout = 1000ms (default)
2023-10-31 16:06:17,214 [s2-impl-thread1] INFO  server.RaftServerConfigKeys (ConfUtils.java:logGet(46)) - raft.server.log.purge.preservation.log.num = 0 (default)
2023-10-31 16:06:17,214 [s2-impl-thread1] INFO  server.RaftServerConfigKeys (ConfUtils.java:logGet(46)) - raft.server.log.segment.size.max = 8KB (=8192) (custom)
2023-10-31 16:06:17,215 [s2-impl-thread1] INFO  server.RaftServerConfigKeys (ConfUtils.java:logGet(46)) - raft.server.log.segment.cache.num.max = 6 (default)
2023-10-31 16:06:17,215 [s2-impl-thread1] INFO  server.RaftServerConfigKeys (ConfUtils.java:logGet(46)) - raft.server.log.segment.cache.size.max = 200MB (=209715200) (default)
2023-10-31 16:06:17,215 [s2-impl-thread1] INFO  server.RaftServerConfigKeys (ConfUtils.java:logGet(46)) - raft.server.log.appender.buffer.byte-limit = 4MB (=4194304) (default)
2023-10-31 16:06:17,215 [s2-impl-thread1] INFO  util.AwaitToRun (AwaitToRun.java:start(81)) - Thread[s2@group-F78B7583022A-cacheEviction-AwaitToRun,5,main] started
2023-10-31 16:06:17,215 [s2-impl-thread1] INFO  segmented.SegmentedRaftLogWorker (SegmentedRaftLogWorker.java:<init>(184)) - new s2@group-F78B7583022A-SegmentedRaftLogWorker for RaftStorageImpl:Storage Directory /home/runner/work/ratis/ratis/ratis-test/target/test/data/3084f93d/MiniRaftClusterWithSimulatedRpce237fa44/s2/69750052-33aa-491b-b994-f78b7583022a
2023-10-31 16:06:17,215 [s2-impl-thread1] INFO  server.RaftServerConfigKeys (ConfUtils.java:logGet(46)) - raft.server.log.queue.byte-limit = 64MB (=67108864) (default)
2023-10-31 16:06:17,215 [s2-impl-thread1] INFO  server.RaftServerConfigKeys (ConfUtils.java:logGet(46)) - raft.server.log.queue.element-limit = 4096 (default)
2023-10-31 16:06:17,216 [s2-impl-thread1] INFO  server.RaftServerConfigKeys (ConfUtils.java:logGet(46)) - raft.server.log.segment.size.max = 8KB (=8192) (custom)
2023-10-31 16:06:17,216 [s2-impl-thread1] INFO  server.RaftServerConfigKeys (ConfUtils.java:logGet(46)) - raft.server.log.preallocated.size = 4MB (=4194304) (default)
2023-10-31 16:06:17,216 [s2-impl-thread1] INFO  server.RaftServerConfigKeys (ConfUtils.java:logGet(46)) - raft.server.log.force.sync.num = 128 (default)
2023-10-31 16:06:17,216 [s2-impl-thread1] INFO  server.RaftServerConfigKeys (ConfUtils.java:logGet(46)) - raft.server.log.statemachine.data.sync = true (default)
2023-10-31 16:06:17,216 [s2-impl-thread1] INFO  server.RaftServerConfigKeys (ConfUtils.java:logGet(46)) - raft.server.log.statemachine.data.sync.timeout = 10s (default)
2023-10-31 16:06:17,216 [s2-impl-thread1] INFO  server.RaftServerConfigKeys (ConfUtils.java:logGet(46)) - raft.server.log.statemachine.data.sync.timeout.retry = -1 (default)
2023-10-31 16:06:17,216 [s2-impl-thread1] INFO  server.RaftServerConfigKeys (ConfUtils.java:logGet(46)) - raft.server.log.write.buffer.size = 64KB (=65536) (default)
2023-10-31 16:06:17,216 [s2-impl-thread1] INFO  server.RaftServerConfigKeys (ConfUtils.java:logGet(46)) - raft.server.log.appender.buffer.byte-limit = 4MB (=4194304) (default)
2023-10-31 16:06:17,218 [s2-impl-thread1] INFO  server.RaftServerConfigKeys (ConfUtils.java:logGet(46)) - raft.server.log.unsafe-flush.enabled = false (default)
2023-10-31 16:06:17,218 [s2-impl-thread1] INFO  server.RaftServerConfigKeys (ConfUtils.java:logGet(46)) - raft.server.log.async-flush.enabled = false (default)
2023-10-31 16:06:17,218 [s2-impl-thread1] INFO  server.RaftServerConfigKeys (ConfUtils.java:logGet(46)) - raft.server.log.statemachine.data.caching.enabled = false (default)
2023-10-31 16:06:17,219 [s2-impl-thread1] INFO  server.RaftServer$Division (ServerState.java:setRaftConf(382)) - s2@group-F78B7583022A: set configuration 0: peers:[s0|localhost:46719, s1|localhost:38495, s2|localhost:42573]|listeners:[], old=null
2023-10-31 16:06:17,219 [s2-impl-thread1] INFO  segmented.LogSegment (LogSegment.java:loadSegment(170)) - Successfully read 1 entries from segment file /home/runner/work/ratis/ratis/ratis-test/target/test/data/3084f93d/MiniRaftClusterWithSimulatedRpce237fa44/s2/69750052-33aa-491b-b994-f78b7583022a/current/log_0-0
2023-10-31 16:06:17,219 [s2-impl-thread1] INFO  segmented.LogSegment (LogSegment.java:loadSegment(170)) - Successfully read 0 entries from segment file /home/runner/work/ratis/ratis/ratis-test/target/test/data/3084f93d/MiniRaftClusterWithSimulatedRpce237fa44/s2/69750052-33aa-491b-b994-f78b7583022a/current/log_inprogress_1
2023-10-31 16:06:17,219 [s2-impl-thread1] TRACE util.FileUtils (LogUtils.java:runAndLog(49)) - Successfully ran Files.delete /home/runner/work/ratis/ratis/ratis-test/target/test/data/3084f93d/MiniRaftClusterWithSimulatedRpce237fa44/s2/69750052-33aa-491b-b994-f78b7583022a/current/log_inprogress_1
2023-10-31 16:06:17,219 [s2-impl-thread1] INFO  segmented.SegmentedRaftLogWorker (SegmentedRaftLogWorker.java:lambda$new$0(135)) - s2@group-F78B7583022A-SegmentedRaftLogWorker: safeCacheEvictIndex: setUnconditionally 0 -> -1
2023-10-31 16:06:17,220 [s2-impl-thread1] INFO  server.RaftServer$Division (RaftServerImpl.java:start(390)) - s2@group-F78B7583022A: start as a follower, conf=1: peers:[s0|localhost:46719, s1|localhost:38495, s2|localhost:42573]|listeners:[], old=null
2023-10-31 16:06:17,220 [s2-impl-thread1] INFO  server.RaftServer$Division (RaftServerImpl.java:setRole(377)) - s2@group-F78B7583022A: changes role from      null to FOLLOWER at term 2 for startAsFollower
2023-10-31 16:06:17,220 [s2-impl-thread1] INFO  impl.RoleInfo (RoleInfo.java:updateAndGet(138)) - s2: start s2@group-F78B7583022A-FollowerState
2023-10-31 16:06:17,221 [s2-impl-thread1] INFO  util.JmxRegister (JmxRegister.java:tryRegister(44)) - Successfully registered JMX Bean with object name Ratis:service=RaftServer,group=group-F78B7583022A,id=s2
2023-10-31 16:06:17,221 [s2-impl-thread1] INFO  server.RaftServerConfigKeys (ConfUtils.java:logGet(46)) - raft.server.snapshot.trigger-when-stop.enabled = true (default)
2023-10-31 16:06:17,221 [s2-impl-thread1] INFO  server.RaftServerConfigKeys (ConfUtils.java:logGet(46)) - raft.server.snapshot.auto.trigger.enabled = false (default)
2023-10-31 16:06:17,221 [s2-impl-thread1] INFO  server.RaftServerConfigKeys (ConfUtils.java:logGet(46)) - raft.server.snapshot.retention.file.num = -1 (default)
2023-10-31 16:06:17,221 [s2-impl-thread1] INFO  server.RaftServerConfigKeys (ConfUtils.java:logGet(46)) - raft.server.log.purge.upto.snapshot.index = false (default)
2023-10-31 16:06:17,222 [s2@group-F78B7583022A-FollowerState] INFO  server.RaftServerConfigKeys (ConfUtils.java:logFallback(53)) - raft.server.rpc.first-election.timeout.min = 150ms (fallback to raft.server.rpc.timeout.min)
2023-10-31 16:06:17,222 [s2@group-F78B7583022A-FollowerState] INFO  server.RaftServerConfigKeys (ConfUtils.java:logFallback(53)) - raft.server.rpc.first-election.timeout.max = 300ms (fallback to raft.server.rpc.timeout.max)
2023-10-31 16:06:17,222 [Time-limited test] INFO  server.RaftServer (RaftServerProxy.java:startImpl(406)) - s2: start RPC server
2023-10-31 16:06:17,223 [Time-limited test] INFO  server.RaftServer (RaftServerProxy.java:lambda$close$9(416)) - s2: close
2023-10-31 16:06:17,224 [s2-impl-thread1] INFO  server.RaftServer$Division (RaftServerImpl.java:lambda$close$3(514)) - s2@group-F78B7583022A: shutdown
2023-10-31 16:06:17,224 [s2-impl-thread1] INFO  util.JmxRegister (JmxRegister.java:unregister(73)) - Successfully un-registered JMX Bean with object name Ratis:service=RaftServer,group=group-F78B7583022A,id=s2
2023-10-31 16:06:17,224 [s2-impl-thread1] INFO  impl.RoleInfo (RoleInfo.java:shutdownFollowerState(109)) - s2: shutdown s2@group-F78B7583022A-FollowerState
2023-10-31 16:06:17,224 [s2-impl-thread1] INFO  impl.StateMachineUpdater (StateMachineUpdater.java:stopAndJoin(157)) - s2@group-F78B7583022A-StateMachineUpdater: set stopIndex = -1
2023-10-31 16:06:17,224 [HandlerDaemon-0] INFO  simulation.RequestHandler (RequestHandler.java:run(127)) - s2.clientHandler0 is interrupted by java.io.InterruptedIOException: 
2023-10-31 16:06:17,224 [HandlerDaemon-1] INFO  simulation.RequestHandler (RequestHandler.java:run(127)) - s2.clientHandler1 is interrupted by java.io.InterruptedIOException: 
2023-10-31 16:06:17,224 [s2@group-F78B7583022A-FollowerState] INFO  impl.FollowerState (FollowerState.java:run(152)) - s2@group-F78B7583022A-FollowerState was interrupted
2023-10-31 16:06:17,225 [HandlerDaemon-2] INFO  simulation.RequestHandler (RequestHandler.java:run(127)) - s2.clientHandler2 is interrupted by java.io.InterruptedIOException: 
2023-10-31 16:06:17,225 [HandlerDaemon-0] INFO  simulation.RequestHandler (RequestHandler.java:run(127)) - s2.serverHandler0 is interrupted by java.io.InterruptedIOException: 
2023-10-31 16:06:17,226 [HandlerDaemon-2] INFO  simulation.RequestHandler (RequestHandler.java:run(127)) - s2.serverHandler2 is interrupted by java.io.InterruptedIOException: 
2023-10-31 16:06:17,226 [HandlerDaemon-1] INFO  simulation.RequestHandler (RequestHandler.java:run(127)) - s2.serverHandler1 is interrupted by java.io.InterruptedIOException: 
2023-10-31 16:06:17,226 [s2-impl-thread1] INFO  server.RaftServer$Division (ServerState.java:close(423)) - s2@group-F78B7583022A: applyIndex: -1
2023-10-31 16:06:17,226 [JvmPauseMonitor20] INFO  util.JvmPauseMonitor (JvmPauseMonitor.java:run(146)) - JvmPauseMonitor-s2: Started
2023-10-31 16:06:17,227 [s2@group-F78B7583022A-cacheEviction-AwaitToRun] INFO  util.AwaitToRun (AwaitToRun.java:run(49)) - s2@group-F78B7583022A-cacheEviction-AwaitToRun-AwaitForSignal is interrupted
2023-10-31 16:06:18,221 [s2-impl-thread1] INFO  segmented.SegmentedRaftLogWorker (SegmentedRaftLogWorker.java:close(243)) - s2@group-F78B7583022A-SegmentedRaftLogWorker close()
2023-10-31 16:06:18,223 [JvmPauseMonitor20] INFO  util.JvmPauseMonitor (JvmPauseMonitor.java:run(152)) - JvmPauseMonitor-s2: Stopped
2023-10-31 16:06:18,223 [Time-limited test] INFO  simulation.TestServerRestartWithSimulatedRpc (ServerRestartTests.java:lambda$assertCorruptedLogHeader$5(222)) - header    = 526166744c6f6731
2023-10-31 16:06:18,223 [Time-limited test] INFO  simulation.TestServerRestartWithSimulatedRpc (ServerRestartTests.java:lambda$assertCorruptedLogHeader$5(225)) - corrupted = 5261000000000000
2023-10-31 16:06:18,223 [Time-limited test] INFO  impl.MiniRaftCluster (MiniRaftCluster.java:killServer(533)) - killServer s2
2023-10-31 16:06:18,224 [Time-limited test] INFO  impl.MiniRaftCluster (MiniRaftCluster.java:newRaftServer(382)) - newRaftServer: s2, group-F78B7583022A:[s0|localhost:46719, s1|localhost:38495, s2|localhost:42573], format? false
2023-10-31 16:06:18,224 [Time-limited test] INFO  server.RaftServer (ConfUtils.java:logGet(46)) - raft.rpc.type = org.apache.ratis.server.simulation.SimulatedRpc (custom)
2023-10-31 16:06:18,224 [Time-limited test] INFO  impl.DataStreamServerImpl (ConfUtils.java:logGet(46)) - raft.datastream.type = DISABLED (default)
2023-10-31 16:06:18,224 [Time-limited test] INFO  server.RaftServerConfigKeys (ConfUtils.java:logGet(46)) - raft.server.sleep.deviation.threshold = 300ms (default)
2023-10-31 16:06:18,224 [Time-limited test] INFO  server.RaftServerConfigKeys (ConfUtils.java:logGet(46)) - raft.server.close.threshold = 60s (default)
2023-10-31 16:06:18,224 [Time-limited test] INFO  server.RaftServerConfigKeys (ConfUtils.java:logGet(46)) - raft.server.leaderelection.leader.step-down.wait-time = 10s (default)
2023-10-31 16:06:18,225 [Time-limited test] INFO  server.RaftServerConfigKeys (ConfUtils.java:logGet(46)) - raft.server.storage.dir = [/home/runner/work/ratis/ratis/ratis-test/target/test/data/3084f93d/MiniRaftClusterWithSimulatedRpce237fa44/s2] (custom)
2023-10-31 16:06:18,227 [Time-limited test] INFO  server.RaftServerConfigKeys (ConfUtils.java:logGet(46)) - raft.server.threadpool.proxy.cached = true (default)
2023-10-31 16:06:18,227 [Time-limited test] INFO  server.RaftServerConfigKeys (ConfUtils.java:logGet(46)) - raft.server.threadpool.proxy.size = 0 (default)
2023-10-31 16:06:18,228 [s2-impl-thread1] INFO  server.RaftServer (RaftServerProxy.java:initGroupDir(264)) - s2: found a subdirectory /home/runner/work/ratis/ratis/ratis-test/target/test/data/3084f93d/MiniRaftClusterWithSimulatedRpce237fa44/s2/69750052-33aa-491b-b994-f78b7583022a
2023-10-31 16:06:18,228 [Time-limited test] INFO  server.RaftServer (RaftServerProxy.java:addNew(100)) - s2: addNew group-F78B7583022A:[s0|localhost:46719, s1|localhost:38495, s2|localhost:42573] returns group-F78B7583022A:java.util.concurrent.CompletableFuture@8232d23[Not completed]
2023-10-31 16:06:18,229 [s2-groupManagement] INFO  server.RaftServerConfigKeys (ConfUtils.java:logGet(46)) - raft.server.log.segment.size.max = 32MB (=33554432) (default)
2023-10-31 16:06:18,229 [s2-groupManagement] INFO  server.RaftServerConfigKeys (ConfUtils.java:logGet(46)) - raft.server.log.preallocated.size = 4MB (=4194304) (default)
2023-10-31 16:06:18,229 [s2-groupManagement] INFO  server.RaftServerConfigKeys (ConfUtils.java:logGet(46)) - raft.server.log.write.buffer.size = 64KB (=65536) (default)
2023-10-31 16:06:18,229 [s2-groupManagement] INFO  server.RaftServer$Division (RaftServerImpl.java:<init>(255)) - s2: new RaftServerImpl for group-F78B7583022A:[s0|localhost:46719, s1|localhost:38495, s2|localhost:42573] with SimpleStateMachine4Testing:uninitialized
2023-10-31 16:06:18,229 [s2-groupManagement] INFO  server.RaftServerConfigKeys (ConfUtils.java:logGet(46)) - raft.server.rpc.timeout.min = 150ms (default)
2023-10-31 16:06:18,229 [s2-groupManagement] INFO  server.RaftServerConfigKeys (ConfUtils.java:logGet(46)) - raft.server.rpc.timeout.max = 300ms (default)
2023-10-31 16:06:18,229 [s2-groupManagement] INFO  server.RaftServerConfigKeys (ConfUtils.java:logGet(46)) - raft.server.rpc.sleep.time = 25ms (default)
2023-10-31 16:06:18,229 [s2-groupManagement] INFO  server.RaftServerConfigKeys (ConfUtils.java:logGet(46)) - raft.server.rpc.slowness.timeout = 60s (default)
2023-10-31 16:06:18,229 [s2-groupManagement] INFO  server.RaftServerConfigKeys (ConfUtils.java:logGet(46)) - raft.server.leaderelection.leader.step-down.wait-time = 10s (default)
2023-10-31 16:06:18,229 [s2-groupManagement] INFO  server.RaftServerConfigKeys (ConfUtils.java:logGet(46)) - raft.server.sleep.deviation.threshold = 300ms (default)
2023-10-31 16:06:18,229 [s2-groupManagement] INFO  server.RaftServer$Division (ServerState.java:<init>(113)) - s2@group-F78B7583022A: ConfigurationManager, init=-1: peers:[s0|localhost:46719, s1|localhost:38495, s2|localhost:42573]|listeners:[], old=null, confs=<EMPTY_MAP>
2023-10-31 16:06:18,229 [s2-groupManagement] INFO  server.RaftServerConfigKeys (ConfUtils.java:logGet(46)) - raft.server.notification.no-leader.timeout = 60s (default)
2023-10-31 16:06:18,230 [s2-groupManagement] INFO  server.RaftServerConfigKeys (ConfUtils.java:logGet(46)) - raft.server.read.timeout = 10s (default)
2023-10-31 16:06:18,230 [s2-groupManagement] INFO  server.RaftServerConfigKeys (ConfUtils.java:logGet(46)) - raft.server.retrycache.expirytime = 60s (default)
2023-10-31 16:06:18,230 [s2-groupManagement] INFO  server.RaftServerConfigKeys (ConfUtils.java:logGet(46)) - raft.server.retrycache.statistics.expirytime = 100μs (default)
2023-10-31 16:06:18,230 [s2-groupManagement] INFO  server.RaftServerConfigKeys (ConfUtils.java:logGet(46)) - raft.server.read.option = DEFAULT (default)
2023-10-31 16:06:18,230 [s2-groupManagement] INFO  server.RaftServerConfigKeys (ConfUtils.java:logGet(46)) - raft.server.read.read-after-write-consistent.write-index-cache.expiry-time = 60s (default)
2023-10-31 16:06:18,232 [s2-groupManagement] INFO  server.RaftServerConfigKeys (ConfUtils.java:logGet(46)) - raft.server.rpc.request.timeout = 3000ms (default)
2023-10-31 16:06:18,232 [s2-groupManagement] INFO  server.RaftServerConfigKeys (ConfUtils.java:logGet(46)) - raft.server.log.appender.install.snapshot.enabled = true (default)
2023-10-31 16:06:18,232 [s2-groupManagement] INFO  server.RaftServerConfigKeys (ConfUtils.java:logGet(46)) - raft.server.threadpool.server.cached = true (default)
2023-10-31 16:06:18,232 [s2-groupManagement] INFO  server.RaftServerConfigKeys (ConfUtils.java:logGet(46)) - raft.server.threadpool.server.size = 0 (default)
2023-10-31 16:06:18,232 [s2-groupManagement] INFO  server.RaftServerConfigKeys (ConfUtils.java:logGet(46)) - raft.server.threadpool.client.cached = true (default)
2023-10-31 16:06:18,232 [s2-groupManagement] INFO  server.RaftServerConfigKeys (ConfUtils.java:logGet(46)) - raft.server.threadpool.client.size = 0 (default)
2023-10-31 16:06:18,232 [s2-impl-thread1] INFO  server.RaftServerConfigKeys (ConfUtils.java:logGet(46)) - raft.server.storage.free-space.min = 0MB (=0) (default)
2023-10-31 16:06:18,232 [s2-impl-thread1] INFO  server.RaftServerConfigKeys (ConfUtils.java:logGet(46)) - raft.server.log.corruption.policy = EXCEPTION (default)
2023-10-31 16:06:18,232 [s2-impl-thread1] INFO  server.RaftServerConfigKeys (ConfUtils.java:logGet(46)) - raft.server.storage.dir = [/home/runner/work/ratis/ratis/ratis-test/target/test/data/3084f93d/MiniRaftClusterWithSimulatedRpce237fa44/s2] (custom)
2023-10-31 16:06:18,234 [s2-impl-thread1] INFO  storage.RaftStorageDirectory (RaftStorageDirectoryImpl.java:tryLock(232)) - Lock on /home/runner/work/ratis/ratis/ratis-test/target/test/data/3084f93d/MiniRaftClusterWithSimulatedRpce237fa44/s2/69750052-33aa-491b-b994-f78b7583022a/in_use.lock acquired by nodename 3366@fv-az462-937
2023-10-31 16:06:18,234 [s2-impl-thread1] INFO  storage.RaftStorage (RaftStorageImpl.java:analyzeAndRecoverStorage(117)) - Read RaftStorageMetadata{term=2, votedFor=s2} from /home/runner/work/ratis/ratis/ratis-test/target/test/data/3084f93d/MiniRaftClusterWithSimulatedRpce237fa44/s2/69750052-33aa-491b-b994-f78b7583022a/current/raft-meta
2023-10-31 16:06:18,235 [s2-impl-thread1] INFO  server.RaftServer$Division (ServerState.java:setRaftConf(382)) - s2@group-F78B7583022A: set configuration 1: peers:[s0|localhost:46719, s1|localhost:38495, s2|localhost:42573]|listeners:[], old=null
2023-10-31 16:06:18,235 [s2-impl-thread1] INFO  impl.SimpleStateMachine4Testing (SimpleStateMachine4Testing.java:initialize(213)) - Initializing SimpleStateMachine4Testing:uninitialized
2023-10-31 16:06:18,235 [s2-impl-thread1] INFO  impl.SimpleStateMachine4Testing (SimpleStateMachine4Testing.java:loadSnapshot(296)) - Loading snapshot null
2023-10-31 16:06:18,235 [s2-impl-thread1] INFO  server.RaftServerConfigKeys (ConfUtils.java:logGet(46)) - raft.server.log.use.memory = false (default)
2023-10-31 16:06:18,235 [s2-impl-thread1] INFO  server.RaftServerConfigKeys (ConfUtils.java:logGet(46)) - raft.server.log.purge.gap = 1024 (default)
2023-10-31 16:06:18,236 [s2-impl-thread1] INFO  server.RaftServerConfigKeys (ConfUtils.java:logGet(46)) - raft.server.log.appender.buffer.byte-limit = 4MB (=4194304) (default)
2023-10-31 16:06:18,236 [s2-impl-thread1] INFO  server.RaftServerConfigKeys (ConfUtils.java:logGet(46)) - raft.server.log.statemachine.data.read.timeout = 1000ms (default)
2023-10-31 16:06:18,236 [s2-impl-thread1] INFO  server.RaftServerConfigKeys (ConfUtils.java:logGet(46)) - raft.server.log.purge.preservation.log.num = 0 (default)
2023-10-31 16:06:18,236 [s2-impl-thread1] INFO  server.RaftServerConfigKeys (ConfUtils.java:logGet(46)) - raft.server.log.segment.size.max = 8KB (=8192) (custom)
2023-10-31 16:06:18,236 [s2-impl-thread1] INFO  server.RaftServerConfigKeys (ConfUtils.java:logGet(46)) - raft.server.log.segment.cache.num.max = 6 (default)
2023-10-31 16:06:18,236 [s2-impl-thread1] INFO  server.RaftServerConfigKeys (ConfUtils.java:logGet(46)) - raft.server.log.segment.cache.size.max = 200MB (=209715200) (default)
2023-10-31 16:06:18,237 [s2-impl-thread1] INFO  server.RaftServerConfigKeys (ConfUtils.java:logGet(46)) - raft.server.log.appender.buffer.byte-limit = 4MB (=4194304) (default)
2023-10-31 16:06:18,237 [s2-impl-thread1] INFO  util.AwaitToRun (AwaitToRun.java:start(81)) - Thread[s2@group-F78B7583022A-cacheEviction-AwaitToRun,5,main] started
2023-10-31 16:06:18,237 [s2-impl-thread1] INFO  segmented.SegmentedRaftLogWorker (SegmentedRaftLogWorker.java:<init>(184)) - new s2@group-F78B7583022A-SegmentedRaftLogWorker for RaftStorageImpl:Storage Directory /home/runner/work/ratis/ratis/ratis-test/target/test/data/3084f93d/MiniRaftClusterWithSimulatedRpce237fa44/s2/69750052-33aa-491b-b994-f78b7583022a
2023-10-31 16:06:18,237 [s2-impl-thread1] INFO  server.RaftServerConfigKeys (ConfUtils.java:logGet(46)) - raft.server.log.queue.byte-limit = 64MB (=67108864) (default)
2023-10-31 16:06:18,237 [s2-impl-thread1] INFO  server.RaftServerConfigKeys (ConfUtils.java:logGet(46)) - raft.server.log.queue.element-limit = 4096 (default)
2023-10-31 16:06:18,237 [s2-impl-thread1] INFO  server.RaftServerConfigKeys (ConfUtils.java:logGet(46)) - raft.server.log.segment.size.max = 8KB (=8192) (custom)
2023-10-31 16:06:18,237 [s2-impl-thread1] INFO  server.RaftServerConfigKeys (ConfUtils.java:logGet(46)) - raft.server.log.preallocated.size = 4MB (=4194304) (default)
2023-10-31 16:06:18,237 [s2-impl-thread1] INFO  server.RaftServerConfigKeys (ConfUtils.java:logGet(46)) - raft.server.log.force.sync.num = 128 (default)
2023-10-31 16:06:18,237 [s2-impl-thread1] INFO  server.RaftServerConfigKeys (ConfUtils.java:logGet(46)) - raft.server.log.statemachine.data.sync = true (default)
2023-10-31 16:06:18,237 [s2-impl-thread1] INFO  server.RaftServerConfigKeys (ConfUtils.java:logGet(46)) - raft.server.log.statemachine.data.sync.timeout = 10s (default)
2023-10-31 16:06:18,238 [s2-impl-thread1] INFO  server.RaftServerConfigKeys (ConfUtils.java:logGet(46)) - raft.server.log.statemachine.data.sync.timeout.retry = -1 (default)
2023-10-31 16:06:18,238 [s2-impl-thread1] INFO  server.RaftServerConfigKeys (ConfUtils.java:logGet(46)) - raft.server.log.write.buffer.size = 64KB (=65536) (default)
2023-10-31 16:06:18,238 [s2-impl-thread1] INFO  server.RaftServerConfigKeys (ConfUtils.java:logGet(46)) - raft.server.log.appender.buffer.byte-limit = 4MB (=4194304) (default)
2023-10-31 16:06:18,239 [s2-impl-thread1] INFO  server.RaftServerConfigKeys (ConfUtils.java:logGet(46)) - raft.server.log.unsafe-flush.enabled = false (default)
2023-10-31 16:06:18,239 [s2-impl-thread1] INFO  server.RaftServerConfigKeys (ConfUtils.java:logGet(46)) - raft.server.log.async-flush.enabled = false (default)
2023-10-31 16:06:18,239 [s2-impl-thread1] INFO  server.RaftServerConfigKeys (ConfUtils.java:logGet(46)) - raft.server.log.statemachine.data.caching.enabled = false (default)
2023-10-31 16:06:18,240 [s2-impl-thread1] INFO  server.RaftServer$Division (ServerState.java:setRaftConf(382)) - s2@group-F78B7583022A: set configuration 0: peers:[s0|localhost:46719, s1|localhost:38495, s2|localhost:42573]|listeners:[], old=null
2023-10-31 16:06:18,240 [s2-impl-thread1] INFO  segmented.LogSegment (LogSegment.java:loadSegment(170)) - Successfully read 1 entries from segment file /home/runner/work/ratis/ratis/ratis-test/target/test/data/3084f93d/MiniRaftClusterWithSimulatedRpce237fa44/s2/69750052-33aa-491b-b994-f78b7583022a/current/log_0-0
2023-10-31 16:06:18,241 [s2-impl-thread1] INFO  segmented.LogSegment (LogSegment.java:loadSegment(170)) - Successfully read 0 entries from segment file /home/runner/work/ratis/ratis/ratis-test/target/test/data/3084f93d/MiniRaftClusterWithSimulatedRpce237fa44/s2/69750052-33aa-491b-b994-f78b7583022a/current/log_inprogress_1
2023-10-31 16:06:18,241 [s2-impl-thread1] TRACE util.FileUtils (LogUtils.java:runAndLog(49)) - Successfully ran Files.delete /home/runner/work/ratis/ratis/ratis-test/target/test/data/3084f93d/MiniRaftClusterWithSimulatedRpce237fa44/s2/69750052-33aa-491b-b994-f78b7583022a/current/log_inprogress_1
2023-10-31 16:06:18,241 [s2-impl-thread1] INFO  segmented.SegmentedRaftLogWorker (SegmentedRaftLogWorker.java:lambda$new$0(135)) - s2@group-F78B7583022A-SegmentedRaftLogWorker: safeCacheEvictIndex: setUnconditionally 0 -> -1
2023-10-31 16:06:18,241 [s2-impl-thread1] INFO  server.RaftServer$Division (RaftServerImpl.java:start(390)) - s2@group-F78B7583022A: start as a follower, conf=1: peers:[s0|localhost:46719, s1|localhost:38495, s2|localhost:42573]|listeners:[], old=null
2023-10-31 16:06:18,241 [s2-impl-thread1] INFO  server.RaftServer$Division (RaftServerImpl.java:setRole(377)) - s2@group-F78B7583022A: changes role from      null to FOLLOWER at term 2 for startAsFollower
2023-10-31 16:06:18,241 [s2-impl-thread1] INFO  impl.RoleInfo (RoleInfo.java:updateAndGet(138)) - s2: start s2@group-F78B7583022A-FollowerState
2023-10-31 16:06:18,242 [s2@group-F78B7583022A-FollowerState] INFO  server.RaftServerConfigKeys (ConfUtils.java:logFallback(53)) - raft.server.rpc.first-election.timeout.min = 150ms (fallback to raft.server.rpc.timeout.min)
2023-10-31 16:06:18,242 [s2-impl-thread1] INFO  util.JmxRegister (JmxRegister.java:tryRegister(44)) - Successfully registered JMX Bean with object name Ratis:service=RaftServer,group=group-F78B7583022A,id=s2
2023-10-31 16:06:18,242 [s2@group-F78B7583022A-FollowerState] INFO  server.RaftServerConfigKeys (ConfUtils.java:logFallback(53)) - raft.server.rpc.first-election.timeout.max = 300ms (fallback to raft.server.rpc.timeout.max)
2023-10-31 16:06:18,242 [s2-impl-thread1] INFO  server.RaftServerConfigKeys (ConfUtils.java:logGet(46)) - raft.server.snapshot.trigger-when-stop.enabled = true (default)
2023-10-31 16:06:18,242 [s2-impl-thread1] INFO  server.RaftServerConfigKeys (ConfUtils.java:logGet(46)) - raft.server.snapshot.auto.trigger.enabled = false (default)
2023-10-31 16:06:18,242 [s2-impl-thread1] INFO  server.RaftServerConfigKeys (ConfUtils.java:logGet(46)) - raft.server.snapshot.retention.file.num = -1 (default)
2023-10-31 16:06:18,242 [s2-impl-thread1] INFO  server.RaftServerConfigKeys (ConfUtils.java:logGet(46)) - raft.server.log.purge.upto.snapshot.index = false (default)
2023-10-31 16:06:18,243 [Time-limited test] INFO  server.RaftServer (RaftServerProxy.java:startImpl(406)) - s2: start RPC server
2023-10-31 16:06:18,243 [Time-limited test] INFO  server.RaftServer (RaftServerProxy.java:lambda$close$9(416)) - s2: close
2023-10-31 16:06:18,243 [JvmPauseMonitor21] INFO  util.JvmPauseMonitor (JvmPauseMonitor.java:run(146)) - JvmPauseMonitor-s2: Started
2023-10-31 16:06:18,244 [s2-impl-thread1] INFO  server.RaftServer$Division (RaftServerImpl.java:lambda$close$3(514)) - s2@group-F78B7583022A: shutdown
2023-10-31 16:06:18,244 [s2-impl-thread1] INFO  util.JmxRegister (JmxRegister.java:unregister(73)) - Successfully un-registered JMX Bean with object name Ratis:service=RaftServer,group=group-F78B7583022A,id=s2
2023-10-31 16:06:18,244 [s2-impl-thread1] INFO  impl.RoleInfo (RoleInfo.java:shutdownFollowerState(109)) - s2: shutdown s2@group-F78B7583022A-FollowerState
2023-10-31 16:06:18,244 [s2-impl-thread1] INFO  impl.StateMachineUpdater (StateMachineUpdater.java:stopAndJoin(157)) - s2@group-F78B7583022A-StateMachineUpdater: set stopIndex = -1
2023-10-31 16:06:18,244 [s2@group-F78B7583022A-FollowerState] INFO  impl.FollowerState (FollowerState.java:run(152)) - s2@group-F78B7583022A-FollowerState was interrupted
2023-10-31 16:06:18,244 [HandlerDaemon-0] INFO  simulation.RequestHandler (RequestHandler.java:run(127)) - s2.clientHandler0 is interrupted by java.io.InterruptedIOException: 
2023-10-31 16:06:18,245 [s2-impl-thread1] INFO  server.RaftServer$Division (ServerState.java:close(423)) - s2@group-F78B7583022A: applyIndex: -1
2023-10-31 16:06:18,244 [HandlerDaemon-1] INFO  simulation.RequestHandler (RequestHandler.java:run(127)) - s2.clientHandler1 is interrupted by java.io.InterruptedIOException: 
2023-10-31 16:06:18,245 [s2@group-F78B7583022A-cacheEviction-AwaitToRun] INFO  util.AwaitToRun (AwaitToRun.java:run(49)) - s2@group-F78B7583022A-cacheEviction-AwaitToRun-AwaitForSignal is interrupted
2023-10-31 16:06:18,245 [HandlerDaemon-1] INFO  simulation.RequestHandler (RequestHandler.java:run(127)) - s2.serverHandler1 is interrupted by java.io.InterruptedIOException: 
2023-10-31 16:06:18,245 [HandlerDaemon-0] INFO  simulation.RequestHandler (RequestHandler.java:run(127)) - s2.serverHandler0 is interrupted by java.io.InterruptedIOException: 
2023-10-31 16:06:18,245 [HandlerDaemon-2] INFO  simulation.RequestHandler (RequestHandler.java:run(127)) - s2.serverHandler2 is interrupted by java.io.InterruptedIOException: 
2023-10-31 16:06:19,242 [s2-impl-thread1] INFO  segmented.SegmentedRaftLogWorker (SegmentedRaftLogWorker.java:close(243)) - s2@group-F78B7583022A-SegmentedRaftLogWorker close()
2023-10-31 16:06:19,243 [JvmPauseMonitor21] INFO  util.JvmPauseMonitor (JvmPauseMonitor.java:run(152)) - JvmPauseMonitor-s2: Stopped
2023-10-31 16:06:19,244 [Time-limited test] INFO  simulation.TestServerRestartWithSimulatedRpc (ServerRestartTests.java:lambda$assertCorruptedLogHeader$5(222)) - header    = 526166744c6f6731
2023-10-31 16:06:19,244 [Time-limited test] INFO  simulation.TestServerRestartWithSimulatedRpc (ServerRestartTests.java:lambda$assertCorruptedLogHeader$5(225)) - corrupted = 5261660000000000
2023-10-31 16:06:19,244 [Time-limited test] INFO  impl.MiniRaftCluster (MiniRaftCluster.java:killServer(533)) - killServer s2
2023-10-31 16:06:19,244 [Time-limited test] INFO  impl.MiniRaftCluster (MiniRaftCluster.java:newRaftServer(382)) - newRaftServer: s2, group-F78B7583022A:[s0|localhost:46719, s1|localhost:38495, s2|localhost:42573], format? false
2023-10-31 16:06:19,245 [Time-limited test] INFO  server.RaftServer (ConfUtils.java:logGet(46)) - raft.rpc.type = org.apache.ratis.server.simulation.SimulatedRpc (custom)
2023-10-31 16:06:19,245 [Time-limited test] INFO  impl.DataStreamServerImpl (ConfUtils.java:logGet(46)) - raft.datastream.type = DISABLED (default)
2023-10-31 16:06:19,245 [Time-limited test] INFO  server.RaftServerConfigKeys (ConfUtils.java:logGet(46)) - raft.server.sleep.deviation.threshold = 300ms (default)
2023-10-31 16:06:19,245 [Time-limited test] INFO  server.RaftServerConfigKeys (ConfUtils.java:logGet(46)) - raft.server.close.threshold = 60s (default)
2023-10-31 16:06:19,245 [Time-limited test] INFO  server.RaftServerConfigKeys (ConfUtils.java:logGet(46)) - raft.server.leaderelection.leader.step-down.wait-time = 10s (default)
2023-10-31 16:06:19,246 [Time-limited test] INFO  server.RaftServerConfigKeys (ConfUtils.java:logGet(46)) - raft.server.storage.dir = [/home/runner/work/ratis/ratis/ratis-test/target/test/data/3084f93d/MiniRaftClusterWithSimulatedRpce237fa44/s2] (custom)
2023-10-31 16:06:19,246 [Time-limited test] INFO  server.RaftServerConfigKeys (ConfUtils.java:logGet(46)) - raft.server.threadpool.proxy.cached = true (default)
2023-10-31 16:06:19,246 [Time-limited test] INFO  server.RaftServerConfigKeys (ConfUtils.java:logGet(46)) - raft.server.threadpool.proxy.size = 0 (default)
2023-10-31 16:06:19,247 [s2-impl-thread1] INFO  server.RaftServer (RaftServerProxy.java:initGroupDir(264)) - s2: found a subdirectory /home/runner/work/ratis/ratis/ratis-test/target/test/data/3084f93d/MiniRaftClusterWithSimulatedRpce237fa44/s2/69750052-33aa-491b-b994-f78b7583022a
2023-10-31 16:06:19,247 [Time-limited test] INFO  server.RaftServer (RaftServerProxy.java:addNew(100)) - s2: addNew group-F78B7583022A:[s0|localhost:46719, s1|localhost:38495, s2|localhost:42573] returns group-F78B7583022A:java.util.concurrent.CompletableFuture@f27462c[Not completed]
2023-10-31 16:06:19,247 [s2-groupManagement] INFO  server.RaftServerConfigKeys (ConfUtils.java:logGet(46)) - raft.server.log.segment.size.max = 32MB (=33554432) (default)
2023-10-31 16:06:19,247 [s2-groupManagement] INFO  server.RaftServerConfigKeys (ConfUtils.java:logGet(46)) - raft.server.log.preallocated.size = 4MB (=4194304) (default)
2023-10-31 16:06:19,248 [s2-groupManagement] INFO  server.RaftServerConfigKeys (ConfUtils.java:logGet(46)) - raft.server.log.write.buffer.size = 64KB (=65536) (default)
2023-10-31 16:06:19,248 [s2-groupManagement] INFO  server.RaftServer$Division (RaftServerImpl.java:<init>(255)) - s2: new RaftServerImpl for group-F78B7583022A:[s0|localhost:46719, s1|localhost:38495, s2|localhost:42573] with SimpleStateMachine4Testing:uninitialized
2023-10-31 16:06:19,248 [s2-groupManagement] INFO  server.RaftServerConfigKeys (ConfUtils.java:logGet(46)) - raft.server.rpc.timeout.min = 150ms (default)
2023-10-31 16:06:19,248 [s2-groupManagement] INFO  server.RaftServerConfigKeys (ConfUtils.java:logGet(46)) - raft.server.rpc.timeout.max = 300ms (default)
2023-10-31 16:06:19,248 [s2-groupManagement] INFO  server.RaftServerConfigKeys (ConfUtils.java:logGet(46)) - raft.server.rpc.sleep.time = 25ms (default)
2023-10-31 16:06:19,248 [s2-groupManagement] INFO  server.RaftServerConfigKeys (ConfUtils.java:logGet(46)) - raft.server.rpc.slowness.timeout = 60s (default)
2023-10-31 16:06:19,248 [s2-groupManagement] INFO  server.RaftServerConfigKeys (ConfUtils.java:logGet(46)) - raft.server.leaderelection.leader.step-down.wait-time = 10s (default)
2023-10-31 16:06:19,248 [s2-groupManagement] INFO  server.RaftServerConfigKeys (ConfUtils.java:logGet(46)) - raft.server.sleep.deviation.threshold = 300ms (default)
2023-10-31 16:06:19,248 [s2-groupManagement] INFO  server.RaftServer$Division (ServerState.java:<init>(113)) - s2@group-F78B7583022A: ConfigurationManager, init=-1: peers:[s0|localhost:46719, s1|localhost:38495, s2|localhost:42573]|listeners:[], old=null, confs=<EMPTY_MAP>
2023-10-31 16:06:19,248 [s2-groupManagement] INFO  server.RaftServerConfigKeys (ConfUtils.java:logGet(46)) - raft.server.notification.no-leader.timeout = 60s (default)
2023-10-31 16:06:19,248 [s2-groupManagement] INFO  server.RaftServerConfigKeys (ConfUtils.java:logGet(46)) - raft.server.read.timeout = 10s (default)
2023-10-31 16:06:19,248 [s2-groupManagement] INFO  server.RaftServerConfigKeys (ConfUtils.java:logGet(46)) - raft.server.retrycache.expirytime = 60s (default)
2023-10-31 16:06:19,248 [s2-groupManagement] INFO  server.RaftServerConfigKeys (ConfUtils.java:logGet(46)) - raft.server.retrycache.statistics.expirytime = 100μs (default)
2023-10-31 16:06:19,249 [s2-groupManagement] INFO  server.RaftServerConfigKeys (ConfUtils.java:logGet(46)) - raft.server.read.option = DEFAULT (default)
2023-10-31 16:06:19,249 [s2-groupManagement] INFO  server.RaftServerConfigKeys (ConfUtils.java:logGet(46)) - raft.server.read.read-after-write-consistent.write-index-cache.expiry-time = 60s (default)
2023-10-31 16:06:19,250 [s2-groupManagement] INFO  server.RaftServerConfigKeys (ConfUtils.java:logGet(46)) - raft.server.rpc.request.timeout = 3000ms (default)
2023-10-31 16:06:19,250 [s2-groupManagement] INFO  server.RaftServerConfigKeys (ConfUtils.java:logGet(46)) - raft.server.log.appender.install.snapshot.enabled = true (default)
2023-10-31 16:06:19,250 [s2-groupManagement] INFO  server.RaftServerConfigKeys (ConfUtils.java:logGet(46)) - raft.server.threadpool.server.cached = true (default)
2023-10-31 16:06:19,250 [s2-groupManagement] INFO  server.RaftServerConfigKeys (ConfUtils.java:logGet(46)) - raft.server.threadpool.server.size = 0 (default)
2023-10-31 16:06:19,250 [s2-groupManagement] INFO  server.RaftServerConfigKeys (ConfUtils.java:logGet(46)) - raft.server.threadpool.client.cached = true (default)
2023-10-31 16:06:19,250 [s2-groupManagement] INFO  server.RaftServerConfigKeys (ConfUtils.java:logGet(46)) - raft.server.threadpool.client.size = 0 (default)
2023-10-31 16:06:19,251 [s2-impl-thread1] INFO  server.RaftServerConfigKeys (ConfUtils.java:logGet(46)) - raft.server.storage.free-space.min = 0MB (=0) (default)
2023-10-31 16:06:19,251 [s2-impl-thread1] INFO  server.RaftServerConfigKeys (ConfUtils.java:logGet(46)) - raft.server.log.corruption.policy = EXCEPTION (default)
2023-10-31 16:06:19,251 [s2-impl-thread1] INFO  server.RaftServerConfigKeys (ConfUtils.java:logGet(46)) - raft.server.storage.dir = [/home/runner/work/ratis/ratis/ratis-test/target/test/data/3084f93d/MiniRaftClusterWithSimulatedRpce237fa44/s2] (custom)
2023-10-31 16:06:19,254 [s2-impl-thread1] INFO  storage.RaftStorageDirectory (RaftStorageDirectoryImpl.java:tryLock(232)) - Lock on /home/runner/work/ratis/ratis/ratis-test/target/test/data/3084f93d/MiniRaftClusterWithSimulatedRpce237fa44/s2/69750052-33aa-491b-b994-f78b7583022a/in_use.lock acquired by nodename 3366@fv-az462-937
2023-10-31 16:06:19,254 [s2-impl-thread1] INFO  storage.RaftStorage (RaftStorageImpl.java:analyzeAndRecoverStorage(117)) - Read RaftStorageMetadata{term=2, votedFor=s2} from /home/runner/work/ratis/ratis/ratis-test/target/test/data/3084f93d/MiniRaftClusterWithSimulatedRpce237fa44/s2/69750052-33aa-491b-b994-f78b7583022a/current/raft-meta
2023-10-31 16:06:19,255 [s2-impl-thread1] INFO  server.RaftServer$Division (ServerState.java:setRaftConf(382)) - s2@group-F78B7583022A: set configuration 1: peers:[s0|localhost:46719, s1|localhost:38495, s2|localhost:42573]|listeners:[], old=null
2023-10-31 16:06:19,255 [s2-impl-thread1] INFO  impl.SimpleStateMachine4Testing (SimpleStateMachine4Testing.java:initialize(213)) - Initializing SimpleStateMachine4Testing:uninitialized
2023-10-31 16:06:19,255 [s2-impl-thread1] INFO  impl.SimpleStateMachine4Testing (SimpleStateMachine4Testing.java:loadSnapshot(296)) - Loading snapshot null
2023-10-31 16:06:19,255 [s2-impl-thread1] INFO  server.RaftServerConfigKeys (ConfUtils.java:logGet(46)) - raft.server.log.use.memory = false (default)
2023-10-31 16:06:19,255 [s2-impl-thread1] INFO  server.RaftServerConfigKeys (ConfUtils.java:logGet(46)) - raft.server.log.purge.gap = 1024 (default)
2023-10-31 16:06:19,256 [s2-impl-thread1] INFO  server.RaftServerConfigKeys (ConfUtils.java:logGet(46)) - raft.server.log.appender.buffer.byte-limit = 4MB (=4194304) (default)
2023-10-31 16:06:19,256 [s2-impl-thread1] INFO  server.RaftServerConfigKeys (ConfUtils.java:logGet(46)) - raft.server.log.statemachine.data.read.timeout = 1000ms (default)
2023-10-31 16:06:19,256 [s2-impl-thread1] INFO  server.RaftServerConfigKeys (ConfUtils.java:logGet(46)) - raft.server.log.purge.preservation.log.num = 0 (default)
2023-10-31 16:06:19,256 [s2-impl-thread1] INFO  server.RaftServerConfigKeys (ConfUtils.java:logGet(46)) - raft.server.log.segment.size.max = 8KB (=8192) (custom)
2023-10-31 16:06:19,256 [s2-impl-thread1] INFO  server.RaftServerConfigKeys (ConfUtils.java:logGet(46)) - raft.server.log.segment.cache.num.max = 6 (default)
2023-10-31 16:06:19,257 [s2-impl-thread1] INFO  server.RaftServerConfigKeys (ConfUtils.java:logGet(46)) - raft.server.log.segment.cache.size.max = 200MB (=209715200) (default)
2023-10-31 16:06:19,257 [s2-impl-thread1] INFO  server.RaftServerConfigKeys (ConfUtils.java:logGet(46)) - raft.server.log.appender.buffer.byte-limit = 4MB (=4194304) (default)
2023-10-31 16:06:19,257 [s2-impl-thread1] INFO  util.AwaitToRun (AwaitToRun.java:start(81)) - Thread[s2@group-F78B7583022A-cacheEviction-AwaitToRun,5,main] started
2023-10-31 16:06:19,257 [s2-impl-thread1] INFO  segmented.SegmentedRaftLogWorker (SegmentedRaftLogWorker.java:<init>(184)) - new s2@group-F78B7583022A-SegmentedRaftLogWorker for RaftStorageImpl:Storage Directory /home/runner/work/ratis/ratis/ratis-test/target/test/data/3084f93d/MiniRaftClusterWithSimulatedRpce237fa44/s2/69750052-33aa-491b-b994-f78b7583022a
2023-10-31 16:06:19,257 [s2-impl-thread1] INFO  server.RaftServerConfigKeys (ConfUtils.java:logGet(46)) - raft.server.log.queue.byte-limit = 64MB (=67108864) (default)
2023-10-31 16:06:19,257 [s2-impl-thread1] INFO  server.RaftServerConfigKeys (ConfUtils.java:logGet(46)) - raft.server.log.queue.element-limit = 4096 (default)
2023-10-31 16:06:19,257 [s2-impl-thread1] INFO  server.RaftServerConfigKeys (ConfUtils.java:logGet(46)) - raft.server.log.segment.size.max = 8KB (=8192) (custom)
2023-10-31 16:06:19,257 [s2-impl-thread1] INFO  server.RaftServerConfigKeys (ConfUtils.java:logGet(46)) - raft.server.log.preallocated.size = 4MB (=4194304) (default)
2023-10-31 16:06:19,257 [s2-impl-thread1] INFO  server.RaftServerConfigKeys (ConfUtils.java:logGet(46)) - raft.server.log.force.sync.num = 128 (default)
2023-10-31 16:06:19,257 [s2-impl-thread1] INFO  server.RaftServerConfigKeys (ConfUtils.java:logGet(46)) - raft.server.log.statemachine.data.sync = true (default)
2023-10-31 16:06:19,257 [s2-impl-thread1] INFO  server.RaftServerConfigKeys (ConfUtils.java:logGet(46)) - raft.server.log.statemachine.data.sync.timeout = 10s (default)
2023-10-31 16:06:19,257 [s2-impl-thread1] INFO  server.RaftServerConfigKeys (ConfUtils.java:logGet(46)) - raft.server.log.statemachine.data.sync.timeout.retry = -1 (default)
2023-10-31 16:06:19,258 [s2-impl-thread1] INFO  server.RaftServerConfigKeys (ConfUtils.java:logGet(46)) - raft.server.log.write.buffer.size = 64KB (=65536) (default)
2023-10-31 16:06:19,258 [s2-impl-thread1] INFO  server.RaftServerConfigKeys (ConfUtils.java:logGet(46)) - raft.server.log.appender.buffer.byte-limit = 4MB (=4194304) (default)
2023-10-31 16:06:19,269 [s2-impl-thread1] INFO  server.RaftServerConfigKeys (ConfUtils.java:logGet(46)) - raft.server.log.unsafe-flush.enabled = false (default)
2023-10-31 16:06:19,269 [s2-impl-thread1] INFO  server.RaftServerConfigKeys (ConfUtils.java:logGet(46)) - raft.server.log.async-flush.enabled = false (default)
2023-10-31 16:06:19,269 [s2-impl-thread1] INFO  server.RaftServerConfigKeys (ConfUtils.java:logGet(46)) - raft.server.log.statemachine.data.caching.enabled = false (default)
2023-10-31 16:06:19,270 [s2-impl-thread1] INFO  server.RaftServer$Division (ServerState.java:setRaftConf(382)) - s2@group-F78B7583022A: set configuration 0: peers:[s0|localhost:46719, s1|localhost:38495, s2|localhost:42573]|listeners:[], old=null
2023-10-31 16:06:19,270 [s2-impl-thread1] INFO  segmented.LogSegment (LogSegment.java:loadSegment(170)) - Successfully read 1 entries from segment file /home/runner/work/ratis/ratis/ratis-test/target/test/data/3084f93d/MiniRaftClusterWithSimulatedRpce237fa44/s2/69750052-33aa-491b-b994-f78b7583022a/current/log_0-0
2023-10-31 16:06:19,272 [s2-impl-thread1] INFO  segmented.LogSegment (LogSegment.java:loadSegment(170)) - Successfully read 0 entries from segment file /home/runner/work/ratis/ratis/ratis-test/target/test/data/3084f93d/MiniRaftClusterWithSimulatedRpce237fa44/s2/69750052-33aa-491b-b994-f78b7583022a/current/log_inprogress_1
2023-10-31 16:06:19,272 [s2-impl-thread1] TRACE util.FileUtils (LogUtils.java:runAndLog(49)) - Successfully ran Files.delete /home/runner/work/ratis/ratis/ratis-test/target/test/data/3084f93d/MiniRaftClusterWithSimulatedRpce237fa44/s2/69750052-33aa-491b-b994-f78b7583022a/current/log_inprogress_1
2023-10-31 16:06:19,272 [s2-impl-thread1] INFO  segmented.SegmentedRaftLogWorker (SegmentedRaftLogWorker.java:lambda$new$0(135)) - s2@group-F78B7583022A-SegmentedRaftLogWorker: safeCacheEvictIndex: setUnconditionally 0 -> -1
2023-10-31 16:06:19,273 [s2-impl-thread1] INFO  server.RaftServer$Division (RaftServerImpl.java:start(390)) - s2@group-F78B7583022A: start as a follower, conf=1: peers:[s0|localhost:46719, s1|localhost:38495, s2|localhost:42573]|listeners:[], old=null
2023-10-31 16:06:19,273 [s2-impl-thread1] INFO  server.RaftServer$Division (RaftServerImpl.java:setRole(377)) - s2@group-F78B7583022A: changes role from      null to FOLLOWER at term 2 for startAsFollower
2023-10-31 16:06:19,273 [s2-impl-thread1] INFO  impl.RoleInfo (RoleInfo.java:updateAndGet(138)) - s2: start s2@group-F78B7583022A-FollowerState
2023-10-31 16:06:19,286 [s2-impl-thread1] INFO  util.JmxRegister (JmxRegister.java:tryRegister(44)) - Successfully registered JMX Bean with object name Ratis:service=RaftServer,group=group-F78B7583022A,id=s2
2023-10-31 16:06:19,286 [s2-impl-thread1] INFO  server.RaftServerConfigKeys (ConfUtils.java:logGet(46)) - raft.server.snapshot.trigger-when-stop.enabled = true (default)
2023-10-31 16:06:19,286 [s2-impl-thread1] INFO  server.RaftServerConfigKeys (ConfUtils.java:logGet(46)) - raft.server.snapshot.auto.trigger.enabled = false (default)
2023-10-31 16:06:19,286 [s2-impl-thread1] INFO  server.RaftServerConfigKeys (ConfUtils.java:logGet(46)) - raft.server.snapshot.retention.file.num = -1 (default)
2023-10-31 16:06:19,286 [s2-impl-thread1] INFO  server.RaftServerConfigKeys (ConfUtils.java:logGet(46)) - raft.server.log.purge.upto.snapshot.index = false (default)
2023-10-31 16:06:19,287 [Time-limited test] INFO  server.RaftServer (RaftServerProxy.java:startImpl(406)) - s2: start RPC server
2023-10-31 16:06:19,296 [Time-limited test] INFO  server.RaftServer (RaftServerProxy.java:lambda$close$9(416)) - s2: close
2023-10-31 16:06:19,296 [JvmPauseMonitor22] INFO  util.JvmPauseMonitor (JvmPauseMonitor.java:run(146)) - JvmPauseMonitor-s2: Started
2023-10-31 16:06:19,296 [HandlerDaemon-0] INFO  simulation.RequestHandler (RequestHandler.java:run(127)) - s2.clientHandler0 is interrupted by java.io.InterruptedIOException: 
2023-10-31 16:06:19,296 [s2@group-F78B7583022A-FollowerState] INFO  server.RaftServerConfigKeys (ConfUtils.java:logFallback(53)) - raft.server.rpc.first-election.timeout.min = 150ms (fallback to raft.server.rpc.timeout.min)
2023-10-31 16:06:19,296 [HandlerDaemon-2] INFO  simulation.RequestHandler (RequestHandler.java:run(127)) - s2.clientHandler2 is interrupted by java.io.InterruptedIOException: 
2023-10-31 16:06:19,296 [s2@group-F78B7583022A-FollowerState] INFO  server.RaftServerConfigKeys (ConfUtils.java:logFallback(53)) - raft.server.rpc.first-election.timeout.max = 300ms (fallback to raft.server.rpc.timeout.max)
2023-10-31 16:06:19,296 [s2-impl-thread1] INFO  server.RaftServer$Division (RaftServerImpl.java:lambda$close$3(514)) - s2@group-F78B7583022A: shutdown
2023-10-31 16:06:19,296 [s2-impl-thread1] INFO  util.JmxRegister (JmxRegister.java:unregister(73)) - Successfully un-registered JMX Bean with object name Ratis:service=RaftServer,group=group-F78B7583022A,id=s2
2023-10-31 16:06:19,297 [s2-impl-thread1] INFO  impl.RoleInfo (RoleInfo.java:shutdownFollowerState(109)) - s2: shutdown s2@group-F78B7583022A-FollowerState
2023-10-31 16:06:19,297 [s2-impl-thread1] INFO  impl.StateMachineUpdater (StateMachineUpdater.java:stopAndJoin(157)) - s2@group-F78B7583022A-StateMachineUpdater: set stopIndex = -1
2023-10-31 16:06:19,299 [s2-impl-thread1] INFO  server.RaftServer$Division (ServerState.java:close(423)) - s2@group-F78B7583022A: applyIndex: -1
2023-10-31 16:06:19,300 [s2@group-F78B7583022A-FollowerState] INFO  impl.FollowerState (FollowerState.java:run(152)) - s2@group-F78B7583022A-FollowerState was interrupted
2023-10-31 16:06:19,300 [s2@group-F78B7583022A-cacheEviction-AwaitToRun] INFO  util.AwaitToRun (AwaitToRun.java:run(49)) - s2@group-F78B7583022A-cacheEviction-AwaitToRun-AwaitForSignal is interrupted
2023-10-31 16:06:19,300 [HandlerDaemon-0] INFO  simulation.RequestHandler (RequestHandler.java:run(127)) - s2.serverHandler0 is interrupted by java.io.InterruptedIOException: 
2023-10-31 16:06:19,300 [HandlerDaemon-1] INFO  simulation.RequestHandler (RequestHandler.java:run(127)) - s2.serverHandler1 is interrupted by java.io.InterruptedIOException: 
2023-10-31 16:06:19,300 [HandlerDaemon-2] INFO  simulation.RequestHandler (RequestHandler.java:run(127)) - s2.serverHandler2 is interrupted by java.io.InterruptedIOException: 
2023-10-31 16:06:20,273 [s2-impl-thread1] INFO  segmented.SegmentedRaftLogWorker (SegmentedRaftLogWorker.java:close(243)) - s2@group-F78B7583022A-SegmentedRaftLogWorker close()
2023-10-31 16:06:20,274 [JvmPauseMonitor22] INFO  util.JvmPauseMonitor (JvmPauseMonitor.java:run(152)) - JvmPauseMonitor-s2: Stopped
2023-10-31 16:06:20,275 [Time-limited test] INFO  simulation.TestServerRestartWithSimulatedRpc (ServerRestartTests.java:lambda$assertCorruptedLogHeader$5(222)) - header    = 526166744c6f6731
2023-10-31 16:06:20,275 [Time-limited test] INFO  simulation.TestServerRestartWithSimulatedRpc (ServerRestartTests.java:lambda$assertCorruptedLogHeader$5(225)) - corrupted = 5261667400000000
2023-10-31 16:06:20,275 [Time-limited test] INFO  impl.MiniRaftCluster (MiniRaftCluster.java:killServer(533)) - killServer s2
2023-10-31 16:06:20,275 [Time-limited test] INFO  impl.MiniRaftCluster (MiniRaftCluster.java:newRaftServer(382)) - newRaftServer: s2, group-F78B7583022A:[s0|localhost:46719, s1|localhost:38495, s2|localhost:42573], format? false
2023-10-31 16:06:20,275 [Time-limited test] INFO  server.RaftServer (ConfUtils.java:logGet(46)) - raft.rpc.type = org.apache.ratis.server.simulation.SimulatedRpc (custom)
2023-10-31 16:06:20,275 [Time-limited test] INFO  impl.DataStreamServerImpl (ConfUtils.java:logGet(46)) - raft.datastream.type = DISABLED (default)
2023-10-31 16:06:20,276 [Time-limited test] INFO  server.RaftServerConfigKeys (ConfUtils.java:logGet(46)) - raft.server.sleep.deviation.threshold = 300ms (default)
2023-10-31 16:06:20,276 [Time-limited test] INFO  server.RaftServerConfigKeys (ConfUtils.java:logGet(46)) - raft.server.close.threshold = 60s (default)
2023-10-31 16:06:20,276 [Time-limited test] INFO  server.RaftServerConfigKeys (ConfUtils.java:logGet(46)) - raft.server.leaderelection.leader.step-down.wait-time = 10s (default)
2023-10-31 16:06:20,276 [Time-limited test] INFO  server.RaftServerConfigKeys (ConfUtils.java:logGet(46)) - raft.server.storage.dir = [/home/runner/work/ratis/ratis/ratis-test/target/test/data/3084f93d/MiniRaftClusterWithSimulatedRpce237fa44/s2] (custom)
2023-10-31 16:06:20,276 [Time-limited test] INFO  server.RaftServerConfigKeys (ConfUtils.java:logGet(46)) - raft.server.threadpool.proxy.cached = true (default)
2023-10-31 16:06:20,276 [Time-limited test] INFO  server.RaftServerConfigKeys (ConfUtils.java:logGet(46)) - raft.server.threadpool.proxy.size = 0 (default)
2023-10-31 16:06:20,277 [s2-impl-thread1] INFO  server.RaftServer (RaftServerProxy.java:initGroupDir(264)) - s2: found a subdirectory /home/runner/work/ratis/ratis/ratis-test/target/test/data/3084f93d/MiniRaftClusterWithSimulatedRpce237fa44/s2/69750052-33aa-491b-b994-f78b7583022a
2023-10-31 16:06:20,277 [Time-limited test] INFO  server.RaftServer (RaftServerProxy.java:addNew(100)) - s2: addNew group-F78B7583022A:[s0|localhost:46719, s1|localhost:38495, s2|localhost:42573] returns group-F78B7583022A:java.util.concurrent.CompletableFuture@4286994d[Not completed]
2023-10-31 16:06:20,277 [s2-groupManagement] INFO  server.RaftServerConfigKeys (ConfUtils.java:logGet(46)) - raft.server.log.segment.size.max = 32MB (=33554432) (default)
2023-10-31 16:06:20,277 [s2-groupManagement] INFO  server.RaftServerConfigKeys (ConfUtils.java:logGet(46)) - raft.server.log.preallocated.size = 4MB (=4194304) (default)
2023-10-31 16:06:20,277 [s2-groupManagement] INFO  server.RaftServerConfigKeys (ConfUtils.java:logGet(46)) - raft.server.log.write.buffer.size = 64KB (=65536) (default)
2023-10-31 16:06:20,277 [s2-groupManagement] INFO  server.RaftServer$Division (RaftServerImpl.java:<init>(255)) - s2: new RaftServerImpl for group-F78B7583022A:[s0|localhost:46719, s1|localhost:38495, s2|localhost:42573] with SimpleStateMachine4Testing:uninitialized
2023-10-31 16:06:20,278 [s2-groupManagement] INFO  server.RaftServerConfigKeys (ConfUtils.java:logGet(46)) - raft.server.rpc.timeout.min = 150ms (default)
2023-10-31 16:06:20,278 [s2-groupManagement] INFO  server.RaftServerConfigKeys (ConfUtils.java:logGet(46)) - raft.server.rpc.timeout.max = 300ms (default)
2023-10-31 16:06:20,278 [s2-groupManagement] INFO  server.RaftServerConfigKeys (ConfUtils.java:logGet(46)) - raft.server.rpc.sleep.time = 25ms (default)
2023-10-31 16:06:20,278 [s2-groupManagement] INFO  server.RaftServerConfigKeys (ConfUtils.java:logGet(46)) - raft.server.rpc.slowness.timeout = 60s (default)
2023-10-31 16:06:20,278 [s2-groupManagement] INFO  server.RaftServerConfigKeys (ConfUtils.java:logGet(46)) - raft.server.leaderelection.leader.step-down.wait-time = 10s (default)
2023-10-31 16:06:20,278 [s2-groupManagement] INFO  server.RaftServerConfigKeys (ConfUtils.java:logGet(46)) - raft.server.sleep.deviation.threshold = 300ms (default)
2023-10-31 16:06:20,278 [s2-groupManagement] INFO  server.RaftServer$Division (ServerState.java:<init>(113)) - s2@group-F78B7583022A: ConfigurationManager, init=-1: peers:[s0|localhost:46719, s1|localhost:38495, s2|localhost:42573]|listeners:[], old=null, confs=<EMPTY_MAP>
2023-10-31 16:06:20,278 [s2-groupManagement] INFO  server.RaftServerConfigKeys (ConfUtils.java:logGet(46)) - raft.server.notification.no-leader.timeout = 60s (default)
2023-10-31 16:06:20,278 [s2-groupManagement] INFO  server.RaftServerConfigKeys (ConfUtils.java:logGet(46)) - raft.server.read.timeout = 10s (default)
2023-10-31 16:06:20,278 [s2-groupManagement] INFO  server.RaftServerConfigKeys (ConfUtils.java:logGet(46)) - raft.server.retrycache.expirytime = 60s (default)
2023-10-31 16:06:20,278 [s2-groupManagement] INFO  server.RaftServerConfigKeys (ConfUtils.java:logGet(46)) - raft.server.retrycache.statistics.expirytime = 100μs (default)
2023-10-31 16:06:20,278 [s2-groupManagement] INFO  server.RaftServerConfigKeys (ConfUtils.java:logGet(46)) - raft.server.read.option = DEFAULT (default)
2023-10-31 16:06:20,278 [s2-groupManagement] INFO  server.RaftServerConfigKeys (ConfUtils.java:logGet(46)) - raft.server.read.read-after-write-consistent.write-index-cache.expiry-time = 60s (default)
2023-10-31 16:06:20,279 [s2-groupManagement] INFO  server.RaftServerConfigKeys (ConfUtils.java:logGet(46)) - raft.server.rpc.request.timeout = 3000ms (default)
2023-10-31 16:06:20,279 [s2-groupManagement] INFO  server.RaftServerConfigKeys (ConfUtils.java:logGet(46)) - raft.server.log.appender.install.snapshot.enabled = true (default)
2023-10-31 16:06:20,280 [s2-groupManagement] INFO  server.RaftServerConfigKeys (ConfUtils.java:logGet(46)) - raft.server.threadpool.server.cached = true (default)
2023-10-31 16:06:20,280 [s2-groupManagement] INFO  server.RaftServerConfigKeys (ConfUtils.java:logGet(46)) - raft.server.threadpool.server.size = 0 (default)
2023-10-31 16:06:20,280 [s2-groupManagement] INFO  server.RaftServerConfigKeys (ConfUtils.java:logGet(46)) - raft.server.threadpool.client.cached = true (default)
2023-10-31 16:06:20,280 [s2-groupManagement] INFO  server.RaftServerConfigKeys (ConfUtils.java:logGet(46)) - raft.server.threadpool.client.size = 0 (default)
2023-10-31 16:06:20,280 [s2-impl-thread1] INFO  server.RaftServerConfigKeys (ConfUtils.java:logGet(46)) - raft.server.storage.free-space.min = 0MB (=0) (default)
2023-10-31 16:06:20,280 [s2-impl-thread1] INFO  server.RaftServerConfigKeys (ConfUtils.java:logGet(46)) - raft.server.log.corruption.policy = EXCEPTION (default)
2023-10-31 16:06:20,280 [s2-impl-thread1] INFO  server.RaftServerConfigKeys (ConfUtils.java:logGet(46)) - raft.server.storage.dir = [/home/runner/work/ratis/ratis/ratis-test/target/test/data/3084f93d/MiniRaftClusterWithSimulatedRpce237fa44/s2] (custom)
2023-10-31 16:06:20,281 [s2-impl-thread1] INFO  storage.RaftStorageDirectory (RaftStorageDirectoryImpl.java:tryLock(232)) - Lock on /home/runner/work/ratis/ratis/ratis-test/target/test/data/3084f93d/MiniRaftClusterWithSimulatedRpce237fa44/s2/69750052-33aa-491b-b994-f78b7583022a/in_use.lock acquired by nodename 3366@fv-az462-937
2023-10-31 16:06:20,281 [s2-impl-thread1] INFO  storage.RaftStorage (RaftStorageImpl.java:analyzeAndRecoverStorage(117)) - Read RaftStorageMetadata{term=2, votedFor=s2} from /home/runner/work/ratis/ratis/ratis-test/target/test/data/3084f93d/MiniRaftClusterWithSimulatedRpce237fa44/s2/69750052-33aa-491b-b994-f78b7583022a/current/raft-meta
2023-10-31 16:06:20,282 [s2-impl-thread1] INFO  server.RaftServer$Division (ServerState.java:setRaftConf(382)) - s2@group-F78B7583022A: set configuration 1: peers:[s0|localhost:46719, s1|localhost:38495, s2|localhost:42573]|listeners:[], old=null
2023-10-31 16:06:20,282 [s2-impl-thread1] INFO  impl.SimpleStateMachine4Testing (SimpleStateMachine4Testing.java:initialize(213)) - Initializing SimpleStateMachine4Testing:uninitialized
2023-10-31 16:06:20,282 [s2-impl-thread1] INFO  impl.SimpleStateMachine4Testing (SimpleStateMachine4Testing.java:loadSnapshot(296)) - Loading snapshot null
2023-10-31 16:06:20,282 [s2-impl-thread1] INFO  server.RaftServerConfigKeys (ConfUtils.java:logGet(46)) - raft.server.log.use.memory = false (default)
2023-10-31 16:06:20,282 [s2-impl-thread1] INFO  server.RaftServerConfigKeys (ConfUtils.java:logGet(46)) - raft.server.log.purge.gap = 1024 (default)
2023-10-31 16:06:20,282 [s2-impl-thread1] INFO  server.RaftServerConfigKeys (ConfUtils.java:logGet(46)) - raft.server.log.appender.buffer.byte-limit = 4MB (=4194304) (default)
2023-10-31 16:06:20,282 [s2-impl-thread1] INFO  server.RaftServerConfigKeys (ConfUtils.java:logGet(46)) - raft.server.log.statemachine.data.read.timeout = 1000ms (default)
2023-10-31 16:06:20,283 [s2-impl-thread1] INFO  server.RaftServerConfigKeys (ConfUtils.java:logGet(46)) - raft.server.log.purge.preservation.log.num = 0 (default)
2023-10-31 16:06:20,283 [s2-impl-thread1] INFO  server.RaftServerConfigKeys (ConfUtils.java:logGet(46)) - raft.server.log.segment.size.max = 8KB (=8192) (custom)
2023-10-31 16:06:20,283 [s2-impl-thread1] INFO  server.RaftServerConfigKeys (ConfUtils.java:logGet(46)) - raft.server.log.segment.cache.num.max = 6 (default)
2023-10-31 16:06:20,283 [s2-impl-thread1] INFO  server.RaftServerConfigKeys (ConfUtils.java:logGet(46)) - raft.server.log.segment.cache.size.max = 200MB (=209715200) (default)
2023-10-31 16:06:20,283 [s2-impl-thread1] INFO  server.RaftServerConfigKeys (ConfUtils.java:logGet(46)) - raft.server.log.appender.buffer.byte-limit = 4MB (=4194304) (default)
2023-10-31 16:06:20,283 [s2-impl-thread1] INFO  util.AwaitToRun (AwaitToRun.java:start(81)) - Thread[s2@group-F78B7583022A-cacheEviction-AwaitToRun,5,main] started
2023-10-31 16:06:20,283 [s2-impl-thread1] INFO  segmented.SegmentedRaftLogWorker (SegmentedRaftLogWorker.java:<init>(184)) - new s2@group-F78B7583022A-SegmentedRaftLogWorker for RaftStorageImpl:Storage Directory /home/runner/work/ratis/ratis/ratis-test/target/test/data/3084f93d/MiniRaftClusterWithSimulatedRpce237fa44/s2/69750052-33aa-491b-b994-f78b7583022a
2023-10-31 16:06:20,283 [s2-impl-thread1] INFO  server.RaftServerConfigKeys (ConfUtils.java:logGet(46)) - raft.server.log.queue.byte-limit = 64MB (=67108864) (default)
2023-10-31 16:06:20,284 [s2-impl-thread1] INFO  server.RaftServerConfigKeys (ConfUtils.java:logGet(46)) - raft.server.log.queue.element-limit = 4096 (default)
2023-10-31 16:06:20,284 [s2-impl-thread1] INFO  server.RaftServerConfigKeys (ConfUtils.java:logGet(46)) - raft.server.log.segment.size.max = 8KB (=8192) (custom)
2023-10-31 16:06:20,284 [s2-impl-thread1] INFO  server.RaftServerConfigKeys (ConfUtils.java:logGet(46)) - raft.server.log.preallocated.size = 4MB (=4194304) (default)
2023-10-31 16:06:20,284 [s2-impl-thread1] INFO  server.RaftServerConfigKeys (ConfUtils.java:logGet(46)) - raft.server.log.force.sync.num = 128 (default)
2023-10-31 16:06:20,284 [s2-impl-thread1] INFO  server.RaftServerConfigKeys (ConfUtils.java:logGet(46)) - raft.server.log.statemachine.data.sync = true (default)
2023-10-31 16:06:20,284 [s2-impl-thread1] INFO  server.RaftServerConfigKeys (ConfUtils.java:logGet(46)) - raft.server.log.statemachine.data.sync.timeout = 10s (default)
2023-10-31 16:06:20,284 [s2-impl-thread1] INFO  server.RaftServerConfigKeys (ConfUtils.java:logGet(46)) - raft.server.log.statemachine.data.sync.timeout.retry = -1 (default)
2023-10-31 16:06:20,284 [s2-impl-thread1] INFO  server.RaftServerConfigKeys (ConfUtils.java:logGet(46)) - raft.server.log.write.buffer.size = 64KB (=65536) (default)
2023-10-31 16:06:20,284 [s2-impl-thread1] INFO  server.RaftServerConfigKeys (ConfUtils.java:logGet(46)) - raft.server.log.appender.buffer.byte-limit = 4MB (=4194304) (default)
2023-10-31 16:06:20,285 [s2-impl-thread1] INFO  server.RaftServerConfigKeys (ConfUtils.java:logGet(46)) - raft.server.log.unsafe-flush.enabled = false (default)
2023-10-31 16:06:20,285 [s2-impl-thread1] INFO  server.RaftServerConfigKeys (ConfUtils.java:logGet(46)) - raft.server.log.async-flush.enabled = false (default)
2023-10-31 16:06:20,285 [s2-impl-thread1] INFO  server.RaftServerConfigKeys (ConfUtils.java:logGet(46)) - raft.server.log.statemachine.data.caching.enabled = false (default)
2023-10-31 16:06:20,286 [s2-impl-thread1] INFO  server.RaftServer$Division (ServerState.java:setRaftConf(382)) - s2@group-F78B7583022A: set configuration 0: peers:[s0|localhost:46719, s1|localhost:38495, s2|localhost:42573]|listeners:[], old=null
2023-10-31 16:06:20,286 [s2-impl-thread1] INFO  segmented.LogSegment (LogSegment.java:loadSegment(170)) - Successfully read 1 entries from segment file /home/runner/work/ratis/ratis/ratis-test/target/test/data/3084f93d/MiniRaftClusterWithSimulatedRpce237fa44/s2/69750052-33aa-491b-b994-f78b7583022a/current/log_0-0
2023-10-31 16:06:20,286 [s2-impl-thread1] INFO  segmented.LogSegment (LogSegment.java:loadSegment(170)) - Successfully read 0 entries from segment file /home/runner/work/ratis/ratis/ratis-test/target/test/data/3084f93d/MiniRaftClusterWithSimulatedRpce237fa44/s2/69750052-33aa-491b-b994-f78b7583022a/current/log_inprogress_1
2023-10-31 16:06:20,286 [s2-impl-thread1] TRACE util.FileUtils (LogUtils.java:runAndLog(49)) - Successfully ran Files.delete /home/runner/work/ratis/ratis/ratis-test/target/test/data/3084f93d/MiniRaftClusterWithSimulatedRpce237fa44/s2/69750052-33aa-491b-b994-f78b7583022a/current/log_inprogress_1
2023-10-31 16:06:20,286 [s2-impl-thread1] INFO  segmented.SegmentedRaftLogWorker (SegmentedRaftLogWorker.java:lambda$new$0(135)) - s2@group-F78B7583022A-SegmentedRaftLogWorker: safeCacheEvictIndex: setUnconditionally 0 -> -1
2023-10-31 16:06:20,290 [s2-impl-thread1] INFO  server.RaftServer$Division (RaftServerImpl.java:start(390)) - s2@group-F78B7583022A: start as a follower, conf=1: peers:[s0|localhost:46719, s1|localhost:38495, s2|localhost:42573]|listeners:[], old=null
2023-10-31 16:06:20,290 [s2-impl-thread1] INFO  server.RaftServer$Division (RaftServerImpl.java:setRole(377)) - s2@group-F78B7583022A: changes role from      null to FOLLOWER at term 2 for startAsFollower
2023-10-31 16:06:20,290 [s2-impl-thread1] INFO  impl.RoleInfo (RoleInfo.java:updateAndGet(138)) - s2: start s2@group-F78B7583022A-FollowerState
2023-10-31 16:06:20,290 [s2-impl-thread1] INFO  util.JmxRegister (JmxRegister.java:tryRegister(44)) - Successfully registered JMX Bean with object name Ratis:service=RaftServer,group=group-F78B7583022A,id=s2
2023-10-31 16:06:20,291 [s2-impl-thread1] INFO  server.RaftServerConfigKeys (ConfUtils.java:logGet(46)) - raft.server.snapshot.trigger-when-stop.enabled = true (default)
2023-10-31 16:06:20,291 [s2-impl-thread1] INFO  server.RaftServerConfigKeys (ConfUtils.java:logGet(46)) - raft.server.snapshot.auto.trigger.enabled = false (default)
2023-10-31 16:06:20,291 [s2-impl-thread1] INFO  server.RaftServerConfigKeys (ConfUtils.java:logGet(46)) - raft.server.snapshot.retention.file.num = -1 (default)
2023-10-31 16:06:20,291 [s2-impl-thread1] INFO  server.RaftServerConfigKeys (ConfUtils.java:logGet(46)) - raft.server.log.purge.upto.snapshot.index = false (default)
2023-10-31 16:06:20,291 [s2@group-F78B7583022A-FollowerState] INFO  server.RaftServerConfigKeys (ConfUtils.java:logFallback(53)) - raft.server.rpc.first-election.timeout.min = 150ms (fallback to raft.server.rpc.timeout.min)
2023-10-31 16:06:20,291 [s2@group-F78B7583022A-FollowerState] INFO  server.RaftServerConfigKeys (ConfUtils.java:logFallback(53)) - raft.server.rpc.first-election.timeout.max = 300ms (fallback to raft.server.rpc.timeout.max)
2023-10-31 16:06:20,291 [Time-limited test] INFO  server.RaftServer (RaftServerProxy.java:startImpl(406)) - s2: start RPC server
2023-10-31 16:06:20,292 [Time-limited test] INFO  server.RaftServer (RaftServerProxy.java:lambda$close$9(416)) - s2: close
2023-10-31 16:06:20,292 [s2-impl-thread1] INFO  server.RaftServer$Division (RaftServerImpl.java:lambda$close$3(514)) - s2@group-F78B7583022A: shutdown
2023-10-31 16:06:20,292 [s2-impl-thread1] INFO  util.JmxRegister (JmxRegister.java:unregister(73)) - Successfully un-registered JMX Bean with object name Ratis:service=RaftServer,group=group-F78B7583022A,id=s2
2023-10-31 16:06:20,292 [s2-impl-thread1] INFO  impl.RoleInfo (RoleInfo.java:shutdownFollowerState(109)) - s2: shutdown s2@group-F78B7583022A-FollowerState
2023-10-31 16:06:20,292 [s2-impl-thread1] INFO  impl.StateMachineUpdater (StateMachineUpdater.java:stopAndJoin(157)) - s2@group-F78B7583022A-StateMachineUpdater: set stopIndex = -1
2023-10-31 16:06:20,293 [HandlerDaemon-0] INFO  simulation.RequestHandler (RequestHandler.java:run(127)) - s2.clientHandler0 is interrupted by java.io.InterruptedIOException: 
2023-10-31 16:06:20,293 [HandlerDaemon-1] INFO  simulation.RequestHandler (RequestHandler.java:run(127)) - s2.clientHandler1 is interrupted by java.io.InterruptedIOException: 
2023-10-31 16:06:20,293 [s2@group-F78B7583022A-FollowerState] INFO  impl.FollowerState (FollowerState.java:run(152)) - s2@group-F78B7583022A-FollowerState was interrupted
2023-10-31 16:06:20,296 [s2-impl-thread1] INFO  server.RaftServer$Division (ServerState.java:close(423)) - s2@group-F78B7583022A: applyIndex: -1
2023-10-31 16:06:20,296 [HandlerDaemon-2] INFO  simulation.RequestHandler (RequestHandler.java:run(127)) - s2.clientHandler2 is interrupted by java.io.InterruptedIOException: 
2023-10-31 16:06:20,296 [s2@group-F78B7583022A-cacheEviction-AwaitToRun] INFO  util.AwaitToRun (AwaitToRun.java:run(49)) - s2@group-F78B7583022A-cacheEviction-AwaitToRun-AwaitForSignal is interrupted
2023-10-31 16:06:20,296 [HandlerDaemon-2] INFO  simulation.RequestHandler (RequestHandler.java:run(127)) - s2.serverHandler2 is interrupted by java.io.InterruptedIOException: 
2023-10-31 16:06:20,296 [JvmPauseMonitor23] INFO  util.JvmPauseMonitor (JvmPauseMonitor.java:run(146)) - JvmPauseMonitor-s2: Started
2023-10-31 16:06:20,296 [HandlerDaemon-1] INFO  simulation.RequestHandler (RequestHandler.java:run(127)) - s2.serverHandler1 is interrupted by java.io.InterruptedIOException: 
2023-10-31 16:06:20,296 [HandlerDaemon-0] INFO  simulation.RequestHandler (RequestHandler.java:run(127)) - s2.serverHandler0 is interrupted by java.io.InterruptedIOException: 
2023-10-31 16:06:21,291 [s2-impl-thread1] INFO  segmented.SegmentedRaftLogWorker (SegmentedRaftLogWorker.java:close(243)) - s2@group-F78B7583022A-SegmentedRaftLogWorker close()
2023-10-31 16:06:21,291 [JvmPauseMonitor23] INFO  util.JvmPauseMonitor (JvmPauseMonitor.java:run(152)) - JvmPauseMonitor-s2: Stopped
2023-10-31 16:06:21,292 [Time-limited test] INFO  simulation.TestServerRestartWithSimulatedRpc (ServerRestartTests.java:lambda$assertCorruptedLogHeader$5(222)) - header    = 526166744c6f6731
2023-10-31 16:06:21,292 [Time-limited test] INFO  simulation.TestServerRestartWithSimulatedRpc (ServerRestartTests.java:lambda$assertCorruptedLogHeader$5(225)) - corrupted = 526166744c000000
2023-10-31 16:06:21,292 [Time-limited test] INFO  impl.MiniRaftCluster (MiniRaftCluster.java:killServer(533)) - killServer s2
2023-10-31 16:06:21,292 [Time-limited test] INFO  impl.MiniRaftCluster (MiniRaftCluster.java:newRaftServer(382)) - newRaftServer: s2, group-F78B7583022A:[s0|localhost:46719, s1|localhost:38495, s2|localhost:42573], format? false
2023-10-31 16:06:21,293 [Time-limited test] INFO  server.RaftServer (ConfUtils.java:logGet(46)) - raft.rpc.type = org.apache.ratis.server.simulation.SimulatedRpc (custom)
2023-10-31 16:06:21,293 [Time-limited test] INFO  impl.DataStreamServerImpl (ConfUtils.java:logGet(46)) - raft.datastream.type = DISABLED (default)
2023-10-31 16:06:21,293 [Time-limited test] INFO  server.RaftServerConfigKeys (ConfUtils.java:logGet(46)) - raft.server.sleep.deviation.threshold = 300ms (default)
2023-10-31 16:06:21,293 [Time-limited test] INFO  server.RaftServerConfigKeys (ConfUtils.java:logGet(46)) - raft.server.close.threshold = 60s (default)
2023-10-31 16:06:21,293 [Time-limited test] INFO  server.RaftServerConfigKeys (ConfUtils.java:logGet(46)) - raft.server.leaderelection.leader.step-down.wait-time = 10s (default)
2023-10-31 16:06:21,293 [Time-limited test] INFO  server.RaftServerConfigKeys (ConfUtils.java:logGet(46)) - raft.server.storage.dir = [/home/runner/work/ratis/ratis/ratis-test/target/test/data/3084f93d/MiniRaftClusterWithSimulatedRpce237fa44/s2] (custom)
2023-10-31 16:06:21,293 [Time-limited test] INFO  server.RaftServerConfigKeys (ConfUtils.java:logGet(46)) - raft.server.threadpool.proxy.cached = true (default)
2023-10-31 16:06:21,293 [Time-limited test] INFO  server.RaftServerConfigKeys (ConfUtils.java:logGet(46)) - raft.server.threadpool.proxy.size = 0 (default)
2023-10-31 16:06:21,294 [s2-impl-thread1] INFO  server.RaftServer (RaftServerProxy.java:initGroupDir(264)) - s2: found a subdirectory /home/runner/work/ratis/ratis/ratis-test/target/test/data/3084f93d/MiniRaftClusterWithSimulatedRpce237fa44/s2/69750052-33aa-491b-b994-f78b7583022a
2023-10-31 16:06:21,294 [Time-limited test] INFO  server.RaftServer (RaftServerProxy.java:addNew(100)) - s2: addNew group-F78B7583022A:[s0|localhost:46719, s1|localhost:38495, s2|localhost:42573] returns group-F78B7583022A:java.util.concurrent.CompletableFuture@7250f6[Not completed]
2023-10-31 16:06:21,294 [s2-groupManagement] INFO  server.RaftServerConfigKeys (ConfUtils.java:logGet(46)) - raft.server.log.segment.size.max = 32MB (=33554432) (default)
2023-10-31 16:06:21,295 [s2-groupManagement] INFO  server.RaftServerConfigKeys (ConfUtils.java:logGet(46)) - raft.server.log.preallocated.size = 4MB (=4194304) (default)
2023-10-31 16:06:21,295 [s2-groupManagement] INFO  server.RaftServerConfigKeys (ConfUtils.java:logGet(46)) - raft.server.log.write.buffer.size = 64KB (=65536) (default)
2023-10-31 16:06:21,295 [s2-groupManagement] INFO  server.RaftServer$Division (RaftServerImpl.java:<init>(255)) - s2: new RaftServerImpl for group-F78B7583022A:[s0|localhost:46719, s1|localhost:38495, s2|localhost:42573] with SimpleStateMachine4Testing:uninitialized
2023-10-31 16:06:21,295 [s2-groupManagement] INFO  server.RaftServerConfigKeys (ConfUtils.java:logGet(46)) - raft.server.rpc.timeout.min = 150ms (default)
2023-10-31 16:06:21,295 [s2-groupManagement] INFO  server.RaftServerConfigKeys (ConfUtils.java:logGet(46)) - raft.server.rpc.timeout.max = 300ms (default)
2023-10-31 16:06:21,295 [s2-groupManagement] INFO  server.RaftServerConfigKeys (ConfUtils.java:logGet(46)) - raft.server.rpc.sleep.time = 25ms (default)
2023-10-31 16:06:21,295 [s2-groupManagement] INFO  server.RaftServerConfigKeys (ConfUtils.java:logGet(46)) - raft.server.rpc.slowness.timeout = 60s (default)
2023-10-31 16:06:21,295 [s2-groupManagement] INFO  server.RaftServerConfigKeys (ConfUtils.java:logGet(46)) - raft.server.leaderelection.leader.step-down.wait-time = 10s (default)
2023-10-31 16:06:21,295 [s2-groupManagement] INFO  server.RaftServerConfigKeys (ConfUtils.java:logGet(46)) - raft.server.sleep.deviation.threshold = 300ms (default)
2023-10-31 16:06:21,295 [s2-groupManagement] INFO  server.RaftServer$Division (ServerState.java:<init>(113)) - s2@group-F78B7583022A: ConfigurationManager, init=-1: peers:[s0|localhost:46719, s1|localhost:38495, s2|localhost:42573]|listeners:[], old=null, confs=<EMPTY_MAP>
2023-10-31 16:06:21,295 [s2-groupManagement] INFO  server.RaftServerConfigKeys (ConfUtils.java:logGet(46)) - raft.server.notification.no-leader.timeout = 60s (default)
2023-10-31 16:06:21,295 [s2-groupManagement] INFO  server.RaftServerConfigKeys (ConfUtils.java:logGet(46)) - raft.server.read.timeout = 10s (default)
2023-10-31 16:06:21,295 [s2-groupManagement] INFO  server.RaftServerConfigKeys (ConfUtils.java:logGet(46)) - raft.server.retrycache.expirytime = 60s (default)
2023-10-31 16:06:21,295 [s2-groupManagement] INFO  server.RaftServerConfigKeys (ConfUtils.java:logGet(46)) - raft.server.retrycache.statistics.expirytime = 100μs (default)
2023-10-31 16:06:21,295 [s2-groupManagement] INFO  server.RaftServerConfigKeys (ConfUtils.java:logGet(46)) - raft.server.read.option = DEFAULT (default)
2023-10-31 16:06:21,295 [s2-groupManagement] INFO  server.RaftServerConfigKeys (ConfUtils.java:logGet(46)) - raft.server.read.read-after-write-consistent.write-index-cache.expiry-time = 60s (default)
2023-10-31 16:06:21,298 [s2-groupManagement] INFO  server.RaftServerConfigKeys (ConfUtils.java:logGet(46)) - raft.server.rpc.request.timeout = 3000ms (default)
2023-10-31 16:06:21,298 [s2-groupManagement] INFO  server.RaftServerConfigKeys (ConfUtils.java:logGet(46)) - raft.server.log.appender.install.snapshot.enabled = true (default)
2023-10-31 16:06:21,298 [s2-groupManagement] INFO  server.RaftServerConfigKeys (ConfUtils.java:logGet(46)) - raft.server.threadpool.server.cached = true (default)
2023-10-31 16:06:21,298 [s2-groupManagement] INFO  server.RaftServerConfigKeys (ConfUtils.java:logGet(46)) - raft.server.threadpool.server.size = 0 (default)
2023-10-31 16:06:21,298 [s2-groupManagement] INFO  server.RaftServerConfigKeys (ConfUtils.java:logGet(46)) - raft.server.threadpool.client.cached = true (default)
2023-10-31 16:06:21,298 [s2-groupManagement] INFO  server.RaftServerConfigKeys (ConfUtils.java:logGet(46)) - raft.server.threadpool.client.size = 0 (default)
2023-10-31 16:06:21,298 [s2-impl-thread1] INFO  server.RaftServerConfigKeys (ConfUtils.java:logGet(46)) - raft.server.storage.free-space.min = 0MB (=0) (default)
2023-10-31 16:06:21,298 [s2-impl-thread1] INFO  server.RaftServerConfigKeys (ConfUtils.java:logGet(46)) - raft.server.log.corruption.policy = EXCEPTION (default)
2023-10-31 16:06:21,298 [s2-impl-thread1] INFO  server.RaftServerConfigKeys (ConfUtils.java:logGet(46)) - raft.server.storage.dir = [/home/runner/work/ratis/ratis/ratis-test/target/test/data/3084f93d/MiniRaftClusterWithSimulatedRpce237fa44/s2] (custom)
2023-10-31 16:06:21,299 [s2-impl-thread1] INFO  storage.RaftStorageDirectory (RaftStorageDirectoryImpl.java:tryLock(232)) - Lock on /home/runner/work/ratis/ratis/ratis-test/target/test/data/3084f93d/MiniRaftClusterWithSimulatedRpce237fa44/s2/69750052-33aa-491b-b994-f78b7583022a/in_use.lock acquired by nodename 3366@fv-az462-937
2023-10-31 16:06:21,300 [s2-impl-thread1] INFO  storage.RaftStorage (RaftStorageImpl.java:analyzeAndRecoverStorage(117)) - Read RaftStorageMetadata{term=2, votedFor=s2} from /home/runner/work/ratis/ratis/ratis-test/target/test/data/3084f93d/MiniRaftClusterWithSimulatedRpce237fa44/s2/69750052-33aa-491b-b994-f78b7583022a/current/raft-meta
2023-10-31 16:06:21,303 [s2-impl-thread1] INFO  server.RaftServer$Division (ServerState.java:setRaftConf(382)) - s2@group-F78B7583022A: set configuration 1: peers:[s0|localhost:46719, s1|localhost:38495, s2|localhost:42573]|listeners:[], old=null
2023-10-31 16:06:21,303 [s2-impl-thread1] INFO  impl.SimpleStateMachine4Testing (SimpleStateMachine4Testing.java:initialize(213)) - Initializing SimpleStateMachine4Testing:uninitialized
2023-10-31 16:06:21,303 [s2-impl-thread1] INFO  impl.SimpleStateMachine4Testing (SimpleStateMachine4Testing.java:loadSnapshot(296)) - Loading snapshot null
2023-10-31 16:06:21,303 [s2-impl-thread1] INFO  server.RaftServerConfigKeys (ConfUtils.java:logGet(46)) - raft.server.log.use.memory = false (default)
2023-10-31 16:06:21,304 [s2-impl-thread1] INFO  server.RaftServerConfigKeys (ConfUtils.java:logGet(46)) - raft.server.log.purge.gap = 1024 (default)
2023-10-31 16:06:21,304 [s2-impl-thread1] INFO  server.RaftServerConfigKeys (ConfUtils.java:logGet(46)) - raft.server.log.appender.buffer.byte-limit = 4MB (=4194304) (default)
2023-10-31 16:06:21,304 [s2-impl-thread1] INFO  server.RaftServerConfigKeys (ConfUtils.java:logGet(46)) - raft.server.log.statemachine.data.read.timeout = 1000ms (default)
2023-10-31 16:06:21,304 [s2-impl-thread1] INFO  server.RaftServerConfigKeys (ConfUtils.java:logGet(46)) - raft.server.log.purge.preservation.log.num = 0 (default)
2023-10-31 16:06:21,304 [s2-impl-thread1] INFO  server.RaftServerConfigKeys (ConfUtils.java:logGet(46)) - raft.server.log.segment.size.max = 8KB (=8192) (custom)
2023-10-31 16:06:21,304 [s2-impl-thread1] INFO  server.RaftServerConfigKeys (ConfUtils.java:logGet(46)) - raft.server.log.segment.cache.num.max = 6 (default)
2023-10-31 16:06:21,304 [s2-impl-thread1] INFO  server.RaftServerConfigKeys (ConfUtils.java:logGet(46)) - raft.server.log.segment.cache.size.max = 200MB (=209715200) (default)
2023-10-31 16:06:21,304 [s2-impl-thread1] INFO  server.RaftServerConfigKeys (ConfUtils.java:logGet(46)) - raft.server.log.appender.buffer.byte-limit = 4MB (=4194304) (default)
2023-10-31 16:06:21,305 [s2-impl-thread1] INFO  util.AwaitToRun (AwaitToRun.java:start(81)) - Thread[s2@group-F78B7583022A-cacheEviction-AwaitToRun,5,main] started
2023-10-31 16:06:21,305 [s2-impl-thread1] INFO  segmented.SegmentedRaftLogWorker (SegmentedRaftLogWorker.java:<init>(184)) - new s2@group-F78B7583022A-SegmentedRaftLogWorker for RaftStorageImpl:Storage Directory /home/runner/work/ratis/ratis/ratis-test/target/test/data/3084f93d/MiniRaftClusterWithSimulatedRpce237fa44/s2/69750052-33aa-491b-b994-f78b7583022a
2023-10-31 16:06:21,305 [s2-impl-thread1] INFO  server.RaftServerConfigKeys (ConfUtils.java:logGet(46)) - raft.server.log.queue.byte-limit = 64MB (=67108864) (default)
2023-10-31 16:06:21,305 [s2-impl-thread1] INFO  server.RaftServerConfigKeys (ConfUtils.java:logGet(46)) - raft.server.log.queue.element-limit = 4096 (default)
2023-10-31 16:06:21,305 [s2-impl-thread1] INFO  server.RaftServerConfigKeys (ConfUtils.java:logGet(46)) - raft.server.log.segment.size.max = 8KB (=8192) (custom)
2023-10-31 16:06:21,305 [s2-impl-thread1] INFO  server.RaftServerConfigKeys (ConfUtils.java:logGet(46)) - raft.server.log.preallocated.size = 4MB (=4194304) (default)
2023-10-31 16:06:21,305 [s2-impl-thread1] INFO  server.RaftServerConfigKeys (ConfUtils.java:logGet(46)) - raft.server.log.force.sync.num = 128 (default)
2023-10-31 16:06:21,305 [s2-impl-thread1] INFO  server.RaftServerConfigKeys (ConfUtils.java:logGet(46)) - raft.server.log.statemachine.data.sync = true (default)
2023-10-31 16:06:21,305 [s2-impl-thread1] INFO  server.RaftServerConfigKeys (ConfUtils.java:logGet(46)) - raft.server.log.statemachine.data.sync.timeout = 10s (default)
2023-10-31 16:06:21,305 [s2-impl-thread1] INFO  server.RaftServerConfigKeys (ConfUtils.java:logGet(46)) - raft.server.log.statemachine.data.sync.timeout.retry = -1 (default)
2023-10-31 16:06:21,305 [s2-impl-thread1] INFO  server.RaftServerConfigKeys (ConfUtils.java:logGet(46)) - raft.server.log.write.buffer.size = 64KB (=65536) (default)
2023-10-31 16:06:21,305 [s2-impl-thread1] INFO  server.RaftServerConfigKeys (ConfUtils.java:logGet(46)) - raft.server.log.appender.buffer.byte-limit = 4MB (=4194304) (default)
2023-10-31 16:06:21,306 [s2-impl-thread1] INFO  server.RaftServerConfigKeys (ConfUtils.java:logGet(46)) - raft.server.log.unsafe-flush.enabled = false (default)
2023-10-31 16:06:21,306 [s2-impl-thread1] INFO  server.RaftServerConfigKeys (ConfUtils.java:logGet(46)) - raft.server.log.async-flush.enabled = false (default)
2023-10-31 16:06:21,306 [s2-impl-thread1] INFO  server.RaftServerConfigKeys (ConfUtils.java:logGet(46)) - raft.server.log.statemachine.data.caching.enabled = false (default)
2023-10-31 16:06:21,307 [s2-impl-thread1] INFO  server.RaftServer$Division (ServerState.java:setRaftConf(382)) - s2@group-F78B7583022A: set configuration 0: peers:[s0|localhost:46719, s1|localhost:38495, s2|localhost:42573]|listeners:[], old=null
2023-10-31 16:06:21,307 [s2-impl-thread1] INFO  segmented.LogSegment (LogSegment.java:loadSegment(170)) - Successfully read 1 entries from segment file /home/runner/work/ratis/ratis/ratis-test/target/test/data/3084f93d/MiniRaftClusterWithSimulatedRpce237fa44/s2/69750052-33aa-491b-b994-f78b7583022a/current/log_0-0
2023-10-31 16:06:21,308 [s2-impl-thread1] INFO  segmented.LogSegment (LogSegment.java:loadSegment(170)) - Successfully read 0 entries from segment file /home/runner/work/ratis/ratis/ratis-test/target/test/data/3084f93d/MiniRaftClusterWithSimulatedRpce237fa44/s2/69750052-33aa-491b-b994-f78b7583022a/current/log_inprogress_1
2023-10-31 16:06:21,308 [s2-impl-thread1] TRACE util.FileUtils (LogUtils.java:runAndLog(49)) - Successfully ran Files.delete /home/runner/work/ratis/ratis/ratis-test/target/test/data/3084f93d/MiniRaftClusterWithSimulatedRpce237fa44/s2/69750052-33aa-491b-b994-f78b7583022a/current/log_inprogress_1
2023-10-31 16:06:21,308 [s2-impl-thread1] INFO  segmented.SegmentedRaftLogWorker (SegmentedRaftLogWorker.java:lambda$new$0(135)) - s2@group-F78B7583022A-SegmentedRaftLogWorker: safeCacheEvictIndex: setUnconditionally 0 -> -1
2023-10-31 16:06:21,310 [s2-impl-thread1] INFO  server.RaftServer$Division (RaftServerImpl.java:start(390)) - s2@group-F78B7583022A: start as a follower, conf=1: peers:[s0|localhost:46719, s1|localhost:38495, s2|localhost:42573]|listeners:[], old=null
2023-10-31 16:06:21,310 [s2-impl-thread1] INFO  server.RaftServer$Division (RaftServerImpl.java:setRole(377)) - s2@group-F78B7583022A: changes role from      null to FOLLOWER at term 2 for startAsFollower
2023-10-31 16:06:21,310 [s2-impl-thread1] INFO  impl.RoleInfo (RoleInfo.java:updateAndGet(138)) - s2: start s2@group-F78B7583022A-FollowerState
2023-10-31 16:06:21,310 [s2-impl-thread1] INFO  util.JmxRegister (JmxRegister.java:tryRegister(44)) - Successfully registered JMX Bean with object name Ratis:service=RaftServer,group=group-F78B7583022A,id=s2
2023-10-31 16:06:21,311 [s2-impl-thread1] INFO  server.RaftServerConfigKeys (ConfUtils.java:logGet(46)) - raft.server.snapshot.trigger-when-stop.enabled = true (default)
2023-10-31 16:06:21,311 [s2-impl-thread1] INFO  server.RaftServerConfigKeys (ConfUtils.java:logGet(46)) - raft.server.snapshot.auto.trigger.enabled = false (default)
2023-10-31 16:06:21,311 [s2-impl-thread1] INFO  server.RaftServerConfigKeys (ConfUtils.java:logGet(46)) - raft.server.snapshot.retention.file.num = -1 (default)
2023-10-31 16:06:21,311 [s2-impl-thread1] INFO  server.RaftServerConfigKeys (ConfUtils.java:logGet(46)) - raft.server.log.purge.upto.snapshot.index = false (default)
2023-10-31 16:06:21,311 [Time-limited test] INFO  server.RaftServer (RaftServerProxy.java:startImpl(406)) - s2: start RPC server
2023-10-31 16:06:21,311 [s2@group-F78B7583022A-FollowerState] INFO  server.RaftServerConfigKeys (ConfUtils.java:logFallback(53)) - raft.server.rpc.first-election.timeout.min = 150ms (fallback to raft.server.rpc.timeout.min)
2023-10-31 16:06:21,311 [s2@group-F78B7583022A-FollowerState] INFO  server.RaftServerConfigKeys (ConfUtils.java:logFallback(53)) - raft.server.rpc.first-election.timeout.max = 300ms (fallback to raft.server.rpc.timeout.max)
2023-10-31 16:06:21,312 [Time-limited test] INFO  server.RaftServer (RaftServerProxy.java:lambda$close$9(416)) - s2: close
2023-10-31 16:06:21,312 [JvmPauseMonitor24] INFO  util.JvmPauseMonitor (JvmPauseMonitor.java:run(146)) - JvmPauseMonitor-s2: Started
2023-10-31 16:06:21,312 [s2-impl-thread1] INFO  server.RaftServer$Division (RaftServerImpl.java:lambda$close$3(514)) - s2@group-F78B7583022A: shutdown
2023-10-31 16:06:21,312 [s2-impl-thread1] INFO  util.JmxRegister (JmxRegister.java:unregister(73)) - Successfully un-registered JMX Bean with object name Ratis:service=RaftServer,group=group-F78B7583022A,id=s2
2023-10-31 16:06:21,312 [s2-impl-thread1] INFO  impl.RoleInfo (RoleInfo.java:shutdownFollowerState(109)) - s2: shutdown s2@group-F78B7583022A-FollowerState
2023-10-31 16:06:21,312 [s2-impl-thread1] INFO  impl.StateMachineUpdater (StateMachineUpdater.java:stopAndJoin(157)) - s2@group-F78B7583022A-StateMachineUpdater: set stopIndex = -1
2023-10-31 16:06:21,312 [HandlerDaemon-0] INFO  simulation.RequestHandler (RequestHandler.java:run(127)) - s2.clientHandler0 is interrupted by java.io.InterruptedIOException: 
2023-10-31 16:06:21,313 [HandlerDaemon-2] INFO  simulation.RequestHandler (RequestHandler.java:run(127)) - s2.clientHandler2 is interrupted by java.io.InterruptedIOException: 
2023-10-31 16:06:21,314 [s2@group-F78B7583022A-FollowerState] INFO  impl.FollowerState (FollowerState.java:run(152)) - s2@group-F78B7583022A-FollowerState was interrupted
2023-10-31 16:06:21,314 [s2-impl-thread1] INFO  server.RaftServer$Division (ServerState.java:close(423)) - s2@group-F78B7583022A: applyIndex: -1
2023-10-31 16:06:21,314 [s2@group-F78B7583022A-cacheEviction-AwaitToRun] INFO  util.AwaitToRun (AwaitToRun.java:run(49)) - s2@group-F78B7583022A-cacheEviction-AwaitToRun-AwaitForSignal is interrupted
2023-10-31 16:06:21,315 [HandlerDaemon-0] INFO  simulation.RequestHandler (RequestHandler.java:run(127)) - s2.serverHandler0 is interrupted by java.io.InterruptedIOException: 
2023-10-31 16:06:21,315 [HandlerDaemon-2] INFO  simulation.RequestHandler (RequestHandler.java:run(127)) - s2.serverHandler2 is interrupted by java.io.InterruptedIOException: 
2023-10-31 16:06:21,315 [HandlerDaemon-1] INFO  simulation.RequestHandler (RequestHandler.java:run(127)) - s2.serverHandler1 is interrupted by java.io.InterruptedIOException: 
2023-10-31 16:06:22,311 [s2-impl-thread1] INFO  segmented.SegmentedRaftLogWorker (SegmentedRaftLogWorker.java:close(243)) - s2@group-F78B7583022A-SegmentedRaftLogWorker close()
2023-10-31 16:06:22,312 [JvmPauseMonitor24] INFO  util.JvmPauseMonitor (JvmPauseMonitor.java:run(152)) - JvmPauseMonitor-s2: Stopped
2023-10-31 16:06:22,313 [Time-limited test] INFO  simulation.TestServerRestartWithSimulatedRpc (ServerRestartTests.java:lambda$assertCorruptedLogHeader$5(222)) - header    = 526166744c6f6731
2023-10-31 16:06:22,313 [Time-limited test] INFO  simulation.TestServerRestartWithSimulatedRpc (ServerRestartTests.java:lambda$assertCorruptedLogHeader$5(225)) - corrupted = 526166744c6f0000
2023-10-31 16:06:22,313 [Time-limited test] INFO  impl.MiniRaftCluster (MiniRaftCluster.java:killServer(533)) - killServer s2
2023-10-31 16:06:22,313 [Time-limited test] INFO  impl.MiniRaftCluster (MiniRaftCluster.java:newRaftServer(382)) - newRaftServer: s2, group-F78B7583022A:[s0|localhost:46719, s1|localhost:38495, s2|localhost:42573], format? false
2023-10-31 16:06:22,313 [Time-limited test] INFO  server.RaftServer (ConfUtils.java:logGet(46)) - raft.rpc.type = org.apache.ratis.server.simulation.SimulatedRpc (custom)
2023-10-31 16:06:22,314 [Time-limited test] INFO  impl.DataStreamServerImpl (ConfUtils.java:logGet(46)) - raft.datastream.type = DISABLED (default)
2023-10-31 16:06:22,314 [Time-limited test] INFO  server.RaftServerConfigKeys (ConfUtils.java:logGet(46)) - raft.server.sleep.deviation.threshold = 300ms (default)
2023-10-31 16:06:22,314 [Time-limited test] INFO  server.RaftServerConfigKeys (ConfUtils.java:logGet(46)) - raft.server.close.threshold = 60s (default)
2023-10-31 16:06:22,314 [Time-limited test] INFO  server.RaftServerConfigKeys (ConfUtils.java:logGet(46)) - raft.server.leaderelection.leader.step-down.wait-time = 10s (default)
2023-10-31 16:06:22,314 [Time-limited test] INFO  server.RaftServerConfigKeys (ConfUtils.java:logGet(46)) - raft.server.storage.dir = [/home/runner/work/ratis/ratis/ratis-test/target/test/data/3084f93d/MiniRaftClusterWithSimulatedRpce237fa44/s2] (custom)
2023-10-31 16:06:22,315 [Time-limited test] INFO  server.RaftServerConfigKeys (ConfUtils.java:logGet(46)) - raft.server.threadpool.proxy.cached = true (default)
2023-10-31 16:06:22,315 [Time-limited test] INFO  server.RaftServerConfigKeys (ConfUtils.java:logGet(46)) - raft.server.threadpool.proxy.size = 0 (default)
2023-10-31 16:06:22,316 [s2-impl-thread1] INFO  server.RaftServer (RaftServerProxy.java:initGroupDir(264)) - s2: found a subdirectory /home/runner/work/ratis/ratis/ratis-test/target/test/data/3084f93d/MiniRaftClusterWithSimulatedRpce237fa44/s2/69750052-33aa-491b-b994-f78b7583022a
2023-10-31 16:06:22,316 [Time-limited test] INFO  server.RaftServer (RaftServerProxy.java:addNew(100)) - s2: addNew group-F78B7583022A:[s0|localhost:46719, s1|localhost:38495, s2|localhost:42573] returns group-F78B7583022A:java.util.concurrent.CompletableFuture@223ea884[Not completed]
2023-10-31 16:06:22,316 [s2-groupManagement] INFO  server.RaftServerConfigKeys (ConfUtils.java:logGet(46)) - raft.server.log.segment.size.max = 32MB (=33554432) (default)
2023-10-31 16:06:22,316 [s2-groupManagement] INFO  server.RaftServerConfigKeys (ConfUtils.java:logGet(46)) - raft.server.log.preallocated.size = 4MB (=4194304) (default)
2023-10-31 16:06:22,317 [s2-groupManagement] INFO  server.RaftServerConfigKeys (ConfUtils.java:logGet(46)) - raft.server.log.write.buffer.size = 64KB (=65536) (default)
2023-10-31 16:06:22,317 [s2-groupManagement] INFO  server.RaftServer$Division (RaftServerImpl.java:<init>(255)) - s2: new RaftServerImpl for group-F78B7583022A:[s0|localhost:46719, s1|localhost:38495, s2|localhost:42573] with SimpleStateMachine4Testing:uninitialized
2023-10-31 16:06:22,317 [s2-groupManagement] INFO  server.RaftServerConfigKeys (ConfUtils.java:logGet(46)) - raft.server.rpc.timeout.min = 150ms (default)
2023-10-31 16:06:22,317 [s2-groupManagement] INFO  server.RaftServerConfigKeys (ConfUtils.java:logGet(46)) - raft.server.rpc.timeout.max = 300ms (default)
2023-10-31 16:06:22,317 [s2-groupManagement] INFO  server.RaftServerConfigKeys (ConfUtils.java:logGet(46)) - raft.server.rpc.sleep.time = 25ms (default)
2023-10-31 16:06:22,317 [s2-groupManagement] INFO  server.RaftServerConfigKeys (ConfUtils.java:logGet(46)) - raft.server.rpc.slowness.timeout = 60s (default)
2023-10-31 16:06:22,317 [s2-groupManagement] INFO  server.RaftServerConfigKeys (ConfUtils.java:logGet(46)) - raft.server.leaderelection.leader.step-down.wait-time = 10s (default)
2023-10-31 16:06:22,317 [s2-groupManagement] INFO  server.RaftServerConfigKeys (ConfUtils.java:logGet(46)) - raft.server.sleep.deviation.threshold = 300ms (default)
2023-10-31 16:06:22,317 [s2-groupManagement] INFO  server.RaftServer$Division (ServerState.java:<init>(113)) - s2@group-F78B7583022A: ConfigurationManager, init=-1: peers:[s0|localhost:46719, s1|localhost:38495, s2|localhost:42573]|listeners:[], old=null, confs=<EMPTY_MAP>
2023-10-31 16:06:22,317 [s2-groupManagement] INFO  server.RaftServerConfigKeys (ConfUtils.java:logGet(46)) - raft.server.notification.no-leader.timeout = 60s (default)
2023-10-31 16:06:22,317 [s2-groupManagement] INFO  server.RaftServerConfigKeys (ConfUtils.java:logGet(46)) - raft.server.read.timeout = 10s (default)
2023-10-31 16:06:22,317 [s2-groupManagement] INFO  server.RaftServerConfigKeys (ConfUtils.java:logGet(46)) - raft.server.retrycache.expirytime = 60s (default)
2023-10-31 16:06:22,317 [s2-groupManagement] INFO  server.RaftServerConfigKeys (ConfUtils.java:logGet(46)) - raft.server.retrycache.statistics.expirytime = 100μs (default)
2023-10-31 16:06:22,318 [s2-groupManagement] INFO  server.RaftServerConfigKeys (ConfUtils.java:logGet(46)) - raft.server.read.option = DEFAULT (default)
2023-10-31 16:06:22,318 [s2-groupManagement] INFO  server.RaftServerConfigKeys (ConfUtils.java:logGet(46)) - raft.server.read.read-after-write-consistent.write-index-cache.expiry-time = 60s (default)
2023-10-31 16:06:22,319 [s2-groupManagement] INFO  server.RaftServerConfigKeys (ConfUtils.java:logGet(46)) - raft.server.rpc.request.timeout = 3000ms (default)
2023-10-31 16:06:22,319 [s2-groupManagement] INFO  server.RaftServerConfigKeys (ConfUtils.java:logGet(46)) - raft.server.log.appender.install.snapshot.enabled = true (default)
2023-10-31 16:06:22,319 [s2-groupManagement] INFO  server.RaftServerConfigKeys (ConfUtils.java:logGet(46)) - raft.server.threadpool.server.cached = true (default)
2023-10-31 16:06:22,319 [s2-groupManagement] INFO  server.RaftServerConfigKeys (ConfUtils.java:logGet(46)) - raft.server.threadpool.server.size = 0 (default)
2023-10-31 16:06:22,319 [s2-groupManagement] INFO  server.RaftServerConfigKeys (ConfUtils.java:logGet(46)) - raft.server.threadpool.client.cached = true (default)
2023-10-31 16:06:22,319 [s2-groupManagement] INFO  server.RaftServerConfigKeys (ConfUtils.java:logGet(46)) - raft.server.threadpool.client.size = 0 (default)
2023-10-31 16:06:22,320 [s2-impl-thread1] INFO  server.RaftServerConfigKeys (ConfUtils.java:logGet(46)) - raft.server.storage.free-space.min = 0MB (=0) (default)
2023-10-31 16:06:22,320 [s2-impl-thread1] INFO  server.RaftServerConfigKeys (ConfUtils.java:logGet(46)) - raft.server.log.corruption.policy = EXCEPTION (default)
2023-10-31 16:06:22,321 [s2-impl-thread1] INFO  server.RaftServerConfigKeys (ConfUtils.java:logGet(46)) - raft.server.storage.dir = [/home/runner/work/ratis/ratis/ratis-test/target/test/data/3084f93d/MiniRaftClusterWithSimulatedRpce237fa44/s2] (custom)
2023-10-31 16:06:22,322 [s2-impl-thread1] INFO  storage.RaftStorageDirectory (RaftStorageDirectoryImpl.java:tryLock(232)) - Lock on /home/runner/work/ratis/ratis/ratis-test/target/test/data/3084f93d/MiniRaftClusterWithSimulatedRpce237fa44/s2/69750052-33aa-491b-b994-f78b7583022a/in_use.lock acquired by nodename 3366@fv-az462-937
2023-10-31 16:06:22,323 [s2-impl-thread1] INFO  storage.RaftStorage (RaftStorageImpl.java:analyzeAndRecoverStorage(117)) - Read RaftStorageMetadata{term=2, votedFor=s2} from /home/runner/work/ratis/ratis/ratis-test/target/test/data/3084f93d/MiniRaftClusterWithSimulatedRpce237fa44/s2/69750052-33aa-491b-b994-f78b7583022a/current/raft-meta
2023-10-31 16:06:22,323 [s2-impl-thread1] INFO  server.RaftServer$Division (ServerState.java:setRaftConf(382)) - s2@group-F78B7583022A: set configuration 1: peers:[s0|localhost:46719, s1|localhost:38495, s2|localhost:42573]|listeners:[], old=null
2023-10-31 16:06:22,323 [s2-impl-thread1] INFO  impl.SimpleStateMachine4Testing (SimpleStateMachine4Testing.java:initialize(213)) - Initializing SimpleStateMachine4Testing:uninitialized
2023-10-31 16:06:22,323 [s2-impl-thread1] INFO  impl.SimpleStateMachine4Testing (SimpleStateMachine4Testing.java:loadSnapshot(296)) - Loading snapshot null
2023-10-31 16:06:22,324 [s2-impl-thread1] INFO  server.RaftServerConfigKeys (ConfUtils.java:logGet(46)) - raft.server.log.use.memory = false (default)
2023-10-31 16:06:22,324 [s2-impl-thread1] INFO  server.RaftServerConfigKeys (ConfUtils.java:logGet(46)) - raft.server.log.purge.gap = 1024 (default)
2023-10-31 16:06:22,324 [s2-impl-thread1] INFO  server.RaftServerConfigKeys (ConfUtils.java:logGet(46)) - raft.server.log.appender.buffer.byte-limit = 4MB (=4194304) (default)
2023-10-31 16:06:22,324 [s2-impl-thread1] INFO  server.RaftServerConfigKeys (ConfUtils.java:logGet(46)) - raft.server.log.statemachine.data.read.timeout = 1000ms (default)
2023-10-31 16:06:22,324 [s2-impl-thread1] INFO  server.RaftServerConfigKeys (ConfUtils.java:logGet(46)) - raft.server.log.purge.preservation.log.num = 0 (default)
2023-10-31 16:06:22,324 [s2-impl-thread1] INFO  server.RaftServerConfigKeys (ConfUtils.java:logGet(46)) - raft.server.log.segment.size.max = 8KB (=8192) (custom)
2023-10-31 16:06:22,325 [s2-impl-thread1] INFO  server.RaftServerConfigKeys (ConfUtils.java:logGet(46)) - raft.server.log.segment.cache.num.max = 6 (default)
2023-10-31 16:06:22,325 [s2-impl-thread1] INFO  server.RaftServerConfigKeys (ConfUtils.java:logGet(46)) - raft.server.log.segment.cache.size.max = 200MB (=209715200) (default)
2023-10-31 16:06:22,325 [s2-impl-thread1] INFO  server.RaftServerConfigKeys (ConfUtils.java:logGet(46)) - raft.server.log.appender.buffer.byte-limit = 4MB (=4194304) (default)
2023-10-31 16:06:22,326 [s2-impl-thread1] INFO  util.AwaitToRun (AwaitToRun.java:start(81)) - Thread[s2@group-F78B7583022A-cacheEviction-AwaitToRun,5,main] started
2023-10-31 16:06:22,326 [s2-impl-thread1] INFO  segmented.SegmentedRaftLogWorker (SegmentedRaftLogWorker.java:<init>(184)) - new s2@group-F78B7583022A-SegmentedRaftLogWorker for RaftStorageImpl:Storage Directory /home/runner/work/ratis/ratis/ratis-test/target/test/data/3084f93d/MiniRaftClusterWithSimulatedRpce237fa44/s2/69750052-33aa-491b-b994-f78b7583022a
2023-10-31 16:06:22,326 [s2-impl-thread1] INFO  server.RaftServerConfigKeys (ConfUtils.java:logGet(46)) - raft.server.log.queue.byte-limit = 64MB (=67108864) (default)
2023-10-31 16:06:22,326 [s2-impl-thread1] INFO  server.RaftServerConfigKeys (ConfUtils.java:logGet(46)) - raft.server.log.queue.element-limit = 4096 (default)
2023-10-31 16:06:22,326 [s2-impl-thread1] INFO  server.RaftServerConfigKeys (ConfUtils.java:logGet(46)) - raft.server.log.segment.size.max = 8KB (=8192) (custom)
2023-10-31 16:06:22,326 [s2-impl-thread1] INFO  server.RaftServerConfigKeys (ConfUtils.java:logGet(46)) - raft.server.log.preallocated.size = 4MB (=4194304) (default)
2023-10-31 16:06:22,326 [s2-impl-thread1] INFO  server.RaftServerConfigKeys (ConfUtils.java:logGet(46)) - raft.server.log.force.sync.num = 128 (default)
2023-10-31 16:06:22,326 [s2-impl-thread1] INFO  server.RaftServerConfigKeys (ConfUtils.java:logGet(46)) - raft.server.log.statemachine.data.sync = true (default)
2023-10-31 16:06:22,327 [s2-impl-thread1] INFO  server.RaftServerConfigKeys (ConfUtils.java:logGet(46)) - raft.server.log.statemachine.data.sync.timeout = 10s (default)
2023-10-31 16:06:22,327 [s2-impl-thread1] INFO  server.RaftServerConfigKeys (ConfUtils.java:logGet(46)) - raft.server.log.statemachine.data.sync.timeout.retry = -1 (default)
2023-10-31 16:06:22,327 [s2-impl-thread1] INFO  server.RaftServerConfigKeys (ConfUtils.java:logGet(46)) - raft.server.log.write.buffer.size = 64KB (=65536) (default)
2023-10-31 16:06:22,327 [s2-impl-thread1] INFO  server.RaftServerConfigKeys (ConfUtils.java:logGet(46)) - raft.server.log.appender.buffer.byte-limit = 4MB (=4194304) (default)
2023-10-31 16:06:22,328 [s2-impl-thread1] INFO  server.RaftServerConfigKeys (ConfUtils.java:logGet(46)) - raft.server.log.unsafe-flush.enabled = false (default)
2023-10-31 16:06:22,328 [s2-impl-thread1] INFO  server.RaftServerConfigKeys (ConfUtils.java:logGet(46)) - raft.server.log.async-flush.enabled = false (default)
2023-10-31 16:06:22,329 [s2-impl-thread1] INFO  server.RaftServerConfigKeys (ConfUtils.java:logGet(46)) - raft.server.log.statemachine.data.caching.enabled = false (default)
2023-10-31 16:06:22,329 [s2-impl-thread1] INFO  server.RaftServer$Division (ServerState.java:setRaftConf(382)) - s2@group-F78B7583022A: set configuration 0: peers:[s0|localhost:46719, s1|localhost:38495, s2|localhost:42573]|listeners:[], old=null
2023-10-31 16:06:22,330 [s2-impl-thread1] INFO  segmented.LogSegment (LogSegment.java:loadSegment(170)) - Successfully read 1 entries from segment file /home/runner/work/ratis/ratis/ratis-test/target/test/data/3084f93d/MiniRaftClusterWithSimulatedRpce237fa44/s2/69750052-33aa-491b-b994-f78b7583022a/current/log_0-0
2023-10-31 16:06:22,330 [s2-impl-thread1] INFO  segmented.LogSegment (LogSegment.java:loadSegment(170)) - Successfully read 0 entries from segment file /home/runner/work/ratis/ratis/ratis-test/target/test/data/3084f93d/MiniRaftClusterWithSimulatedRpce237fa44/s2/69750052-33aa-491b-b994-f78b7583022a/current/log_inprogress_1
2023-10-31 16:06:22,330 [s2-impl-thread1] TRACE util.FileUtils (LogUtils.java:runAndLog(49)) - Successfully ran Files.delete /home/runner/work/ratis/ratis/ratis-test/target/test/data/3084f93d/MiniRaftClusterWithSimulatedRpce237fa44/s2/69750052-33aa-491b-b994-f78b7583022a/current/log_inprogress_1
2023-10-31 16:06:22,330 [s2-impl-thread1] INFO  segmented.SegmentedRaftLogWorker (SegmentedRaftLogWorker.java:lambda$new$0(135)) - s2@group-F78B7583022A-SegmentedRaftLogWorker: safeCacheEvictIndex: setUnconditionally 0 -> -1
2023-10-31 16:06:22,337 [s2-impl-thread1] INFO  server.RaftServer$Division (RaftServerImpl.java:start(390)) - s2@group-F78B7583022A: start as a follower, conf=1: peers:[s0|localhost:46719, s1|localhost:38495, s2|localhost:42573]|listeners:[], old=null
2023-10-31 16:06:22,337 [s2-impl-thread1] INFO  server.RaftServer$Division (RaftServerImpl.java:setRole(377)) - s2@group-F78B7583022A: changes role from      null to FOLLOWER at term 2 for startAsFollower
2023-10-31 16:06:22,337 [s2-impl-thread1] INFO  impl.RoleInfo (RoleInfo.java:updateAndGet(138)) - s2: start s2@group-F78B7583022A-FollowerState
2023-10-31 16:06:22,337 [s2@group-F78B7583022A-FollowerState] INFO  server.RaftServerConfigKeys (ConfUtils.java:logFallback(53)) - raft.server.rpc.first-election.timeout.min = 150ms (fallback to raft.server.rpc.timeout.min)
2023-10-31 16:06:22,337 [s2-impl-thread1] INFO  util.JmxRegister (JmxRegister.java:tryRegister(44)) - Successfully registered JMX Bean with object name Ratis:service=RaftServer,group=group-F78B7583022A,id=s2
2023-10-31 16:06:22,337 [s2@group-F78B7583022A-FollowerState] INFO  server.RaftServerConfigKeys (ConfUtils.java:logFallback(53)) - raft.server.rpc.first-election.timeout.max = 300ms (fallback to raft.server.rpc.timeout.max)
2023-10-31 16:06:22,337 [s2-impl-thread1] INFO  server.RaftServerConfigKeys (ConfUtils.java:logGet(46)) - raft.server.snapshot.trigger-when-stop.enabled = true (default)
2023-10-31 16:06:22,337 [s2-impl-thread1] INFO  server.RaftServerConfigKeys (ConfUtils.java:logGet(46)) - raft.server.snapshot.auto.trigger.enabled = false (default)
2023-10-31 16:06:22,337 [s2-impl-thread1] INFO  server.RaftServerConfigKeys (ConfUtils.java:logGet(46)) - raft.server.snapshot.retention.file.num = -1 (default)
2023-10-31 16:06:22,338 [s2-impl-thread1] INFO  server.RaftServerConfigKeys (ConfUtils.java:logGet(46)) - raft.server.log.purge.upto.snapshot.index = false (default)
2023-10-31 16:06:22,338 [Time-limited test] INFO  server.RaftServer (RaftServerProxy.java:startImpl(406)) - s2: start RPC server
2023-10-31 16:06:22,339 [Time-limited test] INFO  server.RaftServer (RaftServerProxy.java:lambda$close$9(416)) - s2: close
2023-10-31 16:06:22,339 [JvmPauseMonitor25] INFO  util.JvmPauseMonitor (JvmPauseMonitor.java:run(146)) - JvmPauseMonitor-s2: Started
2023-10-31 16:06:22,339 [HandlerDaemon-2] INFO  simulation.RequestHandler (RequestHandler.java:run(127)) - s2.clientHandler2 is interrupted by java.io.InterruptedIOException: 
2023-10-31 16:06:22,339 [s2-impl-thread1] INFO  server.RaftServer$Division (RaftServerImpl.java:lambda$close$3(514)) - s2@group-F78B7583022A: shutdown
2023-10-31 16:06:22,339 [HandlerDaemon-0] INFO  simulation.RequestHandler (RequestHandler.java:run(127)) - s2.clientHandler0 is interrupted by java.io.InterruptedIOException: 
2023-10-31 16:06:22,340 [s2-impl-thread1] INFO  util.JmxRegister (JmxRegister.java:unregister(73)) - Successfully un-registered JMX Bean with object name Ratis:service=RaftServer,group=group-F78B7583022A,id=s2
2023-10-31 16:06:22,340 [s2-impl-thread1] INFO  impl.RoleInfo (RoleInfo.java:shutdownFollowerState(109)) - s2: shutdown s2@group-F78B7583022A-FollowerState
2023-10-31 16:06:22,340 [s2-impl-thread1] INFO  impl.StateMachineUpdater (StateMachineUpdater.java:stopAndJoin(157)) - s2@group-F78B7583022A-StateMachineUpdater: set stopIndex = -1
2023-10-31 16:06:22,340 [HandlerDaemon-1] INFO  simulation.RequestHandler (RequestHandler.java:run(127)) - s2.serverHandler1 is interrupted by java.io.InterruptedIOException: 
2023-10-31 16:06:22,340 [s2@group-F78B7583022A-FollowerState] INFO  impl.FollowerState (FollowerState.java:run(152)) - s2@group-F78B7583022A-FollowerState was interrupted
2023-10-31 16:06:22,340 [s2-impl-thread1] INFO  server.RaftServer$Division (ServerState.java:close(423)) - s2@group-F78B7583022A: applyIndex: -1
2023-10-31 16:06:22,340 [HandlerDaemon-2] INFO  simulation.RequestHandler (RequestHandler.java:run(127)) - s2.serverHandler2 is interrupted by java.io.InterruptedIOException: 
2023-10-31 16:06:22,341 [s2@group-F78B7583022A-cacheEviction-AwaitToRun] INFO  util.AwaitToRun (AwaitToRun.java:run(49)) - s2@group-F78B7583022A-cacheEviction-AwaitToRun-AwaitForSignal is interrupted
2023-10-31 16:06:22,341 [HandlerDaemon-0] INFO  simulation.RequestHandler (RequestHandler.java:run(127)) - s2.serverHandler0 is interrupted by java.io.InterruptedIOException: 
2023-10-31 16:06:23,337 [s2-impl-thread1] INFO  segmented.SegmentedRaftLogWorker (SegmentedRaftLogWorker.java:close(243)) - s2@group-F78B7583022A-SegmentedRaftLogWorker close()
2023-10-31 16:06:23,338 [JvmPauseMonitor25] INFO  util.JvmPauseMonitor (JvmPauseMonitor.java:run(152)) - JvmPauseMonitor-s2: Stopped
2023-10-31 16:06:23,338 [Time-limited test] INFO  simulation.TestServerRestartWithSimulatedRpc (ServerRestartTests.java:lambda$assertCorruptedLogHeader$5(222)) - header    = 526166744c6f6731
2023-10-31 16:06:23,339 [Time-limited test] INFO  simulation.TestServerRestartWithSimulatedRpc (ServerRestartTests.java:lambda$assertCorruptedLogHeader$5(225)) - corrupted = 526166744c6f6700
2023-10-31 16:06:23,339 [Time-limited test] INFO  impl.MiniRaftCluster (MiniRaftCluster.java:killServer(533)) - killServer s2
2023-10-31 16:06:23,339 [Time-limited test] INFO  impl.MiniRaftCluster (MiniRaftCluster.java:newRaftServer(382)) - newRaftServer: s2, group-F78B7583022A:[s0|localhost:46719, s1|localhost:38495, s2|localhost:42573], format? false
2023-10-31 16:06:23,339 [Time-limited test] INFO  server.RaftServer (ConfUtils.java:logGet(46)) - raft.rpc.type = org.apache.ratis.server.simulation.SimulatedRpc (custom)
2023-10-31 16:06:23,339 [Time-limited test] INFO  impl.DataStreamServerImpl (ConfUtils.java:logGet(46)) - raft.datastream.type = DISABLED (default)
2023-10-31 16:06:23,339 [Time-limited test] INFO  server.RaftServerConfigKeys (ConfUtils.java:logGet(46)) - raft.server.sleep.deviation.threshold = 300ms (default)
2023-10-31 16:06:23,339 [Time-limited test] INFO  server.RaftServerConfigKeys (ConfUtils.java:logGet(46)) - raft.server.close.threshold = 60s (default)
2023-10-31 16:06:23,339 [Time-limited test] INFO  server.RaftServerConfigKeys (ConfUtils.java:logGet(46)) - raft.server.leaderelection.leader.step-down.wait-time = 10s (default)
2023-10-31 16:06:23,340 [Time-limited test] INFO  server.RaftServerConfigKeys (ConfUtils.java:logGet(46)) - raft.server.storage.dir = [/home/runner/work/ratis/ratis/ratis-test/target/test/data/3084f93d/MiniRaftClusterWithSimulatedRpce237fa44/s2] (custom)
2023-10-31 16:06:23,340 [Time-limited test] INFO  server.RaftServerConfigKeys (ConfUtils.java:logGet(46)) - raft.server.threadpool.proxy.cached = true (default)
2023-10-31 16:06:23,340 [Time-limited test] INFO  server.RaftServerConfigKeys (ConfUtils.java:logGet(46)) - raft.server.threadpool.proxy.size = 0 (default)
2023-10-31 16:06:23,340 [s2-impl-thread1] INFO  server.RaftServer (RaftServerProxy.java:initGroupDir(264)) - s2: found a subdirectory /home/runner/work/ratis/ratis/ratis-test/target/test/data/3084f93d/MiniRaftClusterWithSimulatedRpce237fa44/s2/69750052-33aa-491b-b994-f78b7583022a
2023-10-31 16:06:23,340 [Time-limited test] INFO  server.RaftServer (RaftServerProxy.java:addNew(100)) - s2: addNew group-F78B7583022A:[s0|localhost:46719, s1|localhost:38495, s2|localhost:42573] returns group-F78B7583022A:java.util.concurrent.CompletableFuture@579f9ca2[Not completed]
2023-10-31 16:06:23,341 [s2-groupManagement] INFO  server.RaftServerConfigKeys (ConfUtils.java:logGet(46)) - raft.server.log.segment.size.max = 32MB (=33554432) (default)
2023-10-31 16:06:23,341 [s2-groupManagement] INFO  server.RaftServerConfigKeys (ConfUtils.java:logGet(46)) - raft.server.log.preallocated.size = 4MB (=4194304) (default)
2023-10-31 16:06:23,341 [s2-groupManagement] INFO  server.RaftServerConfigKeys (ConfUtils.java:logGet(46)) - raft.server.log.write.buffer.size = 64KB (=65536) (default)
2023-10-31 16:06:23,341 [s2-groupManagement] INFO  server.RaftServer$Division (RaftServerImpl.java:<init>(255)) - s2: new RaftServerImpl for group-F78B7583022A:[s0|localhost:46719, s1|localhost:38495, s2|localhost:42573] with SimpleStateMachine4Testing:uninitialized
2023-10-31 16:06:23,341 [s2-groupManagement] INFO  server.RaftServerConfigKeys (ConfUtils.java:logGet(46)) - raft.server.rpc.timeout.min = 150ms (default)
2023-10-31 16:06:23,341 [s2-groupManagement] INFO  server.RaftServerConfigKeys (ConfUtils.java:logGet(46)) - raft.server.rpc.timeout.max = 300ms (default)
2023-10-31 16:06:23,341 [s2-groupManagement] INFO  server.RaftServerConfigKeys (ConfUtils.java:logGet(46)) - raft.server.rpc.sleep.time = 25ms (default)
2023-10-31 16:06:23,341 [s2-groupManagement] INFO  server.RaftServerConfigKeys (ConfUtils.java:logGet(46)) - raft.server.rpc.slowness.timeout = 60s (default)
2023-10-31 16:06:23,341 [s2-groupManagement] INFO  server.RaftServerConfigKeys (ConfUtils.java:logGet(46)) - raft.server.leaderelection.leader.step-down.wait-time = 10s (default)
2023-10-31 16:06:23,341 [s2-groupManagement] INFO  server.RaftServerConfigKeys (ConfUtils.java:logGet(46)) - raft.server.sleep.deviation.threshold = 300ms (default)
2023-10-31 16:06:23,341 [s2-groupManagement] INFO  server.RaftServer$Division (ServerState.java:<init>(113)) - s2@group-F78B7583022A: ConfigurationManager, init=-1: peers:[s0|localhost:46719, s1|localhost:38495, s2|localhost:42573]|listeners:[], old=null, confs=<EMPTY_MAP>
2023-10-31 16:06:23,341 [s2-groupManagement] INFO  server.RaftServerConfigKeys (ConfUtils.java:logGet(46)) - raft.server.notification.no-leader.timeout = 60s (default)
2023-10-31 16:06:23,341 [s2-groupManagement] INFO  server.RaftServerConfigKeys (ConfUtils.java:logGet(46)) - raft.server.read.timeout = 10s (default)
2023-10-31 16:06:23,341 [s2-groupManagement] INFO  server.RaftServerConfigKeys (ConfUtils.java:logGet(46)) - raft.server.retrycache.expirytime = 60s (default)
2023-10-31 16:06:23,341 [s2-groupManagement] INFO  server.RaftServerConfigKeys (ConfUtils.java:logGet(46)) - raft.server.retrycache.statistics.expirytime = 100μs (default)
2023-10-31 16:06:23,341 [s2-groupManagement] INFO  server.RaftServerConfigKeys (ConfUtils.java:logGet(46)) - raft.server.read.option = DEFAULT (default)
2023-10-31 16:06:23,342 [s2-groupManagement] INFO  server.RaftServerConfigKeys (ConfUtils.java:logGet(46)) - raft.server.read.read-after-write-consistent.write-index-cache.expiry-time = 60s (default)
2023-10-31 16:06:23,342 [s2-groupManagement] INFO  server.RaftServerConfigKeys (ConfUtils.java:logGet(46)) - raft.server.rpc.request.timeout = 3000ms (default)
2023-10-31 16:06:23,342 [s2-groupManagement] INFO  server.RaftServerConfigKeys (ConfUtils.java:logGet(46)) - raft.server.log.appender.install.snapshot.enabled = true (default)
2023-10-31 16:06:23,342 [s2-groupManagement] INFO  server.RaftServerConfigKeys (ConfUtils.java:logGet(46)) - raft.server.threadpool.server.cached = true (default)
2023-10-31 16:06:23,342 [s2-groupManagement] INFO  server.RaftServerConfigKeys (ConfUtils.java:logGet(46)) - raft.server.threadpool.server.size = 0 (default)
2023-10-31 16:06:23,342 [s2-groupManagement] INFO  server.RaftServerConfigKeys (ConfUtils.java:logGet(46)) - raft.server.threadpool.client.cached = true (default)
2023-10-31 16:06:23,343 [s2-groupManagement] INFO  server.RaftServerConfigKeys (ConfUtils.java:logGet(46)) - raft.server.threadpool.client.size = 0 (default)
2023-10-31 16:06:23,343 [s2-impl-thread1] INFO  server.RaftServerConfigKeys (ConfUtils.java:logGet(46)) - raft.server.storage.free-space.min = 0MB (=0) (default)
2023-10-31 16:06:23,343 [s2-impl-thread1] INFO  server.RaftServerConfigKeys (ConfUtils.java:logGet(46)) - raft.server.log.corruption.policy = EXCEPTION (default)
2023-10-31 16:06:23,343 [s2-impl-thread1] INFO  server.RaftServerConfigKeys (ConfUtils.java:logGet(46)) - raft.server.storage.dir = [/home/runner/work/ratis/ratis/ratis-test/target/test/data/3084f93d/MiniRaftClusterWithSimulatedRpce237fa44/s2] (custom)
2023-10-31 16:06:23,344 [s2-impl-thread1] INFO  storage.RaftStorageDirectory (RaftStorageDirectoryImpl.java:tryLock(232)) - Lock on /home/runner/work/ratis/ratis/ratis-test/target/test/data/3084f93d/MiniRaftClusterWithSimulatedRpce237fa44/s2/69750052-33aa-491b-b994-f78b7583022a/in_use.lock acquired by nodename 3366@fv-az462-937
2023-10-31 16:06:23,344 [s2-impl-thread1] INFO  storage.RaftStorage (RaftStorageImpl.java:analyzeAndRecoverStorage(117)) - Read RaftStorageMetadata{term=2, votedFor=s2} from /home/runner/work/ratis/ratis/ratis-test/target/test/data/3084f93d/MiniRaftClusterWithSimulatedRpce237fa44/s2/69750052-33aa-491b-b994-f78b7583022a/current/raft-meta
2023-10-31 16:06:23,345 [s2-impl-thread1] INFO  server.RaftServer$Division (ServerState.java:setRaftConf(382)) - s2@group-F78B7583022A: set configuration 1: peers:[s0|localhost:46719, s1|localhost:38495, s2|localhost:42573]|listeners:[], old=null
2023-10-31 16:06:23,345 [s2-impl-thread1] INFO  impl.SimpleStateMachine4Testing (SimpleStateMachine4Testing.java:initialize(213)) - Initializing SimpleStateMachine4Testing:uninitialized
2023-10-31 16:06:23,345 [s2-impl-thread1] INFO  impl.SimpleStateMachine4Testing (SimpleStateMachine4Testing.java:loadSnapshot(296)) - Loading snapshot null
2023-10-31 16:06:23,345 [s2-impl-thread1] INFO  server.RaftServerConfigKeys (ConfUtils.java:logGet(46)) - raft.server.log.use.memory = false (default)
2023-10-31 16:06:23,345 [s2-impl-thread1] INFO  server.RaftServerConfigKeys (ConfUtils.java:logGet(46)) - raft.server.log.purge.gap = 1024 (default)
2023-10-31 16:06:23,345 [s2-impl-thread1] INFO  server.RaftServerConfigKeys (ConfUtils.java:logGet(46)) - raft.server.log.appender.buffer.byte-limit = 4MB (=4194304) (default)
2023-10-31 16:06:23,345 [s2-impl-thread1] INFO  server.RaftServerConfigKeys (ConfUtils.java:logGet(46)) - raft.server.log.statemachine.data.read.timeout = 1000ms (default)
2023-10-31 16:06:23,345 [s2-impl-thread1] INFO  server.RaftServerConfigKeys (ConfUtils.java:logGet(46)) - raft.server.log.purge.preservation.log.num = 0 (default)
2023-10-31 16:06:23,345 [s2-impl-thread1] INFO  server.RaftServerConfigKeys (ConfUtils.java:logGet(46)) - raft.server.log.segment.size.max = 8KB (=8192) (custom)
2023-10-31 16:06:23,345 [s2-impl-thread1] INFO  server.RaftServerConfigKeys (ConfUtils.java:logGet(46)) - raft.server.log.segment.cache.num.max = 6 (default)
2023-10-31 16:06:23,346 [s2-impl-thread1] INFO  server.RaftServerConfigKeys (ConfUtils.java:logGet(46)) - raft.server.log.segment.cache.size.max = 200MB (=209715200) (default)
2023-10-31 16:06:23,346 [s2-impl-thread1] INFO  server.RaftServerConfigKeys (ConfUtils.java:logGet(46)) - raft.server.log.appender.buffer.byte-limit = 4MB (=4194304) (default)
2023-10-31 16:06:23,346 [s2-impl-thread1] INFO  util.AwaitToRun (AwaitToRun.java:start(81)) - Thread[s2@group-F78B7583022A-cacheEviction-AwaitToRun,5,main] started
2023-10-31 16:06:23,346 [s2-impl-thread1] INFO  segmented.SegmentedRaftLogWorker (SegmentedRaftLogWorker.java:<init>(184)) - new s2@group-F78B7583022A-SegmentedRaftLogWorker for RaftStorageImpl:Storage Directory /home/runner/work/ratis/ratis/ratis-test/target/test/data/3084f93d/MiniRaftClusterWithSimulatedRpce237fa44/s2/69750052-33aa-491b-b994-f78b7583022a
2023-10-31 16:06:23,346 [s2-impl-thread1] INFO  server.RaftServerConfigKeys (ConfUtils.java:logGet(46)) - raft.server.log.queue.byte-limit = 64MB (=67108864) (default)
2023-10-31 16:06:23,346 [s2-impl-thread1] INFO  server.RaftServerConfigKeys (ConfUtils.java:logGet(46)) - raft.server.log.queue.element-limit = 4096 (default)
2023-10-31 16:06:23,346 [s2-impl-thread1] INFO  server.RaftServerConfigKeys (ConfUtils.java:logGet(46)) - raft.server.log.segment.size.max = 8KB (=8192) (custom)
2023-10-31 16:06:23,346 [s2-impl-thread1] INFO  server.RaftServerConfigKeys (ConfUtils.java:logGet(46)) - raft.server.log.preallocated.size = 4MB (=4194304) (default)
2023-10-31 16:06:23,346 [s2-impl-thread1] INFO  server.RaftServerConfigKeys (ConfUtils.java:logGet(46)) - raft.server.log.force.sync.num = 128 (default)
2023-10-31 16:06:23,346 [s2-impl-thread1] INFO  server.RaftServerConfigKeys (ConfUtils.java:logGet(46)) - raft.server.log.statemachine.data.sync = true (default)
2023-10-31 16:06:23,346 [s2-impl-thread1] INFO  server.RaftServerConfigKeys (ConfUtils.java:logGet(46)) - raft.server.log.statemachine.data.sync.timeout = 10s (default)
2023-10-31 16:06:23,346 [s2-impl-thread1] INFO  server.RaftServerConfigKeys (ConfUtils.java:logGet(46)) - raft.server.log.statemachine.data.sync.timeout.retry = -1 (default)
2023-10-31 16:06:23,346 [s2-impl-thread1] INFO  server.RaftServerConfigKeys (ConfUtils.java:logGet(46)) - raft.server.log.write.buffer.size = 64KB (=65536) (default)
2023-10-31 16:06:23,346 [s2-impl-thread1] INFO  server.RaftServerConfigKeys (ConfUtils.java:logGet(46)) - raft.server.log.appender.buffer.byte-limit = 4MB (=4194304) (default)
2023-10-31 16:06:23,347 [s2-impl-thread1] INFO  server.RaftServerConfigKeys (ConfUtils.java:logGet(46)) - raft.server.log.unsafe-flush.enabled = false (default)
2023-10-31 16:06:23,347 [s2-impl-thread1] INFO  server.RaftServerConfigKeys (ConfUtils.java:logGet(46)) - raft.server.log.async-flush.enabled = false (default)
2023-10-31 16:06:23,347 [s2-impl-thread1] INFO  server.RaftServerConfigKeys (ConfUtils.java:logGet(46)) - raft.server.log.statemachine.data.caching.enabled = false (default)
2023-10-31 16:06:23,348 [s2-impl-thread1] INFO  server.RaftServer$Division (ServerState.java:setRaftConf(382)) - s2@group-F78B7583022A: set configuration 0: peers:[s0|localhost:46719, s1|localhost:38495, s2|localhost:42573]|listeners:[], old=null
2023-10-31 16:06:23,348 [s2-impl-thread1] INFO  segmented.LogSegment (LogSegment.java:loadSegment(170)) - Successfully read 1 entries from segment file /home/runner/work/ratis/ratis/ratis-test/target/test/data/3084f93d/MiniRaftClusterWithSimulatedRpce237fa44/s2/69750052-33aa-491b-b994-f78b7583022a/current/log_0-0
2023-10-31 16:06:23,349 [s2-impl-thread1] INFO  segmented.LogSegment (LogSegment.java:loadSegment(170)) - Successfully read 0 entries from segment file /home/runner/work/ratis/ratis/ratis-test/target/test/data/3084f93d/MiniRaftClusterWithSimulatedRpce237fa44/s2/69750052-33aa-491b-b994-f78b7583022a/current/log_inprogress_1
2023-10-31 16:06:23,349 [s2-impl-thread1] TRACE util.FileUtils (LogUtils.java:runAndLog(49)) - Successfully ran Files.delete /home/runner/work/ratis/ratis/ratis-test/target/test/data/3084f93d/MiniRaftClusterWithSimulatedRpce237fa44/s2/69750052-33aa-491b-b994-f78b7583022a/current/log_inprogress_1
2023-10-31 16:06:23,349 [s2-impl-thread1] INFO  segmented.SegmentedRaftLogWorker (SegmentedRaftLogWorker.java:lambda$new$0(135)) - s2@group-F78B7583022A-SegmentedRaftLogWorker: safeCacheEvictIndex: setUnconditionally 0 -> -1
2023-10-31 16:06:23,350 [s2-impl-thread1] INFO  server.RaftServer$Division (RaftServerImpl.java:start(390)) - s2@group-F78B7583022A: start as a follower, conf=1: peers:[s0|localhost:46719, s1|localhost:38495, s2|localhost:42573]|listeners:[], old=null
2023-10-31 16:06:23,350 [s2-impl-thread1] INFO  server.RaftServer$Division (RaftServerImpl.java:setRole(377)) - s2@group-F78B7583022A: changes role from      null to FOLLOWER at term 2 for startAsFollower
2023-10-31 16:06:23,350 [s2-impl-thread1] INFO  impl.RoleInfo (RoleInfo.java:updateAndGet(138)) - s2: start s2@group-F78B7583022A-FollowerState
2023-10-31 16:06:23,351 [s2-impl-thread1] INFO  util.JmxRegister (JmxRegister.java:tryRegister(44)) - Successfully registered JMX Bean with object name Ratis:service=RaftServer,group=group-F78B7583022A,id=s2
2023-10-31 16:06:23,351 [s2-impl-thread1] INFO  server.RaftServerConfigKeys (ConfUtils.java:logGet(46)) - raft.server.snapshot.trigger-when-stop.enabled = true (default)
2023-10-31 16:06:23,351 [s2-impl-thread1] INFO  server.RaftServerConfigKeys (ConfUtils.java:logGet(46)) - raft.server.snapshot.auto.trigger.enabled = false (default)
2023-10-31 16:06:23,351 [s2-impl-thread1] INFO  server.RaftServerConfigKeys (ConfUtils.java:logGet(46)) - raft.server.snapshot.retention.file.num = -1 (default)
2023-10-31 16:06:23,351 [s2-impl-thread1] INFO  server.RaftServerConfigKeys (ConfUtils.java:logGet(46)) - raft.server.log.purge.upto.snapshot.index = false (default)
2023-10-31 16:06:23,352 [s2@group-F78B7583022A-FollowerState] INFO  server.RaftServerConfigKeys (ConfUtils.java:logFallback(53)) - raft.server.rpc.first-election.timeout.min = 150ms (fallback to raft.server.rpc.timeout.min)
2023-10-31 16:06:23,352 [s2@group-F78B7583022A-FollowerState] INFO  server.RaftServerConfigKeys (ConfUtils.java:logFallback(53)) - raft.server.rpc.first-election.timeout.max = 300ms (fallback to raft.server.rpc.timeout.max)
2023-10-31 16:06:23,354 [Time-limited test] INFO  server.RaftServer (RaftServerProxy.java:startImpl(406)) - s2: start RPC server
2023-10-31 16:06:23,363 [Time-limited test] INFO  server.RaftServer (RaftServerProxy.java:lambda$close$9(416)) - s2: close
2023-10-31 16:06:23,363 [s2-impl-thread1] INFO  server.RaftServer$Division (RaftServerImpl.java:lambda$close$3(514)) - s2@group-F78B7583022A: shutdown
2023-10-31 16:06:23,363 [s2-impl-thread1] INFO  util.JmxRegister (JmxRegister.java:unregister(73)) - Successfully un-registered JMX Bean with object name Ratis:service=RaftServer,group=group-F78B7583022A,id=s2
2023-10-31 16:06:23,363 [s2-impl-thread1] INFO  impl.RoleInfo (RoleInfo.java:shutdownFollowerState(109)) - s2: shutdown s2@group-F78B7583022A-FollowerState
2023-10-31 16:06:23,363 [s2-impl-thread1] INFO  impl.StateMachineUpdater (StateMachineUpdater.java:stopAndJoin(157)) - s2@group-F78B7583022A-StateMachineUpdater: set stopIndex = -1
2023-10-31 16:06:23,363 [HandlerDaemon-0] INFO  simulation.RequestHandler (RequestHandler.java:run(127)) - s2.clientHandler0 is interrupted by java.io.InterruptedIOException: 
2023-10-31 16:06:23,363 [HandlerDaemon-1] INFO  simulation.RequestHandler (RequestHandler.java:run(127)) - s2.clientHandler1 is interrupted by java.io.InterruptedIOException: 
2023-10-31 16:06:23,363 [s2@group-F78B7583022A-FollowerState] INFO  impl.FollowerState (FollowerState.java:run(152)) - s2@group-F78B7583022A-FollowerState was interrupted
2023-10-31 16:06:23,364 [HandlerDaemon-2] INFO  simulation.RequestHandler (RequestHandler.java:run(127)) - s2.clientHandler2 is interrupted by java.io.InterruptedIOException: 
2023-10-31 16:06:23,364 [HandlerDaemon-0] INFO  simulation.RequestHandler (RequestHandler.java:run(127)) - s2.serverHandler0 is interrupted by java.io.InterruptedIOException: 
2023-10-31 16:06:23,364 [HandlerDaemon-2] INFO  simulation.RequestHandler (RequestHandler.java:run(127)) - s2.serverHandler2 is interrupted by java.io.InterruptedIOException: 
2023-10-31 16:06:23,364 [HandlerDaemon-1] INFO  simulation.RequestHandler (RequestHandler.java:run(127)) - s2.serverHandler1 is interrupted by java.io.InterruptedIOException: 
2023-10-31 16:06:23,364 [s2-impl-thread1] INFO  server.RaftServer$Division (ServerState.java:close(423)) - s2@group-F78B7583022A: applyIndex: -1
2023-10-31 16:06:23,364 [s2@group-F78B7583022A-cacheEviction-AwaitToRun] INFO  util.AwaitToRun (AwaitToRun.java:run(49)) - s2@group-F78B7583022A-cacheEviction-AwaitToRun-AwaitForSignal is interrupted
2023-10-31 16:06:23,365 [JvmPauseMonitor26] INFO  util.JvmPauseMonitor (JvmPauseMonitor.java:run(146)) - JvmPauseMonitor-s2: Started
2023-10-31 16:06:24,351 [s2-impl-thread1] INFO  segmented.SegmentedRaftLogWorker (SegmentedRaftLogWorker.java:close(243)) - s2@group-F78B7583022A-SegmentedRaftLogWorker close()
2023-10-31 16:06:24,352 [JvmPauseMonitor26] INFO  util.JvmPauseMonitor (JvmPauseMonitor.java:run(152)) - JvmPauseMonitor-s2: Stopped
2023-10-31 16:06:24,352 [Time-limited test] INFO  impl.MiniRaftCluster (MiniRaftCluster.java:shutdown(831)) - ************************************************************** 
2023-10-31 16:06:24,352 [Time-limited test] INFO  impl.MiniRaftCluster (MiniRaftCluster.java:shutdown(832)) - *** 
2023-10-31 16:06:24,352 [Time-limited test] INFO  impl.MiniRaftCluster (MiniRaftCluster.java:shutdown(833)) - ***     Stopping MiniRaftClusterWithSimulatedRpc
2023-10-31 16:06:24,352 [Time-limited test] INFO  impl.MiniRaftCluster (MiniRaftCluster.java:shutdown(834)) - *** 
2023-10-31 16:06:24,352 [Time-limited test] INFO  impl.MiniRaftCluster (MiniRaftCluster.java:shutdown(835)) - ************************************************************** 
2023-10-31 16:06:24,352 [Time-limited test] INFO  impl.MiniRaftCluster (MiniRaftCluster.java:shutdown(836)) - printing ALL groups
  s0:   CLOSED  FOLLOWER s0@group-F78B7583022A:t1, leader=null, voted=s0, raftlog=Memoized:s0@group-F78B7583022A-SegmentedRaftLog:CLOSED:c-1, conf=0: peers:[s0|localhost:46719, s1|localhost:38495, s2|localhost:42573]|listeners:[], old=null CLOSED
  s1:   CLOSED  FOLLOWER s1@group-F78B7583022A:t2, leader=null, voted=s2, raftlog=Memoized:s1@group-F78B7583022A-SegmentedRaftLog:CLOSED:c-1, conf=1: peers:[s0|localhost:46719, s1|localhost:38495, s2|localhost:42573]|listeners:[], old=null CLOSED
  s2:   CLOSED  FOLLOWER s2@group-F78B7583022A:t2, leader=null, voted=s2, raftlog=Memoized:s2@group-F78B7583022A-SegmentedRaftLog:CLOSED:c-1, conf=1: peers:[s0|localhost:46719, s1|localhost:38495, s2|localhost:42573]|listeners:[], old=null CLOSED
2023-10-31 16:06:24,355 [Time-limited test] INFO  impl.MiniRaftCluster (MiniRaftCluster.java:shutdown(855)) - MiniRaftClusterWithSimulatedRpc shutdown completed
]]></system-out>
  </testcase>
  <testcase name="testRestartWithCorruptedLogEntryWithWarnAndReturn" classname="org.apache.ratis.server.simulation.TestServerRestartWithSimulatedRpc" time="3.029">
    <system-out><![CDATA[2023-10-31 16:06:24,357 [main] INFO  util.LogUtils (Slf4jUtils.java:setLogLevel(38)) - Successfully set org.apache.ratis.conf.ConfUtils log level to WARN
2023-10-31 16:06:24,358 [main] INFO  util.LogUtils (Slf4jUtils.java:setLogLevel(38)) - Successfully set org.apache.ratis.util.FileUtils log level to TRACE
2023-10-31 16:06:24,358 [main] INFO  util.LogUtils (Slf4jUtils.java:setLogLevel(38)) - Successfully set org.apache.ratis.server.raftlog.RaftLog log level to DEBUG
2023-10-31 16:06:24,358 [Time-limited test] INFO  server.RaftServerConfigKeys (ConfUtils.java:logGet(46)) - raft.server.log.corruption.policy = EXCEPTION (default)
2023-10-31 16:06:24,359 [Time-limited test] INFO  impl.MiniRaftCluster (MiniRaftCluster.java:runWithNewCluster(135)) - Running runWithNewCluster
2023-10-31 16:06:24,359 [Time-limited test] INFO  simulation.MiniRaftClusterWithSimulatedRpc (ConfUtils.java:logGet(46)) - org.apache.ratis.server.simulation.SimulatedRequestReply.simulateLatencyMs = 0 (custom)
2023-10-31 16:06:24,360 [Time-limited test] INFO  impl.MiniRaftCluster (MiniRaftCluster.java:<init>(306)) - new MiniRaftClusterWithSimulatedRpc with group-2B29C9DA22C2:[s0|localhost:43411]
2023-10-31 16:06:24,360 [Time-limited test] INFO  impl.MiniRaftCluster (MiniRaftCluster.java:start(339)) - .............................................................. 
2023-10-31 16:06:24,360 [Time-limited test] INFO  impl.MiniRaftCluster (MiniRaftCluster.java:start(340)) - ... 
2023-10-31 16:06:24,360 [Time-limited test] INFO  impl.MiniRaftCluster (MiniRaftCluster.java:start(341)) - ...     Starting MiniRaftClusterWithSimulatedRpc
2023-10-31 16:06:24,360 [Time-limited test] INFO  impl.MiniRaftCluster (MiniRaftCluster.java:start(342)) - ... 
2023-10-31 16:06:24,360 [Time-limited test] INFO  impl.MiniRaftCluster (MiniRaftCluster.java:start(343)) - .............................................................. 
2023-10-31 16:06:24,360 [Time-limited test] INFO  impl.MiniRaftCluster (MiniRaftCluster.java:initServers(318)) - servers = {}
2023-10-31 16:06:24,360 [Time-limited test] INFO  impl.MiniRaftCluster (MiniRaftCluster.java:newRaftServer(382)) - newRaftServer: s0, group-2B29C9DA22C2:[s0|localhost:43411], format? true
2023-10-31 16:06:24,360 [Time-limited test] TRACE util.FileUtils (FileUtils.java:deleteFully(305)) - deleteFully target/test/data/3084f93d/MiniRaftClusterWithSimulatedRpcf38a95bd/s0
2023-10-31 16:06:24,360 [Time-limited test] TRACE util.FileUtils (FileUtils.java:deleteFully(318)) - deleteFully: target/test/data/3084f93d/MiniRaftClusterWithSimulatedRpcf38a95bd/s0 does not exist.
2023-10-31 16:06:24,360 [Time-limited test] INFO  impl.MiniRaftCluster (MiniRaftCluster.java:newRaftServer(387)) - Formatted directory target/test/data/3084f93d/MiniRaftClusterWithSimulatedRpcf38a95bd/s0
2023-10-31 16:06:24,361 [Time-limited test] INFO  server.RaftServer (ConfUtils.java:logGet(46)) - raft.rpc.type = org.apache.ratis.server.simulation.SimulatedRpc (custom)
2023-10-31 16:06:24,361 [Time-limited test] INFO  impl.DataStreamServerImpl (ConfUtils.java:logGet(46)) - raft.datastream.type = DISABLED (default)
2023-10-31 16:06:24,361 [Time-limited test] INFO  server.RaftServerConfigKeys (ConfUtils.java:logGet(46)) - raft.server.sleep.deviation.threshold = 300ms (default)
2023-10-31 16:06:24,361 [Time-limited test] INFO  server.RaftServerConfigKeys (ConfUtils.java:logGet(46)) - raft.server.close.threshold = 60s (default)
2023-10-31 16:06:24,361 [Time-limited test] INFO  server.RaftServerConfigKeys (ConfUtils.java:logGet(46)) - raft.server.leaderelection.leader.step-down.wait-time = 10s (default)
2023-10-31 16:06:24,361 [Time-limited test] INFO  server.RaftServerConfigKeys (ConfUtils.java:logGet(46)) - raft.server.storage.dir = [/home/runner/work/ratis/ratis/ratis-test/target/test/data/3084f93d/MiniRaftClusterWithSimulatedRpcf38a95bd/s0] (custom)
2023-10-31 16:06:24,361 [Time-limited test] INFO  server.RaftServerConfigKeys (ConfUtils.java:logGet(46)) - raft.server.threadpool.proxy.cached = true (default)
2023-10-31 16:06:24,361 [Time-limited test] INFO  server.RaftServerConfigKeys (ConfUtils.java:logGet(46)) - raft.server.threadpool.proxy.size = 0 (default)
2023-10-31 16:06:24,362 [Time-limited test] INFO  server.RaftServer (RaftServerProxy.java:addNew(100)) - s0: addNew group-2B29C9DA22C2:[s0|localhost:43411] returns group-2B29C9DA22C2:java.util.concurrent.CompletableFuture@53236060[Not completed]
2023-10-31 16:06:24,362 [s0-groupManagement] INFO  server.RaftServerConfigKeys (ConfUtils.java:logGet(46)) - raft.server.log.segment.size.max = 32MB (=33554432) (default)
2023-10-31 16:06:24,362 [s0-groupManagement] INFO  server.RaftServerConfigKeys (ConfUtils.java:logGet(46)) - raft.server.log.preallocated.size = 4MB (=4194304) (default)
2023-10-31 16:06:24,362 [s0-groupManagement] INFO  server.RaftServerConfigKeys (ConfUtils.java:logGet(46)) - raft.server.log.write.buffer.size = 64KB (=65536) (default)
2023-10-31 16:06:24,362 [s0-groupManagement] INFO  server.RaftServer$Division (RaftServerImpl.java:<init>(255)) - s0: new RaftServerImpl for group-2B29C9DA22C2:[s0|localhost:43411] with SimpleStateMachine4Testing:uninitialized
2023-10-31 16:06:24,362 [s0-groupManagement] INFO  server.RaftServerConfigKeys (ConfUtils.java:logGet(46)) - raft.server.rpc.timeout.min = 150ms (default)
2023-10-31 16:06:24,362 [s0-groupManagement] INFO  server.RaftServerConfigKeys (ConfUtils.java:logGet(46)) - raft.server.rpc.timeout.max = 300ms (default)
2023-10-31 16:06:24,362 [s0-groupManagement] INFO  server.RaftServerConfigKeys (ConfUtils.java:logGet(46)) - raft.server.rpc.sleep.time = 25ms (default)
2023-10-31 16:06:24,363 [s0-groupManagement] INFO  server.RaftServerConfigKeys (ConfUtils.java:logGet(46)) - raft.server.rpc.slowness.timeout = 60s (default)
2023-10-31 16:06:24,363 [s0-groupManagement] INFO  server.RaftServerConfigKeys (ConfUtils.java:logGet(46)) - raft.server.leaderelection.leader.step-down.wait-time = 10s (default)
2023-10-31 16:06:24,363 [s0-groupManagement] INFO  server.RaftServerConfigKeys (ConfUtils.java:logGet(46)) - raft.server.sleep.deviation.threshold = 300ms (default)
2023-10-31 16:06:24,363 [s0-groupManagement] INFO  server.RaftServer$Division (ServerState.java:<init>(113)) - s0@group-2B29C9DA22C2: ConfigurationManager, init=-1: peers:[s0|localhost:43411]|listeners:[], old=null, confs=<EMPTY_MAP>
2023-10-31 16:06:24,363 [s0-groupManagement] INFO  server.RaftServerConfigKeys (ConfUtils.java:logGet(46)) - raft.server.notification.no-leader.timeout = 60s (default)
2023-10-31 16:06:24,363 [s0-groupManagement] INFO  server.RaftServerConfigKeys (ConfUtils.java:logGet(46)) - raft.server.read.timeout = 10s (default)
2023-10-31 16:06:24,363 [s0-groupManagement] INFO  server.RaftServerConfigKeys (ConfUtils.java:logGet(46)) - raft.server.retrycache.expirytime = 60s (default)
2023-10-31 16:06:24,363 [s0-groupManagement] INFO  server.RaftServerConfigKeys (ConfUtils.java:logGet(46)) - raft.server.retrycache.statistics.expirytime = 100μs (default)
2023-10-31 16:06:24,363 [s0-groupManagement] INFO  server.RaftServerConfigKeys (ConfUtils.java:logGet(46)) - raft.server.read.option = DEFAULT (default)
2023-10-31 16:06:24,363 [s0-groupManagement] INFO  server.RaftServerConfigKeys (ConfUtils.java:logGet(46)) - raft.server.read.read-after-write-consistent.write-index-cache.expiry-time = 60s (default)
2023-10-31 16:06:24,364 [s0-groupManagement] INFO  server.RaftServerConfigKeys (ConfUtils.java:logGet(46)) - raft.server.rpc.request.timeout = 3000ms (default)
2023-10-31 16:06:24,364 [s0-groupManagement] INFO  server.RaftServerConfigKeys (ConfUtils.java:logGet(46)) - raft.server.log.appender.install.snapshot.enabled = true (default)
2023-10-31 16:06:24,364 [s0-groupManagement] INFO  server.RaftServerConfigKeys (ConfUtils.java:logGet(46)) - raft.server.threadpool.server.cached = true (default)
2023-10-31 16:06:24,364 [s0-groupManagement] INFO  server.RaftServerConfigKeys (ConfUtils.java:logGet(46)) - raft.server.threadpool.server.size = 0 (default)
2023-10-31 16:06:24,364 [s0-groupManagement] INFO  server.RaftServerConfigKeys (ConfUtils.java:logGet(46)) - raft.server.threadpool.client.cached = true (default)
2023-10-31 16:06:24,364 [s0-groupManagement] INFO  server.RaftServerConfigKeys (ConfUtils.java:logGet(46)) - raft.server.threadpool.client.size = 0 (default)
2023-10-31 16:06:24,364 [s0-impl-thread1] INFO  server.RaftServerConfigKeys (ConfUtils.java:logGet(46)) - raft.server.storage.free-space.min = 0MB (=0) (default)
2023-10-31 16:06:24,364 [s0-impl-thread1] INFO  server.RaftServerConfigKeys (ConfUtils.java:logGet(46)) - raft.server.log.corruption.policy = WARN_AND_RETURN (custom)
2023-10-31 16:06:24,365 [s0-impl-thread1] INFO  server.RaftServerConfigKeys (ConfUtils.java:logGet(46)) - raft.server.storage.dir = [/home/runner/work/ratis/ratis/ratis-test/target/test/data/3084f93d/MiniRaftClusterWithSimulatedRpcf38a95bd/s0] (custom)
2023-10-31 16:06:24,365 [s0-impl-thread1] INFO  storage.RaftStorageDirectory (RaftStorageDirectoryImpl.java:analyzeStorage(138)) - The storage directory /home/runner/work/ratis/ratis/ratis-test/target/test/data/3084f93d/MiniRaftClusterWithSimulatedRpcf38a95bd/s0/60aaee91-0e77-4aa1-953c-2b29c9da22c2 does not exist. Creating ...
2023-10-31 16:06:24,365 [s0-impl-thread1] TRACE util.FileUtils (LogUtils.java:runAndLog(49)) - Successfully ran Files.createDirectories /home/runner/work/ratis/ratis/ratis-test/target/test/data/3084f93d/MiniRaftClusterWithSimulatedRpcf38a95bd/s0/60aaee91-0e77-4aa1-953c-2b29c9da22c2
2023-10-31 16:06:24,367 [s0-impl-thread1] INFO  storage.RaftStorageDirectory (RaftStorageDirectoryImpl.java:tryLock(232)) - Lock on /home/runner/work/ratis/ratis/ratis-test/target/test/data/3084f93d/MiniRaftClusterWithSimulatedRpcf38a95bd/s0/60aaee91-0e77-4aa1-953c-2b29c9da22c2/in_use.lock acquired by nodename 3366@fv-az462-937
2023-10-31 16:06:24,367 [s0-impl-thread1] TRACE util.FileUtils (LogUtils.java:runAndLog(49)) - Successfully ran Files.createDirectories /home/runner/work/ratis/ratis/ratis-test/target/test/data/3084f93d/MiniRaftClusterWithSimulatedRpcf38a95bd/s0/60aaee91-0e77-4aa1-953c-2b29c9da22c2/current
2023-10-31 16:06:24,367 [s0-impl-thread1] TRACE util.FileUtils (LogUtils.java:runAndLog(49)) - Successfully ran Files.createDirectories /home/runner/work/ratis/ratis/ratis-test/target/test/data/3084f93d/MiniRaftClusterWithSimulatedRpcf38a95bd/s0/60aaee91-0e77-4aa1-953c-2b29c9da22c2/sm
2023-10-31 16:06:24,367 [s0-impl-thread1] TRACE util.FileUtils (LogUtils.java:supplyAndLog(69)) - Successfully supplied FileChannel.open /home/runner/work/ratis/ratis/ratis-test/target/test/data/3084f93d/MiniRaftClusterWithSimulatedRpcf38a95bd/s0/60aaee91-0e77-4aa1-953c-2b29c9da22c2/current/raft-meta.tmp with options [CREATE, WRITE]: sun.nio.ch.FileChannelImpl@41da6593
2023-10-31 16:06:24,370 [s0-impl-thread1] TRACE util.FileUtils (LogUtils.java:runAndLog(49)) - Successfully ran Atomic Files.move /home/runner/work/ratis/ratis/ratis-test/target/test/data/3084f93d/MiniRaftClusterWithSimulatedRpcf38a95bd/s0/60aaee91-0e77-4aa1-953c-2b29c9da22c2/current/raft-meta.tmp to /home/runner/work/ratis/ratis/ratis-test/target/test/data/3084f93d/MiniRaftClusterWithSimulatedRpcf38a95bd/s0/60aaee91-0e77-4aa1-953c-2b29c9da22c2/current/raft-meta with options [REPLACE_EXISTING]
2023-10-31 16:06:24,370 [s0-impl-thread1] INFO  storage.RaftStorage (RaftStorageImpl.java:format(97)) - Storage directory /home/runner/work/ratis/ratis/ratis-test/target/test/data/3084f93d/MiniRaftClusterWithSimulatedRpcf38a95bd/s0/60aaee91-0e77-4aa1-953c-2b29c9da22c2 has been successfully formatted.
2023-10-31 16:06:24,370 [s0-impl-thread1] INFO  impl.SimpleStateMachine4Testing (SimpleStateMachine4Testing.java:initialize(213)) - Initializing SimpleStateMachine4Testing:uninitialized
2023-10-31 16:06:24,370 [s0-impl-thread1] INFO  impl.SimpleStateMachine4Testing (SimpleStateMachine4Testing.java:loadSnapshot(296)) - Loading snapshot null
2023-10-31 16:06:24,371 [s0-impl-thread1] INFO  server.RaftServerConfigKeys (ConfUtils.java:logGet(46)) - raft.server.log.use.memory = false (default)
2023-10-31 16:06:24,371 [s0-impl-thread1] INFO  server.RaftServerConfigKeys (ConfUtils.java:logGet(46)) - raft.server.log.purge.gap = 1024 (default)
2023-10-31 16:06:24,371 [s0-impl-thread1] INFO  server.RaftServerConfigKeys (ConfUtils.java:logGet(46)) - raft.server.log.appender.buffer.byte-limit = 4MB (=4194304) (default)
2023-10-31 16:06:24,371 [s0-impl-thread1] INFO  server.RaftServerConfigKeys (ConfUtils.java:logGet(46)) - raft.server.log.statemachine.data.read.timeout = 1000ms (default)
2023-10-31 16:06:24,371 [s0-impl-thread1] INFO  server.RaftServerConfigKeys (ConfUtils.java:logGet(46)) - raft.server.log.purge.preservation.log.num = 0 (default)
2023-10-31 16:06:24,371 [s0-impl-thread1] INFO  server.RaftServerConfigKeys (ConfUtils.java:logGet(46)) - raft.server.log.segment.size.max = 8KB (=8192) (custom)
2023-10-31 16:06:24,371 [s0-impl-thread1] INFO  server.RaftServerConfigKeys (ConfUtils.java:logGet(46)) - raft.server.log.segment.cache.num.max = 6 (default)
2023-10-31 16:06:24,371 [s0-impl-thread1] INFO  server.RaftServerConfigKeys (ConfUtils.java:logGet(46)) - raft.server.log.segment.cache.size.max = 200MB (=209715200) (default)
2023-10-31 16:06:24,371 [s0-impl-thread1] INFO  server.RaftServerConfigKeys (ConfUtils.java:logGet(46)) - raft.server.log.appender.buffer.byte-limit = 4MB (=4194304) (default)
2023-10-31 16:06:24,372 [s0-impl-thread1] INFO  util.AwaitToRun (AwaitToRun.java:start(81)) - Thread[s0@group-2B29C9DA22C2-cacheEviction-AwaitToRun,5,main] started
2023-10-31 16:06:24,372 [s0-impl-thread1] INFO  segmented.SegmentedRaftLogWorker (SegmentedRaftLogWorker.java:<init>(184)) - new s0@group-2B29C9DA22C2-SegmentedRaftLogWorker for RaftStorageImpl:Storage Directory /home/runner/work/ratis/ratis/ratis-test/target/test/data/3084f93d/MiniRaftClusterWithSimulatedRpcf38a95bd/s0/60aaee91-0e77-4aa1-953c-2b29c9da22c2
2023-10-31 16:06:24,372 [s0-impl-thread1] INFO  server.RaftServerConfigKeys (ConfUtils.java:logGet(46)) - raft.server.log.queue.byte-limit = 64MB (=67108864) (default)
2023-10-31 16:06:24,372 [s0-impl-thread1] INFO  server.RaftServerConfigKeys (ConfUtils.java:logGet(46)) - raft.server.log.queue.element-limit = 4096 (default)
2023-10-31 16:06:24,372 [s0-impl-thread1] INFO  server.RaftServerConfigKeys (ConfUtils.java:logGet(46)) - raft.server.log.segment.size.max = 8KB (=8192) (custom)
2023-10-31 16:06:24,372 [s0-impl-thread1] INFO  server.RaftServerConfigKeys (ConfUtils.java:logGet(46)) - raft.server.log.preallocated.size = 4MB (=4194304) (default)
2023-10-31 16:06:24,372 [s0-impl-thread1] INFO  server.RaftServerConfigKeys (ConfUtils.java:logGet(46)) - raft.server.log.force.sync.num = 128 (default)
2023-10-31 16:06:24,372 [s0-impl-thread1] INFO  server.RaftServerConfigKeys (ConfUtils.java:logGet(46)) - raft.server.log.statemachine.data.sync = true (default)
2023-10-31 16:06:24,372 [s0-impl-thread1] INFO  server.RaftServerConfigKeys (ConfUtils.java:logGet(46)) - raft.server.log.statemachine.data.sync.timeout = 10s (default)
2023-10-31 16:06:24,372 [s0-impl-thread1] INFO  server.RaftServerConfigKeys (ConfUtils.java:logGet(46)) - raft.server.log.statemachine.data.sync.timeout.retry = -1 (default)
2023-10-31 16:06:24,372 [s0-impl-thread1] INFO  server.RaftServerConfigKeys (ConfUtils.java:logGet(46)) - raft.server.log.write.buffer.size = 64KB (=65536) (default)
2023-10-31 16:06:24,372 [s0-impl-thread1] INFO  server.RaftServerConfigKeys (ConfUtils.java:logGet(46)) - raft.server.log.appender.buffer.byte-limit = 4MB (=4194304) (default)
2023-10-31 16:06:24,373 [s0-impl-thread1] INFO  server.RaftServerConfigKeys (ConfUtils.java:logGet(46)) - raft.server.log.unsafe-flush.enabled = false (default)
2023-10-31 16:06:24,373 [s0-impl-thread1] INFO  server.RaftServerConfigKeys (ConfUtils.java:logGet(46)) - raft.server.log.async-flush.enabled = false (default)
2023-10-31 16:06:24,373 [s0-impl-thread1] INFO  server.RaftServerConfigKeys (ConfUtils.java:logGet(46)) - raft.server.log.statemachine.data.caching.enabled = false (default)
2023-10-31 16:06:24,373 [s0-impl-thread1] INFO  segmented.SegmentedRaftLogWorker (SegmentedRaftLogWorker.java:lambda$new$0(135)) - s0@group-2B29C9DA22C2-SegmentedRaftLogWorker: flushIndex: setUnconditionally 0 -> -1
2023-10-31 16:06:24,373 [s0-impl-thread1] INFO  segmented.SegmentedRaftLogWorker (SegmentedRaftLogWorker.java:lambda$new$0(135)) - s0@group-2B29C9DA22C2-SegmentedRaftLogWorker: safeCacheEvictIndex: setUnconditionally 0 -> -1
2023-10-31 16:06:24,373 [s0-impl-thread1] INFO  server.RaftServer$Division (RaftServerImpl.java:start(390)) - s0@group-2B29C9DA22C2: start as a follower, conf=-1: peers:[s0|localhost:43411]|listeners:[], old=null
2023-10-31 16:06:24,373 [s0-impl-thread1] INFO  server.RaftServer$Division (RaftServerImpl.java:setRole(377)) - s0@group-2B29C9DA22C2: changes role from      null to FOLLOWER at term 0 for startAsFollower
2023-10-31 16:06:24,374 [s0-impl-thread1] INFO  impl.RoleInfo (RoleInfo.java:updateAndGet(138)) - s0: start s0@group-2B29C9DA22C2-FollowerState
2023-10-31 16:06:24,374 [s0-impl-thread1] INFO  util.JmxRegister (JmxRegister.java:tryRegister(44)) - Successfully registered JMX Bean with object name Ratis:service=RaftServer,group=group-2B29C9DA22C2,id=s0
2023-10-31 16:06:24,374 [s0-impl-thread1] INFO  server.RaftServerConfigKeys (ConfUtils.java:logGet(46)) - raft.server.snapshot.trigger-when-stop.enabled = true (default)
2023-10-31 16:06:24,374 [s0-impl-thread1] INFO  server.RaftServerConfigKeys (ConfUtils.java:logGet(46)) - raft.server.snapshot.auto.trigger.enabled = false (default)
2023-10-31 16:06:24,374 [s0-impl-thread1] INFO  server.RaftServerConfigKeys (ConfUtils.java:logGet(46)) - raft.server.snapshot.retention.file.num = -1 (default)
2023-10-31 16:06:24,374 [s0-impl-thread1] INFO  server.RaftServerConfigKeys (ConfUtils.java:logGet(46)) - raft.server.log.purge.upto.snapshot.index = false (default)
2023-10-31 16:06:24,374 [s0@group-2B29C9DA22C2-FollowerState] INFO  server.RaftServerConfigKeys (ConfUtils.java:logFallback(53)) - raft.server.rpc.first-election.timeout.min = 150ms (fallback to raft.server.rpc.timeout.min)
2023-10-31 16:06:24,374 [s0@group-2B29C9DA22C2-FollowerState] INFO  server.RaftServerConfigKeys (ConfUtils.java:logFallback(53)) - raft.server.rpc.first-election.timeout.max = 300ms (fallback to raft.server.rpc.timeout.max)
2023-10-31 16:06:24,375 [Time-limited test] INFO  server.RaftServer (RaftServerProxy.java:startImpl(406)) - s0: start RPC server
2023-10-31 16:06:24,376 [JvmPauseMonitor27] INFO  util.JvmPauseMonitor (JvmPauseMonitor.java:run(146)) - JvmPauseMonitor-s0: Started
2023-10-31 16:06:24,376 [Time-limited test] INFO  server.RaftServerConfigKeys (ConfUtils.java:logGet(46)) - raft.server.rpc.timeout.max = 300ms (default)
2023-10-31 16:06:24,376 [Time-limited test] INFO  ratis.RaftTestUtil (RaftTestUtil.java:waitForLeader(100)) - printing ALL groups
  s0:  RUNNING  FOLLOWER s0@group-2B29C9DA22C2:t0, leader=null, voted=, raftlog=Memoized:s0@group-2B29C9DA22C2-SegmentedRaftLog:OPENED:c-1, conf=-1: peers:[s0|localhost:43411]|listeners:[], old=null RUNNING
2023-10-31 16:06:24,376 [Time-limited test] WARN  ratis.RaftTestUtil (JavaUtils.java:attempt(223)) - FAILED "waitForLeader-null-(expectLeader? true)", attempt #1/100: java.lang.IllegalStateException: No leader yet : printing ALL groups
  s0:  RUNNING  FOLLOWER s0@group-2B29C9DA22C2:t0, leader=null, voted=, raftlog=Memoized:s0@group-2B29C9DA22C2-SegmentedRaftLog:OPENED:c-1, conf=-1: peers:[s0|localhost:43411]|listeners:[], old=null RUNNING, sleep 450ms and then retry.
java.lang.IllegalStateException: No leader yet : printing ALL groups
  s0:  RUNNING  FOLLOWER s0@group-2B29C9DA22C2:t0, leader=null, voted=, raftlog=Memoized:s0@group-2B29C9DA22C2-SegmentedRaftLog:OPENED:c-1, conf=-1: peers:[s0|localhost:43411]|listeners:[], old=null RUNNING
	at org.apache.ratis.server.impl.MiniRaftCluster.newIllegalStateExceptionForNoLeaders(MiniRaftCluster.java:581)
	at org.apache.ratis.RaftTestUtil.lambda$waitForLeader$1(RaftTestUtil.java:104)
	at org.apache.ratis.server.impl.MiniRaftCluster.getLeader(MiniRaftCluster.java:615)
	at org.apache.ratis.server.impl.MiniRaftCluster.getLeader(MiniRaftCluster.java:608)
	at org.apache.ratis.RaftTestUtil.lambda$waitForLeader$3(RaftTestUtil.java:112)
	at org.apache.ratis.util.JavaUtils.attempt(JavaUtils.java:217)
	at org.apache.ratis.util.JavaUtils.attemptRepeatedly(JavaUtils.java:203)
	at org.apache.ratis.RaftTestUtil.waitForLeader(RaftTestUtil.java:111)
	at org.apache.ratis.RaftTestUtil.waitForLeader(RaftTestUtil.java:92)
	at org.apache.ratis.RaftTestUtil.waitForLeader(RaftTestUtil.java:87)
	at org.apache.ratis.server.ServerRestartTests.runTestRestartWithCorruptedLogEntry(ServerRestartTests.java:360)
	at org.apache.ratis.server.impl.MiniRaftCluster$Factory$Get.runWithNewCluster(MiniRaftCluster.java:141)
	at org.apache.ratis.server.impl.MiniRaftCluster$Factory$Get.runWithNewCluster(MiniRaftCluster.java:121)
	at org.apache.ratis.server.ServerRestartTests.testRestartWithCorruptedLogEntryWithWarnAndReturn(ServerRestartTests.java:340)
	at java.base/jdk.internal.reflect.NativeMethodAccessorImpl.invoke0(Native Method)
	at java.base/jdk.internal.reflect.NativeMethodAccessorImpl.invoke(NativeMethodAccessorImpl.java:62)
	at java.base/jdk.internal.reflect.DelegatingMethodAccessorImpl.invoke(DelegatingMethodAccessorImpl.java:43)
	at java.base/java.lang.reflect.Method.invoke(Method.java:566)
	at org.junit.runners.model.FrameworkMethod$1.runReflectiveCall(FrameworkMethod.java:59)
	at org.junit.internal.runners.model.ReflectiveCallable.run(ReflectiveCallable.java:12)
	at org.junit.runners.model.FrameworkMethod.invokeExplosively(FrameworkMethod.java:56)
	at org.junit.internal.runners.statements.InvokeMethod.evaluate(InvokeMethod.java:17)
	at org.junit.internal.runners.statements.RunAfters.evaluate(RunAfters.java:27)
	at org.junit.internal.runners.statements.FailOnTimeout$CallableStatement.call(FailOnTimeout.java:299)
	at org.junit.internal.runners.statements.FailOnTimeout$CallableStatement.call(FailOnTimeout.java:293)
	at java.base/java.util.concurrent.FutureTask.run(FutureTask.java:264)
	at java.base/java.lang.Thread.run(Thread.java:829)
2023-10-31 16:06:24,643 [s0@group-2B29C9DA22C2-FollowerState] INFO  impl.FollowerState (FollowerState.java:run(143)) - s0@group-2B29C9DA22C2-FollowerState: change to CANDIDATE, lastRpcElapsedTime:268994506ns, electionTimeout:268ms
2023-10-31 16:06:24,643 [s0@group-2B29C9DA22C2-FollowerState] INFO  impl.RoleInfo (RoleInfo.java:shutdownFollowerState(109)) - s0: shutdown s0@group-2B29C9DA22C2-FollowerState
2023-10-31 16:06:24,643 [s0@group-2B29C9DA22C2-FollowerState] INFO  server.RaftServer$Division (RaftServerImpl.java:setRole(377)) - s0@group-2B29C9DA22C2: changes role from  FOLLOWER to CANDIDATE at term 0 for changeToCandidate
2023-10-31 16:06:24,643 [s0@group-2B29C9DA22C2-FollowerState] INFO  server.RaftServerConfigKeys (ConfUtils.java:logGet(46)) - raft.server.leaderelection.pre-vote = true (default)
2023-10-31 16:06:24,643 [s0@group-2B29C9DA22C2-FollowerState] INFO  impl.RoleInfo (RoleInfo.java:updateAndGet(138)) - s0: start s0@group-2B29C9DA22C2-LeaderElection5
2023-10-31 16:06:24,644 [s0@group-2B29C9DA22C2-LeaderElection5] INFO  impl.LeaderElection (LeaderElection.java:askForVotes(323)) - s0@group-2B29C9DA22C2-LeaderElection5 PRE_VOTE round 0: submit vote requests at term 0 for -1: peers:[s0|localhost:43411]|listeners:[], old=null
2023-10-31 16:06:24,644 [s0@group-2B29C9DA22C2-LeaderElection5] INFO  impl.LeaderElection (LeaderElection.java:askForVotes(325)) - s0@group-2B29C9DA22C2-LeaderElection5 PRE_VOTE round 0: result PASSED (term=0)
2023-10-31 16:06:24,644 [s0@group-2B29C9DA22C2-LeaderElection5] TRACE util.FileUtils (LogUtils.java:supplyAndLog(69)) - Successfully supplied FileChannel.open /home/runner/work/ratis/ratis/ratis-test/target/test/data/3084f93d/MiniRaftClusterWithSimulatedRpcf38a95bd/s0/60aaee91-0e77-4aa1-953c-2b29c9da22c2/current/raft-meta.tmp with options [CREATE, WRITE]: sun.nio.ch.FileChannelImpl@516875b1
2023-10-31 16:06:24,646 [s0@group-2B29C9DA22C2-LeaderElection5] TRACE util.FileUtils (LogUtils.java:runAndLog(49)) - Successfully ran Atomic Files.move /home/runner/work/ratis/ratis/ratis-test/target/test/data/3084f93d/MiniRaftClusterWithSimulatedRpcf38a95bd/s0/60aaee91-0e77-4aa1-953c-2b29c9da22c2/current/raft-meta.tmp to /home/runner/work/ratis/ratis/ratis-test/target/test/data/3084f93d/MiniRaftClusterWithSimulatedRpcf38a95bd/s0/60aaee91-0e77-4aa1-953c-2b29c9da22c2/current/raft-meta with options [REPLACE_EXISTING]
2023-10-31 16:06:24,647 [s0@group-2B29C9DA22C2-LeaderElection5] INFO  impl.LeaderElection (LeaderElection.java:askForVotes(323)) - s0@group-2B29C9DA22C2-LeaderElection5 ELECTION round 0: submit vote requests at term 1 for -1: peers:[s0|localhost:43411]|listeners:[], old=null
2023-10-31 16:06:24,647 [s0@group-2B29C9DA22C2-LeaderElection5] INFO  impl.LeaderElection (LeaderElection.java:askForVotes(325)) - s0@group-2B29C9DA22C2-LeaderElection5 ELECTION round 0: result PASSED (term=1)
2023-10-31 16:06:24,647 [s0@group-2B29C9DA22C2-LeaderElection5] INFO  impl.RoleInfo (RoleInfo.java:shutdownLeaderElection(129)) - s0: shutdown s0@group-2B29C9DA22C2-LeaderElection5
2023-10-31 16:06:24,647 [s0@group-2B29C9DA22C2-LeaderElection5] INFO  server.RaftServer$Division (RaftServerImpl.java:setRole(377)) - s0@group-2B29C9DA22C2: changes role from CANDIDATE to LEADER at term 1 for changeToLeader
2023-10-31 16:06:24,647 [s0@group-2B29C9DA22C2-LeaderElection5] INFO  server.RaftServerConfigKeys (ConfUtils.java:logGet(46)) - raft.server.staging.catchup.gap = 1000 (default)
2023-10-31 16:06:24,647 [s0@group-2B29C9DA22C2-LeaderElection5] INFO  server.RaftServerConfigKeys (ConfUtils.java:logGet(46)) - raft.server.write.element-limit = 4096 (default)
2023-10-31 16:06:24,647 [s0@group-2B29C9DA22C2-LeaderElection5] INFO  server.RaftServerConfigKeys (ConfUtils.java:logGet(46)) - raft.server.write.byte-limit = 64MB (=67108864) (default)
2023-10-31 16:06:24,647 [s0@group-2B29C9DA22C2-LeaderElection5] INFO  server.RaftServerConfigKeys (ConfUtils.java:logGet(46)) - raft.server.watch.timeout = 10s (default)
2023-10-31 16:06:24,647 [s0@group-2B29C9DA22C2-LeaderElection5] INFO  server.RaftServerConfigKeys (ConfUtils.java:logGet(46)) - raft.server.watch.timeout.denomination = 1s (default)
2023-10-31 16:06:24,647 [s0@group-2B29C9DA22C2-LeaderElection5] INFO  server.RaftServerConfigKeys (ConfUtils.java:logGet(46)) - raft.server.watch.element-limit = 65536 (default)
2023-10-31 16:06:24,647 [s0@group-2B29C9DA22C2-LeaderElection5] INFO  server.RaftServerConfigKeys (ConfUtils.java:logGet(46)) - raft.server.read.leader.lease.enabled = false (default)
2023-10-31 16:06:24,647 [s0@group-2B29C9DA22C2-LeaderElection5] INFO  server.RaftServerConfigKeys (ConfUtils.java:logGet(46)) - raft.server.read.leader.lease.timeout.ratio = 0.9 (default)
2023-10-31 16:06:24,647 [s0@group-2B29C9DA22C2-LeaderElection5] INFO  server.RaftServerConfigKeys (ConfUtils.java:logGet(46)) - raft.server.rpc.timeout.min = 150ms (default)
2023-10-31 16:06:24,648 [s0@group-2B29C9DA22C2-LeaderElection5] INFO  server.RaftServerConfigKeys (ConfUtils.java:logGet(46)) - raft.server.write.element-limit = 4096 (default)
2023-10-31 16:06:24,648 [s0@group-2B29C9DA22C2-LeaderElection5] INFO  server.RaftServerConfigKeys (ConfUtils.java:logGet(46)) - raft.server.write.follower.gap.ratio.max = -1.0 (default)
2023-10-31 16:06:24,648 [s0@group-2B29C9DA22C2-LeaderElection5] INFO  impl.RoleInfo (RoleInfo.java:updateAndGet(138)) - s0: start s0@group-2B29C9DA22C2-LeaderStateImpl
2023-10-31 16:06:24,648 [s0@group-2B29C9DA22C2-LeaderElection5] INFO  server.RaftServer$Division (RaftServerImpl.java:setFirstElection(562)) - s0@group-2B29C9DA22C2: set firstElectionSinceStartup to false for becomeLeader
2023-10-31 16:06:24,648 [s0@group-2B29C9DA22C2-LeaderElection5] INFO  server.RaftServer$Division (ServerState.java:setLeader(265)) - s0@group-2B29C9DA22C2: change Leader from null to s0 at term 1 for becomeLeader, leader elected after 285ms
2023-10-31 16:06:24,648 [s0@group-2B29C9DA22C2-LeaderElection5] INFO  segmented.SegmentedRaftLogWorker (SegmentedRaftLogWorker.java:startLogSegment(428)) - s0@group-2B29C9DA22C2-SegmentedRaftLogWorker: Starting segment from index:0
2023-10-31 16:06:24,650 [s0@group-2B29C9DA22C2-SegmentedRaftLogWorker] INFO  segmented.SegmentedRaftLogWorker (SegmentedRaftLogWorker.java:execute(632)) - s0@group-2B29C9DA22C2-SegmentedRaftLogWorker: created new log segment /home/runner/work/ratis/ratis/ratis-test/target/test/data/3084f93d/MiniRaftClusterWithSimulatedRpcf38a95bd/s0/60aaee91-0e77-4aa1-953c-2b29c9da22c2/current/log_inprogress_0
2023-10-31 16:06:24,650 [s0@group-2B29C9DA22C2-LeaderElection5] INFO  server.RaftServer$Division (ServerState.java:setRaftConf(382)) - s0@group-2B29C9DA22C2: set configuration 0: peers:[s0|localhost:43411]|listeners:[], old=null
2023-10-31 16:06:24,651 [s0@group-2B29C9DA22C2-StateMachineUpdater] INFO  server.RaftServer$Division (LeaderStateImpl.java:isApplied(308)) - leader is ready since appliedIndex == 0 >= startIndex == 0
2023-10-31 16:06:24,827 [Time-limited test] INFO  ratis.RaftTestUtil (RaftTestUtil.java:waitForLeader(119)) - printing ALL groups
  s0:  RUNNING    LEADER s0@group-2B29C9DA22C2:t1, leader=s0, voted=s0, raftlog=Memoized:s0@group-2B29C9DA22C2-SegmentedRaftLog:OPENED:c0, conf=0: peers:[s0|localhost:43411]|listeners:[], old=null RUNNING
2023-10-31 16:06:24,873 [s0@group-2B29C9DA22C2-StateMachineUpdater] INFO  impl.SimpleStateMachine4Testing (SimpleStateMachine4Testing.java:applyTransaction(248)) - applyTransaction for log index 1
2023-10-31 16:06:24,873 [s0@group-2B29C9DA22C2-StateMachineUpdater] INFO  impl.SimpleStateMachine4Testing (SimpleStateMachine4Testing.java:put(205)) - s0: put 1, m0 -> (t:1, i:1), STATEMACHINELOGENTRY, 51@client-F1F1711CE4C8
2023-10-31 16:06:24,886 [s0@group-2B29C9DA22C2-StateMachineUpdater] INFO  impl.SimpleStateMachine4Testing (SimpleStateMachine4Testing.java:applyTransaction(248)) - applyTransaction for log index 3
2023-10-31 16:06:24,886 [s0@group-2B29C9DA22C2-StateMachineUpdater] INFO  impl.SimpleStateMachine4Testing (SimpleStateMachine4Testing.java:put(205)) - s0: put 3, m1 -> (t:1, i:3), STATEMACHINELOGENTRY, 52@client-F1F1711CE4C8
2023-10-31 16:06:24,889 [s0@group-2B29C9DA22C2-StateMachineUpdater] INFO  impl.SimpleStateMachine4Testing (SimpleStateMachine4Testing.java:applyTransaction(248)) - applyTransaction for log index 5
2023-10-31 16:06:24,889 [s0@group-2B29C9DA22C2-StateMachineUpdater] INFO  impl.SimpleStateMachine4Testing (SimpleStateMachine4Testing.java:put(205)) - s0: put 5, m2 -> (t:1, i:5), STATEMACHINELOGENTRY, 53@client-F1F1711CE4C8
2023-10-31 16:06:24,892 [s0@group-2B29C9DA22C2-StateMachineUpdater] INFO  impl.SimpleStateMachine4Testing (SimpleStateMachine4Testing.java:applyTransaction(248)) - applyTransaction for log index 7
2023-10-31 16:06:24,892 [s0@group-2B29C9DA22C2-StateMachineUpdater] INFO  impl.SimpleStateMachine4Testing (SimpleStateMachine4Testing.java:put(205)) - s0: put 7, m3 -> (t:1, i:7), STATEMACHINELOGENTRY, 54@client-F1F1711CE4C8
2023-10-31 16:06:24,894 [s0@group-2B29C9DA22C2-StateMachineUpdater] INFO  impl.SimpleStateMachine4Testing (SimpleStateMachine4Testing.java:applyTransaction(248)) - applyTransaction for log index 9
2023-10-31 16:06:24,894 [s0@group-2B29C9DA22C2-StateMachineUpdater] INFO  impl.SimpleStateMachine4Testing (SimpleStateMachine4Testing.java:put(205)) - s0: put 9, m4 -> (t:1, i:9), STATEMACHINELOGENTRY, 55@client-F1F1711CE4C8
2023-10-31 16:06:24,896 [s0@group-2B29C9DA22C2-StateMachineUpdater] INFO  impl.SimpleStateMachine4Testing (SimpleStateMachine4Testing.java:applyTransaction(248)) - applyTransaction for log index 11
2023-10-31 16:06:24,896 [s0@group-2B29C9DA22C2-StateMachineUpdater] INFO  impl.SimpleStateMachine4Testing (SimpleStateMachine4Testing.java:put(205)) - s0: put 11, m5 -> (t:1, i:11), STATEMACHINELOGENTRY, 56@client-F1F1711CE4C8
2023-10-31 16:06:24,900 [s0@group-2B29C9DA22C2-StateMachineUpdater] INFO  impl.SimpleStateMachine4Testing (SimpleStateMachine4Testing.java:applyTransaction(248)) - applyTransaction for log index 13
2023-10-31 16:06:24,900 [s0@group-2B29C9DA22C2-StateMachineUpdater] INFO  impl.SimpleStateMachine4Testing (SimpleStateMachine4Testing.java:put(205)) - s0: put 13, m6 -> (t:1, i:13), STATEMACHINELOGENTRY, 57@client-F1F1711CE4C8
2023-10-31 16:06:24,901 [s0@group-2B29C9DA22C2-StateMachineUpdater] INFO  impl.SimpleStateMachine4Testing (SimpleStateMachine4Testing.java:applyTransaction(248)) - applyTransaction for log index 15
2023-10-31 16:06:24,902 [s0@group-2B29C9DA22C2-StateMachineUpdater] INFO  impl.SimpleStateMachine4Testing (SimpleStateMachine4Testing.java:put(205)) - s0: put 15, m7 -> (t:1, i:15), STATEMACHINELOGENTRY, 58@client-F1F1711CE4C8
2023-10-31 16:06:24,906 [s0@group-2B29C9DA22C2-StateMachineUpdater] INFO  impl.SimpleStateMachine4Testing (SimpleStateMachine4Testing.java:applyTransaction(248)) - applyTransaction for log index 17
2023-10-31 16:06:24,906 [s0@group-2B29C9DA22C2-StateMachineUpdater] INFO  impl.SimpleStateMachine4Testing (SimpleStateMachine4Testing.java:put(205)) - s0: put 17, m8 -> (t:1, i:17), STATEMACHINELOGENTRY, 59@client-F1F1711CE4C8
2023-10-31 16:06:24,909 [s0@group-2B29C9DA22C2-StateMachineUpdater] INFO  impl.SimpleStateMachine4Testing (SimpleStateMachine4Testing.java:applyTransaction(248)) - applyTransaction for log index 19
2023-10-31 16:06:24,909 [s0@group-2B29C9DA22C2-StateMachineUpdater] INFO  impl.SimpleStateMachine4Testing (SimpleStateMachine4Testing.java:put(205)) - s0: put 19, m9 -> (t:1, i:19), STATEMACHINELOGENTRY, 60@client-F1F1711CE4C8
2023-10-31 16:06:24,911 [s0@group-2B29C9DA22C2-StateMachineUpdater] INFO  impl.SimpleStateMachine4Testing (SimpleStateMachine4Testing.java:applyTransaction(248)) - applyTransaction for log index 21
2023-10-31 16:06:24,912 [s0@group-2B29C9DA22C2-StateMachineUpdater] INFO  impl.SimpleStateMachine4Testing (SimpleStateMachine4Testing.java:put(205)) - s0: put 21, m10 -> (t:1, i:21), STATEMACHINELOGENTRY, 61@client-F1F1711CE4C8
2023-10-31 16:06:24,914 [s0@group-2B29C9DA22C2-StateMachineUpdater] INFO  impl.SimpleStateMachine4Testing (SimpleStateMachine4Testing.java:applyTransaction(248)) - applyTransaction for log index 23
2023-10-31 16:06:24,914 [s0@group-2B29C9DA22C2-StateMachineUpdater] INFO  impl.SimpleStateMachine4Testing (SimpleStateMachine4Testing.java:put(205)) - s0: put 23, m11 -> (t:1, i:23), STATEMACHINELOGENTRY, 62@client-F1F1711CE4C8
2023-10-31 16:06:24,916 [s0@group-2B29C9DA22C2-StateMachineUpdater] INFO  impl.SimpleStateMachine4Testing (SimpleStateMachine4Testing.java:applyTransaction(248)) - applyTransaction for log index 25
2023-10-31 16:06:24,916 [s0@group-2B29C9DA22C2-StateMachineUpdater] INFO  impl.SimpleStateMachine4Testing (SimpleStateMachine4Testing.java:put(205)) - s0: put 25, m12 -> (t:1, i:25), STATEMACHINELOGENTRY, 63@client-F1F1711CE4C8
2023-10-31 16:06:24,919 [s0@group-2B29C9DA22C2-StateMachineUpdater] INFO  impl.SimpleStateMachine4Testing (SimpleStateMachine4Testing.java:applyTransaction(248)) - applyTransaction for log index 27
2023-10-31 16:06:24,919 [s0@group-2B29C9DA22C2-StateMachineUpdater] INFO  impl.SimpleStateMachine4Testing (SimpleStateMachine4Testing.java:put(205)) - s0: put 27, m13 -> (t:1, i:27), STATEMACHINELOGENTRY, 64@client-F1F1711CE4C8
2023-10-31 16:06:24,921 [s0@group-2B29C9DA22C2-StateMachineUpdater] INFO  impl.SimpleStateMachine4Testing (SimpleStateMachine4Testing.java:applyTransaction(248)) - applyTransaction for log index 29
2023-10-31 16:06:24,921 [s0@group-2B29C9DA22C2-StateMachineUpdater] INFO  impl.SimpleStateMachine4Testing (SimpleStateMachine4Testing.java:put(205)) - s0: put 29, m14 -> (t:1, i:29), STATEMACHINELOGENTRY, 65@client-F1F1711CE4C8
2023-10-31 16:06:24,924 [s0@group-2B29C9DA22C2-StateMachineUpdater] INFO  impl.SimpleStateMachine4Testing (SimpleStateMachine4Testing.java:applyTransaction(248)) - applyTransaction for log index 31
2023-10-31 16:06:24,924 [s0@group-2B29C9DA22C2-StateMachineUpdater] INFO  impl.SimpleStateMachine4Testing (SimpleStateMachine4Testing.java:put(205)) - s0: put 31, m15 -> (t:1, i:31), STATEMACHINELOGENTRY, 66@client-F1F1711CE4C8
2023-10-31 16:06:24,926 [s0@group-2B29C9DA22C2-StateMachineUpdater] INFO  impl.SimpleStateMachine4Testing (SimpleStateMachine4Testing.java:applyTransaction(248)) - applyTransaction for log index 33
2023-10-31 16:06:24,926 [s0@group-2B29C9DA22C2-StateMachineUpdater] INFO  impl.SimpleStateMachine4Testing (SimpleStateMachine4Testing.java:put(205)) - s0: put 33, m16 -> (t:1, i:33), STATEMACHINELOGENTRY, 67@client-F1F1711CE4C8
2023-10-31 16:06:24,929 [s0@group-2B29C9DA22C2-StateMachineUpdater] INFO  impl.SimpleStateMachine4Testing (SimpleStateMachine4Testing.java:applyTransaction(248)) - applyTransaction for log index 35
2023-10-31 16:06:24,929 [s0@group-2B29C9DA22C2-StateMachineUpdater] INFO  impl.SimpleStateMachine4Testing (SimpleStateMachine4Testing.java:put(205)) - s0: put 35, m17 -> (t:1, i:35), STATEMACHINELOGENTRY, 68@client-F1F1711CE4C8
2023-10-31 16:06:24,932 [s0@group-2B29C9DA22C2-StateMachineUpdater] INFO  impl.SimpleStateMachine4Testing (SimpleStateMachine4Testing.java:applyTransaction(248)) - applyTransaction for log index 37
2023-10-31 16:06:24,932 [s0@group-2B29C9DA22C2-StateMachineUpdater] INFO  impl.SimpleStateMachine4Testing (SimpleStateMachine4Testing.java:put(205)) - s0: put 37, m18 -> (t:1, i:37), STATEMACHINELOGENTRY, 69@client-F1F1711CE4C8
2023-10-31 16:06:24,934 [s0@group-2B29C9DA22C2-StateMachineUpdater] INFO  impl.SimpleStateMachine4Testing (SimpleStateMachine4Testing.java:applyTransaction(248)) - applyTransaction for log index 39
2023-10-31 16:06:24,934 [s0@group-2B29C9DA22C2-StateMachineUpdater] INFO  impl.SimpleStateMachine4Testing (SimpleStateMachine4Testing.java:put(205)) - s0: put 39, m19 -> (t:1, i:39), STATEMACHINELOGENTRY, 70@client-F1F1711CE4C8
2023-10-31 16:06:24,936 [s0@group-2B29C9DA22C2-StateMachineUpdater] INFO  impl.SimpleStateMachine4Testing (SimpleStateMachine4Testing.java:applyTransaction(248)) - applyTransaction for log index 41
2023-10-31 16:06:24,936 [s0@group-2B29C9DA22C2-StateMachineUpdater] INFO  impl.SimpleStateMachine4Testing (SimpleStateMachine4Testing.java:put(205)) - s0: put 41, m20 -> (t:1, i:41), STATEMACHINELOGENTRY, 71@client-F1F1711CE4C8
2023-10-31 16:06:24,937 [s0@group-2B29C9DA22C2-StateMachineUpdater] INFO  impl.SimpleStateMachine4Testing (SimpleStateMachine4Testing.java:applyTransaction(248)) - applyTransaction for log index 43
2023-10-31 16:06:24,938 [s0@group-2B29C9DA22C2-StateMachineUpdater] INFO  impl.SimpleStateMachine4Testing (SimpleStateMachine4Testing.java:put(205)) - s0: put 43, m21 -> (t:1, i:43), STATEMACHINELOGENTRY, 72@client-F1F1711CE4C8
2023-10-31 16:06:24,939 [s0@group-2B29C9DA22C2-StateMachineUpdater] INFO  impl.SimpleStateMachine4Testing (SimpleStateMachine4Testing.java:applyTransaction(248)) - applyTransaction for log index 45
2023-10-31 16:06:24,939 [s0@group-2B29C9DA22C2-StateMachineUpdater] INFO  impl.SimpleStateMachine4Testing (SimpleStateMachine4Testing.java:put(205)) - s0: put 45, m22 -> (t:1, i:45), STATEMACHINELOGENTRY, 73@client-F1F1711CE4C8
2023-10-31 16:06:24,941 [s0@group-2B29C9DA22C2-StateMachineUpdater] INFO  impl.SimpleStateMachine4Testing (SimpleStateMachine4Testing.java:applyTransaction(248)) - applyTransaction for log index 47
2023-10-31 16:06:24,941 [s0@group-2B29C9DA22C2-StateMachineUpdater] INFO  impl.SimpleStateMachine4Testing (SimpleStateMachine4Testing.java:put(205)) - s0: put 47, m23 -> (t:1, i:47), STATEMACHINELOGENTRY, 74@client-F1F1711CE4C8
2023-10-31 16:06:24,943 [s0@group-2B29C9DA22C2-StateMachineUpdater] INFO  impl.SimpleStateMachine4Testing (SimpleStateMachine4Testing.java:applyTransaction(248)) - applyTransaction for log index 49
2023-10-31 16:06:24,943 [s0@group-2B29C9DA22C2-StateMachineUpdater] INFO  impl.SimpleStateMachine4Testing (SimpleStateMachine4Testing.java:put(205)) - s0: put 49, m24 -> (t:1, i:49), STATEMACHINELOGENTRY, 75@client-F1F1711CE4C8
2023-10-31 16:06:24,944 [s0@group-2B29C9DA22C2-StateMachineUpdater] INFO  impl.SimpleStateMachine4Testing (SimpleStateMachine4Testing.java:applyTransaction(248)) - applyTransaction for log index 51
2023-10-31 16:06:24,944 [s0@group-2B29C9DA22C2-StateMachineUpdater] INFO  impl.SimpleStateMachine4Testing (SimpleStateMachine4Testing.java:put(205)) - s0: put 51, m25 -> (t:1, i:51), STATEMACHINELOGENTRY, 76@client-F1F1711CE4C8
2023-10-31 16:06:24,946 [s0@group-2B29C9DA22C2-StateMachineUpdater] INFO  impl.SimpleStateMachine4Testing (SimpleStateMachine4Testing.java:applyTransaction(248)) - applyTransaction for log index 53
2023-10-31 16:06:24,946 [s0@group-2B29C9DA22C2-StateMachineUpdater] INFO  impl.SimpleStateMachine4Testing (SimpleStateMachine4Testing.java:put(205)) - s0: put 53, m26 -> (t:1, i:53), STATEMACHINELOGENTRY, 77@client-F1F1711CE4C8
2023-10-31 16:06:24,948 [s0@group-2B29C9DA22C2-StateMachineUpdater] INFO  impl.SimpleStateMachine4Testing (SimpleStateMachine4Testing.java:applyTransaction(248)) - applyTransaction for log index 55
2023-10-31 16:06:24,948 [s0@group-2B29C9DA22C2-StateMachineUpdater] INFO  impl.SimpleStateMachine4Testing (SimpleStateMachine4Testing.java:put(205)) - s0: put 55, m27 -> (t:1, i:55), STATEMACHINELOGENTRY, 78@client-F1F1711CE4C8
2023-10-31 16:06:24,950 [s0@group-2B29C9DA22C2-StateMachineUpdater] INFO  impl.SimpleStateMachine4Testing (SimpleStateMachine4Testing.java:applyTransaction(248)) - applyTransaction for log index 57
2023-10-31 16:06:24,950 [s0@group-2B29C9DA22C2-StateMachineUpdater] INFO  impl.SimpleStateMachine4Testing (SimpleStateMachine4Testing.java:put(205)) - s0: put 57, m28 -> (t:1, i:57), STATEMACHINELOGENTRY, 79@client-F1F1711CE4C8
2023-10-31 16:06:24,952 [s0@group-2B29C9DA22C2-StateMachineUpdater] INFO  impl.SimpleStateMachine4Testing (SimpleStateMachine4Testing.java:applyTransaction(248)) - applyTransaction for log index 59
2023-10-31 16:06:24,952 [s0@group-2B29C9DA22C2-StateMachineUpdater] INFO  impl.SimpleStateMachine4Testing (SimpleStateMachine4Testing.java:put(205)) - s0: put 59, m29 -> (t:1, i:59), STATEMACHINELOGENTRY, 80@client-F1F1711CE4C8
2023-10-31 16:06:24,953 [s0@group-2B29C9DA22C2-StateMachineUpdater] INFO  impl.SimpleStateMachine4Testing (SimpleStateMachine4Testing.java:applyTransaction(248)) - applyTransaction for log index 61
2023-10-31 16:06:24,953 [s0@group-2B29C9DA22C2-StateMachineUpdater] INFO  impl.SimpleStateMachine4Testing (SimpleStateMachine4Testing.java:put(205)) - s0: put 61, m30 -> (t:1, i:61), STATEMACHINELOGENTRY, 81@client-F1F1711CE4C8
2023-10-31 16:06:24,955 [s0@group-2B29C9DA22C2-StateMachineUpdater] INFO  impl.SimpleStateMachine4Testing (SimpleStateMachine4Testing.java:applyTransaction(248)) - applyTransaction for log index 63
2023-10-31 16:06:24,955 [s0@group-2B29C9DA22C2-StateMachineUpdater] INFO  impl.SimpleStateMachine4Testing (SimpleStateMachine4Testing.java:put(205)) - s0: put 63, m31 -> (t:1, i:63), STATEMACHINELOGENTRY, 82@client-F1F1711CE4C8
2023-10-31 16:06:24,957 [s0@group-2B29C9DA22C2-StateMachineUpdater] INFO  impl.SimpleStateMachine4Testing (SimpleStateMachine4Testing.java:applyTransaction(248)) - applyTransaction for log index 65
2023-10-31 16:06:24,957 [s0@group-2B29C9DA22C2-StateMachineUpdater] INFO  impl.SimpleStateMachine4Testing (SimpleStateMachine4Testing.java:put(205)) - s0: put 65, m32 -> (t:1, i:65), STATEMACHINELOGENTRY, 83@client-F1F1711CE4C8
2023-10-31 16:06:24,959 [s0@group-2B29C9DA22C2-StateMachineUpdater] INFO  impl.SimpleStateMachine4Testing (SimpleStateMachine4Testing.java:applyTransaction(248)) - applyTransaction for log index 67
2023-10-31 16:06:24,959 [s0@group-2B29C9DA22C2-StateMachineUpdater] INFO  impl.SimpleStateMachine4Testing (SimpleStateMachine4Testing.java:put(205)) - s0: put 67, m33 -> (t:1, i:67), STATEMACHINELOGENTRY, 84@client-F1F1711CE4C8
2023-10-31 16:06:24,961 [s0@group-2B29C9DA22C2-StateMachineUpdater] INFO  impl.SimpleStateMachine4Testing (SimpleStateMachine4Testing.java:applyTransaction(248)) - applyTransaction for log index 69
2023-10-31 16:06:24,961 [s0@group-2B29C9DA22C2-StateMachineUpdater] INFO  impl.SimpleStateMachine4Testing (SimpleStateMachine4Testing.java:put(205)) - s0: put 69, m34 -> (t:1, i:69), STATEMACHINELOGENTRY, 85@client-F1F1711CE4C8
2023-10-31 16:06:24,962 [s0@group-2B29C9DA22C2-StateMachineUpdater] INFO  impl.SimpleStateMachine4Testing (SimpleStateMachine4Testing.java:applyTransaction(248)) - applyTransaction for log index 71
2023-10-31 16:06:24,963 [s0@group-2B29C9DA22C2-StateMachineUpdater] INFO  impl.SimpleStateMachine4Testing (SimpleStateMachine4Testing.java:put(205)) - s0: put 71, m35 -> (t:1, i:71), STATEMACHINELOGENTRY, 86@client-F1F1711CE4C8
2023-10-31 16:06:24,964 [s0@group-2B29C9DA22C2-StateMachineUpdater] INFO  impl.SimpleStateMachine4Testing (SimpleStateMachine4Testing.java:applyTransaction(248)) - applyTransaction for log index 73
2023-10-31 16:06:24,964 [s0@group-2B29C9DA22C2-StateMachineUpdater] INFO  impl.SimpleStateMachine4Testing (SimpleStateMachine4Testing.java:put(205)) - s0: put 73, m36 -> (t:1, i:73), STATEMACHINELOGENTRY, 87@client-F1F1711CE4C8
2023-10-31 16:06:24,966 [s0@group-2B29C9DA22C2-StateMachineUpdater] INFO  impl.SimpleStateMachine4Testing (SimpleStateMachine4Testing.java:applyTransaction(248)) - applyTransaction for log index 75
2023-10-31 16:06:24,966 [s0@group-2B29C9DA22C2-StateMachineUpdater] INFO  impl.SimpleStateMachine4Testing (SimpleStateMachine4Testing.java:put(205)) - s0: put 75, m37 -> (t:1, i:75), STATEMACHINELOGENTRY, 88@client-F1F1711CE4C8
2023-10-31 16:06:24,968 [s0@group-2B29C9DA22C2-StateMachineUpdater] INFO  impl.SimpleStateMachine4Testing (SimpleStateMachine4Testing.java:applyTransaction(248)) - applyTransaction for log index 77
2023-10-31 16:06:24,968 [s0@group-2B29C9DA22C2-StateMachineUpdater] INFO  impl.SimpleStateMachine4Testing (SimpleStateMachine4Testing.java:put(205)) - s0: put 77, m38 -> (t:1, i:77), STATEMACHINELOGENTRY, 89@client-F1F1711CE4C8
2023-10-31 16:06:24,969 [s0@group-2B29C9DA22C2-StateMachineUpdater] INFO  impl.SimpleStateMachine4Testing (SimpleStateMachine4Testing.java:applyTransaction(248)) - applyTransaction for log index 79
2023-10-31 16:06:24,970 [s0@group-2B29C9DA22C2-StateMachineUpdater] INFO  impl.SimpleStateMachine4Testing (SimpleStateMachine4Testing.java:put(205)) - s0: put 79, m39 -> (t:1, i:79), STATEMACHINELOGENTRY, 90@client-F1F1711CE4C8
2023-10-31 16:06:24,971 [s0@group-2B29C9DA22C2-StateMachineUpdater] INFO  impl.SimpleStateMachine4Testing (SimpleStateMachine4Testing.java:applyTransaction(248)) - applyTransaction for log index 81
2023-10-31 16:06:24,971 [s0@group-2B29C9DA22C2-StateMachineUpdater] INFO  impl.SimpleStateMachine4Testing (SimpleStateMachine4Testing.java:put(205)) - s0: put 81, m40 -> (t:1, i:81), STATEMACHINELOGENTRY, 91@client-F1F1711CE4C8
2023-10-31 16:06:24,973 [s0@group-2B29C9DA22C2-StateMachineUpdater] INFO  impl.SimpleStateMachine4Testing (SimpleStateMachine4Testing.java:applyTransaction(248)) - applyTransaction for log index 83
2023-10-31 16:06:24,973 [s0@group-2B29C9DA22C2-StateMachineUpdater] INFO  impl.SimpleStateMachine4Testing (SimpleStateMachine4Testing.java:put(205)) - s0: put 83, m41 -> (t:1, i:83), STATEMACHINELOGENTRY, 92@client-F1F1711CE4C8
2023-10-31 16:06:24,974 [s0@group-2B29C9DA22C2-StateMachineUpdater] INFO  impl.SimpleStateMachine4Testing (SimpleStateMachine4Testing.java:applyTransaction(248)) - applyTransaction for log index 85
2023-10-31 16:06:24,975 [s0@group-2B29C9DA22C2-StateMachineUpdater] INFO  impl.SimpleStateMachine4Testing (SimpleStateMachine4Testing.java:put(205)) - s0: put 85, m42 -> (t:1, i:85), STATEMACHINELOGENTRY, 93@client-F1F1711CE4C8
2023-10-31 16:06:24,976 [s0@group-2B29C9DA22C2-StateMachineUpdater] INFO  impl.SimpleStateMachine4Testing (SimpleStateMachine4Testing.java:applyTransaction(248)) - applyTransaction for log index 87
2023-10-31 16:06:24,976 [s0@group-2B29C9DA22C2-StateMachineUpdater] INFO  impl.SimpleStateMachine4Testing (SimpleStateMachine4Testing.java:put(205)) - s0: put 87, m43 -> (t:1, i:87), STATEMACHINELOGENTRY, 94@client-F1F1711CE4C8
2023-10-31 16:06:24,978 [s0@group-2B29C9DA22C2-StateMachineUpdater] INFO  impl.SimpleStateMachine4Testing (SimpleStateMachine4Testing.java:applyTransaction(248)) - applyTransaction for log index 89
2023-10-31 16:06:24,978 [s0@group-2B29C9DA22C2-StateMachineUpdater] INFO  impl.SimpleStateMachine4Testing (SimpleStateMachine4Testing.java:put(205)) - s0: put 89, m44 -> (t:1, i:89), STATEMACHINELOGENTRY, 95@client-F1F1711CE4C8
2023-10-31 16:06:24,980 [s0@group-2B29C9DA22C2-StateMachineUpdater] INFO  impl.SimpleStateMachine4Testing (SimpleStateMachine4Testing.java:applyTransaction(248)) - applyTransaction for log index 91
2023-10-31 16:06:24,980 [s0@group-2B29C9DA22C2-StateMachineUpdater] INFO  impl.SimpleStateMachine4Testing (SimpleStateMachine4Testing.java:put(205)) - s0: put 91, m45 -> (t:1, i:91), STATEMACHINELOGENTRY, 96@client-F1F1711CE4C8
2023-10-31 16:06:24,982 [s0@group-2B29C9DA22C2-StateMachineUpdater] INFO  impl.SimpleStateMachine4Testing (SimpleStateMachine4Testing.java:applyTransaction(248)) - applyTransaction for log index 93
2023-10-31 16:06:24,982 [s0@group-2B29C9DA22C2-StateMachineUpdater] INFO  impl.SimpleStateMachine4Testing (SimpleStateMachine4Testing.java:put(205)) - s0: put 93, m46 -> (t:1, i:93), STATEMACHINELOGENTRY, 97@client-F1F1711CE4C8
2023-10-31 16:06:24,983 [s0@group-2B29C9DA22C2-StateMachineUpdater] INFO  impl.SimpleStateMachine4Testing (SimpleStateMachine4Testing.java:applyTransaction(248)) - applyTransaction for log index 95
2023-10-31 16:06:24,983 [s0@group-2B29C9DA22C2-StateMachineUpdater] INFO  impl.SimpleStateMachine4Testing (SimpleStateMachine4Testing.java:put(205)) - s0: put 95, m47 -> (t:1, i:95), STATEMACHINELOGENTRY, 98@client-F1F1711CE4C8
2023-10-31 16:06:24,985 [s0@group-2B29C9DA22C2-StateMachineUpdater] INFO  impl.SimpleStateMachine4Testing (SimpleStateMachine4Testing.java:applyTransaction(248)) - applyTransaction for log index 97
2023-10-31 16:06:24,985 [s0@group-2B29C9DA22C2-StateMachineUpdater] INFO  impl.SimpleStateMachine4Testing (SimpleStateMachine4Testing.java:put(205)) - s0: put 97, m48 -> (t:1, i:97), STATEMACHINELOGENTRY, 99@client-F1F1711CE4C8
2023-10-31 16:06:24,987 [s0@group-2B29C9DA22C2-StateMachineUpdater] INFO  impl.SimpleStateMachine4Testing (SimpleStateMachine4Testing.java:applyTransaction(248)) - applyTransaction for log index 99
2023-10-31 16:06:24,987 [s0@group-2B29C9DA22C2-StateMachineUpdater] INFO  impl.SimpleStateMachine4Testing (SimpleStateMachine4Testing.java:put(205)) - s0: put 99, m49 -> (t:1, i:99), STATEMACHINELOGENTRY, 100@client-F1F1711CE4C8
2023-10-31 16:06:24,988 [s0@group-2B29C9DA22C2-StateMachineUpdater] INFO  impl.SimpleStateMachine4Testing (SimpleStateMachine4Testing.java:applyTransaction(248)) - applyTransaction for log index 101
2023-10-31 16:06:24,989 [s0@group-2B29C9DA22C2-StateMachineUpdater] INFO  impl.SimpleStateMachine4Testing (SimpleStateMachine4Testing.java:put(205)) - s0: put 101, m50 -> (t:1, i:101), STATEMACHINELOGENTRY, 101@client-F1F1711CE4C8
2023-10-31 16:06:24,990 [s0@group-2B29C9DA22C2-StateMachineUpdater] INFO  impl.SimpleStateMachine4Testing (SimpleStateMachine4Testing.java:applyTransaction(248)) - applyTransaction for log index 103
2023-10-31 16:06:24,990 [s0@group-2B29C9DA22C2-StateMachineUpdater] INFO  impl.SimpleStateMachine4Testing (SimpleStateMachine4Testing.java:put(205)) - s0: put 103, m51 -> (t:1, i:103), STATEMACHINELOGENTRY, 102@client-F1F1711CE4C8
2023-10-31 16:06:24,992 [s0@group-2B29C9DA22C2-StateMachineUpdater] INFO  impl.SimpleStateMachine4Testing (SimpleStateMachine4Testing.java:applyTransaction(248)) - applyTransaction for log index 105
2023-10-31 16:06:24,992 [s0@group-2B29C9DA22C2-StateMachineUpdater] INFO  impl.SimpleStateMachine4Testing (SimpleStateMachine4Testing.java:put(205)) - s0: put 105, m52 -> (t:1, i:105), STATEMACHINELOGENTRY, 103@client-F1F1711CE4C8
2023-10-31 16:06:24,993 [s0@group-2B29C9DA22C2-StateMachineUpdater] INFO  impl.SimpleStateMachine4Testing (SimpleStateMachine4Testing.java:applyTransaction(248)) - applyTransaction for log index 107
2023-10-31 16:06:24,994 [s0@group-2B29C9DA22C2-StateMachineUpdater] INFO  impl.SimpleStateMachine4Testing (SimpleStateMachine4Testing.java:put(205)) - s0: put 107, m53 -> (t:1, i:107), STATEMACHINELOGENTRY, 104@client-F1F1711CE4C8
2023-10-31 16:06:24,995 [s0@group-2B29C9DA22C2-StateMachineUpdater] INFO  impl.SimpleStateMachine4Testing (SimpleStateMachine4Testing.java:applyTransaction(248)) - applyTransaction for log index 109
2023-10-31 16:06:24,995 [s0@group-2B29C9DA22C2-StateMachineUpdater] INFO  impl.SimpleStateMachine4Testing (SimpleStateMachine4Testing.java:put(205)) - s0: put 109, m54 -> (t:1, i:109), STATEMACHINELOGENTRY, 105@client-F1F1711CE4C8
2023-10-31 16:06:24,997 [s0@group-2B29C9DA22C2-StateMachineUpdater] INFO  impl.SimpleStateMachine4Testing (SimpleStateMachine4Testing.java:applyTransaction(248)) - applyTransaction for log index 111
2023-10-31 16:06:24,997 [s0@group-2B29C9DA22C2-StateMachineUpdater] INFO  impl.SimpleStateMachine4Testing (SimpleStateMachine4Testing.java:put(205)) - s0: put 111, m55 -> (t:1, i:111), STATEMACHINELOGENTRY, 106@client-F1F1711CE4C8
2023-10-31 16:06:24,999 [s0@group-2B29C9DA22C2-StateMachineUpdater] INFO  impl.SimpleStateMachine4Testing (SimpleStateMachine4Testing.java:applyTransaction(248)) - applyTransaction for log index 113
2023-10-31 16:06:24,999 [s0@group-2B29C9DA22C2-StateMachineUpdater] INFO  impl.SimpleStateMachine4Testing (SimpleStateMachine4Testing.java:put(205)) - s0: put 113, m56 -> (t:1, i:113), STATEMACHINELOGENTRY, 107@client-F1F1711CE4C8
2023-10-31 16:06:25,000 [s0@group-2B29C9DA22C2-StateMachineUpdater] INFO  impl.SimpleStateMachine4Testing (SimpleStateMachine4Testing.java:applyTransaction(248)) - applyTransaction for log index 115
2023-10-31 16:06:25,000 [s0@group-2B29C9DA22C2-StateMachineUpdater] INFO  impl.SimpleStateMachine4Testing (SimpleStateMachine4Testing.java:put(205)) - s0: put 115, m57 -> (t:1, i:115), STATEMACHINELOGENTRY, 108@client-F1F1711CE4C8
2023-10-31 16:06:25,002 [s0@group-2B29C9DA22C2-StateMachineUpdater] INFO  impl.SimpleStateMachine4Testing (SimpleStateMachine4Testing.java:applyTransaction(248)) - applyTransaction for log index 117
2023-10-31 16:06:25,002 [s0@group-2B29C9DA22C2-StateMachineUpdater] INFO  impl.SimpleStateMachine4Testing (SimpleStateMachine4Testing.java:put(205)) - s0: put 117, m58 -> (t:1, i:117), STATEMACHINELOGENTRY, 109@client-F1F1711CE4C8
2023-10-31 16:06:25,003 [s0@group-2B29C9DA22C2-StateMachineUpdater] INFO  impl.SimpleStateMachine4Testing (SimpleStateMachine4Testing.java:applyTransaction(248)) - applyTransaction for log index 119
2023-10-31 16:06:25,003 [s0@group-2B29C9DA22C2-StateMachineUpdater] INFO  impl.SimpleStateMachine4Testing (SimpleStateMachine4Testing.java:put(205)) - s0: put 119, m59 -> (t:1, i:119), STATEMACHINELOGENTRY, 110@client-F1F1711CE4C8
2023-10-31 16:06:25,005 [s0@group-2B29C9DA22C2-StateMachineUpdater] INFO  impl.SimpleStateMachine4Testing (SimpleStateMachine4Testing.java:applyTransaction(248)) - applyTransaction for log index 121
2023-10-31 16:06:25,005 [s0@group-2B29C9DA22C2-StateMachineUpdater] INFO  impl.SimpleStateMachine4Testing (SimpleStateMachine4Testing.java:put(205)) - s0: put 121, m60 -> (t:1, i:121), STATEMACHINELOGENTRY, 111@client-F1F1711CE4C8
2023-10-31 16:06:25,007 [s0@group-2B29C9DA22C2-StateMachineUpdater] INFO  impl.SimpleStateMachine4Testing (SimpleStateMachine4Testing.java:applyTransaction(248)) - applyTransaction for log index 123
2023-10-31 16:06:25,007 [s0@group-2B29C9DA22C2-StateMachineUpdater] INFO  impl.SimpleStateMachine4Testing (SimpleStateMachine4Testing.java:put(205)) - s0: put 123, m61 -> (t:1, i:123), STATEMACHINELOGENTRY, 112@client-F1F1711CE4C8
2023-10-31 16:06:25,008 [s0@group-2B29C9DA22C2-StateMachineUpdater] INFO  impl.SimpleStateMachine4Testing (SimpleStateMachine4Testing.java:applyTransaction(248)) - applyTransaction for log index 125
2023-10-31 16:06:25,009 [s0@group-2B29C9DA22C2-StateMachineUpdater] INFO  impl.SimpleStateMachine4Testing (SimpleStateMachine4Testing.java:put(205)) - s0: put 125, m62 -> (t:1, i:125), STATEMACHINELOGENTRY, 113@client-F1F1711CE4C8
2023-10-31 16:06:25,010 [s0@group-2B29C9DA22C2-StateMachineUpdater] INFO  impl.SimpleStateMachine4Testing (SimpleStateMachine4Testing.java:applyTransaction(248)) - applyTransaction for log index 127
2023-10-31 16:06:25,010 [s0@group-2B29C9DA22C2-StateMachineUpdater] INFO  impl.SimpleStateMachine4Testing (SimpleStateMachine4Testing.java:put(205)) - s0: put 127, m63 -> (t:1, i:127), STATEMACHINELOGENTRY, 114@client-F1F1711CE4C8
2023-10-31 16:06:25,012 [s0@group-2B29C9DA22C2-StateMachineUpdater] INFO  impl.SimpleStateMachine4Testing (SimpleStateMachine4Testing.java:applyTransaction(248)) - applyTransaction for log index 129
2023-10-31 16:06:25,012 [s0@group-2B29C9DA22C2-StateMachineUpdater] INFO  impl.SimpleStateMachine4Testing (SimpleStateMachine4Testing.java:put(205)) - s0: put 129, m64 -> (t:1, i:129), STATEMACHINELOGENTRY, 115@client-F1F1711CE4C8
2023-10-31 16:06:25,013 [s0@group-2B29C9DA22C2-StateMachineUpdater] INFO  impl.SimpleStateMachine4Testing (SimpleStateMachine4Testing.java:applyTransaction(248)) - applyTransaction for log index 131
2023-10-31 16:06:25,014 [s0@group-2B29C9DA22C2-StateMachineUpdater] INFO  impl.SimpleStateMachine4Testing (SimpleStateMachine4Testing.java:put(205)) - s0: put 131, m65 -> (t:1, i:131), STATEMACHINELOGENTRY, 116@client-F1F1711CE4C8
2023-10-31 16:06:25,015 [s0@group-2B29C9DA22C2-StateMachineUpdater] INFO  impl.SimpleStateMachine4Testing (SimpleStateMachine4Testing.java:applyTransaction(248)) - applyTransaction for log index 133
2023-10-31 16:06:25,015 [s0@group-2B29C9DA22C2-StateMachineUpdater] INFO  impl.SimpleStateMachine4Testing (SimpleStateMachine4Testing.java:put(205)) - s0: put 133, m66 -> (t:1, i:133), STATEMACHINELOGENTRY, 117@client-F1F1711CE4C8
2023-10-31 16:06:25,017 [s0@group-2B29C9DA22C2-StateMachineUpdater] INFO  impl.SimpleStateMachine4Testing (SimpleStateMachine4Testing.java:applyTransaction(248)) - applyTransaction for log index 135
2023-10-31 16:06:25,017 [s0@group-2B29C9DA22C2-StateMachineUpdater] INFO  impl.SimpleStateMachine4Testing (SimpleStateMachine4Testing.java:put(205)) - s0: put 135, m67 -> (t:1, i:135), STATEMACHINELOGENTRY, 118@client-F1F1711CE4C8
2023-10-31 16:06:25,019 [s0@group-2B29C9DA22C2-StateMachineUpdater] INFO  impl.SimpleStateMachine4Testing (SimpleStateMachine4Testing.java:applyTransaction(248)) - applyTransaction for log index 137
2023-10-31 16:06:25,019 [s0@group-2B29C9DA22C2-StateMachineUpdater] INFO  impl.SimpleStateMachine4Testing (SimpleStateMachine4Testing.java:put(205)) - s0: put 137, m68 -> (t:1, i:137), STATEMACHINELOGENTRY, 119@client-F1F1711CE4C8
2023-10-31 16:06:25,020 [s0@group-2B29C9DA22C2-StateMachineUpdater] INFO  impl.SimpleStateMachine4Testing (SimpleStateMachine4Testing.java:applyTransaction(248)) - applyTransaction for log index 139
2023-10-31 16:06:25,020 [s0@group-2B29C9DA22C2-StateMachineUpdater] INFO  impl.SimpleStateMachine4Testing (SimpleStateMachine4Testing.java:put(205)) - s0: put 139, m69 -> (t:1, i:139), STATEMACHINELOGENTRY, 120@client-F1F1711CE4C8
2023-10-31 16:06:25,022 [s0@group-2B29C9DA22C2-StateMachineUpdater] INFO  impl.SimpleStateMachine4Testing (SimpleStateMachine4Testing.java:applyTransaction(248)) - applyTransaction for log index 141
2023-10-31 16:06:25,022 [s0@group-2B29C9DA22C2-StateMachineUpdater] INFO  impl.SimpleStateMachine4Testing (SimpleStateMachine4Testing.java:put(205)) - s0: put 141, m70 -> (t:1, i:141), STATEMACHINELOGENTRY, 121@client-F1F1711CE4C8
2023-10-31 16:06:25,023 [s0@group-2B29C9DA22C2-StateMachineUpdater] INFO  impl.SimpleStateMachine4Testing (SimpleStateMachine4Testing.java:applyTransaction(248)) - applyTransaction for log index 143
2023-10-31 16:06:25,023 [s0@group-2B29C9DA22C2-StateMachineUpdater] INFO  impl.SimpleStateMachine4Testing (SimpleStateMachine4Testing.java:put(205)) - s0: put 143, m71 -> (t:1, i:143), STATEMACHINELOGENTRY, 122@client-F1F1711CE4C8
2023-10-31 16:06:25,025 [s0@group-2B29C9DA22C2-StateMachineUpdater] INFO  impl.SimpleStateMachine4Testing (SimpleStateMachine4Testing.java:applyTransaction(248)) - applyTransaction for log index 145
2023-10-31 16:06:25,025 [s0@group-2B29C9DA22C2-StateMachineUpdater] INFO  impl.SimpleStateMachine4Testing (SimpleStateMachine4Testing.java:put(205)) - s0: put 145, m72 -> (t:1, i:145), STATEMACHINELOGENTRY, 123@client-F1F1711CE4C8
2023-10-31 16:06:25,027 [s0@group-2B29C9DA22C2-StateMachineUpdater] INFO  impl.SimpleStateMachine4Testing (SimpleStateMachine4Testing.java:applyTransaction(248)) - applyTransaction for log index 147
2023-10-31 16:06:25,027 [s0@group-2B29C9DA22C2-StateMachineUpdater] INFO  impl.SimpleStateMachine4Testing (SimpleStateMachine4Testing.java:put(205)) - s0: put 147, m73 -> (t:1, i:147), STATEMACHINELOGENTRY, 124@client-F1F1711CE4C8
2023-10-31 16:06:25,028 [s0@group-2B29C9DA22C2-StateMachineUpdater] INFO  impl.SimpleStateMachine4Testing (SimpleStateMachine4Testing.java:applyTransaction(248)) - applyTransaction for log index 149
2023-10-31 16:06:25,029 [s0@group-2B29C9DA22C2-StateMachineUpdater] INFO  impl.SimpleStateMachine4Testing (SimpleStateMachine4Testing.java:put(205)) - s0: put 149, m74 -> (t:1, i:149), STATEMACHINELOGENTRY, 125@client-F1F1711CE4C8
2023-10-31 16:06:25,030 [s0@group-2B29C9DA22C2-StateMachineUpdater] INFO  impl.SimpleStateMachine4Testing (SimpleStateMachine4Testing.java:applyTransaction(248)) - applyTransaction for log index 151
2023-10-31 16:06:25,031 [s0@group-2B29C9DA22C2-StateMachineUpdater] INFO  impl.SimpleStateMachine4Testing (SimpleStateMachine4Testing.java:put(205)) - s0: put 151, m75 -> (t:1, i:151), STATEMACHINELOGENTRY, 126@client-F1F1711CE4C8
2023-10-31 16:06:25,032 [s0@group-2B29C9DA22C2-StateMachineUpdater] INFO  impl.SimpleStateMachine4Testing (SimpleStateMachine4Testing.java:applyTransaction(248)) - applyTransaction for log index 153
2023-10-31 16:06:25,032 [s0@group-2B29C9DA22C2-StateMachineUpdater] INFO  impl.SimpleStateMachine4Testing (SimpleStateMachine4Testing.java:put(205)) - s0: put 153, m76 -> (t:1, i:153), STATEMACHINELOGENTRY, 127@client-F1F1711CE4C8
2023-10-31 16:06:25,034 [s0@group-2B29C9DA22C2-StateMachineUpdater] INFO  impl.SimpleStateMachine4Testing (SimpleStateMachine4Testing.java:applyTransaction(248)) - applyTransaction for log index 155
2023-10-31 16:06:25,034 [s0@group-2B29C9DA22C2-StateMachineUpdater] INFO  impl.SimpleStateMachine4Testing (SimpleStateMachine4Testing.java:put(205)) - s0: put 155, m77 -> (t:1, i:155), STATEMACHINELOGENTRY, 128@client-F1F1711CE4C8
2023-10-31 16:06:25,035 [s0@group-2B29C9DA22C2-StateMachineUpdater] INFO  impl.SimpleStateMachine4Testing (SimpleStateMachine4Testing.java:applyTransaction(248)) - applyTransaction for log index 157
2023-10-31 16:06:25,035 [s0@group-2B29C9DA22C2-StateMachineUpdater] INFO  impl.SimpleStateMachine4Testing (SimpleStateMachine4Testing.java:put(205)) - s0: put 157, m78 -> (t:1, i:157), STATEMACHINELOGENTRY, 129@client-F1F1711CE4C8
2023-10-31 16:06:25,036 [s0@group-2B29C9DA22C2-StateMachineUpdater] INFO  impl.SimpleStateMachine4Testing (SimpleStateMachine4Testing.java:applyTransaction(248)) - applyTransaction for log index 159
2023-10-31 16:06:25,037 [s0@group-2B29C9DA22C2-StateMachineUpdater] INFO  impl.SimpleStateMachine4Testing (SimpleStateMachine4Testing.java:put(205)) - s0: put 159, m79 -> (t:1, i:159), STATEMACHINELOGENTRY, 130@client-F1F1711CE4C8
2023-10-31 16:06:25,038 [s0@group-2B29C9DA22C2-StateMachineUpdater] INFO  impl.SimpleStateMachine4Testing (SimpleStateMachine4Testing.java:applyTransaction(248)) - applyTransaction for log index 161
2023-10-31 16:06:25,038 [s0@group-2B29C9DA22C2-StateMachineUpdater] INFO  impl.SimpleStateMachine4Testing (SimpleStateMachine4Testing.java:put(205)) - s0: put 161, m80 -> (t:1, i:161), STATEMACHINELOGENTRY, 131@client-F1F1711CE4C8
2023-10-31 16:06:25,040 [s0@group-2B29C9DA22C2-StateMachineUpdater] INFO  impl.SimpleStateMachine4Testing (SimpleStateMachine4Testing.java:applyTransaction(248)) - applyTransaction for log index 163
2023-10-31 16:06:25,040 [s0@group-2B29C9DA22C2-StateMachineUpdater] INFO  impl.SimpleStateMachine4Testing (SimpleStateMachine4Testing.java:put(205)) - s0: put 163, m81 -> (t:1, i:163), STATEMACHINELOGENTRY, 132@client-F1F1711CE4C8
2023-10-31 16:06:25,041 [s0@group-2B29C9DA22C2-StateMachineUpdater] INFO  impl.SimpleStateMachine4Testing (SimpleStateMachine4Testing.java:applyTransaction(248)) - applyTransaction for log index 165
2023-10-31 16:06:25,042 [s0@group-2B29C9DA22C2-StateMachineUpdater] INFO  impl.SimpleStateMachine4Testing (SimpleStateMachine4Testing.java:put(205)) - s0: put 165, m82 -> (t:1, i:165), STATEMACHINELOGENTRY, 133@client-F1F1711CE4C8
2023-10-31 16:06:25,043 [s0@group-2B29C9DA22C2-StateMachineUpdater] INFO  impl.SimpleStateMachine4Testing (SimpleStateMachine4Testing.java:applyTransaction(248)) - applyTransaction for log index 167
2023-10-31 16:06:25,043 [s0@group-2B29C9DA22C2-StateMachineUpdater] INFO  impl.SimpleStateMachine4Testing (SimpleStateMachine4Testing.java:put(205)) - s0: put 167, m83 -> (t:1, i:167), STATEMACHINELOGENTRY, 134@client-F1F1711CE4C8
2023-10-31 16:06:25,045 [s0@group-2B29C9DA22C2-StateMachineUpdater] INFO  impl.SimpleStateMachine4Testing (SimpleStateMachine4Testing.java:applyTransaction(248)) - applyTransaction for log index 169
2023-10-31 16:06:25,045 [s0@group-2B29C9DA22C2-StateMachineUpdater] INFO  impl.SimpleStateMachine4Testing (SimpleStateMachine4Testing.java:put(205)) - s0: put 169, m84 -> (t:1, i:169), STATEMACHINELOGENTRY, 135@client-F1F1711CE4C8
2023-10-31 16:06:25,046 [s0@group-2B29C9DA22C2-StateMachineUpdater] INFO  impl.SimpleStateMachine4Testing (SimpleStateMachine4Testing.java:applyTransaction(248)) - applyTransaction for log index 171
2023-10-31 16:06:25,046 [s0@group-2B29C9DA22C2-StateMachineUpdater] INFO  impl.SimpleStateMachine4Testing (SimpleStateMachine4Testing.java:put(205)) - s0: put 171, m85 -> (t:1, i:171), STATEMACHINELOGENTRY, 136@client-F1F1711CE4C8
2023-10-31 16:06:25,048 [s0@group-2B29C9DA22C2-StateMachineUpdater] INFO  impl.SimpleStateMachine4Testing (SimpleStateMachine4Testing.java:applyTransaction(248)) - applyTransaction for log index 173
2023-10-31 16:06:25,048 [s0@group-2B29C9DA22C2-StateMachineUpdater] INFO  impl.SimpleStateMachine4Testing (SimpleStateMachine4Testing.java:put(205)) - s0: put 173, m86 -> (t:1, i:173), STATEMACHINELOGENTRY, 137@client-F1F1711CE4C8
2023-10-31 16:06:25,050 [s0@group-2B29C9DA22C2-StateMachineUpdater] INFO  impl.SimpleStateMachine4Testing (SimpleStateMachine4Testing.java:applyTransaction(248)) - applyTransaction for log index 175
2023-10-31 16:06:25,050 [s0@group-2B29C9DA22C2-StateMachineUpdater] INFO  impl.SimpleStateMachine4Testing (SimpleStateMachine4Testing.java:put(205)) - s0: put 175, m87 -> (t:1, i:175), STATEMACHINELOGENTRY, 138@client-F1F1711CE4C8
2023-10-31 16:06:25,051 [s0@group-2B29C9DA22C2-StateMachineUpdater] INFO  impl.SimpleStateMachine4Testing (SimpleStateMachine4Testing.java:applyTransaction(248)) - applyTransaction for log index 177
2023-10-31 16:06:25,051 [s0@group-2B29C9DA22C2-StateMachineUpdater] INFO  impl.SimpleStateMachine4Testing (SimpleStateMachine4Testing.java:put(205)) - s0: put 177, m88 -> (t:1, i:177), STATEMACHINELOGENTRY, 139@client-F1F1711CE4C8
2023-10-31 16:06:25,053 [s0@group-2B29C9DA22C2-StateMachineUpdater] INFO  impl.SimpleStateMachine4Testing (SimpleStateMachine4Testing.java:applyTransaction(248)) - applyTransaction for log index 179
2023-10-31 16:06:25,053 [s0@group-2B29C9DA22C2-StateMachineUpdater] INFO  impl.SimpleStateMachine4Testing (SimpleStateMachine4Testing.java:put(205)) - s0: put 179, m89 -> (t:1, i:179), STATEMACHINELOGENTRY, 140@client-F1F1711CE4C8
2023-10-31 16:06:25,055 [s0@group-2B29C9DA22C2-StateMachineUpdater] INFO  impl.SimpleStateMachine4Testing (SimpleStateMachine4Testing.java:applyTransaction(248)) - applyTransaction for log index 181
2023-10-31 16:06:25,055 [s0@group-2B29C9DA22C2-StateMachineUpdater] INFO  impl.SimpleStateMachine4Testing (SimpleStateMachine4Testing.java:put(205)) - s0: put 181, m90 -> (t:1, i:181), STATEMACHINELOGENTRY, 141@client-F1F1711CE4C8
2023-10-31 16:06:25,056 [s0@group-2B29C9DA22C2-StateMachineUpdater] INFO  impl.SimpleStateMachine4Testing (SimpleStateMachine4Testing.java:applyTransaction(248)) - applyTransaction for log index 183
2023-10-31 16:06:25,056 [s0@group-2B29C9DA22C2-StateMachineUpdater] INFO  impl.SimpleStateMachine4Testing (SimpleStateMachine4Testing.java:put(205)) - s0: put 183, m91 -> (t:1, i:183), STATEMACHINELOGENTRY, 142@client-F1F1711CE4C8
2023-10-31 16:06:25,058 [s0@group-2B29C9DA22C2-StateMachineUpdater] INFO  impl.SimpleStateMachine4Testing (SimpleStateMachine4Testing.java:applyTransaction(248)) - applyTransaction for log index 185
2023-10-31 16:06:25,058 [s0@group-2B29C9DA22C2-StateMachineUpdater] INFO  impl.SimpleStateMachine4Testing (SimpleStateMachine4Testing.java:put(205)) - s0: put 185, m92 -> (t:1, i:185), STATEMACHINELOGENTRY, 143@client-F1F1711CE4C8
2023-10-31 16:06:25,060 [s0@group-2B29C9DA22C2-StateMachineUpdater] INFO  impl.SimpleStateMachine4Testing (SimpleStateMachine4Testing.java:applyTransaction(248)) - applyTransaction for log index 187
2023-10-31 16:06:25,060 [s0@group-2B29C9DA22C2-StateMachineUpdater] INFO  impl.SimpleStateMachine4Testing (SimpleStateMachine4Testing.java:put(205)) - s0: put 187, m93 -> (t:1, i:187), STATEMACHINELOGENTRY, 144@client-F1F1711CE4C8
2023-10-31 16:06:25,061 [s0@group-2B29C9DA22C2-StateMachineUpdater] INFO  impl.SimpleStateMachine4Testing (SimpleStateMachine4Testing.java:applyTransaction(248)) - applyTransaction for log index 189
2023-10-31 16:06:25,061 [s0@group-2B29C9DA22C2-StateMachineUpdater] INFO  impl.SimpleStateMachine4Testing (SimpleStateMachine4Testing.java:put(205)) - s0: put 189, m94 -> (t:1, i:189), STATEMACHINELOGENTRY, 145@client-F1F1711CE4C8
2023-10-31 16:06:25,063 [s0@group-2B29C9DA22C2-StateMachineUpdater] INFO  impl.SimpleStateMachine4Testing (SimpleStateMachine4Testing.java:applyTransaction(248)) - applyTransaction for log index 191
2023-10-31 16:06:25,063 [s0@group-2B29C9DA22C2-StateMachineUpdater] INFO  impl.SimpleStateMachine4Testing (SimpleStateMachine4Testing.java:put(205)) - s0: put 191, m95 -> (t:1, i:191), STATEMACHINELOGENTRY, 146@client-F1F1711CE4C8
2023-10-31 16:06:25,065 [s0@group-2B29C9DA22C2-StateMachineUpdater] INFO  impl.SimpleStateMachine4Testing (SimpleStateMachine4Testing.java:applyTransaction(248)) - applyTransaction for log index 193
2023-10-31 16:06:25,065 [s0@group-2B29C9DA22C2-StateMachineUpdater] INFO  impl.SimpleStateMachine4Testing (SimpleStateMachine4Testing.java:put(205)) - s0: put 193, m96 -> (t:1, i:193), STATEMACHINELOGENTRY, 147@client-F1F1711CE4C8
2023-10-31 16:06:25,066 [s0@group-2B29C9DA22C2-StateMachineUpdater] INFO  impl.SimpleStateMachine4Testing (SimpleStateMachine4Testing.java:applyTransaction(248)) - applyTransaction for log index 195
2023-10-31 16:06:25,066 [s0@group-2B29C9DA22C2-StateMachineUpdater] INFO  impl.SimpleStateMachine4Testing (SimpleStateMachine4Testing.java:put(205)) - s0: put 195, m97 -> (t:1, i:195), STATEMACHINELOGENTRY, 148@client-F1F1711CE4C8
2023-10-31 16:06:25,068 [s0@group-2B29C9DA22C2-StateMachineUpdater] INFO  impl.SimpleStateMachine4Testing (SimpleStateMachine4Testing.java:applyTransaction(248)) - applyTransaction for log index 197
2023-10-31 16:06:25,068 [s0@group-2B29C9DA22C2-StateMachineUpdater] INFO  impl.SimpleStateMachine4Testing (SimpleStateMachine4Testing.java:put(205)) - s0: put 197, m98 -> (t:1, i:197), STATEMACHINELOGENTRY, 149@client-F1F1711CE4C8
2023-10-31 16:06:25,070 [s0@group-2B29C9DA22C2-StateMachineUpdater] INFO  impl.SimpleStateMachine4Testing (SimpleStateMachine4Testing.java:applyTransaction(248)) - applyTransaction for log index 199
2023-10-31 16:06:25,070 [s0@group-2B29C9DA22C2-StateMachineUpdater] INFO  impl.SimpleStateMachine4Testing (SimpleStateMachine4Testing.java:put(205)) - s0: put 199, m99 -> (t:1, i:199), STATEMACHINELOGENTRY, 150@client-F1F1711CE4C8
2023-10-31 16:06:25,070 [s0-client-thread1] INFO  impl.SimpleStateMachine4Testing (SimpleStateMachine4Testing.java:query(331)) - query m99
2023-10-31 16:06:25,073 [Time-limited test] INFO  util.LogUtils (Slf4jUtils.java:setLogLevel(38)) - Successfully set org.apache.ratis.server.raftlog.segmented.SegmentedRaftLogWorker log level to INFO
2023-10-31 16:06:25,073 [Time-limited test] INFO  util.LogUtils (Slf4jUtils.java:setLogLevel(38)) - Successfully set org.apache.ratis.server.raftlog.segmented.SegmentedRaftLogCache log level to INFO
2023-10-31 16:06:25,073 [Time-limited test] INFO  util.LogUtils (Slf4jUtils.java:setLogLevel(38)) - Successfully set org.apache.ratis.server.raftlog.RaftLog log level to INFO
2023-10-31 16:06:25,073 [Time-limited test] INFO  server.RaftServer (RaftServerProxy.java:lambda$close$9(416)) - s0: close
2023-10-31 16:06:25,073 [s0-impl-thread1] INFO  server.RaftServer$Division (RaftServerImpl.java:lambda$close$3(514)) - s0@group-2B29C9DA22C2: shutdown
2023-10-31 16:06:25,073 [s0-impl-thread1] INFO  util.JmxRegister (JmxRegister.java:unregister(73)) - Successfully un-registered JMX Bean with object name Ratis:service=RaftServer,group=group-2B29C9DA22C2,id=s0
2023-10-31 16:06:25,073 [s0-impl-thread1] INFO  impl.RoleInfo (RoleInfo.java:shutdownLeaderState(92)) - s0: shutdown s0@group-2B29C9DA22C2-LeaderStateImpl
2023-10-31 16:06:25,074 [HandlerDaemon-0] INFO  simulation.RequestHandler (RequestHandler.java:run(127)) - s0.clientHandler0 is interrupted by java.io.InterruptedIOException: 
2023-10-31 16:06:25,074 [HandlerDaemon-2] INFO  simulation.RequestHandler (RequestHandler.java:run(127)) - s0.clientHandler2 is interrupted by java.io.InterruptedIOException: 
2023-10-31 16:06:25,074 [HandlerDaemon-1] INFO  simulation.RequestHandler (RequestHandler.java:run(127)) - s0.clientHandler1 is interrupted by java.io.InterruptedIOException: 
2023-10-31 16:06:25,074 [HandlerDaemon-2] INFO  simulation.RequestHandler (RequestHandler.java:run(127)) - s0.serverHandler2 is interrupted by java.io.InterruptedIOException: 
2023-10-31 16:06:25,074 [HandlerDaemon-1] INFO  simulation.RequestHandler (RequestHandler.java:run(127)) - s0.serverHandler1 is interrupted by java.io.InterruptedIOException: 
2023-10-31 16:06:25,074 [HandlerDaemon-0] INFO  simulation.RequestHandler (RequestHandler.java:run(127)) - s0.serverHandler0 is interrupted by java.io.InterruptedIOException: 
2023-10-31 16:06:25,073 [s0-impl-thread1] INFO  impl.PendingRequests (PendingRequests.java:sendNotLeaderResponses(289)) - s0@group-2B29C9DA22C2-PendingRequests: sendNotLeaderResponses
2023-10-31 16:06:25,075 [s0-impl-thread1] INFO  impl.StateMachineUpdater (StateMachineUpdater.java:stopAndJoin(157)) - s0@group-2B29C9DA22C2-StateMachineUpdater: set stopIndex = 200
2023-10-31 16:06:25,076 [s0-impl-thread1] INFO  server.RaftServer$Division (ServerState.java:close(423)) - s0@group-2B29C9DA22C2: applyIndex: 200
2023-10-31 16:06:25,076 [s0@group-2B29C9DA22C2-cacheEviction-AwaitToRun] INFO  util.AwaitToRun (AwaitToRun.java:run(49)) - s0@group-2B29C9DA22C2-cacheEviction-AwaitToRun-AwaitForSignal is interrupted
2023-10-31 16:06:26,072 [s0-impl-thread1] INFO  segmented.SegmentedRaftLogWorker (SegmentedRaftLogWorker.java:close(243)) - s0@group-2B29C9DA22C2-SegmentedRaftLogWorker close()
2023-10-31 16:06:26,073 [JvmPauseMonitor27] INFO  util.JvmPauseMonitor (JvmPauseMonitor.java:run(152)) - JvmPauseMonitor-s0: Stopped
2023-10-31 16:06:26,080 [Time-limited test] INFO  impl.MiniRaftCluster (MiniRaftCluster.java:killServer(533)) - killServer s0
2023-10-31 16:06:26,080 [Time-limited test] INFO  impl.MiniRaftCluster (MiniRaftCluster.java:newRaftServer(382)) - newRaftServer: s0, group-2B29C9DA22C2:[s0|localhost:43411], format? false
2023-10-31 16:06:26,080 [Time-limited test] INFO  server.RaftServer (ConfUtils.java:logGet(46)) - raft.rpc.type = org.apache.ratis.server.simulation.SimulatedRpc (custom)
2023-10-31 16:06:26,080 [Time-limited test] INFO  impl.DataStreamServerImpl (ConfUtils.java:logGet(46)) - raft.datastream.type = DISABLED (default)
2023-10-31 16:06:26,081 [Time-limited test] INFO  server.RaftServerConfigKeys (ConfUtils.java:logGet(46)) - raft.server.sleep.deviation.threshold = 300ms (default)
2023-10-31 16:06:26,081 [Time-limited test] INFO  server.RaftServerConfigKeys (ConfUtils.java:logGet(46)) - raft.server.close.threshold = 60s (default)
2023-10-31 16:06:26,081 [Time-limited test] INFO  server.RaftServerConfigKeys (ConfUtils.java:logGet(46)) - raft.server.leaderelection.leader.step-down.wait-time = 10s (default)
2023-10-31 16:06:26,081 [Time-limited test] INFO  server.RaftServerConfigKeys (ConfUtils.java:logGet(46)) - raft.server.storage.dir = [/home/runner/work/ratis/ratis/ratis-test/target/test/data/3084f93d/MiniRaftClusterWithSimulatedRpcf38a95bd/s0] (custom)
2023-10-31 16:06:26,081 [Time-limited test] INFO  server.RaftServerConfigKeys (ConfUtils.java:logGet(46)) - raft.server.threadpool.proxy.cached = true (default)
2023-10-31 16:06:26,081 [Time-limited test] INFO  server.RaftServerConfigKeys (ConfUtils.java:logGet(46)) - raft.server.threadpool.proxy.size = 0 (default)
2023-10-31 16:06:26,081 [s0-impl-thread1] INFO  server.RaftServer (RaftServerProxy.java:initGroupDir(264)) - s0: found a subdirectory /home/runner/work/ratis/ratis/ratis-test/target/test/data/3084f93d/MiniRaftClusterWithSimulatedRpcf38a95bd/s0/60aaee91-0e77-4aa1-953c-2b29c9da22c2
2023-10-31 16:06:26,082 [Time-limited test] INFO  server.RaftServer (RaftServerProxy.java:addNew(100)) - s0: addNew group-2B29C9DA22C2:[s0|localhost:43411] returns group-2B29C9DA22C2:java.util.concurrent.CompletableFuture@30789198[Not completed]
2023-10-31 16:06:26,082 [s0-groupManagement] INFO  server.RaftServerConfigKeys (ConfUtils.java:logGet(46)) - raft.server.log.segment.size.max = 32MB (=33554432) (default)
2023-10-31 16:06:26,082 [s0-groupManagement] INFO  server.RaftServerConfigKeys (ConfUtils.java:logGet(46)) - raft.server.log.preallocated.size = 4MB (=4194304) (default)
2023-10-31 16:06:26,082 [s0-groupManagement] INFO  server.RaftServerConfigKeys (ConfUtils.java:logGet(46)) - raft.server.log.write.buffer.size = 64KB (=65536) (default)
2023-10-31 16:06:26,082 [s0-groupManagement] INFO  server.RaftServer$Division (RaftServerImpl.java:<init>(255)) - s0: new RaftServerImpl for group-2B29C9DA22C2:[s0|localhost:43411] with SimpleStateMachine4Testing:uninitialized
2023-10-31 16:06:26,082 [s0-groupManagement] INFO  server.RaftServerConfigKeys (ConfUtils.java:logGet(46)) - raft.server.rpc.timeout.min = 150ms (default)
2023-10-31 16:06:26,082 [s0-groupManagement] INFO  server.RaftServerConfigKeys (ConfUtils.java:logGet(46)) - raft.server.rpc.timeout.max = 300ms (default)
2023-10-31 16:06:26,083 [s0-groupManagement] INFO  server.RaftServerConfigKeys (ConfUtils.java:logGet(46)) - raft.server.rpc.sleep.time = 25ms (default)
2023-10-31 16:06:26,083 [s0-groupManagement] INFO  server.RaftServerConfigKeys (ConfUtils.java:logGet(46)) - raft.server.rpc.slowness.timeout = 60s (default)
2023-10-31 16:06:26,083 [s0-groupManagement] INFO  server.RaftServerConfigKeys (ConfUtils.java:logGet(46)) - raft.server.leaderelection.leader.step-down.wait-time = 10s (default)
2023-10-31 16:06:26,083 [s0-groupManagement] INFO  server.RaftServerConfigKeys (ConfUtils.java:logGet(46)) - raft.server.sleep.deviation.threshold = 300ms (default)
2023-10-31 16:06:26,083 [s0-groupManagement] INFO  server.RaftServer$Division (ServerState.java:<init>(113)) - s0@group-2B29C9DA22C2: ConfigurationManager, init=-1: peers:[s0|localhost:43411]|listeners:[], old=null, confs=<EMPTY_MAP>
2023-10-31 16:06:26,083 [s0-groupManagement] INFO  server.RaftServerConfigKeys (ConfUtils.java:logGet(46)) - raft.server.notification.no-leader.timeout = 60s (default)
2023-10-31 16:06:26,083 [s0-groupManagement] INFO  server.RaftServerConfigKeys (ConfUtils.java:logGet(46)) - raft.server.read.timeout = 10s (default)
2023-10-31 16:06:26,083 [s0-groupManagement] INFO  server.RaftServerConfigKeys (ConfUtils.java:logGet(46)) - raft.server.retrycache.expirytime = 60s (default)
2023-10-31 16:06:26,083 [s0-groupManagement] INFO  server.RaftServerConfigKeys (ConfUtils.java:logGet(46)) - raft.server.retrycache.statistics.expirytime = 100μs (default)
2023-10-31 16:06:26,083 [s0-groupManagement] INFO  server.RaftServerConfigKeys (ConfUtils.java:logGet(46)) - raft.server.read.option = DEFAULT (default)
2023-10-31 16:06:26,083 [s0-groupManagement] INFO  server.RaftServerConfigKeys (ConfUtils.java:logGet(46)) - raft.server.read.read-after-write-consistent.write-index-cache.expiry-time = 60s (default)
2023-10-31 16:06:26,084 [s0-groupManagement] INFO  server.RaftServerConfigKeys (ConfUtils.java:logGet(46)) - raft.server.rpc.request.timeout = 3000ms (default)
2023-10-31 16:06:26,084 [s0-groupManagement] INFO  server.RaftServerConfigKeys (ConfUtils.java:logGet(46)) - raft.server.log.appender.install.snapshot.enabled = true (default)
2023-10-31 16:06:26,085 [s0-groupManagement] INFO  server.RaftServerConfigKeys (ConfUtils.java:logGet(46)) - raft.server.threadpool.server.cached = true (default)
2023-10-31 16:06:26,085 [s0-groupManagement] INFO  server.RaftServerConfigKeys (ConfUtils.java:logGet(46)) - raft.server.threadpool.server.size = 0 (default)
2023-10-31 16:06:26,085 [s0-groupManagement] INFO  server.RaftServerConfigKeys (ConfUtils.java:logGet(46)) - raft.server.threadpool.client.cached = true (default)
2023-10-31 16:06:26,085 [s0-groupManagement] INFO  server.RaftServerConfigKeys (ConfUtils.java:logGet(46)) - raft.server.threadpool.client.size = 0 (default)
2023-10-31 16:06:26,085 [s0-impl-thread1] INFO  server.RaftServerConfigKeys (ConfUtils.java:logGet(46)) - raft.server.storage.free-space.min = 0MB (=0) (default)
2023-10-31 16:06:26,085 [s0-impl-thread1] INFO  server.RaftServerConfigKeys (ConfUtils.java:logGet(46)) - raft.server.log.corruption.policy = WARN_AND_RETURN (custom)
2023-10-31 16:06:26,085 [s0-impl-thread1] INFO  server.RaftServerConfigKeys (ConfUtils.java:logGet(46)) - raft.server.storage.dir = [/home/runner/work/ratis/ratis/ratis-test/target/test/data/3084f93d/MiniRaftClusterWithSimulatedRpcf38a95bd/s0] (custom)
2023-10-31 16:06:26,086 [s0-impl-thread1] INFO  storage.RaftStorageDirectory (RaftStorageDirectoryImpl.java:tryLock(232)) - Lock on /home/runner/work/ratis/ratis/ratis-test/target/test/data/3084f93d/MiniRaftClusterWithSimulatedRpcf38a95bd/s0/60aaee91-0e77-4aa1-953c-2b29c9da22c2/in_use.lock acquired by nodename 3366@fv-az462-937
2023-10-31 16:06:26,087 [s0-impl-thread1] INFO  storage.RaftStorage (RaftStorageImpl.java:analyzeAndRecoverStorage(117)) - Read RaftStorageMetadata{term=1, votedFor=s0} from /home/runner/work/ratis/ratis/ratis-test/target/test/data/3084f93d/MiniRaftClusterWithSimulatedRpcf38a95bd/s0/60aaee91-0e77-4aa1-953c-2b29c9da22c2/current/raft-meta
2023-10-31 16:06:26,089 [s0-impl-thread1] INFO  server.RaftServer$Division (ServerState.java:setRaftConf(382)) - s0@group-2B29C9DA22C2: set configuration 0: peers:[s0|localhost:43411]|listeners:[], old=null
2023-10-31 16:06:26,089 [s0-impl-thread1] INFO  impl.SimpleStateMachine4Testing (SimpleStateMachine4Testing.java:initialize(213)) - Initializing SimpleStateMachine4Testing:uninitialized
2023-10-31 16:06:26,089 [s0-impl-thread1] INFO  impl.SimpleStateMachine4Testing (SimpleStateMachine4Testing.java:loadSnapshot(296)) - Loading snapshot null
2023-10-31 16:06:26,089 [s0-impl-thread1] INFO  server.RaftServerConfigKeys (ConfUtils.java:logGet(46)) - raft.server.log.use.memory = false (default)
2023-10-31 16:06:26,089 [s0-impl-thread1] INFO  server.RaftServerConfigKeys (ConfUtils.java:logGet(46)) - raft.server.log.purge.gap = 1024 (default)
2023-10-31 16:06:26,089 [s0-impl-thread1] INFO  server.RaftServerConfigKeys (ConfUtils.java:logGet(46)) - raft.server.log.appender.buffer.byte-limit = 4MB (=4194304) (default)
2023-10-31 16:06:26,089 [s0-impl-thread1] INFO  server.RaftServerConfigKeys (ConfUtils.java:logGet(46)) - raft.server.log.statemachine.data.read.timeout = 1000ms (default)
2023-10-31 16:06:26,089 [s0-impl-thread1] INFO  server.RaftServerConfigKeys (ConfUtils.java:logGet(46)) - raft.server.log.purge.preservation.log.num = 0 (default)
2023-10-31 16:06:26,090 [s0-impl-thread1] INFO  server.RaftServerConfigKeys (ConfUtils.java:logGet(46)) - raft.server.log.segment.size.max = 8KB (=8192) (custom)
2023-10-31 16:06:26,090 [s0-impl-thread1] INFO  server.RaftServerConfigKeys (ConfUtils.java:logGet(46)) - raft.server.log.segment.cache.num.max = 6 (default)
2023-10-31 16:06:26,090 [s0-impl-thread1] INFO  server.RaftServerConfigKeys (ConfUtils.java:logGet(46)) - raft.server.log.segment.cache.size.max = 200MB (=209715200) (default)
2023-10-31 16:06:26,090 [s0-impl-thread1] INFO  server.RaftServerConfigKeys (ConfUtils.java:logGet(46)) - raft.server.log.appender.buffer.byte-limit = 4MB (=4194304) (default)
2023-10-31 16:06:26,090 [s0-impl-thread1] INFO  util.AwaitToRun (AwaitToRun.java:start(81)) - Thread[s0@group-2B29C9DA22C2-cacheEviction-AwaitToRun,5,main] started
2023-10-31 16:06:26,090 [s0-impl-thread1] INFO  segmented.SegmentedRaftLogWorker (SegmentedRaftLogWorker.java:<init>(184)) - new s0@group-2B29C9DA22C2-SegmentedRaftLogWorker for RaftStorageImpl:Storage Directory /home/runner/work/ratis/ratis/ratis-test/target/test/data/3084f93d/MiniRaftClusterWithSimulatedRpcf38a95bd/s0/60aaee91-0e77-4aa1-953c-2b29c9da22c2
2023-10-31 16:06:26,090 [s0-impl-thread1] INFO  server.RaftServerConfigKeys (ConfUtils.java:logGet(46)) - raft.server.log.queue.byte-limit = 64MB (=67108864) (default)
2023-10-31 16:06:26,090 [s0-impl-thread1] INFO  server.RaftServerConfigKeys (ConfUtils.java:logGet(46)) - raft.server.log.queue.element-limit = 4096 (default)
2023-10-31 16:06:26,090 [s0-impl-thread1] INFO  server.RaftServerConfigKeys (ConfUtils.java:logGet(46)) - raft.server.log.segment.size.max = 8KB (=8192) (custom)
2023-10-31 16:06:26,090 [s0-impl-thread1] INFO  server.RaftServerConfigKeys (ConfUtils.java:logGet(46)) - raft.server.log.preallocated.size = 4MB (=4194304) (default)
2023-10-31 16:06:26,090 [s0-impl-thread1] INFO  server.RaftServerConfigKeys (ConfUtils.java:logGet(46)) - raft.server.log.force.sync.num = 128 (default)
2023-10-31 16:06:26,090 [s0-impl-thread1] INFO  server.RaftServerConfigKeys (ConfUtils.java:logGet(46)) - raft.server.log.statemachine.data.sync = true (default)
2023-10-31 16:06:26,091 [s0-impl-thread1] INFO  server.RaftServerConfigKeys (ConfUtils.java:logGet(46)) - raft.server.log.statemachine.data.sync.timeout = 10s (default)
2023-10-31 16:06:26,091 [s0-impl-thread1] INFO  server.RaftServerConfigKeys (ConfUtils.java:logGet(46)) - raft.server.log.statemachine.data.sync.timeout.retry = -1 (default)
2023-10-31 16:06:26,091 [s0-impl-thread1] INFO  server.RaftServerConfigKeys (ConfUtils.java:logGet(46)) - raft.server.log.write.buffer.size = 64KB (=65536) (default)
2023-10-31 16:06:26,091 [s0-impl-thread1] INFO  server.RaftServerConfigKeys (ConfUtils.java:logGet(46)) - raft.server.log.appender.buffer.byte-limit = 4MB (=4194304) (default)
2023-10-31 16:06:26,092 [s0-impl-thread1] INFO  server.RaftServerConfigKeys (ConfUtils.java:logGet(46)) - raft.server.log.unsafe-flush.enabled = false (default)
2023-10-31 16:06:26,092 [s0-impl-thread1] INFO  server.RaftServerConfigKeys (ConfUtils.java:logGet(46)) - raft.server.log.async-flush.enabled = false (default)
2023-10-31 16:06:26,092 [s0-impl-thread1] INFO  server.RaftServerConfigKeys (ConfUtils.java:logGet(46)) - raft.server.log.statemachine.data.caching.enabled = false (default)
2023-10-31 16:06:26,092 [s0-impl-thread1] INFO  server.RaftServer$Division (ServerState.java:setRaftConf(382)) - s0@group-2B29C9DA22C2: set configuration 0: peers:[s0|localhost:43411]|listeners:[], old=null
2023-10-31 16:06:26,100 [s0-impl-thread1] WARN  segmented.LogSegment (LogSegment.java:readSegmentFile(146)) - Failed to read segment file /home/runner/work/ratis/ratis/ratis-test/target/test/data/3084f93d/MiniRaftClusterWithSimulatedRpcf38a95bd/s0/60aaee91-0e77-4aa1-953c-2b29c9da22c2/current/log_inprogress_0 (0-): only 133 entries read successfully
org.apache.ratis.protocol.exceptions.ChecksumException: Log entry corrupted: Calculated checksum is F5D51D92 but read checksum is FFFFFFFF.
	at org.apache.ratis.server.raftlog.segmented.SegmentedRaftLogReader.decodeEntry(SegmentedRaftLogReader.java:315)
	at org.apache.ratis.server.raftlog.segmented.SegmentedRaftLogReader.readEntry(SegmentedRaftLogReader.java:201)
	at org.apache.ratis.server.raftlog.segmented.SegmentedRaftLogInputStream.nextEntry(SegmentedRaftLogInputStream.java:131)
	at org.apache.ratis.server.raftlog.segmented.LogSegment.readSegmentFile(LogSegment.java:131)
	at org.apache.ratis.server.raftlog.segmented.LogSegment.loadSegment(LogSegment.java:164)
	at org.apache.ratis.server.raftlog.segmented.SegmentedRaftLogCache.loadSegment(SegmentedRaftLogCache.java:426)
	at org.apache.ratis.server.raftlog.segmented.SegmentedRaftLog.loadLogSegments(SegmentedRaftLog.java:255)
	at org.apache.ratis.server.raftlog.segmented.SegmentedRaftLog.openImpl(SegmentedRaftLog.java:228)
	at org.apache.ratis.server.raftlog.RaftLogBase.open(RaftLogBase.java:267)
	at org.apache.ratis.server.impl.ServerState.initRaftLog(ServerState.java:191)
	at org.apache.ratis.server.impl.ServerState.initRaftLog(ServerState.java:166)
	at org.apache.ratis.server.impl.ServerState.lambda$new$6(ServerState.java:130)
	at org.apache.ratis.util.MemoizedSupplier.get(MemoizedSupplier.java:62)
	at org.apache.ratis.server.impl.ServerState.initialize(ServerState.java:147)
	at org.apache.ratis.server.impl.RaftServerImpl.start(RaftServerImpl.java:386)
	at org.apache.ratis.util.ConcurrentUtils.accept(ConcurrentUtils.java:203)
	at org.apache.ratis.util.ConcurrentUtils.lambda$parallelForEachAsync$4(ConcurrentUtils.java:182)
	at java.base/java.util.concurrent.ThreadPoolExecutor.runWorker(ThreadPoolExecutor.java:1128)
	at java.base/java.util.concurrent.ThreadPoolExecutor$Worker.run(ThreadPoolExecutor.java:628)
	at java.base/java.lang.Thread.run(Thread.java:829)
2023-10-31 16:06:26,100 [s0-impl-thread1] INFO  segmented.LogSegment (LogSegment.java:loadSegment(170)) - Successfully read 133 entries from segment file /home/runner/work/ratis/ratis/ratis-test/target/test/data/3084f93d/MiniRaftClusterWithSimulatedRpcf38a95bd/s0/60aaee91-0e77-4aa1-953c-2b29c9da22c2/current/log_inprogress_0
2023-10-31 16:06:26,101 [s0-impl-thread1] TRACE util.FileUtils (LogUtils.java:runAndLog(49)) - Successfully ran FileChannel.truncate /home/runner/work/ratis/ratis/ratis-test/target/test/data/3084f93d/MiniRaftClusterWithSimulatedRpcf38a95bd/s0/60aaee91-0e77-4aa1-953c-2b29c9da22c2/current/log_inprogress_0 length: 7215 -> 3588
2023-10-31 16:06:26,101 [s0-impl-thread1] INFO  segmented.SegmentedRaftLogWorker (SegmentedRaftLogWorker.java:lambda$new$0(135)) - s0@group-2B29C9DA22C2-SegmentedRaftLogWorker: flushIndex: setUnconditionally 0 -> 132
2023-10-31 16:06:26,101 [s0-impl-thread1] INFO  segmented.SegmentedRaftLogWorker (SegmentedRaftLogWorker.java:lambda$new$0(135)) - s0@group-2B29C9DA22C2-SegmentedRaftLogWorker: safeCacheEvictIndex: setUnconditionally 0 -> -1
2023-10-31 16:06:26,102 [s0-impl-thread1] INFO  raftlog.RaftLog (RaftLogBase.java:lambda$new$0(54)) - s0@group-2B29C9DA22C2-SegmentedRaftLog: commitIndex: updateToMax old=-1, new=131, updated? true
2023-10-31 16:06:26,102 [s0-impl-thread1] INFO  server.RaftServer$Division (RaftServerImpl.java:start(390)) - s0@group-2B29C9DA22C2: start as a follower, conf=0: peers:[s0|localhost:43411]|listeners:[], old=null
2023-10-31 16:06:26,102 [s0-impl-thread1] INFO  server.RaftServer$Division (RaftServerImpl.java:setRole(377)) - s0@group-2B29C9DA22C2: changes role from      null to FOLLOWER at term 1 for startAsFollower
2023-10-31 16:06:26,102 [s0-impl-thread1] INFO  impl.RoleInfo (RoleInfo.java:updateAndGet(138)) - s0: start s0@group-2B29C9DA22C2-FollowerState
2023-10-31 16:06:26,102 [s0-impl-thread1] INFO  util.JmxRegister (JmxRegister.java:tryRegister(44)) - Successfully registered JMX Bean with object name Ratis:service=RaftServer,group=group-2B29C9DA22C2,id=s0
2023-10-31 16:06:26,103 [s0-impl-thread1] INFO  server.RaftServerConfigKeys (ConfUtils.java:logGet(46)) - raft.server.snapshot.trigger-when-stop.enabled = true (default)
2023-10-31 16:06:26,103 [s0-impl-thread1] INFO  server.RaftServerConfigKeys (ConfUtils.java:logGet(46)) - raft.server.snapshot.auto.trigger.enabled = false (default)
2023-10-31 16:06:26,103 [s0-impl-thread1] INFO  server.RaftServerConfigKeys (ConfUtils.java:logGet(46)) - raft.server.snapshot.retention.file.num = -1 (default)
2023-10-31 16:06:26,103 [s0-impl-thread1] INFO  server.RaftServerConfigKeys (ConfUtils.java:logGet(46)) - raft.server.log.purge.upto.snapshot.index = false (default)
2023-10-31 16:06:26,103 [s0@group-2B29C9DA22C2-FollowerState] INFO  server.RaftServerConfigKeys (ConfUtils.java:logFallback(53)) - raft.server.rpc.first-election.timeout.min = 150ms (fallback to raft.server.rpc.timeout.min)
2023-10-31 16:06:26,103 [s0@group-2B29C9DA22C2-FollowerState] INFO  server.RaftServerConfigKeys (ConfUtils.java:logFallback(53)) - raft.server.rpc.first-election.timeout.max = 300ms (fallback to raft.server.rpc.timeout.max)
2023-10-31 16:06:26,104 [s0@group-2B29C9DA22C2-StateMachineUpdater] INFO  impl.SimpleStateMachine4Testing (SimpleStateMachine4Testing.java:applyTransaction(248)) - applyTransaction for log index 1
2023-10-31 16:06:26,104 [s0@group-2B29C9DA22C2-StateMachineUpdater] INFO  impl.SimpleStateMachine4Testing (SimpleStateMachine4Testing.java:put(205)) - s0: put 1, m0 -> (t:1, i:1), STATEMACHINELOGENTRY, 51@client-F1F1711CE4C8
2023-10-31 16:06:26,106 [s0@group-2B29C9DA22C2-StateMachineUpdater] INFO  impl.SimpleStateMachine4Testing (SimpleStateMachine4Testing.java:applyTransaction(248)) - applyTransaction for log index 3
2023-10-31 16:06:26,106 [s0@group-2B29C9DA22C2-StateMachineUpdater] INFO  impl.SimpleStateMachine4Testing (SimpleStateMachine4Testing.java:put(205)) - s0: put 3, m1 -> (t:1, i:3), STATEMACHINELOGENTRY, 52@client-F1F1711CE4C8
2023-10-31 16:06:26,106 [s0@group-2B29C9DA22C2-StateMachineUpdater] INFO  impl.SimpleStateMachine4Testing (SimpleStateMachine4Testing.java:applyTransaction(248)) - applyTransaction for log index 5
2023-10-31 16:06:26,106 [s0@group-2B29C9DA22C2-StateMachineUpdater] INFO  impl.SimpleStateMachine4Testing (SimpleStateMachine4Testing.java:put(205)) - s0: put 5, m2 -> (t:1, i:5), STATEMACHINELOGENTRY, 53@client-F1F1711CE4C8
2023-10-31 16:06:26,106 [s0@group-2B29C9DA22C2-StateMachineUpdater] INFO  impl.SimpleStateMachine4Testing (SimpleStateMachine4Testing.java:applyTransaction(248)) - applyTransaction for log index 7
2023-10-31 16:06:26,106 [s0@group-2B29C9DA22C2-StateMachineUpdater] INFO  impl.SimpleStateMachine4Testing (SimpleStateMachine4Testing.java:put(205)) - s0: put 7, m3 -> (t:1, i:7), STATEMACHINELOGENTRY, 54@client-F1F1711CE4C8
2023-10-31 16:06:26,107 [s0@group-2B29C9DA22C2-StateMachineUpdater] INFO  impl.SimpleStateMachine4Testing (SimpleStateMachine4Testing.java:applyTransaction(248)) - applyTransaction for log index 9
2023-10-31 16:06:26,107 [s0@group-2B29C9DA22C2-StateMachineUpdater] INFO  impl.SimpleStateMachine4Testing (SimpleStateMachine4Testing.java:put(205)) - s0: put 9, m4 -> (t:1, i:9), STATEMACHINELOGENTRY, 55@client-F1F1711CE4C8
2023-10-31 16:06:26,107 [s0@group-2B29C9DA22C2-StateMachineUpdater] INFO  impl.SimpleStateMachine4Testing (SimpleStateMachine4Testing.java:applyTransaction(248)) - applyTransaction for log index 11
2023-10-31 16:06:26,107 [s0@group-2B29C9DA22C2-StateMachineUpdater] INFO  impl.SimpleStateMachine4Testing (SimpleStateMachine4Testing.java:put(205)) - s0: put 11, m5 -> (t:1, i:11), STATEMACHINELOGENTRY, 56@client-F1F1711CE4C8
2023-10-31 16:06:26,107 [s0@group-2B29C9DA22C2-StateMachineUpdater] INFO  impl.SimpleStateMachine4Testing (SimpleStateMachine4Testing.java:applyTransaction(248)) - applyTransaction for log index 13
2023-10-31 16:06:26,107 [s0@group-2B29C9DA22C2-StateMachineUpdater] INFO  impl.SimpleStateMachine4Testing (SimpleStateMachine4Testing.java:put(205)) - s0: put 13, m6 -> (t:1, i:13), STATEMACHINELOGENTRY, 57@client-F1F1711CE4C8
2023-10-31 16:06:26,108 [s0@group-2B29C9DA22C2-StateMachineUpdater] INFO  impl.SimpleStateMachine4Testing (SimpleStateMachine4Testing.java:applyTransaction(248)) - applyTransaction for log index 15
2023-10-31 16:06:26,108 [s0@group-2B29C9DA22C2-StateMachineUpdater] INFO  impl.SimpleStateMachine4Testing (SimpleStateMachine4Testing.java:put(205)) - s0: put 15, m7 -> (t:1, i:15), STATEMACHINELOGENTRY, 58@client-F1F1711CE4C8
2023-10-31 16:06:26,106 [Time-limited test] INFO  server.RaftServer (RaftServerProxy.java:startImpl(406)) - s0: start RPC server
2023-10-31 16:06:26,108 [s0@group-2B29C9DA22C2-StateMachineUpdater] INFO  impl.SimpleStateMachine4Testing (SimpleStateMachine4Testing.java:applyTransaction(248)) - applyTransaction for log index 17
2023-10-31 16:06:26,108 [s0@group-2B29C9DA22C2-StateMachineUpdater] INFO  impl.SimpleStateMachine4Testing (SimpleStateMachine4Testing.java:put(205)) - s0: put 17, m8 -> (t:1, i:17), STATEMACHINELOGENTRY, 59@client-F1F1711CE4C8
2023-10-31 16:06:26,108 [s0@group-2B29C9DA22C2-StateMachineUpdater] INFO  impl.SimpleStateMachine4Testing (SimpleStateMachine4Testing.java:applyTransaction(248)) - applyTransaction for log index 19
2023-10-31 16:06:26,108 [s0@group-2B29C9DA22C2-StateMachineUpdater] INFO  impl.SimpleStateMachine4Testing (SimpleStateMachine4Testing.java:put(205)) - s0: put 19, m9 -> (t:1, i:19), STATEMACHINELOGENTRY, 60@client-F1F1711CE4C8
2023-10-31 16:06:26,109 [s0@group-2B29C9DA22C2-StateMachineUpdater] INFO  impl.SimpleStateMachine4Testing (SimpleStateMachine4Testing.java:applyTransaction(248)) - applyTransaction for log index 21
2023-10-31 16:06:26,109 [s0@group-2B29C9DA22C2-StateMachineUpdater] INFO  impl.SimpleStateMachine4Testing (SimpleStateMachine4Testing.java:put(205)) - s0: put 21, m10 -> (t:1, i:21), STATEMACHINELOGENTRY, 61@client-F1F1711CE4C8
2023-10-31 16:06:26,109 [s0@group-2B29C9DA22C2-StateMachineUpdater] INFO  impl.SimpleStateMachine4Testing (SimpleStateMachine4Testing.java:applyTransaction(248)) - applyTransaction for log index 23
2023-10-31 16:06:26,109 [s0@group-2B29C9DA22C2-StateMachineUpdater] INFO  impl.SimpleStateMachine4Testing (SimpleStateMachine4Testing.java:put(205)) - s0: put 23, m11 -> (t:1, i:23), STATEMACHINELOGENTRY, 62@client-F1F1711CE4C8
2023-10-31 16:06:26,109 [s0@group-2B29C9DA22C2-StateMachineUpdater] INFO  impl.SimpleStateMachine4Testing (SimpleStateMachine4Testing.java:applyTransaction(248)) - applyTransaction for log index 25
2023-10-31 16:06:26,109 [s0@group-2B29C9DA22C2-StateMachineUpdater] INFO  impl.SimpleStateMachine4Testing (SimpleStateMachine4Testing.java:put(205)) - s0: put 25, m12 -> (t:1, i:25), STATEMACHINELOGENTRY, 63@client-F1F1711CE4C8
2023-10-31 16:06:26,110 [s0@group-2B29C9DA22C2-StateMachineUpdater] INFO  impl.SimpleStateMachine4Testing (SimpleStateMachine4Testing.java:applyTransaction(248)) - applyTransaction for log index 27
2023-10-31 16:06:26,110 [s0@group-2B29C9DA22C2-StateMachineUpdater] INFO  impl.SimpleStateMachine4Testing (SimpleStateMachine4Testing.java:put(205)) - s0: put 27, m13 -> (t:1, i:27), STATEMACHINELOGENTRY, 64@client-F1F1711CE4C8
2023-10-31 16:06:26,110 [s0@group-2B29C9DA22C2-StateMachineUpdater] INFO  impl.SimpleStateMachine4Testing (SimpleStateMachine4Testing.java:applyTransaction(248)) - applyTransaction for log index 29
2023-10-31 16:06:26,110 [s0@group-2B29C9DA22C2-StateMachineUpdater] INFO  impl.SimpleStateMachine4Testing (SimpleStateMachine4Testing.java:put(205)) - s0: put 29, m14 -> (t:1, i:29), STATEMACHINELOGENTRY, 65@client-F1F1711CE4C8
2023-10-31 16:06:26,111 [s0@group-2B29C9DA22C2-StateMachineUpdater] INFO  impl.SimpleStateMachine4Testing (SimpleStateMachine4Testing.java:applyTransaction(248)) - applyTransaction for log index 31
2023-10-31 16:06:26,111 [s0@group-2B29C9DA22C2-StateMachineUpdater] INFO  impl.SimpleStateMachine4Testing (SimpleStateMachine4Testing.java:put(205)) - s0: put 31, m15 -> (t:1, i:31), STATEMACHINELOGENTRY, 66@client-F1F1711CE4C8
2023-10-31 16:06:26,111 [s0@group-2B29C9DA22C2-StateMachineUpdater] INFO  impl.SimpleStateMachine4Testing (SimpleStateMachine4Testing.java:applyTransaction(248)) - applyTransaction for log index 33
2023-10-31 16:06:26,111 [s0@group-2B29C9DA22C2-StateMachineUpdater] INFO  impl.SimpleStateMachine4Testing (SimpleStateMachine4Testing.java:put(205)) - s0: put 33, m16 -> (t:1, i:33), STATEMACHINELOGENTRY, 67@client-F1F1711CE4C8
2023-10-31 16:06:26,111 [s0@group-2B29C9DA22C2-StateMachineUpdater] INFO  impl.SimpleStateMachine4Testing (SimpleStateMachine4Testing.java:applyTransaction(248)) - applyTransaction for log index 35
2023-10-31 16:06:26,111 [s0@group-2B29C9DA22C2-StateMachineUpdater] INFO  impl.SimpleStateMachine4Testing (SimpleStateMachine4Testing.java:put(205)) - s0: put 35, m17 -> (t:1, i:35), STATEMACHINELOGENTRY, 68@client-F1F1711CE4C8
2023-10-31 16:06:26,111 [s0@group-2B29C9DA22C2-StateMachineUpdater] INFO  impl.SimpleStateMachine4Testing (SimpleStateMachine4Testing.java:applyTransaction(248)) - applyTransaction for log index 37
2023-10-31 16:06:26,111 [s0@group-2B29C9DA22C2-StateMachineUpdater] INFO  impl.SimpleStateMachine4Testing (SimpleStateMachine4Testing.java:put(205)) - s0: put 37, m18 -> (t:1, i:37), STATEMACHINELOGENTRY, 69@client-F1F1711CE4C8
2023-10-31 16:06:26,112 [s0@group-2B29C9DA22C2-StateMachineUpdater] INFO  impl.SimpleStateMachine4Testing (SimpleStateMachine4Testing.java:applyTransaction(248)) - applyTransaction for log index 39
2023-10-31 16:06:26,112 [s0@group-2B29C9DA22C2-StateMachineUpdater] INFO  impl.SimpleStateMachine4Testing (SimpleStateMachine4Testing.java:put(205)) - s0: put 39, m19 -> (t:1, i:39), STATEMACHINELOGENTRY, 70@client-F1F1711CE4C8
2023-10-31 16:06:26,112 [s0@group-2B29C9DA22C2-StateMachineUpdater] INFO  impl.SimpleStateMachine4Testing (SimpleStateMachine4Testing.java:applyTransaction(248)) - applyTransaction for log index 41
2023-10-31 16:06:26,112 [s0@group-2B29C9DA22C2-StateMachineUpdater] INFO  impl.SimpleStateMachine4Testing (SimpleStateMachine4Testing.java:put(205)) - s0: put 41, m20 -> (t:1, i:41), STATEMACHINELOGENTRY, 71@client-F1F1711CE4C8
2023-10-31 16:06:26,112 [s0@group-2B29C9DA22C2-StateMachineUpdater] INFO  impl.SimpleStateMachine4Testing (SimpleStateMachine4Testing.java:applyTransaction(248)) - applyTransaction for log index 43
2023-10-31 16:06:26,112 [s0@group-2B29C9DA22C2-StateMachineUpdater] INFO  impl.SimpleStateMachine4Testing (SimpleStateMachine4Testing.java:put(205)) - s0: put 43, m21 -> (t:1, i:43), STATEMACHINELOGENTRY, 72@client-F1F1711CE4C8
2023-10-31 16:06:26,113 [s0@group-2B29C9DA22C2-StateMachineUpdater] INFO  impl.SimpleStateMachine4Testing (SimpleStateMachine4Testing.java:applyTransaction(248)) - applyTransaction for log index 45
2023-10-31 16:06:26,113 [s0@group-2B29C9DA22C2-StateMachineUpdater] INFO  impl.SimpleStateMachine4Testing (SimpleStateMachine4Testing.java:put(205)) - s0: put 45, m22 -> (t:1, i:45), STATEMACHINELOGENTRY, 73@client-F1F1711CE4C8
2023-10-31 16:06:26,113 [s0@group-2B29C9DA22C2-StateMachineUpdater] INFO  impl.SimpleStateMachine4Testing (SimpleStateMachine4Testing.java:applyTransaction(248)) - applyTransaction for log index 47
2023-10-31 16:06:26,113 [s0@group-2B29C9DA22C2-StateMachineUpdater] INFO  impl.SimpleStateMachine4Testing (SimpleStateMachine4Testing.java:put(205)) - s0: put 47, m23 -> (t:1, i:47), STATEMACHINELOGENTRY, 74@client-F1F1711CE4C8
2023-10-31 16:06:26,113 [s0@group-2B29C9DA22C2-StateMachineUpdater] INFO  impl.SimpleStateMachine4Testing (SimpleStateMachine4Testing.java:applyTransaction(248)) - applyTransaction for log index 49
2023-10-31 16:06:26,113 [s0@group-2B29C9DA22C2-StateMachineUpdater] INFO  impl.SimpleStateMachine4Testing (SimpleStateMachine4Testing.java:put(205)) - s0: put 49, m24 -> (t:1, i:49), STATEMACHINELOGENTRY, 75@client-F1F1711CE4C8
2023-10-31 16:06:26,114 [s0@group-2B29C9DA22C2-StateMachineUpdater] INFO  impl.SimpleStateMachine4Testing (SimpleStateMachine4Testing.java:applyTransaction(248)) - applyTransaction for log index 51
2023-10-31 16:06:26,114 [s0@group-2B29C9DA22C2-StateMachineUpdater] INFO  impl.SimpleStateMachine4Testing (SimpleStateMachine4Testing.java:put(205)) - s0: put 51, m25 -> (t:1, i:51), STATEMACHINELOGENTRY, 76@client-F1F1711CE4C8
2023-10-31 16:06:26,114 [s0@group-2B29C9DA22C2-StateMachineUpdater] INFO  impl.SimpleStateMachine4Testing (SimpleStateMachine4Testing.java:applyTransaction(248)) - applyTransaction for log index 53
2023-10-31 16:06:26,114 [s0@group-2B29C9DA22C2-StateMachineUpdater] INFO  impl.SimpleStateMachine4Testing (SimpleStateMachine4Testing.java:put(205)) - s0: put 53, m26 -> (t:1, i:53), STATEMACHINELOGENTRY, 77@client-F1F1711CE4C8
2023-10-31 16:06:26,114 [s0@group-2B29C9DA22C2-StateMachineUpdater] INFO  impl.SimpleStateMachine4Testing (SimpleStateMachine4Testing.java:applyTransaction(248)) - applyTransaction for log index 55
2023-10-31 16:06:26,114 [s0@group-2B29C9DA22C2-StateMachineUpdater] INFO  impl.SimpleStateMachine4Testing (SimpleStateMachine4Testing.java:put(205)) - s0: put 55, m27 -> (t:1, i:55), STATEMACHINELOGENTRY, 78@client-F1F1711CE4C8
2023-10-31 16:06:26,114 [s0@group-2B29C9DA22C2-StateMachineUpdater] INFO  impl.SimpleStateMachine4Testing (SimpleStateMachine4Testing.java:applyTransaction(248)) - applyTransaction for log index 57
2023-10-31 16:06:26,115 [s0@group-2B29C9DA22C2-StateMachineUpdater] INFO  impl.SimpleStateMachine4Testing (SimpleStateMachine4Testing.java:put(205)) - s0: put 57, m28 -> (t:1, i:57), STATEMACHINELOGENTRY, 79@client-F1F1711CE4C8
2023-10-31 16:06:26,115 [s0@group-2B29C9DA22C2-StateMachineUpdater] INFO  impl.SimpleStateMachine4Testing (SimpleStateMachine4Testing.java:applyTransaction(248)) - applyTransaction for log index 59
2023-10-31 16:06:26,115 [s0@group-2B29C9DA22C2-StateMachineUpdater] INFO  impl.SimpleStateMachine4Testing (SimpleStateMachine4Testing.java:put(205)) - s0: put 59, m29 -> (t:1, i:59), STATEMACHINELOGENTRY, 80@client-F1F1711CE4C8
2023-10-31 16:06:26,115 [s0@group-2B29C9DA22C2-StateMachineUpdater] INFO  impl.SimpleStateMachine4Testing (SimpleStateMachine4Testing.java:applyTransaction(248)) - applyTransaction for log index 61
2023-10-31 16:06:26,115 [s0@group-2B29C9DA22C2-StateMachineUpdater] INFO  impl.SimpleStateMachine4Testing (SimpleStateMachine4Testing.java:put(205)) - s0: put 61, m30 -> (t:1, i:61), STATEMACHINELOGENTRY, 81@client-F1F1711CE4C8
2023-10-31 16:06:26,116 [s0@group-2B29C9DA22C2-StateMachineUpdater] INFO  impl.SimpleStateMachine4Testing (SimpleStateMachine4Testing.java:applyTransaction(248)) - applyTransaction for log index 63
2023-10-31 16:06:26,116 [s0@group-2B29C9DA22C2-StateMachineUpdater] INFO  impl.SimpleStateMachine4Testing (SimpleStateMachine4Testing.java:put(205)) - s0: put 63, m31 -> (t:1, i:63), STATEMACHINELOGENTRY, 82@client-F1F1711CE4C8
2023-10-31 16:06:26,116 [s0@group-2B29C9DA22C2-StateMachineUpdater] INFO  impl.SimpleStateMachine4Testing (SimpleStateMachine4Testing.java:applyTransaction(248)) - applyTransaction for log index 65
2023-10-31 16:06:26,116 [s0@group-2B29C9DA22C2-StateMachineUpdater] INFO  impl.SimpleStateMachine4Testing (SimpleStateMachine4Testing.java:put(205)) - s0: put 65, m32 -> (t:1, i:65), STATEMACHINELOGENTRY, 83@client-F1F1711CE4C8
2023-10-31 16:06:26,116 [s0@group-2B29C9DA22C2-StateMachineUpdater] INFO  impl.SimpleStateMachine4Testing (SimpleStateMachine4Testing.java:applyTransaction(248)) - applyTransaction for log index 67
2023-10-31 16:06:26,116 [s0@group-2B29C9DA22C2-StateMachineUpdater] INFO  impl.SimpleStateMachine4Testing (SimpleStateMachine4Testing.java:put(205)) - s0: put 67, m33 -> (t:1, i:67), STATEMACHINELOGENTRY, 84@client-F1F1711CE4C8
2023-10-31 16:06:26,117 [s0@group-2B29C9DA22C2-StateMachineUpdater] INFO  impl.SimpleStateMachine4Testing (SimpleStateMachine4Testing.java:applyTransaction(248)) - applyTransaction for log index 69
2023-10-31 16:06:26,117 [s0@group-2B29C9DA22C2-StateMachineUpdater] INFO  impl.SimpleStateMachine4Testing (SimpleStateMachine4Testing.java:put(205)) - s0: put 69, m34 -> (t:1, i:69), STATEMACHINELOGENTRY, 85@client-F1F1711CE4C8
2023-10-31 16:06:26,117 [s0@group-2B29C9DA22C2-StateMachineUpdater] INFO  impl.SimpleStateMachine4Testing (SimpleStateMachine4Testing.java:applyTransaction(248)) - applyTransaction for log index 71
2023-10-31 16:06:26,117 [s0@group-2B29C9DA22C2-StateMachineUpdater] INFO  impl.SimpleStateMachine4Testing (SimpleStateMachine4Testing.java:put(205)) - s0: put 71, m35 -> (t:1, i:71), STATEMACHINELOGENTRY, 86@client-F1F1711CE4C8
2023-10-31 16:06:26,117 [s0@group-2B29C9DA22C2-StateMachineUpdater] INFO  impl.SimpleStateMachine4Testing (SimpleStateMachine4Testing.java:applyTransaction(248)) - applyTransaction for log index 73
2023-10-31 16:06:26,117 [s0@group-2B29C9DA22C2-StateMachineUpdater] INFO  impl.SimpleStateMachine4Testing (SimpleStateMachine4Testing.java:put(205)) - s0: put 73, m36 -> (t:1, i:73), STATEMACHINELOGENTRY, 87@client-F1F1711CE4C8
2023-10-31 16:06:26,117 [s0@group-2B29C9DA22C2-StateMachineUpdater] INFO  impl.SimpleStateMachine4Testing (SimpleStateMachine4Testing.java:applyTransaction(248)) - applyTransaction for log index 75
2023-10-31 16:06:26,118 [s0@group-2B29C9DA22C2-StateMachineUpdater] INFO  impl.SimpleStateMachine4Testing (SimpleStateMachine4Testing.java:put(205)) - s0: put 75, m37 -> (t:1, i:75), STATEMACHINELOGENTRY, 88@client-F1F1711CE4C8
2023-10-31 16:06:26,118 [s0@group-2B29C9DA22C2-StateMachineUpdater] INFO  impl.SimpleStateMachine4Testing (SimpleStateMachine4Testing.java:applyTransaction(248)) - applyTransaction for log index 77
2023-10-31 16:06:26,118 [s0@group-2B29C9DA22C2-StateMachineUpdater] INFO  impl.SimpleStateMachine4Testing (SimpleStateMachine4Testing.java:put(205)) - s0: put 77, m38 -> (t:1, i:77), STATEMACHINELOGENTRY, 89@client-F1F1711CE4C8
2023-10-31 16:06:26,118 [s0@group-2B29C9DA22C2-StateMachineUpdater] INFO  impl.SimpleStateMachine4Testing (SimpleStateMachine4Testing.java:applyTransaction(248)) - applyTransaction for log index 79
2023-10-31 16:06:26,118 [s0@group-2B29C9DA22C2-StateMachineUpdater] INFO  impl.SimpleStateMachine4Testing (SimpleStateMachine4Testing.java:put(205)) - s0: put 79, m39 -> (t:1, i:79), STATEMACHINELOGENTRY, 90@client-F1F1711CE4C8
2023-10-31 16:06:26,119 [s0@group-2B29C9DA22C2-StateMachineUpdater] INFO  impl.SimpleStateMachine4Testing (SimpleStateMachine4Testing.java:applyTransaction(248)) - applyTransaction for log index 81
2023-10-31 16:06:26,119 [s0@group-2B29C9DA22C2-StateMachineUpdater] INFO  impl.SimpleStateMachine4Testing (SimpleStateMachine4Testing.java:put(205)) - s0: put 81, m40 -> (t:1, i:81), STATEMACHINELOGENTRY, 91@client-F1F1711CE4C8
2023-10-31 16:06:26,119 [s0@group-2B29C9DA22C2-StateMachineUpdater] INFO  impl.SimpleStateMachine4Testing (SimpleStateMachine4Testing.java:applyTransaction(248)) - applyTransaction for log index 83
2023-10-31 16:06:26,119 [s0@group-2B29C9DA22C2-StateMachineUpdater] INFO  impl.SimpleStateMachine4Testing (SimpleStateMachine4Testing.java:put(205)) - s0: put 83, m41 -> (t:1, i:83), STATEMACHINELOGENTRY, 92@client-F1F1711CE4C8
2023-10-31 16:06:26,119 [s0@group-2B29C9DA22C2-StateMachineUpdater] INFO  impl.SimpleStateMachine4Testing (SimpleStateMachine4Testing.java:applyTransaction(248)) - applyTransaction for log index 85
2023-10-31 16:06:26,119 [s0@group-2B29C9DA22C2-StateMachineUpdater] INFO  impl.SimpleStateMachine4Testing (SimpleStateMachine4Testing.java:put(205)) - s0: put 85, m42 -> (t:1, i:85), STATEMACHINELOGENTRY, 93@client-F1F1711CE4C8
2023-10-31 16:06:26,119 [s0@group-2B29C9DA22C2-StateMachineUpdater] INFO  impl.SimpleStateMachine4Testing (SimpleStateMachine4Testing.java:applyTransaction(248)) - applyTransaction for log index 87
2023-10-31 16:06:26,119 [s0@group-2B29C9DA22C2-StateMachineUpdater] INFO  impl.SimpleStateMachine4Testing (SimpleStateMachine4Testing.java:put(205)) - s0: put 87, m43 -> (t:1, i:87), STATEMACHINELOGENTRY, 94@client-F1F1711CE4C8
2023-10-31 16:06:26,120 [s0@group-2B29C9DA22C2-StateMachineUpdater] INFO  impl.SimpleStateMachine4Testing (SimpleStateMachine4Testing.java:applyTransaction(248)) - applyTransaction for log index 89
2023-10-31 16:06:26,120 [s0@group-2B29C9DA22C2-StateMachineUpdater] INFO  impl.SimpleStateMachine4Testing (SimpleStateMachine4Testing.java:put(205)) - s0: put 89, m44 -> (t:1, i:89), STATEMACHINELOGENTRY, 95@client-F1F1711CE4C8
2023-10-31 16:06:26,120 [s0@group-2B29C9DA22C2-StateMachineUpdater] INFO  impl.SimpleStateMachine4Testing (SimpleStateMachine4Testing.java:applyTransaction(248)) - applyTransaction for log index 91
2023-10-31 16:06:26,120 [s0@group-2B29C9DA22C2-StateMachineUpdater] INFO  impl.SimpleStateMachine4Testing (SimpleStateMachine4Testing.java:put(205)) - s0: put 91, m45 -> (t:1, i:91), STATEMACHINELOGENTRY, 96@client-F1F1711CE4C8
2023-10-31 16:06:26,120 [s0@group-2B29C9DA22C2-StateMachineUpdater] INFO  impl.SimpleStateMachine4Testing (SimpleStateMachine4Testing.java:applyTransaction(248)) - applyTransaction for log index 93
2023-10-31 16:06:26,120 [s0@group-2B29C9DA22C2-StateMachineUpdater] INFO  impl.SimpleStateMachine4Testing (SimpleStateMachine4Testing.java:put(205)) - s0: put 93, m46 -> (t:1, i:93), STATEMACHINELOGENTRY, 97@client-F1F1711CE4C8
2023-10-31 16:06:26,120 [s0@group-2B29C9DA22C2-StateMachineUpdater] INFO  impl.SimpleStateMachine4Testing (SimpleStateMachine4Testing.java:applyTransaction(248)) - applyTransaction for log index 95
2023-10-31 16:06:26,121 [s0@group-2B29C9DA22C2-StateMachineUpdater] INFO  impl.SimpleStateMachine4Testing (SimpleStateMachine4Testing.java:put(205)) - s0: put 95, m47 -> (t:1, i:95), STATEMACHINELOGENTRY, 98@client-F1F1711CE4C8
2023-10-31 16:06:26,121 [s0@group-2B29C9DA22C2-StateMachineUpdater] INFO  impl.SimpleStateMachine4Testing (SimpleStateMachine4Testing.java:applyTransaction(248)) - applyTransaction for log index 97
2023-10-31 16:06:26,121 [s0@group-2B29C9DA22C2-StateMachineUpdater] INFO  impl.SimpleStateMachine4Testing (SimpleStateMachine4Testing.java:put(205)) - s0: put 97, m48 -> (t:1, i:97), STATEMACHINELOGENTRY, 99@client-F1F1711CE4C8
2023-10-31 16:06:26,121 [s0@group-2B29C9DA22C2-StateMachineUpdater] INFO  impl.SimpleStateMachine4Testing (SimpleStateMachine4Testing.java:applyTransaction(248)) - applyTransaction for log index 99
2023-10-31 16:06:26,121 [s0@group-2B29C9DA22C2-StateMachineUpdater] INFO  impl.SimpleStateMachine4Testing (SimpleStateMachine4Testing.java:put(205)) - s0: put 99, m49 -> (t:1, i:99), STATEMACHINELOGENTRY, 100@client-F1F1711CE4C8
2023-10-31 16:06:26,121 [s0@group-2B29C9DA22C2-StateMachineUpdater] INFO  impl.SimpleStateMachine4Testing (SimpleStateMachine4Testing.java:applyTransaction(248)) - applyTransaction for log index 101
2023-10-31 16:06:26,121 [s0@group-2B29C9DA22C2-StateMachineUpdater] INFO  impl.SimpleStateMachine4Testing (SimpleStateMachine4Testing.java:put(205)) - s0: put 101, m50 -> (t:1, i:101), STATEMACHINELOGENTRY, 101@client-F1F1711CE4C8
2023-10-31 16:06:26,122 [s0@group-2B29C9DA22C2-StateMachineUpdater] INFO  impl.SimpleStateMachine4Testing (SimpleStateMachine4Testing.java:applyTransaction(248)) - applyTransaction for log index 103
2023-10-31 16:06:26,122 [s0@group-2B29C9DA22C2-StateMachineUpdater] INFO  impl.SimpleStateMachine4Testing (SimpleStateMachine4Testing.java:put(205)) - s0: put 103, m51 -> (t:1, i:103), STATEMACHINELOGENTRY, 102@client-F1F1711CE4C8
2023-10-31 16:06:26,122 [s0@group-2B29C9DA22C2-StateMachineUpdater] INFO  impl.SimpleStateMachine4Testing (SimpleStateMachine4Testing.java:applyTransaction(248)) - applyTransaction for log index 105
2023-10-31 16:06:26,122 [s0@group-2B29C9DA22C2-StateMachineUpdater] INFO  impl.SimpleStateMachine4Testing (SimpleStateMachine4Testing.java:put(205)) - s0: put 105, m52 -> (t:1, i:105), STATEMACHINELOGENTRY, 103@client-F1F1711CE4C8
2023-10-31 16:06:26,122 [s0@group-2B29C9DA22C2-StateMachineUpdater] INFO  impl.SimpleStateMachine4Testing (SimpleStateMachine4Testing.java:applyTransaction(248)) - applyTransaction for log index 107
2023-10-31 16:06:26,122 [s0@group-2B29C9DA22C2-StateMachineUpdater] INFO  impl.SimpleStateMachine4Testing (SimpleStateMachine4Testing.java:put(205)) - s0: put 107, m53 -> (t:1, i:107), STATEMACHINELOGENTRY, 104@client-F1F1711CE4C8
2023-10-31 16:06:26,122 [s0@group-2B29C9DA22C2-StateMachineUpdater] INFO  impl.SimpleStateMachine4Testing (SimpleStateMachine4Testing.java:applyTransaction(248)) - applyTransaction for log index 109
2023-10-31 16:06:26,123 [s0@group-2B29C9DA22C2-StateMachineUpdater] INFO  impl.SimpleStateMachine4Testing (SimpleStateMachine4Testing.java:put(205)) - s0: put 109, m54 -> (t:1, i:109), STATEMACHINELOGENTRY, 105@client-F1F1711CE4C8
2023-10-31 16:06:26,123 [s0@group-2B29C9DA22C2-StateMachineUpdater] INFO  impl.SimpleStateMachine4Testing (SimpleStateMachine4Testing.java:applyTransaction(248)) - applyTransaction for log index 111
2023-10-31 16:06:26,123 [s0@group-2B29C9DA22C2-StateMachineUpdater] INFO  impl.SimpleStateMachine4Testing (SimpleStateMachine4Testing.java:put(205)) - s0: put 111, m55 -> (t:1, i:111), STATEMACHINELOGENTRY, 106@client-F1F1711CE4C8
2023-10-31 16:06:26,123 [s0@group-2B29C9DA22C2-StateMachineUpdater] INFO  impl.SimpleStateMachine4Testing (SimpleStateMachine4Testing.java:applyTransaction(248)) - applyTransaction for log index 113
2023-10-31 16:06:26,123 [s0@group-2B29C9DA22C2-StateMachineUpdater] INFO  impl.SimpleStateMachine4Testing (SimpleStateMachine4Testing.java:put(205)) - s0: put 113, m56 -> (t:1, i:113), STATEMACHINELOGENTRY, 107@client-F1F1711CE4C8
2023-10-31 16:06:26,123 [s0@group-2B29C9DA22C2-StateMachineUpdater] INFO  impl.SimpleStateMachine4Testing (SimpleStateMachine4Testing.java:applyTransaction(248)) - applyTransaction for log index 115
2023-10-31 16:06:26,123 [s0@group-2B29C9DA22C2-StateMachineUpdater] INFO  impl.SimpleStateMachine4Testing (SimpleStateMachine4Testing.java:put(205)) - s0: put 115, m57 -> (t:1, i:115), STATEMACHINELOGENTRY, 108@client-F1F1711CE4C8
2023-10-31 16:06:26,124 [s0@group-2B29C9DA22C2-StateMachineUpdater] INFO  impl.SimpleStateMachine4Testing (SimpleStateMachine4Testing.java:applyTransaction(248)) - applyTransaction for log index 117
2023-10-31 16:06:26,124 [s0@group-2B29C9DA22C2-StateMachineUpdater] INFO  impl.SimpleStateMachine4Testing (SimpleStateMachine4Testing.java:put(205)) - s0: put 117, m58 -> (t:1, i:117), STATEMACHINELOGENTRY, 109@client-F1F1711CE4C8
2023-10-31 16:06:26,124 [s0@group-2B29C9DA22C2-StateMachineUpdater] INFO  impl.SimpleStateMachine4Testing (SimpleStateMachine4Testing.java:applyTransaction(248)) - applyTransaction for log index 119
2023-10-31 16:06:26,124 [s0@group-2B29C9DA22C2-StateMachineUpdater] INFO  impl.SimpleStateMachine4Testing (SimpleStateMachine4Testing.java:put(205)) - s0: put 119, m59 -> (t:1, i:119), STATEMACHINELOGENTRY, 110@client-F1F1711CE4C8
2023-10-31 16:06:26,124 [s0@group-2B29C9DA22C2-StateMachineUpdater] INFO  impl.SimpleStateMachine4Testing (SimpleStateMachine4Testing.java:applyTransaction(248)) - applyTransaction for log index 121
2023-10-31 16:06:26,124 [s0@group-2B29C9DA22C2-StateMachineUpdater] INFO  impl.SimpleStateMachine4Testing (SimpleStateMachine4Testing.java:put(205)) - s0: put 121, m60 -> (t:1, i:121), STATEMACHINELOGENTRY, 111@client-F1F1711CE4C8
2023-10-31 16:06:26,125 [s0@group-2B29C9DA22C2-StateMachineUpdater] INFO  impl.SimpleStateMachine4Testing (SimpleStateMachine4Testing.java:applyTransaction(248)) - applyTransaction for log index 123
2023-10-31 16:06:26,125 [s0@group-2B29C9DA22C2-StateMachineUpdater] INFO  impl.SimpleStateMachine4Testing (SimpleStateMachine4Testing.java:put(205)) - s0: put 123, m61 -> (t:1, i:123), STATEMACHINELOGENTRY, 112@client-F1F1711CE4C8
2023-10-31 16:06:26,125 [s0@group-2B29C9DA22C2-StateMachineUpdater] INFO  impl.SimpleStateMachine4Testing (SimpleStateMachine4Testing.java:applyTransaction(248)) - applyTransaction for log index 125
2023-10-31 16:06:26,125 [s0@group-2B29C9DA22C2-StateMachineUpdater] INFO  impl.SimpleStateMachine4Testing (SimpleStateMachine4Testing.java:put(205)) - s0: put 125, m62 -> (t:1, i:125), STATEMACHINELOGENTRY, 113@client-F1F1711CE4C8
2023-10-31 16:06:26,125 [s0@group-2B29C9DA22C2-StateMachineUpdater] INFO  impl.SimpleStateMachine4Testing (SimpleStateMachine4Testing.java:applyTransaction(248)) - applyTransaction for log index 127
2023-10-31 16:06:26,125 [s0@group-2B29C9DA22C2-StateMachineUpdater] INFO  impl.SimpleStateMachine4Testing (SimpleStateMachine4Testing.java:put(205)) - s0: put 127, m63 -> (t:1, i:127), STATEMACHINELOGENTRY, 114@client-F1F1711CE4C8
2023-10-31 16:06:26,125 [s0@group-2B29C9DA22C2-StateMachineUpdater] INFO  impl.SimpleStateMachine4Testing (SimpleStateMachine4Testing.java:applyTransaction(248)) - applyTransaction for log index 129
2023-10-31 16:06:26,125 [s0@group-2B29C9DA22C2-StateMachineUpdater] INFO  impl.SimpleStateMachine4Testing (SimpleStateMachine4Testing.java:put(205)) - s0: put 129, m64 -> (t:1, i:129), STATEMACHINELOGENTRY, 115@client-F1F1711CE4C8
2023-10-31 16:06:26,126 [s0@group-2B29C9DA22C2-StateMachineUpdater] INFO  impl.SimpleStateMachine4Testing (SimpleStateMachine4Testing.java:applyTransaction(248)) - applyTransaction for log index 131
2023-10-31 16:06:26,126 [s0@group-2B29C9DA22C2-StateMachineUpdater] INFO  impl.SimpleStateMachine4Testing (SimpleStateMachine4Testing.java:put(205)) - s0: put 131, m65 -> (t:1, i:131), STATEMACHINELOGENTRY, 116@client-F1F1711CE4C8
2023-10-31 16:06:26,131 [JvmPauseMonitor28] INFO  util.JvmPauseMonitor (JvmPauseMonitor.java:run(146)) - JvmPauseMonitor-s0: Started
2023-10-31 16:06:26,131 [Time-limited test] INFO  simulation.TestServerRestartWithSimulatedRpc (BaseTest.java:testFailureCase(151)) - run 'last-entry-not-found'
2023-10-31 16:06:26,369 [s0@group-2B29C9DA22C2-FollowerState] INFO  impl.FollowerState (FollowerState.java:run(143)) - s0@group-2B29C9DA22C2-FollowerState: change to CANDIDATE, lastRpcElapsedTime:267250818ns, electionTimeout:266ms
2023-10-31 16:06:26,369 [s0@group-2B29C9DA22C2-FollowerState] INFO  impl.RoleInfo (RoleInfo.java:shutdownFollowerState(109)) - s0: shutdown s0@group-2B29C9DA22C2-FollowerState
2023-10-31 16:06:26,370 [s0@group-2B29C9DA22C2-FollowerState] INFO  server.RaftServer$Division (RaftServerImpl.java:setRole(377)) - s0@group-2B29C9DA22C2: changes role from  FOLLOWER to CANDIDATE at term 1 for changeToCandidate
2023-10-31 16:06:26,370 [s0@group-2B29C9DA22C2-FollowerState] INFO  server.RaftServerConfigKeys (ConfUtils.java:logGet(46)) - raft.server.leaderelection.pre-vote = true (default)
2023-10-31 16:06:26,370 [s0@group-2B29C9DA22C2-FollowerState] INFO  impl.RoleInfo (RoleInfo.java:updateAndGet(138)) - s0: start s0@group-2B29C9DA22C2-LeaderElection6
2023-10-31 16:06:26,374 [s0@group-2B29C9DA22C2-LeaderElection6] INFO  impl.LeaderElection (LeaderElection.java:askForVotes(323)) - s0@group-2B29C9DA22C2-LeaderElection6 PRE_VOTE round 0: submit vote requests at term 1 for 0: peers:[s0|localhost:43411]|listeners:[], old=null
2023-10-31 16:06:26,374 [s0@group-2B29C9DA22C2-LeaderElection6] INFO  impl.LeaderElection (LeaderElection.java:askForVotes(325)) - s0@group-2B29C9DA22C2-LeaderElection6 PRE_VOTE round 0: result PASSED (term=1)
2023-10-31 16:06:26,374 [s0@group-2B29C9DA22C2-LeaderElection6] TRACE util.FileUtils (LogUtils.java:supplyAndLog(69)) - Successfully supplied FileChannel.open /home/runner/work/ratis/ratis/ratis-test/target/test/data/3084f93d/MiniRaftClusterWithSimulatedRpcf38a95bd/s0/60aaee91-0e77-4aa1-953c-2b29c9da22c2/current/raft-meta.tmp with options [CREATE, WRITE]: sun.nio.ch.FileChannelImpl@697b5c36
2023-10-31 16:06:26,377 [s0@group-2B29C9DA22C2-LeaderElection6] TRACE util.FileUtils (LogUtils.java:runAndLog(49)) - Successfully ran Atomic Files.move /home/runner/work/ratis/ratis/ratis-test/target/test/data/3084f93d/MiniRaftClusterWithSimulatedRpcf38a95bd/s0/60aaee91-0e77-4aa1-953c-2b29c9da22c2/current/raft-meta.tmp to /home/runner/work/ratis/ratis/ratis-test/target/test/data/3084f93d/MiniRaftClusterWithSimulatedRpcf38a95bd/s0/60aaee91-0e77-4aa1-953c-2b29c9da22c2/current/raft-meta with options [REPLACE_EXISTING]
2023-10-31 16:06:26,377 [s0@group-2B29C9DA22C2-LeaderElection6] INFO  impl.LeaderElection (LeaderElection.java:askForVotes(323)) - s0@group-2B29C9DA22C2-LeaderElection6 ELECTION round 0: submit vote requests at term 2 for 0: peers:[s0|localhost:43411]|listeners:[], old=null
2023-10-31 16:06:26,377 [s0@group-2B29C9DA22C2-LeaderElection6] INFO  impl.LeaderElection (LeaderElection.java:askForVotes(325)) - s0@group-2B29C9DA22C2-LeaderElection6 ELECTION round 0: result PASSED (term=2)
2023-10-31 16:06:26,377 [s0@group-2B29C9DA22C2-LeaderElection6] INFO  impl.RoleInfo (RoleInfo.java:shutdownLeaderElection(129)) - s0: shutdown s0@group-2B29C9DA22C2-LeaderElection6
2023-10-31 16:06:26,377 [s0@group-2B29C9DA22C2-LeaderElection6] INFO  server.RaftServer$Division (RaftServerImpl.java:setRole(377)) - s0@group-2B29C9DA22C2: changes role from CANDIDATE to LEADER at term 2 for changeToLeader
2023-10-31 16:06:26,377 [s0@group-2B29C9DA22C2-LeaderElection6] INFO  server.RaftServerConfigKeys (ConfUtils.java:logGet(46)) - raft.server.staging.catchup.gap = 1000 (default)
2023-10-31 16:06:26,377 [s0@group-2B29C9DA22C2-LeaderElection6] INFO  server.RaftServerConfigKeys (ConfUtils.java:logGet(46)) - raft.server.write.element-limit = 4096 (default)
2023-10-31 16:06:26,377 [s0@group-2B29C9DA22C2-LeaderElection6] INFO  server.RaftServerConfigKeys (ConfUtils.java:logGet(46)) - raft.server.write.byte-limit = 64MB (=67108864) (default)
2023-10-31 16:06:26,377 [s0@group-2B29C9DA22C2-LeaderElection6] INFO  server.RaftServerConfigKeys (ConfUtils.java:logGet(46)) - raft.server.watch.timeout = 10s (default)
2023-10-31 16:06:26,377 [s0@group-2B29C9DA22C2-LeaderElection6] INFO  server.RaftServerConfigKeys (ConfUtils.java:logGet(46)) - raft.server.watch.timeout.denomination = 1s (default)
2023-10-31 16:06:26,377 [s0@group-2B29C9DA22C2-LeaderElection6] INFO  server.RaftServerConfigKeys (ConfUtils.java:logGet(46)) - raft.server.watch.element-limit = 65536 (default)
2023-10-31 16:06:26,378 [s0@group-2B29C9DA22C2-LeaderElection6] INFO  server.RaftServerConfigKeys (ConfUtils.java:logGet(46)) - raft.server.read.leader.lease.enabled = false (default)
2023-10-31 16:06:26,378 [s0@group-2B29C9DA22C2-LeaderElection6] INFO  server.RaftServerConfigKeys (ConfUtils.java:logGet(46)) - raft.server.read.leader.lease.timeout.ratio = 0.9 (default)
2023-10-31 16:06:26,378 [s0@group-2B29C9DA22C2-LeaderElection6] INFO  server.RaftServerConfigKeys (ConfUtils.java:logGet(46)) - raft.server.rpc.timeout.min = 150ms (default)
2023-10-31 16:06:26,378 [s0@group-2B29C9DA22C2-LeaderElection6] INFO  server.RaftServerConfigKeys (ConfUtils.java:logGet(46)) - raft.server.write.element-limit = 4096 (default)
2023-10-31 16:06:26,378 [s0@group-2B29C9DA22C2-LeaderElection6] INFO  server.RaftServerConfigKeys (ConfUtils.java:logGet(46)) - raft.server.write.follower.gap.ratio.max = -1.0 (default)
2023-10-31 16:06:26,378 [s0@group-2B29C9DA22C2-LeaderElection6] INFO  impl.RoleInfo (RoleInfo.java:updateAndGet(138)) - s0: start s0@group-2B29C9DA22C2-LeaderStateImpl
2023-10-31 16:06:26,378 [s0@group-2B29C9DA22C2-LeaderElection6] INFO  server.RaftServer$Division (RaftServerImpl.java:setFirstElection(562)) - s0@group-2B29C9DA22C2: set firstElectionSinceStartup to false for becomeLeader
2023-10-31 16:06:26,378 [s0@group-2B29C9DA22C2-LeaderElection6] INFO  server.RaftServer$Division (ServerState.java:setLeader(265)) - s0@group-2B29C9DA22C2: change Leader from null to s0 at term 2 for becomeLeader, leader elected after 294ms
2023-10-31 16:06:26,378 [s0@group-2B29C9DA22C2-LeaderElection6] INFO  segmented.SegmentedRaftLogWorker (SegmentedRaftLogWorker.java:rollLogSegment(433)) - s0@group-2B29C9DA22C2-SegmentedRaftLogWorker: Rolling segment log-0_132 to index:132
2023-10-31 16:06:26,379 [s0@group-2B29C9DA22C2-SegmentedRaftLogWorker] TRACE util.FileUtils (LogUtils.java:runAndLog(49)) - Successfully ran Atomic Files.move /home/runner/work/ratis/ratis/ratis-test/target/test/data/3084f93d/MiniRaftClusterWithSimulatedRpcf38a95bd/s0/60aaee91-0e77-4aa1-953c-2b29c9da22c2/current/log_inprogress_0 to /home/runner/work/ratis/ratis/ratis-test/target/test/data/3084f93d/MiniRaftClusterWithSimulatedRpcf38a95bd/s0/60aaee91-0e77-4aa1-953c-2b29c9da22c2/current/log_0-132
2023-10-31 16:06:26,379 [s0@group-2B29C9DA22C2-SegmentedRaftLogWorker] INFO  segmented.SegmentedRaftLogWorker (SegmentedRaftLogWorker.java:execute(589)) - s0@group-2B29C9DA22C2-SegmentedRaftLogWorker: Rolled log segment from /home/runner/work/ratis/ratis/ratis-test/target/test/data/3084f93d/MiniRaftClusterWithSimulatedRpcf38a95bd/s0/60aaee91-0e77-4aa1-953c-2b29c9da22c2/current/log_inprogress_0 to /home/runner/work/ratis/ratis/ratis-test/target/test/data/3084f93d/MiniRaftClusterWithSimulatedRpcf38a95bd/s0/60aaee91-0e77-4aa1-953c-2b29c9da22c2/current/log_0-132
2023-10-31 16:06:26,379 [s0@group-2B29C9DA22C2-LeaderElection6] INFO  server.RaftServer$Division (ServerState.java:setRaftConf(382)) - s0@group-2B29C9DA22C2: set configuration 133: peers:[s0|localhost:43411]|listeners:[], old=null
2023-10-31 16:06:26,380 [s0@group-2B29C9DA22C2-SegmentedRaftLogWorker] INFO  segmented.SegmentedRaftLogWorker (SegmentedRaftLogWorker.java:execute(632)) - s0@group-2B29C9DA22C2-SegmentedRaftLogWorker: created new log segment /home/runner/work/ratis/ratis/ratis-test/target/test/data/3084f93d/MiniRaftClusterWithSimulatedRpcf38a95bd/s0/60aaee91-0e77-4aa1-953c-2b29c9da22c2/current/log_inprogress_133
2023-10-31 16:06:26,383 [s0@group-2B29C9DA22C2-StateMachineUpdater] INFO  server.RaftServer$Division (LeaderStateImpl.java:isApplied(308)) - leader is ready since appliedIndex == 133 >= startIndex == 133
2023-10-31 16:06:26,438 [s0-client-thread1] INFO  impl.SimpleStateMachine4Testing (SimpleStateMachine4Testing.java:query(331)) - query m99
2023-10-31 16:06:26,439 [Time-limited test] INFO  simulation.TestServerRestartWithSimulatedRpc (BaseTest.java:assertThrowable(133)) - The test "last-entry-not-found" throws StateMachineException
org.apache.ratis.protocol.exceptions.StateMachineException: Failed request m99
	at org.apache.ratis.statemachine.impl.SimpleStateMachine4Testing.query(SimpleStateMachine4Testing.java:341)
	at org.apache.ratis.server.impl.RaftServerImpl.queryStateMachine(RaftServerImpl.java:1079)
	at org.apache.ratis.server.impl.RaftServerImpl.readAsync(RaftServerImpl.java:1005)
	at org.apache.ratis.server.impl.RaftServerImpl.replyFuture(RaftServerImpl.java:910)
	at org.apache.ratis.server.impl.RaftServerImpl.submitClientRequestAsync(RaftServerImpl.java:894)
	at org.apache.ratis.server.impl.RaftServerImpl.lambda$executeSubmitClientRequestAsync$11(RaftServerImpl.java:883)
	at org.apache.ratis.util.JavaUtils.callAsUnchecked(JavaUtils.java:117)
	at org.apache.ratis.server.impl.RaftServerImpl.lambda$executeSubmitClientRequestAsync$12(RaftServerImpl.java:883)
	at java.base/java.util.concurrent.CompletableFuture$AsyncSupply.run(CompletableFuture.java:1700)
	at java.base/java.util.concurrent.ThreadPoolExecutor.runWorker(ThreadPoolExecutor.java:1128)
	at java.base/java.util.concurrent.ThreadPoolExecutor$Worker.run(ThreadPoolExecutor.java:628)
	at java.base/java.lang.Thread.run(Thread.java:829)
Caused by: java.lang.IndexOutOfBoundsException: s0: LogEntry not found for query m99
	at org.apache.ratis.statemachine.impl.SimpleStateMachine4Testing.query(SimpleStateMachine4Testing.java:336)
	... 11 more
2023-10-31 16:06:26,440 [Time-limited test] INFO  impl.MiniRaftCluster (MiniRaftCluster.java:shutdown(831)) - ************************************************************** 
2023-10-31 16:06:26,440 [Time-limited test] INFO  impl.MiniRaftCluster (MiniRaftCluster.java:shutdown(832)) - *** 
2023-10-31 16:06:26,440 [Time-limited test] INFO  impl.MiniRaftCluster (MiniRaftCluster.java:shutdown(833)) - ***     Stopping MiniRaftClusterWithSimulatedRpc
2023-10-31 16:06:26,440 [Time-limited test] INFO  impl.MiniRaftCluster (MiniRaftCluster.java:shutdown(834)) - *** 
2023-10-31 16:06:26,440 [Time-limited test] INFO  impl.MiniRaftCluster (MiniRaftCluster.java:shutdown(835)) - ************************************************************** 
2023-10-31 16:06:26,440 [Time-limited test] INFO  impl.MiniRaftCluster (MiniRaftCluster.java:shutdown(836)) - printing ALL groups
  s0:  RUNNING    LEADER s0@group-2B29C9DA22C2:t2, leader=s0, voted=s0, raftlog=Memoized:s0@group-2B29C9DA22C2-SegmentedRaftLog:OPENED:c134, conf=133: peers:[s0|localhost:43411]|listeners:[], old=null RUNNING
2023-10-31 16:06:26,440 [MiniRaftCluster-4] INFO  server.RaftServer (RaftServerProxy.java:lambda$close$9(416)) - s0: close
2023-10-31 16:06:26,440 [s0-impl-thread1] INFO  server.RaftServer$Division (RaftServerImpl.java:lambda$close$3(514)) - s0@group-2B29C9DA22C2: shutdown
2023-10-31 16:06:26,440 [HandlerDaemon-2] INFO  simulation.RequestHandler (RequestHandler.java:run(127)) - s0.clientHandler2 is interrupted by java.io.InterruptedIOException: 
2023-10-31 16:06:26,441 [s0-impl-thread1] INFO  util.JmxRegister (JmxRegister.java:unregister(73)) - Successfully un-registered JMX Bean with object name Ratis:service=RaftServer,group=group-2B29C9DA22C2,id=s0
2023-10-31 16:06:26,441 [s0-impl-thread1] INFO  impl.RoleInfo (RoleInfo.java:shutdownLeaderState(92)) - s0: shutdown s0@group-2B29C9DA22C2-LeaderStateImpl
2023-10-31 16:06:26,441 [s0-impl-thread1] INFO  impl.PendingRequests (PendingRequests.java:sendNotLeaderResponses(289)) - s0@group-2B29C9DA22C2-PendingRequests: sendNotLeaderResponses
2023-10-31 16:06:26,441 [HandlerDaemon-0] INFO  simulation.RequestHandler (RequestHandler.java:run(127)) - s0.clientHandler0 is interrupted by java.io.InterruptedIOException: 
2023-10-31 16:06:26,441 [HandlerDaemon-1] INFO  simulation.RequestHandler (RequestHandler.java:run(127)) - s0.clientHandler1 is interrupted by java.io.InterruptedIOException: 
2023-10-31 16:06:26,441 [HandlerDaemon-0] INFO  simulation.RequestHandler (RequestHandler.java:run(127)) - s0.serverHandler0 is interrupted by java.io.InterruptedIOException: 
2023-10-31 16:06:26,442 [s0-impl-thread1] INFO  impl.StateMachineUpdater (StateMachineUpdater.java:stopAndJoin(157)) - s0@group-2B29C9DA22C2-StateMachineUpdater: set stopIndex = 134
2023-10-31 16:06:26,442 [HandlerDaemon-1] INFO  simulation.RequestHandler (RequestHandler.java:run(127)) - s0.serverHandler1 is interrupted by java.io.InterruptedIOException: 
2023-10-31 16:06:26,442 [HandlerDaemon-2] INFO  simulation.RequestHandler (RequestHandler.java:run(127)) - s0.serverHandler2 is interrupted by java.io.InterruptedIOException: 
2023-10-31 16:06:26,442 [s0-impl-thread1] INFO  server.RaftServer$Division (ServerState.java:close(423)) - s0@group-2B29C9DA22C2: applyIndex: 134
2023-10-31 16:06:26,442 [s0@group-2B29C9DA22C2-cacheEviction-AwaitToRun] INFO  util.AwaitToRun (AwaitToRun.java:run(49)) - s0@group-2B29C9DA22C2-cacheEviction-AwaitToRun-AwaitForSignal is interrupted
2023-10-31 16:06:27,384 [s0-impl-thread1] INFO  segmented.SegmentedRaftLogWorker (SegmentedRaftLogWorker.java:close(243)) - s0@group-2B29C9DA22C2-SegmentedRaftLogWorker close()
2023-10-31 16:06:27,385 [JvmPauseMonitor28] INFO  util.JvmPauseMonitor (JvmPauseMonitor.java:run(152)) - JvmPauseMonitor-s0: Stopped
2023-10-31 16:06:27,385 [Time-limited test] INFO  impl.MiniRaftCluster (MiniRaftCluster.java:shutdown(855)) - MiniRaftClusterWithSimulatedRpc shutdown completed
]]></system-out>
  </testcase>
  <testcase name="testRestartCommitIndex" classname="org.apache.ratis.server.simulation.TestServerRestartWithSimulatedRpc" time="5.819">
    <system-out><![CDATA[2023-10-31 16:06:27,385 [main] INFO  util.LogUtils (Slf4jUtils.java:setLogLevel(38)) - Successfully set org.apache.ratis.conf.ConfUtils log level to WARN
2023-10-31 16:06:27,386 [main] INFO  util.LogUtils (Slf4jUtils.java:setLogLevel(38)) - Successfully set org.apache.ratis.util.FileUtils log level to TRACE
2023-10-31 16:06:27,386 [main] INFO  util.LogUtils (Slf4jUtils.java:setLogLevel(38)) - Successfully set org.apache.ratis.server.raftlog.RaftLog log level to DEBUG
2023-10-31 16:06:27,388 [Time-limited test] INFO  impl.MiniRaftCluster (MiniRaftCluster.java:runWithNewCluster(135)) - Running runWithNewCluster
2023-10-31 16:06:27,388 [Time-limited test] INFO  simulation.MiniRaftClusterWithSimulatedRpc (ConfUtils.java:logGet(46)) - org.apache.ratis.server.simulation.SimulatedRequestReply.simulateLatencyMs = 0 (custom)
2023-10-31 16:06:27,389 [Time-limited test] INFO  impl.MiniRaftCluster (MiniRaftCluster.java:<init>(306)) - new MiniRaftClusterWithSimulatedRpc with group-38723C2F496A:[s0|localhost:34949, s1|localhost:39591, s2|localhost:45303]
2023-10-31 16:06:27,389 [Time-limited test] INFO  impl.MiniRaftCluster (MiniRaftCluster.java:start(339)) - .............................................................. 
2023-10-31 16:06:27,389 [Time-limited test] INFO  impl.MiniRaftCluster (MiniRaftCluster.java:start(340)) - ... 
2023-10-31 16:06:27,389 [Time-limited test] INFO  impl.MiniRaftCluster (MiniRaftCluster.java:start(341)) - ...     Starting MiniRaftClusterWithSimulatedRpc
2023-10-31 16:06:27,389 [Time-limited test] INFO  impl.MiniRaftCluster (MiniRaftCluster.java:start(342)) - ... 
2023-10-31 16:06:27,389 [Time-limited test] INFO  impl.MiniRaftCluster (MiniRaftCluster.java:start(343)) - .............................................................. 
2023-10-31 16:06:27,389 [Time-limited test] INFO  impl.MiniRaftCluster (MiniRaftCluster.java:initServers(318)) - servers = {}
2023-10-31 16:06:27,389 [Time-limited test] INFO  impl.MiniRaftCluster (MiniRaftCluster.java:newRaftServer(382)) - newRaftServer: s0, group-38723C2F496A:[s0|localhost:34949, s1|localhost:39591, s2|localhost:45303], format? true
2023-10-31 16:06:27,389 [Time-limited test] TRACE util.FileUtils (FileUtils.java:deleteFully(305)) - deleteFully target/test/data/3084f93d/MiniRaftClusterWithSimulatedRpcadc53b80/s0
2023-10-31 16:06:27,389 [Time-limited test] TRACE util.FileUtils (FileUtils.java:deleteFully(318)) - deleteFully: target/test/data/3084f93d/MiniRaftClusterWithSimulatedRpcadc53b80/s0 does not exist.
2023-10-31 16:06:27,389 [Time-limited test] INFO  impl.MiniRaftCluster (MiniRaftCluster.java:newRaftServer(387)) - Formatted directory target/test/data/3084f93d/MiniRaftClusterWithSimulatedRpcadc53b80/s0
2023-10-31 16:06:27,389 [Time-limited test] INFO  server.RaftServer (ConfUtils.java:logGet(46)) - raft.rpc.type = org.apache.ratis.server.simulation.SimulatedRpc (custom)
2023-10-31 16:06:27,389 [Time-limited test] INFO  impl.DataStreamServerImpl (ConfUtils.java:logGet(46)) - raft.datastream.type = DISABLED (default)
2023-10-31 16:06:27,390 [Time-limited test] INFO  server.RaftServerConfigKeys (ConfUtils.java:logGet(46)) - raft.server.sleep.deviation.threshold = 300ms (default)
2023-10-31 16:06:27,390 [Time-limited test] INFO  server.RaftServerConfigKeys (ConfUtils.java:logGet(46)) - raft.server.close.threshold = 60s (default)
2023-10-31 16:06:27,390 [Time-limited test] INFO  server.RaftServerConfigKeys (ConfUtils.java:logGet(46)) - raft.server.leaderelection.leader.step-down.wait-time = 10s (default)
2023-10-31 16:06:27,390 [Time-limited test] INFO  server.RaftServerConfigKeys (ConfUtils.java:logGet(46)) - raft.server.storage.dir = [/home/runner/work/ratis/ratis/ratis-test/target/test/data/3084f93d/MiniRaftClusterWithSimulatedRpcadc53b80/s0] (custom)
2023-10-31 16:06:27,390 [Time-limited test] INFO  server.RaftServerConfigKeys (ConfUtils.java:logGet(46)) - raft.server.threadpool.proxy.cached = true (default)
2023-10-31 16:06:27,390 [Time-limited test] INFO  server.RaftServerConfigKeys (ConfUtils.java:logGet(46)) - raft.server.threadpool.proxy.size = 0 (default)
2023-10-31 16:06:27,391 [Time-limited test] INFO  server.RaftServer (RaftServerProxy.java:addNew(100)) - s0: addNew group-38723C2F496A:[s0|localhost:34949, s1|localhost:39591, s2|localhost:45303] returns group-38723C2F496A:java.util.concurrent.CompletableFuture@44be486c[Not completed]
2023-10-31 16:06:27,391 [Time-limited test] INFO  impl.MiniRaftCluster (MiniRaftCluster.java:newRaftServer(382)) - newRaftServer: s1, group-38723C2F496A:[s0|localhost:34949, s1|localhost:39591, s2|localhost:45303], format? true
2023-10-31 16:06:27,391 [Time-limited test] TRACE util.FileUtils (FileUtils.java:deleteFully(305)) - deleteFully target/test/data/3084f93d/MiniRaftClusterWithSimulatedRpcadc53b80/s1
2023-10-31 16:06:27,391 [Time-limited test] TRACE util.FileUtils (FileUtils.java:deleteFully(318)) - deleteFully: target/test/data/3084f93d/MiniRaftClusterWithSimulatedRpcadc53b80/s1 does not exist.
2023-10-31 16:06:27,391 [Time-limited test] INFO  impl.MiniRaftCluster (MiniRaftCluster.java:newRaftServer(387)) - Formatted directory target/test/data/3084f93d/MiniRaftClusterWithSimulatedRpcadc53b80/s1
2023-10-31 16:06:27,391 [Time-limited test] INFO  server.RaftServer (ConfUtils.java:logGet(46)) - raft.rpc.type = org.apache.ratis.server.simulation.SimulatedRpc (custom)
2023-10-31 16:06:27,391 [Time-limited test] INFO  impl.DataStreamServerImpl (ConfUtils.java:logGet(46)) - raft.datastream.type = DISABLED (default)
2023-10-31 16:06:27,391 [Time-limited test] INFO  server.RaftServerConfigKeys (ConfUtils.java:logGet(46)) - raft.server.sleep.deviation.threshold = 300ms (default)
2023-10-31 16:06:27,391 [Time-limited test] INFO  server.RaftServerConfigKeys (ConfUtils.java:logGet(46)) - raft.server.close.threshold = 60s (default)
2023-10-31 16:06:27,391 [Time-limited test] INFO  server.RaftServerConfigKeys (ConfUtils.java:logGet(46)) - raft.server.leaderelection.leader.step-down.wait-time = 10s (default)
2023-10-31 16:06:27,391 [Time-limited test] INFO  server.RaftServerConfigKeys (ConfUtils.java:logGet(46)) - raft.server.storage.dir = [/home/runner/work/ratis/ratis/ratis-test/target/test/data/3084f93d/MiniRaftClusterWithSimulatedRpcadc53b80/s1] (custom)
2023-10-31 16:06:27,392 [Time-limited test] INFO  server.RaftServerConfigKeys (ConfUtils.java:logGet(46)) - raft.server.threadpool.proxy.cached = true (default)
2023-10-31 16:06:27,392 [Time-limited test] INFO  server.RaftServerConfigKeys (ConfUtils.java:logGet(46)) - raft.server.threadpool.proxy.size = 0 (default)
2023-10-31 16:06:27,392 [s0-groupManagement] INFO  server.RaftServerConfigKeys (ConfUtils.java:logGet(46)) - raft.server.log.segment.size.max = 32MB (=33554432) (default)
2023-10-31 16:06:27,392 [s0-groupManagement] INFO  server.RaftServerConfigKeys (ConfUtils.java:logGet(46)) - raft.server.log.preallocated.size = 4MB (=4194304) (default)
2023-10-31 16:06:27,392 [s0-groupManagement] INFO  server.RaftServerConfigKeys (ConfUtils.java:logGet(46)) - raft.server.log.write.buffer.size = 64KB (=65536) (default)
2023-10-31 16:06:27,392 [s0-groupManagement] INFO  server.RaftServer$Division (RaftServerImpl.java:<init>(255)) - s0: new RaftServerImpl for group-38723C2F496A:[s0|localhost:34949, s1|localhost:39591, s2|localhost:45303] with SimpleStateMachine4Testing:uninitialized
2023-10-31 16:06:27,392 [s0-groupManagement] INFO  server.RaftServerConfigKeys (ConfUtils.java:logGet(46)) - raft.server.rpc.timeout.min = 150ms (default)
2023-10-31 16:06:27,392 [s0-groupManagement] INFO  server.RaftServerConfigKeys (ConfUtils.java:logGet(46)) - raft.server.rpc.timeout.max = 300ms (default)
2023-10-31 16:06:27,392 [s0-groupManagement] INFO  server.RaftServerConfigKeys (ConfUtils.java:logGet(46)) - raft.server.rpc.sleep.time = 25ms (default)
2023-10-31 16:06:27,392 [Time-limited test] INFO  server.RaftServer (RaftServerProxy.java:addNew(100)) - s1: addNew group-38723C2F496A:[s0|localhost:34949, s1|localhost:39591, s2|localhost:45303] returns group-38723C2F496A:java.util.concurrent.CompletableFuture@125a602c[Not completed]
2023-10-31 16:06:27,393 [Time-limited test] INFO  impl.MiniRaftCluster (MiniRaftCluster.java:newRaftServer(382)) - newRaftServer: s2, group-38723C2F496A:[s0|localhost:34949, s1|localhost:39591, s2|localhost:45303], format? true
2023-10-31 16:06:27,393 [s1-groupManagement] INFO  server.RaftServerConfigKeys (ConfUtils.java:logGet(46)) - raft.server.log.segment.size.max = 32MB (=33554432) (default)
2023-10-31 16:06:27,393 [s0-groupManagement] INFO  server.RaftServerConfigKeys (ConfUtils.java:logGet(46)) - raft.server.rpc.slowness.timeout = 60s (default)
2023-10-31 16:06:27,393 [s1-groupManagement] INFO  server.RaftServerConfigKeys (ConfUtils.java:logGet(46)) - raft.server.log.preallocated.size = 4MB (=4194304) (default)
2023-10-31 16:06:27,393 [s0-groupManagement] INFO  server.RaftServerConfigKeys (ConfUtils.java:logGet(46)) - raft.server.leaderelection.leader.step-down.wait-time = 10s (default)
2023-10-31 16:06:27,393 [s1-groupManagement] INFO  server.RaftServerConfigKeys (ConfUtils.java:logGet(46)) - raft.server.log.write.buffer.size = 64KB (=65536) (default)
2023-10-31 16:06:27,393 [s0-groupManagement] INFO  server.RaftServerConfigKeys (ConfUtils.java:logGet(46)) - raft.server.sleep.deviation.threshold = 300ms (default)
2023-10-31 16:06:27,393 [s1-groupManagement] INFO  server.RaftServer$Division (RaftServerImpl.java:<init>(255)) - s1: new RaftServerImpl for group-38723C2F496A:[s0|localhost:34949, s1|localhost:39591, s2|localhost:45303] with SimpleStateMachine4Testing:uninitialized
2023-10-31 16:06:27,393 [Time-limited test] TRACE util.FileUtils (FileUtils.java:deleteFully(305)) - deleteFully target/test/data/3084f93d/MiniRaftClusterWithSimulatedRpcadc53b80/s2
2023-10-31 16:06:27,393 [s1-groupManagement] INFO  server.RaftServerConfigKeys (ConfUtils.java:logGet(46)) - raft.server.rpc.timeout.min = 150ms (default)
2023-10-31 16:06:27,393 [Time-limited test] TRACE util.FileUtils (FileUtils.java:deleteFully(318)) - deleteFully: target/test/data/3084f93d/MiniRaftClusterWithSimulatedRpcadc53b80/s2 does not exist.
2023-10-31 16:06:27,393 [Time-limited test] INFO  impl.MiniRaftCluster (MiniRaftCluster.java:newRaftServer(387)) - Formatted directory target/test/data/3084f93d/MiniRaftClusterWithSimulatedRpcadc53b80/s2
2023-10-31 16:06:27,393 [Time-limited test] INFO  server.RaftServer (ConfUtils.java:logGet(46)) - raft.rpc.type = org.apache.ratis.server.simulation.SimulatedRpc (custom)
2023-10-31 16:06:27,393 [Time-limited test] INFO  impl.DataStreamServerImpl (ConfUtils.java:logGet(46)) - raft.datastream.type = DISABLED (default)
2023-10-31 16:06:27,393 [Time-limited test] INFO  server.RaftServerConfigKeys (ConfUtils.java:logGet(46)) - raft.server.sleep.deviation.threshold = 300ms (default)
2023-10-31 16:06:27,394 [Time-limited test] INFO  server.RaftServerConfigKeys (ConfUtils.java:logGet(46)) - raft.server.close.threshold = 60s (default)
2023-10-31 16:06:27,394 [Time-limited test] INFO  server.RaftServerConfigKeys (ConfUtils.java:logGet(46)) - raft.server.leaderelection.leader.step-down.wait-time = 10s (default)
2023-10-31 16:06:27,394 [Time-limited test] INFO  server.RaftServerConfigKeys (ConfUtils.java:logGet(46)) - raft.server.storage.dir = [/home/runner/work/ratis/ratis/ratis-test/target/test/data/3084f93d/MiniRaftClusterWithSimulatedRpcadc53b80/s2] (custom)
2023-10-31 16:06:27,394 [Time-limited test] INFO  server.RaftServerConfigKeys (ConfUtils.java:logGet(46)) - raft.server.threadpool.proxy.cached = true (default)
2023-10-31 16:06:27,394 [Time-limited test] INFO  server.RaftServerConfigKeys (ConfUtils.java:logGet(46)) - raft.server.threadpool.proxy.size = 0 (default)
2023-10-31 16:06:27,394 [s0-groupManagement] INFO  server.RaftServer$Division (ServerState.java:<init>(113)) - s0@group-38723C2F496A: ConfigurationManager, init=-1: peers:[s0|localhost:34949, s1|localhost:39591, s2|localhost:45303]|listeners:[], old=null, confs=<EMPTY_MAP>
2023-10-31 16:06:27,394 [s0-groupManagement] INFO  server.RaftServerConfigKeys (ConfUtils.java:logGet(46)) - raft.server.notification.no-leader.timeout = 60s (default)
2023-10-31 16:06:27,394 [s0-groupManagement] INFO  server.RaftServerConfigKeys (ConfUtils.java:logGet(46)) - raft.server.read.timeout = 10s (default)
2023-10-31 16:06:27,394 [s0-groupManagement] INFO  server.RaftServerConfigKeys (ConfUtils.java:logGet(46)) - raft.server.retrycache.expirytime = 60s (default)
2023-10-31 16:06:27,394 [s0-groupManagement] INFO  server.RaftServerConfigKeys (ConfUtils.java:logGet(46)) - raft.server.retrycache.statistics.expirytime = 100μs (default)
2023-10-31 16:06:27,395 [s0-groupManagement] INFO  server.RaftServerConfigKeys (ConfUtils.java:logGet(46)) - raft.server.read.option = DEFAULT (default)
2023-10-31 16:06:27,395 [s0-groupManagement] INFO  server.RaftServerConfigKeys (ConfUtils.java:logGet(46)) - raft.server.read.read-after-write-consistent.write-index-cache.expiry-time = 60s (default)
2023-10-31 16:06:27,395 [s0-groupManagement] INFO  server.RaftServerConfigKeys (ConfUtils.java:logGet(46)) - raft.server.rpc.request.timeout = 3000ms (default)
2023-10-31 16:06:27,395 [s0-groupManagement] INFO  server.RaftServerConfigKeys (ConfUtils.java:logGet(46)) - raft.server.log.appender.install.snapshot.enabled = true (default)
2023-10-31 16:06:27,395 [s0-groupManagement] INFO  server.RaftServerConfigKeys (ConfUtils.java:logGet(46)) - raft.server.threadpool.server.cached = true (default)
2023-10-31 16:06:27,396 [s0-groupManagement] INFO  server.RaftServerConfigKeys (ConfUtils.java:logGet(46)) - raft.server.threadpool.server.size = 0 (default)
2023-10-31 16:06:27,396 [s0-groupManagement] INFO  server.RaftServerConfigKeys (ConfUtils.java:logGet(46)) - raft.server.threadpool.client.cached = true (default)
2023-10-31 16:06:27,396 [s0-groupManagement] INFO  server.RaftServerConfigKeys (ConfUtils.java:logGet(46)) - raft.server.threadpool.client.size = 0 (default)
2023-10-31 16:06:27,398 [s1-groupManagement] INFO  server.RaftServerConfigKeys (ConfUtils.java:logGet(46)) - raft.server.rpc.timeout.max = 300ms (default)
2023-10-31 16:06:27,398 [s1-groupManagement] INFO  server.RaftServerConfigKeys (ConfUtils.java:logGet(46)) - raft.server.rpc.sleep.time = 25ms (default)
2023-10-31 16:06:27,398 [s1-groupManagement] INFO  server.RaftServerConfigKeys (ConfUtils.java:logGet(46)) - raft.server.rpc.slowness.timeout = 60s (default)
2023-10-31 16:06:27,398 [s1-groupManagement] INFO  server.RaftServerConfigKeys (ConfUtils.java:logGet(46)) - raft.server.leaderelection.leader.step-down.wait-time = 10s (default)
2023-10-31 16:06:27,398 [s1-groupManagement] INFO  server.RaftServerConfigKeys (ConfUtils.java:logGet(46)) - raft.server.sleep.deviation.threshold = 300ms (default)
2023-10-31 16:06:27,398 [s1-groupManagement] INFO  server.RaftServer$Division (ServerState.java:<init>(113)) - s1@group-38723C2F496A: ConfigurationManager, init=-1: peers:[s0|localhost:34949, s1|localhost:39591, s2|localhost:45303]|listeners:[], old=null, confs=<EMPTY_MAP>
2023-10-31 16:06:27,398 [s1-groupManagement] INFO  server.RaftServerConfigKeys (ConfUtils.java:logGet(46)) - raft.server.notification.no-leader.timeout = 60s (default)
2023-10-31 16:06:27,398 [s1-groupManagement] INFO  server.RaftServerConfigKeys (ConfUtils.java:logGet(46)) - raft.server.read.timeout = 10s (default)
2023-10-31 16:06:27,398 [s1-groupManagement] INFO  server.RaftServerConfigKeys (ConfUtils.java:logGet(46)) - raft.server.retrycache.expirytime = 60s (default)
2023-10-31 16:06:27,398 [s1-groupManagement] INFO  server.RaftServerConfigKeys (ConfUtils.java:logGet(46)) - raft.server.retrycache.statistics.expirytime = 100μs (default)
2023-10-31 16:06:27,399 [s1-groupManagement] INFO  server.RaftServerConfigKeys (ConfUtils.java:logGet(46)) - raft.server.read.option = DEFAULT (default)
2023-10-31 16:06:27,399 [s1-groupManagement] INFO  server.RaftServerConfigKeys (ConfUtils.java:logGet(46)) - raft.server.read.read-after-write-consistent.write-index-cache.expiry-time = 60s (default)
2023-10-31 16:06:27,400 [s1-groupManagement] INFO  server.RaftServerConfigKeys (ConfUtils.java:logGet(46)) - raft.server.rpc.request.timeout = 3000ms (default)
2023-10-31 16:06:27,400 [s1-groupManagement] INFO  server.RaftServerConfigKeys (ConfUtils.java:logGet(46)) - raft.server.log.appender.install.snapshot.enabled = true (default)
2023-10-31 16:06:27,400 [s1-groupManagement] INFO  server.RaftServerConfigKeys (ConfUtils.java:logGet(46)) - raft.server.threadpool.server.cached = true (default)
2023-10-31 16:06:27,400 [s1-groupManagement] INFO  server.RaftServerConfigKeys (ConfUtils.java:logGet(46)) - raft.server.threadpool.server.size = 0 (default)
2023-10-31 16:06:27,400 [s1-groupManagement] INFO  server.RaftServerConfigKeys (ConfUtils.java:logGet(46)) - raft.server.threadpool.client.cached = true (default)
2023-10-31 16:06:27,400 [s1-groupManagement] INFO  server.RaftServerConfigKeys (ConfUtils.java:logGet(46)) - raft.server.threadpool.client.size = 0 (default)
2023-10-31 16:06:27,401 [Time-limited test] INFO  server.RaftServer (RaftServerProxy.java:addNew(100)) - s2: addNew group-38723C2F496A:[s0|localhost:34949, s1|localhost:39591, s2|localhost:45303] returns group-38723C2F496A:java.util.concurrent.CompletableFuture@48c42b90[Not completed]
2023-10-31 16:06:27,401 [s0-impl-thread1] INFO  server.RaftServerConfigKeys (ConfUtils.java:logGet(46)) - raft.server.storage.free-space.min = 0MB (=0) (default)
2023-10-31 16:06:27,401 [s0-impl-thread1] INFO  server.RaftServerConfigKeys (ConfUtils.java:logGet(46)) - raft.server.log.corruption.policy = EXCEPTION (default)
2023-10-31 16:06:27,401 [s0-impl-thread1] INFO  server.RaftServerConfigKeys (ConfUtils.java:logGet(46)) - raft.server.storage.dir = [/home/runner/work/ratis/ratis/ratis-test/target/test/data/3084f93d/MiniRaftClusterWithSimulatedRpcadc53b80/s0] (custom)
2023-10-31 16:06:27,401 [s0-impl-thread1] INFO  storage.RaftStorageDirectory (RaftStorageDirectoryImpl.java:analyzeStorage(138)) - The storage directory /home/runner/work/ratis/ratis/ratis-test/target/test/data/3084f93d/MiniRaftClusterWithSimulatedRpcadc53b80/s0/55fd2b97-ca25-406b-8a00-38723c2f496a does not exist. Creating ...
2023-10-31 16:06:27,402 [s0-impl-thread1] TRACE util.FileUtils (LogUtils.java:runAndLog(49)) - Successfully ran Files.createDirectories /home/runner/work/ratis/ratis/ratis-test/target/test/data/3084f93d/MiniRaftClusterWithSimulatedRpcadc53b80/s0/55fd2b97-ca25-406b-8a00-38723c2f496a
2023-10-31 16:06:27,403 [s2-groupManagement] INFO  server.RaftServerConfigKeys (ConfUtils.java:logGet(46)) - raft.server.log.segment.size.max = 32MB (=33554432) (default)
2023-10-31 16:06:27,403 [s2-groupManagement] INFO  server.RaftServerConfigKeys (ConfUtils.java:logGet(46)) - raft.server.log.preallocated.size = 4MB (=4194304) (default)
2023-10-31 16:06:27,403 [s2-groupManagement] INFO  server.RaftServerConfigKeys (ConfUtils.java:logGet(46)) - raft.server.log.write.buffer.size = 64KB (=65536) (default)
2023-10-31 16:06:27,403 [s2-groupManagement] INFO  server.RaftServer$Division (RaftServerImpl.java:<init>(255)) - s2: new RaftServerImpl for group-38723C2F496A:[s0|localhost:34949, s1|localhost:39591, s2|localhost:45303] with SimpleStateMachine4Testing:uninitialized
2023-10-31 16:06:27,403 [s2-groupManagement] INFO  server.RaftServerConfigKeys (ConfUtils.java:logGet(46)) - raft.server.rpc.timeout.min = 150ms (default)
2023-10-31 16:06:27,404 [s2-groupManagement] INFO  server.RaftServerConfigKeys (ConfUtils.java:logGet(46)) - raft.server.rpc.timeout.max = 300ms (default)
2023-10-31 16:06:27,404 [s2-groupManagement] INFO  server.RaftServerConfigKeys (ConfUtils.java:logGet(46)) - raft.server.rpc.sleep.time = 25ms (default)
2023-10-31 16:06:27,404 [s2-groupManagement] INFO  server.RaftServerConfigKeys (ConfUtils.java:logGet(46)) - raft.server.rpc.slowness.timeout = 60s (default)
2023-10-31 16:06:27,404 [s2-groupManagement] INFO  server.RaftServerConfigKeys (ConfUtils.java:logGet(46)) - raft.server.leaderelection.leader.step-down.wait-time = 10s (default)
2023-10-31 16:06:27,404 [s2-groupManagement] INFO  server.RaftServerConfigKeys (ConfUtils.java:logGet(46)) - raft.server.sleep.deviation.threshold = 300ms (default)
2023-10-31 16:06:27,404 [s2-groupManagement] INFO  server.RaftServer$Division (ServerState.java:<init>(113)) - s2@group-38723C2F496A: ConfigurationManager, init=-1: peers:[s0|localhost:34949, s1|localhost:39591, s2|localhost:45303]|listeners:[], old=null, confs=<EMPTY_MAP>
2023-10-31 16:06:27,404 [s2-groupManagement] INFO  server.RaftServerConfigKeys (ConfUtils.java:logGet(46)) - raft.server.notification.no-leader.timeout = 60s (default)
2023-10-31 16:06:27,404 [s2-groupManagement] INFO  server.RaftServerConfigKeys (ConfUtils.java:logGet(46)) - raft.server.read.timeout = 10s (default)
2023-10-31 16:06:27,404 [s2-groupManagement] INFO  server.RaftServerConfigKeys (ConfUtils.java:logGet(46)) - raft.server.retrycache.expirytime = 60s (default)
2023-10-31 16:06:27,404 [s2-groupManagement] INFO  server.RaftServerConfigKeys (ConfUtils.java:logGet(46)) - raft.server.retrycache.statistics.expirytime = 100μs (default)
2023-10-31 16:06:27,404 [s2-groupManagement] INFO  server.RaftServerConfigKeys (ConfUtils.java:logGet(46)) - raft.server.read.option = DEFAULT (default)
2023-10-31 16:06:27,404 [s2-groupManagement] INFO  server.RaftServerConfigKeys (ConfUtils.java:logGet(46)) - raft.server.read.read-after-write-consistent.write-index-cache.expiry-time = 60s (default)
2023-10-31 16:06:27,405 [s2-groupManagement] INFO  server.RaftServerConfigKeys (ConfUtils.java:logGet(46)) - raft.server.rpc.request.timeout = 3000ms (default)
2023-10-31 16:06:27,405 [s2-groupManagement] INFO  server.RaftServerConfigKeys (ConfUtils.java:logGet(46)) - raft.server.log.appender.install.snapshot.enabled = true (default)
2023-10-31 16:06:27,405 [s2-groupManagement] INFO  server.RaftServerConfigKeys (ConfUtils.java:logGet(46)) - raft.server.threadpool.server.cached = true (default)
2023-10-31 16:06:27,405 [s2-groupManagement] INFO  server.RaftServerConfigKeys (ConfUtils.java:logGet(46)) - raft.server.threadpool.server.size = 0 (default)
2023-10-31 16:06:27,405 [s2-groupManagement] INFO  server.RaftServerConfigKeys (ConfUtils.java:logGet(46)) - raft.server.threadpool.client.cached = true (default)
2023-10-31 16:06:27,405 [s2-groupManagement] INFO  server.RaftServerConfigKeys (ConfUtils.java:logGet(46)) - raft.server.threadpool.client.size = 0 (default)
2023-10-31 16:06:27,406 [s0-impl-thread1] INFO  storage.RaftStorageDirectory (RaftStorageDirectoryImpl.java:tryLock(232)) - Lock on /home/runner/work/ratis/ratis/ratis-test/target/test/data/3084f93d/MiniRaftClusterWithSimulatedRpcadc53b80/s0/55fd2b97-ca25-406b-8a00-38723c2f496a/in_use.lock acquired by nodename 3366@fv-az462-937
2023-10-31 16:06:27,406 [s0-impl-thread1] TRACE util.FileUtils (LogUtils.java:runAndLog(49)) - Successfully ran Files.createDirectories /home/runner/work/ratis/ratis/ratis-test/target/test/data/3084f93d/MiniRaftClusterWithSimulatedRpcadc53b80/s0/55fd2b97-ca25-406b-8a00-38723c2f496a/current
2023-10-31 16:06:27,406 [s0-impl-thread1] TRACE util.FileUtils (LogUtils.java:runAndLog(49)) - Successfully ran Files.createDirectories /home/runner/work/ratis/ratis/ratis-test/target/test/data/3084f93d/MiniRaftClusterWithSimulatedRpcadc53b80/s0/55fd2b97-ca25-406b-8a00-38723c2f496a/sm
2023-10-31 16:06:27,407 [s0-impl-thread1] TRACE util.FileUtils (LogUtils.java:supplyAndLog(69)) - Successfully supplied FileChannel.open /home/runner/work/ratis/ratis/ratis-test/target/test/data/3084f93d/MiniRaftClusterWithSimulatedRpcadc53b80/s0/55fd2b97-ca25-406b-8a00-38723c2f496a/current/raft-meta.tmp with options [CREATE, WRITE]: sun.nio.ch.FileChannelImpl@69f9fb49
2023-10-31 16:06:27,412 [s0-impl-thread1] TRACE util.FileUtils (LogUtils.java:runAndLog(49)) - Successfully ran Atomic Files.move /home/runner/work/ratis/ratis/ratis-test/target/test/data/3084f93d/MiniRaftClusterWithSimulatedRpcadc53b80/s0/55fd2b97-ca25-406b-8a00-38723c2f496a/current/raft-meta.tmp to /home/runner/work/ratis/ratis/ratis-test/target/test/data/3084f93d/MiniRaftClusterWithSimulatedRpcadc53b80/s0/55fd2b97-ca25-406b-8a00-38723c2f496a/current/raft-meta with options [REPLACE_EXISTING]
2023-10-31 16:06:27,412 [s0-impl-thread1] INFO  storage.RaftStorage (RaftStorageImpl.java:format(97)) - Storage directory /home/runner/work/ratis/ratis/ratis-test/target/test/data/3084f93d/MiniRaftClusterWithSimulatedRpcadc53b80/s0/55fd2b97-ca25-406b-8a00-38723c2f496a has been successfully formatted.
2023-10-31 16:06:27,412 [s0-impl-thread1] INFO  impl.SimpleStateMachine4Testing (SimpleStateMachine4Testing.java:initialize(213)) - Initializing SimpleStateMachine4Testing:uninitialized
2023-10-31 16:06:27,413 [s0-impl-thread1] INFO  impl.SimpleStateMachine4Testing (SimpleStateMachine4Testing.java:loadSnapshot(296)) - Loading snapshot null
2023-10-31 16:06:27,413 [s0-impl-thread1] INFO  server.RaftServerConfigKeys (ConfUtils.java:logGet(46)) - raft.server.log.use.memory = false (default)
2023-10-31 16:06:27,413 [s0-impl-thread1] INFO  server.RaftServerConfigKeys (ConfUtils.java:logGet(46)) - raft.server.log.purge.gap = 1024 (default)
2023-10-31 16:06:27,413 [s0-impl-thread1] INFO  server.RaftServerConfigKeys (ConfUtils.java:logGet(46)) - raft.server.log.appender.buffer.byte-limit = 4MB (=4194304) (default)
2023-10-31 16:06:27,413 [s0-impl-thread1] INFO  server.RaftServerConfigKeys (ConfUtils.java:logGet(46)) - raft.server.log.statemachine.data.read.timeout = 1000ms (default)
2023-10-31 16:06:27,413 [s0-impl-thread1] INFO  server.RaftServerConfigKeys (ConfUtils.java:logGet(46)) - raft.server.log.purge.preservation.log.num = 0 (default)
2023-10-31 16:06:27,413 [s0-impl-thread1] INFO  server.RaftServerConfigKeys (ConfUtils.java:logGet(46)) - raft.server.log.segment.size.max = 8KB (=8192) (custom)
2023-10-31 16:06:27,413 [s0-impl-thread1] INFO  server.RaftServerConfigKeys (ConfUtils.java:logGet(46)) - raft.server.log.segment.cache.num.max = 6 (default)
2023-10-31 16:06:27,413 [s0-impl-thread1] INFO  server.RaftServerConfigKeys (ConfUtils.java:logGet(46)) - raft.server.log.segment.cache.size.max = 200MB (=209715200) (default)
2023-10-31 16:06:27,413 [s0-impl-thread1] INFO  server.RaftServerConfigKeys (ConfUtils.java:logGet(46)) - raft.server.log.appender.buffer.byte-limit = 4MB (=4194304) (default)
2023-10-31 16:06:27,414 [s0-impl-thread1] INFO  util.AwaitToRun (AwaitToRun.java:start(81)) - Thread[s0@group-38723C2F496A-cacheEviction-AwaitToRun,5,main] started
2023-10-31 16:06:27,414 [s0-impl-thread1] INFO  segmented.SegmentedRaftLogWorker (SegmentedRaftLogWorker.java:<init>(184)) - new s0@group-38723C2F496A-SegmentedRaftLogWorker for RaftStorageImpl:Storage Directory /home/runner/work/ratis/ratis/ratis-test/target/test/data/3084f93d/MiniRaftClusterWithSimulatedRpcadc53b80/s0/55fd2b97-ca25-406b-8a00-38723c2f496a
2023-10-31 16:06:27,414 [s0-impl-thread1] INFO  server.RaftServerConfigKeys (ConfUtils.java:logGet(46)) - raft.server.log.queue.byte-limit = 64MB (=67108864) (default)
2023-10-31 16:06:27,414 [s0-impl-thread1] INFO  server.RaftServerConfigKeys (ConfUtils.java:logGet(46)) - raft.server.log.queue.element-limit = 4096 (default)
2023-10-31 16:06:27,414 [s0-impl-thread1] INFO  server.RaftServerConfigKeys (ConfUtils.java:logGet(46)) - raft.server.log.segment.size.max = 8KB (=8192) (custom)
2023-10-31 16:06:27,414 [s0-impl-thread1] INFO  server.RaftServerConfigKeys (ConfUtils.java:logGet(46)) - raft.server.log.preallocated.size = 4MB (=4194304) (default)
2023-10-31 16:06:27,414 [s0-impl-thread1] INFO  server.RaftServerConfigKeys (ConfUtils.java:logGet(46)) - raft.server.log.force.sync.num = 128 (default)
2023-10-31 16:06:27,414 [s0-impl-thread1] INFO  server.RaftServerConfigKeys (ConfUtils.java:logGet(46)) - raft.server.log.statemachine.data.sync = true (default)
2023-10-31 16:06:27,414 [s0-impl-thread1] INFO  server.RaftServerConfigKeys (ConfUtils.java:logGet(46)) - raft.server.log.statemachine.data.sync.timeout = 10s (default)
2023-10-31 16:06:27,414 [s0-impl-thread1] INFO  server.RaftServerConfigKeys (ConfUtils.java:logGet(46)) - raft.server.log.statemachine.data.sync.timeout.retry = -1 (default)
2023-10-31 16:06:27,414 [s0-impl-thread1] INFO  server.RaftServerConfigKeys (ConfUtils.java:logGet(46)) - raft.server.log.write.buffer.size = 64KB (=65536) (default)
2023-10-31 16:06:27,415 [s0-impl-thread1] INFO  server.RaftServerConfigKeys (ConfUtils.java:logGet(46)) - raft.server.log.appender.buffer.byte-limit = 4MB (=4194304) (default)
2023-10-31 16:06:27,415 [s0-impl-thread1] INFO  server.RaftServerConfigKeys (ConfUtils.java:logGet(46)) - raft.server.log.unsafe-flush.enabled = false (default)
2023-10-31 16:06:27,415 [s0-impl-thread1] INFO  server.RaftServerConfigKeys (ConfUtils.java:logGet(46)) - raft.server.log.async-flush.enabled = false (default)
2023-10-31 16:06:27,415 [s0-impl-thread1] INFO  server.RaftServerConfigKeys (ConfUtils.java:logGet(46)) - raft.server.log.statemachine.data.caching.enabled = false (default)
2023-10-31 16:06:27,416 [s0-impl-thread1] INFO  segmented.SegmentedRaftLogWorker (SegmentedRaftLogWorker.java:lambda$new$0(135)) - s0@group-38723C2F496A-SegmentedRaftLogWorker: flushIndex: setUnconditionally 0 -> -1
2023-10-31 16:06:27,416 [s0-impl-thread1] INFO  segmented.SegmentedRaftLogWorker (SegmentedRaftLogWorker.java:lambda$new$0(135)) - s0@group-38723C2F496A-SegmentedRaftLogWorker: safeCacheEvictIndex: setUnconditionally 0 -> -1
2023-10-31 16:06:27,416 [s0-impl-thread1] INFO  server.RaftServer$Division (RaftServerImpl.java:start(390)) - s0@group-38723C2F496A: start as a follower, conf=-1: peers:[s0|localhost:34949, s1|localhost:39591, s2|localhost:45303]|listeners:[], old=null
2023-10-31 16:06:27,416 [s0-impl-thread1] INFO  server.RaftServer$Division (RaftServerImpl.java:setRole(377)) - s0@group-38723C2F496A: changes role from      null to FOLLOWER at term 0 for startAsFollower
2023-10-31 16:06:27,416 [s0-impl-thread1] INFO  impl.RoleInfo (RoleInfo.java:updateAndGet(138)) - s0: start s0@group-38723C2F496A-FollowerState
2023-10-31 16:06:27,416 [s0-impl-thread1] INFO  util.JmxRegister (JmxRegister.java:tryRegister(44)) - Successfully registered JMX Bean with object name Ratis:service=RaftServer,group=group-38723C2F496A,id=s0
2023-10-31 16:06:27,416 [s0-impl-thread1] INFO  server.RaftServerConfigKeys (ConfUtils.java:logGet(46)) - raft.server.snapshot.trigger-when-stop.enabled = true (default)
2023-10-31 16:06:27,416 [s0-impl-thread1] INFO  server.RaftServerConfigKeys (ConfUtils.java:logGet(46)) - raft.server.snapshot.auto.trigger.enabled = false (default)
2023-10-31 16:06:27,416 [s0-impl-thread1] INFO  server.RaftServerConfigKeys (ConfUtils.java:logGet(46)) - raft.server.snapshot.retention.file.num = -1 (default)
2023-10-31 16:06:27,417 [s0-impl-thread1] INFO  server.RaftServerConfigKeys (ConfUtils.java:logGet(46)) - raft.server.log.purge.upto.snapshot.index = false (default)
2023-10-31 16:06:27,417 [s0@group-38723C2F496A-FollowerState] INFO  server.RaftServerConfigKeys (ConfUtils.java:logFallback(53)) - raft.server.rpc.first-election.timeout.min = 150ms (fallback to raft.server.rpc.timeout.min)
2023-10-31 16:06:27,417 [s0@group-38723C2F496A-FollowerState] INFO  server.RaftServerConfigKeys (ConfUtils.java:logFallback(53)) - raft.server.rpc.first-election.timeout.max = 300ms (fallback to raft.server.rpc.timeout.max)
2023-10-31 16:06:27,417 [Time-limited test] INFO  server.RaftServer (RaftServerProxy.java:startImpl(406)) - s0: start RPC server
2023-10-31 16:06:27,418 [s1-impl-thread1] INFO  server.RaftServerConfigKeys (ConfUtils.java:logGet(46)) - raft.server.storage.free-space.min = 0MB (=0) (default)
2023-10-31 16:06:27,418 [s1-impl-thread1] INFO  server.RaftServerConfigKeys (ConfUtils.java:logGet(46)) - raft.server.log.corruption.policy = EXCEPTION (default)
2023-10-31 16:06:27,419 [s1-impl-thread1] INFO  server.RaftServerConfigKeys (ConfUtils.java:logGet(46)) - raft.server.storage.dir = [/home/runner/work/ratis/ratis/ratis-test/target/test/data/3084f93d/MiniRaftClusterWithSimulatedRpcadc53b80/s1] (custom)
2023-10-31 16:06:27,419 [s1-impl-thread1] INFO  storage.RaftStorageDirectory (RaftStorageDirectoryImpl.java:analyzeStorage(138)) - The storage directory /home/runner/work/ratis/ratis/ratis-test/target/test/data/3084f93d/MiniRaftClusterWithSimulatedRpcadc53b80/s1/55fd2b97-ca25-406b-8a00-38723c2f496a does not exist. Creating ...
2023-10-31 16:06:27,419 [s1-impl-thread1] TRACE util.FileUtils (LogUtils.java:runAndLog(49)) - Successfully ran Files.createDirectories /home/runner/work/ratis/ratis/ratis-test/target/test/data/3084f93d/MiniRaftClusterWithSimulatedRpcadc53b80/s1/55fd2b97-ca25-406b-8a00-38723c2f496a
2023-10-31 16:06:27,419 [JvmPauseMonitor29] INFO  util.JvmPauseMonitor (JvmPauseMonitor.java:run(146)) - JvmPauseMonitor-s0: Started
2023-10-31 16:06:27,420 [s1-impl-thread1] INFO  storage.RaftStorageDirectory (RaftStorageDirectoryImpl.java:tryLock(232)) - Lock on /home/runner/work/ratis/ratis/ratis-test/target/test/data/3084f93d/MiniRaftClusterWithSimulatedRpcadc53b80/s1/55fd2b97-ca25-406b-8a00-38723c2f496a/in_use.lock acquired by nodename 3366@fv-az462-937
2023-10-31 16:06:27,420 [s1-impl-thread1] TRACE util.FileUtils (LogUtils.java:runAndLog(49)) - Successfully ran Files.createDirectories /home/runner/work/ratis/ratis/ratis-test/target/test/data/3084f93d/MiniRaftClusterWithSimulatedRpcadc53b80/s1/55fd2b97-ca25-406b-8a00-38723c2f496a/current
2023-10-31 16:06:27,420 [s1-impl-thread1] TRACE util.FileUtils (LogUtils.java:runAndLog(49)) - Successfully ran Files.createDirectories /home/runner/work/ratis/ratis/ratis-test/target/test/data/3084f93d/MiniRaftClusterWithSimulatedRpcadc53b80/s1/55fd2b97-ca25-406b-8a00-38723c2f496a/sm
2023-10-31 16:06:27,420 [s1-impl-thread1] TRACE util.FileUtils (LogUtils.java:supplyAndLog(69)) - Successfully supplied FileChannel.open /home/runner/work/ratis/ratis/ratis-test/target/test/data/3084f93d/MiniRaftClusterWithSimulatedRpcadc53b80/s1/55fd2b97-ca25-406b-8a00-38723c2f496a/current/raft-meta.tmp with options [CREATE, WRITE]: sun.nio.ch.FileChannelImpl@6707be9f
2023-10-31 16:06:27,422 [s1-impl-thread1] TRACE util.FileUtils (LogUtils.java:runAndLog(49)) - Successfully ran Atomic Files.move /home/runner/work/ratis/ratis/ratis-test/target/test/data/3084f93d/MiniRaftClusterWithSimulatedRpcadc53b80/s1/55fd2b97-ca25-406b-8a00-38723c2f496a/current/raft-meta.tmp to /home/runner/work/ratis/ratis/ratis-test/target/test/data/3084f93d/MiniRaftClusterWithSimulatedRpcadc53b80/s1/55fd2b97-ca25-406b-8a00-38723c2f496a/current/raft-meta with options [REPLACE_EXISTING]
2023-10-31 16:06:27,422 [s1-impl-thread1] INFO  storage.RaftStorage (RaftStorageImpl.java:format(97)) - Storage directory /home/runner/work/ratis/ratis/ratis-test/target/test/data/3084f93d/MiniRaftClusterWithSimulatedRpcadc53b80/s1/55fd2b97-ca25-406b-8a00-38723c2f496a has been successfully formatted.
2023-10-31 16:06:27,422 [s1-impl-thread1] INFO  impl.SimpleStateMachine4Testing (SimpleStateMachine4Testing.java:initialize(213)) - Initializing SimpleStateMachine4Testing:uninitialized
2023-10-31 16:06:27,423 [s1-impl-thread1] INFO  impl.SimpleStateMachine4Testing (SimpleStateMachine4Testing.java:loadSnapshot(296)) - Loading snapshot null
2023-10-31 16:06:27,423 [s1-impl-thread1] INFO  server.RaftServerConfigKeys (ConfUtils.java:logGet(46)) - raft.server.log.use.memory = false (default)
2023-10-31 16:06:27,423 [s1-impl-thread1] INFO  server.RaftServerConfigKeys (ConfUtils.java:logGet(46)) - raft.server.log.purge.gap = 1024 (default)
2023-10-31 16:06:27,423 [s1-impl-thread1] INFO  server.RaftServerConfigKeys (ConfUtils.java:logGet(46)) - raft.server.log.appender.buffer.byte-limit = 4MB (=4194304) (default)
2023-10-31 16:06:27,424 [s1-impl-thread1] INFO  server.RaftServerConfigKeys (ConfUtils.java:logGet(46)) - raft.server.log.statemachine.data.read.timeout = 1000ms (default)
2023-10-31 16:06:27,424 [s1-impl-thread1] INFO  server.RaftServerConfigKeys (ConfUtils.java:logGet(46)) - raft.server.log.purge.preservation.log.num = 0 (default)
2023-10-31 16:06:27,424 [s1-impl-thread1] INFO  server.RaftServerConfigKeys (ConfUtils.java:logGet(46)) - raft.server.log.segment.size.max = 8KB (=8192) (custom)
2023-10-31 16:06:27,426 [s1-impl-thread1] INFO  server.RaftServerConfigKeys (ConfUtils.java:logGet(46)) - raft.server.log.segment.cache.num.max = 6 (default)
2023-10-31 16:06:27,426 [s1-impl-thread1] INFO  server.RaftServerConfigKeys (ConfUtils.java:logGet(46)) - raft.server.log.segment.cache.size.max = 200MB (=209715200) (default)
2023-10-31 16:06:27,426 [s1-impl-thread1] INFO  server.RaftServerConfigKeys (ConfUtils.java:logGet(46)) - raft.server.log.appender.buffer.byte-limit = 4MB (=4194304) (default)
2023-10-31 16:06:27,426 [s1-impl-thread1] INFO  util.AwaitToRun (AwaitToRun.java:start(81)) - Thread[s1@group-38723C2F496A-cacheEviction-AwaitToRun,5,main] started
2023-10-31 16:06:27,426 [s1-impl-thread1] INFO  segmented.SegmentedRaftLogWorker (SegmentedRaftLogWorker.java:<init>(184)) - new s1@group-38723C2F496A-SegmentedRaftLogWorker for RaftStorageImpl:Storage Directory /home/runner/work/ratis/ratis/ratis-test/target/test/data/3084f93d/MiniRaftClusterWithSimulatedRpcadc53b80/s1/55fd2b97-ca25-406b-8a00-38723c2f496a
2023-10-31 16:06:27,426 [s1-impl-thread1] INFO  server.RaftServerConfigKeys (ConfUtils.java:logGet(46)) - raft.server.log.queue.byte-limit = 64MB (=67108864) (default)
2023-10-31 16:06:27,426 [s1-impl-thread1] INFO  server.RaftServerConfigKeys (ConfUtils.java:logGet(46)) - raft.server.log.queue.element-limit = 4096 (default)
2023-10-31 16:06:27,426 [s1-impl-thread1] INFO  server.RaftServerConfigKeys (ConfUtils.java:logGet(46)) - raft.server.log.segment.size.max = 8KB (=8192) (custom)
2023-10-31 16:06:27,426 [s1-impl-thread1] INFO  server.RaftServerConfigKeys (ConfUtils.java:logGet(46)) - raft.server.log.preallocated.size = 4MB (=4194304) (default)
2023-10-31 16:06:27,426 [s1-impl-thread1] INFO  server.RaftServerConfigKeys (ConfUtils.java:logGet(46)) - raft.server.log.force.sync.num = 128 (default)
2023-10-31 16:06:27,426 [s1-impl-thread1] INFO  server.RaftServerConfigKeys (ConfUtils.java:logGet(46)) - raft.server.log.statemachine.data.sync = true (default)
2023-10-31 16:06:27,426 [s1-impl-thread1] INFO  server.RaftServerConfigKeys (ConfUtils.java:logGet(46)) - raft.server.log.statemachine.data.sync.timeout = 10s (default)
2023-10-31 16:06:27,427 [s1-impl-thread1] INFO  server.RaftServerConfigKeys (ConfUtils.java:logGet(46)) - raft.server.log.statemachine.data.sync.timeout.retry = -1 (default)
2023-10-31 16:06:27,427 [s1-impl-thread1] INFO  server.RaftServerConfigKeys (ConfUtils.java:logGet(46)) - raft.server.log.write.buffer.size = 64KB (=65536) (default)
2023-10-31 16:06:27,427 [s1-impl-thread1] INFO  server.RaftServerConfigKeys (ConfUtils.java:logGet(46)) - raft.server.log.appender.buffer.byte-limit = 4MB (=4194304) (default)
2023-10-31 16:06:27,428 [s1-impl-thread1] INFO  server.RaftServerConfigKeys (ConfUtils.java:logGet(46)) - raft.server.log.unsafe-flush.enabled = false (default)
2023-10-31 16:06:27,428 [s1-impl-thread1] INFO  server.RaftServerConfigKeys (ConfUtils.java:logGet(46)) - raft.server.log.async-flush.enabled = false (default)
2023-10-31 16:06:27,428 [s1-impl-thread1] INFO  server.RaftServerConfigKeys (ConfUtils.java:logGet(46)) - raft.server.log.statemachine.data.caching.enabled = false (default)
2023-10-31 16:06:27,428 [s1-impl-thread1] INFO  segmented.SegmentedRaftLogWorker (SegmentedRaftLogWorker.java:lambda$new$0(135)) - s1@group-38723C2F496A-SegmentedRaftLogWorker: flushIndex: setUnconditionally 0 -> -1
2023-10-31 16:06:27,428 [s1-impl-thread1] INFO  segmented.SegmentedRaftLogWorker (SegmentedRaftLogWorker.java:lambda$new$0(135)) - s1@group-38723C2F496A-SegmentedRaftLogWorker: safeCacheEvictIndex: setUnconditionally 0 -> -1
2023-10-31 16:06:27,428 [s1-impl-thread1] INFO  server.RaftServer$Division (RaftServerImpl.java:start(390)) - s1@group-38723C2F496A: start as a follower, conf=-1: peers:[s0|localhost:34949, s1|localhost:39591, s2|localhost:45303]|listeners:[], old=null
2023-10-31 16:06:27,428 [s1-impl-thread1] INFO  server.RaftServer$Division (RaftServerImpl.java:setRole(377)) - s1@group-38723C2F496A: changes role from      null to FOLLOWER at term 0 for startAsFollower
2023-10-31 16:06:27,428 [s1-impl-thread1] INFO  impl.RoleInfo (RoleInfo.java:updateAndGet(138)) - s1: start s1@group-38723C2F496A-FollowerState
2023-10-31 16:06:27,429 [s1-impl-thread1] INFO  util.JmxRegister (JmxRegister.java:tryRegister(44)) - Successfully registered JMX Bean with object name Ratis:service=RaftServer,group=group-38723C2F496A,id=s1
2023-10-31 16:06:27,429 [s1-impl-thread1] INFO  server.RaftServerConfigKeys (ConfUtils.java:logGet(46)) - raft.server.snapshot.trigger-when-stop.enabled = true (default)
2023-10-31 16:06:27,429 [s1-impl-thread1] INFO  server.RaftServerConfigKeys (ConfUtils.java:logGet(46)) - raft.server.snapshot.auto.trigger.enabled = false (default)
2023-10-31 16:06:27,429 [s1-impl-thread1] INFO  server.RaftServerConfigKeys (ConfUtils.java:logGet(46)) - raft.server.snapshot.retention.file.num = -1 (default)
2023-10-31 16:06:27,429 [s1-impl-thread1] INFO  server.RaftServerConfigKeys (ConfUtils.java:logGet(46)) - raft.server.log.purge.upto.snapshot.index = false (default)
2023-10-31 16:06:27,429 [s1@group-38723C2F496A-FollowerState] INFO  server.RaftServerConfigKeys (ConfUtils.java:logFallback(53)) - raft.server.rpc.first-election.timeout.min = 150ms (fallback to raft.server.rpc.timeout.min)
2023-10-31 16:06:27,429 [s1@group-38723C2F496A-FollowerState] INFO  server.RaftServerConfigKeys (ConfUtils.java:logFallback(53)) - raft.server.rpc.first-election.timeout.max = 300ms (fallback to raft.server.rpc.timeout.max)
2023-10-31 16:06:27,429 [Time-limited test] INFO  server.RaftServer (RaftServerProxy.java:startImpl(406)) - s1: start RPC server
2023-10-31 16:06:27,430 [s2-impl-thread1] INFO  server.RaftServerConfigKeys (ConfUtils.java:logGet(46)) - raft.server.storage.free-space.min = 0MB (=0) (default)
2023-10-31 16:06:27,430 [s2-impl-thread1] INFO  server.RaftServerConfigKeys (ConfUtils.java:logGet(46)) - raft.server.log.corruption.policy = EXCEPTION (default)
2023-10-31 16:06:27,430 [s2-impl-thread1] INFO  server.RaftServerConfigKeys (ConfUtils.java:logGet(46)) - raft.server.storage.dir = [/home/runner/work/ratis/ratis/ratis-test/target/test/data/3084f93d/MiniRaftClusterWithSimulatedRpcadc53b80/s2] (custom)
2023-10-31 16:06:27,431 [s2-impl-thread1] INFO  storage.RaftStorageDirectory (RaftStorageDirectoryImpl.java:analyzeStorage(138)) - The storage directory /home/runner/work/ratis/ratis/ratis-test/target/test/data/3084f93d/MiniRaftClusterWithSimulatedRpcadc53b80/s2/55fd2b97-ca25-406b-8a00-38723c2f496a does not exist. Creating ...
2023-10-31 16:06:27,431 [s2-impl-thread1] TRACE util.FileUtils (LogUtils.java:runAndLog(49)) - Successfully ran Files.createDirectories /home/runner/work/ratis/ratis/ratis-test/target/test/data/3084f93d/MiniRaftClusterWithSimulatedRpcadc53b80/s2/55fd2b97-ca25-406b-8a00-38723c2f496a
2023-10-31 16:06:27,432 [JvmPauseMonitor30] INFO  util.JvmPauseMonitor (JvmPauseMonitor.java:run(146)) - JvmPauseMonitor-s1: Started
2023-10-31 16:06:27,433 [s2-impl-thread1] INFO  storage.RaftStorageDirectory (RaftStorageDirectoryImpl.java:tryLock(232)) - Lock on /home/runner/work/ratis/ratis/ratis-test/target/test/data/3084f93d/MiniRaftClusterWithSimulatedRpcadc53b80/s2/55fd2b97-ca25-406b-8a00-38723c2f496a/in_use.lock acquired by nodename 3366@fv-az462-937
2023-10-31 16:06:27,433 [s2-impl-thread1] TRACE util.FileUtils (LogUtils.java:runAndLog(49)) - Successfully ran Files.createDirectories /home/runner/work/ratis/ratis/ratis-test/target/test/data/3084f93d/MiniRaftClusterWithSimulatedRpcadc53b80/s2/55fd2b97-ca25-406b-8a00-38723c2f496a/current
2023-10-31 16:06:27,433 [s2-impl-thread1] TRACE util.FileUtils (LogUtils.java:runAndLog(49)) - Successfully ran Files.createDirectories /home/runner/work/ratis/ratis/ratis-test/target/test/data/3084f93d/MiniRaftClusterWithSimulatedRpcadc53b80/s2/55fd2b97-ca25-406b-8a00-38723c2f496a/sm
2023-10-31 16:06:27,433 [s2-impl-thread1] TRACE util.FileUtils (LogUtils.java:supplyAndLog(69)) - Successfully supplied FileChannel.open /home/runner/work/ratis/ratis/ratis-test/target/test/data/3084f93d/MiniRaftClusterWithSimulatedRpcadc53b80/s2/55fd2b97-ca25-406b-8a00-38723c2f496a/current/raft-meta.tmp with options [CREATE, WRITE]: sun.nio.ch.FileChannelImpl@3b94bef6
2023-10-31 16:06:27,435 [s2-impl-thread1] TRACE util.FileUtils (LogUtils.java:runAndLog(49)) - Successfully ran Atomic Files.move /home/runner/work/ratis/ratis/ratis-test/target/test/data/3084f93d/MiniRaftClusterWithSimulatedRpcadc53b80/s2/55fd2b97-ca25-406b-8a00-38723c2f496a/current/raft-meta.tmp to /home/runner/work/ratis/ratis/ratis-test/target/test/data/3084f93d/MiniRaftClusterWithSimulatedRpcadc53b80/s2/55fd2b97-ca25-406b-8a00-38723c2f496a/current/raft-meta with options [REPLACE_EXISTING]
2023-10-31 16:06:27,435 [s2-impl-thread1] INFO  storage.RaftStorage (RaftStorageImpl.java:format(97)) - Storage directory /home/runner/work/ratis/ratis/ratis-test/target/test/data/3084f93d/MiniRaftClusterWithSimulatedRpcadc53b80/s2/55fd2b97-ca25-406b-8a00-38723c2f496a has been successfully formatted.
2023-10-31 16:06:27,435 [s2-impl-thread1] INFO  impl.SimpleStateMachine4Testing (SimpleStateMachine4Testing.java:initialize(213)) - Initializing SimpleStateMachine4Testing:uninitialized
2023-10-31 16:06:27,435 [s2-impl-thread1] INFO  impl.SimpleStateMachine4Testing (SimpleStateMachine4Testing.java:loadSnapshot(296)) - Loading snapshot null
2023-10-31 16:06:27,435 [s2-impl-thread1] INFO  server.RaftServerConfigKeys (ConfUtils.java:logGet(46)) - raft.server.log.use.memory = false (default)
2023-10-31 16:06:27,435 [s2-impl-thread1] INFO  server.RaftServerConfigKeys (ConfUtils.java:logGet(46)) - raft.server.log.purge.gap = 1024 (default)
2023-10-31 16:06:27,435 [s2-impl-thread1] INFO  server.RaftServerConfigKeys (ConfUtils.java:logGet(46)) - raft.server.log.appender.buffer.byte-limit = 4MB (=4194304) (default)
2023-10-31 16:06:27,435 [s2-impl-thread1] INFO  server.RaftServerConfigKeys (ConfUtils.java:logGet(46)) - raft.server.log.statemachine.data.read.timeout = 1000ms (default)
2023-10-31 16:06:27,435 [s2-impl-thread1] INFO  server.RaftServerConfigKeys (ConfUtils.java:logGet(46)) - raft.server.log.purge.preservation.log.num = 0 (default)
2023-10-31 16:06:27,436 [s2-impl-thread1] INFO  server.RaftServerConfigKeys (ConfUtils.java:logGet(46)) - raft.server.log.segment.size.max = 8KB (=8192) (custom)
2023-10-31 16:06:27,436 [s2-impl-thread1] INFO  server.RaftServerConfigKeys (ConfUtils.java:logGet(46)) - raft.server.log.segment.cache.num.max = 6 (default)
2023-10-31 16:06:27,436 [s2-impl-thread1] INFO  server.RaftServerConfigKeys (ConfUtils.java:logGet(46)) - raft.server.log.segment.cache.size.max = 200MB (=209715200) (default)
2023-10-31 16:06:27,436 [s2-impl-thread1] INFO  server.RaftServerConfigKeys (ConfUtils.java:logGet(46)) - raft.server.log.appender.buffer.byte-limit = 4MB (=4194304) (default)
2023-10-31 16:06:27,436 [s2-impl-thread1] INFO  util.AwaitToRun (AwaitToRun.java:start(81)) - Thread[s2@group-38723C2F496A-cacheEviction-AwaitToRun,5,main] started
2023-10-31 16:06:27,436 [s2-impl-thread1] INFO  segmented.SegmentedRaftLogWorker (SegmentedRaftLogWorker.java:<init>(184)) - new s2@group-38723C2F496A-SegmentedRaftLogWorker for RaftStorageImpl:Storage Directory /home/runner/work/ratis/ratis/ratis-test/target/test/data/3084f93d/MiniRaftClusterWithSimulatedRpcadc53b80/s2/55fd2b97-ca25-406b-8a00-38723c2f496a
2023-10-31 16:06:27,436 [s2-impl-thread1] INFO  server.RaftServerConfigKeys (ConfUtils.java:logGet(46)) - raft.server.log.queue.byte-limit = 64MB (=67108864) (default)
2023-10-31 16:06:27,437 [s2-impl-thread1] INFO  server.RaftServerConfigKeys (ConfUtils.java:logGet(46)) - raft.server.log.queue.element-limit = 4096 (default)
2023-10-31 16:06:27,437 [s2-impl-thread1] INFO  server.RaftServerConfigKeys (ConfUtils.java:logGet(46)) - raft.server.log.segment.size.max = 8KB (=8192) (custom)
2023-10-31 16:06:27,437 [s2-impl-thread1] INFO  server.RaftServerConfigKeys (ConfUtils.java:logGet(46)) - raft.server.log.preallocated.size = 4MB (=4194304) (default)
2023-10-31 16:06:27,437 [s2-impl-thread1] INFO  server.RaftServerConfigKeys (ConfUtils.java:logGet(46)) - raft.server.log.force.sync.num = 128 (default)
2023-10-31 16:06:27,437 [s2-impl-thread1] INFO  server.RaftServerConfigKeys (ConfUtils.java:logGet(46)) - raft.server.log.statemachine.data.sync = true (default)
2023-10-31 16:06:27,437 [s2-impl-thread1] INFO  server.RaftServerConfigKeys (ConfUtils.java:logGet(46)) - raft.server.log.statemachine.data.sync.timeout = 10s (default)
2023-10-31 16:06:27,437 [s2-impl-thread1] INFO  server.RaftServerConfigKeys (ConfUtils.java:logGet(46)) - raft.server.log.statemachine.data.sync.timeout.retry = -1 (default)
2023-10-31 16:06:27,437 [s2-impl-thread1] INFO  server.RaftServerConfigKeys (ConfUtils.java:logGet(46)) - raft.server.log.write.buffer.size = 64KB (=65536) (default)
2023-10-31 16:06:27,437 [s2-impl-thread1] INFO  server.RaftServerConfigKeys (ConfUtils.java:logGet(46)) - raft.server.log.appender.buffer.byte-limit = 4MB (=4194304) (default)
2023-10-31 16:06:27,438 [s2-impl-thread1] INFO  server.RaftServerConfigKeys (ConfUtils.java:logGet(46)) - raft.server.log.unsafe-flush.enabled = false (default)
2023-10-31 16:06:27,438 [s2-impl-thread1] INFO  server.RaftServerConfigKeys (ConfUtils.java:logGet(46)) - raft.server.log.async-flush.enabled = false (default)
2023-10-31 16:06:27,438 [s2-impl-thread1] INFO  server.RaftServerConfigKeys (ConfUtils.java:logGet(46)) - raft.server.log.statemachine.data.caching.enabled = false (default)
2023-10-31 16:06:27,438 [s2-impl-thread1] INFO  segmented.SegmentedRaftLogWorker (SegmentedRaftLogWorker.java:lambda$new$0(135)) - s2@group-38723C2F496A-SegmentedRaftLogWorker: flushIndex: setUnconditionally 0 -> -1
2023-10-31 16:06:27,438 [s2-impl-thread1] INFO  segmented.SegmentedRaftLogWorker (SegmentedRaftLogWorker.java:lambda$new$0(135)) - s2@group-38723C2F496A-SegmentedRaftLogWorker: safeCacheEvictIndex: setUnconditionally 0 -> -1
2023-10-31 16:06:27,438 [s2-impl-thread1] INFO  server.RaftServer$Division (RaftServerImpl.java:start(390)) - s2@group-38723C2F496A: start as a follower, conf=-1: peers:[s0|localhost:34949, s1|localhost:39591, s2|localhost:45303]|listeners:[], old=null
2023-10-31 16:06:27,438 [s2-impl-thread1] INFO  server.RaftServer$Division (RaftServerImpl.java:setRole(377)) - s2@group-38723C2F496A: changes role from      null to FOLLOWER at term 0 for startAsFollower
2023-10-31 16:06:27,438 [s2-impl-thread1] INFO  impl.RoleInfo (RoleInfo.java:updateAndGet(138)) - s2: start s2@group-38723C2F496A-FollowerState
2023-10-31 16:06:27,439 [s2-impl-thread1] INFO  util.JmxRegister (JmxRegister.java:tryRegister(44)) - Successfully registered JMX Bean with object name Ratis:service=RaftServer,group=group-38723C2F496A,id=s2
2023-10-31 16:06:27,439 [s2-impl-thread1] INFO  server.RaftServerConfigKeys (ConfUtils.java:logGet(46)) - raft.server.snapshot.trigger-when-stop.enabled = true (default)
2023-10-31 16:06:27,439 [s2-impl-thread1] INFO  server.RaftServerConfigKeys (ConfUtils.java:logGet(46)) - raft.server.snapshot.auto.trigger.enabled = false (default)
2023-10-31 16:06:27,439 [s2-impl-thread1] INFO  server.RaftServerConfigKeys (ConfUtils.java:logGet(46)) - raft.server.snapshot.retention.file.num = -1 (default)
2023-10-31 16:06:27,439 [s2-impl-thread1] INFO  server.RaftServerConfigKeys (ConfUtils.java:logGet(46)) - raft.server.log.purge.upto.snapshot.index = false (default)
2023-10-31 16:06:27,439 [s2@group-38723C2F496A-FollowerState] INFO  server.RaftServerConfigKeys (ConfUtils.java:logFallback(53)) - raft.server.rpc.first-election.timeout.min = 150ms (fallback to raft.server.rpc.timeout.min)
2023-10-31 16:06:27,439 [s2@group-38723C2F496A-FollowerState] INFO  server.RaftServerConfigKeys (ConfUtils.java:logFallback(53)) - raft.server.rpc.first-election.timeout.max = 300ms (fallback to raft.server.rpc.timeout.max)
2023-10-31 16:06:27,441 [Time-limited test] INFO  server.RaftServer (RaftServerProxy.java:startImpl(406)) - s2: start RPC server
2023-10-31 16:06:27,443 [JvmPauseMonitor31] INFO  util.JvmPauseMonitor (JvmPauseMonitor.java:run(146)) - JvmPauseMonitor-s2: Started
2023-10-31 16:06:27,618 [s0@group-38723C2F496A-FollowerState] INFO  impl.FollowerState (FollowerState.java:run(143)) - s0@group-38723C2F496A-FollowerState: change to CANDIDATE, lastRpcElapsedTime:202140577ns, electionTimeout:201ms
2023-10-31 16:06:27,618 [s0@group-38723C2F496A-FollowerState] INFO  impl.RoleInfo (RoleInfo.java:shutdownFollowerState(109)) - s0: shutdown s0@group-38723C2F496A-FollowerState
2023-10-31 16:06:27,618 [s0@group-38723C2F496A-FollowerState] INFO  server.RaftServer$Division (RaftServerImpl.java:setRole(377)) - s0@group-38723C2F496A: changes role from  FOLLOWER to CANDIDATE at term 0 for changeToCandidate
2023-10-31 16:06:27,619 [s0@group-38723C2F496A-FollowerState] INFO  server.RaftServerConfigKeys (ConfUtils.java:logGet(46)) - raft.server.leaderelection.pre-vote = true (default)
2023-10-31 16:06:27,619 [s0@group-38723C2F496A-FollowerState] INFO  impl.RoleInfo (RoleInfo.java:updateAndGet(138)) - s0: start s0@group-38723C2F496A-LeaderElection7
2023-10-31 16:06:27,619 [s0@group-38723C2F496A-LeaderElection7] INFO  impl.LeaderElection (LeaderElection.java:askForVotes(323)) - s0@group-38723C2F496A-LeaderElection7 PRE_VOTE round 0: submit vote requests at term 0 for -1: peers:[s0|localhost:34949, s1|localhost:39591, s2|localhost:45303]|listeners:[], old=null
2023-10-31 16:06:27,620 [s0@group-38723C2F496A-LeaderElection7] INFO  server.RaftServerConfigKeys (ConfUtils.java:logFallback(53)) - raft.server.rpc.first-election.timeout.min = 150ms (fallback to raft.server.rpc.timeout.min)
2023-10-31 16:06:27,620 [s0@group-38723C2F496A-LeaderElection7] INFO  server.RaftServerConfigKeys (ConfUtils.java:logFallback(53)) - raft.server.rpc.first-election.timeout.max = 300ms (fallback to raft.server.rpc.timeout.max)
2023-10-31 16:06:27,620 [HandlerDaemon-0] INFO  server.RaftServer$Division (RaftServerImpl.java:requestVote(1368)) - s1@group-38723C2F496A: receive requestVote(PRE_VOTE, s0, group-38723C2F496A, 0, (t:0, i:0))
2023-10-31 16:06:27,620 [HandlerDaemon-0] INFO  impl.VoteContext (VoteContext.java:log(49)) - s1@group-38723C2F496A-FOLLOWER: accept PRE_VOTE from s0: our priority 0 <= candidate's priority 0
2023-10-31 16:06:27,620 [HandlerDaemon-0] INFO  server.RaftServer$Division (RaftServerImpl.java:requestVote(1368)) - s2@group-38723C2F496A: receive requestVote(PRE_VOTE, s0, group-38723C2F496A, 0, (t:0, i:0))
2023-10-31 16:06:27,620 [HandlerDaemon-0] INFO  server.RaftServer$Division (RaftServerImpl.java:requestVote(1401)) - s1@group-38723C2F496A replies to PRE_VOTE vote request: s0<-s1#0:OK-t0. Peer's state: s1@group-38723C2F496A:t0, leader=null, voted=, raftlog=Memoized:s1@group-38723C2F496A-SegmentedRaftLog:OPENED:c-1, conf=-1: peers:[s0|localhost:34949, s1|localhost:39591, s2|localhost:45303]|listeners:[], old=null
2023-10-31 16:06:27,620 [HandlerDaemon-0] INFO  impl.VoteContext (VoteContext.java:log(49)) - s2@group-38723C2F496A-FOLLOWER: accept PRE_VOTE from s0: our priority 0 <= candidate's priority 0
2023-10-31 16:06:27,620 [s0@group-38723C2F496A-LeaderElection7] INFO  impl.LeaderElection (LeaderElection.java:logAndReturn(89)) - s0@group-38723C2F496A-LeaderElection7: PRE_VOTE PASSED received 1 response(s) and 0 exception(s):
2023-10-31 16:06:27,620 [HandlerDaemon-0] INFO  server.RaftServer$Division (RaftServerImpl.java:requestVote(1401)) - s2@group-38723C2F496A replies to PRE_VOTE vote request: s0<-s2#0:OK-t0. Peer's state: s2@group-38723C2F496A:t0, leader=null, voted=, raftlog=Memoized:s2@group-38723C2F496A-SegmentedRaftLog:OPENED:c-1, conf=-1: peers:[s0|localhost:34949, s1|localhost:39591, s2|localhost:45303]|listeners:[], old=null
2023-10-31 16:06:27,620 [s0@group-38723C2F496A-LeaderElection7] INFO  impl.LeaderElection (LeaderElection.java:logAndReturn(93)) -   Response 0: s0<-s1#0:OK-t0
2023-10-31 16:06:27,620 [s0@group-38723C2F496A-LeaderElection7] INFO  impl.LeaderElection (LeaderElection.java:askForVotes(325)) - s0@group-38723C2F496A-LeaderElection7 PRE_VOTE round 0: result PASSED
2023-10-31 16:06:27,620 [s0@group-38723C2F496A-LeaderElection7] TRACE util.FileUtils (LogUtils.java:supplyAndLog(69)) - Successfully supplied FileChannel.open /home/runner/work/ratis/ratis/ratis-test/target/test/data/3084f93d/MiniRaftClusterWithSimulatedRpcadc53b80/s0/55fd2b97-ca25-406b-8a00-38723c2f496a/current/raft-meta.tmp with options [CREATE, WRITE]: sun.nio.ch.FileChannelImpl@7317cfc0
2023-10-31 16:06:27,622 [s0@group-38723C2F496A-LeaderElection7] TRACE util.FileUtils (LogUtils.java:runAndLog(49)) - Successfully ran Atomic Files.move /home/runner/work/ratis/ratis/ratis-test/target/test/data/3084f93d/MiniRaftClusterWithSimulatedRpcadc53b80/s0/55fd2b97-ca25-406b-8a00-38723c2f496a/current/raft-meta.tmp to /home/runner/work/ratis/ratis/ratis-test/target/test/data/3084f93d/MiniRaftClusterWithSimulatedRpcadc53b80/s0/55fd2b97-ca25-406b-8a00-38723c2f496a/current/raft-meta with options [REPLACE_EXISTING]
2023-10-31 16:06:27,622 [s0@group-38723C2F496A-LeaderElection7] INFO  impl.LeaderElection (LeaderElection.java:askForVotes(323)) - s0@group-38723C2F496A-LeaderElection7 ELECTION round 0: submit vote requests at term 1 for -1: peers:[s0|localhost:34949, s1|localhost:39591, s2|localhost:45303]|listeners:[], old=null
2023-10-31 16:06:27,623 [s0@group-38723C2F496A-LeaderElection7] INFO  server.RaftServerConfigKeys (ConfUtils.java:logFallback(53)) - raft.server.rpc.first-election.timeout.min = 150ms (fallback to raft.server.rpc.timeout.min)
2023-10-31 16:06:27,623 [s0@group-38723C2F496A-LeaderElection7] INFO  server.RaftServerConfigKeys (ConfUtils.java:logFallback(53)) - raft.server.rpc.first-election.timeout.max = 300ms (fallback to raft.server.rpc.timeout.max)
2023-10-31 16:06:27,623 [HandlerDaemon-1] INFO  server.RaftServer$Division (RaftServerImpl.java:requestVote(1368)) - s1@group-38723C2F496A: receive requestVote(ELECTION, s0, group-38723C2F496A, 1, (t:0, i:0))
2023-10-31 16:06:27,623 [HandlerDaemon-1] INFO  server.RaftServer$Division (RaftServerImpl.java:requestVote(1368)) - s2@group-38723C2F496A: receive requestVote(ELECTION, s0, group-38723C2F496A, 1, (t:0, i:0))
2023-10-31 16:06:27,623 [HandlerDaemon-1] INFO  impl.VoteContext (VoteContext.java:log(49)) - s1@group-38723C2F496A-FOLLOWER: accept ELECTION from s0: our priority 0 <= candidate's priority 0
2023-10-31 16:06:27,623 [HandlerDaemon-1] INFO  impl.VoteContext (VoteContext.java:log(49)) - s2@group-38723C2F496A-FOLLOWER: accept ELECTION from s0: our priority 0 <= candidate's priority 0
2023-10-31 16:06:27,623 [HandlerDaemon-1] INFO  server.RaftServer$Division (RaftServerImpl.java:setRole(377)) - s1@group-38723C2F496A: changes role from  FOLLOWER to FOLLOWER at term 1 for candidate:s0
2023-10-31 16:06:27,624 [HandlerDaemon-1] INFO  server.RaftServer$Division (RaftServerImpl.java:setRole(377)) - s2@group-38723C2F496A: changes role from  FOLLOWER to FOLLOWER at term 1 for candidate:s0
2023-10-31 16:06:27,624 [HandlerDaemon-1] INFO  impl.RoleInfo (RoleInfo.java:shutdownFollowerState(109)) - s1: shutdown s1@group-38723C2F496A-FollowerState
2023-10-31 16:06:27,624 [HandlerDaemon-1] INFO  impl.RoleInfo (RoleInfo.java:shutdownFollowerState(109)) - s2: shutdown s2@group-38723C2F496A-FollowerState
2023-10-31 16:06:27,624 [s1@group-38723C2F496A-FollowerState] INFO  impl.FollowerState (FollowerState.java:run(152)) - s1@group-38723C2F496A-FollowerState was interrupted
2023-10-31 16:06:27,624 [s2@group-38723C2F496A-FollowerState] INFO  impl.FollowerState (FollowerState.java:run(152)) - s2@group-38723C2F496A-FollowerState was interrupted
2023-10-31 16:06:27,625 [HandlerDaemon-1] INFO  impl.RoleInfo (RoleInfo.java:updateAndGet(138)) - s1: start s1@group-38723C2F496A-FollowerState
2023-10-31 16:06:27,625 [HandlerDaemon-1] INFO  impl.RoleInfo (RoleInfo.java:updateAndGet(138)) - s2: start s2@group-38723C2F496A-FollowerState
2023-10-31 16:06:27,625 [HandlerDaemon-1] INFO  server.RaftServer$Division (RaftServerImpl.java:setFirstElection(562)) - s1@group-38723C2F496A: set firstElectionSinceStartup to false for candidate:s0
2023-10-31 16:06:27,625 [HandlerDaemon-1] TRACE util.FileUtils (LogUtils.java:supplyAndLog(69)) - Successfully supplied FileChannel.open /home/runner/work/ratis/ratis/ratis-test/target/test/data/3084f93d/MiniRaftClusterWithSimulatedRpcadc53b80/s1/55fd2b97-ca25-406b-8a00-38723c2f496a/current/raft-meta.tmp with options [CREATE, WRITE]: sun.nio.ch.FileChannelImpl@66457bd
2023-10-31 16:06:27,629 [HandlerDaemon-1] INFO  server.RaftServer$Division (RaftServerImpl.java:setFirstElection(562)) - s2@group-38723C2F496A: set firstElectionSinceStartup to false for candidate:s0
2023-10-31 16:06:27,630 [HandlerDaemon-1] TRACE util.FileUtils (LogUtils.java:supplyAndLog(69)) - Successfully supplied FileChannel.open /home/runner/work/ratis/ratis/ratis-test/target/test/data/3084f93d/MiniRaftClusterWithSimulatedRpcadc53b80/s2/55fd2b97-ca25-406b-8a00-38723c2f496a/current/raft-meta.tmp with options [CREATE, WRITE]: sun.nio.ch.FileChannelImpl@7e71b453
2023-10-31 16:06:27,632 [HandlerDaemon-1] TRACE util.FileUtils (LogUtils.java:runAndLog(49)) - Successfully ran Atomic Files.move /home/runner/work/ratis/ratis/ratis-test/target/test/data/3084f93d/MiniRaftClusterWithSimulatedRpcadc53b80/s1/55fd2b97-ca25-406b-8a00-38723c2f496a/current/raft-meta.tmp to /home/runner/work/ratis/ratis/ratis-test/target/test/data/3084f93d/MiniRaftClusterWithSimulatedRpcadc53b80/s1/55fd2b97-ca25-406b-8a00-38723c2f496a/current/raft-meta with options [REPLACE_EXISTING]
2023-10-31 16:06:27,632 [HandlerDaemon-1] INFO  server.RaftServer$Division (RaftServerImpl.java:requestVote(1401)) - s1@group-38723C2F496A replies to ELECTION vote request: s0<-s1#0:OK-t1. Peer's state: s1@group-38723C2F496A:t1, leader=null, voted=s0, raftlog=Memoized:s1@group-38723C2F496A-SegmentedRaftLog:OPENED:c-1, conf=-1: peers:[s0|localhost:34949, s1|localhost:39591, s2|localhost:45303]|listeners:[], old=null
2023-10-31 16:06:27,633 [HandlerDaemon-1] TRACE util.FileUtils (LogUtils.java:runAndLog(49)) - Successfully ran Atomic Files.move /home/runner/work/ratis/ratis/ratis-test/target/test/data/3084f93d/MiniRaftClusterWithSimulatedRpcadc53b80/s2/55fd2b97-ca25-406b-8a00-38723c2f496a/current/raft-meta.tmp to /home/runner/work/ratis/ratis/ratis-test/target/test/data/3084f93d/MiniRaftClusterWithSimulatedRpcadc53b80/s2/55fd2b97-ca25-406b-8a00-38723c2f496a/current/raft-meta with options [REPLACE_EXISTING]
2023-10-31 16:06:27,633 [HandlerDaemon-1] INFO  server.RaftServer$Division (RaftServerImpl.java:requestVote(1401)) - s2@group-38723C2F496A replies to ELECTION vote request: s0<-s2#0:OK-t1. Peer's state: s2@group-38723C2F496A:t1, leader=null, voted=s0, raftlog=Memoized:s2@group-38723C2F496A-SegmentedRaftLog:OPENED:c-1, conf=-1: peers:[s0|localhost:34949, s1|localhost:39591, s2|localhost:45303]|listeners:[], old=null
2023-10-31 16:06:27,633 [s0@group-38723C2F496A-LeaderElection7] INFO  impl.LeaderElection (LeaderElection.java:logAndReturn(89)) - s0@group-38723C2F496A-LeaderElection7: ELECTION PASSED received 1 response(s) and 0 exception(s):
2023-10-31 16:06:27,633 [s0@group-38723C2F496A-LeaderElection7] INFO  impl.LeaderElection (LeaderElection.java:logAndReturn(93)) -   Response 0: s0<-s1#0:OK-t1
2023-10-31 16:06:27,633 [s0@group-38723C2F496A-LeaderElection7] INFO  impl.LeaderElection (LeaderElection.java:askForVotes(325)) - s0@group-38723C2F496A-LeaderElection7 ELECTION round 0: result PASSED
2023-10-31 16:06:27,633 [s0@group-38723C2F496A-LeaderElection7] INFO  impl.RoleInfo (RoleInfo.java:shutdownLeaderElection(129)) - s0: shutdown s0@group-38723C2F496A-LeaderElection7
2023-10-31 16:06:27,633 [s0@group-38723C2F496A-LeaderElection7] INFO  server.RaftServer$Division (RaftServerImpl.java:setRole(377)) - s0@group-38723C2F496A: changes role from CANDIDATE to LEADER at term 1 for changeToLeader
2023-10-31 16:06:27,634 [s0@group-38723C2F496A-LeaderElection7] INFO  server.RaftServerConfigKeys (ConfUtils.java:logGet(46)) - raft.server.staging.catchup.gap = 1000 (default)
2023-10-31 16:06:27,634 [s0@group-38723C2F496A-LeaderElection7] INFO  server.RaftServerConfigKeys (ConfUtils.java:logGet(46)) - raft.server.write.element-limit = 4096 (default)
2023-10-31 16:06:27,634 [s0@group-38723C2F496A-LeaderElection7] INFO  server.RaftServerConfigKeys (ConfUtils.java:logGet(46)) - raft.server.write.byte-limit = 64MB (=67108864) (default)
2023-10-31 16:06:27,634 [s0@group-38723C2F496A-LeaderElection7] INFO  server.RaftServerConfigKeys (ConfUtils.java:logGet(46)) - raft.server.watch.timeout = 10s (default)
2023-10-31 16:06:27,634 [s0@group-38723C2F496A-LeaderElection7] INFO  server.RaftServerConfigKeys (ConfUtils.java:logGet(46)) - raft.server.watch.timeout.denomination = 1s (default)
2023-10-31 16:06:27,634 [s0@group-38723C2F496A-LeaderElection7] INFO  server.RaftServerConfigKeys (ConfUtils.java:logGet(46)) - raft.server.watch.element-limit = 65536 (default)
2023-10-31 16:06:27,634 [s0@group-38723C2F496A-LeaderElection7] INFO  server.RaftServerConfigKeys (ConfUtils.java:logGet(46)) - raft.server.read.leader.lease.enabled = false (default)
2023-10-31 16:06:27,634 [s0@group-38723C2F496A-LeaderElection7] INFO  server.RaftServerConfigKeys (ConfUtils.java:logGet(46)) - raft.server.read.leader.lease.timeout.ratio = 0.9 (default)
2023-10-31 16:06:27,634 [s0@group-38723C2F496A-LeaderElection7] INFO  server.RaftServerConfigKeys (ConfUtils.java:logGet(46)) - raft.server.rpc.timeout.min = 150ms (default)
2023-10-31 16:06:27,634 [s0@group-38723C2F496A-LeaderElection7] INFO  server.RaftServerConfigKeys (ConfUtils.java:logGet(46)) - raft.server.write.element-limit = 4096 (default)
2023-10-31 16:06:27,634 [s0@group-38723C2F496A-LeaderElection7] INFO  server.RaftServerConfigKeys (ConfUtils.java:logGet(46)) - raft.server.write.follower.gap.ratio.max = -1.0 (default)
2023-10-31 16:06:27,635 [s0@group-38723C2F496A-LeaderElection7] INFO  server.RaftServerConfigKeys (ConfUtils.java:logGet(46)) - raft.server.log.appender.snapshot.chunk.size.max = 16MB (=16777216) (default)
2023-10-31 16:06:27,635 [s0@group-38723C2F496A-LeaderElection7] INFO  server.RaftServerConfigKeys (ConfUtils.java:logGet(46)) - raft.server.log.appender.buffer.byte-limit = 4MB (=4194304) (default)
2023-10-31 16:06:27,635 [s0@group-38723C2F496A-LeaderElection7] INFO  server.RaftServerConfigKeys (ConfUtils.java:logGet(46)) - raft.server.log.appender.buffer.element-limit = 0 (default)
2023-10-31 16:06:27,635 [s0@group-38723C2F496A-LeaderElection7] INFO  server.RaftServerConfigKeys (ConfUtils.java:logGet(46)) - raft.server.log.appender.wait-time.min = 1ms (default)
2023-10-31 16:06:27,635 [s0@group-38723C2F496A-LeaderElection7] INFO  server.RaftServerConfigKeys (ConfUtils.java:logGet(46)) - raft.server.log.appender.snapshot.chunk.size.max = 16MB (=16777216) (default)
2023-10-31 16:06:27,635 [s0@group-38723C2F496A-LeaderElection7] INFO  server.RaftServerConfigKeys (ConfUtils.java:logGet(46)) - raft.server.log.appender.buffer.byte-limit = 4MB (=4194304) (default)
2023-10-31 16:06:27,635 [s0@group-38723C2F496A-LeaderElection7] INFO  server.RaftServerConfigKeys (ConfUtils.java:logGet(46)) - raft.server.log.appender.buffer.element-limit = 0 (default)
2023-10-31 16:06:27,635 [s0@group-38723C2F496A-LeaderElection7] INFO  server.RaftServerConfigKeys (ConfUtils.java:logGet(46)) - raft.server.log.appender.wait-time.min = 1ms (default)
2023-10-31 16:06:27,635 [s0@group-38723C2F496A-LeaderElection7] INFO  impl.RoleInfo (RoleInfo.java:updateAndGet(138)) - s0: start s0@group-38723C2F496A-LeaderStateImpl
2023-10-31 16:06:27,635 [s0@group-38723C2F496A-LeaderElection7] INFO  server.RaftServer$Division (RaftServerImpl.java:setFirstElection(562)) - s0@group-38723C2F496A: set firstElectionSinceStartup to false for becomeLeader
2023-10-31 16:06:27,635 [s0@group-38723C2F496A-LeaderElection7] INFO  server.RaftServer$Division (ServerState.java:setLeader(265)) - s0@group-38723C2F496A: change Leader from null to s0 at term 1 for becomeLeader, leader elected after 241ms
2023-10-31 16:06:27,635 [s0@group-38723C2F496A-LeaderElection7] INFO  segmented.SegmentedRaftLogWorker (SegmentedRaftLogWorker.java:startLogSegment(428)) - s0@group-38723C2F496A-SegmentedRaftLogWorker: Starting segment from index:0
2023-10-31 16:06:27,637 [s0@group-38723C2F496A-LeaderElection7] INFO  server.RaftServer$Division (ServerState.java:setRaftConf(382)) - s0@group-38723C2F496A: set configuration 0: peers:[s0|localhost:34949, s1|localhost:39591, s2|localhost:45303]|listeners:[], old=null
2023-10-31 16:06:27,637 [s0@group-38723C2F496A-SegmentedRaftLogWorker] INFO  segmented.SegmentedRaftLogWorker (SegmentedRaftLogWorker.java:execute(632)) - s0@group-38723C2F496A-SegmentedRaftLogWorker: created new log segment /home/runner/work/ratis/ratis/ratis-test/target/test/data/3084f93d/MiniRaftClusterWithSimulatedRpcadc53b80/s0/55fd2b97-ca25-406b-8a00-38723c2f496a/current/log_inprogress_0
2023-10-31 16:06:27,637 [HandlerDaemon-2] INFO  server.RaftServer$Division (ServerState.java:setLeader(265)) - s1@group-38723C2F496A: change Leader from null to s0 at term 1 for appendEntries, leader elected after 238ms
2023-10-31 16:06:27,637 [HandlerDaemon-2] INFO  server.RaftServer$Division (ServerState.java:setLeader(265)) - s2@group-38723C2F496A: change Leader from null to s0 at term 1 for appendEntries, leader elected after 233ms
2023-10-31 16:06:27,641 [HandlerDaemon-0] INFO  server.RaftServer$Division (ServerState.java:setRaftConf(382)) - s1@group-38723C2F496A: set configuration 0: peers:[s0|localhost:34949, s1|localhost:39591, s2|localhost:45303]|listeners:[], old=null
2023-10-31 16:06:27,641 [HandlerDaemon-0] DEBUG raftlog.RaftLog (SegmentedRaftLog.java:appendImpl(463)) - truncateIndex=-1, arrayIndex=0
2023-10-31 16:06:27,641 [HandlerDaemon-0] INFO  segmented.SegmentedRaftLogWorker (SegmentedRaftLogWorker.java:startLogSegment(428)) - s1@group-38723C2F496A-SegmentedRaftLogWorker: Starting segment from index:0
2023-10-31 16:06:27,641 [HandlerDaemon-0] INFO  server.RaftServer$Division (ServerState.java:setRaftConf(382)) - s2@group-38723C2F496A: set configuration 0: peers:[s0|localhost:34949, s1|localhost:39591, s2|localhost:45303]|listeners:[], old=null
2023-10-31 16:06:27,641 [HandlerDaemon-0] DEBUG raftlog.RaftLog (SegmentedRaftLog.java:appendImpl(463)) - truncateIndex=-1, arrayIndex=0
2023-10-31 16:06:27,641 [HandlerDaemon-0] INFO  segmented.SegmentedRaftLogWorker (SegmentedRaftLogWorker.java:startLogSegment(428)) - s2@group-38723C2F496A-SegmentedRaftLogWorker: Starting segment from index:0
2023-10-31 16:06:27,643 [s1@group-38723C2F496A-SegmentedRaftLogWorker] INFO  segmented.SegmentedRaftLogWorker (SegmentedRaftLogWorker.java:execute(632)) - s1@group-38723C2F496A-SegmentedRaftLogWorker: created new log segment /home/runner/work/ratis/ratis/ratis-test/target/test/data/3084f93d/MiniRaftClusterWithSimulatedRpcadc53b80/s1/55fd2b97-ca25-406b-8a00-38723c2f496a/current/log_inprogress_0
2023-10-31 16:06:27,644 [s2@group-38723C2F496A-SegmentedRaftLogWorker] INFO  segmented.SegmentedRaftLogWorker (SegmentedRaftLogWorker.java:execute(632)) - s2@group-38723C2F496A-SegmentedRaftLogWorker: created new log segment /home/runner/work/ratis/ratis/ratis-test/target/test/data/3084f93d/MiniRaftClusterWithSimulatedRpcadc53b80/s2/55fd2b97-ca25-406b-8a00-38723c2f496a/current/log_inprogress_0
2023-10-31 16:06:27,644 [s0@group-38723C2F496A-StateMachineUpdater] INFO  server.RaftServer$Division (LeaderStateImpl.java:isApplied(308)) - leader is ready since appliedIndex == 0 >= startIndex == 0
2023-10-31 16:06:27,658 [HandlerDaemon-1] DEBUG raftlog.RaftLog (SegmentedRaftLog.java:appendImpl(463)) - truncateIndex=-1, arrayIndex=0
2023-10-31 16:06:27,661 [HandlerDaemon-2] DEBUG raftlog.RaftLog (SegmentedRaftLog.java:appendImpl(463)) - truncateIndex=-1, arrayIndex=0
2023-10-31 16:06:27,661 [HandlerDaemon-1] DEBUG raftlog.RaftLog (SegmentedRaftLog.java:appendImpl(463)) - truncateIndex=-1, arrayIndex=0
2023-10-31 16:06:27,661 [s0@group-38723C2F496A-StateMachineUpdater] INFO  impl.SimpleStateMachine4Testing (SimpleStateMachine4Testing.java:applyTransaction(248)) - applyTransaction for log index 1
2023-10-31 16:06:27,661 [s0@group-38723C2F496A-StateMachineUpdater] INFO  impl.SimpleStateMachine4Testing (SimpleStateMachine4Testing.java:put(205)) - s0: put 1, m0 -> (t:1, i:1), STATEMACHINELOGENTRY, 153@client-E1199FC2390E
2023-10-31 16:06:27,662 [s0@group-38723C2F496A-StateMachineUpdater] INFO  impl.SimpleStateMachine4Testing (SimpleStateMachine4Testing.java:applyTransaction(248)) - applyTransaction for log index 2
2023-10-31 16:06:27,662 [s0@group-38723C2F496A-StateMachineUpdater] INFO  impl.SimpleStateMachine4Testing (SimpleStateMachine4Testing.java:put(205)) - s0: put 2, m3 -> (t:1, i:2), STATEMACHINELOGENTRY, 157@client-8C5F0F5D8DB9
2023-10-31 16:06:27,662 [s0@group-38723C2F496A-StateMachineUpdater] INFO  impl.SimpleStateMachine4Testing (SimpleStateMachine4Testing.java:applyTransaction(248)) - applyTransaction for log index 3
2023-10-31 16:06:27,662 [s0@group-38723C2F496A-StateMachineUpdater] INFO  impl.SimpleStateMachine4Testing (SimpleStateMachine4Testing.java:put(205)) - s0: put 3, m4 -> (t:1, i:3), STATEMACHINELOGENTRY, 159@client-781D3B77F666
2023-10-31 16:06:27,662 [s0@group-38723C2F496A-StateMachineUpdater] INFO  impl.SimpleStateMachine4Testing (SimpleStateMachine4Testing.java:applyTransaction(248)) - applyTransaction for log index 4
2023-10-31 16:06:27,662 [s0@group-38723C2F496A-StateMachineUpdater] INFO  impl.SimpleStateMachine4Testing (SimpleStateMachine4Testing.java:put(205)) - s0: put 4, m9 -> (t:1, i:4), STATEMACHINELOGENTRY, 154@client-113CBBC55E26
2023-10-31 16:06:27,663 [HandlerDaemon-0] DEBUG raftlog.RaftLog (SegmentedRaftLog.java:appendImpl(463)) - truncateIndex=-1, arrayIndex=0
2023-10-31 16:06:27,663 [s0@group-38723C2F496A-StateMachineUpdater] INFO  impl.SimpleStateMachine4Testing (SimpleStateMachine4Testing.java:applyTransaction(248)) - applyTransaction for log index 5
2023-10-31 16:06:27,664 [s0@group-38723C2F496A-StateMachineUpdater] INFO  impl.SimpleStateMachine4Testing (SimpleStateMachine4Testing.java:put(205)) - s0: put 5, m6 -> (t:1, i:5), STATEMACHINELOGENTRY, 160@client-BEE849A4F175
2023-10-31 16:06:27,664 [s0@group-38723C2F496A-StateMachineUpdater] INFO  impl.SimpleStateMachine4Testing (SimpleStateMachine4Testing.java:applyTransaction(248)) - applyTransaction for log index 6
2023-10-31 16:06:27,664 [s0@group-38723C2F496A-StateMachineUpdater] INFO  impl.SimpleStateMachine4Testing (SimpleStateMachine4Testing.java:put(205)) - s0: put 6, m8 -> (t:1, i:6), STATEMACHINELOGENTRY, 161@client-04090C1BD8D2
2023-10-31 16:06:27,665 [s1@group-38723C2F496A-StateMachineUpdater] INFO  impl.SimpleStateMachine4Testing (SimpleStateMachine4Testing.java:applyTransaction(248)) - applyTransaction for log index 1
2023-10-31 16:06:27,665 [s1@group-38723C2F496A-StateMachineUpdater] INFO  impl.SimpleStateMachine4Testing (SimpleStateMachine4Testing.java:put(205)) - s1: put 1, m0 -> (t:1, i:1), STATEMACHINELOGENTRY, 153@client-E1199FC2390E
2023-10-31 16:06:27,665 [s1@group-38723C2F496A-StateMachineUpdater] INFO  impl.SimpleStateMachine4Testing (SimpleStateMachine4Testing.java:applyTransaction(248)) - applyTransaction for log index 2
2023-10-31 16:06:27,665 [s1@group-38723C2F496A-StateMachineUpdater] INFO  impl.SimpleStateMachine4Testing (SimpleStateMachine4Testing.java:put(205)) - s1: put 2, m3 -> (t:1, i:2), STATEMACHINELOGENTRY, 157@client-8C5F0F5D8DB9
2023-10-31 16:06:27,665 [s1@group-38723C2F496A-StateMachineUpdater] INFO  impl.SimpleStateMachine4Testing (SimpleStateMachine4Testing.java:applyTransaction(248)) - applyTransaction for log index 3
2023-10-31 16:06:27,665 [s1@group-38723C2F496A-StateMachineUpdater] INFO  impl.SimpleStateMachine4Testing (SimpleStateMachine4Testing.java:put(205)) - s1: put 3, m4 -> (t:1, i:3), STATEMACHINELOGENTRY, 159@client-781D3B77F666
2023-10-31 16:06:27,665 [s1@group-38723C2F496A-StateMachineUpdater] INFO  impl.SimpleStateMachine4Testing (SimpleStateMachine4Testing.java:applyTransaction(248)) - applyTransaction for log index 4
2023-10-31 16:06:27,665 [s1@group-38723C2F496A-StateMachineUpdater] INFO  impl.SimpleStateMachine4Testing (SimpleStateMachine4Testing.java:put(205)) - s1: put 4, m9 -> (t:1, i:4), STATEMACHINELOGENTRY, 154@client-113CBBC55E26
2023-10-31 16:06:27,666 [HandlerDaemon-1] DEBUG raftlog.RaftLog (SegmentedRaftLog.java:appendImpl(463)) - truncateIndex=-1, arrayIndex=0
2023-10-31 16:06:27,666 [s0@group-38723C2F496A-StateMachineUpdater] INFO  impl.SimpleStateMachine4Testing (SimpleStateMachine4Testing.java:applyTransaction(248)) - applyTransaction for log index 8
2023-10-31 16:06:27,667 [s0@group-38723C2F496A-StateMachineUpdater] INFO  impl.SimpleStateMachine4Testing (SimpleStateMachine4Testing.java:put(205)) - s0: put 8, m2 -> (t:1, i:8), STATEMACHINELOGENTRY, 155@client-8053DDC2CC72
2023-10-31 16:06:27,667 [s0@group-38723C2F496A-StateMachineUpdater] INFO  impl.SimpleStateMachine4Testing (SimpleStateMachine4Testing.java:applyTransaction(248)) - applyTransaction for log index 9
2023-10-31 16:06:27,667 [s0@group-38723C2F496A-StateMachineUpdater] INFO  impl.SimpleStateMachine4Testing (SimpleStateMachine4Testing.java:put(205)) - s0: put 9, m7 -> (t:1, i:9), STATEMACHINELOGENTRY, 162@client-692B047E92A5
2023-10-31 16:06:27,667 [HandlerDaemon-2] DEBUG raftlog.RaftLog (SegmentedRaftLog.java:appendImpl(463)) - truncateIndex=-1, arrayIndex=0
2023-10-31 16:06:27,668 [HandlerDaemon-2] DEBUG raftlog.RaftLog (SegmentedRaftLog.java:appendImpl(463)) - truncateIndex=-1, arrayIndex=0
2023-10-31 16:06:27,668 [s1@group-38723C2F496A-StateMachineUpdater] INFO  impl.SimpleStateMachine4Testing (SimpleStateMachine4Testing.java:applyTransaction(248)) - applyTransaction for log index 5
2023-10-31 16:06:27,668 [s1@group-38723C2F496A-StateMachineUpdater] INFO  impl.SimpleStateMachine4Testing (SimpleStateMachine4Testing.java:put(205)) - s1: put 5, m6 -> (t:1, i:5), STATEMACHINELOGENTRY, 160@client-BEE849A4F175
2023-10-31 16:06:27,669 [s1@group-38723C2F496A-StateMachineUpdater] INFO  impl.SimpleStateMachine4Testing (SimpleStateMachine4Testing.java:applyTransaction(248)) - applyTransaction for log index 6
2023-10-31 16:06:27,669 [s1@group-38723C2F496A-StateMachineUpdater] INFO  impl.SimpleStateMachine4Testing (SimpleStateMachine4Testing.java:put(205)) - s1: put 6, m8 -> (t:1, i:6), STATEMACHINELOGENTRY, 161@client-04090C1BD8D2
2023-10-31 16:06:27,669 [s1@group-38723C2F496A-StateMachineUpdater] INFO  impl.SimpleStateMachine4Testing (SimpleStateMachine4Testing.java:applyTransaction(248)) - applyTransaction for log index 8
2023-10-31 16:06:27,669 [s1@group-38723C2F496A-StateMachineUpdater] INFO  impl.SimpleStateMachine4Testing (SimpleStateMachine4Testing.java:put(205)) - s1: put 8, m2 -> (t:1, i:8), STATEMACHINELOGENTRY, 155@client-8053DDC2CC72
2023-10-31 16:06:27,669 [s1@group-38723C2F496A-StateMachineUpdater] INFO  impl.SimpleStateMachine4Testing (SimpleStateMachine4Testing.java:applyTransaction(248)) - applyTransaction for log index 9
2023-10-31 16:06:27,669 [s1@group-38723C2F496A-StateMachineUpdater] INFO  impl.SimpleStateMachine4Testing (SimpleStateMachine4Testing.java:put(205)) - s1: put 9, m7 -> (t:1, i:9), STATEMACHINELOGENTRY, 162@client-692B047E92A5
2023-10-31 16:06:27,670 [s2@group-38723C2F496A-StateMachineUpdater] INFO  impl.SimpleStateMachine4Testing (SimpleStateMachine4Testing.java:applyTransaction(248)) - applyTransaction for log index 1
2023-10-31 16:06:27,670 [s2@group-38723C2F496A-StateMachineUpdater] INFO  impl.SimpleStateMachine4Testing (SimpleStateMachine4Testing.java:put(205)) - s2: put 1, m0 -> (t:1, i:1), STATEMACHINELOGENTRY, 153@client-E1199FC2390E
2023-10-31 16:06:27,670 [s2@group-38723C2F496A-StateMachineUpdater] INFO  impl.SimpleStateMachine4Testing (SimpleStateMachine4Testing.java:applyTransaction(248)) - applyTransaction for log index 2
2023-10-31 16:06:27,670 [s2@group-38723C2F496A-StateMachineUpdater] INFO  impl.SimpleStateMachine4Testing (SimpleStateMachine4Testing.java:put(205)) - s2: put 2, m3 -> (t:1, i:2), STATEMACHINELOGENTRY, 157@client-8C5F0F5D8DB9
2023-10-31 16:06:27,670 [s2@group-38723C2F496A-StateMachineUpdater] INFO  impl.SimpleStateMachine4Testing (SimpleStateMachine4Testing.java:applyTransaction(248)) - applyTransaction for log index 3
2023-10-31 16:06:27,670 [s2@group-38723C2F496A-StateMachineUpdater] INFO  impl.SimpleStateMachine4Testing (SimpleStateMachine4Testing.java:put(205)) - s2: put 3, m4 -> (t:1, i:3), STATEMACHINELOGENTRY, 159@client-781D3B77F666
2023-10-31 16:06:27,671 [s2@group-38723C2F496A-StateMachineUpdater] INFO  impl.SimpleStateMachine4Testing (SimpleStateMachine4Testing.java:applyTransaction(248)) - applyTransaction for log index 4
2023-10-31 16:06:27,671 [s2@group-38723C2F496A-StateMachineUpdater] INFO  impl.SimpleStateMachine4Testing (SimpleStateMachine4Testing.java:put(205)) - s2: put 4, m9 -> (t:1, i:4), STATEMACHINELOGENTRY, 154@client-113CBBC55E26
2023-10-31 16:06:27,671 [s2@group-38723C2F496A-StateMachineUpdater] INFO  impl.SimpleStateMachine4Testing (SimpleStateMachine4Testing.java:applyTransaction(248)) - applyTransaction for log index 5
2023-10-31 16:06:27,671 [s2@group-38723C2F496A-StateMachineUpdater] INFO  impl.SimpleStateMachine4Testing (SimpleStateMachine4Testing.java:put(205)) - s2: put 5, m6 -> (t:1, i:5), STATEMACHINELOGENTRY, 160@client-BEE849A4F175
2023-10-31 16:06:27,671 [s2@group-38723C2F496A-StateMachineUpdater] INFO  impl.SimpleStateMachine4Testing (SimpleStateMachine4Testing.java:applyTransaction(248)) - applyTransaction for log index 6
2023-10-31 16:06:27,671 [s2@group-38723C2F496A-StateMachineUpdater] INFO  impl.SimpleStateMachine4Testing (SimpleStateMachine4Testing.java:put(205)) - s2: put 6, m8 -> (t:1, i:6), STATEMACHINELOGENTRY, 161@client-04090C1BD8D2
2023-10-31 16:06:27,672 [HandlerDaemon-0] DEBUG raftlog.RaftLog (SegmentedRaftLog.java:appendImpl(463)) - truncateIndex=-1, arrayIndex=0
2023-10-31 16:06:27,673 [s2@group-38723C2F496A-StateMachineUpdater] INFO  impl.SimpleStateMachine4Testing (SimpleStateMachine4Testing.java:applyTransaction(248)) - applyTransaction for log index 8
2023-10-31 16:06:27,673 [s2@group-38723C2F496A-StateMachineUpdater] INFO  impl.SimpleStateMachine4Testing (SimpleStateMachine4Testing.java:put(205)) - s2: put 8, m2 -> (t:1, i:8), STATEMACHINELOGENTRY, 155@client-8053DDC2CC72
2023-10-31 16:06:27,673 [s2@group-38723C2F496A-StateMachineUpdater] INFO  impl.SimpleStateMachine4Testing (SimpleStateMachine4Testing.java:applyTransaction(248)) - applyTransaction for log index 9
2023-10-31 16:06:27,673 [s2@group-38723C2F496A-StateMachineUpdater] INFO  impl.SimpleStateMachine4Testing (SimpleStateMachine4Testing.java:put(205)) - s2: put 9, m7 -> (t:1, i:9), STATEMACHINELOGENTRY, 162@client-692B047E92A5
2023-10-31 16:06:27,759 [HandlerDaemon-2] DEBUG raftlog.RaftLog (SegmentedRaftLog.java:appendImpl(463)) - truncateIndex=-1, arrayIndex=0
2023-10-31 16:06:27,760 [HandlerDaemon-1] DEBUG raftlog.RaftLog (SegmentedRaftLog.java:appendImpl(463)) - truncateIndex=-1, arrayIndex=0
2023-10-31 16:06:27,761 [s0@group-38723C2F496A-StateMachineUpdater] INFO  impl.SimpleStateMachine4Testing (SimpleStateMachine4Testing.java:applyTransaction(248)) - applyTransaction for log index 12
2023-10-31 16:06:27,761 [s0@group-38723C2F496A-StateMachineUpdater] INFO  impl.SimpleStateMachine4Testing (SimpleStateMachine4Testing.java:put(205)) - s0: put 12, m1 -> (t:1, i:12), STATEMACHINELOGENTRY, 156@client-04EF28DDBE7E
2023-10-31 16:06:27,762 [s0@group-38723C2F496A-StateMachineUpdater] INFO  impl.SimpleStateMachine4Testing (SimpleStateMachine4Testing.java:applyTransaction(248)) - applyTransaction for log index 13
2023-10-31 16:06:27,762 [s0@group-38723C2F496A-StateMachineUpdater] INFO  impl.SimpleStateMachine4Testing (SimpleStateMachine4Testing.java:put(205)) - s0: put 13, m5 -> (t:1, i:13), STATEMACHINELOGENTRY, 158@client-47338475AB7E
2023-10-31 16:06:27,762 [Time-limited test] INFO  simulation.TestServerRestartWithSimulatedRpc (ServerRestartTests.java:runTestRestartCommitIndex(257)) - sent 10 messages.
2023-10-31 16:06:27,766 [HandlerDaemon-0] DEBUG raftlog.RaftLog (SegmentedRaftLog.java:appendImpl(463)) - truncateIndex=-1, arrayIndex=0
2023-10-31 16:06:27,767 [HandlerDaemon-2] DEBUG raftlog.RaftLog (SegmentedRaftLog.java:appendImpl(463)) - truncateIndex=-1, arrayIndex=0
2023-10-31 16:06:27,767 [s2@group-38723C2F496A-StateMachineUpdater] INFO  impl.SimpleStateMachine4Testing (SimpleStateMachine4Testing.java:applyTransaction(248)) - applyTransaction for log index 12
2023-10-31 16:06:27,767 [s2@group-38723C2F496A-StateMachineUpdater] INFO  impl.SimpleStateMachine4Testing (SimpleStateMachine4Testing.java:put(205)) - s2: put 12, m1 -> (t:1, i:12), STATEMACHINELOGENTRY, 156@client-04EF28DDBE7E
2023-10-31 16:06:27,767 [s2@group-38723C2F496A-StateMachineUpdater] INFO  impl.SimpleStateMachine4Testing (SimpleStateMachine4Testing.java:applyTransaction(248)) - applyTransaction for log index 13
2023-10-31 16:06:27,767 [s2@group-38723C2F496A-StateMachineUpdater] INFO  impl.SimpleStateMachine4Testing (SimpleStateMachine4Testing.java:put(205)) - s2: put 13, m5 -> (t:1, i:13), STATEMACHINELOGENTRY, 158@client-47338475AB7E
2023-10-31 16:06:27,768 [s1@group-38723C2F496A-StateMachineUpdater] INFO  impl.SimpleStateMachine4Testing (SimpleStateMachine4Testing.java:applyTransaction(248)) - applyTransaction for log index 12
2023-10-31 16:06:27,768 [s1@group-38723C2F496A-StateMachineUpdater] INFO  impl.SimpleStateMachine4Testing (SimpleStateMachine4Testing.java:put(205)) - s1: put 12, m1 -> (t:1, i:12), STATEMACHINELOGENTRY, 156@client-04EF28DDBE7E
2023-10-31 16:06:27,768 [s1@group-38723C2F496A-StateMachineUpdater] INFO  impl.SimpleStateMachine4Testing (SimpleStateMachine4Testing.java:applyTransaction(248)) - applyTransaction for log index 13
2023-10-31 16:06:27,768 [s1@group-38723C2F496A-StateMachineUpdater] INFO  impl.SimpleStateMachine4Testing (SimpleStateMachine4Testing.java:put(205)) - s1: put 13, m5 -> (t:1, i:13), STATEMACHINELOGENTRY, 158@client-47338475AB7E
2023-10-31 16:06:27,830 [Time-limited test] INFO  ratis.RaftTestUtil (RaftTestUtil.java:getStateMachineLogEntries(275)) - Found (t:1, i:0), CONFIGURATIONENTRY(current:id: "s0"
address: "localhost:34949"
dataStreamAddress: "localhost:39459"
clientAddress: "localhost:40887"
adminAddress: "localhost:37833"
startupRole: FOLLOWER
,id: "s1"
address: "localhost:39591"
dataStreamAddress: "localhost:40275"
clientAddress: "localhost:32959"
adminAddress: "localhost:46033"
startupRole: FOLLOWER
,id: "s2"
address: "localhost:45303"
dataStreamAddress: "localhost:33273"
clientAddress: "localhost:46147"
adminAddress: "localhost:41205"
startupRole: FOLLOWER
, old:), ignoring it.
2023-10-31 16:06:27,831 [Time-limited test] INFO  ratis.RaftTestUtil (RaftTestUtil.java:getStateMachineLogEntries(272)) - (t:1, i:1), STATEMACHINELOGENTRY, 153@client-E1199FC2390E, logData: "m0", stateMachineEntry {,   stateMachineData: "StateMachine Data", }, clientId: "\370\265\3446/\356M\017\225\017\341\031\237\3029\016", callId: 153
2023-10-31 16:06:27,831 [Time-limited test] INFO  ratis.RaftTestUtil (RaftTestUtil.java:getStateMachineLogEntries(272)) - (t:1, i:2), STATEMACHINELOGENTRY, 157@client-8C5F0F5D8DB9, logData: "m3", stateMachineEntry {,   stateMachineData: "StateMachine Data", }, clientId: "\a\263Go\232\202N\243\270\356\214_\017]\215\271", callId: 157
2023-10-31 16:06:27,832 [Time-limited test] INFO  ratis.RaftTestUtil (RaftTestUtil.java:getStateMachineLogEntries(272)) - (t:1, i:3), STATEMACHINELOGENTRY, 159@client-781D3B77F666, logData: "m4", stateMachineEntry {,   stateMachineData: "StateMachine Data", }, clientId: "P\344\031==\005G*\227\350x\035;w\366f", callId: 159
2023-10-31 16:06:27,832 [Time-limited test] INFO  ratis.RaftTestUtil (RaftTestUtil.java:getStateMachineLogEntries(272)) - (t:1, i:4), STATEMACHINELOGENTRY, 154@client-113CBBC55E26, logData: "m9", stateMachineEntry {,   stateMachineData: "StateMachine Data", }, clientId: "\215\322K\201y&K\207\223\340\021<\273\305^&", callId: 154
2023-10-31 16:06:27,832 [Time-limited test] INFO  ratis.RaftTestUtil (RaftTestUtil.java:getStateMachineLogEntries(272)) - (t:1, i:5), STATEMACHINELOGENTRY, 160@client-BEE849A4F175, logData: "m6", stateMachineEntry {,   stateMachineData: "StateMachine Data", }, clientId: "=\212\n\037\323\313I\345\234\234\276\350I\244\361u", callId: 160
2023-10-31 16:06:27,833 [Time-limited test] INFO  ratis.RaftTestUtil (RaftTestUtil.java:getStateMachineLogEntries(272)) - (t:1, i:6), STATEMACHINELOGENTRY, 161@client-04090C1BD8D2, logData: "m8", stateMachineEntry {,   stateMachineData: "StateMachine Data", }, clientId: "\262\234nF\005\'J5\256\031\004\t\f\033\330\322", callId: 161
2023-10-31 16:06:27,833 [Time-limited test] INFO  ratis.RaftTestUtil (RaftTestUtil.java:getStateMachineLogEntries(277)) - Found (t:1, i:7), METADATAENTRY(c:4), ignoring it.
2023-10-31 16:06:27,833 [Time-limited test] INFO  ratis.RaftTestUtil (RaftTestUtil.java:getStateMachineLogEntries(272)) - (t:1, i:8), STATEMACHINELOGENTRY, 155@client-8053DDC2CC72, logData: "m2", stateMachineEntry {,   stateMachineData: "StateMachine Data", }, clientId: "\3779\020\271\376\026O\361\271\302\200S\335\302\314r", callId: 155
2023-10-31 16:06:27,834 [Time-limited test] INFO  ratis.RaftTestUtil (RaftTestUtil.java:getStateMachineLogEntries(272)) - (t:1, i:9), STATEMACHINELOGENTRY, 162@client-692B047E92A5, logData: "m7", stateMachineEntry {,   stateMachineData: "StateMachine Data", }, clientId: "\330y`L\232jC&\266\255i+\004~\222\245", callId: 162
2023-10-31 16:06:27,834 [Time-limited test] INFO  ratis.RaftTestUtil (RaftTestUtil.java:getStateMachineLogEntries(277)) - Found (t:1, i:10), METADATAENTRY(c:6), ignoring it.
2023-10-31 16:06:27,834 [Time-limited test] INFO  ratis.RaftTestUtil (RaftTestUtil.java:getStateMachineLogEntries(277)) - Found (t:1, i:11), METADATAENTRY(c:9), ignoring it.
2023-10-31 16:06:27,834 [Time-limited test] INFO  ratis.RaftTestUtil (RaftTestUtil.java:getStateMachineLogEntries(272)) - (t:1, i:12), STATEMACHINELOGENTRY, 156@client-04EF28DDBE7E, logData: "m1", stateMachineEntry {,   stateMachineData: "StateMachine Data", }, clientId: "u=,\211X\\CM\271\215\004\357(\335\276~", callId: 156
2023-10-31 16:06:27,835 [Time-limited test] INFO  ratis.RaftTestUtil (RaftTestUtil.java:getStateMachineLogEntries(272)) - (t:1, i:13), STATEMACHINELOGENTRY, 158@client-47338475AB7E, logData: "m5", stateMachineEntry {,   stateMachineData: "StateMachine Data", }, clientId: ".\t\344\024kzD1\277\023G3\204u\253~", callId: 158
2023-10-31 16:06:27,835 [Time-limited test] INFO  ratis.RaftTestUtil (RaftTestUtil.java:getStateMachineLogEntries(277)) - Found (t:1, i:14), METADATAENTRY(c:13), ignoring it.
2023-10-31 16:06:27,835 [Time-limited test] INFO  simulation.TestServerRestartWithSimulatedRpc (ServerRestartTests.java:runTestRestartCommitIndex(271)) - s0: leader lastIndex=14
2023-10-31 16:06:27,835 [Time-limited test] INFO  simulation.TestServerRestartWithSimulatedRpc (ServerRestartTests.java:runTestRestartCommitIndex(273)) - s0: leader lastEntry entry[14] = (t:1, i:14), METADATAENTRY(c:13)
2023-10-31 16:06:27,835 [Time-limited test] INFO  simulation.TestServerRestartWithSimulatedRpc (ServerRestartTests.java:runTestRestartCommitIndex(276)) - s0: leader lastCommittedEntry = entry[13] = (t:1, i:13), STATEMACHINELOGENTRY, 158@client-47338475AB7E
2023-10-31 16:06:27,835 [Time-limited test] INFO  simulation.TestServerRestartWithSimulatedRpc (ServerRestartTests.java:runTestRestartCommitIndex(281)) - s0: leader lastAppliedTermIndex = (t:1, i:14)
2023-10-31 16:06:27,849 [Time-limited test] TRACE util.FileUtils (LogUtils.java:supplyAndLog(69)) - Successfully supplied FileChannel.open /home/runner/work/ratis/ratis/ratis-test/target/test/data/3084f93d/MiniRaftClusterWithSimulatedRpcadc53b80/s0/55fd2b97-ca25-406b-8a00-38723c2f496a/sm/snapshot.1_14 with options [READ]: sun.nio.ch.FileChannelImpl@7084b4ed
2023-10-31 16:06:27,851 [Time-limited test] TRACE util.FileUtils (LogUtils.java:supplyAndLog(69)) - Successfully supplied FileChannel.open /home/runner/work/ratis/ratis/ratis-test/target/test/data/3084f93d/MiniRaftClusterWithSimulatedRpcadc53b80/s0/55fd2b97-ca25-406b-8a00-38723c2f496a/sm/snapshot.1_14.md5.tmp with options [CREATE, WRITE]: sun.nio.ch.FileChannelImpl@3a913b3a
2023-10-31 16:06:27,853 [Time-limited test] TRACE util.FileUtils (LogUtils.java:runAndLog(49)) - Successfully ran Atomic Files.move /home/runner/work/ratis/ratis/ratis-test/target/test/data/3084f93d/MiniRaftClusterWithSimulatedRpcadc53b80/s0/55fd2b97-ca25-406b-8a00-38723c2f496a/sm/snapshot.1_14.md5.tmp to /home/runner/work/ratis/ratis/ratis-test/target/test/data/3084f93d/MiniRaftClusterWithSimulatedRpcadc53b80/s0/55fd2b97-ca25-406b-8a00-38723c2f496a/sm/snapshot.1_14.md5 with options [REPLACE_EXISTING]
2023-10-31 16:06:27,855 [Time-limited test] INFO  segmented.SegmentedRaftLogWorker (SegmentedRaftLogWorker.java:truncate(444)) - s0@group-38723C2F496A-SegmentedRaftLogWorker: Truncating segments toTruncate: (0, 14) isOpen? true, length=856, newEndIndex=13
  toDelete: [], start index 14
2023-10-31 16:06:27,855 [s0@group-38723C2F496A-SegmentedRaftLogWorker] TRACE util.FileUtils (LogUtils.java:runAndLog(49)) - Successfully ran FileChannel.truncate /home/runner/work/ratis/ratis/ratis-test/target/test/data/3084f93d/MiniRaftClusterWithSimulatedRpcadc53b80/s0/55fd2b97-ca25-406b-8a00-38723c2f496a/current/log_inprogress_0 length: 699 -> 856
2023-10-31 16:06:27,856 [s0@group-38723C2F496A-SegmentedRaftLogWorker] TRACE util.FileUtils (LogUtils.java:runAndLog(49)) - Successfully ran Atomic Files.move /home/runner/work/ratis/ratis/ratis-test/target/test/data/3084f93d/MiniRaftClusterWithSimulatedRpcadc53b80/s0/55fd2b97-ca25-406b-8a00-38723c2f496a/current/log_inprogress_0 to /home/runner/work/ratis/ratis/ratis-test/target/test/data/3084f93d/MiniRaftClusterWithSimulatedRpcadc53b80/s0/55fd2b97-ca25-406b-8a00-38723c2f496a/current/log_0-13
2023-10-31 16:06:27,856 [s0@group-38723C2F496A-SegmentedRaftLogWorker] INFO  segmented.SegmentedRaftLogWorker (SegmentedRaftLogWorker.java:execute(687)) - s0@group-38723C2F496A-SegmentedRaftLogWorker: Truncated log file /home/runner/work/ratis/ratis/ratis-test/target/test/data/3084f93d/MiniRaftClusterWithSimulatedRpcadc53b80/s0/55fd2b97-ca25-406b-8a00-38723c2f496a/current/log_inprogress_0 to length 856 and moved it to /home/runner/work/ratis/ratis/ratis-test/target/test/data/3084f93d/MiniRaftClusterWithSimulatedRpcadc53b80/s0/55fd2b97-ca25-406b-8a00-38723c2f496a/current/log_0-13
2023-10-31 16:06:27,856 [s0@group-38723C2F496A-SegmentedRaftLogWorker] INFO  segmented.SegmentedRaftLogWorker (SegmentedRaftLogWorker.java:lambda$new$0(135)) - s0@group-38723C2F496A-SegmentedRaftLogWorker: flushIndex: setUnconditionally 14 -> 13
2023-10-31 16:06:27,856 [s0@group-38723C2F496A-SegmentedRaftLogWorker] INFO  segmented.SegmentedRaftLogWorker (SegmentedRaftLogWorker.java:lambda$new$0(135)) - s0@group-38723C2F496A-SegmentedRaftLogWorker: safeCacheEvictIndex: setUnconditionally -1 -> 13
2023-10-31 16:06:27,856 [Time-limited test] INFO  impl.MiniRaftCluster (MiniRaftCluster.java:killServer(533)) - killServer s0
2023-10-31 16:06:27,857 [Time-limited test] INFO  server.RaftServer (RaftServerProxy.java:lambda$close$9(416)) - s0: close
2023-10-31 16:06:27,857 [s0-impl-thread1] INFO  server.RaftServer$Division (RaftServerImpl.java:lambda$close$3(514)) - s0@group-38723C2F496A: shutdown
2023-10-31 16:06:27,857 [HandlerDaemon-1] INFO  simulation.RequestHandler (RequestHandler.java:run(127)) - s0.clientHandler1 is interrupted by java.io.InterruptedIOException: 
2023-10-31 16:06:27,857 [s0-impl-thread1] INFO  util.JmxRegister (JmxRegister.java:unregister(73)) - Successfully un-registered JMX Bean with object name Ratis:service=RaftServer,group=group-38723C2F496A,id=s0
2023-10-31 16:06:27,857 [HandlerDaemon-0] INFO  simulation.RequestHandler (RequestHandler.java:run(127)) - s0.clientHandler0 is interrupted by java.io.InterruptedIOException: 
2023-10-31 16:06:27,857 [s0-impl-thread1] INFO  impl.RoleInfo (RoleInfo.java:shutdownLeaderState(92)) - s0: shutdown s0@group-38723C2F496A-LeaderStateImpl
2023-10-31 16:06:27,858 [HandlerDaemon-2] INFO  simulation.RequestHandler (RequestHandler.java:run(127)) - s0.clientHandler2 is interrupted by java.io.InterruptedIOException: 
2023-10-31 16:06:27,858 [s0-impl-thread1] INFO  impl.PendingRequests (PendingRequests.java:sendNotLeaderResponses(289)) - s0@group-38723C2F496A-PendingRequests: sendNotLeaderResponses
2023-10-31 16:06:27,858 [s0-impl-thread1] INFO  impl.StateMachineUpdater (StateMachineUpdater.java:stopAndJoin(157)) - s0@group-38723C2F496A-StateMachineUpdater: set stopIndex = 14
2023-10-31 16:06:27,859 [s0-impl-thread1] INFO  server.RaftServer$Division (ServerState.java:close(423)) - s0@group-38723C2F496A: applyIndex: 14
2023-10-31 16:06:27,859 [s0@group-38723C2F496A-cacheEviction-AwaitToRun] INFO  util.AwaitToRun (AwaitToRun.java:run(49)) - s0@group-38723C2F496A-cacheEviction-AwaitToRun-AwaitForSignal is interrupted
2023-10-31 16:06:27,859 [HandlerDaemon-0] INFO  simulation.RequestHandler (RequestHandler.java:run(127)) - s0.serverHandler0 is interrupted by java.io.InterruptedIOException: 
2023-10-31 16:06:27,859 [HandlerDaemon-2] INFO  simulation.RequestHandler (RequestHandler.java:run(127)) - s0.serverHandler2 is interrupted by java.io.InterruptedIOException: 
2023-10-31 16:06:27,859 [HandlerDaemon-1] INFO  simulation.RequestHandler (RequestHandler.java:run(127)) - s0.serverHandler1 is interrupted by java.io.InterruptedIOException: 
2023-10-31 16:06:27,860 [s0@group-38723C2F496A->s2-LogAppenderDefault-LogAppenderDaemon] INFO  leader.LogAppenderDaemon (LogAppenderDaemon.java:run(83)) - s0@group-38723C2F496A->s2-LogAppenderDefault-LogAppenderDaemon was interrupted: java.lang.InterruptedException
2023-10-31 16:06:27,860 [s0@group-38723C2F496A->s1-LogAppenderDefault-LogAppenderDaemon] INFO  leader.LogAppenderDaemon (LogAppenderDaemon.java:run(83)) - s0@group-38723C2F496A->s1-LogAppenderDefault-LogAppenderDaemon was interrupted: java.lang.InterruptedException
2023-10-31 16:06:28,106 [s2@group-38723C2F496A-FollowerState] INFO  impl.FollowerState (FollowerState.java:run(143)) - s2@group-38723C2F496A-FollowerState: change to CANDIDATE, lastRpcElapsedTime:259728972ns, electionTimeout:224ms
2023-10-31 16:06:28,106 [s2@group-38723C2F496A-FollowerState] INFO  impl.RoleInfo (RoleInfo.java:shutdownFollowerState(109)) - s2: shutdown s2@group-38723C2F496A-FollowerState
2023-10-31 16:06:28,106 [s2@group-38723C2F496A-FollowerState] INFO  server.RaftServer$Division (RaftServerImpl.java:setRole(377)) - s2@group-38723C2F496A: changes role from  FOLLOWER to CANDIDATE at term 1 for changeToCandidate
2023-10-31 16:06:28,106 [s2@group-38723C2F496A-FollowerState] INFO  server.RaftServerConfigKeys (ConfUtils.java:logGet(46)) - raft.server.leaderelection.pre-vote = true (default)
2023-10-31 16:06:28,106 [s2@group-38723C2F496A-FollowerState] INFO  impl.RoleInfo (RoleInfo.java:updateAndGet(138)) - s2: start s2@group-38723C2F496A-LeaderElection8
2023-10-31 16:06:28,107 [s2@group-38723C2F496A-LeaderElection8] INFO  server.RaftServer$Division (ServerState.java:setLeader(265)) - s2@group-38723C2F496A: change Leader from s0 to null at term 1 for PRE_VOTE
2023-10-31 16:06:28,107 [s2@group-38723C2F496A-LeaderElection8] INFO  impl.LeaderElection (LeaderElection.java:askForVotes(323)) - s2@group-38723C2F496A-LeaderElection8 PRE_VOTE round 0: submit vote requests at term 1 for 0: peers:[s0|localhost:34949, s1|localhost:39591, s2|localhost:45303]|listeners:[], old=null
2023-10-31 16:06:28,107 [s2@group-38723C2F496A-LeaderElection8] INFO  impl.LeaderElection (LogUtils.java:infoOrTrace(136)) - s2@group-38723C2F496A-LeaderElection8 got exception when requesting votes: java.util.concurrent.ExecutionException: java.io.IOException: The peer s0 is not alive.
2023-10-31 16:06:28,108 [HandlerDaemon-1] INFO  server.RaftServer$Division (RaftServerImpl.java:requestVote(1368)) - s1@group-38723C2F496A: receive requestVote(PRE_VOTE, s2, group-38723C2F496A, 1, (t:1, i:14))
2023-10-31 16:06:28,108 [HandlerDaemon-1] INFO  impl.VoteContext (VoteContext.java:log(49)) - s1@group-38723C2F496A-FOLLOWER: accept PRE_VOTE from s2: our priority 0 <= candidate's priority 0
2023-10-31 16:06:28,108 [HandlerDaemon-1] INFO  server.RaftServer$Division (RaftServerImpl.java:requestVote(1401)) - s1@group-38723C2F496A replies to PRE_VOTE vote request: s2<-s1#0:OK-t1. Peer's state: s1@group-38723C2F496A:t1, leader=s0, voted=s0, raftlog=Memoized:s1@group-38723C2F496A-SegmentedRaftLog:OPENED:c14, conf=0: peers:[s0|localhost:34949, s1|localhost:39591, s2|localhost:45303]|listeners:[], old=null
2023-10-31 16:06:28,108 [s2@group-38723C2F496A-LeaderElection8] INFO  impl.LeaderElection (LeaderElection.java:logAndReturn(89)) - s2@group-38723C2F496A-LeaderElection8: PRE_VOTE PASSED received 1 response(s) and 1 exception(s):
2023-10-31 16:06:28,108 [s2@group-38723C2F496A-LeaderElection8] INFO  impl.LeaderElection (LeaderElection.java:logAndReturn(93)) -   Response 0: s2<-s1#0:OK-t1
2023-10-31 16:06:28,108 [s2@group-38723C2F496A-LeaderElection8] INFO  impl.LeaderElection (LogUtils.java:infoOrTrace(136)) -   Exception 1: java.util.concurrent.ExecutionException: java.io.IOException: The peer s0 is not alive.
2023-10-31 16:06:28,108 [s2@group-38723C2F496A-LeaderElection8] INFO  impl.LeaderElection (LeaderElection.java:askForVotes(325)) - s2@group-38723C2F496A-LeaderElection8 PRE_VOTE round 0: result PASSED
2023-10-31 16:06:28,108 [s2@group-38723C2F496A-LeaderElection8] TRACE util.FileUtils (LogUtils.java:supplyAndLog(69)) - Successfully supplied FileChannel.open /home/runner/work/ratis/ratis/ratis-test/target/test/data/3084f93d/MiniRaftClusterWithSimulatedRpcadc53b80/s2/55fd2b97-ca25-406b-8a00-38723c2f496a/current/raft-meta.tmp with options [CREATE, WRITE]: sun.nio.ch.FileChannelImpl@54fa69bf
2023-10-31 16:06:28,111 [s2@group-38723C2F496A-LeaderElection8] TRACE util.FileUtils (LogUtils.java:runAndLog(49)) - Successfully ran Atomic Files.move /home/runner/work/ratis/ratis/ratis-test/target/test/data/3084f93d/MiniRaftClusterWithSimulatedRpcadc53b80/s2/55fd2b97-ca25-406b-8a00-38723c2f496a/current/raft-meta.tmp to /home/runner/work/ratis/ratis/ratis-test/target/test/data/3084f93d/MiniRaftClusterWithSimulatedRpcadc53b80/s2/55fd2b97-ca25-406b-8a00-38723c2f496a/current/raft-meta with options [REPLACE_EXISTING]
2023-10-31 16:06:28,111 [s2@group-38723C2F496A-LeaderElection8] INFO  impl.LeaderElection (LeaderElection.java:askForVotes(323)) - s2@group-38723C2F496A-LeaderElection8 ELECTION round 0: submit vote requests at term 2 for 0: peers:[s0|localhost:34949, s1|localhost:39591, s2|localhost:45303]|listeners:[], old=null
2023-10-31 16:06:28,111 [s2@group-38723C2F496A-LeaderElection8] INFO  impl.LeaderElection (LogUtils.java:infoOrTrace(136)) - s2@group-38723C2F496A-LeaderElection8 got exception when requesting votes: java.util.concurrent.ExecutionException: java.io.IOException: The peer s0 is not alive.
2023-10-31 16:06:28,111 [HandlerDaemon-2] INFO  server.RaftServer$Division (RaftServerImpl.java:requestVote(1368)) - s1@group-38723C2F496A: receive requestVote(ELECTION, s2, group-38723C2F496A, 2, (t:1, i:14))
2023-10-31 16:06:28,112 [HandlerDaemon-2] INFO  impl.VoteContext (VoteContext.java:log(49)) - s1@group-38723C2F496A-FOLLOWER: accept ELECTION from s2: our priority 0 <= candidate's priority 0
2023-10-31 16:06:28,112 [HandlerDaemon-2] INFO  server.RaftServer$Division (ServerState.java:setLeader(265)) - s1@group-38723C2F496A: change Leader from s0 to null at term 2 for updateCurrentTerm
2023-10-31 16:06:28,112 [HandlerDaemon-2] INFO  server.RaftServer$Division (RaftServerImpl.java:setRole(377)) - s1@group-38723C2F496A: changes role from  FOLLOWER to FOLLOWER at term 2 for candidate:s2
2023-10-31 16:06:28,112 [HandlerDaemon-2] INFO  impl.RoleInfo (RoleInfo.java:shutdownFollowerState(109)) - s1: shutdown s1@group-38723C2F496A-FollowerState
2023-10-31 16:06:28,112 [HandlerDaemon-2] INFO  impl.RoleInfo (RoleInfo.java:updateAndGet(138)) - s1: start s1@group-38723C2F496A-FollowerState
2023-10-31 16:06:28,112 [s1@group-38723C2F496A-FollowerState] INFO  impl.FollowerState (FollowerState.java:run(152)) - s1@group-38723C2F496A-FollowerState was interrupted
2023-10-31 16:06:28,112 [HandlerDaemon-2] TRACE util.FileUtils (LogUtils.java:supplyAndLog(69)) - Successfully supplied FileChannel.open /home/runner/work/ratis/ratis/ratis-test/target/test/data/3084f93d/MiniRaftClusterWithSimulatedRpcadc53b80/s1/55fd2b97-ca25-406b-8a00-38723c2f496a/current/raft-meta.tmp with options [CREATE, WRITE]: sun.nio.ch.FileChannelImpl@1bdc690c
2023-10-31 16:06:28,114 [HandlerDaemon-2] TRACE util.FileUtils (LogUtils.java:runAndLog(49)) - Successfully ran Atomic Files.move /home/runner/work/ratis/ratis/ratis-test/target/test/data/3084f93d/MiniRaftClusterWithSimulatedRpcadc53b80/s1/55fd2b97-ca25-406b-8a00-38723c2f496a/current/raft-meta.tmp to /home/runner/work/ratis/ratis/ratis-test/target/test/data/3084f93d/MiniRaftClusterWithSimulatedRpcadc53b80/s1/55fd2b97-ca25-406b-8a00-38723c2f496a/current/raft-meta with options [REPLACE_EXISTING]
2023-10-31 16:06:28,114 [HandlerDaemon-2] INFO  server.RaftServer$Division (RaftServerImpl.java:requestVote(1401)) - s1@group-38723C2F496A replies to ELECTION vote request: s2<-s1#0:OK-t2. Peer's state: s1@group-38723C2F496A:t2, leader=null, voted=s2, raftlog=Memoized:s1@group-38723C2F496A-SegmentedRaftLog:OPENED:c14, conf=0: peers:[s0|localhost:34949, s1|localhost:39591, s2|localhost:45303]|listeners:[], old=null
2023-10-31 16:06:28,114 [s2@group-38723C2F496A-LeaderElection8] INFO  impl.LeaderElection (LeaderElection.java:logAndReturn(89)) - s2@group-38723C2F496A-LeaderElection8: ELECTION PASSED received 1 response(s) and 1 exception(s):
2023-10-31 16:06:28,114 [s2@group-38723C2F496A-LeaderElection8] INFO  impl.LeaderElection (LeaderElection.java:logAndReturn(93)) -   Response 0: s2<-s1#0:OK-t2
2023-10-31 16:06:28,114 [s2@group-38723C2F496A-LeaderElection8] INFO  impl.LeaderElection (LogUtils.java:infoOrTrace(136)) -   Exception 1: java.util.concurrent.ExecutionException: java.io.IOException: The peer s0 is not alive.
2023-10-31 16:06:28,114 [s2@group-38723C2F496A-LeaderElection8] INFO  impl.LeaderElection (LeaderElection.java:askForVotes(325)) - s2@group-38723C2F496A-LeaderElection8 ELECTION round 0: result PASSED
2023-10-31 16:06:28,114 [s2@group-38723C2F496A-LeaderElection8] INFO  impl.RoleInfo (RoleInfo.java:shutdownLeaderElection(129)) - s2: shutdown s2@group-38723C2F496A-LeaderElection8
2023-10-31 16:06:28,114 [s2@group-38723C2F496A-LeaderElection8] INFO  server.RaftServer$Division (RaftServerImpl.java:setRole(377)) - s2@group-38723C2F496A: changes role from CANDIDATE to LEADER at term 2 for changeToLeader
2023-10-31 16:06:28,114 [s2@group-38723C2F496A-LeaderElection8] INFO  server.RaftServerConfigKeys (ConfUtils.java:logGet(46)) - raft.server.staging.catchup.gap = 1000 (default)
2023-10-31 16:06:28,114 [s2@group-38723C2F496A-LeaderElection8] INFO  server.RaftServerConfigKeys (ConfUtils.java:logGet(46)) - raft.server.write.element-limit = 4096 (default)
2023-10-31 16:06:28,114 [s2@group-38723C2F496A-LeaderElection8] INFO  server.RaftServerConfigKeys (ConfUtils.java:logGet(46)) - raft.server.write.byte-limit = 64MB (=67108864) (default)
2023-10-31 16:06:28,114 [s2@group-38723C2F496A-LeaderElection8] INFO  server.RaftServerConfigKeys (ConfUtils.java:logGet(46)) - raft.server.watch.timeout = 10s (default)
2023-10-31 16:06:28,115 [s2@group-38723C2F496A-LeaderElection8] INFO  server.RaftServerConfigKeys (ConfUtils.java:logGet(46)) - raft.server.watch.timeout.denomination = 1s (default)
2023-10-31 16:06:28,115 [s2@group-38723C2F496A-LeaderElection8] INFO  server.RaftServerConfigKeys (ConfUtils.java:logGet(46)) - raft.server.watch.element-limit = 65536 (default)
2023-10-31 16:06:28,115 [s2@group-38723C2F496A-LeaderElection8] INFO  server.RaftServerConfigKeys (ConfUtils.java:logGet(46)) - raft.server.read.leader.lease.enabled = false (default)
2023-10-31 16:06:28,115 [s2@group-38723C2F496A-LeaderElection8] INFO  server.RaftServerConfigKeys (ConfUtils.java:logGet(46)) - raft.server.read.leader.lease.timeout.ratio = 0.9 (default)
2023-10-31 16:06:28,115 [s2@group-38723C2F496A-LeaderElection8] INFO  server.RaftServerConfigKeys (ConfUtils.java:logGet(46)) - raft.server.rpc.timeout.min = 150ms (default)
2023-10-31 16:06:28,115 [s2@group-38723C2F496A-LeaderElection8] INFO  server.RaftServerConfigKeys (ConfUtils.java:logGet(46)) - raft.server.write.element-limit = 4096 (default)
2023-10-31 16:06:28,115 [s2@group-38723C2F496A-LeaderElection8] INFO  server.RaftServerConfigKeys (ConfUtils.java:logGet(46)) - raft.server.write.follower.gap.ratio.max = -1.0 (default)
2023-10-31 16:06:28,115 [s2@group-38723C2F496A-LeaderElection8] INFO  server.RaftServerConfigKeys (ConfUtils.java:logGet(46)) - raft.server.log.appender.snapshot.chunk.size.max = 16MB (=16777216) (default)
2023-10-31 16:06:28,115 [s2@group-38723C2F496A-LeaderElection8] INFO  server.RaftServerConfigKeys (ConfUtils.java:logGet(46)) - raft.server.log.appender.buffer.byte-limit = 4MB (=4194304) (default)
2023-10-31 16:06:28,115 [s2@group-38723C2F496A-LeaderElection8] INFO  server.RaftServerConfigKeys (ConfUtils.java:logGet(46)) - raft.server.log.appender.buffer.element-limit = 0 (default)
2023-10-31 16:06:28,115 [s2@group-38723C2F496A-LeaderElection8] INFO  server.RaftServerConfigKeys (ConfUtils.java:logGet(46)) - raft.server.log.appender.wait-time.min = 1ms (default)
2023-10-31 16:06:28,116 [s2@group-38723C2F496A-LeaderElection8] INFO  server.RaftServerConfigKeys (ConfUtils.java:logGet(46)) - raft.server.log.appender.snapshot.chunk.size.max = 16MB (=16777216) (default)
2023-10-31 16:06:28,116 [s2@group-38723C2F496A-LeaderElection8] INFO  server.RaftServerConfigKeys (ConfUtils.java:logGet(46)) - raft.server.log.appender.buffer.byte-limit = 4MB (=4194304) (default)
2023-10-31 16:06:28,116 [s2@group-38723C2F496A-LeaderElection8] INFO  server.RaftServerConfigKeys (ConfUtils.java:logGet(46)) - raft.server.log.appender.buffer.element-limit = 0 (default)
2023-10-31 16:06:28,116 [s2@group-38723C2F496A-LeaderElection8] INFO  server.RaftServerConfigKeys (ConfUtils.java:logGet(46)) - raft.server.log.appender.wait-time.min = 1ms (default)
2023-10-31 16:06:28,116 [s2@group-38723C2F496A-LeaderElection8] INFO  impl.RoleInfo (RoleInfo.java:updateAndGet(138)) - s2: start s2@group-38723C2F496A-LeaderStateImpl
2023-10-31 16:06:28,116 [s2@group-38723C2F496A-LeaderElection8] INFO  server.RaftServer$Division (ServerState.java:setLeader(265)) - s2@group-38723C2F496A: change Leader from null to s2 at term 2 for becomeLeader, leader elected after 9ms
2023-10-31 16:06:28,116 [s2@group-38723C2F496A-LeaderElection8] INFO  segmented.SegmentedRaftLogWorker (SegmentedRaftLogWorker.java:rollLogSegment(433)) - s2@group-38723C2F496A-SegmentedRaftLogWorker: Rolling segment log-0_14 to index:14
2023-10-31 16:06:28,116 [s2@group-38723C2F496A-SegmentedRaftLogWorker] TRACE util.FileUtils (LogUtils.java:runAndLog(49)) - Successfully ran Atomic Files.move /home/runner/work/ratis/ratis/ratis-test/target/test/data/3084f93d/MiniRaftClusterWithSimulatedRpcadc53b80/s2/55fd2b97-ca25-406b-8a00-38723c2f496a/current/log_inprogress_0 to /home/runner/work/ratis/ratis/ratis-test/target/test/data/3084f93d/MiniRaftClusterWithSimulatedRpcadc53b80/s2/55fd2b97-ca25-406b-8a00-38723c2f496a/current/log_0-14
2023-10-31 16:06:28,116 [s2@group-38723C2F496A-SegmentedRaftLogWorker] INFO  segmented.SegmentedRaftLogWorker (SegmentedRaftLogWorker.java:execute(589)) - s2@group-38723C2F496A-SegmentedRaftLogWorker: Rolled log segment from /home/runner/work/ratis/ratis/ratis-test/target/test/data/3084f93d/MiniRaftClusterWithSimulatedRpcadc53b80/s2/55fd2b97-ca25-406b-8a00-38723c2f496a/current/log_inprogress_0 to /home/runner/work/ratis/ratis/ratis-test/target/test/data/3084f93d/MiniRaftClusterWithSimulatedRpcadc53b80/s2/55fd2b97-ca25-406b-8a00-38723c2f496a/current/log_0-14
2023-10-31 16:06:28,117 [s2@group-38723C2F496A-LeaderElection8] INFO  server.RaftServer$Division (ServerState.java:setRaftConf(382)) - s2@group-38723C2F496A: set configuration 15: peers:[s0|localhost:34949, s1|localhost:39591, s2|localhost:45303]|listeners:[], old=null
2023-10-31 16:06:28,119 [s2@group-38723C2F496A-SegmentedRaftLogWorker] INFO  segmented.SegmentedRaftLogWorker (SegmentedRaftLogWorker.java:execute(632)) - s2@group-38723C2F496A-SegmentedRaftLogWorker: created new log segment /home/runner/work/ratis/ratis/ratis-test/target/test/data/3084f93d/MiniRaftClusterWithSimulatedRpcadc53b80/s2/55fd2b97-ca25-406b-8a00-38723c2f496a/current/log_inprogress_15
2023-10-31 16:06:28,122 [s2@group-38723C2F496A->s0-LogAppenderDefault-LogAppenderDaemon] WARN  leader.LogAppender (LogAppenderDefault.java:sendAppendEntriesWithRetries(90)) - s2@group-38723C2F496A->s0-LogAppenderDefault: Failed to appendEntries (retry=1): {}
java.io.IOException: The peer s0 is not alive.
	at org.apache.ratis.server.simulation.SimulatedRequestReply.sendRequest(SimulatedRequestReply.java:117)
	at org.apache.ratis.server.simulation.SimulatedServerRpc.appendEntries(SimulatedServerRpc.java:115)
	at org.apache.ratis.server.leader.LogAppenderDefault.sendAppendEntriesWithRetries(LogAppenderDefault.java:79)
	at org.apache.ratis.server.leader.LogAppenderDefault.run(LogAppenderDefault.java:156)
	at org.apache.ratis.server.leader.LogAppenderDaemon.run(LogAppenderDaemon.java:78)
	at java.base/java.lang.Thread.run(Thread.java:829)
2023-10-31 16:06:28,134 [HandlerDaemon-0] INFO  server.RaftServer$Division (ServerState.java:setLeader(265)) - s1@group-38723C2F496A: change Leader from null to s2 at term 2 for appendEntries, leader elected after 22ms
2023-10-31 16:06:28,136 [HandlerDaemon-1] INFO  server.RaftServer$Division (ServerState.java:setRaftConf(382)) - s1@group-38723C2F496A: set configuration 15: peers:[s0|localhost:34949, s1|localhost:39591, s2|localhost:45303]|listeners:[], old=null
2023-10-31 16:06:28,136 [HandlerDaemon-1] DEBUG raftlog.RaftLog (SegmentedRaftLog.java:appendImpl(463)) - truncateIndex=-1, arrayIndex=0
2023-10-31 16:06:28,136 [HandlerDaemon-1] INFO  segmented.SegmentedRaftLogWorker (SegmentedRaftLogWorker.java:rollLogSegment(433)) - s1@group-38723C2F496A-SegmentedRaftLogWorker: Rolling segment log-0_14 to index:14
2023-10-31 16:06:28,136 [s1@group-38723C2F496A-SegmentedRaftLogWorker] TRACE util.FileUtils (LogUtils.java:runAndLog(49)) - Successfully ran Atomic Files.move /home/runner/work/ratis/ratis/ratis-test/target/test/data/3084f93d/MiniRaftClusterWithSimulatedRpcadc53b80/s1/55fd2b97-ca25-406b-8a00-38723c2f496a/current/log_inprogress_0 to /home/runner/work/ratis/ratis/ratis-test/target/test/data/3084f93d/MiniRaftClusterWithSimulatedRpcadc53b80/s1/55fd2b97-ca25-406b-8a00-38723c2f496a/current/log_0-14
2023-10-31 16:06:28,136 [s1@group-38723C2F496A-SegmentedRaftLogWorker] INFO  segmented.SegmentedRaftLogWorker (SegmentedRaftLogWorker.java:execute(589)) - s1@group-38723C2F496A-SegmentedRaftLogWorker: Rolled log segment from /home/runner/work/ratis/ratis/ratis-test/target/test/data/3084f93d/MiniRaftClusterWithSimulatedRpcadc53b80/s1/55fd2b97-ca25-406b-8a00-38723c2f496a/current/log_inprogress_0 to /home/runner/work/ratis/ratis/ratis-test/target/test/data/3084f93d/MiniRaftClusterWithSimulatedRpcadc53b80/s1/55fd2b97-ca25-406b-8a00-38723c2f496a/current/log_0-14
2023-10-31 16:06:28,138 [s1@group-38723C2F496A-SegmentedRaftLogWorker] INFO  segmented.SegmentedRaftLogWorker (SegmentedRaftLogWorker.java:execute(632)) - s1@group-38723C2F496A-SegmentedRaftLogWorker: created new log segment /home/runner/work/ratis/ratis/ratis-test/target/test/data/3084f93d/MiniRaftClusterWithSimulatedRpcadc53b80/s1/55fd2b97-ca25-406b-8a00-38723c2f496a/current/log_inprogress_15
2023-10-31 16:06:28,140 [s2@group-38723C2F496A-StateMachineUpdater] INFO  server.RaftServer$Division (LeaderStateImpl.java:isApplied(308)) - leader is ready since appliedIndex == 15 >= startIndex == 15
2023-10-31 16:06:28,141 [HandlerDaemon-2] DEBUG raftlog.RaftLog (SegmentedRaftLog.java:appendImpl(463)) - truncateIndex=-1, arrayIndex=0
2023-10-31 16:06:28,362 [s2@group-38723C2F496A->s0-LogAppenderDefault-LogAppenderDaemon] WARN  leader.LogAppender (LogAppenderDefault.java:sendAppendEntriesWithRetries(90)) - s2@group-38723C2F496A->s0-LogAppenderDefault: Failed to appendEntries (retry=11): {}
java.io.IOException: The peer s0 is not alive.
	at org.apache.ratis.server.simulation.SimulatedRequestReply.sendRequest(SimulatedRequestReply.java:117)
	at org.apache.ratis.server.simulation.SimulatedServerRpc.appendEntries(SimulatedServerRpc.java:115)
	at org.apache.ratis.server.leader.LogAppenderDefault.sendAppendEntriesWithRetries(LogAppenderDefault.java:79)
	at org.apache.ratis.server.leader.LogAppenderDefault.run(LogAppenderDefault.java:156)
	at org.apache.ratis.server.leader.LogAppenderDaemon.run(LogAppenderDaemon.java:78)
	at java.base/java.lang.Thread.run(Thread.java:829)
2023-10-31 16:06:28,588 [s2@group-38723C2F496A->s0-LogAppenderDefault-LogAppenderDaemon] WARN  leader.LogAppender (LogAppenderDefault.java:sendAppendEntriesWithRetries(90)) - s2@group-38723C2F496A->s0-LogAppenderDefault: Failed to appendEntries (retry=21): {}
java.io.IOException: The peer s0 is not alive.
	at org.apache.ratis.server.simulation.SimulatedRequestReply.sendRequest(SimulatedRequestReply.java:117)
	at org.apache.ratis.server.simulation.SimulatedServerRpc.appendEntries(SimulatedServerRpc.java:115)
	at org.apache.ratis.server.leader.LogAppenderDefault.sendAppendEntriesWithRetries(LogAppenderDefault.java:79)
	at org.apache.ratis.server.leader.LogAppenderDefault.run(LogAppenderDefault.java:156)
	at org.apache.ratis.server.leader.LogAppenderDaemon.run(LogAppenderDaemon.java:78)
	at java.base/java.lang.Thread.run(Thread.java:829)
2023-10-31 16:06:28,815 [s2@group-38723C2F496A->s0-LogAppenderDefault-LogAppenderDaemon] WARN  leader.LogAppender (LogAppenderDefault.java:sendAppendEntriesWithRetries(90)) - s2@group-38723C2F496A->s0-LogAppenderDefault: Failed to appendEntries (retry=31): {}
java.io.IOException: The peer s0 is not alive.
	at org.apache.ratis.server.simulation.SimulatedRequestReply.sendRequest(SimulatedRequestReply.java:117)
	at org.apache.ratis.server.simulation.SimulatedServerRpc.appendEntries(SimulatedServerRpc.java:115)
	at org.apache.ratis.server.leader.LogAppenderDefault.sendAppendEntriesWithRetries(LogAppenderDefault.java:79)
	at org.apache.ratis.server.leader.LogAppenderDefault.run(LogAppenderDefault.java:156)
	at org.apache.ratis.server.leader.LogAppenderDaemon.run(LogAppenderDaemon.java:78)
	at java.base/java.lang.Thread.run(Thread.java:829)
2023-10-31 16:06:28,856 [s0-impl-thread1] INFO  segmented.SegmentedRaftLogWorker (SegmentedRaftLogWorker.java:close(243)) - s0@group-38723C2F496A-SegmentedRaftLogWorker close()
2023-10-31 16:06:28,857 [JvmPauseMonitor29] INFO  util.JvmPauseMonitor (JvmPauseMonitor.java:run(152)) - JvmPauseMonitor-s0: Stopped
2023-10-31 16:06:28,858 [Time-limited test] INFO  impl.MiniRaftCluster (MiniRaftCluster.java:killServer(533)) - killServer s1
2023-10-31 16:06:28,858 [Time-limited test] INFO  server.RaftServer (RaftServerProxy.java:lambda$close$9(416)) - s1: close
2023-10-31 16:06:28,858 [s1-impl-thread1] INFO  server.RaftServer$Division (RaftServerImpl.java:lambda$close$3(514)) - s1@group-38723C2F496A: shutdown
2023-10-31 16:06:28,858 [s1-impl-thread1] INFO  util.JmxRegister (JmxRegister.java:unregister(73)) - Successfully un-registered JMX Bean with object name Ratis:service=RaftServer,group=group-38723C2F496A,id=s1
2023-10-31 16:06:28,858 [s1-impl-thread1] INFO  impl.RoleInfo (RoleInfo.java:shutdownFollowerState(109)) - s1: shutdown s1@group-38723C2F496A-FollowerState
2023-10-31 16:06:28,858 [s1-impl-thread1] INFO  impl.StateMachineUpdater (StateMachineUpdater.java:stopAndJoin(157)) - s1@group-38723C2F496A-StateMachineUpdater: set stopIndex = 16
2023-10-31 16:06:28,858 [HandlerDaemon-0] INFO  simulation.RequestHandler (RequestHandler.java:run(127)) - s1.clientHandler0 is interrupted by java.io.InterruptedIOException: 
2023-10-31 16:06:28,858 [HandlerDaemon-2] INFO  simulation.RequestHandler (RequestHandler.java:run(127)) - s1.clientHandler2 is interrupted by java.io.InterruptedIOException: 
2023-10-31 16:06:28,858 [s1@group-38723C2F496A-FollowerState] INFO  impl.FollowerState (FollowerState.java:run(152)) - s1@group-38723C2F496A-FollowerState was interrupted
2023-10-31 16:06:28,859 [HandlerDaemon-1] INFO  simulation.RequestHandler (RequestHandler.java:run(127)) - s1.clientHandler1 is interrupted by java.io.InterruptedIOException: 
2023-10-31 16:06:28,859 [s1-impl-thread1] INFO  server.RaftServer$Division (ServerState.java:close(423)) - s1@group-38723C2F496A: applyIndex: 16
2023-10-31 16:06:28,859 [s1@group-38723C2F496A-cacheEviction-AwaitToRun] INFO  util.AwaitToRun (AwaitToRun.java:run(49)) - s1@group-38723C2F496A-cacheEviction-AwaitToRun-AwaitForSignal is interrupted
2023-10-31 16:06:28,859 [HandlerDaemon-1] INFO  simulation.RequestHandler (RequestHandler.java:run(127)) - s1.serverHandler1 is interrupted by java.io.InterruptedIOException: 
2023-10-31 16:06:28,859 [HandlerDaemon-0] INFO  simulation.RequestHandler (RequestHandler.java:run(127)) - s1.serverHandler0 is interrupted by java.io.InterruptedIOException: 
2023-10-31 16:06:28,859 [HandlerDaemon-2] INFO  simulation.RequestHandler (RequestHandler.java:run(127)) - s1.serverHandler2 is interrupted by java.io.InterruptedIOException: 
2023-10-31 16:06:28,899 [s2@group-38723C2F496A->s1-LogAppenderDefault-LogAppenderDaemon] WARN  leader.LogAppender (LogAppenderDefault.java:sendAppendEntriesWithRetries(90)) - s2@group-38723C2F496A->s1-LogAppenderDefault: Failed to appendEntries (retry=1): {}
java.io.IOException: The peer s1 is not alive.
	at org.apache.ratis.server.simulation.SimulatedRequestReply.sendRequest(SimulatedRequestReply.java:117)
	at org.apache.ratis.server.simulation.SimulatedServerRpc.appendEntries(SimulatedServerRpc.java:115)
	at org.apache.ratis.server.leader.LogAppenderDefault.sendAppendEntriesWithRetries(LogAppenderDefault.java:79)
	at org.apache.ratis.server.leader.LogAppenderDefault.run(LogAppenderDefault.java:156)
	at org.apache.ratis.server.leader.LogAppenderDaemon.run(LogAppenderDaemon.java:78)
	at java.base/java.lang.Thread.run(Thread.java:829)
2023-10-31 16:06:28,937 [s2@group-38723C2F496A->s1-LogAppenderDefault-LogAppenderDaemon] WARN  leader.LogAppender (LogAppenderDefault.java:sendAppendEntriesWithRetries(90)) - s2@group-38723C2F496A->s1-LogAppenderDefault: Failed to appendEntries (retry=1): {}
java.io.IOException: The peer s1 is not alive.
	at org.apache.ratis.server.simulation.SimulatedRequestReply.sendRequest(SimulatedRequestReply.java:117)
	at org.apache.ratis.server.simulation.SimulatedServerRpc.appendEntries(SimulatedServerRpc.java:115)
	at org.apache.ratis.server.leader.LogAppenderDefault.sendAppendEntriesWithRetries(LogAppenderDefault.java:79)
	at org.apache.ratis.server.leader.LogAppenderDefault.run(LogAppenderDefault.java:156)
	at org.apache.ratis.server.leader.LogAppenderDaemon.run(LogAppenderDaemon.java:78)
	at java.base/java.lang.Thread.run(Thread.java:829)
2023-10-31 16:06:28,974 [s2@group-38723C2F496A->s1-LogAppenderDefault-LogAppenderDaemon] WARN  leader.LogAppender (LogAppenderDefault.java:sendAppendEntriesWithRetries(90)) - s2@group-38723C2F496A->s1-LogAppenderDefault: Failed to appendEntries (retry=1): {}
java.io.IOException: The peer s1 is not alive.
	at org.apache.ratis.server.simulation.SimulatedRequestReply.sendRequest(SimulatedRequestReply.java:117)
	at org.apache.ratis.server.simulation.SimulatedServerRpc.appendEntries(SimulatedServerRpc.java:115)
	at org.apache.ratis.server.leader.LogAppenderDefault.sendAppendEntriesWithRetries(LogAppenderDefault.java:79)
	at org.apache.ratis.server.leader.LogAppenderDefault.run(LogAppenderDefault.java:156)
	at org.apache.ratis.server.leader.LogAppenderDaemon.run(LogAppenderDaemon.java:78)
	at java.base/java.lang.Thread.run(Thread.java:829)
2023-10-31 16:06:29,013 [s2@group-38723C2F496A->s1-LogAppenderDefault-LogAppenderDaemon] WARN  leader.LogAppender (LogAppenderDefault.java:sendAppendEntriesWithRetries(90)) - s2@group-38723C2F496A->s1-LogAppenderDefault: Failed to appendEntries (retry=1): {}
java.io.IOException: The peer s1 is not alive.
	at org.apache.ratis.server.simulation.SimulatedRequestReply.sendRequest(SimulatedRequestReply.java:117)
	at org.apache.ratis.server.simulation.SimulatedServerRpc.appendEntries(SimulatedServerRpc.java:115)
	at org.apache.ratis.server.leader.LogAppenderDefault.sendAppendEntriesWithRetries(LogAppenderDefault.java:79)
	at org.apache.ratis.server.leader.LogAppenderDefault.run(LogAppenderDefault.java:156)
	at org.apache.ratis.server.leader.LogAppenderDaemon.run(LogAppenderDaemon.java:78)
	at java.base/java.lang.Thread.run(Thread.java:829)
2023-10-31 16:06:29,041 [s2@group-38723C2F496A->s0-LogAppenderDefault-LogAppenderDaemon] WARN  leader.LogAppender (LogAppenderDefault.java:sendAppendEntriesWithRetries(90)) - s2@group-38723C2F496A->s0-LogAppenderDefault: Failed to appendEntries (retry=41): {}
java.io.IOException: The peer s0 is not alive.
	at org.apache.ratis.server.simulation.SimulatedRequestReply.sendRequest(SimulatedRequestReply.java:117)
	at org.apache.ratis.server.simulation.SimulatedServerRpc.appendEntries(SimulatedServerRpc.java:115)
	at org.apache.ratis.server.leader.LogAppenderDefault.sendAppendEntriesWithRetries(LogAppenderDefault.java:79)
	at org.apache.ratis.server.leader.LogAppenderDefault.run(LogAppenderDefault.java:156)
	at org.apache.ratis.server.leader.LogAppenderDaemon.run(LogAppenderDaemon.java:78)
	at java.base/java.lang.Thread.run(Thread.java:829)
2023-10-31 16:06:29,050 [s2@group-38723C2F496A->s1-LogAppenderDefault-LogAppenderDaemon] WARN  leader.LogAppender (LogAppenderDefault.java:sendAppendEntriesWithRetries(90)) - s2@group-38723C2F496A->s1-LogAppenderDefault: Failed to appendEntries (retry=1): {}
java.io.IOException: The peer s1 is not alive.
	at org.apache.ratis.server.simulation.SimulatedRequestReply.sendRequest(SimulatedRequestReply.java:117)
	at org.apache.ratis.server.simulation.SimulatedServerRpc.appendEntries(SimulatedServerRpc.java:115)
	at org.apache.ratis.server.leader.LogAppenderDefault.sendAppendEntriesWithRetries(LogAppenderDefault.java:79)
	at org.apache.ratis.server.leader.LogAppenderDefault.run(LogAppenderDefault.java:156)
	at org.apache.ratis.server.leader.LogAppenderDaemon.run(LogAppenderDaemon.java:78)
	at java.base/java.lang.Thread.run(Thread.java:829)
2023-10-31 16:06:29,088 [s2@group-38723C2F496A->s1-LogAppenderDefault-LogAppenderDaemon] WARN  leader.LogAppender (LogAppenderDefault.java:sendAppendEntriesWithRetries(90)) - s2@group-38723C2F496A->s1-LogAppenderDefault: Failed to appendEntries (retry=1): {}
java.io.IOException: The peer s1 is not alive.
	at org.apache.ratis.server.simulation.SimulatedRequestReply.sendRequest(SimulatedRequestReply.java:117)
	at org.apache.ratis.server.simulation.SimulatedServerRpc.appendEntries(SimulatedServerRpc.java:115)
	at org.apache.ratis.server.leader.LogAppenderDefault.sendAppendEntriesWithRetries(LogAppenderDefault.java:79)
	at org.apache.ratis.server.leader.LogAppenderDefault.run(LogAppenderDefault.java:156)
	at org.apache.ratis.server.leader.LogAppenderDaemon.run(LogAppenderDaemon.java:78)
	at java.base/java.lang.Thread.run(Thread.java:829)
2023-10-31 16:06:29,126 [s2@group-38723C2F496A->s1-LogAppenderDefault-LogAppenderDaemon] WARN  leader.LogAppender (LogAppenderDefault.java:sendAppendEntriesWithRetries(90)) - s2@group-38723C2F496A->s1-LogAppenderDefault: Failed to appendEntries (retry=1): {}
java.io.IOException: The peer s1 is not alive.
	at org.apache.ratis.server.simulation.SimulatedRequestReply.sendRequest(SimulatedRequestReply.java:117)
	at org.apache.ratis.server.simulation.SimulatedServerRpc.appendEntries(SimulatedServerRpc.java:115)
	at org.apache.ratis.server.leader.LogAppenderDefault.sendAppendEntriesWithRetries(LogAppenderDefault.java:79)
	at org.apache.ratis.server.leader.LogAppenderDefault.run(LogAppenderDefault.java:156)
	at org.apache.ratis.server.leader.LogAppenderDaemon.run(LogAppenderDaemon.java:78)
	at java.base/java.lang.Thread.run(Thread.java:829)
2023-10-31 16:06:29,142 [s1-impl-thread1] INFO  segmented.SegmentedRaftLogWorker (SegmentedRaftLogWorker.java:close(243)) - s1@group-38723C2F496A-SegmentedRaftLogWorker close()
2023-10-31 16:06:29,143 [JvmPauseMonitor30] INFO  util.JvmPauseMonitor (JvmPauseMonitor.java:run(152)) - JvmPauseMonitor-s1: Stopped
2023-10-31 16:06:29,143 [Time-limited test] INFO  impl.MiniRaftCluster (MiniRaftCluster.java:killServer(533)) - killServer s2
2023-10-31 16:06:29,143 [Time-limited test] INFO  server.RaftServer (RaftServerProxy.java:lambda$close$9(416)) - s2: close
2023-10-31 16:06:29,143 [s2-impl-thread1] INFO  server.RaftServer$Division (RaftServerImpl.java:lambda$close$3(514)) - s2@group-38723C2F496A: shutdown
2023-10-31 16:06:29,143 [HandlerDaemon-1] INFO  simulation.RequestHandler (RequestHandler.java:run(127)) - s2.clientHandler1 is interrupted by java.io.InterruptedIOException: 
2023-10-31 16:06:29,143 [s2-impl-thread1] INFO  util.JmxRegister (JmxRegister.java:unregister(73)) - Successfully un-registered JMX Bean with object name Ratis:service=RaftServer,group=group-38723C2F496A,id=s2
2023-10-31 16:06:29,144 [s2-impl-thread1] INFO  impl.RoleInfo (RoleInfo.java:shutdownLeaderState(92)) - s2: shutdown s2@group-38723C2F496A-LeaderStateImpl
2023-10-31 16:06:29,144 [HandlerDaemon-2] INFO  simulation.RequestHandler (RequestHandler.java:run(127)) - s2.clientHandler2 is interrupted by java.io.InterruptedIOException: 
2023-10-31 16:06:29,144 [HandlerDaemon-0] INFO  simulation.RequestHandler (RequestHandler.java:run(127)) - s2.clientHandler0 is interrupted by java.io.InterruptedIOException: 
2023-10-31 16:06:29,144 [HandlerDaemon-1] INFO  simulation.RequestHandler (RequestHandler.java:run(127)) - s2.serverHandler1 is interrupted by java.io.InterruptedIOException: 
2023-10-31 16:06:29,144 [HandlerDaemon-0] INFO  simulation.RequestHandler (RequestHandler.java:run(127)) - s2.serverHandler0 is interrupted by java.io.InterruptedIOException: 
2023-10-31 16:06:29,144 [HandlerDaemon-2] INFO  simulation.RequestHandler (RequestHandler.java:run(127)) - s2.serverHandler2 is interrupted by java.io.InterruptedIOException: 
2023-10-31 16:06:29,144 [s2@group-38723C2F496A->s0-LogAppenderDefault-LogAppenderDaemon] INFO  leader.LogAppenderDaemon (LogAppenderDaemon.java:run(83)) - s2@group-38723C2F496A->s0-LogAppenderDefault-LogAppenderDaemon was interrupted: java.lang.InterruptedException: sleep interrupted
2023-10-31 16:06:29,144 [s2-impl-thread1] INFO  impl.PendingRequests (PendingRequests.java:sendNotLeaderResponses(289)) - s2@group-38723C2F496A-PendingRequests: sendNotLeaderResponses
2023-10-31 16:06:29,144 [s2@group-38723C2F496A->s1-LogAppenderDefault-LogAppenderDaemon] INFO  leader.LogAppenderDaemon (LogAppenderDaemon.java:run(83)) - s2@group-38723C2F496A->s1-LogAppenderDefault-LogAppenderDaemon was interrupted: java.lang.InterruptedException: sleep interrupted
2023-10-31 16:06:29,145 [s2-impl-thread1] INFO  impl.StateMachineUpdater (StateMachineUpdater.java:stopAndJoin(157)) - s2@group-38723C2F496A-StateMachineUpdater: set stopIndex = 16
2023-10-31 16:06:29,145 [s2-impl-thread1] INFO  server.RaftServer$Division (ServerState.java:close(423)) - s2@group-38723C2F496A: applyIndex: 16
2023-10-31 16:06:29,145 [s2@group-38723C2F496A-cacheEviction-AwaitToRun] INFO  util.AwaitToRun (AwaitToRun.java:run(49)) - s2@group-38723C2F496A-cacheEviction-AwaitToRun-AwaitForSignal is interrupted
2023-10-31 16:06:30,141 [s2-impl-thread1] INFO  segmented.SegmentedRaftLogWorker (SegmentedRaftLogWorker.java:close(243)) - s2@group-38723C2F496A-SegmentedRaftLogWorker close()
2023-10-31 16:06:30,143 [JvmPauseMonitor31] INFO  util.JvmPauseMonitor (JvmPauseMonitor.java:run(152)) - JvmPauseMonitor-s2: Stopped
2023-10-31 16:06:30,143 [Time-limited test] INFO  impl.MiniRaftCluster (MiniRaftCluster.java:killServer(533)) - killServer s0
2023-10-31 16:06:30,143 [Time-limited test] INFO  impl.MiniRaftCluster (MiniRaftCluster.java:newRaftServer(382)) - newRaftServer: s0, group-38723C2F496A:[s0|localhost:34949, s1|localhost:39591, s2|localhost:45303], format? false
2023-10-31 16:06:30,143 [Time-limited test] INFO  server.RaftServer (ConfUtils.java:logGet(46)) - raft.rpc.type = org.apache.ratis.server.simulation.SimulatedRpc (custom)
2023-10-31 16:06:30,143 [Time-limited test] INFO  impl.DataStreamServerImpl (ConfUtils.java:logGet(46)) - raft.datastream.type = DISABLED (default)
2023-10-31 16:06:30,143 [Time-limited test] INFO  server.RaftServerConfigKeys (ConfUtils.java:logGet(46)) - raft.server.sleep.deviation.threshold = 300ms (default)
2023-10-31 16:06:30,144 [Time-limited test] INFO  server.RaftServerConfigKeys (ConfUtils.java:logGet(46)) - raft.server.close.threshold = 60s (default)
2023-10-31 16:06:30,144 [Time-limited test] INFO  server.RaftServerConfigKeys (ConfUtils.java:logGet(46)) - raft.server.leaderelection.leader.step-down.wait-time = 10s (default)
2023-10-31 16:06:30,144 [Time-limited test] INFO  server.RaftServerConfigKeys (ConfUtils.java:logGet(46)) - raft.server.storage.dir = [/home/runner/work/ratis/ratis/ratis-test/target/test/data/3084f93d/MiniRaftClusterWithSimulatedRpcadc53b80/s0] (custom)
2023-10-31 16:06:30,144 [Time-limited test] INFO  server.RaftServerConfigKeys (ConfUtils.java:logGet(46)) - raft.server.threadpool.proxy.cached = true (default)
2023-10-31 16:06:30,144 [Time-limited test] INFO  server.RaftServerConfigKeys (ConfUtils.java:logGet(46)) - raft.server.threadpool.proxy.size = 0 (default)
2023-10-31 16:06:30,145 [s0-impl-thread1] INFO  server.RaftServer (RaftServerProxy.java:initGroupDir(264)) - s0: found a subdirectory /home/runner/work/ratis/ratis/ratis-test/target/test/data/3084f93d/MiniRaftClusterWithSimulatedRpcadc53b80/s0/55fd2b97-ca25-406b-8a00-38723c2f496a
2023-10-31 16:06:30,145 [Time-limited test] INFO  server.RaftServer (RaftServerProxy.java:addNew(100)) - s0: addNew group-38723C2F496A:[s0|localhost:34949, s1|localhost:39591, s2|localhost:45303] returns group-38723C2F496A:java.util.concurrent.CompletableFuture@5c3fd619[Not completed]
2023-10-31 16:06:30,145 [s0-groupManagement] INFO  server.RaftServerConfigKeys (ConfUtils.java:logGet(46)) - raft.server.log.segment.size.max = 32MB (=33554432) (default)
2023-10-31 16:06:30,145 [s0-groupManagement] INFO  server.RaftServerConfigKeys (ConfUtils.java:logGet(46)) - raft.server.log.preallocated.size = 4MB (=4194304) (default)
2023-10-31 16:06:30,145 [s0-groupManagement] INFO  server.RaftServerConfigKeys (ConfUtils.java:logGet(46)) - raft.server.log.write.buffer.size = 64KB (=65536) (default)
2023-10-31 16:06:30,146 [s0-groupManagement] INFO  server.RaftServer$Division (RaftServerImpl.java:<init>(255)) - s0: new RaftServerImpl for group-38723C2F496A:[s0|localhost:34949, s1|localhost:39591, s2|localhost:45303] with SimpleStateMachine4Testing:uninitialized
2023-10-31 16:06:30,146 [s0-groupManagement] INFO  server.RaftServerConfigKeys (ConfUtils.java:logGet(46)) - raft.server.rpc.timeout.min = 150ms (default)
2023-10-31 16:06:30,146 [s0-groupManagement] INFO  server.RaftServerConfigKeys (ConfUtils.java:logGet(46)) - raft.server.rpc.timeout.max = 300ms (default)
2023-10-31 16:06:30,146 [s0-groupManagement] INFO  server.RaftServerConfigKeys (ConfUtils.java:logGet(46)) - raft.server.rpc.sleep.time = 25ms (default)
2023-10-31 16:06:30,146 [s0-groupManagement] INFO  server.RaftServerConfigKeys (ConfUtils.java:logGet(46)) - raft.server.rpc.slowness.timeout = 60s (default)
2023-10-31 16:06:30,146 [s0-groupManagement] INFO  server.RaftServerConfigKeys (ConfUtils.java:logGet(46)) - raft.server.leaderelection.leader.step-down.wait-time = 10s (default)
2023-10-31 16:06:30,146 [s0-groupManagement] INFO  server.RaftServerConfigKeys (ConfUtils.java:logGet(46)) - raft.server.sleep.deviation.threshold = 300ms (default)
2023-10-31 16:06:30,146 [s0-groupManagement] INFO  server.RaftServer$Division (ServerState.java:<init>(113)) - s0@group-38723C2F496A: ConfigurationManager, init=-1: peers:[s0|localhost:34949, s1|localhost:39591, s2|localhost:45303]|listeners:[], old=null, confs=<EMPTY_MAP>
2023-10-31 16:06:30,146 [s0-groupManagement] INFO  server.RaftServerConfigKeys (ConfUtils.java:logGet(46)) - raft.server.notification.no-leader.timeout = 60s (default)
2023-10-31 16:06:30,146 [s0-groupManagement] INFO  server.RaftServerConfigKeys (ConfUtils.java:logGet(46)) - raft.server.read.timeout = 10s (default)
2023-10-31 16:06:30,146 [s0-groupManagement] INFO  server.RaftServerConfigKeys (ConfUtils.java:logGet(46)) - raft.server.retrycache.expirytime = 60s (default)
2023-10-31 16:06:30,146 [s0-groupManagement] INFO  server.RaftServerConfigKeys (ConfUtils.java:logGet(46)) - raft.server.retrycache.statistics.expirytime = 100μs (default)
2023-10-31 16:06:30,146 [s0-groupManagement] INFO  server.RaftServerConfigKeys (ConfUtils.java:logGet(46)) - raft.server.read.option = DEFAULT (default)
2023-10-31 16:06:30,146 [s0-groupManagement] INFO  server.RaftServerConfigKeys (ConfUtils.java:logGet(46)) - raft.server.read.read-after-write-consistent.write-index-cache.expiry-time = 60s (default)
2023-10-31 16:06:30,147 [s0-groupManagement] INFO  server.RaftServerConfigKeys (ConfUtils.java:logGet(46)) - raft.server.rpc.request.timeout = 3000ms (default)
2023-10-31 16:06:30,147 [s0-groupManagement] INFO  server.RaftServerConfigKeys (ConfUtils.java:logGet(46)) - raft.server.log.appender.install.snapshot.enabled = true (default)
2023-10-31 16:06:30,147 [s0-groupManagement] INFO  server.RaftServerConfigKeys (ConfUtils.java:logGet(46)) - raft.server.threadpool.server.cached = true (default)
2023-10-31 16:06:30,147 [s0-groupManagement] INFO  server.RaftServerConfigKeys (ConfUtils.java:logGet(46)) - raft.server.threadpool.server.size = 0 (default)
2023-10-31 16:06:30,147 [s0-groupManagement] INFO  server.RaftServerConfigKeys (ConfUtils.java:logGet(46)) - raft.server.threadpool.client.cached = true (default)
2023-10-31 16:06:30,147 [s0-groupManagement] INFO  server.RaftServerConfigKeys (ConfUtils.java:logGet(46)) - raft.server.threadpool.client.size = 0 (default)
2023-10-31 16:06:30,148 [s0-impl-thread1] INFO  server.RaftServerConfigKeys (ConfUtils.java:logGet(46)) - raft.server.storage.free-space.min = 0MB (=0) (default)
2023-10-31 16:06:30,148 [s0-impl-thread1] INFO  server.RaftServerConfigKeys (ConfUtils.java:logGet(46)) - raft.server.log.corruption.policy = EXCEPTION (default)
2023-10-31 16:06:30,148 [s0-impl-thread1] INFO  server.RaftServerConfigKeys (ConfUtils.java:logGet(46)) - raft.server.storage.dir = [/home/runner/work/ratis/ratis/ratis-test/target/test/data/3084f93d/MiniRaftClusterWithSimulatedRpcadc53b80/s0] (custom)
2023-10-31 16:06:30,149 [s0-impl-thread1] INFO  storage.RaftStorageDirectory (RaftStorageDirectoryImpl.java:tryLock(232)) - Lock on /home/runner/work/ratis/ratis/ratis-test/target/test/data/3084f93d/MiniRaftClusterWithSimulatedRpcadc53b80/s0/55fd2b97-ca25-406b-8a00-38723c2f496a/in_use.lock acquired by nodename 3366@fv-az462-937
2023-10-31 16:06:30,150 [s0-impl-thread1] INFO  storage.RaftStorage (RaftStorageImpl.java:analyzeAndRecoverStorage(117)) - Read RaftStorageMetadata{term=1, votedFor=s0} from /home/runner/work/ratis/ratis/ratis-test/target/test/data/3084f93d/MiniRaftClusterWithSimulatedRpcadc53b80/s0/55fd2b97-ca25-406b-8a00-38723c2f496a/current/raft-meta
2023-10-31 16:06:30,151 [s0-impl-thread1] INFO  server.RaftServer$Division (ServerState.java:setRaftConf(382)) - s0@group-38723C2F496A: set configuration 0: peers:[s0|localhost:34949, s1|localhost:39591, s2|localhost:45303]|listeners:[], old=null
2023-10-31 16:06:30,151 [s0-impl-thread1] INFO  impl.SimpleStateMachine4Testing (SimpleStateMachine4Testing.java:initialize(213)) - Initializing SimpleStateMachine4Testing:uninitialized
2023-10-31 16:06:30,152 [s0-impl-thread1] TRACE util.FileUtils (LogUtils.java:supplyAndLog(69)) - Successfully supplied Files.newInputStream /home/runner/work/ratis/ratis/ratis-test/target/test/data/3084f93d/MiniRaftClusterWithSimulatedRpcadc53b80/s0/55fd2b97-ca25-406b-8a00-38723c2f496a/sm/snapshot.1_14.md5 with options []: sun.nio.ch.ChannelInputStream@37538762
2023-10-31 16:06:30,153 [s0-impl-thread1] INFO  impl.SimpleStateMachine4Testing (SimpleStateMachine4Testing.java:loadSnapshot(296)) - Loading snapshot SingleFileSnapshotInfo(t:1, i:14):[/home/runner/work/ratis/ratis/ratis-test/target/test/data/3084f93d/MiniRaftClusterWithSimulatedRpcadc53b80/s0/55fd2b97-ca25-406b-8a00-38723c2f496a/sm/snapshot.1_14]
2023-10-31 16:06:30,154 [s0-impl-thread1] INFO  impl.SimpleStateMachine4Testing (SimpleStateMachine4Testing.java:put(205)) - s0: put 1, m0 -> (t:1, i:1), STATEMACHINELOGENTRY, 153@client-E1199FC2390E
2023-10-31 16:06:30,154 [s0-impl-thread1] INFO  impl.SimpleStateMachine4Testing (SimpleStateMachine4Testing.java:put(205)) - s0: put 2, m3 -> (t:1, i:2), STATEMACHINELOGENTRY, 157@client-8C5F0F5D8DB9
2023-10-31 16:06:30,154 [s0-impl-thread1] INFO  impl.SimpleStateMachine4Testing (SimpleStateMachine4Testing.java:put(205)) - s0: put 3, m4 -> (t:1, i:3), STATEMACHINELOGENTRY, 159@client-781D3B77F666
2023-10-31 16:06:30,154 [s0-impl-thread1] INFO  impl.SimpleStateMachine4Testing (SimpleStateMachine4Testing.java:put(205)) - s0: put 4, m9 -> (t:1, i:4), STATEMACHINELOGENTRY, 154@client-113CBBC55E26
2023-10-31 16:06:30,154 [s0-impl-thread1] INFO  impl.SimpleStateMachine4Testing (SimpleStateMachine4Testing.java:put(205)) - s0: put 5, m6 -> (t:1, i:5), STATEMACHINELOGENTRY, 160@client-BEE849A4F175
2023-10-31 16:06:30,154 [s0-impl-thread1] INFO  impl.SimpleStateMachine4Testing (SimpleStateMachine4Testing.java:put(205)) - s0: put 6, m8 -> (t:1, i:6), STATEMACHINELOGENTRY, 161@client-04090C1BD8D2
2023-10-31 16:06:30,154 [s0-impl-thread1] INFO  impl.SimpleStateMachine4Testing (SimpleStateMachine4Testing.java:put(205)) - s0: put 8, m2 -> (t:1, i:8), STATEMACHINELOGENTRY, 155@client-8053DDC2CC72
2023-10-31 16:06:30,155 [s0-impl-thread1] INFO  impl.SimpleStateMachine4Testing (SimpleStateMachine4Testing.java:put(205)) - s0: put 9, m7 -> (t:1, i:9), STATEMACHINELOGENTRY, 162@client-692B047E92A5
2023-10-31 16:06:30,155 [s0-impl-thread1] INFO  impl.SimpleStateMachine4Testing (SimpleStateMachine4Testing.java:put(205)) - s0: put 12, m1 -> (t:1, i:12), STATEMACHINELOGENTRY, 156@client-04EF28DDBE7E
2023-10-31 16:06:30,155 [s0-impl-thread1] INFO  impl.SimpleStateMachine4Testing (SimpleStateMachine4Testing.java:put(205)) - s0: put 13, m5 -> (t:1, i:13), STATEMACHINELOGENTRY, 158@client-47338475AB7E
2023-10-31 16:06:30,155 [s0-impl-thread1] INFO  server.RaftServerConfigKeys (ConfUtils.java:logGet(46)) - raft.server.log.use.memory = false (default)
2023-10-31 16:06:30,155 [s0-impl-thread1] INFO  server.RaftServerConfigKeys (ConfUtils.java:logGet(46)) - raft.server.log.purge.gap = 1024 (default)
2023-10-31 16:06:30,155 [s0-impl-thread1] INFO  server.RaftServerConfigKeys (ConfUtils.java:logGet(46)) - raft.server.log.appender.buffer.byte-limit = 4MB (=4194304) (default)
2023-10-31 16:06:30,155 [s0-impl-thread1] INFO  server.RaftServerConfigKeys (ConfUtils.java:logGet(46)) - raft.server.log.statemachine.data.read.timeout = 1000ms (default)
2023-10-31 16:06:30,155 [s0-impl-thread1] INFO  server.RaftServerConfigKeys (ConfUtils.java:logGet(46)) - raft.server.log.purge.preservation.log.num = 0 (default)
2023-10-31 16:06:30,156 [s0-impl-thread1] INFO  server.RaftServerConfigKeys (ConfUtils.java:logGet(46)) - raft.server.log.segment.size.max = 8KB (=8192) (custom)
2023-10-31 16:06:30,156 [s0-impl-thread1] INFO  server.RaftServerConfigKeys (ConfUtils.java:logGet(46)) - raft.server.log.segment.cache.num.max = 6 (default)
2023-10-31 16:06:30,156 [s0-impl-thread1] INFO  server.RaftServerConfigKeys (ConfUtils.java:logGet(46)) - raft.server.log.segment.cache.size.max = 200MB (=209715200) (default)
2023-10-31 16:06:30,156 [s0-impl-thread1] INFO  server.RaftServerConfigKeys (ConfUtils.java:logGet(46)) - raft.server.log.appender.buffer.byte-limit = 4MB (=4194304) (default)
2023-10-31 16:06:30,156 [s0-impl-thread1] INFO  util.AwaitToRun (AwaitToRun.java:start(81)) - Thread[s0@group-38723C2F496A-cacheEviction-AwaitToRun,5,main] started
2023-10-31 16:06:30,156 [s0-impl-thread1] INFO  segmented.SegmentedRaftLogWorker (SegmentedRaftLogWorker.java:<init>(184)) - new s0@group-38723C2F496A-SegmentedRaftLogWorker for RaftStorageImpl:Storage Directory /home/runner/work/ratis/ratis/ratis-test/target/test/data/3084f93d/MiniRaftClusterWithSimulatedRpcadc53b80/s0/55fd2b97-ca25-406b-8a00-38723c2f496a
2023-10-31 16:06:30,156 [s0-impl-thread1] INFO  server.RaftServerConfigKeys (ConfUtils.java:logGet(46)) - raft.server.log.queue.byte-limit = 64MB (=67108864) (default)
2023-10-31 16:06:30,156 [s0-impl-thread1] INFO  server.RaftServerConfigKeys (ConfUtils.java:logGet(46)) - raft.server.log.queue.element-limit = 4096 (default)
2023-10-31 16:06:30,156 [s0-impl-thread1] INFO  server.RaftServerConfigKeys (ConfUtils.java:logGet(46)) - raft.server.log.segment.size.max = 8KB (=8192) (custom)
2023-10-31 16:06:30,156 [s0-impl-thread1] INFO  server.RaftServerConfigKeys (ConfUtils.java:logGet(46)) - raft.server.log.preallocated.size = 4MB (=4194304) (default)
2023-10-31 16:06:30,156 [s0-impl-thread1] INFO  server.RaftServerConfigKeys (ConfUtils.java:logGet(46)) - raft.server.log.force.sync.num = 128 (default)
2023-10-31 16:06:30,156 [s0-impl-thread1] INFO  server.RaftServerConfigKeys (ConfUtils.java:logGet(46)) - raft.server.log.statemachine.data.sync = true (default)
2023-10-31 16:06:30,156 [s0-impl-thread1] INFO  server.RaftServerConfigKeys (ConfUtils.java:logGet(46)) - raft.server.log.statemachine.data.sync.timeout = 10s (default)
2023-10-31 16:06:30,156 [s0-impl-thread1] INFO  server.RaftServerConfigKeys (ConfUtils.java:logGet(46)) - raft.server.log.statemachine.data.sync.timeout.retry = -1 (default)
2023-10-31 16:06:30,157 [s0-impl-thread1] INFO  server.RaftServerConfigKeys (ConfUtils.java:logGet(46)) - raft.server.log.write.buffer.size = 64KB (=65536) (default)
2023-10-31 16:06:30,157 [s0-impl-thread1] INFO  server.RaftServerConfigKeys (ConfUtils.java:logGet(46)) - raft.server.log.appender.buffer.byte-limit = 4MB (=4194304) (default)
2023-10-31 16:06:30,158 [s0-impl-thread1] INFO  server.RaftServerConfigKeys (ConfUtils.java:logGet(46)) - raft.server.log.unsafe-flush.enabled = false (default)
2023-10-31 16:06:30,158 [s0-impl-thread1] INFO  server.RaftServerConfigKeys (ConfUtils.java:logGet(46)) - raft.server.log.async-flush.enabled = false (default)
2023-10-31 16:06:30,158 [s0-impl-thread1] INFO  server.RaftServerConfigKeys (ConfUtils.java:logGet(46)) - raft.server.log.statemachine.data.caching.enabled = false (default)
2023-10-31 16:06:30,158 [s0-impl-thread1] INFO  server.RaftServer$Division (ServerState.java:setRaftConf(382)) - s0@group-38723C2F496A: set configuration 0: peers:[s0|localhost:34949, s1|localhost:39591, s2|localhost:45303]|listeners:[], old=null
2023-10-31 16:06:30,159 [s0-impl-thread1] INFO  segmented.LogSegment (LogSegment.java:loadSegment(170)) - Successfully read 14 entries from segment file /home/runner/work/ratis/ratis/ratis-test/target/test/data/3084f93d/MiniRaftClusterWithSimulatedRpcadc53b80/s0/55fd2b97-ca25-406b-8a00-38723c2f496a/current/log_0-13
2023-10-31 16:06:30,159 [s0-impl-thread1] TRACE util.FileUtils (LogUtils.java:runAndLog(49)) - Successfully ran FileChannel.truncate /home/runner/work/ratis/ratis/ratis-test/target/test/data/3084f93d/MiniRaftClusterWithSimulatedRpcadc53b80/s0/55fd2b97-ca25-406b-8a00-38723c2f496a/current/log_0-13 length: 699 -> 686
2023-10-31 16:06:30,160 [s0-impl-thread1] WARN  raftlog.RaftLog (SegmentedRaftLog.java:loadLogSegments(264)) - End log index 13 is smaller than last index in snapshot 14
2023-10-31 16:06:30,160 [s0-impl-thread1] DEBUG raftlog.RaftLog (SegmentedRaftLog.java:purgeImpl(379)) - purging segments:toTruncate: null
  toDelete: [(0, 13) isOpen? false, length=0, newEndIndex=0]
2023-10-31 16:06:30,160 [s0-impl-thread1] INFO  segmented.SegmentedRaftLogWorker (SegmentedRaftLogWorker.java:lambda$new$0(135)) - s0@group-38723C2F496A-SegmentedRaftLogWorker: flushIndex: setUnconditionally 0 -> 14
2023-10-31 16:06:30,160 [s0-impl-thread1] INFO  segmented.SegmentedRaftLogWorker (SegmentedRaftLogWorker.java:lambda$new$0(135)) - s0@group-38723C2F496A-SegmentedRaftLogWorker: safeCacheEvictIndex: setUnconditionally 0 -> -1
2023-10-31 16:06:30,162 [s0-impl-thread1] INFO  server.RaftServer$Division (RaftServerImpl.java:start(390)) - s0@group-38723C2F496A: start as a follower, conf=0: peers:[s0|localhost:34949, s1|localhost:39591, s2|localhost:45303]|listeners:[], old=null
2023-10-31 16:06:30,162 [s0-impl-thread1] INFO  server.RaftServer$Division (RaftServerImpl.java:setRole(377)) - s0@group-38723C2F496A: changes role from      null to FOLLOWER at term 1 for startAsFollower
2023-10-31 16:06:30,162 [s0-impl-thread1] INFO  impl.RoleInfo (RoleInfo.java:updateAndGet(138)) - s0: start s0@group-38723C2F496A-FollowerState
2023-10-31 16:06:30,163 [s0@group-38723C2F496A-SegmentedRaftLogWorker] TRACE util.FileUtils (LogUtils.java:runAndLog(49)) - Successfully ran Files.delete /home/runner/work/ratis/ratis/ratis-test/target/test/data/3084f93d/MiniRaftClusterWithSimulatedRpcadc53b80/s0/55fd2b97-ca25-406b-8a00-38723c2f496a/current/log_0-13
2023-10-31 16:06:30,163 [s0-impl-thread1] INFO  util.JmxRegister (JmxRegister.java:tryRegister(44)) - Successfully registered JMX Bean with object name Ratis:service=RaftServer,group=group-38723C2F496A,id=s0
2023-10-31 16:06:30,163 [s0@group-38723C2F496A-FollowerState] INFO  server.RaftServerConfigKeys (ConfUtils.java:logFallback(53)) - raft.server.rpc.first-election.timeout.min = 150ms (fallback to raft.server.rpc.timeout.min)
2023-10-31 16:06:30,163 [s0-impl-thread1] INFO  server.RaftServerConfigKeys (ConfUtils.java:logGet(46)) - raft.server.snapshot.trigger-when-stop.enabled = true (default)
2023-10-31 16:06:30,163 [s0@group-38723C2F496A-FollowerState] INFO  server.RaftServerConfigKeys (ConfUtils.java:logFallback(53)) - raft.server.rpc.first-election.timeout.max = 300ms (fallback to raft.server.rpc.timeout.max)
2023-10-31 16:06:30,163 [s0-impl-thread1] INFO  server.RaftServerConfigKeys (ConfUtils.java:logGet(46)) - raft.server.snapshot.auto.trigger.enabled = false (default)
2023-10-31 16:06:30,163 [s0-impl-thread1] INFO  server.RaftServerConfigKeys (ConfUtils.java:logGet(46)) - raft.server.snapshot.retention.file.num = -1 (default)
2023-10-31 16:06:30,163 [s0-impl-thread1] INFO  server.RaftServerConfigKeys (ConfUtils.java:logGet(46)) - raft.server.log.purge.upto.snapshot.index = false (default)
2023-10-31 16:06:30,164 [Time-limited test] INFO  server.RaftServer (RaftServerProxy.java:startImpl(406)) - s0: start RPC server
2023-10-31 16:06:30,165 [JvmPauseMonitor32] INFO  util.JvmPauseMonitor (JvmPauseMonitor.java:run(146)) - JvmPauseMonitor-s0: Started
2023-10-31 16:06:30,166 [Time-limited test] INFO  simulation.TestServerRestartWithSimulatedRpc (ServerRestartTests.java:runTestRestartCommitIndex(312)) - s0: commitIndex=14, lastAppliedIndex=14
2023-10-31 16:06:30,166 [Time-limited test] INFO  impl.MiniRaftCluster (MiniRaftCluster.java:killServer(533)) - killServer s0
2023-10-31 16:06:30,166 [Time-limited test] INFO  server.RaftServer (RaftServerProxy.java:lambda$close$9(416)) - s0: close
2023-10-31 16:06:30,166 [s0-impl-thread1] INFO  server.RaftServer$Division (RaftServerImpl.java:lambda$close$3(514)) - s0@group-38723C2F496A: shutdown
2023-10-31 16:06:30,166 [s0-impl-thread1] INFO  util.JmxRegister (JmxRegister.java:unregister(73)) - Successfully un-registered JMX Bean with object name Ratis:service=RaftServer,group=group-38723C2F496A,id=s0
2023-10-31 16:06:30,166 [s0-impl-thread1] INFO  impl.RoleInfo (RoleInfo.java:shutdownFollowerState(109)) - s0: shutdown s0@group-38723C2F496A-FollowerState
2023-10-31 16:06:30,166 [s0-impl-thread1] INFO  impl.StateMachineUpdater (StateMachineUpdater.java:stopAndJoin(157)) - s0@group-38723C2F496A-StateMachineUpdater: set stopIndex = 14
2023-10-31 16:06:30,167 [s0@group-38723C2F496A-FollowerState] INFO  impl.FollowerState (FollowerState.java:run(152)) - s0@group-38723C2F496A-FollowerState was interrupted
2023-10-31 16:06:30,167 [HandlerDaemon-0] INFO  simulation.RequestHandler (RequestHandler.java:run(127)) - s0.clientHandler0 is interrupted by java.io.InterruptedIOException: 
2023-10-31 16:06:30,167 [s0-impl-thread1] INFO  server.RaftServer$Division (ServerState.java:close(423)) - s0@group-38723C2F496A: applyIndex: 14
2023-10-31 16:06:30,167 [s0@group-38723C2F496A-cacheEviction-AwaitToRun] INFO  util.AwaitToRun (AwaitToRun.java:run(49)) - s0@group-38723C2F496A-cacheEviction-AwaitToRun-AwaitForSignal is interrupted
2023-10-31 16:06:30,167 [HandlerDaemon-1] INFO  simulation.RequestHandler (RequestHandler.java:run(127)) - s0.clientHandler1 is interrupted by java.io.InterruptedIOException: 
2023-10-31 16:06:30,168 [HandlerDaemon-0] INFO  simulation.RequestHandler (RequestHandler.java:run(127)) - s0.serverHandler0 is interrupted by java.io.InterruptedIOException: 
2023-10-31 16:06:30,168 [HandlerDaemon-2] INFO  simulation.RequestHandler (RequestHandler.java:run(127)) - s0.serverHandler2 is interrupted by java.io.InterruptedIOException: 
2023-10-31 16:06:30,168 [HandlerDaemon-1] INFO  simulation.RequestHandler (RequestHandler.java:run(127)) - s0.serverHandler1 is interrupted by java.io.InterruptedIOException: 
2023-10-31 16:06:31,163 [s0-impl-thread1] INFO  segmented.SegmentedRaftLogWorker (SegmentedRaftLogWorker.java:close(243)) - s0@group-38723C2F496A-SegmentedRaftLogWorker close()
2023-10-31 16:06:31,164 [JvmPauseMonitor32] INFO  util.JvmPauseMonitor (JvmPauseMonitor.java:run(152)) - JvmPauseMonitor-s0: Stopped
2023-10-31 16:06:31,164 [Time-limited test] INFO  impl.MiniRaftCluster (MiniRaftCluster.java:killServer(533)) - killServer s1
2023-10-31 16:06:31,164 [Time-limited test] INFO  impl.MiniRaftCluster (MiniRaftCluster.java:newRaftServer(382)) - newRaftServer: s1, group-38723C2F496A:[s0|localhost:34949, s1|localhost:39591, s2|localhost:45303], format? false
2023-10-31 16:06:31,164 [Time-limited test] INFO  server.RaftServer (ConfUtils.java:logGet(46)) - raft.rpc.type = org.apache.ratis.server.simulation.SimulatedRpc (custom)
2023-10-31 16:06:31,164 [Time-limited test] INFO  impl.DataStreamServerImpl (ConfUtils.java:logGet(46)) - raft.datastream.type = DISABLED (default)
2023-10-31 16:06:31,165 [Time-limited test] INFO  server.RaftServerConfigKeys (ConfUtils.java:logGet(46)) - raft.server.sleep.deviation.threshold = 300ms (default)
2023-10-31 16:06:31,165 [Time-limited test] INFO  server.RaftServerConfigKeys (ConfUtils.java:logGet(46)) - raft.server.close.threshold = 60s (default)
2023-10-31 16:06:31,165 [Time-limited test] INFO  server.RaftServerConfigKeys (ConfUtils.java:logGet(46)) - raft.server.leaderelection.leader.step-down.wait-time = 10s (default)
2023-10-31 16:06:31,165 [Time-limited test] INFO  server.RaftServerConfigKeys (ConfUtils.java:logGet(46)) - raft.server.storage.dir = [/home/runner/work/ratis/ratis/ratis-test/target/test/data/3084f93d/MiniRaftClusterWithSimulatedRpcadc53b80/s1] (custom)
2023-10-31 16:06:31,165 [Time-limited test] INFO  server.RaftServerConfigKeys (ConfUtils.java:logGet(46)) - raft.server.threadpool.proxy.cached = true (default)
2023-10-31 16:06:31,165 [Time-limited test] INFO  server.RaftServerConfigKeys (ConfUtils.java:logGet(46)) - raft.server.threadpool.proxy.size = 0 (default)
2023-10-31 16:06:31,166 [s1-impl-thread1] INFO  server.RaftServer (RaftServerProxy.java:initGroupDir(264)) - s1: found a subdirectory /home/runner/work/ratis/ratis/ratis-test/target/test/data/3084f93d/MiniRaftClusterWithSimulatedRpcadc53b80/s1/55fd2b97-ca25-406b-8a00-38723c2f496a
2023-10-31 16:06:31,166 [Time-limited test] INFO  server.RaftServer (RaftServerProxy.java:addNew(100)) - s1: addNew group-38723C2F496A:[s0|localhost:34949, s1|localhost:39591, s2|localhost:45303] returns group-38723C2F496A:java.util.concurrent.CompletableFuture@74ad1baf[Not completed]
2023-10-31 16:06:31,166 [s1-groupManagement] INFO  server.RaftServerConfigKeys (ConfUtils.java:logGet(46)) - raft.server.log.segment.size.max = 32MB (=33554432) (default)
2023-10-31 16:06:31,166 [s1-groupManagement] INFO  server.RaftServerConfigKeys (ConfUtils.java:logGet(46)) - raft.server.log.preallocated.size = 4MB (=4194304) (default)
2023-10-31 16:06:31,166 [s1-groupManagement] INFO  server.RaftServerConfigKeys (ConfUtils.java:logGet(46)) - raft.server.log.write.buffer.size = 64KB (=65536) (default)
2023-10-31 16:06:31,166 [s1-groupManagement] INFO  server.RaftServer$Division (RaftServerImpl.java:<init>(255)) - s1: new RaftServerImpl for group-38723C2F496A:[s0|localhost:34949, s1|localhost:39591, s2|localhost:45303] with SimpleStateMachine4Testing:uninitialized
2023-10-31 16:06:31,166 [s1-groupManagement] INFO  server.RaftServerConfigKeys (ConfUtils.java:logGet(46)) - raft.server.rpc.timeout.min = 150ms (default)
2023-10-31 16:06:31,166 [s1-groupManagement] INFO  server.RaftServerConfigKeys (ConfUtils.java:logGet(46)) - raft.server.rpc.timeout.max = 300ms (default)
2023-10-31 16:06:31,166 [s1-groupManagement] INFO  server.RaftServerConfigKeys (ConfUtils.java:logGet(46)) - raft.server.rpc.sleep.time = 25ms (default)
2023-10-31 16:06:31,166 [s1-groupManagement] INFO  server.RaftServerConfigKeys (ConfUtils.java:logGet(46)) - raft.server.rpc.slowness.timeout = 60s (default)
2023-10-31 16:06:31,166 [s1-groupManagement] INFO  server.RaftServerConfigKeys (ConfUtils.java:logGet(46)) - raft.server.leaderelection.leader.step-down.wait-time = 10s (default)
2023-10-31 16:06:31,166 [s1-groupManagement] INFO  server.RaftServerConfigKeys (ConfUtils.java:logGet(46)) - raft.server.sleep.deviation.threshold = 300ms (default)
2023-10-31 16:06:31,167 [s1-groupManagement] INFO  server.RaftServer$Division (ServerState.java:<init>(113)) - s1@group-38723C2F496A: ConfigurationManager, init=-1: peers:[s0|localhost:34949, s1|localhost:39591, s2|localhost:45303]|listeners:[], old=null, confs=<EMPTY_MAP>
2023-10-31 16:06:31,167 [s1-groupManagement] INFO  server.RaftServerConfigKeys (ConfUtils.java:logGet(46)) - raft.server.notification.no-leader.timeout = 60s (default)
2023-10-31 16:06:31,167 [s1-groupManagement] INFO  server.RaftServerConfigKeys (ConfUtils.java:logGet(46)) - raft.server.read.timeout = 10s (default)
2023-10-31 16:06:31,167 [s1-groupManagement] INFO  server.RaftServerConfigKeys (ConfUtils.java:logGet(46)) - raft.server.retrycache.expirytime = 60s (default)
2023-10-31 16:06:31,167 [s1-groupManagement] INFO  server.RaftServerConfigKeys (ConfUtils.java:logGet(46)) - raft.server.retrycache.statistics.expirytime = 100μs (default)
2023-10-31 16:06:31,167 [s1-groupManagement] INFO  server.RaftServerConfigKeys (ConfUtils.java:logGet(46)) - raft.server.read.option = DEFAULT (default)
2023-10-31 16:06:31,167 [s1-groupManagement] INFO  server.RaftServerConfigKeys (ConfUtils.java:logGet(46)) - raft.server.read.read-after-write-consistent.write-index-cache.expiry-time = 60s (default)
2023-10-31 16:06:31,168 [s1-groupManagement] INFO  server.RaftServerConfigKeys (ConfUtils.java:logGet(46)) - raft.server.rpc.request.timeout = 3000ms (default)
2023-10-31 16:06:31,168 [s1-groupManagement] INFO  server.RaftServerConfigKeys (ConfUtils.java:logGet(46)) - raft.server.log.appender.install.snapshot.enabled = true (default)
2023-10-31 16:06:31,168 [s1-groupManagement] INFO  server.RaftServerConfigKeys (ConfUtils.java:logGet(46)) - raft.server.threadpool.server.cached = true (default)
2023-10-31 16:06:31,168 [s1-groupManagement] INFO  server.RaftServerConfigKeys (ConfUtils.java:logGet(46)) - raft.server.threadpool.server.size = 0 (default)
2023-10-31 16:06:31,168 [s1-groupManagement] INFO  server.RaftServerConfigKeys (ConfUtils.java:logGet(46)) - raft.server.threadpool.client.cached = true (default)
2023-10-31 16:06:31,168 [s1-groupManagement] INFO  server.RaftServerConfigKeys (ConfUtils.java:logGet(46)) - raft.server.threadpool.client.size = 0 (default)
2023-10-31 16:06:31,168 [s1-impl-thread1] INFO  server.RaftServerConfigKeys (ConfUtils.java:logGet(46)) - raft.server.storage.free-space.min = 0MB (=0) (default)
2023-10-31 16:06:31,168 [s1-impl-thread1] INFO  server.RaftServerConfigKeys (ConfUtils.java:logGet(46)) - raft.server.log.corruption.policy = EXCEPTION (default)
2023-10-31 16:06:31,168 [s1-impl-thread1] INFO  server.RaftServerConfigKeys (ConfUtils.java:logGet(46)) - raft.server.storage.dir = [/home/runner/work/ratis/ratis/ratis-test/target/test/data/3084f93d/MiniRaftClusterWithSimulatedRpcadc53b80/s1] (custom)
2023-10-31 16:06:31,170 [s1-impl-thread1] INFO  storage.RaftStorageDirectory (RaftStorageDirectoryImpl.java:tryLock(232)) - Lock on /home/runner/work/ratis/ratis/ratis-test/target/test/data/3084f93d/MiniRaftClusterWithSimulatedRpcadc53b80/s1/55fd2b97-ca25-406b-8a00-38723c2f496a/in_use.lock acquired by nodename 3366@fv-az462-937
2023-10-31 16:06:31,170 [s1-impl-thread1] INFO  storage.RaftStorage (RaftStorageImpl.java:analyzeAndRecoverStorage(117)) - Read RaftStorageMetadata{term=2, votedFor=s2} from /home/runner/work/ratis/ratis/ratis-test/target/test/data/3084f93d/MiniRaftClusterWithSimulatedRpcadc53b80/s1/55fd2b97-ca25-406b-8a00-38723c2f496a/current/raft-meta
2023-10-31 16:06:31,170 [s1-impl-thread1] INFO  server.RaftServer$Division (ServerState.java:setRaftConf(382)) - s1@group-38723C2F496A: set configuration 15: peers:[s0|localhost:34949, s1|localhost:39591, s2|localhost:45303]|listeners:[], old=null
2023-10-31 16:06:31,171 [s1-impl-thread1] INFO  impl.SimpleStateMachine4Testing (SimpleStateMachine4Testing.java:initialize(213)) - Initializing SimpleStateMachine4Testing:uninitialized
2023-10-31 16:06:31,171 [s1-impl-thread1] INFO  impl.SimpleStateMachine4Testing (SimpleStateMachine4Testing.java:loadSnapshot(296)) - Loading snapshot null
2023-10-31 16:06:31,171 [s1-impl-thread1] INFO  server.RaftServerConfigKeys (ConfUtils.java:logGet(46)) - raft.server.log.use.memory = false (default)
2023-10-31 16:06:31,171 [s1-impl-thread1] INFO  server.RaftServerConfigKeys (ConfUtils.java:logGet(46)) - raft.server.log.purge.gap = 1024 (default)
2023-10-31 16:06:31,171 [s1-impl-thread1] INFO  server.RaftServerConfigKeys (ConfUtils.java:logGet(46)) - raft.server.log.appender.buffer.byte-limit = 4MB (=4194304) (default)
2023-10-31 16:06:31,171 [s1-impl-thread1] INFO  server.RaftServerConfigKeys (ConfUtils.java:logGet(46)) - raft.server.log.statemachine.data.read.timeout = 1000ms (default)
2023-10-31 16:06:31,171 [s1-impl-thread1] INFO  server.RaftServerConfigKeys (ConfUtils.java:logGet(46)) - raft.server.log.purge.preservation.log.num = 0 (default)
2023-10-31 16:06:31,172 [s1-impl-thread1] INFO  server.RaftServerConfigKeys (ConfUtils.java:logGet(46)) - raft.server.log.segment.size.max = 8KB (=8192) (custom)
2023-10-31 16:06:31,172 [s1-impl-thread1] INFO  server.RaftServerConfigKeys (ConfUtils.java:logGet(46)) - raft.server.log.segment.cache.num.max = 6 (default)
2023-10-31 16:06:31,172 [s1-impl-thread1] INFO  server.RaftServerConfigKeys (ConfUtils.java:logGet(46)) - raft.server.log.segment.cache.size.max = 200MB (=209715200) (default)
2023-10-31 16:06:31,172 [s1-impl-thread1] INFO  server.RaftServerConfigKeys (ConfUtils.java:logGet(46)) - raft.server.log.appender.buffer.byte-limit = 4MB (=4194304) (default)
2023-10-31 16:06:31,172 [s1-impl-thread1] INFO  util.AwaitToRun (AwaitToRun.java:start(81)) - Thread[s1@group-38723C2F496A-cacheEviction-AwaitToRun,5,main] started
2023-10-31 16:06:31,172 [s1-impl-thread1] INFO  segmented.SegmentedRaftLogWorker (SegmentedRaftLogWorker.java:<init>(184)) - new s1@group-38723C2F496A-SegmentedRaftLogWorker for RaftStorageImpl:Storage Directory /home/runner/work/ratis/ratis/ratis-test/target/test/data/3084f93d/MiniRaftClusterWithSimulatedRpcadc53b80/s1/55fd2b97-ca25-406b-8a00-38723c2f496a
2023-10-31 16:06:31,172 [s1-impl-thread1] INFO  server.RaftServerConfigKeys (ConfUtils.java:logGet(46)) - raft.server.log.queue.byte-limit = 64MB (=67108864) (default)
2023-10-31 16:06:31,172 [s1-impl-thread1] INFO  server.RaftServerConfigKeys (ConfUtils.java:logGet(46)) - raft.server.log.queue.element-limit = 4096 (default)
2023-10-31 16:06:31,172 [s1-impl-thread1] INFO  server.RaftServerConfigKeys (ConfUtils.java:logGet(46)) - raft.server.log.segment.size.max = 8KB (=8192) (custom)
2023-10-31 16:06:31,172 [s1-impl-thread1] INFO  server.RaftServerConfigKeys (ConfUtils.java:logGet(46)) - raft.server.log.preallocated.size = 4MB (=4194304) (default)
2023-10-31 16:06:31,172 [s1-impl-thread1] INFO  server.RaftServerConfigKeys (ConfUtils.java:logGet(46)) - raft.server.log.force.sync.num = 128 (default)
2023-10-31 16:06:31,172 [s1-impl-thread1] INFO  server.RaftServerConfigKeys (ConfUtils.java:logGet(46)) - raft.server.log.statemachine.data.sync = true (default)
2023-10-31 16:06:31,172 [s1-impl-thread1] INFO  server.RaftServerConfigKeys (ConfUtils.java:logGet(46)) - raft.server.log.statemachine.data.sync.timeout = 10s (default)
2023-10-31 16:06:31,172 [s1-impl-thread1] INFO  server.RaftServerConfigKeys (ConfUtils.java:logGet(46)) - raft.server.log.statemachine.data.sync.timeout.retry = -1 (default)
2023-10-31 16:06:31,172 [s1-impl-thread1] INFO  server.RaftServerConfigKeys (ConfUtils.java:logGet(46)) - raft.server.log.write.buffer.size = 64KB (=65536) (default)
2023-10-31 16:06:31,173 [s1-impl-thread1] INFO  server.RaftServerConfigKeys (ConfUtils.java:logGet(46)) - raft.server.log.appender.buffer.byte-limit = 4MB (=4194304) (default)
2023-10-31 16:06:31,181 [s1-impl-thread1] INFO  server.RaftServerConfigKeys (ConfUtils.java:logGet(46)) - raft.server.log.unsafe-flush.enabled = false (default)
2023-10-31 16:06:31,181 [s1-impl-thread1] INFO  server.RaftServerConfigKeys (ConfUtils.java:logGet(46)) - raft.server.log.async-flush.enabled = false (default)
2023-10-31 16:06:31,181 [s1-impl-thread1] INFO  server.RaftServerConfigKeys (ConfUtils.java:logGet(46)) - raft.server.log.statemachine.data.caching.enabled = false (default)
2023-10-31 16:06:31,182 [s1-impl-thread1] INFO  server.RaftServer$Division (ServerState.java:setRaftConf(382)) - s1@group-38723C2F496A: set configuration 0: peers:[s0|localhost:34949, s1|localhost:39591, s2|localhost:45303]|listeners:[], old=null
2023-10-31 16:06:31,183 [s1-impl-thread1] INFO  segmented.LogSegment (LogSegment.java:loadSegment(170)) - Successfully read 15 entries from segment file /home/runner/work/ratis/ratis/ratis-test/target/test/data/3084f93d/MiniRaftClusterWithSimulatedRpcadc53b80/s1/55fd2b97-ca25-406b-8a00-38723c2f496a/current/log_0-14
2023-10-31 16:06:31,183 [s1-impl-thread1] INFO  server.RaftServer$Division (ServerState.java:setRaftConf(382)) - s1@group-38723C2F496A: set configuration 15: peers:[s0|localhost:34949, s1|localhost:39591, s2|localhost:45303]|listeners:[], old=null
2023-10-31 16:06:31,183 [s1-impl-thread1] INFO  segmented.LogSegment (LogSegment.java:loadSegment(170)) - Successfully read 2 entries from segment file /home/runner/work/ratis/ratis/ratis-test/target/test/data/3084f93d/MiniRaftClusterWithSimulatedRpcadc53b80/s1/55fd2b97-ca25-406b-8a00-38723c2f496a/current/log_inprogress_15
2023-10-31 16:06:31,188 [s1-impl-thread1] INFO  segmented.SegmentedRaftLogWorker (SegmentedRaftLogWorker.java:lambda$new$0(135)) - s1@group-38723C2F496A-SegmentedRaftLogWorker: flushIndex: setUnconditionally 0 -> 16
2023-10-31 16:06:31,188 [s1-impl-thread1] INFO  segmented.SegmentedRaftLogWorker (SegmentedRaftLogWorker.java:lambda$new$0(135)) - s1@group-38723C2F496A-SegmentedRaftLogWorker: safeCacheEvictIndex: setUnconditionally 0 -> -1
2023-10-31 16:06:31,188 [s1-impl-thread1] INFO  raftlog.RaftLog (RaftLogBase.java:lambda$new$0(54)) - s1@group-38723C2F496A-SegmentedRaftLog: commitIndex: updateToMax old=-1, new=15, updated? true
2023-10-31 16:06:31,188 [s1-impl-thread1] INFO  server.RaftServer$Division (RaftServerImpl.java:start(390)) - s1@group-38723C2F496A: start as a follower, conf=15: peers:[s0|localhost:34949, s1|localhost:39591, s2|localhost:45303]|listeners:[], old=null
2023-10-31 16:06:31,188 [s1-impl-thread1] INFO  server.RaftServer$Division (RaftServerImpl.java:setRole(377)) - s1@group-38723C2F496A: changes role from      null to FOLLOWER at term 2 for startAsFollower
2023-10-31 16:06:31,188 [s1-impl-thread1] INFO  impl.RoleInfo (RoleInfo.java:updateAndGet(138)) - s1: start s1@group-38723C2F496A-FollowerState
2023-10-31 16:06:31,189 [s1-impl-thread1] INFO  util.JmxRegister (JmxRegister.java:tryRegister(44)) - Successfully registered JMX Bean with object name Ratis:service=RaftServer,group=group-38723C2F496A,id=s1
2023-10-31 16:06:31,189 [s1-impl-thread1] INFO  server.RaftServerConfigKeys (ConfUtils.java:logGet(46)) - raft.server.snapshot.trigger-when-stop.enabled = true (default)
2023-10-31 16:06:31,190 [s1-impl-thread1] INFO  server.RaftServerConfigKeys (ConfUtils.java:logGet(46)) - raft.server.snapshot.auto.trigger.enabled = false (default)
2023-10-31 16:06:31,190 [s1-impl-thread1] INFO  server.RaftServerConfigKeys (ConfUtils.java:logGet(46)) - raft.server.snapshot.retention.file.num = -1 (default)
2023-10-31 16:06:31,190 [s1-impl-thread1] INFO  server.RaftServerConfigKeys (ConfUtils.java:logGet(46)) - raft.server.log.purge.upto.snapshot.index = false (default)
2023-10-31 16:06:31,190 [s1@group-38723C2F496A-FollowerState] INFO  server.RaftServerConfigKeys (ConfUtils.java:logFallback(53)) - raft.server.rpc.first-election.timeout.min = 150ms (fallback to raft.server.rpc.timeout.min)
2023-10-31 16:06:31,190 [s1@group-38723C2F496A-FollowerState] INFO  server.RaftServerConfigKeys (ConfUtils.java:logFallback(53)) - raft.server.rpc.first-election.timeout.max = 300ms (fallback to raft.server.rpc.timeout.max)
2023-10-31 16:06:31,201 [Time-limited test] INFO  server.RaftServer (RaftServerProxy.java:startImpl(406)) - s1: start RPC server
2023-10-31 16:06:31,203 [Time-limited test] WARN  simulation.TestServerRestartWithSimulatedRpc (JavaUtils.java:attempt(223)) - FAILED "s1(lastAppliedIndex >= loggedCommitIndex)", attempt #1/10: java.lang.AssertionError, sleep 100ms and then retry.
java.lang.AssertionError
	at org.junit.Assert.fail(Assert.java:87)
	at org.junit.Assert.assertTrue(Assert.java:42)
	at org.junit.Assert.assertTrue(Assert.java:53)
	at org.apache.ratis.server.ServerRestartTests.lambda$runTestRestartCommitIndex$10(ServerRestartTests.java:309)
	at org.apache.ratis.util.JavaUtils.attempt(JavaUtils.java:217)
	at org.apache.ratis.util.JavaUtils.attemptRepeatedly(JavaUtils.java:203)
	at org.apache.ratis.server.ServerRestartTests.runTestRestartCommitIndex(ServerRestartTests.java:308)
	at org.apache.ratis.server.impl.MiniRaftCluster$Factory$Get.runWithNewCluster(MiniRaftCluster.java:141)
	at org.apache.ratis.server.impl.MiniRaftCluster$Factory$Get.runWithNewCluster(MiniRaftCluster.java:121)
	at org.apache.ratis.server.ServerRestartTests.testRestartCommitIndex(ServerRestartTests.java:236)
	at java.base/jdk.internal.reflect.NativeMethodAccessorImpl.invoke0(Native Method)
	at java.base/jdk.internal.reflect.NativeMethodAccessorImpl.invoke(NativeMethodAccessorImpl.java:62)
	at java.base/jdk.internal.reflect.DelegatingMethodAccessorImpl.invoke(DelegatingMethodAccessorImpl.java:43)
	at java.base/java.lang.reflect.Method.invoke(Method.java:566)
	at org.junit.runners.model.FrameworkMethod$1.runReflectiveCall(FrameworkMethod.java:59)
	at org.junit.internal.runners.model.ReflectiveCallable.run(ReflectiveCallable.java:12)
	at org.junit.runners.model.FrameworkMethod.invokeExplosively(FrameworkMethod.java:56)
	at org.junit.internal.runners.statements.InvokeMethod.evaluate(InvokeMethod.java:17)
	at org.junit.internal.runners.statements.RunAfters.evaluate(RunAfters.java:27)
	at org.junit.internal.runners.statements.FailOnTimeout$CallableStatement.call(FailOnTimeout.java:299)
	at org.junit.internal.runners.statements.FailOnTimeout$CallableStatement.call(FailOnTimeout.java:293)
	at java.base/java.util.concurrent.FutureTask.run(FutureTask.java:264)
	at java.base/java.lang.Thread.run(Thread.java:829)
2023-10-31 16:06:31,204 [s1@group-38723C2F496A-StateMachineUpdater] INFO  impl.SimpleStateMachine4Testing (SimpleStateMachine4Testing.java:applyTransaction(248)) - applyTransaction for log index 1
2023-10-31 16:06:31,204 [s1@group-38723C2F496A-StateMachineUpdater] INFO  impl.SimpleStateMachine4Testing (SimpleStateMachine4Testing.java:put(205)) - s1: put 1, m0 -> (t:1, i:1), STATEMACHINELOGENTRY, 153@client-E1199FC2390E
2023-10-31 16:06:31,204 [s1@group-38723C2F496A-StateMachineUpdater] INFO  impl.SimpleStateMachine4Testing (SimpleStateMachine4Testing.java:applyTransaction(248)) - applyTransaction for log index 2
2023-10-31 16:06:31,204 [s1@group-38723C2F496A-StateMachineUpdater] INFO  impl.SimpleStateMachine4Testing (SimpleStateMachine4Testing.java:put(205)) - s1: put 2, m3 -> (t:1, i:2), STATEMACHINELOGENTRY, 157@client-8C5F0F5D8DB9
2023-10-31 16:06:31,205 [s1@group-38723C2F496A-StateMachineUpdater] INFO  impl.SimpleStateMachine4Testing (SimpleStateMachine4Testing.java:applyTransaction(248)) - applyTransaction for log index 3
2023-10-31 16:06:31,205 [s1@group-38723C2F496A-StateMachineUpdater] INFO  impl.SimpleStateMachine4Testing (SimpleStateMachine4Testing.java:put(205)) - s1: put 3, m4 -> (t:1, i:3), STATEMACHINELOGENTRY, 159@client-781D3B77F666
2023-10-31 16:06:31,205 [s1@group-38723C2F496A-StateMachineUpdater] INFO  impl.SimpleStateMachine4Testing (SimpleStateMachine4Testing.java:applyTransaction(248)) - applyTransaction for log index 4
2023-10-31 16:06:31,205 [s1@group-38723C2F496A-StateMachineUpdater] INFO  impl.SimpleStateMachine4Testing (SimpleStateMachine4Testing.java:put(205)) - s1: put 4, m9 -> (t:1, i:4), STATEMACHINELOGENTRY, 154@client-113CBBC55E26
2023-10-31 16:06:31,205 [s1@group-38723C2F496A-StateMachineUpdater] INFO  impl.SimpleStateMachine4Testing (SimpleStateMachine4Testing.java:applyTransaction(248)) - applyTransaction for log index 5
2023-10-31 16:06:31,205 [s1@group-38723C2F496A-StateMachineUpdater] INFO  impl.SimpleStateMachine4Testing (SimpleStateMachine4Testing.java:put(205)) - s1: put 5, m6 -> (t:1, i:5), STATEMACHINELOGENTRY, 160@client-BEE849A4F175
2023-10-31 16:06:31,205 [s1@group-38723C2F496A-StateMachineUpdater] INFO  impl.SimpleStateMachine4Testing (SimpleStateMachine4Testing.java:applyTransaction(248)) - applyTransaction for log index 6
2023-10-31 16:06:31,205 [s1@group-38723C2F496A-StateMachineUpdater] INFO  impl.SimpleStateMachine4Testing (SimpleStateMachine4Testing.java:put(205)) - s1: put 6, m8 -> (t:1, i:6), STATEMACHINELOGENTRY, 161@client-04090C1BD8D2
2023-10-31 16:06:31,205 [s1@group-38723C2F496A-StateMachineUpdater] INFO  impl.SimpleStateMachine4Testing (SimpleStateMachine4Testing.java:applyTransaction(248)) - applyTransaction for log index 8
2023-10-31 16:06:31,206 [s1@group-38723C2F496A-StateMachineUpdater] INFO  impl.SimpleStateMachine4Testing (SimpleStateMachine4Testing.java:put(205)) - s1: put 8, m2 -> (t:1, i:8), STATEMACHINELOGENTRY, 155@client-8053DDC2CC72
2023-10-31 16:06:31,206 [s1@group-38723C2F496A-StateMachineUpdater] INFO  impl.SimpleStateMachine4Testing (SimpleStateMachine4Testing.java:applyTransaction(248)) - applyTransaction for log index 9
2023-10-31 16:06:31,206 [s1@group-38723C2F496A-StateMachineUpdater] INFO  impl.SimpleStateMachine4Testing (SimpleStateMachine4Testing.java:put(205)) - s1: put 9, m7 -> (t:1, i:9), STATEMACHINELOGENTRY, 162@client-692B047E92A5
2023-10-31 16:06:31,206 [s1@group-38723C2F496A-StateMachineUpdater] INFO  impl.SimpleStateMachine4Testing (SimpleStateMachine4Testing.java:applyTransaction(248)) - applyTransaction for log index 12
2023-10-31 16:06:31,206 [s1@group-38723C2F496A-StateMachineUpdater] INFO  impl.SimpleStateMachine4Testing (SimpleStateMachine4Testing.java:put(205)) - s1: put 12, m1 -> (t:1, i:12), STATEMACHINELOGENTRY, 156@client-04EF28DDBE7E
2023-10-31 16:06:31,206 [s1@group-38723C2F496A-StateMachineUpdater] INFO  impl.SimpleStateMachine4Testing (SimpleStateMachine4Testing.java:applyTransaction(248)) - applyTransaction for log index 13
2023-10-31 16:06:31,206 [s1@group-38723C2F496A-StateMachineUpdater] INFO  impl.SimpleStateMachine4Testing (SimpleStateMachine4Testing.java:put(205)) - s1: put 13, m5 -> (t:1, i:13), STATEMACHINELOGENTRY, 158@client-47338475AB7E
2023-10-31 16:06:31,207 [JvmPauseMonitor33] INFO  util.JvmPauseMonitor (JvmPauseMonitor.java:run(146)) - JvmPauseMonitor-s1: Started
2023-10-31 16:06:31,303 [Time-limited test] INFO  simulation.TestServerRestartWithSimulatedRpc (ServerRestartTests.java:runTestRestartCommitIndex(312)) - s1: commitIndex=15, lastAppliedIndex=15
2023-10-31 16:06:31,303 [Time-limited test] INFO  impl.MiniRaftCluster (MiniRaftCluster.java:killServer(533)) - killServer s1
2023-10-31 16:06:31,303 [Time-limited test] INFO  server.RaftServer (RaftServerProxy.java:lambda$close$9(416)) - s1: close
2023-10-31 16:06:31,304 [HandlerDaemon-0] INFO  simulation.RequestHandler (RequestHandler.java:run(127)) - s1.clientHandler0 is interrupted by java.io.InterruptedIOException: 
2023-10-31 16:06:31,304 [HandlerDaemon-1] INFO  simulation.RequestHandler (RequestHandler.java:run(127)) - s1.clientHandler1 is interrupted by java.io.InterruptedIOException: 
2023-10-31 16:06:31,304 [HandlerDaemon-2] INFO  simulation.RequestHandler (RequestHandler.java:run(127)) - s1.clientHandler2 is interrupted by java.io.InterruptedIOException: 
2023-10-31 16:06:31,304 [s1-impl-thread1] INFO  server.RaftServer$Division (RaftServerImpl.java:lambda$close$3(514)) - s1@group-38723C2F496A: shutdown
2023-10-31 16:06:31,304 [HandlerDaemon-0] INFO  simulation.RequestHandler (RequestHandler.java:run(127)) - s1.serverHandler0 is interrupted by java.io.InterruptedIOException: 
2023-10-31 16:06:31,304 [s1-impl-thread1] INFO  util.JmxRegister (JmxRegister.java:unregister(73)) - Successfully un-registered JMX Bean with object name Ratis:service=RaftServer,group=group-38723C2F496A,id=s1
2023-10-31 16:06:31,304 [HandlerDaemon-1] INFO  simulation.RequestHandler (RequestHandler.java:run(127)) - s1.serverHandler1 is interrupted by java.io.InterruptedIOException: 
2023-10-31 16:06:31,304 [HandlerDaemon-2] INFO  simulation.RequestHandler (RequestHandler.java:run(127)) - s1.serverHandler2 is interrupted by java.io.InterruptedIOException: 
2023-10-31 16:06:31,304 [s1-impl-thread1] INFO  impl.RoleInfo (RoleInfo.java:shutdownFollowerState(109)) - s1: shutdown s1@group-38723C2F496A-FollowerState
2023-10-31 16:06:31,304 [s1-impl-thread1] INFO  impl.StateMachineUpdater (StateMachineUpdater.java:stopAndJoin(157)) - s1@group-38723C2F496A-StateMachineUpdater: set stopIndex = 15
2023-10-31 16:06:31,304 [s1@group-38723C2F496A-FollowerState] INFO  impl.FollowerState (FollowerState.java:run(152)) - s1@group-38723C2F496A-FollowerState was interrupted
2023-10-31 16:06:31,305 [s1-impl-thread1] INFO  server.RaftServer$Division (ServerState.java:close(423)) - s1@group-38723C2F496A: applyIndex: 15
2023-10-31 16:06:31,305 [s1@group-38723C2F496A-cacheEviction-AwaitToRun] INFO  util.AwaitToRun (AwaitToRun.java:run(49)) - s1@group-38723C2F496A-cacheEviction-AwaitToRun-AwaitForSignal is interrupted
2023-10-31 16:06:32,189 [s1-impl-thread1] INFO  segmented.SegmentedRaftLogWorker (SegmentedRaftLogWorker.java:close(243)) - s1@group-38723C2F496A-SegmentedRaftLogWorker close()
2023-10-31 16:06:32,190 [JvmPauseMonitor33] INFO  util.JvmPauseMonitor (JvmPauseMonitor.java:run(152)) - JvmPauseMonitor-s1: Stopped
2023-10-31 16:06:32,190 [Time-limited test] INFO  impl.MiniRaftCluster (MiniRaftCluster.java:killServer(533)) - killServer s2
2023-10-31 16:06:32,190 [Time-limited test] INFO  impl.MiniRaftCluster (MiniRaftCluster.java:newRaftServer(382)) - newRaftServer: s2, group-38723C2F496A:[s0|localhost:34949, s1|localhost:39591, s2|localhost:45303], format? false
2023-10-31 16:06:32,190 [Time-limited test] INFO  server.RaftServer (ConfUtils.java:logGet(46)) - raft.rpc.type = org.apache.ratis.server.simulation.SimulatedRpc (custom)
2023-10-31 16:06:32,190 [Time-limited test] INFO  impl.DataStreamServerImpl (ConfUtils.java:logGet(46)) - raft.datastream.type = DISABLED (default)
2023-10-31 16:06:32,191 [Time-limited test] INFO  server.RaftServerConfigKeys (ConfUtils.java:logGet(46)) - raft.server.sleep.deviation.threshold = 300ms (default)
2023-10-31 16:06:32,191 [Time-limited test] INFO  server.RaftServerConfigKeys (ConfUtils.java:logGet(46)) - raft.server.close.threshold = 60s (default)
2023-10-31 16:06:32,191 [Time-limited test] INFO  server.RaftServerConfigKeys (ConfUtils.java:logGet(46)) - raft.server.leaderelection.leader.step-down.wait-time = 10s (default)
2023-10-31 16:06:32,191 [Time-limited test] INFO  server.RaftServerConfigKeys (ConfUtils.java:logGet(46)) - raft.server.storage.dir = [/home/runner/work/ratis/ratis/ratis-test/target/test/data/3084f93d/MiniRaftClusterWithSimulatedRpcadc53b80/s2] (custom)
2023-10-31 16:06:32,191 [Time-limited test] INFO  server.RaftServerConfigKeys (ConfUtils.java:logGet(46)) - raft.server.threadpool.proxy.cached = true (default)
2023-10-31 16:06:32,191 [Time-limited test] INFO  server.RaftServerConfigKeys (ConfUtils.java:logGet(46)) - raft.server.threadpool.proxy.size = 0 (default)
2023-10-31 16:06:32,191 [s2-impl-thread1] INFO  server.RaftServer (RaftServerProxy.java:initGroupDir(264)) - s2: found a subdirectory /home/runner/work/ratis/ratis/ratis-test/target/test/data/3084f93d/MiniRaftClusterWithSimulatedRpcadc53b80/s2/55fd2b97-ca25-406b-8a00-38723c2f496a
2023-10-31 16:06:32,192 [Time-limited test] INFO  server.RaftServer (RaftServerProxy.java:addNew(100)) - s2: addNew group-38723C2F496A:[s0|localhost:34949, s1|localhost:39591, s2|localhost:45303] returns group-38723C2F496A:java.util.concurrent.CompletableFuture@5563815e[Not completed]
2023-10-31 16:06:32,192 [s2-groupManagement] INFO  server.RaftServerConfigKeys (ConfUtils.java:logGet(46)) - raft.server.log.segment.size.max = 32MB (=33554432) (default)
2023-10-31 16:06:32,192 [s2-groupManagement] INFO  server.RaftServerConfigKeys (ConfUtils.java:logGet(46)) - raft.server.log.preallocated.size = 4MB (=4194304) (default)
2023-10-31 16:06:32,192 [s2-groupManagement] INFO  server.RaftServerConfigKeys (ConfUtils.java:logGet(46)) - raft.server.log.write.buffer.size = 64KB (=65536) (default)
2023-10-31 16:06:32,192 [s2-groupManagement] INFO  server.RaftServer$Division (RaftServerImpl.java:<init>(255)) - s2: new RaftServerImpl for group-38723C2F496A:[s0|localhost:34949, s1|localhost:39591, s2|localhost:45303] with SimpleStateMachine4Testing:uninitialized
2023-10-31 16:06:32,192 [s2-groupManagement] INFO  server.RaftServerConfigKeys (ConfUtils.java:logGet(46)) - raft.server.rpc.timeout.min = 150ms (default)
2023-10-31 16:06:32,192 [s2-groupManagement] INFO  server.RaftServerConfigKeys (ConfUtils.java:logGet(46)) - raft.server.rpc.timeout.max = 300ms (default)
2023-10-31 16:06:32,192 [s2-groupManagement] INFO  server.RaftServerConfigKeys (ConfUtils.java:logGet(46)) - raft.server.rpc.sleep.time = 25ms (default)
2023-10-31 16:06:32,192 [s2-groupManagement] INFO  server.RaftServerConfigKeys (ConfUtils.java:logGet(46)) - raft.server.rpc.slowness.timeout = 60s (default)
2023-10-31 16:06:32,192 [s2-groupManagement] INFO  server.RaftServerConfigKeys (ConfUtils.java:logGet(46)) - raft.server.leaderelection.leader.step-down.wait-time = 10s (default)
2023-10-31 16:06:32,192 [s2-groupManagement] INFO  server.RaftServerConfigKeys (ConfUtils.java:logGet(46)) - raft.server.sleep.deviation.threshold = 300ms (default)
2023-10-31 16:06:32,193 [s2-groupManagement] INFO  server.RaftServer$Division (ServerState.java:<init>(113)) - s2@group-38723C2F496A: ConfigurationManager, init=-1: peers:[s0|localhost:34949, s1|localhost:39591, s2|localhost:45303]|listeners:[], old=null, confs=<EMPTY_MAP>
2023-10-31 16:06:32,193 [s2-groupManagement] INFO  server.RaftServerConfigKeys (ConfUtils.java:logGet(46)) - raft.server.notification.no-leader.timeout = 60s (default)
2023-10-31 16:06:32,193 [s2-groupManagement] INFO  server.RaftServerConfigKeys (ConfUtils.java:logGet(46)) - raft.server.read.timeout = 10s (default)
2023-10-31 16:06:32,193 [s2-groupManagement] INFO  server.RaftServerConfigKeys (ConfUtils.java:logGet(46)) - raft.server.retrycache.expirytime = 60s (default)
2023-10-31 16:06:32,193 [s2-groupManagement] INFO  server.RaftServerConfigKeys (ConfUtils.java:logGet(46)) - raft.server.retrycache.statistics.expirytime = 100μs (default)
2023-10-31 16:06:32,193 [s2-groupManagement] INFO  server.RaftServerConfigKeys (ConfUtils.java:logGet(46)) - raft.server.read.option = DEFAULT (default)
2023-10-31 16:06:32,193 [s2-groupManagement] INFO  server.RaftServerConfigKeys (ConfUtils.java:logGet(46)) - raft.server.read.read-after-write-consistent.write-index-cache.expiry-time = 60s (default)
2023-10-31 16:06:32,194 [s2-groupManagement] INFO  server.RaftServerConfigKeys (ConfUtils.java:logGet(46)) - raft.server.rpc.request.timeout = 3000ms (default)
2023-10-31 16:06:32,194 [s2-groupManagement] INFO  server.RaftServerConfigKeys (ConfUtils.java:logGet(46)) - raft.server.log.appender.install.snapshot.enabled = true (default)
2023-10-31 16:06:32,194 [s2-groupManagement] INFO  server.RaftServerConfigKeys (ConfUtils.java:logGet(46)) - raft.server.threadpool.server.cached = true (default)
2023-10-31 16:06:32,194 [s2-groupManagement] INFO  server.RaftServerConfigKeys (ConfUtils.java:logGet(46)) - raft.server.threadpool.server.size = 0 (default)
2023-10-31 16:06:32,194 [s2-groupManagement] INFO  server.RaftServerConfigKeys (ConfUtils.java:logGet(46)) - raft.server.threadpool.client.cached = true (default)
2023-10-31 16:06:32,194 [s2-groupManagement] INFO  server.RaftServerConfigKeys (ConfUtils.java:logGet(46)) - raft.server.threadpool.client.size = 0 (default)
2023-10-31 16:06:32,194 [s2-impl-thread1] INFO  server.RaftServerConfigKeys (ConfUtils.java:logGet(46)) - raft.server.storage.free-space.min = 0MB (=0) (default)
2023-10-31 16:06:32,194 [s2-impl-thread1] INFO  server.RaftServerConfigKeys (ConfUtils.java:logGet(46)) - raft.server.log.corruption.policy = EXCEPTION (default)
2023-10-31 16:06:32,194 [s2-impl-thread1] INFO  server.RaftServerConfigKeys (ConfUtils.java:logGet(46)) - raft.server.storage.dir = [/home/runner/work/ratis/ratis/ratis-test/target/test/data/3084f93d/MiniRaftClusterWithSimulatedRpcadc53b80/s2] (custom)
2023-10-31 16:06:32,196 [s2-impl-thread1] INFO  storage.RaftStorageDirectory (RaftStorageDirectoryImpl.java:tryLock(232)) - Lock on /home/runner/work/ratis/ratis/ratis-test/target/test/data/3084f93d/MiniRaftClusterWithSimulatedRpcadc53b80/s2/55fd2b97-ca25-406b-8a00-38723c2f496a/in_use.lock acquired by nodename 3366@fv-az462-937
2023-10-31 16:06:32,197 [s2-impl-thread1] INFO  storage.RaftStorage (RaftStorageImpl.java:analyzeAndRecoverStorage(117)) - Read RaftStorageMetadata{term=2, votedFor=s2} from /home/runner/work/ratis/ratis/ratis-test/target/test/data/3084f93d/MiniRaftClusterWithSimulatedRpcadc53b80/s2/55fd2b97-ca25-406b-8a00-38723c2f496a/current/raft-meta
2023-10-31 16:06:32,197 [s2-impl-thread1] INFO  server.RaftServer$Division (ServerState.java:setRaftConf(382)) - s2@group-38723C2F496A: set configuration 15: peers:[s0|localhost:34949, s1|localhost:39591, s2|localhost:45303]|listeners:[], old=null
2023-10-31 16:06:32,197 [s2-impl-thread1] INFO  impl.SimpleStateMachine4Testing (SimpleStateMachine4Testing.java:initialize(213)) - Initializing SimpleStateMachine4Testing:uninitialized
2023-10-31 16:06:32,197 [s2-impl-thread1] INFO  impl.SimpleStateMachine4Testing (SimpleStateMachine4Testing.java:loadSnapshot(296)) - Loading snapshot null
2023-10-31 16:06:32,197 [s2-impl-thread1] INFO  server.RaftServerConfigKeys (ConfUtils.java:logGet(46)) - raft.server.log.use.memory = false (default)
2023-10-31 16:06:32,197 [s2-impl-thread1] INFO  server.RaftServerConfigKeys (ConfUtils.java:logGet(46)) - raft.server.log.purge.gap = 1024 (default)
2023-10-31 16:06:32,198 [s2-impl-thread1] INFO  server.RaftServerConfigKeys (ConfUtils.java:logGet(46)) - raft.server.log.appender.buffer.byte-limit = 4MB (=4194304) (default)
2023-10-31 16:06:32,198 [s2-impl-thread1] INFO  server.RaftServerConfigKeys (ConfUtils.java:logGet(46)) - raft.server.log.statemachine.data.read.timeout = 1000ms (default)
2023-10-31 16:06:32,198 [s2-impl-thread1] INFO  server.RaftServerConfigKeys (ConfUtils.java:logGet(46)) - raft.server.log.purge.preservation.log.num = 0 (default)
2023-10-31 16:06:32,198 [s2-impl-thread1] INFO  server.RaftServerConfigKeys (ConfUtils.java:logGet(46)) - raft.server.log.segment.size.max = 8KB (=8192) (custom)
2023-10-31 16:06:32,198 [s2-impl-thread1] INFO  server.RaftServerConfigKeys (ConfUtils.java:logGet(46)) - raft.server.log.segment.cache.num.max = 6 (default)
2023-10-31 16:06:32,198 [s2-impl-thread1] INFO  server.RaftServerConfigKeys (ConfUtils.java:logGet(46)) - raft.server.log.segment.cache.size.max = 200MB (=209715200) (default)
2023-10-31 16:06:32,198 [s2-impl-thread1] INFO  server.RaftServerConfigKeys (ConfUtils.java:logGet(46)) - raft.server.log.appender.buffer.byte-limit = 4MB (=4194304) (default)
2023-10-31 16:06:32,198 [s2-impl-thread1] INFO  util.AwaitToRun (AwaitToRun.java:start(81)) - Thread[s2@group-38723C2F496A-cacheEviction-AwaitToRun,5,main] started
2023-10-31 16:06:32,198 [s2-impl-thread1] INFO  segmented.SegmentedRaftLogWorker (SegmentedRaftLogWorker.java:<init>(184)) - new s2@group-38723C2F496A-SegmentedRaftLogWorker for RaftStorageImpl:Storage Directory /home/runner/work/ratis/ratis/ratis-test/target/test/data/3084f93d/MiniRaftClusterWithSimulatedRpcadc53b80/s2/55fd2b97-ca25-406b-8a00-38723c2f496a
2023-10-31 16:06:32,198 [s2-impl-thread1] INFO  server.RaftServerConfigKeys (ConfUtils.java:logGet(46)) - raft.server.log.queue.byte-limit = 64MB (=67108864) (default)
2023-10-31 16:06:32,198 [s2-impl-thread1] INFO  server.RaftServerConfigKeys (ConfUtils.java:logGet(46)) - raft.server.log.queue.element-limit = 4096 (default)
2023-10-31 16:06:32,198 [s2-impl-thread1] INFO  server.RaftServerConfigKeys (ConfUtils.java:logGet(46)) - raft.server.log.segment.size.max = 8KB (=8192) (custom)
2023-10-31 16:06:32,198 [s2-impl-thread1] INFO  server.RaftServerConfigKeys (ConfUtils.java:logGet(46)) - raft.server.log.preallocated.size = 4MB (=4194304) (default)
2023-10-31 16:06:32,199 [s2-impl-thread1] INFO  server.RaftServerConfigKeys (ConfUtils.java:logGet(46)) - raft.server.log.force.sync.num = 128 (default)
2023-10-31 16:06:32,199 [s2-impl-thread1] INFO  server.RaftServerConfigKeys (ConfUtils.java:logGet(46)) - raft.server.log.statemachine.data.sync = true (default)
2023-10-31 16:06:32,199 [s2-impl-thread1] INFO  server.RaftServerConfigKeys (ConfUtils.java:logGet(46)) - raft.server.log.statemachine.data.sync.timeout = 10s (default)
2023-10-31 16:06:32,199 [s2-impl-thread1] INFO  server.RaftServerConfigKeys (ConfUtils.java:logGet(46)) - raft.server.log.statemachine.data.sync.timeout.retry = -1 (default)
2023-10-31 16:06:32,199 [s2-impl-thread1] INFO  server.RaftServerConfigKeys (ConfUtils.java:logGet(46)) - raft.server.log.write.buffer.size = 64KB (=65536) (default)
2023-10-31 16:06:32,199 [s2-impl-thread1] INFO  server.RaftServerConfigKeys (ConfUtils.java:logGet(46)) - raft.server.log.appender.buffer.byte-limit = 4MB (=4194304) (default)
2023-10-31 16:06:32,200 [s2-impl-thread1] INFO  server.RaftServerConfigKeys (ConfUtils.java:logGet(46)) - raft.server.log.unsafe-flush.enabled = false (default)
2023-10-31 16:06:32,200 [s2-impl-thread1] INFO  server.RaftServerConfigKeys (ConfUtils.java:logGet(46)) - raft.server.log.async-flush.enabled = false (default)
2023-10-31 16:06:32,200 [s2-impl-thread1] INFO  server.RaftServerConfigKeys (ConfUtils.java:logGet(46)) - raft.server.log.statemachine.data.caching.enabled = false (default)
2023-10-31 16:06:32,200 [s2-impl-thread1] INFO  server.RaftServer$Division (ServerState.java:setRaftConf(382)) - s2@group-38723C2F496A: set configuration 0: peers:[s0|localhost:34949, s1|localhost:39591, s2|localhost:45303]|listeners:[], old=null
2023-10-31 16:06:32,201 [s2-impl-thread1] INFO  segmented.LogSegment (LogSegment.java:loadSegment(170)) - Successfully read 15 entries from segment file /home/runner/work/ratis/ratis/ratis-test/target/test/data/3084f93d/MiniRaftClusterWithSimulatedRpcadc53b80/s2/55fd2b97-ca25-406b-8a00-38723c2f496a/current/log_0-14
2023-10-31 16:06:32,201 [s2-impl-thread1] INFO  server.RaftServer$Division (ServerState.java:setRaftConf(382)) - s2@group-38723C2F496A: set configuration 15: peers:[s0|localhost:34949, s1|localhost:39591, s2|localhost:45303]|listeners:[], old=null
2023-10-31 16:06:32,201 [s2-impl-thread1] INFO  segmented.LogSegment (LogSegment.java:loadSegment(170)) - Successfully read 2 entries from segment file /home/runner/work/ratis/ratis/ratis-test/target/test/data/3084f93d/MiniRaftClusterWithSimulatedRpcadc53b80/s2/55fd2b97-ca25-406b-8a00-38723c2f496a/current/log_inprogress_15
2023-10-31 16:06:32,201 [s2-impl-thread1] INFO  segmented.SegmentedRaftLogWorker (SegmentedRaftLogWorker.java:lambda$new$0(135)) - s2@group-38723C2F496A-SegmentedRaftLogWorker: flushIndex: setUnconditionally 0 -> 16
2023-10-31 16:06:32,201 [s2-impl-thread1] INFO  segmented.SegmentedRaftLogWorker (SegmentedRaftLogWorker.java:lambda$new$0(135)) - s2@group-38723C2F496A-SegmentedRaftLogWorker: safeCacheEvictIndex: setUnconditionally 0 -> -1
2023-10-31 16:06:32,202 [s2-impl-thread1] INFO  raftlog.RaftLog (RaftLogBase.java:lambda$new$0(54)) - s2@group-38723C2F496A-SegmentedRaftLog: commitIndex: updateToMax old=-1, new=15, updated? true
2023-10-31 16:06:32,202 [s2-impl-thread1] INFO  server.RaftServer$Division (RaftServerImpl.java:start(390)) - s2@group-38723C2F496A: start as a follower, conf=15: peers:[s0|localhost:34949, s1|localhost:39591, s2|localhost:45303]|listeners:[], old=null
2023-10-31 16:06:32,202 [s2-impl-thread1] INFO  server.RaftServer$Division (RaftServerImpl.java:setRole(377)) - s2@group-38723C2F496A: changes role from      null to FOLLOWER at term 2 for startAsFollower
2023-10-31 16:06:32,202 [s2-impl-thread1] INFO  impl.RoleInfo (RoleInfo.java:updateAndGet(138)) - s2: start s2@group-38723C2F496A-FollowerState
2023-10-31 16:06:32,202 [s2-impl-thread1] INFO  util.JmxRegister (JmxRegister.java:tryRegister(44)) - Successfully registered JMX Bean with object name Ratis:service=RaftServer,group=group-38723C2F496A,id=s2
2023-10-31 16:06:32,202 [s2-impl-thread1] INFO  server.RaftServerConfigKeys (ConfUtils.java:logGet(46)) - raft.server.snapshot.trigger-when-stop.enabled = true (default)
2023-10-31 16:06:32,202 [s2-impl-thread1] INFO  server.RaftServerConfigKeys (ConfUtils.java:logGet(46)) - raft.server.snapshot.auto.trigger.enabled = false (default)
2023-10-31 16:06:32,202 [s2-impl-thread1] INFO  server.RaftServerConfigKeys (ConfUtils.java:logGet(46)) - raft.server.snapshot.retention.file.num = -1 (default)
2023-10-31 16:06:32,202 [s2-impl-thread1] INFO  server.RaftServerConfigKeys (ConfUtils.java:logGet(46)) - raft.server.log.purge.upto.snapshot.index = false (default)
2023-10-31 16:06:32,203 [Time-limited test] INFO  server.RaftServer (RaftServerProxy.java:startImpl(406)) - s2: start RPC server
2023-10-31 16:06:32,203 [s2@group-38723C2F496A-StateMachineUpdater] INFO  impl.SimpleStateMachine4Testing (SimpleStateMachine4Testing.java:applyTransaction(248)) - applyTransaction for log index 1
2023-10-31 16:06:32,203 [s2@group-38723C2F496A-StateMachineUpdater] INFO  impl.SimpleStateMachine4Testing (SimpleStateMachine4Testing.java:put(205)) - s2: put 1, m0 -> (t:1, i:1), STATEMACHINELOGENTRY, 153@client-E1199FC2390E
2023-10-31 16:06:32,204 [s2@group-38723C2F496A-StateMachineUpdater] INFO  impl.SimpleStateMachine4Testing (SimpleStateMachine4Testing.java:applyTransaction(248)) - applyTransaction for log index 2
2023-10-31 16:06:32,204 [s2@group-38723C2F496A-StateMachineUpdater] INFO  impl.SimpleStateMachine4Testing (SimpleStateMachine4Testing.java:put(205)) - s2: put 2, m3 -> (t:1, i:2), STATEMACHINELOGENTRY, 157@client-8C5F0F5D8DB9
2023-10-31 16:06:32,203 [s2@group-38723C2F496A-FollowerState] INFO  server.RaftServerConfigKeys (ConfUtils.java:logFallback(53)) - raft.server.rpc.first-election.timeout.min = 150ms (fallback to raft.server.rpc.timeout.min)
2023-10-31 16:06:32,204 [s2@group-38723C2F496A-FollowerState] INFO  server.RaftServerConfigKeys (ConfUtils.java:logFallback(53)) - raft.server.rpc.first-election.timeout.max = 300ms (fallback to raft.server.rpc.timeout.max)
2023-10-31 16:06:32,204 [s2@group-38723C2F496A-StateMachineUpdater] INFO  impl.SimpleStateMachine4Testing (SimpleStateMachine4Testing.java:applyTransaction(248)) - applyTransaction for log index 3
2023-10-31 16:06:32,204 [s2@group-38723C2F496A-StateMachineUpdater] INFO  impl.SimpleStateMachine4Testing (SimpleStateMachine4Testing.java:put(205)) - s2: put 3, m4 -> (t:1, i:3), STATEMACHINELOGENTRY, 159@client-781D3B77F666
2023-10-31 16:06:32,204 [s2@group-38723C2F496A-StateMachineUpdater] INFO  impl.SimpleStateMachine4Testing (SimpleStateMachine4Testing.java:applyTransaction(248)) - applyTransaction for log index 4
2023-10-31 16:06:32,204 [s2@group-38723C2F496A-StateMachineUpdater] INFO  impl.SimpleStateMachine4Testing (SimpleStateMachine4Testing.java:put(205)) - s2: put 4, m9 -> (t:1, i:4), STATEMACHINELOGENTRY, 154@client-113CBBC55E26
2023-10-31 16:06:32,204 [s2@group-38723C2F496A-StateMachineUpdater] INFO  impl.SimpleStateMachine4Testing (SimpleStateMachine4Testing.java:applyTransaction(248)) - applyTransaction for log index 5
2023-10-31 16:06:32,204 [s2@group-38723C2F496A-StateMachineUpdater] INFO  impl.SimpleStateMachine4Testing (SimpleStateMachine4Testing.java:put(205)) - s2: put 5, m6 -> (t:1, i:5), STATEMACHINELOGENTRY, 160@client-BEE849A4F175
2023-10-31 16:06:32,205 [s2@group-38723C2F496A-StateMachineUpdater] INFO  impl.SimpleStateMachine4Testing (SimpleStateMachine4Testing.java:applyTransaction(248)) - applyTransaction for log index 6
2023-10-31 16:06:32,205 [s2@group-38723C2F496A-StateMachineUpdater] INFO  impl.SimpleStateMachine4Testing (SimpleStateMachine4Testing.java:put(205)) - s2: put 6, m8 -> (t:1, i:6), STATEMACHINELOGENTRY, 161@client-04090C1BD8D2
2023-10-31 16:06:32,205 [s2@group-38723C2F496A-StateMachineUpdater] INFO  impl.SimpleStateMachine4Testing (SimpleStateMachine4Testing.java:applyTransaction(248)) - applyTransaction for log index 8
2023-10-31 16:06:32,205 [s2@group-38723C2F496A-StateMachineUpdater] INFO  impl.SimpleStateMachine4Testing (SimpleStateMachine4Testing.java:put(205)) - s2: put 8, m2 -> (t:1, i:8), STATEMACHINELOGENTRY, 155@client-8053DDC2CC72
2023-10-31 16:06:32,205 [s2@group-38723C2F496A-StateMachineUpdater] INFO  impl.SimpleStateMachine4Testing (SimpleStateMachine4Testing.java:applyTransaction(248)) - applyTransaction for log index 9
2023-10-31 16:06:32,205 [s2@group-38723C2F496A-StateMachineUpdater] INFO  impl.SimpleStateMachine4Testing (SimpleStateMachine4Testing.java:put(205)) - s2: put 9, m7 -> (t:1, i:9), STATEMACHINELOGENTRY, 162@client-692B047E92A5
2023-10-31 16:06:32,205 [s2@group-38723C2F496A-StateMachineUpdater] INFO  impl.SimpleStateMachine4Testing (SimpleStateMachine4Testing.java:applyTransaction(248)) - applyTransaction for log index 12
2023-10-31 16:06:32,205 [s2@group-38723C2F496A-StateMachineUpdater] INFO  impl.SimpleStateMachine4Testing (SimpleStateMachine4Testing.java:put(205)) - s2: put 12, m1 -> (t:1, i:12), STATEMACHINELOGENTRY, 156@client-04EF28DDBE7E
2023-10-31 16:06:32,206 [s2@group-38723C2F496A-StateMachineUpdater] INFO  impl.SimpleStateMachine4Testing (SimpleStateMachine4Testing.java:applyTransaction(248)) - applyTransaction for log index 13
2023-10-31 16:06:32,206 [s2@group-38723C2F496A-StateMachineUpdater] INFO  impl.SimpleStateMachine4Testing (SimpleStateMachine4Testing.java:put(205)) - s2: put 13, m5 -> (t:1, i:13), STATEMACHINELOGENTRY, 158@client-47338475AB7E
2023-10-31 16:06:32,207 [Time-limited test] INFO  simulation.TestServerRestartWithSimulatedRpc (ServerRestartTests.java:runTestRestartCommitIndex(312)) - s2: commitIndex=15, lastAppliedIndex=15
2023-10-31 16:06:32,207 [Time-limited test] INFO  impl.MiniRaftCluster (MiniRaftCluster.java:killServer(533)) - killServer s2
2023-10-31 16:06:32,207 [Time-limited test] INFO  server.RaftServer (RaftServerProxy.java:lambda$close$9(416)) - s2: close
2023-10-31 16:06:32,207 [s2-impl-thread1] INFO  server.RaftServer$Division (RaftServerImpl.java:lambda$close$3(514)) - s2@group-38723C2F496A: shutdown
2023-10-31 16:06:32,207 [s2-impl-thread1] INFO  util.JmxRegister (JmxRegister.java:unregister(73)) - Successfully un-registered JMX Bean with object name Ratis:service=RaftServer,group=group-38723C2F496A,id=s2
2023-10-31 16:06:32,207 [s2-impl-thread1] INFO  impl.RoleInfo (RoleInfo.java:shutdownFollowerState(109)) - s2: shutdown s2@group-38723C2F496A-FollowerState
2023-10-31 16:06:32,207 [s2-impl-thread1] INFO  impl.StateMachineUpdater (StateMachineUpdater.java:stopAndJoin(157)) - s2@group-38723C2F496A-StateMachineUpdater: set stopIndex = 15
2023-10-31 16:06:32,207 [HandlerDaemon-0] INFO  simulation.RequestHandler (RequestHandler.java:run(127)) - s2.clientHandler0 is interrupted by java.io.InterruptedIOException: 
2023-10-31 16:06:32,207 [HandlerDaemon-1] INFO  simulation.RequestHandler (RequestHandler.java:run(127)) - s2.clientHandler1 is interrupted by java.io.InterruptedIOException: 
2023-10-31 16:06:32,208 [s2-impl-thread1] INFO  server.RaftServer$Division (ServerState.java:close(423)) - s2@group-38723C2F496A: applyIndex: 15
2023-10-31 16:06:32,208 [s2@group-38723C2F496A-cacheEviction-AwaitToRun] INFO  util.AwaitToRun (AwaitToRun.java:run(49)) - s2@group-38723C2F496A-cacheEviction-AwaitToRun-AwaitForSignal is interrupted
2023-10-31 16:06:32,208 [HandlerDaemon-2] INFO  simulation.RequestHandler (RequestHandler.java:run(127)) - s2.clientHandler2 is interrupted by java.io.InterruptedIOException: 
2023-10-31 16:06:32,208 [s2@group-38723C2F496A-FollowerState] INFO  impl.FollowerState (FollowerState.java:run(152)) - s2@group-38723C2F496A-FollowerState was interrupted
2023-10-31 16:06:32,208 [HandlerDaemon-0] INFO  simulation.RequestHandler (RequestHandler.java:run(127)) - s2.serverHandler0 is interrupted by java.io.InterruptedIOException: 
2023-10-31 16:06:32,208 [HandlerDaemon-2] INFO  simulation.RequestHandler (RequestHandler.java:run(127)) - s2.serverHandler2 is interrupted by java.io.InterruptedIOException: 
2023-10-31 16:06:32,208 [JvmPauseMonitor34] INFO  util.JvmPauseMonitor (JvmPauseMonitor.java:run(146)) - JvmPauseMonitor-s2: Started
2023-10-31 16:06:32,208 [HandlerDaemon-1] INFO  simulation.RequestHandler (RequestHandler.java:run(127)) - s2.serverHandler1 is interrupted by java.io.InterruptedIOException: 
2023-10-31 16:06:33,202 [s2-impl-thread1] INFO  segmented.SegmentedRaftLogWorker (SegmentedRaftLogWorker.java:close(243)) - s2@group-38723C2F496A-SegmentedRaftLogWorker close()
2023-10-31 16:06:33,203 [JvmPauseMonitor34] INFO  util.JvmPauseMonitor (JvmPauseMonitor.java:run(152)) - JvmPauseMonitor-s2: Stopped
2023-10-31 16:06:33,203 [Time-limited test] INFO  impl.MiniRaftCluster (MiniRaftCluster.java:shutdown(831)) - ************************************************************** 
2023-10-31 16:06:33,203 [Time-limited test] INFO  impl.MiniRaftCluster (MiniRaftCluster.java:shutdown(832)) - *** 
2023-10-31 16:06:33,203 [Time-limited test] INFO  impl.MiniRaftCluster (MiniRaftCluster.java:shutdown(833)) - ***     Stopping MiniRaftClusterWithSimulatedRpc
2023-10-31 16:06:33,203 [Time-limited test] INFO  impl.MiniRaftCluster (MiniRaftCluster.java:shutdown(834)) - *** 
2023-10-31 16:06:33,203 [Time-limited test] INFO  impl.MiniRaftCluster (MiniRaftCluster.java:shutdown(835)) - ************************************************************** 
2023-10-31 16:06:33,204 [Time-limited test] INFO  impl.MiniRaftCluster (MiniRaftCluster.java:shutdown(836)) - printing ALL groups
  s0:   CLOSED  FOLLOWER s0@group-38723C2F496A:t1, leader=null, voted=s0, raftlog=Memoized:s0@group-38723C2F496A-SegmentedRaftLog:CLOSED:c14, conf=0: peers:[s0|localhost:34949, s1|localhost:39591, s2|localhost:45303]|listeners:[], old=null CLOSED
  s1:   CLOSED  FOLLOWER s1@group-38723C2F496A:t2, leader=null, voted=s2, raftlog=Memoized:s1@group-38723C2F496A-SegmentedRaftLog:CLOSED:c15, conf=15: peers:[s0|localhost:34949, s1|localhost:39591, s2|localhost:45303]|listeners:[], old=null CLOSED
  s2:   CLOSED  FOLLOWER s2@group-38723C2F496A:t2, leader=null, voted=s2, raftlog=Memoized:s2@group-38723C2F496A-SegmentedRaftLog:CLOSED:c15, conf=15: peers:[s0|localhost:34949, s1|localhost:39591, s2|localhost:45303]|listeners:[], old=null CLOSED
2023-10-31 16:06:33,204 [Time-limited test] INFO  impl.MiniRaftCluster (MiniRaftCluster.java:shutdown(855)) - MiniRaftClusterWithSimulatedRpc shutdown completed
]]></system-out>
  </testcase>
  <testcase name="testRestartFollower" classname="org.apache.ratis.server.simulation.TestServerRestartWithSimulatedRpc" time="8.691">
    <failure message="Unexpected exit." type="java.lang.AssertionError"><![CDATA[java.lang.AssertionError: Unexpected exit.
	at org.apache.ratis.util.ExitUtils.assertNotTerminated(ExitUtils.java:109)
	at org.apache.ratis.server.impl.MiniRaftCluster.shutdown(MiniRaftCluster.java:854)
	at org.apache.ratis.server.impl.MiniRaftCluster$Factory$Get.runWithNewCluster(MiniRaftCluster.java:147)
	at org.apache.ratis.server.impl.MiniRaftCluster$Factory$Get.runWithNewCluster(MiniRaftCluster.java:121)
	at org.apache.ratis.server.ServerRestartTests.testRestartFollower(ServerRestartTests.java:88)
	at java.base/jdk.internal.reflect.NativeMethodAccessorImpl.invoke0(Native Method)
	at java.base/jdk.internal.reflect.NativeMethodAccessorImpl.invoke(NativeMethodAccessorImpl.java:62)
	at java.base/jdk.internal.reflect.DelegatingMethodAccessorImpl.invoke(DelegatingMethodAccessorImpl.java:43)
	at java.base/java.lang.reflect.Method.invoke(Method.java:566)
	at org.junit.runners.model.FrameworkMethod$1.runReflectiveCall(FrameworkMethod.java:59)
	at org.junit.internal.runners.model.ReflectiveCallable.run(ReflectiveCallable.java:12)
	at org.junit.runners.model.FrameworkMethod.invokeExplosively(FrameworkMethod.java:56)
	at org.junit.internal.runners.statements.InvokeMethod.evaluate(InvokeMethod.java:17)
	at org.junit.internal.runners.statements.RunAfters.evaluate(RunAfters.java:27)
	at org.junit.internal.runners.statements.FailOnTimeout$CallableStatement.call(FailOnTimeout.java:299)
	at org.junit.internal.runners.statements.FailOnTimeout$CallableStatement.call(FailOnTimeout.java:293)
	at java.base/java.util.concurrent.FutureTask.run(FutureTask.java:264)
	at java.base/java.lang.Thread.run(Thread.java:829)
Caused by: org.apache.ratis.util.ExitUtils$ExitException: s1.serverHandler0 is terminating.
	at org.apache.ratis.util.ExitUtils.terminate(ExitUtils.java:141)
	at org.apache.ratis.util.ExitUtils.terminate(ExitUtils.java:151)
	at org.apache.ratis.server.simulation.RequestHandler$HandlerDaemon.run(RequestHandler.java:138)
Caused by: java.lang.IllegalStateException: s1@group-9A22CC0201A6-SegmentedRaftLog is expected to be opened but it is CLOSED
	at org.apache.ratis.util.OpenCloseState.assertOpen(OpenCloseState.java:63)
	at org.apache.ratis.server.raftlog.RaftLogBase.checkLogState(RaftLogBase.java:112)
	at org.apache.ratis.server.raftlog.segmented.SegmentedRaftLog.getTermIndex(SegmentedRaftLog.java:337)
	at org.apache.ratis.server.raftlog.RaftLog.contains(RaftLog.java:49)
	at org.apache.ratis.server.impl.ServerState.containsTermIndex(ServerState.java:494)
	at org.apache.ratis.server.impl.RaftServerImpl.checkInconsistentAppendEntries(RaftServerImpl.java:1677)
	at org.apache.ratis.server.impl.RaftServerImpl.checkInconsistentAppendEntries(RaftServerImpl.java:1641)
	at org.apache.ratis.server.impl.RaftServerImpl.appendEntriesAsync(RaftServerImpl.java:1587)
	at org.apache.ratis.server.impl.RaftServerImpl.appendEntriesAsync(RaftServerImpl.java:1462)
	at org.apache.ratis.server.impl.RaftServerImpl.appendEntries(RaftServerImpl.java:1445)
	at org.apache.ratis.server.impl.RaftServerProxy.appendEntries(RaftServerProxy.java:656)
	at org.apache.ratis.server.simulation.SimulatedServerRpc$1.handleRequest(SimulatedServerRpc.java:163)
	at org.apache.ratis.server.simulation.SimulatedServerRpc$1.handleRequest(SimulatedServerRpc.java:153)
	at org.apache.ratis.server.simulation.RequestHandler.handleRequest(RequestHandler.java:91)
	at org.apache.ratis.server.simulation.RequestHandler$HandlerDaemon.run(RequestHandler.java:125)
Caused by: org.apache.ratis.util.OpenCloseState$CloseTrace: Close s1@group-9A22CC0201A6-SegmentedRaftLog
	at org.apache.ratis.util.OpenCloseState.lambda$close$1(OpenCloseState.java:109)
	at java.base/java.util.concurrent.atomic.AtomicReference.getAndUpdate(AtomicReference.java:187)
	at org.apache.ratis.util.OpenCloseState.close(OpenCloseState.java:109)
	at org.apache.ratis.server.raftlog.RaftLogBase.close(RaftLogBase.java:386)
	at org.apache.ratis.server.raftlog.segmented.SegmentedRaftLog.close(SegmentedRaftLog.java:525)
	at org.apache.ratis.server.impl.ServerState.close(ServerState.java:427)
	at org.apache.ratis.server.impl.RaftServerImpl.lambda$close$3(RaftServerImpl.java:536)
	at org.apache.ratis.util.LifeCycle.lambda$checkStateAndClose$4(LifeCycle.java:299)
	at org.apache.ratis.util.LifeCycle.checkStateAndClose(LifeCycle.java:319)
	at org.apache.ratis.util.LifeCycle.checkStateAndClose(LifeCycle.java:297)
	at org.apache.ratis.server.impl.RaftServerImpl.close(RaftServerImpl.java:513)
	at org.apache.ratis.server.ServerRestartTests.runTestRestartFollower(ServerRestartTests.java:131)
	at org.apache.ratis.server.impl.MiniRaftCluster$Factory$Get.runWithNewCluster(MiniRaftCluster.java:141)
	at org.apache.ratis.server.impl.MiniRaftCluster$Factory$Get.runWithNewCluster(MiniRaftCluster.java:121)
	at org.apache.ratis.server.ServerRestartTests.testRestartFollower(ServerRestartTests.java:88)
	at java.base/jdk.internal.reflect.NativeMethodAccessorImpl.invoke0(Native Method)
	at java.base/jdk.internal.reflect.NativeMethodAccessorImpl.invoke(NativeMethodAccessorImpl.java:62)
	at java.base/jdk.internal.reflect.DelegatingMethodAccessorImpl.invoke(DelegatingMethodAccessorImpl.java:43)
	at java.base/java.lang.reflect.Method.invoke(Method.java:566)
	at org.junit.runners.model.FrameworkMethod$1.runReflectiveCall(FrameworkMethod.java:59)
	at org.junit.internal.runners.model.ReflectiveCallable.run(ReflectiveCallable.java:12)
	at org.junit.runners.model.FrameworkMethod.invokeExplosively(FrameworkMethod.java:56)
	at org.junit.internal.runners.statements.InvokeMethod.evaluate(InvokeMethod.java:17)
	at org.junit.internal.runners.statements.RunAfters.evaluate(RunAfters.java:27)
	at org.junit.internal.runners.statements.FailOnTimeout$CallableStatement.call(FailOnTimeout.java:299)
	at org.junit.internal.runners.statements.FailOnTimeout$CallableStatement.call(FailOnTimeout.java:293)
	at java.base/java.util.concurrent.FutureTask.run(FutureTask.java:264)
	at java.base/java.lang.Thread.run(Thread.java:829)
]]></failure>
    <system-out><![CDATA[2023-10-31 16:06:33,205 [main] INFO  util.LogUtils (Slf4jUtils.java:setLogLevel(38)) - Successfully set org.apache.ratis.conf.ConfUtils log level to WARN
2023-10-31 16:06:33,207 [main] INFO  util.LogUtils (Slf4jUtils.java:setLogLevel(38)) - Successfully set org.apache.ratis.util.FileUtils log level to TRACE
2023-10-31 16:06:33,207 [main] INFO  util.LogUtils (Slf4jUtils.java:setLogLevel(38)) - Successfully set org.apache.ratis.server.raftlog.RaftLog log level to DEBUG
2023-10-31 16:06:33,208 [Time-limited test] INFO  impl.MiniRaftCluster (MiniRaftCluster.java:runWithNewCluster(135)) - Running runWithNewCluster
2023-10-31 16:06:33,208 [Time-limited test] INFO  simulation.MiniRaftClusterWithSimulatedRpc (ConfUtils.java:logGet(46)) - org.apache.ratis.server.simulation.SimulatedRequestReply.simulateLatencyMs = 0 (custom)
2023-10-31 16:06:33,209 [Time-limited test] INFO  impl.MiniRaftCluster (MiniRaftCluster.java:<init>(306)) - new MiniRaftClusterWithSimulatedRpc with group-9A22CC0201A6:[s0|localhost:38363, s1|localhost:38375, s2|localhost:35419]
2023-10-31 16:06:33,209 [Time-limited test] INFO  impl.MiniRaftCluster (MiniRaftCluster.java:start(339)) - .............................................................. 
2023-10-31 16:06:33,209 [Time-limited test] INFO  impl.MiniRaftCluster (MiniRaftCluster.java:start(340)) - ... 
2023-10-31 16:06:33,209 [Time-limited test] INFO  impl.MiniRaftCluster (MiniRaftCluster.java:start(341)) - ...     Starting MiniRaftClusterWithSimulatedRpc
2023-10-31 16:06:33,209 [Time-limited test] INFO  impl.MiniRaftCluster (MiniRaftCluster.java:start(342)) - ... 
2023-10-31 16:06:33,209 [Time-limited test] INFO  impl.MiniRaftCluster (MiniRaftCluster.java:start(343)) - .............................................................. 
2023-10-31 16:06:33,209 [Time-limited test] INFO  impl.MiniRaftCluster (MiniRaftCluster.java:initServers(318)) - servers = {}
2023-10-31 16:06:33,209 [Time-limited test] INFO  impl.MiniRaftCluster (MiniRaftCluster.java:newRaftServer(382)) - newRaftServer: s0, group-9A22CC0201A6:[s0|localhost:38363, s1|localhost:38375, s2|localhost:35419], format? true
2023-10-31 16:06:33,209 [Time-limited test] TRACE util.FileUtils (FileUtils.java:deleteFully(305)) - deleteFully target/test/data/3084f93d/MiniRaftClusterWithSimulatedRpc1b4834f/s0
2023-10-31 16:06:33,210 [Time-limited test] TRACE util.FileUtils (FileUtils.java:deleteFully(318)) - deleteFully: target/test/data/3084f93d/MiniRaftClusterWithSimulatedRpc1b4834f/s0 does not exist.
2023-10-31 16:06:33,210 [Time-limited test] INFO  impl.MiniRaftCluster (MiniRaftCluster.java:newRaftServer(387)) - Formatted directory target/test/data/3084f93d/MiniRaftClusterWithSimulatedRpc1b4834f/s0
2023-10-31 16:06:33,210 [Time-limited test] INFO  server.RaftServer (ConfUtils.java:logGet(46)) - raft.rpc.type = org.apache.ratis.server.simulation.SimulatedRpc (custom)
2023-10-31 16:06:33,210 [Time-limited test] INFO  impl.DataStreamServerImpl (ConfUtils.java:logGet(46)) - raft.datastream.type = DISABLED (default)
2023-10-31 16:06:33,210 [Time-limited test] INFO  server.RaftServerConfigKeys (ConfUtils.java:logGet(46)) - raft.server.sleep.deviation.threshold = 300ms (default)
2023-10-31 16:06:33,210 [Time-limited test] INFO  server.RaftServerConfigKeys (ConfUtils.java:logGet(46)) - raft.server.close.threshold = 60s (default)
2023-10-31 16:06:33,210 [Time-limited test] INFO  server.RaftServerConfigKeys (ConfUtils.java:logGet(46)) - raft.server.leaderelection.leader.step-down.wait-time = 10s (default)
2023-10-31 16:06:33,211 [Time-limited test] INFO  server.RaftServerConfigKeys (ConfUtils.java:logGet(46)) - raft.server.storage.dir = [/home/runner/work/ratis/ratis/ratis-test/target/test/data/3084f93d/MiniRaftClusterWithSimulatedRpc1b4834f/s0] (custom)
2023-10-31 16:06:33,211 [Time-limited test] INFO  server.RaftServerConfigKeys (ConfUtils.java:logGet(46)) - raft.server.threadpool.proxy.cached = true (default)
2023-10-31 16:06:33,211 [Time-limited test] INFO  server.RaftServerConfigKeys (ConfUtils.java:logGet(46)) - raft.server.threadpool.proxy.size = 0 (default)
2023-10-31 16:06:33,211 [Time-limited test] INFO  server.RaftServer (RaftServerProxy.java:addNew(100)) - s0: addNew group-9A22CC0201A6:[s0|localhost:38363, s1|localhost:38375, s2|localhost:35419] returns group-9A22CC0201A6:java.util.concurrent.CompletableFuture@20f003a2[Not completed]
2023-10-31 16:06:33,211 [Time-limited test] INFO  impl.MiniRaftCluster (MiniRaftCluster.java:newRaftServer(382)) - newRaftServer: s1, group-9A22CC0201A6:[s0|localhost:38363, s1|localhost:38375, s2|localhost:35419], format? true
2023-10-31 16:06:33,212 [Time-limited test] TRACE util.FileUtils (FileUtils.java:deleteFully(305)) - deleteFully target/test/data/3084f93d/MiniRaftClusterWithSimulatedRpc1b4834f/s1
2023-10-31 16:06:33,212 [Time-limited test] TRACE util.FileUtils (FileUtils.java:deleteFully(318)) - deleteFully: target/test/data/3084f93d/MiniRaftClusterWithSimulatedRpc1b4834f/s1 does not exist.
2023-10-31 16:06:33,212 [Time-limited test] INFO  impl.MiniRaftCluster (MiniRaftCluster.java:newRaftServer(387)) - Formatted directory target/test/data/3084f93d/MiniRaftClusterWithSimulatedRpc1b4834f/s1
2023-10-31 16:06:33,212 [Time-limited test] INFO  server.RaftServer (ConfUtils.java:logGet(46)) - raft.rpc.type = org.apache.ratis.server.simulation.SimulatedRpc (custom)
2023-10-31 16:06:33,212 [Time-limited test] INFO  impl.DataStreamServerImpl (ConfUtils.java:logGet(46)) - raft.datastream.type = DISABLED (default)
2023-10-31 16:06:33,212 [Time-limited test] INFO  server.RaftServerConfigKeys (ConfUtils.java:logGet(46)) - raft.server.sleep.deviation.threshold = 300ms (default)
2023-10-31 16:06:33,212 [Time-limited test] INFO  server.RaftServerConfigKeys (ConfUtils.java:logGet(46)) - raft.server.close.threshold = 60s (default)
2023-10-31 16:06:33,212 [Time-limited test] INFO  server.RaftServerConfigKeys (ConfUtils.java:logGet(46)) - raft.server.leaderelection.leader.step-down.wait-time = 10s (default)
2023-10-31 16:06:33,212 [Time-limited test] INFO  server.RaftServerConfigKeys (ConfUtils.java:logGet(46)) - raft.server.storage.dir = [/home/runner/work/ratis/ratis/ratis-test/target/test/data/3084f93d/MiniRaftClusterWithSimulatedRpc1b4834f/s1] (custom)
2023-10-31 16:06:33,212 [Time-limited test] INFO  server.RaftServerConfigKeys (ConfUtils.java:logGet(46)) - raft.server.threadpool.proxy.cached = true (default)
2023-10-31 16:06:33,212 [Time-limited test] INFO  server.RaftServerConfigKeys (ConfUtils.java:logGet(46)) - raft.server.threadpool.proxy.size = 0 (default)
2023-10-31 16:06:33,213 [s0-groupManagement] INFO  server.RaftServerConfigKeys (ConfUtils.java:logGet(46)) - raft.server.log.segment.size.max = 32MB (=33554432) (default)
2023-10-31 16:06:33,213 [s0-groupManagement] INFO  server.RaftServerConfigKeys (ConfUtils.java:logGet(46)) - raft.server.log.preallocated.size = 4MB (=4194304) (default)
2023-10-31 16:06:33,213 [s0-groupManagement] INFO  server.RaftServerConfigKeys (ConfUtils.java:logGet(46)) - raft.server.log.write.buffer.size = 64KB (=65536) (default)
2023-10-31 16:06:33,213 [s0-groupManagement] INFO  server.RaftServer$Division (RaftServerImpl.java:<init>(255)) - s0: new RaftServerImpl for group-9A22CC0201A6:[s0|localhost:38363, s1|localhost:38375, s2|localhost:35419] with SimpleStateMachine4Testing:uninitialized
2023-10-31 16:06:33,213 [s0-groupManagement] INFO  server.RaftServerConfigKeys (ConfUtils.java:logGet(46)) - raft.server.rpc.timeout.min = 150ms (default)
2023-10-31 16:06:33,213 [s0-groupManagement] INFO  server.RaftServerConfigKeys (ConfUtils.java:logGet(46)) - raft.server.rpc.timeout.max = 300ms (default)
2023-10-31 16:06:33,213 [s0-groupManagement] INFO  server.RaftServerConfigKeys (ConfUtils.java:logGet(46)) - raft.server.rpc.sleep.time = 25ms (default)
2023-10-31 16:06:33,213 [s0-groupManagement] INFO  server.RaftServerConfigKeys (ConfUtils.java:logGet(46)) - raft.server.rpc.slowness.timeout = 60s (default)
2023-10-31 16:06:33,213 [s0-groupManagement] INFO  server.RaftServerConfigKeys (ConfUtils.java:logGet(46)) - raft.server.leaderelection.leader.step-down.wait-time = 10s (default)
2023-10-31 16:06:33,213 [s0-groupManagement] INFO  server.RaftServerConfigKeys (ConfUtils.java:logGet(46)) - raft.server.sleep.deviation.threshold = 300ms (default)
2023-10-31 16:06:33,213 [s0-groupManagement] INFO  server.RaftServer$Division (ServerState.java:<init>(113)) - s0@group-9A22CC0201A6: ConfigurationManager, init=-1: peers:[s0|localhost:38363, s1|localhost:38375, s2|localhost:35419]|listeners:[], old=null, confs=<EMPTY_MAP>
2023-10-31 16:06:33,213 [s0-groupManagement] INFO  server.RaftServerConfigKeys (ConfUtils.java:logGet(46)) - raft.server.notification.no-leader.timeout = 60s (default)
2023-10-31 16:06:33,213 [s0-groupManagement] INFO  server.RaftServerConfigKeys (ConfUtils.java:logGet(46)) - raft.server.read.timeout = 10s (default)
2023-10-31 16:06:33,213 [s0-groupManagement] INFO  server.RaftServerConfigKeys (ConfUtils.java:logGet(46)) - raft.server.retrycache.expirytime = 60s (default)
2023-10-31 16:06:33,213 [s0-groupManagement] INFO  server.RaftServerConfigKeys (ConfUtils.java:logGet(46)) - raft.server.retrycache.statistics.expirytime = 100μs (default)
2023-10-31 16:06:33,214 [s0-groupManagement] INFO  server.RaftServerConfigKeys (ConfUtils.java:logGet(46)) - raft.server.read.option = DEFAULT (default)
2023-10-31 16:06:33,214 [s0-groupManagement] INFO  server.RaftServerConfigKeys (ConfUtils.java:logGet(46)) - raft.server.read.read-after-write-consistent.write-index-cache.expiry-time = 60s (default)
2023-10-31 16:06:33,214 [s0-groupManagement] INFO  server.RaftServerConfigKeys (ConfUtils.java:logGet(46)) - raft.server.rpc.request.timeout = 3000ms (default)
2023-10-31 16:06:33,214 [s0-groupManagement] INFO  server.RaftServerConfigKeys (ConfUtils.java:logGet(46)) - raft.server.log.appender.install.snapshot.enabled = true (default)
2023-10-31 16:06:33,214 [s0-groupManagement] INFO  server.RaftServerConfigKeys (ConfUtils.java:logGet(46)) - raft.server.threadpool.server.cached = true (default)
2023-10-31 16:06:33,214 [s0-groupManagement] INFO  server.RaftServerConfigKeys (ConfUtils.java:logGet(46)) - raft.server.threadpool.server.size = 0 (default)
2023-10-31 16:06:33,215 [s0-groupManagement] INFO  server.RaftServerConfigKeys (ConfUtils.java:logGet(46)) - raft.server.threadpool.client.cached = true (default)
2023-10-31 16:06:33,215 [s0-groupManagement] INFO  server.RaftServerConfigKeys (ConfUtils.java:logGet(46)) - raft.server.threadpool.client.size = 0 (default)
2023-10-31 16:06:33,218 [Time-limited test] INFO  server.RaftServer (RaftServerProxy.java:addNew(100)) - s1: addNew group-9A22CC0201A6:[s0|localhost:38363, s1|localhost:38375, s2|localhost:35419] returns group-9A22CC0201A6:java.util.concurrent.CompletableFuture@60120e5e[Not completed]
2023-10-31 16:06:33,219 [Time-limited test] INFO  impl.MiniRaftCluster (MiniRaftCluster.java:newRaftServer(382)) - newRaftServer: s2, group-9A22CC0201A6:[s0|localhost:38363, s1|localhost:38375, s2|localhost:35419], format? true
2023-10-31 16:06:33,219 [Time-limited test] TRACE util.FileUtils (FileUtils.java:deleteFully(305)) - deleteFully target/test/data/3084f93d/MiniRaftClusterWithSimulatedRpc1b4834f/s2
2023-10-31 16:06:33,219 [Time-limited test] TRACE util.FileUtils (FileUtils.java:deleteFully(318)) - deleteFully: target/test/data/3084f93d/MiniRaftClusterWithSimulatedRpc1b4834f/s2 does not exist.
2023-10-31 16:06:33,219 [Time-limited test] INFO  impl.MiniRaftCluster (MiniRaftCluster.java:newRaftServer(387)) - Formatted directory target/test/data/3084f93d/MiniRaftClusterWithSimulatedRpc1b4834f/s2
2023-10-31 16:06:33,219 [Time-limited test] INFO  server.RaftServer (ConfUtils.java:logGet(46)) - raft.rpc.type = org.apache.ratis.server.simulation.SimulatedRpc (custom)
2023-10-31 16:06:33,219 [Time-limited test] INFO  impl.DataStreamServerImpl (ConfUtils.java:logGet(46)) - raft.datastream.type = DISABLED (default)
2023-10-31 16:06:33,219 [Time-limited test] INFO  server.RaftServerConfigKeys (ConfUtils.java:logGet(46)) - raft.server.sleep.deviation.threshold = 300ms (default)
2023-10-31 16:06:33,219 [Time-limited test] INFO  server.RaftServerConfigKeys (ConfUtils.java:logGet(46)) - raft.server.close.threshold = 60s (default)
2023-10-31 16:06:33,219 [Time-limited test] INFO  server.RaftServerConfigKeys (ConfUtils.java:logGet(46)) - raft.server.leaderelection.leader.step-down.wait-time = 10s (default)
2023-10-31 16:06:33,219 [Time-limited test] INFO  server.RaftServerConfigKeys (ConfUtils.java:logGet(46)) - raft.server.storage.dir = [/home/runner/work/ratis/ratis/ratis-test/target/test/data/3084f93d/MiniRaftClusterWithSimulatedRpc1b4834f/s2] (custom)
2023-10-31 16:06:33,219 [Time-limited test] INFO  server.RaftServerConfigKeys (ConfUtils.java:logGet(46)) - raft.server.threadpool.proxy.cached = true (default)
2023-10-31 16:06:33,220 [Time-limited test] INFO  server.RaftServerConfigKeys (ConfUtils.java:logGet(46)) - raft.server.threadpool.proxy.size = 0 (default)
2023-10-31 16:06:33,220 [s1-groupManagement] INFO  server.RaftServerConfigKeys (ConfUtils.java:logGet(46)) - raft.server.log.segment.size.max = 32MB (=33554432) (default)
2023-10-31 16:06:33,220 [s1-groupManagement] INFO  server.RaftServerConfigKeys (ConfUtils.java:logGet(46)) - raft.server.log.preallocated.size = 4MB (=4194304) (default)
2023-10-31 16:06:33,220 [s1-groupManagement] INFO  server.RaftServerConfigKeys (ConfUtils.java:logGet(46)) - raft.server.log.write.buffer.size = 64KB (=65536) (default)
2023-10-31 16:06:33,220 [s1-groupManagement] INFO  server.RaftServer$Division (RaftServerImpl.java:<init>(255)) - s1: new RaftServerImpl for group-9A22CC0201A6:[s0|localhost:38363, s1|localhost:38375, s2|localhost:35419] with SimpleStateMachine4Testing:uninitialized
2023-10-31 16:06:33,220 [s1-groupManagement] INFO  server.RaftServerConfigKeys (ConfUtils.java:logGet(46)) - raft.server.rpc.timeout.min = 150ms (default)
2023-10-31 16:06:33,220 [s1-groupManagement] INFO  server.RaftServerConfigKeys (ConfUtils.java:logGet(46)) - raft.server.rpc.timeout.max = 300ms (default)
2023-10-31 16:06:33,220 [s1-groupManagement] INFO  server.RaftServerConfigKeys (ConfUtils.java:logGet(46)) - raft.server.rpc.sleep.time = 25ms (default)
2023-10-31 16:06:33,220 [s1-groupManagement] INFO  server.RaftServerConfigKeys (ConfUtils.java:logGet(46)) - raft.server.rpc.slowness.timeout = 60s (default)
2023-10-31 16:06:33,220 [s1-groupManagement] INFO  server.RaftServerConfigKeys (ConfUtils.java:logGet(46)) - raft.server.leaderelection.leader.step-down.wait-time = 10s (default)
2023-10-31 16:06:33,220 [s1-groupManagement] INFO  server.RaftServerConfigKeys (ConfUtils.java:logGet(46)) - raft.server.sleep.deviation.threshold = 300ms (default)
2023-10-31 16:06:33,220 [s1-groupManagement] INFO  server.RaftServer$Division (ServerState.java:<init>(113)) - s1@group-9A22CC0201A6: ConfigurationManager, init=-1: peers:[s0|localhost:38363, s1|localhost:38375, s2|localhost:35419]|listeners:[], old=null, confs=<EMPTY_MAP>
2023-10-31 16:06:33,220 [s1-groupManagement] INFO  server.RaftServerConfigKeys (ConfUtils.java:logGet(46)) - raft.server.notification.no-leader.timeout = 60s (default)
2023-10-31 16:06:33,220 [s1-groupManagement] INFO  server.RaftServerConfigKeys (ConfUtils.java:logGet(46)) - raft.server.read.timeout = 10s (default)
2023-10-31 16:06:33,220 [s1-groupManagement] INFO  server.RaftServerConfigKeys (ConfUtils.java:logGet(46)) - raft.server.retrycache.expirytime = 60s (default)
2023-10-31 16:06:33,220 [s1-groupManagement] INFO  server.RaftServerConfigKeys (ConfUtils.java:logGet(46)) - raft.server.retrycache.statistics.expirytime = 100μs (default)
2023-10-31 16:06:33,220 [s1-groupManagement] INFO  server.RaftServerConfigKeys (ConfUtils.java:logGet(46)) - raft.server.read.option = DEFAULT (default)
2023-10-31 16:06:33,221 [s1-groupManagement] INFO  server.RaftServerConfigKeys (ConfUtils.java:logGet(46)) - raft.server.read.read-after-write-consistent.write-index-cache.expiry-time = 60s (default)
2023-10-31 16:06:33,221 [s1-groupManagement] INFO  server.RaftServerConfigKeys (ConfUtils.java:logGet(46)) - raft.server.rpc.request.timeout = 3000ms (default)
2023-10-31 16:06:33,221 [s1-groupManagement] INFO  server.RaftServerConfigKeys (ConfUtils.java:logGet(46)) - raft.server.log.appender.install.snapshot.enabled = true (default)
2023-10-31 16:06:33,221 [s1-groupManagement] INFO  server.RaftServerConfigKeys (ConfUtils.java:logGet(46)) - raft.server.threadpool.server.cached = true (default)
2023-10-31 16:06:33,221 [s1-groupManagement] INFO  server.RaftServerConfigKeys (ConfUtils.java:logGet(46)) - raft.server.threadpool.server.size = 0 (default)
2023-10-31 16:06:33,221 [s1-groupManagement] INFO  server.RaftServerConfigKeys (ConfUtils.java:logGet(46)) - raft.server.threadpool.client.cached = true (default)
2023-10-31 16:06:33,221 [s1-groupManagement] INFO  server.RaftServerConfigKeys (ConfUtils.java:logGet(46)) - raft.server.threadpool.client.size = 0 (default)
2023-10-31 16:06:33,222 [Time-limited test] INFO  server.RaftServer (RaftServerProxy.java:addNew(100)) - s2: addNew group-9A22CC0201A6:[s0|localhost:38363, s1|localhost:38375, s2|localhost:35419] returns group-9A22CC0201A6:java.util.concurrent.CompletableFuture@b86ec40[Not completed]
2023-10-31 16:06:33,223 [s0-impl-thread1] INFO  server.RaftServerConfigKeys (ConfUtils.java:logGet(46)) - raft.server.storage.free-space.min = 0MB (=0) (default)
2023-10-31 16:06:33,223 [s0-impl-thread1] INFO  server.RaftServerConfigKeys (ConfUtils.java:logGet(46)) - raft.server.log.corruption.policy = EXCEPTION (default)
2023-10-31 16:06:33,223 [s0-impl-thread1] INFO  server.RaftServerConfigKeys (ConfUtils.java:logGet(46)) - raft.server.storage.dir = [/home/runner/work/ratis/ratis/ratis-test/target/test/data/3084f93d/MiniRaftClusterWithSimulatedRpc1b4834f/s0] (custom)
2023-10-31 16:06:33,223 [s0-impl-thread1] INFO  storage.RaftStorageDirectory (RaftStorageDirectoryImpl.java:analyzeStorage(138)) - The storage directory /home/runner/work/ratis/ratis/ratis-test/target/test/data/3084f93d/MiniRaftClusterWithSimulatedRpc1b4834f/s0/8ee38002-8325-4009-9ac6-9a22cc0201a6 does not exist. Creating ...
2023-10-31 16:06:33,223 [s0-impl-thread1] TRACE util.FileUtils (LogUtils.java:runAndLog(49)) - Successfully ran Files.createDirectories /home/runner/work/ratis/ratis/ratis-test/target/test/data/3084f93d/MiniRaftClusterWithSimulatedRpc1b4834f/s0/8ee38002-8325-4009-9ac6-9a22cc0201a6
2023-10-31 16:06:33,224 [s2-groupManagement] INFO  server.RaftServerConfigKeys (ConfUtils.java:logGet(46)) - raft.server.log.segment.size.max = 32MB (=33554432) (default)
2023-10-31 16:06:33,224 [s2-groupManagement] INFO  server.RaftServerConfigKeys (ConfUtils.java:logGet(46)) - raft.server.log.preallocated.size = 4MB (=4194304) (default)
2023-10-31 16:06:33,224 [s2-groupManagement] INFO  server.RaftServerConfigKeys (ConfUtils.java:logGet(46)) - raft.server.log.write.buffer.size = 64KB (=65536) (default)
2023-10-31 16:06:33,224 [s2-groupManagement] INFO  server.RaftServer$Division (RaftServerImpl.java:<init>(255)) - s2: new RaftServerImpl for group-9A22CC0201A6:[s0|localhost:38363, s1|localhost:38375, s2|localhost:35419] with SimpleStateMachine4Testing:uninitialized
2023-10-31 16:06:33,224 [s2-groupManagement] INFO  server.RaftServerConfigKeys (ConfUtils.java:logGet(46)) - raft.server.rpc.timeout.min = 150ms (default)
2023-10-31 16:06:33,225 [s2-groupManagement] INFO  server.RaftServerConfigKeys (ConfUtils.java:logGet(46)) - raft.server.rpc.timeout.max = 300ms (default)
2023-10-31 16:06:33,225 [s2-groupManagement] INFO  server.RaftServerConfigKeys (ConfUtils.java:logGet(46)) - raft.server.rpc.sleep.time = 25ms (default)
2023-10-31 16:06:33,225 [s2-groupManagement] INFO  server.RaftServerConfigKeys (ConfUtils.java:logGet(46)) - raft.server.rpc.slowness.timeout = 60s (default)
2023-10-31 16:06:33,225 [s2-groupManagement] INFO  server.RaftServerConfigKeys (ConfUtils.java:logGet(46)) - raft.server.leaderelection.leader.step-down.wait-time = 10s (default)
2023-10-31 16:06:33,225 [s2-groupManagement] INFO  server.RaftServerConfigKeys (ConfUtils.java:logGet(46)) - raft.server.sleep.deviation.threshold = 300ms (default)
2023-10-31 16:06:33,225 [s2-groupManagement] INFO  server.RaftServer$Division (ServerState.java:<init>(113)) - s2@group-9A22CC0201A6: ConfigurationManager, init=-1: peers:[s0|localhost:38363, s1|localhost:38375, s2|localhost:35419]|listeners:[], old=null, confs=<EMPTY_MAP>
2023-10-31 16:06:33,225 [s2-groupManagement] INFO  server.RaftServerConfigKeys (ConfUtils.java:logGet(46)) - raft.server.notification.no-leader.timeout = 60s (default)
2023-10-31 16:06:33,225 [s2-groupManagement] INFO  server.RaftServerConfigKeys (ConfUtils.java:logGet(46)) - raft.server.read.timeout = 10s (default)
2023-10-31 16:06:33,225 [s2-groupManagement] INFO  server.RaftServerConfigKeys (ConfUtils.java:logGet(46)) - raft.server.retrycache.expirytime = 60s (default)
2023-10-31 16:06:33,225 [s2-groupManagement] INFO  server.RaftServerConfigKeys (ConfUtils.java:logGet(46)) - raft.server.retrycache.statistics.expirytime = 100μs (default)
2023-10-31 16:06:33,225 [s2-groupManagement] INFO  server.RaftServerConfigKeys (ConfUtils.java:logGet(46)) - raft.server.read.option = DEFAULT (default)
2023-10-31 16:06:33,225 [s2-groupManagement] INFO  server.RaftServerConfigKeys (ConfUtils.java:logGet(46)) - raft.server.read.read-after-write-consistent.write-index-cache.expiry-time = 60s (default)
2023-10-31 16:06:33,226 [s2-groupManagement] INFO  server.RaftServerConfigKeys (ConfUtils.java:logGet(46)) - raft.server.rpc.request.timeout = 3000ms (default)
2023-10-31 16:06:33,227 [s2-groupManagement] INFO  server.RaftServerConfigKeys (ConfUtils.java:logGet(46)) - raft.server.log.appender.install.snapshot.enabled = true (default)
2023-10-31 16:06:33,227 [s2-groupManagement] INFO  server.RaftServerConfigKeys (ConfUtils.java:logGet(46)) - raft.server.threadpool.server.cached = true (default)
2023-10-31 16:06:33,227 [s2-groupManagement] INFO  server.RaftServerConfigKeys (ConfUtils.java:logGet(46)) - raft.server.threadpool.server.size = 0 (default)
2023-10-31 16:06:33,227 [s2-groupManagement] INFO  server.RaftServerConfigKeys (ConfUtils.java:logGet(46)) - raft.server.threadpool.client.cached = true (default)
2023-10-31 16:06:33,227 [s2-groupManagement] INFO  server.RaftServerConfigKeys (ConfUtils.java:logGet(46)) - raft.server.threadpool.client.size = 0 (default)
2023-10-31 16:06:33,227 [s0-impl-thread1] INFO  storage.RaftStorageDirectory (RaftStorageDirectoryImpl.java:tryLock(232)) - Lock on /home/runner/work/ratis/ratis/ratis-test/target/test/data/3084f93d/MiniRaftClusterWithSimulatedRpc1b4834f/s0/8ee38002-8325-4009-9ac6-9a22cc0201a6/in_use.lock acquired by nodename 3366@fv-az462-937
2023-10-31 16:06:33,227 [s0-impl-thread1] TRACE util.FileUtils (LogUtils.java:runAndLog(49)) - Successfully ran Files.createDirectories /home/runner/work/ratis/ratis/ratis-test/target/test/data/3084f93d/MiniRaftClusterWithSimulatedRpc1b4834f/s0/8ee38002-8325-4009-9ac6-9a22cc0201a6/current
2023-10-31 16:06:33,227 [s0-impl-thread1] TRACE util.FileUtils (LogUtils.java:runAndLog(49)) - Successfully ran Files.createDirectories /home/runner/work/ratis/ratis/ratis-test/target/test/data/3084f93d/MiniRaftClusterWithSimulatedRpc1b4834f/s0/8ee38002-8325-4009-9ac6-9a22cc0201a6/sm
2023-10-31 16:06:33,227 [s0-impl-thread1] TRACE util.FileUtils (LogUtils.java:supplyAndLog(69)) - Successfully supplied FileChannel.open /home/runner/work/ratis/ratis/ratis-test/target/test/data/3084f93d/MiniRaftClusterWithSimulatedRpc1b4834f/s0/8ee38002-8325-4009-9ac6-9a22cc0201a6/current/raft-meta.tmp with options [CREATE, WRITE]: sun.nio.ch.FileChannelImpl@9a80243
2023-10-31 16:06:33,230 [s0-impl-thread1] TRACE util.FileUtils (LogUtils.java:runAndLog(49)) - Successfully ran Atomic Files.move /home/runner/work/ratis/ratis/ratis-test/target/test/data/3084f93d/MiniRaftClusterWithSimulatedRpc1b4834f/s0/8ee38002-8325-4009-9ac6-9a22cc0201a6/current/raft-meta.tmp to /home/runner/work/ratis/ratis/ratis-test/target/test/data/3084f93d/MiniRaftClusterWithSimulatedRpc1b4834f/s0/8ee38002-8325-4009-9ac6-9a22cc0201a6/current/raft-meta with options [REPLACE_EXISTING]
2023-10-31 16:06:33,230 [s0-impl-thread1] INFO  storage.RaftStorage (RaftStorageImpl.java:format(97)) - Storage directory /home/runner/work/ratis/ratis/ratis-test/target/test/data/3084f93d/MiniRaftClusterWithSimulatedRpc1b4834f/s0/8ee38002-8325-4009-9ac6-9a22cc0201a6 has been successfully formatted.
2023-10-31 16:06:33,230 [s0-impl-thread1] INFO  impl.SimpleStateMachine4Testing (SimpleStateMachine4Testing.java:initialize(213)) - Initializing SimpleStateMachine4Testing:uninitialized
2023-10-31 16:06:33,231 [s0-impl-thread1] INFO  impl.SimpleStateMachine4Testing (SimpleStateMachine4Testing.java:loadSnapshot(296)) - Loading snapshot null
2023-10-31 16:06:33,231 [s0-impl-thread1] INFO  server.RaftServerConfigKeys (ConfUtils.java:logGet(46)) - raft.server.log.use.memory = false (default)
2023-10-31 16:06:33,231 [s0-impl-thread1] INFO  server.RaftServerConfigKeys (ConfUtils.java:logGet(46)) - raft.server.log.purge.gap = 1024 (default)
2023-10-31 16:06:33,231 [s0-impl-thread1] INFO  server.RaftServerConfigKeys (ConfUtils.java:logGet(46)) - raft.server.log.appender.buffer.byte-limit = 4MB (=4194304) (default)
2023-10-31 16:06:33,231 [s0-impl-thread1] INFO  server.RaftServerConfigKeys (ConfUtils.java:logGet(46)) - raft.server.log.statemachine.data.read.timeout = 1000ms (default)
2023-10-31 16:06:33,231 [s0-impl-thread1] INFO  server.RaftServerConfigKeys (ConfUtils.java:logGet(46)) - raft.server.log.purge.preservation.log.num = 0 (default)
2023-10-31 16:06:33,231 [s0-impl-thread1] INFO  server.RaftServerConfigKeys (ConfUtils.java:logGet(46)) - raft.server.log.segment.size.max = 8KB (=8192) (custom)
2023-10-31 16:06:33,231 [s0-impl-thread1] INFO  server.RaftServerConfigKeys (ConfUtils.java:logGet(46)) - raft.server.log.segment.cache.num.max = 6 (default)
2023-10-31 16:06:33,231 [s0-impl-thread1] INFO  server.RaftServerConfigKeys (ConfUtils.java:logGet(46)) - raft.server.log.segment.cache.size.max = 200MB (=209715200) (default)
2023-10-31 16:06:33,231 [s0-impl-thread1] INFO  server.RaftServerConfigKeys (ConfUtils.java:logGet(46)) - raft.server.log.appender.buffer.byte-limit = 4MB (=4194304) (default)
2023-10-31 16:06:33,232 [s0-impl-thread1] INFO  util.AwaitToRun (AwaitToRun.java:start(81)) - Thread[s0@group-9A22CC0201A6-cacheEviction-AwaitToRun,5,main] started
2023-10-31 16:06:33,232 [s0-impl-thread1] INFO  segmented.SegmentedRaftLogWorker (SegmentedRaftLogWorker.java:<init>(184)) - new s0@group-9A22CC0201A6-SegmentedRaftLogWorker for RaftStorageImpl:Storage Directory /home/runner/work/ratis/ratis/ratis-test/target/test/data/3084f93d/MiniRaftClusterWithSimulatedRpc1b4834f/s0/8ee38002-8325-4009-9ac6-9a22cc0201a6
2023-10-31 16:06:33,232 [s0-impl-thread1] INFO  server.RaftServerConfigKeys (ConfUtils.java:logGet(46)) - raft.server.log.queue.byte-limit = 64MB (=67108864) (default)
2023-10-31 16:06:33,232 [s0-impl-thread1] INFO  server.RaftServerConfigKeys (ConfUtils.java:logGet(46)) - raft.server.log.queue.element-limit = 4096 (default)
2023-10-31 16:06:33,232 [s0-impl-thread1] INFO  server.RaftServerConfigKeys (ConfUtils.java:logGet(46)) - raft.server.log.segment.size.max = 8KB (=8192) (custom)
2023-10-31 16:06:33,232 [s0-impl-thread1] INFO  server.RaftServerConfigKeys (ConfUtils.java:logGet(46)) - raft.server.log.preallocated.size = 4MB (=4194304) (default)
2023-10-31 16:06:33,232 [s0-impl-thread1] INFO  server.RaftServerConfigKeys (ConfUtils.java:logGet(46)) - raft.server.log.force.sync.num = 128 (default)
2023-10-31 16:06:33,232 [s0-impl-thread1] INFO  server.RaftServerConfigKeys (ConfUtils.java:logGet(46)) - raft.server.log.statemachine.data.sync = true (default)
2023-10-31 16:06:33,232 [s0-impl-thread1] INFO  server.RaftServerConfigKeys (ConfUtils.java:logGet(46)) - raft.server.log.statemachine.data.sync.timeout = 10s (default)
2023-10-31 16:06:33,232 [s0-impl-thread1] INFO  server.RaftServerConfigKeys (ConfUtils.java:logGet(46)) - raft.server.log.statemachine.data.sync.timeout.retry = -1 (default)
2023-10-31 16:06:33,232 [s0-impl-thread1] INFO  server.RaftServerConfigKeys (ConfUtils.java:logGet(46)) - raft.server.log.write.buffer.size = 64KB (=65536) (default)
2023-10-31 16:06:33,232 [s0-impl-thread1] INFO  server.RaftServerConfigKeys (ConfUtils.java:logGet(46)) - raft.server.log.appender.buffer.byte-limit = 4MB (=4194304) (default)
2023-10-31 16:06:33,233 [s0-impl-thread1] INFO  server.RaftServerConfigKeys (ConfUtils.java:logGet(46)) - raft.server.log.unsafe-flush.enabled = false (default)
2023-10-31 16:06:33,233 [s0-impl-thread1] INFO  server.RaftServerConfigKeys (ConfUtils.java:logGet(46)) - raft.server.log.async-flush.enabled = false (default)
2023-10-31 16:06:33,233 [s0-impl-thread1] INFO  server.RaftServerConfigKeys (ConfUtils.java:logGet(46)) - raft.server.log.statemachine.data.caching.enabled = false (default)
2023-10-31 16:06:33,234 [s0-impl-thread1] INFO  segmented.SegmentedRaftLogWorker (SegmentedRaftLogWorker.java:lambda$new$0(135)) - s0@group-9A22CC0201A6-SegmentedRaftLogWorker: flushIndex: setUnconditionally 0 -> -1
2023-10-31 16:06:33,234 [s0-impl-thread1] INFO  segmented.SegmentedRaftLogWorker (SegmentedRaftLogWorker.java:lambda$new$0(135)) - s0@group-9A22CC0201A6-SegmentedRaftLogWorker: safeCacheEvictIndex: setUnconditionally 0 -> -1
2023-10-31 16:06:33,234 [s0-impl-thread1] INFO  server.RaftServer$Division (RaftServerImpl.java:start(390)) - s0@group-9A22CC0201A6: start as a follower, conf=-1: peers:[s0|localhost:38363, s1|localhost:38375, s2|localhost:35419]|listeners:[], old=null
2023-10-31 16:06:33,234 [s0-impl-thread1] INFO  server.RaftServer$Division (RaftServerImpl.java:setRole(377)) - s0@group-9A22CC0201A6: changes role from      null to FOLLOWER at term 0 for startAsFollower
2023-10-31 16:06:33,234 [s0-impl-thread1] INFO  impl.RoleInfo (RoleInfo.java:updateAndGet(138)) - s0: start s0@group-9A22CC0201A6-FollowerState
2023-10-31 16:06:33,234 [s0-impl-thread1] INFO  util.JmxRegister (JmxRegister.java:tryRegister(44)) - Successfully registered JMX Bean with object name Ratis:service=RaftServer,group=group-9A22CC0201A6,id=s0
2023-10-31 16:06:33,234 [s0-impl-thread1] INFO  server.RaftServerConfigKeys (ConfUtils.java:logGet(46)) - raft.server.snapshot.trigger-when-stop.enabled = true (default)
2023-10-31 16:06:33,235 [s0-impl-thread1] INFO  server.RaftServerConfigKeys (ConfUtils.java:logGet(46)) - raft.server.snapshot.auto.trigger.enabled = false (default)
2023-10-31 16:06:33,235 [s0-impl-thread1] INFO  server.RaftServerConfigKeys (ConfUtils.java:logGet(46)) - raft.server.snapshot.retention.file.num = -1 (default)
2023-10-31 16:06:33,235 [s0-impl-thread1] INFO  server.RaftServerConfigKeys (ConfUtils.java:logGet(46)) - raft.server.log.purge.upto.snapshot.index = false (default)
2023-10-31 16:06:33,235 [s0@group-9A22CC0201A6-FollowerState] INFO  server.RaftServerConfigKeys (ConfUtils.java:logFallback(53)) - raft.server.rpc.first-election.timeout.min = 150ms (fallback to raft.server.rpc.timeout.min)
2023-10-31 16:06:33,235 [s0@group-9A22CC0201A6-FollowerState] INFO  server.RaftServerConfigKeys (ConfUtils.java:logFallback(53)) - raft.server.rpc.first-election.timeout.max = 300ms (fallback to raft.server.rpc.timeout.max)
2023-10-31 16:06:33,235 [Time-limited test] INFO  server.RaftServer (RaftServerProxy.java:startImpl(406)) - s0: start RPC server
2023-10-31 16:06:33,237 [s1-impl-thread1] INFO  server.RaftServerConfigKeys (ConfUtils.java:logGet(46)) - raft.server.storage.free-space.min = 0MB (=0) (default)
2023-10-31 16:06:33,237 [s1-impl-thread1] INFO  server.RaftServerConfigKeys (ConfUtils.java:logGet(46)) - raft.server.log.corruption.policy = EXCEPTION (default)
2023-10-31 16:06:33,237 [s1-impl-thread1] INFO  server.RaftServerConfigKeys (ConfUtils.java:logGet(46)) - raft.server.storage.dir = [/home/runner/work/ratis/ratis/ratis-test/target/test/data/3084f93d/MiniRaftClusterWithSimulatedRpc1b4834f/s1] (custom)
2023-10-31 16:06:33,237 [s1-impl-thread1] INFO  storage.RaftStorageDirectory (RaftStorageDirectoryImpl.java:analyzeStorage(138)) - The storage directory /home/runner/work/ratis/ratis/ratis-test/target/test/data/3084f93d/MiniRaftClusterWithSimulatedRpc1b4834f/s1/8ee38002-8325-4009-9ac6-9a22cc0201a6 does not exist. Creating ...
2023-10-31 16:06:33,237 [s1-impl-thread1] TRACE util.FileUtils (LogUtils.java:runAndLog(49)) - Successfully ran Files.createDirectories /home/runner/work/ratis/ratis/ratis-test/target/test/data/3084f93d/MiniRaftClusterWithSimulatedRpc1b4834f/s1/8ee38002-8325-4009-9ac6-9a22cc0201a6
2023-10-31 16:06:33,237 [JvmPauseMonitor35] INFO  util.JvmPauseMonitor (JvmPauseMonitor.java:run(146)) - JvmPauseMonitor-s0: Started
2023-10-31 16:06:33,238 [s1-impl-thread1] INFO  storage.RaftStorageDirectory (RaftStorageDirectoryImpl.java:tryLock(232)) - Lock on /home/runner/work/ratis/ratis/ratis-test/target/test/data/3084f93d/MiniRaftClusterWithSimulatedRpc1b4834f/s1/8ee38002-8325-4009-9ac6-9a22cc0201a6/in_use.lock acquired by nodename 3366@fv-az462-937
2023-10-31 16:06:33,238 [s1-impl-thread1] TRACE util.FileUtils (LogUtils.java:runAndLog(49)) - Successfully ran Files.createDirectories /home/runner/work/ratis/ratis/ratis-test/target/test/data/3084f93d/MiniRaftClusterWithSimulatedRpc1b4834f/s1/8ee38002-8325-4009-9ac6-9a22cc0201a6/current
2023-10-31 16:06:33,239 [s1-impl-thread1] TRACE util.FileUtils (LogUtils.java:runAndLog(49)) - Successfully ran Files.createDirectories /home/runner/work/ratis/ratis/ratis-test/target/test/data/3084f93d/MiniRaftClusterWithSimulatedRpc1b4834f/s1/8ee38002-8325-4009-9ac6-9a22cc0201a6/sm
2023-10-31 16:06:33,239 [s1-impl-thread1] TRACE util.FileUtils (LogUtils.java:supplyAndLog(69)) - Successfully supplied FileChannel.open /home/runner/work/ratis/ratis/ratis-test/target/test/data/3084f93d/MiniRaftClusterWithSimulatedRpc1b4834f/s1/8ee38002-8325-4009-9ac6-9a22cc0201a6/current/raft-meta.tmp with options [CREATE, WRITE]: sun.nio.ch.FileChannelImpl@2a7934c3
2023-10-31 16:06:33,240 [s1-impl-thread1] TRACE util.FileUtils (LogUtils.java:runAndLog(49)) - Successfully ran Atomic Files.move /home/runner/work/ratis/ratis/ratis-test/target/test/data/3084f93d/MiniRaftClusterWithSimulatedRpc1b4834f/s1/8ee38002-8325-4009-9ac6-9a22cc0201a6/current/raft-meta.tmp to /home/runner/work/ratis/ratis/ratis-test/target/test/data/3084f93d/MiniRaftClusterWithSimulatedRpc1b4834f/s1/8ee38002-8325-4009-9ac6-9a22cc0201a6/current/raft-meta with options [REPLACE_EXISTING]
2023-10-31 16:06:33,240 [s1-impl-thread1] INFO  storage.RaftStorage (RaftStorageImpl.java:format(97)) - Storage directory /home/runner/work/ratis/ratis/ratis-test/target/test/data/3084f93d/MiniRaftClusterWithSimulatedRpc1b4834f/s1/8ee38002-8325-4009-9ac6-9a22cc0201a6 has been successfully formatted.
2023-10-31 16:06:33,240 [s1-impl-thread1] INFO  impl.SimpleStateMachine4Testing (SimpleStateMachine4Testing.java:initialize(213)) - Initializing SimpleStateMachine4Testing:uninitialized
2023-10-31 16:06:33,241 [s1-impl-thread1] INFO  impl.SimpleStateMachine4Testing (SimpleStateMachine4Testing.java:loadSnapshot(296)) - Loading snapshot null
2023-10-31 16:06:33,241 [s1-impl-thread1] INFO  server.RaftServerConfigKeys (ConfUtils.java:logGet(46)) - raft.server.log.use.memory = false (default)
2023-10-31 16:06:33,241 [s1-impl-thread1] INFO  server.RaftServerConfigKeys (ConfUtils.java:logGet(46)) - raft.server.log.purge.gap = 1024 (default)
2023-10-31 16:06:33,241 [s1-impl-thread1] INFO  server.RaftServerConfigKeys (ConfUtils.java:logGet(46)) - raft.server.log.appender.buffer.byte-limit = 4MB (=4194304) (default)
2023-10-31 16:06:33,241 [s1-impl-thread1] INFO  server.RaftServerConfigKeys (ConfUtils.java:logGet(46)) - raft.server.log.statemachine.data.read.timeout = 1000ms (default)
2023-10-31 16:06:33,241 [s1-impl-thread1] INFO  server.RaftServerConfigKeys (ConfUtils.java:logGet(46)) - raft.server.log.purge.preservation.log.num = 0 (default)
2023-10-31 16:06:33,241 [s1-impl-thread1] INFO  server.RaftServerConfigKeys (ConfUtils.java:logGet(46)) - raft.server.log.segment.size.max = 8KB (=8192) (custom)
2023-10-31 16:06:33,241 [s1-impl-thread1] INFO  server.RaftServerConfigKeys (ConfUtils.java:logGet(46)) - raft.server.log.segment.cache.num.max = 6 (default)
2023-10-31 16:06:33,241 [s1-impl-thread1] INFO  server.RaftServerConfigKeys (ConfUtils.java:logGet(46)) - raft.server.log.segment.cache.size.max = 200MB (=209715200) (default)
2023-10-31 16:06:33,241 [s1-impl-thread1] INFO  server.RaftServerConfigKeys (ConfUtils.java:logGet(46)) - raft.server.log.appender.buffer.byte-limit = 4MB (=4194304) (default)
2023-10-31 16:06:33,241 [s1-impl-thread1] INFO  util.AwaitToRun (AwaitToRun.java:start(81)) - Thread[s1@group-9A22CC0201A6-cacheEviction-AwaitToRun,5,main] started
2023-10-31 16:06:33,241 [s1-impl-thread1] INFO  segmented.SegmentedRaftLogWorker (SegmentedRaftLogWorker.java:<init>(184)) - new s1@group-9A22CC0201A6-SegmentedRaftLogWorker for RaftStorageImpl:Storage Directory /home/runner/work/ratis/ratis/ratis-test/target/test/data/3084f93d/MiniRaftClusterWithSimulatedRpc1b4834f/s1/8ee38002-8325-4009-9ac6-9a22cc0201a6
2023-10-31 16:06:33,241 [s1-impl-thread1] INFO  server.RaftServerConfigKeys (ConfUtils.java:logGet(46)) - raft.server.log.queue.byte-limit = 64MB (=67108864) (default)
2023-10-31 16:06:33,242 [s1-impl-thread1] INFO  server.RaftServerConfigKeys (ConfUtils.java:logGet(46)) - raft.server.log.queue.element-limit = 4096 (default)
2023-10-31 16:06:33,242 [s1-impl-thread1] INFO  server.RaftServerConfigKeys (ConfUtils.java:logGet(46)) - raft.server.log.segment.size.max = 8KB (=8192) (custom)
2023-10-31 16:06:33,242 [s1-impl-thread1] INFO  server.RaftServerConfigKeys (ConfUtils.java:logGet(46)) - raft.server.log.preallocated.size = 4MB (=4194304) (default)
2023-10-31 16:06:33,242 [s1-impl-thread1] INFO  server.RaftServerConfigKeys (ConfUtils.java:logGet(46)) - raft.server.log.force.sync.num = 128 (default)
2023-10-31 16:06:33,242 [s1-impl-thread1] INFO  server.RaftServerConfigKeys (ConfUtils.java:logGet(46)) - raft.server.log.statemachine.data.sync = true (default)
2023-10-31 16:06:33,242 [s1-impl-thread1] INFO  server.RaftServerConfigKeys (ConfUtils.java:logGet(46)) - raft.server.log.statemachine.data.sync.timeout = 10s (default)
2023-10-31 16:06:33,242 [s1-impl-thread1] INFO  server.RaftServerConfigKeys (ConfUtils.java:logGet(46)) - raft.server.log.statemachine.data.sync.timeout.retry = -1 (default)
2023-10-31 16:06:33,242 [s1-impl-thread1] INFO  server.RaftServerConfigKeys (ConfUtils.java:logGet(46)) - raft.server.log.write.buffer.size = 64KB (=65536) (default)
2023-10-31 16:06:33,242 [s1-impl-thread1] INFO  server.RaftServerConfigKeys (ConfUtils.java:logGet(46)) - raft.server.log.appender.buffer.byte-limit = 4MB (=4194304) (default)
2023-10-31 16:06:33,243 [s1-impl-thread1] INFO  server.RaftServerConfigKeys (ConfUtils.java:logGet(46)) - raft.server.log.unsafe-flush.enabled = false (default)
2023-10-31 16:06:33,243 [s1-impl-thread1] INFO  server.RaftServerConfigKeys (ConfUtils.java:logGet(46)) - raft.server.log.async-flush.enabled = false (default)
2023-10-31 16:06:33,243 [s1-impl-thread1] INFO  server.RaftServerConfigKeys (ConfUtils.java:logGet(46)) - raft.server.log.statemachine.data.caching.enabled = false (default)
2023-10-31 16:06:33,243 [s1-impl-thread1] INFO  segmented.SegmentedRaftLogWorker (SegmentedRaftLogWorker.java:lambda$new$0(135)) - s1@group-9A22CC0201A6-SegmentedRaftLogWorker: flushIndex: setUnconditionally 0 -> -1
2023-10-31 16:06:33,243 [s1-impl-thread1] INFO  segmented.SegmentedRaftLogWorker (SegmentedRaftLogWorker.java:lambda$new$0(135)) - s1@group-9A22CC0201A6-SegmentedRaftLogWorker: safeCacheEvictIndex: setUnconditionally 0 -> -1
2023-10-31 16:06:33,244 [s1-impl-thread1] INFO  server.RaftServer$Division (RaftServerImpl.java:start(390)) - s1@group-9A22CC0201A6: start as a follower, conf=-1: peers:[s0|localhost:38363, s1|localhost:38375, s2|localhost:35419]|listeners:[], old=null
2023-10-31 16:06:33,244 [s1-impl-thread1] INFO  server.RaftServer$Division (RaftServerImpl.java:setRole(377)) - s1@group-9A22CC0201A6: changes role from      null to FOLLOWER at term 0 for startAsFollower
2023-10-31 16:06:33,244 [s1-impl-thread1] INFO  impl.RoleInfo (RoleInfo.java:updateAndGet(138)) - s1: start s1@group-9A22CC0201A6-FollowerState
2023-10-31 16:06:33,244 [s1-impl-thread1] INFO  util.JmxRegister (JmxRegister.java:tryRegister(44)) - Successfully registered JMX Bean with object name Ratis:service=RaftServer,group=group-9A22CC0201A6,id=s1
2023-10-31 16:06:33,244 [s1-impl-thread1] INFO  server.RaftServerConfigKeys (ConfUtils.java:logGet(46)) - raft.server.snapshot.trigger-when-stop.enabled = true (default)
2023-10-31 16:06:33,244 [s1-impl-thread1] INFO  server.RaftServerConfigKeys (ConfUtils.java:logGet(46)) - raft.server.snapshot.auto.trigger.enabled = false (default)
2023-10-31 16:06:33,244 [s1-impl-thread1] INFO  server.RaftServerConfigKeys (ConfUtils.java:logGet(46)) - raft.server.snapshot.retention.file.num = -1 (default)
2023-10-31 16:06:33,244 [s1-impl-thread1] INFO  server.RaftServerConfigKeys (ConfUtils.java:logGet(46)) - raft.server.log.purge.upto.snapshot.index = false (default)
2023-10-31 16:06:33,244 [s1@group-9A22CC0201A6-FollowerState] INFO  server.RaftServerConfigKeys (ConfUtils.java:logFallback(53)) - raft.server.rpc.first-election.timeout.min = 150ms (fallback to raft.server.rpc.timeout.min)
2023-10-31 16:06:33,244 [s1@group-9A22CC0201A6-FollowerState] INFO  server.RaftServerConfigKeys (ConfUtils.java:logFallback(53)) - raft.server.rpc.first-election.timeout.max = 300ms (fallback to raft.server.rpc.timeout.max)
2023-10-31 16:06:33,244 [Time-limited test] INFO  server.RaftServer (RaftServerProxy.java:startImpl(406)) - s1: start RPC server
2023-10-31 16:06:33,246 [s2-impl-thread1] INFO  server.RaftServerConfigKeys (ConfUtils.java:logGet(46)) - raft.server.storage.free-space.min = 0MB (=0) (default)
2023-10-31 16:06:33,246 [s2-impl-thread1] INFO  server.RaftServerConfigKeys (ConfUtils.java:logGet(46)) - raft.server.log.corruption.policy = EXCEPTION (default)
2023-10-31 16:06:33,246 [s2-impl-thread1] INFO  server.RaftServerConfigKeys (ConfUtils.java:logGet(46)) - raft.server.storage.dir = [/home/runner/work/ratis/ratis/ratis-test/target/test/data/3084f93d/MiniRaftClusterWithSimulatedRpc1b4834f/s2] (custom)
2023-10-31 16:06:33,246 [s2-impl-thread1] INFO  storage.RaftStorageDirectory (RaftStorageDirectoryImpl.java:analyzeStorage(138)) - The storage directory /home/runner/work/ratis/ratis/ratis-test/target/test/data/3084f93d/MiniRaftClusterWithSimulatedRpc1b4834f/s2/8ee38002-8325-4009-9ac6-9a22cc0201a6 does not exist. Creating ...
2023-10-31 16:06:33,246 [s2-impl-thread1] TRACE util.FileUtils (LogUtils.java:runAndLog(49)) - Successfully ran Files.createDirectories /home/runner/work/ratis/ratis/ratis-test/target/test/data/3084f93d/MiniRaftClusterWithSimulatedRpc1b4834f/s2/8ee38002-8325-4009-9ac6-9a22cc0201a6
2023-10-31 16:06:33,246 [JvmPauseMonitor36] INFO  util.JvmPauseMonitor (JvmPauseMonitor.java:run(146)) - JvmPauseMonitor-s1: Started
2023-10-31 16:06:33,248 [s2-impl-thread1] INFO  storage.RaftStorageDirectory (RaftStorageDirectoryImpl.java:tryLock(232)) - Lock on /home/runner/work/ratis/ratis/ratis-test/target/test/data/3084f93d/MiniRaftClusterWithSimulatedRpc1b4834f/s2/8ee38002-8325-4009-9ac6-9a22cc0201a6/in_use.lock acquired by nodename 3366@fv-az462-937
2023-10-31 16:06:33,248 [s2-impl-thread1] TRACE util.FileUtils (LogUtils.java:runAndLog(49)) - Successfully ran Files.createDirectories /home/runner/work/ratis/ratis/ratis-test/target/test/data/3084f93d/MiniRaftClusterWithSimulatedRpc1b4834f/s2/8ee38002-8325-4009-9ac6-9a22cc0201a6/current
2023-10-31 16:06:33,248 [s2-impl-thread1] TRACE util.FileUtils (LogUtils.java:runAndLog(49)) - Successfully ran Files.createDirectories /home/runner/work/ratis/ratis/ratis-test/target/test/data/3084f93d/MiniRaftClusterWithSimulatedRpc1b4834f/s2/8ee38002-8325-4009-9ac6-9a22cc0201a6/sm
2023-10-31 16:06:33,248 [s2-impl-thread1] TRACE util.FileUtils (LogUtils.java:supplyAndLog(69)) - Successfully supplied FileChannel.open /home/runner/work/ratis/ratis/ratis-test/target/test/data/3084f93d/MiniRaftClusterWithSimulatedRpc1b4834f/s2/8ee38002-8325-4009-9ac6-9a22cc0201a6/current/raft-meta.tmp with options [CREATE, WRITE]: sun.nio.ch.FileChannelImpl@405f913f
2023-10-31 16:06:33,251 [s2-impl-thread1] TRACE util.FileUtils (LogUtils.java:runAndLog(49)) - Successfully ran Atomic Files.move /home/runner/work/ratis/ratis/ratis-test/target/test/data/3084f93d/MiniRaftClusterWithSimulatedRpc1b4834f/s2/8ee38002-8325-4009-9ac6-9a22cc0201a6/current/raft-meta.tmp to /home/runner/work/ratis/ratis/ratis-test/target/test/data/3084f93d/MiniRaftClusterWithSimulatedRpc1b4834f/s2/8ee38002-8325-4009-9ac6-9a22cc0201a6/current/raft-meta with options [REPLACE_EXISTING]
2023-10-31 16:06:33,251 [s2-impl-thread1] INFO  storage.RaftStorage (RaftStorageImpl.java:format(97)) - Storage directory /home/runner/work/ratis/ratis/ratis-test/target/test/data/3084f93d/MiniRaftClusterWithSimulatedRpc1b4834f/s2/8ee38002-8325-4009-9ac6-9a22cc0201a6 has been successfully formatted.
2023-10-31 16:06:33,251 [s2-impl-thread1] INFO  impl.SimpleStateMachine4Testing (SimpleStateMachine4Testing.java:initialize(213)) - Initializing SimpleStateMachine4Testing:uninitialized
2023-10-31 16:06:33,251 [s2-impl-thread1] INFO  impl.SimpleStateMachine4Testing (SimpleStateMachine4Testing.java:loadSnapshot(296)) - Loading snapshot null
2023-10-31 16:06:33,251 [s2-impl-thread1] INFO  server.RaftServerConfigKeys (ConfUtils.java:logGet(46)) - raft.server.log.use.memory = false (default)
2023-10-31 16:06:33,251 [s2-impl-thread1] INFO  server.RaftServerConfigKeys (ConfUtils.java:logGet(46)) - raft.server.log.purge.gap = 1024 (default)
2023-10-31 16:06:33,251 [s2-impl-thread1] INFO  server.RaftServerConfigKeys (ConfUtils.java:logGet(46)) - raft.server.log.appender.buffer.byte-limit = 4MB (=4194304) (default)
2023-10-31 16:06:33,251 [s2-impl-thread1] INFO  server.RaftServerConfigKeys (ConfUtils.java:logGet(46)) - raft.server.log.statemachine.data.read.timeout = 1000ms (default)
2023-10-31 16:06:33,251 [s2-impl-thread1] INFO  server.RaftServerConfigKeys (ConfUtils.java:logGet(46)) - raft.server.log.purge.preservation.log.num = 0 (default)
2023-10-31 16:06:33,251 [s2-impl-thread1] INFO  server.RaftServerConfigKeys (ConfUtils.java:logGet(46)) - raft.server.log.segment.size.max = 8KB (=8192) (custom)
2023-10-31 16:06:33,252 [s2-impl-thread1] INFO  server.RaftServerConfigKeys (ConfUtils.java:logGet(46)) - raft.server.log.segment.cache.num.max = 6 (default)
2023-10-31 16:06:33,252 [s2-impl-thread1] INFO  server.RaftServerConfigKeys (ConfUtils.java:logGet(46)) - raft.server.log.segment.cache.size.max = 200MB (=209715200) (default)
2023-10-31 16:06:33,252 [s2-impl-thread1] INFO  server.RaftServerConfigKeys (ConfUtils.java:logGet(46)) - raft.server.log.appender.buffer.byte-limit = 4MB (=4194304) (default)
2023-10-31 16:06:33,252 [s2-impl-thread1] INFO  util.AwaitToRun (AwaitToRun.java:start(81)) - Thread[s2@group-9A22CC0201A6-cacheEviction-AwaitToRun,5,main] started
2023-10-31 16:06:33,252 [s2-impl-thread1] INFO  segmented.SegmentedRaftLogWorker (SegmentedRaftLogWorker.java:<init>(184)) - new s2@group-9A22CC0201A6-SegmentedRaftLogWorker for RaftStorageImpl:Storage Directory /home/runner/work/ratis/ratis/ratis-test/target/test/data/3084f93d/MiniRaftClusterWithSimulatedRpc1b4834f/s2/8ee38002-8325-4009-9ac6-9a22cc0201a6
2023-10-31 16:06:33,252 [s2-impl-thread1] INFO  server.RaftServerConfigKeys (ConfUtils.java:logGet(46)) - raft.server.log.queue.byte-limit = 64MB (=67108864) (default)
2023-10-31 16:06:33,252 [s2-impl-thread1] INFO  server.RaftServerConfigKeys (ConfUtils.java:logGet(46)) - raft.server.log.queue.element-limit = 4096 (default)
2023-10-31 16:06:33,252 [s2-impl-thread1] INFO  server.RaftServerConfigKeys (ConfUtils.java:logGet(46)) - raft.server.log.segment.size.max = 8KB (=8192) (custom)
2023-10-31 16:06:33,252 [s2-impl-thread1] INFO  server.RaftServerConfigKeys (ConfUtils.java:logGet(46)) - raft.server.log.preallocated.size = 4MB (=4194304) (default)
2023-10-31 16:06:33,252 [s2-impl-thread1] INFO  server.RaftServerConfigKeys (ConfUtils.java:logGet(46)) - raft.server.log.force.sync.num = 128 (default)
2023-10-31 16:06:33,252 [s2-impl-thread1] INFO  server.RaftServerConfigKeys (ConfUtils.java:logGet(46)) - raft.server.log.statemachine.data.sync = true (default)
2023-10-31 16:06:33,252 [s2-impl-thread1] INFO  server.RaftServerConfigKeys (ConfUtils.java:logGet(46)) - raft.server.log.statemachine.data.sync.timeout = 10s (default)
2023-10-31 16:06:33,252 [s2-impl-thread1] INFO  server.RaftServerConfigKeys (ConfUtils.java:logGet(46)) - raft.server.log.statemachine.data.sync.timeout.retry = -1 (default)
2023-10-31 16:06:33,252 [s2-impl-thread1] INFO  server.RaftServerConfigKeys (ConfUtils.java:logGet(46)) - raft.server.log.write.buffer.size = 64KB (=65536) (default)
2023-10-31 16:06:33,252 [s2-impl-thread1] INFO  server.RaftServerConfigKeys (ConfUtils.java:logGet(46)) - raft.server.log.appender.buffer.byte-limit = 4MB (=4194304) (default)
2023-10-31 16:06:33,253 [s2-impl-thread1] INFO  server.RaftServerConfigKeys (ConfUtils.java:logGet(46)) - raft.server.log.unsafe-flush.enabled = false (default)
2023-10-31 16:06:33,253 [s2-impl-thread1] INFO  server.RaftServerConfigKeys (ConfUtils.java:logGet(46)) - raft.server.log.async-flush.enabled = false (default)
2023-10-31 16:06:33,253 [s2-impl-thread1] INFO  server.RaftServerConfigKeys (ConfUtils.java:logGet(46)) - raft.server.log.statemachine.data.caching.enabled = false (default)
2023-10-31 16:06:33,254 [s2-impl-thread1] INFO  segmented.SegmentedRaftLogWorker (SegmentedRaftLogWorker.java:lambda$new$0(135)) - s2@group-9A22CC0201A6-SegmentedRaftLogWorker: flushIndex: setUnconditionally 0 -> -1
2023-10-31 16:06:33,254 [s2-impl-thread1] INFO  segmented.SegmentedRaftLogWorker (SegmentedRaftLogWorker.java:lambda$new$0(135)) - s2@group-9A22CC0201A6-SegmentedRaftLogWorker: safeCacheEvictIndex: setUnconditionally 0 -> -1
2023-10-31 16:06:33,255 [s2-impl-thread1] INFO  server.RaftServer$Division (RaftServerImpl.java:start(390)) - s2@group-9A22CC0201A6: start as a follower, conf=-1: peers:[s0|localhost:38363, s1|localhost:38375, s2|localhost:35419]|listeners:[], old=null
2023-10-31 16:06:33,255 [s2-impl-thread1] INFO  server.RaftServer$Division (RaftServerImpl.java:setRole(377)) - s2@group-9A22CC0201A6: changes role from      null to FOLLOWER at term 0 for startAsFollower
2023-10-31 16:06:33,255 [s2-impl-thread1] INFO  impl.RoleInfo (RoleInfo.java:updateAndGet(138)) - s2: start s2@group-9A22CC0201A6-FollowerState
2023-10-31 16:06:33,255 [s2-impl-thread1] INFO  util.JmxRegister (JmxRegister.java:tryRegister(44)) - Successfully registered JMX Bean with object name Ratis:service=RaftServer,group=group-9A22CC0201A6,id=s2
2023-10-31 16:06:33,255 [s2-impl-thread1] INFO  server.RaftServerConfigKeys (ConfUtils.java:logGet(46)) - raft.server.snapshot.trigger-when-stop.enabled = true (default)
2023-10-31 16:06:33,255 [s2-impl-thread1] INFO  server.RaftServerConfigKeys (ConfUtils.java:logGet(46)) - raft.server.snapshot.auto.trigger.enabled = false (default)
2023-10-31 16:06:33,255 [s2-impl-thread1] INFO  server.RaftServerConfigKeys (ConfUtils.java:logGet(46)) - raft.server.snapshot.retention.file.num = -1 (default)
2023-10-31 16:06:33,255 [s2-impl-thread1] INFO  server.RaftServerConfigKeys (ConfUtils.java:logGet(46)) - raft.server.log.purge.upto.snapshot.index = false (default)
2023-10-31 16:06:33,256 [s2@group-9A22CC0201A6-FollowerState] INFO  server.RaftServerConfigKeys (ConfUtils.java:logFallback(53)) - raft.server.rpc.first-election.timeout.min = 150ms (fallback to raft.server.rpc.timeout.min)
2023-10-31 16:06:33,256 [s2@group-9A22CC0201A6-FollowerState] INFO  server.RaftServerConfigKeys (ConfUtils.java:logFallback(53)) - raft.server.rpc.first-election.timeout.max = 300ms (fallback to raft.server.rpc.timeout.max)
2023-10-31 16:06:33,256 [Time-limited test] INFO  server.RaftServer (RaftServerProxy.java:startImpl(406)) - s2: start RPC server
2023-10-31 16:06:33,257 [JvmPauseMonitor37] INFO  util.JvmPauseMonitor (JvmPauseMonitor.java:run(146)) - JvmPauseMonitor-s2: Started
2023-10-31 16:06:33,258 [Time-limited test] INFO  server.RaftServerConfigKeys (ConfUtils.java:logGet(46)) - raft.server.rpc.timeout.max = 300ms (default)
2023-10-31 16:06:33,258 [Time-limited test] INFO  ratis.RaftTestUtil (RaftTestUtil.java:waitForLeader(100)) - printing ALL groups
  s0:  RUNNING  FOLLOWER s0@group-9A22CC0201A6:t0, leader=null, voted=, raftlog=Memoized:s0@group-9A22CC0201A6-SegmentedRaftLog:OPENED:c-1, conf=-1: peers:[s0|localhost:38363, s1|localhost:38375, s2|localhost:35419]|listeners:[], old=null RUNNING
  s1:  RUNNING  FOLLOWER s1@group-9A22CC0201A6:t0, leader=null, voted=, raftlog=Memoized:s1@group-9A22CC0201A6-SegmentedRaftLog:OPENED:c-1, conf=-1: peers:[s0|localhost:38363, s1|localhost:38375, s2|localhost:35419]|listeners:[], old=null RUNNING
  s2:  RUNNING  FOLLOWER s2@group-9A22CC0201A6:t0, leader=null, voted=, raftlog=Memoized:s2@group-9A22CC0201A6-SegmentedRaftLog:OPENED:c-1, conf=-1: peers:[s0|localhost:38363, s1|localhost:38375, s2|localhost:35419]|listeners:[], old=null RUNNING
2023-10-31 16:06:33,258 [Time-limited test] WARN  ratis.RaftTestUtil (JavaUtils.java:attempt(223)) - FAILED "waitForLeader-null-(expectLeader? true)", attempt #1/100: java.lang.IllegalStateException: No leader yet : printing ALL groups
  s0:  RUNNING  FOLLOWER s0@group-9A22CC0201A6:t0, leader=null, voted=, raftlog=Memoized:s0@group-9A22CC0201A6-SegmentedRaftLog:OPENED:c-1, conf=-1: peers:[s0|localhost:38363, s1|localhost:38375, s2|localhost:35419]|listeners:[], old=null RUNNING
  s1:  RUNNING  FOLLOWER s1@group-9A22CC0201A6:t0, leader=null, voted=, raftlog=Memoized:s1@group-9A22CC0201A6-SegmentedRaftLog:OPENED:c-1, conf=-1: peers:[s0|localhost:38363, s1|localhost:38375, s2|localhost:35419]|listeners:[], old=null RUNNING
  s2:  RUNNING  FOLLOWER s2@group-9A22CC0201A6:t0, leader=null, voted=, raftlog=Memoized:s2@group-9A22CC0201A6-SegmentedRaftLog:OPENED:c-1, conf=-1: peers:[s0|localhost:38363, s1|localhost:38375, s2|localhost:35419]|listeners:[], old=null RUNNING, sleep 450ms and then retry.
java.lang.IllegalStateException: No leader yet : printing ALL groups
  s0:  RUNNING  FOLLOWER s0@group-9A22CC0201A6:t0, leader=null, voted=, raftlog=Memoized:s0@group-9A22CC0201A6-SegmentedRaftLog:OPENED:c-1, conf=-1: peers:[s0|localhost:38363, s1|localhost:38375, s2|localhost:35419]|listeners:[], old=null RUNNING
  s1:  RUNNING  FOLLOWER s1@group-9A22CC0201A6:t0, leader=null, voted=, raftlog=Memoized:s1@group-9A22CC0201A6-SegmentedRaftLog:OPENED:c-1, conf=-1: peers:[s0|localhost:38363, s1|localhost:38375, s2|localhost:35419]|listeners:[], old=null RUNNING
  s2:  RUNNING  FOLLOWER s2@group-9A22CC0201A6:t0, leader=null, voted=, raftlog=Memoized:s2@group-9A22CC0201A6-SegmentedRaftLog:OPENED:c-1, conf=-1: peers:[s0|localhost:38363, s1|localhost:38375, s2|localhost:35419]|listeners:[], old=null RUNNING
	at org.apache.ratis.server.impl.MiniRaftCluster.newIllegalStateExceptionForNoLeaders(MiniRaftCluster.java:581)
	at org.apache.ratis.RaftTestUtil.lambda$waitForLeader$1(RaftTestUtil.java:104)
	at org.apache.ratis.server.impl.MiniRaftCluster.getLeader(MiniRaftCluster.java:615)
	at org.apache.ratis.server.impl.MiniRaftCluster.getLeader(MiniRaftCluster.java:608)
	at org.apache.ratis.RaftTestUtil.lambda$waitForLeader$3(RaftTestUtil.java:112)
	at org.apache.ratis.util.JavaUtils.attempt(JavaUtils.java:217)
	at org.apache.ratis.util.JavaUtils.attemptRepeatedly(JavaUtils.java:203)
	at org.apache.ratis.RaftTestUtil.waitForLeader(RaftTestUtil.java:111)
	at org.apache.ratis.RaftTestUtil.waitForLeader(RaftTestUtil.java:92)
	at org.apache.ratis.RaftTestUtil.waitForLeader(RaftTestUtil.java:87)
	at org.apache.ratis.server.ServerRestartTests.runTestRestartFollower(ServerRestartTests.java:92)
	at org.apache.ratis.server.impl.MiniRaftCluster$Factory$Get.runWithNewCluster(MiniRaftCluster.java:141)
	at org.apache.ratis.server.impl.MiniRaftCluster$Factory$Get.runWithNewCluster(MiniRaftCluster.java:121)
	at org.apache.ratis.server.ServerRestartTests.testRestartFollower(ServerRestartTests.java:88)
	at java.base/jdk.internal.reflect.NativeMethodAccessorImpl.invoke0(Native Method)
	at java.base/jdk.internal.reflect.NativeMethodAccessorImpl.invoke(NativeMethodAccessorImpl.java:62)
	at java.base/jdk.internal.reflect.DelegatingMethodAccessorImpl.invoke(DelegatingMethodAccessorImpl.java:43)
	at java.base/java.lang.reflect.Method.invoke(Method.java:566)
	at org.junit.runners.model.FrameworkMethod$1.runReflectiveCall(FrameworkMethod.java:59)
	at org.junit.internal.runners.model.ReflectiveCallable.run(ReflectiveCallable.java:12)
	at org.junit.runners.model.FrameworkMethod.invokeExplosively(FrameworkMethod.java:56)
	at org.junit.internal.runners.statements.InvokeMethod.evaluate(InvokeMethod.java:17)
	at org.junit.internal.runners.statements.RunAfters.evaluate(RunAfters.java:27)
	at org.junit.internal.runners.statements.FailOnTimeout$CallableStatement.call(FailOnTimeout.java:299)
	at org.junit.internal.runners.statements.FailOnTimeout$CallableStatement.call(FailOnTimeout.java:293)
	at java.base/java.util.concurrent.FutureTask.run(FutureTask.java:264)
	at java.base/java.lang.Thread.run(Thread.java:829)
2023-10-31 16:06:33,447 [s0@group-9A22CC0201A6-FollowerState] INFO  impl.FollowerState (FollowerState.java:run(143)) - s0@group-9A22CC0201A6-FollowerState: change to CANDIDATE, lastRpcElapsedTime:213200057ns, electionTimeout:212ms
2023-10-31 16:06:33,448 [s0@group-9A22CC0201A6-FollowerState] INFO  impl.RoleInfo (RoleInfo.java:shutdownFollowerState(109)) - s0: shutdown s0@group-9A22CC0201A6-FollowerState
2023-10-31 16:06:33,448 [s0@group-9A22CC0201A6-FollowerState] INFO  server.RaftServer$Division (RaftServerImpl.java:setRole(377)) - s0@group-9A22CC0201A6: changes role from  FOLLOWER to CANDIDATE at term 0 for changeToCandidate
2023-10-31 16:06:33,448 [s0@group-9A22CC0201A6-FollowerState] INFO  server.RaftServerConfigKeys (ConfUtils.java:logGet(46)) - raft.server.leaderelection.pre-vote = true (default)
2023-10-31 16:06:33,448 [s0@group-9A22CC0201A6-FollowerState] INFO  impl.RoleInfo (RoleInfo.java:updateAndGet(138)) - s0: start s0@group-9A22CC0201A6-LeaderElection9
2023-10-31 16:06:33,448 [s0@group-9A22CC0201A6-LeaderElection9] INFO  impl.LeaderElection (LeaderElection.java:askForVotes(323)) - s0@group-9A22CC0201A6-LeaderElection9 PRE_VOTE round 0: submit vote requests at term 0 for -1: peers:[s0|localhost:38363, s1|localhost:38375, s2|localhost:35419]|listeners:[], old=null
2023-10-31 16:06:33,449 [s0@group-9A22CC0201A6-LeaderElection9] INFO  server.RaftServerConfigKeys (ConfUtils.java:logFallback(53)) - raft.server.rpc.first-election.timeout.min = 150ms (fallback to raft.server.rpc.timeout.min)
2023-10-31 16:06:33,449 [s0@group-9A22CC0201A6-LeaderElection9] INFO  server.RaftServerConfigKeys (ConfUtils.java:logFallback(53)) - raft.server.rpc.first-election.timeout.max = 300ms (fallback to raft.server.rpc.timeout.max)
2023-10-31 16:06:33,449 [HandlerDaemon-0] INFO  server.RaftServer$Division (RaftServerImpl.java:requestVote(1368)) - s1@group-9A22CC0201A6: receive requestVote(PRE_VOTE, s0, group-9A22CC0201A6, 0, (t:0, i:0))
2023-10-31 16:06:33,449 [HandlerDaemon-0] INFO  impl.VoteContext (VoteContext.java:log(49)) - s1@group-9A22CC0201A6-FOLLOWER: accept PRE_VOTE from s0: our priority 0 <= candidate's priority 0
2023-10-31 16:06:33,449 [HandlerDaemon-0] INFO  server.RaftServer$Division (RaftServerImpl.java:requestVote(1401)) - s1@group-9A22CC0201A6 replies to PRE_VOTE vote request: s0<-s1#0:OK-t0. Peer's state: s1@group-9A22CC0201A6:t0, leader=null, voted=, raftlog=Memoized:s1@group-9A22CC0201A6-SegmentedRaftLog:OPENED:c-1, conf=-1: peers:[s0|localhost:38363, s1|localhost:38375, s2|localhost:35419]|listeners:[], old=null
2023-10-31 16:06:33,449 [HandlerDaemon-0] INFO  server.RaftServer$Division (RaftServerImpl.java:requestVote(1368)) - s2@group-9A22CC0201A6: receive requestVote(PRE_VOTE, s0, group-9A22CC0201A6, 0, (t:0, i:0))
2023-10-31 16:06:33,450 [HandlerDaemon-0] INFO  impl.VoteContext (VoteContext.java:log(49)) - s2@group-9A22CC0201A6-FOLLOWER: accept PRE_VOTE from s0: our priority 0 <= candidate's priority 0
2023-10-31 16:06:33,450 [HandlerDaemon-0] INFO  server.RaftServer$Division (RaftServerImpl.java:requestVote(1401)) - s2@group-9A22CC0201A6 replies to PRE_VOTE vote request: s0<-s2#0:OK-t0. Peer's state: s2@group-9A22CC0201A6:t0, leader=null, voted=, raftlog=Memoized:s2@group-9A22CC0201A6-SegmentedRaftLog:OPENED:c-1, conf=-1: peers:[s0|localhost:38363, s1|localhost:38375, s2|localhost:35419]|listeners:[], old=null
2023-10-31 16:06:33,450 [s0@group-9A22CC0201A6-LeaderElection9] INFO  impl.LeaderElection (LeaderElection.java:logAndReturn(89)) - s0@group-9A22CC0201A6-LeaderElection9: PRE_VOTE PASSED received 1 response(s) and 0 exception(s):
2023-10-31 16:06:33,450 [s0@group-9A22CC0201A6-LeaderElection9] INFO  impl.LeaderElection (LeaderElection.java:logAndReturn(93)) -   Response 0: s0<-s1#0:OK-t0
2023-10-31 16:06:33,450 [s0@group-9A22CC0201A6-LeaderElection9] INFO  impl.LeaderElection (LeaderElection.java:askForVotes(325)) - s0@group-9A22CC0201A6-LeaderElection9 PRE_VOTE round 0: result PASSED
2023-10-31 16:06:33,450 [s0@group-9A22CC0201A6-LeaderElection9] TRACE util.FileUtils (LogUtils.java:supplyAndLog(69)) - Successfully supplied FileChannel.open /home/runner/work/ratis/ratis/ratis-test/target/test/data/3084f93d/MiniRaftClusterWithSimulatedRpc1b4834f/s0/8ee38002-8325-4009-9ac6-9a22cc0201a6/current/raft-meta.tmp with options [CREATE, WRITE]: sun.nio.ch.FileChannelImpl@57f831fd
2023-10-31 16:06:33,451 [s1@group-9A22CC0201A6-FollowerState] INFO  server.RaftServerConfigKeys (ConfUtils.java:logFallback(53)) - raft.server.rpc.first-election.timeout.min = 150ms (fallback to raft.server.rpc.timeout.min)
2023-10-31 16:06:33,451 [s1@group-9A22CC0201A6-FollowerState] INFO  server.RaftServerConfigKeys (ConfUtils.java:logFallback(53)) - raft.server.rpc.first-election.timeout.max = 300ms (fallback to raft.server.rpc.timeout.max)
2023-10-31 16:06:33,452 [s0@group-9A22CC0201A6-LeaderElection9] TRACE util.FileUtils (LogUtils.java:runAndLog(49)) - Successfully ran Atomic Files.move /home/runner/work/ratis/ratis/ratis-test/target/test/data/3084f93d/MiniRaftClusterWithSimulatedRpc1b4834f/s0/8ee38002-8325-4009-9ac6-9a22cc0201a6/current/raft-meta.tmp to /home/runner/work/ratis/ratis/ratis-test/target/test/data/3084f93d/MiniRaftClusterWithSimulatedRpc1b4834f/s0/8ee38002-8325-4009-9ac6-9a22cc0201a6/current/raft-meta with options [REPLACE_EXISTING]
2023-10-31 16:06:33,452 [s0@group-9A22CC0201A6-LeaderElection9] INFO  impl.LeaderElection (LeaderElection.java:askForVotes(323)) - s0@group-9A22CC0201A6-LeaderElection9 ELECTION round 0: submit vote requests at term 1 for -1: peers:[s0|localhost:38363, s1|localhost:38375, s2|localhost:35419]|listeners:[], old=null
2023-10-31 16:06:33,452 [s0@group-9A22CC0201A6-LeaderElection9] INFO  server.RaftServerConfigKeys (ConfUtils.java:logFallback(53)) - raft.server.rpc.first-election.timeout.min = 150ms (fallback to raft.server.rpc.timeout.min)
2023-10-31 16:06:33,452 [HandlerDaemon-1] INFO  server.RaftServer$Division (RaftServerImpl.java:requestVote(1368)) - s1@group-9A22CC0201A6: receive requestVote(ELECTION, s0, group-9A22CC0201A6, 1, (t:0, i:0))
2023-10-31 16:06:33,453 [HandlerDaemon-1] INFO  impl.VoteContext (VoteContext.java:log(49)) - s1@group-9A22CC0201A6-FOLLOWER: accept ELECTION from s0: our priority 0 <= candidate's priority 0
2023-10-31 16:06:33,453 [HandlerDaemon-1] INFO  server.RaftServer$Division (RaftServerImpl.java:setRole(377)) - s1@group-9A22CC0201A6: changes role from  FOLLOWER to FOLLOWER at term 1 for candidate:s0
2023-10-31 16:06:33,453 [HandlerDaemon-1] INFO  impl.RoleInfo (RoleInfo.java:shutdownFollowerState(109)) - s1: shutdown s1@group-9A22CC0201A6-FollowerState
2023-10-31 16:06:33,453 [HandlerDaemon-1] INFO  impl.RoleInfo (RoleInfo.java:updateAndGet(138)) - s1: start s1@group-9A22CC0201A6-FollowerState
2023-10-31 16:06:33,453 [HandlerDaemon-1] INFO  server.RaftServer$Division (RaftServerImpl.java:requestVote(1368)) - s2@group-9A22CC0201A6: receive requestVote(ELECTION, s0, group-9A22CC0201A6, 1, (t:0, i:0))
2023-10-31 16:06:33,453 [s1@group-9A22CC0201A6-FollowerState] INFO  impl.FollowerState (FollowerState.java:run(152)) - s1@group-9A22CC0201A6-FollowerState was interrupted
2023-10-31 16:06:33,452 [s0@group-9A22CC0201A6-LeaderElection9] INFO  server.RaftServerConfigKeys (ConfUtils.java:logFallback(53)) - raft.server.rpc.first-election.timeout.max = 300ms (fallback to raft.server.rpc.timeout.max)
2023-10-31 16:06:33,453 [HandlerDaemon-1] INFO  server.RaftServer$Division (RaftServerImpl.java:setFirstElection(562)) - s1@group-9A22CC0201A6: set firstElectionSinceStartup to false for candidate:s0
2023-10-31 16:06:33,453 [HandlerDaemon-1] TRACE util.FileUtils (LogUtils.java:supplyAndLog(69)) - Successfully supplied FileChannel.open /home/runner/work/ratis/ratis/ratis-test/target/test/data/3084f93d/MiniRaftClusterWithSimulatedRpc1b4834f/s1/8ee38002-8325-4009-9ac6-9a22cc0201a6/current/raft-meta.tmp with options [CREATE, WRITE]: sun.nio.ch.FileChannelImpl@3eceb0e
2023-10-31 16:06:33,454 [HandlerDaemon-1] INFO  impl.VoteContext (VoteContext.java:log(49)) - s2@group-9A22CC0201A6-FOLLOWER: accept ELECTION from s0: our priority 0 <= candidate's priority 0
2023-10-31 16:06:33,454 [HandlerDaemon-1] INFO  server.RaftServer$Division (RaftServerImpl.java:setRole(377)) - s2@group-9A22CC0201A6: changes role from  FOLLOWER to FOLLOWER at term 1 for candidate:s0
2023-10-31 16:06:33,454 [HandlerDaemon-1] INFO  impl.RoleInfo (RoleInfo.java:shutdownFollowerState(109)) - s2: shutdown s2@group-9A22CC0201A6-FollowerState
2023-10-31 16:06:33,454 [HandlerDaemon-1] INFO  impl.RoleInfo (RoleInfo.java:updateAndGet(138)) - s2: start s2@group-9A22CC0201A6-FollowerState
2023-10-31 16:06:33,454 [s2@group-9A22CC0201A6-FollowerState] INFO  impl.FollowerState (FollowerState.java:run(152)) - s2@group-9A22CC0201A6-FollowerState was interrupted
2023-10-31 16:06:33,455 [HandlerDaemon-1] INFO  server.RaftServer$Division (RaftServerImpl.java:setFirstElection(562)) - s2@group-9A22CC0201A6: set firstElectionSinceStartup to false for candidate:s0
2023-10-31 16:06:33,455 [HandlerDaemon-1] TRACE util.FileUtils (LogUtils.java:supplyAndLog(69)) - Successfully supplied FileChannel.open /home/runner/work/ratis/ratis/ratis-test/target/test/data/3084f93d/MiniRaftClusterWithSimulatedRpc1b4834f/s2/8ee38002-8325-4009-9ac6-9a22cc0201a6/current/raft-meta.tmp with options [CREATE, WRITE]: sun.nio.ch.FileChannelImpl@11bab455
2023-10-31 16:06:33,456 [HandlerDaemon-1] TRACE util.FileUtils (LogUtils.java:runAndLog(49)) - Successfully ran Atomic Files.move /home/runner/work/ratis/ratis/ratis-test/target/test/data/3084f93d/MiniRaftClusterWithSimulatedRpc1b4834f/s1/8ee38002-8325-4009-9ac6-9a22cc0201a6/current/raft-meta.tmp to /home/runner/work/ratis/ratis/ratis-test/target/test/data/3084f93d/MiniRaftClusterWithSimulatedRpc1b4834f/s1/8ee38002-8325-4009-9ac6-9a22cc0201a6/current/raft-meta with options [REPLACE_EXISTING]
2023-10-31 16:06:33,456 [HandlerDaemon-1] INFO  server.RaftServer$Division (RaftServerImpl.java:requestVote(1401)) - s1@group-9A22CC0201A6 replies to ELECTION vote request: s0<-s1#0:OK-t1. Peer's state: s1@group-9A22CC0201A6:t1, leader=null, voted=s0, raftlog=Memoized:s1@group-9A22CC0201A6-SegmentedRaftLog:OPENED:c-1, conf=-1: peers:[s0|localhost:38363, s1|localhost:38375, s2|localhost:35419]|listeners:[], old=null
2023-10-31 16:06:33,456 [HandlerDaemon-1] TRACE util.FileUtils (LogUtils.java:runAndLog(49)) - Successfully ran Atomic Files.move /home/runner/work/ratis/ratis/ratis-test/target/test/data/3084f93d/MiniRaftClusterWithSimulatedRpc1b4834f/s2/8ee38002-8325-4009-9ac6-9a22cc0201a6/current/raft-meta.tmp to /home/runner/work/ratis/ratis/ratis-test/target/test/data/3084f93d/MiniRaftClusterWithSimulatedRpc1b4834f/s2/8ee38002-8325-4009-9ac6-9a22cc0201a6/current/raft-meta with options [REPLACE_EXISTING]
2023-10-31 16:06:33,456 [HandlerDaemon-1] INFO  server.RaftServer$Division (RaftServerImpl.java:requestVote(1401)) - s2@group-9A22CC0201A6 replies to ELECTION vote request: s0<-s2#0:OK-t1. Peer's state: s2@group-9A22CC0201A6:t1, leader=null, voted=s0, raftlog=Memoized:s2@group-9A22CC0201A6-SegmentedRaftLog:OPENED:c-1, conf=-1: peers:[s0|localhost:38363, s1|localhost:38375, s2|localhost:35419]|listeners:[], old=null
2023-10-31 16:06:33,456 [s0@group-9A22CC0201A6-LeaderElection9] INFO  impl.LeaderElection (LeaderElection.java:logAndReturn(89)) - s0@group-9A22CC0201A6-LeaderElection9: ELECTION PASSED received 1 response(s) and 0 exception(s):
2023-10-31 16:06:33,456 [s0@group-9A22CC0201A6-LeaderElection9] INFO  impl.LeaderElection (LeaderElection.java:logAndReturn(93)) -   Response 0: s0<-s1#0:OK-t1
2023-10-31 16:06:33,457 [s0@group-9A22CC0201A6-LeaderElection9] INFO  impl.LeaderElection (LeaderElection.java:askForVotes(325)) - s0@group-9A22CC0201A6-LeaderElection9 ELECTION round 0: result PASSED
2023-10-31 16:06:33,457 [s0@group-9A22CC0201A6-LeaderElection9] INFO  impl.RoleInfo (RoleInfo.java:shutdownLeaderElection(129)) - s0: shutdown s0@group-9A22CC0201A6-LeaderElection9
2023-10-31 16:06:33,457 [s0@group-9A22CC0201A6-LeaderElection9] INFO  server.RaftServer$Division (RaftServerImpl.java:setRole(377)) - s0@group-9A22CC0201A6: changes role from CANDIDATE to LEADER at term 1 for changeToLeader
2023-10-31 16:06:33,457 [s0@group-9A22CC0201A6-LeaderElection9] INFO  server.RaftServerConfigKeys (ConfUtils.java:logGet(46)) - raft.server.staging.catchup.gap = 1000 (default)
2023-10-31 16:06:33,457 [s0@group-9A22CC0201A6-LeaderElection9] INFO  server.RaftServerConfigKeys (ConfUtils.java:logGet(46)) - raft.server.write.element-limit = 4096 (default)
2023-10-31 16:06:33,457 [s0@group-9A22CC0201A6-LeaderElection9] INFO  server.RaftServerConfigKeys (ConfUtils.java:logGet(46)) - raft.server.write.byte-limit = 64MB (=67108864) (default)
2023-10-31 16:06:33,457 [s0@group-9A22CC0201A6-LeaderElection9] INFO  server.RaftServerConfigKeys (ConfUtils.java:logGet(46)) - raft.server.watch.timeout = 10s (default)
2023-10-31 16:06:33,457 [s0@group-9A22CC0201A6-LeaderElection9] INFO  server.RaftServerConfigKeys (ConfUtils.java:logGet(46)) - raft.server.watch.timeout.denomination = 1s (default)
2023-10-31 16:06:33,457 [s0@group-9A22CC0201A6-LeaderElection9] INFO  server.RaftServerConfigKeys (ConfUtils.java:logGet(46)) - raft.server.watch.element-limit = 65536 (default)
2023-10-31 16:06:33,457 [s0@group-9A22CC0201A6-LeaderElection9] INFO  server.RaftServerConfigKeys (ConfUtils.java:logGet(46)) - raft.server.read.leader.lease.enabled = false (default)
2023-10-31 16:06:33,457 [s0@group-9A22CC0201A6-LeaderElection9] INFO  server.RaftServerConfigKeys (ConfUtils.java:logGet(46)) - raft.server.read.leader.lease.timeout.ratio = 0.9 (default)
2023-10-31 16:06:33,457 [s0@group-9A22CC0201A6-LeaderElection9] INFO  server.RaftServerConfigKeys (ConfUtils.java:logGet(46)) - raft.server.rpc.timeout.min = 150ms (default)
2023-10-31 16:06:33,457 [s0@group-9A22CC0201A6-LeaderElection9] INFO  server.RaftServerConfigKeys (ConfUtils.java:logGet(46)) - raft.server.write.element-limit = 4096 (default)
2023-10-31 16:06:33,458 [s0@group-9A22CC0201A6-LeaderElection9] INFO  server.RaftServerConfigKeys (ConfUtils.java:logGet(46)) - raft.server.write.follower.gap.ratio.max = -1.0 (default)
2023-10-31 16:06:33,458 [s0@group-9A22CC0201A6-LeaderElection9] INFO  server.RaftServerConfigKeys (ConfUtils.java:logGet(46)) - raft.server.log.appender.snapshot.chunk.size.max = 16MB (=16777216) (default)
2023-10-31 16:06:33,458 [s0@group-9A22CC0201A6-LeaderElection9] INFO  server.RaftServerConfigKeys (ConfUtils.java:logGet(46)) - raft.server.log.appender.buffer.byte-limit = 4MB (=4194304) (default)
2023-10-31 16:06:33,458 [s0@group-9A22CC0201A6-LeaderElection9] INFO  server.RaftServerConfigKeys (ConfUtils.java:logGet(46)) - raft.server.log.appender.buffer.element-limit = 0 (default)
2023-10-31 16:06:33,458 [s0@group-9A22CC0201A6-LeaderElection9] INFO  server.RaftServerConfigKeys (ConfUtils.java:logGet(46)) - raft.server.log.appender.wait-time.min = 1ms (default)
2023-10-31 16:06:33,458 [s0@group-9A22CC0201A6-LeaderElection9] INFO  server.RaftServerConfigKeys (ConfUtils.java:logGet(46)) - raft.server.log.appender.snapshot.chunk.size.max = 16MB (=16777216) (default)
2023-10-31 16:06:33,458 [s0@group-9A22CC0201A6-LeaderElection9] INFO  server.RaftServerConfigKeys (ConfUtils.java:logGet(46)) - raft.server.log.appender.buffer.byte-limit = 4MB (=4194304) (default)
2023-10-31 16:06:33,458 [s0@group-9A22CC0201A6-LeaderElection9] INFO  server.RaftServerConfigKeys (ConfUtils.java:logGet(46)) - raft.server.log.appender.buffer.element-limit = 0 (default)
2023-10-31 16:06:33,458 [s0@group-9A22CC0201A6-LeaderElection9] INFO  server.RaftServerConfigKeys (ConfUtils.java:logGet(46)) - raft.server.log.appender.wait-time.min = 1ms (default)
2023-10-31 16:06:33,459 [s0@group-9A22CC0201A6-LeaderElection9] INFO  impl.RoleInfo (RoleInfo.java:updateAndGet(138)) - s0: start s0@group-9A22CC0201A6-LeaderStateImpl
2023-10-31 16:06:33,459 [s0@group-9A22CC0201A6-LeaderElection9] INFO  server.RaftServer$Division (RaftServerImpl.java:setFirstElection(562)) - s0@group-9A22CC0201A6: set firstElectionSinceStartup to false for becomeLeader
2023-10-31 16:06:33,459 [s0@group-9A22CC0201A6-LeaderElection9] INFO  server.RaftServer$Division (ServerState.java:setLeader(265)) - s0@group-9A22CC0201A6: change Leader from null to s0 at term 1 for becomeLeader, leader elected after 245ms
2023-10-31 16:06:33,459 [s0@group-9A22CC0201A6-LeaderElection9] INFO  segmented.SegmentedRaftLogWorker (SegmentedRaftLogWorker.java:startLogSegment(428)) - s0@group-9A22CC0201A6-SegmentedRaftLogWorker: Starting segment from index:0
2023-10-31 16:06:33,459 [s0@group-9A22CC0201A6-LeaderElection9] INFO  server.RaftServer$Division (ServerState.java:setRaftConf(382)) - s0@group-9A22CC0201A6: set configuration 0: peers:[s0|localhost:38363, s1|localhost:38375, s2|localhost:35419]|listeners:[], old=null
2023-10-31 16:06:33,460 [HandlerDaemon-2] INFO  server.RaftServer$Division (ServerState.java:setLeader(265)) - s1@group-9A22CC0201A6: change Leader from null to s0 at term 1 for appendEntries, leader elected after 239ms
2023-10-31 16:06:33,462 [HandlerDaemon-0] INFO  server.RaftServer$Division (ServerState.java:setRaftConf(382)) - s1@group-9A22CC0201A6: set configuration 0: peers:[s0|localhost:38363, s1|localhost:38375, s2|localhost:35419]|listeners:[], old=null
2023-10-31 16:06:33,462 [HandlerDaemon-0] DEBUG raftlog.RaftLog (SegmentedRaftLog.java:appendImpl(463)) - truncateIndex=-1, arrayIndex=0
2023-10-31 16:06:33,462 [HandlerDaemon-0] INFO  segmented.SegmentedRaftLogWorker (SegmentedRaftLogWorker.java:startLogSegment(428)) - s1@group-9A22CC0201A6-SegmentedRaftLogWorker: Starting segment from index:0
2023-10-31 16:06:33,462 [HandlerDaemon-2] INFO  server.RaftServer$Division (ServerState.java:setLeader(265)) - s2@group-9A22CC0201A6: change Leader from null to s0 at term 1 for appendEntries, leader elected after 237ms
2023-10-31 16:06:33,463 [s0@group-9A22CC0201A6-SegmentedRaftLogWorker] INFO  segmented.SegmentedRaftLogWorker (SegmentedRaftLogWorker.java:execute(632)) - s0@group-9A22CC0201A6-SegmentedRaftLogWorker: created new log segment /home/runner/work/ratis/ratis/ratis-test/target/test/data/3084f93d/MiniRaftClusterWithSimulatedRpc1b4834f/s0/8ee38002-8325-4009-9ac6-9a22cc0201a6/current/log_inprogress_0
2023-10-31 16:06:33,466 [s1@group-9A22CC0201A6-SegmentedRaftLogWorker] INFO  segmented.SegmentedRaftLogWorker (SegmentedRaftLogWorker.java:execute(632)) - s1@group-9A22CC0201A6-SegmentedRaftLogWorker: created new log segment /home/runner/work/ratis/ratis/ratis-test/target/test/data/3084f93d/MiniRaftClusterWithSimulatedRpc1b4834f/s1/8ee38002-8325-4009-9ac6-9a22cc0201a6/current/log_inprogress_0
2023-10-31 16:06:33,467 [HandlerDaemon-0] INFO  server.RaftServer$Division (ServerState.java:setRaftConf(382)) - s2@group-9A22CC0201A6: set configuration 0: peers:[s0|localhost:38363, s1|localhost:38375, s2|localhost:35419]|listeners:[], old=null
2023-10-31 16:06:33,467 [HandlerDaemon-0] DEBUG raftlog.RaftLog (SegmentedRaftLog.java:appendImpl(463)) - truncateIndex=-1, arrayIndex=0
2023-10-31 16:06:33,467 [HandlerDaemon-0] INFO  segmented.SegmentedRaftLogWorker (SegmentedRaftLogWorker.java:startLogSegment(428)) - s2@group-9A22CC0201A6-SegmentedRaftLogWorker: Starting segment from index:0
2023-10-31 16:06:33,468 [s0@group-9A22CC0201A6-StateMachineUpdater] INFO  server.RaftServer$Division (LeaderStateImpl.java:isApplied(308)) - leader is ready since appliedIndex == 0 >= startIndex == 0
2023-10-31 16:06:33,468 [s2@group-9A22CC0201A6-SegmentedRaftLogWorker] INFO  segmented.SegmentedRaftLogWorker (SegmentedRaftLogWorker.java:execute(632)) - s2@group-9A22CC0201A6-SegmentedRaftLogWorker: created new log segment /home/runner/work/ratis/ratis/ratis-test/target/test/data/3084f93d/MiniRaftClusterWithSimulatedRpc1b4834f/s2/8ee38002-8325-4009-9ac6-9a22cc0201a6/current/log_inprogress_0
2023-10-31 16:06:33,709 [Time-limited test] INFO  ratis.RaftTestUtil (RaftTestUtil.java:waitForLeader(119)) - printing ALL groups
  s0:  RUNNING    LEADER s0@group-9A22CC0201A6:t1, leader=s0, voted=s0, raftlog=Memoized:s0@group-9A22CC0201A6-SegmentedRaftLog:OPENED:c0, conf=0: peers:[s0|localhost:38363, s1|localhost:38375, s2|localhost:35419]|listeners:[], old=null RUNNING
  s1:  RUNNING  FOLLOWER s1@group-9A22CC0201A6:t1, leader=s0, voted=s0, raftlog=Memoized:s1@group-9A22CC0201A6-SegmentedRaftLog:OPENED:c0, conf=0: peers:[s0|localhost:38363, s1|localhost:38375, s2|localhost:35419]|listeners:[], old=null RUNNING
  s2:  RUNNING  FOLLOWER s2@group-9A22CC0201A6:t1, leader=s0, voted=s0, raftlog=Memoized:s2@group-9A22CC0201A6-SegmentedRaftLog:OPENED:c0, conf=0: peers:[s0|localhost:38363, s1|localhost:38375, s2|localhost:35419]|listeners:[], old=null RUNNING
2023-10-31 16:06:33,713 [HandlerDaemon-1] DEBUG raftlog.RaftLog (SegmentedRaftLog.java:appendImpl(463)) - truncateIndex=-1, arrayIndex=0
2023-10-31 16:06:33,714 [HandlerDaemon-1] DEBUG raftlog.RaftLog (SegmentedRaftLog.java:appendImpl(463)) - truncateIndex=-1, arrayIndex=0
2023-10-31 16:06:33,715 [s0@group-9A22CC0201A6-StateMachineUpdater] INFO  impl.SimpleStateMachine4Testing (SimpleStateMachine4Testing.java:applyTransaction(248)) - applyTransaction for log index 1
2023-10-31 16:06:33,715 [s0@group-9A22CC0201A6-StateMachineUpdater] INFO  impl.SimpleStateMachine4Testing (SimpleStateMachine4Testing.java:put(205)) - s0: put 1, m0 -> (t:1, i:1), STATEMACHINELOGENTRY, 253@client-F8E1CCABC060
2023-10-31 16:06:33,716 [HandlerDaemon-2] DEBUG raftlog.RaftLog (SegmentedRaftLog.java:appendImpl(463)) - truncateIndex=-1, arrayIndex=0
2023-10-31 16:06:33,718 [s1@group-9A22CC0201A6-StateMachineUpdater] INFO  impl.SimpleStateMachine4Testing (SimpleStateMachine4Testing.java:applyTransaction(248)) - applyTransaction for log index 1
2023-10-31 16:06:33,718 [s1@group-9A22CC0201A6-StateMachineUpdater] INFO  impl.SimpleStateMachine4Testing (SimpleStateMachine4Testing.java:put(205)) - s1: put 1, m0 -> (t:1, i:1), STATEMACHINELOGENTRY, 253@client-F8E1CCABC060
2023-10-31 16:06:33,719 [HandlerDaemon-0] DEBUG raftlog.RaftLog (SegmentedRaftLog.java:appendImpl(463)) - truncateIndex=-1, arrayIndex=0
2023-10-31 16:06:33,719 [HandlerDaemon-2] DEBUG raftlog.RaftLog (SegmentedRaftLog.java:appendImpl(463)) - truncateIndex=-1, arrayIndex=0
2023-10-31 16:06:33,720 [s0@group-9A22CC0201A6-StateMachineUpdater] INFO  impl.SimpleStateMachine4Testing (SimpleStateMachine4Testing.java:applyTransaction(248)) - applyTransaction for log index 3
2023-10-31 16:06:33,720 [s0@group-9A22CC0201A6-StateMachineUpdater] INFO  impl.SimpleStateMachine4Testing (SimpleStateMachine4Testing.java:put(205)) - s0: put 3, m1 -> (t:1, i:3), STATEMACHINELOGENTRY, 257@client-F8E1CCABC060
2023-10-31 16:06:33,721 [HandlerDaemon-1] DEBUG raftlog.RaftLog (SegmentedRaftLog.java:appendImpl(463)) - truncateIndex=-1, arrayIndex=0
2023-10-31 16:06:33,721 [s2@group-9A22CC0201A6-StateMachineUpdater] INFO  impl.SimpleStateMachine4Testing (SimpleStateMachine4Testing.java:applyTransaction(248)) - applyTransaction for log index 1
2023-10-31 16:06:33,721 [s2@group-9A22CC0201A6-StateMachineUpdater] INFO  impl.SimpleStateMachine4Testing (SimpleStateMachine4Testing.java:put(205)) - s2: put 1, m0 -> (t:1, i:1), STATEMACHINELOGENTRY, 253@client-F8E1CCABC060
2023-10-31 16:06:33,722 [HandlerDaemon-0] DEBUG raftlog.RaftLog (SegmentedRaftLog.java:appendImpl(463)) - truncateIndex=-1, arrayIndex=0
2023-10-31 16:06:33,722 [s1@group-9A22CC0201A6-StateMachineUpdater] INFO  impl.SimpleStateMachine4Testing (SimpleStateMachine4Testing.java:applyTransaction(248)) - applyTransaction for log index 3
2023-10-31 16:06:33,723 [s1@group-9A22CC0201A6-StateMachineUpdater] INFO  impl.SimpleStateMachine4Testing (SimpleStateMachine4Testing.java:put(205)) - s1: put 3, m1 -> (t:1, i:3), STATEMACHINELOGENTRY, 257@client-F8E1CCABC060
2023-10-31 16:06:33,724 [s2@group-9A22CC0201A6-StateMachineUpdater] INFO  impl.SimpleStateMachine4Testing (SimpleStateMachine4Testing.java:applyTransaction(248)) - applyTransaction for log index 3
2023-10-31 16:06:33,725 [s2@group-9A22CC0201A6-StateMachineUpdater] INFO  impl.SimpleStateMachine4Testing (SimpleStateMachine4Testing.java:put(205)) - s2: put 3, m1 -> (t:1, i:3), STATEMACHINELOGENTRY, 257@client-F8E1CCABC060
2023-10-31 16:06:33,725 [HandlerDaemon-2] DEBUG raftlog.RaftLog (SegmentedRaftLog.java:appendImpl(463)) - truncateIndex=-1, arrayIndex=0
2023-10-31 16:06:33,726 [HandlerDaemon-1] DEBUG raftlog.RaftLog (SegmentedRaftLog.java:appendImpl(463)) - truncateIndex=-1, arrayIndex=0
2023-10-31 16:06:33,727 [s0@group-9A22CC0201A6-StateMachineUpdater] INFO  impl.SimpleStateMachine4Testing (SimpleStateMachine4Testing.java:applyTransaction(248)) - applyTransaction for log index 5
2023-10-31 16:06:33,727 [s0@group-9A22CC0201A6-StateMachineUpdater] INFO  impl.SimpleStateMachine4Testing (SimpleStateMachine4Testing.java:put(205)) - s0: put 5, m2 -> (t:1, i:5), STATEMACHINELOGENTRY, 262@client-F8E1CCABC060
2023-10-31 16:06:33,728 [HandlerDaemon-0] DEBUG raftlog.RaftLog (SegmentedRaftLog.java:appendImpl(463)) - truncateIndex=-1, arrayIndex=0
2023-10-31 16:06:33,729 [s1@group-9A22CC0201A6-StateMachineUpdater] INFO  impl.SimpleStateMachine4Testing (SimpleStateMachine4Testing.java:applyTransaction(248)) - applyTransaction for log index 5
2023-10-31 16:06:33,729 [s1@group-9A22CC0201A6-StateMachineUpdater] INFO  impl.SimpleStateMachine4Testing (SimpleStateMachine4Testing.java:put(205)) - s1: put 5, m2 -> (t:1, i:5), STATEMACHINELOGENTRY, 262@client-F8E1CCABC060
2023-10-31 16:06:33,730 [HandlerDaemon-1] DEBUG raftlog.RaftLog (SegmentedRaftLog.java:appendImpl(463)) - truncateIndex=-1, arrayIndex=0
2023-10-31 16:06:33,731 [HandlerDaemon-2] DEBUG raftlog.RaftLog (SegmentedRaftLog.java:appendImpl(463)) - truncateIndex=-1, arrayIndex=0
2023-10-31 16:06:33,732 [s0@group-9A22CC0201A6-StateMachineUpdater] INFO  impl.SimpleStateMachine4Testing (SimpleStateMachine4Testing.java:applyTransaction(248)) - applyTransaction for log index 7
2023-10-31 16:06:33,732 [s0@group-9A22CC0201A6-StateMachineUpdater] INFO  impl.SimpleStateMachine4Testing (SimpleStateMachine4Testing.java:put(205)) - s0: put 7, m3 -> (t:1, i:7), STATEMACHINELOGENTRY, 266@client-F8E1CCABC060
2023-10-31 16:06:33,733 [HandlerDaemon-2] DEBUG raftlog.RaftLog (SegmentedRaftLog.java:appendImpl(463)) - truncateIndex=-1, arrayIndex=0
2023-10-31 16:06:33,733 [s2@group-9A22CC0201A6-StateMachineUpdater] INFO  impl.SimpleStateMachine4Testing (SimpleStateMachine4Testing.java:applyTransaction(248)) - applyTransaction for log index 5
2023-10-31 16:06:33,734 [s2@group-9A22CC0201A6-StateMachineUpdater] INFO  impl.SimpleStateMachine4Testing (SimpleStateMachine4Testing.java:put(205)) - s2: put 5, m2 -> (t:1, i:5), STATEMACHINELOGENTRY, 262@client-F8E1CCABC060
2023-10-31 16:06:33,734 [s1@group-9A22CC0201A6-StateMachineUpdater] INFO  impl.SimpleStateMachine4Testing (SimpleStateMachine4Testing.java:applyTransaction(248)) - applyTransaction for log index 7
2023-10-31 16:06:33,734 [s1@group-9A22CC0201A6-StateMachineUpdater] INFO  impl.SimpleStateMachine4Testing (SimpleStateMachine4Testing.java:put(205)) - s1: put 7, m3 -> (t:1, i:7), STATEMACHINELOGENTRY, 266@client-F8E1CCABC060
2023-10-31 16:06:33,734 [HandlerDaemon-0] DEBUG raftlog.RaftLog (SegmentedRaftLog.java:appendImpl(463)) - truncateIndex=-1, arrayIndex=0
2023-10-31 16:06:33,735 [HandlerDaemon-0] DEBUG raftlog.RaftLog (SegmentedRaftLog.java:appendImpl(463)) - truncateIndex=-1, arrayIndex=0
2023-10-31 16:06:33,736 [s2@group-9A22CC0201A6-StateMachineUpdater] INFO  impl.SimpleStateMachine4Testing (SimpleStateMachine4Testing.java:applyTransaction(248)) - applyTransaction for log index 7
2023-10-31 16:06:33,736 [s2@group-9A22CC0201A6-StateMachineUpdater] INFO  impl.SimpleStateMachine4Testing (SimpleStateMachine4Testing.java:put(205)) - s2: put 7, m3 -> (t:1, i:7), STATEMACHINELOGENTRY, 266@client-F8E1CCABC060
2023-10-31 16:06:33,737 [s0@group-9A22CC0201A6-StateMachineUpdater] INFO  impl.SimpleStateMachine4Testing (SimpleStateMachine4Testing.java:applyTransaction(248)) - applyTransaction for log index 9
2023-10-31 16:06:33,737 [s0@group-9A22CC0201A6-StateMachineUpdater] INFO  impl.SimpleStateMachine4Testing (SimpleStateMachine4Testing.java:put(205)) - s0: put 9, m4 -> (t:1, i:9), STATEMACHINELOGENTRY, 270@client-F8E1CCABC060
2023-10-31 16:06:33,738 [HandlerDaemon-1] DEBUG raftlog.RaftLog (SegmentedRaftLog.java:appendImpl(463)) - truncateIndex=-1, arrayIndex=0
2023-10-31 16:06:33,739 [HandlerDaemon-1] DEBUG raftlog.RaftLog (SegmentedRaftLog.java:appendImpl(463)) - truncateIndex=-1, arrayIndex=0
2023-10-31 16:06:33,739 [s1@group-9A22CC0201A6-StateMachineUpdater] INFO  impl.SimpleStateMachine4Testing (SimpleStateMachine4Testing.java:applyTransaction(248)) - applyTransaction for log index 9
2023-10-31 16:06:33,739 [s1@group-9A22CC0201A6-StateMachineUpdater] INFO  impl.SimpleStateMachine4Testing (SimpleStateMachine4Testing.java:put(205)) - s1: put 9, m4 -> (t:1, i:9), STATEMACHINELOGENTRY, 270@client-F8E1CCABC060
2023-10-31 16:06:33,740 [s2@group-9A22CC0201A6-StateMachineUpdater] INFO  impl.SimpleStateMachine4Testing (SimpleStateMachine4Testing.java:applyTransaction(248)) - applyTransaction for log index 9
2023-10-31 16:06:33,740 [s2@group-9A22CC0201A6-StateMachineUpdater] INFO  impl.SimpleStateMachine4Testing (SimpleStateMachine4Testing.java:put(205)) - s2: put 9, m4 -> (t:1, i:9), STATEMACHINELOGENTRY, 270@client-F8E1CCABC060
2023-10-31 16:06:33,741 [HandlerDaemon-2] DEBUG raftlog.RaftLog (SegmentedRaftLog.java:appendImpl(463)) - truncateIndex=-1, arrayIndex=0
2023-10-31 16:06:33,742 [HandlerDaemon-2] DEBUG raftlog.RaftLog (SegmentedRaftLog.java:appendImpl(463)) - truncateIndex=-1, arrayIndex=0
2023-10-31 16:06:33,743 [s0@group-9A22CC0201A6-StateMachineUpdater] INFO  impl.SimpleStateMachine4Testing (SimpleStateMachine4Testing.java:applyTransaction(248)) - applyTransaction for log index 11
2023-10-31 16:06:33,743 [s0@group-9A22CC0201A6-StateMachineUpdater] INFO  impl.SimpleStateMachine4Testing (SimpleStateMachine4Testing.java:put(205)) - s0: put 11, m5 -> (t:1, i:11), STATEMACHINELOGENTRY, 275@client-F8E1CCABC060
2023-10-31 16:06:33,743 [HandlerDaemon-0] DEBUG raftlog.RaftLog (SegmentedRaftLog.java:appendImpl(463)) - truncateIndex=-1, arrayIndex=0
2023-10-31 16:06:33,744 [s1@group-9A22CC0201A6-StateMachineUpdater] INFO  impl.SimpleStateMachine4Testing (SimpleStateMachine4Testing.java:applyTransaction(248)) - applyTransaction for log index 11
2023-10-31 16:06:33,744 [s1@group-9A22CC0201A6-StateMachineUpdater] INFO  impl.SimpleStateMachine4Testing (SimpleStateMachine4Testing.java:put(205)) - s1: put 11, m5 -> (t:1, i:11), STATEMACHINELOGENTRY, 275@client-F8E1CCABC060
2023-10-31 16:06:33,745 [HandlerDaemon-0] DEBUG raftlog.RaftLog (SegmentedRaftLog.java:appendImpl(463)) - truncateIndex=-1, arrayIndex=0
2023-10-31 16:06:33,746 [HandlerDaemon-1] DEBUG raftlog.RaftLog (SegmentedRaftLog.java:appendImpl(463)) - truncateIndex=-1, arrayIndex=0
2023-10-31 16:06:33,747 [s2@group-9A22CC0201A6-StateMachineUpdater] INFO  impl.SimpleStateMachine4Testing (SimpleStateMachine4Testing.java:applyTransaction(248)) - applyTransaction for log index 11
2023-10-31 16:06:33,747 [s2@group-9A22CC0201A6-StateMachineUpdater] INFO  impl.SimpleStateMachine4Testing (SimpleStateMachine4Testing.java:put(205)) - s2: put 11, m5 -> (t:1, i:11), STATEMACHINELOGENTRY, 275@client-F8E1CCABC060
2023-10-31 16:06:33,747 [s0@group-9A22CC0201A6-StateMachineUpdater] INFO  impl.SimpleStateMachine4Testing (SimpleStateMachine4Testing.java:applyTransaction(248)) - applyTransaction for log index 13
2023-10-31 16:06:33,747 [s0@group-9A22CC0201A6-StateMachineUpdater] INFO  impl.SimpleStateMachine4Testing (SimpleStateMachine4Testing.java:put(205)) - s0: put 13, m6 -> (t:1, i:13), STATEMACHINELOGENTRY, 278@client-F8E1CCABC060
2023-10-31 16:06:33,748 [HandlerDaemon-1] DEBUG raftlog.RaftLog (SegmentedRaftLog.java:appendImpl(463)) - truncateIndex=-1, arrayIndex=0
2023-10-31 16:06:33,751 [s2@group-9A22CC0201A6-StateMachineUpdater] INFO  impl.SimpleStateMachine4Testing (SimpleStateMachine4Testing.java:applyTransaction(248)) - applyTransaction for log index 13
2023-10-31 16:06:33,751 [s2@group-9A22CC0201A6-StateMachineUpdater] INFO  impl.SimpleStateMachine4Testing (SimpleStateMachine4Testing.java:put(205)) - s2: put 13, m6 -> (t:1, i:13), STATEMACHINELOGENTRY, 278@client-F8E1CCABC060
2023-10-31 16:06:33,752 [HandlerDaemon-2] DEBUG raftlog.RaftLog (SegmentedRaftLog.java:appendImpl(463)) - truncateIndex=-1, arrayIndex=0
2023-10-31 16:06:33,753 [HandlerDaemon-2] DEBUG raftlog.RaftLog (SegmentedRaftLog.java:appendImpl(463)) - truncateIndex=-1, arrayIndex=0
2023-10-31 16:06:33,754 [s1@group-9A22CC0201A6-StateMachineUpdater] INFO  impl.SimpleStateMachine4Testing (SimpleStateMachine4Testing.java:applyTransaction(248)) - applyTransaction for log index 13
2023-10-31 16:06:33,754 [s1@group-9A22CC0201A6-StateMachineUpdater] INFO  impl.SimpleStateMachine4Testing (SimpleStateMachine4Testing.java:put(205)) - s1: put 13, m6 -> (t:1, i:13), STATEMACHINELOGENTRY, 278@client-F8E1CCABC060
2023-10-31 16:06:33,755 [s0@group-9A22CC0201A6-StateMachineUpdater] INFO  impl.SimpleStateMachine4Testing (SimpleStateMachine4Testing.java:applyTransaction(248)) - applyTransaction for log index 15
2023-10-31 16:06:33,755 [s0@group-9A22CC0201A6-StateMachineUpdater] INFO  impl.SimpleStateMachine4Testing (SimpleStateMachine4Testing.java:put(205)) - s0: put 15, m7 -> (t:1, i:15), STATEMACHINELOGENTRY, 282@client-F8E1CCABC060
2023-10-31 16:06:33,756 [HandlerDaemon-0] DEBUG raftlog.RaftLog (SegmentedRaftLog.java:appendImpl(463)) - truncateIndex=-1, arrayIndex=0
2023-10-31 16:06:33,756 [s1@group-9A22CC0201A6-StateMachineUpdater] INFO  impl.SimpleStateMachine4Testing (SimpleStateMachine4Testing.java:applyTransaction(248)) - applyTransaction for log index 15
2023-10-31 16:06:33,756 [HandlerDaemon-0] DEBUG raftlog.RaftLog (SegmentedRaftLog.java:appendImpl(463)) - truncateIndex=-1, arrayIndex=0
2023-10-31 16:06:33,756 [s1@group-9A22CC0201A6-StateMachineUpdater] INFO  impl.SimpleStateMachine4Testing (SimpleStateMachine4Testing.java:put(205)) - s1: put 15, m7 -> (t:1, i:15), STATEMACHINELOGENTRY, 282@client-F8E1CCABC060
2023-10-31 16:06:33,757 [s2@group-9A22CC0201A6-StateMachineUpdater] INFO  impl.SimpleStateMachine4Testing (SimpleStateMachine4Testing.java:applyTransaction(248)) - applyTransaction for log index 15
2023-10-31 16:06:33,757 [s2@group-9A22CC0201A6-StateMachineUpdater] INFO  impl.SimpleStateMachine4Testing (SimpleStateMachine4Testing.java:put(205)) - s2: put 15, m7 -> (t:1, i:15), STATEMACHINELOGENTRY, 282@client-F8E1CCABC060
2023-10-31 16:06:33,759 [HandlerDaemon-1] DEBUG raftlog.RaftLog (SegmentedRaftLog.java:appendImpl(463)) - truncateIndex=-1, arrayIndex=0
2023-10-31 16:06:33,760 [HandlerDaemon-1] DEBUG raftlog.RaftLog (SegmentedRaftLog.java:appendImpl(463)) - truncateIndex=-1, arrayIndex=0
2023-10-31 16:06:33,761 [s0@group-9A22CC0201A6-StateMachineUpdater] INFO  impl.SimpleStateMachine4Testing (SimpleStateMachine4Testing.java:applyTransaction(248)) - applyTransaction for log index 17
2023-10-31 16:06:33,761 [s0@group-9A22CC0201A6-StateMachineUpdater] INFO  impl.SimpleStateMachine4Testing (SimpleStateMachine4Testing.java:put(205)) - s0: put 17, m8 -> (t:1, i:17), STATEMACHINELOGENTRY, 288@client-F8E1CCABC060
2023-10-31 16:06:33,762 [HandlerDaemon-2] DEBUG raftlog.RaftLog (SegmentedRaftLog.java:appendImpl(463)) - truncateIndex=-1, arrayIndex=0
2023-10-31 16:06:33,763 [s1@group-9A22CC0201A6-StateMachineUpdater] INFO  impl.SimpleStateMachine4Testing (SimpleStateMachine4Testing.java:applyTransaction(248)) - applyTransaction for log index 17
2023-10-31 16:06:33,763 [s1@group-9A22CC0201A6-StateMachineUpdater] INFO  impl.SimpleStateMachine4Testing (SimpleStateMachine4Testing.java:put(205)) - s1: put 17, m8 -> (t:1, i:17), STATEMACHINELOGENTRY, 288@client-F8E1CCABC060
2023-10-31 16:06:33,763 [HandlerDaemon-2] DEBUG raftlog.RaftLog (SegmentedRaftLog.java:appendImpl(463)) - truncateIndex=-1, arrayIndex=0
2023-10-31 16:06:33,763 [HandlerDaemon-0] DEBUG raftlog.RaftLog (SegmentedRaftLog.java:appendImpl(463)) - truncateIndex=-1, arrayIndex=0
2023-10-31 16:06:33,764 [s2@group-9A22CC0201A6-StateMachineUpdater] INFO  impl.SimpleStateMachine4Testing (SimpleStateMachine4Testing.java:applyTransaction(248)) - applyTransaction for log index 17
2023-10-31 16:06:33,764 [s2@group-9A22CC0201A6-StateMachineUpdater] INFO  impl.SimpleStateMachine4Testing (SimpleStateMachine4Testing.java:put(205)) - s2: put 17, m8 -> (t:1, i:17), STATEMACHINELOGENTRY, 288@client-F8E1CCABC060
2023-10-31 16:06:33,765 [s0@group-9A22CC0201A6-StateMachineUpdater] INFO  impl.SimpleStateMachine4Testing (SimpleStateMachine4Testing.java:applyTransaction(248)) - applyTransaction for log index 19
2023-10-31 16:06:33,765 [s0@group-9A22CC0201A6-StateMachineUpdater] INFO  impl.SimpleStateMachine4Testing (SimpleStateMachine4Testing.java:put(205)) - s0: put 19, m9 -> (t:1, i:19), STATEMACHINELOGENTRY, 291@client-F8E1CCABC060
2023-10-31 16:06:33,765 [HandlerDaemon-0] DEBUG raftlog.RaftLog (SegmentedRaftLog.java:appendImpl(463)) - truncateIndex=-1, arrayIndex=0
2023-10-31 16:06:33,766 [Time-limited test] INFO  simulation.TestServerRestartWithSimulatedRpc (ServerRestartTests.java:runTestRestartFollower(102)) - Restart follower s1
2023-10-31 16:06:33,766 [HandlerDaemon-1] DEBUG raftlog.RaftLog (SegmentedRaftLog.java:appendImpl(463)) - truncateIndex=-1, arrayIndex=0
2023-10-31 16:06:33,766 [Time-limited test] INFO  impl.MiniRaftCluster (MiniRaftCluster.java:killServer(533)) - killServer s1
2023-10-31 16:06:33,766 [Time-limited test] INFO  server.RaftServer (RaftServerProxy.java:lambda$close$9(416)) - s1: close
2023-10-31 16:06:33,766 [s1-impl-thread1] INFO  server.RaftServer$Division (RaftServerImpl.java:lambda$close$3(514)) - s1@group-9A22CC0201A6: shutdown
2023-10-31 16:06:33,766 [s1-impl-thread1] INFO  util.JmxRegister (JmxRegister.java:unregister(73)) - Successfully un-registered JMX Bean with object name Ratis:service=RaftServer,group=group-9A22CC0201A6,id=s1
2023-10-31 16:06:33,766 [s1-impl-thread1] INFO  impl.RoleInfo (RoleInfo.java:shutdownFollowerState(109)) - s1: shutdown s1@group-9A22CC0201A6-FollowerState
2023-10-31 16:06:33,766 [s1-impl-thread1] INFO  impl.StateMachineUpdater (StateMachineUpdater.java:stopAndJoin(157)) - s1@group-9A22CC0201A6-StateMachineUpdater: set stopIndex = 17
2023-10-31 16:06:33,766 [HandlerDaemon-0] INFO  simulation.RequestHandler (RequestHandler.java:run(127)) - s1.clientHandler0 is interrupted by java.io.InterruptedIOException: 
2023-10-31 16:06:33,767 [HandlerDaemon-1] INFO  simulation.RequestHandler (RequestHandler.java:run(127)) - s1.clientHandler1 is interrupted by java.io.InterruptedIOException: 
2023-10-31 16:06:33,767 [HandlerDaemon-2] INFO  simulation.RequestHandler (RequestHandler.java:run(127)) - s1.clientHandler2 is interrupted by java.io.InterruptedIOException: 
2023-10-31 16:06:33,767 [s1@group-9A22CC0201A6-FollowerState] INFO  impl.FollowerState (FollowerState.java:run(152)) - s1@group-9A22CC0201A6-FollowerState was interrupted
2023-10-31 16:06:33,767 [s1-impl-thread1] INFO  server.RaftServer$Division (ServerState.java:close(423)) - s1@group-9A22CC0201A6: applyIndex: 17
2023-10-31 16:06:33,768 [s1@group-9A22CC0201A6-cacheEviction-AwaitToRun] INFO  util.AwaitToRun (AwaitToRun.java:run(49)) - s1@group-9A22CC0201A6-cacheEviction-AwaitToRun-AwaitForSignal is interrupted
2023-10-31 16:06:33,768 [s1@group-9A22CC0201A6-SegmentedRaftLogWorker] INFO  segmented.SegmentedRaftLogWorker (SegmentedRaftLogWorker.java:run(337)) - s1@group-9A22CC0201A6-SegmentedRaftLogWorker got closed and hit exception
java.lang.NullPointerException
	at org.apache.ratis.server.raftlog.segmented.SegmentedRaftLogOutputStream.write(SegmentedRaftLogOutputStream.java:102)
	at org.apache.ratis.server.raftlog.segmented.SegmentedRaftLogWorker$WriteLog.execute(SegmentedRaftLogWorker.java:544)
	at org.apache.ratis.server.raftlog.segmented.SegmentedRaftLogWorker.run(SegmentedRaftLogWorker.java:305)
	at java.base/java.util.concurrent.Executors$RunnableAdapter.call(Executors.java:515)
	at java.base/java.util.concurrent.FutureTask.run(FutureTask.java:264)
	at java.base/java.util.concurrent.ThreadPoolExecutor.runWorker(ThreadPoolExecutor.java:1128)
	at java.base/java.util.concurrent.ThreadPoolExecutor$Worker.run(ThreadPoolExecutor.java:628)
	at java.base/java.lang.Thread.run(Thread.java:829)
2023-10-31 16:06:33,769 [s1-impl-thread1] INFO  segmented.SegmentedRaftLogWorker (SegmentedRaftLogWorker.java:close(243)) - s1@group-9A22CC0201A6-SegmentedRaftLogWorker close()
2023-10-31 16:06:33,770 [s2@group-9A22CC0201A6-StateMachineUpdater] INFO  impl.SimpleStateMachine4Testing (SimpleStateMachine4Testing.java:applyTransaction(248)) - applyTransaction for log index 19
2023-10-31 16:06:33,770 [s2@group-9A22CC0201A6-StateMachineUpdater] INFO  impl.SimpleStateMachine4Testing (SimpleStateMachine4Testing.java:put(205)) - s2: put 19, m9 -> (t:1, i:19), STATEMACHINELOGENTRY, 291@client-F8E1CCABC060
2023-10-31 16:06:33,773 [HandlerDaemon-2] INFO  simulation.RequestHandler (RequestHandler.java:run(127)) - s1.serverHandler2 is interrupted by java.io.InterruptedIOException: 
2023-10-31 16:06:33,773 [HandlerDaemon-0] INFO  simulation.RequestHandler (RequestHandler.java:run(127)) - s1.serverHandler0 is interrupted by java.io.InterruptedIOException: 
2023-10-31 16:06:34,774 [JvmPauseMonitor36] INFO  util.JvmPauseMonitor (JvmPauseMonitor.java:run(152)) - JvmPauseMonitor-s1: Stopped
2023-10-31 16:06:34,774 [Time-limited test] INFO  impl.MiniRaftCluster (MiniRaftCluster.java:newRaftServer(382)) - newRaftServer: s1, group-9A22CC0201A6:[s0|localhost:38363, s1|localhost:38375, s2|localhost:35419], format? false
2023-10-31 16:06:34,774 [Time-limited test] INFO  server.RaftServer (ConfUtils.java:logGet(46)) - raft.rpc.type = org.apache.ratis.server.simulation.SimulatedRpc (custom)
2023-10-31 16:06:34,775 [Time-limited test] INFO  impl.DataStreamServerImpl (ConfUtils.java:logGet(46)) - raft.datastream.type = DISABLED (default)
2023-10-31 16:06:34,775 [Time-limited test] INFO  server.RaftServerConfigKeys (ConfUtils.java:logGet(46)) - raft.server.sleep.deviation.threshold = 300ms (default)
2023-10-31 16:06:34,775 [Time-limited test] INFO  server.RaftServerConfigKeys (ConfUtils.java:logGet(46)) - raft.server.close.threshold = 60s (default)
2023-10-31 16:06:34,775 [Time-limited test] INFO  server.RaftServerConfigKeys (ConfUtils.java:logGet(46)) - raft.server.leaderelection.leader.step-down.wait-time = 10s (default)
2023-10-31 16:06:34,775 [Time-limited test] INFO  server.RaftServerConfigKeys (ConfUtils.java:logGet(46)) - raft.server.storage.dir = [/home/runner/work/ratis/ratis/ratis-test/target/test/data/3084f93d/MiniRaftClusterWithSimulatedRpc1b4834f/s1] (custom)
2023-10-31 16:06:34,775 [Time-limited test] INFO  server.RaftServerConfigKeys (ConfUtils.java:logGet(46)) - raft.server.threadpool.proxy.cached = true (default)
2023-10-31 16:06:34,775 [Time-limited test] INFO  server.RaftServerConfigKeys (ConfUtils.java:logGet(46)) - raft.server.threadpool.proxy.size = 0 (default)
2023-10-31 16:06:34,776 [s1-impl-thread1] INFO  server.RaftServer (RaftServerProxy.java:initGroupDir(264)) - s1: found a subdirectory /home/runner/work/ratis/ratis/ratis-test/target/test/data/3084f93d/MiniRaftClusterWithSimulatedRpc1b4834f/s1/8ee38002-8325-4009-9ac6-9a22cc0201a6
2023-10-31 16:06:34,776 [Time-limited test] INFO  server.RaftServer (RaftServerProxy.java:addNew(100)) - s1: addNew group-9A22CC0201A6:[s0|localhost:38363, s1|localhost:38375, s2|localhost:35419] returns group-9A22CC0201A6:java.util.concurrent.CompletableFuture@383d314a[Not completed]
2023-10-31 16:06:34,776 [s1-groupManagement] INFO  server.RaftServerConfigKeys (ConfUtils.java:logGet(46)) - raft.server.log.segment.size.max = 32MB (=33554432) (default)
2023-10-31 16:06:34,776 [s1-groupManagement] INFO  server.RaftServerConfigKeys (ConfUtils.java:logGet(46)) - raft.server.log.preallocated.size = 4MB (=4194304) (default)
2023-10-31 16:06:34,776 [s1-groupManagement] INFO  server.RaftServerConfigKeys (ConfUtils.java:logGet(46)) - raft.server.log.write.buffer.size = 64KB (=65536) (default)
2023-10-31 16:06:34,777 [s1-groupManagement] INFO  server.RaftServer$Division (RaftServerImpl.java:<init>(255)) - s1: new RaftServerImpl for group-9A22CC0201A6:[s0|localhost:38363, s1|localhost:38375, s2|localhost:35419] with SimpleStateMachine4Testing:uninitialized
2023-10-31 16:06:34,777 [s1-groupManagement] INFO  server.RaftServerConfigKeys (ConfUtils.java:logGet(46)) - raft.server.rpc.timeout.min = 150ms (default)
2023-10-31 16:06:34,777 [s1-groupManagement] INFO  server.RaftServerConfigKeys (ConfUtils.java:logGet(46)) - raft.server.rpc.timeout.max = 300ms (default)
2023-10-31 16:06:34,777 [s1-groupManagement] INFO  server.RaftServerConfigKeys (ConfUtils.java:logGet(46)) - raft.server.rpc.sleep.time = 25ms (default)
2023-10-31 16:06:34,777 [s1-groupManagement] INFO  server.RaftServerConfigKeys (ConfUtils.java:logGet(46)) - raft.server.rpc.slowness.timeout = 60s (default)
2023-10-31 16:06:34,777 [s1-groupManagement] INFO  server.RaftServerConfigKeys (ConfUtils.java:logGet(46)) - raft.server.leaderelection.leader.step-down.wait-time = 10s (default)
2023-10-31 16:06:34,777 [s1-groupManagement] INFO  server.RaftServerConfigKeys (ConfUtils.java:logGet(46)) - raft.server.sleep.deviation.threshold = 300ms (default)
2023-10-31 16:06:34,777 [s1-groupManagement] INFO  server.RaftServer$Division (ServerState.java:<init>(113)) - s1@group-9A22CC0201A6: ConfigurationManager, init=-1: peers:[s0|localhost:38363, s1|localhost:38375, s2|localhost:35419]|listeners:[], old=null, confs=<EMPTY_MAP>
2023-10-31 16:06:34,777 [s1-groupManagement] INFO  server.RaftServerConfigKeys (ConfUtils.java:logGet(46)) - raft.server.notification.no-leader.timeout = 60s (default)
2023-10-31 16:06:34,777 [s1-groupManagement] INFO  server.RaftServerConfigKeys (ConfUtils.java:logGet(46)) - raft.server.read.timeout = 10s (default)
2023-10-31 16:06:34,777 [s1-groupManagement] INFO  server.RaftServerConfigKeys (ConfUtils.java:logGet(46)) - raft.server.retrycache.expirytime = 60s (default)
2023-10-31 16:06:34,777 [s1-groupManagement] INFO  server.RaftServerConfigKeys (ConfUtils.java:logGet(46)) - raft.server.retrycache.statistics.expirytime = 100μs (default)
2023-10-31 16:06:34,777 [s1-groupManagement] INFO  server.RaftServerConfigKeys (ConfUtils.java:logGet(46)) - raft.server.read.option = DEFAULT (default)
2023-10-31 16:06:34,777 [s1-groupManagement] INFO  server.RaftServerConfigKeys (ConfUtils.java:logGet(46)) - raft.server.read.read-after-write-consistent.write-index-cache.expiry-time = 60s (default)
2023-10-31 16:06:34,778 [s1-groupManagement] INFO  server.RaftServerConfigKeys (ConfUtils.java:logGet(46)) - raft.server.rpc.request.timeout = 3000ms (default)
2023-10-31 16:06:34,778 [s1-groupManagement] INFO  server.RaftServerConfigKeys (ConfUtils.java:logGet(46)) - raft.server.log.appender.install.snapshot.enabled = true (default)
2023-10-31 16:06:34,778 [s1-groupManagement] INFO  server.RaftServerConfigKeys (ConfUtils.java:logGet(46)) - raft.server.threadpool.server.cached = true (default)
2023-10-31 16:06:34,778 [s1-groupManagement] INFO  server.RaftServerConfigKeys (ConfUtils.java:logGet(46)) - raft.server.threadpool.server.size = 0 (default)
2023-10-31 16:06:34,778 [s1-groupManagement] INFO  server.RaftServerConfigKeys (ConfUtils.java:logGet(46)) - raft.server.threadpool.client.cached = true (default)
2023-10-31 16:06:34,778 [s1-groupManagement] INFO  server.RaftServerConfigKeys (ConfUtils.java:logGet(46)) - raft.server.threadpool.client.size = 0 (default)
2023-10-31 16:06:34,779 [s1-impl-thread1] INFO  server.RaftServerConfigKeys (ConfUtils.java:logGet(46)) - raft.server.storage.free-space.min = 0MB (=0) (default)
2023-10-31 16:06:34,779 [s1-impl-thread1] INFO  server.RaftServerConfigKeys (ConfUtils.java:logGet(46)) - raft.server.log.corruption.policy = EXCEPTION (default)
2023-10-31 16:06:34,779 [s1-impl-thread1] INFO  server.RaftServerConfigKeys (ConfUtils.java:logGet(46)) - raft.server.storage.dir = [/home/runner/work/ratis/ratis/ratis-test/target/test/data/3084f93d/MiniRaftClusterWithSimulatedRpc1b4834f/s1] (custom)
2023-10-31 16:06:34,781 [s1-impl-thread1] INFO  storage.RaftStorageDirectory (RaftStorageDirectoryImpl.java:tryLock(232)) - Lock on /home/runner/work/ratis/ratis/ratis-test/target/test/data/3084f93d/MiniRaftClusterWithSimulatedRpc1b4834f/s1/8ee38002-8325-4009-9ac6-9a22cc0201a6/in_use.lock acquired by nodename 3366@fv-az462-937
2023-10-31 16:06:34,781 [s1-impl-thread1] INFO  storage.RaftStorage (RaftStorageImpl.java:analyzeAndRecoverStorage(117)) - Read RaftStorageMetadata{term=1, votedFor=s0} from /home/runner/work/ratis/ratis/ratis-test/target/test/data/3084f93d/MiniRaftClusterWithSimulatedRpc1b4834f/s1/8ee38002-8325-4009-9ac6-9a22cc0201a6/current/raft-meta
2023-10-31 16:06:34,782 [s1-impl-thread1] INFO  server.RaftServer$Division (ServerState.java:setRaftConf(382)) - s1@group-9A22CC0201A6: set configuration 0: peers:[s0|localhost:38363, s1|localhost:38375, s2|localhost:35419]|listeners:[], old=null
2023-10-31 16:06:34,782 [s1-impl-thread1] INFO  impl.SimpleStateMachine4Testing (SimpleStateMachine4Testing.java:initialize(213)) - Initializing SimpleStateMachine4Testing:uninitialized
2023-10-31 16:06:34,782 [s1-impl-thread1] INFO  impl.SimpleStateMachine4Testing (SimpleStateMachine4Testing.java:loadSnapshot(296)) - Loading snapshot null
2023-10-31 16:06:34,782 [s1-impl-thread1] INFO  server.RaftServerConfigKeys (ConfUtils.java:logGet(46)) - raft.server.log.use.memory = false (default)
2023-10-31 16:06:34,783 [s1-impl-thread1] INFO  server.RaftServerConfigKeys (ConfUtils.java:logGet(46)) - raft.server.log.purge.gap = 1024 (default)
2023-10-31 16:06:34,783 [s1-impl-thread1] INFO  server.RaftServerConfigKeys (ConfUtils.java:logGet(46)) - raft.server.log.appender.buffer.byte-limit = 4MB (=4194304) (default)
2023-10-31 16:06:34,783 [s1-impl-thread1] INFO  server.RaftServerConfigKeys (ConfUtils.java:logGet(46)) - raft.server.log.statemachine.data.read.timeout = 1000ms (default)
2023-10-31 16:06:34,783 [s1-impl-thread1] INFO  server.RaftServerConfigKeys (ConfUtils.java:logGet(46)) - raft.server.log.purge.preservation.log.num = 0 (default)
2023-10-31 16:06:34,783 [s1-impl-thread1] INFO  server.RaftServerConfigKeys (ConfUtils.java:logGet(46)) - raft.server.log.segment.size.max = 8KB (=8192) (custom)
2023-10-31 16:06:34,783 [s1-impl-thread1] INFO  server.RaftServerConfigKeys (ConfUtils.java:logGet(46)) - raft.server.log.segment.cache.num.max = 6 (default)
2023-10-31 16:06:34,783 [s1-impl-thread1] INFO  server.RaftServerConfigKeys (ConfUtils.java:logGet(46)) - raft.server.log.segment.cache.size.max = 200MB (=209715200) (default)
2023-10-31 16:06:34,783 [s1-impl-thread1] INFO  server.RaftServerConfigKeys (ConfUtils.java:logGet(46)) - raft.server.log.appender.buffer.byte-limit = 4MB (=4194304) (default)
2023-10-31 16:06:34,784 [s1-impl-thread1] INFO  util.AwaitToRun (AwaitToRun.java:start(81)) - Thread[s1@group-9A22CC0201A6-cacheEviction-AwaitToRun,5,main] started
2023-10-31 16:06:34,784 [s1-impl-thread1] INFO  segmented.SegmentedRaftLogWorker (SegmentedRaftLogWorker.java:<init>(184)) - new s1@group-9A22CC0201A6-SegmentedRaftLogWorker for RaftStorageImpl:Storage Directory /home/runner/work/ratis/ratis/ratis-test/target/test/data/3084f93d/MiniRaftClusterWithSimulatedRpc1b4834f/s1/8ee38002-8325-4009-9ac6-9a22cc0201a6
2023-10-31 16:06:34,784 [s1-impl-thread1] INFO  server.RaftServerConfigKeys (ConfUtils.java:logGet(46)) - raft.server.log.queue.byte-limit = 64MB (=67108864) (default)
2023-10-31 16:06:34,784 [s1-impl-thread1] INFO  server.RaftServerConfigKeys (ConfUtils.java:logGet(46)) - raft.server.log.queue.element-limit = 4096 (default)
2023-10-31 16:06:34,784 [s1-impl-thread1] INFO  server.RaftServerConfigKeys (ConfUtils.java:logGet(46)) - raft.server.log.segment.size.max = 8KB (=8192) (custom)
2023-10-31 16:06:34,784 [s1-impl-thread1] INFO  server.RaftServerConfigKeys (ConfUtils.java:logGet(46)) - raft.server.log.preallocated.size = 4MB (=4194304) (default)
2023-10-31 16:06:34,784 [s1-impl-thread1] INFO  server.RaftServerConfigKeys (ConfUtils.java:logGet(46)) - raft.server.log.force.sync.num = 128 (default)
2023-10-31 16:06:34,784 [s1-impl-thread1] INFO  server.RaftServerConfigKeys (ConfUtils.java:logGet(46)) - raft.server.log.statemachine.data.sync = true (default)
2023-10-31 16:06:34,784 [s1-impl-thread1] INFO  server.RaftServerConfigKeys (ConfUtils.java:logGet(46)) - raft.server.log.statemachine.data.sync.timeout = 10s (default)
2023-10-31 16:06:34,784 [s1-impl-thread1] INFO  server.RaftServerConfigKeys (ConfUtils.java:logGet(46)) - raft.server.log.statemachine.data.sync.timeout.retry = -1 (default)
2023-10-31 16:06:34,784 [s1-impl-thread1] INFO  server.RaftServerConfigKeys (ConfUtils.java:logGet(46)) - raft.server.log.write.buffer.size = 64KB (=65536) (default)
2023-10-31 16:06:34,785 [s1-impl-thread1] INFO  server.RaftServerConfigKeys (ConfUtils.java:logGet(46)) - raft.server.log.appender.buffer.byte-limit = 4MB (=4194304) (default)
2023-10-31 16:06:34,786 [s1-impl-thread1] INFO  server.RaftServerConfigKeys (ConfUtils.java:logGet(46)) - raft.server.log.unsafe-flush.enabled = false (default)
2023-10-31 16:06:34,786 [s1-impl-thread1] INFO  server.RaftServerConfigKeys (ConfUtils.java:logGet(46)) - raft.server.log.async-flush.enabled = false (default)
2023-10-31 16:06:34,786 [s1-impl-thread1] INFO  server.RaftServerConfigKeys (ConfUtils.java:logGet(46)) - raft.server.log.statemachine.data.caching.enabled = false (default)
2023-10-31 16:06:34,787 [s1-impl-thread1] INFO  server.RaftServer$Division (ServerState.java:setRaftConf(382)) - s1@group-9A22CC0201A6: set configuration 0: peers:[s0|localhost:38363, s1|localhost:38375, s2|localhost:35419]|listeners:[], old=null
2023-10-31 16:06:34,787 [s1-impl-thread1] INFO  segmented.LogSegment (LogSegment.java:loadSegment(170)) - Successfully read 20 entries from segment file /home/runner/work/ratis/ratis/ratis-test/target/test/data/3084f93d/MiniRaftClusterWithSimulatedRpc1b4834f/s1/8ee38002-8325-4009-9ac6-9a22cc0201a6/current/log_inprogress_0
2023-10-31 16:06:34,787 [s1-impl-thread1] INFO  segmented.SegmentedRaftLogWorker (SegmentedRaftLogWorker.java:lambda$new$0(135)) - s1@group-9A22CC0201A6-SegmentedRaftLogWorker: flushIndex: setUnconditionally 0 -> 19
2023-10-31 16:06:34,787 [s1-impl-thread1] INFO  segmented.SegmentedRaftLogWorker (SegmentedRaftLogWorker.java:lambda$new$0(135)) - s1@group-9A22CC0201A6-SegmentedRaftLogWorker: safeCacheEvictIndex: setUnconditionally 0 -> -1
2023-10-31 16:06:34,790 [s1-impl-thread1] INFO  raftlog.RaftLog (RaftLogBase.java:lambda$new$0(54)) - s1@group-9A22CC0201A6-SegmentedRaftLog: commitIndex: updateToMax old=-1, new=17, updated? true
2023-10-31 16:06:34,793 [s1-impl-thread1] INFO  server.RaftServer$Division (RaftServerImpl.java:start(390)) - s1@group-9A22CC0201A6: start as a follower, conf=0: peers:[s0|localhost:38363, s1|localhost:38375, s2|localhost:35419]|listeners:[], old=null
2023-10-31 16:06:34,793 [s1-impl-thread1] INFO  server.RaftServer$Division (RaftServerImpl.java:setRole(377)) - s1@group-9A22CC0201A6: changes role from      null to FOLLOWER at term 1 for startAsFollower
2023-10-31 16:06:34,793 [s1-impl-thread1] INFO  impl.RoleInfo (RoleInfo.java:updateAndGet(138)) - s1: start s1@group-9A22CC0201A6-FollowerState
2023-10-31 16:06:34,794 [s1-impl-thread1] INFO  util.JmxRegister (JmxRegister.java:tryRegister(44)) - Successfully registered JMX Bean with object name Ratis:service=RaftServer,group=group-9A22CC0201A6,id=s1
2023-10-31 16:06:34,794 [s1-impl-thread1] INFO  server.RaftServerConfigKeys (ConfUtils.java:logGet(46)) - raft.server.snapshot.trigger-when-stop.enabled = true (default)
2023-10-31 16:06:34,794 [s1-impl-thread1] INFO  server.RaftServerConfigKeys (ConfUtils.java:logGet(46)) - raft.server.snapshot.auto.trigger.enabled = false (default)
2023-10-31 16:06:34,794 [s1-impl-thread1] INFO  server.RaftServerConfigKeys (ConfUtils.java:logGet(46)) - raft.server.snapshot.retention.file.num = -1 (default)
2023-10-31 16:06:34,794 [s1-impl-thread1] INFO  server.RaftServerConfigKeys (ConfUtils.java:logGet(46)) - raft.server.log.purge.upto.snapshot.index = false (default)
2023-10-31 16:06:34,795 [s1@group-9A22CC0201A6-FollowerState] INFO  server.RaftServerConfigKeys (ConfUtils.java:logFallback(53)) - raft.server.rpc.first-election.timeout.min = 150ms (fallback to raft.server.rpc.timeout.min)
2023-10-31 16:06:34,795 [s1@group-9A22CC0201A6-FollowerState] INFO  server.RaftServerConfigKeys (ConfUtils.java:logFallback(53)) - raft.server.rpc.first-election.timeout.max = 300ms (fallback to raft.server.rpc.timeout.max)
2023-10-31 16:06:34,795 [Time-limited test] INFO  server.RaftServer (RaftServerProxy.java:startImpl(406)) - s1: start RPC server
2023-10-31 16:06:34,796 [s1@group-9A22CC0201A6-StateMachineUpdater] INFO  impl.SimpleStateMachine4Testing (SimpleStateMachine4Testing.java:applyTransaction(248)) - applyTransaction for log index 1
2023-10-31 16:06:34,798 [s1@group-9A22CC0201A6-StateMachineUpdater] INFO  impl.SimpleStateMachine4Testing (SimpleStateMachine4Testing.java:put(205)) - s1: put 1, m0 -> (t:1, i:1), STATEMACHINELOGENTRY, 253@client-F8E1CCABC060
2023-10-31 16:06:34,799 [s1@group-9A22CC0201A6-StateMachineUpdater] INFO  impl.SimpleStateMachine4Testing (SimpleStateMachine4Testing.java:applyTransaction(248)) - applyTransaction for log index 3
2023-10-31 16:06:34,799 [s1@group-9A22CC0201A6-StateMachineUpdater] INFO  impl.SimpleStateMachine4Testing (SimpleStateMachine4Testing.java:put(205)) - s1: put 3, m1 -> (t:1, i:3), STATEMACHINELOGENTRY, 257@client-F8E1CCABC060
2023-10-31 16:06:34,799 [s1@group-9A22CC0201A6-StateMachineUpdater] INFO  impl.SimpleStateMachine4Testing (SimpleStateMachine4Testing.java:applyTransaction(248)) - applyTransaction for log index 5
2023-10-31 16:06:34,799 [s1@group-9A22CC0201A6-StateMachineUpdater] INFO  impl.SimpleStateMachine4Testing (SimpleStateMachine4Testing.java:put(205)) - s1: put 5, m2 -> (t:1, i:5), STATEMACHINELOGENTRY, 262@client-F8E1CCABC060
2023-10-31 16:06:34,800 [s1@group-9A22CC0201A6-StateMachineUpdater] INFO  impl.SimpleStateMachine4Testing (SimpleStateMachine4Testing.java:applyTransaction(248)) - applyTransaction for log index 7
2023-10-31 16:06:34,800 [s1@group-9A22CC0201A6-StateMachineUpdater] INFO  impl.SimpleStateMachine4Testing (SimpleStateMachine4Testing.java:put(205)) - s1: put 7, m3 -> (t:1, i:7), STATEMACHINELOGENTRY, 266@client-F8E1CCABC060
2023-10-31 16:06:34,800 [s1@group-9A22CC0201A6-StateMachineUpdater] INFO  impl.SimpleStateMachine4Testing (SimpleStateMachine4Testing.java:applyTransaction(248)) - applyTransaction for log index 9
2023-10-31 16:06:34,800 [s1@group-9A22CC0201A6-StateMachineUpdater] INFO  impl.SimpleStateMachine4Testing (SimpleStateMachine4Testing.java:put(205)) - s1: put 9, m4 -> (t:1, i:9), STATEMACHINELOGENTRY, 270@client-F8E1CCABC060
2023-10-31 16:06:34,800 [s1@group-9A22CC0201A6-StateMachineUpdater] INFO  impl.SimpleStateMachine4Testing (SimpleStateMachine4Testing.java:applyTransaction(248)) - applyTransaction for log index 11
2023-10-31 16:06:34,801 [s1@group-9A22CC0201A6-StateMachineUpdater] INFO  impl.SimpleStateMachine4Testing (SimpleStateMachine4Testing.java:put(205)) - s1: put 11, m5 -> (t:1, i:11), STATEMACHINELOGENTRY, 275@client-F8E1CCABC060
2023-10-31 16:06:34,801 [s1@group-9A22CC0201A6-StateMachineUpdater] INFO  impl.SimpleStateMachine4Testing (SimpleStateMachine4Testing.java:applyTransaction(248)) - applyTransaction for log index 13
2023-10-31 16:06:34,801 [s1@group-9A22CC0201A6-StateMachineUpdater] INFO  impl.SimpleStateMachine4Testing (SimpleStateMachine4Testing.java:put(205)) - s1: put 13, m6 -> (t:1, i:13), STATEMACHINELOGENTRY, 278@client-F8E1CCABC060
2023-10-31 16:06:34,802 [s1@group-9A22CC0201A6-StateMachineUpdater] INFO  impl.SimpleStateMachine4Testing (SimpleStateMachine4Testing.java:applyTransaction(248)) - applyTransaction for log index 15
2023-10-31 16:06:34,802 [s1@group-9A22CC0201A6-StateMachineUpdater] INFO  impl.SimpleStateMachine4Testing (SimpleStateMachine4Testing.java:put(205)) - s1: put 15, m7 -> (t:1, i:15), STATEMACHINELOGENTRY, 282@client-F8E1CCABC060
2023-10-31 16:06:34,802 [s1@group-9A22CC0201A6-StateMachineUpdater] INFO  impl.SimpleStateMachine4Testing (SimpleStateMachine4Testing.java:applyTransaction(248)) - applyTransaction for log index 17
2023-10-31 16:06:34,802 [s1@group-9A22CC0201A6-StateMachineUpdater] INFO  impl.SimpleStateMachine4Testing (SimpleStateMachine4Testing.java:put(205)) - s1: put 17, m8 -> (t:1, i:17), STATEMACHINELOGENTRY, 288@client-F8E1CCABC060
2023-10-31 16:06:34,805 [HandlerDaemon-2] DEBUG raftlog.RaftLog (SegmentedRaftLog.java:appendImpl(463)) - truncateIndex=-1, arrayIndex=0
2023-10-31 16:06:34,806 [s0@group-9A22CC0201A6-StateMachineUpdater] INFO  impl.SimpleStateMachine4Testing (SimpleStateMachine4Testing.java:applyTransaction(248)) - applyTransaction for log index 21
2023-10-31 16:06:34,806 [s0@group-9A22CC0201A6-StateMachineUpdater] INFO  impl.SimpleStateMachine4Testing (SimpleStateMachine4Testing.java:put(205)) - s0: put 21, m10 -> (t:1, i:21), STATEMACHINELOGENTRY, 323@client-226661BBA0EF
2023-10-31 16:06:34,807 [JvmPauseMonitor38] INFO  util.JvmPauseMonitor (JvmPauseMonitor.java:run(146)) - JvmPauseMonitor-s1: Started
2023-10-31 16:06:34,807 [HandlerDaemon-0] DEBUG raftlog.RaftLog (SegmentedRaftLog.java:appendImpl(463)) - truncateIndex=-1, arrayIndex=0
2023-10-31 16:06:34,808 [s2@group-9A22CC0201A6-StateMachineUpdater] INFO  impl.SimpleStateMachine4Testing (SimpleStateMachine4Testing.java:applyTransaction(248)) - applyTransaction for log index 21
2023-10-31 16:06:34,808 [s2@group-9A22CC0201A6-StateMachineUpdater] INFO  impl.SimpleStateMachine4Testing (SimpleStateMachine4Testing.java:put(205)) - s2: put 21, m10 -> (t:1, i:21), STATEMACHINELOGENTRY, 323@client-226661BBA0EF
2023-10-31 16:06:34,814 [HandlerDaemon-1] DEBUG raftlog.RaftLog (SegmentedRaftLog.java:appendImpl(463)) - truncateIndex=-1, arrayIndex=0
2023-10-31 16:06:34,817 [s0@group-9A22CC0201A6-StateMachineUpdater] INFO  impl.SimpleStateMachine4Testing (SimpleStateMachine4Testing.java:applyTransaction(248)) - applyTransaction for log index 23
2023-10-31 16:06:34,817 [s0@group-9A22CC0201A6-StateMachineUpdater] INFO  impl.SimpleStateMachine4Testing (SimpleStateMachine4Testing.java:put(205)) - s0: put 23, m11 -> (t:1, i:23), STATEMACHINELOGENTRY, 326@client-226661BBA0EF
2023-10-31 16:06:34,818 [HandlerDaemon-2] DEBUG raftlog.RaftLog (SegmentedRaftLog.java:appendImpl(463)) - truncateIndex=-1, arrayIndex=0
2023-10-31 16:06:34,820 [s2@group-9A22CC0201A6-StateMachineUpdater] INFO  impl.SimpleStateMachine4Testing (SimpleStateMachine4Testing.java:applyTransaction(248)) - applyTransaction for log index 23
2023-10-31 16:06:34,820 [s2@group-9A22CC0201A6-StateMachineUpdater] INFO  impl.SimpleStateMachine4Testing (SimpleStateMachine4Testing.java:put(205)) - s2: put 23, m11 -> (t:1, i:23), STATEMACHINELOGENTRY, 326@client-226661BBA0EF
2023-10-31 16:06:34,820 [s0@group-9A22CC0201A6-StateMachineUpdater] INFO  impl.SimpleStateMachine4Testing (SimpleStateMachine4Testing.java:applyTransaction(248)) - applyTransaction for log index 25
2023-10-31 16:06:34,820 [s0@group-9A22CC0201A6-StateMachineUpdater] INFO  impl.SimpleStateMachine4Testing (SimpleStateMachine4Testing.java:put(205)) - s0: put 25, m12 -> (t:1, i:25), STATEMACHINELOGENTRY, 328@client-226661BBA0EF
2023-10-31 16:06:34,821 [HandlerDaemon-0] DEBUG raftlog.RaftLog (SegmentedRaftLog.java:appendImpl(463)) - truncateIndex=-1, arrayIndex=0
2023-10-31 16:06:34,823 [s2@group-9A22CC0201A6-StateMachineUpdater] INFO  impl.SimpleStateMachine4Testing (SimpleStateMachine4Testing.java:applyTransaction(248)) - applyTransaction for log index 25
2023-10-31 16:06:34,823 [s2@group-9A22CC0201A6-StateMachineUpdater] INFO  impl.SimpleStateMachine4Testing (SimpleStateMachine4Testing.java:put(205)) - s2: put 25, m12 -> (t:1, i:25), STATEMACHINELOGENTRY, 328@client-226661BBA0EF
2023-10-31 16:06:34,823 [s0@group-9A22CC0201A6-StateMachineUpdater] INFO  impl.SimpleStateMachine4Testing (SimpleStateMachine4Testing.java:applyTransaction(248)) - applyTransaction for log index 27
2023-10-31 16:06:34,823 [s0@group-9A22CC0201A6-StateMachineUpdater] INFO  impl.SimpleStateMachine4Testing (SimpleStateMachine4Testing.java:put(205)) - s0: put 27, m13 -> (t:1, i:27), STATEMACHINELOGENTRY, 330@client-226661BBA0EF
2023-10-31 16:06:34,824 [HandlerDaemon-1] DEBUG raftlog.RaftLog (SegmentedRaftLog.java:appendImpl(463)) - truncateIndex=-1, arrayIndex=0
2023-10-31 16:06:34,829 [s2@group-9A22CC0201A6-StateMachineUpdater] INFO  impl.SimpleStateMachine4Testing (SimpleStateMachine4Testing.java:applyTransaction(248)) - applyTransaction for log index 27
2023-10-31 16:06:34,829 [s2@group-9A22CC0201A6-StateMachineUpdater] INFO  impl.SimpleStateMachine4Testing (SimpleStateMachine4Testing.java:put(205)) - s2: put 27, m13 -> (t:1, i:27), STATEMACHINELOGENTRY, 330@client-226661BBA0EF
2023-10-31 16:06:34,829 [s0@group-9A22CC0201A6-StateMachineUpdater] INFO  impl.SimpleStateMachine4Testing (SimpleStateMachine4Testing.java:applyTransaction(248)) - applyTransaction for log index 29
2023-10-31 16:06:34,829 [s0@group-9A22CC0201A6-StateMachineUpdater] INFO  impl.SimpleStateMachine4Testing (SimpleStateMachine4Testing.java:put(205)) - s0: put 29, m14 -> (t:1, i:29), STATEMACHINELOGENTRY, 332@client-226661BBA0EF
2023-10-31 16:06:34,830 [HandlerDaemon-2] DEBUG raftlog.RaftLog (SegmentedRaftLog.java:appendImpl(463)) - truncateIndex=-1, arrayIndex=0
2023-10-31 16:06:34,831 [s2@group-9A22CC0201A6-StateMachineUpdater] INFO  impl.SimpleStateMachine4Testing (SimpleStateMachine4Testing.java:applyTransaction(248)) - applyTransaction for log index 29
2023-10-31 16:06:34,832 [s2@group-9A22CC0201A6-StateMachineUpdater] INFO  impl.SimpleStateMachine4Testing (SimpleStateMachine4Testing.java:put(205)) - s2: put 29, m14 -> (t:1, i:29), STATEMACHINELOGENTRY, 332@client-226661BBA0EF
2023-10-31 16:06:34,832 [s0@group-9A22CC0201A6-StateMachineUpdater] INFO  impl.SimpleStateMachine4Testing (SimpleStateMachine4Testing.java:applyTransaction(248)) - applyTransaction for log index 31
2023-10-31 16:06:34,832 [s0@group-9A22CC0201A6-StateMachineUpdater] INFO  impl.SimpleStateMachine4Testing (SimpleStateMachine4Testing.java:put(205)) - s0: put 31, m15 -> (t:1, i:31), STATEMACHINELOGENTRY, 334@client-226661BBA0EF
2023-10-31 16:06:34,833 [HandlerDaemon-0] DEBUG raftlog.RaftLog (SegmentedRaftLog.java:appendImpl(463)) - truncateIndex=-1, arrayIndex=0
2023-10-31 16:06:34,834 [s2@group-9A22CC0201A6-StateMachineUpdater] INFO  impl.SimpleStateMachine4Testing (SimpleStateMachine4Testing.java:applyTransaction(248)) - applyTransaction for log index 31
2023-10-31 16:06:34,834 [s2@group-9A22CC0201A6-StateMachineUpdater] INFO  impl.SimpleStateMachine4Testing (SimpleStateMachine4Testing.java:put(205)) - s2: put 31, m15 -> (t:1, i:31), STATEMACHINELOGENTRY, 334@client-226661BBA0EF
2023-10-31 16:06:34,834 [s0@group-9A22CC0201A6-StateMachineUpdater] INFO  impl.SimpleStateMachine4Testing (SimpleStateMachine4Testing.java:applyTransaction(248)) - applyTransaction for log index 33
2023-10-31 16:06:34,834 [s0@group-9A22CC0201A6-StateMachineUpdater] INFO  impl.SimpleStateMachine4Testing (SimpleStateMachine4Testing.java:put(205)) - s0: put 33, m16 -> (t:1, i:33), STATEMACHINELOGENTRY, 336@client-226661BBA0EF
2023-10-31 16:06:34,835 [HandlerDaemon-1] DEBUG raftlog.RaftLog (SegmentedRaftLog.java:appendImpl(463)) - truncateIndex=-1, arrayIndex=0
2023-10-31 16:06:34,836 [s2@group-9A22CC0201A6-StateMachineUpdater] INFO  impl.SimpleStateMachine4Testing (SimpleStateMachine4Testing.java:applyTransaction(248)) - applyTransaction for log index 33
2023-10-31 16:06:34,836 [s2@group-9A22CC0201A6-StateMachineUpdater] INFO  impl.SimpleStateMachine4Testing (SimpleStateMachine4Testing.java:put(205)) - s2: put 33, m16 -> (t:1, i:33), STATEMACHINELOGENTRY, 336@client-226661BBA0EF
2023-10-31 16:06:34,836 [s0@group-9A22CC0201A6-StateMachineUpdater] INFO  impl.SimpleStateMachine4Testing (SimpleStateMachine4Testing.java:applyTransaction(248)) - applyTransaction for log index 35
2023-10-31 16:06:34,836 [s0@group-9A22CC0201A6-StateMachineUpdater] INFO  impl.SimpleStateMachine4Testing (SimpleStateMachine4Testing.java:put(205)) - s0: put 35, m17 -> (t:1, i:35), STATEMACHINELOGENTRY, 338@client-226661BBA0EF
2023-10-31 16:06:34,837 [HandlerDaemon-2] DEBUG raftlog.RaftLog (SegmentedRaftLog.java:appendImpl(463)) - truncateIndex=-1, arrayIndex=0
2023-10-31 16:06:34,838 [s2@group-9A22CC0201A6-StateMachineUpdater] INFO  impl.SimpleStateMachine4Testing (SimpleStateMachine4Testing.java:applyTransaction(248)) - applyTransaction for log index 35
2023-10-31 16:06:34,838 [s2@group-9A22CC0201A6-StateMachineUpdater] INFO  impl.SimpleStateMachine4Testing (SimpleStateMachine4Testing.java:put(205)) - s2: put 35, m17 -> (t:1, i:35), STATEMACHINELOGENTRY, 338@client-226661BBA0EF
2023-10-31 16:06:34,839 [s0@group-9A22CC0201A6-StateMachineUpdater] INFO  impl.SimpleStateMachine4Testing (SimpleStateMachine4Testing.java:applyTransaction(248)) - applyTransaction for log index 37
2023-10-31 16:06:34,839 [s0@group-9A22CC0201A6-StateMachineUpdater] INFO  impl.SimpleStateMachine4Testing (SimpleStateMachine4Testing.java:put(205)) - s0: put 37, m18 -> (t:1, i:37), STATEMACHINELOGENTRY, 340@client-226661BBA0EF
2023-10-31 16:06:34,840 [HandlerDaemon-0] DEBUG raftlog.RaftLog (SegmentedRaftLog.java:appendImpl(463)) - truncateIndex=-1, arrayIndex=0
2023-10-31 16:06:34,841 [s2@group-9A22CC0201A6-StateMachineUpdater] INFO  impl.SimpleStateMachine4Testing (SimpleStateMachine4Testing.java:applyTransaction(248)) - applyTransaction for log index 37
2023-10-31 16:06:34,841 [s2@group-9A22CC0201A6-StateMachineUpdater] INFO  impl.SimpleStateMachine4Testing (SimpleStateMachine4Testing.java:put(205)) - s2: put 37, m18 -> (t:1, i:37), STATEMACHINELOGENTRY, 340@client-226661BBA0EF
2023-10-31 16:06:34,842 [s0@group-9A22CC0201A6-StateMachineUpdater] INFO  impl.SimpleStateMachine4Testing (SimpleStateMachine4Testing.java:applyTransaction(248)) - applyTransaction for log index 39
2023-10-31 16:06:34,842 [s0@group-9A22CC0201A6-StateMachineUpdater] INFO  impl.SimpleStateMachine4Testing (SimpleStateMachine4Testing.java:put(205)) - s0: put 39, m19 -> (t:1, i:39), STATEMACHINELOGENTRY, 342@client-226661BBA0EF
2023-10-31 16:06:34,842 [Time-limited test] WARN  simulation.TestServerRestartWithSimulatedRpc (JavaUtils.java:attempt(223)) - FAILED "follower catchup", attempt #1/10: java.lang.AssertionError, sleep 1s and then retry.
java.lang.AssertionError
	at org.junit.Assert.fail(Assert.java:87)
	at org.junit.Assert.assertTrue(Assert.java:42)
	at org.junit.Assert.assertTrue(Assert.java:53)
	at org.apache.ratis.server.ServerRestartTests.lambda$runTestRestartFollower$1(ServerRestartTests.java:113)
	at org.apache.ratis.util.JavaUtils.attempt(JavaUtils.java:217)
	at org.apache.ratis.util.JavaUtils.attemptRepeatedly(JavaUtils.java:203)
	at org.apache.ratis.server.ServerRestartTests.runTestRestartFollower(ServerRestartTests.java:112)
	at org.apache.ratis.server.impl.MiniRaftCluster$Factory$Get.runWithNewCluster(MiniRaftCluster.java:141)
	at org.apache.ratis.server.impl.MiniRaftCluster$Factory$Get.runWithNewCluster(MiniRaftCluster.java:121)
	at org.apache.ratis.server.ServerRestartTests.testRestartFollower(ServerRestartTests.java:88)
	at java.base/jdk.internal.reflect.NativeMethodAccessorImpl.invoke0(Native Method)
	at java.base/jdk.internal.reflect.NativeMethodAccessorImpl.invoke(NativeMethodAccessorImpl.java:62)
	at java.base/jdk.internal.reflect.DelegatingMethodAccessorImpl.invoke(DelegatingMethodAccessorImpl.java:43)
	at java.base/java.lang.reflect.Method.invoke(Method.java:566)
	at org.junit.runners.model.FrameworkMethod$1.runReflectiveCall(FrameworkMethod.java:59)
	at org.junit.internal.runners.model.ReflectiveCallable.run(ReflectiveCallable.java:12)
	at org.junit.runners.model.FrameworkMethod.invokeExplosively(FrameworkMethod.java:56)
	at org.junit.internal.runners.statements.InvokeMethod.evaluate(InvokeMethod.java:17)
	at org.junit.internal.runners.statements.RunAfters.evaluate(RunAfters.java:27)
	at org.junit.internal.runners.statements.FailOnTimeout$CallableStatement.call(FailOnTimeout.java:299)
	at org.junit.internal.runners.statements.FailOnTimeout$CallableStatement.call(FailOnTimeout.java:293)
	at java.base/java.util.concurrent.FutureTask.run(FutureTask.java:264)
	at java.base/java.lang.Thread.run(Thread.java:829)
2023-10-31 16:06:34,844 [HandlerDaemon-1] DEBUG raftlog.RaftLog (SegmentedRaftLog.java:appendImpl(463)) - truncateIndex=-1, arrayIndex=0
2023-10-31 16:06:34,846 [s2@group-9A22CC0201A6-StateMachineUpdater] INFO  impl.SimpleStateMachine4Testing (SimpleStateMachine4Testing.java:applyTransaction(248)) - applyTransaction for log index 39
2023-10-31 16:06:34,846 [s2@group-9A22CC0201A6-StateMachineUpdater] INFO  impl.SimpleStateMachine4Testing (SimpleStateMachine4Testing.java:put(205)) - s2: put 39, m19 -> (t:1, i:39), STATEMACHINELOGENTRY, 342@client-226661BBA0EF
2023-10-31 16:06:34,983 [s1@group-9A22CC0201A6-FollowerState] INFO  impl.FollowerState (FollowerState.java:run(143)) - s1@group-9A22CC0201A6-FollowerState: change to CANDIDATE, lastRpcElapsedTime:190213723ns, electionTimeout:188ms
2023-10-31 16:06:34,983 [s1@group-9A22CC0201A6-FollowerState] INFO  impl.RoleInfo (RoleInfo.java:shutdownFollowerState(109)) - s1: shutdown s1@group-9A22CC0201A6-FollowerState
2023-10-31 16:06:34,983 [s1@group-9A22CC0201A6-FollowerState] INFO  server.RaftServer$Division (RaftServerImpl.java:setRole(377)) - s1@group-9A22CC0201A6: changes role from  FOLLOWER to CANDIDATE at term 1 for changeToCandidate
2023-10-31 16:06:34,983 [s1@group-9A22CC0201A6-FollowerState] INFO  server.RaftServerConfigKeys (ConfUtils.java:logGet(46)) - raft.server.leaderelection.pre-vote = true (default)
2023-10-31 16:06:34,983 [s1@group-9A22CC0201A6-FollowerState] INFO  impl.RoleInfo (RoleInfo.java:updateAndGet(138)) - s1: start s1@group-9A22CC0201A6-LeaderElection10
2023-10-31 16:06:34,984 [s1@group-9A22CC0201A6-LeaderElection10] INFO  impl.LeaderElection (LeaderElection.java:askForVotes(323)) - s1@group-9A22CC0201A6-LeaderElection10 PRE_VOTE round 0: submit vote requests at term 1 for 0: peers:[s0|localhost:38363, s1|localhost:38375, s2|localhost:35419]|listeners:[], old=null
2023-10-31 16:06:34,985 [HandlerDaemon-0] INFO  server.RaftServer$Division (RaftServerImpl.java:requestVote(1368)) - s0@group-9A22CC0201A6: receive requestVote(PRE_VOTE, s1, group-9A22CC0201A6, 1, (t:1, i:19))
2023-10-31 16:06:34,985 [HandlerDaemon-0] INFO  impl.VoteContext (VoteContext.java:log(49)) - s0@group-9A22CC0201A6-LEADER: reject PRE_VOTE from s1: this server is the leader and still has leadership
2023-10-31 16:06:34,985 [HandlerDaemon-0] INFO  server.RaftServer$Division (RaftServerImpl.java:requestVote(1401)) - s0@group-9A22CC0201A6 replies to PRE_VOTE vote request: s1<-s0#0:FAIL-t1. Peer's state: s0@group-9A22CC0201A6:t1, leader=s0, voted=s0, raftlog=Memoized:s0@group-9A22CC0201A6-SegmentedRaftLog:OPENED:c40, conf=0: peers:[s0|localhost:38363, s1|localhost:38375, s2|localhost:35419]|listeners:[], old=null
2023-10-31 16:06:34,986 [s1@group-9A22CC0201A6-LeaderElection10] INFO  server.RaftServerConfigKeys (ConfUtils.java:logFallback(53)) - raft.server.rpc.first-election.timeout.min = 150ms (fallback to raft.server.rpc.timeout.min)
2023-10-31 16:06:34,986 [s1@group-9A22CC0201A6-LeaderElection10] INFO  server.RaftServerConfigKeys (ConfUtils.java:logFallback(53)) - raft.server.rpc.first-election.timeout.max = 300ms (fallback to raft.server.rpc.timeout.max)
2023-10-31 16:06:34,986 [HandlerDaemon-0] INFO  server.RaftServer$Division (RaftServerImpl.java:requestVote(1368)) - s2@group-9A22CC0201A6: receive requestVote(PRE_VOTE, s1, group-9A22CC0201A6, 1, (t:1, i:19))
2023-10-31 16:06:34,987 [HandlerDaemon-0] INFO  impl.VoteContext (VoteContext.java:log(49)) - s2@group-9A22CC0201A6-FOLLOWER: reject PRE_VOTE from s1: this server is a follower and still has a valid leader s0
2023-10-31 16:06:34,987 [HandlerDaemon-0] INFO  server.RaftServer$Division (RaftServerImpl.java:requestVote(1401)) - s2@group-9A22CC0201A6 replies to PRE_VOTE vote request: s1<-s2#0:FAIL-t1. Peer's state: s2@group-9A22CC0201A6:t1, leader=s0, voted=s0, raftlog=Memoized:s2@group-9A22CC0201A6-SegmentedRaftLog:OPENED:c40, conf=0: peers:[s0|localhost:38363, s1|localhost:38375, s2|localhost:35419]|listeners:[], old=null
2023-10-31 16:06:34,987 [s1@group-9A22CC0201A6-LeaderElection10] INFO  impl.LeaderElection (LeaderElection.java:logAndReturn(89)) - s1@group-9A22CC0201A6-LeaderElection10: PRE_VOTE REJECTED received 2 response(s) and 0 exception(s):
2023-10-31 16:06:34,987 [s1@group-9A22CC0201A6-LeaderElection10] INFO  impl.LeaderElection (LeaderElection.java:logAndReturn(93)) -   Response 0: s1<-s0#0:FAIL-t1
2023-10-31 16:06:34,987 [s1@group-9A22CC0201A6-LeaderElection10] INFO  impl.LeaderElection (LeaderElection.java:logAndReturn(93)) -   Response 1: s1<-s2#0:FAIL-t1
2023-10-31 16:06:34,987 [s1@group-9A22CC0201A6-LeaderElection10] INFO  impl.LeaderElection (LeaderElection.java:askForVotes(325)) - s1@group-9A22CC0201A6-LeaderElection10 PRE_VOTE round 0: result REJECTED
2023-10-31 16:06:34,987 [s1@group-9A22CC0201A6-LeaderElection10] INFO  server.RaftServer$Division (RaftServerImpl.java:setRole(377)) - s1@group-9A22CC0201A6: changes role from CANDIDATE to FOLLOWER at term 1 for REJECTED
2023-10-31 16:06:34,987 [s1@group-9A22CC0201A6-LeaderElection10] INFO  impl.RoleInfo (RoleInfo.java:shutdownLeaderElection(129)) - s1: shutdown s1@group-9A22CC0201A6-LeaderElection10
2023-10-31 16:06:34,987 [s1@group-9A22CC0201A6-LeaderElection10] INFO  impl.RoleInfo (RoleInfo.java:updateAndGet(138)) - s1: start s1@group-9A22CC0201A6-FollowerState
2023-10-31 16:06:34,987 [s1@group-9A22CC0201A6-LeaderElection10] INFO  server.RaftServer$Division (RaftServerImpl.java:setFirstElection(562)) - s1@group-9A22CC0201A6: set firstElectionSinceStartup to false for REJECTED
2023-10-31 16:06:35,261 [s1@group-9A22CC0201A6-FollowerState] INFO  impl.FollowerState (FollowerState.java:run(143)) - s1@group-9A22CC0201A6-FollowerState: change to CANDIDATE, lastRpcElapsedTime:273572219ns, electionTimeout:273ms
2023-10-31 16:06:35,261 [s1@group-9A22CC0201A6-FollowerState] INFO  impl.RoleInfo (RoleInfo.java:shutdownFollowerState(109)) - s1: shutdown s1@group-9A22CC0201A6-FollowerState
2023-10-31 16:06:35,261 [s1@group-9A22CC0201A6-FollowerState] INFO  server.RaftServer$Division (RaftServerImpl.java:setRole(377)) - s1@group-9A22CC0201A6: changes role from  FOLLOWER to CANDIDATE at term 1 for changeToCandidate
2023-10-31 16:06:35,261 [s1@group-9A22CC0201A6-FollowerState] INFO  server.RaftServerConfigKeys (ConfUtils.java:logGet(46)) - raft.server.leaderelection.pre-vote = true (default)
2023-10-31 16:06:35,261 [s1@group-9A22CC0201A6-FollowerState] INFO  impl.RoleInfo (RoleInfo.java:updateAndGet(138)) - s1: start s1@group-9A22CC0201A6-LeaderElection11
2023-10-31 16:06:35,261 [s1@group-9A22CC0201A6-LeaderElection11] INFO  impl.LeaderElection (LeaderElection.java:askForVotes(323)) - s1@group-9A22CC0201A6-LeaderElection11 PRE_VOTE round 0: submit vote requests at term 1 for 0: peers:[s0|localhost:38363, s1|localhost:38375, s2|localhost:35419]|listeners:[], old=null
2023-10-31 16:06:35,263 [HandlerDaemon-1] INFO  server.RaftServer$Division (RaftServerImpl.java:requestVote(1368)) - s0@group-9A22CC0201A6: receive requestVote(PRE_VOTE, s1, group-9A22CC0201A6, 1, (t:1, i:19))
2023-10-31 16:06:35,263 [HandlerDaemon-1] INFO  impl.VoteContext (VoteContext.java:log(49)) - s0@group-9A22CC0201A6-LEADER: reject PRE_VOTE from s1: this server is the leader and still has leadership
2023-10-31 16:06:35,263 [HandlerDaemon-2] INFO  server.RaftServer$Division (RaftServerImpl.java:requestVote(1368)) - s2@group-9A22CC0201A6: receive requestVote(PRE_VOTE, s1, group-9A22CC0201A6, 1, (t:1, i:19))
2023-10-31 16:06:35,263 [HandlerDaemon-2] INFO  impl.VoteContext (VoteContext.java:log(49)) - s2@group-9A22CC0201A6-FOLLOWER: reject PRE_VOTE from s1: this server is a follower and still has a valid leader s0
2023-10-31 16:06:35,263 [HandlerDaemon-1] INFO  server.RaftServer$Division (RaftServerImpl.java:requestVote(1401)) - s0@group-9A22CC0201A6 replies to PRE_VOTE vote request: s1<-s0#0:FAIL-t1. Peer's state: s0@group-9A22CC0201A6:t1, leader=s0, voted=s0, raftlog=Memoized:s0@group-9A22CC0201A6-SegmentedRaftLog:OPENED:c40, conf=0: peers:[s0|localhost:38363, s1|localhost:38375, s2|localhost:35419]|listeners:[], old=null
2023-10-31 16:06:35,263 [HandlerDaemon-2] INFO  server.RaftServer$Division (RaftServerImpl.java:requestVote(1401)) - s2@group-9A22CC0201A6 replies to PRE_VOTE vote request: s1<-s2#0:FAIL-t1. Peer's state: s2@group-9A22CC0201A6:t1, leader=s0, voted=s0, raftlog=Memoized:s2@group-9A22CC0201A6-SegmentedRaftLog:OPENED:c40, conf=0: peers:[s0|localhost:38363, s1|localhost:38375, s2|localhost:35419]|listeners:[], old=null
2023-10-31 16:06:35,263 [s1@group-9A22CC0201A6-LeaderElection11] INFO  impl.LeaderElection (LeaderElection.java:logAndReturn(89)) - s1@group-9A22CC0201A6-LeaderElection11: PRE_VOTE REJECTED received 2 response(s) and 0 exception(s):
2023-10-31 16:06:35,263 [s1@group-9A22CC0201A6-LeaderElection11] INFO  impl.LeaderElection (LeaderElection.java:logAndReturn(93)) -   Response 0: s1<-s0#0:FAIL-t1
2023-10-31 16:06:35,263 [s1@group-9A22CC0201A6-LeaderElection11] INFO  impl.LeaderElection (LeaderElection.java:logAndReturn(93)) -   Response 1: s1<-s2#0:FAIL-t1
2023-10-31 16:06:35,263 [s1@group-9A22CC0201A6-LeaderElection11] INFO  impl.LeaderElection (LeaderElection.java:askForVotes(325)) - s1@group-9A22CC0201A6-LeaderElection11 PRE_VOTE round 0: result REJECTED
2023-10-31 16:06:35,263 [s1@group-9A22CC0201A6-LeaderElection11] INFO  server.RaftServer$Division (RaftServerImpl.java:setRole(377)) - s1@group-9A22CC0201A6: changes role from CANDIDATE to FOLLOWER at term 1 for REJECTED
2023-10-31 16:06:35,263 [s1@group-9A22CC0201A6-LeaderElection11] INFO  impl.RoleInfo (RoleInfo.java:shutdownLeaderElection(129)) - s1: shutdown s1@group-9A22CC0201A6-LeaderElection11
2023-10-31 16:06:35,263 [s1@group-9A22CC0201A6-LeaderElection11] INFO  impl.RoleInfo (RoleInfo.java:updateAndGet(138)) - s1: start s1@group-9A22CC0201A6-FollowerState
2023-10-31 16:06:35,534 [s1@group-9A22CC0201A6-FollowerState] INFO  impl.FollowerState (FollowerState.java:run(143)) - s1@group-9A22CC0201A6-FollowerState: change to CANDIDATE, lastRpcElapsedTime:270542241ns, electionTimeout:270ms
2023-10-31 16:06:35,534 [s1@group-9A22CC0201A6-FollowerState] INFO  impl.RoleInfo (RoleInfo.java:shutdownFollowerState(109)) - s1: shutdown s1@group-9A22CC0201A6-FollowerState
2023-10-31 16:06:35,534 [s1@group-9A22CC0201A6-FollowerState] INFO  server.RaftServer$Division (RaftServerImpl.java:setRole(377)) - s1@group-9A22CC0201A6: changes role from  FOLLOWER to CANDIDATE at term 1 for changeToCandidate
2023-10-31 16:06:35,534 [s1@group-9A22CC0201A6-FollowerState] INFO  server.RaftServerConfigKeys (ConfUtils.java:logGet(46)) - raft.server.leaderelection.pre-vote = true (default)
2023-10-31 16:06:35,534 [s1@group-9A22CC0201A6-FollowerState] INFO  impl.RoleInfo (RoleInfo.java:updateAndGet(138)) - s1: start s1@group-9A22CC0201A6-LeaderElection12
2023-10-31 16:06:35,535 [s1@group-9A22CC0201A6-LeaderElection12] INFO  impl.LeaderElection (LeaderElection.java:askForVotes(323)) - s1@group-9A22CC0201A6-LeaderElection12 PRE_VOTE round 0: submit vote requests at term 1 for 0: peers:[s0|localhost:38363, s1|localhost:38375, s2|localhost:35419]|listeners:[], old=null
2023-10-31 16:06:35,535 [HandlerDaemon-2] INFO  server.RaftServer$Division (RaftServerImpl.java:requestVote(1368)) - s0@group-9A22CC0201A6: receive requestVote(PRE_VOTE, s1, group-9A22CC0201A6, 1, (t:1, i:19))
2023-10-31 16:06:35,535 [HandlerDaemon-2] INFO  impl.VoteContext (VoteContext.java:log(49)) - s0@group-9A22CC0201A6-LEADER: reject PRE_VOTE from s1: this server is the leader and still has leadership
2023-10-31 16:06:35,535 [HandlerDaemon-1] INFO  server.RaftServer$Division (RaftServerImpl.java:requestVote(1368)) - s2@group-9A22CC0201A6: receive requestVote(PRE_VOTE, s1, group-9A22CC0201A6, 1, (t:1, i:19))
2023-10-31 16:06:35,535 [HandlerDaemon-2] INFO  server.RaftServer$Division (RaftServerImpl.java:requestVote(1401)) - s0@group-9A22CC0201A6 replies to PRE_VOTE vote request: s1<-s0#0:FAIL-t1. Peer's state: s0@group-9A22CC0201A6:t1, leader=s0, voted=s0, raftlog=Memoized:s0@group-9A22CC0201A6-SegmentedRaftLog:OPENED:c40, conf=0: peers:[s0|localhost:38363, s1|localhost:38375, s2|localhost:35419]|listeners:[], old=null
2023-10-31 16:06:35,535 [HandlerDaemon-1] INFO  impl.VoteContext (VoteContext.java:log(49)) - s2@group-9A22CC0201A6-FOLLOWER: reject PRE_VOTE from s1: this server is a follower and still has a valid leader s0
2023-10-31 16:06:35,535 [HandlerDaemon-1] INFO  server.RaftServer$Division (RaftServerImpl.java:requestVote(1401)) - s2@group-9A22CC0201A6 replies to PRE_VOTE vote request: s1<-s2#0:FAIL-t1. Peer's state: s2@group-9A22CC0201A6:t1, leader=s0, voted=s0, raftlog=Memoized:s2@group-9A22CC0201A6-SegmentedRaftLog:OPENED:c40, conf=0: peers:[s0|localhost:38363, s1|localhost:38375, s2|localhost:35419]|listeners:[], old=null
2023-10-31 16:06:35,535 [s1@group-9A22CC0201A6-LeaderElection12] INFO  impl.LeaderElection (LeaderElection.java:logAndReturn(89)) - s1@group-9A22CC0201A6-LeaderElection12: PRE_VOTE REJECTED received 2 response(s) and 0 exception(s):
2023-10-31 16:06:35,535 [s1@group-9A22CC0201A6-LeaderElection12] INFO  impl.LeaderElection (LeaderElection.java:logAndReturn(93)) -   Response 0: s1<-s0#0:FAIL-t1
2023-10-31 16:06:35,536 [s1@group-9A22CC0201A6-LeaderElection12] INFO  impl.LeaderElection (LeaderElection.java:logAndReturn(93)) -   Response 1: s1<-s2#0:FAIL-t1
2023-10-31 16:06:35,536 [s1@group-9A22CC0201A6-LeaderElection12] INFO  impl.LeaderElection (LeaderElection.java:askForVotes(325)) - s1@group-9A22CC0201A6-LeaderElection12 PRE_VOTE round 0: result REJECTED
2023-10-31 16:06:35,536 [s1@group-9A22CC0201A6-LeaderElection12] INFO  server.RaftServer$Division (RaftServerImpl.java:setRole(377)) - s1@group-9A22CC0201A6: changes role from CANDIDATE to FOLLOWER at term 1 for REJECTED
2023-10-31 16:06:35,536 [s1@group-9A22CC0201A6-LeaderElection12] INFO  impl.RoleInfo (RoleInfo.java:shutdownLeaderElection(129)) - s1: shutdown s1@group-9A22CC0201A6-LeaderElection12
2023-10-31 16:06:35,536 [s1@group-9A22CC0201A6-LeaderElection12] INFO  impl.RoleInfo (RoleInfo.java:updateAndGet(138)) - s1: start s1@group-9A22CC0201A6-FollowerState
2023-10-31 16:06:35,801 [s1@group-9A22CC0201A6-FollowerState] INFO  impl.FollowerState (FollowerState.java:run(143)) - s1@group-9A22CC0201A6-FollowerState: change to CANDIDATE, lastRpcElapsedTime:265662277ns, electionTimeout:265ms
2023-10-31 16:06:35,801 [s1@group-9A22CC0201A6-FollowerState] INFO  impl.RoleInfo (RoleInfo.java:shutdownFollowerState(109)) - s1: shutdown s1@group-9A22CC0201A6-FollowerState
2023-10-31 16:06:35,801 [s1@group-9A22CC0201A6-FollowerState] INFO  server.RaftServer$Division (RaftServerImpl.java:setRole(377)) - s1@group-9A22CC0201A6: changes role from  FOLLOWER to CANDIDATE at term 1 for changeToCandidate
2023-10-31 16:06:35,802 [s1@group-9A22CC0201A6-FollowerState] INFO  server.RaftServerConfigKeys (ConfUtils.java:logGet(46)) - raft.server.leaderelection.pre-vote = true (default)
2023-10-31 16:06:35,802 [s1@group-9A22CC0201A6-FollowerState] INFO  impl.RoleInfo (RoleInfo.java:updateAndGet(138)) - s1: start s1@group-9A22CC0201A6-LeaderElection13
2023-10-31 16:06:35,802 [s1@group-9A22CC0201A6-LeaderElection13] INFO  impl.LeaderElection (LeaderElection.java:askForVotes(323)) - s1@group-9A22CC0201A6-LeaderElection13 PRE_VOTE round 0: submit vote requests at term 1 for 0: peers:[s0|localhost:38363, s1|localhost:38375, s2|localhost:35419]|listeners:[], old=null
2023-10-31 16:06:35,804 [HandlerDaemon-0] INFO  server.RaftServer$Division (RaftServerImpl.java:requestVote(1368)) - s0@group-9A22CC0201A6: receive requestVote(PRE_VOTE, s1, group-9A22CC0201A6, 1, (t:1, i:19))
2023-10-31 16:06:35,804 [HandlerDaemon-0] INFO  impl.VoteContext (VoteContext.java:log(49)) - s0@group-9A22CC0201A6-LEADER: reject PRE_VOTE from s1: this server is the leader and still has leadership
2023-10-31 16:06:35,804 [HandlerDaemon-0] INFO  server.RaftServer$Division (RaftServerImpl.java:requestVote(1401)) - s0@group-9A22CC0201A6 replies to PRE_VOTE vote request: s1<-s0#0:FAIL-t1. Peer's state: s0@group-9A22CC0201A6:t1, leader=s0, voted=s0, raftlog=Memoized:s0@group-9A22CC0201A6-SegmentedRaftLog:OPENED:c40, conf=0: peers:[s0|localhost:38363, s1|localhost:38375, s2|localhost:35419]|listeners:[], old=null
2023-10-31 16:06:35,806 [HandlerDaemon-2] INFO  server.RaftServer$Division (RaftServerImpl.java:requestVote(1368)) - s2@group-9A22CC0201A6: receive requestVote(PRE_VOTE, s1, group-9A22CC0201A6, 1, (t:1, i:19))
2023-10-31 16:06:35,806 [HandlerDaemon-2] INFO  impl.VoteContext (VoteContext.java:log(49)) - s2@group-9A22CC0201A6-FOLLOWER: reject PRE_VOTE from s1: this server is a follower and still has a valid leader s0
2023-10-31 16:06:35,806 [HandlerDaemon-2] INFO  server.RaftServer$Division (RaftServerImpl.java:requestVote(1401)) - s2@group-9A22CC0201A6 replies to PRE_VOTE vote request: s1<-s2#0:FAIL-t1. Peer's state: s2@group-9A22CC0201A6:t1, leader=s0, voted=s0, raftlog=Memoized:s2@group-9A22CC0201A6-SegmentedRaftLog:OPENED:c40, conf=0: peers:[s0|localhost:38363, s1|localhost:38375, s2|localhost:35419]|listeners:[], old=null
2023-10-31 16:06:35,806 [s1@group-9A22CC0201A6-LeaderElection13] INFO  impl.LeaderElection (LeaderElection.java:logAndReturn(89)) - s1@group-9A22CC0201A6-LeaderElection13: PRE_VOTE REJECTED received 2 response(s) and 0 exception(s):
2023-10-31 16:06:35,806 [s1@group-9A22CC0201A6-LeaderElection13] INFO  impl.LeaderElection (LeaderElection.java:logAndReturn(93)) -   Response 0: s1<-s0#0:FAIL-t1
2023-10-31 16:06:35,806 [s1@group-9A22CC0201A6-LeaderElection13] INFO  impl.LeaderElection (LeaderElection.java:logAndReturn(93)) -   Response 1: s1<-s2#0:FAIL-t1
2023-10-31 16:06:35,806 [s1@group-9A22CC0201A6-LeaderElection13] INFO  impl.LeaderElection (LeaderElection.java:askForVotes(325)) - s1@group-9A22CC0201A6-LeaderElection13 PRE_VOTE round 0: result REJECTED
2023-10-31 16:06:35,806 [s1@group-9A22CC0201A6-LeaderElection13] INFO  server.RaftServer$Division (RaftServerImpl.java:setRole(377)) - s1@group-9A22CC0201A6: changes role from CANDIDATE to FOLLOWER at term 1 for REJECTED
2023-10-31 16:06:35,806 [s1@group-9A22CC0201A6-LeaderElection13] INFO  impl.RoleInfo (RoleInfo.java:shutdownLeaderElection(129)) - s1: shutdown s1@group-9A22CC0201A6-LeaderElection13
2023-10-31 16:06:35,807 [s1@group-9A22CC0201A6-LeaderElection13] INFO  impl.RoleInfo (RoleInfo.java:updateAndGet(138)) - s1: start s1@group-9A22CC0201A6-FollowerState
2023-10-31 16:06:35,843 [Time-limited test] WARN  simulation.TestServerRestartWithSimulatedRpc (JavaUtils.java:attempt(223)) - FAILED "follower catchup", attempt #2/10: java.lang.AssertionError, sleep 1s and then retry.
java.lang.AssertionError
	at org.junit.Assert.fail(Assert.java:87)
	at org.junit.Assert.assertTrue(Assert.java:42)
	at org.junit.Assert.assertTrue(Assert.java:53)
	at org.apache.ratis.server.ServerRestartTests.lambda$runTestRestartFollower$1(ServerRestartTests.java:113)
	at org.apache.ratis.util.JavaUtils.attempt(JavaUtils.java:217)
	at org.apache.ratis.util.JavaUtils.attemptRepeatedly(JavaUtils.java:203)
	at org.apache.ratis.server.ServerRestartTests.runTestRestartFollower(ServerRestartTests.java:112)
	at org.apache.ratis.server.impl.MiniRaftCluster$Factory$Get.runWithNewCluster(MiniRaftCluster.java:141)
	at org.apache.ratis.server.impl.MiniRaftCluster$Factory$Get.runWithNewCluster(MiniRaftCluster.java:121)
	at org.apache.ratis.server.ServerRestartTests.testRestartFollower(ServerRestartTests.java:88)
	at java.base/jdk.internal.reflect.NativeMethodAccessorImpl.invoke0(Native Method)
	at java.base/jdk.internal.reflect.NativeMethodAccessorImpl.invoke(NativeMethodAccessorImpl.java:62)
	at java.base/jdk.internal.reflect.DelegatingMethodAccessorImpl.invoke(DelegatingMethodAccessorImpl.java:43)
	at java.base/java.lang.reflect.Method.invoke(Method.java:566)
	at org.junit.runners.model.FrameworkMethod$1.runReflectiveCall(FrameworkMethod.java:59)
	at org.junit.internal.runners.model.ReflectiveCallable.run(ReflectiveCallable.java:12)
	at org.junit.runners.model.FrameworkMethod.invokeExplosively(FrameworkMethod.java:56)
	at org.junit.internal.runners.statements.InvokeMethod.evaluate(InvokeMethod.java:17)
	at org.junit.internal.runners.statements.RunAfters.evaluate(RunAfters.java:27)
	at org.junit.internal.runners.statements.FailOnTimeout$CallableStatement.call(FailOnTimeout.java:299)
	at org.junit.internal.runners.statements.FailOnTimeout$CallableStatement.call(FailOnTimeout.java:293)
	at java.base/java.util.concurrent.FutureTask.run(FutureTask.java:264)
	at java.base/java.lang.Thread.run(Thread.java:829)
2023-10-31 16:06:36,080 [s1@group-9A22CC0201A6-FollowerState] INFO  impl.FollowerState (FollowerState.java:run(143)) - s1@group-9A22CC0201A6-FollowerState: change to CANDIDATE, lastRpcElapsedTime:273488620ns, electionTimeout:273ms
2023-10-31 16:06:36,080 [s1@group-9A22CC0201A6-FollowerState] INFO  impl.RoleInfo (RoleInfo.java:shutdownFollowerState(109)) - s1: shutdown s1@group-9A22CC0201A6-FollowerState
2023-10-31 16:06:36,080 [s1@group-9A22CC0201A6-FollowerState] INFO  server.RaftServer$Division (RaftServerImpl.java:setRole(377)) - s1@group-9A22CC0201A6: changes role from  FOLLOWER to CANDIDATE at term 1 for changeToCandidate
2023-10-31 16:06:36,080 [s1@group-9A22CC0201A6-FollowerState] INFO  server.RaftServerConfigKeys (ConfUtils.java:logGet(46)) - raft.server.leaderelection.pre-vote = true (default)
2023-10-31 16:06:36,080 [s1@group-9A22CC0201A6-FollowerState] INFO  impl.RoleInfo (RoleInfo.java:updateAndGet(138)) - s1: start s1@group-9A22CC0201A6-LeaderElection14
2023-10-31 16:06:36,081 [s1@group-9A22CC0201A6-LeaderElection14] INFO  impl.LeaderElection (LeaderElection.java:askForVotes(323)) - s1@group-9A22CC0201A6-LeaderElection14 PRE_VOTE round 0: submit vote requests at term 1 for 0: peers:[s0|localhost:38363, s1|localhost:38375, s2|localhost:35419]|listeners:[], old=null
2023-10-31 16:06:36,081 [HandlerDaemon-1] INFO  server.RaftServer$Division (RaftServerImpl.java:requestVote(1368)) - s0@group-9A22CC0201A6: receive requestVote(PRE_VOTE, s1, group-9A22CC0201A6, 1, (t:1, i:19))
2023-10-31 16:06:36,082 [HandlerDaemon-1] INFO  impl.VoteContext (VoteContext.java:log(49)) - s0@group-9A22CC0201A6-LEADER: reject PRE_VOTE from s1: this server is the leader and still has leadership
2023-10-31 16:06:36,082 [HandlerDaemon-1] INFO  server.RaftServer$Division (RaftServerImpl.java:requestVote(1368)) - s2@group-9A22CC0201A6: receive requestVote(PRE_VOTE, s1, group-9A22CC0201A6, 1, (t:1, i:19))
2023-10-31 16:06:36,082 [HandlerDaemon-1] INFO  impl.VoteContext (VoteContext.java:log(49)) - s2@group-9A22CC0201A6-FOLLOWER: reject PRE_VOTE from s1: this server is a follower and still has a valid leader s0
2023-10-31 16:06:36,082 [HandlerDaemon-1] INFO  server.RaftServer$Division (RaftServerImpl.java:requestVote(1401)) - s2@group-9A22CC0201A6 replies to PRE_VOTE vote request: s1<-s2#0:FAIL-t1. Peer's state: s2@group-9A22CC0201A6:t1, leader=s0, voted=s0, raftlog=Memoized:s2@group-9A22CC0201A6-SegmentedRaftLog:OPENED:c40, conf=0: peers:[s0|localhost:38363, s1|localhost:38375, s2|localhost:35419]|listeners:[], old=null
2023-10-31 16:06:36,082 [HandlerDaemon-1] INFO  server.RaftServer$Division (RaftServerImpl.java:requestVote(1401)) - s0@group-9A22CC0201A6 replies to PRE_VOTE vote request: s1<-s0#0:FAIL-t1. Peer's state: s0@group-9A22CC0201A6:t1, leader=s0, voted=s0, raftlog=Memoized:s0@group-9A22CC0201A6-SegmentedRaftLog:OPENED:c40, conf=0: peers:[s0|localhost:38363, s1|localhost:38375, s2|localhost:35419]|listeners:[], old=null
2023-10-31 16:06:36,082 [s1@group-9A22CC0201A6-LeaderElection14] INFO  impl.LeaderElection (LeaderElection.java:logAndReturn(89)) - s1@group-9A22CC0201A6-LeaderElection14: PRE_VOTE REJECTED received 2 response(s) and 0 exception(s):
2023-10-31 16:06:36,082 [s1@group-9A22CC0201A6-LeaderElection14] INFO  impl.LeaderElection (LeaderElection.java:logAndReturn(93)) -   Response 0: s1<-s0#0:FAIL-t1
2023-10-31 16:06:36,082 [s1@group-9A22CC0201A6-LeaderElection14] INFO  impl.LeaderElection (LeaderElection.java:logAndReturn(93)) -   Response 1: s1<-s2#0:FAIL-t1
2023-10-31 16:06:36,083 [s1@group-9A22CC0201A6-LeaderElection14] INFO  impl.LeaderElection (LeaderElection.java:askForVotes(325)) - s1@group-9A22CC0201A6-LeaderElection14 PRE_VOTE round 0: result REJECTED
2023-10-31 16:06:36,083 [s1@group-9A22CC0201A6-LeaderElection14] INFO  server.RaftServer$Division (RaftServerImpl.java:setRole(377)) - s1@group-9A22CC0201A6: changes role from CANDIDATE to FOLLOWER at term 1 for REJECTED
2023-10-31 16:06:36,083 [s1@group-9A22CC0201A6-LeaderElection14] INFO  impl.RoleInfo (RoleInfo.java:shutdownLeaderElection(129)) - s1: shutdown s1@group-9A22CC0201A6-LeaderElection14
2023-10-31 16:06:36,083 [s1@group-9A22CC0201A6-LeaderElection14] INFO  impl.RoleInfo (RoleInfo.java:updateAndGet(138)) - s1: start s1@group-9A22CC0201A6-FollowerState
2023-10-31 16:06:36,383 [s1@group-9A22CC0201A6-FollowerState] INFO  impl.FollowerState (FollowerState.java:run(143)) - s1@group-9A22CC0201A6-FollowerState: change to CANDIDATE, lastRpcElapsedTime:300411226ns, electionTimeout:300ms
2023-10-31 16:06:36,383 [s1@group-9A22CC0201A6-FollowerState] INFO  impl.RoleInfo (RoleInfo.java:shutdownFollowerState(109)) - s1: shutdown s1@group-9A22CC0201A6-FollowerState
2023-10-31 16:06:36,383 [s1@group-9A22CC0201A6-FollowerState] INFO  server.RaftServer$Division (RaftServerImpl.java:setRole(377)) - s1@group-9A22CC0201A6: changes role from  FOLLOWER to CANDIDATE at term 1 for changeToCandidate
2023-10-31 16:06:36,383 [s1@group-9A22CC0201A6-FollowerState] INFO  server.RaftServerConfigKeys (ConfUtils.java:logGet(46)) - raft.server.leaderelection.pre-vote = true (default)
2023-10-31 16:06:36,384 [s1@group-9A22CC0201A6-FollowerState] INFO  impl.RoleInfo (RoleInfo.java:updateAndGet(138)) - s1: start s1@group-9A22CC0201A6-LeaderElection15
2023-10-31 16:06:36,384 [s1@group-9A22CC0201A6-LeaderElection15] INFO  impl.LeaderElection (LeaderElection.java:askForVotes(323)) - s1@group-9A22CC0201A6-LeaderElection15 PRE_VOTE round 0: submit vote requests at term 1 for 0: peers:[s0|localhost:38363, s1|localhost:38375, s2|localhost:35419]|listeners:[], old=null
2023-10-31 16:06:36,384 [HandlerDaemon-2] INFO  server.RaftServer$Division (RaftServerImpl.java:requestVote(1368)) - s0@group-9A22CC0201A6: receive requestVote(PRE_VOTE, s1, group-9A22CC0201A6, 1, (t:1, i:19))
2023-10-31 16:06:36,384 [HandlerDaemon-2] INFO  impl.VoteContext (VoteContext.java:log(49)) - s0@group-9A22CC0201A6-LEADER: reject PRE_VOTE from s1: this server is the leader and still has leadership
2023-10-31 16:06:36,384 [HandlerDaemon-2] INFO  server.RaftServer$Division (RaftServerImpl.java:requestVote(1401)) - s0@group-9A22CC0201A6 replies to PRE_VOTE vote request: s1<-s0#0:FAIL-t1. Peer's state: s0@group-9A22CC0201A6:t1, leader=s0, voted=s0, raftlog=Memoized:s0@group-9A22CC0201A6-SegmentedRaftLog:OPENED:c40, conf=0: peers:[s0|localhost:38363, s1|localhost:38375, s2|localhost:35419]|listeners:[], old=null
2023-10-31 16:06:36,385 [HandlerDaemon-0] INFO  server.RaftServer$Division (RaftServerImpl.java:requestVote(1368)) - s2@group-9A22CC0201A6: receive requestVote(PRE_VOTE, s1, group-9A22CC0201A6, 1, (t:1, i:19))
2023-10-31 16:06:36,385 [HandlerDaemon-0] INFO  impl.VoteContext (VoteContext.java:log(49)) - s2@group-9A22CC0201A6-FOLLOWER: reject PRE_VOTE from s1: this server is a follower and still has a valid leader s0
2023-10-31 16:06:36,385 [HandlerDaemon-0] INFO  server.RaftServer$Division (RaftServerImpl.java:requestVote(1401)) - s2@group-9A22CC0201A6 replies to PRE_VOTE vote request: s1<-s2#0:FAIL-t1. Peer's state: s2@group-9A22CC0201A6:t1, leader=s0, voted=s0, raftlog=Memoized:s2@group-9A22CC0201A6-SegmentedRaftLog:OPENED:c40, conf=0: peers:[s0|localhost:38363, s1|localhost:38375, s2|localhost:35419]|listeners:[], old=null
2023-10-31 16:06:36,385 [s1@group-9A22CC0201A6-LeaderElection15] INFO  impl.LeaderElection (LeaderElection.java:logAndReturn(89)) - s1@group-9A22CC0201A6-LeaderElection15: PRE_VOTE REJECTED received 2 response(s) and 0 exception(s):
2023-10-31 16:06:36,385 [s1@group-9A22CC0201A6-LeaderElection15] INFO  impl.LeaderElection (LeaderElection.java:logAndReturn(93)) -   Response 0: s1<-s0#0:FAIL-t1
2023-10-31 16:06:36,385 [s1@group-9A22CC0201A6-LeaderElection15] INFO  impl.LeaderElection (LeaderElection.java:logAndReturn(93)) -   Response 1: s1<-s2#0:FAIL-t1
2023-10-31 16:06:36,385 [s1@group-9A22CC0201A6-LeaderElection15] INFO  impl.LeaderElection (LeaderElection.java:askForVotes(325)) - s1@group-9A22CC0201A6-LeaderElection15 PRE_VOTE round 0: result REJECTED
2023-10-31 16:06:36,385 [s1@group-9A22CC0201A6-LeaderElection15] INFO  server.RaftServer$Division (RaftServerImpl.java:setRole(377)) - s1@group-9A22CC0201A6: changes role from CANDIDATE to FOLLOWER at term 1 for REJECTED
2023-10-31 16:06:36,385 [s1@group-9A22CC0201A6-LeaderElection15] INFO  impl.RoleInfo (RoleInfo.java:shutdownLeaderElection(129)) - s1: shutdown s1@group-9A22CC0201A6-LeaderElection15
2023-10-31 16:06:36,385 [s1@group-9A22CC0201A6-LeaderElection15] INFO  impl.RoleInfo (RoleInfo.java:updateAndGet(138)) - s1: start s1@group-9A22CC0201A6-FollowerState
2023-10-31 16:06:36,587 [s1@group-9A22CC0201A6-FollowerState] INFO  impl.FollowerState (FollowerState.java:run(143)) - s1@group-9A22CC0201A6-FollowerState: change to CANDIDATE, lastRpcElapsedTime:202348336ns, electionTimeout:202ms
2023-10-31 16:06:36,588 [s1@group-9A22CC0201A6-FollowerState] INFO  impl.RoleInfo (RoleInfo.java:shutdownFollowerState(109)) - s1: shutdown s1@group-9A22CC0201A6-FollowerState
2023-10-31 16:06:36,588 [s1@group-9A22CC0201A6-FollowerState] INFO  server.RaftServer$Division (RaftServerImpl.java:setRole(377)) - s1@group-9A22CC0201A6: changes role from  FOLLOWER to CANDIDATE at term 1 for changeToCandidate
2023-10-31 16:06:36,588 [s1@group-9A22CC0201A6-FollowerState] INFO  server.RaftServerConfigKeys (ConfUtils.java:logGet(46)) - raft.server.leaderelection.pre-vote = true (default)
2023-10-31 16:06:36,588 [s1@group-9A22CC0201A6-FollowerState] INFO  impl.RoleInfo (RoleInfo.java:updateAndGet(138)) - s1: start s1@group-9A22CC0201A6-LeaderElection16
2023-10-31 16:06:36,588 [s1@group-9A22CC0201A6-LeaderElection16] INFO  impl.LeaderElection (LeaderElection.java:askForVotes(323)) - s1@group-9A22CC0201A6-LeaderElection16 PRE_VOTE round 0: submit vote requests at term 1 for 0: peers:[s0|localhost:38363, s1|localhost:38375, s2|localhost:35419]|listeners:[], old=null
2023-10-31 16:06:36,589 [HandlerDaemon-0] INFO  server.RaftServer$Division (RaftServerImpl.java:requestVote(1368)) - s0@group-9A22CC0201A6: receive requestVote(PRE_VOTE, s1, group-9A22CC0201A6, 1, (t:1, i:19))
2023-10-31 16:06:36,589 [HandlerDaemon-0] INFO  impl.VoteContext (VoteContext.java:log(49)) - s0@group-9A22CC0201A6-LEADER: reject PRE_VOTE from s1: this server is the leader and still has leadership
2023-10-31 16:06:36,589 [HandlerDaemon-1] INFO  server.RaftServer$Division (RaftServerImpl.java:requestVote(1368)) - s2@group-9A22CC0201A6: receive requestVote(PRE_VOTE, s1, group-9A22CC0201A6, 1, (t:1, i:19))
2023-10-31 16:06:36,589 [HandlerDaemon-0] INFO  server.RaftServer$Division (RaftServerImpl.java:requestVote(1401)) - s0@group-9A22CC0201A6 replies to PRE_VOTE vote request: s1<-s0#0:FAIL-t1. Peer's state: s0@group-9A22CC0201A6:t1, leader=s0, voted=s0, raftlog=Memoized:s0@group-9A22CC0201A6-SegmentedRaftLog:OPENED:c40, conf=0: peers:[s0|localhost:38363, s1|localhost:38375, s2|localhost:35419]|listeners:[], old=null
2023-10-31 16:06:36,589 [HandlerDaemon-1] INFO  impl.VoteContext (VoteContext.java:log(49)) - s2@group-9A22CC0201A6-FOLLOWER: reject PRE_VOTE from s1: this server is a follower and still has a valid leader s0
2023-10-31 16:06:36,589 [HandlerDaemon-1] INFO  server.RaftServer$Division (RaftServerImpl.java:requestVote(1401)) - s2@group-9A22CC0201A6 replies to PRE_VOTE vote request: s1<-s2#0:FAIL-t1. Peer's state: s2@group-9A22CC0201A6:t1, leader=s0, voted=s0, raftlog=Memoized:s2@group-9A22CC0201A6-SegmentedRaftLog:OPENED:c40, conf=0: peers:[s0|localhost:38363, s1|localhost:38375, s2|localhost:35419]|listeners:[], old=null
2023-10-31 16:06:36,589 [s1@group-9A22CC0201A6-LeaderElection16] INFO  impl.LeaderElection (LeaderElection.java:logAndReturn(89)) - s1@group-9A22CC0201A6-LeaderElection16: PRE_VOTE REJECTED received 2 response(s) and 0 exception(s):
2023-10-31 16:06:36,589 [s1@group-9A22CC0201A6-LeaderElection16] INFO  impl.LeaderElection (LeaderElection.java:logAndReturn(93)) -   Response 0: s1<-s0#0:FAIL-t1
2023-10-31 16:06:36,589 [s1@group-9A22CC0201A6-LeaderElection16] INFO  impl.LeaderElection (LeaderElection.java:logAndReturn(93)) -   Response 1: s1<-s2#0:FAIL-t1
2023-10-31 16:06:36,589 [s1@group-9A22CC0201A6-LeaderElection16] INFO  impl.LeaderElection (LeaderElection.java:askForVotes(325)) - s1@group-9A22CC0201A6-LeaderElection16 PRE_VOTE round 0: result REJECTED
2023-10-31 16:06:36,589 [s1@group-9A22CC0201A6-LeaderElection16] INFO  server.RaftServer$Division (RaftServerImpl.java:setRole(377)) - s1@group-9A22CC0201A6: changes role from CANDIDATE to FOLLOWER at term 1 for REJECTED
2023-10-31 16:06:36,589 [s1@group-9A22CC0201A6-LeaderElection16] INFO  impl.RoleInfo (RoleInfo.java:shutdownLeaderElection(129)) - s1: shutdown s1@group-9A22CC0201A6-LeaderElection16
2023-10-31 16:06:36,589 [s1@group-9A22CC0201A6-LeaderElection16] INFO  impl.RoleInfo (RoleInfo.java:updateAndGet(138)) - s1: start s1@group-9A22CC0201A6-FollowerState
2023-10-31 16:06:36,766 [s0@group-9A22CC0201A6->s1-LogAppenderDefault-LogAppenderDaemon] WARN  leader.LogAppender (LogAppenderDefault.java:sendAppendEntriesWithRetries(90)) - s0@group-9A22CC0201A6->s1-LogAppenderDefault: Failed to appendEntries (retry=1): {}
java.io.IOException: Timeout while waiting for reply of request org.apache.ratis.server.simulation.RaftServerRequest@35343c55
	at org.apache.ratis.server.simulation.SimulatedRequestReply$EventQueue.request(SimulatedRequestReply.java:78)
	at org.apache.ratis.server.simulation.SimulatedRequestReply.sendRequest(SimulatedRequestReply.java:121)
	at org.apache.ratis.server.simulation.SimulatedServerRpc.appendEntries(SimulatedServerRpc.java:115)
	at org.apache.ratis.server.leader.LogAppenderDefault.sendAppendEntriesWithRetries(LogAppenderDefault.java:79)
	at org.apache.ratis.server.leader.LogAppenderDefault.run(LogAppenderDefault.java:156)
	at org.apache.ratis.server.leader.LogAppenderDaemon.run(LogAppenderDaemon.java:78)
	at java.base/java.lang.Thread.run(Thread.java:829)
2023-10-31 16:06:36,792 [HandlerDaemon-0] INFO  server.RaftServer$Division (ServerState.java:setLeader(265)) - s1@group-9A22CC0201A6: change Leader from null to s0 at term 1 for appendEntries, leader elected after 2014ms
2023-10-31 16:06:36,792 [HandlerDaemon-0] DEBUG raftlog.RaftLog (SegmentedRaftLog.java:appendImpl(463)) - truncateIndex=-1, arrayIndex=0
2023-10-31 16:06:36,794 [s1@group-9A22CC0201A6-StateMachineUpdater] INFO  impl.SimpleStateMachine4Testing (SimpleStateMachine4Testing.java:applyTransaction(248)) - applyTransaction for log index 19
2023-10-31 16:06:36,794 [s1@group-9A22CC0201A6-StateMachineUpdater] INFO  impl.SimpleStateMachine4Testing (SimpleStateMachine4Testing.java:put(205)) - s1: put 19, m9 -> (t:1, i:19), STATEMACHINELOGENTRY, 291@client-F8E1CCABC060
2023-10-31 16:06:36,798 [HandlerDaemon-1] DEBUG raftlog.RaftLog (SegmentedRaftLog.java:appendImpl(463)) - truncateIndex=-1, arrayIndex=0
2023-10-31 16:06:36,805 [s1@group-9A22CC0201A6-StateMachineUpdater] INFO  impl.SimpleStateMachine4Testing (SimpleStateMachine4Testing.java:applyTransaction(248)) - applyTransaction for log index 21
2023-10-31 16:06:36,805 [s1@group-9A22CC0201A6-StateMachineUpdater] INFO  impl.SimpleStateMachine4Testing (SimpleStateMachine4Testing.java:put(205)) - s1: put 21, m10 -> (t:1, i:21), STATEMACHINELOGENTRY, 323@client-226661BBA0EF
2023-10-31 16:06:36,805 [s1@group-9A22CC0201A6-StateMachineUpdater] INFO  impl.SimpleStateMachine4Testing (SimpleStateMachine4Testing.java:applyTransaction(248)) - applyTransaction for log index 23
2023-10-31 16:06:36,805 [s1@group-9A22CC0201A6-StateMachineUpdater] INFO  impl.SimpleStateMachine4Testing (SimpleStateMachine4Testing.java:put(205)) - s1: put 23, m11 -> (t:1, i:23), STATEMACHINELOGENTRY, 326@client-226661BBA0EF
2023-10-31 16:06:36,805 [s1@group-9A22CC0201A6-StateMachineUpdater] INFO  impl.SimpleStateMachine4Testing (SimpleStateMachine4Testing.java:applyTransaction(248)) - applyTransaction for log index 25
2023-10-31 16:06:36,805 [s1@group-9A22CC0201A6-StateMachineUpdater] INFO  impl.SimpleStateMachine4Testing (SimpleStateMachine4Testing.java:put(205)) - s1: put 25, m12 -> (t:1, i:25), STATEMACHINELOGENTRY, 328@client-226661BBA0EF
2023-10-31 16:06:36,806 [s1@group-9A22CC0201A6-StateMachineUpdater] INFO  impl.SimpleStateMachine4Testing (SimpleStateMachine4Testing.java:applyTransaction(248)) - applyTransaction for log index 27
2023-10-31 16:06:36,806 [s1@group-9A22CC0201A6-StateMachineUpdater] INFO  impl.SimpleStateMachine4Testing (SimpleStateMachine4Testing.java:put(205)) - s1: put 27, m13 -> (t:1, i:27), STATEMACHINELOGENTRY, 330@client-226661BBA0EF
2023-10-31 16:06:36,806 [s1@group-9A22CC0201A6-StateMachineUpdater] INFO  impl.SimpleStateMachine4Testing (SimpleStateMachine4Testing.java:applyTransaction(248)) - applyTransaction for log index 29
2023-10-31 16:06:36,806 [s1@group-9A22CC0201A6-StateMachineUpdater] INFO  impl.SimpleStateMachine4Testing (SimpleStateMachine4Testing.java:put(205)) - s1: put 29, m14 -> (t:1, i:29), STATEMACHINELOGENTRY, 332@client-226661BBA0EF
2023-10-31 16:06:36,806 [s1@group-9A22CC0201A6-StateMachineUpdater] INFO  impl.SimpleStateMachine4Testing (SimpleStateMachine4Testing.java:applyTransaction(248)) - applyTransaction for log index 31
2023-10-31 16:06:36,806 [s1@group-9A22CC0201A6-StateMachineUpdater] INFO  impl.SimpleStateMachine4Testing (SimpleStateMachine4Testing.java:put(205)) - s1: put 31, m15 -> (t:1, i:31), STATEMACHINELOGENTRY, 334@client-226661BBA0EF
2023-10-31 16:06:36,806 [s1@group-9A22CC0201A6-StateMachineUpdater] INFO  impl.SimpleStateMachine4Testing (SimpleStateMachine4Testing.java:applyTransaction(248)) - applyTransaction for log index 33
2023-10-31 16:06:36,806 [s1@group-9A22CC0201A6-StateMachineUpdater] INFO  impl.SimpleStateMachine4Testing (SimpleStateMachine4Testing.java:put(205)) - s1: put 33, m16 -> (t:1, i:33), STATEMACHINELOGENTRY, 336@client-226661BBA0EF
2023-10-31 16:06:36,806 [s1@group-9A22CC0201A6-StateMachineUpdater] INFO  impl.SimpleStateMachine4Testing (SimpleStateMachine4Testing.java:applyTransaction(248)) - applyTransaction for log index 35
2023-10-31 16:06:36,806 [s1@group-9A22CC0201A6-StateMachineUpdater] INFO  impl.SimpleStateMachine4Testing (SimpleStateMachine4Testing.java:put(205)) - s1: put 35, m17 -> (t:1, i:35), STATEMACHINELOGENTRY, 338@client-226661BBA0EF
2023-10-31 16:06:36,806 [s1@group-9A22CC0201A6-StateMachineUpdater] INFO  impl.SimpleStateMachine4Testing (SimpleStateMachine4Testing.java:applyTransaction(248)) - applyTransaction for log index 37
2023-10-31 16:06:36,807 [s1@group-9A22CC0201A6-StateMachineUpdater] INFO  impl.SimpleStateMachine4Testing (SimpleStateMachine4Testing.java:put(205)) - s1: put 37, m18 -> (t:1, i:37), STATEMACHINELOGENTRY, 340@client-226661BBA0EF
2023-10-31 16:06:36,807 [s1@group-9A22CC0201A6-StateMachineUpdater] INFO  impl.SimpleStateMachine4Testing (SimpleStateMachine4Testing.java:applyTransaction(248)) - applyTransaction for log index 39
2023-10-31 16:06:36,807 [s1@group-9A22CC0201A6-StateMachineUpdater] INFO  impl.SimpleStateMachine4Testing (SimpleStateMachine4Testing.java:put(205)) - s1: put 39, m19 -> (t:1, i:39), STATEMACHINELOGENTRY, 342@client-226661BBA0EF
2023-10-31 16:06:36,843 [Time-limited test] INFO  impl.MiniRaftCluster (MiniRaftCluster.java:killServer(533)) - killServer s1
2023-10-31 16:06:36,844 [Time-limited test] INFO  server.RaftServer (RaftServerProxy.java:lambda$close$9(416)) - s1: close
2023-10-31 16:06:36,844 [s1-impl-thread1] INFO  server.RaftServer$Division (RaftServerImpl.java:lambda$close$3(514)) - s1@group-9A22CC0201A6: shutdown
2023-10-31 16:06:36,844 [HandlerDaemon-0] INFO  simulation.RequestHandler (RequestHandler.java:run(127)) - s1.clientHandler0 is interrupted by java.io.InterruptedIOException: 
2023-10-31 16:06:36,844 [s1-impl-thread1] INFO  util.JmxRegister (JmxRegister.java:unregister(73)) - Successfully un-registered JMX Bean with object name Ratis:service=RaftServer,group=group-9A22CC0201A6,id=s1
2023-10-31 16:06:36,844 [s1-impl-thread1] INFO  impl.RoleInfo (RoleInfo.java:shutdownFollowerState(109)) - s1: shutdown s1@group-9A22CC0201A6-FollowerState
2023-10-31 16:06:36,844 [HandlerDaemon-1] INFO  simulation.RequestHandler (RequestHandler.java:run(127)) - s1.clientHandler1 is interrupted by java.io.InterruptedIOException: 
2023-10-31 16:06:36,844 [s1-impl-thread1] INFO  impl.StateMachineUpdater (StateMachineUpdater.java:stopAndJoin(157)) - s1@group-9A22CC0201A6-StateMachineUpdater: set stopIndex = 40
2023-10-31 16:06:36,844 [HandlerDaemon-2] INFO  simulation.RequestHandler (RequestHandler.java:run(127)) - s1.clientHandler2 is interrupted by java.io.InterruptedIOException: 
2023-10-31 16:06:36,844 [HandlerDaemon-1] INFO  simulation.RequestHandler (RequestHandler.java:run(127)) - s1.serverHandler1 is interrupted by java.io.InterruptedIOException: 
2023-10-31 16:06:36,844 [s1@group-9A22CC0201A6-FollowerState] INFO  impl.FollowerState (FollowerState.java:run(152)) - s1@group-9A22CC0201A6-FollowerState was interrupted
2023-10-31 16:06:36,844 [HandlerDaemon-0] INFO  simulation.RequestHandler (RequestHandler.java:run(127)) - s1.serverHandler0 is interrupted by java.io.InterruptedIOException: 
2023-10-31 16:06:36,845 [HandlerDaemon-2] INFO  simulation.RequestHandler (RequestHandler.java:run(127)) - s1.serverHandler2 is interrupted by java.io.InterruptedIOException: 
2023-10-31 16:06:36,845 [s1-impl-thread1] INFO  server.RaftServer$Division (ServerState.java:close(423)) - s1@group-9A22CC0201A6: applyIndex: 40
2023-10-31 16:06:36,845 [s1@group-9A22CC0201A6-cacheEviction-AwaitToRun] INFO  util.AwaitToRun (AwaitToRun.java:run(49)) - s1@group-9A22CC0201A6-cacheEviction-AwaitToRun-AwaitForSignal is interrupted
2023-10-31 16:06:36,881 [s0@group-9A22CC0201A6->s1-LogAppenderDefault-LogAppenderDaemon] WARN  leader.LogAppender (LogAppenderDefault.java:sendAppendEntriesWithRetries(90)) - s0@group-9A22CC0201A6->s1-LogAppenderDefault: Failed to appendEntries (retry=1): {}
java.io.IOException: The peer s1 is not alive.
	at org.apache.ratis.server.simulation.SimulatedRequestReply.sendRequest(SimulatedRequestReply.java:117)
	at org.apache.ratis.server.simulation.SimulatedServerRpc.appendEntries(SimulatedServerRpc.java:115)
	at org.apache.ratis.server.leader.LogAppenderDefault.sendAppendEntriesWithRetries(LogAppenderDefault.java:79)
	at org.apache.ratis.server.leader.LogAppenderDefault.run(LogAppenderDefault.java:156)
	at org.apache.ratis.server.leader.LogAppenderDaemon.run(LogAppenderDaemon.java:78)
	at java.base/java.lang.Thread.run(Thread.java:829)
2023-10-31 16:06:36,918 [s0@group-9A22CC0201A6->s1-LogAppenderDefault-LogAppenderDaemon] WARN  leader.LogAppender (LogAppenderDefault.java:sendAppendEntriesWithRetries(90)) - s0@group-9A22CC0201A6->s1-LogAppenderDefault: Failed to appendEntries (retry=1): {}
java.io.IOException: The peer s1 is not alive.
	at org.apache.ratis.server.simulation.SimulatedRequestReply.sendRequest(SimulatedRequestReply.java:117)
	at org.apache.ratis.server.simulation.SimulatedServerRpc.appendEntries(SimulatedServerRpc.java:115)
	at org.apache.ratis.server.leader.LogAppenderDefault.sendAppendEntriesWithRetries(LogAppenderDefault.java:79)
	at org.apache.ratis.server.leader.LogAppenderDefault.run(LogAppenderDefault.java:156)
	at org.apache.ratis.server.leader.LogAppenderDaemon.run(LogAppenderDaemon.java:78)
	at java.base/java.lang.Thread.run(Thread.java:829)
2023-10-31 16:06:36,956 [s0@group-9A22CC0201A6->s1-LogAppenderDefault-LogAppenderDaemon] WARN  leader.LogAppender (LogAppenderDefault.java:sendAppendEntriesWithRetries(90)) - s0@group-9A22CC0201A6->s1-LogAppenderDefault: Failed to appendEntries (retry=1): {}
java.io.IOException: The peer s1 is not alive.
	at org.apache.ratis.server.simulation.SimulatedRequestReply.sendRequest(SimulatedRequestReply.java:117)
	at org.apache.ratis.server.simulation.SimulatedServerRpc.appendEntries(SimulatedServerRpc.java:115)
	at org.apache.ratis.server.leader.LogAppenderDefault.sendAppendEntriesWithRetries(LogAppenderDefault.java:79)
	at org.apache.ratis.server.leader.LogAppenderDefault.run(LogAppenderDefault.java:156)
	at org.apache.ratis.server.leader.LogAppenderDaemon.run(LogAppenderDaemon.java:78)
	at java.base/java.lang.Thread.run(Thread.java:829)
2023-10-31 16:06:36,993 [s0@group-9A22CC0201A6->s1-LogAppenderDefault-LogAppenderDaemon] WARN  leader.LogAppender (LogAppenderDefault.java:sendAppendEntriesWithRetries(90)) - s0@group-9A22CC0201A6->s1-LogAppenderDefault: Failed to appendEntries (retry=1): {}
java.io.IOException: The peer s1 is not alive.
	at org.apache.ratis.server.simulation.SimulatedRequestReply.sendRequest(SimulatedRequestReply.java:117)
	at org.apache.ratis.server.simulation.SimulatedServerRpc.appendEntries(SimulatedServerRpc.java:115)
	at org.apache.ratis.server.leader.LogAppenderDefault.sendAppendEntriesWithRetries(LogAppenderDefault.java:79)
	at org.apache.ratis.server.leader.LogAppenderDefault.run(LogAppenderDefault.java:156)
	at org.apache.ratis.server.leader.LogAppenderDaemon.run(LogAppenderDaemon.java:78)
	at java.base/java.lang.Thread.run(Thread.java:829)
2023-10-31 16:06:37,031 [s0@group-9A22CC0201A6->s1-LogAppenderDefault-LogAppenderDaemon] WARN  leader.LogAppender (LogAppenderDefault.java:sendAppendEntriesWithRetries(90)) - s0@group-9A22CC0201A6->s1-LogAppenderDefault: Failed to appendEntries (retry=1): {}
java.io.IOException: The peer s1 is not alive.
	at org.apache.ratis.server.simulation.SimulatedRequestReply.sendRequest(SimulatedRequestReply.java:117)
	at org.apache.ratis.server.simulation.SimulatedServerRpc.appendEntries(SimulatedServerRpc.java:115)
	at org.apache.ratis.server.leader.LogAppenderDefault.sendAppendEntriesWithRetries(LogAppenderDefault.java:79)
	at org.apache.ratis.server.leader.LogAppenderDefault.run(LogAppenderDefault.java:156)
	at org.apache.ratis.server.leader.LogAppenderDaemon.run(LogAppenderDaemon.java:78)
	at java.base/java.lang.Thread.run(Thread.java:829)
2023-10-31 16:06:37,068 [s0@group-9A22CC0201A6->s1-LogAppenderDefault-LogAppenderDaemon] WARN  leader.LogAppender (LogAppenderDefault.java:sendAppendEntriesWithRetries(90)) - s0@group-9A22CC0201A6->s1-LogAppenderDefault: Failed to appendEntries (retry=1): {}
java.io.IOException: The peer s1 is not alive.
	at org.apache.ratis.server.simulation.SimulatedRequestReply.sendRequest(SimulatedRequestReply.java:117)
	at org.apache.ratis.server.simulation.SimulatedServerRpc.appendEntries(SimulatedServerRpc.java:115)
	at org.apache.ratis.server.leader.LogAppenderDefault.sendAppendEntriesWithRetries(LogAppenderDefault.java:79)
	at org.apache.ratis.server.leader.LogAppenderDefault.run(LogAppenderDefault.java:156)
	at org.apache.ratis.server.leader.LogAppenderDaemon.run(LogAppenderDaemon.java:78)
	at java.base/java.lang.Thread.run(Thread.java:829)
2023-10-31 16:06:37,106 [s0@group-9A22CC0201A6->s1-LogAppenderDefault-LogAppenderDaemon] WARN  leader.LogAppender (LogAppenderDefault.java:sendAppendEntriesWithRetries(90)) - s0@group-9A22CC0201A6->s1-LogAppenderDefault: Failed to appendEntries (retry=1): {}
java.io.IOException: The peer s1 is not alive.
	at org.apache.ratis.server.simulation.SimulatedRequestReply.sendRequest(SimulatedRequestReply.java:117)
	at org.apache.ratis.server.simulation.SimulatedServerRpc.appendEntries(SimulatedServerRpc.java:115)
	at org.apache.ratis.server.leader.LogAppenderDefault.sendAppendEntriesWithRetries(LogAppenderDefault.java:79)
	at org.apache.ratis.server.leader.LogAppenderDefault.run(LogAppenderDefault.java:156)
	at org.apache.ratis.server.leader.LogAppenderDaemon.run(LogAppenderDaemon.java:78)
	at java.base/java.lang.Thread.run(Thread.java:829)
2023-10-31 16:06:37,144 [s0@group-9A22CC0201A6->s1-LogAppenderDefault-LogAppenderDaemon] WARN  leader.LogAppender (LogAppenderDefault.java:sendAppendEntriesWithRetries(90)) - s0@group-9A22CC0201A6->s1-LogAppenderDefault: Failed to appendEntries (retry=1): {}
java.io.IOException: The peer s1 is not alive.
	at org.apache.ratis.server.simulation.SimulatedRequestReply.sendRequest(SimulatedRequestReply.java:117)
	at org.apache.ratis.server.simulation.SimulatedServerRpc.appendEntries(SimulatedServerRpc.java:115)
	at org.apache.ratis.server.leader.LogAppenderDefault.sendAppendEntriesWithRetries(LogAppenderDefault.java:79)
	at org.apache.ratis.server.leader.LogAppenderDefault.run(LogAppenderDefault.java:156)
	at org.apache.ratis.server.leader.LogAppenderDaemon.run(LogAppenderDaemon.java:78)
	at java.base/java.lang.Thread.run(Thread.java:829)
2023-10-31 16:06:37,181 [s0@group-9A22CC0201A6->s1-LogAppenderDefault-LogAppenderDaemon] WARN  leader.LogAppender (LogAppenderDefault.java:sendAppendEntriesWithRetries(90)) - s0@group-9A22CC0201A6->s1-LogAppenderDefault: Failed to appendEntries (retry=1): {}
java.io.IOException: The peer s1 is not alive.
	at org.apache.ratis.server.simulation.SimulatedRequestReply.sendRequest(SimulatedRequestReply.java:117)
	at org.apache.ratis.server.simulation.SimulatedServerRpc.appendEntries(SimulatedServerRpc.java:115)
	at org.apache.ratis.server.leader.LogAppenderDefault.sendAppendEntriesWithRetries(LogAppenderDefault.java:79)
	at org.apache.ratis.server.leader.LogAppenderDefault.run(LogAppenderDefault.java:156)
	at org.apache.ratis.server.leader.LogAppenderDaemon.run(LogAppenderDaemon.java:78)
	at java.base/java.lang.Thread.run(Thread.java:829)
2023-10-31 16:06:37,219 [s0@group-9A22CC0201A6->s1-LogAppenderDefault-LogAppenderDaemon] WARN  leader.LogAppender (LogAppenderDefault.java:sendAppendEntriesWithRetries(90)) - s0@group-9A22CC0201A6->s1-LogAppenderDefault: Failed to appendEntries (retry=1): {}
java.io.IOException: The peer s1 is not alive.
	at org.apache.ratis.server.simulation.SimulatedRequestReply.sendRequest(SimulatedRequestReply.java:117)
	at org.apache.ratis.server.simulation.SimulatedServerRpc.appendEntries(SimulatedServerRpc.java:115)
	at org.apache.ratis.server.leader.LogAppenderDefault.sendAppendEntriesWithRetries(LogAppenderDefault.java:79)
	at org.apache.ratis.server.leader.LogAppenderDefault.run(LogAppenderDefault.java:156)
	at org.apache.ratis.server.leader.LogAppenderDaemon.run(LogAppenderDaemon.java:78)
	at java.base/java.lang.Thread.run(Thread.java:829)
2023-10-31 16:06:37,257 [s0@group-9A22CC0201A6->s1-LogAppenderDefault-LogAppenderDaemon] WARN  leader.LogAppender (LogAppenderDefault.java:sendAppendEntriesWithRetries(90)) - s0@group-9A22CC0201A6->s1-LogAppenderDefault: Failed to appendEntries (retry=1): {}
java.io.IOException: The peer s1 is not alive.
	at org.apache.ratis.server.simulation.SimulatedRequestReply.sendRequest(SimulatedRequestReply.java:117)
	at org.apache.ratis.server.simulation.SimulatedServerRpc.appendEntries(SimulatedServerRpc.java:115)
	at org.apache.ratis.server.leader.LogAppenderDefault.sendAppendEntriesWithRetries(LogAppenderDefault.java:79)
	at org.apache.ratis.server.leader.LogAppenderDefault.run(LogAppenderDefault.java:156)
	at org.apache.ratis.server.leader.LogAppenderDaemon.run(LogAppenderDaemon.java:78)
	at java.base/java.lang.Thread.run(Thread.java:829)
2023-10-31 16:06:37,294 [s0@group-9A22CC0201A6->s1-LogAppenderDefault-LogAppenderDaemon] WARN  leader.LogAppender (LogAppenderDefault.java:sendAppendEntriesWithRetries(90)) - s0@group-9A22CC0201A6->s1-LogAppenderDefault: Failed to appendEntries (retry=1): {}
java.io.IOException: The peer s1 is not alive.
	at org.apache.ratis.server.simulation.SimulatedRequestReply.sendRequest(SimulatedRequestReply.java:117)
	at org.apache.ratis.server.simulation.SimulatedServerRpc.appendEntries(SimulatedServerRpc.java:115)
	at org.apache.ratis.server.leader.LogAppenderDefault.sendAppendEntriesWithRetries(LogAppenderDefault.java:79)
	at org.apache.ratis.server.leader.LogAppenderDefault.run(LogAppenderDefault.java:156)
	at org.apache.ratis.server.leader.LogAppenderDaemon.run(LogAppenderDaemon.java:78)
	at java.base/java.lang.Thread.run(Thread.java:829)
2023-10-31 16:06:37,332 [s0@group-9A22CC0201A6->s1-LogAppenderDefault-LogAppenderDaemon] WARN  leader.LogAppender (LogAppenderDefault.java:sendAppendEntriesWithRetries(90)) - s0@group-9A22CC0201A6->s1-LogAppenderDefault: Failed to appendEntries (retry=1): {}
java.io.IOException: The peer s1 is not alive.
	at org.apache.ratis.server.simulation.SimulatedRequestReply.sendRequest(SimulatedRequestReply.java:117)
	at org.apache.ratis.server.simulation.SimulatedServerRpc.appendEntries(SimulatedServerRpc.java:115)
	at org.apache.ratis.server.leader.LogAppenderDefault.sendAppendEntriesWithRetries(LogAppenderDefault.java:79)
	at org.apache.ratis.server.leader.LogAppenderDefault.run(LogAppenderDefault.java:156)
	at org.apache.ratis.server.leader.LogAppenderDaemon.run(LogAppenderDaemon.java:78)
	at java.base/java.lang.Thread.run(Thread.java:829)
2023-10-31 16:06:37,369 [s0@group-9A22CC0201A6->s1-LogAppenderDefault-LogAppenderDaemon] WARN  leader.LogAppender (LogAppenderDefault.java:sendAppendEntriesWithRetries(90)) - s0@group-9A22CC0201A6->s1-LogAppenderDefault: Failed to appendEntries (retry=1): {}
java.io.IOException: The peer s1 is not alive.
	at org.apache.ratis.server.simulation.SimulatedRequestReply.sendRequest(SimulatedRequestReply.java:117)
	at org.apache.ratis.server.simulation.SimulatedServerRpc.appendEntries(SimulatedServerRpc.java:115)
	at org.apache.ratis.server.leader.LogAppenderDefault.sendAppendEntriesWithRetries(LogAppenderDefault.java:79)
	at org.apache.ratis.server.leader.LogAppenderDefault.run(LogAppenderDefault.java:156)
	at org.apache.ratis.server.leader.LogAppenderDaemon.run(LogAppenderDaemon.java:78)
	at java.base/java.lang.Thread.run(Thread.java:829)
2023-10-31 16:06:37,407 [s0@group-9A22CC0201A6->s1-LogAppenderDefault-LogAppenderDaemon] WARN  leader.LogAppender (LogAppenderDefault.java:sendAppendEntriesWithRetries(90)) - s0@group-9A22CC0201A6->s1-LogAppenderDefault: Failed to appendEntries (retry=1): {}
java.io.IOException: The peer s1 is not alive.
	at org.apache.ratis.server.simulation.SimulatedRequestReply.sendRequest(SimulatedRequestReply.java:117)
	at org.apache.ratis.server.simulation.SimulatedServerRpc.appendEntries(SimulatedServerRpc.java:115)
	at org.apache.ratis.server.leader.LogAppenderDefault.sendAppendEntriesWithRetries(LogAppenderDefault.java:79)
	at org.apache.ratis.server.leader.LogAppenderDefault.run(LogAppenderDefault.java:156)
	at org.apache.ratis.server.leader.LogAppenderDaemon.run(LogAppenderDaemon.java:78)
	at java.base/java.lang.Thread.run(Thread.java:829)
2023-10-31 16:06:37,445 [s0@group-9A22CC0201A6->s1-LogAppenderDefault-LogAppenderDaemon] WARN  leader.LogAppender (LogAppenderDefault.java:sendAppendEntriesWithRetries(90)) - s0@group-9A22CC0201A6->s1-LogAppenderDefault: Failed to appendEntries (retry=1): {}
java.io.IOException: The peer s1 is not alive.
	at org.apache.ratis.server.simulation.SimulatedRequestReply.sendRequest(SimulatedRequestReply.java:117)
	at org.apache.ratis.server.simulation.SimulatedServerRpc.appendEntries(SimulatedServerRpc.java:115)
	at org.apache.ratis.server.leader.LogAppenderDefault.sendAppendEntriesWithRetries(LogAppenderDefault.java:79)
	at org.apache.ratis.server.leader.LogAppenderDefault.run(LogAppenderDefault.java:156)
	at org.apache.ratis.server.leader.LogAppenderDaemon.run(LogAppenderDaemon.java:78)
	at java.base/java.lang.Thread.run(Thread.java:829)
2023-10-31 16:06:37,482 [s0@group-9A22CC0201A6->s1-LogAppenderDefault-LogAppenderDaemon] WARN  leader.LogAppender (LogAppenderDefault.java:sendAppendEntriesWithRetries(90)) - s0@group-9A22CC0201A6->s1-LogAppenderDefault: Failed to appendEntries (retry=1): {}
java.io.IOException: The peer s1 is not alive.
	at org.apache.ratis.server.simulation.SimulatedRequestReply.sendRequest(SimulatedRequestReply.java:117)
	at org.apache.ratis.server.simulation.SimulatedServerRpc.appendEntries(SimulatedServerRpc.java:115)
	at org.apache.ratis.server.leader.LogAppenderDefault.sendAppendEntriesWithRetries(LogAppenderDefault.java:79)
	at org.apache.ratis.server.leader.LogAppenderDefault.run(LogAppenderDefault.java:156)
	at org.apache.ratis.server.leader.LogAppenderDaemon.run(LogAppenderDaemon.java:78)
	at java.base/java.lang.Thread.run(Thread.java:829)
2023-10-31 16:06:37,520 [s0@group-9A22CC0201A6->s1-LogAppenderDefault-LogAppenderDaemon] WARN  leader.LogAppender (LogAppenderDefault.java:sendAppendEntriesWithRetries(90)) - s0@group-9A22CC0201A6->s1-LogAppenderDefault: Failed to appendEntries (retry=1): {}
java.io.IOException: The peer s1 is not alive.
	at org.apache.ratis.server.simulation.SimulatedRequestReply.sendRequest(SimulatedRequestReply.java:117)
	at org.apache.ratis.server.simulation.SimulatedServerRpc.appendEntries(SimulatedServerRpc.java:115)
	at org.apache.ratis.server.leader.LogAppenderDefault.sendAppendEntriesWithRetries(LogAppenderDefault.java:79)
	at org.apache.ratis.server.leader.LogAppenderDefault.run(LogAppenderDefault.java:156)
	at org.apache.ratis.server.leader.LogAppenderDaemon.run(LogAppenderDaemon.java:78)
	at java.base/java.lang.Thread.run(Thread.java:829)
2023-10-31 16:06:37,557 [s0@group-9A22CC0201A6->s1-LogAppenderDefault-LogAppenderDaemon] WARN  leader.LogAppender (LogAppenderDefault.java:sendAppendEntriesWithRetries(90)) - s0@group-9A22CC0201A6->s1-LogAppenderDefault: Failed to appendEntries (retry=1): {}
java.io.IOException: The peer s1 is not alive.
	at org.apache.ratis.server.simulation.SimulatedRequestReply.sendRequest(SimulatedRequestReply.java:117)
	at org.apache.ratis.server.simulation.SimulatedServerRpc.appendEntries(SimulatedServerRpc.java:115)
	at org.apache.ratis.server.leader.LogAppenderDefault.sendAppendEntriesWithRetries(LogAppenderDefault.java:79)
	at org.apache.ratis.server.leader.LogAppenderDefault.run(LogAppenderDefault.java:156)
	at org.apache.ratis.server.leader.LogAppenderDaemon.run(LogAppenderDaemon.java:78)
	at java.base/java.lang.Thread.run(Thread.java:829)
2023-10-31 16:06:37,594 [s0@group-9A22CC0201A6->s1-LogAppenderDefault-LogAppenderDaemon] WARN  leader.LogAppender (LogAppenderDefault.java:sendAppendEntriesWithRetries(90)) - s0@group-9A22CC0201A6->s1-LogAppenderDefault: Failed to appendEntries (retry=1): {}
java.io.IOException: The peer s1 is not alive.
	at org.apache.ratis.server.simulation.SimulatedRequestReply.sendRequest(SimulatedRequestReply.java:117)
	at org.apache.ratis.server.simulation.SimulatedServerRpc.appendEntries(SimulatedServerRpc.java:115)
	at org.apache.ratis.server.leader.LogAppenderDefault.sendAppendEntriesWithRetries(LogAppenderDefault.java:79)
	at org.apache.ratis.server.leader.LogAppenderDefault.run(LogAppenderDefault.java:156)
	at org.apache.ratis.server.leader.LogAppenderDaemon.run(LogAppenderDaemon.java:78)
	at java.base/java.lang.Thread.run(Thread.java:829)
2023-10-31 16:06:37,632 [s0@group-9A22CC0201A6->s1-LogAppenderDefault-LogAppenderDaemon] WARN  leader.LogAppender (LogAppenderDefault.java:sendAppendEntriesWithRetries(90)) - s0@group-9A22CC0201A6->s1-LogAppenderDefault: Failed to appendEntries (retry=1): {}
java.io.IOException: The peer s1 is not alive.
	at org.apache.ratis.server.simulation.SimulatedRequestReply.sendRequest(SimulatedRequestReply.java:117)
	at org.apache.ratis.server.simulation.SimulatedServerRpc.appendEntries(SimulatedServerRpc.java:115)
	at org.apache.ratis.server.leader.LogAppenderDefault.sendAppendEntriesWithRetries(LogAppenderDefault.java:79)
	at org.apache.ratis.server.leader.LogAppenderDefault.run(LogAppenderDefault.java:156)
	at org.apache.ratis.server.leader.LogAppenderDaemon.run(LogAppenderDaemon.java:78)
	at java.base/java.lang.Thread.run(Thread.java:829)
2023-10-31 16:06:37,669 [s0@group-9A22CC0201A6->s1-LogAppenderDefault-LogAppenderDaemon] WARN  leader.LogAppender (LogAppenderDefault.java:sendAppendEntriesWithRetries(90)) - s0@group-9A22CC0201A6->s1-LogAppenderDefault: Failed to appendEntries (retry=1): {}
java.io.IOException: The peer s1 is not alive.
	at org.apache.ratis.server.simulation.SimulatedRequestReply.sendRequest(SimulatedRequestReply.java:117)
	at org.apache.ratis.server.simulation.SimulatedServerRpc.appendEntries(SimulatedServerRpc.java:115)
	at org.apache.ratis.server.leader.LogAppenderDefault.sendAppendEntriesWithRetries(LogAppenderDefault.java:79)
	at org.apache.ratis.server.leader.LogAppenderDefault.run(LogAppenderDefault.java:156)
	at org.apache.ratis.server.leader.LogAppenderDaemon.run(LogAppenderDaemon.java:78)
	at java.base/java.lang.Thread.run(Thread.java:829)
2023-10-31 16:06:37,707 [s0@group-9A22CC0201A6->s1-LogAppenderDefault-LogAppenderDaemon] WARN  leader.LogAppender (LogAppenderDefault.java:sendAppendEntriesWithRetries(90)) - s0@group-9A22CC0201A6->s1-LogAppenderDefault: Failed to appendEntries (retry=1): {}
java.io.IOException: The peer s1 is not alive.
	at org.apache.ratis.server.simulation.SimulatedRequestReply.sendRequest(SimulatedRequestReply.java:117)
	at org.apache.ratis.server.simulation.SimulatedServerRpc.appendEntries(SimulatedServerRpc.java:115)
	at org.apache.ratis.server.leader.LogAppenderDefault.sendAppendEntriesWithRetries(LogAppenderDefault.java:79)
	at org.apache.ratis.server.leader.LogAppenderDefault.run(LogAppenderDefault.java:156)
	at org.apache.ratis.server.leader.LogAppenderDaemon.run(LogAppenderDaemon.java:78)
	at java.base/java.lang.Thread.run(Thread.java:829)
2023-10-31 16:06:37,745 [s0@group-9A22CC0201A6->s1-LogAppenderDefault-LogAppenderDaemon] WARN  leader.LogAppender (LogAppenderDefault.java:sendAppendEntriesWithRetries(90)) - s0@group-9A22CC0201A6->s1-LogAppenderDefault: Failed to appendEntries (retry=1): {}
java.io.IOException: The peer s1 is not alive.
	at org.apache.ratis.server.simulation.SimulatedRequestReply.sendRequest(SimulatedRequestReply.java:117)
	at org.apache.ratis.server.simulation.SimulatedServerRpc.appendEntries(SimulatedServerRpc.java:115)
	at org.apache.ratis.server.leader.LogAppenderDefault.sendAppendEntriesWithRetries(LogAppenderDefault.java:79)
	at org.apache.ratis.server.leader.LogAppenderDefault.run(LogAppenderDefault.java:156)
	at org.apache.ratis.server.leader.LogAppenderDaemon.run(LogAppenderDaemon.java:78)
	at java.base/java.lang.Thread.run(Thread.java:829)
2023-10-31 16:06:37,782 [s0@group-9A22CC0201A6->s1-LogAppenderDefault-LogAppenderDaemon] WARN  leader.LogAppender (LogAppenderDefault.java:sendAppendEntriesWithRetries(90)) - s0@group-9A22CC0201A6->s1-LogAppenderDefault: Failed to appendEntries (retry=1): {}
java.io.IOException: The peer s1 is not alive.
	at org.apache.ratis.server.simulation.SimulatedRequestReply.sendRequest(SimulatedRequestReply.java:117)
	at org.apache.ratis.server.simulation.SimulatedServerRpc.appendEntries(SimulatedServerRpc.java:115)
	at org.apache.ratis.server.leader.LogAppenderDefault.sendAppendEntriesWithRetries(LogAppenderDefault.java:79)
	at org.apache.ratis.server.leader.LogAppenderDefault.run(LogAppenderDefault.java:156)
	at org.apache.ratis.server.leader.LogAppenderDaemon.run(LogAppenderDaemon.java:78)
	at java.base/java.lang.Thread.run(Thread.java:829)
2023-10-31 16:06:37,804 [s1-impl-thread1] INFO  segmented.SegmentedRaftLogWorker (SegmentedRaftLogWorker.java:close(243)) - s1@group-9A22CC0201A6-SegmentedRaftLogWorker close()
2023-10-31 16:06:37,806 [JvmPauseMonitor38] INFO  util.JvmPauseMonitor (JvmPauseMonitor.java:run(152)) - JvmPauseMonitor-s1: Stopped
2023-10-31 16:06:37,806 [Time-limited test] INFO  impl.MiniRaftCluster (MiniRaftCluster.java:newRaftServer(382)) - newRaftServer: s1, group-9A22CC0201A6:[s0|localhost:38363, s1|localhost:38375, s2|localhost:35419], format? false
2023-10-31 16:06:37,806 [Time-limited test] INFO  server.RaftServer (ConfUtils.java:logGet(46)) - raft.rpc.type = org.apache.ratis.server.simulation.SimulatedRpc (custom)
2023-10-31 16:06:37,807 [Time-limited test] INFO  impl.DataStreamServerImpl (ConfUtils.java:logGet(46)) - raft.datastream.type = DISABLED (default)
2023-10-31 16:06:37,807 [Time-limited test] INFO  server.RaftServerConfigKeys (ConfUtils.java:logGet(46)) - raft.server.sleep.deviation.threshold = 300ms (default)
2023-10-31 16:06:37,807 [Time-limited test] INFO  server.RaftServerConfigKeys (ConfUtils.java:logGet(46)) - raft.server.close.threshold = 60s (default)
2023-10-31 16:06:37,807 [Time-limited test] INFO  server.RaftServerConfigKeys (ConfUtils.java:logGet(46)) - raft.server.leaderelection.leader.step-down.wait-time = 10s (default)
2023-10-31 16:06:37,807 [Time-limited test] INFO  server.RaftServerConfigKeys (ConfUtils.java:logGet(46)) - raft.server.storage.dir = [/home/runner/work/ratis/ratis/ratis-test/target/test/data/3084f93d/MiniRaftClusterWithSimulatedRpc1b4834f/s1] (custom)
2023-10-31 16:06:37,807 [Time-limited test] INFO  server.RaftServerConfigKeys (ConfUtils.java:logGet(46)) - raft.server.threadpool.proxy.cached = true (default)
2023-10-31 16:06:37,807 [Time-limited test] INFO  server.RaftServerConfigKeys (ConfUtils.java:logGet(46)) - raft.server.threadpool.proxy.size = 0 (default)
2023-10-31 16:06:37,808 [s1-impl-thread1] INFO  server.RaftServer (RaftServerProxy.java:initGroupDir(264)) - s1: found a subdirectory /home/runner/work/ratis/ratis/ratis-test/target/test/data/3084f93d/MiniRaftClusterWithSimulatedRpc1b4834f/s1/8ee38002-8325-4009-9ac6-9a22cc0201a6
2023-10-31 16:06:37,808 [Time-limited test] INFO  server.RaftServer (RaftServerProxy.java:addNew(100)) - s1: addNew group-9A22CC0201A6:[s0|localhost:38363, s1|localhost:38375, s2|localhost:35419] returns group-9A22CC0201A6:java.util.concurrent.CompletableFuture@2df7859c[Not completed]
2023-10-31 16:06:37,808 [s1-groupManagement] INFO  server.RaftServerConfigKeys (ConfUtils.java:logGet(46)) - raft.server.log.segment.size.max = 32MB (=33554432) (default)
2023-10-31 16:06:37,808 [s1-groupManagement] INFO  server.RaftServerConfigKeys (ConfUtils.java:logGet(46)) - raft.server.log.preallocated.size = 4MB (=4194304) (default)
2023-10-31 16:06:37,808 [s1-groupManagement] INFO  server.RaftServerConfigKeys (ConfUtils.java:logGet(46)) - raft.server.log.write.buffer.size = 64KB (=65536) (default)
2023-10-31 16:06:37,809 [s1-groupManagement] INFO  server.RaftServer$Division (RaftServerImpl.java:<init>(255)) - s1: new RaftServerImpl for group-9A22CC0201A6:[s0|localhost:38363, s1|localhost:38375, s2|localhost:35419] with SimpleStateMachine4Testing:uninitialized
2023-10-31 16:06:37,809 [s1-groupManagement] INFO  server.RaftServerConfigKeys (ConfUtils.java:logGet(46)) - raft.server.rpc.timeout.min = 150ms (default)
2023-10-31 16:06:37,809 [s1-groupManagement] INFO  server.RaftServerConfigKeys (ConfUtils.java:logGet(46)) - raft.server.rpc.timeout.max = 300ms (default)
2023-10-31 16:06:37,809 [s1-groupManagement] INFO  server.RaftServerConfigKeys (ConfUtils.java:logGet(46)) - raft.server.rpc.sleep.time = 25ms (default)
2023-10-31 16:06:37,809 [s1-groupManagement] INFO  server.RaftServerConfigKeys (ConfUtils.java:logGet(46)) - raft.server.rpc.slowness.timeout = 60s (default)
2023-10-31 16:06:37,809 [s1-groupManagement] INFO  server.RaftServerConfigKeys (ConfUtils.java:logGet(46)) - raft.server.leaderelection.leader.step-down.wait-time = 10s (default)
2023-10-31 16:06:37,809 [s1-groupManagement] INFO  server.RaftServerConfigKeys (ConfUtils.java:logGet(46)) - raft.server.sleep.deviation.threshold = 300ms (default)
2023-10-31 16:06:37,809 [s1-groupManagement] INFO  server.RaftServer$Division (ServerState.java:<init>(113)) - s1@group-9A22CC0201A6: ConfigurationManager, init=-1: peers:[s0|localhost:38363, s1|localhost:38375, s2|localhost:35419]|listeners:[], old=null, confs=<EMPTY_MAP>
2023-10-31 16:06:37,809 [s1-groupManagement] INFO  server.RaftServerConfigKeys (ConfUtils.java:logGet(46)) - raft.server.notification.no-leader.timeout = 60s (default)
2023-10-31 16:06:37,809 [s1-groupManagement] INFO  server.RaftServerConfigKeys (ConfUtils.java:logGet(46)) - raft.server.read.timeout = 10s (default)
2023-10-31 16:06:37,809 [s1-groupManagement] INFO  server.RaftServerConfigKeys (ConfUtils.java:logGet(46)) - raft.server.retrycache.expirytime = 60s (default)
2023-10-31 16:06:37,809 [s1-groupManagement] INFO  server.RaftServerConfigKeys (ConfUtils.java:logGet(46)) - raft.server.retrycache.statistics.expirytime = 100μs (default)
2023-10-31 16:06:37,809 [s1-groupManagement] INFO  server.RaftServerConfigKeys (ConfUtils.java:logGet(46)) - raft.server.read.option = DEFAULT (default)
2023-10-31 16:06:37,809 [s1-groupManagement] INFO  server.RaftServerConfigKeys (ConfUtils.java:logGet(46)) - raft.server.read.read-after-write-consistent.write-index-cache.expiry-time = 60s (default)
2023-10-31 16:06:37,810 [s1-groupManagement] INFO  server.RaftServerConfigKeys (ConfUtils.java:logGet(46)) - raft.server.rpc.request.timeout = 3000ms (default)
2023-10-31 16:06:37,810 [s1-groupManagement] INFO  server.RaftServerConfigKeys (ConfUtils.java:logGet(46)) - raft.server.log.appender.install.snapshot.enabled = true (default)
2023-10-31 16:06:37,810 [s1-groupManagement] INFO  server.RaftServerConfigKeys (ConfUtils.java:logGet(46)) - raft.server.threadpool.server.cached = true (default)
2023-10-31 16:06:37,810 [s1-groupManagement] INFO  server.RaftServerConfigKeys (ConfUtils.java:logGet(46)) - raft.server.threadpool.server.size = 0 (default)
2023-10-31 16:06:37,810 [s1-groupManagement] INFO  server.RaftServerConfigKeys (ConfUtils.java:logGet(46)) - raft.server.threadpool.client.cached = true (default)
2023-10-31 16:06:37,810 [s1-groupManagement] INFO  server.RaftServerConfigKeys (ConfUtils.java:logGet(46)) - raft.server.threadpool.client.size = 0 (default)
2023-10-31 16:06:37,811 [s1-impl-thread1] INFO  server.RaftServerConfigKeys (ConfUtils.java:logGet(46)) - raft.server.storage.free-space.min = 0MB (=0) (default)
2023-10-31 16:06:37,811 [s1-impl-thread1] INFO  server.RaftServerConfigKeys (ConfUtils.java:logGet(46)) - raft.server.log.corruption.policy = EXCEPTION (default)
2023-10-31 16:06:37,811 [s1-impl-thread1] INFO  server.RaftServerConfigKeys (ConfUtils.java:logGet(46)) - raft.server.storage.dir = [/home/runner/work/ratis/ratis/ratis-test/target/test/data/3084f93d/MiniRaftClusterWithSimulatedRpc1b4834f/s1] (custom)
2023-10-31 16:06:37,812 [s1-impl-thread1] INFO  storage.RaftStorageDirectory (RaftStorageDirectoryImpl.java:tryLock(232)) - Lock on /home/runner/work/ratis/ratis/ratis-test/target/test/data/3084f93d/MiniRaftClusterWithSimulatedRpc1b4834f/s1/8ee38002-8325-4009-9ac6-9a22cc0201a6/in_use.lock acquired by nodename 3366@fv-az462-937
2023-10-31 16:06:37,812 [s1-impl-thread1] INFO  storage.RaftStorage (RaftStorageImpl.java:analyzeAndRecoverStorage(117)) - Read RaftStorageMetadata{term=1, votedFor=s0} from /home/runner/work/ratis/ratis/ratis-test/target/test/data/3084f93d/MiniRaftClusterWithSimulatedRpc1b4834f/s1/8ee38002-8325-4009-9ac6-9a22cc0201a6/current/raft-meta
2023-10-31 16:06:37,813 [s1-impl-thread1] INFO  server.RaftServer$Division (ServerState.java:setRaftConf(382)) - s1@group-9A22CC0201A6: set configuration 0: peers:[s0|localhost:38363, s1|localhost:38375, s2|localhost:35419]|listeners:[], old=null
2023-10-31 16:06:37,813 [s1-impl-thread1] INFO  impl.SimpleStateMachine4Testing (SimpleStateMachine4Testing.java:initialize(213)) - Initializing SimpleStateMachine4Testing:uninitialized
2023-10-31 16:06:37,814 [s1-impl-thread1] INFO  impl.SimpleStateMachine4Testing (SimpleStateMachine4Testing.java:loadSnapshot(296)) - Loading snapshot null
2023-10-31 16:06:37,814 [s1-impl-thread1] INFO  server.RaftServerConfigKeys (ConfUtils.java:logGet(46)) - raft.server.log.use.memory = false (default)
2023-10-31 16:06:37,814 [s1-impl-thread1] INFO  server.RaftServerConfigKeys (ConfUtils.java:logGet(46)) - raft.server.log.purge.gap = 1024 (default)
2023-10-31 16:06:37,814 [s1-impl-thread1] INFO  server.RaftServerConfigKeys (ConfUtils.java:logGet(46)) - raft.server.log.appender.buffer.byte-limit = 4MB (=4194304) (default)
2023-10-31 16:06:37,814 [s1-impl-thread1] INFO  server.RaftServerConfigKeys (ConfUtils.java:logGet(46)) - raft.server.log.statemachine.data.read.timeout = 1000ms (default)
2023-10-31 16:06:37,814 [s1-impl-thread1] INFO  server.RaftServerConfigKeys (ConfUtils.java:logGet(46)) - raft.server.log.purge.preservation.log.num = 0 (default)
2023-10-31 16:06:37,814 [s1-impl-thread1] INFO  server.RaftServerConfigKeys (ConfUtils.java:logGet(46)) - raft.server.log.segment.size.max = 8KB (=8192) (custom)
2023-10-31 16:06:37,815 [s1-impl-thread1] INFO  server.RaftServerConfigKeys (ConfUtils.java:logGet(46)) - raft.server.log.segment.cache.num.max = 6 (default)
2023-10-31 16:06:37,815 [s1-impl-thread1] INFO  server.RaftServerConfigKeys (ConfUtils.java:logGet(46)) - raft.server.log.segment.cache.size.max = 200MB (=209715200) (default)
2023-10-31 16:06:37,815 [s1-impl-thread1] INFO  server.RaftServerConfigKeys (ConfUtils.java:logGet(46)) - raft.server.log.appender.buffer.byte-limit = 4MB (=4194304) (default)
2023-10-31 16:06:37,815 [s1-impl-thread1] INFO  util.AwaitToRun (AwaitToRun.java:start(81)) - Thread[s1@group-9A22CC0201A6-cacheEviction-AwaitToRun,5,main] started
2023-10-31 16:06:37,815 [s1-impl-thread1] INFO  segmented.SegmentedRaftLogWorker (SegmentedRaftLogWorker.java:<init>(184)) - new s1@group-9A22CC0201A6-SegmentedRaftLogWorker for RaftStorageImpl:Storage Directory /home/runner/work/ratis/ratis/ratis-test/target/test/data/3084f93d/MiniRaftClusterWithSimulatedRpc1b4834f/s1/8ee38002-8325-4009-9ac6-9a22cc0201a6
2023-10-31 16:06:37,815 [s1-impl-thread1] INFO  server.RaftServerConfigKeys (ConfUtils.java:logGet(46)) - raft.server.log.queue.byte-limit = 64MB (=67108864) (default)
2023-10-31 16:06:37,815 [s1-impl-thread1] INFO  server.RaftServerConfigKeys (ConfUtils.java:logGet(46)) - raft.server.log.queue.element-limit = 4096 (default)
2023-10-31 16:06:37,815 [s1-impl-thread1] INFO  server.RaftServerConfigKeys (ConfUtils.java:logGet(46)) - raft.server.log.segment.size.max = 8KB (=8192) (custom)
2023-10-31 16:06:37,815 [s1-impl-thread1] INFO  server.RaftServerConfigKeys (ConfUtils.java:logGet(46)) - raft.server.log.preallocated.size = 4MB (=4194304) (default)
2023-10-31 16:06:37,815 [s1-impl-thread1] INFO  server.RaftServerConfigKeys (ConfUtils.java:logGet(46)) - raft.server.log.force.sync.num = 128 (default)
2023-10-31 16:06:37,815 [s1-impl-thread1] INFO  server.RaftServerConfigKeys (ConfUtils.java:logGet(46)) - raft.server.log.statemachine.data.sync = true (default)
2023-10-31 16:06:37,815 [s1-impl-thread1] INFO  server.RaftServerConfigKeys (ConfUtils.java:logGet(46)) - raft.server.log.statemachine.data.sync.timeout = 10s (default)
2023-10-31 16:06:37,815 [s1-impl-thread1] INFO  server.RaftServerConfigKeys (ConfUtils.java:logGet(46)) - raft.server.log.statemachine.data.sync.timeout.retry = -1 (default)
2023-10-31 16:06:37,815 [s1-impl-thread1] INFO  server.RaftServerConfigKeys (ConfUtils.java:logGet(46)) - raft.server.log.write.buffer.size = 64KB (=65536) (default)
2023-10-31 16:06:37,815 [s1-impl-thread1] INFO  server.RaftServerConfigKeys (ConfUtils.java:logGet(46)) - raft.server.log.appender.buffer.byte-limit = 4MB (=4194304) (default)
2023-10-31 16:06:37,817 [s1-impl-thread1] INFO  server.RaftServerConfigKeys (ConfUtils.java:logGet(46)) - raft.server.log.unsafe-flush.enabled = false (default)
2023-10-31 16:06:37,817 [s1-impl-thread1] INFO  server.RaftServerConfigKeys (ConfUtils.java:logGet(46)) - raft.server.log.async-flush.enabled = false (default)
2023-10-31 16:06:37,817 [s1-impl-thread1] INFO  server.RaftServerConfigKeys (ConfUtils.java:logGet(46)) - raft.server.log.statemachine.data.caching.enabled = false (default)
2023-10-31 16:06:37,817 [s1-impl-thread1] INFO  server.RaftServer$Division (ServerState.java:setRaftConf(382)) - s1@group-9A22CC0201A6: set configuration 0: peers:[s0|localhost:38363, s1|localhost:38375, s2|localhost:35419]|listeners:[], old=null
2023-10-31 16:06:37,819 [s1-impl-thread1] INFO  segmented.LogSegment (LogSegment.java:loadSegment(170)) - Successfully read 41 entries from segment file /home/runner/work/ratis/ratis/ratis-test/target/test/data/3084f93d/MiniRaftClusterWithSimulatedRpc1b4834f/s1/8ee38002-8325-4009-9ac6-9a22cc0201a6/current/log_inprogress_0
2023-10-31 16:06:37,819 [s1-impl-thread1] INFO  segmented.SegmentedRaftLogWorker (SegmentedRaftLogWorker.java:lambda$new$0(135)) - s1@group-9A22CC0201A6-SegmentedRaftLogWorker: flushIndex: setUnconditionally 0 -> 40
2023-10-31 16:06:37,819 [s1-impl-thread1] INFO  segmented.SegmentedRaftLogWorker (SegmentedRaftLogWorker.java:lambda$new$0(135)) - s1@group-9A22CC0201A6-SegmentedRaftLogWorker: safeCacheEvictIndex: setUnconditionally 0 -> -1
2023-10-31 16:06:37,825 [s1-impl-thread1] INFO  raftlog.RaftLog (RaftLogBase.java:lambda$new$0(54)) - s1@group-9A22CC0201A6-SegmentedRaftLog: commitIndex: updateToMax old=-1, new=39, updated? true
2023-10-31 16:06:37,825 [s1-impl-thread1] INFO  server.RaftServer$Division (RaftServerImpl.java:start(390)) - s1@group-9A22CC0201A6: start as a follower, conf=0: peers:[s0|localhost:38363, s1|localhost:38375, s2|localhost:35419]|listeners:[], old=null
2023-10-31 16:06:37,825 [s1-impl-thread1] INFO  server.RaftServer$Division (RaftServerImpl.java:setRole(377)) - s1@group-9A22CC0201A6: changes role from      null to FOLLOWER at term 1 for startAsFollower
2023-10-31 16:06:37,825 [s1-impl-thread1] INFO  impl.RoleInfo (RoleInfo.java:updateAndGet(138)) - s1: start s1@group-9A22CC0201A6-FollowerState
2023-10-31 16:06:37,831 [s1-impl-thread1] INFO  util.JmxRegister (JmxRegister.java:tryRegister(44)) - Successfully registered JMX Bean with object name Ratis:service=RaftServer,group=group-9A22CC0201A6,id=s1
2023-10-31 16:06:37,831 [s1-impl-thread1] INFO  server.RaftServerConfigKeys (ConfUtils.java:logGet(46)) - raft.server.snapshot.trigger-when-stop.enabled = true (default)
2023-10-31 16:06:37,831 [s1-impl-thread1] INFO  server.RaftServerConfigKeys (ConfUtils.java:logGet(46)) - raft.server.snapshot.auto.trigger.enabled = false (default)
2023-10-31 16:06:37,831 [s1-impl-thread1] INFO  server.RaftServerConfigKeys (ConfUtils.java:logGet(46)) - raft.server.snapshot.retention.file.num = -1 (default)
2023-10-31 16:06:37,831 [s1-impl-thread1] INFO  server.RaftServerConfigKeys (ConfUtils.java:logGet(46)) - raft.server.log.purge.upto.snapshot.index = false (default)
2023-10-31 16:06:37,832 [Time-limited test] INFO  server.RaftServer (RaftServerProxy.java:startImpl(406)) - s1: start RPC server
2023-10-31 16:06:37,832 [HandlerDaemon-0] INFO  server.RaftServer$Division (RaftServerImpl.java:setFirstElection(562)) - s1@group-9A22CC0201A6: set firstElectionSinceStartup to false for appendEntries
2023-10-31 16:06:37,832 [s1@group-9A22CC0201A6-StateMachineUpdater] INFO  impl.SimpleStateMachine4Testing (SimpleStateMachine4Testing.java:applyTransaction(248)) - applyTransaction for log index 1
2023-10-31 16:06:37,832 [s1@group-9A22CC0201A6-StateMachineUpdater] INFO  impl.SimpleStateMachine4Testing (SimpleStateMachine4Testing.java:put(205)) - s1: put 1, m0 -> (t:1, i:1), STATEMACHINELOGENTRY, 253@client-F8E1CCABC060
2023-10-31 16:06:37,833 [JvmPauseMonitor39] INFO  util.JvmPauseMonitor (JvmPauseMonitor.java:run(146)) - JvmPauseMonitor-s1: Started
2023-10-31 16:06:37,833 [Time-limited test] INFO  server.RaftServer$Division (RaftServerImpl.java:lambda$close$3(514)) - s1@group-9A22CC0201A6: shutdown
2023-10-31 16:06:37,834 [Time-limited test] INFO  util.JmxRegister (JmxRegister.java:unregister(73)) - Successfully un-registered JMX Bean with object name Ratis:service=RaftServer,group=group-9A22CC0201A6,id=s1
2023-10-31 16:06:37,834 [Time-limited test] INFO  impl.RoleInfo (RoleInfo.java:shutdownFollowerState(109)) - s1: shutdown s1@group-9A22CC0201A6-FollowerState
2023-10-31 16:06:37,834 [Time-limited test] INFO  impl.StateMachineUpdater (StateMachineUpdater.java:stopAndJoin(157)) - s1@group-9A22CC0201A6-StateMachineUpdater: set stopIndex = 39
2023-10-31 16:06:37,834 [s1@group-9A22CC0201A6-FollowerState] INFO  impl.FollowerState (FollowerState.java:shouldRun(117)) - s1@group-9A22CC0201A6-FollowerState: Stopping now (isRunning? false, role = FOLLOWER)
2023-10-31 16:06:37,834 [s1@group-9A22CC0201A6-StateMachineUpdater] INFO  impl.SimpleStateMachine4Testing (SimpleStateMachine4Testing.java:applyTransaction(248)) - applyTransaction for log index 3
2023-10-31 16:06:37,834 [s1@group-9A22CC0201A6-StateMachineUpdater] INFO  impl.SimpleStateMachine4Testing (SimpleStateMachine4Testing.java:put(205)) - s1: put 3, m1 -> (t:1, i:3), STATEMACHINELOGENTRY, 257@client-F8E1CCABC060
2023-10-31 16:06:37,836 [s1@group-9A22CC0201A6-StateMachineUpdater] INFO  impl.SimpleStateMachine4Testing (SimpleStateMachine4Testing.java:applyTransaction(248)) - applyTransaction for log index 5
2023-10-31 16:06:37,836 [s1@group-9A22CC0201A6-StateMachineUpdater] INFO  impl.SimpleStateMachine4Testing (SimpleStateMachine4Testing.java:put(205)) - s1: put 5, m2 -> (t:1, i:5), STATEMACHINELOGENTRY, 262@client-F8E1CCABC060
2023-10-31 16:06:37,836 [s1@group-9A22CC0201A6-StateMachineUpdater] INFO  impl.SimpleStateMachine4Testing (SimpleStateMachine4Testing.java:applyTransaction(248)) - applyTransaction for log index 7
2023-10-31 16:06:37,836 [s1@group-9A22CC0201A6-StateMachineUpdater] INFO  impl.SimpleStateMachine4Testing (SimpleStateMachine4Testing.java:put(205)) - s1: put 7, m3 -> (t:1, i:7), STATEMACHINELOGENTRY, 266@client-F8E1CCABC060
2023-10-31 16:06:37,836 [s1@group-9A22CC0201A6-StateMachineUpdater] INFO  impl.SimpleStateMachine4Testing (SimpleStateMachine4Testing.java:applyTransaction(248)) - applyTransaction for log index 9
2023-10-31 16:06:37,836 [s1@group-9A22CC0201A6-StateMachineUpdater] INFO  impl.SimpleStateMachine4Testing (SimpleStateMachine4Testing.java:put(205)) - s1: put 9, m4 -> (t:1, i:9), STATEMACHINELOGENTRY, 270@client-F8E1CCABC060
2023-10-31 16:06:37,837 [s1@group-9A22CC0201A6-StateMachineUpdater] INFO  impl.SimpleStateMachine4Testing (SimpleStateMachine4Testing.java:applyTransaction(248)) - applyTransaction for log index 11
2023-10-31 16:06:37,837 [s1@group-9A22CC0201A6-StateMachineUpdater] INFO  impl.SimpleStateMachine4Testing (SimpleStateMachine4Testing.java:put(205)) - s1: put 11, m5 -> (t:1, i:11), STATEMACHINELOGENTRY, 275@client-F8E1CCABC060
2023-10-31 16:06:37,837 [s1@group-9A22CC0201A6-StateMachineUpdater] INFO  impl.SimpleStateMachine4Testing (SimpleStateMachine4Testing.java:applyTransaction(248)) - applyTransaction for log index 13
2023-10-31 16:06:37,837 [s1@group-9A22CC0201A6-StateMachineUpdater] INFO  impl.SimpleStateMachine4Testing (SimpleStateMachine4Testing.java:put(205)) - s1: put 13, m6 -> (t:1, i:13), STATEMACHINELOGENTRY, 278@client-F8E1CCABC060
2023-10-31 16:06:37,837 [s1@group-9A22CC0201A6-StateMachineUpdater] INFO  impl.SimpleStateMachine4Testing (SimpleStateMachine4Testing.java:applyTransaction(248)) - applyTransaction for log index 15
2023-10-31 16:06:37,837 [s1@group-9A22CC0201A6-StateMachineUpdater] INFO  impl.SimpleStateMachine4Testing (SimpleStateMachine4Testing.java:put(205)) - s1: put 15, m7 -> (t:1, i:15), STATEMACHINELOGENTRY, 282@client-F8E1CCABC060
2023-10-31 16:06:37,837 [s1@group-9A22CC0201A6-StateMachineUpdater] INFO  impl.SimpleStateMachine4Testing (SimpleStateMachine4Testing.java:applyTransaction(248)) - applyTransaction for log index 17
2023-10-31 16:06:37,837 [s1@group-9A22CC0201A6-StateMachineUpdater] INFO  impl.SimpleStateMachine4Testing (SimpleStateMachine4Testing.java:put(205)) - s1: put 17, m8 -> (t:1, i:17), STATEMACHINELOGENTRY, 288@client-F8E1CCABC060
2023-10-31 16:06:37,838 [s1@group-9A22CC0201A6-StateMachineUpdater] INFO  impl.SimpleStateMachine4Testing (SimpleStateMachine4Testing.java:applyTransaction(248)) - applyTransaction for log index 19
2023-10-31 16:06:37,838 [s1@group-9A22CC0201A6-StateMachineUpdater] INFO  impl.SimpleStateMachine4Testing (SimpleStateMachine4Testing.java:put(205)) - s1: put 19, m9 -> (t:1, i:19), STATEMACHINELOGENTRY, 291@client-F8E1CCABC060
2023-10-31 16:06:37,838 [s1@group-9A22CC0201A6-StateMachineUpdater] INFO  impl.SimpleStateMachine4Testing (SimpleStateMachine4Testing.java:applyTransaction(248)) - applyTransaction for log index 21
2023-10-31 16:06:37,838 [s1@group-9A22CC0201A6-StateMachineUpdater] INFO  impl.SimpleStateMachine4Testing (SimpleStateMachine4Testing.java:put(205)) - s1: put 21, m10 -> (t:1, i:21), STATEMACHINELOGENTRY, 323@client-226661BBA0EF
2023-10-31 16:06:37,838 [s1@group-9A22CC0201A6-StateMachineUpdater] INFO  impl.SimpleStateMachine4Testing (SimpleStateMachine4Testing.java:applyTransaction(248)) - applyTransaction for log index 23
2023-10-31 16:06:37,838 [s1@group-9A22CC0201A6-StateMachineUpdater] INFO  impl.SimpleStateMachine4Testing (SimpleStateMachine4Testing.java:put(205)) - s1: put 23, m11 -> (t:1, i:23), STATEMACHINELOGENTRY, 326@client-226661BBA0EF
2023-10-31 16:06:37,838 [s1@group-9A22CC0201A6-StateMachineUpdater] INFO  impl.SimpleStateMachine4Testing (SimpleStateMachine4Testing.java:applyTransaction(248)) - applyTransaction for log index 25
2023-10-31 16:06:37,838 [s1@group-9A22CC0201A6-StateMachineUpdater] INFO  impl.SimpleStateMachine4Testing (SimpleStateMachine4Testing.java:put(205)) - s1: put 25, m12 -> (t:1, i:25), STATEMACHINELOGENTRY, 328@client-226661BBA0EF
2023-10-31 16:06:37,838 [s1@group-9A22CC0201A6-StateMachineUpdater] INFO  impl.SimpleStateMachine4Testing (SimpleStateMachine4Testing.java:applyTransaction(248)) - applyTransaction for log index 27
2023-10-31 16:06:37,838 [s1@group-9A22CC0201A6-StateMachineUpdater] INFO  impl.SimpleStateMachine4Testing (SimpleStateMachine4Testing.java:put(205)) - s1: put 27, m13 -> (t:1, i:27), STATEMACHINELOGENTRY, 330@client-226661BBA0EF
2023-10-31 16:06:37,839 [s1@group-9A22CC0201A6-StateMachineUpdater] INFO  impl.SimpleStateMachine4Testing (SimpleStateMachine4Testing.java:applyTransaction(248)) - applyTransaction for log index 29
2023-10-31 16:06:37,839 [s1@group-9A22CC0201A6-StateMachineUpdater] INFO  impl.SimpleStateMachine4Testing (SimpleStateMachine4Testing.java:put(205)) - s1: put 29, m14 -> (t:1, i:29), STATEMACHINELOGENTRY, 332@client-226661BBA0EF
2023-10-31 16:06:37,839 [s1@group-9A22CC0201A6-StateMachineUpdater] INFO  impl.SimpleStateMachine4Testing (SimpleStateMachine4Testing.java:applyTransaction(248)) - applyTransaction for log index 31
2023-10-31 16:06:37,839 [s1@group-9A22CC0201A6-StateMachineUpdater] INFO  impl.SimpleStateMachine4Testing (SimpleStateMachine4Testing.java:put(205)) - s1: put 31, m15 -> (t:1, i:31), STATEMACHINELOGENTRY, 334@client-226661BBA0EF
2023-10-31 16:06:37,839 [s1@group-9A22CC0201A6-StateMachineUpdater] INFO  impl.SimpleStateMachine4Testing (SimpleStateMachine4Testing.java:applyTransaction(248)) - applyTransaction for log index 33
2023-10-31 16:06:37,839 [s1@group-9A22CC0201A6-StateMachineUpdater] INFO  impl.SimpleStateMachine4Testing (SimpleStateMachine4Testing.java:put(205)) - s1: put 33, m16 -> (t:1, i:33), STATEMACHINELOGENTRY, 336@client-226661BBA0EF
2023-10-31 16:06:37,839 [s1@group-9A22CC0201A6-StateMachineUpdater] INFO  impl.SimpleStateMachine4Testing (SimpleStateMachine4Testing.java:applyTransaction(248)) - applyTransaction for log index 35
2023-10-31 16:06:37,839 [s1@group-9A22CC0201A6-StateMachineUpdater] INFO  impl.SimpleStateMachine4Testing (SimpleStateMachine4Testing.java:put(205)) - s1: put 35, m17 -> (t:1, i:35), STATEMACHINELOGENTRY, 338@client-226661BBA0EF
2023-10-31 16:06:37,839 [s1@group-9A22CC0201A6-StateMachineUpdater] INFO  impl.SimpleStateMachine4Testing (SimpleStateMachine4Testing.java:applyTransaction(248)) - applyTransaction for log index 37
2023-10-31 16:06:37,839 [s1@group-9A22CC0201A6-StateMachineUpdater] INFO  impl.SimpleStateMachine4Testing (SimpleStateMachine4Testing.java:put(205)) - s1: put 37, m18 -> (t:1, i:37), STATEMACHINELOGENTRY, 340@client-226661BBA0EF
2023-10-31 16:06:37,840 [s1@group-9A22CC0201A6-StateMachineUpdater] INFO  impl.SimpleStateMachine4Testing (SimpleStateMachine4Testing.java:applyTransaction(248)) - applyTransaction for log index 39
2023-10-31 16:06:37,840 [s1@group-9A22CC0201A6-StateMachineUpdater] INFO  impl.SimpleStateMachine4Testing (SimpleStateMachine4Testing.java:put(205)) - s1: put 39, m19 -> (t:1, i:39), STATEMACHINELOGENTRY, 342@client-226661BBA0EF
2023-10-31 16:06:37,840 [Time-limited test] INFO  server.RaftServer$Division (ServerState.java:close(423)) - s1@group-9A22CC0201A6: applyIndex: 39
2023-10-31 16:06:37,840 [s1@group-9A22CC0201A6-cacheEviction-AwaitToRun] INFO  util.AwaitToRun (AwaitToRun.java:run(49)) - s1@group-9A22CC0201A6-cacheEviction-AwaitToRun-AwaitForSignal is interrupted
2023-10-31 16:06:37,843 [HandlerDaemon-0] INFO  server.RaftServer$Division (ServerState.java:setLeader(265)) - s1@group-9A22CC0201A6: change Leader from null to s0 at term 1 for appendEntries, leader elected after 23ms
2023-10-31 16:06:37,855 [HandlerDaemon-0] ERROR server.RaftServer$Division (RaftServerImpl.java:appendEntriesAsync(1465)) - s1@group-9A22CC0201A6: Failed appendEntriesAsync serverRequest {
  requestorId: "s0"
  replyId: "s1"
  raftGroupId {
    id: "\216\343\200\002\203%@\t\232\306\232\"\314\002\001\246"
  }
  callId: 500
}
leaderTerm: 1
previousLog {
  term: 1
  index: 40
}
leaderCommit: 40
initializing: true
commitInfos {
  server {
    id: "s0"
    address: "localhost:38363"
    dataStreamAddress: "localhost:38191"
    clientAddress: "localhost:46245"
    adminAddress: "localhost:38857"
    startupRole: FOLLOWER
  }
  commitIndex: 40
}
commitInfos {
  server {
    id: "s1"
    address: "localhost:38375"
    dataStreamAddress: "localhost:33113"
    clientAddress: "localhost:38235"
    adminAddress: "localhost:46345"
    startupRole: FOLLOWER
  }
  commitIndex: 40
}
commitInfos {
  server {
    id: "s2"
    address: "localhost:35419"
    dataStreamAddress: "localhost:36279"
    clientAddress: "localhost:38623"
    adminAddress: "localhost:40013"
    startupRole: FOLLOWER
  }
  commitIndex: 40
}

java.lang.IllegalStateException: s1@group-9A22CC0201A6-SegmentedRaftLog is expected to be opened but it is CLOSED
	at org.apache.ratis.util.OpenCloseState.assertOpen(OpenCloseState.java:63)
	at org.apache.ratis.server.raftlog.RaftLogBase.checkLogState(RaftLogBase.java:112)
	at org.apache.ratis.server.raftlog.segmented.SegmentedRaftLog.getTermIndex(SegmentedRaftLog.java:337)
	at org.apache.ratis.server.raftlog.RaftLog.contains(RaftLog.java:49)
	at org.apache.ratis.server.impl.ServerState.containsTermIndex(ServerState.java:494)
	at org.apache.ratis.server.impl.RaftServerImpl.checkInconsistentAppendEntries(RaftServerImpl.java:1677)
	at org.apache.ratis.server.impl.RaftServerImpl.checkInconsistentAppendEntries(RaftServerImpl.java:1641)
	at org.apache.ratis.server.impl.RaftServerImpl.appendEntriesAsync(RaftServerImpl.java:1587)
	at org.apache.ratis.server.impl.RaftServerImpl.appendEntriesAsync(RaftServerImpl.java:1462)
	at org.apache.ratis.server.impl.RaftServerImpl.appendEntries(RaftServerImpl.java:1445)
	at org.apache.ratis.server.impl.RaftServerProxy.appendEntries(RaftServerProxy.java:656)
	at org.apache.ratis.server.simulation.SimulatedServerRpc$1.handleRequest(SimulatedServerRpc.java:163)
	at org.apache.ratis.server.simulation.SimulatedServerRpc$1.handleRequest(SimulatedServerRpc.java:153)
	at org.apache.ratis.server.simulation.RequestHandler.handleRequest(RequestHandler.java:91)
	at org.apache.ratis.server.simulation.RequestHandler$HandlerDaemon.run(RequestHandler.java:125)
Caused by: org.apache.ratis.util.OpenCloseState$CloseTrace: Close s1@group-9A22CC0201A6-SegmentedRaftLog
	at org.apache.ratis.util.OpenCloseState.lambda$close$1(OpenCloseState.java:109)
	at java.base/java.util.concurrent.atomic.AtomicReference.getAndUpdate(AtomicReference.java:187)
	at org.apache.ratis.util.OpenCloseState.close(OpenCloseState.java:109)
	at org.apache.ratis.server.raftlog.RaftLogBase.close(RaftLogBase.java:386)
	at org.apache.ratis.server.raftlog.segmented.SegmentedRaftLog.close(SegmentedRaftLog.java:525)
	at org.apache.ratis.server.impl.ServerState.close(ServerState.java:427)
	at org.apache.ratis.server.impl.RaftServerImpl.lambda$close$3(RaftServerImpl.java:536)
	at org.apache.ratis.util.LifeCycle.lambda$checkStateAndClose$4(LifeCycle.java:299)
	at org.apache.ratis.util.LifeCycle.checkStateAndClose(LifeCycle.java:319)
	at org.apache.ratis.util.LifeCycle.checkStateAndClose(LifeCycle.java:297)
	at org.apache.ratis.server.impl.RaftServerImpl.close(RaftServerImpl.java:513)
	at org.apache.ratis.server.ServerRestartTests.runTestRestartFollower(ServerRestartTests.java:131)
	at org.apache.ratis.server.impl.MiniRaftCluster$Factory$Get.runWithNewCluster(MiniRaftCluster.java:141)
	at org.apache.ratis.server.impl.MiniRaftCluster$Factory$Get.runWithNewCluster(MiniRaftCluster.java:121)
	at org.apache.ratis.server.ServerRestartTests.testRestartFollower(ServerRestartTests.java:88)
	at java.base/jdk.internal.reflect.NativeMethodAccessorImpl.invoke0(Native Method)
	at java.base/jdk.internal.reflect.NativeMethodAccessorImpl.invoke(NativeMethodAccessorImpl.java:62)
	at java.base/jdk.internal.reflect.DelegatingMethodAccessorImpl.invoke(DelegatingMethodAccessorImpl.java:43)
	at java.base/java.lang.reflect.Method.invoke(Method.java:566)
	at org.junit.runners.model.FrameworkMethod$1.runReflectiveCall(FrameworkMethod.java:59)
	at org.junit.internal.runners.model.ReflectiveCallable.run(ReflectiveCallable.java:12)
	at org.junit.runners.model.FrameworkMethod.invokeExplosively(FrameworkMethod.java:56)
	at org.junit.internal.runners.statements.InvokeMethod.evaluate(InvokeMethod.java:17)
	at org.junit.internal.runners.statements.RunAfters.evaluate(RunAfters.java:27)
	at org.junit.internal.runners.statements.FailOnTimeout$CallableStatement.call(FailOnTimeout.java:299)
	at org.junit.internal.runners.statements.FailOnTimeout$CallableStatement.call(FailOnTimeout.java:293)
	at java.base/java.util.concurrent.FutureTask.run(FutureTask.java:264)
	at java.base/java.lang.Thread.run(Thread.java:829)
2023-10-31 16:06:37,856 [HandlerDaemon-0] ERROR simulation.RequestHandler (ExitUtils.java:terminate(133)) - Terminating with exit status 1: s1.serverHandler0 is terminating.
java.lang.IllegalStateException: s1@group-9A22CC0201A6-SegmentedRaftLog is expected to be opened but it is CLOSED
	at org.apache.ratis.util.OpenCloseState.assertOpen(OpenCloseState.java:63)
	at org.apache.ratis.server.raftlog.RaftLogBase.checkLogState(RaftLogBase.java:112)
	at org.apache.ratis.server.raftlog.segmented.SegmentedRaftLog.getTermIndex(SegmentedRaftLog.java:337)
	at org.apache.ratis.server.raftlog.RaftLog.contains(RaftLog.java:49)
	at org.apache.ratis.server.impl.ServerState.containsTermIndex(ServerState.java:494)
	at org.apache.ratis.server.impl.RaftServerImpl.checkInconsistentAppendEntries(RaftServerImpl.java:1677)
	at org.apache.ratis.server.impl.RaftServerImpl.checkInconsistentAppendEntries(RaftServerImpl.java:1641)
	at org.apache.ratis.server.impl.RaftServerImpl.appendEntriesAsync(RaftServerImpl.java:1587)
	at org.apache.ratis.server.impl.RaftServerImpl.appendEntriesAsync(RaftServerImpl.java:1462)
	at org.apache.ratis.server.impl.RaftServerImpl.appendEntries(RaftServerImpl.java:1445)
	at org.apache.ratis.server.impl.RaftServerProxy.appendEntries(RaftServerProxy.java:656)
	at org.apache.ratis.server.simulation.SimulatedServerRpc$1.handleRequest(SimulatedServerRpc.java:163)
	at org.apache.ratis.server.simulation.SimulatedServerRpc$1.handleRequest(SimulatedServerRpc.java:153)
	at org.apache.ratis.server.simulation.RequestHandler.handleRequest(RequestHandler.java:91)
	at org.apache.ratis.server.simulation.RequestHandler$HandlerDaemon.run(RequestHandler.java:125)
Caused by: org.apache.ratis.util.OpenCloseState$CloseTrace: Close s1@group-9A22CC0201A6-SegmentedRaftLog
	at org.apache.ratis.util.OpenCloseState.lambda$close$1(OpenCloseState.java:109)
	at java.base/java.util.concurrent.atomic.AtomicReference.getAndUpdate(AtomicReference.java:187)
	at org.apache.ratis.util.OpenCloseState.close(OpenCloseState.java:109)
	at org.apache.ratis.server.raftlog.RaftLogBase.close(RaftLogBase.java:386)
	at org.apache.ratis.server.raftlog.segmented.SegmentedRaftLog.close(SegmentedRaftLog.java:525)
	at org.apache.ratis.server.impl.ServerState.close(ServerState.java:427)
	at org.apache.ratis.server.impl.RaftServerImpl.lambda$close$3(RaftServerImpl.java:536)
	at org.apache.ratis.util.LifeCycle.lambda$checkStateAndClose$4(LifeCycle.java:299)
	at org.apache.ratis.util.LifeCycle.checkStateAndClose(LifeCycle.java:319)
	at org.apache.ratis.util.LifeCycle.checkStateAndClose(LifeCycle.java:297)
	at org.apache.ratis.server.impl.RaftServerImpl.close(RaftServerImpl.java:513)
	at org.apache.ratis.server.ServerRestartTests.runTestRestartFollower(ServerRestartTests.java:131)
	at org.apache.ratis.server.impl.MiniRaftCluster$Factory$Get.runWithNewCluster(MiniRaftCluster.java:141)
	at org.apache.ratis.server.impl.MiniRaftCluster$Factory$Get.runWithNewCluster(MiniRaftCluster.java:121)
	at org.apache.ratis.server.ServerRestartTests.testRestartFollower(ServerRestartTests.java:88)
	at java.base/jdk.internal.reflect.NativeMethodAccessorImpl.invoke0(Native Method)
	at java.base/jdk.internal.reflect.NativeMethodAccessorImpl.invoke(NativeMethodAccessorImpl.java:62)
	at java.base/jdk.internal.reflect.DelegatingMethodAccessorImpl.invoke(DelegatingMethodAccessorImpl.java:43)
	at java.base/java.lang.reflect.Method.invoke(Method.java:566)
	at org.junit.runners.model.FrameworkMethod$1.runReflectiveCall(FrameworkMethod.java:59)
	at org.junit.internal.runners.model.ReflectiveCallable.run(ReflectiveCallable.java:12)
	at org.junit.runners.model.FrameworkMethod.invokeExplosively(FrameworkMethod.java:56)
	at org.junit.internal.runners.statements.InvokeMethod.evaluate(InvokeMethod.java:17)
	at org.junit.internal.runners.statements.RunAfters.evaluate(RunAfters.java:27)
	at org.junit.internal.runners.statements.FailOnTimeout$CallableStatement.call(FailOnTimeout.java:299)
	at org.junit.internal.runners.statements.FailOnTimeout$CallableStatement.call(FailOnTimeout.java:293)
	at java.base/java.util.concurrent.FutureTask.run(FutureTask.java:264)
	at java.base/java.lang.Thread.run(Thread.java:829)
2023-10-31 16:06:38,835 [Time-limited test] INFO  segmented.SegmentedRaftLogWorker (SegmentedRaftLogWorker.java:close(243)) - s1@group-9A22CC0201A6-SegmentedRaftLogWorker close()
2023-10-31 16:06:38,836 [Time-limited test] INFO  server.RaftServer$Division (RaftServerImpl.java:lambda$close$3(514)) - s2@group-9A22CC0201A6: shutdown
2023-10-31 16:06:38,836 [Time-limited test] INFO  util.JmxRegister (JmxRegister.java:unregister(73)) - Successfully un-registered JMX Bean with object name Ratis:service=RaftServer,group=group-9A22CC0201A6,id=s2
2023-10-31 16:06:38,836 [Time-limited test] INFO  impl.RoleInfo (RoleInfo.java:shutdownFollowerState(109)) - s2: shutdown s2@group-9A22CC0201A6-FollowerState
2023-10-31 16:06:38,836 [Time-limited test] INFO  impl.StateMachineUpdater (StateMachineUpdater.java:stopAndJoin(157)) - s2@group-9A22CC0201A6-StateMachineUpdater: set stopIndex = 40
2023-10-31 16:06:38,836 [s2@group-9A22CC0201A6-FollowerState] INFO  impl.FollowerState (FollowerState.java:run(152)) - s2@group-9A22CC0201A6-FollowerState was interrupted
2023-10-31 16:06:38,836 [Time-limited test] INFO  server.RaftServer$Division (ServerState.java:close(423)) - s2@group-9A22CC0201A6: applyIndex: 40
2023-10-31 16:06:38,836 [s2@group-9A22CC0201A6-cacheEviction-AwaitToRun] INFO  util.AwaitToRun (AwaitToRun.java:run(49)) - s2@group-9A22CC0201A6-cacheEviction-AwaitToRun-AwaitForSignal is interrupted
2023-10-31 16:06:38,847 [Time-limited test] INFO  segmented.SegmentedRaftLogWorker (SegmentedRaftLogWorker.java:close(243)) - s2@group-9A22CC0201A6-SegmentedRaftLogWorker close()
2023-10-31 16:06:38,848 [Time-limited test] INFO  server.RaftServer$Division (RaftServerImpl.java:lambda$close$3(514)) - s0@group-9A22CC0201A6: shutdown
2023-10-31 16:06:38,848 [Time-limited test] INFO  util.JmxRegister (JmxRegister.java:unregister(73)) - Successfully un-registered JMX Bean with object name Ratis:service=RaftServer,group=group-9A22CC0201A6,id=s0
2023-10-31 16:06:38,848 [Time-limited test] INFO  impl.RoleInfo (RoleInfo.java:shutdownLeaderState(92)) - s0: shutdown s0@group-9A22CC0201A6-LeaderStateImpl
2023-10-31 16:06:38,848 [s0@group-9A22CC0201A6->s1-LogAppenderDefault-LogAppenderDaemon] INFO  leader.LogAppenderDaemon (LogAppenderDaemon.java:run(85)) - s0@group-9A22CC0201A6->s1-LogAppenderDefault-LogAppenderDaemon I/O was interrupted: java.io.InterruptedIOException: 
2023-10-31 16:06:38,848 [Time-limited test] INFO  impl.PendingRequests (PendingRequests.java:sendNotLeaderResponses(289)) - s0@group-9A22CC0201A6-PendingRequests: sendNotLeaderResponses
2023-10-31 16:06:38,848 [s0@group-9A22CC0201A6->s2-LogAppenderDefault-LogAppenderDaemon] INFO  leader.LogAppenderDaemon (LogAppenderDaemon.java:run(83)) - s0@group-9A22CC0201A6->s2-LogAppenderDefault-LogAppenderDaemon was interrupted: java.lang.InterruptedException
2023-10-31 16:06:38,849 [Time-limited test] INFO  impl.StateMachineUpdater (StateMachineUpdater.java:stopAndJoin(157)) - s0@group-9A22CC0201A6-StateMachineUpdater: set stopIndex = 40
2023-10-31 16:06:38,850 [Time-limited test] INFO  server.RaftServer$Division (ServerState.java:close(423)) - s0@group-9A22CC0201A6: applyIndex: 40
2023-10-31 16:06:38,850 [s0@group-9A22CC0201A6-cacheEviction-AwaitToRun] INFO  util.AwaitToRun (AwaitToRun.java:run(49)) - s0@group-9A22CC0201A6-cacheEviction-AwaitToRun-AwaitForSignal is interrupted
2023-10-31 16:06:39,845 [Time-limited test] INFO  segmented.SegmentedRaftLogWorker (SegmentedRaftLogWorker.java:close(243)) - s0@group-9A22CC0201A6-SegmentedRaftLogWorker close()
2023-10-31 16:06:39,846 [Time-limited test] TRACE util.FileUtils (LogUtils.java:runAndLog(49)) - Successfully ran FileChannel.truncate /home/runner/work/ratis/ratis/ratis-test/target/test/data/3084f93d/MiniRaftClusterWithSimulatedRpc1b4834f/s1/8ee38002-8325-4009-9ac6-9a22cc0201a6/current/log_inprogress_0 length: 1317 -> 1316
2023-10-31 16:06:39,846 [Time-limited test] INFO  impl.MiniRaftCluster (MiniRaftCluster.java:killServer(533)) - killServer s1
2023-10-31 16:06:39,846 [Time-limited test] INFO  server.RaftServer (RaftServerProxy.java:lambda$close$9(416)) - s1: close
2023-10-31 16:06:39,847 [HandlerDaemon-0] INFO  simulation.RequestHandler (RequestHandler.java:run(127)) - s1.clientHandler0 is interrupted by java.io.InterruptedIOException: 
2023-10-31 16:06:39,847 [HandlerDaemon-1] INFO  simulation.RequestHandler (RequestHandler.java:run(127)) - s1.clientHandler1 is interrupted by java.io.InterruptedIOException: 
2023-10-31 16:06:39,847 [HandlerDaemon-2] INFO  simulation.RequestHandler (RequestHandler.java:run(127)) - s1.clientHandler2 is interrupted by java.io.InterruptedIOException: 
2023-10-31 16:06:39,847 [HandlerDaemon-2] INFO  simulation.RequestHandler (RequestHandler.java:run(127)) - s1.serverHandler2 is interrupted by java.io.InterruptedIOException: 
2023-10-31 16:06:39,847 [HandlerDaemon-1] INFO  simulation.RequestHandler (RequestHandler.java:run(127)) - s1.serverHandler1 is interrupted by java.io.InterruptedIOException: 
2023-10-31 16:06:39,847 [JvmPauseMonitor39] INFO  util.JvmPauseMonitor (JvmPauseMonitor.java:run(152)) - JvmPauseMonitor-s1: Stopped
2023-10-31 16:06:39,848 [Time-limited test] INFO  impl.MiniRaftCluster (MiniRaftCluster.java:newRaftServer(382)) - newRaftServer: s1, group-9A22CC0201A6:[s0|localhost:38363, s1|localhost:38375, s2|localhost:35419], format? false
2023-10-31 16:06:39,848 [Time-limited test] INFO  server.RaftServer (ConfUtils.java:logGet(46)) - raft.rpc.type = org.apache.ratis.server.simulation.SimulatedRpc (custom)
2023-10-31 16:06:39,848 [Time-limited test] INFO  impl.DataStreamServerImpl (ConfUtils.java:logGet(46)) - raft.datastream.type = DISABLED (default)
2023-10-31 16:06:39,848 [Time-limited test] INFO  server.RaftServerConfigKeys (ConfUtils.java:logGet(46)) - raft.server.sleep.deviation.threshold = 300ms (default)
2023-10-31 16:06:39,848 [Time-limited test] INFO  server.RaftServerConfigKeys (ConfUtils.java:logGet(46)) - raft.server.close.threshold = 60s (default)
2023-10-31 16:06:39,848 [Time-limited test] INFO  server.RaftServerConfigKeys (ConfUtils.java:logGet(46)) - raft.server.leaderelection.leader.step-down.wait-time = 10s (default)
2023-10-31 16:06:39,849 [Time-limited test] INFO  server.RaftServerConfigKeys (ConfUtils.java:logGet(46)) - raft.server.storage.dir = [/home/runner/work/ratis/ratis/ratis-test/target/test/data/3084f93d/MiniRaftClusterWithSimulatedRpc1b4834f/s1] (custom)
2023-10-31 16:06:39,849 [Time-limited test] INFO  server.RaftServerConfigKeys (ConfUtils.java:logGet(46)) - raft.server.threadpool.proxy.cached = true (default)
2023-10-31 16:06:39,849 [Time-limited test] INFO  server.RaftServerConfigKeys (ConfUtils.java:logGet(46)) - raft.server.threadpool.proxy.size = 0 (default)
2023-10-31 16:06:39,849 [s1-impl-thread1] INFO  server.RaftServer (RaftServerProxy.java:initGroupDir(264)) - s1: found a subdirectory /home/runner/work/ratis/ratis/ratis-test/target/test/data/3084f93d/MiniRaftClusterWithSimulatedRpc1b4834f/s1/8ee38002-8325-4009-9ac6-9a22cc0201a6
2023-10-31 16:06:39,850 [Time-limited test] INFO  server.RaftServer (RaftServerProxy.java:addNew(100)) - s1: addNew group-9A22CC0201A6:[s0|localhost:38363, s1|localhost:38375, s2|localhost:35419] returns group-9A22CC0201A6:java.util.concurrent.CompletableFuture@63c14c1e[Not completed]
2023-10-31 16:06:39,850 [s1-groupManagement] INFO  server.RaftServerConfigKeys (ConfUtils.java:logGet(46)) - raft.server.log.segment.size.max = 32MB (=33554432) (default)
2023-10-31 16:06:39,850 [s1-groupManagement] INFO  server.RaftServerConfigKeys (ConfUtils.java:logGet(46)) - raft.server.log.preallocated.size = 4MB (=4194304) (default)
2023-10-31 16:06:39,850 [s1-groupManagement] INFO  server.RaftServerConfigKeys (ConfUtils.java:logGet(46)) - raft.server.log.write.buffer.size = 64KB (=65536) (default)
2023-10-31 16:06:39,850 [s1-groupManagement] INFO  server.RaftServer$Division (RaftServerImpl.java:<init>(255)) - s1: new RaftServerImpl for group-9A22CC0201A6:[s0|localhost:38363, s1|localhost:38375, s2|localhost:35419] with SimpleStateMachine4Testing:uninitialized
2023-10-31 16:06:39,850 [s1-groupManagement] INFO  server.RaftServerConfigKeys (ConfUtils.java:logGet(46)) - raft.server.rpc.timeout.min = 150ms (default)
2023-10-31 16:06:39,850 [s1-groupManagement] INFO  server.RaftServerConfigKeys (ConfUtils.java:logGet(46)) - raft.server.rpc.timeout.max = 300ms (default)
2023-10-31 16:06:39,850 [s1-groupManagement] INFO  server.RaftServerConfigKeys (ConfUtils.java:logGet(46)) - raft.server.rpc.sleep.time = 25ms (default)
2023-10-31 16:06:39,850 [s1-groupManagement] INFO  server.RaftServerConfigKeys (ConfUtils.java:logGet(46)) - raft.server.rpc.slowness.timeout = 60s (default)
2023-10-31 16:06:39,850 [s1-groupManagement] INFO  server.RaftServerConfigKeys (ConfUtils.java:logGet(46)) - raft.server.leaderelection.leader.step-down.wait-time = 10s (default)
2023-10-31 16:06:39,850 [s1-groupManagement] INFO  server.RaftServerConfigKeys (ConfUtils.java:logGet(46)) - raft.server.sleep.deviation.threshold = 300ms (default)
2023-10-31 16:06:39,850 [s1-groupManagement] INFO  server.RaftServer$Division (ServerState.java:<init>(113)) - s1@group-9A22CC0201A6: ConfigurationManager, init=-1: peers:[s0|localhost:38363, s1|localhost:38375, s2|localhost:35419]|listeners:[], old=null, confs=<EMPTY_MAP>
2023-10-31 16:06:39,850 [s1-groupManagement] INFO  server.RaftServerConfigKeys (ConfUtils.java:logGet(46)) - raft.server.notification.no-leader.timeout = 60s (default)
2023-10-31 16:06:39,850 [s1-groupManagement] INFO  server.RaftServerConfigKeys (ConfUtils.java:logGet(46)) - raft.server.read.timeout = 10s (default)
2023-10-31 16:06:39,850 [s1-groupManagement] INFO  server.RaftServerConfigKeys (ConfUtils.java:logGet(46)) - raft.server.retrycache.expirytime = 60s (default)
2023-10-31 16:06:39,850 [s1-groupManagement] INFO  server.RaftServerConfigKeys (ConfUtils.java:logGet(46)) - raft.server.retrycache.statistics.expirytime = 100μs (default)
2023-10-31 16:06:39,850 [s1-groupManagement] INFO  server.RaftServerConfigKeys (ConfUtils.java:logGet(46)) - raft.server.read.option = DEFAULT (default)
2023-10-31 16:06:39,850 [s1-groupManagement] INFO  server.RaftServerConfigKeys (ConfUtils.java:logGet(46)) - raft.server.read.read-after-write-consistent.write-index-cache.expiry-time = 60s (default)
2023-10-31 16:06:39,851 [s1-groupManagement] INFO  server.RaftServerConfigKeys (ConfUtils.java:logGet(46)) - raft.server.rpc.request.timeout = 3000ms (default)
2023-10-31 16:06:39,851 [s1-groupManagement] INFO  server.RaftServerConfigKeys (ConfUtils.java:logGet(46)) - raft.server.log.appender.install.snapshot.enabled = true (default)
2023-10-31 16:06:39,851 [s1-groupManagement] INFO  server.RaftServerConfigKeys (ConfUtils.java:logGet(46)) - raft.server.threadpool.server.cached = true (default)
2023-10-31 16:06:39,851 [s1-groupManagement] INFO  server.RaftServerConfigKeys (ConfUtils.java:logGet(46)) - raft.server.threadpool.server.size = 0 (default)
2023-10-31 16:06:39,851 [s1-groupManagement] INFO  server.RaftServerConfigKeys (ConfUtils.java:logGet(46)) - raft.server.threadpool.client.cached = true (default)
2023-10-31 16:06:39,851 [s1-groupManagement] INFO  server.RaftServerConfigKeys (ConfUtils.java:logGet(46)) - raft.server.threadpool.client.size = 0 (default)
2023-10-31 16:06:39,851 [s1-impl-thread1] INFO  server.RaftServerConfigKeys (ConfUtils.java:logGet(46)) - raft.server.storage.free-space.min = 0MB (=0) (default)
2023-10-31 16:06:39,851 [s1-impl-thread1] INFO  server.RaftServerConfigKeys (ConfUtils.java:logGet(46)) - raft.server.log.corruption.policy = EXCEPTION (default)
2023-10-31 16:06:39,851 [s1-impl-thread1] INFO  server.RaftServerConfigKeys (ConfUtils.java:logGet(46)) - raft.server.storage.dir = [/home/runner/work/ratis/ratis/ratis-test/target/test/data/3084f93d/MiniRaftClusterWithSimulatedRpc1b4834f/s1] (custom)
2023-10-31 16:06:39,853 [s1-impl-thread1] INFO  storage.RaftStorageDirectory (RaftStorageDirectoryImpl.java:tryLock(232)) - Lock on /home/runner/work/ratis/ratis/ratis-test/target/test/data/3084f93d/MiniRaftClusterWithSimulatedRpc1b4834f/s1/8ee38002-8325-4009-9ac6-9a22cc0201a6/in_use.lock acquired by nodename 3366@fv-az462-937
2023-10-31 16:06:39,853 [s1-impl-thread1] INFO  storage.RaftStorage (RaftStorageImpl.java:analyzeAndRecoverStorage(117)) - Read RaftStorageMetadata{term=1, votedFor=s0} from /home/runner/work/ratis/ratis/ratis-test/target/test/data/3084f93d/MiniRaftClusterWithSimulatedRpc1b4834f/s1/8ee38002-8325-4009-9ac6-9a22cc0201a6/current/raft-meta
2023-10-31 16:06:39,853 [s1-impl-thread1] INFO  server.RaftServer$Division (ServerState.java:setRaftConf(382)) - s1@group-9A22CC0201A6: set configuration 0: peers:[s0|localhost:38363, s1|localhost:38375, s2|localhost:35419]|listeners:[], old=null
2023-10-31 16:06:39,853 [s1-impl-thread1] INFO  impl.SimpleStateMachine4Testing (SimpleStateMachine4Testing.java:initialize(213)) - Initializing SimpleStateMachine4Testing:uninitialized
2023-10-31 16:06:39,854 [s1-impl-thread1] INFO  impl.SimpleStateMachine4Testing (SimpleStateMachine4Testing.java:loadSnapshot(296)) - Loading snapshot null
2023-10-31 16:06:39,854 [s1-impl-thread1] INFO  server.RaftServerConfigKeys (ConfUtils.java:logGet(46)) - raft.server.log.use.memory = false (default)
2023-10-31 16:06:39,854 [s1-impl-thread1] INFO  server.RaftServerConfigKeys (ConfUtils.java:logGet(46)) - raft.server.log.purge.gap = 1024 (default)
2023-10-31 16:06:39,854 [s1-impl-thread1] INFO  server.RaftServerConfigKeys (ConfUtils.java:logGet(46)) - raft.server.log.appender.buffer.byte-limit = 4MB (=4194304) (default)
2023-10-31 16:06:39,854 [s1-impl-thread1] INFO  server.RaftServerConfigKeys (ConfUtils.java:logGet(46)) - raft.server.log.statemachine.data.read.timeout = 1000ms (default)
2023-10-31 16:06:39,854 [s1-impl-thread1] INFO  server.RaftServerConfigKeys (ConfUtils.java:logGet(46)) - raft.server.log.purge.preservation.log.num = 0 (default)
2023-10-31 16:06:39,854 [s1-impl-thread1] INFO  server.RaftServerConfigKeys (ConfUtils.java:logGet(46)) - raft.server.log.segment.size.max = 8KB (=8192) (custom)
2023-10-31 16:06:39,854 [s1-impl-thread1] INFO  server.RaftServerConfigKeys (ConfUtils.java:logGet(46)) - raft.server.log.segment.cache.num.max = 6 (default)
2023-10-31 16:06:39,854 [s1-impl-thread1] INFO  server.RaftServerConfigKeys (ConfUtils.java:logGet(46)) - raft.server.log.segment.cache.size.max = 200MB (=209715200) (default)
2023-10-31 16:06:39,854 [s1-impl-thread1] INFO  server.RaftServerConfigKeys (ConfUtils.java:logGet(46)) - raft.server.log.appender.buffer.byte-limit = 4MB (=4194304) (default)
2023-10-31 16:06:39,855 [s1-impl-thread1] INFO  util.AwaitToRun (AwaitToRun.java:start(81)) - Thread[s1@group-9A22CC0201A6-cacheEviction-AwaitToRun,5,main] started
2023-10-31 16:06:39,855 [s1-impl-thread1] INFO  segmented.SegmentedRaftLogWorker (SegmentedRaftLogWorker.java:<init>(184)) - new s1@group-9A22CC0201A6-SegmentedRaftLogWorker for RaftStorageImpl:Storage Directory /home/runner/work/ratis/ratis/ratis-test/target/test/data/3084f93d/MiniRaftClusterWithSimulatedRpc1b4834f/s1/8ee38002-8325-4009-9ac6-9a22cc0201a6
2023-10-31 16:06:39,855 [s1-impl-thread1] INFO  server.RaftServerConfigKeys (ConfUtils.java:logGet(46)) - raft.server.log.queue.byte-limit = 64MB (=67108864) (default)
2023-10-31 16:06:39,855 [s1-impl-thread1] INFO  server.RaftServerConfigKeys (ConfUtils.java:logGet(46)) - raft.server.log.queue.element-limit = 4096 (default)
2023-10-31 16:06:39,855 [s1-impl-thread1] INFO  server.RaftServerConfigKeys (ConfUtils.java:logGet(46)) - raft.server.log.segment.size.max = 8KB (=8192) (custom)
2023-10-31 16:06:39,855 [s1-impl-thread1] INFO  server.RaftServerConfigKeys (ConfUtils.java:logGet(46)) - raft.server.log.preallocated.size = 4MB (=4194304) (default)
2023-10-31 16:06:39,855 [s1-impl-thread1] INFO  server.RaftServerConfigKeys (ConfUtils.java:logGet(46)) - raft.server.log.force.sync.num = 128 (default)
2023-10-31 16:06:39,855 [s1-impl-thread1] INFO  server.RaftServerConfigKeys (ConfUtils.java:logGet(46)) - raft.server.log.statemachine.data.sync = true (default)
2023-10-31 16:06:39,855 [s1-impl-thread1] INFO  server.RaftServerConfigKeys (ConfUtils.java:logGet(46)) - raft.server.log.statemachine.data.sync.timeout = 10s (default)
2023-10-31 16:06:39,855 [s1-impl-thread1] INFO  server.RaftServerConfigKeys (ConfUtils.java:logGet(46)) - raft.server.log.statemachine.data.sync.timeout.retry = -1 (default)
2023-10-31 16:06:39,855 [s1-impl-thread1] INFO  server.RaftServerConfigKeys (ConfUtils.java:logGet(46)) - raft.server.log.write.buffer.size = 64KB (=65536) (default)
2023-10-31 16:06:39,855 [s1-impl-thread1] INFO  server.RaftServerConfigKeys (ConfUtils.java:logGet(46)) - raft.server.log.appender.buffer.byte-limit = 4MB (=4194304) (default)
2023-10-31 16:06:39,856 [s1-impl-thread1] INFO  server.RaftServerConfigKeys (ConfUtils.java:logGet(46)) - raft.server.log.unsafe-flush.enabled = false (default)
2023-10-31 16:06:39,856 [s1-impl-thread1] INFO  server.RaftServerConfigKeys (ConfUtils.java:logGet(46)) - raft.server.log.async-flush.enabled = false (default)
2023-10-31 16:06:39,856 [s1-impl-thread1] INFO  server.RaftServerConfigKeys (ConfUtils.java:logGet(46)) - raft.server.log.statemachine.data.caching.enabled = false (default)
2023-10-31 16:06:39,857 [s1-impl-thread1] INFO  server.RaftServer$Division (ServerState.java:setRaftConf(382)) - s1@group-9A22CC0201A6: set configuration 0: peers:[s0|localhost:38363, s1|localhost:38375, s2|localhost:35419]|listeners:[], old=null
2023-10-31 16:06:39,858 [s1-impl-thread1] WARN  segmented.SegmentedRaftLogReader (SegmentedRaftLogReader.java:readEntry(207)) - Ignoring the last partial written log entry in /home/runner/work/ratis/ratis/ratis-test/target/test/data/3084f93d/MiniRaftClusterWithSimulatedRpc1b4834f/s1/8ee38002-8325-4009-9ac6-9a22cc0201a6/current/log_inprogress_0: java.io.EOFException
2023-10-31 16:06:39,858 [s1-impl-thread1] INFO  segmented.LogSegment (LogSegment.java:loadSegment(170)) - Successfully read 40 entries from segment file /home/runner/work/ratis/ratis/ratis-test/target/test/data/3084f93d/MiniRaftClusterWithSimulatedRpc1b4834f/s1/8ee38002-8325-4009-9ac6-9a22cc0201a6/current/log_inprogress_0
2023-10-31 16:06:39,858 [s1-impl-thread1] TRACE util.FileUtils (LogUtils.java:runAndLog(49)) - Successfully ran FileChannel.truncate /home/runner/work/ratis/ratis/ratis-test/target/test/data/3084f93d/MiniRaftClusterWithSimulatedRpc1b4834f/s1/8ee38002-8325-4009-9ac6-9a22cc0201a6/current/log_inprogress_0 length: 1316 -> 1304
2023-10-31 16:06:39,858 [s1-impl-thread1] INFO  segmented.SegmentedRaftLogWorker (SegmentedRaftLogWorker.java:lambda$new$0(135)) - s1@group-9A22CC0201A6-SegmentedRaftLogWorker: flushIndex: setUnconditionally 0 -> 39
2023-10-31 16:06:39,858 [s1-impl-thread1] INFO  segmented.SegmentedRaftLogWorker (SegmentedRaftLogWorker.java:lambda$new$0(135)) - s1@group-9A22CC0201A6-SegmentedRaftLogWorker: safeCacheEvictIndex: setUnconditionally 0 -> -1
2023-10-31 16:06:39,858 [s1-impl-thread1] INFO  raftlog.RaftLog (RaftLogBase.java:lambda$new$0(54)) - s1@group-9A22CC0201A6-SegmentedRaftLog: commitIndex: updateToMax old=-1, new=37, updated? true
2023-10-31 16:06:39,858 [s1-impl-thread1] INFO  server.RaftServer$Division (RaftServerImpl.java:start(390)) - s1@group-9A22CC0201A6: start as a follower, conf=0: peers:[s0|localhost:38363, s1|localhost:38375, s2|localhost:35419]|listeners:[], old=null
2023-10-31 16:06:39,858 [s1-impl-thread1] INFO  server.RaftServer$Division (RaftServerImpl.java:setRole(377)) - s1@group-9A22CC0201A6: changes role from      null to FOLLOWER at term 1 for startAsFollower
2023-10-31 16:06:39,858 [s1-impl-thread1] INFO  impl.RoleInfo (RoleInfo.java:updateAndGet(138)) - s1: start s1@group-9A22CC0201A6-FollowerState
2023-10-31 16:06:39,859 [s1-impl-thread1] INFO  util.JmxRegister (JmxRegister.java:tryRegister(44)) - Successfully registered JMX Bean with object name Ratis:service=RaftServer,group=group-9A22CC0201A6,id=s1
2023-10-31 16:06:39,859 [s1-impl-thread1] INFO  server.RaftServerConfigKeys (ConfUtils.java:logGet(46)) - raft.server.snapshot.trigger-when-stop.enabled = true (default)
2023-10-31 16:06:39,859 [s1-impl-thread1] INFO  server.RaftServerConfigKeys (ConfUtils.java:logGet(46)) - raft.server.snapshot.auto.trigger.enabled = false (default)
2023-10-31 16:06:39,859 [s1-impl-thread1] INFO  server.RaftServerConfigKeys (ConfUtils.java:logGet(46)) - raft.server.snapshot.retention.file.num = -1 (default)
2023-10-31 16:06:39,859 [s1-impl-thread1] INFO  server.RaftServerConfigKeys (ConfUtils.java:logGet(46)) - raft.server.log.purge.upto.snapshot.index = false (default)
2023-10-31 16:06:39,859 [s1@group-9A22CC0201A6-FollowerState] INFO  server.RaftServerConfigKeys (ConfUtils.java:logFallback(53)) - raft.server.rpc.first-election.timeout.min = 150ms (fallback to raft.server.rpc.timeout.min)
2023-10-31 16:06:39,859 [s1@group-9A22CC0201A6-FollowerState] INFO  server.RaftServerConfigKeys (ConfUtils.java:logFallback(53)) - raft.server.rpc.first-election.timeout.max = 300ms (fallback to raft.server.rpc.timeout.max)
2023-10-31 16:06:39,862 [Time-limited test] INFO  server.RaftServer (RaftServerProxy.java:startImpl(406)) - s1: start RPC server
2023-10-31 16:06:39,862 [s1@group-9A22CC0201A6-StateMachineUpdater] INFO  impl.SimpleStateMachine4Testing (SimpleStateMachine4Testing.java:applyTransaction(248)) - applyTransaction for log index 1
2023-10-31 16:06:39,862 [s1@group-9A22CC0201A6-StateMachineUpdater] INFO  impl.SimpleStateMachine4Testing (SimpleStateMachine4Testing.java:put(205)) - s1: put 1, m0 -> (t:1, i:1), STATEMACHINELOGENTRY, 253@client-F8E1CCABC060
2023-10-31 16:06:39,863 [s1@group-9A22CC0201A6-StateMachineUpdater] INFO  impl.SimpleStateMachine4Testing (SimpleStateMachine4Testing.java:applyTransaction(248)) - applyTransaction for log index 3
2023-10-31 16:06:39,863 [s1@group-9A22CC0201A6-StateMachineUpdater] INFO  impl.SimpleStateMachine4Testing (SimpleStateMachine4Testing.java:put(205)) - s1: put 3, m1 -> (t:1, i:3), STATEMACHINELOGENTRY, 257@client-F8E1CCABC060
2023-10-31 16:06:39,863 [s1@group-9A22CC0201A6-StateMachineUpdater] INFO  impl.SimpleStateMachine4Testing (SimpleStateMachine4Testing.java:applyTransaction(248)) - applyTransaction for log index 5
2023-10-31 16:06:39,863 [s1@group-9A22CC0201A6-StateMachineUpdater] INFO  impl.SimpleStateMachine4Testing (SimpleStateMachine4Testing.java:put(205)) - s1: put 5, m2 -> (t:1, i:5), STATEMACHINELOGENTRY, 262@client-F8E1CCABC060
2023-10-31 16:06:39,863 [s1@group-9A22CC0201A6-StateMachineUpdater] INFO  impl.SimpleStateMachine4Testing (SimpleStateMachine4Testing.java:applyTransaction(248)) - applyTransaction for log index 7
2023-10-31 16:06:39,863 [s1@group-9A22CC0201A6-StateMachineUpdater] INFO  impl.SimpleStateMachine4Testing (SimpleStateMachine4Testing.java:put(205)) - s1: put 7, m3 -> (t:1, i:7), STATEMACHINELOGENTRY, 266@client-F8E1CCABC060
2023-10-31 16:06:39,863 [s1@group-9A22CC0201A6-StateMachineUpdater] INFO  impl.SimpleStateMachine4Testing (SimpleStateMachine4Testing.java:applyTransaction(248)) - applyTransaction for log index 9
2023-10-31 16:06:39,863 [s1@group-9A22CC0201A6-StateMachineUpdater] INFO  impl.SimpleStateMachine4Testing (SimpleStateMachine4Testing.java:put(205)) - s1: put 9, m4 -> (t:1, i:9), STATEMACHINELOGENTRY, 270@client-F8E1CCABC060
2023-10-31 16:06:39,864 [s1@group-9A22CC0201A6-StateMachineUpdater] INFO  impl.SimpleStateMachine4Testing (SimpleStateMachine4Testing.java:applyTransaction(248)) - applyTransaction for log index 11
2023-10-31 16:06:39,864 [s1@group-9A22CC0201A6-StateMachineUpdater] INFO  impl.SimpleStateMachine4Testing (SimpleStateMachine4Testing.java:put(205)) - s1: put 11, m5 -> (t:1, i:11), STATEMACHINELOGENTRY, 275@client-F8E1CCABC060
2023-10-31 16:06:39,864 [s1@group-9A22CC0201A6-StateMachineUpdater] INFO  impl.SimpleStateMachine4Testing (SimpleStateMachine4Testing.java:applyTransaction(248)) - applyTransaction for log index 13
2023-10-31 16:06:39,864 [s1@group-9A22CC0201A6-StateMachineUpdater] INFO  impl.SimpleStateMachine4Testing (SimpleStateMachine4Testing.java:put(205)) - s1: put 13, m6 -> (t:1, i:13), STATEMACHINELOGENTRY, 278@client-F8E1CCABC060
2023-10-31 16:06:39,864 [s1@group-9A22CC0201A6-StateMachineUpdater] INFO  impl.SimpleStateMachine4Testing (SimpleStateMachine4Testing.java:applyTransaction(248)) - applyTransaction for log index 15
2023-10-31 16:06:39,864 [s1@group-9A22CC0201A6-StateMachineUpdater] INFO  impl.SimpleStateMachine4Testing (SimpleStateMachine4Testing.java:put(205)) - s1: put 15, m7 -> (t:1, i:15), STATEMACHINELOGENTRY, 282@client-F8E1CCABC060
2023-10-31 16:06:39,864 [s1@group-9A22CC0201A6-StateMachineUpdater] INFO  impl.SimpleStateMachine4Testing (SimpleStateMachine4Testing.java:applyTransaction(248)) - applyTransaction for log index 17
2023-10-31 16:06:39,864 [s1@group-9A22CC0201A6-StateMachineUpdater] INFO  impl.SimpleStateMachine4Testing (SimpleStateMachine4Testing.java:put(205)) - s1: put 17, m8 -> (t:1, i:17), STATEMACHINELOGENTRY, 288@client-F8E1CCABC060
2023-10-31 16:06:39,864 [s1@group-9A22CC0201A6-StateMachineUpdater] INFO  impl.SimpleStateMachine4Testing (SimpleStateMachine4Testing.java:applyTransaction(248)) - applyTransaction for log index 19
2023-10-31 16:06:39,864 [s1@group-9A22CC0201A6-StateMachineUpdater] INFO  impl.SimpleStateMachine4Testing (SimpleStateMachine4Testing.java:put(205)) - s1: put 19, m9 -> (t:1, i:19), STATEMACHINELOGENTRY, 291@client-F8E1CCABC060
2023-10-31 16:06:39,864 [s1@group-9A22CC0201A6-StateMachineUpdater] INFO  impl.SimpleStateMachine4Testing (SimpleStateMachine4Testing.java:applyTransaction(248)) - applyTransaction for log index 21
2023-10-31 16:06:39,864 [s1@group-9A22CC0201A6-StateMachineUpdater] INFO  impl.SimpleStateMachine4Testing (SimpleStateMachine4Testing.java:put(205)) - s1: put 21, m10 -> (t:1, i:21), STATEMACHINELOGENTRY, 323@client-226661BBA0EF
2023-10-31 16:06:39,864 [s1@group-9A22CC0201A6-StateMachineUpdater] INFO  impl.SimpleStateMachine4Testing (SimpleStateMachine4Testing.java:applyTransaction(248)) - applyTransaction for log index 23
2023-10-31 16:06:39,865 [s1@group-9A22CC0201A6-StateMachineUpdater] INFO  impl.SimpleStateMachine4Testing (SimpleStateMachine4Testing.java:put(205)) - s1: put 23, m11 -> (t:1, i:23), STATEMACHINELOGENTRY, 326@client-226661BBA0EF
2023-10-31 16:06:39,865 [s1@group-9A22CC0201A6-StateMachineUpdater] INFO  impl.SimpleStateMachine4Testing (SimpleStateMachine4Testing.java:applyTransaction(248)) - applyTransaction for log index 25
2023-10-31 16:06:39,865 [s1@group-9A22CC0201A6-StateMachineUpdater] INFO  impl.SimpleStateMachine4Testing (SimpleStateMachine4Testing.java:put(205)) - s1: put 25, m12 -> (t:1, i:25), STATEMACHINELOGENTRY, 328@client-226661BBA0EF
2023-10-31 16:06:39,865 [s1@group-9A22CC0201A6-StateMachineUpdater] INFO  impl.SimpleStateMachine4Testing (SimpleStateMachine4Testing.java:applyTransaction(248)) - applyTransaction for log index 27
2023-10-31 16:06:39,865 [s1@group-9A22CC0201A6-StateMachineUpdater] INFO  impl.SimpleStateMachine4Testing (SimpleStateMachine4Testing.java:put(205)) - s1: put 27, m13 -> (t:1, i:27), STATEMACHINELOGENTRY, 330@client-226661BBA0EF
2023-10-31 16:06:39,865 [s1@group-9A22CC0201A6-StateMachineUpdater] INFO  impl.SimpleStateMachine4Testing (SimpleStateMachine4Testing.java:applyTransaction(248)) - applyTransaction for log index 29
2023-10-31 16:06:39,865 [s1@group-9A22CC0201A6-StateMachineUpdater] INFO  impl.SimpleStateMachine4Testing (SimpleStateMachine4Testing.java:put(205)) - s1: put 29, m14 -> (t:1, i:29), STATEMACHINELOGENTRY, 332@client-226661BBA0EF
2023-10-31 16:06:39,865 [s1@group-9A22CC0201A6-StateMachineUpdater] INFO  impl.SimpleStateMachine4Testing (SimpleStateMachine4Testing.java:applyTransaction(248)) - applyTransaction for log index 31
2023-10-31 16:06:39,865 [s1@group-9A22CC0201A6-StateMachineUpdater] INFO  impl.SimpleStateMachine4Testing (SimpleStateMachine4Testing.java:put(205)) - s1: put 31, m15 -> (t:1, i:31), STATEMACHINELOGENTRY, 334@client-226661BBA0EF
2023-10-31 16:06:39,865 [s1@group-9A22CC0201A6-StateMachineUpdater] INFO  impl.SimpleStateMachine4Testing (SimpleStateMachine4Testing.java:applyTransaction(248)) - applyTransaction for log index 33
2023-10-31 16:06:39,865 [s1@group-9A22CC0201A6-StateMachineUpdater] INFO  impl.SimpleStateMachine4Testing (SimpleStateMachine4Testing.java:put(205)) - s1: put 33, m16 -> (t:1, i:33), STATEMACHINELOGENTRY, 336@client-226661BBA0EF
2023-10-31 16:06:39,865 [s1@group-9A22CC0201A6-StateMachineUpdater] INFO  impl.SimpleStateMachine4Testing (SimpleStateMachine4Testing.java:applyTransaction(248)) - applyTransaction for log index 35
2023-10-31 16:06:39,865 [s1@group-9A22CC0201A6-StateMachineUpdater] INFO  impl.SimpleStateMachine4Testing (SimpleStateMachine4Testing.java:put(205)) - s1: put 35, m17 -> (t:1, i:35), STATEMACHINELOGENTRY, 338@client-226661BBA0EF
2023-10-31 16:06:39,866 [s1@group-9A22CC0201A6-StateMachineUpdater] INFO  impl.SimpleStateMachine4Testing (SimpleStateMachine4Testing.java:applyTransaction(248)) - applyTransaction for log index 37
2023-10-31 16:06:39,866 [s1@group-9A22CC0201A6-StateMachineUpdater] INFO  impl.SimpleStateMachine4Testing (SimpleStateMachine4Testing.java:put(205)) - s1: put 37, m18 -> (t:1, i:37), STATEMACHINELOGENTRY, 340@client-226661BBA0EF
2023-10-31 16:06:39,874 [Time-limited test] INFO  server.RaftServer (RaftServerProxy.java:lambda$close$9(416)) - s1: close
2023-10-31 16:06:39,875 [s1-impl-thread1] INFO  server.RaftServer$Division (RaftServerImpl.java:lambda$close$3(514)) - s1@group-9A22CC0201A6: shutdown
2023-10-31 16:06:39,875 [HandlerDaemon-0] INFO  simulation.RequestHandler (RequestHandler.java:run(127)) - s1.clientHandler0 is interrupted by java.io.InterruptedIOException: 
2023-10-31 16:06:39,875 [s1-impl-thread1] INFO  util.JmxRegister (JmxRegister.java:unregister(73)) - Successfully un-registered JMX Bean with object name Ratis:service=RaftServer,group=group-9A22CC0201A6,id=s1
2023-10-31 16:06:39,875 [s1-impl-thread1] INFO  impl.RoleInfo (RoleInfo.java:shutdownFollowerState(109)) - s1: shutdown s1@group-9A22CC0201A6-FollowerState
2023-10-31 16:06:39,875 [HandlerDaemon-1] INFO  simulation.RequestHandler (RequestHandler.java:run(127)) - s1.clientHandler1 is interrupted by java.io.InterruptedIOException: 
2023-10-31 16:06:39,875 [s1-impl-thread1] INFO  impl.StateMachineUpdater (StateMachineUpdater.java:stopAndJoin(157)) - s1@group-9A22CC0201A6-StateMachineUpdater: set stopIndex = 37
2023-10-31 16:06:39,875 [s1@group-9A22CC0201A6-FollowerState] INFO  impl.FollowerState (FollowerState.java:run(152)) - s1@group-9A22CC0201A6-FollowerState was interrupted
2023-10-31 16:06:39,875 [HandlerDaemon-2] INFO  simulation.RequestHandler (RequestHandler.java:run(127)) - s1.clientHandler2 is interrupted by java.io.InterruptedIOException: 
2023-10-31 16:06:39,875 [HandlerDaemon-1] INFO  simulation.RequestHandler (RequestHandler.java:run(127)) - s1.serverHandler1 is interrupted by java.io.InterruptedIOException: 
2023-10-31 16:06:39,875 [HandlerDaemon-0] INFO  simulation.RequestHandler (RequestHandler.java:run(127)) - s1.serverHandler0 is interrupted by java.io.InterruptedIOException: 
2023-10-31 16:06:39,875 [HandlerDaemon-2] INFO  simulation.RequestHandler (RequestHandler.java:run(127)) - s1.serverHandler2 is interrupted by java.io.InterruptedIOException: 
2023-10-31 16:06:39,875 [s1-impl-thread1] INFO  server.RaftServer$Division (ServerState.java:close(423)) - s1@group-9A22CC0201A6: applyIndex: 37
2023-10-31 16:06:39,875 [s1@group-9A22CC0201A6-cacheEviction-AwaitToRun] INFO  util.AwaitToRun (AwaitToRun.java:run(49)) - s1@group-9A22CC0201A6-cacheEviction-AwaitToRun-AwaitForSignal is interrupted
2023-10-31 16:06:39,876 [JvmPauseMonitor40] INFO  util.JvmPauseMonitor (JvmPauseMonitor.java:run(146)) - JvmPauseMonitor-s1: Started
2023-10-31 16:06:40,859 [s1-impl-thread1] INFO  segmented.SegmentedRaftLogWorker (SegmentedRaftLogWorker.java:close(243)) - s1@group-9A22CC0201A6-SegmentedRaftLogWorker close()
2023-10-31 16:06:40,860 [JvmPauseMonitor40] INFO  util.JvmPauseMonitor (JvmPauseMonitor.java:run(152)) - JvmPauseMonitor-s1: Stopped
2023-10-31 16:06:40,861 [Time-limited test] TRACE util.FileUtils (LogUtils.java:runAndLog(49)) - Successfully ran FileChannel.truncate /home/runner/work/ratis/ratis/ratis-test/target/test/data/3084f93d/MiniRaftClusterWithSimulatedRpc1b4834f/s0/8ee38002-8325-4009-9ac6-9a22cc0201a6/current/log_inprogress_0 length: 1317 -> 1316
2023-10-31 16:06:40,861 [Time-limited test] INFO  impl.MiniRaftCluster (MiniRaftCluster.java:killServer(533)) - killServer s0
2023-10-31 16:06:40,861 [Time-limited test] INFO  server.RaftServer (RaftServerProxy.java:lambda$close$9(416)) - s0: close
2023-10-31 16:06:40,861 [HandlerDaemon-0] INFO  simulation.RequestHandler (RequestHandler.java:run(127)) - s0.clientHandler0 is interrupted by java.io.InterruptedIOException: 
2023-10-31 16:06:40,861 [HandlerDaemon-1] INFO  simulation.RequestHandler (RequestHandler.java:run(127)) - s0.clientHandler1 is interrupted by java.io.InterruptedIOException: 
2023-10-31 16:06:40,861 [HandlerDaemon-2] INFO  simulation.RequestHandler (RequestHandler.java:run(127)) - s0.clientHandler2 is interrupted by java.io.InterruptedIOException: 
2023-10-31 16:06:40,861 [HandlerDaemon-2] INFO  simulation.RequestHandler (RequestHandler.java:run(127)) - s0.serverHandler2 is interrupted by java.io.InterruptedIOException: 
2023-10-31 16:06:40,861 [HandlerDaemon-1] INFO  simulation.RequestHandler (RequestHandler.java:run(127)) - s0.serverHandler1 is interrupted by java.io.InterruptedIOException: 
2023-10-31 16:06:40,861 [HandlerDaemon-0] INFO  simulation.RequestHandler (RequestHandler.java:run(127)) - s0.serverHandler0 is interrupted by java.io.InterruptedIOException: 
2023-10-31 16:06:40,863 [JvmPauseMonitor35] INFO  util.JvmPauseMonitor (JvmPauseMonitor.java:run(152)) - JvmPauseMonitor-s0: Stopped
2023-10-31 16:06:40,863 [Time-limited test] INFO  impl.MiniRaftCluster (MiniRaftCluster.java:newRaftServer(382)) - newRaftServer: s0, group-9A22CC0201A6:[s0|localhost:38363, s1|localhost:38375, s2|localhost:35419], format? false
2023-10-31 16:06:40,863 [Time-limited test] INFO  server.RaftServer (ConfUtils.java:logGet(46)) - raft.rpc.type = org.apache.ratis.server.simulation.SimulatedRpc (custom)
2023-10-31 16:06:40,864 [Time-limited test] INFO  impl.DataStreamServerImpl (ConfUtils.java:logGet(46)) - raft.datastream.type = DISABLED (default)
2023-10-31 16:06:40,864 [Time-limited test] INFO  server.RaftServerConfigKeys (ConfUtils.java:logGet(46)) - raft.server.sleep.deviation.threshold = 300ms (default)
2023-10-31 16:06:40,864 [Time-limited test] INFO  server.RaftServerConfigKeys (ConfUtils.java:logGet(46)) - raft.server.close.threshold = 60s (default)
2023-10-31 16:06:40,864 [Time-limited test] INFO  server.RaftServerConfigKeys (ConfUtils.java:logGet(46)) - raft.server.leaderelection.leader.step-down.wait-time = 10s (default)
2023-10-31 16:06:40,864 [Time-limited test] INFO  server.RaftServerConfigKeys (ConfUtils.java:logGet(46)) - raft.server.storage.dir = [/home/runner/work/ratis/ratis/ratis-test/target/test/data/3084f93d/MiniRaftClusterWithSimulatedRpc1b4834f/s0] (custom)
2023-10-31 16:06:40,864 [Time-limited test] INFO  server.RaftServerConfigKeys (ConfUtils.java:logGet(46)) - raft.server.threadpool.proxy.cached = true (default)
2023-10-31 16:06:40,864 [Time-limited test] INFO  server.RaftServerConfigKeys (ConfUtils.java:logGet(46)) - raft.server.threadpool.proxy.size = 0 (default)
2023-10-31 16:06:40,865 [s0-impl-thread1] INFO  server.RaftServer (RaftServerProxy.java:initGroupDir(264)) - s0: found a subdirectory /home/runner/work/ratis/ratis/ratis-test/target/test/data/3084f93d/MiniRaftClusterWithSimulatedRpc1b4834f/s0/8ee38002-8325-4009-9ac6-9a22cc0201a6
2023-10-31 16:06:40,865 [Time-limited test] INFO  server.RaftServer (RaftServerProxy.java:addNew(100)) - s0: addNew group-9A22CC0201A6:[s0|localhost:38363, s1|localhost:38375, s2|localhost:35419] returns group-9A22CC0201A6:java.util.concurrent.CompletableFuture@3900cc46[Not completed]
2023-10-31 16:06:40,865 [s0-groupManagement] INFO  server.RaftServerConfigKeys (ConfUtils.java:logGet(46)) - raft.server.log.segment.size.max = 32MB (=33554432) (default)
2023-10-31 16:06:40,865 [s0-groupManagement] INFO  server.RaftServerConfigKeys (ConfUtils.java:logGet(46)) - raft.server.log.preallocated.size = 4MB (=4194304) (default)
2023-10-31 16:06:40,865 [s0-groupManagement] INFO  server.RaftServerConfigKeys (ConfUtils.java:logGet(46)) - raft.server.log.write.buffer.size = 64KB (=65536) (default)
2023-10-31 16:06:40,866 [s0-groupManagement] INFO  server.RaftServer$Division (RaftServerImpl.java:<init>(255)) - s0: new RaftServerImpl for group-9A22CC0201A6:[s0|localhost:38363, s1|localhost:38375, s2|localhost:35419] with SimpleStateMachine4Testing:uninitialized
2023-10-31 16:06:40,866 [s0-groupManagement] INFO  server.RaftServerConfigKeys (ConfUtils.java:logGet(46)) - raft.server.rpc.timeout.min = 150ms (default)
2023-10-31 16:06:40,866 [s0-groupManagement] INFO  server.RaftServerConfigKeys (ConfUtils.java:logGet(46)) - raft.server.rpc.timeout.max = 300ms (default)
2023-10-31 16:06:40,866 [s0-groupManagement] INFO  server.RaftServerConfigKeys (ConfUtils.java:logGet(46)) - raft.server.rpc.sleep.time = 25ms (default)
2023-10-31 16:06:40,866 [s0-groupManagement] INFO  server.RaftServerConfigKeys (ConfUtils.java:logGet(46)) - raft.server.rpc.slowness.timeout = 60s (default)
2023-10-31 16:06:40,866 [s0-groupManagement] INFO  server.RaftServerConfigKeys (ConfUtils.java:logGet(46)) - raft.server.leaderelection.leader.step-down.wait-time = 10s (default)
2023-10-31 16:06:40,867 [s0-groupManagement] INFO  server.RaftServerConfigKeys (ConfUtils.java:logGet(46)) - raft.server.sleep.deviation.threshold = 300ms (default)
2023-10-31 16:06:40,867 [s0-groupManagement] INFO  server.RaftServer$Division (ServerState.java:<init>(113)) - s0@group-9A22CC0201A6: ConfigurationManager, init=-1: peers:[s0|localhost:38363, s1|localhost:38375, s2|localhost:35419]|listeners:[], old=null, confs=<EMPTY_MAP>
2023-10-31 16:06:40,867 [s0-groupManagement] INFO  server.RaftServerConfigKeys (ConfUtils.java:logGet(46)) - raft.server.notification.no-leader.timeout = 60s (default)
2023-10-31 16:06:40,867 [s0-groupManagement] INFO  server.RaftServerConfigKeys (ConfUtils.java:logGet(46)) - raft.server.read.timeout = 10s (default)
2023-10-31 16:06:40,867 [s0-groupManagement] INFO  server.RaftServerConfigKeys (ConfUtils.java:logGet(46)) - raft.server.retrycache.expirytime = 60s (default)
2023-10-31 16:06:40,867 [s0-groupManagement] INFO  server.RaftServerConfigKeys (ConfUtils.java:logGet(46)) - raft.server.retrycache.statistics.expirytime = 100μs (default)
2023-10-31 16:06:40,867 [s0-groupManagement] INFO  server.RaftServerConfigKeys (ConfUtils.java:logGet(46)) - raft.server.read.option = DEFAULT (default)
2023-10-31 16:06:40,867 [s0-groupManagement] INFO  server.RaftServerConfigKeys (ConfUtils.java:logGet(46)) - raft.server.read.read-after-write-consistent.write-index-cache.expiry-time = 60s (default)
2023-10-31 16:06:40,868 [s0-groupManagement] INFO  server.RaftServerConfigKeys (ConfUtils.java:logGet(46)) - raft.server.rpc.request.timeout = 3000ms (default)
2023-10-31 16:06:40,868 [s0-groupManagement] INFO  server.RaftServerConfigKeys (ConfUtils.java:logGet(46)) - raft.server.log.appender.install.snapshot.enabled = true (default)
2023-10-31 16:06:40,868 [s0-groupManagement] INFO  server.RaftServerConfigKeys (ConfUtils.java:logGet(46)) - raft.server.threadpool.server.cached = true (default)
2023-10-31 16:06:40,868 [s0-groupManagement] INFO  server.RaftServerConfigKeys (ConfUtils.java:logGet(46)) - raft.server.threadpool.server.size = 0 (default)
2023-10-31 16:06:40,868 [s0-groupManagement] INFO  server.RaftServerConfigKeys (ConfUtils.java:logGet(46)) - raft.server.threadpool.client.cached = true (default)
2023-10-31 16:06:40,868 [s0-groupManagement] INFO  server.RaftServerConfigKeys (ConfUtils.java:logGet(46)) - raft.server.threadpool.client.size = 0 (default)
2023-10-31 16:06:40,870 [s0-impl-thread1] INFO  server.RaftServerConfigKeys (ConfUtils.java:logGet(46)) - raft.server.storage.free-space.min = 0MB (=0) (default)
2023-10-31 16:06:40,870 [s0-impl-thread1] INFO  server.RaftServerConfigKeys (ConfUtils.java:logGet(46)) - raft.server.log.corruption.policy = EXCEPTION (default)
2023-10-31 16:06:40,870 [s0-impl-thread1] INFO  server.RaftServerConfigKeys (ConfUtils.java:logGet(46)) - raft.server.storage.dir = [/home/runner/work/ratis/ratis/ratis-test/target/test/data/3084f93d/MiniRaftClusterWithSimulatedRpc1b4834f/s0] (custom)
2023-10-31 16:06:40,873 [s0-impl-thread1] INFO  storage.RaftStorageDirectory (RaftStorageDirectoryImpl.java:tryLock(232)) - Lock on /home/runner/work/ratis/ratis/ratis-test/target/test/data/3084f93d/MiniRaftClusterWithSimulatedRpc1b4834f/s0/8ee38002-8325-4009-9ac6-9a22cc0201a6/in_use.lock acquired by nodename 3366@fv-az462-937
2023-10-31 16:06:40,873 [s0-impl-thread1] INFO  storage.RaftStorage (RaftStorageImpl.java:analyzeAndRecoverStorage(117)) - Read RaftStorageMetadata{term=1, votedFor=s0} from /home/runner/work/ratis/ratis/ratis-test/target/test/data/3084f93d/MiniRaftClusterWithSimulatedRpc1b4834f/s0/8ee38002-8325-4009-9ac6-9a22cc0201a6/current/raft-meta
2023-10-31 16:06:40,874 [s0-impl-thread1] INFO  server.RaftServer$Division (ServerState.java:setRaftConf(382)) - s0@group-9A22CC0201A6: set configuration 0: peers:[s0|localhost:38363, s1|localhost:38375, s2|localhost:35419]|listeners:[], old=null
2023-10-31 16:06:40,874 [s0-impl-thread1] INFO  impl.SimpleStateMachine4Testing (SimpleStateMachine4Testing.java:initialize(213)) - Initializing SimpleStateMachine4Testing:uninitialized
2023-10-31 16:06:40,874 [s0-impl-thread1] INFO  impl.SimpleStateMachine4Testing (SimpleStateMachine4Testing.java:loadSnapshot(296)) - Loading snapshot null
2023-10-31 16:06:40,874 [s0-impl-thread1] INFO  server.RaftServerConfigKeys (ConfUtils.java:logGet(46)) - raft.server.log.use.memory = false (default)
2023-10-31 16:06:40,874 [s0-impl-thread1] INFO  server.RaftServerConfigKeys (ConfUtils.java:logGet(46)) - raft.server.log.purge.gap = 1024 (default)
2023-10-31 16:06:40,874 [s0-impl-thread1] INFO  server.RaftServerConfigKeys (ConfUtils.java:logGet(46)) - raft.server.log.appender.buffer.byte-limit = 4MB (=4194304) (default)
2023-10-31 16:06:40,874 [s0-impl-thread1] INFO  server.RaftServerConfigKeys (ConfUtils.java:logGet(46)) - raft.server.log.statemachine.data.read.timeout = 1000ms (default)
2023-10-31 16:06:40,874 [s0-impl-thread1] INFO  server.RaftServerConfigKeys (ConfUtils.java:logGet(46)) - raft.server.log.purge.preservation.log.num = 0 (default)
2023-10-31 16:06:40,875 [s0-impl-thread1] INFO  server.RaftServerConfigKeys (ConfUtils.java:logGet(46)) - raft.server.log.segment.size.max = 8KB (=8192) (custom)
2023-10-31 16:06:40,875 [s0-impl-thread1] INFO  server.RaftServerConfigKeys (ConfUtils.java:logGet(46)) - raft.server.log.segment.cache.num.max = 6 (default)
2023-10-31 16:06:40,875 [s0-impl-thread1] INFO  server.RaftServerConfigKeys (ConfUtils.java:logGet(46)) - raft.server.log.segment.cache.size.max = 200MB (=209715200) (default)
2023-10-31 16:06:40,875 [s0-impl-thread1] INFO  server.RaftServerConfigKeys (ConfUtils.java:logGet(46)) - raft.server.log.appender.buffer.byte-limit = 4MB (=4194304) (default)
2023-10-31 16:06:40,875 [s0-impl-thread1] INFO  util.AwaitToRun (AwaitToRun.java:start(81)) - Thread[s0@group-9A22CC0201A6-cacheEviction-AwaitToRun,5,main] started
2023-10-31 16:06:40,875 [s0-impl-thread1] INFO  segmented.SegmentedRaftLogWorker (SegmentedRaftLogWorker.java:<init>(184)) - new s0@group-9A22CC0201A6-SegmentedRaftLogWorker for RaftStorageImpl:Storage Directory /home/runner/work/ratis/ratis/ratis-test/target/test/data/3084f93d/MiniRaftClusterWithSimulatedRpc1b4834f/s0/8ee38002-8325-4009-9ac6-9a22cc0201a6
2023-10-31 16:06:40,875 [s0-impl-thread1] INFO  server.RaftServerConfigKeys (ConfUtils.java:logGet(46)) - raft.server.log.queue.byte-limit = 64MB (=67108864) (default)
2023-10-31 16:06:40,875 [s0-impl-thread1] INFO  server.RaftServerConfigKeys (ConfUtils.java:logGet(46)) - raft.server.log.queue.element-limit = 4096 (default)
2023-10-31 16:06:40,875 [s0-impl-thread1] INFO  server.RaftServerConfigKeys (ConfUtils.java:logGet(46)) - raft.server.log.segment.size.max = 8KB (=8192) (custom)
2023-10-31 16:06:40,875 [s0-impl-thread1] INFO  server.RaftServerConfigKeys (ConfUtils.java:logGet(46)) - raft.server.log.preallocated.size = 4MB (=4194304) (default)
2023-10-31 16:06:40,875 [s0-impl-thread1] INFO  server.RaftServerConfigKeys (ConfUtils.java:logGet(46)) - raft.server.log.force.sync.num = 128 (default)
2023-10-31 16:06:40,875 [s0-impl-thread1] INFO  server.RaftServerConfigKeys (ConfUtils.java:logGet(46)) - raft.server.log.statemachine.data.sync = true (default)
2023-10-31 16:06:40,875 [s0-impl-thread1] INFO  server.RaftServerConfigKeys (ConfUtils.java:logGet(46)) - raft.server.log.statemachine.data.sync.timeout = 10s (default)
2023-10-31 16:06:40,875 [s0-impl-thread1] INFO  server.RaftServerConfigKeys (ConfUtils.java:logGet(46)) - raft.server.log.statemachine.data.sync.timeout.retry = -1 (default)
2023-10-31 16:06:40,876 [s0-impl-thread1] INFO  server.RaftServerConfigKeys (ConfUtils.java:logGet(46)) - raft.server.log.write.buffer.size = 64KB (=65536) (default)
2023-10-31 16:06:40,876 [s0-impl-thread1] INFO  server.RaftServerConfigKeys (ConfUtils.java:logGet(46)) - raft.server.log.appender.buffer.byte-limit = 4MB (=4194304) (default)
2023-10-31 16:06:40,877 [s0-impl-thread1] INFO  server.RaftServerConfigKeys (ConfUtils.java:logGet(46)) - raft.server.log.unsafe-flush.enabled = false (default)
2023-10-31 16:06:40,877 [s0-impl-thread1] INFO  server.RaftServerConfigKeys (ConfUtils.java:logGet(46)) - raft.server.log.async-flush.enabled = false (default)
2023-10-31 16:06:40,877 [s0-impl-thread1] INFO  server.RaftServerConfigKeys (ConfUtils.java:logGet(46)) - raft.server.log.statemachine.data.caching.enabled = false (default)
2023-10-31 16:06:40,877 [s0-impl-thread1] INFO  server.RaftServer$Division (ServerState.java:setRaftConf(382)) - s0@group-9A22CC0201A6: set configuration 0: peers:[s0|localhost:38363, s1|localhost:38375, s2|localhost:35419]|listeners:[], old=null
2023-10-31 16:06:40,878 [s0-impl-thread1] WARN  segmented.SegmentedRaftLogReader (SegmentedRaftLogReader.java:readEntry(207)) - Ignoring the last partial written log entry in /home/runner/work/ratis/ratis/ratis-test/target/test/data/3084f93d/MiniRaftClusterWithSimulatedRpc1b4834f/s0/8ee38002-8325-4009-9ac6-9a22cc0201a6/current/log_inprogress_0: java.io.EOFException
2023-10-31 16:06:40,879 [s0-impl-thread1] INFO  segmented.LogSegment (LogSegment.java:loadSegment(170)) - Successfully read 40 entries from segment file /home/runner/work/ratis/ratis/ratis-test/target/test/data/3084f93d/MiniRaftClusterWithSimulatedRpc1b4834f/s0/8ee38002-8325-4009-9ac6-9a22cc0201a6/current/log_inprogress_0
2023-10-31 16:06:40,879 [s0-impl-thread1] TRACE util.FileUtils (LogUtils.java:runAndLog(49)) - Successfully ran FileChannel.truncate /home/runner/work/ratis/ratis/ratis-test/target/test/data/3084f93d/MiniRaftClusterWithSimulatedRpc1b4834f/s0/8ee38002-8325-4009-9ac6-9a22cc0201a6/current/log_inprogress_0 length: 1316 -> 1304
2023-10-31 16:06:40,879 [s0-impl-thread1] INFO  segmented.SegmentedRaftLogWorker (SegmentedRaftLogWorker.java:lambda$new$0(135)) - s0@group-9A22CC0201A6-SegmentedRaftLogWorker: flushIndex: setUnconditionally 0 -> 39
2023-10-31 16:06:40,879 [s0-impl-thread1] INFO  segmented.SegmentedRaftLogWorker (SegmentedRaftLogWorker.java:lambda$new$0(135)) - s0@group-9A22CC0201A6-SegmentedRaftLogWorker: safeCacheEvictIndex: setUnconditionally 0 -> -1
2023-10-31 16:06:40,879 [s0-impl-thread1] INFO  raftlog.RaftLog (RaftLogBase.java:lambda$new$0(54)) - s0@group-9A22CC0201A6-SegmentedRaftLog: commitIndex: updateToMax old=-1, new=37, updated? true
2023-10-31 16:06:40,879 [s0-impl-thread1] INFO  server.RaftServer$Division (RaftServerImpl.java:start(390)) - s0@group-9A22CC0201A6: start as a follower, conf=0: peers:[s0|localhost:38363, s1|localhost:38375, s2|localhost:35419]|listeners:[], old=null
2023-10-31 16:06:40,879 [s0-impl-thread1] INFO  server.RaftServer$Division (RaftServerImpl.java:setRole(377)) - s0@group-9A22CC0201A6: changes role from      null to FOLLOWER at term 1 for startAsFollower
2023-10-31 16:06:40,879 [s0-impl-thread1] INFO  impl.RoleInfo (RoleInfo.java:updateAndGet(138)) - s0: start s0@group-9A22CC0201A6-FollowerState
2023-10-31 16:06:40,880 [s0@group-9A22CC0201A6-FollowerState] INFO  server.RaftServerConfigKeys (ConfUtils.java:logFallback(53)) - raft.server.rpc.first-election.timeout.min = 150ms (fallback to raft.server.rpc.timeout.min)
2023-10-31 16:06:40,880 [s0@group-9A22CC0201A6-FollowerState] INFO  server.RaftServerConfigKeys (ConfUtils.java:logFallback(53)) - raft.server.rpc.first-election.timeout.max = 300ms (fallback to raft.server.rpc.timeout.max)
2023-10-31 16:06:40,880 [s0-impl-thread1] INFO  util.JmxRegister (JmxRegister.java:tryRegister(44)) - Successfully registered JMX Bean with object name Ratis:service=RaftServer,group=group-9A22CC0201A6,id=s0
2023-10-31 16:06:40,880 [s0-impl-thread1] INFO  server.RaftServerConfigKeys (ConfUtils.java:logGet(46)) - raft.server.snapshot.trigger-when-stop.enabled = true (default)
2023-10-31 16:06:40,880 [s0-impl-thread1] INFO  server.RaftServerConfigKeys (ConfUtils.java:logGet(46)) - raft.server.snapshot.auto.trigger.enabled = false (default)
2023-10-31 16:06:40,880 [s0-impl-thread1] INFO  server.RaftServerConfigKeys (ConfUtils.java:logGet(46)) - raft.server.snapshot.retention.file.num = -1 (default)
2023-10-31 16:06:40,880 [s0-impl-thread1] INFO  server.RaftServerConfigKeys (ConfUtils.java:logGet(46)) - raft.server.log.purge.upto.snapshot.index = false (default)
2023-10-31 16:06:40,880 [Time-limited test] INFO  server.RaftServer (RaftServerProxy.java:startImpl(406)) - s0: start RPC server
2023-10-31 16:06:40,881 [s0@group-9A22CC0201A6-StateMachineUpdater] INFO  impl.SimpleStateMachine4Testing (SimpleStateMachine4Testing.java:applyTransaction(248)) - applyTransaction for log index 1
2023-10-31 16:06:40,881 [s0@group-9A22CC0201A6-StateMachineUpdater] INFO  impl.SimpleStateMachine4Testing (SimpleStateMachine4Testing.java:put(205)) - s0: put 1, m0 -> (t:1, i:1), STATEMACHINELOGENTRY, 253@client-F8E1CCABC060
2023-10-31 16:06:40,883 [s0@group-9A22CC0201A6-StateMachineUpdater] INFO  impl.SimpleStateMachine4Testing (SimpleStateMachine4Testing.java:applyTransaction(248)) - applyTransaction for log index 3
2023-10-31 16:06:40,883 [s0@group-9A22CC0201A6-StateMachineUpdater] INFO  impl.SimpleStateMachine4Testing (SimpleStateMachine4Testing.java:put(205)) - s0: put 3, m1 -> (t:1, i:3), STATEMACHINELOGENTRY, 257@client-F8E1CCABC060
2023-10-31 16:06:40,883 [s0@group-9A22CC0201A6-StateMachineUpdater] INFO  impl.SimpleStateMachine4Testing (SimpleStateMachine4Testing.java:applyTransaction(248)) - applyTransaction for log index 5
2023-10-31 16:06:40,883 [s0@group-9A22CC0201A6-StateMachineUpdater] INFO  impl.SimpleStateMachine4Testing (SimpleStateMachine4Testing.java:put(205)) - s0: put 5, m2 -> (t:1, i:5), STATEMACHINELOGENTRY, 262@client-F8E1CCABC060
2023-10-31 16:06:40,884 [s0@group-9A22CC0201A6-StateMachineUpdater] INFO  impl.SimpleStateMachine4Testing (SimpleStateMachine4Testing.java:applyTransaction(248)) - applyTransaction for log index 7
2023-10-31 16:06:40,884 [Time-limited test] INFO  server.RaftServer (RaftServerProxy.java:lambda$close$9(416)) - s0: close
2023-10-31 16:06:40,884 [s0@group-9A22CC0201A6-StateMachineUpdater] INFO  impl.SimpleStateMachine4Testing (SimpleStateMachine4Testing.java:put(205)) - s0: put 7, m3 -> (t:1, i:7), STATEMACHINELOGENTRY, 266@client-F8E1CCABC060
2023-10-31 16:06:40,884 [s0-impl-thread1] INFO  server.RaftServer$Division (RaftServerImpl.java:lambda$close$3(514)) - s0@group-9A22CC0201A6: shutdown
2023-10-31 16:06:40,884 [s0-impl-thread1] INFO  util.JmxRegister (JmxRegister.java:unregister(73)) - Successfully un-registered JMX Bean with object name Ratis:service=RaftServer,group=group-9A22CC0201A6,id=s0
2023-10-31 16:06:40,884 [s0@group-9A22CC0201A6-StateMachineUpdater] INFO  impl.SimpleStateMachine4Testing (SimpleStateMachine4Testing.java:applyTransaction(248)) - applyTransaction for log index 9
2023-10-31 16:06:40,884 [s0-impl-thread1] INFO  impl.RoleInfo (RoleInfo.java:shutdownFollowerState(109)) - s0: shutdown s0@group-9A22CC0201A6-FollowerState
2023-10-31 16:06:40,884 [s0@group-9A22CC0201A6-StateMachineUpdater] INFO  impl.SimpleStateMachine4Testing (SimpleStateMachine4Testing.java:put(205)) - s0: put 9, m4 -> (t:1, i:9), STATEMACHINELOGENTRY, 270@client-F8E1CCABC060
2023-10-31 16:06:40,884 [s0-impl-thread1] INFO  impl.StateMachineUpdater (StateMachineUpdater.java:stopAndJoin(157)) - s0@group-9A22CC0201A6-StateMachineUpdater: set stopIndex = 37
2023-10-31 16:06:40,884 [HandlerDaemon-1] INFO  simulation.RequestHandler (RequestHandler.java:run(127)) - s0.clientHandler1 is interrupted by java.io.InterruptedIOException: 
2023-10-31 16:06:40,884 [s0@group-9A22CC0201A6-StateMachineUpdater] INFO  impl.SimpleStateMachine4Testing (SimpleStateMachine4Testing.java:applyTransaction(248)) - applyTransaction for log index 11
2023-10-31 16:06:40,884 [s0@group-9A22CC0201A6-StateMachineUpdater] INFO  impl.SimpleStateMachine4Testing (SimpleStateMachine4Testing.java:put(205)) - s0: put 11, m5 -> (t:1, i:11), STATEMACHINELOGENTRY, 275@client-F8E1CCABC060
2023-10-31 16:06:40,884 [s0@group-9A22CC0201A6-FollowerState] INFO  impl.FollowerState (FollowerState.java:run(152)) - s0@group-9A22CC0201A6-FollowerState was interrupted
2023-10-31 16:06:40,884 [HandlerDaemon-2] INFO  simulation.RequestHandler (RequestHandler.java:run(127)) - s0.clientHandler2 is interrupted by java.io.InterruptedIOException: 
2023-10-31 16:06:40,884 [s0@group-9A22CC0201A6-StateMachineUpdater] INFO  impl.SimpleStateMachine4Testing (SimpleStateMachine4Testing.java:applyTransaction(248)) - applyTransaction for log index 13
2023-10-31 16:06:40,884 [s0@group-9A22CC0201A6-StateMachineUpdater] INFO  impl.SimpleStateMachine4Testing (SimpleStateMachine4Testing.java:put(205)) - s0: put 13, m6 -> (t:1, i:13), STATEMACHINELOGENTRY, 278@client-F8E1CCABC060
2023-10-31 16:06:40,884 [HandlerDaemon-0] INFO  simulation.RequestHandler (RequestHandler.java:run(127)) - s0.clientHandler0 is interrupted by java.io.InterruptedIOException: 
2023-10-31 16:06:40,885 [HandlerDaemon-0] INFO  simulation.RequestHandler (RequestHandler.java:run(127)) - s0.serverHandler0 is interrupted by java.io.InterruptedIOException: 
2023-10-31 16:06:40,885 [s0@group-9A22CC0201A6-StateMachineUpdater] INFO  impl.SimpleStateMachine4Testing (SimpleStateMachine4Testing.java:applyTransaction(248)) - applyTransaction for log index 15
2023-10-31 16:06:40,885 [s0@group-9A22CC0201A6-StateMachineUpdater] INFO  impl.SimpleStateMachine4Testing (SimpleStateMachine4Testing.java:put(205)) - s0: put 15, m7 -> (t:1, i:15), STATEMACHINELOGENTRY, 282@client-F8E1CCABC060
2023-10-31 16:06:40,885 [HandlerDaemon-1] INFO  simulation.RequestHandler (RequestHandler.java:run(127)) - s0.serverHandler1 is interrupted by java.io.InterruptedIOException: 
2023-10-31 16:06:40,885 [s0@group-9A22CC0201A6-StateMachineUpdater] INFO  impl.SimpleStateMachine4Testing (SimpleStateMachine4Testing.java:applyTransaction(248)) - applyTransaction for log index 17
2023-10-31 16:06:40,885 [HandlerDaemon-2] INFO  simulation.RequestHandler (RequestHandler.java:run(127)) - s0.serverHandler2 is interrupted by java.io.InterruptedIOException: 
2023-10-31 16:06:40,885 [s0@group-9A22CC0201A6-StateMachineUpdater] INFO  impl.SimpleStateMachine4Testing (SimpleStateMachine4Testing.java:put(205)) - s0: put 17, m8 -> (t:1, i:17), STATEMACHINELOGENTRY, 288@client-F8E1CCABC060
2023-10-31 16:06:40,885 [s0@group-9A22CC0201A6-StateMachineUpdater] INFO  impl.SimpleStateMachine4Testing (SimpleStateMachine4Testing.java:applyTransaction(248)) - applyTransaction for log index 19
2023-10-31 16:06:40,885 [JvmPauseMonitor41] INFO  util.JvmPauseMonitor (JvmPauseMonitor.java:run(146)) - JvmPauseMonitor-s0: Started
2023-10-31 16:06:40,885 [s0@group-9A22CC0201A6-StateMachineUpdater] INFO  impl.SimpleStateMachine4Testing (SimpleStateMachine4Testing.java:put(205)) - s0: put 19, m9 -> (t:1, i:19), STATEMACHINELOGENTRY, 291@client-F8E1CCABC060
2023-10-31 16:06:40,885 [s0@group-9A22CC0201A6-StateMachineUpdater] INFO  impl.SimpleStateMachine4Testing (SimpleStateMachine4Testing.java:applyTransaction(248)) - applyTransaction for log index 21
2023-10-31 16:06:40,886 [s0@group-9A22CC0201A6-StateMachineUpdater] INFO  impl.SimpleStateMachine4Testing (SimpleStateMachine4Testing.java:put(205)) - s0: put 21, m10 -> (t:1, i:21), STATEMACHINELOGENTRY, 323@client-226661BBA0EF
2023-10-31 16:06:40,886 [s0@group-9A22CC0201A6-StateMachineUpdater] INFO  impl.SimpleStateMachine4Testing (SimpleStateMachine4Testing.java:applyTransaction(248)) - applyTransaction for log index 23
2023-10-31 16:06:40,886 [s0@group-9A22CC0201A6-StateMachineUpdater] INFO  impl.SimpleStateMachine4Testing (SimpleStateMachine4Testing.java:put(205)) - s0: put 23, m11 -> (t:1, i:23), STATEMACHINELOGENTRY, 326@client-226661BBA0EF
2023-10-31 16:06:40,886 [s0@group-9A22CC0201A6-StateMachineUpdater] INFO  impl.SimpleStateMachine4Testing (SimpleStateMachine4Testing.java:applyTransaction(248)) - applyTransaction for log index 25
2023-10-31 16:06:40,886 [s0@group-9A22CC0201A6-StateMachineUpdater] INFO  impl.SimpleStateMachine4Testing (SimpleStateMachine4Testing.java:put(205)) - s0: put 25, m12 -> (t:1, i:25), STATEMACHINELOGENTRY, 328@client-226661BBA0EF
2023-10-31 16:06:40,886 [s0@group-9A22CC0201A6-StateMachineUpdater] INFO  impl.SimpleStateMachine4Testing (SimpleStateMachine4Testing.java:applyTransaction(248)) - applyTransaction for log index 27
2023-10-31 16:06:40,886 [s0@group-9A22CC0201A6-StateMachineUpdater] INFO  impl.SimpleStateMachine4Testing (SimpleStateMachine4Testing.java:put(205)) - s0: put 27, m13 -> (t:1, i:27), STATEMACHINELOGENTRY, 330@client-226661BBA0EF
2023-10-31 16:06:40,886 [s0@group-9A22CC0201A6-StateMachineUpdater] INFO  impl.SimpleStateMachine4Testing (SimpleStateMachine4Testing.java:applyTransaction(248)) - applyTransaction for log index 29
2023-10-31 16:06:40,886 [s0@group-9A22CC0201A6-StateMachineUpdater] INFO  impl.SimpleStateMachine4Testing (SimpleStateMachine4Testing.java:put(205)) - s0: put 29, m14 -> (t:1, i:29), STATEMACHINELOGENTRY, 332@client-226661BBA0EF
2023-10-31 16:06:40,886 [s0@group-9A22CC0201A6-StateMachineUpdater] INFO  impl.SimpleStateMachine4Testing (SimpleStateMachine4Testing.java:applyTransaction(248)) - applyTransaction for log index 31
2023-10-31 16:06:40,886 [s0@group-9A22CC0201A6-StateMachineUpdater] INFO  impl.SimpleStateMachine4Testing (SimpleStateMachine4Testing.java:put(205)) - s0: put 31, m15 -> (t:1, i:31), STATEMACHINELOGENTRY, 334@client-226661BBA0EF
2023-10-31 16:06:40,887 [s0@group-9A22CC0201A6-StateMachineUpdater] INFO  impl.SimpleStateMachine4Testing (SimpleStateMachine4Testing.java:applyTransaction(248)) - applyTransaction for log index 33
2023-10-31 16:06:40,887 [s0@group-9A22CC0201A6-StateMachineUpdater] INFO  impl.SimpleStateMachine4Testing (SimpleStateMachine4Testing.java:put(205)) - s0: put 33, m16 -> (t:1, i:33), STATEMACHINELOGENTRY, 336@client-226661BBA0EF
2023-10-31 16:06:40,887 [s0@group-9A22CC0201A6-StateMachineUpdater] INFO  impl.SimpleStateMachine4Testing (SimpleStateMachine4Testing.java:applyTransaction(248)) - applyTransaction for log index 35
2023-10-31 16:06:40,887 [s0@group-9A22CC0201A6-StateMachineUpdater] INFO  impl.SimpleStateMachine4Testing (SimpleStateMachine4Testing.java:put(205)) - s0: put 35, m17 -> (t:1, i:35), STATEMACHINELOGENTRY, 338@client-226661BBA0EF
2023-10-31 16:06:40,887 [s0@group-9A22CC0201A6-StateMachineUpdater] INFO  impl.SimpleStateMachine4Testing (SimpleStateMachine4Testing.java:applyTransaction(248)) - applyTransaction for log index 37
2023-10-31 16:06:40,887 [s0@group-9A22CC0201A6-StateMachineUpdater] INFO  impl.SimpleStateMachine4Testing (SimpleStateMachine4Testing.java:put(205)) - s0: put 37, m18 -> (t:1, i:37), STATEMACHINELOGENTRY, 340@client-226661BBA0EF
2023-10-31 16:06:40,887 [s0-impl-thread1] INFO  server.RaftServer$Division (ServerState.java:close(423)) - s0@group-9A22CC0201A6: applyIndex: 37
2023-10-31 16:06:40,887 [s0@group-9A22CC0201A6-cacheEviction-AwaitToRun] INFO  util.AwaitToRun (AwaitToRun.java:run(49)) - s0@group-9A22CC0201A6-cacheEviction-AwaitToRun-AwaitForSignal is interrupted
2023-10-31 16:06:41,880 [s0-impl-thread1] INFO  segmented.SegmentedRaftLogWorker (SegmentedRaftLogWorker.java:close(243)) - s0@group-9A22CC0201A6-SegmentedRaftLogWorker close()
2023-10-31 16:06:41,881 [JvmPauseMonitor41] INFO  util.JvmPauseMonitor (JvmPauseMonitor.java:run(152)) - JvmPauseMonitor-s0: Stopped
2023-10-31 16:06:41,881 [Time-limited test] INFO  impl.MiniRaftCluster (MiniRaftCluster.java:shutdown(831)) - ************************************************************** 
2023-10-31 16:06:41,881 [Time-limited test] INFO  impl.MiniRaftCluster (MiniRaftCluster.java:shutdown(832)) - *** 
2023-10-31 16:06:41,881 [Time-limited test] INFO  impl.MiniRaftCluster (MiniRaftCluster.java:shutdown(833)) - ***     Stopping MiniRaftClusterWithSimulatedRpc
2023-10-31 16:06:41,881 [Time-limited test] INFO  impl.MiniRaftCluster (MiniRaftCluster.java:shutdown(834)) - *** 
2023-10-31 16:06:41,881 [Time-limited test] INFO  impl.MiniRaftCluster (MiniRaftCluster.java:shutdown(835)) - ************************************************************** 
2023-10-31 16:06:41,882 [Time-limited test] INFO  impl.MiniRaftCluster (MiniRaftCluster.java:shutdown(836)) - printing ALL groups
  s0:   CLOSED  FOLLOWER s0@group-9A22CC0201A6:t1, leader=null, voted=s0, raftlog=Memoized:s0@group-9A22CC0201A6-SegmentedRaftLog:CLOSED:c37, conf=0: peers:[s0|localhost:38363, s1|localhost:38375, s2|localhost:35419]|listeners:[], old=null CLOSED
  s1:   CLOSED  FOLLOWER s1@group-9A22CC0201A6:t1, leader=null, voted=s0, raftlog=Memoized:s1@group-9A22CC0201A6-SegmentedRaftLog:CLOSED:c37, conf=0: peers:[s0|localhost:38363, s1|localhost:38375, s2|localhost:35419]|listeners:[], old=null CLOSED
  s2:  RUNNING  FOLLOWER s2@group-9A22CC0201A6:t1, leader=s0, voted=s0, raftlog=Memoized:s2@group-9A22CC0201A6-SegmentedRaftLog:CLOSED:c40, conf=0: peers:[s0|localhost:38363, s1|localhost:38375, s2|localhost:35419]|listeners:[], old=null CLOSED
2023-10-31 16:06:41,884 [MiniRaftCluster-10] INFO  server.RaftServer (RaftServerProxy.java:lambda$close$9(416)) - s2: close
2023-10-31 16:06:41,884 [HandlerDaemon-1] INFO  simulation.RequestHandler (RequestHandler.java:run(127)) - s2.clientHandler1 is interrupted by java.io.InterruptedIOException: 
2023-10-31 16:06:41,885 [HandlerDaemon-2] INFO  simulation.RequestHandler (RequestHandler.java:run(127)) - s2.clientHandler2 is interrupted by java.io.InterruptedIOException: 
2023-10-31 16:06:41,885 [HandlerDaemon-0] INFO  simulation.RequestHandler (RequestHandler.java:run(127)) - s2.clientHandler0 is interrupted by java.io.InterruptedIOException: 
2023-10-31 16:06:41,885 [HandlerDaemon-0] INFO  simulation.RequestHandler (RequestHandler.java:run(127)) - s2.serverHandler0 is interrupted by java.io.InterruptedIOException: 
2023-10-31 16:06:41,886 [HandlerDaemon-1] INFO  simulation.RequestHandler (RequestHandler.java:run(127)) - s2.serverHandler1 is interrupted by java.io.InterruptedIOException: 
2023-10-31 16:06:41,886 [HandlerDaemon-2] INFO  simulation.RequestHandler (RequestHandler.java:run(127)) - s2.serverHandler2 is interrupted by java.io.InterruptedIOException: 
2023-10-31 16:06:41,886 [JvmPauseMonitor37] INFO  util.JvmPauseMonitor (JvmPauseMonitor.java:run(152)) - JvmPauseMonitor-s2: Stopped
2023-10-31 16:06:41,887 [Time-limited test] INFO  impl.MiniRaftCluster (MiniRaftCluster.java:shutdown(831)) - ************************************************************** 
2023-10-31 16:06:41,887 [Time-limited test] INFO  impl.MiniRaftCluster (MiniRaftCluster.java:shutdown(832)) - *** 
2023-10-31 16:06:41,888 [Time-limited test] INFO  impl.MiniRaftCluster (MiniRaftCluster.java:shutdown(833)) - ***     Stopping MiniRaftClusterWithSimulatedRpc
2023-10-31 16:06:41,888 [Time-limited test] INFO  impl.MiniRaftCluster (MiniRaftCluster.java:shutdown(834)) - *** 
2023-10-31 16:06:41,888 [Time-limited test] INFO  impl.MiniRaftCluster (MiniRaftCluster.java:shutdown(835)) - ************************************************************** 
2023-10-31 16:06:41,888 [Time-limited test] INFO  impl.MiniRaftCluster (MiniRaftCluster.java:shutdown(836)) - printing ALL groups
  s0:   CLOSED  FOLLOWER s0@group-9A22CC0201A6:t1, leader=null, voted=s0, raftlog=Memoized:s0@group-9A22CC0201A6-SegmentedRaftLog:CLOSED:c37, conf=0: peers:[s0|localhost:38363, s1|localhost:38375, s2|localhost:35419]|listeners:[], old=null CLOSED
  s1:   CLOSED  FOLLOWER s1@group-9A22CC0201A6:t1, leader=null, voted=s0, raftlog=Memoized:s1@group-9A22CC0201A6-SegmentedRaftLog:CLOSED:c37, conf=0: peers:[s0|localhost:38363, s1|localhost:38375, s2|localhost:35419]|listeners:[], old=null CLOSED
  s2:   CLOSED  FOLLOWER s2@group-9A22CC0201A6:t1, leader=s0, voted=s0, raftlog=Memoized:s2@group-9A22CC0201A6-SegmentedRaftLog:CLOSED:c40, conf=0: peers:[s0|localhost:38363, s1|localhost:38375, s2|localhost:35419]|listeners:[], old=null CLOSED
]]></system-out>
  </testcase>
  <testcase name="testRestartFollower" classname="org.apache.ratis.server.simulation.TestServerRestartWithSimulatedRpc" time="8.691">
    <failure message="Unexpected exit." type="java.lang.AssertionError"><![CDATA[java.lang.AssertionError: Unexpected exit.
	at org.apache.ratis.util.ExitUtils.assertNotTerminated(ExitUtils.java:109)
	at org.apache.ratis.BaseTest.assertNoFailures(BaseTest.java:89)
	at java.base/jdk.internal.reflect.NativeMethodAccessorImpl.invoke0(Native Method)
	at java.base/jdk.internal.reflect.NativeMethodAccessorImpl.invoke(NativeMethodAccessorImpl.java:62)
	at java.base/jdk.internal.reflect.DelegatingMethodAccessorImpl.invoke(DelegatingMethodAccessorImpl.java:43)
	at java.base/java.lang.reflect.Method.invoke(Method.java:566)
	at org.junit.runners.model.FrameworkMethod$1.runReflectiveCall(FrameworkMethod.java:59)
	at org.junit.internal.runners.model.ReflectiveCallable.run(ReflectiveCallable.java:12)
	at org.junit.runners.model.FrameworkMethod.invokeExplosively(FrameworkMethod.java:56)
	at org.junit.internal.runners.statements.RunAfters.invokeMethod(RunAfters.java:46)
	at org.junit.internal.runners.statements.RunAfters.evaluate(RunAfters.java:33)
	at org.junit.internal.runners.statements.FailOnTimeout$CallableStatement.call(FailOnTimeout.java:299)
	at org.junit.internal.runners.statements.FailOnTimeout$CallableStatement.call(FailOnTimeout.java:293)
	at java.base/java.util.concurrent.FutureTask.run(FutureTask.java:264)
	at java.base/java.lang.Thread.run(Thread.java:829)
Caused by: org.apache.ratis.util.ExitUtils$ExitException: s1.serverHandler0 is terminating.
	at org.apache.ratis.util.ExitUtils.terminate(ExitUtils.java:141)
	at org.apache.ratis.util.ExitUtils.terminate(ExitUtils.java:151)
	at org.apache.ratis.server.simulation.RequestHandler$HandlerDaemon.run(RequestHandler.java:138)
Caused by: java.lang.IllegalStateException: s1@group-9A22CC0201A6-SegmentedRaftLog is expected to be opened but it is CLOSED
	at org.apache.ratis.util.OpenCloseState.assertOpen(OpenCloseState.java:63)
	at org.apache.ratis.server.raftlog.RaftLogBase.checkLogState(RaftLogBase.java:112)
	at org.apache.ratis.server.raftlog.segmented.SegmentedRaftLog.getTermIndex(SegmentedRaftLog.java:337)
	at org.apache.ratis.server.raftlog.RaftLog.contains(RaftLog.java:49)
	at org.apache.ratis.server.impl.ServerState.containsTermIndex(ServerState.java:494)
	at org.apache.ratis.server.impl.RaftServerImpl.checkInconsistentAppendEntries(RaftServerImpl.java:1677)
	at org.apache.ratis.server.impl.RaftServerImpl.checkInconsistentAppendEntries(RaftServerImpl.java:1641)
	at org.apache.ratis.server.impl.RaftServerImpl.appendEntriesAsync(RaftServerImpl.java:1587)
	at org.apache.ratis.server.impl.RaftServerImpl.appendEntriesAsync(RaftServerImpl.java:1462)
	at org.apache.ratis.server.impl.RaftServerImpl.appendEntries(RaftServerImpl.java:1445)
	at org.apache.ratis.server.impl.RaftServerProxy.appendEntries(RaftServerProxy.java:656)
	at org.apache.ratis.server.simulation.SimulatedServerRpc$1.handleRequest(SimulatedServerRpc.java:163)
	at org.apache.ratis.server.simulation.SimulatedServerRpc$1.handleRequest(SimulatedServerRpc.java:153)
	at org.apache.ratis.server.simulation.RequestHandler.handleRequest(RequestHandler.java:91)
	at org.apache.ratis.server.simulation.RequestHandler$HandlerDaemon.run(RequestHandler.java:125)
Caused by: org.apache.ratis.util.OpenCloseState$CloseTrace: Close s1@group-9A22CC0201A6-SegmentedRaftLog
	at org.apache.ratis.util.OpenCloseState.lambda$close$1(OpenCloseState.java:109)
	at java.base/java.util.concurrent.atomic.AtomicReference.getAndUpdate(AtomicReference.java:187)
	at org.apache.ratis.util.OpenCloseState.close(OpenCloseState.java:109)
	at org.apache.ratis.server.raftlog.RaftLogBase.close(RaftLogBase.java:386)
	at org.apache.ratis.server.raftlog.segmented.SegmentedRaftLog.close(SegmentedRaftLog.java:525)
	at org.apache.ratis.server.impl.ServerState.close(ServerState.java:427)
	at org.apache.ratis.server.impl.RaftServerImpl.lambda$close$3(RaftServerImpl.java:536)
	at org.apache.ratis.util.LifeCycle.lambda$checkStateAndClose$4(LifeCycle.java:299)
	at org.apache.ratis.util.LifeCycle.checkStateAndClose(LifeCycle.java:319)
	at org.apache.ratis.util.LifeCycle.checkStateAndClose(LifeCycle.java:297)
	at org.apache.ratis.server.impl.RaftServerImpl.close(RaftServerImpl.java:513)
	at org.apache.ratis.server.ServerRestartTests.runTestRestartFollower(ServerRestartTests.java:131)
	at org.apache.ratis.server.impl.MiniRaftCluster$Factory$Get.runWithNewCluster(MiniRaftCluster.java:141)
	at org.apache.ratis.server.impl.MiniRaftCluster$Factory$Get.runWithNewCluster(MiniRaftCluster.java:121)
	at org.apache.ratis.server.ServerRestartTests.testRestartFollower(ServerRestartTests.java:88)
	at java.base/jdk.internal.reflect.NativeMethodAccessorImpl.invoke0(Native Method)
	at java.base/jdk.internal.reflect.NativeMethodAccessorImpl.invoke(NativeMethodAccessorImpl.java:62)
	at java.base/jdk.internal.reflect.DelegatingMethodAccessorImpl.invoke(DelegatingMethodAccessorImpl.java:43)
	at java.base/java.lang.reflect.Method.invoke(Method.java:566)
	at org.junit.runners.model.FrameworkMethod$1.runReflectiveCall(FrameworkMethod.java:59)
	at org.junit.internal.runners.model.ReflectiveCallable.run(ReflectiveCallable.java:12)
	at org.junit.runners.model.FrameworkMethod.invokeExplosively(FrameworkMethod.java:56)
	at org.junit.internal.runners.statements.InvokeMethod.evaluate(InvokeMethod.java:17)
	at org.junit.internal.runners.statements.RunAfters.evaluate(RunAfters.java:27)
	at org.junit.internal.runners.statements.FailOnTimeout$CallableStatement.call(FailOnTimeout.java:299)
	at org.junit.internal.runners.statements.FailOnTimeout$CallableStatement.call(FailOnTimeout.java:293)
	at java.base/java.util.concurrent.FutureTask.run(FutureTask.java:264)
	at java.base/java.lang.Thread.run(Thread.java:829)
]]></failure>
  </testcase>
  <testcase name="testRestartWithCorruptedLogEntryWithException" classname="org.apache.ratis.server.simulation.TestServerRestartWithSimulatedRpc" time="1.694">
    <failure message="expected:&lt;class java.util.concurrent.CompletionException&gt; but was:&lt;class java.lang.AssertionError&gt;" type="java.lang.AssertionError"><![CDATA[java.lang.AssertionError: expected:<class java.util.concurrent.CompletionException> but was:<class java.lang.AssertionError>
	at org.junit.Assert.fail(Assert.java:89)
	at org.junit.Assert.failNotEquals(Assert.java:835)
	at org.junit.Assert.assertEquals(Assert.java:120)
	at org.junit.Assert.assertEquals(Assert.java:146)
	at org.apache.ratis.BaseTest.assertThrowable(BaseTest.java:135)
	at org.apache.ratis.BaseTest.testFailureCase(BaseTest.java:156)
	at org.apache.ratis.BaseTest.testFailureCase(BaseTest.java:167)
	at org.apache.ratis.server.ServerRestartTests.testRestartWithCorruptedLogEntryWithException(ServerRestartTests.java:351)
	at java.base/jdk.internal.reflect.NativeMethodAccessorImpl.invoke0(Native Method)
	at java.base/jdk.internal.reflect.NativeMethodAccessorImpl.invoke(NativeMethodAccessorImpl.java:62)
	at java.base/jdk.internal.reflect.DelegatingMethodAccessorImpl.invoke(DelegatingMethodAccessorImpl.java:43)
	at java.base/java.lang.reflect.Method.invoke(Method.java:566)
	at org.junit.runners.model.FrameworkMethod$1.runReflectiveCall(FrameworkMethod.java:59)
	at org.junit.internal.runners.model.ReflectiveCallable.run(ReflectiveCallable.java:12)
	at org.junit.runners.model.FrameworkMethod.invokeExplosively(FrameworkMethod.java:56)
	at org.junit.internal.runners.statements.InvokeMethod.evaluate(InvokeMethod.java:17)
	at org.junit.internal.runners.statements.RunAfters.evaluate(RunAfters.java:27)
	at org.junit.internal.runners.statements.FailOnTimeout$CallableStatement.call(FailOnTimeout.java:299)
	at org.junit.internal.runners.statements.FailOnTimeout$CallableStatement.call(FailOnTimeout.java:293)
	at java.base/java.util.concurrent.FutureTask.run(FutureTask.java:264)
	at java.base/java.lang.Thread.run(Thread.java:829)
]]></failure>
    <system-out><![CDATA[2023-10-31 16:06:41,897 [main] INFO  util.LogUtils (Slf4jUtils.java:setLogLevel(38)) - Successfully set org.apache.ratis.conf.ConfUtils log level to WARN
2023-10-31 16:06:41,897 [main] INFO  util.LogUtils (Slf4jUtils.java:setLogLevel(38)) - Successfully set org.apache.ratis.util.FileUtils log level to TRACE
2023-10-31 16:06:41,897 [main] INFO  util.LogUtils (Slf4jUtils.java:setLogLevel(38)) - Successfully set org.apache.ratis.server.raftlog.RaftLog log level to DEBUG
2023-10-31 16:06:41,898 [Time-limited test] INFO  server.RaftServerConfigKeys (ConfUtils.java:logGet(46)) - raft.server.log.corruption.policy = EXCEPTION (default)
2023-10-31 16:06:41,899 [Time-limited test] INFO  simulation.TestServerRestartWithSimulatedRpc (BaseTest.java:testFailureCase(151)) - run 'restart-fail-ChecksumException'
2023-10-31 16:06:41,899 [Time-limited test] INFO  impl.MiniRaftCluster (MiniRaftCluster.java:runWithNewCluster(135)) - Running runWithNewCluster
2023-10-31 16:06:41,899 [Time-limited test] INFO  simulation.MiniRaftClusterWithSimulatedRpc (ConfUtils.java:logGet(46)) - org.apache.ratis.server.simulation.SimulatedRequestReply.simulateLatencyMs = 0 (custom)
2023-10-31 16:06:41,900 [Time-limited test] INFO  impl.MiniRaftCluster (MiniRaftCluster.java:<init>(306)) - new MiniRaftClusterWithSimulatedRpc with group-F4D9B07B2F30:[s0|localhost:37695]
2023-10-31 16:06:41,900 [Time-limited test] INFO  impl.MiniRaftCluster (MiniRaftCluster.java:start(339)) - .............................................................. 
2023-10-31 16:06:41,900 [Time-limited test] INFO  impl.MiniRaftCluster (MiniRaftCluster.java:start(340)) - ... 
2023-10-31 16:06:41,900 [Time-limited test] INFO  impl.MiniRaftCluster (MiniRaftCluster.java:start(341)) - ...     Starting MiniRaftClusterWithSimulatedRpc
2023-10-31 16:06:41,900 [Time-limited test] INFO  impl.MiniRaftCluster (MiniRaftCluster.java:start(342)) - ... 
2023-10-31 16:06:41,900 [Time-limited test] INFO  impl.MiniRaftCluster (MiniRaftCluster.java:start(343)) - .............................................................. 
2023-10-31 16:06:41,900 [Time-limited test] INFO  impl.MiniRaftCluster (MiniRaftCluster.java:initServers(318)) - servers = {}
2023-10-31 16:06:41,900 [Time-limited test] INFO  impl.MiniRaftCluster (MiniRaftCluster.java:newRaftServer(382)) - newRaftServer: s0, group-F4D9B07B2F30:[s0|localhost:37695], format? true
2023-10-31 16:06:41,900 [Time-limited test] TRACE util.FileUtils (FileUtils.java:deleteFully(305)) - deleteFully target/test/data/3084f93d/MiniRaftClusterWithSimulatedRpc9ae1c65b/s0
2023-10-31 16:06:41,900 [Time-limited test] TRACE util.FileUtils (FileUtils.java:deleteFully(318)) - deleteFully: target/test/data/3084f93d/MiniRaftClusterWithSimulatedRpc9ae1c65b/s0 does not exist.
2023-10-31 16:06:41,900 [Time-limited test] INFO  impl.MiniRaftCluster (MiniRaftCluster.java:newRaftServer(387)) - Formatted directory target/test/data/3084f93d/MiniRaftClusterWithSimulatedRpc9ae1c65b/s0
2023-10-31 16:06:41,901 [Time-limited test] INFO  server.RaftServer (ConfUtils.java:logGet(46)) - raft.rpc.type = org.apache.ratis.server.simulation.SimulatedRpc (custom)
2023-10-31 16:06:41,901 [Time-limited test] INFO  impl.DataStreamServerImpl (ConfUtils.java:logGet(46)) - raft.datastream.type = DISABLED (default)
2023-10-31 16:06:41,901 [Time-limited test] INFO  server.RaftServerConfigKeys (ConfUtils.java:logGet(46)) - raft.server.sleep.deviation.threshold = 300ms (default)
2023-10-31 16:06:41,901 [Time-limited test] INFO  server.RaftServerConfigKeys (ConfUtils.java:logGet(46)) - raft.server.close.threshold = 60s (default)
2023-10-31 16:06:41,901 [Time-limited test] INFO  server.RaftServerConfigKeys (ConfUtils.java:logGet(46)) - raft.server.leaderelection.leader.step-down.wait-time = 10s (default)
2023-10-31 16:06:41,902 [Time-limited test] INFO  server.RaftServerConfigKeys (ConfUtils.java:logGet(46)) - raft.server.storage.dir = [/home/runner/work/ratis/ratis/ratis-test/target/test/data/3084f93d/MiniRaftClusterWithSimulatedRpc9ae1c65b/s0] (custom)
2023-10-31 16:06:41,902 [Time-limited test] INFO  server.RaftServerConfigKeys (ConfUtils.java:logGet(46)) - raft.server.threadpool.proxy.cached = true (default)
2023-10-31 16:06:41,902 [Time-limited test] INFO  server.RaftServerConfigKeys (ConfUtils.java:logGet(46)) - raft.server.threadpool.proxy.size = 0 (default)
2023-10-31 16:06:41,903 [Time-limited test] INFO  server.RaftServer (RaftServerProxy.java:addNew(100)) - s0: addNew group-F4D9B07B2F30:[s0|localhost:37695] returns group-F4D9B07B2F30:java.util.concurrent.CompletableFuture@665c3bcf[Not completed]
2023-10-31 16:06:41,903 [s0-groupManagement] INFO  server.RaftServerConfigKeys (ConfUtils.java:logGet(46)) - raft.server.log.segment.size.max = 32MB (=33554432) (default)
2023-10-31 16:06:41,903 [s0-groupManagement] INFO  server.RaftServerConfigKeys (ConfUtils.java:logGet(46)) - raft.server.log.preallocated.size = 4MB (=4194304) (default)
2023-10-31 16:06:41,903 [s0-groupManagement] INFO  server.RaftServerConfigKeys (ConfUtils.java:logGet(46)) - raft.server.log.write.buffer.size = 64KB (=65536) (default)
2023-10-31 16:06:41,903 [s0-groupManagement] INFO  server.RaftServer$Division (RaftServerImpl.java:<init>(255)) - s0: new RaftServerImpl for group-F4D9B07B2F30:[s0|localhost:37695] with SimpleStateMachine4Testing:uninitialized
2023-10-31 16:06:41,903 [s0-groupManagement] INFO  server.RaftServerConfigKeys (ConfUtils.java:logGet(46)) - raft.server.rpc.timeout.min = 150ms (default)
2023-10-31 16:06:41,903 [s0-groupManagement] INFO  server.RaftServerConfigKeys (ConfUtils.java:logGet(46)) - raft.server.rpc.timeout.max = 300ms (default)
2023-10-31 16:06:41,903 [s0-groupManagement] INFO  server.RaftServerConfigKeys (ConfUtils.java:logGet(46)) - raft.server.rpc.sleep.time = 25ms (default)
2023-10-31 16:06:41,903 [s0-groupManagement] INFO  server.RaftServerConfigKeys (ConfUtils.java:logGet(46)) - raft.server.rpc.slowness.timeout = 60s (default)
2023-10-31 16:06:41,903 [s0-groupManagement] INFO  server.RaftServerConfigKeys (ConfUtils.java:logGet(46)) - raft.server.leaderelection.leader.step-down.wait-time = 10s (default)
2023-10-31 16:06:41,903 [s0-groupManagement] INFO  server.RaftServerConfigKeys (ConfUtils.java:logGet(46)) - raft.server.sleep.deviation.threshold = 300ms (default)
2023-10-31 16:06:41,903 [s0-groupManagement] INFO  server.RaftServer$Division (ServerState.java:<init>(113)) - s0@group-F4D9B07B2F30: ConfigurationManager, init=-1: peers:[s0|localhost:37695]|listeners:[], old=null, confs=<EMPTY_MAP>
2023-10-31 16:06:41,904 [s0-groupManagement] INFO  server.RaftServerConfigKeys (ConfUtils.java:logGet(46)) - raft.server.notification.no-leader.timeout = 60s (default)
2023-10-31 16:06:41,904 [s0-groupManagement] INFO  server.RaftServerConfigKeys (ConfUtils.java:logGet(46)) - raft.server.read.timeout = 10s (default)
2023-10-31 16:06:41,904 [s0-groupManagement] INFO  server.RaftServerConfigKeys (ConfUtils.java:logGet(46)) - raft.server.retrycache.expirytime = 60s (default)
2023-10-31 16:06:41,904 [s0-groupManagement] INFO  server.RaftServerConfigKeys (ConfUtils.java:logGet(46)) - raft.server.retrycache.statistics.expirytime = 100μs (default)
2023-10-31 16:06:41,904 [s0-groupManagement] INFO  server.RaftServerConfigKeys (ConfUtils.java:logGet(46)) - raft.server.read.option = DEFAULT (default)
2023-10-31 16:06:41,904 [s0-groupManagement] INFO  server.RaftServerConfigKeys (ConfUtils.java:logGet(46)) - raft.server.read.read-after-write-consistent.write-index-cache.expiry-time = 60s (default)
2023-10-31 16:06:41,905 [s0-groupManagement] INFO  server.RaftServerConfigKeys (ConfUtils.java:logGet(46)) - raft.server.rpc.request.timeout = 3000ms (default)
2023-10-31 16:06:41,905 [s0-groupManagement] INFO  server.RaftServerConfigKeys (ConfUtils.java:logGet(46)) - raft.server.log.appender.install.snapshot.enabled = true (default)
2023-10-31 16:06:41,905 [s0-groupManagement] INFO  server.RaftServerConfigKeys (ConfUtils.java:logGet(46)) - raft.server.threadpool.server.cached = true (default)
2023-10-31 16:06:41,905 [s0-groupManagement] INFO  server.RaftServerConfigKeys (ConfUtils.java:logGet(46)) - raft.server.threadpool.server.size = 0 (default)
2023-10-31 16:06:41,905 [s0-groupManagement] INFO  server.RaftServerConfigKeys (ConfUtils.java:logGet(46)) - raft.server.threadpool.client.cached = true (default)
2023-10-31 16:06:41,905 [s0-groupManagement] INFO  server.RaftServerConfigKeys (ConfUtils.java:logGet(46)) - raft.server.threadpool.client.size = 0 (default)
2023-10-31 16:06:41,905 [s0-impl-thread1] INFO  server.RaftServerConfigKeys (ConfUtils.java:logGet(46)) - raft.server.storage.free-space.min = 0MB (=0) (default)
2023-10-31 16:06:41,905 [s0-impl-thread1] INFO  server.RaftServerConfigKeys (ConfUtils.java:logGet(46)) - raft.server.log.corruption.policy = EXCEPTION (default)
2023-10-31 16:06:41,905 [s0-impl-thread1] INFO  server.RaftServerConfigKeys (ConfUtils.java:logGet(46)) - raft.server.storage.dir = [/home/runner/work/ratis/ratis/ratis-test/target/test/data/3084f93d/MiniRaftClusterWithSimulatedRpc9ae1c65b/s0] (custom)
2023-10-31 16:06:41,906 [s0-impl-thread1] INFO  storage.RaftStorageDirectory (RaftStorageDirectoryImpl.java:analyzeStorage(138)) - The storage directory /home/runner/work/ratis/ratis/ratis-test/target/test/data/3084f93d/MiniRaftClusterWithSimulatedRpc9ae1c65b/s0/53bd4421-a576-4167-9883-f4d9b07b2f30 does not exist. Creating ...
2023-10-31 16:06:41,906 [s0-impl-thread1] TRACE util.FileUtils (LogUtils.java:runAndLog(49)) - Successfully ran Files.createDirectories /home/runner/work/ratis/ratis/ratis-test/target/test/data/3084f93d/MiniRaftClusterWithSimulatedRpc9ae1c65b/s0/53bd4421-a576-4167-9883-f4d9b07b2f30
2023-10-31 16:06:41,908 [s0-impl-thread1] INFO  storage.RaftStorageDirectory (RaftStorageDirectoryImpl.java:tryLock(232)) - Lock on /home/runner/work/ratis/ratis/ratis-test/target/test/data/3084f93d/MiniRaftClusterWithSimulatedRpc9ae1c65b/s0/53bd4421-a576-4167-9883-f4d9b07b2f30/in_use.lock acquired by nodename 3366@fv-az462-937
2023-10-31 16:06:41,908 [s0-impl-thread1] TRACE util.FileUtils (LogUtils.java:runAndLog(49)) - Successfully ran Files.createDirectories /home/runner/work/ratis/ratis/ratis-test/target/test/data/3084f93d/MiniRaftClusterWithSimulatedRpc9ae1c65b/s0/53bd4421-a576-4167-9883-f4d9b07b2f30/current
2023-10-31 16:06:41,908 [s0-impl-thread1] TRACE util.FileUtils (LogUtils.java:runAndLog(49)) - Successfully ran Files.createDirectories /home/runner/work/ratis/ratis/ratis-test/target/test/data/3084f93d/MiniRaftClusterWithSimulatedRpc9ae1c65b/s0/53bd4421-a576-4167-9883-f4d9b07b2f30/sm
2023-10-31 16:06:41,908 [s0-impl-thread1] TRACE util.FileUtils (LogUtils.java:supplyAndLog(69)) - Successfully supplied FileChannel.open /home/runner/work/ratis/ratis/ratis-test/target/test/data/3084f93d/MiniRaftClusterWithSimulatedRpc9ae1c65b/s0/53bd4421-a576-4167-9883-f4d9b07b2f30/current/raft-meta.tmp with options [CREATE, WRITE]: sun.nio.ch.FileChannelImpl@55e3fb1
2023-10-31 16:06:41,910 [s0-impl-thread1] TRACE util.FileUtils (LogUtils.java:runAndLog(49)) - Successfully ran Atomic Files.move /home/runner/work/ratis/ratis/ratis-test/target/test/data/3084f93d/MiniRaftClusterWithSimulatedRpc9ae1c65b/s0/53bd4421-a576-4167-9883-f4d9b07b2f30/current/raft-meta.tmp to /home/runner/work/ratis/ratis/ratis-test/target/test/data/3084f93d/MiniRaftClusterWithSimulatedRpc9ae1c65b/s0/53bd4421-a576-4167-9883-f4d9b07b2f30/current/raft-meta with options [REPLACE_EXISTING]
2023-10-31 16:06:41,910 [s0-impl-thread1] INFO  storage.RaftStorage (RaftStorageImpl.java:format(97)) - Storage directory /home/runner/work/ratis/ratis/ratis-test/target/test/data/3084f93d/MiniRaftClusterWithSimulatedRpc9ae1c65b/s0/53bd4421-a576-4167-9883-f4d9b07b2f30 has been successfully formatted.
2023-10-31 16:06:41,910 [s0-impl-thread1] INFO  impl.SimpleStateMachine4Testing (SimpleStateMachine4Testing.java:initialize(213)) - Initializing SimpleStateMachine4Testing:uninitialized
2023-10-31 16:06:41,910 [s0-impl-thread1] INFO  impl.SimpleStateMachine4Testing (SimpleStateMachine4Testing.java:loadSnapshot(296)) - Loading snapshot null
2023-10-31 16:06:41,910 [s0-impl-thread1] INFO  server.RaftServerConfigKeys (ConfUtils.java:logGet(46)) - raft.server.log.use.memory = false (default)
2023-10-31 16:06:41,911 [s0-impl-thread1] INFO  server.RaftServerConfigKeys (ConfUtils.java:logGet(46)) - raft.server.log.purge.gap = 1024 (default)
2023-10-31 16:06:41,911 [s0-impl-thread1] INFO  server.RaftServerConfigKeys (ConfUtils.java:logGet(46)) - raft.server.log.appender.buffer.byte-limit = 4MB (=4194304) (default)
2023-10-31 16:06:41,911 [s0-impl-thread1] INFO  server.RaftServerConfigKeys (ConfUtils.java:logGet(46)) - raft.server.log.statemachine.data.read.timeout = 1000ms (default)
2023-10-31 16:06:41,911 [s0-impl-thread1] INFO  server.RaftServerConfigKeys (ConfUtils.java:logGet(46)) - raft.server.log.purge.preservation.log.num = 0 (default)
2023-10-31 16:06:41,911 [s0-impl-thread1] INFO  server.RaftServerConfigKeys (ConfUtils.java:logGet(46)) - raft.server.log.segment.size.max = 8KB (=8192) (custom)
2023-10-31 16:06:41,911 [s0-impl-thread1] INFO  server.RaftServerConfigKeys (ConfUtils.java:logGet(46)) - raft.server.log.segment.cache.num.max = 6 (default)
2023-10-31 16:06:41,911 [s0-impl-thread1] INFO  server.RaftServerConfigKeys (ConfUtils.java:logGet(46)) - raft.server.log.segment.cache.size.max = 200MB (=209715200) (default)
2023-10-31 16:06:41,912 [s0-impl-thread1] INFO  server.RaftServerConfigKeys (ConfUtils.java:logGet(46)) - raft.server.log.appender.buffer.byte-limit = 4MB (=4194304) (default)
2023-10-31 16:06:41,912 [s0-impl-thread1] INFO  util.AwaitToRun (AwaitToRun.java:start(81)) - Thread[s0@group-F4D9B07B2F30-cacheEviction-AwaitToRun,5,main] started
2023-10-31 16:06:41,913 [s0-impl-thread1] INFO  segmented.SegmentedRaftLogWorker (SegmentedRaftLogWorker.java:<init>(184)) - new s0@group-F4D9B07B2F30-SegmentedRaftLogWorker for RaftStorageImpl:Storage Directory /home/runner/work/ratis/ratis/ratis-test/target/test/data/3084f93d/MiniRaftClusterWithSimulatedRpc9ae1c65b/s0/53bd4421-a576-4167-9883-f4d9b07b2f30
2023-10-31 16:06:41,913 [s0-impl-thread1] INFO  server.RaftServerConfigKeys (ConfUtils.java:logGet(46)) - raft.server.log.queue.byte-limit = 64MB (=67108864) (default)
2023-10-31 16:06:41,913 [s0-impl-thread1] INFO  server.RaftServerConfigKeys (ConfUtils.java:logGet(46)) - raft.server.log.queue.element-limit = 4096 (default)
2023-10-31 16:06:41,913 [s0-impl-thread1] INFO  server.RaftServerConfigKeys (ConfUtils.java:logGet(46)) - raft.server.log.segment.size.max = 8KB (=8192) (custom)
2023-10-31 16:06:41,913 [s0-impl-thread1] INFO  server.RaftServerConfigKeys (ConfUtils.java:logGet(46)) - raft.server.log.preallocated.size = 4MB (=4194304) (default)
2023-10-31 16:06:41,913 [s0-impl-thread1] INFO  server.RaftServerConfigKeys (ConfUtils.java:logGet(46)) - raft.server.log.force.sync.num = 128 (default)
2023-10-31 16:06:41,913 [s0-impl-thread1] INFO  server.RaftServerConfigKeys (ConfUtils.java:logGet(46)) - raft.server.log.statemachine.data.sync = true (default)
2023-10-31 16:06:41,913 [s0-impl-thread1] INFO  server.RaftServerConfigKeys (ConfUtils.java:logGet(46)) - raft.server.log.statemachine.data.sync.timeout = 10s (default)
2023-10-31 16:06:41,913 [s0-impl-thread1] INFO  server.RaftServerConfigKeys (ConfUtils.java:logGet(46)) - raft.server.log.statemachine.data.sync.timeout.retry = -1 (default)
2023-10-31 16:06:41,913 [s0-impl-thread1] INFO  server.RaftServerConfigKeys (ConfUtils.java:logGet(46)) - raft.server.log.write.buffer.size = 64KB (=65536) (default)
2023-10-31 16:06:41,913 [s0-impl-thread1] INFO  server.RaftServerConfigKeys (ConfUtils.java:logGet(46)) - raft.server.log.appender.buffer.byte-limit = 4MB (=4194304) (default)
2023-10-31 16:06:41,915 [s0-impl-thread1] INFO  server.RaftServerConfigKeys (ConfUtils.java:logGet(46)) - raft.server.log.unsafe-flush.enabled = false (default)
2023-10-31 16:06:41,915 [s0-impl-thread1] INFO  server.RaftServerConfigKeys (ConfUtils.java:logGet(46)) - raft.server.log.async-flush.enabled = false (default)
2023-10-31 16:06:41,915 [s0-impl-thread1] INFO  server.RaftServerConfigKeys (ConfUtils.java:logGet(46)) - raft.server.log.statemachine.data.caching.enabled = false (default)
2023-10-31 16:06:41,915 [s0-impl-thread1] INFO  segmented.SegmentedRaftLogWorker (SegmentedRaftLogWorker.java:lambda$new$0(135)) - s0@group-F4D9B07B2F30-SegmentedRaftLogWorker: flushIndex: setUnconditionally 0 -> -1
2023-10-31 16:06:41,915 [s0-impl-thread1] INFO  segmented.SegmentedRaftLogWorker (SegmentedRaftLogWorker.java:lambda$new$0(135)) - s0@group-F4D9B07B2F30-SegmentedRaftLogWorker: safeCacheEvictIndex: setUnconditionally 0 -> -1
2023-10-31 16:06:41,915 [s0-impl-thread1] INFO  server.RaftServer$Division (RaftServerImpl.java:start(390)) - s0@group-F4D9B07B2F30: start as a follower, conf=-1: peers:[s0|localhost:37695]|listeners:[], old=null
2023-10-31 16:06:41,915 [s0-impl-thread1] INFO  server.RaftServer$Division (RaftServerImpl.java:setRole(377)) - s0@group-F4D9B07B2F30: changes role from      null to FOLLOWER at term 0 for startAsFollower
2023-10-31 16:06:41,915 [s0-impl-thread1] INFO  impl.RoleInfo (RoleInfo.java:updateAndGet(138)) - s0: start s0@group-F4D9B07B2F30-FollowerState
2023-10-31 16:06:41,916 [s0@group-F4D9B07B2F30-FollowerState] INFO  server.RaftServerConfigKeys (ConfUtils.java:logFallback(53)) - raft.server.rpc.first-election.timeout.min = 150ms (fallback to raft.server.rpc.timeout.min)
2023-10-31 16:06:41,916 [s0-impl-thread1] INFO  util.JmxRegister (JmxRegister.java:tryRegister(44)) - Successfully registered JMX Bean with object name Ratis:service=RaftServer,group=group-F4D9B07B2F30,id=s0
2023-10-31 16:06:41,916 [s0@group-F4D9B07B2F30-FollowerState] INFO  server.RaftServerConfigKeys (ConfUtils.java:logFallback(53)) - raft.server.rpc.first-election.timeout.max = 300ms (fallback to raft.server.rpc.timeout.max)
2023-10-31 16:06:41,916 [s0-impl-thread1] INFO  server.RaftServerConfigKeys (ConfUtils.java:logGet(46)) - raft.server.snapshot.trigger-when-stop.enabled = true (default)
2023-10-31 16:06:41,916 [s0-impl-thread1] INFO  server.RaftServerConfigKeys (ConfUtils.java:logGet(46)) - raft.server.snapshot.auto.trigger.enabled = false (default)
2023-10-31 16:06:41,916 [s0-impl-thread1] INFO  server.RaftServerConfigKeys (ConfUtils.java:logGet(46)) - raft.server.snapshot.retention.file.num = -1 (default)
2023-10-31 16:06:41,916 [s0-impl-thread1] INFO  server.RaftServerConfigKeys (ConfUtils.java:logGet(46)) - raft.server.log.purge.upto.snapshot.index = false (default)
2023-10-31 16:06:41,916 [Time-limited test] INFO  server.RaftServer (RaftServerProxy.java:startImpl(406)) - s0: start RPC server
2023-10-31 16:06:41,924 [JvmPauseMonitor42] INFO  util.JvmPauseMonitor (JvmPauseMonitor.java:run(146)) - JvmPauseMonitor-s0: Started
2023-10-31 16:06:41,924 [Time-limited test] INFO  server.RaftServerConfigKeys (ConfUtils.java:logGet(46)) - raft.server.rpc.timeout.max = 300ms (default)
2023-10-31 16:06:41,924 [Time-limited test] INFO  ratis.RaftTestUtil (RaftTestUtil.java:waitForLeader(100)) - printing ALL groups
  s0:  RUNNING  FOLLOWER s0@group-F4D9B07B2F30:t0, leader=null, voted=, raftlog=Memoized:s0@group-F4D9B07B2F30-SegmentedRaftLog:OPENED:c-1, conf=-1: peers:[s0|localhost:37695]|listeners:[], old=null RUNNING
2023-10-31 16:06:41,925 [Time-limited test] WARN  ratis.RaftTestUtil (JavaUtils.java:attempt(223)) - FAILED "waitForLeader-null-(expectLeader? true)", attempt #1/100: java.lang.IllegalStateException: No leader yet : printing ALL groups
  s0:  RUNNING  FOLLOWER s0@group-F4D9B07B2F30:t0, leader=null, voted=, raftlog=Memoized:s0@group-F4D9B07B2F30-SegmentedRaftLog:OPENED:c-1, conf=-1: peers:[s0|localhost:37695]|listeners:[], old=null RUNNING, sleep 450ms and then retry.
java.lang.IllegalStateException: No leader yet : printing ALL groups
  s0:  RUNNING  FOLLOWER s0@group-F4D9B07B2F30:t0, leader=null, voted=, raftlog=Memoized:s0@group-F4D9B07B2F30-SegmentedRaftLog:OPENED:c-1, conf=-1: peers:[s0|localhost:37695]|listeners:[], old=null RUNNING
	at org.apache.ratis.server.impl.MiniRaftCluster.newIllegalStateExceptionForNoLeaders(MiniRaftCluster.java:581)
	at org.apache.ratis.RaftTestUtil.lambda$waitForLeader$1(RaftTestUtil.java:104)
	at org.apache.ratis.server.impl.MiniRaftCluster.getLeader(MiniRaftCluster.java:615)
	at org.apache.ratis.server.impl.MiniRaftCluster.getLeader(MiniRaftCluster.java:608)
	at org.apache.ratis.RaftTestUtil.lambda$waitForLeader$3(RaftTestUtil.java:112)
	at org.apache.ratis.util.JavaUtils.attempt(JavaUtils.java:217)
	at org.apache.ratis.util.JavaUtils.attemptRepeatedly(JavaUtils.java:203)
	at org.apache.ratis.RaftTestUtil.waitForLeader(RaftTestUtil.java:111)
	at org.apache.ratis.RaftTestUtil.waitForLeader(RaftTestUtil.java:92)
	at org.apache.ratis.RaftTestUtil.waitForLeader(RaftTestUtil.java:87)
	at org.apache.ratis.server.ServerRestartTests.runTestRestartWithCorruptedLogEntry(ServerRestartTests.java:360)
	at org.apache.ratis.server.impl.MiniRaftCluster$Factory$Get.runWithNewCluster(MiniRaftCluster.java:141)
	at org.apache.ratis.server.impl.MiniRaftCluster$Factory$Get.runWithNewCluster(MiniRaftCluster.java:121)
	at org.apache.ratis.server.ServerRestartTests.lambda$testRestartWithCorruptedLogEntryWithException$11(ServerRestartTests.java:352)
	at org.apache.ratis.BaseTest.testFailureCase(BaseTest.java:154)
	at org.apache.ratis.BaseTest.testFailureCase(BaseTest.java:167)
	at org.apache.ratis.server.ServerRestartTests.testRestartWithCorruptedLogEntryWithException(ServerRestartTests.java:351)
	at java.base/jdk.internal.reflect.NativeMethodAccessorImpl.invoke0(Native Method)
	at java.base/jdk.internal.reflect.NativeMethodAccessorImpl.invoke(NativeMethodAccessorImpl.java:62)
	at java.base/jdk.internal.reflect.DelegatingMethodAccessorImpl.invoke(DelegatingMethodAccessorImpl.java:43)
	at java.base/java.lang.reflect.Method.invoke(Method.java:566)
	at org.junit.runners.model.FrameworkMethod$1.runReflectiveCall(FrameworkMethod.java:59)
	at org.junit.internal.runners.model.ReflectiveCallable.run(ReflectiveCallable.java:12)
	at org.junit.runners.model.FrameworkMethod.invokeExplosively(FrameworkMethod.java:56)
	at org.junit.internal.runners.statements.InvokeMethod.evaluate(InvokeMethod.java:17)
	at org.junit.internal.runners.statements.RunAfters.evaluate(RunAfters.java:27)
	at org.junit.internal.runners.statements.FailOnTimeout$CallableStatement.call(FailOnTimeout.java:299)
	at org.junit.internal.runners.statements.FailOnTimeout$CallableStatement.call(FailOnTimeout.java:293)
	at java.base/java.util.concurrent.FutureTask.run(FutureTask.java:264)
	at java.base/java.lang.Thread.run(Thread.java:829)
2023-10-31 16:06:42,194 [s0@group-F4D9B07B2F30-FollowerState] INFO  impl.FollowerState (FollowerState.java:run(143)) - s0@group-F4D9B07B2F30-FollowerState: change to CANDIDATE, lastRpcElapsedTime:278611689ns, electionTimeout:278ms
2023-10-31 16:06:42,194 [s0@group-F4D9B07B2F30-FollowerState] INFO  impl.RoleInfo (RoleInfo.java:shutdownFollowerState(109)) - s0: shutdown s0@group-F4D9B07B2F30-FollowerState
2023-10-31 16:06:42,194 [s0@group-F4D9B07B2F30-FollowerState] INFO  server.RaftServer$Division (RaftServerImpl.java:setRole(377)) - s0@group-F4D9B07B2F30: changes role from  FOLLOWER to CANDIDATE at term 0 for changeToCandidate
2023-10-31 16:06:42,194 [s0@group-F4D9B07B2F30-FollowerState] INFO  server.RaftServerConfigKeys (ConfUtils.java:logGet(46)) - raft.server.leaderelection.pre-vote = true (default)
2023-10-31 16:06:42,194 [s0@group-F4D9B07B2F30-FollowerState] INFO  impl.RoleInfo (RoleInfo.java:updateAndGet(138)) - s0: start s0@group-F4D9B07B2F30-LeaderElection17
2023-10-31 16:06:42,195 [s0@group-F4D9B07B2F30-LeaderElection17] INFO  impl.LeaderElection (LeaderElection.java:askForVotes(323)) - s0@group-F4D9B07B2F30-LeaderElection17 PRE_VOTE round 0: submit vote requests at term 0 for -1: peers:[s0|localhost:37695]|listeners:[], old=null
2023-10-31 16:06:42,195 [s0@group-F4D9B07B2F30-LeaderElection17] INFO  impl.LeaderElection (LeaderElection.java:askForVotes(325)) - s0@group-F4D9B07B2F30-LeaderElection17 PRE_VOTE round 0: result PASSED (term=0)
2023-10-31 16:06:42,196 [s0@group-F4D9B07B2F30-LeaderElection17] TRACE util.FileUtils (LogUtils.java:supplyAndLog(69)) - Successfully supplied FileChannel.open /home/runner/work/ratis/ratis/ratis-test/target/test/data/3084f93d/MiniRaftClusterWithSimulatedRpc9ae1c65b/s0/53bd4421-a576-4167-9883-f4d9b07b2f30/current/raft-meta.tmp with options [CREATE, WRITE]: sun.nio.ch.FileChannelImpl@4d56b5e1
2023-10-31 16:06:42,198 [s0@group-F4D9B07B2F30-LeaderElection17] TRACE util.FileUtils (LogUtils.java:runAndLog(49)) - Successfully ran Atomic Files.move /home/runner/work/ratis/ratis/ratis-test/target/test/data/3084f93d/MiniRaftClusterWithSimulatedRpc9ae1c65b/s0/53bd4421-a576-4167-9883-f4d9b07b2f30/current/raft-meta.tmp to /home/runner/work/ratis/ratis/ratis-test/target/test/data/3084f93d/MiniRaftClusterWithSimulatedRpc9ae1c65b/s0/53bd4421-a576-4167-9883-f4d9b07b2f30/current/raft-meta with options [REPLACE_EXISTING]
2023-10-31 16:06:42,198 [s0@group-F4D9B07B2F30-LeaderElection17] INFO  impl.LeaderElection (LeaderElection.java:askForVotes(323)) - s0@group-F4D9B07B2F30-LeaderElection17 ELECTION round 0: submit vote requests at term 1 for -1: peers:[s0|localhost:37695]|listeners:[], old=null
2023-10-31 16:06:42,198 [s0@group-F4D9B07B2F30-LeaderElection17] INFO  impl.LeaderElection (LeaderElection.java:askForVotes(325)) - s0@group-F4D9B07B2F30-LeaderElection17 ELECTION round 0: result PASSED (term=1)
2023-10-31 16:06:42,198 [s0@group-F4D9B07B2F30-LeaderElection17] INFO  impl.RoleInfo (RoleInfo.java:shutdownLeaderElection(129)) - s0: shutdown s0@group-F4D9B07B2F30-LeaderElection17
2023-10-31 16:06:42,198 [s0@group-F4D9B07B2F30-LeaderElection17] INFO  server.RaftServer$Division (RaftServerImpl.java:setRole(377)) - s0@group-F4D9B07B2F30: changes role from CANDIDATE to LEADER at term 1 for changeToLeader
2023-10-31 16:06:42,198 [s0@group-F4D9B07B2F30-LeaderElection17] INFO  server.RaftServerConfigKeys (ConfUtils.java:logGet(46)) - raft.server.staging.catchup.gap = 1000 (default)
2023-10-31 16:06:42,198 [s0@group-F4D9B07B2F30-LeaderElection17] INFO  server.RaftServerConfigKeys (ConfUtils.java:logGet(46)) - raft.server.write.element-limit = 4096 (default)
2023-10-31 16:06:42,198 [s0@group-F4D9B07B2F30-LeaderElection17] INFO  server.RaftServerConfigKeys (ConfUtils.java:logGet(46)) - raft.server.write.byte-limit = 64MB (=67108864) (default)
2023-10-31 16:06:42,199 [s0@group-F4D9B07B2F30-LeaderElection17] INFO  server.RaftServerConfigKeys (ConfUtils.java:logGet(46)) - raft.server.watch.timeout = 10s (default)
2023-10-31 16:06:42,199 [s0@group-F4D9B07B2F30-LeaderElection17] INFO  server.RaftServerConfigKeys (ConfUtils.java:logGet(46)) - raft.server.watch.timeout.denomination = 1s (default)
2023-10-31 16:06:42,199 [s0@group-F4D9B07B2F30-LeaderElection17] INFO  server.RaftServerConfigKeys (ConfUtils.java:logGet(46)) - raft.server.watch.element-limit = 65536 (default)
2023-10-31 16:06:42,199 [s0@group-F4D9B07B2F30-LeaderElection17] INFO  server.RaftServerConfigKeys (ConfUtils.java:logGet(46)) - raft.server.read.leader.lease.enabled = false (default)
2023-10-31 16:06:42,199 [s0@group-F4D9B07B2F30-LeaderElection17] INFO  server.RaftServerConfigKeys (ConfUtils.java:logGet(46)) - raft.server.read.leader.lease.timeout.ratio = 0.9 (default)
2023-10-31 16:06:42,199 [s0@group-F4D9B07B2F30-LeaderElection17] INFO  server.RaftServerConfigKeys (ConfUtils.java:logGet(46)) - raft.server.rpc.timeout.min = 150ms (default)
2023-10-31 16:06:42,199 [s0@group-F4D9B07B2F30-LeaderElection17] INFO  server.RaftServerConfigKeys (ConfUtils.java:logGet(46)) - raft.server.write.element-limit = 4096 (default)
2023-10-31 16:06:42,199 [s0@group-F4D9B07B2F30-LeaderElection17] INFO  server.RaftServerConfigKeys (ConfUtils.java:logGet(46)) - raft.server.write.follower.gap.ratio.max = -1.0 (default)
2023-10-31 16:06:42,199 [s0@group-F4D9B07B2F30-LeaderElection17] INFO  impl.RoleInfo (RoleInfo.java:updateAndGet(138)) - s0: start s0@group-F4D9B07B2F30-LeaderStateImpl
2023-10-31 16:06:42,199 [s0@group-F4D9B07B2F30-LeaderElection17] INFO  server.RaftServer$Division (RaftServerImpl.java:setFirstElection(562)) - s0@group-F4D9B07B2F30: set firstElectionSinceStartup to false for becomeLeader
2023-10-31 16:06:42,199 [s0@group-F4D9B07B2F30-LeaderElection17] INFO  server.RaftServer$Division (ServerState.java:setLeader(265)) - s0@group-F4D9B07B2F30: change Leader from null to s0 at term 1 for becomeLeader, leader elected after 295ms
2023-10-31 16:06:42,200 [s0@group-F4D9B07B2F30-LeaderElection17] INFO  segmented.SegmentedRaftLogWorker (SegmentedRaftLogWorker.java:startLogSegment(428)) - s0@group-F4D9B07B2F30-SegmentedRaftLogWorker: Starting segment from index:0
2023-10-31 16:06:42,200 [s0@group-F4D9B07B2F30-LeaderElection17] INFO  server.RaftServer$Division (ServerState.java:setRaftConf(382)) - s0@group-F4D9B07B2F30: set configuration 0: peers:[s0|localhost:37695]|listeners:[], old=null
2023-10-31 16:06:42,202 [s0@group-F4D9B07B2F30-SegmentedRaftLogWorker] INFO  segmented.SegmentedRaftLogWorker (SegmentedRaftLogWorker.java:execute(632)) - s0@group-F4D9B07B2F30-SegmentedRaftLogWorker: created new log segment /home/runner/work/ratis/ratis/ratis-test/target/test/data/3084f93d/MiniRaftClusterWithSimulatedRpc9ae1c65b/s0/53bd4421-a576-4167-9883-f4d9b07b2f30/current/log_inprogress_0
2023-10-31 16:06:42,203 [s0@group-F4D9B07B2F30-StateMachineUpdater] INFO  server.RaftServer$Division (LeaderStateImpl.java:isApplied(308)) - leader is ready since appliedIndex == 0 >= startIndex == 0
2023-10-31 16:06:42,377 [Time-limited test] INFO  ratis.RaftTestUtil (RaftTestUtil.java:waitForLeader(119)) - printing ALL groups
  s0:  RUNNING    LEADER s0@group-F4D9B07B2F30:t1, leader=s0, voted=s0, raftlog=Memoized:s0@group-F4D9B07B2F30-SegmentedRaftLog:OPENED:c0, conf=0: peers:[s0|localhost:37695]|listeners:[], old=null RUNNING
2023-10-31 16:06:42,379 [s0@group-F4D9B07B2F30-StateMachineUpdater] INFO  impl.SimpleStateMachine4Testing (SimpleStateMachine4Testing.java:applyTransaction(248)) - applyTransaction for log index 1
2023-10-31 16:06:42,379 [s0@group-F4D9B07B2F30-StateMachineUpdater] INFO  impl.SimpleStateMachine4Testing (SimpleStateMachine4Testing.java:put(205)) - s0: put 1, m0 -> (t:1, i:1), STATEMACHINELOGENTRY, 527@client-237366C7FDAC
2023-10-31 16:06:42,382 [s0@group-F4D9B07B2F30-StateMachineUpdater] INFO  impl.SimpleStateMachine4Testing (SimpleStateMachine4Testing.java:applyTransaction(248)) - applyTransaction for log index 3
2023-10-31 16:06:42,382 [s0@group-F4D9B07B2F30-StateMachineUpdater] INFO  impl.SimpleStateMachine4Testing (SimpleStateMachine4Testing.java:put(205)) - s0: put 3, m1 -> (t:1, i:3), STATEMACHINELOGENTRY, 528@client-237366C7FDAC
2023-10-31 16:06:42,384 [s0@group-F4D9B07B2F30-StateMachineUpdater] INFO  impl.SimpleStateMachine4Testing (SimpleStateMachine4Testing.java:applyTransaction(248)) - applyTransaction for log index 5
2023-10-31 16:06:42,384 [s0@group-F4D9B07B2F30-StateMachineUpdater] INFO  impl.SimpleStateMachine4Testing (SimpleStateMachine4Testing.java:put(205)) - s0: put 5, m2 -> (t:1, i:5), STATEMACHINELOGENTRY, 529@client-237366C7FDAC
2023-10-31 16:06:42,386 [s0@group-F4D9B07B2F30-StateMachineUpdater] INFO  impl.SimpleStateMachine4Testing (SimpleStateMachine4Testing.java:applyTransaction(248)) - applyTransaction for log index 7
2023-10-31 16:06:42,386 [s0@group-F4D9B07B2F30-StateMachineUpdater] INFO  impl.SimpleStateMachine4Testing (SimpleStateMachine4Testing.java:put(205)) - s0: put 7, m3 -> (t:1, i:7), STATEMACHINELOGENTRY, 530@client-237366C7FDAC
2023-10-31 16:06:42,390 [s0@group-F4D9B07B2F30-StateMachineUpdater] INFO  impl.SimpleStateMachine4Testing (SimpleStateMachine4Testing.java:applyTransaction(248)) - applyTransaction for log index 9
2023-10-31 16:06:42,390 [s0@group-F4D9B07B2F30-StateMachineUpdater] INFO  impl.SimpleStateMachine4Testing (SimpleStateMachine4Testing.java:put(205)) - s0: put 9, m4 -> (t:1, i:9), STATEMACHINELOGENTRY, 531@client-237366C7FDAC
2023-10-31 16:06:42,395 [s0@group-F4D9B07B2F30-StateMachineUpdater] INFO  impl.SimpleStateMachine4Testing (SimpleStateMachine4Testing.java:applyTransaction(248)) - applyTransaction for log index 11
2023-10-31 16:06:42,395 [s0@group-F4D9B07B2F30-StateMachineUpdater] INFO  impl.SimpleStateMachine4Testing (SimpleStateMachine4Testing.java:put(205)) - s0: put 11, m5 -> (t:1, i:11), STATEMACHINELOGENTRY, 532@client-237366C7FDAC
2023-10-31 16:06:42,396 [s0@group-F4D9B07B2F30-StateMachineUpdater] INFO  impl.SimpleStateMachine4Testing (SimpleStateMachine4Testing.java:applyTransaction(248)) - applyTransaction for log index 13
2023-10-31 16:06:42,396 [s0@group-F4D9B07B2F30-StateMachineUpdater] INFO  impl.SimpleStateMachine4Testing (SimpleStateMachine4Testing.java:put(205)) - s0: put 13, m6 -> (t:1, i:13), STATEMACHINELOGENTRY, 533@client-237366C7FDAC
2023-10-31 16:06:42,398 [s0@group-F4D9B07B2F30-StateMachineUpdater] INFO  impl.SimpleStateMachine4Testing (SimpleStateMachine4Testing.java:applyTransaction(248)) - applyTransaction for log index 15
2023-10-31 16:06:42,398 [s0@group-F4D9B07B2F30-StateMachineUpdater] INFO  impl.SimpleStateMachine4Testing (SimpleStateMachine4Testing.java:put(205)) - s0: put 15, m7 -> (t:1, i:15), STATEMACHINELOGENTRY, 534@client-237366C7FDAC
2023-10-31 16:06:42,400 [s0@group-F4D9B07B2F30-StateMachineUpdater] INFO  impl.SimpleStateMachine4Testing (SimpleStateMachine4Testing.java:applyTransaction(248)) - applyTransaction for log index 17
2023-10-31 16:06:42,400 [s0@group-F4D9B07B2F30-StateMachineUpdater] INFO  impl.SimpleStateMachine4Testing (SimpleStateMachine4Testing.java:put(205)) - s0: put 17, m8 -> (t:1, i:17), STATEMACHINELOGENTRY, 535@client-237366C7FDAC
2023-10-31 16:06:42,401 [s0@group-F4D9B07B2F30-StateMachineUpdater] INFO  impl.SimpleStateMachine4Testing (SimpleStateMachine4Testing.java:applyTransaction(248)) - applyTransaction for log index 19
2023-10-31 16:06:42,401 [s0@group-F4D9B07B2F30-StateMachineUpdater] INFO  impl.SimpleStateMachine4Testing (SimpleStateMachine4Testing.java:put(205)) - s0: put 19, m9 -> (t:1, i:19), STATEMACHINELOGENTRY, 536@client-237366C7FDAC
2023-10-31 16:06:42,402 [s0@group-F4D9B07B2F30-StateMachineUpdater] INFO  impl.SimpleStateMachine4Testing (SimpleStateMachine4Testing.java:applyTransaction(248)) - applyTransaction for log index 21
2023-10-31 16:06:42,402 [s0@group-F4D9B07B2F30-StateMachineUpdater] INFO  impl.SimpleStateMachine4Testing (SimpleStateMachine4Testing.java:put(205)) - s0: put 21, m10 -> (t:1, i:21), STATEMACHINELOGENTRY, 537@client-237366C7FDAC
2023-10-31 16:06:42,407 [s0@group-F4D9B07B2F30-StateMachineUpdater] INFO  impl.SimpleStateMachine4Testing (SimpleStateMachine4Testing.java:applyTransaction(248)) - applyTransaction for log index 23
2023-10-31 16:06:42,407 [s0@group-F4D9B07B2F30-StateMachineUpdater] INFO  impl.SimpleStateMachine4Testing (SimpleStateMachine4Testing.java:put(205)) - s0: put 23, m11 -> (t:1, i:23), STATEMACHINELOGENTRY, 538@client-237366C7FDAC
2023-10-31 16:06:42,409 [s0@group-F4D9B07B2F30-StateMachineUpdater] INFO  impl.SimpleStateMachine4Testing (SimpleStateMachine4Testing.java:applyTransaction(248)) - applyTransaction for log index 25
2023-10-31 16:06:42,409 [s0@group-F4D9B07B2F30-StateMachineUpdater] INFO  impl.SimpleStateMachine4Testing (SimpleStateMachine4Testing.java:put(205)) - s0: put 25, m12 -> (t:1, i:25), STATEMACHINELOGENTRY, 539@client-237366C7FDAC
2023-10-31 16:06:42,410 [s0@group-F4D9B07B2F30-StateMachineUpdater] INFO  impl.SimpleStateMachine4Testing (SimpleStateMachine4Testing.java:applyTransaction(248)) - applyTransaction for log index 27
2023-10-31 16:06:42,410 [s0@group-F4D9B07B2F30-StateMachineUpdater] INFO  impl.SimpleStateMachine4Testing (SimpleStateMachine4Testing.java:put(205)) - s0: put 27, m13 -> (t:1, i:27), STATEMACHINELOGENTRY, 540@client-237366C7FDAC
2023-10-31 16:06:42,411 [s0@group-F4D9B07B2F30-StateMachineUpdater] INFO  impl.SimpleStateMachine4Testing (SimpleStateMachine4Testing.java:applyTransaction(248)) - applyTransaction for log index 29
2023-10-31 16:06:42,411 [s0@group-F4D9B07B2F30-StateMachineUpdater] INFO  impl.SimpleStateMachine4Testing (SimpleStateMachine4Testing.java:put(205)) - s0: put 29, m14 -> (t:1, i:29), STATEMACHINELOGENTRY, 541@client-237366C7FDAC
2023-10-31 16:06:42,413 [s0@group-F4D9B07B2F30-StateMachineUpdater] INFO  impl.SimpleStateMachine4Testing (SimpleStateMachine4Testing.java:applyTransaction(248)) - applyTransaction for log index 31
2023-10-31 16:06:42,413 [s0@group-F4D9B07B2F30-StateMachineUpdater] INFO  impl.SimpleStateMachine4Testing (SimpleStateMachine4Testing.java:put(205)) - s0: put 31, m15 -> (t:1, i:31), STATEMACHINELOGENTRY, 542@client-237366C7FDAC
2023-10-31 16:06:42,414 [s0@group-F4D9B07B2F30-StateMachineUpdater] INFO  impl.SimpleStateMachine4Testing (SimpleStateMachine4Testing.java:applyTransaction(248)) - applyTransaction for log index 33
2023-10-31 16:06:42,414 [s0@group-F4D9B07B2F30-StateMachineUpdater] INFO  impl.SimpleStateMachine4Testing (SimpleStateMachine4Testing.java:put(205)) - s0: put 33, m16 -> (t:1, i:33), STATEMACHINELOGENTRY, 543@client-237366C7FDAC
2023-10-31 16:06:42,416 [s0@group-F4D9B07B2F30-StateMachineUpdater] INFO  impl.SimpleStateMachine4Testing (SimpleStateMachine4Testing.java:applyTransaction(248)) - applyTransaction for log index 35
2023-10-31 16:06:42,416 [s0@group-F4D9B07B2F30-StateMachineUpdater] INFO  impl.SimpleStateMachine4Testing (SimpleStateMachine4Testing.java:put(205)) - s0: put 35, m17 -> (t:1, i:35), STATEMACHINELOGENTRY, 544@client-237366C7FDAC
2023-10-31 16:06:42,417 [s0@group-F4D9B07B2F30-StateMachineUpdater] INFO  impl.SimpleStateMachine4Testing (SimpleStateMachine4Testing.java:applyTransaction(248)) - applyTransaction for log index 37
2023-10-31 16:06:42,417 [s0@group-F4D9B07B2F30-StateMachineUpdater] INFO  impl.SimpleStateMachine4Testing (SimpleStateMachine4Testing.java:put(205)) - s0: put 37, m18 -> (t:1, i:37), STATEMACHINELOGENTRY, 545@client-237366C7FDAC
2023-10-31 16:06:42,419 [s0@group-F4D9B07B2F30-StateMachineUpdater] INFO  impl.SimpleStateMachine4Testing (SimpleStateMachine4Testing.java:applyTransaction(248)) - applyTransaction for log index 39
2023-10-31 16:06:42,419 [s0@group-F4D9B07B2F30-StateMachineUpdater] INFO  impl.SimpleStateMachine4Testing (SimpleStateMachine4Testing.java:put(205)) - s0: put 39, m19 -> (t:1, i:39), STATEMACHINELOGENTRY, 546@client-237366C7FDAC
2023-10-31 16:06:42,421 [s0@group-F4D9B07B2F30-StateMachineUpdater] INFO  impl.SimpleStateMachine4Testing (SimpleStateMachine4Testing.java:applyTransaction(248)) - applyTransaction for log index 41
2023-10-31 16:06:42,421 [s0@group-F4D9B07B2F30-StateMachineUpdater] INFO  impl.SimpleStateMachine4Testing (SimpleStateMachine4Testing.java:put(205)) - s0: put 41, m20 -> (t:1, i:41), STATEMACHINELOGENTRY, 547@client-237366C7FDAC
2023-10-31 16:06:42,422 [s0@group-F4D9B07B2F30-StateMachineUpdater] INFO  impl.SimpleStateMachine4Testing (SimpleStateMachine4Testing.java:applyTransaction(248)) - applyTransaction for log index 43
2023-10-31 16:06:42,422 [s0@group-F4D9B07B2F30-StateMachineUpdater] INFO  impl.SimpleStateMachine4Testing (SimpleStateMachine4Testing.java:put(205)) - s0: put 43, m21 -> (t:1, i:43), STATEMACHINELOGENTRY, 548@client-237366C7FDAC
2023-10-31 16:06:42,423 [s0@group-F4D9B07B2F30-StateMachineUpdater] INFO  impl.SimpleStateMachine4Testing (SimpleStateMachine4Testing.java:applyTransaction(248)) - applyTransaction for log index 45
2023-10-31 16:06:42,424 [s0@group-F4D9B07B2F30-StateMachineUpdater] INFO  impl.SimpleStateMachine4Testing (SimpleStateMachine4Testing.java:put(205)) - s0: put 45, m22 -> (t:1, i:45), STATEMACHINELOGENTRY, 549@client-237366C7FDAC
2023-10-31 16:06:42,425 [s0@group-F4D9B07B2F30-StateMachineUpdater] INFO  impl.SimpleStateMachine4Testing (SimpleStateMachine4Testing.java:applyTransaction(248)) - applyTransaction for log index 47
2023-10-31 16:06:42,425 [s0@group-F4D9B07B2F30-StateMachineUpdater] INFO  impl.SimpleStateMachine4Testing (SimpleStateMachine4Testing.java:put(205)) - s0: put 47, m23 -> (t:1, i:47), STATEMACHINELOGENTRY, 550@client-237366C7FDAC
2023-10-31 16:06:42,426 [s0@group-F4D9B07B2F30-StateMachineUpdater] INFO  impl.SimpleStateMachine4Testing (SimpleStateMachine4Testing.java:applyTransaction(248)) - applyTransaction for log index 49
2023-10-31 16:06:42,426 [s0@group-F4D9B07B2F30-StateMachineUpdater] INFO  impl.SimpleStateMachine4Testing (SimpleStateMachine4Testing.java:put(205)) - s0: put 49, m24 -> (t:1, i:49), STATEMACHINELOGENTRY, 551@client-237366C7FDAC
2023-10-31 16:06:42,428 [s0@group-F4D9B07B2F30-StateMachineUpdater] INFO  impl.SimpleStateMachine4Testing (SimpleStateMachine4Testing.java:applyTransaction(248)) - applyTransaction for log index 51
2023-10-31 16:06:42,428 [s0@group-F4D9B07B2F30-StateMachineUpdater] INFO  impl.SimpleStateMachine4Testing (SimpleStateMachine4Testing.java:put(205)) - s0: put 51, m25 -> (t:1, i:51), STATEMACHINELOGENTRY, 552@client-237366C7FDAC
2023-10-31 16:06:42,429 [s0@group-F4D9B07B2F30-StateMachineUpdater] INFO  impl.SimpleStateMachine4Testing (SimpleStateMachine4Testing.java:applyTransaction(248)) - applyTransaction for log index 53
2023-10-31 16:06:42,429 [s0@group-F4D9B07B2F30-StateMachineUpdater] INFO  impl.SimpleStateMachine4Testing (SimpleStateMachine4Testing.java:put(205)) - s0: put 53, m26 -> (t:1, i:53), STATEMACHINELOGENTRY, 553@client-237366C7FDAC
2023-10-31 16:06:42,430 [s0@group-F4D9B07B2F30-StateMachineUpdater] INFO  impl.SimpleStateMachine4Testing (SimpleStateMachine4Testing.java:applyTransaction(248)) - applyTransaction for log index 55
2023-10-31 16:06:42,430 [s0@group-F4D9B07B2F30-StateMachineUpdater] INFO  impl.SimpleStateMachine4Testing (SimpleStateMachine4Testing.java:put(205)) - s0: put 55, m27 -> (t:1, i:55), STATEMACHINELOGENTRY, 554@client-237366C7FDAC
2023-10-31 16:06:42,432 [s0@group-F4D9B07B2F30-StateMachineUpdater] INFO  impl.SimpleStateMachine4Testing (SimpleStateMachine4Testing.java:applyTransaction(248)) - applyTransaction for log index 57
2023-10-31 16:06:42,432 [s0@group-F4D9B07B2F30-StateMachineUpdater] INFO  impl.SimpleStateMachine4Testing (SimpleStateMachine4Testing.java:put(205)) - s0: put 57, m28 -> (t:1, i:57), STATEMACHINELOGENTRY, 555@client-237366C7FDAC
2023-10-31 16:06:42,433 [s0@group-F4D9B07B2F30-StateMachineUpdater] INFO  impl.SimpleStateMachine4Testing (SimpleStateMachine4Testing.java:applyTransaction(248)) - applyTransaction for log index 59
2023-10-31 16:06:42,433 [s0@group-F4D9B07B2F30-StateMachineUpdater] INFO  impl.SimpleStateMachine4Testing (SimpleStateMachine4Testing.java:put(205)) - s0: put 59, m29 -> (t:1, i:59), STATEMACHINELOGENTRY, 556@client-237366C7FDAC
2023-10-31 16:06:42,438 [s0@group-F4D9B07B2F30-StateMachineUpdater] INFO  impl.SimpleStateMachine4Testing (SimpleStateMachine4Testing.java:applyTransaction(248)) - applyTransaction for log index 61
2023-10-31 16:06:42,438 [s0@group-F4D9B07B2F30-StateMachineUpdater] INFO  impl.SimpleStateMachine4Testing (SimpleStateMachine4Testing.java:put(205)) - s0: put 61, m30 -> (t:1, i:61), STATEMACHINELOGENTRY, 557@client-237366C7FDAC
2023-10-31 16:06:42,439 [s0@group-F4D9B07B2F30-StateMachineUpdater] INFO  impl.SimpleStateMachine4Testing (SimpleStateMachine4Testing.java:applyTransaction(248)) - applyTransaction for log index 63
2023-10-31 16:06:42,440 [s0@group-F4D9B07B2F30-StateMachineUpdater] INFO  impl.SimpleStateMachine4Testing (SimpleStateMachine4Testing.java:put(205)) - s0: put 63, m31 -> (t:1, i:63), STATEMACHINELOGENTRY, 558@client-237366C7FDAC
2023-10-31 16:06:42,443 [s0@group-F4D9B07B2F30-StateMachineUpdater] INFO  impl.SimpleStateMachine4Testing (SimpleStateMachine4Testing.java:applyTransaction(248)) - applyTransaction for log index 65
2023-10-31 16:06:42,443 [s0@group-F4D9B07B2F30-StateMachineUpdater] INFO  impl.SimpleStateMachine4Testing (SimpleStateMachine4Testing.java:put(205)) - s0: put 65, m32 -> (t:1, i:65), STATEMACHINELOGENTRY, 559@client-237366C7FDAC
2023-10-31 16:06:42,446 [s0@group-F4D9B07B2F30-StateMachineUpdater] INFO  impl.SimpleStateMachine4Testing (SimpleStateMachine4Testing.java:applyTransaction(248)) - applyTransaction for log index 67
2023-10-31 16:06:42,446 [s0@group-F4D9B07B2F30-StateMachineUpdater] INFO  impl.SimpleStateMachine4Testing (SimpleStateMachine4Testing.java:put(205)) - s0: put 67, m33 -> (t:1, i:67), STATEMACHINELOGENTRY, 560@client-237366C7FDAC
2023-10-31 16:06:42,448 [s0@group-F4D9B07B2F30-StateMachineUpdater] INFO  impl.SimpleStateMachine4Testing (SimpleStateMachine4Testing.java:applyTransaction(248)) - applyTransaction for log index 69
2023-10-31 16:06:42,448 [s0@group-F4D9B07B2F30-StateMachineUpdater] INFO  impl.SimpleStateMachine4Testing (SimpleStateMachine4Testing.java:put(205)) - s0: put 69, m34 -> (t:1, i:69), STATEMACHINELOGENTRY, 561@client-237366C7FDAC
2023-10-31 16:06:42,449 [s0@group-F4D9B07B2F30-StateMachineUpdater] INFO  impl.SimpleStateMachine4Testing (SimpleStateMachine4Testing.java:applyTransaction(248)) - applyTransaction for log index 71
2023-10-31 16:06:42,449 [s0@group-F4D9B07B2F30-StateMachineUpdater] INFO  impl.SimpleStateMachine4Testing (SimpleStateMachine4Testing.java:put(205)) - s0: put 71, m35 -> (t:1, i:71), STATEMACHINELOGENTRY, 562@client-237366C7FDAC
2023-10-31 16:06:42,450 [s0@group-F4D9B07B2F30-StateMachineUpdater] INFO  impl.SimpleStateMachine4Testing (SimpleStateMachine4Testing.java:applyTransaction(248)) - applyTransaction for log index 73
2023-10-31 16:06:42,450 [s0@group-F4D9B07B2F30-StateMachineUpdater] INFO  impl.SimpleStateMachine4Testing (SimpleStateMachine4Testing.java:put(205)) - s0: put 73, m36 -> (t:1, i:73), STATEMACHINELOGENTRY, 563@client-237366C7FDAC
2023-10-31 16:06:42,452 [s0@group-F4D9B07B2F30-StateMachineUpdater] INFO  impl.SimpleStateMachine4Testing (SimpleStateMachine4Testing.java:applyTransaction(248)) - applyTransaction for log index 75
2023-10-31 16:06:42,453 [s0@group-F4D9B07B2F30-StateMachineUpdater] INFO  impl.SimpleStateMachine4Testing (SimpleStateMachine4Testing.java:put(205)) - s0: put 75, m37 -> (t:1, i:75), STATEMACHINELOGENTRY, 564@client-237366C7FDAC
2023-10-31 16:06:42,454 [s0@group-F4D9B07B2F30-StateMachineUpdater] INFO  impl.SimpleStateMachine4Testing (SimpleStateMachine4Testing.java:applyTransaction(248)) - applyTransaction for log index 77
2023-10-31 16:06:42,454 [s0@group-F4D9B07B2F30-StateMachineUpdater] INFO  impl.SimpleStateMachine4Testing (SimpleStateMachine4Testing.java:put(205)) - s0: put 77, m38 -> (t:1, i:77), STATEMACHINELOGENTRY, 565@client-237366C7FDAC
2023-10-31 16:06:42,457 [s0@group-F4D9B07B2F30-StateMachineUpdater] INFO  impl.SimpleStateMachine4Testing (SimpleStateMachine4Testing.java:applyTransaction(248)) - applyTransaction for log index 79
2023-10-31 16:06:42,457 [s0@group-F4D9B07B2F30-StateMachineUpdater] INFO  impl.SimpleStateMachine4Testing (SimpleStateMachine4Testing.java:put(205)) - s0: put 79, m39 -> (t:1, i:79), STATEMACHINELOGENTRY, 566@client-237366C7FDAC
2023-10-31 16:06:42,459 [s0@group-F4D9B07B2F30-StateMachineUpdater] INFO  impl.SimpleStateMachine4Testing (SimpleStateMachine4Testing.java:applyTransaction(248)) - applyTransaction for log index 81
2023-10-31 16:06:42,459 [s0@group-F4D9B07B2F30-StateMachineUpdater] INFO  impl.SimpleStateMachine4Testing (SimpleStateMachine4Testing.java:put(205)) - s0: put 81, m40 -> (t:1, i:81), STATEMACHINELOGENTRY, 567@client-237366C7FDAC
2023-10-31 16:06:42,463 [s0@group-F4D9B07B2F30-StateMachineUpdater] INFO  impl.SimpleStateMachine4Testing (SimpleStateMachine4Testing.java:applyTransaction(248)) - applyTransaction for log index 83
2023-10-31 16:06:42,463 [s0@group-F4D9B07B2F30-StateMachineUpdater] INFO  impl.SimpleStateMachine4Testing (SimpleStateMachine4Testing.java:put(205)) - s0: put 83, m41 -> (t:1, i:83), STATEMACHINELOGENTRY, 568@client-237366C7FDAC
2023-10-31 16:06:42,466 [s0@group-F4D9B07B2F30-StateMachineUpdater] INFO  impl.SimpleStateMachine4Testing (SimpleStateMachine4Testing.java:applyTransaction(248)) - applyTransaction for log index 85
2023-10-31 16:06:42,466 [s0@group-F4D9B07B2F30-StateMachineUpdater] INFO  impl.SimpleStateMachine4Testing (SimpleStateMachine4Testing.java:put(205)) - s0: put 85, m42 -> (t:1, i:85), STATEMACHINELOGENTRY, 569@client-237366C7FDAC
2023-10-31 16:06:42,467 [s0@group-F4D9B07B2F30-StateMachineUpdater] INFO  impl.SimpleStateMachine4Testing (SimpleStateMachine4Testing.java:applyTransaction(248)) - applyTransaction for log index 87
2023-10-31 16:06:42,467 [s0@group-F4D9B07B2F30-StateMachineUpdater] INFO  impl.SimpleStateMachine4Testing (SimpleStateMachine4Testing.java:put(205)) - s0: put 87, m43 -> (t:1, i:87), STATEMACHINELOGENTRY, 570@client-237366C7FDAC
2023-10-31 16:06:42,468 [s0@group-F4D9B07B2F30-StateMachineUpdater] INFO  impl.SimpleStateMachine4Testing (SimpleStateMachine4Testing.java:applyTransaction(248)) - applyTransaction for log index 89
2023-10-31 16:06:42,469 [s0@group-F4D9B07B2F30-StateMachineUpdater] INFO  impl.SimpleStateMachine4Testing (SimpleStateMachine4Testing.java:put(205)) - s0: put 89, m44 -> (t:1, i:89), STATEMACHINELOGENTRY, 571@client-237366C7FDAC
2023-10-31 16:06:42,470 [s0@group-F4D9B07B2F30-StateMachineUpdater] INFO  impl.SimpleStateMachine4Testing (SimpleStateMachine4Testing.java:applyTransaction(248)) - applyTransaction for log index 91
2023-10-31 16:06:42,470 [s0@group-F4D9B07B2F30-StateMachineUpdater] INFO  impl.SimpleStateMachine4Testing (SimpleStateMachine4Testing.java:put(205)) - s0: put 91, m45 -> (t:1, i:91), STATEMACHINELOGENTRY, 572@client-237366C7FDAC
2023-10-31 16:06:42,471 [s0@group-F4D9B07B2F30-StateMachineUpdater] INFO  impl.SimpleStateMachine4Testing (SimpleStateMachine4Testing.java:applyTransaction(248)) - applyTransaction for log index 93
2023-10-31 16:06:42,471 [s0@group-F4D9B07B2F30-StateMachineUpdater] INFO  impl.SimpleStateMachine4Testing (SimpleStateMachine4Testing.java:put(205)) - s0: put 93, m46 -> (t:1, i:93), STATEMACHINELOGENTRY, 573@client-237366C7FDAC
2023-10-31 16:06:42,471 [s0@group-F4D9B07B2F30-StateMachineUpdater] INFO  impl.SimpleStateMachine4Testing (SimpleStateMachine4Testing.java:applyTransaction(248)) - applyTransaction for log index 95
2023-10-31 16:06:42,472 [s0@group-F4D9B07B2F30-StateMachineUpdater] INFO  impl.SimpleStateMachine4Testing (SimpleStateMachine4Testing.java:put(205)) - s0: put 95, m47 -> (t:1, i:95), STATEMACHINELOGENTRY, 574@client-237366C7FDAC
2023-10-31 16:06:42,472 [s0@group-F4D9B07B2F30-StateMachineUpdater] INFO  impl.SimpleStateMachine4Testing (SimpleStateMachine4Testing.java:applyTransaction(248)) - applyTransaction for log index 97
2023-10-31 16:06:42,472 [s0@group-F4D9B07B2F30-StateMachineUpdater] INFO  impl.SimpleStateMachine4Testing (SimpleStateMachine4Testing.java:put(205)) - s0: put 97, m48 -> (t:1, i:97), STATEMACHINELOGENTRY, 575@client-237366C7FDAC
2023-10-31 16:06:42,473 [s0@group-F4D9B07B2F30-StateMachineUpdater] INFO  impl.SimpleStateMachine4Testing (SimpleStateMachine4Testing.java:applyTransaction(248)) - applyTransaction for log index 99
2023-10-31 16:06:42,473 [s0@group-F4D9B07B2F30-StateMachineUpdater] INFO  impl.SimpleStateMachine4Testing (SimpleStateMachine4Testing.java:put(205)) - s0: put 99, m49 -> (t:1, i:99), STATEMACHINELOGENTRY, 576@client-237366C7FDAC
2023-10-31 16:06:42,474 [s0@group-F4D9B07B2F30-StateMachineUpdater] INFO  impl.SimpleStateMachine4Testing (SimpleStateMachine4Testing.java:applyTransaction(248)) - applyTransaction for log index 101
2023-10-31 16:06:42,474 [s0@group-F4D9B07B2F30-StateMachineUpdater] INFO  impl.SimpleStateMachine4Testing (SimpleStateMachine4Testing.java:put(205)) - s0: put 101, m50 -> (t:1, i:101), STATEMACHINELOGENTRY, 577@client-237366C7FDAC
2023-10-31 16:06:42,475 [s0@group-F4D9B07B2F30-StateMachineUpdater] INFO  impl.SimpleStateMachine4Testing (SimpleStateMachine4Testing.java:applyTransaction(248)) - applyTransaction for log index 103
2023-10-31 16:06:42,475 [s0@group-F4D9B07B2F30-StateMachineUpdater] INFO  impl.SimpleStateMachine4Testing (SimpleStateMachine4Testing.java:put(205)) - s0: put 103, m51 -> (t:1, i:103), STATEMACHINELOGENTRY, 578@client-237366C7FDAC
2023-10-31 16:06:42,478 [s0@group-F4D9B07B2F30-StateMachineUpdater] INFO  impl.SimpleStateMachine4Testing (SimpleStateMachine4Testing.java:applyTransaction(248)) - applyTransaction for log index 105
2023-10-31 16:06:42,478 [s0@group-F4D9B07B2F30-StateMachineUpdater] INFO  impl.SimpleStateMachine4Testing (SimpleStateMachine4Testing.java:put(205)) - s0: put 105, m52 -> (t:1, i:105), STATEMACHINELOGENTRY, 579@client-237366C7FDAC
2023-10-31 16:06:42,482 [s0@group-F4D9B07B2F30-StateMachineUpdater] INFO  impl.SimpleStateMachine4Testing (SimpleStateMachine4Testing.java:applyTransaction(248)) - applyTransaction for log index 107
2023-10-31 16:06:42,482 [s0@group-F4D9B07B2F30-StateMachineUpdater] INFO  impl.SimpleStateMachine4Testing (SimpleStateMachine4Testing.java:put(205)) - s0: put 107, m53 -> (t:1, i:107), STATEMACHINELOGENTRY, 580@client-237366C7FDAC
2023-10-31 16:06:42,485 [s0@group-F4D9B07B2F30-StateMachineUpdater] INFO  impl.SimpleStateMachine4Testing (SimpleStateMachine4Testing.java:applyTransaction(248)) - applyTransaction for log index 109
2023-10-31 16:06:42,485 [s0@group-F4D9B07B2F30-StateMachineUpdater] INFO  impl.SimpleStateMachine4Testing (SimpleStateMachine4Testing.java:put(205)) - s0: put 109, m54 -> (t:1, i:109), STATEMACHINELOGENTRY, 581@client-237366C7FDAC
2023-10-31 16:06:42,486 [s0@group-F4D9B07B2F30-StateMachineUpdater] INFO  impl.SimpleStateMachine4Testing (SimpleStateMachine4Testing.java:applyTransaction(248)) - applyTransaction for log index 111
2023-10-31 16:06:42,486 [s0@group-F4D9B07B2F30-StateMachineUpdater] INFO  impl.SimpleStateMachine4Testing (SimpleStateMachine4Testing.java:put(205)) - s0: put 111, m55 -> (t:1, i:111), STATEMACHINELOGENTRY, 582@client-237366C7FDAC
2023-10-31 16:06:42,487 [s0@group-F4D9B07B2F30-StateMachineUpdater] INFO  impl.SimpleStateMachine4Testing (SimpleStateMachine4Testing.java:applyTransaction(248)) - applyTransaction for log index 113
2023-10-31 16:06:42,487 [s0@group-F4D9B07B2F30-StateMachineUpdater] INFO  impl.SimpleStateMachine4Testing (SimpleStateMachine4Testing.java:put(205)) - s0: put 113, m56 -> (t:1, i:113), STATEMACHINELOGENTRY, 583@client-237366C7FDAC
2023-10-31 16:06:42,488 [s0@group-F4D9B07B2F30-StateMachineUpdater] INFO  impl.SimpleStateMachine4Testing (SimpleStateMachine4Testing.java:applyTransaction(248)) - applyTransaction for log index 115
2023-10-31 16:06:42,488 [s0@group-F4D9B07B2F30-StateMachineUpdater] INFO  impl.SimpleStateMachine4Testing (SimpleStateMachine4Testing.java:put(205)) - s0: put 115, m57 -> (t:1, i:115), STATEMACHINELOGENTRY, 584@client-237366C7FDAC
2023-10-31 16:06:42,489 [s0@group-F4D9B07B2F30-StateMachineUpdater] INFO  impl.SimpleStateMachine4Testing (SimpleStateMachine4Testing.java:applyTransaction(248)) - applyTransaction for log index 117
2023-10-31 16:06:42,489 [s0@group-F4D9B07B2F30-StateMachineUpdater] INFO  impl.SimpleStateMachine4Testing (SimpleStateMachine4Testing.java:put(205)) - s0: put 117, m58 -> (t:1, i:117), STATEMACHINELOGENTRY, 585@client-237366C7FDAC
2023-10-31 16:06:42,490 [s0@group-F4D9B07B2F30-StateMachineUpdater] INFO  impl.SimpleStateMachine4Testing (SimpleStateMachine4Testing.java:applyTransaction(248)) - applyTransaction for log index 119
2023-10-31 16:06:42,490 [s0@group-F4D9B07B2F30-StateMachineUpdater] INFO  impl.SimpleStateMachine4Testing (SimpleStateMachine4Testing.java:put(205)) - s0: put 119, m59 -> (t:1, i:119), STATEMACHINELOGENTRY, 586@client-237366C7FDAC
2023-10-31 16:06:42,491 [s0@group-F4D9B07B2F30-StateMachineUpdater] INFO  impl.SimpleStateMachine4Testing (SimpleStateMachine4Testing.java:applyTransaction(248)) - applyTransaction for log index 121
2023-10-31 16:06:42,491 [s0@group-F4D9B07B2F30-StateMachineUpdater] INFO  impl.SimpleStateMachine4Testing (SimpleStateMachine4Testing.java:put(205)) - s0: put 121, m60 -> (t:1, i:121), STATEMACHINELOGENTRY, 587@client-237366C7FDAC
2023-10-31 16:06:42,495 [s0@group-F4D9B07B2F30-StateMachineUpdater] INFO  impl.SimpleStateMachine4Testing (SimpleStateMachine4Testing.java:applyTransaction(248)) - applyTransaction for log index 123
2023-10-31 16:06:42,495 [s0@group-F4D9B07B2F30-StateMachineUpdater] INFO  impl.SimpleStateMachine4Testing (SimpleStateMachine4Testing.java:put(205)) - s0: put 123, m61 -> (t:1, i:123), STATEMACHINELOGENTRY, 588@client-237366C7FDAC
2023-10-31 16:06:42,496 [s0@group-F4D9B07B2F30-StateMachineUpdater] INFO  impl.SimpleStateMachine4Testing (SimpleStateMachine4Testing.java:applyTransaction(248)) - applyTransaction for log index 125
2023-10-31 16:06:42,496 [s0@group-F4D9B07B2F30-StateMachineUpdater] INFO  impl.SimpleStateMachine4Testing (SimpleStateMachine4Testing.java:put(205)) - s0: put 125, m62 -> (t:1, i:125), STATEMACHINELOGENTRY, 589@client-237366C7FDAC
2023-10-31 16:06:42,499 [s0@group-F4D9B07B2F30-StateMachineUpdater] INFO  impl.SimpleStateMachine4Testing (SimpleStateMachine4Testing.java:applyTransaction(248)) - applyTransaction for log index 127
2023-10-31 16:06:42,499 [s0@group-F4D9B07B2F30-StateMachineUpdater] INFO  impl.SimpleStateMachine4Testing (SimpleStateMachine4Testing.java:put(205)) - s0: put 127, m63 -> (t:1, i:127), STATEMACHINELOGENTRY, 590@client-237366C7FDAC
2023-10-31 16:06:42,501 [s0@group-F4D9B07B2F30-StateMachineUpdater] INFO  impl.SimpleStateMachine4Testing (SimpleStateMachine4Testing.java:applyTransaction(248)) - applyTransaction for log index 129
2023-10-31 16:06:42,502 [s0@group-F4D9B07B2F30-StateMachineUpdater] INFO  impl.SimpleStateMachine4Testing (SimpleStateMachine4Testing.java:put(205)) - s0: put 129, m64 -> (t:1, i:129), STATEMACHINELOGENTRY, 591@client-237366C7FDAC
2023-10-31 16:06:42,506 [s0@group-F4D9B07B2F30-StateMachineUpdater] INFO  impl.SimpleStateMachine4Testing (SimpleStateMachine4Testing.java:applyTransaction(248)) - applyTransaction for log index 131
2023-10-31 16:06:42,506 [s0@group-F4D9B07B2F30-StateMachineUpdater] INFO  impl.SimpleStateMachine4Testing (SimpleStateMachine4Testing.java:put(205)) - s0: put 131, m65 -> (t:1, i:131), STATEMACHINELOGENTRY, 592@client-237366C7FDAC
2023-10-31 16:06:42,510 [s0@group-F4D9B07B2F30-StateMachineUpdater] INFO  impl.SimpleStateMachine4Testing (SimpleStateMachine4Testing.java:applyTransaction(248)) - applyTransaction for log index 133
2023-10-31 16:06:42,510 [s0@group-F4D9B07B2F30-StateMachineUpdater] INFO  impl.SimpleStateMachine4Testing (SimpleStateMachine4Testing.java:put(205)) - s0: put 133, m66 -> (t:1, i:133), STATEMACHINELOGENTRY, 593@client-237366C7FDAC
2023-10-31 16:06:42,513 [s0@group-F4D9B07B2F30-StateMachineUpdater] INFO  impl.SimpleStateMachine4Testing (SimpleStateMachine4Testing.java:applyTransaction(248)) - applyTransaction for log index 135
2023-10-31 16:06:42,513 [s0@group-F4D9B07B2F30-StateMachineUpdater] INFO  impl.SimpleStateMachine4Testing (SimpleStateMachine4Testing.java:put(205)) - s0: put 135, m67 -> (t:1, i:135), STATEMACHINELOGENTRY, 594@client-237366C7FDAC
2023-10-31 16:06:42,516 [s0@group-F4D9B07B2F30-StateMachineUpdater] INFO  impl.SimpleStateMachine4Testing (SimpleStateMachine4Testing.java:applyTransaction(248)) - applyTransaction for log index 137
2023-10-31 16:06:42,516 [s0@group-F4D9B07B2F30-StateMachineUpdater] INFO  impl.SimpleStateMachine4Testing (SimpleStateMachine4Testing.java:put(205)) - s0: put 137, m68 -> (t:1, i:137), STATEMACHINELOGENTRY, 595@client-237366C7FDAC
2023-10-31 16:06:42,518 [s0@group-F4D9B07B2F30-StateMachineUpdater] INFO  impl.SimpleStateMachine4Testing (SimpleStateMachine4Testing.java:applyTransaction(248)) - applyTransaction for log index 139
2023-10-31 16:06:42,518 [s0@group-F4D9B07B2F30-StateMachineUpdater] INFO  impl.SimpleStateMachine4Testing (SimpleStateMachine4Testing.java:put(205)) - s0: put 139, m69 -> (t:1, i:139), STATEMACHINELOGENTRY, 596@client-237366C7FDAC
2023-10-31 16:06:42,519 [s0@group-F4D9B07B2F30-StateMachineUpdater] INFO  impl.SimpleStateMachine4Testing (SimpleStateMachine4Testing.java:applyTransaction(248)) - applyTransaction for log index 141
2023-10-31 16:06:42,519 [s0@group-F4D9B07B2F30-StateMachineUpdater] INFO  impl.SimpleStateMachine4Testing (SimpleStateMachine4Testing.java:put(205)) - s0: put 141, m70 -> (t:1, i:141), STATEMACHINELOGENTRY, 597@client-237366C7FDAC
2023-10-31 16:06:42,520 [s0@group-F4D9B07B2F30-StateMachineUpdater] INFO  impl.SimpleStateMachine4Testing (SimpleStateMachine4Testing.java:applyTransaction(248)) - applyTransaction for log index 143
2023-10-31 16:06:42,520 [s0@group-F4D9B07B2F30-StateMachineUpdater] INFO  impl.SimpleStateMachine4Testing (SimpleStateMachine4Testing.java:put(205)) - s0: put 143, m71 -> (t:1, i:143), STATEMACHINELOGENTRY, 598@client-237366C7FDAC
2023-10-31 16:06:42,521 [s0@group-F4D9B07B2F30-StateMachineUpdater] INFO  impl.SimpleStateMachine4Testing (SimpleStateMachine4Testing.java:applyTransaction(248)) - applyTransaction for log index 145
2023-10-31 16:06:42,521 [s0@group-F4D9B07B2F30-StateMachineUpdater] INFO  impl.SimpleStateMachine4Testing (SimpleStateMachine4Testing.java:put(205)) - s0: put 145, m72 -> (t:1, i:145), STATEMACHINELOGENTRY, 599@client-237366C7FDAC
2023-10-31 16:06:42,523 [s0@group-F4D9B07B2F30-StateMachineUpdater] INFO  impl.SimpleStateMachine4Testing (SimpleStateMachine4Testing.java:applyTransaction(248)) - applyTransaction for log index 147
2023-10-31 16:06:42,523 [s0@group-F4D9B07B2F30-StateMachineUpdater] INFO  impl.SimpleStateMachine4Testing (SimpleStateMachine4Testing.java:put(205)) - s0: put 147, m73 -> (t:1, i:147), STATEMACHINELOGENTRY, 600@client-237366C7FDAC
2023-10-31 16:06:42,524 [s0@group-F4D9B07B2F30-StateMachineUpdater] INFO  impl.SimpleStateMachine4Testing (SimpleStateMachine4Testing.java:applyTransaction(248)) - applyTransaction for log index 149
2023-10-31 16:06:42,524 [s0@group-F4D9B07B2F30-StateMachineUpdater] INFO  impl.SimpleStateMachine4Testing (SimpleStateMachine4Testing.java:put(205)) - s0: put 149, m74 -> (t:1, i:149), STATEMACHINELOGENTRY, 601@client-237366C7FDAC
2023-10-31 16:06:42,525 [s0@group-F4D9B07B2F30-StateMachineUpdater] INFO  impl.SimpleStateMachine4Testing (SimpleStateMachine4Testing.java:applyTransaction(248)) - applyTransaction for log index 151
2023-10-31 16:06:42,525 [s0@group-F4D9B07B2F30-StateMachineUpdater] INFO  impl.SimpleStateMachine4Testing (SimpleStateMachine4Testing.java:put(205)) - s0: put 151, m75 -> (t:1, i:151), STATEMACHINELOGENTRY, 602@client-237366C7FDAC
2023-10-31 16:06:42,526 [s0@group-F4D9B07B2F30-StateMachineUpdater] INFO  impl.SimpleStateMachine4Testing (SimpleStateMachine4Testing.java:applyTransaction(248)) - applyTransaction for log index 153
2023-10-31 16:06:42,526 [s0@group-F4D9B07B2F30-StateMachineUpdater] INFO  impl.SimpleStateMachine4Testing (SimpleStateMachine4Testing.java:put(205)) - s0: put 153, m76 -> (t:1, i:153), STATEMACHINELOGENTRY, 603@client-237366C7FDAC
2023-10-31 16:06:42,527 [s0@group-F4D9B07B2F30-StateMachineUpdater] INFO  impl.SimpleStateMachine4Testing (SimpleStateMachine4Testing.java:applyTransaction(248)) - applyTransaction for log index 155
2023-10-31 16:06:42,527 [s0@group-F4D9B07B2F30-StateMachineUpdater] INFO  impl.SimpleStateMachine4Testing (SimpleStateMachine4Testing.java:put(205)) - s0: put 155, m77 -> (t:1, i:155), STATEMACHINELOGENTRY, 604@client-237366C7FDAC
2023-10-31 16:06:42,528 [s0@group-F4D9B07B2F30-StateMachineUpdater] INFO  impl.SimpleStateMachine4Testing (SimpleStateMachine4Testing.java:applyTransaction(248)) - applyTransaction for log index 157
2023-10-31 16:06:42,528 [s0@group-F4D9B07B2F30-StateMachineUpdater] INFO  impl.SimpleStateMachine4Testing (SimpleStateMachine4Testing.java:put(205)) - s0: put 157, m78 -> (t:1, i:157), STATEMACHINELOGENTRY, 605@client-237366C7FDAC
2023-10-31 16:06:42,529 [s0@group-F4D9B07B2F30-StateMachineUpdater] INFO  impl.SimpleStateMachine4Testing (SimpleStateMachine4Testing.java:applyTransaction(248)) - applyTransaction for log index 159
2023-10-31 16:06:42,530 [s0@group-F4D9B07B2F30-StateMachineUpdater] INFO  impl.SimpleStateMachine4Testing (SimpleStateMachine4Testing.java:put(205)) - s0: put 159, m79 -> (t:1, i:159), STATEMACHINELOGENTRY, 606@client-237366C7FDAC
2023-10-31 16:06:42,531 [s0@group-F4D9B07B2F30-StateMachineUpdater] INFO  impl.SimpleStateMachine4Testing (SimpleStateMachine4Testing.java:applyTransaction(248)) - applyTransaction for log index 161
2023-10-31 16:06:42,531 [s0@group-F4D9B07B2F30-StateMachineUpdater] INFO  impl.SimpleStateMachine4Testing (SimpleStateMachine4Testing.java:put(205)) - s0: put 161, m80 -> (t:1, i:161), STATEMACHINELOGENTRY, 607@client-237366C7FDAC
2023-10-31 16:06:42,532 [s0@group-F4D9B07B2F30-StateMachineUpdater] INFO  impl.SimpleStateMachine4Testing (SimpleStateMachine4Testing.java:applyTransaction(248)) - applyTransaction for log index 163
2023-10-31 16:06:42,532 [s0@group-F4D9B07B2F30-StateMachineUpdater] INFO  impl.SimpleStateMachine4Testing (SimpleStateMachine4Testing.java:put(205)) - s0: put 163, m81 -> (t:1, i:163), STATEMACHINELOGENTRY, 608@client-237366C7FDAC
2023-10-31 16:06:42,533 [s0@group-F4D9B07B2F30-StateMachineUpdater] INFO  impl.SimpleStateMachine4Testing (SimpleStateMachine4Testing.java:applyTransaction(248)) - applyTransaction for log index 165
2023-10-31 16:06:42,533 [s0@group-F4D9B07B2F30-StateMachineUpdater] INFO  impl.SimpleStateMachine4Testing (SimpleStateMachine4Testing.java:put(205)) - s0: put 165, m82 -> (t:1, i:165), STATEMACHINELOGENTRY, 609@client-237366C7FDAC
2023-10-31 16:06:42,534 [s0@group-F4D9B07B2F30-StateMachineUpdater] INFO  impl.SimpleStateMachine4Testing (SimpleStateMachine4Testing.java:applyTransaction(248)) - applyTransaction for log index 167
2023-10-31 16:06:42,534 [s0@group-F4D9B07B2F30-StateMachineUpdater] INFO  impl.SimpleStateMachine4Testing (SimpleStateMachine4Testing.java:put(205)) - s0: put 167, m83 -> (t:1, i:167), STATEMACHINELOGENTRY, 610@client-237366C7FDAC
2023-10-31 16:06:42,535 [s0@group-F4D9B07B2F30-StateMachineUpdater] INFO  impl.SimpleStateMachine4Testing (SimpleStateMachine4Testing.java:applyTransaction(248)) - applyTransaction for log index 169
2023-10-31 16:06:42,535 [s0@group-F4D9B07B2F30-StateMachineUpdater] INFO  impl.SimpleStateMachine4Testing (SimpleStateMachine4Testing.java:put(205)) - s0: put 169, m84 -> (t:1, i:169), STATEMACHINELOGENTRY, 611@client-237366C7FDAC
2023-10-31 16:06:42,536 [s0@group-F4D9B07B2F30-StateMachineUpdater] INFO  impl.SimpleStateMachine4Testing (SimpleStateMachine4Testing.java:applyTransaction(248)) - applyTransaction for log index 171
2023-10-31 16:06:42,536 [s0@group-F4D9B07B2F30-StateMachineUpdater] INFO  impl.SimpleStateMachine4Testing (SimpleStateMachine4Testing.java:put(205)) - s0: put 171, m85 -> (t:1, i:171), STATEMACHINELOGENTRY, 612@client-237366C7FDAC
2023-10-31 16:06:42,537 [s0@group-F4D9B07B2F30-StateMachineUpdater] INFO  impl.SimpleStateMachine4Testing (SimpleStateMachine4Testing.java:applyTransaction(248)) - applyTransaction for log index 173
2023-10-31 16:06:42,537 [s0@group-F4D9B07B2F30-StateMachineUpdater] INFO  impl.SimpleStateMachine4Testing (SimpleStateMachine4Testing.java:put(205)) - s0: put 173, m86 -> (t:1, i:173), STATEMACHINELOGENTRY, 613@client-237366C7FDAC
2023-10-31 16:06:42,540 [s0@group-F4D9B07B2F30-StateMachineUpdater] INFO  impl.SimpleStateMachine4Testing (SimpleStateMachine4Testing.java:applyTransaction(248)) - applyTransaction for log index 175
2023-10-31 16:06:42,540 [s0@group-F4D9B07B2F30-StateMachineUpdater] INFO  impl.SimpleStateMachine4Testing (SimpleStateMachine4Testing.java:put(205)) - s0: put 175, m87 -> (t:1, i:175), STATEMACHINELOGENTRY, 614@client-237366C7FDAC
2023-10-31 16:06:42,541 [s0@group-F4D9B07B2F30-StateMachineUpdater] INFO  impl.SimpleStateMachine4Testing (SimpleStateMachine4Testing.java:applyTransaction(248)) - applyTransaction for log index 177
2023-10-31 16:06:42,541 [s0@group-F4D9B07B2F30-StateMachineUpdater] INFO  impl.SimpleStateMachine4Testing (SimpleStateMachine4Testing.java:put(205)) - s0: put 177, m88 -> (t:1, i:177), STATEMACHINELOGENTRY, 615@client-237366C7FDAC
2023-10-31 16:06:42,542 [s0@group-F4D9B07B2F30-StateMachineUpdater] INFO  impl.SimpleStateMachine4Testing (SimpleStateMachine4Testing.java:applyTransaction(248)) - applyTransaction for log index 179
2023-10-31 16:06:42,542 [s0@group-F4D9B07B2F30-StateMachineUpdater] INFO  impl.SimpleStateMachine4Testing (SimpleStateMachine4Testing.java:put(205)) - s0: put 179, m89 -> (t:1, i:179), STATEMACHINELOGENTRY, 616@client-237366C7FDAC
2023-10-31 16:06:42,543 [s0@group-F4D9B07B2F30-StateMachineUpdater] INFO  impl.SimpleStateMachine4Testing (SimpleStateMachine4Testing.java:applyTransaction(248)) - applyTransaction for log index 181
2023-10-31 16:06:42,543 [s0@group-F4D9B07B2F30-StateMachineUpdater] INFO  impl.SimpleStateMachine4Testing (SimpleStateMachine4Testing.java:put(205)) - s0: put 181, m90 -> (t:1, i:181), STATEMACHINELOGENTRY, 617@client-237366C7FDAC
2023-10-31 16:06:42,544 [s0@group-F4D9B07B2F30-StateMachineUpdater] INFO  impl.SimpleStateMachine4Testing (SimpleStateMachine4Testing.java:applyTransaction(248)) - applyTransaction for log index 183
2023-10-31 16:06:42,545 [s0@group-F4D9B07B2F30-StateMachineUpdater] INFO  impl.SimpleStateMachine4Testing (SimpleStateMachine4Testing.java:put(205)) - s0: put 183, m91 -> (t:1, i:183), STATEMACHINELOGENTRY, 618@client-237366C7FDAC
2023-10-31 16:06:42,545 [s0@group-F4D9B07B2F30-StateMachineUpdater] INFO  impl.SimpleStateMachine4Testing (SimpleStateMachine4Testing.java:applyTransaction(248)) - applyTransaction for log index 185
2023-10-31 16:06:42,546 [s0@group-F4D9B07B2F30-StateMachineUpdater] INFO  impl.SimpleStateMachine4Testing (SimpleStateMachine4Testing.java:put(205)) - s0: put 185, m92 -> (t:1, i:185), STATEMACHINELOGENTRY, 619@client-237366C7FDAC
2023-10-31 16:06:42,547 [s0@group-F4D9B07B2F30-StateMachineUpdater] INFO  impl.SimpleStateMachine4Testing (SimpleStateMachine4Testing.java:applyTransaction(248)) - applyTransaction for log index 187
2023-10-31 16:06:42,547 [s0@group-F4D9B07B2F30-StateMachineUpdater] INFO  impl.SimpleStateMachine4Testing (SimpleStateMachine4Testing.java:put(205)) - s0: put 187, m93 -> (t:1, i:187), STATEMACHINELOGENTRY, 620@client-237366C7FDAC
2023-10-31 16:06:42,548 [s0@group-F4D9B07B2F30-StateMachineUpdater] INFO  impl.SimpleStateMachine4Testing (SimpleStateMachine4Testing.java:applyTransaction(248)) - applyTransaction for log index 189
2023-10-31 16:06:42,548 [s0@group-F4D9B07B2F30-StateMachineUpdater] INFO  impl.SimpleStateMachine4Testing (SimpleStateMachine4Testing.java:put(205)) - s0: put 189, m94 -> (t:1, i:189), STATEMACHINELOGENTRY, 621@client-237366C7FDAC
2023-10-31 16:06:42,549 [s0@group-F4D9B07B2F30-StateMachineUpdater] INFO  impl.SimpleStateMachine4Testing (SimpleStateMachine4Testing.java:applyTransaction(248)) - applyTransaction for log index 191
2023-10-31 16:06:42,549 [s0@group-F4D9B07B2F30-StateMachineUpdater] INFO  impl.SimpleStateMachine4Testing (SimpleStateMachine4Testing.java:put(205)) - s0: put 191, m95 -> (t:1, i:191), STATEMACHINELOGENTRY, 622@client-237366C7FDAC
2023-10-31 16:06:42,550 [s0@group-F4D9B07B2F30-StateMachineUpdater] INFO  impl.SimpleStateMachine4Testing (SimpleStateMachine4Testing.java:applyTransaction(248)) - applyTransaction for log index 193
2023-10-31 16:06:42,550 [s0@group-F4D9B07B2F30-StateMachineUpdater] INFO  impl.SimpleStateMachine4Testing (SimpleStateMachine4Testing.java:put(205)) - s0: put 193, m96 -> (t:1, i:193), STATEMACHINELOGENTRY, 623@client-237366C7FDAC
2023-10-31 16:06:42,551 [s0@group-F4D9B07B2F30-StateMachineUpdater] INFO  impl.SimpleStateMachine4Testing (SimpleStateMachine4Testing.java:applyTransaction(248)) - applyTransaction for log index 195
2023-10-31 16:06:42,551 [s0@group-F4D9B07B2F30-StateMachineUpdater] INFO  impl.SimpleStateMachine4Testing (SimpleStateMachine4Testing.java:put(205)) - s0: put 195, m97 -> (t:1, i:195), STATEMACHINELOGENTRY, 624@client-237366C7FDAC
2023-10-31 16:06:42,552 [s0@group-F4D9B07B2F30-StateMachineUpdater] INFO  impl.SimpleStateMachine4Testing (SimpleStateMachine4Testing.java:applyTransaction(248)) - applyTransaction for log index 197
2023-10-31 16:06:42,552 [s0@group-F4D9B07B2F30-StateMachineUpdater] INFO  impl.SimpleStateMachine4Testing (SimpleStateMachine4Testing.java:put(205)) - s0: put 197, m98 -> (t:1, i:197), STATEMACHINELOGENTRY, 625@client-237366C7FDAC
2023-10-31 16:06:42,553 [s0@group-F4D9B07B2F30-StateMachineUpdater] INFO  impl.SimpleStateMachine4Testing (SimpleStateMachine4Testing.java:applyTransaction(248)) - applyTransaction for log index 199
2023-10-31 16:06:42,553 [s0@group-F4D9B07B2F30-StateMachineUpdater] INFO  impl.SimpleStateMachine4Testing (SimpleStateMachine4Testing.java:put(205)) - s0: put 199, m99 -> (t:1, i:199), STATEMACHINELOGENTRY, 626@client-237366C7FDAC
2023-10-31 16:06:42,554 [s0-client-thread1] INFO  impl.SimpleStateMachine4Testing (SimpleStateMachine4Testing.java:query(331)) - query m99
2023-10-31 16:06:42,554 [Time-limited test] INFO  server.RaftServer (RaftServerProxy.java:lambda$close$9(416)) - s0: close
2023-10-31 16:06:42,554 [s0-impl-thread1] INFO  server.RaftServer$Division (RaftServerImpl.java:lambda$close$3(514)) - s0@group-F4D9B07B2F30: shutdown
2023-10-31 16:06:42,554 [s0-impl-thread1] INFO  util.JmxRegister (JmxRegister.java:unregister(73)) - Successfully un-registered JMX Bean with object name Ratis:service=RaftServer,group=group-F4D9B07B2F30,id=s0
2023-10-31 16:06:42,554 [s0-impl-thread1] INFO  impl.RoleInfo (RoleInfo.java:shutdownLeaderState(92)) - s0: shutdown s0@group-F4D9B07B2F30-LeaderStateImpl
2023-10-31 16:06:42,555 [s0-impl-thread1] INFO  impl.PendingRequests (PendingRequests.java:sendNotLeaderResponses(289)) - s0@group-F4D9B07B2F30-PendingRequests: sendNotLeaderResponses
2023-10-31 16:06:42,555 [s0-impl-thread1] INFO  impl.StateMachineUpdater (StateMachineUpdater.java:stopAndJoin(157)) - s0@group-F4D9B07B2F30-StateMachineUpdater: set stopIndex = 200
2023-10-31 16:06:42,555 [HandlerDaemon-2] INFO  simulation.RequestHandler (RequestHandler.java:run(127)) - s0.clientHandler2 is interrupted by java.io.InterruptedIOException: 
2023-10-31 16:06:42,555 [HandlerDaemon-1] INFO  simulation.RequestHandler (RequestHandler.java:run(127)) - s0.clientHandler1 is interrupted by java.io.InterruptedIOException: 
2023-10-31 16:06:42,555 [HandlerDaemon-0] INFO  simulation.RequestHandler (RequestHandler.java:run(127)) - s0.clientHandler0 is interrupted by java.io.InterruptedIOException: 
2023-10-31 16:06:42,556 [HandlerDaemon-0] INFO  simulation.RequestHandler (RequestHandler.java:run(127)) - s0.serverHandler0 is interrupted by java.io.InterruptedIOException: 
2023-10-31 16:06:42,556 [HandlerDaemon-2] INFO  simulation.RequestHandler (RequestHandler.java:run(127)) - s0.serverHandler2 is interrupted by java.io.InterruptedIOException: 
2023-10-31 16:06:42,556 [HandlerDaemon-1] INFO  simulation.RequestHandler (RequestHandler.java:run(127)) - s0.serverHandler1 is interrupted by java.io.InterruptedIOException: 
2023-10-31 16:06:42,556 [s0-impl-thread1] INFO  server.RaftServer$Division (ServerState.java:close(423)) - s0@group-F4D9B07B2F30: applyIndex: 200
2023-10-31 16:06:42,556 [s0@group-F4D9B07B2F30-cacheEviction-AwaitToRun] INFO  util.AwaitToRun (AwaitToRun.java:run(49)) - s0@group-F4D9B07B2F30-cacheEviction-AwaitToRun-AwaitForSignal is interrupted
2023-10-31 16:06:43,555 [s0-impl-thread1] INFO  segmented.SegmentedRaftLogWorker (SegmentedRaftLogWorker.java:close(243)) - s0@group-F4D9B07B2F30-SegmentedRaftLogWorker close()
2023-10-31 16:06:43,556 [JvmPauseMonitor42] INFO  util.JvmPauseMonitor (JvmPauseMonitor.java:run(152)) - JvmPauseMonitor-s0: Stopped
2023-10-31 16:06:43,562 [Time-limited test] INFO  impl.MiniRaftCluster (MiniRaftCluster.java:killServer(533)) - killServer s0
2023-10-31 16:06:43,562 [Time-limited test] INFO  impl.MiniRaftCluster (MiniRaftCluster.java:newRaftServer(382)) - newRaftServer: s0, group-F4D9B07B2F30:[s0|localhost:37695], format? false
2023-10-31 16:06:43,563 [Time-limited test] INFO  server.RaftServer (ConfUtils.java:logGet(46)) - raft.rpc.type = org.apache.ratis.server.simulation.SimulatedRpc (custom)
2023-10-31 16:06:43,563 [Time-limited test] INFO  impl.DataStreamServerImpl (ConfUtils.java:logGet(46)) - raft.datastream.type = DISABLED (default)
2023-10-31 16:06:43,563 [Time-limited test] INFO  server.RaftServerConfigKeys (ConfUtils.java:logGet(46)) - raft.server.sleep.deviation.threshold = 300ms (default)
2023-10-31 16:06:43,563 [Time-limited test] INFO  server.RaftServerConfigKeys (ConfUtils.java:logGet(46)) - raft.server.close.threshold = 60s (default)
2023-10-31 16:06:43,563 [Time-limited test] INFO  server.RaftServerConfigKeys (ConfUtils.java:logGet(46)) - raft.server.leaderelection.leader.step-down.wait-time = 10s (default)
2023-10-31 16:06:43,564 [Time-limited test] INFO  server.RaftServerConfigKeys (ConfUtils.java:logGet(46)) - raft.server.storage.dir = [/home/runner/work/ratis/ratis/ratis-test/target/test/data/3084f93d/MiniRaftClusterWithSimulatedRpc9ae1c65b/s0] (custom)
2023-10-31 16:06:43,564 [Time-limited test] INFO  server.RaftServerConfigKeys (ConfUtils.java:logGet(46)) - raft.server.threadpool.proxy.cached = true (default)
2023-10-31 16:06:43,564 [Time-limited test] INFO  server.RaftServerConfigKeys (ConfUtils.java:logGet(46)) - raft.server.threadpool.proxy.size = 0 (default)
2023-10-31 16:06:43,564 [s0-impl-thread1] INFO  server.RaftServer (RaftServerProxy.java:initGroupDir(264)) - s0: found a subdirectory /home/runner/work/ratis/ratis/ratis-test/target/test/data/3084f93d/MiniRaftClusterWithSimulatedRpc9ae1c65b/s0/53bd4421-a576-4167-9883-f4d9b07b2f30
2023-10-31 16:06:43,565 [Time-limited test] INFO  server.RaftServer (RaftServerProxy.java:addNew(100)) - s0: addNew group-F4D9B07B2F30:[s0|localhost:37695] returns group-F4D9B07B2F30:java.util.concurrent.CompletableFuture@3119c4ec[Not completed]
2023-10-31 16:06:43,565 [s0-groupManagement] INFO  server.RaftServerConfigKeys (ConfUtils.java:logGet(46)) - raft.server.log.segment.size.max = 32MB (=33554432) (default)
2023-10-31 16:06:43,565 [s0-groupManagement] INFO  server.RaftServerConfigKeys (ConfUtils.java:logGet(46)) - raft.server.log.preallocated.size = 4MB (=4194304) (default)
2023-10-31 16:06:43,565 [s0-groupManagement] INFO  server.RaftServerConfigKeys (ConfUtils.java:logGet(46)) - raft.server.log.write.buffer.size = 64KB (=65536) (default)
2023-10-31 16:06:43,565 [s0-groupManagement] INFO  server.RaftServer$Division (RaftServerImpl.java:<init>(255)) - s0: new RaftServerImpl for group-F4D9B07B2F30:[s0|localhost:37695] with SimpleStateMachine4Testing:uninitialized
2023-10-31 16:06:43,565 [s0-groupManagement] INFO  server.RaftServerConfigKeys (ConfUtils.java:logGet(46)) - raft.server.rpc.timeout.min = 150ms (default)
2023-10-31 16:06:43,565 [s0-groupManagement] INFO  server.RaftServerConfigKeys (ConfUtils.java:logGet(46)) - raft.server.rpc.timeout.max = 300ms (default)
2023-10-31 16:06:43,565 [s0-groupManagement] INFO  server.RaftServerConfigKeys (ConfUtils.java:logGet(46)) - raft.server.rpc.sleep.time = 25ms (default)
2023-10-31 16:06:43,565 [s0-groupManagement] INFO  server.RaftServerConfigKeys (ConfUtils.java:logGet(46)) - raft.server.rpc.slowness.timeout = 60s (default)
2023-10-31 16:06:43,566 [s0-groupManagement] INFO  server.RaftServerConfigKeys (ConfUtils.java:logGet(46)) - raft.server.leaderelection.leader.step-down.wait-time = 10s (default)
2023-10-31 16:06:43,566 [s0-groupManagement] INFO  server.RaftServerConfigKeys (ConfUtils.java:logGet(46)) - raft.server.sleep.deviation.threshold = 300ms (default)
2023-10-31 16:06:43,566 [s0-groupManagement] INFO  server.RaftServer$Division (ServerState.java:<init>(113)) - s0@group-F4D9B07B2F30: ConfigurationManager, init=-1: peers:[s0|localhost:37695]|listeners:[], old=null, confs=<EMPTY_MAP>
2023-10-31 16:06:43,566 [s0-groupManagement] INFO  server.RaftServerConfigKeys (ConfUtils.java:logGet(46)) - raft.server.notification.no-leader.timeout = 60s (default)
2023-10-31 16:06:43,566 [s0-groupManagement] INFO  server.RaftServerConfigKeys (ConfUtils.java:logGet(46)) - raft.server.read.timeout = 10s (default)
2023-10-31 16:06:43,566 [s0-groupManagement] INFO  server.RaftServerConfigKeys (ConfUtils.java:logGet(46)) - raft.server.retrycache.expirytime = 60s (default)
2023-10-31 16:06:43,566 [s0-groupManagement] INFO  server.RaftServerConfigKeys (ConfUtils.java:logGet(46)) - raft.server.retrycache.statistics.expirytime = 100μs (default)
2023-10-31 16:06:43,566 [s0-groupManagement] INFO  server.RaftServerConfigKeys (ConfUtils.java:logGet(46)) - raft.server.read.option = DEFAULT (default)
2023-10-31 16:06:43,566 [s0-groupManagement] INFO  server.RaftServerConfigKeys (ConfUtils.java:logGet(46)) - raft.server.read.read-after-write-consistent.write-index-cache.expiry-time = 60s (default)
2023-10-31 16:06:43,567 [s0-groupManagement] INFO  server.RaftServerConfigKeys (ConfUtils.java:logGet(46)) - raft.server.rpc.request.timeout = 3000ms (default)
2023-10-31 16:06:43,567 [s0-groupManagement] INFO  server.RaftServerConfigKeys (ConfUtils.java:logGet(46)) - raft.server.log.appender.install.snapshot.enabled = true (default)
2023-10-31 16:06:43,567 [s0-groupManagement] INFO  server.RaftServerConfigKeys (ConfUtils.java:logGet(46)) - raft.server.threadpool.server.cached = true (default)
2023-10-31 16:06:43,567 [s0-groupManagement] INFO  server.RaftServerConfigKeys (ConfUtils.java:logGet(46)) - raft.server.threadpool.server.size = 0 (default)
2023-10-31 16:06:43,567 [s0-groupManagement] INFO  server.RaftServerConfigKeys (ConfUtils.java:logGet(46)) - raft.server.threadpool.client.cached = true (default)
2023-10-31 16:06:43,567 [s0-groupManagement] INFO  server.RaftServerConfigKeys (ConfUtils.java:logGet(46)) - raft.server.threadpool.client.size = 0 (default)
2023-10-31 16:06:43,567 [s0-impl-thread1] INFO  server.RaftServerConfigKeys (ConfUtils.java:logGet(46)) - raft.server.storage.free-space.min = 0MB (=0) (default)
2023-10-31 16:06:43,567 [s0-impl-thread1] INFO  server.RaftServerConfigKeys (ConfUtils.java:logGet(46)) - raft.server.log.corruption.policy = EXCEPTION (default)
2023-10-31 16:06:43,568 [s0-impl-thread1] INFO  server.RaftServerConfigKeys (ConfUtils.java:logGet(46)) - raft.server.storage.dir = [/home/runner/work/ratis/ratis/ratis-test/target/test/data/3084f93d/MiniRaftClusterWithSimulatedRpc9ae1c65b/s0] (custom)
2023-10-31 16:06:43,573 [s0-impl-thread1] INFO  storage.RaftStorageDirectory (RaftStorageDirectoryImpl.java:tryLock(232)) - Lock on /home/runner/work/ratis/ratis/ratis-test/target/test/data/3084f93d/MiniRaftClusterWithSimulatedRpc9ae1c65b/s0/53bd4421-a576-4167-9883-f4d9b07b2f30/in_use.lock acquired by nodename 3366@fv-az462-937
2023-10-31 16:06:43,574 [s0-impl-thread1] INFO  storage.RaftStorage (RaftStorageImpl.java:analyzeAndRecoverStorage(117)) - Read RaftStorageMetadata{term=1, votedFor=s0} from /home/runner/work/ratis/ratis/ratis-test/target/test/data/3084f93d/MiniRaftClusterWithSimulatedRpc9ae1c65b/s0/53bd4421-a576-4167-9883-f4d9b07b2f30/current/raft-meta
2023-10-31 16:06:43,574 [s0-impl-thread1] INFO  server.RaftServer$Division (ServerState.java:setRaftConf(382)) - s0@group-F4D9B07B2F30: set configuration 0: peers:[s0|localhost:37695]|listeners:[], old=null
2023-10-31 16:06:43,574 [s0-impl-thread1] INFO  impl.SimpleStateMachine4Testing (SimpleStateMachine4Testing.java:initialize(213)) - Initializing SimpleStateMachine4Testing:uninitialized
2023-10-31 16:06:43,574 [s0-impl-thread1] INFO  impl.SimpleStateMachine4Testing (SimpleStateMachine4Testing.java:loadSnapshot(296)) - Loading snapshot null
2023-10-31 16:06:43,574 [s0-impl-thread1] INFO  server.RaftServerConfigKeys (ConfUtils.java:logGet(46)) - raft.server.log.use.memory = false (default)
2023-10-31 16:06:43,574 [s0-impl-thread1] INFO  server.RaftServerConfigKeys (ConfUtils.java:logGet(46)) - raft.server.log.purge.gap = 1024 (default)
2023-10-31 16:06:43,575 [s0-impl-thread1] INFO  server.RaftServerConfigKeys (ConfUtils.java:logGet(46)) - raft.server.log.appender.buffer.byte-limit = 4MB (=4194304) (default)
2023-10-31 16:06:43,575 [s0-impl-thread1] INFO  server.RaftServerConfigKeys (ConfUtils.java:logGet(46)) - raft.server.log.statemachine.data.read.timeout = 1000ms (default)
2023-10-31 16:06:43,575 [s0-impl-thread1] INFO  server.RaftServerConfigKeys (ConfUtils.java:logGet(46)) - raft.server.log.purge.preservation.log.num = 0 (default)
2023-10-31 16:06:43,575 [s0-impl-thread1] INFO  server.RaftServerConfigKeys (ConfUtils.java:logGet(46)) - raft.server.log.segment.size.max = 8KB (=8192) (custom)
2023-10-31 16:06:43,575 [s0-impl-thread1] INFO  server.RaftServerConfigKeys (ConfUtils.java:logGet(46)) - raft.server.log.segment.cache.num.max = 6 (default)
2023-10-31 16:06:43,575 [s0-impl-thread1] INFO  server.RaftServerConfigKeys (ConfUtils.java:logGet(46)) - raft.server.log.segment.cache.size.max = 200MB (=209715200) (default)
2023-10-31 16:06:43,575 [s0-impl-thread1] INFO  server.RaftServerConfigKeys (ConfUtils.java:logGet(46)) - raft.server.log.appender.buffer.byte-limit = 4MB (=4194304) (default)
2023-10-31 16:06:43,575 [s0-impl-thread1] INFO  util.AwaitToRun (AwaitToRun.java:start(81)) - Thread[s0@group-F4D9B07B2F30-cacheEviction-AwaitToRun,5,main] started
2023-10-31 16:06:43,575 [s0-impl-thread1] INFO  segmented.SegmentedRaftLogWorker (SegmentedRaftLogWorker.java:<init>(184)) - new s0@group-F4D9B07B2F30-SegmentedRaftLogWorker for RaftStorageImpl:Storage Directory /home/runner/work/ratis/ratis/ratis-test/target/test/data/3084f93d/MiniRaftClusterWithSimulatedRpc9ae1c65b/s0/53bd4421-a576-4167-9883-f4d9b07b2f30
2023-10-31 16:06:43,575 [s0-impl-thread1] INFO  server.RaftServerConfigKeys (ConfUtils.java:logGet(46)) - raft.server.log.queue.byte-limit = 64MB (=67108864) (default)
2023-10-31 16:06:43,576 [s0-impl-thread1] INFO  server.RaftServerConfigKeys (ConfUtils.java:logGet(46)) - raft.server.log.queue.element-limit = 4096 (default)
2023-10-31 16:06:43,576 [s0-impl-thread1] INFO  server.RaftServerConfigKeys (ConfUtils.java:logGet(46)) - raft.server.log.segment.size.max = 8KB (=8192) (custom)
2023-10-31 16:06:43,576 [s0-impl-thread1] INFO  server.RaftServerConfigKeys (ConfUtils.java:logGet(46)) - raft.server.log.preallocated.size = 4MB (=4194304) (default)
2023-10-31 16:06:43,576 [s0-impl-thread1] INFO  server.RaftServerConfigKeys (ConfUtils.java:logGet(46)) - raft.server.log.force.sync.num = 128 (default)
2023-10-31 16:06:43,576 [s0-impl-thread1] INFO  server.RaftServerConfigKeys (ConfUtils.java:logGet(46)) - raft.server.log.statemachine.data.sync = true (default)
2023-10-31 16:06:43,576 [s0-impl-thread1] INFO  server.RaftServerConfigKeys (ConfUtils.java:logGet(46)) - raft.server.log.statemachine.data.sync.timeout = 10s (default)
2023-10-31 16:06:43,576 [s0-impl-thread1] INFO  server.RaftServerConfigKeys (ConfUtils.java:logGet(46)) - raft.server.log.statemachine.data.sync.timeout.retry = -1 (default)
2023-10-31 16:06:43,576 [s0-impl-thread1] INFO  server.RaftServerConfigKeys (ConfUtils.java:logGet(46)) - raft.server.log.write.buffer.size = 64KB (=65536) (default)
2023-10-31 16:06:43,576 [s0-impl-thread1] INFO  server.RaftServerConfigKeys (ConfUtils.java:logGet(46)) - raft.server.log.appender.buffer.byte-limit = 4MB (=4194304) (default)
2023-10-31 16:06:43,577 [s0-impl-thread1] INFO  server.RaftServerConfigKeys (ConfUtils.java:logGet(46)) - raft.server.log.unsafe-flush.enabled = false (default)
2023-10-31 16:06:43,577 [s0-impl-thread1] INFO  server.RaftServerConfigKeys (ConfUtils.java:logGet(46)) - raft.server.log.async-flush.enabled = false (default)
2023-10-31 16:06:43,577 [s0-impl-thread1] INFO  server.RaftServerConfigKeys (ConfUtils.java:logGet(46)) - raft.server.log.statemachine.data.caching.enabled = false (default)
2023-10-31 16:06:43,578 [s0-impl-thread1] INFO  server.RaftServer$Division (ServerState.java:setRaftConf(382)) - s0@group-F4D9B07B2F30: set configuration 0: peers:[s0|localhost:37695]|listeners:[], old=null
2023-10-31 16:06:43,582 [Time-limited test] INFO  impl.MiniRaftCluster (MiniRaftCluster.java:runWithNewCluster(143)) - printing ALL groups
  s0:EXCEPTION      null s0@group-F4D9B07B2F30:t0, leader=null, voted=null, raftlog=UNINITIALIZED, conf=0: peers:[s0|localhost:37695]|listeners:[], old=null STARTING
2023-10-31 16:06:43,582 [Time-limited test] ERROR impl.MiniRaftCluster (MiniRaftCluster.java:runWithNewCluster(144)) - Failed org.apache.ratis.server.impl.MiniRaftCluster$Factory$Get.runWithNewCluster(MiniRaftCluster.java:121)
java.util.concurrent.CompletionException: java.lang.IllegalStateException: s0@group-F4D9B07B2F30: Failed to initRaftLog.
	at java.base/java.util.concurrent.CompletableFuture.encodeThrowable(CompletableFuture.java:331)
	at java.base/java.util.concurrent.CompletableFuture.completeThrowable(CompletableFuture.java:346)
	at java.base/java.util.concurrent.CompletableFuture$BiRelay.tryFire(CompletableFuture.java:1423)
	at java.base/java.util.concurrent.CompletableFuture$CoCompletion.tryFire(CompletableFuture.java:1144)
	at java.base/java.util.concurrent.CompletableFuture.postComplete(CompletableFuture.java:506)
	at java.base/java.util.concurrent.CompletableFuture.completeExceptionally(CompletableFuture.java:2094)
	at org.apache.ratis.util.ConcurrentUtils.accept(ConcurrentUtils.java:206)
	at org.apache.ratis.util.ConcurrentUtils.lambda$parallelForEachAsync$4(ConcurrentUtils.java:182)
	at java.base/java.util.concurrent.ThreadPoolExecutor.runWorker(ThreadPoolExecutor.java:1128)
	at java.base/java.util.concurrent.ThreadPoolExecutor$Worker.run(ThreadPoolExecutor.java:628)
	at java.base/java.lang.Thread.run(Thread.java:829)
Caused by: java.lang.IllegalStateException: s0@group-F4D9B07B2F30: Failed to initRaftLog.
	at org.apache.ratis.server.impl.ServerState.initRaftLog(ServerState.java:169)
	at org.apache.ratis.server.impl.ServerState.lambda$new$6(ServerState.java:130)
	at org.apache.ratis.util.MemoizedSupplier.get(MemoizedSupplier.java:62)
	at org.apache.ratis.server.impl.ServerState.initialize(ServerState.java:147)
	at org.apache.ratis.server.impl.RaftServerImpl.start(RaftServerImpl.java:386)
	at org.apache.ratis.util.ConcurrentUtils.accept(ConcurrentUtils.java:203)
	... 4 more
Caused by: org.apache.ratis.protocol.exceptions.ChecksumException: Log entry corrupted: Calculated checksum is BDB90B2F but read checksum is FFFFFFFF.
	at org.apache.ratis.server.raftlog.segmented.SegmentedRaftLogReader.decodeEntry(SegmentedRaftLogReader.java:315)
	at org.apache.ratis.server.raftlog.segmented.SegmentedRaftLogReader.readEntry(SegmentedRaftLogReader.java:201)
	at org.apache.ratis.server.raftlog.segmented.SegmentedRaftLogInputStream.nextEntry(SegmentedRaftLogInputStream.java:131)
	at org.apache.ratis.server.raftlog.segmented.LogSegment.readSegmentFile(LogSegment.java:131)
	at org.apache.ratis.server.raftlog.segmented.LogSegment.loadSegment(LogSegment.java:164)
	at org.apache.ratis.server.raftlog.segmented.SegmentedRaftLogCache.loadSegment(SegmentedRaftLogCache.java:426)
	at org.apache.ratis.server.raftlog.segmented.SegmentedRaftLog.loadLogSegments(SegmentedRaftLog.java:255)
	at org.apache.ratis.server.raftlog.segmented.SegmentedRaftLog.openImpl(SegmentedRaftLog.java:228)
	at org.apache.ratis.server.raftlog.RaftLogBase.open(RaftLogBase.java:267)
	at org.apache.ratis.server.impl.ServerState.initRaftLog(ServerState.java:191)
	at org.apache.ratis.server.impl.ServerState.initRaftLog(ServerState.java:166)
	... 9 more
2023-10-31 16:06:43,586 [Time-limited test] INFO  impl.MiniRaftCluster (MiniRaftCluster.java:shutdown(831)) - ************************************************************** 
2023-10-31 16:06:43,586 [Time-limited test] INFO  impl.MiniRaftCluster (MiniRaftCluster.java:shutdown(832)) - *** 
2023-10-31 16:06:43,586 [Time-limited test] INFO  impl.MiniRaftCluster (MiniRaftCluster.java:shutdown(833)) - ***     Stopping MiniRaftClusterWithSimulatedRpc
2023-10-31 16:06:43,586 [Time-limited test] INFO  impl.MiniRaftCluster (MiniRaftCluster.java:shutdown(834)) - *** 
2023-10-31 16:06:43,586 [Time-limited test] INFO  impl.MiniRaftCluster (MiniRaftCluster.java:shutdown(835)) - ************************************************************** 
2023-10-31 16:06:43,586 [Time-limited test] INFO  impl.MiniRaftCluster (MiniRaftCluster.java:shutdown(836)) - printing ALL groups
  s0:EXCEPTION      null s0@group-F4D9B07B2F30:t0, leader=null, voted=null, raftlog=UNINITIALIZED, conf=0: peers:[s0|localhost:37695]|listeners:[], old=null STARTING
2023-10-31 16:06:43,588 [MiniRaftCluster-14] INFO  server.RaftServer (RaftServerProxy.java:lambda$close$9(416)) - s0: close
2023-10-31 16:06:43,588 [s0-impl-thread1] INFO  server.RaftServer$Division (RaftServerImpl.java:lambda$close$3(514)) - s0@group-F4D9B07B2F30: shutdown
2023-10-31 16:06:43,588 [s0-impl-thread1] WARN  server.RaftServer$Division (RaftServerImpl.java:lambda$close$3(538)) - s0@group-F4D9B07B2F30: Failed to close state
java.lang.IllegalStateException: s0@group-F4D9B07B2F30: stateMachineUpdater is uninitialized.
	at org.apache.ratis.server.impl.ServerState.getStateMachineUpdater(ServerState.java:290)
	at org.apache.ratis.server.impl.ServerState.getLastAppliedIndex(ServerState.java:482)
	at org.apache.ratis.server.impl.ServerState.close(ServerState.java:423)
	at org.apache.ratis.server.impl.RaftServerImpl.lambda$close$3(RaftServerImpl.java:536)
	at org.apache.ratis.util.LifeCycle.lambda$checkStateAndClose$4(LifeCycle.java:299)
	at org.apache.ratis.util.LifeCycle.checkStateAndClose(LifeCycle.java:319)
	at org.apache.ratis.util.LifeCycle.checkStateAndClose(LifeCycle.java:297)
	at org.apache.ratis.server.impl.RaftServerImpl.close(RaftServerImpl.java:513)
	at org.apache.ratis.server.impl.RaftServerProxy$ImplMap.close(RaftServerProxy.java:136)
	at org.apache.ratis.server.impl.RaftServerProxy$ImplMap.lambda$close$0(RaftServerProxy.java:123)
	at org.apache.ratis.util.ConcurrentUtils.accept(ConcurrentUtils.java:203)
	at org.apache.ratis.util.ConcurrentUtils.lambda$parallelForEachAsync$4(ConcurrentUtils.java:182)
	at java.base/java.util.concurrent.ThreadPoolExecutor.runWorker(ThreadPoolExecutor.java:1128)
	at java.base/java.util.concurrent.ThreadPoolExecutor$Worker.run(ThreadPoolExecutor.java:628)
	at java.base/java.lang.Thread.run(Thread.java:829)
2023-10-31 16:06:43,589 [Time-limited test] INFO  simulation.TestServerRestartWithSimulatedRpc (BaseTest.java:assertThrowable(133)) - The test "restart-fail-ChecksumException" throws AssertionError
java.lang.AssertionError: Unexpected exit.
	at org.apache.ratis.util.ExitUtils.assertNotTerminated(ExitUtils.java:109)
	at org.apache.ratis.server.impl.MiniRaftCluster.shutdown(MiniRaftCluster.java:854)
	at org.apache.ratis.server.impl.MiniRaftCluster$Factory$Get.runWithNewCluster(MiniRaftCluster.java:147)
	at org.apache.ratis.server.impl.MiniRaftCluster$Factory$Get.runWithNewCluster(MiniRaftCluster.java:121)
	at org.apache.ratis.server.ServerRestartTests.lambda$testRestartWithCorruptedLogEntryWithException$11(ServerRestartTests.java:352)
	at org.apache.ratis.BaseTest.testFailureCase(BaseTest.java:154)
	at org.apache.ratis.BaseTest.testFailureCase(BaseTest.java:167)
	at org.apache.ratis.server.ServerRestartTests.testRestartWithCorruptedLogEntryWithException(ServerRestartTests.java:351)
	at java.base/jdk.internal.reflect.NativeMethodAccessorImpl.invoke0(Native Method)
	at java.base/jdk.internal.reflect.NativeMethodAccessorImpl.invoke(NativeMethodAccessorImpl.java:62)
	at java.base/jdk.internal.reflect.DelegatingMethodAccessorImpl.invoke(DelegatingMethodAccessorImpl.java:43)
	at java.base/java.lang.reflect.Method.invoke(Method.java:566)
	at org.junit.runners.model.FrameworkMethod$1.runReflectiveCall(FrameworkMethod.java:59)
	at org.junit.internal.runners.model.ReflectiveCallable.run(ReflectiveCallable.java:12)
	at org.junit.runners.model.FrameworkMethod.invokeExplosively(FrameworkMethod.java:56)
	at org.junit.internal.runners.statements.InvokeMethod.evaluate(InvokeMethod.java:17)
	at org.junit.internal.runners.statements.RunAfters.evaluate(RunAfters.java:27)
	at org.junit.internal.runners.statements.FailOnTimeout$CallableStatement.call(FailOnTimeout.java:299)
	at org.junit.internal.runners.statements.FailOnTimeout$CallableStatement.call(FailOnTimeout.java:293)
	at java.base/java.util.concurrent.FutureTask.run(FutureTask.java:264)
	at java.base/java.lang.Thread.run(Thread.java:829)
Caused by: org.apache.ratis.util.ExitUtils$ExitException: s1.serverHandler0 is terminating.
	at org.apache.ratis.util.ExitUtils.terminate(ExitUtils.java:141)
	at org.apache.ratis.util.ExitUtils.terminate(ExitUtils.java:151)
	at org.apache.ratis.server.simulation.RequestHandler$HandlerDaemon.run(RequestHandler.java:138)
Caused by: java.lang.IllegalStateException: s1@group-9A22CC0201A6-SegmentedRaftLog is expected to be opened but it is CLOSED
	at org.apache.ratis.util.OpenCloseState.assertOpen(OpenCloseState.java:63)
	at org.apache.ratis.server.raftlog.RaftLogBase.checkLogState(RaftLogBase.java:112)
	at org.apache.ratis.server.raftlog.segmented.SegmentedRaftLog.getTermIndex(SegmentedRaftLog.java:337)
	at org.apache.ratis.server.raftlog.RaftLog.contains(RaftLog.java:49)
	at org.apache.ratis.server.impl.ServerState.containsTermIndex(ServerState.java:494)
	at org.apache.ratis.server.impl.RaftServerImpl.checkInconsistentAppendEntries(RaftServerImpl.java:1677)
	at org.apache.ratis.server.impl.RaftServerImpl.checkInconsistentAppendEntries(RaftServerImpl.java:1641)
	at org.apache.ratis.server.impl.RaftServerImpl.appendEntriesAsync(RaftServerImpl.java:1587)
	at org.apache.ratis.server.impl.RaftServerImpl.appendEntriesAsync(RaftServerImpl.java:1462)
	at org.apache.ratis.server.impl.RaftServerImpl.appendEntries(RaftServerImpl.java:1445)
	at org.apache.ratis.server.impl.RaftServerProxy.appendEntries(RaftServerProxy.java:656)
	at org.apache.ratis.server.simulation.SimulatedServerRpc$1.handleRequest(SimulatedServerRpc.java:163)
	at org.apache.ratis.server.simulation.SimulatedServerRpc$1.handleRequest(SimulatedServerRpc.java:153)
	at org.apache.ratis.server.simulation.RequestHandler.handleRequest(RequestHandler.java:91)
	at org.apache.ratis.server.simulation.RequestHandler$HandlerDaemon.run(RequestHandler.java:125)
Caused by: org.apache.ratis.util.OpenCloseState$CloseTrace: Close s1@group-9A22CC0201A6-SegmentedRaftLog
	at org.apache.ratis.util.OpenCloseState.lambda$close$1(OpenCloseState.java:109)
	at java.base/java.util.concurrent.atomic.AtomicReference.getAndUpdate(AtomicReference.java:187)
	at org.apache.ratis.util.OpenCloseState.close(OpenCloseState.java:109)
	at org.apache.ratis.server.raftlog.RaftLogBase.close(RaftLogBase.java:386)
	at org.apache.ratis.server.raftlog.segmented.SegmentedRaftLog.close(SegmentedRaftLog.java:525)
	at org.apache.ratis.server.impl.ServerState.close(ServerState.java:427)
	at org.apache.ratis.server.impl.RaftServerImpl.lambda$close$3(RaftServerImpl.java:536)
	at org.apache.ratis.util.LifeCycle.lambda$checkStateAndClose$4(LifeCycle.java:299)
	at org.apache.ratis.util.LifeCycle.checkStateAndClose(LifeCycle.java:319)
	at org.apache.ratis.util.LifeCycle.checkStateAndClose(LifeCycle.java:297)
	at org.apache.ratis.server.impl.RaftServerImpl.close(RaftServerImpl.java:513)
	at org.apache.ratis.server.ServerRestartTests.runTestRestartFollower(ServerRestartTests.java:131)
	at org.apache.ratis.server.impl.MiniRaftCluster$Factory$Get.runWithNewCluster(MiniRaftCluster.java:141)
	at org.apache.ratis.server.impl.MiniRaftCluster$Factory$Get.runWithNewCluster(MiniRaftCluster.java:121)
	at org.apache.ratis.server.ServerRestartTests.testRestartFollower(ServerRestartTests.java:88)
	at java.base/jdk.internal.reflect.NativeMethodAccessorImpl.invoke0(Native Method)
	at java.base/jdk.internal.reflect.NativeMethodAccessorImpl.invoke(NativeMethodAccessorImpl.java:62)
	at java.base/jdk.internal.reflect.DelegatingMethodAccessorImpl.invoke(DelegatingMethodAccessorImpl.java:43)
	at java.base/java.lang.reflect.Method.invoke(Method.java:566)
	at org.junit.runners.model.FrameworkMethod$1.runReflectiveCall(FrameworkMethod.java:59)
	at org.junit.internal.runners.model.ReflectiveCallable.run(ReflectiveCallable.java:12)
	at org.junit.runners.model.FrameworkMethod.invokeExplosively(FrameworkMethod.java:56)
	at org.junit.internal.runners.statements.InvokeMethod.evaluate(InvokeMethod.java:17)
	at org.junit.internal.runners.statements.RunAfters.evaluate(RunAfters.java:27)
	at org.junit.internal.runners.statements.FailOnTimeout$CallableStatement.call(FailOnTimeout.java:299)
	at org.junit.internal.runners.statements.FailOnTimeout$CallableStatement.call(FailOnTimeout.java:293)
	at java.base/java.util.concurrent.FutureTask.run(FutureTask.java:264)
	at java.base/java.lang.Thread.run(Thread.java:829)
]]></system-out>
  </testcase>
  <testcase name="testRestartWithCorruptedLogEntryWithException" classname="org.apache.ratis.server.simulation.TestServerRestartWithSimulatedRpc" time="1.694">
    <failure message="Unexpected exit." type="java.lang.AssertionError"><![CDATA[java.lang.AssertionError: Unexpected exit.
	at org.apache.ratis.util.ExitUtils.assertNotTerminated(ExitUtils.java:109)
	at org.apache.ratis.BaseTest.assertNoFailures(BaseTest.java:89)
	at java.base/jdk.internal.reflect.NativeMethodAccessorImpl.invoke0(Native Method)
	at java.base/jdk.internal.reflect.NativeMethodAccessorImpl.invoke(NativeMethodAccessorImpl.java:62)
	at java.base/jdk.internal.reflect.DelegatingMethodAccessorImpl.invoke(DelegatingMethodAccessorImpl.java:43)
	at java.base/java.lang.reflect.Method.invoke(Method.java:566)
	at org.junit.runners.model.FrameworkMethod$1.runReflectiveCall(FrameworkMethod.java:59)
	at org.junit.internal.runners.model.ReflectiveCallable.run(ReflectiveCallable.java:12)
	at org.junit.runners.model.FrameworkMethod.invokeExplosively(FrameworkMethod.java:56)
	at org.junit.internal.runners.statements.RunAfters.invokeMethod(RunAfters.java:46)
	at org.junit.internal.runners.statements.RunAfters.evaluate(RunAfters.java:33)
	at org.junit.internal.runners.statements.FailOnTimeout$CallableStatement.call(FailOnTimeout.java:299)
	at org.junit.internal.runners.statements.FailOnTimeout$CallableStatement.call(FailOnTimeout.java:293)
	at java.base/java.util.concurrent.FutureTask.run(FutureTask.java:264)
	at java.base/java.lang.Thread.run(Thread.java:829)
Caused by: org.apache.ratis.util.ExitUtils$ExitException: s1.serverHandler0 is terminating.
	at org.apache.ratis.util.ExitUtils.terminate(ExitUtils.java:141)
	at org.apache.ratis.util.ExitUtils.terminate(ExitUtils.java:151)
	at org.apache.ratis.server.simulation.RequestHandler$HandlerDaemon.run(RequestHandler.java:138)
Caused by: java.lang.IllegalStateException: s1@group-9A22CC0201A6-SegmentedRaftLog is expected to be opened but it is CLOSED
	at org.apache.ratis.util.OpenCloseState.assertOpen(OpenCloseState.java:63)
	at org.apache.ratis.server.raftlog.RaftLogBase.checkLogState(RaftLogBase.java:112)
	at org.apache.ratis.server.raftlog.segmented.SegmentedRaftLog.getTermIndex(SegmentedRaftLog.java:337)
	at org.apache.ratis.server.raftlog.RaftLog.contains(RaftLog.java:49)
	at org.apache.ratis.server.impl.ServerState.containsTermIndex(ServerState.java:494)
	at org.apache.ratis.server.impl.RaftServerImpl.checkInconsistentAppendEntries(RaftServerImpl.java:1677)
	at org.apache.ratis.server.impl.RaftServerImpl.checkInconsistentAppendEntries(RaftServerImpl.java:1641)
	at org.apache.ratis.server.impl.RaftServerImpl.appendEntriesAsync(RaftServerImpl.java:1587)
	at org.apache.ratis.server.impl.RaftServerImpl.appendEntriesAsync(RaftServerImpl.java:1462)
	at org.apache.ratis.server.impl.RaftServerImpl.appendEntries(RaftServerImpl.java:1445)
	at org.apache.ratis.server.impl.RaftServerProxy.appendEntries(RaftServerProxy.java:656)
	at org.apache.ratis.server.simulation.SimulatedServerRpc$1.handleRequest(SimulatedServerRpc.java:163)
	at org.apache.ratis.server.simulation.SimulatedServerRpc$1.handleRequest(SimulatedServerRpc.java:153)
	at org.apache.ratis.server.simulation.RequestHandler.handleRequest(RequestHandler.java:91)
	at org.apache.ratis.server.simulation.RequestHandler$HandlerDaemon.run(RequestHandler.java:125)
Caused by: org.apache.ratis.util.OpenCloseState$CloseTrace: Close s1@group-9A22CC0201A6-SegmentedRaftLog
	at org.apache.ratis.util.OpenCloseState.lambda$close$1(OpenCloseState.java:109)
	at java.base/java.util.concurrent.atomic.AtomicReference.getAndUpdate(AtomicReference.java:187)
	at org.apache.ratis.util.OpenCloseState.close(OpenCloseState.java:109)
	at org.apache.ratis.server.raftlog.RaftLogBase.close(RaftLogBase.java:386)
	at org.apache.ratis.server.raftlog.segmented.SegmentedRaftLog.close(SegmentedRaftLog.java:525)
	at org.apache.ratis.server.impl.ServerState.close(ServerState.java:427)
	at org.apache.ratis.server.impl.RaftServerImpl.lambda$close$3(RaftServerImpl.java:536)
	at org.apache.ratis.util.LifeCycle.lambda$checkStateAndClose$4(LifeCycle.java:299)
	at org.apache.ratis.util.LifeCycle.checkStateAndClose(LifeCycle.java:319)
	at org.apache.ratis.util.LifeCycle.checkStateAndClose(LifeCycle.java:297)
	at org.apache.ratis.server.impl.RaftServerImpl.close(RaftServerImpl.java:513)
	at org.apache.ratis.server.ServerRestartTests.runTestRestartFollower(ServerRestartTests.java:131)
	at org.apache.ratis.server.impl.MiniRaftCluster$Factory$Get.runWithNewCluster(MiniRaftCluster.java:141)
	at org.apache.ratis.server.impl.MiniRaftCluster$Factory$Get.runWithNewCluster(MiniRaftCluster.java:121)
	at org.apache.ratis.server.ServerRestartTests.testRestartFollower(ServerRestartTests.java:88)
	at java.base/jdk.internal.reflect.NativeMethodAccessorImpl.invoke0(Native Method)
	at java.base/jdk.internal.reflect.NativeMethodAccessorImpl.invoke(NativeMethodAccessorImpl.java:62)
	at java.base/jdk.internal.reflect.DelegatingMethodAccessorImpl.invoke(DelegatingMethodAccessorImpl.java:43)
	at java.base/java.lang.reflect.Method.invoke(Method.java:566)
	at org.junit.runners.model.FrameworkMethod$1.runReflectiveCall(FrameworkMethod.java:59)
	at org.junit.internal.runners.model.ReflectiveCallable.run(ReflectiveCallable.java:12)
	at org.junit.runners.model.FrameworkMethod.invokeExplosively(FrameworkMethod.java:56)
	at org.junit.internal.runners.statements.InvokeMethod.evaluate(InvokeMethod.java:17)
	at org.junit.internal.runners.statements.RunAfters.evaluate(RunAfters.java:27)
	at org.junit.internal.runners.statements.FailOnTimeout$CallableStatement.call(FailOnTimeout.java:299)
	at org.junit.internal.runners.statements.FailOnTimeout$CallableStatement.call(FailOnTimeout.java:293)
	at java.base/java.util.concurrent.FutureTask.run(FutureTask.java:264)
	at java.base/java.lang.Thread.run(Thread.java:829)
]]></failure>
  </testcase>
</testsuite>