<?xml version="1.0" encoding="UTF-8"?>
<testsuite xmlns:xsi="http://www.w3.org/2001/XMLSchema-instance" xsi:noNamespaceSchemaLocation="https://maven.apache.org/surefire/maven-surefire-plugin/xsd/surefire-test-report-3.0.xsd" version="3.0" name="org.apache.ratis.grpc.TestGroupManagementWithGrpc" time="70.073" tests="12" errors="1" skipped="0" failures="7">
  <properties>
    <property name="awt.toolkit" value="sun.awt.X11.XToolkit"/>
    <property name="java.specification.version" value="11"/>
    <property name="sun.cpu.isalist" value=""/>
    <property name="sun.jnu.encoding" value="UTF-8"/>
    <property name="java.class.path" value="/home/runner/work/ratis/ratis/ratis-test/target/test-classes:/home/runner/work/ratis/ratis/ratis-test/target/classes:/home/runner/work/ratis/ratis/ratis-common/target/classes:/home/runner/.m2/repository/org/apache/ratis/ratis-thirdparty-misc/1.0.5/ratis-thirdparty-misc-1.0.5.jar:/home/runner/work/ratis/ratis/ratis-proto/target/classes:/home/runner/work/ratis/ratis/ratis-common/target/test-classes:/home/runner/work/ratis/ratis/ratis-client/target/classes:/home/runner/work/ratis/ratis/ratis-server/target/classes:/home/runner/work/ratis/ratis/ratis-server-api/target/classes:/home/runner/work/ratis/ratis/ratis-metrics-api/target/classes:/home/runner/work/ratis/ratis/ratis-server/target/test-classes:/home/runner/work/ratis/ratis/ratis-metrics-default/target/classes:/home/runner/work/ratis/ratis/ratis-netty/target/classes:/home/runner/work/ratis/ratis/ratis-netty/target/test-classes:/home/runner/work/ratis/ratis/ratis-grpc/target/classes:/home/runner/work/ratis/ratis/ratis-grpc/target/test-classes:/home/runner/work/ratis/ratis/ratis-shell/target/classes:/home/runner/.m2/repository/commons-cli/commons-cli/1.5.0/commons-cli-1.5.0.jar:/home/runner/.m2/repository/org/reflections/reflections/0.10.2/reflections-0.10.2.jar:/home/runner/.m2/repository/org/javassist/javassist/3.28.0-GA/javassist-3.28.0-GA.jar:/home/runner/.m2/repository/com/google/code/findbugs/jsr305/3.0.2/jsr305-3.0.2.jar:/home/runner/.m2/repository/org/bouncycastle/bcprov-jdk18on/1.76/bcprov-jdk18on-1.76.jar:/home/runner/.m2/repository/org/bouncycastle/bcpkix-jdk18on/1.76/bcpkix-jdk18on-1.76.jar:/home/runner/.m2/repository/org/bouncycastle/bcutil-jdk18on/1.76/bcutil-jdk18on-1.76.jar:/home/runner/.m2/repository/org/slf4j/slf4j-api/2.0.7/slf4j-api-2.0.7.jar:/home/runner/.m2/repository/org/slf4j/slf4j-reload4j/2.0.7/slf4j-reload4j-2.0.7.jar:/home/runner/.m2/repository/ch/qos/reload4j/reload4j/1.2.22/reload4j-1.2.22.jar:/home/runner/.m2/repository/junit/junit/4.13.2/junit-4.13.2.jar:/home/runner/.m2/repository/org/hamcrest/hamcrest-core/1.3/hamcrest-core-1.3.jar:/home/runner/.m2/repository/org/mockito/mockito-core/4.3.1/mockito-core-4.3.1.jar:/home/runner/.m2/repository/net/bytebuddy/byte-buddy/1.12.7/byte-buddy-1.12.7.jar:/home/runner/.m2/repository/net/bytebuddy/byte-buddy-agent/1.12.7/byte-buddy-agent-1.12.7.jar:/home/runner/.m2/repository/org/objenesis/objenesis/3.2/objenesis-3.2.jar:"/>
    <property name="java.vm.vendor" value="Eclipse Adoptium"/>
    <property name="sun.arch.data.model" value="64"/>
    <property name="java.vendor.url" value="https://adoptium.net/"/>
    <property name="user.timezone" value=""/>
    <property name="java.vm.specification.version" value="11"/>
    <property name="os.name" value="Linux"/>
    <property name="sun.java.launcher" value="SUN_STANDARD"/>
    <property name="sun.boot.library.path" value="/usr/lib/jvm/temurin-11-jdk-amd64/lib"/>
    <property name="sun.java.command" value="/home/runner/work/ratis/ratis/ratis-test/target/surefire/surefirebooter-20231213161639889_89.jar /home/runner/work/ratis/ratis/ratis-test/target/surefire 2023-12-13T16-16-07_033-jvmRun1 surefire-20231213161639889_87tmp surefire_12-20231213161639889_88tmp"/>
    <property name="jdk.debug" value="release"/>
    <property name="surefire.test.class.path" value="/home/runner/work/ratis/ratis/ratis-test/target/test-classes:/home/runner/work/ratis/ratis/ratis-test/target/classes:/home/runner/work/ratis/ratis/ratis-common/target/classes:/home/runner/.m2/repository/org/apache/ratis/ratis-thirdparty-misc/1.0.5/ratis-thirdparty-misc-1.0.5.jar:/home/runner/work/ratis/ratis/ratis-proto/target/classes:/home/runner/work/ratis/ratis/ratis-common/target/test-classes:/home/runner/work/ratis/ratis/ratis-client/target/classes:/home/runner/work/ratis/ratis/ratis-server/target/classes:/home/runner/work/ratis/ratis/ratis-server-api/target/classes:/home/runner/work/ratis/ratis/ratis-metrics-api/target/classes:/home/runner/work/ratis/ratis/ratis-server/target/test-classes:/home/runner/work/ratis/ratis/ratis-metrics-default/target/classes:/home/runner/work/ratis/ratis/ratis-netty/target/classes:/home/runner/work/ratis/ratis/ratis-netty/target/test-classes:/home/runner/work/ratis/ratis/ratis-grpc/target/classes:/home/runner/work/ratis/ratis/ratis-grpc/target/test-classes:/home/runner/work/ratis/ratis/ratis-shell/target/classes:/home/runner/.m2/repository/commons-cli/commons-cli/1.5.0/commons-cli-1.5.0.jar:/home/runner/.m2/repository/org/reflections/reflections/0.10.2/reflections-0.10.2.jar:/home/runner/.m2/repository/org/javassist/javassist/3.28.0-GA/javassist-3.28.0-GA.jar:/home/runner/.m2/repository/com/google/code/findbugs/jsr305/3.0.2/jsr305-3.0.2.jar:/home/runner/.m2/repository/org/bouncycastle/bcprov-jdk18on/1.76/bcprov-jdk18on-1.76.jar:/home/runner/.m2/repository/org/bouncycastle/bcpkix-jdk18on/1.76/bcpkix-jdk18on-1.76.jar:/home/runner/.m2/repository/org/bouncycastle/bcutil-jdk18on/1.76/bcutil-jdk18on-1.76.jar:/home/runner/.m2/repository/org/slf4j/slf4j-api/2.0.7/slf4j-api-2.0.7.jar:/home/runner/.m2/repository/org/slf4j/slf4j-reload4j/2.0.7/slf4j-reload4j-2.0.7.jar:/home/runner/.m2/repository/ch/qos/reload4j/reload4j/1.2.22/reload4j-1.2.22.jar:/home/runner/.m2/repository/junit/junit/4.13.2/junit-4.13.2.jar:/home/runner/.m2/repository/org/hamcrest/hamcrest-core/1.3/hamcrest-core-1.3.jar:/home/runner/.m2/repository/org/mockito/mockito-core/4.3.1/mockito-core-4.3.1.jar:/home/runner/.m2/repository/net/bytebuddy/byte-buddy/1.12.7/byte-buddy-1.12.7.jar:/home/runner/.m2/repository/net/bytebuddy/byte-buddy-agent/1.12.7/byte-buddy-agent-1.12.7.jar:/home/runner/.m2/repository/org/objenesis/objenesis/3.2/objenesis-3.2.jar:"/>
    <property name="sun.cpu.endian" value="little"/>
    <property name="user.home" value="/home/runner"/>
    <property name="user.language" value="en"/>
    <property name="java.specification.vendor" value="Oracle Corporation"/>
    <property name="java.version.date" value="2023-10-17"/>
    <property name="java.home" value="/usr/lib/jvm/temurin-11-jdk-amd64"/>
    <property name="file.separator" value="/"/>
    <property name="basedir" value="/home/runner/work/ratis/ratis/ratis-test"/>
    <property name="java.vm.compressedOopsMode" value="32-bit"/>
    <property name="line.separator" value="&#10;"/>
    <property name="java.specification.name" value="Java Platform API Specification"/>
    <property name="java.vm.specification.vendor" value="Oracle Corporation"/>
    <property name="java.awt.graphicsenv" value="sun.awt.X11GraphicsEnvironment"/>
    <property name="surefire.real.class.path" value="/home/runner/work/ratis/ratis/ratis-test/target/surefire/surefirebooter-20231213161639889_89.jar"/>
    <property name="sun.management.compiler" value="HotSpot 64-Bit Tiered Compilers"/>
    <property name="java.runtime.version" value="11.0.21+9"/>
    <property name="user.name" value="runner"/>
    <property name="java.net.preferIPv4Stack" value="true"/>
    <property name="path.separator" value=":"/>
    <property name="os.version" value="5.15.0-1053-azure"/>
    <property name="java.runtime.name" value="OpenJDK Runtime Environment"/>
    <property name="file.encoding" value="UTF-8"/>
    <property name="java.vm.name" value="OpenJDK 64-Bit Server VM"/>
    <property name="java.vendor.version" value="Temurin-11.0.21+9"/>
    <property name="localRepository" value="/home/runner/.m2/repository"/>
    <property name="java.vendor.url.bug" value="https://github.com/adoptium/adoptium-support/issues"/>
    <property name="java.io.tmpdir" value="/tmp"/>
    <property name="java.version" value="11.0.21"/>
    <property name="user.dir" value="/home/runner/work/ratis/ratis/ratis-test"/>
    <property name="os.arch" value="amd64"/>
    <property name="ratis.tmp.dir" value="/home/runner/work/ratis/ratis/ratis-test/target/tmp"/>
    <property name="java.vm.specification.name" value="Java Virtual Machine Specification"/>
    <property name="java.awt.printerjob" value="sun.print.PSPrinterJob"/>
    <property name="ratis.log.dir" value="/home/runner/work/ratis/ratis/ratis-test/target/log"/>
    <property name="sun.os.patch.level" value="unknown"/>
    <property name="java.library.path" value="/usr/java/packages/lib:/usr/lib64:/lib64:/lib:/usr/lib"/>
    <property name="java.vm.info" value="mixed mode"/>
    <property name="java.vendor" value="Eclipse Adoptium"/>
    <property name="java.vm.version" value="11.0.21+9"/>
    <property name="java.specification.maintenance.version" value="2"/>
    <property name="sun.io.unicode.encoding" value="UnicodeLittle"/>
    <property name="java.class.version" value="55.0"/>
  </properties>
  <testcase name="testGroupRemoveWhenDelete" classname="org.apache.ratis.grpc.TestGroupManagementWithGrpc" time="3.66">
    <system-out><![CDATA[2023-12-13 16:20:22,517 [main] INFO  util.LogUtils (Slf4jUtils.java:setLogLevel(38)) - Successfully set org.apache.ratis.conf.ConfUtils log level to WARN
2023-12-13 16:20:22,520 [main] INFO  util.LogUtils (Slf4jUtils.java:setLogLevel(38)) - Successfully set org.apache.ratis.util.FileUtils log level to TRACE
2023-12-13 16:20:22,524 [main] INFO  util.LogUtils (Slf4jUtils.java:setLogLevel(38)) - Successfully set org.apache.ratis.server.RaftServer log level to DEBUG
2023-12-13 16:20:22,525 [main] INFO  util.LogUtils (Slf4jUtils.java:setLogLevel(38)) - Successfully set org.apache.ratis.server.RaftServer$Division log level to DEBUG
2023-12-13 16:20:22,525 [main] INFO  util.LogUtils (Slf4jUtils.java:setLogLevel(38)) - Successfully set org.apache.ratis.client.RaftClient log level to DEBUG
2023-12-13 16:20:22,608 [Time-limited test] INFO  impl.MiniRaftCluster (MiniRaftCluster.java:<init>(306)) - new MiniRaftClusterWithGrpc with group-1FE16B4BA7BF:[s0|localhost:37225]
2023-12-13 16:20:22,612 [Time-limited test] INFO  impl.MiniRaftCluster (MiniRaftCluster.java:<init>(306)) - new MiniRaftClusterWithGrpc with group-56E102ABE30F:[s0|localhost:35025, s1|localhost:37899, s2|localhost:35257]
2023-12-13 16:20:22,612 [Time-limited test] INFO  impl.MiniRaftCluster (MiniRaftCluster.java:start(339)) - .............................................................. 
2023-12-13 16:20:22,613 [Time-limited test] INFO  impl.MiniRaftCluster (MiniRaftCluster.java:start(340)) - ... 
2023-12-13 16:20:22,613 [Time-limited test] INFO  impl.MiniRaftCluster (MiniRaftCluster.java:start(341)) - ...     Starting MiniRaftClusterWithGrpc
2023-12-13 16:20:22,613 [Time-limited test] INFO  impl.MiniRaftCluster (MiniRaftCluster.java:start(342)) - ... 
2023-12-13 16:20:22,613 [Time-limited test] INFO  impl.MiniRaftCluster (MiniRaftCluster.java:start(343)) - .............................................................. 
2023-12-13 16:20:22,613 [Time-limited test] INFO  impl.MiniRaftCluster (MiniRaftCluster.java:initServers(318)) - servers = {}
2023-12-13 16:20:22,616 [Time-limited test] INFO  impl.MiniRaftCluster (MiniRaftCluster.java:newRaftServer(382)) - newRaftServer: s0, group-1FE16B4BA7BF:[s0|localhost:37225], format? true
2023-12-13 16:20:22,617 [Time-limited test] TRACE util.FileUtils (FileUtils.java:deleteFully(305)) - deleteFully target/test/data/1e4ee837/MiniRaftClusterWithGrpc1ac7a51/s0
2023-12-13 16:20:22,618 [Time-limited test] TRACE util.FileUtils (FileUtils.java:deleteFully(318)) - deleteFully: target/test/data/1e4ee837/MiniRaftClusterWithGrpc1ac7a51/s0 does not exist.
2023-12-13 16:20:22,618 [Time-limited test] INFO  impl.MiniRaftCluster (MiniRaftCluster.java:newRaftServer(387)) - Formatted directory target/test/data/1e4ee837/MiniRaftClusterWithGrpc1ac7a51/s0
2023-12-13 16:20:22,627 [Time-limited test] DEBUG server.RaftServer (ServerImplUtils.java:newRaftServer(51)) - newRaftServer: s0, group-1FE16B4BA7BF:[s0|localhost:37225]
2023-12-13 16:20:22,633 [Time-limited test] INFO  server.RaftServer (ConfUtils.java:logGet(46)) - raft.rpc.type = GRPC (default)
2023-12-13 16:20:22,675 [Time-limited test] INFO  grpc.GrpcConfigKeys (ConfUtils.java:logFallback(53)) - raft.grpc.admin.host = null (fallback to raft.grpc.server.host)
2023-12-13 16:20:22,676 [Time-limited test] INFO  grpc.GrpcConfigKeys (ConfUtils.java:logGet(46)) - raft.grpc.admin.port = 44495 (custom)
2023-12-13 16:20:22,677 [Time-limited test] INFO  grpc.GrpcConfigKeys (ConfUtils.java:logFallback(53)) - raft.grpc.client.host = null (fallback to raft.grpc.server.host)
2023-12-13 16:20:22,677 [Time-limited test] INFO  grpc.GrpcConfigKeys (ConfUtils.java:logGet(46)) - raft.grpc.client.port = 41029 (custom)
2023-12-13 16:20:22,677 [Time-limited test] INFO  grpc.GrpcConfigKeys (ConfUtils.java:logGet(46)) - raft.grpc.server.host = null (default)
2023-12-13 16:20:22,677 [Time-limited test] INFO  grpc.GrpcConfigKeys (ConfUtils.java:logGet(46)) - raft.grpc.server.port = 37225 (custom)
2023-12-13 16:20:22,678 [Time-limited test] INFO  server.GrpcService (ConfUtils.java:logGet(46)) - raft.grpc.message.size.max = 64MB (=67108864) (default)
2023-12-13 16:20:22,680 [Time-limited test] INFO  server.RaftServerConfigKeys (ConfUtils.java:logGet(46)) - raft.server.log.appender.buffer.byte-limit = 4MB (=4194304) (default)
2023-12-13 16:20:22,681 [Time-limited test] INFO  server.GrpcService (ConfUtils.java:logGet(46)) - raft.grpc.flow.control.window = 1MB (=1048576) (default)
2023-12-13 16:20:22,681 [Time-limited test] INFO  server.RaftServerConfigKeys (ConfUtils.java:logGet(46)) - raft.server.rpc.request.timeout = 3000ms (default)
2023-12-13 16:20:22,690 [Time-limited test] INFO  grpc.GrpcConfigKeys (ConfUtils.java:logGet(46)) - raft.grpc.server.heartbeat.channel = true (default)
2023-12-13 16:20:22,692 [Time-limited test] INFO  grpc.GrpcConfigKeys (ConfUtils.java:logGet(46)) - raft.grpc.server.async.request.thread.pool.cached = true (default)
2023-12-13 16:20:22,693 [Time-limited test] INFO  grpc.GrpcConfigKeys (ConfUtils.java:logGet(46)) - raft.grpc.server.async.request.thread.pool.size = 32 (default)
2023-12-13 16:20:22,828 [Time-limited test] INFO  impl.DataStreamServerImpl (ConfUtils.java:logGet(46)) - raft.datastream.type = DISABLED (default)
2023-12-13 16:20:22,829 [Time-limited test] INFO  server.RaftServerConfigKeys (ConfUtils.java:logGet(46)) - raft.server.sleep.deviation.threshold = 300ms (default)
2023-12-13 16:20:22,829 [Time-limited test] INFO  server.RaftServerConfigKeys (ConfUtils.java:logGet(46)) - raft.server.close.threshold = 60s (default)
2023-12-13 16:20:22,830 [Time-limited test] INFO  server.RaftServerConfigKeys (ConfUtils.java:logGet(46)) - raft.server.leaderelection.leader.step-down.wait-time = 10s (default)
2023-12-13 16:20:22,833 [Time-limited test] INFO  server.RaftServerConfigKeys (ConfUtils.java:logGet(46)) - raft.server.storage.dir = [/home/runner/work/ratis/ratis/ratis-test/target/test/data/1e4ee837/MiniRaftClusterWithGrpc1ac7a51/s0] (custom)
2023-12-13 16:20:22,834 [Time-limited test] INFO  server.RaftServerConfigKeys (ConfUtils.java:logGet(46)) - raft.server.threadpool.proxy.cached = true (default)
2023-12-13 16:20:22,834 [Time-limited test] INFO  server.RaftServerConfigKeys (ConfUtils.java:logGet(46)) - raft.server.threadpool.proxy.size = 0 (default)
2023-12-13 16:20:22,849 [Time-limited test] INFO  server.RaftServer (RaftServerProxy.java:addNew(100)) - s0: addNew group-1FE16B4BA7BF:[s0|localhost:37225] returns group-1FE16B4BA7BF:java.util.concurrent.CompletableFuture@41e2bcce[Not completed]
2023-12-13 16:20:22,858 [s0-groupManagement] INFO  server.RaftServer$Division (RaftServerImpl.java:<init>(256)) - s0: new RaftServerImpl for group-1FE16B4BA7BF:[s0|localhost:37225] with BaseStateMachine:uninitialized
2023-12-13 16:20:22,859 [s0-groupManagement] INFO  server.RaftServerConfigKeys (ConfUtils.java:logGet(46)) - raft.server.rpc.timeout.min = 1500ms (custom)
2023-12-13 16:20:22,859 [s0-groupManagement] INFO  server.RaftServerConfigKeys (ConfUtils.java:logGet(46)) - raft.server.rpc.timeout.max = 2000ms (custom)
2023-12-13 16:20:22,859 [s0-groupManagement] INFO  server.RaftServerConfigKeys (ConfUtils.java:logGet(46)) - raft.server.rpc.sleep.time = 25ms (default)
2023-12-13 16:20:22,860 [s0-groupManagement] INFO  server.RaftServerConfigKeys (ConfUtils.java:logGet(46)) - raft.server.rpc.slowness.timeout = 60s (default)
2023-12-13 16:20:22,860 [s0-groupManagement] INFO  server.RaftServerConfigKeys (ConfUtils.java:logGet(46)) - raft.server.leaderelection.leader.step-down.wait-time = 10s (default)
2023-12-13 16:20:22,860 [s0-groupManagement] INFO  server.RaftServerConfigKeys (ConfUtils.java:logGet(46)) - raft.server.leaderelection.member.majority-add = false (default)
2023-12-13 16:20:22,861 [s0-groupManagement] INFO  server.RaftServerConfigKeys (ConfUtils.java:logGet(46)) - raft.server.sleep.deviation.threshold = 300ms (default)
2023-12-13 16:20:22,864 [s0-groupManagement] INFO  server.RaftServer$Division (ServerState.java:<init>(113)) - s0@group-1FE16B4BA7BF: ConfigurationManager, init=-1: peers:[s0|localhost:37225]|listeners:[], old=null, confs=<EMPTY_MAP>
2023-12-13 16:20:22,868 [s0-groupManagement] INFO  server.RaftServerConfigKeys (ConfUtils.java:logGet(46)) - raft.server.notification.no-leader.timeout = 60s (default)
2023-12-13 16:20:22,871 [s0-groupManagement] INFO  server.RaftServerConfigKeys (ConfUtils.java:logGet(46)) - raft.server.read.timeout = 10s (default)
2023-12-13 16:20:22,873 [s0-groupManagement] INFO  server.RaftServerConfigKeys (ConfUtils.java:logGet(46)) - raft.server.retrycache.expirytime = 60s (default)
2023-12-13 16:20:22,873 [s0-groupManagement] INFO  server.RaftServerConfigKeys (ConfUtils.java:logGet(46)) - raft.server.retrycache.statistics.expirytime = 100ms (default)
2023-12-13 16:20:22,875 [s0-groupManagement] INFO  server.RaftServerConfigKeys (ConfUtils.java:logGet(46)) - raft.server.read.option = DEFAULT (default)
2023-12-13 16:20:22,876 [s0-groupManagement] INFO  server.RaftServerConfigKeys (ConfUtils.java:logGet(46)) - raft.server.read.read-after-write-consistent.write-index-cache.expiry-time = 60s (default)
2023-12-13 16:20:22,880 [s0-groupManagement] INFO  metrics.MetricRegistries (MetricRegistriesLoader.java:load(64)) - Loaded MetricRegistries class org.apache.ratis.metrics.impl.MetricRegistriesImpl
2023-12-13 16:20:22,964 [s0-groupManagement] INFO  server.RaftServerConfigKeys (ConfUtils.java:logGet(46)) - raft.server.rpc.request.timeout = 3000ms (default)
2023-12-13 16:20:22,965 [s0-groupManagement] INFO  server.RaftServerConfigKeys (ConfUtils.java:logGet(46)) - raft.server.log.appender.install.snapshot.enabled = true (default)
2023-12-13 16:20:22,966 [s0-groupManagement] INFO  server.RaftServerConfigKeys (ConfUtils.java:logGet(46)) - raft.server.threadpool.server.cached = true (default)
2023-12-13 16:20:22,966 [s0-groupManagement] INFO  server.RaftServerConfigKeys (ConfUtils.java:logGet(46)) - raft.server.threadpool.server.size = 0 (default)
2023-12-13 16:20:22,966 [s0-groupManagement] INFO  server.RaftServerConfigKeys (ConfUtils.java:logGet(46)) - raft.server.threadpool.client.cached = true (default)
2023-12-13 16:20:22,967 [s0-groupManagement] INFO  server.RaftServerConfigKeys (ConfUtils.java:logGet(46)) - raft.server.threadpool.client.size = 0 (default)
2023-12-13 16:20:22,968 [s0-impl-thread1] INFO  server.RaftServerConfigKeys (ConfUtils.java:logGet(46)) - raft.server.storage.free-space.min = 0MB (=0) (default)
2023-12-13 16:20:22,968 [s0-impl-thread1] INFO  server.RaftServerConfigKeys (ConfUtils.java:logGet(46)) - raft.server.log.corruption.policy = EXCEPTION (default)
2023-12-13 16:20:22,969 [s0-impl-thread1] INFO  server.RaftServerConfigKeys (ConfUtils.java:logGet(46)) - raft.server.storage.dir = [/home/runner/work/ratis/ratis/ratis-test/target/test/data/1e4ee837/MiniRaftClusterWithGrpc1ac7a51/s0] (custom)
2023-12-13 16:20:22,974 [s0-impl-thread1] INFO  storage.RaftStorageDirectory (RaftStorageDirectoryImpl.java:analyzeStorage(138)) - The storage directory /home/runner/work/ratis/ratis/ratis-test/target/test/data/1e4ee837/MiniRaftClusterWithGrpc1ac7a51/s0/af42820b-e886-41e2-aeab-1fe16b4ba7bf does not exist. Creating ...
2023-12-13 16:20:22,976 [s0-impl-thread1] TRACE util.FileUtils (LogUtils.java:runAndLog(49)) - Successfully ran Files.createDirectories /home/runner/work/ratis/ratis/ratis-test/target/test/data/1e4ee837/MiniRaftClusterWithGrpc1ac7a51/s0/af42820b-e886-41e2-aeab-1fe16b4ba7bf
2023-12-13 16:20:22,979 [s0-impl-thread1] INFO  storage.RaftStorageDirectory (RaftStorageDirectoryImpl.java:tryLock(228)) - Lock on /home/runner/work/ratis/ratis/ratis-test/target/test/data/1e4ee837/MiniRaftClusterWithGrpc1ac7a51/s0/af42820b-e886-41e2-aeab-1fe16b4ba7bf/in_use.lock acquired by nodename 10819@fv-az890-872
2023-12-13 16:20:22,979 [s0-impl-thread1] TRACE util.FileUtils (LogUtils.java:runAndLog(49)) - Successfully ran Files.createDirectories /home/runner/work/ratis/ratis/ratis-test/target/test/data/1e4ee837/MiniRaftClusterWithGrpc1ac7a51/s0/af42820b-e886-41e2-aeab-1fe16b4ba7bf/current
2023-12-13 16:20:22,979 [s0-impl-thread1] TRACE util.FileUtils (LogUtils.java:runAndLog(49)) - Successfully ran Files.createDirectories /home/runner/work/ratis/ratis/ratis-test/target/test/data/1e4ee837/MiniRaftClusterWithGrpc1ac7a51/s0/af42820b-e886-41e2-aeab-1fe16b4ba7bf/sm
2023-12-13 16:20:22,982 [s0-impl-thread1] TRACE util.FileUtils (LogUtils.java:supplyAndLog(69)) - Successfully supplied FileChannel.open /home/runner/work/ratis/ratis/ratis-test/target/test/data/1e4ee837/MiniRaftClusterWithGrpc1ac7a51/s0/af42820b-e886-41e2-aeab-1fe16b4ba7bf/current/raft-meta.tmp with options [CREATE, WRITE]: sun.nio.ch.FileChannelImpl@1a2e4be3
2023-12-13 16:20:22,994 [s0-impl-thread1] TRACE util.FileUtils (LogUtils.java:runAndLog(49)) - Successfully ran Atomic Files.move /home/runner/work/ratis/ratis/ratis-test/target/test/data/1e4ee837/MiniRaftClusterWithGrpc1ac7a51/s0/af42820b-e886-41e2-aeab-1fe16b4ba7bf/current/raft-meta.tmp to /home/runner/work/ratis/ratis/ratis-test/target/test/data/1e4ee837/MiniRaftClusterWithGrpc1ac7a51/s0/af42820b-e886-41e2-aeab-1fe16b4ba7bf/current/raft-meta with options [REPLACE_EXISTING]
2023-12-13 16:20:22,994 [s0-impl-thread1] INFO  storage.RaftStorage (RaftStorageImpl.java:format(99)) - Storage directory /home/runner/work/ratis/ratis/ratis-test/target/test/data/1e4ee837/MiniRaftClusterWithGrpc1ac7a51/s0/af42820b-e886-41e2-aeab-1fe16b4ba7bf has been successfully formatted.
2023-12-13 16:20:22,995 [s0-impl-thread1] TRACE util.FileUtils (LogUtils.java:supplyAndLog(61)) - Failed to Files.newInputStream /home/runner/work/ratis/ratis/ratis-test/target/test/data/1e4ee837/MiniRaftClusterWithGrpc1ac7a51/s0/af42820b-e886-41e2-aeab-1fe16b4ba7bf/current/raft-meta.conf with options []
java.nio.file.NoSuchFileException: /home/runner/work/ratis/ratis/ratis-test/target/test/data/1e4ee837/MiniRaftClusterWithGrpc1ac7a51/s0/af42820b-e886-41e2-aeab-1fe16b4ba7bf/current/raft-meta.conf
	at java.base/sun.nio.fs.UnixException.translateToIOException(UnixException.java:92)
	at java.base/sun.nio.fs.UnixException.rethrowAsIOException(UnixException.java:111)
	at java.base/sun.nio.fs.UnixException.rethrowAsIOException(UnixException.java:116)
	at java.base/sun.nio.fs.UnixFileSystemProvider.newByteChannel(UnixFileSystemProvider.java:219)
	at java.base/java.nio.file.Files.newByteChannel(Files.java:371)
	at java.base/java.nio.file.Files.newByteChannel(Files.java:422)
	at java.base/java.nio.file.spi.FileSystemProvider.newInputStream(FileSystemProvider.java:420)
	at java.base/java.nio.file.Files.newInputStream(Files.java:156)
	at org.apache.ratis.util.FileUtils.lambda$newInputStream$2(FileUtils.java:73)
	at org.apache.ratis.util.LogUtils.supplyAndLog(LogUtils.java:58)
	at org.apache.ratis.util.FileUtils.newInputStream(FileUtils.java:72)
	at org.apache.ratis.util.FileUtils.newInputStream(FileUtils.java:68)
	at org.apache.ratis.server.storage.RaftStorageImpl.readRaftConfiguration(RaftStorageImpl.java:156)
	at org.apache.ratis.server.impl.ServerState.initialize(ServerState.java:141)
	at org.apache.ratis.server.impl.RaftServerImpl.start(RaftServerImpl.java:388)
	at org.apache.ratis.util.ConcurrentUtils.accept(ConcurrentUtils.java:203)
	at org.apache.ratis.util.ConcurrentUtils.lambda$parallelForEachAsync$4(ConcurrentUtils.java:182)
	at java.base/java.util.concurrent.ThreadPoolExecutor.runWorker(ThreadPoolExecutor.java:1128)
	at java.base/java.util.concurrent.ThreadPoolExecutor$Worker.run(ThreadPoolExecutor.java:628)
	at java.base/java.lang.Thread.run(Thread.java:829)
2023-12-13 16:20:22,998 [s0-impl-thread1] INFO  server.RaftServerConfigKeys (ConfUtils.java:logGet(46)) - raft.server.log.use.memory = false (default)
2023-12-13 16:20:23,005 [s0-impl-thread1] INFO  server.RaftServerConfigKeys (ConfUtils.java:logGet(46)) - raft.server.log.purge.gap = 1024 (default)
2023-12-13 16:20:23,005 [s0-impl-thread1] INFO  server.RaftServerConfigKeys (ConfUtils.java:logGet(46)) - raft.server.log.appender.buffer.byte-limit = 4MB (=4194304) (default)
2023-12-13 16:20:23,006 [s0-impl-thread1] INFO  server.RaftServerConfigKeys (ConfUtils.java:logGet(46)) - raft.server.log.statemachine.data.read.timeout = 1000ms (default)
2023-12-13 16:20:23,006 [s0-impl-thread1] INFO  server.RaftServerConfigKeys (ConfUtils.java:logGet(46)) - raft.server.log.purge.preservation.log.num = 0 (default)
2023-12-13 16:20:23,009 [s0-impl-thread1] INFO  server.RaftServerConfigKeys (ConfUtils.java:logGet(46)) - raft.server.log.segment.size.max = 32MB (=33554432) (default)
2023-12-13 16:20:23,013 [s0-impl-thread1] INFO  server.RaftServerConfigKeys (ConfUtils.java:logGet(46)) - raft.server.log.segment.cache.num.max = 6 (default)
2023-12-13 16:20:23,013 [s0-impl-thread1] INFO  server.RaftServerConfigKeys (ConfUtils.java:logGet(46)) - raft.server.log.segment.cache.size.max = 200MB (=209715200) (default)
2023-12-13 16:20:23,013 [s0-impl-thread1] INFO  server.RaftServerConfigKeys (ConfUtils.java:logGet(46)) - raft.server.log.appender.buffer.byte-limit = 4MB (=4194304) (default)
2023-12-13 16:20:23,015 [s0-impl-thread1] INFO  util.AwaitToRun (AwaitToRun.java:start(81)) - Thread[s0@group-1FE16B4BA7BF-cacheEviction-AwaitToRun,5,main] started
2023-12-13 16:20:23,018 [s0-impl-thread1] INFO  segmented.SegmentedRaftLogWorker (SegmentedRaftLogWorker.java:<init>(182)) - new s0@group-1FE16B4BA7BF-SegmentedRaftLogWorker for RaftStorageImpl:Storage Directory /home/runner/work/ratis/ratis/ratis-test/target/test/data/1e4ee837/MiniRaftClusterWithGrpc1ac7a51/s0/af42820b-e886-41e2-aeab-1fe16b4ba7bf
2023-12-13 16:20:23,018 [s0-impl-thread1] INFO  server.RaftServerConfigKeys (ConfUtils.java:logGet(46)) - raft.server.log.queue.byte-limit = 64MB (=67108864) (default)
2023-12-13 16:20:23,018 [s0-impl-thread1] INFO  server.RaftServerConfigKeys (ConfUtils.java:logGet(46)) - raft.server.log.queue.element-limit = 4096 (default)
2023-12-13 16:20:23,020 [s0-impl-thread1] INFO  server.RaftServerConfigKeys (ConfUtils.java:logGet(46)) - raft.server.log.segment.size.max = 32MB (=33554432) (default)
2023-12-13 16:20:23,020 [s0-impl-thread1] INFO  server.RaftServerConfigKeys (ConfUtils.java:logGet(46)) - raft.server.log.preallocated.size = 4MB (=4194304) (default)
2023-12-13 16:20:23,020 [s0-impl-thread1] INFO  server.RaftServerConfigKeys (ConfUtils.java:logGet(46)) - raft.server.log.force.sync.num = 128 (default)
2023-12-13 16:20:23,021 [s0-impl-thread1] INFO  server.RaftServerConfigKeys (ConfUtils.java:logGet(46)) - raft.server.log.statemachine.data.sync = true (default)
2023-12-13 16:20:23,021 [s0-impl-thread1] INFO  server.RaftServerConfigKeys (ConfUtils.java:logGet(46)) - raft.server.log.statemachine.data.sync.timeout = 10s (default)
2023-12-13 16:20:23,021 [s0-impl-thread1] INFO  server.RaftServerConfigKeys (ConfUtils.java:logGet(46)) - raft.server.log.statemachine.data.sync.timeout.retry = -1 (default)
2023-12-13 16:20:23,023 [s0-impl-thread1] INFO  server.RaftServerConfigKeys (ConfUtils.java:logGet(46)) - raft.server.log.write.buffer.size = 8MB (=8388608) (default)
2023-12-13 16:20:23,025 [s0-impl-thread1] INFO  server.RaftServerConfigKeys (ConfUtils.java:logGet(46)) - raft.server.log.appender.buffer.byte-limit = 4MB (=4194304) (default)
2023-12-13 16:20:23,026 [s0-impl-thread1] INFO  server.RaftServerConfigKeys (ConfUtils.java:logGet(46)) - raft.server.log.unsafe-flush.enabled = false (default)
2023-12-13 16:20:23,026 [s0-impl-thread1] INFO  server.RaftServerConfigKeys (ConfUtils.java:logGet(46)) - raft.server.log.async-flush.enabled = false (default)
2023-12-13 16:20:23,026 [s0-impl-thread1] INFO  server.RaftServerConfigKeys (ConfUtils.java:logGet(46)) - raft.server.log.statemachine.data.caching.enabled = false (default)
2023-12-13 16:20:23,032 [s0-impl-thread1] INFO  segmented.SegmentedRaftLogWorker (SegmentedRaftLogWorker.java:lambda$new$0(134)) - s0@group-1FE16B4BA7BF-SegmentedRaftLogWorker: flushIndex: setUnconditionally 0 -> -1
2023-12-13 16:20:23,032 [s0-impl-thread1] INFO  segmented.SegmentedRaftLogWorker (SegmentedRaftLogWorker.java:lambda$new$0(134)) - s0@group-1FE16B4BA7BF-SegmentedRaftLogWorker: safeCacheEvictIndex: setUnconditionally 0 -> -1
2023-12-13 16:20:23,033 [s0-impl-thread1] INFO  server.RaftServer$Division (RaftServerImpl.java:start(392)) - s0@group-1FE16B4BA7BF: start as a follower, conf=-1: peers:[s0|localhost:37225]|listeners:[], old=null
2023-12-13 16:20:23,034 [s0-impl-thread1] INFO  server.RaftServer$Division (RaftServerImpl.java:setRole(379)) - s0@group-1FE16B4BA7BF: changes role from      null to FOLLOWER at term 0 for startAsFollower
2023-12-13 16:20:23,035 [s0-impl-thread1] INFO  impl.RoleInfo (RoleInfo.java:updateAndGet(139)) - s0: start s0@group-1FE16B4BA7BF-FollowerState
2023-12-13 16:20:23,037 [s0@group-1FE16B4BA7BF-FollowerState] INFO  server.RaftServerConfigKeys (ConfUtils.java:logFallback(53)) - raft.server.rpc.first-election.timeout.min = 1500ms (fallback to raft.server.rpc.timeout.min)
2023-12-13 16:20:23,037 [s0-impl-thread1] INFO  util.JmxRegister (JmxRegister.java:tryRegister(44)) - Successfully registered JMX Bean with object name Ratis:service=RaftServer,group=group-1FE16B4BA7BF,id=s0
2023-12-13 16:20:23,037 [s0@group-1FE16B4BA7BF-FollowerState] INFO  server.RaftServerConfigKeys (ConfUtils.java:logFallback(53)) - raft.server.rpc.first-election.timeout.max = 2000ms (fallback to raft.server.rpc.timeout.max)
2023-12-13 16:20:23,039 [s0-impl-thread1] INFO  server.RaftServerConfigKeys (ConfUtils.java:logGet(46)) - raft.server.snapshot.trigger-when-stop.enabled = true (default)
2023-12-13 16:20:23,039 [s0-impl-thread1] INFO  server.RaftServerConfigKeys (ConfUtils.java:logGet(46)) - raft.server.snapshot.auto.trigger.enabled = false (default)
2023-12-13 16:20:23,039 [s0-impl-thread1] INFO  server.RaftServerConfigKeys (ConfUtils.java:logGet(46)) - raft.server.snapshot.retention.file.num = -1 (default)
2023-12-13 16:20:23,040 [s0-impl-thread1] INFO  server.RaftServerConfigKeys (ConfUtils.java:logGet(46)) - raft.server.log.purge.upto.snapshot.index = false (default)
2023-12-13 16:20:23,043 [Time-limited test] INFO  server.RaftServer (RaftServerProxy.java:startImpl(406)) - s0: start RPC server
2023-12-13 16:20:23,078 [Time-limited test] INFO  server.GrpcService (GrpcService.java:startImpl(302)) - s0: GrpcService started, listening on 41029
2023-12-13 16:20:23,079 [Time-limited test] INFO  server.GrpcService (GrpcService.java:startImpl(302)) - s0: GrpcService started, listening on 37225
2023-12-13 16:20:23,079 [Time-limited test] INFO  server.GrpcService (GrpcService.java:startImpl(302)) - s0: GrpcService started, listening on 44495
2023-12-13 16:20:23,081 [JvmPauseMonitor0] INFO  util.JvmPauseMonitor (JvmPauseMonitor.java:run(146)) - JvmPauseMonitor-s0: Started
2023-12-13 16:20:23,085 [Time-limited test] DEBUG client.RaftClient (ConfUtils.java:logGet(46)) - raft.rpc.type = GRPC (default)
2023-12-13 16:20:23,315 [grpc-default-executor-0] INFO  server.RaftServer (RaftServerProxy.java:addNew(100)) - s0: addNew group-56E102ABE30F:[s0|0.0.0.0:37225] returns group-56E102ABE30F:java.util.concurrent.CompletableFuture@7f9fd055[Not completed]
2023-12-13 16:20:23,315 [s0-groupManagement] INFO  server.RaftServer$Division (RaftServerImpl.java:<init>(256)) - s0: new RaftServerImpl for group-56E102ABE30F:[s0|0.0.0.0:37225] with BaseStateMachine:uninitialized
2023-12-13 16:20:23,316 [s0-groupManagement] INFO  server.RaftServerConfigKeys (ConfUtils.java:logGet(46)) - raft.server.rpc.timeout.min = 1500ms (custom)
2023-12-13 16:20:23,316 [s0-groupManagement] INFO  server.RaftServerConfigKeys (ConfUtils.java:logGet(46)) - raft.server.rpc.timeout.max = 2000ms (custom)
2023-12-13 16:20:23,316 [s0-groupManagement] INFO  server.RaftServerConfigKeys (ConfUtils.java:logGet(46)) - raft.server.rpc.sleep.time = 25ms (default)
2023-12-13 16:20:23,316 [s0-groupManagement] INFO  server.RaftServerConfigKeys (ConfUtils.java:logGet(46)) - raft.server.rpc.slowness.timeout = 60s (default)
2023-12-13 16:20:23,316 [s0-groupManagement] INFO  server.RaftServerConfigKeys (ConfUtils.java:logGet(46)) - raft.server.leaderelection.leader.step-down.wait-time = 10s (default)
2023-12-13 16:20:23,316 [s0-groupManagement] INFO  server.RaftServerConfigKeys (ConfUtils.java:logGet(46)) - raft.server.leaderelection.member.majority-add = false (default)
2023-12-13 16:20:23,316 [s0-groupManagement] INFO  server.RaftServerConfigKeys (ConfUtils.java:logGet(46)) - raft.server.sleep.deviation.threshold = 300ms (default)
2023-12-13 16:20:23,317 [s0-groupManagement] INFO  server.RaftServer$Division (ServerState.java:<init>(113)) - s0@group-56E102ABE30F: ConfigurationManager, init=-1: peers:[s0|0.0.0.0:37225]|listeners:[], old=null, confs=<EMPTY_MAP>
2023-12-13 16:20:23,317 [s0-groupManagement] INFO  server.RaftServerConfigKeys (ConfUtils.java:logGet(46)) - raft.server.notification.no-leader.timeout = 60s (default)
2023-12-13 16:20:23,317 [s0-groupManagement] INFO  server.RaftServerConfigKeys (ConfUtils.java:logGet(46)) - raft.server.read.timeout = 10s (default)
2023-12-13 16:20:23,317 [s0-groupManagement] INFO  server.RaftServerConfigKeys (ConfUtils.java:logGet(46)) - raft.server.retrycache.expirytime = 60s (default)
2023-12-13 16:20:23,317 [s0-groupManagement] INFO  server.RaftServerConfigKeys (ConfUtils.java:logGet(46)) - raft.server.retrycache.statistics.expirytime = 100ms (default)
2023-12-13 16:20:23,318 [s0-groupManagement] INFO  server.RaftServerConfigKeys (ConfUtils.java:logGet(46)) - raft.server.read.option = DEFAULT (default)
2023-12-13 16:20:23,318 [s0-groupManagement] INFO  server.RaftServerConfigKeys (ConfUtils.java:logGet(46)) - raft.server.read.read-after-write-consistent.write-index-cache.expiry-time = 60s (default)
2023-12-13 16:20:23,320 [s0-groupManagement] INFO  server.RaftServerConfigKeys (ConfUtils.java:logGet(46)) - raft.server.rpc.request.timeout = 3000ms (default)
2023-12-13 16:20:23,320 [s0-groupManagement] INFO  server.RaftServerConfigKeys (ConfUtils.java:logGet(46)) - raft.server.log.appender.install.snapshot.enabled = true (default)
2023-12-13 16:20:23,321 [s0-groupManagement] INFO  server.RaftServerConfigKeys (ConfUtils.java:logGet(46)) - raft.server.threadpool.server.cached = true (default)
2023-12-13 16:20:23,321 [s0-groupManagement] INFO  server.RaftServerConfigKeys (ConfUtils.java:logGet(46)) - raft.server.threadpool.server.size = 0 (default)
2023-12-13 16:20:23,321 [s0-groupManagement] INFO  server.RaftServerConfigKeys (ConfUtils.java:logGet(46)) - raft.server.threadpool.client.cached = true (default)
2023-12-13 16:20:23,321 [s0-groupManagement] INFO  server.RaftServerConfigKeys (ConfUtils.java:logGet(46)) - raft.server.threadpool.client.size = 0 (default)
2023-12-13 16:20:23,321 [s0-groupManagement] DEBUG server.RaftServer (RaftServerProxy.java:lambda$groupAddAsync$13(507)) - s0: newImpl =      null s0@group-56E102ABE30F:t0, leader=null, voted=null, raftlog=UNINITIALIZED, conf=-1: peers:[s0|0.0.0.0:37225]|listeners:[], old=null NEW
2023-12-13 16:20:23,321 [s0-groupManagement] INFO  server.RaftServerConfigKeys (ConfUtils.java:logGet(46)) - raft.server.storage.free-space.min = 0MB (=0) (default)
2023-12-13 16:20:23,322 [s0-groupManagement] INFO  server.RaftServerConfigKeys (ConfUtils.java:logGet(46)) - raft.server.log.corruption.policy = EXCEPTION (default)
2023-12-13 16:20:23,322 [s0-groupManagement] INFO  server.RaftServerConfigKeys (ConfUtils.java:logGet(46)) - raft.server.storage.dir = [/home/runner/work/ratis/ratis/ratis-test/target/test/data/1e4ee837/MiniRaftClusterWithGrpc1ac7a51/s0] (custom)
2023-12-13 16:20:23,322 [s0-groupManagement] INFO  storage.RaftStorageDirectory (RaftStorageDirectoryImpl.java:analyzeStorage(138)) - The storage directory /home/runner/work/ratis/ratis/ratis-test/target/test/data/1e4ee837/MiniRaftClusterWithGrpc1ac7a51/s0/dc363074-9e67-4218-8fb9-56e102abe30f does not exist. Creating ...
2023-12-13 16:20:23,322 [s0-groupManagement] TRACE util.FileUtils (LogUtils.java:runAndLog(49)) - Successfully ran Files.createDirectories /home/runner/work/ratis/ratis/ratis-test/target/test/data/1e4ee837/MiniRaftClusterWithGrpc1ac7a51/s0/dc363074-9e67-4218-8fb9-56e102abe30f
2023-12-13 16:20:23,324 [s0-groupManagement] INFO  storage.RaftStorageDirectory (RaftStorageDirectoryImpl.java:tryLock(228)) - Lock on /home/runner/work/ratis/ratis/ratis-test/target/test/data/1e4ee837/MiniRaftClusterWithGrpc1ac7a51/s0/dc363074-9e67-4218-8fb9-56e102abe30f/in_use.lock acquired by nodename 10819@fv-az890-872
2023-12-13 16:20:23,325 [s0-groupManagement] TRACE util.FileUtils (LogUtils.java:runAndLog(49)) - Successfully ran Files.createDirectories /home/runner/work/ratis/ratis/ratis-test/target/test/data/1e4ee837/MiniRaftClusterWithGrpc1ac7a51/s0/dc363074-9e67-4218-8fb9-56e102abe30f/current
2023-12-13 16:20:23,325 [s0-groupManagement] TRACE util.FileUtils (LogUtils.java:runAndLog(49)) - Successfully ran Files.createDirectories /home/runner/work/ratis/ratis/ratis-test/target/test/data/1e4ee837/MiniRaftClusterWithGrpc1ac7a51/s0/dc363074-9e67-4218-8fb9-56e102abe30f/sm
2023-12-13 16:20:23,325 [s0-groupManagement] TRACE util.FileUtils (LogUtils.java:supplyAndLog(69)) - Successfully supplied FileChannel.open /home/runner/work/ratis/ratis/ratis-test/target/test/data/1e4ee837/MiniRaftClusterWithGrpc1ac7a51/s0/dc363074-9e67-4218-8fb9-56e102abe30f/current/raft-meta.tmp with options [CREATE, WRITE]: sun.nio.ch.FileChannelImpl@298683e9
2023-12-13 16:20:23,327 [s0-groupManagement] TRACE util.FileUtils (LogUtils.java:runAndLog(49)) - Successfully ran Atomic Files.move /home/runner/work/ratis/ratis/ratis-test/target/test/data/1e4ee837/MiniRaftClusterWithGrpc1ac7a51/s0/dc363074-9e67-4218-8fb9-56e102abe30f/current/raft-meta.tmp to /home/runner/work/ratis/ratis/ratis-test/target/test/data/1e4ee837/MiniRaftClusterWithGrpc1ac7a51/s0/dc363074-9e67-4218-8fb9-56e102abe30f/current/raft-meta with options [REPLACE_EXISTING]
2023-12-13 16:20:23,327 [s0-groupManagement] INFO  storage.RaftStorage (RaftStorageImpl.java:format(99)) - Storage directory /home/runner/work/ratis/ratis/ratis-test/target/test/data/1e4ee837/MiniRaftClusterWithGrpc1ac7a51/s0/dc363074-9e67-4218-8fb9-56e102abe30f has been successfully formatted.
2023-12-13 16:20:23,327 [s0-groupManagement] TRACE util.FileUtils (LogUtils.java:supplyAndLog(61)) - Failed to Files.newInputStream /home/runner/work/ratis/ratis/ratis-test/target/test/data/1e4ee837/MiniRaftClusterWithGrpc1ac7a51/s0/dc363074-9e67-4218-8fb9-56e102abe30f/current/raft-meta.conf with options []
java.nio.file.NoSuchFileException: /home/runner/work/ratis/ratis/ratis-test/target/test/data/1e4ee837/MiniRaftClusterWithGrpc1ac7a51/s0/dc363074-9e67-4218-8fb9-56e102abe30f/current/raft-meta.conf
	at java.base/sun.nio.fs.UnixException.translateToIOException(UnixException.java:92)
	at java.base/sun.nio.fs.UnixException.rethrowAsIOException(UnixException.java:111)
	at java.base/sun.nio.fs.UnixException.rethrowAsIOException(UnixException.java:116)
	at java.base/sun.nio.fs.UnixFileSystemProvider.newByteChannel(UnixFileSystemProvider.java:219)
	at java.base/java.nio.file.Files.newByteChannel(Files.java:371)
	at java.base/java.nio.file.Files.newByteChannel(Files.java:422)
	at java.base/java.nio.file.spi.FileSystemProvider.newInputStream(FileSystemProvider.java:420)
	at java.base/java.nio.file.Files.newInputStream(Files.java:156)
	at org.apache.ratis.util.FileUtils.lambda$newInputStream$2(FileUtils.java:73)
	at org.apache.ratis.util.LogUtils.supplyAndLog(LogUtils.java:58)
	at org.apache.ratis.util.FileUtils.newInputStream(FileUtils.java:72)
	at org.apache.ratis.util.FileUtils.newInputStream(FileUtils.java:68)
	at org.apache.ratis.server.storage.RaftStorageImpl.readRaftConfiguration(RaftStorageImpl.java:156)
	at org.apache.ratis.server.impl.ServerState.initialize(ServerState.java:141)
	at org.apache.ratis.server.impl.RaftServerImpl.start(RaftServerImpl.java:388)
	at org.apache.ratis.server.impl.RaftServerProxy.lambda$groupAddAsync$13(RaftServerProxy.java:509)
	at java.base/java.util.concurrent.CompletableFuture$UniApply.tryFire(CompletableFuture.java:642)
	at java.base/java.util.concurrent.CompletableFuture$Completion.run(CompletableFuture.java:478)
	at java.base/java.util.concurrent.ThreadPoolExecutor.runWorker(ThreadPoolExecutor.java:1128)
	at java.base/java.util.concurrent.ThreadPoolExecutor$Worker.run(ThreadPoolExecutor.java:628)
	at java.base/java.lang.Thread.run(Thread.java:829)
2023-12-13 16:20:23,328 [s0-groupManagement] INFO  server.RaftServerConfigKeys (ConfUtils.java:logGet(46)) - raft.server.log.use.memory = false (default)
2023-12-13 16:20:23,328 [s0-groupManagement] INFO  server.RaftServerConfigKeys (ConfUtils.java:logGet(46)) - raft.server.log.purge.gap = 1024 (default)
2023-12-13 16:20:23,328 [s0-groupManagement] INFO  server.RaftServerConfigKeys (ConfUtils.java:logGet(46)) - raft.server.log.appender.buffer.byte-limit = 4MB (=4194304) (default)
2023-12-13 16:20:23,328 [s0-groupManagement] INFO  server.RaftServerConfigKeys (ConfUtils.java:logGet(46)) - raft.server.log.statemachine.data.read.timeout = 1000ms (default)
2023-12-13 16:20:23,328 [s0-groupManagement] INFO  server.RaftServerConfigKeys (ConfUtils.java:logGet(46)) - raft.server.log.purge.preservation.log.num = 0 (default)
2023-12-13 16:20:23,330 [s0-groupManagement] INFO  server.RaftServerConfigKeys (ConfUtils.java:logGet(46)) - raft.server.log.segment.size.max = 32MB (=33554432) (default)
2023-12-13 16:20:23,330 [s0-groupManagement] INFO  server.RaftServerConfigKeys (ConfUtils.java:logGet(46)) - raft.server.log.segment.cache.num.max = 6 (default)
2023-12-13 16:20:23,330 [s0-groupManagement] INFO  server.RaftServerConfigKeys (ConfUtils.java:logGet(46)) - raft.server.log.segment.cache.size.max = 200MB (=209715200) (default)
2023-12-13 16:20:23,330 [s0-groupManagement] INFO  server.RaftServerConfigKeys (ConfUtils.java:logGet(46)) - raft.server.log.appender.buffer.byte-limit = 4MB (=4194304) (default)
2023-12-13 16:20:23,330 [s0-groupManagement] INFO  util.AwaitToRun (AwaitToRun.java:start(81)) - Thread[s0@group-56E102ABE30F-cacheEviction-AwaitToRun,5,main] started
2023-12-13 16:20:23,331 [s0-groupManagement] INFO  segmented.SegmentedRaftLogWorker (SegmentedRaftLogWorker.java:<init>(182)) - new s0@group-56E102ABE30F-SegmentedRaftLogWorker for RaftStorageImpl:Storage Directory /home/runner/work/ratis/ratis/ratis-test/target/test/data/1e4ee837/MiniRaftClusterWithGrpc1ac7a51/s0/dc363074-9e67-4218-8fb9-56e102abe30f
2023-12-13 16:20:23,331 [s0-groupManagement] INFO  server.RaftServerConfigKeys (ConfUtils.java:logGet(46)) - raft.server.log.queue.byte-limit = 64MB (=67108864) (default)
2023-12-13 16:20:23,331 [s0-groupManagement] INFO  server.RaftServerConfigKeys (ConfUtils.java:logGet(46)) - raft.server.log.queue.element-limit = 4096 (default)
2023-12-13 16:20:23,331 [s0-groupManagement] INFO  server.RaftServerConfigKeys (ConfUtils.java:logGet(46)) - raft.server.log.segment.size.max = 32MB (=33554432) (default)
2023-12-13 16:20:23,331 [s0-groupManagement] INFO  server.RaftServerConfigKeys (ConfUtils.java:logGet(46)) - raft.server.log.preallocated.size = 4MB (=4194304) (default)
2023-12-13 16:20:23,331 [s0-groupManagement] INFO  server.RaftServerConfigKeys (ConfUtils.java:logGet(46)) - raft.server.log.force.sync.num = 128 (default)
2023-12-13 16:20:23,332 [s0-groupManagement] INFO  server.RaftServerConfigKeys (ConfUtils.java:logGet(46)) - raft.server.log.statemachine.data.sync = true (default)
2023-12-13 16:20:23,332 [s0-groupManagement] INFO  server.RaftServerConfigKeys (ConfUtils.java:logGet(46)) - raft.server.log.statemachine.data.sync.timeout = 10s (default)
2023-12-13 16:20:23,332 [s0-groupManagement] INFO  server.RaftServerConfigKeys (ConfUtils.java:logGet(46)) - raft.server.log.statemachine.data.sync.timeout.retry = -1 (default)
2023-12-13 16:20:23,332 [s0-groupManagement] INFO  server.RaftServerConfigKeys (ConfUtils.java:logGet(46)) - raft.server.log.write.buffer.size = 8MB (=8388608) (default)
2023-12-13 16:20:23,334 [s0-groupManagement] INFO  server.RaftServerConfigKeys (ConfUtils.java:logGet(46)) - raft.server.log.appender.buffer.byte-limit = 4MB (=4194304) (default)
2023-12-13 16:20:23,334 [s0-groupManagement] INFO  server.RaftServerConfigKeys (ConfUtils.java:logGet(46)) - raft.server.log.unsafe-flush.enabled = false (default)
2023-12-13 16:20:23,335 [s0-groupManagement] INFO  server.RaftServerConfigKeys (ConfUtils.java:logGet(46)) - raft.server.log.async-flush.enabled = false (default)
2023-12-13 16:20:23,335 [s0-groupManagement] INFO  server.RaftServerConfigKeys (ConfUtils.java:logGet(46)) - raft.server.log.statemachine.data.caching.enabled = false (default)
2023-12-13 16:20:23,335 [s0-groupManagement] INFO  segmented.SegmentedRaftLogWorker (SegmentedRaftLogWorker.java:lambda$new$0(134)) - s0@group-56E102ABE30F-SegmentedRaftLogWorker: flushIndex: setUnconditionally 0 -> -1
2023-12-13 16:20:23,335 [s0-groupManagement] INFO  segmented.SegmentedRaftLogWorker (SegmentedRaftLogWorker.java:lambda$new$0(134)) - s0@group-56E102ABE30F-SegmentedRaftLogWorker: safeCacheEvictIndex: setUnconditionally 0 -> -1
2023-12-13 16:20:23,335 [s0-groupManagement] INFO  server.RaftServer$Division (RaftServerImpl.java:start(392)) - s0@group-56E102ABE30F: start as a follower, conf=-1: peers:[s0|0.0.0.0:37225]|listeners:[], old=null
2023-12-13 16:20:23,336 [s0-groupManagement] INFO  server.RaftServer$Division (RaftServerImpl.java:setRole(379)) - s0@group-56E102ABE30F: changes role from      null to FOLLOWER at term 0 for startAsFollower
2023-12-13 16:20:23,336 [s0-groupManagement] INFO  impl.RoleInfo (RoleInfo.java:updateAndGet(139)) - s0: start s0@group-56E102ABE30F-FollowerState
2023-12-13 16:20:23,336 [s0@group-56E102ABE30F-FollowerState] INFO  server.RaftServerConfigKeys (ConfUtils.java:logFallback(53)) - raft.server.rpc.first-election.timeout.min = 1500ms (fallback to raft.server.rpc.timeout.min)
2023-12-13 16:20:23,336 [s0-groupManagement] INFO  util.JmxRegister (JmxRegister.java:tryRegister(44)) - Successfully registered JMX Bean with object name Ratis:service=RaftServer,group=group-56E102ABE30F,id=s0
2023-12-13 16:20:23,336 [s0@group-56E102ABE30F-FollowerState] INFO  server.RaftServerConfigKeys (ConfUtils.java:logFallback(53)) - raft.server.rpc.first-election.timeout.max = 2000ms (fallback to raft.server.rpc.timeout.max)
2023-12-13 16:20:23,336 [s0-groupManagement] INFO  server.RaftServerConfigKeys (ConfUtils.java:logGet(46)) - raft.server.snapshot.trigger-when-stop.enabled = true (default)
2023-12-13 16:20:23,337 [s0-groupManagement] INFO  server.RaftServerConfigKeys (ConfUtils.java:logGet(46)) - raft.server.snapshot.auto.trigger.enabled = false (default)
2023-12-13 16:20:23,337 [s0-groupManagement] INFO  server.RaftServerConfigKeys (ConfUtils.java:logGet(46)) - raft.server.snapshot.retention.file.num = -1 (default)
2023-12-13 16:20:23,337 [s0-groupManagement] INFO  server.RaftServerConfigKeys (ConfUtils.java:logGet(46)) - raft.server.log.purge.upto.snapshot.index = false (default)
2023-12-13 16:20:23,370 [grpc-default-executor-0] INFO  server.RaftServer (RaftServerProxy.java:remove(111)) - s0: remove  FOLLOWER s0@group-56E102ABE30F:t0, leader=null, voted=, raftlog=Memoized:s0@group-56E102ABE30F-SegmentedRaftLog:OPENED:c-1, conf=-1: peers:[s0|0.0.0.0:37225]|listeners:[], old=null RUNNING
2023-12-13 16:20:23,371 [grpc-default-executor-0] INFO  server.RaftServer$Division (RaftServerImpl.java:lambda$close$3(516)) - s0@group-56E102ABE30F: shutdown
2023-12-13 16:20:23,371 [grpc-default-executor-0] INFO  util.JmxRegister (JmxRegister.java:unregister(73)) - Successfully un-registered JMX Bean with object name Ratis:service=RaftServer,group=group-56E102ABE30F,id=s0
2023-12-13 16:20:23,371 [grpc-default-executor-0] INFO  impl.RoleInfo (RoleInfo.java:shutdownFollowerState(110)) - s0: shutdown s0@group-56E102ABE30F-FollowerState
2023-12-13 16:20:23,371 [s0@group-56E102ABE30F-FollowerState] INFO  impl.FollowerState (FollowerState.java:run(152)) - s0@group-56E102ABE30F-FollowerState was interrupted
2023-12-13 16:20:23,371 [grpc-default-executor-0] INFO  impl.StateMachineUpdater (StateMachineUpdater.java:stopAndJoin(157)) - s0@group-56E102ABE30F-StateMachineUpdater: set stopIndex = -1
2023-12-13 16:20:23,373 [grpc-default-executor-0] INFO  server.RaftServer$Division (ServerState.java:close(423)) - s0@group-56E102ABE30F: applyIndex: -1
2023-12-13 16:20:23,374 [s0@group-56E102ABE30F-cacheEviction-AwaitToRun] INFO  util.AwaitToRun (AwaitToRun.java:run(49)) - s0@group-56E102ABE30F-cacheEviction-AwaitToRun-AwaitForSignal is interrupted
2023-12-13 16:20:24,336 [grpc-default-executor-0] INFO  segmented.SegmentedRaftLogWorker (SegmentedRaftLogWorker.java:close(245)) - s0@group-56E102ABE30F-SegmentedRaftLogWorker close()
2023-12-13 16:20:24,338 [grpc-default-executor-0] TRACE util.FileUtils (FileUtils.java:deleteFully(305)) - deleteFully /home/runner/work/ratis/ratis/ratis-test/target/test/data/1e4ee837/MiniRaftClusterWithGrpc1ac7a51/s0/dc363074-9e67-4218-8fb9-56e102abe30f
2023-12-13 16:20:24,339 [grpc-default-executor-0] TRACE util.FileUtils (LogUtils.java:runAndLog(49)) - Successfully ran Files.delete /home/runner/work/ratis/ratis/ratis-test/target/test/data/1e4ee837/MiniRaftClusterWithGrpc1ac7a51/s0/dc363074-9e67-4218-8fb9-56e102abe30f/sm
2023-12-13 16:20:24,339 [grpc-default-executor-0] TRACE util.FileUtils (LogUtils.java:runAndLog(49)) - Successfully ran Files.delete /home/runner/work/ratis/ratis/ratis-test/target/test/data/1e4ee837/MiniRaftClusterWithGrpc1ac7a51/s0/dc363074-9e67-4218-8fb9-56e102abe30f/in_use.lock
2023-12-13 16:20:24,340 [grpc-default-executor-0] TRACE util.FileUtils (LogUtils.java:runAndLog(49)) - Successfully ran Files.delete /home/runner/work/ratis/ratis/ratis-test/target/test/data/1e4ee837/MiniRaftClusterWithGrpc1ac7a51/s0/dc363074-9e67-4218-8fb9-56e102abe30f/current/raft-meta
2023-12-13 16:20:24,340 [grpc-default-executor-0] TRACE util.FileUtils (LogUtils.java:runAndLog(49)) - Successfully ran Files.delete /home/runner/work/ratis/ratis/ratis-test/target/test/data/1e4ee837/MiniRaftClusterWithGrpc1ac7a51/s0/dc363074-9e67-4218-8fb9-56e102abe30f/current
2023-12-13 16:20:24,340 [grpc-default-executor-0] TRACE util.FileUtils (LogUtils.java:runAndLog(49)) - Successfully ran Files.delete /home/runner/work/ratis/ratis/ratis-test/target/test/data/1e4ee837/MiniRaftClusterWithGrpc1ac7a51/s0/dc363074-9e67-4218-8fb9-56e102abe30f
2023-12-13 16:20:24,340 [grpc-default-executor-0] INFO  server.RaftServer$Division (RaftServerImpl.java:groupRemove(486)) - s0@group-56E102ABE30F: Succeed to remove RaftStorageDirectory Storage Directory /home/runner/work/ratis/ratis/ratis-test/target/test/data/1e4ee837/MiniRaftClusterWithGrpc1ac7a51/s0/dc363074-9e67-4218-8fb9-56e102abe30f
2023-12-13 16:20:24,343 [Time-limited test] INFO  impl.MiniRaftCluster (MiniRaftCluster.java:shutdown(831)) - ************************************************************** 
2023-12-13 16:20:24,343 [Time-limited test] INFO  impl.MiniRaftCluster (MiniRaftCluster.java:shutdown(832)) - *** 
2023-12-13 16:20:24,343 [Time-limited test] INFO  impl.MiniRaftCluster (MiniRaftCluster.java:shutdown(833)) - ***     Stopping MiniRaftClusterWithGrpc
2023-12-13 16:20:24,343 [Time-limited test] INFO  impl.MiniRaftCluster (MiniRaftCluster.java:shutdown(834)) - *** 
2023-12-13 16:20:24,343 [Time-limited test] INFO  impl.MiniRaftCluster (MiniRaftCluster.java:shutdown(835)) - ************************************************************** 
2023-12-13 16:20:24,344 [Time-limited test] INFO  impl.MiniRaftCluster (MiniRaftCluster.java:shutdown(836)) - printing ALL groups
  s0:  RUNNING  FOLLOWER s0@group-1FE16B4BA7BF:t0, leader=null, voted=, raftlog=Memoized:s0@group-1FE16B4BA7BF-SegmentedRaftLog:OPENED:c-1, conf=-1: peers:[s0|localhost:37225]|listeners:[], old=null RUNNING
2023-12-13 16:20:24,345 [MiniRaftCluster-1] INFO  server.RaftServer (RaftServerProxy.java:lambda$close$9(416)) - s0: close
2023-12-13 16:20:24,346 [s0-impl-thread1] INFO  server.RaftServer$Division (RaftServerImpl.java:lambda$close$3(516)) - s0@group-1FE16B4BA7BF: shutdown
2023-12-13 16:20:24,346 [s0-impl-thread1] INFO  util.JmxRegister (JmxRegister.java:unregister(73)) - Successfully un-registered JMX Bean with object name Ratis:service=RaftServer,group=group-1FE16B4BA7BF,id=s0
2023-12-13 16:20:24,346 [MiniRaftCluster-1] INFO  server.GrpcService (GrpcService.java:closeImpl(311)) - s0: shutdown server org.apache.ratis.grpc.server.GrpcClientProtocolService now
2023-12-13 16:20:24,346 [s0-impl-thread1] INFO  impl.RoleInfo (RoleInfo.java:shutdownFollowerState(110)) - s0: shutdown s0@group-1FE16B4BA7BF-FollowerState
2023-12-13 16:20:24,346 [s0-impl-thread1] INFO  impl.StateMachineUpdater (StateMachineUpdater.java:stopAndJoin(157)) - s0@group-1FE16B4BA7BF-StateMachineUpdater: set stopIndex = -1
2023-12-13 16:20:24,346 [s0@group-1FE16B4BA7BF-FollowerState] INFO  impl.FollowerState (FollowerState.java:run(152)) - s0@group-1FE16B4BA7BF-FollowerState was interrupted
2023-12-13 16:20:24,347 [s0-impl-thread1] INFO  server.RaftServer$Division (ServerState.java:close(423)) - s0@group-1FE16B4BA7BF: applyIndex: -1
2023-12-13 16:20:24,347 [s0@group-1FE16B4BA7BF-cacheEviction-AwaitToRun] INFO  util.AwaitToRun (AwaitToRun.java:run(49)) - s0@group-1FE16B4BA7BF-cacheEviction-AwaitToRun-AwaitForSignal is interrupted
2023-12-13 16:20:24,350 [MiniRaftCluster-1] INFO  server.GrpcService (GrpcService.java:closeImpl(320)) - s0: shutdown server org.apache.ratis.grpc.server.GrpcClientProtocolService successfully
2023-12-13 16:20:24,350 [MiniRaftCluster-1] INFO  server.GrpcService (GrpcService.java:closeImpl(311)) - s0: shutdown server GrpcServerProtocolService now
2023-12-13 16:20:24,351 [MiniRaftCluster-1] INFO  server.GrpcService (GrpcService.java:closeImpl(320)) - s0: shutdown server GrpcServerProtocolService successfully
2023-12-13 16:20:24,351 [MiniRaftCluster-1] INFO  server.GrpcService (GrpcService.java:closeImpl(311)) - s0: shutdown server org.apache.ratis.grpc.server.GrpcAdminProtocolService now
2023-12-13 16:20:24,352 [MiniRaftCluster-1] INFO  server.GrpcService (GrpcService.java:closeImpl(320)) - s0: shutdown server org.apache.ratis.grpc.server.GrpcAdminProtocolService successfully
2023-12-13 16:20:25,034 [s0-impl-thread1] INFO  segmented.SegmentedRaftLogWorker (SegmentedRaftLogWorker.java:close(245)) - s0@group-1FE16B4BA7BF-SegmentedRaftLogWorker close()
2023-12-13 16:20:25,035 [JvmPauseMonitor0] INFO  util.JvmPauseMonitor (JvmPauseMonitor.java:run(152)) - JvmPauseMonitor-s0: Stopped
2023-12-13 16:20:25,036 [Time-limited test] INFO  impl.MiniRaftCluster (MiniRaftCluster.java:shutdown(855)) - MiniRaftClusterWithGrpc shutdown completed
2023-12-13 16:20:25,036 [Time-limited test] INFO  impl.MiniRaftCluster (MiniRaftCluster.java:newRaftServer(382)) - newRaftServer: s0, group-1FE16B4BA7BF:[s0|localhost:37225], format? false
2023-12-13 16:20:25,036 [Time-limited test] DEBUG server.RaftServer (ServerImplUtils.java:newRaftServer(51)) - newRaftServer: s0, group-1FE16B4BA7BF:[s0|localhost:37225]
2023-12-13 16:20:25,036 [Time-limited test] INFO  server.RaftServer (ConfUtils.java:logGet(46)) - raft.rpc.type = GRPC (default)
2023-12-13 16:20:25,036 [Time-limited test] INFO  grpc.GrpcConfigKeys (ConfUtils.java:logFallback(53)) - raft.grpc.admin.host = null (fallback to raft.grpc.server.host)
2023-12-13 16:20:25,037 [Time-limited test] INFO  grpc.GrpcConfigKeys (ConfUtils.java:logGet(46)) - raft.grpc.admin.port = 44495 (custom)
2023-12-13 16:20:25,037 [Time-limited test] INFO  grpc.GrpcConfigKeys (ConfUtils.java:logFallback(53)) - raft.grpc.client.host = null (fallback to raft.grpc.server.host)
2023-12-13 16:20:25,037 [Time-limited test] INFO  grpc.GrpcConfigKeys (ConfUtils.java:logGet(46)) - raft.grpc.client.port = 41029 (custom)
2023-12-13 16:20:25,037 [Time-limited test] INFO  grpc.GrpcConfigKeys (ConfUtils.java:logGet(46)) - raft.grpc.server.host = null (default)
2023-12-13 16:20:25,037 [Time-limited test] INFO  grpc.GrpcConfigKeys (ConfUtils.java:logGet(46)) - raft.grpc.server.port = 37225 (custom)
2023-12-13 16:20:25,037 [Time-limited test] INFO  server.GrpcService (ConfUtils.java:logGet(46)) - raft.grpc.message.size.max = 64MB (=67108864) (default)
2023-12-13 16:20:25,037 [Time-limited test] INFO  server.RaftServerConfigKeys (ConfUtils.java:logGet(46)) - raft.server.log.appender.buffer.byte-limit = 4MB (=4194304) (default)
2023-12-13 16:20:25,037 [Time-limited test] INFO  server.GrpcService (ConfUtils.java:logGet(46)) - raft.grpc.flow.control.window = 1MB (=1048576) (default)
2023-12-13 16:20:25,037 [Time-limited test] INFO  server.RaftServerConfigKeys (ConfUtils.java:logGet(46)) - raft.server.rpc.request.timeout = 3000ms (default)
2023-12-13 16:20:25,037 [Time-limited test] INFO  grpc.GrpcConfigKeys (ConfUtils.java:logGet(46)) - raft.grpc.server.heartbeat.channel = true (default)
2023-12-13 16:20:25,038 [Time-limited test] INFO  grpc.GrpcConfigKeys (ConfUtils.java:logGet(46)) - raft.grpc.server.async.request.thread.pool.cached = true (default)
2023-12-13 16:20:25,038 [Time-limited test] INFO  grpc.GrpcConfigKeys (ConfUtils.java:logGet(46)) - raft.grpc.server.async.request.thread.pool.size = 32 (default)
2023-12-13 16:20:25,039 [Time-limited test] INFO  impl.DataStreamServerImpl (ConfUtils.java:logGet(46)) - raft.datastream.type = DISABLED (default)
2023-12-13 16:20:25,039 [Time-limited test] INFO  server.RaftServerConfigKeys (ConfUtils.java:logGet(46)) - raft.server.sleep.deviation.threshold = 300ms (default)
2023-12-13 16:20:25,039 [Time-limited test] INFO  server.RaftServerConfigKeys (ConfUtils.java:logGet(46)) - raft.server.close.threshold = 60s (default)
2023-12-13 16:20:25,039 [Time-limited test] INFO  server.RaftServerConfigKeys (ConfUtils.java:logGet(46)) - raft.server.leaderelection.leader.step-down.wait-time = 10s (default)
2023-12-13 16:20:25,039 [Time-limited test] INFO  server.RaftServerConfigKeys (ConfUtils.java:logGet(46)) - raft.server.storage.dir = [/home/runner/work/ratis/ratis/ratis-test/target/test/data/1e4ee837/MiniRaftClusterWithGrpc1ac7a51/s0] (custom)
2023-12-13 16:20:25,039 [Time-limited test] INFO  server.RaftServerConfigKeys (ConfUtils.java:logGet(46)) - raft.server.threadpool.proxy.cached = true (default)
2023-12-13 16:20:25,039 [Time-limited test] INFO  server.RaftServerConfigKeys (ConfUtils.java:logGet(46)) - raft.server.threadpool.proxy.size = 0 (default)
2023-12-13 16:20:25,040 [s0-impl-thread1] INFO  server.RaftServer (RaftServerProxy.java:initGroupDir(264)) - s0: found a subdirectory /home/runner/work/ratis/ratis/ratis-test/target/test/data/1e4ee837/MiniRaftClusterWithGrpc1ac7a51/s0/af42820b-e886-41e2-aeab-1fe16b4ba7bf
2023-12-13 16:20:25,040 [Time-limited test] INFO  server.RaftServer (RaftServerProxy.java:addNew(100)) - s0: addNew group-1FE16B4BA7BF:[s0|localhost:37225] returns group-1FE16B4BA7BF:java.util.concurrent.CompletableFuture@423e792d[Not completed]
2023-12-13 16:20:25,040 [s0-groupManagement] INFO  server.RaftServer$Division (RaftServerImpl.java:<init>(256)) - s0: new RaftServerImpl for group-1FE16B4BA7BF:[s0|localhost:37225] with BaseStateMachine:uninitialized
2023-12-13 16:20:25,040 [Time-limited test] INFO  impl.MiniRaftCluster (MiniRaftCluster.java:start(339)) - .............................................................. 
2023-12-13 16:20:25,040 [Time-limited test] INFO  impl.MiniRaftCluster (MiniRaftCluster.java:start(340)) - ... 
2023-12-13 16:20:25,040 [s0-groupManagement] INFO  server.RaftServerConfigKeys (ConfUtils.java:logGet(46)) - raft.server.rpc.timeout.min = 1500ms (custom)
2023-12-13 16:20:25,041 [Time-limited test] INFO  impl.MiniRaftCluster (MiniRaftCluster.java:start(341)) - ...     Starting MiniRaftClusterWithGrpc
2023-12-13 16:20:25,041 [s0-groupManagement] INFO  server.RaftServerConfigKeys (ConfUtils.java:logGet(46)) - raft.server.rpc.timeout.max = 2000ms (custom)
2023-12-13 16:20:25,041 [Time-limited test] INFO  impl.MiniRaftCluster (MiniRaftCluster.java:start(342)) - ... 
2023-12-13 16:20:25,041 [s0-groupManagement] INFO  server.RaftServerConfigKeys (ConfUtils.java:logGet(46)) - raft.server.rpc.sleep.time = 25ms (default)
2023-12-13 16:20:25,041 [Time-limited test] INFO  impl.MiniRaftCluster (MiniRaftCluster.java:start(343)) - .............................................................. 
2023-12-13 16:20:25,041 [s0-groupManagement] INFO  server.RaftServerConfigKeys (ConfUtils.java:logGet(46)) - raft.server.rpc.slowness.timeout = 60s (default)
2023-12-13 16:20:25,041 [Time-limited test] INFO  impl.MiniRaftCluster (MiniRaftCluster.java:initServers(318)) - servers = {s0=s0:      NEW group-1FE16B4BA7BF:java.util.concurrent.CompletableFuture@423e792d[Not completed]}
2023-12-13 16:20:25,041 [s0-groupManagement] INFO  server.RaftServerConfigKeys (ConfUtils.java:logGet(46)) - raft.server.leaderelection.leader.step-down.wait-time = 10s (default)
2023-12-13 16:20:25,041 [s0-groupManagement] INFO  server.RaftServerConfigKeys (ConfUtils.java:logGet(46)) - raft.server.leaderelection.member.majority-add = false (default)
2023-12-13 16:20:25,041 [s0-groupManagement] INFO  server.RaftServerConfigKeys (ConfUtils.java:logGet(46)) - raft.server.sleep.deviation.threshold = 300ms (default)
2023-12-13 16:20:25,041 [s0-groupManagement] INFO  server.RaftServer$Division (ServerState.java:<init>(113)) - s0@group-1FE16B4BA7BF: ConfigurationManager, init=-1: peers:[s0|localhost:37225]|listeners:[], old=null, confs=<EMPTY_MAP>
2023-12-13 16:20:25,042 [s0-groupManagement] INFO  server.RaftServerConfigKeys (ConfUtils.java:logGet(46)) - raft.server.notification.no-leader.timeout = 60s (default)
2023-12-13 16:20:25,042 [s0-groupManagement] INFO  server.RaftServerConfigKeys (ConfUtils.java:logGet(46)) - raft.server.read.timeout = 10s (default)
2023-12-13 16:20:25,042 [s0-groupManagement] INFO  server.RaftServerConfigKeys (ConfUtils.java:logGet(46)) - raft.server.retrycache.expirytime = 60s (default)
2023-12-13 16:20:25,042 [s0-groupManagement] INFO  server.RaftServerConfigKeys (ConfUtils.java:logGet(46)) - raft.server.retrycache.statistics.expirytime = 100ms (default)
2023-12-13 16:20:25,042 [s0-groupManagement] INFO  server.RaftServerConfigKeys (ConfUtils.java:logGet(46)) - raft.server.read.option = DEFAULT (default)
2023-12-13 16:20:25,042 [s0-groupManagement] INFO  server.RaftServerConfigKeys (ConfUtils.java:logGet(46)) - raft.server.read.read-after-write-consistent.write-index-cache.expiry-time = 60s (default)
2023-12-13 16:20:25,044 [s0-groupManagement] INFO  server.RaftServerConfigKeys (ConfUtils.java:logGet(46)) - raft.server.rpc.request.timeout = 3000ms (default)
2023-12-13 16:20:25,044 [s0-groupManagement] INFO  server.RaftServerConfigKeys (ConfUtils.java:logGet(46)) - raft.server.log.appender.install.snapshot.enabled = true (default)
2023-12-13 16:20:25,044 [s0-groupManagement] INFO  server.RaftServerConfigKeys (ConfUtils.java:logGet(46)) - raft.server.threadpool.server.cached = true (default)
2023-12-13 16:20:25,044 [s0-groupManagement] INFO  server.RaftServerConfigKeys (ConfUtils.java:logGet(46)) - raft.server.threadpool.server.size = 0 (default)
2023-12-13 16:20:25,044 [s0-groupManagement] INFO  server.RaftServerConfigKeys (ConfUtils.java:logGet(46)) - raft.server.threadpool.client.cached = true (default)
2023-12-13 16:20:25,044 [s0-groupManagement] INFO  server.RaftServerConfigKeys (ConfUtils.java:logGet(46)) - raft.server.threadpool.client.size = 0 (default)
2023-12-13 16:20:25,044 [s0-impl-thread1] INFO  server.RaftServerConfigKeys (ConfUtils.java:logGet(46)) - raft.server.storage.free-space.min = 0MB (=0) (default)
2023-12-13 16:20:25,044 [s0-impl-thread1] INFO  server.RaftServerConfigKeys (ConfUtils.java:logGet(46)) - raft.server.log.corruption.policy = EXCEPTION (default)
2023-12-13 16:20:25,044 [s0-impl-thread1] INFO  server.RaftServerConfigKeys (ConfUtils.java:logGet(46)) - raft.server.storage.dir = [/home/runner/work/ratis/ratis/ratis-test/target/test/data/1e4ee837/MiniRaftClusterWithGrpc1ac7a51/s0] (custom)
2023-12-13 16:20:25,045 [s0-impl-thread1] INFO  storage.RaftStorageDirectory (RaftStorageDirectoryImpl.java:tryLock(228)) - Lock on /home/runner/work/ratis/ratis/ratis-test/target/test/data/1e4ee837/MiniRaftClusterWithGrpc1ac7a51/s0/af42820b-e886-41e2-aeab-1fe16b4ba7bf/in_use.lock acquired by nodename 10819@fv-az890-872
2023-12-13 16:20:25,046 [s0-impl-thread1] TRACE util.FileUtils (LogUtils.java:runAndLog(49)) - Successfully ran Files.deleteIfExists /home/runner/work/ratis/ratis/ratis-test/target/test/data/1e4ee837/MiniRaftClusterWithGrpc1ac7a51/s0/af42820b-e886-41e2-aeab-1fe16b4ba7bf/current/raft-meta.tmp
2023-12-13 16:20:25,046 [s0-impl-thread1] TRACE util.FileUtils (LogUtils.java:supplyAndLog(69)) - Successfully supplied Files.newInputStream /home/runner/work/ratis/ratis/ratis-test/target/test/data/1e4ee837/MiniRaftClusterWithGrpc1ac7a51/s0/af42820b-e886-41e2-aeab-1fe16b4ba7bf/current/raft-meta with options []: sun.nio.ch.ChannelInputStream@2579fda4
2023-12-13 16:20:25,046 [s0-impl-thread1] INFO  storage.RaftStorage (RaftStorageImpl.java:analyzeAndRecoverStorage(119)) - Read RaftStorageMetadata{term=0, votedFor=} from /home/runner/work/ratis/ratis/ratis-test/target/test/data/1e4ee837/MiniRaftClusterWithGrpc1ac7a51/s0/af42820b-e886-41e2-aeab-1fe16b4ba7bf/current/raft-meta
2023-12-13 16:20:25,047 [s0-impl-thread1] TRACE util.FileUtils (LogUtils.java:supplyAndLog(61)) - Failed to Files.newInputStream /home/runner/work/ratis/ratis/ratis-test/target/test/data/1e4ee837/MiniRaftClusterWithGrpc1ac7a51/s0/af42820b-e886-41e2-aeab-1fe16b4ba7bf/current/raft-meta.conf with options []
java.nio.file.NoSuchFileException: /home/runner/work/ratis/ratis/ratis-test/target/test/data/1e4ee837/MiniRaftClusterWithGrpc1ac7a51/s0/af42820b-e886-41e2-aeab-1fe16b4ba7bf/current/raft-meta.conf
	at java.base/sun.nio.fs.UnixException.translateToIOException(UnixException.java:92)
	at java.base/sun.nio.fs.UnixException.rethrowAsIOException(UnixException.java:111)
	at java.base/sun.nio.fs.UnixException.rethrowAsIOException(UnixException.java:116)
	at java.base/sun.nio.fs.UnixFileSystemProvider.newByteChannel(UnixFileSystemProvider.java:219)
	at java.base/java.nio.file.Files.newByteChannel(Files.java:371)
	at java.base/java.nio.file.Files.newByteChannel(Files.java:422)
	at java.base/java.nio.file.spi.FileSystemProvider.newInputStream(FileSystemProvider.java:420)
	at java.base/java.nio.file.Files.newInputStream(Files.java:156)
	at org.apache.ratis.util.FileUtils.lambda$newInputStream$2(FileUtils.java:73)
	at org.apache.ratis.util.LogUtils.supplyAndLog(LogUtils.java:58)
	at org.apache.ratis.util.FileUtils.newInputStream(FileUtils.java:72)
	at org.apache.ratis.util.FileUtils.newInputStream(FileUtils.java:68)
	at org.apache.ratis.server.storage.RaftStorageImpl.readRaftConfiguration(RaftStorageImpl.java:156)
	at org.apache.ratis.server.impl.ServerState.initialize(ServerState.java:141)
	at org.apache.ratis.server.impl.RaftServerImpl.start(RaftServerImpl.java:388)
	at org.apache.ratis.util.ConcurrentUtils.accept(ConcurrentUtils.java:203)
	at org.apache.ratis.util.ConcurrentUtils.lambda$parallelForEachAsync$4(ConcurrentUtils.java:182)
	at java.base/java.util.concurrent.ThreadPoolExecutor.runWorker(ThreadPoolExecutor.java:1128)
	at java.base/java.util.concurrent.ThreadPoolExecutor$Worker.run(ThreadPoolExecutor.java:628)
	at java.base/java.lang.Thread.run(Thread.java:829)
2023-12-13 16:20:25,047 [s0-impl-thread1] INFO  server.RaftServerConfigKeys (ConfUtils.java:logGet(46)) - raft.server.log.use.memory = false (default)
2023-12-13 16:20:25,047 [s0-impl-thread1] INFO  server.RaftServerConfigKeys (ConfUtils.java:logGet(46)) - raft.server.log.purge.gap = 1024 (default)
2023-12-13 16:20:25,047 [s0-impl-thread1] INFO  server.RaftServerConfigKeys (ConfUtils.java:logGet(46)) - raft.server.log.appender.buffer.byte-limit = 4MB (=4194304) (default)
2023-12-13 16:20:25,047 [s0-impl-thread1] INFO  server.RaftServerConfigKeys (ConfUtils.java:logGet(46)) - raft.server.log.statemachine.data.read.timeout = 1000ms (default)
2023-12-13 16:20:25,047 [s0-impl-thread1] INFO  server.RaftServerConfigKeys (ConfUtils.java:logGet(46)) - raft.server.log.purge.preservation.log.num = 0 (default)
2023-12-13 16:20:25,048 [s0-impl-thread1] INFO  server.RaftServerConfigKeys (ConfUtils.java:logGet(46)) - raft.server.log.segment.size.max = 32MB (=33554432) (default)
2023-12-13 16:20:25,048 [s0-impl-thread1] INFO  server.RaftServerConfigKeys (ConfUtils.java:logGet(46)) - raft.server.log.segment.cache.num.max = 6 (default)
2023-12-13 16:20:25,048 [s0-impl-thread1] INFO  server.RaftServerConfigKeys (ConfUtils.java:logGet(46)) - raft.server.log.segment.cache.size.max = 200MB (=209715200) (default)
2023-12-13 16:20:25,048 [s0-impl-thread1] INFO  server.RaftServerConfigKeys (ConfUtils.java:logGet(46)) - raft.server.log.appender.buffer.byte-limit = 4MB (=4194304) (default)
2023-12-13 16:20:25,049 [s0-impl-thread1] INFO  util.AwaitToRun (AwaitToRun.java:start(81)) - Thread[s0@group-1FE16B4BA7BF-cacheEviction-AwaitToRun,5,main] started
2023-12-13 16:20:25,049 [s0-impl-thread1] INFO  segmented.SegmentedRaftLogWorker (SegmentedRaftLogWorker.java:<init>(182)) - new s0@group-1FE16B4BA7BF-SegmentedRaftLogWorker for RaftStorageImpl:Storage Directory /home/runner/work/ratis/ratis/ratis-test/target/test/data/1e4ee837/MiniRaftClusterWithGrpc1ac7a51/s0/af42820b-e886-41e2-aeab-1fe16b4ba7bf
2023-12-13 16:20:25,049 [s0-impl-thread1] INFO  server.RaftServerConfigKeys (ConfUtils.java:logGet(46)) - raft.server.log.queue.byte-limit = 64MB (=67108864) (default)
2023-12-13 16:20:25,049 [s0-impl-thread1] INFO  server.RaftServerConfigKeys (ConfUtils.java:logGet(46)) - raft.server.log.queue.element-limit = 4096 (default)
2023-12-13 16:20:25,049 [s0-impl-thread1] INFO  server.RaftServerConfigKeys (ConfUtils.java:logGet(46)) - raft.server.log.segment.size.max = 32MB (=33554432) (default)
2023-12-13 16:20:25,049 [s0-impl-thread1] INFO  server.RaftServerConfigKeys (ConfUtils.java:logGet(46)) - raft.server.log.preallocated.size = 4MB (=4194304) (default)
2023-12-13 16:20:25,049 [s0-impl-thread1] INFO  server.RaftServerConfigKeys (ConfUtils.java:logGet(46)) - raft.server.log.force.sync.num = 128 (default)
2023-12-13 16:20:25,049 [s0-impl-thread1] INFO  server.RaftServerConfigKeys (ConfUtils.java:logGet(46)) - raft.server.log.statemachine.data.sync = true (default)
2023-12-13 16:20:25,049 [s0-impl-thread1] INFO  server.RaftServerConfigKeys (ConfUtils.java:logGet(46)) - raft.server.log.statemachine.data.sync.timeout = 10s (default)
2023-12-13 16:20:25,049 [s0-impl-thread1] INFO  server.RaftServerConfigKeys (ConfUtils.java:logGet(46)) - raft.server.log.statemachine.data.sync.timeout.retry = -1 (default)
2023-12-13 16:20:25,049 [s0-impl-thread1] INFO  server.RaftServerConfigKeys (ConfUtils.java:logGet(46)) - raft.server.log.write.buffer.size = 8MB (=8388608) (default)
2023-12-13 16:20:25,051 [s0-impl-thread1] INFO  server.RaftServerConfigKeys (ConfUtils.java:logGet(46)) - raft.server.log.appender.buffer.byte-limit = 4MB (=4194304) (default)
2023-12-13 16:20:25,051 [s0-impl-thread1] INFO  server.RaftServerConfigKeys (ConfUtils.java:logGet(46)) - raft.server.log.unsafe-flush.enabled = false (default)
2023-12-13 16:20:25,051 [s0-impl-thread1] INFO  server.RaftServerConfigKeys (ConfUtils.java:logGet(46)) - raft.server.log.async-flush.enabled = false (default)
2023-12-13 16:20:25,051 [s0-impl-thread1] INFO  server.RaftServerConfigKeys (ConfUtils.java:logGet(46)) - raft.server.log.statemachine.data.caching.enabled = false (default)
2023-12-13 16:20:25,051 [s0-impl-thread1] INFO  segmented.SegmentedRaftLogWorker (SegmentedRaftLogWorker.java:lambda$new$0(134)) - s0@group-1FE16B4BA7BF-SegmentedRaftLogWorker: flushIndex: setUnconditionally 0 -> -1
2023-12-13 16:20:25,051 [s0-impl-thread1] INFO  segmented.SegmentedRaftLogWorker (SegmentedRaftLogWorker.java:lambda$new$0(134)) - s0@group-1FE16B4BA7BF-SegmentedRaftLogWorker: safeCacheEvictIndex: setUnconditionally 0 -> -1
2023-12-13 16:20:25,052 [s0-impl-thread1] INFO  server.RaftServer$Division (RaftServerImpl.java:start(392)) - s0@group-1FE16B4BA7BF: start as a follower, conf=-1: peers:[s0|localhost:37225]|listeners:[], old=null
2023-12-13 16:20:25,052 [s0-impl-thread1] INFO  server.RaftServer$Division (RaftServerImpl.java:setRole(379)) - s0@group-1FE16B4BA7BF: changes role from      null to FOLLOWER at term 0 for startAsFollower
2023-12-13 16:20:25,052 [s0-impl-thread1] INFO  impl.RoleInfo (RoleInfo.java:updateAndGet(139)) - s0: start s0@group-1FE16B4BA7BF-FollowerState
2023-12-13 16:20:25,052 [s0@group-1FE16B4BA7BF-FollowerState] INFO  server.RaftServerConfigKeys (ConfUtils.java:logFallback(53)) - raft.server.rpc.first-election.timeout.min = 1500ms (fallback to raft.server.rpc.timeout.min)
2023-12-13 16:20:25,052 [s0-impl-thread1] INFO  util.JmxRegister (JmxRegister.java:tryRegister(44)) - Successfully registered JMX Bean with object name Ratis:service=RaftServer,group=group-1FE16B4BA7BF,id=s0
2023-12-13 16:20:25,052 [s0@group-1FE16B4BA7BF-FollowerState] INFO  server.RaftServerConfigKeys (ConfUtils.java:logFallback(53)) - raft.server.rpc.first-election.timeout.max = 2000ms (fallback to raft.server.rpc.timeout.max)
2023-12-13 16:20:25,052 [s0-impl-thread1] INFO  server.RaftServerConfigKeys (ConfUtils.java:logGet(46)) - raft.server.snapshot.trigger-when-stop.enabled = true (default)
2023-12-13 16:20:25,052 [s0-impl-thread1] INFO  server.RaftServerConfigKeys (ConfUtils.java:logGet(46)) - raft.server.snapshot.auto.trigger.enabled = false (default)
2023-12-13 16:20:25,052 [s0-impl-thread1] INFO  server.RaftServerConfigKeys (ConfUtils.java:logGet(46)) - raft.server.snapshot.retention.file.num = -1 (default)
2023-12-13 16:20:25,052 [s0-impl-thread1] INFO  server.RaftServerConfigKeys (ConfUtils.java:logGet(46)) - raft.server.log.purge.upto.snapshot.index = false (default)
2023-12-13 16:20:25,053 [Time-limited test] INFO  server.RaftServer (RaftServerProxy.java:startImpl(406)) - s0: start RPC server
2023-12-13 16:20:25,054 [Time-limited test] INFO  server.GrpcService (GrpcService.java:startImpl(302)) - s0: GrpcService started, listening on 41029
2023-12-13 16:20:25,054 [Time-limited test] INFO  server.GrpcService (GrpcService.java:startImpl(302)) - s0: GrpcService started, listening on 37225
2023-12-13 16:20:25,055 [Time-limited test] INFO  server.GrpcService (GrpcService.java:startImpl(302)) - s0: GrpcService started, listening on 44495
2023-12-13 16:20:25,055 [Time-limited test] INFO  impl.MiniRaftCluster (MiniRaftCluster.java:shutdown(831)) - ************************************************************** 
2023-12-13 16:20:25,055 [Time-limited test] INFO  impl.MiniRaftCluster (MiniRaftCluster.java:shutdown(832)) - *** 
2023-12-13 16:20:25,055 [JvmPauseMonitor1] INFO  util.JvmPauseMonitor (JvmPauseMonitor.java:run(146)) - JvmPauseMonitor-s0: Started
2023-12-13 16:20:25,055 [Time-limited test] INFO  impl.MiniRaftCluster (MiniRaftCluster.java:shutdown(833)) - ***     Stopping MiniRaftClusterWithGrpc
2023-12-13 16:20:25,055 [Time-limited test] INFO  impl.MiniRaftCluster (MiniRaftCluster.java:shutdown(834)) - *** 
2023-12-13 16:20:25,056 [Time-limited test] INFO  impl.MiniRaftCluster (MiniRaftCluster.java:shutdown(835)) - ************************************************************** 
2023-12-13 16:20:25,056 [Time-limited test] INFO  impl.MiniRaftCluster (MiniRaftCluster.java:shutdown(836)) - printing ALL groups
  s0:  RUNNING  FOLLOWER s0@group-1FE16B4BA7BF:t0, leader=null, voted=, raftlog=Memoized:s0@group-1FE16B4BA7BF-SegmentedRaftLog:OPENED:c-1, conf=-1: peers:[s0|localhost:37225]|listeners:[], old=null RUNNING
2023-12-13 16:20:25,056 [MiniRaftCluster-2] INFO  server.RaftServer (RaftServerProxy.java:lambda$close$9(416)) - s0: close
2023-12-13 16:20:25,056 [s0-impl-thread1] INFO  server.RaftServer$Division (RaftServerImpl.java:lambda$close$3(516)) - s0@group-1FE16B4BA7BF: shutdown
2023-12-13 16:20:25,056 [MiniRaftCluster-2] INFO  server.GrpcService (GrpcService.java:closeImpl(311)) - s0: shutdown server org.apache.ratis.grpc.server.GrpcClientProtocolService now
2023-12-13 16:20:25,056 [s0-impl-thread1] INFO  util.JmxRegister (JmxRegister.java:unregister(73)) - Successfully un-registered JMX Bean with object name Ratis:service=RaftServer,group=group-1FE16B4BA7BF,id=s0
2023-12-13 16:20:25,057 [MiniRaftCluster-2] INFO  server.GrpcService (GrpcService.java:closeImpl(320)) - s0: shutdown server org.apache.ratis.grpc.server.GrpcClientProtocolService successfully
2023-12-13 16:20:25,057 [s0-impl-thread1] INFO  impl.RoleInfo (RoleInfo.java:shutdownFollowerState(110)) - s0: shutdown s0@group-1FE16B4BA7BF-FollowerState
2023-12-13 16:20:25,057 [s0@group-1FE16B4BA7BF-FollowerState] INFO  impl.FollowerState (FollowerState.java:run(152)) - s0@group-1FE16B4BA7BF-FollowerState was interrupted
2023-12-13 16:20:25,057 [MiniRaftCluster-2] INFO  server.GrpcService (GrpcService.java:closeImpl(311)) - s0: shutdown server GrpcServerProtocolService now
2023-12-13 16:20:25,057 [s0-impl-thread1] INFO  impl.StateMachineUpdater (StateMachineUpdater.java:stopAndJoin(157)) - s0@group-1FE16B4BA7BF-StateMachineUpdater: set stopIndex = -1
2023-12-13 16:20:25,059 [s0-impl-thread1] INFO  server.RaftServer$Division (ServerState.java:close(423)) - s0@group-1FE16B4BA7BF: applyIndex: -1
2023-12-13 16:20:25,060 [s0@group-1FE16B4BA7BF-cacheEviction-AwaitToRun] INFO  util.AwaitToRun (AwaitToRun.java:run(49)) - s0@group-1FE16B4BA7BF-cacheEviction-AwaitToRun-AwaitForSignal is interrupted
2023-12-13 16:20:25,060 [MiniRaftCluster-2] INFO  server.GrpcService (GrpcService.java:closeImpl(320)) - s0: shutdown server GrpcServerProtocolService successfully
2023-12-13 16:20:25,060 [MiniRaftCluster-2] INFO  server.GrpcService (GrpcService.java:closeImpl(311)) - s0: shutdown server org.apache.ratis.grpc.server.GrpcAdminProtocolService now
2023-12-13 16:20:25,061 [MiniRaftCluster-2] INFO  server.GrpcService (GrpcService.java:closeImpl(320)) - s0: shutdown server org.apache.ratis.grpc.server.GrpcAdminProtocolService successfully
2023-12-13 16:20:26,052 [s0-impl-thread1] INFO  segmented.SegmentedRaftLogWorker (SegmentedRaftLogWorker.java:close(245)) - s0@group-1FE16B4BA7BF-SegmentedRaftLogWorker close()
2023-12-13 16:20:26,054 [JvmPauseMonitor1] INFO  util.JvmPauseMonitor (JvmPauseMonitor.java:run(152)) - JvmPauseMonitor-s0: Stopped
2023-12-13 16:20:26,054 [Time-limited test] INFO  impl.MiniRaftCluster (MiniRaftCluster.java:shutdown(855)) - MiniRaftClusterWithGrpc shutdown completed
2023-12-13 16:20:26,055 [Time-limited test] INFO  server.RaftServerConfigKeys (ConfUtils.java:logGet(46)) - raft.server.removed.groups.dir = /tmp/groups18192170997717582351 (custom)
2023-12-13 16:20:26,055 [Time-limited test] TRACE util.FileUtils (FileUtils.java:deleteFully(305)) - deleteFully /tmp/groups18192170997717582351
2023-12-13 16:20:26,055 [Time-limited test] TRACE util.FileUtils (LogUtils.java:runAndLog(49)) - Successfully ran Files.delete /tmp/groups18192170997717582351
]]></system-out>
  </testcase>
  <testcase name="testSingleGroupRestart" classname="org.apache.ratis.grpc.TestGroupManagementWithGrpc" time="10.598">
    <system-out><![CDATA[2023-12-13 16:20:26,059 [main] INFO  util.LogUtils (Slf4jUtils.java:setLogLevel(38)) - Successfully set org.apache.ratis.conf.ConfUtils log level to WARN
2023-12-13 16:20:26,059 [main] INFO  util.LogUtils (Slf4jUtils.java:setLogLevel(38)) - Successfully set org.apache.ratis.util.FileUtils log level to TRACE
2023-12-13 16:20:26,060 [main] INFO  util.LogUtils (Slf4jUtils.java:setLogLevel(38)) - Successfully set org.apache.ratis.server.RaftServer log level to DEBUG
2023-12-13 16:20:26,060 [main] INFO  util.LogUtils (Slf4jUtils.java:setLogLevel(38)) - Successfully set org.apache.ratis.server.RaftServer$Division log level to DEBUG
2023-12-13 16:20:26,060 [main] INFO  util.LogUtils (Slf4jUtils.java:setLogLevel(38)) - Successfully set org.apache.ratis.client.RaftClient log level to DEBUG
2023-12-13 16:20:26,060 [Time-limited test] INFO  impl.MiniRaftCluster (MiniRaftCluster.java:<init>(306)) - new MiniRaftClusterWithGrpc with group-598130804777:[]
2023-12-13 16:20:26,060 [Time-limited test] INFO  impl.GroupManagementBaseTest (GroupManagementBaseTest.java:testSingleGroupRestart(179)) - Start testMultiGroupprinting ALL groups
2023-12-13 16:20:26,061 [Time-limited test] INFO  impl.MiniRaftCluster (MiniRaftCluster.java:newRaftServer(382)) - newRaftServer: s0, null, format? true
2023-12-13 16:20:26,061 [Time-limited test] TRACE util.FileUtils (FileUtils.java:deleteFully(305)) - deleteFully target/test/data/1e4ee837/MiniRaftClusterWithGrpc81039c8b/s0
2023-12-13 16:20:26,061 [Time-limited test] TRACE util.FileUtils (FileUtils.java:deleteFully(318)) - deleteFully: target/test/data/1e4ee837/MiniRaftClusterWithGrpc81039c8b/s0 does not exist.
2023-12-13 16:20:26,061 [Time-limited test] INFO  impl.MiniRaftCluster (MiniRaftCluster.java:newRaftServer(387)) - Formatted directory target/test/data/1e4ee837/MiniRaftClusterWithGrpc81039c8b/s0
2023-12-13 16:20:26,062 [Time-limited test] DEBUG server.RaftServer (ServerImplUtils.java:newRaftServer(51)) - newRaftServer: s0, null
2023-12-13 16:20:26,062 [Time-limited test] INFO  server.RaftServer (ConfUtils.java:logGet(46)) - raft.rpc.type = GRPC (default)
2023-12-13 16:20:26,062 [Time-limited test] INFO  grpc.GrpcConfigKeys (ConfUtils.java:logFallback(53)) - raft.grpc.admin.host = null (fallback to raft.grpc.server.host)
2023-12-13 16:20:26,062 [Time-limited test] INFO  grpc.GrpcConfigKeys (ConfUtils.java:logFallback(53)) - raft.grpc.admin.port = 33275 (fallback to raft.grpc.server.port)
2023-12-13 16:20:26,067 [Time-limited test] INFO  grpc.GrpcConfigKeys (ConfUtils.java:logFallback(53)) - raft.grpc.client.host = null (fallback to raft.grpc.server.host)
2023-12-13 16:20:26,068 [Time-limited test] INFO  grpc.GrpcConfigKeys (ConfUtils.java:logFallback(53)) - raft.grpc.client.port = 33275 (fallback to raft.grpc.server.port)
2023-12-13 16:20:26,068 [Time-limited test] INFO  grpc.GrpcConfigKeys (ConfUtils.java:logGet(46)) - raft.grpc.server.host = null (default)
2023-12-13 16:20:26,068 [Time-limited test] INFO  grpc.GrpcConfigKeys (ConfUtils.java:logGet(46)) - raft.grpc.server.port = 33275 (custom)
2023-12-13 16:20:26,068 [Time-limited test] INFO  server.GrpcService (ConfUtils.java:logGet(46)) - raft.grpc.message.size.max = 64MB (=67108864) (default)
2023-12-13 16:20:26,068 [Time-limited test] INFO  server.RaftServerConfigKeys (ConfUtils.java:logGet(46)) - raft.server.log.appender.buffer.byte-limit = 4MB (=4194304) (default)
2023-12-13 16:20:26,068 [Time-limited test] INFO  server.GrpcService (ConfUtils.java:logGet(46)) - raft.grpc.flow.control.window = 1MB (=1048576) (default)
2023-12-13 16:20:26,068 [Time-limited test] INFO  server.RaftServerConfigKeys (ConfUtils.java:logGet(46)) - raft.server.rpc.request.timeout = 3000ms (default)
2023-12-13 16:20:26,068 [Time-limited test] INFO  grpc.GrpcConfigKeys (ConfUtils.java:logGet(46)) - raft.grpc.server.heartbeat.channel = true (default)
2023-12-13 16:20:26,068 [Time-limited test] INFO  grpc.GrpcConfigKeys (ConfUtils.java:logGet(46)) - raft.grpc.server.async.request.thread.pool.cached = true (default)
2023-12-13 16:20:26,068 [Time-limited test] INFO  grpc.GrpcConfigKeys (ConfUtils.java:logGet(46)) - raft.grpc.server.async.request.thread.pool.size = 32 (default)
2023-12-13 16:20:26,069 [Time-limited test] INFO  impl.DataStreamServerImpl (ConfUtils.java:logGet(46)) - raft.datastream.type = DISABLED (default)
2023-12-13 16:20:26,070 [Time-limited test] INFO  server.RaftServerConfigKeys (ConfUtils.java:logGet(46)) - raft.server.sleep.deviation.threshold = 300ms (default)
2023-12-13 16:20:26,070 [Time-limited test] INFO  server.RaftServerConfigKeys (ConfUtils.java:logGet(46)) - raft.server.close.threshold = 60s (default)
2023-12-13 16:20:26,070 [Time-limited test] INFO  server.RaftServerConfigKeys (ConfUtils.java:logGet(46)) - raft.server.leaderelection.leader.step-down.wait-time = 10s (default)
2023-12-13 16:20:26,070 [Time-limited test] INFO  server.RaftServerConfigKeys (ConfUtils.java:logGet(46)) - raft.server.storage.dir = [/home/runner/work/ratis/ratis/ratis-test/target/test/data/1e4ee837/MiniRaftClusterWithGrpc81039c8b/s0] (custom)
2023-12-13 16:20:26,070 [Time-limited test] INFO  server.RaftServerConfigKeys (ConfUtils.java:logGet(46)) - raft.server.threadpool.proxy.cached = true (default)
2023-12-13 16:20:26,070 [Time-limited test] INFO  server.RaftServerConfigKeys (ConfUtils.java:logGet(46)) - raft.server.threadpool.proxy.size = 0 (default)
2023-12-13 16:20:26,071 [Time-limited test] INFO  impl.MiniRaftCluster (MiniRaftCluster.java:newRaftServer(382)) - newRaftServer: s1, null, format? true
2023-12-13 16:20:26,071 [Time-limited test] TRACE util.FileUtils (FileUtils.java:deleteFully(305)) - deleteFully target/test/data/1e4ee837/MiniRaftClusterWithGrpc81039c8b/s1
2023-12-13 16:20:26,071 [Time-limited test] TRACE util.FileUtils (FileUtils.java:deleteFully(318)) - deleteFully: target/test/data/1e4ee837/MiniRaftClusterWithGrpc81039c8b/s1 does not exist.
2023-12-13 16:20:26,071 [Time-limited test] INFO  impl.MiniRaftCluster (MiniRaftCluster.java:newRaftServer(387)) - Formatted directory target/test/data/1e4ee837/MiniRaftClusterWithGrpc81039c8b/s1
2023-12-13 16:20:26,071 [Time-limited test] DEBUG server.RaftServer (ServerImplUtils.java:newRaftServer(51)) - newRaftServer: s1, null
2023-12-13 16:20:26,071 [Time-limited test] INFO  server.RaftServer (ConfUtils.java:logGet(46)) - raft.rpc.type = GRPC (default)
2023-12-13 16:20:26,072 [Time-limited test] INFO  grpc.GrpcConfigKeys (ConfUtils.java:logFallback(53)) - raft.grpc.admin.host = null (fallback to raft.grpc.server.host)
2023-12-13 16:20:26,072 [Time-limited test] INFO  grpc.GrpcConfigKeys (ConfUtils.java:logFallback(53)) - raft.grpc.admin.port = 35089 (fallback to raft.grpc.server.port)
2023-12-13 16:20:26,072 [Time-limited test] INFO  grpc.GrpcConfigKeys (ConfUtils.java:logFallback(53)) - raft.grpc.client.host = null (fallback to raft.grpc.server.host)
2023-12-13 16:20:26,072 [Time-limited test] INFO  grpc.GrpcConfigKeys (ConfUtils.java:logFallback(53)) - raft.grpc.client.port = 35089 (fallback to raft.grpc.server.port)
2023-12-13 16:20:26,072 [Time-limited test] INFO  grpc.GrpcConfigKeys (ConfUtils.java:logGet(46)) - raft.grpc.server.host = null (default)
2023-12-13 16:20:26,072 [Time-limited test] INFO  grpc.GrpcConfigKeys (ConfUtils.java:logGet(46)) - raft.grpc.server.port = 35089 (custom)
2023-12-13 16:20:26,072 [Time-limited test] INFO  server.GrpcService (ConfUtils.java:logGet(46)) - raft.grpc.message.size.max = 64MB (=67108864) (default)
2023-12-13 16:20:26,072 [Time-limited test] INFO  server.RaftServerConfigKeys (ConfUtils.java:logGet(46)) - raft.server.log.appender.buffer.byte-limit = 4MB (=4194304) (default)
2023-12-13 16:20:26,072 [Time-limited test] INFO  server.GrpcService (ConfUtils.java:logGet(46)) - raft.grpc.flow.control.window = 1MB (=1048576) (default)
2023-12-13 16:20:26,072 [Time-limited test] INFO  server.RaftServerConfigKeys (ConfUtils.java:logGet(46)) - raft.server.rpc.request.timeout = 3000ms (default)
2023-12-13 16:20:26,073 [Time-limited test] INFO  grpc.GrpcConfigKeys (ConfUtils.java:logGet(46)) - raft.grpc.server.heartbeat.channel = true (default)
2023-12-13 16:20:26,073 [Time-limited test] INFO  grpc.GrpcConfigKeys (ConfUtils.java:logGet(46)) - raft.grpc.server.async.request.thread.pool.cached = true (default)
2023-12-13 16:20:26,073 [Time-limited test] INFO  grpc.GrpcConfigKeys (ConfUtils.java:logGet(46)) - raft.grpc.server.async.request.thread.pool.size = 32 (default)
2023-12-13 16:20:26,073 [Time-limited test] INFO  impl.DataStreamServerImpl (ConfUtils.java:logGet(46)) - raft.datastream.type = DISABLED (default)
2023-12-13 16:20:26,073 [Time-limited test] INFO  server.RaftServerConfigKeys (ConfUtils.java:logGet(46)) - raft.server.sleep.deviation.threshold = 300ms (default)
2023-12-13 16:20:26,074 [Time-limited test] INFO  server.RaftServerConfigKeys (ConfUtils.java:logGet(46)) - raft.server.close.threshold = 60s (default)
2023-12-13 16:20:26,074 [Time-limited test] INFO  server.RaftServerConfigKeys (ConfUtils.java:logGet(46)) - raft.server.leaderelection.leader.step-down.wait-time = 10s (default)
2023-12-13 16:20:26,074 [Time-limited test] INFO  server.RaftServerConfigKeys (ConfUtils.java:logGet(46)) - raft.server.storage.dir = [/home/runner/work/ratis/ratis/ratis-test/target/test/data/1e4ee837/MiniRaftClusterWithGrpc81039c8b/s1] (custom)
2023-12-13 16:20:26,074 [Time-limited test] INFO  server.RaftServerConfigKeys (ConfUtils.java:logGet(46)) - raft.server.threadpool.proxy.cached = true (default)
2023-12-13 16:20:26,074 [Time-limited test] INFO  server.RaftServerConfigKeys (ConfUtils.java:logGet(46)) - raft.server.threadpool.proxy.size = 0 (default)
2023-12-13 16:20:26,074 [Time-limited test] INFO  impl.MiniRaftCluster (MiniRaftCluster.java:newRaftServer(382)) - newRaftServer: s2, null, format? true
2023-12-13 16:20:26,074 [Time-limited test] TRACE util.FileUtils (FileUtils.java:deleteFully(305)) - deleteFully target/test/data/1e4ee837/MiniRaftClusterWithGrpc81039c8b/s2
2023-12-13 16:20:26,075 [Time-limited test] TRACE util.FileUtils (FileUtils.java:deleteFully(318)) - deleteFully: target/test/data/1e4ee837/MiniRaftClusterWithGrpc81039c8b/s2 does not exist.
2023-12-13 16:20:26,075 [Time-limited test] INFO  impl.MiniRaftCluster (MiniRaftCluster.java:newRaftServer(387)) - Formatted directory target/test/data/1e4ee837/MiniRaftClusterWithGrpc81039c8b/s2
2023-12-13 16:20:26,075 [Time-limited test] DEBUG server.RaftServer (ServerImplUtils.java:newRaftServer(51)) - newRaftServer: s2, null
2023-12-13 16:20:26,075 [Time-limited test] INFO  server.RaftServer (ConfUtils.java:logGet(46)) - raft.rpc.type = GRPC (default)
2023-12-13 16:20:26,075 [Time-limited test] INFO  grpc.GrpcConfigKeys (ConfUtils.java:logFallback(53)) - raft.grpc.admin.host = null (fallback to raft.grpc.server.host)
2023-12-13 16:20:26,075 [Time-limited test] INFO  grpc.GrpcConfigKeys (ConfUtils.java:logFallback(53)) - raft.grpc.admin.port = 43627 (fallback to raft.grpc.server.port)
2023-12-13 16:20:26,076 [Time-limited test] INFO  grpc.GrpcConfigKeys (ConfUtils.java:logFallback(53)) - raft.grpc.client.host = null (fallback to raft.grpc.server.host)
2023-12-13 16:20:26,076 [Time-limited test] INFO  grpc.GrpcConfigKeys (ConfUtils.java:logFallback(53)) - raft.grpc.client.port = 43627 (fallback to raft.grpc.server.port)
2023-12-13 16:20:26,076 [Time-limited test] INFO  grpc.GrpcConfigKeys (ConfUtils.java:logGet(46)) - raft.grpc.server.host = null (default)
2023-12-13 16:20:26,076 [Time-limited test] INFO  grpc.GrpcConfigKeys (ConfUtils.java:logGet(46)) - raft.grpc.server.port = 43627 (custom)
2023-12-13 16:20:26,076 [Time-limited test] INFO  server.GrpcService (ConfUtils.java:logGet(46)) - raft.grpc.message.size.max = 64MB (=67108864) (default)
2023-12-13 16:20:26,076 [Time-limited test] INFO  server.RaftServerConfigKeys (ConfUtils.java:logGet(46)) - raft.server.log.appender.buffer.byte-limit = 4MB (=4194304) (default)
2023-12-13 16:20:26,076 [Time-limited test] INFO  server.GrpcService (ConfUtils.java:logGet(46)) - raft.grpc.flow.control.window = 1MB (=1048576) (default)
2023-12-13 16:20:26,076 [Time-limited test] INFO  server.RaftServerConfigKeys (ConfUtils.java:logGet(46)) - raft.server.rpc.request.timeout = 3000ms (default)
2023-12-13 16:20:26,076 [Time-limited test] INFO  grpc.GrpcConfigKeys (ConfUtils.java:logGet(46)) - raft.grpc.server.heartbeat.channel = true (default)
2023-12-13 16:20:26,076 [Time-limited test] INFO  grpc.GrpcConfigKeys (ConfUtils.java:logGet(46)) - raft.grpc.server.async.request.thread.pool.cached = true (default)
2023-12-13 16:20:26,077 [Time-limited test] INFO  grpc.GrpcConfigKeys (ConfUtils.java:logGet(46)) - raft.grpc.server.async.request.thread.pool.size = 32 (default)
2023-12-13 16:20:26,077 [Time-limited test] INFO  impl.DataStreamServerImpl (ConfUtils.java:logGet(46)) - raft.datastream.type = DISABLED (default)
2023-12-13 16:20:26,077 [Time-limited test] INFO  server.RaftServerConfigKeys (ConfUtils.java:logGet(46)) - raft.server.sleep.deviation.threshold = 300ms (default)
2023-12-13 16:20:26,077 [Time-limited test] INFO  server.RaftServerConfigKeys (ConfUtils.java:logGet(46)) - raft.server.close.threshold = 60s (default)
2023-12-13 16:20:26,078 [Time-limited test] INFO  server.RaftServerConfigKeys (ConfUtils.java:logGet(46)) - raft.server.leaderelection.leader.step-down.wait-time = 10s (default)
2023-12-13 16:20:26,078 [Time-limited test] INFO  server.RaftServerConfigKeys (ConfUtils.java:logGet(46)) - raft.server.storage.dir = [/home/runner/work/ratis/ratis/ratis-test/target/test/data/1e4ee837/MiniRaftClusterWithGrpc81039c8b/s2] (custom)
2023-12-13 16:20:26,078 [Time-limited test] INFO  server.RaftServerConfigKeys (ConfUtils.java:logGet(46)) - raft.server.threadpool.proxy.cached = true (default)
2023-12-13 16:20:26,078 [Time-limited test] INFO  server.RaftServerConfigKeys (ConfUtils.java:logGet(46)) - raft.server.threadpool.proxy.size = 0 (default)
2023-12-13 16:20:26,078 [Time-limited test] INFO  impl.GroupManagementBaseTest (GroupManagementBaseTest.java:testSingleGroupRestart(185)) - putNewServer: printing ALL groups
  s0:      NEW <EMPTY>
  s1:      NEW <EMPTY>
  s2:      NEW <EMPTY>
2023-12-13 16:20:26,078 [Time-limited test] INFO  impl.MiniRaftCluster (MiniRaftCluster.java:start(339)) - .............................................................. 
2023-12-13 16:20:26,079 [Time-limited test] INFO  impl.MiniRaftCluster (MiniRaftCluster.java:start(340)) - ... 
2023-12-13 16:20:26,079 [Time-limited test] INFO  impl.MiniRaftCluster (MiniRaftCluster.java:start(341)) - ...     Starting MiniRaftClusterWithGrpc
2023-12-13 16:20:26,079 [Time-limited test] INFO  impl.MiniRaftCluster (MiniRaftCluster.java:start(342)) - ... 
2023-12-13 16:20:26,079 [Time-limited test] INFO  impl.MiniRaftCluster (MiniRaftCluster.java:start(343)) - .............................................................. 
2023-12-13 16:20:26,079 [Time-limited test] INFO  impl.MiniRaftCluster (MiniRaftCluster.java:initServers(318)) - servers = {s0=s0:      NEW <EMPTY>, s1=s1:      NEW <EMPTY>, s2=s2:      NEW <EMPTY>}
2023-12-13 16:20:26,079 [Time-limited test] INFO  server.RaftServer (RaftServerProxy.java:startImpl(406)) - s0: start RPC server
2023-12-13 16:20:26,080 [Time-limited test] INFO  server.GrpcService (GrpcService.java:startImpl(302)) - s0: GrpcService started, listening on 33275
2023-12-13 16:20:26,080 [Time-limited test] INFO  server.RaftServer (RaftServerProxy.java:startImpl(406)) - s1: start RPC server
2023-12-13 16:20:26,080 [JvmPauseMonitor2] INFO  util.JvmPauseMonitor (JvmPauseMonitor.java:run(146)) - JvmPauseMonitor-s0: Started
2023-12-13 16:20:26,081 [Time-limited test] INFO  server.GrpcService (GrpcService.java:startImpl(302)) - s1: GrpcService started, listening on 35089
2023-12-13 16:20:26,081 [Time-limited test] INFO  server.RaftServer (RaftServerProxy.java:startImpl(406)) - s2: start RPC server
2023-12-13 16:20:26,081 [JvmPauseMonitor3] INFO  util.JvmPauseMonitor (JvmPauseMonitor.java:run(146)) - JvmPauseMonitor-s1: Started
2023-12-13 16:20:26,082 [Time-limited test] INFO  server.GrpcService (GrpcService.java:startImpl(302)) - s2: GrpcService started, listening on 43627
2023-12-13 16:20:26,083 [JvmPauseMonitor4] INFO  util.JvmPauseMonitor (JvmPauseMonitor.java:run(146)) - JvmPauseMonitor-s2: Started
2023-12-13 16:20:27,083 [Time-limited test] INFO  impl.GroupManagementBaseTest (GroupManagementBaseTest.java:testSingleGroupRestart(191)) - start: printing ALL groups
  s0:  RUNNING <EMPTY>
  s1:  RUNNING <EMPTY>
  s2:  RUNNING <EMPTY>
2023-12-13 16:20:27,085 [Time-limited test] INFO  impl.GroupManagementBaseTest (GroupManagementBaseTest.java:testSingleGroupRestart(196)) - add new group: group-F16E4F468C1D:[s0|0.0.0.0:33275, s1|0.0.0.0:35089, s2|0.0.0.0:43627]
2023-12-13 16:20:27,085 [Time-limited test] DEBUG client.RaftClient (ConfUtils.java:logGet(46)) - raft.rpc.type = GRPC (default)
2023-12-13 16:20:27,094 [grpc-default-executor-0] INFO  server.RaftServer (RaftServerProxy.java:addNew(100)) - s0: addNew group-F16E4F468C1D:[s0|0.0.0.0:33275, s1|0.0.0.0:35089, s2|0.0.0.0:43627] returns group-F16E4F468C1D:java.util.concurrent.CompletableFuture@12a8b062[Not completed]
2023-12-13 16:20:27,094 [s0-groupManagement] INFO  server.RaftServer$Division (RaftServerImpl.java:<init>(256)) - s0: new RaftServerImpl for group-F16E4F468C1D:[s0|0.0.0.0:33275, s1|0.0.0.0:35089, s2|0.0.0.0:43627] with BaseStateMachine:uninitialized
2023-12-13 16:20:27,095 [s0-groupManagement] INFO  server.RaftServerConfigKeys (ConfUtils.java:logGet(46)) - raft.server.rpc.timeout.min = 1500ms (custom)
2023-12-13 16:20:27,095 [s0-groupManagement] INFO  server.RaftServerConfigKeys (ConfUtils.java:logGet(46)) - raft.server.rpc.timeout.max = 2000ms (custom)
2023-12-13 16:20:27,095 [s0-groupManagement] INFO  server.RaftServerConfigKeys (ConfUtils.java:logGet(46)) - raft.server.rpc.sleep.time = 25ms (default)
2023-12-13 16:20:27,095 [s0-groupManagement] INFO  server.RaftServerConfigKeys (ConfUtils.java:logGet(46)) - raft.server.rpc.slowness.timeout = 60s (default)
2023-12-13 16:20:27,095 [s0-groupManagement] INFO  server.RaftServerConfigKeys (ConfUtils.java:logGet(46)) - raft.server.leaderelection.leader.step-down.wait-time = 10s (default)
2023-12-13 16:20:27,095 [s0-groupManagement] INFO  server.RaftServerConfigKeys (ConfUtils.java:logGet(46)) - raft.server.leaderelection.member.majority-add = false (default)
2023-12-13 16:20:27,095 [s0-groupManagement] INFO  server.RaftServerConfigKeys (ConfUtils.java:logGet(46)) - raft.server.sleep.deviation.threshold = 300ms (default)
2023-12-13 16:20:27,095 [s0-groupManagement] INFO  server.RaftServer$Division (ServerState.java:<init>(113)) - s0@group-F16E4F468C1D: ConfigurationManager, init=-1: peers:[s0|0.0.0.0:33275, s1|0.0.0.0:35089, s2|0.0.0.0:43627]|listeners:[], old=null, confs=<EMPTY_MAP>
2023-12-13 16:20:27,095 [s0-groupManagement] INFO  server.RaftServerConfigKeys (ConfUtils.java:logGet(46)) - raft.server.notification.no-leader.timeout = 60s (default)
2023-12-13 16:20:27,095 [s0-groupManagement] INFO  server.RaftServerConfigKeys (ConfUtils.java:logGet(46)) - raft.server.read.timeout = 10s (default)
2023-12-13 16:20:27,095 [s0-groupManagement] INFO  server.RaftServerConfigKeys (ConfUtils.java:logGet(46)) - raft.server.retrycache.expirytime = 60s (default)
2023-12-13 16:20:27,095 [s0-groupManagement] INFO  server.RaftServerConfigKeys (ConfUtils.java:logGet(46)) - raft.server.retrycache.statistics.expirytime = 100ms (default)
2023-12-13 16:20:27,095 [s0-groupManagement] INFO  server.RaftServerConfigKeys (ConfUtils.java:logGet(46)) - raft.server.read.option = DEFAULT (default)
2023-12-13 16:20:27,095 [s0-groupManagement] INFO  server.RaftServerConfigKeys (ConfUtils.java:logGet(46)) - raft.server.read.read-after-write-consistent.write-index-cache.expiry-time = 60s (default)
2023-12-13 16:20:27,097 [s0-groupManagement] INFO  server.RaftServerConfigKeys (ConfUtils.java:logGet(46)) - raft.server.rpc.request.timeout = 3000ms (default)
2023-12-13 16:20:27,097 [s0-groupManagement] INFO  server.RaftServerConfigKeys (ConfUtils.java:logGet(46)) - raft.server.log.appender.install.snapshot.enabled = true (default)
2023-12-13 16:20:27,097 [s0-groupManagement] INFO  server.RaftServerConfigKeys (ConfUtils.java:logGet(46)) - raft.server.threadpool.server.cached = true (default)
2023-12-13 16:20:27,097 [s0-groupManagement] INFO  server.RaftServerConfigKeys (ConfUtils.java:logGet(46)) - raft.server.threadpool.server.size = 0 (default)
2023-12-13 16:20:27,097 [s0-groupManagement] INFO  server.RaftServerConfigKeys (ConfUtils.java:logGet(46)) - raft.server.threadpool.client.cached = true (default)
2023-12-13 16:20:27,097 [s0-groupManagement] INFO  server.RaftServerConfigKeys (ConfUtils.java:logGet(46)) - raft.server.threadpool.client.size = 0 (default)
2023-12-13 16:20:27,097 [s0-groupManagement] DEBUG server.RaftServer (RaftServerProxy.java:lambda$groupAddAsync$13(507)) - s0: newImpl =      null s0@group-F16E4F468C1D:t0, leader=null, voted=null, raftlog=UNINITIALIZED, conf=-1: peers:[s0|0.0.0.0:33275, s1|0.0.0.0:35089, s2|0.0.0.0:43627]|listeners:[], old=null NEW
2023-12-13 16:20:27,097 [s0-groupManagement] INFO  server.RaftServerConfigKeys (ConfUtils.java:logGet(46)) - raft.server.storage.free-space.min = 0MB (=0) (default)
2023-12-13 16:20:27,097 [s0-groupManagement] INFO  server.RaftServerConfigKeys (ConfUtils.java:logGet(46)) - raft.server.log.corruption.policy = EXCEPTION (default)
2023-12-13 16:20:27,097 [s0-groupManagement] INFO  server.RaftServerConfigKeys (ConfUtils.java:logGet(46)) - raft.server.storage.dir = [/home/runner/work/ratis/ratis/ratis-test/target/test/data/1e4ee837/MiniRaftClusterWithGrpc81039c8b/s0] (custom)
2023-12-13 16:20:27,098 [s0-groupManagement] INFO  storage.RaftStorageDirectory (RaftStorageDirectoryImpl.java:analyzeStorage(138)) - The storage directory /home/runner/work/ratis/ratis/ratis-test/target/test/data/1e4ee837/MiniRaftClusterWithGrpc81039c8b/s0/428d0cf7-57ab-4b1e-8ab2-f16e4f468c1d does not exist. Creating ...
2023-12-13 16:20:27,098 [s0-groupManagement] TRACE util.FileUtils (LogUtils.java:runAndLog(49)) - Successfully ran Files.createDirectories /home/runner/work/ratis/ratis/ratis-test/target/test/data/1e4ee837/MiniRaftClusterWithGrpc81039c8b/s0/428d0cf7-57ab-4b1e-8ab2-f16e4f468c1d
2023-12-13 16:20:27,099 [s0-groupManagement] INFO  storage.RaftStorageDirectory (RaftStorageDirectoryImpl.java:tryLock(228)) - Lock on /home/runner/work/ratis/ratis/ratis-test/target/test/data/1e4ee837/MiniRaftClusterWithGrpc81039c8b/s0/428d0cf7-57ab-4b1e-8ab2-f16e4f468c1d/in_use.lock acquired by nodename 10819@fv-az890-872
2023-12-13 16:20:27,099 [s0-groupManagement] TRACE util.FileUtils (LogUtils.java:runAndLog(49)) - Successfully ran Files.createDirectories /home/runner/work/ratis/ratis/ratis-test/target/test/data/1e4ee837/MiniRaftClusterWithGrpc81039c8b/s0/428d0cf7-57ab-4b1e-8ab2-f16e4f468c1d/current
2023-12-13 16:20:27,099 [s0-groupManagement] TRACE util.FileUtils (LogUtils.java:runAndLog(49)) - Successfully ran Files.createDirectories /home/runner/work/ratis/ratis/ratis-test/target/test/data/1e4ee837/MiniRaftClusterWithGrpc81039c8b/s0/428d0cf7-57ab-4b1e-8ab2-f16e4f468c1d/sm
2023-12-13 16:20:27,099 [s0-groupManagement] TRACE util.FileUtils (LogUtils.java:supplyAndLog(69)) - Successfully supplied FileChannel.open /home/runner/work/ratis/ratis/ratis-test/target/test/data/1e4ee837/MiniRaftClusterWithGrpc81039c8b/s0/428d0cf7-57ab-4b1e-8ab2-f16e4f468c1d/current/raft-meta.tmp with options [CREATE, WRITE]: sun.nio.ch.FileChannelImpl@1d794f99
2023-12-13 16:20:27,101 [s0-groupManagement] TRACE util.FileUtils (LogUtils.java:runAndLog(49)) - Successfully ran Atomic Files.move /home/runner/work/ratis/ratis/ratis-test/target/test/data/1e4ee837/MiniRaftClusterWithGrpc81039c8b/s0/428d0cf7-57ab-4b1e-8ab2-f16e4f468c1d/current/raft-meta.tmp to /home/runner/work/ratis/ratis/ratis-test/target/test/data/1e4ee837/MiniRaftClusterWithGrpc81039c8b/s0/428d0cf7-57ab-4b1e-8ab2-f16e4f468c1d/current/raft-meta with options [REPLACE_EXISTING]
2023-12-13 16:20:27,101 [s0-groupManagement] INFO  storage.RaftStorage (RaftStorageImpl.java:format(99)) - Storage directory /home/runner/work/ratis/ratis/ratis-test/target/test/data/1e4ee837/MiniRaftClusterWithGrpc81039c8b/s0/428d0cf7-57ab-4b1e-8ab2-f16e4f468c1d has been successfully formatted.
2023-12-13 16:20:27,101 [s0-groupManagement] TRACE util.FileUtils (LogUtils.java:supplyAndLog(61)) - Failed to Files.newInputStream /home/runner/work/ratis/ratis/ratis-test/target/test/data/1e4ee837/MiniRaftClusterWithGrpc81039c8b/s0/428d0cf7-57ab-4b1e-8ab2-f16e4f468c1d/current/raft-meta.conf with options []
java.nio.file.NoSuchFileException: /home/runner/work/ratis/ratis/ratis-test/target/test/data/1e4ee837/MiniRaftClusterWithGrpc81039c8b/s0/428d0cf7-57ab-4b1e-8ab2-f16e4f468c1d/current/raft-meta.conf
	at java.base/sun.nio.fs.UnixException.translateToIOException(UnixException.java:92)
	at java.base/sun.nio.fs.UnixException.rethrowAsIOException(UnixException.java:111)
	at java.base/sun.nio.fs.UnixException.rethrowAsIOException(UnixException.java:116)
	at java.base/sun.nio.fs.UnixFileSystemProvider.newByteChannel(UnixFileSystemProvider.java:219)
	at java.base/java.nio.file.Files.newByteChannel(Files.java:371)
	at java.base/java.nio.file.Files.newByteChannel(Files.java:422)
	at java.base/java.nio.file.spi.FileSystemProvider.newInputStream(FileSystemProvider.java:420)
	at java.base/java.nio.file.Files.newInputStream(Files.java:156)
	at org.apache.ratis.util.FileUtils.lambda$newInputStream$2(FileUtils.java:73)
	at org.apache.ratis.util.LogUtils.supplyAndLog(LogUtils.java:58)
	at org.apache.ratis.util.FileUtils.newInputStream(FileUtils.java:72)
	at org.apache.ratis.util.FileUtils.newInputStream(FileUtils.java:68)
	at org.apache.ratis.server.storage.RaftStorageImpl.readRaftConfiguration(RaftStorageImpl.java:156)
	at org.apache.ratis.server.impl.ServerState.initialize(ServerState.java:141)
	at org.apache.ratis.server.impl.RaftServerImpl.start(RaftServerImpl.java:388)
	at org.apache.ratis.server.impl.RaftServerProxy.lambda$groupAddAsync$13(RaftServerProxy.java:509)
	at java.base/java.util.concurrent.CompletableFuture$UniApply.tryFire(CompletableFuture.java:642)
	at java.base/java.util.concurrent.CompletableFuture$Completion.run(CompletableFuture.java:478)
	at java.base/java.util.concurrent.ThreadPoolExecutor.runWorker(ThreadPoolExecutor.java:1128)
	at java.base/java.util.concurrent.ThreadPoolExecutor$Worker.run(ThreadPoolExecutor.java:628)
	at java.base/java.lang.Thread.run(Thread.java:829)
2023-12-13 16:20:27,101 [s0-groupManagement] INFO  server.RaftServerConfigKeys (ConfUtils.java:logGet(46)) - raft.server.log.use.memory = false (default)
2023-12-13 16:20:27,101 [s0-groupManagement] INFO  server.RaftServerConfigKeys (ConfUtils.java:logGet(46)) - raft.server.log.purge.gap = 1024 (default)
2023-12-13 16:20:27,102 [s0-groupManagement] INFO  server.RaftServerConfigKeys (ConfUtils.java:logGet(46)) - raft.server.log.appender.buffer.byte-limit = 4MB (=4194304) (default)
2023-12-13 16:20:27,102 [s0-groupManagement] INFO  server.RaftServerConfigKeys (ConfUtils.java:logGet(46)) - raft.server.log.statemachine.data.read.timeout = 1000ms (default)
2023-12-13 16:20:27,102 [s0-groupManagement] INFO  server.RaftServerConfigKeys (ConfUtils.java:logGet(46)) - raft.server.log.purge.preservation.log.num = 0 (default)
2023-12-13 16:20:27,103 [s0-groupManagement] INFO  server.RaftServerConfigKeys (ConfUtils.java:logGet(46)) - raft.server.log.segment.size.max = 32MB (=33554432) (default)
2023-12-13 16:20:27,103 [s0-groupManagement] INFO  server.RaftServerConfigKeys (ConfUtils.java:logGet(46)) - raft.server.log.segment.cache.num.max = 6 (default)
2023-12-13 16:20:27,103 [s0-groupManagement] INFO  server.RaftServerConfigKeys (ConfUtils.java:logGet(46)) - raft.server.log.segment.cache.size.max = 200MB (=209715200) (default)
2023-12-13 16:20:27,103 [s0-groupManagement] INFO  server.RaftServerConfigKeys (ConfUtils.java:logGet(46)) - raft.server.log.appender.buffer.byte-limit = 4MB (=4194304) (default)
2023-12-13 16:20:27,106 [s0-groupManagement] INFO  util.AwaitToRun (AwaitToRun.java:start(81)) - Thread[s0@group-F16E4F468C1D-cacheEviction-AwaitToRun,5,main] started
2023-12-13 16:20:27,106 [s0-groupManagement] INFO  segmented.SegmentedRaftLogWorker (SegmentedRaftLogWorker.java:<init>(182)) - new s0@group-F16E4F468C1D-SegmentedRaftLogWorker for RaftStorageImpl:Storage Directory /home/runner/work/ratis/ratis/ratis-test/target/test/data/1e4ee837/MiniRaftClusterWithGrpc81039c8b/s0/428d0cf7-57ab-4b1e-8ab2-f16e4f468c1d
2023-12-13 16:20:27,106 [s0-groupManagement] INFO  server.RaftServerConfigKeys (ConfUtils.java:logGet(46)) - raft.server.log.queue.byte-limit = 64MB (=67108864) (default)
2023-12-13 16:20:27,106 [s0-groupManagement] INFO  server.RaftServerConfigKeys (ConfUtils.java:logGet(46)) - raft.server.log.queue.element-limit = 4096 (default)
2023-12-13 16:20:27,106 [s0-groupManagement] INFO  server.RaftServerConfigKeys (ConfUtils.java:logGet(46)) - raft.server.log.segment.size.max = 32MB (=33554432) (default)
2023-12-13 16:20:27,106 [s0-groupManagement] INFO  server.RaftServerConfigKeys (ConfUtils.java:logGet(46)) - raft.server.log.preallocated.size = 4MB (=4194304) (default)
2023-12-13 16:20:27,106 [s0-groupManagement] INFO  server.RaftServerConfigKeys (ConfUtils.java:logGet(46)) - raft.server.log.force.sync.num = 128 (default)
2023-12-13 16:20:27,106 [s0-groupManagement] INFO  server.RaftServerConfigKeys (ConfUtils.java:logGet(46)) - raft.server.log.statemachine.data.sync = true (default)
2023-12-13 16:20:27,106 [s0-groupManagement] INFO  server.RaftServerConfigKeys (ConfUtils.java:logGet(46)) - raft.server.log.statemachine.data.sync.timeout = 10s (default)
2023-12-13 16:20:27,106 [s0-groupManagement] INFO  server.RaftServerConfigKeys (ConfUtils.java:logGet(46)) - raft.server.log.statemachine.data.sync.timeout.retry = -1 (default)
2023-12-13 16:20:27,107 [s0-groupManagement] INFO  server.RaftServerConfigKeys (ConfUtils.java:logGet(46)) - raft.server.log.write.buffer.size = 8MB (=8388608) (default)
2023-12-13 16:20:27,108 [s0-groupManagement] INFO  server.RaftServerConfigKeys (ConfUtils.java:logGet(46)) - raft.server.log.appender.buffer.byte-limit = 4MB (=4194304) (default)
2023-12-13 16:20:27,108 [s0-groupManagement] INFO  server.RaftServerConfigKeys (ConfUtils.java:logGet(46)) - raft.server.log.unsafe-flush.enabled = false (default)
2023-12-13 16:20:27,108 [s0-groupManagement] INFO  server.RaftServerConfigKeys (ConfUtils.java:logGet(46)) - raft.server.log.async-flush.enabled = false (default)
2023-12-13 16:20:27,108 [s0-groupManagement] INFO  server.RaftServerConfigKeys (ConfUtils.java:logGet(46)) - raft.server.log.statemachine.data.caching.enabled = false (default)
2023-12-13 16:20:27,108 [s0-groupManagement] INFO  segmented.SegmentedRaftLogWorker (SegmentedRaftLogWorker.java:lambda$new$0(134)) - s0@group-F16E4F468C1D-SegmentedRaftLogWorker: flushIndex: setUnconditionally 0 -> -1
2023-12-13 16:20:27,108 [s0-groupManagement] INFO  segmented.SegmentedRaftLogWorker (SegmentedRaftLogWorker.java:lambda$new$0(134)) - s0@group-F16E4F468C1D-SegmentedRaftLogWorker: safeCacheEvictIndex: setUnconditionally 0 -> -1
2023-12-13 16:20:27,109 [s0-groupManagement] INFO  server.RaftServer$Division (RaftServerImpl.java:start(392)) - s0@group-F16E4F468C1D: start as a follower, conf=-1: peers:[s0|0.0.0.0:33275, s1|0.0.0.0:35089, s2|0.0.0.0:43627]|listeners:[], old=null
2023-12-13 16:20:27,109 [s0-groupManagement] INFO  server.RaftServer$Division (RaftServerImpl.java:setRole(379)) - s0@group-F16E4F468C1D: changes role from      null to FOLLOWER at term 0 for startAsFollower
2023-12-13 16:20:27,109 [s0-groupManagement] INFO  impl.RoleInfo (RoleInfo.java:updateAndGet(139)) - s0: start s0@group-F16E4F468C1D-FollowerState
2023-12-13 16:20:27,109 [s0@group-F16E4F468C1D-FollowerState] INFO  server.RaftServerConfigKeys (ConfUtils.java:logFallback(53)) - raft.server.rpc.first-election.timeout.min = 1500ms (fallback to raft.server.rpc.timeout.min)
2023-12-13 16:20:27,109 [s0-groupManagement] INFO  util.JmxRegister (JmxRegister.java:tryRegister(44)) - Successfully registered JMX Bean with object name Ratis:service=RaftServer,group=group-F16E4F468C1D,id=s0
2023-12-13 16:20:27,109 [s0@group-F16E4F468C1D-FollowerState] INFO  server.RaftServerConfigKeys (ConfUtils.java:logFallback(53)) - raft.server.rpc.first-election.timeout.max = 2000ms (fallback to raft.server.rpc.timeout.max)
2023-12-13 16:20:27,109 [s0-groupManagement] INFO  server.RaftServerConfigKeys (ConfUtils.java:logGet(46)) - raft.server.snapshot.trigger-when-stop.enabled = true (default)
2023-12-13 16:20:27,109 [s0-groupManagement] INFO  server.RaftServerConfigKeys (ConfUtils.java:logGet(46)) - raft.server.snapshot.auto.trigger.enabled = false (default)
2023-12-13 16:20:27,109 [s0-groupManagement] INFO  server.RaftServerConfigKeys (ConfUtils.java:logGet(46)) - raft.server.snapshot.retention.file.num = -1 (default)
2023-12-13 16:20:27,109 [s0-groupManagement] INFO  server.RaftServerConfigKeys (ConfUtils.java:logGet(46)) - raft.server.log.purge.upto.snapshot.index = false (default)
2023-12-13 16:20:27,120 [grpc-default-executor-0] INFO  server.RaftServer (RaftServerProxy.java:addNew(100)) - s1: addNew group-F16E4F468C1D:[s0|0.0.0.0:33275, s1|0.0.0.0:35089, s2|0.0.0.0:43627] returns group-F16E4F468C1D:java.util.concurrent.CompletableFuture@138896ba[Not completed]
2023-12-13 16:20:27,120 [s1-groupManagement] INFO  server.RaftServer$Division (RaftServerImpl.java:<init>(256)) - s1: new RaftServerImpl for group-F16E4F468C1D:[s0|0.0.0.0:33275, s1|0.0.0.0:35089, s2|0.0.0.0:43627] with BaseStateMachine:uninitialized
2023-12-13 16:20:27,120 [s1-groupManagement] INFO  server.RaftServerConfigKeys (ConfUtils.java:logGet(46)) - raft.server.rpc.timeout.min = 1500ms (custom)
2023-12-13 16:20:27,120 [s1-groupManagement] INFO  server.RaftServerConfigKeys (ConfUtils.java:logGet(46)) - raft.server.rpc.timeout.max = 2000ms (custom)
2023-12-13 16:20:27,120 [s1-groupManagement] INFO  server.RaftServerConfigKeys (ConfUtils.java:logGet(46)) - raft.server.rpc.sleep.time = 25ms (default)
2023-12-13 16:20:27,120 [s1-groupManagement] INFO  server.RaftServerConfigKeys (ConfUtils.java:logGet(46)) - raft.server.rpc.slowness.timeout = 60s (default)
2023-12-13 16:20:27,120 [s1-groupManagement] INFO  server.RaftServerConfigKeys (ConfUtils.java:logGet(46)) - raft.server.leaderelection.leader.step-down.wait-time = 10s (default)
2023-12-13 16:20:27,120 [s1-groupManagement] INFO  server.RaftServerConfigKeys (ConfUtils.java:logGet(46)) - raft.server.leaderelection.member.majority-add = false (default)
2023-12-13 16:20:27,120 [s1-groupManagement] INFO  server.RaftServerConfigKeys (ConfUtils.java:logGet(46)) - raft.server.sleep.deviation.threshold = 300ms (default)
2023-12-13 16:20:27,120 [s1-groupManagement] INFO  server.RaftServer$Division (ServerState.java:<init>(113)) - s1@group-F16E4F468C1D: ConfigurationManager, init=-1: peers:[s0|0.0.0.0:33275, s1|0.0.0.0:35089, s2|0.0.0.0:43627]|listeners:[], old=null, confs=<EMPTY_MAP>
2023-12-13 16:20:27,121 [s1-groupManagement] INFO  server.RaftServerConfigKeys (ConfUtils.java:logGet(46)) - raft.server.notification.no-leader.timeout = 60s (default)
2023-12-13 16:20:27,121 [s1-groupManagement] INFO  server.RaftServerConfigKeys (ConfUtils.java:logGet(46)) - raft.server.read.timeout = 10s (default)
2023-12-13 16:20:27,121 [s1-groupManagement] INFO  server.RaftServerConfigKeys (ConfUtils.java:logGet(46)) - raft.server.retrycache.expirytime = 60s (default)
2023-12-13 16:20:27,121 [s1-groupManagement] INFO  server.RaftServerConfigKeys (ConfUtils.java:logGet(46)) - raft.server.retrycache.statistics.expirytime = 100ms (default)
2023-12-13 16:20:27,121 [s1-groupManagement] INFO  server.RaftServerConfigKeys (ConfUtils.java:logGet(46)) - raft.server.read.option = DEFAULT (default)
2023-12-13 16:20:27,121 [s1-groupManagement] INFO  server.RaftServerConfigKeys (ConfUtils.java:logGet(46)) - raft.server.read.read-after-write-consistent.write-index-cache.expiry-time = 60s (default)
2023-12-13 16:20:27,122 [s1-groupManagement] INFO  server.RaftServerConfigKeys (ConfUtils.java:logGet(46)) - raft.server.rpc.request.timeout = 3000ms (default)
2023-12-13 16:20:27,122 [s1-groupManagement] INFO  server.RaftServerConfigKeys (ConfUtils.java:logGet(46)) - raft.server.log.appender.install.snapshot.enabled = true (default)
2023-12-13 16:20:27,122 [s1-groupManagement] INFO  server.RaftServerConfigKeys (ConfUtils.java:logGet(46)) - raft.server.threadpool.server.cached = true (default)
2023-12-13 16:20:27,122 [s1-groupManagement] INFO  server.RaftServerConfigKeys (ConfUtils.java:logGet(46)) - raft.server.threadpool.server.size = 0 (default)
2023-12-13 16:20:27,123 [s1-groupManagement] INFO  server.RaftServerConfigKeys (ConfUtils.java:logGet(46)) - raft.server.threadpool.client.cached = true (default)
2023-12-13 16:20:27,123 [s1-groupManagement] INFO  server.RaftServerConfigKeys (ConfUtils.java:logGet(46)) - raft.server.threadpool.client.size = 0 (default)
2023-12-13 16:20:27,123 [s1-groupManagement] DEBUG server.RaftServer (RaftServerProxy.java:lambda$groupAddAsync$13(507)) - s1: newImpl =      null s1@group-F16E4F468C1D:t0, leader=null, voted=null, raftlog=UNINITIALIZED, conf=-1: peers:[s0|0.0.0.0:33275, s1|0.0.0.0:35089, s2|0.0.0.0:43627]|listeners:[], old=null NEW
2023-12-13 16:20:27,123 [s1-groupManagement] INFO  server.RaftServerConfigKeys (ConfUtils.java:logGet(46)) - raft.server.storage.free-space.min = 0MB (=0) (default)
2023-12-13 16:20:27,123 [s1-groupManagement] INFO  server.RaftServerConfigKeys (ConfUtils.java:logGet(46)) - raft.server.log.corruption.policy = EXCEPTION (default)
2023-12-13 16:20:27,123 [s1-groupManagement] INFO  server.RaftServerConfigKeys (ConfUtils.java:logGet(46)) - raft.server.storage.dir = [/home/runner/work/ratis/ratis/ratis-test/target/test/data/1e4ee837/MiniRaftClusterWithGrpc81039c8b/s1] (custom)
2023-12-13 16:20:27,123 [s1-groupManagement] INFO  storage.RaftStorageDirectory (RaftStorageDirectoryImpl.java:analyzeStorage(138)) - The storage directory /home/runner/work/ratis/ratis/ratis-test/target/test/data/1e4ee837/MiniRaftClusterWithGrpc81039c8b/s1/428d0cf7-57ab-4b1e-8ab2-f16e4f468c1d does not exist. Creating ...
2023-12-13 16:20:27,123 [s1-groupManagement] TRACE util.FileUtils (LogUtils.java:runAndLog(49)) - Successfully ran Files.createDirectories /home/runner/work/ratis/ratis/ratis-test/target/test/data/1e4ee837/MiniRaftClusterWithGrpc81039c8b/s1/428d0cf7-57ab-4b1e-8ab2-f16e4f468c1d
2023-12-13 16:20:27,124 [s1-groupManagement] INFO  storage.RaftStorageDirectory (RaftStorageDirectoryImpl.java:tryLock(228)) - Lock on /home/runner/work/ratis/ratis/ratis-test/target/test/data/1e4ee837/MiniRaftClusterWithGrpc81039c8b/s1/428d0cf7-57ab-4b1e-8ab2-f16e4f468c1d/in_use.lock acquired by nodename 10819@fv-az890-872
2023-12-13 16:20:27,124 [s1-groupManagement] TRACE util.FileUtils (LogUtils.java:runAndLog(49)) - Successfully ran Files.createDirectories /home/runner/work/ratis/ratis/ratis-test/target/test/data/1e4ee837/MiniRaftClusterWithGrpc81039c8b/s1/428d0cf7-57ab-4b1e-8ab2-f16e4f468c1d/current
2023-12-13 16:20:27,124 [s1-groupManagement] TRACE util.FileUtils (LogUtils.java:runAndLog(49)) - Successfully ran Files.createDirectories /home/runner/work/ratis/ratis/ratis-test/target/test/data/1e4ee837/MiniRaftClusterWithGrpc81039c8b/s1/428d0cf7-57ab-4b1e-8ab2-f16e4f468c1d/sm
2023-12-13 16:20:27,125 [s1-groupManagement] TRACE util.FileUtils (LogUtils.java:supplyAndLog(69)) - Successfully supplied FileChannel.open /home/runner/work/ratis/ratis/ratis-test/target/test/data/1e4ee837/MiniRaftClusterWithGrpc81039c8b/s1/428d0cf7-57ab-4b1e-8ab2-f16e4f468c1d/current/raft-meta.tmp with options [CREATE, WRITE]: sun.nio.ch.FileChannelImpl@2c43fb17
2023-12-13 16:20:27,126 [s1-groupManagement] TRACE util.FileUtils (LogUtils.java:runAndLog(49)) - Successfully ran Atomic Files.move /home/runner/work/ratis/ratis/ratis-test/target/test/data/1e4ee837/MiniRaftClusterWithGrpc81039c8b/s1/428d0cf7-57ab-4b1e-8ab2-f16e4f468c1d/current/raft-meta.tmp to /home/runner/work/ratis/ratis/ratis-test/target/test/data/1e4ee837/MiniRaftClusterWithGrpc81039c8b/s1/428d0cf7-57ab-4b1e-8ab2-f16e4f468c1d/current/raft-meta with options [REPLACE_EXISTING]
2023-12-13 16:20:27,126 [s1-groupManagement] INFO  storage.RaftStorage (RaftStorageImpl.java:format(99)) - Storage directory /home/runner/work/ratis/ratis/ratis-test/target/test/data/1e4ee837/MiniRaftClusterWithGrpc81039c8b/s1/428d0cf7-57ab-4b1e-8ab2-f16e4f468c1d has been successfully formatted.
2023-12-13 16:20:27,126 [s1-groupManagement] TRACE util.FileUtils (LogUtils.java:supplyAndLog(61)) - Failed to Files.newInputStream /home/runner/work/ratis/ratis/ratis-test/target/test/data/1e4ee837/MiniRaftClusterWithGrpc81039c8b/s1/428d0cf7-57ab-4b1e-8ab2-f16e4f468c1d/current/raft-meta.conf with options []
java.nio.file.NoSuchFileException: /home/runner/work/ratis/ratis/ratis-test/target/test/data/1e4ee837/MiniRaftClusterWithGrpc81039c8b/s1/428d0cf7-57ab-4b1e-8ab2-f16e4f468c1d/current/raft-meta.conf
	at java.base/sun.nio.fs.UnixException.translateToIOException(UnixException.java:92)
	at java.base/sun.nio.fs.UnixException.rethrowAsIOException(UnixException.java:111)
	at java.base/sun.nio.fs.UnixException.rethrowAsIOException(UnixException.java:116)
	at java.base/sun.nio.fs.UnixFileSystemProvider.newByteChannel(UnixFileSystemProvider.java:219)
	at java.base/java.nio.file.Files.newByteChannel(Files.java:371)
	at java.base/java.nio.file.Files.newByteChannel(Files.java:422)
	at java.base/java.nio.file.spi.FileSystemProvider.newInputStream(FileSystemProvider.java:420)
	at java.base/java.nio.file.Files.newInputStream(Files.java:156)
	at org.apache.ratis.util.FileUtils.lambda$newInputStream$2(FileUtils.java:73)
	at org.apache.ratis.util.LogUtils.supplyAndLog(LogUtils.java:58)
	at org.apache.ratis.util.FileUtils.newInputStream(FileUtils.java:72)
	at org.apache.ratis.util.FileUtils.newInputStream(FileUtils.java:68)
	at org.apache.ratis.server.storage.RaftStorageImpl.readRaftConfiguration(RaftStorageImpl.java:156)
	at org.apache.ratis.server.impl.ServerState.initialize(ServerState.java:141)
	at org.apache.ratis.server.impl.RaftServerImpl.start(RaftServerImpl.java:388)
	at org.apache.ratis.server.impl.RaftServerProxy.lambda$groupAddAsync$13(RaftServerProxy.java:509)
	at java.base/java.util.concurrent.CompletableFuture$UniApply.tryFire(CompletableFuture.java:642)
	at java.base/java.util.concurrent.CompletableFuture$Completion.run(CompletableFuture.java:478)
	at java.base/java.util.concurrent.ThreadPoolExecutor.runWorker(ThreadPoolExecutor.java:1128)
	at java.base/java.util.concurrent.ThreadPoolExecutor$Worker.run(ThreadPoolExecutor.java:628)
	at java.base/java.lang.Thread.run(Thread.java:829)
2023-12-13 16:20:27,127 [s1-groupManagement] INFO  server.RaftServerConfigKeys (ConfUtils.java:logGet(46)) - raft.server.log.use.memory = false (default)
2023-12-13 16:20:27,127 [s1-groupManagement] INFO  server.RaftServerConfigKeys (ConfUtils.java:logGet(46)) - raft.server.log.purge.gap = 1024 (default)
2023-12-13 16:20:27,127 [s1-groupManagement] INFO  server.RaftServerConfigKeys (ConfUtils.java:logGet(46)) - raft.server.log.appender.buffer.byte-limit = 4MB (=4194304) (default)
2023-12-13 16:20:27,127 [s1-groupManagement] INFO  server.RaftServerConfigKeys (ConfUtils.java:logGet(46)) - raft.server.log.statemachine.data.read.timeout = 1000ms (default)
2023-12-13 16:20:27,127 [s1-groupManagement] INFO  server.RaftServerConfigKeys (ConfUtils.java:logGet(46)) - raft.server.log.purge.preservation.log.num = 0 (default)
2023-12-13 16:20:27,127 [s1-groupManagement] INFO  server.RaftServerConfigKeys (ConfUtils.java:logGet(46)) - raft.server.log.segment.size.max = 32MB (=33554432) (default)
2023-12-13 16:20:27,128 [s1-groupManagement] INFO  server.RaftServerConfigKeys (ConfUtils.java:logGet(46)) - raft.server.log.segment.cache.num.max = 6 (default)
2023-12-13 16:20:27,128 [s1-groupManagement] INFO  server.RaftServerConfigKeys (ConfUtils.java:logGet(46)) - raft.server.log.segment.cache.size.max = 200MB (=209715200) (default)
2023-12-13 16:20:27,128 [s1-groupManagement] INFO  server.RaftServerConfigKeys (ConfUtils.java:logGet(46)) - raft.server.log.appender.buffer.byte-limit = 4MB (=4194304) (default)
2023-12-13 16:20:27,128 [s1-groupManagement] INFO  util.AwaitToRun (AwaitToRun.java:start(81)) - Thread[s1@group-F16E4F468C1D-cacheEviction-AwaitToRun,5,main] started
2023-12-13 16:20:27,128 [s1-groupManagement] INFO  segmented.SegmentedRaftLogWorker (SegmentedRaftLogWorker.java:<init>(182)) - new s1@group-F16E4F468C1D-SegmentedRaftLogWorker for RaftStorageImpl:Storage Directory /home/runner/work/ratis/ratis/ratis-test/target/test/data/1e4ee837/MiniRaftClusterWithGrpc81039c8b/s1/428d0cf7-57ab-4b1e-8ab2-f16e4f468c1d
2023-12-13 16:20:27,128 [s1-groupManagement] INFO  server.RaftServerConfigKeys (ConfUtils.java:logGet(46)) - raft.server.log.queue.byte-limit = 64MB (=67108864) (default)
2023-12-13 16:20:27,128 [s1-groupManagement] INFO  server.RaftServerConfigKeys (ConfUtils.java:logGet(46)) - raft.server.log.queue.element-limit = 4096 (default)
2023-12-13 16:20:27,128 [s1-groupManagement] INFO  server.RaftServerConfigKeys (ConfUtils.java:logGet(46)) - raft.server.log.segment.size.max = 32MB (=33554432) (default)
2023-12-13 16:20:27,128 [s1-groupManagement] INFO  server.RaftServerConfigKeys (ConfUtils.java:logGet(46)) - raft.server.log.preallocated.size = 4MB (=4194304) (default)
2023-12-13 16:20:27,128 [s1-groupManagement] INFO  server.RaftServerConfigKeys (ConfUtils.java:logGet(46)) - raft.server.log.force.sync.num = 128 (default)
2023-12-13 16:20:27,128 [s1-groupManagement] INFO  server.RaftServerConfigKeys (ConfUtils.java:logGet(46)) - raft.server.log.statemachine.data.sync = true (default)
2023-12-13 16:20:27,128 [s1-groupManagement] INFO  server.RaftServerConfigKeys (ConfUtils.java:logGet(46)) - raft.server.log.statemachine.data.sync.timeout = 10s (default)
2023-12-13 16:20:27,128 [s1-groupManagement] INFO  server.RaftServerConfigKeys (ConfUtils.java:logGet(46)) - raft.server.log.statemachine.data.sync.timeout.retry = -1 (default)
2023-12-13 16:20:27,129 [s1-groupManagement] INFO  server.RaftServerConfigKeys (ConfUtils.java:logGet(46)) - raft.server.log.write.buffer.size = 8MB (=8388608) (default)
2023-12-13 16:20:27,130 [s1-groupManagement] INFO  server.RaftServerConfigKeys (ConfUtils.java:logGet(46)) - raft.server.log.appender.buffer.byte-limit = 4MB (=4194304) (default)
2023-12-13 16:20:27,130 [s1-groupManagement] INFO  server.RaftServerConfigKeys (ConfUtils.java:logGet(46)) - raft.server.log.unsafe-flush.enabled = false (default)
2023-12-13 16:20:27,130 [s1-groupManagement] INFO  server.RaftServerConfigKeys (ConfUtils.java:logGet(46)) - raft.server.log.async-flush.enabled = false (default)
2023-12-13 16:20:27,130 [s1-groupManagement] INFO  server.RaftServerConfigKeys (ConfUtils.java:logGet(46)) - raft.server.log.statemachine.data.caching.enabled = false (default)
2023-12-13 16:20:27,130 [s1-groupManagement] INFO  segmented.SegmentedRaftLogWorker (SegmentedRaftLogWorker.java:lambda$new$0(134)) - s1@group-F16E4F468C1D-SegmentedRaftLogWorker: flushIndex: setUnconditionally 0 -> -1
2023-12-13 16:20:27,130 [s1-groupManagement] INFO  segmented.SegmentedRaftLogWorker (SegmentedRaftLogWorker.java:lambda$new$0(134)) - s1@group-F16E4F468C1D-SegmentedRaftLogWorker: safeCacheEvictIndex: setUnconditionally 0 -> -1
2023-12-13 16:20:27,131 [s1-groupManagement] INFO  server.RaftServer$Division (RaftServerImpl.java:start(392)) - s1@group-F16E4F468C1D: start as a follower, conf=-1: peers:[s0|0.0.0.0:33275, s1|0.0.0.0:35089, s2|0.0.0.0:43627]|listeners:[], old=null
2023-12-13 16:20:27,131 [s1-groupManagement] INFO  server.RaftServer$Division (RaftServerImpl.java:setRole(379)) - s1@group-F16E4F468C1D: changes role from      null to FOLLOWER at term 0 for startAsFollower
2023-12-13 16:20:27,131 [s1-groupManagement] INFO  impl.RoleInfo (RoleInfo.java:updateAndGet(139)) - s1: start s1@group-F16E4F468C1D-FollowerState
2023-12-13 16:20:27,131 [s1@group-F16E4F468C1D-FollowerState] INFO  server.RaftServerConfigKeys (ConfUtils.java:logFallback(53)) - raft.server.rpc.first-election.timeout.min = 1500ms (fallback to raft.server.rpc.timeout.min)
2023-12-13 16:20:27,131 [s1@group-F16E4F468C1D-FollowerState] INFO  server.RaftServerConfigKeys (ConfUtils.java:logFallback(53)) - raft.server.rpc.first-election.timeout.max = 2000ms (fallback to raft.server.rpc.timeout.max)
2023-12-13 16:20:27,131 [s1-groupManagement] INFO  util.JmxRegister (JmxRegister.java:tryRegister(44)) - Successfully registered JMX Bean with object name Ratis:service=RaftServer,group=group-F16E4F468C1D,id=s1
2023-12-13 16:20:27,131 [s1-groupManagement] INFO  server.RaftServerConfigKeys (ConfUtils.java:logGet(46)) - raft.server.snapshot.trigger-when-stop.enabled = true (default)
2023-12-13 16:20:27,131 [s1-groupManagement] INFO  server.RaftServerConfigKeys (ConfUtils.java:logGet(46)) - raft.server.snapshot.auto.trigger.enabled = false (default)
2023-12-13 16:20:27,131 [s1-groupManagement] INFO  server.RaftServerConfigKeys (ConfUtils.java:logGet(46)) - raft.server.snapshot.retention.file.num = -1 (default)
2023-12-13 16:20:27,131 [s1-groupManagement] INFO  server.RaftServerConfigKeys (ConfUtils.java:logGet(46)) - raft.server.log.purge.upto.snapshot.index = false (default)
2023-12-13 16:20:27,140 [grpc-default-executor-0] INFO  server.RaftServer (RaftServerProxy.java:addNew(100)) - s2: addNew group-F16E4F468C1D:[s0|0.0.0.0:33275, s1|0.0.0.0:35089, s2|0.0.0.0:43627] returns group-F16E4F468C1D:java.util.concurrent.CompletableFuture@1d428e0a[Not completed]
2023-12-13 16:20:27,140 [s2-groupManagement] INFO  server.RaftServer$Division (RaftServerImpl.java:<init>(256)) - s2: new RaftServerImpl for group-F16E4F468C1D:[s0|0.0.0.0:33275, s1|0.0.0.0:35089, s2|0.0.0.0:43627] with BaseStateMachine:uninitialized
2023-12-13 16:20:27,140 [s2-groupManagement] INFO  server.RaftServerConfigKeys (ConfUtils.java:logGet(46)) - raft.server.rpc.timeout.min = 1500ms (custom)
2023-12-13 16:20:27,140 [s2-groupManagement] INFO  server.RaftServerConfigKeys (ConfUtils.java:logGet(46)) - raft.server.rpc.timeout.max = 2000ms (custom)
2023-12-13 16:20:27,140 [s2-groupManagement] INFO  server.RaftServerConfigKeys (ConfUtils.java:logGet(46)) - raft.server.rpc.sleep.time = 25ms (default)
2023-12-13 16:20:27,140 [s2-groupManagement] INFO  server.RaftServerConfigKeys (ConfUtils.java:logGet(46)) - raft.server.rpc.slowness.timeout = 60s (default)
2023-12-13 16:20:27,140 [s2-groupManagement] INFO  server.RaftServerConfigKeys (ConfUtils.java:logGet(46)) - raft.server.leaderelection.leader.step-down.wait-time = 10s (default)
2023-12-13 16:20:27,140 [s2-groupManagement] INFO  server.RaftServerConfigKeys (ConfUtils.java:logGet(46)) - raft.server.leaderelection.member.majority-add = false (default)
2023-12-13 16:20:27,140 [s2-groupManagement] INFO  server.RaftServerConfigKeys (ConfUtils.java:logGet(46)) - raft.server.sleep.deviation.threshold = 300ms (default)
2023-12-13 16:20:27,141 [s2-groupManagement] INFO  server.RaftServer$Division (ServerState.java:<init>(113)) - s2@group-F16E4F468C1D: ConfigurationManager, init=-1: peers:[s0|0.0.0.0:33275, s1|0.0.0.0:35089, s2|0.0.0.0:43627]|listeners:[], old=null, confs=<EMPTY_MAP>
2023-12-13 16:20:27,141 [s2-groupManagement] INFO  server.RaftServerConfigKeys (ConfUtils.java:logGet(46)) - raft.server.notification.no-leader.timeout = 60s (default)
2023-12-13 16:20:27,141 [s2-groupManagement] INFO  server.RaftServerConfigKeys (ConfUtils.java:logGet(46)) - raft.server.read.timeout = 10s (default)
2023-12-13 16:20:27,141 [s2-groupManagement] INFO  server.RaftServerConfigKeys (ConfUtils.java:logGet(46)) - raft.server.retrycache.expirytime = 60s (default)
2023-12-13 16:20:27,141 [s2-groupManagement] INFO  server.RaftServerConfigKeys (ConfUtils.java:logGet(46)) - raft.server.retrycache.statistics.expirytime = 100ms (default)
2023-12-13 16:20:27,141 [s2-groupManagement] INFO  server.RaftServerConfigKeys (ConfUtils.java:logGet(46)) - raft.server.read.option = DEFAULT (default)
2023-12-13 16:20:27,141 [s2-groupManagement] INFO  server.RaftServerConfigKeys (ConfUtils.java:logGet(46)) - raft.server.read.read-after-write-consistent.write-index-cache.expiry-time = 60s (default)
2023-12-13 16:20:27,142 [s2-groupManagement] INFO  server.RaftServerConfigKeys (ConfUtils.java:logGet(46)) - raft.server.rpc.request.timeout = 3000ms (default)
2023-12-13 16:20:27,142 [s2-groupManagement] INFO  server.RaftServerConfigKeys (ConfUtils.java:logGet(46)) - raft.server.log.appender.install.snapshot.enabled = true (default)
2023-12-13 16:20:27,142 [s2-groupManagement] INFO  server.RaftServerConfigKeys (ConfUtils.java:logGet(46)) - raft.server.threadpool.server.cached = true (default)
2023-12-13 16:20:27,142 [s2-groupManagement] INFO  server.RaftServerConfigKeys (ConfUtils.java:logGet(46)) - raft.server.threadpool.server.size = 0 (default)
2023-12-13 16:20:27,142 [s2-groupManagement] INFO  server.RaftServerConfigKeys (ConfUtils.java:logGet(46)) - raft.server.threadpool.client.cached = true (default)
2023-12-13 16:20:27,142 [s2-groupManagement] INFO  server.RaftServerConfigKeys (ConfUtils.java:logGet(46)) - raft.server.threadpool.client.size = 0 (default)
2023-12-13 16:20:27,143 [s2-groupManagement] DEBUG server.RaftServer (RaftServerProxy.java:lambda$groupAddAsync$13(507)) - s2: newImpl =      null s2@group-F16E4F468C1D:t0, leader=null, voted=null, raftlog=UNINITIALIZED, conf=-1: peers:[s0|0.0.0.0:33275, s1|0.0.0.0:35089, s2|0.0.0.0:43627]|listeners:[], old=null NEW
2023-12-13 16:20:27,143 [s2-groupManagement] INFO  server.RaftServerConfigKeys (ConfUtils.java:logGet(46)) - raft.server.storage.free-space.min = 0MB (=0) (default)
2023-12-13 16:20:27,143 [s2-groupManagement] INFO  server.RaftServerConfigKeys (ConfUtils.java:logGet(46)) - raft.server.log.corruption.policy = EXCEPTION (default)
2023-12-13 16:20:27,143 [s2-groupManagement] INFO  server.RaftServerConfigKeys (ConfUtils.java:logGet(46)) - raft.server.storage.dir = [/home/runner/work/ratis/ratis/ratis-test/target/test/data/1e4ee837/MiniRaftClusterWithGrpc81039c8b/s2] (custom)
2023-12-13 16:20:27,143 [s2-groupManagement] INFO  storage.RaftStorageDirectory (RaftStorageDirectoryImpl.java:analyzeStorage(138)) - The storage directory /home/runner/work/ratis/ratis/ratis-test/target/test/data/1e4ee837/MiniRaftClusterWithGrpc81039c8b/s2/428d0cf7-57ab-4b1e-8ab2-f16e4f468c1d does not exist. Creating ...
2023-12-13 16:20:27,143 [s2-groupManagement] TRACE util.FileUtils (LogUtils.java:runAndLog(49)) - Successfully ran Files.createDirectories /home/runner/work/ratis/ratis/ratis-test/target/test/data/1e4ee837/MiniRaftClusterWithGrpc81039c8b/s2/428d0cf7-57ab-4b1e-8ab2-f16e4f468c1d
2023-12-13 16:20:27,145 [s2-groupManagement] INFO  storage.RaftStorageDirectory (RaftStorageDirectoryImpl.java:tryLock(228)) - Lock on /home/runner/work/ratis/ratis/ratis-test/target/test/data/1e4ee837/MiniRaftClusterWithGrpc81039c8b/s2/428d0cf7-57ab-4b1e-8ab2-f16e4f468c1d/in_use.lock acquired by nodename 10819@fv-az890-872
2023-12-13 16:20:27,145 [s2-groupManagement] TRACE util.FileUtils (LogUtils.java:runAndLog(49)) - Successfully ran Files.createDirectories /home/runner/work/ratis/ratis/ratis-test/target/test/data/1e4ee837/MiniRaftClusterWithGrpc81039c8b/s2/428d0cf7-57ab-4b1e-8ab2-f16e4f468c1d/current
2023-12-13 16:20:27,145 [s2-groupManagement] TRACE util.FileUtils (LogUtils.java:runAndLog(49)) - Successfully ran Files.createDirectories /home/runner/work/ratis/ratis/ratis-test/target/test/data/1e4ee837/MiniRaftClusterWithGrpc81039c8b/s2/428d0cf7-57ab-4b1e-8ab2-f16e4f468c1d/sm
2023-12-13 16:20:27,145 [s2-groupManagement] TRACE util.FileUtils (LogUtils.java:supplyAndLog(69)) - Successfully supplied FileChannel.open /home/runner/work/ratis/ratis/ratis-test/target/test/data/1e4ee837/MiniRaftClusterWithGrpc81039c8b/s2/428d0cf7-57ab-4b1e-8ab2-f16e4f468c1d/current/raft-meta.tmp with options [CREATE, WRITE]: sun.nio.ch.FileChannelImpl@603574a6
2023-12-13 16:20:27,147 [s2-groupManagement] TRACE util.FileUtils (LogUtils.java:runAndLog(49)) - Successfully ran Atomic Files.move /home/runner/work/ratis/ratis/ratis-test/target/test/data/1e4ee837/MiniRaftClusterWithGrpc81039c8b/s2/428d0cf7-57ab-4b1e-8ab2-f16e4f468c1d/current/raft-meta.tmp to /home/runner/work/ratis/ratis/ratis-test/target/test/data/1e4ee837/MiniRaftClusterWithGrpc81039c8b/s2/428d0cf7-57ab-4b1e-8ab2-f16e4f468c1d/current/raft-meta with options [REPLACE_EXISTING]
2023-12-13 16:20:27,147 [s2-groupManagement] INFO  storage.RaftStorage (RaftStorageImpl.java:format(99)) - Storage directory /home/runner/work/ratis/ratis/ratis-test/target/test/data/1e4ee837/MiniRaftClusterWithGrpc81039c8b/s2/428d0cf7-57ab-4b1e-8ab2-f16e4f468c1d has been successfully formatted.
2023-12-13 16:20:27,147 [s2-groupManagement] TRACE util.FileUtils (LogUtils.java:supplyAndLog(61)) - Failed to Files.newInputStream /home/runner/work/ratis/ratis/ratis-test/target/test/data/1e4ee837/MiniRaftClusterWithGrpc81039c8b/s2/428d0cf7-57ab-4b1e-8ab2-f16e4f468c1d/current/raft-meta.conf with options []
java.nio.file.NoSuchFileException: /home/runner/work/ratis/ratis/ratis-test/target/test/data/1e4ee837/MiniRaftClusterWithGrpc81039c8b/s2/428d0cf7-57ab-4b1e-8ab2-f16e4f468c1d/current/raft-meta.conf
	at java.base/sun.nio.fs.UnixException.translateToIOException(UnixException.java:92)
	at java.base/sun.nio.fs.UnixException.rethrowAsIOException(UnixException.java:111)
	at java.base/sun.nio.fs.UnixException.rethrowAsIOException(UnixException.java:116)
	at java.base/sun.nio.fs.UnixFileSystemProvider.newByteChannel(UnixFileSystemProvider.java:219)
	at java.base/java.nio.file.Files.newByteChannel(Files.java:371)
	at java.base/java.nio.file.Files.newByteChannel(Files.java:422)
	at java.base/java.nio.file.spi.FileSystemProvider.newInputStream(FileSystemProvider.java:420)
	at java.base/java.nio.file.Files.newInputStream(Files.java:156)
	at org.apache.ratis.util.FileUtils.lambda$newInputStream$2(FileUtils.java:73)
	at org.apache.ratis.util.LogUtils.supplyAndLog(LogUtils.java:58)
	at org.apache.ratis.util.FileUtils.newInputStream(FileUtils.java:72)
	at org.apache.ratis.util.FileUtils.newInputStream(FileUtils.java:68)
	at org.apache.ratis.server.storage.RaftStorageImpl.readRaftConfiguration(RaftStorageImpl.java:156)
	at org.apache.ratis.server.impl.ServerState.initialize(ServerState.java:141)
	at org.apache.ratis.server.impl.RaftServerImpl.start(RaftServerImpl.java:388)
	at org.apache.ratis.server.impl.RaftServerProxy.lambda$groupAddAsync$13(RaftServerProxy.java:509)
	at java.base/java.util.concurrent.CompletableFuture$UniApply.tryFire(CompletableFuture.java:642)
	at java.base/java.util.concurrent.CompletableFuture$Completion.run(CompletableFuture.java:478)
	at java.base/java.util.concurrent.ThreadPoolExecutor.runWorker(ThreadPoolExecutor.java:1128)
	at java.base/java.util.concurrent.ThreadPoolExecutor$Worker.run(ThreadPoolExecutor.java:628)
	at java.base/java.lang.Thread.run(Thread.java:829)
2023-12-13 16:20:27,148 [s2-groupManagement] INFO  server.RaftServerConfigKeys (ConfUtils.java:logGet(46)) - raft.server.log.use.memory = false (default)
2023-12-13 16:20:27,148 [s2-groupManagement] INFO  server.RaftServerConfigKeys (ConfUtils.java:logGet(46)) - raft.server.log.purge.gap = 1024 (default)
2023-12-13 16:20:27,148 [s2-groupManagement] INFO  server.RaftServerConfigKeys (ConfUtils.java:logGet(46)) - raft.server.log.appender.buffer.byte-limit = 4MB (=4194304) (default)
2023-12-13 16:20:27,148 [s2-groupManagement] INFO  server.RaftServerConfigKeys (ConfUtils.java:logGet(46)) - raft.server.log.statemachine.data.read.timeout = 1000ms (default)
2023-12-13 16:20:27,148 [s2-groupManagement] INFO  server.RaftServerConfigKeys (ConfUtils.java:logGet(46)) - raft.server.log.purge.preservation.log.num = 0 (default)
2023-12-13 16:20:27,148 [s2-groupManagement] INFO  server.RaftServerConfigKeys (ConfUtils.java:logGet(46)) - raft.server.log.segment.size.max = 32MB (=33554432) (default)
2023-12-13 16:20:27,149 [s2-groupManagement] INFO  server.RaftServerConfigKeys (ConfUtils.java:logGet(46)) - raft.server.log.segment.cache.num.max = 6 (default)
2023-12-13 16:20:27,149 [s2-groupManagement] INFO  server.RaftServerConfigKeys (ConfUtils.java:logGet(46)) - raft.server.log.segment.cache.size.max = 200MB (=209715200) (default)
2023-12-13 16:20:27,149 [s2-groupManagement] INFO  server.RaftServerConfigKeys (ConfUtils.java:logGet(46)) - raft.server.log.appender.buffer.byte-limit = 4MB (=4194304) (default)
2023-12-13 16:20:27,150 [s2-groupManagement] INFO  util.AwaitToRun (AwaitToRun.java:start(81)) - Thread[s2@group-F16E4F468C1D-cacheEviction-AwaitToRun,5,main] started
2023-12-13 16:20:27,150 [s2-groupManagement] INFO  segmented.SegmentedRaftLogWorker (SegmentedRaftLogWorker.java:<init>(182)) - new s2@group-F16E4F468C1D-SegmentedRaftLogWorker for RaftStorageImpl:Storage Directory /home/runner/work/ratis/ratis/ratis-test/target/test/data/1e4ee837/MiniRaftClusterWithGrpc81039c8b/s2/428d0cf7-57ab-4b1e-8ab2-f16e4f468c1d
2023-12-13 16:20:27,150 [s2-groupManagement] INFO  server.RaftServerConfigKeys (ConfUtils.java:logGet(46)) - raft.server.log.queue.byte-limit = 64MB (=67108864) (default)
2023-12-13 16:20:27,150 [s2-groupManagement] INFO  server.RaftServerConfigKeys (ConfUtils.java:logGet(46)) - raft.server.log.queue.element-limit = 4096 (default)
2023-12-13 16:20:27,150 [s2-groupManagement] INFO  server.RaftServerConfigKeys (ConfUtils.java:logGet(46)) - raft.server.log.segment.size.max = 32MB (=33554432) (default)
2023-12-13 16:20:27,151 [s2-groupManagement] INFO  server.RaftServerConfigKeys (ConfUtils.java:logGet(46)) - raft.server.log.preallocated.size = 4MB (=4194304) (default)
2023-12-13 16:20:27,151 [s2-groupManagement] INFO  server.RaftServerConfigKeys (ConfUtils.java:logGet(46)) - raft.server.log.force.sync.num = 128 (default)
2023-12-13 16:20:27,151 [s2-groupManagement] INFO  server.RaftServerConfigKeys (ConfUtils.java:logGet(46)) - raft.server.log.statemachine.data.sync = true (default)
2023-12-13 16:20:27,151 [s2-groupManagement] INFO  server.RaftServerConfigKeys (ConfUtils.java:logGet(46)) - raft.server.log.statemachine.data.sync.timeout = 10s (default)
2023-12-13 16:20:27,151 [s2-groupManagement] INFO  server.RaftServerConfigKeys (ConfUtils.java:logGet(46)) - raft.server.log.statemachine.data.sync.timeout.retry = -1 (default)
2023-12-13 16:20:27,151 [s2-groupManagement] INFO  server.RaftServerConfigKeys (ConfUtils.java:logGet(46)) - raft.server.log.write.buffer.size = 8MB (=8388608) (default)
2023-12-13 16:20:27,153 [s2-groupManagement] INFO  server.RaftServerConfigKeys (ConfUtils.java:logGet(46)) - raft.server.log.appender.buffer.byte-limit = 4MB (=4194304) (default)
2023-12-13 16:20:27,153 [s2-groupManagement] INFO  server.RaftServerConfigKeys (ConfUtils.java:logGet(46)) - raft.server.log.unsafe-flush.enabled = false (default)
2023-12-13 16:20:27,153 [s2-groupManagement] INFO  server.RaftServerConfigKeys (ConfUtils.java:logGet(46)) - raft.server.log.async-flush.enabled = false (default)
2023-12-13 16:20:27,153 [s2-groupManagement] INFO  server.RaftServerConfigKeys (ConfUtils.java:logGet(46)) - raft.server.log.statemachine.data.caching.enabled = false (default)
2023-12-13 16:20:27,154 [s2-groupManagement] INFO  segmented.SegmentedRaftLogWorker (SegmentedRaftLogWorker.java:lambda$new$0(134)) - s2@group-F16E4F468C1D-SegmentedRaftLogWorker: flushIndex: setUnconditionally 0 -> -1
2023-12-13 16:20:27,154 [s2-groupManagement] INFO  segmented.SegmentedRaftLogWorker (SegmentedRaftLogWorker.java:lambda$new$0(134)) - s2@group-F16E4F468C1D-SegmentedRaftLogWorker: safeCacheEvictIndex: setUnconditionally 0 -> -1
2023-12-13 16:20:27,154 [s2-groupManagement] INFO  server.RaftServer$Division (RaftServerImpl.java:start(392)) - s2@group-F16E4F468C1D: start as a follower, conf=-1: peers:[s0|0.0.0.0:33275, s1|0.0.0.0:35089, s2|0.0.0.0:43627]|listeners:[], old=null
2023-12-13 16:20:27,154 [s2-groupManagement] INFO  server.RaftServer$Division (RaftServerImpl.java:setRole(379)) - s2@group-F16E4F468C1D: changes role from      null to FOLLOWER at term 0 for startAsFollower
2023-12-13 16:20:27,154 [s2-groupManagement] INFO  impl.RoleInfo (RoleInfo.java:updateAndGet(139)) - s2: start s2@group-F16E4F468C1D-FollowerState
2023-12-13 16:20:27,154 [s2-groupManagement] INFO  util.JmxRegister (JmxRegister.java:tryRegister(44)) - Successfully registered JMX Bean with object name Ratis:service=RaftServer,group=group-F16E4F468C1D,id=s2
2023-12-13 16:20:27,155 [s2-groupManagement] INFO  server.RaftServerConfigKeys (ConfUtils.java:logGet(46)) - raft.server.snapshot.trigger-when-stop.enabled = true (default)
2023-12-13 16:20:27,155 [s2-groupManagement] INFO  server.RaftServerConfigKeys (ConfUtils.java:logGet(46)) - raft.server.snapshot.auto.trigger.enabled = false (default)
2023-12-13 16:20:27,155 [s2-groupManagement] INFO  server.RaftServerConfigKeys (ConfUtils.java:logGet(46)) - raft.server.snapshot.retention.file.num = -1 (default)
2023-12-13 16:20:27,155 [s2-groupManagement] INFO  server.RaftServerConfigKeys (ConfUtils.java:logGet(46)) - raft.server.log.purge.upto.snapshot.index = false (default)
2023-12-13 16:20:27,155 [s2@group-F16E4F468C1D-FollowerState] INFO  server.RaftServerConfigKeys (ConfUtils.java:logFallback(53)) - raft.server.rpc.first-election.timeout.min = 1500ms (fallback to raft.server.rpc.timeout.min)
2023-12-13 16:20:27,155 [s2@group-F16E4F468C1D-FollowerState] INFO  server.RaftServerConfigKeys (ConfUtils.java:logFallback(53)) - raft.server.rpc.first-election.timeout.max = 2000ms (fallback to raft.server.rpc.timeout.max)
2023-12-13 16:20:27,167 [Time-limited test] INFO  server.RaftServerConfigKeys (ConfUtils.java:logGet(46)) - raft.server.rpc.timeout.max = 2000ms (custom)
2023-12-13 16:20:27,168 [Time-limited test] INFO  ratis.RaftTestUtil (RaftTestUtil.java:waitForLeader(100)) - printing ALL groups
  s0:  RUNNING  FOLLOWER s0@group-F16E4F468C1D:t0, leader=null, voted=, raftlog=Memoized:s0@group-F16E4F468C1D-SegmentedRaftLog:OPENED:c-1, conf=-1: peers:[s0|0.0.0.0:33275, s1|0.0.0.0:35089, s2|0.0.0.0:43627]|listeners:[], old=null RUNNING
  s1:  RUNNING  FOLLOWER s1@group-F16E4F468C1D:t0, leader=null, voted=, raftlog=Memoized:s1@group-F16E4F468C1D-SegmentedRaftLog:OPENED:c-1, conf=-1: peers:[s0|0.0.0.0:33275, s1|0.0.0.0:35089, s2|0.0.0.0:43627]|listeners:[], old=null RUNNING
  s2:  RUNNING  FOLLOWER s2@group-F16E4F468C1D:t0, leader=null, voted=, raftlog=Memoized:s2@group-F16E4F468C1D-SegmentedRaftLog:OPENED:c-1, conf=-1: peers:[s0|0.0.0.0:33275, s1|0.0.0.0:35089, s2|0.0.0.0:43627]|listeners:[], old=null RUNNING
2023-12-13 16:20:27,169 [Time-limited test] WARN  ratis.RaftTestUtil (RaftTestUtil.java:lambda$waitForLeader$3(119)) - Attempt #1 failed: java.lang.IllegalStateException: No leader yet : printing ALL groups
  s0:  RUNNING  FOLLOWER s0@group-F16E4F468C1D:t0, leader=null, voted=, raftlog=Memoized:s0@group-F16E4F468C1D-SegmentedRaftLog:OPENED:c-1, conf=-1: peers:[s0|0.0.0.0:33275, s1|0.0.0.0:35089, s2|0.0.0.0:43627]|listeners:[], old=null RUNNING
  s1:  RUNNING  FOLLOWER s1@group-F16E4F468C1D:t0, leader=null, voted=, raftlog=Memoized:s1@group-F16E4F468C1D-SegmentedRaftLog:OPENED:c-1, conf=-1: peers:[s0|0.0.0.0:33275, s1|0.0.0.0:35089, s2|0.0.0.0:43627]|listeners:[], old=null RUNNING
  s2:  RUNNING  FOLLOWER s2@group-F16E4F468C1D:t0, leader=null, voted=, raftlog=Memoized:s2@group-F16E4F468C1D-SegmentedRaftLog:OPENED:c-1, conf=-1: peers:[s0|0.0.0.0:33275, s1|0.0.0.0:35089, s2|0.0.0.0:43627]|listeners:[], old=null RUNNING
2023-12-13 16:20:28,758 [s1@group-F16E4F468C1D-FollowerState] INFO  impl.FollowerState (FollowerState.java:run(143)) - s1@group-F16E4F468C1D-FollowerState: change to CANDIDATE, lastRpcElapsedTime:1627134461ns, electionTimeout:1626ms
2023-12-13 16:20:28,758 [s1@group-F16E4F468C1D-FollowerState] INFO  impl.RoleInfo (RoleInfo.java:shutdownFollowerState(110)) - s1: shutdown s1@group-F16E4F468C1D-FollowerState
2023-12-13 16:20:28,758 [s1@group-F16E4F468C1D-FollowerState] INFO  server.RaftServer$Division (RaftServerImpl.java:setRole(379)) - s1@group-F16E4F468C1D: changes role from  FOLLOWER to CANDIDATE at term 0 for changeToCandidate
2023-12-13 16:20:28,760 [s1@group-F16E4F468C1D-FollowerState] INFO  server.RaftServerConfigKeys (ConfUtils.java:logGet(46)) - raft.server.leaderelection.pre-vote = true (default)
2023-12-13 16:20:28,760 [s1@group-F16E4F468C1D-FollowerState] INFO  impl.RoleInfo (RoleInfo.java:updateAndGet(139)) - s1: start s1@group-F16E4F468C1D-LeaderElection1
2023-12-13 16:20:28,763 [s1@group-F16E4F468C1D-LeaderElection1] INFO  impl.LeaderElection (LeaderElection.java:askForVotes(321)) - s1@group-F16E4F468C1D-LeaderElection1 PRE_VOTE round 0: submit vote requests at term 0 for -1: peers:[s0|0.0.0.0:33275, s1|0.0.0.0:35089, s2|0.0.0.0:43627]|listeners:[], old=null
2023-12-13 16:20:28,765 [s1@group-F16E4F468C1D-LeaderElection1] INFO  server.RaftServerConfigKeys (ConfUtils.java:logFallback(53)) - raft.server.rpc.first-election.timeout.min = 1500ms (fallback to raft.server.rpc.timeout.min)
2023-12-13 16:20:28,766 [s1@group-F16E4F468C1D-LeaderElection1] INFO  server.RaftServerConfigKeys (ConfUtils.java:logFallback(53)) - raft.server.rpc.first-election.timeout.max = 2000ms (fallback to raft.server.rpc.timeout.max)
2023-12-13 16:20:28,766 [s1@group-F16E4F468C1D-LeaderElection1-1] INFO  server.GrpcServerProtocolClient (GrpcServerProtocolClient.java:<init>(65)) - Build channel for s0
2023-12-13 16:20:28,766 [s1@group-F16E4F468C1D-LeaderElection1-2] INFO  server.GrpcServerProtocolClient (GrpcServerProtocolClient.java:<init>(65)) - Build channel for s2
2023-12-13 16:20:28,777 [grpc-default-executor-1] INFO  server.RaftServer$Division (RaftServerImpl.java:requestVote(1377)) - s2@group-F16E4F468C1D: receive requestVote(PRE_VOTE, s1, group-F16E4F468C1D, 0, (t:0, i:0))
2023-12-13 16:20:28,778 [s0@group-F16E4F468C1D-FollowerState] INFO  impl.FollowerState (FollowerState.java:run(143)) - s0@group-F16E4F468C1D-FollowerState: change to CANDIDATE, lastRpcElapsedTime:1669614173ns, electionTimeout:1669ms
2023-12-13 16:20:28,778 [s0@group-F16E4F468C1D-FollowerState] INFO  impl.RoleInfo (RoleInfo.java:shutdownFollowerState(110)) - s0: shutdown s0@group-F16E4F468C1D-FollowerState
2023-12-13 16:20:28,778 [s0@group-F16E4F468C1D-FollowerState] INFO  server.RaftServer$Division (RaftServerImpl.java:setRole(379)) - s0@group-F16E4F468C1D: changes role from  FOLLOWER to CANDIDATE at term 0 for changeToCandidate
2023-12-13 16:20:28,779 [grpc-default-executor-1] INFO  impl.VoteContext (VoteContext.java:log(49)) - s2@group-F16E4F468C1D-FOLLOWER: accept PRE_VOTE from s1: our priority 0 <= candidate's priority 0
2023-12-13 16:20:28,779 [grpc-default-executor-0] INFO  server.RaftServer$Division (RaftServerImpl.java:requestVote(1377)) - s0@group-F16E4F468C1D: receive requestVote(PRE_VOTE, s1, group-F16E4F468C1D, 0, (t:0, i:0))
2023-12-13 16:20:28,779 [s0@group-F16E4F468C1D-FollowerState] INFO  server.RaftServerConfigKeys (ConfUtils.java:logGet(46)) - raft.server.leaderelection.pre-vote = true (default)
2023-12-13 16:20:28,779 [s0@group-F16E4F468C1D-FollowerState] INFO  impl.RoleInfo (RoleInfo.java:updateAndGet(139)) - s0: start s0@group-F16E4F468C1D-LeaderElection2
2023-12-13 16:20:28,781 [grpc-default-executor-0] INFO  impl.VoteContext (VoteContext.java:log(49)) - s0@group-F16E4F468C1D-CANDIDATE: accept PRE_VOTE from s1: our priority 0 <= candidate's priority 0
2023-12-13 16:20:28,783 [grpc-default-executor-0] INFO  server.RaftServer$Division (RaftServerImpl.java:requestVote(1410)) - s0@group-F16E4F468C1D replies to PRE_VOTE vote request: s1<-s0#0:OK-t0. Peer's state: s0@group-F16E4F468C1D:t0, leader=null, voted=, raftlog=Memoized:s0@group-F16E4F468C1D-SegmentedRaftLog:OPENED:c-1, conf=-1: peers:[s0|0.0.0.0:33275, s1|0.0.0.0:35089, s2|0.0.0.0:43627]|listeners:[], old=null
2023-12-13 16:20:28,783 [grpc-default-executor-1] INFO  server.RaftServer$Division (RaftServerImpl.java:requestVote(1410)) - s2@group-F16E4F468C1D replies to PRE_VOTE vote request: s1<-s2#0:OK-t0. Peer's state: s2@group-F16E4F468C1D:t0, leader=null, voted=, raftlog=Memoized:s2@group-F16E4F468C1D-SegmentedRaftLog:OPENED:c-1, conf=-1: peers:[s0|0.0.0.0:33275, s1|0.0.0.0:35089, s2|0.0.0.0:43627]|listeners:[], old=null
2023-12-13 16:20:28,784 [s0@group-F16E4F468C1D-LeaderElection2] INFO  impl.LeaderElection (LeaderElection.java:askForVotes(321)) - s0@group-F16E4F468C1D-LeaderElection2 PRE_VOTE round 0: submit vote requests at term 0 for -1: peers:[s0|0.0.0.0:33275, s1|0.0.0.0:35089, s2|0.0.0.0:43627]|listeners:[], old=null
2023-12-13 16:20:28,785 [s0@group-F16E4F468C1D-LeaderElection2-1] INFO  server.GrpcServerProtocolClient (GrpcServerProtocolClient.java:<init>(65)) - Build channel for s1
2023-12-13 16:20:28,785 [s0@group-F16E4F468C1D-LeaderElection2] INFO  server.RaftServerConfigKeys (ConfUtils.java:logFallback(53)) - raft.server.rpc.first-election.timeout.min = 1500ms (fallback to raft.server.rpc.timeout.min)
2023-12-13 16:20:28,785 [s0@group-F16E4F468C1D-LeaderElection2] INFO  server.RaftServerConfigKeys (ConfUtils.java:logFallback(53)) - raft.server.rpc.first-election.timeout.max = 2000ms (fallback to raft.server.rpc.timeout.max)
2023-12-13 16:20:28,785 [s0@group-F16E4F468C1D-LeaderElection2-2] INFO  server.GrpcServerProtocolClient (GrpcServerProtocolClient.java:<init>(65)) - Build channel for s2
2023-12-13 16:20:28,786 [s1@group-F16E4F468C1D-LeaderElection1] INFO  impl.LeaderElection (LeaderElection.java:logAndReturn(89)) - s1@group-F16E4F468C1D-LeaderElection1: PRE_VOTE PASSED received 1 response(s) and 0 exception(s):
2023-12-13 16:20:28,786 [s1@group-F16E4F468C1D-LeaderElection1] INFO  impl.LeaderElection (LeaderElection.java:logAndReturn(93)) -   Response 0: s1<-s0#0:OK-t0
2023-12-13 16:20:28,786 [s1@group-F16E4F468C1D-LeaderElection1] INFO  impl.LeaderElection (LeaderElection.java:askForVotes(323)) - s1@group-F16E4F468C1D-LeaderElection1 PRE_VOTE round 0: result PASSED
2023-12-13 16:20:28,787 [s1@group-F16E4F468C1D-LeaderElection1] TRACE util.FileUtils (LogUtils.java:supplyAndLog(69)) - Successfully supplied FileChannel.open /home/runner/work/ratis/ratis/ratis-test/target/test/data/1e4ee837/MiniRaftClusterWithGrpc81039c8b/s1/428d0cf7-57ab-4b1e-8ab2-f16e4f468c1d/current/raft-meta.tmp with options [CREATE, WRITE]: sun.nio.ch.FileChannelImpl@4a07507b
2023-12-13 16:20:28,789 [s1@group-F16E4F468C1D-LeaderElection1] TRACE util.FileUtils (LogUtils.java:runAndLog(49)) - Successfully ran Atomic Files.move /home/runner/work/ratis/ratis/ratis-test/target/test/data/1e4ee837/MiniRaftClusterWithGrpc81039c8b/s1/428d0cf7-57ab-4b1e-8ab2-f16e4f468c1d/current/raft-meta.tmp to /home/runner/work/ratis/ratis/ratis-test/target/test/data/1e4ee837/MiniRaftClusterWithGrpc81039c8b/s1/428d0cf7-57ab-4b1e-8ab2-f16e4f468c1d/current/raft-meta with options [REPLACE_EXISTING]
2023-12-13 16:20:28,789 [s1@group-F16E4F468C1D-LeaderElection1] INFO  impl.LeaderElection (LeaderElection.java:askForVotes(321)) - s1@group-F16E4F468C1D-LeaderElection1 ELECTION round 0: submit vote requests at term 1 for -1: peers:[s0|0.0.0.0:33275, s1|0.0.0.0:35089, s2|0.0.0.0:43627]|listeners:[], old=null
2023-12-13 16:20:28,790 [s1@group-F16E4F468C1D-LeaderElection1] INFO  server.RaftServerConfigKeys (ConfUtils.java:logFallback(53)) - raft.server.rpc.first-election.timeout.min = 1500ms (fallback to raft.server.rpc.timeout.min)
2023-12-13 16:20:28,790 [s1@group-F16E4F468C1D-LeaderElection1] INFO  server.RaftServerConfigKeys (ConfUtils.java:logFallback(53)) - raft.server.rpc.first-election.timeout.max = 2000ms (fallback to raft.server.rpc.timeout.max)
2023-12-13 16:20:28,793 [grpc-default-executor-1] INFO  server.RaftServer$Division (RaftServerImpl.java:requestVote(1377)) - s0@group-F16E4F468C1D: receive requestVote(ELECTION, s1, group-F16E4F468C1D, 1, (t:0, i:0))
2023-12-13 16:20:28,794 [grpc-default-executor-0] INFO  server.RaftServer$Division (RaftServerImpl.java:requestVote(1377)) - s1@group-F16E4F468C1D: receive requestVote(PRE_VOTE, s0, group-F16E4F468C1D, 0, (t:0, i:0))
2023-12-13 16:20:28,794 [grpc-default-executor-1] INFO  impl.VoteContext (VoteContext.java:log(49)) - s0@group-F16E4F468C1D-CANDIDATE: accept ELECTION from s1: our priority 0 <= candidate's priority 0
2023-12-13 16:20:28,794 [grpc-default-executor-0] INFO  impl.VoteContext (VoteContext.java:log(49)) - s1@group-F16E4F468C1D-CANDIDATE: accept PRE_VOTE from s0: our priority 0 <= candidate's priority 0
2023-12-13 16:20:28,794 [grpc-default-executor-0] INFO  server.RaftServer$Division (RaftServerImpl.java:requestVote(1410)) - s1@group-F16E4F468C1D replies to PRE_VOTE vote request: s0<-s1#0:OK-t1. Peer's state: s1@group-F16E4F468C1D:t1, leader=null, voted=s1, raftlog=Memoized:s1@group-F16E4F468C1D-SegmentedRaftLog:OPENED:c-1, conf=-1: peers:[s0|0.0.0.0:33275, s1|0.0.0.0:35089, s2|0.0.0.0:43627]|listeners:[], old=null
2023-12-13 16:20:28,794 [grpc-default-executor-1] INFO  server.RaftServer$Division (RaftServerImpl.java:setRole(379)) - s0@group-F16E4F468C1D: changes role from CANDIDATE to FOLLOWER at term 1 for candidate:s1
2023-12-13 16:20:28,795 [grpc-default-executor-1] INFO  impl.RoleInfo (RoleInfo.java:shutdownLeaderElection(130)) - s0: shutdown s0@group-F16E4F468C1D-LeaderElection2
2023-12-13 16:20:28,795 [grpc-default-executor-1] INFO  impl.RoleInfo (RoleInfo.java:updateAndGet(139)) - s0: start s0@group-F16E4F468C1D-FollowerState
2023-12-13 16:20:28,795 [grpc-default-executor-1] INFO  server.RaftServer$Division (RaftServerImpl.java:setFirstElection(564)) - s0@group-F16E4F468C1D: set firstElectionSinceStartup to false for candidate:s1
2023-12-13 16:20:28,796 [s0@group-F16E4F468C1D-LeaderElection2] INFO  impl.LeaderElection (LeaderElection.java:logAndReturn(89)) - s0@group-F16E4F468C1D-LeaderElection2: PRE_VOTE DISCOVERED_A_NEW_TERM (term=1) received 1 response(s) and 0 exception(s):
2023-12-13 16:20:28,796 [s0@group-F16E4F468C1D-LeaderElection2] INFO  impl.LeaderElection (LeaderElection.java:logAndReturn(93)) -   Response 0: s0<-s1#0:OK-t1
2023-12-13 16:20:28,796 [s0@group-F16E4F468C1D-LeaderElection2] INFO  impl.LeaderElection (LeaderElection.java:askForVotes(323)) - s0@group-F16E4F468C1D-LeaderElection2 PRE_VOTE round 0: result DISCOVERED_A_NEW_TERM (term=1)
2023-12-13 16:20:28,797 [grpc-default-executor-1] TRACE util.FileUtils (LogUtils.java:supplyAndLog(69)) - Successfully supplied FileChannel.open /home/runner/work/ratis/ratis/ratis-test/target/test/data/1e4ee837/MiniRaftClusterWithGrpc81039c8b/s0/428d0cf7-57ab-4b1e-8ab2-f16e4f468c1d/current/raft-meta.tmp with options [CREATE, WRITE]: sun.nio.ch.FileChannelImpl@65d155d4
2023-12-13 16:20:28,797 [grpc-default-executor-2] INFO  server.RaftServer$Division (RaftServerImpl.java:requestVote(1377)) - s2@group-F16E4F468C1D: receive requestVote(ELECTION, s1, group-F16E4F468C1D, 1, (t:0, i:0))
2023-12-13 16:20:28,798 [grpc-default-executor-2] INFO  impl.VoteContext (VoteContext.java:log(49)) - s2@group-F16E4F468C1D-FOLLOWER: accept ELECTION from s1: our priority 0 <= candidate's priority 0
2023-12-13 16:20:28,798 [grpc-default-executor-2] INFO  server.RaftServer$Division (RaftServerImpl.java:setRole(379)) - s2@group-F16E4F468C1D: changes role from  FOLLOWER to FOLLOWER at term 1 for candidate:s1
2023-12-13 16:20:28,798 [grpc-default-executor-2] INFO  impl.RoleInfo (RoleInfo.java:shutdownFollowerState(110)) - s2: shutdown s2@group-F16E4F468C1D-FollowerState
2023-12-13 16:20:28,798 [s2@group-F16E4F468C1D-FollowerState] INFO  impl.FollowerState (FollowerState.java:run(152)) - s2@group-F16E4F468C1D-FollowerState was interrupted
2023-12-13 16:20:28,798 [grpc-default-executor-2] INFO  impl.RoleInfo (RoleInfo.java:updateAndGet(139)) - s2: start s2@group-F16E4F468C1D-FollowerState
2023-12-13 16:20:28,799 [grpc-default-executor-2] INFO  server.RaftServer$Division (RaftServerImpl.java:setFirstElection(564)) - s2@group-F16E4F468C1D: set firstElectionSinceStartup to false for candidate:s1
2023-12-13 16:20:28,799 [grpc-default-executor-1] TRACE util.FileUtils (LogUtils.java:runAndLog(49)) - Successfully ran Atomic Files.move /home/runner/work/ratis/ratis/ratis-test/target/test/data/1e4ee837/MiniRaftClusterWithGrpc81039c8b/s0/428d0cf7-57ab-4b1e-8ab2-f16e4f468c1d/current/raft-meta.tmp to /home/runner/work/ratis/ratis/ratis-test/target/test/data/1e4ee837/MiniRaftClusterWithGrpc81039c8b/s0/428d0cf7-57ab-4b1e-8ab2-f16e4f468c1d/current/raft-meta with options [REPLACE_EXISTING]
2023-12-13 16:20:28,799 [grpc-default-executor-1] INFO  server.RaftServer$Division (RaftServerImpl.java:requestVote(1410)) - s0@group-F16E4F468C1D replies to ELECTION vote request: s1<-s0#0:OK-t1. Peer's state: s0@group-F16E4F468C1D:t1, leader=null, voted=s1, raftlog=Memoized:s0@group-F16E4F468C1D-SegmentedRaftLog:OPENED:c-1, conf=-1: peers:[s0|0.0.0.0:33275, s1|0.0.0.0:35089, s2|0.0.0.0:43627]|listeners:[], old=null
2023-12-13 16:20:28,801 [s1@group-F16E4F468C1D-LeaderElection1] INFO  impl.LeaderElection (LeaderElection.java:logAndReturn(89)) - s1@group-F16E4F468C1D-LeaderElection1: ELECTION PASSED received 1 response(s) and 0 exception(s):
2023-12-13 16:20:28,801 [s1@group-F16E4F468C1D-LeaderElection1] INFO  impl.LeaderElection (LeaderElection.java:logAndReturn(93)) -   Response 0: s1<-s0#0:OK-t1
2023-12-13 16:20:28,801 [s1@group-F16E4F468C1D-LeaderElection1] INFO  impl.LeaderElection (LeaderElection.java:askForVotes(323)) - s1@group-F16E4F468C1D-LeaderElection1 ELECTION round 0: result PASSED
2023-12-13 16:20:28,801 [s1@group-F16E4F468C1D-LeaderElection1] INFO  impl.RoleInfo (RoleInfo.java:shutdownLeaderElection(130)) - s1: shutdown s1@group-F16E4F468C1D-LeaderElection1
2023-12-13 16:20:28,801 [s1@group-F16E4F468C1D-LeaderElection1] INFO  server.RaftServer$Division (RaftServerImpl.java:setRole(379)) - s1@group-F16E4F468C1D: changes role from CANDIDATE to LEADER at term 1 for changeToLeader
2023-12-13 16:20:28,814 [grpc-default-executor-2] TRACE util.FileUtils (LogUtils.java:supplyAndLog(69)) - Successfully supplied FileChannel.open /home/runner/work/ratis/ratis/ratis-test/target/test/data/1e4ee837/MiniRaftClusterWithGrpc81039c8b/s2/428d0cf7-57ab-4b1e-8ab2-f16e4f468c1d/current/raft-meta.tmp with options [CREATE, WRITE]: sun.nio.ch.FileChannelImpl@49d43970
2023-12-13 16:20:28,816 [s1@group-F16E4F468C1D-LeaderElection1] INFO  server.RaftServerConfigKeys (ConfUtils.java:logGet(46)) - raft.server.staging.catchup.gap = 1000 (default)
2023-12-13 16:20:28,817 [grpc-default-executor-2] TRACE util.FileUtils (LogUtils.java:runAndLog(49)) - Successfully ran Atomic Files.move /home/runner/work/ratis/ratis/ratis-test/target/test/data/1e4ee837/MiniRaftClusterWithGrpc81039c8b/s2/428d0cf7-57ab-4b1e-8ab2-f16e4f468c1d/current/raft-meta.tmp to /home/runner/work/ratis/ratis/ratis-test/target/test/data/1e4ee837/MiniRaftClusterWithGrpc81039c8b/s2/428d0cf7-57ab-4b1e-8ab2-f16e4f468c1d/current/raft-meta with options [REPLACE_EXISTING]
2023-12-13 16:20:28,817 [grpc-default-executor-2] INFO  server.RaftServer$Division (RaftServerImpl.java:requestVote(1410)) - s2@group-F16E4F468C1D replies to ELECTION vote request: s1<-s2#0:OK-t1. Peer's state: s2@group-F16E4F468C1D:t1, leader=null, voted=s1, raftlog=Memoized:s2@group-F16E4F468C1D-SegmentedRaftLog:OPENED:c-1, conf=-1: peers:[s0|0.0.0.0:33275, s1|0.0.0.0:35089, s2|0.0.0.0:43627]|listeners:[], old=null
2023-12-13 16:20:28,819 [grpc-default-executor-1] INFO  server.RaftServer$Division (RaftServerImpl.java:requestVote(1377)) - s2@group-F16E4F468C1D: receive requestVote(PRE_VOTE, s0, group-F16E4F468C1D, 0, (t:0, i:0))
2023-12-13 16:20:28,820 [grpc-default-executor-1] INFO  impl.VoteContext (VoteContext.java:log(49)) - s2@group-F16E4F468C1D-FOLLOWER: accept PRE_VOTE from s0: our priority 0 <= candidate's priority 0
2023-12-13 16:20:28,820 [s1@group-F16E4F468C1D-LeaderElection1] INFO  server.RaftServerConfigKeys (ConfUtils.java:logGet(46)) - raft.server.write.element-limit = 4096 (default)
2023-12-13 16:20:28,820 [grpc-default-executor-1] INFO  server.RaftServer$Division (RaftServerImpl.java:requestVote(1410)) - s2@group-F16E4F468C1D replies to PRE_VOTE vote request: s0<-s2#0:OK-t1. Peer's state: s2@group-F16E4F468C1D:t1, leader=null, voted=s1, raftlog=Memoized:s2@group-F16E4F468C1D-SegmentedRaftLog:OPENED:c-1, conf=-1: peers:[s0|0.0.0.0:33275, s1|0.0.0.0:35089, s2|0.0.0.0:43627]|listeners:[], old=null
2023-12-13 16:20:28,820 [s1@group-F16E4F468C1D-LeaderElection1] INFO  server.RaftServerConfigKeys (ConfUtils.java:logGet(46)) - raft.server.write.byte-limit = 64MB (=67108864) (default)
2023-12-13 16:20:28,823 [s1@group-F16E4F468C1D-LeaderElection1] INFO  server.RaftServerConfigKeys (ConfUtils.java:logGet(46)) - raft.server.watch.timeout = 10s (default)
2023-12-13 16:20:28,823 [s1@group-F16E4F468C1D-LeaderElection1] INFO  server.RaftServerConfigKeys (ConfUtils.java:logGet(46)) - raft.server.watch.timeout.denomination = 1s (default)
2023-12-13 16:20:28,823 [s1@group-F16E4F468C1D-LeaderElection1] INFO  server.RaftServerConfigKeys (ConfUtils.java:logGet(46)) - raft.server.watch.element-limit = 65536 (default)
2023-12-13 16:20:28,827 [s1@group-F16E4F468C1D-LeaderElection1] INFO  server.RaftServerConfigKeys (ConfUtils.java:logGet(46)) - raft.server.read.leader.lease.enabled = false (default)
2023-12-13 16:20:28,828 [s1@group-F16E4F468C1D-LeaderElection1] INFO  server.RaftServerConfigKeys (ConfUtils.java:logGet(46)) - raft.server.read.leader.lease.timeout.ratio = 0.9 (default)
2023-12-13 16:20:28,828 [s1@group-F16E4F468C1D-LeaderElection1] INFO  server.RaftServerConfigKeys (ConfUtils.java:logGet(46)) - raft.server.rpc.timeout.min = 1500ms (custom)
2023-12-13 16:20:28,828 [s1@group-F16E4F468C1D-LeaderElection1] INFO  server.RaftServerConfigKeys (ConfUtils.java:logGet(46)) - raft.server.write.element-limit = 4096 (default)
2023-12-13 16:20:28,828 [s1@group-F16E4F468C1D-LeaderElection1] INFO  server.RaftServerConfigKeys (ConfUtils.java:logGet(46)) - raft.server.write.follower.gap.ratio.max = -1.0 (default)
2023-12-13 16:20:28,833 [s1@group-F16E4F468C1D-LeaderElection1] INFO  server.RaftServerConfigKeys (ConfUtils.java:logGet(46)) - raft.server.log.appender.snapshot.chunk.size.max = 16MB (=16777216) (default)
2023-12-13 16:20:28,833 [s1@group-F16E4F468C1D-LeaderElection1] INFO  server.RaftServerConfigKeys (ConfUtils.java:logGet(46)) - raft.server.log.appender.buffer.byte-limit = 4MB (=4194304) (default)
2023-12-13 16:20:28,834 [s1@group-F16E4F468C1D-LeaderElection1] INFO  server.RaftServerConfigKeys (ConfUtils.java:logGet(46)) - raft.server.log.appender.buffer.element-limit = 0 (default)
2023-12-13 16:20:28,835 [s1@group-F16E4F468C1D-LeaderElection1] INFO  server.RaftServerConfigKeys (ConfUtils.java:logGet(46)) - raft.server.log.appender.wait-time.min = 1ms (default)
2023-12-13 16:20:28,835 [s1@group-F16E4F468C1D-LeaderElection1] INFO  grpc.GrpcConfigKeys (ConfUtils.java:logGet(46)) - raft.grpc.server.leader.outstanding.appends.max = 8 (default)
2023-12-13 16:20:28,835 [s1@group-F16E4F468C1D-LeaderElection1] INFO  server.RaftServerConfigKeys (ConfUtils.java:logGet(46)) - raft.server.rpc.request.timeout = 3000ms (default)
2023-12-13 16:20:28,836 [s1@group-F16E4F468C1D-LeaderElection1] INFO  grpc.GrpcConfigKeys (ConfUtils.java:logGet(46)) - raft.grpc.server.install_snapshot.request.element-limit = 8 (default)
2023-12-13 16:20:28,836 [s1@group-F16E4F468C1D-LeaderElection1] INFO  grpc.GrpcConfigKeys (ConfUtils.java:logGet(46)) - raft.grpc.server.install_snapshot.request.timeout = 3000ms (default)
2023-12-13 16:20:28,836 [s1@group-F16E4F468C1D-LeaderElection1] INFO  server.RaftServerConfigKeys (ConfUtils.java:logGet(46)) - raft.server.log.appender.install.snapshot.enabled = true (default)
2023-12-13 16:20:28,836 [s1@group-F16E4F468C1D-LeaderElection1] INFO  grpc.GrpcConfigKeys (ConfUtils.java:logGet(46)) - raft.grpc.server.heartbeat.channel = true (default)
2023-12-13 16:20:28,839 [s1@group-F16E4F468C1D-LeaderElection1] INFO  server.RaftServerConfigKeys (ConfUtils.java:logGet(46)) - raft.server.log.appender.snapshot.chunk.size.max = 16MB (=16777216) (default)
2023-12-13 16:20:28,839 [s1@group-F16E4F468C1D-LeaderElection1] INFO  server.RaftServerConfigKeys (ConfUtils.java:logGet(46)) - raft.server.log.appender.buffer.byte-limit = 4MB (=4194304) (default)
2023-12-13 16:20:28,839 [s1@group-F16E4F468C1D-LeaderElection1] INFO  server.RaftServerConfigKeys (ConfUtils.java:logGet(46)) - raft.server.log.appender.buffer.element-limit = 0 (default)
2023-12-13 16:20:28,839 [s1@group-F16E4F468C1D-LeaderElection1] INFO  server.RaftServerConfigKeys (ConfUtils.java:logGet(46)) - raft.server.log.appender.wait-time.min = 1ms (default)
2023-12-13 16:20:28,839 [s1@group-F16E4F468C1D-LeaderElection1] INFO  grpc.GrpcConfigKeys (ConfUtils.java:logGet(46)) - raft.grpc.server.leader.outstanding.appends.max = 8 (default)
2023-12-13 16:20:28,839 [s1@group-F16E4F468C1D-LeaderElection1] INFO  server.RaftServerConfigKeys (ConfUtils.java:logGet(46)) - raft.server.rpc.request.timeout = 3000ms (default)
2023-12-13 16:20:28,839 [s1@group-F16E4F468C1D-LeaderElection1] INFO  grpc.GrpcConfigKeys (ConfUtils.java:logGet(46)) - raft.grpc.server.install_snapshot.request.element-limit = 8 (default)
2023-12-13 16:20:28,839 [s1@group-F16E4F468C1D-LeaderElection1] INFO  grpc.GrpcConfigKeys (ConfUtils.java:logGet(46)) - raft.grpc.server.install_snapshot.request.timeout = 3000ms (default)
2023-12-13 16:20:28,839 [s1@group-F16E4F468C1D-LeaderElection1] INFO  server.RaftServerConfigKeys (ConfUtils.java:logGet(46)) - raft.server.log.appender.install.snapshot.enabled = true (default)
2023-12-13 16:20:28,839 [s1@group-F16E4F468C1D-LeaderElection1] INFO  grpc.GrpcConfigKeys (ConfUtils.java:logGet(46)) - raft.grpc.server.heartbeat.channel = true (default)
2023-12-13 16:20:28,840 [s1@group-F16E4F468C1D-LeaderElection1] INFO  impl.RoleInfo (RoleInfo.java:updateAndGet(139)) - s1: start s1@group-F16E4F468C1D-LeaderStateImpl
2023-12-13 16:20:28,840 [s1@group-F16E4F468C1D-LeaderElection1] INFO  server.RaftServer$Division (RaftServerImpl.java:setFirstElection(564)) - s1@group-F16E4F468C1D: set firstElectionSinceStartup to false for becomeLeader
2023-12-13 16:20:28,840 [s1@group-F16E4F468C1D-LeaderElection1] INFO  server.RaftServer$Division (ServerState.java:setLeader(265)) - s1@group-F16E4F468C1D: change Leader from null to s1 at term 1 for becomeLeader, leader elected after 1719ms
2023-12-13 16:20:28,849 [s1@group-F16E4F468C1D-LeaderElection1] INFO  segmented.SegmentedRaftLogWorker (SegmentedRaftLogWorker.java:startLogSegment(430)) - s1@group-F16E4F468C1D-SegmentedRaftLogWorker: Starting segment from index:0
2023-12-13 16:20:28,854 [s1@group-F16E4F468C1D-LeaderElection1] INFO  server.RaftServer$Division (ServerState.java:setRaftConf(382)) - s1@group-F16E4F468C1D: set configuration 0: peers:[s0|0.0.0.0:33275, s1|0.0.0.0:35089, s2|0.0.0.0:43627]|listeners:[], old=null
2023-12-13 16:20:28,864 [s1@group-F16E4F468C1D-SegmentedRaftLogWorker] INFO  segmented.BufferedWriteChannel (BufferedWriteChannel.java:open(62)) - open log_inprogress_0 at position 0
2023-12-13 16:20:28,872 [s0-server-thread1] INFO  server.RaftServer$Division (ServerState.java:setLeader(265)) - s0@group-F16E4F468C1D: change Leader from null to s1 at term 1 for appendEntries, leader elected after 1776ms
2023-12-13 16:20:28,886 [s1@group-F16E4F468C1D-SegmentedRaftLogWorker] INFO  segmented.SegmentedRaftLogWorker (SegmentedRaftLogWorker.java:execute(634)) - s1@group-F16E4F468C1D-SegmentedRaftLogWorker: created new log segment /home/runner/work/ratis/ratis/ratis-test/target/test/data/1e4ee837/MiniRaftClusterWithGrpc81039c8b/s1/428d0cf7-57ab-4b1e-8ab2-f16e4f468c1d/current/log_inprogress_0
2023-12-13 16:20:28,890 [s2-server-thread1] INFO  server.RaftServer$Division (ServerState.java:setLeader(265)) - s2@group-F16E4F468C1D: change Leader from null to s1 at term 1 for appendEntries, leader elected after 1749ms
2023-12-13 16:20:28,979 [s0-server-thread2] DEBUG server.RaftServer$Division (RaftServerImpl.java:logAppendEntries(1504)) - s0@group-F16E4F468C1D: receive appendEntries(s1, 1, null, -1, false, commits:[s1:c-1, s0:c-1, s2:c-1], cId:1, entries: [(t:1, i:0), CONFIGURATIONENTRY(current:id: "s0"
address: "0.0.0.0:33275"
clientAddress: "0.0.0.0:33275"
adminAddress: "0.0.0.0:33275"
startupRole: FOLLOWER
,id: "s1"
address: "0.0.0.0:35089"
clientAddress: "0.0.0.0:35089"
adminAddress: "0.0.0.0:35089"
startupRole: FOLLOWER
,id: "s2"
address: "0.0.0.0:43627"
clientAddress: "0.0.0.0:43627"
adminAddress: "0.0.0.0:43627"
startupRole: FOLLOWER
, old:)]
2023-12-13 16:20:28,979 [s2-server-thread2] DEBUG server.RaftServer$Division (RaftServerImpl.java:logAppendEntries(1504)) - s2@group-F16E4F468C1D: receive appendEntries(s1, 1, null, -1, false, commits:[s1:c-1, s0:c-1, s2:c-1], cId:1, entries: [(t:1, i:0), CONFIGURATIONENTRY(current:id: "s0"
address: "0.0.0.0:33275"
clientAddress: "0.0.0.0:33275"
adminAddress: "0.0.0.0:33275"
startupRole: FOLLOWER
,id: "s1"
address: "0.0.0.0:35089"
clientAddress: "0.0.0.0:35089"
adminAddress: "0.0.0.0:35089"
startupRole: FOLLOWER
,id: "s2"
address: "0.0.0.0:43627"
clientAddress: "0.0.0.0:43627"
adminAddress: "0.0.0.0:43627"
startupRole: FOLLOWER
, old:)]
2023-12-13 16:20:28,980 [s0-server-thread2] INFO  server.RaftServer$Division (ServerState.java:setRaftConf(382)) - s0@group-F16E4F468C1D: set configuration 0: peers:[s0|0.0.0.0:33275, s1|0.0.0.0:35089, s2|0.0.0.0:43627]|listeners:[], old=null
2023-12-13 16:20:28,981 [s2-server-thread2] INFO  server.RaftServer$Division (ServerState.java:setRaftConf(382)) - s2@group-F16E4F468C1D: set configuration 0: peers:[s0|0.0.0.0:33275, s1|0.0.0.0:35089, s2|0.0.0.0:43627]|listeners:[], old=null
2023-12-13 16:20:28,982 [s2-server-thread2] INFO  segmented.SegmentedRaftLogWorker (SegmentedRaftLogWorker.java:startLogSegment(430)) - s2@group-F16E4F468C1D-SegmentedRaftLogWorker: Starting segment from index:0
2023-12-13 16:20:28,982 [s0-server-thread2] INFO  segmented.SegmentedRaftLogWorker (SegmentedRaftLogWorker.java:startLogSegment(430)) - s0@group-F16E4F468C1D-SegmentedRaftLogWorker: Starting segment from index:0
2023-12-13 16:20:28,983 [s2@group-F16E4F468C1D-SegmentedRaftLogWorker] INFO  segmented.BufferedWriteChannel (BufferedWriteChannel.java:open(62)) - open log_inprogress_0 at position 0
2023-12-13 16:20:28,985 [s0@group-F16E4F468C1D-SegmentedRaftLogWorker] INFO  segmented.BufferedWriteChannel (BufferedWriteChannel.java:open(62)) - open log_inprogress_0 at position 0
2023-12-13 16:20:28,994 [s2@group-F16E4F468C1D-SegmentedRaftLogWorker] INFO  segmented.SegmentedRaftLogWorker (SegmentedRaftLogWorker.java:execute(634)) - s2@group-F16E4F468C1D-SegmentedRaftLogWorker: created new log segment /home/runner/work/ratis/ratis/ratis-test/target/test/data/1e4ee837/MiniRaftClusterWithGrpc81039c8b/s2/428d0cf7-57ab-4b1e-8ab2-f16e4f468c1d/current/log_inprogress_0
2023-12-13 16:20:28,995 [s0@group-F16E4F468C1D-SegmentedRaftLogWorker] INFO  segmented.SegmentedRaftLogWorker (SegmentedRaftLogWorker.java:execute(634)) - s0@group-F16E4F468C1D-SegmentedRaftLogWorker: created new log segment /home/runner/work/ratis/ratis/ratis-test/target/test/data/1e4ee837/MiniRaftClusterWithGrpc81039c8b/s0/428d0cf7-57ab-4b1e-8ab2-f16e4f468c1d/current/log_inprogress_0
2023-12-13 16:20:28,995 [s0-server-thread2] DEBUG server.RaftServer$Division (RaftServerImpl.java:logAppendEntries(1504)) - s0@group-F16E4F468C1D: succeeded to handle AppendEntries. Reply: s1<-s0#1:OK-t1,SUCCESS,nextIndex=1,followerCommit=-1,matchIndex=0
2023-12-13 16:20:28,995 [s2-server-thread2] DEBUG server.RaftServer$Division (RaftServerImpl.java:logAppendEntries(1504)) - s2@group-F16E4F468C1D: succeeded to handle AppendEntries. Reply: s1<-s2#1:OK-t1,SUCCESS,nextIndex=1,followerCommit=-1,matchIndex=0
2023-12-13 16:20:28,999 [s1@group-F16E4F468C1D-StateMachineUpdater] TRACE util.FileUtils (LogUtils.java:supplyAndLog(69)) - Successfully supplied FileChannel.open /home/runner/work/ratis/ratis/ratis-test/target/test/data/1e4ee837/MiniRaftClusterWithGrpc81039c8b/s1/428d0cf7-57ab-4b1e-8ab2-f16e4f468c1d/current/raft-meta.conf.tmp with options [CREATE, WRITE]: sun.nio.ch.FileChannelImpl@3b4cc514
2023-12-13 16:20:29,001 [s1@group-F16E4F468C1D-StateMachineUpdater] TRACE util.FileUtils (LogUtils.java:runAndLog(49)) - Successfully ran Atomic Files.move /home/runner/work/ratis/ratis/ratis-test/target/test/data/1e4ee837/MiniRaftClusterWithGrpc81039c8b/s1/428d0cf7-57ab-4b1e-8ab2-f16e4f468c1d/current/raft-meta.conf.tmp to /home/runner/work/ratis/ratis/ratis-test/target/test/data/1e4ee837/MiniRaftClusterWithGrpc81039c8b/s1/428d0cf7-57ab-4b1e-8ab2-f16e4f468c1d/current/raft-meta.conf with options [REPLACE_EXISTING]
2023-12-13 16:20:29,002 [s1@group-F16E4F468C1D-StateMachineUpdater] INFO  server.RaftServer$Division (LeaderStateImpl.java:isApplied(320)) - leader is ready since appliedIndex == 0 >= startIndex == 0
2023-12-13 16:20:29,752 [s0@group-F16E4F468C1D-StateMachineUpdater] TRACE util.FileUtils (LogUtils.java:supplyAndLog(69)) - Successfully supplied FileChannel.open /home/runner/work/ratis/ratis/ratis-test/target/test/data/1e4ee837/MiniRaftClusterWithGrpc81039c8b/s0/428d0cf7-57ab-4b1e-8ab2-f16e4f468c1d/current/raft-meta.conf.tmp with options [CREATE, WRITE]: sun.nio.ch.FileChannelImpl@2a13a8bc
2023-12-13 16:20:29,752 [s2@group-F16E4F468C1D-StateMachineUpdater] TRACE util.FileUtils (LogUtils.java:supplyAndLog(69)) - Successfully supplied FileChannel.open /home/runner/work/ratis/ratis/ratis-test/target/test/data/1e4ee837/MiniRaftClusterWithGrpc81039c8b/s2/428d0cf7-57ab-4b1e-8ab2-f16e4f468c1d/current/raft-meta.conf.tmp with options [CREATE, WRITE]: sun.nio.ch.FileChannelImpl@489cf840
2023-12-13 16:20:29,755 [s0@group-F16E4F468C1D-StateMachineUpdater] TRACE util.FileUtils (LogUtils.java:runAndLog(49)) - Successfully ran Atomic Files.move /home/runner/work/ratis/ratis/ratis-test/target/test/data/1e4ee837/MiniRaftClusterWithGrpc81039c8b/s0/428d0cf7-57ab-4b1e-8ab2-f16e4f468c1d/current/raft-meta.conf.tmp to /home/runner/work/ratis/ratis/ratis-test/target/test/data/1e4ee837/MiniRaftClusterWithGrpc81039c8b/s0/428d0cf7-57ab-4b1e-8ab2-f16e4f468c1d/current/raft-meta.conf with options [REPLACE_EXISTING]
2023-12-13 16:20:29,756 [s2@group-F16E4F468C1D-StateMachineUpdater] TRACE util.FileUtils (LogUtils.java:runAndLog(49)) - Successfully ran Atomic Files.move /home/runner/work/ratis/ratis/ratis-test/target/test/data/1e4ee837/MiniRaftClusterWithGrpc81039c8b/s2/428d0cf7-57ab-4b1e-8ab2-f16e4f468c1d/current/raft-meta.conf.tmp to /home/runner/work/ratis/ratis/ratis-test/target/test/data/1e4ee837/MiniRaftClusterWithGrpc81039c8b/s2/428d0cf7-57ab-4b1e-8ab2-f16e4f468c1d/current/raft-meta.conf with options [REPLACE_EXISTING]
2023-12-13 16:20:30,170 [Time-limited test] INFO  ratis.RaftTestUtil (RaftTestUtil.java:waitForLeader(124)) - printing ALL groups
  s0:  RUNNING  FOLLOWER s0@group-F16E4F468C1D:t1, leader=s1, voted=s1, raftlog=Memoized:s0@group-F16E4F468C1D-SegmentedRaftLog:OPENED:c0, conf=0: peers:[s0|0.0.0.0:33275, s1|0.0.0.0:35089, s2|0.0.0.0:43627]|listeners:[], old=null RUNNING
  s1:  RUNNING    LEADER s1@group-F16E4F468C1D:t1, leader=s1, voted=s1, raftlog=Memoized:s1@group-F16E4F468C1D-SegmentedRaftLog:OPENED:c0, conf=0: peers:[s0|0.0.0.0:33275, s1|0.0.0.0:35089, s2|0.0.0.0:43627]|listeners:[], old=null RUNNING
  s2:  RUNNING  FOLLOWER s2@group-F16E4F468C1D:t1, leader=s1, voted=s1, raftlog=Memoized:s2@group-F16E4F468C1D-SegmentedRaftLog:OPENED:c0, conf=0: peers:[s0|0.0.0.0:33275, s1|0.0.0.0:35089, s2|0.0.0.0:43627]|listeners:[], old=null RUNNING
2023-12-13 16:20:31,171 [Time-limited test] INFO  impl.GroupManagementBaseTest (GroupManagementBaseTest.java:testSingleGroupRestart(206)) - restart servers
2023-12-13 16:20:31,171 [Time-limited test] INFO  impl.MiniRaftCluster (MiniRaftCluster.java:killServer(533)) - killServer s0
2023-12-13 16:20:31,171 [Time-limited test] INFO  server.RaftServer (RaftServerProxy.java:lambda$close$9(416)) - s0: close
2023-12-13 16:20:31,171 [Time-limited test] INFO  server.GrpcService (GrpcService.java:closeImpl(311)) - s0: shutdown server GrpcServerProtocolService now
2023-12-13 16:20:31,171 [s0-impl-thread1] INFO  server.RaftServer$Division (RaftServerImpl.java:lambda$close$3(516)) - s0@group-F16E4F468C1D: shutdown
2023-12-13 16:20:31,171 [s0-impl-thread1] INFO  util.JmxRegister (JmxRegister.java:unregister(73)) - Successfully un-registered JMX Bean with object name Ratis:service=RaftServer,group=group-F16E4F468C1D,id=s0
2023-12-13 16:20:31,171 [s0-impl-thread1] INFO  impl.RoleInfo (RoleInfo.java:shutdownFollowerState(110)) - s0: shutdown s0@group-F16E4F468C1D-FollowerState
2023-12-13 16:20:31,171 [s0-impl-thread1] INFO  impl.StateMachineUpdater (StateMachineUpdater.java:stopAndJoin(157)) - s0@group-F16E4F468C1D-StateMachineUpdater: set stopIndex = 0
2023-12-13 16:20:31,171 [s0@group-F16E4F468C1D-FollowerState] INFO  impl.FollowerState (FollowerState.java:run(152)) - s0@group-F16E4F468C1D-FollowerState was interrupted
2023-12-13 16:20:31,172 [s0-impl-thread1] INFO  server.RaftServer$Division (ServerState.java:close(423)) - s0@group-F16E4F468C1D: applyIndex: 0
2023-12-13 16:20:31,172 [s0@group-F16E4F468C1D-cacheEviction-AwaitToRun] INFO  util.AwaitToRun (AwaitToRun.java:run(49)) - s0@group-F16E4F468C1D-cacheEviction-AwaitToRun-AwaitForSignal is interrupted
2023-12-13 16:20:31,172 [Thread-74] INFO  server.GrpcServerProtocolClient (GrpcServerProtocolClient.java:close(103)) - s1 Close channels
2023-12-13 16:20:31,173 [Thread-75] INFO  server.GrpcServerProtocolClient (GrpcServerProtocolClient.java:close(103)) - s2 Close channels
2023-12-13 16:20:31,174 [grpc-default-executor-4] WARN  server.GrpcServerProtocolService (LogUtils.java:warn(121)) - s0: APPEND_ENTRIES onError, lastRequest: null: org.apache.ratis.thirdparty.io.grpc.StatusRuntimeException: CANCELLED: client cancelled
2023-12-13 16:20:31,174 [Time-limited test] INFO  server.GrpcService (GrpcService.java:closeImpl(320)) - s0: shutdown server GrpcServerProtocolService successfully
2023-12-13 16:20:31,176 [grpc-default-executor-2] WARN  server.GrpcServerProtocolService (LogUtils.java:warn(121)) - s0: APPEND_ENTRIES onError, lastRequest: s1->s0#1-t1,previous=(t:0, i:0),leaderCommit=-1,initializing? false,entries: size=1, first=(t:1, i:0), CONFIGURATIONENTRY(current:id: "s0"
address: "0.0.0.0:33275"
clientAddress: "0.0.0.0:33275"
adminAddress: "0.0.0.0:33275"
startupRole: FOLLOWER
,id: "s1"
address: "0.0.0.0:35089"
clientAddress: "0.0.0.0:35089"
adminAddress: "0.0.0.0:35089"
startupRole: FOLLOWER
,id: "s2"
address: "0.0.0.0:43627"
clientAddress: "0.0.0.0:43627"
adminAddress: "0.0.0.0:43627"
startupRole: FOLLOWER
, old:): org.apache.ratis.thirdparty.io.grpc.StatusRuntimeException: CANCELLED: client cancelled
2023-12-13 16:20:31,178 [grpc-default-executor-3] WARN  server.GrpcLogAppender (LogUtils.java:warn(121)) - s1@group-F16E4F468C1D->s0-AppendLogResponseHandler: Failed appendEntries: org.apache.ratis.thirdparty.io.grpc.StatusRuntimeException: CANCELLED: RST_STREAM closed stream. HTTP/2 error code: CANCEL
2023-12-13 16:20:31,178 [grpc-default-executor-2] WARN  server.GrpcLogAppender (LogUtils.java:warn(121)) - s1@group-F16E4F468C1D->s0-AppendLogResponseHandler: Failed appendEntries: org.apache.ratis.thirdparty.io.grpc.StatusRuntimeException: CANCELLED: RST_STREAM closed stream. HTTP/2 error code: CANCEL
2023-12-13 16:20:31,180 [grpc-default-executor-3] WARN  server.GrpcLogAppender (GrpcLogAppender.java:resetClient(207)) - s1@group-F16E4F468C1D->s0-GrpcLogAppender: Follower failed (request=null, errorCount=1); keep nextIndex (1) unchanged and retry.
2023-12-13 16:20:31,180 [grpc-default-executor-2] WARN  server.GrpcLogAppender (GrpcLogAppender.java:resetClient(207)) - s1@group-F16E4F468C1D->s0-GrpcLogAppender: Follower failed (request=null, errorCount=2); keep nextIndex (1) unchanged and retry.
2023-12-13 16:20:31,263 [grpc-default-executor-4] WARN  server.GrpcLogAppender (LogUtils.java:warn(121)) - s1@group-F16E4F468C1D->s0-AppendLogResponseHandler: Failed appendEntries: org.apache.ratis.thirdparty.io.grpc.StatusRuntimeException: UNAVAILABLE: io exception
2023-12-13 16:20:31,263 [grpc-default-executor-1] WARN  server.GrpcLogAppender (LogUtils.java:warn(121)) - s1@group-F16E4F468C1D->s0-AppendLogResponseHandler: Failed appendEntries: org.apache.ratis.thirdparty.io.grpc.StatusRuntimeException: UNAVAILABLE: io exception
2023-12-13 16:20:31,264 [grpc-default-executor-4] WARN  server.GrpcLogAppender (GrpcLogAppender.java:resetClient(207)) - s1@group-F16E4F468C1D->s0-GrpcLogAppender: Follower failed (request=null, errorCount=3); keep nextIndex (1) unchanged and retry.
2023-12-13 16:20:31,265 [grpc-default-executor-1] WARN  server.GrpcLogAppender (GrpcLogAppender.java:resetClient(207)) - s1@group-F16E4F468C1D->s0-GrpcLogAppender: Follower failed (request=null, errorCount=4); keep nextIndex (1) unchanged and retry.
2023-12-13 16:20:31,640 [grpc-default-executor-1] WARN  server.GrpcLogAppender (LogUtils.java:warn(121)) - s1@group-F16E4F468C1D->s0-AppendLogResponseHandler: Failed appendEntries: org.apache.ratis.thirdparty.io.grpc.StatusRuntimeException: UNAVAILABLE: io exception
2023-12-13 16:20:31,640 [grpc-default-executor-4] WARN  server.GrpcLogAppender (LogUtils.java:warn(121)) - s1@group-F16E4F468C1D->s0-AppendLogResponseHandler: Failed appendEntries: org.apache.ratis.thirdparty.io.grpc.StatusRuntimeException: UNAVAILABLE: io exception
2023-12-13 16:20:31,642 [grpc-default-executor-1] WARN  server.GrpcLogAppender (GrpcLogAppender.java:resetClient(207)) - s1@group-F16E4F468C1D->s0-GrpcLogAppender: Follower failed (request=null, errorCount=5); keep nextIndex (1) unchanged and retry.
2023-12-13 16:20:31,642 [grpc-default-executor-4] WARN  server.GrpcLogAppender (GrpcLogAppender.java:resetClient(207)) - s1@group-F16E4F468C1D->s0-GrpcLogAppender: Follower failed (request=null, errorCount=6); keep nextIndex (1) unchanged and retry.
2023-12-13 16:20:31,997 [s0-impl-thread1] INFO  segmented.SegmentedRaftLogWorker (SegmentedRaftLogWorker.java:close(245)) - s0@group-F16E4F468C1D-SegmentedRaftLogWorker close()
2023-12-13 16:20:31,998 [JvmPauseMonitor2] INFO  util.JvmPauseMonitor (JvmPauseMonitor.java:run(152)) - JvmPauseMonitor-s0: Stopped
2023-12-13 16:20:31,998 [Time-limited test] INFO  impl.MiniRaftCluster (MiniRaftCluster.java:newRaftServer(382)) - newRaftServer: s0, null, format? false
2023-12-13 16:20:31,998 [Time-limited test] DEBUG server.RaftServer (ServerImplUtils.java:newRaftServer(51)) - newRaftServer: s0, null
2023-12-13 16:20:31,999 [Time-limited test] INFO  server.RaftServer (ConfUtils.java:logGet(46)) - raft.rpc.type = GRPC (default)
2023-12-13 16:20:31,999 [Time-limited test] INFO  grpc.GrpcConfigKeys (ConfUtils.java:logFallback(53)) - raft.grpc.admin.host = null (fallback to raft.grpc.server.host)
2023-12-13 16:20:31,999 [Time-limited test] INFO  grpc.GrpcConfigKeys (ConfUtils.java:logGet(46)) - raft.grpc.admin.port = 33275 (custom)
2023-12-13 16:20:31,999 [Time-limited test] INFO  grpc.GrpcConfigKeys (ConfUtils.java:logFallback(53)) - raft.grpc.client.host = null (fallback to raft.grpc.server.host)
2023-12-13 16:20:31,999 [Time-limited test] INFO  grpc.GrpcConfigKeys (ConfUtils.java:logGet(46)) - raft.grpc.client.port = 33275 (custom)
2023-12-13 16:20:31,999 [Time-limited test] INFO  grpc.GrpcConfigKeys (ConfUtils.java:logGet(46)) - raft.grpc.server.host = null (default)
2023-12-13 16:20:31,999 [Time-limited test] INFO  grpc.GrpcConfigKeys (ConfUtils.java:logGet(46)) - raft.grpc.server.port = 33275 (custom)
2023-12-13 16:20:31,999 [Time-limited test] INFO  server.GrpcService (ConfUtils.java:logGet(46)) - raft.grpc.message.size.max = 64MB (=67108864) (default)
2023-12-13 16:20:31,999 [Time-limited test] INFO  server.RaftServerConfigKeys (ConfUtils.java:logGet(46)) - raft.server.log.appender.buffer.byte-limit = 4MB (=4194304) (default)
2023-12-13 16:20:31,999 [Time-limited test] INFO  server.GrpcService (ConfUtils.java:logGet(46)) - raft.grpc.flow.control.window = 1MB (=1048576) (default)
2023-12-13 16:20:31,999 [Time-limited test] INFO  server.RaftServerConfigKeys (ConfUtils.java:logGet(46)) - raft.server.rpc.request.timeout = 3000ms (default)
2023-12-13 16:20:31,999 [Time-limited test] INFO  grpc.GrpcConfigKeys (ConfUtils.java:logGet(46)) - raft.grpc.server.heartbeat.channel = true (default)
2023-12-13 16:20:31,999 [Time-limited test] INFO  grpc.GrpcConfigKeys (ConfUtils.java:logGet(46)) - raft.grpc.server.async.request.thread.pool.cached = true (default)
2023-12-13 16:20:31,999 [Time-limited test] INFO  grpc.GrpcConfigKeys (ConfUtils.java:logGet(46)) - raft.grpc.server.async.request.thread.pool.size = 32 (default)
2023-12-13 16:20:32,000 [Time-limited test] INFO  impl.DataStreamServerImpl (ConfUtils.java:logGet(46)) - raft.datastream.type = DISABLED (default)
2023-12-13 16:20:32,000 [Time-limited test] INFO  server.RaftServerConfigKeys (ConfUtils.java:logGet(46)) - raft.server.sleep.deviation.threshold = 300ms (default)
2023-12-13 16:20:32,000 [Time-limited test] INFO  server.RaftServerConfigKeys (ConfUtils.java:logGet(46)) - raft.server.close.threshold = 60s (default)
2023-12-13 16:20:32,000 [Time-limited test] INFO  server.RaftServerConfigKeys (ConfUtils.java:logGet(46)) - raft.server.leaderelection.leader.step-down.wait-time = 10s (default)
2023-12-13 16:20:32,000 [Time-limited test] INFO  server.RaftServerConfigKeys (ConfUtils.java:logGet(46)) - raft.server.storage.dir = [/home/runner/work/ratis/ratis/ratis-test/target/test/data/1e4ee837/MiniRaftClusterWithGrpc81039c8b/s0] (custom)
2023-12-13 16:20:32,000 [Time-limited test] INFO  server.RaftServerConfigKeys (ConfUtils.java:logGet(46)) - raft.server.threadpool.proxy.cached = true (default)
2023-12-13 16:20:32,000 [Time-limited test] INFO  server.RaftServerConfigKeys (ConfUtils.java:logGet(46)) - raft.server.threadpool.proxy.size = 0 (default)
2023-12-13 16:20:32,001 [s0-impl-thread1] INFO  server.RaftServer (RaftServerProxy.java:initGroupDir(264)) - s0: found a subdirectory /home/runner/work/ratis/ratis/ratis-test/target/test/data/1e4ee837/MiniRaftClusterWithGrpc81039c8b/s0/428d0cf7-57ab-4b1e-8ab2-f16e4f468c1d
2023-12-13 16:20:32,001 [s0-impl-thread1] INFO  server.RaftServer (RaftServerProxy.java:addNew(100)) - s0: addNew group-F16E4F468C1D:[] returns group-F16E4F468C1D:java.util.concurrent.CompletableFuture@663c2501[Not completed]
2023-12-13 16:20:32,001 [s0-groupManagement] INFO  server.RaftServer$Division (RaftServerImpl.java:<init>(256)) - s0: new RaftServerImpl for group-F16E4F468C1D:[] with BaseStateMachine:uninitialized
2023-12-13 16:20:32,001 [s0-groupManagement] INFO  server.RaftServerConfigKeys (ConfUtils.java:logGet(46)) - raft.server.rpc.timeout.min = 1500ms (custom)
2023-12-13 16:20:32,001 [s0-groupManagement] INFO  server.RaftServerConfigKeys (ConfUtils.java:logGet(46)) - raft.server.rpc.timeout.max = 2000ms (custom)
2023-12-13 16:20:32,001 [s0-groupManagement] INFO  server.RaftServerConfigKeys (ConfUtils.java:logGet(46)) - raft.server.rpc.sleep.time = 25ms (default)
2023-12-13 16:20:32,001 [s0-groupManagement] INFO  server.RaftServerConfigKeys (ConfUtils.java:logGet(46)) - raft.server.rpc.slowness.timeout = 60s (default)
2023-12-13 16:20:32,001 [s0-groupManagement] INFO  server.RaftServerConfigKeys (ConfUtils.java:logGet(46)) - raft.server.leaderelection.leader.step-down.wait-time = 10s (default)
2023-12-13 16:20:32,001 [s0-groupManagement] INFO  server.RaftServerConfigKeys (ConfUtils.java:logGet(46)) - raft.server.leaderelection.member.majority-add = false (default)
2023-12-13 16:20:32,001 [s0-groupManagement] INFO  server.RaftServerConfigKeys (ConfUtils.java:logGet(46)) - raft.server.sleep.deviation.threshold = 300ms (default)
2023-12-13 16:20:32,001 [s0-groupManagement] INFO  server.RaftServer$Division (ServerState.java:<init>(113)) - s0@group-F16E4F468C1D: ConfigurationManager, init=-1: peers:[]|listeners:[], old=null, confs=<EMPTY_MAP>
2023-12-13 16:20:32,002 [s0-groupManagement] INFO  server.RaftServerConfigKeys (ConfUtils.java:logGet(46)) - raft.server.notification.no-leader.timeout = 60s (default)
2023-12-13 16:20:32,002 [s0-groupManagement] INFO  server.RaftServerConfigKeys (ConfUtils.java:logGet(46)) - raft.server.read.timeout = 10s (default)
2023-12-13 16:20:32,002 [s0-groupManagement] INFO  server.RaftServerConfigKeys (ConfUtils.java:logGet(46)) - raft.server.retrycache.expirytime = 60s (default)
2023-12-13 16:20:32,002 [s0-groupManagement] INFO  server.RaftServerConfigKeys (ConfUtils.java:logGet(46)) - raft.server.retrycache.statistics.expirytime = 100ms (default)
2023-12-13 16:20:32,002 [s0-groupManagement] INFO  server.RaftServerConfigKeys (ConfUtils.java:logGet(46)) - raft.server.read.option = DEFAULT (default)
2023-12-13 16:20:32,002 [s0-groupManagement] INFO  server.RaftServerConfigKeys (ConfUtils.java:logGet(46)) - raft.server.read.read-after-write-consistent.write-index-cache.expiry-time = 60s (default)
2023-12-13 16:20:32,003 [s0-groupManagement] INFO  server.RaftServerConfigKeys (ConfUtils.java:logGet(46)) - raft.server.rpc.request.timeout = 3000ms (default)
2023-12-13 16:20:32,003 [s0-groupManagement] INFO  server.RaftServerConfigKeys (ConfUtils.java:logGet(46)) - raft.server.log.appender.install.snapshot.enabled = true (default)
2023-12-13 16:20:32,003 [s0-groupManagement] INFO  server.RaftServerConfigKeys (ConfUtils.java:logGet(46)) - raft.server.threadpool.server.cached = true (default)
2023-12-13 16:20:32,003 [s0-groupManagement] INFO  server.RaftServerConfigKeys (ConfUtils.java:logGet(46)) - raft.server.threadpool.server.size = 0 (default)
2023-12-13 16:20:32,003 [s0-groupManagement] INFO  server.RaftServerConfigKeys (ConfUtils.java:logGet(46)) - raft.server.threadpool.client.cached = true (default)
2023-12-13 16:20:32,003 [s0-groupManagement] INFO  server.RaftServerConfigKeys (ConfUtils.java:logGet(46)) - raft.server.threadpool.client.size = 0 (default)
2023-12-13 16:20:32,003 [s0-impl-thread1] INFO  server.RaftServerConfigKeys (ConfUtils.java:logGet(46)) - raft.server.storage.free-space.min = 0MB (=0) (default)
2023-12-13 16:20:32,003 [s0-impl-thread1] INFO  server.RaftServerConfigKeys (ConfUtils.java:logGet(46)) - raft.server.log.corruption.policy = EXCEPTION (default)
2023-12-13 16:20:32,003 [s0-impl-thread1] INFO  server.RaftServerConfigKeys (ConfUtils.java:logGet(46)) - raft.server.storage.dir = [/home/runner/work/ratis/ratis/ratis-test/target/test/data/1e4ee837/MiniRaftClusterWithGrpc81039c8b/s0] (custom)
2023-12-13 16:20:32,005 [s0-impl-thread1] INFO  storage.RaftStorageDirectory (RaftStorageDirectoryImpl.java:tryLock(228)) - Lock on /home/runner/work/ratis/ratis/ratis-test/target/test/data/1e4ee837/MiniRaftClusterWithGrpc81039c8b/s0/428d0cf7-57ab-4b1e-8ab2-f16e4f468c1d/in_use.lock acquired by nodename 10819@fv-az890-872
2023-12-13 16:20:32,005 [s0-impl-thread1] TRACE util.FileUtils (LogUtils.java:runAndLog(49)) - Successfully ran Files.deleteIfExists /home/runner/work/ratis/ratis/ratis-test/target/test/data/1e4ee837/MiniRaftClusterWithGrpc81039c8b/s0/428d0cf7-57ab-4b1e-8ab2-f16e4f468c1d/current/raft-meta.tmp
2023-12-13 16:20:32,005 [s0-impl-thread1] TRACE util.FileUtils (LogUtils.java:supplyAndLog(69)) - Successfully supplied Files.newInputStream /home/runner/work/ratis/ratis/ratis-test/target/test/data/1e4ee837/MiniRaftClusterWithGrpc81039c8b/s0/428d0cf7-57ab-4b1e-8ab2-f16e4f468c1d/current/raft-meta with options []: sun.nio.ch.ChannelInputStream@27012f3a
2023-12-13 16:20:32,005 [s0-impl-thread1] INFO  storage.RaftStorage (RaftStorageImpl.java:analyzeAndRecoverStorage(119)) - Read RaftStorageMetadata{term=1, votedFor=s1} from /home/runner/work/ratis/ratis/ratis-test/target/test/data/1e4ee837/MiniRaftClusterWithGrpc81039c8b/s0/428d0cf7-57ab-4b1e-8ab2-f16e4f468c1d/current/raft-meta
2023-12-13 16:20:32,005 [s0-impl-thread1] TRACE util.FileUtils (LogUtils.java:supplyAndLog(69)) - Successfully supplied Files.newInputStream /home/runner/work/ratis/ratis/ratis-test/target/test/data/1e4ee837/MiniRaftClusterWithGrpc81039c8b/s0/428d0cf7-57ab-4b1e-8ab2-f16e4f468c1d/current/raft-meta.conf with options []: sun.nio.ch.ChannelInputStream@11ffd512
2023-12-13 16:20:32,006 [s0-impl-thread1] INFO  server.RaftServer$Division (ServerState.java:setRaftConf(382)) - s0@group-F16E4F468C1D: set configuration 0: peers:[s0|0.0.0.0:33275, s1|0.0.0.0:35089, s2|0.0.0.0:43627]|listeners:[], old=null
2023-12-13 16:20:32,006 [s0-impl-thread1] INFO  server.RaftServerConfigKeys (ConfUtils.java:logGet(46)) - raft.server.log.use.memory = false (default)
2023-12-13 16:20:32,006 [s0-impl-thread1] INFO  server.RaftServerConfigKeys (ConfUtils.java:logGet(46)) - raft.server.log.purge.gap = 1024 (default)
2023-12-13 16:20:32,006 [s0-impl-thread1] INFO  server.RaftServerConfigKeys (ConfUtils.java:logGet(46)) - raft.server.log.appender.buffer.byte-limit = 4MB (=4194304) (default)
2023-12-13 16:20:32,006 [s0-impl-thread1] INFO  server.RaftServerConfigKeys (ConfUtils.java:logGet(46)) - raft.server.log.statemachine.data.read.timeout = 1000ms (default)
2023-12-13 16:20:32,006 [s0-impl-thread1] INFO  server.RaftServerConfigKeys (ConfUtils.java:logGet(46)) - raft.server.log.purge.preservation.log.num = 0 (default)
2023-12-13 16:20:32,007 [s0-impl-thread1] INFO  server.RaftServerConfigKeys (ConfUtils.java:logGet(46)) - raft.server.log.segment.size.max = 32MB (=33554432) (default)
2023-12-13 16:20:32,007 [s0-impl-thread1] INFO  server.RaftServerConfigKeys (ConfUtils.java:logGet(46)) - raft.server.log.segment.cache.num.max = 6 (default)
2023-12-13 16:20:32,007 [s0-impl-thread1] INFO  server.RaftServerConfigKeys (ConfUtils.java:logGet(46)) - raft.server.log.segment.cache.size.max = 200MB (=209715200) (default)
2023-12-13 16:20:32,007 [s0-impl-thread1] INFO  server.RaftServerConfigKeys (ConfUtils.java:logGet(46)) - raft.server.log.appender.buffer.byte-limit = 4MB (=4194304) (default)
2023-12-13 16:20:32,007 [s0-impl-thread1] INFO  util.AwaitToRun (AwaitToRun.java:start(81)) - Thread[s0@group-F16E4F468C1D-cacheEviction-AwaitToRun,5,main] started
2023-12-13 16:20:32,007 [s0-impl-thread1] INFO  segmented.SegmentedRaftLogWorker (SegmentedRaftLogWorker.java:<init>(182)) - new s0@group-F16E4F468C1D-SegmentedRaftLogWorker for RaftStorageImpl:Storage Directory /home/runner/work/ratis/ratis/ratis-test/target/test/data/1e4ee837/MiniRaftClusterWithGrpc81039c8b/s0/428d0cf7-57ab-4b1e-8ab2-f16e4f468c1d
2023-12-13 16:20:32,007 [s0-impl-thread1] INFO  server.RaftServerConfigKeys (ConfUtils.java:logGet(46)) - raft.server.log.queue.byte-limit = 64MB (=67108864) (default)
2023-12-13 16:20:32,007 [s0-impl-thread1] INFO  server.RaftServerConfigKeys (ConfUtils.java:logGet(46)) - raft.server.log.queue.element-limit = 4096 (default)
2023-12-13 16:20:32,008 [s0-impl-thread1] INFO  server.RaftServerConfigKeys (ConfUtils.java:logGet(46)) - raft.server.log.segment.size.max = 32MB (=33554432) (default)
2023-12-13 16:20:32,008 [s0-impl-thread1] INFO  server.RaftServerConfigKeys (ConfUtils.java:logGet(46)) - raft.server.log.preallocated.size = 4MB (=4194304) (default)
2023-12-13 16:20:32,008 [s0-impl-thread1] INFO  server.RaftServerConfigKeys (ConfUtils.java:logGet(46)) - raft.server.log.force.sync.num = 128 (default)
2023-12-13 16:20:32,008 [s0-impl-thread1] INFO  server.RaftServerConfigKeys (ConfUtils.java:logGet(46)) - raft.server.log.statemachine.data.sync = true (default)
2023-12-13 16:20:32,008 [s0-impl-thread1] INFO  server.RaftServerConfigKeys (ConfUtils.java:logGet(46)) - raft.server.log.statemachine.data.sync.timeout = 10s (default)
2023-12-13 16:20:32,008 [s0-impl-thread1] INFO  server.RaftServerConfigKeys (ConfUtils.java:logGet(46)) - raft.server.log.statemachine.data.sync.timeout.retry = -1 (default)
2023-12-13 16:20:32,008 [s0-impl-thread1] INFO  server.RaftServerConfigKeys (ConfUtils.java:logGet(46)) - raft.server.log.write.buffer.size = 8MB (=8388608) (default)
2023-12-13 16:20:32,010 [s0-impl-thread1] INFO  server.RaftServerConfigKeys (ConfUtils.java:logGet(46)) - raft.server.log.appender.buffer.byte-limit = 4MB (=4194304) (default)
2023-12-13 16:20:32,010 [s0-impl-thread1] INFO  server.RaftServerConfigKeys (ConfUtils.java:logGet(46)) - raft.server.log.unsafe-flush.enabled = false (default)
2023-12-13 16:20:32,010 [s0-impl-thread1] INFO  server.RaftServerConfigKeys (ConfUtils.java:logGet(46)) - raft.server.log.async-flush.enabled = false (default)
2023-12-13 16:20:32,010 [s0-impl-thread1] INFO  server.RaftServerConfigKeys (ConfUtils.java:logGet(46)) - raft.server.log.statemachine.data.caching.enabled = false (default)
2023-12-13 16:20:32,013 [s0-impl-thread1] TRACE util.FileUtils (LogUtils.java:supplyAndLog(69)) - Successfully supplied Files.newInputStream /home/runner/work/ratis/ratis/ratis-test/target/test/data/1e4ee837/MiniRaftClusterWithGrpc81039c8b/s0/428d0cf7-57ab-4b1e-8ab2-f16e4f468c1d/current/log_inprogress_0 with options []: sun.nio.ch.ChannelInputStream@25610982
2023-12-13 16:20:32,014 [s0-impl-thread1] INFO  server.RaftServer$Division (ServerState.java:setRaftConf(382)) - s0@group-F16E4F468C1D: set configuration 0: peers:[s0|0.0.0.0:33275, s1|0.0.0.0:35089, s2|0.0.0.0:43627]|listeners:[], old=null
2023-12-13 16:20:32,014 [s0-impl-thread1] INFO  segmented.LogSegment (LogSegment.java:loadSegment(170)) - Successfully read 1 entries from segment file /home/runner/work/ratis/ratis/ratis-test/target/test/data/1e4ee837/MiniRaftClusterWithGrpc81039c8b/s0/428d0cf7-57ab-4b1e-8ab2-f16e4f468c1d/current/log_inprogress_0
2023-12-13 16:20:32,014 [s0-impl-thread1] INFO  segmented.SegmentedRaftLogWorker (SegmentedRaftLogWorker.java:lambda$new$0(134)) - s0@group-F16E4F468C1D-SegmentedRaftLogWorker: safeCacheEvictIndex: setUnconditionally 0 -> -1
2023-12-13 16:20:32,014 [s0-impl-thread1] INFO  segmented.BufferedWriteChannel (BufferedWriteChannel.java:open(62)) - open log_inprogress_0 (append) at position 178
2023-12-13 16:20:32,014 [s0-impl-thread1] INFO  server.RaftServer$Division (RaftServerImpl.java:start(392)) - s0@group-F16E4F468C1D: start as a follower, conf=0: peers:[s0|0.0.0.0:33275, s1|0.0.0.0:35089, s2|0.0.0.0:43627]|listeners:[], old=null
2023-12-13 16:20:32,014 [s0-impl-thread1] INFO  server.RaftServer$Division (RaftServerImpl.java:setRole(379)) - s0@group-F16E4F468C1D: changes role from      null to FOLLOWER at term 1 for startAsFollower
2023-12-13 16:20:32,015 [s0-impl-thread1] INFO  impl.RoleInfo (RoleInfo.java:updateAndGet(139)) - s0: start s0@group-F16E4F468C1D-FollowerState
2023-12-13 16:20:32,015 [s0-impl-thread1] INFO  util.JmxRegister (JmxRegister.java:tryRegister(44)) - Successfully registered JMX Bean with object name Ratis:service=RaftServer,group=group-F16E4F468C1D,id=s0
2023-12-13 16:20:32,015 [s0-impl-thread1] INFO  server.RaftServerConfigKeys (ConfUtils.java:logGet(46)) - raft.server.snapshot.trigger-when-stop.enabled = true (default)
2023-12-13 16:20:32,015 [s0-impl-thread1] INFO  server.RaftServerConfigKeys (ConfUtils.java:logGet(46)) - raft.server.snapshot.auto.trigger.enabled = false (default)
2023-12-13 16:20:32,015 [s0-impl-thread1] INFO  server.RaftServerConfigKeys (ConfUtils.java:logGet(46)) - raft.server.snapshot.retention.file.num = -1 (default)
2023-12-13 16:20:32,015 [s0-impl-thread1] INFO  server.RaftServerConfigKeys (ConfUtils.java:logGet(46)) - raft.server.log.purge.upto.snapshot.index = false (default)
2023-12-13 16:20:32,015 [Time-limited test] INFO  server.RaftServer (RaftServerProxy.java:startImpl(406)) - s0: start RPC server
2023-12-13 16:20:32,016 [s0@group-F16E4F468C1D-FollowerState] INFO  server.RaftServerConfigKeys (ConfUtils.java:logFallback(53)) - raft.server.rpc.first-election.timeout.min = 1500ms (fallback to raft.server.rpc.timeout.min)
2023-12-13 16:20:32,016 [s0@group-F16E4F468C1D-FollowerState] INFO  server.RaftServerConfigKeys (ConfUtils.java:logFallback(53)) - raft.server.rpc.first-election.timeout.max = 2000ms (fallback to raft.server.rpc.timeout.max)
2023-12-13 16:20:32,017 [Time-limited test] INFO  server.GrpcService (GrpcService.java:startImpl(302)) - s0: GrpcService started, listening on 33275
2023-12-13 16:20:32,017 [Time-limited test] INFO  impl.MiniRaftCluster (MiniRaftCluster.java:killServer(533)) - killServer s1
2023-12-13 16:20:32,017 [JvmPauseMonitor5] INFO  util.JvmPauseMonitor (JvmPauseMonitor.java:run(146)) - JvmPauseMonitor-s0: Started
2023-12-13 16:20:32,017 [Time-limited test] INFO  server.RaftServer (RaftServerProxy.java:lambda$close$9(416)) - s1: close
2023-12-13 16:20:32,017 [Time-limited test] INFO  server.GrpcService (GrpcService.java:closeImpl(311)) - s1: shutdown server GrpcServerProtocolService now
2023-12-13 16:20:32,017 [s1-impl-thread1] INFO  server.RaftServer$Division (RaftServerImpl.java:lambda$close$3(516)) - s1@group-F16E4F468C1D: shutdown
2023-12-13 16:20:32,017 [s1-impl-thread1] INFO  util.JmxRegister (JmxRegister.java:unregister(73)) - Successfully un-registered JMX Bean with object name Ratis:service=RaftServer,group=group-F16E4F468C1D,id=s1
2023-12-13 16:20:32,017 [s1-impl-thread1] INFO  impl.RoleInfo (RoleInfo.java:shutdownLeaderState(94)) - s1: shutdown s1@group-F16E4F468C1D-LeaderStateImpl
2023-12-13 16:20:32,018 [grpc-default-executor-4] INFO  server.GrpcLogAppender (GrpcLogAppender.java:onError(523)) - s1@group-F16E4F468C1D->s0-GrpcLogAppender is already stopped
2023-12-13 16:20:32,018 [s1-impl-thread1] INFO  impl.PendingRequests (PendingRequests.java:sendNotLeaderResponses(289)) - s1@group-F16E4F468C1D-PendingRequests: sendNotLeaderResponses
2023-12-13 16:20:32,018 [s1@group-F16E4F468C1D->s0-GrpcLogAppender-LogAppenderDaemon] WARN  server.GrpcLogAppender (GrpcLogAppender.java:mayWait(279)) - s1@group-F16E4F468C1D->s0-GrpcLogAppender: Wait interrupted by java.lang.InterruptedException
2023-12-13 16:20:32,019 [grpc-default-executor-4] INFO  server.GrpcLogAppender (GrpcLogAppender.java:onError(523)) - s1@group-F16E4F468C1D->s0-GrpcLogAppender is already stopped
2023-12-13 16:20:32,019 [s1@group-F16E4F468C1D->s2-GrpcLogAppender-LogAppenderDaemon] WARN  server.GrpcLogAppender (GrpcLogAppender.java:mayWait(279)) - s1@group-F16E4F468C1D->s2-GrpcLogAppender: Wait interrupted by java.lang.InterruptedException
2023-12-13 16:20:32,019 [grpc-default-executor-1] INFO  server.GrpcServerProtocolService (GrpcServerProtocolService.java:onCompleted(157)) - s2: Completed APPEND_ENTRIES, lastRequest: null
2023-12-13 16:20:32,020 [s1-impl-thread1] INFO  impl.StateMachineUpdater (StateMachineUpdater.java:stopAndJoin(157)) - s1@group-F16E4F468C1D-StateMachineUpdater: set stopIndex = 0
2023-12-13 16:20:32,020 [grpc-default-executor-4] INFO  server.GrpcServerProtocolService (GrpcServerProtocolService.java:onCompleted(157)) - s2: Completed APPEND_ENTRIES, lastRequest: s1->s2#1-t1,previous=(t:0, i:0),leaderCommit=-1,initializing? false,entries: size=1, first=(t:1, i:0), CONFIGURATIONENTRY(current:id: "s0"
address: "0.0.0.0:33275"
clientAddress: "0.0.0.0:33275"
adminAddress: "0.0.0.0:33275"
startupRole: FOLLOWER
,id: "s1"
address: "0.0.0.0:35089"
clientAddress: "0.0.0.0:35089"
adminAddress: "0.0.0.0:35089"
startupRole: FOLLOWER
,id: "s2"
address: "0.0.0.0:43627"
clientAddress: "0.0.0.0:43627"
adminAddress: "0.0.0.0:43627"
startupRole: FOLLOWER
, old:)
2023-12-13 16:20:32,020 [grpc-default-executor-4] INFO  server.GrpcServerProtocolService (GrpcServerProtocolService.java:lambda$onCompleted$5(159)) - s2: Completed APPEND_ENTRIES, lastReply: null
2023-12-13 16:20:32,021 [s1-impl-thread1] INFO  server.RaftServer$Division (ServerState.java:close(423)) - s1@group-F16E4F468C1D: applyIndex: 0
2023-12-13 16:20:32,022 [grpc-default-executor-1] INFO  server.GrpcServerProtocolService (GrpcServerProtocolService.java:lambda$onCompleted$5(159)) - s2: Completed APPEND_ENTRIES, lastReply: serverReply {
  requestorId: "s1"
  replyId: "s2"
  raftGroupId {
    id: "B\215\f\367W\253K\036\212\262\361nOF\214\035"
  }
  callId: 8
  success: true
}
term: 1
nextIndex: 1
matchIndex: 18446744073709551615
isHearbeat: true

2023-12-13 16:20:32,021 [grpc-default-executor-2] INFO  server.GrpcLogAppender (GrpcLogAppender.java:onCompleted(534)) - s1@group-F16E4F468C1D->s2-AppendLogResponseHandler: follower responses appendEntries COMPLETED
2023-12-13 16:20:32,025 [s1@group-F16E4F468C1D-cacheEviction-AwaitToRun] INFO  util.AwaitToRun (AwaitToRun.java:run(49)) - s1@group-F16E4F468C1D-cacheEviction-AwaitToRun-AwaitForSignal is interrupted
2023-12-13 16:20:32,026 [grpc-default-executor-1] INFO  server.GrpcLogAppender (GrpcLogAppender.java:onCompleted(534)) - s1@group-F16E4F468C1D->s2-AppendLogResponseHandler: follower responses appendEntries COMPLETED
2023-12-13 16:20:32,025 [Thread-83] INFO  server.GrpcServerProtocolClient (GrpcServerProtocolClient.java:close(103)) - s0 Close channels
2023-12-13 16:20:32,026 [Thread-85] INFO  server.GrpcServerProtocolClient (GrpcServerProtocolClient.java:close(103)) - s2 Close channels
2023-12-13 16:20:32,030 [Time-limited test] INFO  server.GrpcService (GrpcService.java:closeImpl(320)) - s1: shutdown server GrpcServerProtocolService successfully
2023-12-13 16:20:32,891 [s1-impl-thread1] INFO  segmented.SegmentedRaftLogWorker (SegmentedRaftLogWorker.java:close(245)) - s1@group-F16E4F468C1D-SegmentedRaftLogWorker close()
2023-12-13 16:20:32,892 [JvmPauseMonitor3] INFO  util.JvmPauseMonitor (JvmPauseMonitor.java:run(152)) - JvmPauseMonitor-s1: Stopped
2023-12-13 16:20:32,892 [Time-limited test] INFO  impl.MiniRaftCluster (MiniRaftCluster.java:newRaftServer(382)) - newRaftServer: s1, null, format? false
2023-12-13 16:20:32,892 [Time-limited test] DEBUG server.RaftServer (ServerImplUtils.java:newRaftServer(51)) - newRaftServer: s1, null
2023-12-13 16:20:32,892 [Time-limited test] INFO  server.RaftServer (ConfUtils.java:logGet(46)) - raft.rpc.type = GRPC (default)
2023-12-13 16:20:32,892 [Time-limited test] INFO  grpc.GrpcConfigKeys (ConfUtils.java:logFallback(53)) - raft.grpc.admin.host = null (fallback to raft.grpc.server.host)
2023-12-13 16:20:32,892 [Time-limited test] INFO  grpc.GrpcConfigKeys (ConfUtils.java:logGet(46)) - raft.grpc.admin.port = 35089 (custom)
2023-12-13 16:20:32,892 [Time-limited test] INFO  grpc.GrpcConfigKeys (ConfUtils.java:logFallback(53)) - raft.grpc.client.host = null (fallback to raft.grpc.server.host)
2023-12-13 16:20:32,892 [Time-limited test] INFO  grpc.GrpcConfigKeys (ConfUtils.java:logGet(46)) - raft.grpc.client.port = 35089 (custom)
2023-12-13 16:20:32,893 [Time-limited test] INFO  grpc.GrpcConfigKeys (ConfUtils.java:logGet(46)) - raft.grpc.server.host = null (default)
2023-12-13 16:20:32,893 [Time-limited test] INFO  grpc.GrpcConfigKeys (ConfUtils.java:logGet(46)) - raft.grpc.server.port = 35089 (custom)
2023-12-13 16:20:32,893 [Time-limited test] INFO  server.GrpcService (ConfUtils.java:logGet(46)) - raft.grpc.message.size.max = 64MB (=67108864) (default)
2023-12-13 16:20:32,893 [Time-limited test] INFO  server.RaftServerConfigKeys (ConfUtils.java:logGet(46)) - raft.server.log.appender.buffer.byte-limit = 4MB (=4194304) (default)
2023-12-13 16:20:32,893 [Time-limited test] INFO  server.GrpcService (ConfUtils.java:logGet(46)) - raft.grpc.flow.control.window = 1MB (=1048576) (default)
2023-12-13 16:20:32,893 [Time-limited test] INFO  server.RaftServerConfigKeys (ConfUtils.java:logGet(46)) - raft.server.rpc.request.timeout = 3000ms (default)
2023-12-13 16:20:32,893 [Time-limited test] INFO  grpc.GrpcConfigKeys (ConfUtils.java:logGet(46)) - raft.grpc.server.heartbeat.channel = true (default)
2023-12-13 16:20:32,893 [Time-limited test] INFO  grpc.GrpcConfigKeys (ConfUtils.java:logGet(46)) - raft.grpc.server.async.request.thread.pool.cached = true (default)
2023-12-13 16:20:32,893 [Time-limited test] INFO  grpc.GrpcConfigKeys (ConfUtils.java:logGet(46)) - raft.grpc.server.async.request.thread.pool.size = 32 (default)
2023-12-13 16:20:32,893 [Time-limited test] INFO  impl.DataStreamServerImpl (ConfUtils.java:logGet(46)) - raft.datastream.type = DISABLED (default)
2023-12-13 16:20:32,893 [Time-limited test] INFO  server.RaftServerConfigKeys (ConfUtils.java:logGet(46)) - raft.server.sleep.deviation.threshold = 300ms (default)
2023-12-13 16:20:32,894 [Time-limited test] INFO  server.RaftServerConfigKeys (ConfUtils.java:logGet(46)) - raft.server.close.threshold = 60s (default)
2023-12-13 16:20:32,894 [Time-limited test] INFO  server.RaftServerConfigKeys (ConfUtils.java:logGet(46)) - raft.server.leaderelection.leader.step-down.wait-time = 10s (default)
2023-12-13 16:20:32,894 [Time-limited test] INFO  server.RaftServerConfigKeys (ConfUtils.java:logGet(46)) - raft.server.storage.dir = [/home/runner/work/ratis/ratis/ratis-test/target/test/data/1e4ee837/MiniRaftClusterWithGrpc81039c8b/s1] (custom)
2023-12-13 16:20:32,894 [Time-limited test] INFO  server.RaftServerConfigKeys (ConfUtils.java:logGet(46)) - raft.server.threadpool.proxy.cached = true (default)
2023-12-13 16:20:32,894 [Time-limited test] INFO  server.RaftServerConfigKeys (ConfUtils.java:logGet(46)) - raft.server.threadpool.proxy.size = 0 (default)
2023-12-13 16:20:32,894 [s1-impl-thread1] INFO  server.RaftServer (RaftServerProxy.java:initGroupDir(264)) - s1: found a subdirectory /home/runner/work/ratis/ratis/ratis-test/target/test/data/1e4ee837/MiniRaftClusterWithGrpc81039c8b/s1/428d0cf7-57ab-4b1e-8ab2-f16e4f468c1d
2023-12-13 16:20:32,894 [s1-impl-thread1] INFO  server.RaftServer (RaftServerProxy.java:addNew(100)) - s1: addNew group-F16E4F468C1D:[] returns group-F16E4F468C1D:java.util.concurrent.CompletableFuture@67fed9cc[Not completed]
2023-12-13 16:20:32,895 [s1-groupManagement] INFO  server.RaftServer$Division (RaftServerImpl.java:<init>(256)) - s1: new RaftServerImpl for group-F16E4F468C1D:[] with BaseStateMachine:uninitialized
2023-12-13 16:20:32,895 [s1-groupManagement] INFO  server.RaftServerConfigKeys (ConfUtils.java:logGet(46)) - raft.server.rpc.timeout.min = 1500ms (custom)
2023-12-13 16:20:32,895 [s1-groupManagement] INFO  server.RaftServerConfigKeys (ConfUtils.java:logGet(46)) - raft.server.rpc.timeout.max = 2000ms (custom)
2023-12-13 16:20:32,895 [s1-groupManagement] INFO  server.RaftServerConfigKeys (ConfUtils.java:logGet(46)) - raft.server.rpc.sleep.time = 25ms (default)
2023-12-13 16:20:32,895 [s1-groupManagement] INFO  server.RaftServerConfigKeys (ConfUtils.java:logGet(46)) - raft.server.rpc.slowness.timeout = 60s (default)
2023-12-13 16:20:32,895 [s1-groupManagement] INFO  server.RaftServerConfigKeys (ConfUtils.java:logGet(46)) - raft.server.leaderelection.leader.step-down.wait-time = 10s (default)
2023-12-13 16:20:32,895 [s1-groupManagement] INFO  server.RaftServerConfigKeys (ConfUtils.java:logGet(46)) - raft.server.leaderelection.member.majority-add = false (default)
2023-12-13 16:20:32,895 [s1-groupManagement] INFO  server.RaftServerConfigKeys (ConfUtils.java:logGet(46)) - raft.server.sleep.deviation.threshold = 300ms (default)
2023-12-13 16:20:32,895 [s1-groupManagement] INFO  server.RaftServer$Division (ServerState.java:<init>(113)) - s1@group-F16E4F468C1D: ConfigurationManager, init=-1: peers:[]|listeners:[], old=null, confs=<EMPTY_MAP>
2023-12-13 16:20:32,895 [s1-groupManagement] INFO  server.RaftServerConfigKeys (ConfUtils.java:logGet(46)) - raft.server.notification.no-leader.timeout = 60s (default)
2023-12-13 16:20:32,895 [s1-groupManagement] INFO  server.RaftServerConfigKeys (ConfUtils.java:logGet(46)) - raft.server.read.timeout = 10s (default)
2023-12-13 16:20:32,895 [s1-groupManagement] INFO  server.RaftServerConfigKeys (ConfUtils.java:logGet(46)) - raft.server.retrycache.expirytime = 60s (default)
2023-12-13 16:20:32,895 [s1-groupManagement] INFO  server.RaftServerConfigKeys (ConfUtils.java:logGet(46)) - raft.server.retrycache.statistics.expirytime = 100ms (default)
2023-12-13 16:20:32,895 [s1-groupManagement] INFO  server.RaftServerConfigKeys (ConfUtils.java:logGet(46)) - raft.server.read.option = DEFAULT (default)
2023-12-13 16:20:32,895 [s1-groupManagement] INFO  server.RaftServerConfigKeys (ConfUtils.java:logGet(46)) - raft.server.read.read-after-write-consistent.write-index-cache.expiry-time = 60s (default)
2023-12-13 16:20:32,896 [s1-groupManagement] INFO  server.RaftServerConfigKeys (ConfUtils.java:logGet(46)) - raft.server.rpc.request.timeout = 3000ms (default)
2023-12-13 16:20:32,896 [s1-groupManagement] INFO  server.RaftServerConfigKeys (ConfUtils.java:logGet(46)) - raft.server.log.appender.install.snapshot.enabled = true (default)
2023-12-13 16:20:32,896 [s1-groupManagement] INFO  server.RaftServerConfigKeys (ConfUtils.java:logGet(46)) - raft.server.threadpool.server.cached = true (default)
2023-12-13 16:20:32,896 [s1-groupManagement] INFO  server.RaftServerConfigKeys (ConfUtils.java:logGet(46)) - raft.server.threadpool.server.size = 0 (default)
2023-12-13 16:20:32,897 [s1-groupManagement] INFO  server.RaftServerConfigKeys (ConfUtils.java:logGet(46)) - raft.server.threadpool.client.cached = true (default)
2023-12-13 16:20:32,897 [s1-groupManagement] INFO  server.RaftServerConfigKeys (ConfUtils.java:logGet(46)) - raft.server.threadpool.client.size = 0 (default)
2023-12-13 16:20:32,897 [s1-impl-thread1] INFO  server.RaftServerConfigKeys (ConfUtils.java:logGet(46)) - raft.server.storage.free-space.min = 0MB (=0) (default)
2023-12-13 16:20:32,897 [s1-impl-thread1] INFO  server.RaftServerConfigKeys (ConfUtils.java:logGet(46)) - raft.server.log.corruption.policy = EXCEPTION (default)
2023-12-13 16:20:32,897 [s1-impl-thread1] INFO  server.RaftServerConfigKeys (ConfUtils.java:logGet(46)) - raft.server.storage.dir = [/home/runner/work/ratis/ratis/ratis-test/target/test/data/1e4ee837/MiniRaftClusterWithGrpc81039c8b/s1] (custom)
2023-12-13 16:20:32,899 [s1-impl-thread1] INFO  storage.RaftStorageDirectory (RaftStorageDirectoryImpl.java:tryLock(228)) - Lock on /home/runner/work/ratis/ratis/ratis-test/target/test/data/1e4ee837/MiniRaftClusterWithGrpc81039c8b/s1/428d0cf7-57ab-4b1e-8ab2-f16e4f468c1d/in_use.lock acquired by nodename 10819@fv-az890-872
2023-12-13 16:20:32,899 [s1-impl-thread1] TRACE util.FileUtils (LogUtils.java:runAndLog(49)) - Successfully ran Files.deleteIfExists /home/runner/work/ratis/ratis/ratis-test/target/test/data/1e4ee837/MiniRaftClusterWithGrpc81039c8b/s1/428d0cf7-57ab-4b1e-8ab2-f16e4f468c1d/current/raft-meta.tmp
2023-12-13 16:20:32,899 [s1-impl-thread1] TRACE util.FileUtils (LogUtils.java:supplyAndLog(69)) - Successfully supplied Files.newInputStream /home/runner/work/ratis/ratis/ratis-test/target/test/data/1e4ee837/MiniRaftClusterWithGrpc81039c8b/s1/428d0cf7-57ab-4b1e-8ab2-f16e4f468c1d/current/raft-meta with options []: sun.nio.ch.ChannelInputStream@26c3d3f7
2023-12-13 16:20:32,899 [s1-impl-thread1] INFO  storage.RaftStorage (RaftStorageImpl.java:analyzeAndRecoverStorage(119)) - Read RaftStorageMetadata{term=1, votedFor=s1} from /home/runner/work/ratis/ratis/ratis-test/target/test/data/1e4ee837/MiniRaftClusterWithGrpc81039c8b/s1/428d0cf7-57ab-4b1e-8ab2-f16e4f468c1d/current/raft-meta
2023-12-13 16:20:32,899 [s1-impl-thread1] TRACE util.FileUtils (LogUtils.java:supplyAndLog(69)) - Successfully supplied Files.newInputStream /home/runner/work/ratis/ratis/ratis-test/target/test/data/1e4ee837/MiniRaftClusterWithGrpc81039c8b/s1/428d0cf7-57ab-4b1e-8ab2-f16e4f468c1d/current/raft-meta.conf with options []: sun.nio.ch.ChannelInputStream@60ed856
2023-12-13 16:20:32,900 [s1-impl-thread1] INFO  server.RaftServer$Division (ServerState.java:setRaftConf(382)) - s1@group-F16E4F468C1D: set configuration 0: peers:[s0|0.0.0.0:33275, s1|0.0.0.0:35089, s2|0.0.0.0:43627]|listeners:[], old=null
2023-12-13 16:20:32,900 [s1-impl-thread1] INFO  server.RaftServerConfigKeys (ConfUtils.java:logGet(46)) - raft.server.log.use.memory = false (default)
2023-12-13 16:20:32,900 [s1-impl-thread1] INFO  server.RaftServerConfigKeys (ConfUtils.java:logGet(46)) - raft.server.log.purge.gap = 1024 (default)
2023-12-13 16:20:32,900 [s1-impl-thread1] INFO  server.RaftServerConfigKeys (ConfUtils.java:logGet(46)) - raft.server.log.appender.buffer.byte-limit = 4MB (=4194304) (default)
2023-12-13 16:20:32,900 [s1-impl-thread1] INFO  server.RaftServerConfigKeys (ConfUtils.java:logGet(46)) - raft.server.log.statemachine.data.read.timeout = 1000ms (default)
2023-12-13 16:20:32,900 [s1-impl-thread1] INFO  server.RaftServerConfigKeys (ConfUtils.java:logGet(46)) - raft.server.log.purge.preservation.log.num = 0 (default)
2023-12-13 16:20:32,901 [s1-impl-thread1] INFO  server.RaftServerConfigKeys (ConfUtils.java:logGet(46)) - raft.server.log.segment.size.max = 32MB (=33554432) (default)
2023-12-13 16:20:32,901 [s1-impl-thread1] INFO  server.RaftServerConfigKeys (ConfUtils.java:logGet(46)) - raft.server.log.segment.cache.num.max = 6 (default)
2023-12-13 16:20:32,901 [s1-impl-thread1] INFO  server.RaftServerConfigKeys (ConfUtils.java:logGet(46)) - raft.server.log.segment.cache.size.max = 200MB (=209715200) (default)
2023-12-13 16:20:32,901 [s1-impl-thread1] INFO  server.RaftServerConfigKeys (ConfUtils.java:logGet(46)) - raft.server.log.appender.buffer.byte-limit = 4MB (=4194304) (default)
2023-12-13 16:20:32,901 [s1-impl-thread1] INFO  util.AwaitToRun (AwaitToRun.java:start(81)) - Thread[s1@group-F16E4F468C1D-cacheEviction-AwaitToRun,5,main] started
2023-12-13 16:20:32,901 [s1-impl-thread1] INFO  segmented.SegmentedRaftLogWorker (SegmentedRaftLogWorker.java:<init>(182)) - new s1@group-F16E4F468C1D-SegmentedRaftLogWorker for RaftStorageImpl:Storage Directory /home/runner/work/ratis/ratis/ratis-test/target/test/data/1e4ee837/MiniRaftClusterWithGrpc81039c8b/s1/428d0cf7-57ab-4b1e-8ab2-f16e4f468c1d
2023-12-13 16:20:32,902 [s1-impl-thread1] INFO  server.RaftServerConfigKeys (ConfUtils.java:logGet(46)) - raft.server.log.queue.byte-limit = 64MB (=67108864) (default)
2023-12-13 16:20:32,902 [s1-impl-thread1] INFO  server.RaftServerConfigKeys (ConfUtils.java:logGet(46)) - raft.server.log.queue.element-limit = 4096 (default)
2023-12-13 16:20:32,902 [s1-impl-thread1] INFO  server.RaftServerConfigKeys (ConfUtils.java:logGet(46)) - raft.server.log.segment.size.max = 32MB (=33554432) (default)
2023-12-13 16:20:32,902 [s1-impl-thread1] INFO  server.RaftServerConfigKeys (ConfUtils.java:logGet(46)) - raft.server.log.preallocated.size = 4MB (=4194304) (default)
2023-12-13 16:20:32,902 [s1-impl-thread1] INFO  server.RaftServerConfigKeys (ConfUtils.java:logGet(46)) - raft.server.log.force.sync.num = 128 (default)
2023-12-13 16:20:32,902 [s1-impl-thread1] INFO  server.RaftServerConfigKeys (ConfUtils.java:logGet(46)) - raft.server.log.statemachine.data.sync = true (default)
2023-12-13 16:20:32,902 [s1-impl-thread1] INFO  server.RaftServerConfigKeys (ConfUtils.java:logGet(46)) - raft.server.log.statemachine.data.sync.timeout = 10s (default)
2023-12-13 16:20:32,902 [s1-impl-thread1] INFO  server.RaftServerConfigKeys (ConfUtils.java:logGet(46)) - raft.server.log.statemachine.data.sync.timeout.retry = -1 (default)
2023-12-13 16:20:32,902 [s1-impl-thread1] INFO  server.RaftServerConfigKeys (ConfUtils.java:logGet(46)) - raft.server.log.write.buffer.size = 8MB (=8388608) (default)
2023-12-13 16:20:32,904 [s1-impl-thread1] INFO  server.RaftServerConfigKeys (ConfUtils.java:logGet(46)) - raft.server.log.appender.buffer.byte-limit = 4MB (=4194304) (default)
2023-12-13 16:20:32,904 [s1-impl-thread1] INFO  server.RaftServerConfigKeys (ConfUtils.java:logGet(46)) - raft.server.log.unsafe-flush.enabled = false (default)
2023-12-13 16:20:32,904 [s1-impl-thread1] INFO  server.RaftServerConfigKeys (ConfUtils.java:logGet(46)) - raft.server.log.async-flush.enabled = false (default)
2023-12-13 16:20:32,904 [s1-impl-thread1] INFO  server.RaftServerConfigKeys (ConfUtils.java:logGet(46)) - raft.server.log.statemachine.data.caching.enabled = false (default)
2023-12-13 16:20:32,904 [s1-impl-thread1] TRACE util.FileUtils (LogUtils.java:supplyAndLog(69)) - Successfully supplied Files.newInputStream /home/runner/work/ratis/ratis/ratis-test/target/test/data/1e4ee837/MiniRaftClusterWithGrpc81039c8b/s1/428d0cf7-57ab-4b1e-8ab2-f16e4f468c1d/current/log_inprogress_0 with options []: sun.nio.ch.ChannelInputStream@17af51e2
2023-12-13 16:20:32,904 [s1-impl-thread1] INFO  server.RaftServer$Division (ServerState.java:setRaftConf(382)) - s1@group-F16E4F468C1D: set configuration 0: peers:[s0|0.0.0.0:33275, s1|0.0.0.0:35089, s2|0.0.0.0:43627]|listeners:[], old=null
2023-12-13 16:20:32,904 [s1-impl-thread1] INFO  segmented.LogSegment (LogSegment.java:loadSegment(170)) - Successfully read 1 entries from segment file /home/runner/work/ratis/ratis/ratis-test/target/test/data/1e4ee837/MiniRaftClusterWithGrpc81039c8b/s1/428d0cf7-57ab-4b1e-8ab2-f16e4f468c1d/current/log_inprogress_0
2023-12-13 16:20:32,905 [s1-impl-thread1] INFO  segmented.SegmentedRaftLogWorker (SegmentedRaftLogWorker.java:lambda$new$0(134)) - s1@group-F16E4F468C1D-SegmentedRaftLogWorker: safeCacheEvictIndex: setUnconditionally 0 -> -1
2023-12-13 16:20:32,905 [s1-impl-thread1] INFO  segmented.BufferedWriteChannel (BufferedWriteChannel.java:open(62)) - open log_inprogress_0 (append) at position 178
2023-12-13 16:20:32,905 [s1-impl-thread1] INFO  server.RaftServer$Division (RaftServerImpl.java:start(392)) - s1@group-F16E4F468C1D: start as a follower, conf=0: peers:[s0|0.0.0.0:33275, s1|0.0.0.0:35089, s2|0.0.0.0:43627]|listeners:[], old=null
2023-12-13 16:20:32,905 [s1-impl-thread1] INFO  server.RaftServer$Division (RaftServerImpl.java:setRole(379)) - s1@group-F16E4F468C1D: changes role from      null to FOLLOWER at term 1 for startAsFollower
2023-12-13 16:20:32,905 [s1-impl-thread1] INFO  impl.RoleInfo (RoleInfo.java:updateAndGet(139)) - s1: start s1@group-F16E4F468C1D-FollowerState
2023-12-13 16:20:32,905 [s1@group-F16E4F468C1D-FollowerState] INFO  server.RaftServerConfigKeys (ConfUtils.java:logFallback(53)) - raft.server.rpc.first-election.timeout.min = 1500ms (fallback to raft.server.rpc.timeout.min)
2023-12-13 16:20:32,905 [s1-impl-thread1] INFO  util.JmxRegister (JmxRegister.java:tryRegister(44)) - Successfully registered JMX Bean with object name Ratis:service=RaftServer,group=group-F16E4F468C1D,id=s1
2023-12-13 16:20:32,905 [s1@group-F16E4F468C1D-FollowerState] INFO  server.RaftServerConfigKeys (ConfUtils.java:logFallback(53)) - raft.server.rpc.first-election.timeout.max = 2000ms (fallback to raft.server.rpc.timeout.max)
2023-12-13 16:20:32,905 [s1-impl-thread1] INFO  server.RaftServerConfigKeys (ConfUtils.java:logGet(46)) - raft.server.snapshot.trigger-when-stop.enabled = true (default)
2023-12-13 16:20:32,905 [s1-impl-thread1] INFO  server.RaftServerConfigKeys (ConfUtils.java:logGet(46)) - raft.server.snapshot.auto.trigger.enabled = false (default)
2023-12-13 16:20:32,905 [s1-impl-thread1] INFO  server.RaftServerConfigKeys (ConfUtils.java:logGet(46)) - raft.server.snapshot.retention.file.num = -1 (default)
2023-12-13 16:20:32,905 [s1-impl-thread1] INFO  server.RaftServerConfigKeys (ConfUtils.java:logGet(46)) - raft.server.log.purge.upto.snapshot.index = false (default)
2023-12-13 16:20:32,906 [Time-limited test] INFO  server.RaftServer (RaftServerProxy.java:startImpl(406)) - s1: start RPC server
2023-12-13 16:20:32,911 [Time-limited test] INFO  server.GrpcService (GrpcService.java:startImpl(302)) - s1: GrpcService started, listening on 35089
2023-12-13 16:20:32,911 [Time-limited test] INFO  impl.MiniRaftCluster (MiniRaftCluster.java:killServer(533)) - killServer s2
2023-12-13 16:20:32,911 [JvmPauseMonitor6] INFO  util.JvmPauseMonitor (JvmPauseMonitor.java:run(146)) - JvmPauseMonitor-s1: Started
2023-12-13 16:20:32,911 [Time-limited test] INFO  server.RaftServer (RaftServerProxy.java:lambda$close$9(416)) - s2: close
2023-12-13 16:20:32,911 [Time-limited test] INFO  server.GrpcService (GrpcService.java:closeImpl(311)) - s2: shutdown server GrpcServerProtocolService now
2023-12-13 16:20:32,911 [s2-impl-thread1] INFO  server.RaftServer$Division (RaftServerImpl.java:lambda$close$3(516)) - s2@group-F16E4F468C1D: shutdown
2023-12-13 16:20:32,911 [s2-impl-thread1] INFO  util.JmxRegister (JmxRegister.java:unregister(73)) - Successfully un-registered JMX Bean with object name Ratis:service=RaftServer,group=group-F16E4F468C1D,id=s2
2023-12-13 16:20:32,911 [s2-impl-thread1] INFO  impl.RoleInfo (RoleInfo.java:shutdownFollowerState(110)) - s2: shutdown s2@group-F16E4F468C1D-FollowerState
2023-12-13 16:20:32,911 [s2-impl-thread1] INFO  impl.StateMachineUpdater (StateMachineUpdater.java:stopAndJoin(157)) - s2@group-F16E4F468C1D-StateMachineUpdater: set stopIndex = 0
2023-12-13 16:20:32,911 [s2@group-F16E4F468C1D-FollowerState] INFO  impl.FollowerState (FollowerState.java:run(152)) - s2@group-F16E4F468C1D-FollowerState was interrupted
2023-12-13 16:20:32,911 [s2-impl-thread1] INFO  server.RaftServer$Division (ServerState.java:close(423)) - s2@group-F16E4F468C1D: applyIndex: 0
2023-12-13 16:20:32,912 [s2@group-F16E4F468C1D-cacheEviction-AwaitToRun] INFO  util.AwaitToRun (AwaitToRun.java:run(49)) - s2@group-F16E4F468C1D-cacheEviction-AwaitToRun-AwaitForSignal is interrupted
2023-12-13 16:20:32,915 [Time-limited test] INFO  server.GrpcService (GrpcService.java:closeImpl(320)) - s2: shutdown server GrpcServerProtocolService successfully
2023-12-13 16:20:32,996 [s2-impl-thread1] INFO  segmented.SegmentedRaftLogWorker (SegmentedRaftLogWorker.java:close(245)) - s2@group-F16E4F468C1D-SegmentedRaftLogWorker close()
2023-12-13 16:20:32,997 [JvmPauseMonitor4] INFO  util.JvmPauseMonitor (JvmPauseMonitor.java:run(152)) - JvmPauseMonitor-s2: Stopped
2023-12-13 16:20:32,998 [Time-limited test] INFO  impl.MiniRaftCluster (MiniRaftCluster.java:newRaftServer(382)) - newRaftServer: s2, null, format? false
2023-12-13 16:20:32,998 [Time-limited test] DEBUG server.RaftServer (ServerImplUtils.java:newRaftServer(51)) - newRaftServer: s2, null
2023-12-13 16:20:32,998 [Time-limited test] INFO  server.RaftServer (ConfUtils.java:logGet(46)) - raft.rpc.type = GRPC (default)
2023-12-13 16:20:32,998 [Time-limited test] INFO  grpc.GrpcConfigKeys (ConfUtils.java:logFallback(53)) - raft.grpc.admin.host = null (fallback to raft.grpc.server.host)
2023-12-13 16:20:32,998 [Time-limited test] INFO  grpc.GrpcConfigKeys (ConfUtils.java:logGet(46)) - raft.grpc.admin.port = 43627 (custom)
2023-12-13 16:20:32,998 [Time-limited test] INFO  grpc.GrpcConfigKeys (ConfUtils.java:logFallback(53)) - raft.grpc.client.host = null (fallback to raft.grpc.server.host)
2023-12-13 16:20:32,998 [Time-limited test] INFO  grpc.GrpcConfigKeys (ConfUtils.java:logGet(46)) - raft.grpc.client.port = 43627 (custom)
2023-12-13 16:20:32,998 [Time-limited test] INFO  grpc.GrpcConfigKeys (ConfUtils.java:logGet(46)) - raft.grpc.server.host = null (default)
2023-12-13 16:20:32,998 [Time-limited test] INFO  grpc.GrpcConfigKeys (ConfUtils.java:logGet(46)) - raft.grpc.server.port = 43627 (custom)
2023-12-13 16:20:32,999 [Time-limited test] INFO  server.GrpcService (ConfUtils.java:logGet(46)) - raft.grpc.message.size.max = 64MB (=67108864) (default)
2023-12-13 16:20:32,999 [Time-limited test] INFO  server.RaftServerConfigKeys (ConfUtils.java:logGet(46)) - raft.server.log.appender.buffer.byte-limit = 4MB (=4194304) (default)
2023-12-13 16:20:32,999 [Time-limited test] INFO  server.GrpcService (ConfUtils.java:logGet(46)) - raft.grpc.flow.control.window = 1MB (=1048576) (default)
2023-12-13 16:20:32,999 [Time-limited test] INFO  server.RaftServerConfigKeys (ConfUtils.java:logGet(46)) - raft.server.rpc.request.timeout = 3000ms (default)
2023-12-13 16:20:32,999 [Time-limited test] INFO  grpc.GrpcConfigKeys (ConfUtils.java:logGet(46)) - raft.grpc.server.heartbeat.channel = true (default)
2023-12-13 16:20:32,999 [Time-limited test] INFO  grpc.GrpcConfigKeys (ConfUtils.java:logGet(46)) - raft.grpc.server.async.request.thread.pool.cached = true (default)
2023-12-13 16:20:32,999 [Time-limited test] INFO  grpc.GrpcConfigKeys (ConfUtils.java:logGet(46)) - raft.grpc.server.async.request.thread.pool.size = 32 (default)
2023-12-13 16:20:33,000 [Time-limited test] INFO  impl.DataStreamServerImpl (ConfUtils.java:logGet(46)) - raft.datastream.type = DISABLED (default)
2023-12-13 16:20:33,000 [Time-limited test] INFO  server.RaftServerConfigKeys (ConfUtils.java:logGet(46)) - raft.server.sleep.deviation.threshold = 300ms (default)
2023-12-13 16:20:33,000 [Time-limited test] INFO  server.RaftServerConfigKeys (ConfUtils.java:logGet(46)) - raft.server.close.threshold = 60s (default)
2023-12-13 16:20:33,000 [Time-limited test] INFO  server.RaftServerConfigKeys (ConfUtils.java:logGet(46)) - raft.server.leaderelection.leader.step-down.wait-time = 10s (default)
2023-12-13 16:20:33,000 [Time-limited test] INFO  server.RaftServerConfigKeys (ConfUtils.java:logGet(46)) - raft.server.storage.dir = [/home/runner/work/ratis/ratis/ratis-test/target/test/data/1e4ee837/MiniRaftClusterWithGrpc81039c8b/s2] (custom)
2023-12-13 16:20:33,000 [Time-limited test] INFO  server.RaftServerConfigKeys (ConfUtils.java:logGet(46)) - raft.server.threadpool.proxy.cached = true (default)
2023-12-13 16:20:33,000 [Time-limited test] INFO  server.RaftServerConfigKeys (ConfUtils.java:logGet(46)) - raft.server.threadpool.proxy.size = 0 (default)
2023-12-13 16:20:33,001 [s2-impl-thread1] INFO  server.RaftServer (RaftServerProxy.java:initGroupDir(264)) - s2: found a subdirectory /home/runner/work/ratis/ratis/ratis-test/target/test/data/1e4ee837/MiniRaftClusterWithGrpc81039c8b/s2/428d0cf7-57ab-4b1e-8ab2-f16e4f468c1d
2023-12-13 16:20:33,001 [s2-impl-thread1] INFO  server.RaftServer (RaftServerProxy.java:addNew(100)) - s2: addNew group-F16E4F468C1D:[] returns group-F16E4F468C1D:java.util.concurrent.CompletableFuture@1f46d331[Not completed]
2023-12-13 16:20:33,001 [s2-groupManagement] INFO  server.RaftServer$Division (RaftServerImpl.java:<init>(256)) - s2: new RaftServerImpl for group-F16E4F468C1D:[] with BaseStateMachine:uninitialized
2023-12-13 16:20:33,001 [s2-groupManagement] INFO  server.RaftServerConfigKeys (ConfUtils.java:logGet(46)) - raft.server.rpc.timeout.min = 1500ms (custom)
2023-12-13 16:20:33,001 [s2-groupManagement] INFO  server.RaftServerConfigKeys (ConfUtils.java:logGet(46)) - raft.server.rpc.timeout.max = 2000ms (custom)
2023-12-13 16:20:33,001 [s2-groupManagement] INFO  server.RaftServerConfigKeys (ConfUtils.java:logGet(46)) - raft.server.rpc.sleep.time = 25ms (default)
2023-12-13 16:20:33,001 [s2-groupManagement] INFO  server.RaftServerConfigKeys (ConfUtils.java:logGet(46)) - raft.server.rpc.slowness.timeout = 60s (default)
2023-12-13 16:20:33,001 [s2-groupManagement] INFO  server.RaftServerConfigKeys (ConfUtils.java:logGet(46)) - raft.server.leaderelection.leader.step-down.wait-time = 10s (default)
2023-12-13 16:20:33,001 [s2-groupManagement] INFO  server.RaftServerConfigKeys (ConfUtils.java:logGet(46)) - raft.server.leaderelection.member.majority-add = false (default)
2023-12-13 16:20:33,001 [s2-groupManagement] INFO  server.RaftServerConfigKeys (ConfUtils.java:logGet(46)) - raft.server.sleep.deviation.threshold = 300ms (default)
2023-12-13 16:20:33,002 [s2-groupManagement] INFO  server.RaftServer$Division (ServerState.java:<init>(113)) - s2@group-F16E4F468C1D: ConfigurationManager, init=-1: peers:[]|listeners:[], old=null, confs=<EMPTY_MAP>
2023-12-13 16:20:33,002 [s2-groupManagement] INFO  server.RaftServerConfigKeys (ConfUtils.java:logGet(46)) - raft.server.notification.no-leader.timeout = 60s (default)
2023-12-13 16:20:33,002 [s2-groupManagement] INFO  server.RaftServerConfigKeys (ConfUtils.java:logGet(46)) - raft.server.read.timeout = 10s (default)
2023-12-13 16:20:33,002 [s2-groupManagement] INFO  server.RaftServerConfigKeys (ConfUtils.java:logGet(46)) - raft.server.retrycache.expirytime = 60s (default)
2023-12-13 16:20:33,002 [s2-groupManagement] INFO  server.RaftServerConfigKeys (ConfUtils.java:logGet(46)) - raft.server.retrycache.statistics.expirytime = 100ms (default)
2023-12-13 16:20:33,002 [s2-groupManagement] INFO  server.RaftServerConfigKeys (ConfUtils.java:logGet(46)) - raft.server.read.option = DEFAULT (default)
2023-12-13 16:20:33,002 [s2-groupManagement] INFO  server.RaftServerConfigKeys (ConfUtils.java:logGet(46)) - raft.server.read.read-after-write-consistent.write-index-cache.expiry-time = 60s (default)
2023-12-13 16:20:33,003 [s2-groupManagement] INFO  server.RaftServerConfigKeys (ConfUtils.java:logGet(46)) - raft.server.rpc.request.timeout = 3000ms (default)
2023-12-13 16:20:33,003 [s2-groupManagement] INFO  server.RaftServerConfigKeys (ConfUtils.java:logGet(46)) - raft.server.log.appender.install.snapshot.enabled = true (default)
2023-12-13 16:20:33,003 [s2-groupManagement] INFO  server.RaftServerConfigKeys (ConfUtils.java:logGet(46)) - raft.server.threadpool.server.cached = true (default)
2023-12-13 16:20:33,003 [s2-groupManagement] INFO  server.RaftServerConfigKeys (ConfUtils.java:logGet(46)) - raft.server.threadpool.server.size = 0 (default)
2023-12-13 16:20:33,003 [s2-groupManagement] INFO  server.RaftServerConfigKeys (ConfUtils.java:logGet(46)) - raft.server.threadpool.client.cached = true (default)
2023-12-13 16:20:33,003 [s2-groupManagement] INFO  server.RaftServerConfigKeys (ConfUtils.java:logGet(46)) - raft.server.threadpool.client.size = 0 (default)
2023-12-13 16:20:33,003 [s2-impl-thread1] INFO  server.RaftServerConfigKeys (ConfUtils.java:logGet(46)) - raft.server.storage.free-space.min = 0MB (=0) (default)
2023-12-13 16:20:33,003 [s2-impl-thread1] INFO  server.RaftServerConfigKeys (ConfUtils.java:logGet(46)) - raft.server.log.corruption.policy = EXCEPTION (default)
2023-12-13 16:20:33,003 [s2-impl-thread1] INFO  server.RaftServerConfigKeys (ConfUtils.java:logGet(46)) - raft.server.storage.dir = [/home/runner/work/ratis/ratis/ratis-test/target/test/data/1e4ee837/MiniRaftClusterWithGrpc81039c8b/s2] (custom)
2023-12-13 16:20:33,004 [s2-impl-thread1] INFO  storage.RaftStorageDirectory (RaftStorageDirectoryImpl.java:tryLock(228)) - Lock on /home/runner/work/ratis/ratis/ratis-test/target/test/data/1e4ee837/MiniRaftClusterWithGrpc81039c8b/s2/428d0cf7-57ab-4b1e-8ab2-f16e4f468c1d/in_use.lock acquired by nodename 10819@fv-az890-872
2023-12-13 16:20:33,004 [s2-impl-thread1] TRACE util.FileUtils (LogUtils.java:runAndLog(49)) - Successfully ran Files.deleteIfExists /home/runner/work/ratis/ratis/ratis-test/target/test/data/1e4ee837/MiniRaftClusterWithGrpc81039c8b/s2/428d0cf7-57ab-4b1e-8ab2-f16e4f468c1d/current/raft-meta.tmp
2023-12-13 16:20:33,004 [s2-impl-thread1] TRACE util.FileUtils (LogUtils.java:supplyAndLog(69)) - Successfully supplied Files.newInputStream /home/runner/work/ratis/ratis/ratis-test/target/test/data/1e4ee837/MiniRaftClusterWithGrpc81039c8b/s2/428d0cf7-57ab-4b1e-8ab2-f16e4f468c1d/current/raft-meta with options []: sun.nio.ch.ChannelInputStream@5e7bd90a
2023-12-13 16:20:33,004 [s2-impl-thread1] INFO  storage.RaftStorage (RaftStorageImpl.java:analyzeAndRecoverStorage(119)) - Read RaftStorageMetadata{term=1, votedFor=s1} from /home/runner/work/ratis/ratis/ratis-test/target/test/data/1e4ee837/MiniRaftClusterWithGrpc81039c8b/s2/428d0cf7-57ab-4b1e-8ab2-f16e4f468c1d/current/raft-meta
2023-12-13 16:20:33,004 [s2-impl-thread1] TRACE util.FileUtils (LogUtils.java:supplyAndLog(69)) - Successfully supplied Files.newInputStream /home/runner/work/ratis/ratis/ratis-test/target/test/data/1e4ee837/MiniRaftClusterWithGrpc81039c8b/s2/428d0cf7-57ab-4b1e-8ab2-f16e4f468c1d/current/raft-meta.conf with options []: sun.nio.ch.ChannelInputStream@46991f03
2023-12-13 16:20:33,005 [s2-impl-thread1] INFO  server.RaftServer$Division (ServerState.java:setRaftConf(382)) - s2@group-F16E4F468C1D: set configuration 0: peers:[s0|0.0.0.0:33275, s1|0.0.0.0:35089, s2|0.0.0.0:43627]|listeners:[], old=null
2023-12-13 16:20:33,005 [s2-impl-thread1] INFO  server.RaftServerConfigKeys (ConfUtils.java:logGet(46)) - raft.server.log.use.memory = false (default)
2023-12-13 16:20:33,005 [s2-impl-thread1] INFO  server.RaftServerConfigKeys (ConfUtils.java:logGet(46)) - raft.server.log.purge.gap = 1024 (default)
2023-12-13 16:20:33,005 [s2-impl-thread1] INFO  server.RaftServerConfigKeys (ConfUtils.java:logGet(46)) - raft.server.log.appender.buffer.byte-limit = 4MB (=4194304) (default)
2023-12-13 16:20:33,005 [s2-impl-thread1] INFO  server.RaftServerConfigKeys (ConfUtils.java:logGet(46)) - raft.server.log.statemachine.data.read.timeout = 1000ms (default)
2023-12-13 16:20:33,005 [s2-impl-thread1] INFO  server.RaftServerConfigKeys (ConfUtils.java:logGet(46)) - raft.server.log.purge.preservation.log.num = 0 (default)
2023-12-13 16:20:33,006 [s2-impl-thread1] INFO  server.RaftServerConfigKeys (ConfUtils.java:logGet(46)) - raft.server.log.segment.size.max = 32MB (=33554432) (default)
2023-12-13 16:20:33,006 [s2-impl-thread1] INFO  server.RaftServerConfigKeys (ConfUtils.java:logGet(46)) - raft.server.log.segment.cache.num.max = 6 (default)
2023-12-13 16:20:33,006 [s2-impl-thread1] INFO  server.RaftServerConfigKeys (ConfUtils.java:logGet(46)) - raft.server.log.segment.cache.size.max = 200MB (=209715200) (default)
2023-12-13 16:20:33,006 [s2-impl-thread1] INFO  server.RaftServerConfigKeys (ConfUtils.java:logGet(46)) - raft.server.log.appender.buffer.byte-limit = 4MB (=4194304) (default)
2023-12-13 16:20:33,006 [s2-impl-thread1] INFO  util.AwaitToRun (AwaitToRun.java:start(81)) - Thread[s2@group-F16E4F468C1D-cacheEviction-AwaitToRun,5,main] started
2023-12-13 16:20:33,006 [s2-impl-thread1] INFO  segmented.SegmentedRaftLogWorker (SegmentedRaftLogWorker.java:<init>(182)) - new s2@group-F16E4F468C1D-SegmentedRaftLogWorker for RaftStorageImpl:Storage Directory /home/runner/work/ratis/ratis/ratis-test/target/test/data/1e4ee837/MiniRaftClusterWithGrpc81039c8b/s2/428d0cf7-57ab-4b1e-8ab2-f16e4f468c1d
2023-12-13 16:20:33,006 [s2-impl-thread1] INFO  server.RaftServerConfigKeys (ConfUtils.java:logGet(46)) - raft.server.log.queue.byte-limit = 64MB (=67108864) (default)
2023-12-13 16:20:33,006 [s2-impl-thread1] INFO  server.RaftServerConfigKeys (ConfUtils.java:logGet(46)) - raft.server.log.queue.element-limit = 4096 (default)
2023-12-13 16:20:33,006 [s2-impl-thread1] INFO  server.RaftServerConfigKeys (ConfUtils.java:logGet(46)) - raft.server.log.segment.size.max = 32MB (=33554432) (default)
2023-12-13 16:20:33,006 [s2-impl-thread1] INFO  server.RaftServerConfigKeys (ConfUtils.java:logGet(46)) - raft.server.log.preallocated.size = 4MB (=4194304) (default)
2023-12-13 16:20:33,006 [s2-impl-thread1] INFO  server.RaftServerConfigKeys (ConfUtils.java:logGet(46)) - raft.server.log.force.sync.num = 128 (default)
2023-12-13 16:20:33,006 [s2-impl-thread1] INFO  server.RaftServerConfigKeys (ConfUtils.java:logGet(46)) - raft.server.log.statemachine.data.sync = true (default)
2023-12-13 16:20:33,006 [s2-impl-thread1] INFO  server.RaftServerConfigKeys (ConfUtils.java:logGet(46)) - raft.server.log.statemachine.data.sync.timeout = 10s (default)
2023-12-13 16:20:33,006 [s2-impl-thread1] INFO  server.RaftServerConfigKeys (ConfUtils.java:logGet(46)) - raft.server.log.statemachine.data.sync.timeout.retry = -1 (default)
2023-12-13 16:20:33,007 [s2-impl-thread1] INFO  server.RaftServerConfigKeys (ConfUtils.java:logGet(46)) - raft.server.log.write.buffer.size = 8MB (=8388608) (default)
2023-12-13 16:20:33,008 [s2-impl-thread1] INFO  server.RaftServerConfigKeys (ConfUtils.java:logGet(46)) - raft.server.log.appender.buffer.byte-limit = 4MB (=4194304) (default)
2023-12-13 16:20:33,009 [s2-impl-thread1] INFO  server.RaftServerConfigKeys (ConfUtils.java:logGet(46)) - raft.server.log.unsafe-flush.enabled = false (default)
2023-12-13 16:20:33,009 [s2-impl-thread1] INFO  server.RaftServerConfigKeys (ConfUtils.java:logGet(46)) - raft.server.log.async-flush.enabled = false (default)
2023-12-13 16:20:33,009 [s2-impl-thread1] INFO  server.RaftServerConfigKeys (ConfUtils.java:logGet(46)) - raft.server.log.statemachine.data.caching.enabled = false (default)
2023-12-13 16:20:33,009 [s2-impl-thread1] TRACE util.FileUtils (LogUtils.java:supplyAndLog(69)) - Successfully supplied Files.newInputStream /home/runner/work/ratis/ratis/ratis-test/target/test/data/1e4ee837/MiniRaftClusterWithGrpc81039c8b/s2/428d0cf7-57ab-4b1e-8ab2-f16e4f468c1d/current/log_inprogress_0 with options []: sun.nio.ch.ChannelInputStream@6f6f83ba
2023-12-13 16:20:33,009 [s2-impl-thread1] INFO  server.RaftServer$Division (ServerState.java:setRaftConf(382)) - s2@group-F16E4F468C1D: set configuration 0: peers:[s0|0.0.0.0:33275, s1|0.0.0.0:35089, s2|0.0.0.0:43627]|listeners:[], old=null
2023-12-13 16:20:33,009 [s2-impl-thread1] INFO  segmented.LogSegment (LogSegment.java:loadSegment(170)) - Successfully read 1 entries from segment file /home/runner/work/ratis/ratis/ratis-test/target/test/data/1e4ee837/MiniRaftClusterWithGrpc81039c8b/s2/428d0cf7-57ab-4b1e-8ab2-f16e4f468c1d/current/log_inprogress_0
2023-12-13 16:20:33,010 [s2-impl-thread1] INFO  segmented.SegmentedRaftLogWorker (SegmentedRaftLogWorker.java:lambda$new$0(134)) - s2@group-F16E4F468C1D-SegmentedRaftLogWorker: safeCacheEvictIndex: setUnconditionally 0 -> -1
2023-12-13 16:20:33,010 [s2-impl-thread1] INFO  segmented.BufferedWriteChannel (BufferedWriteChannel.java:open(62)) - open log_inprogress_0 (append) at position 178
2023-12-13 16:20:33,010 [s2-impl-thread1] INFO  server.RaftServer$Division (RaftServerImpl.java:start(392)) - s2@group-F16E4F468C1D: start as a follower, conf=0: peers:[s0|0.0.0.0:33275, s1|0.0.0.0:35089, s2|0.0.0.0:43627]|listeners:[], old=null
2023-12-13 16:20:33,010 [s2-impl-thread1] INFO  server.RaftServer$Division (RaftServerImpl.java:setRole(379)) - s2@group-F16E4F468C1D: changes role from      null to FOLLOWER at term 1 for startAsFollower
2023-12-13 16:20:33,010 [s2-impl-thread1] INFO  impl.RoleInfo (RoleInfo.java:updateAndGet(139)) - s2: start s2@group-F16E4F468C1D-FollowerState
2023-12-13 16:20:33,010 [s2@group-F16E4F468C1D-FollowerState] INFO  server.RaftServerConfigKeys (ConfUtils.java:logFallback(53)) - raft.server.rpc.first-election.timeout.min = 1500ms (fallback to raft.server.rpc.timeout.min)
2023-12-13 16:20:33,010 [s2-impl-thread1] INFO  util.JmxRegister (JmxRegister.java:tryRegister(44)) - Successfully registered JMX Bean with object name Ratis:service=RaftServer,group=group-F16E4F468C1D,id=s2
2023-12-13 16:20:33,010 [s2@group-F16E4F468C1D-FollowerState] INFO  server.RaftServerConfigKeys (ConfUtils.java:logFallback(53)) - raft.server.rpc.first-election.timeout.max = 2000ms (fallback to raft.server.rpc.timeout.max)
2023-12-13 16:20:33,010 [s2-impl-thread1] INFO  server.RaftServerConfigKeys (ConfUtils.java:logGet(46)) - raft.server.snapshot.trigger-when-stop.enabled = true (default)
2023-12-13 16:20:33,010 [s2-impl-thread1] INFO  server.RaftServerConfigKeys (ConfUtils.java:logGet(46)) - raft.server.snapshot.auto.trigger.enabled = false (default)
2023-12-13 16:20:33,010 [s2-impl-thread1] INFO  server.RaftServerConfigKeys (ConfUtils.java:logGet(46)) - raft.server.snapshot.retention.file.num = -1 (default)
2023-12-13 16:20:33,011 [s2-impl-thread1] INFO  server.RaftServerConfigKeys (ConfUtils.java:logGet(46)) - raft.server.log.purge.upto.snapshot.index = false (default)
2023-12-13 16:20:33,011 [Time-limited test] INFO  server.RaftServer (RaftServerProxy.java:startImpl(406)) - s2: start RPC server
2023-12-13 16:20:33,012 [Time-limited test] INFO  server.GrpcService (GrpcService.java:startImpl(302)) - s2: GrpcService started, listening on 43627
2023-12-13 16:20:33,012 [JvmPauseMonitor7] INFO  util.JvmPauseMonitor (JvmPauseMonitor.java:run(146)) - JvmPauseMonitor-s2: Started
2023-12-13 16:20:33,012 [Time-limited test] INFO  server.RaftServerConfigKeys (ConfUtils.java:logGet(46)) - raft.server.rpc.timeout.max = 2000ms (custom)
2023-12-13 16:20:33,012 [Time-limited test] INFO  ratis.RaftTestUtil (RaftTestUtil.java:waitForLeader(100)) - printing ALL groups
  s0:  RUNNING  FOLLOWER s0@group-F16E4F468C1D:t1, leader=null, voted=s1, raftlog=Memoized:s0@group-F16E4F468C1D-SegmentedRaftLog:OPENED:c-1, conf=0: peers:[s0|0.0.0.0:33275, s1|0.0.0.0:35089, s2|0.0.0.0:43627]|listeners:[], old=null RUNNING
  s1:  RUNNING  FOLLOWER s1@group-F16E4F468C1D:t1, leader=null, voted=s1, raftlog=Memoized:s1@group-F16E4F468C1D-SegmentedRaftLog:OPENED:c-1, conf=0: peers:[s0|0.0.0.0:33275, s1|0.0.0.0:35089, s2|0.0.0.0:43627]|listeners:[], old=null RUNNING
  s2:  RUNNING  FOLLOWER s2@group-F16E4F468C1D:t1, leader=null, voted=s1, raftlog=Memoized:s2@group-F16E4F468C1D-SegmentedRaftLog:OPENED:c-1, conf=0: peers:[s0|0.0.0.0:33275, s1|0.0.0.0:35089, s2|0.0.0.0:43627]|listeners:[], old=null RUNNING
2023-12-13 16:20:33,012 [Time-limited test] WARN  ratis.RaftTestUtil (RaftTestUtil.java:lambda$waitForLeader$3(119)) - Attempt #1 failed: java.lang.IllegalStateException: No leader yet : printing ALL groups
  s0:  RUNNING  FOLLOWER s0@group-F16E4F468C1D:t1, leader=null, voted=s1, raftlog=Memoized:s0@group-F16E4F468C1D-SegmentedRaftLog:OPENED:c-1, conf=0: peers:[s0|0.0.0.0:33275, s1|0.0.0.0:35089, s2|0.0.0.0:43627]|listeners:[], old=null RUNNING
  s1:  RUNNING  FOLLOWER s1@group-F16E4F468C1D:t1, leader=null, voted=s1, raftlog=Memoized:s1@group-F16E4F468C1D-SegmentedRaftLog:OPENED:c-1, conf=0: peers:[s0|0.0.0.0:33275, s1|0.0.0.0:35089, s2|0.0.0.0:43627]|listeners:[], old=null RUNNING
  s2:  RUNNING  FOLLOWER s2@group-F16E4F468C1D:t1, leader=null, voted=s1, raftlog=Memoized:s2@group-F16E4F468C1D-SegmentedRaftLog:OPENED:c-1, conf=0: peers:[s0|0.0.0.0:33275, s1|0.0.0.0:35089, s2|0.0.0.0:43627]|listeners:[], old=null RUNNING
2023-12-13 16:20:33,594 [s0@group-F16E4F468C1D-FollowerState] INFO  impl.FollowerState (FollowerState.java:run(143)) - s0@group-F16E4F468C1D-FollowerState: change to CANDIDATE, lastRpcElapsedTime:1579847219ns, electionTimeout:1578ms
2023-12-13 16:20:33,595 [s0@group-F16E4F468C1D-FollowerState] INFO  impl.RoleInfo (RoleInfo.java:shutdownFollowerState(110)) - s0: shutdown s0@group-F16E4F468C1D-FollowerState
2023-12-13 16:20:33,595 [s0@group-F16E4F468C1D-FollowerState] INFO  server.RaftServer$Division (RaftServerImpl.java:setRole(379)) - s0@group-F16E4F468C1D: changes role from  FOLLOWER to CANDIDATE at term 1 for changeToCandidate
2023-12-13 16:20:33,595 [s0@group-F16E4F468C1D-FollowerState] INFO  server.RaftServerConfigKeys (ConfUtils.java:logGet(46)) - raft.server.leaderelection.pre-vote = true (default)
2023-12-13 16:20:33,595 [s0@group-F16E4F468C1D-FollowerState] INFO  impl.RoleInfo (RoleInfo.java:updateAndGet(139)) - s0: start s0@group-F16E4F468C1D-LeaderElection3
2023-12-13 16:20:33,595 [s0@group-F16E4F468C1D-LeaderElection3] INFO  impl.LeaderElection (LeaderElection.java:askForVotes(321)) - s0@group-F16E4F468C1D-LeaderElection3 PRE_VOTE round 0: submit vote requests at term 1 for 0: peers:[s0|0.0.0.0:33275, s1|0.0.0.0:35089, s2|0.0.0.0:43627]|listeners:[], old=null
2023-12-13 16:20:33,596 [s0@group-F16E4F468C1D-LeaderElection3-1] INFO  server.GrpcServerProtocolClient (GrpcServerProtocolClient.java:<init>(65)) - Build channel for s1
2023-12-13 16:20:33,596 [s0@group-F16E4F468C1D-LeaderElection3] INFO  server.RaftServerConfigKeys (ConfUtils.java:logFallback(53)) - raft.server.rpc.first-election.timeout.min = 1500ms (fallback to raft.server.rpc.timeout.min)
2023-12-13 16:20:33,596 [s0@group-F16E4F468C1D-LeaderElection3-2] INFO  server.GrpcServerProtocolClient (GrpcServerProtocolClient.java:<init>(65)) - Build channel for s2
2023-12-13 16:20:33,596 [s0@group-F16E4F468C1D-LeaderElection3] INFO  server.RaftServerConfigKeys (ConfUtils.java:logFallback(53)) - raft.server.rpc.first-election.timeout.max = 2000ms (fallback to raft.server.rpc.timeout.max)
2023-12-13 16:20:33,601 [grpc-default-executor-2] INFO  server.RaftServer$Division (RaftServerImpl.java:requestVote(1377)) - s2@group-F16E4F468C1D: receive requestVote(PRE_VOTE, s0, group-F16E4F468C1D, 1, (t:1, i:0))
2023-12-13 16:20:33,601 [grpc-default-executor-2] INFO  impl.VoteContext (VoteContext.java:log(49)) - s2@group-F16E4F468C1D-FOLLOWER: accept PRE_VOTE from s0: our priority 0 <= candidate's priority 0
2023-12-13 16:20:33,601 [grpc-default-executor-2] INFO  server.RaftServer$Division (RaftServerImpl.java:requestVote(1410)) - s2@group-F16E4F468C1D replies to PRE_VOTE vote request: s0<-s2#0:OK-t1. Peer's state: s2@group-F16E4F468C1D:t1, leader=null, voted=s1, raftlog=Memoized:s2@group-F16E4F468C1D-SegmentedRaftLog:OPENED:c-1, conf=0: peers:[s0|0.0.0.0:33275, s1|0.0.0.0:35089, s2|0.0.0.0:43627]|listeners:[], old=null
2023-12-13 16:20:33,602 [grpc-default-executor-1] INFO  server.RaftServer$Division (RaftServerImpl.java:requestVote(1377)) - s1@group-F16E4F468C1D: receive requestVote(PRE_VOTE, s0, group-F16E4F468C1D, 1, (t:1, i:0))
2023-12-13 16:20:33,602 [grpc-default-executor-1] INFO  impl.VoteContext (VoteContext.java:log(49)) - s1@group-F16E4F468C1D-FOLLOWER: accept PRE_VOTE from s0: our priority 0 <= candidate's priority 0
2023-12-13 16:20:33,602 [grpc-default-executor-1] INFO  server.RaftServer$Division (RaftServerImpl.java:requestVote(1410)) - s1@group-F16E4F468C1D replies to PRE_VOTE vote request: s0<-s1#0:OK-t1. Peer's state: s1@group-F16E4F468C1D:t1, leader=null, voted=s1, raftlog=Memoized:s1@group-F16E4F468C1D-SegmentedRaftLog:OPENED:c-1, conf=0: peers:[s0|0.0.0.0:33275, s1|0.0.0.0:35089, s2|0.0.0.0:43627]|listeners:[], old=null
2023-12-13 16:20:33,603 [s0@group-F16E4F468C1D-LeaderElection3] INFO  impl.LeaderElection (LeaderElection.java:logAndReturn(89)) - s0@group-F16E4F468C1D-LeaderElection3: PRE_VOTE PASSED received 1 response(s) and 0 exception(s):
2023-12-13 16:20:33,604 [s0@group-F16E4F468C1D-LeaderElection3] INFO  impl.LeaderElection (LeaderElection.java:logAndReturn(93)) -   Response 0: s0<-s2#0:OK-t1
2023-12-13 16:20:33,604 [s0@group-F16E4F468C1D-LeaderElection3] INFO  impl.LeaderElection (LeaderElection.java:askForVotes(323)) - s0@group-F16E4F468C1D-LeaderElection3 PRE_VOTE round 0: result PASSED
2023-12-13 16:20:33,604 [s0@group-F16E4F468C1D-LeaderElection3] TRACE util.FileUtils (LogUtils.java:supplyAndLog(69)) - Successfully supplied FileChannel.open /home/runner/work/ratis/ratis/ratis-test/target/test/data/1e4ee837/MiniRaftClusterWithGrpc81039c8b/s0/428d0cf7-57ab-4b1e-8ab2-f16e4f468c1d/current/raft-meta.tmp with options [CREATE, WRITE]: sun.nio.ch.FileChannelImpl@6bdf5b21
2023-12-13 16:20:33,605 [s0@group-F16E4F468C1D-LeaderElection3] TRACE util.FileUtils (LogUtils.java:runAndLog(49)) - Successfully ran Atomic Files.move /home/runner/work/ratis/ratis/ratis-test/target/test/data/1e4ee837/MiniRaftClusterWithGrpc81039c8b/s0/428d0cf7-57ab-4b1e-8ab2-f16e4f468c1d/current/raft-meta.tmp to /home/runner/work/ratis/ratis/ratis-test/target/test/data/1e4ee837/MiniRaftClusterWithGrpc81039c8b/s0/428d0cf7-57ab-4b1e-8ab2-f16e4f468c1d/current/raft-meta with options [REPLACE_EXISTING]
2023-12-13 16:20:33,605 [s0@group-F16E4F468C1D-LeaderElection3] INFO  impl.LeaderElection (LeaderElection.java:askForVotes(321)) - s0@group-F16E4F468C1D-LeaderElection3 ELECTION round 0: submit vote requests at term 2 for 0: peers:[s0|0.0.0.0:33275, s1|0.0.0.0:35089, s2|0.0.0.0:43627]|listeners:[], old=null
2023-12-13 16:20:33,606 [s0@group-F16E4F468C1D-LeaderElection3] INFO  server.RaftServerConfigKeys (ConfUtils.java:logFallback(53)) - raft.server.rpc.first-election.timeout.min = 1500ms (fallback to raft.server.rpc.timeout.min)
2023-12-13 16:20:33,606 [s0@group-F16E4F468C1D-LeaderElection3] INFO  server.RaftServerConfigKeys (ConfUtils.java:logFallback(53)) - raft.server.rpc.first-election.timeout.max = 2000ms (fallback to raft.server.rpc.timeout.max)
2023-12-13 16:20:33,607 [grpc-default-executor-2] INFO  server.RaftServer$Division (RaftServerImpl.java:requestVote(1377)) - s1@group-F16E4F468C1D: receive requestVote(ELECTION, s0, group-F16E4F468C1D, 2, (t:1, i:0))
2023-12-13 16:20:33,607 [grpc-default-executor-1] INFO  server.RaftServer$Division (RaftServerImpl.java:requestVote(1377)) - s2@group-F16E4F468C1D: receive requestVote(ELECTION, s0, group-F16E4F468C1D, 2, (t:1, i:0))
2023-12-13 16:20:33,607 [grpc-default-executor-2] INFO  impl.VoteContext (VoteContext.java:log(49)) - s1@group-F16E4F468C1D-FOLLOWER: accept ELECTION from s0: our priority 0 <= candidate's priority 0
2023-12-13 16:20:33,607 [grpc-default-executor-1] INFO  impl.VoteContext (VoteContext.java:log(49)) - s2@group-F16E4F468C1D-FOLLOWER: accept ELECTION from s0: our priority 0 <= candidate's priority 0
2023-12-13 16:20:33,607 [grpc-default-executor-2] INFO  server.RaftServer$Division (RaftServerImpl.java:setRole(379)) - s1@group-F16E4F468C1D: changes role from  FOLLOWER to FOLLOWER at term 2 for candidate:s0
2023-12-13 16:20:33,607 [grpc-default-executor-2] INFO  impl.RoleInfo (RoleInfo.java:shutdownFollowerState(110)) - s1: shutdown s1@group-F16E4F468C1D-FollowerState
2023-12-13 16:20:33,607 [grpc-default-executor-1] INFO  server.RaftServer$Division (RaftServerImpl.java:setRole(379)) - s2@group-F16E4F468C1D: changes role from  FOLLOWER to FOLLOWER at term 2 for candidate:s0
2023-12-13 16:20:33,607 [grpc-default-executor-1] INFO  impl.RoleInfo (RoleInfo.java:shutdownFollowerState(110)) - s2: shutdown s2@group-F16E4F468C1D-FollowerState
2023-12-13 16:20:33,607 [s1@group-F16E4F468C1D-FollowerState] INFO  impl.FollowerState (FollowerState.java:run(152)) - s1@group-F16E4F468C1D-FollowerState was interrupted
2023-12-13 16:20:33,607 [s2@group-F16E4F468C1D-FollowerState] INFO  impl.FollowerState (FollowerState.java:run(152)) - s2@group-F16E4F468C1D-FollowerState was interrupted
2023-12-13 16:20:33,608 [grpc-default-executor-2] INFO  impl.RoleInfo (RoleInfo.java:updateAndGet(139)) - s1: start s1@group-F16E4F468C1D-FollowerState
2023-12-13 16:20:33,608 [grpc-default-executor-1] INFO  impl.RoleInfo (RoleInfo.java:updateAndGet(139)) - s2: start s2@group-F16E4F468C1D-FollowerState
2023-12-13 16:20:33,608 [grpc-default-executor-1] INFO  server.RaftServer$Division (RaftServerImpl.java:setFirstElection(564)) - s2@group-F16E4F468C1D: set firstElectionSinceStartup to false for candidate:s0
2023-12-13 16:20:33,608 [grpc-default-executor-2] INFO  server.RaftServer$Division (RaftServerImpl.java:setFirstElection(564)) - s1@group-F16E4F468C1D: set firstElectionSinceStartup to false for candidate:s0
2023-12-13 16:20:33,608 [grpc-default-executor-1] TRACE util.FileUtils (LogUtils.java:supplyAndLog(69)) - Successfully supplied FileChannel.open /home/runner/work/ratis/ratis/ratis-test/target/test/data/1e4ee837/MiniRaftClusterWithGrpc81039c8b/s2/428d0cf7-57ab-4b1e-8ab2-f16e4f468c1d/current/raft-meta.tmp with options [CREATE, WRITE]: sun.nio.ch.FileChannelImpl@2df9bb5c
2023-12-13 16:20:33,608 [grpc-default-executor-2] TRACE util.FileUtils (LogUtils.java:supplyAndLog(69)) - Successfully supplied FileChannel.open /home/runner/work/ratis/ratis/ratis-test/target/test/data/1e4ee837/MiniRaftClusterWithGrpc81039c8b/s1/428d0cf7-57ab-4b1e-8ab2-f16e4f468c1d/current/raft-meta.tmp with options [CREATE, WRITE]: sun.nio.ch.FileChannelImpl@705c278a
2023-12-13 16:20:33,609 [grpc-default-executor-2] TRACE util.FileUtils (LogUtils.java:runAndLog(49)) - Successfully ran Atomic Files.move /home/runner/work/ratis/ratis/ratis-test/target/test/data/1e4ee837/MiniRaftClusterWithGrpc81039c8b/s1/428d0cf7-57ab-4b1e-8ab2-f16e4f468c1d/current/raft-meta.tmp to /home/runner/work/ratis/ratis/ratis-test/target/test/data/1e4ee837/MiniRaftClusterWithGrpc81039c8b/s1/428d0cf7-57ab-4b1e-8ab2-f16e4f468c1d/current/raft-meta with options [REPLACE_EXISTING]
2023-12-13 16:20:33,609 [grpc-default-executor-1] TRACE util.FileUtils (LogUtils.java:runAndLog(49)) - Successfully ran Atomic Files.move /home/runner/work/ratis/ratis/ratis-test/target/test/data/1e4ee837/MiniRaftClusterWithGrpc81039c8b/s2/428d0cf7-57ab-4b1e-8ab2-f16e4f468c1d/current/raft-meta.tmp to /home/runner/work/ratis/ratis/ratis-test/target/test/data/1e4ee837/MiniRaftClusterWithGrpc81039c8b/s2/428d0cf7-57ab-4b1e-8ab2-f16e4f468c1d/current/raft-meta with options [REPLACE_EXISTING]
2023-12-13 16:20:33,609 [grpc-default-executor-2] INFO  server.RaftServer$Division (RaftServerImpl.java:requestVote(1410)) - s1@group-F16E4F468C1D replies to ELECTION vote request: s0<-s1#0:OK-t2. Peer's state: s1@group-F16E4F468C1D:t2, leader=null, voted=s0, raftlog=Memoized:s1@group-F16E4F468C1D-SegmentedRaftLog:OPENED:c-1, conf=0: peers:[s0|0.0.0.0:33275, s1|0.0.0.0:35089, s2|0.0.0.0:43627]|listeners:[], old=null
2023-12-13 16:20:33,609 [grpc-default-executor-1] INFO  server.RaftServer$Division (RaftServerImpl.java:requestVote(1410)) - s2@group-F16E4F468C1D replies to ELECTION vote request: s0<-s2#0:OK-t2. Peer's state: s2@group-F16E4F468C1D:t2, leader=null, voted=s0, raftlog=Memoized:s2@group-F16E4F468C1D-SegmentedRaftLog:OPENED:c-1, conf=0: peers:[s0|0.0.0.0:33275, s1|0.0.0.0:35089, s2|0.0.0.0:43627]|listeners:[], old=null
2023-12-13 16:20:33,610 [s0@group-F16E4F468C1D-LeaderElection3] INFO  impl.LeaderElection (LeaderElection.java:logAndReturn(89)) - s0@group-F16E4F468C1D-LeaderElection3: ELECTION PASSED received 1 response(s) and 0 exception(s):
2023-12-13 16:20:33,610 [s0@group-F16E4F468C1D-LeaderElection3] INFO  impl.LeaderElection (LeaderElection.java:logAndReturn(93)) -   Response 0: s0<-s1#0:OK-t2
2023-12-13 16:20:33,611 [s0@group-F16E4F468C1D-LeaderElection3] INFO  impl.LeaderElection (LeaderElection.java:askForVotes(323)) - s0@group-F16E4F468C1D-LeaderElection3 ELECTION round 0: result PASSED
2023-12-13 16:20:33,613 [s0@group-F16E4F468C1D-LeaderElection3] INFO  impl.RoleInfo (RoleInfo.java:shutdownLeaderElection(130)) - s0: shutdown s0@group-F16E4F468C1D-LeaderElection3
2023-12-13 16:20:33,613 [s0@group-F16E4F468C1D-LeaderElection3] INFO  server.RaftServer$Division (RaftServerImpl.java:setRole(379)) - s0@group-F16E4F468C1D: changes role from CANDIDATE to LEADER at term 2 for changeToLeader
2023-12-13 16:20:33,613 [s0@group-F16E4F468C1D-LeaderElection3] INFO  server.RaftServerConfigKeys (ConfUtils.java:logGet(46)) - raft.server.staging.catchup.gap = 1000 (default)
2023-12-13 16:20:33,613 [s0@group-F16E4F468C1D-LeaderElection3] INFO  server.RaftServerConfigKeys (ConfUtils.java:logGet(46)) - raft.server.write.element-limit = 4096 (default)
2023-12-13 16:20:33,613 [s0@group-F16E4F468C1D-LeaderElection3] INFO  server.RaftServerConfigKeys (ConfUtils.java:logGet(46)) - raft.server.write.byte-limit = 64MB (=67108864) (default)
2023-12-13 16:20:33,613 [s0@group-F16E4F468C1D-LeaderElection3] INFO  server.RaftServerConfigKeys (ConfUtils.java:logGet(46)) - raft.server.watch.timeout = 10s (default)
2023-12-13 16:20:33,613 [s0@group-F16E4F468C1D-LeaderElection3] INFO  server.RaftServerConfigKeys (ConfUtils.java:logGet(46)) - raft.server.watch.timeout.denomination = 1s (default)
2023-12-13 16:20:33,613 [s0@group-F16E4F468C1D-LeaderElection3] INFO  server.RaftServerConfigKeys (ConfUtils.java:logGet(46)) - raft.server.watch.element-limit = 65536 (default)
2023-12-13 16:20:33,614 [s0@group-F16E4F468C1D-LeaderElection3] INFO  server.RaftServerConfigKeys (ConfUtils.java:logGet(46)) - raft.server.read.leader.lease.enabled = false (default)
2023-12-13 16:20:33,614 [s0@group-F16E4F468C1D-LeaderElection3] INFO  server.RaftServerConfigKeys (ConfUtils.java:logGet(46)) - raft.server.read.leader.lease.timeout.ratio = 0.9 (default)
2023-12-13 16:20:33,614 [s0@group-F16E4F468C1D-LeaderElection3] INFO  server.RaftServerConfigKeys (ConfUtils.java:logGet(46)) - raft.server.rpc.timeout.min = 1500ms (custom)
2023-12-13 16:20:33,614 [s0@group-F16E4F468C1D-LeaderElection3] INFO  server.RaftServerConfigKeys (ConfUtils.java:logGet(46)) - raft.server.write.element-limit = 4096 (default)
2023-12-13 16:20:33,614 [s0@group-F16E4F468C1D-LeaderElection3] INFO  server.RaftServerConfigKeys (ConfUtils.java:logGet(46)) - raft.server.write.follower.gap.ratio.max = -1.0 (default)
2023-12-13 16:20:33,614 [s0@group-F16E4F468C1D-LeaderElection3] INFO  server.RaftServerConfigKeys (ConfUtils.java:logGet(46)) - raft.server.log.appender.snapshot.chunk.size.max = 16MB (=16777216) (default)
2023-12-13 16:20:33,614 [s0@group-F16E4F468C1D-LeaderElection3] INFO  server.RaftServerConfigKeys (ConfUtils.java:logGet(46)) - raft.server.log.appender.buffer.byte-limit = 4MB (=4194304) (default)
2023-12-13 16:20:33,614 [s0@group-F16E4F468C1D-LeaderElection3] INFO  server.RaftServerConfigKeys (ConfUtils.java:logGet(46)) - raft.server.log.appender.buffer.element-limit = 0 (default)
2023-12-13 16:20:33,614 [s0@group-F16E4F468C1D-LeaderElection3] INFO  server.RaftServerConfigKeys (ConfUtils.java:logGet(46)) - raft.server.log.appender.wait-time.min = 1ms (default)
2023-12-13 16:20:33,614 [s0@group-F16E4F468C1D-LeaderElection3] INFO  grpc.GrpcConfigKeys (ConfUtils.java:logGet(46)) - raft.grpc.server.leader.outstanding.appends.max = 8 (default)
2023-12-13 16:20:33,614 [s0@group-F16E4F468C1D-LeaderElection3] INFO  server.RaftServerConfigKeys (ConfUtils.java:logGet(46)) - raft.server.rpc.request.timeout = 3000ms (default)
2023-12-13 16:20:33,614 [s0@group-F16E4F468C1D-LeaderElection3] INFO  grpc.GrpcConfigKeys (ConfUtils.java:logGet(46)) - raft.grpc.server.install_snapshot.request.element-limit = 8 (default)
2023-12-13 16:20:33,614 [s0@group-F16E4F468C1D-LeaderElection3] INFO  grpc.GrpcConfigKeys (ConfUtils.java:logGet(46)) - raft.grpc.server.install_snapshot.request.timeout = 3000ms (default)
2023-12-13 16:20:33,614 [s0@group-F16E4F468C1D-LeaderElection3] INFO  server.RaftServerConfigKeys (ConfUtils.java:logGet(46)) - raft.server.log.appender.install.snapshot.enabled = true (default)
2023-12-13 16:20:33,614 [s0@group-F16E4F468C1D-LeaderElection3] INFO  grpc.GrpcConfigKeys (ConfUtils.java:logGet(46)) - raft.grpc.server.heartbeat.channel = true (default)
2023-12-13 16:20:33,615 [s0@group-F16E4F468C1D-LeaderElection3] INFO  server.RaftServerConfigKeys (ConfUtils.java:logGet(46)) - raft.server.log.appender.snapshot.chunk.size.max = 16MB (=16777216) (default)
2023-12-13 16:20:33,615 [s0@group-F16E4F468C1D-LeaderElection3] INFO  server.RaftServerConfigKeys (ConfUtils.java:logGet(46)) - raft.server.log.appender.buffer.byte-limit = 4MB (=4194304) (default)
2023-12-13 16:20:33,615 [s0@group-F16E4F468C1D-LeaderElection3] INFO  server.RaftServerConfigKeys (ConfUtils.java:logGet(46)) - raft.server.log.appender.buffer.element-limit = 0 (default)
2023-12-13 16:20:33,615 [s0@group-F16E4F468C1D-LeaderElection3] INFO  server.RaftServerConfigKeys (ConfUtils.java:logGet(46)) - raft.server.log.appender.wait-time.min = 1ms (default)
2023-12-13 16:20:33,615 [s0@group-F16E4F468C1D-LeaderElection3] INFO  grpc.GrpcConfigKeys (ConfUtils.java:logGet(46)) - raft.grpc.server.leader.outstanding.appends.max = 8 (default)
2023-12-13 16:20:33,615 [s0@group-F16E4F468C1D-LeaderElection3] INFO  server.RaftServerConfigKeys (ConfUtils.java:logGet(46)) - raft.server.rpc.request.timeout = 3000ms (default)
2023-12-13 16:20:33,615 [s0@group-F16E4F468C1D-LeaderElection3] INFO  grpc.GrpcConfigKeys (ConfUtils.java:logGet(46)) - raft.grpc.server.install_snapshot.request.element-limit = 8 (default)
2023-12-13 16:20:33,615 [s0@group-F16E4F468C1D-LeaderElection3] INFO  grpc.GrpcConfigKeys (ConfUtils.java:logGet(46)) - raft.grpc.server.install_snapshot.request.timeout = 3000ms (default)
2023-12-13 16:20:33,615 [s0@group-F16E4F468C1D-LeaderElection3] INFO  server.RaftServerConfigKeys (ConfUtils.java:logGet(46)) - raft.server.log.appender.install.snapshot.enabled = true (default)
2023-12-13 16:20:33,615 [s0@group-F16E4F468C1D-LeaderElection3] INFO  grpc.GrpcConfigKeys (ConfUtils.java:logGet(46)) - raft.grpc.server.heartbeat.channel = true (default)
2023-12-13 16:20:33,615 [s0@group-F16E4F468C1D-LeaderElection3] INFO  impl.RoleInfo (RoleInfo.java:updateAndGet(139)) - s0: start s0@group-F16E4F468C1D-LeaderStateImpl
2023-12-13 16:20:33,615 [s0@group-F16E4F468C1D-LeaderElection3] INFO  server.RaftServer$Division (RaftServerImpl.java:setFirstElection(564)) - s0@group-F16E4F468C1D: set firstElectionSinceStartup to false for becomeLeader
2023-12-13 16:20:33,615 [s0@group-F16E4F468C1D-LeaderElection3] INFO  server.RaftServer$Division (ServerState.java:setLeader(265)) - s0@group-F16E4F468C1D: change Leader from null to s0 at term 2 for becomeLeader, leader elected after 1613ms
2023-12-13 16:20:33,616 [s0@group-F16E4F468C1D-LeaderElection3] INFO  segmented.SegmentedRaftLogWorker (SegmentedRaftLogWorker.java:rollLogSegment(435)) - s0@group-F16E4F468C1D-SegmentedRaftLogWorker: Rolling segment log-0_0 to index:0
2023-12-13 16:20:33,616 [s0@group-F16E4F468C1D-LeaderElection3] INFO  server.RaftServer$Division (ServerState.java:setRaftConf(382)) - s0@group-F16E4F468C1D: set configuration 1: peers:[s0|0.0.0.0:33275, s1|0.0.0.0:35089, s2|0.0.0.0:43627]|listeners:[], old=null
2023-12-13 16:20:33,619 [s0@group-F16E4F468C1D-SegmentedRaftLogWorker] TRACE util.FileUtils (LogUtils.java:runAndLog(49)) - Successfully ran Atomic Files.move /home/runner/work/ratis/ratis/ratis-test/target/test/data/1e4ee837/MiniRaftClusterWithGrpc81039c8b/s0/428d0cf7-57ab-4b1e-8ab2-f16e4f468c1d/current/log_inprogress_0 to /home/runner/work/ratis/ratis/ratis-test/target/test/data/1e4ee837/MiniRaftClusterWithGrpc81039c8b/s0/428d0cf7-57ab-4b1e-8ab2-f16e4f468c1d/current/log_0-0
2023-12-13 16:20:33,619 [s0@group-F16E4F468C1D-SegmentedRaftLogWorker] INFO  segmented.SegmentedRaftLogWorker (SegmentedRaftLogWorker.java:execute(591)) - s0@group-F16E4F468C1D-SegmentedRaftLogWorker: Rolled log segment from /home/runner/work/ratis/ratis/ratis-test/target/test/data/1e4ee837/MiniRaftClusterWithGrpc81039c8b/s0/428d0cf7-57ab-4b1e-8ab2-f16e4f468c1d/current/log_inprogress_0 to /home/runner/work/ratis/ratis/ratis-test/target/test/data/1e4ee837/MiniRaftClusterWithGrpc81039c8b/s0/428d0cf7-57ab-4b1e-8ab2-f16e4f468c1d/current/log_0-0
2023-12-13 16:20:33,620 [s0@group-F16E4F468C1D-SegmentedRaftLogWorker] INFO  segmented.BufferedWriteChannel (BufferedWriteChannel.java:open(62)) - open log_inprogress_1 at position 0
2023-12-13 16:20:33,626 [s0@group-F16E4F468C1D-SegmentedRaftLogWorker] INFO  segmented.SegmentedRaftLogWorker (SegmentedRaftLogWorker.java:execute(634)) - s0@group-F16E4F468C1D-SegmentedRaftLogWorker: created new log segment /home/runner/work/ratis/ratis/ratis-test/target/test/data/1e4ee837/MiniRaftClusterWithGrpc81039c8b/s0/428d0cf7-57ab-4b1e-8ab2-f16e4f468c1d/current/log_inprogress_1
2023-12-13 16:20:33,627 [s1-server-thread1] INFO  server.RaftServer$Division (ServerState.java:setLeader(265)) - s1@group-F16E4F468C1D: change Leader from null to s0 at term 2 for appendEntries, leader elected after 732ms
2023-12-13 16:20:33,633 [s2-server-thread1] INFO  server.RaftServer$Division (ServerState.java:setLeader(265)) - s2@group-F16E4F468C1D: change Leader from null to s0 at term 2 for appendEntries, leader elected after 631ms
2023-12-13 16:20:33,635 [s2-server-thread2] DEBUG server.RaftServer$Division (RaftServerImpl.java:logAppendEntries(1504)) - s2@group-F16E4F468C1D: receive appendEntries(s0, 2, (t:1, i:0), -1, false, commits:[s0:c-1, s1:c-1, s2:c-1], cId:1, entries: [(t:2, i:1), CONFIGURATIONENTRY(current:id: "s0"
address: "0.0.0.0:33275"
clientAddress: "0.0.0.0:33275"
adminAddress: "0.0.0.0:33275"
startupRole: FOLLOWER
,id: "s1"
address: "0.0.0.0:35089"
clientAddress: "0.0.0.0:35089"
adminAddress: "0.0.0.0:35089"
startupRole: FOLLOWER
,id: "s2"
address: "0.0.0.0:43627"
clientAddress: "0.0.0.0:43627"
adminAddress: "0.0.0.0:43627"
startupRole: FOLLOWER
, old:)]
2023-12-13 16:20:33,636 [s2-server-thread2] INFO  server.RaftServer$Division (ServerState.java:setRaftConf(382)) - s2@group-F16E4F468C1D: set configuration 1: peers:[s0|0.0.0.0:33275, s1|0.0.0.0:35089, s2|0.0.0.0:43627]|listeners:[], old=null
2023-12-13 16:20:33,636 [s2-server-thread2] INFO  segmented.SegmentedRaftLogWorker (SegmentedRaftLogWorker.java:rollLogSegment(435)) - s2@group-F16E4F468C1D-SegmentedRaftLogWorker: Rolling segment log-0_0 to index:0
2023-12-13 16:20:33,637 [s2@group-F16E4F468C1D-SegmentedRaftLogWorker] TRACE util.FileUtils (LogUtils.java:runAndLog(49)) - Successfully ran Atomic Files.move /home/runner/work/ratis/ratis/ratis-test/target/test/data/1e4ee837/MiniRaftClusterWithGrpc81039c8b/s2/428d0cf7-57ab-4b1e-8ab2-f16e4f468c1d/current/log_inprogress_0 to /home/runner/work/ratis/ratis/ratis-test/target/test/data/1e4ee837/MiniRaftClusterWithGrpc81039c8b/s2/428d0cf7-57ab-4b1e-8ab2-f16e4f468c1d/current/log_0-0
2023-12-13 16:20:33,637 [s2@group-F16E4F468C1D-SegmentedRaftLogWorker] INFO  segmented.SegmentedRaftLogWorker (SegmentedRaftLogWorker.java:execute(591)) - s2@group-F16E4F468C1D-SegmentedRaftLogWorker: Rolled log segment from /home/runner/work/ratis/ratis/ratis-test/target/test/data/1e4ee837/MiniRaftClusterWithGrpc81039c8b/s2/428d0cf7-57ab-4b1e-8ab2-f16e4f468c1d/current/log_inprogress_0 to /home/runner/work/ratis/ratis/ratis-test/target/test/data/1e4ee837/MiniRaftClusterWithGrpc81039c8b/s2/428d0cf7-57ab-4b1e-8ab2-f16e4f468c1d/current/log_0-0
2023-12-13 16:20:33,637 [s2@group-F16E4F468C1D-SegmentedRaftLogWorker] INFO  segmented.BufferedWriteChannel (BufferedWriteChannel.java:open(62)) - open log_inprogress_1 at position 0
2023-12-13 16:20:33,639 [s1-server-thread2] DEBUG server.RaftServer$Division (RaftServerImpl.java:logAppendEntries(1504)) - s1@group-F16E4F468C1D: receive appendEntries(s0, 2, (t:1, i:0), -1, false, commits:[s0:c-1, s1:c-1, s2:c-1], cId:1, entries: [(t:2, i:1), CONFIGURATIONENTRY(current:id: "s0"
address: "0.0.0.0:33275"
clientAddress: "0.0.0.0:33275"
adminAddress: "0.0.0.0:33275"
startupRole: FOLLOWER
,id: "s1"
address: "0.0.0.0:35089"
clientAddress: "0.0.0.0:35089"
adminAddress: "0.0.0.0:35089"
startupRole: FOLLOWER
,id: "s2"
address: "0.0.0.0:43627"
clientAddress: "0.0.0.0:43627"
adminAddress: "0.0.0.0:43627"
startupRole: FOLLOWER
, old:)]
2023-12-13 16:20:33,639 [s1-server-thread2] INFO  server.RaftServer$Division (ServerState.java:setRaftConf(382)) - s1@group-F16E4F468C1D: set configuration 1: peers:[s0|0.0.0.0:33275, s1|0.0.0.0:35089, s2|0.0.0.0:43627]|listeners:[], old=null
2023-12-13 16:20:33,639 [s1-server-thread2] INFO  segmented.SegmentedRaftLogWorker (SegmentedRaftLogWorker.java:rollLogSegment(435)) - s1@group-F16E4F468C1D-SegmentedRaftLogWorker: Rolling segment log-0_0 to index:0
2023-12-13 16:20:33,641 [s1@group-F16E4F468C1D-SegmentedRaftLogWorker] TRACE util.FileUtils (LogUtils.java:runAndLog(49)) - Successfully ran Atomic Files.move /home/runner/work/ratis/ratis/ratis-test/target/test/data/1e4ee837/MiniRaftClusterWithGrpc81039c8b/s1/428d0cf7-57ab-4b1e-8ab2-f16e4f468c1d/current/log_inprogress_0 to /home/runner/work/ratis/ratis/ratis-test/target/test/data/1e4ee837/MiniRaftClusterWithGrpc81039c8b/s1/428d0cf7-57ab-4b1e-8ab2-f16e4f468c1d/current/log_0-0
2023-12-13 16:20:33,641 [s1@group-F16E4F468C1D-SegmentedRaftLogWorker] INFO  segmented.SegmentedRaftLogWorker (SegmentedRaftLogWorker.java:execute(591)) - s1@group-F16E4F468C1D-SegmentedRaftLogWorker: Rolled log segment from /home/runner/work/ratis/ratis/ratis-test/target/test/data/1e4ee837/MiniRaftClusterWithGrpc81039c8b/s1/428d0cf7-57ab-4b1e-8ab2-f16e4f468c1d/current/log_inprogress_0 to /home/runner/work/ratis/ratis/ratis-test/target/test/data/1e4ee837/MiniRaftClusterWithGrpc81039c8b/s1/428d0cf7-57ab-4b1e-8ab2-f16e4f468c1d/current/log_0-0
2023-12-13 16:20:33,641 [s1@group-F16E4F468C1D-SegmentedRaftLogWorker] INFO  segmented.BufferedWriteChannel (BufferedWriteChannel.java:open(62)) - open log_inprogress_1 at position 0
2023-12-13 16:20:33,644 [s2@group-F16E4F468C1D-SegmentedRaftLogWorker] INFO  segmented.SegmentedRaftLogWorker (SegmentedRaftLogWorker.java:execute(634)) - s2@group-F16E4F468C1D-SegmentedRaftLogWorker: created new log segment /home/runner/work/ratis/ratis/ratis-test/target/test/data/1e4ee837/MiniRaftClusterWithGrpc81039c8b/s2/428d0cf7-57ab-4b1e-8ab2-f16e4f468c1d/current/log_inprogress_1
2023-12-13 16:20:33,645 [s2-server-thread3] DEBUG server.RaftServer$Division (RaftServerImpl.java:logAppendEntries(1504)) - s2@group-F16E4F468C1D: succeeded to handle AppendEntries. Reply: s0<-s2#1:OK-t2,SUCCESS,nextIndex=2,followerCommit=-1,matchIndex=1
2023-12-13 16:20:33,646 [s0@group-F16E4F468C1D-StateMachineUpdater] TRACE util.FileUtils (LogUtils.java:supplyAndLog(69)) - Successfully supplied FileChannel.open /home/runner/work/ratis/ratis/ratis-test/target/test/data/1e4ee837/MiniRaftClusterWithGrpc81039c8b/s0/428d0cf7-57ab-4b1e-8ab2-f16e4f468c1d/current/raft-meta.conf.tmp with options [CREATE, WRITE]: sun.nio.ch.FileChannelImpl@38ff5108
2023-12-13 16:20:33,649 [s0@group-F16E4F468C1D-StateMachineUpdater] TRACE util.FileUtils (LogUtils.java:runAndLog(49)) - Successfully ran Atomic Files.move /home/runner/work/ratis/ratis/ratis-test/target/test/data/1e4ee837/MiniRaftClusterWithGrpc81039c8b/s0/428d0cf7-57ab-4b1e-8ab2-f16e4f468c1d/current/raft-meta.conf.tmp to /home/runner/work/ratis/ratis/ratis-test/target/test/data/1e4ee837/MiniRaftClusterWithGrpc81039c8b/s0/428d0cf7-57ab-4b1e-8ab2-f16e4f468c1d/current/raft-meta.conf with options [REPLACE_EXISTING]
2023-12-13 16:20:33,650 [s1@group-F16E4F468C1D-SegmentedRaftLogWorker] INFO  segmented.SegmentedRaftLogWorker (SegmentedRaftLogWorker.java:execute(634)) - s1@group-F16E4F468C1D-SegmentedRaftLogWorker: created new log segment /home/runner/work/ratis/ratis/ratis-test/target/test/data/1e4ee837/MiniRaftClusterWithGrpc81039c8b/s1/428d0cf7-57ab-4b1e-8ab2-f16e4f468c1d/current/log_inprogress_1
2023-12-13 16:20:33,650 [s0@group-F16E4F468C1D-StateMachineUpdater] TRACE util.FileUtils (LogUtils.java:supplyAndLog(69)) - Successfully supplied FileChannel.open /home/runner/work/ratis/ratis/ratis-test/target/test/data/1e4ee837/MiniRaftClusterWithGrpc81039c8b/s0/428d0cf7-57ab-4b1e-8ab2-f16e4f468c1d/current/raft-meta.conf.tmp with options [CREATE, WRITE]: sun.nio.ch.FileChannelImpl@3638a867
2023-12-13 16:20:33,651 [s1-server-thread2] DEBUG server.RaftServer$Division (RaftServerImpl.java:logAppendEntries(1504)) - s1@group-F16E4F468C1D: receive appendEntries(s0, 2, (t:2, i:1), 1, false, commits:[s0:c1, s1:c-1, s2:c-1], cId:2, entries: [(t:2, i:2), METADATAENTRY(c:1)]
2023-12-13 16:20:33,651 [s2-server-thread3] DEBUG server.RaftServer$Division (RaftServerImpl.java:logAppendEntries(1504)) - s2@group-F16E4F468C1D: receive appendEntries(s0, 2, (t:2, i:1), 1, false, commits:[s0:c1, s1:c-1, s2:c-1], cId:3, entries: [(t:2, i:2), METADATAENTRY(c:1)]
2023-12-13 16:20:33,652 [s0@group-F16E4F468C1D-StateMachineUpdater] TRACE util.FileUtils (LogUtils.java:runAndLog(49)) - Successfully ran Atomic Files.move /home/runner/work/ratis/ratis/ratis-test/target/test/data/1e4ee837/MiniRaftClusterWithGrpc81039c8b/s0/428d0cf7-57ab-4b1e-8ab2-f16e4f468c1d/current/raft-meta.conf.tmp to /home/runner/work/ratis/ratis/ratis-test/target/test/data/1e4ee837/MiniRaftClusterWithGrpc81039c8b/s0/428d0cf7-57ab-4b1e-8ab2-f16e4f468c1d/current/raft-meta.conf with options [REPLACE_EXISTING]
2023-12-13 16:20:33,652 [s0@group-F16E4F468C1D-StateMachineUpdater] INFO  server.RaftServer$Division (LeaderStateImpl.java:isApplied(320)) - leader is ready since appliedIndex == 1 >= startIndex == 1
2023-12-13 16:20:33,652 [s1-server-thread2] DEBUG server.RaftServer$Division (RaftServerImpl.java:logAppendEntries(1504)) - s1@group-F16E4F468C1D: succeeded to handle AppendEntries. Reply: s0<-s1#1:OK-t2,SUCCESS,nextIndex=2,followerCommit=-1,matchIndex=1
2023-12-13 16:20:33,653 [s2-server-thread1] DEBUG server.RaftServer$Division (RaftServerImpl.java:logAppendEntries(1504)) - s2@group-F16E4F468C1D: succeeded to handle AppendEntries. Reply: s0<-s2#3:OK-t2,SUCCESS,nextIndex=3,followerCommit=1,matchIndex=2
2023-12-13 16:20:33,653 [s2@group-F16E4F468C1D-StateMachineUpdater] TRACE util.FileUtils (LogUtils.java:supplyAndLog(69)) - Successfully supplied FileChannel.open /home/runner/work/ratis/ratis/ratis-test/target/test/data/1e4ee837/MiniRaftClusterWithGrpc81039c8b/s2/428d0cf7-57ab-4b1e-8ab2-f16e4f468c1d/current/raft-meta.conf.tmp with options [CREATE, WRITE]: sun.nio.ch.FileChannelImpl@5b2f5796
2023-12-13 16:20:33,653 [s1-server-thread3] DEBUG server.RaftServer$Division (RaftServerImpl.java:logAppendEntries(1504)) - s1@group-F16E4F468C1D: succeeded to handle AppendEntries. Reply: s0<-s1#2:OK-t2,SUCCESS,nextIndex=3,followerCommit=1,matchIndex=2
2023-12-13 16:20:33,653 [s1@group-F16E4F468C1D-StateMachineUpdater] TRACE util.FileUtils (LogUtils.java:supplyAndLog(69)) - Successfully supplied FileChannel.open /home/runner/work/ratis/ratis/ratis-test/target/test/data/1e4ee837/MiniRaftClusterWithGrpc81039c8b/s1/428d0cf7-57ab-4b1e-8ab2-f16e4f468c1d/current/raft-meta.conf.tmp with options [CREATE, WRITE]: sun.nio.ch.FileChannelImpl@6511a807
2023-12-13 16:20:33,654 [s2@group-F16E4F468C1D-StateMachineUpdater] TRACE util.FileUtils (LogUtils.java:runAndLog(49)) - Successfully ran Atomic Files.move /home/runner/work/ratis/ratis/ratis-test/target/test/data/1e4ee837/MiniRaftClusterWithGrpc81039c8b/s2/428d0cf7-57ab-4b1e-8ab2-f16e4f468c1d/current/raft-meta.conf.tmp to /home/runner/work/ratis/ratis/ratis-test/target/test/data/1e4ee837/MiniRaftClusterWithGrpc81039c8b/s2/428d0cf7-57ab-4b1e-8ab2-f16e4f468c1d/current/raft-meta.conf with options [REPLACE_EXISTING]
2023-12-13 16:20:33,655 [s2@group-F16E4F468C1D-StateMachineUpdater] TRACE util.FileUtils (LogUtils.java:supplyAndLog(69)) - Successfully supplied FileChannel.open /home/runner/work/ratis/ratis/ratis-test/target/test/data/1e4ee837/MiniRaftClusterWithGrpc81039c8b/s2/428d0cf7-57ab-4b1e-8ab2-f16e4f468c1d/current/raft-meta.conf.tmp with options [CREATE, WRITE]: sun.nio.ch.FileChannelImpl@55e8b283
2023-12-13 16:20:33,655 [s1@group-F16E4F468C1D-StateMachineUpdater] TRACE util.FileUtils (LogUtils.java:runAndLog(49)) - Successfully ran Atomic Files.move /home/runner/work/ratis/ratis/ratis-test/target/test/data/1e4ee837/MiniRaftClusterWithGrpc81039c8b/s1/428d0cf7-57ab-4b1e-8ab2-f16e4f468c1d/current/raft-meta.conf.tmp to /home/runner/work/ratis/ratis/ratis-test/target/test/data/1e4ee837/MiniRaftClusterWithGrpc81039c8b/s1/428d0cf7-57ab-4b1e-8ab2-f16e4f468c1d/current/raft-meta.conf with options [REPLACE_EXISTING]
2023-12-13 16:20:33,656 [s1@group-F16E4F468C1D-StateMachineUpdater] TRACE util.FileUtils (LogUtils.java:supplyAndLog(69)) - Successfully supplied FileChannel.open /home/runner/work/ratis/ratis/ratis-test/target/test/data/1e4ee837/MiniRaftClusterWithGrpc81039c8b/s1/428d0cf7-57ab-4b1e-8ab2-f16e4f468c1d/current/raft-meta.conf.tmp with options [CREATE, WRITE]: sun.nio.ch.FileChannelImpl@6bd65ad5
2023-12-13 16:20:33,657 [s2@group-F16E4F468C1D-StateMachineUpdater] TRACE util.FileUtils (LogUtils.java:runAndLog(49)) - Successfully ran Atomic Files.move /home/runner/work/ratis/ratis/ratis-test/target/test/data/1e4ee837/MiniRaftClusterWithGrpc81039c8b/s2/428d0cf7-57ab-4b1e-8ab2-f16e4f468c1d/current/raft-meta.conf.tmp to /home/runner/work/ratis/ratis/ratis-test/target/test/data/1e4ee837/MiniRaftClusterWithGrpc81039c8b/s2/428d0cf7-57ab-4b1e-8ab2-f16e4f468c1d/current/raft-meta.conf with options [REPLACE_EXISTING]
2023-12-13 16:20:33,657 [s1@group-F16E4F468C1D-StateMachineUpdater] TRACE util.FileUtils (LogUtils.java:runAndLog(49)) - Successfully ran Atomic Files.move /home/runner/work/ratis/ratis/ratis-test/target/test/data/1e4ee837/MiniRaftClusterWithGrpc81039c8b/s1/428d0cf7-57ab-4b1e-8ab2-f16e4f468c1d/current/raft-meta.conf.tmp to /home/runner/work/ratis/ratis/ratis-test/target/test/data/1e4ee837/MiniRaftClusterWithGrpc81039c8b/s1/428d0cf7-57ab-4b1e-8ab2-f16e4f468c1d/current/raft-meta.conf with options [REPLACE_EXISTING]
2023-12-13 16:20:36,012 [Time-limited test] INFO  ratis.RaftTestUtil (RaftTestUtil.java:waitForLeader(124)) - printing ALL groups
  s0:  RUNNING    LEADER s0@group-F16E4F468C1D:t2, leader=s0, voted=s0, raftlog=Memoized:s0@group-F16E4F468C1D-SegmentedRaftLog:OPENED:c2, conf=1: peers:[s0|0.0.0.0:33275, s1|0.0.0.0:35089, s2|0.0.0.0:43627]|listeners:[], old=null RUNNING
  s1:  RUNNING  FOLLOWER s1@group-F16E4F468C1D:t2, leader=s0, voted=s0, raftlog=Memoized:s1@group-F16E4F468C1D-SegmentedRaftLog:OPENED:c2, conf=1: peers:[s0|0.0.0.0:33275, s1|0.0.0.0:35089, s2|0.0.0.0:43627]|listeners:[], old=null RUNNING
  s2:  RUNNING  FOLLOWER s2@group-F16E4F468C1D:t2, leader=s0, voted=s0, raftlog=Memoized:s2@group-F16E4F468C1D-SegmentedRaftLog:OPENED:c2, conf=1: peers:[s0|0.0.0.0:33275, s1|0.0.0.0:35089, s2|0.0.0.0:43627]|listeners:[], old=null RUNNING
2023-12-13 16:20:36,013 [Time-limited test] INFO  impl.MiniRaftCluster (MiniRaftCluster.java:shutdown(831)) - ************************************************************** 
2023-12-13 16:20:36,013 [Time-limited test] INFO  impl.MiniRaftCluster (MiniRaftCluster.java:shutdown(832)) - *** 
2023-12-13 16:20:36,013 [Time-limited test] INFO  impl.MiniRaftCluster (MiniRaftCluster.java:shutdown(833)) - ***     Stopping MiniRaftClusterWithGrpc
2023-12-13 16:20:36,013 [Time-limited test] INFO  impl.MiniRaftCluster (MiniRaftCluster.java:shutdown(834)) - *** 
2023-12-13 16:20:36,013 [Time-limited test] INFO  impl.MiniRaftCluster (MiniRaftCluster.java:shutdown(835)) - ************************************************************** 
2023-12-13 16:20:36,013 [Time-limited test] INFO  impl.MiniRaftCluster (MiniRaftCluster.java:shutdown(836)) - printing ALL groups
  s0:  RUNNING    LEADER s0@group-F16E4F468C1D:t2, leader=s0, voted=s0, raftlog=Memoized:s0@group-F16E4F468C1D-SegmentedRaftLog:OPENED:c2, conf=1: peers:[s0|0.0.0.0:33275, s1|0.0.0.0:35089, s2|0.0.0.0:43627]|listeners:[], old=null RUNNING
  s1:  RUNNING  FOLLOWER s1@group-F16E4F468C1D:t2, leader=s0, voted=s0, raftlog=Memoized:s1@group-F16E4F468C1D-SegmentedRaftLog:OPENED:c2, conf=1: peers:[s0|0.0.0.0:33275, s1|0.0.0.0:35089, s2|0.0.0.0:43627]|listeners:[], old=null RUNNING
  s2:  RUNNING  FOLLOWER s2@group-F16E4F468C1D:t2, leader=s0, voted=s0, raftlog=Memoized:s2@group-F16E4F468C1D-SegmentedRaftLog:OPENED:c2, conf=1: peers:[s0|0.0.0.0:33275, s1|0.0.0.0:35089, s2|0.0.0.0:43627]|listeners:[], old=null RUNNING
2023-12-13 16:20:36,013 [MiniRaftCluster-3] INFO  server.RaftServer (RaftServerProxy.java:lambda$close$9(416)) - s0: close
2023-12-13 16:20:36,013 [s0-impl-thread1] INFO  server.RaftServer$Division (RaftServerImpl.java:lambda$close$3(516)) - s0@group-F16E4F468C1D: shutdown
2023-12-13 16:20:36,014 [MiniRaftCluster-5] INFO  server.RaftServer (RaftServerProxy.java:lambda$close$9(416)) - s2: close
2023-12-13 16:20:36,014 [MiniRaftCluster-4] INFO  server.RaftServer (RaftServerProxy.java:lambda$close$9(416)) - s1: close
2023-12-13 16:20:36,013 [MiniRaftCluster-3] INFO  server.GrpcService (GrpcService.java:closeImpl(311)) - s0: shutdown server GrpcServerProtocolService now
2023-12-13 16:20:36,014 [s0-impl-thread1] INFO  util.JmxRegister (JmxRegister.java:unregister(73)) - Successfully un-registered JMX Bean with object name Ratis:service=RaftServer,group=group-F16E4F468C1D,id=s0
2023-12-13 16:20:36,014 [s0-impl-thread1] INFO  impl.RoleInfo (RoleInfo.java:shutdownLeaderState(94)) - s0: shutdown s0@group-F16E4F468C1D-LeaderStateImpl
2023-12-13 16:20:36,014 [s0@group-F16E4F468C1D->s1-GrpcLogAppender-LogAppenderDaemon] WARN  server.GrpcLogAppender (GrpcLogAppender.java:mayWait(279)) - s0@group-F16E4F468C1D->s1-GrpcLogAppender: Wait interrupted by java.lang.InterruptedException
2023-12-13 16:20:36,014 [s0@group-F16E4F468C1D->s2-GrpcLogAppender-LogAppenderDaemon] WARN  server.GrpcLogAppender (GrpcLogAppender.java:mayWait(279)) - s0@group-F16E4F468C1D->s2-GrpcLogAppender: Wait interrupted by java.lang.InterruptedException
2023-12-13 16:20:36,014 [s1-impl-thread1] INFO  server.RaftServer$Division (RaftServerImpl.java:lambda$close$3(516)) - s1@group-F16E4F468C1D: shutdown
2023-12-13 16:20:36,014 [s1-impl-thread1] INFO  util.JmxRegister (JmxRegister.java:unregister(73)) - Successfully un-registered JMX Bean with object name Ratis:service=RaftServer,group=group-F16E4F468C1D,id=s1
2023-12-13 16:20:36,014 [s1-impl-thread1] INFO  impl.RoleInfo (RoleInfo.java:shutdownFollowerState(110)) - s1: shutdown s1@group-F16E4F468C1D-FollowerState
2023-12-13 16:20:36,014 [s1-impl-thread1] INFO  impl.StateMachineUpdater (StateMachineUpdater.java:stopAndJoin(157)) - s1@group-F16E4F468C1D-StateMachineUpdater: set stopIndex = 2
2023-12-13 16:20:36,014 [MiniRaftCluster-4] INFO  server.GrpcService (GrpcService.java:closeImpl(311)) - s1: shutdown server GrpcServerProtocolService now
2023-12-13 16:20:36,015 [s1@group-F16E4F468C1D-FollowerState] INFO  impl.FollowerState (FollowerState.java:run(152)) - s1@group-F16E4F468C1D-FollowerState was interrupted
2023-12-13 16:20:36,015 [grpc-default-executor-2] INFO  server.GrpcServerProtocolService (GrpcServerProtocolService.java:onCompleted(157)) - s2: Completed APPEND_ENTRIES, lastRequest: null
2023-12-13 16:20:36,015 [grpc-default-executor-1] INFO  server.GrpcServerProtocolService (GrpcServerProtocolService.java:onCompleted(157)) - s1: Completed APPEND_ENTRIES, lastRequest: null
2023-12-13 16:20:36,015 [grpc-default-executor-4] INFO  server.GrpcServerProtocolService (GrpcServerProtocolService.java:onCompleted(157)) - s2: Completed APPEND_ENTRIES, lastRequest: s0->s2#3-t2,previous=(t:2, i:1),leaderCommit=1,initializing? false,entries: size=1, first=(t:2, i:2), METADATAENTRY(c:1)
2023-12-13 16:20:36,015 [grpc-default-executor-4] INFO  server.GrpcServerProtocolService (GrpcServerProtocolService.java:lambda$onCompleted$5(159)) - s2: Completed APPEND_ENTRIES, lastReply: null
2023-12-13 16:20:36,015 [s1-impl-thread1] INFO  server.RaftServer$Division (ServerState.java:close(423)) - s1@group-F16E4F468C1D: applyIndex: 2
2023-12-13 16:20:36,015 [grpc-default-executor-1] INFO  server.GrpcServerProtocolService (GrpcServerProtocolService.java:lambda$onCompleted$5(159)) - s1: Completed APPEND_ENTRIES, lastReply: serverReply {
  requestorId: "s0"
  replyId: "s1"
  raftGroupId {
    id: "B\215\f\367W\253K\036\212\262\361nOF\214\035"
  }
  callId: 9
  success: true
}
term: 2
nextIndex: 3
followerCommit: 2
matchIndex: 18446744073709551615
isHearbeat: true

2023-12-13 16:20:36,014 [MiniRaftCluster-5] INFO  server.GrpcService (GrpcService.java:closeImpl(311)) - s2: shutdown server GrpcServerProtocolService now
2023-12-13 16:20:36,014 [s2-impl-thread1] INFO  server.RaftServer$Division (RaftServerImpl.java:lambda$close$3(516)) - s2@group-F16E4F468C1D: shutdown
2023-12-13 16:20:36,016 [s2-impl-thread1] INFO  util.JmxRegister (JmxRegister.java:unregister(73)) - Successfully un-registered JMX Bean with object name Ratis:service=RaftServer,group=group-F16E4F468C1D,id=s2
2023-12-13 16:20:36,016 [s2-impl-thread1] INFO  impl.RoleInfo (RoleInfo.java:shutdownFollowerState(110)) - s2: shutdown s2@group-F16E4F468C1D-FollowerState
2023-12-13 16:20:36,016 [grpc-default-executor-1] INFO  server.GrpcLogAppender (GrpcLogAppender.java:onCompleted(534)) - s0@group-F16E4F468C1D->s2-AppendLogResponseHandler: follower responses appendEntries COMPLETED
2023-12-13 16:20:36,016 [s2-impl-thread1] INFO  impl.StateMachineUpdater (StateMachineUpdater.java:stopAndJoin(157)) - s2@group-F16E4F468C1D-StateMachineUpdater: set stopIndex = 2
2023-12-13 16:20:36,015 [grpc-default-executor-2] INFO  server.GrpcServerProtocolService (GrpcServerProtocolService.java:lambda$onCompleted$5(159)) - s2: Completed APPEND_ENTRIES, lastReply: serverReply {
  requestorId: "s0"
  replyId: "s2"
  raftGroupId {
    id: "B\215\f\367W\253K\036\212\262\361nOF\214\035"
  }
  callId: 9
  success: true
}
term: 2
nextIndex: 3
followerCommit: 2
matchIndex: 18446744073709551615
isHearbeat: true

2023-12-13 16:20:36,015 [grpc-default-executor-3] INFO  server.GrpcServerProtocolService (GrpcServerProtocolService.java:onCompleted(157)) - s1: Completed APPEND_ENTRIES, lastRequest: s0->s1#2-t2,previous=(t:2, i:1),leaderCommit=1,initializing? false,entries: size=1, first=(t:2, i:2), METADATAENTRY(c:1)
2023-12-13 16:20:36,016 [grpc-default-executor-3] INFO  server.GrpcServerProtocolService (GrpcServerProtocolService.java:lambda$onCompleted$5(159)) - s1: Completed APPEND_ENTRIES, lastReply: null
2023-12-13 16:20:36,016 [s2-impl-thread1] INFO  server.RaftServer$Division (ServerState.java:close(423)) - s2@group-F16E4F468C1D: applyIndex: 2
2023-12-13 16:20:36,017 [s1@group-F16E4F468C1D-cacheEviction-AwaitToRun] INFO  util.AwaitToRun (AwaitToRun.java:run(49)) - s1@group-F16E4F468C1D-cacheEviction-AwaitToRun-AwaitForSignal is interrupted
2023-12-13 16:20:36,017 [s2@group-F16E4F468C1D-FollowerState] INFO  impl.FollowerState (FollowerState.java:run(152)) - s2@group-F16E4F468C1D-FollowerState was interrupted
2023-12-13 16:20:36,017 [s2@group-F16E4F468C1D-cacheEviction-AwaitToRun] INFO  util.AwaitToRun (AwaitToRun.java:run(49)) - s2@group-F16E4F468C1D-cacheEviction-AwaitToRun-AwaitForSignal is interrupted
2023-12-13 16:20:36,017 [grpc-default-executor-3] INFO  server.GrpcLogAppender (GrpcLogAppender.java:onCompleted(534)) - s0@group-F16E4F468C1D->s1-AppendLogResponseHandler: follower responses appendEntries COMPLETED
2023-12-13 16:20:36,018 [grpc-default-executor-0] INFO  server.GrpcLogAppender (GrpcLogAppender.java:onCompleted(534)) - s0@group-F16E4F468C1D->s1-AppendLogResponseHandler: follower responses appendEntries COMPLETED
2023-12-13 16:20:36,014 [s0-impl-thread1] INFO  impl.PendingRequests (PendingRequests.java:sendNotLeaderResponses(289)) - s0@group-F16E4F468C1D-PendingRequests: sendNotLeaderResponses
2023-12-13 16:20:36,019 [Thread-123] INFO  server.GrpcServerProtocolClient (GrpcServerProtocolClient.java:close(103)) - s1 Close channels
2023-12-13 16:20:36,019 [grpc-default-executor-1] INFO  server.GrpcLogAppender (GrpcLogAppender.java:onError(523)) - s0@group-F16E4F468C1D->s2-GrpcLogAppender is already stopped
2023-12-13 16:20:36,020 [MiniRaftCluster-5] INFO  server.GrpcService (GrpcService.java:closeImpl(320)) - s2: shutdown server GrpcServerProtocolService successfully
2023-12-13 16:20:36,020 [Thread-124] INFO  server.GrpcServerProtocolClient (GrpcServerProtocolClient.java:close(103)) - s2 Close channels
2023-12-13 16:20:36,022 [s0-impl-thread1] INFO  impl.StateMachineUpdater (StateMachineUpdater.java:stopAndJoin(157)) - s0@group-F16E4F468C1D-StateMachineUpdater: set stopIndex = 2
2023-12-13 16:20:36,022 [MiniRaftCluster-3] INFO  server.GrpcService (GrpcService.java:closeImpl(320)) - s0: shutdown server GrpcServerProtocolService successfully
2023-12-13 16:20:36,022 [MiniRaftCluster-4] INFO  server.GrpcService (GrpcService.java:closeImpl(320)) - s1: shutdown server GrpcServerProtocolService successfully
2023-12-13 16:20:36,022 [s0-impl-thread1] INFO  server.RaftServer$Division (ServerState.java:close(423)) - s0@group-F16E4F468C1D: applyIndex: 2
2023-12-13 16:20:36,023 [s0@group-F16E4F468C1D-cacheEviction-AwaitToRun] INFO  util.AwaitToRun (AwaitToRun.java:run(49)) - s0@group-F16E4F468C1D-cacheEviction-AwaitToRun-AwaitForSignal is interrupted
2023-12-13 16:20:36,083 [Timer-1] INFO  impl.MiniRaftCluster (MiniRaftCluster.java:lambda$start$6(349)) - TIMED-PRINT: printing ALL groups
  s0:  CLOSING    LEADER s0@group-F16E4F468C1D:t2, leader=s0, voted=s0, raftlog=Memoized:s0@group-F16E4F468C1D-SegmentedRaftLog:CLOSED:c2, conf=1: peers:[s0|0.0.0.0:33275, s1|0.0.0.0:35089, s2|0.0.0.0:43627]|listeners:[], old=null CLOSING
  s1:  CLOSING  FOLLOWER s1@group-F16E4F468C1D:t2, leader=s0, voted=s0, raftlog=Memoized:s1@group-F16E4F468C1D-SegmentedRaftLog:CLOSED:c2, conf=1: peers:[s0|0.0.0.0:33275, s1|0.0.0.0:35089, s2|0.0.0.0:43627]|listeners:[], old=null CLOSING
  s2:  CLOSING  FOLLOWER s2@group-F16E4F468C1D:t2, leader=s0, voted=s0, raftlog=Memoized:s2@group-F16E4F468C1D-SegmentedRaftLog:CLOSED:c2, conf=1: peers:[s0|0.0.0.0:33275, s1|0.0.0.0:35089, s2|0.0.0.0:43627]|listeners:[], old=null CLOSING
2023-12-13 16:20:36,650 [s0-impl-thread1] INFO  segmented.SegmentedRaftLogWorker (SegmentedRaftLogWorker.java:close(245)) - s0@group-F16E4F468C1D-SegmentedRaftLogWorker close()
2023-12-13 16:20:36,651 [JvmPauseMonitor5] INFO  util.JvmPauseMonitor (JvmPauseMonitor.java:run(152)) - JvmPauseMonitor-s0: Stopped
2023-12-13 16:20:36,652 [s2-impl-thread1] INFO  segmented.SegmentedRaftLogWorker (SegmentedRaftLogWorker.java:close(245)) - s2@group-F16E4F468C1D-SegmentedRaftLogWorker close()
2023-12-13 16:20:36,653 [JvmPauseMonitor7] INFO  util.JvmPauseMonitor (JvmPauseMonitor.java:run(152)) - JvmPauseMonitor-s2: Stopped
2023-12-13 16:20:36,655 [s1-impl-thread1] INFO  segmented.SegmentedRaftLogWorker (SegmentedRaftLogWorker.java:close(245)) - s1@group-F16E4F468C1D-SegmentedRaftLogWorker close()
2023-12-13 16:20:36,656 [JvmPauseMonitor6] INFO  util.JvmPauseMonitor (JvmPauseMonitor.java:run(152)) - JvmPauseMonitor-s1: Stopped
2023-12-13 16:20:36,656 [Time-limited test] INFO  impl.MiniRaftCluster (MiniRaftCluster.java:shutdown(855)) - MiniRaftClusterWithGrpc shutdown completed
]]></system-out>
  </testcase>
  <testcase name="testGroupRemoveWhenRename" classname="org.apache.ratis.grpc.TestGroupManagementWithGrpc" time="3.026">
    <system-out><![CDATA[2023-12-13 16:20:36,657 [main] INFO  util.LogUtils (Slf4jUtils.java:setLogLevel(38)) - Successfully set org.apache.ratis.conf.ConfUtils log level to WARN
2023-12-13 16:20:36,657 [main] INFO  util.LogUtils (Slf4jUtils.java:setLogLevel(38)) - Successfully set org.apache.ratis.util.FileUtils log level to TRACE
2023-12-13 16:20:36,657 [main] INFO  util.LogUtils (Slf4jUtils.java:setLogLevel(38)) - Successfully set org.apache.ratis.server.RaftServer log level to DEBUG
2023-12-13 16:20:36,657 [main] INFO  util.LogUtils (Slf4jUtils.java:setLogLevel(38)) - Successfully set org.apache.ratis.server.RaftServer$Division log level to DEBUG
2023-12-13 16:20:36,657 [main] INFO  util.LogUtils (Slf4jUtils.java:setLogLevel(38)) - Successfully set org.apache.ratis.client.RaftClient log level to DEBUG
2023-12-13 16:20:36,658 [Time-limited test] INFO  impl.MiniRaftCluster (MiniRaftCluster.java:<init>(306)) - new MiniRaftClusterWithGrpc with group-F66D6FBC55B5:[s0|localhost:34587]
2023-12-13 16:20:36,659 [Time-limited test] INFO  impl.MiniRaftCluster (MiniRaftCluster.java:<init>(306)) - new MiniRaftClusterWithGrpc with group-BE56E8F2B806:[s0|localhost:42567, s1|localhost:33747, s2|localhost:36201]
2023-12-13 16:20:36,659 [Time-limited test] INFO  impl.MiniRaftCluster (MiniRaftCluster.java:start(339)) - .............................................................. 
2023-12-13 16:20:36,659 [Time-limited test] INFO  impl.MiniRaftCluster (MiniRaftCluster.java:start(340)) - ... 
2023-12-13 16:20:36,659 [Time-limited test] INFO  impl.MiniRaftCluster (MiniRaftCluster.java:start(341)) - ...     Starting MiniRaftClusterWithGrpc
2023-12-13 16:20:36,659 [Time-limited test] INFO  impl.MiniRaftCluster (MiniRaftCluster.java:start(342)) - ... 
2023-12-13 16:20:36,659 [Time-limited test] INFO  impl.MiniRaftCluster (MiniRaftCluster.java:start(343)) - .............................................................. 
2023-12-13 16:20:36,659 [Time-limited test] INFO  impl.MiniRaftCluster (MiniRaftCluster.java:initServers(318)) - servers = {}
2023-12-13 16:20:36,659 [Time-limited test] INFO  impl.MiniRaftCluster (MiniRaftCluster.java:newRaftServer(382)) - newRaftServer: s0, group-F66D6FBC55B5:[s0|localhost:34587], format? true
2023-12-13 16:20:36,659 [Time-limited test] TRACE util.FileUtils (FileUtils.java:deleteFully(305)) - deleteFully target/test/data/1e4ee837/MiniRaftClusterWithGrpcaa58b9f5/s0
2023-12-13 16:20:36,659 [Time-limited test] TRACE util.FileUtils (FileUtils.java:deleteFully(318)) - deleteFully: target/test/data/1e4ee837/MiniRaftClusterWithGrpcaa58b9f5/s0 does not exist.
2023-12-13 16:20:36,659 [Time-limited test] INFO  impl.MiniRaftCluster (MiniRaftCluster.java:newRaftServer(387)) - Formatted directory target/test/data/1e4ee837/MiniRaftClusterWithGrpcaa58b9f5/s0
2023-12-13 16:20:36,659 [Time-limited test] DEBUG server.RaftServer (ServerImplUtils.java:newRaftServer(51)) - newRaftServer: s0, group-F66D6FBC55B5:[s0|localhost:34587]
2023-12-13 16:20:36,659 [Time-limited test] INFO  server.RaftServer (ConfUtils.java:logGet(46)) - raft.rpc.type = GRPC (default)
2023-12-13 16:20:36,660 [Time-limited test] INFO  grpc.GrpcConfigKeys (ConfUtils.java:logFallback(53)) - raft.grpc.admin.host = null (fallback to raft.grpc.server.host)
2023-12-13 16:20:36,660 [Time-limited test] INFO  grpc.GrpcConfigKeys (ConfUtils.java:logGet(46)) - raft.grpc.admin.port = 42533 (custom)
2023-12-13 16:20:36,660 [Time-limited test] INFO  grpc.GrpcConfigKeys (ConfUtils.java:logFallback(53)) - raft.grpc.client.host = null (fallback to raft.grpc.server.host)
2023-12-13 16:20:36,660 [Time-limited test] INFO  grpc.GrpcConfigKeys (ConfUtils.java:logGet(46)) - raft.grpc.client.port = 38359 (custom)
2023-12-13 16:20:36,660 [Time-limited test] INFO  grpc.GrpcConfigKeys (ConfUtils.java:logGet(46)) - raft.grpc.server.host = null (default)
2023-12-13 16:20:36,660 [Time-limited test] INFO  grpc.GrpcConfigKeys (ConfUtils.java:logGet(46)) - raft.grpc.server.port = 34587 (custom)
2023-12-13 16:20:36,660 [Time-limited test] INFO  server.GrpcService (ConfUtils.java:logGet(46)) - raft.grpc.message.size.max = 64MB (=67108864) (default)
2023-12-13 16:20:36,660 [Time-limited test] INFO  server.RaftServerConfigKeys (ConfUtils.java:logGet(46)) - raft.server.log.appender.buffer.byte-limit = 4MB (=4194304) (default)
2023-12-13 16:20:36,660 [Time-limited test] INFO  server.GrpcService (ConfUtils.java:logGet(46)) - raft.grpc.flow.control.window = 1MB (=1048576) (default)
2023-12-13 16:20:36,660 [Time-limited test] INFO  server.RaftServerConfigKeys (ConfUtils.java:logGet(46)) - raft.server.rpc.request.timeout = 3000ms (default)
2023-12-13 16:20:36,660 [Time-limited test] INFO  grpc.GrpcConfigKeys (ConfUtils.java:logGet(46)) - raft.grpc.server.heartbeat.channel = true (default)
2023-12-13 16:20:36,660 [Time-limited test] INFO  grpc.GrpcConfigKeys (ConfUtils.java:logGet(46)) - raft.grpc.server.async.request.thread.pool.cached = true (default)
2023-12-13 16:20:36,660 [Time-limited test] INFO  grpc.GrpcConfigKeys (ConfUtils.java:logGet(46)) - raft.grpc.server.async.request.thread.pool.size = 32 (default)
2023-12-13 16:20:36,661 [Time-limited test] INFO  impl.DataStreamServerImpl (ConfUtils.java:logGet(46)) - raft.datastream.type = DISABLED (default)
2023-12-13 16:20:36,661 [Time-limited test] INFO  server.RaftServerConfigKeys (ConfUtils.java:logGet(46)) - raft.server.sleep.deviation.threshold = 300ms (default)
2023-12-13 16:20:36,661 [Time-limited test] INFO  server.RaftServerConfigKeys (ConfUtils.java:logGet(46)) - raft.server.close.threshold = 60s (default)
2023-12-13 16:20:36,661 [Time-limited test] INFO  server.RaftServerConfigKeys (ConfUtils.java:logGet(46)) - raft.server.leaderelection.leader.step-down.wait-time = 10s (default)
2023-12-13 16:20:36,661 [Time-limited test] INFO  server.RaftServerConfigKeys (ConfUtils.java:logGet(46)) - raft.server.storage.dir = [/home/runner/work/ratis/ratis/ratis-test/target/test/data/1e4ee837/MiniRaftClusterWithGrpcaa58b9f5/s0] (custom)
2023-12-13 16:20:36,662 [Time-limited test] INFO  server.RaftServerConfigKeys (ConfUtils.java:logGet(46)) - raft.server.threadpool.proxy.cached = true (default)
2023-12-13 16:20:36,662 [Time-limited test] INFO  server.RaftServerConfigKeys (ConfUtils.java:logGet(46)) - raft.server.threadpool.proxy.size = 0 (default)
2023-12-13 16:20:36,662 [Time-limited test] INFO  server.RaftServer (RaftServerProxy.java:addNew(100)) - s0: addNew group-F66D6FBC55B5:[s0|localhost:34587] returns group-F66D6FBC55B5:java.util.concurrent.CompletableFuture@73a39828[Not completed]
2023-12-13 16:20:36,662 [s0-groupManagement] INFO  server.RaftServer$Division (RaftServerImpl.java:<init>(256)) - s0: new RaftServerImpl for group-F66D6FBC55B5:[s0|localhost:34587] with BaseStateMachine:uninitialized
2023-12-13 16:20:36,662 [s0-groupManagement] INFO  server.RaftServerConfigKeys (ConfUtils.java:logGet(46)) - raft.server.rpc.timeout.min = 1500ms (custom)
2023-12-13 16:20:36,662 [s0-groupManagement] INFO  server.RaftServerConfigKeys (ConfUtils.java:logGet(46)) - raft.server.rpc.timeout.max = 2000ms (custom)
2023-12-13 16:20:36,662 [s0-groupManagement] INFO  server.RaftServerConfigKeys (ConfUtils.java:logGet(46)) - raft.server.rpc.sleep.time = 25ms (default)
2023-12-13 16:20:36,662 [s0-groupManagement] INFO  server.RaftServerConfigKeys (ConfUtils.java:logGet(46)) - raft.server.rpc.slowness.timeout = 60s (default)
2023-12-13 16:20:36,662 [s0-groupManagement] INFO  server.RaftServerConfigKeys (ConfUtils.java:logGet(46)) - raft.server.leaderelection.leader.step-down.wait-time = 10s (default)
2023-12-13 16:20:36,662 [s0-groupManagement] INFO  server.RaftServerConfigKeys (ConfUtils.java:logGet(46)) - raft.server.leaderelection.member.majority-add = false (default)
2023-12-13 16:20:36,662 [s0-groupManagement] INFO  server.RaftServerConfigKeys (ConfUtils.java:logGet(46)) - raft.server.sleep.deviation.threshold = 300ms (default)
2023-12-13 16:20:36,662 [s0-groupManagement] INFO  server.RaftServer$Division (ServerState.java:<init>(113)) - s0@group-F66D6FBC55B5: ConfigurationManager, init=-1: peers:[s0|localhost:34587]|listeners:[], old=null, confs=<EMPTY_MAP>
2023-12-13 16:20:36,662 [s0-groupManagement] INFO  server.RaftServerConfigKeys (ConfUtils.java:logGet(46)) - raft.server.notification.no-leader.timeout = 60s (default)
2023-12-13 16:20:36,662 [s0-groupManagement] INFO  server.RaftServerConfigKeys (ConfUtils.java:logGet(46)) - raft.server.read.timeout = 10s (default)
2023-12-13 16:20:36,662 [s0-groupManagement] INFO  server.RaftServerConfigKeys (ConfUtils.java:logGet(46)) - raft.server.retrycache.expirytime = 60s (default)
2023-12-13 16:20:36,662 [s0-groupManagement] INFO  server.RaftServerConfigKeys (ConfUtils.java:logGet(46)) - raft.server.retrycache.statistics.expirytime = 100ms (default)
2023-12-13 16:20:36,663 [s0-groupManagement] INFO  server.RaftServerConfigKeys (ConfUtils.java:logGet(46)) - raft.server.read.option = DEFAULT (default)
2023-12-13 16:20:36,663 [s0-groupManagement] INFO  server.RaftServerConfigKeys (ConfUtils.java:logGet(46)) - raft.server.read.read-after-write-consistent.write-index-cache.expiry-time = 60s (default)
2023-12-13 16:20:36,663 [s0-groupManagement] INFO  server.RaftServerConfigKeys (ConfUtils.java:logGet(46)) - raft.server.rpc.request.timeout = 3000ms (default)
2023-12-13 16:20:36,663 [s0-groupManagement] INFO  server.RaftServerConfigKeys (ConfUtils.java:logGet(46)) - raft.server.log.appender.install.snapshot.enabled = true (default)
2023-12-13 16:20:36,663 [s0-groupManagement] INFO  server.RaftServerConfigKeys (ConfUtils.java:logGet(46)) - raft.server.threadpool.server.cached = true (default)
2023-12-13 16:20:36,663 [s0-groupManagement] INFO  server.RaftServerConfigKeys (ConfUtils.java:logGet(46)) - raft.server.threadpool.server.size = 0 (default)
2023-12-13 16:20:36,663 [s0-groupManagement] INFO  server.RaftServerConfigKeys (ConfUtils.java:logGet(46)) - raft.server.threadpool.client.cached = true (default)
2023-12-13 16:20:36,663 [s0-groupManagement] INFO  server.RaftServerConfigKeys (ConfUtils.java:logGet(46)) - raft.server.threadpool.client.size = 0 (default)
2023-12-13 16:20:36,663 [s0-impl-thread1] INFO  server.RaftServerConfigKeys (ConfUtils.java:logGet(46)) - raft.server.storage.free-space.min = 0MB (=0) (default)
2023-12-13 16:20:36,664 [s0-impl-thread1] INFO  server.RaftServerConfigKeys (ConfUtils.java:logGet(46)) - raft.server.log.corruption.policy = EXCEPTION (default)
2023-12-13 16:20:36,664 [s0-impl-thread1] INFO  server.RaftServerConfigKeys (ConfUtils.java:logGet(46)) - raft.server.storage.dir = [/home/runner/work/ratis/ratis/ratis-test/target/test/data/1e4ee837/MiniRaftClusterWithGrpcaa58b9f5/s0] (custom)
2023-12-13 16:20:36,664 [s0-impl-thread1] INFO  storage.RaftStorageDirectory (RaftStorageDirectoryImpl.java:analyzeStorage(138)) - The storage directory /home/runner/work/ratis/ratis/ratis-test/target/test/data/1e4ee837/MiniRaftClusterWithGrpcaa58b9f5/s0/45e02447-6e7c-4304-85d3-f66d6fbc55b5 does not exist. Creating ...
2023-12-13 16:20:36,664 [s0-impl-thread1] TRACE util.FileUtils (LogUtils.java:runAndLog(49)) - Successfully ran Files.createDirectories /home/runner/work/ratis/ratis/ratis-test/target/test/data/1e4ee837/MiniRaftClusterWithGrpcaa58b9f5/s0/45e02447-6e7c-4304-85d3-f66d6fbc55b5
2023-12-13 16:20:36,665 [s0-impl-thread1] INFO  storage.RaftStorageDirectory (RaftStorageDirectoryImpl.java:tryLock(228)) - Lock on /home/runner/work/ratis/ratis/ratis-test/target/test/data/1e4ee837/MiniRaftClusterWithGrpcaa58b9f5/s0/45e02447-6e7c-4304-85d3-f66d6fbc55b5/in_use.lock acquired by nodename 10819@fv-az890-872
2023-12-13 16:20:36,665 [s0-impl-thread1] TRACE util.FileUtils (LogUtils.java:runAndLog(49)) - Successfully ran Files.createDirectories /home/runner/work/ratis/ratis/ratis-test/target/test/data/1e4ee837/MiniRaftClusterWithGrpcaa58b9f5/s0/45e02447-6e7c-4304-85d3-f66d6fbc55b5/current
2023-12-13 16:20:36,665 [s0-impl-thread1] TRACE util.FileUtils (LogUtils.java:runAndLog(49)) - Successfully ran Files.createDirectories /home/runner/work/ratis/ratis/ratis-test/target/test/data/1e4ee837/MiniRaftClusterWithGrpcaa58b9f5/s0/45e02447-6e7c-4304-85d3-f66d6fbc55b5/sm
2023-12-13 16:20:36,665 [s0-impl-thread1] TRACE util.FileUtils (LogUtils.java:supplyAndLog(69)) - Successfully supplied FileChannel.open /home/runner/work/ratis/ratis/ratis-test/target/test/data/1e4ee837/MiniRaftClusterWithGrpcaa58b9f5/s0/45e02447-6e7c-4304-85d3-f66d6fbc55b5/current/raft-meta.tmp with options [CREATE, WRITE]: sun.nio.ch.FileChannelImpl@3d55e819
2023-12-13 16:20:36,666 [s0-impl-thread1] TRACE util.FileUtils (LogUtils.java:runAndLog(49)) - Successfully ran Atomic Files.move /home/runner/work/ratis/ratis/ratis-test/target/test/data/1e4ee837/MiniRaftClusterWithGrpcaa58b9f5/s0/45e02447-6e7c-4304-85d3-f66d6fbc55b5/current/raft-meta.tmp to /home/runner/work/ratis/ratis/ratis-test/target/test/data/1e4ee837/MiniRaftClusterWithGrpcaa58b9f5/s0/45e02447-6e7c-4304-85d3-f66d6fbc55b5/current/raft-meta with options [REPLACE_EXISTING]
2023-12-13 16:20:36,666 [s0-impl-thread1] INFO  storage.RaftStorage (RaftStorageImpl.java:format(99)) - Storage directory /home/runner/work/ratis/ratis/ratis-test/target/test/data/1e4ee837/MiniRaftClusterWithGrpcaa58b9f5/s0/45e02447-6e7c-4304-85d3-f66d6fbc55b5 has been successfully formatted.
2023-12-13 16:20:36,666 [s0-impl-thread1] TRACE util.FileUtils (LogUtils.java:supplyAndLog(61)) - Failed to Files.newInputStream /home/runner/work/ratis/ratis/ratis-test/target/test/data/1e4ee837/MiniRaftClusterWithGrpcaa58b9f5/s0/45e02447-6e7c-4304-85d3-f66d6fbc55b5/current/raft-meta.conf with options []
java.nio.file.NoSuchFileException: /home/runner/work/ratis/ratis/ratis-test/target/test/data/1e4ee837/MiniRaftClusterWithGrpcaa58b9f5/s0/45e02447-6e7c-4304-85d3-f66d6fbc55b5/current/raft-meta.conf
	at java.base/sun.nio.fs.UnixException.translateToIOException(UnixException.java:92)
	at java.base/sun.nio.fs.UnixException.rethrowAsIOException(UnixException.java:111)
	at java.base/sun.nio.fs.UnixException.rethrowAsIOException(UnixException.java:116)
	at java.base/sun.nio.fs.UnixFileSystemProvider.newByteChannel(UnixFileSystemProvider.java:219)
	at java.base/java.nio.file.Files.newByteChannel(Files.java:371)
	at java.base/java.nio.file.Files.newByteChannel(Files.java:422)
	at java.base/java.nio.file.spi.FileSystemProvider.newInputStream(FileSystemProvider.java:420)
	at java.base/java.nio.file.Files.newInputStream(Files.java:156)
	at org.apache.ratis.util.FileUtils.lambda$newInputStream$2(FileUtils.java:73)
	at org.apache.ratis.util.LogUtils.supplyAndLog(LogUtils.java:58)
	at org.apache.ratis.util.FileUtils.newInputStream(FileUtils.java:72)
	at org.apache.ratis.util.FileUtils.newInputStream(FileUtils.java:68)
	at org.apache.ratis.server.storage.RaftStorageImpl.readRaftConfiguration(RaftStorageImpl.java:156)
	at org.apache.ratis.server.impl.ServerState.initialize(ServerState.java:141)
	at org.apache.ratis.server.impl.RaftServerImpl.start(RaftServerImpl.java:388)
	at org.apache.ratis.util.ConcurrentUtils.accept(ConcurrentUtils.java:203)
	at org.apache.ratis.util.ConcurrentUtils.lambda$parallelForEachAsync$4(ConcurrentUtils.java:182)
	at java.base/java.util.concurrent.ThreadPoolExecutor.runWorker(ThreadPoolExecutor.java:1128)
	at java.base/java.util.concurrent.ThreadPoolExecutor$Worker.run(ThreadPoolExecutor.java:628)
	at java.base/java.lang.Thread.run(Thread.java:829)
2023-12-13 16:20:36,666 [s0-impl-thread1] INFO  server.RaftServerConfigKeys (ConfUtils.java:logGet(46)) - raft.server.log.use.memory = false (default)
2023-12-13 16:20:36,666 [s0-impl-thread1] INFO  server.RaftServerConfigKeys (ConfUtils.java:logGet(46)) - raft.server.log.purge.gap = 1024 (default)
2023-12-13 16:20:36,666 [s0-impl-thread1] INFO  server.RaftServerConfigKeys (ConfUtils.java:logGet(46)) - raft.server.log.appender.buffer.byte-limit = 4MB (=4194304) (default)
2023-12-13 16:20:36,667 [s0-impl-thread1] INFO  server.RaftServerConfigKeys (ConfUtils.java:logGet(46)) - raft.server.log.statemachine.data.read.timeout = 1000ms (default)
2023-12-13 16:20:36,667 [s0-impl-thread1] INFO  server.RaftServerConfigKeys (ConfUtils.java:logGet(46)) - raft.server.log.purge.preservation.log.num = 0 (default)
2023-12-13 16:20:36,667 [s0-impl-thread1] INFO  server.RaftServerConfigKeys (ConfUtils.java:logGet(46)) - raft.server.log.segment.size.max = 32MB (=33554432) (default)
2023-12-13 16:20:36,667 [s0-impl-thread1] INFO  server.RaftServerConfigKeys (ConfUtils.java:logGet(46)) - raft.server.log.segment.cache.num.max = 6 (default)
2023-12-13 16:20:36,667 [s0-impl-thread1] INFO  server.RaftServerConfigKeys (ConfUtils.java:logGet(46)) - raft.server.log.segment.cache.size.max = 200MB (=209715200) (default)
2023-12-13 16:20:36,667 [s0-impl-thread1] INFO  server.RaftServerConfigKeys (ConfUtils.java:logGet(46)) - raft.server.log.appender.buffer.byte-limit = 4MB (=4194304) (default)
2023-12-13 16:20:36,667 [s0-impl-thread1] INFO  util.AwaitToRun (AwaitToRun.java:start(81)) - Thread[s0@group-F66D6FBC55B5-cacheEviction-AwaitToRun,5,main] started
2023-12-13 16:20:36,667 [s0-impl-thread1] INFO  segmented.SegmentedRaftLogWorker (SegmentedRaftLogWorker.java:<init>(182)) - new s0@group-F66D6FBC55B5-SegmentedRaftLogWorker for RaftStorageImpl:Storage Directory /home/runner/work/ratis/ratis/ratis-test/target/test/data/1e4ee837/MiniRaftClusterWithGrpcaa58b9f5/s0/45e02447-6e7c-4304-85d3-f66d6fbc55b5
2023-12-13 16:20:36,667 [s0-impl-thread1] INFO  server.RaftServerConfigKeys (ConfUtils.java:logGet(46)) - raft.server.log.queue.byte-limit = 64MB (=67108864) (default)
2023-12-13 16:20:36,667 [s0-impl-thread1] INFO  server.RaftServerConfigKeys (ConfUtils.java:logGet(46)) - raft.server.log.queue.element-limit = 4096 (default)
2023-12-13 16:20:36,667 [s0-impl-thread1] INFO  server.RaftServerConfigKeys (ConfUtils.java:logGet(46)) - raft.server.log.segment.size.max = 32MB (=33554432) (default)
2023-12-13 16:20:36,667 [s0-impl-thread1] INFO  server.RaftServerConfigKeys (ConfUtils.java:logGet(46)) - raft.server.log.preallocated.size = 4MB (=4194304) (default)
2023-12-13 16:20:36,667 [s0-impl-thread1] INFO  server.RaftServerConfigKeys (ConfUtils.java:logGet(46)) - raft.server.log.force.sync.num = 128 (default)
2023-12-13 16:20:36,667 [s0-impl-thread1] INFO  server.RaftServerConfigKeys (ConfUtils.java:logGet(46)) - raft.server.log.statemachine.data.sync = true (default)
2023-12-13 16:20:36,667 [s0-impl-thread1] INFO  server.RaftServerConfigKeys (ConfUtils.java:logGet(46)) - raft.server.log.statemachine.data.sync.timeout = 10s (default)
2023-12-13 16:20:36,667 [s0-impl-thread1] INFO  server.RaftServerConfigKeys (ConfUtils.java:logGet(46)) - raft.server.log.statemachine.data.sync.timeout.retry = -1 (default)
2023-12-13 16:20:36,668 [s0-impl-thread1] INFO  server.RaftServerConfigKeys (ConfUtils.java:logGet(46)) - raft.server.log.write.buffer.size = 8MB (=8388608) (default)
2023-12-13 16:20:36,669 [s0-impl-thread1] INFO  server.RaftServerConfigKeys (ConfUtils.java:logGet(46)) - raft.server.log.appender.buffer.byte-limit = 4MB (=4194304) (default)
2023-12-13 16:20:36,669 [s0-impl-thread1] INFO  server.RaftServerConfigKeys (ConfUtils.java:logGet(46)) - raft.server.log.unsafe-flush.enabled = false (default)
2023-12-13 16:20:36,669 [s0-impl-thread1] INFO  server.RaftServerConfigKeys (ConfUtils.java:logGet(46)) - raft.server.log.async-flush.enabled = false (default)
2023-12-13 16:20:36,669 [s0-impl-thread1] INFO  server.RaftServerConfigKeys (ConfUtils.java:logGet(46)) - raft.server.log.statemachine.data.caching.enabled = false (default)
2023-12-13 16:20:36,669 [s0-impl-thread1] INFO  segmented.SegmentedRaftLogWorker (SegmentedRaftLogWorker.java:lambda$new$0(134)) - s0@group-F66D6FBC55B5-SegmentedRaftLogWorker: flushIndex: setUnconditionally 0 -> -1
2023-12-13 16:20:36,669 [s0-impl-thread1] INFO  segmented.SegmentedRaftLogWorker (SegmentedRaftLogWorker.java:lambda$new$0(134)) - s0@group-F66D6FBC55B5-SegmentedRaftLogWorker: safeCacheEvictIndex: setUnconditionally 0 -> -1
2023-12-13 16:20:36,669 [s0-impl-thread1] INFO  server.RaftServer$Division (RaftServerImpl.java:start(392)) - s0@group-F66D6FBC55B5: start as a follower, conf=-1: peers:[s0|localhost:34587]|listeners:[], old=null
2023-12-13 16:20:36,669 [s0-impl-thread1] INFO  server.RaftServer$Division (RaftServerImpl.java:setRole(379)) - s0@group-F66D6FBC55B5: changes role from      null to FOLLOWER at term 0 for startAsFollower
2023-12-13 16:20:36,669 [s0-impl-thread1] INFO  impl.RoleInfo (RoleInfo.java:updateAndGet(139)) - s0: start s0@group-F66D6FBC55B5-FollowerState
2023-12-13 16:20:36,670 [s0@group-F66D6FBC55B5-FollowerState] INFO  server.RaftServerConfigKeys (ConfUtils.java:logFallback(53)) - raft.server.rpc.first-election.timeout.min = 1500ms (fallback to raft.server.rpc.timeout.min)
2023-12-13 16:20:36,670 [s0-impl-thread1] INFO  util.JmxRegister (JmxRegister.java:tryRegister(44)) - Successfully registered JMX Bean with object name Ratis:service=RaftServer,group=group-F66D6FBC55B5,id=s0
2023-12-13 16:20:36,670 [s0@group-F66D6FBC55B5-FollowerState] INFO  server.RaftServerConfigKeys (ConfUtils.java:logFallback(53)) - raft.server.rpc.first-election.timeout.max = 2000ms (fallback to raft.server.rpc.timeout.max)
2023-12-13 16:20:36,670 [s0-impl-thread1] INFO  server.RaftServerConfigKeys (ConfUtils.java:logGet(46)) - raft.server.snapshot.trigger-when-stop.enabled = true (default)
2023-12-13 16:20:36,670 [s0-impl-thread1] INFO  server.RaftServerConfigKeys (ConfUtils.java:logGet(46)) - raft.server.snapshot.auto.trigger.enabled = false (default)
2023-12-13 16:20:36,670 [s0-impl-thread1] INFO  server.RaftServerConfigKeys (ConfUtils.java:logGet(46)) - raft.server.snapshot.retention.file.num = -1 (default)
2023-12-13 16:20:36,670 [s0-impl-thread1] INFO  server.RaftServerConfigKeys (ConfUtils.java:logGet(46)) - raft.server.log.purge.upto.snapshot.index = false (default)
2023-12-13 16:20:36,670 [Time-limited test] INFO  server.RaftServer (RaftServerProxy.java:startImpl(406)) - s0: start RPC server
2023-12-13 16:20:36,671 [Time-limited test] INFO  server.GrpcService (GrpcService.java:startImpl(302)) - s0: GrpcService started, listening on 38359
2023-12-13 16:20:36,671 [Time-limited test] INFO  server.GrpcService (GrpcService.java:startImpl(302)) - s0: GrpcService started, listening on 34587
2023-12-13 16:20:36,672 [Time-limited test] INFO  server.GrpcService (GrpcService.java:startImpl(302)) - s0: GrpcService started, listening on 42533
2023-12-13 16:20:36,672 [JvmPauseMonitor8] INFO  util.JvmPauseMonitor (JvmPauseMonitor.java:run(146)) - JvmPauseMonitor-s0: Started
2023-12-13 16:20:36,672 [Time-limited test] DEBUG client.RaftClient (ConfUtils.java:logGet(46)) - raft.rpc.type = GRPC (default)
2023-12-13 16:20:36,677 [grpc-default-executor-2] INFO  server.RaftServer (RaftServerProxy.java:addNew(100)) - s0: addNew group-BE56E8F2B806:[s0|0.0.0.0:34587] returns group-BE56E8F2B806:java.util.concurrent.CompletableFuture@74dfa320[Not completed]
2023-12-13 16:20:36,677 [s0-groupManagement] INFO  server.RaftServer$Division (RaftServerImpl.java:<init>(256)) - s0: new RaftServerImpl for group-BE56E8F2B806:[s0|0.0.0.0:34587] with BaseStateMachine:uninitialized
2023-12-13 16:20:36,677 [s0-groupManagement] INFO  server.RaftServerConfigKeys (ConfUtils.java:logGet(46)) - raft.server.rpc.timeout.min = 1500ms (custom)
2023-12-13 16:20:36,677 [s0-groupManagement] INFO  server.RaftServerConfigKeys (ConfUtils.java:logGet(46)) - raft.server.rpc.timeout.max = 2000ms (custom)
2023-12-13 16:20:36,677 [s0-groupManagement] INFO  server.RaftServerConfigKeys (ConfUtils.java:logGet(46)) - raft.server.rpc.sleep.time = 25ms (default)
2023-12-13 16:20:36,677 [s0-groupManagement] INFO  server.RaftServerConfigKeys (ConfUtils.java:logGet(46)) - raft.server.rpc.slowness.timeout = 60s (default)
2023-12-13 16:20:36,677 [s0-groupManagement] INFO  server.RaftServerConfigKeys (ConfUtils.java:logGet(46)) - raft.server.leaderelection.leader.step-down.wait-time = 10s (default)
2023-12-13 16:20:36,678 [s0-groupManagement] INFO  server.RaftServerConfigKeys (ConfUtils.java:logGet(46)) - raft.server.leaderelection.member.majority-add = false (default)
2023-12-13 16:20:36,678 [s0-groupManagement] INFO  server.RaftServerConfigKeys (ConfUtils.java:logGet(46)) - raft.server.sleep.deviation.threshold = 300ms (default)
2023-12-13 16:20:36,678 [s0-groupManagement] INFO  server.RaftServer$Division (ServerState.java:<init>(113)) - s0@group-BE56E8F2B806: ConfigurationManager, init=-1: peers:[s0|0.0.0.0:34587]|listeners:[], old=null, confs=<EMPTY_MAP>
2023-12-13 16:20:36,678 [s0-groupManagement] INFO  server.RaftServerConfigKeys (ConfUtils.java:logGet(46)) - raft.server.notification.no-leader.timeout = 60s (default)
2023-12-13 16:20:36,678 [s0-groupManagement] INFO  server.RaftServerConfigKeys (ConfUtils.java:logGet(46)) - raft.server.read.timeout = 10s (default)
2023-12-13 16:20:36,678 [s0-groupManagement] INFO  server.RaftServerConfigKeys (ConfUtils.java:logGet(46)) - raft.server.retrycache.expirytime = 60s (default)
2023-12-13 16:20:36,678 [s0-groupManagement] INFO  server.RaftServerConfigKeys (ConfUtils.java:logGet(46)) - raft.server.retrycache.statistics.expirytime = 100ms (default)
2023-12-13 16:20:36,678 [s0-groupManagement] INFO  server.RaftServerConfigKeys (ConfUtils.java:logGet(46)) - raft.server.read.option = DEFAULT (default)
2023-12-13 16:20:36,678 [s0-groupManagement] INFO  server.RaftServerConfigKeys (ConfUtils.java:logGet(46)) - raft.server.read.read-after-write-consistent.write-index-cache.expiry-time = 60s (default)
2023-12-13 16:20:36,679 [s0-groupManagement] INFO  server.RaftServerConfigKeys (ConfUtils.java:logGet(46)) - raft.server.rpc.request.timeout = 3000ms (default)
2023-12-13 16:20:36,679 [s0-groupManagement] INFO  server.RaftServerConfigKeys (ConfUtils.java:logGet(46)) - raft.server.log.appender.install.snapshot.enabled = true (default)
2023-12-13 16:20:36,679 [s0-groupManagement] INFO  server.RaftServerConfigKeys (ConfUtils.java:logGet(46)) - raft.server.threadpool.server.cached = true (default)
2023-12-13 16:20:36,679 [s0-groupManagement] INFO  server.RaftServerConfigKeys (ConfUtils.java:logGet(46)) - raft.server.threadpool.server.size = 0 (default)
2023-12-13 16:20:36,679 [s0-groupManagement] INFO  server.RaftServerConfigKeys (ConfUtils.java:logGet(46)) - raft.server.threadpool.client.cached = true (default)
2023-12-13 16:20:36,679 [s0-groupManagement] INFO  server.RaftServerConfigKeys (ConfUtils.java:logGet(46)) - raft.server.threadpool.client.size = 0 (default)
2023-12-13 16:20:36,679 [s0-groupManagement] DEBUG server.RaftServer (RaftServerProxy.java:lambda$groupAddAsync$13(507)) - s0: newImpl =      null s0@group-BE56E8F2B806:t0, leader=null, voted=null, raftlog=UNINITIALIZED, conf=-1: peers:[s0|0.0.0.0:34587]|listeners:[], old=null NEW
2023-12-13 16:20:36,679 [s0-groupManagement] INFO  server.RaftServerConfigKeys (ConfUtils.java:logGet(46)) - raft.server.storage.free-space.min = 0MB (=0) (default)
2023-12-13 16:20:36,679 [s0-groupManagement] INFO  server.RaftServerConfigKeys (ConfUtils.java:logGet(46)) - raft.server.log.corruption.policy = EXCEPTION (default)
2023-12-13 16:20:36,680 [s0-groupManagement] INFO  server.RaftServerConfigKeys (ConfUtils.java:logGet(46)) - raft.server.storage.dir = [/home/runner/work/ratis/ratis/ratis-test/target/test/data/1e4ee837/MiniRaftClusterWithGrpcaa58b9f5/s0] (custom)
2023-12-13 16:20:36,680 [s0-groupManagement] INFO  storage.RaftStorageDirectory (RaftStorageDirectoryImpl.java:analyzeStorage(138)) - The storage directory /home/runner/work/ratis/ratis/ratis-test/target/test/data/1e4ee837/MiniRaftClusterWithGrpcaa58b9f5/s0/b79e24fb-5a64-47e2-b289-be56e8f2b806 does not exist. Creating ...
2023-12-13 16:20:36,680 [s0-groupManagement] TRACE util.FileUtils (LogUtils.java:runAndLog(49)) - Successfully ran Files.createDirectories /home/runner/work/ratis/ratis/ratis-test/target/test/data/1e4ee837/MiniRaftClusterWithGrpcaa58b9f5/s0/b79e24fb-5a64-47e2-b289-be56e8f2b806
2023-12-13 16:20:36,681 [s0-groupManagement] INFO  storage.RaftStorageDirectory (RaftStorageDirectoryImpl.java:tryLock(228)) - Lock on /home/runner/work/ratis/ratis/ratis-test/target/test/data/1e4ee837/MiniRaftClusterWithGrpcaa58b9f5/s0/b79e24fb-5a64-47e2-b289-be56e8f2b806/in_use.lock acquired by nodename 10819@fv-az890-872
2023-12-13 16:20:36,681 [s0-groupManagement] TRACE util.FileUtils (LogUtils.java:runAndLog(49)) - Successfully ran Files.createDirectories /home/runner/work/ratis/ratis/ratis-test/target/test/data/1e4ee837/MiniRaftClusterWithGrpcaa58b9f5/s0/b79e24fb-5a64-47e2-b289-be56e8f2b806/current
2023-12-13 16:20:36,681 [s0-groupManagement] TRACE util.FileUtils (LogUtils.java:runAndLog(49)) - Successfully ran Files.createDirectories /home/runner/work/ratis/ratis/ratis-test/target/test/data/1e4ee837/MiniRaftClusterWithGrpcaa58b9f5/s0/b79e24fb-5a64-47e2-b289-be56e8f2b806/sm
2023-12-13 16:20:36,681 [s0-groupManagement] TRACE util.FileUtils (LogUtils.java:supplyAndLog(69)) - Successfully supplied FileChannel.open /home/runner/work/ratis/ratis/ratis-test/target/test/data/1e4ee837/MiniRaftClusterWithGrpcaa58b9f5/s0/b79e24fb-5a64-47e2-b289-be56e8f2b806/current/raft-meta.tmp with options [CREATE, WRITE]: sun.nio.ch.FileChannelImpl@2a00c5
2023-12-13 16:20:36,682 [s0-groupManagement] TRACE util.FileUtils (LogUtils.java:runAndLog(49)) - Successfully ran Atomic Files.move /home/runner/work/ratis/ratis/ratis-test/target/test/data/1e4ee837/MiniRaftClusterWithGrpcaa58b9f5/s0/b79e24fb-5a64-47e2-b289-be56e8f2b806/current/raft-meta.tmp to /home/runner/work/ratis/ratis/ratis-test/target/test/data/1e4ee837/MiniRaftClusterWithGrpcaa58b9f5/s0/b79e24fb-5a64-47e2-b289-be56e8f2b806/current/raft-meta with options [REPLACE_EXISTING]
2023-12-13 16:20:36,682 [s0-groupManagement] INFO  storage.RaftStorage (RaftStorageImpl.java:format(99)) - Storage directory /home/runner/work/ratis/ratis/ratis-test/target/test/data/1e4ee837/MiniRaftClusterWithGrpcaa58b9f5/s0/b79e24fb-5a64-47e2-b289-be56e8f2b806 has been successfully formatted.
2023-12-13 16:20:36,682 [s0-groupManagement] TRACE util.FileUtils (LogUtils.java:supplyAndLog(61)) - Failed to Files.newInputStream /home/runner/work/ratis/ratis/ratis-test/target/test/data/1e4ee837/MiniRaftClusterWithGrpcaa58b9f5/s0/b79e24fb-5a64-47e2-b289-be56e8f2b806/current/raft-meta.conf with options []
java.nio.file.NoSuchFileException: /home/runner/work/ratis/ratis/ratis-test/target/test/data/1e4ee837/MiniRaftClusterWithGrpcaa58b9f5/s0/b79e24fb-5a64-47e2-b289-be56e8f2b806/current/raft-meta.conf
	at java.base/sun.nio.fs.UnixException.translateToIOException(UnixException.java:92)
	at java.base/sun.nio.fs.UnixException.rethrowAsIOException(UnixException.java:111)
	at java.base/sun.nio.fs.UnixException.rethrowAsIOException(UnixException.java:116)
	at java.base/sun.nio.fs.UnixFileSystemProvider.newByteChannel(UnixFileSystemProvider.java:219)
	at java.base/java.nio.file.Files.newByteChannel(Files.java:371)
	at java.base/java.nio.file.Files.newByteChannel(Files.java:422)
	at java.base/java.nio.file.spi.FileSystemProvider.newInputStream(FileSystemProvider.java:420)
	at java.base/java.nio.file.Files.newInputStream(Files.java:156)
	at org.apache.ratis.util.FileUtils.lambda$newInputStream$2(FileUtils.java:73)
	at org.apache.ratis.util.LogUtils.supplyAndLog(LogUtils.java:58)
	at org.apache.ratis.util.FileUtils.newInputStream(FileUtils.java:72)
	at org.apache.ratis.util.FileUtils.newInputStream(FileUtils.java:68)
	at org.apache.ratis.server.storage.RaftStorageImpl.readRaftConfiguration(RaftStorageImpl.java:156)
	at org.apache.ratis.server.impl.ServerState.initialize(ServerState.java:141)
	at org.apache.ratis.server.impl.RaftServerImpl.start(RaftServerImpl.java:388)
	at org.apache.ratis.server.impl.RaftServerProxy.lambda$groupAddAsync$13(RaftServerProxy.java:509)
	at java.base/java.util.concurrent.CompletableFuture$UniApply.tryFire(CompletableFuture.java:642)
	at java.base/java.util.concurrent.CompletableFuture$Completion.run(CompletableFuture.java:478)
	at java.base/java.util.concurrent.ThreadPoolExecutor.runWorker(ThreadPoolExecutor.java:1128)
	at java.base/java.util.concurrent.ThreadPoolExecutor$Worker.run(ThreadPoolExecutor.java:628)
	at java.base/java.lang.Thread.run(Thread.java:829)
2023-12-13 16:20:36,682 [s0-groupManagement] INFO  server.RaftServerConfigKeys (ConfUtils.java:logGet(46)) - raft.server.log.use.memory = false (default)
2023-12-13 16:20:36,682 [s0-groupManagement] INFO  server.RaftServerConfigKeys (ConfUtils.java:logGet(46)) - raft.server.log.purge.gap = 1024 (default)
2023-12-13 16:20:36,682 [s0-groupManagement] INFO  server.RaftServerConfigKeys (ConfUtils.java:logGet(46)) - raft.server.log.appender.buffer.byte-limit = 4MB (=4194304) (default)
2023-12-13 16:20:36,682 [s0-groupManagement] INFO  server.RaftServerConfigKeys (ConfUtils.java:logGet(46)) - raft.server.log.statemachine.data.read.timeout = 1000ms (default)
2023-12-13 16:20:36,682 [s0-groupManagement] INFO  server.RaftServerConfigKeys (ConfUtils.java:logGet(46)) - raft.server.log.purge.preservation.log.num = 0 (default)
2023-12-13 16:20:36,683 [s0-groupManagement] INFO  server.RaftServerConfigKeys (ConfUtils.java:logGet(46)) - raft.server.log.segment.size.max = 32MB (=33554432) (default)
2023-12-13 16:20:36,683 [s0-groupManagement] INFO  server.RaftServerConfigKeys (ConfUtils.java:logGet(46)) - raft.server.log.segment.cache.num.max = 6 (default)
2023-12-13 16:20:36,683 [s0-groupManagement] INFO  server.RaftServerConfigKeys (ConfUtils.java:logGet(46)) - raft.server.log.segment.cache.size.max = 200MB (=209715200) (default)
2023-12-13 16:20:36,683 [s0-groupManagement] INFO  server.RaftServerConfigKeys (ConfUtils.java:logGet(46)) - raft.server.log.appender.buffer.byte-limit = 4MB (=4194304) (default)
2023-12-13 16:20:36,683 [s0-groupManagement] INFO  util.AwaitToRun (AwaitToRun.java:start(81)) - Thread[s0@group-BE56E8F2B806-cacheEviction-AwaitToRun,5,main] started
2023-12-13 16:20:36,683 [s0-groupManagement] INFO  segmented.SegmentedRaftLogWorker (SegmentedRaftLogWorker.java:<init>(182)) - new s0@group-BE56E8F2B806-SegmentedRaftLogWorker for RaftStorageImpl:Storage Directory /home/runner/work/ratis/ratis/ratis-test/target/test/data/1e4ee837/MiniRaftClusterWithGrpcaa58b9f5/s0/b79e24fb-5a64-47e2-b289-be56e8f2b806
2023-12-13 16:20:36,683 [s0-groupManagement] INFO  server.RaftServerConfigKeys (ConfUtils.java:logGet(46)) - raft.server.log.queue.byte-limit = 64MB (=67108864) (default)
2023-12-13 16:20:36,683 [s0-groupManagement] INFO  server.RaftServerConfigKeys (ConfUtils.java:logGet(46)) - raft.server.log.queue.element-limit = 4096 (default)
2023-12-13 16:20:36,683 [s0-groupManagement] INFO  server.RaftServerConfigKeys (ConfUtils.java:logGet(46)) - raft.server.log.segment.size.max = 32MB (=33554432) (default)
2023-12-13 16:20:36,683 [s0-groupManagement] INFO  server.RaftServerConfigKeys (ConfUtils.java:logGet(46)) - raft.server.log.preallocated.size = 4MB (=4194304) (default)
2023-12-13 16:20:36,683 [s0-groupManagement] INFO  server.RaftServerConfigKeys (ConfUtils.java:logGet(46)) - raft.server.log.force.sync.num = 128 (default)
2023-12-13 16:20:36,683 [s0-groupManagement] INFO  server.RaftServerConfigKeys (ConfUtils.java:logGet(46)) - raft.server.log.statemachine.data.sync = true (default)
2023-12-13 16:20:36,683 [s0-groupManagement] INFO  server.RaftServerConfigKeys (ConfUtils.java:logGet(46)) - raft.server.log.statemachine.data.sync.timeout = 10s (default)
2023-12-13 16:20:36,683 [s0-groupManagement] INFO  server.RaftServerConfigKeys (ConfUtils.java:logGet(46)) - raft.server.log.statemachine.data.sync.timeout.retry = -1 (default)
2023-12-13 16:20:36,683 [s0-groupManagement] INFO  server.RaftServerConfigKeys (ConfUtils.java:logGet(46)) - raft.server.log.write.buffer.size = 8MB (=8388608) (default)
2023-12-13 16:20:36,685 [s0-groupManagement] INFO  server.RaftServerConfigKeys (ConfUtils.java:logGet(46)) - raft.server.log.appender.buffer.byte-limit = 4MB (=4194304) (default)
2023-12-13 16:20:36,685 [s0-groupManagement] INFO  server.RaftServerConfigKeys (ConfUtils.java:logGet(46)) - raft.server.log.unsafe-flush.enabled = false (default)
2023-12-13 16:20:36,685 [s0-groupManagement] INFO  server.RaftServerConfigKeys (ConfUtils.java:logGet(46)) - raft.server.log.async-flush.enabled = false (default)
2023-12-13 16:20:36,685 [s0-groupManagement] INFO  server.RaftServerConfigKeys (ConfUtils.java:logGet(46)) - raft.server.log.statemachine.data.caching.enabled = false (default)
2023-12-13 16:20:36,685 [s0-groupManagement] INFO  segmented.SegmentedRaftLogWorker (SegmentedRaftLogWorker.java:lambda$new$0(134)) - s0@group-BE56E8F2B806-SegmentedRaftLogWorker: flushIndex: setUnconditionally 0 -> -1
2023-12-13 16:20:36,685 [s0-groupManagement] INFO  segmented.SegmentedRaftLogWorker (SegmentedRaftLogWorker.java:lambda$new$0(134)) - s0@group-BE56E8F2B806-SegmentedRaftLogWorker: safeCacheEvictIndex: setUnconditionally 0 -> -1
2023-12-13 16:20:36,685 [s0-groupManagement] INFO  server.RaftServer$Division (RaftServerImpl.java:start(392)) - s0@group-BE56E8F2B806: start as a follower, conf=-1: peers:[s0|0.0.0.0:34587]|listeners:[], old=null
2023-12-13 16:20:36,685 [s0-groupManagement] INFO  server.RaftServer$Division (RaftServerImpl.java:setRole(379)) - s0@group-BE56E8F2B806: changes role from      null to FOLLOWER at term 0 for startAsFollower
2023-12-13 16:20:36,685 [s0-groupManagement] INFO  impl.RoleInfo (RoleInfo.java:updateAndGet(139)) - s0: start s0@group-BE56E8F2B806-FollowerState
2023-12-13 16:20:36,685 [s0@group-BE56E8F2B806-FollowerState] INFO  server.RaftServerConfigKeys (ConfUtils.java:logFallback(53)) - raft.server.rpc.first-election.timeout.min = 1500ms (fallback to raft.server.rpc.timeout.min)
2023-12-13 16:20:36,685 [s0-groupManagement] INFO  util.JmxRegister (JmxRegister.java:tryRegister(44)) - Successfully registered JMX Bean with object name Ratis:service=RaftServer,group=group-BE56E8F2B806,id=s0
2023-12-13 16:20:36,685 [s0@group-BE56E8F2B806-FollowerState] INFO  server.RaftServerConfigKeys (ConfUtils.java:logFallback(53)) - raft.server.rpc.first-election.timeout.max = 2000ms (fallback to raft.server.rpc.timeout.max)
2023-12-13 16:20:36,685 [s0-groupManagement] INFO  server.RaftServerConfigKeys (ConfUtils.java:logGet(46)) - raft.server.snapshot.trigger-when-stop.enabled = true (default)
2023-12-13 16:20:36,685 [s0-groupManagement] INFO  server.RaftServerConfigKeys (ConfUtils.java:logGet(46)) - raft.server.snapshot.auto.trigger.enabled = false (default)
2023-12-13 16:20:36,685 [s0-groupManagement] INFO  server.RaftServerConfigKeys (ConfUtils.java:logGet(46)) - raft.server.snapshot.retention.file.num = -1 (default)
2023-12-13 16:20:36,685 [s0-groupManagement] INFO  server.RaftServerConfigKeys (ConfUtils.java:logGet(46)) - raft.server.log.purge.upto.snapshot.index = false (default)
2023-12-13 16:20:36,689 [grpc-default-executor-2] INFO  server.RaftServer (RaftServerProxy.java:remove(111)) - s0: remove  FOLLOWER s0@group-BE56E8F2B806:t0, leader=null, voted=, raftlog=Memoized:s0@group-BE56E8F2B806-SegmentedRaftLog:OPENED:c-1, conf=-1: peers:[s0|0.0.0.0:34587]|listeners:[], old=null RUNNING
2023-12-13 16:20:36,689 [grpc-default-executor-2] INFO  server.RaftServer$Division (RaftServerImpl.java:lambda$close$3(516)) - s0@group-BE56E8F2B806: shutdown
2023-12-13 16:20:36,689 [grpc-default-executor-2] INFO  util.JmxRegister (JmxRegister.java:unregister(73)) - Successfully un-registered JMX Bean with object name Ratis:service=RaftServer,group=group-BE56E8F2B806,id=s0
2023-12-13 16:20:36,689 [grpc-default-executor-2] INFO  impl.RoleInfo (RoleInfo.java:shutdownFollowerState(110)) - s0: shutdown s0@group-BE56E8F2B806-FollowerState
2023-12-13 16:20:36,689 [grpc-default-executor-2] INFO  impl.StateMachineUpdater (StateMachineUpdater.java:stopAndJoin(157)) - s0@group-BE56E8F2B806-StateMachineUpdater: set stopIndex = -1
2023-12-13 16:20:36,689 [s0@group-BE56E8F2B806-FollowerState] INFO  impl.FollowerState (FollowerState.java:run(152)) - s0@group-BE56E8F2B806-FollowerState was interrupted
2023-12-13 16:20:36,690 [grpc-default-executor-2] INFO  server.RaftServer$Division (ServerState.java:close(423)) - s0@group-BE56E8F2B806: applyIndex: -1
2023-12-13 16:20:36,690 [s0@group-BE56E8F2B806-cacheEviction-AwaitToRun] INFO  util.AwaitToRun (AwaitToRun.java:run(49)) - s0@group-BE56E8F2B806-cacheEviction-AwaitToRun-AwaitForSignal is interrupted
2023-12-13 16:20:37,685 [grpc-default-executor-2] INFO  segmented.SegmentedRaftLogWorker (SegmentedRaftLogWorker.java:close(245)) - s0@group-BE56E8F2B806-SegmentedRaftLogWorker close()
2023-12-13 16:20:37,686 [grpc-default-executor-2] INFO  server.RaftServerConfigKeys (ConfUtils.java:logGet(46)) - raft.server.removed.groups.dir = /tmp/groups9258741198502408115 (custom)
2023-12-13 16:20:37,686 [grpc-default-executor-2] TRACE util.FileUtils (FileUtils.java:moveDirectory(217)) - moveDirectory source: /home/runner/work/ratis/ratis/ratis-test/target/test/data/1e4ee837/MiniRaftClusterWithGrpcaa58b9f5/s0/b79e24fb-5a64-47e2-b289-be56e8f2b806 dest: /tmp/groups9258741198502408115/b79e24fb-5a64-47e2-b289-be56e8f2b806
2023-12-13 16:20:37,686 [grpc-default-executor-2] TRACE util.FileUtils (LogUtils.java:runAndLog(49)) - Successfully ran Files.createDirectories /tmp/groups9258741198502408115/b79e24fb-5a64-47e2-b289-be56e8f2b806
2023-12-13 16:20:37,687 [grpc-default-executor-2] TRACE util.FileUtils (LogUtils.java:runAndLog(49)) - Successfully ran Files.createDirectories /tmp/groups9258741198502408115/b79e24fb-5a64-47e2-b289-be56e8f2b806/sm
2023-12-13 16:20:37,687 [grpc-default-executor-2] TRACE util.FileUtils (LogUtils.java:runAndLog(49)) - Successfully ran Atomic Files.move /home/runner/work/ratis/ratis/ratis-test/target/test/data/1e4ee837/MiniRaftClusterWithGrpcaa58b9f5/s0/b79e24fb-5a64-47e2-b289-be56e8f2b806/in_use.lock to /tmp/groups9258741198502408115/b79e24fb-5a64-47e2-b289-be56e8f2b806/in_use.lock
2023-12-13 16:20:37,687 [grpc-default-executor-2] TRACE util.FileUtils (LogUtils.java:runAndLog(49)) - Successfully ran Files.createDirectories /tmp/groups9258741198502408115/b79e24fb-5a64-47e2-b289-be56e8f2b806/current
2023-12-13 16:20:37,687 [grpc-default-executor-2] TRACE util.FileUtils (LogUtils.java:runAndLog(49)) - Successfully ran Atomic Files.move /home/runner/work/ratis/ratis/ratis-test/target/test/data/1e4ee837/MiniRaftClusterWithGrpcaa58b9f5/s0/b79e24fb-5a64-47e2-b289-be56e8f2b806/current/raft-meta to /tmp/groups9258741198502408115/b79e24fb-5a64-47e2-b289-be56e8f2b806/current/raft-meta
2023-12-13 16:20:37,688 [grpc-default-executor-2] TRACE util.FileUtils (LogUtils.java:runAndLog(49)) - Successfully ran Files.delete /home/runner/work/ratis/ratis/ratis-test/target/test/data/1e4ee837/MiniRaftClusterWithGrpcaa58b9f5/s0/b79e24fb-5a64-47e2-b289-be56e8f2b806/sm
2023-12-13 16:20:37,688 [grpc-default-executor-2] TRACE util.FileUtils (LogUtils.java:runAndLog(49)) - Successfully ran Files.delete /home/runner/work/ratis/ratis/ratis-test/target/test/data/1e4ee837/MiniRaftClusterWithGrpcaa58b9f5/s0/b79e24fb-5a64-47e2-b289-be56e8f2b806/current
2023-12-13 16:20:37,688 [grpc-default-executor-2] TRACE util.FileUtils (LogUtils.java:runAndLog(49)) - Successfully ran Files.delete /home/runner/work/ratis/ratis/ratis-test/target/test/data/1e4ee837/MiniRaftClusterWithGrpcaa58b9f5/s0/b79e24fb-5a64-47e2-b289-be56e8f2b806
2023-12-13 16:20:37,688 [grpc-default-executor-2] INFO  server.RaftServer$Division (RaftServerImpl.java:groupRemove(505)) - s0@group-BE56E8F2B806: Group group-BE56E8F2B806:[s0|0.0.0.0:34587] is renamed successfully
2023-12-13 16:20:37,689 [Time-limited test] INFO  impl.MiniRaftCluster (MiniRaftCluster.java:shutdown(831)) - ************************************************************** 
2023-12-13 16:20:37,689 [Time-limited test] INFO  impl.MiniRaftCluster (MiniRaftCluster.java:shutdown(832)) - *** 
2023-12-13 16:20:37,689 [Time-limited test] INFO  impl.MiniRaftCluster (MiniRaftCluster.java:shutdown(833)) - ***     Stopping MiniRaftClusterWithGrpc
2023-12-13 16:20:37,689 [Time-limited test] INFO  impl.MiniRaftCluster (MiniRaftCluster.java:shutdown(834)) - *** 
2023-12-13 16:20:37,689 [Time-limited test] INFO  impl.MiniRaftCluster (MiniRaftCluster.java:shutdown(835)) - ************************************************************** 
2023-12-13 16:20:37,689 [Time-limited test] INFO  impl.MiniRaftCluster (MiniRaftCluster.java:shutdown(836)) - printing ALL groups
  s0:  RUNNING  FOLLOWER s0@group-F66D6FBC55B5:t0, leader=null, voted=, raftlog=Memoized:s0@group-F66D6FBC55B5-SegmentedRaftLog:OPENED:c-1, conf=-1: peers:[s0|localhost:34587]|listeners:[], old=null RUNNING
2023-12-13 16:20:37,690 [MiniRaftCluster-6] INFO  server.RaftServer (RaftServerProxy.java:lambda$close$9(416)) - s0: close
2023-12-13 16:20:37,690 [s0-impl-thread1] INFO  server.RaftServer$Division (RaftServerImpl.java:lambda$close$3(516)) - s0@group-F66D6FBC55B5: shutdown
2023-12-13 16:20:37,690 [MiniRaftCluster-6] INFO  server.GrpcService (GrpcService.java:closeImpl(311)) - s0: shutdown server org.apache.ratis.grpc.server.GrpcClientProtocolService now
2023-12-13 16:20:37,690 [s0-impl-thread1] INFO  util.JmxRegister (JmxRegister.java:unregister(73)) - Successfully un-registered JMX Bean with object name Ratis:service=RaftServer,group=group-F66D6FBC55B5,id=s0
2023-12-13 16:20:37,690 [s0-impl-thread1] INFO  impl.RoleInfo (RoleInfo.java:shutdownFollowerState(110)) - s0: shutdown s0@group-F66D6FBC55B5-FollowerState
2023-12-13 16:20:37,690 [s0-impl-thread1] INFO  impl.StateMachineUpdater (StateMachineUpdater.java:stopAndJoin(157)) - s0@group-F66D6FBC55B5-StateMachineUpdater: set stopIndex = -1
2023-12-13 16:20:37,690 [s0@group-F66D6FBC55B5-FollowerState] INFO  impl.FollowerState (FollowerState.java:run(152)) - s0@group-F66D6FBC55B5-FollowerState was interrupted
2023-12-13 16:20:37,690 [s0-impl-thread1] INFO  server.RaftServer$Division (ServerState.java:close(423)) - s0@group-F66D6FBC55B5: applyIndex: -1
2023-12-13 16:20:37,690 [MiniRaftCluster-6] INFO  server.GrpcService (GrpcService.java:closeImpl(320)) - s0: shutdown server org.apache.ratis.grpc.server.GrpcClientProtocolService successfully
2023-12-13 16:20:37,691 [s0@group-F66D6FBC55B5-cacheEviction-AwaitToRun] INFO  util.AwaitToRun (AwaitToRun.java:run(49)) - s0@group-F66D6FBC55B5-cacheEviction-AwaitToRun-AwaitForSignal is interrupted
2023-12-13 16:20:37,691 [MiniRaftCluster-6] INFO  server.GrpcService (GrpcService.java:closeImpl(311)) - s0: shutdown server GrpcServerProtocolService now
2023-12-13 16:20:37,691 [MiniRaftCluster-6] INFO  server.GrpcService (GrpcService.java:closeImpl(320)) - s0: shutdown server GrpcServerProtocolService successfully
2023-12-13 16:20:37,691 [MiniRaftCluster-6] INFO  server.GrpcService (GrpcService.java:closeImpl(311)) - s0: shutdown server org.apache.ratis.grpc.server.GrpcAdminProtocolService now
2023-12-13 16:20:37,691 [MiniRaftCluster-6] INFO  server.GrpcService (GrpcService.java:closeImpl(320)) - s0: shutdown server org.apache.ratis.grpc.server.GrpcAdminProtocolService successfully
2023-12-13 16:20:38,670 [s0-impl-thread1] INFO  segmented.SegmentedRaftLogWorker (SegmentedRaftLogWorker.java:close(245)) - s0@group-F66D6FBC55B5-SegmentedRaftLogWorker close()
2023-12-13 16:20:38,670 [JvmPauseMonitor8] INFO  util.JvmPauseMonitor (JvmPauseMonitor.java:run(152)) - JvmPauseMonitor-s0: Stopped
2023-12-13 16:20:38,670 [Time-limited test] INFO  impl.MiniRaftCluster (MiniRaftCluster.java:shutdown(855)) - MiniRaftClusterWithGrpc shutdown completed
2023-12-13 16:20:38,671 [Time-limited test] INFO  impl.MiniRaftCluster (MiniRaftCluster.java:newRaftServer(382)) - newRaftServer: s0, group-F66D6FBC55B5:[s0|localhost:34587], format? false
2023-12-13 16:20:38,671 [Time-limited test] DEBUG server.RaftServer (ServerImplUtils.java:newRaftServer(51)) - newRaftServer: s0, group-F66D6FBC55B5:[s0|localhost:34587]
2023-12-13 16:20:38,671 [Time-limited test] INFO  server.RaftServer (ConfUtils.java:logGet(46)) - raft.rpc.type = GRPC (default)
2023-12-13 16:20:38,671 [Time-limited test] INFO  grpc.GrpcConfigKeys (ConfUtils.java:logFallback(53)) - raft.grpc.admin.host = null (fallback to raft.grpc.server.host)
2023-12-13 16:20:38,671 [Time-limited test] INFO  grpc.GrpcConfigKeys (ConfUtils.java:logGet(46)) - raft.grpc.admin.port = 42533 (custom)
2023-12-13 16:20:38,671 [Time-limited test] INFO  grpc.GrpcConfigKeys (ConfUtils.java:logFallback(53)) - raft.grpc.client.host = null (fallback to raft.grpc.server.host)
2023-12-13 16:20:38,671 [Time-limited test] INFO  grpc.GrpcConfigKeys (ConfUtils.java:logGet(46)) - raft.grpc.client.port = 38359 (custom)
2023-12-13 16:20:38,671 [Time-limited test] INFO  grpc.GrpcConfigKeys (ConfUtils.java:logGet(46)) - raft.grpc.server.host = null (default)
2023-12-13 16:20:38,671 [Time-limited test] INFO  grpc.GrpcConfigKeys (ConfUtils.java:logGet(46)) - raft.grpc.server.port = 34587 (custom)
2023-12-13 16:20:38,671 [Time-limited test] INFO  server.GrpcService (ConfUtils.java:logGet(46)) - raft.grpc.message.size.max = 64MB (=67108864) (default)
2023-12-13 16:20:38,671 [Time-limited test] INFO  server.RaftServerConfigKeys (ConfUtils.java:logGet(46)) - raft.server.log.appender.buffer.byte-limit = 4MB (=4194304) (default)
2023-12-13 16:20:38,672 [Time-limited test] INFO  server.GrpcService (ConfUtils.java:logGet(46)) - raft.grpc.flow.control.window = 1MB (=1048576) (default)
2023-12-13 16:20:38,672 [Time-limited test] INFO  server.RaftServerConfigKeys (ConfUtils.java:logGet(46)) - raft.server.rpc.request.timeout = 3000ms (default)
2023-12-13 16:20:38,672 [Time-limited test] INFO  grpc.GrpcConfigKeys (ConfUtils.java:logGet(46)) - raft.grpc.server.heartbeat.channel = true (default)
2023-12-13 16:20:38,672 [Time-limited test] INFO  grpc.GrpcConfigKeys (ConfUtils.java:logGet(46)) - raft.grpc.server.async.request.thread.pool.cached = true (default)
2023-12-13 16:20:38,672 [Time-limited test] INFO  grpc.GrpcConfigKeys (ConfUtils.java:logGet(46)) - raft.grpc.server.async.request.thread.pool.size = 32 (default)
2023-12-13 16:20:38,673 [Time-limited test] INFO  impl.DataStreamServerImpl (ConfUtils.java:logGet(46)) - raft.datastream.type = DISABLED (default)
2023-12-13 16:20:38,673 [Time-limited test] INFO  server.RaftServerConfigKeys (ConfUtils.java:logGet(46)) - raft.server.sleep.deviation.threshold = 300ms (default)
2023-12-13 16:20:38,673 [Time-limited test] INFO  server.RaftServerConfigKeys (ConfUtils.java:logGet(46)) - raft.server.close.threshold = 60s (default)
2023-12-13 16:20:38,673 [Time-limited test] INFO  server.RaftServerConfigKeys (ConfUtils.java:logGet(46)) - raft.server.leaderelection.leader.step-down.wait-time = 10s (default)
2023-12-13 16:20:38,673 [Time-limited test] INFO  server.RaftServerConfigKeys (ConfUtils.java:logGet(46)) - raft.server.storage.dir = [/home/runner/work/ratis/ratis/ratis-test/target/test/data/1e4ee837/MiniRaftClusterWithGrpcaa58b9f5/s0] (custom)
2023-12-13 16:20:38,673 [Time-limited test] INFO  server.RaftServerConfigKeys (ConfUtils.java:logGet(46)) - raft.server.threadpool.proxy.cached = true (default)
2023-12-13 16:20:38,673 [Time-limited test] INFO  server.RaftServerConfigKeys (ConfUtils.java:logGet(46)) - raft.server.threadpool.proxy.size = 0 (default)
2023-12-13 16:20:38,673 [s0-impl-thread1] INFO  server.RaftServer (RaftServerProxy.java:initGroupDir(264)) - s0: found a subdirectory /home/runner/work/ratis/ratis/ratis-test/target/test/data/1e4ee837/MiniRaftClusterWithGrpcaa58b9f5/s0/45e02447-6e7c-4304-85d3-f66d6fbc55b5
2023-12-13 16:20:38,674 [Time-limited test] INFO  server.RaftServer (RaftServerProxy.java:addNew(100)) - s0: addNew group-F66D6FBC55B5:[s0|localhost:34587] returns group-F66D6FBC55B5:java.util.concurrent.CompletableFuture@66e2d609[Not completed]
2023-12-13 16:20:38,674 [s0-groupManagement] INFO  server.RaftServer$Division (RaftServerImpl.java:<init>(256)) - s0: new RaftServerImpl for group-F66D6FBC55B5:[s0|localhost:34587] with BaseStateMachine:uninitialized
2023-12-13 16:20:38,674 [Time-limited test] INFO  impl.MiniRaftCluster (MiniRaftCluster.java:start(339)) - .............................................................. 
2023-12-13 16:20:38,674 [Time-limited test] INFO  impl.MiniRaftCluster (MiniRaftCluster.java:start(340)) - ... 
2023-12-13 16:20:38,674 [s0-groupManagement] INFO  server.RaftServerConfigKeys (ConfUtils.java:logGet(46)) - raft.server.rpc.timeout.min = 1500ms (custom)
2023-12-13 16:20:38,674 [Time-limited test] INFO  impl.MiniRaftCluster (MiniRaftCluster.java:start(341)) - ...     Starting MiniRaftClusterWithGrpc
2023-12-13 16:20:38,674 [s0-groupManagement] INFO  server.RaftServerConfigKeys (ConfUtils.java:logGet(46)) - raft.server.rpc.timeout.max = 2000ms (custom)
2023-12-13 16:20:38,674 [Time-limited test] INFO  impl.MiniRaftCluster (MiniRaftCluster.java:start(342)) - ... 
2023-12-13 16:20:38,674 [Time-limited test] INFO  impl.MiniRaftCluster (MiniRaftCluster.java:start(343)) - .............................................................. 
2023-12-13 16:20:38,674 [s0-groupManagement] INFO  server.RaftServerConfigKeys (ConfUtils.java:logGet(46)) - raft.server.rpc.sleep.time = 25ms (default)
2023-12-13 16:20:38,674 [s0-groupManagement] INFO  server.RaftServerConfigKeys (ConfUtils.java:logGet(46)) - raft.server.rpc.slowness.timeout = 60s (default)
2023-12-13 16:20:38,674 [Time-limited test] INFO  impl.MiniRaftCluster (MiniRaftCluster.java:initServers(318)) - servers = {s0=s0:      NEW group-F66D6FBC55B5:java.util.concurrent.CompletableFuture@66e2d609[Not completed]}
2023-12-13 16:20:38,674 [s0-groupManagement] INFO  server.RaftServerConfigKeys (ConfUtils.java:logGet(46)) - raft.server.leaderelection.leader.step-down.wait-time = 10s (default)
2023-12-13 16:20:38,674 [s0-groupManagement] INFO  server.RaftServerConfigKeys (ConfUtils.java:logGet(46)) - raft.server.leaderelection.member.majority-add = false (default)
2023-12-13 16:20:38,674 [s0-groupManagement] INFO  server.RaftServerConfigKeys (ConfUtils.java:logGet(46)) - raft.server.sleep.deviation.threshold = 300ms (default)
2023-12-13 16:20:38,674 [s0-groupManagement] INFO  server.RaftServer$Division (ServerState.java:<init>(113)) - s0@group-F66D6FBC55B5: ConfigurationManager, init=-1: peers:[s0|localhost:34587]|listeners:[], old=null, confs=<EMPTY_MAP>
2023-12-13 16:20:38,674 [s0-groupManagement] INFO  server.RaftServerConfigKeys (ConfUtils.java:logGet(46)) - raft.server.notification.no-leader.timeout = 60s (default)
2023-12-13 16:20:38,674 [s0-groupManagement] INFO  server.RaftServerConfigKeys (ConfUtils.java:logGet(46)) - raft.server.read.timeout = 10s (default)
2023-12-13 16:20:38,674 [s0-groupManagement] INFO  server.RaftServerConfigKeys (ConfUtils.java:logGet(46)) - raft.server.retrycache.expirytime = 60s (default)
2023-12-13 16:20:38,674 [s0-groupManagement] INFO  server.RaftServerConfigKeys (ConfUtils.java:logGet(46)) - raft.server.retrycache.statistics.expirytime = 100ms (default)
2023-12-13 16:20:38,674 [s0-groupManagement] INFO  server.RaftServerConfigKeys (ConfUtils.java:logGet(46)) - raft.server.read.option = DEFAULT (default)
2023-12-13 16:20:38,674 [s0-groupManagement] INFO  server.RaftServerConfigKeys (ConfUtils.java:logGet(46)) - raft.server.read.read-after-write-consistent.write-index-cache.expiry-time = 60s (default)
2023-12-13 16:20:38,675 [s0-groupManagement] INFO  server.RaftServerConfigKeys (ConfUtils.java:logGet(46)) - raft.server.rpc.request.timeout = 3000ms (default)
2023-12-13 16:20:38,675 [s0-groupManagement] INFO  server.RaftServerConfigKeys (ConfUtils.java:logGet(46)) - raft.server.log.appender.install.snapshot.enabled = true (default)
2023-12-13 16:20:38,675 [s0-groupManagement] INFO  server.RaftServerConfigKeys (ConfUtils.java:logGet(46)) - raft.server.threadpool.server.cached = true (default)
2023-12-13 16:20:38,675 [s0-groupManagement] INFO  server.RaftServerConfigKeys (ConfUtils.java:logGet(46)) - raft.server.threadpool.server.size = 0 (default)
2023-12-13 16:20:38,675 [s0-groupManagement] INFO  server.RaftServerConfigKeys (ConfUtils.java:logGet(46)) - raft.server.threadpool.client.cached = true (default)
2023-12-13 16:20:38,675 [s0-groupManagement] INFO  server.RaftServerConfigKeys (ConfUtils.java:logGet(46)) - raft.server.threadpool.client.size = 0 (default)
2023-12-13 16:20:38,675 [s0-impl-thread1] INFO  server.RaftServerConfigKeys (ConfUtils.java:logGet(46)) - raft.server.storage.free-space.min = 0MB (=0) (default)
2023-12-13 16:20:38,675 [s0-impl-thread1] INFO  server.RaftServerConfigKeys (ConfUtils.java:logGet(46)) - raft.server.log.corruption.policy = EXCEPTION (default)
2023-12-13 16:20:38,675 [s0-impl-thread1] INFO  server.RaftServerConfigKeys (ConfUtils.java:logGet(46)) - raft.server.storage.dir = [/home/runner/work/ratis/ratis/ratis-test/target/test/data/1e4ee837/MiniRaftClusterWithGrpcaa58b9f5/s0] (custom)
2023-12-13 16:20:38,676 [s0-impl-thread1] INFO  storage.RaftStorageDirectory (RaftStorageDirectoryImpl.java:tryLock(228)) - Lock on /home/runner/work/ratis/ratis/ratis-test/target/test/data/1e4ee837/MiniRaftClusterWithGrpcaa58b9f5/s0/45e02447-6e7c-4304-85d3-f66d6fbc55b5/in_use.lock acquired by nodename 10819@fv-az890-872
2023-12-13 16:20:38,676 [s0-impl-thread1] TRACE util.FileUtils (LogUtils.java:runAndLog(49)) - Successfully ran Files.deleteIfExists /home/runner/work/ratis/ratis/ratis-test/target/test/data/1e4ee837/MiniRaftClusterWithGrpcaa58b9f5/s0/45e02447-6e7c-4304-85d3-f66d6fbc55b5/current/raft-meta.tmp
2023-12-13 16:20:38,676 [s0-impl-thread1] TRACE util.FileUtils (LogUtils.java:supplyAndLog(69)) - Successfully supplied Files.newInputStream /home/runner/work/ratis/ratis/ratis-test/target/test/data/1e4ee837/MiniRaftClusterWithGrpcaa58b9f5/s0/45e02447-6e7c-4304-85d3-f66d6fbc55b5/current/raft-meta with options []: sun.nio.ch.ChannelInputStream@2797ae47
2023-12-13 16:20:38,677 [s0-impl-thread1] INFO  storage.RaftStorage (RaftStorageImpl.java:analyzeAndRecoverStorage(119)) - Read RaftStorageMetadata{term=0, votedFor=} from /home/runner/work/ratis/ratis/ratis-test/target/test/data/1e4ee837/MiniRaftClusterWithGrpcaa58b9f5/s0/45e02447-6e7c-4304-85d3-f66d6fbc55b5/current/raft-meta
2023-12-13 16:20:38,677 [s0-impl-thread1] TRACE util.FileUtils (LogUtils.java:supplyAndLog(61)) - Failed to Files.newInputStream /home/runner/work/ratis/ratis/ratis-test/target/test/data/1e4ee837/MiniRaftClusterWithGrpcaa58b9f5/s0/45e02447-6e7c-4304-85d3-f66d6fbc55b5/current/raft-meta.conf with options []
java.nio.file.NoSuchFileException: /home/runner/work/ratis/ratis/ratis-test/target/test/data/1e4ee837/MiniRaftClusterWithGrpcaa58b9f5/s0/45e02447-6e7c-4304-85d3-f66d6fbc55b5/current/raft-meta.conf
	at java.base/sun.nio.fs.UnixException.translateToIOException(UnixException.java:92)
	at java.base/sun.nio.fs.UnixException.rethrowAsIOException(UnixException.java:111)
	at java.base/sun.nio.fs.UnixException.rethrowAsIOException(UnixException.java:116)
	at java.base/sun.nio.fs.UnixFileSystemProvider.newByteChannel(UnixFileSystemProvider.java:219)
	at java.base/java.nio.file.Files.newByteChannel(Files.java:371)
	at java.base/java.nio.file.Files.newByteChannel(Files.java:422)
	at java.base/java.nio.file.spi.FileSystemProvider.newInputStream(FileSystemProvider.java:420)
	at java.base/java.nio.file.Files.newInputStream(Files.java:156)
	at org.apache.ratis.util.FileUtils.lambda$newInputStream$2(FileUtils.java:73)
	at org.apache.ratis.util.LogUtils.supplyAndLog(LogUtils.java:58)
	at org.apache.ratis.util.FileUtils.newInputStream(FileUtils.java:72)
	at org.apache.ratis.util.FileUtils.newInputStream(FileUtils.java:68)
	at org.apache.ratis.server.storage.RaftStorageImpl.readRaftConfiguration(RaftStorageImpl.java:156)
	at org.apache.ratis.server.impl.ServerState.initialize(ServerState.java:141)
	at org.apache.ratis.server.impl.RaftServerImpl.start(RaftServerImpl.java:388)
	at org.apache.ratis.util.ConcurrentUtils.accept(ConcurrentUtils.java:203)
	at org.apache.ratis.util.ConcurrentUtils.lambda$parallelForEachAsync$4(ConcurrentUtils.java:182)
	at java.base/java.util.concurrent.ThreadPoolExecutor.runWorker(ThreadPoolExecutor.java:1128)
	at java.base/java.util.concurrent.ThreadPoolExecutor$Worker.run(ThreadPoolExecutor.java:628)
	at java.base/java.lang.Thread.run(Thread.java:829)
2023-12-13 16:20:38,677 [s0-impl-thread1] INFO  server.RaftServerConfigKeys (ConfUtils.java:logGet(46)) - raft.server.log.use.memory = false (default)
2023-12-13 16:20:38,677 [s0-impl-thread1] INFO  server.RaftServerConfigKeys (ConfUtils.java:logGet(46)) - raft.server.log.purge.gap = 1024 (default)
2023-12-13 16:20:38,677 [s0-impl-thread1] INFO  server.RaftServerConfigKeys (ConfUtils.java:logGet(46)) - raft.server.log.appender.buffer.byte-limit = 4MB (=4194304) (default)
2023-12-13 16:20:38,677 [s0-impl-thread1] INFO  server.RaftServerConfigKeys (ConfUtils.java:logGet(46)) - raft.server.log.statemachine.data.read.timeout = 1000ms (default)
2023-12-13 16:20:38,677 [s0-impl-thread1] INFO  server.RaftServerConfigKeys (ConfUtils.java:logGet(46)) - raft.server.log.purge.preservation.log.num = 0 (default)
2023-12-13 16:20:38,678 [s0-impl-thread1] INFO  server.RaftServerConfigKeys (ConfUtils.java:logGet(46)) - raft.server.log.segment.size.max = 32MB (=33554432) (default)
2023-12-13 16:20:38,678 [s0-impl-thread1] INFO  server.RaftServerConfigKeys (ConfUtils.java:logGet(46)) - raft.server.log.segment.cache.num.max = 6 (default)
2023-12-13 16:20:38,678 [s0-impl-thread1] INFO  server.RaftServerConfigKeys (ConfUtils.java:logGet(46)) - raft.server.log.segment.cache.size.max = 200MB (=209715200) (default)
2023-12-13 16:20:38,678 [s0-impl-thread1] INFO  server.RaftServerConfigKeys (ConfUtils.java:logGet(46)) - raft.server.log.appender.buffer.byte-limit = 4MB (=4194304) (default)
2023-12-13 16:20:38,678 [s0-impl-thread1] INFO  util.AwaitToRun (AwaitToRun.java:start(81)) - Thread[s0@group-F66D6FBC55B5-cacheEviction-AwaitToRun,5,main] started
2023-12-13 16:20:38,678 [s0-impl-thread1] INFO  segmented.SegmentedRaftLogWorker (SegmentedRaftLogWorker.java:<init>(182)) - new s0@group-F66D6FBC55B5-SegmentedRaftLogWorker for RaftStorageImpl:Storage Directory /home/runner/work/ratis/ratis/ratis-test/target/test/data/1e4ee837/MiniRaftClusterWithGrpcaa58b9f5/s0/45e02447-6e7c-4304-85d3-f66d6fbc55b5
2023-12-13 16:20:38,678 [s0-impl-thread1] INFO  server.RaftServerConfigKeys (ConfUtils.java:logGet(46)) - raft.server.log.queue.byte-limit = 64MB (=67108864) (default)
2023-12-13 16:20:38,678 [s0-impl-thread1] INFO  server.RaftServerConfigKeys (ConfUtils.java:logGet(46)) - raft.server.log.queue.element-limit = 4096 (default)
2023-12-13 16:20:38,678 [s0-impl-thread1] INFO  server.RaftServerConfigKeys (ConfUtils.java:logGet(46)) - raft.server.log.segment.size.max = 32MB (=33554432) (default)
2023-12-13 16:20:38,678 [s0-impl-thread1] INFO  server.RaftServerConfigKeys (ConfUtils.java:logGet(46)) - raft.server.log.preallocated.size = 4MB (=4194304) (default)
2023-12-13 16:20:38,678 [s0-impl-thread1] INFO  server.RaftServerConfigKeys (ConfUtils.java:logGet(46)) - raft.server.log.force.sync.num = 128 (default)
2023-12-13 16:20:38,678 [s0-impl-thread1] INFO  server.RaftServerConfigKeys (ConfUtils.java:logGet(46)) - raft.server.log.statemachine.data.sync = true (default)
2023-12-13 16:20:38,678 [s0-impl-thread1] INFO  server.RaftServerConfigKeys (ConfUtils.java:logGet(46)) - raft.server.log.statemachine.data.sync.timeout = 10s (default)
2023-12-13 16:20:38,679 [s0-impl-thread1] INFO  server.RaftServerConfigKeys (ConfUtils.java:logGet(46)) - raft.server.log.statemachine.data.sync.timeout.retry = -1 (default)
2023-12-13 16:20:38,679 [s0-impl-thread1] INFO  server.RaftServerConfigKeys (ConfUtils.java:logGet(46)) - raft.server.log.write.buffer.size = 8MB (=8388608) (default)
2023-12-13 16:20:38,680 [s0-impl-thread1] INFO  server.RaftServerConfigKeys (ConfUtils.java:logGet(46)) - raft.server.log.appender.buffer.byte-limit = 4MB (=4194304) (default)
2023-12-13 16:20:38,680 [s0-impl-thread1] INFO  server.RaftServerConfigKeys (ConfUtils.java:logGet(46)) - raft.server.log.unsafe-flush.enabled = false (default)
2023-12-13 16:20:38,680 [s0-impl-thread1] INFO  server.RaftServerConfigKeys (ConfUtils.java:logGet(46)) - raft.server.log.async-flush.enabled = false (default)
2023-12-13 16:20:38,680 [s0-impl-thread1] INFO  server.RaftServerConfigKeys (ConfUtils.java:logGet(46)) - raft.server.log.statemachine.data.caching.enabled = false (default)
2023-12-13 16:20:38,680 [s0-impl-thread1] INFO  segmented.SegmentedRaftLogWorker (SegmentedRaftLogWorker.java:lambda$new$0(134)) - s0@group-F66D6FBC55B5-SegmentedRaftLogWorker: flushIndex: setUnconditionally 0 -> -1
2023-12-13 16:20:38,680 [s0-impl-thread1] INFO  segmented.SegmentedRaftLogWorker (SegmentedRaftLogWorker.java:lambda$new$0(134)) - s0@group-F66D6FBC55B5-SegmentedRaftLogWorker: safeCacheEvictIndex: setUnconditionally 0 -> -1
2023-12-13 16:20:38,680 [s0-impl-thread1] INFO  server.RaftServer$Division (RaftServerImpl.java:start(392)) - s0@group-F66D6FBC55B5: start as a follower, conf=-1: peers:[s0|localhost:34587]|listeners:[], old=null
2023-12-13 16:20:38,680 [s0-impl-thread1] INFO  server.RaftServer$Division (RaftServerImpl.java:setRole(379)) - s0@group-F66D6FBC55B5: changes role from      null to FOLLOWER at term 0 for startAsFollower
2023-12-13 16:20:38,680 [s0-impl-thread1] INFO  impl.RoleInfo (RoleInfo.java:updateAndGet(139)) - s0: start s0@group-F66D6FBC55B5-FollowerState
2023-12-13 16:20:38,681 [s0@group-F66D6FBC55B5-FollowerState] INFO  server.RaftServerConfigKeys (ConfUtils.java:logFallback(53)) - raft.server.rpc.first-election.timeout.min = 1500ms (fallback to raft.server.rpc.timeout.min)
2023-12-13 16:20:38,681 [s0-impl-thread1] INFO  util.JmxRegister (JmxRegister.java:tryRegister(44)) - Successfully registered JMX Bean with object name Ratis:service=RaftServer,group=group-F66D6FBC55B5,id=s0
2023-12-13 16:20:38,681 [s0@group-F66D6FBC55B5-FollowerState] INFO  server.RaftServerConfigKeys (ConfUtils.java:logFallback(53)) - raft.server.rpc.first-election.timeout.max = 2000ms (fallback to raft.server.rpc.timeout.max)
2023-12-13 16:20:38,681 [s0-impl-thread1] INFO  server.RaftServerConfigKeys (ConfUtils.java:logGet(46)) - raft.server.snapshot.trigger-when-stop.enabled = true (default)
2023-12-13 16:20:38,681 [s0-impl-thread1] INFO  server.RaftServerConfigKeys (ConfUtils.java:logGet(46)) - raft.server.snapshot.auto.trigger.enabled = false (default)
2023-12-13 16:20:38,681 [s0-impl-thread1] INFO  server.RaftServerConfigKeys (ConfUtils.java:logGet(46)) - raft.server.snapshot.retention.file.num = -1 (default)
2023-12-13 16:20:38,681 [s0-impl-thread1] INFO  server.RaftServerConfigKeys (ConfUtils.java:logGet(46)) - raft.server.log.purge.upto.snapshot.index = false (default)
2023-12-13 16:20:38,681 [Time-limited test] INFO  server.RaftServer (RaftServerProxy.java:startImpl(406)) - s0: start RPC server
2023-12-13 16:20:38,682 [Time-limited test] INFO  server.GrpcService (GrpcService.java:startImpl(302)) - s0: GrpcService started, listening on 38359
2023-12-13 16:20:38,683 [Time-limited test] INFO  server.GrpcService (GrpcService.java:startImpl(302)) - s0: GrpcService started, listening on 34587
2023-12-13 16:20:38,683 [Time-limited test] INFO  server.GrpcService (GrpcService.java:startImpl(302)) - s0: GrpcService started, listening on 42533
2023-12-13 16:20:38,684 [Time-limited test] INFO  server.RaftServerConfigKeys (ConfUtils.java:logGet(46)) - raft.server.removed.groups.dir = /tmp/groups9258741198502408115 (custom)
2023-12-13 16:20:38,684 [JvmPauseMonitor9] INFO  util.JvmPauseMonitor (JvmPauseMonitor.java:run(146)) - JvmPauseMonitor-s0: Started
2023-12-13 16:20:38,684 [Time-limited test] INFO  impl.MiniRaftCluster (MiniRaftCluster.java:shutdown(831)) - ************************************************************** 
2023-12-13 16:20:38,684 [Time-limited test] INFO  impl.MiniRaftCluster (MiniRaftCluster.java:shutdown(832)) - *** 
2023-12-13 16:20:38,684 [Time-limited test] INFO  impl.MiniRaftCluster (MiniRaftCluster.java:shutdown(833)) - ***     Stopping MiniRaftClusterWithGrpc
2023-12-13 16:20:38,684 [Time-limited test] INFO  impl.MiniRaftCluster (MiniRaftCluster.java:shutdown(834)) - *** 
2023-12-13 16:20:38,684 [Time-limited test] INFO  impl.MiniRaftCluster (MiniRaftCluster.java:shutdown(835)) - ************************************************************** 
2023-12-13 16:20:38,684 [Time-limited test] INFO  impl.MiniRaftCluster (MiniRaftCluster.java:shutdown(836)) - printing ALL groups
  s0:  RUNNING  FOLLOWER s0@group-F66D6FBC55B5:t0, leader=null, voted=, raftlog=Memoized:s0@group-F66D6FBC55B5-SegmentedRaftLog:OPENED:c-1, conf=-1: peers:[s0|localhost:34587]|listeners:[], old=null RUNNING
2023-12-13 16:20:38,684 [MiniRaftCluster-7] INFO  server.RaftServer (RaftServerProxy.java:lambda$close$9(416)) - s0: close
2023-12-13 16:20:38,684 [s0-impl-thread1] INFO  server.RaftServer$Division (RaftServerImpl.java:lambda$close$3(516)) - s0@group-F66D6FBC55B5: shutdown
2023-12-13 16:20:38,684 [MiniRaftCluster-7] INFO  server.GrpcService (GrpcService.java:closeImpl(311)) - s0: shutdown server org.apache.ratis.grpc.server.GrpcClientProtocolService now
2023-12-13 16:20:38,684 [s0-impl-thread1] INFO  util.JmxRegister (JmxRegister.java:unregister(73)) - Successfully un-registered JMX Bean with object name Ratis:service=RaftServer,group=group-F66D6FBC55B5,id=s0
2023-12-13 16:20:38,685 [s0-impl-thread1] INFO  impl.RoleInfo (RoleInfo.java:shutdownFollowerState(110)) - s0: shutdown s0@group-F66D6FBC55B5-FollowerState
2023-12-13 16:20:38,685 [s0-impl-thread1] INFO  impl.StateMachineUpdater (StateMachineUpdater.java:stopAndJoin(157)) - s0@group-F66D6FBC55B5-StateMachineUpdater: set stopIndex = -1
2023-12-13 16:20:38,685 [s0@group-F66D6FBC55B5-FollowerState] INFO  impl.FollowerState (FollowerState.java:run(152)) - s0@group-F66D6FBC55B5-FollowerState was interrupted
2023-12-13 16:20:38,685 [s0-impl-thread1] INFO  server.RaftServer$Division (ServerState.java:close(423)) - s0@group-F66D6FBC55B5: applyIndex: -1
2023-12-13 16:20:38,685 [s0@group-F66D6FBC55B5-cacheEviction-AwaitToRun] INFO  util.AwaitToRun (AwaitToRun.java:run(49)) - s0@group-F66D6FBC55B5-cacheEviction-AwaitToRun-AwaitForSignal is interrupted
2023-12-13 16:20:38,685 [MiniRaftCluster-7] INFO  server.GrpcService (GrpcService.java:closeImpl(320)) - s0: shutdown server org.apache.ratis.grpc.server.GrpcClientProtocolService successfully
2023-12-13 16:20:38,685 [MiniRaftCluster-7] INFO  server.GrpcService (GrpcService.java:closeImpl(311)) - s0: shutdown server GrpcServerProtocolService now
2023-12-13 16:20:38,685 [MiniRaftCluster-7] INFO  server.GrpcService (GrpcService.java:closeImpl(320)) - s0: shutdown server GrpcServerProtocolService successfully
2023-12-13 16:20:38,685 [MiniRaftCluster-7] INFO  server.GrpcService (GrpcService.java:closeImpl(311)) - s0: shutdown server org.apache.ratis.grpc.server.GrpcAdminProtocolService now
2023-12-13 16:20:38,686 [MiniRaftCluster-7] INFO  server.GrpcService (GrpcService.java:closeImpl(320)) - s0: shutdown server org.apache.ratis.grpc.server.GrpcAdminProtocolService successfully
2023-12-13 16:20:39,681 [s0-impl-thread1] INFO  segmented.SegmentedRaftLogWorker (SegmentedRaftLogWorker.java:close(245)) - s0@group-F66D6FBC55B5-SegmentedRaftLogWorker close()
2023-12-13 16:20:39,681 [JvmPauseMonitor9] INFO  util.JvmPauseMonitor (JvmPauseMonitor.java:run(152)) - JvmPauseMonitor-s0: Stopped
2023-12-13 16:20:39,681 [Time-limited test] INFO  impl.MiniRaftCluster (MiniRaftCluster.java:shutdown(855)) - MiniRaftClusterWithGrpc shutdown completed
2023-12-13 16:20:39,682 [Time-limited test] INFO  server.RaftServerConfigKeys (ConfUtils.java:logGet(46)) - raft.server.removed.groups.dir = /tmp/groups9258741198502408115 (custom)
2023-12-13 16:20:39,682 [Time-limited test] TRACE util.FileUtils (FileUtils.java:deleteFully(305)) - deleteFully /tmp/groups9258741198502408115
2023-12-13 16:20:39,682 [Time-limited test] TRACE util.FileUtils (LogUtils.java:runAndLog(49)) - Successfully ran Files.delete /tmp/groups9258741198502408115/b79e24fb-5a64-47e2-b289-be56e8f2b806/sm
2023-12-13 16:20:39,682 [Time-limited test] TRACE util.FileUtils (LogUtils.java:runAndLog(49)) - Successfully ran Files.delete /tmp/groups9258741198502408115/b79e24fb-5a64-47e2-b289-be56e8f2b806/in_use.lock
2023-12-13 16:20:39,682 [Time-limited test] TRACE util.FileUtils (LogUtils.java:runAndLog(49)) - Successfully ran Files.delete /tmp/groups9258741198502408115/b79e24fb-5a64-47e2-b289-be56e8f2b806/current/raft-meta
2023-12-13 16:20:39,682 [Time-limited test] TRACE util.FileUtils (LogUtils.java:runAndLog(49)) - Successfully ran Files.delete /tmp/groups9258741198502408115/b79e24fb-5a64-47e2-b289-be56e8f2b806/current
2023-12-13 16:20:39,682 [Time-limited test] TRACE util.FileUtils (LogUtils.java:runAndLog(49)) - Successfully ran Files.delete /tmp/groups9258741198502408115/b79e24fb-5a64-47e2-b289-be56e8f2b806
2023-12-13 16:20:39,682 [Time-limited test] TRACE util.FileUtils (LogUtils.java:runAndLog(49)) - Successfully ran Files.delete /tmp/groups9258741198502408115
]]></system-out>
  </testcase>
  <testcase name="testMultiGroup5Nodes" classname="org.apache.ratis.grpc.TestGroupManagementWithGrpc" time="13.815">
    <system-out><![CDATA[2023-12-13 16:20:39,684 [main] INFO  util.LogUtils (Slf4jUtils.java:setLogLevel(38)) - Successfully set org.apache.ratis.conf.ConfUtils log level to WARN
2023-12-13 16:20:39,684 [main] INFO  util.LogUtils (Slf4jUtils.java:setLogLevel(38)) - Successfully set org.apache.ratis.util.FileUtils log level to TRACE
2023-12-13 16:20:39,684 [main] INFO  util.LogUtils (Slf4jUtils.java:setLogLevel(38)) - Successfully set org.apache.ratis.server.RaftServer log level to DEBUG
2023-12-13 16:20:39,684 [main] INFO  util.LogUtils (Slf4jUtils.java:setLogLevel(38)) - Successfully set org.apache.ratis.server.RaftServer$Division log level to DEBUG
2023-12-13 16:20:39,684 [main] INFO  util.LogUtils (Slf4jUtils.java:setLogLevel(38)) - Successfully set org.apache.ratis.client.RaftClient log level to DEBUG
| null | init | 27 |
2023-12-13 16:20:39,687 [Time-limited test] INFO  impl.MiniRaftCluster (MiniRaftCluster.java:<init>(306)) - new MiniRaftClusterWithGrpc with group-7980D1787839:[]
2023-12-13 16:20:39,687 [Time-limited test] INFO  impl.GroupManagementBaseTest (GroupManagementBaseTest.java:runMultiGroupTest(251)) - 

runMultiGroupTest with MiniRaftClusterWithGrpc[3, 4, 5]chosen=0: printing ALL groups
2023-12-13 16:20:39,687 [Time-limited test] INFO  impl.GroupManagementBaseTest (GroupManagementBaseTest.java:runMultiGroupTest(258)) - ids: [s0, s1, s2, s3, s4]
2023-12-13 16:20:39,687 [Time-limited test] INFO  impl.MiniRaftCluster (MiniRaftCluster.java:newRaftServer(382)) - newRaftServer: s0, group-7980D1787839:[], format? true
2023-12-13 16:20:39,687 [Time-limited test] TRACE util.FileUtils (FileUtils.java:deleteFully(305)) - deleteFully target/test/data/1e4ee837/MiniRaftClusterWithGrpc1406e638/s0
2023-12-13 16:20:39,688 [Time-limited test] TRACE util.FileUtils (FileUtils.java:deleteFully(318)) - deleteFully: target/test/data/1e4ee837/MiniRaftClusterWithGrpc1406e638/s0 does not exist.
2023-12-13 16:20:39,688 [Time-limited test] INFO  impl.MiniRaftCluster (MiniRaftCluster.java:newRaftServer(387)) - Formatted directory target/test/data/1e4ee837/MiniRaftClusterWithGrpc1406e638/s0
2023-12-13 16:20:39,688 [Time-limited test] DEBUG server.RaftServer (ServerImplUtils.java:newRaftServer(51)) - newRaftServer: s0, group-7980D1787839:[]
2023-12-13 16:20:39,688 [Time-limited test] INFO  server.RaftServer (ConfUtils.java:logGet(46)) - raft.rpc.type = GRPC (default)
2023-12-13 16:20:39,688 [Time-limited test] INFO  grpc.GrpcConfigKeys (ConfUtils.java:logFallback(53)) - raft.grpc.admin.host = null (fallback to raft.grpc.server.host)
2023-12-13 16:20:39,688 [Time-limited test] INFO  grpc.GrpcConfigKeys (ConfUtils.java:logFallback(53)) - raft.grpc.admin.port = 43143 (fallback to raft.grpc.server.port)
2023-12-13 16:20:39,688 [Time-limited test] INFO  grpc.GrpcConfigKeys (ConfUtils.java:logFallback(53)) - raft.grpc.client.host = null (fallback to raft.grpc.server.host)
2023-12-13 16:20:39,688 [Time-limited test] INFO  grpc.GrpcConfigKeys (ConfUtils.java:logFallback(53)) - raft.grpc.client.port = 43143 (fallback to raft.grpc.server.port)
2023-12-13 16:20:39,688 [Time-limited test] INFO  grpc.GrpcConfigKeys (ConfUtils.java:logGet(46)) - raft.grpc.server.host = null (default)
2023-12-13 16:20:39,688 [Time-limited test] INFO  grpc.GrpcConfigKeys (ConfUtils.java:logGet(46)) - raft.grpc.server.port = 43143 (custom)
2023-12-13 16:20:39,688 [Time-limited test] INFO  server.GrpcService (ConfUtils.java:logGet(46)) - raft.grpc.message.size.max = 64MB (=67108864) (default)
2023-12-13 16:20:39,688 [Time-limited test] INFO  server.RaftServerConfigKeys (ConfUtils.java:logGet(46)) - raft.server.log.appender.buffer.byte-limit = 4MB (=4194304) (default)
2023-12-13 16:20:39,688 [Time-limited test] INFO  server.GrpcService (ConfUtils.java:logGet(46)) - raft.grpc.flow.control.window = 1MB (=1048576) (default)
2023-12-13 16:20:39,688 [Time-limited test] INFO  server.RaftServerConfigKeys (ConfUtils.java:logGet(46)) - raft.server.rpc.request.timeout = 3000ms (default)
2023-12-13 16:20:39,688 [Time-limited test] INFO  grpc.GrpcConfigKeys (ConfUtils.java:logGet(46)) - raft.grpc.server.heartbeat.channel = true (default)
2023-12-13 16:20:39,688 [Time-limited test] INFO  grpc.GrpcConfigKeys (ConfUtils.java:logGet(46)) - raft.grpc.server.async.request.thread.pool.cached = true (default)
2023-12-13 16:20:39,688 [Time-limited test] INFO  grpc.GrpcConfigKeys (ConfUtils.java:logGet(46)) - raft.grpc.server.async.request.thread.pool.size = 32 (default)
2023-12-13 16:20:39,689 [Time-limited test] INFO  impl.DataStreamServerImpl (ConfUtils.java:logGet(46)) - raft.datastream.type = DISABLED (default)
2023-12-13 16:20:39,689 [Time-limited test] INFO  server.RaftServerConfigKeys (ConfUtils.java:logGet(46)) - raft.server.sleep.deviation.threshold = 300ms (default)
2023-12-13 16:20:39,689 [Time-limited test] INFO  server.RaftServerConfigKeys (ConfUtils.java:logGet(46)) - raft.server.close.threshold = 60s (default)
2023-12-13 16:20:39,689 [Time-limited test] INFO  server.RaftServerConfigKeys (ConfUtils.java:logGet(46)) - raft.server.leaderelection.leader.step-down.wait-time = 10s (default)
2023-12-13 16:20:39,689 [Time-limited test] INFO  server.RaftServerConfigKeys (ConfUtils.java:logGet(46)) - raft.server.storage.dir = [/home/runner/work/ratis/ratis/ratis-test/target/test/data/1e4ee837/MiniRaftClusterWithGrpc1406e638/s0] (custom)
2023-12-13 16:20:39,690 [Time-limited test] INFO  server.RaftServerConfigKeys (ConfUtils.java:logGet(46)) - raft.server.threadpool.proxy.cached = true (default)
2023-12-13 16:20:39,690 [Time-limited test] INFO  server.RaftServerConfigKeys (ConfUtils.java:logGet(46)) - raft.server.threadpool.proxy.size = 0 (default)
2023-12-13 16:20:39,690 [Time-limited test] INFO  server.RaftServer (RaftServerProxy.java:addNew(100)) - s0: addNew group-7980D1787839:[] returns group-7980D1787839:java.util.concurrent.CompletableFuture@398b3dc3[Not completed]
2023-12-13 16:20:39,690 [s0-groupManagement] INFO  server.RaftServer$Division (RaftServerImpl.java:<init>(256)) - s0: new RaftServerImpl for group-7980D1787839:[] with BaseStateMachine:uninitialized
2023-12-13 16:20:39,690 [Time-limited test] INFO  impl.MiniRaftCluster (MiniRaftCluster.java:newRaftServer(382)) - newRaftServer: s1, group-7980D1787839:[], format? true
2023-12-13 16:20:39,690 [Time-limited test] TRACE util.FileUtils (FileUtils.java:deleteFully(305)) - deleteFully target/test/data/1e4ee837/MiniRaftClusterWithGrpc1406e638/s1
2023-12-13 16:20:39,690 [s0-groupManagement] INFO  server.RaftServerConfigKeys (ConfUtils.java:logGet(46)) - raft.server.rpc.timeout.min = 1500ms (custom)
2023-12-13 16:20:39,690 [Time-limited test] TRACE util.FileUtils (FileUtils.java:deleteFully(318)) - deleteFully: target/test/data/1e4ee837/MiniRaftClusterWithGrpc1406e638/s1 does not exist.
2023-12-13 16:20:39,690 [Time-limited test] INFO  impl.MiniRaftCluster (MiniRaftCluster.java:newRaftServer(387)) - Formatted directory target/test/data/1e4ee837/MiniRaftClusterWithGrpc1406e638/s1
2023-12-13 16:20:39,690 [s0-groupManagement] INFO  server.RaftServerConfigKeys (ConfUtils.java:logGet(46)) - raft.server.rpc.timeout.max = 2000ms (custom)
2023-12-13 16:20:39,690 [s0-groupManagement] INFO  server.RaftServerConfigKeys (ConfUtils.java:logGet(46)) - raft.server.rpc.sleep.time = 25ms (default)
2023-12-13 16:20:39,690 [Time-limited test] DEBUG server.RaftServer (ServerImplUtils.java:newRaftServer(51)) - newRaftServer: s1, group-7980D1787839:[]
2023-12-13 16:20:39,690 [s0-groupManagement] INFO  server.RaftServerConfigKeys (ConfUtils.java:logGet(46)) - raft.server.rpc.slowness.timeout = 60s (default)
2023-12-13 16:20:39,690 [Time-limited test] INFO  server.RaftServer (ConfUtils.java:logGet(46)) - raft.rpc.type = GRPC (default)
2023-12-13 16:20:39,690 [s0-groupManagement] INFO  server.RaftServerConfigKeys (ConfUtils.java:logGet(46)) - raft.server.leaderelection.leader.step-down.wait-time = 10s (default)
2023-12-13 16:20:39,690 [Time-limited test] INFO  grpc.GrpcConfigKeys (ConfUtils.java:logFallback(53)) - raft.grpc.admin.host = null (fallback to raft.grpc.server.host)
2023-12-13 16:20:39,690 [s0-groupManagement] INFO  server.RaftServerConfigKeys (ConfUtils.java:logGet(46)) - raft.server.leaderelection.member.majority-add = false (default)
2023-12-13 16:20:39,690 [Time-limited test] INFO  grpc.GrpcConfigKeys (ConfUtils.java:logFallback(53)) - raft.grpc.admin.port = 38179 (fallback to raft.grpc.server.port)
2023-12-13 16:20:39,690 [s0-groupManagement] INFO  server.RaftServerConfigKeys (ConfUtils.java:logGet(46)) - raft.server.sleep.deviation.threshold = 300ms (default)
2023-12-13 16:20:39,690 [Time-limited test] INFO  grpc.GrpcConfigKeys (ConfUtils.java:logFallback(53)) - raft.grpc.client.host = null (fallback to raft.grpc.server.host)
2023-12-13 16:20:39,691 [s0-groupManagement] INFO  server.RaftServer$Division (ServerState.java:<init>(113)) - s0@group-7980D1787839: ConfigurationManager, init=-1: peers:[]|listeners:[], old=null, confs=<EMPTY_MAP>
2023-12-13 16:20:39,691 [Time-limited test] INFO  grpc.GrpcConfigKeys (ConfUtils.java:logFallback(53)) - raft.grpc.client.port = 38179 (fallback to raft.grpc.server.port)
2023-12-13 16:20:39,691 [s0-groupManagement] INFO  server.RaftServerConfigKeys (ConfUtils.java:logGet(46)) - raft.server.notification.no-leader.timeout = 60s (default)
2023-12-13 16:20:39,691 [Time-limited test] INFO  grpc.GrpcConfigKeys (ConfUtils.java:logGet(46)) - raft.grpc.server.host = null (default)
2023-12-13 16:20:39,691 [s0-groupManagement] INFO  server.RaftServerConfigKeys (ConfUtils.java:logGet(46)) - raft.server.read.timeout = 10s (default)
2023-12-13 16:20:39,691 [Time-limited test] INFO  grpc.GrpcConfigKeys (ConfUtils.java:logGet(46)) - raft.grpc.server.port = 38179 (custom)
2023-12-13 16:20:39,691 [s0-groupManagement] INFO  server.RaftServerConfigKeys (ConfUtils.java:logGet(46)) - raft.server.retrycache.expirytime = 60s (default)
2023-12-13 16:20:39,691 [Time-limited test] INFO  server.GrpcService (ConfUtils.java:logGet(46)) - raft.grpc.message.size.max = 64MB (=67108864) (default)
2023-12-13 16:20:39,691 [s0-groupManagement] INFO  server.RaftServerConfigKeys (ConfUtils.java:logGet(46)) - raft.server.retrycache.statistics.expirytime = 100ms (default)
2023-12-13 16:20:39,691 [Time-limited test] INFO  server.RaftServerConfigKeys (ConfUtils.java:logGet(46)) - raft.server.log.appender.buffer.byte-limit = 4MB (=4194304) (default)
2023-12-13 16:20:39,691 [Time-limited test] INFO  server.GrpcService (ConfUtils.java:logGet(46)) - raft.grpc.flow.control.window = 1MB (=1048576) (default)
2023-12-13 16:20:39,691 [s0-groupManagement] INFO  server.RaftServerConfigKeys (ConfUtils.java:logGet(46)) - raft.server.read.option = DEFAULT (default)
2023-12-13 16:20:39,691 [Time-limited test] INFO  server.RaftServerConfigKeys (ConfUtils.java:logGet(46)) - raft.server.rpc.request.timeout = 3000ms (default)
2023-12-13 16:20:39,691 [s0-groupManagement] INFO  server.RaftServerConfigKeys (ConfUtils.java:logGet(46)) - raft.server.read.read-after-write-consistent.write-index-cache.expiry-time = 60s (default)
2023-12-13 16:20:39,691 [Time-limited test] INFO  grpc.GrpcConfigKeys (ConfUtils.java:logGet(46)) - raft.grpc.server.heartbeat.channel = true (default)
2023-12-13 16:20:39,691 [Time-limited test] INFO  grpc.GrpcConfigKeys (ConfUtils.java:logGet(46)) - raft.grpc.server.async.request.thread.pool.cached = true (default)
2023-12-13 16:20:39,691 [Time-limited test] INFO  grpc.GrpcConfigKeys (ConfUtils.java:logGet(46)) - raft.grpc.server.async.request.thread.pool.size = 32 (default)
2023-12-13 16:20:39,692 [Time-limited test] INFO  impl.DataStreamServerImpl (ConfUtils.java:logGet(46)) - raft.datastream.type = DISABLED (default)
2023-12-13 16:20:39,692 [Time-limited test] INFO  server.RaftServerConfigKeys (ConfUtils.java:logGet(46)) - raft.server.sleep.deviation.threshold = 300ms (default)
2023-12-13 16:20:39,692 [Time-limited test] INFO  server.RaftServerConfigKeys (ConfUtils.java:logGet(46)) - raft.server.close.threshold = 60s (default)
2023-12-13 16:20:39,692 [Time-limited test] INFO  server.RaftServerConfigKeys (ConfUtils.java:logGet(46)) - raft.server.leaderelection.leader.step-down.wait-time = 10s (default)
2023-12-13 16:20:39,692 [s0-groupManagement] INFO  server.RaftServerConfigKeys (ConfUtils.java:logGet(46)) - raft.server.rpc.request.timeout = 3000ms (default)
2023-12-13 16:20:39,692 [s0-groupManagement] INFO  server.RaftServerConfigKeys (ConfUtils.java:logGet(46)) - raft.server.log.appender.install.snapshot.enabled = true (default)
2023-12-13 16:20:39,692 [s0-groupManagement] INFO  server.RaftServerConfigKeys (ConfUtils.java:logGet(46)) - raft.server.threadpool.server.cached = true (default)
2023-12-13 16:20:39,692 [Time-limited test] INFO  server.RaftServerConfigKeys (ConfUtils.java:logGet(46)) - raft.server.storage.dir = [/home/runner/work/ratis/ratis/ratis-test/target/test/data/1e4ee837/MiniRaftClusterWithGrpc1406e638/s1] (custom)
2023-12-13 16:20:39,692 [s0-groupManagement] INFO  server.RaftServerConfigKeys (ConfUtils.java:logGet(46)) - raft.server.threadpool.server.size = 0 (default)
2023-12-13 16:20:39,692 [Time-limited test] INFO  server.RaftServerConfigKeys (ConfUtils.java:logGet(46)) - raft.server.threadpool.proxy.cached = true (default)
2023-12-13 16:20:39,692 [s0-groupManagement] INFO  server.RaftServerConfigKeys (ConfUtils.java:logGet(46)) - raft.server.threadpool.client.cached = true (default)
2023-12-13 16:20:39,692 [Time-limited test] INFO  server.RaftServerConfigKeys (ConfUtils.java:logGet(46)) - raft.server.threadpool.proxy.size = 0 (default)
2023-12-13 16:20:39,692 [s0-groupManagement] INFO  server.RaftServerConfigKeys (ConfUtils.java:logGet(46)) - raft.server.threadpool.client.size = 0 (default)
2023-12-13 16:20:39,693 [Time-limited test] INFO  server.RaftServer (RaftServerProxy.java:addNew(100)) - s1: addNew group-7980D1787839:[] returns group-7980D1787839:java.util.concurrent.CompletableFuture@197ba70c[Not completed]
2023-12-13 16:20:39,693 [s1-groupManagement] INFO  server.RaftServer$Division (RaftServerImpl.java:<init>(256)) - s1: new RaftServerImpl for group-7980D1787839:[] with BaseStateMachine:uninitialized
2023-12-13 16:20:39,693 [Time-limited test] INFO  impl.MiniRaftCluster (MiniRaftCluster.java:newRaftServer(382)) - newRaftServer: s2, group-7980D1787839:[], format? true
2023-12-13 16:20:39,693 [s1-groupManagement] INFO  server.RaftServerConfigKeys (ConfUtils.java:logGet(46)) - raft.server.rpc.timeout.min = 1500ms (custom)
2023-12-13 16:20:39,693 [Time-limited test] TRACE util.FileUtils (FileUtils.java:deleteFully(305)) - deleteFully target/test/data/1e4ee837/MiniRaftClusterWithGrpc1406e638/s2
2023-12-13 16:20:39,693 [s1-groupManagement] INFO  server.RaftServerConfigKeys (ConfUtils.java:logGet(46)) - raft.server.rpc.timeout.max = 2000ms (custom)
2023-12-13 16:20:39,693 [Time-limited test] TRACE util.FileUtils (FileUtils.java:deleteFully(318)) - deleteFully: target/test/data/1e4ee837/MiniRaftClusterWithGrpc1406e638/s2 does not exist.
2023-12-13 16:20:39,693 [s1-groupManagement] INFO  server.RaftServerConfigKeys (ConfUtils.java:logGet(46)) - raft.server.rpc.sleep.time = 25ms (default)
2023-12-13 16:20:39,693 [Time-limited test] INFO  impl.MiniRaftCluster (MiniRaftCluster.java:newRaftServer(387)) - Formatted directory target/test/data/1e4ee837/MiniRaftClusterWithGrpc1406e638/s2
2023-12-13 16:20:39,693 [s1-groupManagement] INFO  server.RaftServerConfigKeys (ConfUtils.java:logGet(46)) - raft.server.rpc.slowness.timeout = 60s (default)
2023-12-13 16:20:39,693 [s1-groupManagement] INFO  server.RaftServerConfigKeys (ConfUtils.java:logGet(46)) - raft.server.leaderelection.leader.step-down.wait-time = 10s (default)
2023-12-13 16:20:39,693 [s1-groupManagement] INFO  server.RaftServerConfigKeys (ConfUtils.java:logGet(46)) - raft.server.leaderelection.member.majority-add = false (default)
2023-12-13 16:20:39,693 [s1-groupManagement] INFO  server.RaftServerConfigKeys (ConfUtils.java:logGet(46)) - raft.server.sleep.deviation.threshold = 300ms (default)
2023-12-13 16:20:39,693 [Time-limited test] DEBUG server.RaftServer (ServerImplUtils.java:newRaftServer(51)) - newRaftServer: s2, group-7980D1787839:[]
2023-12-13 16:20:39,693 [s1-groupManagement] INFO  server.RaftServer$Division (ServerState.java:<init>(113)) - s1@group-7980D1787839: ConfigurationManager, init=-1: peers:[]|listeners:[], old=null, confs=<EMPTY_MAP>
2023-12-13 16:20:39,693 [Time-limited test] INFO  server.RaftServer (ConfUtils.java:logGet(46)) - raft.rpc.type = GRPC (default)
2023-12-13 16:20:39,693 [s1-groupManagement] INFO  server.RaftServerConfigKeys (ConfUtils.java:logGet(46)) - raft.server.notification.no-leader.timeout = 60s (default)
2023-12-13 16:20:39,693 [s1-groupManagement] INFO  server.RaftServerConfigKeys (ConfUtils.java:logGet(46)) - raft.server.read.timeout = 10s (default)
2023-12-13 16:20:39,693 [s1-groupManagement] INFO  server.RaftServerConfigKeys (ConfUtils.java:logGet(46)) - raft.server.retrycache.expirytime = 60s (default)
2023-12-13 16:20:39,694 [s1-groupManagement] INFO  server.RaftServerConfigKeys (ConfUtils.java:logGet(46)) - raft.server.retrycache.statistics.expirytime = 100ms (default)
2023-12-13 16:20:39,694 [s1-groupManagement] INFO  server.RaftServerConfigKeys (ConfUtils.java:logGet(46)) - raft.server.read.option = DEFAULT (default)
2023-12-13 16:20:39,694 [s1-groupManagement] INFO  server.RaftServerConfigKeys (ConfUtils.java:logGet(46)) - raft.server.read.read-after-write-consistent.write-index-cache.expiry-time = 60s (default)
2023-12-13 16:20:39,694 [Time-limited test] INFO  grpc.GrpcConfigKeys (ConfUtils.java:logFallback(53)) - raft.grpc.admin.host = null (fallback to raft.grpc.server.host)
2023-12-13 16:20:39,694 [Time-limited test] INFO  grpc.GrpcConfigKeys (ConfUtils.java:logFallback(53)) - raft.grpc.admin.port = 41039 (fallback to raft.grpc.server.port)
2023-12-13 16:20:39,694 [Time-limited test] INFO  grpc.GrpcConfigKeys (ConfUtils.java:logFallback(53)) - raft.grpc.client.host = null (fallback to raft.grpc.server.host)
2023-12-13 16:20:39,694 [Time-limited test] INFO  grpc.GrpcConfigKeys (ConfUtils.java:logFallback(53)) - raft.grpc.client.port = 41039 (fallback to raft.grpc.server.port)
2023-12-13 16:20:39,694 [Time-limited test] INFO  grpc.GrpcConfigKeys (ConfUtils.java:logGet(46)) - raft.grpc.server.host = null (default)
2023-12-13 16:20:39,694 [Time-limited test] INFO  grpc.GrpcConfigKeys (ConfUtils.java:logGet(46)) - raft.grpc.server.port = 41039 (custom)
2023-12-13 16:20:39,694 [Time-limited test] INFO  server.GrpcService (ConfUtils.java:logGet(46)) - raft.grpc.message.size.max = 64MB (=67108864) (default)
2023-12-13 16:20:39,694 [Time-limited test] INFO  server.RaftServerConfigKeys (ConfUtils.java:logGet(46)) - raft.server.log.appender.buffer.byte-limit = 4MB (=4194304) (default)
2023-12-13 16:20:39,694 [Time-limited test] INFO  server.GrpcService (ConfUtils.java:logGet(46)) - raft.grpc.flow.control.window = 1MB (=1048576) (default)
2023-12-13 16:20:39,694 [Time-limited test] INFO  server.RaftServerConfigKeys (ConfUtils.java:logGet(46)) - raft.server.rpc.request.timeout = 3000ms (default)
2023-12-13 16:20:39,694 [Time-limited test] INFO  grpc.GrpcConfigKeys (ConfUtils.java:logGet(46)) - raft.grpc.server.heartbeat.channel = true (default)
2023-12-13 16:20:39,694 [Time-limited test] INFO  grpc.GrpcConfigKeys (ConfUtils.java:logGet(46)) - raft.grpc.server.async.request.thread.pool.cached = true (default)
2023-12-13 16:20:39,694 [s1-groupManagement] INFO  server.RaftServerConfigKeys (ConfUtils.java:logGet(46)) - raft.server.rpc.request.timeout = 3000ms (default)
2023-12-13 16:20:39,694 [Time-limited test] INFO  grpc.GrpcConfigKeys (ConfUtils.java:logGet(46)) - raft.grpc.server.async.request.thread.pool.size = 32 (default)
2023-12-13 16:20:39,695 [s1-groupManagement] INFO  server.RaftServerConfigKeys (ConfUtils.java:logGet(46)) - raft.server.log.appender.install.snapshot.enabled = true (default)
2023-12-13 16:20:39,695 [s1-groupManagement] INFO  server.RaftServerConfigKeys (ConfUtils.java:logGet(46)) - raft.server.threadpool.server.cached = true (default)
2023-12-13 16:20:39,695 [s1-groupManagement] INFO  server.RaftServerConfigKeys (ConfUtils.java:logGet(46)) - raft.server.threadpool.server.size = 0 (default)
2023-12-13 16:20:39,695 [s1-groupManagement] INFO  server.RaftServerConfigKeys (ConfUtils.java:logGet(46)) - raft.server.threadpool.client.cached = true (default)
2023-12-13 16:20:39,695 [s1-groupManagement] INFO  server.RaftServerConfigKeys (ConfUtils.java:logGet(46)) - raft.server.threadpool.client.size = 0 (default)
2023-12-13 16:20:39,695 [Time-limited test] INFO  impl.DataStreamServerImpl (ConfUtils.java:logGet(46)) - raft.datastream.type = DISABLED (default)
2023-12-13 16:20:39,695 [Time-limited test] INFO  server.RaftServerConfigKeys (ConfUtils.java:logGet(46)) - raft.server.sleep.deviation.threshold = 300ms (default)
2023-12-13 16:20:39,695 [Time-limited test] INFO  server.RaftServerConfigKeys (ConfUtils.java:logGet(46)) - raft.server.close.threshold = 60s (default)
2023-12-13 16:20:39,695 [Time-limited test] INFO  server.RaftServerConfigKeys (ConfUtils.java:logGet(46)) - raft.server.leaderelection.leader.step-down.wait-time = 10s (default)
2023-12-13 16:20:39,695 [Time-limited test] INFO  server.RaftServerConfigKeys (ConfUtils.java:logGet(46)) - raft.server.storage.dir = [/home/runner/work/ratis/ratis/ratis-test/target/test/data/1e4ee837/MiniRaftClusterWithGrpc1406e638/s2] (custom)
2023-12-13 16:20:39,695 [Time-limited test] INFO  server.RaftServerConfigKeys (ConfUtils.java:logGet(46)) - raft.server.threadpool.proxy.cached = true (default)
2023-12-13 16:20:39,695 [Time-limited test] INFO  server.RaftServerConfigKeys (ConfUtils.java:logGet(46)) - raft.server.threadpool.proxy.size = 0 (default)
2023-12-13 16:20:39,696 [Time-limited test] INFO  server.RaftServer (RaftServerProxy.java:addNew(100)) - s2: addNew group-7980D1787839:[] returns group-7980D1787839:java.util.concurrent.CompletableFuture@687a8b5b[Not completed]
2023-12-13 16:20:39,696 [s2-groupManagement] INFO  server.RaftServer$Division (RaftServerImpl.java:<init>(256)) - s2: new RaftServerImpl for group-7980D1787839:[] with BaseStateMachine:uninitialized
2023-12-13 16:20:39,696 [Time-limited test] INFO  impl.MiniRaftCluster (MiniRaftCluster.java:newRaftServer(382)) - newRaftServer: s3, group-7980D1787839:[], format? true
2023-12-13 16:20:39,696 [s2-groupManagement] INFO  server.RaftServerConfigKeys (ConfUtils.java:logGet(46)) - raft.server.rpc.timeout.min = 1500ms (custom)
2023-12-13 16:20:39,696 [Time-limited test] TRACE util.FileUtils (FileUtils.java:deleteFully(305)) - deleteFully target/test/data/1e4ee837/MiniRaftClusterWithGrpc1406e638/s3
2023-12-13 16:20:39,696 [s2-groupManagement] INFO  server.RaftServerConfigKeys (ConfUtils.java:logGet(46)) - raft.server.rpc.timeout.max = 2000ms (custom)
2023-12-13 16:20:39,696 [s2-groupManagement] INFO  server.RaftServerConfigKeys (ConfUtils.java:logGet(46)) - raft.server.rpc.sleep.time = 25ms (default)
2023-12-13 16:20:39,696 [s2-groupManagement] INFO  server.RaftServerConfigKeys (ConfUtils.java:logGet(46)) - raft.server.rpc.slowness.timeout = 60s (default)
2023-12-13 16:20:39,696 [Time-limited test] TRACE util.FileUtils (FileUtils.java:deleteFully(318)) - deleteFully: target/test/data/1e4ee837/MiniRaftClusterWithGrpc1406e638/s3 does not exist.
2023-12-13 16:20:39,696 [s2-groupManagement] INFO  server.RaftServerConfigKeys (ConfUtils.java:logGet(46)) - raft.server.leaderelection.leader.step-down.wait-time = 10s (default)
2023-12-13 16:20:39,696 [Time-limited test] INFO  impl.MiniRaftCluster (MiniRaftCluster.java:newRaftServer(387)) - Formatted directory target/test/data/1e4ee837/MiniRaftClusterWithGrpc1406e638/s3
2023-12-13 16:20:39,696 [s2-groupManagement] INFO  server.RaftServerConfigKeys (ConfUtils.java:logGet(46)) - raft.server.leaderelection.member.majority-add = false (default)
2023-12-13 16:20:39,696 [s2-groupManagement] INFO  server.RaftServerConfigKeys (ConfUtils.java:logGet(46)) - raft.server.sleep.deviation.threshold = 300ms (default)
2023-12-13 16:20:39,696 [s2-groupManagement] INFO  server.RaftServer$Division (ServerState.java:<init>(113)) - s2@group-7980D1787839: ConfigurationManager, init=-1: peers:[]|listeners:[], old=null, confs=<EMPTY_MAP>
2023-12-13 16:20:39,696 [s2-groupManagement] INFO  server.RaftServerConfigKeys (ConfUtils.java:logGet(46)) - raft.server.notification.no-leader.timeout = 60s (default)
2023-12-13 16:20:39,696 [Time-limited test] DEBUG server.RaftServer (ServerImplUtils.java:newRaftServer(51)) - newRaftServer: s3, group-7980D1787839:[]
2023-12-13 16:20:39,696 [s2-groupManagement] INFO  server.RaftServerConfigKeys (ConfUtils.java:logGet(46)) - raft.server.read.timeout = 10s (default)
2023-12-13 16:20:39,696 [Time-limited test] INFO  server.RaftServer (ConfUtils.java:logGet(46)) - raft.rpc.type = GRPC (default)
2023-12-13 16:20:39,696 [Time-limited test] INFO  grpc.GrpcConfigKeys (ConfUtils.java:logFallback(53)) - raft.grpc.admin.host = null (fallback to raft.grpc.server.host)
2023-12-13 16:20:39,697 [Time-limited test] INFO  grpc.GrpcConfigKeys (ConfUtils.java:logFallback(53)) - raft.grpc.admin.port = 35071 (fallback to raft.grpc.server.port)
2023-12-13 16:20:39,697 [s2-groupManagement] INFO  server.RaftServerConfigKeys (ConfUtils.java:logGet(46)) - raft.server.retrycache.expirytime = 60s (default)
2023-12-13 16:20:39,697 [Time-limited test] INFO  grpc.GrpcConfigKeys (ConfUtils.java:logFallback(53)) - raft.grpc.client.host = null (fallback to raft.grpc.server.host)
2023-12-13 16:20:39,697 [s2-groupManagement] INFO  server.RaftServerConfigKeys (ConfUtils.java:logGet(46)) - raft.server.retrycache.statistics.expirytime = 100ms (default)
2023-12-13 16:20:39,697 [Time-limited test] INFO  grpc.GrpcConfigKeys (ConfUtils.java:logFallback(53)) - raft.grpc.client.port = 35071 (fallback to raft.grpc.server.port)
2023-12-13 16:20:39,697 [Time-limited test] INFO  grpc.GrpcConfigKeys (ConfUtils.java:logGet(46)) - raft.grpc.server.host = null (default)
2023-12-13 16:20:39,697 [s2-groupManagement] INFO  server.RaftServerConfigKeys (ConfUtils.java:logGet(46)) - raft.server.read.option = DEFAULT (default)
2023-12-13 16:20:39,697 [Time-limited test] INFO  grpc.GrpcConfigKeys (ConfUtils.java:logGet(46)) - raft.grpc.server.port = 35071 (custom)
2023-12-13 16:20:39,697 [s2-groupManagement] INFO  server.RaftServerConfigKeys (ConfUtils.java:logGet(46)) - raft.server.read.read-after-write-consistent.write-index-cache.expiry-time = 60s (default)
2023-12-13 16:20:39,697 [Time-limited test] INFO  server.GrpcService (ConfUtils.java:logGet(46)) - raft.grpc.message.size.max = 64MB (=67108864) (default)
2023-12-13 16:20:39,697 [Time-limited test] INFO  server.RaftServerConfigKeys (ConfUtils.java:logGet(46)) - raft.server.log.appender.buffer.byte-limit = 4MB (=4194304) (default)
2023-12-13 16:20:39,697 [Time-limited test] INFO  server.GrpcService (ConfUtils.java:logGet(46)) - raft.grpc.flow.control.window = 1MB (=1048576) (default)
2023-12-13 16:20:39,697 [Time-limited test] INFO  server.RaftServerConfigKeys (ConfUtils.java:logGet(46)) - raft.server.rpc.request.timeout = 3000ms (default)
2023-12-13 16:20:39,697 [Time-limited test] INFO  grpc.GrpcConfigKeys (ConfUtils.java:logGet(46)) - raft.grpc.server.heartbeat.channel = true (default)
2023-12-13 16:20:39,697 [Time-limited test] INFO  grpc.GrpcConfigKeys (ConfUtils.java:logGet(46)) - raft.grpc.server.async.request.thread.pool.cached = true (default)
2023-12-13 16:20:39,697 [Time-limited test] INFO  grpc.GrpcConfigKeys (ConfUtils.java:logGet(46)) - raft.grpc.server.async.request.thread.pool.size = 32 (default)
2023-12-13 16:20:39,698 [s2-groupManagement] INFO  server.RaftServerConfigKeys (ConfUtils.java:logGet(46)) - raft.server.rpc.request.timeout = 3000ms (default)
2023-12-13 16:20:39,698 [Time-limited test] INFO  impl.DataStreamServerImpl (ConfUtils.java:logGet(46)) - raft.datastream.type = DISABLED (default)
2023-12-13 16:20:39,698 [s2-groupManagement] INFO  server.RaftServerConfigKeys (ConfUtils.java:logGet(46)) - raft.server.log.appender.install.snapshot.enabled = true (default)
2023-12-13 16:20:39,698 [s2-groupManagement] INFO  server.RaftServerConfigKeys (ConfUtils.java:logGet(46)) - raft.server.threadpool.server.cached = true (default)
2023-12-13 16:20:39,698 [Time-limited test] INFO  server.RaftServerConfigKeys (ConfUtils.java:logGet(46)) - raft.server.sleep.deviation.threshold = 300ms (default)
2023-12-13 16:20:39,698 [s2-groupManagement] INFO  server.RaftServerConfigKeys (ConfUtils.java:logGet(46)) - raft.server.threadpool.server.size = 0 (default)
2023-12-13 16:20:39,698 [Time-limited test] INFO  server.RaftServerConfigKeys (ConfUtils.java:logGet(46)) - raft.server.close.threshold = 60s (default)
2023-12-13 16:20:39,698 [s2-groupManagement] INFO  server.RaftServerConfigKeys (ConfUtils.java:logGet(46)) - raft.server.threadpool.client.cached = true (default)
2023-12-13 16:20:39,698 [Time-limited test] INFO  server.RaftServerConfigKeys (ConfUtils.java:logGet(46)) - raft.server.leaderelection.leader.step-down.wait-time = 10s (default)
2023-12-13 16:20:39,698 [s2-groupManagement] INFO  server.RaftServerConfigKeys (ConfUtils.java:logGet(46)) - raft.server.threadpool.client.size = 0 (default)
2023-12-13 16:20:39,698 [Time-limited test] INFO  server.RaftServerConfigKeys (ConfUtils.java:logGet(46)) - raft.server.storage.dir = [/home/runner/work/ratis/ratis/ratis-test/target/test/data/1e4ee837/MiniRaftClusterWithGrpc1406e638/s3] (custom)
2023-12-13 16:20:39,698 [Time-limited test] INFO  server.RaftServerConfigKeys (ConfUtils.java:logGet(46)) - raft.server.threadpool.proxy.cached = true (default)
2023-12-13 16:20:39,698 [Time-limited test] INFO  server.RaftServerConfigKeys (ConfUtils.java:logGet(46)) - raft.server.threadpool.proxy.size = 0 (default)
2023-12-13 16:20:39,699 [Time-limited test] INFO  server.RaftServer (RaftServerProxy.java:addNew(100)) - s3: addNew group-7980D1787839:[] returns group-7980D1787839:java.util.concurrent.CompletableFuture@1aa17c61[Not completed]
2023-12-13 16:20:39,699 [s3-groupManagement] INFO  server.RaftServer$Division (RaftServerImpl.java:<init>(256)) - s3: new RaftServerImpl for group-7980D1787839:[] with BaseStateMachine:uninitialized
2023-12-13 16:20:39,699 [Time-limited test] INFO  impl.MiniRaftCluster (MiniRaftCluster.java:newRaftServer(382)) - newRaftServer: s4, group-7980D1787839:[], format? true
2023-12-13 16:20:39,699 [s3-groupManagement] INFO  server.RaftServerConfigKeys (ConfUtils.java:logGet(46)) - raft.server.rpc.timeout.min = 1500ms (custom)
2023-12-13 16:20:39,699 [Time-limited test] TRACE util.FileUtils (FileUtils.java:deleteFully(305)) - deleteFully target/test/data/1e4ee837/MiniRaftClusterWithGrpc1406e638/s4
2023-12-13 16:20:39,699 [s3-groupManagement] INFO  server.RaftServerConfigKeys (ConfUtils.java:logGet(46)) - raft.server.rpc.timeout.max = 2000ms (custom)
2023-12-13 16:20:39,699 [s3-groupManagement] INFO  server.RaftServerConfigKeys (ConfUtils.java:logGet(46)) - raft.server.rpc.sleep.time = 25ms (default)
2023-12-13 16:20:39,699 [s3-groupManagement] INFO  server.RaftServerConfigKeys (ConfUtils.java:logGet(46)) - raft.server.rpc.slowness.timeout = 60s (default)
2023-12-13 16:20:39,699 [Time-limited test] TRACE util.FileUtils (FileUtils.java:deleteFully(318)) - deleteFully: target/test/data/1e4ee837/MiniRaftClusterWithGrpc1406e638/s4 does not exist.
2023-12-13 16:20:39,699 [s3-groupManagement] INFO  server.RaftServerConfigKeys (ConfUtils.java:logGet(46)) - raft.server.leaderelection.leader.step-down.wait-time = 10s (default)
2023-12-13 16:20:39,699 [Time-limited test] INFO  impl.MiniRaftCluster (MiniRaftCluster.java:newRaftServer(387)) - Formatted directory target/test/data/1e4ee837/MiniRaftClusterWithGrpc1406e638/s4
2023-12-13 16:20:39,699 [s3-groupManagement] INFO  server.RaftServerConfigKeys (ConfUtils.java:logGet(46)) - raft.server.leaderelection.member.majority-add = false (default)
2023-12-13 16:20:39,699 [s3-groupManagement] INFO  server.RaftServerConfigKeys (ConfUtils.java:logGet(46)) - raft.server.sleep.deviation.threshold = 300ms (default)
2023-12-13 16:20:39,699 [Time-limited test] DEBUG server.RaftServer (ServerImplUtils.java:newRaftServer(51)) - newRaftServer: s4, group-7980D1787839:[]
2023-12-13 16:20:39,699 [s3-groupManagement] INFO  server.RaftServer$Division (ServerState.java:<init>(113)) - s3@group-7980D1787839: ConfigurationManager, init=-1: peers:[]|listeners:[], old=null, confs=<EMPTY_MAP>
2023-12-13 16:20:39,699 [Time-limited test] INFO  server.RaftServer (ConfUtils.java:logGet(46)) - raft.rpc.type = GRPC (default)
2023-12-13 16:20:39,699 [s3-groupManagement] INFO  server.RaftServerConfigKeys (ConfUtils.java:logGet(46)) - raft.server.notification.no-leader.timeout = 60s (default)
2023-12-13 16:20:39,699 [s3-groupManagement] INFO  server.RaftServerConfigKeys (ConfUtils.java:logGet(46)) - raft.server.read.timeout = 10s (default)
2023-12-13 16:20:39,699 [Time-limited test] INFO  grpc.GrpcConfigKeys (ConfUtils.java:logFallback(53)) - raft.grpc.admin.host = null (fallback to raft.grpc.server.host)
2023-12-13 16:20:39,699 [s3-groupManagement] INFO  server.RaftServerConfigKeys (ConfUtils.java:logGet(46)) - raft.server.retrycache.expirytime = 60s (default)
2023-12-13 16:20:39,699 [Time-limited test] INFO  grpc.GrpcConfigKeys (ConfUtils.java:logFallback(53)) - raft.grpc.admin.port = 35023 (fallback to raft.grpc.server.port)
2023-12-13 16:20:39,699 [s3-groupManagement] INFO  server.RaftServerConfigKeys (ConfUtils.java:logGet(46)) - raft.server.retrycache.statistics.expirytime = 100ms (default)
2023-12-13 16:20:39,699 [Time-limited test] INFO  grpc.GrpcConfigKeys (ConfUtils.java:logFallback(53)) - raft.grpc.client.host = null (fallback to raft.grpc.server.host)
2023-12-13 16:20:39,699 [s3-groupManagement] INFO  server.RaftServerConfigKeys (ConfUtils.java:logGet(46)) - raft.server.read.option = DEFAULT (default)
2023-12-13 16:20:39,700 [s3-groupManagement] INFO  server.RaftServerConfigKeys (ConfUtils.java:logGet(46)) - raft.server.read.read-after-write-consistent.write-index-cache.expiry-time = 60s (default)
2023-12-13 16:20:39,700 [Time-limited test] INFO  grpc.GrpcConfigKeys (ConfUtils.java:logFallback(53)) - raft.grpc.client.port = 35023 (fallback to raft.grpc.server.port)
2023-12-13 16:20:39,700 [Time-limited test] INFO  grpc.GrpcConfigKeys (ConfUtils.java:logGet(46)) - raft.grpc.server.host = null (default)
2023-12-13 16:20:39,700 [Time-limited test] INFO  grpc.GrpcConfigKeys (ConfUtils.java:logGet(46)) - raft.grpc.server.port = 35023 (custom)
2023-12-13 16:20:39,700 [Time-limited test] INFO  server.GrpcService (ConfUtils.java:logGet(46)) - raft.grpc.message.size.max = 64MB (=67108864) (default)
2023-12-13 16:20:39,700 [Time-limited test] INFO  server.RaftServerConfigKeys (ConfUtils.java:logGet(46)) - raft.server.log.appender.buffer.byte-limit = 4MB (=4194304) (default)
2023-12-13 16:20:39,700 [Time-limited test] INFO  server.GrpcService (ConfUtils.java:logGet(46)) - raft.grpc.flow.control.window = 1MB (=1048576) (default)
2023-12-13 16:20:39,700 [Time-limited test] INFO  server.RaftServerConfigKeys (ConfUtils.java:logGet(46)) - raft.server.rpc.request.timeout = 3000ms (default)
2023-12-13 16:20:39,700 [Time-limited test] INFO  grpc.GrpcConfigKeys (ConfUtils.java:logGet(46)) - raft.grpc.server.heartbeat.channel = true (default)
2023-12-13 16:20:39,700 [Time-limited test] INFO  grpc.GrpcConfigKeys (ConfUtils.java:logGet(46)) - raft.grpc.server.async.request.thread.pool.cached = true (default)
2023-12-13 16:20:39,700 [Time-limited test] INFO  grpc.GrpcConfigKeys (ConfUtils.java:logGet(46)) - raft.grpc.server.async.request.thread.pool.size = 32 (default)
2023-12-13 16:20:39,700 [s3-groupManagement] INFO  server.RaftServerConfigKeys (ConfUtils.java:logGet(46)) - raft.server.rpc.request.timeout = 3000ms (default)
2023-12-13 16:20:39,700 [s3-groupManagement] INFO  server.RaftServerConfigKeys (ConfUtils.java:logGet(46)) - raft.server.log.appender.install.snapshot.enabled = true (default)
2023-12-13 16:20:39,700 [s3-groupManagement] INFO  server.RaftServerConfigKeys (ConfUtils.java:logGet(46)) - raft.server.threadpool.server.cached = true (default)
2023-12-13 16:20:39,700 [s3-groupManagement] INFO  server.RaftServerConfigKeys (ConfUtils.java:logGet(46)) - raft.server.threadpool.server.size = 0 (default)
2023-12-13 16:20:39,700 [s3-groupManagement] INFO  server.RaftServerConfigKeys (ConfUtils.java:logGet(46)) - raft.server.threadpool.client.cached = true (default)
2023-12-13 16:20:39,700 [s3-groupManagement] INFO  server.RaftServerConfigKeys (ConfUtils.java:logGet(46)) - raft.server.threadpool.client.size = 0 (default)
2023-12-13 16:20:39,701 [Time-limited test] INFO  impl.DataStreamServerImpl (ConfUtils.java:logGet(46)) - raft.datastream.type = DISABLED (default)
2023-12-13 16:20:39,701 [Time-limited test] INFO  server.RaftServerConfigKeys (ConfUtils.java:logGet(46)) - raft.server.sleep.deviation.threshold = 300ms (default)
2023-12-13 16:20:39,701 [Time-limited test] INFO  server.RaftServerConfigKeys (ConfUtils.java:logGet(46)) - raft.server.close.threshold = 60s (default)
2023-12-13 16:20:39,701 [Time-limited test] INFO  server.RaftServerConfigKeys (ConfUtils.java:logGet(46)) - raft.server.leaderelection.leader.step-down.wait-time = 10s (default)
2023-12-13 16:20:39,701 [Time-limited test] INFO  server.RaftServerConfigKeys (ConfUtils.java:logGet(46)) - raft.server.storage.dir = [/home/runner/work/ratis/ratis/ratis-test/target/test/data/1e4ee837/MiniRaftClusterWithGrpc1406e638/s4] (custom)
2023-12-13 16:20:39,701 [Time-limited test] INFO  server.RaftServerConfigKeys (ConfUtils.java:logGet(46)) - raft.server.threadpool.proxy.cached = true (default)
2023-12-13 16:20:39,701 [Time-limited test] INFO  server.RaftServerConfigKeys (ConfUtils.java:logGet(46)) - raft.server.threadpool.proxy.size = 0 (default)
2023-12-13 16:20:39,701 [Time-limited test] INFO  server.RaftServer (RaftServerProxy.java:addNew(100)) - s4: addNew group-7980D1787839:[] returns group-7980D1787839:java.util.concurrent.CompletableFuture@37c54fd5[Not completed]
2023-12-13 16:20:39,701 [s4-groupManagement] INFO  server.RaftServer$Division (RaftServerImpl.java:<init>(256)) - s4: new RaftServerImpl for group-7980D1787839:[] with BaseStateMachine:uninitialized
2023-12-13 16:20:39,701 [s4-groupManagement] INFO  server.RaftServerConfigKeys (ConfUtils.java:logGet(46)) - raft.server.rpc.timeout.min = 1500ms (custom)
2023-12-13 16:20:39,701 [s4-groupManagement] INFO  server.RaftServerConfigKeys (ConfUtils.java:logGet(46)) - raft.server.rpc.timeout.max = 2000ms (custom)
2023-12-13 16:20:39,701 [Time-limited test] INFO  impl.GroupManagementBaseTest (GroupManagementBaseTest.java:runMultiGroupTest(260)) - putNewServer: printing ALL groups
  s3:      NEW      null s3@group-7980D1787839:t0, leader=null, voted=null, raftlog=UNINITIALIZED, conf=-1: peers:[]|listeners:[], old=null NEW
  s4:      NEW group-7980D1787839:java.util.concurrent.CompletableFuture@37c54fd5[Not completed]
  s0:      NEW      null s0@group-7980D1787839:t0, leader=null, voted=null, raftlog=UNINITIALIZED, conf=-1: peers:[]|listeners:[], old=null NEW
  s1:      NEW      null s1@group-7980D1787839:t0, leader=null, voted=null, raftlog=UNINITIALIZED, conf=-1: peers:[]|listeners:[], old=null NEW
  s2:      NEW      null s2@group-7980D1787839:t0, leader=null, voted=null, raftlog=UNINITIALIZED, conf=-1: peers:[]|listeners:[], old=null NEW
2023-12-13 16:20:39,702 [s4-groupManagement] INFO  server.RaftServerConfigKeys (ConfUtils.java:logGet(46)) - raft.server.rpc.sleep.time = 25ms (default)
2023-12-13 16:20:39,702 [s4-groupManagement] INFO  server.RaftServerConfigKeys (ConfUtils.java:logGet(46)) - raft.server.rpc.slowness.timeout = 60s (default)
2023-12-13 16:20:39,702 [s4-groupManagement] INFO  server.RaftServerConfigKeys (ConfUtils.java:logGet(46)) - raft.server.leaderelection.leader.step-down.wait-time = 10s (default)
2023-12-13 16:20:39,702 [s4-groupManagement] INFO  server.RaftServerConfigKeys (ConfUtils.java:logGet(46)) - raft.server.leaderelection.member.majority-add = false (default)
2023-12-13 16:20:39,702 [s4-groupManagement] INFO  server.RaftServerConfigKeys (ConfUtils.java:logGet(46)) - raft.server.sleep.deviation.threshold = 300ms (default)
2023-12-13 16:20:39,702 [s4-groupManagement] INFO  server.RaftServer$Division (ServerState.java:<init>(113)) - s4@group-7980D1787839: ConfigurationManager, init=-1: peers:[]|listeners:[], old=null, confs=<EMPTY_MAP>
2023-12-13 16:20:39,702 [s4-groupManagement] INFO  server.RaftServerConfigKeys (ConfUtils.java:logGet(46)) - raft.server.notification.no-leader.timeout = 60s (default)
2023-12-13 16:20:39,702 [s4-groupManagement] INFO  server.RaftServerConfigKeys (ConfUtils.java:logGet(46)) - raft.server.read.timeout = 10s (default)
2023-12-13 16:20:39,702 [s4-groupManagement] INFO  server.RaftServerConfigKeys (ConfUtils.java:logGet(46)) - raft.server.retrycache.expirytime = 60s (default)
2023-12-13 16:20:39,702 [s4-groupManagement] INFO  server.RaftServerConfigKeys (ConfUtils.java:logGet(46)) - raft.server.retrycache.statistics.expirytime = 100ms (default)
2023-12-13 16:20:39,702 [s4-groupManagement] INFO  server.RaftServerConfigKeys (ConfUtils.java:logGet(46)) - raft.server.read.option = DEFAULT (default)
2023-12-13 16:20:39,702 [s4-groupManagement] INFO  server.RaftServerConfigKeys (ConfUtils.java:logGet(46)) - raft.server.read.read-after-write-consistent.write-index-cache.expiry-time = 60s (default)
2023-12-13 16:20:39,703 [s4-groupManagement] INFO  server.RaftServerConfigKeys (ConfUtils.java:logGet(46)) - raft.server.rpc.request.timeout = 3000ms (default)
2023-12-13 16:20:39,703 [s4-groupManagement] INFO  server.RaftServerConfigKeys (ConfUtils.java:logGet(46)) - raft.server.log.appender.install.snapshot.enabled = true (default)
2023-12-13 16:20:39,703 [s4-groupManagement] INFO  server.RaftServerConfigKeys (ConfUtils.java:logGet(46)) - raft.server.threadpool.server.cached = true (default)
2023-12-13 16:20:39,703 [s4-groupManagement] INFO  server.RaftServerConfigKeys (ConfUtils.java:logGet(46)) - raft.server.threadpool.server.size = 0 (default)
2023-12-13 16:20:39,703 [s4-groupManagement] INFO  server.RaftServerConfigKeys (ConfUtils.java:logGet(46)) - raft.server.threadpool.client.cached = true (default)
2023-12-13 16:20:39,703 [s4-groupManagement] INFO  server.RaftServerConfigKeys (ConfUtils.java:logGet(46)) - raft.server.threadpool.client.size = 0 (default)
2023-12-13 16:20:40,702 [Time-limited test] INFO  impl.MiniRaftCluster (MiniRaftCluster.java:start(339)) - .............................................................. 
2023-12-13 16:20:40,702 [Time-limited test] INFO  impl.MiniRaftCluster (MiniRaftCluster.java:start(340)) - ... 
2023-12-13 16:20:40,702 [Time-limited test] INFO  impl.MiniRaftCluster (MiniRaftCluster.java:start(341)) - ...     Starting MiniRaftClusterWithGrpc
2023-12-13 16:20:40,702 [Time-limited test] INFO  impl.MiniRaftCluster (MiniRaftCluster.java:start(342)) - ... 
2023-12-13 16:20:40,702 [Time-limited test] INFO  impl.MiniRaftCluster (MiniRaftCluster.java:start(343)) - .............................................................. 
2023-12-13 16:20:40,702 [Time-limited test] INFO  impl.MiniRaftCluster (MiniRaftCluster.java:initServers(318)) - servers = {s3=s3:      NEW      null s3@group-7980D1787839:t0, leader=null, voted=null, raftlog=UNINITIALIZED, conf=-1: peers:[]|listeners:[], old=null NEW, s4=s4:      NEW      null s4@group-7980D1787839:t0, leader=null, voted=null, raftlog=UNINITIALIZED, conf=-1: peers:[]|listeners:[], old=null NEW, s0=s0:      NEW      null s0@group-7980D1787839:t0, leader=null, voted=null, raftlog=UNINITIALIZED, conf=-1: peers:[]|listeners:[], old=null NEW, s1=s1:      NEW      null s1@group-7980D1787839:t0, leader=null, voted=null, raftlog=UNINITIALIZED, conf=-1: peers:[]|listeners:[], old=null NEW, s2=s2:      NEW      null s2@group-7980D1787839:t0, leader=null, voted=null, raftlog=UNINITIALIZED, conf=-1: peers:[]|listeners:[], old=null NEW}
2023-12-13 16:20:40,702 [s3-impl-thread1] INFO  server.RaftServerConfigKeys (ConfUtils.java:logGet(46)) - raft.server.storage.free-space.min = 0MB (=0) (default)
2023-12-13 16:20:40,702 [s3-impl-thread1] INFO  server.RaftServerConfigKeys (ConfUtils.java:logGet(46)) - raft.server.log.corruption.policy = EXCEPTION (default)
2023-12-13 16:20:40,703 [s3-impl-thread1] INFO  server.RaftServerConfigKeys (ConfUtils.java:logGet(46)) - raft.server.storage.dir = [/home/runner/work/ratis/ratis/ratis-test/target/test/data/1e4ee837/MiniRaftClusterWithGrpc1406e638/s3] (custom)
2023-12-13 16:20:40,703 [s3-impl-thread1] INFO  storage.RaftStorageDirectory (RaftStorageDirectoryImpl.java:analyzeStorage(138)) - The storage directory /home/runner/work/ratis/ratis/ratis-test/target/test/data/1e4ee837/MiniRaftClusterWithGrpc1406e638/s3/3f5b46c5-02e2-4ab8-bb32-7980d1787839 does not exist. Creating ...
2023-12-13 16:20:40,703 [s3-impl-thread1] TRACE util.FileUtils (LogUtils.java:runAndLog(49)) - Successfully ran Files.createDirectories /home/runner/work/ratis/ratis/ratis-test/target/test/data/1e4ee837/MiniRaftClusterWithGrpc1406e638/s3/3f5b46c5-02e2-4ab8-bb32-7980d1787839
2023-12-13 16:20:40,704 [s3-impl-thread1] INFO  storage.RaftStorageDirectory (RaftStorageDirectoryImpl.java:tryLock(228)) - Lock on /home/runner/work/ratis/ratis/ratis-test/target/test/data/1e4ee837/MiniRaftClusterWithGrpc1406e638/s3/3f5b46c5-02e2-4ab8-bb32-7980d1787839/in_use.lock acquired by nodename 10819@fv-az890-872
2023-12-13 16:20:40,705 [s3-impl-thread1] TRACE util.FileUtils (LogUtils.java:runAndLog(49)) - Successfully ran Files.createDirectories /home/runner/work/ratis/ratis/ratis-test/target/test/data/1e4ee837/MiniRaftClusterWithGrpc1406e638/s3/3f5b46c5-02e2-4ab8-bb32-7980d1787839/current
2023-12-13 16:20:40,705 [s3-impl-thread1] TRACE util.FileUtils (LogUtils.java:runAndLog(49)) - Successfully ran Files.createDirectories /home/runner/work/ratis/ratis/ratis-test/target/test/data/1e4ee837/MiniRaftClusterWithGrpc1406e638/s3/3f5b46c5-02e2-4ab8-bb32-7980d1787839/sm
2023-12-13 16:20:40,705 [s3-impl-thread1] TRACE util.FileUtils (LogUtils.java:supplyAndLog(69)) - Successfully supplied FileChannel.open /home/runner/work/ratis/ratis/ratis-test/target/test/data/1e4ee837/MiniRaftClusterWithGrpc1406e638/s3/3f5b46c5-02e2-4ab8-bb32-7980d1787839/current/raft-meta.tmp with options [CREATE, WRITE]: sun.nio.ch.FileChannelImpl@1baa26fa
2023-12-13 16:20:40,706 [s3-impl-thread1] TRACE util.FileUtils (LogUtils.java:runAndLog(49)) - Successfully ran Atomic Files.move /home/runner/work/ratis/ratis/ratis-test/target/test/data/1e4ee837/MiniRaftClusterWithGrpc1406e638/s3/3f5b46c5-02e2-4ab8-bb32-7980d1787839/current/raft-meta.tmp to /home/runner/work/ratis/ratis/ratis-test/target/test/data/1e4ee837/MiniRaftClusterWithGrpc1406e638/s3/3f5b46c5-02e2-4ab8-bb32-7980d1787839/current/raft-meta with options [REPLACE_EXISTING]
2023-12-13 16:20:40,706 [s3-impl-thread1] INFO  storage.RaftStorage (RaftStorageImpl.java:format(99)) - Storage directory /home/runner/work/ratis/ratis/ratis-test/target/test/data/1e4ee837/MiniRaftClusterWithGrpc1406e638/s3/3f5b46c5-02e2-4ab8-bb32-7980d1787839 has been successfully formatted.
2023-12-13 16:20:40,706 [s3-impl-thread1] TRACE util.FileUtils (LogUtils.java:supplyAndLog(61)) - Failed to Files.newInputStream /home/runner/work/ratis/ratis/ratis-test/target/test/data/1e4ee837/MiniRaftClusterWithGrpc1406e638/s3/3f5b46c5-02e2-4ab8-bb32-7980d1787839/current/raft-meta.conf with options []
java.nio.file.NoSuchFileException: /home/runner/work/ratis/ratis/ratis-test/target/test/data/1e4ee837/MiniRaftClusterWithGrpc1406e638/s3/3f5b46c5-02e2-4ab8-bb32-7980d1787839/current/raft-meta.conf
	at java.base/sun.nio.fs.UnixException.translateToIOException(UnixException.java:92)
	at java.base/sun.nio.fs.UnixException.rethrowAsIOException(UnixException.java:111)
	at java.base/sun.nio.fs.UnixException.rethrowAsIOException(UnixException.java:116)
	at java.base/sun.nio.fs.UnixFileSystemProvider.newByteChannel(UnixFileSystemProvider.java:219)
	at java.base/java.nio.file.Files.newByteChannel(Files.java:371)
	at java.base/java.nio.file.Files.newByteChannel(Files.java:422)
	at java.base/java.nio.file.spi.FileSystemProvider.newInputStream(FileSystemProvider.java:420)
	at java.base/java.nio.file.Files.newInputStream(Files.java:156)
	at org.apache.ratis.util.FileUtils.lambda$newInputStream$2(FileUtils.java:73)
	at org.apache.ratis.util.LogUtils.supplyAndLog(LogUtils.java:58)
	at org.apache.ratis.util.FileUtils.newInputStream(FileUtils.java:72)
	at org.apache.ratis.util.FileUtils.newInputStream(FileUtils.java:68)
	at org.apache.ratis.server.storage.RaftStorageImpl.readRaftConfiguration(RaftStorageImpl.java:156)
	at org.apache.ratis.server.impl.ServerState.initialize(ServerState.java:141)
	at org.apache.ratis.server.impl.RaftServerImpl.start(RaftServerImpl.java:388)
	at org.apache.ratis.util.ConcurrentUtils.accept(ConcurrentUtils.java:203)
	at org.apache.ratis.util.ConcurrentUtils.lambda$parallelForEachAsync$4(ConcurrentUtils.java:182)
	at java.base/java.util.concurrent.ThreadPoolExecutor.runWorker(ThreadPoolExecutor.java:1128)
	at java.base/java.util.concurrent.ThreadPoolExecutor$Worker.run(ThreadPoolExecutor.java:628)
	at java.base/java.lang.Thread.run(Thread.java:829)
2023-12-13 16:20:40,706 [s3-impl-thread1] INFO  server.RaftServerConfigKeys (ConfUtils.java:logGet(46)) - raft.server.log.use.memory = false (default)
2023-12-13 16:20:40,706 [s3-impl-thread1] INFO  server.RaftServerConfigKeys (ConfUtils.java:logGet(46)) - raft.server.log.purge.gap = 1024 (default)
2023-12-13 16:20:40,706 [s3-impl-thread1] INFO  server.RaftServerConfigKeys (ConfUtils.java:logGet(46)) - raft.server.log.appender.buffer.byte-limit = 4MB (=4194304) (default)
2023-12-13 16:20:40,706 [s3-impl-thread1] INFO  server.RaftServerConfigKeys (ConfUtils.java:logGet(46)) - raft.server.log.statemachine.data.read.timeout = 1000ms (default)
2023-12-13 16:20:40,707 [s3-impl-thread1] INFO  server.RaftServerConfigKeys (ConfUtils.java:logGet(46)) - raft.server.log.purge.preservation.log.num = 0 (default)
2023-12-13 16:20:40,707 [s3-impl-thread1] INFO  server.RaftServerConfigKeys (ConfUtils.java:logGet(46)) - raft.server.log.segment.size.max = 32MB (=33554432) (default)
2023-12-13 16:20:40,707 [s3-impl-thread1] INFO  server.RaftServerConfigKeys (ConfUtils.java:logGet(46)) - raft.server.log.segment.cache.num.max = 6 (default)
2023-12-13 16:20:40,707 [s3-impl-thread1] INFO  server.RaftServerConfigKeys (ConfUtils.java:logGet(46)) - raft.server.log.segment.cache.size.max = 200MB (=209715200) (default)
2023-12-13 16:20:40,707 [s3-impl-thread1] INFO  server.RaftServerConfigKeys (ConfUtils.java:logGet(46)) - raft.server.log.appender.buffer.byte-limit = 4MB (=4194304) (default)
2023-12-13 16:20:40,707 [s3-impl-thread1] INFO  util.AwaitToRun (AwaitToRun.java:start(81)) - Thread[s3@group-7980D1787839-cacheEviction-AwaitToRun,5,main] started
2023-12-13 16:20:40,707 [s3-impl-thread1] INFO  segmented.SegmentedRaftLogWorker (SegmentedRaftLogWorker.java:<init>(182)) - new s3@group-7980D1787839-SegmentedRaftLogWorker for RaftStorageImpl:Storage Directory /home/runner/work/ratis/ratis/ratis-test/target/test/data/1e4ee837/MiniRaftClusterWithGrpc1406e638/s3/3f5b46c5-02e2-4ab8-bb32-7980d1787839
2023-12-13 16:20:40,707 [s3-impl-thread1] INFO  server.RaftServerConfigKeys (ConfUtils.java:logGet(46)) - raft.server.log.queue.byte-limit = 64MB (=67108864) (default)
2023-12-13 16:20:40,707 [s3-impl-thread1] INFO  server.RaftServerConfigKeys (ConfUtils.java:logGet(46)) - raft.server.log.queue.element-limit = 4096 (default)
2023-12-13 16:20:40,707 [s3-impl-thread1] INFO  server.RaftServerConfigKeys (ConfUtils.java:logGet(46)) - raft.server.log.segment.size.max = 32MB (=33554432) (default)
2023-12-13 16:20:40,707 [s3-impl-thread1] INFO  server.RaftServerConfigKeys (ConfUtils.java:logGet(46)) - raft.server.log.preallocated.size = 4MB (=4194304) (default)
2023-12-13 16:20:40,707 [s3-impl-thread1] INFO  server.RaftServerConfigKeys (ConfUtils.java:logGet(46)) - raft.server.log.force.sync.num = 128 (default)
2023-12-13 16:20:40,707 [s3-impl-thread1] INFO  server.RaftServerConfigKeys (ConfUtils.java:logGet(46)) - raft.server.log.statemachine.data.sync = true (default)
2023-12-13 16:20:40,707 [s3-impl-thread1] INFO  server.RaftServerConfigKeys (ConfUtils.java:logGet(46)) - raft.server.log.statemachine.data.sync.timeout = 10s (default)
2023-12-13 16:20:40,707 [s3-impl-thread1] INFO  server.RaftServerConfigKeys (ConfUtils.java:logGet(46)) - raft.server.log.statemachine.data.sync.timeout.retry = -1 (default)
2023-12-13 16:20:40,708 [s3-impl-thread1] INFO  server.RaftServerConfigKeys (ConfUtils.java:logGet(46)) - raft.server.log.write.buffer.size = 8MB (=8388608) (default)
2023-12-13 16:20:40,709 [s3-impl-thread1] INFO  server.RaftServerConfigKeys (ConfUtils.java:logGet(46)) - raft.server.log.appender.buffer.byte-limit = 4MB (=4194304) (default)
2023-12-13 16:20:40,709 [s3-impl-thread1] INFO  server.RaftServerConfigKeys (ConfUtils.java:logGet(46)) - raft.server.log.unsafe-flush.enabled = false (default)
2023-12-13 16:20:40,709 [s3-impl-thread1] INFO  server.RaftServerConfigKeys (ConfUtils.java:logGet(46)) - raft.server.log.async-flush.enabled = false (default)
2023-12-13 16:20:40,709 [s3-impl-thread1] INFO  server.RaftServerConfigKeys (ConfUtils.java:logGet(46)) - raft.server.log.statemachine.data.caching.enabled = false (default)
2023-12-13 16:20:40,709 [s3-impl-thread1] INFO  segmented.SegmentedRaftLogWorker (SegmentedRaftLogWorker.java:lambda$new$0(134)) - s3@group-7980D1787839-SegmentedRaftLogWorker: flushIndex: setUnconditionally 0 -> -1
2023-12-13 16:20:40,709 [s3-impl-thread1] INFO  segmented.SegmentedRaftLogWorker (SegmentedRaftLogWorker.java:lambda$new$0(134)) - s3@group-7980D1787839-SegmentedRaftLogWorker: safeCacheEvictIndex: setUnconditionally 0 -> -1
2023-12-13 16:20:40,709 [s3-impl-thread1] INFO  server.RaftServer$Division (RaftServerImpl.java:start(398)) - s3@group-7980D1787839: start with initializing state, conf=-1: peers:[]|listeners:[], old=null
2023-12-13 16:20:40,709 [s3-impl-thread1] INFO  server.RaftServer$Division (RaftServerImpl.java:setRole(379)) - s3@group-7980D1787839: changes role from      null to FOLLOWER at term 0 for startInitializing
2023-12-13 16:20:40,710 [s3-impl-thread1] INFO  util.JmxRegister (JmxRegister.java:tryRegister(44)) - Successfully registered JMX Bean with object name Ratis:service=RaftServer,group=group-7980D1787839,id=s3
2023-12-13 16:20:40,710 [s3-impl-thread1] INFO  server.RaftServerConfigKeys (ConfUtils.java:logGet(46)) - raft.server.snapshot.trigger-when-stop.enabled = true (default)
2023-12-13 16:20:40,710 [s3-impl-thread1] INFO  server.RaftServerConfigKeys (ConfUtils.java:logGet(46)) - raft.server.snapshot.auto.trigger.enabled = false (default)
2023-12-13 16:20:40,710 [s3-impl-thread1] INFO  server.RaftServerConfigKeys (ConfUtils.java:logGet(46)) - raft.server.snapshot.retention.file.num = -1 (default)
2023-12-13 16:20:40,710 [s3-impl-thread1] INFO  server.RaftServerConfigKeys (ConfUtils.java:logGet(46)) - raft.server.log.purge.upto.snapshot.index = false (default)
2023-12-13 16:20:40,710 [Time-limited test] INFO  server.RaftServer (RaftServerProxy.java:startImpl(406)) - s3: start RPC server
2023-12-13 16:20:40,711 [Time-limited test] INFO  server.GrpcService (GrpcService.java:startImpl(302)) - s3: GrpcService started, listening on 35071
2023-12-13 16:20:40,712 [JvmPauseMonitor10] INFO  util.JvmPauseMonitor (JvmPauseMonitor.java:run(146)) - JvmPauseMonitor-s3: Started
2023-12-13 16:20:40,712 [s4-impl-thread1] INFO  server.RaftServerConfigKeys (ConfUtils.java:logGet(46)) - raft.server.storage.free-space.min = 0MB (=0) (default)
2023-12-13 16:20:40,712 [s4-impl-thread1] INFO  server.RaftServerConfigKeys (ConfUtils.java:logGet(46)) - raft.server.log.corruption.policy = EXCEPTION (default)
2023-12-13 16:20:40,712 [s4-impl-thread1] INFO  server.RaftServerConfigKeys (ConfUtils.java:logGet(46)) - raft.server.storage.dir = [/home/runner/work/ratis/ratis/ratis-test/target/test/data/1e4ee837/MiniRaftClusterWithGrpc1406e638/s4] (custom)
2023-12-13 16:20:40,712 [s4-impl-thread1] INFO  storage.RaftStorageDirectory (RaftStorageDirectoryImpl.java:analyzeStorage(138)) - The storage directory /home/runner/work/ratis/ratis/ratis-test/target/test/data/1e4ee837/MiniRaftClusterWithGrpc1406e638/s4/3f5b46c5-02e2-4ab8-bb32-7980d1787839 does not exist. Creating ...
2023-12-13 16:20:40,712 [s4-impl-thread1] TRACE util.FileUtils (LogUtils.java:runAndLog(49)) - Successfully ran Files.createDirectories /home/runner/work/ratis/ratis/ratis-test/target/test/data/1e4ee837/MiniRaftClusterWithGrpc1406e638/s4/3f5b46c5-02e2-4ab8-bb32-7980d1787839
2023-12-13 16:20:40,713 [s4-impl-thread1] INFO  storage.RaftStorageDirectory (RaftStorageDirectoryImpl.java:tryLock(228)) - Lock on /home/runner/work/ratis/ratis/ratis-test/target/test/data/1e4ee837/MiniRaftClusterWithGrpc1406e638/s4/3f5b46c5-02e2-4ab8-bb32-7980d1787839/in_use.lock acquired by nodename 10819@fv-az890-872
2023-12-13 16:20:40,713 [s4-impl-thread1] TRACE util.FileUtils (LogUtils.java:runAndLog(49)) - Successfully ran Files.createDirectories /home/runner/work/ratis/ratis/ratis-test/target/test/data/1e4ee837/MiniRaftClusterWithGrpc1406e638/s4/3f5b46c5-02e2-4ab8-bb32-7980d1787839/current
2023-12-13 16:20:40,713 [s4-impl-thread1] TRACE util.FileUtils (LogUtils.java:runAndLog(49)) - Successfully ran Files.createDirectories /home/runner/work/ratis/ratis/ratis-test/target/test/data/1e4ee837/MiniRaftClusterWithGrpc1406e638/s4/3f5b46c5-02e2-4ab8-bb32-7980d1787839/sm
2023-12-13 16:20:40,713 [s4-impl-thread1] TRACE util.FileUtils (LogUtils.java:supplyAndLog(69)) - Successfully supplied FileChannel.open /home/runner/work/ratis/ratis/ratis-test/target/test/data/1e4ee837/MiniRaftClusterWithGrpc1406e638/s4/3f5b46c5-02e2-4ab8-bb32-7980d1787839/current/raft-meta.tmp with options [CREATE, WRITE]: sun.nio.ch.FileChannelImpl@48ed5931
2023-12-13 16:20:40,714 [s4-impl-thread1] TRACE util.FileUtils (LogUtils.java:runAndLog(49)) - Successfully ran Atomic Files.move /home/runner/work/ratis/ratis/ratis-test/target/test/data/1e4ee837/MiniRaftClusterWithGrpc1406e638/s4/3f5b46c5-02e2-4ab8-bb32-7980d1787839/current/raft-meta.tmp to /home/runner/work/ratis/ratis/ratis-test/target/test/data/1e4ee837/MiniRaftClusterWithGrpc1406e638/s4/3f5b46c5-02e2-4ab8-bb32-7980d1787839/current/raft-meta with options [REPLACE_EXISTING]
2023-12-13 16:20:40,714 [s4-impl-thread1] INFO  storage.RaftStorage (RaftStorageImpl.java:format(99)) - Storage directory /home/runner/work/ratis/ratis/ratis-test/target/test/data/1e4ee837/MiniRaftClusterWithGrpc1406e638/s4/3f5b46c5-02e2-4ab8-bb32-7980d1787839 has been successfully formatted.
2023-12-13 16:20:40,714 [s4-impl-thread1] TRACE util.FileUtils (LogUtils.java:supplyAndLog(61)) - Failed to Files.newInputStream /home/runner/work/ratis/ratis/ratis-test/target/test/data/1e4ee837/MiniRaftClusterWithGrpc1406e638/s4/3f5b46c5-02e2-4ab8-bb32-7980d1787839/current/raft-meta.conf with options []
java.nio.file.NoSuchFileException: /home/runner/work/ratis/ratis/ratis-test/target/test/data/1e4ee837/MiniRaftClusterWithGrpc1406e638/s4/3f5b46c5-02e2-4ab8-bb32-7980d1787839/current/raft-meta.conf
	at java.base/sun.nio.fs.UnixException.translateToIOException(UnixException.java:92)
	at java.base/sun.nio.fs.UnixException.rethrowAsIOException(UnixException.java:111)
	at java.base/sun.nio.fs.UnixException.rethrowAsIOException(UnixException.java:116)
	at java.base/sun.nio.fs.UnixFileSystemProvider.newByteChannel(UnixFileSystemProvider.java:219)
	at java.base/java.nio.file.Files.newByteChannel(Files.java:371)
	at java.base/java.nio.file.Files.newByteChannel(Files.java:422)
	at java.base/java.nio.file.spi.FileSystemProvider.newInputStream(FileSystemProvider.java:420)
	at java.base/java.nio.file.Files.newInputStream(Files.java:156)
	at org.apache.ratis.util.FileUtils.lambda$newInputStream$2(FileUtils.java:73)
	at org.apache.ratis.util.LogUtils.supplyAndLog(LogUtils.java:58)
	at org.apache.ratis.util.FileUtils.newInputStream(FileUtils.java:72)
	at org.apache.ratis.util.FileUtils.newInputStream(FileUtils.java:68)
	at org.apache.ratis.server.storage.RaftStorageImpl.readRaftConfiguration(RaftStorageImpl.java:156)
	at org.apache.ratis.server.impl.ServerState.initialize(ServerState.java:141)
	at org.apache.ratis.server.impl.RaftServerImpl.start(RaftServerImpl.java:388)
	at org.apache.ratis.util.ConcurrentUtils.accept(ConcurrentUtils.java:203)
	at org.apache.ratis.util.ConcurrentUtils.lambda$parallelForEachAsync$4(ConcurrentUtils.java:182)
	at java.base/java.util.concurrent.ThreadPoolExecutor.runWorker(ThreadPoolExecutor.java:1128)
	at java.base/java.util.concurrent.ThreadPoolExecutor$Worker.run(ThreadPoolExecutor.java:628)
	at java.base/java.lang.Thread.run(Thread.java:829)
2023-12-13 16:20:40,714 [s4-impl-thread1] INFO  server.RaftServerConfigKeys (ConfUtils.java:logGet(46)) - raft.server.log.use.memory = false (default)
2023-12-13 16:20:40,714 [s4-impl-thread1] INFO  server.RaftServerConfigKeys (ConfUtils.java:logGet(46)) - raft.server.log.purge.gap = 1024 (default)
2023-12-13 16:20:40,715 [s4-impl-thread1] INFO  server.RaftServerConfigKeys (ConfUtils.java:logGet(46)) - raft.server.log.appender.buffer.byte-limit = 4MB (=4194304) (default)
2023-12-13 16:20:40,715 [s4-impl-thread1] INFO  server.RaftServerConfigKeys (ConfUtils.java:logGet(46)) - raft.server.log.statemachine.data.read.timeout = 1000ms (default)
2023-12-13 16:20:40,715 [s4-impl-thread1] INFO  server.RaftServerConfigKeys (ConfUtils.java:logGet(46)) - raft.server.log.purge.preservation.log.num = 0 (default)
2023-12-13 16:20:40,715 [s4-impl-thread1] INFO  server.RaftServerConfigKeys (ConfUtils.java:logGet(46)) - raft.server.log.segment.size.max = 32MB (=33554432) (default)
2023-12-13 16:20:40,715 [s4-impl-thread1] INFO  server.RaftServerConfigKeys (ConfUtils.java:logGet(46)) - raft.server.log.segment.cache.num.max = 6 (default)
2023-12-13 16:20:40,715 [s4-impl-thread1] INFO  server.RaftServerConfigKeys (ConfUtils.java:logGet(46)) - raft.server.log.segment.cache.size.max = 200MB (=209715200) (default)
2023-12-13 16:20:40,715 [s4-impl-thread1] INFO  server.RaftServerConfigKeys (ConfUtils.java:logGet(46)) - raft.server.log.appender.buffer.byte-limit = 4MB (=4194304) (default)
2023-12-13 16:20:40,715 [s4-impl-thread1] INFO  util.AwaitToRun (AwaitToRun.java:start(81)) - Thread[s4@group-7980D1787839-cacheEviction-AwaitToRun,5,main] started
2023-12-13 16:20:40,715 [s4-impl-thread1] INFO  segmented.SegmentedRaftLogWorker (SegmentedRaftLogWorker.java:<init>(182)) - new s4@group-7980D1787839-SegmentedRaftLogWorker for RaftStorageImpl:Storage Directory /home/runner/work/ratis/ratis/ratis-test/target/test/data/1e4ee837/MiniRaftClusterWithGrpc1406e638/s4/3f5b46c5-02e2-4ab8-bb32-7980d1787839
2023-12-13 16:20:40,715 [s4-impl-thread1] INFO  server.RaftServerConfigKeys (ConfUtils.java:logGet(46)) - raft.server.log.queue.byte-limit = 64MB (=67108864) (default)
2023-12-13 16:20:40,715 [s4-impl-thread1] INFO  server.RaftServerConfigKeys (ConfUtils.java:logGet(46)) - raft.server.log.queue.element-limit = 4096 (default)
2023-12-13 16:20:40,715 [s4-impl-thread1] INFO  server.RaftServerConfigKeys (ConfUtils.java:logGet(46)) - raft.server.log.segment.size.max = 32MB (=33554432) (default)
2023-12-13 16:20:40,715 [s4-impl-thread1] INFO  server.RaftServerConfigKeys (ConfUtils.java:logGet(46)) - raft.server.log.preallocated.size = 4MB (=4194304) (default)
2023-12-13 16:20:40,715 [s4-impl-thread1] INFO  server.RaftServerConfigKeys (ConfUtils.java:logGet(46)) - raft.server.log.force.sync.num = 128 (default)
2023-12-13 16:20:40,715 [s4-impl-thread1] INFO  server.RaftServerConfigKeys (ConfUtils.java:logGet(46)) - raft.server.log.statemachine.data.sync = true (default)
2023-12-13 16:20:40,715 [s4-impl-thread1] INFO  server.RaftServerConfigKeys (ConfUtils.java:logGet(46)) - raft.server.log.statemachine.data.sync.timeout = 10s (default)
2023-12-13 16:20:40,715 [s4-impl-thread1] INFO  server.RaftServerConfigKeys (ConfUtils.java:logGet(46)) - raft.server.log.statemachine.data.sync.timeout.retry = -1 (default)
2023-12-13 16:20:40,715 [s4-impl-thread1] INFO  server.RaftServerConfigKeys (ConfUtils.java:logGet(46)) - raft.server.log.write.buffer.size = 8MB (=8388608) (default)
2023-12-13 16:20:40,717 [s4-impl-thread1] INFO  server.RaftServerConfigKeys (ConfUtils.java:logGet(46)) - raft.server.log.appender.buffer.byte-limit = 4MB (=4194304) (default)
2023-12-13 16:20:40,717 [s4-impl-thread1] INFO  server.RaftServerConfigKeys (ConfUtils.java:logGet(46)) - raft.server.log.unsafe-flush.enabled = false (default)
2023-12-13 16:20:40,717 [s4-impl-thread1] INFO  server.RaftServerConfigKeys (ConfUtils.java:logGet(46)) - raft.server.log.async-flush.enabled = false (default)
2023-12-13 16:20:40,717 [s4-impl-thread1] INFO  server.RaftServerConfigKeys (ConfUtils.java:logGet(46)) - raft.server.log.statemachine.data.caching.enabled = false (default)
2023-12-13 16:20:40,717 [s4-impl-thread1] INFO  segmented.SegmentedRaftLogWorker (SegmentedRaftLogWorker.java:lambda$new$0(134)) - s4@group-7980D1787839-SegmentedRaftLogWorker: flushIndex: setUnconditionally 0 -> -1
2023-12-13 16:20:40,717 [s4-impl-thread1] INFO  segmented.SegmentedRaftLogWorker (SegmentedRaftLogWorker.java:lambda$new$0(134)) - s4@group-7980D1787839-SegmentedRaftLogWorker: safeCacheEvictIndex: setUnconditionally 0 -> -1
2023-12-13 16:20:40,717 [s4-impl-thread1] INFO  server.RaftServer$Division (RaftServerImpl.java:start(398)) - s4@group-7980D1787839: start with initializing state, conf=-1: peers:[]|listeners:[], old=null
2023-12-13 16:20:40,717 [s4-impl-thread1] INFO  server.RaftServer$Division (RaftServerImpl.java:setRole(379)) - s4@group-7980D1787839: changes role from      null to FOLLOWER at term 0 for startInitializing
2023-12-13 16:20:40,717 [s4-impl-thread1] INFO  util.JmxRegister (JmxRegister.java:tryRegister(44)) - Successfully registered JMX Bean with object name Ratis:service=RaftServer,group=group-7980D1787839,id=s4
2023-12-13 16:20:40,717 [s4-impl-thread1] INFO  server.RaftServerConfigKeys (ConfUtils.java:logGet(46)) - raft.server.snapshot.trigger-when-stop.enabled = true (default)
2023-12-13 16:20:40,717 [s4-impl-thread1] INFO  server.RaftServerConfigKeys (ConfUtils.java:logGet(46)) - raft.server.snapshot.auto.trigger.enabled = false (default)
2023-12-13 16:20:40,717 [s4-impl-thread1] INFO  server.RaftServerConfigKeys (ConfUtils.java:logGet(46)) - raft.server.snapshot.retention.file.num = -1 (default)
2023-12-13 16:20:40,717 [s4-impl-thread1] INFO  server.RaftServerConfigKeys (ConfUtils.java:logGet(46)) - raft.server.log.purge.upto.snapshot.index = false (default)
2023-12-13 16:20:40,718 [Time-limited test] INFO  server.RaftServer (RaftServerProxy.java:startImpl(406)) - s4: start RPC server
2023-12-13 16:20:40,719 [Time-limited test] INFO  server.GrpcService (GrpcService.java:startImpl(302)) - s4: GrpcService started, listening on 35023
2023-12-13 16:20:40,719 [JvmPauseMonitor11] INFO  util.JvmPauseMonitor (JvmPauseMonitor.java:run(146)) - JvmPauseMonitor-s4: Started
2023-12-13 16:20:40,719 [s0-impl-thread1] INFO  server.RaftServerConfigKeys (ConfUtils.java:logGet(46)) - raft.server.storage.free-space.min = 0MB (=0) (default)
2023-12-13 16:20:40,719 [s0-impl-thread1] INFO  server.RaftServerConfigKeys (ConfUtils.java:logGet(46)) - raft.server.log.corruption.policy = EXCEPTION (default)
2023-12-13 16:20:40,719 [s0-impl-thread1] INFO  server.RaftServerConfigKeys (ConfUtils.java:logGet(46)) - raft.server.storage.dir = [/home/runner/work/ratis/ratis/ratis-test/target/test/data/1e4ee837/MiniRaftClusterWithGrpc1406e638/s0] (custom)
2023-12-13 16:20:40,719 [s0-impl-thread1] INFO  storage.RaftStorageDirectory (RaftStorageDirectoryImpl.java:analyzeStorage(138)) - The storage directory /home/runner/work/ratis/ratis/ratis-test/target/test/data/1e4ee837/MiniRaftClusterWithGrpc1406e638/s0/3f5b46c5-02e2-4ab8-bb32-7980d1787839 does not exist. Creating ...
2023-12-13 16:20:40,719 [s0-impl-thread1] TRACE util.FileUtils (LogUtils.java:runAndLog(49)) - Successfully ran Files.createDirectories /home/runner/work/ratis/ratis/ratis-test/target/test/data/1e4ee837/MiniRaftClusterWithGrpc1406e638/s0/3f5b46c5-02e2-4ab8-bb32-7980d1787839
2023-12-13 16:20:40,720 [s0-impl-thread1] INFO  storage.RaftStorageDirectory (RaftStorageDirectoryImpl.java:tryLock(228)) - Lock on /home/runner/work/ratis/ratis/ratis-test/target/test/data/1e4ee837/MiniRaftClusterWithGrpc1406e638/s0/3f5b46c5-02e2-4ab8-bb32-7980d1787839/in_use.lock acquired by nodename 10819@fv-az890-872
2023-12-13 16:20:40,721 [s0-impl-thread1] TRACE util.FileUtils (LogUtils.java:runAndLog(49)) - Successfully ran Files.createDirectories /home/runner/work/ratis/ratis/ratis-test/target/test/data/1e4ee837/MiniRaftClusterWithGrpc1406e638/s0/3f5b46c5-02e2-4ab8-bb32-7980d1787839/current
2023-12-13 16:20:40,721 [s0-impl-thread1] TRACE util.FileUtils (LogUtils.java:runAndLog(49)) - Successfully ran Files.createDirectories /home/runner/work/ratis/ratis/ratis-test/target/test/data/1e4ee837/MiniRaftClusterWithGrpc1406e638/s0/3f5b46c5-02e2-4ab8-bb32-7980d1787839/sm
2023-12-13 16:20:40,721 [s0-impl-thread1] TRACE util.FileUtils (LogUtils.java:supplyAndLog(69)) - Successfully supplied FileChannel.open /home/runner/work/ratis/ratis/ratis-test/target/test/data/1e4ee837/MiniRaftClusterWithGrpc1406e638/s0/3f5b46c5-02e2-4ab8-bb32-7980d1787839/current/raft-meta.tmp with options [CREATE, WRITE]: sun.nio.ch.FileChannelImpl@10913f29
2023-12-13 16:20:40,721 [s0-impl-thread1] TRACE util.FileUtils (LogUtils.java:runAndLog(49)) - Successfully ran Atomic Files.move /home/runner/work/ratis/ratis/ratis-test/target/test/data/1e4ee837/MiniRaftClusterWithGrpc1406e638/s0/3f5b46c5-02e2-4ab8-bb32-7980d1787839/current/raft-meta.tmp to /home/runner/work/ratis/ratis/ratis-test/target/test/data/1e4ee837/MiniRaftClusterWithGrpc1406e638/s0/3f5b46c5-02e2-4ab8-bb32-7980d1787839/current/raft-meta with options [REPLACE_EXISTING]
2023-12-13 16:20:40,721 [s0-impl-thread1] INFO  storage.RaftStorage (RaftStorageImpl.java:format(99)) - Storage directory /home/runner/work/ratis/ratis/ratis-test/target/test/data/1e4ee837/MiniRaftClusterWithGrpc1406e638/s0/3f5b46c5-02e2-4ab8-bb32-7980d1787839 has been successfully formatted.
2023-12-13 16:20:40,722 [s0-impl-thread1] TRACE util.FileUtils (LogUtils.java:supplyAndLog(61)) - Failed to Files.newInputStream /home/runner/work/ratis/ratis/ratis-test/target/test/data/1e4ee837/MiniRaftClusterWithGrpc1406e638/s0/3f5b46c5-02e2-4ab8-bb32-7980d1787839/current/raft-meta.conf with options []
java.nio.file.NoSuchFileException: /home/runner/work/ratis/ratis/ratis-test/target/test/data/1e4ee837/MiniRaftClusterWithGrpc1406e638/s0/3f5b46c5-02e2-4ab8-bb32-7980d1787839/current/raft-meta.conf
	at java.base/sun.nio.fs.UnixException.translateToIOException(UnixException.java:92)
	at java.base/sun.nio.fs.UnixException.rethrowAsIOException(UnixException.java:111)
	at java.base/sun.nio.fs.UnixException.rethrowAsIOException(UnixException.java:116)
	at java.base/sun.nio.fs.UnixFileSystemProvider.newByteChannel(UnixFileSystemProvider.java:219)
	at java.base/java.nio.file.Files.newByteChannel(Files.java:371)
	at java.base/java.nio.file.Files.newByteChannel(Files.java:422)
	at java.base/java.nio.file.spi.FileSystemProvider.newInputStream(FileSystemProvider.java:420)
	at java.base/java.nio.file.Files.newInputStream(Files.java:156)
	at org.apache.ratis.util.FileUtils.lambda$newInputStream$2(FileUtils.java:73)
	at org.apache.ratis.util.LogUtils.supplyAndLog(LogUtils.java:58)
	at org.apache.ratis.util.FileUtils.newInputStream(FileUtils.java:72)
	at org.apache.ratis.util.FileUtils.newInputStream(FileUtils.java:68)
	at org.apache.ratis.server.storage.RaftStorageImpl.readRaftConfiguration(RaftStorageImpl.java:156)
	at org.apache.ratis.server.impl.ServerState.initialize(ServerState.java:141)
	at org.apache.ratis.server.impl.RaftServerImpl.start(RaftServerImpl.java:388)
	at org.apache.ratis.util.ConcurrentUtils.accept(ConcurrentUtils.java:203)
	at org.apache.ratis.util.ConcurrentUtils.lambda$parallelForEachAsync$4(ConcurrentUtils.java:182)
	at java.base/java.util.concurrent.ThreadPoolExecutor.runWorker(ThreadPoolExecutor.java:1128)
	at java.base/java.util.concurrent.ThreadPoolExecutor$Worker.run(ThreadPoolExecutor.java:628)
	at java.base/java.lang.Thread.run(Thread.java:829)
2023-12-13 16:20:40,722 [s0-impl-thread1] INFO  server.RaftServerConfigKeys (ConfUtils.java:logGet(46)) - raft.server.log.use.memory = false (default)
2023-12-13 16:20:40,722 [s0-impl-thread1] INFO  server.RaftServerConfigKeys (ConfUtils.java:logGet(46)) - raft.server.log.purge.gap = 1024 (default)
2023-12-13 16:20:40,722 [s0-impl-thread1] INFO  server.RaftServerConfigKeys (ConfUtils.java:logGet(46)) - raft.server.log.appender.buffer.byte-limit = 4MB (=4194304) (default)
2023-12-13 16:20:40,722 [s0-impl-thread1] INFO  server.RaftServerConfigKeys (ConfUtils.java:logGet(46)) - raft.server.log.statemachine.data.read.timeout = 1000ms (default)
2023-12-13 16:20:40,722 [s0-impl-thread1] INFO  server.RaftServerConfigKeys (ConfUtils.java:logGet(46)) - raft.server.log.purge.preservation.log.num = 0 (default)
2023-12-13 16:20:40,722 [s0-impl-thread1] INFO  server.RaftServerConfigKeys (ConfUtils.java:logGet(46)) - raft.server.log.segment.size.max = 32MB (=33554432) (default)
2023-12-13 16:20:40,722 [s0-impl-thread1] INFO  server.RaftServerConfigKeys (ConfUtils.java:logGet(46)) - raft.server.log.segment.cache.num.max = 6 (default)
2023-12-13 16:20:40,722 [s0-impl-thread1] INFO  server.RaftServerConfigKeys (ConfUtils.java:logGet(46)) - raft.server.log.segment.cache.size.max = 200MB (=209715200) (default)
2023-12-13 16:20:40,722 [s0-impl-thread1] INFO  server.RaftServerConfigKeys (ConfUtils.java:logGet(46)) - raft.server.log.appender.buffer.byte-limit = 4MB (=4194304) (default)
2023-12-13 16:20:40,722 [s0-impl-thread1] INFO  util.AwaitToRun (AwaitToRun.java:start(81)) - Thread[s0@group-7980D1787839-cacheEviction-AwaitToRun,5,main] started
2023-12-13 16:20:40,722 [s0-impl-thread1] INFO  segmented.SegmentedRaftLogWorker (SegmentedRaftLogWorker.java:<init>(182)) - new s0@group-7980D1787839-SegmentedRaftLogWorker for RaftStorageImpl:Storage Directory /home/runner/work/ratis/ratis/ratis-test/target/test/data/1e4ee837/MiniRaftClusterWithGrpc1406e638/s0/3f5b46c5-02e2-4ab8-bb32-7980d1787839
2023-12-13 16:20:40,722 [s0-impl-thread1] INFO  server.RaftServerConfigKeys (ConfUtils.java:logGet(46)) - raft.server.log.queue.byte-limit = 64MB (=67108864) (default)
2023-12-13 16:20:40,723 [s0-impl-thread1] INFO  server.RaftServerConfigKeys (ConfUtils.java:logGet(46)) - raft.server.log.queue.element-limit = 4096 (default)
2023-12-13 16:20:40,723 [s0-impl-thread1] INFO  server.RaftServerConfigKeys (ConfUtils.java:logGet(46)) - raft.server.log.segment.size.max = 32MB (=33554432) (default)
2023-12-13 16:20:40,723 [s0-impl-thread1] INFO  server.RaftServerConfigKeys (ConfUtils.java:logGet(46)) - raft.server.log.preallocated.size = 4MB (=4194304) (default)
2023-12-13 16:20:40,723 [s0-impl-thread1] INFO  server.RaftServerConfigKeys (ConfUtils.java:logGet(46)) - raft.server.log.force.sync.num = 128 (default)
2023-12-13 16:20:40,723 [s0-impl-thread1] INFO  server.RaftServerConfigKeys (ConfUtils.java:logGet(46)) - raft.server.log.statemachine.data.sync = true (default)
2023-12-13 16:20:40,723 [s0-impl-thread1] INFO  server.RaftServerConfigKeys (ConfUtils.java:logGet(46)) - raft.server.log.statemachine.data.sync.timeout = 10s (default)
2023-12-13 16:20:40,723 [s0-impl-thread1] INFO  server.RaftServerConfigKeys (ConfUtils.java:logGet(46)) - raft.server.log.statemachine.data.sync.timeout.retry = -1 (default)
2023-12-13 16:20:40,723 [s0-impl-thread1] INFO  server.RaftServerConfigKeys (ConfUtils.java:logGet(46)) - raft.server.log.write.buffer.size = 8MB (=8388608) (default)
2023-12-13 16:20:40,724 [s0-impl-thread1] INFO  server.RaftServerConfigKeys (ConfUtils.java:logGet(46)) - raft.server.log.appender.buffer.byte-limit = 4MB (=4194304) (default)
2023-12-13 16:20:40,724 [s0-impl-thread1] INFO  server.RaftServerConfigKeys (ConfUtils.java:logGet(46)) - raft.server.log.unsafe-flush.enabled = false (default)
2023-12-13 16:20:40,724 [s0-impl-thread1] INFO  server.RaftServerConfigKeys (ConfUtils.java:logGet(46)) - raft.server.log.async-flush.enabled = false (default)
2023-12-13 16:20:40,724 [s0-impl-thread1] INFO  server.RaftServerConfigKeys (ConfUtils.java:logGet(46)) - raft.server.log.statemachine.data.caching.enabled = false (default)
2023-12-13 16:20:40,724 [s0-impl-thread1] INFO  segmented.SegmentedRaftLogWorker (SegmentedRaftLogWorker.java:lambda$new$0(134)) - s0@group-7980D1787839-SegmentedRaftLogWorker: flushIndex: setUnconditionally 0 -> -1
2023-12-13 16:20:40,724 [s0-impl-thread1] INFO  segmented.SegmentedRaftLogWorker (SegmentedRaftLogWorker.java:lambda$new$0(134)) - s0@group-7980D1787839-SegmentedRaftLogWorker: safeCacheEvictIndex: setUnconditionally 0 -> -1
2023-12-13 16:20:40,724 [s0-impl-thread1] INFO  server.RaftServer$Division (RaftServerImpl.java:start(398)) - s0@group-7980D1787839: start with initializing state, conf=-1: peers:[]|listeners:[], old=null
2023-12-13 16:20:40,724 [s0-impl-thread1] INFO  server.RaftServer$Division (RaftServerImpl.java:setRole(379)) - s0@group-7980D1787839: changes role from      null to FOLLOWER at term 0 for startInitializing
2023-12-13 16:20:40,725 [s0-impl-thread1] INFO  util.JmxRegister (JmxRegister.java:tryRegister(44)) - Successfully registered JMX Bean with object name Ratis:service=RaftServer,group=group-7980D1787839,id=s0
2023-12-13 16:20:40,725 [s0-impl-thread1] INFO  server.RaftServerConfigKeys (ConfUtils.java:logGet(46)) - raft.server.snapshot.trigger-when-stop.enabled = true (default)
2023-12-13 16:20:40,725 [s0-impl-thread1] INFO  server.RaftServerConfigKeys (ConfUtils.java:logGet(46)) - raft.server.snapshot.auto.trigger.enabled = false (default)
2023-12-13 16:20:40,725 [s0-impl-thread1] INFO  server.RaftServerConfigKeys (ConfUtils.java:logGet(46)) - raft.server.snapshot.retention.file.num = -1 (default)
2023-12-13 16:20:40,725 [s0-impl-thread1] INFO  server.RaftServerConfigKeys (ConfUtils.java:logGet(46)) - raft.server.log.purge.upto.snapshot.index = false (default)
2023-12-13 16:20:40,725 [Time-limited test] INFO  server.RaftServer (RaftServerProxy.java:startImpl(406)) - s0: start RPC server
2023-12-13 16:20:40,725 [Time-limited test] INFO  server.GrpcService (GrpcService.java:startImpl(302)) - s0: GrpcService started, listening on 43143
2023-12-13 16:20:40,726 [JvmPauseMonitor12] INFO  util.JvmPauseMonitor (JvmPauseMonitor.java:run(146)) - JvmPauseMonitor-s0: Started
2023-12-13 16:20:40,726 [s1-impl-thread1] INFO  server.RaftServerConfigKeys (ConfUtils.java:logGet(46)) - raft.server.storage.free-space.min = 0MB (=0) (default)
2023-12-13 16:20:40,726 [s1-impl-thread1] INFO  server.RaftServerConfigKeys (ConfUtils.java:logGet(46)) - raft.server.log.corruption.policy = EXCEPTION (default)
2023-12-13 16:20:40,726 [s1-impl-thread1] INFO  server.RaftServerConfigKeys (ConfUtils.java:logGet(46)) - raft.server.storage.dir = [/home/runner/work/ratis/ratis/ratis-test/target/test/data/1e4ee837/MiniRaftClusterWithGrpc1406e638/s1] (custom)
2023-12-13 16:20:40,726 [s1-impl-thread1] INFO  storage.RaftStorageDirectory (RaftStorageDirectoryImpl.java:analyzeStorage(138)) - The storage directory /home/runner/work/ratis/ratis/ratis-test/target/test/data/1e4ee837/MiniRaftClusterWithGrpc1406e638/s1/3f5b46c5-02e2-4ab8-bb32-7980d1787839 does not exist. Creating ...
2023-12-13 16:20:40,726 [s1-impl-thread1] TRACE util.FileUtils (LogUtils.java:runAndLog(49)) - Successfully ran Files.createDirectories /home/runner/work/ratis/ratis/ratis-test/target/test/data/1e4ee837/MiniRaftClusterWithGrpc1406e638/s1/3f5b46c5-02e2-4ab8-bb32-7980d1787839
2023-12-13 16:20:40,727 [s1-impl-thread1] INFO  storage.RaftStorageDirectory (RaftStorageDirectoryImpl.java:tryLock(228)) - Lock on /home/runner/work/ratis/ratis/ratis-test/target/test/data/1e4ee837/MiniRaftClusterWithGrpc1406e638/s1/3f5b46c5-02e2-4ab8-bb32-7980d1787839/in_use.lock acquired by nodename 10819@fv-az890-872
2023-12-13 16:20:40,727 [s1-impl-thread1] TRACE util.FileUtils (LogUtils.java:runAndLog(49)) - Successfully ran Files.createDirectories /home/runner/work/ratis/ratis/ratis-test/target/test/data/1e4ee837/MiniRaftClusterWithGrpc1406e638/s1/3f5b46c5-02e2-4ab8-bb32-7980d1787839/current
2023-12-13 16:20:40,727 [s1-impl-thread1] TRACE util.FileUtils (LogUtils.java:runAndLog(49)) - Successfully ran Files.createDirectories /home/runner/work/ratis/ratis/ratis-test/target/test/data/1e4ee837/MiniRaftClusterWithGrpc1406e638/s1/3f5b46c5-02e2-4ab8-bb32-7980d1787839/sm
2023-12-13 16:20:40,727 [s1-impl-thread1] TRACE util.FileUtils (LogUtils.java:supplyAndLog(69)) - Successfully supplied FileChannel.open /home/runner/work/ratis/ratis/ratis-test/target/test/data/1e4ee837/MiniRaftClusterWithGrpc1406e638/s1/3f5b46c5-02e2-4ab8-bb32-7980d1787839/current/raft-meta.tmp with options [CREATE, WRITE]: sun.nio.ch.FileChannelImpl@2d467575
2023-12-13 16:20:40,728 [s1-impl-thread1] TRACE util.FileUtils (LogUtils.java:runAndLog(49)) - Successfully ran Atomic Files.move /home/runner/work/ratis/ratis/ratis-test/target/test/data/1e4ee837/MiniRaftClusterWithGrpc1406e638/s1/3f5b46c5-02e2-4ab8-bb32-7980d1787839/current/raft-meta.tmp to /home/runner/work/ratis/ratis/ratis-test/target/test/data/1e4ee837/MiniRaftClusterWithGrpc1406e638/s1/3f5b46c5-02e2-4ab8-bb32-7980d1787839/current/raft-meta with options [REPLACE_EXISTING]
2023-12-13 16:20:40,728 [s1-impl-thread1] INFO  storage.RaftStorage (RaftStorageImpl.java:format(99)) - Storage directory /home/runner/work/ratis/ratis/ratis-test/target/test/data/1e4ee837/MiniRaftClusterWithGrpc1406e638/s1/3f5b46c5-02e2-4ab8-bb32-7980d1787839 has been successfully formatted.
2023-12-13 16:20:40,728 [s1-impl-thread1] TRACE util.FileUtils (LogUtils.java:supplyAndLog(61)) - Failed to Files.newInputStream /home/runner/work/ratis/ratis/ratis-test/target/test/data/1e4ee837/MiniRaftClusterWithGrpc1406e638/s1/3f5b46c5-02e2-4ab8-bb32-7980d1787839/current/raft-meta.conf with options []
java.nio.file.NoSuchFileException: /home/runner/work/ratis/ratis/ratis-test/target/test/data/1e4ee837/MiniRaftClusterWithGrpc1406e638/s1/3f5b46c5-02e2-4ab8-bb32-7980d1787839/current/raft-meta.conf
	at java.base/sun.nio.fs.UnixException.translateToIOException(UnixException.java:92)
	at java.base/sun.nio.fs.UnixException.rethrowAsIOException(UnixException.java:111)
	at java.base/sun.nio.fs.UnixException.rethrowAsIOException(UnixException.java:116)
	at java.base/sun.nio.fs.UnixFileSystemProvider.newByteChannel(UnixFileSystemProvider.java:219)
	at java.base/java.nio.file.Files.newByteChannel(Files.java:371)
	at java.base/java.nio.file.Files.newByteChannel(Files.java:422)
	at java.base/java.nio.file.spi.FileSystemProvider.newInputStream(FileSystemProvider.java:420)
	at java.base/java.nio.file.Files.newInputStream(Files.java:156)
	at org.apache.ratis.util.FileUtils.lambda$newInputStream$2(FileUtils.java:73)
	at org.apache.ratis.util.LogUtils.supplyAndLog(LogUtils.java:58)
	at org.apache.ratis.util.FileUtils.newInputStream(FileUtils.java:72)
	at org.apache.ratis.util.FileUtils.newInputStream(FileUtils.java:68)
	at org.apache.ratis.server.storage.RaftStorageImpl.readRaftConfiguration(RaftStorageImpl.java:156)
	at org.apache.ratis.server.impl.ServerState.initialize(ServerState.java:141)
	at org.apache.ratis.server.impl.RaftServerImpl.start(RaftServerImpl.java:388)
	at org.apache.ratis.util.ConcurrentUtils.accept(ConcurrentUtils.java:203)
	at org.apache.ratis.util.ConcurrentUtils.lambda$parallelForEachAsync$4(ConcurrentUtils.java:182)
	at java.base/java.util.concurrent.ThreadPoolExecutor.runWorker(ThreadPoolExecutor.java:1128)
	at java.base/java.util.concurrent.ThreadPoolExecutor$Worker.run(ThreadPoolExecutor.java:628)
	at java.base/java.lang.Thread.run(Thread.java:829)
2023-12-13 16:20:40,728 [s1-impl-thread1] INFO  server.RaftServerConfigKeys (ConfUtils.java:logGet(46)) - raft.server.log.use.memory = false (default)
2023-12-13 16:20:40,728 [s1-impl-thread1] INFO  server.RaftServerConfigKeys (ConfUtils.java:logGet(46)) - raft.server.log.purge.gap = 1024 (default)
2023-12-13 16:20:40,728 [s1-impl-thread1] INFO  server.RaftServerConfigKeys (ConfUtils.java:logGet(46)) - raft.server.log.appender.buffer.byte-limit = 4MB (=4194304) (default)
2023-12-13 16:20:40,728 [s1-impl-thread1] INFO  server.RaftServerConfigKeys (ConfUtils.java:logGet(46)) - raft.server.log.statemachine.data.read.timeout = 1000ms (default)
2023-12-13 16:20:40,728 [s1-impl-thread1] INFO  server.RaftServerConfigKeys (ConfUtils.java:logGet(46)) - raft.server.log.purge.preservation.log.num = 0 (default)
2023-12-13 16:20:40,728 [s1-impl-thread1] INFO  server.RaftServerConfigKeys (ConfUtils.java:logGet(46)) - raft.server.log.segment.size.max = 32MB (=33554432) (default)
2023-12-13 16:20:40,729 [s1-impl-thread1] INFO  server.RaftServerConfigKeys (ConfUtils.java:logGet(46)) - raft.server.log.segment.cache.num.max = 6 (default)
2023-12-13 16:20:40,729 [s1-impl-thread1] INFO  server.RaftServerConfigKeys (ConfUtils.java:logGet(46)) - raft.server.log.segment.cache.size.max = 200MB (=209715200) (default)
2023-12-13 16:20:40,729 [s1-impl-thread1] INFO  server.RaftServerConfigKeys (ConfUtils.java:logGet(46)) - raft.server.log.appender.buffer.byte-limit = 4MB (=4194304) (default)
2023-12-13 16:20:40,729 [s1-impl-thread1] INFO  util.AwaitToRun (AwaitToRun.java:start(81)) - Thread[s1@group-7980D1787839-cacheEviction-AwaitToRun,5,main] started
2023-12-13 16:20:40,729 [s1-impl-thread1] INFO  segmented.SegmentedRaftLogWorker (SegmentedRaftLogWorker.java:<init>(182)) - new s1@group-7980D1787839-SegmentedRaftLogWorker for RaftStorageImpl:Storage Directory /home/runner/work/ratis/ratis/ratis-test/target/test/data/1e4ee837/MiniRaftClusterWithGrpc1406e638/s1/3f5b46c5-02e2-4ab8-bb32-7980d1787839
2023-12-13 16:20:40,729 [s1-impl-thread1] INFO  server.RaftServerConfigKeys (ConfUtils.java:logGet(46)) - raft.server.log.queue.byte-limit = 64MB (=67108864) (default)
2023-12-13 16:20:40,729 [s1-impl-thread1] INFO  server.RaftServerConfigKeys (ConfUtils.java:logGet(46)) - raft.server.log.queue.element-limit = 4096 (default)
2023-12-13 16:20:40,729 [s1-impl-thread1] INFO  server.RaftServerConfigKeys (ConfUtils.java:logGet(46)) - raft.server.log.segment.size.max = 32MB (=33554432) (default)
2023-12-13 16:20:40,729 [s1-impl-thread1] INFO  server.RaftServerConfigKeys (ConfUtils.java:logGet(46)) - raft.server.log.preallocated.size = 4MB (=4194304) (default)
2023-12-13 16:20:40,729 [s1-impl-thread1] INFO  server.RaftServerConfigKeys (ConfUtils.java:logGet(46)) - raft.server.log.force.sync.num = 128 (default)
2023-12-13 16:20:40,729 [s1-impl-thread1] INFO  server.RaftServerConfigKeys (ConfUtils.java:logGet(46)) - raft.server.log.statemachine.data.sync = true (default)
2023-12-13 16:20:40,729 [s1-impl-thread1] INFO  server.RaftServerConfigKeys (ConfUtils.java:logGet(46)) - raft.server.log.statemachine.data.sync.timeout = 10s (default)
2023-12-13 16:20:40,729 [s1-impl-thread1] INFO  server.RaftServerConfigKeys (ConfUtils.java:logGet(46)) - raft.server.log.statemachine.data.sync.timeout.retry = -1 (default)
2023-12-13 16:20:40,729 [s1-impl-thread1] INFO  server.RaftServerConfigKeys (ConfUtils.java:logGet(46)) - raft.server.log.write.buffer.size = 8MB (=8388608) (default)
2023-12-13 16:20:40,730 [s1-impl-thread1] INFO  server.RaftServerConfigKeys (ConfUtils.java:logGet(46)) - raft.server.log.appender.buffer.byte-limit = 4MB (=4194304) (default)
2023-12-13 16:20:40,730 [s1-impl-thread1] INFO  server.RaftServerConfigKeys (ConfUtils.java:logGet(46)) - raft.server.log.unsafe-flush.enabled = false (default)
2023-12-13 16:20:40,730 [s1-impl-thread1] INFO  server.RaftServerConfigKeys (ConfUtils.java:logGet(46)) - raft.server.log.async-flush.enabled = false (default)
2023-12-13 16:20:40,730 [s1-impl-thread1] INFO  server.RaftServerConfigKeys (ConfUtils.java:logGet(46)) - raft.server.log.statemachine.data.caching.enabled = false (default)
2023-12-13 16:20:40,730 [s1-impl-thread1] INFO  segmented.SegmentedRaftLogWorker (SegmentedRaftLogWorker.java:lambda$new$0(134)) - s1@group-7980D1787839-SegmentedRaftLogWorker: flushIndex: setUnconditionally 0 -> -1
2023-12-13 16:20:40,731 [s1-impl-thread1] INFO  segmented.SegmentedRaftLogWorker (SegmentedRaftLogWorker.java:lambda$new$0(134)) - s1@group-7980D1787839-SegmentedRaftLogWorker: safeCacheEvictIndex: setUnconditionally 0 -> -1
2023-12-13 16:20:40,731 [s1-impl-thread1] INFO  server.RaftServer$Division (RaftServerImpl.java:start(398)) - s1@group-7980D1787839: start with initializing state, conf=-1: peers:[]|listeners:[], old=null
2023-12-13 16:20:40,731 [s1-impl-thread1] INFO  server.RaftServer$Division (RaftServerImpl.java:setRole(379)) - s1@group-7980D1787839: changes role from      null to FOLLOWER at term 0 for startInitializing
2023-12-13 16:20:40,731 [s1-impl-thread1] INFO  util.JmxRegister (JmxRegister.java:tryRegister(44)) - Successfully registered JMX Bean with object name Ratis:service=RaftServer,group=group-7980D1787839,id=s1
2023-12-13 16:20:40,731 [s1-impl-thread1] INFO  server.RaftServerConfigKeys (ConfUtils.java:logGet(46)) - raft.server.snapshot.trigger-when-stop.enabled = true (default)
2023-12-13 16:20:40,731 [s1-impl-thread1] INFO  server.RaftServerConfigKeys (ConfUtils.java:logGet(46)) - raft.server.snapshot.auto.trigger.enabled = false (default)
2023-12-13 16:20:40,731 [s1-impl-thread1] INFO  server.RaftServerConfigKeys (ConfUtils.java:logGet(46)) - raft.server.snapshot.retention.file.num = -1 (default)
2023-12-13 16:20:40,731 [s1-impl-thread1] INFO  server.RaftServerConfigKeys (ConfUtils.java:logGet(46)) - raft.server.log.purge.upto.snapshot.index = false (default)
2023-12-13 16:20:40,731 [Time-limited test] INFO  server.RaftServer (RaftServerProxy.java:startImpl(406)) - s1: start RPC server
2023-12-13 16:20:40,732 [Time-limited test] INFO  server.GrpcService (GrpcService.java:startImpl(302)) - s1: GrpcService started, listening on 38179
2023-12-13 16:20:40,732 [JvmPauseMonitor13] INFO  util.JvmPauseMonitor (JvmPauseMonitor.java:run(146)) - JvmPauseMonitor-s1: Started
2023-12-13 16:20:40,732 [s2-impl-thread1] INFO  server.RaftServerConfigKeys (ConfUtils.java:logGet(46)) - raft.server.storage.free-space.min = 0MB (=0) (default)
2023-12-13 16:20:40,732 [s2-impl-thread1] INFO  server.RaftServerConfigKeys (ConfUtils.java:logGet(46)) - raft.server.log.corruption.policy = EXCEPTION (default)
2023-12-13 16:20:40,732 [s2-impl-thread1] INFO  server.RaftServerConfigKeys (ConfUtils.java:logGet(46)) - raft.server.storage.dir = [/home/runner/work/ratis/ratis/ratis-test/target/test/data/1e4ee837/MiniRaftClusterWithGrpc1406e638/s2] (custom)
2023-12-13 16:20:40,732 [s2-impl-thread1] INFO  storage.RaftStorageDirectory (RaftStorageDirectoryImpl.java:analyzeStorage(138)) - The storage directory /home/runner/work/ratis/ratis/ratis-test/target/test/data/1e4ee837/MiniRaftClusterWithGrpc1406e638/s2/3f5b46c5-02e2-4ab8-bb32-7980d1787839 does not exist. Creating ...
2023-12-13 16:20:40,732 [s2-impl-thread1] TRACE util.FileUtils (LogUtils.java:runAndLog(49)) - Successfully ran Files.createDirectories /home/runner/work/ratis/ratis/ratis-test/target/test/data/1e4ee837/MiniRaftClusterWithGrpc1406e638/s2/3f5b46c5-02e2-4ab8-bb32-7980d1787839
2023-12-13 16:20:40,734 [s2-impl-thread1] INFO  storage.RaftStorageDirectory (RaftStorageDirectoryImpl.java:tryLock(228)) - Lock on /home/runner/work/ratis/ratis/ratis-test/target/test/data/1e4ee837/MiniRaftClusterWithGrpc1406e638/s2/3f5b46c5-02e2-4ab8-bb32-7980d1787839/in_use.lock acquired by nodename 10819@fv-az890-872
2023-12-13 16:20:40,734 [s2-impl-thread1] TRACE util.FileUtils (LogUtils.java:runAndLog(49)) - Successfully ran Files.createDirectories /home/runner/work/ratis/ratis/ratis-test/target/test/data/1e4ee837/MiniRaftClusterWithGrpc1406e638/s2/3f5b46c5-02e2-4ab8-bb32-7980d1787839/current
2023-12-13 16:20:40,734 [s2-impl-thread1] TRACE util.FileUtils (LogUtils.java:runAndLog(49)) - Successfully ran Files.createDirectories /home/runner/work/ratis/ratis/ratis-test/target/test/data/1e4ee837/MiniRaftClusterWithGrpc1406e638/s2/3f5b46c5-02e2-4ab8-bb32-7980d1787839/sm
2023-12-13 16:20:40,734 [s2-impl-thread1] TRACE util.FileUtils (LogUtils.java:supplyAndLog(69)) - Successfully supplied FileChannel.open /home/runner/work/ratis/ratis/ratis-test/target/test/data/1e4ee837/MiniRaftClusterWithGrpc1406e638/s2/3f5b46c5-02e2-4ab8-bb32-7980d1787839/current/raft-meta.tmp with options [CREATE, WRITE]: sun.nio.ch.FileChannelImpl@5c0921b7
2023-12-13 16:20:40,735 [s2-impl-thread1] TRACE util.FileUtils (LogUtils.java:runAndLog(49)) - Successfully ran Atomic Files.move /home/runner/work/ratis/ratis/ratis-test/target/test/data/1e4ee837/MiniRaftClusterWithGrpc1406e638/s2/3f5b46c5-02e2-4ab8-bb32-7980d1787839/current/raft-meta.tmp to /home/runner/work/ratis/ratis/ratis-test/target/test/data/1e4ee837/MiniRaftClusterWithGrpc1406e638/s2/3f5b46c5-02e2-4ab8-bb32-7980d1787839/current/raft-meta with options [REPLACE_EXISTING]
2023-12-13 16:20:40,735 [s2-impl-thread1] INFO  storage.RaftStorage (RaftStorageImpl.java:format(99)) - Storage directory /home/runner/work/ratis/ratis/ratis-test/target/test/data/1e4ee837/MiniRaftClusterWithGrpc1406e638/s2/3f5b46c5-02e2-4ab8-bb32-7980d1787839 has been successfully formatted.
2023-12-13 16:20:40,735 [s2-impl-thread1] TRACE util.FileUtils (LogUtils.java:supplyAndLog(61)) - Failed to Files.newInputStream /home/runner/work/ratis/ratis/ratis-test/target/test/data/1e4ee837/MiniRaftClusterWithGrpc1406e638/s2/3f5b46c5-02e2-4ab8-bb32-7980d1787839/current/raft-meta.conf with options []
java.nio.file.NoSuchFileException: /home/runner/work/ratis/ratis/ratis-test/target/test/data/1e4ee837/MiniRaftClusterWithGrpc1406e638/s2/3f5b46c5-02e2-4ab8-bb32-7980d1787839/current/raft-meta.conf
	at java.base/sun.nio.fs.UnixException.translateToIOException(UnixException.java:92)
	at java.base/sun.nio.fs.UnixException.rethrowAsIOException(UnixException.java:111)
	at java.base/sun.nio.fs.UnixException.rethrowAsIOException(UnixException.java:116)
	at java.base/sun.nio.fs.UnixFileSystemProvider.newByteChannel(UnixFileSystemProvider.java:219)
	at java.base/java.nio.file.Files.newByteChannel(Files.java:371)
	at java.base/java.nio.file.Files.newByteChannel(Files.java:422)
	at java.base/java.nio.file.spi.FileSystemProvider.newInputStream(FileSystemProvider.java:420)
	at java.base/java.nio.file.Files.newInputStream(Files.java:156)
	at org.apache.ratis.util.FileUtils.lambda$newInputStream$2(FileUtils.java:73)
	at org.apache.ratis.util.LogUtils.supplyAndLog(LogUtils.java:58)
	at org.apache.ratis.util.FileUtils.newInputStream(FileUtils.java:72)
	at org.apache.ratis.util.FileUtils.newInputStream(FileUtils.java:68)
	at org.apache.ratis.server.storage.RaftStorageImpl.readRaftConfiguration(RaftStorageImpl.java:156)
	at org.apache.ratis.server.impl.ServerState.initialize(ServerState.java:141)
	at org.apache.ratis.server.impl.RaftServerImpl.start(RaftServerImpl.java:388)
	at org.apache.ratis.util.ConcurrentUtils.accept(ConcurrentUtils.java:203)
	at org.apache.ratis.util.ConcurrentUtils.lambda$parallelForEachAsync$4(ConcurrentUtils.java:182)
	at java.base/java.util.concurrent.ThreadPoolExecutor.runWorker(ThreadPoolExecutor.java:1128)
	at java.base/java.util.concurrent.ThreadPoolExecutor$Worker.run(ThreadPoolExecutor.java:628)
	at java.base/java.lang.Thread.run(Thread.java:829)
2023-12-13 16:20:40,735 [s2-impl-thread1] INFO  server.RaftServerConfigKeys (ConfUtils.java:logGet(46)) - raft.server.log.use.memory = false (default)
2023-12-13 16:20:40,735 [s2-impl-thread1] INFO  server.RaftServerConfigKeys (ConfUtils.java:logGet(46)) - raft.server.log.purge.gap = 1024 (default)
2023-12-13 16:20:40,735 [s2-impl-thread1] INFO  server.RaftServerConfigKeys (ConfUtils.java:logGet(46)) - raft.server.log.appender.buffer.byte-limit = 4MB (=4194304) (default)
2023-12-13 16:20:40,735 [s2-impl-thread1] INFO  server.RaftServerConfigKeys (ConfUtils.java:logGet(46)) - raft.server.log.statemachine.data.read.timeout = 1000ms (default)
2023-12-13 16:20:40,735 [s2-impl-thread1] INFO  server.RaftServerConfigKeys (ConfUtils.java:logGet(46)) - raft.server.log.purge.preservation.log.num = 0 (default)
2023-12-13 16:20:40,735 [s2-impl-thread1] INFO  server.RaftServerConfigKeys (ConfUtils.java:logGet(46)) - raft.server.log.segment.size.max = 32MB (=33554432) (default)
2023-12-13 16:20:40,736 [s2-impl-thread1] INFO  server.RaftServerConfigKeys (ConfUtils.java:logGet(46)) - raft.server.log.segment.cache.num.max = 6 (default)
2023-12-13 16:20:40,736 [s2-impl-thread1] INFO  server.RaftServerConfigKeys (ConfUtils.java:logGet(46)) - raft.server.log.segment.cache.size.max = 200MB (=209715200) (default)
2023-12-13 16:20:40,736 [s2-impl-thread1] INFO  server.RaftServerConfigKeys (ConfUtils.java:logGet(46)) - raft.server.log.appender.buffer.byte-limit = 4MB (=4194304) (default)
2023-12-13 16:20:40,736 [s2-impl-thread1] INFO  util.AwaitToRun (AwaitToRun.java:start(81)) - Thread[s2@group-7980D1787839-cacheEviction-AwaitToRun,5,main] started
2023-12-13 16:20:40,736 [s2-impl-thread1] INFO  segmented.SegmentedRaftLogWorker (SegmentedRaftLogWorker.java:<init>(182)) - new s2@group-7980D1787839-SegmentedRaftLogWorker for RaftStorageImpl:Storage Directory /home/runner/work/ratis/ratis/ratis-test/target/test/data/1e4ee837/MiniRaftClusterWithGrpc1406e638/s2/3f5b46c5-02e2-4ab8-bb32-7980d1787839
2023-12-13 16:20:40,736 [s2-impl-thread1] INFO  server.RaftServerConfigKeys (ConfUtils.java:logGet(46)) - raft.server.log.queue.byte-limit = 64MB (=67108864) (default)
2023-12-13 16:20:40,736 [s2-impl-thread1] INFO  server.RaftServerConfigKeys (ConfUtils.java:logGet(46)) - raft.server.log.queue.element-limit = 4096 (default)
2023-12-13 16:20:40,736 [s2-impl-thread1] INFO  server.RaftServerConfigKeys (ConfUtils.java:logGet(46)) - raft.server.log.segment.size.max = 32MB (=33554432) (default)
2023-12-13 16:20:40,736 [s2-impl-thread1] INFO  server.RaftServerConfigKeys (ConfUtils.java:logGet(46)) - raft.server.log.preallocated.size = 4MB (=4194304) (default)
2023-12-13 16:20:40,736 [s2-impl-thread1] INFO  server.RaftServerConfigKeys (ConfUtils.java:logGet(46)) - raft.server.log.force.sync.num = 128 (default)
2023-12-13 16:20:40,736 [s2-impl-thread1] INFO  server.RaftServerConfigKeys (ConfUtils.java:logGet(46)) - raft.server.log.statemachine.data.sync = true (default)
2023-12-13 16:20:40,736 [s2-impl-thread1] INFO  server.RaftServerConfigKeys (ConfUtils.java:logGet(46)) - raft.server.log.statemachine.data.sync.timeout = 10s (default)
2023-12-13 16:20:40,736 [s2-impl-thread1] INFO  server.RaftServerConfigKeys (ConfUtils.java:logGet(46)) - raft.server.log.statemachine.data.sync.timeout.retry = -1 (default)
2023-12-13 16:20:40,736 [s2-impl-thread1] INFO  server.RaftServerConfigKeys (ConfUtils.java:logGet(46)) - raft.server.log.write.buffer.size = 8MB (=8388608) (default)
2023-12-13 16:20:40,737 [s2-impl-thread1] INFO  server.RaftServerConfigKeys (ConfUtils.java:logGet(46)) - raft.server.log.appender.buffer.byte-limit = 4MB (=4194304) (default)
2023-12-13 16:20:40,737 [s2-impl-thread1] INFO  server.RaftServerConfigKeys (ConfUtils.java:logGet(46)) - raft.server.log.unsafe-flush.enabled = false (default)
2023-12-13 16:20:40,738 [s2-impl-thread1] INFO  server.RaftServerConfigKeys (ConfUtils.java:logGet(46)) - raft.server.log.async-flush.enabled = false (default)
2023-12-13 16:20:40,738 [s2-impl-thread1] INFO  server.RaftServerConfigKeys (ConfUtils.java:logGet(46)) - raft.server.log.statemachine.data.caching.enabled = false (default)
2023-12-13 16:20:40,738 [s2-impl-thread1] INFO  segmented.SegmentedRaftLogWorker (SegmentedRaftLogWorker.java:lambda$new$0(134)) - s2@group-7980D1787839-SegmentedRaftLogWorker: flushIndex: setUnconditionally 0 -> -1
2023-12-13 16:20:40,738 [s2-impl-thread1] INFO  segmented.SegmentedRaftLogWorker (SegmentedRaftLogWorker.java:lambda$new$0(134)) - s2@group-7980D1787839-SegmentedRaftLogWorker: safeCacheEvictIndex: setUnconditionally 0 -> -1
2023-12-13 16:20:40,738 [s2-impl-thread1] INFO  server.RaftServer$Division (RaftServerImpl.java:start(398)) - s2@group-7980D1787839: start with initializing state, conf=-1: peers:[]|listeners:[], old=null
2023-12-13 16:20:40,738 [s2-impl-thread1] INFO  server.RaftServer$Division (RaftServerImpl.java:setRole(379)) - s2@group-7980D1787839: changes role from      null to FOLLOWER at term 0 for startInitializing
2023-12-13 16:20:40,738 [s2-impl-thread1] INFO  util.JmxRegister (JmxRegister.java:tryRegister(44)) - Successfully registered JMX Bean with object name Ratis:service=RaftServer,group=group-7980D1787839,id=s2
2023-12-13 16:20:40,738 [s2-impl-thread1] INFO  server.RaftServerConfigKeys (ConfUtils.java:logGet(46)) - raft.server.snapshot.trigger-when-stop.enabled = true (default)
2023-12-13 16:20:40,738 [s2-impl-thread1] INFO  server.RaftServerConfigKeys (ConfUtils.java:logGet(46)) - raft.server.snapshot.auto.trigger.enabled = false (default)
2023-12-13 16:20:40,738 [s2-impl-thread1] INFO  server.RaftServerConfigKeys (ConfUtils.java:logGet(46)) - raft.server.snapshot.retention.file.num = -1 (default)
2023-12-13 16:20:40,738 [s2-impl-thread1] INFO  server.RaftServerConfigKeys (ConfUtils.java:logGet(46)) - raft.server.log.purge.upto.snapshot.index = false (default)
2023-12-13 16:20:40,739 [Time-limited test] INFO  server.RaftServer (RaftServerProxy.java:startImpl(406)) - s2: start RPC server
2023-12-13 16:20:40,739 [Time-limited test] INFO  server.GrpcService (GrpcService.java:startImpl(302)) - s2: GrpcService started, listening on 41039
2023-12-13 16:20:40,739 [JvmPauseMonitor14] INFO  util.JvmPauseMonitor (JvmPauseMonitor.java:run(146)) - JvmPauseMonitor-s2: Started
2023-12-13 16:20:41,739 [Time-limited test] INFO  impl.GroupManagementBaseTest (GroupManagementBaseTest.java:runMultiGroupTest(267)) - start: printing ALL groups
  s3:  RUNNING  FOLLOWER s3@group-7980D1787839:t0, leader=null, voted=, raftlog=Memoized:s3@group-7980D1787839-SegmentedRaftLog:OPENED:c-1, conf=-1: peers:[]|listeners:[], old=null STARTING
  s4:  RUNNING  FOLLOWER s4@group-7980D1787839:t0, leader=null, voted=, raftlog=Memoized:s4@group-7980D1787839-SegmentedRaftLog:OPENED:c-1, conf=-1: peers:[]|listeners:[], old=null STARTING
  s0:  RUNNING  FOLLOWER s0@group-7980D1787839:t0, leader=null, voted=, raftlog=Memoized:s0@group-7980D1787839-SegmentedRaftLog:OPENED:c-1, conf=-1: peers:[]|listeners:[], old=null STARTING
  s1:  RUNNING  FOLLOWER s1@group-7980D1787839:t0, leader=null, voted=, raftlog=Memoized:s1@group-7980D1787839-SegmentedRaftLog:OPENED:c-1, conf=-1: peers:[]|listeners:[], old=null STARTING
  s2:  RUNNING  FOLLOWER s2@group-7980D1787839:t0, leader=null, voted=, raftlog=Memoized:s2@group-7980D1787839-SegmentedRaftLog:OPENED:c-1, conf=-1: peers:[]|listeners:[], old=null STARTING
2023-12-13 16:20:41,740 [Time-limited test] INFO  impl.GroupManagementBaseTest (GroupManagementBaseTest.java:runMultiGroupTest(281)) - 0) starting group-CFDA0681CEAE:[s0|0.0.0.0:43143, s1|0.0.0.0:38179, s2|0.0.0.0:41039]
2023-12-13 16:20:41,740 [Time-limited test] DEBUG client.RaftClient (ConfUtils.java:logGet(46)) - raft.rpc.type = GRPC (default)
2023-12-13 16:20:41,746 [grpc-default-executor-0] INFO  server.RaftServer (RaftServerProxy.java:addNew(100)) - s0: addNew group-CFDA0681CEAE:[s0|0.0.0.0:43143, s1|0.0.0.0:38179, s2|0.0.0.0:41039] returns group-CFDA0681CEAE:java.util.concurrent.CompletableFuture@280170d2[Not completed]
2023-12-13 16:20:41,746 [s0-groupManagement] INFO  server.RaftServer$Division (RaftServerImpl.java:<init>(256)) - s0: new RaftServerImpl for group-CFDA0681CEAE:[s0|0.0.0.0:43143, s1|0.0.0.0:38179, s2|0.0.0.0:41039] with BaseStateMachine:uninitialized
2023-12-13 16:20:41,746 [s0-groupManagement] INFO  server.RaftServerConfigKeys (ConfUtils.java:logGet(46)) - raft.server.rpc.timeout.min = 1500ms (custom)
2023-12-13 16:20:41,746 [s0-groupManagement] INFO  server.RaftServerConfigKeys (ConfUtils.java:logGet(46)) - raft.server.rpc.timeout.max = 2000ms (custom)
2023-12-13 16:20:41,746 [s0-groupManagement] INFO  server.RaftServerConfigKeys (ConfUtils.java:logGet(46)) - raft.server.rpc.sleep.time = 25ms (default)
2023-12-13 16:20:41,746 [s0-groupManagement] INFO  server.RaftServerConfigKeys (ConfUtils.java:logGet(46)) - raft.server.rpc.slowness.timeout = 60s (default)
2023-12-13 16:20:41,746 [s0-groupManagement] INFO  server.RaftServerConfigKeys (ConfUtils.java:logGet(46)) - raft.server.leaderelection.leader.step-down.wait-time = 10s (default)
2023-12-13 16:20:41,746 [s0-groupManagement] INFO  server.RaftServerConfigKeys (ConfUtils.java:logGet(46)) - raft.server.leaderelection.member.majority-add = false (default)
2023-12-13 16:20:41,746 [s0-groupManagement] INFO  server.RaftServerConfigKeys (ConfUtils.java:logGet(46)) - raft.server.sleep.deviation.threshold = 300ms (default)
2023-12-13 16:20:41,746 [s0-groupManagement] INFO  server.RaftServer$Division (ServerState.java:<init>(113)) - s0@group-CFDA0681CEAE: ConfigurationManager, init=-1: peers:[s0|0.0.0.0:43143, s1|0.0.0.0:38179, s2|0.0.0.0:41039]|listeners:[], old=null, confs=<EMPTY_MAP>
2023-12-13 16:20:41,746 [s0-groupManagement] INFO  server.RaftServerConfigKeys (ConfUtils.java:logGet(46)) - raft.server.notification.no-leader.timeout = 60s (default)
2023-12-13 16:20:41,746 [s0-groupManagement] INFO  server.RaftServerConfigKeys (ConfUtils.java:logGet(46)) - raft.server.read.timeout = 10s (default)
2023-12-13 16:20:41,746 [s0-groupManagement] INFO  server.RaftServerConfigKeys (ConfUtils.java:logGet(46)) - raft.server.retrycache.expirytime = 60s (default)
2023-12-13 16:20:41,746 [s0-groupManagement] INFO  server.RaftServerConfigKeys (ConfUtils.java:logGet(46)) - raft.server.retrycache.statistics.expirytime = 100ms (default)
2023-12-13 16:20:41,746 [s0-groupManagement] INFO  server.RaftServerConfigKeys (ConfUtils.java:logGet(46)) - raft.server.read.option = DEFAULT (default)
2023-12-13 16:20:41,746 [s0-groupManagement] INFO  server.RaftServerConfigKeys (ConfUtils.java:logGet(46)) - raft.server.read.read-after-write-consistent.write-index-cache.expiry-time = 60s (default)
2023-12-13 16:20:41,747 [s0-groupManagement] INFO  server.RaftServerConfigKeys (ConfUtils.java:logGet(46)) - raft.server.rpc.request.timeout = 3000ms (default)
2023-12-13 16:20:41,747 [s0-groupManagement] INFO  server.RaftServerConfigKeys (ConfUtils.java:logGet(46)) - raft.server.log.appender.install.snapshot.enabled = true (default)
2023-12-13 16:20:41,747 [s0-groupManagement] INFO  server.RaftServerConfigKeys (ConfUtils.java:logGet(46)) - raft.server.threadpool.server.cached = true (default)
2023-12-13 16:20:41,747 [s0-groupManagement] INFO  server.RaftServerConfigKeys (ConfUtils.java:logGet(46)) - raft.server.threadpool.server.size = 0 (default)
2023-12-13 16:20:41,747 [s0-groupManagement] INFO  server.RaftServerConfigKeys (ConfUtils.java:logGet(46)) - raft.server.threadpool.client.cached = true (default)
2023-12-13 16:20:41,747 [s0-groupManagement] INFO  server.RaftServerConfigKeys (ConfUtils.java:logGet(46)) - raft.server.threadpool.client.size = 0 (default)
2023-12-13 16:20:41,747 [s0-groupManagement] DEBUG server.RaftServer (RaftServerProxy.java:lambda$groupAddAsync$13(507)) - s0: newImpl =      null s0@group-CFDA0681CEAE:t0, leader=null, voted=null, raftlog=UNINITIALIZED, conf=-1: peers:[s0|0.0.0.0:43143, s1|0.0.0.0:38179, s2|0.0.0.0:41039]|listeners:[], old=null NEW
2023-12-13 16:20:41,747 [s0-groupManagement] INFO  server.RaftServerConfigKeys (ConfUtils.java:logGet(46)) - raft.server.storage.free-space.min = 0MB (=0) (default)
2023-12-13 16:20:41,747 [s0-groupManagement] INFO  server.RaftServerConfigKeys (ConfUtils.java:logGet(46)) - raft.server.log.corruption.policy = EXCEPTION (default)
2023-12-13 16:20:41,747 [s0-groupManagement] INFO  server.RaftServerConfigKeys (ConfUtils.java:logGet(46)) - raft.server.storage.dir = [/home/runner/work/ratis/ratis/ratis-test/target/test/data/1e4ee837/MiniRaftClusterWithGrpc1406e638/s0] (custom)
2023-12-13 16:20:41,747 [s0-groupManagement] INFO  storage.RaftStorageDirectory (RaftStorageDirectoryImpl.java:analyzeStorage(138)) - The storage directory /home/runner/work/ratis/ratis/ratis-test/target/test/data/1e4ee837/MiniRaftClusterWithGrpc1406e638/s0/8a28c877-968c-496e-8770-cfda0681ceae does not exist. Creating ...
2023-12-13 16:20:41,748 [s0-groupManagement] TRACE util.FileUtils (LogUtils.java:runAndLog(49)) - Successfully ran Files.createDirectories /home/runner/work/ratis/ratis/ratis-test/target/test/data/1e4ee837/MiniRaftClusterWithGrpc1406e638/s0/8a28c877-968c-496e-8770-cfda0681ceae
2023-12-13 16:20:41,749 [s0-groupManagement] INFO  storage.RaftStorageDirectory (RaftStorageDirectoryImpl.java:tryLock(228)) - Lock on /home/runner/work/ratis/ratis/ratis-test/target/test/data/1e4ee837/MiniRaftClusterWithGrpc1406e638/s0/8a28c877-968c-496e-8770-cfda0681ceae/in_use.lock acquired by nodename 10819@fv-az890-872
2023-12-13 16:20:41,749 [s0-groupManagement] TRACE util.FileUtils (LogUtils.java:runAndLog(49)) - Successfully ran Files.createDirectories /home/runner/work/ratis/ratis/ratis-test/target/test/data/1e4ee837/MiniRaftClusterWithGrpc1406e638/s0/8a28c877-968c-496e-8770-cfda0681ceae/current
2023-12-13 16:20:41,749 [s0-groupManagement] TRACE util.FileUtils (LogUtils.java:runAndLog(49)) - Successfully ran Files.createDirectories /home/runner/work/ratis/ratis/ratis-test/target/test/data/1e4ee837/MiniRaftClusterWithGrpc1406e638/s0/8a28c877-968c-496e-8770-cfda0681ceae/sm
2023-12-13 16:20:41,749 [s0-groupManagement] TRACE util.FileUtils (LogUtils.java:supplyAndLog(69)) - Successfully supplied FileChannel.open /home/runner/work/ratis/ratis/ratis-test/target/test/data/1e4ee837/MiniRaftClusterWithGrpc1406e638/s0/8a28c877-968c-496e-8770-cfda0681ceae/current/raft-meta.tmp with options [CREATE, WRITE]: sun.nio.ch.FileChannelImpl@1e4eef9
2023-12-13 16:20:41,750 [s0-groupManagement] TRACE util.FileUtils (LogUtils.java:runAndLog(49)) - Successfully ran Atomic Files.move /home/runner/work/ratis/ratis/ratis-test/target/test/data/1e4ee837/MiniRaftClusterWithGrpc1406e638/s0/8a28c877-968c-496e-8770-cfda0681ceae/current/raft-meta.tmp to /home/runner/work/ratis/ratis/ratis-test/target/test/data/1e4ee837/MiniRaftClusterWithGrpc1406e638/s0/8a28c877-968c-496e-8770-cfda0681ceae/current/raft-meta with options [REPLACE_EXISTING]
2023-12-13 16:20:41,750 [s0-groupManagement] INFO  storage.RaftStorage (RaftStorageImpl.java:format(99)) - Storage directory /home/runner/work/ratis/ratis/ratis-test/target/test/data/1e4ee837/MiniRaftClusterWithGrpc1406e638/s0/8a28c877-968c-496e-8770-cfda0681ceae has been successfully formatted.
2023-12-13 16:20:41,751 [s0-groupManagement] TRACE util.FileUtils (LogUtils.java:supplyAndLog(61)) - Failed to Files.newInputStream /home/runner/work/ratis/ratis/ratis-test/target/test/data/1e4ee837/MiniRaftClusterWithGrpc1406e638/s0/8a28c877-968c-496e-8770-cfda0681ceae/current/raft-meta.conf with options []
java.nio.file.NoSuchFileException: /home/runner/work/ratis/ratis/ratis-test/target/test/data/1e4ee837/MiniRaftClusterWithGrpc1406e638/s0/8a28c877-968c-496e-8770-cfda0681ceae/current/raft-meta.conf
	at java.base/sun.nio.fs.UnixException.translateToIOException(UnixException.java:92)
	at java.base/sun.nio.fs.UnixException.rethrowAsIOException(UnixException.java:111)
	at java.base/sun.nio.fs.UnixException.rethrowAsIOException(UnixException.java:116)
	at java.base/sun.nio.fs.UnixFileSystemProvider.newByteChannel(UnixFileSystemProvider.java:219)
	at java.base/java.nio.file.Files.newByteChannel(Files.java:371)
	at java.base/java.nio.file.Files.newByteChannel(Files.java:422)
	at java.base/java.nio.file.spi.FileSystemProvider.newInputStream(FileSystemProvider.java:420)
	at java.base/java.nio.file.Files.newInputStream(Files.java:156)
	at org.apache.ratis.util.FileUtils.lambda$newInputStream$2(FileUtils.java:73)
	at org.apache.ratis.util.LogUtils.supplyAndLog(LogUtils.java:58)
	at org.apache.ratis.util.FileUtils.newInputStream(FileUtils.java:72)
	at org.apache.ratis.util.FileUtils.newInputStream(FileUtils.java:68)
	at org.apache.ratis.server.storage.RaftStorageImpl.readRaftConfiguration(RaftStorageImpl.java:156)
	at org.apache.ratis.server.impl.ServerState.initialize(ServerState.java:141)
	at org.apache.ratis.server.impl.RaftServerImpl.start(RaftServerImpl.java:388)
	at org.apache.ratis.server.impl.RaftServerProxy.lambda$groupAddAsync$13(RaftServerProxy.java:509)
	at java.base/java.util.concurrent.CompletableFuture$UniApply.tryFire(CompletableFuture.java:642)
	at java.base/java.util.concurrent.CompletableFuture$Completion.run(CompletableFuture.java:478)
	at java.base/java.util.concurrent.ThreadPoolExecutor.runWorker(ThreadPoolExecutor.java:1128)
	at java.base/java.util.concurrent.ThreadPoolExecutor$Worker.run(ThreadPoolExecutor.java:628)
	at java.base/java.lang.Thread.run(Thread.java:829)
2023-12-13 16:20:41,751 [s0-groupManagement] INFO  server.RaftServerConfigKeys (ConfUtils.java:logGet(46)) - raft.server.log.use.memory = false (default)
2023-12-13 16:20:41,751 [s0-groupManagement] INFO  server.RaftServerConfigKeys (ConfUtils.java:logGet(46)) - raft.server.log.purge.gap = 1024 (default)
2023-12-13 16:20:41,751 [s0-groupManagement] INFO  server.RaftServerConfigKeys (ConfUtils.java:logGet(46)) - raft.server.log.appender.buffer.byte-limit = 4MB (=4194304) (default)
2023-12-13 16:20:41,751 [s0-groupManagement] INFO  server.RaftServerConfigKeys (ConfUtils.java:logGet(46)) - raft.server.log.statemachine.data.read.timeout = 1000ms (default)
2023-12-13 16:20:41,751 [s0-groupManagement] INFO  server.RaftServerConfigKeys (ConfUtils.java:logGet(46)) - raft.server.log.purge.preservation.log.num = 0 (default)
2023-12-13 16:20:41,751 [s0-groupManagement] INFO  server.RaftServerConfigKeys (ConfUtils.java:logGet(46)) - raft.server.log.segment.size.max = 32MB (=33554432) (default)
2023-12-13 16:20:41,751 [s0-groupManagement] INFO  server.RaftServerConfigKeys (ConfUtils.java:logGet(46)) - raft.server.log.segment.cache.num.max = 6 (default)
2023-12-13 16:20:41,751 [s0-groupManagement] INFO  server.RaftServerConfigKeys (ConfUtils.java:logGet(46)) - raft.server.log.segment.cache.size.max = 200MB (=209715200) (default)
2023-12-13 16:20:41,751 [s0-groupManagement] INFO  server.RaftServerConfigKeys (ConfUtils.java:logGet(46)) - raft.server.log.appender.buffer.byte-limit = 4MB (=4194304) (default)
2023-12-13 16:20:41,751 [s0-groupManagement] INFO  util.AwaitToRun (AwaitToRun.java:start(81)) - Thread[s0@group-CFDA0681CEAE-cacheEviction-AwaitToRun,5,main] started
2023-12-13 16:20:41,751 [s0-groupManagement] INFO  segmented.SegmentedRaftLogWorker (SegmentedRaftLogWorker.java:<init>(182)) - new s0@group-CFDA0681CEAE-SegmentedRaftLogWorker for RaftStorageImpl:Storage Directory /home/runner/work/ratis/ratis/ratis-test/target/test/data/1e4ee837/MiniRaftClusterWithGrpc1406e638/s0/8a28c877-968c-496e-8770-cfda0681ceae
2023-12-13 16:20:41,751 [s0-groupManagement] INFO  server.RaftServerConfigKeys (ConfUtils.java:logGet(46)) - raft.server.log.queue.byte-limit = 64MB (=67108864) (default)
2023-12-13 16:20:41,751 [s0-groupManagement] INFO  server.RaftServerConfigKeys (ConfUtils.java:logGet(46)) - raft.server.log.queue.element-limit = 4096 (default)
2023-12-13 16:20:41,752 [s0-groupManagement] INFO  server.RaftServerConfigKeys (ConfUtils.java:logGet(46)) - raft.server.log.segment.size.max = 32MB (=33554432) (default)
2023-12-13 16:20:41,752 [s0-groupManagement] INFO  server.RaftServerConfigKeys (ConfUtils.java:logGet(46)) - raft.server.log.preallocated.size = 4MB (=4194304) (default)
2023-12-13 16:20:41,752 [s0-groupManagement] INFO  server.RaftServerConfigKeys (ConfUtils.java:logGet(46)) - raft.server.log.force.sync.num = 128 (default)
2023-12-13 16:20:41,752 [s0-groupManagement] INFO  server.RaftServerConfigKeys (ConfUtils.java:logGet(46)) - raft.server.log.statemachine.data.sync = true (default)
2023-12-13 16:20:41,752 [s0-groupManagement] INFO  server.RaftServerConfigKeys (ConfUtils.java:logGet(46)) - raft.server.log.statemachine.data.sync.timeout = 10s (default)
2023-12-13 16:20:41,752 [s0-groupManagement] INFO  server.RaftServerConfigKeys (ConfUtils.java:logGet(46)) - raft.server.log.statemachine.data.sync.timeout.retry = -1 (default)
2023-12-13 16:20:41,752 [s0-groupManagement] INFO  server.RaftServerConfigKeys (ConfUtils.java:logGet(46)) - raft.server.log.write.buffer.size = 8MB (=8388608) (default)
2023-12-13 16:20:41,752 [s0-groupManagement] INFO  server.RaftServerConfigKeys (ConfUtils.java:logGet(46)) - raft.server.log.appender.buffer.byte-limit = 4MB (=4194304) (default)
2023-12-13 16:20:41,752 [s0-groupManagement] INFO  server.RaftServerConfigKeys (ConfUtils.java:logGet(46)) - raft.server.log.unsafe-flush.enabled = false (default)
2023-12-13 16:20:41,752 [s0-groupManagement] INFO  server.RaftServerConfigKeys (ConfUtils.java:logGet(46)) - raft.server.log.async-flush.enabled = false (default)
2023-12-13 16:20:41,752 [s0-groupManagement] INFO  server.RaftServerConfigKeys (ConfUtils.java:logGet(46)) - raft.server.log.statemachine.data.caching.enabled = false (default)
2023-12-13 16:20:41,752 [s0-groupManagement] INFO  segmented.SegmentedRaftLogWorker (SegmentedRaftLogWorker.java:lambda$new$0(134)) - s0@group-CFDA0681CEAE-SegmentedRaftLogWorker: flushIndex: setUnconditionally 0 -> -1
2023-12-13 16:20:41,752 [s0-groupManagement] INFO  segmented.SegmentedRaftLogWorker (SegmentedRaftLogWorker.java:lambda$new$0(134)) - s0@group-CFDA0681CEAE-SegmentedRaftLogWorker: safeCacheEvictIndex: setUnconditionally 0 -> -1
2023-12-13 16:20:41,753 [s0-groupManagement] INFO  server.RaftServer$Division (RaftServerImpl.java:start(392)) - s0@group-CFDA0681CEAE: start as a follower, conf=-1: peers:[s0|0.0.0.0:43143, s1|0.0.0.0:38179, s2|0.0.0.0:41039]|listeners:[], old=null
2023-12-13 16:20:41,753 [s0-groupManagement] INFO  server.RaftServer$Division (RaftServerImpl.java:setRole(379)) - s0@group-CFDA0681CEAE: changes role from      null to FOLLOWER at term 0 for startAsFollower
2023-12-13 16:20:41,753 [s0-groupManagement] INFO  impl.RoleInfo (RoleInfo.java:updateAndGet(139)) - s0: start s0@group-CFDA0681CEAE-FollowerState
2023-12-13 16:20:41,753 [s0@group-CFDA0681CEAE-FollowerState] INFO  server.RaftServerConfigKeys (ConfUtils.java:logFallback(53)) - raft.server.rpc.first-election.timeout.min = 1500ms (fallback to raft.server.rpc.timeout.min)
2023-12-13 16:20:41,753 [s0-groupManagement] INFO  util.JmxRegister (JmxRegister.java:tryRegister(44)) - Successfully registered JMX Bean with object name Ratis:service=RaftServer,group=group-CFDA0681CEAE,id=s0
2023-12-13 16:20:41,753 [s0@group-CFDA0681CEAE-FollowerState] INFO  server.RaftServerConfigKeys (ConfUtils.java:logFallback(53)) - raft.server.rpc.first-election.timeout.max = 2000ms (fallback to raft.server.rpc.timeout.max)
2023-12-13 16:20:41,753 [s0-groupManagement] INFO  server.RaftServerConfigKeys (ConfUtils.java:logGet(46)) - raft.server.snapshot.trigger-when-stop.enabled = true (default)
2023-12-13 16:20:41,753 [s0-groupManagement] INFO  server.RaftServerConfigKeys (ConfUtils.java:logGet(46)) - raft.server.snapshot.auto.trigger.enabled = false (default)
2023-12-13 16:20:41,753 [s0-groupManagement] INFO  server.RaftServerConfigKeys (ConfUtils.java:logGet(46)) - raft.server.snapshot.retention.file.num = -1 (default)
2023-12-13 16:20:41,753 [s0-groupManagement] INFO  server.RaftServerConfigKeys (ConfUtils.java:logGet(46)) - raft.server.log.purge.upto.snapshot.index = false (default)
2023-12-13 16:20:41,756 [Time-limited test] DEBUG client.RaftClient (ConfUtils.java:logGet(46)) - raft.rpc.type = GRPC (default)
2023-12-13 16:20:41,760 [grpc-default-executor-0] INFO  server.RaftServer (RaftServerProxy.java:addNew(100)) - s1: addNew group-CFDA0681CEAE:[s0|0.0.0.0:43143, s1|0.0.0.0:38179, s2|0.0.0.0:41039] returns group-CFDA0681CEAE:java.util.concurrent.CompletableFuture@2ace5e44[Not completed]
2023-12-13 16:20:41,760 [s1-groupManagement] INFO  server.RaftServer$Division (RaftServerImpl.java:<init>(256)) - s1: new RaftServerImpl for group-CFDA0681CEAE:[s0|0.0.0.0:43143, s1|0.0.0.0:38179, s2|0.0.0.0:41039] with BaseStateMachine:uninitialized
2023-12-13 16:20:41,760 [s1-groupManagement] INFO  server.RaftServerConfigKeys (ConfUtils.java:logGet(46)) - raft.server.rpc.timeout.min = 1500ms (custom)
2023-12-13 16:20:41,760 [s1-groupManagement] INFO  server.RaftServerConfigKeys (ConfUtils.java:logGet(46)) - raft.server.rpc.timeout.max = 2000ms (custom)
2023-12-13 16:20:41,760 [s1-groupManagement] INFO  server.RaftServerConfigKeys (ConfUtils.java:logGet(46)) - raft.server.rpc.sleep.time = 25ms (default)
2023-12-13 16:20:41,760 [s1-groupManagement] INFO  server.RaftServerConfigKeys (ConfUtils.java:logGet(46)) - raft.server.rpc.slowness.timeout = 60s (default)
2023-12-13 16:20:41,760 [s1-groupManagement] INFO  server.RaftServerConfigKeys (ConfUtils.java:logGet(46)) - raft.server.leaderelection.leader.step-down.wait-time = 10s (default)
2023-12-13 16:20:41,761 [s1-groupManagement] INFO  server.RaftServerConfigKeys (ConfUtils.java:logGet(46)) - raft.server.leaderelection.member.majority-add = false (default)
2023-12-13 16:20:41,761 [s1-groupManagement] INFO  server.RaftServerConfigKeys (ConfUtils.java:logGet(46)) - raft.server.sleep.deviation.threshold = 300ms (default)
2023-12-13 16:20:41,761 [s1-groupManagement] INFO  server.RaftServer$Division (ServerState.java:<init>(113)) - s1@group-CFDA0681CEAE: ConfigurationManager, init=-1: peers:[s0|0.0.0.0:43143, s1|0.0.0.0:38179, s2|0.0.0.0:41039]|listeners:[], old=null, confs=<EMPTY_MAP>
2023-12-13 16:20:41,761 [s1-groupManagement] INFO  server.RaftServerConfigKeys (ConfUtils.java:logGet(46)) - raft.server.notification.no-leader.timeout = 60s (default)
2023-12-13 16:20:41,761 [s1-groupManagement] INFO  server.RaftServerConfigKeys (ConfUtils.java:logGet(46)) - raft.server.read.timeout = 10s (default)
2023-12-13 16:20:41,761 [s1-groupManagement] INFO  server.RaftServerConfigKeys (ConfUtils.java:logGet(46)) - raft.server.retrycache.expirytime = 60s (default)
2023-12-13 16:20:41,761 [s1-groupManagement] INFO  server.RaftServerConfigKeys (ConfUtils.java:logGet(46)) - raft.server.retrycache.statistics.expirytime = 100ms (default)
2023-12-13 16:20:41,761 [s1-groupManagement] INFO  server.RaftServerConfigKeys (ConfUtils.java:logGet(46)) - raft.server.read.option = DEFAULT (default)
2023-12-13 16:20:41,761 [s1-groupManagement] INFO  server.RaftServerConfigKeys (ConfUtils.java:logGet(46)) - raft.server.read.read-after-write-consistent.write-index-cache.expiry-time = 60s (default)
2023-12-13 16:20:41,762 [s1-groupManagement] INFO  server.RaftServerConfigKeys (ConfUtils.java:logGet(46)) - raft.server.rpc.request.timeout = 3000ms (default)
2023-12-13 16:20:41,762 [s1-groupManagement] INFO  server.RaftServerConfigKeys (ConfUtils.java:logGet(46)) - raft.server.log.appender.install.snapshot.enabled = true (default)
2023-12-13 16:20:41,762 [s1-groupManagement] INFO  server.RaftServerConfigKeys (ConfUtils.java:logGet(46)) - raft.server.threadpool.server.cached = true (default)
2023-12-13 16:20:41,762 [s1-groupManagement] INFO  server.RaftServerConfigKeys (ConfUtils.java:logGet(46)) - raft.server.threadpool.server.size = 0 (default)
2023-12-13 16:20:41,762 [s1-groupManagement] INFO  server.RaftServerConfigKeys (ConfUtils.java:logGet(46)) - raft.server.threadpool.client.cached = true (default)
2023-12-13 16:20:41,762 [s1-groupManagement] INFO  server.RaftServerConfigKeys (ConfUtils.java:logGet(46)) - raft.server.threadpool.client.size = 0 (default)
2023-12-13 16:20:41,762 [s1-groupManagement] DEBUG server.RaftServer (RaftServerProxy.java:lambda$groupAddAsync$13(507)) - s1: newImpl =      null s1@group-CFDA0681CEAE:t0, leader=null, voted=null, raftlog=UNINITIALIZED, conf=-1: peers:[s0|0.0.0.0:43143, s1|0.0.0.0:38179, s2|0.0.0.0:41039]|listeners:[], old=null NEW
2023-12-13 16:20:41,762 [s1-groupManagement] INFO  server.RaftServerConfigKeys (ConfUtils.java:logGet(46)) - raft.server.storage.free-space.min = 0MB (=0) (default)
2023-12-13 16:20:41,762 [s1-groupManagement] INFO  server.RaftServerConfigKeys (ConfUtils.java:logGet(46)) - raft.server.log.corruption.policy = EXCEPTION (default)
2023-12-13 16:20:41,762 [s1-groupManagement] INFO  server.RaftServerConfigKeys (ConfUtils.java:logGet(46)) - raft.server.storage.dir = [/home/runner/work/ratis/ratis/ratis-test/target/test/data/1e4ee837/MiniRaftClusterWithGrpc1406e638/s1] (custom)
2023-12-13 16:20:41,763 [s1-groupManagement] INFO  storage.RaftStorageDirectory (RaftStorageDirectoryImpl.java:analyzeStorage(138)) - The storage directory /home/runner/work/ratis/ratis/ratis-test/target/test/data/1e4ee837/MiniRaftClusterWithGrpc1406e638/s1/8a28c877-968c-496e-8770-cfda0681ceae does not exist. Creating ...
2023-12-13 16:20:41,763 [s1-groupManagement] TRACE util.FileUtils (LogUtils.java:runAndLog(49)) - Successfully ran Files.createDirectories /home/runner/work/ratis/ratis/ratis-test/target/test/data/1e4ee837/MiniRaftClusterWithGrpc1406e638/s1/8a28c877-968c-496e-8770-cfda0681ceae
2023-12-13 16:20:41,764 [s1-groupManagement] INFO  storage.RaftStorageDirectory (RaftStorageDirectoryImpl.java:tryLock(228)) - Lock on /home/runner/work/ratis/ratis/ratis-test/target/test/data/1e4ee837/MiniRaftClusterWithGrpc1406e638/s1/8a28c877-968c-496e-8770-cfda0681ceae/in_use.lock acquired by nodename 10819@fv-az890-872
2023-12-13 16:20:41,764 [s1-groupManagement] TRACE util.FileUtils (LogUtils.java:runAndLog(49)) - Successfully ran Files.createDirectories /home/runner/work/ratis/ratis/ratis-test/target/test/data/1e4ee837/MiniRaftClusterWithGrpc1406e638/s1/8a28c877-968c-496e-8770-cfda0681ceae/current
2023-12-13 16:20:41,764 [s1-groupManagement] TRACE util.FileUtils (LogUtils.java:runAndLog(49)) - Successfully ran Files.createDirectories /home/runner/work/ratis/ratis/ratis-test/target/test/data/1e4ee837/MiniRaftClusterWithGrpc1406e638/s1/8a28c877-968c-496e-8770-cfda0681ceae/sm
2023-12-13 16:20:41,764 [s1-groupManagement] TRACE util.FileUtils (LogUtils.java:supplyAndLog(69)) - Successfully supplied FileChannel.open /home/runner/work/ratis/ratis/ratis-test/target/test/data/1e4ee837/MiniRaftClusterWithGrpc1406e638/s1/8a28c877-968c-496e-8770-cfda0681ceae/current/raft-meta.tmp with options [CREATE, WRITE]: sun.nio.ch.FileChannelImpl@2a63fefa
2023-12-13 16:20:41,765 [s1-groupManagement] TRACE util.FileUtils (LogUtils.java:runAndLog(49)) - Successfully ran Atomic Files.move /home/runner/work/ratis/ratis/ratis-test/target/test/data/1e4ee837/MiniRaftClusterWithGrpc1406e638/s1/8a28c877-968c-496e-8770-cfda0681ceae/current/raft-meta.tmp to /home/runner/work/ratis/ratis/ratis-test/target/test/data/1e4ee837/MiniRaftClusterWithGrpc1406e638/s1/8a28c877-968c-496e-8770-cfda0681ceae/current/raft-meta with options [REPLACE_EXISTING]
2023-12-13 16:20:41,765 [s1-groupManagement] INFO  storage.RaftStorage (RaftStorageImpl.java:format(99)) - Storage directory /home/runner/work/ratis/ratis/ratis-test/target/test/data/1e4ee837/MiniRaftClusterWithGrpc1406e638/s1/8a28c877-968c-496e-8770-cfda0681ceae has been successfully formatted.
2023-12-13 16:20:41,765 [s1-groupManagement] TRACE util.FileUtils (LogUtils.java:supplyAndLog(61)) - Failed to Files.newInputStream /home/runner/work/ratis/ratis/ratis-test/target/test/data/1e4ee837/MiniRaftClusterWithGrpc1406e638/s1/8a28c877-968c-496e-8770-cfda0681ceae/current/raft-meta.conf with options []
java.nio.file.NoSuchFileException: /home/runner/work/ratis/ratis/ratis-test/target/test/data/1e4ee837/MiniRaftClusterWithGrpc1406e638/s1/8a28c877-968c-496e-8770-cfda0681ceae/current/raft-meta.conf
	at java.base/sun.nio.fs.UnixException.translateToIOException(UnixException.java:92)
	at java.base/sun.nio.fs.UnixException.rethrowAsIOException(UnixException.java:111)
	at java.base/sun.nio.fs.UnixException.rethrowAsIOException(UnixException.java:116)
	at java.base/sun.nio.fs.UnixFileSystemProvider.newByteChannel(UnixFileSystemProvider.java:219)
	at java.base/java.nio.file.Files.newByteChannel(Files.java:371)
	at java.base/java.nio.file.Files.newByteChannel(Files.java:422)
	at java.base/java.nio.file.spi.FileSystemProvider.newInputStream(FileSystemProvider.java:420)
	at java.base/java.nio.file.Files.newInputStream(Files.java:156)
	at org.apache.ratis.util.FileUtils.lambda$newInputStream$2(FileUtils.java:73)
	at org.apache.ratis.util.LogUtils.supplyAndLog(LogUtils.java:58)
	at org.apache.ratis.util.FileUtils.newInputStream(FileUtils.java:72)
	at org.apache.ratis.util.FileUtils.newInputStream(FileUtils.java:68)
	at org.apache.ratis.server.storage.RaftStorageImpl.readRaftConfiguration(RaftStorageImpl.java:156)
	at org.apache.ratis.server.impl.ServerState.initialize(ServerState.java:141)
	at org.apache.ratis.server.impl.RaftServerImpl.start(RaftServerImpl.java:388)
	at org.apache.ratis.server.impl.RaftServerProxy.lambda$groupAddAsync$13(RaftServerProxy.java:509)
	at java.base/java.util.concurrent.CompletableFuture$UniApply.tryFire(CompletableFuture.java:642)
	at java.base/java.util.concurrent.CompletableFuture$Completion.run(CompletableFuture.java:478)
	at java.base/java.util.concurrent.ThreadPoolExecutor.runWorker(ThreadPoolExecutor.java:1128)
	at java.base/java.util.concurrent.ThreadPoolExecutor$Worker.run(ThreadPoolExecutor.java:628)
	at java.base/java.lang.Thread.run(Thread.java:829)
2023-12-13 16:20:41,765 [s1-groupManagement] INFO  server.RaftServerConfigKeys (ConfUtils.java:logGet(46)) - raft.server.log.use.memory = false (default)
2023-12-13 16:20:41,765 [s1-groupManagement] INFO  server.RaftServerConfigKeys (ConfUtils.java:logGet(46)) - raft.server.log.purge.gap = 1024 (default)
2023-12-13 16:20:41,765 [s1-groupManagement] INFO  server.RaftServerConfigKeys (ConfUtils.java:logGet(46)) - raft.server.log.appender.buffer.byte-limit = 4MB (=4194304) (default)
2023-12-13 16:20:41,765 [s1-groupManagement] INFO  server.RaftServerConfigKeys (ConfUtils.java:logGet(46)) - raft.server.log.statemachine.data.read.timeout = 1000ms (default)
2023-12-13 16:20:41,765 [s1-groupManagement] INFO  server.RaftServerConfigKeys (ConfUtils.java:logGet(46)) - raft.server.log.purge.preservation.log.num = 0 (default)
2023-12-13 16:20:41,766 [s1-groupManagement] INFO  server.RaftServerConfigKeys (ConfUtils.java:logGet(46)) - raft.server.log.segment.size.max = 32MB (=33554432) (default)
2023-12-13 16:20:41,766 [s1-groupManagement] INFO  server.RaftServerConfigKeys (ConfUtils.java:logGet(46)) - raft.server.log.segment.cache.num.max = 6 (default)
2023-12-13 16:20:41,766 [s1-groupManagement] INFO  server.RaftServerConfigKeys (ConfUtils.java:logGet(46)) - raft.server.log.segment.cache.size.max = 200MB (=209715200) (default)
2023-12-13 16:20:41,766 [s1-groupManagement] INFO  server.RaftServerConfigKeys (ConfUtils.java:logGet(46)) - raft.server.log.appender.buffer.byte-limit = 4MB (=4194304) (default)
2023-12-13 16:20:41,766 [s1-groupManagement] INFO  util.AwaitToRun (AwaitToRun.java:start(81)) - Thread[s1@group-CFDA0681CEAE-cacheEviction-AwaitToRun,5,main] started
2023-12-13 16:20:41,766 [s1-groupManagement] INFO  segmented.SegmentedRaftLogWorker (SegmentedRaftLogWorker.java:<init>(182)) - new s1@group-CFDA0681CEAE-SegmentedRaftLogWorker for RaftStorageImpl:Storage Directory /home/runner/work/ratis/ratis/ratis-test/target/test/data/1e4ee837/MiniRaftClusterWithGrpc1406e638/s1/8a28c877-968c-496e-8770-cfda0681ceae
2023-12-13 16:20:41,766 [s1-groupManagement] INFO  server.RaftServerConfigKeys (ConfUtils.java:logGet(46)) - raft.server.log.queue.byte-limit = 64MB (=67108864) (default)
2023-12-13 16:20:41,766 [s1-groupManagement] INFO  server.RaftServerConfigKeys (ConfUtils.java:logGet(46)) - raft.server.log.queue.element-limit = 4096 (default)
2023-12-13 16:20:41,766 [s1-groupManagement] INFO  server.RaftServerConfigKeys (ConfUtils.java:logGet(46)) - raft.server.log.segment.size.max = 32MB (=33554432) (default)
2023-12-13 16:20:41,766 [s1-groupManagement] INFO  server.RaftServerConfigKeys (ConfUtils.java:logGet(46)) - raft.server.log.preallocated.size = 4MB (=4194304) (default)
2023-12-13 16:20:41,766 [s1-groupManagement] INFO  server.RaftServerConfigKeys (ConfUtils.java:logGet(46)) - raft.server.log.force.sync.num = 128 (default)
2023-12-13 16:20:41,766 [s1-groupManagement] INFO  server.RaftServerConfigKeys (ConfUtils.java:logGet(46)) - raft.server.log.statemachine.data.sync = true (default)
2023-12-13 16:20:41,766 [s1-groupManagement] INFO  server.RaftServerConfigKeys (ConfUtils.java:logGet(46)) - raft.server.log.statemachine.data.sync.timeout = 10s (default)
2023-12-13 16:20:41,766 [s1-groupManagement] INFO  server.RaftServerConfigKeys (ConfUtils.java:logGet(46)) - raft.server.log.statemachine.data.sync.timeout.retry = -1 (default)
2023-12-13 16:20:41,766 [s1-groupManagement] INFO  server.RaftServerConfigKeys (ConfUtils.java:logGet(46)) - raft.server.log.write.buffer.size = 8MB (=8388608) (default)
2023-12-13 16:20:41,768 [s1-groupManagement] INFO  server.RaftServerConfigKeys (ConfUtils.java:logGet(46)) - raft.server.log.appender.buffer.byte-limit = 4MB (=4194304) (default)
2023-12-13 16:20:41,768 [s1-groupManagement] INFO  server.RaftServerConfigKeys (ConfUtils.java:logGet(46)) - raft.server.log.unsafe-flush.enabled = false (default)
2023-12-13 16:20:41,768 [s1-groupManagement] INFO  server.RaftServerConfigKeys (ConfUtils.java:logGet(46)) - raft.server.log.async-flush.enabled = false (default)
2023-12-13 16:20:41,768 [s1-groupManagement] INFO  server.RaftServerConfigKeys (ConfUtils.java:logGet(46)) - raft.server.log.statemachine.data.caching.enabled = false (default)
2023-12-13 16:20:41,768 [s1-groupManagement] INFO  segmented.SegmentedRaftLogWorker (SegmentedRaftLogWorker.java:lambda$new$0(134)) - s1@group-CFDA0681CEAE-SegmentedRaftLogWorker: flushIndex: setUnconditionally 0 -> -1
2023-12-13 16:20:41,768 [s1-groupManagement] INFO  segmented.SegmentedRaftLogWorker (SegmentedRaftLogWorker.java:lambda$new$0(134)) - s1@group-CFDA0681CEAE-SegmentedRaftLogWorker: safeCacheEvictIndex: setUnconditionally 0 -> -1
2023-12-13 16:20:41,768 [s1-groupManagement] INFO  server.RaftServer$Division (RaftServerImpl.java:start(392)) - s1@group-CFDA0681CEAE: start as a follower, conf=-1: peers:[s0|0.0.0.0:43143, s1|0.0.0.0:38179, s2|0.0.0.0:41039]|listeners:[], old=null
2023-12-13 16:20:41,768 [s1-groupManagement] INFO  server.RaftServer$Division (RaftServerImpl.java:setRole(379)) - s1@group-CFDA0681CEAE: changes role from      null to FOLLOWER at term 0 for startAsFollower
2023-12-13 16:20:41,768 [s1-groupManagement] INFO  impl.RoleInfo (RoleInfo.java:updateAndGet(139)) - s1: start s1@group-CFDA0681CEAE-FollowerState
2023-12-13 16:20:41,768 [s1@group-CFDA0681CEAE-FollowerState] INFO  server.RaftServerConfigKeys (ConfUtils.java:logFallback(53)) - raft.server.rpc.first-election.timeout.min = 1500ms (fallback to raft.server.rpc.timeout.min)
2023-12-13 16:20:41,768 [s1-groupManagement] INFO  util.JmxRegister (JmxRegister.java:tryRegister(44)) - Successfully registered JMX Bean with object name Ratis:service=RaftServer,group=group-CFDA0681CEAE,id=s1
2023-12-13 16:20:41,768 [s1@group-CFDA0681CEAE-FollowerState] INFO  server.RaftServerConfigKeys (ConfUtils.java:logFallback(53)) - raft.server.rpc.first-election.timeout.max = 2000ms (fallback to raft.server.rpc.timeout.max)
2023-12-13 16:20:41,768 [s1-groupManagement] INFO  server.RaftServerConfigKeys (ConfUtils.java:logGet(46)) - raft.server.snapshot.trigger-when-stop.enabled = true (default)
2023-12-13 16:20:41,768 [s1-groupManagement] INFO  server.RaftServerConfigKeys (ConfUtils.java:logGet(46)) - raft.server.snapshot.auto.trigger.enabled = false (default)
2023-12-13 16:20:41,768 [s1-groupManagement] INFO  server.RaftServerConfigKeys (ConfUtils.java:logGet(46)) - raft.server.snapshot.retention.file.num = -1 (default)
2023-12-13 16:20:41,768 [s1-groupManagement] INFO  server.RaftServerConfigKeys (ConfUtils.java:logGet(46)) - raft.server.log.purge.upto.snapshot.index = false (default)
2023-12-13 16:20:41,771 [Time-limited test] DEBUG client.RaftClient (ConfUtils.java:logGet(46)) - raft.rpc.type = GRPC (default)
2023-12-13 16:20:41,776 [grpc-default-executor-0] INFO  server.RaftServer (RaftServerProxy.java:addNew(100)) - s2: addNew group-CFDA0681CEAE:[s0|0.0.0.0:43143, s1|0.0.0.0:38179, s2|0.0.0.0:41039] returns group-CFDA0681CEAE:java.util.concurrent.CompletableFuture@7d27afc2[Not completed]
2023-12-13 16:20:41,776 [s2-groupManagement] INFO  server.RaftServer$Division (RaftServerImpl.java:<init>(256)) - s2: new RaftServerImpl for group-CFDA0681CEAE:[s0|0.0.0.0:43143, s1|0.0.0.0:38179, s2|0.0.0.0:41039] with BaseStateMachine:uninitialized
2023-12-13 16:20:41,776 [s2-groupManagement] INFO  server.RaftServerConfigKeys (ConfUtils.java:logGet(46)) - raft.server.rpc.timeout.min = 1500ms (custom)
2023-12-13 16:20:41,776 [s2-groupManagement] INFO  server.RaftServerConfigKeys (ConfUtils.java:logGet(46)) - raft.server.rpc.timeout.max = 2000ms (custom)
2023-12-13 16:20:41,776 [s2-groupManagement] INFO  server.RaftServerConfigKeys (ConfUtils.java:logGet(46)) - raft.server.rpc.sleep.time = 25ms (default)
2023-12-13 16:20:41,776 [s2-groupManagement] INFO  server.RaftServerConfigKeys (ConfUtils.java:logGet(46)) - raft.server.rpc.slowness.timeout = 60s (default)
2023-12-13 16:20:41,776 [s2-groupManagement] INFO  server.RaftServerConfigKeys (ConfUtils.java:logGet(46)) - raft.server.leaderelection.leader.step-down.wait-time = 10s (default)
2023-12-13 16:20:41,776 [s2-groupManagement] INFO  server.RaftServerConfigKeys (ConfUtils.java:logGet(46)) - raft.server.leaderelection.member.majority-add = false (default)
2023-12-13 16:20:41,776 [s2-groupManagement] INFO  server.RaftServerConfigKeys (ConfUtils.java:logGet(46)) - raft.server.sleep.deviation.threshold = 300ms (default)
2023-12-13 16:20:41,776 [s2-groupManagement] INFO  server.RaftServer$Division (ServerState.java:<init>(113)) - s2@group-CFDA0681CEAE: ConfigurationManager, init=-1: peers:[s0|0.0.0.0:43143, s1|0.0.0.0:38179, s2|0.0.0.0:41039]|listeners:[], old=null, confs=<EMPTY_MAP>
2023-12-13 16:20:41,776 [s2-groupManagement] INFO  server.RaftServerConfigKeys (ConfUtils.java:logGet(46)) - raft.server.notification.no-leader.timeout = 60s (default)
2023-12-13 16:20:41,776 [s2-groupManagement] INFO  server.RaftServerConfigKeys (ConfUtils.java:logGet(46)) - raft.server.read.timeout = 10s (default)
2023-12-13 16:20:41,776 [s2-groupManagement] INFO  server.RaftServerConfigKeys (ConfUtils.java:logGet(46)) - raft.server.retrycache.expirytime = 60s (default)
2023-12-13 16:20:41,776 [s2-groupManagement] INFO  server.RaftServerConfigKeys (ConfUtils.java:logGet(46)) - raft.server.retrycache.statistics.expirytime = 100ms (default)
2023-12-13 16:20:41,777 [s2-groupManagement] INFO  server.RaftServerConfigKeys (ConfUtils.java:logGet(46)) - raft.server.read.option = DEFAULT (default)
2023-12-13 16:20:41,777 [s2-groupManagement] INFO  server.RaftServerConfigKeys (ConfUtils.java:logGet(46)) - raft.server.read.read-after-write-consistent.write-index-cache.expiry-time = 60s (default)
2023-12-13 16:20:41,777 [s2-groupManagement] INFO  server.RaftServerConfigKeys (ConfUtils.java:logGet(46)) - raft.server.rpc.request.timeout = 3000ms (default)
2023-12-13 16:20:41,777 [s2-groupManagement] INFO  server.RaftServerConfigKeys (ConfUtils.java:logGet(46)) - raft.server.log.appender.install.snapshot.enabled = true (default)
2023-12-13 16:20:41,777 [s2-groupManagement] INFO  server.RaftServerConfigKeys (ConfUtils.java:logGet(46)) - raft.server.threadpool.server.cached = true (default)
2023-12-13 16:20:41,777 [s2-groupManagement] INFO  server.RaftServerConfigKeys (ConfUtils.java:logGet(46)) - raft.server.threadpool.server.size = 0 (default)
2023-12-13 16:20:41,777 [s2-groupManagement] INFO  server.RaftServerConfigKeys (ConfUtils.java:logGet(46)) - raft.server.threadpool.client.cached = true (default)
2023-12-13 16:20:41,777 [s2-groupManagement] INFO  server.RaftServerConfigKeys (ConfUtils.java:logGet(46)) - raft.server.threadpool.client.size = 0 (default)
2023-12-13 16:20:41,777 [s2-groupManagement] DEBUG server.RaftServer (RaftServerProxy.java:lambda$groupAddAsync$13(507)) - s2: newImpl =      null s2@group-CFDA0681CEAE:t0, leader=null, voted=null, raftlog=UNINITIALIZED, conf=-1: peers:[s0|0.0.0.0:43143, s1|0.0.0.0:38179, s2|0.0.0.0:41039]|listeners:[], old=null NEW
2023-12-13 16:20:41,777 [s2-groupManagement] INFO  server.RaftServerConfigKeys (ConfUtils.java:logGet(46)) - raft.server.storage.free-space.min = 0MB (=0) (default)
2023-12-13 16:20:41,777 [s2-groupManagement] INFO  server.RaftServerConfigKeys (ConfUtils.java:logGet(46)) - raft.server.log.corruption.policy = EXCEPTION (default)
2023-12-13 16:20:41,777 [s2-groupManagement] INFO  server.RaftServerConfigKeys (ConfUtils.java:logGet(46)) - raft.server.storage.dir = [/home/runner/work/ratis/ratis/ratis-test/target/test/data/1e4ee837/MiniRaftClusterWithGrpc1406e638/s2] (custom)
2023-12-13 16:20:41,778 [s2-groupManagement] INFO  storage.RaftStorageDirectory (RaftStorageDirectoryImpl.java:analyzeStorage(138)) - The storage directory /home/runner/work/ratis/ratis/ratis-test/target/test/data/1e4ee837/MiniRaftClusterWithGrpc1406e638/s2/8a28c877-968c-496e-8770-cfda0681ceae does not exist. Creating ...
2023-12-13 16:20:41,778 [s2-groupManagement] TRACE util.FileUtils (LogUtils.java:runAndLog(49)) - Successfully ran Files.createDirectories /home/runner/work/ratis/ratis/ratis-test/target/test/data/1e4ee837/MiniRaftClusterWithGrpc1406e638/s2/8a28c877-968c-496e-8770-cfda0681ceae
2023-12-13 16:20:41,779 [s2-groupManagement] INFO  storage.RaftStorageDirectory (RaftStorageDirectoryImpl.java:tryLock(228)) - Lock on /home/runner/work/ratis/ratis/ratis-test/target/test/data/1e4ee837/MiniRaftClusterWithGrpc1406e638/s2/8a28c877-968c-496e-8770-cfda0681ceae/in_use.lock acquired by nodename 10819@fv-az890-872
2023-12-13 16:20:41,779 [s2-groupManagement] TRACE util.FileUtils (LogUtils.java:runAndLog(49)) - Successfully ran Files.createDirectories /home/runner/work/ratis/ratis/ratis-test/target/test/data/1e4ee837/MiniRaftClusterWithGrpc1406e638/s2/8a28c877-968c-496e-8770-cfda0681ceae/current
2023-12-13 16:20:41,780 [s2-groupManagement] TRACE util.FileUtils (LogUtils.java:runAndLog(49)) - Successfully ran Files.createDirectories /home/runner/work/ratis/ratis/ratis-test/target/test/data/1e4ee837/MiniRaftClusterWithGrpc1406e638/s2/8a28c877-968c-496e-8770-cfda0681ceae/sm
2023-12-13 16:20:41,780 [s2-groupManagement] TRACE util.FileUtils (LogUtils.java:supplyAndLog(69)) - Successfully supplied FileChannel.open /home/runner/work/ratis/ratis/ratis-test/target/test/data/1e4ee837/MiniRaftClusterWithGrpc1406e638/s2/8a28c877-968c-496e-8770-cfda0681ceae/current/raft-meta.tmp with options [CREATE, WRITE]: sun.nio.ch.FileChannelImpl@6e5e5265
2023-12-13 16:20:41,780 [s2-groupManagement] TRACE util.FileUtils (LogUtils.java:runAndLog(49)) - Successfully ran Atomic Files.move /home/runner/work/ratis/ratis/ratis-test/target/test/data/1e4ee837/MiniRaftClusterWithGrpc1406e638/s2/8a28c877-968c-496e-8770-cfda0681ceae/current/raft-meta.tmp to /home/runner/work/ratis/ratis/ratis-test/target/test/data/1e4ee837/MiniRaftClusterWithGrpc1406e638/s2/8a28c877-968c-496e-8770-cfda0681ceae/current/raft-meta with options [REPLACE_EXISTING]
2023-12-13 16:20:41,780 [s2-groupManagement] INFO  storage.RaftStorage (RaftStorageImpl.java:format(99)) - Storage directory /home/runner/work/ratis/ratis/ratis-test/target/test/data/1e4ee837/MiniRaftClusterWithGrpc1406e638/s2/8a28c877-968c-496e-8770-cfda0681ceae has been successfully formatted.
2023-12-13 16:20:41,781 [s2-groupManagement] TRACE util.FileUtils (LogUtils.java:supplyAndLog(61)) - Failed to Files.newInputStream /home/runner/work/ratis/ratis/ratis-test/target/test/data/1e4ee837/MiniRaftClusterWithGrpc1406e638/s2/8a28c877-968c-496e-8770-cfda0681ceae/current/raft-meta.conf with options []
java.nio.file.NoSuchFileException: /home/runner/work/ratis/ratis/ratis-test/target/test/data/1e4ee837/MiniRaftClusterWithGrpc1406e638/s2/8a28c877-968c-496e-8770-cfda0681ceae/current/raft-meta.conf
	at java.base/sun.nio.fs.UnixException.translateToIOException(UnixException.java:92)
	at java.base/sun.nio.fs.UnixException.rethrowAsIOException(UnixException.java:111)
	at java.base/sun.nio.fs.UnixException.rethrowAsIOException(UnixException.java:116)
	at java.base/sun.nio.fs.UnixFileSystemProvider.newByteChannel(UnixFileSystemProvider.java:219)
	at java.base/java.nio.file.Files.newByteChannel(Files.java:371)
	at java.base/java.nio.file.Files.newByteChannel(Files.java:422)
	at java.base/java.nio.file.spi.FileSystemProvider.newInputStream(FileSystemProvider.java:420)
	at java.base/java.nio.file.Files.newInputStream(Files.java:156)
	at org.apache.ratis.util.FileUtils.lambda$newInputStream$2(FileUtils.java:73)
	at org.apache.ratis.util.LogUtils.supplyAndLog(LogUtils.java:58)
	at org.apache.ratis.util.FileUtils.newInputStream(FileUtils.java:72)
	at org.apache.ratis.util.FileUtils.newInputStream(FileUtils.java:68)
	at org.apache.ratis.server.storage.RaftStorageImpl.readRaftConfiguration(RaftStorageImpl.java:156)
	at org.apache.ratis.server.impl.ServerState.initialize(ServerState.java:141)
	at org.apache.ratis.server.impl.RaftServerImpl.start(RaftServerImpl.java:388)
	at org.apache.ratis.server.impl.RaftServerProxy.lambda$groupAddAsync$13(RaftServerProxy.java:509)
	at java.base/java.util.concurrent.CompletableFuture$UniApply.tryFire(CompletableFuture.java:642)
	at java.base/java.util.concurrent.CompletableFuture$Completion.run(CompletableFuture.java:478)
	at java.base/java.util.concurrent.ThreadPoolExecutor.runWorker(ThreadPoolExecutor.java:1128)
	at java.base/java.util.concurrent.ThreadPoolExecutor$Worker.run(ThreadPoolExecutor.java:628)
	at java.base/java.lang.Thread.run(Thread.java:829)
2023-12-13 16:20:41,781 [s2-groupManagement] INFO  server.RaftServerConfigKeys (ConfUtils.java:logGet(46)) - raft.server.log.use.memory = false (default)
2023-12-13 16:20:41,781 [s2-groupManagement] INFO  server.RaftServerConfigKeys (ConfUtils.java:logGet(46)) - raft.server.log.purge.gap = 1024 (default)
2023-12-13 16:20:41,781 [s2-groupManagement] INFO  server.RaftServerConfigKeys (ConfUtils.java:logGet(46)) - raft.server.log.appender.buffer.byte-limit = 4MB (=4194304) (default)
2023-12-13 16:20:41,781 [s2-groupManagement] INFO  server.RaftServerConfigKeys (ConfUtils.java:logGet(46)) - raft.server.log.statemachine.data.read.timeout = 1000ms (default)
2023-12-13 16:20:41,781 [s2-groupManagement] INFO  server.RaftServerConfigKeys (ConfUtils.java:logGet(46)) - raft.server.log.purge.preservation.log.num = 0 (default)
2023-12-13 16:20:41,781 [s2-groupManagement] INFO  server.RaftServerConfigKeys (ConfUtils.java:logGet(46)) - raft.server.log.segment.size.max = 32MB (=33554432) (default)
2023-12-13 16:20:41,781 [s2-groupManagement] INFO  server.RaftServerConfigKeys (ConfUtils.java:logGet(46)) - raft.server.log.segment.cache.num.max = 6 (default)
2023-12-13 16:20:41,781 [s2-groupManagement] INFO  server.RaftServerConfigKeys (ConfUtils.java:logGet(46)) - raft.server.log.segment.cache.size.max = 200MB (=209715200) (default)
2023-12-13 16:20:41,781 [s2-groupManagement] INFO  server.RaftServerConfigKeys (ConfUtils.java:logGet(46)) - raft.server.log.appender.buffer.byte-limit = 4MB (=4194304) (default)
2023-12-13 16:20:41,781 [s2-groupManagement] INFO  util.AwaitToRun (AwaitToRun.java:start(81)) - Thread[s2@group-CFDA0681CEAE-cacheEviction-AwaitToRun,5,main] started
2023-12-13 16:20:41,781 [s2-groupManagement] INFO  segmented.SegmentedRaftLogWorker (SegmentedRaftLogWorker.java:<init>(182)) - new s2@group-CFDA0681CEAE-SegmentedRaftLogWorker for RaftStorageImpl:Storage Directory /home/runner/work/ratis/ratis/ratis-test/target/test/data/1e4ee837/MiniRaftClusterWithGrpc1406e638/s2/8a28c877-968c-496e-8770-cfda0681ceae
2023-12-13 16:20:41,781 [s2-groupManagement] INFO  server.RaftServerConfigKeys (ConfUtils.java:logGet(46)) - raft.server.log.queue.byte-limit = 64MB (=67108864) (default)
2023-12-13 16:20:41,781 [s2-groupManagement] INFO  server.RaftServerConfigKeys (ConfUtils.java:logGet(46)) - raft.server.log.queue.element-limit = 4096 (default)
2023-12-13 16:20:41,781 [s2-groupManagement] INFO  server.RaftServerConfigKeys (ConfUtils.java:logGet(46)) - raft.server.log.segment.size.max = 32MB (=33554432) (default)
2023-12-13 16:20:41,781 [s2-groupManagement] INFO  server.RaftServerConfigKeys (ConfUtils.java:logGet(46)) - raft.server.log.preallocated.size = 4MB (=4194304) (default)
2023-12-13 16:20:41,782 [s2-groupManagement] INFO  server.RaftServerConfigKeys (ConfUtils.java:logGet(46)) - raft.server.log.force.sync.num = 128 (default)
2023-12-13 16:20:41,782 [s2-groupManagement] INFO  server.RaftServerConfigKeys (ConfUtils.java:logGet(46)) - raft.server.log.statemachine.data.sync = true (default)
2023-12-13 16:20:41,782 [s2-groupManagement] INFO  server.RaftServerConfigKeys (ConfUtils.java:logGet(46)) - raft.server.log.statemachine.data.sync.timeout = 10s (default)
2023-12-13 16:20:41,782 [s2-groupManagement] INFO  server.RaftServerConfigKeys (ConfUtils.java:logGet(46)) - raft.server.log.statemachine.data.sync.timeout.retry = -1 (default)
2023-12-13 16:20:41,782 [s2-groupManagement] INFO  server.RaftServerConfigKeys (ConfUtils.java:logGet(46)) - raft.server.log.write.buffer.size = 8MB (=8388608) (default)
2023-12-13 16:20:41,783 [s2-groupManagement] INFO  server.RaftServerConfigKeys (ConfUtils.java:logGet(46)) - raft.server.log.appender.buffer.byte-limit = 4MB (=4194304) (default)
2023-12-13 16:20:41,783 [s2-groupManagement] INFO  server.RaftServerConfigKeys (ConfUtils.java:logGet(46)) - raft.server.log.unsafe-flush.enabled = false (default)
2023-12-13 16:20:41,783 [s2-groupManagement] INFO  server.RaftServerConfigKeys (ConfUtils.java:logGet(46)) - raft.server.log.async-flush.enabled = false (default)
2023-12-13 16:20:41,783 [s2-groupManagement] INFO  server.RaftServerConfigKeys (ConfUtils.java:logGet(46)) - raft.server.log.statemachine.data.caching.enabled = false (default)
2023-12-13 16:20:41,783 [s2-groupManagement] INFO  segmented.SegmentedRaftLogWorker (SegmentedRaftLogWorker.java:lambda$new$0(134)) - s2@group-CFDA0681CEAE-SegmentedRaftLogWorker: flushIndex: setUnconditionally 0 -> -1
2023-12-13 16:20:41,783 [s2-groupManagement] INFO  segmented.SegmentedRaftLogWorker (SegmentedRaftLogWorker.java:lambda$new$0(134)) - s2@group-CFDA0681CEAE-SegmentedRaftLogWorker: safeCacheEvictIndex: setUnconditionally 0 -> -1
2023-12-13 16:20:41,783 [s2-groupManagement] INFO  server.RaftServer$Division (RaftServerImpl.java:start(392)) - s2@group-CFDA0681CEAE: start as a follower, conf=-1: peers:[s0|0.0.0.0:43143, s1|0.0.0.0:38179, s2|0.0.0.0:41039]|listeners:[], old=null
2023-12-13 16:20:41,783 [s2-groupManagement] INFO  server.RaftServer$Division (RaftServerImpl.java:setRole(379)) - s2@group-CFDA0681CEAE: changes role from      null to FOLLOWER at term 0 for startAsFollower
2023-12-13 16:20:41,783 [s2-groupManagement] INFO  impl.RoleInfo (RoleInfo.java:updateAndGet(139)) - s2: start s2@group-CFDA0681CEAE-FollowerState
2023-12-13 16:20:41,783 [s2@group-CFDA0681CEAE-FollowerState] INFO  server.RaftServerConfigKeys (ConfUtils.java:logFallback(53)) - raft.server.rpc.first-election.timeout.min = 1500ms (fallback to raft.server.rpc.timeout.min)
2023-12-13 16:20:41,784 [s2-groupManagement] INFO  util.JmxRegister (JmxRegister.java:tryRegister(44)) - Successfully registered JMX Bean with object name Ratis:service=RaftServer,group=group-CFDA0681CEAE,id=s2
2023-12-13 16:20:41,784 [s2@group-CFDA0681CEAE-FollowerState] INFO  server.RaftServerConfigKeys (ConfUtils.java:logFallback(53)) - raft.server.rpc.first-election.timeout.max = 2000ms (fallback to raft.server.rpc.timeout.max)
2023-12-13 16:20:41,784 [s2-groupManagement] INFO  server.RaftServerConfigKeys (ConfUtils.java:logGet(46)) - raft.server.snapshot.trigger-when-stop.enabled = true (default)
2023-12-13 16:20:41,784 [s2-groupManagement] INFO  server.RaftServerConfigKeys (ConfUtils.java:logGet(46)) - raft.server.snapshot.auto.trigger.enabled = false (default)
2023-12-13 16:20:41,784 [s2-groupManagement] INFO  server.RaftServerConfigKeys (ConfUtils.java:logGet(46)) - raft.server.snapshot.retention.file.num = -1 (default)
2023-12-13 16:20:41,784 [s2-groupManagement] INFO  server.RaftServerConfigKeys (ConfUtils.java:logGet(46)) - raft.server.log.purge.upto.snapshot.index = false (default)
2023-12-13 16:20:41,786 [Time-limited test] INFO  server.RaftServerConfigKeys (ConfUtils.java:logGet(46)) - raft.server.rpc.timeout.max = 2000ms (custom)
2023-12-13 16:20:41,787 [Time-limited test] INFO  ratis.RaftTestUtil (RaftTestUtil.java:waitForLeader(100)) - printing group-CFDA0681CEAE
  s0:  RUNNING [
   FOLLOWER s0@group-7980D1787839:t0, leader=null, voted=, raftlog=Memoized:s0@group-7980D1787839-SegmentedRaftLog:OPENED:c-1, conf=-1: peers:[]|listeners:[], old=null STARTING
   FOLLOWER s0@group-CFDA0681CEAE:t0, leader=null, voted=, raftlog=Memoized:s0@group-CFDA0681CEAE-SegmentedRaftLog:OPENED:c-1, conf=-1: peers:[s0|0.0.0.0:43143, s1|0.0.0.0:38179, s2|0.0.0.0:41039]|listeners:[], old=null RUNNING] size=2
  s1:  RUNNING [
   FOLLOWER s1@group-7980D1787839:t0, leader=null, voted=, raftlog=Memoized:s1@group-7980D1787839-SegmentedRaftLog:OPENED:c-1, conf=-1: peers:[]|listeners:[], old=null STARTING
   FOLLOWER s1@group-CFDA0681CEAE:t0, leader=null, voted=, raftlog=Memoized:s1@group-CFDA0681CEAE-SegmentedRaftLog:OPENED:c-1, conf=-1: peers:[s0|0.0.0.0:43143, s1|0.0.0.0:38179, s2|0.0.0.0:41039]|listeners:[], old=null RUNNING] size=2
  s2:  RUNNING [
   FOLLOWER s2@group-7980D1787839:t0, leader=null, voted=, raftlog=Memoized:s2@group-7980D1787839-SegmentedRaftLog:OPENED:c-1, conf=-1: peers:[]|listeners:[], old=null STARTING
   FOLLOWER s2@group-CFDA0681CEAE:t0, leader=null, voted=, raftlog=Memoized:s2@group-CFDA0681CEAE-SegmentedRaftLog:OPENED:c-1, conf=-1: peers:[s0|0.0.0.0:43143, s1|0.0.0.0:38179, s2|0.0.0.0:41039]|listeners:[], old=null RUNNING] size=2
2023-12-13 16:20:41,788 [Time-limited test] WARN  ratis.RaftTestUtil (RaftTestUtil.java:lambda$waitForLeader$3(119)) - Attempt #1 failed: java.lang.IllegalStateException: No leader yet  for group-CFDA0681CEAE: printing group-CFDA0681CEAE
  s0:  RUNNING [
   FOLLOWER s0@group-7980D1787839:t0, leader=null, voted=, raftlog=Memoized:s0@group-7980D1787839-SegmentedRaftLog:OPENED:c-1, conf=-1: peers:[]|listeners:[], old=null STARTING
   FOLLOWER s0@group-CFDA0681CEAE:t0, leader=null, voted=, raftlog=Memoized:s0@group-CFDA0681CEAE-SegmentedRaftLog:OPENED:c-1, conf=-1: peers:[s0|0.0.0.0:43143, s1|0.0.0.0:38179, s2|0.0.0.0:41039]|listeners:[], old=null RUNNING] size=2
  s1:  RUNNING [
   FOLLOWER s1@group-7980D1787839:t0, leader=null, voted=, raftlog=Memoized:s1@group-7980D1787839-SegmentedRaftLog:OPENED:c-1, conf=-1: peers:[]|listeners:[], old=null STARTING
   FOLLOWER s1@group-CFDA0681CEAE:t0, leader=null, voted=, raftlog=Memoized:s1@group-CFDA0681CEAE-SegmentedRaftLog:OPENED:c-1, conf=-1: peers:[s0|0.0.0.0:43143, s1|0.0.0.0:38179, s2|0.0.0.0:41039]|listeners:[], old=null RUNNING] size=2
  s2:  RUNNING [
   FOLLOWER s2@group-7980D1787839:t0, leader=null, voted=, raftlog=Memoized:s2@group-7980D1787839-SegmentedRaftLog:OPENED:c-1, conf=-1: peers:[]|listeners:[], old=null STARTING
   FOLLOWER s2@group-CFDA0681CEAE:t0, leader=null, voted=, raftlog=Memoized:s2@group-CFDA0681CEAE-SegmentedRaftLog:OPENED:c-1, conf=-1: peers:[s0|0.0.0.0:43143, s1|0.0.0.0:38179, s2|0.0.0.0:41039]|listeners:[], old=null RUNNING] size=2
2023-12-13 16:20:43,422 [s0@group-CFDA0681CEAE-FollowerState] INFO  impl.FollowerState (FollowerState.java:run(143)) - s0@group-CFDA0681CEAE-FollowerState: change to CANDIDATE, lastRpcElapsedTime:1669417718ns, electionTimeout:1669ms
2023-12-13 16:20:43,422 [s0@group-CFDA0681CEAE-FollowerState] INFO  impl.RoleInfo (RoleInfo.java:shutdownFollowerState(110)) - s0: shutdown s0@group-CFDA0681CEAE-FollowerState
2023-12-13 16:20:43,423 [s0@group-CFDA0681CEAE-FollowerState] INFO  server.RaftServer$Division (RaftServerImpl.java:setRole(379)) - s0@group-CFDA0681CEAE: changes role from  FOLLOWER to CANDIDATE at term 0 for changeToCandidate
2023-12-13 16:20:43,423 [s0@group-CFDA0681CEAE-FollowerState] INFO  server.RaftServerConfigKeys (ConfUtils.java:logGet(46)) - raft.server.leaderelection.pre-vote = true (default)
2023-12-13 16:20:43,423 [s0@group-CFDA0681CEAE-FollowerState] INFO  impl.RoleInfo (RoleInfo.java:updateAndGet(139)) - s0: start s0@group-CFDA0681CEAE-LeaderElection4
2023-12-13 16:20:43,423 [s0@group-CFDA0681CEAE-LeaderElection4] INFO  impl.LeaderElection (LeaderElection.java:askForVotes(321)) - s0@group-CFDA0681CEAE-LeaderElection4 PRE_VOTE round 0: submit vote requests at term 0 for -1: peers:[s0|0.0.0.0:43143, s1|0.0.0.0:38179, s2|0.0.0.0:41039]|listeners:[], old=null
2023-12-13 16:20:43,424 [s0@group-CFDA0681CEAE-LeaderElection4-1] INFO  server.GrpcServerProtocolClient (GrpcServerProtocolClient.java:<init>(65)) - Build channel for s1
2023-12-13 16:20:43,424 [s0@group-CFDA0681CEAE-LeaderElection4] INFO  server.RaftServerConfigKeys (ConfUtils.java:logFallback(53)) - raft.server.rpc.first-election.timeout.min = 1500ms (fallback to raft.server.rpc.timeout.min)
2023-12-13 16:20:43,424 [s0@group-CFDA0681CEAE-LeaderElection4-2] INFO  server.GrpcServerProtocolClient (GrpcServerProtocolClient.java:<init>(65)) - Build channel for s2
2023-12-13 16:20:43,424 [s0@group-CFDA0681CEAE-LeaderElection4] INFO  server.RaftServerConfigKeys (ConfUtils.java:logFallback(53)) - raft.server.rpc.first-election.timeout.max = 2000ms (fallback to raft.server.rpc.timeout.max)
2023-12-13 16:20:43,428 [grpc-default-executor-1] INFO  server.RaftServer$Division (RaftServerImpl.java:requestVote(1377)) - s2@group-CFDA0681CEAE: receive requestVote(PRE_VOTE, s0, group-CFDA0681CEAE, 0, (t:0, i:0))
2023-12-13 16:20:43,428 [grpc-default-executor-0] INFO  server.RaftServer$Division (RaftServerImpl.java:requestVote(1377)) - s1@group-CFDA0681CEAE: receive requestVote(PRE_VOTE, s0, group-CFDA0681CEAE, 0, (t:0, i:0))
2023-12-13 16:20:43,428 [grpc-default-executor-1] INFO  impl.VoteContext (VoteContext.java:log(49)) - s2@group-CFDA0681CEAE-FOLLOWER: accept PRE_VOTE from s0: our priority 0 <= candidate's priority 0
2023-12-13 16:20:43,429 [grpc-default-executor-0] INFO  impl.VoteContext (VoteContext.java:log(49)) - s1@group-CFDA0681CEAE-FOLLOWER: accept PRE_VOTE from s0: our priority 0 <= candidate's priority 0
2023-12-13 16:20:43,429 [grpc-default-executor-1] INFO  server.RaftServer$Division (RaftServerImpl.java:requestVote(1410)) - s2@group-CFDA0681CEAE replies to PRE_VOTE vote request: s0<-s2#0:OK-t0. Peer's state: s2@group-CFDA0681CEAE:t0, leader=null, voted=, raftlog=Memoized:s2@group-CFDA0681CEAE-SegmentedRaftLog:OPENED:c-1, conf=-1: peers:[s0|0.0.0.0:43143, s1|0.0.0.0:38179, s2|0.0.0.0:41039]|listeners:[], old=null
2023-12-13 16:20:43,429 [grpc-default-executor-0] INFO  server.RaftServer$Division (RaftServerImpl.java:requestVote(1410)) - s1@group-CFDA0681CEAE replies to PRE_VOTE vote request: s0<-s1#0:OK-t0. Peer's state: s1@group-CFDA0681CEAE:t0, leader=null, voted=, raftlog=Memoized:s1@group-CFDA0681CEAE-SegmentedRaftLog:OPENED:c-1, conf=-1: peers:[s0|0.0.0.0:43143, s1|0.0.0.0:38179, s2|0.0.0.0:41039]|listeners:[], old=null
2023-12-13 16:20:43,430 [s0@group-CFDA0681CEAE-LeaderElection4] INFO  impl.LeaderElection (LeaderElection.java:logAndReturn(89)) - s0@group-CFDA0681CEAE-LeaderElection4: PRE_VOTE PASSED received 1 response(s) and 0 exception(s):
2023-12-13 16:20:43,430 [s0@group-CFDA0681CEAE-LeaderElection4] INFO  impl.LeaderElection (LeaderElection.java:logAndReturn(93)) -   Response 0: s0<-s2#0:OK-t0
2023-12-13 16:20:43,430 [s0@group-CFDA0681CEAE-LeaderElection4] INFO  impl.LeaderElection (LeaderElection.java:askForVotes(323)) - s0@group-CFDA0681CEAE-LeaderElection4 PRE_VOTE round 0: result PASSED
2023-12-13 16:20:43,430 [s0@group-CFDA0681CEAE-LeaderElection4] TRACE util.FileUtils (LogUtils.java:supplyAndLog(69)) - Successfully supplied FileChannel.open /home/runner/work/ratis/ratis/ratis-test/target/test/data/1e4ee837/MiniRaftClusterWithGrpc1406e638/s0/8a28c877-968c-496e-8770-cfda0681ceae/current/raft-meta.tmp with options [CREATE, WRITE]: sun.nio.ch.FileChannelImpl@32a607e0
2023-12-13 16:20:43,432 [s0@group-CFDA0681CEAE-LeaderElection4] TRACE util.FileUtils (LogUtils.java:runAndLog(49)) - Successfully ran Atomic Files.move /home/runner/work/ratis/ratis/ratis-test/target/test/data/1e4ee837/MiniRaftClusterWithGrpc1406e638/s0/8a28c877-968c-496e-8770-cfda0681ceae/current/raft-meta.tmp to /home/runner/work/ratis/ratis/ratis-test/target/test/data/1e4ee837/MiniRaftClusterWithGrpc1406e638/s0/8a28c877-968c-496e-8770-cfda0681ceae/current/raft-meta with options [REPLACE_EXISTING]
2023-12-13 16:20:43,432 [s0@group-CFDA0681CEAE-LeaderElection4] INFO  impl.LeaderElection (LeaderElection.java:askForVotes(321)) - s0@group-CFDA0681CEAE-LeaderElection4 ELECTION round 0: submit vote requests at term 1 for -1: peers:[s0|0.0.0.0:43143, s1|0.0.0.0:38179, s2|0.0.0.0:41039]|listeners:[], old=null
2023-12-13 16:20:43,432 [s0@group-CFDA0681CEAE-LeaderElection4] INFO  server.RaftServerConfigKeys (ConfUtils.java:logFallback(53)) - raft.server.rpc.first-election.timeout.min = 1500ms (fallback to raft.server.rpc.timeout.min)
2023-12-13 16:20:43,432 [s0@group-CFDA0681CEAE-LeaderElection4] INFO  server.RaftServerConfigKeys (ConfUtils.java:logFallback(53)) - raft.server.rpc.first-election.timeout.max = 2000ms (fallback to raft.server.rpc.timeout.max)
2023-12-13 16:20:43,434 [grpc-default-executor-0] INFO  server.RaftServer$Division (RaftServerImpl.java:requestVote(1377)) - s1@group-CFDA0681CEAE: receive requestVote(ELECTION, s0, group-CFDA0681CEAE, 1, (t:0, i:0))
2023-12-13 16:20:43,434 [grpc-default-executor-1] INFO  server.RaftServer$Division (RaftServerImpl.java:requestVote(1377)) - s2@group-CFDA0681CEAE: receive requestVote(ELECTION, s0, group-CFDA0681CEAE, 1, (t:0, i:0))
2023-12-13 16:20:43,434 [grpc-default-executor-0] INFO  impl.VoteContext (VoteContext.java:log(49)) - s1@group-CFDA0681CEAE-FOLLOWER: accept ELECTION from s0: our priority 0 <= candidate's priority 0
2023-12-13 16:20:43,434 [grpc-default-executor-1] INFO  impl.VoteContext (VoteContext.java:log(49)) - s2@group-CFDA0681CEAE-FOLLOWER: accept ELECTION from s0: our priority 0 <= candidate's priority 0
2023-12-13 16:20:43,434 [grpc-default-executor-0] INFO  server.RaftServer$Division (RaftServerImpl.java:setRole(379)) - s1@group-CFDA0681CEAE: changes role from  FOLLOWER to FOLLOWER at term 1 for candidate:s0
2023-12-13 16:20:43,434 [grpc-default-executor-1] INFO  server.RaftServer$Division (RaftServerImpl.java:setRole(379)) - s2@group-CFDA0681CEAE: changes role from  FOLLOWER to FOLLOWER at term 1 for candidate:s0
2023-12-13 16:20:43,434 [grpc-default-executor-0] INFO  impl.RoleInfo (RoleInfo.java:shutdownFollowerState(110)) - s1: shutdown s1@group-CFDA0681CEAE-FollowerState
2023-12-13 16:20:43,434 [grpc-default-executor-1] INFO  impl.RoleInfo (RoleInfo.java:shutdownFollowerState(110)) - s2: shutdown s2@group-CFDA0681CEAE-FollowerState
2023-12-13 16:20:43,434 [grpc-default-executor-0] INFO  impl.RoleInfo (RoleInfo.java:updateAndGet(139)) - s1: start s1@group-CFDA0681CEAE-FollowerState
2023-12-13 16:20:43,434 [grpc-default-executor-1] INFO  impl.RoleInfo (RoleInfo.java:updateAndGet(139)) - s2: start s2@group-CFDA0681CEAE-FollowerState
2023-12-13 16:20:43,434 [s1@group-CFDA0681CEAE-FollowerState] INFO  impl.FollowerState (FollowerState.java:run(152)) - s1@group-CFDA0681CEAE-FollowerState was interrupted
2023-12-13 16:20:43,434 [grpc-default-executor-0] INFO  server.RaftServer$Division (RaftServerImpl.java:setFirstElection(564)) - s1@group-CFDA0681CEAE: set firstElectionSinceStartup to false for candidate:s0
2023-12-13 16:20:43,434 [s2@group-CFDA0681CEAE-FollowerState] INFO  impl.FollowerState (FollowerState.java:run(152)) - s2@group-CFDA0681CEAE-FollowerState was interrupted
2023-12-13 16:20:43,435 [grpc-default-executor-1] INFO  server.RaftServer$Division (RaftServerImpl.java:setFirstElection(564)) - s2@group-CFDA0681CEAE: set firstElectionSinceStartup to false for candidate:s0
2023-12-13 16:20:43,435 [grpc-default-executor-0] TRACE util.FileUtils (LogUtils.java:supplyAndLog(69)) - Successfully supplied FileChannel.open /home/runner/work/ratis/ratis/ratis-test/target/test/data/1e4ee837/MiniRaftClusterWithGrpc1406e638/s1/8a28c877-968c-496e-8770-cfda0681ceae/current/raft-meta.tmp with options [CREATE, WRITE]: sun.nio.ch.FileChannelImpl@5d63628a
2023-12-13 16:20:43,435 [grpc-default-executor-1] TRACE util.FileUtils (LogUtils.java:supplyAndLog(69)) - Successfully supplied FileChannel.open /home/runner/work/ratis/ratis/ratis-test/target/test/data/1e4ee837/MiniRaftClusterWithGrpc1406e638/s2/8a28c877-968c-496e-8770-cfda0681ceae/current/raft-meta.tmp with options [CREATE, WRITE]: sun.nio.ch.FileChannelImpl@726c1985
2023-12-13 16:20:43,436 [grpc-default-executor-1] TRACE util.FileUtils (LogUtils.java:runAndLog(49)) - Successfully ran Atomic Files.move /home/runner/work/ratis/ratis/ratis-test/target/test/data/1e4ee837/MiniRaftClusterWithGrpc1406e638/s2/8a28c877-968c-496e-8770-cfda0681ceae/current/raft-meta.tmp to /home/runner/work/ratis/ratis/ratis-test/target/test/data/1e4ee837/MiniRaftClusterWithGrpc1406e638/s2/8a28c877-968c-496e-8770-cfda0681ceae/current/raft-meta with options [REPLACE_EXISTING]
2023-12-13 16:20:43,436 [grpc-default-executor-1] INFO  server.RaftServer$Division (RaftServerImpl.java:requestVote(1410)) - s2@group-CFDA0681CEAE replies to ELECTION vote request: s0<-s2#0:OK-t1. Peer's state: s2@group-CFDA0681CEAE:t1, leader=null, voted=s0, raftlog=Memoized:s2@group-CFDA0681CEAE-SegmentedRaftLog:OPENED:c-1, conf=-1: peers:[s0|0.0.0.0:43143, s1|0.0.0.0:38179, s2|0.0.0.0:41039]|listeners:[], old=null
2023-12-13 16:20:43,437 [grpc-default-executor-0] TRACE util.FileUtils (LogUtils.java:runAndLog(49)) - Successfully ran Atomic Files.move /home/runner/work/ratis/ratis/ratis-test/target/test/data/1e4ee837/MiniRaftClusterWithGrpc1406e638/s1/8a28c877-968c-496e-8770-cfda0681ceae/current/raft-meta.tmp to /home/runner/work/ratis/ratis/ratis-test/target/test/data/1e4ee837/MiniRaftClusterWithGrpc1406e638/s1/8a28c877-968c-496e-8770-cfda0681ceae/current/raft-meta with options [REPLACE_EXISTING]
2023-12-13 16:20:43,437 [grpc-default-executor-0] INFO  server.RaftServer$Division (RaftServerImpl.java:requestVote(1410)) - s1@group-CFDA0681CEAE replies to ELECTION vote request: s0<-s1#0:OK-t1. Peer's state: s1@group-CFDA0681CEAE:t1, leader=null, voted=s0, raftlog=Memoized:s1@group-CFDA0681CEAE-SegmentedRaftLog:OPENED:c-1, conf=-1: peers:[s0|0.0.0.0:43143, s1|0.0.0.0:38179, s2|0.0.0.0:41039]|listeners:[], old=null
2023-12-13 16:20:43,437 [s0@group-CFDA0681CEAE-LeaderElection4] INFO  impl.LeaderElection (LeaderElection.java:logAndReturn(89)) - s0@group-CFDA0681CEAE-LeaderElection4: ELECTION PASSED received 1 response(s) and 0 exception(s):
2023-12-13 16:20:43,437 [s0@group-CFDA0681CEAE-LeaderElection4] INFO  impl.LeaderElection (LeaderElection.java:logAndReturn(93)) -   Response 0: s0<-s2#0:OK-t1
2023-12-13 16:20:43,437 [s0@group-CFDA0681CEAE-LeaderElection4] INFO  impl.LeaderElection (LeaderElection.java:askForVotes(323)) - s0@group-CFDA0681CEAE-LeaderElection4 ELECTION round 0: result PASSED
2023-12-13 16:20:43,437 [s0@group-CFDA0681CEAE-LeaderElection4] INFO  impl.RoleInfo (RoleInfo.java:shutdownLeaderElection(130)) - s0: shutdown s0@group-CFDA0681CEAE-LeaderElection4
2023-12-13 16:20:43,437 [s0@group-CFDA0681CEAE-LeaderElection4] INFO  server.RaftServer$Division (RaftServerImpl.java:setRole(379)) - s0@group-CFDA0681CEAE: changes role from CANDIDATE to LEADER at term 1 for changeToLeader
2023-12-13 16:20:43,437 [s0@group-CFDA0681CEAE-LeaderElection4] INFO  server.RaftServerConfigKeys (ConfUtils.java:logGet(46)) - raft.server.staging.catchup.gap = 1000 (default)
2023-12-13 16:20:43,438 [s0@group-CFDA0681CEAE-LeaderElection4] INFO  server.RaftServerConfigKeys (ConfUtils.java:logGet(46)) - raft.server.write.element-limit = 4096 (default)
2023-12-13 16:20:43,438 [s0@group-CFDA0681CEAE-LeaderElection4] INFO  server.RaftServerConfigKeys (ConfUtils.java:logGet(46)) - raft.server.write.byte-limit = 64MB (=67108864) (default)
2023-12-13 16:20:43,438 [s0@group-CFDA0681CEAE-LeaderElection4] INFO  server.RaftServerConfigKeys (ConfUtils.java:logGet(46)) - raft.server.watch.timeout = 10s (default)
2023-12-13 16:20:43,438 [s0@group-CFDA0681CEAE-LeaderElection4] INFO  server.RaftServerConfigKeys (ConfUtils.java:logGet(46)) - raft.server.watch.timeout.denomination = 1s (default)
2023-12-13 16:20:43,438 [s0@group-CFDA0681CEAE-LeaderElection4] INFO  server.RaftServerConfigKeys (ConfUtils.java:logGet(46)) - raft.server.watch.element-limit = 65536 (default)
2023-12-13 16:20:43,438 [s0@group-CFDA0681CEAE-LeaderElection4] INFO  server.RaftServerConfigKeys (ConfUtils.java:logGet(46)) - raft.server.read.leader.lease.enabled = false (default)
2023-12-13 16:20:43,438 [s0@group-CFDA0681CEAE-LeaderElection4] INFO  server.RaftServerConfigKeys (ConfUtils.java:logGet(46)) - raft.server.read.leader.lease.timeout.ratio = 0.9 (default)
2023-12-13 16:20:43,438 [s0@group-CFDA0681CEAE-LeaderElection4] INFO  server.RaftServerConfigKeys (ConfUtils.java:logGet(46)) - raft.server.rpc.timeout.min = 1500ms (custom)
2023-12-13 16:20:43,438 [s0@group-CFDA0681CEAE-LeaderElection4] INFO  server.RaftServerConfigKeys (ConfUtils.java:logGet(46)) - raft.server.write.element-limit = 4096 (default)
2023-12-13 16:20:43,438 [s0@group-CFDA0681CEAE-LeaderElection4] INFO  server.RaftServerConfigKeys (ConfUtils.java:logGet(46)) - raft.server.write.follower.gap.ratio.max = -1.0 (default)
2023-12-13 16:20:43,439 [s0@group-CFDA0681CEAE-LeaderElection4] INFO  server.RaftServerConfigKeys (ConfUtils.java:logGet(46)) - raft.server.log.appender.snapshot.chunk.size.max = 16MB (=16777216) (default)
2023-12-13 16:20:43,439 [s0@group-CFDA0681CEAE-LeaderElection4] INFO  server.RaftServerConfigKeys (ConfUtils.java:logGet(46)) - raft.server.log.appender.buffer.byte-limit = 4MB (=4194304) (default)
2023-12-13 16:20:43,439 [s0@group-CFDA0681CEAE-LeaderElection4] INFO  server.RaftServerConfigKeys (ConfUtils.java:logGet(46)) - raft.server.log.appender.buffer.element-limit = 0 (default)
2023-12-13 16:20:43,439 [s0@group-CFDA0681CEAE-LeaderElection4] INFO  server.RaftServerConfigKeys (ConfUtils.java:logGet(46)) - raft.server.log.appender.wait-time.min = 1ms (default)
2023-12-13 16:20:43,439 [s0@group-CFDA0681CEAE-LeaderElection4] INFO  grpc.GrpcConfigKeys (ConfUtils.java:logGet(46)) - raft.grpc.server.leader.outstanding.appends.max = 8 (default)
2023-12-13 16:20:43,439 [s0@group-CFDA0681CEAE-LeaderElection4] INFO  server.RaftServerConfigKeys (ConfUtils.java:logGet(46)) - raft.server.rpc.request.timeout = 3000ms (default)
2023-12-13 16:20:43,439 [s0@group-CFDA0681CEAE-LeaderElection4] INFO  grpc.GrpcConfigKeys (ConfUtils.java:logGet(46)) - raft.grpc.server.install_snapshot.request.element-limit = 8 (default)
2023-12-13 16:20:43,439 [s0@group-CFDA0681CEAE-LeaderElection4] INFO  grpc.GrpcConfigKeys (ConfUtils.java:logGet(46)) - raft.grpc.server.install_snapshot.request.timeout = 3000ms (default)
2023-12-13 16:20:43,439 [s0@group-CFDA0681CEAE-LeaderElection4] INFO  server.RaftServerConfigKeys (ConfUtils.java:logGet(46)) - raft.server.log.appender.install.snapshot.enabled = true (default)
2023-12-13 16:20:43,439 [s0@group-CFDA0681CEAE-LeaderElection4] INFO  grpc.GrpcConfigKeys (ConfUtils.java:logGet(46)) - raft.grpc.server.heartbeat.channel = true (default)
2023-12-13 16:20:43,439 [s0@group-CFDA0681CEAE-LeaderElection4] INFO  server.RaftServerConfigKeys (ConfUtils.java:logGet(46)) - raft.server.log.appender.snapshot.chunk.size.max = 16MB (=16777216) (default)
2023-12-13 16:20:43,440 [s0@group-CFDA0681CEAE-LeaderElection4] INFO  server.RaftServerConfigKeys (ConfUtils.java:logGet(46)) - raft.server.log.appender.buffer.byte-limit = 4MB (=4194304) (default)
2023-12-13 16:20:43,440 [s0@group-CFDA0681CEAE-LeaderElection4] INFO  server.RaftServerConfigKeys (ConfUtils.java:logGet(46)) - raft.server.log.appender.buffer.element-limit = 0 (default)
2023-12-13 16:20:43,440 [s0@group-CFDA0681CEAE-LeaderElection4] INFO  server.RaftServerConfigKeys (ConfUtils.java:logGet(46)) - raft.server.log.appender.wait-time.min = 1ms (default)
2023-12-13 16:20:43,440 [s0@group-CFDA0681CEAE-LeaderElection4] INFO  grpc.GrpcConfigKeys (ConfUtils.java:logGet(46)) - raft.grpc.server.leader.outstanding.appends.max = 8 (default)
2023-12-13 16:20:43,440 [s0@group-CFDA0681CEAE-LeaderElection4] INFO  server.RaftServerConfigKeys (ConfUtils.java:logGet(46)) - raft.server.rpc.request.timeout = 3000ms (default)
2023-12-13 16:20:43,440 [s0@group-CFDA0681CEAE-LeaderElection4] INFO  grpc.GrpcConfigKeys (ConfUtils.java:logGet(46)) - raft.grpc.server.install_snapshot.request.element-limit = 8 (default)
2023-12-13 16:20:43,440 [s0@group-CFDA0681CEAE-LeaderElection4] INFO  grpc.GrpcConfigKeys (ConfUtils.java:logGet(46)) - raft.grpc.server.install_snapshot.request.timeout = 3000ms (default)
2023-12-13 16:20:43,440 [s0@group-CFDA0681CEAE-LeaderElection4] INFO  server.RaftServerConfigKeys (ConfUtils.java:logGet(46)) - raft.server.log.appender.install.snapshot.enabled = true (default)
2023-12-13 16:20:43,440 [s0@group-CFDA0681CEAE-LeaderElection4] INFO  grpc.GrpcConfigKeys (ConfUtils.java:logGet(46)) - raft.grpc.server.heartbeat.channel = true (default)
2023-12-13 16:20:43,440 [s0@group-CFDA0681CEAE-LeaderElection4] INFO  impl.RoleInfo (RoleInfo.java:updateAndGet(139)) - s0: start s0@group-CFDA0681CEAE-LeaderStateImpl
2023-12-13 16:20:43,440 [s0@group-CFDA0681CEAE-LeaderElection4] INFO  server.RaftServer$Division (RaftServerImpl.java:setFirstElection(564)) - s0@group-CFDA0681CEAE: set firstElectionSinceStartup to false for becomeLeader
2023-12-13 16:20:43,440 [s0@group-CFDA0681CEAE-LeaderElection4] INFO  server.RaftServer$Division (ServerState.java:setLeader(265)) - s0@group-CFDA0681CEAE: change Leader from null to s0 at term 1 for becomeLeader, leader elected after 1693ms
2023-12-13 16:20:43,440 [s0@group-CFDA0681CEAE-LeaderElection4] INFO  segmented.SegmentedRaftLogWorker (SegmentedRaftLogWorker.java:startLogSegment(430)) - s0@group-CFDA0681CEAE-SegmentedRaftLogWorker: Starting segment from index:0
2023-12-13 16:20:43,441 [s0@group-CFDA0681CEAE-SegmentedRaftLogWorker] INFO  segmented.BufferedWriteChannel (BufferedWriteChannel.java:open(62)) - open log_inprogress_0 at position 0
2023-12-13 16:20:43,441 [s0@group-CFDA0681CEAE-LeaderElection4] INFO  server.RaftServer$Division (ServerState.java:setRaftConf(382)) - s0@group-CFDA0681CEAE: set configuration 0: peers:[s0|0.0.0.0:43143, s1|0.0.0.0:38179, s2|0.0.0.0:41039]|listeners:[], old=null
2023-12-13 16:20:43,447 [s2-server-thread1] INFO  server.RaftServer$Division (ServerState.java:setLeader(265)) - s2@group-CFDA0681CEAE: change Leader from null to s0 at term 1 for appendEntries, leader elected after 1670ms
2023-12-13 16:20:43,450 [s0@group-CFDA0681CEAE-SegmentedRaftLogWorker] INFO  segmented.SegmentedRaftLogWorker (SegmentedRaftLogWorker.java:execute(634)) - s0@group-CFDA0681CEAE-SegmentedRaftLogWorker: created new log segment /home/runner/work/ratis/ratis/ratis-test/target/test/data/1e4ee837/MiniRaftClusterWithGrpc1406e638/s0/8a28c877-968c-496e-8770-cfda0681ceae/current/log_inprogress_0
2023-12-13 16:20:43,451 [s2-server-thread2] DEBUG server.RaftServer$Division (RaftServerImpl.java:logAppendEntries(1504)) - s2@group-CFDA0681CEAE: receive appendEntries(s0, 1, null, -1, false, commits:[s0:c-1, s1:c-1, s2:c-1], cId:1, entries: [(t:1, i:0), CONFIGURATIONENTRY(current:id: "s0"
address: "0.0.0.0:43143"
clientAddress: "0.0.0.0:43143"
adminAddress: "0.0.0.0:43143"
startupRole: FOLLOWER
,id: "s1"
address: "0.0.0.0:38179"
clientAddress: "0.0.0.0:38179"
adminAddress: "0.0.0.0:38179"
startupRole: FOLLOWER
,id: "s2"
address: "0.0.0.0:41039"
clientAddress: "0.0.0.0:41039"
adminAddress: "0.0.0.0:41039"
startupRole: FOLLOWER
, old:)]
2023-12-13 16:20:43,455 [s2-server-thread2] INFO  server.RaftServer$Division (ServerState.java:setRaftConf(382)) - s2@group-CFDA0681CEAE: set configuration 0: peers:[s0|0.0.0.0:43143, s1|0.0.0.0:38179, s2|0.0.0.0:41039]|listeners:[], old=null
2023-12-13 16:20:43,455 [s2-server-thread2] INFO  segmented.SegmentedRaftLogWorker (SegmentedRaftLogWorker.java:startLogSegment(430)) - s2@group-CFDA0681CEAE-SegmentedRaftLogWorker: Starting segment from index:0
2023-12-13 16:20:43,455 [s2@group-CFDA0681CEAE-SegmentedRaftLogWorker] INFO  segmented.BufferedWriteChannel (BufferedWriteChannel.java:open(62)) - open log_inprogress_0 at position 0
2023-12-13 16:20:43,457 [s1-server-thread2] DEBUG server.RaftServer$Division (RaftServerImpl.java:logAppendEntries(1504)) - s1@group-CFDA0681CEAE: receive appendEntries(s0, 1, null, -1, false, commits:[s0:c-1, s1:c-1, s2:c-1], cId:1, entries: [(t:1, i:0), CONFIGURATIONENTRY(current:id: "s0"
address: "0.0.0.0:43143"
clientAddress: "0.0.0.0:43143"
adminAddress: "0.0.0.0:43143"
startupRole: FOLLOWER
,id: "s1"
address: "0.0.0.0:38179"
clientAddress: "0.0.0.0:38179"
adminAddress: "0.0.0.0:38179"
startupRole: FOLLOWER
,id: "s2"
address: "0.0.0.0:41039"
clientAddress: "0.0.0.0:41039"
adminAddress: "0.0.0.0:41039"
startupRole: FOLLOWER
, old:)]
2023-12-13 16:20:43,457 [s1-server-thread2] INFO  server.RaftServer$Division (ServerState.java:setLeader(265)) - s1@group-CFDA0681CEAE: change Leader from null to s0 at term 1 for appendEntries, leader elected after 1696ms
2023-12-13 16:20:43,457 [s1-server-thread2] INFO  server.RaftServer$Division (ServerState.java:setRaftConf(382)) - s1@group-CFDA0681CEAE: set configuration 0: peers:[s0|0.0.0.0:43143, s1|0.0.0.0:38179, s2|0.0.0.0:41039]|listeners:[], old=null
2023-12-13 16:20:43,457 [s1-server-thread2] INFO  segmented.SegmentedRaftLogWorker (SegmentedRaftLogWorker.java:startLogSegment(430)) - s1@group-CFDA0681CEAE-SegmentedRaftLogWorker: Starting segment from index:0
2023-12-13 16:20:43,458 [s1@group-CFDA0681CEAE-SegmentedRaftLogWorker] INFO  segmented.BufferedWriteChannel (BufferedWriteChannel.java:open(62)) - open log_inprogress_0 at position 0
2023-12-13 16:20:43,466 [s2@group-CFDA0681CEAE-SegmentedRaftLogWorker] INFO  segmented.SegmentedRaftLogWorker (SegmentedRaftLogWorker.java:execute(634)) - s2@group-CFDA0681CEAE-SegmentedRaftLogWorker: created new log segment /home/runner/work/ratis/ratis/ratis-test/target/test/data/1e4ee837/MiniRaftClusterWithGrpc1406e638/s2/8a28c877-968c-496e-8770-cfda0681ceae/current/log_inprogress_0
2023-12-13 16:20:43,467 [s1@group-CFDA0681CEAE-SegmentedRaftLogWorker] INFO  segmented.SegmentedRaftLogWorker (SegmentedRaftLogWorker.java:execute(634)) - s1@group-CFDA0681CEAE-SegmentedRaftLogWorker: created new log segment /home/runner/work/ratis/ratis/ratis-test/target/test/data/1e4ee837/MiniRaftClusterWithGrpc1406e638/s1/8a28c877-968c-496e-8770-cfda0681ceae/current/log_inprogress_0
2023-12-13 16:20:43,467 [s2-server-thread2] DEBUG server.RaftServer$Division (RaftServerImpl.java:logAppendEntries(1504)) - s2@group-CFDA0681CEAE: succeeded to handle AppendEntries. Reply: s0<-s2#1:OK-t1,SUCCESS,nextIndex=1,followerCommit=-1,matchIndex=0
2023-12-13 16:20:43,468 [s1-server-thread2] DEBUG server.RaftServer$Division (RaftServerImpl.java:logAppendEntries(1504)) - s1@group-CFDA0681CEAE: succeeded to handle AppendEntries. Reply: s0<-s1#1:OK-t1,SUCCESS,nextIndex=1,followerCommit=-1,matchIndex=0
2023-12-13 16:20:43,468 [s0@group-CFDA0681CEAE-StateMachineUpdater] TRACE util.FileUtils (LogUtils.java:supplyAndLog(69)) - Successfully supplied FileChannel.open /home/runner/work/ratis/ratis/ratis-test/target/test/data/1e4ee837/MiniRaftClusterWithGrpc1406e638/s0/8a28c877-968c-496e-8770-cfda0681ceae/current/raft-meta.conf.tmp with options [CREATE, WRITE]: sun.nio.ch.FileChannelImpl@e258276
2023-12-13 16:20:43,470 [s0@group-CFDA0681CEAE-StateMachineUpdater] TRACE util.FileUtils (LogUtils.java:runAndLog(49)) - Successfully ran Atomic Files.move /home/runner/work/ratis/ratis/ratis-test/target/test/data/1e4ee837/MiniRaftClusterWithGrpc1406e638/s0/8a28c877-968c-496e-8770-cfda0681ceae/current/raft-meta.conf.tmp to /home/runner/work/ratis/ratis/ratis-test/target/test/data/1e4ee837/MiniRaftClusterWithGrpc1406e638/s0/8a28c877-968c-496e-8770-cfda0681ceae/current/raft-meta.conf with options [REPLACE_EXISTING]
2023-12-13 16:20:43,470 [s0@group-CFDA0681CEAE-StateMachineUpdater] INFO  server.RaftServer$Division (LeaderStateImpl.java:isApplied(320)) - leader is ready since appliedIndex == 0 >= startIndex == 0
2023-12-13 16:20:44,220 [s2@group-CFDA0681CEAE-StateMachineUpdater] TRACE util.FileUtils (LogUtils.java:supplyAndLog(69)) - Successfully supplied FileChannel.open /home/runner/work/ratis/ratis/ratis-test/target/test/data/1e4ee837/MiniRaftClusterWithGrpc1406e638/s2/8a28c877-968c-496e-8770-cfda0681ceae/current/raft-meta.conf.tmp with options [CREATE, WRITE]: sun.nio.ch.FileChannelImpl@4d599ae5
2023-12-13 16:20:44,221 [s1@group-CFDA0681CEAE-StateMachineUpdater] TRACE util.FileUtils (LogUtils.java:supplyAndLog(69)) - Successfully supplied FileChannel.open /home/runner/work/ratis/ratis/ratis-test/target/test/data/1e4ee837/MiniRaftClusterWithGrpc1406e638/s1/8a28c877-968c-496e-8770-cfda0681ceae/current/raft-meta.conf.tmp with options [CREATE, WRITE]: sun.nio.ch.FileChannelImpl@7b0289b
2023-12-13 16:20:44,223 [s2@group-CFDA0681CEAE-StateMachineUpdater] TRACE util.FileUtils (LogUtils.java:runAndLog(49)) - Successfully ran Atomic Files.move /home/runner/work/ratis/ratis/ratis-test/target/test/data/1e4ee837/MiniRaftClusterWithGrpc1406e638/s2/8a28c877-968c-496e-8770-cfda0681ceae/current/raft-meta.conf.tmp to /home/runner/work/ratis/ratis/ratis-test/target/test/data/1e4ee837/MiniRaftClusterWithGrpc1406e638/s2/8a28c877-968c-496e-8770-cfda0681ceae/current/raft-meta.conf with options [REPLACE_EXISTING]
2023-12-13 16:20:44,223 [s1@group-CFDA0681CEAE-StateMachineUpdater] TRACE util.FileUtils (LogUtils.java:runAndLog(49)) - Successfully ran Atomic Files.move /home/runner/work/ratis/ratis/ratis-test/target/test/data/1e4ee837/MiniRaftClusterWithGrpc1406e638/s1/8a28c877-968c-496e-8770-cfda0681ceae/current/raft-meta.conf.tmp to /home/runner/work/ratis/ratis/ratis-test/target/test/data/1e4ee837/MiniRaftClusterWithGrpc1406e638/s1/8a28c877-968c-496e-8770-cfda0681ceae/current/raft-meta.conf with options [REPLACE_EXISTING]
2023-12-13 16:20:44,788 [Time-limited test] INFO  ratis.RaftTestUtil (RaftTestUtil.java:waitForLeader(124)) - printing group-CFDA0681CEAE
  s0:  RUNNING [
   FOLLOWER s0@group-7980D1787839:t0, leader=null, voted=, raftlog=Memoized:s0@group-7980D1787839-SegmentedRaftLog:OPENED:c-1, conf=-1: peers:[]|listeners:[], old=null STARTING
     LEADER s0@group-CFDA0681CEAE:t1, leader=s0, voted=s0, raftlog=Memoized:s0@group-CFDA0681CEAE-SegmentedRaftLog:OPENED:c0, conf=0: peers:[s0|0.0.0.0:43143, s1|0.0.0.0:38179, s2|0.0.0.0:41039]|listeners:[], old=null RUNNING] size=2
  s1:  RUNNING [
   FOLLOWER s1@group-7980D1787839:t0, leader=null, voted=, raftlog=Memoized:s1@group-7980D1787839-SegmentedRaftLog:OPENED:c-1, conf=-1: peers:[]|listeners:[], old=null STARTING
   FOLLOWER s1@group-CFDA0681CEAE:t1, leader=s0, voted=s0, raftlog=Memoized:s1@group-CFDA0681CEAE-SegmentedRaftLog:OPENED:c0, conf=0: peers:[s0|0.0.0.0:43143, s1|0.0.0.0:38179, s2|0.0.0.0:41039]|listeners:[], old=null RUNNING] size=2
  s2:  RUNNING [
   FOLLOWER s2@group-7980D1787839:t0, leader=null, voted=, raftlog=Memoized:s2@group-7980D1787839-SegmentedRaftLog:OPENED:c-1, conf=-1: peers:[]|listeners:[], old=null STARTING
   FOLLOWER s2@group-CFDA0681CEAE:t1, leader=s0, voted=s0, raftlog=Memoized:s2@group-CFDA0681CEAE-SegmentedRaftLog:OPENED:c0, conf=0: peers:[s0|0.0.0.0:43143, s1|0.0.0.0:38179, s2|0.0.0.0:41039]|listeners:[], old=null RUNNING] size=2
2023-12-13 16:20:44,789 [Time-limited test] INFO  impl.GroupManagementBaseTest (GroupManagementBaseTest.java:runMultiGroupTest(281)) - 1) starting group-8931C7917E03:[s3|0.0.0.0:35071]
2023-12-13 16:20:44,789 [Time-limited test] DEBUG client.RaftClient (ConfUtils.java:logGet(46)) - raft.rpc.type = GRPC (default)
2023-12-13 16:20:44,794 [grpc-default-executor-3] INFO  server.RaftServer (RaftServerProxy.java:addNew(100)) - s3: addNew group-8931C7917E03:[s3|0.0.0.0:35071] returns group-8931C7917E03:java.util.concurrent.CompletableFuture@188cf510[Not completed]
2023-12-13 16:20:44,794 [s3-groupManagement] INFO  server.RaftServer$Division (RaftServerImpl.java:<init>(256)) - s3: new RaftServerImpl for group-8931C7917E03:[s3|0.0.0.0:35071] with BaseStateMachine:uninitialized
2023-12-13 16:20:44,794 [s3-groupManagement] INFO  server.RaftServerConfigKeys (ConfUtils.java:logGet(46)) - raft.server.rpc.timeout.min = 1500ms (custom)
2023-12-13 16:20:44,794 [s3-groupManagement] INFO  server.RaftServerConfigKeys (ConfUtils.java:logGet(46)) - raft.server.rpc.timeout.max = 2000ms (custom)
2023-12-13 16:20:44,794 [s3-groupManagement] INFO  server.RaftServerConfigKeys (ConfUtils.java:logGet(46)) - raft.server.rpc.sleep.time = 25ms (default)
2023-12-13 16:20:44,794 [s3-groupManagement] INFO  server.RaftServerConfigKeys (ConfUtils.java:logGet(46)) - raft.server.rpc.slowness.timeout = 60s (default)
2023-12-13 16:20:44,794 [s3-groupManagement] INFO  server.RaftServerConfigKeys (ConfUtils.java:logGet(46)) - raft.server.leaderelection.leader.step-down.wait-time = 10s (default)
2023-12-13 16:20:44,794 [s3-groupManagement] INFO  server.RaftServerConfigKeys (ConfUtils.java:logGet(46)) - raft.server.leaderelection.member.majority-add = false (default)
2023-12-13 16:20:44,794 [s3-groupManagement] INFO  server.RaftServerConfigKeys (ConfUtils.java:logGet(46)) - raft.server.sleep.deviation.threshold = 300ms (default)
2023-12-13 16:20:44,794 [s3-groupManagement] INFO  server.RaftServer$Division (ServerState.java:<init>(113)) - s3@group-8931C7917E03: ConfigurationManager, init=-1: peers:[s3|0.0.0.0:35071]|listeners:[], old=null, confs=<EMPTY_MAP>
2023-12-13 16:20:44,794 [s3-groupManagement] INFO  server.RaftServerConfigKeys (ConfUtils.java:logGet(46)) - raft.server.notification.no-leader.timeout = 60s (default)
2023-12-13 16:20:44,794 [s3-groupManagement] INFO  server.RaftServerConfigKeys (ConfUtils.java:logGet(46)) - raft.server.read.timeout = 10s (default)
2023-12-13 16:20:44,794 [s3-groupManagement] INFO  server.RaftServerConfigKeys (ConfUtils.java:logGet(46)) - raft.server.retrycache.expirytime = 60s (default)
2023-12-13 16:20:44,794 [s3-groupManagement] INFO  server.RaftServerConfigKeys (ConfUtils.java:logGet(46)) - raft.server.retrycache.statistics.expirytime = 100ms (default)
2023-12-13 16:20:44,795 [s3-groupManagement] INFO  server.RaftServerConfigKeys (ConfUtils.java:logGet(46)) - raft.server.read.option = DEFAULT (default)
2023-12-13 16:20:44,795 [s3-groupManagement] INFO  server.RaftServerConfigKeys (ConfUtils.java:logGet(46)) - raft.server.read.read-after-write-consistent.write-index-cache.expiry-time = 60s (default)
2023-12-13 16:20:44,795 [s3-groupManagement] INFO  server.RaftServerConfigKeys (ConfUtils.java:logGet(46)) - raft.server.rpc.request.timeout = 3000ms (default)
2023-12-13 16:20:44,795 [s3-groupManagement] INFO  server.RaftServerConfigKeys (ConfUtils.java:logGet(46)) - raft.server.log.appender.install.snapshot.enabled = true (default)
2023-12-13 16:20:44,795 [s3-groupManagement] INFO  server.RaftServerConfigKeys (ConfUtils.java:logGet(46)) - raft.server.threadpool.server.cached = true (default)
2023-12-13 16:20:44,795 [s3-groupManagement] INFO  server.RaftServerConfigKeys (ConfUtils.java:logGet(46)) - raft.server.threadpool.server.size = 0 (default)
2023-12-13 16:20:44,795 [s3-groupManagement] INFO  server.RaftServerConfigKeys (ConfUtils.java:logGet(46)) - raft.server.threadpool.client.cached = true (default)
2023-12-13 16:20:44,795 [s3-groupManagement] INFO  server.RaftServerConfigKeys (ConfUtils.java:logGet(46)) - raft.server.threadpool.client.size = 0 (default)
2023-12-13 16:20:44,795 [s3-groupManagement] DEBUG server.RaftServer (RaftServerProxy.java:lambda$groupAddAsync$13(507)) - s3: newImpl =      null s3@group-8931C7917E03:t0, leader=null, voted=null, raftlog=UNINITIALIZED, conf=-1: peers:[s3|0.0.0.0:35071]|listeners:[], old=null NEW
2023-12-13 16:20:44,795 [s3-groupManagement] INFO  server.RaftServerConfigKeys (ConfUtils.java:logGet(46)) - raft.server.storage.free-space.min = 0MB (=0) (default)
2023-12-13 16:20:44,795 [s3-groupManagement] INFO  server.RaftServerConfigKeys (ConfUtils.java:logGet(46)) - raft.server.log.corruption.policy = EXCEPTION (default)
2023-12-13 16:20:44,796 [s3-groupManagement] INFO  server.RaftServerConfigKeys (ConfUtils.java:logGet(46)) - raft.server.storage.dir = [/home/runner/work/ratis/ratis/ratis-test/target/test/data/1e4ee837/MiniRaftClusterWithGrpc1406e638/s3] (custom)
2023-12-13 16:20:44,796 [s3-groupManagement] INFO  storage.RaftStorageDirectory (RaftStorageDirectoryImpl.java:analyzeStorage(138)) - The storage directory /home/runner/work/ratis/ratis/ratis-test/target/test/data/1e4ee837/MiniRaftClusterWithGrpc1406e638/s3/9ceb29c6-2c40-47d6-9e4f-8931c7917e03 does not exist. Creating ...
2023-12-13 16:20:44,796 [s3-groupManagement] TRACE util.FileUtils (LogUtils.java:runAndLog(49)) - Successfully ran Files.createDirectories /home/runner/work/ratis/ratis/ratis-test/target/test/data/1e4ee837/MiniRaftClusterWithGrpc1406e638/s3/9ceb29c6-2c40-47d6-9e4f-8931c7917e03
2023-12-13 16:20:44,796 [s3-groupManagement] INFO  storage.RaftStorageDirectory (RaftStorageDirectoryImpl.java:tryLock(228)) - Lock on /home/runner/work/ratis/ratis/ratis-test/target/test/data/1e4ee837/MiniRaftClusterWithGrpc1406e638/s3/9ceb29c6-2c40-47d6-9e4f-8931c7917e03/in_use.lock acquired by nodename 10819@fv-az890-872
2023-12-13 16:20:44,797 [s3-groupManagement] TRACE util.FileUtils (LogUtils.java:runAndLog(49)) - Successfully ran Files.createDirectories /home/runner/work/ratis/ratis/ratis-test/target/test/data/1e4ee837/MiniRaftClusterWithGrpc1406e638/s3/9ceb29c6-2c40-47d6-9e4f-8931c7917e03/current
2023-12-13 16:20:44,797 [s3-groupManagement] TRACE util.FileUtils (LogUtils.java:runAndLog(49)) - Successfully ran Files.createDirectories /home/runner/work/ratis/ratis/ratis-test/target/test/data/1e4ee837/MiniRaftClusterWithGrpc1406e638/s3/9ceb29c6-2c40-47d6-9e4f-8931c7917e03/sm
2023-12-13 16:20:44,797 [s3-groupManagement] TRACE util.FileUtils (LogUtils.java:supplyAndLog(69)) - Successfully supplied FileChannel.open /home/runner/work/ratis/ratis/ratis-test/target/test/data/1e4ee837/MiniRaftClusterWithGrpc1406e638/s3/9ceb29c6-2c40-47d6-9e4f-8931c7917e03/current/raft-meta.tmp with options [CREATE, WRITE]: sun.nio.ch.FileChannelImpl@3805c0f7
2023-12-13 16:20:44,797 [s3-groupManagement] TRACE util.FileUtils (LogUtils.java:runAndLog(49)) - Successfully ran Atomic Files.move /home/runner/work/ratis/ratis/ratis-test/target/test/data/1e4ee837/MiniRaftClusterWithGrpc1406e638/s3/9ceb29c6-2c40-47d6-9e4f-8931c7917e03/current/raft-meta.tmp to /home/runner/work/ratis/ratis/ratis-test/target/test/data/1e4ee837/MiniRaftClusterWithGrpc1406e638/s3/9ceb29c6-2c40-47d6-9e4f-8931c7917e03/current/raft-meta with options [REPLACE_EXISTING]
2023-12-13 16:20:44,797 [s3-groupManagement] INFO  storage.RaftStorage (RaftStorageImpl.java:format(99)) - Storage directory /home/runner/work/ratis/ratis/ratis-test/target/test/data/1e4ee837/MiniRaftClusterWithGrpc1406e638/s3/9ceb29c6-2c40-47d6-9e4f-8931c7917e03 has been successfully formatted.
2023-12-13 16:20:44,798 [s3-groupManagement] TRACE util.FileUtils (LogUtils.java:supplyAndLog(61)) - Failed to Files.newInputStream /home/runner/work/ratis/ratis/ratis-test/target/test/data/1e4ee837/MiniRaftClusterWithGrpc1406e638/s3/9ceb29c6-2c40-47d6-9e4f-8931c7917e03/current/raft-meta.conf with options []
java.nio.file.NoSuchFileException: /home/runner/work/ratis/ratis/ratis-test/target/test/data/1e4ee837/MiniRaftClusterWithGrpc1406e638/s3/9ceb29c6-2c40-47d6-9e4f-8931c7917e03/current/raft-meta.conf
	at java.base/sun.nio.fs.UnixException.translateToIOException(UnixException.java:92)
	at java.base/sun.nio.fs.UnixException.rethrowAsIOException(UnixException.java:111)
	at java.base/sun.nio.fs.UnixException.rethrowAsIOException(UnixException.java:116)
	at java.base/sun.nio.fs.UnixFileSystemProvider.newByteChannel(UnixFileSystemProvider.java:219)
	at java.base/java.nio.file.Files.newByteChannel(Files.java:371)
	at java.base/java.nio.file.Files.newByteChannel(Files.java:422)
	at java.base/java.nio.file.spi.FileSystemProvider.newInputStream(FileSystemProvider.java:420)
	at java.base/java.nio.file.Files.newInputStream(Files.java:156)
	at org.apache.ratis.util.FileUtils.lambda$newInputStream$2(FileUtils.java:73)
	at org.apache.ratis.util.LogUtils.supplyAndLog(LogUtils.java:58)
	at org.apache.ratis.util.FileUtils.newInputStream(FileUtils.java:72)
	at org.apache.ratis.util.FileUtils.newInputStream(FileUtils.java:68)
	at org.apache.ratis.server.storage.RaftStorageImpl.readRaftConfiguration(RaftStorageImpl.java:156)
	at org.apache.ratis.server.impl.ServerState.initialize(ServerState.java:141)
	at org.apache.ratis.server.impl.RaftServerImpl.start(RaftServerImpl.java:388)
	at org.apache.ratis.server.impl.RaftServerProxy.lambda$groupAddAsync$13(RaftServerProxy.java:509)
	at java.base/java.util.concurrent.CompletableFuture$UniApply.tryFire(CompletableFuture.java:642)
	at java.base/java.util.concurrent.CompletableFuture$Completion.run(CompletableFuture.java:478)
	at java.base/java.util.concurrent.ThreadPoolExecutor.runWorker(ThreadPoolExecutor.java:1128)
	at java.base/java.util.concurrent.ThreadPoolExecutor$Worker.run(ThreadPoolExecutor.java:628)
	at java.base/java.lang.Thread.run(Thread.java:829)
2023-12-13 16:20:44,798 [s3-groupManagement] INFO  server.RaftServerConfigKeys (ConfUtils.java:logGet(46)) - raft.server.log.use.memory = false (default)
2023-12-13 16:20:44,798 [s3-groupManagement] INFO  server.RaftServerConfigKeys (ConfUtils.java:logGet(46)) - raft.server.log.purge.gap = 1024 (default)
2023-12-13 16:20:44,798 [s3-groupManagement] INFO  server.RaftServerConfigKeys (ConfUtils.java:logGet(46)) - raft.server.log.appender.buffer.byte-limit = 4MB (=4194304) (default)
2023-12-13 16:20:44,798 [s3-groupManagement] INFO  server.RaftServerConfigKeys (ConfUtils.java:logGet(46)) - raft.server.log.statemachine.data.read.timeout = 1000ms (default)
2023-12-13 16:20:44,798 [s3-groupManagement] INFO  server.RaftServerConfigKeys (ConfUtils.java:logGet(46)) - raft.server.log.purge.preservation.log.num = 0 (default)
2023-12-13 16:20:44,798 [s3-groupManagement] INFO  server.RaftServerConfigKeys (ConfUtils.java:logGet(46)) - raft.server.log.segment.size.max = 32MB (=33554432) (default)
2023-12-13 16:20:44,799 [s3-groupManagement] INFO  server.RaftServerConfigKeys (ConfUtils.java:logGet(46)) - raft.server.log.segment.cache.num.max = 6 (default)
2023-12-13 16:20:44,799 [s3-groupManagement] INFO  server.RaftServerConfigKeys (ConfUtils.java:logGet(46)) - raft.server.log.segment.cache.size.max = 200MB (=209715200) (default)
2023-12-13 16:20:44,799 [s3-groupManagement] INFO  server.RaftServerConfigKeys (ConfUtils.java:logGet(46)) - raft.server.log.appender.buffer.byte-limit = 4MB (=4194304) (default)
2023-12-13 16:20:44,799 [s3-groupManagement] INFO  util.AwaitToRun (AwaitToRun.java:start(81)) - Thread[s3@group-8931C7917E03-cacheEviction-AwaitToRun,5,main] started
2023-12-13 16:20:44,799 [s3-groupManagement] INFO  segmented.SegmentedRaftLogWorker (SegmentedRaftLogWorker.java:<init>(182)) - new s3@group-8931C7917E03-SegmentedRaftLogWorker for RaftStorageImpl:Storage Directory /home/runner/work/ratis/ratis/ratis-test/target/test/data/1e4ee837/MiniRaftClusterWithGrpc1406e638/s3/9ceb29c6-2c40-47d6-9e4f-8931c7917e03
2023-12-13 16:20:44,799 [s3-groupManagement] INFO  server.RaftServerConfigKeys (ConfUtils.java:logGet(46)) - raft.server.log.queue.byte-limit = 64MB (=67108864) (default)
2023-12-13 16:20:44,799 [s3-groupManagement] INFO  server.RaftServerConfigKeys (ConfUtils.java:logGet(46)) - raft.server.log.queue.element-limit = 4096 (default)
2023-12-13 16:20:44,799 [s3-groupManagement] INFO  server.RaftServerConfigKeys (ConfUtils.java:logGet(46)) - raft.server.log.segment.size.max = 32MB (=33554432) (default)
2023-12-13 16:20:44,799 [s3-groupManagement] INFO  server.RaftServerConfigKeys (ConfUtils.java:logGet(46)) - raft.server.log.preallocated.size = 4MB (=4194304) (default)
2023-12-13 16:20:44,799 [s3-groupManagement] INFO  server.RaftServerConfigKeys (ConfUtils.java:logGet(46)) - raft.server.log.force.sync.num = 128 (default)
2023-12-13 16:20:44,799 [s3-groupManagement] INFO  server.RaftServerConfigKeys (ConfUtils.java:logGet(46)) - raft.server.log.statemachine.data.sync = true (default)
2023-12-13 16:20:44,799 [s3-groupManagement] INFO  server.RaftServerConfigKeys (ConfUtils.java:logGet(46)) - raft.server.log.statemachine.data.sync.timeout = 10s (default)
2023-12-13 16:20:44,799 [s3-groupManagement] INFO  server.RaftServerConfigKeys (ConfUtils.java:logGet(46)) - raft.server.log.statemachine.data.sync.timeout.retry = -1 (default)
2023-12-13 16:20:44,799 [s3-groupManagement] INFO  server.RaftServerConfigKeys (ConfUtils.java:logGet(46)) - raft.server.log.write.buffer.size = 8MB (=8388608) (default)
2023-12-13 16:20:44,800 [s3-groupManagement] INFO  server.RaftServerConfigKeys (ConfUtils.java:logGet(46)) - raft.server.log.appender.buffer.byte-limit = 4MB (=4194304) (default)
2023-12-13 16:20:44,801 [s3-groupManagement] INFO  server.RaftServerConfigKeys (ConfUtils.java:logGet(46)) - raft.server.log.unsafe-flush.enabled = false (default)
2023-12-13 16:20:44,801 [s3-groupManagement] INFO  server.RaftServerConfigKeys (ConfUtils.java:logGet(46)) - raft.server.log.async-flush.enabled = false (default)
2023-12-13 16:20:44,801 [s3-groupManagement] INFO  server.RaftServerConfigKeys (ConfUtils.java:logGet(46)) - raft.server.log.statemachine.data.caching.enabled = false (default)
2023-12-13 16:20:44,801 [s3-groupManagement] INFO  segmented.SegmentedRaftLogWorker (SegmentedRaftLogWorker.java:lambda$new$0(134)) - s3@group-8931C7917E03-SegmentedRaftLogWorker: flushIndex: setUnconditionally 0 -> -1
2023-12-13 16:20:44,801 [s3-groupManagement] INFO  segmented.SegmentedRaftLogWorker (SegmentedRaftLogWorker.java:lambda$new$0(134)) - s3@group-8931C7917E03-SegmentedRaftLogWorker: safeCacheEvictIndex: setUnconditionally 0 -> -1
2023-12-13 16:20:44,801 [s3-groupManagement] INFO  server.RaftServer$Division (RaftServerImpl.java:start(392)) - s3@group-8931C7917E03: start as a follower, conf=-1: peers:[s3|0.0.0.0:35071]|listeners:[], old=null
2023-12-13 16:20:44,801 [s3-groupManagement] INFO  server.RaftServer$Division (RaftServerImpl.java:setRole(379)) - s3@group-8931C7917E03: changes role from      null to FOLLOWER at term 0 for startAsFollower
2023-12-13 16:20:44,801 [s3-groupManagement] INFO  impl.RoleInfo (RoleInfo.java:updateAndGet(139)) - s3: start s3@group-8931C7917E03-FollowerState
2023-12-13 16:20:44,801 [s3@group-8931C7917E03-FollowerState] INFO  server.RaftServerConfigKeys (ConfUtils.java:logFallback(53)) - raft.server.rpc.first-election.timeout.min = 1500ms (fallback to raft.server.rpc.timeout.min)
2023-12-13 16:20:44,801 [s3@group-8931C7917E03-FollowerState] INFO  server.RaftServerConfigKeys (ConfUtils.java:logFallback(53)) - raft.server.rpc.first-election.timeout.max = 2000ms (fallback to raft.server.rpc.timeout.max)
2023-12-13 16:20:44,801 [s3-groupManagement] INFO  util.JmxRegister (JmxRegister.java:tryRegister(44)) - Successfully registered JMX Bean with object name Ratis:service=RaftServer,group=group-8931C7917E03,id=s3
2023-12-13 16:20:44,801 [s3-groupManagement] INFO  server.RaftServerConfigKeys (ConfUtils.java:logGet(46)) - raft.server.snapshot.trigger-when-stop.enabled = true (default)
2023-12-13 16:20:44,801 [s3-groupManagement] INFO  server.RaftServerConfigKeys (ConfUtils.java:logGet(46)) - raft.server.snapshot.auto.trigger.enabled = false (default)
2023-12-13 16:20:44,801 [s3-groupManagement] INFO  server.RaftServerConfigKeys (ConfUtils.java:logGet(46)) - raft.server.snapshot.retention.file.num = -1 (default)
2023-12-13 16:20:44,801 [s3-groupManagement] INFO  server.RaftServerConfigKeys (ConfUtils.java:logGet(46)) - raft.server.log.purge.upto.snapshot.index = false (default)
2023-12-13 16:20:44,804 [Time-limited test] INFO  server.RaftServerConfigKeys (ConfUtils.java:logGet(46)) - raft.server.rpc.timeout.max = 2000ms (custom)
2023-12-13 16:20:44,804 [Time-limited test] INFO  ratis.RaftTestUtil (RaftTestUtil.java:waitForLeader(100)) - printing group-8931C7917E03
  s3:  RUNNING [
   FOLLOWER s3@group-7980D1787839:t0, leader=null, voted=, raftlog=Memoized:s3@group-7980D1787839-SegmentedRaftLog:OPENED:c-1, conf=-1: peers:[]|listeners:[], old=null STARTING
   FOLLOWER s3@group-8931C7917E03:t0, leader=null, voted=, raftlog=Memoized:s3@group-8931C7917E03-SegmentedRaftLog:OPENED:c-1, conf=-1: peers:[s3|0.0.0.0:35071]|listeners:[], old=null RUNNING] size=2
2023-12-13 16:20:44,804 [Time-limited test] WARN  ratis.RaftTestUtil (RaftTestUtil.java:lambda$waitForLeader$3(119)) - Attempt #1 failed: java.lang.IllegalStateException: No leader yet  for group-8931C7917E03: printing group-8931C7917E03
  s3:  RUNNING [
   FOLLOWER s3@group-7980D1787839:t0, leader=null, voted=, raftlog=Memoized:s3@group-7980D1787839-SegmentedRaftLog:OPENED:c-1, conf=-1: peers:[]|listeners:[], old=null STARTING
   FOLLOWER s3@group-8931C7917E03:t0, leader=null, voted=, raftlog=Memoized:s3@group-8931C7917E03-SegmentedRaftLog:OPENED:c-1, conf=-1: peers:[s3|0.0.0.0:35071]|listeners:[], old=null RUNNING] size=2
2023-12-13 16:20:46,680 [s3@group-8931C7917E03-FollowerState] INFO  impl.FollowerState (FollowerState.java:run(143)) - s3@group-8931C7917E03-FollowerState: change to CANDIDATE, lastRpcElapsedTime:1879464561ns, electionTimeout:1879ms
2023-12-13 16:20:46,681 [s3@group-8931C7917E03-FollowerState] INFO  impl.RoleInfo (RoleInfo.java:shutdownFollowerState(110)) - s3: shutdown s3@group-8931C7917E03-FollowerState
2023-12-13 16:20:46,681 [s3@group-8931C7917E03-FollowerState] INFO  server.RaftServer$Division (RaftServerImpl.java:setRole(379)) - s3@group-8931C7917E03: changes role from  FOLLOWER to CANDIDATE at term 0 for changeToCandidate
2023-12-13 16:20:46,681 [s3@group-8931C7917E03-FollowerState] INFO  server.RaftServerConfigKeys (ConfUtils.java:logGet(46)) - raft.server.leaderelection.pre-vote = true (default)
2023-12-13 16:20:46,681 [s3@group-8931C7917E03-FollowerState] INFO  impl.RoleInfo (RoleInfo.java:updateAndGet(139)) - s3: start s3@group-8931C7917E03-LeaderElection5
2023-12-13 16:20:46,682 [s3@group-8931C7917E03-LeaderElection5] INFO  impl.LeaderElection (LeaderElection.java:askForVotes(321)) - s3@group-8931C7917E03-LeaderElection5 PRE_VOTE round 0: submit vote requests at term 0 for -1: peers:[s3|0.0.0.0:35071]|listeners:[], old=null
2023-12-13 16:20:46,682 [s3@group-8931C7917E03-LeaderElection5] INFO  impl.LeaderElection (LeaderElection.java:askForVotes(323)) - s3@group-8931C7917E03-LeaderElection5 PRE_VOTE round 0: result PASSED (term=0)
2023-12-13 16:20:46,682 [s3@group-8931C7917E03-LeaderElection5] TRACE util.FileUtils (LogUtils.java:supplyAndLog(69)) - Successfully supplied FileChannel.open /home/runner/work/ratis/ratis/ratis-test/target/test/data/1e4ee837/MiniRaftClusterWithGrpc1406e638/s3/9ceb29c6-2c40-47d6-9e4f-8931c7917e03/current/raft-meta.tmp with options [CREATE, WRITE]: sun.nio.ch.FileChannelImpl@342592d2
2023-12-13 16:20:46,683 [s3@group-8931C7917E03-LeaderElection5] TRACE util.FileUtils (LogUtils.java:runAndLog(49)) - Successfully ran Atomic Files.move /home/runner/work/ratis/ratis/ratis-test/target/test/data/1e4ee837/MiniRaftClusterWithGrpc1406e638/s3/9ceb29c6-2c40-47d6-9e4f-8931c7917e03/current/raft-meta.tmp to /home/runner/work/ratis/ratis/ratis-test/target/test/data/1e4ee837/MiniRaftClusterWithGrpc1406e638/s3/9ceb29c6-2c40-47d6-9e4f-8931c7917e03/current/raft-meta with options [REPLACE_EXISTING]
2023-12-13 16:20:46,683 [s3@group-8931C7917E03-LeaderElection5] INFO  impl.LeaderElection (LeaderElection.java:askForVotes(321)) - s3@group-8931C7917E03-LeaderElection5 ELECTION round 0: submit vote requests at term 1 for -1: peers:[s3|0.0.0.0:35071]|listeners:[], old=null
2023-12-13 16:20:46,684 [s3@group-8931C7917E03-LeaderElection5] INFO  impl.LeaderElection (LeaderElection.java:askForVotes(323)) - s3@group-8931C7917E03-LeaderElection5 ELECTION round 0: result PASSED (term=1)
2023-12-13 16:20:46,684 [s3@group-8931C7917E03-LeaderElection5] INFO  impl.RoleInfo (RoleInfo.java:shutdownLeaderElection(130)) - s3: shutdown s3@group-8931C7917E03-LeaderElection5
2023-12-13 16:20:46,684 [s3@group-8931C7917E03-LeaderElection5] INFO  server.RaftServer$Division (RaftServerImpl.java:setRole(379)) - s3@group-8931C7917E03: changes role from CANDIDATE to LEADER at term 1 for changeToLeader
2023-12-13 16:20:46,684 [s3@group-8931C7917E03-LeaderElection5] INFO  server.RaftServerConfigKeys (ConfUtils.java:logGet(46)) - raft.server.staging.catchup.gap = 1000 (default)
2023-12-13 16:20:46,684 [s3@group-8931C7917E03-LeaderElection5] INFO  server.RaftServerConfigKeys (ConfUtils.java:logGet(46)) - raft.server.write.element-limit = 4096 (default)
2023-12-13 16:20:46,684 [s3@group-8931C7917E03-LeaderElection5] INFO  server.RaftServerConfigKeys (ConfUtils.java:logGet(46)) - raft.server.write.byte-limit = 64MB (=67108864) (default)
2023-12-13 16:20:46,684 [s3@group-8931C7917E03-LeaderElection5] INFO  server.RaftServerConfigKeys (ConfUtils.java:logGet(46)) - raft.server.watch.timeout = 10s (default)
2023-12-13 16:20:46,684 [s3@group-8931C7917E03-LeaderElection5] INFO  server.RaftServerConfigKeys (ConfUtils.java:logGet(46)) - raft.server.watch.timeout.denomination = 1s (default)
2023-12-13 16:20:46,684 [s3@group-8931C7917E03-LeaderElection5] INFO  server.RaftServerConfigKeys (ConfUtils.java:logGet(46)) - raft.server.watch.element-limit = 65536 (default)
2023-12-13 16:20:46,684 [s3@group-8931C7917E03-LeaderElection5] INFO  server.RaftServerConfigKeys (ConfUtils.java:logGet(46)) - raft.server.read.leader.lease.enabled = false (default)
2023-12-13 16:20:46,684 [s3@group-8931C7917E03-LeaderElection5] INFO  server.RaftServerConfigKeys (ConfUtils.java:logGet(46)) - raft.server.read.leader.lease.timeout.ratio = 0.9 (default)
2023-12-13 16:20:46,684 [s3@group-8931C7917E03-LeaderElection5] INFO  server.RaftServerConfigKeys (ConfUtils.java:logGet(46)) - raft.server.rpc.timeout.min = 1500ms (custom)
2023-12-13 16:20:46,684 [s3@group-8931C7917E03-LeaderElection5] INFO  server.RaftServerConfigKeys (ConfUtils.java:logGet(46)) - raft.server.write.element-limit = 4096 (default)
2023-12-13 16:20:46,684 [s3@group-8931C7917E03-LeaderElection5] INFO  server.RaftServerConfigKeys (ConfUtils.java:logGet(46)) - raft.server.write.follower.gap.ratio.max = -1.0 (default)
2023-12-13 16:20:46,684 [s3@group-8931C7917E03-LeaderElection5] INFO  impl.RoleInfo (RoleInfo.java:updateAndGet(139)) - s3: start s3@group-8931C7917E03-LeaderStateImpl
2023-12-13 16:20:46,684 [s3@group-8931C7917E03-LeaderElection5] INFO  server.RaftServer$Division (RaftServerImpl.java:setFirstElection(564)) - s3@group-8931C7917E03: set firstElectionSinceStartup to false for becomeLeader
2023-12-13 16:20:46,684 [s3@group-8931C7917E03-LeaderElection5] INFO  server.RaftServer$Division (ServerState.java:setLeader(265)) - s3@group-8931C7917E03: change Leader from null to s3 at term 1 for becomeLeader, leader elected after 1889ms
2023-12-13 16:20:46,684 [s3@group-8931C7917E03-LeaderElection5] INFO  segmented.SegmentedRaftLogWorker (SegmentedRaftLogWorker.java:startLogSegment(430)) - s3@group-8931C7917E03-SegmentedRaftLogWorker: Starting segment from index:0
2023-12-13 16:20:46,685 [s3@group-8931C7917E03-LeaderElection5] INFO  server.RaftServer$Division (ServerState.java:setRaftConf(382)) - s3@group-8931C7917E03: set configuration 0: peers:[s3|0.0.0.0:35071]|listeners:[], old=null
2023-12-13 16:20:46,685 [s3@group-8931C7917E03-SegmentedRaftLogWorker] INFO  segmented.BufferedWriteChannel (BufferedWriteChannel.java:open(62)) - open log_inprogress_0 at position 0
2023-12-13 16:20:46,692 [s3@group-8931C7917E03-SegmentedRaftLogWorker] INFO  segmented.SegmentedRaftLogWorker (SegmentedRaftLogWorker.java:execute(634)) - s3@group-8931C7917E03-SegmentedRaftLogWorker: created new log segment /home/runner/work/ratis/ratis/ratis-test/target/test/data/1e4ee837/MiniRaftClusterWithGrpc1406e638/s3/9ceb29c6-2c40-47d6-9e4f-8931c7917e03/current/log_inprogress_0
2023-12-13 16:20:46,692 [s3@group-8931C7917E03-StateMachineUpdater] TRACE util.FileUtils (LogUtils.java:supplyAndLog(69)) - Successfully supplied FileChannel.open /home/runner/work/ratis/ratis/ratis-test/target/test/data/1e4ee837/MiniRaftClusterWithGrpc1406e638/s3/9ceb29c6-2c40-47d6-9e4f-8931c7917e03/current/raft-meta.conf.tmp with options [CREATE, WRITE]: sun.nio.ch.FileChannelImpl@3a51ec0f
2023-12-13 16:20:46,694 [s3@group-8931C7917E03-StateMachineUpdater] TRACE util.FileUtils (LogUtils.java:runAndLog(49)) - Successfully ran Atomic Files.move /home/runner/work/ratis/ratis/ratis-test/target/test/data/1e4ee837/MiniRaftClusterWithGrpc1406e638/s3/9ceb29c6-2c40-47d6-9e4f-8931c7917e03/current/raft-meta.conf.tmp to /home/runner/work/ratis/ratis/ratis-test/target/test/data/1e4ee837/MiniRaftClusterWithGrpc1406e638/s3/9ceb29c6-2c40-47d6-9e4f-8931c7917e03/current/raft-meta.conf with options [REPLACE_EXISTING]
2023-12-13 16:20:46,694 [s3@group-8931C7917E03-StateMachineUpdater] INFO  server.RaftServer$Division (LeaderStateImpl.java:isApplied(320)) - leader is ready since appliedIndex == 0 >= startIndex == 0
2023-12-13 16:20:47,805 [Time-limited test] INFO  ratis.RaftTestUtil (RaftTestUtil.java:waitForLeader(124)) - printing group-8931C7917E03
  s3:  RUNNING [
   FOLLOWER s3@group-7980D1787839:t0, leader=null, voted=, raftlog=Memoized:s3@group-7980D1787839-SegmentedRaftLog:OPENED:c-1, conf=-1: peers:[]|listeners:[], old=null STARTING
     LEADER s3@group-8931C7917E03:t1, leader=s3, voted=s3, raftlog=Memoized:s3@group-8931C7917E03-SegmentedRaftLog:OPENED:c0, conf=0: peers:[s3|0.0.0.0:35071]|listeners:[], old=null RUNNING] size=2
2023-12-13 16:20:47,805 [Time-limited test] INFO  impl.GroupManagementBaseTest (GroupManagementBaseTest.java:runMultiGroupTest(281)) - 2) starting group-9E2683D2E7FA:[s4|0.0.0.0:35023]
2023-12-13 16:20:47,805 [Time-limited test] DEBUG client.RaftClient (ConfUtils.java:logGet(46)) - raft.rpc.type = GRPC (default)
2023-12-13 16:20:47,810 [grpc-default-executor-3] INFO  server.RaftServer (RaftServerProxy.java:addNew(100)) - s4: addNew group-9E2683D2E7FA:[s4|0.0.0.0:35023] returns group-9E2683D2E7FA:java.util.concurrent.CompletableFuture@1cc2892d[Not completed]
2023-12-13 16:20:47,810 [s4-groupManagement] INFO  server.RaftServer$Division (RaftServerImpl.java:<init>(256)) - s4: new RaftServerImpl for group-9E2683D2E7FA:[s4|0.0.0.0:35023] with BaseStateMachine:uninitialized
2023-12-13 16:20:47,810 [s4-groupManagement] INFO  server.RaftServerConfigKeys (ConfUtils.java:logGet(46)) - raft.server.rpc.timeout.min = 1500ms (custom)
2023-12-13 16:20:47,810 [s4-groupManagement] INFO  server.RaftServerConfigKeys (ConfUtils.java:logGet(46)) - raft.server.rpc.timeout.max = 2000ms (custom)
2023-12-13 16:20:47,810 [s4-groupManagement] INFO  server.RaftServerConfigKeys (ConfUtils.java:logGet(46)) - raft.server.rpc.sleep.time = 25ms (default)
2023-12-13 16:20:47,810 [s4-groupManagement] INFO  server.RaftServerConfigKeys (ConfUtils.java:logGet(46)) - raft.server.rpc.slowness.timeout = 60s (default)
2023-12-13 16:20:47,810 [s4-groupManagement] INFO  server.RaftServerConfigKeys (ConfUtils.java:logGet(46)) - raft.server.leaderelection.leader.step-down.wait-time = 10s (default)
2023-12-13 16:20:47,810 [s4-groupManagement] INFO  server.RaftServerConfigKeys (ConfUtils.java:logGet(46)) - raft.server.leaderelection.member.majority-add = false (default)
2023-12-13 16:20:47,810 [s4-groupManagement] INFO  server.RaftServerConfigKeys (ConfUtils.java:logGet(46)) - raft.server.sleep.deviation.threshold = 300ms (default)
2023-12-13 16:20:47,810 [s4-groupManagement] INFO  server.RaftServer$Division (ServerState.java:<init>(113)) - s4@group-9E2683D2E7FA: ConfigurationManager, init=-1: peers:[s4|0.0.0.0:35023]|listeners:[], old=null, confs=<EMPTY_MAP>
2023-12-13 16:20:47,811 [s4-groupManagement] INFO  server.RaftServerConfigKeys (ConfUtils.java:logGet(46)) - raft.server.notification.no-leader.timeout = 60s (default)
2023-12-13 16:20:47,811 [s4-groupManagement] INFO  server.RaftServerConfigKeys (ConfUtils.java:logGet(46)) - raft.server.read.timeout = 10s (default)
2023-12-13 16:20:47,811 [s4-groupManagement] INFO  server.RaftServerConfigKeys (ConfUtils.java:logGet(46)) - raft.server.retrycache.expirytime = 60s (default)
2023-12-13 16:20:47,811 [s4-groupManagement] INFO  server.RaftServerConfigKeys (ConfUtils.java:logGet(46)) - raft.server.retrycache.statistics.expirytime = 100ms (default)
2023-12-13 16:20:47,811 [s4-groupManagement] INFO  server.RaftServerConfigKeys (ConfUtils.java:logGet(46)) - raft.server.read.option = DEFAULT (default)
2023-12-13 16:20:47,811 [s4-groupManagement] INFO  server.RaftServerConfigKeys (ConfUtils.java:logGet(46)) - raft.server.read.read-after-write-consistent.write-index-cache.expiry-time = 60s (default)
2023-12-13 16:20:47,812 [s4-groupManagement] INFO  server.RaftServerConfigKeys (ConfUtils.java:logGet(46)) - raft.server.rpc.request.timeout = 3000ms (default)
2023-12-13 16:20:47,812 [s4-groupManagement] INFO  server.RaftServerConfigKeys (ConfUtils.java:logGet(46)) - raft.server.log.appender.install.snapshot.enabled = true (default)
2023-12-13 16:20:47,812 [s4-groupManagement] INFO  server.RaftServerConfigKeys (ConfUtils.java:logGet(46)) - raft.server.threadpool.server.cached = true (default)
2023-12-13 16:20:47,812 [s4-groupManagement] INFO  server.RaftServerConfigKeys (ConfUtils.java:logGet(46)) - raft.server.threadpool.server.size = 0 (default)
2023-12-13 16:20:47,812 [s4-groupManagement] INFO  server.RaftServerConfigKeys (ConfUtils.java:logGet(46)) - raft.server.threadpool.client.cached = true (default)
2023-12-13 16:20:47,812 [s4-groupManagement] INFO  server.RaftServerConfigKeys (ConfUtils.java:logGet(46)) - raft.server.threadpool.client.size = 0 (default)
2023-12-13 16:20:47,812 [s4-groupManagement] DEBUG server.RaftServer (RaftServerProxy.java:lambda$groupAddAsync$13(507)) - s4: newImpl =      null s4@group-9E2683D2E7FA:t0, leader=null, voted=null, raftlog=UNINITIALIZED, conf=-1: peers:[s4|0.0.0.0:35023]|listeners:[], old=null NEW
2023-12-13 16:20:47,812 [s4-groupManagement] INFO  server.RaftServerConfigKeys (ConfUtils.java:logGet(46)) - raft.server.storage.free-space.min = 0MB (=0) (default)
2023-12-13 16:20:47,812 [s4-groupManagement] INFO  server.RaftServerConfigKeys (ConfUtils.java:logGet(46)) - raft.server.log.corruption.policy = EXCEPTION (default)
2023-12-13 16:20:47,812 [s4-groupManagement] INFO  server.RaftServerConfigKeys (ConfUtils.java:logGet(46)) - raft.server.storage.dir = [/home/runner/work/ratis/ratis/ratis-test/target/test/data/1e4ee837/MiniRaftClusterWithGrpc1406e638/s4] (custom)
2023-12-13 16:20:47,812 [s4-groupManagement] INFO  storage.RaftStorageDirectory (RaftStorageDirectoryImpl.java:analyzeStorage(138)) - The storage directory /home/runner/work/ratis/ratis/ratis-test/target/test/data/1e4ee837/MiniRaftClusterWithGrpc1406e638/s4/d1120704-ff1c-4903-8451-9e2683d2e7fa does not exist. Creating ...
2023-12-13 16:20:47,813 [s4-groupManagement] TRACE util.FileUtils (LogUtils.java:runAndLog(49)) - Successfully ran Files.createDirectories /home/runner/work/ratis/ratis/ratis-test/target/test/data/1e4ee837/MiniRaftClusterWithGrpc1406e638/s4/d1120704-ff1c-4903-8451-9e2683d2e7fa
2023-12-13 16:20:47,813 [s4-groupManagement] INFO  storage.RaftStorageDirectory (RaftStorageDirectoryImpl.java:tryLock(228)) - Lock on /home/runner/work/ratis/ratis/ratis-test/target/test/data/1e4ee837/MiniRaftClusterWithGrpc1406e638/s4/d1120704-ff1c-4903-8451-9e2683d2e7fa/in_use.lock acquired by nodename 10819@fv-az890-872
2023-12-13 16:20:47,813 [s4-groupManagement] TRACE util.FileUtils (LogUtils.java:runAndLog(49)) - Successfully ran Files.createDirectories /home/runner/work/ratis/ratis/ratis-test/target/test/data/1e4ee837/MiniRaftClusterWithGrpc1406e638/s4/d1120704-ff1c-4903-8451-9e2683d2e7fa/current
2023-12-13 16:20:47,814 [s4-groupManagement] TRACE util.FileUtils (LogUtils.java:runAndLog(49)) - Successfully ran Files.createDirectories /home/runner/work/ratis/ratis/ratis-test/target/test/data/1e4ee837/MiniRaftClusterWithGrpc1406e638/s4/d1120704-ff1c-4903-8451-9e2683d2e7fa/sm
2023-12-13 16:20:47,814 [s4-groupManagement] TRACE util.FileUtils (LogUtils.java:supplyAndLog(69)) - Successfully supplied FileChannel.open /home/runner/work/ratis/ratis/ratis-test/target/test/data/1e4ee837/MiniRaftClusterWithGrpc1406e638/s4/d1120704-ff1c-4903-8451-9e2683d2e7fa/current/raft-meta.tmp with options [CREATE, WRITE]: sun.nio.ch.FileChannelImpl@29be170a
2023-12-13 16:20:47,815 [s4-groupManagement] TRACE util.FileUtils (LogUtils.java:runAndLog(49)) - Successfully ran Atomic Files.move /home/runner/work/ratis/ratis/ratis-test/target/test/data/1e4ee837/MiniRaftClusterWithGrpc1406e638/s4/d1120704-ff1c-4903-8451-9e2683d2e7fa/current/raft-meta.tmp to /home/runner/work/ratis/ratis/ratis-test/target/test/data/1e4ee837/MiniRaftClusterWithGrpc1406e638/s4/d1120704-ff1c-4903-8451-9e2683d2e7fa/current/raft-meta with options [REPLACE_EXISTING]
2023-12-13 16:20:47,815 [s4-groupManagement] INFO  storage.RaftStorage (RaftStorageImpl.java:format(99)) - Storage directory /home/runner/work/ratis/ratis/ratis-test/target/test/data/1e4ee837/MiniRaftClusterWithGrpc1406e638/s4/d1120704-ff1c-4903-8451-9e2683d2e7fa has been successfully formatted.
2023-12-13 16:20:47,815 [s4-groupManagement] TRACE util.FileUtils (LogUtils.java:supplyAndLog(61)) - Failed to Files.newInputStream /home/runner/work/ratis/ratis/ratis-test/target/test/data/1e4ee837/MiniRaftClusterWithGrpc1406e638/s4/d1120704-ff1c-4903-8451-9e2683d2e7fa/current/raft-meta.conf with options []
java.nio.file.NoSuchFileException: /home/runner/work/ratis/ratis/ratis-test/target/test/data/1e4ee837/MiniRaftClusterWithGrpc1406e638/s4/d1120704-ff1c-4903-8451-9e2683d2e7fa/current/raft-meta.conf
	at java.base/sun.nio.fs.UnixException.translateToIOException(UnixException.java:92)
	at java.base/sun.nio.fs.UnixException.rethrowAsIOException(UnixException.java:111)
	at java.base/sun.nio.fs.UnixException.rethrowAsIOException(UnixException.java:116)
	at java.base/sun.nio.fs.UnixFileSystemProvider.newByteChannel(UnixFileSystemProvider.java:219)
	at java.base/java.nio.file.Files.newByteChannel(Files.java:371)
	at java.base/java.nio.file.Files.newByteChannel(Files.java:422)
	at java.base/java.nio.file.spi.FileSystemProvider.newInputStream(FileSystemProvider.java:420)
	at java.base/java.nio.file.Files.newInputStream(Files.java:156)
	at org.apache.ratis.util.FileUtils.lambda$newInputStream$2(FileUtils.java:73)
	at org.apache.ratis.util.LogUtils.supplyAndLog(LogUtils.java:58)
	at org.apache.ratis.util.FileUtils.newInputStream(FileUtils.java:72)
	at org.apache.ratis.util.FileUtils.newInputStream(FileUtils.java:68)
	at org.apache.ratis.server.storage.RaftStorageImpl.readRaftConfiguration(RaftStorageImpl.java:156)
	at org.apache.ratis.server.impl.ServerState.initialize(ServerState.java:141)
	at org.apache.ratis.server.impl.RaftServerImpl.start(RaftServerImpl.java:388)
	at org.apache.ratis.server.impl.RaftServerProxy.lambda$groupAddAsync$13(RaftServerProxy.java:509)
	at java.base/java.util.concurrent.CompletableFuture$UniApply.tryFire(CompletableFuture.java:642)
	at java.base/java.util.concurrent.CompletableFuture$Completion.run(CompletableFuture.java:478)
	at java.base/java.util.concurrent.ThreadPoolExecutor.runWorker(ThreadPoolExecutor.java:1128)
	at java.base/java.util.concurrent.ThreadPoolExecutor$Worker.run(ThreadPoolExecutor.java:628)
	at java.base/java.lang.Thread.run(Thread.java:829)
2023-12-13 16:20:47,815 [s4-groupManagement] INFO  server.RaftServerConfigKeys (ConfUtils.java:logGet(46)) - raft.server.log.use.memory = false (default)
2023-12-13 16:20:47,815 [s4-groupManagement] INFO  server.RaftServerConfigKeys (ConfUtils.java:logGet(46)) - raft.server.log.purge.gap = 1024 (default)
2023-12-13 16:20:47,815 [s4-groupManagement] INFO  server.RaftServerConfigKeys (ConfUtils.java:logGet(46)) - raft.server.log.appender.buffer.byte-limit = 4MB (=4194304) (default)
2023-12-13 16:20:47,815 [s4-groupManagement] INFO  server.RaftServerConfigKeys (ConfUtils.java:logGet(46)) - raft.server.log.statemachine.data.read.timeout = 1000ms (default)
2023-12-13 16:20:47,815 [s4-groupManagement] INFO  server.RaftServerConfigKeys (ConfUtils.java:logGet(46)) - raft.server.log.purge.preservation.log.num = 0 (default)
2023-12-13 16:20:47,816 [s4-groupManagement] INFO  server.RaftServerConfigKeys (ConfUtils.java:logGet(46)) - raft.server.log.segment.size.max = 32MB (=33554432) (default)
2023-12-13 16:20:47,816 [s4-groupManagement] INFO  server.RaftServerConfigKeys (ConfUtils.java:logGet(46)) - raft.server.log.segment.cache.num.max = 6 (default)
2023-12-13 16:20:47,816 [s4-groupManagement] INFO  server.RaftServerConfigKeys (ConfUtils.java:logGet(46)) - raft.server.log.segment.cache.size.max = 200MB (=209715200) (default)
2023-12-13 16:20:47,816 [s4-groupManagement] INFO  server.RaftServerConfigKeys (ConfUtils.java:logGet(46)) - raft.server.log.appender.buffer.byte-limit = 4MB (=4194304) (default)
2023-12-13 16:20:47,816 [s4-groupManagement] INFO  util.AwaitToRun (AwaitToRun.java:start(81)) - Thread[s4@group-9E2683D2E7FA-cacheEviction-AwaitToRun,5,main] started
2023-12-13 16:20:47,816 [s4-groupManagement] INFO  segmented.SegmentedRaftLogWorker (SegmentedRaftLogWorker.java:<init>(182)) - new s4@group-9E2683D2E7FA-SegmentedRaftLogWorker for RaftStorageImpl:Storage Directory /home/runner/work/ratis/ratis/ratis-test/target/test/data/1e4ee837/MiniRaftClusterWithGrpc1406e638/s4/d1120704-ff1c-4903-8451-9e2683d2e7fa
2023-12-13 16:20:47,816 [s4-groupManagement] INFO  server.RaftServerConfigKeys (ConfUtils.java:logGet(46)) - raft.server.log.queue.byte-limit = 64MB (=67108864) (default)
2023-12-13 16:20:47,816 [s4-groupManagement] INFO  server.RaftServerConfigKeys (ConfUtils.java:logGet(46)) - raft.server.log.queue.element-limit = 4096 (default)
2023-12-13 16:20:47,816 [s4-groupManagement] INFO  server.RaftServerConfigKeys (ConfUtils.java:logGet(46)) - raft.server.log.segment.size.max = 32MB (=33554432) (default)
2023-12-13 16:20:47,816 [s4-groupManagement] INFO  server.RaftServerConfigKeys (ConfUtils.java:logGet(46)) - raft.server.log.preallocated.size = 4MB (=4194304) (default)
2023-12-13 16:20:47,816 [s4-groupManagement] INFO  server.RaftServerConfigKeys (ConfUtils.java:logGet(46)) - raft.server.log.force.sync.num = 128 (default)
2023-12-13 16:20:47,817 [s4-groupManagement] INFO  server.RaftServerConfigKeys (ConfUtils.java:logGet(46)) - raft.server.log.statemachine.data.sync = true (default)
2023-12-13 16:20:47,817 [s4-groupManagement] INFO  server.RaftServerConfigKeys (ConfUtils.java:logGet(46)) - raft.server.log.statemachine.data.sync.timeout = 10s (default)
2023-12-13 16:20:47,817 [s4-groupManagement] INFO  server.RaftServerConfigKeys (ConfUtils.java:logGet(46)) - raft.server.log.statemachine.data.sync.timeout.retry = -1 (default)
2023-12-13 16:20:47,817 [s4-groupManagement] INFO  server.RaftServerConfigKeys (ConfUtils.java:logGet(46)) - raft.server.log.write.buffer.size = 8MB (=8388608) (default)
2023-12-13 16:20:47,819 [s4-groupManagement] INFO  server.RaftServerConfigKeys (ConfUtils.java:logGet(46)) - raft.server.log.appender.buffer.byte-limit = 4MB (=4194304) (default)
2023-12-13 16:20:47,819 [s4-groupManagement] INFO  server.RaftServerConfigKeys (ConfUtils.java:logGet(46)) - raft.server.log.unsafe-flush.enabled = false (default)
2023-12-13 16:20:47,819 [s4-groupManagement] INFO  server.RaftServerConfigKeys (ConfUtils.java:logGet(46)) - raft.server.log.async-flush.enabled = false (default)
2023-12-13 16:20:47,819 [s4-groupManagement] INFO  server.RaftServerConfigKeys (ConfUtils.java:logGet(46)) - raft.server.log.statemachine.data.caching.enabled = false (default)
2023-12-13 16:20:47,819 [s4-groupManagement] INFO  segmented.SegmentedRaftLogWorker (SegmentedRaftLogWorker.java:lambda$new$0(134)) - s4@group-9E2683D2E7FA-SegmentedRaftLogWorker: flushIndex: setUnconditionally 0 -> -1
2023-12-13 16:20:47,819 [s4-groupManagement] INFO  segmented.SegmentedRaftLogWorker (SegmentedRaftLogWorker.java:lambda$new$0(134)) - s4@group-9E2683D2E7FA-SegmentedRaftLogWorker: safeCacheEvictIndex: setUnconditionally 0 -> -1
2023-12-13 16:20:47,819 [s4-groupManagement] INFO  server.RaftServer$Division (RaftServerImpl.java:start(392)) - s4@group-9E2683D2E7FA: start as a follower, conf=-1: peers:[s4|0.0.0.0:35023]|listeners:[], old=null
2023-12-13 16:20:47,820 [s4-groupManagement] INFO  server.RaftServer$Division (RaftServerImpl.java:setRole(379)) - s4@group-9E2683D2E7FA: changes role from      null to FOLLOWER at term 0 for startAsFollower
2023-12-13 16:20:47,820 [s4-groupManagement] INFO  impl.RoleInfo (RoleInfo.java:updateAndGet(139)) - s4: start s4@group-9E2683D2E7FA-FollowerState
2023-12-13 16:20:47,820 [s4@group-9E2683D2E7FA-FollowerState] INFO  server.RaftServerConfigKeys (ConfUtils.java:logFallback(53)) - raft.server.rpc.first-election.timeout.min = 1500ms (fallback to raft.server.rpc.timeout.min)
2023-12-13 16:20:47,820 [s4-groupManagement] INFO  util.JmxRegister (JmxRegister.java:tryRegister(44)) - Successfully registered JMX Bean with object name Ratis:service=RaftServer,group=group-9E2683D2E7FA,id=s4
2023-12-13 16:20:47,820 [s4@group-9E2683D2E7FA-FollowerState] INFO  server.RaftServerConfigKeys (ConfUtils.java:logFallback(53)) - raft.server.rpc.first-election.timeout.max = 2000ms (fallback to raft.server.rpc.timeout.max)
2023-12-13 16:20:47,820 [s4-groupManagement] INFO  server.RaftServerConfigKeys (ConfUtils.java:logGet(46)) - raft.server.snapshot.trigger-when-stop.enabled = true (default)
2023-12-13 16:20:47,820 [s4-groupManagement] INFO  server.RaftServerConfigKeys (ConfUtils.java:logGet(46)) - raft.server.snapshot.auto.trigger.enabled = false (default)
2023-12-13 16:20:47,820 [s4-groupManagement] INFO  server.RaftServerConfigKeys (ConfUtils.java:logGet(46)) - raft.server.snapshot.retention.file.num = -1 (default)
2023-12-13 16:20:47,820 [s4-groupManagement] INFO  server.RaftServerConfigKeys (ConfUtils.java:logGet(46)) - raft.server.log.purge.upto.snapshot.index = false (default)
2023-12-13 16:20:47,823 [Time-limited test] INFO  server.RaftServerConfigKeys (ConfUtils.java:logGet(46)) - raft.server.rpc.timeout.max = 2000ms (custom)
2023-12-13 16:20:47,824 [Time-limited test] INFO  ratis.RaftTestUtil (RaftTestUtil.java:waitForLeader(100)) - printing group-9E2683D2E7FA
  s4:  RUNNING [
   FOLLOWER s4@group-9E2683D2E7FA:t0, leader=null, voted=, raftlog=Memoized:s4@group-9E2683D2E7FA-SegmentedRaftLog:OPENED:c-1, conf=-1: peers:[s4|0.0.0.0:35023]|listeners:[], old=null RUNNING
   FOLLOWER s4@group-7980D1787839:t0, leader=null, voted=, raftlog=Memoized:s4@group-7980D1787839-SegmentedRaftLog:OPENED:c-1, conf=-1: peers:[]|listeners:[], old=null STARTING] size=2
2023-12-13 16:20:47,824 [Time-limited test] WARN  ratis.RaftTestUtil (RaftTestUtil.java:lambda$waitForLeader$3(119)) - Attempt #1 failed: java.lang.IllegalStateException: No leader yet  for group-9E2683D2E7FA: printing group-9E2683D2E7FA
  s4:  RUNNING [
   FOLLOWER s4@group-9E2683D2E7FA:t0, leader=null, voted=, raftlog=Memoized:s4@group-9E2683D2E7FA-SegmentedRaftLog:OPENED:c-1, conf=-1: peers:[s4|0.0.0.0:35023]|listeners:[], old=null RUNNING
   FOLLOWER s4@group-7980D1787839:t0, leader=null, voted=, raftlog=Memoized:s4@group-7980D1787839-SegmentedRaftLog:OPENED:c-1, conf=-1: peers:[]|listeners:[], old=null STARTING] size=2
2023-12-13 16:20:49,373 [s4@group-9E2683D2E7FA-FollowerState] INFO  impl.FollowerState (FollowerState.java:run(143)) - s4@group-9E2683D2E7FA-FollowerState: change to CANDIDATE, lastRpcElapsedTime:1553532841ns, electionTimeout:1553ms
2023-12-13 16:20:49,374 [s4@group-9E2683D2E7FA-FollowerState] INFO  impl.RoleInfo (RoleInfo.java:shutdownFollowerState(110)) - s4: shutdown s4@group-9E2683D2E7FA-FollowerState
2023-12-13 16:20:49,374 [s4@group-9E2683D2E7FA-FollowerState] INFO  server.RaftServer$Division (RaftServerImpl.java:setRole(379)) - s4@group-9E2683D2E7FA: changes role from  FOLLOWER to CANDIDATE at term 0 for changeToCandidate
2023-12-13 16:20:49,374 [s4@group-9E2683D2E7FA-FollowerState] INFO  server.RaftServerConfigKeys (ConfUtils.java:logGet(46)) - raft.server.leaderelection.pre-vote = true (default)
2023-12-13 16:20:49,374 [s4@group-9E2683D2E7FA-FollowerState] INFO  impl.RoleInfo (RoleInfo.java:updateAndGet(139)) - s4: start s4@group-9E2683D2E7FA-LeaderElection6
2023-12-13 16:20:49,375 [s4@group-9E2683D2E7FA-LeaderElection6] INFO  impl.LeaderElection (LeaderElection.java:askForVotes(321)) - s4@group-9E2683D2E7FA-LeaderElection6 PRE_VOTE round 0: submit vote requests at term 0 for -1: peers:[s4|0.0.0.0:35023]|listeners:[], old=null
2023-12-13 16:20:49,375 [s4@group-9E2683D2E7FA-LeaderElection6] INFO  impl.LeaderElection (LeaderElection.java:askForVotes(323)) - s4@group-9E2683D2E7FA-LeaderElection6 PRE_VOTE round 0: result PASSED (term=0)
2023-12-13 16:20:49,375 [s4@group-9E2683D2E7FA-LeaderElection6] TRACE util.FileUtils (LogUtils.java:supplyAndLog(69)) - Successfully supplied FileChannel.open /home/runner/work/ratis/ratis/ratis-test/target/test/data/1e4ee837/MiniRaftClusterWithGrpc1406e638/s4/d1120704-ff1c-4903-8451-9e2683d2e7fa/current/raft-meta.tmp with options [CREATE, WRITE]: sun.nio.ch.FileChannelImpl@1f511735
2023-12-13 16:20:49,376 [s4@group-9E2683D2E7FA-LeaderElection6] TRACE util.FileUtils (LogUtils.java:runAndLog(49)) - Successfully ran Atomic Files.move /home/runner/work/ratis/ratis/ratis-test/target/test/data/1e4ee837/MiniRaftClusterWithGrpc1406e638/s4/d1120704-ff1c-4903-8451-9e2683d2e7fa/current/raft-meta.tmp to /home/runner/work/ratis/ratis/ratis-test/target/test/data/1e4ee837/MiniRaftClusterWithGrpc1406e638/s4/d1120704-ff1c-4903-8451-9e2683d2e7fa/current/raft-meta with options [REPLACE_EXISTING]
2023-12-13 16:20:49,376 [s4@group-9E2683D2E7FA-LeaderElection6] INFO  impl.LeaderElection (LeaderElection.java:askForVotes(321)) - s4@group-9E2683D2E7FA-LeaderElection6 ELECTION round 0: submit vote requests at term 1 for -1: peers:[s4|0.0.0.0:35023]|listeners:[], old=null
2023-12-13 16:20:49,376 [s4@group-9E2683D2E7FA-LeaderElection6] INFO  impl.LeaderElection (LeaderElection.java:askForVotes(323)) - s4@group-9E2683D2E7FA-LeaderElection6 ELECTION round 0: result PASSED (term=1)
2023-12-13 16:20:49,376 [s4@group-9E2683D2E7FA-LeaderElection6] INFO  impl.RoleInfo (RoleInfo.java:shutdownLeaderElection(130)) - s4: shutdown s4@group-9E2683D2E7FA-LeaderElection6
2023-12-13 16:20:49,376 [s4@group-9E2683D2E7FA-LeaderElection6] INFO  server.RaftServer$Division (RaftServerImpl.java:setRole(379)) - s4@group-9E2683D2E7FA: changes role from CANDIDATE to LEADER at term 1 for changeToLeader
2023-12-13 16:20:49,376 [s4@group-9E2683D2E7FA-LeaderElection6] INFO  server.RaftServerConfigKeys (ConfUtils.java:logGet(46)) - raft.server.staging.catchup.gap = 1000 (default)
2023-12-13 16:20:49,376 [s4@group-9E2683D2E7FA-LeaderElection6] INFO  server.RaftServerConfigKeys (ConfUtils.java:logGet(46)) - raft.server.write.element-limit = 4096 (default)
2023-12-13 16:20:49,376 [s4@group-9E2683D2E7FA-LeaderElection6] INFO  server.RaftServerConfigKeys (ConfUtils.java:logGet(46)) - raft.server.write.byte-limit = 64MB (=67108864) (default)
2023-12-13 16:20:49,376 [s4@group-9E2683D2E7FA-LeaderElection6] INFO  server.RaftServerConfigKeys (ConfUtils.java:logGet(46)) - raft.server.watch.timeout = 10s (default)
2023-12-13 16:20:49,377 [s4@group-9E2683D2E7FA-LeaderElection6] INFO  server.RaftServerConfigKeys (ConfUtils.java:logGet(46)) - raft.server.watch.timeout.denomination = 1s (default)
2023-12-13 16:20:49,377 [s4@group-9E2683D2E7FA-LeaderElection6] INFO  server.RaftServerConfigKeys (ConfUtils.java:logGet(46)) - raft.server.watch.element-limit = 65536 (default)
2023-12-13 16:20:49,377 [s4@group-9E2683D2E7FA-LeaderElection6] INFO  server.RaftServerConfigKeys (ConfUtils.java:logGet(46)) - raft.server.read.leader.lease.enabled = false (default)
2023-12-13 16:20:49,377 [s4@group-9E2683D2E7FA-LeaderElection6] INFO  server.RaftServerConfigKeys (ConfUtils.java:logGet(46)) - raft.server.read.leader.lease.timeout.ratio = 0.9 (default)
2023-12-13 16:20:49,377 [s4@group-9E2683D2E7FA-LeaderElection6] INFO  server.RaftServerConfigKeys (ConfUtils.java:logGet(46)) - raft.server.rpc.timeout.min = 1500ms (custom)
2023-12-13 16:20:49,377 [s4@group-9E2683D2E7FA-LeaderElection6] INFO  server.RaftServerConfigKeys (ConfUtils.java:logGet(46)) - raft.server.write.element-limit = 4096 (default)
2023-12-13 16:20:49,377 [s4@group-9E2683D2E7FA-LeaderElection6] INFO  server.RaftServerConfigKeys (ConfUtils.java:logGet(46)) - raft.server.write.follower.gap.ratio.max = -1.0 (default)
2023-12-13 16:20:49,377 [s4@group-9E2683D2E7FA-LeaderElection6] INFO  impl.RoleInfo (RoleInfo.java:updateAndGet(139)) - s4: start s4@group-9E2683D2E7FA-LeaderStateImpl
2023-12-13 16:20:49,377 [s4@group-9E2683D2E7FA-LeaderElection6] INFO  server.RaftServer$Division (RaftServerImpl.java:setFirstElection(564)) - s4@group-9E2683D2E7FA: set firstElectionSinceStartup to false for becomeLeader
2023-12-13 16:20:49,377 [s4@group-9E2683D2E7FA-LeaderElection6] INFO  server.RaftServer$Division (ServerState.java:setLeader(265)) - s4@group-9E2683D2E7FA: change Leader from null to s4 at term 1 for becomeLeader, leader elected after 1566ms
2023-12-13 16:20:49,377 [s4@group-9E2683D2E7FA-LeaderElection6] INFO  segmented.SegmentedRaftLogWorker (SegmentedRaftLogWorker.java:startLogSegment(430)) - s4@group-9E2683D2E7FA-SegmentedRaftLogWorker: Starting segment from index:0
2023-12-13 16:20:49,377 [s4@group-9E2683D2E7FA-SegmentedRaftLogWorker] INFO  segmented.BufferedWriteChannel (BufferedWriteChannel.java:open(62)) - open log_inprogress_0 at position 0
2023-12-13 16:20:49,377 [s4@group-9E2683D2E7FA-LeaderElection6] INFO  server.RaftServer$Division (ServerState.java:setRaftConf(382)) - s4@group-9E2683D2E7FA: set configuration 0: peers:[s4|0.0.0.0:35023]|listeners:[], old=null
2023-12-13 16:20:49,384 [s4@group-9E2683D2E7FA-SegmentedRaftLogWorker] INFO  segmented.SegmentedRaftLogWorker (SegmentedRaftLogWorker.java:execute(634)) - s4@group-9E2683D2E7FA-SegmentedRaftLogWorker: created new log segment /home/runner/work/ratis/ratis/ratis-test/target/test/data/1e4ee837/MiniRaftClusterWithGrpc1406e638/s4/d1120704-ff1c-4903-8451-9e2683d2e7fa/current/log_inprogress_0
2023-12-13 16:20:49,384 [s4@group-9E2683D2E7FA-StateMachineUpdater] TRACE util.FileUtils (LogUtils.java:supplyAndLog(69)) - Successfully supplied FileChannel.open /home/runner/work/ratis/ratis/ratis-test/target/test/data/1e4ee837/MiniRaftClusterWithGrpc1406e638/s4/d1120704-ff1c-4903-8451-9e2683d2e7fa/current/raft-meta.conf.tmp with options [CREATE, WRITE]: sun.nio.ch.FileChannelImpl@d4d0adc
2023-12-13 16:20:49,385 [s4@group-9E2683D2E7FA-StateMachineUpdater] TRACE util.FileUtils (LogUtils.java:runAndLog(49)) - Successfully ran Atomic Files.move /home/runner/work/ratis/ratis/ratis-test/target/test/data/1e4ee837/MiniRaftClusterWithGrpc1406e638/s4/d1120704-ff1c-4903-8451-9e2683d2e7fa/current/raft-meta.conf.tmp to /home/runner/work/ratis/ratis/ratis-test/target/test/data/1e4ee837/MiniRaftClusterWithGrpc1406e638/s4/d1120704-ff1c-4903-8451-9e2683d2e7fa/current/raft-meta.conf with options [REPLACE_EXISTING]
2023-12-13 16:20:49,385 [s4@group-9E2683D2E7FA-StateMachineUpdater] INFO  server.RaftServer$Division (LeaderStateImpl.java:isApplied(320)) - leader is ready since appliedIndex == 0 >= startIndex == 0
2023-12-13 16:20:50,740 [Timer-3] INFO  impl.MiniRaftCluster (MiniRaftCluster.java:lambda$start$6(349)) - TIMED-PRINT: printing ALL groups
  s3:  RUNNING [
   FOLLOWER s3@group-7980D1787839:t0, leader=null, voted=, raftlog=Memoized:s3@group-7980D1787839-SegmentedRaftLog:OPENED:c-1, conf=-1: peers:[]|listeners:[], old=null STARTING
     LEADER s3@group-8931C7917E03:t1, leader=s3, voted=s3, raftlog=Memoized:s3@group-8931C7917E03-SegmentedRaftLog:OPENED:c0, conf=0: peers:[s3|0.0.0.0:35071]|listeners:[], old=null RUNNING] size=2
  s4:  RUNNING [
     LEADER s4@group-9E2683D2E7FA:t1, leader=s4, voted=s4, raftlog=Memoized:s4@group-9E2683D2E7FA-SegmentedRaftLog:OPENED:c0, conf=0: peers:[s4|0.0.0.0:35023]|listeners:[], old=null RUNNING
   FOLLOWER s4@group-7980D1787839:t0, leader=null, voted=, raftlog=Memoized:s4@group-7980D1787839-SegmentedRaftLog:OPENED:c-1, conf=-1: peers:[]|listeners:[], old=null STARTING] size=2
  s0:  RUNNING [
   FOLLOWER s0@group-7980D1787839:t0, leader=null, voted=, raftlog=Memoized:s0@group-7980D1787839-SegmentedRaftLog:OPENED:c-1, conf=-1: peers:[]|listeners:[], old=null STARTING
     LEADER s0@group-CFDA0681CEAE:t1, leader=s0, voted=s0, raftlog=Memoized:s0@group-CFDA0681CEAE-SegmentedRaftLog:OPENED:c0, conf=0: peers:[s0|0.0.0.0:43143, s1|0.0.0.0:38179, s2|0.0.0.0:41039]|listeners:[], old=null RUNNING] size=2
  s1:  RUNNING [
   FOLLOWER s1@group-7980D1787839:t0, leader=null, voted=, raftlog=Memoized:s1@group-7980D1787839-SegmentedRaftLog:OPENED:c-1, conf=-1: peers:[]|listeners:[], old=null STARTING
   FOLLOWER s1@group-CFDA0681CEAE:t1, leader=s0, voted=s0, raftlog=Memoized:s1@group-CFDA0681CEAE-SegmentedRaftLog:OPENED:c0, conf=0: peers:[s0|0.0.0.0:43143, s1|0.0.0.0:38179, s2|0.0.0.0:41039]|listeners:[], old=null RUNNING] size=2
  s2:  RUNNING [
   FOLLOWER s2@group-7980D1787839:t0, leader=null, voted=, raftlog=Memoized:s2@group-7980D1787839-SegmentedRaftLog:OPENED:c-1, conf=-1: peers:[]|listeners:[], old=null STARTING
   FOLLOWER s2@group-CFDA0681CEAE:t1, leader=s0, voted=s0, raftlog=Memoized:s2@group-CFDA0681CEAE-SegmentedRaftLog:OPENED:c0, conf=0: peers:[s0|0.0.0.0:43143, s1|0.0.0.0:38179, s2|0.0.0.0:41039]|listeners:[], old=null RUNNING] size=2
2023-12-13 16:20:50,824 [Time-limited test] INFO  ratis.RaftTestUtil (RaftTestUtil.java:waitForLeader(124)) - printing group-9E2683D2E7FA
  s4:  RUNNING [
     LEADER s4@group-9E2683D2E7FA:t1, leader=s4, voted=s4, raftlog=Memoized:s4@group-9E2683D2E7FA-SegmentedRaftLog:OPENED:c0, conf=0: peers:[s4|0.0.0.0:35023]|listeners:[], old=null RUNNING
   FOLLOWER s4@group-7980D1787839:t0, leader=null, voted=, raftlog=Memoized:s4@group-7980D1787839-SegmentedRaftLog:OPENED:c-1, conf=-1: peers:[]|listeners:[], old=null STARTING] size=2
| MiniRaftClusterWithGrpc[3, 4, 5]chosen=0 | start groups | 84 |
2023-12-13 16:20:50,825 [Time-limited test] INFO  impl.GroupManagementBaseTest (GroupManagementBaseTest.java:runMultiGroupTest(291)) - start groups: printing ALL groups
  s3:  RUNNING [
   FOLLOWER s3@group-7980D1787839:t0, leader=null, voted=, raftlog=Memoized:s3@group-7980D1787839-SegmentedRaftLog:OPENED:c-1, conf=-1: peers:[]|listeners:[], old=null STARTING
     LEADER s3@group-8931C7917E03:t1, leader=s3, voted=s3, raftlog=Memoized:s3@group-8931C7917E03-SegmentedRaftLog:OPENED:c0, conf=0: peers:[s3|0.0.0.0:35071]|listeners:[], old=null RUNNING] size=2
  s4:  RUNNING [
     LEADER s4@group-9E2683D2E7FA:t1, leader=s4, voted=s4, raftlog=Memoized:s4@group-9E2683D2E7FA-SegmentedRaftLog:OPENED:c0, conf=0: peers:[s4|0.0.0.0:35023]|listeners:[], old=null RUNNING
   FOLLOWER s4@group-7980D1787839:t0, leader=null, voted=, raftlog=Memoized:s4@group-7980D1787839-SegmentedRaftLog:OPENED:c-1, conf=-1: peers:[]|listeners:[], old=null STARTING] size=2
  s0:  RUNNING [
   FOLLOWER s0@group-7980D1787839:t0, leader=null, voted=, raftlog=Memoized:s0@group-7980D1787839-SegmentedRaftLog:OPENED:c-1, conf=-1: peers:[]|listeners:[], old=null STARTING
     LEADER s0@group-CFDA0681CEAE:t1, leader=s0, voted=s0, raftlog=Memoized:s0@group-CFDA0681CEAE-SegmentedRaftLog:OPENED:c0, conf=0: peers:[s0|0.0.0.0:43143, s1|0.0.0.0:38179, s2|0.0.0.0:41039]|listeners:[], old=null RUNNING] size=2
  s1:  RUNNING [
   FOLLOWER s1@group-7980D1787839:t0, leader=null, voted=, raftlog=Memoized:s1@group-7980D1787839-SegmentedRaftLog:OPENED:c-1, conf=-1: peers:[]|listeners:[], old=null STARTING
   FOLLOWER s1@group-CFDA0681CEAE:t1, leader=s0, voted=s0, raftlog=Memoized:s1@group-CFDA0681CEAE-SegmentedRaftLog:OPENED:c0, conf=0: peers:[s0|0.0.0.0:43143, s1|0.0.0.0:38179, s2|0.0.0.0:41039]|listeners:[], old=null RUNNING] size=2
  s2:  RUNNING [
   FOLLOWER s2@group-7980D1787839:t0, leader=null, voted=, raftlog=Memoized:s2@group-7980D1787839-SegmentedRaftLog:OPENED:c-1, conf=-1: peers:[]|listeners:[], old=null STARTING
   FOLLOWER s2@group-CFDA0681CEAE:t1, leader=s0, voted=s0, raftlog=Memoized:s2@group-CFDA0681CEAE-SegmentedRaftLog:OPENED:c0, conf=0: peers:[s0|0.0.0.0:43143, s1|0.0.0.0:38179, s2|0.0.0.0:41039]|listeners:[], old=null RUNNING] size=2
2023-12-13 16:20:50,825 [Time-limited test] INFO  impl.GroupManagementBaseTest (GroupManagementBaseTest.java:runMultiGroupTest(294)) - chosen = 0, group-CFDA0681CEAE:[s0|0.0.0.0:43143, s1|0.0.0.0:38179, s2|0.0.0.0:41039]
2023-12-13 16:20:50,825 [Time-limited test] INFO  impl.GroupManagementBaseTest (GroupManagementBaseTest.java:runMultiGroupTest(299)) - 1) close printing group-8931C7917E03
  s3:  RUNNING [
   FOLLOWER s3@group-7980D1787839:t0, leader=null, voted=, raftlog=Memoized:s3@group-7980D1787839-SegmentedRaftLog:OPENED:c-1, conf=-1: peers:[]|listeners:[], old=null STARTING
     LEADER s3@group-8931C7917E03:t1, leader=s3, voted=s3, raftlog=Memoized:s3@group-8931C7917E03-SegmentedRaftLog:OPENED:c0, conf=0: peers:[s3|0.0.0.0:35071]|listeners:[], old=null RUNNING] size=2
2023-12-13 16:20:50,826 [Time-limited test] DEBUG client.RaftClient (ConfUtils.java:logGet(46)) - raft.rpc.type = GRPC (default)
2023-12-13 16:20:50,830 [grpc-default-executor-3] INFO  server.RaftServer (RaftServerProxy.java:remove(111)) - s3: remove    LEADER s3@group-8931C7917E03:t1, leader=s3, voted=s3, raftlog=Memoized:s3@group-8931C7917E03-SegmentedRaftLog:OPENED:c0, conf=0: peers:[s3|0.0.0.0:35071]|listeners:[], old=null RUNNING
2023-12-13 16:20:50,830 [grpc-default-executor-3] INFO  server.RaftServer$Division (RaftServerImpl.java:lambda$close$3(516)) - s3@group-8931C7917E03: shutdown
2023-12-13 16:20:50,830 [grpc-default-executor-3] INFO  util.JmxRegister (JmxRegister.java:unregister(73)) - Successfully un-registered JMX Bean with object name Ratis:service=RaftServer,group=group-8931C7917E03,id=s3
2023-12-13 16:20:50,830 [grpc-default-executor-3] INFO  impl.RoleInfo (RoleInfo.java:shutdownLeaderState(94)) - s3: shutdown s3@group-8931C7917E03-LeaderStateImpl
2023-12-13 16:20:50,830 [grpc-default-executor-3] INFO  impl.PendingRequests (PendingRequests.java:sendNotLeaderResponses(289)) - s3@group-8931C7917E03-PendingRequests: sendNotLeaderResponses
2023-12-13 16:20:50,830 [grpc-default-executor-3] INFO  impl.StateMachineUpdater (StateMachineUpdater.java:stopAndJoin(157)) - s3@group-8931C7917E03-StateMachineUpdater: set stopIndex = 0
2023-12-13 16:20:50,830 [grpc-default-executor-3] INFO  server.RaftServer$Division (ServerState.java:close(423)) - s3@group-8931C7917E03: applyIndex: 0
2023-12-13 16:20:50,830 [s3@group-8931C7917E03-cacheEviction-AwaitToRun] INFO  util.AwaitToRun (AwaitToRun.java:run(49)) - s3@group-8931C7917E03-cacheEviction-AwaitToRun-AwaitForSignal is interrupted
2023-12-13 16:20:51,694 [grpc-default-executor-3] INFO  segmented.SegmentedRaftLogWorker (SegmentedRaftLogWorker.java:close(245)) - s3@group-8931C7917E03-SegmentedRaftLogWorker close()
2023-12-13 16:20:51,694 [grpc-default-executor-3] TRACE util.FileUtils (FileUtils.java:deleteFully(305)) - deleteFully /home/runner/work/ratis/ratis/ratis-test/target/test/data/1e4ee837/MiniRaftClusterWithGrpc1406e638/s3/9ceb29c6-2c40-47d6-9e4f-8931c7917e03
2023-12-13 16:20:51,694 [grpc-default-executor-3] TRACE util.FileUtils (LogUtils.java:runAndLog(49)) - Successfully ran Files.delete /home/runner/work/ratis/ratis/ratis-test/target/test/data/1e4ee837/MiniRaftClusterWithGrpc1406e638/s3/9ceb29c6-2c40-47d6-9e4f-8931c7917e03/sm
2023-12-13 16:20:51,695 [grpc-default-executor-3] TRACE util.FileUtils (LogUtils.java:runAndLog(49)) - Successfully ran Files.delete /home/runner/work/ratis/ratis/ratis-test/target/test/data/1e4ee837/MiniRaftClusterWithGrpc1406e638/s3/9ceb29c6-2c40-47d6-9e4f-8931c7917e03/in_use.lock
2023-12-13 16:20:51,695 [grpc-default-executor-3] TRACE util.FileUtils (LogUtils.java:runAndLog(49)) - Successfully ran Files.delete /home/runner/work/ratis/ratis/ratis-test/target/test/data/1e4ee837/MiniRaftClusterWithGrpc1406e638/s3/9ceb29c6-2c40-47d6-9e4f-8931c7917e03/current/raft-meta
2023-12-13 16:20:51,695 [grpc-default-executor-3] TRACE util.FileUtils (LogUtils.java:runAndLog(49)) - Successfully ran Files.delete /home/runner/work/ratis/ratis/ratis-test/target/test/data/1e4ee837/MiniRaftClusterWithGrpc1406e638/s3/9ceb29c6-2c40-47d6-9e4f-8931c7917e03/current/raft-meta.conf
2023-12-13 16:20:51,695 [grpc-default-executor-3] TRACE util.FileUtils (LogUtils.java:runAndLog(49)) - Successfully ran Files.delete /home/runner/work/ratis/ratis/ratis-test/target/test/data/1e4ee837/MiniRaftClusterWithGrpc1406e638/s3/9ceb29c6-2c40-47d6-9e4f-8931c7917e03/current/log_inprogress_0
2023-12-13 16:20:51,695 [grpc-default-executor-3] TRACE util.FileUtils (LogUtils.java:runAndLog(49)) - Successfully ran Files.delete /home/runner/work/ratis/ratis/ratis-test/target/test/data/1e4ee837/MiniRaftClusterWithGrpc1406e638/s3/9ceb29c6-2c40-47d6-9e4f-8931c7917e03/current
2023-12-13 16:20:51,695 [grpc-default-executor-3] TRACE util.FileUtils (LogUtils.java:runAndLog(49)) - Successfully ran Files.delete /home/runner/work/ratis/ratis/ratis-test/target/test/data/1e4ee837/MiniRaftClusterWithGrpc1406e638/s3/9ceb29c6-2c40-47d6-9e4f-8931c7917e03
2023-12-13 16:20:51,695 [grpc-default-executor-3] INFO  server.RaftServer$Division (RaftServerImpl.java:groupRemove(486)) - s3@group-8931C7917E03: Succeed to remove RaftStorageDirectory Storage Directory /home/runner/work/ratis/ratis/ratis-test/target/test/data/1e4ee837/MiniRaftClusterWithGrpc1406e638/s3/9ceb29c6-2c40-47d6-9e4f-8931c7917e03
2023-12-13 16:20:51,698 [Time-limited test] INFO  impl.GroupManagementBaseTest (GroupManagementBaseTest.java:runMultiGroupTest(299)) - 2) close printing group-9E2683D2E7FA
  s4:  RUNNING [
     LEADER s4@group-9E2683D2E7FA:t1, leader=s4, voted=s4, raftlog=Memoized:s4@group-9E2683D2E7FA-SegmentedRaftLog:OPENED:c0, conf=0: peers:[s4|0.0.0.0:35023]|listeners:[], old=null RUNNING
   FOLLOWER s4@group-7980D1787839:t0, leader=null, voted=, raftlog=Memoized:s4@group-7980D1787839-SegmentedRaftLog:OPENED:c-1, conf=-1: peers:[]|listeners:[], old=null STARTING] size=2
2023-12-13 16:20:51,698 [Time-limited test] DEBUG client.RaftClient (ConfUtils.java:logGet(46)) - raft.rpc.type = GRPC (default)
2023-12-13 16:20:51,701 [grpc-default-executor-3] INFO  server.RaftServer (RaftServerProxy.java:remove(111)) - s4: remove    LEADER s4@group-9E2683D2E7FA:t1, leader=s4, voted=s4, raftlog=Memoized:s4@group-9E2683D2E7FA-SegmentedRaftLog:OPENED:c0, conf=0: peers:[s4|0.0.0.0:35023]|listeners:[], old=null RUNNING
2023-12-13 16:20:51,701 [grpc-default-executor-3] INFO  server.RaftServer$Division (RaftServerImpl.java:lambda$close$3(516)) - s4@group-9E2683D2E7FA: shutdown
2023-12-13 16:20:51,701 [grpc-default-executor-3] INFO  util.JmxRegister (JmxRegister.java:unregister(73)) - Successfully un-registered JMX Bean with object name Ratis:service=RaftServer,group=group-9E2683D2E7FA,id=s4
2023-12-13 16:20:51,702 [grpc-default-executor-3] INFO  impl.RoleInfo (RoleInfo.java:shutdownLeaderState(94)) - s4: shutdown s4@group-9E2683D2E7FA-LeaderStateImpl
2023-12-13 16:20:51,702 [grpc-default-executor-3] INFO  impl.PendingRequests (PendingRequests.java:sendNotLeaderResponses(289)) - s4@group-9E2683D2E7FA-PendingRequests: sendNotLeaderResponses
2023-12-13 16:20:51,702 [grpc-default-executor-3] INFO  impl.StateMachineUpdater (StateMachineUpdater.java:stopAndJoin(157)) - s4@group-9E2683D2E7FA-StateMachineUpdater: set stopIndex = 0
2023-12-13 16:20:51,702 [grpc-default-executor-3] INFO  server.RaftServer$Division (ServerState.java:close(423)) - s4@group-9E2683D2E7FA: applyIndex: 0
2023-12-13 16:20:51,702 [s4@group-9E2683D2E7FA-cacheEviction-AwaitToRun] INFO  util.AwaitToRun (AwaitToRun.java:run(49)) - s4@group-9E2683D2E7FA-cacheEviction-AwaitToRun-AwaitForSignal is interrupted
2023-12-13 16:20:52,385 [grpc-default-executor-3] INFO  segmented.SegmentedRaftLogWorker (SegmentedRaftLogWorker.java:close(245)) - s4@group-9E2683D2E7FA-SegmentedRaftLogWorker close()
2023-12-13 16:20:52,386 [grpc-default-executor-3] TRACE util.FileUtils (FileUtils.java:deleteFully(305)) - deleteFully /home/runner/work/ratis/ratis/ratis-test/target/test/data/1e4ee837/MiniRaftClusterWithGrpc1406e638/s4/d1120704-ff1c-4903-8451-9e2683d2e7fa
2023-12-13 16:20:52,386 [grpc-default-executor-3] TRACE util.FileUtils (LogUtils.java:runAndLog(49)) - Successfully ran Files.delete /home/runner/work/ratis/ratis/ratis-test/target/test/data/1e4ee837/MiniRaftClusterWithGrpc1406e638/s4/d1120704-ff1c-4903-8451-9e2683d2e7fa/sm
2023-12-13 16:20:52,386 [grpc-default-executor-3] TRACE util.FileUtils (LogUtils.java:runAndLog(49)) - Successfully ran Files.delete /home/runner/work/ratis/ratis/ratis-test/target/test/data/1e4ee837/MiniRaftClusterWithGrpc1406e638/s4/d1120704-ff1c-4903-8451-9e2683d2e7fa/in_use.lock
2023-12-13 16:20:52,387 [grpc-default-executor-3] TRACE util.FileUtils (LogUtils.java:runAndLog(49)) - Successfully ran Files.delete /home/runner/work/ratis/ratis/ratis-test/target/test/data/1e4ee837/MiniRaftClusterWithGrpc1406e638/s4/d1120704-ff1c-4903-8451-9e2683d2e7fa/current/raft-meta
2023-12-13 16:20:52,387 [grpc-default-executor-3] TRACE util.FileUtils (LogUtils.java:runAndLog(49)) - Successfully ran Files.delete /home/runner/work/ratis/ratis/ratis-test/target/test/data/1e4ee837/MiniRaftClusterWithGrpc1406e638/s4/d1120704-ff1c-4903-8451-9e2683d2e7fa/current/raft-meta.conf
2023-12-13 16:20:52,387 [grpc-default-executor-3] TRACE util.FileUtils (LogUtils.java:runAndLog(49)) - Successfully ran Files.delete /home/runner/work/ratis/ratis/ratis-test/target/test/data/1e4ee837/MiniRaftClusterWithGrpc1406e638/s4/d1120704-ff1c-4903-8451-9e2683d2e7fa/current/log_inprogress_0
2023-12-13 16:20:52,387 [grpc-default-executor-3] TRACE util.FileUtils (LogUtils.java:runAndLog(49)) - Successfully ran Files.delete /home/runner/work/ratis/ratis/ratis-test/target/test/data/1e4ee837/MiniRaftClusterWithGrpc1406e638/s4/d1120704-ff1c-4903-8451-9e2683d2e7fa/current
2023-12-13 16:20:52,387 [grpc-default-executor-3] TRACE util.FileUtils (LogUtils.java:runAndLog(49)) - Successfully ran Files.delete /home/runner/work/ratis/ratis/ratis-test/target/test/data/1e4ee837/MiniRaftClusterWithGrpc1406e638/s4/d1120704-ff1c-4903-8451-9e2683d2e7fa
2023-12-13 16:20:52,387 [grpc-default-executor-3] INFO  server.RaftServer$Division (RaftServerImpl.java:groupRemove(486)) - s4@group-9E2683D2E7FA: Succeed to remove RaftStorageDirectory Storage Directory /home/runner/work/ratis/ratis/ratis-test/target/test/data/1e4ee837/MiniRaftClusterWithGrpc1406e638/s4/d1120704-ff1c-4903-8451-9e2683d2e7fa
| MiniRaftClusterWithGrpc[3, 4, 5]chosen=0 | close groups | 78 |
2023-12-13 16:20:52,390 [Time-limited test] INFO  impl.GroupManagementBaseTest (GroupManagementBaseTest.java:runMultiGroupTest(316)) - close groups: printing ALL groups
  s3:  RUNNING  FOLLOWER s3@group-7980D1787839:t0, leader=null, voted=, raftlog=Memoized:s3@group-7980D1787839-SegmentedRaftLog:OPENED:c-1, conf=-1: peers:[]|listeners:[], old=null STARTING
  s4:  RUNNING  FOLLOWER s4@group-7980D1787839:t0, leader=null, voted=, raftlog=Memoized:s4@group-7980D1787839-SegmentedRaftLog:OPENED:c-1, conf=-1: peers:[]|listeners:[], old=null STARTING
  s0:  RUNNING [
   FOLLOWER s0@group-7980D1787839:t0, leader=null, voted=, raftlog=Memoized:s0@group-7980D1787839-SegmentedRaftLog:OPENED:c-1, conf=-1: peers:[]|listeners:[], old=null STARTING
     LEADER s0@group-CFDA0681CEAE:t1, leader=s0, voted=s0, raftlog=Memoized:s0@group-CFDA0681CEAE-SegmentedRaftLog:OPENED:c0, conf=0: peers:[s0|0.0.0.0:43143, s1|0.0.0.0:38179, s2|0.0.0.0:41039]|listeners:[], old=null RUNNING] size=2
  s1:  RUNNING [
   FOLLOWER s1@group-7980D1787839:t0, leader=null, voted=, raftlog=Memoized:s1@group-7980D1787839-SegmentedRaftLog:OPENED:c-1, conf=-1: peers:[]|listeners:[], old=null STARTING
   FOLLOWER s1@group-CFDA0681CEAE:t1, leader=s0, voted=s0, raftlog=Memoized:s1@group-CFDA0681CEAE-SegmentedRaftLog:OPENED:c0, conf=0: peers:[s0|0.0.0.0:43143, s1|0.0.0.0:38179, s2|0.0.0.0:41039]|listeners:[], old=null RUNNING] size=2
  s2:  RUNNING [
   FOLLOWER s2@group-7980D1787839:t0, leader=null, voted=, raftlog=Memoized:s2@group-7980D1787839-SegmentedRaftLog:OPENED:c-1, conf=-1: peers:[]|listeners:[], old=null STARTING
   FOLLOWER s2@group-CFDA0681CEAE:t1, leader=s0, voted=s0, raftlog=Memoized:s2@group-CFDA0681CEAE-SegmentedRaftLog:OPENED:c0, conf=0: peers:[s0|0.0.0.0:43143, s1|0.0.0.0:38179, s2|0.0.0.0:41039]|listeners:[], old=null RUNNING] size=2
2023-12-13 16:20:52,390 [Time-limited test] INFO  impl.GroupManagementBaseTest (GroupManagementBaseTest.java:runMultiGroupTest(322)) - 1) groupAdd: printing group-8931C7917E03
2023-12-13 16:20:52,390 [Time-limited test] DEBUG client.RaftClient (ConfUtils.java:logGet(46)) - raft.rpc.type = GRPC (default)
2023-12-13 16:20:52,393 [grpc-default-executor-3] INFO  server.RaftServer (RaftServerProxy.java:addNew(100)) - s3: addNew group-CFDA0681CEAE:[] returns group-CFDA0681CEAE:java.util.concurrent.CompletableFuture@1801abbc[Not completed]
2023-12-13 16:20:52,393 [s3-groupManagement] INFO  server.RaftServer$Division (RaftServerImpl.java:<init>(256)) - s3: new RaftServerImpl for group-CFDA0681CEAE:[] with BaseStateMachine:uninitialized
2023-12-13 16:20:52,393 [s3-groupManagement] INFO  server.RaftServerConfigKeys (ConfUtils.java:logGet(46)) - raft.server.rpc.timeout.min = 1500ms (custom)
2023-12-13 16:20:52,393 [s3-groupManagement] INFO  server.RaftServerConfigKeys (ConfUtils.java:logGet(46)) - raft.server.rpc.timeout.max = 2000ms (custom)
2023-12-13 16:20:52,393 [s3-groupManagement] INFO  server.RaftServerConfigKeys (ConfUtils.java:logGet(46)) - raft.server.rpc.sleep.time = 25ms (default)
2023-12-13 16:20:52,393 [s3-groupManagement] INFO  server.RaftServerConfigKeys (ConfUtils.java:logGet(46)) - raft.server.rpc.slowness.timeout = 60s (default)
2023-12-13 16:20:52,393 [s3-groupManagement] INFO  server.RaftServerConfigKeys (ConfUtils.java:logGet(46)) - raft.server.leaderelection.leader.step-down.wait-time = 10s (default)
2023-12-13 16:20:52,394 [s3-groupManagement] INFO  server.RaftServerConfigKeys (ConfUtils.java:logGet(46)) - raft.server.leaderelection.member.majority-add = false (default)
2023-12-13 16:20:52,394 [s3-groupManagement] INFO  server.RaftServerConfigKeys (ConfUtils.java:logGet(46)) - raft.server.sleep.deviation.threshold = 300ms (default)
2023-12-13 16:20:52,394 [s3-groupManagement] INFO  server.RaftServer$Division (ServerState.java:<init>(113)) - s3@group-CFDA0681CEAE: ConfigurationManager, init=-1: peers:[]|listeners:[], old=null, confs=<EMPTY_MAP>
2023-12-13 16:20:52,394 [s3-groupManagement] INFO  server.RaftServerConfigKeys (ConfUtils.java:logGet(46)) - raft.server.notification.no-leader.timeout = 60s (default)
2023-12-13 16:20:52,394 [s3-groupManagement] INFO  server.RaftServerConfigKeys (ConfUtils.java:logGet(46)) - raft.server.read.timeout = 10s (default)
2023-12-13 16:20:52,394 [s3-groupManagement] INFO  server.RaftServerConfigKeys (ConfUtils.java:logGet(46)) - raft.server.retrycache.expirytime = 60s (default)
2023-12-13 16:20:52,394 [s3-groupManagement] INFO  server.RaftServerConfigKeys (ConfUtils.java:logGet(46)) - raft.server.retrycache.statistics.expirytime = 100ms (default)
2023-12-13 16:20:52,394 [s3-groupManagement] INFO  server.RaftServerConfigKeys (ConfUtils.java:logGet(46)) - raft.server.read.option = DEFAULT (default)
2023-12-13 16:20:52,394 [s3-groupManagement] INFO  server.RaftServerConfigKeys (ConfUtils.java:logGet(46)) - raft.server.read.read-after-write-consistent.write-index-cache.expiry-time = 60s (default)
2023-12-13 16:20:52,395 [s3-groupManagement] INFO  server.RaftServerConfigKeys (ConfUtils.java:logGet(46)) - raft.server.rpc.request.timeout = 3000ms (default)
2023-12-13 16:20:52,395 [s3-groupManagement] INFO  server.RaftServerConfigKeys (ConfUtils.java:logGet(46)) - raft.server.log.appender.install.snapshot.enabled = true (default)
2023-12-13 16:20:52,395 [s3-groupManagement] INFO  server.RaftServerConfigKeys (ConfUtils.java:logGet(46)) - raft.server.threadpool.server.cached = true (default)
2023-12-13 16:20:52,395 [s3-groupManagement] INFO  server.RaftServerConfigKeys (ConfUtils.java:logGet(46)) - raft.server.threadpool.server.size = 0 (default)
2023-12-13 16:20:52,395 [s3-groupManagement] INFO  server.RaftServerConfigKeys (ConfUtils.java:logGet(46)) - raft.server.threadpool.client.cached = true (default)
2023-12-13 16:20:52,395 [s3-groupManagement] INFO  server.RaftServerConfigKeys (ConfUtils.java:logGet(46)) - raft.server.threadpool.client.size = 0 (default)
2023-12-13 16:20:52,395 [s3-groupManagement] DEBUG server.RaftServer (RaftServerProxy.java:lambda$groupAddAsync$13(507)) - s3: newImpl =      null s3@group-CFDA0681CEAE:t0, leader=null, voted=null, raftlog=UNINITIALIZED, conf=-1: peers:[]|listeners:[], old=null NEW
2023-12-13 16:20:52,395 [s3-groupManagement] INFO  server.RaftServerConfigKeys (ConfUtils.java:logGet(46)) - raft.server.storage.free-space.min = 0MB (=0) (default)
2023-12-13 16:20:52,395 [s3-groupManagement] INFO  server.RaftServerConfigKeys (ConfUtils.java:logGet(46)) - raft.server.log.corruption.policy = EXCEPTION (default)
2023-12-13 16:20:52,395 [s3-groupManagement] INFO  server.RaftServerConfigKeys (ConfUtils.java:logGet(46)) - raft.server.storage.dir = [/home/runner/work/ratis/ratis/ratis-test/target/test/data/1e4ee837/MiniRaftClusterWithGrpc1406e638/s3] (custom)
2023-12-13 16:20:52,396 [s3-groupManagement] INFO  storage.RaftStorageDirectory (RaftStorageDirectoryImpl.java:analyzeStorage(138)) - The storage directory /home/runner/work/ratis/ratis/ratis-test/target/test/data/1e4ee837/MiniRaftClusterWithGrpc1406e638/s3/8a28c877-968c-496e-8770-cfda0681ceae does not exist. Creating ...
2023-12-13 16:20:52,396 [s3-groupManagement] TRACE util.FileUtils (LogUtils.java:runAndLog(49)) - Successfully ran Files.createDirectories /home/runner/work/ratis/ratis/ratis-test/target/test/data/1e4ee837/MiniRaftClusterWithGrpc1406e638/s3/8a28c877-968c-496e-8770-cfda0681ceae
2023-12-13 16:20:52,397 [s3-groupManagement] INFO  storage.RaftStorageDirectory (RaftStorageDirectoryImpl.java:tryLock(228)) - Lock on /home/runner/work/ratis/ratis/ratis-test/target/test/data/1e4ee837/MiniRaftClusterWithGrpc1406e638/s3/8a28c877-968c-496e-8770-cfda0681ceae/in_use.lock acquired by nodename 10819@fv-az890-872
2023-12-13 16:20:52,397 [s3-groupManagement] TRACE util.FileUtils (LogUtils.java:runAndLog(49)) - Successfully ran Files.createDirectories /home/runner/work/ratis/ratis/ratis-test/target/test/data/1e4ee837/MiniRaftClusterWithGrpc1406e638/s3/8a28c877-968c-496e-8770-cfda0681ceae/current
2023-12-13 16:20:52,397 [s3-groupManagement] TRACE util.FileUtils (LogUtils.java:runAndLog(49)) - Successfully ran Files.createDirectories /home/runner/work/ratis/ratis/ratis-test/target/test/data/1e4ee837/MiniRaftClusterWithGrpc1406e638/s3/8a28c877-968c-496e-8770-cfda0681ceae/sm
2023-12-13 16:20:52,397 [s3-groupManagement] TRACE util.FileUtils (LogUtils.java:supplyAndLog(69)) - Successfully supplied FileChannel.open /home/runner/work/ratis/ratis/ratis-test/target/test/data/1e4ee837/MiniRaftClusterWithGrpc1406e638/s3/8a28c877-968c-496e-8770-cfda0681ceae/current/raft-meta.tmp with options [CREATE, WRITE]: sun.nio.ch.FileChannelImpl@2646f52d
2023-12-13 16:20:52,398 [s3-groupManagement] TRACE util.FileUtils (LogUtils.java:runAndLog(49)) - Successfully ran Atomic Files.move /home/runner/work/ratis/ratis/ratis-test/target/test/data/1e4ee837/MiniRaftClusterWithGrpc1406e638/s3/8a28c877-968c-496e-8770-cfda0681ceae/current/raft-meta.tmp to /home/runner/work/ratis/ratis/ratis-test/target/test/data/1e4ee837/MiniRaftClusterWithGrpc1406e638/s3/8a28c877-968c-496e-8770-cfda0681ceae/current/raft-meta with options [REPLACE_EXISTING]
2023-12-13 16:20:52,398 [s3-groupManagement] INFO  storage.RaftStorage (RaftStorageImpl.java:format(99)) - Storage directory /home/runner/work/ratis/ratis/ratis-test/target/test/data/1e4ee837/MiniRaftClusterWithGrpc1406e638/s3/8a28c877-968c-496e-8770-cfda0681ceae has been successfully formatted.
2023-12-13 16:20:52,399 [s3-groupManagement] TRACE util.FileUtils (LogUtils.java:supplyAndLog(61)) - Failed to Files.newInputStream /home/runner/work/ratis/ratis/ratis-test/target/test/data/1e4ee837/MiniRaftClusterWithGrpc1406e638/s3/8a28c877-968c-496e-8770-cfda0681ceae/current/raft-meta.conf with options []
java.nio.file.NoSuchFileException: /home/runner/work/ratis/ratis/ratis-test/target/test/data/1e4ee837/MiniRaftClusterWithGrpc1406e638/s3/8a28c877-968c-496e-8770-cfda0681ceae/current/raft-meta.conf
	at java.base/sun.nio.fs.UnixException.translateToIOException(UnixException.java:92)
	at java.base/sun.nio.fs.UnixException.rethrowAsIOException(UnixException.java:111)
	at java.base/sun.nio.fs.UnixException.rethrowAsIOException(UnixException.java:116)
	at java.base/sun.nio.fs.UnixFileSystemProvider.newByteChannel(UnixFileSystemProvider.java:219)
	at java.base/java.nio.file.Files.newByteChannel(Files.java:371)
	at java.base/java.nio.file.Files.newByteChannel(Files.java:422)
	at java.base/java.nio.file.spi.FileSystemProvider.newInputStream(FileSystemProvider.java:420)
	at java.base/java.nio.file.Files.newInputStream(Files.java:156)
	at org.apache.ratis.util.FileUtils.lambda$newInputStream$2(FileUtils.java:73)
	at org.apache.ratis.util.LogUtils.supplyAndLog(LogUtils.java:58)
	at org.apache.ratis.util.FileUtils.newInputStream(FileUtils.java:72)
	at org.apache.ratis.util.FileUtils.newInputStream(FileUtils.java:68)
	at org.apache.ratis.server.storage.RaftStorageImpl.readRaftConfiguration(RaftStorageImpl.java:156)
	at org.apache.ratis.server.impl.ServerState.initialize(ServerState.java:141)
	at org.apache.ratis.server.impl.RaftServerImpl.start(RaftServerImpl.java:388)
	at org.apache.ratis.server.impl.RaftServerProxy.lambda$groupAddAsync$13(RaftServerProxy.java:509)
	at java.base/java.util.concurrent.CompletableFuture$UniApply.tryFire(CompletableFuture.java:642)
	at java.base/java.util.concurrent.CompletableFuture$Completion.run(CompletableFuture.java:478)
	at java.base/java.util.concurrent.ThreadPoolExecutor.runWorker(ThreadPoolExecutor.java:1128)
	at java.base/java.util.concurrent.ThreadPoolExecutor$Worker.run(ThreadPoolExecutor.java:628)
	at java.base/java.lang.Thread.run(Thread.java:829)
2023-12-13 16:20:52,399 [s3-groupManagement] INFO  server.RaftServerConfigKeys (ConfUtils.java:logGet(46)) - raft.server.log.use.memory = false (default)
2023-12-13 16:20:52,399 [s3-groupManagement] INFO  server.RaftServerConfigKeys (ConfUtils.java:logGet(46)) - raft.server.log.purge.gap = 1024 (default)
2023-12-13 16:20:52,399 [s3-groupManagement] INFO  server.RaftServerConfigKeys (ConfUtils.java:logGet(46)) - raft.server.log.appender.buffer.byte-limit = 4MB (=4194304) (default)
2023-12-13 16:20:52,399 [s3-groupManagement] INFO  server.RaftServerConfigKeys (ConfUtils.java:logGet(46)) - raft.server.log.statemachine.data.read.timeout = 1000ms (default)
2023-12-13 16:20:52,399 [s3-groupManagement] INFO  server.RaftServerConfigKeys (ConfUtils.java:logGet(46)) - raft.server.log.purge.preservation.log.num = 0 (default)
2023-12-13 16:20:52,400 [s3-groupManagement] INFO  server.RaftServerConfigKeys (ConfUtils.java:logGet(46)) - raft.server.log.segment.size.max = 32MB (=33554432) (default)
2023-12-13 16:20:52,400 [s3-groupManagement] INFO  server.RaftServerConfigKeys (ConfUtils.java:logGet(46)) - raft.server.log.segment.cache.num.max = 6 (default)
2023-12-13 16:20:52,400 [s3-groupManagement] INFO  server.RaftServerConfigKeys (ConfUtils.java:logGet(46)) - raft.server.log.segment.cache.size.max = 200MB (=209715200) (default)
2023-12-13 16:20:52,400 [s3-groupManagement] INFO  server.RaftServerConfigKeys (ConfUtils.java:logGet(46)) - raft.server.log.appender.buffer.byte-limit = 4MB (=4194304) (default)
2023-12-13 16:20:52,400 [s3-groupManagement] INFO  util.AwaitToRun (AwaitToRun.java:start(81)) - Thread[s3@group-CFDA0681CEAE-cacheEviction-AwaitToRun,5,main] started
2023-12-13 16:20:52,400 [s3-groupManagement] INFO  segmented.SegmentedRaftLogWorker (SegmentedRaftLogWorker.java:<init>(182)) - new s3@group-CFDA0681CEAE-SegmentedRaftLogWorker for RaftStorageImpl:Storage Directory /home/runner/work/ratis/ratis/ratis-test/target/test/data/1e4ee837/MiniRaftClusterWithGrpc1406e638/s3/8a28c877-968c-496e-8770-cfda0681ceae
2023-12-13 16:20:52,400 [s3-groupManagement] INFO  server.RaftServerConfigKeys (ConfUtils.java:logGet(46)) - raft.server.log.queue.byte-limit = 64MB (=67108864) (default)
2023-12-13 16:20:52,400 [s3-groupManagement] INFO  server.RaftServerConfigKeys (ConfUtils.java:logGet(46)) - raft.server.log.queue.element-limit = 4096 (default)
2023-12-13 16:20:52,400 [s3-groupManagement] INFO  server.RaftServerConfigKeys (ConfUtils.java:logGet(46)) - raft.server.log.segment.size.max = 32MB (=33554432) (default)
2023-12-13 16:20:52,400 [s3-groupManagement] INFO  server.RaftServerConfigKeys (ConfUtils.java:logGet(46)) - raft.server.log.preallocated.size = 4MB (=4194304) (default)
2023-12-13 16:20:52,400 [s3-groupManagement] INFO  server.RaftServerConfigKeys (ConfUtils.java:logGet(46)) - raft.server.log.force.sync.num = 128 (default)
2023-12-13 16:20:52,400 [s3-groupManagement] INFO  server.RaftServerConfigKeys (ConfUtils.java:logGet(46)) - raft.server.log.statemachine.data.sync = true (default)
2023-12-13 16:20:52,400 [s3-groupManagement] INFO  server.RaftServerConfigKeys (ConfUtils.java:logGet(46)) - raft.server.log.statemachine.data.sync.timeout = 10s (default)
2023-12-13 16:20:52,400 [s3-groupManagement] INFO  server.RaftServerConfigKeys (ConfUtils.java:logGet(46)) - raft.server.log.statemachine.data.sync.timeout.retry = -1 (default)
2023-12-13 16:20:52,400 [s3-groupManagement] INFO  server.RaftServerConfigKeys (ConfUtils.java:logGet(46)) - raft.server.log.write.buffer.size = 8MB (=8388608) (default)
2023-12-13 16:20:52,401 [s3-groupManagement] INFO  server.RaftServerConfigKeys (ConfUtils.java:logGet(46)) - raft.server.log.appender.buffer.byte-limit = 4MB (=4194304) (default)
2023-12-13 16:20:52,401 [s3-groupManagement] INFO  server.RaftServerConfigKeys (ConfUtils.java:logGet(46)) - raft.server.log.unsafe-flush.enabled = false (default)
2023-12-13 16:20:52,401 [s3-groupManagement] INFO  server.RaftServerConfigKeys (ConfUtils.java:logGet(46)) - raft.server.log.async-flush.enabled = false (default)
2023-12-13 16:20:52,401 [s3-groupManagement] INFO  server.RaftServerConfigKeys (ConfUtils.java:logGet(46)) - raft.server.log.statemachine.data.caching.enabled = false (default)
2023-12-13 16:20:52,402 [s3-groupManagement] INFO  segmented.SegmentedRaftLogWorker (SegmentedRaftLogWorker.java:lambda$new$0(134)) - s3@group-CFDA0681CEAE-SegmentedRaftLogWorker: flushIndex: setUnconditionally 0 -> -1
2023-12-13 16:20:52,402 [s3-groupManagement] INFO  segmented.SegmentedRaftLogWorker (SegmentedRaftLogWorker.java:lambda$new$0(134)) - s3@group-CFDA0681CEAE-SegmentedRaftLogWorker: safeCacheEvictIndex: setUnconditionally 0 -> -1
2023-12-13 16:20:52,402 [s3-groupManagement] INFO  server.RaftServer$Division (RaftServerImpl.java:start(398)) - s3@group-CFDA0681CEAE: start with initializing state, conf=-1: peers:[]|listeners:[], old=null
2023-12-13 16:20:52,402 [s3-groupManagement] INFO  server.RaftServer$Division (RaftServerImpl.java:setRole(379)) - s3@group-CFDA0681CEAE: changes role from      null to FOLLOWER at term 0 for startInitializing
2023-12-13 16:20:52,402 [s3-groupManagement] INFO  util.JmxRegister (JmxRegister.java:tryRegister(44)) - Successfully registered JMX Bean with object name Ratis:service=RaftServer,group=group-CFDA0681CEAE,id=s3
2023-12-13 16:20:52,402 [s3-groupManagement] INFO  server.RaftServerConfigKeys (ConfUtils.java:logGet(46)) - raft.server.snapshot.trigger-when-stop.enabled = true (default)
2023-12-13 16:20:52,402 [s3-groupManagement] INFO  server.RaftServerConfigKeys (ConfUtils.java:logGet(46)) - raft.server.snapshot.auto.trigger.enabled = false (default)
2023-12-13 16:20:52,402 [s3-groupManagement] INFO  server.RaftServerConfigKeys (ConfUtils.java:logGet(46)) - raft.server.snapshot.retention.file.num = -1 (default)
2023-12-13 16:20:52,402 [s3-groupManagement] INFO  server.RaftServerConfigKeys (ConfUtils.java:logGet(46)) - raft.server.log.purge.upto.snapshot.index = false (default)
2023-12-13 16:20:52,404 [Time-limited test] INFO  impl.GroupManagementBaseTest (GroupManagementBaseTest.java:runMultiGroupTest(322)) - 2) groupAdd: printing group-9E2683D2E7FA
2023-12-13 16:20:52,405 [Time-limited test] DEBUG client.RaftClient (ConfUtils.java:logGet(46)) - raft.rpc.type = GRPC (default)
2023-12-13 16:20:52,408 [grpc-default-executor-3] INFO  server.RaftServer (RaftServerProxy.java:addNew(100)) - s4: addNew group-CFDA0681CEAE:[] returns group-CFDA0681CEAE:java.util.concurrent.CompletableFuture@298c8c38[Not completed]
2023-12-13 16:20:52,408 [s4-groupManagement] INFO  server.RaftServer$Division (RaftServerImpl.java:<init>(256)) - s4: new RaftServerImpl for group-CFDA0681CEAE:[] with BaseStateMachine:uninitialized
2023-12-13 16:20:52,408 [s4-groupManagement] INFO  server.RaftServerConfigKeys (ConfUtils.java:logGet(46)) - raft.server.rpc.timeout.min = 1500ms (custom)
2023-12-13 16:20:52,408 [s4-groupManagement] INFO  server.RaftServerConfigKeys (ConfUtils.java:logGet(46)) - raft.server.rpc.timeout.max = 2000ms (custom)
2023-12-13 16:20:52,408 [s4-groupManagement] INFO  server.RaftServerConfigKeys (ConfUtils.java:logGet(46)) - raft.server.rpc.sleep.time = 25ms (default)
2023-12-13 16:20:52,408 [s4-groupManagement] INFO  server.RaftServerConfigKeys (ConfUtils.java:logGet(46)) - raft.server.rpc.slowness.timeout = 60s (default)
2023-12-13 16:20:52,408 [s4-groupManagement] INFO  server.RaftServerConfigKeys (ConfUtils.java:logGet(46)) - raft.server.leaderelection.leader.step-down.wait-time = 10s (default)
2023-12-13 16:20:52,408 [s4-groupManagement] INFO  server.RaftServerConfigKeys (ConfUtils.java:logGet(46)) - raft.server.leaderelection.member.majority-add = false (default)
2023-12-13 16:20:52,408 [s4-groupManagement] INFO  server.RaftServerConfigKeys (ConfUtils.java:logGet(46)) - raft.server.sleep.deviation.threshold = 300ms (default)
2023-12-13 16:20:52,408 [s4-groupManagement] INFO  server.RaftServer$Division (ServerState.java:<init>(113)) - s4@group-CFDA0681CEAE: ConfigurationManager, init=-1: peers:[]|listeners:[], old=null, confs=<EMPTY_MAP>
2023-12-13 16:20:52,408 [s4-groupManagement] INFO  server.RaftServerConfigKeys (ConfUtils.java:logGet(46)) - raft.server.notification.no-leader.timeout = 60s (default)
2023-12-13 16:20:52,408 [s4-groupManagement] INFO  server.RaftServerConfigKeys (ConfUtils.java:logGet(46)) - raft.server.read.timeout = 10s (default)
2023-12-13 16:20:52,408 [s4-groupManagement] INFO  server.RaftServerConfigKeys (ConfUtils.java:logGet(46)) - raft.server.retrycache.expirytime = 60s (default)
2023-12-13 16:20:52,408 [s4-groupManagement] INFO  server.RaftServerConfigKeys (ConfUtils.java:logGet(46)) - raft.server.retrycache.statistics.expirytime = 100ms (default)
2023-12-13 16:20:52,408 [s4-groupManagement] INFO  server.RaftServerConfigKeys (ConfUtils.java:logGet(46)) - raft.server.read.option = DEFAULT (default)
2023-12-13 16:20:52,409 [s4-groupManagement] INFO  server.RaftServerConfigKeys (ConfUtils.java:logGet(46)) - raft.server.read.read-after-write-consistent.write-index-cache.expiry-time = 60s (default)
2023-12-13 16:20:52,409 [s4-groupManagement] INFO  server.RaftServerConfigKeys (ConfUtils.java:logGet(46)) - raft.server.rpc.request.timeout = 3000ms (default)
2023-12-13 16:20:52,409 [s4-groupManagement] INFO  server.RaftServerConfigKeys (ConfUtils.java:logGet(46)) - raft.server.log.appender.install.snapshot.enabled = true (default)
2023-12-13 16:20:52,409 [s4-groupManagement] INFO  server.RaftServerConfigKeys (ConfUtils.java:logGet(46)) - raft.server.threadpool.server.cached = true (default)
2023-12-13 16:20:52,409 [s4-groupManagement] INFO  server.RaftServerConfigKeys (ConfUtils.java:logGet(46)) - raft.server.threadpool.server.size = 0 (default)
2023-12-13 16:20:52,409 [s4-groupManagement] INFO  server.RaftServerConfigKeys (ConfUtils.java:logGet(46)) - raft.server.threadpool.client.cached = true (default)
2023-12-13 16:20:52,410 [s4-groupManagement] INFO  server.RaftServerConfigKeys (ConfUtils.java:logGet(46)) - raft.server.threadpool.client.size = 0 (default)
2023-12-13 16:20:52,410 [s4-groupManagement] DEBUG server.RaftServer (RaftServerProxy.java:lambda$groupAddAsync$13(507)) - s4: newImpl =      null s4@group-CFDA0681CEAE:t0, leader=null, voted=null, raftlog=UNINITIALIZED, conf=-1: peers:[]|listeners:[], old=null NEW
2023-12-13 16:20:52,410 [s4-groupManagement] INFO  server.RaftServerConfigKeys (ConfUtils.java:logGet(46)) - raft.server.storage.free-space.min = 0MB (=0) (default)
2023-12-13 16:20:52,410 [s4-groupManagement] INFO  server.RaftServerConfigKeys (ConfUtils.java:logGet(46)) - raft.server.log.corruption.policy = EXCEPTION (default)
2023-12-13 16:20:52,410 [s4-groupManagement] INFO  server.RaftServerConfigKeys (ConfUtils.java:logGet(46)) - raft.server.storage.dir = [/home/runner/work/ratis/ratis/ratis-test/target/test/data/1e4ee837/MiniRaftClusterWithGrpc1406e638/s4] (custom)
2023-12-13 16:20:52,410 [s4-groupManagement] INFO  storage.RaftStorageDirectory (RaftStorageDirectoryImpl.java:analyzeStorage(138)) - The storage directory /home/runner/work/ratis/ratis/ratis-test/target/test/data/1e4ee837/MiniRaftClusterWithGrpc1406e638/s4/8a28c877-968c-496e-8770-cfda0681ceae does not exist. Creating ...
2023-12-13 16:20:52,410 [s4-groupManagement] TRACE util.FileUtils (LogUtils.java:runAndLog(49)) - Successfully ran Files.createDirectories /home/runner/work/ratis/ratis/ratis-test/target/test/data/1e4ee837/MiniRaftClusterWithGrpc1406e638/s4/8a28c877-968c-496e-8770-cfda0681ceae
2023-12-13 16:20:52,411 [s4-groupManagement] INFO  storage.RaftStorageDirectory (RaftStorageDirectoryImpl.java:tryLock(228)) - Lock on /home/runner/work/ratis/ratis/ratis-test/target/test/data/1e4ee837/MiniRaftClusterWithGrpc1406e638/s4/8a28c877-968c-496e-8770-cfda0681ceae/in_use.lock acquired by nodename 10819@fv-az890-872
2023-12-13 16:20:52,411 [s4-groupManagement] TRACE util.FileUtils (LogUtils.java:runAndLog(49)) - Successfully ran Files.createDirectories /home/runner/work/ratis/ratis/ratis-test/target/test/data/1e4ee837/MiniRaftClusterWithGrpc1406e638/s4/8a28c877-968c-496e-8770-cfda0681ceae/current
2023-12-13 16:20:52,411 [s4-groupManagement] TRACE util.FileUtils (LogUtils.java:runAndLog(49)) - Successfully ran Files.createDirectories /home/runner/work/ratis/ratis/ratis-test/target/test/data/1e4ee837/MiniRaftClusterWithGrpc1406e638/s4/8a28c877-968c-496e-8770-cfda0681ceae/sm
2023-12-13 16:20:52,411 [s4-groupManagement] TRACE util.FileUtils (LogUtils.java:supplyAndLog(69)) - Successfully supplied FileChannel.open /home/runner/work/ratis/ratis/ratis-test/target/test/data/1e4ee837/MiniRaftClusterWithGrpc1406e638/s4/8a28c877-968c-496e-8770-cfda0681ceae/current/raft-meta.tmp with options [CREATE, WRITE]: sun.nio.ch.FileChannelImpl@78b602cc
2023-12-13 16:20:52,412 [s4-groupManagement] TRACE util.FileUtils (LogUtils.java:runAndLog(49)) - Successfully ran Atomic Files.move /home/runner/work/ratis/ratis/ratis-test/target/test/data/1e4ee837/MiniRaftClusterWithGrpc1406e638/s4/8a28c877-968c-496e-8770-cfda0681ceae/current/raft-meta.tmp to /home/runner/work/ratis/ratis/ratis-test/target/test/data/1e4ee837/MiniRaftClusterWithGrpc1406e638/s4/8a28c877-968c-496e-8770-cfda0681ceae/current/raft-meta with options [REPLACE_EXISTING]
2023-12-13 16:20:52,412 [s4-groupManagement] INFO  storage.RaftStorage (RaftStorageImpl.java:format(99)) - Storage directory /home/runner/work/ratis/ratis/ratis-test/target/test/data/1e4ee837/MiniRaftClusterWithGrpc1406e638/s4/8a28c877-968c-496e-8770-cfda0681ceae has been successfully formatted.
2023-12-13 16:20:52,412 [s4-groupManagement] TRACE util.FileUtils (LogUtils.java:supplyAndLog(61)) - Failed to Files.newInputStream /home/runner/work/ratis/ratis/ratis-test/target/test/data/1e4ee837/MiniRaftClusterWithGrpc1406e638/s4/8a28c877-968c-496e-8770-cfda0681ceae/current/raft-meta.conf with options []
java.nio.file.NoSuchFileException: /home/runner/work/ratis/ratis/ratis-test/target/test/data/1e4ee837/MiniRaftClusterWithGrpc1406e638/s4/8a28c877-968c-496e-8770-cfda0681ceae/current/raft-meta.conf
	at java.base/sun.nio.fs.UnixException.translateToIOException(UnixException.java:92)
	at java.base/sun.nio.fs.UnixException.rethrowAsIOException(UnixException.java:111)
	at java.base/sun.nio.fs.UnixException.rethrowAsIOException(UnixException.java:116)
	at java.base/sun.nio.fs.UnixFileSystemProvider.newByteChannel(UnixFileSystemProvider.java:219)
	at java.base/java.nio.file.Files.newByteChannel(Files.java:371)
	at java.base/java.nio.file.Files.newByteChannel(Files.java:422)
	at java.base/java.nio.file.spi.FileSystemProvider.newInputStream(FileSystemProvider.java:420)
	at java.base/java.nio.file.Files.newInputStream(Files.java:156)
	at org.apache.ratis.util.FileUtils.lambda$newInputStream$2(FileUtils.java:73)
	at org.apache.ratis.util.LogUtils.supplyAndLog(LogUtils.java:58)
	at org.apache.ratis.util.FileUtils.newInputStream(FileUtils.java:72)
	at org.apache.ratis.util.FileUtils.newInputStream(FileUtils.java:68)
	at org.apache.ratis.server.storage.RaftStorageImpl.readRaftConfiguration(RaftStorageImpl.java:156)
	at org.apache.ratis.server.impl.ServerState.initialize(ServerState.java:141)
	at org.apache.ratis.server.impl.RaftServerImpl.start(RaftServerImpl.java:388)
	at org.apache.ratis.server.impl.RaftServerProxy.lambda$groupAddAsync$13(RaftServerProxy.java:509)
	at java.base/java.util.concurrent.CompletableFuture$UniApply.tryFire(CompletableFuture.java:642)
	at java.base/java.util.concurrent.CompletableFuture$Completion.run(CompletableFuture.java:478)
	at java.base/java.util.concurrent.ThreadPoolExecutor.runWorker(ThreadPoolExecutor.java:1128)
	at java.base/java.util.concurrent.ThreadPoolExecutor$Worker.run(ThreadPoolExecutor.java:628)
	at java.base/java.lang.Thread.run(Thread.java:829)
2023-12-13 16:20:52,412 [s4-groupManagement] INFO  server.RaftServerConfigKeys (ConfUtils.java:logGet(46)) - raft.server.log.use.memory = false (default)
2023-12-13 16:20:52,412 [s4-groupManagement] INFO  server.RaftServerConfigKeys (ConfUtils.java:logGet(46)) - raft.server.log.purge.gap = 1024 (default)
2023-12-13 16:20:52,412 [s4-groupManagement] INFO  server.RaftServerConfigKeys (ConfUtils.java:logGet(46)) - raft.server.log.appender.buffer.byte-limit = 4MB (=4194304) (default)
2023-12-13 16:20:52,412 [s4-groupManagement] INFO  server.RaftServerConfigKeys (ConfUtils.java:logGet(46)) - raft.server.log.statemachine.data.read.timeout = 1000ms (default)
2023-12-13 16:20:52,412 [s4-groupManagement] INFO  server.RaftServerConfigKeys (ConfUtils.java:logGet(46)) - raft.server.log.purge.preservation.log.num = 0 (default)
2023-12-13 16:20:52,413 [s4-groupManagement] INFO  server.RaftServerConfigKeys (ConfUtils.java:logGet(46)) - raft.server.log.segment.size.max = 32MB (=33554432) (default)
2023-12-13 16:20:52,413 [s4-groupManagement] INFO  server.RaftServerConfigKeys (ConfUtils.java:logGet(46)) - raft.server.log.segment.cache.num.max = 6 (default)
2023-12-13 16:20:52,413 [s4-groupManagement] INFO  server.RaftServerConfigKeys (ConfUtils.java:logGet(46)) - raft.server.log.segment.cache.size.max = 200MB (=209715200) (default)
2023-12-13 16:20:52,413 [s4-groupManagement] INFO  server.RaftServerConfigKeys (ConfUtils.java:logGet(46)) - raft.server.log.appender.buffer.byte-limit = 4MB (=4194304) (default)
2023-12-13 16:20:52,413 [s4-groupManagement] INFO  util.AwaitToRun (AwaitToRun.java:start(81)) - Thread[s4@group-CFDA0681CEAE-cacheEviction-AwaitToRun,5,main] started
2023-12-13 16:20:52,413 [s4-groupManagement] INFO  segmented.SegmentedRaftLogWorker (SegmentedRaftLogWorker.java:<init>(182)) - new s4@group-CFDA0681CEAE-SegmentedRaftLogWorker for RaftStorageImpl:Storage Directory /home/runner/work/ratis/ratis/ratis-test/target/test/data/1e4ee837/MiniRaftClusterWithGrpc1406e638/s4/8a28c877-968c-496e-8770-cfda0681ceae
2023-12-13 16:20:52,413 [s4-groupManagement] INFO  server.RaftServerConfigKeys (ConfUtils.java:logGet(46)) - raft.server.log.queue.byte-limit = 64MB (=67108864) (default)
2023-12-13 16:20:52,413 [s4-groupManagement] INFO  server.RaftServerConfigKeys (ConfUtils.java:logGet(46)) - raft.server.log.queue.element-limit = 4096 (default)
2023-12-13 16:20:52,413 [s4-groupManagement] INFO  server.RaftServerConfigKeys (ConfUtils.java:logGet(46)) - raft.server.log.segment.size.max = 32MB (=33554432) (default)
2023-12-13 16:20:52,414 [s4-groupManagement] INFO  server.RaftServerConfigKeys (ConfUtils.java:logGet(46)) - raft.server.log.preallocated.size = 4MB (=4194304) (default)
2023-12-13 16:20:52,414 [s4-groupManagement] INFO  server.RaftServerConfigKeys (ConfUtils.java:logGet(46)) - raft.server.log.force.sync.num = 128 (default)
2023-12-13 16:20:52,414 [s4-groupManagement] INFO  server.RaftServerConfigKeys (ConfUtils.java:logGet(46)) - raft.server.log.statemachine.data.sync = true (default)
2023-12-13 16:20:52,414 [s4-groupManagement] INFO  server.RaftServerConfigKeys (ConfUtils.java:logGet(46)) - raft.server.log.statemachine.data.sync.timeout = 10s (default)
2023-12-13 16:20:52,414 [s4-groupManagement] INFO  server.RaftServerConfigKeys (ConfUtils.java:logGet(46)) - raft.server.log.statemachine.data.sync.timeout.retry = -1 (default)
2023-12-13 16:20:52,414 [s4-groupManagement] INFO  server.RaftServerConfigKeys (ConfUtils.java:logGet(46)) - raft.server.log.write.buffer.size = 8MB (=8388608) (default)
2023-12-13 16:20:52,415 [s4-groupManagement] INFO  server.RaftServerConfigKeys (ConfUtils.java:logGet(46)) - raft.server.log.appender.buffer.byte-limit = 4MB (=4194304) (default)
2023-12-13 16:20:52,415 [s4-groupManagement] INFO  server.RaftServerConfigKeys (ConfUtils.java:logGet(46)) - raft.server.log.unsafe-flush.enabled = false (default)
2023-12-13 16:20:52,415 [s4-groupManagement] INFO  server.RaftServerConfigKeys (ConfUtils.java:logGet(46)) - raft.server.log.async-flush.enabled = false (default)
2023-12-13 16:20:52,415 [s4-groupManagement] INFO  server.RaftServerConfigKeys (ConfUtils.java:logGet(46)) - raft.server.log.statemachine.data.caching.enabled = false (default)
2023-12-13 16:20:52,415 [s4-groupManagement] INFO  segmented.SegmentedRaftLogWorker (SegmentedRaftLogWorker.java:lambda$new$0(134)) - s4@group-CFDA0681CEAE-SegmentedRaftLogWorker: flushIndex: setUnconditionally 0 -> -1
2023-12-13 16:20:52,415 [s4-groupManagement] INFO  segmented.SegmentedRaftLogWorker (SegmentedRaftLogWorker.java:lambda$new$0(134)) - s4@group-CFDA0681CEAE-SegmentedRaftLogWorker: safeCacheEvictIndex: setUnconditionally 0 -> -1
2023-12-13 16:20:52,416 [s4-groupManagement] INFO  server.RaftServer$Division (RaftServerImpl.java:start(398)) - s4@group-CFDA0681CEAE: start with initializing state, conf=-1: peers:[]|listeners:[], old=null
2023-12-13 16:20:52,416 [s4-groupManagement] INFO  server.RaftServer$Division (RaftServerImpl.java:setRole(379)) - s4@group-CFDA0681CEAE: changes role from      null to FOLLOWER at term 0 for startInitializing
2023-12-13 16:20:52,416 [s4-groupManagement] INFO  util.JmxRegister (JmxRegister.java:tryRegister(44)) - Successfully registered JMX Bean with object name Ratis:service=RaftServer,group=group-CFDA0681CEAE,id=s4
2023-12-13 16:20:52,416 [s4-groupManagement] INFO  server.RaftServerConfigKeys (ConfUtils.java:logGet(46)) - raft.server.snapshot.trigger-when-stop.enabled = true (default)
2023-12-13 16:20:52,416 [s4-groupManagement] INFO  server.RaftServerConfigKeys (ConfUtils.java:logGet(46)) - raft.server.snapshot.auto.trigger.enabled = false (default)
2023-12-13 16:20:52,416 [s4-groupManagement] INFO  server.RaftServerConfigKeys (ConfUtils.java:logGet(46)) - raft.server.snapshot.retention.file.num = -1 (default)
2023-12-13 16:20:52,416 [s4-groupManagement] INFO  server.RaftServerConfigKeys (ConfUtils.java:logGet(46)) - raft.server.log.purge.upto.snapshot.index = false (default)
2023-12-13 16:20:52,419 [Time-limited test] INFO  impl.GroupManagementBaseTest (GroupManagementBaseTest.java:runMultiGroupTest(330)) - 0) setConfiguration: printing group-CFDA0681CEAE
  s3:  RUNNING [
   FOLLOWER s3@group-7980D1787839:t0, leader=null, voted=, raftlog=Memoized:s3@group-7980D1787839-SegmentedRaftLog:OPENED:c-1, conf=-1: peers:[]|listeners:[], old=null STARTING
   FOLLOWER s3@group-CFDA0681CEAE:t0, leader=null, voted=, raftlog=Memoized:s3@group-CFDA0681CEAE-SegmentedRaftLog:OPENED:c-1, conf=-1: peers:[]|listeners:[], old=null STARTING] size=2
  s4:  RUNNING [
   FOLLOWER s4@group-7980D1787839:t0, leader=null, voted=, raftlog=Memoized:s4@group-7980D1787839-SegmentedRaftLog:OPENED:c-1, conf=-1: peers:[]|listeners:[], old=null STARTING
   FOLLOWER s4@group-CFDA0681CEAE:t0, leader=null, voted=, raftlog=Memoized:s4@group-CFDA0681CEAE-SegmentedRaftLog:OPENED:c-1, conf=-1: peers:[]|listeners:[], old=null STARTING] size=2
  s0:  RUNNING [
   FOLLOWER s0@group-7980D1787839:t0, leader=null, voted=, raftlog=Memoized:s0@group-7980D1787839-SegmentedRaftLog:OPENED:c-1, conf=-1: peers:[]|listeners:[], old=null STARTING
     LEADER s0@group-CFDA0681CEAE:t1, leader=s0, voted=s0, raftlog=Memoized:s0@group-CFDA0681CEAE-SegmentedRaftLog:OPENED:c0, conf=0: peers:[s0|0.0.0.0:43143, s1|0.0.0.0:38179, s2|0.0.0.0:41039]|listeners:[], old=null RUNNING] size=2
  s1:  RUNNING [
   FOLLOWER s1@group-7980D1787839:t0, leader=null, voted=, raftlog=Memoized:s1@group-7980D1787839-SegmentedRaftLog:OPENED:c-1, conf=-1: peers:[]|listeners:[], old=null STARTING
   FOLLOWER s1@group-CFDA0681CEAE:t1, leader=s0, voted=s0, raftlog=Memoized:s1@group-CFDA0681CEAE-SegmentedRaftLog:OPENED:c0, conf=0: peers:[s0|0.0.0.0:43143, s1|0.0.0.0:38179, s2|0.0.0.0:41039]|listeners:[], old=null RUNNING] size=2
  s2:  RUNNING [
   FOLLOWER s2@group-7980D1787839:t0, leader=null, voted=, raftlog=Memoized:s2@group-7980D1787839-SegmentedRaftLog:OPENED:c-1, conf=-1: peers:[]|listeners:[], old=null STARTING
   FOLLOWER s2@group-CFDA0681CEAE:t1, leader=s0, voted=s0, raftlog=Memoized:s2@group-CFDA0681CEAE-SegmentedRaftLog:OPENED:c0, conf=0: peers:[s0|0.0.0.0:43143, s1|0.0.0.0:38179, s2|0.0.0.0:41039]|listeners:[], old=null RUNNING] size=2
2023-12-13 16:20:52,419 [Time-limited test] DEBUG client.RaftClient (ConfUtils.java:logGet(46)) - raft.rpc.type = GRPC (default)
2023-12-13 16:20:52,428 [s0-server-thread1] INFO  server.RaftServer$Division (RaftServerImpl.java:setConfigurationAsync(1264)) - s0@group-CFDA0681CEAE: receive setConfiguration SetConfigurationRequest:client-238E134BB1C8->s0@group-CFDA0681CEAE, cid=17, seq=null, RW, null, SET_UNCONDITIONALLY, servers:[s3|0.0.0.0:35071, s4|0.0.0.0:35023, s0|0.0.0.0:43143, s1|0.0.0.0:38179, s2|0.0.0.0:41039], listeners:[]
2023-12-13 16:20:52,428 [s0-server-thread1] INFO  server.RaftServer$Division (LeaderStateImpl.java:startSetConfiguration(488)) - s0@group-CFDA0681CEAE-LeaderStateImpl: startSetConfiguration SetConfigurationRequest:client-238E134BB1C8->s0@group-CFDA0681CEAE, cid=17, seq=null, RW, null, SET_UNCONDITIONALLY, servers:[s3|0.0.0.0:35071, s4|0.0.0.0:35023, s0|0.0.0.0:43143, s1|0.0.0.0:38179, s2|0.0.0.0:41039], listeners:[]
2023-12-13 16:20:52,429 [s0-server-thread1] INFO  server.RaftServerConfigKeys (ConfUtils.java:logGet(46)) - raft.server.log.appender.snapshot.chunk.size.max = 16MB (=16777216) (default)
2023-12-13 16:20:52,430 [s0-server-thread1] INFO  server.RaftServerConfigKeys (ConfUtils.java:logGet(46)) - raft.server.log.appender.buffer.byte-limit = 4MB (=4194304) (default)
2023-12-13 16:20:52,430 [s0-server-thread1] INFO  server.RaftServerConfigKeys (ConfUtils.java:logGet(46)) - raft.server.log.appender.buffer.element-limit = 0 (default)
2023-12-13 16:20:52,430 [s0-server-thread1] INFO  server.RaftServerConfigKeys (ConfUtils.java:logGet(46)) - raft.server.log.appender.wait-time.min = 1ms (default)
2023-12-13 16:20:52,430 [s0-server-thread1] INFO  grpc.GrpcConfigKeys (ConfUtils.java:logGet(46)) - raft.grpc.server.leader.outstanding.appends.max = 8 (default)
2023-12-13 16:20:52,430 [s0-server-thread1] INFO  server.RaftServerConfigKeys (ConfUtils.java:logGet(46)) - raft.server.rpc.request.timeout = 3000ms (default)
2023-12-13 16:20:52,430 [s0-server-thread1] INFO  grpc.GrpcConfigKeys (ConfUtils.java:logGet(46)) - raft.grpc.server.install_snapshot.request.element-limit = 8 (default)
2023-12-13 16:20:52,430 [s0-server-thread1] INFO  grpc.GrpcConfigKeys (ConfUtils.java:logGet(46)) - raft.grpc.server.install_snapshot.request.timeout = 3000ms (default)
2023-12-13 16:20:52,430 [s0-server-thread1] INFO  server.RaftServerConfigKeys (ConfUtils.java:logGet(46)) - raft.server.log.appender.install.snapshot.enabled = true (default)
2023-12-13 16:20:52,430 [s0-server-thread1] INFO  grpc.GrpcConfigKeys (ConfUtils.java:logGet(46)) - raft.grpc.server.heartbeat.channel = true (default)
2023-12-13 16:20:52,430 [s0-server-thread1] INFO  server.RaftServerConfigKeys (ConfUtils.java:logGet(46)) - raft.server.log.appender.snapshot.chunk.size.max = 16MB (=16777216) (default)
2023-12-13 16:20:52,430 [s0-server-thread1] INFO  server.RaftServerConfigKeys (ConfUtils.java:logGet(46)) - raft.server.log.appender.buffer.byte-limit = 4MB (=4194304) (default)
2023-12-13 16:20:52,430 [s0-server-thread1] INFO  server.RaftServerConfigKeys (ConfUtils.java:logGet(46)) - raft.server.log.appender.buffer.element-limit = 0 (default)
2023-12-13 16:20:52,430 [s0-server-thread1] INFO  server.RaftServerConfigKeys (ConfUtils.java:logGet(46)) - raft.server.log.appender.wait-time.min = 1ms (default)
2023-12-13 16:20:52,430 [s0-server-thread1] INFO  grpc.GrpcConfigKeys (ConfUtils.java:logGet(46)) - raft.grpc.server.leader.outstanding.appends.max = 8 (default)
2023-12-13 16:20:52,430 [s0-server-thread1] INFO  server.RaftServerConfigKeys (ConfUtils.java:logGet(46)) - raft.server.rpc.request.timeout = 3000ms (default)
2023-12-13 16:20:52,430 [s0-server-thread1] INFO  grpc.GrpcConfigKeys (ConfUtils.java:logGet(46)) - raft.grpc.server.install_snapshot.request.element-limit = 8 (default)
2023-12-13 16:20:52,430 [s0-server-thread1] INFO  grpc.GrpcConfigKeys (ConfUtils.java:logGet(46)) - raft.grpc.server.install_snapshot.request.timeout = 3000ms (default)
2023-12-13 16:20:52,430 [s0-server-thread1] INFO  server.RaftServerConfigKeys (ConfUtils.java:logGet(46)) - raft.server.log.appender.install.snapshot.enabled = true (default)
2023-12-13 16:20:52,430 [s0-server-thread1] INFO  grpc.GrpcConfigKeys (ConfUtils.java:logGet(46)) - raft.grpc.server.heartbeat.channel = true (default)
2023-12-13 16:20:52,431 [s0@group-CFDA0681CEAE->s3-GrpcLogAppender-LogAppenderDaemon] INFO  leader.FollowerInfo (FollowerInfoImpl.java:setAttemptedToInstallSnapshot(154)) - Follower s0@group-CFDA0681CEAE->s3 acknowledged installing snapshot
2023-12-13 16:20:52,431 [s0@group-CFDA0681CEAE->s4-GrpcLogAppender-LogAppenderDaemon] INFO  leader.FollowerInfo (FollowerInfoImpl.java:setAttemptedToInstallSnapshot(154)) - Follower s0@group-CFDA0681CEAE->s4 acknowledged installing snapshot
2023-12-13 16:20:52,431 [s0@group-CFDA0681CEAE->s4-GrpcLogAppender-LogAppenderDaemon] INFO  server.GrpcServerProtocolClient (GrpcServerProtocolClient.java:<init>(65)) - Build channel for s4
2023-12-13 16:20:52,431 [s0@group-CFDA0681CEAE->s3-GrpcLogAppender-LogAppenderDaemon] INFO  server.GrpcServerProtocolClient (GrpcServerProtocolClient.java:<init>(65)) - Build channel for s3
2023-12-13 16:20:52,438 [s4-server-thread1] TRACE util.FileUtils (LogUtils.java:supplyAndLog(69)) - Successfully supplied FileChannel.open /home/runner/work/ratis/ratis/ratis-test/target/test/data/1e4ee837/MiniRaftClusterWithGrpc1406e638/s4/8a28c877-968c-496e-8770-cfda0681ceae/current/raft-meta.tmp with options [CREATE, WRITE]: sun.nio.ch.FileChannelImpl@1f9f1551
2023-12-13 16:20:52,438 [s3-server-thread1] TRACE util.FileUtils (LogUtils.java:supplyAndLog(69)) - Successfully supplied FileChannel.open /home/runner/work/ratis/ratis/ratis-test/target/test/data/1e4ee837/MiniRaftClusterWithGrpc1406e638/s3/8a28c877-968c-496e-8770-cfda0681ceae/current/raft-meta.tmp with options [CREATE, WRITE]: sun.nio.ch.FileChannelImpl@74d8e055
2023-12-13 16:20:52,440 [s4-server-thread2] DEBUG server.RaftServer$Division (RaftServerImpl.java:logAppendEntries(1504)) - s4@group-CFDA0681CEAE: receive appendEntries(s0, 1, null, 0, true, commits:[s0:c0, s1:c0, s2:c0, s3:c-1, s4:c-1], cId:1, entries: [(t:1, i:0), CONFIGURATIONENTRY(current:id: "s0"
address: "0.0.0.0:43143"
clientAddress: "0.0.0.0:43143"
adminAddress: "0.0.0.0:43143"
startupRole: FOLLOWER
,id: "s1"
address: "0.0.0.0:38179"
clientAddress: "0.0.0.0:38179"
adminAddress: "0.0.0.0:38179"
startupRole: FOLLOWER
,id: "s2"
address: "0.0.0.0:41039"
clientAddress: "0.0.0.0:41039"
adminAddress: "0.0.0.0:41039"
startupRole: FOLLOWER
, old:)]
2023-12-13 16:20:52,441 [s3-server-thread2] DEBUG server.RaftServer$Division (RaftServerImpl.java:logAppendEntries(1504)) - s3@group-CFDA0681CEAE: receive appendEntries(s0, 1, null, 0, true, commits:[s0:c0, s1:c0, s2:c0, s3:c-1, s4:c-1], cId:1, entries: [(t:1, i:0), CONFIGURATIONENTRY(current:id: "s0"
address: "0.0.0.0:43143"
clientAddress: "0.0.0.0:43143"
adminAddress: "0.0.0.0:43143"
startupRole: FOLLOWER
,id: "s1"
address: "0.0.0.0:38179"
clientAddress: "0.0.0.0:38179"
adminAddress: "0.0.0.0:38179"
startupRole: FOLLOWER
,id: "s2"
address: "0.0.0.0:41039"
clientAddress: "0.0.0.0:41039"
adminAddress: "0.0.0.0:41039"
startupRole: FOLLOWER
, old:)]
2023-12-13 16:20:52,442 [s3-server-thread1] TRACE util.FileUtils (LogUtils.java:runAndLog(49)) - Successfully ran Atomic Files.move /home/runner/work/ratis/ratis/ratis-test/target/test/data/1e4ee837/MiniRaftClusterWithGrpc1406e638/s3/8a28c877-968c-496e-8770-cfda0681ceae/current/raft-meta.tmp to /home/runner/work/ratis/ratis/ratis-test/target/test/data/1e4ee837/MiniRaftClusterWithGrpc1406e638/s3/8a28c877-968c-496e-8770-cfda0681ceae/current/raft-meta with options [REPLACE_EXISTING]
2023-12-13 16:20:52,442 [s3-server-thread1] INFO  server.RaftServer$Division (RaftServerImpl.java:setFirstElection(564)) - s3@group-CFDA0681CEAE: set firstElectionSinceStartup to false for appendEntries
2023-12-13 16:20:52,442 [s3-server-thread1] INFO  server.RaftServer$Division (ServerState.java:setLeader(265)) - s3@group-CFDA0681CEAE: change Leader from null to s0 at term 1 for appendEntries, leader elected after 48ms
2023-12-13 16:20:52,442 [s4-server-thread1] TRACE util.FileUtils (LogUtils.java:runAndLog(49)) - Successfully ran Atomic Files.move /home/runner/work/ratis/ratis/ratis-test/target/test/data/1e4ee837/MiniRaftClusterWithGrpc1406e638/s4/8a28c877-968c-496e-8770-cfda0681ceae/current/raft-meta.tmp to /home/runner/work/ratis/ratis/ratis-test/target/test/data/1e4ee837/MiniRaftClusterWithGrpc1406e638/s4/8a28c877-968c-496e-8770-cfda0681ceae/current/raft-meta with options [REPLACE_EXISTING]
2023-12-13 16:20:52,442 [s4-server-thread1] INFO  server.RaftServer$Division (RaftServerImpl.java:setFirstElection(564)) - s4@group-CFDA0681CEAE: set firstElectionSinceStartup to false for appendEntries
2023-12-13 16:20:52,442 [s4-server-thread1] INFO  server.RaftServer$Division (ServerState.java:setLeader(265)) - s4@group-CFDA0681CEAE: change Leader from null to s0 at term 1 for appendEntries, leader elected after 33ms
2023-12-13 16:20:52,445 [s4-server-thread2] INFO  server.RaftServer$Division (ServerState.java:setRaftConf(382)) - s4@group-CFDA0681CEAE: set configuration 0: peers:[s0|0.0.0.0:43143, s1|0.0.0.0:38179, s2|0.0.0.0:41039]|listeners:[], old=null
2023-12-13 16:20:52,445 [s4-server-thread2] INFO  segmented.SegmentedRaftLogWorker (SegmentedRaftLogWorker.java:startLogSegment(430)) - s4@group-CFDA0681CEAE-SegmentedRaftLogWorker: Starting segment from index:0
2023-12-13 16:20:52,445 [s4@group-CFDA0681CEAE-SegmentedRaftLogWorker] INFO  segmented.BufferedWriteChannel (BufferedWriteChannel.java:open(62)) - open log_inprogress_0 at position 0
2023-12-13 16:20:52,449 [s3-server-thread2] INFO  server.RaftServer$Division (ServerState.java:setRaftConf(382)) - s3@group-CFDA0681CEAE: set configuration 0: peers:[s0|0.0.0.0:43143, s1|0.0.0.0:38179, s2|0.0.0.0:41039]|listeners:[], old=null
2023-12-13 16:20:52,449 [s3-server-thread2] INFO  segmented.SegmentedRaftLogWorker (SegmentedRaftLogWorker.java:startLogSegment(430)) - s3@group-CFDA0681CEAE-SegmentedRaftLogWorker: Starting segment from index:0
2023-12-13 16:20:52,450 [s3@group-CFDA0681CEAE-SegmentedRaftLogWorker] INFO  segmented.BufferedWriteChannel (BufferedWriteChannel.java:open(62)) - open log_inprogress_0 at position 0
2023-12-13 16:20:52,456 [s4@group-CFDA0681CEAE-SegmentedRaftLogWorker] INFO  segmented.SegmentedRaftLogWorker (SegmentedRaftLogWorker.java:execute(634)) - s4@group-CFDA0681CEAE-SegmentedRaftLogWorker: created new log segment /home/runner/work/ratis/ratis/ratis-test/target/test/data/1e4ee837/MiniRaftClusterWithGrpc1406e638/s4/8a28c877-968c-496e-8770-cfda0681ceae/current/log_inprogress_0
2023-12-13 16:20:52,456 [s3@group-CFDA0681CEAE-SegmentedRaftLogWorker] INFO  segmented.SegmentedRaftLogWorker (SegmentedRaftLogWorker.java:execute(634)) - s3@group-CFDA0681CEAE-SegmentedRaftLogWorker: created new log segment /home/runner/work/ratis/ratis/ratis-test/target/test/data/1e4ee837/MiniRaftClusterWithGrpc1406e638/s3/8a28c877-968c-496e-8770-cfda0681ceae/current/log_inprogress_0
2023-12-13 16:20:52,456 [s4-server-thread3] DEBUG server.RaftServer$Division (RaftServerImpl.java:logAppendEntries(1504)) - s4@group-CFDA0681CEAE: succeeded to handle AppendEntries. Reply: s0<-s4#1:OK-t1,SUCCESS,nextIndex=1,followerCommit=0,matchIndex=0
2023-12-13 16:20:52,457 [s4@group-CFDA0681CEAE-StateMachineUpdater] TRACE util.FileUtils (LogUtils.java:supplyAndLog(69)) - Successfully supplied FileChannel.open /home/runner/work/ratis/ratis/ratis-test/target/test/data/1e4ee837/MiniRaftClusterWithGrpc1406e638/s4/8a28c877-968c-496e-8770-cfda0681ceae/current/raft-meta.conf.tmp with options [CREATE, WRITE]: sun.nio.ch.FileChannelImpl@7e33f3c3
2023-12-13 16:20:52,457 [s3-server-thread3] DEBUG server.RaftServer$Division (RaftServerImpl.java:logAppendEntries(1504)) - s3@group-CFDA0681CEAE: succeeded to handle AppendEntries. Reply: s0<-s3#1:OK-t1,SUCCESS,nextIndex=1,followerCommit=0,matchIndex=0
2023-12-13 16:20:52,457 [s3@group-CFDA0681CEAE-StateMachineUpdater] TRACE util.FileUtils (LogUtils.java:supplyAndLog(69)) - Successfully supplied FileChannel.open /home/runner/work/ratis/ratis/ratis-test/target/test/data/1e4ee837/MiniRaftClusterWithGrpc1406e638/s3/8a28c877-968c-496e-8770-cfda0681ceae/current/raft-meta.conf.tmp with options [CREATE, WRITE]: sun.nio.ch.FileChannelImpl@6b069fda
2023-12-13 16:20:52,458 [s4@group-CFDA0681CEAE-StateMachineUpdater] TRACE util.FileUtils (LogUtils.java:runAndLog(49)) - Successfully ran Atomic Files.move /home/runner/work/ratis/ratis/ratis-test/target/test/data/1e4ee837/MiniRaftClusterWithGrpc1406e638/s4/8a28c877-968c-496e-8770-cfda0681ceae/current/raft-meta.conf.tmp to /home/runner/work/ratis/ratis/ratis-test/target/test/data/1e4ee837/MiniRaftClusterWithGrpc1406e638/s4/8a28c877-968c-496e-8770-cfda0681ceae/current/raft-meta.conf with options [REPLACE_EXISTING]
2023-12-13 16:20:52,459 [s3@group-CFDA0681CEAE-StateMachineUpdater] TRACE util.FileUtils (LogUtils.java:runAndLog(49)) - Successfully ran Atomic Files.move /home/runner/work/ratis/ratis/ratis-test/target/test/data/1e4ee837/MiniRaftClusterWithGrpc1406e638/s3/8a28c877-968c-496e-8770-cfda0681ceae/current/raft-meta.conf.tmp to /home/runner/work/ratis/ratis/ratis-test/target/test/data/1e4ee837/MiniRaftClusterWithGrpc1406e638/s3/8a28c877-968c-496e-8770-cfda0681ceae/current/raft-meta.conf with options [REPLACE_EXISTING]
2023-12-13 16:20:52,460 [s0@group-CFDA0681CEAE-LeaderStateImpl] INFO  server.RaftServer$Division (ServerState.java:setRaftConf(382)) - s0@group-CFDA0681CEAE: set configuration 1: peers:[s3|0.0.0.0:35071, s4|0.0.0.0:35023, s0|0.0.0.0:43143, s1|0.0.0.0:38179, s2|0.0.0.0:41039]|listeners:[], old=peers:[s0|0.0.0.0:43143, s1|0.0.0.0:38179, s2|0.0.0.0:41039]|listeners:[]
2023-12-13 16:20:52,462 [s4-server-thread2] DEBUG server.RaftServer$Division (RaftServerImpl.java:logAppendEntries(1504)) - s4@group-CFDA0681CEAE: receive appendEntries(s0, 1, (t:1, i:0), 0, true, commits:[s0:c0, s1:c0, s2:c0, s3:c0, s4:c-1], cId:4, entries: [(t:1, i:1), CONFIGURATIONENTRY(current:id: "s3"
address: "0.0.0.0:35071"
clientAddress: "0.0.0.0:35071"
adminAddress: "0.0.0.0:35071"
startupRole: FOLLOWER
,id: "s4"
address: "0.0.0.0:35023"
clientAddress: "0.0.0.0:35023"
adminAddress: "0.0.0.0:35023"
startupRole: FOLLOWER
,id: "s0"
address: "0.0.0.0:43143"
clientAddress: "0.0.0.0:43143"
adminAddress: "0.0.0.0:43143"
startupRole: FOLLOWER
,id: "s1"
address: "0.0.0.0:38179"
clientAddress: "0.0.0.0:38179"
adminAddress: "0.0.0.0:38179"
startupRole: FOLLOWER
,id: "s2"
address: "0.0.0.0:41039"
clientAddress: "0.0.0.0:41039"
adminAddress: "0.0.0.0:41039"
startupRole: FOLLOWER
, old:id: "s0"
address: "0.0.0.0:43143"
clientAddress: "0.0.0.0:43143"
adminAddress: "0.0.0.0:43143"
startupRole: FOLLOWER
,id: "s1"
address: "0.0.0.0:38179"
clientAddress: "0.0.0.0:38179"
adminAddress: "0.0.0.0:38179"
startupRole: FOLLOWER
,id: "s2"
address: "0.0.0.0:41039"
clientAddress: "0.0.0.0:41039"
adminAddress: "0.0.0.0:41039"
startupRole: FOLLOWER
)]
2023-12-13 16:20:52,462 [s4-server-thread2] INFO  server.RaftServer$Division (ServerState.java:setRaftConf(382)) - s4@group-CFDA0681CEAE: set configuration 1: peers:[s3|0.0.0.0:35071, s4|0.0.0.0:35023, s0|0.0.0.0:43143, s1|0.0.0.0:38179, s2|0.0.0.0:41039]|listeners:[], old=peers:[s0|0.0.0.0:43143, s1|0.0.0.0:38179, s2|0.0.0.0:41039]|listeners:[]
2023-12-13 16:20:52,463 [s1-server-thread1] DEBUG server.RaftServer$Division (RaftServerImpl.java:logAppendEntries(1504)) - s1@group-CFDA0681CEAE: receive appendEntries(s0, 1, (t:1, i:0), 0, false, commits:[s0:c0, s1:c0, s2:c0, s3:c0, s4:c-1], cId:17, entries: [(t:1, i:1), CONFIGURATIONENTRY(current:id: "s3"
address: "0.0.0.0:35071"
clientAddress: "0.0.0.0:35071"
adminAddress: "0.0.0.0:35071"
startupRole: FOLLOWER
,id: "s4"
address: "0.0.0.0:35023"
clientAddress: "0.0.0.0:35023"
adminAddress: "0.0.0.0:35023"
startupRole: FOLLOWER
,id: "s0"
address: "0.0.0.0:43143"
clientAddress: "0.0.0.0:43143"
adminAddress: "0.0.0.0:43143"
startupRole: FOLLOWER
,id: "s1"
address: "0.0.0.0:38179"
clientAddress: "0.0.0.0:38179"
adminAddress: "0.0.0.0:38179"
startupRole: FOLLOWER
,id: "s2"
address: "0.0.0.0:41039"
clientAddress: "0.0.0.0:41039"
adminAddress: "0.0.0.0:41039"
startupRole: FOLLOWER
, old:id: "s0"
address: "0.0.0.0:43143"
clientAddress: "0.0.0.0:43143"
adminAddress: "0.0.0.0:43143"
startupRole: FOLLOWER
,id: "s1"
address: "0.0.0.0:38179"
clientAddress: "0.0.0.0:38179"
adminAddress: "0.0.0.0:38179"
startupRole: FOLLOWER
,id: "s2"
address: "0.0.0.0:41039"
clientAddress: "0.0.0.0:41039"
adminAddress: "0.0.0.0:41039"
startupRole: FOLLOWER
)]
2023-12-13 16:20:52,463 [s1-server-thread1] INFO  server.RaftServer$Division (ServerState.java:setRaftConf(382)) - s1@group-CFDA0681CEAE: set configuration 1: peers:[s3|0.0.0.0:35071, s4|0.0.0.0:35023, s0|0.0.0.0:43143, s1|0.0.0.0:38179, s2|0.0.0.0:41039]|listeners:[], old=peers:[s0|0.0.0.0:43143, s1|0.0.0.0:38179, s2|0.0.0.0:41039]|listeners:[]
2023-12-13 16:20:52,464 [s4-server-thread2] DEBUG server.RaftServer$Division (RaftServerImpl.java:logAppendEntries(1504)) - s4@group-CFDA0681CEAE: succeeded to handle AppendEntries. Reply: s0<-s4#4:OK-t1,SUCCESS,nextIndex=2,followerCommit=0,matchIndex=1
2023-12-13 16:20:52,464 [s1-server-thread1] DEBUG server.RaftServer$Division (RaftServerImpl.java:logAppendEntries(1504)) - s1@group-CFDA0681CEAE: succeeded to handle AppendEntries. Reply: s0<-s1#17:OK-t1,SUCCESS,nextIndex=2,followerCommit=0,matchIndex=1
2023-12-13 16:20:52,464 [s2-server-thread1] DEBUG server.RaftServer$Division (RaftServerImpl.java:logAppendEntries(1504)) - s2@group-CFDA0681CEAE: receive appendEntries(s0, 1, (t:1, i:0), 0, false, commits:[s0:c0, s1:c0, s2:c0, s3:c0, s4:c-1], cId:15, entries: [(t:1, i:1), CONFIGURATIONENTRY(current:id: "s3"
address: "0.0.0.0:35071"
clientAddress: "0.0.0.0:35071"
adminAddress: "0.0.0.0:35071"
startupRole: FOLLOWER
,id: "s4"
address: "0.0.0.0:35023"
clientAddress: "0.0.0.0:35023"
adminAddress: "0.0.0.0:35023"
startupRole: FOLLOWER
,id: "s0"
address: "0.0.0.0:43143"
clientAddress: "0.0.0.0:43143"
adminAddress: "0.0.0.0:43143"
startupRole: FOLLOWER
,id: "s1"
address: "0.0.0.0:38179"
clientAddress: "0.0.0.0:38179"
adminAddress: "0.0.0.0:38179"
startupRole: FOLLOWER
,id: "s2"
address: "0.0.0.0:41039"
clientAddress: "0.0.0.0:41039"
adminAddress: "0.0.0.0:41039"
startupRole: FOLLOWER
, old:id: "s0"
address: "0.0.0.0:43143"
clientAddress: "0.0.0.0:43143"
adminAddress: "0.0.0.0:43143"
startupRole: FOLLOWER
,id: "s1"
address: "0.0.0.0:38179"
clientAddress: "0.0.0.0:38179"
adminAddress: "0.0.0.0:38179"
startupRole: FOLLOWER
,id: "s2"
address: "0.0.0.0:41039"
clientAddress: "0.0.0.0:41039"
adminAddress: "0.0.0.0:41039"
startupRole: FOLLOWER
)]
2023-12-13 16:20:52,464 [s2-server-thread1] INFO  server.RaftServer$Division (ServerState.java:setRaftConf(382)) - s2@group-CFDA0681CEAE: set configuration 1: peers:[s3|0.0.0.0:35071, s4|0.0.0.0:35023, s0|0.0.0.0:43143, s1|0.0.0.0:38179, s2|0.0.0.0:41039]|listeners:[], old=peers:[s0|0.0.0.0:43143, s1|0.0.0.0:38179, s2|0.0.0.0:41039]|listeners:[]
2023-12-13 16:20:52,465 [s2-server-thread1] DEBUG server.RaftServer$Division (RaftServerImpl.java:logAppendEntries(1504)) - s2@group-CFDA0681CEAE: succeeded to handle AppendEntries. Reply: s0<-s2#15:OK-t1,SUCCESS,nextIndex=2,followerCommit=0,matchIndex=1
2023-12-13 16:20:52,469 [s3-server-thread3] DEBUG server.RaftServer$Division (RaftServerImpl.java:logAppendEntries(1504)) - s3@group-CFDA0681CEAE: receive appendEntries(s0, 1, (t:1, i:0), 0, false, commits:[s0:c0, s1:c0, s2:c0, s3:c0, s4:c-1], cId:3, entries: [(t:1, i:1), CONFIGURATIONENTRY(current:id: "s3"
address: "0.0.0.0:35071"
clientAddress: "0.0.0.0:35071"
adminAddress: "0.0.0.0:35071"
startupRole: FOLLOWER
,id: "s4"
address: "0.0.0.0:35023"
clientAddress: "0.0.0.0:35023"
adminAddress: "0.0.0.0:35023"
startupRole: FOLLOWER
,id: "s0"
address: "0.0.0.0:43143"
clientAddress: "0.0.0.0:43143"
adminAddress: "0.0.0.0:43143"
startupRole: FOLLOWER
,id: "s1"
address: "0.0.0.0:38179"
clientAddress: "0.0.0.0:38179"
adminAddress: "0.0.0.0:38179"
startupRole: FOLLOWER
,id: "s2"
address: "0.0.0.0:41039"
clientAddress: "0.0.0.0:41039"
adminAddress: "0.0.0.0:41039"
startupRole: FOLLOWER
, old:id: "s0"
address: "0.0.0.0:43143"
clientAddress: "0.0.0.0:43143"
adminAddress: "0.0.0.0:43143"
startupRole: FOLLOWER
,id: "s1"
address: "0.0.0.0:38179"
clientAddress: "0.0.0.0:38179"
adminAddress: "0.0.0.0:38179"
startupRole: FOLLOWER
,id: "s2"
address: "0.0.0.0:41039"
clientAddress: "0.0.0.0:41039"
adminAddress: "0.0.0.0:41039"
startupRole: FOLLOWER
)]
2023-12-13 16:20:52,471 [s3-server-thread3] INFO  impl.RoleInfo (RoleInfo.java:updateAndGet(139)) - s3: start s3@group-CFDA0681CEAE-FollowerState
2023-12-13 16:20:52,472 [s3-server-thread3] INFO  server.RaftServer$Division (ServerState.java:setRaftConf(382)) - s3@group-CFDA0681CEAE: set configuration 1: peers:[s3|0.0.0.0:35071, s4|0.0.0.0:35023, s0|0.0.0.0:43143, s1|0.0.0.0:38179, s2|0.0.0.0:41039]|listeners:[], old=peers:[s0|0.0.0.0:43143, s1|0.0.0.0:38179, s2|0.0.0.0:41039]|listeners:[]
2023-12-13 16:20:52,473 [s3-server-thread3] DEBUG server.RaftServer$Division (RaftServerImpl.java:logAppendEntries(1504)) - s3@group-CFDA0681CEAE: succeeded to handle AppendEntries. Reply: s0<-s3#3:OK-t1,SUCCESS,nextIndex=2,followerCommit=0,matchIndex=1
2023-12-13 16:20:52,473 [s0@group-CFDA0681CEAE-LeaderStateImpl] INFO  server.RaftServer$Division (ServerState.java:setRaftConf(382)) - s0@group-CFDA0681CEAE: set configuration 3: peers:[s3|0.0.0.0:35071, s4|0.0.0.0:35023, s0|0.0.0.0:43143, s1|0.0.0.0:38179, s2|0.0.0.0:41039]|listeners:[], old=null
2023-12-13 16:20:52,473 [s4-server-thread3] DEBUG server.RaftServer$Division (RaftServerImpl.java:logAppendEntries(1504)) - s4@group-CFDA0681CEAE: receive appendEntries(s0, 1, (t:1, i:1), 1, false, commits:[s0:c1, s1:c0, s2:c0, s3:c0, s4:c0], cId:5, entries: [(t:1, i:2), METADATAENTRY(c:1)]
2023-12-13 16:20:52,473 [s0@group-CFDA0681CEAE-StateMachineUpdater] TRACE util.FileUtils (LogUtils.java:supplyAndLog(69)) - Successfully supplied FileChannel.open /home/runner/work/ratis/ratis/ratis-test/target/test/data/1e4ee837/MiniRaftClusterWithGrpc1406e638/s0/8a28c877-968c-496e-8770-cfda0681ceae/current/raft-meta.conf.tmp with options [CREATE, WRITE]: sun.nio.ch.FileChannelImpl@e26dc2
2023-12-13 16:20:52,475 [s3-server-thread3] DEBUG server.RaftServer$Division (RaftServerImpl.java:logAppendEntries(1504)) - s3@group-CFDA0681CEAE: receive appendEntries(s0, 1, (t:1, i:1), 1, false, commits:[s0:c1, s1:c0, s2:c0, s3:c0, s4:c0], cId:4, entries: [(t:1, i:2), METADATAENTRY(c:1)]
2023-12-13 16:20:52,477 [s4-server-thread3] INFO  impl.RoleInfo (RoleInfo.java:updateAndGet(139)) - s4: start s4@group-CFDA0681CEAE-FollowerState
2023-12-13 16:20:52,477 [s0@group-CFDA0681CEAE-StateMachineUpdater] TRACE util.FileUtils (LogUtils.java:runAndLog(49)) - Successfully ran Atomic Files.move /home/runner/work/ratis/ratis/ratis-test/target/test/data/1e4ee837/MiniRaftClusterWithGrpc1406e638/s0/8a28c877-968c-496e-8770-cfda0681ceae/current/raft-meta.conf.tmp to /home/runner/work/ratis/ratis/ratis-test/target/test/data/1e4ee837/MiniRaftClusterWithGrpc1406e638/s0/8a28c877-968c-496e-8770-cfda0681ceae/current/raft-meta.conf with options [REPLACE_EXISTING]
2023-12-13 16:20:52,477 [s3-server-thread3] DEBUG server.RaftServer$Division (RaftServerImpl.java:logAppendEntries(1504)) - s3@group-CFDA0681CEAE: succeeded to handle AppendEntries. Reply: s0<-s3#4:OK-t1,SUCCESS,nextIndex=3,followerCommit=1,matchIndex=2
2023-12-13 16:20:52,477 [s3@group-CFDA0681CEAE-StateMachineUpdater] TRACE util.FileUtils (LogUtils.java:supplyAndLog(69)) - Successfully supplied FileChannel.open /home/runner/work/ratis/ratis/ratis-test/target/test/data/1e4ee837/MiniRaftClusterWithGrpc1406e638/s3/8a28c877-968c-496e-8770-cfda0681ceae/current/raft-meta.conf.tmp with options [CREATE, WRITE]: sun.nio.ch.FileChannelImpl@65c16cca
2023-12-13 16:20:52,478 [s2-server-thread1] DEBUG server.RaftServer$Division (RaftServerImpl.java:logAppendEntries(1504)) - s2@group-CFDA0681CEAE: receive appendEntries(s0, 1, (t:1, i:1), 1, false, commits:[s0:c1, s1:c0, s2:c0, s3:c0, s4:c0], cId:16, entries: [(t:1, i:2), METADATAENTRY(c:1)]
2023-12-13 16:20:52,479 [s2-server-thread1] DEBUG server.RaftServer$Division (RaftServerImpl.java:logAppendEntries(1504)) - s2@group-CFDA0681CEAE: succeeded to handle AppendEntries. Reply: s0<-s2#16:OK-t1,SUCCESS,nextIndex=3,followerCommit=1,matchIndex=2
2023-12-13 16:20:52,479 [s2@group-CFDA0681CEAE-StateMachineUpdater] TRACE util.FileUtils (LogUtils.java:supplyAndLog(69)) - Successfully supplied FileChannel.open /home/runner/work/ratis/ratis/ratis-test/target/test/data/1e4ee837/MiniRaftClusterWithGrpc1406e638/s2/8a28c877-968c-496e-8770-cfda0681ceae/current/raft-meta.conf.tmp with options [CREATE, WRITE]: sun.nio.ch.FileChannelImpl@439e7d3e
2023-12-13 16:20:52,480 [s3-server-thread3] DEBUG server.RaftServer$Division (RaftServerImpl.java:logAppendEntries(1504)) - s3@group-CFDA0681CEAE: receive appendEntries(s0, 1, (t:1, i:2), 1, false, commits:[s0:c1, s1:c0, s2:c0, s3:c0, s4:c0], cId:5, entries: [(t:1, i:3), CONFIGURATIONENTRY(current:id: "s3"
address: "0.0.0.0:35071"
clientAddress: "0.0.0.0:35071"
adminAddress: "0.0.0.0:35071"
startupRole: FOLLOWER
,id: "s4"
address: "0.0.0.0:35023"
clientAddress: "0.0.0.0:35023"
adminAddress: "0.0.0.0:35023"
startupRole: FOLLOWER
,id: "s0"
address: "0.0.0.0:43143"
clientAddress: "0.0.0.0:43143"
adminAddress: "0.0.0.0:43143"
startupRole: FOLLOWER
,id: "s1"
address: "0.0.0.0:38179"
clientAddress: "0.0.0.0:38179"
adminAddress: "0.0.0.0:38179"
startupRole: FOLLOWER
,id: "s2"
address: "0.0.0.0:41039"
clientAddress: "0.0.0.0:41039"
adminAddress: "0.0.0.0:41039"
startupRole: FOLLOWER
, old:)]
2023-12-13 16:20:52,480 [s3-server-thread3] INFO  server.RaftServer$Division (ServerState.java:setRaftConf(382)) - s3@group-CFDA0681CEAE: set configuration 3: peers:[s3|0.0.0.0:35071, s4|0.0.0.0:35023, s0|0.0.0.0:43143, s1|0.0.0.0:38179, s2|0.0.0.0:41039]|listeners:[], old=null
2023-12-13 16:20:52,481 [s3-server-thread3] DEBUG server.RaftServer$Division (RaftServerImpl.java:logAppendEntries(1504)) - s3@group-CFDA0681CEAE: succeeded to handle AppendEntries. Reply: s0<-s3#5:OK-t1,SUCCESS,nextIndex=4,followerCommit=1,matchIndex=3
2023-12-13 16:20:52,481 [s1-server-thread1] DEBUG server.RaftServer$Division (RaftServerImpl.java:logAppendEntries(1504)) - s1@group-CFDA0681CEAE: receive appendEntries(s0, 1, (t:1, i:1), 1, false, commits:[s0:c1, s1:c0, s2:c0, s3:c0, s4:c0], cId:18, entries: [(t:1, i:2), METADATAENTRY(c:1), (t:1, i:3), CONFIGURATIONENTRY(current:id: "s3"
address: "0.0.0.0:35071"
clientAddress: "0.0.0.0:35071"
adminAddress: "0.0.0.0:35071"
startupRole: FOLLOWER
,id: "s4"
address: "0.0.0.0:35023"
clientAddress: "0.0.0.0:35023"
adminAddress: "0.0.0.0:35023"
startupRole: FOLLOWER
,id: "s0"
address: "0.0.0.0:43143"
clientAddress: "0.0.0.0:43143"
adminAddress: "0.0.0.0:43143"
startupRole: FOLLOWER
,id: "s1"
address: "0.0.0.0:38179"
clientAddress: "0.0.0.0:38179"
adminAddress: "0.0.0.0:38179"
startupRole: FOLLOWER
,id: "s2"
address: "0.0.0.0:41039"
clientAddress: "0.0.0.0:41039"
adminAddress: "0.0.0.0:41039"
startupRole: FOLLOWER
, old:)]
2023-12-13 16:20:52,481 [s1-server-thread1] INFO  server.RaftServer$Division (ServerState.java:setRaftConf(382)) - s1@group-CFDA0681CEAE: set configuration 3: peers:[s3|0.0.0.0:35071, s4|0.0.0.0:35023, s0|0.0.0.0:43143, s1|0.0.0.0:38179, s2|0.0.0.0:41039]|listeners:[], old=null
2023-12-13 16:20:52,482 [s2@group-CFDA0681CEAE-StateMachineUpdater] TRACE util.FileUtils (LogUtils.java:runAndLog(49)) - Successfully ran Atomic Files.move /home/runner/work/ratis/ratis/ratis-test/target/test/data/1e4ee837/MiniRaftClusterWithGrpc1406e638/s2/8a28c877-968c-496e-8770-cfda0681ceae/current/raft-meta.conf.tmp to /home/runner/work/ratis/ratis/ratis-test/target/test/data/1e4ee837/MiniRaftClusterWithGrpc1406e638/s2/8a28c877-968c-496e-8770-cfda0681ceae/current/raft-meta.conf with options [REPLACE_EXISTING]
2023-12-13 16:20:52,482 [s3@group-CFDA0681CEAE-StateMachineUpdater] TRACE util.FileUtils (LogUtils.java:runAndLog(49)) - Successfully ran Atomic Files.move /home/runner/work/ratis/ratis/ratis-test/target/test/data/1e4ee837/MiniRaftClusterWithGrpc1406e638/s3/8a28c877-968c-496e-8770-cfda0681ceae/current/raft-meta.conf.tmp to /home/runner/work/ratis/ratis/ratis-test/target/test/data/1e4ee837/MiniRaftClusterWithGrpc1406e638/s3/8a28c877-968c-496e-8770-cfda0681ceae/current/raft-meta.conf with options [REPLACE_EXISTING]
2023-12-13 16:20:52,483 [s1-server-thread1] DEBUG server.RaftServer$Division (RaftServerImpl.java:logAppendEntries(1504)) - s1@group-CFDA0681CEAE: succeeded to handle AppendEntries. Reply: s0<-s1#18:OK-t1,SUCCESS,nextIndex=4,followerCommit=1,matchIndex=3
2023-12-13 16:20:52,483 [s1@group-CFDA0681CEAE-StateMachineUpdater] TRACE util.FileUtils (LogUtils.java:supplyAndLog(69)) - Successfully supplied FileChannel.open /home/runner/work/ratis/ratis/ratis-test/target/test/data/1e4ee837/MiniRaftClusterWithGrpc1406e638/s1/8a28c877-968c-496e-8770-cfda0681ceae/current/raft-meta.conf.tmp with options [CREATE, WRITE]: sun.nio.ch.FileChannelImpl@977c61d
2023-12-13 16:20:52,485 [s2-server-thread2] DEBUG server.RaftServer$Division (RaftServerImpl.java:logAppendEntries(1504)) - s2@group-CFDA0681CEAE: receive appendEntries(s0, 1, (t:1, i:2), 1, false, commits:[s0:c1, s1:c0, s2:c0, s3:c0, s4:c0], cId:17, entries: [(t:1, i:3), CONFIGURATIONENTRY(current:id: "s3"
address: "0.0.0.0:35071"
clientAddress: "0.0.0.0:35071"
adminAddress: "0.0.0.0:35071"
startupRole: FOLLOWER
,id: "s4"
address: "0.0.0.0:35023"
clientAddress: "0.0.0.0:35023"
adminAddress: "0.0.0.0:35023"
startupRole: FOLLOWER
,id: "s0"
address: "0.0.0.0:43143"
clientAddress: "0.0.0.0:43143"
adminAddress: "0.0.0.0:43143"
startupRole: FOLLOWER
,id: "s1"
address: "0.0.0.0:38179"
clientAddress: "0.0.0.0:38179"
adminAddress: "0.0.0.0:38179"
startupRole: FOLLOWER
,id: "s2"
address: "0.0.0.0:41039"
clientAddress: "0.0.0.0:41039"
adminAddress: "0.0.0.0:41039"
startupRole: FOLLOWER
, old:)]
2023-12-13 16:20:52,485 [s2-server-thread2] INFO  server.RaftServer$Division (ServerState.java:setRaftConf(382)) - s2@group-CFDA0681CEAE: set configuration 3: peers:[s3|0.0.0.0:35071, s4|0.0.0.0:35023, s0|0.0.0.0:43143, s1|0.0.0.0:38179, s2|0.0.0.0:41039]|listeners:[], old=null
2023-12-13 16:20:52,485 [s1-server-thread1] DEBUG server.RaftServer$Division (RaftServerImpl.java:logAppendEntries(1504)) - s1@group-CFDA0681CEAE: receive appendEntries(s0, 1, (t:1, i:3), 3, false, commits:[s0:c3, s1:c1, s2:c1, s3:c1, s4:c0], cId:24, entries: [(t:1, i:4), METADATAENTRY(c:3)]
2023-12-13 16:20:52,486 [s3-server-thread3] DEBUG server.RaftServer$Division (RaftServerImpl.java:logAppendEntries(1504)) - s3@group-CFDA0681CEAE: receive appendEntries(s0, 1, (t:1, i:3), 3, false, commits:[s0:c3, s1:c1, s2:c1, s3:c1, s4:c0], cId:10, entries: [(t:1, i:4), METADATAENTRY(c:3)]
2023-12-13 16:20:52,486 [s2-server-thread1] DEBUG server.RaftServer$Division (RaftServerImpl.java:logAppendEntries(1504)) - s2@group-CFDA0681CEAE: succeeded to handle AppendEntries. Reply: s0<-s2#17:OK-t1,SUCCESS,nextIndex=4,followerCommit=1,matchIndex=3
2023-12-13 16:20:52,486 [s2-server-thread2] DEBUG server.RaftServer$Division (RaftServerImpl.java:logAppendEntries(1504)) - s2@group-CFDA0681CEAE: receive appendEntries(s0, 1, (t:1, i:3), 3, false, commits:[s0:c3, s1:c1, s2:c1, s3:c1, s4:c0], cId:22, entries: [(t:1, i:4), METADATAENTRY(c:3)]
2023-12-13 16:20:52,487 [s3-server-thread3] DEBUG server.RaftServer$Division (RaftServerImpl.java:logAppendEntries(1504)) - s3@group-CFDA0681CEAE: succeeded to handle AppendEntries. Reply: s0<-s3#10:OK-t1,SUCCESS,nextIndex=5,followerCommit=3,matchIndex=4
2023-12-13 16:20:52,487 [s0@group-CFDA0681CEAE-StateMachineUpdater] TRACE util.FileUtils (LogUtils.java:supplyAndLog(69)) - Successfully supplied FileChannel.open /home/runner/work/ratis/ratis/ratis-test/target/test/data/1e4ee837/MiniRaftClusterWithGrpc1406e638/s0/8a28c877-968c-496e-8770-cfda0681ceae/current/raft-meta.conf.tmp with options [CREATE, WRITE]: sun.nio.ch.FileChannelImpl@4dde906
2023-12-13 16:20:52,487 [s3@group-CFDA0681CEAE-StateMachineUpdater] TRACE util.FileUtils (LogUtils.java:supplyAndLog(69)) - Successfully supplied FileChannel.open /home/runner/work/ratis/ratis/ratis-test/target/test/data/1e4ee837/MiniRaftClusterWithGrpc1406e638/s3/8a28c877-968c-496e-8770-cfda0681ceae/current/raft-meta.conf.tmp with options [CREATE, WRITE]: sun.nio.ch.FileChannelImpl@61fef4aa
2023-12-13 16:20:52,488 [s2-server-thread2] DEBUG server.RaftServer$Division (RaftServerImpl.java:logAppendEntries(1504)) - s2@group-CFDA0681CEAE: succeeded to handle AppendEntries. Reply: s0<-s2#22:OK-t1,SUCCESS,nextIndex=5,followerCommit=3,matchIndex=4
2023-12-13 16:20:52,488 [s2@group-CFDA0681CEAE-StateMachineUpdater] TRACE util.FileUtils (LogUtils.java:supplyAndLog(69)) - Successfully supplied FileChannel.open /home/runner/work/ratis/ratis/ratis-test/target/test/data/1e4ee837/MiniRaftClusterWithGrpc1406e638/s2/8a28c877-968c-496e-8770-cfda0681ceae/current/raft-meta.conf.tmp with options [CREATE, WRITE]: sun.nio.ch.FileChannelImpl@47a1f195
2023-12-13 16:20:52,489 [s1@group-CFDA0681CEAE-StateMachineUpdater] TRACE util.FileUtils (LogUtils.java:runAndLog(49)) - Successfully ran Atomic Files.move /home/runner/work/ratis/ratis/ratis-test/target/test/data/1e4ee837/MiniRaftClusterWithGrpc1406e638/s1/8a28c877-968c-496e-8770-cfda0681ceae/current/raft-meta.conf.tmp to /home/runner/work/ratis/ratis/ratis-test/target/test/data/1e4ee837/MiniRaftClusterWithGrpc1406e638/s1/8a28c877-968c-496e-8770-cfda0681ceae/current/raft-meta.conf with options [REPLACE_EXISTING]
2023-12-13 16:20:52,482 [s4-server-thread3] DEBUG server.RaftServer$Division (RaftServerImpl.java:logAppendEntries(1504)) - s4@group-CFDA0681CEAE: receive appendEntries(s0, 1, (t:1, i:2), 1, false, commits:[s0:c1, s1:c0, s2:c0, s3:c0, s4:c0], cId:6, entries: [(t:1, i:3), CONFIGURATIONENTRY(current:id: "s3"
address: "0.0.0.0:35071"
clientAddress: "0.0.0.0:35071"
adminAddress: "0.0.0.0:35071"
startupRole: FOLLOWER
,id: "s4"
address: "0.0.0.0:35023"
clientAddress: "0.0.0.0:35023"
adminAddress: "0.0.0.0:35023"
startupRole: FOLLOWER
,id: "s0"
address: "0.0.0.0:43143"
clientAddress: "0.0.0.0:43143"
adminAddress: "0.0.0.0:43143"
startupRole: FOLLOWER
,id: "s1"
address: "0.0.0.0:38179"
clientAddress: "0.0.0.0:38179"
adminAddress: "0.0.0.0:38179"
startupRole: FOLLOWER
,id: "s2"
address: "0.0.0.0:41039"
clientAddress: "0.0.0.0:41039"
adminAddress: "0.0.0.0:41039"
startupRole: FOLLOWER
, old:)]
2023-12-13 16:20:52,492 [s1@group-CFDA0681CEAE-StateMachineUpdater] TRACE util.FileUtils (LogUtils.java:supplyAndLog(69)) - Successfully supplied FileChannel.open /home/runner/work/ratis/ratis/ratis-test/target/test/data/1e4ee837/MiniRaftClusterWithGrpc1406e638/s1/8a28c877-968c-496e-8770-cfda0681ceae/current/raft-meta.conf.tmp with options [CREATE, WRITE]: sun.nio.ch.FileChannelImpl@d4843eb
2023-12-13 16:20:52,492 [s4-server-thread2] DEBUG server.RaftServer$Division (RaftServerImpl.java:logAppendEntries(1504)) - s4@group-CFDA0681CEAE: succeeded to handle AppendEntries. Reply: s0<-s4#5:OK-t1,SUCCESS,nextIndex=3,followerCommit=1,matchIndex=2
2023-12-13 16:20:52,492 [s1-server-thread2] DEBUG server.RaftServer$Division (RaftServerImpl.java:logAppendEntries(1504)) - s1@group-CFDA0681CEAE: succeeded to handle AppendEntries. Reply: s0<-s1#24:OK-t1,SUCCESS,nextIndex=5,followerCommit=3,matchIndex=4
2023-12-13 16:20:52,491 [Time-limited test] DEBUG client.RaftClient (RaftClientImpl.java:add(150)) - client-238E134BB1C8: add replied callId 17
2023-12-13 16:20:52,493 [s4-server-thread3] INFO  server.RaftServer$Division (ServerState.java:setRaftConf(382)) - s4@group-CFDA0681CEAE: set configuration 3: peers:[s3|0.0.0.0:35071, s4|0.0.0.0:35023, s0|0.0.0.0:43143, s1|0.0.0.0:38179, s2|0.0.0.0:41039]|listeners:[], old=null
2023-12-13 16:20:52,495 [s4-server-thread3] DEBUG server.RaftServer$Division (RaftServerImpl.java:logAppendEntries(1504)) - s4@group-CFDA0681CEAE: receive appendEntries(s0, 1, (t:1, i:3), 3, false, commits:[s0:c3, s1:c1, s2:c1, s3:c1, s4:c0], cId:12, entries: [(t:1, i:4), METADATAENTRY(c:3)]
2023-12-13 16:20:52,491 [s2@group-CFDA0681CEAE-StateMachineUpdater] TRACE util.FileUtils (LogUtils.java:runAndLog(49)) - Successfully ran Atomic Files.move /home/runner/work/ratis/ratis/ratis-test/target/test/data/1e4ee837/MiniRaftClusterWithGrpc1406e638/s2/8a28c877-968c-496e-8770-cfda0681ceae/current/raft-meta.conf.tmp to /home/runner/work/ratis/ratis/ratis-test/target/test/data/1e4ee837/MiniRaftClusterWithGrpc1406e638/s2/8a28c877-968c-496e-8770-cfda0681ceae/current/raft-meta.conf with options [REPLACE_EXISTING]
2023-12-13 16:20:52,491 [s3@group-CFDA0681CEAE-StateMachineUpdater] TRACE util.FileUtils (LogUtils.java:runAndLog(49)) - Successfully ran Atomic Files.move /home/runner/work/ratis/ratis/ratis-test/target/test/data/1e4ee837/MiniRaftClusterWithGrpc1406e638/s3/8a28c877-968c-496e-8770-cfda0681ceae/current/raft-meta.conf.tmp to /home/runner/work/ratis/ratis/ratis-test/target/test/data/1e4ee837/MiniRaftClusterWithGrpc1406e638/s3/8a28c877-968c-496e-8770-cfda0681ceae/current/raft-meta.conf with options [REPLACE_EXISTING]
2023-12-13 16:20:52,491 [s0@group-CFDA0681CEAE-StateMachineUpdater] TRACE util.FileUtils (LogUtils.java:runAndLog(49)) - Successfully ran Atomic Files.move /home/runner/work/ratis/ratis/ratis-test/target/test/data/1e4ee837/MiniRaftClusterWithGrpc1406e638/s0/8a28c877-968c-496e-8770-cfda0681ceae/current/raft-meta.conf.tmp to /home/runner/work/ratis/ratis/ratis-test/target/test/data/1e4ee837/MiniRaftClusterWithGrpc1406e638/s0/8a28c877-968c-496e-8770-cfda0681ceae/current/raft-meta.conf with options [REPLACE_EXISTING]
2023-12-13 16:20:52,492 [s4@group-CFDA0681CEAE-StateMachineUpdater] TRACE util.FileUtils (LogUtils.java:supplyAndLog(69)) - Successfully supplied FileChannel.open /home/runner/work/ratis/ratis/ratis-test/target/test/data/1e4ee837/MiniRaftClusterWithGrpc1406e638/s4/8a28c877-968c-496e-8770-cfda0681ceae/current/raft-meta.conf.tmp with options [CREATE, WRITE]: sun.nio.ch.FileChannelImpl@70f40275
2023-12-13 16:20:52,497 [s4-server-thread3] DEBUG server.RaftServer$Division (RaftServerImpl.java:logAppendEntries(1504)) - s4@group-CFDA0681CEAE: succeeded to handle AppendEntries. Reply: s0<-s4#6:OK-t1,SUCCESS,nextIndex=4,followerCommit=1,matchIndex=3
2023-12-13 16:20:52,497 [s4-server-thread2] DEBUG server.RaftServer$Division (RaftServerImpl.java:logAppendEntries(1504)) - s4@group-CFDA0681CEAE: succeeded to handle AppendEntries. Reply: s0<-s4#12:OK-t1,SUCCESS,nextIndex=5,followerCommit=3,matchIndex=4
2023-12-13 16:20:52,497 [s4@group-CFDA0681CEAE-StateMachineUpdater] TRACE util.FileUtils (LogUtils.java:runAndLog(49)) - Successfully ran Atomic Files.move /home/runner/work/ratis/ratis/ratis-test/target/test/data/1e4ee837/MiniRaftClusterWithGrpc1406e638/s4/8a28c877-968c-496e-8770-cfda0681ceae/current/raft-meta.conf.tmp to /home/runner/work/ratis/ratis/ratis-test/target/test/data/1e4ee837/MiniRaftClusterWithGrpc1406e638/s4/8a28c877-968c-496e-8770-cfda0681ceae/current/raft-meta.conf with options [REPLACE_EXISTING]
2023-12-13 16:20:52,497 [s4@group-CFDA0681CEAE-StateMachineUpdater] TRACE util.FileUtils (LogUtils.java:supplyAndLog(69)) - Successfully supplied FileChannel.open /home/runner/work/ratis/ratis/ratis-test/target/test/data/1e4ee837/MiniRaftClusterWithGrpc1406e638/s4/8a28c877-968c-496e-8770-cfda0681ceae/current/raft-meta.conf.tmp with options [CREATE, WRITE]: sun.nio.ch.FileChannelImpl@74cb98b3
2023-12-13 16:20:52,499 [s4@group-CFDA0681CEAE-StateMachineUpdater] TRACE util.FileUtils (LogUtils.java:runAndLog(49)) - Successfully ran Atomic Files.move /home/runner/work/ratis/ratis/ratis-test/target/test/data/1e4ee837/MiniRaftClusterWithGrpc1406e638/s4/8a28c877-968c-496e-8770-cfda0681ceae/current/raft-meta.conf.tmp to /home/runner/work/ratis/ratis/ratis-test/target/test/data/1e4ee837/MiniRaftClusterWithGrpc1406e638/s4/8a28c877-968c-496e-8770-cfda0681ceae/current/raft-meta.conf with options [REPLACE_EXISTING]
2023-12-13 16:20:52,504 [s1@group-CFDA0681CEAE-StateMachineUpdater] TRACE util.FileUtils (LogUtils.java:runAndLog(49)) - Successfully ran Atomic Files.move /home/runner/work/ratis/ratis/ratis-test/target/test/data/1e4ee837/MiniRaftClusterWithGrpc1406e638/s1/8a28c877-968c-496e-8770-cfda0681ceae/current/raft-meta.conf.tmp to /home/runner/work/ratis/ratis/ratis-test/target/test/data/1e4ee837/MiniRaftClusterWithGrpc1406e638/s1/8a28c877-968c-496e-8770-cfda0681ceae/current/raft-meta.conf with options [REPLACE_EXISTING]
2023-12-13 16:20:52,508 [Time-limited test] INFO  server.RaftServerConfigKeys (ConfUtils.java:logGet(46)) - raft.server.rpc.timeout.max = 2000ms (custom)
2023-12-13 16:20:52,508 [Time-limited test] INFO  ratis.RaftTestUtil (RaftTestUtil.java:waitForLeader(100)) - printing ALL groups
  s3:  RUNNING [
   FOLLOWER s3@group-7980D1787839:t0, leader=null, voted=, raftlog=Memoized:s3@group-7980D1787839-SegmentedRaftLog:OPENED:c-1, conf=-1: peers:[]|listeners:[], old=null STARTING
   FOLLOWER s3@group-CFDA0681CEAE:t1, leader=s0, voted=null, raftlog=Memoized:s3@group-CFDA0681CEAE-SegmentedRaftLog:OPENED:c3, conf=3: peers:[s3|0.0.0.0:35071, s4|0.0.0.0:35023, s0|0.0.0.0:43143, s1|0.0.0.0:38179, s2|0.0.0.0:41039]|listeners:[], old=null RUNNING] size=2
  s4:  RUNNING [
   FOLLOWER s4@group-7980D1787839:t0, leader=null, voted=, raftlog=Memoized:s4@group-7980D1787839-SegmentedRaftLog:OPENED:c-1, conf=-1: peers:[]|listeners:[], old=null STARTING
   FOLLOWER s4@group-CFDA0681CEAE:t1, leader=s0, voted=null, raftlog=Memoized:s4@group-CFDA0681CEAE-SegmentedRaftLog:OPENED:c3, conf=3: peers:[s3|0.0.0.0:35071, s4|0.0.0.0:35023, s0|0.0.0.0:43143, s1|0.0.0.0:38179, s2|0.0.0.0:41039]|listeners:[], old=null RUNNING] size=2
  s0:  RUNNING [
   FOLLOWER s0@group-7980D1787839:t0, leader=null, voted=, raftlog=Memoized:s0@group-7980D1787839-SegmentedRaftLog:OPENED:c-1, conf=-1: peers:[]|listeners:[], old=null STARTING
     LEADER s0@group-CFDA0681CEAE:t1, leader=s0, voted=s0, raftlog=Memoized:s0@group-CFDA0681CEAE-SegmentedRaftLog:OPENED:c4, conf=3: peers:[s3|0.0.0.0:35071, s4|0.0.0.0:35023, s0|0.0.0.0:43143, s1|0.0.0.0:38179, s2|0.0.0.0:41039]|listeners:[], old=null RUNNING] size=2
  s1:  RUNNING [
   FOLLOWER s1@group-7980D1787839:t0, leader=null, voted=, raftlog=Memoized:s1@group-7980D1787839-SegmentedRaftLog:OPENED:c-1, conf=-1: peers:[]|listeners:[], old=null STARTING
   FOLLOWER s1@group-CFDA0681CEAE:t1, leader=s0, voted=s0, raftlog=Memoized:s1@group-CFDA0681CEAE-SegmentedRaftLog:OPENED:c3, conf=3: peers:[s3|0.0.0.0:35071, s4|0.0.0.0:35023, s0|0.0.0.0:43143, s1|0.0.0.0:38179, s2|0.0.0.0:41039]|listeners:[], old=null RUNNING] size=2
  s2:  RUNNING [
   FOLLOWER s2@group-7980D1787839:t0, leader=null, voted=, raftlog=Memoized:s2@group-7980D1787839-SegmentedRaftLog:OPENED:c-1, conf=-1: peers:[]|listeners:[], old=null STARTING
   FOLLOWER s2@group-CFDA0681CEAE:t1, leader=s0, voted=s0, raftlog=Memoized:s2@group-CFDA0681CEAE-SegmentedRaftLog:OPENED:c3, conf=3: peers:[s3|0.0.0.0:35071, s4|0.0.0.0:35023, s0|0.0.0.0:43143, s1|0.0.0.0:38179, s2|0.0.0.0:41039]|listeners:[], old=null RUNNING] size=2
2023-12-13 16:20:52,508 [Time-limited test] INFO  ratis.RaftTestUtil (RaftTestUtil.java:waitForLeader(124)) - printing ALL groups
  s3:  RUNNING [
   FOLLOWER s3@group-7980D1787839:t0, leader=null, voted=, raftlog=Memoized:s3@group-7980D1787839-SegmentedRaftLog:OPENED:c-1, conf=-1: peers:[]|listeners:[], old=null STARTING
   FOLLOWER s3@group-CFDA0681CEAE:t1, leader=s0, voted=null, raftlog=Memoized:s3@group-CFDA0681CEAE-SegmentedRaftLog:OPENED:c3, conf=3: peers:[s3|0.0.0.0:35071, s4|0.0.0.0:35023, s0|0.0.0.0:43143, s1|0.0.0.0:38179, s2|0.0.0.0:41039]|listeners:[], old=null RUNNING] size=2
  s4:  RUNNING [
   FOLLOWER s4@group-7980D1787839:t0, leader=null, voted=, raftlog=Memoized:s4@group-7980D1787839-SegmentedRaftLog:OPENED:c-1, conf=-1: peers:[]|listeners:[], old=null STARTING
   FOLLOWER s4@group-CFDA0681CEAE:t1, leader=s0, voted=null, raftlog=Memoized:s4@group-CFDA0681CEAE-SegmentedRaftLog:OPENED:c3, conf=3: peers:[s3|0.0.0.0:35071, s4|0.0.0.0:35023, s0|0.0.0.0:43143, s1|0.0.0.0:38179, s2|0.0.0.0:41039]|listeners:[], old=null RUNNING] size=2
  s0:  RUNNING [
   FOLLOWER s0@group-7980D1787839:t0, leader=null, voted=, raftlog=Memoized:s0@group-7980D1787839-SegmentedRaftLog:OPENED:c-1, conf=-1: peers:[]|listeners:[], old=null STARTING
     LEADER s0@group-CFDA0681CEAE:t1, leader=s0, voted=s0, raftlog=Memoized:s0@group-CFDA0681CEAE-SegmentedRaftLog:OPENED:c4, conf=3: peers:[s3|0.0.0.0:35071, s4|0.0.0.0:35023, s0|0.0.0.0:43143, s1|0.0.0.0:38179, s2|0.0.0.0:41039]|listeners:[], old=null RUNNING] size=2
  s1:  RUNNING [
   FOLLOWER s1@group-7980D1787839:t0, leader=null, voted=, raftlog=Memoized:s1@group-7980D1787839-SegmentedRaftLog:OPENED:c-1, conf=-1: peers:[]|listeners:[], old=null STARTING
   FOLLOWER s1@group-CFDA0681CEAE:t1, leader=s0, voted=s0, raftlog=Memoized:s1@group-CFDA0681CEAE-SegmentedRaftLog:OPENED:c3, conf=3: peers:[s3|0.0.0.0:35071, s4|0.0.0.0:35023, s0|0.0.0.0:43143, s1|0.0.0.0:38179, s2|0.0.0.0:41039]|listeners:[], old=null RUNNING] size=2
  s2:  RUNNING [
   FOLLOWER s2@group-7980D1787839:t0, leader=null, voted=, raftlog=Memoized:s2@group-7980D1787839-SegmentedRaftLog:OPENED:c-1, conf=-1: peers:[]|listeners:[], old=null STARTING
   FOLLOWER s2@group-CFDA0681CEAE:t1, leader=s0, voted=s0, raftlog=Memoized:s2@group-CFDA0681CEAE-SegmentedRaftLog:OPENED:c3, conf=3: peers:[s3|0.0.0.0:35071, s4|0.0.0.0:35023, s0|0.0.0.0:43143, s1|0.0.0.0:38179, s2|0.0.0.0:41039]|listeners:[], old=null RUNNING] size=2
2023-12-13 16:20:52,509 [Time-limited test] INFO  impl.GroupManagementBaseTest (GroupManagementBaseTest.java:runMultiGroupTest(338)) - update groups: printing ALL groups
  s3:  RUNNING [
   FOLLOWER s3@group-7980D1787839:t0, leader=null, voted=, raftlog=Memoized:s3@group-7980D1787839-SegmentedRaftLog:OPENED:c-1, conf=-1: peers:[]|listeners:[], old=null STARTING
   FOLLOWER s3@group-CFDA0681CEAE:t1, leader=s0, voted=null, raftlog=Memoized:s3@group-CFDA0681CEAE-SegmentedRaftLog:OPENED:c3, conf=3: peers:[s3|0.0.0.0:35071, s4|0.0.0.0:35023, s0|0.0.0.0:43143, s1|0.0.0.0:38179, s2|0.0.0.0:41039]|listeners:[], old=null RUNNING] size=2
  s4:  RUNNING [
   FOLLOWER s4@group-7980D1787839:t0, leader=null, voted=, raftlog=Memoized:s4@group-7980D1787839-SegmentedRaftLog:OPENED:c-1, conf=-1: peers:[]|listeners:[], old=null STARTING
   FOLLOWER s4@group-CFDA0681CEAE:t1, leader=s0, voted=null, raftlog=Memoized:s4@group-CFDA0681CEAE-SegmentedRaftLog:OPENED:c3, conf=3: peers:[s3|0.0.0.0:35071, s4|0.0.0.0:35023, s0|0.0.0.0:43143, s1|0.0.0.0:38179, s2|0.0.0.0:41039]|listeners:[], old=null RUNNING] size=2
  s0:  RUNNING [
   FOLLOWER s0@group-7980D1787839:t0, leader=null, voted=, raftlog=Memoized:s0@group-7980D1787839-SegmentedRaftLog:OPENED:c-1, conf=-1: peers:[]|listeners:[], old=null STARTING
     LEADER s0@group-CFDA0681CEAE:t1, leader=s0, voted=s0, raftlog=Memoized:s0@group-CFDA0681CEAE-SegmentedRaftLog:OPENED:c4, conf=3: peers:[s3|0.0.0.0:35071, s4|0.0.0.0:35023, s0|0.0.0.0:43143, s1|0.0.0.0:38179, s2|0.0.0.0:41039]|listeners:[], old=null RUNNING] size=2
  s1:  RUNNING [
   FOLLOWER s1@group-7980D1787839:t0, leader=null, voted=, raftlog=Memoized:s1@group-7980D1787839-SegmentedRaftLog:OPENED:c-1, conf=-1: peers:[]|listeners:[], old=null STARTING
   FOLLOWER s1@group-CFDA0681CEAE:t1, leader=s0, voted=s0, raftlog=Memoized:s1@group-CFDA0681CEAE-SegmentedRaftLog:OPENED:c3, conf=3: peers:[s3|0.0.0.0:35071, s4|0.0.0.0:35023, s0|0.0.0.0:43143, s1|0.0.0.0:38179, s2|0.0.0.0:41039]|listeners:[], old=null RUNNING] size=2
  s2:  RUNNING [
   FOLLOWER s2@group-7980D1787839:t0, leader=null, voted=, raftlog=Memoized:s2@group-7980D1787839-SegmentedRaftLog:OPENED:c-1, conf=-1: peers:[]|listeners:[], old=null STARTING
   FOLLOWER s2@group-CFDA0681CEAE:t1, leader=s0, voted=s0, raftlog=Memoized:s2@group-CFDA0681CEAE-SegmentedRaftLog:OPENED:c3, conf=3: peers:[s3|0.0.0.0:35071, s4|0.0.0.0:35023, s0|0.0.0.0:43143, s1|0.0.0.0:38179, s2|0.0.0.0:41039]|listeners:[], old=null RUNNING] size=2
| MiniRaftClusterWithGrpc[3, 4, 5]chosen=0 | update groups | 95 |
2023-12-13 16:20:52,509 [Time-limited test] INFO  impl.MiniRaftCluster (MiniRaftCluster.java:shutdown(831)) - ************************************************************** 
2023-12-13 16:20:52,509 [Time-limited test] INFO  impl.MiniRaftCluster (MiniRaftCluster.java:shutdown(832)) - *** 
2023-12-13 16:20:52,509 [Time-limited test] INFO  impl.MiniRaftCluster (MiniRaftCluster.java:shutdown(833)) - ***     Stopping MiniRaftClusterWithGrpc
2023-12-13 16:20:52,509 [Time-limited test] INFO  impl.MiniRaftCluster (MiniRaftCluster.java:shutdown(834)) - *** 
2023-12-13 16:20:52,509 [Time-limited test] INFO  impl.MiniRaftCluster (MiniRaftCluster.java:shutdown(835)) - ************************************************************** 
2023-12-13 16:20:52,509 [Time-limited test] INFO  impl.MiniRaftCluster (MiniRaftCluster.java:shutdown(836)) - printing ALL groups
  s3:  RUNNING [
   FOLLOWER s3@group-7980D1787839:t0, leader=null, voted=, raftlog=Memoized:s3@group-7980D1787839-SegmentedRaftLog:OPENED:c-1, conf=-1: peers:[]|listeners:[], old=null STARTING
   FOLLOWER s3@group-CFDA0681CEAE:t1, leader=s0, voted=null, raftlog=Memoized:s3@group-CFDA0681CEAE-SegmentedRaftLog:OPENED:c3, conf=3: peers:[s3|0.0.0.0:35071, s4|0.0.0.0:35023, s0|0.0.0.0:43143, s1|0.0.0.0:38179, s2|0.0.0.0:41039]|listeners:[], old=null RUNNING] size=2
  s4:  RUNNING [
   FOLLOWER s4@group-7980D1787839:t0, leader=null, voted=, raftlog=Memoized:s4@group-7980D1787839-SegmentedRaftLog:OPENED:c-1, conf=-1: peers:[]|listeners:[], old=null STARTING
   FOLLOWER s4@group-CFDA0681CEAE:t1, leader=s0, voted=null, raftlog=Memoized:s4@group-CFDA0681CEAE-SegmentedRaftLog:OPENED:c3, conf=3: peers:[s3|0.0.0.0:35071, s4|0.0.0.0:35023, s0|0.0.0.0:43143, s1|0.0.0.0:38179, s2|0.0.0.0:41039]|listeners:[], old=null RUNNING] size=2
  s0:  RUNNING [
   FOLLOWER s0@group-7980D1787839:t0, leader=null, voted=, raftlog=Memoized:s0@group-7980D1787839-SegmentedRaftLog:OPENED:c-1, conf=-1: peers:[]|listeners:[], old=null STARTING
     LEADER s0@group-CFDA0681CEAE:t1, leader=s0, voted=s0, raftlog=Memoized:s0@group-CFDA0681CEAE-SegmentedRaftLog:OPENED:c4, conf=3: peers:[s3|0.0.0.0:35071, s4|0.0.0.0:35023, s0|0.0.0.0:43143, s1|0.0.0.0:38179, s2|0.0.0.0:41039]|listeners:[], old=null RUNNING] size=2
  s1:  RUNNING [
   FOLLOWER s1@group-7980D1787839:t0, leader=null, voted=, raftlog=Memoized:s1@group-7980D1787839-SegmentedRaftLog:OPENED:c-1, conf=-1: peers:[]|listeners:[], old=null STARTING
   FOLLOWER s1@group-CFDA0681CEAE:t1, leader=s0, voted=s0, raftlog=Memoized:s1@group-CFDA0681CEAE-SegmentedRaftLog:OPENED:c3, conf=3: peers:[s3|0.0.0.0:35071, s4|0.0.0.0:35023, s0|0.0.0.0:43143, s1|0.0.0.0:38179, s2|0.0.0.0:41039]|listeners:[], old=null RUNNING] size=2
  s2:  RUNNING [
   FOLLOWER s2@group-7980D1787839:t0, leader=null, voted=, raftlog=Memoized:s2@group-7980D1787839-SegmentedRaftLog:OPENED:c-1, conf=-1: peers:[]|listeners:[], old=null STARTING
   FOLLOWER s2@group-CFDA0681CEAE:t1, leader=s0, voted=s0, raftlog=Memoized:s2@group-CFDA0681CEAE-SegmentedRaftLog:OPENED:c3, conf=3: peers:[s3|0.0.0.0:35071, s4|0.0.0.0:35023, s0|0.0.0.0:43143, s1|0.0.0.0:38179, s2|0.0.0.0:41039]|listeners:[], old=null RUNNING] size=2
2023-12-13 16:20:52,509 [MiniRaftCluster-8] INFO  server.RaftServer (RaftServerProxy.java:lambda$close$9(416)) - s3: close
2023-12-13 16:20:52,510 [s3-impl-thread1] INFO  server.RaftServer$Division (RaftServerImpl.java:lambda$close$3(516)) - s3@group-7980D1787839: shutdown
2023-12-13 16:20:52,510 [s3-impl-thread1] INFO  util.JmxRegister (JmxRegister.java:unregister(73)) - Successfully un-registered JMX Bean with object name Ratis:service=RaftServer,group=group-7980D1787839,id=s3
2023-12-13 16:20:52,510 [s3-impl-thread1] INFO  impl.StateMachineUpdater (StateMachineUpdater.java:stopAndJoin(157)) - s3@group-7980D1787839-StateMachineUpdater: set stopIndex = -1
2023-12-13 16:20:52,510 [s3-impl-thread1] INFO  server.RaftServer$Division (ServerState.java:close(423)) - s3@group-7980D1787839: applyIndex: -1
2023-12-13 16:20:52,510 [s3@group-7980D1787839-cacheEviction-AwaitToRun] INFO  util.AwaitToRun (AwaitToRun.java:run(49)) - s3@group-7980D1787839-cacheEviction-AwaitToRun-AwaitForSignal is interrupted
2023-12-13 16:20:52,510 [MiniRaftCluster-9] INFO  server.RaftServer (RaftServerProxy.java:lambda$close$9(416)) - s4: close
2023-12-13 16:20:52,510 [s4-impl-thread1] INFO  server.RaftServer$Division (RaftServerImpl.java:lambda$close$3(516)) - s4@group-7980D1787839: shutdown
2023-12-13 16:20:52,511 [s4-impl-thread1] INFO  util.JmxRegister (JmxRegister.java:unregister(73)) - Successfully un-registered JMX Bean with object name Ratis:service=RaftServer,group=group-7980D1787839,id=s4
2023-12-13 16:20:52,511 [s4-impl-thread1] INFO  impl.StateMachineUpdater (StateMachineUpdater.java:stopAndJoin(157)) - s4@group-7980D1787839-StateMachineUpdater: set stopIndex = -1
2023-12-13 16:20:52,511 [s4-impl-thread1] INFO  server.RaftServer$Division (ServerState.java:close(423)) - s4@group-7980D1787839: applyIndex: -1
2023-12-13 16:20:52,511 [s4@group-7980D1787839-cacheEviction-AwaitToRun] INFO  util.AwaitToRun (AwaitToRun.java:run(49)) - s4@group-7980D1787839-cacheEviction-AwaitToRun-AwaitForSignal is interrupted
2023-12-13 16:20:52,514 [MiniRaftCluster-10] INFO  server.RaftServer (RaftServerProxy.java:lambda$close$9(416)) - s0: close
2023-12-13 16:20:52,514 [s0-impl-thread1] INFO  server.RaftServer$Division (RaftServerImpl.java:lambda$close$3(516)) - s0@group-7980D1787839: shutdown
2023-12-13 16:20:52,515 [s0-impl-thread1] INFO  util.JmxRegister (JmxRegister.java:unregister(73)) - Successfully un-registered JMX Bean with object name Ratis:service=RaftServer,group=group-7980D1787839,id=s0
2023-12-13 16:20:52,515 [s0-impl-thread1] INFO  impl.StateMachineUpdater (StateMachineUpdater.java:stopAndJoin(157)) - s0@group-7980D1787839-StateMachineUpdater: set stopIndex = -1
2023-12-13 16:20:52,515 [s0-impl-thread1] INFO  server.RaftServer$Division (ServerState.java:close(423)) - s0@group-7980D1787839: applyIndex: -1
2023-12-13 16:20:52,515 [s0@group-7980D1787839-cacheEviction-AwaitToRun] INFO  util.AwaitToRun (AwaitToRun.java:run(49)) - s0@group-7980D1787839-cacheEviction-AwaitToRun-AwaitForSignal is interrupted
2023-12-13 16:20:52,515 [MiniRaftCluster-8] INFO  server.GrpcService (GrpcService.java:closeImpl(311)) - s3: shutdown server GrpcServerProtocolService now
2023-12-13 16:20:52,515 [MiniRaftCluster-10] INFO  server.GrpcService (GrpcService.java:closeImpl(311)) - s0: shutdown server GrpcServerProtocolService now
2023-12-13 16:20:52,515 [s0-impl-thread2] INFO  server.RaftServer$Division (RaftServerImpl.java:lambda$close$3(516)) - s0@group-CFDA0681CEAE: shutdown
2023-12-13 16:20:52,519 [grpc-default-executor-1] WARN  server.GrpcServerProtocolService (LogUtils.java:warn(121)) - s3: APPEND_ENTRIES onError, lastRequest: s0->s3#10-t1,previous=(t:1, i:3),leaderCommit=3,initializing? false,entries: size=1, first=(t:1, i:4), METADATAENTRY(c:3): org.apache.ratis.thirdparty.io.grpc.StatusRuntimeException: CANCELLED: client cancelled
2023-12-13 16:20:52,517 [grpc-default-executor-3] WARN  server.GrpcServerProtocolService (LogUtils.java:warn(121)) - s3: APPEND_ENTRIES onError, lastRequest: null: org.apache.ratis.thirdparty.io.grpc.StatusRuntimeException: CANCELLED: client cancelled
2023-12-13 16:20:52,517 [MiniRaftCluster-9] INFO  server.GrpcService (GrpcService.java:closeImpl(311)) - s4: shutdown server GrpcServerProtocolService now
2023-12-13 16:20:52,519 [s0-impl-thread2] INFO  util.JmxRegister (JmxRegister.java:unregister(73)) - Successfully un-registered JMX Bean with object name Ratis:service=RaftServer,group=group-CFDA0681CEAE,id=s0
2023-12-13 16:20:52,519 [s0-impl-thread2] INFO  impl.RoleInfo (RoleInfo.java:shutdownLeaderState(94)) - s0: shutdown s0@group-CFDA0681CEAE-LeaderStateImpl
2023-12-13 16:20:52,519 [s0@group-CFDA0681CEAE->s1-GrpcLogAppender-LogAppenderDaemon] WARN  server.GrpcLogAppender (GrpcLogAppender.java:mayWait(279)) - s0@group-CFDA0681CEAE->s1-GrpcLogAppender: Wait interrupted by java.lang.InterruptedException
2023-12-13 16:20:52,520 [s0@group-CFDA0681CEAE->s2-GrpcLogAppender-LogAppenderDaemon] WARN  server.GrpcLogAppender (GrpcLogAppender.java:mayWait(279)) - s0@group-CFDA0681CEAE->s2-GrpcLogAppender: Wait interrupted by java.lang.InterruptedException
2023-12-13 16:20:52,520 [s0@group-CFDA0681CEAE->s4-GrpcLogAppender-LogAppenderDaemon] WARN  server.GrpcLogAppender (GrpcLogAppender.java:mayWait(279)) - s0@group-CFDA0681CEAE->s4-GrpcLogAppender: Wait interrupted by java.lang.InterruptedException
2023-12-13 16:20:52,520 [s0-impl-thread2] INFO  impl.PendingRequests (PendingRequests.java:sendNotLeaderResponses(289)) - s0@group-CFDA0681CEAE-PendingRequests: sendNotLeaderResponses
2023-12-13 16:20:52,520 [s0@group-CFDA0681CEAE->s3-GrpcLogAppender-LogAppenderDaemon] WARN  server.GrpcLogAppender (GrpcLogAppender.java:mayWait(279)) - s0@group-CFDA0681CEAE->s3-GrpcLogAppender: Wait interrupted by java.lang.InterruptedException
2023-12-13 16:20:52,520 [grpc-default-executor-1] INFO  server.GrpcServerProtocolService (GrpcServerProtocolService.java:onCompleted(157)) - s2: Completed APPEND_ENTRIES, lastRequest: null
2023-12-13 16:20:52,520 [grpc-default-executor-1] INFO  server.GrpcServerProtocolService (GrpcServerProtocolService.java:lambda$onCompleted$5(159)) - s2: Completed APPEND_ENTRIES, lastReply: serverReply {
  requestorId: "s0"
  replyId: "s2"
  raftGroupId {
    id: "\212(\310w\226\214In\207p\317\332\006\201\316\256"
  }
  callId: 14
  success: true
}
term: 1
nextIndex: 1
matchIndex: 18446744073709551615
isHearbeat: true

2023-12-13 16:20:52,526 [MiniRaftCluster-12] INFO  server.RaftServer (RaftServerProxy.java:lambda$close$9(416)) - s2: close
2023-12-13 16:20:52,526 [MiniRaftCluster-11] INFO  server.RaftServer (RaftServerProxy.java:lambda$close$9(416)) - s1: close
2023-12-13 16:20:52,526 [s2-impl-thread1] INFO  server.RaftServer$Division (RaftServerImpl.java:lambda$close$3(516)) - s2@group-7980D1787839: shutdown
2023-12-13 16:20:52,527 [s1-impl-thread1] INFO  server.RaftServer$Division (RaftServerImpl.java:lambda$close$3(516)) - s1@group-7980D1787839: shutdown
2023-12-13 16:20:52,527 [s2-impl-thread1] INFO  util.JmxRegister (JmxRegister.java:unregister(73)) - Successfully un-registered JMX Bean with object name Ratis:service=RaftServer,group=group-7980D1787839,id=s2
2023-12-13 16:20:52,527 [s1-impl-thread1] INFO  util.JmxRegister (JmxRegister.java:unregister(73)) - Successfully un-registered JMX Bean with object name Ratis:service=RaftServer,group=group-7980D1787839,id=s1
2023-12-13 16:20:52,527 [s2-impl-thread1] INFO  impl.StateMachineUpdater (StateMachineUpdater.java:stopAndJoin(157)) - s2@group-7980D1787839-StateMachineUpdater: set stopIndex = -1
2023-12-13 16:20:52,527 [s1-impl-thread1] INFO  impl.StateMachineUpdater (StateMachineUpdater.java:stopAndJoin(157)) - s1@group-7980D1787839-StateMachineUpdater: set stopIndex = -1
2023-12-13 16:20:52,527 [s3-impl-thread2] INFO  server.RaftServer$Division (RaftServerImpl.java:lambda$close$3(516)) - s3@group-CFDA0681CEAE: shutdown
2023-12-13 16:20:52,527 [s2-impl-thread1] INFO  server.RaftServer$Division (ServerState.java:close(423)) - s2@group-7980D1787839: applyIndex: -1
2023-12-13 16:20:52,527 [s1-impl-thread1] INFO  server.RaftServer$Division (ServerState.java:close(423)) - s1@group-7980D1787839: applyIndex: -1
2023-12-13 16:20:52,527 [s2@group-7980D1787839-cacheEviction-AwaitToRun] INFO  util.AwaitToRun (AwaitToRun.java:run(49)) - s2@group-7980D1787839-cacheEviction-AwaitToRun-AwaitForSignal is interrupted
2023-12-13 16:20:52,527 [s1@group-7980D1787839-cacheEviction-AwaitToRun] INFO  util.AwaitToRun (AwaitToRun.java:run(49)) - s1@group-7980D1787839-cacheEviction-AwaitToRun-AwaitForSignal is interrupted
2023-12-13 16:20:52,527 [s3-impl-thread2] INFO  util.JmxRegister (JmxRegister.java:unregister(73)) - Successfully un-registered JMX Bean with object name Ratis:service=RaftServer,group=group-CFDA0681CEAE,id=s3
2023-12-13 16:20:52,527 [s3-impl-thread2] INFO  impl.RoleInfo (RoleInfo.java:shutdownFollowerState(110)) - s3: shutdown s3@group-CFDA0681CEAE-FollowerState
2023-12-13 16:20:52,527 [s3@group-CFDA0681CEAE-FollowerState] INFO  impl.FollowerState (FollowerState.java:run(152)) - s3@group-CFDA0681CEAE-FollowerState was interrupted
2023-12-13 16:20:52,527 [s3-impl-thread2] INFO  impl.StateMachineUpdater (StateMachineUpdater.java:stopAndJoin(157)) - s3@group-CFDA0681CEAE-StateMachineUpdater: set stopIndex = 3
2023-12-13 16:20:52,527 [s3-impl-thread2] INFO  server.RaftServer$Division (ServerState.java:close(423)) - s3@group-CFDA0681CEAE: applyIndex: 3
2023-12-13 16:20:52,527 [s3@group-CFDA0681CEAE-cacheEviction-AwaitToRun] INFO  util.AwaitToRun (AwaitToRun.java:run(49)) - s3@group-CFDA0681CEAE-cacheEviction-AwaitToRun-AwaitForSignal is interrupted
2023-12-13 16:20:52,527 [MiniRaftCluster-12] INFO  server.GrpcService (GrpcService.java:closeImpl(311)) - s2: shutdown server GrpcServerProtocolService now
2023-12-13 16:20:52,528 [s4-impl-thread2] INFO  server.RaftServer$Division (RaftServerImpl.java:lambda$close$3(516)) - s4@group-CFDA0681CEAE: shutdown
2023-12-13 16:20:52,528 [s4-impl-thread2] INFO  util.JmxRegister (JmxRegister.java:unregister(73)) - Successfully un-registered JMX Bean with object name Ratis:service=RaftServer,group=group-CFDA0681CEAE,id=s4
2023-12-13 16:20:52,528 [s4-impl-thread2] INFO  impl.RoleInfo (RoleInfo.java:shutdownFollowerState(110)) - s4: shutdown s4@group-CFDA0681CEAE-FollowerState
2023-12-13 16:20:52,528 [s4@group-CFDA0681CEAE-FollowerState] INFO  impl.FollowerState (FollowerState.java:run(152)) - s4@group-CFDA0681CEAE-FollowerState was interrupted
2023-12-13 16:20:52,528 [s4-impl-thread2] INFO  impl.StateMachineUpdater (StateMachineUpdater.java:stopAndJoin(157)) - s4@group-CFDA0681CEAE-StateMachineUpdater: set stopIndex = 3
2023-12-13 16:20:52,528 [s4-impl-thread2] INFO  server.RaftServer$Division (ServerState.java:close(423)) - s4@group-CFDA0681CEAE: applyIndex: 3
2023-12-13 16:20:52,528 [s4@group-CFDA0681CEAE-cacheEviction-AwaitToRun] INFO  util.AwaitToRun (AwaitToRun.java:run(49)) - s4@group-CFDA0681CEAE-cacheEviction-AwaitToRun-AwaitForSignal is interrupted
2023-12-13 16:20:52,529 [MiniRaftCluster-11] INFO  server.GrpcService (GrpcService.java:closeImpl(311)) - s1: shutdown server GrpcServerProtocolService now
2023-12-13 16:20:52,529 [s2-impl-thread2] INFO  server.RaftServer$Division (RaftServerImpl.java:lambda$close$3(516)) - s2@group-CFDA0681CEAE: shutdown
2023-12-13 16:20:52,529 [s2-impl-thread2] INFO  util.JmxRegister (JmxRegister.java:unregister(73)) - Successfully un-registered JMX Bean with object name Ratis:service=RaftServer,group=group-CFDA0681CEAE,id=s2
2023-12-13 16:20:52,529 [s2-impl-thread2] INFO  impl.RoleInfo (RoleInfo.java:shutdownFollowerState(110)) - s2: shutdown s2@group-CFDA0681CEAE-FollowerState
2023-12-13 16:20:52,529 [s2@group-CFDA0681CEAE-FollowerState] INFO  impl.FollowerState (FollowerState.java:run(152)) - s2@group-CFDA0681CEAE-FollowerState was interrupted
2023-12-13 16:20:52,529 [s1-impl-thread2] INFO  server.RaftServer$Division (RaftServerImpl.java:lambda$close$3(516)) - s1@group-CFDA0681CEAE: shutdown
2023-12-13 16:20:52,529 [s1-impl-thread2] INFO  util.JmxRegister (JmxRegister.java:unregister(73)) - Successfully un-registered JMX Bean with object name Ratis:service=RaftServer,group=group-CFDA0681CEAE,id=s1
2023-12-13 16:20:52,529 [s1-impl-thread2] INFO  impl.RoleInfo (RoleInfo.java:shutdownFollowerState(110)) - s1: shutdown s1@group-CFDA0681CEAE-FollowerState
2023-12-13 16:20:52,529 [s1-impl-thread2] INFO  impl.StateMachineUpdater (StateMachineUpdater.java:stopAndJoin(157)) - s1@group-CFDA0681CEAE-StateMachineUpdater: set stopIndex = 3
2023-12-13 16:20:52,529 [s1@group-CFDA0681CEAE-FollowerState] INFO  impl.FollowerState (FollowerState.java:run(152)) - s1@group-CFDA0681CEAE-FollowerState was interrupted
2023-12-13 16:20:52,530 [s1-impl-thread2] INFO  server.RaftServer$Division (ServerState.java:close(423)) - s1@group-CFDA0681CEAE: applyIndex: 3
2023-12-13 16:20:52,530 [s1@group-CFDA0681CEAE-cacheEviction-AwaitToRun] INFO  util.AwaitToRun (AwaitToRun.java:run(49)) - s1@group-CFDA0681CEAE-cacheEviction-AwaitToRun-AwaitForSignal is interrupted
2023-12-13 16:20:52,530 [MiniRaftCluster-8] INFO  server.GrpcService (GrpcService.java:closeImpl(320)) - s3: shutdown server GrpcServerProtocolService successfully
2023-12-13 16:20:52,530 [s2-impl-thread2] INFO  impl.StateMachineUpdater (StateMachineUpdater.java:stopAndJoin(157)) - s2@group-CFDA0681CEAE-StateMachineUpdater: set stopIndex = 3
2023-12-13 16:20:52,531 [s2-impl-thread2] INFO  server.RaftServer$Division (ServerState.java:close(423)) - s2@group-CFDA0681CEAE: applyIndex: 3
2023-12-13 16:20:52,531 [s2@group-CFDA0681CEAE-cacheEviction-AwaitToRun] INFO  util.AwaitToRun (AwaitToRun.java:run(49)) - s2@group-CFDA0681CEAE-cacheEviction-AwaitToRun-AwaitForSignal is interrupted
2023-12-13 16:20:52,535 [grpc-default-executor-6] INFO  server.GrpcServerProtocolService (GrpcServerProtocolService.java:onCompleted(157)) - s4: Completed APPEND_ENTRIES, lastRequest: s0->s4#12-t1,previous=(t:1, i:3),leaderCommit=3,initializing? false,entries: size=1, first=(t:1, i:4), METADATAENTRY(c:3)
2023-12-13 16:20:52,539 [grpc-default-executor-6] INFO  server.GrpcServerProtocolService (GrpcServerProtocolService.java:lambda$onCompleted$5(159)) - s4: Completed APPEND_ENTRIES, lastReply: null
2023-12-13 16:20:52,539 [grpc-default-executor-2] INFO  server.GrpcLogAppender (GrpcLogAppender.java:onError(523)) - s0@group-CFDA0681CEAE->s3-GrpcLogAppender is already stopped
2023-12-13 16:20:52,540 [grpc-default-executor-4] WARN  server.GrpcServerProtocolService (LogUtils.java:warn(121)) - s1: APPEND_ENTRIES onError, lastRequest: null: org.apache.ratis.thirdparty.io.grpc.StatusRuntimeException: CANCELLED: client cancelled
2023-12-13 16:20:52,540 [grpc-default-executor-2] INFO  server.GrpcLogAppender (GrpcLogAppender.java:onCompleted(534)) - s0@group-CFDA0681CEAE->s4-AppendLogResponseHandler: follower responses appendEntries COMPLETED
2023-12-13 16:20:52,540 [grpc-default-executor-4] WARN  server.GrpcServerProtocolService (LogUtils.java:warn(121)) - s2: APPEND_ENTRIES onError, lastRequest: s0->s2#22-t1,previous=(t:1, i:3),leaderCommit=3,initializing? false,entries: size=1, first=(t:1, i:4), METADATAENTRY(c:3): org.apache.ratis.thirdparty.io.grpc.StatusRuntimeException: CANCELLED: client cancelled
2023-12-13 16:20:52,540 [Thread-270] INFO  server.GrpcServerProtocolClient (GrpcServerProtocolClient.java:close(103)) - s3 Close channels
2023-12-13 16:20:52,540 [grpc-default-executor-7] INFO  server.GrpcLogAppender (GrpcLogAppender.java:onCompleted(534)) - s0@group-CFDA0681CEAE->s2-AppendLogResponseHandler: follower responses appendEntries COMPLETED
2023-12-13 16:20:52,540 [Thread-275] INFO  server.GrpcServerProtocolClient (GrpcServerProtocolClient.java:close(103)) - s4 Close channels
2023-12-13 16:20:52,543 [grpc-default-executor-6] WARN  server.GrpcServerProtocolService (LogUtils.java:warn(121)) - s4: APPEND_ENTRIES onError, lastRequest: null: org.apache.ratis.thirdparty.io.grpc.StatusRuntimeException: CANCELLED: client cancelled
2023-12-13 16:20:52,543 [MiniRaftCluster-9] INFO  server.GrpcService (GrpcService.java:closeImpl(320)) - s4: shutdown server GrpcServerProtocolService successfully
2023-12-13 16:20:52,544 [grpc-default-executor-3] WARN  server.GrpcServerProtocolService (LogUtils.java:warn(121)) - s1: APPEND_ENTRIES onError, lastRequest: s0->s1#24-t1,previous=(t:1, i:3),leaderCommit=3,initializing? false,entries: size=1, first=(t:1, i:4), METADATAENTRY(c:3): org.apache.ratis.thirdparty.io.grpc.StatusRuntimeException: CANCELLED: client cancelled
2023-12-13 16:20:52,544 [grpc-default-executor-2] INFO  server.GrpcLogAppender (GrpcLogAppender.java:onError(523)) - s0@group-CFDA0681CEAE->s2-GrpcLogAppender is already stopped
2023-12-13 16:20:52,544 [grpc-default-executor-0] INFO  server.GrpcLogAppender (GrpcLogAppender.java:onError(523)) - s0@group-CFDA0681CEAE->s1-GrpcLogAppender is already stopped
2023-12-13 16:20:52,544 [grpc-default-executor-6] INFO  server.GrpcLogAppender (GrpcLogAppender.java:onError(523)) - s0@group-CFDA0681CEAE->s1-GrpcLogAppender is already stopped
2023-12-13 16:20:52,544 [Thread-285] INFO  server.GrpcServerProtocolClient (GrpcServerProtocolClient.java:close(103)) - s2 Close channels
2023-12-13 16:20:52,544 [Thread-284] INFO  server.GrpcServerProtocolClient (GrpcServerProtocolClient.java:close(103)) - s1 Close channels
2023-12-13 16:20:52,545 [grpc-default-executor-1] INFO  server.GrpcLogAppender (GrpcLogAppender.java:onError(523)) - s0@group-CFDA0681CEAE->s4-GrpcLogAppender is already stopped
2023-12-13 16:20:52,545 [s0-impl-thread2] INFO  impl.StateMachineUpdater (StateMachineUpdater.java:stopAndJoin(157)) - s0@group-CFDA0681CEAE-StateMachineUpdater: set stopIndex = 4
2023-12-13 16:20:52,546 [s0-impl-thread2] INFO  server.RaftServer$Division (ServerState.java:close(423)) - s0@group-CFDA0681CEAE: applyIndex: 4
2023-12-13 16:20:52,546 [s0@group-CFDA0681CEAE-cacheEviction-AwaitToRun] INFO  util.AwaitToRun (AwaitToRun.java:run(49)) - s0@group-CFDA0681CEAE-cacheEviction-AwaitToRun-AwaitForSignal is interrupted
2023-12-13 16:20:52,546 [MiniRaftCluster-12] INFO  server.GrpcService (GrpcService.java:closeImpl(320)) - s2: shutdown server GrpcServerProtocolService successfully
2023-12-13 16:20:52,546 [grpc-default-executor-5] INFO  server.GrpcLogAppender (GrpcLogAppender.java:onError(523)) - s0@group-CFDA0681CEAE->s3-GrpcLogAppender is already stopped
2023-12-13 16:20:52,547 [MiniRaftCluster-11] INFO  server.GrpcService (GrpcService.java:closeImpl(320)) - s1: shutdown server GrpcServerProtocolService successfully
2023-12-13 16:20:52,547 [MiniRaftCluster-10] INFO  server.GrpcService (GrpcService.java:closeImpl(320)) - s0: shutdown server GrpcServerProtocolService successfully
2023-12-13 16:20:52,711 [s3-impl-thread1] INFO  segmented.SegmentedRaftLogWorker (SegmentedRaftLogWorker.java:close(245)) - s3@group-7980D1787839-SegmentedRaftLogWorker close()
2023-12-13 16:20:52,718 [s4-impl-thread1] INFO  segmented.SegmentedRaftLogWorker (SegmentedRaftLogWorker.java:close(245)) - s4@group-7980D1787839-SegmentedRaftLogWorker close()
2023-12-13 16:20:52,726 [s0-impl-thread1] INFO  segmented.SegmentedRaftLogWorker (SegmentedRaftLogWorker.java:close(245)) - s0@group-7980D1787839-SegmentedRaftLogWorker close()
2023-12-13 16:20:52,732 [s1-impl-thread1] INFO  segmented.SegmentedRaftLogWorker (SegmentedRaftLogWorker.java:close(245)) - s1@group-7980D1787839-SegmentedRaftLogWorker close()
2023-12-13 16:20:52,739 [s2-impl-thread1] INFO  segmented.SegmentedRaftLogWorker (SegmentedRaftLogWorker.java:close(245)) - s2@group-7980D1787839-SegmentedRaftLogWorker close()
2023-12-13 16:20:53,485 [s0-impl-thread2] INFO  segmented.SegmentedRaftLogWorker (SegmentedRaftLogWorker.java:close(245)) - s0@group-CFDA0681CEAE-SegmentedRaftLogWorker close()
2023-12-13 16:20:53,487 [s1-impl-thread2] INFO  segmented.SegmentedRaftLogWorker (SegmentedRaftLogWorker.java:close(245)) - s1@group-CFDA0681CEAE-SegmentedRaftLogWorker close()
2023-12-13 16:20:53,487 [s3-impl-thread2] INFO  segmented.SegmentedRaftLogWorker (SegmentedRaftLogWorker.java:close(245)) - s3@group-CFDA0681CEAE-SegmentedRaftLogWorker close()
2023-12-13 16:20:53,487 [JvmPauseMonitor12] INFO  util.JvmPauseMonitor (JvmPauseMonitor.java:run(152)) - JvmPauseMonitor-s0: Stopped
2023-12-13 16:20:53,488 [JvmPauseMonitor13] INFO  util.JvmPauseMonitor (JvmPauseMonitor.java:run(152)) - JvmPauseMonitor-s1: Stopped
2023-12-13 16:20:53,489 [s2-impl-thread2] INFO  segmented.SegmentedRaftLogWorker (SegmentedRaftLogWorker.java:close(245)) - s2@group-CFDA0681CEAE-SegmentedRaftLogWorker close()
2023-12-13 16:20:53,489 [JvmPauseMonitor10] INFO  util.JvmPauseMonitor (JvmPauseMonitor.java:run(152)) - JvmPauseMonitor-s3: Stopped
2023-12-13 16:20:53,489 [JvmPauseMonitor14] INFO  util.JvmPauseMonitor (JvmPauseMonitor.java:run(152)) - JvmPauseMonitor-s2: Stopped
2023-12-13 16:20:53,497 [s4-impl-thread2] INFO  segmented.SegmentedRaftLogWorker (SegmentedRaftLogWorker.java:close(245)) - s4@group-CFDA0681CEAE-SegmentedRaftLogWorker close()
2023-12-13 16:20:53,498 [JvmPauseMonitor11] INFO  util.JvmPauseMonitor (JvmPauseMonitor.java:run(152)) - JvmPauseMonitor-s4: Stopped
2023-12-13 16:20:53,498 [Time-limited test] INFO  impl.MiniRaftCluster (MiniRaftCluster.java:shutdown(855)) - MiniRaftClusterWithGrpc shutdown completed
| MiniRaftClusterWithGrpc[3, 4, 5]chosen=0 | shutdown | 31 |
]]></system-out>
  </testcase>
  <testcase name="testMultiGroup7Nodes" classname="org.apache.ratis.grpc.TestGroupManagementWithGrpc" time="1.066">
    <error message="Failed to start Grpc server" type="org.apache.ratis.util.ExitUtils$ExitException"><![CDATA[org.apache.ratis.util.ExitUtils$ExitException: Failed to start Grpc server
	at org.apache.ratis.util.ExitUtils.terminate(ExitUtils.java:141)
	at org.apache.ratis.util.ExitUtils.terminate(ExitUtils.java:151)
	at org.apache.ratis.grpc.server.GrpcService.startImpl(GrpcService.java:300)
	at org.apache.ratis.util.LifeCycle.startAndTransition(LifeCycle.java:270)
	at org.apache.ratis.server.RaftServerRpcWithProxy.start(RaftServerRpcWithProxy.java:72)
	at org.apache.ratis.server.impl.RaftServerProxy.startImpl(RaftServerProxy.java:407)
	at org.apache.ratis.util.LifeCycle.startAndTransition(LifeCycle.java:270)
	at org.apache.ratis.server.impl.RaftServerProxy.start(RaftServerProxy.java:400)
	at org.apache.ratis.server.impl.MiniRaftCluster.startServers(MiniRaftCluster.java:499)
	at org.apache.ratis.server.impl.MiniRaftCluster.start(MiniRaftCluster.java:346)
	at org.apache.ratis.server.impl.GroupManagementBaseTest.runMultiGroupTest(GroupManagementBaseTest.java:263)
	at org.apache.ratis.server.impl.GroupManagementBaseTest.runMultiGroupTest(GroupManagementBaseTest.java:237)
	at org.apache.ratis.server.impl.GroupManagementBaseTest.testMultiGroup7Nodes(GroupManagementBaseTest.java:226)
	at java.base/jdk.internal.reflect.NativeMethodAccessorImpl.invoke0(Native Method)
	at java.base/jdk.internal.reflect.NativeMethodAccessorImpl.invoke(NativeMethodAccessorImpl.java:62)
	at java.base/jdk.internal.reflect.DelegatingMethodAccessorImpl.invoke(DelegatingMethodAccessorImpl.java:43)
	at java.base/java.lang.reflect.Method.invoke(Method.java:566)
	at org.junit.runners.model.FrameworkMethod$1.runReflectiveCall(FrameworkMethod.java:59)
	at org.junit.internal.runners.model.ReflectiveCallable.run(ReflectiveCallable.java:12)
	at org.junit.runners.model.FrameworkMethod.invokeExplosively(FrameworkMethod.java:56)
	at org.junit.internal.runners.statements.InvokeMethod.evaluate(InvokeMethod.java:17)
	at org.junit.internal.runners.statements.RunAfters.evaluate(RunAfters.java:27)
	at org.junit.internal.runners.statements.FailOnTimeout$CallableStatement.call(FailOnTimeout.java:299)
	at org.junit.internal.runners.statements.FailOnTimeout$CallableStatement.call(FailOnTimeout.java:293)
	at java.base/java.util.concurrent.FutureTask.run(FutureTask.java:264)
	at java.base/java.lang.Thread.run(Thread.java:829)
Caused by: java.io.IOException: Failed to bind to address 0.0.0.0/0.0.0.0:45461
	at org.apache.ratis.thirdparty.io.grpc.netty.NettyServer.start(NettyServer.java:326)
	at org.apache.ratis.thirdparty.io.grpc.internal.ServerImpl.start(ServerImpl.java:185)
	at org.apache.ratis.thirdparty.io.grpc.internal.ServerImpl.start(ServerImpl.java:94)
	at org.apache.ratis.grpc.server.GrpcService.startImpl(GrpcService.java:298)
	... 23 more
Caused by: org.apache.ratis.thirdparty.io.netty.channel.unix.Errors$NativeIoException: bind(..) failed: Address already in use
]]></error>
    <system-out><![CDATA[2023-12-13 16:20:53,498 [main] INFO  util.LogUtils (Slf4jUtils.java:setLogLevel(38)) - Successfully set org.apache.ratis.conf.ConfUtils log level to WARN
2023-12-13 16:20:53,498 [main] INFO  util.LogUtils (Slf4jUtils.java:setLogLevel(38)) - Successfully set org.apache.ratis.util.FileUtils log level to TRACE
2023-12-13 16:20:53,498 [main] INFO  util.LogUtils (Slf4jUtils.java:setLogLevel(38)) - Successfully set org.apache.ratis.server.RaftServer log level to DEBUG
2023-12-13 16:20:53,498 [main] INFO  util.LogUtils (Slf4jUtils.java:setLogLevel(38)) - Successfully set org.apache.ratis.server.RaftServer$Division log level to DEBUG
2023-12-13 16:20:53,498 [main] INFO  util.LogUtils (Slf4jUtils.java:setLogLevel(38)) - Successfully set org.apache.ratis.client.RaftClient log level to DEBUG
| null | init | 31 |
2023-12-13 16:20:53,499 [Time-limited test] INFO  impl.MiniRaftCluster (MiniRaftCluster.java:<init>(306)) - new MiniRaftClusterWithGrpc with group-46E70943D4F8:[]
2023-12-13 16:20:53,499 [Time-limited test] INFO  impl.GroupManagementBaseTest (GroupManagementBaseTest.java:runMultiGroupTest(251)) - 

runMultiGroupTest with MiniRaftClusterWithGrpc[1, 6, 7]chosen=1: printing ALL groups
2023-12-13 16:20:53,500 [Time-limited test] INFO  impl.GroupManagementBaseTest (GroupManagementBaseTest.java:runMultiGroupTest(258)) - ids: [s0, s1, s2, s3, s4, s5, s6]
2023-12-13 16:20:53,500 [Time-limited test] INFO  impl.MiniRaftCluster (MiniRaftCluster.java:newRaftServer(382)) - newRaftServer: s0, group-46E70943D4F8:[], format? true
2023-12-13 16:20:53,500 [Time-limited test] TRACE util.FileUtils (FileUtils.java:deleteFully(305)) - deleteFully target/test/data/1e4ee837/MiniRaftClusterWithGrpcb6381943/s0
2023-12-13 16:20:53,500 [Time-limited test] TRACE util.FileUtils (FileUtils.java:deleteFully(318)) - deleteFully: target/test/data/1e4ee837/MiniRaftClusterWithGrpcb6381943/s0 does not exist.
2023-12-13 16:20:53,500 [Time-limited test] INFO  impl.MiniRaftCluster (MiniRaftCluster.java:newRaftServer(387)) - Formatted directory target/test/data/1e4ee837/MiniRaftClusterWithGrpcb6381943/s0
2023-12-13 16:20:53,500 [Time-limited test] DEBUG server.RaftServer (ServerImplUtils.java:newRaftServer(51)) - newRaftServer: s0, group-46E70943D4F8:[]
2023-12-13 16:20:53,500 [Time-limited test] INFO  server.RaftServer (ConfUtils.java:logGet(46)) - raft.rpc.type = GRPC (default)
2023-12-13 16:20:53,500 [Time-limited test] INFO  grpc.GrpcConfigKeys (ConfUtils.java:logFallback(53)) - raft.grpc.admin.host = null (fallback to raft.grpc.server.host)
2023-12-13 16:20:53,500 [Time-limited test] INFO  grpc.GrpcConfigKeys (ConfUtils.java:logFallback(53)) - raft.grpc.admin.port = 45461 (fallback to raft.grpc.server.port)
2023-12-13 16:20:53,500 [Time-limited test] INFO  grpc.GrpcConfigKeys (ConfUtils.java:logFallback(53)) - raft.grpc.client.host = null (fallback to raft.grpc.server.host)
2023-12-13 16:20:53,500 [Time-limited test] INFO  grpc.GrpcConfigKeys (ConfUtils.java:logFallback(53)) - raft.grpc.client.port = 45461 (fallback to raft.grpc.server.port)
2023-12-13 16:20:53,500 [Time-limited test] INFO  grpc.GrpcConfigKeys (ConfUtils.java:logGet(46)) - raft.grpc.server.host = null (default)
2023-12-13 16:20:53,500 [Time-limited test] INFO  grpc.GrpcConfigKeys (ConfUtils.java:logGet(46)) - raft.grpc.server.port = 45461 (custom)
2023-12-13 16:20:53,501 [Time-limited test] INFO  server.GrpcService (ConfUtils.java:logGet(46)) - raft.grpc.message.size.max = 64MB (=67108864) (default)
2023-12-13 16:20:53,501 [Time-limited test] INFO  server.RaftServerConfigKeys (ConfUtils.java:logGet(46)) - raft.server.log.appender.buffer.byte-limit = 4MB (=4194304) (default)
2023-12-13 16:20:53,501 [Time-limited test] INFO  server.GrpcService (ConfUtils.java:logGet(46)) - raft.grpc.flow.control.window = 1MB (=1048576) (default)
2023-12-13 16:20:53,501 [Time-limited test] INFO  server.RaftServerConfigKeys (ConfUtils.java:logGet(46)) - raft.server.rpc.request.timeout = 3000ms (default)
2023-12-13 16:20:53,501 [Time-limited test] INFO  grpc.GrpcConfigKeys (ConfUtils.java:logGet(46)) - raft.grpc.server.heartbeat.channel = true (default)
2023-12-13 16:20:53,501 [Time-limited test] INFO  grpc.GrpcConfigKeys (ConfUtils.java:logGet(46)) - raft.grpc.server.async.request.thread.pool.cached = true (default)
2023-12-13 16:20:53,501 [Time-limited test] INFO  grpc.GrpcConfigKeys (ConfUtils.java:logGet(46)) - raft.grpc.server.async.request.thread.pool.size = 32 (default)
2023-12-13 16:20:53,501 [Time-limited test] INFO  impl.DataStreamServerImpl (ConfUtils.java:logGet(46)) - raft.datastream.type = DISABLED (default)
2023-12-13 16:20:53,502 [Time-limited test] INFO  server.RaftServerConfigKeys (ConfUtils.java:logGet(46)) - raft.server.sleep.deviation.threshold = 300ms (default)
2023-12-13 16:20:53,502 [Time-limited test] INFO  server.RaftServerConfigKeys (ConfUtils.java:logGet(46)) - raft.server.close.threshold = 60s (default)
2023-12-13 16:20:53,502 [Time-limited test] INFO  server.RaftServerConfigKeys (ConfUtils.java:logGet(46)) - raft.server.leaderelection.leader.step-down.wait-time = 10s (default)
2023-12-13 16:20:53,502 [Time-limited test] INFO  server.RaftServerConfigKeys (ConfUtils.java:logGet(46)) - raft.server.storage.dir = [/home/runner/work/ratis/ratis/ratis-test/target/test/data/1e4ee837/MiniRaftClusterWithGrpcb6381943/s0] (custom)
2023-12-13 16:20:53,502 [Time-limited test] INFO  server.RaftServerConfigKeys (ConfUtils.java:logGet(46)) - raft.server.threadpool.proxy.cached = true (default)
2023-12-13 16:20:53,502 [Time-limited test] INFO  server.RaftServerConfigKeys (ConfUtils.java:logGet(46)) - raft.server.threadpool.proxy.size = 0 (default)
2023-12-13 16:20:53,502 [Time-limited test] INFO  server.RaftServer (RaftServerProxy.java:addNew(100)) - s0: addNew group-46E70943D4F8:[] returns group-46E70943D4F8:java.util.concurrent.CompletableFuture@2b6adc2d[Not completed]
2023-12-13 16:20:53,503 [s0-groupManagement] INFO  server.RaftServer$Division (RaftServerImpl.java:<init>(256)) - s0: new RaftServerImpl for group-46E70943D4F8:[] with BaseStateMachine:uninitialized
2023-12-13 16:20:53,503 [Time-limited test] INFO  impl.MiniRaftCluster (MiniRaftCluster.java:newRaftServer(382)) - newRaftServer: s1, group-46E70943D4F8:[], format? true
2023-12-13 16:20:53,503 [s0-groupManagement] INFO  server.RaftServerConfigKeys (ConfUtils.java:logGet(46)) - raft.server.rpc.timeout.min = 1500ms (custom)
2023-12-13 16:20:53,503 [Time-limited test] TRACE util.FileUtils (FileUtils.java:deleteFully(305)) - deleteFully target/test/data/1e4ee837/MiniRaftClusterWithGrpcb6381943/s1
2023-12-13 16:20:53,503 [s0-groupManagement] INFO  server.RaftServerConfigKeys (ConfUtils.java:logGet(46)) - raft.server.rpc.timeout.max = 2000ms (custom)
2023-12-13 16:20:53,503 [s0-groupManagement] INFO  server.RaftServerConfigKeys (ConfUtils.java:logGet(46)) - raft.server.rpc.sleep.time = 25ms (default)
2023-12-13 16:20:53,503 [Time-limited test] TRACE util.FileUtils (FileUtils.java:deleteFully(318)) - deleteFully: target/test/data/1e4ee837/MiniRaftClusterWithGrpcb6381943/s1 does not exist.
2023-12-13 16:20:53,503 [s0-groupManagement] INFO  server.RaftServerConfigKeys (ConfUtils.java:logGet(46)) - raft.server.rpc.slowness.timeout = 60s (default)
2023-12-13 16:20:53,503 [Time-limited test] INFO  impl.MiniRaftCluster (MiniRaftCluster.java:newRaftServer(387)) - Formatted directory target/test/data/1e4ee837/MiniRaftClusterWithGrpcb6381943/s1
2023-12-13 16:20:53,503 [s0-groupManagement] INFO  server.RaftServerConfigKeys (ConfUtils.java:logGet(46)) - raft.server.leaderelection.leader.step-down.wait-time = 10s (default)
2023-12-13 16:20:53,503 [s0-groupManagement] INFO  server.RaftServerConfigKeys (ConfUtils.java:logGet(46)) - raft.server.leaderelection.member.majority-add = false (default)
2023-12-13 16:20:53,503 [s0-groupManagement] INFO  server.RaftServerConfigKeys (ConfUtils.java:logGet(46)) - raft.server.sleep.deviation.threshold = 300ms (default)
2023-12-13 16:20:53,503 [Time-limited test] DEBUG server.RaftServer (ServerImplUtils.java:newRaftServer(51)) - newRaftServer: s1, group-46E70943D4F8:[]
2023-12-13 16:20:53,503 [s0-groupManagement] INFO  server.RaftServer$Division (ServerState.java:<init>(113)) - s0@group-46E70943D4F8: ConfigurationManager, init=-1: peers:[]|listeners:[], old=null, confs=<EMPTY_MAP>
2023-12-13 16:20:53,503 [Time-limited test] INFO  server.RaftServer (ConfUtils.java:logGet(46)) - raft.rpc.type = GRPC (default)
2023-12-13 16:20:53,503 [s0-groupManagement] INFO  server.RaftServerConfigKeys (ConfUtils.java:logGet(46)) - raft.server.notification.no-leader.timeout = 60s (default)
2023-12-13 16:20:53,503 [Time-limited test] INFO  grpc.GrpcConfigKeys (ConfUtils.java:logFallback(53)) - raft.grpc.admin.host = null (fallback to raft.grpc.server.host)
2023-12-13 16:20:53,503 [s0-groupManagement] INFO  server.RaftServerConfigKeys (ConfUtils.java:logGet(46)) - raft.server.read.timeout = 10s (default)
2023-12-13 16:20:53,503 [Time-limited test] INFO  grpc.GrpcConfigKeys (ConfUtils.java:logFallback(53)) - raft.grpc.admin.port = 36481 (fallback to raft.grpc.server.port)
2023-12-13 16:20:53,503 [s0-groupManagement] INFO  server.RaftServerConfigKeys (ConfUtils.java:logGet(46)) - raft.server.retrycache.expirytime = 60s (default)
2023-12-13 16:20:53,503 [Time-limited test] INFO  grpc.GrpcConfigKeys (ConfUtils.java:logFallback(53)) - raft.grpc.client.host = null (fallback to raft.grpc.server.host)
2023-12-13 16:20:53,503 [s0-groupManagement] INFO  server.RaftServerConfigKeys (ConfUtils.java:logGet(46)) - raft.server.retrycache.statistics.expirytime = 100ms (default)
2023-12-13 16:20:53,503 [Time-limited test] INFO  grpc.GrpcConfigKeys (ConfUtils.java:logFallback(53)) - raft.grpc.client.port = 36481 (fallback to raft.grpc.server.port)
2023-12-13 16:20:53,503 [Time-limited test] INFO  grpc.GrpcConfigKeys (ConfUtils.java:logGet(46)) - raft.grpc.server.host = null (default)
2023-12-13 16:20:53,503 [s0-groupManagement] INFO  server.RaftServerConfigKeys (ConfUtils.java:logGet(46)) - raft.server.read.option = DEFAULT (default)
2023-12-13 16:20:53,503 [Time-limited test] INFO  grpc.GrpcConfigKeys (ConfUtils.java:logGet(46)) - raft.grpc.server.port = 36481 (custom)
2023-12-13 16:20:53,503 [s0-groupManagement] INFO  server.RaftServerConfigKeys (ConfUtils.java:logGet(46)) - raft.server.read.read-after-write-consistent.write-index-cache.expiry-time = 60s (default)
2023-12-13 16:20:53,504 [Time-limited test] INFO  server.GrpcService (ConfUtils.java:logGet(46)) - raft.grpc.message.size.max = 64MB (=67108864) (default)
2023-12-13 16:20:53,504 [Time-limited test] INFO  server.RaftServerConfigKeys (ConfUtils.java:logGet(46)) - raft.server.log.appender.buffer.byte-limit = 4MB (=4194304) (default)
2023-12-13 16:20:53,504 [Time-limited test] INFO  server.GrpcService (ConfUtils.java:logGet(46)) - raft.grpc.flow.control.window = 1MB (=1048576) (default)
2023-12-13 16:20:53,504 [Time-limited test] INFO  server.RaftServerConfigKeys (ConfUtils.java:logGet(46)) - raft.server.rpc.request.timeout = 3000ms (default)
2023-12-13 16:20:53,504 [Time-limited test] INFO  grpc.GrpcConfigKeys (ConfUtils.java:logGet(46)) - raft.grpc.server.heartbeat.channel = true (default)
2023-12-13 16:20:53,504 [Time-limited test] INFO  grpc.GrpcConfigKeys (ConfUtils.java:logGet(46)) - raft.grpc.server.async.request.thread.pool.cached = true (default)
2023-12-13 16:20:53,504 [Time-limited test] INFO  grpc.GrpcConfigKeys (ConfUtils.java:logGet(46)) - raft.grpc.server.async.request.thread.pool.size = 32 (default)
2023-12-13 16:20:53,504 [s0-groupManagement] INFO  server.RaftServerConfigKeys (ConfUtils.java:logGet(46)) - raft.server.rpc.request.timeout = 3000ms (default)
2023-12-13 16:20:53,504 [s0-groupManagement] INFO  server.RaftServerConfigKeys (ConfUtils.java:logGet(46)) - raft.server.log.appender.install.snapshot.enabled = true (default)
2023-12-13 16:20:53,504 [s0-groupManagement] INFO  server.RaftServerConfigKeys (ConfUtils.java:logGet(46)) - raft.server.threadpool.server.cached = true (default)
2023-12-13 16:20:53,504 [s0-groupManagement] INFO  server.RaftServerConfigKeys (ConfUtils.java:logGet(46)) - raft.server.threadpool.server.size = 0 (default)
2023-12-13 16:20:53,504 [Time-limited test] INFO  impl.DataStreamServerImpl (ConfUtils.java:logGet(46)) - raft.datastream.type = DISABLED (default)
2023-12-13 16:20:53,504 [s0-groupManagement] INFO  server.RaftServerConfigKeys (ConfUtils.java:logGet(46)) - raft.server.threadpool.client.cached = true (default)
2023-12-13 16:20:53,504 [s0-groupManagement] INFO  server.RaftServerConfigKeys (ConfUtils.java:logGet(46)) - raft.server.threadpool.client.size = 0 (default)
2023-12-13 16:20:53,504 [Time-limited test] INFO  server.RaftServerConfigKeys (ConfUtils.java:logGet(46)) - raft.server.sleep.deviation.threshold = 300ms (default)
2023-12-13 16:20:53,504 [Time-limited test] INFO  server.RaftServerConfigKeys (ConfUtils.java:logGet(46)) - raft.server.close.threshold = 60s (default)
2023-12-13 16:20:53,505 [Time-limited test] INFO  server.RaftServerConfigKeys (ConfUtils.java:logGet(46)) - raft.server.leaderelection.leader.step-down.wait-time = 10s (default)
2023-12-13 16:20:53,505 [Time-limited test] INFO  server.RaftServerConfigKeys (ConfUtils.java:logGet(46)) - raft.server.storage.dir = [/home/runner/work/ratis/ratis/ratis-test/target/test/data/1e4ee837/MiniRaftClusterWithGrpcb6381943/s1] (custom)
2023-12-13 16:20:53,505 [Time-limited test] INFO  server.RaftServerConfigKeys (ConfUtils.java:logGet(46)) - raft.server.threadpool.proxy.cached = true (default)
2023-12-13 16:20:53,505 [Time-limited test] INFO  server.RaftServerConfigKeys (ConfUtils.java:logGet(46)) - raft.server.threadpool.proxy.size = 0 (default)
2023-12-13 16:20:53,505 [Time-limited test] INFO  server.RaftServer (RaftServerProxy.java:addNew(100)) - s1: addNew group-46E70943D4F8:[] returns group-46E70943D4F8:java.util.concurrent.CompletableFuture@1629859b[Not completed]
2023-12-13 16:20:53,505 [s1-groupManagement] INFO  server.RaftServer$Division (RaftServerImpl.java:<init>(256)) - s1: new RaftServerImpl for group-46E70943D4F8:[] with BaseStateMachine:uninitialized
2023-12-13 16:20:53,505 [Time-limited test] INFO  impl.MiniRaftCluster (MiniRaftCluster.java:newRaftServer(382)) - newRaftServer: s2, group-46E70943D4F8:[], format? true
2023-12-13 16:20:53,505 [s1-groupManagement] INFO  server.RaftServerConfigKeys (ConfUtils.java:logGet(46)) - raft.server.rpc.timeout.min = 1500ms (custom)
2023-12-13 16:20:53,505 [Time-limited test] TRACE util.FileUtils (FileUtils.java:deleteFully(305)) - deleteFully target/test/data/1e4ee837/MiniRaftClusterWithGrpcb6381943/s2
2023-12-13 16:20:53,505 [s1-groupManagement] INFO  server.RaftServerConfigKeys (ConfUtils.java:logGet(46)) - raft.server.rpc.timeout.max = 2000ms (custom)
2023-12-13 16:20:53,505 [s1-groupManagement] INFO  server.RaftServerConfigKeys (ConfUtils.java:logGet(46)) - raft.server.rpc.sleep.time = 25ms (default)
2023-12-13 16:20:53,505 [Time-limited test] TRACE util.FileUtils (FileUtils.java:deleteFully(318)) - deleteFully: target/test/data/1e4ee837/MiniRaftClusterWithGrpcb6381943/s2 does not exist.
2023-12-13 16:20:53,505 [s1-groupManagement] INFO  server.RaftServerConfigKeys (ConfUtils.java:logGet(46)) - raft.server.rpc.slowness.timeout = 60s (default)
2023-12-13 16:20:53,505 [Time-limited test] INFO  impl.MiniRaftCluster (MiniRaftCluster.java:newRaftServer(387)) - Formatted directory target/test/data/1e4ee837/MiniRaftClusterWithGrpcb6381943/s2
2023-12-13 16:20:53,505 [s1-groupManagement] INFO  server.RaftServerConfigKeys (ConfUtils.java:logGet(46)) - raft.server.leaderelection.leader.step-down.wait-time = 10s (default)
2023-12-13 16:20:53,505 [s1-groupManagement] INFO  server.RaftServerConfigKeys (ConfUtils.java:logGet(46)) - raft.server.leaderelection.member.majority-add = false (default)
2023-12-13 16:20:53,505 [s1-groupManagement] INFO  server.RaftServerConfigKeys (ConfUtils.java:logGet(46)) - raft.server.sleep.deviation.threshold = 300ms (default)
2023-12-13 16:20:53,505 [Time-limited test] DEBUG server.RaftServer (ServerImplUtils.java:newRaftServer(51)) - newRaftServer: s2, group-46E70943D4F8:[]
2023-12-13 16:20:53,506 [s1-groupManagement] INFO  server.RaftServer$Division (ServerState.java:<init>(113)) - s1@group-46E70943D4F8: ConfigurationManager, init=-1: peers:[]|listeners:[], old=null, confs=<EMPTY_MAP>
2023-12-13 16:20:53,506 [Time-limited test] INFO  server.RaftServer (ConfUtils.java:logGet(46)) - raft.rpc.type = GRPC (default)
2023-12-13 16:20:53,506 [s1-groupManagement] INFO  server.RaftServerConfigKeys (ConfUtils.java:logGet(46)) - raft.server.notification.no-leader.timeout = 60s (default)
2023-12-13 16:20:53,506 [Time-limited test] INFO  grpc.GrpcConfigKeys (ConfUtils.java:logFallback(53)) - raft.grpc.admin.host = null (fallback to raft.grpc.server.host)
2023-12-13 16:20:53,506 [s1-groupManagement] INFO  server.RaftServerConfigKeys (ConfUtils.java:logGet(46)) - raft.server.read.timeout = 10s (default)
2023-12-13 16:20:53,506 [Time-limited test] INFO  grpc.GrpcConfigKeys (ConfUtils.java:logFallback(53)) - raft.grpc.admin.port = 45389 (fallback to raft.grpc.server.port)
2023-12-13 16:20:53,506 [s1-groupManagement] INFO  server.RaftServerConfigKeys (ConfUtils.java:logGet(46)) - raft.server.retrycache.expirytime = 60s (default)
2023-12-13 16:20:53,506 [Time-limited test] INFO  grpc.GrpcConfigKeys (ConfUtils.java:logFallback(53)) - raft.grpc.client.host = null (fallback to raft.grpc.server.host)
2023-12-13 16:20:53,506 [s1-groupManagement] INFO  server.RaftServerConfigKeys (ConfUtils.java:logGet(46)) - raft.server.retrycache.statistics.expirytime = 100ms (default)
2023-12-13 16:20:53,506 [Time-limited test] INFO  grpc.GrpcConfigKeys (ConfUtils.java:logFallback(53)) - raft.grpc.client.port = 45389 (fallback to raft.grpc.server.port)
2023-12-13 16:20:53,506 [s1-groupManagement] INFO  server.RaftServerConfigKeys (ConfUtils.java:logGet(46)) - raft.server.read.option = DEFAULT (default)
2023-12-13 16:20:53,506 [Time-limited test] INFO  grpc.GrpcConfigKeys (ConfUtils.java:logGet(46)) - raft.grpc.server.host = null (default)
2023-12-13 16:20:53,506 [s1-groupManagement] INFO  server.RaftServerConfigKeys (ConfUtils.java:logGet(46)) - raft.server.read.read-after-write-consistent.write-index-cache.expiry-time = 60s (default)
2023-12-13 16:20:53,506 [Time-limited test] INFO  grpc.GrpcConfigKeys (ConfUtils.java:logGet(46)) - raft.grpc.server.port = 45389 (custom)
2023-12-13 16:20:53,506 [Time-limited test] INFO  server.GrpcService (ConfUtils.java:logGet(46)) - raft.grpc.message.size.max = 64MB (=67108864) (default)
2023-12-13 16:20:53,506 [Time-limited test] INFO  server.RaftServerConfigKeys (ConfUtils.java:logGet(46)) - raft.server.log.appender.buffer.byte-limit = 4MB (=4194304) (default)
2023-12-13 16:20:53,506 [Time-limited test] INFO  server.GrpcService (ConfUtils.java:logGet(46)) - raft.grpc.flow.control.window = 1MB (=1048576) (default)
2023-12-13 16:20:53,507 [Time-limited test] INFO  server.RaftServerConfigKeys (ConfUtils.java:logGet(46)) - raft.server.rpc.request.timeout = 3000ms (default)
2023-12-13 16:20:53,507 [Time-limited test] INFO  grpc.GrpcConfigKeys (ConfUtils.java:logGet(46)) - raft.grpc.server.heartbeat.channel = true (default)
2023-12-13 16:20:53,507 [Time-limited test] INFO  grpc.GrpcConfigKeys (ConfUtils.java:logGet(46)) - raft.grpc.server.async.request.thread.pool.cached = true (default)
2023-12-13 16:20:53,507 [Time-limited test] INFO  grpc.GrpcConfigKeys (ConfUtils.java:logGet(46)) - raft.grpc.server.async.request.thread.pool.size = 32 (default)
2023-12-13 16:20:53,507 [s1-groupManagement] INFO  server.RaftServerConfigKeys (ConfUtils.java:logGet(46)) - raft.server.rpc.request.timeout = 3000ms (default)
2023-12-13 16:20:53,507 [s1-groupManagement] INFO  server.RaftServerConfigKeys (ConfUtils.java:logGet(46)) - raft.server.log.appender.install.snapshot.enabled = true (default)
2023-12-13 16:20:53,507 [s1-groupManagement] INFO  server.RaftServerConfigKeys (ConfUtils.java:logGet(46)) - raft.server.threadpool.server.cached = true (default)
2023-12-13 16:20:53,507 [s1-groupManagement] INFO  server.RaftServerConfigKeys (ConfUtils.java:logGet(46)) - raft.server.threadpool.server.size = 0 (default)
2023-12-13 16:20:53,507 [s1-groupManagement] INFO  server.RaftServerConfigKeys (ConfUtils.java:logGet(46)) - raft.server.threadpool.client.cached = true (default)
2023-12-13 16:20:53,507 [s1-groupManagement] INFO  server.RaftServerConfigKeys (ConfUtils.java:logGet(46)) - raft.server.threadpool.client.size = 0 (default)
2023-12-13 16:20:53,507 [Time-limited test] INFO  impl.DataStreamServerImpl (ConfUtils.java:logGet(46)) - raft.datastream.type = DISABLED (default)
2023-12-13 16:20:53,507 [Time-limited test] INFO  server.RaftServerConfigKeys (ConfUtils.java:logGet(46)) - raft.server.sleep.deviation.threshold = 300ms (default)
2023-12-13 16:20:53,507 [Time-limited test] INFO  server.RaftServerConfigKeys (ConfUtils.java:logGet(46)) - raft.server.close.threshold = 60s (default)
2023-12-13 16:20:53,507 [Time-limited test] INFO  server.RaftServerConfigKeys (ConfUtils.java:logGet(46)) - raft.server.leaderelection.leader.step-down.wait-time = 10s (default)
2023-12-13 16:20:53,507 [Time-limited test] INFO  server.RaftServerConfigKeys (ConfUtils.java:logGet(46)) - raft.server.storage.dir = [/home/runner/work/ratis/ratis/ratis-test/target/test/data/1e4ee837/MiniRaftClusterWithGrpcb6381943/s2] (custom)
2023-12-13 16:20:53,507 [Time-limited test] INFO  server.RaftServerConfigKeys (ConfUtils.java:logGet(46)) - raft.server.threadpool.proxy.cached = true (default)
2023-12-13 16:20:53,507 [Time-limited test] INFO  server.RaftServerConfigKeys (ConfUtils.java:logGet(46)) - raft.server.threadpool.proxy.size = 0 (default)
2023-12-13 16:20:53,508 [Time-limited test] INFO  server.RaftServer (RaftServerProxy.java:addNew(100)) - s2: addNew group-46E70943D4F8:[] returns group-46E70943D4F8:java.util.concurrent.CompletableFuture@48b83eda[Not completed]
2023-12-13 16:20:53,508 [s2-groupManagement] INFO  server.RaftServer$Division (RaftServerImpl.java:<init>(256)) - s2: new RaftServerImpl for group-46E70943D4F8:[] with BaseStateMachine:uninitialized
2023-12-13 16:20:53,508 [Time-limited test] INFO  impl.MiniRaftCluster (MiniRaftCluster.java:newRaftServer(382)) - newRaftServer: s3, group-46E70943D4F8:[], format? true
2023-12-13 16:20:53,508 [Time-limited test] TRACE util.FileUtils (FileUtils.java:deleteFully(305)) - deleteFully target/test/data/1e4ee837/MiniRaftClusterWithGrpcb6381943/s3
2023-12-13 16:20:53,508 [s2-groupManagement] INFO  server.RaftServerConfigKeys (ConfUtils.java:logGet(46)) - raft.server.rpc.timeout.min = 1500ms (custom)
2023-12-13 16:20:53,508 [Time-limited test] TRACE util.FileUtils (FileUtils.java:deleteFully(318)) - deleteFully: target/test/data/1e4ee837/MiniRaftClusterWithGrpcb6381943/s3 does not exist.
2023-12-13 16:20:53,508 [s2-groupManagement] INFO  server.RaftServerConfigKeys (ConfUtils.java:logGet(46)) - raft.server.rpc.timeout.max = 2000ms (custom)
2023-12-13 16:20:53,508 [Time-limited test] INFO  impl.MiniRaftCluster (MiniRaftCluster.java:newRaftServer(387)) - Formatted directory target/test/data/1e4ee837/MiniRaftClusterWithGrpcb6381943/s3
2023-12-13 16:20:53,508 [s2-groupManagement] INFO  server.RaftServerConfigKeys (ConfUtils.java:logGet(46)) - raft.server.rpc.sleep.time = 25ms (default)
2023-12-13 16:20:53,508 [s2-groupManagement] INFO  server.RaftServerConfigKeys (ConfUtils.java:logGet(46)) - raft.server.rpc.slowness.timeout = 60s (default)
2023-12-13 16:20:53,508 [Time-limited test] DEBUG server.RaftServer (ServerImplUtils.java:newRaftServer(51)) - newRaftServer: s3, group-46E70943D4F8:[]
2023-12-13 16:20:53,508 [s2-groupManagement] INFO  server.RaftServerConfigKeys (ConfUtils.java:logGet(46)) - raft.server.leaderelection.leader.step-down.wait-time = 10s (default)
2023-12-13 16:20:53,508 [Time-limited test] INFO  server.RaftServer (ConfUtils.java:logGet(46)) - raft.rpc.type = GRPC (default)
2023-12-13 16:20:53,508 [s2-groupManagement] INFO  server.RaftServerConfigKeys (ConfUtils.java:logGet(46)) - raft.server.leaderelection.member.majority-add = false (default)
2023-12-13 16:20:53,508 [Time-limited test] INFO  grpc.GrpcConfigKeys (ConfUtils.java:logFallback(53)) - raft.grpc.admin.host = null (fallback to raft.grpc.server.host)
2023-12-13 16:20:53,508 [s2-groupManagement] INFO  server.RaftServerConfigKeys (ConfUtils.java:logGet(46)) - raft.server.sleep.deviation.threshold = 300ms (default)
2023-12-13 16:20:53,508 [Time-limited test] INFO  grpc.GrpcConfigKeys (ConfUtils.java:logFallback(53)) - raft.grpc.admin.port = 46749 (fallback to raft.grpc.server.port)
2023-12-13 16:20:53,508 [s2-groupManagement] INFO  server.RaftServer$Division (ServerState.java:<init>(113)) - s2@group-46E70943D4F8: ConfigurationManager, init=-1: peers:[]|listeners:[], old=null, confs=<EMPTY_MAP>
2023-12-13 16:20:53,508 [Time-limited test] INFO  grpc.GrpcConfigKeys (ConfUtils.java:logFallback(53)) - raft.grpc.client.host = null (fallback to raft.grpc.server.host)
2023-12-13 16:20:53,508 [s2-groupManagement] INFO  server.RaftServerConfigKeys (ConfUtils.java:logGet(46)) - raft.server.notification.no-leader.timeout = 60s (default)
2023-12-13 16:20:53,508 [Time-limited test] INFO  grpc.GrpcConfigKeys (ConfUtils.java:logFallback(53)) - raft.grpc.client.port = 46749 (fallback to raft.grpc.server.port)
2023-12-13 16:20:53,508 [s2-groupManagement] INFO  server.RaftServerConfigKeys (ConfUtils.java:logGet(46)) - raft.server.read.timeout = 10s (default)
2023-12-13 16:20:53,508 [Time-limited test] INFO  grpc.GrpcConfigKeys (ConfUtils.java:logGet(46)) - raft.grpc.server.host = null (default)
2023-12-13 16:20:53,509 [s2-groupManagement] INFO  server.RaftServerConfigKeys (ConfUtils.java:logGet(46)) - raft.server.retrycache.expirytime = 60s (default)
2023-12-13 16:20:53,509 [Time-limited test] INFO  grpc.GrpcConfigKeys (ConfUtils.java:logGet(46)) - raft.grpc.server.port = 46749 (custom)
2023-12-13 16:20:53,509 [s2-groupManagement] INFO  server.RaftServerConfigKeys (ConfUtils.java:logGet(46)) - raft.server.retrycache.statistics.expirytime = 100ms (default)
2023-12-13 16:20:53,509 [Time-limited test] INFO  server.GrpcService (ConfUtils.java:logGet(46)) - raft.grpc.message.size.max = 64MB (=67108864) (default)
2023-12-13 16:20:53,509 [Time-limited test] INFO  server.RaftServerConfigKeys (ConfUtils.java:logGet(46)) - raft.server.log.appender.buffer.byte-limit = 4MB (=4194304) (default)
2023-12-13 16:20:53,509 [s2-groupManagement] INFO  server.RaftServerConfigKeys (ConfUtils.java:logGet(46)) - raft.server.read.option = DEFAULT (default)
2023-12-13 16:20:53,509 [Time-limited test] INFO  server.GrpcService (ConfUtils.java:logGet(46)) - raft.grpc.flow.control.window = 1MB (=1048576) (default)
2023-12-13 16:20:53,509 [s2-groupManagement] INFO  server.RaftServerConfigKeys (ConfUtils.java:logGet(46)) - raft.server.read.read-after-write-consistent.write-index-cache.expiry-time = 60s (default)
2023-12-13 16:20:53,509 [Time-limited test] INFO  server.RaftServerConfigKeys (ConfUtils.java:logGet(46)) - raft.server.rpc.request.timeout = 3000ms (default)
2023-12-13 16:20:53,509 [Time-limited test] INFO  grpc.GrpcConfigKeys (ConfUtils.java:logGet(46)) - raft.grpc.server.heartbeat.channel = true (default)
2023-12-13 16:20:53,509 [Time-limited test] INFO  grpc.GrpcConfigKeys (ConfUtils.java:logGet(46)) - raft.grpc.server.async.request.thread.pool.cached = true (default)
2023-12-13 16:20:53,509 [Time-limited test] INFO  grpc.GrpcConfigKeys (ConfUtils.java:logGet(46)) - raft.grpc.server.async.request.thread.pool.size = 32 (default)
2023-12-13 16:20:53,509 [Time-limited test] INFO  impl.DataStreamServerImpl (ConfUtils.java:logGet(46)) - raft.datastream.type = DISABLED (default)
2023-12-13 16:20:53,509 [Time-limited test] INFO  server.RaftServerConfigKeys (ConfUtils.java:logGet(46)) - raft.server.sleep.deviation.threshold = 300ms (default)
2023-12-13 16:20:53,509 [Time-limited test] INFO  server.RaftServerConfigKeys (ConfUtils.java:logGet(46)) - raft.server.close.threshold = 60s (default)
2023-12-13 16:20:53,509 [s2-groupManagement] INFO  server.RaftServerConfigKeys (ConfUtils.java:logGet(46)) - raft.server.rpc.request.timeout = 3000ms (default)
2023-12-13 16:20:53,509 [Time-limited test] INFO  server.RaftServerConfigKeys (ConfUtils.java:logGet(46)) - raft.server.leaderelection.leader.step-down.wait-time = 10s (default)
2023-12-13 16:20:53,509 [s2-groupManagement] INFO  server.RaftServerConfigKeys (ConfUtils.java:logGet(46)) - raft.server.log.appender.install.snapshot.enabled = true (default)
2023-12-13 16:20:53,509 [s2-groupManagement] INFO  server.RaftServerConfigKeys (ConfUtils.java:logGet(46)) - raft.server.threadpool.server.cached = true (default)
2023-12-13 16:20:53,509 [Time-limited test] INFO  server.RaftServerConfigKeys (ConfUtils.java:logGet(46)) - raft.server.storage.dir = [/home/runner/work/ratis/ratis/ratis-test/target/test/data/1e4ee837/MiniRaftClusterWithGrpcb6381943/s3] (custom)
2023-12-13 16:20:53,509 [s2-groupManagement] INFO  server.RaftServerConfigKeys (ConfUtils.java:logGet(46)) - raft.server.threadpool.server.size = 0 (default)
2023-12-13 16:20:53,509 [Time-limited test] INFO  server.RaftServerConfigKeys (ConfUtils.java:logGet(46)) - raft.server.threadpool.proxy.cached = true (default)
2023-12-13 16:20:53,509 [s2-groupManagement] INFO  server.RaftServerConfigKeys (ConfUtils.java:logGet(46)) - raft.server.threadpool.client.cached = true (default)
2023-12-13 16:20:53,510 [Time-limited test] INFO  server.RaftServerConfigKeys (ConfUtils.java:logGet(46)) - raft.server.threadpool.proxy.size = 0 (default)
2023-12-13 16:20:53,510 [s2-groupManagement] INFO  server.RaftServerConfigKeys (ConfUtils.java:logGet(46)) - raft.server.threadpool.client.size = 0 (default)
2023-12-13 16:20:53,510 [Time-limited test] INFO  server.RaftServer (RaftServerProxy.java:addNew(100)) - s3: addNew group-46E70943D4F8:[] returns group-46E70943D4F8:java.util.concurrent.CompletableFuture@1ed49504[Not completed]
2023-12-13 16:20:53,515 [s3-groupManagement] INFO  server.RaftServer$Division (RaftServerImpl.java:<init>(256)) - s3: new RaftServerImpl for group-46E70943D4F8:[] with BaseStateMachine:uninitialized
2023-12-13 16:20:53,515 [s3-groupManagement] INFO  server.RaftServerConfigKeys (ConfUtils.java:logGet(46)) - raft.server.rpc.timeout.min = 1500ms (custom)
2023-12-13 16:20:53,515 [s3-groupManagement] INFO  server.RaftServerConfigKeys (ConfUtils.java:logGet(46)) - raft.server.rpc.timeout.max = 2000ms (custom)
2023-12-13 16:20:53,515 [s3-groupManagement] INFO  server.RaftServerConfigKeys (ConfUtils.java:logGet(46)) - raft.server.rpc.sleep.time = 25ms (default)
2023-12-13 16:20:53,515 [Time-limited test] INFO  impl.MiniRaftCluster (MiniRaftCluster.java:newRaftServer(382)) - newRaftServer: s4, group-46E70943D4F8:[], format? true
2023-12-13 16:20:53,515 [Time-limited test] TRACE util.FileUtils (FileUtils.java:deleteFully(305)) - deleteFully target/test/data/1e4ee837/MiniRaftClusterWithGrpcb6381943/s4
2023-12-13 16:20:53,515 [Time-limited test] TRACE util.FileUtils (FileUtils.java:deleteFully(318)) - deleteFully: target/test/data/1e4ee837/MiniRaftClusterWithGrpcb6381943/s4 does not exist.
2023-12-13 16:20:53,515 [Time-limited test] INFO  impl.MiniRaftCluster (MiniRaftCluster.java:newRaftServer(387)) - Formatted directory target/test/data/1e4ee837/MiniRaftClusterWithGrpcb6381943/s4
2023-12-13 16:20:53,515 [s3-groupManagement] INFO  server.RaftServerConfigKeys (ConfUtils.java:logGet(46)) - raft.server.rpc.slowness.timeout = 60s (default)
2023-12-13 16:20:53,516 [s3-groupManagement] INFO  server.RaftServerConfigKeys (ConfUtils.java:logGet(46)) - raft.server.leaderelection.leader.step-down.wait-time = 10s (default)
2023-12-13 16:20:53,516 [Time-limited test] DEBUG server.RaftServer (ServerImplUtils.java:newRaftServer(51)) - newRaftServer: s4, group-46E70943D4F8:[]
2023-12-13 16:20:53,516 [s3-groupManagement] INFO  server.RaftServerConfigKeys (ConfUtils.java:logGet(46)) - raft.server.leaderelection.member.majority-add = false (default)
2023-12-13 16:20:53,516 [s3-groupManagement] INFO  server.RaftServerConfigKeys (ConfUtils.java:logGet(46)) - raft.server.sleep.deviation.threshold = 300ms (default)
2023-12-13 16:20:53,516 [Time-limited test] INFO  server.RaftServer (ConfUtils.java:logGet(46)) - raft.rpc.type = GRPC (default)
2023-12-13 16:20:53,516 [s3-groupManagement] INFO  server.RaftServer$Division (ServerState.java:<init>(113)) - s3@group-46E70943D4F8: ConfigurationManager, init=-1: peers:[]|listeners:[], old=null, confs=<EMPTY_MAP>
2023-12-13 16:20:53,516 [s3-groupManagement] INFO  server.RaftServerConfigKeys (ConfUtils.java:logGet(46)) - raft.server.notification.no-leader.timeout = 60s (default)
2023-12-13 16:20:53,516 [Time-limited test] INFO  grpc.GrpcConfigKeys (ConfUtils.java:logFallback(53)) - raft.grpc.admin.host = null (fallback to raft.grpc.server.host)
2023-12-13 16:20:53,516 [s3-groupManagement] INFO  server.RaftServerConfigKeys (ConfUtils.java:logGet(46)) - raft.server.read.timeout = 10s (default)
2023-12-13 16:20:53,516 [Time-limited test] INFO  grpc.GrpcConfigKeys (ConfUtils.java:logFallback(53)) - raft.grpc.admin.port = 37445 (fallback to raft.grpc.server.port)
2023-12-13 16:20:53,516 [s3-groupManagement] INFO  server.RaftServerConfigKeys (ConfUtils.java:logGet(46)) - raft.server.retrycache.expirytime = 60s (default)
2023-12-13 16:20:53,516 [Time-limited test] INFO  grpc.GrpcConfigKeys (ConfUtils.java:logFallback(53)) - raft.grpc.client.host = null (fallback to raft.grpc.server.host)
2023-12-13 16:20:53,516 [s3-groupManagement] INFO  server.RaftServerConfigKeys (ConfUtils.java:logGet(46)) - raft.server.retrycache.statistics.expirytime = 100ms (default)
2023-12-13 16:20:53,516 [Time-limited test] INFO  grpc.GrpcConfigKeys (ConfUtils.java:logFallback(53)) - raft.grpc.client.port = 37445 (fallback to raft.grpc.server.port)
2023-12-13 16:20:53,516 [Time-limited test] INFO  grpc.GrpcConfigKeys (ConfUtils.java:logGet(46)) - raft.grpc.server.host = null (default)
2023-12-13 16:20:53,516 [s3-groupManagement] INFO  server.RaftServerConfigKeys (ConfUtils.java:logGet(46)) - raft.server.read.option = DEFAULT (default)
2023-12-13 16:20:53,516 [Time-limited test] INFO  grpc.GrpcConfigKeys (ConfUtils.java:logGet(46)) - raft.grpc.server.port = 37445 (custom)
2023-12-13 16:20:53,516 [s3-groupManagement] INFO  server.RaftServerConfigKeys (ConfUtils.java:logGet(46)) - raft.server.read.read-after-write-consistent.write-index-cache.expiry-time = 60s (default)
2023-12-13 16:20:53,516 [Time-limited test] INFO  server.GrpcService (ConfUtils.java:logGet(46)) - raft.grpc.message.size.max = 64MB (=67108864) (default)
2023-12-13 16:20:53,516 [Time-limited test] INFO  server.RaftServerConfigKeys (ConfUtils.java:logGet(46)) - raft.server.log.appender.buffer.byte-limit = 4MB (=4194304) (default)
2023-12-13 16:20:53,516 [Time-limited test] INFO  server.GrpcService (ConfUtils.java:logGet(46)) - raft.grpc.flow.control.window = 1MB (=1048576) (default)
2023-12-13 16:20:53,516 [Time-limited test] INFO  server.RaftServerConfigKeys (ConfUtils.java:logGet(46)) - raft.server.rpc.request.timeout = 3000ms (default)
2023-12-13 16:20:53,516 [Time-limited test] INFO  grpc.GrpcConfigKeys (ConfUtils.java:logGet(46)) - raft.grpc.server.heartbeat.channel = true (default)
2023-12-13 16:20:53,517 [Time-limited test] INFO  grpc.GrpcConfigKeys (ConfUtils.java:logGet(46)) - raft.grpc.server.async.request.thread.pool.cached = true (default)
2023-12-13 16:20:53,517 [Time-limited test] INFO  grpc.GrpcConfigKeys (ConfUtils.java:logGet(46)) - raft.grpc.server.async.request.thread.pool.size = 32 (default)
2023-12-13 16:20:53,517 [s3-groupManagement] INFO  server.RaftServerConfigKeys (ConfUtils.java:logGet(46)) - raft.server.rpc.request.timeout = 3000ms (default)
2023-12-13 16:20:53,517 [s3-groupManagement] INFO  server.RaftServerConfigKeys (ConfUtils.java:logGet(46)) - raft.server.log.appender.install.snapshot.enabled = true (default)
2023-12-13 16:20:53,517 [s3-groupManagement] INFO  server.RaftServerConfigKeys (ConfUtils.java:logGet(46)) - raft.server.threadpool.server.cached = true (default)
2023-12-13 16:20:53,517 [s3-groupManagement] INFO  server.RaftServerConfigKeys (ConfUtils.java:logGet(46)) - raft.server.threadpool.server.size = 0 (default)
2023-12-13 16:20:53,517 [s3-groupManagement] INFO  server.RaftServerConfigKeys (ConfUtils.java:logGet(46)) - raft.server.threadpool.client.cached = true (default)
2023-12-13 16:20:53,517 [s3-groupManagement] INFO  server.RaftServerConfigKeys (ConfUtils.java:logGet(46)) - raft.server.threadpool.client.size = 0 (default)
2023-12-13 16:20:53,517 [Time-limited test] INFO  impl.DataStreamServerImpl (ConfUtils.java:logGet(46)) - raft.datastream.type = DISABLED (default)
2023-12-13 16:20:53,517 [Time-limited test] INFO  server.RaftServerConfigKeys (ConfUtils.java:logGet(46)) - raft.server.sleep.deviation.threshold = 300ms (default)
2023-12-13 16:20:53,517 [Time-limited test] INFO  server.RaftServerConfigKeys (ConfUtils.java:logGet(46)) - raft.server.close.threshold = 60s (default)
2023-12-13 16:20:53,517 [Time-limited test] INFO  server.RaftServerConfigKeys (ConfUtils.java:logGet(46)) - raft.server.leaderelection.leader.step-down.wait-time = 10s (default)
2023-12-13 16:20:53,517 [Time-limited test] INFO  server.RaftServerConfigKeys (ConfUtils.java:logGet(46)) - raft.server.storage.dir = [/home/runner/work/ratis/ratis/ratis-test/target/test/data/1e4ee837/MiniRaftClusterWithGrpcb6381943/s4] (custom)
2023-12-13 16:20:53,518 [Time-limited test] INFO  server.RaftServerConfigKeys (ConfUtils.java:logGet(46)) - raft.server.threadpool.proxy.cached = true (default)
2023-12-13 16:20:53,518 [Time-limited test] INFO  server.RaftServerConfigKeys (ConfUtils.java:logGet(46)) - raft.server.threadpool.proxy.size = 0 (default)
2023-12-13 16:20:53,518 [Time-limited test] INFO  server.RaftServer (RaftServerProxy.java:addNew(100)) - s4: addNew group-46E70943D4F8:[] returns group-46E70943D4F8:java.util.concurrent.CompletableFuture@792a3714[Not completed]
2023-12-13 16:20:53,518 [s4-groupManagement] INFO  server.RaftServer$Division (RaftServerImpl.java:<init>(256)) - s4: new RaftServerImpl for group-46E70943D4F8:[] with BaseStateMachine:uninitialized
2023-12-13 16:20:53,518 [Time-limited test] INFO  impl.MiniRaftCluster (MiniRaftCluster.java:newRaftServer(382)) - newRaftServer: s5, group-46E70943D4F8:[], format? true
2023-12-13 16:20:53,518 [s4-groupManagement] INFO  server.RaftServerConfigKeys (ConfUtils.java:logGet(46)) - raft.server.rpc.timeout.min = 1500ms (custom)
2023-12-13 16:20:53,518 [Time-limited test] TRACE util.FileUtils (FileUtils.java:deleteFully(305)) - deleteFully target/test/data/1e4ee837/MiniRaftClusterWithGrpcb6381943/s5
2023-12-13 16:20:53,518 [s4-groupManagement] INFO  server.RaftServerConfigKeys (ConfUtils.java:logGet(46)) - raft.server.rpc.timeout.max = 2000ms (custom)
2023-12-13 16:20:53,518 [s4-groupManagement] INFO  server.RaftServerConfigKeys (ConfUtils.java:logGet(46)) - raft.server.rpc.sleep.time = 25ms (default)
2023-12-13 16:20:53,518 [Time-limited test] TRACE util.FileUtils (FileUtils.java:deleteFully(318)) - deleteFully: target/test/data/1e4ee837/MiniRaftClusterWithGrpcb6381943/s5 does not exist.
2023-12-13 16:20:53,518 [s4-groupManagement] INFO  server.RaftServerConfigKeys (ConfUtils.java:logGet(46)) - raft.server.rpc.slowness.timeout = 60s (default)
2023-12-13 16:20:53,518 [Time-limited test] INFO  impl.MiniRaftCluster (MiniRaftCluster.java:newRaftServer(387)) - Formatted directory target/test/data/1e4ee837/MiniRaftClusterWithGrpcb6381943/s5
2023-12-13 16:20:53,518 [s4-groupManagement] INFO  server.RaftServerConfigKeys (ConfUtils.java:logGet(46)) - raft.server.leaderelection.leader.step-down.wait-time = 10s (default)
2023-12-13 16:20:53,518 [s4-groupManagement] INFO  server.RaftServerConfigKeys (ConfUtils.java:logGet(46)) - raft.server.leaderelection.member.majority-add = false (default)
2023-12-13 16:20:53,518 [s4-groupManagement] INFO  server.RaftServerConfigKeys (ConfUtils.java:logGet(46)) - raft.server.sleep.deviation.threshold = 300ms (default)
2023-12-13 16:20:53,518 [Time-limited test] DEBUG server.RaftServer (ServerImplUtils.java:newRaftServer(51)) - newRaftServer: s5, group-46E70943D4F8:[]
2023-12-13 16:20:53,518 [s4-groupManagement] INFO  server.RaftServer$Division (ServerState.java:<init>(113)) - s4@group-46E70943D4F8: ConfigurationManager, init=-1: peers:[]|listeners:[], old=null, confs=<EMPTY_MAP>
2023-12-13 16:20:53,519 [Time-limited test] INFO  server.RaftServer (ConfUtils.java:logGet(46)) - raft.rpc.type = GRPC (default)
2023-12-13 16:20:53,519 [s4-groupManagement] INFO  server.RaftServerConfigKeys (ConfUtils.java:logGet(46)) - raft.server.notification.no-leader.timeout = 60s (default)
2023-12-13 16:20:53,519 [s4-groupManagement] INFO  server.RaftServerConfigKeys (ConfUtils.java:logGet(46)) - raft.server.read.timeout = 10s (default)
2023-12-13 16:20:53,519 [Time-limited test] INFO  grpc.GrpcConfigKeys (ConfUtils.java:logFallback(53)) - raft.grpc.admin.host = null (fallback to raft.grpc.server.host)
2023-12-13 16:20:53,519 [s4-groupManagement] INFO  server.RaftServerConfigKeys (ConfUtils.java:logGet(46)) - raft.server.retrycache.expirytime = 60s (default)
2023-12-13 16:20:53,519 [Time-limited test] INFO  grpc.GrpcConfigKeys (ConfUtils.java:logFallback(53)) - raft.grpc.admin.port = 35343 (fallback to raft.grpc.server.port)
2023-12-13 16:20:53,519 [s4-groupManagement] INFO  server.RaftServerConfigKeys (ConfUtils.java:logGet(46)) - raft.server.retrycache.statistics.expirytime = 100ms (default)
2023-12-13 16:20:53,519 [Time-limited test] INFO  grpc.GrpcConfigKeys (ConfUtils.java:logFallback(53)) - raft.grpc.client.host = null (fallback to raft.grpc.server.host)
2023-12-13 16:20:53,519 [s4-groupManagement] INFO  server.RaftServerConfigKeys (ConfUtils.java:logGet(46)) - raft.server.read.option = DEFAULT (default)
2023-12-13 16:20:53,519 [Time-limited test] INFO  grpc.GrpcConfigKeys (ConfUtils.java:logFallback(53)) - raft.grpc.client.port = 35343 (fallback to raft.grpc.server.port)
2023-12-13 16:20:53,519 [s4-groupManagement] INFO  server.RaftServerConfigKeys (ConfUtils.java:logGet(46)) - raft.server.read.read-after-write-consistent.write-index-cache.expiry-time = 60s (default)
2023-12-13 16:20:53,519 [Time-limited test] INFO  grpc.GrpcConfigKeys (ConfUtils.java:logGet(46)) - raft.grpc.server.host = null (default)
2023-12-13 16:20:53,519 [Time-limited test] INFO  grpc.GrpcConfigKeys (ConfUtils.java:logGet(46)) - raft.grpc.server.port = 35343 (custom)
2023-12-13 16:20:53,519 [Time-limited test] INFO  server.GrpcService (ConfUtils.java:logGet(46)) - raft.grpc.message.size.max = 64MB (=67108864) (default)
2023-12-13 16:20:53,519 [Time-limited test] INFO  server.RaftServerConfigKeys (ConfUtils.java:logGet(46)) - raft.server.log.appender.buffer.byte-limit = 4MB (=4194304) (default)
2023-12-13 16:20:53,519 [Time-limited test] INFO  server.GrpcService (ConfUtils.java:logGet(46)) - raft.grpc.flow.control.window = 1MB (=1048576) (default)
2023-12-13 16:20:53,519 [Time-limited test] INFO  server.RaftServerConfigKeys (ConfUtils.java:logGet(46)) - raft.server.rpc.request.timeout = 3000ms (default)
2023-12-13 16:20:53,519 [Time-limited test] INFO  grpc.GrpcConfigKeys (ConfUtils.java:logGet(46)) - raft.grpc.server.heartbeat.channel = true (default)
2023-12-13 16:20:53,519 [Time-limited test] INFO  grpc.GrpcConfigKeys (ConfUtils.java:logGet(46)) - raft.grpc.server.async.request.thread.pool.cached = true (default)
2023-12-13 16:20:53,519 [Time-limited test] INFO  grpc.GrpcConfigKeys (ConfUtils.java:logGet(46)) - raft.grpc.server.async.request.thread.pool.size = 32 (default)
2023-12-13 16:20:53,519 [s4-groupManagement] INFO  server.RaftServerConfigKeys (ConfUtils.java:logGet(46)) - raft.server.rpc.request.timeout = 3000ms (default)
2023-12-13 16:20:53,520 [s4-groupManagement] INFO  server.RaftServerConfigKeys (ConfUtils.java:logGet(46)) - raft.server.log.appender.install.snapshot.enabled = true (default)
2023-12-13 16:20:53,520 [s4-groupManagement] INFO  server.RaftServerConfigKeys (ConfUtils.java:logGet(46)) - raft.server.threadpool.server.cached = true (default)
2023-12-13 16:20:53,520 [s4-groupManagement] INFO  server.RaftServerConfigKeys (ConfUtils.java:logGet(46)) - raft.server.threadpool.server.size = 0 (default)
2023-12-13 16:20:53,520 [s4-groupManagement] INFO  server.RaftServerConfigKeys (ConfUtils.java:logGet(46)) - raft.server.threadpool.client.cached = true (default)
2023-12-13 16:20:53,520 [s4-groupManagement] INFO  server.RaftServerConfigKeys (ConfUtils.java:logGet(46)) - raft.server.threadpool.client.size = 0 (default)
2023-12-13 16:20:53,520 [Time-limited test] INFO  impl.DataStreamServerImpl (ConfUtils.java:logGet(46)) - raft.datastream.type = DISABLED (default)
2023-12-13 16:20:53,520 [Time-limited test] INFO  server.RaftServerConfigKeys (ConfUtils.java:logGet(46)) - raft.server.sleep.deviation.threshold = 300ms (default)
2023-12-13 16:20:53,520 [Time-limited test] INFO  server.RaftServerConfigKeys (ConfUtils.java:logGet(46)) - raft.server.close.threshold = 60s (default)
2023-12-13 16:20:53,520 [Time-limited test] INFO  server.RaftServerConfigKeys (ConfUtils.java:logGet(46)) - raft.server.leaderelection.leader.step-down.wait-time = 10s (default)
2023-12-13 16:20:53,520 [Time-limited test] INFO  server.RaftServerConfigKeys (ConfUtils.java:logGet(46)) - raft.server.storage.dir = [/home/runner/work/ratis/ratis/ratis-test/target/test/data/1e4ee837/MiniRaftClusterWithGrpcb6381943/s5] (custom)
2023-12-13 16:20:53,520 [Time-limited test] INFO  server.RaftServerConfigKeys (ConfUtils.java:logGet(46)) - raft.server.threadpool.proxy.cached = true (default)
2023-12-13 16:20:53,520 [Time-limited test] INFO  server.RaftServerConfigKeys (ConfUtils.java:logGet(46)) - raft.server.threadpool.proxy.size = 0 (default)
2023-12-13 16:20:53,521 [Time-limited test] INFO  server.RaftServer (RaftServerProxy.java:addNew(100)) - s5: addNew group-46E70943D4F8:[] returns group-46E70943D4F8:java.util.concurrent.CompletableFuture@5f10cac1[Not completed]
2023-12-13 16:20:53,521 [s5-groupManagement] INFO  server.RaftServer$Division (RaftServerImpl.java:<init>(256)) - s5: new RaftServerImpl for group-46E70943D4F8:[] with BaseStateMachine:uninitialized
2023-12-13 16:20:53,521 [Time-limited test] INFO  impl.MiniRaftCluster (MiniRaftCluster.java:newRaftServer(382)) - newRaftServer: s6, group-46E70943D4F8:[], format? true
2023-12-13 16:20:53,521 [s5-groupManagement] INFO  server.RaftServerConfigKeys (ConfUtils.java:logGet(46)) - raft.server.rpc.timeout.min = 1500ms (custom)
2023-12-13 16:20:53,521 [Time-limited test] TRACE util.FileUtils (FileUtils.java:deleteFully(305)) - deleteFully target/test/data/1e4ee837/MiniRaftClusterWithGrpcb6381943/s6
2023-12-13 16:20:53,521 [s5-groupManagement] INFO  server.RaftServerConfigKeys (ConfUtils.java:logGet(46)) - raft.server.rpc.timeout.max = 2000ms (custom)
2023-12-13 16:20:53,521 [s5-groupManagement] INFO  server.RaftServerConfigKeys (ConfUtils.java:logGet(46)) - raft.server.rpc.sleep.time = 25ms (default)
2023-12-13 16:20:53,521 [Time-limited test] TRACE util.FileUtils (FileUtils.java:deleteFully(318)) - deleteFully: target/test/data/1e4ee837/MiniRaftClusterWithGrpcb6381943/s6 does not exist.
2023-12-13 16:20:53,521 [s5-groupManagement] INFO  server.RaftServerConfigKeys (ConfUtils.java:logGet(46)) - raft.server.rpc.slowness.timeout = 60s (default)
2023-12-13 16:20:53,521 [Time-limited test] INFO  impl.MiniRaftCluster (MiniRaftCluster.java:newRaftServer(387)) - Formatted directory target/test/data/1e4ee837/MiniRaftClusterWithGrpcb6381943/s6
2023-12-13 16:20:53,521 [s5-groupManagement] INFO  server.RaftServerConfigKeys (ConfUtils.java:logGet(46)) - raft.server.leaderelection.leader.step-down.wait-time = 10s (default)
2023-12-13 16:20:53,521 [s5-groupManagement] INFO  server.RaftServerConfigKeys (ConfUtils.java:logGet(46)) - raft.server.leaderelection.member.majority-add = false (default)
2023-12-13 16:20:53,521 [s5-groupManagement] INFO  server.RaftServerConfigKeys (ConfUtils.java:logGet(46)) - raft.server.sleep.deviation.threshold = 300ms (default)
2023-12-13 16:20:53,521 [Time-limited test] DEBUG server.RaftServer (ServerImplUtils.java:newRaftServer(51)) - newRaftServer: s6, group-46E70943D4F8:[]
2023-12-13 16:20:53,521 [s5-groupManagement] INFO  server.RaftServer$Division (ServerState.java:<init>(113)) - s5@group-46E70943D4F8: ConfigurationManager, init=-1: peers:[]|listeners:[], old=null, confs=<EMPTY_MAP>
2023-12-13 16:20:53,521 [Time-limited test] INFO  server.RaftServer (ConfUtils.java:logGet(46)) - raft.rpc.type = GRPC (default)
2023-12-13 16:20:53,521 [s5-groupManagement] INFO  server.RaftServerConfigKeys (ConfUtils.java:logGet(46)) - raft.server.notification.no-leader.timeout = 60s (default)
2023-12-13 16:20:53,521 [Time-limited test] INFO  grpc.GrpcConfigKeys (ConfUtils.java:logFallback(53)) - raft.grpc.admin.host = null (fallback to raft.grpc.server.host)
2023-12-13 16:20:53,521 [s5-groupManagement] INFO  server.RaftServerConfigKeys (ConfUtils.java:logGet(46)) - raft.server.read.timeout = 10s (default)
2023-12-13 16:20:53,521 [Time-limited test] INFO  grpc.GrpcConfigKeys (ConfUtils.java:logFallback(53)) - raft.grpc.admin.port = 45461 (fallback to raft.grpc.server.port)
2023-12-13 16:20:53,521 [s5-groupManagement] INFO  server.RaftServerConfigKeys (ConfUtils.java:logGet(46)) - raft.server.retrycache.expirytime = 60s (default)
2023-12-13 16:20:53,521 [Time-limited test] INFO  grpc.GrpcConfigKeys (ConfUtils.java:logFallback(53)) - raft.grpc.client.host = null (fallback to raft.grpc.server.host)
2023-12-13 16:20:53,521 [s5-groupManagement] INFO  server.RaftServerConfigKeys (ConfUtils.java:logGet(46)) - raft.server.retrycache.statistics.expirytime = 100ms (default)
2023-12-13 16:20:53,521 [Time-limited test] INFO  grpc.GrpcConfigKeys (ConfUtils.java:logFallback(53)) - raft.grpc.client.port = 45461 (fallback to raft.grpc.server.port)
2023-12-13 16:20:53,521 [s5-groupManagement] INFO  server.RaftServerConfigKeys (ConfUtils.java:logGet(46)) - raft.server.read.option = DEFAULT (default)
2023-12-13 16:20:53,521 [Time-limited test] INFO  grpc.GrpcConfigKeys (ConfUtils.java:logGet(46)) - raft.grpc.server.host = null (default)
2023-12-13 16:20:53,521 [s5-groupManagement] INFO  server.RaftServerConfigKeys (ConfUtils.java:logGet(46)) - raft.server.read.read-after-write-consistent.write-index-cache.expiry-time = 60s (default)
2023-12-13 16:20:53,522 [Time-limited test] INFO  grpc.GrpcConfigKeys (ConfUtils.java:logGet(46)) - raft.grpc.server.port = 45461 (custom)
2023-12-13 16:20:53,522 [Time-limited test] INFO  server.GrpcService (ConfUtils.java:logGet(46)) - raft.grpc.message.size.max = 64MB (=67108864) (default)
2023-12-13 16:20:53,522 [Time-limited test] INFO  server.RaftServerConfigKeys (ConfUtils.java:logGet(46)) - raft.server.log.appender.buffer.byte-limit = 4MB (=4194304) (default)
2023-12-13 16:20:53,522 [Time-limited test] INFO  server.GrpcService (ConfUtils.java:logGet(46)) - raft.grpc.flow.control.window = 1MB (=1048576) (default)
2023-12-13 16:20:53,522 [Time-limited test] INFO  server.RaftServerConfigKeys (ConfUtils.java:logGet(46)) - raft.server.rpc.request.timeout = 3000ms (default)
2023-12-13 16:20:53,522 [Time-limited test] INFO  grpc.GrpcConfigKeys (ConfUtils.java:logGet(46)) - raft.grpc.server.heartbeat.channel = true (default)
2023-12-13 16:20:53,522 [Time-limited test] INFO  grpc.GrpcConfigKeys (ConfUtils.java:logGet(46)) - raft.grpc.server.async.request.thread.pool.cached = true (default)
2023-12-13 16:20:53,522 [Time-limited test] INFO  grpc.GrpcConfigKeys (ConfUtils.java:logGet(46)) - raft.grpc.server.async.request.thread.pool.size = 32 (default)
2023-12-13 16:20:53,522 [s5-groupManagement] INFO  server.RaftServerConfigKeys (ConfUtils.java:logGet(46)) - raft.server.rpc.request.timeout = 3000ms (default)
2023-12-13 16:20:53,522 [s5-groupManagement] INFO  server.RaftServerConfigKeys (ConfUtils.java:logGet(46)) - raft.server.log.appender.install.snapshot.enabled = true (default)
2023-12-13 16:20:53,522 [s5-groupManagement] INFO  server.RaftServerConfigKeys (ConfUtils.java:logGet(46)) - raft.server.threadpool.server.cached = true (default)
2023-12-13 16:20:53,522 [s5-groupManagement] INFO  server.RaftServerConfigKeys (ConfUtils.java:logGet(46)) - raft.server.threadpool.server.size = 0 (default)
2023-12-13 16:20:53,522 [s5-groupManagement] INFO  server.RaftServerConfigKeys (ConfUtils.java:logGet(46)) - raft.server.threadpool.client.cached = true (default)
2023-12-13 16:20:53,522 [s5-groupManagement] INFO  server.RaftServerConfigKeys (ConfUtils.java:logGet(46)) - raft.server.threadpool.client.size = 0 (default)
2023-12-13 16:20:53,522 [Time-limited test] INFO  impl.DataStreamServerImpl (ConfUtils.java:logGet(46)) - raft.datastream.type = DISABLED (default)
2023-12-13 16:20:53,523 [Time-limited test] INFO  server.RaftServerConfigKeys (ConfUtils.java:logGet(46)) - raft.server.sleep.deviation.threshold = 300ms (default)
2023-12-13 16:20:53,523 [Time-limited test] INFO  server.RaftServerConfigKeys (ConfUtils.java:logGet(46)) - raft.server.close.threshold = 60s (default)
2023-12-13 16:20:53,523 [Time-limited test] INFO  server.RaftServerConfigKeys (ConfUtils.java:logGet(46)) - raft.server.leaderelection.leader.step-down.wait-time = 10s (default)
2023-12-13 16:20:53,523 [Time-limited test] INFO  server.RaftServerConfigKeys (ConfUtils.java:logGet(46)) - raft.server.storage.dir = [/home/runner/work/ratis/ratis/ratis-test/target/test/data/1e4ee837/MiniRaftClusterWithGrpcb6381943/s6] (custom)
2023-12-13 16:20:53,523 [Time-limited test] INFO  server.RaftServerConfigKeys (ConfUtils.java:logGet(46)) - raft.server.threadpool.proxy.cached = true (default)
2023-12-13 16:20:53,523 [Time-limited test] INFO  server.RaftServerConfigKeys (ConfUtils.java:logGet(46)) - raft.server.threadpool.proxy.size = 0 (default)
2023-12-13 16:20:53,523 [Time-limited test] INFO  server.RaftServer (RaftServerProxy.java:addNew(100)) - s6: addNew group-46E70943D4F8:[] returns group-46E70943D4F8:java.util.concurrent.CompletableFuture@2b0b7f1b[Not completed]
2023-12-13 16:20:53,523 [s6-groupManagement] INFO  server.RaftServer$Division (RaftServerImpl.java:<init>(256)) - s6: new RaftServerImpl for group-46E70943D4F8:[] with BaseStateMachine:uninitialized
2023-12-13 16:20:53,523 [s6-groupManagement] INFO  server.RaftServerConfigKeys (ConfUtils.java:logGet(46)) - raft.server.rpc.timeout.min = 1500ms (custom)
2023-12-13 16:20:53,523 [s6-groupManagement] INFO  server.RaftServerConfigKeys (ConfUtils.java:logGet(46)) - raft.server.rpc.timeout.max = 2000ms (custom)
2023-12-13 16:20:53,523 [s6-groupManagement] INFO  server.RaftServerConfigKeys (ConfUtils.java:logGet(46)) - raft.server.rpc.sleep.time = 25ms (default)
2023-12-13 16:20:53,523 [Time-limited test] INFO  impl.GroupManagementBaseTest (GroupManagementBaseTest.java:runMultiGroupTest(260)) - putNewServer: printing ALL groups
  s3:      NEW      null s3@group-46E70943D4F8:t0, leader=null, voted=null, raftlog=UNINITIALIZED, conf=-1: peers:[]|listeners:[], old=null NEW
  s4:      NEW      null s4@group-46E70943D4F8:t0, leader=null, voted=null, raftlog=UNINITIALIZED, conf=-1: peers:[]|listeners:[], old=null NEW
  s5:      NEW      null s5@group-46E70943D4F8:t0, leader=null, voted=null, raftlog=UNINITIALIZED, conf=-1: peers:[]|listeners:[], old=null NEW
  s6:      NEW group-46E70943D4F8:java.util.concurrent.CompletableFuture@2b0b7f1b[Not completed]
  s0:      NEW      null s0@group-46E70943D4F8:t0, leader=null, voted=null, raftlog=UNINITIALIZED, conf=-1: peers:[]|listeners:[], old=null NEW
  s1:      NEW      null s1@group-46E70943D4F8:t0, leader=null, voted=null, raftlog=UNINITIALIZED, conf=-1: peers:[]|listeners:[], old=null NEW
  s2:      NEW      null s2@group-46E70943D4F8:t0, leader=null, voted=null, raftlog=UNINITIALIZED, conf=-1: peers:[]|listeners:[], old=null NEW
2023-12-13 16:20:53,523 [s6-groupManagement] INFO  server.RaftServerConfigKeys (ConfUtils.java:logGet(46)) - raft.server.rpc.slowness.timeout = 60s (default)
2023-12-13 16:20:53,523 [s6-groupManagement] INFO  server.RaftServerConfigKeys (ConfUtils.java:logGet(46)) - raft.server.leaderelection.leader.step-down.wait-time = 10s (default)
2023-12-13 16:20:53,523 [s6-groupManagement] INFO  server.RaftServerConfigKeys (ConfUtils.java:logGet(46)) - raft.server.leaderelection.member.majority-add = false (default)
2023-12-13 16:20:53,523 [s6-groupManagement] INFO  server.RaftServerConfigKeys (ConfUtils.java:logGet(46)) - raft.server.sleep.deviation.threshold = 300ms (default)
2023-12-13 16:20:53,523 [s6-groupManagement] INFO  server.RaftServer$Division (ServerState.java:<init>(113)) - s6@group-46E70943D4F8: ConfigurationManager, init=-1: peers:[]|listeners:[], old=null, confs=<EMPTY_MAP>
2023-12-13 16:20:53,523 [s6-groupManagement] INFO  server.RaftServerConfigKeys (ConfUtils.java:logGet(46)) - raft.server.notification.no-leader.timeout = 60s (default)
2023-12-13 16:20:53,523 [s6-groupManagement] INFO  server.RaftServerConfigKeys (ConfUtils.java:logGet(46)) - raft.server.read.timeout = 10s (default)
2023-12-13 16:20:53,524 [s6-groupManagement] INFO  server.RaftServerConfigKeys (ConfUtils.java:logGet(46)) - raft.server.retrycache.expirytime = 60s (default)
2023-12-13 16:20:53,524 [s6-groupManagement] INFO  server.RaftServerConfigKeys (ConfUtils.java:logGet(46)) - raft.server.retrycache.statistics.expirytime = 100ms (default)
2023-12-13 16:20:53,524 [s6-groupManagement] INFO  server.RaftServerConfigKeys (ConfUtils.java:logGet(46)) - raft.server.read.option = DEFAULT (default)
2023-12-13 16:20:53,524 [s6-groupManagement] INFO  server.RaftServerConfigKeys (ConfUtils.java:logGet(46)) - raft.server.read.read-after-write-consistent.write-index-cache.expiry-time = 60s (default)
2023-12-13 16:20:53,524 [s6-groupManagement] INFO  server.RaftServerConfigKeys (ConfUtils.java:logGet(46)) - raft.server.rpc.request.timeout = 3000ms (default)
2023-12-13 16:20:53,524 [s6-groupManagement] INFO  server.RaftServerConfigKeys (ConfUtils.java:logGet(46)) - raft.server.log.appender.install.snapshot.enabled = true (default)
2023-12-13 16:20:53,524 [s6-groupManagement] INFO  server.RaftServerConfigKeys (ConfUtils.java:logGet(46)) - raft.server.threadpool.server.cached = true (default)
2023-12-13 16:20:53,524 [s6-groupManagement] INFO  server.RaftServerConfigKeys (ConfUtils.java:logGet(46)) - raft.server.threadpool.server.size = 0 (default)
2023-12-13 16:20:53,524 [s6-groupManagement] INFO  server.RaftServerConfigKeys (ConfUtils.java:logGet(46)) - raft.server.threadpool.client.cached = true (default)
2023-12-13 16:20:53,524 [s6-groupManagement] INFO  server.RaftServerConfigKeys (ConfUtils.java:logGet(46)) - raft.server.threadpool.client.size = 0 (default)
2023-12-13 16:20:54,523 [Time-limited test] INFO  impl.MiniRaftCluster (MiniRaftCluster.java:start(339)) - .............................................................. 
2023-12-13 16:20:54,524 [Time-limited test] INFO  impl.MiniRaftCluster (MiniRaftCluster.java:start(340)) - ... 
2023-12-13 16:20:54,524 [Time-limited test] INFO  impl.MiniRaftCluster (MiniRaftCluster.java:start(341)) - ...     Starting MiniRaftClusterWithGrpc
2023-12-13 16:20:54,524 [Time-limited test] INFO  impl.MiniRaftCluster (MiniRaftCluster.java:start(342)) - ... 
2023-12-13 16:20:54,524 [Time-limited test] INFO  impl.MiniRaftCluster (MiniRaftCluster.java:start(343)) - .............................................................. 
2023-12-13 16:20:54,524 [Time-limited test] INFO  impl.MiniRaftCluster (MiniRaftCluster.java:initServers(318)) - servers = {s3=s3:      NEW      null s3@group-46E70943D4F8:t0, leader=null, voted=null, raftlog=UNINITIALIZED, conf=-1: peers:[]|listeners:[], old=null NEW, s4=s4:      NEW      null s4@group-46E70943D4F8:t0, leader=null, voted=null, raftlog=UNINITIALIZED, conf=-1: peers:[]|listeners:[], old=null NEW, s5=s5:      NEW      null s5@group-46E70943D4F8:t0, leader=null, voted=null, raftlog=UNINITIALIZED, conf=-1: peers:[]|listeners:[], old=null NEW, s6=s6:      NEW      null s6@group-46E70943D4F8:t0, leader=null, voted=null, raftlog=UNINITIALIZED, conf=-1: peers:[]|listeners:[], old=null NEW, s0=s0:      NEW      null s0@group-46E70943D4F8:t0, leader=null, voted=null, raftlog=UNINITIALIZED, conf=-1: peers:[]|listeners:[], old=null NEW, s1=s1:      NEW      null s1@group-46E70943D4F8:t0, leader=null, voted=null, raftlog=UNINITIALIZED, conf=-1: peers:[]|listeners:[], old=null NEW, s2=s2:      NEW      null s2@group-46E70943D4F8:t0, leader=null, voted=null, raftlog=UNINITIALIZED, conf=-1: peers:[]|listeners:[], old=null NEW}
2023-12-13 16:20:54,524 [s3-impl-thread1] INFO  server.RaftServerConfigKeys (ConfUtils.java:logGet(46)) - raft.server.storage.free-space.min = 0MB (=0) (default)
2023-12-13 16:20:54,524 [s3-impl-thread1] INFO  server.RaftServerConfigKeys (ConfUtils.java:logGet(46)) - raft.server.log.corruption.policy = EXCEPTION (default)
2023-12-13 16:20:54,524 [s3-impl-thread1] INFO  server.RaftServerConfigKeys (ConfUtils.java:logGet(46)) - raft.server.storage.dir = [/home/runner/work/ratis/ratis/ratis-test/target/test/data/1e4ee837/MiniRaftClusterWithGrpcb6381943/s3] (custom)
2023-12-13 16:20:54,524 [s3-impl-thread1] INFO  storage.RaftStorageDirectory (RaftStorageDirectoryImpl.java:analyzeStorage(138)) - The storage directory /home/runner/work/ratis/ratis/ratis-test/target/test/data/1e4ee837/MiniRaftClusterWithGrpcb6381943/s3/8fdb38ec-1637-43dd-a96e-46e70943d4f8 does not exist. Creating ...
2023-12-13 16:20:54,525 [s3-impl-thread1] TRACE util.FileUtils (LogUtils.java:runAndLog(49)) - Successfully ran Files.createDirectories /home/runner/work/ratis/ratis/ratis-test/target/test/data/1e4ee837/MiniRaftClusterWithGrpcb6381943/s3/8fdb38ec-1637-43dd-a96e-46e70943d4f8
2023-12-13 16:20:54,526 [s3-impl-thread1] INFO  storage.RaftStorageDirectory (RaftStorageDirectoryImpl.java:tryLock(228)) - Lock on /home/runner/work/ratis/ratis/ratis-test/target/test/data/1e4ee837/MiniRaftClusterWithGrpcb6381943/s3/8fdb38ec-1637-43dd-a96e-46e70943d4f8/in_use.lock acquired by nodename 10819@fv-az890-872
2023-12-13 16:20:54,526 [s3-impl-thread1] TRACE util.FileUtils (LogUtils.java:runAndLog(49)) - Successfully ran Files.createDirectories /home/runner/work/ratis/ratis/ratis-test/target/test/data/1e4ee837/MiniRaftClusterWithGrpcb6381943/s3/8fdb38ec-1637-43dd-a96e-46e70943d4f8/current
2023-12-13 16:20:54,526 [s3-impl-thread1] TRACE util.FileUtils (LogUtils.java:runAndLog(49)) - Successfully ran Files.createDirectories /home/runner/work/ratis/ratis/ratis-test/target/test/data/1e4ee837/MiniRaftClusterWithGrpcb6381943/s3/8fdb38ec-1637-43dd-a96e-46e70943d4f8/sm
2023-12-13 16:20:54,526 [s3-impl-thread1] TRACE util.FileUtils (LogUtils.java:supplyAndLog(69)) - Successfully supplied FileChannel.open /home/runner/work/ratis/ratis/ratis-test/target/test/data/1e4ee837/MiniRaftClusterWithGrpcb6381943/s3/8fdb38ec-1637-43dd-a96e-46e70943d4f8/current/raft-meta.tmp with options [CREATE, WRITE]: sun.nio.ch.FileChannelImpl@34899a79
2023-12-13 16:20:54,527 [s3-impl-thread1] TRACE util.FileUtils (LogUtils.java:runAndLog(49)) - Successfully ran Atomic Files.move /home/runner/work/ratis/ratis/ratis-test/target/test/data/1e4ee837/MiniRaftClusterWithGrpcb6381943/s3/8fdb38ec-1637-43dd-a96e-46e70943d4f8/current/raft-meta.tmp to /home/runner/work/ratis/ratis/ratis-test/target/test/data/1e4ee837/MiniRaftClusterWithGrpcb6381943/s3/8fdb38ec-1637-43dd-a96e-46e70943d4f8/current/raft-meta with options [REPLACE_EXISTING]
2023-12-13 16:20:54,527 [s3-impl-thread1] INFO  storage.RaftStorage (RaftStorageImpl.java:format(99)) - Storage directory /home/runner/work/ratis/ratis/ratis-test/target/test/data/1e4ee837/MiniRaftClusterWithGrpcb6381943/s3/8fdb38ec-1637-43dd-a96e-46e70943d4f8 has been successfully formatted.
2023-12-13 16:20:54,527 [s3-impl-thread1] TRACE util.FileUtils (LogUtils.java:supplyAndLog(61)) - Failed to Files.newInputStream /home/runner/work/ratis/ratis/ratis-test/target/test/data/1e4ee837/MiniRaftClusterWithGrpcb6381943/s3/8fdb38ec-1637-43dd-a96e-46e70943d4f8/current/raft-meta.conf with options []
java.nio.file.NoSuchFileException: /home/runner/work/ratis/ratis/ratis-test/target/test/data/1e4ee837/MiniRaftClusterWithGrpcb6381943/s3/8fdb38ec-1637-43dd-a96e-46e70943d4f8/current/raft-meta.conf
	at java.base/sun.nio.fs.UnixException.translateToIOException(UnixException.java:92)
	at java.base/sun.nio.fs.UnixException.rethrowAsIOException(UnixException.java:111)
	at java.base/sun.nio.fs.UnixException.rethrowAsIOException(UnixException.java:116)
	at java.base/sun.nio.fs.UnixFileSystemProvider.newByteChannel(UnixFileSystemProvider.java:219)
	at java.base/java.nio.file.Files.newByteChannel(Files.java:371)
	at java.base/java.nio.file.Files.newByteChannel(Files.java:422)
	at java.base/java.nio.file.spi.FileSystemProvider.newInputStream(FileSystemProvider.java:420)
	at java.base/java.nio.file.Files.newInputStream(Files.java:156)
	at org.apache.ratis.util.FileUtils.lambda$newInputStream$2(FileUtils.java:73)
	at org.apache.ratis.util.LogUtils.supplyAndLog(LogUtils.java:58)
	at org.apache.ratis.util.FileUtils.newInputStream(FileUtils.java:72)
	at org.apache.ratis.util.FileUtils.newInputStream(FileUtils.java:68)
	at org.apache.ratis.server.storage.RaftStorageImpl.readRaftConfiguration(RaftStorageImpl.java:156)
	at org.apache.ratis.server.impl.ServerState.initialize(ServerState.java:141)
	at org.apache.ratis.server.impl.RaftServerImpl.start(RaftServerImpl.java:388)
	at org.apache.ratis.util.ConcurrentUtils.accept(ConcurrentUtils.java:203)
	at org.apache.ratis.util.ConcurrentUtils.lambda$parallelForEachAsync$4(ConcurrentUtils.java:182)
	at java.base/java.util.concurrent.ThreadPoolExecutor.runWorker(ThreadPoolExecutor.java:1128)
	at java.base/java.util.concurrent.ThreadPoolExecutor$Worker.run(ThreadPoolExecutor.java:628)
	at java.base/java.lang.Thread.run(Thread.java:829)
2023-12-13 16:20:54,527 [s3-impl-thread1] INFO  server.RaftServerConfigKeys (ConfUtils.java:logGet(46)) - raft.server.log.use.memory = false (default)
2023-12-13 16:20:54,527 [s3-impl-thread1] INFO  server.RaftServerConfigKeys (ConfUtils.java:logGet(46)) - raft.server.log.purge.gap = 1024 (default)
2023-12-13 16:20:54,527 [s3-impl-thread1] INFO  server.RaftServerConfigKeys (ConfUtils.java:logGet(46)) - raft.server.log.appender.buffer.byte-limit = 4MB (=4194304) (default)
2023-12-13 16:20:54,528 [s3-impl-thread1] INFO  server.RaftServerConfigKeys (ConfUtils.java:logGet(46)) - raft.server.log.statemachine.data.read.timeout = 1000ms (default)
2023-12-13 16:20:54,528 [s3-impl-thread1] INFO  server.RaftServerConfigKeys (ConfUtils.java:logGet(46)) - raft.server.log.purge.preservation.log.num = 0 (default)
2023-12-13 16:20:54,528 [s3-impl-thread1] INFO  server.RaftServerConfigKeys (ConfUtils.java:logGet(46)) - raft.server.log.segment.size.max = 32MB (=33554432) (default)
2023-12-13 16:20:54,528 [s3-impl-thread1] INFO  server.RaftServerConfigKeys (ConfUtils.java:logGet(46)) - raft.server.log.segment.cache.num.max = 6 (default)
2023-12-13 16:20:54,528 [s3-impl-thread1] INFO  server.RaftServerConfigKeys (ConfUtils.java:logGet(46)) - raft.server.log.segment.cache.size.max = 200MB (=209715200) (default)
2023-12-13 16:20:54,528 [s3-impl-thread1] INFO  server.RaftServerConfigKeys (ConfUtils.java:logGet(46)) - raft.server.log.appender.buffer.byte-limit = 4MB (=4194304) (default)
2023-12-13 16:20:54,528 [s3-impl-thread1] INFO  util.AwaitToRun (AwaitToRun.java:start(81)) - Thread[s3@group-46E70943D4F8-cacheEviction-AwaitToRun,5,main] started
2023-12-13 16:20:54,528 [s3-impl-thread1] INFO  segmented.SegmentedRaftLogWorker (SegmentedRaftLogWorker.java:<init>(182)) - new s3@group-46E70943D4F8-SegmentedRaftLogWorker for RaftStorageImpl:Storage Directory /home/runner/work/ratis/ratis/ratis-test/target/test/data/1e4ee837/MiniRaftClusterWithGrpcb6381943/s3/8fdb38ec-1637-43dd-a96e-46e70943d4f8
2023-12-13 16:20:54,528 [s3-impl-thread1] INFO  server.RaftServerConfigKeys (ConfUtils.java:logGet(46)) - raft.server.log.queue.byte-limit = 64MB (=67108864) (default)
2023-12-13 16:20:54,528 [s3-impl-thread1] INFO  server.RaftServerConfigKeys (ConfUtils.java:logGet(46)) - raft.server.log.queue.element-limit = 4096 (default)
2023-12-13 16:20:54,528 [s3-impl-thread1] INFO  server.RaftServerConfigKeys (ConfUtils.java:logGet(46)) - raft.server.log.segment.size.max = 32MB (=33554432) (default)
2023-12-13 16:20:54,529 [s3-impl-thread1] INFO  server.RaftServerConfigKeys (ConfUtils.java:logGet(46)) - raft.server.log.preallocated.size = 4MB (=4194304) (default)
2023-12-13 16:20:54,529 [s3-impl-thread1] INFO  server.RaftServerConfigKeys (ConfUtils.java:logGet(46)) - raft.server.log.force.sync.num = 128 (default)
2023-12-13 16:20:54,529 [s3-impl-thread1] INFO  server.RaftServerConfigKeys (ConfUtils.java:logGet(46)) - raft.server.log.statemachine.data.sync = true (default)
2023-12-13 16:20:54,529 [s3-impl-thread1] INFO  server.RaftServerConfigKeys (ConfUtils.java:logGet(46)) - raft.server.log.statemachine.data.sync.timeout = 10s (default)
2023-12-13 16:20:54,529 [s3-impl-thread1] INFO  server.RaftServerConfigKeys (ConfUtils.java:logGet(46)) - raft.server.log.statemachine.data.sync.timeout.retry = -1 (default)
2023-12-13 16:20:54,529 [s3-impl-thread1] INFO  server.RaftServerConfigKeys (ConfUtils.java:logGet(46)) - raft.server.log.write.buffer.size = 8MB (=8388608) (default)
2023-12-13 16:20:54,530 [s3-impl-thread1] INFO  server.RaftServerConfigKeys (ConfUtils.java:logGet(46)) - raft.server.log.appender.buffer.byte-limit = 4MB (=4194304) (default)
2023-12-13 16:20:54,530 [s3-impl-thread1] INFO  server.RaftServerConfigKeys (ConfUtils.java:logGet(46)) - raft.server.log.unsafe-flush.enabled = false (default)
2023-12-13 16:20:54,530 [s3-impl-thread1] INFO  server.RaftServerConfigKeys (ConfUtils.java:logGet(46)) - raft.server.log.async-flush.enabled = false (default)
2023-12-13 16:20:54,530 [s3-impl-thread1] INFO  server.RaftServerConfigKeys (ConfUtils.java:logGet(46)) - raft.server.log.statemachine.data.caching.enabled = false (default)
2023-12-13 16:20:54,530 [s3-impl-thread1] INFO  segmented.SegmentedRaftLogWorker (SegmentedRaftLogWorker.java:lambda$new$0(134)) - s3@group-46E70943D4F8-SegmentedRaftLogWorker: flushIndex: setUnconditionally 0 -> -1
2023-12-13 16:20:54,530 [s3-impl-thread1] INFO  segmented.SegmentedRaftLogWorker (SegmentedRaftLogWorker.java:lambda$new$0(134)) - s3@group-46E70943D4F8-SegmentedRaftLogWorker: safeCacheEvictIndex: setUnconditionally 0 -> -1
2023-12-13 16:20:54,530 [s3-impl-thread1] INFO  server.RaftServer$Division (RaftServerImpl.java:start(398)) - s3@group-46E70943D4F8: start with initializing state, conf=-1: peers:[]|listeners:[], old=null
2023-12-13 16:20:54,530 [s3-impl-thread1] INFO  server.RaftServer$Division (RaftServerImpl.java:setRole(379)) - s3@group-46E70943D4F8: changes role from      null to FOLLOWER at term 0 for startInitializing
2023-12-13 16:20:54,531 [s3-impl-thread1] INFO  util.JmxRegister (JmxRegister.java:tryRegister(44)) - Successfully registered JMX Bean with object name Ratis:service=RaftServer,group=group-46E70943D4F8,id=s3
2023-12-13 16:20:54,531 [s3-impl-thread1] INFO  server.RaftServerConfigKeys (ConfUtils.java:logGet(46)) - raft.server.snapshot.trigger-when-stop.enabled = true (default)
2023-12-13 16:20:54,531 [s3-impl-thread1] INFO  server.RaftServerConfigKeys (ConfUtils.java:logGet(46)) - raft.server.snapshot.auto.trigger.enabled = false (default)
2023-12-13 16:20:54,531 [s3-impl-thread1] INFO  server.RaftServerConfigKeys (ConfUtils.java:logGet(46)) - raft.server.snapshot.retention.file.num = -1 (default)
2023-12-13 16:20:54,531 [s3-impl-thread1] INFO  server.RaftServerConfigKeys (ConfUtils.java:logGet(46)) - raft.server.log.purge.upto.snapshot.index = false (default)
2023-12-13 16:20:54,531 [Time-limited test] INFO  server.RaftServer (RaftServerProxy.java:startImpl(406)) - s3: start RPC server
2023-12-13 16:20:54,532 [Time-limited test] INFO  server.GrpcService (GrpcService.java:startImpl(302)) - s3: GrpcService started, listening on 46749
2023-12-13 16:20:54,532 [JvmPauseMonitor15] INFO  util.JvmPauseMonitor (JvmPauseMonitor.java:run(146)) - JvmPauseMonitor-s3: Started
2023-12-13 16:20:54,532 [s4-impl-thread1] INFO  server.RaftServerConfigKeys (ConfUtils.java:logGet(46)) - raft.server.storage.free-space.min = 0MB (=0) (default)
2023-12-13 16:20:54,532 [s4-impl-thread1] INFO  server.RaftServerConfigKeys (ConfUtils.java:logGet(46)) - raft.server.log.corruption.policy = EXCEPTION (default)
2023-12-13 16:20:54,532 [s4-impl-thread1] INFO  server.RaftServerConfigKeys (ConfUtils.java:logGet(46)) - raft.server.storage.dir = [/home/runner/work/ratis/ratis/ratis-test/target/test/data/1e4ee837/MiniRaftClusterWithGrpcb6381943/s4] (custom)
2023-12-13 16:20:54,533 [s4-impl-thread1] INFO  storage.RaftStorageDirectory (RaftStorageDirectoryImpl.java:analyzeStorage(138)) - The storage directory /home/runner/work/ratis/ratis/ratis-test/target/test/data/1e4ee837/MiniRaftClusterWithGrpcb6381943/s4/8fdb38ec-1637-43dd-a96e-46e70943d4f8 does not exist. Creating ...
2023-12-13 16:20:54,533 [s4-impl-thread1] TRACE util.FileUtils (LogUtils.java:runAndLog(49)) - Successfully ran Files.createDirectories /home/runner/work/ratis/ratis/ratis-test/target/test/data/1e4ee837/MiniRaftClusterWithGrpcb6381943/s4/8fdb38ec-1637-43dd-a96e-46e70943d4f8
2023-12-13 16:20:54,534 [s4-impl-thread1] INFO  storage.RaftStorageDirectory (RaftStorageDirectoryImpl.java:tryLock(228)) - Lock on /home/runner/work/ratis/ratis/ratis-test/target/test/data/1e4ee837/MiniRaftClusterWithGrpcb6381943/s4/8fdb38ec-1637-43dd-a96e-46e70943d4f8/in_use.lock acquired by nodename 10819@fv-az890-872
2023-12-13 16:20:54,534 [s4-impl-thread1] TRACE util.FileUtils (LogUtils.java:runAndLog(49)) - Successfully ran Files.createDirectories /home/runner/work/ratis/ratis/ratis-test/target/test/data/1e4ee837/MiniRaftClusterWithGrpcb6381943/s4/8fdb38ec-1637-43dd-a96e-46e70943d4f8/current
2023-12-13 16:20:54,534 [s4-impl-thread1] TRACE util.FileUtils (LogUtils.java:runAndLog(49)) - Successfully ran Files.createDirectories /home/runner/work/ratis/ratis/ratis-test/target/test/data/1e4ee837/MiniRaftClusterWithGrpcb6381943/s4/8fdb38ec-1637-43dd-a96e-46e70943d4f8/sm
2023-12-13 16:20:54,534 [s4-impl-thread1] TRACE util.FileUtils (LogUtils.java:supplyAndLog(69)) - Successfully supplied FileChannel.open /home/runner/work/ratis/ratis/ratis-test/target/test/data/1e4ee837/MiniRaftClusterWithGrpcb6381943/s4/8fdb38ec-1637-43dd-a96e-46e70943d4f8/current/raft-meta.tmp with options [CREATE, WRITE]: sun.nio.ch.FileChannelImpl@7ba35b68
2023-12-13 16:20:54,535 [s4-impl-thread1] TRACE util.FileUtils (LogUtils.java:runAndLog(49)) - Successfully ran Atomic Files.move /home/runner/work/ratis/ratis/ratis-test/target/test/data/1e4ee837/MiniRaftClusterWithGrpcb6381943/s4/8fdb38ec-1637-43dd-a96e-46e70943d4f8/current/raft-meta.tmp to /home/runner/work/ratis/ratis/ratis-test/target/test/data/1e4ee837/MiniRaftClusterWithGrpcb6381943/s4/8fdb38ec-1637-43dd-a96e-46e70943d4f8/current/raft-meta with options [REPLACE_EXISTING]
2023-12-13 16:20:54,535 [s4-impl-thread1] INFO  storage.RaftStorage (RaftStorageImpl.java:format(99)) - Storage directory /home/runner/work/ratis/ratis/ratis-test/target/test/data/1e4ee837/MiniRaftClusterWithGrpcb6381943/s4/8fdb38ec-1637-43dd-a96e-46e70943d4f8 has been successfully formatted.
2023-12-13 16:20:54,535 [s4-impl-thread1] TRACE util.FileUtils (LogUtils.java:supplyAndLog(61)) - Failed to Files.newInputStream /home/runner/work/ratis/ratis/ratis-test/target/test/data/1e4ee837/MiniRaftClusterWithGrpcb6381943/s4/8fdb38ec-1637-43dd-a96e-46e70943d4f8/current/raft-meta.conf with options []
java.nio.file.NoSuchFileException: /home/runner/work/ratis/ratis/ratis-test/target/test/data/1e4ee837/MiniRaftClusterWithGrpcb6381943/s4/8fdb38ec-1637-43dd-a96e-46e70943d4f8/current/raft-meta.conf
	at java.base/sun.nio.fs.UnixException.translateToIOException(UnixException.java:92)
	at java.base/sun.nio.fs.UnixException.rethrowAsIOException(UnixException.java:111)
	at java.base/sun.nio.fs.UnixException.rethrowAsIOException(UnixException.java:116)
	at java.base/sun.nio.fs.UnixFileSystemProvider.newByteChannel(UnixFileSystemProvider.java:219)
	at java.base/java.nio.file.Files.newByteChannel(Files.java:371)
	at java.base/java.nio.file.Files.newByteChannel(Files.java:422)
	at java.base/java.nio.file.spi.FileSystemProvider.newInputStream(FileSystemProvider.java:420)
	at java.base/java.nio.file.Files.newInputStream(Files.java:156)
	at org.apache.ratis.util.FileUtils.lambda$newInputStream$2(FileUtils.java:73)
	at org.apache.ratis.util.LogUtils.supplyAndLog(LogUtils.java:58)
	at org.apache.ratis.util.FileUtils.newInputStream(FileUtils.java:72)
	at org.apache.ratis.util.FileUtils.newInputStream(FileUtils.java:68)
	at org.apache.ratis.server.storage.RaftStorageImpl.readRaftConfiguration(RaftStorageImpl.java:156)
	at org.apache.ratis.server.impl.ServerState.initialize(ServerState.java:141)
	at org.apache.ratis.server.impl.RaftServerImpl.start(RaftServerImpl.java:388)
	at org.apache.ratis.util.ConcurrentUtils.accept(ConcurrentUtils.java:203)
	at org.apache.ratis.util.ConcurrentUtils.lambda$parallelForEachAsync$4(ConcurrentUtils.java:182)
	at java.base/java.util.concurrent.ThreadPoolExecutor.runWorker(ThreadPoolExecutor.java:1128)
	at java.base/java.util.concurrent.ThreadPoolExecutor$Worker.run(ThreadPoolExecutor.java:628)
	at java.base/java.lang.Thread.run(Thread.java:829)
2023-12-13 16:20:54,535 [s4-impl-thread1] INFO  server.RaftServerConfigKeys (ConfUtils.java:logGet(46)) - raft.server.log.use.memory = false (default)
2023-12-13 16:20:54,535 [s4-impl-thread1] INFO  server.RaftServerConfigKeys (ConfUtils.java:logGet(46)) - raft.server.log.purge.gap = 1024 (default)
2023-12-13 16:20:54,535 [s4-impl-thread1] INFO  server.RaftServerConfigKeys (ConfUtils.java:logGet(46)) - raft.server.log.appender.buffer.byte-limit = 4MB (=4194304) (default)
2023-12-13 16:20:54,535 [s4-impl-thread1] INFO  server.RaftServerConfigKeys (ConfUtils.java:logGet(46)) - raft.server.log.statemachine.data.read.timeout = 1000ms (default)
2023-12-13 16:20:54,535 [s4-impl-thread1] INFO  server.RaftServerConfigKeys (ConfUtils.java:logGet(46)) - raft.server.log.purge.preservation.log.num = 0 (default)
2023-12-13 16:20:54,535 [s4-impl-thread1] INFO  server.RaftServerConfigKeys (ConfUtils.java:logGet(46)) - raft.server.log.segment.size.max = 32MB (=33554432) (default)
2023-12-13 16:20:54,535 [s4-impl-thread1] INFO  server.RaftServerConfigKeys (ConfUtils.java:logGet(46)) - raft.server.log.segment.cache.num.max = 6 (default)
2023-12-13 16:20:54,536 [s4-impl-thread1] INFO  server.RaftServerConfigKeys (ConfUtils.java:logGet(46)) - raft.server.log.segment.cache.size.max = 200MB (=209715200) (default)
2023-12-13 16:20:54,536 [s4-impl-thread1] INFO  server.RaftServerConfigKeys (ConfUtils.java:logGet(46)) - raft.server.log.appender.buffer.byte-limit = 4MB (=4194304) (default)
2023-12-13 16:20:54,536 [s4-impl-thread1] INFO  util.AwaitToRun (AwaitToRun.java:start(81)) - Thread[s4@group-46E70943D4F8-cacheEviction-AwaitToRun,5,main] started
2023-12-13 16:20:54,536 [s4-impl-thread1] INFO  segmented.SegmentedRaftLogWorker (SegmentedRaftLogWorker.java:<init>(182)) - new s4@group-46E70943D4F8-SegmentedRaftLogWorker for RaftStorageImpl:Storage Directory /home/runner/work/ratis/ratis/ratis-test/target/test/data/1e4ee837/MiniRaftClusterWithGrpcb6381943/s4/8fdb38ec-1637-43dd-a96e-46e70943d4f8
2023-12-13 16:20:54,536 [s4-impl-thread1] INFO  server.RaftServerConfigKeys (ConfUtils.java:logGet(46)) - raft.server.log.queue.byte-limit = 64MB (=67108864) (default)
2023-12-13 16:20:54,536 [s4-impl-thread1] INFO  server.RaftServerConfigKeys (ConfUtils.java:logGet(46)) - raft.server.log.queue.element-limit = 4096 (default)
2023-12-13 16:20:54,536 [s4-impl-thread1] INFO  server.RaftServerConfigKeys (ConfUtils.java:logGet(46)) - raft.server.log.segment.size.max = 32MB (=33554432) (default)
2023-12-13 16:20:54,536 [s4-impl-thread1] INFO  server.RaftServerConfigKeys (ConfUtils.java:logGet(46)) - raft.server.log.preallocated.size = 4MB (=4194304) (default)
2023-12-13 16:20:54,536 [s4-impl-thread1] INFO  server.RaftServerConfigKeys (ConfUtils.java:logGet(46)) - raft.server.log.force.sync.num = 128 (default)
2023-12-13 16:20:54,536 [s4-impl-thread1] INFO  server.RaftServerConfigKeys (ConfUtils.java:logGet(46)) - raft.server.log.statemachine.data.sync = true (default)
2023-12-13 16:20:54,536 [s4-impl-thread1] INFO  server.RaftServerConfigKeys (ConfUtils.java:logGet(46)) - raft.server.log.statemachine.data.sync.timeout = 10s (default)
2023-12-13 16:20:54,536 [s4-impl-thread1] INFO  server.RaftServerConfigKeys (ConfUtils.java:logGet(46)) - raft.server.log.statemachine.data.sync.timeout.retry = -1 (default)
2023-12-13 16:20:54,536 [s4-impl-thread1] INFO  server.RaftServerConfigKeys (ConfUtils.java:logGet(46)) - raft.server.log.write.buffer.size = 8MB (=8388608) (default)
2023-12-13 16:20:54,537 [s4-impl-thread1] INFO  server.RaftServerConfigKeys (ConfUtils.java:logGet(46)) - raft.server.log.appender.buffer.byte-limit = 4MB (=4194304) (default)
2023-12-13 16:20:54,537 [s4-impl-thread1] INFO  server.RaftServerConfigKeys (ConfUtils.java:logGet(46)) - raft.server.log.unsafe-flush.enabled = false (default)
2023-12-13 16:20:54,537 [s4-impl-thread1] INFO  server.RaftServerConfigKeys (ConfUtils.java:logGet(46)) - raft.server.log.async-flush.enabled = false (default)
2023-12-13 16:20:54,537 [s4-impl-thread1] INFO  server.RaftServerConfigKeys (ConfUtils.java:logGet(46)) - raft.server.log.statemachine.data.caching.enabled = false (default)
2023-12-13 16:20:54,537 [s4-impl-thread1] INFO  segmented.SegmentedRaftLogWorker (SegmentedRaftLogWorker.java:lambda$new$0(134)) - s4@group-46E70943D4F8-SegmentedRaftLogWorker: flushIndex: setUnconditionally 0 -> -1
2023-12-13 16:20:54,537 [s4-impl-thread1] INFO  segmented.SegmentedRaftLogWorker (SegmentedRaftLogWorker.java:lambda$new$0(134)) - s4@group-46E70943D4F8-SegmentedRaftLogWorker: safeCacheEvictIndex: setUnconditionally 0 -> -1
2023-12-13 16:20:54,538 [s4-impl-thread1] INFO  server.RaftServer$Division (RaftServerImpl.java:start(398)) - s4@group-46E70943D4F8: start with initializing state, conf=-1: peers:[]|listeners:[], old=null
2023-12-13 16:20:54,538 [s4-impl-thread1] INFO  server.RaftServer$Division (RaftServerImpl.java:setRole(379)) - s4@group-46E70943D4F8: changes role from      null to FOLLOWER at term 0 for startInitializing
2023-12-13 16:20:54,538 [s4-impl-thread1] INFO  util.JmxRegister (JmxRegister.java:tryRegister(44)) - Successfully registered JMX Bean with object name Ratis:service=RaftServer,group=group-46E70943D4F8,id=s4
2023-12-13 16:20:54,538 [s4-impl-thread1] INFO  server.RaftServerConfigKeys (ConfUtils.java:logGet(46)) - raft.server.snapshot.trigger-when-stop.enabled = true (default)
2023-12-13 16:20:54,538 [s4-impl-thread1] INFO  server.RaftServerConfigKeys (ConfUtils.java:logGet(46)) - raft.server.snapshot.auto.trigger.enabled = false (default)
2023-12-13 16:20:54,538 [s4-impl-thread1] INFO  server.RaftServerConfigKeys (ConfUtils.java:logGet(46)) - raft.server.snapshot.retention.file.num = -1 (default)
2023-12-13 16:20:54,538 [s4-impl-thread1] INFO  server.RaftServerConfigKeys (ConfUtils.java:logGet(46)) - raft.server.log.purge.upto.snapshot.index = false (default)
2023-12-13 16:20:54,538 [Time-limited test] INFO  server.RaftServer (RaftServerProxy.java:startImpl(406)) - s4: start RPC server
2023-12-13 16:20:54,538 [Time-limited test] INFO  server.GrpcService (GrpcService.java:startImpl(302)) - s4: GrpcService started, listening on 37445
2023-12-13 16:20:54,539 [JvmPauseMonitor16] INFO  util.JvmPauseMonitor (JvmPauseMonitor.java:run(146)) - JvmPauseMonitor-s4: Started
2023-12-13 16:20:54,539 [s5-impl-thread1] INFO  server.RaftServerConfigKeys (ConfUtils.java:logGet(46)) - raft.server.storage.free-space.min = 0MB (=0) (default)
2023-12-13 16:20:54,539 [s5-impl-thread1] INFO  server.RaftServerConfigKeys (ConfUtils.java:logGet(46)) - raft.server.log.corruption.policy = EXCEPTION (default)
2023-12-13 16:20:54,539 [s5-impl-thread1] INFO  server.RaftServerConfigKeys (ConfUtils.java:logGet(46)) - raft.server.storage.dir = [/home/runner/work/ratis/ratis/ratis-test/target/test/data/1e4ee837/MiniRaftClusterWithGrpcb6381943/s5] (custom)
2023-12-13 16:20:54,539 [s5-impl-thread1] INFO  storage.RaftStorageDirectory (RaftStorageDirectoryImpl.java:analyzeStorage(138)) - The storage directory /home/runner/work/ratis/ratis/ratis-test/target/test/data/1e4ee837/MiniRaftClusterWithGrpcb6381943/s5/8fdb38ec-1637-43dd-a96e-46e70943d4f8 does not exist. Creating ...
2023-12-13 16:20:54,539 [s5-impl-thread1] TRACE util.FileUtils (LogUtils.java:runAndLog(49)) - Successfully ran Files.createDirectories /home/runner/work/ratis/ratis/ratis-test/target/test/data/1e4ee837/MiniRaftClusterWithGrpcb6381943/s5/8fdb38ec-1637-43dd-a96e-46e70943d4f8
2023-12-13 16:20:54,540 [s5-impl-thread1] INFO  storage.RaftStorageDirectory (RaftStorageDirectoryImpl.java:tryLock(228)) - Lock on /home/runner/work/ratis/ratis/ratis-test/target/test/data/1e4ee837/MiniRaftClusterWithGrpcb6381943/s5/8fdb38ec-1637-43dd-a96e-46e70943d4f8/in_use.lock acquired by nodename 10819@fv-az890-872
2023-12-13 16:20:54,540 [s5-impl-thread1] TRACE util.FileUtils (LogUtils.java:runAndLog(49)) - Successfully ran Files.createDirectories /home/runner/work/ratis/ratis/ratis-test/target/test/data/1e4ee837/MiniRaftClusterWithGrpcb6381943/s5/8fdb38ec-1637-43dd-a96e-46e70943d4f8/current
2023-12-13 16:20:54,540 [s5-impl-thread1] TRACE util.FileUtils (LogUtils.java:runAndLog(49)) - Successfully ran Files.createDirectories /home/runner/work/ratis/ratis/ratis-test/target/test/data/1e4ee837/MiniRaftClusterWithGrpcb6381943/s5/8fdb38ec-1637-43dd-a96e-46e70943d4f8/sm
2023-12-13 16:20:54,540 [s5-impl-thread1] TRACE util.FileUtils (LogUtils.java:supplyAndLog(69)) - Successfully supplied FileChannel.open /home/runner/work/ratis/ratis/ratis-test/target/test/data/1e4ee837/MiniRaftClusterWithGrpcb6381943/s5/8fdb38ec-1637-43dd-a96e-46e70943d4f8/current/raft-meta.tmp with options [CREATE, WRITE]: sun.nio.ch.FileChannelImpl@2843ca25
2023-12-13 16:20:54,541 [s5-impl-thread1] TRACE util.FileUtils (LogUtils.java:runAndLog(49)) - Successfully ran Atomic Files.move /home/runner/work/ratis/ratis/ratis-test/target/test/data/1e4ee837/MiniRaftClusterWithGrpcb6381943/s5/8fdb38ec-1637-43dd-a96e-46e70943d4f8/current/raft-meta.tmp to /home/runner/work/ratis/ratis/ratis-test/target/test/data/1e4ee837/MiniRaftClusterWithGrpcb6381943/s5/8fdb38ec-1637-43dd-a96e-46e70943d4f8/current/raft-meta with options [REPLACE_EXISTING]
2023-12-13 16:20:54,541 [s5-impl-thread1] INFO  storage.RaftStorage (RaftStorageImpl.java:format(99)) - Storage directory /home/runner/work/ratis/ratis/ratis-test/target/test/data/1e4ee837/MiniRaftClusterWithGrpcb6381943/s5/8fdb38ec-1637-43dd-a96e-46e70943d4f8 has been successfully formatted.
2023-12-13 16:20:54,541 [s5-impl-thread1] TRACE util.FileUtils (LogUtils.java:supplyAndLog(61)) - Failed to Files.newInputStream /home/runner/work/ratis/ratis/ratis-test/target/test/data/1e4ee837/MiniRaftClusterWithGrpcb6381943/s5/8fdb38ec-1637-43dd-a96e-46e70943d4f8/current/raft-meta.conf with options []
java.nio.file.NoSuchFileException: /home/runner/work/ratis/ratis/ratis-test/target/test/data/1e4ee837/MiniRaftClusterWithGrpcb6381943/s5/8fdb38ec-1637-43dd-a96e-46e70943d4f8/current/raft-meta.conf
	at java.base/sun.nio.fs.UnixException.translateToIOException(UnixException.java:92)
	at java.base/sun.nio.fs.UnixException.rethrowAsIOException(UnixException.java:111)
	at java.base/sun.nio.fs.UnixException.rethrowAsIOException(UnixException.java:116)
	at java.base/sun.nio.fs.UnixFileSystemProvider.newByteChannel(UnixFileSystemProvider.java:219)
	at java.base/java.nio.file.Files.newByteChannel(Files.java:371)
	at java.base/java.nio.file.Files.newByteChannel(Files.java:422)
	at java.base/java.nio.file.spi.FileSystemProvider.newInputStream(FileSystemProvider.java:420)
	at java.base/java.nio.file.Files.newInputStream(Files.java:156)
	at org.apache.ratis.util.FileUtils.lambda$newInputStream$2(FileUtils.java:73)
	at org.apache.ratis.util.LogUtils.supplyAndLog(LogUtils.java:58)
	at org.apache.ratis.util.FileUtils.newInputStream(FileUtils.java:72)
	at org.apache.ratis.util.FileUtils.newInputStream(FileUtils.java:68)
	at org.apache.ratis.server.storage.RaftStorageImpl.readRaftConfiguration(RaftStorageImpl.java:156)
	at org.apache.ratis.server.impl.ServerState.initialize(ServerState.java:141)
	at org.apache.ratis.server.impl.RaftServerImpl.start(RaftServerImpl.java:388)
	at org.apache.ratis.util.ConcurrentUtils.accept(ConcurrentUtils.java:203)
	at org.apache.ratis.util.ConcurrentUtils.lambda$parallelForEachAsync$4(ConcurrentUtils.java:182)
	at java.base/java.util.concurrent.ThreadPoolExecutor.runWorker(ThreadPoolExecutor.java:1128)
	at java.base/java.util.concurrent.ThreadPoolExecutor$Worker.run(ThreadPoolExecutor.java:628)
	at java.base/java.lang.Thread.run(Thread.java:829)
2023-12-13 16:20:54,541 [s5-impl-thread1] INFO  server.RaftServerConfigKeys (ConfUtils.java:logGet(46)) - raft.server.log.use.memory = false (default)
2023-12-13 16:20:54,541 [s5-impl-thread1] INFO  server.RaftServerConfigKeys (ConfUtils.java:logGet(46)) - raft.server.log.purge.gap = 1024 (default)
2023-12-13 16:20:54,541 [s5-impl-thread1] INFO  server.RaftServerConfigKeys (ConfUtils.java:logGet(46)) - raft.server.log.appender.buffer.byte-limit = 4MB (=4194304) (default)
2023-12-13 16:20:54,541 [s5-impl-thread1] INFO  server.RaftServerConfigKeys (ConfUtils.java:logGet(46)) - raft.server.log.statemachine.data.read.timeout = 1000ms (default)
2023-12-13 16:20:54,541 [s5-impl-thread1] INFO  server.RaftServerConfigKeys (ConfUtils.java:logGet(46)) - raft.server.log.purge.preservation.log.num = 0 (default)
2023-12-13 16:20:54,542 [s5-impl-thread1] INFO  server.RaftServerConfigKeys (ConfUtils.java:logGet(46)) - raft.server.log.segment.size.max = 32MB (=33554432) (default)
2023-12-13 16:20:54,542 [s5-impl-thread1] INFO  server.RaftServerConfigKeys (ConfUtils.java:logGet(46)) - raft.server.log.segment.cache.num.max = 6 (default)
2023-12-13 16:20:54,542 [s5-impl-thread1] INFO  server.RaftServerConfigKeys (ConfUtils.java:logGet(46)) - raft.server.log.segment.cache.size.max = 200MB (=209715200) (default)
2023-12-13 16:20:54,542 [s5-impl-thread1] INFO  server.RaftServerConfigKeys (ConfUtils.java:logGet(46)) - raft.server.log.appender.buffer.byte-limit = 4MB (=4194304) (default)
2023-12-13 16:20:54,542 [s5-impl-thread1] INFO  util.AwaitToRun (AwaitToRun.java:start(81)) - Thread[s5@group-46E70943D4F8-cacheEviction-AwaitToRun,5,main] started
2023-12-13 16:20:54,542 [s5-impl-thread1] INFO  segmented.SegmentedRaftLogWorker (SegmentedRaftLogWorker.java:<init>(182)) - new s5@group-46E70943D4F8-SegmentedRaftLogWorker for RaftStorageImpl:Storage Directory /home/runner/work/ratis/ratis/ratis-test/target/test/data/1e4ee837/MiniRaftClusterWithGrpcb6381943/s5/8fdb38ec-1637-43dd-a96e-46e70943d4f8
2023-12-13 16:20:54,542 [s5-impl-thread1] INFO  server.RaftServerConfigKeys (ConfUtils.java:logGet(46)) - raft.server.log.queue.byte-limit = 64MB (=67108864) (default)
2023-12-13 16:20:54,542 [s5-impl-thread1] INFO  server.RaftServerConfigKeys (ConfUtils.java:logGet(46)) - raft.server.log.queue.element-limit = 4096 (default)
2023-12-13 16:20:54,542 [s5-impl-thread1] INFO  server.RaftServerConfigKeys (ConfUtils.java:logGet(46)) - raft.server.log.segment.size.max = 32MB (=33554432) (default)
2023-12-13 16:20:54,542 [s5-impl-thread1] INFO  server.RaftServerConfigKeys (ConfUtils.java:logGet(46)) - raft.server.log.preallocated.size = 4MB (=4194304) (default)
2023-12-13 16:20:54,542 [s5-impl-thread1] INFO  server.RaftServerConfigKeys (ConfUtils.java:logGet(46)) - raft.server.log.force.sync.num = 128 (default)
2023-12-13 16:20:54,542 [s5-impl-thread1] INFO  server.RaftServerConfigKeys (ConfUtils.java:logGet(46)) - raft.server.log.statemachine.data.sync = true (default)
2023-12-13 16:20:54,542 [s5-impl-thread1] INFO  server.RaftServerConfigKeys (ConfUtils.java:logGet(46)) - raft.server.log.statemachine.data.sync.timeout = 10s (default)
2023-12-13 16:20:54,542 [s5-impl-thread1] INFO  server.RaftServerConfigKeys (ConfUtils.java:logGet(46)) - raft.server.log.statemachine.data.sync.timeout.retry = -1 (default)
2023-12-13 16:20:54,542 [s5-impl-thread1] INFO  server.RaftServerConfigKeys (ConfUtils.java:logGet(46)) - raft.server.log.write.buffer.size = 8MB (=8388608) (default)
2023-12-13 16:20:54,544 [s5-impl-thread1] INFO  server.RaftServerConfigKeys (ConfUtils.java:logGet(46)) - raft.server.log.appender.buffer.byte-limit = 4MB (=4194304) (default)
2023-12-13 16:20:54,544 [s5-impl-thread1] INFO  server.RaftServerConfigKeys (ConfUtils.java:logGet(46)) - raft.server.log.unsafe-flush.enabled = false (default)
2023-12-13 16:20:54,544 [s5-impl-thread1] INFO  server.RaftServerConfigKeys (ConfUtils.java:logGet(46)) - raft.server.log.async-flush.enabled = false (default)
2023-12-13 16:20:54,545 [s5-impl-thread1] INFO  server.RaftServerConfigKeys (ConfUtils.java:logGet(46)) - raft.server.log.statemachine.data.caching.enabled = false (default)
2023-12-13 16:20:54,545 [s5-impl-thread1] INFO  segmented.SegmentedRaftLogWorker (SegmentedRaftLogWorker.java:lambda$new$0(134)) - s5@group-46E70943D4F8-SegmentedRaftLogWorker: flushIndex: setUnconditionally 0 -> -1
2023-12-13 16:20:54,545 [s5-impl-thread1] INFO  segmented.SegmentedRaftLogWorker (SegmentedRaftLogWorker.java:lambda$new$0(134)) - s5@group-46E70943D4F8-SegmentedRaftLogWorker: safeCacheEvictIndex: setUnconditionally 0 -> -1
2023-12-13 16:20:54,545 [s5-impl-thread1] INFO  server.RaftServer$Division (RaftServerImpl.java:start(398)) - s5@group-46E70943D4F8: start with initializing state, conf=-1: peers:[]|listeners:[], old=null
2023-12-13 16:20:54,545 [s5-impl-thread1] INFO  server.RaftServer$Division (RaftServerImpl.java:setRole(379)) - s5@group-46E70943D4F8: changes role from      null to FOLLOWER at term 0 for startInitializing
2023-12-13 16:20:54,545 [s5-impl-thread1] INFO  util.JmxRegister (JmxRegister.java:tryRegister(44)) - Successfully registered JMX Bean with object name Ratis:service=RaftServer,group=group-46E70943D4F8,id=s5
2023-12-13 16:20:54,545 [s5-impl-thread1] INFO  server.RaftServerConfigKeys (ConfUtils.java:logGet(46)) - raft.server.snapshot.trigger-when-stop.enabled = true (default)
2023-12-13 16:20:54,545 [s5-impl-thread1] INFO  server.RaftServerConfigKeys (ConfUtils.java:logGet(46)) - raft.server.snapshot.auto.trigger.enabled = false (default)
2023-12-13 16:20:54,545 [s5-impl-thread1] INFO  server.RaftServerConfigKeys (ConfUtils.java:logGet(46)) - raft.server.snapshot.retention.file.num = -1 (default)
2023-12-13 16:20:54,545 [s5-impl-thread1] INFO  server.RaftServerConfigKeys (ConfUtils.java:logGet(46)) - raft.server.log.purge.upto.snapshot.index = false (default)
2023-12-13 16:20:54,545 [Time-limited test] INFO  server.RaftServer (RaftServerProxy.java:startImpl(406)) - s5: start RPC server
2023-12-13 16:20:54,546 [Time-limited test] INFO  server.GrpcService (GrpcService.java:startImpl(302)) - s5: GrpcService started, listening on 35343
2023-12-13 16:20:54,546 [s6-impl-thread1] INFO  server.RaftServerConfigKeys (ConfUtils.java:logGet(46)) - raft.server.storage.free-space.min = 0MB (=0) (default)
2023-12-13 16:20:54,546 [s6-impl-thread1] INFO  server.RaftServerConfigKeys (ConfUtils.java:logGet(46)) - raft.server.log.corruption.policy = EXCEPTION (default)
2023-12-13 16:20:54,546 [s6-impl-thread1] INFO  server.RaftServerConfigKeys (ConfUtils.java:logGet(46)) - raft.server.storage.dir = [/home/runner/work/ratis/ratis/ratis-test/target/test/data/1e4ee837/MiniRaftClusterWithGrpcb6381943/s6] (custom)
2023-12-13 16:20:54,546 [JvmPauseMonitor17] INFO  util.JvmPauseMonitor (JvmPauseMonitor.java:run(146)) - JvmPauseMonitor-s5: Started
2023-12-13 16:20:54,546 [s6-impl-thread1] INFO  storage.RaftStorageDirectory (RaftStorageDirectoryImpl.java:analyzeStorage(138)) - The storage directory /home/runner/work/ratis/ratis/ratis-test/target/test/data/1e4ee837/MiniRaftClusterWithGrpcb6381943/s6/8fdb38ec-1637-43dd-a96e-46e70943d4f8 does not exist. Creating ...
2023-12-13 16:20:54,547 [s6-impl-thread1] TRACE util.FileUtils (LogUtils.java:runAndLog(49)) - Successfully ran Files.createDirectories /home/runner/work/ratis/ratis/ratis-test/target/test/data/1e4ee837/MiniRaftClusterWithGrpcb6381943/s6/8fdb38ec-1637-43dd-a96e-46e70943d4f8
2023-12-13 16:20:54,547 [s6-impl-thread1] INFO  storage.RaftStorageDirectory (RaftStorageDirectoryImpl.java:tryLock(228)) - Lock on /home/runner/work/ratis/ratis/ratis-test/target/test/data/1e4ee837/MiniRaftClusterWithGrpcb6381943/s6/8fdb38ec-1637-43dd-a96e-46e70943d4f8/in_use.lock acquired by nodename 10819@fv-az890-872
2023-12-13 16:20:54,547 [s6-impl-thread1] TRACE util.FileUtils (LogUtils.java:runAndLog(49)) - Successfully ran Files.createDirectories /home/runner/work/ratis/ratis/ratis-test/target/test/data/1e4ee837/MiniRaftClusterWithGrpcb6381943/s6/8fdb38ec-1637-43dd-a96e-46e70943d4f8/current
2023-12-13 16:20:54,548 [s6-impl-thread1] TRACE util.FileUtils (LogUtils.java:runAndLog(49)) - Successfully ran Files.createDirectories /home/runner/work/ratis/ratis/ratis-test/target/test/data/1e4ee837/MiniRaftClusterWithGrpcb6381943/s6/8fdb38ec-1637-43dd-a96e-46e70943d4f8/sm
2023-12-13 16:20:54,548 [s6-impl-thread1] TRACE util.FileUtils (LogUtils.java:supplyAndLog(69)) - Successfully supplied FileChannel.open /home/runner/work/ratis/ratis/ratis-test/target/test/data/1e4ee837/MiniRaftClusterWithGrpcb6381943/s6/8fdb38ec-1637-43dd-a96e-46e70943d4f8/current/raft-meta.tmp with options [CREATE, WRITE]: sun.nio.ch.FileChannelImpl@7b566081
2023-12-13 16:20:54,548 [s6-impl-thread1] TRACE util.FileUtils (LogUtils.java:runAndLog(49)) - Successfully ran Atomic Files.move /home/runner/work/ratis/ratis/ratis-test/target/test/data/1e4ee837/MiniRaftClusterWithGrpcb6381943/s6/8fdb38ec-1637-43dd-a96e-46e70943d4f8/current/raft-meta.tmp to /home/runner/work/ratis/ratis/ratis-test/target/test/data/1e4ee837/MiniRaftClusterWithGrpcb6381943/s6/8fdb38ec-1637-43dd-a96e-46e70943d4f8/current/raft-meta with options [REPLACE_EXISTING]
2023-12-13 16:20:54,549 [s6-impl-thread1] INFO  storage.RaftStorage (RaftStorageImpl.java:format(99)) - Storage directory /home/runner/work/ratis/ratis/ratis-test/target/test/data/1e4ee837/MiniRaftClusterWithGrpcb6381943/s6/8fdb38ec-1637-43dd-a96e-46e70943d4f8 has been successfully formatted.
2023-12-13 16:20:54,549 [s6-impl-thread1] TRACE util.FileUtils (LogUtils.java:supplyAndLog(61)) - Failed to Files.newInputStream /home/runner/work/ratis/ratis/ratis-test/target/test/data/1e4ee837/MiniRaftClusterWithGrpcb6381943/s6/8fdb38ec-1637-43dd-a96e-46e70943d4f8/current/raft-meta.conf with options []
java.nio.file.NoSuchFileException: /home/runner/work/ratis/ratis/ratis-test/target/test/data/1e4ee837/MiniRaftClusterWithGrpcb6381943/s6/8fdb38ec-1637-43dd-a96e-46e70943d4f8/current/raft-meta.conf
	at java.base/sun.nio.fs.UnixException.translateToIOException(UnixException.java:92)
	at java.base/sun.nio.fs.UnixException.rethrowAsIOException(UnixException.java:111)
	at java.base/sun.nio.fs.UnixException.rethrowAsIOException(UnixException.java:116)
	at java.base/sun.nio.fs.UnixFileSystemProvider.newByteChannel(UnixFileSystemProvider.java:219)
	at java.base/java.nio.file.Files.newByteChannel(Files.java:371)
	at java.base/java.nio.file.Files.newByteChannel(Files.java:422)
	at java.base/java.nio.file.spi.FileSystemProvider.newInputStream(FileSystemProvider.java:420)
	at java.base/java.nio.file.Files.newInputStream(Files.java:156)
	at org.apache.ratis.util.FileUtils.lambda$newInputStream$2(FileUtils.java:73)
	at org.apache.ratis.util.LogUtils.supplyAndLog(LogUtils.java:58)
	at org.apache.ratis.util.FileUtils.newInputStream(FileUtils.java:72)
	at org.apache.ratis.util.FileUtils.newInputStream(FileUtils.java:68)
	at org.apache.ratis.server.storage.RaftStorageImpl.readRaftConfiguration(RaftStorageImpl.java:156)
	at org.apache.ratis.server.impl.ServerState.initialize(ServerState.java:141)
	at org.apache.ratis.server.impl.RaftServerImpl.start(RaftServerImpl.java:388)
	at org.apache.ratis.util.ConcurrentUtils.accept(ConcurrentUtils.java:203)
	at org.apache.ratis.util.ConcurrentUtils.lambda$parallelForEachAsync$4(ConcurrentUtils.java:182)
	at java.base/java.util.concurrent.ThreadPoolExecutor.runWorker(ThreadPoolExecutor.java:1128)
	at java.base/java.util.concurrent.ThreadPoolExecutor$Worker.run(ThreadPoolExecutor.java:628)
	at java.base/java.lang.Thread.run(Thread.java:829)
2023-12-13 16:20:54,549 [s6-impl-thread1] INFO  server.RaftServerConfigKeys (ConfUtils.java:logGet(46)) - raft.server.log.use.memory = false (default)
2023-12-13 16:20:54,549 [s6-impl-thread1] INFO  server.RaftServerConfigKeys (ConfUtils.java:logGet(46)) - raft.server.log.purge.gap = 1024 (default)
2023-12-13 16:20:54,549 [s6-impl-thread1] INFO  server.RaftServerConfigKeys (ConfUtils.java:logGet(46)) - raft.server.log.appender.buffer.byte-limit = 4MB (=4194304) (default)
2023-12-13 16:20:54,549 [s6-impl-thread1] INFO  server.RaftServerConfigKeys (ConfUtils.java:logGet(46)) - raft.server.log.statemachine.data.read.timeout = 1000ms (default)
2023-12-13 16:20:54,549 [s6-impl-thread1] INFO  server.RaftServerConfigKeys (ConfUtils.java:logGet(46)) - raft.server.log.purge.preservation.log.num = 0 (default)
2023-12-13 16:20:54,549 [s6-impl-thread1] INFO  server.RaftServerConfigKeys (ConfUtils.java:logGet(46)) - raft.server.log.segment.size.max = 32MB (=33554432) (default)
2023-12-13 16:20:54,549 [s6-impl-thread1] INFO  server.RaftServerConfigKeys (ConfUtils.java:logGet(46)) - raft.server.log.segment.cache.num.max = 6 (default)
2023-12-13 16:20:54,549 [s6-impl-thread1] INFO  server.RaftServerConfigKeys (ConfUtils.java:logGet(46)) - raft.server.log.segment.cache.size.max = 200MB (=209715200) (default)
2023-12-13 16:20:54,549 [s6-impl-thread1] INFO  server.RaftServerConfigKeys (ConfUtils.java:logGet(46)) - raft.server.log.appender.buffer.byte-limit = 4MB (=4194304) (default)
2023-12-13 16:20:54,550 [s6-impl-thread1] INFO  util.AwaitToRun (AwaitToRun.java:start(81)) - Thread[s6@group-46E70943D4F8-cacheEviction-AwaitToRun,5,main] started
2023-12-13 16:20:54,550 [s6-impl-thread1] INFO  segmented.SegmentedRaftLogWorker (SegmentedRaftLogWorker.java:<init>(182)) - new s6@group-46E70943D4F8-SegmentedRaftLogWorker for RaftStorageImpl:Storage Directory /home/runner/work/ratis/ratis/ratis-test/target/test/data/1e4ee837/MiniRaftClusterWithGrpcb6381943/s6/8fdb38ec-1637-43dd-a96e-46e70943d4f8
2023-12-13 16:20:54,550 [s6-impl-thread1] INFO  server.RaftServerConfigKeys (ConfUtils.java:logGet(46)) - raft.server.log.queue.byte-limit = 64MB (=67108864) (default)
2023-12-13 16:20:54,550 [s6-impl-thread1] INFO  server.RaftServerConfigKeys (ConfUtils.java:logGet(46)) - raft.server.log.queue.element-limit = 4096 (default)
2023-12-13 16:20:54,550 [s6-impl-thread1] INFO  server.RaftServerConfigKeys (ConfUtils.java:logGet(46)) - raft.server.log.segment.size.max = 32MB (=33554432) (default)
2023-12-13 16:20:54,550 [s6-impl-thread1] INFO  server.RaftServerConfigKeys (ConfUtils.java:logGet(46)) - raft.server.log.preallocated.size = 4MB (=4194304) (default)
2023-12-13 16:20:54,550 [s6-impl-thread1] INFO  server.RaftServerConfigKeys (ConfUtils.java:logGet(46)) - raft.server.log.force.sync.num = 128 (default)
2023-12-13 16:20:54,550 [s6-impl-thread1] INFO  server.RaftServerConfigKeys (ConfUtils.java:logGet(46)) - raft.server.log.statemachine.data.sync = true (default)
2023-12-13 16:20:54,550 [s6-impl-thread1] INFO  server.RaftServerConfigKeys (ConfUtils.java:logGet(46)) - raft.server.log.statemachine.data.sync.timeout = 10s (default)
2023-12-13 16:20:54,550 [s6-impl-thread1] INFO  server.RaftServerConfigKeys (ConfUtils.java:logGet(46)) - raft.server.log.statemachine.data.sync.timeout.retry = -1 (default)
2023-12-13 16:20:54,550 [s6-impl-thread1] INFO  server.RaftServerConfigKeys (ConfUtils.java:logGet(46)) - raft.server.log.write.buffer.size = 8MB (=8388608) (default)
2023-12-13 16:20:54,552 [s6-impl-thread1] INFO  server.RaftServerConfigKeys (ConfUtils.java:logGet(46)) - raft.server.log.appender.buffer.byte-limit = 4MB (=4194304) (default)
2023-12-13 16:20:54,552 [s6-impl-thread1] INFO  server.RaftServerConfigKeys (ConfUtils.java:logGet(46)) - raft.server.log.unsafe-flush.enabled = false (default)
2023-12-13 16:20:54,552 [s6-impl-thread1] INFO  server.RaftServerConfigKeys (ConfUtils.java:logGet(46)) - raft.server.log.async-flush.enabled = false (default)
2023-12-13 16:20:54,552 [s6-impl-thread1] INFO  server.RaftServerConfigKeys (ConfUtils.java:logGet(46)) - raft.server.log.statemachine.data.caching.enabled = false (default)
2023-12-13 16:20:54,552 [s6-impl-thread1] INFO  segmented.SegmentedRaftLogWorker (SegmentedRaftLogWorker.java:lambda$new$0(134)) - s6@group-46E70943D4F8-SegmentedRaftLogWorker: flushIndex: setUnconditionally 0 -> -1
2023-12-13 16:20:54,552 [s6-impl-thread1] INFO  segmented.SegmentedRaftLogWorker (SegmentedRaftLogWorker.java:lambda$new$0(134)) - s6@group-46E70943D4F8-SegmentedRaftLogWorker: safeCacheEvictIndex: setUnconditionally 0 -> -1
2023-12-13 16:20:54,552 [s6-impl-thread1] INFO  server.RaftServer$Division (RaftServerImpl.java:start(398)) - s6@group-46E70943D4F8: start with initializing state, conf=-1: peers:[]|listeners:[], old=null
2023-12-13 16:20:54,552 [s6-impl-thread1] INFO  server.RaftServer$Division (RaftServerImpl.java:setRole(379)) - s6@group-46E70943D4F8: changes role from      null to FOLLOWER at term 0 for startInitializing
2023-12-13 16:20:54,553 [s6-impl-thread1] INFO  util.JmxRegister (JmxRegister.java:tryRegister(44)) - Successfully registered JMX Bean with object name Ratis:service=RaftServer,group=group-46E70943D4F8,id=s6
2023-12-13 16:20:54,553 [s6-impl-thread1] INFO  server.RaftServerConfigKeys (ConfUtils.java:logGet(46)) - raft.server.snapshot.trigger-when-stop.enabled = true (default)
2023-12-13 16:20:54,553 [s6-impl-thread1] INFO  server.RaftServerConfigKeys (ConfUtils.java:logGet(46)) - raft.server.snapshot.auto.trigger.enabled = false (default)
2023-12-13 16:20:54,553 [s6-impl-thread1] INFO  server.RaftServerConfigKeys (ConfUtils.java:logGet(46)) - raft.server.snapshot.retention.file.num = -1 (default)
2023-12-13 16:20:54,553 [s6-impl-thread1] INFO  server.RaftServerConfigKeys (ConfUtils.java:logGet(46)) - raft.server.log.purge.upto.snapshot.index = false (default)
2023-12-13 16:20:54,553 [Time-limited test] INFO  server.RaftServer (RaftServerProxy.java:startImpl(406)) - s6: start RPC server
2023-12-13 16:20:54,554 [Time-limited test] INFO  server.GrpcService (GrpcService.java:startImpl(302)) - s6: GrpcService started, listening on 45461
2023-12-13 16:20:54,554 [JvmPauseMonitor18] INFO  util.JvmPauseMonitor (JvmPauseMonitor.java:run(146)) - JvmPauseMonitor-s6: Started
2023-12-13 16:20:54,554 [s0-impl-thread1] INFO  server.RaftServerConfigKeys (ConfUtils.java:logGet(46)) - raft.server.storage.free-space.min = 0MB (=0) (default)
2023-12-13 16:20:54,554 [s0-impl-thread1] INFO  server.RaftServerConfigKeys (ConfUtils.java:logGet(46)) - raft.server.log.corruption.policy = EXCEPTION (default)
2023-12-13 16:20:54,554 [s0-impl-thread1] INFO  server.RaftServerConfigKeys (ConfUtils.java:logGet(46)) - raft.server.storage.dir = [/home/runner/work/ratis/ratis/ratis-test/target/test/data/1e4ee837/MiniRaftClusterWithGrpcb6381943/s0] (custom)
2023-12-13 16:20:54,554 [s0-impl-thread1] INFO  storage.RaftStorageDirectory (RaftStorageDirectoryImpl.java:analyzeStorage(138)) - The storage directory /home/runner/work/ratis/ratis/ratis-test/target/test/data/1e4ee837/MiniRaftClusterWithGrpcb6381943/s0/8fdb38ec-1637-43dd-a96e-46e70943d4f8 does not exist. Creating ...
2023-12-13 16:20:54,554 [s0-impl-thread1] TRACE util.FileUtils (LogUtils.java:runAndLog(49)) - Successfully ran Files.createDirectories /home/runner/work/ratis/ratis/ratis-test/target/test/data/1e4ee837/MiniRaftClusterWithGrpcb6381943/s0/8fdb38ec-1637-43dd-a96e-46e70943d4f8
2023-12-13 16:20:54,555 [s0-impl-thread1] INFO  storage.RaftStorageDirectory (RaftStorageDirectoryImpl.java:tryLock(228)) - Lock on /home/runner/work/ratis/ratis/ratis-test/target/test/data/1e4ee837/MiniRaftClusterWithGrpcb6381943/s0/8fdb38ec-1637-43dd-a96e-46e70943d4f8/in_use.lock acquired by nodename 10819@fv-az890-872
2023-12-13 16:20:54,555 [s0-impl-thread1] TRACE util.FileUtils (LogUtils.java:runAndLog(49)) - Successfully ran Files.createDirectories /home/runner/work/ratis/ratis/ratis-test/target/test/data/1e4ee837/MiniRaftClusterWithGrpcb6381943/s0/8fdb38ec-1637-43dd-a96e-46e70943d4f8/current
2023-12-13 16:20:54,555 [s0-impl-thread1] TRACE util.FileUtils (LogUtils.java:runAndLog(49)) - Successfully ran Files.createDirectories /home/runner/work/ratis/ratis/ratis-test/target/test/data/1e4ee837/MiniRaftClusterWithGrpcb6381943/s0/8fdb38ec-1637-43dd-a96e-46e70943d4f8/sm
2023-12-13 16:20:54,555 [s0-impl-thread1] TRACE util.FileUtils (LogUtils.java:supplyAndLog(69)) - Successfully supplied FileChannel.open /home/runner/work/ratis/ratis/ratis-test/target/test/data/1e4ee837/MiniRaftClusterWithGrpcb6381943/s0/8fdb38ec-1637-43dd-a96e-46e70943d4f8/current/raft-meta.tmp with options [CREATE, WRITE]: sun.nio.ch.FileChannelImpl@1fa5cb5b
2023-12-13 16:20:54,556 [s0-impl-thread1] TRACE util.FileUtils (LogUtils.java:runAndLog(49)) - Successfully ran Atomic Files.move /home/runner/work/ratis/ratis/ratis-test/target/test/data/1e4ee837/MiniRaftClusterWithGrpcb6381943/s0/8fdb38ec-1637-43dd-a96e-46e70943d4f8/current/raft-meta.tmp to /home/runner/work/ratis/ratis/ratis-test/target/test/data/1e4ee837/MiniRaftClusterWithGrpcb6381943/s0/8fdb38ec-1637-43dd-a96e-46e70943d4f8/current/raft-meta with options [REPLACE_EXISTING]
2023-12-13 16:20:54,556 [s0-impl-thread1] INFO  storage.RaftStorage (RaftStorageImpl.java:format(99)) - Storage directory /home/runner/work/ratis/ratis/ratis-test/target/test/data/1e4ee837/MiniRaftClusterWithGrpcb6381943/s0/8fdb38ec-1637-43dd-a96e-46e70943d4f8 has been successfully formatted.
2023-12-13 16:20:54,556 [s0-impl-thread1] TRACE util.FileUtils (LogUtils.java:supplyAndLog(61)) - Failed to Files.newInputStream /home/runner/work/ratis/ratis/ratis-test/target/test/data/1e4ee837/MiniRaftClusterWithGrpcb6381943/s0/8fdb38ec-1637-43dd-a96e-46e70943d4f8/current/raft-meta.conf with options []
java.nio.file.NoSuchFileException: /home/runner/work/ratis/ratis/ratis-test/target/test/data/1e4ee837/MiniRaftClusterWithGrpcb6381943/s0/8fdb38ec-1637-43dd-a96e-46e70943d4f8/current/raft-meta.conf
	at java.base/sun.nio.fs.UnixException.translateToIOException(UnixException.java:92)
	at java.base/sun.nio.fs.UnixException.rethrowAsIOException(UnixException.java:111)
	at java.base/sun.nio.fs.UnixException.rethrowAsIOException(UnixException.java:116)
	at java.base/sun.nio.fs.UnixFileSystemProvider.newByteChannel(UnixFileSystemProvider.java:219)
	at java.base/java.nio.file.Files.newByteChannel(Files.java:371)
	at java.base/java.nio.file.Files.newByteChannel(Files.java:422)
	at java.base/java.nio.file.spi.FileSystemProvider.newInputStream(FileSystemProvider.java:420)
	at java.base/java.nio.file.Files.newInputStream(Files.java:156)
	at org.apache.ratis.util.FileUtils.lambda$newInputStream$2(FileUtils.java:73)
	at org.apache.ratis.util.LogUtils.supplyAndLog(LogUtils.java:58)
	at org.apache.ratis.util.FileUtils.newInputStream(FileUtils.java:72)
	at org.apache.ratis.util.FileUtils.newInputStream(FileUtils.java:68)
	at org.apache.ratis.server.storage.RaftStorageImpl.readRaftConfiguration(RaftStorageImpl.java:156)
	at org.apache.ratis.server.impl.ServerState.initialize(ServerState.java:141)
	at org.apache.ratis.server.impl.RaftServerImpl.start(RaftServerImpl.java:388)
	at org.apache.ratis.util.ConcurrentUtils.accept(ConcurrentUtils.java:203)
	at org.apache.ratis.util.ConcurrentUtils.lambda$parallelForEachAsync$4(ConcurrentUtils.java:182)
	at java.base/java.util.concurrent.ThreadPoolExecutor.runWorker(ThreadPoolExecutor.java:1128)
	at java.base/java.util.concurrent.ThreadPoolExecutor$Worker.run(ThreadPoolExecutor.java:628)
	at java.base/java.lang.Thread.run(Thread.java:829)
2023-12-13 16:20:54,556 [s0-impl-thread1] INFO  server.RaftServerConfigKeys (ConfUtils.java:logGet(46)) - raft.server.log.use.memory = false (default)
2023-12-13 16:20:54,556 [s0-impl-thread1] INFO  server.RaftServerConfigKeys (ConfUtils.java:logGet(46)) - raft.server.log.purge.gap = 1024 (default)
2023-12-13 16:20:54,556 [s0-impl-thread1] INFO  server.RaftServerConfigKeys (ConfUtils.java:logGet(46)) - raft.server.log.appender.buffer.byte-limit = 4MB (=4194304) (default)
2023-12-13 16:20:54,556 [s0-impl-thread1] INFO  server.RaftServerConfigKeys (ConfUtils.java:logGet(46)) - raft.server.log.statemachine.data.read.timeout = 1000ms (default)
2023-12-13 16:20:54,557 [s0-impl-thread1] INFO  server.RaftServerConfigKeys (ConfUtils.java:logGet(46)) - raft.server.log.purge.preservation.log.num = 0 (default)
2023-12-13 16:20:54,557 [s0-impl-thread1] INFO  server.RaftServerConfigKeys (ConfUtils.java:logGet(46)) - raft.server.log.segment.size.max = 32MB (=33554432) (default)
2023-12-13 16:20:54,557 [s0-impl-thread1] INFO  server.RaftServerConfigKeys (ConfUtils.java:logGet(46)) - raft.server.log.segment.cache.num.max = 6 (default)
2023-12-13 16:20:54,557 [s0-impl-thread1] INFO  server.RaftServerConfigKeys (ConfUtils.java:logGet(46)) - raft.server.log.segment.cache.size.max = 200MB (=209715200) (default)
2023-12-13 16:20:54,557 [s0-impl-thread1] INFO  server.RaftServerConfigKeys (ConfUtils.java:logGet(46)) - raft.server.log.appender.buffer.byte-limit = 4MB (=4194304) (default)
2023-12-13 16:20:54,557 [s0-impl-thread1] INFO  util.AwaitToRun (AwaitToRun.java:start(81)) - Thread[s0@group-46E70943D4F8-cacheEviction-AwaitToRun,5,main] started
2023-12-13 16:20:54,557 [s0-impl-thread1] INFO  segmented.SegmentedRaftLogWorker (SegmentedRaftLogWorker.java:<init>(182)) - new s0@group-46E70943D4F8-SegmentedRaftLogWorker for RaftStorageImpl:Storage Directory /home/runner/work/ratis/ratis/ratis-test/target/test/data/1e4ee837/MiniRaftClusterWithGrpcb6381943/s0/8fdb38ec-1637-43dd-a96e-46e70943d4f8
2023-12-13 16:20:54,557 [s0-impl-thread1] INFO  server.RaftServerConfigKeys (ConfUtils.java:logGet(46)) - raft.server.log.queue.byte-limit = 64MB (=67108864) (default)
2023-12-13 16:20:54,557 [s0-impl-thread1] INFO  server.RaftServerConfigKeys (ConfUtils.java:logGet(46)) - raft.server.log.queue.element-limit = 4096 (default)
2023-12-13 16:20:54,557 [s0-impl-thread1] INFO  server.RaftServerConfigKeys (ConfUtils.java:logGet(46)) - raft.server.log.segment.size.max = 32MB (=33554432) (default)
2023-12-13 16:20:54,557 [s0-impl-thread1] INFO  server.RaftServerConfigKeys (ConfUtils.java:logGet(46)) - raft.server.log.preallocated.size = 4MB (=4194304) (default)
2023-12-13 16:20:54,557 [s0-impl-thread1] INFO  server.RaftServerConfigKeys (ConfUtils.java:logGet(46)) - raft.server.log.force.sync.num = 128 (default)
2023-12-13 16:20:54,557 [s0-impl-thread1] INFO  server.RaftServerConfigKeys (ConfUtils.java:logGet(46)) - raft.server.log.statemachine.data.sync = true (default)
2023-12-13 16:20:54,557 [s0-impl-thread1] INFO  server.RaftServerConfigKeys (ConfUtils.java:logGet(46)) - raft.server.log.statemachine.data.sync.timeout = 10s (default)
2023-12-13 16:20:54,557 [s0-impl-thread1] INFO  server.RaftServerConfigKeys (ConfUtils.java:logGet(46)) - raft.server.log.statemachine.data.sync.timeout.retry = -1 (default)
2023-12-13 16:20:54,557 [s0-impl-thread1] INFO  server.RaftServerConfigKeys (ConfUtils.java:logGet(46)) - raft.server.log.write.buffer.size = 8MB (=8388608) (default)
2023-12-13 16:20:54,559 [s0-impl-thread1] INFO  server.RaftServerConfigKeys (ConfUtils.java:logGet(46)) - raft.server.log.appender.buffer.byte-limit = 4MB (=4194304) (default)
2023-12-13 16:20:54,559 [s0-impl-thread1] INFO  server.RaftServerConfigKeys (ConfUtils.java:logGet(46)) - raft.server.log.unsafe-flush.enabled = false (default)
2023-12-13 16:20:54,559 [s0-impl-thread1] INFO  server.RaftServerConfigKeys (ConfUtils.java:logGet(46)) - raft.server.log.async-flush.enabled = false (default)
2023-12-13 16:20:54,559 [s0-impl-thread1] INFO  server.RaftServerConfigKeys (ConfUtils.java:logGet(46)) - raft.server.log.statemachine.data.caching.enabled = false (default)
2023-12-13 16:20:54,559 [s0-impl-thread1] INFO  segmented.SegmentedRaftLogWorker (SegmentedRaftLogWorker.java:lambda$new$0(134)) - s0@group-46E70943D4F8-SegmentedRaftLogWorker: flushIndex: setUnconditionally 0 -> -1
2023-12-13 16:20:54,559 [s0-impl-thread1] INFO  segmented.SegmentedRaftLogWorker (SegmentedRaftLogWorker.java:lambda$new$0(134)) - s0@group-46E70943D4F8-SegmentedRaftLogWorker: safeCacheEvictIndex: setUnconditionally 0 -> -1
2023-12-13 16:20:54,559 [s0-impl-thread1] INFO  server.RaftServer$Division (RaftServerImpl.java:start(398)) - s0@group-46E70943D4F8: start with initializing state, conf=-1: peers:[]|listeners:[], old=null
2023-12-13 16:20:54,559 [s0-impl-thread1] INFO  server.RaftServer$Division (RaftServerImpl.java:setRole(379)) - s0@group-46E70943D4F8: changes role from      null to FOLLOWER at term 0 for startInitializing
2023-12-13 16:20:54,559 [s0-impl-thread1] INFO  util.JmxRegister (JmxRegister.java:tryRegister(44)) - Successfully registered JMX Bean with object name Ratis:service=RaftServer,group=group-46E70943D4F8,id=s0
2023-12-13 16:20:54,559 [s0-impl-thread1] INFO  server.RaftServerConfigKeys (ConfUtils.java:logGet(46)) - raft.server.snapshot.trigger-when-stop.enabled = true (default)
2023-12-13 16:20:54,559 [s0-impl-thread1] INFO  server.RaftServerConfigKeys (ConfUtils.java:logGet(46)) - raft.server.snapshot.auto.trigger.enabled = false (default)
2023-12-13 16:20:54,559 [s0-impl-thread1] INFO  server.RaftServerConfigKeys (ConfUtils.java:logGet(46)) - raft.server.snapshot.retention.file.num = -1 (default)
2023-12-13 16:20:54,559 [s0-impl-thread1] INFO  server.RaftServerConfigKeys (ConfUtils.java:logGet(46)) - raft.server.log.purge.upto.snapshot.index = false (default)
2023-12-13 16:20:54,559 [Time-limited test] INFO  server.RaftServer (RaftServerProxy.java:startImpl(406)) - s0: start RPC server
2023-12-13 16:20:54,560 [Time-limited test] ERROR server.GrpcService (ExitUtils.java:terminate(133)) - Terminating with exit status 1: Failed to start Grpc server
java.io.IOException: Failed to bind to address 0.0.0.0/0.0.0.0:45461
	at org.apache.ratis.thirdparty.io.grpc.netty.NettyServer.start(NettyServer.java:326)
	at org.apache.ratis.thirdparty.io.grpc.internal.ServerImpl.start(ServerImpl.java:185)
	at org.apache.ratis.thirdparty.io.grpc.internal.ServerImpl.start(ServerImpl.java:94)
	at org.apache.ratis.grpc.server.GrpcService.startImpl(GrpcService.java:298)
	at org.apache.ratis.util.LifeCycle.startAndTransition(LifeCycle.java:270)
	at org.apache.ratis.server.RaftServerRpcWithProxy.start(RaftServerRpcWithProxy.java:72)
	at org.apache.ratis.server.impl.RaftServerProxy.startImpl(RaftServerProxy.java:407)
	at org.apache.ratis.util.LifeCycle.startAndTransition(LifeCycle.java:270)
	at org.apache.ratis.server.impl.RaftServerProxy.start(RaftServerProxy.java:400)
	at org.apache.ratis.server.impl.MiniRaftCluster.startServers(MiniRaftCluster.java:499)
	at org.apache.ratis.server.impl.MiniRaftCluster.start(MiniRaftCluster.java:346)
	at org.apache.ratis.server.impl.GroupManagementBaseTest.runMultiGroupTest(GroupManagementBaseTest.java:263)
	at org.apache.ratis.server.impl.GroupManagementBaseTest.runMultiGroupTest(GroupManagementBaseTest.java:237)
	at org.apache.ratis.server.impl.GroupManagementBaseTest.testMultiGroup7Nodes(GroupManagementBaseTest.java:226)
	at java.base/jdk.internal.reflect.NativeMethodAccessorImpl.invoke0(Native Method)
	at java.base/jdk.internal.reflect.NativeMethodAccessorImpl.invoke(NativeMethodAccessorImpl.java:62)
	at java.base/jdk.internal.reflect.DelegatingMethodAccessorImpl.invoke(DelegatingMethodAccessorImpl.java:43)
	at java.base/java.lang.reflect.Method.invoke(Method.java:566)
	at org.junit.runners.model.FrameworkMethod$1.runReflectiveCall(FrameworkMethod.java:59)
	at org.junit.internal.runners.model.ReflectiveCallable.run(ReflectiveCallable.java:12)
	at org.junit.runners.model.FrameworkMethod.invokeExplosively(FrameworkMethod.java:56)
	at org.junit.internal.runners.statements.InvokeMethod.evaluate(InvokeMethod.java:17)
	at org.junit.internal.runners.statements.RunAfters.evaluate(RunAfters.java:27)
	at org.junit.internal.runners.statements.FailOnTimeout$CallableStatement.call(FailOnTimeout.java:299)
	at org.junit.internal.runners.statements.FailOnTimeout$CallableStatement.call(FailOnTimeout.java:293)
	at java.base/java.util.concurrent.FutureTask.run(FutureTask.java:264)
	at java.base/java.lang.Thread.run(Thread.java:829)
Caused by: org.apache.ratis.thirdparty.io.netty.channel.unix.Errors$NativeIoException: bind(..) failed: Address already in use
]]></system-out>
  </testcase>
  <testcase name="testMultiGroup7Nodes" classname="org.apache.ratis.grpc.TestGroupManagementWithGrpc" time="1.066">
    <failure message="Unexpected exit." type="java.lang.AssertionError"><![CDATA[java.lang.AssertionError: Unexpected exit.
	at org.apache.ratis.util.ExitUtils.assertNotTerminated(ExitUtils.java:109)
	at org.apache.ratis.BaseTest.assertNoFailures(BaseTest.java:90)
	at java.base/jdk.internal.reflect.NativeMethodAccessorImpl.invoke0(Native Method)
	at java.base/jdk.internal.reflect.NativeMethodAccessorImpl.invoke(NativeMethodAccessorImpl.java:62)
	at java.base/jdk.internal.reflect.DelegatingMethodAccessorImpl.invoke(DelegatingMethodAccessorImpl.java:43)
	at java.base/java.lang.reflect.Method.invoke(Method.java:566)
	at org.junit.runners.model.FrameworkMethod$1.runReflectiveCall(FrameworkMethod.java:59)
	at org.junit.internal.runners.model.ReflectiveCallable.run(ReflectiveCallable.java:12)
	at org.junit.runners.model.FrameworkMethod.invokeExplosively(FrameworkMethod.java:56)
	at org.junit.internal.runners.statements.RunAfters.invokeMethod(RunAfters.java:46)
	at org.junit.internal.runners.statements.RunAfters.evaluate(RunAfters.java:33)
	at org.junit.internal.runners.statements.FailOnTimeout$CallableStatement.call(FailOnTimeout.java:299)
	at org.junit.internal.runners.statements.FailOnTimeout$CallableStatement.call(FailOnTimeout.java:293)
	at java.base/java.util.concurrent.FutureTask.run(FutureTask.java:264)
	at java.base/java.lang.Thread.run(Thread.java:829)
Caused by: org.apache.ratis.util.ExitUtils$ExitException: Failed to start Grpc server
	at org.apache.ratis.util.ExitUtils.terminate(ExitUtils.java:141)
	at org.apache.ratis.util.ExitUtils.terminate(ExitUtils.java:151)
	at org.apache.ratis.grpc.server.GrpcService.startImpl(GrpcService.java:300)
	at org.apache.ratis.util.LifeCycle.startAndTransition(LifeCycle.java:270)
	at org.apache.ratis.server.RaftServerRpcWithProxy.start(RaftServerRpcWithProxy.java:72)
	at org.apache.ratis.server.impl.RaftServerProxy.startImpl(RaftServerProxy.java:407)
	at org.apache.ratis.util.LifeCycle.startAndTransition(LifeCycle.java:270)
	at org.apache.ratis.server.impl.RaftServerProxy.start(RaftServerProxy.java:400)
	at org.apache.ratis.server.impl.MiniRaftCluster.startServers(MiniRaftCluster.java:499)
	at org.apache.ratis.server.impl.MiniRaftCluster.start(MiniRaftCluster.java:346)
	at org.apache.ratis.server.impl.GroupManagementBaseTest.runMultiGroupTest(GroupManagementBaseTest.java:263)
	at org.apache.ratis.server.impl.GroupManagementBaseTest.runMultiGroupTest(GroupManagementBaseTest.java:237)
	at org.apache.ratis.server.impl.GroupManagementBaseTest.testMultiGroup7Nodes(GroupManagementBaseTest.java:226)
	at java.base/jdk.internal.reflect.NativeMethodAccessorImpl.invoke0(Native Method)
	at java.base/jdk.internal.reflect.NativeMethodAccessorImpl.invoke(NativeMethodAccessorImpl.java:62)
	at java.base/jdk.internal.reflect.DelegatingMethodAccessorImpl.invoke(DelegatingMethodAccessorImpl.java:43)
	at java.base/java.lang.reflect.Method.invoke(Method.java:566)
	at org.junit.runners.model.FrameworkMethod$1.runReflectiveCall(FrameworkMethod.java:59)
	at org.junit.internal.runners.model.ReflectiveCallable.run(ReflectiveCallable.java:12)
	at org.junit.runners.model.FrameworkMethod.invokeExplosively(FrameworkMethod.java:56)
	at org.junit.internal.runners.statements.InvokeMethod.evaluate(InvokeMethod.java:17)
	at org.junit.internal.runners.statements.RunAfters.evaluate(RunAfters.java:27)
	... 4 more
Caused by: java.io.IOException: Failed to bind to address 0.0.0.0/0.0.0.0:45461
	at org.apache.ratis.thirdparty.io.grpc.netty.NettyServer.start(NettyServer.java:326)
	at org.apache.ratis.thirdparty.io.grpc.internal.ServerImpl.start(ServerImpl.java:185)
	at org.apache.ratis.thirdparty.io.grpc.internal.ServerImpl.start(ServerImpl.java:94)
	at org.apache.ratis.grpc.server.GrpcService.startImpl(GrpcService.java:298)
	... 23 more
Caused by: org.apache.ratis.thirdparty.io.netty.channel.unix.Errors$NativeIoException: bind(..) failed: Address already in use
]]></failure>
  </testcase>
  <testcase name="testMultiGroup9Nodes" classname="org.apache.ratis.grpc.TestGroupManagementWithGrpc" time="17.302">
    <failure message="Unexpected exit." type="java.lang.AssertionError"><![CDATA[java.lang.AssertionError: Unexpected exit.
	at org.apache.ratis.util.ExitUtils.assertNotTerminated(ExitUtils.java:109)
	at org.apache.ratis.server.impl.MiniRaftCluster.shutdown(MiniRaftCluster.java:854)
	at org.apache.ratis.server.impl.GroupManagementBaseTest.runMultiGroupTest(GroupManagementBaseTest.java:341)
	at org.apache.ratis.server.impl.GroupManagementBaseTest.runMultiGroupTest(GroupManagementBaseTest.java:237)
	at org.apache.ratis.server.impl.GroupManagementBaseTest.testMultiGroup9Nodes(GroupManagementBaseTest.java:232)
	at java.base/jdk.internal.reflect.NativeMethodAccessorImpl.invoke0(Native Method)
	at java.base/jdk.internal.reflect.NativeMethodAccessorImpl.invoke(NativeMethodAccessorImpl.java:62)
	at java.base/jdk.internal.reflect.DelegatingMethodAccessorImpl.invoke(DelegatingMethodAccessorImpl.java:43)
	at java.base/java.lang.reflect.Method.invoke(Method.java:566)
	at org.junit.runners.model.FrameworkMethod$1.runReflectiveCall(FrameworkMethod.java:59)
	at org.junit.internal.runners.model.ReflectiveCallable.run(ReflectiveCallable.java:12)
	at org.junit.runners.model.FrameworkMethod.invokeExplosively(FrameworkMethod.java:56)
	at org.junit.internal.runners.statements.InvokeMethod.evaluate(InvokeMethod.java:17)
	at org.junit.internal.runners.statements.RunAfters.evaluate(RunAfters.java:27)
	at org.junit.internal.runners.statements.FailOnTimeout$CallableStatement.call(FailOnTimeout.java:299)
	at org.junit.internal.runners.statements.FailOnTimeout$CallableStatement.call(FailOnTimeout.java:293)
	at java.base/java.util.concurrent.FutureTask.run(FutureTask.java:264)
	at java.base/java.lang.Thread.run(Thread.java:829)
Caused by: org.apache.ratis.util.ExitUtils$ExitException: Failed to start Grpc server
	at org.apache.ratis.util.ExitUtils.terminate(ExitUtils.java:141)
	at org.apache.ratis.util.ExitUtils.terminate(ExitUtils.java:151)
	at org.apache.ratis.grpc.server.GrpcService.startImpl(GrpcService.java:300)
	at org.apache.ratis.util.LifeCycle.startAndTransition(LifeCycle.java:270)
	at org.apache.ratis.server.RaftServerRpcWithProxy.start(RaftServerRpcWithProxy.java:72)
	at org.apache.ratis.server.impl.RaftServerProxy.startImpl(RaftServerProxy.java:407)
	at org.apache.ratis.util.LifeCycle.startAndTransition(LifeCycle.java:270)
	at org.apache.ratis.server.impl.RaftServerProxy.start(RaftServerProxy.java:400)
	at org.apache.ratis.server.impl.MiniRaftCluster.startServers(MiniRaftCluster.java:499)
	at org.apache.ratis.server.impl.MiniRaftCluster.start(MiniRaftCluster.java:346)
	at org.apache.ratis.server.impl.GroupManagementBaseTest.runMultiGroupTest(GroupManagementBaseTest.java:263)
	at org.apache.ratis.server.impl.GroupManagementBaseTest.runMultiGroupTest(GroupManagementBaseTest.java:237)
	at org.apache.ratis.server.impl.GroupManagementBaseTest.testMultiGroup7Nodes(GroupManagementBaseTest.java:226)
	... 13 more
Caused by: java.io.IOException: Failed to bind to address 0.0.0.0/0.0.0.0:45461
	at org.apache.ratis.thirdparty.io.grpc.netty.NettyServer.start(NettyServer.java:326)
	at org.apache.ratis.thirdparty.io.grpc.internal.ServerImpl.start(ServerImpl.java:185)
	at org.apache.ratis.thirdparty.io.grpc.internal.ServerImpl.start(ServerImpl.java:94)
	at org.apache.ratis.grpc.server.GrpcService.startImpl(GrpcService.java:298)
	... 23 more
Caused by: org.apache.ratis.thirdparty.io.netty.channel.unix.Errors$NativeIoException: bind(..) failed: Address already in use
]]></failure>
    <system-out><![CDATA[2023-12-13 16:20:54,564 [main] INFO  util.LogUtils (Slf4jUtils.java:setLogLevel(38)) - Successfully set org.apache.ratis.conf.ConfUtils log level to WARN
2023-12-13 16:20:54,564 [main] INFO  util.LogUtils (Slf4jUtils.java:setLogLevel(38)) - Successfully set org.apache.ratis.util.FileUtils log level to TRACE
2023-12-13 16:20:54,564 [main] INFO  util.LogUtils (Slf4jUtils.java:setLogLevel(38)) - Successfully set org.apache.ratis.server.RaftServer log level to DEBUG
2023-12-13 16:20:54,564 [main] INFO  util.LogUtils (Slf4jUtils.java:setLogLevel(38)) - Successfully set org.apache.ratis.server.RaftServer$Division log level to DEBUG
2023-12-13 16:20:54,564 [main] INFO  util.LogUtils (Slf4jUtils.java:setLogLevel(38)) - Successfully set org.apache.ratis.client.RaftClient log level to DEBUG
| null | init | 55 |
2023-12-13 16:20:54,565 [Time-limited test] INFO  impl.MiniRaftCluster (MiniRaftCluster.java:<init>(306)) - new MiniRaftClusterWithGrpc with group-215AF6FE8C9E:[]
2023-12-13 16:20:54,565 [Time-limited test] INFO  impl.GroupManagementBaseTest (GroupManagementBaseTest.java:runMultiGroupTest(251)) - 

runMultiGroupTest with MiniRaftClusterWithGrpc[5, 8, 9]chosen=2: printing ALL groups
2023-12-13 16:20:54,565 [Time-limited test] INFO  impl.GroupManagementBaseTest (GroupManagementBaseTest.java:runMultiGroupTest(258)) - ids: [s0, s1, s2, s3, s4, s5, s6, s7, s8]
2023-12-13 16:20:54,565 [Time-limited test] INFO  impl.MiniRaftCluster (MiniRaftCluster.java:newRaftServer(382)) - newRaftServer: s0, group-215AF6FE8C9E:[], format? true
2023-12-13 16:20:54,565 [Time-limited test] TRACE util.FileUtils (FileUtils.java:deleteFully(305)) - deleteFully target/test/data/1e4ee837/MiniRaftClusterWithGrpc24096a27/s0
2023-12-13 16:20:54,565 [Time-limited test] TRACE util.FileUtils (FileUtils.java:deleteFully(318)) - deleteFully: target/test/data/1e4ee837/MiniRaftClusterWithGrpc24096a27/s0 does not exist.
2023-12-13 16:20:54,565 [Time-limited test] INFO  impl.MiniRaftCluster (MiniRaftCluster.java:newRaftServer(387)) - Formatted directory target/test/data/1e4ee837/MiniRaftClusterWithGrpc24096a27/s0
2023-12-13 16:20:54,565 [Time-limited test] DEBUG server.RaftServer (ServerImplUtils.java:newRaftServer(51)) - newRaftServer: s0, group-215AF6FE8C9E:[]
2023-12-13 16:20:54,565 [Time-limited test] INFO  server.RaftServer (ConfUtils.java:logGet(46)) - raft.rpc.type = GRPC (default)
2023-12-13 16:20:54,566 [Time-limited test] INFO  grpc.GrpcConfigKeys (ConfUtils.java:logFallback(53)) - raft.grpc.admin.host = null (fallback to raft.grpc.server.host)
2023-12-13 16:20:54,566 [Time-limited test] INFO  grpc.GrpcConfigKeys (ConfUtils.java:logFallback(53)) - raft.grpc.admin.port = 42169 (fallback to raft.grpc.server.port)
2023-12-13 16:20:54,566 [Time-limited test] INFO  grpc.GrpcConfigKeys (ConfUtils.java:logFallback(53)) - raft.grpc.client.host = null (fallback to raft.grpc.server.host)
2023-12-13 16:20:54,566 [Time-limited test] INFO  grpc.GrpcConfigKeys (ConfUtils.java:logFallback(53)) - raft.grpc.client.port = 42169 (fallback to raft.grpc.server.port)
2023-12-13 16:20:54,566 [Time-limited test] INFO  grpc.GrpcConfigKeys (ConfUtils.java:logGet(46)) - raft.grpc.server.host = null (default)
2023-12-13 16:20:54,566 [Time-limited test] INFO  grpc.GrpcConfigKeys (ConfUtils.java:logGet(46)) - raft.grpc.server.port = 42169 (custom)
2023-12-13 16:20:54,566 [Time-limited test] INFO  server.GrpcService (ConfUtils.java:logGet(46)) - raft.grpc.message.size.max = 64MB (=67108864) (default)
2023-12-13 16:20:54,566 [Time-limited test] INFO  server.RaftServerConfigKeys (ConfUtils.java:logGet(46)) - raft.server.log.appender.buffer.byte-limit = 4MB (=4194304) (default)
2023-12-13 16:20:54,566 [Time-limited test] INFO  server.GrpcService (ConfUtils.java:logGet(46)) - raft.grpc.flow.control.window = 1MB (=1048576) (default)
2023-12-13 16:20:54,566 [Time-limited test] INFO  server.RaftServerConfigKeys (ConfUtils.java:logGet(46)) - raft.server.rpc.request.timeout = 3000ms (default)
2023-12-13 16:20:54,566 [Time-limited test] INFO  grpc.GrpcConfigKeys (ConfUtils.java:logGet(46)) - raft.grpc.server.heartbeat.channel = true (default)
2023-12-13 16:20:54,566 [Time-limited test] INFO  grpc.GrpcConfigKeys (ConfUtils.java:logGet(46)) - raft.grpc.server.async.request.thread.pool.cached = true (default)
2023-12-13 16:20:54,566 [Time-limited test] INFO  grpc.GrpcConfigKeys (ConfUtils.java:logGet(46)) - raft.grpc.server.async.request.thread.pool.size = 32 (default)
2023-12-13 16:20:54,566 [Time-limited test] INFO  impl.DataStreamServerImpl (ConfUtils.java:logGet(46)) - raft.datastream.type = DISABLED (default)
2023-12-13 16:20:54,567 [Time-limited test] INFO  server.RaftServerConfigKeys (ConfUtils.java:logGet(46)) - raft.server.sleep.deviation.threshold = 300ms (default)
2023-12-13 16:20:54,567 [Time-limited test] INFO  server.RaftServerConfigKeys (ConfUtils.java:logGet(46)) - raft.server.close.threshold = 60s (default)
2023-12-13 16:20:54,567 [Time-limited test] INFO  server.RaftServerConfigKeys (ConfUtils.java:logGet(46)) - raft.server.leaderelection.leader.step-down.wait-time = 10s (default)
2023-12-13 16:20:54,567 [Time-limited test] INFO  server.RaftServerConfigKeys (ConfUtils.java:logGet(46)) - raft.server.storage.dir = [/home/runner/work/ratis/ratis/ratis-test/target/test/data/1e4ee837/MiniRaftClusterWithGrpc24096a27/s0] (custom)
2023-12-13 16:20:54,567 [Time-limited test] INFO  server.RaftServerConfigKeys (ConfUtils.java:logGet(46)) - raft.server.threadpool.proxy.cached = true (default)
2023-12-13 16:20:54,567 [Time-limited test] INFO  server.RaftServerConfigKeys (ConfUtils.java:logGet(46)) - raft.server.threadpool.proxy.size = 0 (default)
2023-12-13 16:20:54,567 [Time-limited test] INFO  server.RaftServer (RaftServerProxy.java:addNew(100)) - s0: addNew group-215AF6FE8C9E:[] returns group-215AF6FE8C9E:java.util.concurrent.CompletableFuture@68122dd4[Not completed]
2023-12-13 16:20:54,567 [s0-groupManagement] INFO  server.RaftServer$Division (RaftServerImpl.java:<init>(256)) - s0: new RaftServerImpl for group-215AF6FE8C9E:[] with BaseStateMachine:uninitialized
2023-12-13 16:20:54,567 [Time-limited test] INFO  impl.MiniRaftCluster (MiniRaftCluster.java:newRaftServer(382)) - newRaftServer: s1, group-215AF6FE8C9E:[], format? true
2023-12-13 16:20:54,567 [s0-groupManagement] INFO  server.RaftServerConfigKeys (ConfUtils.java:logGet(46)) - raft.server.rpc.timeout.min = 1500ms (custom)
2023-12-13 16:20:54,567 [Time-limited test] TRACE util.FileUtils (FileUtils.java:deleteFully(305)) - deleteFully target/test/data/1e4ee837/MiniRaftClusterWithGrpc24096a27/s1
2023-12-13 16:20:54,567 [s0-groupManagement] INFO  server.RaftServerConfigKeys (ConfUtils.java:logGet(46)) - raft.server.rpc.timeout.max = 2000ms (custom)
2023-12-13 16:20:54,567 [s0-groupManagement] INFO  server.RaftServerConfigKeys (ConfUtils.java:logGet(46)) - raft.server.rpc.sleep.time = 25ms (default)
2023-12-13 16:20:54,567 [Time-limited test] TRACE util.FileUtils (FileUtils.java:deleteFully(318)) - deleteFully: target/test/data/1e4ee837/MiniRaftClusterWithGrpc24096a27/s1 does not exist.
2023-12-13 16:20:54,567 [s0-groupManagement] INFO  server.RaftServerConfigKeys (ConfUtils.java:logGet(46)) - raft.server.rpc.slowness.timeout = 60s (default)
2023-12-13 16:20:54,567 [Time-limited test] INFO  impl.MiniRaftCluster (MiniRaftCluster.java:newRaftServer(387)) - Formatted directory target/test/data/1e4ee837/MiniRaftClusterWithGrpc24096a27/s1
2023-12-13 16:20:54,567 [s0-groupManagement] INFO  server.RaftServerConfigKeys (ConfUtils.java:logGet(46)) - raft.server.leaderelection.leader.step-down.wait-time = 10s (default)
2023-12-13 16:20:54,567 [s0-groupManagement] INFO  server.RaftServerConfigKeys (ConfUtils.java:logGet(46)) - raft.server.leaderelection.member.majority-add = false (default)
2023-12-13 16:20:54,567 [s0-groupManagement] INFO  server.RaftServerConfigKeys (ConfUtils.java:logGet(46)) - raft.server.sleep.deviation.threshold = 300ms (default)
2023-12-13 16:20:54,567 [Time-limited test] DEBUG server.RaftServer (ServerImplUtils.java:newRaftServer(51)) - newRaftServer: s1, group-215AF6FE8C9E:[]
2023-12-13 16:20:54,567 [s0-groupManagement] INFO  server.RaftServer$Division (ServerState.java:<init>(113)) - s0@group-215AF6FE8C9E: ConfigurationManager, init=-1: peers:[]|listeners:[], old=null, confs=<EMPTY_MAP>
2023-12-13 16:20:54,567 [Time-limited test] INFO  server.RaftServer (ConfUtils.java:logGet(46)) - raft.rpc.type = GRPC (default)
2023-12-13 16:20:54,568 [s0-groupManagement] INFO  server.RaftServerConfigKeys (ConfUtils.java:logGet(46)) - raft.server.notification.no-leader.timeout = 60s (default)
2023-12-13 16:20:54,568 [Time-limited test] INFO  grpc.GrpcConfigKeys (ConfUtils.java:logFallback(53)) - raft.grpc.admin.host = null (fallback to raft.grpc.server.host)
2023-12-13 16:20:54,568 [s0-groupManagement] INFO  server.RaftServerConfigKeys (ConfUtils.java:logGet(46)) - raft.server.read.timeout = 10s (default)
2023-12-13 16:20:54,568 [Time-limited test] INFO  grpc.GrpcConfigKeys (ConfUtils.java:logFallback(53)) - raft.grpc.admin.port = 40607 (fallback to raft.grpc.server.port)
2023-12-13 16:20:54,568 [s0-groupManagement] INFO  server.RaftServerConfigKeys (ConfUtils.java:logGet(46)) - raft.server.retrycache.expirytime = 60s (default)
2023-12-13 16:20:54,568 [Time-limited test] INFO  grpc.GrpcConfigKeys (ConfUtils.java:logFallback(53)) - raft.grpc.client.host = null (fallback to raft.grpc.server.host)
2023-12-13 16:20:54,568 [s0-groupManagement] INFO  server.RaftServerConfigKeys (ConfUtils.java:logGet(46)) - raft.server.retrycache.statistics.expirytime = 100ms (default)
2023-12-13 16:20:54,568 [Time-limited test] INFO  grpc.GrpcConfigKeys (ConfUtils.java:logFallback(53)) - raft.grpc.client.port = 40607 (fallback to raft.grpc.server.port)
2023-12-13 16:20:54,568 [s0-groupManagement] INFO  server.RaftServerConfigKeys (ConfUtils.java:logGet(46)) - raft.server.read.option = DEFAULT (default)
2023-12-13 16:20:54,568 [Time-limited test] INFO  grpc.GrpcConfigKeys (ConfUtils.java:logGet(46)) - raft.grpc.server.host = null (default)
2023-12-13 16:20:54,568 [s0-groupManagement] INFO  server.RaftServerConfigKeys (ConfUtils.java:logGet(46)) - raft.server.read.read-after-write-consistent.write-index-cache.expiry-time = 60s (default)
2023-12-13 16:20:54,568 [Time-limited test] INFO  grpc.GrpcConfigKeys (ConfUtils.java:logGet(46)) - raft.grpc.server.port = 40607 (custom)
2023-12-13 16:20:54,568 [Time-limited test] INFO  server.GrpcService (ConfUtils.java:logGet(46)) - raft.grpc.message.size.max = 64MB (=67108864) (default)
2023-12-13 16:20:54,568 [Time-limited test] INFO  server.RaftServerConfigKeys (ConfUtils.java:logGet(46)) - raft.server.log.appender.buffer.byte-limit = 4MB (=4194304) (default)
2023-12-13 16:20:54,568 [Time-limited test] INFO  server.GrpcService (ConfUtils.java:logGet(46)) - raft.grpc.flow.control.window = 1MB (=1048576) (default)
2023-12-13 16:20:54,568 [Time-limited test] INFO  server.RaftServerConfigKeys (ConfUtils.java:logGet(46)) - raft.server.rpc.request.timeout = 3000ms (default)
2023-12-13 16:20:54,568 [Time-limited test] INFO  grpc.GrpcConfigKeys (ConfUtils.java:logGet(46)) - raft.grpc.server.heartbeat.channel = true (default)
2023-12-13 16:20:54,568 [Time-limited test] INFO  grpc.GrpcConfigKeys (ConfUtils.java:logGet(46)) - raft.grpc.server.async.request.thread.pool.cached = true (default)
2023-12-13 16:20:54,568 [Time-limited test] INFO  grpc.GrpcConfigKeys (ConfUtils.java:logGet(46)) - raft.grpc.server.async.request.thread.pool.size = 32 (default)
2023-12-13 16:20:54,568 [s0-groupManagement] INFO  server.RaftServerConfigKeys (ConfUtils.java:logGet(46)) - raft.server.rpc.request.timeout = 3000ms (default)
2023-12-13 16:20:54,568 [s0-groupManagement] INFO  server.RaftServerConfigKeys (ConfUtils.java:logGet(46)) - raft.server.log.appender.install.snapshot.enabled = true (default)
2023-12-13 16:20:54,569 [s0-groupManagement] INFO  server.RaftServerConfigKeys (ConfUtils.java:logGet(46)) - raft.server.threadpool.server.cached = true (default)
2023-12-13 16:20:54,569 [s0-groupManagement] INFO  server.RaftServerConfigKeys (ConfUtils.java:logGet(46)) - raft.server.threadpool.server.size = 0 (default)
2023-12-13 16:20:54,569 [s0-groupManagement] INFO  server.RaftServerConfigKeys (ConfUtils.java:logGet(46)) - raft.server.threadpool.client.cached = true (default)
2023-12-13 16:20:54,569 [s0-groupManagement] INFO  server.RaftServerConfigKeys (ConfUtils.java:logGet(46)) - raft.server.threadpool.client.size = 0 (default)
2023-12-13 16:20:54,569 [Time-limited test] INFO  impl.DataStreamServerImpl (ConfUtils.java:logGet(46)) - raft.datastream.type = DISABLED (default)
2023-12-13 16:20:54,569 [Time-limited test] INFO  server.RaftServerConfigKeys (ConfUtils.java:logGet(46)) - raft.server.sleep.deviation.threshold = 300ms (default)
2023-12-13 16:20:54,569 [Time-limited test] INFO  server.RaftServerConfigKeys (ConfUtils.java:logGet(46)) - raft.server.close.threshold = 60s (default)
2023-12-13 16:20:54,569 [Time-limited test] INFO  server.RaftServerConfigKeys (ConfUtils.java:logGet(46)) - raft.server.leaderelection.leader.step-down.wait-time = 10s (default)
2023-12-13 16:20:54,569 [Time-limited test] INFO  server.RaftServerConfigKeys (ConfUtils.java:logGet(46)) - raft.server.storage.dir = [/home/runner/work/ratis/ratis/ratis-test/target/test/data/1e4ee837/MiniRaftClusterWithGrpc24096a27/s1] (custom)
2023-12-13 16:20:54,569 [Time-limited test] INFO  server.RaftServerConfigKeys (ConfUtils.java:logGet(46)) - raft.server.threadpool.proxy.cached = true (default)
2023-12-13 16:20:54,569 [Time-limited test] INFO  server.RaftServerConfigKeys (ConfUtils.java:logGet(46)) - raft.server.threadpool.proxy.size = 0 (default)
2023-12-13 16:20:54,570 [Time-limited test] INFO  server.RaftServer (RaftServerProxy.java:addNew(100)) - s1: addNew group-215AF6FE8C9E:[] returns group-215AF6FE8C9E:java.util.concurrent.CompletableFuture@1cf77418[Not completed]
2023-12-13 16:20:54,570 [s1-groupManagement] INFO  server.RaftServer$Division (RaftServerImpl.java:<init>(256)) - s1: new RaftServerImpl for group-215AF6FE8C9E:[] with BaseStateMachine:uninitialized
2023-12-13 16:20:54,570 [Time-limited test] INFO  impl.MiniRaftCluster (MiniRaftCluster.java:newRaftServer(382)) - newRaftServer: s2, group-215AF6FE8C9E:[], format? true
2023-12-13 16:20:54,570 [s1-groupManagement] INFO  server.RaftServerConfigKeys (ConfUtils.java:logGet(46)) - raft.server.rpc.timeout.min = 1500ms (custom)
2023-12-13 16:20:54,570 [Time-limited test] TRACE util.FileUtils (FileUtils.java:deleteFully(305)) - deleteFully target/test/data/1e4ee837/MiniRaftClusterWithGrpc24096a27/s2
2023-12-13 16:20:54,570 [s1-groupManagement] INFO  server.RaftServerConfigKeys (ConfUtils.java:logGet(46)) - raft.server.rpc.timeout.max = 2000ms (custom)
2023-12-13 16:20:54,570 [s1-groupManagement] INFO  server.RaftServerConfigKeys (ConfUtils.java:logGet(46)) - raft.server.rpc.sleep.time = 25ms (default)
2023-12-13 16:20:54,570 [Time-limited test] TRACE util.FileUtils (FileUtils.java:deleteFully(318)) - deleteFully: target/test/data/1e4ee837/MiniRaftClusterWithGrpc24096a27/s2 does not exist.
2023-12-13 16:20:54,570 [Time-limited test] INFO  impl.MiniRaftCluster (MiniRaftCluster.java:newRaftServer(387)) - Formatted directory target/test/data/1e4ee837/MiniRaftClusterWithGrpc24096a27/s2
2023-12-13 16:20:54,570 [s1-groupManagement] INFO  server.RaftServerConfigKeys (ConfUtils.java:logGet(46)) - raft.server.rpc.slowness.timeout = 60s (default)
2023-12-13 16:20:54,570 [s1-groupManagement] INFO  server.RaftServerConfigKeys (ConfUtils.java:logGet(46)) - raft.server.leaderelection.leader.step-down.wait-time = 10s (default)
2023-12-13 16:20:54,570 [s1-groupManagement] INFO  server.RaftServerConfigKeys (ConfUtils.java:logGet(46)) - raft.server.leaderelection.member.majority-add = false (default)
2023-12-13 16:20:54,570 [s1-groupManagement] INFO  server.RaftServerConfigKeys (ConfUtils.java:logGet(46)) - raft.server.sleep.deviation.threshold = 300ms (default)
2023-12-13 16:20:54,570 [Time-limited test] DEBUG server.RaftServer (ServerImplUtils.java:newRaftServer(51)) - newRaftServer: s2, group-215AF6FE8C9E:[]
2023-12-13 16:20:54,570 [s1-groupManagement] INFO  server.RaftServer$Division (ServerState.java:<init>(113)) - s1@group-215AF6FE8C9E: ConfigurationManager, init=-1: peers:[]|listeners:[], old=null, confs=<EMPTY_MAP>
2023-12-13 16:20:54,570 [Time-limited test] INFO  server.RaftServer (ConfUtils.java:logGet(46)) - raft.rpc.type = GRPC (default)
2023-12-13 16:20:54,570 [s1-groupManagement] INFO  server.RaftServerConfigKeys (ConfUtils.java:logGet(46)) - raft.server.notification.no-leader.timeout = 60s (default)
2023-12-13 16:20:54,570 [s1-groupManagement] INFO  server.RaftServerConfigKeys (ConfUtils.java:logGet(46)) - raft.server.read.timeout = 10s (default)
2023-12-13 16:20:54,570 [Time-limited test] INFO  grpc.GrpcConfigKeys (ConfUtils.java:logFallback(53)) - raft.grpc.admin.host = null (fallback to raft.grpc.server.host)
2023-12-13 16:20:54,570 [s1-groupManagement] INFO  server.RaftServerConfigKeys (ConfUtils.java:logGet(46)) - raft.server.retrycache.expirytime = 60s (default)
2023-12-13 16:20:54,571 [Time-limited test] INFO  grpc.GrpcConfigKeys (ConfUtils.java:logFallback(53)) - raft.grpc.admin.port = 39939 (fallback to raft.grpc.server.port)
2023-12-13 16:20:54,571 [s1-groupManagement] INFO  server.RaftServerConfigKeys (ConfUtils.java:logGet(46)) - raft.server.retrycache.statistics.expirytime = 100ms (default)
2023-12-13 16:20:54,571 [Time-limited test] INFO  grpc.GrpcConfigKeys (ConfUtils.java:logFallback(53)) - raft.grpc.client.host = null (fallback to raft.grpc.server.host)
2023-12-13 16:20:54,571 [s1-groupManagement] INFO  server.RaftServerConfigKeys (ConfUtils.java:logGet(46)) - raft.server.read.option = DEFAULT (default)
2023-12-13 16:20:54,571 [Time-limited test] INFO  grpc.GrpcConfigKeys (ConfUtils.java:logFallback(53)) - raft.grpc.client.port = 39939 (fallback to raft.grpc.server.port)
2023-12-13 16:20:54,571 [s1-groupManagement] INFO  server.RaftServerConfigKeys (ConfUtils.java:logGet(46)) - raft.server.read.read-after-write-consistent.write-index-cache.expiry-time = 60s (default)
2023-12-13 16:20:54,571 [Time-limited test] INFO  grpc.GrpcConfigKeys (ConfUtils.java:logGet(46)) - raft.grpc.server.host = null (default)
2023-12-13 16:20:54,571 [Time-limited test] INFO  grpc.GrpcConfigKeys (ConfUtils.java:logGet(46)) - raft.grpc.server.port = 39939 (custom)
2023-12-13 16:20:54,571 [Time-limited test] INFO  server.GrpcService (ConfUtils.java:logGet(46)) - raft.grpc.message.size.max = 64MB (=67108864) (default)
2023-12-13 16:20:54,571 [Time-limited test] INFO  server.RaftServerConfigKeys (ConfUtils.java:logGet(46)) - raft.server.log.appender.buffer.byte-limit = 4MB (=4194304) (default)
2023-12-13 16:20:54,571 [Time-limited test] INFO  server.GrpcService (ConfUtils.java:logGet(46)) - raft.grpc.flow.control.window = 1MB (=1048576) (default)
2023-12-13 16:20:54,571 [s1-groupManagement] INFO  server.RaftServerConfigKeys (ConfUtils.java:logGet(46)) - raft.server.rpc.request.timeout = 3000ms (default)
2023-12-13 16:20:54,571 [Time-limited test] INFO  server.RaftServerConfigKeys (ConfUtils.java:logGet(46)) - raft.server.rpc.request.timeout = 3000ms (default)
2023-12-13 16:20:54,571 [s1-groupManagement] INFO  server.RaftServerConfigKeys (ConfUtils.java:logGet(46)) - raft.server.log.appender.install.snapshot.enabled = true (default)
2023-12-13 16:20:54,571 [Time-limited test] INFO  grpc.GrpcConfigKeys (ConfUtils.java:logGet(46)) - raft.grpc.server.heartbeat.channel = true (default)
2023-12-13 16:20:54,571 [s1-groupManagement] INFO  server.RaftServerConfigKeys (ConfUtils.java:logGet(46)) - raft.server.threadpool.server.cached = true (default)
2023-12-13 16:20:54,571 [Time-limited test] INFO  grpc.GrpcConfigKeys (ConfUtils.java:logGet(46)) - raft.grpc.server.async.request.thread.pool.cached = true (default)
2023-12-13 16:20:54,571 [s1-groupManagement] INFO  server.RaftServerConfigKeys (ConfUtils.java:logGet(46)) - raft.server.threadpool.server.size = 0 (default)
2023-12-13 16:20:54,571 [Time-limited test] INFO  grpc.GrpcConfigKeys (ConfUtils.java:logGet(46)) - raft.grpc.server.async.request.thread.pool.size = 32 (default)
2023-12-13 16:20:54,571 [s1-groupManagement] INFO  server.RaftServerConfigKeys (ConfUtils.java:logGet(46)) - raft.server.threadpool.client.cached = true (default)
2023-12-13 16:20:54,572 [s1-groupManagement] INFO  server.RaftServerConfigKeys (ConfUtils.java:logGet(46)) - raft.server.threadpool.client.size = 0 (default)
2023-12-13 16:20:54,572 [Time-limited test] INFO  impl.DataStreamServerImpl (ConfUtils.java:logGet(46)) - raft.datastream.type = DISABLED (default)
2023-12-13 16:20:54,572 [Time-limited test] INFO  server.RaftServerConfigKeys (ConfUtils.java:logGet(46)) - raft.server.sleep.deviation.threshold = 300ms (default)
2023-12-13 16:20:54,572 [Time-limited test] INFO  server.RaftServerConfigKeys (ConfUtils.java:logGet(46)) - raft.server.close.threshold = 60s (default)
2023-12-13 16:20:54,572 [Time-limited test] INFO  server.RaftServerConfigKeys (ConfUtils.java:logGet(46)) - raft.server.leaderelection.leader.step-down.wait-time = 10s (default)
2023-12-13 16:20:54,572 [Time-limited test] INFO  server.RaftServerConfigKeys (ConfUtils.java:logGet(46)) - raft.server.storage.dir = [/home/runner/work/ratis/ratis/ratis-test/target/test/data/1e4ee837/MiniRaftClusterWithGrpc24096a27/s2] (custom)
2023-12-13 16:20:54,572 [Time-limited test] INFO  server.RaftServerConfigKeys (ConfUtils.java:logGet(46)) - raft.server.threadpool.proxy.cached = true (default)
2023-12-13 16:20:54,572 [Time-limited test] INFO  server.RaftServerConfigKeys (ConfUtils.java:logGet(46)) - raft.server.threadpool.proxy.size = 0 (default)
2023-12-13 16:20:54,573 [Time-limited test] INFO  server.RaftServer (RaftServerProxy.java:addNew(100)) - s2: addNew group-215AF6FE8C9E:[] returns group-215AF6FE8C9E:java.util.concurrent.CompletableFuture@2833a30a[Not completed]
2023-12-13 16:20:54,573 [s2-groupManagement] INFO  server.RaftServer$Division (RaftServerImpl.java:<init>(256)) - s2: new RaftServerImpl for group-215AF6FE8C9E:[] with BaseStateMachine:uninitialized
2023-12-13 16:20:54,573 [Time-limited test] INFO  impl.MiniRaftCluster (MiniRaftCluster.java:newRaftServer(382)) - newRaftServer: s3, group-215AF6FE8C9E:[], format? true
2023-12-13 16:20:54,573 [s2-groupManagement] INFO  server.RaftServerConfigKeys (ConfUtils.java:logGet(46)) - raft.server.rpc.timeout.min = 1500ms (custom)
2023-12-13 16:20:54,573 [Time-limited test] TRACE util.FileUtils (FileUtils.java:deleteFully(305)) - deleteFully target/test/data/1e4ee837/MiniRaftClusterWithGrpc24096a27/s3
2023-12-13 16:20:54,573 [s2-groupManagement] INFO  server.RaftServerConfigKeys (ConfUtils.java:logGet(46)) - raft.server.rpc.timeout.max = 2000ms (custom)
2023-12-13 16:20:54,573 [s2-groupManagement] INFO  server.RaftServerConfigKeys (ConfUtils.java:logGet(46)) - raft.server.rpc.sleep.time = 25ms (default)
2023-12-13 16:20:54,573 [Time-limited test] TRACE util.FileUtils (FileUtils.java:deleteFully(318)) - deleteFully: target/test/data/1e4ee837/MiniRaftClusterWithGrpc24096a27/s3 does not exist.
2023-12-13 16:20:54,573 [s2-groupManagement] INFO  server.RaftServerConfigKeys (ConfUtils.java:logGet(46)) - raft.server.rpc.slowness.timeout = 60s (default)
2023-12-13 16:20:54,573 [Time-limited test] INFO  impl.MiniRaftCluster (MiniRaftCluster.java:newRaftServer(387)) - Formatted directory target/test/data/1e4ee837/MiniRaftClusterWithGrpc24096a27/s3
2023-12-13 16:20:54,573 [s2-groupManagement] INFO  server.RaftServerConfigKeys (ConfUtils.java:logGet(46)) - raft.server.leaderelection.leader.step-down.wait-time = 10s (default)
2023-12-13 16:20:54,573 [s2-groupManagement] INFO  server.RaftServerConfigKeys (ConfUtils.java:logGet(46)) - raft.server.leaderelection.member.majority-add = false (default)
2023-12-13 16:20:54,573 [s2-groupManagement] INFO  server.RaftServerConfigKeys (ConfUtils.java:logGet(46)) - raft.server.sleep.deviation.threshold = 300ms (default)
2023-12-13 16:20:54,573 [s2-groupManagement] INFO  server.RaftServer$Division (ServerState.java:<init>(113)) - s2@group-215AF6FE8C9E: ConfigurationManager, init=-1: peers:[]|listeners:[], old=null, confs=<EMPTY_MAP>
2023-12-13 16:20:54,573 [Time-limited test] DEBUG server.RaftServer (ServerImplUtils.java:newRaftServer(51)) - newRaftServer: s3, group-215AF6FE8C9E:[]
2023-12-13 16:20:54,573 [s2-groupManagement] INFO  server.RaftServerConfigKeys (ConfUtils.java:logGet(46)) - raft.server.notification.no-leader.timeout = 60s (default)
2023-12-13 16:20:54,573 [Time-limited test] INFO  server.RaftServer (ConfUtils.java:logGet(46)) - raft.rpc.type = GRPC (default)
2023-12-13 16:20:54,573 [s2-groupManagement] INFO  server.RaftServerConfigKeys (ConfUtils.java:logGet(46)) - raft.server.read.timeout = 10s (default)
2023-12-13 16:20:54,573 [s2-groupManagement] INFO  server.RaftServerConfigKeys (ConfUtils.java:logGet(46)) - raft.server.retrycache.expirytime = 60s (default)
2023-12-13 16:20:54,573 [s2-groupManagement] INFO  server.RaftServerConfigKeys (ConfUtils.java:logGet(46)) - raft.server.retrycache.statistics.expirytime = 100ms (default)
2023-12-13 16:20:54,573 [Time-limited test] INFO  grpc.GrpcConfigKeys (ConfUtils.java:logFallback(53)) - raft.grpc.admin.host = null (fallback to raft.grpc.server.host)
2023-12-13 16:20:54,573 [s2-groupManagement] INFO  server.RaftServerConfigKeys (ConfUtils.java:logGet(46)) - raft.server.read.option = DEFAULT (default)
2023-12-13 16:20:54,573 [Time-limited test] INFO  grpc.GrpcConfigKeys (ConfUtils.java:logFallback(53)) - raft.grpc.admin.port = 35783 (fallback to raft.grpc.server.port)
2023-12-13 16:20:54,573 [s2-groupManagement] INFO  server.RaftServerConfigKeys (ConfUtils.java:logGet(46)) - raft.server.read.read-after-write-consistent.write-index-cache.expiry-time = 60s (default)
2023-12-13 16:20:54,573 [Time-limited test] INFO  grpc.GrpcConfigKeys (ConfUtils.java:logFallback(53)) - raft.grpc.client.host = null (fallback to raft.grpc.server.host)
2023-12-13 16:20:54,574 [Time-limited test] INFO  grpc.GrpcConfigKeys (ConfUtils.java:logFallback(53)) - raft.grpc.client.port = 35783 (fallback to raft.grpc.server.port)
2023-12-13 16:20:54,574 [Time-limited test] INFO  grpc.GrpcConfigKeys (ConfUtils.java:logGet(46)) - raft.grpc.server.host = null (default)
2023-12-13 16:20:54,574 [Time-limited test] INFO  grpc.GrpcConfigKeys (ConfUtils.java:logGet(46)) - raft.grpc.server.port = 35783 (custom)
2023-12-13 16:20:54,574 [Time-limited test] INFO  server.GrpcService (ConfUtils.java:logGet(46)) - raft.grpc.message.size.max = 64MB (=67108864) (default)
2023-12-13 16:20:54,574 [Time-limited test] INFO  server.RaftServerConfigKeys (ConfUtils.java:logGet(46)) - raft.server.log.appender.buffer.byte-limit = 4MB (=4194304) (default)
2023-12-13 16:20:54,574 [s2-groupManagement] INFO  server.RaftServerConfigKeys (ConfUtils.java:logGet(46)) - raft.server.rpc.request.timeout = 3000ms (default)
2023-12-13 16:20:54,574 [Time-limited test] INFO  server.GrpcService (ConfUtils.java:logGet(46)) - raft.grpc.flow.control.window = 1MB (=1048576) (default)
2023-12-13 16:20:54,574 [s2-groupManagement] INFO  server.RaftServerConfigKeys (ConfUtils.java:logGet(46)) - raft.server.log.appender.install.snapshot.enabled = true (default)
2023-12-13 16:20:54,574 [Time-limited test] INFO  server.RaftServerConfigKeys (ConfUtils.java:logGet(46)) - raft.server.rpc.request.timeout = 3000ms (default)
2023-12-13 16:20:54,574 [s2-groupManagement] INFO  server.RaftServerConfigKeys (ConfUtils.java:logGet(46)) - raft.server.threadpool.server.cached = true (default)
2023-12-13 16:20:54,574 [Time-limited test] INFO  grpc.GrpcConfigKeys (ConfUtils.java:logGet(46)) - raft.grpc.server.heartbeat.channel = true (default)
2023-12-13 16:20:54,574 [s2-groupManagement] INFO  server.RaftServerConfigKeys (ConfUtils.java:logGet(46)) - raft.server.threadpool.server.size = 0 (default)
2023-12-13 16:20:54,574 [Time-limited test] INFO  grpc.GrpcConfigKeys (ConfUtils.java:logGet(46)) - raft.grpc.server.async.request.thread.pool.cached = true (default)
2023-12-13 16:20:54,574 [s2-groupManagement] INFO  server.RaftServerConfigKeys (ConfUtils.java:logGet(46)) - raft.server.threadpool.client.cached = true (default)
2023-12-13 16:20:54,574 [Time-limited test] INFO  grpc.GrpcConfigKeys (ConfUtils.java:logGet(46)) - raft.grpc.server.async.request.thread.pool.size = 32 (default)
2023-12-13 16:20:54,574 [s2-groupManagement] INFO  server.RaftServerConfigKeys (ConfUtils.java:logGet(46)) - raft.server.threadpool.client.size = 0 (default)
2023-12-13 16:20:54,575 [Time-limited test] INFO  impl.DataStreamServerImpl (ConfUtils.java:logGet(46)) - raft.datastream.type = DISABLED (default)
2023-12-13 16:20:54,575 [Time-limited test] INFO  server.RaftServerConfigKeys (ConfUtils.java:logGet(46)) - raft.server.sleep.deviation.threshold = 300ms (default)
2023-12-13 16:20:54,575 [Time-limited test] INFO  server.RaftServerConfigKeys (ConfUtils.java:logGet(46)) - raft.server.close.threshold = 60s (default)
2023-12-13 16:20:54,575 [Time-limited test] INFO  server.RaftServerConfigKeys (ConfUtils.java:logGet(46)) - raft.server.leaderelection.leader.step-down.wait-time = 10s (default)
2023-12-13 16:20:54,575 [Time-limited test] INFO  server.RaftServerConfigKeys (ConfUtils.java:logGet(46)) - raft.server.storage.dir = [/home/runner/work/ratis/ratis/ratis-test/target/test/data/1e4ee837/MiniRaftClusterWithGrpc24096a27/s3] (custom)
2023-12-13 16:20:54,575 [Time-limited test] INFO  server.RaftServerConfigKeys (ConfUtils.java:logGet(46)) - raft.server.threadpool.proxy.cached = true (default)
2023-12-13 16:20:54,575 [Time-limited test] INFO  server.RaftServerConfigKeys (ConfUtils.java:logGet(46)) - raft.server.threadpool.proxy.size = 0 (default)
2023-12-13 16:20:54,575 [Time-limited test] INFO  server.RaftServer (RaftServerProxy.java:addNew(100)) - s3: addNew group-215AF6FE8C9E:[] returns group-215AF6FE8C9E:java.util.concurrent.CompletableFuture@49717873[Not completed]
2023-12-13 16:20:54,576 [s3-groupManagement] INFO  server.RaftServer$Division (RaftServerImpl.java:<init>(256)) - s3: new RaftServerImpl for group-215AF6FE8C9E:[] with BaseStateMachine:uninitialized
2023-12-13 16:20:54,576 [Time-limited test] INFO  impl.MiniRaftCluster (MiniRaftCluster.java:newRaftServer(382)) - newRaftServer: s4, group-215AF6FE8C9E:[], format? true
2023-12-13 16:20:54,576 [s3-groupManagement] INFO  server.RaftServerConfigKeys (ConfUtils.java:logGet(46)) - raft.server.rpc.timeout.min = 1500ms (custom)
2023-12-13 16:20:54,576 [Time-limited test] TRACE util.FileUtils (FileUtils.java:deleteFully(305)) - deleteFully target/test/data/1e4ee837/MiniRaftClusterWithGrpc24096a27/s4
2023-12-13 16:20:54,576 [s3-groupManagement] INFO  server.RaftServerConfigKeys (ConfUtils.java:logGet(46)) - raft.server.rpc.timeout.max = 2000ms (custom)
2023-12-13 16:20:54,576 [s3-groupManagement] INFO  server.RaftServerConfigKeys (ConfUtils.java:logGet(46)) - raft.server.rpc.sleep.time = 25ms (default)
2023-12-13 16:20:54,576 [Time-limited test] TRACE util.FileUtils (FileUtils.java:deleteFully(318)) - deleteFully: target/test/data/1e4ee837/MiniRaftClusterWithGrpc24096a27/s4 does not exist.
2023-12-13 16:20:54,576 [Time-limited test] INFO  impl.MiniRaftCluster (MiniRaftCluster.java:newRaftServer(387)) - Formatted directory target/test/data/1e4ee837/MiniRaftClusterWithGrpc24096a27/s4
2023-12-13 16:20:54,576 [s3-groupManagement] INFO  server.RaftServerConfigKeys (ConfUtils.java:logGet(46)) - raft.server.rpc.slowness.timeout = 60s (default)
2023-12-13 16:20:54,576 [s3-groupManagement] INFO  server.RaftServerConfigKeys (ConfUtils.java:logGet(46)) - raft.server.leaderelection.leader.step-down.wait-time = 10s (default)
2023-12-13 16:20:54,576 [s3-groupManagement] INFO  server.RaftServerConfigKeys (ConfUtils.java:logGet(46)) - raft.server.leaderelection.member.majority-add = false (default)
2023-12-13 16:20:54,576 [Time-limited test] DEBUG server.RaftServer (ServerImplUtils.java:newRaftServer(51)) - newRaftServer: s4, group-215AF6FE8C9E:[]
2023-12-13 16:20:54,576 [s3-groupManagement] INFO  server.RaftServerConfigKeys (ConfUtils.java:logGet(46)) - raft.server.sleep.deviation.threshold = 300ms (default)
2023-12-13 16:20:54,576 [Time-limited test] INFO  server.RaftServer (ConfUtils.java:logGet(46)) - raft.rpc.type = GRPC (default)
2023-12-13 16:20:54,576 [s3-groupManagement] INFO  server.RaftServer$Division (ServerState.java:<init>(113)) - s3@group-215AF6FE8C9E: ConfigurationManager, init=-1: peers:[]|listeners:[], old=null, confs=<EMPTY_MAP>
2023-12-13 16:20:54,576 [Time-limited test] INFO  grpc.GrpcConfigKeys (ConfUtils.java:logFallback(53)) - raft.grpc.admin.host = null (fallback to raft.grpc.server.host)
2023-12-13 16:20:54,576 [s3-groupManagement] INFO  server.RaftServerConfigKeys (ConfUtils.java:logGet(46)) - raft.server.notification.no-leader.timeout = 60s (default)
2023-12-13 16:20:54,576 [Time-limited test] INFO  grpc.GrpcConfigKeys (ConfUtils.java:logFallback(53)) - raft.grpc.admin.port = 45543 (fallback to raft.grpc.server.port)
2023-12-13 16:20:54,576 [s3-groupManagement] INFO  server.RaftServerConfigKeys (ConfUtils.java:logGet(46)) - raft.server.read.timeout = 10s (default)
2023-12-13 16:20:54,576 [Time-limited test] INFO  grpc.GrpcConfigKeys (ConfUtils.java:logFallback(53)) - raft.grpc.client.host = null (fallback to raft.grpc.server.host)
2023-12-13 16:20:54,576 [s3-groupManagement] INFO  server.RaftServerConfigKeys (ConfUtils.java:logGet(46)) - raft.server.retrycache.expirytime = 60s (default)
2023-12-13 16:20:54,576 [Time-limited test] INFO  grpc.GrpcConfigKeys (ConfUtils.java:logFallback(53)) - raft.grpc.client.port = 45543 (fallback to raft.grpc.server.port)
2023-12-13 16:20:54,576 [s3-groupManagement] INFO  server.RaftServerConfigKeys (ConfUtils.java:logGet(46)) - raft.server.retrycache.statistics.expirytime = 100ms (default)
2023-12-13 16:20:54,576 [Time-limited test] INFO  grpc.GrpcConfigKeys (ConfUtils.java:logGet(46)) - raft.grpc.server.host = null (default)
2023-12-13 16:20:54,576 [s3-groupManagement] INFO  server.RaftServerConfigKeys (ConfUtils.java:logGet(46)) - raft.server.read.option = DEFAULT (default)
2023-12-13 16:20:54,576 [Time-limited test] INFO  grpc.GrpcConfigKeys (ConfUtils.java:logGet(46)) - raft.grpc.server.port = 45543 (custom)
2023-12-13 16:20:54,576 [s3-groupManagement] INFO  server.RaftServerConfigKeys (ConfUtils.java:logGet(46)) - raft.server.read.read-after-write-consistent.write-index-cache.expiry-time = 60s (default)
2023-12-13 16:20:54,576 [Time-limited test] INFO  server.GrpcService (ConfUtils.java:logGet(46)) - raft.grpc.message.size.max = 64MB (=67108864) (default)
2023-12-13 16:20:54,576 [Time-limited test] INFO  server.RaftServerConfigKeys (ConfUtils.java:logGet(46)) - raft.server.log.appender.buffer.byte-limit = 4MB (=4194304) (default)
2023-12-13 16:20:54,577 [Time-limited test] INFO  server.GrpcService (ConfUtils.java:logGet(46)) - raft.grpc.flow.control.window = 1MB (=1048576) (default)
2023-12-13 16:20:54,577 [Time-limited test] INFO  server.RaftServerConfigKeys (ConfUtils.java:logGet(46)) - raft.server.rpc.request.timeout = 3000ms (default)
2023-12-13 16:20:54,577 [Time-limited test] INFO  grpc.GrpcConfigKeys (ConfUtils.java:logGet(46)) - raft.grpc.server.heartbeat.channel = true (default)
2023-12-13 16:20:54,577 [Time-limited test] INFO  grpc.GrpcConfigKeys (ConfUtils.java:logGet(46)) - raft.grpc.server.async.request.thread.pool.cached = true (default)
2023-12-13 16:20:54,577 [s3-groupManagement] INFO  server.RaftServerConfigKeys (ConfUtils.java:logGet(46)) - raft.server.rpc.request.timeout = 3000ms (default)
2023-12-13 16:20:54,577 [Time-limited test] INFO  grpc.GrpcConfigKeys (ConfUtils.java:logGet(46)) - raft.grpc.server.async.request.thread.pool.size = 32 (default)
2023-12-13 16:20:54,577 [s3-groupManagement] INFO  server.RaftServerConfigKeys (ConfUtils.java:logGet(46)) - raft.server.log.appender.install.snapshot.enabled = true (default)
2023-12-13 16:20:54,577 [s3-groupManagement] INFO  server.RaftServerConfigKeys (ConfUtils.java:logGet(46)) - raft.server.threadpool.server.cached = true (default)
2023-12-13 16:20:54,577 [s3-groupManagement] INFO  server.RaftServerConfigKeys (ConfUtils.java:logGet(46)) - raft.server.threadpool.server.size = 0 (default)
2023-12-13 16:20:54,577 [s3-groupManagement] INFO  server.RaftServerConfigKeys (ConfUtils.java:logGet(46)) - raft.server.threadpool.client.cached = true (default)
2023-12-13 16:20:54,577 [s3-groupManagement] INFO  server.RaftServerConfigKeys (ConfUtils.java:logGet(46)) - raft.server.threadpool.client.size = 0 (default)
2023-12-13 16:20:54,577 [Time-limited test] INFO  impl.DataStreamServerImpl (ConfUtils.java:logGet(46)) - raft.datastream.type = DISABLED (default)
2023-12-13 16:20:54,577 [Time-limited test] INFO  server.RaftServerConfigKeys (ConfUtils.java:logGet(46)) - raft.server.sleep.deviation.threshold = 300ms (default)
2023-12-13 16:20:54,577 [Time-limited test] INFO  server.RaftServerConfigKeys (ConfUtils.java:logGet(46)) - raft.server.close.threshold = 60s (default)
2023-12-13 16:20:54,577 [Time-limited test] INFO  server.RaftServerConfigKeys (ConfUtils.java:logGet(46)) - raft.server.leaderelection.leader.step-down.wait-time = 10s (default)
2023-12-13 16:20:54,578 [Time-limited test] INFO  server.RaftServerConfigKeys (ConfUtils.java:logGet(46)) - raft.server.storage.dir = [/home/runner/work/ratis/ratis/ratis-test/target/test/data/1e4ee837/MiniRaftClusterWithGrpc24096a27/s4] (custom)
2023-12-13 16:20:54,578 [Time-limited test] INFO  server.RaftServerConfigKeys (ConfUtils.java:logGet(46)) - raft.server.threadpool.proxy.cached = true (default)
2023-12-13 16:20:54,578 [Time-limited test] INFO  server.RaftServerConfigKeys (ConfUtils.java:logGet(46)) - raft.server.threadpool.proxy.size = 0 (default)
2023-12-13 16:20:54,578 [Time-limited test] INFO  server.RaftServer (RaftServerProxy.java:addNew(100)) - s4: addNew group-215AF6FE8C9E:[] returns group-215AF6FE8C9E:java.util.concurrent.CompletableFuture@20dca731[Not completed]
2023-12-13 16:20:54,578 [s4-groupManagement] INFO  server.RaftServer$Division (RaftServerImpl.java:<init>(256)) - s4: new RaftServerImpl for group-215AF6FE8C9E:[] with BaseStateMachine:uninitialized
2023-12-13 16:20:54,578 [Time-limited test] INFO  impl.MiniRaftCluster (MiniRaftCluster.java:newRaftServer(382)) - newRaftServer: s5, group-215AF6FE8C9E:[], format? true
2023-12-13 16:20:54,578 [s4-groupManagement] INFO  server.RaftServerConfigKeys (ConfUtils.java:logGet(46)) - raft.server.rpc.timeout.min = 1500ms (custom)
2023-12-13 16:20:54,578 [Time-limited test] TRACE util.FileUtils (FileUtils.java:deleteFully(305)) - deleteFully target/test/data/1e4ee837/MiniRaftClusterWithGrpc24096a27/s5
2023-12-13 16:20:54,578 [s4-groupManagement] INFO  server.RaftServerConfigKeys (ConfUtils.java:logGet(46)) - raft.server.rpc.timeout.max = 2000ms (custom)
2023-12-13 16:20:54,578 [s4-groupManagement] INFO  server.RaftServerConfigKeys (ConfUtils.java:logGet(46)) - raft.server.rpc.sleep.time = 25ms (default)
2023-12-13 16:20:54,578 [Time-limited test] TRACE util.FileUtils (FileUtils.java:deleteFully(318)) - deleteFully: target/test/data/1e4ee837/MiniRaftClusterWithGrpc24096a27/s5 does not exist.
2023-12-13 16:20:54,578 [s4-groupManagement] INFO  server.RaftServerConfigKeys (ConfUtils.java:logGet(46)) - raft.server.rpc.slowness.timeout = 60s (default)
2023-12-13 16:20:54,578 [Time-limited test] INFO  impl.MiniRaftCluster (MiniRaftCluster.java:newRaftServer(387)) - Formatted directory target/test/data/1e4ee837/MiniRaftClusterWithGrpc24096a27/s5
2023-12-13 16:20:54,578 [s4-groupManagement] INFO  server.RaftServerConfigKeys (ConfUtils.java:logGet(46)) - raft.server.leaderelection.leader.step-down.wait-time = 10s (default)
2023-12-13 16:20:54,578 [s4-groupManagement] INFO  server.RaftServerConfigKeys (ConfUtils.java:logGet(46)) - raft.server.leaderelection.member.majority-add = false (default)
2023-12-13 16:20:54,578 [s4-groupManagement] INFO  server.RaftServerConfigKeys (ConfUtils.java:logGet(46)) - raft.server.sleep.deviation.threshold = 300ms (default)
2023-12-13 16:20:54,578 [Time-limited test] DEBUG server.RaftServer (ServerImplUtils.java:newRaftServer(51)) - newRaftServer: s5, group-215AF6FE8C9E:[]
2023-12-13 16:20:54,578 [s4-groupManagement] INFO  server.RaftServer$Division (ServerState.java:<init>(113)) - s4@group-215AF6FE8C9E: ConfigurationManager, init=-1: peers:[]|listeners:[], old=null, confs=<EMPTY_MAP>
2023-12-13 16:20:54,578 [Time-limited test] INFO  server.RaftServer (ConfUtils.java:logGet(46)) - raft.rpc.type = GRPC (default)
2023-12-13 16:20:54,579 [s4-groupManagement] INFO  server.RaftServerConfigKeys (ConfUtils.java:logGet(46)) - raft.server.notification.no-leader.timeout = 60s (default)
2023-12-13 16:20:54,579 [s4-groupManagement] INFO  server.RaftServerConfigKeys (ConfUtils.java:logGet(46)) - raft.server.read.timeout = 10s (default)
2023-12-13 16:20:54,579 [Time-limited test] INFO  grpc.GrpcConfigKeys (ConfUtils.java:logFallback(53)) - raft.grpc.admin.host = null (fallback to raft.grpc.server.host)
2023-12-13 16:20:54,579 [s4-groupManagement] INFO  server.RaftServerConfigKeys (ConfUtils.java:logGet(46)) - raft.server.retrycache.expirytime = 60s (default)
2023-12-13 16:20:54,579 [Time-limited test] INFO  grpc.GrpcConfigKeys (ConfUtils.java:logFallback(53)) - raft.grpc.admin.port = 39205 (fallback to raft.grpc.server.port)
2023-12-13 16:20:54,579 [s4-groupManagement] INFO  server.RaftServerConfigKeys (ConfUtils.java:logGet(46)) - raft.server.retrycache.statistics.expirytime = 100ms (default)
2023-12-13 16:20:54,579 [Time-limited test] INFO  grpc.GrpcConfigKeys (ConfUtils.java:logFallback(53)) - raft.grpc.client.host = null (fallback to raft.grpc.server.host)
2023-12-13 16:20:54,579 [s4-groupManagement] INFO  server.RaftServerConfigKeys (ConfUtils.java:logGet(46)) - raft.server.read.option = DEFAULT (default)
2023-12-13 16:20:54,579 [Time-limited test] INFO  grpc.GrpcConfigKeys (ConfUtils.java:logFallback(53)) - raft.grpc.client.port = 39205 (fallback to raft.grpc.server.port)
2023-12-13 16:20:54,579 [s4-groupManagement] INFO  server.RaftServerConfigKeys (ConfUtils.java:logGet(46)) - raft.server.read.read-after-write-consistent.write-index-cache.expiry-time = 60s (default)
2023-12-13 16:20:54,579 [Time-limited test] INFO  grpc.GrpcConfigKeys (ConfUtils.java:logGet(46)) - raft.grpc.server.host = null (default)
2023-12-13 16:20:54,579 [Time-limited test] INFO  grpc.GrpcConfigKeys (ConfUtils.java:logGet(46)) - raft.grpc.server.port = 39205 (custom)
2023-12-13 16:20:54,579 [Time-limited test] INFO  server.GrpcService (ConfUtils.java:logGet(46)) - raft.grpc.message.size.max = 64MB (=67108864) (default)
2023-12-13 16:20:54,579 [Time-limited test] INFO  server.RaftServerConfigKeys (ConfUtils.java:logGet(46)) - raft.server.log.appender.buffer.byte-limit = 4MB (=4194304) (default)
2023-12-13 16:20:54,579 [Time-limited test] INFO  server.GrpcService (ConfUtils.java:logGet(46)) - raft.grpc.flow.control.window = 1MB (=1048576) (default)
2023-12-13 16:20:54,579 [s4-groupManagement] INFO  server.RaftServerConfigKeys (ConfUtils.java:logGet(46)) - raft.server.rpc.request.timeout = 3000ms (default)
2023-12-13 16:20:54,579 [Time-limited test] INFO  server.RaftServerConfigKeys (ConfUtils.java:logGet(46)) - raft.server.rpc.request.timeout = 3000ms (default)
2023-12-13 16:20:54,579 [s4-groupManagement] INFO  server.RaftServerConfigKeys (ConfUtils.java:logGet(46)) - raft.server.log.appender.install.snapshot.enabled = true (default)
2023-12-13 16:20:54,579 [Time-limited test] INFO  grpc.GrpcConfigKeys (ConfUtils.java:logGet(46)) - raft.grpc.server.heartbeat.channel = true (default)
2023-12-13 16:20:54,579 [s4-groupManagement] INFO  server.RaftServerConfigKeys (ConfUtils.java:logGet(46)) - raft.server.threadpool.server.cached = true (default)
2023-12-13 16:20:54,579 [Time-limited test] INFO  grpc.GrpcConfigKeys (ConfUtils.java:logGet(46)) - raft.grpc.server.async.request.thread.pool.cached = true (default)
2023-12-13 16:20:54,579 [s4-groupManagement] INFO  server.RaftServerConfigKeys (ConfUtils.java:logGet(46)) - raft.server.threadpool.server.size = 0 (default)
2023-12-13 16:20:54,579 [Time-limited test] INFO  grpc.GrpcConfigKeys (ConfUtils.java:logGet(46)) - raft.grpc.server.async.request.thread.pool.size = 32 (default)
2023-12-13 16:20:54,579 [s4-groupManagement] INFO  server.RaftServerConfigKeys (ConfUtils.java:logGet(46)) - raft.server.threadpool.client.cached = true (default)
2023-12-13 16:20:54,579 [s4-groupManagement] INFO  server.RaftServerConfigKeys (ConfUtils.java:logGet(46)) - raft.server.threadpool.client.size = 0 (default)
2023-12-13 16:20:54,580 [Time-limited test] INFO  impl.DataStreamServerImpl (ConfUtils.java:logGet(46)) - raft.datastream.type = DISABLED (default)
2023-12-13 16:20:54,580 [Time-limited test] INFO  server.RaftServerConfigKeys (ConfUtils.java:logGet(46)) - raft.server.sleep.deviation.threshold = 300ms (default)
2023-12-13 16:20:54,580 [Time-limited test] INFO  server.RaftServerConfigKeys (ConfUtils.java:logGet(46)) - raft.server.close.threshold = 60s (default)
2023-12-13 16:20:54,580 [Time-limited test] INFO  server.RaftServerConfigKeys (ConfUtils.java:logGet(46)) - raft.server.leaderelection.leader.step-down.wait-time = 10s (default)
2023-12-13 16:20:54,580 [Time-limited test] INFO  server.RaftServerConfigKeys (ConfUtils.java:logGet(46)) - raft.server.storage.dir = [/home/runner/work/ratis/ratis/ratis-test/target/test/data/1e4ee837/MiniRaftClusterWithGrpc24096a27/s5] (custom)
2023-12-13 16:20:54,580 [Time-limited test] INFO  server.RaftServerConfigKeys (ConfUtils.java:logGet(46)) - raft.server.threadpool.proxy.cached = true (default)
2023-12-13 16:20:54,580 [Time-limited test] INFO  server.RaftServerConfigKeys (ConfUtils.java:logGet(46)) - raft.server.threadpool.proxy.size = 0 (default)
2023-12-13 16:20:54,581 [Time-limited test] INFO  server.RaftServer (RaftServerProxy.java:addNew(100)) - s5: addNew group-215AF6FE8C9E:[] returns group-215AF6FE8C9E:java.util.concurrent.CompletableFuture@2a3ccd81[Not completed]
2023-12-13 16:20:54,581 [s5-groupManagement] INFO  server.RaftServer$Division (RaftServerImpl.java:<init>(256)) - s5: new RaftServerImpl for group-215AF6FE8C9E:[] with BaseStateMachine:uninitialized
2023-12-13 16:20:54,581 [Time-limited test] INFO  impl.MiniRaftCluster (MiniRaftCluster.java:newRaftServer(382)) - newRaftServer: s6, group-215AF6FE8C9E:[], format? true
2023-12-13 16:20:54,581 [Time-limited test] TRACE util.FileUtils (FileUtils.java:deleteFully(305)) - deleteFully target/test/data/1e4ee837/MiniRaftClusterWithGrpc24096a27/s6
2023-12-13 16:20:54,581 [Time-limited test] TRACE util.FileUtils (FileUtils.java:deleteFully(318)) - deleteFully: target/test/data/1e4ee837/MiniRaftClusterWithGrpc24096a27/s6 does not exist.
2023-12-13 16:20:54,582 [Time-limited test] INFO  impl.MiniRaftCluster (MiniRaftCluster.java:newRaftServer(387)) - Formatted directory target/test/data/1e4ee837/MiniRaftClusterWithGrpc24096a27/s6
2023-12-13 16:20:54,582 [Time-limited test] DEBUG server.RaftServer (ServerImplUtils.java:newRaftServer(51)) - newRaftServer: s6, group-215AF6FE8C9E:[]
2023-12-13 16:20:54,582 [Time-limited test] INFO  server.RaftServer (ConfUtils.java:logGet(46)) - raft.rpc.type = GRPC (default)
2023-12-13 16:20:54,583 [Time-limited test] INFO  grpc.GrpcConfigKeys (ConfUtils.java:logFallback(53)) - raft.grpc.admin.host = null (fallback to raft.grpc.server.host)
2023-12-13 16:20:54,583 [Time-limited test] INFO  grpc.GrpcConfigKeys (ConfUtils.java:logFallback(53)) - raft.grpc.admin.port = 33523 (fallback to raft.grpc.server.port)
2023-12-13 16:20:54,583 [Time-limited test] INFO  grpc.GrpcConfigKeys (ConfUtils.java:logFallback(53)) - raft.grpc.client.host = null (fallback to raft.grpc.server.host)
2023-12-13 16:20:54,583 [Time-limited test] INFO  grpc.GrpcConfigKeys (ConfUtils.java:logFallback(53)) - raft.grpc.client.port = 33523 (fallback to raft.grpc.server.port)
2023-12-13 16:20:54,583 [Time-limited test] INFO  grpc.GrpcConfigKeys (ConfUtils.java:logGet(46)) - raft.grpc.server.host = null (default)
2023-12-13 16:20:54,583 [Time-limited test] INFO  grpc.GrpcConfigKeys (ConfUtils.java:logGet(46)) - raft.grpc.server.port = 33523 (custom)
2023-12-13 16:20:54,583 [Time-limited test] INFO  server.GrpcService (ConfUtils.java:logGet(46)) - raft.grpc.message.size.max = 64MB (=67108864) (default)
2023-12-13 16:20:54,583 [Time-limited test] INFO  server.RaftServerConfigKeys (ConfUtils.java:logGet(46)) - raft.server.log.appender.buffer.byte-limit = 4MB (=4194304) (default)
2023-12-13 16:20:54,583 [Time-limited test] INFO  server.GrpcService (ConfUtils.java:logGet(46)) - raft.grpc.flow.control.window = 1MB (=1048576) (default)
2023-12-13 16:20:54,583 [Time-limited test] INFO  server.RaftServerConfigKeys (ConfUtils.java:logGet(46)) - raft.server.rpc.request.timeout = 3000ms (default)
2023-12-13 16:20:54,583 [Time-limited test] INFO  grpc.GrpcConfigKeys (ConfUtils.java:logGet(46)) - raft.grpc.server.heartbeat.channel = true (default)
2023-12-13 16:20:54,583 [Time-limited test] INFO  grpc.GrpcConfigKeys (ConfUtils.java:logGet(46)) - raft.grpc.server.async.request.thread.pool.cached = true (default)
2023-12-13 16:20:54,583 [Time-limited test] INFO  grpc.GrpcConfigKeys (ConfUtils.java:logGet(46)) - raft.grpc.server.async.request.thread.pool.size = 32 (default)
2023-12-13 16:20:54,584 [Time-limited test] INFO  impl.DataStreamServerImpl (ConfUtils.java:logGet(46)) - raft.datastream.type = DISABLED (default)
2023-12-13 16:20:54,584 [Time-limited test] INFO  server.RaftServerConfigKeys (ConfUtils.java:logGet(46)) - raft.server.sleep.deviation.threshold = 300ms (default)
2023-12-13 16:20:54,584 [Time-limited test] INFO  server.RaftServerConfigKeys (ConfUtils.java:logGet(46)) - raft.server.close.threshold = 60s (default)
2023-12-13 16:20:54,584 [Time-limited test] INFO  server.RaftServerConfigKeys (ConfUtils.java:logGet(46)) - raft.server.leaderelection.leader.step-down.wait-time = 10s (default)
2023-12-13 16:20:54,584 [Time-limited test] INFO  server.RaftServerConfigKeys (ConfUtils.java:logGet(46)) - raft.server.storage.dir = [/home/runner/work/ratis/ratis/ratis-test/target/test/data/1e4ee837/MiniRaftClusterWithGrpc24096a27/s6] (custom)
2023-12-13 16:20:54,584 [Time-limited test] INFO  server.RaftServerConfigKeys (ConfUtils.java:logGet(46)) - raft.server.threadpool.proxy.cached = true (default)
2023-12-13 16:20:54,584 [Time-limited test] INFO  server.RaftServerConfigKeys (ConfUtils.java:logGet(46)) - raft.server.threadpool.proxy.size = 0 (default)
2023-12-13 16:20:54,585 [Time-limited test] INFO  server.RaftServer (RaftServerProxy.java:addNew(100)) - s6: addNew group-215AF6FE8C9E:[] returns group-215AF6FE8C9E:java.util.concurrent.CompletableFuture@7398ed63[Not completed]
2023-12-13 16:20:54,585 [Time-limited test] INFO  impl.MiniRaftCluster (MiniRaftCluster.java:newRaftServer(382)) - newRaftServer: s7, group-215AF6FE8C9E:[], format? true
2023-12-13 16:20:54,585 [Time-limited test] TRACE util.FileUtils (FileUtils.java:deleteFully(305)) - deleteFully target/test/data/1e4ee837/MiniRaftClusterWithGrpc24096a27/s7
2023-12-13 16:20:54,585 [Time-limited test] TRACE util.FileUtils (FileUtils.java:deleteFully(318)) - deleteFully: target/test/data/1e4ee837/MiniRaftClusterWithGrpc24096a27/s7 does not exist.
2023-12-13 16:20:54,585 [Time-limited test] INFO  impl.MiniRaftCluster (MiniRaftCluster.java:newRaftServer(387)) - Formatted directory target/test/data/1e4ee837/MiniRaftClusterWithGrpc24096a27/s7
2023-12-13 16:20:54,585 [Time-limited test] DEBUG server.RaftServer (ServerImplUtils.java:newRaftServer(51)) - newRaftServer: s7, group-215AF6FE8C9E:[]
2023-12-13 16:20:54,585 [Time-limited test] INFO  server.RaftServer (ConfUtils.java:logGet(46)) - raft.rpc.type = GRPC (default)
2023-12-13 16:20:54,585 [Time-limited test] INFO  grpc.GrpcConfigKeys (ConfUtils.java:logFallback(53)) - raft.grpc.admin.host = null (fallback to raft.grpc.server.host)
2023-12-13 16:20:54,585 [Time-limited test] INFO  grpc.GrpcConfigKeys (ConfUtils.java:logFallback(53)) - raft.grpc.admin.port = 33769 (fallback to raft.grpc.server.port)
2023-12-13 16:20:54,585 [Time-limited test] INFO  grpc.GrpcConfigKeys (ConfUtils.java:logFallback(53)) - raft.grpc.client.host = null (fallback to raft.grpc.server.host)
2023-12-13 16:20:54,585 [Time-limited test] INFO  grpc.GrpcConfigKeys (ConfUtils.java:logFallback(53)) - raft.grpc.client.port = 33769 (fallback to raft.grpc.server.port)
2023-12-13 16:20:54,585 [Time-limited test] INFO  grpc.GrpcConfigKeys (ConfUtils.java:logGet(46)) - raft.grpc.server.host = null (default)
2023-12-13 16:20:54,585 [Time-limited test] INFO  grpc.GrpcConfigKeys (ConfUtils.java:logGet(46)) - raft.grpc.server.port = 33769 (custom)
2023-12-13 16:20:54,585 [Time-limited test] INFO  server.GrpcService (ConfUtils.java:logGet(46)) - raft.grpc.message.size.max = 64MB (=67108864) (default)
2023-12-13 16:20:54,585 [Time-limited test] INFO  server.RaftServerConfigKeys (ConfUtils.java:logGet(46)) - raft.server.log.appender.buffer.byte-limit = 4MB (=4194304) (default)
2023-12-13 16:20:54,585 [Time-limited test] INFO  server.GrpcService (ConfUtils.java:logGet(46)) - raft.grpc.flow.control.window = 1MB (=1048576) (default)
2023-12-13 16:20:54,586 [Time-limited test] INFO  server.RaftServerConfigKeys (ConfUtils.java:logGet(46)) - raft.server.rpc.request.timeout = 3000ms (default)
2023-12-13 16:20:54,586 [Time-limited test] INFO  grpc.GrpcConfigKeys (ConfUtils.java:logGet(46)) - raft.grpc.server.heartbeat.channel = true (default)
2023-12-13 16:20:54,586 [Time-limited test] INFO  grpc.GrpcConfigKeys (ConfUtils.java:logGet(46)) - raft.grpc.server.async.request.thread.pool.cached = true (default)
2023-12-13 16:20:54,586 [Time-limited test] INFO  grpc.GrpcConfigKeys (ConfUtils.java:logGet(46)) - raft.grpc.server.async.request.thread.pool.size = 32 (default)
2023-12-13 16:20:54,586 [Time-limited test] INFO  impl.DataStreamServerImpl (ConfUtils.java:logGet(46)) - raft.datastream.type = DISABLED (default)
2023-12-13 16:20:54,586 [Time-limited test] INFO  server.RaftServerConfigKeys (ConfUtils.java:logGet(46)) - raft.server.sleep.deviation.threshold = 300ms (default)
2023-12-13 16:20:54,581 [s5-groupManagement] INFO  server.RaftServerConfigKeys (ConfUtils.java:logGet(46)) - raft.server.rpc.timeout.min = 1500ms (custom)
2023-12-13 16:20:54,586 [Time-limited test] INFO  server.RaftServerConfigKeys (ConfUtils.java:logGet(46)) - raft.server.close.threshold = 60s (default)
2023-12-13 16:20:54,586 [s5-groupManagement] INFO  server.RaftServerConfigKeys (ConfUtils.java:logGet(46)) - raft.server.rpc.timeout.max = 2000ms (custom)
2023-12-13 16:20:54,586 [Time-limited test] INFO  server.RaftServerConfigKeys (ConfUtils.java:logGet(46)) - raft.server.leaderelection.leader.step-down.wait-time = 10s (default)
2023-12-13 16:20:54,586 [s5-groupManagement] INFO  server.RaftServerConfigKeys (ConfUtils.java:logGet(46)) - raft.server.rpc.sleep.time = 25ms (default)
2023-12-13 16:20:54,586 [s5-groupManagement] INFO  server.RaftServerConfigKeys (ConfUtils.java:logGet(46)) - raft.server.rpc.slowness.timeout = 60s (default)
2023-12-13 16:20:54,587 [s5-groupManagement] INFO  server.RaftServerConfigKeys (ConfUtils.java:logGet(46)) - raft.server.leaderelection.leader.step-down.wait-time = 10s (default)
2023-12-13 16:20:54,587 [Time-limited test] INFO  server.RaftServerConfigKeys (ConfUtils.java:logGet(46)) - raft.server.storage.dir = [/home/runner/work/ratis/ratis/ratis-test/target/test/data/1e4ee837/MiniRaftClusterWithGrpc24096a27/s7] (custom)
2023-12-13 16:20:54,587 [s5-groupManagement] INFO  server.RaftServerConfigKeys (ConfUtils.java:logGet(46)) - raft.server.leaderelection.member.majority-add = false (default)
2023-12-13 16:20:54,587 [Time-limited test] INFO  server.RaftServerConfigKeys (ConfUtils.java:logGet(46)) - raft.server.threadpool.proxy.cached = true (default)
2023-12-13 16:20:54,587 [s5-groupManagement] INFO  server.RaftServerConfigKeys (ConfUtils.java:logGet(46)) - raft.server.sleep.deviation.threshold = 300ms (default)
2023-12-13 16:20:54,587 [Time-limited test] INFO  server.RaftServerConfigKeys (ConfUtils.java:logGet(46)) - raft.server.threadpool.proxy.size = 0 (default)
2023-12-13 16:20:54,587 [s5-groupManagement] INFO  server.RaftServer$Division (ServerState.java:<init>(113)) - s5@group-215AF6FE8C9E: ConfigurationManager, init=-1: peers:[]|listeners:[], old=null, confs=<EMPTY_MAP>
2023-12-13 16:20:54,587 [s5-groupManagement] INFO  server.RaftServerConfigKeys (ConfUtils.java:logGet(46)) - raft.server.notification.no-leader.timeout = 60s (default)
2023-12-13 16:20:54,587 [s5-groupManagement] INFO  server.RaftServerConfigKeys (ConfUtils.java:logGet(46)) - raft.server.read.timeout = 10s (default)
2023-12-13 16:20:54,587 [s5-groupManagement] INFO  server.RaftServerConfigKeys (ConfUtils.java:logGet(46)) - raft.server.retrycache.expirytime = 60s (default)
2023-12-13 16:20:54,587 [s5-groupManagement] INFO  server.RaftServerConfigKeys (ConfUtils.java:logGet(46)) - raft.server.retrycache.statistics.expirytime = 100ms (default)
2023-12-13 16:20:54,587 [s5-groupManagement] INFO  server.RaftServerConfigKeys (ConfUtils.java:logGet(46)) - raft.server.read.option = DEFAULT (default)
2023-12-13 16:20:54,587 [s5-groupManagement] INFO  server.RaftServerConfigKeys (ConfUtils.java:logGet(46)) - raft.server.read.read-after-write-consistent.write-index-cache.expiry-time = 60s (default)
2023-12-13 16:20:54,587 [s6-groupManagement] INFO  server.RaftServer$Division (RaftServerImpl.java:<init>(256)) - s6: new RaftServerImpl for group-215AF6FE8C9E:[] with BaseStateMachine:uninitialized
2023-12-13 16:20:54,588 [s5-groupManagement] INFO  server.RaftServerConfigKeys (ConfUtils.java:logGet(46)) - raft.server.rpc.request.timeout = 3000ms (default)
2023-12-13 16:20:54,588 [s5-groupManagement] INFO  server.RaftServerConfigKeys (ConfUtils.java:logGet(46)) - raft.server.log.appender.install.snapshot.enabled = true (default)
2023-12-13 16:20:54,588 [s5-groupManagement] INFO  server.RaftServerConfigKeys (ConfUtils.java:logGet(46)) - raft.server.threadpool.server.cached = true (default)
2023-12-13 16:20:54,588 [s5-groupManagement] INFO  server.RaftServerConfigKeys (ConfUtils.java:logGet(46)) - raft.server.threadpool.server.size = 0 (default)
2023-12-13 16:20:54,588 [s5-groupManagement] INFO  server.RaftServerConfigKeys (ConfUtils.java:logGet(46)) - raft.server.threadpool.client.cached = true (default)
2023-12-13 16:20:54,588 [s5-groupManagement] INFO  server.RaftServerConfigKeys (ConfUtils.java:logGet(46)) - raft.server.threadpool.client.size = 0 (default)
2023-12-13 16:20:54,588 [s6-groupManagement] INFO  server.RaftServerConfigKeys (ConfUtils.java:logGet(46)) - raft.server.rpc.timeout.min = 1500ms (custom)
2023-12-13 16:20:54,588 [s6-groupManagement] INFO  server.RaftServerConfigKeys (ConfUtils.java:logGet(46)) - raft.server.rpc.timeout.max = 2000ms (custom)
2023-12-13 16:20:54,588 [s6-groupManagement] INFO  server.RaftServerConfigKeys (ConfUtils.java:logGet(46)) - raft.server.rpc.sleep.time = 25ms (default)
2023-12-13 16:20:54,588 [s6-groupManagement] INFO  server.RaftServerConfigKeys (ConfUtils.java:logGet(46)) - raft.server.rpc.slowness.timeout = 60s (default)
2023-12-13 16:20:54,588 [s6-groupManagement] INFO  server.RaftServerConfigKeys (ConfUtils.java:logGet(46)) - raft.server.leaderelection.leader.step-down.wait-time = 10s (default)
2023-12-13 16:20:54,588 [s6-groupManagement] INFO  server.RaftServerConfigKeys (ConfUtils.java:logGet(46)) - raft.server.leaderelection.member.majority-add = false (default)
2023-12-13 16:20:54,588 [s6-groupManagement] INFO  server.RaftServerConfigKeys (ConfUtils.java:logGet(46)) - raft.server.sleep.deviation.threshold = 300ms (default)
2023-12-13 16:20:54,588 [s6-groupManagement] INFO  server.RaftServer$Division (ServerState.java:<init>(113)) - s6@group-215AF6FE8C9E: ConfigurationManager, init=-1: peers:[]|listeners:[], old=null, confs=<EMPTY_MAP>
2023-12-13 16:20:54,588 [s6-groupManagement] INFO  server.RaftServerConfigKeys (ConfUtils.java:logGet(46)) - raft.server.notification.no-leader.timeout = 60s (default)
2023-12-13 16:20:54,588 [s6-groupManagement] INFO  server.RaftServerConfigKeys (ConfUtils.java:logGet(46)) - raft.server.read.timeout = 10s (default)
2023-12-13 16:20:54,588 [s6-groupManagement] INFO  server.RaftServerConfigKeys (ConfUtils.java:logGet(46)) - raft.server.retrycache.expirytime = 60s (default)
2023-12-13 16:20:54,588 [s6-groupManagement] INFO  server.RaftServerConfigKeys (ConfUtils.java:logGet(46)) - raft.server.retrycache.statistics.expirytime = 100ms (default)
2023-12-13 16:20:54,588 [s6-groupManagement] INFO  server.RaftServerConfigKeys (ConfUtils.java:logGet(46)) - raft.server.read.option = DEFAULT (default)
2023-12-13 16:20:54,588 [s6-groupManagement] INFO  server.RaftServerConfigKeys (ConfUtils.java:logGet(46)) - raft.server.read.read-after-write-consistent.write-index-cache.expiry-time = 60s (default)
2023-12-13 16:20:54,589 [s6-groupManagement] INFO  server.RaftServerConfigKeys (ConfUtils.java:logGet(46)) - raft.server.rpc.request.timeout = 3000ms (default)
2023-12-13 16:20:54,589 [s6-groupManagement] INFO  server.RaftServerConfigKeys (ConfUtils.java:logGet(46)) - raft.server.log.appender.install.snapshot.enabled = true (default)
2023-12-13 16:20:54,589 [s6-groupManagement] INFO  server.RaftServerConfigKeys (ConfUtils.java:logGet(46)) - raft.server.threadpool.server.cached = true (default)
2023-12-13 16:20:54,589 [s6-groupManagement] INFO  server.RaftServerConfigKeys (ConfUtils.java:logGet(46)) - raft.server.threadpool.server.size = 0 (default)
2023-12-13 16:20:54,589 [s6-groupManagement] INFO  server.RaftServerConfigKeys (ConfUtils.java:logGet(46)) - raft.server.threadpool.client.cached = true (default)
2023-12-13 16:20:54,589 [s6-groupManagement] INFO  server.RaftServerConfigKeys (ConfUtils.java:logGet(46)) - raft.server.threadpool.client.size = 0 (default)
2023-12-13 16:20:54,589 [Time-limited test] INFO  server.RaftServer (RaftServerProxy.java:addNew(100)) - s7: addNew group-215AF6FE8C9E:[] returns group-215AF6FE8C9E:java.util.concurrent.CompletableFuture@1eaa754a[Not completed]
2023-12-13 16:20:54,589 [s7-groupManagement] INFO  server.RaftServer$Division (RaftServerImpl.java:<init>(256)) - s7: new RaftServerImpl for group-215AF6FE8C9E:[] with BaseStateMachine:uninitialized
2023-12-13 16:20:54,590 [Time-limited test] INFO  impl.MiniRaftCluster (MiniRaftCluster.java:newRaftServer(382)) - newRaftServer: s8, group-215AF6FE8C9E:[], format? true
2023-12-13 16:20:54,590 [s7-groupManagement] INFO  server.RaftServerConfigKeys (ConfUtils.java:logGet(46)) - raft.server.rpc.timeout.min = 1500ms (custom)
2023-12-13 16:20:54,590 [Time-limited test] TRACE util.FileUtils (FileUtils.java:deleteFully(305)) - deleteFully target/test/data/1e4ee837/MiniRaftClusterWithGrpc24096a27/s8
2023-12-13 16:20:54,590 [s7-groupManagement] INFO  server.RaftServerConfigKeys (ConfUtils.java:logGet(46)) - raft.server.rpc.timeout.max = 2000ms (custom)
2023-12-13 16:20:54,590 [s7-groupManagement] INFO  server.RaftServerConfigKeys (ConfUtils.java:logGet(46)) - raft.server.rpc.sleep.time = 25ms (default)
2023-12-13 16:20:54,590 [Time-limited test] TRACE util.FileUtils (FileUtils.java:deleteFully(318)) - deleteFully: target/test/data/1e4ee837/MiniRaftClusterWithGrpc24096a27/s8 does not exist.
2023-12-13 16:20:54,590 [Time-limited test] INFO  impl.MiniRaftCluster (MiniRaftCluster.java:newRaftServer(387)) - Formatted directory target/test/data/1e4ee837/MiniRaftClusterWithGrpc24096a27/s8
2023-12-13 16:20:54,590 [s7-groupManagement] INFO  server.RaftServerConfigKeys (ConfUtils.java:logGet(46)) - raft.server.rpc.slowness.timeout = 60s (default)
2023-12-13 16:20:54,590 [s7-groupManagement] INFO  server.RaftServerConfigKeys (ConfUtils.java:logGet(46)) - raft.server.leaderelection.leader.step-down.wait-time = 10s (default)
2023-12-13 16:20:54,590 [s7-groupManagement] INFO  server.RaftServerConfigKeys (ConfUtils.java:logGet(46)) - raft.server.leaderelection.member.majority-add = false (default)
2023-12-13 16:20:54,590 [s7-groupManagement] INFO  server.RaftServerConfigKeys (ConfUtils.java:logGet(46)) - raft.server.sleep.deviation.threshold = 300ms (default)
2023-12-13 16:20:54,590 [Time-limited test] DEBUG server.RaftServer (ServerImplUtils.java:newRaftServer(51)) - newRaftServer: s8, group-215AF6FE8C9E:[]
2023-12-13 16:20:54,590 [s7-groupManagement] INFO  server.RaftServer$Division (ServerState.java:<init>(113)) - s7@group-215AF6FE8C9E: ConfigurationManager, init=-1: peers:[]|listeners:[], old=null, confs=<EMPTY_MAP>
2023-12-13 16:20:54,590 [Time-limited test] INFO  server.RaftServer (ConfUtils.java:logGet(46)) - raft.rpc.type = GRPC (default)
2023-12-13 16:20:54,590 [s7-groupManagement] INFO  server.RaftServerConfigKeys (ConfUtils.java:logGet(46)) - raft.server.notification.no-leader.timeout = 60s (default)
2023-12-13 16:20:54,590 [s7-groupManagement] INFO  server.RaftServerConfigKeys (ConfUtils.java:logGet(46)) - raft.server.read.timeout = 10s (default)
2023-12-13 16:20:54,590 [Time-limited test] INFO  grpc.GrpcConfigKeys (ConfUtils.java:logFallback(53)) - raft.grpc.admin.host = null (fallback to raft.grpc.server.host)
2023-12-13 16:20:54,590 [s7-groupManagement] INFO  server.RaftServerConfigKeys (ConfUtils.java:logGet(46)) - raft.server.retrycache.expirytime = 60s (default)
2023-12-13 16:20:54,590 [Time-limited test] INFO  grpc.GrpcConfigKeys (ConfUtils.java:logFallback(53)) - raft.grpc.admin.port = 44341 (fallback to raft.grpc.server.port)
2023-12-13 16:20:54,590 [s7-groupManagement] INFO  server.RaftServerConfigKeys (ConfUtils.java:logGet(46)) - raft.server.retrycache.statistics.expirytime = 100ms (default)
2023-12-13 16:20:54,590 [Time-limited test] INFO  grpc.GrpcConfigKeys (ConfUtils.java:logFallback(53)) - raft.grpc.client.host = null (fallback to raft.grpc.server.host)
2023-12-13 16:20:54,590 [s7-groupManagement] INFO  server.RaftServerConfigKeys (ConfUtils.java:logGet(46)) - raft.server.read.option = DEFAULT (default)
2023-12-13 16:20:54,590 [Time-limited test] INFO  grpc.GrpcConfigKeys (ConfUtils.java:logFallback(53)) - raft.grpc.client.port = 44341 (fallback to raft.grpc.server.port)
2023-12-13 16:20:54,590 [s7-groupManagement] INFO  server.RaftServerConfigKeys (ConfUtils.java:logGet(46)) - raft.server.read.read-after-write-consistent.write-index-cache.expiry-time = 60s (default)
2023-12-13 16:20:54,590 [Time-limited test] INFO  grpc.GrpcConfigKeys (ConfUtils.java:logGet(46)) - raft.grpc.server.host = null (default)
2023-12-13 16:20:54,590 [Time-limited test] INFO  grpc.GrpcConfigKeys (ConfUtils.java:logGet(46)) - raft.grpc.server.port = 44341 (custom)
2023-12-13 16:20:54,590 [Time-limited test] INFO  server.GrpcService (ConfUtils.java:logGet(46)) - raft.grpc.message.size.max = 64MB (=67108864) (default)
2023-12-13 16:20:54,590 [Time-limited test] INFO  server.RaftServerConfigKeys (ConfUtils.java:logGet(46)) - raft.server.log.appender.buffer.byte-limit = 4MB (=4194304) (default)
2023-12-13 16:20:54,591 [Time-limited test] INFO  server.GrpcService (ConfUtils.java:logGet(46)) - raft.grpc.flow.control.window = 1MB (=1048576) (default)
2023-12-13 16:20:54,591 [Time-limited test] INFO  server.RaftServerConfigKeys (ConfUtils.java:logGet(46)) - raft.server.rpc.request.timeout = 3000ms (default)
2023-12-13 16:20:54,591 [Time-limited test] INFO  grpc.GrpcConfigKeys (ConfUtils.java:logGet(46)) - raft.grpc.server.heartbeat.channel = true (default)
2023-12-13 16:20:54,591 [Time-limited test] INFO  grpc.GrpcConfigKeys (ConfUtils.java:logGet(46)) - raft.grpc.server.async.request.thread.pool.cached = true (default)
2023-12-13 16:20:54,591 [Time-limited test] INFO  grpc.GrpcConfigKeys (ConfUtils.java:logGet(46)) - raft.grpc.server.async.request.thread.pool.size = 32 (default)
2023-12-13 16:20:54,591 [s7-groupManagement] INFO  server.RaftServerConfigKeys (ConfUtils.java:logGet(46)) - raft.server.rpc.request.timeout = 3000ms (default)
2023-12-13 16:20:54,591 [s7-groupManagement] INFO  server.RaftServerConfigKeys (ConfUtils.java:logGet(46)) - raft.server.log.appender.install.snapshot.enabled = true (default)
2023-12-13 16:20:54,591 [s7-groupManagement] INFO  server.RaftServerConfigKeys (ConfUtils.java:logGet(46)) - raft.server.threadpool.server.cached = true (default)
2023-12-13 16:20:54,591 [s7-groupManagement] INFO  server.RaftServerConfigKeys (ConfUtils.java:logGet(46)) - raft.server.threadpool.server.size = 0 (default)
2023-12-13 16:20:54,591 [s7-groupManagement] INFO  server.RaftServerConfigKeys (ConfUtils.java:logGet(46)) - raft.server.threadpool.client.cached = true (default)
2023-12-13 16:20:54,591 [Time-limited test] INFO  impl.DataStreamServerImpl (ConfUtils.java:logGet(46)) - raft.datastream.type = DISABLED (default)
2023-12-13 16:20:54,591 [s7-groupManagement] INFO  server.RaftServerConfigKeys (ConfUtils.java:logGet(46)) - raft.server.threadpool.client.size = 0 (default)
2023-12-13 16:20:54,591 [Time-limited test] INFO  server.RaftServerConfigKeys (ConfUtils.java:logGet(46)) - raft.server.sleep.deviation.threshold = 300ms (default)
2023-12-13 16:20:54,591 [Time-limited test] INFO  server.RaftServerConfigKeys (ConfUtils.java:logGet(46)) - raft.server.close.threshold = 60s (default)
2023-12-13 16:20:54,591 [Time-limited test] INFO  server.RaftServerConfigKeys (ConfUtils.java:logGet(46)) - raft.server.leaderelection.leader.step-down.wait-time = 10s (default)
2023-12-13 16:20:54,591 [Time-limited test] INFO  server.RaftServerConfigKeys (ConfUtils.java:logGet(46)) - raft.server.storage.dir = [/home/runner/work/ratis/ratis/ratis-test/target/test/data/1e4ee837/MiniRaftClusterWithGrpc24096a27/s8] (custom)
2023-12-13 16:20:54,592 [Time-limited test] INFO  server.RaftServerConfigKeys (ConfUtils.java:logGet(46)) - raft.server.threadpool.proxy.cached = true (default)
2023-12-13 16:20:54,592 [Time-limited test] INFO  server.RaftServerConfigKeys (ConfUtils.java:logGet(46)) - raft.server.threadpool.proxy.size = 0 (default)
2023-12-13 16:20:54,594 [Time-limited test] INFO  server.RaftServer (RaftServerProxy.java:addNew(100)) - s8: addNew group-215AF6FE8C9E:[] returns group-215AF6FE8C9E:java.util.concurrent.CompletableFuture@b361669[Not completed]
2023-12-13 16:20:54,595 [Time-limited test] INFO  impl.GroupManagementBaseTest (GroupManagementBaseTest.java:runMultiGroupTest(260)) - putNewServer: printing ALL groups
  s3:      NEW      null s3@group-215AF6FE8C9E:t0, leader=null, voted=null, raftlog=UNINITIALIZED, conf=-1: peers:[]|listeners:[], old=null NEW
  s4:      NEW      null s4@group-215AF6FE8C9E:t0, leader=null, voted=null, raftlog=UNINITIALIZED, conf=-1: peers:[]|listeners:[], old=null NEW
  s5:      NEW      null s5@group-215AF6FE8C9E:t0, leader=null, voted=null, raftlog=UNINITIALIZED, conf=-1: peers:[]|listeners:[], old=null NEW
  s6:      NEW      null s6@group-215AF6FE8C9E:t0, leader=null, voted=null, raftlog=UNINITIALIZED, conf=-1: peers:[]|listeners:[], old=null NEW
  s7:      NEW      null s7@group-215AF6FE8C9E:t0, leader=null, voted=null, raftlog=UNINITIALIZED, conf=-1: peers:[]|listeners:[], old=null NEW
  s8:      NEW group-215AF6FE8C9E:java.util.concurrent.CompletableFuture@b361669[Not completed]
  s0:      NEW      null s0@group-215AF6FE8C9E:t0, leader=null, voted=null, raftlog=UNINITIALIZED, conf=-1: peers:[]|listeners:[], old=null NEW
  s1:      NEW      null s1@group-215AF6FE8C9E:t0, leader=null, voted=null, raftlog=UNINITIALIZED, conf=-1: peers:[]|listeners:[], old=null NEW
  s2:      NEW      null s2@group-215AF6FE8C9E:t0, leader=null, voted=null, raftlog=UNINITIALIZED, conf=-1: peers:[]|listeners:[], old=null NEW
2023-12-13 16:20:54,595 [s8-groupManagement] INFO  server.RaftServer$Division (RaftServerImpl.java:<init>(256)) - s8: new RaftServerImpl for group-215AF6FE8C9E:[] with BaseStateMachine:uninitialized
2023-12-13 16:20:54,595 [s8-groupManagement] INFO  server.RaftServerConfigKeys (ConfUtils.java:logGet(46)) - raft.server.rpc.timeout.min = 1500ms (custom)
2023-12-13 16:20:54,595 [s8-groupManagement] INFO  server.RaftServerConfigKeys (ConfUtils.java:logGet(46)) - raft.server.rpc.timeout.max = 2000ms (custom)
2023-12-13 16:20:54,595 [s8-groupManagement] INFO  server.RaftServerConfigKeys (ConfUtils.java:logGet(46)) - raft.server.rpc.sleep.time = 25ms (default)
2023-12-13 16:20:54,595 [s8-groupManagement] INFO  server.RaftServerConfigKeys (ConfUtils.java:logGet(46)) - raft.server.rpc.slowness.timeout = 60s (default)
2023-12-13 16:20:54,595 [s8-groupManagement] INFO  server.RaftServerConfigKeys (ConfUtils.java:logGet(46)) - raft.server.leaderelection.leader.step-down.wait-time = 10s (default)
2023-12-13 16:20:54,595 [s8-groupManagement] INFO  server.RaftServerConfigKeys (ConfUtils.java:logGet(46)) - raft.server.leaderelection.member.majority-add = false (default)
2023-12-13 16:20:54,595 [s8-groupManagement] INFO  server.RaftServerConfigKeys (ConfUtils.java:logGet(46)) - raft.server.sleep.deviation.threshold = 300ms (default)
2023-12-13 16:20:54,595 [s8-groupManagement] INFO  server.RaftServer$Division (ServerState.java:<init>(113)) - s8@group-215AF6FE8C9E: ConfigurationManager, init=-1: peers:[]|listeners:[], old=null, confs=<EMPTY_MAP>
2023-12-13 16:20:54,595 [s8-groupManagement] INFO  server.RaftServerConfigKeys (ConfUtils.java:logGet(46)) - raft.server.notification.no-leader.timeout = 60s (default)
2023-12-13 16:20:54,595 [s8-groupManagement] INFO  server.RaftServerConfigKeys (ConfUtils.java:logGet(46)) - raft.server.read.timeout = 10s (default)
2023-12-13 16:20:54,595 [s8-groupManagement] INFO  server.RaftServerConfigKeys (ConfUtils.java:logGet(46)) - raft.server.retrycache.expirytime = 60s (default)
2023-12-13 16:20:54,595 [s8-groupManagement] INFO  server.RaftServerConfigKeys (ConfUtils.java:logGet(46)) - raft.server.retrycache.statistics.expirytime = 100ms (default)
2023-12-13 16:20:54,595 [s8-groupManagement] INFO  server.RaftServerConfigKeys (ConfUtils.java:logGet(46)) - raft.server.read.option = DEFAULT (default)
2023-12-13 16:20:54,595 [s8-groupManagement] INFO  server.RaftServerConfigKeys (ConfUtils.java:logGet(46)) - raft.server.read.read-after-write-consistent.write-index-cache.expiry-time = 60s (default)
2023-12-13 16:20:54,596 [s8-groupManagement] INFO  server.RaftServerConfigKeys (ConfUtils.java:logGet(46)) - raft.server.rpc.request.timeout = 3000ms (default)
2023-12-13 16:20:54,596 [s8-groupManagement] INFO  server.RaftServerConfigKeys (ConfUtils.java:logGet(46)) - raft.server.log.appender.install.snapshot.enabled = true (default)
2023-12-13 16:20:54,596 [s8-groupManagement] INFO  server.RaftServerConfigKeys (ConfUtils.java:logGet(46)) - raft.server.threadpool.server.cached = true (default)
2023-12-13 16:20:54,596 [s8-groupManagement] INFO  server.RaftServerConfigKeys (ConfUtils.java:logGet(46)) - raft.server.threadpool.server.size = 0 (default)
2023-12-13 16:20:54,596 [s8-groupManagement] INFO  server.RaftServerConfigKeys (ConfUtils.java:logGet(46)) - raft.server.threadpool.client.cached = true (default)
2023-12-13 16:20:54,596 [s8-groupManagement] INFO  server.RaftServerConfigKeys (ConfUtils.java:logGet(46)) - raft.server.threadpool.client.size = 0 (default)
2023-12-13 16:20:55,595 [Time-limited test] INFO  impl.MiniRaftCluster (MiniRaftCluster.java:start(339)) - .............................................................. 
2023-12-13 16:20:55,595 [Time-limited test] INFO  impl.MiniRaftCluster (MiniRaftCluster.java:start(340)) - ... 
2023-12-13 16:20:55,595 [Time-limited test] INFO  impl.MiniRaftCluster (MiniRaftCluster.java:start(341)) - ...     Starting MiniRaftClusterWithGrpc
2023-12-13 16:20:55,595 [Time-limited test] INFO  impl.MiniRaftCluster (MiniRaftCluster.java:start(342)) - ... 
2023-12-13 16:20:55,595 [Time-limited test] INFO  impl.MiniRaftCluster (MiniRaftCluster.java:start(343)) - .............................................................. 
2023-12-13 16:20:55,595 [Time-limited test] INFO  impl.MiniRaftCluster (MiniRaftCluster.java:initServers(318)) - servers = {s3=s3:      NEW      null s3@group-215AF6FE8C9E:t0, leader=null, voted=null, raftlog=UNINITIALIZED, conf=-1: peers:[]|listeners:[], old=null NEW, s4=s4:      NEW      null s4@group-215AF6FE8C9E:t0, leader=null, voted=null, raftlog=UNINITIALIZED, conf=-1: peers:[]|listeners:[], old=null NEW, s5=s5:      NEW      null s5@group-215AF6FE8C9E:t0, leader=null, voted=null, raftlog=UNINITIALIZED, conf=-1: peers:[]|listeners:[], old=null NEW, s6=s6:      NEW      null s6@group-215AF6FE8C9E:t0, leader=null, voted=null, raftlog=UNINITIALIZED, conf=-1: peers:[]|listeners:[], old=null NEW, s7=s7:      NEW      null s7@group-215AF6FE8C9E:t0, leader=null, voted=null, raftlog=UNINITIALIZED, conf=-1: peers:[]|listeners:[], old=null NEW, s8=s8:      NEW      null s8@group-215AF6FE8C9E:t0, leader=null, voted=null, raftlog=UNINITIALIZED, conf=-1: peers:[]|listeners:[], old=null NEW, s0=s0:      NEW      null s0@group-215AF6FE8C9E:t0, leader=null, voted=null, raftlog=UNINITIALIZED, conf=-1: peers:[]|listeners:[], old=null NEW, s1=s1:      NEW      null s1@group-215AF6FE8C9E:t0, leader=null, voted=null, raftlog=UNINITIALIZED, conf=-1: peers:[]|listeners:[], old=null NEW, s2=s2:      NEW      null s2@group-215AF6FE8C9E:t0, leader=null, voted=null, raftlog=UNINITIALIZED, conf=-1: peers:[]|listeners:[], old=null NEW}
2023-12-13 16:20:55,595 [s3-impl-thread1] INFO  server.RaftServerConfigKeys (ConfUtils.java:logGet(46)) - raft.server.storage.free-space.min = 0MB (=0) (default)
2023-12-13 16:20:55,595 [s3-impl-thread1] INFO  server.RaftServerConfigKeys (ConfUtils.java:logGet(46)) - raft.server.log.corruption.policy = EXCEPTION (default)
2023-12-13 16:20:55,596 [s3-impl-thread1] INFO  server.RaftServerConfigKeys (ConfUtils.java:logGet(46)) - raft.server.storage.dir = [/home/runner/work/ratis/ratis/ratis-test/target/test/data/1e4ee837/MiniRaftClusterWithGrpc24096a27/s3] (custom)
2023-12-13 16:20:55,596 [s3-impl-thread1] INFO  storage.RaftStorageDirectory (RaftStorageDirectoryImpl.java:analyzeStorage(138)) - The storage directory /home/runner/work/ratis/ratis/ratis-test/target/test/data/1e4ee837/MiniRaftClusterWithGrpc24096a27/s3/9995bcbd-de20-4aba-bab8-215af6fe8c9e does not exist. Creating ...
2023-12-13 16:20:55,596 [s3-impl-thread1] TRACE util.FileUtils (LogUtils.java:runAndLog(49)) - Successfully ran Files.createDirectories /home/runner/work/ratis/ratis/ratis-test/target/test/data/1e4ee837/MiniRaftClusterWithGrpc24096a27/s3/9995bcbd-de20-4aba-bab8-215af6fe8c9e
2023-12-13 16:20:55,597 [s3-impl-thread1] INFO  storage.RaftStorageDirectory (RaftStorageDirectoryImpl.java:tryLock(228)) - Lock on /home/runner/work/ratis/ratis/ratis-test/target/test/data/1e4ee837/MiniRaftClusterWithGrpc24096a27/s3/9995bcbd-de20-4aba-bab8-215af6fe8c9e/in_use.lock acquired by nodename 10819@fv-az890-872
2023-12-13 16:20:55,597 [s3-impl-thread1] TRACE util.FileUtils (LogUtils.java:runAndLog(49)) - Successfully ran Files.createDirectories /home/runner/work/ratis/ratis/ratis-test/target/test/data/1e4ee837/MiniRaftClusterWithGrpc24096a27/s3/9995bcbd-de20-4aba-bab8-215af6fe8c9e/current
2023-12-13 16:20:55,597 [s3-impl-thread1] TRACE util.FileUtils (LogUtils.java:runAndLog(49)) - Successfully ran Files.createDirectories /home/runner/work/ratis/ratis/ratis-test/target/test/data/1e4ee837/MiniRaftClusterWithGrpc24096a27/s3/9995bcbd-de20-4aba-bab8-215af6fe8c9e/sm
2023-12-13 16:20:55,598 [s3-impl-thread1] TRACE util.FileUtils (LogUtils.java:supplyAndLog(69)) - Successfully supplied FileChannel.open /home/runner/work/ratis/ratis/ratis-test/target/test/data/1e4ee837/MiniRaftClusterWithGrpc24096a27/s3/9995bcbd-de20-4aba-bab8-215af6fe8c9e/current/raft-meta.tmp with options [CREATE, WRITE]: sun.nio.ch.FileChannelImpl@f25255e
2023-12-13 16:20:55,598 [s3-impl-thread1] TRACE util.FileUtils (LogUtils.java:runAndLog(49)) - Successfully ran Atomic Files.move /home/runner/work/ratis/ratis/ratis-test/target/test/data/1e4ee837/MiniRaftClusterWithGrpc24096a27/s3/9995bcbd-de20-4aba-bab8-215af6fe8c9e/current/raft-meta.tmp to /home/runner/work/ratis/ratis/ratis-test/target/test/data/1e4ee837/MiniRaftClusterWithGrpc24096a27/s3/9995bcbd-de20-4aba-bab8-215af6fe8c9e/current/raft-meta with options [REPLACE_EXISTING]
2023-12-13 16:20:55,598 [s3-impl-thread1] INFO  storage.RaftStorage (RaftStorageImpl.java:format(99)) - Storage directory /home/runner/work/ratis/ratis/ratis-test/target/test/data/1e4ee837/MiniRaftClusterWithGrpc24096a27/s3/9995bcbd-de20-4aba-bab8-215af6fe8c9e has been successfully formatted.
2023-12-13 16:20:55,599 [s3-impl-thread1] TRACE util.FileUtils (LogUtils.java:supplyAndLog(61)) - Failed to Files.newInputStream /home/runner/work/ratis/ratis/ratis-test/target/test/data/1e4ee837/MiniRaftClusterWithGrpc24096a27/s3/9995bcbd-de20-4aba-bab8-215af6fe8c9e/current/raft-meta.conf with options []
java.nio.file.NoSuchFileException: /home/runner/work/ratis/ratis/ratis-test/target/test/data/1e4ee837/MiniRaftClusterWithGrpc24096a27/s3/9995bcbd-de20-4aba-bab8-215af6fe8c9e/current/raft-meta.conf
	at java.base/sun.nio.fs.UnixException.translateToIOException(UnixException.java:92)
	at java.base/sun.nio.fs.UnixException.rethrowAsIOException(UnixException.java:111)
	at java.base/sun.nio.fs.UnixException.rethrowAsIOException(UnixException.java:116)
	at java.base/sun.nio.fs.UnixFileSystemProvider.newByteChannel(UnixFileSystemProvider.java:219)
	at java.base/java.nio.file.Files.newByteChannel(Files.java:371)
	at java.base/java.nio.file.Files.newByteChannel(Files.java:422)
	at java.base/java.nio.file.spi.FileSystemProvider.newInputStream(FileSystemProvider.java:420)
	at java.base/java.nio.file.Files.newInputStream(Files.java:156)
	at org.apache.ratis.util.FileUtils.lambda$newInputStream$2(FileUtils.java:73)
	at org.apache.ratis.util.LogUtils.supplyAndLog(LogUtils.java:58)
	at org.apache.ratis.util.FileUtils.newInputStream(FileUtils.java:72)
	at org.apache.ratis.util.FileUtils.newInputStream(FileUtils.java:68)
	at org.apache.ratis.server.storage.RaftStorageImpl.readRaftConfiguration(RaftStorageImpl.java:156)
	at org.apache.ratis.server.impl.ServerState.initialize(ServerState.java:141)
	at org.apache.ratis.server.impl.RaftServerImpl.start(RaftServerImpl.java:388)
	at org.apache.ratis.util.ConcurrentUtils.accept(ConcurrentUtils.java:203)
	at org.apache.ratis.util.ConcurrentUtils.lambda$parallelForEachAsync$4(ConcurrentUtils.java:182)
	at java.base/java.util.concurrent.ThreadPoolExecutor.runWorker(ThreadPoolExecutor.java:1128)
	at java.base/java.util.concurrent.ThreadPoolExecutor$Worker.run(ThreadPoolExecutor.java:628)
	at java.base/java.lang.Thread.run(Thread.java:829)
2023-12-13 16:20:55,599 [s3-impl-thread1] INFO  server.RaftServerConfigKeys (ConfUtils.java:logGet(46)) - raft.server.log.use.memory = false (default)
2023-12-13 16:20:55,599 [s3-impl-thread1] INFO  server.RaftServerConfigKeys (ConfUtils.java:logGet(46)) - raft.server.log.purge.gap = 1024 (default)
2023-12-13 16:20:55,599 [s3-impl-thread1] INFO  server.RaftServerConfigKeys (ConfUtils.java:logGet(46)) - raft.server.log.appender.buffer.byte-limit = 4MB (=4194304) (default)
2023-12-13 16:20:55,599 [s3-impl-thread1] INFO  server.RaftServerConfigKeys (ConfUtils.java:logGet(46)) - raft.server.log.statemachine.data.read.timeout = 1000ms (default)
2023-12-13 16:20:55,599 [s3-impl-thread1] INFO  server.RaftServerConfigKeys (ConfUtils.java:logGet(46)) - raft.server.log.purge.preservation.log.num = 0 (default)
2023-12-13 16:20:55,600 [s3-impl-thread1] INFO  server.RaftServerConfigKeys (ConfUtils.java:logGet(46)) - raft.server.log.segment.size.max = 32MB (=33554432) (default)
2023-12-13 16:20:55,600 [s3-impl-thread1] INFO  server.RaftServerConfigKeys (ConfUtils.java:logGet(46)) - raft.server.log.segment.cache.num.max = 6 (default)
2023-12-13 16:20:55,600 [s3-impl-thread1] INFO  server.RaftServerConfigKeys (ConfUtils.java:logGet(46)) - raft.server.log.segment.cache.size.max = 200MB (=209715200) (default)
2023-12-13 16:20:55,600 [s3-impl-thread1] INFO  server.RaftServerConfigKeys (ConfUtils.java:logGet(46)) - raft.server.log.appender.buffer.byte-limit = 4MB (=4194304) (default)
2023-12-13 16:20:55,600 [s3-impl-thread1] INFO  util.AwaitToRun (AwaitToRun.java:start(81)) - Thread[s3@group-215AF6FE8C9E-cacheEviction-AwaitToRun,5,main] started
2023-12-13 16:20:55,600 [s3-impl-thread1] INFO  segmented.SegmentedRaftLogWorker (SegmentedRaftLogWorker.java:<init>(182)) - new s3@group-215AF6FE8C9E-SegmentedRaftLogWorker for RaftStorageImpl:Storage Directory /home/runner/work/ratis/ratis/ratis-test/target/test/data/1e4ee837/MiniRaftClusterWithGrpc24096a27/s3/9995bcbd-de20-4aba-bab8-215af6fe8c9e
2023-12-13 16:20:55,600 [s3-impl-thread1] INFO  server.RaftServerConfigKeys (ConfUtils.java:logGet(46)) - raft.server.log.queue.byte-limit = 64MB (=67108864) (default)
2023-12-13 16:20:55,600 [s3-impl-thread1] INFO  server.RaftServerConfigKeys (ConfUtils.java:logGet(46)) - raft.server.log.queue.element-limit = 4096 (default)
2023-12-13 16:20:55,600 [s3-impl-thread1] INFO  server.RaftServerConfigKeys (ConfUtils.java:logGet(46)) - raft.server.log.segment.size.max = 32MB (=33554432) (default)
2023-12-13 16:20:55,600 [s3-impl-thread1] INFO  server.RaftServerConfigKeys (ConfUtils.java:logGet(46)) - raft.server.log.preallocated.size = 4MB (=4194304) (default)
2023-12-13 16:20:55,600 [s3-impl-thread1] INFO  server.RaftServerConfigKeys (ConfUtils.java:logGet(46)) - raft.server.log.force.sync.num = 128 (default)
2023-12-13 16:20:55,600 [s3-impl-thread1] INFO  server.RaftServerConfigKeys (ConfUtils.java:logGet(46)) - raft.server.log.statemachine.data.sync = true (default)
2023-12-13 16:20:55,600 [s3-impl-thread1] INFO  server.RaftServerConfigKeys (ConfUtils.java:logGet(46)) - raft.server.log.statemachine.data.sync.timeout = 10s (default)
2023-12-13 16:20:55,600 [s3-impl-thread1] INFO  server.RaftServerConfigKeys (ConfUtils.java:logGet(46)) - raft.server.log.statemachine.data.sync.timeout.retry = -1 (default)
2023-12-13 16:20:55,601 [s3-impl-thread1] INFO  server.RaftServerConfigKeys (ConfUtils.java:logGet(46)) - raft.server.log.write.buffer.size = 8MB (=8388608) (default)
2023-12-13 16:20:55,602 [s3-impl-thread1] INFO  server.RaftServerConfigKeys (ConfUtils.java:logGet(46)) - raft.server.log.appender.buffer.byte-limit = 4MB (=4194304) (default)
2023-12-13 16:20:55,603 [s3-impl-thread1] INFO  server.RaftServerConfigKeys (ConfUtils.java:logGet(46)) - raft.server.log.unsafe-flush.enabled = false (default)
2023-12-13 16:20:55,603 [s3-impl-thread1] INFO  server.RaftServerConfigKeys (ConfUtils.java:logGet(46)) - raft.server.log.async-flush.enabled = false (default)
2023-12-13 16:20:55,603 [s3-impl-thread1] INFO  server.RaftServerConfigKeys (ConfUtils.java:logGet(46)) - raft.server.log.statemachine.data.caching.enabled = false (default)
2023-12-13 16:20:55,603 [s3-impl-thread1] INFO  segmented.SegmentedRaftLogWorker (SegmentedRaftLogWorker.java:lambda$new$0(134)) - s3@group-215AF6FE8C9E-SegmentedRaftLogWorker: flushIndex: setUnconditionally 0 -> -1
2023-12-13 16:20:55,603 [s3-impl-thread1] INFO  segmented.SegmentedRaftLogWorker (SegmentedRaftLogWorker.java:lambda$new$0(134)) - s3@group-215AF6FE8C9E-SegmentedRaftLogWorker: safeCacheEvictIndex: setUnconditionally 0 -> -1
2023-12-13 16:20:55,603 [s3-impl-thread1] INFO  server.RaftServer$Division (RaftServerImpl.java:start(398)) - s3@group-215AF6FE8C9E: start with initializing state, conf=-1: peers:[]|listeners:[], old=null
2023-12-13 16:20:55,603 [s3-impl-thread1] INFO  server.RaftServer$Division (RaftServerImpl.java:setRole(379)) - s3@group-215AF6FE8C9E: changes role from      null to FOLLOWER at term 0 for startInitializing
2023-12-13 16:20:55,603 [s3-impl-thread1] INFO  util.JmxRegister (JmxRegister.java:tryRegister(44)) - Successfully registered JMX Bean with object name Ratis:service=RaftServer,group=group-215AF6FE8C9E,id=s3
2023-12-13 16:20:55,603 [s3-impl-thread1] INFO  server.RaftServerConfigKeys (ConfUtils.java:logGet(46)) - raft.server.snapshot.trigger-when-stop.enabled = true (default)
2023-12-13 16:20:55,603 [s3-impl-thread1] INFO  server.RaftServerConfigKeys (ConfUtils.java:logGet(46)) - raft.server.snapshot.auto.trigger.enabled = false (default)
2023-12-13 16:20:55,603 [s3-impl-thread1] INFO  server.RaftServerConfigKeys (ConfUtils.java:logGet(46)) - raft.server.snapshot.retention.file.num = -1 (default)
2023-12-13 16:20:55,603 [s3-impl-thread1] INFO  server.RaftServerConfigKeys (ConfUtils.java:logGet(46)) - raft.server.log.purge.upto.snapshot.index = false (default)
2023-12-13 16:20:55,604 [Time-limited test] INFO  server.RaftServer (RaftServerProxy.java:startImpl(406)) - s3: start RPC server
2023-12-13 16:20:55,604 [Time-limited test] INFO  server.GrpcService (GrpcService.java:startImpl(302)) - s3: GrpcService started, listening on 35783
2023-12-13 16:20:55,604 [JvmPauseMonitor19] INFO  util.JvmPauseMonitor (JvmPauseMonitor.java:run(146)) - JvmPauseMonitor-s3: Started
2023-12-13 16:20:55,605 [s4-impl-thread1] INFO  server.RaftServerConfigKeys (ConfUtils.java:logGet(46)) - raft.server.storage.free-space.min = 0MB (=0) (default)
2023-12-13 16:20:55,605 [s4-impl-thread1] INFO  server.RaftServerConfigKeys (ConfUtils.java:logGet(46)) - raft.server.log.corruption.policy = EXCEPTION (default)
2023-12-13 16:20:55,605 [s4-impl-thread1] INFO  server.RaftServerConfigKeys (ConfUtils.java:logGet(46)) - raft.server.storage.dir = [/home/runner/work/ratis/ratis/ratis-test/target/test/data/1e4ee837/MiniRaftClusterWithGrpc24096a27/s4] (custom)
2023-12-13 16:20:55,605 [s4-impl-thread1] INFO  storage.RaftStorageDirectory (RaftStorageDirectoryImpl.java:analyzeStorage(138)) - The storage directory /home/runner/work/ratis/ratis/ratis-test/target/test/data/1e4ee837/MiniRaftClusterWithGrpc24096a27/s4/9995bcbd-de20-4aba-bab8-215af6fe8c9e does not exist. Creating ...
2023-12-13 16:20:55,605 [s4-impl-thread1] TRACE util.FileUtils (LogUtils.java:runAndLog(49)) - Successfully ran Files.createDirectories /home/runner/work/ratis/ratis/ratis-test/target/test/data/1e4ee837/MiniRaftClusterWithGrpc24096a27/s4/9995bcbd-de20-4aba-bab8-215af6fe8c9e
2023-12-13 16:20:55,606 [s4-impl-thread1] INFO  storage.RaftStorageDirectory (RaftStorageDirectoryImpl.java:tryLock(228)) - Lock on /home/runner/work/ratis/ratis/ratis-test/target/test/data/1e4ee837/MiniRaftClusterWithGrpc24096a27/s4/9995bcbd-de20-4aba-bab8-215af6fe8c9e/in_use.lock acquired by nodename 10819@fv-az890-872
2023-12-13 16:20:55,606 [s4-impl-thread1] TRACE util.FileUtils (LogUtils.java:runAndLog(49)) - Successfully ran Files.createDirectories /home/runner/work/ratis/ratis/ratis-test/target/test/data/1e4ee837/MiniRaftClusterWithGrpc24096a27/s4/9995bcbd-de20-4aba-bab8-215af6fe8c9e/current
2023-12-13 16:20:55,606 [s4-impl-thread1] TRACE util.FileUtils (LogUtils.java:runAndLog(49)) - Successfully ran Files.createDirectories /home/runner/work/ratis/ratis/ratis-test/target/test/data/1e4ee837/MiniRaftClusterWithGrpc24096a27/s4/9995bcbd-de20-4aba-bab8-215af6fe8c9e/sm
2023-12-13 16:20:55,606 [s4-impl-thread1] TRACE util.FileUtils (LogUtils.java:supplyAndLog(69)) - Successfully supplied FileChannel.open /home/runner/work/ratis/ratis/ratis-test/target/test/data/1e4ee837/MiniRaftClusterWithGrpc24096a27/s4/9995bcbd-de20-4aba-bab8-215af6fe8c9e/current/raft-meta.tmp with options [CREATE, WRITE]: sun.nio.ch.FileChannelImpl@b1e903f
2023-12-13 16:20:55,607 [s4-impl-thread1] TRACE util.FileUtils (LogUtils.java:runAndLog(49)) - Successfully ran Atomic Files.move /home/runner/work/ratis/ratis/ratis-test/target/test/data/1e4ee837/MiniRaftClusterWithGrpc24096a27/s4/9995bcbd-de20-4aba-bab8-215af6fe8c9e/current/raft-meta.tmp to /home/runner/work/ratis/ratis/ratis-test/target/test/data/1e4ee837/MiniRaftClusterWithGrpc24096a27/s4/9995bcbd-de20-4aba-bab8-215af6fe8c9e/current/raft-meta with options [REPLACE_EXISTING]
2023-12-13 16:20:55,607 [s4-impl-thread1] INFO  storage.RaftStorage (RaftStorageImpl.java:format(99)) - Storage directory /home/runner/work/ratis/ratis/ratis-test/target/test/data/1e4ee837/MiniRaftClusterWithGrpc24096a27/s4/9995bcbd-de20-4aba-bab8-215af6fe8c9e has been successfully formatted.
2023-12-13 16:20:55,607 [s4-impl-thread1] TRACE util.FileUtils (LogUtils.java:supplyAndLog(61)) - Failed to Files.newInputStream /home/runner/work/ratis/ratis/ratis-test/target/test/data/1e4ee837/MiniRaftClusterWithGrpc24096a27/s4/9995bcbd-de20-4aba-bab8-215af6fe8c9e/current/raft-meta.conf with options []
java.nio.file.NoSuchFileException: /home/runner/work/ratis/ratis/ratis-test/target/test/data/1e4ee837/MiniRaftClusterWithGrpc24096a27/s4/9995bcbd-de20-4aba-bab8-215af6fe8c9e/current/raft-meta.conf
	at java.base/sun.nio.fs.UnixException.translateToIOException(UnixException.java:92)
	at java.base/sun.nio.fs.UnixException.rethrowAsIOException(UnixException.java:111)
	at java.base/sun.nio.fs.UnixException.rethrowAsIOException(UnixException.java:116)
	at java.base/sun.nio.fs.UnixFileSystemProvider.newByteChannel(UnixFileSystemProvider.java:219)
	at java.base/java.nio.file.Files.newByteChannel(Files.java:371)
	at java.base/java.nio.file.Files.newByteChannel(Files.java:422)
	at java.base/java.nio.file.spi.FileSystemProvider.newInputStream(FileSystemProvider.java:420)
	at java.base/java.nio.file.Files.newInputStream(Files.java:156)
	at org.apache.ratis.util.FileUtils.lambda$newInputStream$2(FileUtils.java:73)
	at org.apache.ratis.util.LogUtils.supplyAndLog(LogUtils.java:58)
	at org.apache.ratis.util.FileUtils.newInputStream(FileUtils.java:72)
	at org.apache.ratis.util.FileUtils.newInputStream(FileUtils.java:68)
	at org.apache.ratis.server.storage.RaftStorageImpl.readRaftConfiguration(RaftStorageImpl.java:156)
	at org.apache.ratis.server.impl.ServerState.initialize(ServerState.java:141)
	at org.apache.ratis.server.impl.RaftServerImpl.start(RaftServerImpl.java:388)
	at org.apache.ratis.util.ConcurrentUtils.accept(ConcurrentUtils.java:203)
	at org.apache.ratis.util.ConcurrentUtils.lambda$parallelForEachAsync$4(ConcurrentUtils.java:182)
	at java.base/java.util.concurrent.ThreadPoolExecutor.runWorker(ThreadPoolExecutor.java:1128)
	at java.base/java.util.concurrent.ThreadPoolExecutor$Worker.run(ThreadPoolExecutor.java:628)
	at java.base/java.lang.Thread.run(Thread.java:829)
2023-12-13 16:20:55,607 [s4-impl-thread1] INFO  server.RaftServerConfigKeys (ConfUtils.java:logGet(46)) - raft.server.log.use.memory = false (default)
2023-12-13 16:20:55,607 [s4-impl-thread1] INFO  server.RaftServerConfigKeys (ConfUtils.java:logGet(46)) - raft.server.log.purge.gap = 1024 (default)
2023-12-13 16:20:55,607 [s4-impl-thread1] INFO  server.RaftServerConfigKeys (ConfUtils.java:logGet(46)) - raft.server.log.appender.buffer.byte-limit = 4MB (=4194304) (default)
2023-12-13 16:20:55,607 [s4-impl-thread1] INFO  server.RaftServerConfigKeys (ConfUtils.java:logGet(46)) - raft.server.log.statemachine.data.read.timeout = 1000ms (default)
2023-12-13 16:20:55,607 [s4-impl-thread1] INFO  server.RaftServerConfigKeys (ConfUtils.java:logGet(46)) - raft.server.log.purge.preservation.log.num = 0 (default)
2023-12-13 16:20:55,608 [s4-impl-thread1] INFO  server.RaftServerConfigKeys (ConfUtils.java:logGet(46)) - raft.server.log.segment.size.max = 32MB (=33554432) (default)
2023-12-13 16:20:55,608 [s4-impl-thread1] INFO  server.RaftServerConfigKeys (ConfUtils.java:logGet(46)) - raft.server.log.segment.cache.num.max = 6 (default)
2023-12-13 16:20:55,608 [s4-impl-thread1] INFO  server.RaftServerConfigKeys (ConfUtils.java:logGet(46)) - raft.server.log.segment.cache.size.max = 200MB (=209715200) (default)
2023-12-13 16:20:55,608 [s4-impl-thread1] INFO  server.RaftServerConfigKeys (ConfUtils.java:logGet(46)) - raft.server.log.appender.buffer.byte-limit = 4MB (=4194304) (default)
2023-12-13 16:20:55,608 [s4-impl-thread1] INFO  util.AwaitToRun (AwaitToRun.java:start(81)) - Thread[s4@group-215AF6FE8C9E-cacheEviction-AwaitToRun,5,main] started
2023-12-13 16:20:55,608 [s4-impl-thread1] INFO  segmented.SegmentedRaftLogWorker (SegmentedRaftLogWorker.java:<init>(182)) - new s4@group-215AF6FE8C9E-SegmentedRaftLogWorker for RaftStorageImpl:Storage Directory /home/runner/work/ratis/ratis/ratis-test/target/test/data/1e4ee837/MiniRaftClusterWithGrpc24096a27/s4/9995bcbd-de20-4aba-bab8-215af6fe8c9e
2023-12-13 16:20:55,608 [s4-impl-thread1] INFO  server.RaftServerConfigKeys (ConfUtils.java:logGet(46)) - raft.server.log.queue.byte-limit = 64MB (=67108864) (default)
2023-12-13 16:20:55,608 [s4-impl-thread1] INFO  server.RaftServerConfigKeys (ConfUtils.java:logGet(46)) - raft.server.log.queue.element-limit = 4096 (default)
2023-12-13 16:20:55,608 [s4-impl-thread1] INFO  server.RaftServerConfigKeys (ConfUtils.java:logGet(46)) - raft.server.log.segment.size.max = 32MB (=33554432) (default)
2023-12-13 16:20:55,608 [s4-impl-thread1] INFO  server.RaftServerConfigKeys (ConfUtils.java:logGet(46)) - raft.server.log.preallocated.size = 4MB (=4194304) (default)
2023-12-13 16:20:55,608 [s4-impl-thread1] INFO  server.RaftServerConfigKeys (ConfUtils.java:logGet(46)) - raft.server.log.force.sync.num = 128 (default)
2023-12-13 16:20:55,608 [s4-impl-thread1] INFO  server.RaftServerConfigKeys (ConfUtils.java:logGet(46)) - raft.server.log.statemachine.data.sync = true (default)
2023-12-13 16:20:55,608 [s4-impl-thread1] INFO  server.RaftServerConfigKeys (ConfUtils.java:logGet(46)) - raft.server.log.statemachine.data.sync.timeout = 10s (default)
2023-12-13 16:20:55,608 [s4-impl-thread1] INFO  server.RaftServerConfigKeys (ConfUtils.java:logGet(46)) - raft.server.log.statemachine.data.sync.timeout.retry = -1 (default)
2023-12-13 16:20:55,608 [s4-impl-thread1] INFO  server.RaftServerConfigKeys (ConfUtils.java:logGet(46)) - raft.server.log.write.buffer.size = 8MB (=8388608) (default)
2023-12-13 16:20:55,610 [s4-impl-thread1] INFO  server.RaftServerConfigKeys (ConfUtils.java:logGet(46)) - raft.server.log.appender.buffer.byte-limit = 4MB (=4194304) (default)
2023-12-13 16:20:55,610 [s4-impl-thread1] INFO  server.RaftServerConfigKeys (ConfUtils.java:logGet(46)) - raft.server.log.unsafe-flush.enabled = false (default)
2023-12-13 16:20:55,610 [s4-impl-thread1] INFO  server.RaftServerConfigKeys (ConfUtils.java:logGet(46)) - raft.server.log.async-flush.enabled = false (default)
2023-12-13 16:20:55,611 [s4-impl-thread1] INFO  server.RaftServerConfigKeys (ConfUtils.java:logGet(46)) - raft.server.log.statemachine.data.caching.enabled = false (default)
2023-12-13 16:20:55,611 [s4-impl-thread1] INFO  segmented.SegmentedRaftLogWorker (SegmentedRaftLogWorker.java:lambda$new$0(134)) - s4@group-215AF6FE8C9E-SegmentedRaftLogWorker: flushIndex: setUnconditionally 0 -> -1
2023-12-13 16:20:55,611 [s4-impl-thread1] INFO  segmented.SegmentedRaftLogWorker (SegmentedRaftLogWorker.java:lambda$new$0(134)) - s4@group-215AF6FE8C9E-SegmentedRaftLogWorker: safeCacheEvictIndex: setUnconditionally 0 -> -1
2023-12-13 16:20:55,611 [s4-impl-thread1] INFO  server.RaftServer$Division (RaftServerImpl.java:start(398)) - s4@group-215AF6FE8C9E: start with initializing state, conf=-1: peers:[]|listeners:[], old=null
2023-12-13 16:20:55,611 [s4-impl-thread1] INFO  server.RaftServer$Division (RaftServerImpl.java:setRole(379)) - s4@group-215AF6FE8C9E: changes role from      null to FOLLOWER at term 0 for startInitializing
2023-12-13 16:20:55,611 [s4-impl-thread1] INFO  util.JmxRegister (JmxRegister.java:tryRegister(44)) - Successfully registered JMX Bean with object name Ratis:service=RaftServer,group=group-215AF6FE8C9E,id=s4
2023-12-13 16:20:55,611 [s4-impl-thread1] INFO  server.RaftServerConfigKeys (ConfUtils.java:logGet(46)) - raft.server.snapshot.trigger-when-stop.enabled = true (default)
2023-12-13 16:20:55,611 [s4-impl-thread1] INFO  server.RaftServerConfigKeys (ConfUtils.java:logGet(46)) - raft.server.snapshot.auto.trigger.enabled = false (default)
2023-12-13 16:20:55,611 [s4-impl-thread1] INFO  server.RaftServerConfigKeys (ConfUtils.java:logGet(46)) - raft.server.snapshot.retention.file.num = -1 (default)
2023-12-13 16:20:55,611 [s4-impl-thread1] INFO  server.RaftServerConfigKeys (ConfUtils.java:logGet(46)) - raft.server.log.purge.upto.snapshot.index = false (default)
2023-12-13 16:20:55,611 [Time-limited test] INFO  server.RaftServer (RaftServerProxy.java:startImpl(406)) - s4: start RPC server
2023-12-13 16:20:55,612 [Time-limited test] INFO  server.GrpcService (GrpcService.java:startImpl(302)) - s4: GrpcService started, listening on 45543
2023-12-13 16:20:55,612 [JvmPauseMonitor20] INFO  util.JvmPauseMonitor (JvmPauseMonitor.java:run(146)) - JvmPauseMonitor-s4: Started
2023-12-13 16:20:55,612 [s5-impl-thread1] INFO  server.RaftServerConfigKeys (ConfUtils.java:logGet(46)) - raft.server.storage.free-space.min = 0MB (=0) (default)
2023-12-13 16:20:55,612 [s5-impl-thread1] INFO  server.RaftServerConfigKeys (ConfUtils.java:logGet(46)) - raft.server.log.corruption.policy = EXCEPTION (default)
2023-12-13 16:20:55,612 [s5-impl-thread1] INFO  server.RaftServerConfigKeys (ConfUtils.java:logGet(46)) - raft.server.storage.dir = [/home/runner/work/ratis/ratis/ratis-test/target/test/data/1e4ee837/MiniRaftClusterWithGrpc24096a27/s5] (custom)
2023-12-13 16:20:55,612 [s5-impl-thread1] INFO  storage.RaftStorageDirectory (RaftStorageDirectoryImpl.java:analyzeStorage(138)) - The storage directory /home/runner/work/ratis/ratis/ratis-test/target/test/data/1e4ee837/MiniRaftClusterWithGrpc24096a27/s5/9995bcbd-de20-4aba-bab8-215af6fe8c9e does not exist. Creating ...
2023-12-13 16:20:55,613 [s5-impl-thread1] TRACE util.FileUtils (LogUtils.java:runAndLog(49)) - Successfully ran Files.createDirectories /home/runner/work/ratis/ratis/ratis-test/target/test/data/1e4ee837/MiniRaftClusterWithGrpc24096a27/s5/9995bcbd-de20-4aba-bab8-215af6fe8c9e
2023-12-13 16:20:55,614 [s5-impl-thread1] INFO  storage.RaftStorageDirectory (RaftStorageDirectoryImpl.java:tryLock(228)) - Lock on /home/runner/work/ratis/ratis/ratis-test/target/test/data/1e4ee837/MiniRaftClusterWithGrpc24096a27/s5/9995bcbd-de20-4aba-bab8-215af6fe8c9e/in_use.lock acquired by nodename 10819@fv-az890-872
2023-12-13 16:20:55,614 [s5-impl-thread1] TRACE util.FileUtils (LogUtils.java:runAndLog(49)) - Successfully ran Files.createDirectories /home/runner/work/ratis/ratis/ratis-test/target/test/data/1e4ee837/MiniRaftClusterWithGrpc24096a27/s5/9995bcbd-de20-4aba-bab8-215af6fe8c9e/current
2023-12-13 16:20:55,614 [s5-impl-thread1] TRACE util.FileUtils (LogUtils.java:runAndLog(49)) - Successfully ran Files.createDirectories /home/runner/work/ratis/ratis/ratis-test/target/test/data/1e4ee837/MiniRaftClusterWithGrpc24096a27/s5/9995bcbd-de20-4aba-bab8-215af6fe8c9e/sm
2023-12-13 16:20:55,614 [s5-impl-thread1] TRACE util.FileUtils (LogUtils.java:supplyAndLog(69)) - Successfully supplied FileChannel.open /home/runner/work/ratis/ratis/ratis-test/target/test/data/1e4ee837/MiniRaftClusterWithGrpc24096a27/s5/9995bcbd-de20-4aba-bab8-215af6fe8c9e/current/raft-meta.tmp with options [CREATE, WRITE]: sun.nio.ch.FileChannelImpl@488a4ecd
2023-12-13 16:20:55,615 [s5-impl-thread1] TRACE util.FileUtils (LogUtils.java:runAndLog(49)) - Successfully ran Atomic Files.move /home/runner/work/ratis/ratis/ratis-test/target/test/data/1e4ee837/MiniRaftClusterWithGrpc24096a27/s5/9995bcbd-de20-4aba-bab8-215af6fe8c9e/current/raft-meta.tmp to /home/runner/work/ratis/ratis/ratis-test/target/test/data/1e4ee837/MiniRaftClusterWithGrpc24096a27/s5/9995bcbd-de20-4aba-bab8-215af6fe8c9e/current/raft-meta with options [REPLACE_EXISTING]
2023-12-13 16:20:55,615 [s5-impl-thread1] INFO  storage.RaftStorage (RaftStorageImpl.java:format(99)) - Storage directory /home/runner/work/ratis/ratis/ratis-test/target/test/data/1e4ee837/MiniRaftClusterWithGrpc24096a27/s5/9995bcbd-de20-4aba-bab8-215af6fe8c9e has been successfully formatted.
2023-12-13 16:20:55,615 [s5-impl-thread1] TRACE util.FileUtils (LogUtils.java:supplyAndLog(61)) - Failed to Files.newInputStream /home/runner/work/ratis/ratis/ratis-test/target/test/data/1e4ee837/MiniRaftClusterWithGrpc24096a27/s5/9995bcbd-de20-4aba-bab8-215af6fe8c9e/current/raft-meta.conf with options []
java.nio.file.NoSuchFileException: /home/runner/work/ratis/ratis/ratis-test/target/test/data/1e4ee837/MiniRaftClusterWithGrpc24096a27/s5/9995bcbd-de20-4aba-bab8-215af6fe8c9e/current/raft-meta.conf
	at java.base/sun.nio.fs.UnixException.translateToIOException(UnixException.java:92)
	at java.base/sun.nio.fs.UnixException.rethrowAsIOException(UnixException.java:111)
	at java.base/sun.nio.fs.UnixException.rethrowAsIOException(UnixException.java:116)
	at java.base/sun.nio.fs.UnixFileSystemProvider.newByteChannel(UnixFileSystemProvider.java:219)
	at java.base/java.nio.file.Files.newByteChannel(Files.java:371)
	at java.base/java.nio.file.Files.newByteChannel(Files.java:422)
	at java.base/java.nio.file.spi.FileSystemProvider.newInputStream(FileSystemProvider.java:420)
	at java.base/java.nio.file.Files.newInputStream(Files.java:156)
	at org.apache.ratis.util.FileUtils.lambda$newInputStream$2(FileUtils.java:73)
	at org.apache.ratis.util.LogUtils.supplyAndLog(LogUtils.java:58)
	at org.apache.ratis.util.FileUtils.newInputStream(FileUtils.java:72)
	at org.apache.ratis.util.FileUtils.newInputStream(FileUtils.java:68)
	at org.apache.ratis.server.storage.RaftStorageImpl.readRaftConfiguration(RaftStorageImpl.java:156)
	at org.apache.ratis.server.impl.ServerState.initialize(ServerState.java:141)
	at org.apache.ratis.server.impl.RaftServerImpl.start(RaftServerImpl.java:388)
	at org.apache.ratis.util.ConcurrentUtils.accept(ConcurrentUtils.java:203)
	at org.apache.ratis.util.ConcurrentUtils.lambda$parallelForEachAsync$4(ConcurrentUtils.java:182)
	at java.base/java.util.concurrent.ThreadPoolExecutor.runWorker(ThreadPoolExecutor.java:1128)
	at java.base/java.util.concurrent.ThreadPoolExecutor$Worker.run(ThreadPoolExecutor.java:628)
	at java.base/java.lang.Thread.run(Thread.java:829)
2023-12-13 16:20:55,615 [s5-impl-thread1] INFO  server.RaftServerConfigKeys (ConfUtils.java:logGet(46)) - raft.server.log.use.memory = false (default)
2023-12-13 16:20:55,615 [s5-impl-thread1] INFO  server.RaftServerConfigKeys (ConfUtils.java:logGet(46)) - raft.server.log.purge.gap = 1024 (default)
2023-12-13 16:20:55,615 [s5-impl-thread1] INFO  server.RaftServerConfigKeys (ConfUtils.java:logGet(46)) - raft.server.log.appender.buffer.byte-limit = 4MB (=4194304) (default)
2023-12-13 16:20:55,615 [s5-impl-thread1] INFO  server.RaftServerConfigKeys (ConfUtils.java:logGet(46)) - raft.server.log.statemachine.data.read.timeout = 1000ms (default)
2023-12-13 16:20:55,616 [s5-impl-thread1] INFO  server.RaftServerConfigKeys (ConfUtils.java:logGet(46)) - raft.server.log.purge.preservation.log.num = 0 (default)
2023-12-13 16:20:55,616 [s5-impl-thread1] INFO  server.RaftServerConfigKeys (ConfUtils.java:logGet(46)) - raft.server.log.segment.size.max = 32MB (=33554432) (default)
2023-12-13 16:20:55,616 [s5-impl-thread1] INFO  server.RaftServerConfigKeys (ConfUtils.java:logGet(46)) - raft.server.log.segment.cache.num.max = 6 (default)
2023-12-13 16:20:55,616 [s5-impl-thread1] INFO  server.RaftServerConfigKeys (ConfUtils.java:logGet(46)) - raft.server.log.segment.cache.size.max = 200MB (=209715200) (default)
2023-12-13 16:20:55,616 [s5-impl-thread1] INFO  server.RaftServerConfigKeys (ConfUtils.java:logGet(46)) - raft.server.log.appender.buffer.byte-limit = 4MB (=4194304) (default)
2023-12-13 16:20:55,616 [s5-impl-thread1] INFO  util.AwaitToRun (AwaitToRun.java:start(81)) - Thread[s5@group-215AF6FE8C9E-cacheEviction-AwaitToRun,5,main] started
2023-12-13 16:20:55,616 [s5-impl-thread1] INFO  segmented.SegmentedRaftLogWorker (SegmentedRaftLogWorker.java:<init>(182)) - new s5@group-215AF6FE8C9E-SegmentedRaftLogWorker for RaftStorageImpl:Storage Directory /home/runner/work/ratis/ratis/ratis-test/target/test/data/1e4ee837/MiniRaftClusterWithGrpc24096a27/s5/9995bcbd-de20-4aba-bab8-215af6fe8c9e
2023-12-13 16:20:55,616 [s5-impl-thread1] INFO  server.RaftServerConfigKeys (ConfUtils.java:logGet(46)) - raft.server.log.queue.byte-limit = 64MB (=67108864) (default)
2023-12-13 16:20:55,616 [s5-impl-thread1] INFO  server.RaftServerConfigKeys (ConfUtils.java:logGet(46)) - raft.server.log.queue.element-limit = 4096 (default)
2023-12-13 16:20:55,616 [s5-impl-thread1] INFO  server.RaftServerConfigKeys (ConfUtils.java:logGet(46)) - raft.server.log.segment.size.max = 32MB (=33554432) (default)
2023-12-13 16:20:55,616 [s5-impl-thread1] INFO  server.RaftServerConfigKeys (ConfUtils.java:logGet(46)) - raft.server.log.preallocated.size = 4MB (=4194304) (default)
2023-12-13 16:20:55,616 [s5-impl-thread1] INFO  server.RaftServerConfigKeys (ConfUtils.java:logGet(46)) - raft.server.log.force.sync.num = 128 (default)
2023-12-13 16:20:55,616 [s5-impl-thread1] INFO  server.RaftServerConfigKeys (ConfUtils.java:logGet(46)) - raft.server.log.statemachine.data.sync = true (default)
2023-12-13 16:20:55,616 [s5-impl-thread1] INFO  server.RaftServerConfigKeys (ConfUtils.java:logGet(46)) - raft.server.log.statemachine.data.sync.timeout = 10s (default)
2023-12-13 16:20:55,616 [s5-impl-thread1] INFO  server.RaftServerConfigKeys (ConfUtils.java:logGet(46)) - raft.server.log.statemachine.data.sync.timeout.retry = -1 (default)
2023-12-13 16:20:55,617 [s5-impl-thread1] INFO  server.RaftServerConfigKeys (ConfUtils.java:logGet(46)) - raft.server.log.write.buffer.size = 8MB (=8388608) (default)
2023-12-13 16:20:55,619 [s5-impl-thread1] INFO  server.RaftServerConfigKeys (ConfUtils.java:logGet(46)) - raft.server.log.appender.buffer.byte-limit = 4MB (=4194304) (default)
2023-12-13 16:20:55,619 [s5-impl-thread1] INFO  server.RaftServerConfigKeys (ConfUtils.java:logGet(46)) - raft.server.log.unsafe-flush.enabled = false (default)
2023-12-13 16:20:55,619 [s5-impl-thread1] INFO  server.RaftServerConfigKeys (ConfUtils.java:logGet(46)) - raft.server.log.async-flush.enabled = false (default)
2023-12-13 16:20:55,619 [s5-impl-thread1] INFO  server.RaftServerConfigKeys (ConfUtils.java:logGet(46)) - raft.server.log.statemachine.data.caching.enabled = false (default)
2023-12-13 16:20:55,619 [s5-impl-thread1] INFO  segmented.SegmentedRaftLogWorker (SegmentedRaftLogWorker.java:lambda$new$0(134)) - s5@group-215AF6FE8C9E-SegmentedRaftLogWorker: flushIndex: setUnconditionally 0 -> -1
2023-12-13 16:20:55,619 [s5-impl-thread1] INFO  segmented.SegmentedRaftLogWorker (SegmentedRaftLogWorker.java:lambda$new$0(134)) - s5@group-215AF6FE8C9E-SegmentedRaftLogWorker: safeCacheEvictIndex: setUnconditionally 0 -> -1
2023-12-13 16:20:55,619 [s5-impl-thread1] INFO  server.RaftServer$Division (RaftServerImpl.java:start(398)) - s5@group-215AF6FE8C9E: start with initializing state, conf=-1: peers:[]|listeners:[], old=null
2023-12-13 16:20:55,619 [s5-impl-thread1] INFO  server.RaftServer$Division (RaftServerImpl.java:setRole(379)) - s5@group-215AF6FE8C9E: changes role from      null to FOLLOWER at term 0 for startInitializing
2023-12-13 16:20:55,619 [s5-impl-thread1] INFO  util.JmxRegister (JmxRegister.java:tryRegister(44)) - Successfully registered JMX Bean with object name Ratis:service=RaftServer,group=group-215AF6FE8C9E,id=s5
2023-12-13 16:20:55,619 [s5-impl-thread1] INFO  server.RaftServerConfigKeys (ConfUtils.java:logGet(46)) - raft.server.snapshot.trigger-when-stop.enabled = true (default)
2023-12-13 16:20:55,619 [s5-impl-thread1] INFO  server.RaftServerConfigKeys (ConfUtils.java:logGet(46)) - raft.server.snapshot.auto.trigger.enabled = false (default)
2023-12-13 16:20:55,619 [s5-impl-thread1] INFO  server.RaftServerConfigKeys (ConfUtils.java:logGet(46)) - raft.server.snapshot.retention.file.num = -1 (default)
2023-12-13 16:20:55,619 [s5-impl-thread1] INFO  server.RaftServerConfigKeys (ConfUtils.java:logGet(46)) - raft.server.log.purge.upto.snapshot.index = false (default)
2023-12-13 16:20:55,620 [Time-limited test] INFO  server.RaftServer (RaftServerProxy.java:startImpl(406)) - s5: start RPC server
2023-12-13 16:20:55,620 [Time-limited test] INFO  server.GrpcService (GrpcService.java:startImpl(302)) - s5: GrpcService started, listening on 39205
2023-12-13 16:20:55,620 [JvmPauseMonitor21] INFO  util.JvmPauseMonitor (JvmPauseMonitor.java:run(146)) - JvmPauseMonitor-s5: Started
2023-12-13 16:20:55,620 [s6-impl-thread1] INFO  server.RaftServerConfigKeys (ConfUtils.java:logGet(46)) - raft.server.storage.free-space.min = 0MB (=0) (default)
2023-12-13 16:20:55,620 [s6-impl-thread1] INFO  server.RaftServerConfigKeys (ConfUtils.java:logGet(46)) - raft.server.log.corruption.policy = EXCEPTION (default)
2023-12-13 16:20:55,620 [s6-impl-thread1] INFO  server.RaftServerConfigKeys (ConfUtils.java:logGet(46)) - raft.server.storage.dir = [/home/runner/work/ratis/ratis/ratis-test/target/test/data/1e4ee837/MiniRaftClusterWithGrpc24096a27/s6] (custom)
2023-12-13 16:20:55,621 [s6-impl-thread1] INFO  storage.RaftStorageDirectory (RaftStorageDirectoryImpl.java:analyzeStorage(138)) - The storage directory /home/runner/work/ratis/ratis/ratis-test/target/test/data/1e4ee837/MiniRaftClusterWithGrpc24096a27/s6/9995bcbd-de20-4aba-bab8-215af6fe8c9e does not exist. Creating ...
2023-12-13 16:20:55,621 [s6-impl-thread1] TRACE util.FileUtils (LogUtils.java:runAndLog(49)) - Successfully ran Files.createDirectories /home/runner/work/ratis/ratis/ratis-test/target/test/data/1e4ee837/MiniRaftClusterWithGrpc24096a27/s6/9995bcbd-de20-4aba-bab8-215af6fe8c9e
2023-12-13 16:20:55,623 [s6-impl-thread1] INFO  storage.RaftStorageDirectory (RaftStorageDirectoryImpl.java:tryLock(228)) - Lock on /home/runner/work/ratis/ratis/ratis-test/target/test/data/1e4ee837/MiniRaftClusterWithGrpc24096a27/s6/9995bcbd-de20-4aba-bab8-215af6fe8c9e/in_use.lock acquired by nodename 10819@fv-az890-872
2023-12-13 16:20:55,623 [s6-impl-thread1] TRACE util.FileUtils (LogUtils.java:runAndLog(49)) - Successfully ran Files.createDirectories /home/runner/work/ratis/ratis/ratis-test/target/test/data/1e4ee837/MiniRaftClusterWithGrpc24096a27/s6/9995bcbd-de20-4aba-bab8-215af6fe8c9e/current
2023-12-13 16:20:55,623 [s6-impl-thread1] TRACE util.FileUtils (LogUtils.java:runAndLog(49)) - Successfully ran Files.createDirectories /home/runner/work/ratis/ratis/ratis-test/target/test/data/1e4ee837/MiniRaftClusterWithGrpc24096a27/s6/9995bcbd-de20-4aba-bab8-215af6fe8c9e/sm
2023-12-13 16:20:55,623 [s6-impl-thread1] TRACE util.FileUtils (LogUtils.java:supplyAndLog(69)) - Successfully supplied FileChannel.open /home/runner/work/ratis/ratis/ratis-test/target/test/data/1e4ee837/MiniRaftClusterWithGrpc24096a27/s6/9995bcbd-de20-4aba-bab8-215af6fe8c9e/current/raft-meta.tmp with options [CREATE, WRITE]: sun.nio.ch.FileChannelImpl@2e8ae440
2023-12-13 16:20:55,624 [s6-impl-thread1] TRACE util.FileUtils (LogUtils.java:runAndLog(49)) - Successfully ran Atomic Files.move /home/runner/work/ratis/ratis/ratis-test/target/test/data/1e4ee837/MiniRaftClusterWithGrpc24096a27/s6/9995bcbd-de20-4aba-bab8-215af6fe8c9e/current/raft-meta.tmp to /home/runner/work/ratis/ratis/ratis-test/target/test/data/1e4ee837/MiniRaftClusterWithGrpc24096a27/s6/9995bcbd-de20-4aba-bab8-215af6fe8c9e/current/raft-meta with options [REPLACE_EXISTING]
2023-12-13 16:20:55,624 [s6-impl-thread1] INFO  storage.RaftStorage (RaftStorageImpl.java:format(99)) - Storage directory /home/runner/work/ratis/ratis/ratis-test/target/test/data/1e4ee837/MiniRaftClusterWithGrpc24096a27/s6/9995bcbd-de20-4aba-bab8-215af6fe8c9e has been successfully formatted.
2023-12-13 16:20:55,624 [s6-impl-thread1] TRACE util.FileUtils (LogUtils.java:supplyAndLog(61)) - Failed to Files.newInputStream /home/runner/work/ratis/ratis/ratis-test/target/test/data/1e4ee837/MiniRaftClusterWithGrpc24096a27/s6/9995bcbd-de20-4aba-bab8-215af6fe8c9e/current/raft-meta.conf with options []
java.nio.file.NoSuchFileException: /home/runner/work/ratis/ratis/ratis-test/target/test/data/1e4ee837/MiniRaftClusterWithGrpc24096a27/s6/9995bcbd-de20-4aba-bab8-215af6fe8c9e/current/raft-meta.conf
	at java.base/sun.nio.fs.UnixException.translateToIOException(UnixException.java:92)
	at java.base/sun.nio.fs.UnixException.rethrowAsIOException(UnixException.java:111)
	at java.base/sun.nio.fs.UnixException.rethrowAsIOException(UnixException.java:116)
	at java.base/sun.nio.fs.UnixFileSystemProvider.newByteChannel(UnixFileSystemProvider.java:219)
	at java.base/java.nio.file.Files.newByteChannel(Files.java:371)
	at java.base/java.nio.file.Files.newByteChannel(Files.java:422)
	at java.base/java.nio.file.spi.FileSystemProvider.newInputStream(FileSystemProvider.java:420)
	at java.base/java.nio.file.Files.newInputStream(Files.java:156)
	at org.apache.ratis.util.FileUtils.lambda$newInputStream$2(FileUtils.java:73)
	at org.apache.ratis.util.LogUtils.supplyAndLog(LogUtils.java:58)
	at org.apache.ratis.util.FileUtils.newInputStream(FileUtils.java:72)
	at org.apache.ratis.util.FileUtils.newInputStream(FileUtils.java:68)
	at org.apache.ratis.server.storage.RaftStorageImpl.readRaftConfiguration(RaftStorageImpl.java:156)
	at org.apache.ratis.server.impl.ServerState.initialize(ServerState.java:141)
	at org.apache.ratis.server.impl.RaftServerImpl.start(RaftServerImpl.java:388)
	at org.apache.ratis.util.ConcurrentUtils.accept(ConcurrentUtils.java:203)
	at org.apache.ratis.util.ConcurrentUtils.lambda$parallelForEachAsync$4(ConcurrentUtils.java:182)
	at java.base/java.util.concurrent.ThreadPoolExecutor.runWorker(ThreadPoolExecutor.java:1128)
	at java.base/java.util.concurrent.ThreadPoolExecutor$Worker.run(ThreadPoolExecutor.java:628)
	at java.base/java.lang.Thread.run(Thread.java:829)
2023-12-13 16:20:55,625 [s6-impl-thread1] INFO  server.RaftServerConfigKeys (ConfUtils.java:logGet(46)) - raft.server.log.use.memory = false (default)
2023-12-13 16:20:55,625 [s6-impl-thread1] INFO  server.RaftServerConfigKeys (ConfUtils.java:logGet(46)) - raft.server.log.purge.gap = 1024 (default)
2023-12-13 16:20:55,625 [s6-impl-thread1] INFO  server.RaftServerConfigKeys (ConfUtils.java:logGet(46)) - raft.server.log.appender.buffer.byte-limit = 4MB (=4194304) (default)
2023-12-13 16:20:55,625 [s6-impl-thread1] INFO  server.RaftServerConfigKeys (ConfUtils.java:logGet(46)) - raft.server.log.statemachine.data.read.timeout = 1000ms (default)
2023-12-13 16:20:55,625 [s6-impl-thread1] INFO  server.RaftServerConfigKeys (ConfUtils.java:logGet(46)) - raft.server.log.purge.preservation.log.num = 0 (default)
2023-12-13 16:20:55,625 [s6-impl-thread1] INFO  server.RaftServerConfigKeys (ConfUtils.java:logGet(46)) - raft.server.log.segment.size.max = 32MB (=33554432) (default)
2023-12-13 16:20:55,625 [s6-impl-thread1] INFO  server.RaftServerConfigKeys (ConfUtils.java:logGet(46)) - raft.server.log.segment.cache.num.max = 6 (default)
2023-12-13 16:20:55,625 [s6-impl-thread1] INFO  server.RaftServerConfigKeys (ConfUtils.java:logGet(46)) - raft.server.log.segment.cache.size.max = 200MB (=209715200) (default)
2023-12-13 16:20:55,625 [s6-impl-thread1] INFO  server.RaftServerConfigKeys (ConfUtils.java:logGet(46)) - raft.server.log.appender.buffer.byte-limit = 4MB (=4194304) (default)
2023-12-13 16:20:55,625 [s6-impl-thread1] INFO  util.AwaitToRun (AwaitToRun.java:start(81)) - Thread[s6@group-215AF6FE8C9E-cacheEviction-AwaitToRun,5,main] started
2023-12-13 16:20:55,625 [s6-impl-thread1] INFO  segmented.SegmentedRaftLogWorker (SegmentedRaftLogWorker.java:<init>(182)) - new s6@group-215AF6FE8C9E-SegmentedRaftLogWorker for RaftStorageImpl:Storage Directory /home/runner/work/ratis/ratis/ratis-test/target/test/data/1e4ee837/MiniRaftClusterWithGrpc24096a27/s6/9995bcbd-de20-4aba-bab8-215af6fe8c9e
2023-12-13 16:20:55,625 [s6-impl-thread1] INFO  server.RaftServerConfigKeys (ConfUtils.java:logGet(46)) - raft.server.log.queue.byte-limit = 64MB (=67108864) (default)
2023-12-13 16:20:55,625 [s6-impl-thread1] INFO  server.RaftServerConfigKeys (ConfUtils.java:logGet(46)) - raft.server.log.queue.element-limit = 4096 (default)
2023-12-13 16:20:55,625 [s6-impl-thread1] INFO  server.RaftServerConfigKeys (ConfUtils.java:logGet(46)) - raft.server.log.segment.size.max = 32MB (=33554432) (default)
2023-12-13 16:20:55,625 [s6-impl-thread1] INFO  server.RaftServerConfigKeys (ConfUtils.java:logGet(46)) - raft.server.log.preallocated.size = 4MB (=4194304) (default)
2023-12-13 16:20:55,625 [s6-impl-thread1] INFO  server.RaftServerConfigKeys (ConfUtils.java:logGet(46)) - raft.server.log.force.sync.num = 128 (default)
2023-12-13 16:20:55,625 [s6-impl-thread1] INFO  server.RaftServerConfigKeys (ConfUtils.java:logGet(46)) - raft.server.log.statemachine.data.sync = true (default)
2023-12-13 16:20:55,625 [s6-impl-thread1] INFO  server.RaftServerConfigKeys (ConfUtils.java:logGet(46)) - raft.server.log.statemachine.data.sync.timeout = 10s (default)
2023-12-13 16:20:55,625 [s6-impl-thread1] INFO  server.RaftServerConfigKeys (ConfUtils.java:logGet(46)) - raft.server.log.statemachine.data.sync.timeout.retry = -1 (default)
2023-12-13 16:20:55,625 [s6-impl-thread1] INFO  server.RaftServerConfigKeys (ConfUtils.java:logGet(46)) - raft.server.log.write.buffer.size = 8MB (=8388608) (default)
2023-12-13 16:20:55,627 [s6-impl-thread1] INFO  server.RaftServerConfigKeys (ConfUtils.java:logGet(46)) - raft.server.log.appender.buffer.byte-limit = 4MB (=4194304) (default)
2023-12-13 16:20:55,627 [s6-impl-thread1] INFO  server.RaftServerConfigKeys (ConfUtils.java:logGet(46)) - raft.server.log.unsafe-flush.enabled = false (default)
2023-12-13 16:20:55,627 [s6-impl-thread1] INFO  server.RaftServerConfigKeys (ConfUtils.java:logGet(46)) - raft.server.log.async-flush.enabled = false (default)
2023-12-13 16:20:55,627 [s6-impl-thread1] INFO  server.RaftServerConfigKeys (ConfUtils.java:logGet(46)) - raft.server.log.statemachine.data.caching.enabled = false (default)
2023-12-13 16:20:55,627 [s6-impl-thread1] INFO  segmented.SegmentedRaftLogWorker (SegmentedRaftLogWorker.java:lambda$new$0(134)) - s6@group-215AF6FE8C9E-SegmentedRaftLogWorker: flushIndex: setUnconditionally 0 -> -1
2023-12-13 16:20:55,627 [s6-impl-thread1] INFO  segmented.SegmentedRaftLogWorker (SegmentedRaftLogWorker.java:lambda$new$0(134)) - s6@group-215AF6FE8C9E-SegmentedRaftLogWorker: safeCacheEvictIndex: setUnconditionally 0 -> -1
2023-12-13 16:20:55,627 [s6-impl-thread1] INFO  server.RaftServer$Division (RaftServerImpl.java:start(398)) - s6@group-215AF6FE8C9E: start with initializing state, conf=-1: peers:[]|listeners:[], old=null
2023-12-13 16:20:55,627 [s6-impl-thread1] INFO  server.RaftServer$Division (RaftServerImpl.java:setRole(379)) - s6@group-215AF6FE8C9E: changes role from      null to FOLLOWER at term 0 for startInitializing
2023-12-13 16:20:55,627 [s6-impl-thread1] INFO  util.JmxRegister (JmxRegister.java:tryRegister(44)) - Successfully registered JMX Bean with object name Ratis:service=RaftServer,group=group-215AF6FE8C9E,id=s6
2023-12-13 16:20:55,627 [s6-impl-thread1] INFO  server.RaftServerConfigKeys (ConfUtils.java:logGet(46)) - raft.server.snapshot.trigger-when-stop.enabled = true (default)
2023-12-13 16:20:55,627 [s6-impl-thread1] INFO  server.RaftServerConfigKeys (ConfUtils.java:logGet(46)) - raft.server.snapshot.auto.trigger.enabled = false (default)
2023-12-13 16:20:55,627 [s6-impl-thread1] INFO  server.RaftServerConfigKeys (ConfUtils.java:logGet(46)) - raft.server.snapshot.retention.file.num = -1 (default)
2023-12-13 16:20:55,627 [s6-impl-thread1] INFO  server.RaftServerConfigKeys (ConfUtils.java:logGet(46)) - raft.server.log.purge.upto.snapshot.index = false (default)
2023-12-13 16:20:55,628 [Time-limited test] INFO  server.RaftServer (RaftServerProxy.java:startImpl(406)) - s6: start RPC server
2023-12-13 16:20:55,628 [Time-limited test] INFO  server.GrpcService (GrpcService.java:startImpl(302)) - s6: GrpcService started, listening on 33523
2023-12-13 16:20:55,628 [JvmPauseMonitor22] INFO  util.JvmPauseMonitor (JvmPauseMonitor.java:run(146)) - JvmPauseMonitor-s6: Started
2023-12-13 16:20:55,628 [s7-impl-thread1] INFO  server.RaftServerConfigKeys (ConfUtils.java:logGet(46)) - raft.server.storage.free-space.min = 0MB (=0) (default)
2023-12-13 16:20:55,628 [s7-impl-thread1] INFO  server.RaftServerConfigKeys (ConfUtils.java:logGet(46)) - raft.server.log.corruption.policy = EXCEPTION (default)
2023-12-13 16:20:55,628 [s7-impl-thread1] INFO  server.RaftServerConfigKeys (ConfUtils.java:logGet(46)) - raft.server.storage.dir = [/home/runner/work/ratis/ratis/ratis-test/target/test/data/1e4ee837/MiniRaftClusterWithGrpc24096a27/s7] (custom)
2023-12-13 16:20:55,629 [s7-impl-thread1] INFO  storage.RaftStorageDirectory (RaftStorageDirectoryImpl.java:analyzeStorage(138)) - The storage directory /home/runner/work/ratis/ratis/ratis-test/target/test/data/1e4ee837/MiniRaftClusterWithGrpc24096a27/s7/9995bcbd-de20-4aba-bab8-215af6fe8c9e does not exist. Creating ...
2023-12-13 16:20:55,629 [s7-impl-thread1] TRACE util.FileUtils (LogUtils.java:runAndLog(49)) - Successfully ran Files.createDirectories /home/runner/work/ratis/ratis/ratis-test/target/test/data/1e4ee837/MiniRaftClusterWithGrpc24096a27/s7/9995bcbd-de20-4aba-bab8-215af6fe8c9e
2023-12-13 16:20:55,630 [s7-impl-thread1] INFO  storage.RaftStorageDirectory (RaftStorageDirectoryImpl.java:tryLock(228)) - Lock on /home/runner/work/ratis/ratis/ratis-test/target/test/data/1e4ee837/MiniRaftClusterWithGrpc24096a27/s7/9995bcbd-de20-4aba-bab8-215af6fe8c9e/in_use.lock acquired by nodename 10819@fv-az890-872
2023-12-13 16:20:55,630 [s7-impl-thread1] TRACE util.FileUtils (LogUtils.java:runAndLog(49)) - Successfully ran Files.createDirectories /home/runner/work/ratis/ratis/ratis-test/target/test/data/1e4ee837/MiniRaftClusterWithGrpc24096a27/s7/9995bcbd-de20-4aba-bab8-215af6fe8c9e/current
2023-12-13 16:20:55,630 [s7-impl-thread1] TRACE util.FileUtils (LogUtils.java:runAndLog(49)) - Successfully ran Files.createDirectories /home/runner/work/ratis/ratis/ratis-test/target/test/data/1e4ee837/MiniRaftClusterWithGrpc24096a27/s7/9995bcbd-de20-4aba-bab8-215af6fe8c9e/sm
2023-12-13 16:20:55,630 [s7-impl-thread1] TRACE util.FileUtils (LogUtils.java:supplyAndLog(69)) - Successfully supplied FileChannel.open /home/runner/work/ratis/ratis/ratis-test/target/test/data/1e4ee837/MiniRaftClusterWithGrpc24096a27/s7/9995bcbd-de20-4aba-bab8-215af6fe8c9e/current/raft-meta.tmp with options [CREATE, WRITE]: sun.nio.ch.FileChannelImpl@25575a36
2023-12-13 16:20:55,631 [s7-impl-thread1] TRACE util.FileUtils (LogUtils.java:runAndLog(49)) - Successfully ran Atomic Files.move /home/runner/work/ratis/ratis/ratis-test/target/test/data/1e4ee837/MiniRaftClusterWithGrpc24096a27/s7/9995bcbd-de20-4aba-bab8-215af6fe8c9e/current/raft-meta.tmp to /home/runner/work/ratis/ratis/ratis-test/target/test/data/1e4ee837/MiniRaftClusterWithGrpc24096a27/s7/9995bcbd-de20-4aba-bab8-215af6fe8c9e/current/raft-meta with options [REPLACE_EXISTING]
2023-12-13 16:20:55,631 [s7-impl-thread1] INFO  storage.RaftStorage (RaftStorageImpl.java:format(99)) - Storage directory /home/runner/work/ratis/ratis/ratis-test/target/test/data/1e4ee837/MiniRaftClusterWithGrpc24096a27/s7/9995bcbd-de20-4aba-bab8-215af6fe8c9e has been successfully formatted.
2023-12-13 16:20:55,631 [s7-impl-thread1] TRACE util.FileUtils (LogUtils.java:supplyAndLog(61)) - Failed to Files.newInputStream /home/runner/work/ratis/ratis/ratis-test/target/test/data/1e4ee837/MiniRaftClusterWithGrpc24096a27/s7/9995bcbd-de20-4aba-bab8-215af6fe8c9e/current/raft-meta.conf with options []
java.nio.file.NoSuchFileException: /home/runner/work/ratis/ratis/ratis-test/target/test/data/1e4ee837/MiniRaftClusterWithGrpc24096a27/s7/9995bcbd-de20-4aba-bab8-215af6fe8c9e/current/raft-meta.conf
	at java.base/sun.nio.fs.UnixException.translateToIOException(UnixException.java:92)
	at java.base/sun.nio.fs.UnixException.rethrowAsIOException(UnixException.java:111)
	at java.base/sun.nio.fs.UnixException.rethrowAsIOException(UnixException.java:116)
	at java.base/sun.nio.fs.UnixFileSystemProvider.newByteChannel(UnixFileSystemProvider.java:219)
	at java.base/java.nio.file.Files.newByteChannel(Files.java:371)
	at java.base/java.nio.file.Files.newByteChannel(Files.java:422)
	at java.base/java.nio.file.spi.FileSystemProvider.newInputStream(FileSystemProvider.java:420)
	at java.base/java.nio.file.Files.newInputStream(Files.java:156)
	at org.apache.ratis.util.FileUtils.lambda$newInputStream$2(FileUtils.java:73)
	at org.apache.ratis.util.LogUtils.supplyAndLog(LogUtils.java:58)
	at org.apache.ratis.util.FileUtils.newInputStream(FileUtils.java:72)
	at org.apache.ratis.util.FileUtils.newInputStream(FileUtils.java:68)
	at org.apache.ratis.server.storage.RaftStorageImpl.readRaftConfiguration(RaftStorageImpl.java:156)
	at org.apache.ratis.server.impl.ServerState.initialize(ServerState.java:141)
	at org.apache.ratis.server.impl.RaftServerImpl.start(RaftServerImpl.java:388)
	at org.apache.ratis.util.ConcurrentUtils.accept(ConcurrentUtils.java:203)
	at org.apache.ratis.util.ConcurrentUtils.lambda$parallelForEachAsync$4(ConcurrentUtils.java:182)
	at java.base/java.util.concurrent.ThreadPoolExecutor.runWorker(ThreadPoolExecutor.java:1128)
	at java.base/java.util.concurrent.ThreadPoolExecutor$Worker.run(ThreadPoolExecutor.java:628)
	at java.base/java.lang.Thread.run(Thread.java:829)
2023-12-13 16:20:55,632 [s7-impl-thread1] INFO  server.RaftServerConfigKeys (ConfUtils.java:logGet(46)) - raft.server.log.use.memory = false (default)
2023-12-13 16:20:55,632 [s7-impl-thread1] INFO  server.RaftServerConfigKeys (ConfUtils.java:logGet(46)) - raft.server.log.purge.gap = 1024 (default)
2023-12-13 16:20:55,632 [s7-impl-thread1] INFO  server.RaftServerConfigKeys (ConfUtils.java:logGet(46)) - raft.server.log.appender.buffer.byte-limit = 4MB (=4194304) (default)
2023-12-13 16:20:55,632 [s7-impl-thread1] INFO  server.RaftServerConfigKeys (ConfUtils.java:logGet(46)) - raft.server.log.statemachine.data.read.timeout = 1000ms (default)
2023-12-13 16:20:55,632 [s7-impl-thread1] INFO  server.RaftServerConfigKeys (ConfUtils.java:logGet(46)) - raft.server.log.purge.preservation.log.num = 0 (default)
2023-12-13 16:20:55,632 [s7-impl-thread1] INFO  server.RaftServerConfigKeys (ConfUtils.java:logGet(46)) - raft.server.log.segment.size.max = 32MB (=33554432) (default)
2023-12-13 16:20:55,632 [s7-impl-thread1] INFO  server.RaftServerConfigKeys (ConfUtils.java:logGet(46)) - raft.server.log.segment.cache.num.max = 6 (default)
2023-12-13 16:20:55,632 [s7-impl-thread1] INFO  server.RaftServerConfigKeys (ConfUtils.java:logGet(46)) - raft.server.log.segment.cache.size.max = 200MB (=209715200) (default)
2023-12-13 16:20:55,632 [s7-impl-thread1] INFO  server.RaftServerConfigKeys (ConfUtils.java:logGet(46)) - raft.server.log.appender.buffer.byte-limit = 4MB (=4194304) (default)
2023-12-13 16:20:55,632 [s7-impl-thread1] INFO  util.AwaitToRun (AwaitToRun.java:start(81)) - Thread[s7@group-215AF6FE8C9E-cacheEviction-AwaitToRun,5,main] started
2023-12-13 16:20:55,632 [s7-impl-thread1] INFO  segmented.SegmentedRaftLogWorker (SegmentedRaftLogWorker.java:<init>(182)) - new s7@group-215AF6FE8C9E-SegmentedRaftLogWorker for RaftStorageImpl:Storage Directory /home/runner/work/ratis/ratis/ratis-test/target/test/data/1e4ee837/MiniRaftClusterWithGrpc24096a27/s7/9995bcbd-de20-4aba-bab8-215af6fe8c9e
2023-12-13 16:20:55,632 [s7-impl-thread1] INFO  server.RaftServerConfigKeys (ConfUtils.java:logGet(46)) - raft.server.log.queue.byte-limit = 64MB (=67108864) (default)
2023-12-13 16:20:55,632 [s7-impl-thread1] INFO  server.RaftServerConfigKeys (ConfUtils.java:logGet(46)) - raft.server.log.queue.element-limit = 4096 (default)
2023-12-13 16:20:55,632 [s7-impl-thread1] INFO  server.RaftServerConfigKeys (ConfUtils.java:logGet(46)) - raft.server.log.segment.size.max = 32MB (=33554432) (default)
2023-12-13 16:20:55,633 [s7-impl-thread1] INFO  server.RaftServerConfigKeys (ConfUtils.java:logGet(46)) - raft.server.log.preallocated.size = 4MB (=4194304) (default)
2023-12-13 16:20:55,633 [s7-impl-thread1] INFO  server.RaftServerConfigKeys (ConfUtils.java:logGet(46)) - raft.server.log.force.sync.num = 128 (default)
2023-12-13 16:20:55,633 [s7-impl-thread1] INFO  server.RaftServerConfigKeys (ConfUtils.java:logGet(46)) - raft.server.log.statemachine.data.sync = true (default)
2023-12-13 16:20:55,633 [s7-impl-thread1] INFO  server.RaftServerConfigKeys (ConfUtils.java:logGet(46)) - raft.server.log.statemachine.data.sync.timeout = 10s (default)
2023-12-13 16:20:55,633 [s7-impl-thread1] INFO  server.RaftServerConfigKeys (ConfUtils.java:logGet(46)) - raft.server.log.statemachine.data.sync.timeout.retry = -1 (default)
2023-12-13 16:20:55,633 [s7-impl-thread1] INFO  server.RaftServerConfigKeys (ConfUtils.java:logGet(46)) - raft.server.log.write.buffer.size = 8MB (=8388608) (default)
2023-12-13 16:20:55,634 [s7-impl-thread1] INFO  server.RaftServerConfigKeys (ConfUtils.java:logGet(46)) - raft.server.log.appender.buffer.byte-limit = 4MB (=4194304) (default)
2023-12-13 16:20:55,634 [s7-impl-thread1] INFO  server.RaftServerConfigKeys (ConfUtils.java:logGet(46)) - raft.server.log.unsafe-flush.enabled = false (default)
2023-12-13 16:20:55,634 [s7-impl-thread1] INFO  server.RaftServerConfigKeys (ConfUtils.java:logGet(46)) - raft.server.log.async-flush.enabled = false (default)
2023-12-13 16:20:55,634 [s7-impl-thread1] INFO  server.RaftServerConfigKeys (ConfUtils.java:logGet(46)) - raft.server.log.statemachine.data.caching.enabled = false (default)
2023-12-13 16:20:55,634 [s7-impl-thread1] INFO  segmented.SegmentedRaftLogWorker (SegmentedRaftLogWorker.java:lambda$new$0(134)) - s7@group-215AF6FE8C9E-SegmentedRaftLogWorker: flushIndex: setUnconditionally 0 -> -1
2023-12-13 16:20:55,634 [s7-impl-thread1] INFO  segmented.SegmentedRaftLogWorker (SegmentedRaftLogWorker.java:lambda$new$0(134)) - s7@group-215AF6FE8C9E-SegmentedRaftLogWorker: safeCacheEvictIndex: setUnconditionally 0 -> -1
2023-12-13 16:20:55,634 [s7-impl-thread1] INFO  server.RaftServer$Division (RaftServerImpl.java:start(398)) - s7@group-215AF6FE8C9E: start with initializing state, conf=-1: peers:[]|listeners:[], old=null
2023-12-13 16:20:55,634 [s7-impl-thread1] INFO  server.RaftServer$Division (RaftServerImpl.java:setRole(379)) - s7@group-215AF6FE8C9E: changes role from      null to FOLLOWER at term 0 for startInitializing
2023-12-13 16:20:55,635 [s7-impl-thread1] INFO  util.JmxRegister (JmxRegister.java:tryRegister(44)) - Successfully registered JMX Bean with object name Ratis:service=RaftServer,group=group-215AF6FE8C9E,id=s7
2023-12-13 16:20:55,635 [s7-impl-thread1] INFO  server.RaftServerConfigKeys (ConfUtils.java:logGet(46)) - raft.server.snapshot.trigger-when-stop.enabled = true (default)
2023-12-13 16:20:55,635 [s7-impl-thread1] INFO  server.RaftServerConfigKeys (ConfUtils.java:logGet(46)) - raft.server.snapshot.auto.trigger.enabled = false (default)
2023-12-13 16:20:55,635 [s7-impl-thread1] INFO  server.RaftServerConfigKeys (ConfUtils.java:logGet(46)) - raft.server.snapshot.retention.file.num = -1 (default)
2023-12-13 16:20:55,635 [s7-impl-thread1] INFO  server.RaftServerConfigKeys (ConfUtils.java:logGet(46)) - raft.server.log.purge.upto.snapshot.index = false (default)
2023-12-13 16:20:55,635 [Time-limited test] INFO  server.RaftServer (RaftServerProxy.java:startImpl(406)) - s7: start RPC server
2023-12-13 16:20:55,635 [Time-limited test] INFO  server.GrpcService (GrpcService.java:startImpl(302)) - s7: GrpcService started, listening on 33769
2023-12-13 16:20:55,636 [JvmPauseMonitor23] INFO  util.JvmPauseMonitor (JvmPauseMonitor.java:run(146)) - JvmPauseMonitor-s7: Started
2023-12-13 16:20:55,636 [s8-impl-thread1] INFO  server.RaftServerConfigKeys (ConfUtils.java:logGet(46)) - raft.server.storage.free-space.min = 0MB (=0) (default)
2023-12-13 16:20:55,636 [s8-impl-thread1] INFO  server.RaftServerConfigKeys (ConfUtils.java:logGet(46)) - raft.server.log.corruption.policy = EXCEPTION (default)
2023-12-13 16:20:55,636 [s8-impl-thread1] INFO  server.RaftServerConfigKeys (ConfUtils.java:logGet(46)) - raft.server.storage.dir = [/home/runner/work/ratis/ratis/ratis-test/target/test/data/1e4ee837/MiniRaftClusterWithGrpc24096a27/s8] (custom)
2023-12-13 16:20:55,636 [s8-impl-thread1] INFO  storage.RaftStorageDirectory (RaftStorageDirectoryImpl.java:analyzeStorage(138)) - The storage directory /home/runner/work/ratis/ratis/ratis-test/target/test/data/1e4ee837/MiniRaftClusterWithGrpc24096a27/s8/9995bcbd-de20-4aba-bab8-215af6fe8c9e does not exist. Creating ...
2023-12-13 16:20:55,636 [s8-impl-thread1] TRACE util.FileUtils (LogUtils.java:runAndLog(49)) - Successfully ran Files.createDirectories /home/runner/work/ratis/ratis/ratis-test/target/test/data/1e4ee837/MiniRaftClusterWithGrpc24096a27/s8/9995bcbd-de20-4aba-bab8-215af6fe8c9e
2023-12-13 16:20:55,638 [s8-impl-thread1] INFO  storage.RaftStorageDirectory (RaftStorageDirectoryImpl.java:tryLock(228)) - Lock on /home/runner/work/ratis/ratis/ratis-test/target/test/data/1e4ee837/MiniRaftClusterWithGrpc24096a27/s8/9995bcbd-de20-4aba-bab8-215af6fe8c9e/in_use.lock acquired by nodename 10819@fv-az890-872
2023-12-13 16:20:55,638 [s8-impl-thread1] TRACE util.FileUtils (LogUtils.java:runAndLog(49)) - Successfully ran Files.createDirectories /home/runner/work/ratis/ratis/ratis-test/target/test/data/1e4ee837/MiniRaftClusterWithGrpc24096a27/s8/9995bcbd-de20-4aba-bab8-215af6fe8c9e/current
2023-12-13 16:20:55,638 [s8-impl-thread1] TRACE util.FileUtils (LogUtils.java:runAndLog(49)) - Successfully ran Files.createDirectories /home/runner/work/ratis/ratis/ratis-test/target/test/data/1e4ee837/MiniRaftClusterWithGrpc24096a27/s8/9995bcbd-de20-4aba-bab8-215af6fe8c9e/sm
2023-12-13 16:20:55,638 [s8-impl-thread1] TRACE util.FileUtils (LogUtils.java:supplyAndLog(69)) - Successfully supplied FileChannel.open /home/runner/work/ratis/ratis/ratis-test/target/test/data/1e4ee837/MiniRaftClusterWithGrpc24096a27/s8/9995bcbd-de20-4aba-bab8-215af6fe8c9e/current/raft-meta.tmp with options [CREATE, WRITE]: sun.nio.ch.FileChannelImpl@6d691135
2023-12-13 16:20:55,639 [s8-impl-thread1] TRACE util.FileUtils (LogUtils.java:runAndLog(49)) - Successfully ran Atomic Files.move /home/runner/work/ratis/ratis/ratis-test/target/test/data/1e4ee837/MiniRaftClusterWithGrpc24096a27/s8/9995bcbd-de20-4aba-bab8-215af6fe8c9e/current/raft-meta.tmp to /home/runner/work/ratis/ratis/ratis-test/target/test/data/1e4ee837/MiniRaftClusterWithGrpc24096a27/s8/9995bcbd-de20-4aba-bab8-215af6fe8c9e/current/raft-meta with options [REPLACE_EXISTING]
2023-12-13 16:20:55,639 [s8-impl-thread1] INFO  storage.RaftStorage (RaftStorageImpl.java:format(99)) - Storage directory /home/runner/work/ratis/ratis/ratis-test/target/test/data/1e4ee837/MiniRaftClusterWithGrpc24096a27/s8/9995bcbd-de20-4aba-bab8-215af6fe8c9e has been successfully formatted.
2023-12-13 16:20:55,639 [s8-impl-thread1] TRACE util.FileUtils (LogUtils.java:supplyAndLog(61)) - Failed to Files.newInputStream /home/runner/work/ratis/ratis/ratis-test/target/test/data/1e4ee837/MiniRaftClusterWithGrpc24096a27/s8/9995bcbd-de20-4aba-bab8-215af6fe8c9e/current/raft-meta.conf with options []
java.nio.file.NoSuchFileException: /home/runner/work/ratis/ratis/ratis-test/target/test/data/1e4ee837/MiniRaftClusterWithGrpc24096a27/s8/9995bcbd-de20-4aba-bab8-215af6fe8c9e/current/raft-meta.conf
	at java.base/sun.nio.fs.UnixException.translateToIOException(UnixException.java:92)
	at java.base/sun.nio.fs.UnixException.rethrowAsIOException(UnixException.java:111)
	at java.base/sun.nio.fs.UnixException.rethrowAsIOException(UnixException.java:116)
	at java.base/sun.nio.fs.UnixFileSystemProvider.newByteChannel(UnixFileSystemProvider.java:219)
	at java.base/java.nio.file.Files.newByteChannel(Files.java:371)
	at java.base/java.nio.file.Files.newByteChannel(Files.java:422)
	at java.base/java.nio.file.spi.FileSystemProvider.newInputStream(FileSystemProvider.java:420)
	at java.base/java.nio.file.Files.newInputStream(Files.java:156)
	at org.apache.ratis.util.FileUtils.lambda$newInputStream$2(FileUtils.java:73)
	at org.apache.ratis.util.LogUtils.supplyAndLog(LogUtils.java:58)
	at org.apache.ratis.util.FileUtils.newInputStream(FileUtils.java:72)
	at org.apache.ratis.util.FileUtils.newInputStream(FileUtils.java:68)
	at org.apache.ratis.server.storage.RaftStorageImpl.readRaftConfiguration(RaftStorageImpl.java:156)
	at org.apache.ratis.server.impl.ServerState.initialize(ServerState.java:141)
	at org.apache.ratis.server.impl.RaftServerImpl.start(RaftServerImpl.java:388)
	at org.apache.ratis.util.ConcurrentUtils.accept(ConcurrentUtils.java:203)
	at org.apache.ratis.util.ConcurrentUtils.lambda$parallelForEachAsync$4(ConcurrentUtils.java:182)
	at java.base/java.util.concurrent.ThreadPoolExecutor.runWorker(ThreadPoolExecutor.java:1128)
	at java.base/java.util.concurrent.ThreadPoolExecutor$Worker.run(ThreadPoolExecutor.java:628)
	at java.base/java.lang.Thread.run(Thread.java:829)
2023-12-13 16:20:55,639 [s8-impl-thread1] INFO  server.RaftServerConfigKeys (ConfUtils.java:logGet(46)) - raft.server.log.use.memory = false (default)
2023-12-13 16:20:55,639 [s8-impl-thread1] INFO  server.RaftServerConfigKeys (ConfUtils.java:logGet(46)) - raft.server.log.purge.gap = 1024 (default)
2023-12-13 16:20:55,639 [s8-impl-thread1] INFO  server.RaftServerConfigKeys (ConfUtils.java:logGet(46)) - raft.server.log.appender.buffer.byte-limit = 4MB (=4194304) (default)
2023-12-13 16:20:55,639 [s8-impl-thread1] INFO  server.RaftServerConfigKeys (ConfUtils.java:logGet(46)) - raft.server.log.statemachine.data.read.timeout = 1000ms (default)
2023-12-13 16:20:55,639 [s8-impl-thread1] INFO  server.RaftServerConfigKeys (ConfUtils.java:logGet(46)) - raft.server.log.purge.preservation.log.num = 0 (default)
2023-12-13 16:20:55,640 [s8-impl-thread1] INFO  server.RaftServerConfigKeys (ConfUtils.java:logGet(46)) - raft.server.log.segment.size.max = 32MB (=33554432) (default)
2023-12-13 16:20:55,640 [s8-impl-thread1] INFO  server.RaftServerConfigKeys (ConfUtils.java:logGet(46)) - raft.server.log.segment.cache.num.max = 6 (default)
2023-12-13 16:20:55,640 [s8-impl-thread1] INFO  server.RaftServerConfigKeys (ConfUtils.java:logGet(46)) - raft.server.log.segment.cache.size.max = 200MB (=209715200) (default)
2023-12-13 16:20:55,640 [s8-impl-thread1] INFO  server.RaftServerConfigKeys (ConfUtils.java:logGet(46)) - raft.server.log.appender.buffer.byte-limit = 4MB (=4194304) (default)
2023-12-13 16:20:55,640 [s8-impl-thread1] INFO  util.AwaitToRun (AwaitToRun.java:start(81)) - Thread[s8@group-215AF6FE8C9E-cacheEviction-AwaitToRun,5,main] started
2023-12-13 16:20:55,640 [s8-impl-thread1] INFO  segmented.SegmentedRaftLogWorker (SegmentedRaftLogWorker.java:<init>(182)) - new s8@group-215AF6FE8C9E-SegmentedRaftLogWorker for RaftStorageImpl:Storage Directory /home/runner/work/ratis/ratis/ratis-test/target/test/data/1e4ee837/MiniRaftClusterWithGrpc24096a27/s8/9995bcbd-de20-4aba-bab8-215af6fe8c9e
2023-12-13 16:20:55,640 [s8-impl-thread1] INFO  server.RaftServerConfigKeys (ConfUtils.java:logGet(46)) - raft.server.log.queue.byte-limit = 64MB (=67108864) (default)
2023-12-13 16:20:55,640 [s8-impl-thread1] INFO  server.RaftServerConfigKeys (ConfUtils.java:logGet(46)) - raft.server.log.queue.element-limit = 4096 (default)
2023-12-13 16:20:55,640 [s8-impl-thread1] INFO  server.RaftServerConfigKeys (ConfUtils.java:logGet(46)) - raft.server.log.segment.size.max = 32MB (=33554432) (default)
2023-12-13 16:20:55,640 [s8-impl-thread1] INFO  server.RaftServerConfigKeys (ConfUtils.java:logGet(46)) - raft.server.log.preallocated.size = 4MB (=4194304) (default)
2023-12-13 16:20:55,640 [s8-impl-thread1] INFO  server.RaftServerConfigKeys (ConfUtils.java:logGet(46)) - raft.server.log.force.sync.num = 128 (default)
2023-12-13 16:20:55,640 [s8-impl-thread1] INFO  server.RaftServerConfigKeys (ConfUtils.java:logGet(46)) - raft.server.log.statemachine.data.sync = true (default)
2023-12-13 16:20:55,640 [s8-impl-thread1] INFO  server.RaftServerConfigKeys (ConfUtils.java:logGet(46)) - raft.server.log.statemachine.data.sync.timeout = 10s (default)
2023-12-13 16:20:55,640 [s8-impl-thread1] INFO  server.RaftServerConfigKeys (ConfUtils.java:logGet(46)) - raft.server.log.statemachine.data.sync.timeout.retry = -1 (default)
2023-12-13 16:20:55,640 [s8-impl-thread1] INFO  server.RaftServerConfigKeys (ConfUtils.java:logGet(46)) - raft.server.log.write.buffer.size = 8MB (=8388608) (default)
2023-12-13 16:20:55,641 [s8-impl-thread1] INFO  server.RaftServerConfigKeys (ConfUtils.java:logGet(46)) - raft.server.log.appender.buffer.byte-limit = 4MB (=4194304) (default)
2023-12-13 16:20:55,641 [s8-impl-thread1] INFO  server.RaftServerConfigKeys (ConfUtils.java:logGet(46)) - raft.server.log.unsafe-flush.enabled = false (default)
2023-12-13 16:20:55,641 [s8-impl-thread1] INFO  server.RaftServerConfigKeys (ConfUtils.java:logGet(46)) - raft.server.log.async-flush.enabled = false (default)
2023-12-13 16:20:55,641 [s8-impl-thread1] INFO  server.RaftServerConfigKeys (ConfUtils.java:logGet(46)) - raft.server.log.statemachine.data.caching.enabled = false (default)
2023-12-13 16:20:55,642 [s8-impl-thread1] INFO  segmented.SegmentedRaftLogWorker (SegmentedRaftLogWorker.java:lambda$new$0(134)) - s8@group-215AF6FE8C9E-SegmentedRaftLogWorker: flushIndex: setUnconditionally 0 -> -1
2023-12-13 16:20:55,642 [s8-impl-thread1] INFO  segmented.SegmentedRaftLogWorker (SegmentedRaftLogWorker.java:lambda$new$0(134)) - s8@group-215AF6FE8C9E-SegmentedRaftLogWorker: safeCacheEvictIndex: setUnconditionally 0 -> -1
2023-12-13 16:20:55,642 [s8-impl-thread1] INFO  server.RaftServer$Division (RaftServerImpl.java:start(398)) - s8@group-215AF6FE8C9E: start with initializing state, conf=-1: peers:[]|listeners:[], old=null
2023-12-13 16:20:55,642 [s8-impl-thread1] INFO  server.RaftServer$Division (RaftServerImpl.java:setRole(379)) - s8@group-215AF6FE8C9E: changes role from      null to FOLLOWER at term 0 for startInitializing
2023-12-13 16:20:55,642 [s8-impl-thread1] INFO  util.JmxRegister (JmxRegister.java:tryRegister(44)) - Successfully registered JMX Bean with object name Ratis:service=RaftServer,group=group-215AF6FE8C9E,id=s8
2023-12-13 16:20:55,642 [s8-impl-thread1] INFO  server.RaftServerConfigKeys (ConfUtils.java:logGet(46)) - raft.server.snapshot.trigger-when-stop.enabled = true (default)
2023-12-13 16:20:55,642 [s8-impl-thread1] INFO  server.RaftServerConfigKeys (ConfUtils.java:logGet(46)) - raft.server.snapshot.auto.trigger.enabled = false (default)
2023-12-13 16:20:55,642 [s8-impl-thread1] INFO  server.RaftServerConfigKeys (ConfUtils.java:logGet(46)) - raft.server.snapshot.retention.file.num = -1 (default)
2023-12-13 16:20:55,642 [s8-impl-thread1] INFO  server.RaftServerConfigKeys (ConfUtils.java:logGet(46)) - raft.server.log.purge.upto.snapshot.index = false (default)
2023-12-13 16:20:55,642 [Time-limited test] INFO  server.RaftServer (RaftServerProxy.java:startImpl(406)) - s8: start RPC server
2023-12-13 16:20:55,643 [Time-limited test] INFO  server.GrpcService (GrpcService.java:startImpl(302)) - s8: GrpcService started, listening on 44341
2023-12-13 16:20:55,643 [JvmPauseMonitor24] INFO  util.JvmPauseMonitor (JvmPauseMonitor.java:run(146)) - JvmPauseMonitor-s8: Started
2023-12-13 16:20:55,643 [s0-impl-thread1] INFO  server.RaftServerConfigKeys (ConfUtils.java:logGet(46)) - raft.server.storage.free-space.min = 0MB (=0) (default)
2023-12-13 16:20:55,643 [s0-impl-thread1] INFO  server.RaftServerConfigKeys (ConfUtils.java:logGet(46)) - raft.server.log.corruption.policy = EXCEPTION (default)
2023-12-13 16:20:55,643 [s0-impl-thread1] INFO  server.RaftServerConfigKeys (ConfUtils.java:logGet(46)) - raft.server.storage.dir = [/home/runner/work/ratis/ratis/ratis-test/target/test/data/1e4ee837/MiniRaftClusterWithGrpc24096a27/s0] (custom)
2023-12-13 16:20:55,643 [s0-impl-thread1] INFO  storage.RaftStorageDirectory (RaftStorageDirectoryImpl.java:analyzeStorage(138)) - The storage directory /home/runner/work/ratis/ratis/ratis-test/target/test/data/1e4ee837/MiniRaftClusterWithGrpc24096a27/s0/9995bcbd-de20-4aba-bab8-215af6fe8c9e does not exist. Creating ...
2023-12-13 16:20:55,644 [s0-impl-thread1] TRACE util.FileUtils (LogUtils.java:runAndLog(49)) - Successfully ran Files.createDirectories /home/runner/work/ratis/ratis/ratis-test/target/test/data/1e4ee837/MiniRaftClusterWithGrpc24096a27/s0/9995bcbd-de20-4aba-bab8-215af6fe8c9e
2023-12-13 16:20:55,645 [s0-impl-thread1] INFO  storage.RaftStorageDirectory (RaftStorageDirectoryImpl.java:tryLock(228)) - Lock on /home/runner/work/ratis/ratis/ratis-test/target/test/data/1e4ee837/MiniRaftClusterWithGrpc24096a27/s0/9995bcbd-de20-4aba-bab8-215af6fe8c9e/in_use.lock acquired by nodename 10819@fv-az890-872
2023-12-13 16:20:55,645 [s0-impl-thread1] TRACE util.FileUtils (LogUtils.java:runAndLog(49)) - Successfully ran Files.createDirectories /home/runner/work/ratis/ratis/ratis-test/target/test/data/1e4ee837/MiniRaftClusterWithGrpc24096a27/s0/9995bcbd-de20-4aba-bab8-215af6fe8c9e/current
2023-12-13 16:20:55,645 [s0-impl-thread1] TRACE util.FileUtils (LogUtils.java:runAndLog(49)) - Successfully ran Files.createDirectories /home/runner/work/ratis/ratis/ratis-test/target/test/data/1e4ee837/MiniRaftClusterWithGrpc24096a27/s0/9995bcbd-de20-4aba-bab8-215af6fe8c9e/sm
2023-12-13 16:20:55,645 [s0-impl-thread1] TRACE util.FileUtils (LogUtils.java:supplyAndLog(69)) - Successfully supplied FileChannel.open /home/runner/work/ratis/ratis/ratis-test/target/test/data/1e4ee837/MiniRaftClusterWithGrpc24096a27/s0/9995bcbd-de20-4aba-bab8-215af6fe8c9e/current/raft-meta.tmp with options [CREATE, WRITE]: sun.nio.ch.FileChannelImpl@242e32ab
2023-12-13 16:20:55,646 [s0-impl-thread1] TRACE util.FileUtils (LogUtils.java:runAndLog(49)) - Successfully ran Atomic Files.move /home/runner/work/ratis/ratis/ratis-test/target/test/data/1e4ee837/MiniRaftClusterWithGrpc24096a27/s0/9995bcbd-de20-4aba-bab8-215af6fe8c9e/current/raft-meta.tmp to /home/runner/work/ratis/ratis/ratis-test/target/test/data/1e4ee837/MiniRaftClusterWithGrpc24096a27/s0/9995bcbd-de20-4aba-bab8-215af6fe8c9e/current/raft-meta with options [REPLACE_EXISTING]
2023-12-13 16:20:55,646 [s0-impl-thread1] INFO  storage.RaftStorage (RaftStorageImpl.java:format(99)) - Storage directory /home/runner/work/ratis/ratis/ratis-test/target/test/data/1e4ee837/MiniRaftClusterWithGrpc24096a27/s0/9995bcbd-de20-4aba-bab8-215af6fe8c9e has been successfully formatted.
2023-12-13 16:20:55,646 [s0-impl-thread1] TRACE util.FileUtils (LogUtils.java:supplyAndLog(61)) - Failed to Files.newInputStream /home/runner/work/ratis/ratis/ratis-test/target/test/data/1e4ee837/MiniRaftClusterWithGrpc24096a27/s0/9995bcbd-de20-4aba-bab8-215af6fe8c9e/current/raft-meta.conf with options []
java.nio.file.NoSuchFileException: /home/runner/work/ratis/ratis/ratis-test/target/test/data/1e4ee837/MiniRaftClusterWithGrpc24096a27/s0/9995bcbd-de20-4aba-bab8-215af6fe8c9e/current/raft-meta.conf
	at java.base/sun.nio.fs.UnixException.translateToIOException(UnixException.java:92)
	at java.base/sun.nio.fs.UnixException.rethrowAsIOException(UnixException.java:111)
	at java.base/sun.nio.fs.UnixException.rethrowAsIOException(UnixException.java:116)
	at java.base/sun.nio.fs.UnixFileSystemProvider.newByteChannel(UnixFileSystemProvider.java:219)
	at java.base/java.nio.file.Files.newByteChannel(Files.java:371)
	at java.base/java.nio.file.Files.newByteChannel(Files.java:422)
	at java.base/java.nio.file.spi.FileSystemProvider.newInputStream(FileSystemProvider.java:420)
	at java.base/java.nio.file.Files.newInputStream(Files.java:156)
	at org.apache.ratis.util.FileUtils.lambda$newInputStream$2(FileUtils.java:73)
	at org.apache.ratis.util.LogUtils.supplyAndLog(LogUtils.java:58)
	at org.apache.ratis.util.FileUtils.newInputStream(FileUtils.java:72)
	at org.apache.ratis.util.FileUtils.newInputStream(FileUtils.java:68)
	at org.apache.ratis.server.storage.RaftStorageImpl.readRaftConfiguration(RaftStorageImpl.java:156)
	at org.apache.ratis.server.impl.ServerState.initialize(ServerState.java:141)
	at org.apache.ratis.server.impl.RaftServerImpl.start(RaftServerImpl.java:388)
	at org.apache.ratis.util.ConcurrentUtils.accept(ConcurrentUtils.java:203)
	at org.apache.ratis.util.ConcurrentUtils.lambda$parallelForEachAsync$4(ConcurrentUtils.java:182)
	at java.base/java.util.concurrent.ThreadPoolExecutor.runWorker(ThreadPoolExecutor.java:1128)
	at java.base/java.util.concurrent.ThreadPoolExecutor$Worker.run(ThreadPoolExecutor.java:628)
	at java.base/java.lang.Thread.run(Thread.java:829)
2023-12-13 16:20:55,647 [s0-impl-thread1] INFO  server.RaftServerConfigKeys (ConfUtils.java:logGet(46)) - raft.server.log.use.memory = false (default)
2023-12-13 16:20:55,647 [s0-impl-thread1] INFO  server.RaftServerConfigKeys (ConfUtils.java:logGet(46)) - raft.server.log.purge.gap = 1024 (default)
2023-12-13 16:20:55,647 [s0-impl-thread1] INFO  server.RaftServerConfigKeys (ConfUtils.java:logGet(46)) - raft.server.log.appender.buffer.byte-limit = 4MB (=4194304) (default)
2023-12-13 16:20:55,647 [s0-impl-thread1] INFO  server.RaftServerConfigKeys (ConfUtils.java:logGet(46)) - raft.server.log.statemachine.data.read.timeout = 1000ms (default)
2023-12-13 16:20:55,647 [s0-impl-thread1] INFO  server.RaftServerConfigKeys (ConfUtils.java:logGet(46)) - raft.server.log.purge.preservation.log.num = 0 (default)
2023-12-13 16:20:55,647 [s0-impl-thread1] INFO  server.RaftServerConfigKeys (ConfUtils.java:logGet(46)) - raft.server.log.segment.size.max = 32MB (=33554432) (default)
2023-12-13 16:20:55,647 [s0-impl-thread1] INFO  server.RaftServerConfigKeys (ConfUtils.java:logGet(46)) - raft.server.log.segment.cache.num.max = 6 (default)
2023-12-13 16:20:55,647 [s0-impl-thread1] INFO  server.RaftServerConfigKeys (ConfUtils.java:logGet(46)) - raft.server.log.segment.cache.size.max = 200MB (=209715200) (default)
2023-12-13 16:20:55,647 [s0-impl-thread1] INFO  server.RaftServerConfigKeys (ConfUtils.java:logGet(46)) - raft.server.log.appender.buffer.byte-limit = 4MB (=4194304) (default)
2023-12-13 16:20:55,647 [s0-impl-thread1] INFO  util.AwaitToRun (AwaitToRun.java:start(81)) - Thread[s0@group-215AF6FE8C9E-cacheEviction-AwaitToRun,5,main] started
2023-12-13 16:20:55,648 [s0-impl-thread1] INFO  segmented.SegmentedRaftLogWorker (SegmentedRaftLogWorker.java:<init>(182)) - new s0@group-215AF6FE8C9E-SegmentedRaftLogWorker for RaftStorageImpl:Storage Directory /home/runner/work/ratis/ratis/ratis-test/target/test/data/1e4ee837/MiniRaftClusterWithGrpc24096a27/s0/9995bcbd-de20-4aba-bab8-215af6fe8c9e
2023-12-13 16:20:55,648 [s0-impl-thread1] INFO  server.RaftServerConfigKeys (ConfUtils.java:logGet(46)) - raft.server.log.queue.byte-limit = 64MB (=67108864) (default)
2023-12-13 16:20:55,648 [s0-impl-thread1] INFO  server.RaftServerConfigKeys (ConfUtils.java:logGet(46)) - raft.server.log.queue.element-limit = 4096 (default)
2023-12-13 16:20:55,648 [s0-impl-thread1] INFO  server.RaftServerConfigKeys (ConfUtils.java:logGet(46)) - raft.server.log.segment.size.max = 32MB (=33554432) (default)
2023-12-13 16:20:55,648 [s0-impl-thread1] INFO  server.RaftServerConfigKeys (ConfUtils.java:logGet(46)) - raft.server.log.preallocated.size = 4MB (=4194304) (default)
2023-12-13 16:20:55,648 [s0-impl-thread1] INFO  server.RaftServerConfigKeys (ConfUtils.java:logGet(46)) - raft.server.log.force.sync.num = 128 (default)
2023-12-13 16:20:55,648 [s0-impl-thread1] INFO  server.RaftServerConfigKeys (ConfUtils.java:logGet(46)) - raft.server.log.statemachine.data.sync = true (default)
2023-12-13 16:20:55,648 [s0-impl-thread1] INFO  server.RaftServerConfigKeys (ConfUtils.java:logGet(46)) - raft.server.log.statemachine.data.sync.timeout = 10s (default)
2023-12-13 16:20:55,648 [s0-impl-thread1] INFO  server.RaftServerConfigKeys (ConfUtils.java:logGet(46)) - raft.server.log.statemachine.data.sync.timeout.retry = -1 (default)
2023-12-13 16:20:55,648 [s0-impl-thread1] INFO  server.RaftServerConfigKeys (ConfUtils.java:logGet(46)) - raft.server.log.write.buffer.size = 8MB (=8388608) (default)
2023-12-13 16:20:55,650 [s0-impl-thread1] INFO  server.RaftServerConfigKeys (ConfUtils.java:logGet(46)) - raft.server.log.appender.buffer.byte-limit = 4MB (=4194304) (default)
2023-12-13 16:20:55,650 [s0-impl-thread1] INFO  server.RaftServerConfigKeys (ConfUtils.java:logGet(46)) - raft.server.log.unsafe-flush.enabled = false (default)
2023-12-13 16:20:55,650 [s0-impl-thread1] INFO  server.RaftServerConfigKeys (ConfUtils.java:logGet(46)) - raft.server.log.async-flush.enabled = false (default)
2023-12-13 16:20:55,650 [s0-impl-thread1] INFO  server.RaftServerConfigKeys (ConfUtils.java:logGet(46)) - raft.server.log.statemachine.data.caching.enabled = false (default)
2023-12-13 16:20:55,650 [s0-impl-thread1] INFO  segmented.SegmentedRaftLogWorker (SegmentedRaftLogWorker.java:lambda$new$0(134)) - s0@group-215AF6FE8C9E-SegmentedRaftLogWorker: flushIndex: setUnconditionally 0 -> -1
2023-12-13 16:20:55,650 [s0-impl-thread1] INFO  segmented.SegmentedRaftLogWorker (SegmentedRaftLogWorker.java:lambda$new$0(134)) - s0@group-215AF6FE8C9E-SegmentedRaftLogWorker: safeCacheEvictIndex: setUnconditionally 0 -> -1
2023-12-13 16:20:55,650 [s0-impl-thread1] INFO  server.RaftServer$Division (RaftServerImpl.java:start(398)) - s0@group-215AF6FE8C9E: start with initializing state, conf=-1: peers:[]|listeners:[], old=null
2023-12-13 16:20:55,651 [s0-impl-thread1] INFO  server.RaftServer$Division (RaftServerImpl.java:setRole(379)) - s0@group-215AF6FE8C9E: changes role from      null to FOLLOWER at term 0 for startInitializing
2023-12-13 16:20:55,651 [s0-impl-thread1] INFO  util.JmxRegister (JmxRegister.java:tryRegister(44)) - Successfully registered JMX Bean with object name Ratis:service=RaftServer,group=group-215AF6FE8C9E,id=s0
2023-12-13 16:20:55,651 [s0-impl-thread1] INFO  server.RaftServerConfigKeys (ConfUtils.java:logGet(46)) - raft.server.snapshot.trigger-when-stop.enabled = true (default)
2023-12-13 16:20:55,651 [s0-impl-thread1] INFO  server.RaftServerConfigKeys (ConfUtils.java:logGet(46)) - raft.server.snapshot.auto.trigger.enabled = false (default)
2023-12-13 16:20:55,651 [s0-impl-thread1] INFO  server.RaftServerConfigKeys (ConfUtils.java:logGet(46)) - raft.server.snapshot.retention.file.num = -1 (default)
2023-12-13 16:20:55,651 [s0-impl-thread1] INFO  server.RaftServerConfigKeys (ConfUtils.java:logGet(46)) - raft.server.log.purge.upto.snapshot.index = false (default)
2023-12-13 16:20:55,651 [Time-limited test] INFO  server.RaftServer (RaftServerProxy.java:startImpl(406)) - s0: start RPC server
2023-12-13 16:20:55,652 [Time-limited test] INFO  server.GrpcService (GrpcService.java:startImpl(302)) - s0: GrpcService started, listening on 42169
2023-12-13 16:20:55,652 [JvmPauseMonitor25] INFO  util.JvmPauseMonitor (JvmPauseMonitor.java:run(146)) - JvmPauseMonitor-s0: Started
2023-12-13 16:20:55,652 [s1-impl-thread1] INFO  server.RaftServerConfigKeys (ConfUtils.java:logGet(46)) - raft.server.storage.free-space.min = 0MB (=0) (default)
2023-12-13 16:20:55,652 [s1-impl-thread1] INFO  server.RaftServerConfigKeys (ConfUtils.java:logGet(46)) - raft.server.log.corruption.policy = EXCEPTION (default)
2023-12-13 16:20:55,653 [s1-impl-thread1] INFO  server.RaftServerConfigKeys (ConfUtils.java:logGet(46)) - raft.server.storage.dir = [/home/runner/work/ratis/ratis/ratis-test/target/test/data/1e4ee837/MiniRaftClusterWithGrpc24096a27/s1] (custom)
2023-12-13 16:20:55,653 [s1-impl-thread1] INFO  storage.RaftStorageDirectory (RaftStorageDirectoryImpl.java:analyzeStorage(138)) - The storage directory /home/runner/work/ratis/ratis/ratis-test/target/test/data/1e4ee837/MiniRaftClusterWithGrpc24096a27/s1/9995bcbd-de20-4aba-bab8-215af6fe8c9e does not exist. Creating ...
2023-12-13 16:20:55,653 [s1-impl-thread1] TRACE util.FileUtils (LogUtils.java:runAndLog(49)) - Successfully ran Files.createDirectories /home/runner/work/ratis/ratis/ratis-test/target/test/data/1e4ee837/MiniRaftClusterWithGrpc24096a27/s1/9995bcbd-de20-4aba-bab8-215af6fe8c9e
2023-12-13 16:20:55,654 [s1-impl-thread1] INFO  storage.RaftStorageDirectory (RaftStorageDirectoryImpl.java:tryLock(228)) - Lock on /home/runner/work/ratis/ratis/ratis-test/target/test/data/1e4ee837/MiniRaftClusterWithGrpc24096a27/s1/9995bcbd-de20-4aba-bab8-215af6fe8c9e/in_use.lock acquired by nodename 10819@fv-az890-872
2023-12-13 16:20:55,654 [s1-impl-thread1] TRACE util.FileUtils (LogUtils.java:runAndLog(49)) - Successfully ran Files.createDirectories /home/runner/work/ratis/ratis/ratis-test/target/test/data/1e4ee837/MiniRaftClusterWithGrpc24096a27/s1/9995bcbd-de20-4aba-bab8-215af6fe8c9e/current
2023-12-13 16:20:55,654 [s1-impl-thread1] TRACE util.FileUtils (LogUtils.java:runAndLog(49)) - Successfully ran Files.createDirectories /home/runner/work/ratis/ratis/ratis-test/target/test/data/1e4ee837/MiniRaftClusterWithGrpc24096a27/s1/9995bcbd-de20-4aba-bab8-215af6fe8c9e/sm
2023-12-13 16:20:55,654 [s1-impl-thread1] TRACE util.FileUtils (LogUtils.java:supplyAndLog(69)) - Successfully supplied FileChannel.open /home/runner/work/ratis/ratis/ratis-test/target/test/data/1e4ee837/MiniRaftClusterWithGrpc24096a27/s1/9995bcbd-de20-4aba-bab8-215af6fe8c9e/current/raft-meta.tmp with options [CREATE, WRITE]: sun.nio.ch.FileChannelImpl@26e6c6d9
2023-12-13 16:20:55,655 [s1-impl-thread1] TRACE util.FileUtils (LogUtils.java:runAndLog(49)) - Successfully ran Atomic Files.move /home/runner/work/ratis/ratis/ratis-test/target/test/data/1e4ee837/MiniRaftClusterWithGrpc24096a27/s1/9995bcbd-de20-4aba-bab8-215af6fe8c9e/current/raft-meta.tmp to /home/runner/work/ratis/ratis/ratis-test/target/test/data/1e4ee837/MiniRaftClusterWithGrpc24096a27/s1/9995bcbd-de20-4aba-bab8-215af6fe8c9e/current/raft-meta with options [REPLACE_EXISTING]
2023-12-13 16:20:55,655 [s1-impl-thread1] INFO  storage.RaftStorage (RaftStorageImpl.java:format(99)) - Storage directory /home/runner/work/ratis/ratis/ratis-test/target/test/data/1e4ee837/MiniRaftClusterWithGrpc24096a27/s1/9995bcbd-de20-4aba-bab8-215af6fe8c9e has been successfully formatted.
2023-12-13 16:20:55,655 [s1-impl-thread1] TRACE util.FileUtils (LogUtils.java:supplyAndLog(61)) - Failed to Files.newInputStream /home/runner/work/ratis/ratis/ratis-test/target/test/data/1e4ee837/MiniRaftClusterWithGrpc24096a27/s1/9995bcbd-de20-4aba-bab8-215af6fe8c9e/current/raft-meta.conf with options []
java.nio.file.NoSuchFileException: /home/runner/work/ratis/ratis/ratis-test/target/test/data/1e4ee837/MiniRaftClusterWithGrpc24096a27/s1/9995bcbd-de20-4aba-bab8-215af6fe8c9e/current/raft-meta.conf
	at java.base/sun.nio.fs.UnixException.translateToIOException(UnixException.java:92)
	at java.base/sun.nio.fs.UnixException.rethrowAsIOException(UnixException.java:111)
	at java.base/sun.nio.fs.UnixException.rethrowAsIOException(UnixException.java:116)
	at java.base/sun.nio.fs.UnixFileSystemProvider.newByteChannel(UnixFileSystemProvider.java:219)
	at java.base/java.nio.file.Files.newByteChannel(Files.java:371)
	at java.base/java.nio.file.Files.newByteChannel(Files.java:422)
	at java.base/java.nio.file.spi.FileSystemProvider.newInputStream(FileSystemProvider.java:420)
	at java.base/java.nio.file.Files.newInputStream(Files.java:156)
	at org.apache.ratis.util.FileUtils.lambda$newInputStream$2(FileUtils.java:73)
	at org.apache.ratis.util.LogUtils.supplyAndLog(LogUtils.java:58)
	at org.apache.ratis.util.FileUtils.newInputStream(FileUtils.java:72)
	at org.apache.ratis.util.FileUtils.newInputStream(FileUtils.java:68)
	at org.apache.ratis.server.storage.RaftStorageImpl.readRaftConfiguration(RaftStorageImpl.java:156)
	at org.apache.ratis.server.impl.ServerState.initialize(ServerState.java:141)
	at org.apache.ratis.server.impl.RaftServerImpl.start(RaftServerImpl.java:388)
	at org.apache.ratis.util.ConcurrentUtils.accept(ConcurrentUtils.java:203)
	at org.apache.ratis.util.ConcurrentUtils.lambda$parallelForEachAsync$4(ConcurrentUtils.java:182)
	at java.base/java.util.concurrent.ThreadPoolExecutor.runWorker(ThreadPoolExecutor.java:1128)
	at java.base/java.util.concurrent.ThreadPoolExecutor$Worker.run(ThreadPoolExecutor.java:628)
	at java.base/java.lang.Thread.run(Thread.java:829)
2023-12-13 16:20:55,655 [s1-impl-thread1] INFO  server.RaftServerConfigKeys (ConfUtils.java:logGet(46)) - raft.server.log.use.memory = false (default)
2023-12-13 16:20:55,655 [s1-impl-thread1] INFO  server.RaftServerConfigKeys (ConfUtils.java:logGet(46)) - raft.server.log.purge.gap = 1024 (default)
2023-12-13 16:20:55,655 [s1-impl-thread1] INFO  server.RaftServerConfigKeys (ConfUtils.java:logGet(46)) - raft.server.log.appender.buffer.byte-limit = 4MB (=4194304) (default)
2023-12-13 16:20:55,655 [s1-impl-thread1] INFO  server.RaftServerConfigKeys (ConfUtils.java:logGet(46)) - raft.server.log.statemachine.data.read.timeout = 1000ms (default)
2023-12-13 16:20:55,655 [s1-impl-thread1] INFO  server.RaftServerConfigKeys (ConfUtils.java:logGet(46)) - raft.server.log.purge.preservation.log.num = 0 (default)
2023-12-13 16:20:55,656 [s1-impl-thread1] INFO  server.RaftServerConfigKeys (ConfUtils.java:logGet(46)) - raft.server.log.segment.size.max = 32MB (=33554432) (default)
2023-12-13 16:20:55,656 [s1-impl-thread1] INFO  server.RaftServerConfigKeys (ConfUtils.java:logGet(46)) - raft.server.log.segment.cache.num.max = 6 (default)
2023-12-13 16:20:55,656 [s1-impl-thread1] INFO  server.RaftServerConfigKeys (ConfUtils.java:logGet(46)) - raft.server.log.segment.cache.size.max = 200MB (=209715200) (default)
2023-12-13 16:20:55,656 [s1-impl-thread1] INFO  server.RaftServerConfigKeys (ConfUtils.java:logGet(46)) - raft.server.log.appender.buffer.byte-limit = 4MB (=4194304) (default)
2023-12-13 16:20:55,656 [s1-impl-thread1] INFO  util.AwaitToRun (AwaitToRun.java:start(81)) - Thread[s1@group-215AF6FE8C9E-cacheEviction-AwaitToRun,5,main] started
2023-12-13 16:20:55,656 [s1-impl-thread1] INFO  segmented.SegmentedRaftLogWorker (SegmentedRaftLogWorker.java:<init>(182)) - new s1@group-215AF6FE8C9E-SegmentedRaftLogWorker for RaftStorageImpl:Storage Directory /home/runner/work/ratis/ratis/ratis-test/target/test/data/1e4ee837/MiniRaftClusterWithGrpc24096a27/s1/9995bcbd-de20-4aba-bab8-215af6fe8c9e
2023-12-13 16:20:55,656 [s1-impl-thread1] INFO  server.RaftServerConfigKeys (ConfUtils.java:logGet(46)) - raft.server.log.queue.byte-limit = 64MB (=67108864) (default)
2023-12-13 16:20:55,656 [s1-impl-thread1] INFO  server.RaftServerConfigKeys (ConfUtils.java:logGet(46)) - raft.server.log.queue.element-limit = 4096 (default)
2023-12-13 16:20:55,656 [s1-impl-thread1] INFO  server.RaftServerConfigKeys (ConfUtils.java:logGet(46)) - raft.server.log.segment.size.max = 32MB (=33554432) (default)
2023-12-13 16:20:55,656 [s1-impl-thread1] INFO  server.RaftServerConfigKeys (ConfUtils.java:logGet(46)) - raft.server.log.preallocated.size = 4MB (=4194304) (default)
2023-12-13 16:20:55,656 [s1-impl-thread1] INFO  server.RaftServerConfigKeys (ConfUtils.java:logGet(46)) - raft.server.log.force.sync.num = 128 (default)
2023-12-13 16:20:55,656 [s1-impl-thread1] INFO  server.RaftServerConfigKeys (ConfUtils.java:logGet(46)) - raft.server.log.statemachine.data.sync = true (default)
2023-12-13 16:20:55,656 [s1-impl-thread1] INFO  server.RaftServerConfigKeys (ConfUtils.java:logGet(46)) - raft.server.log.statemachine.data.sync.timeout = 10s (default)
2023-12-13 16:20:55,656 [s1-impl-thread1] INFO  server.RaftServerConfigKeys (ConfUtils.java:logGet(46)) - raft.server.log.statemachine.data.sync.timeout.retry = -1 (default)
2023-12-13 16:20:55,656 [s1-impl-thread1] INFO  server.RaftServerConfigKeys (ConfUtils.java:logGet(46)) - raft.server.log.write.buffer.size = 8MB (=8388608) (default)
2023-12-13 16:20:55,657 [s1-impl-thread1] INFO  server.RaftServerConfigKeys (ConfUtils.java:logGet(46)) - raft.server.log.appender.buffer.byte-limit = 4MB (=4194304) (default)
2023-12-13 16:20:55,657 [s1-impl-thread1] INFO  server.RaftServerConfigKeys (ConfUtils.java:logGet(46)) - raft.server.log.unsafe-flush.enabled = false (default)
2023-12-13 16:20:55,657 [s1-impl-thread1] INFO  server.RaftServerConfigKeys (ConfUtils.java:logGet(46)) - raft.server.log.async-flush.enabled = false (default)
2023-12-13 16:20:55,657 [s1-impl-thread1] INFO  server.RaftServerConfigKeys (ConfUtils.java:logGet(46)) - raft.server.log.statemachine.data.caching.enabled = false (default)
2023-12-13 16:20:55,657 [s1-impl-thread1] INFO  segmented.SegmentedRaftLogWorker (SegmentedRaftLogWorker.java:lambda$new$0(134)) - s1@group-215AF6FE8C9E-SegmentedRaftLogWorker: flushIndex: setUnconditionally 0 -> -1
2023-12-13 16:20:55,657 [s1-impl-thread1] INFO  segmented.SegmentedRaftLogWorker (SegmentedRaftLogWorker.java:lambda$new$0(134)) - s1@group-215AF6FE8C9E-SegmentedRaftLogWorker: safeCacheEvictIndex: setUnconditionally 0 -> -1
2023-12-13 16:20:55,657 [s1-impl-thread1] INFO  server.RaftServer$Division (RaftServerImpl.java:start(398)) - s1@group-215AF6FE8C9E: start with initializing state, conf=-1: peers:[]|listeners:[], old=null
2023-12-13 16:20:55,657 [s1-impl-thread1] INFO  server.RaftServer$Division (RaftServerImpl.java:setRole(379)) - s1@group-215AF6FE8C9E: changes role from      null to FOLLOWER at term 0 for startInitializing
2023-12-13 16:20:55,657 [s1-impl-thread1] INFO  util.JmxRegister (JmxRegister.java:tryRegister(44)) - Successfully registered JMX Bean with object name Ratis:service=RaftServer,group=group-215AF6FE8C9E,id=s1
2023-12-13 16:20:55,657 [s1-impl-thread1] INFO  server.RaftServerConfigKeys (ConfUtils.java:logGet(46)) - raft.server.snapshot.trigger-when-stop.enabled = true (default)
2023-12-13 16:20:55,657 [s1-impl-thread1] INFO  server.RaftServerConfigKeys (ConfUtils.java:logGet(46)) - raft.server.snapshot.auto.trigger.enabled = false (default)
2023-12-13 16:20:55,657 [s1-impl-thread1] INFO  server.RaftServerConfigKeys (ConfUtils.java:logGet(46)) - raft.server.snapshot.retention.file.num = -1 (default)
2023-12-13 16:20:55,657 [s1-impl-thread1] INFO  server.RaftServerConfigKeys (ConfUtils.java:logGet(46)) - raft.server.log.purge.upto.snapshot.index = false (default)
2023-12-13 16:20:55,657 [Time-limited test] INFO  server.RaftServer (RaftServerProxy.java:startImpl(406)) - s1: start RPC server
2023-12-13 16:20:55,659 [Time-limited test] INFO  server.GrpcService (GrpcService.java:startImpl(302)) - s1: GrpcService started, listening on 40607
2023-12-13 16:20:55,659 [JvmPauseMonitor26] INFO  util.JvmPauseMonitor (JvmPauseMonitor.java:run(146)) - JvmPauseMonitor-s1: Started
2023-12-13 16:20:55,659 [s2-impl-thread1] INFO  server.RaftServerConfigKeys (ConfUtils.java:logGet(46)) - raft.server.storage.free-space.min = 0MB (=0) (default)
2023-12-13 16:20:55,659 [s2-impl-thread1] INFO  server.RaftServerConfigKeys (ConfUtils.java:logGet(46)) - raft.server.log.corruption.policy = EXCEPTION (default)
2023-12-13 16:20:55,659 [s2-impl-thread1] INFO  server.RaftServerConfigKeys (ConfUtils.java:logGet(46)) - raft.server.storage.dir = [/home/runner/work/ratis/ratis/ratis-test/target/test/data/1e4ee837/MiniRaftClusterWithGrpc24096a27/s2] (custom)
2023-12-13 16:20:55,659 [s2-impl-thread1] INFO  storage.RaftStorageDirectory (RaftStorageDirectoryImpl.java:analyzeStorage(138)) - The storage directory /home/runner/work/ratis/ratis/ratis-test/target/test/data/1e4ee837/MiniRaftClusterWithGrpc24096a27/s2/9995bcbd-de20-4aba-bab8-215af6fe8c9e does not exist. Creating ...
2023-12-13 16:20:55,659 [s2-impl-thread1] TRACE util.FileUtils (LogUtils.java:runAndLog(49)) - Successfully ran Files.createDirectories /home/runner/work/ratis/ratis/ratis-test/target/test/data/1e4ee837/MiniRaftClusterWithGrpc24096a27/s2/9995bcbd-de20-4aba-bab8-215af6fe8c9e
2023-12-13 16:20:55,660 [s2-impl-thread1] INFO  storage.RaftStorageDirectory (RaftStorageDirectoryImpl.java:tryLock(228)) - Lock on /home/runner/work/ratis/ratis/ratis-test/target/test/data/1e4ee837/MiniRaftClusterWithGrpc24096a27/s2/9995bcbd-de20-4aba-bab8-215af6fe8c9e/in_use.lock acquired by nodename 10819@fv-az890-872
2023-12-13 16:20:55,660 [s2-impl-thread1] TRACE util.FileUtils (LogUtils.java:runAndLog(49)) - Successfully ran Files.createDirectories /home/runner/work/ratis/ratis/ratis-test/target/test/data/1e4ee837/MiniRaftClusterWithGrpc24096a27/s2/9995bcbd-de20-4aba-bab8-215af6fe8c9e/current
2023-12-13 16:20:55,660 [s2-impl-thread1] TRACE util.FileUtils (LogUtils.java:runAndLog(49)) - Successfully ran Files.createDirectories /home/runner/work/ratis/ratis/ratis-test/target/test/data/1e4ee837/MiniRaftClusterWithGrpc24096a27/s2/9995bcbd-de20-4aba-bab8-215af6fe8c9e/sm
2023-12-13 16:20:55,661 [s2-impl-thread1] TRACE util.FileUtils (LogUtils.java:supplyAndLog(69)) - Successfully supplied FileChannel.open /home/runner/work/ratis/ratis/ratis-test/target/test/data/1e4ee837/MiniRaftClusterWithGrpc24096a27/s2/9995bcbd-de20-4aba-bab8-215af6fe8c9e/current/raft-meta.tmp with options [CREATE, WRITE]: sun.nio.ch.FileChannelImpl@707c4214
2023-12-13 16:20:55,661 [s2-impl-thread1] TRACE util.FileUtils (LogUtils.java:runAndLog(49)) - Successfully ran Atomic Files.move /home/runner/work/ratis/ratis/ratis-test/target/test/data/1e4ee837/MiniRaftClusterWithGrpc24096a27/s2/9995bcbd-de20-4aba-bab8-215af6fe8c9e/current/raft-meta.tmp to /home/runner/work/ratis/ratis/ratis-test/target/test/data/1e4ee837/MiniRaftClusterWithGrpc24096a27/s2/9995bcbd-de20-4aba-bab8-215af6fe8c9e/current/raft-meta with options [REPLACE_EXISTING]
2023-12-13 16:20:55,661 [s2-impl-thread1] INFO  storage.RaftStorage (RaftStorageImpl.java:format(99)) - Storage directory /home/runner/work/ratis/ratis/ratis-test/target/test/data/1e4ee837/MiniRaftClusterWithGrpc24096a27/s2/9995bcbd-de20-4aba-bab8-215af6fe8c9e has been successfully formatted.
2023-12-13 16:20:55,661 [s2-impl-thread1] TRACE util.FileUtils (LogUtils.java:supplyAndLog(61)) - Failed to Files.newInputStream /home/runner/work/ratis/ratis/ratis-test/target/test/data/1e4ee837/MiniRaftClusterWithGrpc24096a27/s2/9995bcbd-de20-4aba-bab8-215af6fe8c9e/current/raft-meta.conf with options []
java.nio.file.NoSuchFileException: /home/runner/work/ratis/ratis/ratis-test/target/test/data/1e4ee837/MiniRaftClusterWithGrpc24096a27/s2/9995bcbd-de20-4aba-bab8-215af6fe8c9e/current/raft-meta.conf
	at java.base/sun.nio.fs.UnixException.translateToIOException(UnixException.java:92)
	at java.base/sun.nio.fs.UnixException.rethrowAsIOException(UnixException.java:111)
	at java.base/sun.nio.fs.UnixException.rethrowAsIOException(UnixException.java:116)
	at java.base/sun.nio.fs.UnixFileSystemProvider.newByteChannel(UnixFileSystemProvider.java:219)
	at java.base/java.nio.file.Files.newByteChannel(Files.java:371)
	at java.base/java.nio.file.Files.newByteChannel(Files.java:422)
	at java.base/java.nio.file.spi.FileSystemProvider.newInputStream(FileSystemProvider.java:420)
	at java.base/java.nio.file.Files.newInputStream(Files.java:156)
	at org.apache.ratis.util.FileUtils.lambda$newInputStream$2(FileUtils.java:73)
	at org.apache.ratis.util.LogUtils.supplyAndLog(LogUtils.java:58)
	at org.apache.ratis.util.FileUtils.newInputStream(FileUtils.java:72)
	at org.apache.ratis.util.FileUtils.newInputStream(FileUtils.java:68)
	at org.apache.ratis.server.storage.RaftStorageImpl.readRaftConfiguration(RaftStorageImpl.java:156)
	at org.apache.ratis.server.impl.ServerState.initialize(ServerState.java:141)
	at org.apache.ratis.server.impl.RaftServerImpl.start(RaftServerImpl.java:388)
	at org.apache.ratis.util.ConcurrentUtils.accept(ConcurrentUtils.java:203)
	at org.apache.ratis.util.ConcurrentUtils.lambda$parallelForEachAsync$4(ConcurrentUtils.java:182)
	at java.base/java.util.concurrent.ThreadPoolExecutor.runWorker(ThreadPoolExecutor.java:1128)
	at java.base/java.util.concurrent.ThreadPoolExecutor$Worker.run(ThreadPoolExecutor.java:628)
	at java.base/java.lang.Thread.run(Thread.java:829)
2023-12-13 16:20:55,661 [s2-impl-thread1] INFO  server.RaftServerConfigKeys (ConfUtils.java:logGet(46)) - raft.server.log.use.memory = false (default)
2023-12-13 16:20:55,661 [s2-impl-thread1] INFO  server.RaftServerConfigKeys (ConfUtils.java:logGet(46)) - raft.server.log.purge.gap = 1024 (default)
2023-12-13 16:20:55,661 [s2-impl-thread1] INFO  server.RaftServerConfigKeys (ConfUtils.java:logGet(46)) - raft.server.log.appender.buffer.byte-limit = 4MB (=4194304) (default)
2023-12-13 16:20:55,662 [s2-impl-thread1] INFO  server.RaftServerConfigKeys (ConfUtils.java:logGet(46)) - raft.server.log.statemachine.data.read.timeout = 1000ms (default)
2023-12-13 16:20:55,662 [s2-impl-thread1] INFO  server.RaftServerConfigKeys (ConfUtils.java:logGet(46)) - raft.server.log.purge.preservation.log.num = 0 (default)
2023-12-13 16:20:55,662 [s2-impl-thread1] INFO  server.RaftServerConfigKeys (ConfUtils.java:logGet(46)) - raft.server.log.segment.size.max = 32MB (=33554432) (default)
2023-12-13 16:20:55,662 [s2-impl-thread1] INFO  server.RaftServerConfigKeys (ConfUtils.java:logGet(46)) - raft.server.log.segment.cache.num.max = 6 (default)
2023-12-13 16:20:55,662 [s2-impl-thread1] INFO  server.RaftServerConfigKeys (ConfUtils.java:logGet(46)) - raft.server.log.segment.cache.size.max = 200MB (=209715200) (default)
2023-12-13 16:20:55,662 [s2-impl-thread1] INFO  server.RaftServerConfigKeys (ConfUtils.java:logGet(46)) - raft.server.log.appender.buffer.byte-limit = 4MB (=4194304) (default)
2023-12-13 16:20:55,662 [s2-impl-thread1] INFO  util.AwaitToRun (AwaitToRun.java:start(81)) - Thread[s2@group-215AF6FE8C9E-cacheEviction-AwaitToRun,5,main] started
2023-12-13 16:20:55,662 [s2-impl-thread1] INFO  segmented.SegmentedRaftLogWorker (SegmentedRaftLogWorker.java:<init>(182)) - new s2@group-215AF6FE8C9E-SegmentedRaftLogWorker for RaftStorageImpl:Storage Directory /home/runner/work/ratis/ratis/ratis-test/target/test/data/1e4ee837/MiniRaftClusterWithGrpc24096a27/s2/9995bcbd-de20-4aba-bab8-215af6fe8c9e
2023-12-13 16:20:55,662 [s2-impl-thread1] INFO  server.RaftServerConfigKeys (ConfUtils.java:logGet(46)) - raft.server.log.queue.byte-limit = 64MB (=67108864) (default)
2023-12-13 16:20:55,662 [s2-impl-thread1] INFO  server.RaftServerConfigKeys (ConfUtils.java:logGet(46)) - raft.server.log.queue.element-limit = 4096 (default)
2023-12-13 16:20:55,662 [s2-impl-thread1] INFO  server.RaftServerConfigKeys (ConfUtils.java:logGet(46)) - raft.server.log.segment.size.max = 32MB (=33554432) (default)
2023-12-13 16:20:55,662 [s2-impl-thread1] INFO  server.RaftServerConfigKeys (ConfUtils.java:logGet(46)) - raft.server.log.preallocated.size = 4MB (=4194304) (default)
2023-12-13 16:20:55,662 [s2-impl-thread1] INFO  server.RaftServerConfigKeys (ConfUtils.java:logGet(46)) - raft.server.log.force.sync.num = 128 (default)
2023-12-13 16:20:55,662 [s2-impl-thread1] INFO  server.RaftServerConfigKeys (ConfUtils.java:logGet(46)) - raft.server.log.statemachine.data.sync = true (default)
2023-12-13 16:20:55,662 [s2-impl-thread1] INFO  server.RaftServerConfigKeys (ConfUtils.java:logGet(46)) - raft.server.log.statemachine.data.sync.timeout = 10s (default)
2023-12-13 16:20:55,662 [s2-impl-thread1] INFO  server.RaftServerConfigKeys (ConfUtils.java:logGet(46)) - raft.server.log.statemachine.data.sync.timeout.retry = -1 (default)
2023-12-13 16:20:55,662 [s2-impl-thread1] INFO  server.RaftServerConfigKeys (ConfUtils.java:logGet(46)) - raft.server.log.write.buffer.size = 8MB (=8388608) (default)
2023-12-13 16:20:55,664 [s2-impl-thread1] INFO  server.RaftServerConfigKeys (ConfUtils.java:logGet(46)) - raft.server.log.appender.buffer.byte-limit = 4MB (=4194304) (default)
2023-12-13 16:20:55,664 [s2-impl-thread1] INFO  server.RaftServerConfigKeys (ConfUtils.java:logGet(46)) - raft.server.log.unsafe-flush.enabled = false (default)
2023-12-13 16:20:55,664 [s2-impl-thread1] INFO  server.RaftServerConfigKeys (ConfUtils.java:logGet(46)) - raft.server.log.async-flush.enabled = false (default)
2023-12-13 16:20:55,664 [s2-impl-thread1] INFO  server.RaftServerConfigKeys (ConfUtils.java:logGet(46)) - raft.server.log.statemachine.data.caching.enabled = false (default)
2023-12-13 16:20:55,664 [s2-impl-thread1] INFO  segmented.SegmentedRaftLogWorker (SegmentedRaftLogWorker.java:lambda$new$0(134)) - s2@group-215AF6FE8C9E-SegmentedRaftLogWorker: flushIndex: setUnconditionally 0 -> -1
2023-12-13 16:20:55,664 [s2-impl-thread1] INFO  segmented.SegmentedRaftLogWorker (SegmentedRaftLogWorker.java:lambda$new$0(134)) - s2@group-215AF6FE8C9E-SegmentedRaftLogWorker: safeCacheEvictIndex: setUnconditionally 0 -> -1
2023-12-13 16:20:55,664 [s2-impl-thread1] INFO  server.RaftServer$Division (RaftServerImpl.java:start(398)) - s2@group-215AF6FE8C9E: start with initializing state, conf=-1: peers:[]|listeners:[], old=null
2023-12-13 16:20:55,664 [s2-impl-thread1] INFO  server.RaftServer$Division (RaftServerImpl.java:setRole(379)) - s2@group-215AF6FE8C9E: changes role from      null to FOLLOWER at term 0 for startInitializing
2023-12-13 16:20:55,664 [s2-impl-thread1] INFO  util.JmxRegister (JmxRegister.java:tryRegister(44)) - Successfully registered JMX Bean with object name Ratis:service=RaftServer,group=group-215AF6FE8C9E,id=s2
2023-12-13 16:20:55,664 [s2-impl-thread1] INFO  server.RaftServerConfigKeys (ConfUtils.java:logGet(46)) - raft.server.snapshot.trigger-when-stop.enabled = true (default)
2023-12-13 16:20:55,664 [s2-impl-thread1] INFO  server.RaftServerConfigKeys (ConfUtils.java:logGet(46)) - raft.server.snapshot.auto.trigger.enabled = false (default)
2023-12-13 16:20:55,664 [s2-impl-thread1] INFO  server.RaftServerConfigKeys (ConfUtils.java:logGet(46)) - raft.server.snapshot.retention.file.num = -1 (default)
2023-12-13 16:20:55,664 [s2-impl-thread1] INFO  server.RaftServerConfigKeys (ConfUtils.java:logGet(46)) - raft.server.log.purge.upto.snapshot.index = false (default)
2023-12-13 16:20:55,665 [Time-limited test] INFO  server.RaftServer (RaftServerProxy.java:startImpl(406)) - s2: start RPC server
2023-12-13 16:20:55,665 [Time-limited test] INFO  server.GrpcService (GrpcService.java:startImpl(302)) - s2: GrpcService started, listening on 39939
2023-12-13 16:20:55,665 [JvmPauseMonitor27] INFO  util.JvmPauseMonitor (JvmPauseMonitor.java:run(146)) - JvmPauseMonitor-s2: Started
2023-12-13 16:20:56,666 [Time-limited test] INFO  impl.GroupManagementBaseTest (GroupManagementBaseTest.java:runMultiGroupTest(267)) - start: printing ALL groups
  s3:  RUNNING  FOLLOWER s3@group-215AF6FE8C9E:t0, leader=null, voted=, raftlog=Memoized:s3@group-215AF6FE8C9E-SegmentedRaftLog:OPENED:c-1, conf=-1: peers:[]|listeners:[], old=null STARTING
  s4:  RUNNING  FOLLOWER s4@group-215AF6FE8C9E:t0, leader=null, voted=, raftlog=Memoized:s4@group-215AF6FE8C9E-SegmentedRaftLog:OPENED:c-1, conf=-1: peers:[]|listeners:[], old=null STARTING
  s5:  RUNNING  FOLLOWER s5@group-215AF6FE8C9E:t0, leader=null, voted=, raftlog=Memoized:s5@group-215AF6FE8C9E-SegmentedRaftLog:OPENED:c-1, conf=-1: peers:[]|listeners:[], old=null STARTING
  s6:  RUNNING  FOLLOWER s6@group-215AF6FE8C9E:t0, leader=null, voted=, raftlog=Memoized:s6@group-215AF6FE8C9E-SegmentedRaftLog:OPENED:c-1, conf=-1: peers:[]|listeners:[], old=null STARTING
  s7:  RUNNING  FOLLOWER s7@group-215AF6FE8C9E:t0, leader=null, voted=, raftlog=Memoized:s7@group-215AF6FE8C9E-SegmentedRaftLog:OPENED:c-1, conf=-1: peers:[]|listeners:[], old=null STARTING
  s8:  RUNNING  FOLLOWER s8@group-215AF6FE8C9E:t0, leader=null, voted=, raftlog=Memoized:s8@group-215AF6FE8C9E-SegmentedRaftLog:OPENED:c-1, conf=-1: peers:[]|listeners:[], old=null STARTING
  s0:  RUNNING  FOLLOWER s0@group-215AF6FE8C9E:t0, leader=null, voted=, raftlog=Memoized:s0@group-215AF6FE8C9E-SegmentedRaftLog:OPENED:c-1, conf=-1: peers:[]|listeners:[], old=null STARTING
  s1:  RUNNING  FOLLOWER s1@group-215AF6FE8C9E:t0, leader=null, voted=, raftlog=Memoized:s1@group-215AF6FE8C9E-SegmentedRaftLog:OPENED:c-1, conf=-1: peers:[]|listeners:[], old=null STARTING
  s2:  RUNNING  FOLLOWER s2@group-215AF6FE8C9E:t0, leader=null, voted=, raftlog=Memoized:s2@group-215AF6FE8C9E-SegmentedRaftLog:OPENED:c-1, conf=-1: peers:[]|listeners:[], old=null STARTING
2023-12-13 16:20:56,666 [Time-limited test] INFO  impl.GroupManagementBaseTest (GroupManagementBaseTest.java:runMultiGroupTest(281)) - 0) starting group-E7953D37B758:[s3|0.0.0.0:35783, s4|0.0.0.0:45543, s0|0.0.0.0:42169, s1|0.0.0.0:40607, s2|0.0.0.0:39939]
2023-12-13 16:20:56,666 [Time-limited test] DEBUG client.RaftClient (ConfUtils.java:logGet(46)) - raft.rpc.type = GRPC (default)
2023-12-13 16:20:56,671 [grpc-default-executor-0] INFO  server.RaftServer (RaftServerProxy.java:addNew(100)) - s0: addNew group-E7953D37B758:[s3|0.0.0.0:35783, s4|0.0.0.0:45543, s0|0.0.0.0:42169, s1|0.0.0.0:40607, s2|0.0.0.0:39939] returns group-E7953D37B758:java.util.concurrent.CompletableFuture@34d4c57d[Not completed]
2023-12-13 16:20:56,671 [s0-groupManagement] INFO  server.RaftServer$Division (RaftServerImpl.java:<init>(256)) - s0: new RaftServerImpl for group-E7953D37B758:[s3|0.0.0.0:35783, s4|0.0.0.0:45543, s0|0.0.0.0:42169, s1|0.0.0.0:40607, s2|0.0.0.0:39939] with BaseStateMachine:uninitialized
2023-12-13 16:20:56,671 [s0-groupManagement] INFO  server.RaftServerConfigKeys (ConfUtils.java:logGet(46)) - raft.server.rpc.timeout.min = 1500ms (custom)
2023-12-13 16:20:56,671 [s0-groupManagement] INFO  server.RaftServerConfigKeys (ConfUtils.java:logGet(46)) - raft.server.rpc.timeout.max = 2000ms (custom)
2023-12-13 16:20:56,671 [s0-groupManagement] INFO  server.RaftServerConfigKeys (ConfUtils.java:logGet(46)) - raft.server.rpc.sleep.time = 25ms (default)
2023-12-13 16:20:56,671 [s0-groupManagement] INFO  server.RaftServerConfigKeys (ConfUtils.java:logGet(46)) - raft.server.rpc.slowness.timeout = 60s (default)
2023-12-13 16:20:56,671 [s0-groupManagement] INFO  server.RaftServerConfigKeys (ConfUtils.java:logGet(46)) - raft.server.leaderelection.leader.step-down.wait-time = 10s (default)
2023-12-13 16:20:56,671 [s0-groupManagement] INFO  server.RaftServerConfigKeys (ConfUtils.java:logGet(46)) - raft.server.leaderelection.member.majority-add = false (default)
2023-12-13 16:20:56,671 [s0-groupManagement] INFO  server.RaftServerConfigKeys (ConfUtils.java:logGet(46)) - raft.server.sleep.deviation.threshold = 300ms (default)
2023-12-13 16:20:56,671 [s0-groupManagement] INFO  server.RaftServer$Division (ServerState.java:<init>(113)) - s0@group-E7953D37B758: ConfigurationManager, init=-1: peers:[s3|0.0.0.0:35783, s4|0.0.0.0:45543, s0|0.0.0.0:42169, s1|0.0.0.0:40607, s2|0.0.0.0:39939]|listeners:[], old=null, confs=<EMPTY_MAP>
2023-12-13 16:20:56,671 [s0-groupManagement] INFO  server.RaftServerConfigKeys (ConfUtils.java:logGet(46)) - raft.server.notification.no-leader.timeout = 60s (default)
2023-12-13 16:20:56,671 [s0-groupManagement] INFO  server.RaftServerConfigKeys (ConfUtils.java:logGet(46)) - raft.server.read.timeout = 10s (default)
2023-12-13 16:20:56,671 [s0-groupManagement] INFO  server.RaftServerConfigKeys (ConfUtils.java:logGet(46)) - raft.server.retrycache.expirytime = 60s (default)
2023-12-13 16:20:56,671 [s0-groupManagement] INFO  server.RaftServerConfigKeys (ConfUtils.java:logGet(46)) - raft.server.retrycache.statistics.expirytime = 100ms (default)
2023-12-13 16:20:56,671 [s0-groupManagement] INFO  server.RaftServerConfigKeys (ConfUtils.java:logGet(46)) - raft.server.read.option = DEFAULT (default)
2023-12-13 16:20:56,671 [s0-groupManagement] INFO  server.RaftServerConfigKeys (ConfUtils.java:logGet(46)) - raft.server.read.read-after-write-consistent.write-index-cache.expiry-time = 60s (default)
2023-12-13 16:20:56,672 [s0-groupManagement] INFO  server.RaftServerConfigKeys (ConfUtils.java:logGet(46)) - raft.server.rpc.request.timeout = 3000ms (default)
2023-12-13 16:20:56,672 [s0-groupManagement] INFO  server.RaftServerConfigKeys (ConfUtils.java:logGet(46)) - raft.server.log.appender.install.snapshot.enabled = true (default)
2023-12-13 16:20:56,672 [s0-groupManagement] INFO  server.RaftServerConfigKeys (ConfUtils.java:logGet(46)) - raft.server.threadpool.server.cached = true (default)
2023-12-13 16:20:56,672 [s0-groupManagement] INFO  server.RaftServerConfigKeys (ConfUtils.java:logGet(46)) - raft.server.threadpool.server.size = 0 (default)
2023-12-13 16:20:56,672 [s0-groupManagement] INFO  server.RaftServerConfigKeys (ConfUtils.java:logGet(46)) - raft.server.threadpool.client.cached = true (default)
2023-12-13 16:20:56,672 [s0-groupManagement] INFO  server.RaftServerConfigKeys (ConfUtils.java:logGet(46)) - raft.server.threadpool.client.size = 0 (default)
2023-12-13 16:20:56,672 [s0-groupManagement] DEBUG server.RaftServer (RaftServerProxy.java:lambda$groupAddAsync$13(507)) - s0: newImpl =      null s0@group-E7953D37B758:t0, leader=null, voted=null, raftlog=UNINITIALIZED, conf=-1: peers:[s3|0.0.0.0:35783, s4|0.0.0.0:45543, s0|0.0.0.0:42169, s1|0.0.0.0:40607, s2|0.0.0.0:39939]|listeners:[], old=null NEW
2023-12-13 16:20:56,672 [s0-groupManagement] INFO  server.RaftServerConfigKeys (ConfUtils.java:logGet(46)) - raft.server.storage.free-space.min = 0MB (=0) (default)
2023-12-13 16:20:56,672 [s0-groupManagement] INFO  server.RaftServerConfigKeys (ConfUtils.java:logGet(46)) - raft.server.log.corruption.policy = EXCEPTION (default)
2023-12-13 16:20:56,672 [s0-groupManagement] INFO  server.RaftServerConfigKeys (ConfUtils.java:logGet(46)) - raft.server.storage.dir = [/home/runner/work/ratis/ratis/ratis-test/target/test/data/1e4ee837/MiniRaftClusterWithGrpc24096a27/s0] (custom)
2023-12-13 16:20:56,672 [s0-groupManagement] INFO  storage.RaftStorageDirectory (RaftStorageDirectoryImpl.java:analyzeStorage(138)) - The storage directory /home/runner/work/ratis/ratis/ratis-test/target/test/data/1e4ee837/MiniRaftClusterWithGrpc24096a27/s0/76edff82-45fd-4d72-a0c3-e7953d37b758 does not exist. Creating ...
2023-12-13 16:20:56,672 [s0-groupManagement] TRACE util.FileUtils (LogUtils.java:runAndLog(49)) - Successfully ran Files.createDirectories /home/runner/work/ratis/ratis/ratis-test/target/test/data/1e4ee837/MiniRaftClusterWithGrpc24096a27/s0/76edff82-45fd-4d72-a0c3-e7953d37b758
2023-12-13 16:20:56,682 [s0-groupManagement] INFO  storage.RaftStorageDirectory (RaftStorageDirectoryImpl.java:tryLock(228)) - Lock on /home/runner/work/ratis/ratis/ratis-test/target/test/data/1e4ee837/MiniRaftClusterWithGrpc24096a27/s0/76edff82-45fd-4d72-a0c3-e7953d37b758/in_use.lock acquired by nodename 10819@fv-az890-872
2023-12-13 16:20:56,682 [s0-groupManagement] TRACE util.FileUtils (LogUtils.java:runAndLog(49)) - Successfully ran Files.createDirectories /home/runner/work/ratis/ratis/ratis-test/target/test/data/1e4ee837/MiniRaftClusterWithGrpc24096a27/s0/76edff82-45fd-4d72-a0c3-e7953d37b758/current
2023-12-13 16:20:56,682 [s0-groupManagement] TRACE util.FileUtils (LogUtils.java:runAndLog(49)) - Successfully ran Files.createDirectories /home/runner/work/ratis/ratis/ratis-test/target/test/data/1e4ee837/MiniRaftClusterWithGrpc24096a27/s0/76edff82-45fd-4d72-a0c3-e7953d37b758/sm
2023-12-13 16:20:56,682 [s0-groupManagement] TRACE util.FileUtils (LogUtils.java:supplyAndLog(69)) - Successfully supplied FileChannel.open /home/runner/work/ratis/ratis/ratis-test/target/test/data/1e4ee837/MiniRaftClusterWithGrpc24096a27/s0/76edff82-45fd-4d72-a0c3-e7953d37b758/current/raft-meta.tmp with options [CREATE, WRITE]: sun.nio.ch.FileChannelImpl@6cd9c14f
2023-12-13 16:20:56,684 [s0-groupManagement] TRACE util.FileUtils (LogUtils.java:runAndLog(49)) - Successfully ran Atomic Files.move /home/runner/work/ratis/ratis/ratis-test/target/test/data/1e4ee837/MiniRaftClusterWithGrpc24096a27/s0/76edff82-45fd-4d72-a0c3-e7953d37b758/current/raft-meta.tmp to /home/runner/work/ratis/ratis/ratis-test/target/test/data/1e4ee837/MiniRaftClusterWithGrpc24096a27/s0/76edff82-45fd-4d72-a0c3-e7953d37b758/current/raft-meta with options [REPLACE_EXISTING]
2023-12-13 16:20:56,684 [s0-groupManagement] INFO  storage.RaftStorage (RaftStorageImpl.java:format(99)) - Storage directory /home/runner/work/ratis/ratis/ratis-test/target/test/data/1e4ee837/MiniRaftClusterWithGrpc24096a27/s0/76edff82-45fd-4d72-a0c3-e7953d37b758 has been successfully formatted.
2023-12-13 16:20:56,685 [s0-groupManagement] TRACE util.FileUtils (LogUtils.java:supplyAndLog(61)) - Failed to Files.newInputStream /home/runner/work/ratis/ratis/ratis-test/target/test/data/1e4ee837/MiniRaftClusterWithGrpc24096a27/s0/76edff82-45fd-4d72-a0c3-e7953d37b758/current/raft-meta.conf with options []
java.nio.file.NoSuchFileException: /home/runner/work/ratis/ratis/ratis-test/target/test/data/1e4ee837/MiniRaftClusterWithGrpc24096a27/s0/76edff82-45fd-4d72-a0c3-e7953d37b758/current/raft-meta.conf
	at java.base/sun.nio.fs.UnixException.translateToIOException(UnixException.java:92)
	at java.base/sun.nio.fs.UnixException.rethrowAsIOException(UnixException.java:111)
	at java.base/sun.nio.fs.UnixException.rethrowAsIOException(UnixException.java:116)
	at java.base/sun.nio.fs.UnixFileSystemProvider.newByteChannel(UnixFileSystemProvider.java:219)
	at java.base/java.nio.file.Files.newByteChannel(Files.java:371)
	at java.base/java.nio.file.Files.newByteChannel(Files.java:422)
	at java.base/java.nio.file.spi.FileSystemProvider.newInputStream(FileSystemProvider.java:420)
	at java.base/java.nio.file.Files.newInputStream(Files.java:156)
	at org.apache.ratis.util.FileUtils.lambda$newInputStream$2(FileUtils.java:73)
	at org.apache.ratis.util.LogUtils.supplyAndLog(LogUtils.java:58)
	at org.apache.ratis.util.FileUtils.newInputStream(FileUtils.java:72)
	at org.apache.ratis.util.FileUtils.newInputStream(FileUtils.java:68)
	at org.apache.ratis.server.storage.RaftStorageImpl.readRaftConfiguration(RaftStorageImpl.java:156)
	at org.apache.ratis.server.impl.ServerState.initialize(ServerState.java:141)
	at org.apache.ratis.server.impl.RaftServerImpl.start(RaftServerImpl.java:388)
	at org.apache.ratis.server.impl.RaftServerProxy.lambda$groupAddAsync$13(RaftServerProxy.java:509)
	at java.base/java.util.concurrent.CompletableFuture$UniApply.tryFire(CompletableFuture.java:642)
	at java.base/java.util.concurrent.CompletableFuture$Completion.run(CompletableFuture.java:478)
	at java.base/java.util.concurrent.ThreadPoolExecutor.runWorker(ThreadPoolExecutor.java:1128)
	at java.base/java.util.concurrent.ThreadPoolExecutor$Worker.run(ThreadPoolExecutor.java:628)
	at java.base/java.lang.Thread.run(Thread.java:829)
2023-12-13 16:20:56,685 [s0-groupManagement] INFO  server.RaftServerConfigKeys (ConfUtils.java:logGet(46)) - raft.server.log.use.memory = false (default)
2023-12-13 16:20:56,685 [s0-groupManagement] INFO  server.RaftServerConfigKeys (ConfUtils.java:logGet(46)) - raft.server.log.purge.gap = 1024 (default)
2023-12-13 16:20:56,685 [s0-groupManagement] INFO  server.RaftServerConfigKeys (ConfUtils.java:logGet(46)) - raft.server.log.appender.buffer.byte-limit = 4MB (=4194304) (default)
2023-12-13 16:20:56,685 [s0-groupManagement] INFO  server.RaftServerConfigKeys (ConfUtils.java:logGet(46)) - raft.server.log.statemachine.data.read.timeout = 1000ms (default)
2023-12-13 16:20:56,685 [s0-groupManagement] INFO  server.RaftServerConfigKeys (ConfUtils.java:logGet(46)) - raft.server.log.purge.preservation.log.num = 0 (default)
2023-12-13 16:20:56,685 [s0-groupManagement] INFO  server.RaftServerConfigKeys (ConfUtils.java:logGet(46)) - raft.server.log.segment.size.max = 32MB (=33554432) (default)
2023-12-13 16:20:56,685 [s0-groupManagement] INFO  server.RaftServerConfigKeys (ConfUtils.java:logGet(46)) - raft.server.log.segment.cache.num.max = 6 (default)
2023-12-13 16:20:56,685 [s0-groupManagement] INFO  server.RaftServerConfigKeys (ConfUtils.java:logGet(46)) - raft.server.log.segment.cache.size.max = 200MB (=209715200) (default)
2023-12-13 16:20:56,685 [s0-groupManagement] INFO  server.RaftServerConfigKeys (ConfUtils.java:logGet(46)) - raft.server.log.appender.buffer.byte-limit = 4MB (=4194304) (default)
2023-12-13 16:20:56,685 [s0-groupManagement] INFO  util.AwaitToRun (AwaitToRun.java:start(81)) - Thread[s0@group-E7953D37B758-cacheEviction-AwaitToRun,5,main] started
2023-12-13 16:20:56,685 [s0-groupManagement] INFO  segmented.SegmentedRaftLogWorker (SegmentedRaftLogWorker.java:<init>(182)) - new s0@group-E7953D37B758-SegmentedRaftLogWorker for RaftStorageImpl:Storage Directory /home/runner/work/ratis/ratis/ratis-test/target/test/data/1e4ee837/MiniRaftClusterWithGrpc24096a27/s0/76edff82-45fd-4d72-a0c3-e7953d37b758
2023-12-13 16:20:56,685 [s0-groupManagement] INFO  server.RaftServerConfigKeys (ConfUtils.java:logGet(46)) - raft.server.log.queue.byte-limit = 64MB (=67108864) (default)
2023-12-13 16:20:56,686 [s0-groupManagement] INFO  server.RaftServerConfigKeys (ConfUtils.java:logGet(46)) - raft.server.log.queue.element-limit = 4096 (default)
2023-12-13 16:20:56,686 [s0-groupManagement] INFO  server.RaftServerConfigKeys (ConfUtils.java:logGet(46)) - raft.server.log.segment.size.max = 32MB (=33554432) (default)
2023-12-13 16:20:56,686 [s0-groupManagement] INFO  server.RaftServerConfigKeys (ConfUtils.java:logGet(46)) - raft.server.log.preallocated.size = 4MB (=4194304) (default)
2023-12-13 16:20:56,686 [s0-groupManagement] INFO  server.RaftServerConfigKeys (ConfUtils.java:logGet(46)) - raft.server.log.force.sync.num = 128 (default)
2023-12-13 16:20:56,686 [s0-groupManagement] INFO  server.RaftServerConfigKeys (ConfUtils.java:logGet(46)) - raft.server.log.statemachine.data.sync = true (default)
2023-12-13 16:20:56,686 [s0-groupManagement] INFO  server.RaftServerConfigKeys (ConfUtils.java:logGet(46)) - raft.server.log.statemachine.data.sync.timeout = 10s (default)
2023-12-13 16:20:56,686 [s0-groupManagement] INFO  server.RaftServerConfigKeys (ConfUtils.java:logGet(46)) - raft.server.log.statemachine.data.sync.timeout.retry = -1 (default)
2023-12-13 16:20:56,686 [s0-groupManagement] INFO  server.RaftServerConfigKeys (ConfUtils.java:logGet(46)) - raft.server.log.write.buffer.size = 8MB (=8388608) (default)
2023-12-13 16:20:56,687 [s0-groupManagement] INFO  server.RaftServerConfigKeys (ConfUtils.java:logGet(46)) - raft.server.log.appender.buffer.byte-limit = 4MB (=4194304) (default)
2023-12-13 16:20:56,687 [s0-groupManagement] INFO  server.RaftServerConfigKeys (ConfUtils.java:logGet(46)) - raft.server.log.unsafe-flush.enabled = false (default)
2023-12-13 16:20:56,687 [s0-groupManagement] INFO  server.RaftServerConfigKeys (ConfUtils.java:logGet(46)) - raft.server.log.async-flush.enabled = false (default)
2023-12-13 16:20:56,687 [s0-groupManagement] INFO  server.RaftServerConfigKeys (ConfUtils.java:logGet(46)) - raft.server.log.statemachine.data.caching.enabled = false (default)
2023-12-13 16:20:56,687 [s0-groupManagement] INFO  segmented.SegmentedRaftLogWorker (SegmentedRaftLogWorker.java:lambda$new$0(134)) - s0@group-E7953D37B758-SegmentedRaftLogWorker: flushIndex: setUnconditionally 0 -> -1
2023-12-13 16:20:56,687 [s0-groupManagement] INFO  segmented.SegmentedRaftLogWorker (SegmentedRaftLogWorker.java:lambda$new$0(134)) - s0@group-E7953D37B758-SegmentedRaftLogWorker: safeCacheEvictIndex: setUnconditionally 0 -> -1
2023-12-13 16:20:56,687 [s0-groupManagement] INFO  server.RaftServer$Division (RaftServerImpl.java:start(392)) - s0@group-E7953D37B758: start as a follower, conf=-1: peers:[s3|0.0.0.0:35783, s4|0.0.0.0:45543, s0|0.0.0.0:42169, s1|0.0.0.0:40607, s2|0.0.0.0:39939]|listeners:[], old=null
2023-12-13 16:20:56,687 [s0-groupManagement] INFO  server.RaftServer$Division (RaftServerImpl.java:setRole(379)) - s0@group-E7953D37B758: changes role from      null to FOLLOWER at term 0 for startAsFollower
2023-12-13 16:20:56,687 [s0-groupManagement] INFO  impl.RoleInfo (RoleInfo.java:updateAndGet(139)) - s0: start s0@group-E7953D37B758-FollowerState
2023-12-13 16:20:56,688 [s0@group-E7953D37B758-FollowerState] INFO  server.RaftServerConfigKeys (ConfUtils.java:logFallback(53)) - raft.server.rpc.first-election.timeout.min = 1500ms (fallback to raft.server.rpc.timeout.min)
2023-12-13 16:20:56,688 [s0-groupManagement] INFO  util.JmxRegister (JmxRegister.java:tryRegister(44)) - Successfully registered JMX Bean with object name Ratis:service=RaftServer,group=group-E7953D37B758,id=s0
2023-12-13 16:20:56,688 [s0@group-E7953D37B758-FollowerState] INFO  server.RaftServerConfigKeys (ConfUtils.java:logFallback(53)) - raft.server.rpc.first-election.timeout.max = 2000ms (fallback to raft.server.rpc.timeout.max)
2023-12-13 16:20:56,688 [s0-groupManagement] INFO  server.RaftServerConfigKeys (ConfUtils.java:logGet(46)) - raft.server.snapshot.trigger-when-stop.enabled = true (default)
2023-12-13 16:20:56,688 [s0-groupManagement] INFO  server.RaftServerConfigKeys (ConfUtils.java:logGet(46)) - raft.server.snapshot.auto.trigger.enabled = false (default)
2023-12-13 16:20:56,688 [s0-groupManagement] INFO  server.RaftServerConfigKeys (ConfUtils.java:logGet(46)) - raft.server.snapshot.retention.file.num = -1 (default)
2023-12-13 16:20:56,688 [s0-groupManagement] INFO  server.RaftServerConfigKeys (ConfUtils.java:logGet(46)) - raft.server.log.purge.upto.snapshot.index = false (default)
2023-12-13 16:20:56,691 [Time-limited test] DEBUG client.RaftClient (ConfUtils.java:logGet(46)) - raft.rpc.type = GRPC (default)
2023-12-13 16:20:56,694 [grpc-default-executor-0] INFO  server.RaftServer (RaftServerProxy.java:addNew(100)) - s1: addNew group-E7953D37B758:[s3|0.0.0.0:35783, s4|0.0.0.0:45543, s0|0.0.0.0:42169, s1|0.0.0.0:40607, s2|0.0.0.0:39939] returns group-E7953D37B758:java.util.concurrent.CompletableFuture@54fb3a32[Not completed]
2023-12-13 16:20:56,694 [s1-groupManagement] INFO  server.RaftServer$Division (RaftServerImpl.java:<init>(256)) - s1: new RaftServerImpl for group-E7953D37B758:[s3|0.0.0.0:35783, s4|0.0.0.0:45543, s0|0.0.0.0:42169, s1|0.0.0.0:40607, s2|0.0.0.0:39939] with BaseStateMachine:uninitialized
2023-12-13 16:20:56,694 [s1-groupManagement] INFO  server.RaftServerConfigKeys (ConfUtils.java:logGet(46)) - raft.server.rpc.timeout.min = 1500ms (custom)
2023-12-13 16:20:56,694 [s1-groupManagement] INFO  server.RaftServerConfigKeys (ConfUtils.java:logGet(46)) - raft.server.rpc.timeout.max = 2000ms (custom)
2023-12-13 16:20:56,694 [s1-groupManagement] INFO  server.RaftServerConfigKeys (ConfUtils.java:logGet(46)) - raft.server.rpc.sleep.time = 25ms (default)
2023-12-13 16:20:56,694 [s1-groupManagement] INFO  server.RaftServerConfigKeys (ConfUtils.java:logGet(46)) - raft.server.rpc.slowness.timeout = 60s (default)
2023-12-13 16:20:56,694 [s1-groupManagement] INFO  server.RaftServerConfigKeys (ConfUtils.java:logGet(46)) - raft.server.leaderelection.leader.step-down.wait-time = 10s (default)
2023-12-13 16:20:56,694 [s1-groupManagement] INFO  server.RaftServerConfigKeys (ConfUtils.java:logGet(46)) - raft.server.leaderelection.member.majority-add = false (default)
2023-12-13 16:20:56,694 [s1-groupManagement] INFO  server.RaftServerConfigKeys (ConfUtils.java:logGet(46)) - raft.server.sleep.deviation.threshold = 300ms (default)
2023-12-13 16:20:56,694 [s1-groupManagement] INFO  server.RaftServer$Division (ServerState.java:<init>(113)) - s1@group-E7953D37B758: ConfigurationManager, init=-1: peers:[s3|0.0.0.0:35783, s4|0.0.0.0:45543, s0|0.0.0.0:42169, s1|0.0.0.0:40607, s2|0.0.0.0:39939]|listeners:[], old=null, confs=<EMPTY_MAP>
2023-12-13 16:20:56,694 [s1-groupManagement] INFO  server.RaftServerConfigKeys (ConfUtils.java:logGet(46)) - raft.server.notification.no-leader.timeout = 60s (default)
2023-12-13 16:20:56,694 [s1-groupManagement] INFO  server.RaftServerConfigKeys (ConfUtils.java:logGet(46)) - raft.server.read.timeout = 10s (default)
2023-12-13 16:20:56,694 [s1-groupManagement] INFO  server.RaftServerConfigKeys (ConfUtils.java:logGet(46)) - raft.server.retrycache.expirytime = 60s (default)
2023-12-13 16:20:56,694 [s1-groupManagement] INFO  server.RaftServerConfigKeys (ConfUtils.java:logGet(46)) - raft.server.retrycache.statistics.expirytime = 100ms (default)
2023-12-13 16:20:56,695 [s1-groupManagement] INFO  server.RaftServerConfigKeys (ConfUtils.java:logGet(46)) - raft.server.read.option = DEFAULT (default)
2023-12-13 16:20:56,695 [s1-groupManagement] INFO  server.RaftServerConfigKeys (ConfUtils.java:logGet(46)) - raft.server.read.read-after-write-consistent.write-index-cache.expiry-time = 60s (default)
2023-12-13 16:20:56,695 [s1-groupManagement] INFO  server.RaftServerConfigKeys (ConfUtils.java:logGet(46)) - raft.server.rpc.request.timeout = 3000ms (default)
2023-12-13 16:20:56,695 [s1-groupManagement] INFO  server.RaftServerConfigKeys (ConfUtils.java:logGet(46)) - raft.server.log.appender.install.snapshot.enabled = true (default)
2023-12-13 16:20:56,695 [s1-groupManagement] INFO  server.RaftServerConfigKeys (ConfUtils.java:logGet(46)) - raft.server.threadpool.server.cached = true (default)
2023-12-13 16:20:56,695 [s1-groupManagement] INFO  server.RaftServerConfigKeys (ConfUtils.java:logGet(46)) - raft.server.threadpool.server.size = 0 (default)
2023-12-13 16:20:56,695 [s1-groupManagement] INFO  server.RaftServerConfigKeys (ConfUtils.java:logGet(46)) - raft.server.threadpool.client.cached = true (default)
2023-12-13 16:20:56,695 [s1-groupManagement] INFO  server.RaftServerConfigKeys (ConfUtils.java:logGet(46)) - raft.server.threadpool.client.size = 0 (default)
2023-12-13 16:20:56,695 [s1-groupManagement] DEBUG server.RaftServer (RaftServerProxy.java:lambda$groupAddAsync$13(507)) - s1: newImpl =      null s1@group-E7953D37B758:t0, leader=null, voted=null, raftlog=UNINITIALIZED, conf=-1: peers:[s3|0.0.0.0:35783, s4|0.0.0.0:45543, s0|0.0.0.0:42169, s1|0.0.0.0:40607, s2|0.0.0.0:39939]|listeners:[], old=null NEW
2023-12-13 16:20:56,695 [s1-groupManagement] INFO  server.RaftServerConfigKeys (ConfUtils.java:logGet(46)) - raft.server.storage.free-space.min = 0MB (=0) (default)
2023-12-13 16:20:56,695 [s1-groupManagement] INFO  server.RaftServerConfigKeys (ConfUtils.java:logGet(46)) - raft.server.log.corruption.policy = EXCEPTION (default)
2023-12-13 16:20:56,695 [s1-groupManagement] INFO  server.RaftServerConfigKeys (ConfUtils.java:logGet(46)) - raft.server.storage.dir = [/home/runner/work/ratis/ratis/ratis-test/target/test/data/1e4ee837/MiniRaftClusterWithGrpc24096a27/s1] (custom)
2023-12-13 16:20:56,695 [s1-groupManagement] INFO  storage.RaftStorageDirectory (RaftStorageDirectoryImpl.java:analyzeStorage(138)) - The storage directory /home/runner/work/ratis/ratis/ratis-test/target/test/data/1e4ee837/MiniRaftClusterWithGrpc24096a27/s1/76edff82-45fd-4d72-a0c3-e7953d37b758 does not exist. Creating ...
2023-12-13 16:20:56,695 [s1-groupManagement] TRACE util.FileUtils (LogUtils.java:runAndLog(49)) - Successfully ran Files.createDirectories /home/runner/work/ratis/ratis/ratis-test/target/test/data/1e4ee837/MiniRaftClusterWithGrpc24096a27/s1/76edff82-45fd-4d72-a0c3-e7953d37b758
2023-12-13 16:20:56,696 [s1-groupManagement] INFO  storage.RaftStorageDirectory (RaftStorageDirectoryImpl.java:tryLock(228)) - Lock on /home/runner/work/ratis/ratis/ratis-test/target/test/data/1e4ee837/MiniRaftClusterWithGrpc24096a27/s1/76edff82-45fd-4d72-a0c3-e7953d37b758/in_use.lock acquired by nodename 10819@fv-az890-872
2023-12-13 16:20:56,696 [s1-groupManagement] TRACE util.FileUtils (LogUtils.java:runAndLog(49)) - Successfully ran Files.createDirectories /home/runner/work/ratis/ratis/ratis-test/target/test/data/1e4ee837/MiniRaftClusterWithGrpc24096a27/s1/76edff82-45fd-4d72-a0c3-e7953d37b758/current
2023-12-13 16:20:56,696 [s1-groupManagement] TRACE util.FileUtils (LogUtils.java:runAndLog(49)) - Successfully ran Files.createDirectories /home/runner/work/ratis/ratis/ratis-test/target/test/data/1e4ee837/MiniRaftClusterWithGrpc24096a27/s1/76edff82-45fd-4d72-a0c3-e7953d37b758/sm
2023-12-13 16:20:56,696 [s1-groupManagement] TRACE util.FileUtils (LogUtils.java:supplyAndLog(69)) - Successfully supplied FileChannel.open /home/runner/work/ratis/ratis/ratis-test/target/test/data/1e4ee837/MiniRaftClusterWithGrpc24096a27/s1/76edff82-45fd-4d72-a0c3-e7953d37b758/current/raft-meta.tmp with options [CREATE, WRITE]: sun.nio.ch.FileChannelImpl@280aa2b4
2023-12-13 16:20:56,698 [s1-groupManagement] TRACE util.FileUtils (LogUtils.java:runAndLog(49)) - Successfully ran Atomic Files.move /home/runner/work/ratis/ratis/ratis-test/target/test/data/1e4ee837/MiniRaftClusterWithGrpc24096a27/s1/76edff82-45fd-4d72-a0c3-e7953d37b758/current/raft-meta.tmp to /home/runner/work/ratis/ratis/ratis-test/target/test/data/1e4ee837/MiniRaftClusterWithGrpc24096a27/s1/76edff82-45fd-4d72-a0c3-e7953d37b758/current/raft-meta with options [REPLACE_EXISTING]
2023-12-13 16:20:56,698 [s1-groupManagement] INFO  storage.RaftStorage (RaftStorageImpl.java:format(99)) - Storage directory /home/runner/work/ratis/ratis/ratis-test/target/test/data/1e4ee837/MiniRaftClusterWithGrpc24096a27/s1/76edff82-45fd-4d72-a0c3-e7953d37b758 has been successfully formatted.
2023-12-13 16:20:56,698 [s1-groupManagement] TRACE util.FileUtils (LogUtils.java:supplyAndLog(61)) - Failed to Files.newInputStream /home/runner/work/ratis/ratis/ratis-test/target/test/data/1e4ee837/MiniRaftClusterWithGrpc24096a27/s1/76edff82-45fd-4d72-a0c3-e7953d37b758/current/raft-meta.conf with options []
java.nio.file.NoSuchFileException: /home/runner/work/ratis/ratis/ratis-test/target/test/data/1e4ee837/MiniRaftClusterWithGrpc24096a27/s1/76edff82-45fd-4d72-a0c3-e7953d37b758/current/raft-meta.conf
	at java.base/sun.nio.fs.UnixException.translateToIOException(UnixException.java:92)
	at java.base/sun.nio.fs.UnixException.rethrowAsIOException(UnixException.java:111)
	at java.base/sun.nio.fs.UnixException.rethrowAsIOException(UnixException.java:116)
	at java.base/sun.nio.fs.UnixFileSystemProvider.newByteChannel(UnixFileSystemProvider.java:219)
	at java.base/java.nio.file.Files.newByteChannel(Files.java:371)
	at java.base/java.nio.file.Files.newByteChannel(Files.java:422)
	at java.base/java.nio.file.spi.FileSystemProvider.newInputStream(FileSystemProvider.java:420)
	at java.base/java.nio.file.Files.newInputStream(Files.java:156)
	at org.apache.ratis.util.FileUtils.lambda$newInputStream$2(FileUtils.java:73)
	at org.apache.ratis.util.LogUtils.supplyAndLog(LogUtils.java:58)
	at org.apache.ratis.util.FileUtils.newInputStream(FileUtils.java:72)
	at org.apache.ratis.util.FileUtils.newInputStream(FileUtils.java:68)
	at org.apache.ratis.server.storage.RaftStorageImpl.readRaftConfiguration(RaftStorageImpl.java:156)
	at org.apache.ratis.server.impl.ServerState.initialize(ServerState.java:141)
	at org.apache.ratis.server.impl.RaftServerImpl.start(RaftServerImpl.java:388)
	at org.apache.ratis.server.impl.RaftServerProxy.lambda$groupAddAsync$13(RaftServerProxy.java:509)
	at java.base/java.util.concurrent.CompletableFuture$UniApply.tryFire(CompletableFuture.java:642)
	at java.base/java.util.concurrent.CompletableFuture$Completion.run(CompletableFuture.java:478)
	at java.base/java.util.concurrent.ThreadPoolExecutor.runWorker(ThreadPoolExecutor.java:1128)
	at java.base/java.util.concurrent.ThreadPoolExecutor$Worker.run(ThreadPoolExecutor.java:628)
	at java.base/java.lang.Thread.run(Thread.java:829)
2023-12-13 16:20:56,698 [s1-groupManagement] INFO  server.RaftServerConfigKeys (ConfUtils.java:logGet(46)) - raft.server.log.use.memory = false (default)
2023-12-13 16:20:56,698 [s1-groupManagement] INFO  server.RaftServerConfigKeys (ConfUtils.java:logGet(46)) - raft.server.log.purge.gap = 1024 (default)
2023-12-13 16:20:56,698 [s1-groupManagement] INFO  server.RaftServerConfigKeys (ConfUtils.java:logGet(46)) - raft.server.log.appender.buffer.byte-limit = 4MB (=4194304) (default)
2023-12-13 16:20:56,698 [s1-groupManagement] INFO  server.RaftServerConfigKeys (ConfUtils.java:logGet(46)) - raft.server.log.statemachine.data.read.timeout = 1000ms (default)
2023-12-13 16:20:56,698 [s1-groupManagement] INFO  server.RaftServerConfigKeys (ConfUtils.java:logGet(46)) - raft.server.log.purge.preservation.log.num = 0 (default)
2023-12-13 16:20:56,698 [s1-groupManagement] INFO  server.RaftServerConfigKeys (ConfUtils.java:logGet(46)) - raft.server.log.segment.size.max = 32MB (=33554432) (default)
2023-12-13 16:20:56,698 [s1-groupManagement] INFO  server.RaftServerConfigKeys (ConfUtils.java:logGet(46)) - raft.server.log.segment.cache.num.max = 6 (default)
2023-12-13 16:20:56,698 [s1-groupManagement] INFO  server.RaftServerConfigKeys (ConfUtils.java:logGet(46)) - raft.server.log.segment.cache.size.max = 200MB (=209715200) (default)
2023-12-13 16:20:56,698 [s1-groupManagement] INFO  server.RaftServerConfigKeys (ConfUtils.java:logGet(46)) - raft.server.log.appender.buffer.byte-limit = 4MB (=4194304) (default)
2023-12-13 16:20:56,698 [s1-groupManagement] INFO  util.AwaitToRun (AwaitToRun.java:start(81)) - Thread[s1@group-E7953D37B758-cacheEviction-AwaitToRun,5,main] started
2023-12-13 16:20:56,698 [s1-groupManagement] INFO  segmented.SegmentedRaftLogWorker (SegmentedRaftLogWorker.java:<init>(182)) - new s1@group-E7953D37B758-SegmentedRaftLogWorker for RaftStorageImpl:Storage Directory /home/runner/work/ratis/ratis/ratis-test/target/test/data/1e4ee837/MiniRaftClusterWithGrpc24096a27/s1/76edff82-45fd-4d72-a0c3-e7953d37b758
2023-12-13 16:20:56,698 [s1-groupManagement] INFO  server.RaftServerConfigKeys (ConfUtils.java:logGet(46)) - raft.server.log.queue.byte-limit = 64MB (=67108864) (default)
2023-12-13 16:20:56,698 [s1-groupManagement] INFO  server.RaftServerConfigKeys (ConfUtils.java:logGet(46)) - raft.server.log.queue.element-limit = 4096 (default)
2023-12-13 16:20:56,699 [s1-groupManagement] INFO  server.RaftServerConfigKeys (ConfUtils.java:logGet(46)) - raft.server.log.segment.size.max = 32MB (=33554432) (default)
2023-12-13 16:20:56,699 [s1-groupManagement] INFO  server.RaftServerConfigKeys (ConfUtils.java:logGet(46)) - raft.server.log.preallocated.size = 4MB (=4194304) (default)
2023-12-13 16:20:56,699 [s1-groupManagement] INFO  server.RaftServerConfigKeys (ConfUtils.java:logGet(46)) - raft.server.log.force.sync.num = 128 (default)
2023-12-13 16:20:56,699 [s1-groupManagement] INFO  server.RaftServerConfigKeys (ConfUtils.java:logGet(46)) - raft.server.log.statemachine.data.sync = true (default)
2023-12-13 16:20:56,699 [s1-groupManagement] INFO  server.RaftServerConfigKeys (ConfUtils.java:logGet(46)) - raft.server.log.statemachine.data.sync.timeout = 10s (default)
2023-12-13 16:20:56,699 [s1-groupManagement] INFO  server.RaftServerConfigKeys (ConfUtils.java:logGet(46)) - raft.server.log.statemachine.data.sync.timeout.retry = -1 (default)
2023-12-13 16:20:56,699 [s1-groupManagement] INFO  server.RaftServerConfigKeys (ConfUtils.java:logGet(46)) - raft.server.log.write.buffer.size = 8MB (=8388608) (default)
2023-12-13 16:20:56,699 [s1-groupManagement] INFO  server.RaftServerConfigKeys (ConfUtils.java:logGet(46)) - raft.server.log.appender.buffer.byte-limit = 4MB (=4194304) (default)
2023-12-13 16:20:56,699 [s1-groupManagement] INFO  server.RaftServerConfigKeys (ConfUtils.java:logGet(46)) - raft.server.log.unsafe-flush.enabled = false (default)
2023-12-13 16:20:56,699 [s1-groupManagement] INFO  server.RaftServerConfigKeys (ConfUtils.java:logGet(46)) - raft.server.log.async-flush.enabled = false (default)
2023-12-13 16:20:56,699 [s1-groupManagement] INFO  server.RaftServerConfigKeys (ConfUtils.java:logGet(46)) - raft.server.log.statemachine.data.caching.enabled = false (default)
2023-12-13 16:20:56,699 [s1-groupManagement] INFO  segmented.SegmentedRaftLogWorker (SegmentedRaftLogWorker.java:lambda$new$0(134)) - s1@group-E7953D37B758-SegmentedRaftLogWorker: flushIndex: setUnconditionally 0 -> -1
2023-12-13 16:20:56,699 [s1-groupManagement] INFO  segmented.SegmentedRaftLogWorker (SegmentedRaftLogWorker.java:lambda$new$0(134)) - s1@group-E7953D37B758-SegmentedRaftLogWorker: safeCacheEvictIndex: setUnconditionally 0 -> -1
2023-12-13 16:20:56,699 [s1-groupManagement] INFO  server.RaftServer$Division (RaftServerImpl.java:start(392)) - s1@group-E7953D37B758: start as a follower, conf=-1: peers:[s3|0.0.0.0:35783, s4|0.0.0.0:45543, s0|0.0.0.0:42169, s1|0.0.0.0:40607, s2|0.0.0.0:39939]|listeners:[], old=null
2023-12-13 16:20:56,699 [s1-groupManagement] INFO  server.RaftServer$Division (RaftServerImpl.java:setRole(379)) - s1@group-E7953D37B758: changes role from      null to FOLLOWER at term 0 for startAsFollower
2023-12-13 16:20:56,700 [s1-groupManagement] INFO  impl.RoleInfo (RoleInfo.java:updateAndGet(139)) - s1: start s1@group-E7953D37B758-FollowerState
2023-12-13 16:20:56,700 [s1@group-E7953D37B758-FollowerState] INFO  server.RaftServerConfigKeys (ConfUtils.java:logFallback(53)) - raft.server.rpc.first-election.timeout.min = 1500ms (fallback to raft.server.rpc.timeout.min)
2023-12-13 16:20:56,700 [s1-groupManagement] INFO  util.JmxRegister (JmxRegister.java:tryRegister(44)) - Successfully registered JMX Bean with object name Ratis:service=RaftServer,group=group-E7953D37B758,id=s1
2023-12-13 16:20:56,700 [s1@group-E7953D37B758-FollowerState] INFO  server.RaftServerConfigKeys (ConfUtils.java:logFallback(53)) - raft.server.rpc.first-election.timeout.max = 2000ms (fallback to raft.server.rpc.timeout.max)
2023-12-13 16:20:56,700 [s1-groupManagement] INFO  server.RaftServerConfigKeys (ConfUtils.java:logGet(46)) - raft.server.snapshot.trigger-when-stop.enabled = true (default)
2023-12-13 16:20:56,700 [s1-groupManagement] INFO  server.RaftServerConfigKeys (ConfUtils.java:logGet(46)) - raft.server.snapshot.auto.trigger.enabled = false (default)
2023-12-13 16:20:56,700 [s1-groupManagement] INFO  server.RaftServerConfigKeys (ConfUtils.java:logGet(46)) - raft.server.snapshot.retention.file.num = -1 (default)
2023-12-13 16:20:56,700 [s1-groupManagement] INFO  server.RaftServerConfigKeys (ConfUtils.java:logGet(46)) - raft.server.log.purge.upto.snapshot.index = false (default)
2023-12-13 16:20:56,703 [Time-limited test] DEBUG client.RaftClient (ConfUtils.java:logGet(46)) - raft.rpc.type = GRPC (default)
2023-12-13 16:20:56,707 [grpc-default-executor-0] INFO  server.RaftServer (RaftServerProxy.java:addNew(100)) - s2: addNew group-E7953D37B758:[s3|0.0.0.0:35783, s4|0.0.0.0:45543, s0|0.0.0.0:42169, s1|0.0.0.0:40607, s2|0.0.0.0:39939] returns group-E7953D37B758:java.util.concurrent.CompletableFuture@50b58260[Not completed]
2023-12-13 16:20:56,707 [s2-groupManagement] INFO  server.RaftServer$Division (RaftServerImpl.java:<init>(256)) - s2: new RaftServerImpl for group-E7953D37B758:[s3|0.0.0.0:35783, s4|0.0.0.0:45543, s0|0.0.0.0:42169, s1|0.0.0.0:40607, s2|0.0.0.0:39939] with BaseStateMachine:uninitialized
2023-12-13 16:20:56,707 [s2-groupManagement] INFO  server.RaftServerConfigKeys (ConfUtils.java:logGet(46)) - raft.server.rpc.timeout.min = 1500ms (custom)
2023-12-13 16:20:56,707 [s2-groupManagement] INFO  server.RaftServerConfigKeys (ConfUtils.java:logGet(46)) - raft.server.rpc.timeout.max = 2000ms (custom)
2023-12-13 16:20:56,707 [s2-groupManagement] INFO  server.RaftServerConfigKeys (ConfUtils.java:logGet(46)) - raft.server.rpc.sleep.time = 25ms (default)
2023-12-13 16:20:56,707 [s2-groupManagement] INFO  server.RaftServerConfigKeys (ConfUtils.java:logGet(46)) - raft.server.rpc.slowness.timeout = 60s (default)
2023-12-13 16:20:56,707 [s2-groupManagement] INFO  server.RaftServerConfigKeys (ConfUtils.java:logGet(46)) - raft.server.leaderelection.leader.step-down.wait-time = 10s (default)
2023-12-13 16:20:56,707 [s2-groupManagement] INFO  server.RaftServerConfigKeys (ConfUtils.java:logGet(46)) - raft.server.leaderelection.member.majority-add = false (default)
2023-12-13 16:20:56,707 [s2-groupManagement] INFO  server.RaftServerConfigKeys (ConfUtils.java:logGet(46)) - raft.server.sleep.deviation.threshold = 300ms (default)
2023-12-13 16:20:56,707 [s2-groupManagement] INFO  server.RaftServer$Division (ServerState.java:<init>(113)) - s2@group-E7953D37B758: ConfigurationManager, init=-1: peers:[s3|0.0.0.0:35783, s4|0.0.0.0:45543, s0|0.0.0.0:42169, s1|0.0.0.0:40607, s2|0.0.0.0:39939]|listeners:[], old=null, confs=<EMPTY_MAP>
2023-12-13 16:20:56,707 [s2-groupManagement] INFO  server.RaftServerConfigKeys (ConfUtils.java:logGet(46)) - raft.server.notification.no-leader.timeout = 60s (default)
2023-12-13 16:20:56,707 [s2-groupManagement] INFO  server.RaftServerConfigKeys (ConfUtils.java:logGet(46)) - raft.server.read.timeout = 10s (default)
2023-12-13 16:20:56,708 [s2-groupManagement] INFO  server.RaftServerConfigKeys (ConfUtils.java:logGet(46)) - raft.server.retrycache.expirytime = 60s (default)
2023-12-13 16:20:56,708 [s2-groupManagement] INFO  server.RaftServerConfigKeys (ConfUtils.java:logGet(46)) - raft.server.retrycache.statistics.expirytime = 100ms (default)
2023-12-13 16:20:56,708 [s2-groupManagement] INFO  server.RaftServerConfigKeys (ConfUtils.java:logGet(46)) - raft.server.read.option = DEFAULT (default)
2023-12-13 16:20:56,708 [s2-groupManagement] INFO  server.RaftServerConfigKeys (ConfUtils.java:logGet(46)) - raft.server.read.read-after-write-consistent.write-index-cache.expiry-time = 60s (default)
2023-12-13 16:20:56,708 [s2-groupManagement] INFO  server.RaftServerConfigKeys (ConfUtils.java:logGet(46)) - raft.server.rpc.request.timeout = 3000ms (default)
2023-12-13 16:20:56,708 [s2-groupManagement] INFO  server.RaftServerConfigKeys (ConfUtils.java:logGet(46)) - raft.server.log.appender.install.snapshot.enabled = true (default)
2023-12-13 16:20:56,708 [s2-groupManagement] INFO  server.RaftServerConfigKeys (ConfUtils.java:logGet(46)) - raft.server.threadpool.server.cached = true (default)
2023-12-13 16:20:56,708 [s2-groupManagement] INFO  server.RaftServerConfigKeys (ConfUtils.java:logGet(46)) - raft.server.threadpool.server.size = 0 (default)
2023-12-13 16:20:56,708 [s2-groupManagement] INFO  server.RaftServerConfigKeys (ConfUtils.java:logGet(46)) - raft.server.threadpool.client.cached = true (default)
2023-12-13 16:20:56,708 [s2-groupManagement] INFO  server.RaftServerConfigKeys (ConfUtils.java:logGet(46)) - raft.server.threadpool.client.size = 0 (default)
2023-12-13 16:20:56,708 [s2-groupManagement] DEBUG server.RaftServer (RaftServerProxy.java:lambda$groupAddAsync$13(507)) - s2: newImpl =      null s2@group-E7953D37B758:t0, leader=null, voted=null, raftlog=UNINITIALIZED, conf=-1: peers:[s3|0.0.0.0:35783, s4|0.0.0.0:45543, s0|0.0.0.0:42169, s1|0.0.0.0:40607, s2|0.0.0.0:39939]|listeners:[], old=null NEW
2023-12-13 16:20:56,708 [s2-groupManagement] INFO  server.RaftServerConfigKeys (ConfUtils.java:logGet(46)) - raft.server.storage.free-space.min = 0MB (=0) (default)
2023-12-13 16:20:56,708 [s2-groupManagement] INFO  server.RaftServerConfigKeys (ConfUtils.java:logGet(46)) - raft.server.log.corruption.policy = EXCEPTION (default)
2023-12-13 16:20:56,708 [s2-groupManagement] INFO  server.RaftServerConfigKeys (ConfUtils.java:logGet(46)) - raft.server.storage.dir = [/home/runner/work/ratis/ratis/ratis-test/target/test/data/1e4ee837/MiniRaftClusterWithGrpc24096a27/s2] (custom)
2023-12-13 16:20:56,708 [s2-groupManagement] INFO  storage.RaftStorageDirectory (RaftStorageDirectoryImpl.java:analyzeStorage(138)) - The storage directory /home/runner/work/ratis/ratis/ratis-test/target/test/data/1e4ee837/MiniRaftClusterWithGrpc24096a27/s2/76edff82-45fd-4d72-a0c3-e7953d37b758 does not exist. Creating ...
2023-12-13 16:20:56,709 [s2-groupManagement] TRACE util.FileUtils (LogUtils.java:runAndLog(49)) - Successfully ran Files.createDirectories /home/runner/work/ratis/ratis/ratis-test/target/test/data/1e4ee837/MiniRaftClusterWithGrpc24096a27/s2/76edff82-45fd-4d72-a0c3-e7953d37b758
2023-12-13 16:20:56,710 [s2-groupManagement] INFO  storage.RaftStorageDirectory (RaftStorageDirectoryImpl.java:tryLock(228)) - Lock on /home/runner/work/ratis/ratis/ratis-test/target/test/data/1e4ee837/MiniRaftClusterWithGrpc24096a27/s2/76edff82-45fd-4d72-a0c3-e7953d37b758/in_use.lock acquired by nodename 10819@fv-az890-872
2023-12-13 16:20:56,710 [s2-groupManagement] TRACE util.FileUtils (LogUtils.java:runAndLog(49)) - Successfully ran Files.createDirectories /home/runner/work/ratis/ratis/ratis-test/target/test/data/1e4ee837/MiniRaftClusterWithGrpc24096a27/s2/76edff82-45fd-4d72-a0c3-e7953d37b758/current
2023-12-13 16:20:56,710 [s2-groupManagement] TRACE util.FileUtils (LogUtils.java:runAndLog(49)) - Successfully ran Files.createDirectories /home/runner/work/ratis/ratis/ratis-test/target/test/data/1e4ee837/MiniRaftClusterWithGrpc24096a27/s2/76edff82-45fd-4d72-a0c3-e7953d37b758/sm
2023-12-13 16:20:56,710 [s2-groupManagement] TRACE util.FileUtils (LogUtils.java:supplyAndLog(69)) - Successfully supplied FileChannel.open /home/runner/work/ratis/ratis/ratis-test/target/test/data/1e4ee837/MiniRaftClusterWithGrpc24096a27/s2/76edff82-45fd-4d72-a0c3-e7953d37b758/current/raft-meta.tmp with options [CREATE, WRITE]: sun.nio.ch.FileChannelImpl@1f7229e1
2023-12-13 16:20:56,711 [s2-groupManagement] TRACE util.FileUtils (LogUtils.java:runAndLog(49)) - Successfully ran Atomic Files.move /home/runner/work/ratis/ratis/ratis-test/target/test/data/1e4ee837/MiniRaftClusterWithGrpc24096a27/s2/76edff82-45fd-4d72-a0c3-e7953d37b758/current/raft-meta.tmp to /home/runner/work/ratis/ratis/ratis-test/target/test/data/1e4ee837/MiniRaftClusterWithGrpc24096a27/s2/76edff82-45fd-4d72-a0c3-e7953d37b758/current/raft-meta with options [REPLACE_EXISTING]
2023-12-13 16:20:56,711 [s2-groupManagement] INFO  storage.RaftStorage (RaftStorageImpl.java:format(99)) - Storage directory /home/runner/work/ratis/ratis/ratis-test/target/test/data/1e4ee837/MiniRaftClusterWithGrpc24096a27/s2/76edff82-45fd-4d72-a0c3-e7953d37b758 has been successfully formatted.
2023-12-13 16:20:56,711 [s2-groupManagement] TRACE util.FileUtils (LogUtils.java:supplyAndLog(61)) - Failed to Files.newInputStream /home/runner/work/ratis/ratis/ratis-test/target/test/data/1e4ee837/MiniRaftClusterWithGrpc24096a27/s2/76edff82-45fd-4d72-a0c3-e7953d37b758/current/raft-meta.conf with options []
java.nio.file.NoSuchFileException: /home/runner/work/ratis/ratis/ratis-test/target/test/data/1e4ee837/MiniRaftClusterWithGrpc24096a27/s2/76edff82-45fd-4d72-a0c3-e7953d37b758/current/raft-meta.conf
	at java.base/sun.nio.fs.UnixException.translateToIOException(UnixException.java:92)
	at java.base/sun.nio.fs.UnixException.rethrowAsIOException(UnixException.java:111)
	at java.base/sun.nio.fs.UnixException.rethrowAsIOException(UnixException.java:116)
	at java.base/sun.nio.fs.UnixFileSystemProvider.newByteChannel(UnixFileSystemProvider.java:219)
	at java.base/java.nio.file.Files.newByteChannel(Files.java:371)
	at java.base/java.nio.file.Files.newByteChannel(Files.java:422)
	at java.base/java.nio.file.spi.FileSystemProvider.newInputStream(FileSystemProvider.java:420)
	at java.base/java.nio.file.Files.newInputStream(Files.java:156)
	at org.apache.ratis.util.FileUtils.lambda$newInputStream$2(FileUtils.java:73)
	at org.apache.ratis.util.LogUtils.supplyAndLog(LogUtils.java:58)
	at org.apache.ratis.util.FileUtils.newInputStream(FileUtils.java:72)
	at org.apache.ratis.util.FileUtils.newInputStream(FileUtils.java:68)
	at org.apache.ratis.server.storage.RaftStorageImpl.readRaftConfiguration(RaftStorageImpl.java:156)
	at org.apache.ratis.server.impl.ServerState.initialize(ServerState.java:141)
	at org.apache.ratis.server.impl.RaftServerImpl.start(RaftServerImpl.java:388)
	at org.apache.ratis.server.impl.RaftServerProxy.lambda$groupAddAsync$13(RaftServerProxy.java:509)
	at java.base/java.util.concurrent.CompletableFuture$UniApply.tryFire(CompletableFuture.java:642)
	at java.base/java.util.concurrent.CompletableFuture$Completion.run(CompletableFuture.java:478)
	at java.base/java.util.concurrent.ThreadPoolExecutor.runWorker(ThreadPoolExecutor.java:1128)
	at java.base/java.util.concurrent.ThreadPoolExecutor$Worker.run(ThreadPoolExecutor.java:628)
	at java.base/java.lang.Thread.run(Thread.java:829)
2023-12-13 16:20:56,712 [s2-groupManagement] INFO  server.RaftServerConfigKeys (ConfUtils.java:logGet(46)) - raft.server.log.use.memory = false (default)
2023-12-13 16:20:56,712 [s2-groupManagement] INFO  server.RaftServerConfigKeys (ConfUtils.java:logGet(46)) - raft.server.log.purge.gap = 1024 (default)
2023-12-13 16:20:56,712 [s2-groupManagement] INFO  server.RaftServerConfigKeys (ConfUtils.java:logGet(46)) - raft.server.log.appender.buffer.byte-limit = 4MB (=4194304) (default)
2023-12-13 16:20:56,712 [s2-groupManagement] INFO  server.RaftServerConfigKeys (ConfUtils.java:logGet(46)) - raft.server.log.statemachine.data.read.timeout = 1000ms (default)
2023-12-13 16:20:56,712 [s2-groupManagement] INFO  server.RaftServerConfigKeys (ConfUtils.java:logGet(46)) - raft.server.log.purge.preservation.log.num = 0 (default)
2023-12-13 16:20:56,712 [s2-groupManagement] INFO  server.RaftServerConfigKeys (ConfUtils.java:logGet(46)) - raft.server.log.segment.size.max = 32MB (=33554432) (default)
2023-12-13 16:20:56,712 [s2-groupManagement] INFO  server.RaftServerConfigKeys (ConfUtils.java:logGet(46)) - raft.server.log.segment.cache.num.max = 6 (default)
2023-12-13 16:20:56,712 [s2-groupManagement] INFO  server.RaftServerConfigKeys (ConfUtils.java:logGet(46)) - raft.server.log.segment.cache.size.max = 200MB (=209715200) (default)
2023-12-13 16:20:56,712 [s2-groupManagement] INFO  server.RaftServerConfigKeys (ConfUtils.java:logGet(46)) - raft.server.log.appender.buffer.byte-limit = 4MB (=4194304) (default)
2023-12-13 16:20:56,712 [s2-groupManagement] INFO  util.AwaitToRun (AwaitToRun.java:start(81)) - Thread[s2@group-E7953D37B758-cacheEviction-AwaitToRun,5,main] started
2023-12-13 16:20:56,712 [s2-groupManagement] INFO  segmented.SegmentedRaftLogWorker (SegmentedRaftLogWorker.java:<init>(182)) - new s2@group-E7953D37B758-SegmentedRaftLogWorker for RaftStorageImpl:Storage Directory /home/runner/work/ratis/ratis/ratis-test/target/test/data/1e4ee837/MiniRaftClusterWithGrpc24096a27/s2/76edff82-45fd-4d72-a0c3-e7953d37b758
2023-12-13 16:20:56,712 [s2-groupManagement] INFO  server.RaftServerConfigKeys (ConfUtils.java:logGet(46)) - raft.server.log.queue.byte-limit = 64MB (=67108864) (default)
2023-12-13 16:20:56,712 [s2-groupManagement] INFO  server.RaftServerConfigKeys (ConfUtils.java:logGet(46)) - raft.server.log.queue.element-limit = 4096 (default)
2023-12-13 16:20:56,712 [s2-groupManagement] INFO  server.RaftServerConfigKeys (ConfUtils.java:logGet(46)) - raft.server.log.segment.size.max = 32MB (=33554432) (default)
2023-12-13 16:20:56,712 [s2-groupManagement] INFO  server.RaftServerConfigKeys (ConfUtils.java:logGet(46)) - raft.server.log.preallocated.size = 4MB (=4194304) (default)
2023-12-13 16:20:56,712 [s2-groupManagement] INFO  server.RaftServerConfigKeys (ConfUtils.java:logGet(46)) - raft.server.log.force.sync.num = 128 (default)
2023-12-13 16:20:56,712 [s2-groupManagement] INFO  server.RaftServerConfigKeys (ConfUtils.java:logGet(46)) - raft.server.log.statemachine.data.sync = true (default)
2023-12-13 16:20:56,712 [s2-groupManagement] INFO  server.RaftServerConfigKeys (ConfUtils.java:logGet(46)) - raft.server.log.statemachine.data.sync.timeout = 10s (default)
2023-12-13 16:20:56,712 [s2-groupManagement] INFO  server.RaftServerConfigKeys (ConfUtils.java:logGet(46)) - raft.server.log.statemachine.data.sync.timeout.retry = -1 (default)
2023-12-13 16:20:56,712 [s2-groupManagement] INFO  server.RaftServerConfigKeys (ConfUtils.java:logGet(46)) - raft.server.log.write.buffer.size = 8MB (=8388608) (default)
2023-12-13 16:20:56,714 [s2-groupManagement] INFO  server.RaftServerConfigKeys (ConfUtils.java:logGet(46)) - raft.server.log.appender.buffer.byte-limit = 4MB (=4194304) (default)
2023-12-13 16:20:56,714 [s2-groupManagement] INFO  server.RaftServerConfigKeys (ConfUtils.java:logGet(46)) - raft.server.log.unsafe-flush.enabled = false (default)
2023-12-13 16:20:56,714 [s2-groupManagement] INFO  server.RaftServerConfigKeys (ConfUtils.java:logGet(46)) - raft.server.log.async-flush.enabled = false (default)
2023-12-13 16:20:56,714 [s2-groupManagement] INFO  server.RaftServerConfigKeys (ConfUtils.java:logGet(46)) - raft.server.log.statemachine.data.caching.enabled = false (default)
2023-12-13 16:20:56,714 [s2-groupManagement] INFO  segmented.SegmentedRaftLogWorker (SegmentedRaftLogWorker.java:lambda$new$0(134)) - s2@group-E7953D37B758-SegmentedRaftLogWorker: flushIndex: setUnconditionally 0 -> -1
2023-12-13 16:20:56,714 [s2-groupManagement] INFO  segmented.SegmentedRaftLogWorker (SegmentedRaftLogWorker.java:lambda$new$0(134)) - s2@group-E7953D37B758-SegmentedRaftLogWorker: safeCacheEvictIndex: setUnconditionally 0 -> -1
2023-12-13 16:20:56,714 [s2-groupManagement] INFO  server.RaftServer$Division (RaftServerImpl.java:start(392)) - s2@group-E7953D37B758: start as a follower, conf=-1: peers:[s3|0.0.0.0:35783, s4|0.0.0.0:45543, s0|0.0.0.0:42169, s1|0.0.0.0:40607, s2|0.0.0.0:39939]|listeners:[], old=null
2023-12-13 16:20:56,714 [s2-groupManagement] INFO  server.RaftServer$Division (RaftServerImpl.java:setRole(379)) - s2@group-E7953D37B758: changes role from      null to FOLLOWER at term 0 for startAsFollower
2023-12-13 16:20:56,714 [s2-groupManagement] INFO  impl.RoleInfo (RoleInfo.java:updateAndGet(139)) - s2: start s2@group-E7953D37B758-FollowerState
2023-12-13 16:20:56,714 [s2@group-E7953D37B758-FollowerState] INFO  server.RaftServerConfigKeys (ConfUtils.java:logFallback(53)) - raft.server.rpc.first-election.timeout.min = 1500ms (fallback to raft.server.rpc.timeout.min)
2023-12-13 16:20:56,714 [s2-groupManagement] INFO  util.JmxRegister (JmxRegister.java:tryRegister(44)) - Successfully registered JMX Bean with object name Ratis:service=RaftServer,group=group-E7953D37B758,id=s2
2023-12-13 16:20:56,714 [s2@group-E7953D37B758-FollowerState] INFO  server.RaftServerConfigKeys (ConfUtils.java:logFallback(53)) - raft.server.rpc.first-election.timeout.max = 2000ms (fallback to raft.server.rpc.timeout.max)
2023-12-13 16:20:56,714 [s2-groupManagement] INFO  server.RaftServerConfigKeys (ConfUtils.java:logGet(46)) - raft.server.snapshot.trigger-when-stop.enabled = true (default)
2023-12-13 16:20:56,714 [s2-groupManagement] INFO  server.RaftServerConfigKeys (ConfUtils.java:logGet(46)) - raft.server.snapshot.auto.trigger.enabled = false (default)
2023-12-13 16:20:56,715 [s2-groupManagement] INFO  server.RaftServerConfigKeys (ConfUtils.java:logGet(46)) - raft.server.snapshot.retention.file.num = -1 (default)
2023-12-13 16:20:56,715 [s2-groupManagement] INFO  server.RaftServerConfigKeys (ConfUtils.java:logGet(46)) - raft.server.log.purge.upto.snapshot.index = false (default)
2023-12-13 16:20:56,717 [Time-limited test] DEBUG client.RaftClient (ConfUtils.java:logGet(46)) - raft.rpc.type = GRPC (default)
2023-12-13 16:20:56,720 [grpc-default-executor-0] INFO  server.RaftServer (RaftServerProxy.java:addNew(100)) - s3: addNew group-E7953D37B758:[s3|0.0.0.0:35783, s4|0.0.0.0:45543, s0|0.0.0.0:42169, s1|0.0.0.0:40607, s2|0.0.0.0:39939] returns group-E7953D37B758:java.util.concurrent.CompletableFuture@435209ac[Not completed]
2023-12-13 16:20:56,721 [s3-groupManagement] INFO  server.RaftServer$Division (RaftServerImpl.java:<init>(256)) - s3: new RaftServerImpl for group-E7953D37B758:[s3|0.0.0.0:35783, s4|0.0.0.0:45543, s0|0.0.0.0:42169, s1|0.0.0.0:40607, s2|0.0.0.0:39939] with BaseStateMachine:uninitialized
2023-12-13 16:20:56,721 [s3-groupManagement] INFO  server.RaftServerConfigKeys (ConfUtils.java:logGet(46)) - raft.server.rpc.timeout.min = 1500ms (custom)
2023-12-13 16:20:56,721 [s3-groupManagement] INFO  server.RaftServerConfigKeys (ConfUtils.java:logGet(46)) - raft.server.rpc.timeout.max = 2000ms (custom)
2023-12-13 16:20:56,721 [s3-groupManagement] INFO  server.RaftServerConfigKeys (ConfUtils.java:logGet(46)) - raft.server.rpc.sleep.time = 25ms (default)
2023-12-13 16:20:56,721 [s3-groupManagement] INFO  server.RaftServerConfigKeys (ConfUtils.java:logGet(46)) - raft.server.rpc.slowness.timeout = 60s (default)
2023-12-13 16:20:56,721 [s3-groupManagement] INFO  server.RaftServerConfigKeys (ConfUtils.java:logGet(46)) - raft.server.leaderelection.leader.step-down.wait-time = 10s (default)
2023-12-13 16:20:56,721 [s3-groupManagement] INFO  server.RaftServerConfigKeys (ConfUtils.java:logGet(46)) - raft.server.leaderelection.member.majority-add = false (default)
2023-12-13 16:20:56,721 [s3-groupManagement] INFO  server.RaftServerConfigKeys (ConfUtils.java:logGet(46)) - raft.server.sleep.deviation.threshold = 300ms (default)
2023-12-13 16:20:56,721 [s3-groupManagement] INFO  server.RaftServer$Division (ServerState.java:<init>(113)) - s3@group-E7953D37B758: ConfigurationManager, init=-1: peers:[s3|0.0.0.0:35783, s4|0.0.0.0:45543, s0|0.0.0.0:42169, s1|0.0.0.0:40607, s2|0.0.0.0:39939]|listeners:[], old=null, confs=<EMPTY_MAP>
2023-12-13 16:20:56,721 [s3-groupManagement] INFO  server.RaftServerConfigKeys (ConfUtils.java:logGet(46)) - raft.server.notification.no-leader.timeout = 60s (default)
2023-12-13 16:20:56,721 [s3-groupManagement] INFO  server.RaftServerConfigKeys (ConfUtils.java:logGet(46)) - raft.server.read.timeout = 10s (default)
2023-12-13 16:20:56,721 [s3-groupManagement] INFO  server.RaftServerConfigKeys (ConfUtils.java:logGet(46)) - raft.server.retrycache.expirytime = 60s (default)
2023-12-13 16:20:56,721 [s3-groupManagement] INFO  server.RaftServerConfigKeys (ConfUtils.java:logGet(46)) - raft.server.retrycache.statistics.expirytime = 100ms (default)
2023-12-13 16:20:56,721 [s3-groupManagement] INFO  server.RaftServerConfigKeys (ConfUtils.java:logGet(46)) - raft.server.read.option = DEFAULT (default)
2023-12-13 16:20:56,721 [s3-groupManagement] INFO  server.RaftServerConfigKeys (ConfUtils.java:logGet(46)) - raft.server.read.read-after-write-consistent.write-index-cache.expiry-time = 60s (default)
2023-12-13 16:20:56,721 [s3-groupManagement] INFO  server.RaftServerConfigKeys (ConfUtils.java:logGet(46)) - raft.server.rpc.request.timeout = 3000ms (default)
2023-12-13 16:20:56,721 [s3-groupManagement] INFO  server.RaftServerConfigKeys (ConfUtils.java:logGet(46)) - raft.server.log.appender.install.snapshot.enabled = true (default)
2023-12-13 16:20:56,721 [s3-groupManagement] INFO  server.RaftServerConfigKeys (ConfUtils.java:logGet(46)) - raft.server.threadpool.server.cached = true (default)
2023-12-13 16:20:56,721 [s3-groupManagement] INFO  server.RaftServerConfigKeys (ConfUtils.java:logGet(46)) - raft.server.threadpool.server.size = 0 (default)
2023-12-13 16:20:56,721 [s3-groupManagement] INFO  server.RaftServerConfigKeys (ConfUtils.java:logGet(46)) - raft.server.threadpool.client.cached = true (default)
2023-12-13 16:20:56,721 [s3-groupManagement] INFO  server.RaftServerConfigKeys (ConfUtils.java:logGet(46)) - raft.server.threadpool.client.size = 0 (default)
2023-12-13 16:20:56,721 [s3-groupManagement] DEBUG server.RaftServer (RaftServerProxy.java:lambda$groupAddAsync$13(507)) - s3: newImpl =      null s3@group-E7953D37B758:t0, leader=null, voted=null, raftlog=UNINITIALIZED, conf=-1: peers:[s3|0.0.0.0:35783, s4|0.0.0.0:45543, s0|0.0.0.0:42169, s1|0.0.0.0:40607, s2|0.0.0.0:39939]|listeners:[], old=null NEW
2023-12-13 16:20:56,722 [s3-groupManagement] INFO  server.RaftServerConfigKeys (ConfUtils.java:logGet(46)) - raft.server.storage.free-space.min = 0MB (=0) (default)
2023-12-13 16:20:56,722 [s3-groupManagement] INFO  server.RaftServerConfigKeys (ConfUtils.java:logGet(46)) - raft.server.log.corruption.policy = EXCEPTION (default)
2023-12-13 16:20:56,722 [s3-groupManagement] INFO  server.RaftServerConfigKeys (ConfUtils.java:logGet(46)) - raft.server.storage.dir = [/home/runner/work/ratis/ratis/ratis-test/target/test/data/1e4ee837/MiniRaftClusterWithGrpc24096a27/s3] (custom)
2023-12-13 16:20:56,722 [s3-groupManagement] INFO  storage.RaftStorageDirectory (RaftStorageDirectoryImpl.java:analyzeStorage(138)) - The storage directory /home/runner/work/ratis/ratis/ratis-test/target/test/data/1e4ee837/MiniRaftClusterWithGrpc24096a27/s3/76edff82-45fd-4d72-a0c3-e7953d37b758 does not exist. Creating ...
2023-12-13 16:20:56,722 [s3-groupManagement] TRACE util.FileUtils (LogUtils.java:runAndLog(49)) - Successfully ran Files.createDirectories /home/runner/work/ratis/ratis/ratis-test/target/test/data/1e4ee837/MiniRaftClusterWithGrpc24096a27/s3/76edff82-45fd-4d72-a0c3-e7953d37b758
2023-12-13 16:20:56,723 [s3-groupManagement] INFO  storage.RaftStorageDirectory (RaftStorageDirectoryImpl.java:tryLock(228)) - Lock on /home/runner/work/ratis/ratis/ratis-test/target/test/data/1e4ee837/MiniRaftClusterWithGrpc24096a27/s3/76edff82-45fd-4d72-a0c3-e7953d37b758/in_use.lock acquired by nodename 10819@fv-az890-872
2023-12-13 16:20:56,723 [s3-groupManagement] TRACE util.FileUtils (LogUtils.java:runAndLog(49)) - Successfully ran Files.createDirectories /home/runner/work/ratis/ratis/ratis-test/target/test/data/1e4ee837/MiniRaftClusterWithGrpc24096a27/s3/76edff82-45fd-4d72-a0c3-e7953d37b758/current
2023-12-13 16:20:56,723 [s3-groupManagement] TRACE util.FileUtils (LogUtils.java:runAndLog(49)) - Successfully ran Files.createDirectories /home/runner/work/ratis/ratis/ratis-test/target/test/data/1e4ee837/MiniRaftClusterWithGrpc24096a27/s3/76edff82-45fd-4d72-a0c3-e7953d37b758/sm
2023-12-13 16:20:56,723 [s3-groupManagement] TRACE util.FileUtils (LogUtils.java:supplyAndLog(69)) - Successfully supplied FileChannel.open /home/runner/work/ratis/ratis/ratis-test/target/test/data/1e4ee837/MiniRaftClusterWithGrpc24096a27/s3/76edff82-45fd-4d72-a0c3-e7953d37b758/current/raft-meta.tmp with options [CREATE, WRITE]: sun.nio.ch.FileChannelImpl@4c732f4
2023-12-13 16:20:56,724 [s3-groupManagement] TRACE util.FileUtils (LogUtils.java:runAndLog(49)) - Successfully ran Atomic Files.move /home/runner/work/ratis/ratis/ratis-test/target/test/data/1e4ee837/MiniRaftClusterWithGrpc24096a27/s3/76edff82-45fd-4d72-a0c3-e7953d37b758/current/raft-meta.tmp to /home/runner/work/ratis/ratis/ratis-test/target/test/data/1e4ee837/MiniRaftClusterWithGrpc24096a27/s3/76edff82-45fd-4d72-a0c3-e7953d37b758/current/raft-meta with options [REPLACE_EXISTING]
2023-12-13 16:20:56,724 [s3-groupManagement] INFO  storage.RaftStorage (RaftStorageImpl.java:format(99)) - Storage directory /home/runner/work/ratis/ratis/ratis-test/target/test/data/1e4ee837/MiniRaftClusterWithGrpc24096a27/s3/76edff82-45fd-4d72-a0c3-e7953d37b758 has been successfully formatted.
2023-12-13 16:20:56,724 [s3-groupManagement] TRACE util.FileUtils (LogUtils.java:supplyAndLog(61)) - Failed to Files.newInputStream /home/runner/work/ratis/ratis/ratis-test/target/test/data/1e4ee837/MiniRaftClusterWithGrpc24096a27/s3/76edff82-45fd-4d72-a0c3-e7953d37b758/current/raft-meta.conf with options []
java.nio.file.NoSuchFileException: /home/runner/work/ratis/ratis/ratis-test/target/test/data/1e4ee837/MiniRaftClusterWithGrpc24096a27/s3/76edff82-45fd-4d72-a0c3-e7953d37b758/current/raft-meta.conf
	at java.base/sun.nio.fs.UnixException.translateToIOException(UnixException.java:92)
	at java.base/sun.nio.fs.UnixException.rethrowAsIOException(UnixException.java:111)
	at java.base/sun.nio.fs.UnixException.rethrowAsIOException(UnixException.java:116)
	at java.base/sun.nio.fs.UnixFileSystemProvider.newByteChannel(UnixFileSystemProvider.java:219)
	at java.base/java.nio.file.Files.newByteChannel(Files.java:371)
	at java.base/java.nio.file.Files.newByteChannel(Files.java:422)
	at java.base/java.nio.file.spi.FileSystemProvider.newInputStream(FileSystemProvider.java:420)
	at java.base/java.nio.file.Files.newInputStream(Files.java:156)
	at org.apache.ratis.util.FileUtils.lambda$newInputStream$2(FileUtils.java:73)
	at org.apache.ratis.util.LogUtils.supplyAndLog(LogUtils.java:58)
	at org.apache.ratis.util.FileUtils.newInputStream(FileUtils.java:72)
	at org.apache.ratis.util.FileUtils.newInputStream(FileUtils.java:68)
	at org.apache.ratis.server.storage.RaftStorageImpl.readRaftConfiguration(RaftStorageImpl.java:156)
	at org.apache.ratis.server.impl.ServerState.initialize(ServerState.java:141)
	at org.apache.ratis.server.impl.RaftServerImpl.start(RaftServerImpl.java:388)
	at org.apache.ratis.server.impl.RaftServerProxy.lambda$groupAddAsync$13(RaftServerProxy.java:509)
	at java.base/java.util.concurrent.CompletableFuture$UniApply.tryFire(CompletableFuture.java:642)
	at java.base/java.util.concurrent.CompletableFuture$Completion.run(CompletableFuture.java:478)
	at java.base/java.util.concurrent.ThreadPoolExecutor.runWorker(ThreadPoolExecutor.java:1128)
	at java.base/java.util.concurrent.ThreadPoolExecutor$Worker.run(ThreadPoolExecutor.java:628)
	at java.base/java.lang.Thread.run(Thread.java:829)
2023-12-13 16:20:56,724 [s3-groupManagement] INFO  server.RaftServerConfigKeys (ConfUtils.java:logGet(46)) - raft.server.log.use.memory = false (default)
2023-12-13 16:20:56,724 [s3-groupManagement] INFO  server.RaftServerConfigKeys (ConfUtils.java:logGet(46)) - raft.server.log.purge.gap = 1024 (default)
2023-12-13 16:20:56,724 [s3-groupManagement] INFO  server.RaftServerConfigKeys (ConfUtils.java:logGet(46)) - raft.server.log.appender.buffer.byte-limit = 4MB (=4194304) (default)
2023-12-13 16:20:56,724 [s3-groupManagement] INFO  server.RaftServerConfigKeys (ConfUtils.java:logGet(46)) - raft.server.log.statemachine.data.read.timeout = 1000ms (default)
2023-12-13 16:20:56,724 [s3-groupManagement] INFO  server.RaftServerConfigKeys (ConfUtils.java:logGet(46)) - raft.server.log.purge.preservation.log.num = 0 (default)
2023-12-13 16:20:56,724 [s3-groupManagement] INFO  server.RaftServerConfigKeys (ConfUtils.java:logGet(46)) - raft.server.log.segment.size.max = 32MB (=33554432) (default)
2023-12-13 16:20:56,724 [s3-groupManagement] INFO  server.RaftServerConfigKeys (ConfUtils.java:logGet(46)) - raft.server.log.segment.cache.num.max = 6 (default)
2023-12-13 16:20:56,724 [s3-groupManagement] INFO  server.RaftServerConfigKeys (ConfUtils.java:logGet(46)) - raft.server.log.segment.cache.size.max = 200MB (=209715200) (default)
2023-12-13 16:20:56,724 [s3-groupManagement] INFO  server.RaftServerConfigKeys (ConfUtils.java:logGet(46)) - raft.server.log.appender.buffer.byte-limit = 4MB (=4194304) (default)
2023-12-13 16:20:56,725 [s3-groupManagement] INFO  util.AwaitToRun (AwaitToRun.java:start(81)) - Thread[s3@group-E7953D37B758-cacheEviction-AwaitToRun,5,main] started
2023-12-13 16:20:56,725 [s3-groupManagement] INFO  segmented.SegmentedRaftLogWorker (SegmentedRaftLogWorker.java:<init>(182)) - new s3@group-E7953D37B758-SegmentedRaftLogWorker for RaftStorageImpl:Storage Directory /home/runner/work/ratis/ratis/ratis-test/target/test/data/1e4ee837/MiniRaftClusterWithGrpc24096a27/s3/76edff82-45fd-4d72-a0c3-e7953d37b758
2023-12-13 16:20:56,725 [s3-groupManagement] INFO  server.RaftServerConfigKeys (ConfUtils.java:logGet(46)) - raft.server.log.queue.byte-limit = 64MB (=67108864) (default)
2023-12-13 16:20:56,725 [s3-groupManagement] INFO  server.RaftServerConfigKeys (ConfUtils.java:logGet(46)) - raft.server.log.queue.element-limit = 4096 (default)
2023-12-13 16:20:56,725 [s3-groupManagement] INFO  server.RaftServerConfigKeys (ConfUtils.java:logGet(46)) - raft.server.log.segment.size.max = 32MB (=33554432) (default)
2023-12-13 16:20:56,725 [s3-groupManagement] INFO  server.RaftServerConfigKeys (ConfUtils.java:logGet(46)) - raft.server.log.preallocated.size = 4MB (=4194304) (default)
2023-12-13 16:20:56,725 [s3-groupManagement] INFO  server.RaftServerConfigKeys (ConfUtils.java:logGet(46)) - raft.server.log.force.sync.num = 128 (default)
2023-12-13 16:20:56,725 [s3-groupManagement] INFO  server.RaftServerConfigKeys (ConfUtils.java:logGet(46)) - raft.server.log.statemachine.data.sync = true (default)
2023-12-13 16:20:56,725 [s3-groupManagement] INFO  server.RaftServerConfigKeys (ConfUtils.java:logGet(46)) - raft.server.log.statemachine.data.sync.timeout = 10s (default)
2023-12-13 16:20:56,725 [s3-groupManagement] INFO  server.RaftServerConfigKeys (ConfUtils.java:logGet(46)) - raft.server.log.statemachine.data.sync.timeout.retry = -1 (default)
2023-12-13 16:20:56,725 [s3-groupManagement] INFO  server.RaftServerConfigKeys (ConfUtils.java:logGet(46)) - raft.server.log.write.buffer.size = 8MB (=8388608) (default)
2023-12-13 16:20:56,726 [s3-groupManagement] INFO  server.RaftServerConfigKeys (ConfUtils.java:logGet(46)) - raft.server.log.appender.buffer.byte-limit = 4MB (=4194304) (default)
2023-12-13 16:20:56,726 [s3-groupManagement] INFO  server.RaftServerConfigKeys (ConfUtils.java:logGet(46)) - raft.server.log.unsafe-flush.enabled = false (default)
2023-12-13 16:20:56,726 [s3-groupManagement] INFO  server.RaftServerConfigKeys (ConfUtils.java:logGet(46)) - raft.server.log.async-flush.enabled = false (default)
2023-12-13 16:20:56,726 [s3-groupManagement] INFO  server.RaftServerConfigKeys (ConfUtils.java:logGet(46)) - raft.server.log.statemachine.data.caching.enabled = false (default)
2023-12-13 16:20:56,726 [s3-groupManagement] INFO  segmented.SegmentedRaftLogWorker (SegmentedRaftLogWorker.java:lambda$new$0(134)) - s3@group-E7953D37B758-SegmentedRaftLogWorker: flushIndex: setUnconditionally 0 -> -1
2023-12-13 16:20:56,726 [s3-groupManagement] INFO  segmented.SegmentedRaftLogWorker (SegmentedRaftLogWorker.java:lambda$new$0(134)) - s3@group-E7953D37B758-SegmentedRaftLogWorker: safeCacheEvictIndex: setUnconditionally 0 -> -1
2023-12-13 16:20:56,726 [s3-groupManagement] INFO  server.RaftServer$Division (RaftServerImpl.java:start(392)) - s3@group-E7953D37B758: start as a follower, conf=-1: peers:[s3|0.0.0.0:35783, s4|0.0.0.0:45543, s0|0.0.0.0:42169, s1|0.0.0.0:40607, s2|0.0.0.0:39939]|listeners:[], old=null
2023-12-13 16:20:56,727 [s3-groupManagement] INFO  server.RaftServer$Division (RaftServerImpl.java:setRole(379)) - s3@group-E7953D37B758: changes role from      null to FOLLOWER at term 0 for startAsFollower
2023-12-13 16:20:56,727 [s3-groupManagement] INFO  impl.RoleInfo (RoleInfo.java:updateAndGet(139)) - s3: start s3@group-E7953D37B758-FollowerState
2023-12-13 16:20:56,727 [s3@group-E7953D37B758-FollowerState] INFO  server.RaftServerConfigKeys (ConfUtils.java:logFallback(53)) - raft.server.rpc.first-election.timeout.min = 1500ms (fallback to raft.server.rpc.timeout.min)
2023-12-13 16:20:56,727 [s3-groupManagement] INFO  util.JmxRegister (JmxRegister.java:tryRegister(44)) - Successfully registered JMX Bean with object name Ratis:service=RaftServer,group=group-E7953D37B758,id=s3
2023-12-13 16:20:56,727 [s3@group-E7953D37B758-FollowerState] INFO  server.RaftServerConfigKeys (ConfUtils.java:logFallback(53)) - raft.server.rpc.first-election.timeout.max = 2000ms (fallback to raft.server.rpc.timeout.max)
2023-12-13 16:20:56,727 [s3-groupManagement] INFO  server.RaftServerConfigKeys (ConfUtils.java:logGet(46)) - raft.server.snapshot.trigger-when-stop.enabled = true (default)
2023-12-13 16:20:56,727 [s3-groupManagement] INFO  server.RaftServerConfigKeys (ConfUtils.java:logGet(46)) - raft.server.snapshot.auto.trigger.enabled = false (default)
2023-12-13 16:20:56,727 [s3-groupManagement] INFO  server.RaftServerConfigKeys (ConfUtils.java:logGet(46)) - raft.server.snapshot.retention.file.num = -1 (default)
2023-12-13 16:20:56,727 [s3-groupManagement] INFO  server.RaftServerConfigKeys (ConfUtils.java:logGet(46)) - raft.server.log.purge.upto.snapshot.index = false (default)
2023-12-13 16:20:56,729 [Time-limited test] DEBUG client.RaftClient (ConfUtils.java:logGet(46)) - raft.rpc.type = GRPC (default)
2023-12-13 16:20:56,733 [grpc-default-executor-0] INFO  server.RaftServer (RaftServerProxy.java:addNew(100)) - s4: addNew group-E7953D37B758:[s3|0.0.0.0:35783, s4|0.0.0.0:45543, s0|0.0.0.0:42169, s1|0.0.0.0:40607, s2|0.0.0.0:39939] returns group-E7953D37B758:java.util.concurrent.CompletableFuture@5f4882cb[Not completed]
2023-12-13 16:20:56,733 [s4-groupManagement] INFO  server.RaftServer$Division (RaftServerImpl.java:<init>(256)) - s4: new RaftServerImpl for group-E7953D37B758:[s3|0.0.0.0:35783, s4|0.0.0.0:45543, s0|0.0.0.0:42169, s1|0.0.0.0:40607, s2|0.0.0.0:39939] with BaseStateMachine:uninitialized
2023-12-13 16:20:56,733 [s4-groupManagement] INFO  server.RaftServerConfigKeys (ConfUtils.java:logGet(46)) - raft.server.rpc.timeout.min = 1500ms (custom)
2023-12-13 16:20:56,733 [s4-groupManagement] INFO  server.RaftServerConfigKeys (ConfUtils.java:logGet(46)) - raft.server.rpc.timeout.max = 2000ms (custom)
2023-12-13 16:20:56,733 [s4-groupManagement] INFO  server.RaftServerConfigKeys (ConfUtils.java:logGet(46)) - raft.server.rpc.sleep.time = 25ms (default)
2023-12-13 16:20:56,733 [s4-groupManagement] INFO  server.RaftServerConfigKeys (ConfUtils.java:logGet(46)) - raft.server.rpc.slowness.timeout = 60s (default)
2023-12-13 16:20:56,733 [s4-groupManagement] INFO  server.RaftServerConfigKeys (ConfUtils.java:logGet(46)) - raft.server.leaderelection.leader.step-down.wait-time = 10s (default)
2023-12-13 16:20:56,733 [s4-groupManagement] INFO  server.RaftServerConfigKeys (ConfUtils.java:logGet(46)) - raft.server.leaderelection.member.majority-add = false (default)
2023-12-13 16:20:56,733 [s4-groupManagement] INFO  server.RaftServerConfigKeys (ConfUtils.java:logGet(46)) - raft.server.sleep.deviation.threshold = 300ms (default)
2023-12-13 16:20:56,733 [s4-groupManagement] INFO  server.RaftServer$Division (ServerState.java:<init>(113)) - s4@group-E7953D37B758: ConfigurationManager, init=-1: peers:[s3|0.0.0.0:35783, s4|0.0.0.0:45543, s0|0.0.0.0:42169, s1|0.0.0.0:40607, s2|0.0.0.0:39939]|listeners:[], old=null, confs=<EMPTY_MAP>
2023-12-13 16:20:56,733 [s4-groupManagement] INFO  server.RaftServerConfigKeys (ConfUtils.java:logGet(46)) - raft.server.notification.no-leader.timeout = 60s (default)
2023-12-13 16:20:56,733 [s4-groupManagement] INFO  server.RaftServerConfigKeys (ConfUtils.java:logGet(46)) - raft.server.read.timeout = 10s (default)
2023-12-13 16:20:56,733 [s4-groupManagement] INFO  server.RaftServerConfigKeys (ConfUtils.java:logGet(46)) - raft.server.retrycache.expirytime = 60s (default)
2023-12-13 16:20:56,734 [s4-groupManagement] INFO  server.RaftServerConfigKeys (ConfUtils.java:logGet(46)) - raft.server.retrycache.statistics.expirytime = 100ms (default)
2023-12-13 16:20:56,734 [s4-groupManagement] INFO  server.RaftServerConfigKeys (ConfUtils.java:logGet(46)) - raft.server.read.option = DEFAULT (default)
2023-12-13 16:20:56,734 [s4-groupManagement] INFO  server.RaftServerConfigKeys (ConfUtils.java:logGet(46)) - raft.server.read.read-after-write-consistent.write-index-cache.expiry-time = 60s (default)
2023-12-13 16:20:56,734 [s4-groupManagement] INFO  server.RaftServerConfigKeys (ConfUtils.java:logGet(46)) - raft.server.rpc.request.timeout = 3000ms (default)
2023-12-13 16:20:56,734 [s4-groupManagement] INFO  server.RaftServerConfigKeys (ConfUtils.java:logGet(46)) - raft.server.log.appender.install.snapshot.enabled = true (default)
2023-12-13 16:20:56,734 [s4-groupManagement] INFO  server.RaftServerConfigKeys (ConfUtils.java:logGet(46)) - raft.server.threadpool.server.cached = true (default)
2023-12-13 16:20:56,734 [s4-groupManagement] INFO  server.RaftServerConfigKeys (ConfUtils.java:logGet(46)) - raft.server.threadpool.server.size = 0 (default)
2023-12-13 16:20:56,734 [s4-groupManagement] INFO  server.RaftServerConfigKeys (ConfUtils.java:logGet(46)) - raft.server.threadpool.client.cached = true (default)
2023-12-13 16:20:56,734 [s4-groupManagement] INFO  server.RaftServerConfigKeys (ConfUtils.java:logGet(46)) - raft.server.threadpool.client.size = 0 (default)
2023-12-13 16:20:56,734 [s4-groupManagement] DEBUG server.RaftServer (RaftServerProxy.java:lambda$groupAddAsync$13(507)) - s4: newImpl =      null s4@group-E7953D37B758:t0, leader=null, voted=null, raftlog=UNINITIALIZED, conf=-1: peers:[s3|0.0.0.0:35783, s4|0.0.0.0:45543, s0|0.0.0.0:42169, s1|0.0.0.0:40607, s2|0.0.0.0:39939]|listeners:[], old=null NEW
2023-12-13 16:20:56,735 [s4-groupManagement] INFO  server.RaftServerConfigKeys (ConfUtils.java:logGet(46)) - raft.server.storage.free-space.min = 0MB (=0) (default)
2023-12-13 16:20:56,735 [s4-groupManagement] INFO  server.RaftServerConfigKeys (ConfUtils.java:logGet(46)) - raft.server.log.corruption.policy = EXCEPTION (default)
2023-12-13 16:20:56,735 [s4-groupManagement] INFO  server.RaftServerConfigKeys (ConfUtils.java:logGet(46)) - raft.server.storage.dir = [/home/runner/work/ratis/ratis/ratis-test/target/test/data/1e4ee837/MiniRaftClusterWithGrpc24096a27/s4] (custom)
2023-12-13 16:20:56,735 [s4-groupManagement] INFO  storage.RaftStorageDirectory (RaftStorageDirectoryImpl.java:analyzeStorage(138)) - The storage directory /home/runner/work/ratis/ratis/ratis-test/target/test/data/1e4ee837/MiniRaftClusterWithGrpc24096a27/s4/76edff82-45fd-4d72-a0c3-e7953d37b758 does not exist. Creating ...
2023-12-13 16:20:56,735 [s4-groupManagement] TRACE util.FileUtils (LogUtils.java:runAndLog(49)) - Successfully ran Files.createDirectories /home/runner/work/ratis/ratis/ratis-test/target/test/data/1e4ee837/MiniRaftClusterWithGrpc24096a27/s4/76edff82-45fd-4d72-a0c3-e7953d37b758
2023-12-13 16:20:56,736 [s4-groupManagement] INFO  storage.RaftStorageDirectory (RaftStorageDirectoryImpl.java:tryLock(228)) - Lock on /home/runner/work/ratis/ratis/ratis-test/target/test/data/1e4ee837/MiniRaftClusterWithGrpc24096a27/s4/76edff82-45fd-4d72-a0c3-e7953d37b758/in_use.lock acquired by nodename 10819@fv-az890-872
2023-12-13 16:20:56,737 [s4-groupManagement] TRACE util.FileUtils (LogUtils.java:runAndLog(49)) - Successfully ran Files.createDirectories /home/runner/work/ratis/ratis/ratis-test/target/test/data/1e4ee837/MiniRaftClusterWithGrpc24096a27/s4/76edff82-45fd-4d72-a0c3-e7953d37b758/current
2023-12-13 16:20:56,737 [s4-groupManagement] TRACE util.FileUtils (LogUtils.java:runAndLog(49)) - Successfully ran Files.createDirectories /home/runner/work/ratis/ratis/ratis-test/target/test/data/1e4ee837/MiniRaftClusterWithGrpc24096a27/s4/76edff82-45fd-4d72-a0c3-e7953d37b758/sm
2023-12-13 16:20:56,737 [s4-groupManagement] TRACE util.FileUtils (LogUtils.java:supplyAndLog(69)) - Successfully supplied FileChannel.open /home/runner/work/ratis/ratis/ratis-test/target/test/data/1e4ee837/MiniRaftClusterWithGrpc24096a27/s4/76edff82-45fd-4d72-a0c3-e7953d37b758/current/raft-meta.tmp with options [CREATE, WRITE]: sun.nio.ch.FileChannelImpl@3c7dad26
2023-12-13 16:20:56,738 [s4-groupManagement] TRACE util.FileUtils (LogUtils.java:runAndLog(49)) - Successfully ran Atomic Files.move /home/runner/work/ratis/ratis/ratis-test/target/test/data/1e4ee837/MiniRaftClusterWithGrpc24096a27/s4/76edff82-45fd-4d72-a0c3-e7953d37b758/current/raft-meta.tmp to /home/runner/work/ratis/ratis/ratis-test/target/test/data/1e4ee837/MiniRaftClusterWithGrpc24096a27/s4/76edff82-45fd-4d72-a0c3-e7953d37b758/current/raft-meta with options [REPLACE_EXISTING]
2023-12-13 16:20:56,738 [s4-groupManagement] INFO  storage.RaftStorage (RaftStorageImpl.java:format(99)) - Storage directory /home/runner/work/ratis/ratis/ratis-test/target/test/data/1e4ee837/MiniRaftClusterWithGrpc24096a27/s4/76edff82-45fd-4d72-a0c3-e7953d37b758 has been successfully formatted.
2023-12-13 16:20:56,738 [s4-groupManagement] TRACE util.FileUtils (LogUtils.java:supplyAndLog(61)) - Failed to Files.newInputStream /home/runner/work/ratis/ratis/ratis-test/target/test/data/1e4ee837/MiniRaftClusterWithGrpc24096a27/s4/76edff82-45fd-4d72-a0c3-e7953d37b758/current/raft-meta.conf with options []
java.nio.file.NoSuchFileException: /home/runner/work/ratis/ratis/ratis-test/target/test/data/1e4ee837/MiniRaftClusterWithGrpc24096a27/s4/76edff82-45fd-4d72-a0c3-e7953d37b758/current/raft-meta.conf
	at java.base/sun.nio.fs.UnixException.translateToIOException(UnixException.java:92)
	at java.base/sun.nio.fs.UnixException.rethrowAsIOException(UnixException.java:111)
	at java.base/sun.nio.fs.UnixException.rethrowAsIOException(UnixException.java:116)
	at java.base/sun.nio.fs.UnixFileSystemProvider.newByteChannel(UnixFileSystemProvider.java:219)
	at java.base/java.nio.file.Files.newByteChannel(Files.java:371)
	at java.base/java.nio.file.Files.newByteChannel(Files.java:422)
	at java.base/java.nio.file.spi.FileSystemProvider.newInputStream(FileSystemProvider.java:420)
	at java.base/java.nio.file.Files.newInputStream(Files.java:156)
	at org.apache.ratis.util.FileUtils.lambda$newInputStream$2(FileUtils.java:73)
	at org.apache.ratis.util.LogUtils.supplyAndLog(LogUtils.java:58)
	at org.apache.ratis.util.FileUtils.newInputStream(FileUtils.java:72)
	at org.apache.ratis.util.FileUtils.newInputStream(FileUtils.java:68)
	at org.apache.ratis.server.storage.RaftStorageImpl.readRaftConfiguration(RaftStorageImpl.java:156)
	at org.apache.ratis.server.impl.ServerState.initialize(ServerState.java:141)
	at org.apache.ratis.server.impl.RaftServerImpl.start(RaftServerImpl.java:388)
	at org.apache.ratis.server.impl.RaftServerProxy.lambda$groupAddAsync$13(RaftServerProxy.java:509)
	at java.base/java.util.concurrent.CompletableFuture$UniApply.tryFire(CompletableFuture.java:642)
	at java.base/java.util.concurrent.CompletableFuture$Completion.run(CompletableFuture.java:478)
	at java.base/java.util.concurrent.ThreadPoolExecutor.runWorker(ThreadPoolExecutor.java:1128)
	at java.base/java.util.concurrent.ThreadPoolExecutor$Worker.run(ThreadPoolExecutor.java:628)
	at java.base/java.lang.Thread.run(Thread.java:829)
2023-12-13 16:20:56,739 [s4-groupManagement] INFO  server.RaftServerConfigKeys (ConfUtils.java:logGet(46)) - raft.server.log.use.memory = false (default)
2023-12-13 16:20:56,739 [s4-groupManagement] INFO  server.RaftServerConfigKeys (ConfUtils.java:logGet(46)) - raft.server.log.purge.gap = 1024 (default)
2023-12-13 16:20:56,739 [s4-groupManagement] INFO  server.RaftServerConfigKeys (ConfUtils.java:logGet(46)) - raft.server.log.appender.buffer.byte-limit = 4MB (=4194304) (default)
2023-12-13 16:20:56,739 [s4-groupManagement] INFO  server.RaftServerConfigKeys (ConfUtils.java:logGet(46)) - raft.server.log.statemachine.data.read.timeout = 1000ms (default)
2023-12-13 16:20:56,739 [s4-groupManagement] INFO  server.RaftServerConfigKeys (ConfUtils.java:logGet(46)) - raft.server.log.purge.preservation.log.num = 0 (default)
2023-12-13 16:20:56,739 [s4-groupManagement] INFO  server.RaftServerConfigKeys (ConfUtils.java:logGet(46)) - raft.server.log.segment.size.max = 32MB (=33554432) (default)
2023-12-13 16:20:56,739 [s4-groupManagement] INFO  server.RaftServerConfigKeys (ConfUtils.java:logGet(46)) - raft.server.log.segment.cache.num.max = 6 (default)
2023-12-13 16:20:56,739 [s4-groupManagement] INFO  server.RaftServerConfigKeys (ConfUtils.java:logGet(46)) - raft.server.log.segment.cache.size.max = 200MB (=209715200) (default)
2023-12-13 16:20:56,739 [s4-groupManagement] INFO  server.RaftServerConfigKeys (ConfUtils.java:logGet(46)) - raft.server.log.appender.buffer.byte-limit = 4MB (=4194304) (default)
2023-12-13 16:20:56,739 [s4-groupManagement] INFO  util.AwaitToRun (AwaitToRun.java:start(81)) - Thread[s4@group-E7953D37B758-cacheEviction-AwaitToRun,5,main] started
2023-12-13 16:20:56,739 [s4-groupManagement] INFO  segmented.SegmentedRaftLogWorker (SegmentedRaftLogWorker.java:<init>(182)) - new s4@group-E7953D37B758-SegmentedRaftLogWorker for RaftStorageImpl:Storage Directory /home/runner/work/ratis/ratis/ratis-test/target/test/data/1e4ee837/MiniRaftClusterWithGrpc24096a27/s4/76edff82-45fd-4d72-a0c3-e7953d37b758
2023-12-13 16:20:56,739 [s4-groupManagement] INFO  server.RaftServerConfigKeys (ConfUtils.java:logGet(46)) - raft.server.log.queue.byte-limit = 64MB (=67108864) (default)
2023-12-13 16:20:56,739 [s4-groupManagement] INFO  server.RaftServerConfigKeys (ConfUtils.java:logGet(46)) - raft.server.log.queue.element-limit = 4096 (default)
2023-12-13 16:20:56,739 [s4-groupManagement] INFO  server.RaftServerConfigKeys (ConfUtils.java:logGet(46)) - raft.server.log.segment.size.max = 32MB (=33554432) (default)
2023-12-13 16:20:56,739 [s4-groupManagement] INFO  server.RaftServerConfigKeys (ConfUtils.java:logGet(46)) - raft.server.log.preallocated.size = 4MB (=4194304) (default)
2023-12-13 16:20:56,739 [s4-groupManagement] INFO  server.RaftServerConfigKeys (ConfUtils.java:logGet(46)) - raft.server.log.force.sync.num = 128 (default)
2023-12-13 16:20:56,739 [s4-groupManagement] INFO  server.RaftServerConfigKeys (ConfUtils.java:logGet(46)) - raft.server.log.statemachine.data.sync = true (default)
2023-12-13 16:20:56,739 [s4-groupManagement] INFO  server.RaftServerConfigKeys (ConfUtils.java:logGet(46)) - raft.server.log.statemachine.data.sync.timeout = 10s (default)
2023-12-13 16:20:56,739 [s4-groupManagement] INFO  server.RaftServerConfigKeys (ConfUtils.java:logGet(46)) - raft.server.log.statemachine.data.sync.timeout.retry = -1 (default)
2023-12-13 16:20:56,739 [s4-groupManagement] INFO  server.RaftServerConfigKeys (ConfUtils.java:logGet(46)) - raft.server.log.write.buffer.size = 8MB (=8388608) (default)
2023-12-13 16:20:56,741 [s4-groupManagement] INFO  server.RaftServerConfigKeys (ConfUtils.java:logGet(46)) - raft.server.log.appender.buffer.byte-limit = 4MB (=4194304) (default)
2023-12-13 16:20:56,741 [s4-groupManagement] INFO  server.RaftServerConfigKeys (ConfUtils.java:logGet(46)) - raft.server.log.unsafe-flush.enabled = false (default)
2023-12-13 16:20:56,741 [s4-groupManagement] INFO  server.RaftServerConfigKeys (ConfUtils.java:logGet(46)) - raft.server.log.async-flush.enabled = false (default)
2023-12-13 16:20:56,741 [s4-groupManagement] INFO  server.RaftServerConfigKeys (ConfUtils.java:logGet(46)) - raft.server.log.statemachine.data.caching.enabled = false (default)
2023-12-13 16:20:56,741 [s4-groupManagement] INFO  segmented.SegmentedRaftLogWorker (SegmentedRaftLogWorker.java:lambda$new$0(134)) - s4@group-E7953D37B758-SegmentedRaftLogWorker: flushIndex: setUnconditionally 0 -> -1
2023-12-13 16:20:56,741 [s4-groupManagement] INFO  segmented.SegmentedRaftLogWorker (SegmentedRaftLogWorker.java:lambda$new$0(134)) - s4@group-E7953D37B758-SegmentedRaftLogWorker: safeCacheEvictIndex: setUnconditionally 0 -> -1
2023-12-13 16:20:56,741 [s4-groupManagement] INFO  server.RaftServer$Division (RaftServerImpl.java:start(392)) - s4@group-E7953D37B758: start as a follower, conf=-1: peers:[s3|0.0.0.0:35783, s4|0.0.0.0:45543, s0|0.0.0.0:42169, s1|0.0.0.0:40607, s2|0.0.0.0:39939]|listeners:[], old=null
2023-12-13 16:20:56,741 [s4-groupManagement] INFO  server.RaftServer$Division (RaftServerImpl.java:setRole(379)) - s4@group-E7953D37B758: changes role from      null to FOLLOWER at term 0 for startAsFollower
2023-12-13 16:20:56,741 [s4-groupManagement] INFO  impl.RoleInfo (RoleInfo.java:updateAndGet(139)) - s4: start s4@group-E7953D37B758-FollowerState
2023-12-13 16:20:56,741 [s4@group-E7953D37B758-FollowerState] INFO  server.RaftServerConfigKeys (ConfUtils.java:logFallback(53)) - raft.server.rpc.first-election.timeout.min = 1500ms (fallback to raft.server.rpc.timeout.min)
2023-12-13 16:20:56,741 [s4-groupManagement] INFO  util.JmxRegister (JmxRegister.java:tryRegister(44)) - Successfully registered JMX Bean with object name Ratis:service=RaftServer,group=group-E7953D37B758,id=s4
2023-12-13 16:20:56,741 [s4@group-E7953D37B758-FollowerState] INFO  server.RaftServerConfigKeys (ConfUtils.java:logFallback(53)) - raft.server.rpc.first-election.timeout.max = 2000ms (fallback to raft.server.rpc.timeout.max)
2023-12-13 16:20:56,741 [s4-groupManagement] INFO  server.RaftServerConfigKeys (ConfUtils.java:logGet(46)) - raft.server.snapshot.trigger-when-stop.enabled = true (default)
2023-12-13 16:20:56,741 [s4-groupManagement] INFO  server.RaftServerConfigKeys (ConfUtils.java:logGet(46)) - raft.server.snapshot.auto.trigger.enabled = false (default)
2023-12-13 16:20:56,741 [s4-groupManagement] INFO  server.RaftServerConfigKeys (ConfUtils.java:logGet(46)) - raft.server.snapshot.retention.file.num = -1 (default)
2023-12-13 16:20:56,741 [s4-groupManagement] INFO  server.RaftServerConfigKeys (ConfUtils.java:logGet(46)) - raft.server.log.purge.upto.snapshot.index = false (default)
2023-12-13 16:20:56,750 [Time-limited test] INFO  server.RaftServerConfigKeys (ConfUtils.java:logGet(46)) - raft.server.rpc.timeout.max = 2000ms (custom)
2023-12-13 16:20:56,750 [Time-limited test] INFO  ratis.RaftTestUtil (RaftTestUtil.java:waitForLeader(100)) - printing group-E7953D37B758
  s3:  RUNNING [
   FOLLOWER s3@group-215AF6FE8C9E:t0, leader=null, voted=, raftlog=Memoized:s3@group-215AF6FE8C9E-SegmentedRaftLog:OPENED:c-1, conf=-1: peers:[]|listeners:[], old=null STARTING
   FOLLOWER s3@group-E7953D37B758:t0, leader=null, voted=, raftlog=Memoized:s3@group-E7953D37B758-SegmentedRaftLog:OPENED:c-1, conf=-1: peers:[s3|0.0.0.0:35783, s4|0.0.0.0:45543, s0|0.0.0.0:42169, s1|0.0.0.0:40607, s2|0.0.0.0:39939]|listeners:[], old=null RUNNING] size=2
  s4:  RUNNING [
   FOLLOWER s4@group-215AF6FE8C9E:t0, leader=null, voted=, raftlog=Memoized:s4@group-215AF6FE8C9E-SegmentedRaftLog:OPENED:c-1, conf=-1: peers:[]|listeners:[], old=null STARTING
   FOLLOWER s4@group-E7953D37B758:t0, leader=null, voted=, raftlog=Memoized:s4@group-E7953D37B758-SegmentedRaftLog:OPENED:c-1, conf=-1: peers:[s3|0.0.0.0:35783, s4|0.0.0.0:45543, s0|0.0.0.0:42169, s1|0.0.0.0:40607, s2|0.0.0.0:39939]|listeners:[], old=null RUNNING] size=2
  s0:  RUNNING [
   FOLLOWER s0@group-215AF6FE8C9E:t0, leader=null, voted=, raftlog=Memoized:s0@group-215AF6FE8C9E-SegmentedRaftLog:OPENED:c-1, conf=-1: peers:[]|listeners:[], old=null STARTING
   FOLLOWER s0@group-E7953D37B758:t0, leader=null, voted=, raftlog=Memoized:s0@group-E7953D37B758-SegmentedRaftLog:OPENED:c-1, conf=-1: peers:[s3|0.0.0.0:35783, s4|0.0.0.0:45543, s0|0.0.0.0:42169, s1|0.0.0.0:40607, s2|0.0.0.0:39939]|listeners:[], old=null RUNNING] size=2
  s1:  RUNNING [
   FOLLOWER s1@group-215AF6FE8C9E:t0, leader=null, voted=, raftlog=Memoized:s1@group-215AF6FE8C9E-SegmentedRaftLog:OPENED:c-1, conf=-1: peers:[]|listeners:[], old=null STARTING
   FOLLOWER s1@group-E7953D37B758:t0, leader=null, voted=, raftlog=Memoized:s1@group-E7953D37B758-SegmentedRaftLog:OPENED:c-1, conf=-1: peers:[s3|0.0.0.0:35783, s4|0.0.0.0:45543, s0|0.0.0.0:42169, s1|0.0.0.0:40607, s2|0.0.0.0:39939]|listeners:[], old=null RUNNING] size=2
  s2:  RUNNING [
   FOLLOWER s2@group-215AF6FE8C9E:t0, leader=null, voted=, raftlog=Memoized:s2@group-215AF6FE8C9E-SegmentedRaftLog:OPENED:c-1, conf=-1: peers:[]|listeners:[], old=null STARTING
   FOLLOWER s2@group-E7953D37B758:t0, leader=null, voted=, raftlog=Memoized:s2@group-E7953D37B758-SegmentedRaftLog:OPENED:c-1, conf=-1: peers:[s3|0.0.0.0:35783, s4|0.0.0.0:45543, s0|0.0.0.0:42169, s1|0.0.0.0:40607, s2|0.0.0.0:39939]|listeners:[], old=null RUNNING] size=2
2023-12-13 16:20:56,751 [Time-limited test] WARN  ratis.RaftTestUtil (RaftTestUtil.java:lambda$waitForLeader$3(119)) - Attempt #1 failed: java.lang.IllegalStateException: No leader yet  for group-E7953D37B758: printing group-E7953D37B758
  s3:  RUNNING [
   FOLLOWER s3@group-215AF6FE8C9E:t0, leader=null, voted=, raftlog=Memoized:s3@group-215AF6FE8C9E-SegmentedRaftLog:OPENED:c-1, conf=-1: peers:[]|listeners:[], old=null STARTING
   FOLLOWER s3@group-E7953D37B758:t0, leader=null, voted=, raftlog=Memoized:s3@group-E7953D37B758-SegmentedRaftLog:OPENED:c-1, conf=-1: peers:[s3|0.0.0.0:35783, s4|0.0.0.0:45543, s0|0.0.0.0:42169, s1|0.0.0.0:40607, s2|0.0.0.0:39939]|listeners:[], old=null RUNNING] size=2
  s4:  RUNNING [
   FOLLOWER s4@group-215AF6FE8C9E:t0, leader=null, voted=, raftlog=Memoized:s4@group-215AF6FE8C9E-SegmentedRaftLog:OPENED:c-1, conf=-1: peers:[]|listeners:[], old=null STARTING
   FOLLOWER s4@group-E7953D37B758:t0, leader=null, voted=, raftlog=Memoized:s4@group-E7953D37B758-SegmentedRaftLog:OPENED:c-1, conf=-1: peers:[s3|0.0.0.0:35783, s4|0.0.0.0:45543, s0|0.0.0.0:42169, s1|0.0.0.0:40607, s2|0.0.0.0:39939]|listeners:[], old=null RUNNING] size=2
  s0:  RUNNING [
   FOLLOWER s0@group-215AF6FE8C9E:t0, leader=null, voted=, raftlog=Memoized:s0@group-215AF6FE8C9E-SegmentedRaftLog:OPENED:c-1, conf=-1: peers:[]|listeners:[], old=null STARTING
   FOLLOWER s0@group-E7953D37B758:t0, leader=null, voted=, raftlog=Memoized:s0@group-E7953D37B758-SegmentedRaftLog:OPENED:c-1, conf=-1: peers:[s3|0.0.0.0:35783, s4|0.0.0.0:45543, s0|0.0.0.0:42169, s1|0.0.0.0:40607, s2|0.0.0.0:39939]|listeners:[], old=null RUNNING] size=2
  s1:  RUNNING [
   FOLLOWER s1@group-215AF6FE8C9E:t0, leader=null, voted=, raftlog=Memoized:s1@group-215AF6FE8C9E-SegmentedRaftLog:OPENED:c-1, conf=-1: peers:[]|listeners:[], old=null STARTING
   FOLLOWER s1@group-E7953D37B758:t0, leader=null, voted=, raftlog=Memoized:s1@group-E7953D37B758-SegmentedRaftLog:OPENED:c-1, conf=-1: peers:[s3|0.0.0.0:35783, s4|0.0.0.0:45543, s0|0.0.0.0:42169, s1|0.0.0.0:40607, s2|0.0.0.0:39939]|listeners:[], old=null RUNNING] size=2
  s2:  RUNNING [
   FOLLOWER s2@group-215AF6FE8C9E:t0, leader=null, voted=, raftlog=Memoized:s2@group-215AF6FE8C9E-SegmentedRaftLog:OPENED:c-1, conf=-1: peers:[]|listeners:[], old=null STARTING
   FOLLOWER s2@group-E7953D37B758:t0, leader=null, voted=, raftlog=Memoized:s2@group-E7953D37B758-SegmentedRaftLog:OPENED:c-1, conf=-1: peers:[s3|0.0.0.0:35783, s4|0.0.0.0:45543, s0|0.0.0.0:42169, s1|0.0.0.0:40607, s2|0.0.0.0:39939]|listeners:[], old=null RUNNING] size=2
2023-12-13 16:20:58,312 [s2@group-E7953D37B758-FollowerState] INFO  impl.FollowerState (FollowerState.java:run(143)) - s2@group-E7953D37B758-FollowerState: change to CANDIDATE, lastRpcElapsedTime:1597395754ns, electionTimeout:1597ms
2023-12-13 16:20:58,312 [s2@group-E7953D37B758-FollowerState] INFO  impl.RoleInfo (RoleInfo.java:shutdownFollowerState(110)) - s2: shutdown s2@group-E7953D37B758-FollowerState
2023-12-13 16:20:58,312 [s2@group-E7953D37B758-FollowerState] INFO  server.RaftServer$Division (RaftServerImpl.java:setRole(379)) - s2@group-E7953D37B758: changes role from  FOLLOWER to CANDIDATE at term 0 for changeToCandidate
2023-12-13 16:20:58,312 [s2@group-E7953D37B758-FollowerState] INFO  server.RaftServerConfigKeys (ConfUtils.java:logGet(46)) - raft.server.leaderelection.pre-vote = true (default)
2023-12-13 16:20:58,312 [s2@group-E7953D37B758-FollowerState] INFO  impl.RoleInfo (RoleInfo.java:updateAndGet(139)) - s2: start s2@group-E7953D37B758-LeaderElection7
2023-12-13 16:20:58,312 [s2@group-E7953D37B758-LeaderElection7] INFO  impl.LeaderElection (LeaderElection.java:askForVotes(321)) - s2@group-E7953D37B758-LeaderElection7 PRE_VOTE round 0: submit vote requests at term 0 for -1: peers:[s3|0.0.0.0:35783, s4|0.0.0.0:45543, s0|0.0.0.0:42169, s1|0.0.0.0:40607, s2|0.0.0.0:39939]|listeners:[], old=null
2023-12-13 16:20:58,313 [s2@group-E7953D37B758-LeaderElection7-1] INFO  server.GrpcServerProtocolClient (GrpcServerProtocolClient.java:<init>(65)) - Build channel for s3
2023-12-13 16:20:58,313 [s2@group-E7953D37B758-LeaderElection7-2] INFO  server.GrpcServerProtocolClient (GrpcServerProtocolClient.java:<init>(65)) - Build channel for s4
2023-12-13 16:20:58,313 [s2@group-E7953D37B758-LeaderElection7-3] INFO  server.GrpcServerProtocolClient (GrpcServerProtocolClient.java:<init>(65)) - Build channel for s0
2023-12-13 16:20:58,313 [s2@group-E7953D37B758-LeaderElection7] INFO  server.RaftServerConfigKeys (ConfUtils.java:logFallback(53)) - raft.server.rpc.first-election.timeout.min = 1500ms (fallback to raft.server.rpc.timeout.min)
2023-12-13 16:20:58,313 [s2@group-E7953D37B758-LeaderElection7-4] INFO  server.GrpcServerProtocolClient (GrpcServerProtocolClient.java:<init>(65)) - Build channel for s1
2023-12-13 16:20:58,313 [s2@group-E7953D37B758-LeaderElection7] INFO  server.RaftServerConfigKeys (ConfUtils.java:logFallback(53)) - raft.server.rpc.first-election.timeout.max = 2000ms (fallback to raft.server.rpc.timeout.max)
2023-12-13 16:20:58,319 [grpc-default-executor-1] INFO  server.RaftServer$Division (RaftServerImpl.java:requestVote(1377)) - s1@group-E7953D37B758: receive requestVote(PRE_VOTE, s2, group-E7953D37B758, 0, (t:0, i:0))
2023-12-13 16:20:58,319 [grpc-default-executor-2] INFO  server.RaftServer$Division (RaftServerImpl.java:requestVote(1377)) - s3@group-E7953D37B758: receive requestVote(PRE_VOTE, s2, group-E7953D37B758, 0, (t:0, i:0))
2023-12-13 16:20:58,319 [grpc-default-executor-1] INFO  impl.VoteContext (VoteContext.java:log(49)) - s1@group-E7953D37B758-FOLLOWER: accept PRE_VOTE from s2: our priority 0 <= candidate's priority 0
2023-12-13 16:20:58,319 [grpc-default-executor-2] INFO  impl.VoteContext (VoteContext.java:log(49)) - s3@group-E7953D37B758-FOLLOWER: accept PRE_VOTE from s2: our priority 0 <= candidate's priority 0
2023-12-13 16:20:58,319 [grpc-default-executor-0] INFO  server.RaftServer$Division (RaftServerImpl.java:requestVote(1377)) - s0@group-E7953D37B758: receive requestVote(PRE_VOTE, s2, group-E7953D37B758, 0, (t:0, i:0))
2023-12-13 16:20:58,319 [grpc-default-executor-2] INFO  server.RaftServer$Division (RaftServerImpl.java:requestVote(1410)) - s3@group-E7953D37B758 replies to PRE_VOTE vote request: s2<-s3#0:OK-t0. Peer's state: s3@group-E7953D37B758:t0, leader=null, voted=, raftlog=Memoized:s3@group-E7953D37B758-SegmentedRaftLog:OPENED:c-1, conf=-1: peers:[s3|0.0.0.0:35783, s4|0.0.0.0:45543, s0|0.0.0.0:42169, s1|0.0.0.0:40607, s2|0.0.0.0:39939]|listeners:[], old=null
2023-12-13 16:20:58,319 [grpc-default-executor-0] INFO  impl.VoteContext (VoteContext.java:log(49)) - s0@group-E7953D37B758-FOLLOWER: accept PRE_VOTE from s2: our priority 0 <= candidate's priority 0
2023-12-13 16:20:58,319 [grpc-default-executor-1] INFO  server.RaftServer$Division (RaftServerImpl.java:requestVote(1410)) - s1@group-E7953D37B758 replies to PRE_VOTE vote request: s2<-s1#0:OK-t0. Peer's state: s1@group-E7953D37B758:t0, leader=null, voted=, raftlog=Memoized:s1@group-E7953D37B758-SegmentedRaftLog:OPENED:c-1, conf=-1: peers:[s3|0.0.0.0:35783, s4|0.0.0.0:45543, s0|0.0.0.0:42169, s1|0.0.0.0:40607, s2|0.0.0.0:39939]|listeners:[], old=null
2023-12-13 16:20:58,319 [grpc-default-executor-0] INFO  server.RaftServer$Division (RaftServerImpl.java:requestVote(1410)) - s0@group-E7953D37B758 replies to PRE_VOTE vote request: s2<-s0#0:OK-t0. Peer's state: s0@group-E7953D37B758:t0, leader=null, voted=, raftlog=Memoized:s0@group-E7953D37B758-SegmentedRaftLog:OPENED:c-1, conf=-1: peers:[s3|0.0.0.0:35783, s4|0.0.0.0:45543, s0|0.0.0.0:42169, s1|0.0.0.0:40607, s2|0.0.0.0:39939]|listeners:[], old=null
2023-12-13 16:20:58,322 [s2@group-E7953D37B758-LeaderElection7] INFO  impl.LeaderElection (LeaderElection.java:logAndReturn(89)) - s2@group-E7953D37B758-LeaderElection7: PRE_VOTE PASSED received 2 response(s) and 0 exception(s):
2023-12-13 16:20:58,322 [s2@group-E7953D37B758-LeaderElection7] INFO  impl.LeaderElection (LeaderElection.java:logAndReturn(93)) -   Response 0: s2<-s0#0:OK-t0
2023-12-13 16:20:58,322 [s2@group-E7953D37B758-LeaderElection7] INFO  impl.LeaderElection (LeaderElection.java:logAndReturn(93)) -   Response 1: s2<-s1#0:OK-t0
2023-12-13 16:20:58,322 [s2@group-E7953D37B758-LeaderElection7] INFO  impl.LeaderElection (LeaderElection.java:askForVotes(323)) - s2@group-E7953D37B758-LeaderElection7 PRE_VOTE round 0: result PASSED
2023-12-13 16:20:58,322 [s2@group-E7953D37B758-LeaderElection7] TRACE util.FileUtils (LogUtils.java:supplyAndLog(69)) - Successfully supplied FileChannel.open /home/runner/work/ratis/ratis/ratis-test/target/test/data/1e4ee837/MiniRaftClusterWithGrpc24096a27/s2/76edff82-45fd-4d72-a0c3-e7953d37b758/current/raft-meta.tmp with options [CREATE, WRITE]: sun.nio.ch.FileChannelImpl@7f234086
2023-12-13 16:20:58,323 [grpc-default-executor-3] INFO  server.RaftServer$Division (RaftServerImpl.java:requestVote(1377)) - s4@group-E7953D37B758: receive requestVote(PRE_VOTE, s2, group-E7953D37B758, 0, (t:0, i:0))
2023-12-13 16:20:58,323 [grpc-default-executor-3] INFO  impl.VoteContext (VoteContext.java:log(49)) - s4@group-E7953D37B758-FOLLOWER: accept PRE_VOTE from s2: our priority 0 <= candidate's priority 0
2023-12-13 16:20:58,323 [grpc-default-executor-3] INFO  server.RaftServer$Division (RaftServerImpl.java:requestVote(1410)) - s4@group-E7953D37B758 replies to PRE_VOTE vote request: s2<-s4#0:OK-t0. Peer's state: s4@group-E7953D37B758:t0, leader=null, voted=, raftlog=Memoized:s4@group-E7953D37B758-SegmentedRaftLog:OPENED:c-1, conf=-1: peers:[s3|0.0.0.0:35783, s4|0.0.0.0:45543, s0|0.0.0.0:42169, s1|0.0.0.0:40607, s2|0.0.0.0:39939]|listeners:[], old=null
2023-12-13 16:20:58,323 [s2@group-E7953D37B758-LeaderElection7] TRACE util.FileUtils (LogUtils.java:runAndLog(49)) - Successfully ran Atomic Files.move /home/runner/work/ratis/ratis/ratis-test/target/test/data/1e4ee837/MiniRaftClusterWithGrpc24096a27/s2/76edff82-45fd-4d72-a0c3-e7953d37b758/current/raft-meta.tmp to /home/runner/work/ratis/ratis/ratis-test/target/test/data/1e4ee837/MiniRaftClusterWithGrpc24096a27/s2/76edff82-45fd-4d72-a0c3-e7953d37b758/current/raft-meta with options [REPLACE_EXISTING]
2023-12-13 16:20:58,323 [s2@group-E7953D37B758-LeaderElection7] INFO  impl.LeaderElection (LeaderElection.java:askForVotes(321)) - s2@group-E7953D37B758-LeaderElection7 ELECTION round 0: submit vote requests at term 1 for -1: peers:[s3|0.0.0.0:35783, s4|0.0.0.0:45543, s0|0.0.0.0:42169, s1|0.0.0.0:40607, s2|0.0.0.0:39939]|listeners:[], old=null
2023-12-13 16:20:58,325 [grpc-default-executor-3] INFO  server.RaftServer$Division (RaftServerImpl.java:requestVote(1377)) - s4@group-E7953D37B758: receive requestVote(ELECTION, s2, group-E7953D37B758, 1, (t:0, i:0))
2023-12-13 16:20:58,325 [grpc-default-executor-3] INFO  impl.VoteContext (VoteContext.java:log(49)) - s4@group-E7953D37B758-FOLLOWER: accept ELECTION from s2: our priority 0 <= candidate's priority 0
2023-12-13 16:20:58,325 [grpc-default-executor-0] INFO  server.RaftServer$Division (RaftServerImpl.java:requestVote(1377)) - s3@group-E7953D37B758: receive requestVote(ELECTION, s2, group-E7953D37B758, 1, (t:0, i:0))
2023-12-13 16:20:58,325 [grpc-default-executor-3] INFO  server.RaftServer$Division (RaftServerImpl.java:setRole(379)) - s4@group-E7953D37B758: changes role from  FOLLOWER to FOLLOWER at term 1 for candidate:s2
2023-12-13 16:20:58,325 [grpc-default-executor-3] INFO  impl.RoleInfo (RoleInfo.java:shutdownFollowerState(110)) - s4: shutdown s4@group-E7953D37B758-FollowerState
2023-12-13 16:20:58,325 [grpc-default-executor-3] INFO  impl.RoleInfo (RoleInfo.java:updateAndGet(139)) - s4: start s4@group-E7953D37B758-FollowerState
2023-12-13 16:20:58,325 [s4@group-E7953D37B758-FollowerState] INFO  impl.FollowerState (FollowerState.java:run(152)) - s4@group-E7953D37B758-FollowerState was interrupted
2023-12-13 16:20:58,325 [grpc-default-executor-1] INFO  server.RaftServer$Division (RaftServerImpl.java:requestVote(1377)) - s0@group-E7953D37B758: receive requestVote(ELECTION, s2, group-E7953D37B758, 1, (t:0, i:0))
2023-12-13 16:20:58,326 [s2@group-E7953D37B758-LeaderElection7] INFO  server.RaftServerConfigKeys (ConfUtils.java:logFallback(53)) - raft.server.rpc.first-election.timeout.min = 1500ms (fallback to raft.server.rpc.timeout.min)
2023-12-13 16:20:58,326 [s2@group-E7953D37B758-LeaderElection7] INFO  server.RaftServerConfigKeys (ConfUtils.java:logFallback(53)) - raft.server.rpc.first-election.timeout.max = 2000ms (fallback to raft.server.rpc.timeout.max)
2023-12-13 16:20:58,327 [grpc-default-executor-2] INFO  server.RaftServer$Division (RaftServerImpl.java:requestVote(1377)) - s1@group-E7953D37B758: receive requestVote(ELECTION, s2, group-E7953D37B758, 1, (t:0, i:0))
2023-12-13 16:20:58,330 [grpc-default-executor-0] INFO  impl.VoteContext (VoteContext.java:log(49)) - s3@group-E7953D37B758-FOLLOWER: accept ELECTION from s2: our priority 0 <= candidate's priority 0
2023-12-13 16:20:58,330 [grpc-default-executor-2] INFO  impl.VoteContext (VoteContext.java:log(49)) - s1@group-E7953D37B758-FOLLOWER: accept ELECTION from s2: our priority 0 <= candidate's priority 0
2023-12-13 16:20:58,330 [grpc-default-executor-0] INFO  server.RaftServer$Division (RaftServerImpl.java:setRole(379)) - s3@group-E7953D37B758: changes role from  FOLLOWER to FOLLOWER at term 1 for candidate:s2
2023-12-13 16:20:58,330 [grpc-default-executor-2] INFO  server.RaftServer$Division (RaftServerImpl.java:setRole(379)) - s1@group-E7953D37B758: changes role from  FOLLOWER to FOLLOWER at term 1 for candidate:s2
2023-12-13 16:20:58,330 [grpc-default-executor-0] INFO  impl.RoleInfo (RoleInfo.java:shutdownFollowerState(110)) - s3: shutdown s3@group-E7953D37B758-FollowerState
2023-12-13 16:20:58,330 [grpc-default-executor-2] INFO  impl.RoleInfo (RoleInfo.java:shutdownFollowerState(110)) - s1: shutdown s1@group-E7953D37B758-FollowerState
2023-12-13 16:20:58,331 [grpc-default-executor-0] INFO  impl.RoleInfo (RoleInfo.java:updateAndGet(139)) - s3: start s3@group-E7953D37B758-FollowerState
2023-12-13 16:20:58,331 [grpc-default-executor-2] INFO  impl.RoleInfo (RoleInfo.java:updateAndGet(139)) - s1: start s1@group-E7953D37B758-FollowerState
2023-12-13 16:20:58,330 [grpc-default-executor-1] INFO  impl.VoteContext (VoteContext.java:log(49)) - s0@group-E7953D37B758-FOLLOWER: accept ELECTION from s2: our priority 0 <= candidate's priority 0
2023-12-13 16:20:58,331 [grpc-default-executor-0] INFO  server.RaftServer$Division (RaftServerImpl.java:setFirstElection(564)) - s3@group-E7953D37B758: set firstElectionSinceStartup to false for candidate:s2
2023-12-13 16:20:58,331 [s1@group-E7953D37B758-FollowerState] INFO  impl.FollowerState (FollowerState.java:run(152)) - s1@group-E7953D37B758-FollowerState was interrupted
2023-12-13 16:20:58,331 [s3@group-E7953D37B758-FollowerState] INFO  impl.FollowerState (FollowerState.java:run(152)) - s3@group-E7953D37B758-FollowerState was interrupted
2023-12-13 16:20:58,331 [grpc-default-executor-3] INFO  server.RaftServer$Division (RaftServerImpl.java:setFirstElection(564)) - s4@group-E7953D37B758: set firstElectionSinceStartup to false for candidate:s2
2023-12-13 16:20:58,331 [grpc-default-executor-0] TRACE util.FileUtils (LogUtils.java:supplyAndLog(69)) - Successfully supplied FileChannel.open /home/runner/work/ratis/ratis/ratis-test/target/test/data/1e4ee837/MiniRaftClusterWithGrpc24096a27/s3/76edff82-45fd-4d72-a0c3-e7953d37b758/current/raft-meta.tmp with options [CREATE, WRITE]: sun.nio.ch.FileChannelImpl@dba92b4
2023-12-13 16:20:58,331 [grpc-default-executor-1] INFO  server.RaftServer$Division (RaftServerImpl.java:setRole(379)) - s0@group-E7953D37B758: changes role from  FOLLOWER to FOLLOWER at term 1 for candidate:s2
2023-12-13 16:20:58,331 [grpc-default-executor-3] TRACE util.FileUtils (LogUtils.java:supplyAndLog(69)) - Successfully supplied FileChannel.open /home/runner/work/ratis/ratis/ratis-test/target/test/data/1e4ee837/MiniRaftClusterWithGrpc24096a27/s4/76edff82-45fd-4d72-a0c3-e7953d37b758/current/raft-meta.tmp with options [CREATE, WRITE]: sun.nio.ch.FileChannelImpl@2b6c36af
2023-12-13 16:20:58,331 [grpc-default-executor-1] INFO  impl.RoleInfo (RoleInfo.java:shutdownFollowerState(110)) - s0: shutdown s0@group-E7953D37B758-FollowerState
2023-12-13 16:20:58,331 [grpc-default-executor-1] INFO  impl.RoleInfo (RoleInfo.java:updateAndGet(139)) - s0: start s0@group-E7953D37B758-FollowerState
2023-12-13 16:20:58,331 [s0@group-E7953D37B758-FollowerState] INFO  impl.FollowerState (FollowerState.java:run(152)) - s0@group-E7953D37B758-FollowerState was interrupted
2023-12-13 16:20:58,332 [grpc-default-executor-0] TRACE util.FileUtils (LogUtils.java:runAndLog(49)) - Successfully ran Atomic Files.move /home/runner/work/ratis/ratis/ratis-test/target/test/data/1e4ee837/MiniRaftClusterWithGrpc24096a27/s3/76edff82-45fd-4d72-a0c3-e7953d37b758/current/raft-meta.tmp to /home/runner/work/ratis/ratis/ratis-test/target/test/data/1e4ee837/MiniRaftClusterWithGrpc24096a27/s3/76edff82-45fd-4d72-a0c3-e7953d37b758/current/raft-meta with options [REPLACE_EXISTING]
2023-12-13 16:20:58,332 [grpc-default-executor-0] INFO  server.RaftServer$Division (RaftServerImpl.java:requestVote(1410)) - s3@group-E7953D37B758 replies to ELECTION vote request: s2<-s3#0:OK-t1. Peer's state: s3@group-E7953D37B758:t1, leader=null, voted=s2, raftlog=Memoized:s3@group-E7953D37B758-SegmentedRaftLog:OPENED:c-1, conf=-1: peers:[s3|0.0.0.0:35783, s4|0.0.0.0:45543, s0|0.0.0.0:42169, s1|0.0.0.0:40607, s2|0.0.0.0:39939]|listeners:[], old=null
2023-12-13 16:20:58,332 [grpc-default-executor-3] TRACE util.FileUtils (LogUtils.java:runAndLog(49)) - Successfully ran Atomic Files.move /home/runner/work/ratis/ratis/ratis-test/target/test/data/1e4ee837/MiniRaftClusterWithGrpc24096a27/s4/76edff82-45fd-4d72-a0c3-e7953d37b758/current/raft-meta.tmp to /home/runner/work/ratis/ratis/ratis-test/target/test/data/1e4ee837/MiniRaftClusterWithGrpc24096a27/s4/76edff82-45fd-4d72-a0c3-e7953d37b758/current/raft-meta with options [REPLACE_EXISTING]
2023-12-13 16:20:58,333 [grpc-default-executor-3] INFO  server.RaftServer$Division (RaftServerImpl.java:requestVote(1410)) - s4@group-E7953D37B758 replies to ELECTION vote request: s2<-s4#0:OK-t1. Peer's state: s4@group-E7953D37B758:t1, leader=null, voted=s2, raftlog=Memoized:s4@group-E7953D37B758-SegmentedRaftLog:OPENED:c-1, conf=-1: peers:[s3|0.0.0.0:35783, s4|0.0.0.0:45543, s0|0.0.0.0:42169, s1|0.0.0.0:40607, s2|0.0.0.0:39939]|listeners:[], old=null
2023-12-13 16:20:58,333 [s2@group-E7953D37B758-LeaderElection7] INFO  impl.LeaderElection (LeaderElection.java:logAndReturn(89)) - s2@group-E7953D37B758-LeaderElection7: ELECTION PASSED received 2 response(s) and 0 exception(s):
2023-12-13 16:20:58,333 [s2@group-E7953D37B758-LeaderElection7] INFO  impl.LeaderElection (LeaderElection.java:logAndReturn(93)) -   Response 0: s2<-s3#0:OK-t1
2023-12-13 16:20:58,333 [s2@group-E7953D37B758-LeaderElection7] INFO  impl.LeaderElection (LeaderElection.java:logAndReturn(93)) -   Response 1: s2<-s4#0:OK-t1
2023-12-13 16:20:58,333 [s2@group-E7953D37B758-LeaderElection7] INFO  impl.LeaderElection (LeaderElection.java:askForVotes(323)) - s2@group-E7953D37B758-LeaderElection7 ELECTION round 0: result PASSED
2023-12-13 16:20:58,333 [s2@group-E7953D37B758-LeaderElection7] INFO  impl.RoleInfo (RoleInfo.java:shutdownLeaderElection(130)) - s2: shutdown s2@group-E7953D37B758-LeaderElection7
2023-12-13 16:20:58,333 [s2@group-E7953D37B758-LeaderElection7] INFO  server.RaftServer$Division (RaftServerImpl.java:setRole(379)) - s2@group-E7953D37B758: changes role from CANDIDATE to LEADER at term 1 for changeToLeader
2023-12-13 16:20:58,333 [s2@group-E7953D37B758-LeaderElection7] INFO  server.RaftServerConfigKeys (ConfUtils.java:logGet(46)) - raft.server.staging.catchup.gap = 1000 (default)
2023-12-13 16:20:58,333 [s2@group-E7953D37B758-LeaderElection7] INFO  server.RaftServerConfigKeys (ConfUtils.java:logGet(46)) - raft.server.write.element-limit = 4096 (default)
2023-12-13 16:20:58,333 [s2@group-E7953D37B758-LeaderElection7] INFO  server.RaftServerConfigKeys (ConfUtils.java:logGet(46)) - raft.server.write.byte-limit = 64MB (=67108864) (default)
2023-12-13 16:20:58,334 [s2@group-E7953D37B758-LeaderElection7] INFO  server.RaftServerConfigKeys (ConfUtils.java:logGet(46)) - raft.server.watch.timeout = 10s (default)
2023-12-13 16:20:58,334 [s2@group-E7953D37B758-LeaderElection7] INFO  server.RaftServerConfigKeys (ConfUtils.java:logGet(46)) - raft.server.watch.timeout.denomination = 1s (default)
2023-12-13 16:20:58,334 [s2@group-E7953D37B758-LeaderElection7] INFO  server.RaftServerConfigKeys (ConfUtils.java:logGet(46)) - raft.server.watch.element-limit = 65536 (default)
2023-12-13 16:20:58,334 [s2@group-E7953D37B758-LeaderElection7] INFO  server.RaftServerConfigKeys (ConfUtils.java:logGet(46)) - raft.server.read.leader.lease.enabled = false (default)
2023-12-13 16:20:58,334 [s2@group-E7953D37B758-LeaderElection7] INFO  server.RaftServerConfigKeys (ConfUtils.java:logGet(46)) - raft.server.read.leader.lease.timeout.ratio = 0.9 (default)
2023-12-13 16:20:58,334 [s2@group-E7953D37B758-LeaderElection7] INFO  server.RaftServerConfigKeys (ConfUtils.java:logGet(46)) - raft.server.rpc.timeout.min = 1500ms (custom)
2023-12-13 16:20:58,334 [s2@group-E7953D37B758-LeaderElection7] INFO  server.RaftServerConfigKeys (ConfUtils.java:logGet(46)) - raft.server.write.element-limit = 4096 (default)
2023-12-13 16:20:58,334 [s2@group-E7953D37B758-LeaderElection7] INFO  server.RaftServerConfigKeys (ConfUtils.java:logGet(46)) - raft.server.write.follower.gap.ratio.max = -1.0 (default)
2023-12-13 16:20:58,334 [s2@group-E7953D37B758-LeaderElection7] INFO  server.RaftServerConfigKeys (ConfUtils.java:logGet(46)) - raft.server.log.appender.snapshot.chunk.size.max = 16MB (=16777216) (default)
2023-12-13 16:20:58,334 [s2@group-E7953D37B758-LeaderElection7] INFO  server.RaftServerConfigKeys (ConfUtils.java:logGet(46)) - raft.server.log.appender.buffer.byte-limit = 4MB (=4194304) (default)
2023-12-13 16:20:58,334 [s2@group-E7953D37B758-LeaderElection7] INFO  server.RaftServerConfigKeys (ConfUtils.java:logGet(46)) - raft.server.log.appender.buffer.element-limit = 0 (default)
2023-12-13 16:20:58,334 [s2@group-E7953D37B758-LeaderElection7] INFO  server.RaftServerConfigKeys (ConfUtils.java:logGet(46)) - raft.server.log.appender.wait-time.min = 1ms (default)
2023-12-13 16:20:58,334 [s2@group-E7953D37B758-LeaderElection7] INFO  grpc.GrpcConfigKeys (ConfUtils.java:logGet(46)) - raft.grpc.server.leader.outstanding.appends.max = 8 (default)
2023-12-13 16:20:58,334 [s2@group-E7953D37B758-LeaderElection7] INFO  server.RaftServerConfigKeys (ConfUtils.java:logGet(46)) - raft.server.rpc.request.timeout = 3000ms (default)
2023-12-13 16:20:58,334 [s2@group-E7953D37B758-LeaderElection7] INFO  grpc.GrpcConfigKeys (ConfUtils.java:logGet(46)) - raft.grpc.server.install_snapshot.request.element-limit = 8 (default)
2023-12-13 16:20:58,334 [s2@group-E7953D37B758-LeaderElection7] INFO  grpc.GrpcConfigKeys (ConfUtils.java:logGet(46)) - raft.grpc.server.install_snapshot.request.timeout = 3000ms (default)
2023-12-13 16:20:58,334 [s2@group-E7953D37B758-LeaderElection7] INFO  server.RaftServerConfigKeys (ConfUtils.java:logGet(46)) - raft.server.log.appender.install.snapshot.enabled = true (default)
2023-12-13 16:20:58,334 [s2@group-E7953D37B758-LeaderElection7] INFO  grpc.GrpcConfigKeys (ConfUtils.java:logGet(46)) - raft.grpc.server.heartbeat.channel = true (default)
2023-12-13 16:20:58,335 [s2@group-E7953D37B758-LeaderElection7] INFO  server.RaftServerConfigKeys (ConfUtils.java:logGet(46)) - raft.server.log.appender.snapshot.chunk.size.max = 16MB (=16777216) (default)
2023-12-13 16:20:58,335 [s2@group-E7953D37B758-LeaderElection7] INFO  server.RaftServerConfigKeys (ConfUtils.java:logGet(46)) - raft.server.log.appender.buffer.byte-limit = 4MB (=4194304) (default)
2023-12-13 16:20:58,335 [s2@group-E7953D37B758-LeaderElection7] INFO  server.RaftServerConfigKeys (ConfUtils.java:logGet(46)) - raft.server.log.appender.buffer.element-limit = 0 (default)
2023-12-13 16:20:58,335 [s2@group-E7953D37B758-LeaderElection7] INFO  server.RaftServerConfigKeys (ConfUtils.java:logGet(46)) - raft.server.log.appender.wait-time.min = 1ms (default)
2023-12-13 16:20:58,335 [s2@group-E7953D37B758-LeaderElection7] INFO  grpc.GrpcConfigKeys (ConfUtils.java:logGet(46)) - raft.grpc.server.leader.outstanding.appends.max = 8 (default)
2023-12-13 16:20:58,335 [s2@group-E7953D37B758-LeaderElection7] INFO  server.RaftServerConfigKeys (ConfUtils.java:logGet(46)) - raft.server.rpc.request.timeout = 3000ms (default)
2023-12-13 16:20:58,335 [s2@group-E7953D37B758-LeaderElection7] INFO  grpc.GrpcConfigKeys (ConfUtils.java:logGet(46)) - raft.grpc.server.install_snapshot.request.element-limit = 8 (default)
2023-12-13 16:20:58,335 [s2@group-E7953D37B758-LeaderElection7] INFO  grpc.GrpcConfigKeys (ConfUtils.java:logGet(46)) - raft.grpc.server.install_snapshot.request.timeout = 3000ms (default)
2023-12-13 16:20:58,335 [s2@group-E7953D37B758-LeaderElection7] INFO  server.RaftServerConfigKeys (ConfUtils.java:logGet(46)) - raft.server.log.appender.install.snapshot.enabled = true (default)
2023-12-13 16:20:58,335 [s2@group-E7953D37B758-LeaderElection7] INFO  grpc.GrpcConfigKeys (ConfUtils.java:logGet(46)) - raft.grpc.server.heartbeat.channel = true (default)
2023-12-13 16:20:58,335 [s2@group-E7953D37B758-LeaderElection7] INFO  server.RaftServerConfigKeys (ConfUtils.java:logGet(46)) - raft.server.log.appender.snapshot.chunk.size.max = 16MB (=16777216) (default)
2023-12-13 16:20:58,335 [s2@group-E7953D37B758-LeaderElection7] INFO  server.RaftServerConfigKeys (ConfUtils.java:logGet(46)) - raft.server.log.appender.buffer.byte-limit = 4MB (=4194304) (default)
2023-12-13 16:20:58,335 [s2@group-E7953D37B758-LeaderElection7] INFO  server.RaftServerConfigKeys (ConfUtils.java:logGet(46)) - raft.server.log.appender.buffer.element-limit = 0 (default)
2023-12-13 16:20:58,335 [s2@group-E7953D37B758-LeaderElection7] INFO  server.RaftServerConfigKeys (ConfUtils.java:logGet(46)) - raft.server.log.appender.wait-time.min = 1ms (default)
2023-12-13 16:20:58,335 [s2@group-E7953D37B758-LeaderElection7] INFO  grpc.GrpcConfigKeys (ConfUtils.java:logGet(46)) - raft.grpc.server.leader.outstanding.appends.max = 8 (default)
2023-12-13 16:20:58,335 [s2@group-E7953D37B758-LeaderElection7] INFO  server.RaftServerConfigKeys (ConfUtils.java:logGet(46)) - raft.server.rpc.request.timeout = 3000ms (default)
2023-12-13 16:20:58,335 [s2@group-E7953D37B758-LeaderElection7] INFO  grpc.GrpcConfigKeys (ConfUtils.java:logGet(46)) - raft.grpc.server.install_snapshot.request.element-limit = 8 (default)
2023-12-13 16:20:58,335 [s2@group-E7953D37B758-LeaderElection7] INFO  grpc.GrpcConfigKeys (ConfUtils.java:logGet(46)) - raft.grpc.server.install_snapshot.request.timeout = 3000ms (default)
2023-12-13 16:20:58,335 [s2@group-E7953D37B758-LeaderElection7] INFO  server.RaftServerConfigKeys (ConfUtils.java:logGet(46)) - raft.server.log.appender.install.snapshot.enabled = true (default)
2023-12-13 16:20:58,335 [s2@group-E7953D37B758-LeaderElection7] INFO  grpc.GrpcConfigKeys (ConfUtils.java:logGet(46)) - raft.grpc.server.heartbeat.channel = true (default)
2023-12-13 16:20:58,335 [s2@group-E7953D37B758-LeaderElection7] INFO  server.RaftServerConfigKeys (ConfUtils.java:logGet(46)) - raft.server.log.appender.snapshot.chunk.size.max = 16MB (=16777216) (default)
2023-12-13 16:20:58,335 [s2@group-E7953D37B758-LeaderElection7] INFO  server.RaftServerConfigKeys (ConfUtils.java:logGet(46)) - raft.server.log.appender.buffer.byte-limit = 4MB (=4194304) (default)
2023-12-13 16:20:58,335 [s2@group-E7953D37B758-LeaderElection7] INFO  server.RaftServerConfigKeys (ConfUtils.java:logGet(46)) - raft.server.log.appender.buffer.element-limit = 0 (default)
2023-12-13 16:20:58,335 [s2@group-E7953D37B758-LeaderElection7] INFO  server.RaftServerConfigKeys (ConfUtils.java:logGet(46)) - raft.server.log.appender.wait-time.min = 1ms (default)
2023-12-13 16:20:58,335 [s2@group-E7953D37B758-LeaderElection7] INFO  grpc.GrpcConfigKeys (ConfUtils.java:logGet(46)) - raft.grpc.server.leader.outstanding.appends.max = 8 (default)
2023-12-13 16:20:58,335 [s2@group-E7953D37B758-LeaderElection7] INFO  server.RaftServerConfigKeys (ConfUtils.java:logGet(46)) - raft.server.rpc.request.timeout = 3000ms (default)
2023-12-13 16:20:58,335 [s2@group-E7953D37B758-LeaderElection7] INFO  grpc.GrpcConfigKeys (ConfUtils.java:logGet(46)) - raft.grpc.server.install_snapshot.request.element-limit = 8 (default)
2023-12-13 16:20:58,335 [s2@group-E7953D37B758-LeaderElection7] INFO  grpc.GrpcConfigKeys (ConfUtils.java:logGet(46)) - raft.grpc.server.install_snapshot.request.timeout = 3000ms (default)
2023-12-13 16:20:58,335 [s2@group-E7953D37B758-LeaderElection7] INFO  server.RaftServerConfigKeys (ConfUtils.java:logGet(46)) - raft.server.log.appender.install.snapshot.enabled = true (default)
2023-12-13 16:20:58,335 [s2@group-E7953D37B758-LeaderElection7] INFO  grpc.GrpcConfigKeys (ConfUtils.java:logGet(46)) - raft.grpc.server.heartbeat.channel = true (default)
2023-12-13 16:20:58,336 [s2@group-E7953D37B758-LeaderElection7] INFO  impl.RoleInfo (RoleInfo.java:updateAndGet(139)) - s2: start s2@group-E7953D37B758-LeaderStateImpl
2023-12-13 16:20:58,336 [s2@group-E7953D37B758-LeaderElection7] INFO  server.RaftServer$Division (RaftServerImpl.java:setFirstElection(564)) - s2@group-E7953D37B758: set firstElectionSinceStartup to false for becomeLeader
2023-12-13 16:20:58,336 [s2@group-E7953D37B758-LeaderElection7] INFO  server.RaftServer$Division (ServerState.java:setLeader(265)) - s2@group-E7953D37B758: change Leader from null to s2 at term 1 for becomeLeader, leader elected after 1628ms
2023-12-13 16:20:58,336 [s2@group-E7953D37B758-LeaderElection7] INFO  segmented.SegmentedRaftLogWorker (SegmentedRaftLogWorker.java:startLogSegment(430)) - s2@group-E7953D37B758-SegmentedRaftLogWorker: Starting segment from index:0
2023-12-13 16:20:58,336 [s2@group-E7953D37B758-SegmentedRaftLogWorker] INFO  segmented.BufferedWriteChannel (BufferedWriteChannel.java:open(62)) - open log_inprogress_0 at position 0
2023-12-13 16:20:58,338 [grpc-default-executor-2] INFO  server.RaftServer$Division (RaftServerImpl.java:setFirstElection(564)) - s1@group-E7953D37B758: set firstElectionSinceStartup to false for candidate:s2
2023-12-13 16:20:58,338 [grpc-default-executor-2] TRACE util.FileUtils (LogUtils.java:supplyAndLog(69)) - Successfully supplied FileChannel.open /home/runner/work/ratis/ratis/ratis-test/target/test/data/1e4ee837/MiniRaftClusterWithGrpc24096a27/s1/76edff82-45fd-4d72-a0c3-e7953d37b758/current/raft-meta.tmp with options [CREATE, WRITE]: sun.nio.ch.FileChannelImpl@c149eba
2023-12-13 16:20:58,339 [grpc-default-executor-1] INFO  server.RaftServer$Division (RaftServerImpl.java:setFirstElection(564)) - s0@group-E7953D37B758: set firstElectionSinceStartup to false for candidate:s2
2023-12-13 16:20:58,339 [s2@group-E7953D37B758-LeaderElection7] INFO  server.RaftServer$Division (ServerState.java:setRaftConf(382)) - s2@group-E7953D37B758: set configuration 0: peers:[s3|0.0.0.0:35783, s4|0.0.0.0:45543, s0|0.0.0.0:42169, s1|0.0.0.0:40607, s2|0.0.0.0:39939]|listeners:[], old=null
2023-12-13 16:20:58,339 [grpc-default-executor-1] TRACE util.FileUtils (LogUtils.java:supplyAndLog(69)) - Successfully supplied FileChannel.open /home/runner/work/ratis/ratis/ratis-test/target/test/data/1e4ee837/MiniRaftClusterWithGrpc24096a27/s0/76edff82-45fd-4d72-a0c3-e7953d37b758/current/raft-meta.tmp with options [CREATE, WRITE]: sun.nio.ch.FileChannelImpl@37c304b9
2023-12-13 16:20:58,342 [s2@group-E7953D37B758-SegmentedRaftLogWorker] INFO  segmented.SegmentedRaftLogWorker (SegmentedRaftLogWorker.java:execute(634)) - s2@group-E7953D37B758-SegmentedRaftLogWorker: created new log segment /home/runner/work/ratis/ratis/ratis-test/target/test/data/1e4ee837/MiniRaftClusterWithGrpc24096a27/s2/76edff82-45fd-4d72-a0c3-e7953d37b758/current/log_inprogress_0
2023-12-13 16:20:58,343 [grpc-default-executor-2] TRACE util.FileUtils (LogUtils.java:runAndLog(49)) - Successfully ran Atomic Files.move /home/runner/work/ratis/ratis/ratis-test/target/test/data/1e4ee837/MiniRaftClusterWithGrpc24096a27/s1/76edff82-45fd-4d72-a0c3-e7953d37b758/current/raft-meta.tmp to /home/runner/work/ratis/ratis/ratis-test/target/test/data/1e4ee837/MiniRaftClusterWithGrpc24096a27/s1/76edff82-45fd-4d72-a0c3-e7953d37b758/current/raft-meta with options [REPLACE_EXISTING]
2023-12-13 16:20:58,343 [grpc-default-executor-2] INFO  server.RaftServer$Division (RaftServerImpl.java:requestVote(1410)) - s1@group-E7953D37B758 replies to ELECTION vote request: s2<-s1#0:OK-t1. Peer's state: s1@group-E7953D37B758:t1, leader=null, voted=s2, raftlog=Memoized:s1@group-E7953D37B758-SegmentedRaftLog:OPENED:c-1, conf=-1: peers:[s3|0.0.0.0:35783, s4|0.0.0.0:45543, s0|0.0.0.0:42169, s1|0.0.0.0:40607, s2|0.0.0.0:39939]|listeners:[], old=null
2023-12-13 16:20:58,343 [grpc-default-executor-1] TRACE util.FileUtils (LogUtils.java:runAndLog(49)) - Successfully ran Atomic Files.move /home/runner/work/ratis/ratis/ratis-test/target/test/data/1e4ee837/MiniRaftClusterWithGrpc24096a27/s0/76edff82-45fd-4d72-a0c3-e7953d37b758/current/raft-meta.tmp to /home/runner/work/ratis/ratis/ratis-test/target/test/data/1e4ee837/MiniRaftClusterWithGrpc24096a27/s0/76edff82-45fd-4d72-a0c3-e7953d37b758/current/raft-meta with options [REPLACE_EXISTING]
2023-12-13 16:20:58,343 [grpc-default-executor-1] INFO  server.RaftServer$Division (RaftServerImpl.java:requestVote(1410)) - s0@group-E7953D37B758 replies to ELECTION vote request: s2<-s0#0:OK-t1. Peer's state: s0@group-E7953D37B758:t1, leader=null, voted=s2, raftlog=Memoized:s0@group-E7953D37B758-SegmentedRaftLog:OPENED:c-1, conf=-1: peers:[s3|0.0.0.0:35783, s4|0.0.0.0:45543, s0|0.0.0.0:42169, s1|0.0.0.0:40607, s2|0.0.0.0:39939]|listeners:[], old=null
2023-12-13 16:20:58,355 [s3-server-thread1] INFO  server.RaftServer$Division (ServerState.java:setLeader(265)) - s3@group-E7953D37B758: change Leader from null to s2 at term 1 for appendEntries, leader elected after 1634ms
2023-12-13 16:20:58,356 [s1-server-thread1] INFO  server.RaftServer$Division (ServerState.java:setLeader(265)) - s1@group-E7953D37B758: change Leader from null to s2 at term 1 for appendEntries, leader elected after 1661ms
2023-12-13 16:20:58,356 [s1-server-thread2] DEBUG server.RaftServer$Division (RaftServerImpl.java:logAppendEntries(1504)) - s1@group-E7953D37B758: receive appendEntries(s2, 1, null, -1, false, commits:[s2:c-1, s3:c-1, s4:c-1, s0:c-1, s1:c-1], cId:1, entries: [(t:1, i:0), CONFIGURATIONENTRY(current:id: "s3"
address: "0.0.0.0:35783"
clientAddress: "0.0.0.0:35783"
adminAddress: "0.0.0.0:35783"
startupRole: FOLLOWER
,id: "s4"
address: "0.0.0.0:45543"
clientAddress: "0.0.0.0:45543"
adminAddress: "0.0.0.0:45543"
startupRole: FOLLOWER
,id: "s0"
address: "0.0.0.0:42169"
clientAddress: "0.0.0.0:42169"
adminAddress: "0.0.0.0:42169"
startupRole: FOLLOWER
,id: "s1"
address: "0.0.0.0:40607"
clientAddress: "0.0.0.0:40607"
adminAddress: "0.0.0.0:40607"
startupRole: FOLLOWER
,id: "s2"
address: "0.0.0.0:39939"
clientAddress: "0.0.0.0:39939"
adminAddress: "0.0.0.0:39939"
startupRole: FOLLOWER
, old:)]
2023-12-13 16:20:58,359 [s1-server-thread2] INFO  server.RaftServer$Division (ServerState.java:setRaftConf(382)) - s1@group-E7953D37B758: set configuration 0: peers:[s3|0.0.0.0:35783, s4|0.0.0.0:45543, s0|0.0.0.0:42169, s1|0.0.0.0:40607, s2|0.0.0.0:39939]|listeners:[], old=null
2023-12-13 16:20:58,359 [s1-server-thread2] INFO  segmented.SegmentedRaftLogWorker (SegmentedRaftLogWorker.java:startLogSegment(430)) - s1@group-E7953D37B758-SegmentedRaftLogWorker: Starting segment from index:0
2023-12-13 16:20:58,359 [s3-server-thread2] DEBUG server.RaftServer$Division (RaftServerImpl.java:logAppendEntries(1504)) - s3@group-E7953D37B758: receive appendEntries(s2, 1, null, -1, false, commits:[s2:c-1, s3:c-1, s4:c-1, s0:c-1, s1:c-1], cId:1, entries: [(t:1, i:0), CONFIGURATIONENTRY(current:id: "s3"
address: "0.0.0.0:35783"
clientAddress: "0.0.0.0:35783"
adminAddress: "0.0.0.0:35783"
startupRole: FOLLOWER
,id: "s4"
address: "0.0.0.0:45543"
clientAddress: "0.0.0.0:45543"
adminAddress: "0.0.0.0:45543"
startupRole: FOLLOWER
,id: "s0"
address: "0.0.0.0:42169"
clientAddress: "0.0.0.0:42169"
adminAddress: "0.0.0.0:42169"
startupRole: FOLLOWER
,id: "s1"
address: "0.0.0.0:40607"
clientAddress: "0.0.0.0:40607"
adminAddress: "0.0.0.0:40607"
startupRole: FOLLOWER
,id: "s2"
address: "0.0.0.0:39939"
clientAddress: "0.0.0.0:39939"
adminAddress: "0.0.0.0:39939"
startupRole: FOLLOWER
, old:)]
2023-12-13 16:20:58,359 [s1@group-E7953D37B758-SegmentedRaftLogWorker] INFO  segmented.BufferedWriteChannel (BufferedWriteChannel.java:open(62)) - open log_inprogress_0 at position 0
2023-12-13 16:20:58,359 [s3-server-thread2] INFO  server.RaftServer$Division (ServerState.java:setRaftConf(382)) - s3@group-E7953D37B758: set configuration 0: peers:[s3|0.0.0.0:35783, s4|0.0.0.0:45543, s0|0.0.0.0:42169, s1|0.0.0.0:40607, s2|0.0.0.0:39939]|listeners:[], old=null
2023-12-13 16:20:58,363 [s3-server-thread2] INFO  segmented.SegmentedRaftLogWorker (SegmentedRaftLogWorker.java:startLogSegment(430)) - s3@group-E7953D37B758-SegmentedRaftLogWorker: Starting segment from index:0
2023-12-13 16:20:58,363 [s3@group-E7953D37B758-SegmentedRaftLogWorker] INFO  segmented.BufferedWriteChannel (BufferedWriteChannel.java:open(62)) - open log_inprogress_0 at position 0
2023-12-13 16:20:58,367 [s4-server-thread1] INFO  server.RaftServer$Division (ServerState.java:setLeader(265)) - s4@group-E7953D37B758: change Leader from null to s2 at term 1 for appendEntries, leader elected after 1633ms
2023-12-13 16:20:58,373 [s4-server-thread2] DEBUG server.RaftServer$Division (RaftServerImpl.java:logAppendEntries(1504)) - s4@group-E7953D37B758: receive appendEntries(s2, 1, null, -1, false, commits:[s2:c-1, s3:c-1, s4:c-1, s0:c-1, s1:c-1], cId:1, entries: [(t:1, i:0), CONFIGURATIONENTRY(current:id: "s3"
address: "0.0.0.0:35783"
clientAddress: "0.0.0.0:35783"
adminAddress: "0.0.0.0:35783"
startupRole: FOLLOWER
,id: "s4"
address: "0.0.0.0:45543"
clientAddress: "0.0.0.0:45543"
adminAddress: "0.0.0.0:45543"
startupRole: FOLLOWER
,id: "s0"
address: "0.0.0.0:42169"
clientAddress: "0.0.0.0:42169"
adminAddress: "0.0.0.0:42169"
startupRole: FOLLOWER
,id: "s1"
address: "0.0.0.0:40607"
clientAddress: "0.0.0.0:40607"
adminAddress: "0.0.0.0:40607"
startupRole: FOLLOWER
,id: "s2"
address: "0.0.0.0:39939"
clientAddress: "0.0.0.0:39939"
adminAddress: "0.0.0.0:39939"
startupRole: FOLLOWER
, old:)]
2023-12-13 16:20:58,374 [s0-server-thread1] INFO  server.RaftServer$Division (ServerState.java:setLeader(265)) - s0@group-E7953D37B758: change Leader from null to s2 at term 1 for appendEntries, leader elected after 1703ms
2023-12-13 16:20:58,377 [s1@group-E7953D37B758-SegmentedRaftLogWorker] INFO  segmented.SegmentedRaftLogWorker (SegmentedRaftLogWorker.java:execute(634)) - s1@group-E7953D37B758-SegmentedRaftLogWorker: created new log segment /home/runner/work/ratis/ratis/ratis-test/target/test/data/1e4ee837/MiniRaftClusterWithGrpc24096a27/s1/76edff82-45fd-4d72-a0c3-e7953d37b758/current/log_inprogress_0
2023-12-13 16:20:58,378 [s3@group-E7953D37B758-SegmentedRaftLogWorker] INFO  segmented.SegmentedRaftLogWorker (SegmentedRaftLogWorker.java:execute(634)) - s3@group-E7953D37B758-SegmentedRaftLogWorker: created new log segment /home/runner/work/ratis/ratis/ratis-test/target/test/data/1e4ee837/MiniRaftClusterWithGrpc24096a27/s3/76edff82-45fd-4d72-a0c3-e7953d37b758/current/log_inprogress_0
2023-12-13 16:20:58,378 [s1-server-thread3] DEBUG server.RaftServer$Division (RaftServerImpl.java:logAppendEntries(1504)) - s1@group-E7953D37B758: succeeded to handle AppendEntries. Reply: s2<-s1#1:OK-t1,SUCCESS,nextIndex=1,followerCommit=-1,matchIndex=0
2023-12-13 16:20:58,378 [s3-server-thread3] DEBUG server.RaftServer$Division (RaftServerImpl.java:logAppendEntries(1504)) - s3@group-E7953D37B758: succeeded to handle AppendEntries. Reply: s2<-s3#1:OK-t1,SUCCESS,nextIndex=1,followerCommit=-1,matchIndex=0
2023-12-13 16:20:58,383 [s4-server-thread2] INFO  server.RaftServer$Division (ServerState.java:setRaftConf(382)) - s4@group-E7953D37B758: set configuration 0: peers:[s3|0.0.0.0:35783, s4|0.0.0.0:45543, s0|0.0.0.0:42169, s1|0.0.0.0:40607, s2|0.0.0.0:39939]|listeners:[], old=null
2023-12-13 16:20:58,383 [s4-server-thread2] INFO  segmented.SegmentedRaftLogWorker (SegmentedRaftLogWorker.java:startLogSegment(430)) - s4@group-E7953D37B758-SegmentedRaftLogWorker: Starting segment from index:0
2023-12-13 16:20:58,383 [s4@group-E7953D37B758-SegmentedRaftLogWorker] INFO  segmented.BufferedWriteChannel (BufferedWriteChannel.java:open(62)) - open log_inprogress_0 at position 0
2023-12-13 16:20:58,386 [s2@group-E7953D37B758-StateMachineUpdater] TRACE util.FileUtils (LogUtils.java:supplyAndLog(69)) - Successfully supplied FileChannel.open /home/runner/work/ratis/ratis/ratis-test/target/test/data/1e4ee837/MiniRaftClusterWithGrpc24096a27/s2/76edff82-45fd-4d72-a0c3-e7953d37b758/current/raft-meta.conf.tmp with options [CREATE, WRITE]: sun.nio.ch.FileChannelImpl@7bb446eb
2023-12-13 16:20:58,386 [s0-server-thread2] DEBUG server.RaftServer$Division (RaftServerImpl.java:logAppendEntries(1504)) - s0@group-E7953D37B758: receive appendEntries(s2, 1, null, -1, false, commits:[s2:c-1, s3:c-1, s4:c-1, s0:c-1, s1:c-1], cId:1, entries: [(t:1, i:0), CONFIGURATIONENTRY(current:id: "s3"
address: "0.0.0.0:35783"
clientAddress: "0.0.0.0:35783"
adminAddress: "0.0.0.0:35783"
startupRole: FOLLOWER
,id: "s4"
address: "0.0.0.0:45543"
clientAddress: "0.0.0.0:45543"
adminAddress: "0.0.0.0:45543"
startupRole: FOLLOWER
,id: "s0"
address: "0.0.0.0:42169"
clientAddress: "0.0.0.0:42169"
adminAddress: "0.0.0.0:42169"
startupRole: FOLLOWER
,id: "s1"
address: "0.0.0.0:40607"
clientAddress: "0.0.0.0:40607"
adminAddress: "0.0.0.0:40607"
startupRole: FOLLOWER
,id: "s2"
address: "0.0.0.0:39939"
clientAddress: "0.0.0.0:39939"
adminAddress: "0.0.0.0:39939"
startupRole: FOLLOWER
, old:)]
2023-12-13 16:20:58,387 [s0-server-thread2] INFO  server.RaftServer$Division (ServerState.java:setRaftConf(382)) - s0@group-E7953D37B758: set configuration 0: peers:[s3|0.0.0.0:35783, s4|0.0.0.0:45543, s0|0.0.0.0:42169, s1|0.0.0.0:40607, s2|0.0.0.0:39939]|listeners:[], old=null
2023-12-13 16:20:58,387 [s0-server-thread2] INFO  segmented.SegmentedRaftLogWorker (SegmentedRaftLogWorker.java:startLogSegment(430)) - s0@group-E7953D37B758-SegmentedRaftLogWorker: Starting segment from index:0
2023-12-13 16:20:58,388 [s0@group-E7953D37B758-SegmentedRaftLogWorker] INFO  segmented.BufferedWriteChannel (BufferedWriteChannel.java:open(62)) - open log_inprogress_0 at position 0
2023-12-13 16:20:58,392 [s2@group-E7953D37B758-StateMachineUpdater] TRACE util.FileUtils (LogUtils.java:runAndLog(49)) - Successfully ran Atomic Files.move /home/runner/work/ratis/ratis/ratis-test/target/test/data/1e4ee837/MiniRaftClusterWithGrpc24096a27/s2/76edff82-45fd-4d72-a0c3-e7953d37b758/current/raft-meta.conf.tmp to /home/runner/work/ratis/ratis/ratis-test/target/test/data/1e4ee837/MiniRaftClusterWithGrpc24096a27/s2/76edff82-45fd-4d72-a0c3-e7953d37b758/current/raft-meta.conf with options [REPLACE_EXISTING]
2023-12-13 16:20:58,392 [s2@group-E7953D37B758-StateMachineUpdater] INFO  server.RaftServer$Division (LeaderStateImpl.java:isApplied(320)) - leader is ready since appliedIndex == 0 >= startIndex == 0
2023-12-13 16:20:58,396 [s4@group-E7953D37B758-SegmentedRaftLogWorker] INFO  segmented.SegmentedRaftLogWorker (SegmentedRaftLogWorker.java:execute(634)) - s4@group-E7953D37B758-SegmentedRaftLogWorker: created new log segment /home/runner/work/ratis/ratis/ratis-test/target/test/data/1e4ee837/MiniRaftClusterWithGrpc24096a27/s4/76edff82-45fd-4d72-a0c3-e7953d37b758/current/log_inprogress_0
2023-12-13 16:20:58,396 [s0@group-E7953D37B758-SegmentedRaftLogWorker] INFO  segmented.SegmentedRaftLogWorker (SegmentedRaftLogWorker.java:execute(634)) - s0@group-E7953D37B758-SegmentedRaftLogWorker: created new log segment /home/runner/work/ratis/ratis/ratis-test/target/test/data/1e4ee837/MiniRaftClusterWithGrpc24096a27/s0/76edff82-45fd-4d72-a0c3-e7953d37b758/current/log_inprogress_0
2023-12-13 16:20:58,397 [s4-server-thread2] DEBUG server.RaftServer$Division (RaftServerImpl.java:logAppendEntries(1504)) - s4@group-E7953D37B758: succeeded to handle AppendEntries. Reply: s2<-s4#1:OK-t1,SUCCESS,nextIndex=1,followerCommit=-1,matchIndex=0
2023-12-13 16:20:58,397 [s0-server-thread2] DEBUG server.RaftServer$Division (RaftServerImpl.java:logAppendEntries(1504)) - s0@group-E7953D37B758: succeeded to handle AppendEntries. Reply: s2<-s0#1:OK-t1,SUCCESS,nextIndex=1,followerCommit=-1,matchIndex=0
2023-12-13 16:20:59,132 [s1@group-E7953D37B758-StateMachineUpdater] TRACE util.FileUtils (LogUtils.java:supplyAndLog(69)) - Successfully supplied FileChannel.open /home/runner/work/ratis/ratis/ratis-test/target/test/data/1e4ee837/MiniRaftClusterWithGrpc24096a27/s1/76edff82-45fd-4d72-a0c3-e7953d37b758/current/raft-meta.conf.tmp with options [CREATE, WRITE]: sun.nio.ch.FileChannelImpl@7f330c5a
2023-12-13 16:20:59,132 [s3@group-E7953D37B758-StateMachineUpdater] TRACE util.FileUtils (LogUtils.java:supplyAndLog(69)) - Successfully supplied FileChannel.open /home/runner/work/ratis/ratis/ratis-test/target/test/data/1e4ee837/MiniRaftClusterWithGrpc24096a27/s3/76edff82-45fd-4d72-a0c3-e7953d37b758/current/raft-meta.conf.tmp with options [CREATE, WRITE]: sun.nio.ch.FileChannelImpl@7070d46c
2023-12-13 16:20:59,134 [s3@group-E7953D37B758-StateMachineUpdater] TRACE util.FileUtils (LogUtils.java:runAndLog(49)) - Successfully ran Atomic Files.move /home/runner/work/ratis/ratis/ratis-test/target/test/data/1e4ee837/MiniRaftClusterWithGrpc24096a27/s3/76edff82-45fd-4d72-a0c3-e7953d37b758/current/raft-meta.conf.tmp to /home/runner/work/ratis/ratis/ratis-test/target/test/data/1e4ee837/MiniRaftClusterWithGrpc24096a27/s3/76edff82-45fd-4d72-a0c3-e7953d37b758/current/raft-meta.conf with options [REPLACE_EXISTING]
2023-12-13 16:20:59,134 [s1@group-E7953D37B758-StateMachineUpdater] TRACE util.FileUtils (LogUtils.java:runAndLog(49)) - Successfully ran Atomic Files.move /home/runner/work/ratis/ratis/ratis-test/target/test/data/1e4ee837/MiniRaftClusterWithGrpc24096a27/s1/76edff82-45fd-4d72-a0c3-e7953d37b758/current/raft-meta.conf.tmp to /home/runner/work/ratis/ratis/ratis-test/target/test/data/1e4ee837/MiniRaftClusterWithGrpc24096a27/s1/76edff82-45fd-4d72-a0c3-e7953d37b758/current/raft-meta.conf with options [REPLACE_EXISTING]
2023-12-13 16:20:59,149 [s0@group-E7953D37B758-StateMachineUpdater] TRACE util.FileUtils (LogUtils.java:supplyAndLog(69)) - Successfully supplied FileChannel.open /home/runner/work/ratis/ratis/ratis-test/target/test/data/1e4ee837/MiniRaftClusterWithGrpc24096a27/s0/76edff82-45fd-4d72-a0c3-e7953d37b758/current/raft-meta.conf.tmp with options [CREATE, WRITE]: sun.nio.ch.FileChannelImpl@30fe4f0b
2023-12-13 16:20:59,150 [s4@group-E7953D37B758-StateMachineUpdater] TRACE util.FileUtils (LogUtils.java:supplyAndLog(69)) - Successfully supplied FileChannel.open /home/runner/work/ratis/ratis/ratis-test/target/test/data/1e4ee837/MiniRaftClusterWithGrpc24096a27/s4/76edff82-45fd-4d72-a0c3-e7953d37b758/current/raft-meta.conf.tmp with options [CREATE, WRITE]: sun.nio.ch.FileChannelImpl@26693c72
2023-12-13 16:20:59,150 [s0@group-E7953D37B758-StateMachineUpdater] TRACE util.FileUtils (LogUtils.java:runAndLog(49)) - Successfully ran Atomic Files.move /home/runner/work/ratis/ratis/ratis-test/target/test/data/1e4ee837/MiniRaftClusterWithGrpc24096a27/s0/76edff82-45fd-4d72-a0c3-e7953d37b758/current/raft-meta.conf.tmp to /home/runner/work/ratis/ratis/ratis-test/target/test/data/1e4ee837/MiniRaftClusterWithGrpc24096a27/s0/76edff82-45fd-4d72-a0c3-e7953d37b758/current/raft-meta.conf with options [REPLACE_EXISTING]
2023-12-13 16:20:59,152 [s4@group-E7953D37B758-StateMachineUpdater] TRACE util.FileUtils (LogUtils.java:runAndLog(49)) - Successfully ran Atomic Files.move /home/runner/work/ratis/ratis/ratis-test/target/test/data/1e4ee837/MiniRaftClusterWithGrpc24096a27/s4/76edff82-45fd-4d72-a0c3-e7953d37b758/current/raft-meta.conf.tmp to /home/runner/work/ratis/ratis/ratis-test/target/test/data/1e4ee837/MiniRaftClusterWithGrpc24096a27/s4/76edff82-45fd-4d72-a0c3-e7953d37b758/current/raft-meta.conf with options [REPLACE_EXISTING]
2023-12-13 16:20:59,751 [Time-limited test] INFO  ratis.RaftTestUtil (RaftTestUtil.java:waitForLeader(124)) - printing group-E7953D37B758
  s3:  RUNNING [
   FOLLOWER s3@group-215AF6FE8C9E:t0, leader=null, voted=, raftlog=Memoized:s3@group-215AF6FE8C9E-SegmentedRaftLog:OPENED:c-1, conf=-1: peers:[]|listeners:[], old=null STARTING
   FOLLOWER s3@group-E7953D37B758:t1, leader=s2, voted=s2, raftlog=Memoized:s3@group-E7953D37B758-SegmentedRaftLog:OPENED:c0, conf=0: peers:[s3|0.0.0.0:35783, s4|0.0.0.0:45543, s0|0.0.0.0:42169, s1|0.0.0.0:40607, s2|0.0.0.0:39939]|listeners:[], old=null RUNNING] size=2
  s4:  RUNNING [
   FOLLOWER s4@group-215AF6FE8C9E:t0, leader=null, voted=, raftlog=Memoized:s4@group-215AF6FE8C9E-SegmentedRaftLog:OPENED:c-1, conf=-1: peers:[]|listeners:[], old=null STARTING
   FOLLOWER s4@group-E7953D37B758:t1, leader=s2, voted=s2, raftlog=Memoized:s4@group-E7953D37B758-SegmentedRaftLog:OPENED:c0, conf=0: peers:[s3|0.0.0.0:35783, s4|0.0.0.0:45543, s0|0.0.0.0:42169, s1|0.0.0.0:40607, s2|0.0.0.0:39939]|listeners:[], old=null RUNNING] size=2
  s0:  RUNNING [
   FOLLOWER s0@group-215AF6FE8C9E:t0, leader=null, voted=, raftlog=Memoized:s0@group-215AF6FE8C9E-SegmentedRaftLog:OPENED:c-1, conf=-1: peers:[]|listeners:[], old=null STARTING
   FOLLOWER s0@group-E7953D37B758:t1, leader=s2, voted=s2, raftlog=Memoized:s0@group-E7953D37B758-SegmentedRaftLog:OPENED:c0, conf=0: peers:[s3|0.0.0.0:35783, s4|0.0.0.0:45543, s0|0.0.0.0:42169, s1|0.0.0.0:40607, s2|0.0.0.0:39939]|listeners:[], old=null RUNNING] size=2
  s1:  RUNNING [
   FOLLOWER s1@group-215AF6FE8C9E:t0, leader=null, voted=, raftlog=Memoized:s1@group-215AF6FE8C9E-SegmentedRaftLog:OPENED:c-1, conf=-1: peers:[]|listeners:[], old=null STARTING
   FOLLOWER s1@group-E7953D37B758:t1, leader=s2, voted=s2, raftlog=Memoized:s1@group-E7953D37B758-SegmentedRaftLog:OPENED:c0, conf=0: peers:[s3|0.0.0.0:35783, s4|0.0.0.0:45543, s0|0.0.0.0:42169, s1|0.0.0.0:40607, s2|0.0.0.0:39939]|listeners:[], old=null RUNNING] size=2
  s2:  RUNNING [
   FOLLOWER s2@group-215AF6FE8C9E:t0, leader=null, voted=, raftlog=Memoized:s2@group-215AF6FE8C9E-SegmentedRaftLog:OPENED:c-1, conf=-1: peers:[]|listeners:[], old=null STARTING
     LEADER s2@group-E7953D37B758:t1, leader=s2, voted=s2, raftlog=Memoized:s2@group-E7953D37B758-SegmentedRaftLog:OPENED:c0, conf=0: peers:[s3|0.0.0.0:35783, s4|0.0.0.0:45543, s0|0.0.0.0:42169, s1|0.0.0.0:40607, s2|0.0.0.0:39939]|listeners:[], old=null RUNNING] size=2
2023-12-13 16:20:59,752 [Time-limited test] INFO  impl.GroupManagementBaseTest (GroupManagementBaseTest.java:runMultiGroupTest(281)) - 1) starting group-EF1EF37F607A:[s5|0.0.0.0:39205, s6|0.0.0.0:33523, s7|0.0.0.0:33769]
2023-12-13 16:20:59,752 [Time-limited test] DEBUG client.RaftClient (ConfUtils.java:logGet(46)) - raft.rpc.type = GRPC (default)
2023-12-13 16:20:59,756 [grpc-default-executor-6] INFO  server.RaftServer (RaftServerProxy.java:addNew(100)) - s5: addNew group-EF1EF37F607A:[s5|0.0.0.0:39205, s6|0.0.0.0:33523, s7|0.0.0.0:33769] returns group-EF1EF37F607A:java.util.concurrent.CompletableFuture@30ac9b94[Not completed]
2023-12-13 16:20:59,756 [s5-groupManagement] INFO  server.RaftServer$Division (RaftServerImpl.java:<init>(256)) - s5: new RaftServerImpl for group-EF1EF37F607A:[s5|0.0.0.0:39205, s6|0.0.0.0:33523, s7|0.0.0.0:33769] with BaseStateMachine:uninitialized
2023-12-13 16:20:59,756 [s5-groupManagement] INFO  server.RaftServerConfigKeys (ConfUtils.java:logGet(46)) - raft.server.rpc.timeout.min = 1500ms (custom)
2023-12-13 16:20:59,756 [s5-groupManagement] INFO  server.RaftServerConfigKeys (ConfUtils.java:logGet(46)) - raft.server.rpc.timeout.max = 2000ms (custom)
2023-12-13 16:20:59,756 [s5-groupManagement] INFO  server.RaftServerConfigKeys (ConfUtils.java:logGet(46)) - raft.server.rpc.sleep.time = 25ms (default)
2023-12-13 16:20:59,756 [s5-groupManagement] INFO  server.RaftServerConfigKeys (ConfUtils.java:logGet(46)) - raft.server.rpc.slowness.timeout = 60s (default)
2023-12-13 16:20:59,756 [s5-groupManagement] INFO  server.RaftServerConfigKeys (ConfUtils.java:logGet(46)) - raft.server.leaderelection.leader.step-down.wait-time = 10s (default)
2023-12-13 16:20:59,757 [s5-groupManagement] INFO  server.RaftServerConfigKeys (ConfUtils.java:logGet(46)) - raft.server.leaderelection.member.majority-add = false (default)
2023-12-13 16:20:59,757 [s5-groupManagement] INFO  server.RaftServerConfigKeys (ConfUtils.java:logGet(46)) - raft.server.sleep.deviation.threshold = 300ms (default)
2023-12-13 16:20:59,757 [s5-groupManagement] INFO  server.RaftServer$Division (ServerState.java:<init>(113)) - s5@group-EF1EF37F607A: ConfigurationManager, init=-1: peers:[s5|0.0.0.0:39205, s6|0.0.0.0:33523, s7|0.0.0.0:33769]|listeners:[], old=null, confs=<EMPTY_MAP>
2023-12-13 16:20:59,757 [s5-groupManagement] INFO  server.RaftServerConfigKeys (ConfUtils.java:logGet(46)) - raft.server.notification.no-leader.timeout = 60s (default)
2023-12-13 16:20:59,757 [s5-groupManagement] INFO  server.RaftServerConfigKeys (ConfUtils.java:logGet(46)) - raft.server.read.timeout = 10s (default)
2023-12-13 16:20:59,757 [s5-groupManagement] INFO  server.RaftServerConfigKeys (ConfUtils.java:logGet(46)) - raft.server.retrycache.expirytime = 60s (default)
2023-12-13 16:20:59,757 [s5-groupManagement] INFO  server.RaftServerConfigKeys (ConfUtils.java:logGet(46)) - raft.server.retrycache.statistics.expirytime = 100ms (default)
2023-12-13 16:20:59,757 [s5-groupManagement] INFO  server.RaftServerConfigKeys (ConfUtils.java:logGet(46)) - raft.server.read.option = DEFAULT (default)
2023-12-13 16:20:59,757 [s5-groupManagement] INFO  server.RaftServerConfigKeys (ConfUtils.java:logGet(46)) - raft.server.read.read-after-write-consistent.write-index-cache.expiry-time = 60s (default)
2023-12-13 16:20:59,757 [s5-groupManagement] INFO  server.RaftServerConfigKeys (ConfUtils.java:logGet(46)) - raft.server.rpc.request.timeout = 3000ms (default)
2023-12-13 16:20:59,757 [s5-groupManagement] INFO  server.RaftServerConfigKeys (ConfUtils.java:logGet(46)) - raft.server.log.appender.install.snapshot.enabled = true (default)
2023-12-13 16:20:59,757 [s5-groupManagement] INFO  server.RaftServerConfigKeys (ConfUtils.java:logGet(46)) - raft.server.threadpool.server.cached = true (default)
2023-12-13 16:20:59,757 [s5-groupManagement] INFO  server.RaftServerConfigKeys (ConfUtils.java:logGet(46)) - raft.server.threadpool.server.size = 0 (default)
2023-12-13 16:20:59,757 [s5-groupManagement] INFO  server.RaftServerConfigKeys (ConfUtils.java:logGet(46)) - raft.server.threadpool.client.cached = true (default)
2023-12-13 16:20:59,757 [s5-groupManagement] INFO  server.RaftServerConfigKeys (ConfUtils.java:logGet(46)) - raft.server.threadpool.client.size = 0 (default)
2023-12-13 16:20:59,758 [s5-groupManagement] DEBUG server.RaftServer (RaftServerProxy.java:lambda$groupAddAsync$13(507)) - s5: newImpl =      null s5@group-EF1EF37F607A:t0, leader=null, voted=null, raftlog=UNINITIALIZED, conf=-1: peers:[s5|0.0.0.0:39205, s6|0.0.0.0:33523, s7|0.0.0.0:33769]|listeners:[], old=null NEW
2023-12-13 16:20:59,758 [s5-groupManagement] INFO  server.RaftServerConfigKeys (ConfUtils.java:logGet(46)) - raft.server.storage.free-space.min = 0MB (=0) (default)
2023-12-13 16:20:59,758 [s5-groupManagement] INFO  server.RaftServerConfigKeys (ConfUtils.java:logGet(46)) - raft.server.log.corruption.policy = EXCEPTION (default)
2023-12-13 16:20:59,758 [s5-groupManagement] INFO  server.RaftServerConfigKeys (ConfUtils.java:logGet(46)) - raft.server.storage.dir = [/home/runner/work/ratis/ratis/ratis-test/target/test/data/1e4ee837/MiniRaftClusterWithGrpc24096a27/s5] (custom)
2023-12-13 16:20:59,758 [s5-groupManagement] INFO  storage.RaftStorageDirectory (RaftStorageDirectoryImpl.java:analyzeStorage(138)) - The storage directory /home/runner/work/ratis/ratis/ratis-test/target/test/data/1e4ee837/MiniRaftClusterWithGrpc24096a27/s5/50eb88a3-9590-4067-a73d-ef1ef37f607a does not exist. Creating ...
2023-12-13 16:20:59,758 [s5-groupManagement] TRACE util.FileUtils (LogUtils.java:runAndLog(49)) - Successfully ran Files.createDirectories /home/runner/work/ratis/ratis/ratis-test/target/test/data/1e4ee837/MiniRaftClusterWithGrpc24096a27/s5/50eb88a3-9590-4067-a73d-ef1ef37f607a
2023-12-13 16:20:59,759 [s5-groupManagement] INFO  storage.RaftStorageDirectory (RaftStorageDirectoryImpl.java:tryLock(228)) - Lock on /home/runner/work/ratis/ratis/ratis-test/target/test/data/1e4ee837/MiniRaftClusterWithGrpc24096a27/s5/50eb88a3-9590-4067-a73d-ef1ef37f607a/in_use.lock acquired by nodename 10819@fv-az890-872
2023-12-13 16:20:59,759 [s5-groupManagement] TRACE util.FileUtils (LogUtils.java:runAndLog(49)) - Successfully ran Files.createDirectories /home/runner/work/ratis/ratis/ratis-test/target/test/data/1e4ee837/MiniRaftClusterWithGrpc24096a27/s5/50eb88a3-9590-4067-a73d-ef1ef37f607a/current
2023-12-13 16:20:59,759 [s5-groupManagement] TRACE util.FileUtils (LogUtils.java:runAndLog(49)) - Successfully ran Files.createDirectories /home/runner/work/ratis/ratis/ratis-test/target/test/data/1e4ee837/MiniRaftClusterWithGrpc24096a27/s5/50eb88a3-9590-4067-a73d-ef1ef37f607a/sm
2023-12-13 16:20:59,759 [s5-groupManagement] TRACE util.FileUtils (LogUtils.java:supplyAndLog(69)) - Successfully supplied FileChannel.open /home/runner/work/ratis/ratis/ratis-test/target/test/data/1e4ee837/MiniRaftClusterWithGrpc24096a27/s5/50eb88a3-9590-4067-a73d-ef1ef37f607a/current/raft-meta.tmp with options [CREATE, WRITE]: sun.nio.ch.FileChannelImpl@e6ef5d7
2023-12-13 16:20:59,760 [s5-groupManagement] TRACE util.FileUtils (LogUtils.java:runAndLog(49)) - Successfully ran Atomic Files.move /home/runner/work/ratis/ratis/ratis-test/target/test/data/1e4ee837/MiniRaftClusterWithGrpc24096a27/s5/50eb88a3-9590-4067-a73d-ef1ef37f607a/current/raft-meta.tmp to /home/runner/work/ratis/ratis/ratis-test/target/test/data/1e4ee837/MiniRaftClusterWithGrpc24096a27/s5/50eb88a3-9590-4067-a73d-ef1ef37f607a/current/raft-meta with options [REPLACE_EXISTING]
2023-12-13 16:20:59,760 [s5-groupManagement] INFO  storage.RaftStorage (RaftStorageImpl.java:format(99)) - Storage directory /home/runner/work/ratis/ratis/ratis-test/target/test/data/1e4ee837/MiniRaftClusterWithGrpc24096a27/s5/50eb88a3-9590-4067-a73d-ef1ef37f607a has been successfully formatted.
2023-12-13 16:20:59,760 [s5-groupManagement] TRACE util.FileUtils (LogUtils.java:supplyAndLog(61)) - Failed to Files.newInputStream /home/runner/work/ratis/ratis/ratis-test/target/test/data/1e4ee837/MiniRaftClusterWithGrpc24096a27/s5/50eb88a3-9590-4067-a73d-ef1ef37f607a/current/raft-meta.conf with options []
java.nio.file.NoSuchFileException: /home/runner/work/ratis/ratis/ratis-test/target/test/data/1e4ee837/MiniRaftClusterWithGrpc24096a27/s5/50eb88a3-9590-4067-a73d-ef1ef37f607a/current/raft-meta.conf
	at java.base/sun.nio.fs.UnixException.translateToIOException(UnixException.java:92)
	at java.base/sun.nio.fs.UnixException.rethrowAsIOException(UnixException.java:111)
	at java.base/sun.nio.fs.UnixException.rethrowAsIOException(UnixException.java:116)
	at java.base/sun.nio.fs.UnixFileSystemProvider.newByteChannel(UnixFileSystemProvider.java:219)
	at java.base/java.nio.file.Files.newByteChannel(Files.java:371)
	at java.base/java.nio.file.Files.newByteChannel(Files.java:422)
	at java.base/java.nio.file.spi.FileSystemProvider.newInputStream(FileSystemProvider.java:420)
	at java.base/java.nio.file.Files.newInputStream(Files.java:156)
	at org.apache.ratis.util.FileUtils.lambda$newInputStream$2(FileUtils.java:73)
	at org.apache.ratis.util.LogUtils.supplyAndLog(LogUtils.java:58)
	at org.apache.ratis.util.FileUtils.newInputStream(FileUtils.java:72)
	at org.apache.ratis.util.FileUtils.newInputStream(FileUtils.java:68)
	at org.apache.ratis.server.storage.RaftStorageImpl.readRaftConfiguration(RaftStorageImpl.java:156)
	at org.apache.ratis.server.impl.ServerState.initialize(ServerState.java:141)
	at org.apache.ratis.server.impl.RaftServerImpl.start(RaftServerImpl.java:388)
	at org.apache.ratis.server.impl.RaftServerProxy.lambda$groupAddAsync$13(RaftServerProxy.java:509)
	at java.base/java.util.concurrent.CompletableFuture$UniApply.tryFire(CompletableFuture.java:642)
	at java.base/java.util.concurrent.CompletableFuture$Completion.run(CompletableFuture.java:478)
	at java.base/java.util.concurrent.ThreadPoolExecutor.runWorker(ThreadPoolExecutor.java:1128)
	at java.base/java.util.concurrent.ThreadPoolExecutor$Worker.run(ThreadPoolExecutor.java:628)
	at java.base/java.lang.Thread.run(Thread.java:829)
2023-12-13 16:20:59,760 [s5-groupManagement] INFO  server.RaftServerConfigKeys (ConfUtils.java:logGet(46)) - raft.server.log.use.memory = false (default)
2023-12-13 16:20:59,760 [s5-groupManagement] INFO  server.RaftServerConfigKeys (ConfUtils.java:logGet(46)) - raft.server.log.purge.gap = 1024 (default)
2023-12-13 16:20:59,760 [s5-groupManagement] INFO  server.RaftServerConfigKeys (ConfUtils.java:logGet(46)) - raft.server.log.appender.buffer.byte-limit = 4MB (=4194304) (default)
2023-12-13 16:20:59,760 [s5-groupManagement] INFO  server.RaftServerConfigKeys (ConfUtils.java:logGet(46)) - raft.server.log.statemachine.data.read.timeout = 1000ms (default)
2023-12-13 16:20:59,760 [s5-groupManagement] INFO  server.RaftServerConfigKeys (ConfUtils.java:logGet(46)) - raft.server.log.purge.preservation.log.num = 0 (default)
2023-12-13 16:20:59,761 [s5-groupManagement] INFO  server.RaftServerConfigKeys (ConfUtils.java:logGet(46)) - raft.server.log.segment.size.max = 32MB (=33554432) (default)
2023-12-13 16:20:59,761 [s5-groupManagement] INFO  server.RaftServerConfigKeys (ConfUtils.java:logGet(46)) - raft.server.log.segment.cache.num.max = 6 (default)
2023-12-13 16:20:59,761 [s5-groupManagement] INFO  server.RaftServerConfigKeys (ConfUtils.java:logGet(46)) - raft.server.log.segment.cache.size.max = 200MB (=209715200) (default)
2023-12-13 16:20:59,761 [s5-groupManagement] INFO  server.RaftServerConfigKeys (ConfUtils.java:logGet(46)) - raft.server.log.appender.buffer.byte-limit = 4MB (=4194304) (default)
2023-12-13 16:20:59,761 [s5-groupManagement] INFO  util.AwaitToRun (AwaitToRun.java:start(81)) - Thread[s5@group-EF1EF37F607A-cacheEviction-AwaitToRun,5,main] started
2023-12-13 16:20:59,761 [s5-groupManagement] INFO  segmented.SegmentedRaftLogWorker (SegmentedRaftLogWorker.java:<init>(182)) - new s5@group-EF1EF37F607A-SegmentedRaftLogWorker for RaftStorageImpl:Storage Directory /home/runner/work/ratis/ratis/ratis-test/target/test/data/1e4ee837/MiniRaftClusterWithGrpc24096a27/s5/50eb88a3-9590-4067-a73d-ef1ef37f607a
2023-12-13 16:20:59,761 [s5-groupManagement] INFO  server.RaftServerConfigKeys (ConfUtils.java:logGet(46)) - raft.server.log.queue.byte-limit = 64MB (=67108864) (default)
2023-12-13 16:20:59,761 [s5-groupManagement] INFO  server.RaftServerConfigKeys (ConfUtils.java:logGet(46)) - raft.server.log.queue.element-limit = 4096 (default)
2023-12-13 16:20:59,761 [s5-groupManagement] INFO  server.RaftServerConfigKeys (ConfUtils.java:logGet(46)) - raft.server.log.segment.size.max = 32MB (=33554432) (default)
2023-12-13 16:20:59,761 [s5-groupManagement] INFO  server.RaftServerConfigKeys (ConfUtils.java:logGet(46)) - raft.server.log.preallocated.size = 4MB (=4194304) (default)
2023-12-13 16:20:59,761 [s5-groupManagement] INFO  server.RaftServerConfigKeys (ConfUtils.java:logGet(46)) - raft.server.log.force.sync.num = 128 (default)
2023-12-13 16:20:59,761 [s5-groupManagement] INFO  server.RaftServerConfigKeys (ConfUtils.java:logGet(46)) - raft.server.log.statemachine.data.sync = true (default)
2023-12-13 16:20:59,761 [s5-groupManagement] INFO  server.RaftServerConfigKeys (ConfUtils.java:logGet(46)) - raft.server.log.statemachine.data.sync.timeout = 10s (default)
2023-12-13 16:20:59,761 [s5-groupManagement] INFO  server.RaftServerConfigKeys (ConfUtils.java:logGet(46)) - raft.server.log.statemachine.data.sync.timeout.retry = -1 (default)
2023-12-13 16:20:59,761 [s5-groupManagement] INFO  server.RaftServerConfigKeys (ConfUtils.java:logGet(46)) - raft.server.log.write.buffer.size = 8MB (=8388608) (default)
2023-12-13 16:20:59,762 [s5-groupManagement] INFO  server.RaftServerConfigKeys (ConfUtils.java:logGet(46)) - raft.server.log.appender.buffer.byte-limit = 4MB (=4194304) (default)
2023-12-13 16:20:59,762 [s5-groupManagement] INFO  server.RaftServerConfigKeys (ConfUtils.java:logGet(46)) - raft.server.log.unsafe-flush.enabled = false (default)
2023-12-13 16:20:59,762 [s5-groupManagement] INFO  server.RaftServerConfigKeys (ConfUtils.java:logGet(46)) - raft.server.log.async-flush.enabled = false (default)
2023-12-13 16:20:59,762 [s5-groupManagement] INFO  server.RaftServerConfigKeys (ConfUtils.java:logGet(46)) - raft.server.log.statemachine.data.caching.enabled = false (default)
2023-12-13 16:20:59,762 [s5-groupManagement] INFO  segmented.SegmentedRaftLogWorker (SegmentedRaftLogWorker.java:lambda$new$0(134)) - s5@group-EF1EF37F607A-SegmentedRaftLogWorker: flushIndex: setUnconditionally 0 -> -1
2023-12-13 16:20:59,762 [s5-groupManagement] INFO  segmented.SegmentedRaftLogWorker (SegmentedRaftLogWorker.java:lambda$new$0(134)) - s5@group-EF1EF37F607A-SegmentedRaftLogWorker: safeCacheEvictIndex: setUnconditionally 0 -> -1
2023-12-13 16:20:59,763 [s5-groupManagement] INFO  server.RaftServer$Division (RaftServerImpl.java:start(392)) - s5@group-EF1EF37F607A: start as a follower, conf=-1: peers:[s5|0.0.0.0:39205, s6|0.0.0.0:33523, s7|0.0.0.0:33769]|listeners:[], old=null
2023-12-13 16:20:59,763 [s5-groupManagement] INFO  server.RaftServer$Division (RaftServerImpl.java:setRole(379)) - s5@group-EF1EF37F607A: changes role from      null to FOLLOWER at term 0 for startAsFollower
2023-12-13 16:20:59,763 [s5-groupManagement] INFO  impl.RoleInfo (RoleInfo.java:updateAndGet(139)) - s5: start s5@group-EF1EF37F607A-FollowerState
2023-12-13 16:20:59,763 [s5@group-EF1EF37F607A-FollowerState] INFO  server.RaftServerConfigKeys (ConfUtils.java:logFallback(53)) - raft.server.rpc.first-election.timeout.min = 1500ms (fallback to raft.server.rpc.timeout.min)
2023-12-13 16:20:59,763 [s5-groupManagement] INFO  util.JmxRegister (JmxRegister.java:tryRegister(44)) - Successfully registered JMX Bean with object name Ratis:service=RaftServer,group=group-EF1EF37F607A,id=s5
2023-12-13 16:20:59,763 [s5@group-EF1EF37F607A-FollowerState] INFO  server.RaftServerConfigKeys (ConfUtils.java:logFallback(53)) - raft.server.rpc.first-election.timeout.max = 2000ms (fallback to raft.server.rpc.timeout.max)
2023-12-13 16:20:59,763 [s5-groupManagement] INFO  server.RaftServerConfigKeys (ConfUtils.java:logGet(46)) - raft.server.snapshot.trigger-when-stop.enabled = true (default)
2023-12-13 16:20:59,763 [s5-groupManagement] INFO  server.RaftServerConfigKeys (ConfUtils.java:logGet(46)) - raft.server.snapshot.auto.trigger.enabled = false (default)
2023-12-13 16:20:59,763 [s5-groupManagement] INFO  server.RaftServerConfigKeys (ConfUtils.java:logGet(46)) - raft.server.snapshot.retention.file.num = -1 (default)
2023-12-13 16:20:59,763 [s5-groupManagement] INFO  server.RaftServerConfigKeys (ConfUtils.java:logGet(46)) - raft.server.log.purge.upto.snapshot.index = false (default)
2023-12-13 16:20:59,765 [Time-limited test] DEBUG client.RaftClient (ConfUtils.java:logGet(46)) - raft.rpc.type = GRPC (default)
2023-12-13 16:20:59,768 [grpc-default-executor-6] INFO  server.RaftServer (RaftServerProxy.java:addNew(100)) - s6: addNew group-EF1EF37F607A:[s5|0.0.0.0:39205, s6|0.0.0.0:33523, s7|0.0.0.0:33769] returns group-EF1EF37F607A:java.util.concurrent.CompletableFuture@65706b05[Not completed]
2023-12-13 16:20:59,768 [s6-groupManagement] INFO  server.RaftServer$Division (RaftServerImpl.java:<init>(256)) - s6: new RaftServerImpl for group-EF1EF37F607A:[s5|0.0.0.0:39205, s6|0.0.0.0:33523, s7|0.0.0.0:33769] with BaseStateMachine:uninitialized
2023-12-13 16:20:59,769 [s6-groupManagement] INFO  server.RaftServerConfigKeys (ConfUtils.java:logGet(46)) - raft.server.rpc.timeout.min = 1500ms (custom)
2023-12-13 16:20:59,769 [s6-groupManagement] INFO  server.RaftServerConfigKeys (ConfUtils.java:logGet(46)) - raft.server.rpc.timeout.max = 2000ms (custom)
2023-12-13 16:20:59,769 [s6-groupManagement] INFO  server.RaftServerConfigKeys (ConfUtils.java:logGet(46)) - raft.server.rpc.sleep.time = 25ms (default)
2023-12-13 16:20:59,769 [s6-groupManagement] INFO  server.RaftServerConfigKeys (ConfUtils.java:logGet(46)) - raft.server.rpc.slowness.timeout = 60s (default)
2023-12-13 16:20:59,769 [s6-groupManagement] INFO  server.RaftServerConfigKeys (ConfUtils.java:logGet(46)) - raft.server.leaderelection.leader.step-down.wait-time = 10s (default)
2023-12-13 16:20:59,769 [s6-groupManagement] INFO  server.RaftServerConfigKeys (ConfUtils.java:logGet(46)) - raft.server.leaderelection.member.majority-add = false (default)
2023-12-13 16:20:59,769 [s6-groupManagement] INFO  server.RaftServerConfigKeys (ConfUtils.java:logGet(46)) - raft.server.sleep.deviation.threshold = 300ms (default)
2023-12-13 16:20:59,769 [s6-groupManagement] INFO  server.RaftServer$Division (ServerState.java:<init>(113)) - s6@group-EF1EF37F607A: ConfigurationManager, init=-1: peers:[s5|0.0.0.0:39205, s6|0.0.0.0:33523, s7|0.0.0.0:33769]|listeners:[], old=null, confs=<EMPTY_MAP>
2023-12-13 16:20:59,769 [s6-groupManagement] INFO  server.RaftServerConfigKeys (ConfUtils.java:logGet(46)) - raft.server.notification.no-leader.timeout = 60s (default)
2023-12-13 16:20:59,769 [s6-groupManagement] INFO  server.RaftServerConfigKeys (ConfUtils.java:logGet(46)) - raft.server.read.timeout = 10s (default)
2023-12-13 16:20:59,769 [s6-groupManagement] INFO  server.RaftServerConfigKeys (ConfUtils.java:logGet(46)) - raft.server.retrycache.expirytime = 60s (default)
2023-12-13 16:20:59,769 [s6-groupManagement] INFO  server.RaftServerConfigKeys (ConfUtils.java:logGet(46)) - raft.server.retrycache.statistics.expirytime = 100ms (default)
2023-12-13 16:20:59,769 [s6-groupManagement] INFO  server.RaftServerConfigKeys (ConfUtils.java:logGet(46)) - raft.server.read.option = DEFAULT (default)
2023-12-13 16:20:59,769 [s6-groupManagement] INFO  server.RaftServerConfigKeys (ConfUtils.java:logGet(46)) - raft.server.read.read-after-write-consistent.write-index-cache.expiry-time = 60s (default)
2023-12-13 16:20:59,770 [s6-groupManagement] INFO  server.RaftServerConfigKeys (ConfUtils.java:logGet(46)) - raft.server.rpc.request.timeout = 3000ms (default)
2023-12-13 16:20:59,770 [s6-groupManagement] INFO  server.RaftServerConfigKeys (ConfUtils.java:logGet(46)) - raft.server.log.appender.install.snapshot.enabled = true (default)
2023-12-13 16:20:59,770 [s6-groupManagement] INFO  server.RaftServerConfigKeys (ConfUtils.java:logGet(46)) - raft.server.threadpool.server.cached = true (default)
2023-12-13 16:20:59,770 [s6-groupManagement] INFO  server.RaftServerConfigKeys (ConfUtils.java:logGet(46)) - raft.server.threadpool.server.size = 0 (default)
2023-12-13 16:20:59,770 [s6-groupManagement] INFO  server.RaftServerConfigKeys (ConfUtils.java:logGet(46)) - raft.server.threadpool.client.cached = true (default)
2023-12-13 16:20:59,770 [s6-groupManagement] INFO  server.RaftServerConfigKeys (ConfUtils.java:logGet(46)) - raft.server.threadpool.client.size = 0 (default)
2023-12-13 16:20:59,770 [s6-groupManagement] DEBUG server.RaftServer (RaftServerProxy.java:lambda$groupAddAsync$13(507)) - s6: newImpl =      null s6@group-EF1EF37F607A:t0, leader=null, voted=null, raftlog=UNINITIALIZED, conf=-1: peers:[s5|0.0.0.0:39205, s6|0.0.0.0:33523, s7|0.0.0.0:33769]|listeners:[], old=null NEW
2023-12-13 16:20:59,770 [s6-groupManagement] INFO  server.RaftServerConfigKeys (ConfUtils.java:logGet(46)) - raft.server.storage.free-space.min = 0MB (=0) (default)
2023-12-13 16:20:59,770 [s6-groupManagement] INFO  server.RaftServerConfigKeys (ConfUtils.java:logGet(46)) - raft.server.log.corruption.policy = EXCEPTION (default)
2023-12-13 16:20:59,770 [s6-groupManagement] INFO  server.RaftServerConfigKeys (ConfUtils.java:logGet(46)) - raft.server.storage.dir = [/home/runner/work/ratis/ratis/ratis-test/target/test/data/1e4ee837/MiniRaftClusterWithGrpc24096a27/s6] (custom)
2023-12-13 16:20:59,770 [s6-groupManagement] INFO  storage.RaftStorageDirectory (RaftStorageDirectoryImpl.java:analyzeStorage(138)) - The storage directory /home/runner/work/ratis/ratis/ratis-test/target/test/data/1e4ee837/MiniRaftClusterWithGrpc24096a27/s6/50eb88a3-9590-4067-a73d-ef1ef37f607a does not exist. Creating ...
2023-12-13 16:20:59,770 [s6-groupManagement] TRACE util.FileUtils (LogUtils.java:runAndLog(49)) - Successfully ran Files.createDirectories /home/runner/work/ratis/ratis/ratis-test/target/test/data/1e4ee837/MiniRaftClusterWithGrpc24096a27/s6/50eb88a3-9590-4067-a73d-ef1ef37f607a
2023-12-13 16:20:59,771 [s6-groupManagement] INFO  storage.RaftStorageDirectory (RaftStorageDirectoryImpl.java:tryLock(228)) - Lock on /home/runner/work/ratis/ratis/ratis-test/target/test/data/1e4ee837/MiniRaftClusterWithGrpc24096a27/s6/50eb88a3-9590-4067-a73d-ef1ef37f607a/in_use.lock acquired by nodename 10819@fv-az890-872
2023-12-13 16:20:59,771 [s6-groupManagement] TRACE util.FileUtils (LogUtils.java:runAndLog(49)) - Successfully ran Files.createDirectories /home/runner/work/ratis/ratis/ratis-test/target/test/data/1e4ee837/MiniRaftClusterWithGrpc24096a27/s6/50eb88a3-9590-4067-a73d-ef1ef37f607a/current
2023-12-13 16:20:59,771 [s6-groupManagement] TRACE util.FileUtils (LogUtils.java:runAndLog(49)) - Successfully ran Files.createDirectories /home/runner/work/ratis/ratis/ratis-test/target/test/data/1e4ee837/MiniRaftClusterWithGrpc24096a27/s6/50eb88a3-9590-4067-a73d-ef1ef37f607a/sm
2023-12-13 16:20:59,772 [s6-groupManagement] TRACE util.FileUtils (LogUtils.java:supplyAndLog(69)) - Successfully supplied FileChannel.open /home/runner/work/ratis/ratis/ratis-test/target/test/data/1e4ee837/MiniRaftClusterWithGrpc24096a27/s6/50eb88a3-9590-4067-a73d-ef1ef37f607a/current/raft-meta.tmp with options [CREATE, WRITE]: sun.nio.ch.FileChannelImpl@6d70f77e
2023-12-13 16:20:59,773 [s6-groupManagement] TRACE util.FileUtils (LogUtils.java:runAndLog(49)) - Successfully ran Atomic Files.move /home/runner/work/ratis/ratis/ratis-test/target/test/data/1e4ee837/MiniRaftClusterWithGrpc24096a27/s6/50eb88a3-9590-4067-a73d-ef1ef37f607a/current/raft-meta.tmp to /home/runner/work/ratis/ratis/ratis-test/target/test/data/1e4ee837/MiniRaftClusterWithGrpc24096a27/s6/50eb88a3-9590-4067-a73d-ef1ef37f607a/current/raft-meta with options [REPLACE_EXISTING]
2023-12-13 16:20:59,773 [s6-groupManagement] INFO  storage.RaftStorage (RaftStorageImpl.java:format(99)) - Storage directory /home/runner/work/ratis/ratis/ratis-test/target/test/data/1e4ee837/MiniRaftClusterWithGrpc24096a27/s6/50eb88a3-9590-4067-a73d-ef1ef37f607a has been successfully formatted.
2023-12-13 16:20:59,773 [s6-groupManagement] TRACE util.FileUtils (LogUtils.java:supplyAndLog(61)) - Failed to Files.newInputStream /home/runner/work/ratis/ratis/ratis-test/target/test/data/1e4ee837/MiniRaftClusterWithGrpc24096a27/s6/50eb88a3-9590-4067-a73d-ef1ef37f607a/current/raft-meta.conf with options []
java.nio.file.NoSuchFileException: /home/runner/work/ratis/ratis/ratis-test/target/test/data/1e4ee837/MiniRaftClusterWithGrpc24096a27/s6/50eb88a3-9590-4067-a73d-ef1ef37f607a/current/raft-meta.conf
	at java.base/sun.nio.fs.UnixException.translateToIOException(UnixException.java:92)
	at java.base/sun.nio.fs.UnixException.rethrowAsIOException(UnixException.java:111)
	at java.base/sun.nio.fs.UnixException.rethrowAsIOException(UnixException.java:116)
	at java.base/sun.nio.fs.UnixFileSystemProvider.newByteChannel(UnixFileSystemProvider.java:219)
	at java.base/java.nio.file.Files.newByteChannel(Files.java:371)
	at java.base/java.nio.file.Files.newByteChannel(Files.java:422)
	at java.base/java.nio.file.spi.FileSystemProvider.newInputStream(FileSystemProvider.java:420)
	at java.base/java.nio.file.Files.newInputStream(Files.java:156)
	at org.apache.ratis.util.FileUtils.lambda$newInputStream$2(FileUtils.java:73)
	at org.apache.ratis.util.LogUtils.supplyAndLog(LogUtils.java:58)
	at org.apache.ratis.util.FileUtils.newInputStream(FileUtils.java:72)
	at org.apache.ratis.util.FileUtils.newInputStream(FileUtils.java:68)
	at org.apache.ratis.server.storage.RaftStorageImpl.readRaftConfiguration(RaftStorageImpl.java:156)
	at org.apache.ratis.server.impl.ServerState.initialize(ServerState.java:141)
	at org.apache.ratis.server.impl.RaftServerImpl.start(RaftServerImpl.java:388)
	at org.apache.ratis.server.impl.RaftServerProxy.lambda$groupAddAsync$13(RaftServerProxy.java:509)
	at java.base/java.util.concurrent.CompletableFuture$UniApply.tryFire(CompletableFuture.java:642)
	at java.base/java.util.concurrent.CompletableFuture$Completion.run(CompletableFuture.java:478)
	at java.base/java.util.concurrent.ThreadPoolExecutor.runWorker(ThreadPoolExecutor.java:1128)
	at java.base/java.util.concurrent.ThreadPoolExecutor$Worker.run(ThreadPoolExecutor.java:628)
	at java.base/java.lang.Thread.run(Thread.java:829)
2023-12-13 16:20:59,773 [s6-groupManagement] INFO  server.RaftServerConfigKeys (ConfUtils.java:logGet(46)) - raft.server.log.use.memory = false (default)
2023-12-13 16:20:59,773 [s6-groupManagement] INFO  server.RaftServerConfigKeys (ConfUtils.java:logGet(46)) - raft.server.log.purge.gap = 1024 (default)
2023-12-13 16:20:59,773 [s6-groupManagement] INFO  server.RaftServerConfigKeys (ConfUtils.java:logGet(46)) - raft.server.log.appender.buffer.byte-limit = 4MB (=4194304) (default)
2023-12-13 16:20:59,773 [s6-groupManagement] INFO  server.RaftServerConfigKeys (ConfUtils.java:logGet(46)) - raft.server.log.statemachine.data.read.timeout = 1000ms (default)
2023-12-13 16:20:59,773 [s6-groupManagement] INFO  server.RaftServerConfigKeys (ConfUtils.java:logGet(46)) - raft.server.log.purge.preservation.log.num = 0 (default)
2023-12-13 16:20:59,773 [s6-groupManagement] INFO  server.RaftServerConfigKeys (ConfUtils.java:logGet(46)) - raft.server.log.segment.size.max = 32MB (=33554432) (default)
2023-12-13 16:20:59,773 [s6-groupManagement] INFO  server.RaftServerConfigKeys (ConfUtils.java:logGet(46)) - raft.server.log.segment.cache.num.max = 6 (default)
2023-12-13 16:20:59,774 [s6-groupManagement] INFO  server.RaftServerConfigKeys (ConfUtils.java:logGet(46)) - raft.server.log.segment.cache.size.max = 200MB (=209715200) (default)
2023-12-13 16:20:59,774 [s6-groupManagement] INFO  server.RaftServerConfigKeys (ConfUtils.java:logGet(46)) - raft.server.log.appender.buffer.byte-limit = 4MB (=4194304) (default)
2023-12-13 16:20:59,774 [s6-groupManagement] INFO  util.AwaitToRun (AwaitToRun.java:start(81)) - Thread[s6@group-EF1EF37F607A-cacheEviction-AwaitToRun,5,main] started
2023-12-13 16:20:59,774 [s6-groupManagement] INFO  segmented.SegmentedRaftLogWorker (SegmentedRaftLogWorker.java:<init>(182)) - new s6@group-EF1EF37F607A-SegmentedRaftLogWorker for RaftStorageImpl:Storage Directory /home/runner/work/ratis/ratis/ratis-test/target/test/data/1e4ee837/MiniRaftClusterWithGrpc24096a27/s6/50eb88a3-9590-4067-a73d-ef1ef37f607a
2023-12-13 16:20:59,774 [s6-groupManagement] INFO  server.RaftServerConfigKeys (ConfUtils.java:logGet(46)) - raft.server.log.queue.byte-limit = 64MB (=67108864) (default)
2023-12-13 16:20:59,774 [s6-groupManagement] INFO  server.RaftServerConfigKeys (ConfUtils.java:logGet(46)) - raft.server.log.queue.element-limit = 4096 (default)
2023-12-13 16:20:59,774 [s6-groupManagement] INFO  server.RaftServerConfigKeys (ConfUtils.java:logGet(46)) - raft.server.log.segment.size.max = 32MB (=33554432) (default)
2023-12-13 16:20:59,774 [s6-groupManagement] INFO  server.RaftServerConfigKeys (ConfUtils.java:logGet(46)) - raft.server.log.preallocated.size = 4MB (=4194304) (default)
2023-12-13 16:20:59,774 [s6-groupManagement] INFO  server.RaftServerConfigKeys (ConfUtils.java:logGet(46)) - raft.server.log.force.sync.num = 128 (default)
2023-12-13 16:20:59,774 [s6-groupManagement] INFO  server.RaftServerConfigKeys (ConfUtils.java:logGet(46)) - raft.server.log.statemachine.data.sync = true (default)
2023-12-13 16:20:59,774 [s6-groupManagement] INFO  server.RaftServerConfigKeys (ConfUtils.java:logGet(46)) - raft.server.log.statemachine.data.sync.timeout = 10s (default)
2023-12-13 16:20:59,774 [s6-groupManagement] INFO  server.RaftServerConfigKeys (ConfUtils.java:logGet(46)) - raft.server.log.statemachine.data.sync.timeout.retry = -1 (default)
2023-12-13 16:20:59,774 [s6-groupManagement] INFO  server.RaftServerConfigKeys (ConfUtils.java:logGet(46)) - raft.server.log.write.buffer.size = 8MB (=8388608) (default)
2023-12-13 16:20:59,774 [s6-groupManagement] INFO  server.RaftServerConfigKeys (ConfUtils.java:logGet(46)) - raft.server.log.appender.buffer.byte-limit = 4MB (=4194304) (default)
2023-12-13 16:20:59,774 [s6-groupManagement] INFO  server.RaftServerConfigKeys (ConfUtils.java:logGet(46)) - raft.server.log.unsafe-flush.enabled = false (default)
2023-12-13 16:20:59,774 [s6-groupManagement] INFO  server.RaftServerConfigKeys (ConfUtils.java:logGet(46)) - raft.server.log.async-flush.enabled = false (default)
2023-12-13 16:20:59,774 [s6-groupManagement] INFO  server.RaftServerConfigKeys (ConfUtils.java:logGet(46)) - raft.server.log.statemachine.data.caching.enabled = false (default)
2023-12-13 16:20:59,775 [s6-groupManagement] INFO  segmented.SegmentedRaftLogWorker (SegmentedRaftLogWorker.java:lambda$new$0(134)) - s6@group-EF1EF37F607A-SegmentedRaftLogWorker: flushIndex: setUnconditionally 0 -> -1
2023-12-13 16:20:59,775 [s6-groupManagement] INFO  segmented.SegmentedRaftLogWorker (SegmentedRaftLogWorker.java:lambda$new$0(134)) - s6@group-EF1EF37F607A-SegmentedRaftLogWorker: safeCacheEvictIndex: setUnconditionally 0 -> -1
2023-12-13 16:20:59,775 [s6-groupManagement] INFO  server.RaftServer$Division (RaftServerImpl.java:start(392)) - s6@group-EF1EF37F607A: start as a follower, conf=-1: peers:[s5|0.0.0.0:39205, s6|0.0.0.0:33523, s7|0.0.0.0:33769]|listeners:[], old=null
2023-12-13 16:20:59,775 [s6-groupManagement] INFO  server.RaftServer$Division (RaftServerImpl.java:setRole(379)) - s6@group-EF1EF37F607A: changes role from      null to FOLLOWER at term 0 for startAsFollower
2023-12-13 16:20:59,775 [s6-groupManagement] INFO  impl.RoleInfo (RoleInfo.java:updateAndGet(139)) - s6: start s6@group-EF1EF37F607A-FollowerState
2023-12-13 16:20:59,775 [s6@group-EF1EF37F607A-FollowerState] INFO  server.RaftServerConfigKeys (ConfUtils.java:logFallback(53)) - raft.server.rpc.first-election.timeout.min = 1500ms (fallback to raft.server.rpc.timeout.min)
2023-12-13 16:20:59,775 [s6-groupManagement] INFO  util.JmxRegister (JmxRegister.java:tryRegister(44)) - Successfully registered JMX Bean with object name Ratis:service=RaftServer,group=group-EF1EF37F607A,id=s6
2023-12-13 16:20:59,775 [s6@group-EF1EF37F607A-FollowerState] INFO  server.RaftServerConfigKeys (ConfUtils.java:logFallback(53)) - raft.server.rpc.first-election.timeout.max = 2000ms (fallback to raft.server.rpc.timeout.max)
2023-12-13 16:20:59,775 [s6-groupManagement] INFO  server.RaftServerConfigKeys (ConfUtils.java:logGet(46)) - raft.server.snapshot.trigger-when-stop.enabled = true (default)
2023-12-13 16:20:59,775 [s6-groupManagement] INFO  server.RaftServerConfigKeys (ConfUtils.java:logGet(46)) - raft.server.snapshot.auto.trigger.enabled = false (default)
2023-12-13 16:20:59,775 [s6-groupManagement] INFO  server.RaftServerConfigKeys (ConfUtils.java:logGet(46)) - raft.server.snapshot.retention.file.num = -1 (default)
2023-12-13 16:20:59,775 [s6-groupManagement] INFO  server.RaftServerConfigKeys (ConfUtils.java:logGet(46)) - raft.server.log.purge.upto.snapshot.index = false (default)
2023-12-13 16:20:59,778 [Time-limited test] DEBUG client.RaftClient (ConfUtils.java:logGet(46)) - raft.rpc.type = GRPC (default)
2023-12-13 16:20:59,781 [grpc-default-executor-6] INFO  server.RaftServer (RaftServerProxy.java:addNew(100)) - s7: addNew group-EF1EF37F607A:[s5|0.0.0.0:39205, s6|0.0.0.0:33523, s7|0.0.0.0:33769] returns group-EF1EF37F607A:java.util.concurrent.CompletableFuture@37cced4b[Not completed]
2023-12-13 16:20:59,781 [s7-groupManagement] INFO  server.RaftServer$Division (RaftServerImpl.java:<init>(256)) - s7: new RaftServerImpl for group-EF1EF37F607A:[s5|0.0.0.0:39205, s6|0.0.0.0:33523, s7|0.0.0.0:33769] with BaseStateMachine:uninitialized
2023-12-13 16:20:59,781 [s7-groupManagement] INFO  server.RaftServerConfigKeys (ConfUtils.java:logGet(46)) - raft.server.rpc.timeout.min = 1500ms (custom)
2023-12-13 16:20:59,781 [s7-groupManagement] INFO  server.RaftServerConfigKeys (ConfUtils.java:logGet(46)) - raft.server.rpc.timeout.max = 2000ms (custom)
2023-12-13 16:20:59,781 [s7-groupManagement] INFO  server.RaftServerConfigKeys (ConfUtils.java:logGet(46)) - raft.server.rpc.sleep.time = 25ms (default)
2023-12-13 16:20:59,781 [s7-groupManagement] INFO  server.RaftServerConfigKeys (ConfUtils.java:logGet(46)) - raft.server.rpc.slowness.timeout = 60s (default)
2023-12-13 16:20:59,781 [s7-groupManagement] INFO  server.RaftServerConfigKeys (ConfUtils.java:logGet(46)) - raft.server.leaderelection.leader.step-down.wait-time = 10s (default)
2023-12-13 16:20:59,781 [s7-groupManagement] INFO  server.RaftServerConfigKeys (ConfUtils.java:logGet(46)) - raft.server.leaderelection.member.majority-add = false (default)
2023-12-13 16:20:59,781 [s7-groupManagement] INFO  server.RaftServerConfigKeys (ConfUtils.java:logGet(46)) - raft.server.sleep.deviation.threshold = 300ms (default)
2023-12-13 16:20:59,782 [s7-groupManagement] INFO  server.RaftServer$Division (ServerState.java:<init>(113)) - s7@group-EF1EF37F607A: ConfigurationManager, init=-1: peers:[s5|0.0.0.0:39205, s6|0.0.0.0:33523, s7|0.0.0.0:33769]|listeners:[], old=null, confs=<EMPTY_MAP>
2023-12-13 16:20:59,782 [s7-groupManagement] INFO  server.RaftServerConfigKeys (ConfUtils.java:logGet(46)) - raft.server.notification.no-leader.timeout = 60s (default)
2023-12-13 16:20:59,782 [s7-groupManagement] INFO  server.RaftServerConfigKeys (ConfUtils.java:logGet(46)) - raft.server.read.timeout = 10s (default)
2023-12-13 16:20:59,782 [s7-groupManagement] INFO  server.RaftServerConfigKeys (ConfUtils.java:logGet(46)) - raft.server.retrycache.expirytime = 60s (default)
2023-12-13 16:20:59,782 [s7-groupManagement] INFO  server.RaftServerConfigKeys (ConfUtils.java:logGet(46)) - raft.server.retrycache.statistics.expirytime = 100ms (default)
2023-12-13 16:20:59,782 [s7-groupManagement] INFO  server.RaftServerConfigKeys (ConfUtils.java:logGet(46)) - raft.server.read.option = DEFAULT (default)
2023-12-13 16:20:59,782 [s7-groupManagement] INFO  server.RaftServerConfigKeys (ConfUtils.java:logGet(46)) - raft.server.read.read-after-write-consistent.write-index-cache.expiry-time = 60s (default)
2023-12-13 16:20:59,782 [s7-groupManagement] INFO  server.RaftServerConfigKeys (ConfUtils.java:logGet(46)) - raft.server.rpc.request.timeout = 3000ms (default)
2023-12-13 16:20:59,782 [s7-groupManagement] INFO  server.RaftServerConfigKeys (ConfUtils.java:logGet(46)) - raft.server.log.appender.install.snapshot.enabled = true (default)
2023-12-13 16:20:59,782 [s7-groupManagement] INFO  server.RaftServerConfigKeys (ConfUtils.java:logGet(46)) - raft.server.threadpool.server.cached = true (default)
2023-12-13 16:20:59,782 [s7-groupManagement] INFO  server.RaftServerConfigKeys (ConfUtils.java:logGet(46)) - raft.server.threadpool.server.size = 0 (default)
2023-12-13 16:20:59,782 [s7-groupManagement] INFO  server.RaftServerConfigKeys (ConfUtils.java:logGet(46)) - raft.server.threadpool.client.cached = true (default)
2023-12-13 16:20:59,782 [s7-groupManagement] INFO  server.RaftServerConfigKeys (ConfUtils.java:logGet(46)) - raft.server.threadpool.client.size = 0 (default)
2023-12-13 16:20:59,782 [s7-groupManagement] DEBUG server.RaftServer (RaftServerProxy.java:lambda$groupAddAsync$13(507)) - s7: newImpl =      null s7@group-EF1EF37F607A:t0, leader=null, voted=null, raftlog=UNINITIALIZED, conf=-1: peers:[s5|0.0.0.0:39205, s6|0.0.0.0:33523, s7|0.0.0.0:33769]|listeners:[], old=null NEW
2023-12-13 16:20:59,782 [s7-groupManagement] INFO  server.RaftServerConfigKeys (ConfUtils.java:logGet(46)) - raft.server.storage.free-space.min = 0MB (=0) (default)
2023-12-13 16:20:59,782 [s7-groupManagement] INFO  server.RaftServerConfigKeys (ConfUtils.java:logGet(46)) - raft.server.log.corruption.policy = EXCEPTION (default)
2023-12-13 16:20:59,782 [s7-groupManagement] INFO  server.RaftServerConfigKeys (ConfUtils.java:logGet(46)) - raft.server.storage.dir = [/home/runner/work/ratis/ratis/ratis-test/target/test/data/1e4ee837/MiniRaftClusterWithGrpc24096a27/s7] (custom)
2023-12-13 16:20:59,783 [s7-groupManagement] INFO  storage.RaftStorageDirectory (RaftStorageDirectoryImpl.java:analyzeStorage(138)) - The storage directory /home/runner/work/ratis/ratis/ratis-test/target/test/data/1e4ee837/MiniRaftClusterWithGrpc24096a27/s7/50eb88a3-9590-4067-a73d-ef1ef37f607a does not exist. Creating ...
2023-12-13 16:20:59,783 [s7-groupManagement] TRACE util.FileUtils (LogUtils.java:runAndLog(49)) - Successfully ran Files.createDirectories /home/runner/work/ratis/ratis/ratis-test/target/test/data/1e4ee837/MiniRaftClusterWithGrpc24096a27/s7/50eb88a3-9590-4067-a73d-ef1ef37f607a
2023-12-13 16:20:59,783 [s7-groupManagement] INFO  storage.RaftStorageDirectory (RaftStorageDirectoryImpl.java:tryLock(228)) - Lock on /home/runner/work/ratis/ratis/ratis-test/target/test/data/1e4ee837/MiniRaftClusterWithGrpc24096a27/s7/50eb88a3-9590-4067-a73d-ef1ef37f607a/in_use.lock acquired by nodename 10819@fv-az890-872
2023-12-13 16:20:59,784 [s7-groupManagement] TRACE util.FileUtils (LogUtils.java:runAndLog(49)) - Successfully ran Files.createDirectories /home/runner/work/ratis/ratis/ratis-test/target/test/data/1e4ee837/MiniRaftClusterWithGrpc24096a27/s7/50eb88a3-9590-4067-a73d-ef1ef37f607a/current
2023-12-13 16:20:59,784 [s7-groupManagement] TRACE util.FileUtils (LogUtils.java:runAndLog(49)) - Successfully ran Files.createDirectories /home/runner/work/ratis/ratis/ratis-test/target/test/data/1e4ee837/MiniRaftClusterWithGrpc24096a27/s7/50eb88a3-9590-4067-a73d-ef1ef37f607a/sm
2023-12-13 16:20:59,784 [s7-groupManagement] TRACE util.FileUtils (LogUtils.java:supplyAndLog(69)) - Successfully supplied FileChannel.open /home/runner/work/ratis/ratis/ratis-test/target/test/data/1e4ee837/MiniRaftClusterWithGrpc24096a27/s7/50eb88a3-9590-4067-a73d-ef1ef37f607a/current/raft-meta.tmp with options [CREATE, WRITE]: sun.nio.ch.FileChannelImpl@33f9a696
2023-12-13 16:20:59,785 [s7-groupManagement] TRACE util.FileUtils (LogUtils.java:runAndLog(49)) - Successfully ran Atomic Files.move /home/runner/work/ratis/ratis/ratis-test/target/test/data/1e4ee837/MiniRaftClusterWithGrpc24096a27/s7/50eb88a3-9590-4067-a73d-ef1ef37f607a/current/raft-meta.tmp to /home/runner/work/ratis/ratis/ratis-test/target/test/data/1e4ee837/MiniRaftClusterWithGrpc24096a27/s7/50eb88a3-9590-4067-a73d-ef1ef37f607a/current/raft-meta with options [REPLACE_EXISTING]
2023-12-13 16:20:59,785 [s7-groupManagement] INFO  storage.RaftStorage (RaftStorageImpl.java:format(99)) - Storage directory /home/runner/work/ratis/ratis/ratis-test/target/test/data/1e4ee837/MiniRaftClusterWithGrpc24096a27/s7/50eb88a3-9590-4067-a73d-ef1ef37f607a has been successfully formatted.
2023-12-13 16:20:59,785 [s7-groupManagement] TRACE util.FileUtils (LogUtils.java:supplyAndLog(61)) - Failed to Files.newInputStream /home/runner/work/ratis/ratis/ratis-test/target/test/data/1e4ee837/MiniRaftClusterWithGrpc24096a27/s7/50eb88a3-9590-4067-a73d-ef1ef37f607a/current/raft-meta.conf with options []
java.nio.file.NoSuchFileException: /home/runner/work/ratis/ratis/ratis-test/target/test/data/1e4ee837/MiniRaftClusterWithGrpc24096a27/s7/50eb88a3-9590-4067-a73d-ef1ef37f607a/current/raft-meta.conf
	at java.base/sun.nio.fs.UnixException.translateToIOException(UnixException.java:92)
	at java.base/sun.nio.fs.UnixException.rethrowAsIOException(UnixException.java:111)
	at java.base/sun.nio.fs.UnixException.rethrowAsIOException(UnixException.java:116)
	at java.base/sun.nio.fs.UnixFileSystemProvider.newByteChannel(UnixFileSystemProvider.java:219)
	at java.base/java.nio.file.Files.newByteChannel(Files.java:371)
	at java.base/java.nio.file.Files.newByteChannel(Files.java:422)
	at java.base/java.nio.file.spi.FileSystemProvider.newInputStream(FileSystemProvider.java:420)
	at java.base/java.nio.file.Files.newInputStream(Files.java:156)
	at org.apache.ratis.util.FileUtils.lambda$newInputStream$2(FileUtils.java:73)
	at org.apache.ratis.util.LogUtils.supplyAndLog(LogUtils.java:58)
	at org.apache.ratis.util.FileUtils.newInputStream(FileUtils.java:72)
	at org.apache.ratis.util.FileUtils.newInputStream(FileUtils.java:68)
	at org.apache.ratis.server.storage.RaftStorageImpl.readRaftConfiguration(RaftStorageImpl.java:156)
	at org.apache.ratis.server.impl.ServerState.initialize(ServerState.java:141)
	at org.apache.ratis.server.impl.RaftServerImpl.start(RaftServerImpl.java:388)
	at org.apache.ratis.server.impl.RaftServerProxy.lambda$groupAddAsync$13(RaftServerProxy.java:509)
	at java.base/java.util.concurrent.CompletableFuture$UniApply.tryFire(CompletableFuture.java:642)
	at java.base/java.util.concurrent.CompletableFuture$Completion.run(CompletableFuture.java:478)
	at java.base/java.util.concurrent.ThreadPoolExecutor.runWorker(ThreadPoolExecutor.java:1128)
	at java.base/java.util.concurrent.ThreadPoolExecutor$Worker.run(ThreadPoolExecutor.java:628)
	at java.base/java.lang.Thread.run(Thread.java:829)
2023-12-13 16:20:59,786 [s7-groupManagement] INFO  server.RaftServerConfigKeys (ConfUtils.java:logGet(46)) - raft.server.log.use.memory = false (default)
2023-12-13 16:20:59,786 [s7-groupManagement] INFO  server.RaftServerConfigKeys (ConfUtils.java:logGet(46)) - raft.server.log.purge.gap = 1024 (default)
2023-12-13 16:20:59,786 [s7-groupManagement] INFO  server.RaftServerConfigKeys (ConfUtils.java:logGet(46)) - raft.server.log.appender.buffer.byte-limit = 4MB (=4194304) (default)
2023-12-13 16:20:59,786 [s7-groupManagement] INFO  server.RaftServerConfigKeys (ConfUtils.java:logGet(46)) - raft.server.log.statemachine.data.read.timeout = 1000ms (default)
2023-12-13 16:20:59,786 [s7-groupManagement] INFO  server.RaftServerConfigKeys (ConfUtils.java:logGet(46)) - raft.server.log.purge.preservation.log.num = 0 (default)
2023-12-13 16:20:59,786 [s7-groupManagement] INFO  server.RaftServerConfigKeys (ConfUtils.java:logGet(46)) - raft.server.log.segment.size.max = 32MB (=33554432) (default)
2023-12-13 16:20:59,786 [s7-groupManagement] INFO  server.RaftServerConfigKeys (ConfUtils.java:logGet(46)) - raft.server.log.segment.cache.num.max = 6 (default)
2023-12-13 16:20:59,786 [s7-groupManagement] INFO  server.RaftServerConfigKeys (ConfUtils.java:logGet(46)) - raft.server.log.segment.cache.size.max = 200MB (=209715200) (default)
2023-12-13 16:20:59,786 [s7-groupManagement] INFO  server.RaftServerConfigKeys (ConfUtils.java:logGet(46)) - raft.server.log.appender.buffer.byte-limit = 4MB (=4194304) (default)
2023-12-13 16:20:59,786 [s7-groupManagement] INFO  util.AwaitToRun (AwaitToRun.java:start(81)) - Thread[s7@group-EF1EF37F607A-cacheEviction-AwaitToRun,5,main] started
2023-12-13 16:20:59,786 [s7-groupManagement] INFO  segmented.SegmentedRaftLogWorker (SegmentedRaftLogWorker.java:<init>(182)) - new s7@group-EF1EF37F607A-SegmentedRaftLogWorker for RaftStorageImpl:Storage Directory /home/runner/work/ratis/ratis/ratis-test/target/test/data/1e4ee837/MiniRaftClusterWithGrpc24096a27/s7/50eb88a3-9590-4067-a73d-ef1ef37f607a
2023-12-13 16:20:59,786 [s7-groupManagement] INFO  server.RaftServerConfigKeys (ConfUtils.java:logGet(46)) - raft.server.log.queue.byte-limit = 64MB (=67108864) (default)
2023-12-13 16:20:59,786 [s7-groupManagement] INFO  server.RaftServerConfigKeys (ConfUtils.java:logGet(46)) - raft.server.log.queue.element-limit = 4096 (default)
2023-12-13 16:20:59,786 [s7-groupManagement] INFO  server.RaftServerConfigKeys (ConfUtils.java:logGet(46)) - raft.server.log.segment.size.max = 32MB (=33554432) (default)
2023-12-13 16:20:59,786 [s7-groupManagement] INFO  server.RaftServerConfigKeys (ConfUtils.java:logGet(46)) - raft.server.log.preallocated.size = 4MB (=4194304) (default)
2023-12-13 16:20:59,786 [s7-groupManagement] INFO  server.RaftServerConfigKeys (ConfUtils.java:logGet(46)) - raft.server.log.force.sync.num = 128 (default)
2023-12-13 16:20:59,786 [s7-groupManagement] INFO  server.RaftServerConfigKeys (ConfUtils.java:logGet(46)) - raft.server.log.statemachine.data.sync = true (default)
2023-12-13 16:20:59,786 [s7-groupManagement] INFO  server.RaftServerConfigKeys (ConfUtils.java:logGet(46)) - raft.server.log.statemachine.data.sync.timeout = 10s (default)
2023-12-13 16:20:59,786 [s7-groupManagement] INFO  server.RaftServerConfigKeys (ConfUtils.java:logGet(46)) - raft.server.log.statemachine.data.sync.timeout.retry = -1 (default)
2023-12-13 16:20:59,786 [s7-groupManagement] INFO  server.RaftServerConfigKeys (ConfUtils.java:logGet(46)) - raft.server.log.write.buffer.size = 8MB (=8388608) (default)
2023-12-13 16:20:59,788 [s7-groupManagement] INFO  server.RaftServerConfigKeys (ConfUtils.java:logGet(46)) - raft.server.log.appender.buffer.byte-limit = 4MB (=4194304) (default)
2023-12-13 16:20:59,788 [s7-groupManagement] INFO  server.RaftServerConfigKeys (ConfUtils.java:logGet(46)) - raft.server.log.unsafe-flush.enabled = false (default)
2023-12-13 16:20:59,788 [s7-groupManagement] INFO  server.RaftServerConfigKeys (ConfUtils.java:logGet(46)) - raft.server.log.async-flush.enabled = false (default)
2023-12-13 16:20:59,788 [s7-groupManagement] INFO  server.RaftServerConfigKeys (ConfUtils.java:logGet(46)) - raft.server.log.statemachine.data.caching.enabled = false (default)
2023-12-13 16:20:59,788 [s7-groupManagement] INFO  segmented.SegmentedRaftLogWorker (SegmentedRaftLogWorker.java:lambda$new$0(134)) - s7@group-EF1EF37F607A-SegmentedRaftLogWorker: flushIndex: setUnconditionally 0 -> -1
2023-12-13 16:20:59,788 [s7-groupManagement] INFO  segmented.SegmentedRaftLogWorker (SegmentedRaftLogWorker.java:lambda$new$0(134)) - s7@group-EF1EF37F607A-SegmentedRaftLogWorker: safeCacheEvictIndex: setUnconditionally 0 -> -1
2023-12-13 16:20:59,788 [s7-groupManagement] INFO  server.RaftServer$Division (RaftServerImpl.java:start(392)) - s7@group-EF1EF37F607A: start as a follower, conf=-1: peers:[s5|0.0.0.0:39205, s6|0.0.0.0:33523, s7|0.0.0.0:33769]|listeners:[], old=null
2023-12-13 16:20:59,788 [s7-groupManagement] INFO  server.RaftServer$Division (RaftServerImpl.java:setRole(379)) - s7@group-EF1EF37F607A: changes role from      null to FOLLOWER at term 0 for startAsFollower
2023-12-13 16:20:59,788 [s7-groupManagement] INFO  impl.RoleInfo (RoleInfo.java:updateAndGet(139)) - s7: start s7@group-EF1EF37F607A-FollowerState
2023-12-13 16:20:59,788 [s7@group-EF1EF37F607A-FollowerState] INFO  server.RaftServerConfigKeys (ConfUtils.java:logFallback(53)) - raft.server.rpc.first-election.timeout.min = 1500ms (fallback to raft.server.rpc.timeout.min)
2023-12-13 16:20:59,788 [s7-groupManagement] INFO  util.JmxRegister (JmxRegister.java:tryRegister(44)) - Successfully registered JMX Bean with object name Ratis:service=RaftServer,group=group-EF1EF37F607A,id=s7
2023-12-13 16:20:59,788 [s7@group-EF1EF37F607A-FollowerState] INFO  server.RaftServerConfigKeys (ConfUtils.java:logFallback(53)) - raft.server.rpc.first-election.timeout.max = 2000ms (fallback to raft.server.rpc.timeout.max)
2023-12-13 16:20:59,789 [s7-groupManagement] INFO  server.RaftServerConfigKeys (ConfUtils.java:logGet(46)) - raft.server.snapshot.trigger-when-stop.enabled = true (default)
2023-12-13 16:20:59,789 [s7-groupManagement] INFO  server.RaftServerConfigKeys (ConfUtils.java:logGet(46)) - raft.server.snapshot.auto.trigger.enabled = false (default)
2023-12-13 16:20:59,789 [s7-groupManagement] INFO  server.RaftServerConfigKeys (ConfUtils.java:logGet(46)) - raft.server.snapshot.retention.file.num = -1 (default)
2023-12-13 16:20:59,789 [s7-groupManagement] INFO  server.RaftServerConfigKeys (ConfUtils.java:logGet(46)) - raft.server.log.purge.upto.snapshot.index = false (default)
2023-12-13 16:20:59,791 [Time-limited test] INFO  server.RaftServerConfigKeys (ConfUtils.java:logGet(46)) - raft.server.rpc.timeout.max = 2000ms (custom)
2023-12-13 16:20:59,792 [Time-limited test] INFO  ratis.RaftTestUtil (RaftTestUtil.java:waitForLeader(100)) - printing group-EF1EF37F607A
  s5:  RUNNING [
   FOLLOWER s5@group-215AF6FE8C9E:t0, leader=null, voted=, raftlog=Memoized:s5@group-215AF6FE8C9E-SegmentedRaftLog:OPENED:c-1, conf=-1: peers:[]|listeners:[], old=null STARTING
   FOLLOWER s5@group-EF1EF37F607A:t0, leader=null, voted=, raftlog=Memoized:s5@group-EF1EF37F607A-SegmentedRaftLog:OPENED:c-1, conf=-1: peers:[s5|0.0.0.0:39205, s6|0.0.0.0:33523, s7|0.0.0.0:33769]|listeners:[], old=null RUNNING] size=2
  s6:  RUNNING [
   FOLLOWER s6@group-215AF6FE8C9E:t0, leader=null, voted=, raftlog=Memoized:s6@group-215AF6FE8C9E-SegmentedRaftLog:OPENED:c-1, conf=-1: peers:[]|listeners:[], old=null STARTING
   FOLLOWER s6@group-EF1EF37F607A:t0, leader=null, voted=, raftlog=Memoized:s6@group-EF1EF37F607A-SegmentedRaftLog:OPENED:c-1, conf=-1: peers:[s5|0.0.0.0:39205, s6|0.0.0.0:33523, s7|0.0.0.0:33769]|listeners:[], old=null RUNNING] size=2
  s7:  RUNNING [
   FOLLOWER s7@group-215AF6FE8C9E:t0, leader=null, voted=, raftlog=Memoized:s7@group-215AF6FE8C9E-SegmentedRaftLog:OPENED:c-1, conf=-1: peers:[]|listeners:[], old=null STARTING
   FOLLOWER s7@group-EF1EF37F607A:t0, leader=null, voted=, raftlog=Memoized:s7@group-EF1EF37F607A-SegmentedRaftLog:OPENED:c-1, conf=-1: peers:[s5|0.0.0.0:39205, s6|0.0.0.0:33523, s7|0.0.0.0:33769]|listeners:[], old=null RUNNING] size=2
2023-12-13 16:20:59,792 [Time-limited test] WARN  ratis.RaftTestUtil (RaftTestUtil.java:lambda$waitForLeader$3(119)) - Attempt #1 failed: java.lang.IllegalStateException: No leader yet  for group-EF1EF37F607A: printing group-EF1EF37F607A
  s5:  RUNNING [
   FOLLOWER s5@group-215AF6FE8C9E:t0, leader=null, voted=, raftlog=Memoized:s5@group-215AF6FE8C9E-SegmentedRaftLog:OPENED:c-1, conf=-1: peers:[]|listeners:[], old=null STARTING
   FOLLOWER s5@group-EF1EF37F607A:t0, leader=null, voted=, raftlog=Memoized:s5@group-EF1EF37F607A-SegmentedRaftLog:OPENED:c-1, conf=-1: peers:[s5|0.0.0.0:39205, s6|0.0.0.0:33523, s7|0.0.0.0:33769]|listeners:[], old=null RUNNING] size=2
  s6:  RUNNING [
   FOLLOWER s6@group-215AF6FE8C9E:t0, leader=null, voted=, raftlog=Memoized:s6@group-215AF6FE8C9E-SegmentedRaftLog:OPENED:c-1, conf=-1: peers:[]|listeners:[], old=null STARTING
   FOLLOWER s6@group-EF1EF37F607A:t0, leader=null, voted=, raftlog=Memoized:s6@group-EF1EF37F607A-SegmentedRaftLog:OPENED:c-1, conf=-1: peers:[s5|0.0.0.0:39205, s6|0.0.0.0:33523, s7|0.0.0.0:33769]|listeners:[], old=null RUNNING] size=2
  s7:  RUNNING [
   FOLLOWER s7@group-215AF6FE8C9E:t0, leader=null, voted=, raftlog=Memoized:s7@group-215AF6FE8C9E-SegmentedRaftLog:OPENED:c-1, conf=-1: peers:[]|listeners:[], old=null STARTING
   FOLLOWER s7@group-EF1EF37F607A:t0, leader=null, voted=, raftlog=Memoized:s7@group-EF1EF37F607A-SegmentedRaftLog:OPENED:c-1, conf=-1: peers:[s5|0.0.0.0:39205, s6|0.0.0.0:33523, s7|0.0.0.0:33769]|listeners:[], old=null RUNNING] size=2
2023-12-13 16:21:01,476 [s5@group-EF1EF37F607A-FollowerState] INFO  impl.FollowerState (FollowerState.java:run(143)) - s5@group-EF1EF37F607A-FollowerState: change to CANDIDATE, lastRpcElapsedTime:1713364769ns, electionTimeout:1713ms
2023-12-13 16:21:01,476 [s5@group-EF1EF37F607A-FollowerState] INFO  impl.RoleInfo (RoleInfo.java:shutdownFollowerState(110)) - s5: shutdown s5@group-EF1EF37F607A-FollowerState
2023-12-13 16:21:01,476 [s5@group-EF1EF37F607A-FollowerState] INFO  server.RaftServer$Division (RaftServerImpl.java:setRole(379)) - s5@group-EF1EF37F607A: changes role from  FOLLOWER to CANDIDATE at term 0 for changeToCandidate
2023-12-13 16:21:01,476 [s5@group-EF1EF37F607A-FollowerState] INFO  server.RaftServerConfigKeys (ConfUtils.java:logGet(46)) - raft.server.leaderelection.pre-vote = true (default)
2023-12-13 16:21:01,476 [s5@group-EF1EF37F607A-FollowerState] INFO  impl.RoleInfo (RoleInfo.java:updateAndGet(139)) - s5: start s5@group-EF1EF37F607A-LeaderElection8
2023-12-13 16:21:01,477 [s5@group-EF1EF37F607A-LeaderElection8] INFO  impl.LeaderElection (LeaderElection.java:askForVotes(321)) - s5@group-EF1EF37F607A-LeaderElection8 PRE_VOTE round 0: submit vote requests at term 0 for -1: peers:[s5|0.0.0.0:39205, s6|0.0.0.0:33523, s7|0.0.0.0:33769]|listeners:[], old=null
2023-12-13 16:21:01,477 [s5@group-EF1EF37F607A-LeaderElection8-1] INFO  server.GrpcServerProtocolClient (GrpcServerProtocolClient.java:<init>(65)) - Build channel for s6
2023-12-13 16:21:01,477 [s5@group-EF1EF37F607A-LeaderElection8] INFO  server.RaftServerConfigKeys (ConfUtils.java:logFallback(53)) - raft.server.rpc.first-election.timeout.min = 1500ms (fallback to raft.server.rpc.timeout.min)
2023-12-13 16:21:01,477 [s5@group-EF1EF37F607A-LeaderElection8-2] INFO  server.GrpcServerProtocolClient (GrpcServerProtocolClient.java:<init>(65)) - Build channel for s7
2023-12-13 16:21:01,477 [s5@group-EF1EF37F607A-LeaderElection8] INFO  server.RaftServerConfigKeys (ConfUtils.java:logFallback(53)) - raft.server.rpc.first-election.timeout.max = 2000ms (fallback to raft.server.rpc.timeout.max)
2023-12-13 16:21:01,482 [grpc-default-executor-4] INFO  server.RaftServer$Division (RaftServerImpl.java:requestVote(1377)) - s6@group-EF1EF37F607A: receive requestVote(PRE_VOTE, s5, group-EF1EF37F607A, 0, (t:0, i:0))
2023-12-13 16:21:01,482 [grpc-default-executor-4] INFO  impl.VoteContext (VoteContext.java:log(49)) - s6@group-EF1EF37F607A-FOLLOWER: accept PRE_VOTE from s5: our priority 0 <= candidate's priority 0
2023-12-13 16:21:01,482 [grpc-default-executor-4] INFO  server.RaftServer$Division (RaftServerImpl.java:requestVote(1410)) - s6@group-EF1EF37F607A replies to PRE_VOTE vote request: s5<-s6#0:OK-t0. Peer's state: s6@group-EF1EF37F607A:t0, leader=null, voted=, raftlog=Memoized:s6@group-EF1EF37F607A-SegmentedRaftLog:OPENED:c-1, conf=-1: peers:[s5|0.0.0.0:39205, s6|0.0.0.0:33523, s7|0.0.0.0:33769]|listeners:[], old=null
2023-12-13 16:21:01,483 [grpc-default-executor-4] INFO  server.RaftServer$Division (RaftServerImpl.java:requestVote(1377)) - s7@group-EF1EF37F607A: receive requestVote(PRE_VOTE, s5, group-EF1EF37F607A, 0, (t:0, i:0))
2023-12-13 16:21:01,483 [grpc-default-executor-4] INFO  impl.VoteContext (VoteContext.java:log(49)) - s7@group-EF1EF37F607A-FOLLOWER: accept PRE_VOTE from s5: our priority 0 <= candidate's priority 0
2023-12-13 16:21:01,483 [grpc-default-executor-4] INFO  server.RaftServer$Division (RaftServerImpl.java:requestVote(1410)) - s7@group-EF1EF37F607A replies to PRE_VOTE vote request: s5<-s7#0:OK-t0. Peer's state: s7@group-EF1EF37F607A:t0, leader=null, voted=, raftlog=Memoized:s7@group-EF1EF37F607A-SegmentedRaftLog:OPENED:c-1, conf=-1: peers:[s5|0.0.0.0:39205, s6|0.0.0.0:33523, s7|0.0.0.0:33769]|listeners:[], old=null
2023-12-13 16:21:01,483 [s5@group-EF1EF37F607A-LeaderElection8] INFO  impl.LeaderElection (LeaderElection.java:logAndReturn(89)) - s5@group-EF1EF37F607A-LeaderElection8: PRE_VOTE PASSED received 1 response(s) and 0 exception(s):
2023-12-13 16:21:01,484 [s5@group-EF1EF37F607A-LeaderElection8] INFO  impl.LeaderElection (LeaderElection.java:logAndReturn(93)) -   Response 0: s5<-s6#0:OK-t0
2023-12-13 16:21:01,484 [s5@group-EF1EF37F607A-LeaderElection8] INFO  impl.LeaderElection (LeaderElection.java:askForVotes(323)) - s5@group-EF1EF37F607A-LeaderElection8 PRE_VOTE round 0: result PASSED
2023-12-13 16:21:01,485 [s5@group-EF1EF37F607A-LeaderElection8] TRACE util.FileUtils (LogUtils.java:supplyAndLog(69)) - Successfully supplied FileChannel.open /home/runner/work/ratis/ratis/ratis-test/target/test/data/1e4ee837/MiniRaftClusterWithGrpc24096a27/s5/50eb88a3-9590-4067-a73d-ef1ef37f607a/current/raft-meta.tmp with options [CREATE, WRITE]: sun.nio.ch.FileChannelImpl@4d2303af
2023-12-13 16:21:01,486 [s5@group-EF1EF37F607A-LeaderElection8] TRACE util.FileUtils (LogUtils.java:runAndLog(49)) - Successfully ran Atomic Files.move /home/runner/work/ratis/ratis/ratis-test/target/test/data/1e4ee837/MiniRaftClusterWithGrpc24096a27/s5/50eb88a3-9590-4067-a73d-ef1ef37f607a/current/raft-meta.tmp to /home/runner/work/ratis/ratis/ratis-test/target/test/data/1e4ee837/MiniRaftClusterWithGrpc24096a27/s5/50eb88a3-9590-4067-a73d-ef1ef37f607a/current/raft-meta with options [REPLACE_EXISTING]
2023-12-13 16:21:01,486 [s5@group-EF1EF37F607A-LeaderElection8] INFO  impl.LeaderElection (LeaderElection.java:askForVotes(321)) - s5@group-EF1EF37F607A-LeaderElection8 ELECTION round 0: submit vote requests at term 1 for -1: peers:[s5|0.0.0.0:39205, s6|0.0.0.0:33523, s7|0.0.0.0:33769]|listeners:[], old=null
2023-12-13 16:21:01,486 [s5@group-EF1EF37F607A-LeaderElection8] INFO  server.RaftServerConfigKeys (ConfUtils.java:logFallback(53)) - raft.server.rpc.first-election.timeout.min = 1500ms (fallback to raft.server.rpc.timeout.min)
2023-12-13 16:21:01,487 [s5@group-EF1EF37F607A-LeaderElection8] INFO  server.RaftServerConfigKeys (ConfUtils.java:logFallback(53)) - raft.server.rpc.first-election.timeout.max = 2000ms (fallback to raft.server.rpc.timeout.max)
2023-12-13 16:21:01,487 [grpc-default-executor-4] INFO  server.RaftServer$Division (RaftServerImpl.java:requestVote(1377)) - s7@group-EF1EF37F607A: receive requestVote(ELECTION, s5, group-EF1EF37F607A, 1, (t:0, i:0))
2023-12-13 16:21:01,487 [grpc-default-executor-6] INFO  server.RaftServer$Division (RaftServerImpl.java:requestVote(1377)) - s6@group-EF1EF37F607A: receive requestVote(ELECTION, s5, group-EF1EF37F607A, 1, (t:0, i:0))
2023-12-13 16:21:01,487 [grpc-default-executor-4] INFO  impl.VoteContext (VoteContext.java:log(49)) - s7@group-EF1EF37F607A-FOLLOWER: accept ELECTION from s5: our priority 0 <= candidate's priority 0
2023-12-13 16:21:01,488 [grpc-default-executor-6] INFO  impl.VoteContext (VoteContext.java:log(49)) - s6@group-EF1EF37F607A-FOLLOWER: accept ELECTION from s5: our priority 0 <= candidate's priority 0
2023-12-13 16:21:01,488 [grpc-default-executor-4] INFO  server.RaftServer$Division (RaftServerImpl.java:setRole(379)) - s7@group-EF1EF37F607A: changes role from  FOLLOWER to FOLLOWER at term 1 for candidate:s5
2023-12-13 16:21:01,488 [grpc-default-executor-6] INFO  server.RaftServer$Division (RaftServerImpl.java:setRole(379)) - s6@group-EF1EF37F607A: changes role from  FOLLOWER to FOLLOWER at term 1 for candidate:s5
2023-12-13 16:21:01,488 [grpc-default-executor-4] INFO  impl.RoleInfo (RoleInfo.java:shutdownFollowerState(110)) - s7: shutdown s7@group-EF1EF37F607A-FollowerState
2023-12-13 16:21:01,488 [grpc-default-executor-6] INFO  impl.RoleInfo (RoleInfo.java:shutdownFollowerState(110)) - s6: shutdown s6@group-EF1EF37F607A-FollowerState
2023-12-13 16:21:01,488 [grpc-default-executor-4] INFO  impl.RoleInfo (RoleInfo.java:updateAndGet(139)) - s7: start s7@group-EF1EF37F607A-FollowerState
2023-12-13 16:21:01,489 [grpc-default-executor-6] INFO  impl.RoleInfo (RoleInfo.java:updateAndGet(139)) - s6: start s6@group-EF1EF37F607A-FollowerState
2023-12-13 16:21:01,489 [s6@group-EF1EF37F607A-FollowerState] INFO  impl.FollowerState (FollowerState.java:run(152)) - s6@group-EF1EF37F607A-FollowerState was interrupted
2023-12-13 16:21:01,489 [grpc-default-executor-4] INFO  server.RaftServer$Division (RaftServerImpl.java:setFirstElection(564)) - s7@group-EF1EF37F607A: set firstElectionSinceStartup to false for candidate:s5
2023-12-13 16:21:01,489 [s7@group-EF1EF37F607A-FollowerState] INFO  impl.FollowerState (FollowerState.java:run(152)) - s7@group-EF1EF37F607A-FollowerState was interrupted
2023-12-13 16:21:01,489 [grpc-default-executor-4] TRACE util.FileUtils (LogUtils.java:supplyAndLog(69)) - Successfully supplied FileChannel.open /home/runner/work/ratis/ratis/ratis-test/target/test/data/1e4ee837/MiniRaftClusterWithGrpc24096a27/s7/50eb88a3-9590-4067-a73d-ef1ef37f607a/current/raft-meta.tmp with options [CREATE, WRITE]: sun.nio.ch.FileChannelImpl@6e75db1d
2023-12-13 16:21:01,489 [grpc-default-executor-6] INFO  server.RaftServer$Division (RaftServerImpl.java:setFirstElection(564)) - s6@group-EF1EF37F607A: set firstElectionSinceStartup to false for candidate:s5
2023-12-13 16:21:01,489 [grpc-default-executor-6] TRACE util.FileUtils (LogUtils.java:supplyAndLog(69)) - Successfully supplied FileChannel.open /home/runner/work/ratis/ratis/ratis-test/target/test/data/1e4ee837/MiniRaftClusterWithGrpc24096a27/s6/50eb88a3-9590-4067-a73d-ef1ef37f607a/current/raft-meta.tmp with options [CREATE, WRITE]: sun.nio.ch.FileChannelImpl@51afb4de
2023-12-13 16:21:01,492 [grpc-default-executor-4] TRACE util.FileUtils (LogUtils.java:runAndLog(49)) - Successfully ran Atomic Files.move /home/runner/work/ratis/ratis/ratis-test/target/test/data/1e4ee837/MiniRaftClusterWithGrpc24096a27/s7/50eb88a3-9590-4067-a73d-ef1ef37f607a/current/raft-meta.tmp to /home/runner/work/ratis/ratis/ratis-test/target/test/data/1e4ee837/MiniRaftClusterWithGrpc24096a27/s7/50eb88a3-9590-4067-a73d-ef1ef37f607a/current/raft-meta with options [REPLACE_EXISTING]
2023-12-13 16:21:01,492 [grpc-default-executor-4] INFO  server.RaftServer$Division (RaftServerImpl.java:requestVote(1410)) - s7@group-EF1EF37F607A replies to ELECTION vote request: s5<-s7#0:OK-t1. Peer's state: s7@group-EF1EF37F607A:t1, leader=null, voted=s5, raftlog=Memoized:s7@group-EF1EF37F607A-SegmentedRaftLog:OPENED:c-1, conf=-1: peers:[s5|0.0.0.0:39205, s6|0.0.0.0:33523, s7|0.0.0.0:33769]|listeners:[], old=null
2023-12-13 16:21:01,493 [s5@group-EF1EF37F607A-LeaderElection8] INFO  impl.LeaderElection (LeaderElection.java:logAndReturn(89)) - s5@group-EF1EF37F607A-LeaderElection8: ELECTION PASSED received 1 response(s) and 0 exception(s):
2023-12-13 16:21:01,493 [s5@group-EF1EF37F607A-LeaderElection8] INFO  impl.LeaderElection (LeaderElection.java:logAndReturn(93)) -   Response 0: s5<-s7#0:OK-t1
2023-12-13 16:21:01,493 [s5@group-EF1EF37F607A-LeaderElection8] INFO  impl.LeaderElection (LeaderElection.java:askForVotes(323)) - s5@group-EF1EF37F607A-LeaderElection8 ELECTION round 0: result PASSED
2023-12-13 16:21:01,493 [s5@group-EF1EF37F607A-LeaderElection8] INFO  impl.RoleInfo (RoleInfo.java:shutdownLeaderElection(130)) - s5: shutdown s5@group-EF1EF37F607A-LeaderElection8
2023-12-13 16:21:01,493 [s5@group-EF1EF37F607A-LeaderElection8] INFO  server.RaftServer$Division (RaftServerImpl.java:setRole(379)) - s5@group-EF1EF37F607A: changes role from CANDIDATE to LEADER at term 1 for changeToLeader
2023-12-13 16:21:01,493 [s5@group-EF1EF37F607A-LeaderElection8] INFO  server.RaftServerConfigKeys (ConfUtils.java:logGet(46)) - raft.server.staging.catchup.gap = 1000 (default)
2023-12-13 16:21:01,493 [s5@group-EF1EF37F607A-LeaderElection8] INFO  server.RaftServerConfigKeys (ConfUtils.java:logGet(46)) - raft.server.write.element-limit = 4096 (default)
2023-12-13 16:21:01,493 [s5@group-EF1EF37F607A-LeaderElection8] INFO  server.RaftServerConfigKeys (ConfUtils.java:logGet(46)) - raft.server.write.byte-limit = 64MB (=67108864) (default)
2023-12-13 16:21:01,493 [s5@group-EF1EF37F607A-LeaderElection8] INFO  server.RaftServerConfigKeys (ConfUtils.java:logGet(46)) - raft.server.watch.timeout = 10s (default)
2023-12-13 16:21:01,493 [s5@group-EF1EF37F607A-LeaderElection8] INFO  server.RaftServerConfigKeys (ConfUtils.java:logGet(46)) - raft.server.watch.timeout.denomination = 1s (default)
2023-12-13 16:21:01,493 [s5@group-EF1EF37F607A-LeaderElection8] INFO  server.RaftServerConfigKeys (ConfUtils.java:logGet(46)) - raft.server.watch.element-limit = 65536 (default)
2023-12-13 16:21:01,494 [s5@group-EF1EF37F607A-LeaderElection8] INFO  server.RaftServerConfigKeys (ConfUtils.java:logGet(46)) - raft.server.read.leader.lease.enabled = false (default)
2023-12-13 16:21:01,494 [grpc-default-executor-6] TRACE util.FileUtils (LogUtils.java:runAndLog(49)) - Successfully ran Atomic Files.move /home/runner/work/ratis/ratis/ratis-test/target/test/data/1e4ee837/MiniRaftClusterWithGrpc24096a27/s6/50eb88a3-9590-4067-a73d-ef1ef37f607a/current/raft-meta.tmp to /home/runner/work/ratis/ratis/ratis-test/target/test/data/1e4ee837/MiniRaftClusterWithGrpc24096a27/s6/50eb88a3-9590-4067-a73d-ef1ef37f607a/current/raft-meta with options [REPLACE_EXISTING]
2023-12-13 16:21:01,494 [s5@group-EF1EF37F607A-LeaderElection8] INFO  server.RaftServerConfigKeys (ConfUtils.java:logGet(46)) - raft.server.read.leader.lease.timeout.ratio = 0.9 (default)
2023-12-13 16:21:01,494 [grpc-default-executor-6] INFO  server.RaftServer$Division (RaftServerImpl.java:requestVote(1410)) - s6@group-EF1EF37F607A replies to ELECTION vote request: s5<-s6#0:OK-t1. Peer's state: s6@group-EF1EF37F607A:t1, leader=null, voted=s5, raftlog=Memoized:s6@group-EF1EF37F607A-SegmentedRaftLog:OPENED:c-1, conf=-1: peers:[s5|0.0.0.0:39205, s6|0.0.0.0:33523, s7|0.0.0.0:33769]|listeners:[], old=null
2023-12-13 16:21:01,494 [s5@group-EF1EF37F607A-LeaderElection8] INFO  server.RaftServerConfigKeys (ConfUtils.java:logGet(46)) - raft.server.rpc.timeout.min = 1500ms (custom)
2023-12-13 16:21:01,494 [s5@group-EF1EF37F607A-LeaderElection8] INFO  server.RaftServerConfigKeys (ConfUtils.java:logGet(46)) - raft.server.write.element-limit = 4096 (default)
2023-12-13 16:21:01,494 [s5@group-EF1EF37F607A-LeaderElection8] INFO  server.RaftServerConfigKeys (ConfUtils.java:logGet(46)) - raft.server.write.follower.gap.ratio.max = -1.0 (default)
2023-12-13 16:21:01,494 [s5@group-EF1EF37F607A-LeaderElection8] INFO  server.RaftServerConfigKeys (ConfUtils.java:logGet(46)) - raft.server.log.appender.snapshot.chunk.size.max = 16MB (=16777216) (default)
2023-12-13 16:21:01,494 [s5@group-EF1EF37F607A-LeaderElection8] INFO  server.RaftServerConfigKeys (ConfUtils.java:logGet(46)) - raft.server.log.appender.buffer.byte-limit = 4MB (=4194304) (default)
2023-12-13 16:21:01,494 [s5@group-EF1EF37F607A-LeaderElection8] INFO  server.RaftServerConfigKeys (ConfUtils.java:logGet(46)) - raft.server.log.appender.buffer.element-limit = 0 (default)
2023-12-13 16:21:01,494 [s5@group-EF1EF37F607A-LeaderElection8] INFO  server.RaftServerConfigKeys (ConfUtils.java:logGet(46)) - raft.server.log.appender.wait-time.min = 1ms (default)
2023-12-13 16:21:01,494 [s5@group-EF1EF37F607A-LeaderElection8] INFO  grpc.GrpcConfigKeys (ConfUtils.java:logGet(46)) - raft.grpc.server.leader.outstanding.appends.max = 8 (default)
2023-12-13 16:21:01,494 [s5@group-EF1EF37F607A-LeaderElection8] INFO  server.RaftServerConfigKeys (ConfUtils.java:logGet(46)) - raft.server.rpc.request.timeout = 3000ms (default)
2023-12-13 16:21:01,494 [s5@group-EF1EF37F607A-LeaderElection8] INFO  grpc.GrpcConfigKeys (ConfUtils.java:logGet(46)) - raft.grpc.server.install_snapshot.request.element-limit = 8 (default)
2023-12-13 16:21:01,494 [s5@group-EF1EF37F607A-LeaderElection8] INFO  grpc.GrpcConfigKeys (ConfUtils.java:logGet(46)) - raft.grpc.server.install_snapshot.request.timeout = 3000ms (default)
2023-12-13 16:21:01,494 [s5@group-EF1EF37F607A-LeaderElection8] INFO  server.RaftServerConfigKeys (ConfUtils.java:logGet(46)) - raft.server.log.appender.install.snapshot.enabled = true (default)
2023-12-13 16:21:01,494 [s5@group-EF1EF37F607A-LeaderElection8] INFO  grpc.GrpcConfigKeys (ConfUtils.java:logGet(46)) - raft.grpc.server.heartbeat.channel = true (default)
2023-12-13 16:21:01,495 [s5@group-EF1EF37F607A-LeaderElection8] INFO  server.RaftServerConfigKeys (ConfUtils.java:logGet(46)) - raft.server.log.appender.snapshot.chunk.size.max = 16MB (=16777216) (default)
2023-12-13 16:21:01,495 [s5@group-EF1EF37F607A-LeaderElection8] INFO  server.RaftServerConfigKeys (ConfUtils.java:logGet(46)) - raft.server.log.appender.buffer.byte-limit = 4MB (=4194304) (default)
2023-12-13 16:21:01,495 [s5@group-EF1EF37F607A-LeaderElection8] INFO  server.RaftServerConfigKeys (ConfUtils.java:logGet(46)) - raft.server.log.appender.buffer.element-limit = 0 (default)
2023-12-13 16:21:01,495 [s5@group-EF1EF37F607A-LeaderElection8] INFO  server.RaftServerConfigKeys (ConfUtils.java:logGet(46)) - raft.server.log.appender.wait-time.min = 1ms (default)
2023-12-13 16:21:01,495 [s5@group-EF1EF37F607A-LeaderElection8] INFO  grpc.GrpcConfigKeys (ConfUtils.java:logGet(46)) - raft.grpc.server.leader.outstanding.appends.max = 8 (default)
2023-12-13 16:21:01,495 [s5@group-EF1EF37F607A-LeaderElection8] INFO  server.RaftServerConfigKeys (ConfUtils.java:logGet(46)) - raft.server.rpc.request.timeout = 3000ms (default)
2023-12-13 16:21:01,495 [s5@group-EF1EF37F607A-LeaderElection8] INFO  grpc.GrpcConfigKeys (ConfUtils.java:logGet(46)) - raft.grpc.server.install_snapshot.request.element-limit = 8 (default)
2023-12-13 16:21:01,495 [s5@group-EF1EF37F607A-LeaderElection8] INFO  grpc.GrpcConfigKeys (ConfUtils.java:logGet(46)) - raft.grpc.server.install_snapshot.request.timeout = 3000ms (default)
2023-12-13 16:21:01,495 [s5@group-EF1EF37F607A-LeaderElection8] INFO  server.RaftServerConfigKeys (ConfUtils.java:logGet(46)) - raft.server.log.appender.install.snapshot.enabled = true (default)
2023-12-13 16:21:01,495 [s5@group-EF1EF37F607A-LeaderElection8] INFO  grpc.GrpcConfigKeys (ConfUtils.java:logGet(46)) - raft.grpc.server.heartbeat.channel = true (default)
2023-12-13 16:21:01,495 [s5@group-EF1EF37F607A-LeaderElection8] INFO  impl.RoleInfo (RoleInfo.java:updateAndGet(139)) - s5: start s5@group-EF1EF37F607A-LeaderStateImpl
2023-12-13 16:21:01,495 [s5@group-EF1EF37F607A-LeaderElection8] INFO  server.RaftServer$Division (RaftServerImpl.java:setFirstElection(564)) - s5@group-EF1EF37F607A: set firstElectionSinceStartup to false for becomeLeader
2023-12-13 16:21:01,495 [s5@group-EF1EF37F607A-LeaderElection8] INFO  server.RaftServer$Division (ServerState.java:setLeader(265)) - s5@group-EF1EF37F607A: change Leader from null to s5 at term 1 for becomeLeader, leader elected after 1738ms
2023-12-13 16:21:01,495 [s5@group-EF1EF37F607A-LeaderElection8] INFO  segmented.SegmentedRaftLogWorker (SegmentedRaftLogWorker.java:startLogSegment(430)) - s5@group-EF1EF37F607A-SegmentedRaftLogWorker: Starting segment from index:0
2023-12-13 16:21:01,496 [s5@group-EF1EF37F607A-SegmentedRaftLogWorker] INFO  segmented.BufferedWriteChannel (BufferedWriteChannel.java:open(62)) - open log_inprogress_0 at position 0
2023-12-13 16:21:01,496 [s5@group-EF1EF37F607A-LeaderElection8] INFO  server.RaftServer$Division (ServerState.java:setRaftConf(382)) - s5@group-EF1EF37F607A: set configuration 0: peers:[s5|0.0.0.0:39205, s6|0.0.0.0:33523, s7|0.0.0.0:33769]|listeners:[], old=null
2023-12-13 16:21:01,505 [s7-server-thread1] INFO  server.RaftServer$Division (ServerState.java:setLeader(265)) - s7@group-EF1EF37F607A: change Leader from null to s5 at term 1 for appendEntries, leader elected after 1723ms
2023-12-13 16:21:01,506 [s7-server-thread2] DEBUG server.RaftServer$Division (RaftServerImpl.java:logAppendEntries(1504)) - s7@group-EF1EF37F607A: receive appendEntries(s5, 1, null, -1, false, commits:[s5:c-1, s6:c-1, s7:c-1], cId:1, entries: [(t:1, i:0), CONFIGURATIONENTRY(current:id: "s5"
address: "0.0.0.0:39205"
clientAddress: "0.0.0.0:39205"
adminAddress: "0.0.0.0:39205"
startupRole: FOLLOWER
,id: "s6"
address: "0.0.0.0:33523"
clientAddress: "0.0.0.0:33523"
adminAddress: "0.0.0.0:33523"
startupRole: FOLLOWER
,id: "s7"
address: "0.0.0.0:33769"
clientAddress: "0.0.0.0:33769"
adminAddress: "0.0.0.0:33769"
startupRole: FOLLOWER
, old:)]
2023-12-13 16:21:01,511 [s5@group-EF1EF37F607A-SegmentedRaftLogWorker] INFO  segmented.SegmentedRaftLogWorker (SegmentedRaftLogWorker.java:execute(634)) - s5@group-EF1EF37F607A-SegmentedRaftLogWorker: created new log segment /home/runner/work/ratis/ratis/ratis-test/target/test/data/1e4ee837/MiniRaftClusterWithGrpc24096a27/s5/50eb88a3-9590-4067-a73d-ef1ef37f607a/current/log_inprogress_0
2023-12-13 16:21:01,511 [s7-server-thread2] INFO  server.RaftServer$Division (ServerState.java:setRaftConf(382)) - s7@group-EF1EF37F607A: set configuration 0: peers:[s5|0.0.0.0:39205, s6|0.0.0.0:33523, s7|0.0.0.0:33769]|listeners:[], old=null
2023-12-13 16:21:01,511 [s7-server-thread2] INFO  segmented.SegmentedRaftLogWorker (SegmentedRaftLogWorker.java:startLogSegment(430)) - s7@group-EF1EF37F607A-SegmentedRaftLogWorker: Starting segment from index:0
2023-12-13 16:21:01,512 [s7@group-EF1EF37F607A-SegmentedRaftLogWorker] INFO  segmented.BufferedWriteChannel (BufferedWriteChannel.java:open(62)) - open log_inprogress_0 at position 0
2023-12-13 16:21:01,512 [s6-server-thread1] INFO  server.RaftServer$Division (ServerState.java:setLeader(265)) - s6@group-EF1EF37F607A: change Leader from null to s5 at term 1 for appendEntries, leader elected after 1737ms
2023-12-13 16:21:01,515 [s6-server-thread2] DEBUG server.RaftServer$Division (RaftServerImpl.java:logAppendEntries(1504)) - s6@group-EF1EF37F607A: receive appendEntries(s5, 1, null, -1, false, commits:[s5:c-1, s6:c-1, s7:c-1], cId:1, entries: [(t:1, i:0), CONFIGURATIONENTRY(current:id: "s5"
address: "0.0.0.0:39205"
clientAddress: "0.0.0.0:39205"
adminAddress: "0.0.0.0:39205"
startupRole: FOLLOWER
,id: "s6"
address: "0.0.0.0:33523"
clientAddress: "0.0.0.0:33523"
adminAddress: "0.0.0.0:33523"
startupRole: FOLLOWER
,id: "s7"
address: "0.0.0.0:33769"
clientAddress: "0.0.0.0:33769"
adminAddress: "0.0.0.0:33769"
startupRole: FOLLOWER
, old:)]
2023-12-13 16:21:01,515 [s6-server-thread2] INFO  server.RaftServer$Division (ServerState.java:setRaftConf(382)) - s6@group-EF1EF37F607A: set configuration 0: peers:[s5|0.0.0.0:39205, s6|0.0.0.0:33523, s7|0.0.0.0:33769]|listeners:[], old=null
2023-12-13 16:21:01,515 [s6-server-thread2] INFO  segmented.SegmentedRaftLogWorker (SegmentedRaftLogWorker.java:startLogSegment(430)) - s6@group-EF1EF37F607A-SegmentedRaftLogWorker: Starting segment from index:0
2023-12-13 16:21:01,515 [s6@group-EF1EF37F607A-SegmentedRaftLogWorker] INFO  segmented.BufferedWriteChannel (BufferedWriteChannel.java:open(62)) - open log_inprogress_0 at position 0
2023-12-13 16:21:01,523 [s7@group-EF1EF37F607A-SegmentedRaftLogWorker] INFO  segmented.SegmentedRaftLogWorker (SegmentedRaftLogWorker.java:execute(634)) - s7@group-EF1EF37F607A-SegmentedRaftLogWorker: created new log segment /home/runner/work/ratis/ratis/ratis-test/target/test/data/1e4ee837/MiniRaftClusterWithGrpc24096a27/s7/50eb88a3-9590-4067-a73d-ef1ef37f607a/current/log_inprogress_0
2023-12-13 16:21:01,524 [s6@group-EF1EF37F607A-SegmentedRaftLogWorker] INFO  segmented.SegmentedRaftLogWorker (SegmentedRaftLogWorker.java:execute(634)) - s6@group-EF1EF37F607A-SegmentedRaftLogWorker: created new log segment /home/runner/work/ratis/ratis/ratis-test/target/test/data/1e4ee837/MiniRaftClusterWithGrpc24096a27/s6/50eb88a3-9590-4067-a73d-ef1ef37f607a/current/log_inprogress_0
2023-12-13 16:21:01,524 [s7-server-thread2] DEBUG server.RaftServer$Division (RaftServerImpl.java:logAppendEntries(1504)) - s7@group-EF1EF37F607A: succeeded to handle AppendEntries. Reply: s5<-s7#1:OK-t1,SUCCESS,nextIndex=1,followerCommit=-1,matchIndex=0
2023-12-13 16:21:01,524 [s6-server-thread2] DEBUG server.RaftServer$Division (RaftServerImpl.java:logAppendEntries(1504)) - s6@group-EF1EF37F607A: succeeded to handle AppendEntries. Reply: s5<-s6#1:OK-t1,SUCCESS,nextIndex=1,followerCommit=-1,matchIndex=0
2023-12-13 16:21:01,525 [s5@group-EF1EF37F607A-StateMachineUpdater] TRACE util.FileUtils (LogUtils.java:supplyAndLog(69)) - Successfully supplied FileChannel.open /home/runner/work/ratis/ratis/ratis-test/target/test/data/1e4ee837/MiniRaftClusterWithGrpc24096a27/s5/50eb88a3-9590-4067-a73d-ef1ef37f607a/current/raft-meta.conf.tmp with options [CREATE, WRITE]: sun.nio.ch.FileChannelImpl@55a90321
2023-12-13 16:21:01,526 [s5@group-EF1EF37F607A-StateMachineUpdater] TRACE util.FileUtils (LogUtils.java:runAndLog(49)) - Successfully ran Atomic Files.move /home/runner/work/ratis/ratis/ratis-test/target/test/data/1e4ee837/MiniRaftClusterWithGrpc24096a27/s5/50eb88a3-9590-4067-a73d-ef1ef37f607a/current/raft-meta.conf.tmp to /home/runner/work/ratis/ratis/ratis-test/target/test/data/1e4ee837/MiniRaftClusterWithGrpc24096a27/s5/50eb88a3-9590-4067-a73d-ef1ef37f607a/current/raft-meta.conf with options [REPLACE_EXISTING]
2023-12-13 16:21:01,526 [s5@group-EF1EF37F607A-StateMachineUpdater] INFO  server.RaftServer$Division (LeaderStateImpl.java:isApplied(320)) - leader is ready since appliedIndex == 0 >= startIndex == 0
2023-12-13 16:21:02,277 [s7@group-EF1EF37F607A-StateMachineUpdater] TRACE util.FileUtils (LogUtils.java:supplyAndLog(69)) - Successfully supplied FileChannel.open /home/runner/work/ratis/ratis/ratis-test/target/test/data/1e4ee837/MiniRaftClusterWithGrpc24096a27/s7/50eb88a3-9590-4067-a73d-ef1ef37f607a/current/raft-meta.conf.tmp with options [CREATE, WRITE]: sun.nio.ch.FileChannelImpl@343f708d
2023-12-13 16:21:02,277 [s6@group-EF1EF37F607A-StateMachineUpdater] TRACE util.FileUtils (LogUtils.java:supplyAndLog(69)) - Successfully supplied FileChannel.open /home/runner/work/ratis/ratis/ratis-test/target/test/data/1e4ee837/MiniRaftClusterWithGrpc24096a27/s6/50eb88a3-9590-4067-a73d-ef1ef37f607a/current/raft-meta.conf.tmp with options [CREATE, WRITE]: sun.nio.ch.FileChannelImpl@311bd1ac
2023-12-13 16:21:02,278 [s7@group-EF1EF37F607A-StateMachineUpdater] TRACE util.FileUtils (LogUtils.java:runAndLog(49)) - Successfully ran Atomic Files.move /home/runner/work/ratis/ratis/ratis-test/target/test/data/1e4ee837/MiniRaftClusterWithGrpc24096a27/s7/50eb88a3-9590-4067-a73d-ef1ef37f607a/current/raft-meta.conf.tmp to /home/runner/work/ratis/ratis/ratis-test/target/test/data/1e4ee837/MiniRaftClusterWithGrpc24096a27/s7/50eb88a3-9590-4067-a73d-ef1ef37f607a/current/raft-meta.conf with options [REPLACE_EXISTING]
2023-12-13 16:21:02,278 [s6@group-EF1EF37F607A-StateMachineUpdater] TRACE util.FileUtils (LogUtils.java:runAndLog(49)) - Successfully ran Atomic Files.move /home/runner/work/ratis/ratis/ratis-test/target/test/data/1e4ee837/MiniRaftClusterWithGrpc24096a27/s6/50eb88a3-9590-4067-a73d-ef1ef37f607a/current/raft-meta.conf.tmp to /home/runner/work/ratis/ratis/ratis-test/target/test/data/1e4ee837/MiniRaftClusterWithGrpc24096a27/s6/50eb88a3-9590-4067-a73d-ef1ef37f607a/current/raft-meta.conf with options [REPLACE_EXISTING]
2023-12-13 16:21:02,792 [Time-limited test] INFO  ratis.RaftTestUtil (RaftTestUtil.java:waitForLeader(124)) - printing group-EF1EF37F607A
  s5:  RUNNING [
   FOLLOWER s5@group-215AF6FE8C9E:t0, leader=null, voted=, raftlog=Memoized:s5@group-215AF6FE8C9E-SegmentedRaftLog:OPENED:c-1, conf=-1: peers:[]|listeners:[], old=null STARTING
     LEADER s5@group-EF1EF37F607A:t1, leader=s5, voted=s5, raftlog=Memoized:s5@group-EF1EF37F607A-SegmentedRaftLog:OPENED:c0, conf=0: peers:[s5|0.0.0.0:39205, s6|0.0.0.0:33523, s7|0.0.0.0:33769]|listeners:[], old=null RUNNING] size=2
  s6:  RUNNING [
   FOLLOWER s6@group-215AF6FE8C9E:t0, leader=null, voted=, raftlog=Memoized:s6@group-215AF6FE8C9E-SegmentedRaftLog:OPENED:c-1, conf=-1: peers:[]|listeners:[], old=null STARTING
   FOLLOWER s6@group-EF1EF37F607A:t1, leader=s5, voted=s5, raftlog=Memoized:s6@group-EF1EF37F607A-SegmentedRaftLog:OPENED:c0, conf=0: peers:[s5|0.0.0.0:39205, s6|0.0.0.0:33523, s7|0.0.0.0:33769]|listeners:[], old=null RUNNING] size=2
  s7:  RUNNING [
   FOLLOWER s7@group-215AF6FE8C9E:t0, leader=null, voted=, raftlog=Memoized:s7@group-215AF6FE8C9E-SegmentedRaftLog:OPENED:c-1, conf=-1: peers:[]|listeners:[], old=null STARTING
   FOLLOWER s7@group-EF1EF37F607A:t1, leader=s5, voted=s5, raftlog=Memoized:s7@group-EF1EF37F607A-SegmentedRaftLog:OPENED:c0, conf=0: peers:[s5|0.0.0.0:39205, s6|0.0.0.0:33523, s7|0.0.0.0:33769]|listeners:[], old=null RUNNING] size=2
2023-12-13 16:21:02,793 [Time-limited test] INFO  impl.GroupManagementBaseTest (GroupManagementBaseTest.java:runMultiGroupTest(281)) - 2) starting group-F8F047037FEF:[s8|0.0.0.0:44341]
2023-12-13 16:21:02,793 [Time-limited test] DEBUG client.RaftClient (ConfUtils.java:logGet(46)) - raft.rpc.type = GRPC (default)
2023-12-13 16:21:02,797 [grpc-default-executor-3] INFO  server.RaftServer (RaftServerProxy.java:addNew(100)) - s8: addNew group-F8F047037FEF:[s8|0.0.0.0:44341] returns group-F8F047037FEF:java.util.concurrent.CompletableFuture@17e69203[Not completed]
2023-12-13 16:21:02,797 [s8-groupManagement] INFO  server.RaftServer$Division (RaftServerImpl.java:<init>(256)) - s8: new RaftServerImpl for group-F8F047037FEF:[s8|0.0.0.0:44341] with BaseStateMachine:uninitialized
2023-12-13 16:21:02,797 [s8-groupManagement] INFO  server.RaftServerConfigKeys (ConfUtils.java:logGet(46)) - raft.server.rpc.timeout.min = 1500ms (custom)
2023-12-13 16:21:02,797 [s8-groupManagement] INFO  server.RaftServerConfigKeys (ConfUtils.java:logGet(46)) - raft.server.rpc.timeout.max = 2000ms (custom)
2023-12-13 16:21:02,797 [s8-groupManagement] INFO  server.RaftServerConfigKeys (ConfUtils.java:logGet(46)) - raft.server.rpc.sleep.time = 25ms (default)
2023-12-13 16:21:02,797 [s8-groupManagement] INFO  server.RaftServerConfigKeys (ConfUtils.java:logGet(46)) - raft.server.rpc.slowness.timeout = 60s (default)
2023-12-13 16:21:02,797 [s8-groupManagement] INFO  server.RaftServerConfigKeys (ConfUtils.java:logGet(46)) - raft.server.leaderelection.leader.step-down.wait-time = 10s (default)
2023-12-13 16:21:02,797 [s8-groupManagement] INFO  server.RaftServerConfigKeys (ConfUtils.java:logGet(46)) - raft.server.leaderelection.member.majority-add = false (default)
2023-12-13 16:21:02,797 [s8-groupManagement] INFO  server.RaftServerConfigKeys (ConfUtils.java:logGet(46)) - raft.server.sleep.deviation.threshold = 300ms (default)
2023-12-13 16:21:02,797 [s8-groupManagement] INFO  server.RaftServer$Division (ServerState.java:<init>(113)) - s8@group-F8F047037FEF: ConfigurationManager, init=-1: peers:[s8|0.0.0.0:44341]|listeners:[], old=null, confs=<EMPTY_MAP>
2023-12-13 16:21:02,797 [s8-groupManagement] INFO  server.RaftServerConfigKeys (ConfUtils.java:logGet(46)) - raft.server.notification.no-leader.timeout = 60s (default)
2023-12-13 16:21:02,797 [s8-groupManagement] INFO  server.RaftServerConfigKeys (ConfUtils.java:logGet(46)) - raft.server.read.timeout = 10s (default)
2023-12-13 16:21:02,797 [s8-groupManagement] INFO  server.RaftServerConfigKeys (ConfUtils.java:logGet(46)) - raft.server.retrycache.expirytime = 60s (default)
2023-12-13 16:21:02,797 [s8-groupManagement] INFO  server.RaftServerConfigKeys (ConfUtils.java:logGet(46)) - raft.server.retrycache.statistics.expirytime = 100ms (default)
2023-12-13 16:21:02,797 [s8-groupManagement] INFO  server.RaftServerConfigKeys (ConfUtils.java:logGet(46)) - raft.server.read.option = DEFAULT (default)
2023-12-13 16:21:02,797 [s8-groupManagement] INFO  server.RaftServerConfigKeys (ConfUtils.java:logGet(46)) - raft.server.read.read-after-write-consistent.write-index-cache.expiry-time = 60s (default)
2023-12-13 16:21:02,798 [s8-groupManagement] INFO  server.RaftServerConfigKeys (ConfUtils.java:logGet(46)) - raft.server.rpc.request.timeout = 3000ms (default)
2023-12-13 16:21:02,798 [s8-groupManagement] INFO  server.RaftServerConfigKeys (ConfUtils.java:logGet(46)) - raft.server.log.appender.install.snapshot.enabled = true (default)
2023-12-13 16:21:02,798 [s8-groupManagement] INFO  server.RaftServerConfigKeys (ConfUtils.java:logGet(46)) - raft.server.threadpool.server.cached = true (default)
2023-12-13 16:21:02,798 [s8-groupManagement] INFO  server.RaftServerConfigKeys (ConfUtils.java:logGet(46)) - raft.server.threadpool.server.size = 0 (default)
2023-12-13 16:21:02,798 [s8-groupManagement] INFO  server.RaftServerConfigKeys (ConfUtils.java:logGet(46)) - raft.server.threadpool.client.cached = true (default)
2023-12-13 16:21:02,798 [s8-groupManagement] INFO  server.RaftServerConfigKeys (ConfUtils.java:logGet(46)) - raft.server.threadpool.client.size = 0 (default)
2023-12-13 16:21:02,798 [s8-groupManagement] DEBUG server.RaftServer (RaftServerProxy.java:lambda$groupAddAsync$13(507)) - s8: newImpl =      null s8@group-F8F047037FEF:t0, leader=null, voted=null, raftlog=UNINITIALIZED, conf=-1: peers:[s8|0.0.0.0:44341]|listeners:[], old=null NEW
2023-12-13 16:21:02,798 [s8-groupManagement] INFO  server.RaftServerConfigKeys (ConfUtils.java:logGet(46)) - raft.server.storage.free-space.min = 0MB (=0) (default)
2023-12-13 16:21:02,798 [s8-groupManagement] INFO  server.RaftServerConfigKeys (ConfUtils.java:logGet(46)) - raft.server.log.corruption.policy = EXCEPTION (default)
2023-12-13 16:21:02,798 [s8-groupManagement] INFO  server.RaftServerConfigKeys (ConfUtils.java:logGet(46)) - raft.server.storage.dir = [/home/runner/work/ratis/ratis/ratis-test/target/test/data/1e4ee837/MiniRaftClusterWithGrpc24096a27/s8] (custom)
2023-12-13 16:21:02,799 [s8-groupManagement] INFO  storage.RaftStorageDirectory (RaftStorageDirectoryImpl.java:analyzeStorage(138)) - The storage directory /home/runner/work/ratis/ratis/ratis-test/target/test/data/1e4ee837/MiniRaftClusterWithGrpc24096a27/s8/a9a0c5d7-4cce-4ef9-8f13-f8f047037fef does not exist. Creating ...
2023-12-13 16:21:02,799 [s8-groupManagement] TRACE util.FileUtils (LogUtils.java:runAndLog(49)) - Successfully ran Files.createDirectories /home/runner/work/ratis/ratis/ratis-test/target/test/data/1e4ee837/MiniRaftClusterWithGrpc24096a27/s8/a9a0c5d7-4cce-4ef9-8f13-f8f047037fef
2023-12-13 16:21:02,799 [s8-groupManagement] INFO  storage.RaftStorageDirectory (RaftStorageDirectoryImpl.java:tryLock(228)) - Lock on /home/runner/work/ratis/ratis/ratis-test/target/test/data/1e4ee837/MiniRaftClusterWithGrpc24096a27/s8/a9a0c5d7-4cce-4ef9-8f13-f8f047037fef/in_use.lock acquired by nodename 10819@fv-az890-872
2023-12-13 16:21:02,800 [s8-groupManagement] TRACE util.FileUtils (LogUtils.java:runAndLog(49)) - Successfully ran Files.createDirectories /home/runner/work/ratis/ratis/ratis-test/target/test/data/1e4ee837/MiniRaftClusterWithGrpc24096a27/s8/a9a0c5d7-4cce-4ef9-8f13-f8f047037fef/current
2023-12-13 16:21:02,800 [s8-groupManagement] TRACE util.FileUtils (LogUtils.java:runAndLog(49)) - Successfully ran Files.createDirectories /home/runner/work/ratis/ratis/ratis-test/target/test/data/1e4ee837/MiniRaftClusterWithGrpc24096a27/s8/a9a0c5d7-4cce-4ef9-8f13-f8f047037fef/sm
2023-12-13 16:21:02,800 [s8-groupManagement] TRACE util.FileUtils (LogUtils.java:supplyAndLog(69)) - Successfully supplied FileChannel.open /home/runner/work/ratis/ratis/ratis-test/target/test/data/1e4ee837/MiniRaftClusterWithGrpc24096a27/s8/a9a0c5d7-4cce-4ef9-8f13-f8f047037fef/current/raft-meta.tmp with options [CREATE, WRITE]: sun.nio.ch.FileChannelImpl@6b029c55
2023-12-13 16:21:02,801 [s8-groupManagement] TRACE util.FileUtils (LogUtils.java:runAndLog(49)) - Successfully ran Atomic Files.move /home/runner/work/ratis/ratis/ratis-test/target/test/data/1e4ee837/MiniRaftClusterWithGrpc24096a27/s8/a9a0c5d7-4cce-4ef9-8f13-f8f047037fef/current/raft-meta.tmp to /home/runner/work/ratis/ratis/ratis-test/target/test/data/1e4ee837/MiniRaftClusterWithGrpc24096a27/s8/a9a0c5d7-4cce-4ef9-8f13-f8f047037fef/current/raft-meta with options [REPLACE_EXISTING]
2023-12-13 16:21:02,801 [s8-groupManagement] INFO  storage.RaftStorage (RaftStorageImpl.java:format(99)) - Storage directory /home/runner/work/ratis/ratis/ratis-test/target/test/data/1e4ee837/MiniRaftClusterWithGrpc24096a27/s8/a9a0c5d7-4cce-4ef9-8f13-f8f047037fef has been successfully formatted.
2023-12-13 16:21:02,801 [s8-groupManagement] TRACE util.FileUtils (LogUtils.java:supplyAndLog(61)) - Failed to Files.newInputStream /home/runner/work/ratis/ratis/ratis-test/target/test/data/1e4ee837/MiniRaftClusterWithGrpc24096a27/s8/a9a0c5d7-4cce-4ef9-8f13-f8f047037fef/current/raft-meta.conf with options []
java.nio.file.NoSuchFileException: /home/runner/work/ratis/ratis/ratis-test/target/test/data/1e4ee837/MiniRaftClusterWithGrpc24096a27/s8/a9a0c5d7-4cce-4ef9-8f13-f8f047037fef/current/raft-meta.conf
	at java.base/sun.nio.fs.UnixException.translateToIOException(UnixException.java:92)
	at java.base/sun.nio.fs.UnixException.rethrowAsIOException(UnixException.java:111)
	at java.base/sun.nio.fs.UnixException.rethrowAsIOException(UnixException.java:116)
	at java.base/sun.nio.fs.UnixFileSystemProvider.newByteChannel(UnixFileSystemProvider.java:219)
	at java.base/java.nio.file.Files.newByteChannel(Files.java:371)
	at java.base/java.nio.file.Files.newByteChannel(Files.java:422)
	at java.base/java.nio.file.spi.FileSystemProvider.newInputStream(FileSystemProvider.java:420)
	at java.base/java.nio.file.Files.newInputStream(Files.java:156)
	at org.apache.ratis.util.FileUtils.lambda$newInputStream$2(FileUtils.java:73)
	at org.apache.ratis.util.LogUtils.supplyAndLog(LogUtils.java:58)
	at org.apache.ratis.util.FileUtils.newInputStream(FileUtils.java:72)
	at org.apache.ratis.util.FileUtils.newInputStream(FileUtils.java:68)
	at org.apache.ratis.server.storage.RaftStorageImpl.readRaftConfiguration(RaftStorageImpl.java:156)
	at org.apache.ratis.server.impl.ServerState.initialize(ServerState.java:141)
	at org.apache.ratis.server.impl.RaftServerImpl.start(RaftServerImpl.java:388)
	at org.apache.ratis.server.impl.RaftServerProxy.lambda$groupAddAsync$13(RaftServerProxy.java:509)
	at java.base/java.util.concurrent.CompletableFuture$UniApply.tryFire(CompletableFuture.java:642)
	at java.base/java.util.concurrent.CompletableFuture$Completion.run(CompletableFuture.java:478)
	at java.base/java.util.concurrent.ThreadPoolExecutor.runWorker(ThreadPoolExecutor.java:1128)
	at java.base/java.util.concurrent.ThreadPoolExecutor$Worker.run(ThreadPoolExecutor.java:628)
	at java.base/java.lang.Thread.run(Thread.java:829)
2023-12-13 16:21:02,801 [s8-groupManagement] INFO  server.RaftServerConfigKeys (ConfUtils.java:logGet(46)) - raft.server.log.use.memory = false (default)
2023-12-13 16:21:02,801 [s8-groupManagement] INFO  server.RaftServerConfigKeys (ConfUtils.java:logGet(46)) - raft.server.log.purge.gap = 1024 (default)
2023-12-13 16:21:02,801 [s8-groupManagement] INFO  server.RaftServerConfigKeys (ConfUtils.java:logGet(46)) - raft.server.log.appender.buffer.byte-limit = 4MB (=4194304) (default)
2023-12-13 16:21:02,801 [s8-groupManagement] INFO  server.RaftServerConfigKeys (ConfUtils.java:logGet(46)) - raft.server.log.statemachine.data.read.timeout = 1000ms (default)
2023-12-13 16:21:02,802 [s8-groupManagement] INFO  server.RaftServerConfigKeys (ConfUtils.java:logGet(46)) - raft.server.log.purge.preservation.log.num = 0 (default)
2023-12-13 16:21:02,802 [s8-groupManagement] INFO  server.RaftServerConfigKeys (ConfUtils.java:logGet(46)) - raft.server.log.segment.size.max = 32MB (=33554432) (default)
2023-12-13 16:21:02,802 [s8-groupManagement] INFO  server.RaftServerConfigKeys (ConfUtils.java:logGet(46)) - raft.server.log.segment.cache.num.max = 6 (default)
2023-12-13 16:21:02,802 [s8-groupManagement] INFO  server.RaftServerConfigKeys (ConfUtils.java:logGet(46)) - raft.server.log.segment.cache.size.max = 200MB (=209715200) (default)
2023-12-13 16:21:02,802 [s8-groupManagement] INFO  server.RaftServerConfigKeys (ConfUtils.java:logGet(46)) - raft.server.log.appender.buffer.byte-limit = 4MB (=4194304) (default)
2023-12-13 16:21:02,802 [s8-groupManagement] INFO  util.AwaitToRun (AwaitToRun.java:start(81)) - Thread[s8@group-F8F047037FEF-cacheEviction-AwaitToRun,5,main] started
2023-12-13 16:21:02,802 [s8-groupManagement] INFO  segmented.SegmentedRaftLogWorker (SegmentedRaftLogWorker.java:<init>(182)) - new s8@group-F8F047037FEF-SegmentedRaftLogWorker for RaftStorageImpl:Storage Directory /home/runner/work/ratis/ratis/ratis-test/target/test/data/1e4ee837/MiniRaftClusterWithGrpc24096a27/s8/a9a0c5d7-4cce-4ef9-8f13-f8f047037fef
2023-12-13 16:21:02,802 [s8-groupManagement] INFO  server.RaftServerConfigKeys (ConfUtils.java:logGet(46)) - raft.server.log.queue.byte-limit = 64MB (=67108864) (default)
2023-12-13 16:21:02,802 [s8-groupManagement] INFO  server.RaftServerConfigKeys (ConfUtils.java:logGet(46)) - raft.server.log.queue.element-limit = 4096 (default)
2023-12-13 16:21:02,802 [s8-groupManagement] INFO  server.RaftServerConfigKeys (ConfUtils.java:logGet(46)) - raft.server.log.segment.size.max = 32MB (=33554432) (default)
2023-12-13 16:21:02,802 [s8-groupManagement] INFO  server.RaftServerConfigKeys (ConfUtils.java:logGet(46)) - raft.server.log.preallocated.size = 4MB (=4194304) (default)
2023-12-13 16:21:02,802 [s8-groupManagement] INFO  server.RaftServerConfigKeys (ConfUtils.java:logGet(46)) - raft.server.log.force.sync.num = 128 (default)
2023-12-13 16:21:02,803 [s8-groupManagement] INFO  server.RaftServerConfigKeys (ConfUtils.java:logGet(46)) - raft.server.log.statemachine.data.sync = true (default)
2023-12-13 16:21:02,803 [s8-groupManagement] INFO  server.RaftServerConfigKeys (ConfUtils.java:logGet(46)) - raft.server.log.statemachine.data.sync.timeout = 10s (default)
2023-12-13 16:21:02,803 [s8-groupManagement] INFO  server.RaftServerConfigKeys (ConfUtils.java:logGet(46)) - raft.server.log.statemachine.data.sync.timeout.retry = -1 (default)
2023-12-13 16:21:02,803 [s8-groupManagement] INFO  server.RaftServerConfigKeys (ConfUtils.java:logGet(46)) - raft.server.log.write.buffer.size = 8MB (=8388608) (default)
2023-12-13 16:21:02,804 [s8-groupManagement] INFO  server.RaftServerConfigKeys (ConfUtils.java:logGet(46)) - raft.server.log.appender.buffer.byte-limit = 4MB (=4194304) (default)
2023-12-13 16:21:02,804 [s8-groupManagement] INFO  server.RaftServerConfigKeys (ConfUtils.java:logGet(46)) - raft.server.log.unsafe-flush.enabled = false (default)
2023-12-13 16:21:02,804 [s8-groupManagement] INFO  server.RaftServerConfigKeys (ConfUtils.java:logGet(46)) - raft.server.log.async-flush.enabled = false (default)
2023-12-13 16:21:02,804 [s8-groupManagement] INFO  server.RaftServerConfigKeys (ConfUtils.java:logGet(46)) - raft.server.log.statemachine.data.caching.enabled = false (default)
2023-12-13 16:21:02,804 [s8-groupManagement] INFO  segmented.SegmentedRaftLogWorker (SegmentedRaftLogWorker.java:lambda$new$0(134)) - s8@group-F8F047037FEF-SegmentedRaftLogWorker: flushIndex: setUnconditionally 0 -> -1
2023-12-13 16:21:02,804 [s8-groupManagement] INFO  segmented.SegmentedRaftLogWorker (SegmentedRaftLogWorker.java:lambda$new$0(134)) - s8@group-F8F047037FEF-SegmentedRaftLogWorker: safeCacheEvictIndex: setUnconditionally 0 -> -1
2023-12-13 16:21:02,804 [s8-groupManagement] INFO  server.RaftServer$Division (RaftServerImpl.java:start(392)) - s8@group-F8F047037FEF: start as a follower, conf=-1: peers:[s8|0.0.0.0:44341]|listeners:[], old=null
2023-12-13 16:21:02,804 [s8-groupManagement] INFO  server.RaftServer$Division (RaftServerImpl.java:setRole(379)) - s8@group-F8F047037FEF: changes role from      null to FOLLOWER at term 0 for startAsFollower
2023-12-13 16:21:02,804 [s8-groupManagement] INFO  impl.RoleInfo (RoleInfo.java:updateAndGet(139)) - s8: start s8@group-F8F047037FEF-FollowerState
2023-12-13 16:21:02,804 [s8@group-F8F047037FEF-FollowerState] INFO  server.RaftServerConfigKeys (ConfUtils.java:logFallback(53)) - raft.server.rpc.first-election.timeout.min = 1500ms (fallback to raft.server.rpc.timeout.min)
2023-12-13 16:21:02,804 [s8-groupManagement] INFO  util.JmxRegister (JmxRegister.java:tryRegister(44)) - Successfully registered JMX Bean with object name Ratis:service=RaftServer,group=group-F8F047037FEF,id=s8
2023-12-13 16:21:02,804 [s8@group-F8F047037FEF-FollowerState] INFO  server.RaftServerConfigKeys (ConfUtils.java:logFallback(53)) - raft.server.rpc.first-election.timeout.max = 2000ms (fallback to raft.server.rpc.timeout.max)
2023-12-13 16:21:02,804 [s8-groupManagement] INFO  server.RaftServerConfigKeys (ConfUtils.java:logGet(46)) - raft.server.snapshot.trigger-when-stop.enabled = true (default)
2023-12-13 16:21:02,805 [s8-groupManagement] INFO  server.RaftServerConfigKeys (ConfUtils.java:logGet(46)) - raft.server.snapshot.auto.trigger.enabled = false (default)
2023-12-13 16:21:02,805 [s8-groupManagement] INFO  server.RaftServerConfigKeys (ConfUtils.java:logGet(46)) - raft.server.snapshot.retention.file.num = -1 (default)
2023-12-13 16:21:02,805 [s8-groupManagement] INFO  server.RaftServerConfigKeys (ConfUtils.java:logGet(46)) - raft.server.log.purge.upto.snapshot.index = false (default)
2023-12-13 16:21:02,807 [Time-limited test] INFO  server.RaftServerConfigKeys (ConfUtils.java:logGet(46)) - raft.server.rpc.timeout.max = 2000ms (custom)
2023-12-13 16:21:02,807 [Time-limited test] INFO  ratis.RaftTestUtil (RaftTestUtil.java:waitForLeader(100)) - printing group-F8F047037FEF
  s8:  RUNNING [
   FOLLOWER s8@group-215AF6FE8C9E:t0, leader=null, voted=, raftlog=Memoized:s8@group-215AF6FE8C9E-SegmentedRaftLog:OPENED:c-1, conf=-1: peers:[]|listeners:[], old=null STARTING
   FOLLOWER s8@group-F8F047037FEF:t0, leader=null, voted=, raftlog=Memoized:s8@group-F8F047037FEF-SegmentedRaftLog:OPENED:c-1, conf=-1: peers:[s8|0.0.0.0:44341]|listeners:[], old=null RUNNING] size=2
2023-12-13 16:21:02,807 [Time-limited test] WARN  ratis.RaftTestUtil (RaftTestUtil.java:lambda$waitForLeader$3(119)) - Attempt #1 failed: java.lang.IllegalStateException: No leader yet  for group-F8F047037FEF: printing group-F8F047037FEF
  s8:  RUNNING [
   FOLLOWER s8@group-215AF6FE8C9E:t0, leader=null, voted=, raftlog=Memoized:s8@group-215AF6FE8C9E-SegmentedRaftLog:OPENED:c-1, conf=-1: peers:[]|listeners:[], old=null STARTING
   FOLLOWER s8@group-F8F047037FEF:t0, leader=null, voted=, raftlog=Memoized:s8@group-F8F047037FEF-SegmentedRaftLog:OPENED:c-1, conf=-1: peers:[s8|0.0.0.0:44341]|listeners:[], old=null RUNNING] size=2
2023-12-13 16:21:04,712 [s8@group-F8F047037FEF-FollowerState] INFO  impl.FollowerState (FollowerState.java:run(143)) - s8@group-F8F047037FEF-FollowerState: change to CANDIDATE, lastRpcElapsedTime:1907382230ns, electionTimeout:1907ms
2023-12-13 16:21:04,712 [s8@group-F8F047037FEF-FollowerState] INFO  impl.RoleInfo (RoleInfo.java:shutdownFollowerState(110)) - s8: shutdown s8@group-F8F047037FEF-FollowerState
2023-12-13 16:21:04,712 [s8@group-F8F047037FEF-FollowerState] INFO  server.RaftServer$Division (RaftServerImpl.java:setRole(379)) - s8@group-F8F047037FEF: changes role from  FOLLOWER to CANDIDATE at term 0 for changeToCandidate
2023-12-13 16:21:04,712 [s8@group-F8F047037FEF-FollowerState] INFO  server.RaftServerConfigKeys (ConfUtils.java:logGet(46)) - raft.server.leaderelection.pre-vote = true (default)
2023-12-13 16:21:04,712 [s8@group-F8F047037FEF-FollowerState] INFO  impl.RoleInfo (RoleInfo.java:updateAndGet(139)) - s8: start s8@group-F8F047037FEF-LeaderElection9
2023-12-13 16:21:04,713 [s8@group-F8F047037FEF-LeaderElection9] INFO  impl.LeaderElection (LeaderElection.java:askForVotes(321)) - s8@group-F8F047037FEF-LeaderElection9 PRE_VOTE round 0: submit vote requests at term 0 for -1: peers:[s8|0.0.0.0:44341]|listeners:[], old=null
2023-12-13 16:21:04,713 [s8@group-F8F047037FEF-LeaderElection9] INFO  impl.LeaderElection (LeaderElection.java:askForVotes(323)) - s8@group-F8F047037FEF-LeaderElection9 PRE_VOTE round 0: result PASSED (term=0)
2023-12-13 16:21:04,713 [s8@group-F8F047037FEF-LeaderElection9] TRACE util.FileUtils (LogUtils.java:supplyAndLog(69)) - Successfully supplied FileChannel.open /home/runner/work/ratis/ratis/ratis-test/target/test/data/1e4ee837/MiniRaftClusterWithGrpc24096a27/s8/a9a0c5d7-4cce-4ef9-8f13-f8f047037fef/current/raft-meta.tmp with options [CREATE, WRITE]: sun.nio.ch.FileChannelImpl@a87e26
2023-12-13 16:21:04,714 [s8@group-F8F047037FEF-LeaderElection9] TRACE util.FileUtils (LogUtils.java:runAndLog(49)) - Successfully ran Atomic Files.move /home/runner/work/ratis/ratis/ratis-test/target/test/data/1e4ee837/MiniRaftClusterWithGrpc24096a27/s8/a9a0c5d7-4cce-4ef9-8f13-f8f047037fef/current/raft-meta.tmp to /home/runner/work/ratis/ratis/ratis-test/target/test/data/1e4ee837/MiniRaftClusterWithGrpc24096a27/s8/a9a0c5d7-4cce-4ef9-8f13-f8f047037fef/current/raft-meta with options [REPLACE_EXISTING]
2023-12-13 16:21:04,714 [s8@group-F8F047037FEF-LeaderElection9] INFO  impl.LeaderElection (LeaderElection.java:askForVotes(321)) - s8@group-F8F047037FEF-LeaderElection9 ELECTION round 0: submit vote requests at term 1 for -1: peers:[s8|0.0.0.0:44341]|listeners:[], old=null
2023-12-13 16:21:04,714 [s8@group-F8F047037FEF-LeaderElection9] INFO  impl.LeaderElection (LeaderElection.java:askForVotes(323)) - s8@group-F8F047037FEF-LeaderElection9 ELECTION round 0: result PASSED (term=1)
2023-12-13 16:21:04,714 [s8@group-F8F047037FEF-LeaderElection9] INFO  impl.RoleInfo (RoleInfo.java:shutdownLeaderElection(130)) - s8: shutdown s8@group-F8F047037FEF-LeaderElection9
2023-12-13 16:21:04,714 [s8@group-F8F047037FEF-LeaderElection9] INFO  server.RaftServer$Division (RaftServerImpl.java:setRole(379)) - s8@group-F8F047037FEF: changes role from CANDIDATE to LEADER at term 1 for changeToLeader
2023-12-13 16:21:04,714 [s8@group-F8F047037FEF-LeaderElection9] INFO  server.RaftServerConfigKeys (ConfUtils.java:logGet(46)) - raft.server.staging.catchup.gap = 1000 (default)
2023-12-13 16:21:04,714 [s8@group-F8F047037FEF-LeaderElection9] INFO  server.RaftServerConfigKeys (ConfUtils.java:logGet(46)) - raft.server.write.element-limit = 4096 (default)
2023-12-13 16:21:04,714 [s8@group-F8F047037FEF-LeaderElection9] INFO  server.RaftServerConfigKeys (ConfUtils.java:logGet(46)) - raft.server.write.byte-limit = 64MB (=67108864) (default)
2023-12-13 16:21:04,714 [s8@group-F8F047037FEF-LeaderElection9] INFO  server.RaftServerConfigKeys (ConfUtils.java:logGet(46)) - raft.server.watch.timeout = 10s (default)
2023-12-13 16:21:04,714 [s8@group-F8F047037FEF-LeaderElection9] INFO  server.RaftServerConfigKeys (ConfUtils.java:logGet(46)) - raft.server.watch.timeout.denomination = 1s (default)
2023-12-13 16:21:04,714 [s8@group-F8F047037FEF-LeaderElection9] INFO  server.RaftServerConfigKeys (ConfUtils.java:logGet(46)) - raft.server.watch.element-limit = 65536 (default)
2023-12-13 16:21:04,715 [s8@group-F8F047037FEF-LeaderElection9] INFO  server.RaftServerConfigKeys (ConfUtils.java:logGet(46)) - raft.server.read.leader.lease.enabled = false (default)
2023-12-13 16:21:04,715 [s8@group-F8F047037FEF-LeaderElection9] INFO  server.RaftServerConfigKeys (ConfUtils.java:logGet(46)) - raft.server.read.leader.lease.timeout.ratio = 0.9 (default)
2023-12-13 16:21:04,715 [s8@group-F8F047037FEF-LeaderElection9] INFO  server.RaftServerConfigKeys (ConfUtils.java:logGet(46)) - raft.server.rpc.timeout.min = 1500ms (custom)
2023-12-13 16:21:04,715 [s8@group-F8F047037FEF-LeaderElection9] INFO  server.RaftServerConfigKeys (ConfUtils.java:logGet(46)) - raft.server.write.element-limit = 4096 (default)
2023-12-13 16:21:04,715 [s8@group-F8F047037FEF-LeaderElection9] INFO  server.RaftServerConfigKeys (ConfUtils.java:logGet(46)) - raft.server.write.follower.gap.ratio.max = -1.0 (default)
2023-12-13 16:21:04,715 [s8@group-F8F047037FEF-LeaderElection9] INFO  impl.RoleInfo (RoleInfo.java:updateAndGet(139)) - s8: start s8@group-F8F047037FEF-LeaderStateImpl
2023-12-13 16:21:04,715 [s8@group-F8F047037FEF-LeaderElection9] INFO  server.RaftServer$Division (RaftServerImpl.java:setFirstElection(564)) - s8@group-F8F047037FEF: set firstElectionSinceStartup to false for becomeLeader
2023-12-13 16:21:04,715 [s8@group-F8F047037FEF-LeaderElection9] INFO  server.RaftServer$Division (ServerState.java:setLeader(265)) - s8@group-F8F047037FEF: change Leader from null to s8 at term 1 for becomeLeader, leader elected after 1917ms
2023-12-13 16:21:04,715 [s8@group-F8F047037FEF-LeaderElection9] INFO  segmented.SegmentedRaftLogWorker (SegmentedRaftLogWorker.java:startLogSegment(430)) - s8@group-F8F047037FEF-SegmentedRaftLogWorker: Starting segment from index:0
2023-12-13 16:21:04,716 [s8@group-F8F047037FEF-SegmentedRaftLogWorker] INFO  segmented.BufferedWriteChannel (BufferedWriteChannel.java:open(62)) - open log_inprogress_0 at position 0
2023-12-13 16:21:04,716 [s8@group-F8F047037FEF-LeaderElection9] INFO  server.RaftServer$Division (ServerState.java:setRaftConf(382)) - s8@group-F8F047037FEF: set configuration 0: peers:[s8|0.0.0.0:44341]|listeners:[], old=null
2023-12-13 16:21:04,722 [s8@group-F8F047037FEF-SegmentedRaftLogWorker] INFO  segmented.SegmentedRaftLogWorker (SegmentedRaftLogWorker.java:execute(634)) - s8@group-F8F047037FEF-SegmentedRaftLogWorker: created new log segment /home/runner/work/ratis/ratis/ratis-test/target/test/data/1e4ee837/MiniRaftClusterWithGrpc24096a27/s8/a9a0c5d7-4cce-4ef9-8f13-f8f047037fef/current/log_inprogress_0
2023-12-13 16:21:04,723 [s8@group-F8F047037FEF-StateMachineUpdater] TRACE util.FileUtils (LogUtils.java:supplyAndLog(69)) - Successfully supplied FileChannel.open /home/runner/work/ratis/ratis/ratis-test/target/test/data/1e4ee837/MiniRaftClusterWithGrpc24096a27/s8/a9a0c5d7-4cce-4ef9-8f13-f8f047037fef/current/raft-meta.conf.tmp with options [CREATE, WRITE]: sun.nio.ch.FileChannelImpl@2a4c36c
2023-12-13 16:21:04,724 [s8@group-F8F047037FEF-StateMachineUpdater] TRACE util.FileUtils (LogUtils.java:runAndLog(49)) - Successfully ran Atomic Files.move /home/runner/work/ratis/ratis/ratis-test/target/test/data/1e4ee837/MiniRaftClusterWithGrpc24096a27/s8/a9a0c5d7-4cce-4ef9-8f13-f8f047037fef/current/raft-meta.conf.tmp to /home/runner/work/ratis/ratis/ratis-test/target/test/data/1e4ee837/MiniRaftClusterWithGrpc24096a27/s8/a9a0c5d7-4cce-4ef9-8f13-f8f047037fef/current/raft-meta.conf with options [REPLACE_EXISTING]
2023-12-13 16:21:04,724 [s8@group-F8F047037FEF-StateMachineUpdater] INFO  server.RaftServer$Division (LeaderStateImpl.java:isApplied(320)) - leader is ready since appliedIndex == 0 >= startIndex == 0
2023-12-13 16:21:05,666 [Timer-4] INFO  impl.MiniRaftCluster (MiniRaftCluster.java:lambda$start$6(349)) - TIMED-PRINT: printing ALL groups
  s3:  RUNNING [
   FOLLOWER s3@group-215AF6FE8C9E:t0, leader=null, voted=, raftlog=Memoized:s3@group-215AF6FE8C9E-SegmentedRaftLog:OPENED:c-1, conf=-1: peers:[]|listeners:[], old=null STARTING
   FOLLOWER s3@group-E7953D37B758:t1, leader=s2, voted=s2, raftlog=Memoized:s3@group-E7953D37B758-SegmentedRaftLog:OPENED:c0, conf=0: peers:[s3|0.0.0.0:35783, s4|0.0.0.0:45543, s0|0.0.0.0:42169, s1|0.0.0.0:40607, s2|0.0.0.0:39939]|listeners:[], old=null RUNNING] size=2
  s4:  RUNNING [
   FOLLOWER s4@group-215AF6FE8C9E:t0, leader=null, voted=, raftlog=Memoized:s4@group-215AF6FE8C9E-SegmentedRaftLog:OPENED:c-1, conf=-1: peers:[]|listeners:[], old=null STARTING
   FOLLOWER s4@group-E7953D37B758:t1, leader=s2, voted=s2, raftlog=Memoized:s4@group-E7953D37B758-SegmentedRaftLog:OPENED:c0, conf=0: peers:[s3|0.0.0.0:35783, s4|0.0.0.0:45543, s0|0.0.0.0:42169, s1|0.0.0.0:40607, s2|0.0.0.0:39939]|listeners:[], old=null RUNNING] size=2
  s5:  RUNNING [
   FOLLOWER s5@group-215AF6FE8C9E:t0, leader=null, voted=, raftlog=Memoized:s5@group-215AF6FE8C9E-SegmentedRaftLog:OPENED:c-1, conf=-1: peers:[]|listeners:[], old=null STARTING
     LEADER s5@group-EF1EF37F607A:t1, leader=s5, voted=s5, raftlog=Memoized:s5@group-EF1EF37F607A-SegmentedRaftLog:OPENED:c0, conf=0: peers:[s5|0.0.0.0:39205, s6|0.0.0.0:33523, s7|0.0.0.0:33769]|listeners:[], old=null RUNNING] size=2
  s6:  RUNNING [
   FOLLOWER s6@group-215AF6FE8C9E:t0, leader=null, voted=, raftlog=Memoized:s6@group-215AF6FE8C9E-SegmentedRaftLog:OPENED:c-1, conf=-1: peers:[]|listeners:[], old=null STARTING
   FOLLOWER s6@group-EF1EF37F607A:t1, leader=s5, voted=s5, raftlog=Memoized:s6@group-EF1EF37F607A-SegmentedRaftLog:OPENED:c0, conf=0: peers:[s5|0.0.0.0:39205, s6|0.0.0.0:33523, s7|0.0.0.0:33769]|listeners:[], old=null RUNNING] size=2
  s7:  RUNNING [
   FOLLOWER s7@group-215AF6FE8C9E:t0, leader=null, voted=, raftlog=Memoized:s7@group-215AF6FE8C9E-SegmentedRaftLog:OPENED:c-1, conf=-1: peers:[]|listeners:[], old=null STARTING
   FOLLOWER s7@group-EF1EF37F607A:t1, leader=s5, voted=s5, raftlog=Memoized:s7@group-EF1EF37F607A-SegmentedRaftLog:OPENED:c0, conf=0: peers:[s5|0.0.0.0:39205, s6|0.0.0.0:33523, s7|0.0.0.0:33769]|listeners:[], old=null RUNNING] size=2
  s8:  RUNNING [
   FOLLOWER s8@group-215AF6FE8C9E:t0, leader=null, voted=, raftlog=Memoized:s8@group-215AF6FE8C9E-SegmentedRaftLog:OPENED:c-1, conf=-1: peers:[]|listeners:[], old=null STARTING
     LEADER s8@group-F8F047037FEF:t1, leader=s8, voted=s8, raftlog=Memoized:s8@group-F8F047037FEF-SegmentedRaftLog:OPENED:c0, conf=0: peers:[s8|0.0.0.0:44341]|listeners:[], old=null RUNNING] size=2
  s0:  RUNNING [
   FOLLOWER s0@group-215AF6FE8C9E:t0, leader=null, voted=, raftlog=Memoized:s0@group-215AF6FE8C9E-SegmentedRaftLog:OPENED:c-1, conf=-1: peers:[]|listeners:[], old=null STARTING
   FOLLOWER s0@group-E7953D37B758:t1, leader=s2, voted=s2, raftlog=Memoized:s0@group-E7953D37B758-SegmentedRaftLog:OPENED:c0, conf=0: peers:[s3|0.0.0.0:35783, s4|0.0.0.0:45543, s0|0.0.0.0:42169, s1|0.0.0.0:40607, s2|0.0.0.0:39939]|listeners:[], old=null RUNNING] size=2
  s1:  RUNNING [
   FOLLOWER s1@group-215AF6FE8C9E:t0, leader=null, voted=, raftlog=Memoized:s1@group-215AF6FE8C9E-SegmentedRaftLog:OPENED:c-1, conf=-1: peers:[]|listeners:[], old=null STARTING
   FOLLOWER s1@group-E7953D37B758:t1, leader=s2, voted=s2, raftlog=Memoized:s1@group-E7953D37B758-SegmentedRaftLog:OPENED:c0, conf=0: peers:[s3|0.0.0.0:35783, s4|0.0.0.0:45543, s0|0.0.0.0:42169, s1|0.0.0.0:40607, s2|0.0.0.0:39939]|listeners:[], old=null RUNNING] size=2
  s2:  RUNNING [
   FOLLOWER s2@group-215AF6FE8C9E:t0, leader=null, voted=, raftlog=Memoized:s2@group-215AF6FE8C9E-SegmentedRaftLog:OPENED:c-1, conf=-1: peers:[]|listeners:[], old=null STARTING
     LEADER s2@group-E7953D37B758:t1, leader=s2, voted=s2, raftlog=Memoized:s2@group-E7953D37B758-SegmentedRaftLog:OPENED:c0, conf=0: peers:[s3|0.0.0.0:35783, s4|0.0.0.0:45543, s0|0.0.0.0:42169, s1|0.0.0.0:40607, s2|0.0.0.0:39939]|listeners:[], old=null RUNNING] size=2
2023-12-13 16:21:05,808 [Time-limited test] INFO  ratis.RaftTestUtil (RaftTestUtil.java:waitForLeader(124)) - printing group-F8F047037FEF
  s8:  RUNNING [
   FOLLOWER s8@group-215AF6FE8C9E:t0, leader=null, voted=, raftlog=Memoized:s8@group-215AF6FE8C9E-SegmentedRaftLog:OPENED:c-1, conf=-1: peers:[]|listeners:[], old=null STARTING
     LEADER s8@group-F8F047037FEF:t1, leader=s8, voted=s8, raftlog=Memoized:s8@group-F8F047037FEF-SegmentedRaftLog:OPENED:c0, conf=0: peers:[s8|0.0.0.0:44341]|listeners:[], old=null RUNNING] size=2
| MiniRaftClusterWithGrpc[5, 8, 9]chosen=2 | start groups | 176 |
2023-12-13 16:21:05,808 [Time-limited test] INFO  impl.GroupManagementBaseTest (GroupManagementBaseTest.java:runMultiGroupTest(291)) - start groups: printing ALL groups
  s3:  RUNNING [
   FOLLOWER s3@group-215AF6FE8C9E:t0, leader=null, voted=, raftlog=Memoized:s3@group-215AF6FE8C9E-SegmentedRaftLog:OPENED:c-1, conf=-1: peers:[]|listeners:[], old=null STARTING
   FOLLOWER s3@group-E7953D37B758:t1, leader=s2, voted=s2, raftlog=Memoized:s3@group-E7953D37B758-SegmentedRaftLog:OPENED:c0, conf=0: peers:[s3|0.0.0.0:35783, s4|0.0.0.0:45543, s0|0.0.0.0:42169, s1|0.0.0.0:40607, s2|0.0.0.0:39939]|listeners:[], old=null RUNNING] size=2
  s4:  RUNNING [
   FOLLOWER s4@group-215AF6FE8C9E:t0, leader=null, voted=, raftlog=Memoized:s4@group-215AF6FE8C9E-SegmentedRaftLog:OPENED:c-1, conf=-1: peers:[]|listeners:[], old=null STARTING
   FOLLOWER s4@group-E7953D37B758:t1, leader=s2, voted=s2, raftlog=Memoized:s4@group-E7953D37B758-SegmentedRaftLog:OPENED:c0, conf=0: peers:[s3|0.0.0.0:35783, s4|0.0.0.0:45543, s0|0.0.0.0:42169, s1|0.0.0.0:40607, s2|0.0.0.0:39939]|listeners:[], old=null RUNNING] size=2
  s5:  RUNNING [
   FOLLOWER s5@group-215AF6FE8C9E:t0, leader=null, voted=, raftlog=Memoized:s5@group-215AF6FE8C9E-SegmentedRaftLog:OPENED:c-1, conf=-1: peers:[]|listeners:[], old=null STARTING
     LEADER s5@group-EF1EF37F607A:t1, leader=s5, voted=s5, raftlog=Memoized:s5@group-EF1EF37F607A-SegmentedRaftLog:OPENED:c0, conf=0: peers:[s5|0.0.0.0:39205, s6|0.0.0.0:33523, s7|0.0.0.0:33769]|listeners:[], old=null RUNNING] size=2
  s6:  RUNNING [
   FOLLOWER s6@group-215AF6FE8C9E:t0, leader=null, voted=, raftlog=Memoized:s6@group-215AF6FE8C9E-SegmentedRaftLog:OPENED:c-1, conf=-1: peers:[]|listeners:[], old=null STARTING
   FOLLOWER s6@group-EF1EF37F607A:t1, leader=s5, voted=s5, raftlog=Memoized:s6@group-EF1EF37F607A-SegmentedRaftLog:OPENED:c0, conf=0: peers:[s5|0.0.0.0:39205, s6|0.0.0.0:33523, s7|0.0.0.0:33769]|listeners:[], old=null RUNNING] size=2
  s7:  RUNNING [
   FOLLOWER s7@group-215AF6FE8C9E:t0, leader=null, voted=, raftlog=Memoized:s7@group-215AF6FE8C9E-SegmentedRaftLog:OPENED:c-1, conf=-1: peers:[]|listeners:[], old=null STARTING
   FOLLOWER s7@group-EF1EF37F607A:t1, leader=s5, voted=s5, raftlog=Memoized:s7@group-EF1EF37F607A-SegmentedRaftLog:OPENED:c0, conf=0: peers:[s5|0.0.0.0:39205, s6|0.0.0.0:33523, s7|0.0.0.0:33769]|listeners:[], old=null RUNNING] size=2
  s8:  RUNNING [
   FOLLOWER s8@group-215AF6FE8C9E:t0, leader=null, voted=, raftlog=Memoized:s8@group-215AF6FE8C9E-SegmentedRaftLog:OPENED:c-1, conf=-1: peers:[]|listeners:[], old=null STARTING
     LEADER s8@group-F8F047037FEF:t1, leader=s8, voted=s8, raftlog=Memoized:s8@group-F8F047037FEF-SegmentedRaftLog:OPENED:c0, conf=0: peers:[s8|0.0.0.0:44341]|listeners:[], old=null RUNNING] size=2
  s0:  RUNNING [
   FOLLOWER s0@group-215AF6FE8C9E:t0, leader=null, voted=, raftlog=Memoized:s0@group-215AF6FE8C9E-SegmentedRaftLog:OPENED:c-1, conf=-1: peers:[]|listeners:[], old=null STARTING
   FOLLOWER s0@group-E7953D37B758:t1, leader=s2, voted=s2, raftlog=Memoized:s0@group-E7953D37B758-SegmentedRaftLog:OPENED:c0, conf=0: peers:[s3|0.0.0.0:35783, s4|0.0.0.0:45543, s0|0.0.0.0:42169, s1|0.0.0.0:40607, s2|0.0.0.0:39939]|listeners:[], old=null RUNNING] size=2
  s1:  RUNNING [
   FOLLOWER s1@group-215AF6FE8C9E:t0, leader=null, voted=, raftlog=Memoized:s1@group-215AF6FE8C9E-SegmentedRaftLog:OPENED:c-1, conf=-1: peers:[]|listeners:[], old=null STARTING
   FOLLOWER s1@group-E7953D37B758:t1, leader=s2, voted=s2, raftlog=Memoized:s1@group-E7953D37B758-SegmentedRaftLog:OPENED:c0, conf=0: peers:[s3|0.0.0.0:35783, s4|0.0.0.0:45543, s0|0.0.0.0:42169, s1|0.0.0.0:40607, s2|0.0.0.0:39939]|listeners:[], old=null RUNNING] size=2
  s2:  RUNNING [
   FOLLOWER s2@group-215AF6FE8C9E:t0, leader=null, voted=, raftlog=Memoized:s2@group-215AF6FE8C9E-SegmentedRaftLog:OPENED:c-1, conf=-1: peers:[]|listeners:[], old=null STARTING
     LEADER s2@group-E7953D37B758:t1, leader=s2, voted=s2, raftlog=Memoized:s2@group-E7953D37B758-SegmentedRaftLog:OPENED:c0, conf=0: peers:[s3|0.0.0.0:35783, s4|0.0.0.0:45543, s0|0.0.0.0:42169, s1|0.0.0.0:40607, s2|0.0.0.0:39939]|listeners:[], old=null RUNNING] size=2
2023-12-13 16:21:05,808 [Time-limited test] INFO  impl.GroupManagementBaseTest (GroupManagementBaseTest.java:runMultiGroupTest(294)) - chosen = 2, group-F8F047037FEF:[s8|0.0.0.0:44341]
2023-12-13 16:21:05,809 [Time-limited test] INFO  impl.GroupManagementBaseTest (GroupManagementBaseTest.java:runMultiGroupTest(299)) - 0) close printing group-E7953D37B758
  s3:  RUNNING [
   FOLLOWER s3@group-215AF6FE8C9E:t0, leader=null, voted=, raftlog=Memoized:s3@group-215AF6FE8C9E-SegmentedRaftLog:OPENED:c-1, conf=-1: peers:[]|listeners:[], old=null STARTING
   FOLLOWER s3@group-E7953D37B758:t1, leader=s2, voted=s2, raftlog=Memoized:s3@group-E7953D37B758-SegmentedRaftLog:OPENED:c0, conf=0: peers:[s3|0.0.0.0:35783, s4|0.0.0.0:45543, s0|0.0.0.0:42169, s1|0.0.0.0:40607, s2|0.0.0.0:39939]|listeners:[], old=null RUNNING] size=2
  s4:  RUNNING [
   FOLLOWER s4@group-215AF6FE8C9E:t0, leader=null, voted=, raftlog=Memoized:s4@group-215AF6FE8C9E-SegmentedRaftLog:OPENED:c-1, conf=-1: peers:[]|listeners:[], old=null STARTING
   FOLLOWER s4@group-E7953D37B758:t1, leader=s2, voted=s2, raftlog=Memoized:s4@group-E7953D37B758-SegmentedRaftLog:OPENED:c0, conf=0: peers:[s3|0.0.0.0:35783, s4|0.0.0.0:45543, s0|0.0.0.0:42169, s1|0.0.0.0:40607, s2|0.0.0.0:39939]|listeners:[], old=null RUNNING] size=2
  s0:  RUNNING [
   FOLLOWER s0@group-215AF6FE8C9E:t0, leader=null, voted=, raftlog=Memoized:s0@group-215AF6FE8C9E-SegmentedRaftLog:OPENED:c-1, conf=-1: peers:[]|listeners:[], old=null STARTING
   FOLLOWER s0@group-E7953D37B758:t1, leader=s2, voted=s2, raftlog=Memoized:s0@group-E7953D37B758-SegmentedRaftLog:OPENED:c0, conf=0: peers:[s3|0.0.0.0:35783, s4|0.0.0.0:45543, s0|0.0.0.0:42169, s1|0.0.0.0:40607, s2|0.0.0.0:39939]|listeners:[], old=null RUNNING] size=2
  s1:  RUNNING [
   FOLLOWER s1@group-215AF6FE8C9E:t0, leader=null, voted=, raftlog=Memoized:s1@group-215AF6FE8C9E-SegmentedRaftLog:OPENED:c-1, conf=-1: peers:[]|listeners:[], old=null STARTING
   FOLLOWER s1@group-E7953D37B758:t1, leader=s2, voted=s2, raftlog=Memoized:s1@group-E7953D37B758-SegmentedRaftLog:OPENED:c0, conf=0: peers:[s3|0.0.0.0:35783, s4|0.0.0.0:45543, s0|0.0.0.0:42169, s1|0.0.0.0:40607, s2|0.0.0.0:39939]|listeners:[], old=null RUNNING] size=2
  s2:  RUNNING [
   FOLLOWER s2@group-215AF6FE8C9E:t0, leader=null, voted=, raftlog=Memoized:s2@group-215AF6FE8C9E-SegmentedRaftLog:OPENED:c-1, conf=-1: peers:[]|listeners:[], old=null STARTING
     LEADER s2@group-E7953D37B758:t1, leader=s2, voted=s2, raftlog=Memoized:s2@group-E7953D37B758-SegmentedRaftLog:OPENED:c0, conf=0: peers:[s3|0.0.0.0:35783, s4|0.0.0.0:45543, s0|0.0.0.0:42169, s1|0.0.0.0:40607, s2|0.0.0.0:39939]|listeners:[], old=null RUNNING] size=2
2023-12-13 16:21:05,809 [Time-limited test] DEBUG client.RaftClient (ConfUtils.java:logGet(46)) - raft.rpc.type = GRPC (default)
2023-12-13 16:21:05,812 [grpc-default-executor-8] INFO  server.RaftServer (RaftServerProxy.java:remove(111)) - s3: remove  FOLLOWER s3@group-E7953D37B758:t1, leader=s2, voted=s2, raftlog=Memoized:s3@group-E7953D37B758-SegmentedRaftLog:OPENED:c0, conf=0: peers:[s3|0.0.0.0:35783, s4|0.0.0.0:45543, s0|0.0.0.0:42169, s1|0.0.0.0:40607, s2|0.0.0.0:39939]|listeners:[], old=null RUNNING
2023-12-13 16:21:05,812 [grpc-default-executor-8] INFO  server.RaftServer$Division (RaftServerImpl.java:lambda$close$3(516)) - s3@group-E7953D37B758: shutdown
2023-12-13 16:21:05,812 [grpc-default-executor-8] INFO  util.JmxRegister (JmxRegister.java:unregister(73)) - Successfully un-registered JMX Bean with object name Ratis:service=RaftServer,group=group-E7953D37B758,id=s3
2023-12-13 16:21:05,812 [grpc-default-executor-8] INFO  impl.RoleInfo (RoleInfo.java:shutdownFollowerState(110)) - s3: shutdown s3@group-E7953D37B758-FollowerState
2023-12-13 16:21:05,813 [grpc-default-executor-8] INFO  impl.StateMachineUpdater (StateMachineUpdater.java:stopAndJoin(157)) - s3@group-E7953D37B758-StateMachineUpdater: set stopIndex = 0
2023-12-13 16:21:05,813 [s3@group-E7953D37B758-FollowerState] INFO  impl.FollowerState (FollowerState.java:run(152)) - s3@group-E7953D37B758-FollowerState was interrupted
2023-12-13 16:21:05,813 [grpc-default-executor-8] INFO  server.RaftServer$Division (ServerState.java:close(423)) - s3@group-E7953D37B758: applyIndex: 0
2023-12-13 16:21:05,813 [s3@group-E7953D37B758-cacheEviction-AwaitToRun] INFO  util.AwaitToRun (AwaitToRun.java:run(49)) - s3@group-E7953D37B758-cacheEviction-AwaitToRun-AwaitForSignal is interrupted
2023-12-13 16:21:06,380 [grpc-default-executor-8] INFO  segmented.SegmentedRaftLogWorker (SegmentedRaftLogWorker.java:close(245)) - s3@group-E7953D37B758-SegmentedRaftLogWorker close()
2023-12-13 16:21:06,381 [grpc-default-executor-8] TRACE util.FileUtils (FileUtils.java:deleteFully(305)) - deleteFully /home/runner/work/ratis/ratis/ratis-test/target/test/data/1e4ee837/MiniRaftClusterWithGrpc24096a27/s3/76edff82-45fd-4d72-a0c3-e7953d37b758
2023-12-13 16:21:06,381 [grpc-default-executor-8] TRACE util.FileUtils (LogUtils.java:runAndLog(49)) - Successfully ran Files.delete /home/runner/work/ratis/ratis/ratis-test/target/test/data/1e4ee837/MiniRaftClusterWithGrpc24096a27/s3/76edff82-45fd-4d72-a0c3-e7953d37b758/sm
2023-12-13 16:21:06,381 [grpc-default-executor-8] TRACE util.FileUtils (LogUtils.java:runAndLog(49)) - Successfully ran Files.delete /home/runner/work/ratis/ratis/ratis-test/target/test/data/1e4ee837/MiniRaftClusterWithGrpc24096a27/s3/76edff82-45fd-4d72-a0c3-e7953d37b758/in_use.lock
2023-12-13 16:21:06,381 [grpc-default-executor-8] TRACE util.FileUtils (LogUtils.java:runAndLog(49)) - Successfully ran Files.delete /home/runner/work/ratis/ratis/ratis-test/target/test/data/1e4ee837/MiniRaftClusterWithGrpc24096a27/s3/76edff82-45fd-4d72-a0c3-e7953d37b758/current/raft-meta
2023-12-13 16:21:06,381 [grpc-default-executor-8] TRACE util.FileUtils (LogUtils.java:runAndLog(49)) - Successfully ran Files.delete /home/runner/work/ratis/ratis/ratis-test/target/test/data/1e4ee837/MiniRaftClusterWithGrpc24096a27/s3/76edff82-45fd-4d72-a0c3-e7953d37b758/current/raft-meta.conf
2023-12-13 16:21:06,381 [grpc-default-executor-8] TRACE util.FileUtils (LogUtils.java:runAndLog(49)) - Successfully ran Files.delete /home/runner/work/ratis/ratis/ratis-test/target/test/data/1e4ee837/MiniRaftClusterWithGrpc24096a27/s3/76edff82-45fd-4d72-a0c3-e7953d37b758/current/log_inprogress_0
2023-12-13 16:21:06,381 [grpc-default-executor-8] TRACE util.FileUtils (LogUtils.java:runAndLog(49)) - Successfully ran Files.delete /home/runner/work/ratis/ratis/ratis-test/target/test/data/1e4ee837/MiniRaftClusterWithGrpc24096a27/s3/76edff82-45fd-4d72-a0c3-e7953d37b758/current
2023-12-13 16:21:06,381 [grpc-default-executor-8] TRACE util.FileUtils (LogUtils.java:runAndLog(49)) - Successfully ran Files.delete /home/runner/work/ratis/ratis/ratis-test/target/test/data/1e4ee837/MiniRaftClusterWithGrpc24096a27/s3/76edff82-45fd-4d72-a0c3-e7953d37b758
2023-12-13 16:21:06,381 [grpc-default-executor-8] INFO  server.RaftServer$Division (RaftServerImpl.java:groupRemove(486)) - s3@group-E7953D37B758: Succeed to remove RaftStorageDirectory Storage Directory /home/runner/work/ratis/ratis/ratis-test/target/test/data/1e4ee837/MiniRaftClusterWithGrpc24096a27/s3/76edff82-45fd-4d72-a0c3-e7953d37b758
2023-12-13 16:21:06,384 [Time-limited test] DEBUG client.RaftClient (ConfUtils.java:logGet(46)) - raft.rpc.type = GRPC (default)
2023-12-13 16:21:06,387 [grpc-default-executor-8] INFO  server.RaftServer (RaftServerProxy.java:remove(111)) - s4: remove  FOLLOWER s4@group-E7953D37B758:t1, leader=s2, voted=s2, raftlog=Memoized:s4@group-E7953D37B758-SegmentedRaftLog:OPENED:c0, conf=0: peers:[s3|0.0.0.0:35783, s4|0.0.0.0:45543, s0|0.0.0.0:42169, s1|0.0.0.0:40607, s2|0.0.0.0:39939]|listeners:[], old=null RUNNING
2023-12-13 16:21:06,387 [grpc-default-executor-8] INFO  server.RaftServer$Division (RaftServerImpl.java:lambda$close$3(516)) - s4@group-E7953D37B758: shutdown
2023-12-13 16:21:06,387 [grpc-default-executor-8] INFO  util.JmxRegister (JmxRegister.java:unregister(73)) - Successfully un-registered JMX Bean with object name Ratis:service=RaftServer,group=group-E7953D37B758,id=s4
2023-12-13 16:21:06,387 [grpc-default-executor-8] INFO  impl.RoleInfo (RoleInfo.java:shutdownFollowerState(110)) - s4: shutdown s4@group-E7953D37B758-FollowerState
2023-12-13 16:21:06,387 [grpc-default-executor-8] INFO  impl.StateMachineUpdater (StateMachineUpdater.java:stopAndJoin(157)) - s4@group-E7953D37B758-StateMachineUpdater: set stopIndex = 0
2023-12-13 16:21:06,387 [s4@group-E7953D37B758-FollowerState] INFO  impl.FollowerState (FollowerState.java:run(152)) - s4@group-E7953D37B758-FollowerState was interrupted
2023-12-13 16:21:06,387 [grpc-default-executor-8] INFO  server.RaftServer$Division (ServerState.java:close(423)) - s4@group-E7953D37B758: applyIndex: 0
2023-12-13 16:21:06,387 [s4@group-E7953D37B758-cacheEviction-AwaitToRun] INFO  util.AwaitToRun (AwaitToRun.java:run(49)) - s4@group-E7953D37B758-cacheEviction-AwaitToRun-AwaitForSignal is interrupted
2023-12-13 16:21:06,398 [grpc-default-executor-8] INFO  segmented.SegmentedRaftLogWorker (SegmentedRaftLogWorker.java:close(245)) - s4@group-E7953D37B758-SegmentedRaftLogWorker close()
2023-12-13 16:21:06,399 [grpc-default-executor-8] TRACE util.FileUtils (FileUtils.java:deleteFully(305)) - deleteFully /home/runner/work/ratis/ratis/ratis-test/target/test/data/1e4ee837/MiniRaftClusterWithGrpc24096a27/s4/76edff82-45fd-4d72-a0c3-e7953d37b758
2023-12-13 16:21:06,399 [grpc-default-executor-8] TRACE util.FileUtils (LogUtils.java:runAndLog(49)) - Successfully ran Files.delete /home/runner/work/ratis/ratis/ratis-test/target/test/data/1e4ee837/MiniRaftClusterWithGrpc24096a27/s4/76edff82-45fd-4d72-a0c3-e7953d37b758/sm
2023-12-13 16:21:06,399 [grpc-default-executor-8] TRACE util.FileUtils (LogUtils.java:runAndLog(49)) - Successfully ran Files.delete /home/runner/work/ratis/ratis/ratis-test/target/test/data/1e4ee837/MiniRaftClusterWithGrpc24096a27/s4/76edff82-45fd-4d72-a0c3-e7953d37b758/in_use.lock
2023-12-13 16:21:06,399 [grpc-default-executor-8] TRACE util.FileUtils (LogUtils.java:runAndLog(49)) - Successfully ran Files.delete /home/runner/work/ratis/ratis/ratis-test/target/test/data/1e4ee837/MiniRaftClusterWithGrpc24096a27/s4/76edff82-45fd-4d72-a0c3-e7953d37b758/current/raft-meta
2023-12-13 16:21:06,399 [grpc-default-executor-8] TRACE util.FileUtils (LogUtils.java:runAndLog(49)) - Successfully ran Files.delete /home/runner/work/ratis/ratis/ratis-test/target/test/data/1e4ee837/MiniRaftClusterWithGrpc24096a27/s4/76edff82-45fd-4d72-a0c3-e7953d37b758/current/raft-meta.conf
2023-12-13 16:21:06,399 [grpc-default-executor-8] TRACE util.FileUtils (LogUtils.java:runAndLog(49)) - Successfully ran Files.delete /home/runner/work/ratis/ratis/ratis-test/target/test/data/1e4ee837/MiniRaftClusterWithGrpc24096a27/s4/76edff82-45fd-4d72-a0c3-e7953d37b758/current/log_inprogress_0
2023-12-13 16:21:06,399 [grpc-default-executor-8] TRACE util.FileUtils (LogUtils.java:runAndLog(49)) - Successfully ran Files.delete /home/runner/work/ratis/ratis/ratis-test/target/test/data/1e4ee837/MiniRaftClusterWithGrpc24096a27/s4/76edff82-45fd-4d72-a0c3-e7953d37b758/current
2023-12-13 16:21:06,399 [grpc-default-executor-8] TRACE util.FileUtils (LogUtils.java:runAndLog(49)) - Successfully ran Files.delete /home/runner/work/ratis/ratis/ratis-test/target/test/data/1e4ee837/MiniRaftClusterWithGrpc24096a27/s4/76edff82-45fd-4d72-a0c3-e7953d37b758
2023-12-13 16:21:06,399 [grpc-default-executor-8] INFO  server.RaftServer$Division (RaftServerImpl.java:groupRemove(486)) - s4@group-E7953D37B758: Succeed to remove RaftStorageDirectory Storage Directory /home/runner/work/ratis/ratis/ratis-test/target/test/data/1e4ee837/MiniRaftClusterWithGrpc24096a27/s4/76edff82-45fd-4d72-a0c3-e7953d37b758
2023-12-13 16:21:06,402 [Time-limited test] DEBUG client.RaftClient (ConfUtils.java:logGet(46)) - raft.rpc.type = GRPC (default)
2023-12-13 16:21:06,404 [grpc-default-executor-8] INFO  server.RaftServer (RaftServerProxy.java:remove(111)) - s0: remove  FOLLOWER s0@group-E7953D37B758:t1, leader=s2, voted=s2, raftlog=Memoized:s0@group-E7953D37B758-SegmentedRaftLog:OPENED:c0, conf=0: peers:[s3|0.0.0.0:35783, s4|0.0.0.0:45543, s0|0.0.0.0:42169, s1|0.0.0.0:40607, s2|0.0.0.0:39939]|listeners:[], old=null RUNNING
2023-12-13 16:21:06,404 [grpc-default-executor-8] INFO  server.RaftServer$Division (RaftServerImpl.java:lambda$close$3(516)) - s0@group-E7953D37B758: shutdown
2023-12-13 16:21:06,404 [grpc-default-executor-8] INFO  util.JmxRegister (JmxRegister.java:unregister(73)) - Successfully un-registered JMX Bean with object name Ratis:service=RaftServer,group=group-E7953D37B758,id=s0
2023-12-13 16:21:06,404 [grpc-default-executor-8] INFO  impl.RoleInfo (RoleInfo.java:shutdownFollowerState(110)) - s0: shutdown s0@group-E7953D37B758-FollowerState
2023-12-13 16:21:06,404 [grpc-default-executor-8] INFO  impl.StateMachineUpdater (StateMachineUpdater.java:stopAndJoin(157)) - s0@group-E7953D37B758-StateMachineUpdater: set stopIndex = 0
2023-12-13 16:21:06,404 [s0@group-E7953D37B758-FollowerState] INFO  impl.FollowerState (FollowerState.java:run(152)) - s0@group-E7953D37B758-FollowerState was interrupted
2023-12-13 16:21:06,404 [grpc-default-executor-8] INFO  server.RaftServer$Division (ServerState.java:close(423)) - s0@group-E7953D37B758: applyIndex: 0
2023-12-13 16:21:06,404 [s0@group-E7953D37B758-cacheEviction-AwaitToRun] INFO  util.AwaitToRun (AwaitToRun.java:run(49)) - s0@group-E7953D37B758-cacheEviction-AwaitToRun-AwaitForSignal is interrupted
2023-12-13 16:21:07,399 [grpc-default-executor-8] INFO  segmented.SegmentedRaftLogWorker (SegmentedRaftLogWorker.java:close(245)) - s0@group-E7953D37B758-SegmentedRaftLogWorker close()
2023-12-13 16:21:07,399 [grpc-default-executor-8] TRACE util.FileUtils (FileUtils.java:deleteFully(305)) - deleteFully /home/runner/work/ratis/ratis/ratis-test/target/test/data/1e4ee837/MiniRaftClusterWithGrpc24096a27/s0/76edff82-45fd-4d72-a0c3-e7953d37b758
2023-12-13 16:21:07,400 [grpc-default-executor-8] TRACE util.FileUtils (LogUtils.java:runAndLog(49)) - Successfully ran Files.delete /home/runner/work/ratis/ratis/ratis-test/target/test/data/1e4ee837/MiniRaftClusterWithGrpc24096a27/s0/76edff82-45fd-4d72-a0c3-e7953d37b758/sm
2023-12-13 16:21:07,400 [grpc-default-executor-8] TRACE util.FileUtils (LogUtils.java:runAndLog(49)) - Successfully ran Files.delete /home/runner/work/ratis/ratis/ratis-test/target/test/data/1e4ee837/MiniRaftClusterWithGrpc24096a27/s0/76edff82-45fd-4d72-a0c3-e7953d37b758/in_use.lock
2023-12-13 16:21:07,400 [grpc-default-executor-8] TRACE util.FileUtils (LogUtils.java:runAndLog(49)) - Successfully ran Files.delete /home/runner/work/ratis/ratis/ratis-test/target/test/data/1e4ee837/MiniRaftClusterWithGrpc24096a27/s0/76edff82-45fd-4d72-a0c3-e7953d37b758/current/raft-meta
2023-12-13 16:21:07,400 [grpc-default-executor-8] TRACE util.FileUtils (LogUtils.java:runAndLog(49)) - Successfully ran Files.delete /home/runner/work/ratis/ratis/ratis-test/target/test/data/1e4ee837/MiniRaftClusterWithGrpc24096a27/s0/76edff82-45fd-4d72-a0c3-e7953d37b758/current/raft-meta.conf
2023-12-13 16:21:07,400 [grpc-default-executor-8] TRACE util.FileUtils (LogUtils.java:runAndLog(49)) - Successfully ran Files.delete /home/runner/work/ratis/ratis/ratis-test/target/test/data/1e4ee837/MiniRaftClusterWithGrpc24096a27/s0/76edff82-45fd-4d72-a0c3-e7953d37b758/current/log_inprogress_0
2023-12-13 16:21:07,400 [grpc-default-executor-8] TRACE util.FileUtils (LogUtils.java:runAndLog(49)) - Successfully ran Files.delete /home/runner/work/ratis/ratis/ratis-test/target/test/data/1e4ee837/MiniRaftClusterWithGrpc24096a27/s0/76edff82-45fd-4d72-a0c3-e7953d37b758/current
2023-12-13 16:21:07,400 [grpc-default-executor-8] TRACE util.FileUtils (LogUtils.java:runAndLog(49)) - Successfully ran Files.delete /home/runner/work/ratis/ratis/ratis-test/target/test/data/1e4ee837/MiniRaftClusterWithGrpc24096a27/s0/76edff82-45fd-4d72-a0c3-e7953d37b758
2023-12-13 16:21:07,400 [grpc-default-executor-8] INFO  server.RaftServer$Division (RaftServerImpl.java:groupRemove(486)) - s0@group-E7953D37B758: Succeed to remove RaftStorageDirectory Storage Directory /home/runner/work/ratis/ratis/ratis-test/target/test/data/1e4ee837/MiniRaftClusterWithGrpc24096a27/s0/76edff82-45fd-4d72-a0c3-e7953d37b758
2023-12-13 16:21:07,403 [Time-limited test] DEBUG client.RaftClient (ConfUtils.java:logGet(46)) - raft.rpc.type = GRPC (default)
2023-12-13 16:21:07,406 [grpc-default-executor-8] INFO  server.RaftServer (RaftServerProxy.java:remove(111)) - s1: remove  FOLLOWER s1@group-E7953D37B758:t1, leader=s2, voted=s2, raftlog=Memoized:s1@group-E7953D37B758-SegmentedRaftLog:OPENED:c0, conf=0: peers:[s3|0.0.0.0:35783, s4|0.0.0.0:45543, s0|0.0.0.0:42169, s1|0.0.0.0:40607, s2|0.0.0.0:39939]|listeners:[], old=null RUNNING
2023-12-13 16:21:07,406 [grpc-default-executor-8] INFO  server.RaftServer$Division (RaftServerImpl.java:lambda$close$3(516)) - s1@group-E7953D37B758: shutdown
2023-12-13 16:21:07,406 [grpc-default-executor-8] INFO  util.JmxRegister (JmxRegister.java:unregister(73)) - Successfully un-registered JMX Bean with object name Ratis:service=RaftServer,group=group-E7953D37B758,id=s1
2023-12-13 16:21:07,406 [grpc-default-executor-8] INFO  impl.RoleInfo (RoleInfo.java:shutdownFollowerState(110)) - s1: shutdown s1@group-E7953D37B758-FollowerState
2023-12-13 16:21:07,406 [grpc-default-executor-8] INFO  impl.StateMachineUpdater (StateMachineUpdater.java:stopAndJoin(157)) - s1@group-E7953D37B758-StateMachineUpdater: set stopIndex = 0
2023-12-13 16:21:07,407 [s1@group-E7953D37B758-FollowerState] INFO  impl.FollowerState (FollowerState.java:run(152)) - s1@group-E7953D37B758-FollowerState was interrupted
2023-12-13 16:21:07,407 [grpc-default-executor-8] INFO  server.RaftServer$Division (ServerState.java:close(423)) - s1@group-E7953D37B758: applyIndex: 0
2023-12-13 16:21:07,407 [s1@group-E7953D37B758-cacheEviction-AwaitToRun] INFO  util.AwaitToRun (AwaitToRun.java:run(49)) - s1@group-E7953D37B758-cacheEviction-AwaitToRun-AwaitForSignal is interrupted
2023-12-13 16:21:08,380 [grpc-default-executor-8] INFO  segmented.SegmentedRaftLogWorker (SegmentedRaftLogWorker.java:close(245)) - s1@group-E7953D37B758-SegmentedRaftLogWorker close()
2023-12-13 16:21:08,381 [grpc-default-executor-8] TRACE util.FileUtils (FileUtils.java:deleteFully(305)) - deleteFully /home/runner/work/ratis/ratis/ratis-test/target/test/data/1e4ee837/MiniRaftClusterWithGrpc24096a27/s1/76edff82-45fd-4d72-a0c3-e7953d37b758
2023-12-13 16:21:08,381 [grpc-default-executor-8] TRACE util.FileUtils (LogUtils.java:runAndLog(49)) - Successfully ran Files.delete /home/runner/work/ratis/ratis/ratis-test/target/test/data/1e4ee837/MiniRaftClusterWithGrpc24096a27/s1/76edff82-45fd-4d72-a0c3-e7953d37b758/sm
2023-12-13 16:21:08,381 [grpc-default-executor-8] TRACE util.FileUtils (LogUtils.java:runAndLog(49)) - Successfully ran Files.delete /home/runner/work/ratis/ratis/ratis-test/target/test/data/1e4ee837/MiniRaftClusterWithGrpc24096a27/s1/76edff82-45fd-4d72-a0c3-e7953d37b758/in_use.lock
2023-12-13 16:21:08,381 [grpc-default-executor-8] TRACE util.FileUtils (LogUtils.java:runAndLog(49)) - Successfully ran Files.delete /home/runner/work/ratis/ratis/ratis-test/target/test/data/1e4ee837/MiniRaftClusterWithGrpc24096a27/s1/76edff82-45fd-4d72-a0c3-e7953d37b758/current/raft-meta
2023-12-13 16:21:08,381 [grpc-default-executor-8] TRACE util.FileUtils (LogUtils.java:runAndLog(49)) - Successfully ran Files.delete /home/runner/work/ratis/ratis/ratis-test/target/test/data/1e4ee837/MiniRaftClusterWithGrpc24096a27/s1/76edff82-45fd-4d72-a0c3-e7953d37b758/current/raft-meta.conf
2023-12-13 16:21:08,381 [grpc-default-executor-8] TRACE util.FileUtils (LogUtils.java:runAndLog(49)) - Successfully ran Files.delete /home/runner/work/ratis/ratis/ratis-test/target/test/data/1e4ee837/MiniRaftClusterWithGrpc24096a27/s1/76edff82-45fd-4d72-a0c3-e7953d37b758/current/log_inprogress_0
2023-12-13 16:21:08,381 [grpc-default-executor-8] TRACE util.FileUtils (LogUtils.java:runAndLog(49)) - Successfully ran Files.delete /home/runner/work/ratis/ratis/ratis-test/target/test/data/1e4ee837/MiniRaftClusterWithGrpc24096a27/s1/76edff82-45fd-4d72-a0c3-e7953d37b758/current
2023-12-13 16:21:08,381 [grpc-default-executor-8] TRACE util.FileUtils (LogUtils.java:runAndLog(49)) - Successfully ran Files.delete /home/runner/work/ratis/ratis/ratis-test/target/test/data/1e4ee837/MiniRaftClusterWithGrpc24096a27/s1/76edff82-45fd-4d72-a0c3-e7953d37b758
2023-12-13 16:21:08,382 [grpc-default-executor-8] INFO  server.RaftServer$Division (RaftServerImpl.java:groupRemove(486)) - s1@group-E7953D37B758: Succeed to remove RaftStorageDirectory Storage Directory /home/runner/work/ratis/ratis/ratis-test/target/test/data/1e4ee837/MiniRaftClusterWithGrpc24096a27/s1/76edff82-45fd-4d72-a0c3-e7953d37b758
2023-12-13 16:21:08,384 [Time-limited test] DEBUG client.RaftClient (ConfUtils.java:logGet(46)) - raft.rpc.type = GRPC (default)
2023-12-13 16:21:08,387 [grpc-default-executor-8] INFO  server.RaftServer (RaftServerProxy.java:remove(111)) - s2: remove    LEADER s2@group-E7953D37B758:t1, leader=s2, voted=s2, raftlog=Memoized:s2@group-E7953D37B758-SegmentedRaftLog:OPENED:c0, conf=0: peers:[s3|0.0.0.0:35783, s4|0.0.0.0:45543, s0|0.0.0.0:42169, s1|0.0.0.0:40607, s2|0.0.0.0:39939]|listeners:[], old=null RUNNING
2023-12-13 16:21:08,387 [grpc-default-executor-8] INFO  server.RaftServer$Division (RaftServerImpl.java:lambda$close$3(516)) - s2@group-E7953D37B758: shutdown
2023-12-13 16:21:08,387 [grpc-default-executor-8] INFO  util.JmxRegister (JmxRegister.java:unregister(73)) - Successfully un-registered JMX Bean with object name Ratis:service=RaftServer,group=group-E7953D37B758,id=s2
2023-12-13 16:21:08,387 [grpc-default-executor-8] INFO  impl.RoleInfo (RoleInfo.java:shutdownLeaderState(94)) - s2: shutdown s2@group-E7953D37B758-LeaderStateImpl
2023-12-13 16:21:08,387 [grpc-default-executor-8] INFO  impl.PendingRequests (PendingRequests.java:sendNotLeaderResponses(289)) - s2@group-E7953D37B758-PendingRequests: sendNotLeaderResponses
2023-12-13 16:21:08,387 [s2@group-E7953D37B758->s4-GrpcLogAppender-LogAppenderDaemon] WARN  server.GrpcLogAppender (GrpcLogAppender.java:mayWait(279)) - s2@group-E7953D37B758->s4-GrpcLogAppender: Wait interrupted by java.lang.InterruptedException
2023-12-13 16:21:08,387 [s2@group-E7953D37B758->s1-GrpcLogAppender-LogAppenderDaemon] WARN  server.GrpcLogAppender (GrpcLogAppender.java:mayWait(279)) - s2@group-E7953D37B758->s1-GrpcLogAppender: Wait interrupted by java.lang.InterruptedException
2023-12-13 16:21:08,387 [s2@group-E7953D37B758->s0-GrpcLogAppender-LogAppenderDaemon] WARN  server.GrpcLogAppender (GrpcLogAppender.java:mayWait(279)) - s2@group-E7953D37B758->s0-GrpcLogAppender: Wait interrupted by java.lang.InterruptedException
2023-12-13 16:21:08,387 [s2@group-E7953D37B758->s3-GrpcLogAppender-LogAppenderDaemon] WARN  server.GrpcLogAppender (GrpcLogAppender.java:mayWait(279)) - s2@group-E7953D37B758->s3-GrpcLogAppender: Wait interrupted by java.lang.InterruptedException
2023-12-13 16:21:08,388 [grpc-default-executor-3] INFO  server.GrpcServerProtocolService (GrpcServerProtocolService.java:onCompleted(157)) - s1: Completed APPEND_ENTRIES, lastRequest: null
2023-12-13 16:21:08,388 [grpc-default-executor-8] INFO  impl.StateMachineUpdater (StateMachineUpdater.java:stopAndJoin(157)) - s2@group-E7953D37B758-StateMachineUpdater: set stopIndex = 0
2023-12-13 16:21:08,388 [grpc-default-executor-8] INFO  server.RaftServer$Division (ServerState.java:close(423)) - s2@group-E7953D37B758: applyIndex: 0
2023-12-13 16:21:08,388 [s2@group-E7953D37B758-cacheEviction-AwaitToRun] INFO  util.AwaitToRun (AwaitToRun.java:run(49)) - s2@group-E7953D37B758-cacheEviction-AwaitToRun-AwaitForSignal is interrupted
2023-12-13 16:21:08,388 [grpc-default-executor-4] INFO  server.GrpcServerProtocolService (GrpcServerProtocolService.java:onCompleted(157)) - s4: Completed APPEND_ENTRIES, lastRequest: null
2023-12-13 16:21:08,389 [grpc-default-executor-1] INFO  server.GrpcServerProtocolService (GrpcServerProtocolService.java:onCompleted(157)) - s3: Completed APPEND_ENTRIES, lastRequest: null
2023-12-13 16:21:08,389 [grpc-default-executor-3] INFO  server.GrpcServerProtocolService (GrpcServerProtocolService.java:onCompleted(157)) - s4: Completed APPEND_ENTRIES, lastRequest: s2->s4#1-t1,previous=(t:0, i:0),leaderCommit=-1,initializing? false,entries: size=1, first=(t:1, i:0), CONFIGURATIONENTRY(current:id: "s3"
address: "0.0.0.0:35783"
clientAddress: "0.0.0.0:35783"
adminAddress: "0.0.0.0:35783"
startupRole: FOLLOWER
,id: "s4"
address: "0.0.0.0:45543"
clientAddress: "0.0.0.0:45543"
adminAddress: "0.0.0.0:45543"
startupRole: FOLLOWER
,id: "s0"
address: "0.0.0.0:42169"
clientAddress: "0.0.0.0:42169"
adminAddress: "0.0.0.0:42169"
startupRole: FOLLOWER
,id: "s1"
address: "0.0.0.0:40607"
clientAddress: "0.0.0.0:40607"
adminAddress: "0.0.0.0:40607"
startupRole: FOLLOWER
,id: "s2"
address: "0.0.0.0:39939"
clientAddress: "0.0.0.0:39939"
adminAddress: "0.0.0.0:39939"
startupRole: FOLLOWER
, old:)
2023-12-13 16:21:08,389 [grpc-default-executor-4] INFO  server.GrpcServerProtocolService (GrpcServerProtocolService.java:onCompleted(157)) - s0: Completed APPEND_ENTRIES, lastRequest: null
2023-12-13 16:21:08,389 [grpc-default-executor-3] INFO  server.GrpcServerProtocolService (GrpcServerProtocolService.java:lambda$onCompleted$5(159)) - s4: Completed APPEND_ENTRIES, lastReply: null
2023-12-13 16:21:08,389 [grpc-default-executor-4] INFO  server.GrpcServerProtocolService (GrpcServerProtocolService.java:onCompleted(157)) - s1: Completed APPEND_ENTRIES, lastRequest: s2->s1#1-t1,previous=(t:0, i:0),leaderCommit=-1,initializing? false,entries: size=1, first=(t:1, i:0), CONFIGURATIONENTRY(current:id: "s3"
address: "0.0.0.0:35783"
clientAddress: "0.0.0.0:35783"
adminAddress: "0.0.0.0:35783"
startupRole: FOLLOWER
,id: "s4"
address: "0.0.0.0:45543"
clientAddress: "0.0.0.0:45543"
adminAddress: "0.0.0.0:45543"
startupRole: FOLLOWER
,id: "s0"
address: "0.0.0.0:42169"
clientAddress: "0.0.0.0:42169"
adminAddress: "0.0.0.0:42169"
startupRole: FOLLOWER
,id: "s1"
address: "0.0.0.0:40607"
clientAddress: "0.0.0.0:40607"
adminAddress: "0.0.0.0:40607"
startupRole: FOLLOWER
,id: "s2"
address: "0.0.0.0:39939"
clientAddress: "0.0.0.0:39939"
adminAddress: "0.0.0.0:39939"
startupRole: FOLLOWER
, old:)
2023-12-13 16:21:08,389 [grpc-default-executor-4] INFO  server.GrpcServerProtocolService (GrpcServerProtocolService.java:lambda$onCompleted$5(159)) - s1: Completed APPEND_ENTRIES, lastReply: null
2023-12-13 16:21:08,390 [grpc-default-executor-1] INFO  server.GrpcLogAppender (GrpcLogAppender.java:onCompleted(534)) - s2@group-E7953D37B758->s4-AppendLogResponseHandler: follower responses appendEntries COMPLETED
2023-12-13 16:21:08,390 [grpc-default-executor-4] INFO  server.GrpcLogAppender (GrpcLogAppender.java:onCompleted(534)) - s2@group-E7953D37B758->s1-AppendLogResponseHandler: follower responses appendEntries COMPLETED
2023-12-13 16:21:08,390 [grpc-default-executor-3] INFO  server.GrpcServerProtocolService (GrpcServerProtocolService.java:onCompleted(157)) - s0: Completed APPEND_ENTRIES, lastRequest: s2->s0#1-t1,previous=(t:0, i:0),leaderCommit=-1,initializing? false,entries: size=1, first=(t:1, i:0), CONFIGURATIONENTRY(current:id: "s3"
address: "0.0.0.0:35783"
clientAddress: "0.0.0.0:35783"
adminAddress: "0.0.0.0:35783"
startupRole: FOLLOWER
,id: "s4"
address: "0.0.0.0:45543"
clientAddress: "0.0.0.0:45543"
adminAddress: "0.0.0.0:45543"
startupRole: FOLLOWER
,id: "s0"
address: "0.0.0.0:42169"
clientAddress: "0.0.0.0:42169"
adminAddress: "0.0.0.0:42169"
startupRole: FOLLOWER
,id: "s1"
address: "0.0.0.0:40607"
clientAddress: "0.0.0.0:40607"
adminAddress: "0.0.0.0:40607"
startupRole: FOLLOWER
,id: "s2"
address: "0.0.0.0:39939"
clientAddress: "0.0.0.0:39939"
adminAddress: "0.0.0.0:39939"
startupRole: FOLLOWER
, old:)
2023-12-13 16:21:08,390 [grpc-default-executor-3] INFO  server.GrpcServerProtocolService (GrpcServerProtocolService.java:lambda$onCompleted$5(159)) - s0: Completed APPEND_ENTRIES, lastReply: null
2023-12-13 16:21:08,390 [grpc-default-executor-1] INFO  server.GrpcServerProtocolService (GrpcServerProtocolService.java:onCompleted(157)) - s3: Completed APPEND_ENTRIES, lastRequest: s2->s3#1-t1,previous=(t:0, i:0),leaderCommit=-1,initializing? false,entries: size=1, first=(t:1, i:0), CONFIGURATIONENTRY(current:id: "s3"
address: "0.0.0.0:35783"
clientAddress: "0.0.0.0:35783"
adminAddress: "0.0.0.0:35783"
startupRole: FOLLOWER
,id: "s4"
address: "0.0.0.0:45543"
clientAddress: "0.0.0.0:45543"
adminAddress: "0.0.0.0:45543"
startupRole: FOLLOWER
,id: "s0"
address: "0.0.0.0:42169"
clientAddress: "0.0.0.0:42169"
adminAddress: "0.0.0.0:42169"
startupRole: FOLLOWER
,id: "s1"
address: "0.0.0.0:40607"
clientAddress: "0.0.0.0:40607"
adminAddress: "0.0.0.0:40607"
startupRole: FOLLOWER
,id: "s2"
address: "0.0.0.0:39939"
clientAddress: "0.0.0.0:39939"
adminAddress: "0.0.0.0:39939"
startupRole: FOLLOWER
, old:)
2023-12-13 16:21:08,390 [grpc-default-executor-1] INFO  server.GrpcServerProtocolService (GrpcServerProtocolService.java:lambda$onCompleted$5(159)) - s3: Completed APPEND_ENTRIES, lastReply: null
2023-12-13 16:21:08,390 [grpc-default-executor-3] INFO  server.GrpcLogAppender (GrpcLogAppender.java:onCompleted(534)) - s2@group-E7953D37B758->s0-AppendLogResponseHandler: follower responses appendEntries COMPLETED
2023-12-13 16:21:08,391 [grpc-default-executor-3] INFO  server.GrpcLogAppender (GrpcLogAppender.java:onCompleted(534)) - s2@group-E7953D37B758->s3-AppendLogResponseHandler: follower responses appendEntries COMPLETED
2023-12-13 16:21:09,347 [grpc-default-executor-8] INFO  segmented.SegmentedRaftLogWorker (SegmentedRaftLogWorker.java:close(245)) - s2@group-E7953D37B758-SegmentedRaftLogWorker close()
2023-12-13 16:21:09,348 [grpc-default-executor-8] TRACE util.FileUtils (FileUtils.java:deleteFully(305)) - deleteFully /home/runner/work/ratis/ratis/ratis-test/target/test/data/1e4ee837/MiniRaftClusterWithGrpc24096a27/s2/76edff82-45fd-4d72-a0c3-e7953d37b758
2023-12-13 16:21:09,348 [grpc-default-executor-8] TRACE util.FileUtils (LogUtils.java:runAndLog(49)) - Successfully ran Files.delete /home/runner/work/ratis/ratis/ratis-test/target/test/data/1e4ee837/MiniRaftClusterWithGrpc24096a27/s2/76edff82-45fd-4d72-a0c3-e7953d37b758/sm
2023-12-13 16:21:09,348 [grpc-default-executor-8] TRACE util.FileUtils (LogUtils.java:runAndLog(49)) - Successfully ran Files.delete /home/runner/work/ratis/ratis/ratis-test/target/test/data/1e4ee837/MiniRaftClusterWithGrpc24096a27/s2/76edff82-45fd-4d72-a0c3-e7953d37b758/in_use.lock
2023-12-13 16:21:09,348 [grpc-default-executor-8] TRACE util.FileUtils (LogUtils.java:runAndLog(49)) - Successfully ran Files.delete /home/runner/work/ratis/ratis/ratis-test/target/test/data/1e4ee837/MiniRaftClusterWithGrpc24096a27/s2/76edff82-45fd-4d72-a0c3-e7953d37b758/current/raft-meta
2023-12-13 16:21:09,348 [grpc-default-executor-8] TRACE util.FileUtils (LogUtils.java:runAndLog(49)) - Successfully ran Files.delete /home/runner/work/ratis/ratis/ratis-test/target/test/data/1e4ee837/MiniRaftClusterWithGrpc24096a27/s2/76edff82-45fd-4d72-a0c3-e7953d37b758/current/raft-meta.conf
2023-12-13 16:21:09,348 [grpc-default-executor-8] TRACE util.FileUtils (LogUtils.java:runAndLog(49)) - Successfully ran Files.delete /home/runner/work/ratis/ratis/ratis-test/target/test/data/1e4ee837/MiniRaftClusterWithGrpc24096a27/s2/76edff82-45fd-4d72-a0c3-e7953d37b758/current/log_inprogress_0
2023-12-13 16:21:09,348 [grpc-default-executor-8] TRACE util.FileUtils (LogUtils.java:runAndLog(49)) - Successfully ran Files.delete /home/runner/work/ratis/ratis/ratis-test/target/test/data/1e4ee837/MiniRaftClusterWithGrpc24096a27/s2/76edff82-45fd-4d72-a0c3-e7953d37b758/current
2023-12-13 16:21:09,348 [grpc-default-executor-8] TRACE util.FileUtils (LogUtils.java:runAndLog(49)) - Successfully ran Files.delete /home/runner/work/ratis/ratis/ratis-test/target/test/data/1e4ee837/MiniRaftClusterWithGrpc24096a27/s2/76edff82-45fd-4d72-a0c3-e7953d37b758
2023-12-13 16:21:09,348 [grpc-default-executor-8] INFO  server.RaftServer$Division (RaftServerImpl.java:groupRemove(486)) - s2@group-E7953D37B758: Succeed to remove RaftStorageDirectory Storage Directory /home/runner/work/ratis/ratis/ratis-test/target/test/data/1e4ee837/MiniRaftClusterWithGrpc24096a27/s2/76edff82-45fd-4d72-a0c3-e7953d37b758
2023-12-13 16:21:09,351 [Time-limited test] INFO  impl.GroupManagementBaseTest (GroupManagementBaseTest.java:runMultiGroupTest(299)) - 1) close printing group-EF1EF37F607A
  s5:  RUNNING [
   FOLLOWER s5@group-215AF6FE8C9E:t0, leader=null, voted=, raftlog=Memoized:s5@group-215AF6FE8C9E-SegmentedRaftLog:OPENED:c-1, conf=-1: peers:[]|listeners:[], old=null STARTING
     LEADER s5@group-EF1EF37F607A:t1, leader=s5, voted=s5, raftlog=Memoized:s5@group-EF1EF37F607A-SegmentedRaftLog:OPENED:c0, conf=0: peers:[s5|0.0.0.0:39205, s6|0.0.0.0:33523, s7|0.0.0.0:33769]|listeners:[], old=null RUNNING] size=2
  s6:  RUNNING [
   FOLLOWER s6@group-215AF6FE8C9E:t0, leader=null, voted=, raftlog=Memoized:s6@group-215AF6FE8C9E-SegmentedRaftLog:OPENED:c-1, conf=-1: peers:[]|listeners:[], old=null STARTING
   FOLLOWER s6@group-EF1EF37F607A:t1, leader=s5, voted=s5, raftlog=Memoized:s6@group-EF1EF37F607A-SegmentedRaftLog:OPENED:c0, conf=0: peers:[s5|0.0.0.0:39205, s6|0.0.0.0:33523, s7|0.0.0.0:33769]|listeners:[], old=null RUNNING] size=2
  s7:  RUNNING [
   FOLLOWER s7@group-215AF6FE8C9E:t0, leader=null, voted=, raftlog=Memoized:s7@group-215AF6FE8C9E-SegmentedRaftLog:OPENED:c-1, conf=-1: peers:[]|listeners:[], old=null STARTING
   FOLLOWER s7@group-EF1EF37F607A:t1, leader=s5, voted=s5, raftlog=Memoized:s7@group-EF1EF37F607A-SegmentedRaftLog:OPENED:c0, conf=0: peers:[s5|0.0.0.0:39205, s6|0.0.0.0:33523, s7|0.0.0.0:33769]|listeners:[], old=null RUNNING] size=2
2023-12-13 16:21:09,351 [Time-limited test] DEBUG client.RaftClient (ConfUtils.java:logGet(46)) - raft.rpc.type = GRPC (default)
2023-12-13 16:21:09,355 [grpc-default-executor-8] INFO  server.RaftServer (RaftServerProxy.java:remove(111)) - s5: remove    LEADER s5@group-EF1EF37F607A:t1, leader=s5, voted=s5, raftlog=Memoized:s5@group-EF1EF37F607A-SegmentedRaftLog:OPENED:c0, conf=0: peers:[s5|0.0.0.0:39205, s6|0.0.0.0:33523, s7|0.0.0.0:33769]|listeners:[], old=null RUNNING
2023-12-13 16:21:09,355 [grpc-default-executor-8] INFO  server.RaftServer$Division (RaftServerImpl.java:lambda$close$3(516)) - s5@group-EF1EF37F607A: shutdown
2023-12-13 16:21:09,355 [grpc-default-executor-8] INFO  util.JmxRegister (JmxRegister.java:unregister(73)) - Successfully un-registered JMX Bean with object name Ratis:service=RaftServer,group=group-EF1EF37F607A,id=s5
2023-12-13 16:21:09,355 [grpc-default-executor-8] INFO  impl.RoleInfo (RoleInfo.java:shutdownLeaderState(94)) - s5: shutdown s5@group-EF1EF37F607A-LeaderStateImpl
2023-12-13 16:21:09,355 [s5@group-EF1EF37F607A->s6-GrpcLogAppender-LogAppenderDaemon] WARN  server.GrpcLogAppender (GrpcLogAppender.java:mayWait(279)) - s5@group-EF1EF37F607A->s6-GrpcLogAppender: Wait interrupted by java.lang.InterruptedException
2023-12-13 16:21:09,355 [grpc-default-executor-8] INFO  impl.PendingRequests (PendingRequests.java:sendNotLeaderResponses(289)) - s5@group-EF1EF37F607A-PendingRequests: sendNotLeaderResponses
2023-12-13 16:21:09,355 [s5@group-EF1EF37F607A->s7-GrpcLogAppender-LogAppenderDaemon] WARN  server.GrpcLogAppender (GrpcLogAppender.java:mayWait(279)) - s5@group-EF1EF37F607A->s7-GrpcLogAppender: Wait interrupted by java.lang.InterruptedException
2023-12-13 16:21:09,355 [grpc-default-executor-8] INFO  impl.StateMachineUpdater (StateMachineUpdater.java:stopAndJoin(157)) - s5@group-EF1EF37F607A-StateMachineUpdater: set stopIndex = 0
2023-12-13 16:21:09,356 [grpc-default-executor-3] INFO  server.GrpcServerProtocolService (GrpcServerProtocolService.java:onCompleted(157)) - s6: Completed APPEND_ENTRIES, lastRequest: null
2023-12-13 16:21:09,356 [grpc-default-executor-1] INFO  server.GrpcServerProtocolService (GrpcServerProtocolService.java:onCompleted(157)) - s6: Completed APPEND_ENTRIES, lastRequest: s5->s6#1-t1,previous=(t:0, i:0),leaderCommit=-1,initializing? false,entries: size=1, first=(t:1, i:0), CONFIGURATIONENTRY(current:id: "s5"
address: "0.0.0.0:39205"
clientAddress: "0.0.0.0:39205"
adminAddress: "0.0.0.0:39205"
startupRole: FOLLOWER
,id: "s6"
address: "0.0.0.0:33523"
clientAddress: "0.0.0.0:33523"
adminAddress: "0.0.0.0:33523"
startupRole: FOLLOWER
,id: "s7"
address: "0.0.0.0:33769"
clientAddress: "0.0.0.0:33769"
adminAddress: "0.0.0.0:33769"
startupRole: FOLLOWER
, old:)
2023-12-13 16:21:09,356 [grpc-default-executor-1] INFO  server.GrpcServerProtocolService (GrpcServerProtocolService.java:lambda$onCompleted$5(159)) - s6: Completed APPEND_ENTRIES, lastReply: null
2023-12-13 16:21:09,356 [grpc-default-executor-8] INFO  server.RaftServer$Division (ServerState.java:close(423)) - s5@group-EF1EF37F607A: applyIndex: 0
2023-12-13 16:21:09,356 [grpc-default-executor-4] INFO  server.GrpcServerProtocolService (GrpcServerProtocolService.java:onCompleted(157)) - s7: Completed APPEND_ENTRIES, lastRequest: s5->s7#1-t1,previous=(t:0, i:0),leaderCommit=-1,initializing? false,entries: size=1, first=(t:1, i:0), CONFIGURATIONENTRY(current:id: "s5"
address: "0.0.0.0:39205"
clientAddress: "0.0.0.0:39205"
adminAddress: "0.0.0.0:39205"
startupRole: FOLLOWER
,id: "s6"
address: "0.0.0.0:33523"
clientAddress: "0.0.0.0:33523"
adminAddress: "0.0.0.0:33523"
startupRole: FOLLOWER
,id: "s7"
address: "0.0.0.0:33769"
clientAddress: "0.0.0.0:33769"
adminAddress: "0.0.0.0:33769"
startupRole: FOLLOWER
, old:)
2023-12-13 16:21:09,356 [grpc-default-executor-4] INFO  server.GrpcServerProtocolService (GrpcServerProtocolService.java:lambda$onCompleted$5(159)) - s7: Completed APPEND_ENTRIES, lastReply: null
2023-12-13 16:21:09,356 [grpc-default-executor-3] INFO  server.GrpcServerProtocolService (GrpcServerProtocolService.java:lambda$onCompleted$5(159)) - s6: Completed APPEND_ENTRIES, lastReply: serverReply {
  requestorId: "s5"
  replyId: "s6"
  raftGroupId {
    id: "P\353\210\243\225\220@g\247=\357\036\363\177`z"
  }
  callId: 13
  success: true
}
term: 1
nextIndex: 1
matchIndex: 18446744073709551615
isHearbeat: true

2023-12-13 16:21:09,356 [grpc-default-executor-7] INFO  server.GrpcServerProtocolService (GrpcServerProtocolService.java:onCompleted(157)) - s7: Completed APPEND_ENTRIES, lastRequest: null
2023-12-13 16:21:09,356 [s5@group-EF1EF37F607A-cacheEviction-AwaitToRun] INFO  util.AwaitToRun (AwaitToRun.java:run(49)) - s5@group-EF1EF37F607A-cacheEviction-AwaitToRun-AwaitForSignal is interrupted
2023-12-13 16:21:09,356 [grpc-default-executor-4] INFO  server.GrpcLogAppender (GrpcLogAppender.java:onCompleted(534)) - s5@group-EF1EF37F607A->s7-AppendLogResponseHandler: follower responses appendEntries COMPLETED
2023-12-13 16:21:09,358 [grpc-default-executor-3] INFO  server.GrpcLogAppender (GrpcLogAppender.java:onCompleted(534)) - s5@group-EF1EF37F607A->s6-AppendLogResponseHandler: follower responses appendEntries COMPLETED
2023-12-13 16:21:09,358 [grpc-default-executor-1] INFO  server.GrpcLogAppender (GrpcLogAppender.java:onCompleted(534)) - s5@group-EF1EF37F607A->s6-AppendLogResponseHandler: follower responses appendEntries COMPLETED
2023-12-13 16:21:09,358 [grpc-default-executor-7] INFO  server.GrpcServerProtocolService (GrpcServerProtocolService.java:lambda$onCompleted$5(159)) - s7: Completed APPEND_ENTRIES, lastReply: serverReply {
  requestorId: "s5"
  replyId: "s7"
  raftGroupId {
    id: "P\353\210\243\225\220@g\247=\357\036\363\177`z"
  }
  callId: 12
  success: true
}
term: 1
nextIndex: 1
matchIndex: 18446744073709551615
isHearbeat: true

2023-12-13 16:21:09,359 [grpc-default-executor-7] INFO  server.GrpcLogAppender (GrpcLogAppender.java:onCompleted(534)) - s5@group-EF1EF37F607A->s7-AppendLogResponseHandler: follower responses appendEntries COMPLETED
2023-12-13 16:21:09,513 [grpc-default-executor-8] INFO  segmented.SegmentedRaftLogWorker (SegmentedRaftLogWorker.java:close(245)) - s5@group-EF1EF37F607A-SegmentedRaftLogWorker close()
2023-12-13 16:21:09,514 [grpc-default-executor-8] TRACE util.FileUtils (FileUtils.java:deleteFully(305)) - deleteFully /home/runner/work/ratis/ratis/ratis-test/target/test/data/1e4ee837/MiniRaftClusterWithGrpc24096a27/s5/50eb88a3-9590-4067-a73d-ef1ef37f607a
2023-12-13 16:21:09,514 [grpc-default-executor-8] TRACE util.FileUtils (LogUtils.java:runAndLog(49)) - Successfully ran Files.delete /home/runner/work/ratis/ratis/ratis-test/target/test/data/1e4ee837/MiniRaftClusterWithGrpc24096a27/s5/50eb88a3-9590-4067-a73d-ef1ef37f607a/sm
2023-12-13 16:21:09,514 [grpc-default-executor-8] TRACE util.FileUtils (LogUtils.java:runAndLog(49)) - Successfully ran Files.delete /home/runner/work/ratis/ratis/ratis-test/target/test/data/1e4ee837/MiniRaftClusterWithGrpc24096a27/s5/50eb88a3-9590-4067-a73d-ef1ef37f607a/in_use.lock
2023-12-13 16:21:09,515 [grpc-default-executor-8] TRACE util.FileUtils (LogUtils.java:runAndLog(49)) - Successfully ran Files.delete /home/runner/work/ratis/ratis/ratis-test/target/test/data/1e4ee837/MiniRaftClusterWithGrpc24096a27/s5/50eb88a3-9590-4067-a73d-ef1ef37f607a/current/raft-meta
2023-12-13 16:21:09,515 [grpc-default-executor-8] TRACE util.FileUtils (LogUtils.java:runAndLog(49)) - Successfully ran Files.delete /home/runner/work/ratis/ratis/ratis-test/target/test/data/1e4ee837/MiniRaftClusterWithGrpc24096a27/s5/50eb88a3-9590-4067-a73d-ef1ef37f607a/current/raft-meta.conf
2023-12-13 16:21:09,515 [grpc-default-executor-8] TRACE util.FileUtils (LogUtils.java:runAndLog(49)) - Successfully ran Files.delete /home/runner/work/ratis/ratis/ratis-test/target/test/data/1e4ee837/MiniRaftClusterWithGrpc24096a27/s5/50eb88a3-9590-4067-a73d-ef1ef37f607a/current/log_inprogress_0
2023-12-13 16:21:09,515 [grpc-default-executor-8] TRACE util.FileUtils (LogUtils.java:runAndLog(49)) - Successfully ran Files.delete /home/runner/work/ratis/ratis/ratis-test/target/test/data/1e4ee837/MiniRaftClusterWithGrpc24096a27/s5/50eb88a3-9590-4067-a73d-ef1ef37f607a/current
2023-12-13 16:21:09,515 [grpc-default-executor-8] TRACE util.FileUtils (LogUtils.java:runAndLog(49)) - Successfully ran Files.delete /home/runner/work/ratis/ratis/ratis-test/target/test/data/1e4ee837/MiniRaftClusterWithGrpc24096a27/s5/50eb88a3-9590-4067-a73d-ef1ef37f607a
2023-12-13 16:21:09,515 [grpc-default-executor-8] INFO  server.RaftServer$Division (RaftServerImpl.java:groupRemove(486)) - s5@group-EF1EF37F607A: Succeed to remove RaftStorageDirectory Storage Directory /home/runner/work/ratis/ratis/ratis-test/target/test/data/1e4ee837/MiniRaftClusterWithGrpc24096a27/s5/50eb88a3-9590-4067-a73d-ef1ef37f607a
2023-12-13 16:21:09,517 [Time-limited test] DEBUG client.RaftClient (ConfUtils.java:logGet(46)) - raft.rpc.type = GRPC (default)
2023-12-13 16:21:09,520 [grpc-default-executor-8] INFO  server.RaftServer (RaftServerProxy.java:remove(111)) - s6: remove  FOLLOWER s6@group-EF1EF37F607A:t1, leader=s5, voted=s5, raftlog=Memoized:s6@group-EF1EF37F607A-SegmentedRaftLog:OPENED:c0, conf=0: peers:[s5|0.0.0.0:39205, s6|0.0.0.0:33523, s7|0.0.0.0:33769]|listeners:[], old=null RUNNING
2023-12-13 16:21:09,520 [grpc-default-executor-8] INFO  server.RaftServer$Division (RaftServerImpl.java:lambda$close$3(516)) - s6@group-EF1EF37F607A: shutdown
2023-12-13 16:21:09,520 [grpc-default-executor-8] INFO  util.JmxRegister (JmxRegister.java:unregister(73)) - Successfully un-registered JMX Bean with object name Ratis:service=RaftServer,group=group-EF1EF37F607A,id=s6
2023-12-13 16:21:09,520 [grpc-default-executor-8] INFO  impl.RoleInfo (RoleInfo.java:shutdownFollowerState(110)) - s6: shutdown s6@group-EF1EF37F607A-FollowerState
2023-12-13 16:21:09,520 [grpc-default-executor-8] INFO  impl.StateMachineUpdater (StateMachineUpdater.java:stopAndJoin(157)) - s6@group-EF1EF37F607A-StateMachineUpdater: set stopIndex = 0
2023-12-13 16:21:09,520 [s6@group-EF1EF37F607A-FollowerState] INFO  impl.FollowerState (FollowerState.java:run(152)) - s6@group-EF1EF37F607A-FollowerState was interrupted
2023-12-13 16:21:09,520 [grpc-default-executor-8] INFO  server.RaftServer$Division (ServerState.java:close(423)) - s6@group-EF1EF37F607A: applyIndex: 0
2023-12-13 16:21:09,520 [s6@group-EF1EF37F607A-cacheEviction-AwaitToRun] INFO  util.AwaitToRun (AwaitToRun.java:run(49)) - s6@group-EF1EF37F607A-cacheEviction-AwaitToRun-AwaitForSignal is interrupted
2023-12-13 16:21:09,525 [grpc-default-executor-8] INFO  segmented.SegmentedRaftLogWorker (SegmentedRaftLogWorker.java:close(245)) - s6@group-EF1EF37F607A-SegmentedRaftLogWorker close()
2023-12-13 16:21:09,526 [grpc-default-executor-8] TRACE util.FileUtils (FileUtils.java:deleteFully(305)) - deleteFully /home/runner/work/ratis/ratis/ratis-test/target/test/data/1e4ee837/MiniRaftClusterWithGrpc24096a27/s6/50eb88a3-9590-4067-a73d-ef1ef37f607a
2023-12-13 16:21:09,526 [grpc-default-executor-8] TRACE util.FileUtils (LogUtils.java:runAndLog(49)) - Successfully ran Files.delete /home/runner/work/ratis/ratis/ratis-test/target/test/data/1e4ee837/MiniRaftClusterWithGrpc24096a27/s6/50eb88a3-9590-4067-a73d-ef1ef37f607a/sm
2023-12-13 16:21:09,526 [grpc-default-executor-8] TRACE util.FileUtils (LogUtils.java:runAndLog(49)) - Successfully ran Files.delete /home/runner/work/ratis/ratis/ratis-test/target/test/data/1e4ee837/MiniRaftClusterWithGrpc24096a27/s6/50eb88a3-9590-4067-a73d-ef1ef37f607a/in_use.lock
2023-12-13 16:21:09,526 [grpc-default-executor-8] TRACE util.FileUtils (LogUtils.java:runAndLog(49)) - Successfully ran Files.delete /home/runner/work/ratis/ratis/ratis-test/target/test/data/1e4ee837/MiniRaftClusterWithGrpc24096a27/s6/50eb88a3-9590-4067-a73d-ef1ef37f607a/current/raft-meta
2023-12-13 16:21:09,526 [grpc-default-executor-8] TRACE util.FileUtils (LogUtils.java:runAndLog(49)) - Successfully ran Files.delete /home/runner/work/ratis/ratis/ratis-test/target/test/data/1e4ee837/MiniRaftClusterWithGrpc24096a27/s6/50eb88a3-9590-4067-a73d-ef1ef37f607a/current/raft-meta.conf
2023-12-13 16:21:09,527 [grpc-default-executor-8] TRACE util.FileUtils (LogUtils.java:runAndLog(49)) - Successfully ran Files.delete /home/runner/work/ratis/ratis/ratis-test/target/test/data/1e4ee837/MiniRaftClusterWithGrpc24096a27/s6/50eb88a3-9590-4067-a73d-ef1ef37f607a/current/log_inprogress_0
2023-12-13 16:21:09,527 [grpc-default-executor-8] TRACE util.FileUtils (LogUtils.java:runAndLog(49)) - Successfully ran Files.delete /home/runner/work/ratis/ratis/ratis-test/target/test/data/1e4ee837/MiniRaftClusterWithGrpc24096a27/s6/50eb88a3-9590-4067-a73d-ef1ef37f607a/current
2023-12-13 16:21:09,527 [grpc-default-executor-8] TRACE util.FileUtils (LogUtils.java:runAndLog(49)) - Successfully ran Files.delete /home/runner/work/ratis/ratis/ratis-test/target/test/data/1e4ee837/MiniRaftClusterWithGrpc24096a27/s6/50eb88a3-9590-4067-a73d-ef1ef37f607a
2023-12-13 16:21:09,527 [grpc-default-executor-8] INFO  server.RaftServer$Division (RaftServerImpl.java:groupRemove(486)) - s6@group-EF1EF37F607A: Succeed to remove RaftStorageDirectory Storage Directory /home/runner/work/ratis/ratis/ratis-test/target/test/data/1e4ee837/MiniRaftClusterWithGrpc24096a27/s6/50eb88a3-9590-4067-a73d-ef1ef37f607a
2023-12-13 16:21:09,528 [Time-limited test] DEBUG client.RaftClient (ConfUtils.java:logGet(46)) - raft.rpc.type = GRPC (default)
2023-12-13 16:21:09,530 [grpc-default-executor-8] INFO  server.RaftServer (RaftServerProxy.java:remove(111)) - s7: remove  FOLLOWER s7@group-EF1EF37F607A:t1, leader=s5, voted=s5, raftlog=Memoized:s7@group-EF1EF37F607A-SegmentedRaftLog:OPENED:c0, conf=0: peers:[s5|0.0.0.0:39205, s6|0.0.0.0:33523, s7|0.0.0.0:33769]|listeners:[], old=null RUNNING
2023-12-13 16:21:09,530 [grpc-default-executor-8] INFO  server.RaftServer$Division (RaftServerImpl.java:lambda$close$3(516)) - s7@group-EF1EF37F607A: shutdown
2023-12-13 16:21:09,530 [grpc-default-executor-8] INFO  util.JmxRegister (JmxRegister.java:unregister(73)) - Successfully un-registered JMX Bean with object name Ratis:service=RaftServer,group=group-EF1EF37F607A,id=s7
2023-12-13 16:21:09,530 [grpc-default-executor-8] INFO  impl.RoleInfo (RoleInfo.java:shutdownFollowerState(110)) - s7: shutdown s7@group-EF1EF37F607A-FollowerState
2023-12-13 16:21:09,530 [grpc-default-executor-8] INFO  impl.StateMachineUpdater (StateMachineUpdater.java:stopAndJoin(157)) - s7@group-EF1EF37F607A-StateMachineUpdater: set stopIndex = 0
2023-12-13 16:21:09,530 [s7@group-EF1EF37F607A-FollowerState] INFO  impl.FollowerState (FollowerState.java:run(152)) - s7@group-EF1EF37F607A-FollowerState was interrupted
2023-12-13 16:21:09,530 [grpc-default-executor-8] INFO  server.RaftServer$Division (ServerState.java:close(423)) - s7@group-EF1EF37F607A: applyIndex: 0
2023-12-13 16:21:09,531 [s7@group-EF1EF37F607A-cacheEviction-AwaitToRun] INFO  util.AwaitToRun (AwaitToRun.java:run(49)) - s7@group-EF1EF37F607A-cacheEviction-AwaitToRun-AwaitForSignal is interrupted
2023-12-13 16:21:10,525 [grpc-default-executor-8] INFO  segmented.SegmentedRaftLogWorker (SegmentedRaftLogWorker.java:close(245)) - s7@group-EF1EF37F607A-SegmentedRaftLogWorker close()
2023-12-13 16:21:10,527 [grpc-default-executor-8] TRACE util.FileUtils (FileUtils.java:deleteFully(305)) - deleteFully /home/runner/work/ratis/ratis/ratis-test/target/test/data/1e4ee837/MiniRaftClusterWithGrpc24096a27/s7/50eb88a3-9590-4067-a73d-ef1ef37f607a
2023-12-13 16:21:10,527 [grpc-default-executor-8] TRACE util.FileUtils (LogUtils.java:runAndLog(49)) - Successfully ran Files.delete /home/runner/work/ratis/ratis/ratis-test/target/test/data/1e4ee837/MiniRaftClusterWithGrpc24096a27/s7/50eb88a3-9590-4067-a73d-ef1ef37f607a/sm
2023-12-13 16:21:10,527 [grpc-default-executor-8] TRACE util.FileUtils (LogUtils.java:runAndLog(49)) - Successfully ran Files.delete /home/runner/work/ratis/ratis/ratis-test/target/test/data/1e4ee837/MiniRaftClusterWithGrpc24096a27/s7/50eb88a3-9590-4067-a73d-ef1ef37f607a/in_use.lock
2023-12-13 16:21:10,527 [grpc-default-executor-8] TRACE util.FileUtils (LogUtils.java:runAndLog(49)) - Successfully ran Files.delete /home/runner/work/ratis/ratis/ratis-test/target/test/data/1e4ee837/MiniRaftClusterWithGrpc24096a27/s7/50eb88a3-9590-4067-a73d-ef1ef37f607a/current/raft-meta
2023-12-13 16:21:10,527 [grpc-default-executor-8] TRACE util.FileUtils (LogUtils.java:runAndLog(49)) - Successfully ran Files.delete /home/runner/work/ratis/ratis/ratis-test/target/test/data/1e4ee837/MiniRaftClusterWithGrpc24096a27/s7/50eb88a3-9590-4067-a73d-ef1ef37f607a/current/raft-meta.conf
2023-12-13 16:21:10,528 [grpc-default-executor-8] TRACE util.FileUtils (LogUtils.java:runAndLog(49)) - Successfully ran Files.delete /home/runner/work/ratis/ratis/ratis-test/target/test/data/1e4ee837/MiniRaftClusterWithGrpc24096a27/s7/50eb88a3-9590-4067-a73d-ef1ef37f607a/current/log_inprogress_0
2023-12-13 16:21:10,528 [grpc-default-executor-8] TRACE util.FileUtils (LogUtils.java:runAndLog(49)) - Successfully ran Files.delete /home/runner/work/ratis/ratis/ratis-test/target/test/data/1e4ee837/MiniRaftClusterWithGrpc24096a27/s7/50eb88a3-9590-4067-a73d-ef1ef37f607a/current
2023-12-13 16:21:10,528 [grpc-default-executor-8] TRACE util.FileUtils (LogUtils.java:runAndLog(49)) - Successfully ran Files.delete /home/runner/work/ratis/ratis/ratis-test/target/test/data/1e4ee837/MiniRaftClusterWithGrpc24096a27/s7/50eb88a3-9590-4067-a73d-ef1ef37f607a
2023-12-13 16:21:10,528 [grpc-default-executor-8] INFO  server.RaftServer$Division (RaftServerImpl.java:groupRemove(486)) - s7@group-EF1EF37F607A: Succeed to remove RaftStorageDirectory Storage Directory /home/runner/work/ratis/ratis/ratis-test/target/test/data/1e4ee837/MiniRaftClusterWithGrpc24096a27/s7/50eb88a3-9590-4067-a73d-ef1ef37f607a
| MiniRaftClusterWithGrpc[5, 8, 9]chosen=2 | close groups | 123 |
2023-12-13 16:21:10,531 [Time-limited test] INFO  impl.GroupManagementBaseTest (GroupManagementBaseTest.java:runMultiGroupTest(316)) - close groups: printing ALL groups
  s3:  RUNNING  FOLLOWER s3@group-215AF6FE8C9E:t0, leader=null, voted=, raftlog=Memoized:s3@group-215AF6FE8C9E-SegmentedRaftLog:OPENED:c-1, conf=-1: peers:[]|listeners:[], old=null STARTING
  s4:  RUNNING  FOLLOWER s4@group-215AF6FE8C9E:t0, leader=null, voted=, raftlog=Memoized:s4@group-215AF6FE8C9E-SegmentedRaftLog:OPENED:c-1, conf=-1: peers:[]|listeners:[], old=null STARTING
  s5:  RUNNING  FOLLOWER s5@group-215AF6FE8C9E:t0, leader=null, voted=, raftlog=Memoized:s5@group-215AF6FE8C9E-SegmentedRaftLog:OPENED:c-1, conf=-1: peers:[]|listeners:[], old=null STARTING
  s6:  RUNNING  FOLLOWER s6@group-215AF6FE8C9E:t0, leader=null, voted=, raftlog=Memoized:s6@group-215AF6FE8C9E-SegmentedRaftLog:OPENED:c-1, conf=-1: peers:[]|listeners:[], old=null STARTING
  s7:  RUNNING  FOLLOWER s7@group-215AF6FE8C9E:t0, leader=null, voted=, raftlog=Memoized:s7@group-215AF6FE8C9E-SegmentedRaftLog:OPENED:c-1, conf=-1: peers:[]|listeners:[], old=null STARTING
  s8:  RUNNING [
   FOLLOWER s8@group-215AF6FE8C9E:t0, leader=null, voted=, raftlog=Memoized:s8@group-215AF6FE8C9E-SegmentedRaftLog:OPENED:c-1, conf=-1: peers:[]|listeners:[], old=null STARTING
     LEADER s8@group-F8F047037FEF:t1, leader=s8, voted=s8, raftlog=Memoized:s8@group-F8F047037FEF-SegmentedRaftLog:OPENED:c0, conf=0: peers:[s8|0.0.0.0:44341]|listeners:[], old=null RUNNING] size=2
  s0:  RUNNING  FOLLOWER s0@group-215AF6FE8C9E:t0, leader=null, voted=, raftlog=Memoized:s0@group-215AF6FE8C9E-SegmentedRaftLog:OPENED:c-1, conf=-1: peers:[]|listeners:[], old=null STARTING
  s1:  RUNNING  FOLLOWER s1@group-215AF6FE8C9E:t0, leader=null, voted=, raftlog=Memoized:s1@group-215AF6FE8C9E-SegmentedRaftLog:OPENED:c-1, conf=-1: peers:[]|listeners:[], old=null STARTING
  s2:  RUNNING  FOLLOWER s2@group-215AF6FE8C9E:t0, leader=null, voted=, raftlog=Memoized:s2@group-215AF6FE8C9E-SegmentedRaftLog:OPENED:c-1, conf=-1: peers:[]|listeners:[], old=null STARTING
2023-12-13 16:21:10,531 [Time-limited test] INFO  impl.GroupManagementBaseTest (GroupManagementBaseTest.java:runMultiGroupTest(322)) - 0) groupAdd: printing group-E7953D37B758
2023-12-13 16:21:10,531 [Time-limited test] DEBUG client.RaftClient (ConfUtils.java:logGet(46)) - raft.rpc.type = GRPC (default)
2023-12-13 16:21:10,534 [grpc-default-executor-8] INFO  server.RaftServer (RaftServerProxy.java:addNew(100)) - s3: addNew group-F8F047037FEF:[] returns group-F8F047037FEF:java.util.concurrent.CompletableFuture@574b5563[Not completed]
2023-12-13 16:21:10,534 [s3-groupManagement] INFO  server.RaftServer$Division (RaftServerImpl.java:<init>(256)) - s3: new RaftServerImpl for group-F8F047037FEF:[] with BaseStateMachine:uninitialized
2023-12-13 16:21:10,534 [s3-groupManagement] INFO  server.RaftServerConfigKeys (ConfUtils.java:logGet(46)) - raft.server.rpc.timeout.min = 1500ms (custom)
2023-12-13 16:21:10,534 [s3-groupManagement] INFO  server.RaftServerConfigKeys (ConfUtils.java:logGet(46)) - raft.server.rpc.timeout.max = 2000ms (custom)
2023-12-13 16:21:10,534 [s3-groupManagement] INFO  server.RaftServerConfigKeys (ConfUtils.java:logGet(46)) - raft.server.rpc.sleep.time = 25ms (default)
2023-12-13 16:21:10,534 [s3-groupManagement] INFO  server.RaftServerConfigKeys (ConfUtils.java:logGet(46)) - raft.server.rpc.slowness.timeout = 60s (default)
2023-12-13 16:21:10,534 [s3-groupManagement] INFO  server.RaftServerConfigKeys (ConfUtils.java:logGet(46)) - raft.server.leaderelection.leader.step-down.wait-time = 10s (default)
2023-12-13 16:21:10,534 [s3-groupManagement] INFO  server.RaftServerConfigKeys (ConfUtils.java:logGet(46)) - raft.server.leaderelection.member.majority-add = false (default)
2023-12-13 16:21:10,534 [s3-groupManagement] INFO  server.RaftServerConfigKeys (ConfUtils.java:logGet(46)) - raft.server.sleep.deviation.threshold = 300ms (default)
2023-12-13 16:21:10,534 [s3-groupManagement] INFO  server.RaftServer$Division (ServerState.java:<init>(113)) - s3@group-F8F047037FEF: ConfigurationManager, init=-1: peers:[]|listeners:[], old=null, confs=<EMPTY_MAP>
2023-12-13 16:21:10,534 [s3-groupManagement] INFO  server.RaftServerConfigKeys (ConfUtils.java:logGet(46)) - raft.server.notification.no-leader.timeout = 60s (default)
2023-12-13 16:21:10,534 [s3-groupManagement] INFO  server.RaftServerConfigKeys (ConfUtils.java:logGet(46)) - raft.server.read.timeout = 10s (default)
2023-12-13 16:21:10,534 [s3-groupManagement] INFO  server.RaftServerConfigKeys (ConfUtils.java:logGet(46)) - raft.server.retrycache.expirytime = 60s (default)
2023-12-13 16:21:10,534 [s3-groupManagement] INFO  server.RaftServerConfigKeys (ConfUtils.java:logGet(46)) - raft.server.retrycache.statistics.expirytime = 100ms (default)
2023-12-13 16:21:10,534 [s3-groupManagement] INFO  server.RaftServerConfigKeys (ConfUtils.java:logGet(46)) - raft.server.read.option = DEFAULT (default)
2023-12-13 16:21:10,534 [s3-groupManagement] INFO  server.RaftServerConfigKeys (ConfUtils.java:logGet(46)) - raft.server.read.read-after-write-consistent.write-index-cache.expiry-time = 60s (default)
2023-12-13 16:21:10,535 [s3-groupManagement] INFO  server.RaftServerConfigKeys (ConfUtils.java:logGet(46)) - raft.server.rpc.request.timeout = 3000ms (default)
2023-12-13 16:21:10,535 [s3-groupManagement] INFO  server.RaftServerConfigKeys (ConfUtils.java:logGet(46)) - raft.server.log.appender.install.snapshot.enabled = true (default)
2023-12-13 16:21:10,535 [s3-groupManagement] INFO  server.RaftServerConfigKeys (ConfUtils.java:logGet(46)) - raft.server.threadpool.server.cached = true (default)
2023-12-13 16:21:10,535 [s3-groupManagement] INFO  server.RaftServerConfigKeys (ConfUtils.java:logGet(46)) - raft.server.threadpool.server.size = 0 (default)
2023-12-13 16:21:10,535 [s3-groupManagement] INFO  server.RaftServerConfigKeys (ConfUtils.java:logGet(46)) - raft.server.threadpool.client.cached = true (default)
2023-12-13 16:21:10,535 [s3-groupManagement] INFO  server.RaftServerConfigKeys (ConfUtils.java:logGet(46)) - raft.server.threadpool.client.size = 0 (default)
2023-12-13 16:21:10,535 [s3-groupManagement] DEBUG server.RaftServer (RaftServerProxy.java:lambda$groupAddAsync$13(507)) - s3: newImpl =      null s3@group-F8F047037FEF:t0, leader=null, voted=null, raftlog=UNINITIALIZED, conf=-1: peers:[]|listeners:[], old=null NEW
2023-12-13 16:21:10,535 [s3-groupManagement] INFO  server.RaftServerConfigKeys (ConfUtils.java:logGet(46)) - raft.server.storage.free-space.min = 0MB (=0) (default)
2023-12-13 16:21:10,535 [s3-groupManagement] INFO  server.RaftServerConfigKeys (ConfUtils.java:logGet(46)) - raft.server.log.corruption.policy = EXCEPTION (default)
2023-12-13 16:21:10,535 [s3-groupManagement] INFO  server.RaftServerConfigKeys (ConfUtils.java:logGet(46)) - raft.server.storage.dir = [/home/runner/work/ratis/ratis/ratis-test/target/test/data/1e4ee837/MiniRaftClusterWithGrpc24096a27/s3] (custom)
2023-12-13 16:21:10,535 [s3-groupManagement] INFO  storage.RaftStorageDirectory (RaftStorageDirectoryImpl.java:analyzeStorage(138)) - The storage directory /home/runner/work/ratis/ratis/ratis-test/target/test/data/1e4ee837/MiniRaftClusterWithGrpc24096a27/s3/a9a0c5d7-4cce-4ef9-8f13-f8f047037fef does not exist. Creating ...
2023-12-13 16:21:10,535 [s3-groupManagement] TRACE util.FileUtils (LogUtils.java:runAndLog(49)) - Successfully ran Files.createDirectories /home/runner/work/ratis/ratis/ratis-test/target/test/data/1e4ee837/MiniRaftClusterWithGrpc24096a27/s3/a9a0c5d7-4cce-4ef9-8f13-f8f047037fef
2023-12-13 16:21:10,536 [s3-groupManagement] INFO  storage.RaftStorageDirectory (RaftStorageDirectoryImpl.java:tryLock(228)) - Lock on /home/runner/work/ratis/ratis/ratis-test/target/test/data/1e4ee837/MiniRaftClusterWithGrpc24096a27/s3/a9a0c5d7-4cce-4ef9-8f13-f8f047037fef/in_use.lock acquired by nodename 10819@fv-az890-872
2023-12-13 16:21:10,536 [s3-groupManagement] TRACE util.FileUtils (LogUtils.java:runAndLog(49)) - Successfully ran Files.createDirectories /home/runner/work/ratis/ratis/ratis-test/target/test/data/1e4ee837/MiniRaftClusterWithGrpc24096a27/s3/a9a0c5d7-4cce-4ef9-8f13-f8f047037fef/current
2023-12-13 16:21:10,536 [s3-groupManagement] TRACE util.FileUtils (LogUtils.java:runAndLog(49)) - Successfully ran Files.createDirectories /home/runner/work/ratis/ratis/ratis-test/target/test/data/1e4ee837/MiniRaftClusterWithGrpc24096a27/s3/a9a0c5d7-4cce-4ef9-8f13-f8f047037fef/sm
2023-12-13 16:21:10,536 [s3-groupManagement] TRACE util.FileUtils (LogUtils.java:supplyAndLog(69)) - Successfully supplied FileChannel.open /home/runner/work/ratis/ratis/ratis-test/target/test/data/1e4ee837/MiniRaftClusterWithGrpc24096a27/s3/a9a0c5d7-4cce-4ef9-8f13-f8f047037fef/current/raft-meta.tmp with options [CREATE, WRITE]: sun.nio.ch.FileChannelImpl@31fdbd30
2023-12-13 16:21:10,537 [s3-groupManagement] TRACE util.FileUtils (LogUtils.java:runAndLog(49)) - Successfully ran Atomic Files.move /home/runner/work/ratis/ratis/ratis-test/target/test/data/1e4ee837/MiniRaftClusterWithGrpc24096a27/s3/a9a0c5d7-4cce-4ef9-8f13-f8f047037fef/current/raft-meta.tmp to /home/runner/work/ratis/ratis/ratis-test/target/test/data/1e4ee837/MiniRaftClusterWithGrpc24096a27/s3/a9a0c5d7-4cce-4ef9-8f13-f8f047037fef/current/raft-meta with options [REPLACE_EXISTING]
2023-12-13 16:21:10,537 [s3-groupManagement] INFO  storage.RaftStorage (RaftStorageImpl.java:format(99)) - Storage directory /home/runner/work/ratis/ratis/ratis-test/target/test/data/1e4ee837/MiniRaftClusterWithGrpc24096a27/s3/a9a0c5d7-4cce-4ef9-8f13-f8f047037fef has been successfully formatted.
2023-12-13 16:21:10,538 [s3-groupManagement] TRACE util.FileUtils (LogUtils.java:supplyAndLog(61)) - Failed to Files.newInputStream /home/runner/work/ratis/ratis/ratis-test/target/test/data/1e4ee837/MiniRaftClusterWithGrpc24096a27/s3/a9a0c5d7-4cce-4ef9-8f13-f8f047037fef/current/raft-meta.conf with options []
java.nio.file.NoSuchFileException: /home/runner/work/ratis/ratis/ratis-test/target/test/data/1e4ee837/MiniRaftClusterWithGrpc24096a27/s3/a9a0c5d7-4cce-4ef9-8f13-f8f047037fef/current/raft-meta.conf
	at java.base/sun.nio.fs.UnixException.translateToIOException(UnixException.java:92)
	at java.base/sun.nio.fs.UnixException.rethrowAsIOException(UnixException.java:111)
	at java.base/sun.nio.fs.UnixException.rethrowAsIOException(UnixException.java:116)
	at java.base/sun.nio.fs.UnixFileSystemProvider.newByteChannel(UnixFileSystemProvider.java:219)
	at java.base/java.nio.file.Files.newByteChannel(Files.java:371)
	at java.base/java.nio.file.Files.newByteChannel(Files.java:422)
	at java.base/java.nio.file.spi.FileSystemProvider.newInputStream(FileSystemProvider.java:420)
	at java.base/java.nio.file.Files.newInputStream(Files.java:156)
	at org.apache.ratis.util.FileUtils.lambda$newInputStream$2(FileUtils.java:73)
	at org.apache.ratis.util.LogUtils.supplyAndLog(LogUtils.java:58)
	at org.apache.ratis.util.FileUtils.newInputStream(FileUtils.java:72)
	at org.apache.ratis.util.FileUtils.newInputStream(FileUtils.java:68)
	at org.apache.ratis.server.storage.RaftStorageImpl.readRaftConfiguration(RaftStorageImpl.java:156)
	at org.apache.ratis.server.impl.ServerState.initialize(ServerState.java:141)
	at org.apache.ratis.server.impl.RaftServerImpl.start(RaftServerImpl.java:388)
	at org.apache.ratis.server.impl.RaftServerProxy.lambda$groupAddAsync$13(RaftServerProxy.java:509)
	at java.base/java.util.concurrent.CompletableFuture$UniApply.tryFire(CompletableFuture.java:642)
	at java.base/java.util.concurrent.CompletableFuture$Completion.run(CompletableFuture.java:478)
	at java.base/java.util.concurrent.ThreadPoolExecutor.runWorker(ThreadPoolExecutor.java:1128)
	at java.base/java.util.concurrent.ThreadPoolExecutor$Worker.run(ThreadPoolExecutor.java:628)
	at java.base/java.lang.Thread.run(Thread.java:829)
2023-12-13 16:21:10,538 [s3-groupManagement] INFO  server.RaftServerConfigKeys (ConfUtils.java:logGet(46)) - raft.server.log.use.memory = false (default)
2023-12-13 16:21:10,538 [s3-groupManagement] INFO  server.RaftServerConfigKeys (ConfUtils.java:logGet(46)) - raft.server.log.purge.gap = 1024 (default)
2023-12-13 16:21:10,538 [s3-groupManagement] INFO  server.RaftServerConfigKeys (ConfUtils.java:logGet(46)) - raft.server.log.appender.buffer.byte-limit = 4MB (=4194304) (default)
2023-12-13 16:21:10,538 [s3-groupManagement] INFO  server.RaftServerConfigKeys (ConfUtils.java:logGet(46)) - raft.server.log.statemachine.data.read.timeout = 1000ms (default)
2023-12-13 16:21:10,538 [s3-groupManagement] INFO  server.RaftServerConfigKeys (ConfUtils.java:logGet(46)) - raft.server.log.purge.preservation.log.num = 0 (default)
2023-12-13 16:21:10,538 [s3-groupManagement] INFO  server.RaftServerConfigKeys (ConfUtils.java:logGet(46)) - raft.server.log.segment.size.max = 32MB (=33554432) (default)
2023-12-13 16:21:10,538 [s3-groupManagement] INFO  server.RaftServerConfigKeys (ConfUtils.java:logGet(46)) - raft.server.log.segment.cache.num.max = 6 (default)
2023-12-13 16:21:10,538 [s3-groupManagement] INFO  server.RaftServerConfigKeys (ConfUtils.java:logGet(46)) - raft.server.log.segment.cache.size.max = 200MB (=209715200) (default)
2023-12-13 16:21:10,538 [s3-groupManagement] INFO  server.RaftServerConfigKeys (ConfUtils.java:logGet(46)) - raft.server.log.appender.buffer.byte-limit = 4MB (=4194304) (default)
2023-12-13 16:21:10,538 [s3-groupManagement] INFO  util.AwaitToRun (AwaitToRun.java:start(81)) - Thread[s3@group-F8F047037FEF-cacheEviction-AwaitToRun,5,main] started
2023-12-13 16:21:10,538 [s3-groupManagement] INFO  segmented.SegmentedRaftLogWorker (SegmentedRaftLogWorker.java:<init>(182)) - new s3@group-F8F047037FEF-SegmentedRaftLogWorker for RaftStorageImpl:Storage Directory /home/runner/work/ratis/ratis/ratis-test/target/test/data/1e4ee837/MiniRaftClusterWithGrpc24096a27/s3/a9a0c5d7-4cce-4ef9-8f13-f8f047037fef
2023-12-13 16:21:10,538 [s3-groupManagement] INFO  server.RaftServerConfigKeys (ConfUtils.java:logGet(46)) - raft.server.log.queue.byte-limit = 64MB (=67108864) (default)
2023-12-13 16:21:10,538 [s3-groupManagement] INFO  server.RaftServerConfigKeys (ConfUtils.java:logGet(46)) - raft.server.log.queue.element-limit = 4096 (default)
2023-12-13 16:21:10,538 [s3-groupManagement] INFO  server.RaftServerConfigKeys (ConfUtils.java:logGet(46)) - raft.server.log.segment.size.max = 32MB (=33554432) (default)
2023-12-13 16:21:10,538 [s3-groupManagement] INFO  server.RaftServerConfigKeys (ConfUtils.java:logGet(46)) - raft.server.log.preallocated.size = 4MB (=4194304) (default)
2023-12-13 16:21:10,538 [s3-groupManagement] INFO  server.RaftServerConfigKeys (ConfUtils.java:logGet(46)) - raft.server.log.force.sync.num = 128 (default)
2023-12-13 16:21:10,538 [s3-groupManagement] INFO  server.RaftServerConfigKeys (ConfUtils.java:logGet(46)) - raft.server.log.statemachine.data.sync = true (default)
2023-12-13 16:21:10,538 [s3-groupManagement] INFO  server.RaftServerConfigKeys (ConfUtils.java:logGet(46)) - raft.server.log.statemachine.data.sync.timeout = 10s (default)
2023-12-13 16:21:10,538 [s3-groupManagement] INFO  server.RaftServerConfigKeys (ConfUtils.java:logGet(46)) - raft.server.log.statemachine.data.sync.timeout.retry = -1 (default)
2023-12-13 16:21:10,538 [s3-groupManagement] INFO  server.RaftServerConfigKeys (ConfUtils.java:logGet(46)) - raft.server.log.write.buffer.size = 8MB (=8388608) (default)
2023-12-13 16:21:10,540 [s3-groupManagement] INFO  server.RaftServerConfigKeys (ConfUtils.java:logGet(46)) - raft.server.log.appender.buffer.byte-limit = 4MB (=4194304) (default)
2023-12-13 16:21:10,540 [s3-groupManagement] INFO  server.RaftServerConfigKeys (ConfUtils.java:logGet(46)) - raft.server.log.unsafe-flush.enabled = false (default)
2023-12-13 16:21:10,540 [s3-groupManagement] INFO  server.RaftServerConfigKeys (ConfUtils.java:logGet(46)) - raft.server.log.async-flush.enabled = false (default)
2023-12-13 16:21:10,540 [s3-groupManagement] INFO  server.RaftServerConfigKeys (ConfUtils.java:logGet(46)) - raft.server.log.statemachine.data.caching.enabled = false (default)
2023-12-13 16:21:10,540 [s3-groupManagement] INFO  segmented.SegmentedRaftLogWorker (SegmentedRaftLogWorker.java:lambda$new$0(134)) - s3@group-F8F047037FEF-SegmentedRaftLogWorker: flushIndex: setUnconditionally 0 -> -1
2023-12-13 16:21:10,540 [s3-groupManagement] INFO  segmented.SegmentedRaftLogWorker (SegmentedRaftLogWorker.java:lambda$new$0(134)) - s3@group-F8F047037FEF-SegmentedRaftLogWorker: safeCacheEvictIndex: setUnconditionally 0 -> -1
2023-12-13 16:21:10,540 [s3-groupManagement] INFO  server.RaftServer$Division (RaftServerImpl.java:start(398)) - s3@group-F8F047037FEF: start with initializing state, conf=-1: peers:[]|listeners:[], old=null
2023-12-13 16:21:10,540 [s3-groupManagement] INFO  server.RaftServer$Division (RaftServerImpl.java:setRole(379)) - s3@group-F8F047037FEF: changes role from      null to FOLLOWER at term 0 for startInitializing
2023-12-13 16:21:10,540 [s3-groupManagement] INFO  util.JmxRegister (JmxRegister.java:tryRegister(44)) - Successfully registered JMX Bean with object name Ratis:service=RaftServer,group=group-F8F047037FEF,id=s3
2023-12-13 16:21:10,540 [s3-groupManagement] INFO  server.RaftServerConfigKeys (ConfUtils.java:logGet(46)) - raft.server.snapshot.trigger-when-stop.enabled = true (default)
2023-12-13 16:21:10,540 [s3-groupManagement] INFO  server.RaftServerConfigKeys (ConfUtils.java:logGet(46)) - raft.server.snapshot.auto.trigger.enabled = false (default)
2023-12-13 16:21:10,540 [s3-groupManagement] INFO  server.RaftServerConfigKeys (ConfUtils.java:logGet(46)) - raft.server.snapshot.retention.file.num = -1 (default)
2023-12-13 16:21:10,540 [s3-groupManagement] INFO  server.RaftServerConfigKeys (ConfUtils.java:logGet(46)) - raft.server.log.purge.upto.snapshot.index = false (default)
2023-12-13 16:21:10,542 [Time-limited test] DEBUG client.RaftClient (ConfUtils.java:logGet(46)) - raft.rpc.type = GRPC (default)
2023-12-13 16:21:10,545 [grpc-default-executor-8] INFO  server.RaftServer (RaftServerProxy.java:addNew(100)) - s4: addNew group-F8F047037FEF:[] returns group-F8F047037FEF:java.util.concurrent.CompletableFuture@1e027139[Not completed]
2023-12-13 16:21:10,545 [s4-groupManagement] INFO  server.RaftServer$Division (RaftServerImpl.java:<init>(256)) - s4: new RaftServerImpl for group-F8F047037FEF:[] with BaseStateMachine:uninitialized
2023-12-13 16:21:10,545 [s4-groupManagement] INFO  server.RaftServerConfigKeys (ConfUtils.java:logGet(46)) - raft.server.rpc.timeout.min = 1500ms (custom)
2023-12-13 16:21:10,545 [s4-groupManagement] INFO  server.RaftServerConfigKeys (ConfUtils.java:logGet(46)) - raft.server.rpc.timeout.max = 2000ms (custom)
2023-12-13 16:21:10,545 [s4-groupManagement] INFO  server.RaftServerConfigKeys (ConfUtils.java:logGet(46)) - raft.server.rpc.sleep.time = 25ms (default)
2023-12-13 16:21:10,545 [s4-groupManagement] INFO  server.RaftServerConfigKeys (ConfUtils.java:logGet(46)) - raft.server.rpc.slowness.timeout = 60s (default)
2023-12-13 16:21:10,545 [s4-groupManagement] INFO  server.RaftServerConfigKeys (ConfUtils.java:logGet(46)) - raft.server.leaderelection.leader.step-down.wait-time = 10s (default)
2023-12-13 16:21:10,545 [s4-groupManagement] INFO  server.RaftServerConfigKeys (ConfUtils.java:logGet(46)) - raft.server.leaderelection.member.majority-add = false (default)
2023-12-13 16:21:10,545 [s4-groupManagement] INFO  server.RaftServerConfigKeys (ConfUtils.java:logGet(46)) - raft.server.sleep.deviation.threshold = 300ms (default)
2023-12-13 16:21:10,545 [s4-groupManagement] INFO  server.RaftServer$Division (ServerState.java:<init>(113)) - s4@group-F8F047037FEF: ConfigurationManager, init=-1: peers:[]|listeners:[], old=null, confs=<EMPTY_MAP>
2023-12-13 16:21:10,545 [s4-groupManagement] INFO  server.RaftServerConfigKeys (ConfUtils.java:logGet(46)) - raft.server.notification.no-leader.timeout = 60s (default)
2023-12-13 16:21:10,545 [s4-groupManagement] INFO  server.RaftServerConfigKeys (ConfUtils.java:logGet(46)) - raft.server.read.timeout = 10s (default)
2023-12-13 16:21:10,545 [s4-groupManagement] INFO  server.RaftServerConfigKeys (ConfUtils.java:logGet(46)) - raft.server.retrycache.expirytime = 60s (default)
2023-12-13 16:21:10,545 [s4-groupManagement] INFO  server.RaftServerConfigKeys (ConfUtils.java:logGet(46)) - raft.server.retrycache.statistics.expirytime = 100ms (default)
2023-12-13 16:21:10,545 [s4-groupManagement] INFO  server.RaftServerConfigKeys (ConfUtils.java:logGet(46)) - raft.server.read.option = DEFAULT (default)
2023-12-13 16:21:10,545 [s4-groupManagement] INFO  server.RaftServerConfigKeys (ConfUtils.java:logGet(46)) - raft.server.read.read-after-write-consistent.write-index-cache.expiry-time = 60s (default)
2023-12-13 16:21:10,545 [s4-groupManagement] INFO  server.RaftServerConfigKeys (ConfUtils.java:logGet(46)) - raft.server.rpc.request.timeout = 3000ms (default)
2023-12-13 16:21:10,545 [s4-groupManagement] INFO  server.RaftServerConfigKeys (ConfUtils.java:logGet(46)) - raft.server.log.appender.install.snapshot.enabled = true (default)
2023-12-13 16:21:10,545 [s4-groupManagement] INFO  server.RaftServerConfigKeys (ConfUtils.java:logGet(46)) - raft.server.threadpool.server.cached = true (default)
2023-12-13 16:21:10,545 [s4-groupManagement] INFO  server.RaftServerConfigKeys (ConfUtils.java:logGet(46)) - raft.server.threadpool.server.size = 0 (default)
2023-12-13 16:21:10,545 [s4-groupManagement] INFO  server.RaftServerConfigKeys (ConfUtils.java:logGet(46)) - raft.server.threadpool.client.cached = true (default)
2023-12-13 16:21:10,545 [s4-groupManagement] INFO  server.RaftServerConfigKeys (ConfUtils.java:logGet(46)) - raft.server.threadpool.client.size = 0 (default)
2023-12-13 16:21:10,546 [s4-groupManagement] DEBUG server.RaftServer (RaftServerProxy.java:lambda$groupAddAsync$13(507)) - s4: newImpl =      null s4@group-F8F047037FEF:t0, leader=null, voted=null, raftlog=UNINITIALIZED, conf=-1: peers:[]|listeners:[], old=null NEW
2023-12-13 16:21:10,546 [s4-groupManagement] INFO  server.RaftServerConfigKeys (ConfUtils.java:logGet(46)) - raft.server.storage.free-space.min = 0MB (=0) (default)
2023-12-13 16:21:10,546 [s4-groupManagement] INFO  server.RaftServerConfigKeys (ConfUtils.java:logGet(46)) - raft.server.log.corruption.policy = EXCEPTION (default)
2023-12-13 16:21:10,546 [s4-groupManagement] INFO  server.RaftServerConfigKeys (ConfUtils.java:logGet(46)) - raft.server.storage.dir = [/home/runner/work/ratis/ratis/ratis-test/target/test/data/1e4ee837/MiniRaftClusterWithGrpc24096a27/s4] (custom)
2023-12-13 16:21:10,546 [s4-groupManagement] INFO  storage.RaftStorageDirectory (RaftStorageDirectoryImpl.java:analyzeStorage(138)) - The storage directory /home/runner/work/ratis/ratis/ratis-test/target/test/data/1e4ee837/MiniRaftClusterWithGrpc24096a27/s4/a9a0c5d7-4cce-4ef9-8f13-f8f047037fef does not exist. Creating ...
2023-12-13 16:21:10,546 [s4-groupManagement] TRACE util.FileUtils (LogUtils.java:runAndLog(49)) - Successfully ran Files.createDirectories /home/runner/work/ratis/ratis/ratis-test/target/test/data/1e4ee837/MiniRaftClusterWithGrpc24096a27/s4/a9a0c5d7-4cce-4ef9-8f13-f8f047037fef
2023-12-13 16:21:10,547 [s4-groupManagement] INFO  storage.RaftStorageDirectory (RaftStorageDirectoryImpl.java:tryLock(228)) - Lock on /home/runner/work/ratis/ratis/ratis-test/target/test/data/1e4ee837/MiniRaftClusterWithGrpc24096a27/s4/a9a0c5d7-4cce-4ef9-8f13-f8f047037fef/in_use.lock acquired by nodename 10819@fv-az890-872
2023-12-13 16:21:10,547 [s4-groupManagement] TRACE util.FileUtils (LogUtils.java:runAndLog(49)) - Successfully ran Files.createDirectories /home/runner/work/ratis/ratis/ratis-test/target/test/data/1e4ee837/MiniRaftClusterWithGrpc24096a27/s4/a9a0c5d7-4cce-4ef9-8f13-f8f047037fef/current
2023-12-13 16:21:10,547 [s4-groupManagement] TRACE util.FileUtils (LogUtils.java:runAndLog(49)) - Successfully ran Files.createDirectories /home/runner/work/ratis/ratis/ratis-test/target/test/data/1e4ee837/MiniRaftClusterWithGrpc24096a27/s4/a9a0c5d7-4cce-4ef9-8f13-f8f047037fef/sm
2023-12-13 16:21:10,547 [s4-groupManagement] TRACE util.FileUtils (LogUtils.java:supplyAndLog(69)) - Successfully supplied FileChannel.open /home/runner/work/ratis/ratis/ratis-test/target/test/data/1e4ee837/MiniRaftClusterWithGrpc24096a27/s4/a9a0c5d7-4cce-4ef9-8f13-f8f047037fef/current/raft-meta.tmp with options [CREATE, WRITE]: sun.nio.ch.FileChannelImpl@656f73ad
2023-12-13 16:21:10,549 [s4-groupManagement] TRACE util.FileUtils (LogUtils.java:runAndLog(49)) - Successfully ran Atomic Files.move /home/runner/work/ratis/ratis/ratis-test/target/test/data/1e4ee837/MiniRaftClusterWithGrpc24096a27/s4/a9a0c5d7-4cce-4ef9-8f13-f8f047037fef/current/raft-meta.tmp to /home/runner/work/ratis/ratis/ratis-test/target/test/data/1e4ee837/MiniRaftClusterWithGrpc24096a27/s4/a9a0c5d7-4cce-4ef9-8f13-f8f047037fef/current/raft-meta with options [REPLACE_EXISTING]
2023-12-13 16:21:10,549 [s4-groupManagement] INFO  storage.RaftStorage (RaftStorageImpl.java:format(99)) - Storage directory /home/runner/work/ratis/ratis/ratis-test/target/test/data/1e4ee837/MiniRaftClusterWithGrpc24096a27/s4/a9a0c5d7-4cce-4ef9-8f13-f8f047037fef has been successfully formatted.
2023-12-13 16:21:10,549 [s4-groupManagement] TRACE util.FileUtils (LogUtils.java:supplyAndLog(61)) - Failed to Files.newInputStream /home/runner/work/ratis/ratis/ratis-test/target/test/data/1e4ee837/MiniRaftClusterWithGrpc24096a27/s4/a9a0c5d7-4cce-4ef9-8f13-f8f047037fef/current/raft-meta.conf with options []
java.nio.file.NoSuchFileException: /home/runner/work/ratis/ratis/ratis-test/target/test/data/1e4ee837/MiniRaftClusterWithGrpc24096a27/s4/a9a0c5d7-4cce-4ef9-8f13-f8f047037fef/current/raft-meta.conf
	at java.base/sun.nio.fs.UnixException.translateToIOException(UnixException.java:92)
	at java.base/sun.nio.fs.UnixException.rethrowAsIOException(UnixException.java:111)
	at java.base/sun.nio.fs.UnixException.rethrowAsIOException(UnixException.java:116)
	at java.base/sun.nio.fs.UnixFileSystemProvider.newByteChannel(UnixFileSystemProvider.java:219)
	at java.base/java.nio.file.Files.newByteChannel(Files.java:371)
	at java.base/java.nio.file.Files.newByteChannel(Files.java:422)
	at java.base/java.nio.file.spi.FileSystemProvider.newInputStream(FileSystemProvider.java:420)
	at java.base/java.nio.file.Files.newInputStream(Files.java:156)
	at org.apache.ratis.util.FileUtils.lambda$newInputStream$2(FileUtils.java:73)
	at org.apache.ratis.util.LogUtils.supplyAndLog(LogUtils.java:58)
	at org.apache.ratis.util.FileUtils.newInputStream(FileUtils.java:72)
	at org.apache.ratis.util.FileUtils.newInputStream(FileUtils.java:68)
	at org.apache.ratis.server.storage.RaftStorageImpl.readRaftConfiguration(RaftStorageImpl.java:156)
	at org.apache.ratis.server.impl.ServerState.initialize(ServerState.java:141)
	at org.apache.ratis.server.impl.RaftServerImpl.start(RaftServerImpl.java:388)
	at org.apache.ratis.server.impl.RaftServerProxy.lambda$groupAddAsync$13(RaftServerProxy.java:509)
	at java.base/java.util.concurrent.CompletableFuture$UniApply.tryFire(CompletableFuture.java:642)
	at java.base/java.util.concurrent.CompletableFuture$Completion.run(CompletableFuture.java:478)
	at java.base/java.util.concurrent.ThreadPoolExecutor.runWorker(ThreadPoolExecutor.java:1128)
	at java.base/java.util.concurrent.ThreadPoolExecutor$Worker.run(ThreadPoolExecutor.java:628)
	at java.base/java.lang.Thread.run(Thread.java:829)
2023-12-13 16:21:10,549 [s4-groupManagement] INFO  server.RaftServerConfigKeys (ConfUtils.java:logGet(46)) - raft.server.log.use.memory = false (default)
2023-12-13 16:21:10,549 [s4-groupManagement] INFO  server.RaftServerConfigKeys (ConfUtils.java:logGet(46)) - raft.server.log.purge.gap = 1024 (default)
2023-12-13 16:21:10,549 [s4-groupManagement] INFO  server.RaftServerConfigKeys (ConfUtils.java:logGet(46)) - raft.server.log.appender.buffer.byte-limit = 4MB (=4194304) (default)
2023-12-13 16:21:10,549 [s4-groupManagement] INFO  server.RaftServerConfigKeys (ConfUtils.java:logGet(46)) - raft.server.log.statemachine.data.read.timeout = 1000ms (default)
2023-12-13 16:21:10,549 [s4-groupManagement] INFO  server.RaftServerConfigKeys (ConfUtils.java:logGet(46)) - raft.server.log.purge.preservation.log.num = 0 (default)
2023-12-13 16:21:10,549 [s4-groupManagement] INFO  server.RaftServerConfigKeys (ConfUtils.java:logGet(46)) - raft.server.log.segment.size.max = 32MB (=33554432) (default)
2023-12-13 16:21:10,549 [s4-groupManagement] INFO  server.RaftServerConfigKeys (ConfUtils.java:logGet(46)) - raft.server.log.segment.cache.num.max = 6 (default)
2023-12-13 16:21:10,549 [s4-groupManagement] INFO  server.RaftServerConfigKeys (ConfUtils.java:logGet(46)) - raft.server.log.segment.cache.size.max = 200MB (=209715200) (default)
2023-12-13 16:21:10,549 [s4-groupManagement] INFO  server.RaftServerConfigKeys (ConfUtils.java:logGet(46)) - raft.server.log.appender.buffer.byte-limit = 4MB (=4194304) (default)
2023-12-13 16:21:10,550 [s4-groupManagement] INFO  util.AwaitToRun (AwaitToRun.java:start(81)) - Thread[s4@group-F8F047037FEF-cacheEviction-AwaitToRun,5,main] started
2023-12-13 16:21:10,550 [s4-groupManagement] INFO  segmented.SegmentedRaftLogWorker (SegmentedRaftLogWorker.java:<init>(182)) - new s4@group-F8F047037FEF-SegmentedRaftLogWorker for RaftStorageImpl:Storage Directory /home/runner/work/ratis/ratis/ratis-test/target/test/data/1e4ee837/MiniRaftClusterWithGrpc24096a27/s4/a9a0c5d7-4cce-4ef9-8f13-f8f047037fef
2023-12-13 16:21:10,550 [s4-groupManagement] INFO  server.RaftServerConfigKeys (ConfUtils.java:logGet(46)) - raft.server.log.queue.byte-limit = 64MB (=67108864) (default)
2023-12-13 16:21:10,550 [s4-groupManagement] INFO  server.RaftServerConfigKeys (ConfUtils.java:logGet(46)) - raft.server.log.queue.element-limit = 4096 (default)
2023-12-13 16:21:10,550 [s4-groupManagement] INFO  server.RaftServerConfigKeys (ConfUtils.java:logGet(46)) - raft.server.log.segment.size.max = 32MB (=33554432) (default)
2023-12-13 16:21:10,550 [s4-groupManagement] INFO  server.RaftServerConfigKeys (ConfUtils.java:logGet(46)) - raft.server.log.preallocated.size = 4MB (=4194304) (default)
2023-12-13 16:21:10,550 [s4-groupManagement] INFO  server.RaftServerConfigKeys (ConfUtils.java:logGet(46)) - raft.server.log.force.sync.num = 128 (default)
2023-12-13 16:21:10,550 [s4-groupManagement] INFO  server.RaftServerConfigKeys (ConfUtils.java:logGet(46)) - raft.server.log.statemachine.data.sync = true (default)
2023-12-13 16:21:10,550 [s4-groupManagement] INFO  server.RaftServerConfigKeys (ConfUtils.java:logGet(46)) - raft.server.log.statemachine.data.sync.timeout = 10s (default)
2023-12-13 16:21:10,550 [s4-groupManagement] INFO  server.RaftServerConfigKeys (ConfUtils.java:logGet(46)) - raft.server.log.statemachine.data.sync.timeout.retry = -1 (default)
2023-12-13 16:21:10,550 [s4-groupManagement] INFO  server.RaftServerConfigKeys (ConfUtils.java:logGet(46)) - raft.server.log.write.buffer.size = 8MB (=8388608) (default)
2023-12-13 16:21:10,551 [s4-groupManagement] INFO  server.RaftServerConfigKeys (ConfUtils.java:logGet(46)) - raft.server.log.appender.buffer.byte-limit = 4MB (=4194304) (default)
2023-12-13 16:21:10,551 [s4-groupManagement] INFO  server.RaftServerConfigKeys (ConfUtils.java:logGet(46)) - raft.server.log.unsafe-flush.enabled = false (default)
2023-12-13 16:21:10,551 [s4-groupManagement] INFO  server.RaftServerConfigKeys (ConfUtils.java:logGet(46)) - raft.server.log.async-flush.enabled = false (default)
2023-12-13 16:21:10,551 [s4-groupManagement] INFO  server.RaftServerConfigKeys (ConfUtils.java:logGet(46)) - raft.server.log.statemachine.data.caching.enabled = false (default)
2023-12-13 16:21:10,551 [s4-groupManagement] INFO  segmented.SegmentedRaftLogWorker (SegmentedRaftLogWorker.java:lambda$new$0(134)) - s4@group-F8F047037FEF-SegmentedRaftLogWorker: flushIndex: setUnconditionally 0 -> -1
2023-12-13 16:21:10,551 [s4-groupManagement] INFO  segmented.SegmentedRaftLogWorker (SegmentedRaftLogWorker.java:lambda$new$0(134)) - s4@group-F8F047037FEF-SegmentedRaftLogWorker: safeCacheEvictIndex: setUnconditionally 0 -> -1
2023-12-13 16:21:10,551 [s4-groupManagement] INFO  server.RaftServer$Division (RaftServerImpl.java:start(398)) - s4@group-F8F047037FEF: start with initializing state, conf=-1: peers:[]|listeners:[], old=null
2023-12-13 16:21:10,551 [s4-groupManagement] INFO  server.RaftServer$Division (RaftServerImpl.java:setRole(379)) - s4@group-F8F047037FEF: changes role from      null to FOLLOWER at term 0 for startInitializing
2023-12-13 16:21:10,551 [s4-groupManagement] INFO  util.JmxRegister (JmxRegister.java:tryRegister(44)) - Successfully registered JMX Bean with object name Ratis:service=RaftServer,group=group-F8F047037FEF,id=s4
2023-12-13 16:21:10,551 [s4-groupManagement] INFO  server.RaftServerConfigKeys (ConfUtils.java:logGet(46)) - raft.server.snapshot.trigger-when-stop.enabled = true (default)
2023-12-13 16:21:10,551 [s4-groupManagement] INFO  server.RaftServerConfigKeys (ConfUtils.java:logGet(46)) - raft.server.snapshot.auto.trigger.enabled = false (default)
2023-12-13 16:21:10,551 [s4-groupManagement] INFO  server.RaftServerConfigKeys (ConfUtils.java:logGet(46)) - raft.server.snapshot.retention.file.num = -1 (default)
2023-12-13 16:21:10,551 [s4-groupManagement] INFO  server.RaftServerConfigKeys (ConfUtils.java:logGet(46)) - raft.server.log.purge.upto.snapshot.index = false (default)
2023-12-13 16:21:10,554 [Time-limited test] DEBUG client.RaftClient (ConfUtils.java:logGet(46)) - raft.rpc.type = GRPC (default)
2023-12-13 16:21:10,557 [grpc-default-executor-8] INFO  server.RaftServer (RaftServerProxy.java:addNew(100)) - s0: addNew group-F8F047037FEF:[] returns group-F8F047037FEF:java.util.concurrent.CompletableFuture@8cef41[Not completed]
2023-12-13 16:21:10,557 [s0-groupManagement] INFO  server.RaftServer$Division (RaftServerImpl.java:<init>(256)) - s0: new RaftServerImpl for group-F8F047037FEF:[] with BaseStateMachine:uninitialized
2023-12-13 16:21:10,557 [s0-groupManagement] INFO  server.RaftServerConfigKeys (ConfUtils.java:logGet(46)) - raft.server.rpc.timeout.min = 1500ms (custom)
2023-12-13 16:21:10,557 [s0-groupManagement] INFO  server.RaftServerConfigKeys (ConfUtils.java:logGet(46)) - raft.server.rpc.timeout.max = 2000ms (custom)
2023-12-13 16:21:10,558 [s0-groupManagement] INFO  server.RaftServerConfigKeys (ConfUtils.java:logGet(46)) - raft.server.rpc.sleep.time = 25ms (default)
2023-12-13 16:21:10,558 [s0-groupManagement] INFO  server.RaftServerConfigKeys (ConfUtils.java:logGet(46)) - raft.server.rpc.slowness.timeout = 60s (default)
2023-12-13 16:21:10,558 [s0-groupManagement] INFO  server.RaftServerConfigKeys (ConfUtils.java:logGet(46)) - raft.server.leaderelection.leader.step-down.wait-time = 10s (default)
2023-12-13 16:21:10,558 [s0-groupManagement] INFO  server.RaftServerConfigKeys (ConfUtils.java:logGet(46)) - raft.server.leaderelection.member.majority-add = false (default)
2023-12-13 16:21:10,558 [s0-groupManagement] INFO  server.RaftServerConfigKeys (ConfUtils.java:logGet(46)) - raft.server.sleep.deviation.threshold = 300ms (default)
2023-12-13 16:21:10,558 [s0-groupManagement] INFO  server.RaftServer$Division (ServerState.java:<init>(113)) - s0@group-F8F047037FEF: ConfigurationManager, init=-1: peers:[]|listeners:[], old=null, confs=<EMPTY_MAP>
2023-12-13 16:21:10,558 [s0-groupManagement] INFO  server.RaftServerConfigKeys (ConfUtils.java:logGet(46)) - raft.server.notification.no-leader.timeout = 60s (default)
2023-12-13 16:21:10,558 [s0-groupManagement] INFO  server.RaftServerConfigKeys (ConfUtils.java:logGet(46)) - raft.server.read.timeout = 10s (default)
2023-12-13 16:21:10,558 [s0-groupManagement] INFO  server.RaftServerConfigKeys (ConfUtils.java:logGet(46)) - raft.server.retrycache.expirytime = 60s (default)
2023-12-13 16:21:10,558 [s0-groupManagement] INFO  server.RaftServerConfigKeys (ConfUtils.java:logGet(46)) - raft.server.retrycache.statistics.expirytime = 100ms (default)
2023-12-13 16:21:10,558 [s0-groupManagement] INFO  server.RaftServerConfigKeys (ConfUtils.java:logGet(46)) - raft.server.read.option = DEFAULT (default)
2023-12-13 16:21:10,558 [s0-groupManagement] INFO  server.RaftServerConfigKeys (ConfUtils.java:logGet(46)) - raft.server.read.read-after-write-consistent.write-index-cache.expiry-time = 60s (default)
2023-12-13 16:21:10,558 [s0-groupManagement] INFO  server.RaftServerConfigKeys (ConfUtils.java:logGet(46)) - raft.server.rpc.request.timeout = 3000ms (default)
2023-12-13 16:21:10,559 [s0-groupManagement] INFO  server.RaftServerConfigKeys (ConfUtils.java:logGet(46)) - raft.server.log.appender.install.snapshot.enabled = true (default)
2023-12-13 16:21:10,559 [s0-groupManagement] INFO  server.RaftServerConfigKeys (ConfUtils.java:logGet(46)) - raft.server.threadpool.server.cached = true (default)
2023-12-13 16:21:10,559 [s0-groupManagement] INFO  server.RaftServerConfigKeys (ConfUtils.java:logGet(46)) - raft.server.threadpool.server.size = 0 (default)
2023-12-13 16:21:10,559 [s0-groupManagement] INFO  server.RaftServerConfigKeys (ConfUtils.java:logGet(46)) - raft.server.threadpool.client.cached = true (default)
2023-12-13 16:21:10,559 [s0-groupManagement] INFO  server.RaftServerConfigKeys (ConfUtils.java:logGet(46)) - raft.server.threadpool.client.size = 0 (default)
2023-12-13 16:21:10,559 [s0-groupManagement] DEBUG server.RaftServer (RaftServerProxy.java:lambda$groupAddAsync$13(507)) - s0: newImpl =      null s0@group-F8F047037FEF:t0, leader=null, voted=null, raftlog=UNINITIALIZED, conf=-1: peers:[]|listeners:[], old=null NEW
2023-12-13 16:21:10,559 [s0-groupManagement] INFO  server.RaftServerConfigKeys (ConfUtils.java:logGet(46)) - raft.server.storage.free-space.min = 0MB (=0) (default)
2023-12-13 16:21:10,559 [s0-groupManagement] INFO  server.RaftServerConfigKeys (ConfUtils.java:logGet(46)) - raft.server.log.corruption.policy = EXCEPTION (default)
2023-12-13 16:21:10,559 [s0-groupManagement] INFO  server.RaftServerConfigKeys (ConfUtils.java:logGet(46)) - raft.server.storage.dir = [/home/runner/work/ratis/ratis/ratis-test/target/test/data/1e4ee837/MiniRaftClusterWithGrpc24096a27/s0] (custom)
2023-12-13 16:21:10,559 [s0-groupManagement] INFO  storage.RaftStorageDirectory (RaftStorageDirectoryImpl.java:analyzeStorage(138)) - The storage directory /home/runner/work/ratis/ratis/ratis-test/target/test/data/1e4ee837/MiniRaftClusterWithGrpc24096a27/s0/a9a0c5d7-4cce-4ef9-8f13-f8f047037fef does not exist. Creating ...
2023-12-13 16:21:10,559 [s0-groupManagement] TRACE util.FileUtils (LogUtils.java:runAndLog(49)) - Successfully ran Files.createDirectories /home/runner/work/ratis/ratis/ratis-test/target/test/data/1e4ee837/MiniRaftClusterWithGrpc24096a27/s0/a9a0c5d7-4cce-4ef9-8f13-f8f047037fef
2023-12-13 16:21:10,560 [s0-groupManagement] INFO  storage.RaftStorageDirectory (RaftStorageDirectoryImpl.java:tryLock(228)) - Lock on /home/runner/work/ratis/ratis/ratis-test/target/test/data/1e4ee837/MiniRaftClusterWithGrpc24096a27/s0/a9a0c5d7-4cce-4ef9-8f13-f8f047037fef/in_use.lock acquired by nodename 10819@fv-az890-872
2023-12-13 16:21:10,560 [s0-groupManagement] TRACE util.FileUtils (LogUtils.java:runAndLog(49)) - Successfully ran Files.createDirectories /home/runner/work/ratis/ratis/ratis-test/target/test/data/1e4ee837/MiniRaftClusterWithGrpc24096a27/s0/a9a0c5d7-4cce-4ef9-8f13-f8f047037fef/current
2023-12-13 16:21:10,560 [s0-groupManagement] TRACE util.FileUtils (LogUtils.java:runAndLog(49)) - Successfully ran Files.createDirectories /home/runner/work/ratis/ratis/ratis-test/target/test/data/1e4ee837/MiniRaftClusterWithGrpc24096a27/s0/a9a0c5d7-4cce-4ef9-8f13-f8f047037fef/sm
2023-12-13 16:21:10,560 [s0-groupManagement] TRACE util.FileUtils (LogUtils.java:supplyAndLog(69)) - Successfully supplied FileChannel.open /home/runner/work/ratis/ratis/ratis-test/target/test/data/1e4ee837/MiniRaftClusterWithGrpc24096a27/s0/a9a0c5d7-4cce-4ef9-8f13-f8f047037fef/current/raft-meta.tmp with options [CREATE, WRITE]: sun.nio.ch.FileChannelImpl@467ff8eb
2023-12-13 16:21:10,561 [s0-groupManagement] TRACE util.FileUtils (LogUtils.java:runAndLog(49)) - Successfully ran Atomic Files.move /home/runner/work/ratis/ratis/ratis-test/target/test/data/1e4ee837/MiniRaftClusterWithGrpc24096a27/s0/a9a0c5d7-4cce-4ef9-8f13-f8f047037fef/current/raft-meta.tmp to /home/runner/work/ratis/ratis/ratis-test/target/test/data/1e4ee837/MiniRaftClusterWithGrpc24096a27/s0/a9a0c5d7-4cce-4ef9-8f13-f8f047037fef/current/raft-meta with options [REPLACE_EXISTING]
2023-12-13 16:21:10,561 [s0-groupManagement] INFO  storage.RaftStorage (RaftStorageImpl.java:format(99)) - Storage directory /home/runner/work/ratis/ratis/ratis-test/target/test/data/1e4ee837/MiniRaftClusterWithGrpc24096a27/s0/a9a0c5d7-4cce-4ef9-8f13-f8f047037fef has been successfully formatted.
2023-12-13 16:21:10,561 [s0-groupManagement] TRACE util.FileUtils (LogUtils.java:supplyAndLog(61)) - Failed to Files.newInputStream /home/runner/work/ratis/ratis/ratis-test/target/test/data/1e4ee837/MiniRaftClusterWithGrpc24096a27/s0/a9a0c5d7-4cce-4ef9-8f13-f8f047037fef/current/raft-meta.conf with options []
java.nio.file.NoSuchFileException: /home/runner/work/ratis/ratis/ratis-test/target/test/data/1e4ee837/MiniRaftClusterWithGrpc24096a27/s0/a9a0c5d7-4cce-4ef9-8f13-f8f047037fef/current/raft-meta.conf
	at java.base/sun.nio.fs.UnixException.translateToIOException(UnixException.java:92)
	at java.base/sun.nio.fs.UnixException.rethrowAsIOException(UnixException.java:111)
	at java.base/sun.nio.fs.UnixException.rethrowAsIOException(UnixException.java:116)
	at java.base/sun.nio.fs.UnixFileSystemProvider.newByteChannel(UnixFileSystemProvider.java:219)
	at java.base/java.nio.file.Files.newByteChannel(Files.java:371)
	at java.base/java.nio.file.Files.newByteChannel(Files.java:422)
	at java.base/java.nio.file.spi.FileSystemProvider.newInputStream(FileSystemProvider.java:420)
	at java.base/java.nio.file.Files.newInputStream(Files.java:156)
	at org.apache.ratis.util.FileUtils.lambda$newInputStream$2(FileUtils.java:73)
	at org.apache.ratis.util.LogUtils.supplyAndLog(LogUtils.java:58)
	at org.apache.ratis.util.FileUtils.newInputStream(FileUtils.java:72)
	at org.apache.ratis.util.FileUtils.newInputStream(FileUtils.java:68)
	at org.apache.ratis.server.storage.RaftStorageImpl.readRaftConfiguration(RaftStorageImpl.java:156)
	at org.apache.ratis.server.impl.ServerState.initialize(ServerState.java:141)
	at org.apache.ratis.server.impl.RaftServerImpl.start(RaftServerImpl.java:388)
	at org.apache.ratis.server.impl.RaftServerProxy.lambda$groupAddAsync$13(RaftServerProxy.java:509)
	at java.base/java.util.concurrent.CompletableFuture$UniApply.tryFire(CompletableFuture.java:642)
	at java.base/java.util.concurrent.CompletableFuture$Completion.run(CompletableFuture.java:478)
	at java.base/java.util.concurrent.ThreadPoolExecutor.runWorker(ThreadPoolExecutor.java:1128)
	at java.base/java.util.concurrent.ThreadPoolExecutor$Worker.run(ThreadPoolExecutor.java:628)
	at java.base/java.lang.Thread.run(Thread.java:829)
2023-12-13 16:21:10,561 [s0-groupManagement] INFO  server.RaftServerConfigKeys (ConfUtils.java:logGet(46)) - raft.server.log.use.memory = false (default)
2023-12-13 16:21:10,561 [s0-groupManagement] INFO  server.RaftServerConfigKeys (ConfUtils.java:logGet(46)) - raft.server.log.purge.gap = 1024 (default)
2023-12-13 16:21:10,561 [s0-groupManagement] INFO  server.RaftServerConfigKeys (ConfUtils.java:logGet(46)) - raft.server.log.appender.buffer.byte-limit = 4MB (=4194304) (default)
2023-12-13 16:21:10,561 [s0-groupManagement] INFO  server.RaftServerConfigKeys (ConfUtils.java:logGet(46)) - raft.server.log.statemachine.data.read.timeout = 1000ms (default)
2023-12-13 16:21:10,561 [s0-groupManagement] INFO  server.RaftServerConfigKeys (ConfUtils.java:logGet(46)) - raft.server.log.purge.preservation.log.num = 0 (default)
2023-12-13 16:21:10,561 [s0-groupManagement] INFO  server.RaftServerConfigKeys (ConfUtils.java:logGet(46)) - raft.server.log.segment.size.max = 32MB (=33554432) (default)
2023-12-13 16:21:10,561 [s0-groupManagement] INFO  server.RaftServerConfigKeys (ConfUtils.java:logGet(46)) - raft.server.log.segment.cache.num.max = 6 (default)
2023-12-13 16:21:10,561 [s0-groupManagement] INFO  server.RaftServerConfigKeys (ConfUtils.java:logGet(46)) - raft.server.log.segment.cache.size.max = 200MB (=209715200) (default)
2023-12-13 16:21:10,561 [s0-groupManagement] INFO  server.RaftServerConfigKeys (ConfUtils.java:logGet(46)) - raft.server.log.appender.buffer.byte-limit = 4MB (=4194304) (default)
2023-12-13 16:21:10,561 [s0-groupManagement] INFO  util.AwaitToRun (AwaitToRun.java:start(81)) - Thread[s0@group-F8F047037FEF-cacheEviction-AwaitToRun,5,main] started
2023-12-13 16:21:10,561 [s0-groupManagement] INFO  segmented.SegmentedRaftLogWorker (SegmentedRaftLogWorker.java:<init>(182)) - new s0@group-F8F047037FEF-SegmentedRaftLogWorker for RaftStorageImpl:Storage Directory /home/runner/work/ratis/ratis/ratis-test/target/test/data/1e4ee837/MiniRaftClusterWithGrpc24096a27/s0/a9a0c5d7-4cce-4ef9-8f13-f8f047037fef
2023-12-13 16:21:10,561 [s0-groupManagement] INFO  server.RaftServerConfigKeys (ConfUtils.java:logGet(46)) - raft.server.log.queue.byte-limit = 64MB (=67108864) (default)
2023-12-13 16:21:10,561 [s0-groupManagement] INFO  server.RaftServerConfigKeys (ConfUtils.java:logGet(46)) - raft.server.log.queue.element-limit = 4096 (default)
2023-12-13 16:21:10,561 [s0-groupManagement] INFO  server.RaftServerConfigKeys (ConfUtils.java:logGet(46)) - raft.server.log.segment.size.max = 32MB (=33554432) (default)
2023-12-13 16:21:10,561 [s0-groupManagement] INFO  server.RaftServerConfigKeys (ConfUtils.java:logGet(46)) - raft.server.log.preallocated.size = 4MB (=4194304) (default)
2023-12-13 16:21:10,561 [s0-groupManagement] INFO  server.RaftServerConfigKeys (ConfUtils.java:logGet(46)) - raft.server.log.force.sync.num = 128 (default)
2023-12-13 16:21:10,561 [s0-groupManagement] INFO  server.RaftServerConfigKeys (ConfUtils.java:logGet(46)) - raft.server.log.statemachine.data.sync = true (default)
2023-12-13 16:21:10,562 [s0-groupManagement] INFO  server.RaftServerConfigKeys (ConfUtils.java:logGet(46)) - raft.server.log.statemachine.data.sync.timeout = 10s (default)
2023-12-13 16:21:10,562 [s0-groupManagement] INFO  server.RaftServerConfigKeys (ConfUtils.java:logGet(46)) - raft.server.log.statemachine.data.sync.timeout.retry = -1 (default)
2023-12-13 16:21:10,562 [s0-groupManagement] INFO  server.RaftServerConfigKeys (ConfUtils.java:logGet(46)) - raft.server.log.write.buffer.size = 8MB (=8388608) (default)
2023-12-13 16:21:10,563 [s0-groupManagement] INFO  server.RaftServerConfigKeys (ConfUtils.java:logGet(46)) - raft.server.log.appender.buffer.byte-limit = 4MB (=4194304) (default)
2023-12-13 16:21:10,563 [s0-groupManagement] INFO  server.RaftServerConfigKeys (ConfUtils.java:logGet(46)) - raft.server.log.unsafe-flush.enabled = false (default)
2023-12-13 16:21:10,563 [s0-groupManagement] INFO  server.RaftServerConfigKeys (ConfUtils.java:logGet(46)) - raft.server.log.async-flush.enabled = false (default)
2023-12-13 16:21:10,563 [s0-groupManagement] INFO  server.RaftServerConfigKeys (ConfUtils.java:logGet(46)) - raft.server.log.statemachine.data.caching.enabled = false (default)
2023-12-13 16:21:10,563 [s0-groupManagement] INFO  segmented.SegmentedRaftLogWorker (SegmentedRaftLogWorker.java:lambda$new$0(134)) - s0@group-F8F047037FEF-SegmentedRaftLogWorker: flushIndex: setUnconditionally 0 -> -1
2023-12-13 16:21:10,563 [s0-groupManagement] INFO  segmented.SegmentedRaftLogWorker (SegmentedRaftLogWorker.java:lambda$new$0(134)) - s0@group-F8F047037FEF-SegmentedRaftLogWorker: safeCacheEvictIndex: setUnconditionally 0 -> -1
2023-12-13 16:21:10,563 [s0-groupManagement] INFO  server.RaftServer$Division (RaftServerImpl.java:start(398)) - s0@group-F8F047037FEF: start with initializing state, conf=-1: peers:[]|listeners:[], old=null
2023-12-13 16:21:10,563 [s0-groupManagement] INFO  server.RaftServer$Division (RaftServerImpl.java:setRole(379)) - s0@group-F8F047037FEF: changes role from      null to FOLLOWER at term 0 for startInitializing
2023-12-13 16:21:10,563 [s0-groupManagement] INFO  util.JmxRegister (JmxRegister.java:tryRegister(44)) - Successfully registered JMX Bean with object name Ratis:service=RaftServer,group=group-F8F047037FEF,id=s0
2023-12-13 16:21:10,563 [s0-groupManagement] INFO  server.RaftServerConfigKeys (ConfUtils.java:logGet(46)) - raft.server.snapshot.trigger-when-stop.enabled = true (default)
2023-12-13 16:21:10,563 [s0-groupManagement] INFO  server.RaftServerConfigKeys (ConfUtils.java:logGet(46)) - raft.server.snapshot.auto.trigger.enabled = false (default)
2023-12-13 16:21:10,563 [s0-groupManagement] INFO  server.RaftServerConfigKeys (ConfUtils.java:logGet(46)) - raft.server.snapshot.retention.file.num = -1 (default)
2023-12-13 16:21:10,563 [s0-groupManagement] INFO  server.RaftServerConfigKeys (ConfUtils.java:logGet(46)) - raft.server.log.purge.upto.snapshot.index = false (default)
2023-12-13 16:21:10,565 [Time-limited test] DEBUG client.RaftClient (ConfUtils.java:logGet(46)) - raft.rpc.type = GRPC (default)
2023-12-13 16:21:10,567 [grpc-default-executor-8] INFO  server.RaftServer (RaftServerProxy.java:addNew(100)) - s1: addNew group-F8F047037FEF:[] returns group-F8F047037FEF:java.util.concurrent.CompletableFuture@548f7386[Not completed]
2023-12-13 16:21:10,567 [s1-groupManagement] INFO  server.RaftServer$Division (RaftServerImpl.java:<init>(256)) - s1: new RaftServerImpl for group-F8F047037FEF:[] with BaseStateMachine:uninitialized
2023-12-13 16:21:10,567 [s1-groupManagement] INFO  server.RaftServerConfigKeys (ConfUtils.java:logGet(46)) - raft.server.rpc.timeout.min = 1500ms (custom)
2023-12-13 16:21:10,568 [s1-groupManagement] INFO  server.RaftServerConfigKeys (ConfUtils.java:logGet(46)) - raft.server.rpc.timeout.max = 2000ms (custom)
2023-12-13 16:21:10,568 [s1-groupManagement] INFO  server.RaftServerConfigKeys (ConfUtils.java:logGet(46)) - raft.server.rpc.sleep.time = 25ms (default)
2023-12-13 16:21:10,568 [s1-groupManagement] INFO  server.RaftServerConfigKeys (ConfUtils.java:logGet(46)) - raft.server.rpc.slowness.timeout = 60s (default)
2023-12-13 16:21:10,568 [s1-groupManagement] INFO  server.RaftServerConfigKeys (ConfUtils.java:logGet(46)) - raft.server.leaderelection.leader.step-down.wait-time = 10s (default)
2023-12-13 16:21:10,568 [s1-groupManagement] INFO  server.RaftServerConfigKeys (ConfUtils.java:logGet(46)) - raft.server.leaderelection.member.majority-add = false (default)
2023-12-13 16:21:10,568 [s1-groupManagement] INFO  server.RaftServerConfigKeys (ConfUtils.java:logGet(46)) - raft.server.sleep.deviation.threshold = 300ms (default)
2023-12-13 16:21:10,568 [s1-groupManagement] INFO  server.RaftServer$Division (ServerState.java:<init>(113)) - s1@group-F8F047037FEF: ConfigurationManager, init=-1: peers:[]|listeners:[], old=null, confs=<EMPTY_MAP>
2023-12-13 16:21:10,568 [s1-groupManagement] INFO  server.RaftServerConfigKeys (ConfUtils.java:logGet(46)) - raft.server.notification.no-leader.timeout = 60s (default)
2023-12-13 16:21:10,568 [s1-groupManagement] INFO  server.RaftServerConfigKeys (ConfUtils.java:logGet(46)) - raft.server.read.timeout = 10s (default)
2023-12-13 16:21:10,568 [s1-groupManagement] INFO  server.RaftServerConfigKeys (ConfUtils.java:logGet(46)) - raft.server.retrycache.expirytime = 60s (default)
2023-12-13 16:21:10,568 [s1-groupManagement] INFO  server.RaftServerConfigKeys (ConfUtils.java:logGet(46)) - raft.server.retrycache.statistics.expirytime = 100ms (default)
2023-12-13 16:21:10,568 [s1-groupManagement] INFO  server.RaftServerConfigKeys (ConfUtils.java:logGet(46)) - raft.server.read.option = DEFAULT (default)
2023-12-13 16:21:10,568 [s1-groupManagement] INFO  server.RaftServerConfigKeys (ConfUtils.java:logGet(46)) - raft.server.read.read-after-write-consistent.write-index-cache.expiry-time = 60s (default)
2023-12-13 16:21:10,569 [s1-groupManagement] INFO  server.RaftServerConfigKeys (ConfUtils.java:logGet(46)) - raft.server.rpc.request.timeout = 3000ms (default)
2023-12-13 16:21:10,569 [s1-groupManagement] INFO  server.RaftServerConfigKeys (ConfUtils.java:logGet(46)) - raft.server.log.appender.install.snapshot.enabled = true (default)
2023-12-13 16:21:10,569 [s1-groupManagement] INFO  server.RaftServerConfigKeys (ConfUtils.java:logGet(46)) - raft.server.threadpool.server.cached = true (default)
2023-12-13 16:21:10,569 [s1-groupManagement] INFO  server.RaftServerConfigKeys (ConfUtils.java:logGet(46)) - raft.server.threadpool.server.size = 0 (default)
2023-12-13 16:21:10,569 [s1-groupManagement] INFO  server.RaftServerConfigKeys (ConfUtils.java:logGet(46)) - raft.server.threadpool.client.cached = true (default)
2023-12-13 16:21:10,569 [s1-groupManagement] INFO  server.RaftServerConfigKeys (ConfUtils.java:logGet(46)) - raft.server.threadpool.client.size = 0 (default)
2023-12-13 16:21:10,569 [s1-groupManagement] DEBUG server.RaftServer (RaftServerProxy.java:lambda$groupAddAsync$13(507)) - s1: newImpl =      null s1@group-F8F047037FEF:t0, leader=null, voted=null, raftlog=UNINITIALIZED, conf=-1: peers:[]|listeners:[], old=null NEW
2023-12-13 16:21:10,569 [s1-groupManagement] INFO  server.RaftServerConfigKeys (ConfUtils.java:logGet(46)) - raft.server.storage.free-space.min = 0MB (=0) (default)
2023-12-13 16:21:10,569 [s1-groupManagement] INFO  server.RaftServerConfigKeys (ConfUtils.java:logGet(46)) - raft.server.log.corruption.policy = EXCEPTION (default)
2023-12-13 16:21:10,569 [s1-groupManagement] INFO  server.RaftServerConfigKeys (ConfUtils.java:logGet(46)) - raft.server.storage.dir = [/home/runner/work/ratis/ratis/ratis-test/target/test/data/1e4ee837/MiniRaftClusterWithGrpc24096a27/s1] (custom)
2023-12-13 16:21:10,569 [s1-groupManagement] INFO  storage.RaftStorageDirectory (RaftStorageDirectoryImpl.java:analyzeStorage(138)) - The storage directory /home/runner/work/ratis/ratis/ratis-test/target/test/data/1e4ee837/MiniRaftClusterWithGrpc24096a27/s1/a9a0c5d7-4cce-4ef9-8f13-f8f047037fef does not exist. Creating ...
2023-12-13 16:21:10,569 [s1-groupManagement] TRACE util.FileUtils (LogUtils.java:runAndLog(49)) - Successfully ran Files.createDirectories /home/runner/work/ratis/ratis/ratis-test/target/test/data/1e4ee837/MiniRaftClusterWithGrpc24096a27/s1/a9a0c5d7-4cce-4ef9-8f13-f8f047037fef
2023-12-13 16:21:10,570 [s1-groupManagement] INFO  storage.RaftStorageDirectory (RaftStorageDirectoryImpl.java:tryLock(228)) - Lock on /home/runner/work/ratis/ratis/ratis-test/target/test/data/1e4ee837/MiniRaftClusterWithGrpc24096a27/s1/a9a0c5d7-4cce-4ef9-8f13-f8f047037fef/in_use.lock acquired by nodename 10819@fv-az890-872
2023-12-13 16:21:10,570 [s1-groupManagement] TRACE util.FileUtils (LogUtils.java:runAndLog(49)) - Successfully ran Files.createDirectories /home/runner/work/ratis/ratis/ratis-test/target/test/data/1e4ee837/MiniRaftClusterWithGrpc24096a27/s1/a9a0c5d7-4cce-4ef9-8f13-f8f047037fef/current
2023-12-13 16:21:10,570 [s1-groupManagement] TRACE util.FileUtils (LogUtils.java:runAndLog(49)) - Successfully ran Files.createDirectories /home/runner/work/ratis/ratis/ratis-test/target/test/data/1e4ee837/MiniRaftClusterWithGrpc24096a27/s1/a9a0c5d7-4cce-4ef9-8f13-f8f047037fef/sm
2023-12-13 16:21:10,570 [s1-groupManagement] TRACE util.FileUtils (LogUtils.java:supplyAndLog(69)) - Successfully supplied FileChannel.open /home/runner/work/ratis/ratis/ratis-test/target/test/data/1e4ee837/MiniRaftClusterWithGrpc24096a27/s1/a9a0c5d7-4cce-4ef9-8f13-f8f047037fef/current/raft-meta.tmp with options [CREATE, WRITE]: sun.nio.ch.FileChannelImpl@5d3fff38
2023-12-13 16:21:10,571 [s1-groupManagement] TRACE util.FileUtils (LogUtils.java:runAndLog(49)) - Successfully ran Atomic Files.move /home/runner/work/ratis/ratis/ratis-test/target/test/data/1e4ee837/MiniRaftClusterWithGrpc24096a27/s1/a9a0c5d7-4cce-4ef9-8f13-f8f047037fef/current/raft-meta.tmp to /home/runner/work/ratis/ratis/ratis-test/target/test/data/1e4ee837/MiniRaftClusterWithGrpc24096a27/s1/a9a0c5d7-4cce-4ef9-8f13-f8f047037fef/current/raft-meta with options [REPLACE_EXISTING]
2023-12-13 16:21:10,571 [s1-groupManagement] INFO  storage.RaftStorage (RaftStorageImpl.java:format(99)) - Storage directory /home/runner/work/ratis/ratis/ratis-test/target/test/data/1e4ee837/MiniRaftClusterWithGrpc24096a27/s1/a9a0c5d7-4cce-4ef9-8f13-f8f047037fef has been successfully formatted.
2023-12-13 16:21:10,571 [s1-groupManagement] TRACE util.FileUtils (LogUtils.java:supplyAndLog(61)) - Failed to Files.newInputStream /home/runner/work/ratis/ratis/ratis-test/target/test/data/1e4ee837/MiniRaftClusterWithGrpc24096a27/s1/a9a0c5d7-4cce-4ef9-8f13-f8f047037fef/current/raft-meta.conf with options []
java.nio.file.NoSuchFileException: /home/runner/work/ratis/ratis/ratis-test/target/test/data/1e4ee837/MiniRaftClusterWithGrpc24096a27/s1/a9a0c5d7-4cce-4ef9-8f13-f8f047037fef/current/raft-meta.conf
	at java.base/sun.nio.fs.UnixException.translateToIOException(UnixException.java:92)
	at java.base/sun.nio.fs.UnixException.rethrowAsIOException(UnixException.java:111)
	at java.base/sun.nio.fs.UnixException.rethrowAsIOException(UnixException.java:116)
	at java.base/sun.nio.fs.UnixFileSystemProvider.newByteChannel(UnixFileSystemProvider.java:219)
	at java.base/java.nio.file.Files.newByteChannel(Files.java:371)
	at java.base/java.nio.file.Files.newByteChannel(Files.java:422)
	at java.base/java.nio.file.spi.FileSystemProvider.newInputStream(FileSystemProvider.java:420)
	at java.base/java.nio.file.Files.newInputStream(Files.java:156)
	at org.apache.ratis.util.FileUtils.lambda$newInputStream$2(FileUtils.java:73)
	at org.apache.ratis.util.LogUtils.supplyAndLog(LogUtils.java:58)
	at org.apache.ratis.util.FileUtils.newInputStream(FileUtils.java:72)
	at org.apache.ratis.util.FileUtils.newInputStream(FileUtils.java:68)
	at org.apache.ratis.server.storage.RaftStorageImpl.readRaftConfiguration(RaftStorageImpl.java:156)
	at org.apache.ratis.server.impl.ServerState.initialize(ServerState.java:141)
	at org.apache.ratis.server.impl.RaftServerImpl.start(RaftServerImpl.java:388)
	at org.apache.ratis.server.impl.RaftServerProxy.lambda$groupAddAsync$13(RaftServerProxy.java:509)
	at java.base/java.util.concurrent.CompletableFuture$UniApply.tryFire(CompletableFuture.java:642)
	at java.base/java.util.concurrent.CompletableFuture$Completion.run(CompletableFuture.java:478)
	at java.base/java.util.concurrent.ThreadPoolExecutor.runWorker(ThreadPoolExecutor.java:1128)
	at java.base/java.util.concurrent.ThreadPoolExecutor$Worker.run(ThreadPoolExecutor.java:628)
	at java.base/java.lang.Thread.run(Thread.java:829)
2023-12-13 16:21:10,571 [s1-groupManagement] INFO  server.RaftServerConfigKeys (ConfUtils.java:logGet(46)) - raft.server.log.use.memory = false (default)
2023-12-13 16:21:10,571 [s1-groupManagement] INFO  server.RaftServerConfigKeys (ConfUtils.java:logGet(46)) - raft.server.log.purge.gap = 1024 (default)
2023-12-13 16:21:10,571 [s1-groupManagement] INFO  server.RaftServerConfigKeys (ConfUtils.java:logGet(46)) - raft.server.log.appender.buffer.byte-limit = 4MB (=4194304) (default)
2023-12-13 16:21:10,571 [s1-groupManagement] INFO  server.RaftServerConfigKeys (ConfUtils.java:logGet(46)) - raft.server.log.statemachine.data.read.timeout = 1000ms (default)
2023-12-13 16:21:10,571 [s1-groupManagement] INFO  server.RaftServerConfigKeys (ConfUtils.java:logGet(46)) - raft.server.log.purge.preservation.log.num = 0 (default)
2023-12-13 16:21:10,571 [s1-groupManagement] INFO  server.RaftServerConfigKeys (ConfUtils.java:logGet(46)) - raft.server.log.segment.size.max = 32MB (=33554432) (default)
2023-12-13 16:21:10,571 [s1-groupManagement] INFO  server.RaftServerConfigKeys (ConfUtils.java:logGet(46)) - raft.server.log.segment.cache.num.max = 6 (default)
2023-12-13 16:21:10,571 [s1-groupManagement] INFO  server.RaftServerConfigKeys (ConfUtils.java:logGet(46)) - raft.server.log.segment.cache.size.max = 200MB (=209715200) (default)
2023-12-13 16:21:10,571 [s1-groupManagement] INFO  server.RaftServerConfigKeys (ConfUtils.java:logGet(46)) - raft.server.log.appender.buffer.byte-limit = 4MB (=4194304) (default)
2023-12-13 16:21:10,571 [s1-groupManagement] INFO  util.AwaitToRun (AwaitToRun.java:start(81)) - Thread[s1@group-F8F047037FEF-cacheEviction-AwaitToRun,5,main] started
2023-12-13 16:21:10,571 [s1-groupManagement] INFO  segmented.SegmentedRaftLogWorker (SegmentedRaftLogWorker.java:<init>(182)) - new s1@group-F8F047037FEF-SegmentedRaftLogWorker for RaftStorageImpl:Storage Directory /home/runner/work/ratis/ratis/ratis-test/target/test/data/1e4ee837/MiniRaftClusterWithGrpc24096a27/s1/a9a0c5d7-4cce-4ef9-8f13-f8f047037fef
2023-12-13 16:21:10,571 [s1-groupManagement] INFO  server.RaftServerConfigKeys (ConfUtils.java:logGet(46)) - raft.server.log.queue.byte-limit = 64MB (=67108864) (default)
2023-12-13 16:21:10,571 [s1-groupManagement] INFO  server.RaftServerConfigKeys (ConfUtils.java:logGet(46)) - raft.server.log.queue.element-limit = 4096 (default)
2023-12-13 16:21:10,571 [s1-groupManagement] INFO  server.RaftServerConfigKeys (ConfUtils.java:logGet(46)) - raft.server.log.segment.size.max = 32MB (=33554432) (default)
2023-12-13 16:21:10,571 [s1-groupManagement] INFO  server.RaftServerConfigKeys (ConfUtils.java:logGet(46)) - raft.server.log.preallocated.size = 4MB (=4194304) (default)
2023-12-13 16:21:10,571 [s1-groupManagement] INFO  server.RaftServerConfigKeys (ConfUtils.java:logGet(46)) - raft.server.log.force.sync.num = 128 (default)
2023-12-13 16:21:10,571 [s1-groupManagement] INFO  server.RaftServerConfigKeys (ConfUtils.java:logGet(46)) - raft.server.log.statemachine.data.sync = true (default)
2023-12-13 16:21:10,571 [s1-groupManagement] INFO  server.RaftServerConfigKeys (ConfUtils.java:logGet(46)) - raft.server.log.statemachine.data.sync.timeout = 10s (default)
2023-12-13 16:21:10,572 [s1-groupManagement] INFO  server.RaftServerConfigKeys (ConfUtils.java:logGet(46)) - raft.server.log.statemachine.data.sync.timeout.retry = -1 (default)
2023-12-13 16:21:10,572 [s1-groupManagement] INFO  server.RaftServerConfigKeys (ConfUtils.java:logGet(46)) - raft.server.log.write.buffer.size = 8MB (=8388608) (default)
2023-12-13 16:21:10,573 [s1-groupManagement] INFO  server.RaftServerConfigKeys (ConfUtils.java:logGet(46)) - raft.server.log.appender.buffer.byte-limit = 4MB (=4194304) (default)
2023-12-13 16:21:10,573 [s1-groupManagement] INFO  server.RaftServerConfigKeys (ConfUtils.java:logGet(46)) - raft.server.log.unsafe-flush.enabled = false (default)
2023-12-13 16:21:10,573 [s1-groupManagement] INFO  server.RaftServerConfigKeys (ConfUtils.java:logGet(46)) - raft.server.log.async-flush.enabled = false (default)
2023-12-13 16:21:10,573 [s1-groupManagement] INFO  server.RaftServerConfigKeys (ConfUtils.java:logGet(46)) - raft.server.log.statemachine.data.caching.enabled = false (default)
2023-12-13 16:21:10,573 [s1-groupManagement] INFO  segmented.SegmentedRaftLogWorker (SegmentedRaftLogWorker.java:lambda$new$0(134)) - s1@group-F8F047037FEF-SegmentedRaftLogWorker: flushIndex: setUnconditionally 0 -> -1
2023-12-13 16:21:10,573 [s1-groupManagement] INFO  segmented.SegmentedRaftLogWorker (SegmentedRaftLogWorker.java:lambda$new$0(134)) - s1@group-F8F047037FEF-SegmentedRaftLogWorker: safeCacheEvictIndex: setUnconditionally 0 -> -1
2023-12-13 16:21:10,573 [s1-groupManagement] INFO  server.RaftServer$Division (RaftServerImpl.java:start(398)) - s1@group-F8F047037FEF: start with initializing state, conf=-1: peers:[]|listeners:[], old=null
2023-12-13 16:21:10,573 [s1-groupManagement] INFO  server.RaftServer$Division (RaftServerImpl.java:setRole(379)) - s1@group-F8F047037FEF: changes role from      null to FOLLOWER at term 0 for startInitializing
2023-12-13 16:21:10,573 [s1-groupManagement] INFO  util.JmxRegister (JmxRegister.java:tryRegister(44)) - Successfully registered JMX Bean with object name Ratis:service=RaftServer,group=group-F8F047037FEF,id=s1
2023-12-13 16:21:10,573 [s1-groupManagement] INFO  server.RaftServerConfigKeys (ConfUtils.java:logGet(46)) - raft.server.snapshot.trigger-when-stop.enabled = true (default)
2023-12-13 16:21:10,573 [s1-groupManagement] INFO  server.RaftServerConfigKeys (ConfUtils.java:logGet(46)) - raft.server.snapshot.auto.trigger.enabled = false (default)
2023-12-13 16:21:10,573 [s1-groupManagement] INFO  server.RaftServerConfigKeys (ConfUtils.java:logGet(46)) - raft.server.snapshot.retention.file.num = -1 (default)
2023-12-13 16:21:10,573 [s1-groupManagement] INFO  server.RaftServerConfigKeys (ConfUtils.java:logGet(46)) - raft.server.log.purge.upto.snapshot.index = false (default)
2023-12-13 16:21:10,575 [Time-limited test] DEBUG client.RaftClient (ConfUtils.java:logGet(46)) - raft.rpc.type = GRPC (default)
2023-12-13 16:21:10,578 [grpc-default-executor-8] INFO  server.RaftServer (RaftServerProxy.java:addNew(100)) - s2: addNew group-F8F047037FEF:[] returns group-F8F047037FEF:java.util.concurrent.CompletableFuture@2af5cc5d[Not completed]
2023-12-13 16:21:10,578 [s2-groupManagement] INFO  server.RaftServer$Division (RaftServerImpl.java:<init>(256)) - s2: new RaftServerImpl for group-F8F047037FEF:[] with BaseStateMachine:uninitialized
2023-12-13 16:21:10,578 [s2-groupManagement] INFO  server.RaftServerConfigKeys (ConfUtils.java:logGet(46)) - raft.server.rpc.timeout.min = 1500ms (custom)
2023-12-13 16:21:10,578 [s2-groupManagement] INFO  server.RaftServerConfigKeys (ConfUtils.java:logGet(46)) - raft.server.rpc.timeout.max = 2000ms (custom)
2023-12-13 16:21:10,578 [s2-groupManagement] INFO  server.RaftServerConfigKeys (ConfUtils.java:logGet(46)) - raft.server.rpc.sleep.time = 25ms (default)
2023-12-13 16:21:10,578 [s2-groupManagement] INFO  server.RaftServerConfigKeys (ConfUtils.java:logGet(46)) - raft.server.rpc.slowness.timeout = 60s (default)
2023-12-13 16:21:10,578 [s2-groupManagement] INFO  server.RaftServerConfigKeys (ConfUtils.java:logGet(46)) - raft.server.leaderelection.leader.step-down.wait-time = 10s (default)
2023-12-13 16:21:10,578 [s2-groupManagement] INFO  server.RaftServerConfigKeys (ConfUtils.java:logGet(46)) - raft.server.leaderelection.member.majority-add = false (default)
2023-12-13 16:21:10,578 [s2-groupManagement] INFO  server.RaftServerConfigKeys (ConfUtils.java:logGet(46)) - raft.server.sleep.deviation.threshold = 300ms (default)
2023-12-13 16:21:10,578 [s2-groupManagement] INFO  server.RaftServer$Division (ServerState.java:<init>(113)) - s2@group-F8F047037FEF: ConfigurationManager, init=-1: peers:[]|listeners:[], old=null, confs=<EMPTY_MAP>
2023-12-13 16:21:10,578 [s2-groupManagement] INFO  server.RaftServerConfigKeys (ConfUtils.java:logGet(46)) - raft.server.notification.no-leader.timeout = 60s (default)
2023-12-13 16:21:10,578 [s2-groupManagement] INFO  server.RaftServerConfigKeys (ConfUtils.java:logGet(46)) - raft.server.read.timeout = 10s (default)
2023-12-13 16:21:10,578 [s2-groupManagement] INFO  server.RaftServerConfigKeys (ConfUtils.java:logGet(46)) - raft.server.retrycache.expirytime = 60s (default)
2023-12-13 16:21:10,578 [s2-groupManagement] INFO  server.RaftServerConfigKeys (ConfUtils.java:logGet(46)) - raft.server.retrycache.statistics.expirytime = 100ms (default)
2023-12-13 16:21:10,578 [s2-groupManagement] INFO  server.RaftServerConfigKeys (ConfUtils.java:logGet(46)) - raft.server.read.option = DEFAULT (default)
2023-12-13 16:21:10,578 [s2-groupManagement] INFO  server.RaftServerConfigKeys (ConfUtils.java:logGet(46)) - raft.server.read.read-after-write-consistent.write-index-cache.expiry-time = 60s (default)
2023-12-13 16:21:10,579 [s2-groupManagement] INFO  server.RaftServerConfigKeys (ConfUtils.java:logGet(46)) - raft.server.rpc.request.timeout = 3000ms (default)
2023-12-13 16:21:10,579 [s2-groupManagement] INFO  server.RaftServerConfigKeys (ConfUtils.java:logGet(46)) - raft.server.log.appender.install.snapshot.enabled = true (default)
2023-12-13 16:21:10,579 [s2-groupManagement] INFO  server.RaftServerConfigKeys (ConfUtils.java:logGet(46)) - raft.server.threadpool.server.cached = true (default)
2023-12-13 16:21:10,579 [s2-groupManagement] INFO  server.RaftServerConfigKeys (ConfUtils.java:logGet(46)) - raft.server.threadpool.server.size = 0 (default)
2023-12-13 16:21:10,579 [s2-groupManagement] INFO  server.RaftServerConfigKeys (ConfUtils.java:logGet(46)) - raft.server.threadpool.client.cached = true (default)
2023-12-13 16:21:10,579 [s2-groupManagement] INFO  server.RaftServerConfigKeys (ConfUtils.java:logGet(46)) - raft.server.threadpool.client.size = 0 (default)
2023-12-13 16:21:10,579 [s2-groupManagement] DEBUG server.RaftServer (RaftServerProxy.java:lambda$groupAddAsync$13(507)) - s2: newImpl =      null s2@group-F8F047037FEF:t0, leader=null, voted=null, raftlog=UNINITIALIZED, conf=-1: peers:[]|listeners:[], old=null NEW
2023-12-13 16:21:10,579 [s2-groupManagement] INFO  server.RaftServerConfigKeys (ConfUtils.java:logGet(46)) - raft.server.storage.free-space.min = 0MB (=0) (default)
2023-12-13 16:21:10,579 [s2-groupManagement] INFO  server.RaftServerConfigKeys (ConfUtils.java:logGet(46)) - raft.server.log.corruption.policy = EXCEPTION (default)
2023-12-13 16:21:10,579 [s2-groupManagement] INFO  server.RaftServerConfigKeys (ConfUtils.java:logGet(46)) - raft.server.storage.dir = [/home/runner/work/ratis/ratis/ratis-test/target/test/data/1e4ee837/MiniRaftClusterWithGrpc24096a27/s2] (custom)
2023-12-13 16:21:10,579 [s2-groupManagement] INFO  storage.RaftStorageDirectory (RaftStorageDirectoryImpl.java:analyzeStorage(138)) - The storage directory /home/runner/work/ratis/ratis/ratis-test/target/test/data/1e4ee837/MiniRaftClusterWithGrpc24096a27/s2/a9a0c5d7-4cce-4ef9-8f13-f8f047037fef does not exist. Creating ...
2023-12-13 16:21:10,579 [s2-groupManagement] TRACE util.FileUtils (LogUtils.java:runAndLog(49)) - Successfully ran Files.createDirectories /home/runner/work/ratis/ratis/ratis-test/target/test/data/1e4ee837/MiniRaftClusterWithGrpc24096a27/s2/a9a0c5d7-4cce-4ef9-8f13-f8f047037fef
2023-12-13 16:21:10,580 [s2-groupManagement] INFO  storage.RaftStorageDirectory (RaftStorageDirectoryImpl.java:tryLock(228)) - Lock on /home/runner/work/ratis/ratis/ratis-test/target/test/data/1e4ee837/MiniRaftClusterWithGrpc24096a27/s2/a9a0c5d7-4cce-4ef9-8f13-f8f047037fef/in_use.lock acquired by nodename 10819@fv-az890-872
2023-12-13 16:21:10,580 [s2-groupManagement] TRACE util.FileUtils (LogUtils.java:runAndLog(49)) - Successfully ran Files.createDirectories /home/runner/work/ratis/ratis/ratis-test/target/test/data/1e4ee837/MiniRaftClusterWithGrpc24096a27/s2/a9a0c5d7-4cce-4ef9-8f13-f8f047037fef/current
2023-12-13 16:21:10,580 [s2-groupManagement] TRACE util.FileUtils (LogUtils.java:runAndLog(49)) - Successfully ran Files.createDirectories /home/runner/work/ratis/ratis/ratis-test/target/test/data/1e4ee837/MiniRaftClusterWithGrpc24096a27/s2/a9a0c5d7-4cce-4ef9-8f13-f8f047037fef/sm
2023-12-13 16:21:10,580 [s2-groupManagement] TRACE util.FileUtils (LogUtils.java:supplyAndLog(69)) - Successfully supplied FileChannel.open /home/runner/work/ratis/ratis/ratis-test/target/test/data/1e4ee837/MiniRaftClusterWithGrpc24096a27/s2/a9a0c5d7-4cce-4ef9-8f13-f8f047037fef/current/raft-meta.tmp with options [CREATE, WRITE]: sun.nio.ch.FileChannelImpl@19166d9e
2023-12-13 16:21:10,581 [s2-groupManagement] TRACE util.FileUtils (LogUtils.java:runAndLog(49)) - Successfully ran Atomic Files.move /home/runner/work/ratis/ratis/ratis-test/target/test/data/1e4ee837/MiniRaftClusterWithGrpc24096a27/s2/a9a0c5d7-4cce-4ef9-8f13-f8f047037fef/current/raft-meta.tmp to /home/runner/work/ratis/ratis/ratis-test/target/test/data/1e4ee837/MiniRaftClusterWithGrpc24096a27/s2/a9a0c5d7-4cce-4ef9-8f13-f8f047037fef/current/raft-meta with options [REPLACE_EXISTING]
2023-12-13 16:21:10,581 [s2-groupManagement] INFO  storage.RaftStorage (RaftStorageImpl.java:format(99)) - Storage directory /home/runner/work/ratis/ratis/ratis-test/target/test/data/1e4ee837/MiniRaftClusterWithGrpc24096a27/s2/a9a0c5d7-4cce-4ef9-8f13-f8f047037fef has been successfully formatted.
2023-12-13 16:21:10,581 [s2-groupManagement] TRACE util.FileUtils (LogUtils.java:supplyAndLog(61)) - Failed to Files.newInputStream /home/runner/work/ratis/ratis/ratis-test/target/test/data/1e4ee837/MiniRaftClusterWithGrpc24096a27/s2/a9a0c5d7-4cce-4ef9-8f13-f8f047037fef/current/raft-meta.conf with options []
java.nio.file.NoSuchFileException: /home/runner/work/ratis/ratis/ratis-test/target/test/data/1e4ee837/MiniRaftClusterWithGrpc24096a27/s2/a9a0c5d7-4cce-4ef9-8f13-f8f047037fef/current/raft-meta.conf
	at java.base/sun.nio.fs.UnixException.translateToIOException(UnixException.java:92)
	at java.base/sun.nio.fs.UnixException.rethrowAsIOException(UnixException.java:111)
	at java.base/sun.nio.fs.UnixException.rethrowAsIOException(UnixException.java:116)
	at java.base/sun.nio.fs.UnixFileSystemProvider.newByteChannel(UnixFileSystemProvider.java:219)
	at java.base/java.nio.file.Files.newByteChannel(Files.java:371)
	at java.base/java.nio.file.Files.newByteChannel(Files.java:422)
	at java.base/java.nio.file.spi.FileSystemProvider.newInputStream(FileSystemProvider.java:420)
	at java.base/java.nio.file.Files.newInputStream(Files.java:156)
	at org.apache.ratis.util.FileUtils.lambda$newInputStream$2(FileUtils.java:73)
	at org.apache.ratis.util.LogUtils.supplyAndLog(LogUtils.java:58)
	at org.apache.ratis.util.FileUtils.newInputStream(FileUtils.java:72)
	at org.apache.ratis.util.FileUtils.newInputStream(FileUtils.java:68)
	at org.apache.ratis.server.storage.RaftStorageImpl.readRaftConfiguration(RaftStorageImpl.java:156)
	at org.apache.ratis.server.impl.ServerState.initialize(ServerState.java:141)
	at org.apache.ratis.server.impl.RaftServerImpl.start(RaftServerImpl.java:388)
	at org.apache.ratis.server.impl.RaftServerProxy.lambda$groupAddAsync$13(RaftServerProxy.java:509)
	at java.base/java.util.concurrent.CompletableFuture$UniApply.tryFire(CompletableFuture.java:642)
	at java.base/java.util.concurrent.CompletableFuture$Completion.run(CompletableFuture.java:478)
	at java.base/java.util.concurrent.ThreadPoolExecutor.runWorker(ThreadPoolExecutor.java:1128)
	at java.base/java.util.concurrent.ThreadPoolExecutor$Worker.run(ThreadPoolExecutor.java:628)
	at java.base/java.lang.Thread.run(Thread.java:829)
2023-12-13 16:21:10,581 [s2-groupManagement] INFO  server.RaftServerConfigKeys (ConfUtils.java:logGet(46)) - raft.server.log.use.memory = false (default)
2023-12-13 16:21:10,581 [s2-groupManagement] INFO  server.RaftServerConfigKeys (ConfUtils.java:logGet(46)) - raft.server.log.purge.gap = 1024 (default)
2023-12-13 16:21:10,581 [s2-groupManagement] INFO  server.RaftServerConfigKeys (ConfUtils.java:logGet(46)) - raft.server.log.appender.buffer.byte-limit = 4MB (=4194304) (default)
2023-12-13 16:21:10,581 [s2-groupManagement] INFO  server.RaftServerConfigKeys (ConfUtils.java:logGet(46)) - raft.server.log.statemachine.data.read.timeout = 1000ms (default)
2023-12-13 16:21:10,581 [s2-groupManagement] INFO  server.RaftServerConfigKeys (ConfUtils.java:logGet(46)) - raft.server.log.purge.preservation.log.num = 0 (default)
2023-12-13 16:21:10,581 [s2-groupManagement] INFO  server.RaftServerConfigKeys (ConfUtils.java:logGet(46)) - raft.server.log.segment.size.max = 32MB (=33554432) (default)
2023-12-13 16:21:10,581 [s2-groupManagement] INFO  server.RaftServerConfigKeys (ConfUtils.java:logGet(46)) - raft.server.log.segment.cache.num.max = 6 (default)
2023-12-13 16:21:10,581 [s2-groupManagement] INFO  server.RaftServerConfigKeys (ConfUtils.java:logGet(46)) - raft.server.log.segment.cache.size.max = 200MB (=209715200) (default)
2023-12-13 16:21:10,581 [s2-groupManagement] INFO  server.RaftServerConfigKeys (ConfUtils.java:logGet(46)) - raft.server.log.appender.buffer.byte-limit = 4MB (=4194304) (default)
2023-12-13 16:21:10,581 [s2-groupManagement] INFO  util.AwaitToRun (AwaitToRun.java:start(81)) - Thread[s2@group-F8F047037FEF-cacheEviction-AwaitToRun,5,main] started
2023-12-13 16:21:10,581 [s2-groupManagement] INFO  segmented.SegmentedRaftLogWorker (SegmentedRaftLogWorker.java:<init>(182)) - new s2@group-F8F047037FEF-SegmentedRaftLogWorker for RaftStorageImpl:Storage Directory /home/runner/work/ratis/ratis/ratis-test/target/test/data/1e4ee837/MiniRaftClusterWithGrpc24096a27/s2/a9a0c5d7-4cce-4ef9-8f13-f8f047037fef
2023-12-13 16:21:10,581 [s2-groupManagement] INFO  server.RaftServerConfigKeys (ConfUtils.java:logGet(46)) - raft.server.log.queue.byte-limit = 64MB (=67108864) (default)
2023-12-13 16:21:10,581 [s2-groupManagement] INFO  server.RaftServerConfigKeys (ConfUtils.java:logGet(46)) - raft.server.log.queue.element-limit = 4096 (default)
2023-12-13 16:21:10,581 [s2-groupManagement] INFO  server.RaftServerConfigKeys (ConfUtils.java:logGet(46)) - raft.server.log.segment.size.max = 32MB (=33554432) (default)
2023-12-13 16:21:10,581 [s2-groupManagement] INFO  server.RaftServerConfigKeys (ConfUtils.java:logGet(46)) - raft.server.log.preallocated.size = 4MB (=4194304) (default)
2023-12-13 16:21:10,581 [s2-groupManagement] INFO  server.RaftServerConfigKeys (ConfUtils.java:logGet(46)) - raft.server.log.force.sync.num = 128 (default)
2023-12-13 16:21:10,581 [s2-groupManagement] INFO  server.RaftServerConfigKeys (ConfUtils.java:logGet(46)) - raft.server.log.statemachine.data.sync = true (default)
2023-12-13 16:21:10,581 [s2-groupManagement] INFO  server.RaftServerConfigKeys (ConfUtils.java:logGet(46)) - raft.server.log.statemachine.data.sync.timeout = 10s (default)
2023-12-13 16:21:10,581 [s2-groupManagement] INFO  server.RaftServerConfigKeys (ConfUtils.java:logGet(46)) - raft.server.log.statemachine.data.sync.timeout.retry = -1 (default)
2023-12-13 16:21:10,581 [s2-groupManagement] INFO  server.RaftServerConfigKeys (ConfUtils.java:logGet(46)) - raft.server.log.write.buffer.size = 8MB (=8388608) (default)
2023-12-13 16:21:10,583 [s2-groupManagement] INFO  server.RaftServerConfigKeys (ConfUtils.java:logGet(46)) - raft.server.log.appender.buffer.byte-limit = 4MB (=4194304) (default)
2023-12-13 16:21:10,583 [s2-groupManagement] INFO  server.RaftServerConfigKeys (ConfUtils.java:logGet(46)) - raft.server.log.unsafe-flush.enabled = false (default)
2023-12-13 16:21:10,583 [s2-groupManagement] INFO  server.RaftServerConfigKeys (ConfUtils.java:logGet(46)) - raft.server.log.async-flush.enabled = false (default)
2023-12-13 16:21:10,583 [s2-groupManagement] INFO  server.RaftServerConfigKeys (ConfUtils.java:logGet(46)) - raft.server.log.statemachine.data.caching.enabled = false (default)
2023-12-13 16:21:10,583 [s2-groupManagement] INFO  segmented.SegmentedRaftLogWorker (SegmentedRaftLogWorker.java:lambda$new$0(134)) - s2@group-F8F047037FEF-SegmentedRaftLogWorker: flushIndex: setUnconditionally 0 -> -1
2023-12-13 16:21:10,583 [s2-groupManagement] INFO  segmented.SegmentedRaftLogWorker (SegmentedRaftLogWorker.java:lambda$new$0(134)) - s2@group-F8F047037FEF-SegmentedRaftLogWorker: safeCacheEvictIndex: setUnconditionally 0 -> -1
2023-12-13 16:21:10,583 [s2-groupManagement] INFO  server.RaftServer$Division (RaftServerImpl.java:start(398)) - s2@group-F8F047037FEF: start with initializing state, conf=-1: peers:[]|listeners:[], old=null
2023-12-13 16:21:10,583 [s2-groupManagement] INFO  server.RaftServer$Division (RaftServerImpl.java:setRole(379)) - s2@group-F8F047037FEF: changes role from      null to FOLLOWER at term 0 for startInitializing
2023-12-13 16:21:10,583 [s2-groupManagement] INFO  util.JmxRegister (JmxRegister.java:tryRegister(44)) - Successfully registered JMX Bean with object name Ratis:service=RaftServer,group=group-F8F047037FEF,id=s2
2023-12-13 16:21:10,583 [s2-groupManagement] INFO  server.RaftServerConfigKeys (ConfUtils.java:logGet(46)) - raft.server.snapshot.trigger-when-stop.enabled = true (default)
2023-12-13 16:21:10,583 [s2-groupManagement] INFO  server.RaftServerConfigKeys (ConfUtils.java:logGet(46)) - raft.server.snapshot.auto.trigger.enabled = false (default)
2023-12-13 16:21:10,583 [s2-groupManagement] INFO  server.RaftServerConfigKeys (ConfUtils.java:logGet(46)) - raft.server.snapshot.retention.file.num = -1 (default)
2023-12-13 16:21:10,583 [s2-groupManagement] INFO  server.RaftServerConfigKeys (ConfUtils.java:logGet(46)) - raft.server.log.purge.upto.snapshot.index = false (default)
2023-12-13 16:21:10,585 [Time-limited test] INFO  impl.GroupManagementBaseTest (GroupManagementBaseTest.java:runMultiGroupTest(322)) - 1) groupAdd: printing group-EF1EF37F607A
2023-12-13 16:21:10,585 [Time-limited test] DEBUG client.RaftClient (ConfUtils.java:logGet(46)) - raft.rpc.type = GRPC (default)
2023-12-13 16:21:10,588 [grpc-default-executor-8] INFO  server.RaftServer (RaftServerProxy.java:addNew(100)) - s5: addNew group-F8F047037FEF:[] returns group-F8F047037FEF:java.util.concurrent.CompletableFuture@47166cd6[Not completed]
2023-12-13 16:21:10,588 [s5-groupManagement] INFO  server.RaftServer$Division (RaftServerImpl.java:<init>(256)) - s5: new RaftServerImpl for group-F8F047037FEF:[] with BaseStateMachine:uninitialized
2023-12-13 16:21:10,588 [s5-groupManagement] INFO  server.RaftServerConfigKeys (ConfUtils.java:logGet(46)) - raft.server.rpc.timeout.min = 1500ms (custom)
2023-12-13 16:21:10,588 [s5-groupManagement] INFO  server.RaftServerConfigKeys (ConfUtils.java:logGet(46)) - raft.server.rpc.timeout.max = 2000ms (custom)
2023-12-13 16:21:10,588 [s5-groupManagement] INFO  server.RaftServerConfigKeys (ConfUtils.java:logGet(46)) - raft.server.rpc.sleep.time = 25ms (default)
2023-12-13 16:21:10,588 [s5-groupManagement] INFO  server.RaftServerConfigKeys (ConfUtils.java:logGet(46)) - raft.server.rpc.slowness.timeout = 60s (default)
2023-12-13 16:21:10,588 [s5-groupManagement] INFO  server.RaftServerConfigKeys (ConfUtils.java:logGet(46)) - raft.server.leaderelection.leader.step-down.wait-time = 10s (default)
2023-12-13 16:21:10,589 [s5-groupManagement] INFO  server.RaftServerConfigKeys (ConfUtils.java:logGet(46)) - raft.server.leaderelection.member.majority-add = false (default)
2023-12-13 16:21:10,589 [s5-groupManagement] INFO  server.RaftServerConfigKeys (ConfUtils.java:logGet(46)) - raft.server.sleep.deviation.threshold = 300ms (default)
2023-12-13 16:21:10,589 [s5-groupManagement] INFO  server.RaftServer$Division (ServerState.java:<init>(113)) - s5@group-F8F047037FEF: ConfigurationManager, init=-1: peers:[]|listeners:[], old=null, confs=<EMPTY_MAP>
2023-12-13 16:21:10,589 [s5-groupManagement] INFO  server.RaftServerConfigKeys (ConfUtils.java:logGet(46)) - raft.server.notification.no-leader.timeout = 60s (default)
2023-12-13 16:21:10,589 [s5-groupManagement] INFO  server.RaftServerConfigKeys (ConfUtils.java:logGet(46)) - raft.server.read.timeout = 10s (default)
2023-12-13 16:21:10,589 [s5-groupManagement] INFO  server.RaftServerConfigKeys (ConfUtils.java:logGet(46)) - raft.server.retrycache.expirytime = 60s (default)
2023-12-13 16:21:10,589 [s5-groupManagement] INFO  server.RaftServerConfigKeys (ConfUtils.java:logGet(46)) - raft.server.retrycache.statistics.expirytime = 100ms (default)
2023-12-13 16:21:10,589 [s5-groupManagement] INFO  server.RaftServerConfigKeys (ConfUtils.java:logGet(46)) - raft.server.read.option = DEFAULT (default)
2023-12-13 16:21:10,589 [s5-groupManagement] INFO  server.RaftServerConfigKeys (ConfUtils.java:logGet(46)) - raft.server.read.read-after-write-consistent.write-index-cache.expiry-time = 60s (default)
2023-12-13 16:21:10,589 [s5-groupManagement] INFO  server.RaftServerConfigKeys (ConfUtils.java:logGet(46)) - raft.server.rpc.request.timeout = 3000ms (default)
2023-12-13 16:21:10,589 [s5-groupManagement] INFO  server.RaftServerConfigKeys (ConfUtils.java:logGet(46)) - raft.server.log.appender.install.snapshot.enabled = true (default)
2023-12-13 16:21:10,590 [s5-groupManagement] INFO  server.RaftServerConfigKeys (ConfUtils.java:logGet(46)) - raft.server.threadpool.server.cached = true (default)
2023-12-13 16:21:10,590 [s5-groupManagement] INFO  server.RaftServerConfigKeys (ConfUtils.java:logGet(46)) - raft.server.threadpool.server.size = 0 (default)
2023-12-13 16:21:10,590 [s5-groupManagement] INFO  server.RaftServerConfigKeys (ConfUtils.java:logGet(46)) - raft.server.threadpool.client.cached = true (default)
2023-12-13 16:21:10,590 [s5-groupManagement] INFO  server.RaftServerConfigKeys (ConfUtils.java:logGet(46)) - raft.server.threadpool.client.size = 0 (default)
2023-12-13 16:21:10,590 [s5-groupManagement] DEBUG server.RaftServer (RaftServerProxy.java:lambda$groupAddAsync$13(507)) - s5: newImpl =      null s5@group-F8F047037FEF:t0, leader=null, voted=null, raftlog=UNINITIALIZED, conf=-1: peers:[]|listeners:[], old=null NEW
2023-12-13 16:21:10,590 [s5-groupManagement] INFO  server.RaftServerConfigKeys (ConfUtils.java:logGet(46)) - raft.server.storage.free-space.min = 0MB (=0) (default)
2023-12-13 16:21:10,590 [s5-groupManagement] INFO  server.RaftServerConfigKeys (ConfUtils.java:logGet(46)) - raft.server.log.corruption.policy = EXCEPTION (default)
2023-12-13 16:21:10,590 [s5-groupManagement] INFO  server.RaftServerConfigKeys (ConfUtils.java:logGet(46)) - raft.server.storage.dir = [/home/runner/work/ratis/ratis/ratis-test/target/test/data/1e4ee837/MiniRaftClusterWithGrpc24096a27/s5] (custom)
2023-12-13 16:21:10,590 [s5-groupManagement] INFO  storage.RaftStorageDirectory (RaftStorageDirectoryImpl.java:analyzeStorage(138)) - The storage directory /home/runner/work/ratis/ratis/ratis-test/target/test/data/1e4ee837/MiniRaftClusterWithGrpc24096a27/s5/a9a0c5d7-4cce-4ef9-8f13-f8f047037fef does not exist. Creating ...
2023-12-13 16:21:10,590 [s5-groupManagement] TRACE util.FileUtils (LogUtils.java:runAndLog(49)) - Successfully ran Files.createDirectories /home/runner/work/ratis/ratis/ratis-test/target/test/data/1e4ee837/MiniRaftClusterWithGrpc24096a27/s5/a9a0c5d7-4cce-4ef9-8f13-f8f047037fef
2023-12-13 16:21:10,591 [s5-groupManagement] INFO  storage.RaftStorageDirectory (RaftStorageDirectoryImpl.java:tryLock(228)) - Lock on /home/runner/work/ratis/ratis/ratis-test/target/test/data/1e4ee837/MiniRaftClusterWithGrpc24096a27/s5/a9a0c5d7-4cce-4ef9-8f13-f8f047037fef/in_use.lock acquired by nodename 10819@fv-az890-872
2023-12-13 16:21:10,591 [s5-groupManagement] TRACE util.FileUtils (LogUtils.java:runAndLog(49)) - Successfully ran Files.createDirectories /home/runner/work/ratis/ratis/ratis-test/target/test/data/1e4ee837/MiniRaftClusterWithGrpc24096a27/s5/a9a0c5d7-4cce-4ef9-8f13-f8f047037fef/current
2023-12-13 16:21:10,591 [s5-groupManagement] TRACE util.FileUtils (LogUtils.java:runAndLog(49)) - Successfully ran Files.createDirectories /home/runner/work/ratis/ratis/ratis-test/target/test/data/1e4ee837/MiniRaftClusterWithGrpc24096a27/s5/a9a0c5d7-4cce-4ef9-8f13-f8f047037fef/sm
2023-12-13 16:21:10,591 [s5-groupManagement] TRACE util.FileUtils (LogUtils.java:supplyAndLog(69)) - Successfully supplied FileChannel.open /home/runner/work/ratis/ratis/ratis-test/target/test/data/1e4ee837/MiniRaftClusterWithGrpc24096a27/s5/a9a0c5d7-4cce-4ef9-8f13-f8f047037fef/current/raft-meta.tmp with options [CREATE, WRITE]: sun.nio.ch.FileChannelImpl@7f803c20
2023-12-13 16:21:10,592 [s5-groupManagement] TRACE util.FileUtils (LogUtils.java:runAndLog(49)) - Successfully ran Atomic Files.move /home/runner/work/ratis/ratis/ratis-test/target/test/data/1e4ee837/MiniRaftClusterWithGrpc24096a27/s5/a9a0c5d7-4cce-4ef9-8f13-f8f047037fef/current/raft-meta.tmp to /home/runner/work/ratis/ratis/ratis-test/target/test/data/1e4ee837/MiniRaftClusterWithGrpc24096a27/s5/a9a0c5d7-4cce-4ef9-8f13-f8f047037fef/current/raft-meta with options [REPLACE_EXISTING]
2023-12-13 16:21:10,592 [s5-groupManagement] INFO  storage.RaftStorage (RaftStorageImpl.java:format(99)) - Storage directory /home/runner/work/ratis/ratis/ratis-test/target/test/data/1e4ee837/MiniRaftClusterWithGrpc24096a27/s5/a9a0c5d7-4cce-4ef9-8f13-f8f047037fef has been successfully formatted.
2023-12-13 16:21:10,592 [s5-groupManagement] TRACE util.FileUtils (LogUtils.java:supplyAndLog(61)) - Failed to Files.newInputStream /home/runner/work/ratis/ratis/ratis-test/target/test/data/1e4ee837/MiniRaftClusterWithGrpc24096a27/s5/a9a0c5d7-4cce-4ef9-8f13-f8f047037fef/current/raft-meta.conf with options []
java.nio.file.NoSuchFileException: /home/runner/work/ratis/ratis/ratis-test/target/test/data/1e4ee837/MiniRaftClusterWithGrpc24096a27/s5/a9a0c5d7-4cce-4ef9-8f13-f8f047037fef/current/raft-meta.conf
	at java.base/sun.nio.fs.UnixException.translateToIOException(UnixException.java:92)
	at java.base/sun.nio.fs.UnixException.rethrowAsIOException(UnixException.java:111)
	at java.base/sun.nio.fs.UnixException.rethrowAsIOException(UnixException.java:116)
	at java.base/sun.nio.fs.UnixFileSystemProvider.newByteChannel(UnixFileSystemProvider.java:219)
	at java.base/java.nio.file.Files.newByteChannel(Files.java:371)
	at java.base/java.nio.file.Files.newByteChannel(Files.java:422)
	at java.base/java.nio.file.spi.FileSystemProvider.newInputStream(FileSystemProvider.java:420)
	at java.base/java.nio.file.Files.newInputStream(Files.java:156)
	at org.apache.ratis.util.FileUtils.lambda$newInputStream$2(FileUtils.java:73)
	at org.apache.ratis.util.LogUtils.supplyAndLog(LogUtils.java:58)
	at org.apache.ratis.util.FileUtils.newInputStream(FileUtils.java:72)
	at org.apache.ratis.util.FileUtils.newInputStream(FileUtils.java:68)
	at org.apache.ratis.server.storage.RaftStorageImpl.readRaftConfiguration(RaftStorageImpl.java:156)
	at org.apache.ratis.server.impl.ServerState.initialize(ServerState.java:141)
	at org.apache.ratis.server.impl.RaftServerImpl.start(RaftServerImpl.java:388)
	at org.apache.ratis.server.impl.RaftServerProxy.lambda$groupAddAsync$13(RaftServerProxy.java:509)
	at java.base/java.util.concurrent.CompletableFuture$UniApply.tryFire(CompletableFuture.java:642)
	at java.base/java.util.concurrent.CompletableFuture$Completion.run(CompletableFuture.java:478)
	at java.base/java.util.concurrent.ThreadPoolExecutor.runWorker(ThreadPoolExecutor.java:1128)
	at java.base/java.util.concurrent.ThreadPoolExecutor$Worker.run(ThreadPoolExecutor.java:628)
	at java.base/java.lang.Thread.run(Thread.java:829)
2023-12-13 16:21:10,592 [s5-groupManagement] INFO  server.RaftServerConfigKeys (ConfUtils.java:logGet(46)) - raft.server.log.use.memory = false (default)
2023-12-13 16:21:10,592 [s5-groupManagement] INFO  server.RaftServerConfigKeys (ConfUtils.java:logGet(46)) - raft.server.log.purge.gap = 1024 (default)
2023-12-13 16:21:10,592 [s5-groupManagement] INFO  server.RaftServerConfigKeys (ConfUtils.java:logGet(46)) - raft.server.log.appender.buffer.byte-limit = 4MB (=4194304) (default)
2023-12-13 16:21:10,592 [s5-groupManagement] INFO  server.RaftServerConfigKeys (ConfUtils.java:logGet(46)) - raft.server.log.statemachine.data.read.timeout = 1000ms (default)
2023-12-13 16:21:10,592 [s5-groupManagement] INFO  server.RaftServerConfigKeys (ConfUtils.java:logGet(46)) - raft.server.log.purge.preservation.log.num = 0 (default)
2023-12-13 16:21:10,593 [s5-groupManagement] INFO  server.RaftServerConfigKeys (ConfUtils.java:logGet(46)) - raft.server.log.segment.size.max = 32MB (=33554432) (default)
2023-12-13 16:21:10,593 [s5-groupManagement] INFO  server.RaftServerConfigKeys (ConfUtils.java:logGet(46)) - raft.server.log.segment.cache.num.max = 6 (default)
2023-12-13 16:21:10,593 [s5-groupManagement] INFO  server.RaftServerConfigKeys (ConfUtils.java:logGet(46)) - raft.server.log.segment.cache.size.max = 200MB (=209715200) (default)
2023-12-13 16:21:10,593 [s5-groupManagement] INFO  server.RaftServerConfigKeys (ConfUtils.java:logGet(46)) - raft.server.log.appender.buffer.byte-limit = 4MB (=4194304) (default)
2023-12-13 16:21:10,593 [s5-groupManagement] INFO  util.AwaitToRun (AwaitToRun.java:start(81)) - Thread[s5@group-F8F047037FEF-cacheEviction-AwaitToRun,5,main] started
2023-12-13 16:21:10,593 [s5-groupManagement] INFO  segmented.SegmentedRaftLogWorker (SegmentedRaftLogWorker.java:<init>(182)) - new s5@group-F8F047037FEF-SegmentedRaftLogWorker for RaftStorageImpl:Storage Directory /home/runner/work/ratis/ratis/ratis-test/target/test/data/1e4ee837/MiniRaftClusterWithGrpc24096a27/s5/a9a0c5d7-4cce-4ef9-8f13-f8f047037fef
2023-12-13 16:21:10,593 [s5-groupManagement] INFO  server.RaftServerConfigKeys (ConfUtils.java:logGet(46)) - raft.server.log.queue.byte-limit = 64MB (=67108864) (default)
2023-12-13 16:21:10,593 [s5-groupManagement] INFO  server.RaftServerConfigKeys (ConfUtils.java:logGet(46)) - raft.server.log.queue.element-limit = 4096 (default)
2023-12-13 16:21:10,593 [s5-groupManagement] INFO  server.RaftServerConfigKeys (ConfUtils.java:logGet(46)) - raft.server.log.segment.size.max = 32MB (=33554432) (default)
2023-12-13 16:21:10,593 [s5-groupManagement] INFO  server.RaftServerConfigKeys (ConfUtils.java:logGet(46)) - raft.server.log.preallocated.size = 4MB (=4194304) (default)
2023-12-13 16:21:10,593 [s5-groupManagement] INFO  server.RaftServerConfigKeys (ConfUtils.java:logGet(46)) - raft.server.log.force.sync.num = 128 (default)
2023-12-13 16:21:10,593 [s5-groupManagement] INFO  server.RaftServerConfigKeys (ConfUtils.java:logGet(46)) - raft.server.log.statemachine.data.sync = true (default)
2023-12-13 16:21:10,593 [s5-groupManagement] INFO  server.RaftServerConfigKeys (ConfUtils.java:logGet(46)) - raft.server.log.statemachine.data.sync.timeout = 10s (default)
2023-12-13 16:21:10,593 [s5-groupManagement] INFO  server.RaftServerConfigKeys (ConfUtils.java:logGet(46)) - raft.server.log.statemachine.data.sync.timeout.retry = -1 (default)
2023-12-13 16:21:10,593 [s5-groupManagement] INFO  server.RaftServerConfigKeys (ConfUtils.java:logGet(46)) - raft.server.log.write.buffer.size = 8MB (=8388608) (default)
2023-12-13 16:21:10,595 [s5-groupManagement] INFO  server.RaftServerConfigKeys (ConfUtils.java:logGet(46)) - raft.server.log.appender.buffer.byte-limit = 4MB (=4194304) (default)
2023-12-13 16:21:10,595 [s5-groupManagement] INFO  server.RaftServerConfigKeys (ConfUtils.java:logGet(46)) - raft.server.log.unsafe-flush.enabled = false (default)
2023-12-13 16:21:10,595 [s5-groupManagement] INFO  server.RaftServerConfigKeys (ConfUtils.java:logGet(46)) - raft.server.log.async-flush.enabled = false (default)
2023-12-13 16:21:10,595 [s5-groupManagement] INFO  server.RaftServerConfigKeys (ConfUtils.java:logGet(46)) - raft.server.log.statemachine.data.caching.enabled = false (default)
2023-12-13 16:21:10,595 [s5-groupManagement] INFO  segmented.SegmentedRaftLogWorker (SegmentedRaftLogWorker.java:lambda$new$0(134)) - s5@group-F8F047037FEF-SegmentedRaftLogWorker: flushIndex: setUnconditionally 0 -> -1
2023-12-13 16:21:10,595 [s5-groupManagement] INFO  segmented.SegmentedRaftLogWorker (SegmentedRaftLogWorker.java:lambda$new$0(134)) - s5@group-F8F047037FEF-SegmentedRaftLogWorker: safeCacheEvictIndex: setUnconditionally 0 -> -1
2023-12-13 16:21:10,595 [s5-groupManagement] INFO  server.RaftServer$Division (RaftServerImpl.java:start(398)) - s5@group-F8F047037FEF: start with initializing state, conf=-1: peers:[]|listeners:[], old=null
2023-12-13 16:21:10,595 [s5-groupManagement] INFO  server.RaftServer$Division (RaftServerImpl.java:setRole(379)) - s5@group-F8F047037FEF: changes role from      null to FOLLOWER at term 0 for startInitializing
2023-12-13 16:21:10,595 [s5-groupManagement] INFO  util.JmxRegister (JmxRegister.java:tryRegister(44)) - Successfully registered JMX Bean with object name Ratis:service=RaftServer,group=group-F8F047037FEF,id=s5
2023-12-13 16:21:10,595 [s5-groupManagement] INFO  server.RaftServerConfigKeys (ConfUtils.java:logGet(46)) - raft.server.snapshot.trigger-when-stop.enabled = true (default)
2023-12-13 16:21:10,595 [s5-groupManagement] INFO  server.RaftServerConfigKeys (ConfUtils.java:logGet(46)) - raft.server.snapshot.auto.trigger.enabled = false (default)
2023-12-13 16:21:10,595 [s5-groupManagement] INFO  server.RaftServerConfigKeys (ConfUtils.java:logGet(46)) - raft.server.snapshot.retention.file.num = -1 (default)
2023-12-13 16:21:10,595 [s5-groupManagement] INFO  server.RaftServerConfigKeys (ConfUtils.java:logGet(46)) - raft.server.log.purge.upto.snapshot.index = false (default)
2023-12-13 16:21:10,597 [Time-limited test] DEBUG client.RaftClient (ConfUtils.java:logGet(46)) - raft.rpc.type = GRPC (default)
2023-12-13 16:21:10,601 [grpc-default-executor-8] INFO  server.RaftServer (RaftServerProxy.java:addNew(100)) - s6: addNew group-F8F047037FEF:[] returns group-F8F047037FEF:java.util.concurrent.CompletableFuture@6de8b13b[Not completed]
2023-12-13 16:21:10,601 [s6-groupManagement] INFO  server.RaftServer$Division (RaftServerImpl.java:<init>(256)) - s6: new RaftServerImpl for group-F8F047037FEF:[] with BaseStateMachine:uninitialized
2023-12-13 16:21:10,602 [s6-groupManagement] INFO  server.RaftServerConfigKeys (ConfUtils.java:logGet(46)) - raft.server.rpc.timeout.min = 1500ms (custom)
2023-12-13 16:21:10,602 [s6-groupManagement] INFO  server.RaftServerConfigKeys (ConfUtils.java:logGet(46)) - raft.server.rpc.timeout.max = 2000ms (custom)
2023-12-13 16:21:10,602 [s6-groupManagement] INFO  server.RaftServerConfigKeys (ConfUtils.java:logGet(46)) - raft.server.rpc.sleep.time = 25ms (default)
2023-12-13 16:21:10,602 [s6-groupManagement] INFO  server.RaftServerConfigKeys (ConfUtils.java:logGet(46)) - raft.server.rpc.slowness.timeout = 60s (default)
2023-12-13 16:21:10,602 [s6-groupManagement] INFO  server.RaftServerConfigKeys (ConfUtils.java:logGet(46)) - raft.server.leaderelection.leader.step-down.wait-time = 10s (default)
2023-12-13 16:21:10,602 [s6-groupManagement] INFO  server.RaftServerConfigKeys (ConfUtils.java:logGet(46)) - raft.server.leaderelection.member.majority-add = false (default)
2023-12-13 16:21:10,602 [s6-groupManagement] INFO  server.RaftServerConfigKeys (ConfUtils.java:logGet(46)) - raft.server.sleep.deviation.threshold = 300ms (default)
2023-12-13 16:21:10,602 [s6-groupManagement] INFO  server.RaftServer$Division (ServerState.java:<init>(113)) - s6@group-F8F047037FEF: ConfigurationManager, init=-1: peers:[]|listeners:[], old=null, confs=<EMPTY_MAP>
2023-12-13 16:21:10,602 [s6-groupManagement] INFO  server.RaftServerConfigKeys (ConfUtils.java:logGet(46)) - raft.server.notification.no-leader.timeout = 60s (default)
2023-12-13 16:21:10,602 [s6-groupManagement] INFO  server.RaftServerConfigKeys (ConfUtils.java:logGet(46)) - raft.server.read.timeout = 10s (default)
2023-12-13 16:21:10,602 [s6-groupManagement] INFO  server.RaftServerConfigKeys (ConfUtils.java:logGet(46)) - raft.server.retrycache.expirytime = 60s (default)
2023-12-13 16:21:10,602 [s6-groupManagement] INFO  server.RaftServerConfigKeys (ConfUtils.java:logGet(46)) - raft.server.retrycache.statistics.expirytime = 100ms (default)
2023-12-13 16:21:10,602 [s6-groupManagement] INFO  server.RaftServerConfigKeys (ConfUtils.java:logGet(46)) - raft.server.read.option = DEFAULT (default)
2023-12-13 16:21:10,602 [s6-groupManagement] INFO  server.RaftServerConfigKeys (ConfUtils.java:logGet(46)) - raft.server.read.read-after-write-consistent.write-index-cache.expiry-time = 60s (default)
2023-12-13 16:21:10,602 [s6-groupManagement] INFO  server.RaftServerConfigKeys (ConfUtils.java:logGet(46)) - raft.server.rpc.request.timeout = 3000ms (default)
2023-12-13 16:21:10,602 [s6-groupManagement] INFO  server.RaftServerConfigKeys (ConfUtils.java:logGet(46)) - raft.server.log.appender.install.snapshot.enabled = true (default)
2023-12-13 16:21:10,603 [s6-groupManagement] INFO  server.RaftServerConfigKeys (ConfUtils.java:logGet(46)) - raft.server.threadpool.server.cached = true (default)
2023-12-13 16:21:10,603 [s6-groupManagement] INFO  server.RaftServerConfigKeys (ConfUtils.java:logGet(46)) - raft.server.threadpool.server.size = 0 (default)
2023-12-13 16:21:10,603 [s6-groupManagement] INFO  server.RaftServerConfigKeys (ConfUtils.java:logGet(46)) - raft.server.threadpool.client.cached = true (default)
2023-12-13 16:21:10,603 [s6-groupManagement] INFO  server.RaftServerConfigKeys (ConfUtils.java:logGet(46)) - raft.server.threadpool.client.size = 0 (default)
2023-12-13 16:21:10,603 [s6-groupManagement] DEBUG server.RaftServer (RaftServerProxy.java:lambda$groupAddAsync$13(507)) - s6: newImpl =      null s6@group-F8F047037FEF:t0, leader=null, voted=null, raftlog=UNINITIALIZED, conf=-1: peers:[]|listeners:[], old=null NEW
2023-12-13 16:21:10,603 [s6-groupManagement] INFO  server.RaftServerConfigKeys (ConfUtils.java:logGet(46)) - raft.server.storage.free-space.min = 0MB (=0) (default)
2023-12-13 16:21:10,603 [s6-groupManagement] INFO  server.RaftServerConfigKeys (ConfUtils.java:logGet(46)) - raft.server.log.corruption.policy = EXCEPTION (default)
2023-12-13 16:21:10,603 [s6-groupManagement] INFO  server.RaftServerConfigKeys (ConfUtils.java:logGet(46)) - raft.server.storage.dir = [/home/runner/work/ratis/ratis/ratis-test/target/test/data/1e4ee837/MiniRaftClusterWithGrpc24096a27/s6] (custom)
2023-12-13 16:21:10,603 [s6-groupManagement] INFO  storage.RaftStorageDirectory (RaftStorageDirectoryImpl.java:analyzeStorage(138)) - The storage directory /home/runner/work/ratis/ratis/ratis-test/target/test/data/1e4ee837/MiniRaftClusterWithGrpc24096a27/s6/a9a0c5d7-4cce-4ef9-8f13-f8f047037fef does not exist. Creating ...
2023-12-13 16:21:10,603 [s6-groupManagement] TRACE util.FileUtils (LogUtils.java:runAndLog(49)) - Successfully ran Files.createDirectories /home/runner/work/ratis/ratis/ratis-test/target/test/data/1e4ee837/MiniRaftClusterWithGrpc24096a27/s6/a9a0c5d7-4cce-4ef9-8f13-f8f047037fef
2023-12-13 16:21:10,604 [s6-groupManagement] INFO  storage.RaftStorageDirectory (RaftStorageDirectoryImpl.java:tryLock(228)) - Lock on /home/runner/work/ratis/ratis/ratis-test/target/test/data/1e4ee837/MiniRaftClusterWithGrpc24096a27/s6/a9a0c5d7-4cce-4ef9-8f13-f8f047037fef/in_use.lock acquired by nodename 10819@fv-az890-872
2023-12-13 16:21:10,604 [s6-groupManagement] TRACE util.FileUtils (LogUtils.java:runAndLog(49)) - Successfully ran Files.createDirectories /home/runner/work/ratis/ratis/ratis-test/target/test/data/1e4ee837/MiniRaftClusterWithGrpc24096a27/s6/a9a0c5d7-4cce-4ef9-8f13-f8f047037fef/current
2023-12-13 16:21:10,604 [s6-groupManagement] TRACE util.FileUtils (LogUtils.java:runAndLog(49)) - Successfully ran Files.createDirectories /home/runner/work/ratis/ratis/ratis-test/target/test/data/1e4ee837/MiniRaftClusterWithGrpc24096a27/s6/a9a0c5d7-4cce-4ef9-8f13-f8f047037fef/sm
2023-12-13 16:21:10,604 [s6-groupManagement] TRACE util.FileUtils (LogUtils.java:supplyAndLog(69)) - Successfully supplied FileChannel.open /home/runner/work/ratis/ratis/ratis-test/target/test/data/1e4ee837/MiniRaftClusterWithGrpc24096a27/s6/a9a0c5d7-4cce-4ef9-8f13-f8f047037fef/current/raft-meta.tmp with options [CREATE, WRITE]: sun.nio.ch.FileChannelImpl@f06617a
2023-12-13 16:21:10,605 [s6-groupManagement] TRACE util.FileUtils (LogUtils.java:runAndLog(49)) - Successfully ran Atomic Files.move /home/runner/work/ratis/ratis/ratis-test/target/test/data/1e4ee837/MiniRaftClusterWithGrpc24096a27/s6/a9a0c5d7-4cce-4ef9-8f13-f8f047037fef/current/raft-meta.tmp to /home/runner/work/ratis/ratis/ratis-test/target/test/data/1e4ee837/MiniRaftClusterWithGrpc24096a27/s6/a9a0c5d7-4cce-4ef9-8f13-f8f047037fef/current/raft-meta with options [REPLACE_EXISTING]
2023-12-13 16:21:10,605 [s6-groupManagement] INFO  storage.RaftStorage (RaftStorageImpl.java:format(99)) - Storage directory /home/runner/work/ratis/ratis/ratis-test/target/test/data/1e4ee837/MiniRaftClusterWithGrpc24096a27/s6/a9a0c5d7-4cce-4ef9-8f13-f8f047037fef has been successfully formatted.
2023-12-13 16:21:10,605 [s6-groupManagement] TRACE util.FileUtils (LogUtils.java:supplyAndLog(61)) - Failed to Files.newInputStream /home/runner/work/ratis/ratis/ratis-test/target/test/data/1e4ee837/MiniRaftClusterWithGrpc24096a27/s6/a9a0c5d7-4cce-4ef9-8f13-f8f047037fef/current/raft-meta.conf with options []
java.nio.file.NoSuchFileException: /home/runner/work/ratis/ratis/ratis-test/target/test/data/1e4ee837/MiniRaftClusterWithGrpc24096a27/s6/a9a0c5d7-4cce-4ef9-8f13-f8f047037fef/current/raft-meta.conf
	at java.base/sun.nio.fs.UnixException.translateToIOException(UnixException.java:92)
	at java.base/sun.nio.fs.UnixException.rethrowAsIOException(UnixException.java:111)
	at java.base/sun.nio.fs.UnixException.rethrowAsIOException(UnixException.java:116)
	at java.base/sun.nio.fs.UnixFileSystemProvider.newByteChannel(UnixFileSystemProvider.java:219)
	at java.base/java.nio.file.Files.newByteChannel(Files.java:371)
	at java.base/java.nio.file.Files.newByteChannel(Files.java:422)
	at java.base/java.nio.file.spi.FileSystemProvider.newInputStream(FileSystemProvider.java:420)
	at java.base/java.nio.file.Files.newInputStream(Files.java:156)
	at org.apache.ratis.util.FileUtils.lambda$newInputStream$2(FileUtils.java:73)
	at org.apache.ratis.util.LogUtils.supplyAndLog(LogUtils.java:58)
	at org.apache.ratis.util.FileUtils.newInputStream(FileUtils.java:72)
	at org.apache.ratis.util.FileUtils.newInputStream(FileUtils.java:68)
	at org.apache.ratis.server.storage.RaftStorageImpl.readRaftConfiguration(RaftStorageImpl.java:156)
	at org.apache.ratis.server.impl.ServerState.initialize(ServerState.java:141)
	at org.apache.ratis.server.impl.RaftServerImpl.start(RaftServerImpl.java:388)
	at org.apache.ratis.server.impl.RaftServerProxy.lambda$groupAddAsync$13(RaftServerProxy.java:509)
	at java.base/java.util.concurrent.CompletableFuture$UniApply.tryFire(CompletableFuture.java:642)
	at java.base/java.util.concurrent.CompletableFuture$Completion.run(CompletableFuture.java:478)
	at java.base/java.util.concurrent.ThreadPoolExecutor.runWorker(ThreadPoolExecutor.java:1128)
	at java.base/java.util.concurrent.ThreadPoolExecutor$Worker.run(ThreadPoolExecutor.java:628)
	at java.base/java.lang.Thread.run(Thread.java:829)
2023-12-13 16:21:10,605 [s6-groupManagement] INFO  server.RaftServerConfigKeys (ConfUtils.java:logGet(46)) - raft.server.log.use.memory = false (default)
2023-12-13 16:21:10,605 [s6-groupManagement] INFO  server.RaftServerConfigKeys (ConfUtils.java:logGet(46)) - raft.server.log.purge.gap = 1024 (default)
2023-12-13 16:21:10,605 [s6-groupManagement] INFO  server.RaftServerConfigKeys (ConfUtils.java:logGet(46)) - raft.server.log.appender.buffer.byte-limit = 4MB (=4194304) (default)
2023-12-13 16:21:10,605 [s6-groupManagement] INFO  server.RaftServerConfigKeys (ConfUtils.java:logGet(46)) - raft.server.log.statemachine.data.read.timeout = 1000ms (default)
2023-12-13 16:21:10,605 [s6-groupManagement] INFO  server.RaftServerConfigKeys (ConfUtils.java:logGet(46)) - raft.server.log.purge.preservation.log.num = 0 (default)
2023-12-13 16:21:10,606 [s6-groupManagement] INFO  server.RaftServerConfigKeys (ConfUtils.java:logGet(46)) - raft.server.log.segment.size.max = 32MB (=33554432) (default)
2023-12-13 16:21:10,606 [s6-groupManagement] INFO  server.RaftServerConfigKeys (ConfUtils.java:logGet(46)) - raft.server.log.segment.cache.num.max = 6 (default)
2023-12-13 16:21:10,606 [s6-groupManagement] INFO  server.RaftServerConfigKeys (ConfUtils.java:logGet(46)) - raft.server.log.segment.cache.size.max = 200MB (=209715200) (default)
2023-12-13 16:21:10,606 [s6-groupManagement] INFO  server.RaftServerConfigKeys (ConfUtils.java:logGet(46)) - raft.server.log.appender.buffer.byte-limit = 4MB (=4194304) (default)
2023-12-13 16:21:10,606 [s6-groupManagement] INFO  util.AwaitToRun (AwaitToRun.java:start(81)) - Thread[s6@group-F8F047037FEF-cacheEviction-AwaitToRun,5,main] started
2023-12-13 16:21:10,606 [s6-groupManagement] INFO  segmented.SegmentedRaftLogWorker (SegmentedRaftLogWorker.java:<init>(182)) - new s6@group-F8F047037FEF-SegmentedRaftLogWorker for RaftStorageImpl:Storage Directory /home/runner/work/ratis/ratis/ratis-test/target/test/data/1e4ee837/MiniRaftClusterWithGrpc24096a27/s6/a9a0c5d7-4cce-4ef9-8f13-f8f047037fef
2023-12-13 16:21:10,606 [s6-groupManagement] INFO  server.RaftServerConfigKeys (ConfUtils.java:logGet(46)) - raft.server.log.queue.byte-limit = 64MB (=67108864) (default)
2023-12-13 16:21:10,606 [s6-groupManagement] INFO  server.RaftServerConfigKeys (ConfUtils.java:logGet(46)) - raft.server.log.queue.element-limit = 4096 (default)
2023-12-13 16:21:10,606 [s6-groupManagement] INFO  server.RaftServerConfigKeys (ConfUtils.java:logGet(46)) - raft.server.log.segment.size.max = 32MB (=33554432) (default)
2023-12-13 16:21:10,606 [s6-groupManagement] INFO  server.RaftServerConfigKeys (ConfUtils.java:logGet(46)) - raft.server.log.preallocated.size = 4MB (=4194304) (default)
2023-12-13 16:21:10,606 [s6-groupManagement] INFO  server.RaftServerConfigKeys (ConfUtils.java:logGet(46)) - raft.server.log.force.sync.num = 128 (default)
2023-12-13 16:21:10,606 [s6-groupManagement] INFO  server.RaftServerConfigKeys (ConfUtils.java:logGet(46)) - raft.server.log.statemachine.data.sync = true (default)
2023-12-13 16:21:10,606 [s6-groupManagement] INFO  server.RaftServerConfigKeys (ConfUtils.java:logGet(46)) - raft.server.log.statemachine.data.sync.timeout = 10s (default)
2023-12-13 16:21:10,606 [s6-groupManagement] INFO  server.RaftServerConfigKeys (ConfUtils.java:logGet(46)) - raft.server.log.statemachine.data.sync.timeout.retry = -1 (default)
2023-12-13 16:21:10,606 [s6-groupManagement] INFO  server.RaftServerConfigKeys (ConfUtils.java:logGet(46)) - raft.server.log.write.buffer.size = 8MB (=8388608) (default)
2023-12-13 16:21:10,608 [s6-groupManagement] INFO  server.RaftServerConfigKeys (ConfUtils.java:logGet(46)) - raft.server.log.appender.buffer.byte-limit = 4MB (=4194304) (default)
2023-12-13 16:21:10,608 [s6-groupManagement] INFO  server.RaftServerConfigKeys (ConfUtils.java:logGet(46)) - raft.server.log.unsafe-flush.enabled = false (default)
2023-12-13 16:21:10,608 [s6-groupManagement] INFO  server.RaftServerConfigKeys (ConfUtils.java:logGet(46)) - raft.server.log.async-flush.enabled = false (default)
2023-12-13 16:21:10,608 [s6-groupManagement] INFO  server.RaftServerConfigKeys (ConfUtils.java:logGet(46)) - raft.server.log.statemachine.data.caching.enabled = false (default)
2023-12-13 16:21:10,608 [s6-groupManagement] INFO  segmented.SegmentedRaftLogWorker (SegmentedRaftLogWorker.java:lambda$new$0(134)) - s6@group-F8F047037FEF-SegmentedRaftLogWorker: flushIndex: setUnconditionally 0 -> -1
2023-12-13 16:21:10,608 [s6-groupManagement] INFO  segmented.SegmentedRaftLogWorker (SegmentedRaftLogWorker.java:lambda$new$0(134)) - s6@group-F8F047037FEF-SegmentedRaftLogWorker: safeCacheEvictIndex: setUnconditionally 0 -> -1
2023-12-13 16:21:10,608 [s6-groupManagement] INFO  server.RaftServer$Division (RaftServerImpl.java:start(398)) - s6@group-F8F047037FEF: start with initializing state, conf=-1: peers:[]|listeners:[], old=null
2023-12-13 16:21:10,608 [s6-groupManagement] INFO  server.RaftServer$Division (RaftServerImpl.java:setRole(379)) - s6@group-F8F047037FEF: changes role from      null to FOLLOWER at term 0 for startInitializing
2023-12-13 16:21:10,608 [s6-groupManagement] INFO  util.JmxRegister (JmxRegister.java:tryRegister(44)) - Successfully registered JMX Bean with object name Ratis:service=RaftServer,group=group-F8F047037FEF,id=s6
2023-12-13 16:21:10,608 [s6-groupManagement] INFO  server.RaftServerConfigKeys (ConfUtils.java:logGet(46)) - raft.server.snapshot.trigger-when-stop.enabled = true (default)
2023-12-13 16:21:10,608 [s6-groupManagement] INFO  server.RaftServerConfigKeys (ConfUtils.java:logGet(46)) - raft.server.snapshot.auto.trigger.enabled = false (default)
2023-12-13 16:21:10,608 [s6-groupManagement] INFO  server.RaftServerConfigKeys (ConfUtils.java:logGet(46)) - raft.server.snapshot.retention.file.num = -1 (default)
2023-12-13 16:21:10,608 [s6-groupManagement] INFO  server.RaftServerConfigKeys (ConfUtils.java:logGet(46)) - raft.server.log.purge.upto.snapshot.index = false (default)
2023-12-13 16:21:10,614 [Time-limited test] DEBUG client.RaftClient (ConfUtils.java:logGet(46)) - raft.rpc.type = GRPC (default)
2023-12-13 16:21:10,617 [grpc-default-executor-8] INFO  server.RaftServer (RaftServerProxy.java:addNew(100)) - s7: addNew group-F8F047037FEF:[] returns group-F8F047037FEF:java.util.concurrent.CompletableFuture@5214c796[Not completed]
2023-12-13 16:21:10,617 [s7-groupManagement] INFO  server.RaftServer$Division (RaftServerImpl.java:<init>(256)) - s7: new RaftServerImpl for group-F8F047037FEF:[] with BaseStateMachine:uninitialized
2023-12-13 16:21:10,617 [s7-groupManagement] INFO  server.RaftServerConfigKeys (ConfUtils.java:logGet(46)) - raft.server.rpc.timeout.min = 1500ms (custom)
2023-12-13 16:21:10,617 [s7-groupManagement] INFO  server.RaftServerConfigKeys (ConfUtils.java:logGet(46)) - raft.server.rpc.timeout.max = 2000ms (custom)
2023-12-13 16:21:10,617 [s7-groupManagement] INFO  server.RaftServerConfigKeys (ConfUtils.java:logGet(46)) - raft.server.rpc.sleep.time = 25ms (default)
2023-12-13 16:21:10,617 [s7-groupManagement] INFO  server.RaftServerConfigKeys (ConfUtils.java:logGet(46)) - raft.server.rpc.slowness.timeout = 60s (default)
2023-12-13 16:21:10,617 [s7-groupManagement] INFO  server.RaftServerConfigKeys (ConfUtils.java:logGet(46)) - raft.server.leaderelection.leader.step-down.wait-time = 10s (default)
2023-12-13 16:21:10,617 [s7-groupManagement] INFO  server.RaftServerConfigKeys (ConfUtils.java:logGet(46)) - raft.server.leaderelection.member.majority-add = false (default)
2023-12-13 16:21:10,617 [s7-groupManagement] INFO  server.RaftServerConfigKeys (ConfUtils.java:logGet(46)) - raft.server.sleep.deviation.threshold = 300ms (default)
2023-12-13 16:21:10,617 [s7-groupManagement] INFO  server.RaftServer$Division (ServerState.java:<init>(113)) - s7@group-F8F047037FEF: ConfigurationManager, init=-1: peers:[]|listeners:[], old=null, confs=<EMPTY_MAP>
2023-12-13 16:21:10,617 [s7-groupManagement] INFO  server.RaftServerConfigKeys (ConfUtils.java:logGet(46)) - raft.server.notification.no-leader.timeout = 60s (default)
2023-12-13 16:21:10,617 [s7-groupManagement] INFO  server.RaftServerConfigKeys (ConfUtils.java:logGet(46)) - raft.server.read.timeout = 10s (default)
2023-12-13 16:21:10,617 [s7-groupManagement] INFO  server.RaftServerConfigKeys (ConfUtils.java:logGet(46)) - raft.server.retrycache.expirytime = 60s (default)
2023-12-13 16:21:10,617 [s7-groupManagement] INFO  server.RaftServerConfigKeys (ConfUtils.java:logGet(46)) - raft.server.retrycache.statistics.expirytime = 100ms (default)
2023-12-13 16:21:10,617 [s7-groupManagement] INFO  server.RaftServerConfigKeys (ConfUtils.java:logGet(46)) - raft.server.read.option = DEFAULT (default)
2023-12-13 16:21:10,617 [s7-groupManagement] INFO  server.RaftServerConfigKeys (ConfUtils.java:logGet(46)) - raft.server.read.read-after-write-consistent.write-index-cache.expiry-time = 60s (default)
2023-12-13 16:21:10,617 [s7-groupManagement] INFO  server.RaftServerConfigKeys (ConfUtils.java:logGet(46)) - raft.server.rpc.request.timeout = 3000ms (default)
2023-12-13 16:21:10,617 [s7-groupManagement] INFO  server.RaftServerConfigKeys (ConfUtils.java:logGet(46)) - raft.server.log.appender.install.snapshot.enabled = true (default)
2023-12-13 16:21:10,617 [s7-groupManagement] INFO  server.RaftServerConfigKeys (ConfUtils.java:logGet(46)) - raft.server.threadpool.server.cached = true (default)
2023-12-13 16:21:10,617 [s7-groupManagement] INFO  server.RaftServerConfigKeys (ConfUtils.java:logGet(46)) - raft.server.threadpool.server.size = 0 (default)
2023-12-13 16:21:10,617 [s7-groupManagement] INFO  server.RaftServerConfigKeys (ConfUtils.java:logGet(46)) - raft.server.threadpool.client.cached = true (default)
2023-12-13 16:21:10,617 [s7-groupManagement] INFO  server.RaftServerConfigKeys (ConfUtils.java:logGet(46)) - raft.server.threadpool.client.size = 0 (default)
2023-12-13 16:21:10,617 [s7-groupManagement] DEBUG server.RaftServer (RaftServerProxy.java:lambda$groupAddAsync$13(507)) - s7: newImpl =      null s7@group-F8F047037FEF:t0, leader=null, voted=null, raftlog=UNINITIALIZED, conf=-1: peers:[]|listeners:[], old=null NEW
2023-12-13 16:21:10,617 [s7-groupManagement] INFO  server.RaftServerConfigKeys (ConfUtils.java:logGet(46)) - raft.server.storage.free-space.min = 0MB (=0) (default)
2023-12-13 16:21:10,617 [s7-groupManagement] INFO  server.RaftServerConfigKeys (ConfUtils.java:logGet(46)) - raft.server.log.corruption.policy = EXCEPTION (default)
2023-12-13 16:21:10,618 [s7-groupManagement] INFO  server.RaftServerConfigKeys (ConfUtils.java:logGet(46)) - raft.server.storage.dir = [/home/runner/work/ratis/ratis/ratis-test/target/test/data/1e4ee837/MiniRaftClusterWithGrpc24096a27/s7] (custom)
2023-12-13 16:21:10,618 [s7-groupManagement] INFO  storage.RaftStorageDirectory (RaftStorageDirectoryImpl.java:analyzeStorage(138)) - The storage directory /home/runner/work/ratis/ratis/ratis-test/target/test/data/1e4ee837/MiniRaftClusterWithGrpc24096a27/s7/a9a0c5d7-4cce-4ef9-8f13-f8f047037fef does not exist. Creating ...
2023-12-13 16:21:10,618 [s7-groupManagement] TRACE util.FileUtils (LogUtils.java:runAndLog(49)) - Successfully ran Files.createDirectories /home/runner/work/ratis/ratis/ratis-test/target/test/data/1e4ee837/MiniRaftClusterWithGrpc24096a27/s7/a9a0c5d7-4cce-4ef9-8f13-f8f047037fef
2023-12-13 16:21:10,618 [s7-groupManagement] INFO  storage.RaftStorageDirectory (RaftStorageDirectoryImpl.java:tryLock(228)) - Lock on /home/runner/work/ratis/ratis/ratis-test/target/test/data/1e4ee837/MiniRaftClusterWithGrpc24096a27/s7/a9a0c5d7-4cce-4ef9-8f13-f8f047037fef/in_use.lock acquired by nodename 10819@fv-az890-872
2023-12-13 16:21:10,618 [s7-groupManagement] TRACE util.FileUtils (LogUtils.java:runAndLog(49)) - Successfully ran Files.createDirectories /home/runner/work/ratis/ratis/ratis-test/target/test/data/1e4ee837/MiniRaftClusterWithGrpc24096a27/s7/a9a0c5d7-4cce-4ef9-8f13-f8f047037fef/current
2023-12-13 16:21:10,619 [s7-groupManagement] TRACE util.FileUtils (LogUtils.java:runAndLog(49)) - Successfully ran Files.createDirectories /home/runner/work/ratis/ratis/ratis-test/target/test/data/1e4ee837/MiniRaftClusterWithGrpc24096a27/s7/a9a0c5d7-4cce-4ef9-8f13-f8f047037fef/sm
2023-12-13 16:21:10,619 [s7-groupManagement] TRACE util.FileUtils (LogUtils.java:supplyAndLog(69)) - Successfully supplied FileChannel.open /home/runner/work/ratis/ratis/ratis-test/target/test/data/1e4ee837/MiniRaftClusterWithGrpc24096a27/s7/a9a0c5d7-4cce-4ef9-8f13-f8f047037fef/current/raft-meta.tmp with options [CREATE, WRITE]: sun.nio.ch.FileChannelImpl@451d2e28
2023-12-13 16:21:10,619 [s7-groupManagement] TRACE util.FileUtils (LogUtils.java:runAndLog(49)) - Successfully ran Atomic Files.move /home/runner/work/ratis/ratis/ratis-test/target/test/data/1e4ee837/MiniRaftClusterWithGrpc24096a27/s7/a9a0c5d7-4cce-4ef9-8f13-f8f047037fef/current/raft-meta.tmp to /home/runner/work/ratis/ratis/ratis-test/target/test/data/1e4ee837/MiniRaftClusterWithGrpc24096a27/s7/a9a0c5d7-4cce-4ef9-8f13-f8f047037fef/current/raft-meta with options [REPLACE_EXISTING]
2023-12-13 16:21:10,619 [s7-groupManagement] INFO  storage.RaftStorage (RaftStorageImpl.java:format(99)) - Storage directory /home/runner/work/ratis/ratis/ratis-test/target/test/data/1e4ee837/MiniRaftClusterWithGrpc24096a27/s7/a9a0c5d7-4cce-4ef9-8f13-f8f047037fef has been successfully formatted.
2023-12-13 16:21:10,619 [s7-groupManagement] TRACE util.FileUtils (LogUtils.java:supplyAndLog(61)) - Failed to Files.newInputStream /home/runner/work/ratis/ratis/ratis-test/target/test/data/1e4ee837/MiniRaftClusterWithGrpc24096a27/s7/a9a0c5d7-4cce-4ef9-8f13-f8f047037fef/current/raft-meta.conf with options []
java.nio.file.NoSuchFileException: /home/runner/work/ratis/ratis/ratis-test/target/test/data/1e4ee837/MiniRaftClusterWithGrpc24096a27/s7/a9a0c5d7-4cce-4ef9-8f13-f8f047037fef/current/raft-meta.conf
	at java.base/sun.nio.fs.UnixException.translateToIOException(UnixException.java:92)
	at java.base/sun.nio.fs.UnixException.rethrowAsIOException(UnixException.java:111)
	at java.base/sun.nio.fs.UnixException.rethrowAsIOException(UnixException.java:116)
	at java.base/sun.nio.fs.UnixFileSystemProvider.newByteChannel(UnixFileSystemProvider.java:219)
	at java.base/java.nio.file.Files.newByteChannel(Files.java:371)
	at java.base/java.nio.file.Files.newByteChannel(Files.java:422)
	at java.base/java.nio.file.spi.FileSystemProvider.newInputStream(FileSystemProvider.java:420)
	at java.base/java.nio.file.Files.newInputStream(Files.java:156)
	at org.apache.ratis.util.FileUtils.lambda$newInputStream$2(FileUtils.java:73)
	at org.apache.ratis.util.LogUtils.supplyAndLog(LogUtils.java:58)
	at org.apache.ratis.util.FileUtils.newInputStream(FileUtils.java:72)
	at org.apache.ratis.util.FileUtils.newInputStream(FileUtils.java:68)
	at org.apache.ratis.server.storage.RaftStorageImpl.readRaftConfiguration(RaftStorageImpl.java:156)
	at org.apache.ratis.server.impl.ServerState.initialize(ServerState.java:141)
	at org.apache.ratis.server.impl.RaftServerImpl.start(RaftServerImpl.java:388)
	at org.apache.ratis.server.impl.RaftServerProxy.lambda$groupAddAsync$13(RaftServerProxy.java:509)
	at java.base/java.util.concurrent.CompletableFuture$UniApply.tryFire(CompletableFuture.java:642)
	at java.base/java.util.concurrent.CompletableFuture$Completion.run(CompletableFuture.java:478)
	at java.base/java.util.concurrent.ThreadPoolExecutor.runWorker(ThreadPoolExecutor.java:1128)
	at java.base/java.util.concurrent.ThreadPoolExecutor$Worker.run(ThreadPoolExecutor.java:628)
	at java.base/java.lang.Thread.run(Thread.java:829)
2023-12-13 16:21:10,620 [s7-groupManagement] INFO  server.RaftServerConfigKeys (ConfUtils.java:logGet(46)) - raft.server.log.use.memory = false (default)
2023-12-13 16:21:10,620 [s7-groupManagement] INFO  server.RaftServerConfigKeys (ConfUtils.java:logGet(46)) - raft.server.log.purge.gap = 1024 (default)
2023-12-13 16:21:10,620 [s7-groupManagement] INFO  server.RaftServerConfigKeys (ConfUtils.java:logGet(46)) - raft.server.log.appender.buffer.byte-limit = 4MB (=4194304) (default)
2023-12-13 16:21:10,620 [s7-groupManagement] INFO  server.RaftServerConfigKeys (ConfUtils.java:logGet(46)) - raft.server.log.statemachine.data.read.timeout = 1000ms (default)
2023-12-13 16:21:10,620 [s7-groupManagement] INFO  server.RaftServerConfigKeys (ConfUtils.java:logGet(46)) - raft.server.log.purge.preservation.log.num = 0 (default)
2023-12-13 16:21:10,620 [s7-groupManagement] INFO  server.RaftServerConfigKeys (ConfUtils.java:logGet(46)) - raft.server.log.segment.size.max = 32MB (=33554432) (default)
2023-12-13 16:21:10,620 [s7-groupManagement] INFO  server.RaftServerConfigKeys (ConfUtils.java:logGet(46)) - raft.server.log.segment.cache.num.max = 6 (default)
2023-12-13 16:21:10,620 [s7-groupManagement] INFO  server.RaftServerConfigKeys (ConfUtils.java:logGet(46)) - raft.server.log.segment.cache.size.max = 200MB (=209715200) (default)
2023-12-13 16:21:10,620 [s7-groupManagement] INFO  server.RaftServerConfigKeys (ConfUtils.java:logGet(46)) - raft.server.log.appender.buffer.byte-limit = 4MB (=4194304) (default)
2023-12-13 16:21:10,620 [s7-groupManagement] INFO  util.AwaitToRun (AwaitToRun.java:start(81)) - Thread[s7@group-F8F047037FEF-cacheEviction-AwaitToRun,5,main] started
2023-12-13 16:21:10,620 [s7-groupManagement] INFO  segmented.SegmentedRaftLogWorker (SegmentedRaftLogWorker.java:<init>(182)) - new s7@group-F8F047037FEF-SegmentedRaftLogWorker for RaftStorageImpl:Storage Directory /home/runner/work/ratis/ratis/ratis-test/target/test/data/1e4ee837/MiniRaftClusterWithGrpc24096a27/s7/a9a0c5d7-4cce-4ef9-8f13-f8f047037fef
2023-12-13 16:21:10,620 [s7-groupManagement] INFO  server.RaftServerConfigKeys (ConfUtils.java:logGet(46)) - raft.server.log.queue.byte-limit = 64MB (=67108864) (default)
2023-12-13 16:21:10,620 [s7-groupManagement] INFO  server.RaftServerConfigKeys (ConfUtils.java:logGet(46)) - raft.server.log.queue.element-limit = 4096 (default)
2023-12-13 16:21:10,620 [s7-groupManagement] INFO  server.RaftServerConfigKeys (ConfUtils.java:logGet(46)) - raft.server.log.segment.size.max = 32MB (=33554432) (default)
2023-12-13 16:21:10,620 [s7-groupManagement] INFO  server.RaftServerConfigKeys (ConfUtils.java:logGet(46)) - raft.server.log.preallocated.size = 4MB (=4194304) (default)
2023-12-13 16:21:10,620 [s7-groupManagement] INFO  server.RaftServerConfigKeys (ConfUtils.java:logGet(46)) - raft.server.log.force.sync.num = 128 (default)
2023-12-13 16:21:10,620 [s7-groupManagement] INFO  server.RaftServerConfigKeys (ConfUtils.java:logGet(46)) - raft.server.log.statemachine.data.sync = true (default)
2023-12-13 16:21:10,620 [s7-groupManagement] INFO  server.RaftServerConfigKeys (ConfUtils.java:logGet(46)) - raft.server.log.statemachine.data.sync.timeout = 10s (default)
2023-12-13 16:21:10,620 [s7-groupManagement] INFO  server.RaftServerConfigKeys (ConfUtils.java:logGet(46)) - raft.server.log.statemachine.data.sync.timeout.retry = -1 (default)
2023-12-13 16:21:10,620 [s7-groupManagement] INFO  server.RaftServerConfigKeys (ConfUtils.java:logGet(46)) - raft.server.log.write.buffer.size = 8MB (=8388608) (default)
2023-12-13 16:21:10,622 [s7-groupManagement] INFO  server.RaftServerConfigKeys (ConfUtils.java:logGet(46)) - raft.server.log.appender.buffer.byte-limit = 4MB (=4194304) (default)
2023-12-13 16:21:10,622 [s7-groupManagement] INFO  server.RaftServerConfigKeys (ConfUtils.java:logGet(46)) - raft.server.log.unsafe-flush.enabled = false (default)
2023-12-13 16:21:10,622 [s7-groupManagement] INFO  server.RaftServerConfigKeys (ConfUtils.java:logGet(46)) - raft.server.log.async-flush.enabled = false (default)
2023-12-13 16:21:10,622 [s7-groupManagement] INFO  server.RaftServerConfigKeys (ConfUtils.java:logGet(46)) - raft.server.log.statemachine.data.caching.enabled = false (default)
2023-12-13 16:21:10,622 [s7-groupManagement] INFO  segmented.SegmentedRaftLogWorker (SegmentedRaftLogWorker.java:lambda$new$0(134)) - s7@group-F8F047037FEF-SegmentedRaftLogWorker: flushIndex: setUnconditionally 0 -> -1
2023-12-13 16:21:10,622 [s7-groupManagement] INFO  segmented.SegmentedRaftLogWorker (SegmentedRaftLogWorker.java:lambda$new$0(134)) - s7@group-F8F047037FEF-SegmentedRaftLogWorker: safeCacheEvictIndex: setUnconditionally 0 -> -1
2023-12-13 16:21:10,622 [s7-groupManagement] INFO  server.RaftServer$Division (RaftServerImpl.java:start(398)) - s7@group-F8F047037FEF: start with initializing state, conf=-1: peers:[]|listeners:[], old=null
2023-12-13 16:21:10,622 [s7-groupManagement] INFO  server.RaftServer$Division (RaftServerImpl.java:setRole(379)) - s7@group-F8F047037FEF: changes role from      null to FOLLOWER at term 0 for startInitializing
2023-12-13 16:21:10,622 [s7-groupManagement] INFO  util.JmxRegister (JmxRegister.java:tryRegister(44)) - Successfully registered JMX Bean with object name Ratis:service=RaftServer,group=group-F8F047037FEF,id=s7
2023-12-13 16:21:10,622 [s7-groupManagement] INFO  server.RaftServerConfigKeys (ConfUtils.java:logGet(46)) - raft.server.snapshot.trigger-when-stop.enabled = true (default)
2023-12-13 16:21:10,622 [s7-groupManagement] INFO  server.RaftServerConfigKeys (ConfUtils.java:logGet(46)) - raft.server.snapshot.auto.trigger.enabled = false (default)
2023-12-13 16:21:10,622 [s7-groupManagement] INFO  server.RaftServerConfigKeys (ConfUtils.java:logGet(46)) - raft.server.snapshot.retention.file.num = -1 (default)
2023-12-13 16:21:10,622 [s7-groupManagement] INFO  server.RaftServerConfigKeys (ConfUtils.java:logGet(46)) - raft.server.log.purge.upto.snapshot.index = false (default)
2023-12-13 16:21:10,625 [Time-limited test] INFO  impl.GroupManagementBaseTest (GroupManagementBaseTest.java:runMultiGroupTest(330)) - 2) setConfiguration: printing group-F8F047037FEF
  s3:  RUNNING [
   FOLLOWER s3@group-215AF6FE8C9E:t0, leader=null, voted=, raftlog=Memoized:s3@group-215AF6FE8C9E-SegmentedRaftLog:OPENED:c-1, conf=-1: peers:[]|listeners:[], old=null STARTING
   FOLLOWER s3@group-F8F047037FEF:t0, leader=null, voted=, raftlog=Memoized:s3@group-F8F047037FEF-SegmentedRaftLog:OPENED:c-1, conf=-1: peers:[]|listeners:[], old=null STARTING] size=2
  s4:  RUNNING [
   FOLLOWER s4@group-215AF6FE8C9E:t0, leader=null, voted=, raftlog=Memoized:s4@group-215AF6FE8C9E-SegmentedRaftLog:OPENED:c-1, conf=-1: peers:[]|listeners:[], old=null STARTING
   FOLLOWER s4@group-F8F047037FEF:t0, leader=null, voted=, raftlog=Memoized:s4@group-F8F047037FEF-SegmentedRaftLog:OPENED:c-1, conf=-1: peers:[]|listeners:[], old=null STARTING] size=2
  s5:  RUNNING [
   FOLLOWER s5@group-215AF6FE8C9E:t0, leader=null, voted=, raftlog=Memoized:s5@group-215AF6FE8C9E-SegmentedRaftLog:OPENED:c-1, conf=-1: peers:[]|listeners:[], old=null STARTING
   FOLLOWER s5@group-F8F047037FEF:t0, leader=null, voted=, raftlog=Memoized:s5@group-F8F047037FEF-SegmentedRaftLog:OPENED:c-1, conf=-1: peers:[]|listeners:[], old=null STARTING] size=2
  s6:  RUNNING [
   FOLLOWER s6@group-215AF6FE8C9E:t0, leader=null, voted=, raftlog=Memoized:s6@group-215AF6FE8C9E-SegmentedRaftLog:OPENED:c-1, conf=-1: peers:[]|listeners:[], old=null STARTING
   FOLLOWER s6@group-F8F047037FEF:t0, leader=null, voted=, raftlog=Memoized:s6@group-F8F047037FEF-SegmentedRaftLog:OPENED:c-1, conf=-1: peers:[]|listeners:[], old=null STARTING] size=2
  s7:  RUNNING [
   FOLLOWER s7@group-215AF6FE8C9E:t0, leader=null, voted=, raftlog=Memoized:s7@group-215AF6FE8C9E-SegmentedRaftLog:OPENED:c-1, conf=-1: peers:[]|listeners:[], old=null STARTING
   FOLLOWER s7@group-F8F047037FEF:t0, leader=null, voted=, raftlog=Memoized:s7@group-F8F047037FEF-SegmentedRaftLog:OPENED:c-1, conf=-1: peers:[]|listeners:[], old=null STARTING] size=2
  s8:  RUNNING [
   FOLLOWER s8@group-215AF6FE8C9E:t0, leader=null, voted=, raftlog=Memoized:s8@group-215AF6FE8C9E-SegmentedRaftLog:OPENED:c-1, conf=-1: peers:[]|listeners:[], old=null STARTING
     LEADER s8@group-F8F047037FEF:t1, leader=s8, voted=s8, raftlog=Memoized:s8@group-F8F047037FEF-SegmentedRaftLog:OPENED:c0, conf=0: peers:[s8|0.0.0.0:44341]|listeners:[], old=null RUNNING] size=2
  s0:  RUNNING [
   FOLLOWER s0@group-215AF6FE8C9E:t0, leader=null, voted=, raftlog=Memoized:s0@group-215AF6FE8C9E-SegmentedRaftLog:OPENED:c-1, conf=-1: peers:[]|listeners:[], old=null STARTING
   FOLLOWER s0@group-F8F047037FEF:t0, leader=null, voted=, raftlog=Memoized:s0@group-F8F047037FEF-SegmentedRaftLog:OPENED:c-1, conf=-1: peers:[]|listeners:[], old=null STARTING] size=2
  s1:  RUNNING [
   FOLLOWER s1@group-215AF6FE8C9E:t0, leader=null, voted=, raftlog=Memoized:s1@group-215AF6FE8C9E-SegmentedRaftLog:OPENED:c-1, conf=-1: peers:[]|listeners:[], old=null STARTING
   FOLLOWER s1@group-F8F047037FEF:t0, leader=null, voted=, raftlog=Memoized:s1@group-F8F047037FEF-SegmentedRaftLog:OPENED:c-1, conf=-1: peers:[]|listeners:[], old=null STARTING] size=2
  s2:  RUNNING [
   FOLLOWER s2@group-215AF6FE8C9E:t0, leader=null, voted=, raftlog=Memoized:s2@group-215AF6FE8C9E-SegmentedRaftLog:OPENED:c-1, conf=-1: peers:[]|listeners:[], old=null STARTING
   FOLLOWER s2@group-F8F047037FEF:t0, leader=null, voted=, raftlog=Memoized:s2@group-F8F047037FEF-SegmentedRaftLog:OPENED:c-1, conf=-1: peers:[]|listeners:[], old=null STARTING] size=2
2023-12-13 16:21:10,626 [Time-limited test] DEBUG client.RaftClient (ConfUtils.java:logGet(46)) - raft.rpc.type = GRPC (default)
2023-12-13 16:21:10,630 [s8-server-thread1] INFO  server.RaftServer$Division (RaftServerImpl.java:setConfigurationAsync(1264)) - s8@group-F8F047037FEF: receive setConfiguration SetConfigurationRequest:client-F91164B2CD9A->s8@group-F8F047037FEF, cid=43, seq=null, RW, null, SET_UNCONDITIONALLY, servers:[s8|0.0.0.0:44341, s0|0.0.0.0:42169], listeners:[]
2023-12-13 16:21:10,630 [s8-server-thread1] INFO  server.RaftServer$Division (LeaderStateImpl.java:startSetConfiguration(488)) - s8@group-F8F047037FEF-LeaderStateImpl: startSetConfiguration SetConfigurationRequest:client-F91164B2CD9A->s8@group-F8F047037FEF, cid=43, seq=null, RW, null, SET_UNCONDITIONALLY, servers:[s8|0.0.0.0:44341, s0|0.0.0.0:42169], listeners:[]
2023-12-13 16:21:10,631 [s8-server-thread1] INFO  server.RaftServerConfigKeys (ConfUtils.java:logGet(46)) - raft.server.log.appender.snapshot.chunk.size.max = 16MB (=16777216) (default)
2023-12-13 16:21:10,631 [s8-server-thread1] INFO  server.RaftServerConfigKeys (ConfUtils.java:logGet(46)) - raft.server.log.appender.buffer.byte-limit = 4MB (=4194304) (default)
2023-12-13 16:21:10,631 [s8-server-thread1] INFO  server.RaftServerConfigKeys (ConfUtils.java:logGet(46)) - raft.server.log.appender.buffer.element-limit = 0 (default)
2023-12-13 16:21:10,631 [s8-server-thread1] INFO  server.RaftServerConfigKeys (ConfUtils.java:logGet(46)) - raft.server.log.appender.wait-time.min = 1ms (default)
2023-12-13 16:21:10,631 [s8-server-thread1] INFO  grpc.GrpcConfigKeys (ConfUtils.java:logGet(46)) - raft.grpc.server.leader.outstanding.appends.max = 8 (default)
2023-12-13 16:21:10,631 [s8-server-thread1] INFO  server.RaftServerConfigKeys (ConfUtils.java:logGet(46)) - raft.server.rpc.request.timeout = 3000ms (default)
2023-12-13 16:21:10,631 [s8-server-thread1] INFO  grpc.GrpcConfigKeys (ConfUtils.java:logGet(46)) - raft.grpc.server.install_snapshot.request.element-limit = 8 (default)
2023-12-13 16:21:10,631 [s8-server-thread1] INFO  grpc.GrpcConfigKeys (ConfUtils.java:logGet(46)) - raft.grpc.server.install_snapshot.request.timeout = 3000ms (default)
2023-12-13 16:21:10,631 [s8-server-thread1] INFO  server.RaftServerConfigKeys (ConfUtils.java:logGet(46)) - raft.server.log.appender.install.snapshot.enabled = true (default)
2023-12-13 16:21:10,631 [s8-server-thread1] INFO  grpc.GrpcConfigKeys (ConfUtils.java:logGet(46)) - raft.grpc.server.heartbeat.channel = true (default)
2023-12-13 16:21:10,631 [s8@group-F8F047037FEF->s0-GrpcLogAppender-LogAppenderDaemon] INFO  leader.FollowerInfo (FollowerInfoImpl.java:setAttemptedToInstallSnapshot(154)) - Follower s8@group-F8F047037FEF->s0 acknowledged installing snapshot
2023-12-13 16:21:10,631 [s8@group-F8F047037FEF->s0-GrpcLogAppender-LogAppenderDaemon] INFO  server.GrpcServerProtocolClient (GrpcServerProtocolClient.java:<init>(65)) - Build channel for s0
2023-12-13 16:21:10,635 [s0-server-thread1] TRACE util.FileUtils (LogUtils.java:supplyAndLog(69)) - Successfully supplied FileChannel.open /home/runner/work/ratis/ratis/ratis-test/target/test/data/1e4ee837/MiniRaftClusterWithGrpc24096a27/s0/a9a0c5d7-4cce-4ef9-8f13-f8f047037fef/current/raft-meta.tmp with options [CREATE, WRITE]: sun.nio.ch.FileChannelImpl@69fadb53
2023-12-13 16:21:10,636 [s0-server-thread2] DEBUG server.RaftServer$Division (RaftServerImpl.java:logAppendEntries(1504)) - s0@group-F8F047037FEF: receive appendEntries(s8, 1, null, 0, true, commits:[s8:c0, s0:c-1], cId:1, entries: [(t:1, i:0), CONFIGURATIONENTRY(current:id: "s8"
address: "0.0.0.0:44341"
clientAddress: "0.0.0.0:44341"
adminAddress: "0.0.0.0:44341"
startupRole: FOLLOWER
, old:)]
2023-12-13 16:21:10,637 [s0-server-thread1] TRACE util.FileUtils (LogUtils.java:runAndLog(49)) - Successfully ran Atomic Files.move /home/runner/work/ratis/ratis/ratis-test/target/test/data/1e4ee837/MiniRaftClusterWithGrpc24096a27/s0/a9a0c5d7-4cce-4ef9-8f13-f8f047037fef/current/raft-meta.tmp to /home/runner/work/ratis/ratis/ratis-test/target/test/data/1e4ee837/MiniRaftClusterWithGrpc24096a27/s0/a9a0c5d7-4cce-4ef9-8f13-f8f047037fef/current/raft-meta with options [REPLACE_EXISTING]
2023-12-13 16:21:10,637 [s0-server-thread1] INFO  server.RaftServer$Division (RaftServerImpl.java:setFirstElection(564)) - s0@group-F8F047037FEF: set firstElectionSinceStartup to false for appendEntries
2023-12-13 16:21:10,637 [s0-server-thread1] INFO  server.RaftServer$Division (ServerState.java:setLeader(265)) - s0@group-F8F047037FEF: change Leader from null to s8 at term 1 for appendEntries, leader elected after 78ms
2023-12-13 16:21:10,638 [s0-server-thread2] INFO  server.RaftServer$Division (ServerState.java:setRaftConf(382)) - s0@group-F8F047037FEF: set configuration 0: peers:[s8|0.0.0.0:44341]|listeners:[], old=null
2023-12-13 16:21:10,639 [s0-server-thread2] INFO  segmented.SegmentedRaftLogWorker (SegmentedRaftLogWorker.java:startLogSegment(430)) - s0@group-F8F047037FEF-SegmentedRaftLogWorker: Starting segment from index:0
2023-12-13 16:21:10,639 [s0@group-F8F047037FEF-SegmentedRaftLogWorker] INFO  segmented.BufferedWriteChannel (BufferedWriteChannel.java:open(62)) - open log_inprogress_0 at position 0
2023-12-13 16:21:10,645 [s0@group-F8F047037FEF-SegmentedRaftLogWorker] INFO  segmented.SegmentedRaftLogWorker (SegmentedRaftLogWorker.java:execute(634)) - s0@group-F8F047037FEF-SegmentedRaftLogWorker: created new log segment /home/runner/work/ratis/ratis/ratis-test/target/test/data/1e4ee837/MiniRaftClusterWithGrpc24096a27/s0/a9a0c5d7-4cce-4ef9-8f13-f8f047037fef/current/log_inprogress_0
2023-12-13 16:21:10,646 [s0-server-thread2] DEBUG server.RaftServer$Division (RaftServerImpl.java:logAppendEntries(1504)) - s0@group-F8F047037FEF: succeeded to handle AppendEntries. Reply: s8<-s0#1:OK-t1,SUCCESS,nextIndex=1,followerCommit=0,matchIndex=0
2023-12-13 16:21:10,646 [s0@group-F8F047037FEF-StateMachineUpdater] TRACE util.FileUtils (LogUtils.java:supplyAndLog(69)) - Successfully supplied FileChannel.open /home/runner/work/ratis/ratis/ratis-test/target/test/data/1e4ee837/MiniRaftClusterWithGrpc24096a27/s0/a9a0c5d7-4cce-4ef9-8f13-f8f047037fef/current/raft-meta.conf.tmp with options [CREATE, WRITE]: sun.nio.ch.FileChannelImpl@17c3f83d
2023-12-13 16:21:10,647 [s0@group-F8F047037FEF-StateMachineUpdater] TRACE util.FileUtils (LogUtils.java:runAndLog(49)) - Successfully ran Atomic Files.move /home/runner/work/ratis/ratis/ratis-test/target/test/data/1e4ee837/MiniRaftClusterWithGrpc24096a27/s0/a9a0c5d7-4cce-4ef9-8f13-f8f047037fef/current/raft-meta.conf.tmp to /home/runner/work/ratis/ratis/ratis-test/target/test/data/1e4ee837/MiniRaftClusterWithGrpc24096a27/s0/a9a0c5d7-4cce-4ef9-8f13-f8f047037fef/current/raft-meta.conf with options [REPLACE_EXISTING]
2023-12-13 16:21:10,647 [s8@group-F8F047037FEF-LeaderStateImpl] INFO  server.RaftServer$Division (ServerState.java:setRaftConf(382)) - s8@group-F8F047037FEF: set configuration 1: peers:[s8|0.0.0.0:44341, s0|0.0.0.0:42169]|listeners:[], old=peers:[s8|0.0.0.0:44341]|listeners:[]
2023-12-13 16:21:10,648 [s0-server-thread2] DEBUG server.RaftServer$Division (RaftServerImpl.java:logAppendEntries(1504)) - s0@group-F8F047037FEF: receive appendEntries(s8, 1, (t:1, i:0), 0, false, commits:[s8:c0, s0:c0], cId:3, entries: [(t:1, i:1), CONFIGURATIONENTRY(current:id: "s8"
address: "0.0.0.0:44341"
clientAddress: "0.0.0.0:44341"
adminAddress: "0.0.0.0:44341"
startupRole: FOLLOWER
,id: "s0"
address: "0.0.0.0:42169"
clientAddress: "0.0.0.0:42169"
adminAddress: "0.0.0.0:42169"
startupRole: FOLLOWER
, old:id: "s8"
address: "0.0.0.0:44341"
clientAddress: "0.0.0.0:44341"
adminAddress: "0.0.0.0:44341"
startupRole: FOLLOWER
)]
2023-12-13 16:21:10,648 [s0-server-thread2] INFO  impl.RoleInfo (RoleInfo.java:updateAndGet(139)) - s0: start s0@group-F8F047037FEF-FollowerState
2023-12-13 16:21:10,648 [s0-server-thread2] INFO  server.RaftServer$Division (ServerState.java:setRaftConf(382)) - s0@group-F8F047037FEF: set configuration 1: peers:[s8|0.0.0.0:44341, s0|0.0.0.0:42169]|listeners:[], old=peers:[s8|0.0.0.0:44341]|listeners:[]
2023-12-13 16:21:10,648 [s0-server-thread2] DEBUG server.RaftServer$Division (RaftServerImpl.java:logAppendEntries(1504)) - s0@group-F8F047037FEF: succeeded to handle AppendEntries. Reply: s8<-s0#3:OK-t1,SUCCESS,nextIndex=2,followerCommit=0,matchIndex=1
2023-12-13 16:21:10,649 [s8@group-F8F047037FEF-StateMachineUpdater] TRACE util.FileUtils (LogUtils.java:supplyAndLog(69)) - Successfully supplied FileChannel.open /home/runner/work/ratis/ratis/ratis-test/target/test/data/1e4ee837/MiniRaftClusterWithGrpc24096a27/s8/a9a0c5d7-4cce-4ef9-8f13-f8f047037fef/current/raft-meta.conf.tmp with options [CREATE, WRITE]: sun.nio.ch.FileChannelImpl@c632d48
2023-12-13 16:21:10,649 [s8@group-F8F047037FEF-LeaderStateImpl] INFO  server.RaftServer$Division (ServerState.java:setRaftConf(382)) - s8@group-F8F047037FEF: set configuration 3: peers:[s8|0.0.0.0:44341, s0|0.0.0.0:42169]|listeners:[], old=null
2023-12-13 16:21:10,650 [s8@group-F8F047037FEF-StateMachineUpdater] TRACE util.FileUtils (LogUtils.java:runAndLog(49)) - Successfully ran Atomic Files.move /home/runner/work/ratis/ratis/ratis-test/target/test/data/1e4ee837/MiniRaftClusterWithGrpc24096a27/s8/a9a0c5d7-4cce-4ef9-8f13-f8f047037fef/current/raft-meta.conf.tmp to /home/runner/work/ratis/ratis/ratis-test/target/test/data/1e4ee837/MiniRaftClusterWithGrpc24096a27/s8/a9a0c5d7-4cce-4ef9-8f13-f8f047037fef/current/raft-meta.conf with options [REPLACE_EXISTING]
2023-12-13 16:21:10,650 [s0-server-thread2] DEBUG server.RaftServer$Division (RaftServerImpl.java:logAppendEntries(1504)) - s0@group-F8F047037FEF: receive appendEntries(s8, 1, (t:1, i:1), 1, false, commits:[s8:c1, s0:c0], cId:4, entries: [(t:1, i:2), METADATAENTRY(c:1), (t:1, i:3), CONFIGURATIONENTRY(current:id: "s8"
address: "0.0.0.0:44341"
clientAddress: "0.0.0.0:44341"
adminAddress: "0.0.0.0:44341"
startupRole: FOLLOWER
,id: "s0"
address: "0.0.0.0:42169"
clientAddress: "0.0.0.0:42169"
adminAddress: "0.0.0.0:42169"
startupRole: FOLLOWER
, old:)]
2023-12-13 16:21:10,650 [s0-server-thread2] INFO  server.RaftServer$Division (ServerState.java:setRaftConf(382)) - s0@group-F8F047037FEF: set configuration 3: peers:[s8|0.0.0.0:44341, s0|0.0.0.0:42169]|listeners:[], old=null
2023-12-13 16:21:10,651 [s0-server-thread2] DEBUG server.RaftServer$Division (RaftServerImpl.java:logAppendEntries(1504)) - s0@group-F8F047037FEF: succeeded to handle AppendEntries. Reply: s8<-s0#4:OK-t1,SUCCESS,nextIndex=4,followerCommit=1,matchIndex=3
2023-12-13 16:21:10,651 [s0@group-F8F047037FEF-StateMachineUpdater] TRACE util.FileUtils (LogUtils.java:supplyAndLog(69)) - Successfully supplied FileChannel.open /home/runner/work/ratis/ratis/ratis-test/target/test/data/1e4ee837/MiniRaftClusterWithGrpc24096a27/s0/a9a0c5d7-4cce-4ef9-8f13-f8f047037fef/current/raft-meta.conf.tmp with options [CREATE, WRITE]: sun.nio.ch.FileChannelImpl@190404b5
2023-12-13 16:21:10,651 [s8@group-F8F047037FEF-StateMachineUpdater] TRACE util.FileUtils (LogUtils.java:supplyAndLog(69)) - Successfully supplied FileChannel.open /home/runner/work/ratis/ratis/ratis-test/target/test/data/1e4ee837/MiniRaftClusterWithGrpc24096a27/s8/a9a0c5d7-4cce-4ef9-8f13-f8f047037fef/current/raft-meta.conf.tmp with options [CREATE, WRITE]: sun.nio.ch.FileChannelImpl@85ca81c
2023-12-13 16:21:10,652 [s0-server-thread2] DEBUG server.RaftServer$Division (RaftServerImpl.java:logAppendEntries(1504)) - s0@group-F8F047037FEF: receive appendEntries(s8, 1, (t:1, i:3), 3, false, commits:[s8:c3, s0:c1], cId:5, entries: [(t:1, i:4), METADATAENTRY(c:3)]
2023-12-13 16:21:10,652 [s8@group-F8F047037FEF-StateMachineUpdater] TRACE util.FileUtils (LogUtils.java:runAndLog(49)) - Successfully ran Atomic Files.move /home/runner/work/ratis/ratis/ratis-test/target/test/data/1e4ee837/MiniRaftClusterWithGrpc24096a27/s8/a9a0c5d7-4cce-4ef9-8f13-f8f047037fef/current/raft-meta.conf.tmp to /home/runner/work/ratis/ratis/ratis-test/target/test/data/1e4ee837/MiniRaftClusterWithGrpc24096a27/s8/a9a0c5d7-4cce-4ef9-8f13-f8f047037fef/current/raft-meta.conf with options [REPLACE_EXISTING]
2023-12-13 16:21:10,652 [s0-server-thread2] DEBUG server.RaftServer$Division (RaftServerImpl.java:logAppendEntries(1504)) - s0@group-F8F047037FEF: succeeded to handle AppendEntries. Reply: s8<-s0#5:OK-t1,SUCCESS,nextIndex=5,followerCommit=3,matchIndex=4
2023-12-13 16:21:10,653 [Time-limited test] DEBUG client.RaftClient (RaftClientImpl.java:add(150)) - client-F91164B2CD9A: add replied callId 43
2023-12-13 16:21:10,654 [s0@group-F8F047037FEF-StateMachineUpdater] TRACE util.FileUtils (LogUtils.java:runAndLog(49)) - Successfully ran Atomic Files.move /home/runner/work/ratis/ratis/ratis-test/target/test/data/1e4ee837/MiniRaftClusterWithGrpc24096a27/s0/a9a0c5d7-4cce-4ef9-8f13-f8f047037fef/current/raft-meta.conf.tmp to /home/runner/work/ratis/ratis/ratis-test/target/test/data/1e4ee837/MiniRaftClusterWithGrpc24096a27/s0/a9a0c5d7-4cce-4ef9-8f13-f8f047037fef/current/raft-meta.conf with options [REPLACE_EXISTING]
2023-12-13 16:21:10,654 [s0@group-F8F047037FEF-StateMachineUpdater] TRACE util.FileUtils (LogUtils.java:supplyAndLog(69)) - Successfully supplied FileChannel.open /home/runner/work/ratis/ratis/ratis-test/target/test/data/1e4ee837/MiniRaftClusterWithGrpc24096a27/s0/a9a0c5d7-4cce-4ef9-8f13-f8f047037fef/current/raft-meta.conf.tmp with options [CREATE, WRITE]: sun.nio.ch.FileChannelImpl@1d3b934d
2023-12-13 16:21:10,655 [s0@group-F8F047037FEF-StateMachineUpdater] TRACE util.FileUtils (LogUtils.java:runAndLog(49)) - Successfully ran Atomic Files.move /home/runner/work/ratis/ratis/ratis-test/target/test/data/1e4ee837/MiniRaftClusterWithGrpc24096a27/s0/a9a0c5d7-4cce-4ef9-8f13-f8f047037fef/current/raft-meta.conf.tmp to /home/runner/work/ratis/ratis/ratis-test/target/test/data/1e4ee837/MiniRaftClusterWithGrpc24096a27/s0/a9a0c5d7-4cce-4ef9-8f13-f8f047037fef/current/raft-meta.conf with options [REPLACE_EXISTING]
2023-12-13 16:21:10,655 [s8-server-thread1] INFO  server.RaftServer$Division (RaftServerImpl.java:setConfigurationAsync(1264)) - s8@group-F8F047037FEF: receive setConfiguration SetConfigurationRequest:client-F91164B2CD9A->s8@group-F8F047037FEF, cid=44, seq=null, RW, null, SET_UNCONDITIONALLY, servers:[s8|0.0.0.0:44341, s0|0.0.0.0:42169, s1|0.0.0.0:40607], listeners:[]
2023-12-13 16:21:10,655 [s8-server-thread1] INFO  server.RaftServer$Division (LeaderStateImpl.java:startSetConfiguration(488)) - s8@group-F8F047037FEF-LeaderStateImpl: startSetConfiguration SetConfigurationRequest:client-F91164B2CD9A->s8@group-F8F047037FEF, cid=44, seq=null, RW, null, SET_UNCONDITIONALLY, servers:[s8|0.0.0.0:44341, s0|0.0.0.0:42169, s1|0.0.0.0:40607], listeners:[]
2023-12-13 16:21:10,655 [s8-server-thread1] INFO  server.RaftServerConfigKeys (ConfUtils.java:logGet(46)) - raft.server.log.appender.snapshot.chunk.size.max = 16MB (=16777216) (default)
2023-12-13 16:21:10,655 [s8-server-thread1] INFO  server.RaftServerConfigKeys (ConfUtils.java:logGet(46)) - raft.server.log.appender.buffer.byte-limit = 4MB (=4194304) (default)
2023-12-13 16:21:10,655 [s8-server-thread1] INFO  server.RaftServerConfigKeys (ConfUtils.java:logGet(46)) - raft.server.log.appender.buffer.element-limit = 0 (default)
2023-12-13 16:21:10,655 [s8-server-thread1] INFO  server.RaftServerConfigKeys (ConfUtils.java:logGet(46)) - raft.server.log.appender.wait-time.min = 1ms (default)
2023-12-13 16:21:10,655 [s8-server-thread1] INFO  grpc.GrpcConfigKeys (ConfUtils.java:logGet(46)) - raft.grpc.server.leader.outstanding.appends.max = 8 (default)
2023-12-13 16:21:10,655 [s8-server-thread1] INFO  server.RaftServerConfigKeys (ConfUtils.java:logGet(46)) - raft.server.rpc.request.timeout = 3000ms (default)
2023-12-13 16:21:10,655 [s8-server-thread1] INFO  grpc.GrpcConfigKeys (ConfUtils.java:logGet(46)) - raft.grpc.server.install_snapshot.request.element-limit = 8 (default)
2023-12-13 16:21:10,655 [s8-server-thread1] INFO  grpc.GrpcConfigKeys (ConfUtils.java:logGet(46)) - raft.grpc.server.install_snapshot.request.timeout = 3000ms (default)
2023-12-13 16:21:10,655 [s8-server-thread1] INFO  server.RaftServerConfigKeys (ConfUtils.java:logGet(46)) - raft.server.log.appender.install.snapshot.enabled = true (default)
2023-12-13 16:21:10,655 [s8-server-thread1] INFO  grpc.GrpcConfigKeys (ConfUtils.java:logGet(46)) - raft.grpc.server.heartbeat.channel = true (default)
2023-12-13 16:21:10,656 [s8@group-F8F047037FEF->s1-GrpcLogAppender-LogAppenderDaemon] INFO  leader.FollowerInfo (FollowerInfoImpl.java:setAttemptedToInstallSnapshot(154)) - Follower s8@group-F8F047037FEF->s1 acknowledged installing snapshot
2023-12-13 16:21:10,656 [s8@group-F8F047037FEF->s1-GrpcLogAppender-LogAppenderDaemon] INFO  server.GrpcServerProtocolClient (GrpcServerProtocolClient.java:<init>(65)) - Build channel for s1
2023-12-13 16:21:10,662 [s1-server-thread1] TRACE util.FileUtils (LogUtils.java:supplyAndLog(69)) - Successfully supplied FileChannel.open /home/runner/work/ratis/ratis/ratis-test/target/test/data/1e4ee837/MiniRaftClusterWithGrpc24096a27/s1/a9a0c5d7-4cce-4ef9-8f13-f8f047037fef/current/raft-meta.tmp with options [CREATE, WRITE]: sun.nio.ch.FileChannelImpl@40a64f33
2023-12-13 16:21:10,662 [s1-server-thread1] TRACE util.FileUtils (LogUtils.java:runAndLog(49)) - Successfully ran Atomic Files.move /home/runner/work/ratis/ratis/ratis-test/target/test/data/1e4ee837/MiniRaftClusterWithGrpc24096a27/s1/a9a0c5d7-4cce-4ef9-8f13-f8f047037fef/current/raft-meta.tmp to /home/runner/work/ratis/ratis/ratis-test/target/test/data/1e4ee837/MiniRaftClusterWithGrpc24096a27/s1/a9a0c5d7-4cce-4ef9-8f13-f8f047037fef/current/raft-meta with options [REPLACE_EXISTING]
2023-12-13 16:21:10,663 [s1-server-thread1] INFO  server.RaftServer$Division (RaftServerImpl.java:setFirstElection(564)) - s1@group-F8F047037FEF: set firstElectionSinceStartup to false for appendEntries
2023-12-13 16:21:10,663 [s1-server-thread1] INFO  server.RaftServer$Division (ServerState.java:setLeader(265)) - s1@group-F8F047037FEF: change Leader from null to s8 at term 1 for appendEntries, leader elected after 94ms
2023-12-13 16:21:10,663 [s1-server-thread2] DEBUG server.RaftServer$Division (RaftServerImpl.java:logAppendEntries(1504)) - s1@group-F8F047037FEF: receive appendEntries(s8, 1, null, 4, true, commits:[s8:c4, s0:c3, s1:c-1], cId:1, entries: [(t:1, i:0), CONFIGURATIONENTRY(current:id: "s8"
address: "0.0.0.0:44341"
clientAddress: "0.0.0.0:44341"
adminAddress: "0.0.0.0:44341"
startupRole: FOLLOWER
, old:), (t:1, i:1), CONFIGURATIONENTRY(current:id: "s8"
address: "0.0.0.0:44341"
clientAddress: "0.0.0.0:44341"
adminAddress: "0.0.0.0:44341"
startupRole: FOLLOWER
,id: "s0"
address: "0.0.0.0:42169"
clientAddress: "0.0.0.0:42169"
adminAddress: "0.0.0.0:42169"
startupRole: FOLLOWER
, old:id: "s8"
address: "0.0.0.0:44341"
clientAddress: "0.0.0.0:44341"
adminAddress: "0.0.0.0:44341"
startupRole: FOLLOWER
), (t:1, i:2), METADATAENTRY(c:1), (t:1, i:3), CONFIGURATIONENTRY(current:id: "s8"
address: "0.0.0.0:44341"
clientAddress: "0.0.0.0:44341"
adminAddress: "0.0.0.0:44341"
startupRole: FOLLOWER
,id: "s0"
address: "0.0.0.0:42169"
clientAddress: "0.0.0.0:42169"
adminAddress: "0.0.0.0:42169"
startupRole: FOLLOWER
, old:), (t:1, i:4), METADATAENTRY(c:3)]
2023-12-13 16:21:10,664 [s1-server-thread2] INFO  server.RaftServer$Division (ServerState.java:setRaftConf(382)) - s1@group-F8F047037FEF: set configuration 0: peers:[s8|0.0.0.0:44341]|listeners:[], old=null
2023-12-13 16:21:10,664 [s1-server-thread2] INFO  server.RaftServer$Division (ServerState.java:setRaftConf(382)) - s1@group-F8F047037FEF: set configuration 1: peers:[s8|0.0.0.0:44341, s0|0.0.0.0:42169]|listeners:[], old=peers:[s8|0.0.0.0:44341]|listeners:[]
2023-12-13 16:21:10,664 [s1-server-thread2] INFO  server.RaftServer$Division (ServerState.java:setRaftConf(382)) - s1@group-F8F047037FEF: set configuration 3: peers:[s8|0.0.0.0:44341, s0|0.0.0.0:42169]|listeners:[], old=null
2023-12-13 16:21:10,664 [s1-server-thread2] INFO  segmented.SegmentedRaftLogWorker (SegmentedRaftLogWorker.java:startLogSegment(430)) - s1@group-F8F047037FEF-SegmentedRaftLogWorker: Starting segment from index:0
2023-12-13 16:21:10,664 [s1@group-F8F047037FEF-SegmentedRaftLogWorker] INFO  segmented.BufferedWriteChannel (BufferedWriteChannel.java:open(62)) - open log_inprogress_0 at position 0
2023-12-13 16:21:10,670 [s1@group-F8F047037FEF-SegmentedRaftLogWorker] INFO  segmented.SegmentedRaftLogWorker (SegmentedRaftLogWorker.java:execute(634)) - s1@group-F8F047037FEF-SegmentedRaftLogWorker: created new log segment /home/runner/work/ratis/ratis/ratis-test/target/test/data/1e4ee837/MiniRaftClusterWithGrpc24096a27/s1/a9a0c5d7-4cce-4ef9-8f13-f8f047037fef/current/log_inprogress_0
2023-12-13 16:21:10,671 [s1-server-thread3] DEBUG server.RaftServer$Division (RaftServerImpl.java:logAppendEntries(1504)) - s1@group-F8F047037FEF: succeeded to handle AppendEntries. Reply: s8<-s1#1:OK-t1,SUCCESS,nextIndex=5,followerCommit=4,matchIndex=4
2023-12-13 16:21:10,671 [s1@group-F8F047037FEF-StateMachineUpdater] TRACE util.FileUtils (LogUtils.java:supplyAndLog(69)) - Successfully supplied FileChannel.open /home/runner/work/ratis/ratis/ratis-test/target/test/data/1e4ee837/MiniRaftClusterWithGrpc24096a27/s1/a9a0c5d7-4cce-4ef9-8f13-f8f047037fef/current/raft-meta.conf.tmp with options [CREATE, WRITE]: sun.nio.ch.FileChannelImpl@3ca8f344
2023-12-13 16:21:10,672 [s1@group-F8F047037FEF-StateMachineUpdater] TRACE util.FileUtils (LogUtils.java:runAndLog(49)) - Successfully ran Atomic Files.move /home/runner/work/ratis/ratis/ratis-test/target/test/data/1e4ee837/MiniRaftClusterWithGrpc24096a27/s1/a9a0c5d7-4cce-4ef9-8f13-f8f047037fef/current/raft-meta.conf.tmp to /home/runner/work/ratis/ratis/ratis-test/target/test/data/1e4ee837/MiniRaftClusterWithGrpc24096a27/s1/a9a0c5d7-4cce-4ef9-8f13-f8f047037fef/current/raft-meta.conf with options [REPLACE_EXISTING]
2023-12-13 16:21:10,672 [s8@group-F8F047037FEF-LeaderStateImpl] INFO  server.RaftServer$Division (ServerState.java:setRaftConf(382)) - s8@group-F8F047037FEF: set configuration 5: peers:[s8|0.0.0.0:44341, s0|0.0.0.0:42169, s1|0.0.0.0:40607]|listeners:[], old=peers:[s8|0.0.0.0:44341, s0|0.0.0.0:42169]|listeners:[]
2023-12-13 16:21:10,672 [s1@group-F8F047037FEF-StateMachineUpdater] TRACE util.FileUtils (LogUtils.java:supplyAndLog(69)) - Successfully supplied FileChannel.open /home/runner/work/ratis/ratis/ratis-test/target/test/data/1e4ee837/MiniRaftClusterWithGrpc24096a27/s1/a9a0c5d7-4cce-4ef9-8f13-f8f047037fef/current/raft-meta.conf.tmp with options [CREATE, WRITE]: sun.nio.ch.FileChannelImpl@326f1aa1
2023-12-13 16:21:10,673 [s1@group-F8F047037FEF-StateMachineUpdater] TRACE util.FileUtils (LogUtils.java:runAndLog(49)) - Successfully ran Atomic Files.move /home/runner/work/ratis/ratis/ratis-test/target/test/data/1e4ee837/MiniRaftClusterWithGrpc24096a27/s1/a9a0c5d7-4cce-4ef9-8f13-f8f047037fef/current/raft-meta.conf.tmp to /home/runner/work/ratis/ratis/ratis-test/target/test/data/1e4ee837/MiniRaftClusterWithGrpc24096a27/s1/a9a0c5d7-4cce-4ef9-8f13-f8f047037fef/current/raft-meta.conf with options [REPLACE_EXISTING]
2023-12-13 16:21:10,673 [s0-server-thread2] DEBUG server.RaftServer$Division (RaftServerImpl.java:logAppendEntries(1504)) - s0@group-F8F047037FEF: receive appendEntries(s8, 1, (t:1, i:4), 4, false, commits:[s8:c4, s0:c3, s1:c4], cId:8, entries: [(t:1, i:5), CONFIGURATIONENTRY(current:id: "s8"
address: "0.0.0.0:44341"
clientAddress: "0.0.0.0:44341"
adminAddress: "0.0.0.0:44341"
startupRole: FOLLOWER
,id: "s0"
address: "0.0.0.0:42169"
clientAddress: "0.0.0.0:42169"
adminAddress: "0.0.0.0:42169"
startupRole: FOLLOWER
,id: "s1"
address: "0.0.0.0:40607"
clientAddress: "0.0.0.0:40607"
adminAddress: "0.0.0.0:40607"
startupRole: FOLLOWER
, old:id: "s8"
address: "0.0.0.0:44341"
clientAddress: "0.0.0.0:44341"
adminAddress: "0.0.0.0:44341"
startupRole: FOLLOWER
,id: "s0"
address: "0.0.0.0:42169"
clientAddress: "0.0.0.0:42169"
adminAddress: "0.0.0.0:42169"
startupRole: FOLLOWER
)]
2023-12-13 16:21:10,673 [s1@group-F8F047037FEF-StateMachineUpdater] TRACE util.FileUtils (LogUtils.java:supplyAndLog(69)) - Successfully supplied FileChannel.open /home/runner/work/ratis/ratis/ratis-test/target/test/data/1e4ee837/MiniRaftClusterWithGrpc24096a27/s1/a9a0c5d7-4cce-4ef9-8f13-f8f047037fef/current/raft-meta.conf.tmp with options [CREATE, WRITE]: sun.nio.ch.FileChannelImpl@36509834
2023-12-13 16:21:10,673 [s0-server-thread2] INFO  server.RaftServer$Division (ServerState.java:setRaftConf(382)) - s0@group-F8F047037FEF: set configuration 5: peers:[s8|0.0.0.0:44341, s0|0.0.0.0:42169, s1|0.0.0.0:40607]|listeners:[], old=peers:[s8|0.0.0.0:44341, s0|0.0.0.0:42169]|listeners:[]
2023-12-13 16:21:10,674 [s1-server-thread3] DEBUG server.RaftServer$Division (RaftServerImpl.java:logAppendEntries(1504)) - s1@group-F8F047037FEF: receive appendEntries(s8, 1, (t:1, i:4), 4, false, commits:[s8:c4, s0:c3, s1:c4], cId:3, entries: [(t:1, i:5), CONFIGURATIONENTRY(current:id: "s8"
address: "0.0.0.0:44341"
clientAddress: "0.0.0.0:44341"
adminAddress: "0.0.0.0:44341"
startupRole: FOLLOWER
,id: "s0"
address: "0.0.0.0:42169"
clientAddress: "0.0.0.0:42169"
adminAddress: "0.0.0.0:42169"
startupRole: FOLLOWER
,id: "s1"
address: "0.0.0.0:40607"
clientAddress: "0.0.0.0:40607"
adminAddress: "0.0.0.0:40607"
startupRole: FOLLOWER
, old:id: "s8"
address: "0.0.0.0:44341"
clientAddress: "0.0.0.0:44341"
adminAddress: "0.0.0.0:44341"
startupRole: FOLLOWER
,id: "s0"
address: "0.0.0.0:42169"
clientAddress: "0.0.0.0:42169"
adminAddress: "0.0.0.0:42169"
startupRole: FOLLOWER
)]
2023-12-13 16:21:10,674 [s1@group-F8F047037FEF-StateMachineUpdater] TRACE util.FileUtils (LogUtils.java:runAndLog(49)) - Successfully ran Atomic Files.move /home/runner/work/ratis/ratis/ratis-test/target/test/data/1e4ee837/MiniRaftClusterWithGrpc24096a27/s1/a9a0c5d7-4cce-4ef9-8f13-f8f047037fef/current/raft-meta.conf.tmp to /home/runner/work/ratis/ratis/ratis-test/target/test/data/1e4ee837/MiniRaftClusterWithGrpc24096a27/s1/a9a0c5d7-4cce-4ef9-8f13-f8f047037fef/current/raft-meta.conf with options [REPLACE_EXISTING]
2023-12-13 16:21:10,674 [s1-server-thread3] INFO  impl.RoleInfo (RoleInfo.java:updateAndGet(139)) - s1: start s1@group-F8F047037FEF-FollowerState
2023-12-13 16:21:10,674 [s0-server-thread2] DEBUG server.RaftServer$Division (RaftServerImpl.java:logAppendEntries(1504)) - s0@group-F8F047037FEF: succeeded to handle AppendEntries. Reply: s8<-s0#8:OK-t1,SUCCESS,nextIndex=6,followerCommit=4,matchIndex=5
2023-12-13 16:21:10,675 [s1-server-thread3] INFO  server.RaftServer$Division (ServerState.java:setRaftConf(382)) - s1@group-F8F047037FEF: set configuration 5: peers:[s8|0.0.0.0:44341, s0|0.0.0.0:42169, s1|0.0.0.0:40607]|listeners:[], old=peers:[s8|0.0.0.0:44341, s0|0.0.0.0:42169]|listeners:[]
2023-12-13 16:21:10,676 [s8@group-F8F047037FEF-StateMachineUpdater] TRACE util.FileUtils (LogUtils.java:supplyAndLog(69)) - Successfully supplied FileChannel.open /home/runner/work/ratis/ratis/ratis-test/target/test/data/1e4ee837/MiniRaftClusterWithGrpc24096a27/s8/a9a0c5d7-4cce-4ef9-8f13-f8f047037fef/current/raft-meta.conf.tmp with options [CREATE, WRITE]: sun.nio.ch.FileChannelImpl@4d5e2773
2023-12-13 16:21:10,676 [s8@group-F8F047037FEF-LeaderStateImpl] INFO  server.RaftServer$Division (ServerState.java:setRaftConf(382)) - s8@group-F8F047037FEF: set configuration 7: peers:[s8|0.0.0.0:44341, s0|0.0.0.0:42169, s1|0.0.0.0:40607]|listeners:[], old=null
2023-12-13 16:21:10,677 [s8@group-F8F047037FEF-StateMachineUpdater] TRACE util.FileUtils (LogUtils.java:runAndLog(49)) - Successfully ran Atomic Files.move /home/runner/work/ratis/ratis/ratis-test/target/test/data/1e4ee837/MiniRaftClusterWithGrpc24096a27/s8/a9a0c5d7-4cce-4ef9-8f13-f8f047037fef/current/raft-meta.conf.tmp to /home/runner/work/ratis/ratis/ratis-test/target/test/data/1e4ee837/MiniRaftClusterWithGrpc24096a27/s8/a9a0c5d7-4cce-4ef9-8f13-f8f047037fef/current/raft-meta.conf with options [REPLACE_EXISTING]
2023-12-13 16:21:10,677 [s1-server-thread3] DEBUG server.RaftServer$Division (RaftServerImpl.java:logAppendEntries(1504)) - s1@group-F8F047037FEF: receive appendEntries(s8, 1, (t:1, i:5), 5, false, commits:[s8:c5, s0:c4, s1:c4], cId:4, entries: [(t:1, i:6), METADATAENTRY(c:5), (t:1, i:7), CONFIGURATIONENTRY(current:id: "s8"
address: "0.0.0.0:44341"
clientAddress: "0.0.0.0:44341"
adminAddress: "0.0.0.0:44341"
startupRole: FOLLOWER
,id: "s0"
address: "0.0.0.0:42169"
clientAddress: "0.0.0.0:42169"
adminAddress: "0.0.0.0:42169"
startupRole: FOLLOWER
,id: "s1"
address: "0.0.0.0:40607"
clientAddress: "0.0.0.0:40607"
adminAddress: "0.0.0.0:40607"
startupRole: FOLLOWER
, old:)]
2023-12-13 16:21:10,677 [s0-server-thread2] DEBUG server.RaftServer$Division (RaftServerImpl.java:logAppendEntries(1504)) - s0@group-F8F047037FEF: receive appendEntries(s8, 1, (t:1, i:5), 5, false, commits:[s8:c5, s0:c4, s1:c4], cId:9, entries: [(t:1, i:6), METADATAENTRY(c:5), (t:1, i:7), CONFIGURATIONENTRY(current:id: "s8"
address: "0.0.0.0:44341"
clientAddress: "0.0.0.0:44341"
adminAddress: "0.0.0.0:44341"
startupRole: FOLLOWER
,id: "s0"
address: "0.0.0.0:42169"
clientAddress: "0.0.0.0:42169"
adminAddress: "0.0.0.0:42169"
startupRole: FOLLOWER
,id: "s1"
address: "0.0.0.0:40607"
clientAddress: "0.0.0.0:40607"
adminAddress: "0.0.0.0:40607"
startupRole: FOLLOWER
, old:)]
2023-12-13 16:21:10,677 [s1-server-thread3] INFO  server.RaftServer$Division (ServerState.java:setRaftConf(382)) - s1@group-F8F047037FEF: set configuration 7: peers:[s8|0.0.0.0:44341, s0|0.0.0.0:42169, s1|0.0.0.0:40607]|listeners:[], old=null
2023-12-13 16:21:10,677 [s0-server-thread2] INFO  server.RaftServer$Division (ServerState.java:setRaftConf(382)) - s0@group-F8F047037FEF: set configuration 7: peers:[s8|0.0.0.0:44341, s0|0.0.0.0:42169, s1|0.0.0.0:40607]|listeners:[], old=null
2023-12-13 16:21:10,678 [s0-server-thread2] DEBUG server.RaftServer$Division (RaftServerImpl.java:logAppendEntries(1504)) - s0@group-F8F047037FEF: succeeded to handle AppendEntries. Reply: s8<-s0#9:OK-t1,SUCCESS,nextIndex=8,followerCommit=5,matchIndex=7
2023-12-13 16:21:10,678 [s0@group-F8F047037FEF-StateMachineUpdater] TRACE util.FileUtils (LogUtils.java:supplyAndLog(69)) - Successfully supplied FileChannel.open /home/runner/work/ratis/ratis/ratis-test/target/test/data/1e4ee837/MiniRaftClusterWithGrpc24096a27/s0/a9a0c5d7-4cce-4ef9-8f13-f8f047037fef/current/raft-meta.conf.tmp with options [CREATE, WRITE]: sun.nio.ch.FileChannelImpl@58390e8e
2023-12-13 16:21:10,679 [s0@group-F8F047037FEF-StateMachineUpdater] TRACE util.FileUtils (LogUtils.java:runAndLog(49)) - Successfully ran Atomic Files.move /home/runner/work/ratis/ratis/ratis-test/target/test/data/1e4ee837/MiniRaftClusterWithGrpc24096a27/s0/a9a0c5d7-4cce-4ef9-8f13-f8f047037fef/current/raft-meta.conf.tmp to /home/runner/work/ratis/ratis/ratis-test/target/test/data/1e4ee837/MiniRaftClusterWithGrpc24096a27/s0/a9a0c5d7-4cce-4ef9-8f13-f8f047037fef/current/raft-meta.conf with options [REPLACE_EXISTING]
2023-12-13 16:21:10,680 [s1-server-thread2] DEBUG server.RaftServer$Division (RaftServerImpl.java:logAppendEntries(1504)) - s1@group-F8F047037FEF: succeeded to handle AppendEntries. Reply: s8<-s1#3:OK-t1,SUCCESS,nextIndex=6,followerCommit=4,matchIndex=5
2023-12-13 16:21:10,681 [s1-server-thread3] DEBUG server.RaftServer$Division (RaftServerImpl.java:logAppendEntries(1504)) - s1@group-F8F047037FEF: receive appendEntries(s8, 1, (t:1, i:7), 7, false, commits:[s8:c7, s0:c5, s1:c4], cId:6, entries: [(t:1, i:8), METADATAENTRY(c:7)]
2023-12-13 16:21:10,681 [s1-server-thread2] DEBUG server.RaftServer$Division (RaftServerImpl.java:logAppendEntries(1504)) - s1@group-F8F047037FEF: succeeded to handle AppendEntries. Reply: s8<-s1#4:OK-t1,SUCCESS,nextIndex=8,followerCommit=5,matchIndex=7
2023-12-13 16:21:10,681 [s1@group-F8F047037FEF-StateMachineUpdater] TRACE util.FileUtils (LogUtils.java:supplyAndLog(69)) - Successfully supplied FileChannel.open /home/runner/work/ratis/ratis/ratis-test/target/test/data/1e4ee837/MiniRaftClusterWithGrpc24096a27/s1/a9a0c5d7-4cce-4ef9-8f13-f8f047037fef/current/raft-meta.conf.tmp with options [CREATE, WRITE]: sun.nio.ch.FileChannelImpl@7352109a
2023-12-13 16:21:10,682 [s0-server-thread2] DEBUG server.RaftServer$Division (RaftServerImpl.java:logAppendEntries(1504)) - s0@group-F8F047037FEF: receive appendEntries(s8, 1, (t:1, i:7), 7, false, commits:[s8:c7, s0:c5, s1:c4], cId:10, entries: [(t:1, i:8), METADATAENTRY(c:7)]
2023-12-13 16:21:10,682 [Time-limited test] DEBUG client.RaftClient (RaftClientImpl.java:add(150)) - client-F91164B2CD9A: add replied callId 44
2023-12-13 16:21:10,682 [s8@group-F8F047037FEF-StateMachineUpdater] TRACE util.FileUtils (LogUtils.java:supplyAndLog(69)) - Successfully supplied FileChannel.open /home/runner/work/ratis/ratis/ratis-test/target/test/data/1e4ee837/MiniRaftClusterWithGrpc24096a27/s8/a9a0c5d7-4cce-4ef9-8f13-f8f047037fef/current/raft-meta.conf.tmp with options [CREATE, WRITE]: sun.nio.ch.FileChannelImpl@69453217
2023-12-13 16:21:10,682 [s0@group-F8F047037FEF-StateMachineUpdater] TRACE util.FileUtils (LogUtils.java:supplyAndLog(69)) - Successfully supplied FileChannel.open /home/runner/work/ratis/ratis/ratis-test/target/test/data/1e4ee837/MiniRaftClusterWithGrpc24096a27/s0/a9a0c5d7-4cce-4ef9-8f13-f8f047037fef/current/raft-meta.conf.tmp with options [CREATE, WRITE]: sun.nio.ch.FileChannelImpl@503307a4
2023-12-13 16:21:10,683 [s0-server-thread2] DEBUG server.RaftServer$Division (RaftServerImpl.java:logAppendEntries(1504)) - s0@group-F8F047037FEF: succeeded to handle AppendEntries. Reply: s8<-s0#10:OK-t1,SUCCESS,nextIndex=9,followerCommit=7,matchIndex=8
2023-12-13 16:21:10,683 [s1-server-thread3] DEBUG server.RaftServer$Division (RaftServerImpl.java:logAppendEntries(1504)) - s1@group-F8F047037FEF: succeeded to handle AppendEntries. Reply: s8<-s1#6:OK-t1,SUCCESS,nextIndex=9,followerCommit=7,matchIndex=8
2023-12-13 16:21:10,683 [s1@group-F8F047037FEF-StateMachineUpdater] TRACE util.FileUtils (LogUtils.java:runAndLog(49)) - Successfully ran Atomic Files.move /home/runner/work/ratis/ratis/ratis-test/target/test/data/1e4ee837/MiniRaftClusterWithGrpc24096a27/s1/a9a0c5d7-4cce-4ef9-8f13-f8f047037fef/current/raft-meta.conf.tmp to /home/runner/work/ratis/ratis/ratis-test/target/test/data/1e4ee837/MiniRaftClusterWithGrpc24096a27/s1/a9a0c5d7-4cce-4ef9-8f13-f8f047037fef/current/raft-meta.conf with options [REPLACE_EXISTING]
2023-12-13 16:21:10,683 [s1@group-F8F047037FEF-StateMachineUpdater] TRACE util.FileUtils (LogUtils.java:supplyAndLog(69)) - Successfully supplied FileChannel.open /home/runner/work/ratis/ratis/ratis-test/target/test/data/1e4ee837/MiniRaftClusterWithGrpc24096a27/s1/a9a0c5d7-4cce-4ef9-8f13-f8f047037fef/current/raft-meta.conf.tmp with options [CREATE, WRITE]: sun.nio.ch.FileChannelImpl@89bff67
2023-12-13 16:21:10,684 [s8-server-thread1] INFO  server.RaftServer$Division (RaftServerImpl.java:setConfigurationAsync(1264)) - s8@group-F8F047037FEF: receive setConfiguration SetConfigurationRequest:client-F91164B2CD9A->s8@group-F8F047037FEF, cid=45, seq=null, RW, null, SET_UNCONDITIONALLY, servers:[s3|0.0.0.0:35783, s8|0.0.0.0:44341, s0|0.0.0.0:42169, s1|0.0.0.0:40607, s2|0.0.0.0:39939], listeners:[]
2023-12-13 16:21:10,684 [s8-server-thread1] INFO  server.RaftServer$Division (LeaderStateImpl.java:startSetConfiguration(488)) - s8@group-F8F047037FEF-LeaderStateImpl: startSetConfiguration SetConfigurationRequest:client-F91164B2CD9A->s8@group-F8F047037FEF, cid=45, seq=null, RW, null, SET_UNCONDITIONALLY, servers:[s3|0.0.0.0:35783, s8|0.0.0.0:44341, s0|0.0.0.0:42169, s1|0.0.0.0:40607, s2|0.0.0.0:39939], listeners:[]
2023-12-13 16:21:10,684 [s8-server-thread1] INFO  server.RaftServerConfigKeys (ConfUtils.java:logGet(46)) - raft.server.log.appender.snapshot.chunk.size.max = 16MB (=16777216) (default)
2023-12-13 16:21:10,684 [s1@group-F8F047037FEF-StateMachineUpdater] TRACE util.FileUtils (LogUtils.java:runAndLog(49)) - Successfully ran Atomic Files.move /home/runner/work/ratis/ratis/ratis-test/target/test/data/1e4ee837/MiniRaftClusterWithGrpc24096a27/s1/a9a0c5d7-4cce-4ef9-8f13-f8f047037fef/current/raft-meta.conf.tmp to /home/runner/work/ratis/ratis/ratis-test/target/test/data/1e4ee837/MiniRaftClusterWithGrpc24096a27/s1/a9a0c5d7-4cce-4ef9-8f13-f8f047037fef/current/raft-meta.conf with options [REPLACE_EXISTING]
2023-12-13 16:21:10,684 [s8-server-thread1] INFO  server.RaftServerConfigKeys (ConfUtils.java:logGet(46)) - raft.server.log.appender.buffer.byte-limit = 4MB (=4194304) (default)
2023-12-13 16:21:10,684 [s8-server-thread1] INFO  server.RaftServerConfigKeys (ConfUtils.java:logGet(46)) - raft.server.log.appender.buffer.element-limit = 0 (default)
2023-12-13 16:21:10,684 [s8-server-thread1] INFO  server.RaftServerConfigKeys (ConfUtils.java:logGet(46)) - raft.server.log.appender.wait-time.min = 1ms (default)
2023-12-13 16:21:10,684 [s8-server-thread1] INFO  grpc.GrpcConfigKeys (ConfUtils.java:logGet(46)) - raft.grpc.server.leader.outstanding.appends.max = 8 (default)
2023-12-13 16:21:10,684 [s8-server-thread1] INFO  server.RaftServerConfigKeys (ConfUtils.java:logGet(46)) - raft.server.rpc.request.timeout = 3000ms (default)
2023-12-13 16:21:10,684 [s8-server-thread1] INFO  grpc.GrpcConfigKeys (ConfUtils.java:logGet(46)) - raft.grpc.server.install_snapshot.request.element-limit = 8 (default)
2023-12-13 16:21:10,684 [s8-server-thread1] INFO  grpc.GrpcConfigKeys (ConfUtils.java:logGet(46)) - raft.grpc.server.install_snapshot.request.timeout = 3000ms (default)
2023-12-13 16:21:10,684 [s8-server-thread1] INFO  server.RaftServerConfigKeys (ConfUtils.java:logGet(46)) - raft.server.log.appender.install.snapshot.enabled = true (default)
2023-12-13 16:21:10,684 [s8-server-thread1] INFO  grpc.GrpcConfigKeys (ConfUtils.java:logGet(46)) - raft.grpc.server.heartbeat.channel = true (default)
2023-12-13 16:21:10,685 [s8-server-thread1] INFO  server.RaftServerConfigKeys (ConfUtils.java:logGet(46)) - raft.server.log.appender.snapshot.chunk.size.max = 16MB (=16777216) (default)
2023-12-13 16:21:10,685 [s8-server-thread1] INFO  server.RaftServerConfigKeys (ConfUtils.java:logGet(46)) - raft.server.log.appender.buffer.byte-limit = 4MB (=4194304) (default)
2023-12-13 16:21:10,685 [s8-server-thread1] INFO  server.RaftServerConfigKeys (ConfUtils.java:logGet(46)) - raft.server.log.appender.buffer.element-limit = 0 (default)
2023-12-13 16:21:10,685 [s8-server-thread1] INFO  server.RaftServerConfigKeys (ConfUtils.java:logGet(46)) - raft.server.log.appender.wait-time.min = 1ms (default)
2023-12-13 16:21:10,685 [s8-server-thread1] INFO  grpc.GrpcConfigKeys (ConfUtils.java:logGet(46)) - raft.grpc.server.leader.outstanding.appends.max = 8 (default)
2023-12-13 16:21:10,685 [s8-server-thread1] INFO  server.RaftServerConfigKeys (ConfUtils.java:logGet(46)) - raft.server.rpc.request.timeout = 3000ms (default)
2023-12-13 16:21:10,685 [s8-server-thread1] INFO  grpc.GrpcConfigKeys (ConfUtils.java:logGet(46)) - raft.grpc.server.install_snapshot.request.element-limit = 8 (default)
2023-12-13 16:21:10,685 [s8-server-thread1] INFO  grpc.GrpcConfigKeys (ConfUtils.java:logGet(46)) - raft.grpc.server.install_snapshot.request.timeout = 3000ms (default)
2023-12-13 16:21:10,685 [s8-server-thread1] INFO  server.RaftServerConfigKeys (ConfUtils.java:logGet(46)) - raft.server.log.appender.install.snapshot.enabled = true (default)
2023-12-13 16:21:10,685 [s8-server-thread1] INFO  grpc.GrpcConfigKeys (ConfUtils.java:logGet(46)) - raft.grpc.server.heartbeat.channel = true (default)
2023-12-13 16:21:10,685 [s8@group-F8F047037FEF-StateMachineUpdater] TRACE util.FileUtils (LogUtils.java:runAndLog(49)) - Successfully ran Atomic Files.move /home/runner/work/ratis/ratis/ratis-test/target/test/data/1e4ee837/MiniRaftClusterWithGrpc24096a27/s8/a9a0c5d7-4cce-4ef9-8f13-f8f047037fef/current/raft-meta.conf.tmp to /home/runner/work/ratis/ratis/ratis-test/target/test/data/1e4ee837/MiniRaftClusterWithGrpc24096a27/s8/a9a0c5d7-4cce-4ef9-8f13-f8f047037fef/current/raft-meta.conf with options [REPLACE_EXISTING]
2023-12-13 16:21:10,685 [s0@group-F8F047037FEF-StateMachineUpdater] TRACE util.FileUtils (LogUtils.java:runAndLog(49)) - Successfully ran Atomic Files.move /home/runner/work/ratis/ratis/ratis-test/target/test/data/1e4ee837/MiniRaftClusterWithGrpc24096a27/s0/a9a0c5d7-4cce-4ef9-8f13-f8f047037fef/current/raft-meta.conf.tmp to /home/runner/work/ratis/ratis/ratis-test/target/test/data/1e4ee837/MiniRaftClusterWithGrpc24096a27/s0/a9a0c5d7-4cce-4ef9-8f13-f8f047037fef/current/raft-meta.conf with options [REPLACE_EXISTING]
2023-12-13 16:21:10,685 [s8@group-F8F047037FEF->s3-GrpcLogAppender-LogAppenderDaemon] INFO  leader.FollowerInfo (FollowerInfoImpl.java:setAttemptedToInstallSnapshot(154)) - Follower s8@group-F8F047037FEF->s3 acknowledged installing snapshot
2023-12-13 16:21:10,685 [s8@group-F8F047037FEF->s3-GrpcLogAppender-LogAppenderDaemon] INFO  server.GrpcServerProtocolClient (GrpcServerProtocolClient.java:<init>(65)) - Build channel for s3
2023-12-13 16:21:10,686 [s8@group-F8F047037FEF->s2-GrpcLogAppender-LogAppenderDaemon] INFO  leader.FollowerInfo (FollowerInfoImpl.java:setAttemptedToInstallSnapshot(154)) - Follower s8@group-F8F047037FEF->s2 acknowledged installing snapshot
2023-12-13 16:21:10,686 [s8@group-F8F047037FEF->s2-GrpcLogAppender-LogAppenderDaemon] INFO  server.GrpcServerProtocolClient (GrpcServerProtocolClient.java:<init>(65)) - Build channel for s2
2023-12-13 16:21:10,695 [s3-server-thread2] DEBUG server.RaftServer$Division (RaftServerImpl.java:logAppendEntries(1504)) - s3@group-F8F047037FEF: receive appendEntries(s8, 1, null, 8, true, commits:[s8:c8, s0:c7, s1:c7, s3:c-1, s2:c-1], cId:1, entries: [(t:1, i:0), CONFIGURATIONENTRY(current:id: "s8"
address: "0.0.0.0:44341"
clientAddress: "0.0.0.0:44341"
adminAddress: "0.0.0.0:44341"
startupRole: FOLLOWER
, old:), (t:1, i:1), CONFIGURATIONENTRY(current:id: "s8"
address: "0.0.0.0:44341"
clientAddress: "0.0.0.0:44341"
adminAddress: "0.0.0.0:44341"
startupRole: FOLLOWER
,id: "s0"
address: "0.0.0.0:42169"
clientAddress: "0.0.0.0:42169"
adminAddress: "0.0.0.0:42169"
startupRole: FOLLOWER
, old:id: "s8"
address: "0.0.0.0:44341"
clientAddress: "0.0.0.0:44341"
adminAddress: "0.0.0.0:44341"
startupRole: FOLLOWER
), (t:1, i:2), METADATAENTRY(c:1), (t:1, i:3), CONFIGURATIONENTRY(current:id: "s8"
address: "0.0.0.0:44341"
clientAddress: "0.0.0.0:44341"
adminAddress: "0.0.0.0:44341"
startupRole: FOLLOWER
,id: "s0"
address: "0.0.0.0:42169"
clientAddress: "0.0.0.0:42169"
adminAddress: "0.0.0.0:42169"
startupRole: FOLLOWER
, old:), (t:1, i:4), METADATAENTRY(c:3), (t:1, i:5), CONFIGURATIONENTRY(current:id: "s8"
address: "0.0.0.0:44341"
clientAddress: "0.0.0.0:44341"
adminAddress: "0.0.0.0:44341"
startupRole: FOLLOWER
,id: "s0"
address: "0.0.0.0:42169"
clientAddress: "0.0.0.0:42169"
adminAddress: "0.0.0.0:42169"
startupRole: FOLLOWER
,id: "s1"
address: "0.0.0.0:40607"
clientAddress: "0.0.0.0:40607"
adminAddress: "0.0.0.0:40607"
startupRole: FOLLOWER
, old:id: "s8"
address: "0.0.0.0:44341"
clientAddress: "0.0.0.0:44341"
adminAddress: "0.0.0.0:44341"
startupRole: FOLLOWER
,id: "s0"
address: "0.0.0.0:42169"
clientAddress: "0.0.0.0:42169"
adminAddress: "0.0.0.0:42169"
startupRole: FOLLOWER
), (t:1, i:6), METADATAENTRY(c:5), (t:1, i:7), CONFIGURATIONENTRY(current:id: "s8"
address: "0.0.0.0:44341"
clientAddress: "0.0.0.0:44341"
adminAddress: "0.0.0.0:44341"
startupRole: FOLLOWER
,id: "s0"
address: "0.0.0.0:42169"
clientAddress: "0.0.0.0:42169"
adminAddress: "0.0.0.0:42169"
startupRole: FOLLOWER
,id: "s1"
address: "0.0.0.0:40607"
clientAddress: "0.0.0.0:40607"
adminAddress: "0.0.0.0:40607"
startupRole: FOLLOWER
, old:), (t:1, i:8), METADATAENTRY(c:7)]
2023-12-13 16:21:10,710 [s3-server-thread1] TRACE util.FileUtils (LogUtils.java:supplyAndLog(69)) - Successfully supplied FileChannel.open /home/runner/work/ratis/ratis/ratis-test/target/test/data/1e4ee837/MiniRaftClusterWithGrpc24096a27/s3/a9a0c5d7-4cce-4ef9-8f13-f8f047037fef/current/raft-meta.tmp with options [CREATE, WRITE]: sun.nio.ch.FileChannelImpl@927faea
2023-12-13 16:21:10,713 [s3-server-thread1] TRACE util.FileUtils (LogUtils.java:runAndLog(49)) - Successfully ran Atomic Files.move /home/runner/work/ratis/ratis/ratis-test/target/test/data/1e4ee837/MiniRaftClusterWithGrpc24096a27/s3/a9a0c5d7-4cce-4ef9-8f13-f8f047037fef/current/raft-meta.tmp to /home/runner/work/ratis/ratis/ratis-test/target/test/data/1e4ee837/MiniRaftClusterWithGrpc24096a27/s3/a9a0c5d7-4cce-4ef9-8f13-f8f047037fef/current/raft-meta with options [REPLACE_EXISTING]
2023-12-13 16:21:10,713 [s3-server-thread1] INFO  server.RaftServer$Division (RaftServerImpl.java:setFirstElection(564)) - s3@group-F8F047037FEF: set firstElectionSinceStartup to false for appendEntries
2023-12-13 16:21:10,713 [s3-server-thread1] INFO  server.RaftServer$Division (ServerState.java:setLeader(265)) - s3@group-F8F047037FEF: change Leader from null to s8 at term 1 for appendEntries, leader elected after 179ms
2023-12-13 16:21:10,713 [s2-server-thread1] TRACE util.FileUtils (LogUtils.java:supplyAndLog(69)) - Successfully supplied FileChannel.open /home/runner/work/ratis/ratis/ratis-test/target/test/data/1e4ee837/MiniRaftClusterWithGrpc24096a27/s2/a9a0c5d7-4cce-4ef9-8f13-f8f047037fef/current/raft-meta.tmp with options [CREATE, WRITE]: sun.nio.ch.FileChannelImpl@67980772
2023-12-13 16:21:10,714 [s3-server-thread2] INFO  server.RaftServer$Division (ServerState.java:setRaftConf(382)) - s3@group-F8F047037FEF: set configuration 0: peers:[s8|0.0.0.0:44341]|listeners:[], old=null
2023-12-13 16:21:10,714 [s3-server-thread2] INFO  server.RaftServer$Division (ServerState.java:setRaftConf(382)) - s3@group-F8F047037FEF: set configuration 1: peers:[s8|0.0.0.0:44341, s0|0.0.0.0:42169]|listeners:[], old=peers:[s8|0.0.0.0:44341]|listeners:[]
2023-12-13 16:21:10,714 [s3-server-thread2] INFO  server.RaftServer$Division (ServerState.java:setRaftConf(382)) - s3@group-F8F047037FEF: set configuration 3: peers:[s8|0.0.0.0:44341, s0|0.0.0.0:42169]|listeners:[], old=null
2023-12-13 16:21:10,714 [s3-server-thread2] INFO  server.RaftServer$Division (ServerState.java:setRaftConf(382)) - s3@group-F8F047037FEF: set configuration 5: peers:[s8|0.0.0.0:44341, s0|0.0.0.0:42169, s1|0.0.0.0:40607]|listeners:[], old=peers:[s8|0.0.0.0:44341, s0|0.0.0.0:42169]|listeners:[]
2023-12-13 16:21:10,714 [s3-server-thread2] INFO  server.RaftServer$Division (ServerState.java:setRaftConf(382)) - s3@group-F8F047037FEF: set configuration 7: peers:[s8|0.0.0.0:44341, s0|0.0.0.0:42169, s1|0.0.0.0:40607]|listeners:[], old=null
2023-12-13 16:21:10,714 [s3-server-thread2] INFO  segmented.SegmentedRaftLogWorker (SegmentedRaftLogWorker.java:startLogSegment(430)) - s3@group-F8F047037FEF-SegmentedRaftLogWorker: Starting segment from index:0
2023-12-13 16:21:10,714 [s3@group-F8F047037FEF-SegmentedRaftLogWorker] INFO  segmented.BufferedWriteChannel (BufferedWriteChannel.java:open(62)) - open log_inprogress_0 at position 0
2023-12-13 16:21:10,716 [s2-server-thread1] TRACE util.FileUtils (LogUtils.java:runAndLog(49)) - Successfully ran Atomic Files.move /home/runner/work/ratis/ratis/ratis-test/target/test/data/1e4ee837/MiniRaftClusterWithGrpc24096a27/s2/a9a0c5d7-4cce-4ef9-8f13-f8f047037fef/current/raft-meta.tmp to /home/runner/work/ratis/ratis/ratis-test/target/test/data/1e4ee837/MiniRaftClusterWithGrpc24096a27/s2/a9a0c5d7-4cce-4ef9-8f13-f8f047037fef/current/raft-meta with options [REPLACE_EXISTING]
2023-12-13 16:21:10,716 [s2-server-thread1] INFO  server.RaftServer$Division (RaftServerImpl.java:setFirstElection(564)) - s2@group-F8F047037FEF: set firstElectionSinceStartup to false for appendEntries
2023-12-13 16:21:10,716 [s2-server-thread1] INFO  server.RaftServer$Division (ServerState.java:setLeader(265)) - s2@group-F8F047037FEF: change Leader from null to s8 at term 1 for appendEntries, leader elected after 138ms
2023-12-13 16:21:10,720 [s2-server-thread1] DEBUG server.RaftServer$Division (RaftServerImpl.java:logAppendEntries(1504)) - s2@group-F8F047037FEF: receive appendEntries(s8, 1, null, 8, true, commits:[s8:c8, s0:c7, s1:c7, s3:c-1, s2:c-1], cId:1, entries: [(t:1, i:0), CONFIGURATIONENTRY(current:id: "s8"
address: "0.0.0.0:44341"
clientAddress: "0.0.0.0:44341"
adminAddress: "0.0.0.0:44341"
startupRole: FOLLOWER
, old:), (t:1, i:1), CONFIGURATIONENTRY(current:id: "s8"
address: "0.0.0.0:44341"
clientAddress: "0.0.0.0:44341"
adminAddress: "0.0.0.0:44341"
startupRole: FOLLOWER
,id: "s0"
address: "0.0.0.0:42169"
clientAddress: "0.0.0.0:42169"
adminAddress: "0.0.0.0:42169"
startupRole: FOLLOWER
, old:id: "s8"
address: "0.0.0.0:44341"
clientAddress: "0.0.0.0:44341"
adminAddress: "0.0.0.0:44341"
startupRole: FOLLOWER
), (t:1, i:2), METADATAENTRY(c:1), (t:1, i:3), CONFIGURATIONENTRY(current:id: "s8"
address: "0.0.0.0:44341"
clientAddress: "0.0.0.0:44341"
adminAddress: "0.0.0.0:44341"
startupRole: FOLLOWER
,id: "s0"
address: "0.0.0.0:42169"
clientAddress: "0.0.0.0:42169"
adminAddress: "0.0.0.0:42169"
startupRole: FOLLOWER
, old:), (t:1, i:4), METADATAENTRY(c:3), (t:1, i:5), CONFIGURATIONENTRY(current:id: "s8"
address: "0.0.0.0:44341"
clientAddress: "0.0.0.0:44341"
adminAddress: "0.0.0.0:44341"
startupRole: FOLLOWER
,id: "s0"
address: "0.0.0.0:42169"
clientAddress: "0.0.0.0:42169"
adminAddress: "0.0.0.0:42169"
startupRole: FOLLOWER
,id: "s1"
address: "0.0.0.0:40607"
clientAddress: "0.0.0.0:40607"
adminAddress: "0.0.0.0:40607"
startupRole: FOLLOWER
, old:id: "s8"
address: "0.0.0.0:44341"
clientAddress: "0.0.0.0:44341"
adminAddress: "0.0.0.0:44341"
startupRole: FOLLOWER
,id: "s0"
address: "0.0.0.0:42169"
clientAddress: "0.0.0.0:42169"
adminAddress: "0.0.0.0:42169"
startupRole: FOLLOWER
), (t:1, i:6), METADATAENTRY(c:5), (t:1, i:7), CONFIGURATIONENTRY(current:id: "s8"
address: "0.0.0.0:44341"
clientAddress: "0.0.0.0:44341"
adminAddress: "0.0.0.0:44341"
startupRole: FOLLOWER
,id: "s0"
address: "0.0.0.0:42169"
clientAddress: "0.0.0.0:42169"
adminAddress: "0.0.0.0:42169"
startupRole: FOLLOWER
,id: "s1"
address: "0.0.0.0:40607"
clientAddress: "0.0.0.0:40607"
adminAddress: "0.0.0.0:40607"
startupRole: FOLLOWER
, old:), (t:1, i:8), METADATAENTRY(c:7)]
2023-12-13 16:21:10,721 [s2-server-thread1] INFO  server.RaftServer$Division (ServerState.java:setRaftConf(382)) - s2@group-F8F047037FEF: set configuration 0: peers:[s8|0.0.0.0:44341]|listeners:[], old=null
2023-12-13 16:21:10,721 [s2-server-thread1] INFO  server.RaftServer$Division (ServerState.java:setRaftConf(382)) - s2@group-F8F047037FEF: set configuration 1: peers:[s8|0.0.0.0:44341, s0|0.0.0.0:42169]|listeners:[], old=peers:[s8|0.0.0.0:44341]|listeners:[]
2023-12-13 16:21:10,721 [s2-server-thread1] INFO  server.RaftServer$Division (ServerState.java:setRaftConf(382)) - s2@group-F8F047037FEF: set configuration 3: peers:[s8|0.0.0.0:44341, s0|0.0.0.0:42169]|listeners:[], old=null
2023-12-13 16:21:10,721 [s2-server-thread1] INFO  server.RaftServer$Division (ServerState.java:setRaftConf(382)) - s2@group-F8F047037FEF: set configuration 5: peers:[s8|0.0.0.0:44341, s0|0.0.0.0:42169, s1|0.0.0.0:40607]|listeners:[], old=peers:[s8|0.0.0.0:44341, s0|0.0.0.0:42169]|listeners:[]
2023-12-13 16:21:10,721 [s2-server-thread1] INFO  server.RaftServer$Division (ServerState.java:setRaftConf(382)) - s2@group-F8F047037FEF: set configuration 7: peers:[s8|0.0.0.0:44341, s0|0.0.0.0:42169, s1|0.0.0.0:40607]|listeners:[], old=null
2023-12-13 16:21:10,721 [s2-server-thread1] INFO  segmented.SegmentedRaftLogWorker (SegmentedRaftLogWorker.java:startLogSegment(430)) - s2@group-F8F047037FEF-SegmentedRaftLogWorker: Starting segment from index:0
2023-12-13 16:21:10,722 [s2@group-F8F047037FEF-SegmentedRaftLogWorker] INFO  segmented.BufferedWriteChannel (BufferedWriteChannel.java:open(62)) - open log_inprogress_0 at position 0
2023-12-13 16:21:10,726 [s3@group-F8F047037FEF-SegmentedRaftLogWorker] INFO  segmented.SegmentedRaftLogWorker (SegmentedRaftLogWorker.java:execute(634)) - s3@group-F8F047037FEF-SegmentedRaftLogWorker: created new log segment /home/runner/work/ratis/ratis/ratis-test/target/test/data/1e4ee837/MiniRaftClusterWithGrpc24096a27/s3/a9a0c5d7-4cce-4ef9-8f13-f8f047037fef/current/log_inprogress_0
2023-12-13 16:21:10,729 [s3-server-thread3] DEBUG server.RaftServer$Division (RaftServerImpl.java:logAppendEntries(1504)) - s3@group-F8F047037FEF: succeeded to handle AppendEntries. Reply: s8<-s3#1:OK-t1,SUCCESS,nextIndex=9,followerCommit=8,matchIndex=8
2023-12-13 16:21:10,729 [s3@group-F8F047037FEF-StateMachineUpdater] TRACE util.FileUtils (LogUtils.java:supplyAndLog(69)) - Successfully supplied FileChannel.open /home/runner/work/ratis/ratis/ratis-test/target/test/data/1e4ee837/MiniRaftClusterWithGrpc24096a27/s3/a9a0c5d7-4cce-4ef9-8f13-f8f047037fef/current/raft-meta.conf.tmp with options [CREATE, WRITE]: sun.nio.ch.FileChannelImpl@4e8197a8
2023-12-13 16:21:10,730 [s2@group-F8F047037FEF-SegmentedRaftLogWorker] INFO  segmented.SegmentedRaftLogWorker (SegmentedRaftLogWorker.java:execute(634)) - s2@group-F8F047037FEF-SegmentedRaftLogWorker: created new log segment /home/runner/work/ratis/ratis/ratis-test/target/test/data/1e4ee837/MiniRaftClusterWithGrpc24096a27/s2/a9a0c5d7-4cce-4ef9-8f13-f8f047037fef/current/log_inprogress_0
2023-12-13 16:21:10,730 [s3@group-F8F047037FEF-StateMachineUpdater] TRACE util.FileUtils (LogUtils.java:runAndLog(49)) - Successfully ran Atomic Files.move /home/runner/work/ratis/ratis/ratis-test/target/test/data/1e4ee837/MiniRaftClusterWithGrpc24096a27/s3/a9a0c5d7-4cce-4ef9-8f13-f8f047037fef/current/raft-meta.conf.tmp to /home/runner/work/ratis/ratis/ratis-test/target/test/data/1e4ee837/MiniRaftClusterWithGrpc24096a27/s3/a9a0c5d7-4cce-4ef9-8f13-f8f047037fef/current/raft-meta.conf with options [REPLACE_EXISTING]
2023-12-13 16:21:10,730 [s8@group-F8F047037FEF-LeaderStateImpl] INFO  server.RaftServer$Division (ServerState.java:setRaftConf(382)) - s8@group-F8F047037FEF: set configuration 9: peers:[s3|0.0.0.0:35783, s8|0.0.0.0:44341, s0|0.0.0.0:42169, s1|0.0.0.0:40607, s2|0.0.0.0:39939]|listeners:[], old=peers:[s8|0.0.0.0:44341, s0|0.0.0.0:42169, s1|0.0.0.0:40607]|listeners:[]
2023-12-13 16:21:10,731 [s3@group-F8F047037FEF-StateMachineUpdater] TRACE util.FileUtils (LogUtils.java:supplyAndLog(69)) - Successfully supplied FileChannel.open /home/runner/work/ratis/ratis/ratis-test/target/test/data/1e4ee837/MiniRaftClusterWithGrpc24096a27/s3/a9a0c5d7-4cce-4ef9-8f13-f8f047037fef/current/raft-meta.conf.tmp with options [CREATE, WRITE]: sun.nio.ch.FileChannelImpl@40467008
2023-12-13 16:21:10,732 [s1-server-thread3] DEBUG server.RaftServer$Division (RaftServerImpl.java:logAppendEntries(1504)) - s1@group-F8F047037FEF: receive appendEntries(s8, 1, (t:1, i:8), 8, false, commits:[s8:c8, s0:c7, s1:c7, s3:c8, s2:c-1], cId:12, entries: [(t:1, i:9), CONFIGURATIONENTRY(current:id: "s3"
address: "0.0.0.0:35783"
clientAddress: "0.0.0.0:35783"
adminAddress: "0.0.0.0:35783"
startupRole: FOLLOWER
,id: "s8"
address: "0.0.0.0:44341"
clientAddress: "0.0.0.0:44341"
adminAddress: "0.0.0.0:44341"
startupRole: FOLLOWER
,id: "s0"
address: "0.0.0.0:42169"
clientAddress: "0.0.0.0:42169"
adminAddress: "0.0.0.0:42169"
startupRole: FOLLOWER
,id: "s1"
address: "0.0.0.0:40607"
clientAddress: "0.0.0.0:40607"
adminAddress: "0.0.0.0:40607"
startupRole: FOLLOWER
,id: "s2"
address: "0.0.0.0:39939"
clientAddress: "0.0.0.0:39939"
adminAddress: "0.0.0.0:39939"
startupRole: FOLLOWER
, old:id: "s8"
address: "0.0.0.0:44341"
clientAddress: "0.0.0.0:44341"
adminAddress: "0.0.0.0:44341"
startupRole: FOLLOWER
,id: "s0"
address: "0.0.0.0:42169"
clientAddress: "0.0.0.0:42169"
adminAddress: "0.0.0.0:42169"
startupRole: FOLLOWER
,id: "s1"
address: "0.0.0.0:40607"
clientAddress: "0.0.0.0:40607"
adminAddress: "0.0.0.0:40607"
startupRole: FOLLOWER
)]
2023-12-13 16:21:10,732 [s0-server-thread2] DEBUG server.RaftServer$Division (RaftServerImpl.java:logAppendEntries(1504)) - s0@group-F8F047037FEF: receive appendEntries(s8, 1, (t:1, i:8), 8, false, commits:[s8:c8, s0:c7, s1:c7, s3:c8, s2:c-1], cId:15, entries: [(t:1, i:9), CONFIGURATIONENTRY(current:id: "s3"
address: "0.0.0.0:35783"
clientAddress: "0.0.0.0:35783"
adminAddress: "0.0.0.0:35783"
startupRole: FOLLOWER
,id: "s8"
address: "0.0.0.0:44341"
clientAddress: "0.0.0.0:44341"
adminAddress: "0.0.0.0:44341"
startupRole: FOLLOWER
,id: "s0"
address: "0.0.0.0:42169"
clientAddress: "0.0.0.0:42169"
adminAddress: "0.0.0.0:42169"
startupRole: FOLLOWER
,id: "s1"
address: "0.0.0.0:40607"
clientAddress: "0.0.0.0:40607"
adminAddress: "0.0.0.0:40607"
startupRole: FOLLOWER
,id: "s2"
address: "0.0.0.0:39939"
clientAddress: "0.0.0.0:39939"
adminAddress: "0.0.0.0:39939"
startupRole: FOLLOWER
, old:id: "s8"
address: "0.0.0.0:44341"
clientAddress: "0.0.0.0:44341"
adminAddress: "0.0.0.0:44341"
startupRole: FOLLOWER
,id: "s0"
address: "0.0.0.0:42169"
clientAddress: "0.0.0.0:42169"
adminAddress: "0.0.0.0:42169"
startupRole: FOLLOWER
,id: "s1"
address: "0.0.0.0:40607"
clientAddress: "0.0.0.0:40607"
adminAddress: "0.0.0.0:40607"
startupRole: FOLLOWER
)]
2023-12-13 16:21:10,732 [s3@group-F8F047037FEF-StateMachineUpdater] TRACE util.FileUtils (LogUtils.java:runAndLog(49)) - Successfully ran Atomic Files.move /home/runner/work/ratis/ratis/ratis-test/target/test/data/1e4ee837/MiniRaftClusterWithGrpc24096a27/s3/a9a0c5d7-4cce-4ef9-8f13-f8f047037fef/current/raft-meta.conf.tmp to /home/runner/work/ratis/ratis/ratis-test/target/test/data/1e4ee837/MiniRaftClusterWithGrpc24096a27/s3/a9a0c5d7-4cce-4ef9-8f13-f8f047037fef/current/raft-meta.conf with options [REPLACE_EXISTING]
2023-12-13 16:21:10,732 [s1-server-thread3] INFO  server.RaftServer$Division (ServerState.java:setRaftConf(382)) - s1@group-F8F047037FEF: set configuration 9: peers:[s3|0.0.0.0:35783, s8|0.0.0.0:44341, s0|0.0.0.0:42169, s1|0.0.0.0:40607, s2|0.0.0.0:39939]|listeners:[], old=peers:[s8|0.0.0.0:44341, s0|0.0.0.0:42169, s1|0.0.0.0:40607]|listeners:[]
2023-12-13 16:21:10,732 [s0-server-thread2] INFO  server.RaftServer$Division (ServerState.java:setRaftConf(382)) - s0@group-F8F047037FEF: set configuration 9: peers:[s3|0.0.0.0:35783, s8|0.0.0.0:44341, s0|0.0.0.0:42169, s1|0.0.0.0:40607, s2|0.0.0.0:39939]|listeners:[], old=peers:[s8|0.0.0.0:44341, s0|0.0.0.0:42169, s1|0.0.0.0:40607]|listeners:[]
2023-12-13 16:21:10,732 [s3@group-F8F047037FEF-StateMachineUpdater] TRACE util.FileUtils (LogUtils.java:supplyAndLog(69)) - Successfully supplied FileChannel.open /home/runner/work/ratis/ratis/ratis-test/target/test/data/1e4ee837/MiniRaftClusterWithGrpc24096a27/s3/a9a0c5d7-4cce-4ef9-8f13-f8f047037fef/current/raft-meta.conf.tmp with options [CREATE, WRITE]: sun.nio.ch.FileChannelImpl@4479fcd8
2023-12-13 16:21:10,733 [s2-server-thread1] DEBUG server.RaftServer$Division (RaftServerImpl.java:logAppendEntries(1504)) - s2@group-F8F047037FEF: succeeded to handle AppendEntries. Reply: s8<-s2#1:OK-t1,SUCCESS,nextIndex=9,followerCommit=8,matchIndex=8
2023-12-13 16:21:10,733 [s1-server-thread3] DEBUG server.RaftServer$Division (RaftServerImpl.java:logAppendEntries(1504)) - s1@group-F8F047037FEF: succeeded to handle AppendEntries. Reply: s8<-s1#12:OK-t1,SUCCESS,nextIndex=10,followerCommit=8,matchIndex=9
2023-12-13 16:21:10,733 [s2@group-F8F047037FEF-StateMachineUpdater] TRACE util.FileUtils (LogUtils.java:supplyAndLog(69)) - Successfully supplied FileChannel.open /home/runner/work/ratis/ratis/ratis-test/target/test/data/1e4ee837/MiniRaftClusterWithGrpc24096a27/s2/a9a0c5d7-4cce-4ef9-8f13-f8f047037fef/current/raft-meta.conf.tmp with options [CREATE, WRITE]: sun.nio.ch.FileChannelImpl@69f8b700
2023-12-13 16:21:10,733 [s2-server-thread2] DEBUG server.RaftServer$Division (RaftServerImpl.java:logAppendEntries(1504)) - s2@group-F8F047037FEF: receive appendEntries(s8, 1, (t:1, i:8), 8, false, commits:[s8:c8, s0:c7, s1:c7, s3:c8, s2:c-1], cId:4, entries: [(t:1, i:9), CONFIGURATIONENTRY(current:id: "s3"
address: "0.0.0.0:35783"
clientAddress: "0.0.0.0:35783"
adminAddress: "0.0.0.0:35783"
startupRole: FOLLOWER
,id: "s8"
address: "0.0.0.0:44341"
clientAddress: "0.0.0.0:44341"
adminAddress: "0.0.0.0:44341"
startupRole: FOLLOWER
,id: "s0"
address: "0.0.0.0:42169"
clientAddress: "0.0.0.0:42169"
adminAddress: "0.0.0.0:42169"
startupRole: FOLLOWER
,id: "s1"
address: "0.0.0.0:40607"
clientAddress: "0.0.0.0:40607"
adminAddress: "0.0.0.0:40607"
startupRole: FOLLOWER
,id: "s2"
address: "0.0.0.0:39939"
clientAddress: "0.0.0.0:39939"
adminAddress: "0.0.0.0:39939"
startupRole: FOLLOWER
, old:id: "s8"
address: "0.0.0.0:44341"
clientAddress: "0.0.0.0:44341"
adminAddress: "0.0.0.0:44341"
startupRole: FOLLOWER
,id: "s0"
address: "0.0.0.0:42169"
clientAddress: "0.0.0.0:42169"
adminAddress: "0.0.0.0:42169"
startupRole: FOLLOWER
,id: "s1"
address: "0.0.0.0:40607"
clientAddress: "0.0.0.0:40607"
adminAddress: "0.0.0.0:40607"
startupRole: FOLLOWER
)]
2023-12-13 16:21:10,734 [s2-server-thread2] INFO  impl.RoleInfo (RoleInfo.java:updateAndGet(139)) - s2: start s2@group-F8F047037FEF-FollowerState
2023-12-13 16:21:10,734 [s3-server-thread2] DEBUG server.RaftServer$Division (RaftServerImpl.java:logAppendEntries(1504)) - s3@group-F8F047037FEF: receive appendEntries(s8, 1, (t:1, i:8), 8, false, commits:[s8:c8, s0:c7, s1:c7, s3:c8, s2:c-1], cId:3, entries: [(t:1, i:9), CONFIGURATIONENTRY(current:id: "s3"
address: "0.0.0.0:35783"
clientAddress: "0.0.0.0:35783"
adminAddress: "0.0.0.0:35783"
startupRole: FOLLOWER
,id: "s8"
address: "0.0.0.0:44341"
clientAddress: "0.0.0.0:44341"
adminAddress: "0.0.0.0:44341"
startupRole: FOLLOWER
,id: "s0"
address: "0.0.0.0:42169"
clientAddress: "0.0.0.0:42169"
adminAddress: "0.0.0.0:42169"
startupRole: FOLLOWER
,id: "s1"
address: "0.0.0.0:40607"
clientAddress: "0.0.0.0:40607"
adminAddress: "0.0.0.0:40607"
startupRole: FOLLOWER
,id: "s2"
address: "0.0.0.0:39939"
clientAddress: "0.0.0.0:39939"
adminAddress: "0.0.0.0:39939"
startupRole: FOLLOWER
, old:id: "s8"
address: "0.0.0.0:44341"
clientAddress: "0.0.0.0:44341"
adminAddress: "0.0.0.0:44341"
startupRole: FOLLOWER
,id: "s0"
address: "0.0.0.0:42169"
clientAddress: "0.0.0.0:42169"
adminAddress: "0.0.0.0:42169"
startupRole: FOLLOWER
,id: "s1"
address: "0.0.0.0:40607"
clientAddress: "0.0.0.0:40607"
adminAddress: "0.0.0.0:40607"
startupRole: FOLLOWER
)]
2023-12-13 16:21:10,734 [s3-server-thread2] INFO  impl.RoleInfo (RoleInfo.java:updateAndGet(139)) - s3: start s3@group-F8F047037FEF-FollowerState
2023-12-13 16:21:10,734 [s2@group-F8F047037FEF-StateMachineUpdater] TRACE util.FileUtils (LogUtils.java:runAndLog(49)) - Successfully ran Atomic Files.move /home/runner/work/ratis/ratis/ratis-test/target/test/data/1e4ee837/MiniRaftClusterWithGrpc24096a27/s2/a9a0c5d7-4cce-4ef9-8f13-f8f047037fef/current/raft-meta.conf.tmp to /home/runner/work/ratis/ratis/ratis-test/target/test/data/1e4ee837/MiniRaftClusterWithGrpc24096a27/s2/a9a0c5d7-4cce-4ef9-8f13-f8f047037fef/current/raft-meta.conf with options [REPLACE_EXISTING]
2023-12-13 16:21:10,734 [s0-server-thread2] DEBUG server.RaftServer$Division (RaftServerImpl.java:logAppendEntries(1504)) - s0@group-F8F047037FEF: succeeded to handle AppendEntries. Reply: s8<-s0#15:OK-t1,SUCCESS,nextIndex=10,followerCommit=8,matchIndex=9
2023-12-13 16:21:10,734 [s3@group-F8F047037FEF-StateMachineUpdater] TRACE util.FileUtils (LogUtils.java:runAndLog(49)) - Successfully ran Atomic Files.move /home/runner/work/ratis/ratis/ratis-test/target/test/data/1e4ee837/MiniRaftClusterWithGrpc24096a27/s3/a9a0c5d7-4cce-4ef9-8f13-f8f047037fef/current/raft-meta.conf.tmp to /home/runner/work/ratis/ratis/ratis-test/target/test/data/1e4ee837/MiniRaftClusterWithGrpc24096a27/s3/a9a0c5d7-4cce-4ef9-8f13-f8f047037fef/current/raft-meta.conf with options [REPLACE_EXISTING]
2023-12-13 16:21:10,734 [s3@group-F8F047037FEF-StateMachineUpdater] TRACE util.FileUtils (LogUtils.java:supplyAndLog(69)) - Successfully supplied FileChannel.open /home/runner/work/ratis/ratis/ratis-test/target/test/data/1e4ee837/MiniRaftClusterWithGrpc24096a27/s3/a9a0c5d7-4cce-4ef9-8f13-f8f047037fef/current/raft-meta.conf.tmp with options [CREATE, WRITE]: sun.nio.ch.FileChannelImpl@17b7a33
2023-12-13 16:21:10,735 [s8@group-F8F047037FEF-LeaderStateImpl] INFO  server.RaftServer$Division (ServerState.java:setRaftConf(382)) - s8@group-F8F047037FEF: set configuration 11: peers:[s3|0.0.0.0:35783, s8|0.0.0.0:44341, s0|0.0.0.0:42169, s1|0.0.0.0:40607, s2|0.0.0.0:39939]|listeners:[], old=null
2023-12-13 16:21:10,735 [s8@group-F8F047037FEF-StateMachineUpdater] TRACE util.FileUtils (LogUtils.java:supplyAndLog(69)) - Successfully supplied FileChannel.open /home/runner/work/ratis/ratis/ratis-test/target/test/data/1e4ee837/MiniRaftClusterWithGrpc24096a27/s8/a9a0c5d7-4cce-4ef9-8f13-f8f047037fef/current/raft-meta.conf.tmp with options [CREATE, WRITE]: sun.nio.ch.FileChannelImpl@7c594b1a
2023-12-13 16:21:10,735 [s0-server-thread2] DEBUG server.RaftServer$Division (RaftServerImpl.java:logAppendEntries(1504)) - s0@group-F8F047037FEF: receive appendEntries(s8, 1, (t:1, i:9), 9, false, commits:[s8:c9, s0:c8, s1:c8, s3:c8, s2:c8], cId:18, entries: [(t:1, i:10), METADATAENTRY(c:9)]
2023-12-13 16:21:10,735 [s0-server-thread2] DEBUG server.RaftServer$Division (RaftServerImpl.java:logAppendEntries(1504)) - s0@group-F8F047037FEF: succeeded to handle AppendEntries. Reply: s8<-s0#18:OK-t1,SUCCESS,nextIndex=11,followerCommit=9,matchIndex=10
2023-12-13 16:21:10,736 [s0@group-F8F047037FEF-StateMachineUpdater] TRACE util.FileUtils (LogUtils.java:supplyAndLog(69)) - Successfully supplied FileChannel.open /home/runner/work/ratis/ratis/ratis-test/target/test/data/1e4ee837/MiniRaftClusterWithGrpc24096a27/s0/a9a0c5d7-4cce-4ef9-8f13-f8f047037fef/current/raft-meta.conf.tmp with options [CREATE, WRITE]: sun.nio.ch.FileChannelImpl@69ab90bb
2023-12-13 16:21:10,736 [s3@group-F8F047037FEF-StateMachineUpdater] TRACE util.FileUtils (LogUtils.java:runAndLog(49)) - Successfully ran Atomic Files.move /home/runner/work/ratis/ratis/ratis-test/target/test/data/1e4ee837/MiniRaftClusterWithGrpc24096a27/s3/a9a0c5d7-4cce-4ef9-8f13-f8f047037fef/current/raft-meta.conf.tmp to /home/runner/work/ratis/ratis/ratis-test/target/test/data/1e4ee837/MiniRaftClusterWithGrpc24096a27/s3/a9a0c5d7-4cce-4ef9-8f13-f8f047037fef/current/raft-meta.conf with options [REPLACE_EXISTING]
2023-12-13 16:21:10,736 [s3@group-F8F047037FEF-StateMachineUpdater] TRACE util.FileUtils (LogUtils.java:supplyAndLog(69)) - Successfully supplied FileChannel.open /home/runner/work/ratis/ratis/ratis-test/target/test/data/1e4ee837/MiniRaftClusterWithGrpc24096a27/s3/a9a0c5d7-4cce-4ef9-8f13-f8f047037fef/current/raft-meta.conf.tmp with options [CREATE, WRITE]: sun.nio.ch.FileChannelImpl@43859163
2023-12-13 16:21:10,736 [s1-server-thread3] DEBUG server.RaftServer$Division (RaftServerImpl.java:logAppendEntries(1504)) - s1@group-F8F047037FEF: receive appendEntries(s8, 1, (t:1, i:9), 9, false, commits:[s8:c9, s0:c8, s1:c8, s3:c8, s2:c8], cId:14, entries: [(t:1, i:10), METADATAENTRY(c:9), (t:1, i:11), CONFIGURATIONENTRY(current:id: "s3"
address: "0.0.0.0:35783"
clientAddress: "0.0.0.0:35783"
adminAddress: "0.0.0.0:35783"
startupRole: FOLLOWER
,id: "s8"
address: "0.0.0.0:44341"
clientAddress: "0.0.0.0:44341"
adminAddress: "0.0.0.0:44341"
startupRole: FOLLOWER
,id: "s0"
address: "0.0.0.0:42169"
clientAddress: "0.0.0.0:42169"
adminAddress: "0.0.0.0:42169"
startupRole: FOLLOWER
,id: "s1"
address: "0.0.0.0:40607"
clientAddress: "0.0.0.0:40607"
adminAddress: "0.0.0.0:40607"
startupRole: FOLLOWER
,id: "s2"
address: "0.0.0.0:39939"
clientAddress: "0.0.0.0:39939"
adminAddress: "0.0.0.0:39939"
startupRole: FOLLOWER
, old:)]
2023-12-13 16:21:10,736 [s1-server-thread3] INFO  server.RaftServer$Division (ServerState.java:setRaftConf(382)) - s1@group-F8F047037FEF: set configuration 11: peers:[s3|0.0.0.0:35783, s8|0.0.0.0:44341, s0|0.0.0.0:42169, s1|0.0.0.0:40607, s2|0.0.0.0:39939]|listeners:[], old=null
2023-12-13 16:21:10,737 [s0-server-thread2] DEBUG server.RaftServer$Division (RaftServerImpl.java:logAppendEntries(1504)) - s0@group-F8F047037FEF: receive appendEntries(s8, 1, (t:1, i:10), 9, false, commits:[s8:c9, s0:c8, s1:c8, s3:c8, s2:c8], cId:19, entries: [(t:1, i:11), CONFIGURATIONENTRY(current:id: "s3"
address: "0.0.0.0:35783"
clientAddress: "0.0.0.0:35783"
adminAddress: "0.0.0.0:35783"
startupRole: FOLLOWER
,id: "s8"
address: "0.0.0.0:44341"
clientAddress: "0.0.0.0:44341"
adminAddress: "0.0.0.0:44341"
startupRole: FOLLOWER
,id: "s0"
address: "0.0.0.0:42169"
clientAddress: "0.0.0.0:42169"
adminAddress: "0.0.0.0:42169"
startupRole: FOLLOWER
,id: "s1"
address: "0.0.0.0:40607"
clientAddress: "0.0.0.0:40607"
adminAddress: "0.0.0.0:40607"
startupRole: FOLLOWER
,id: "s2"
address: "0.0.0.0:39939"
clientAddress: "0.0.0.0:39939"
adminAddress: "0.0.0.0:39939"
startupRole: FOLLOWER
, old:)]
2023-12-13 16:21:10,737 [s1-server-thread3] DEBUG server.RaftServer$Division (RaftServerImpl.java:logAppendEntries(1504)) - s1@group-F8F047037FEF: succeeded to handle AppendEntries. Reply: s8<-s1#14:OK-t1,SUCCESS,nextIndex=12,followerCommit=9,matchIndex=11
2023-12-13 16:21:10,737 [s0-server-thread2] INFO  server.RaftServer$Division (ServerState.java:setRaftConf(382)) - s0@group-F8F047037FEF: set configuration 11: peers:[s3|0.0.0.0:35783, s8|0.0.0.0:44341, s0|0.0.0.0:42169, s1|0.0.0.0:40607, s2|0.0.0.0:39939]|listeners:[], old=null
2023-12-13 16:21:10,737 [s1@group-F8F047037FEF-StateMachineUpdater] TRACE util.FileUtils (LogUtils.java:supplyAndLog(69)) - Successfully supplied FileChannel.open /home/runner/work/ratis/ratis/ratis-test/target/test/data/1e4ee837/MiniRaftClusterWithGrpc24096a27/s1/a9a0c5d7-4cce-4ef9-8f13-f8f047037fef/current/raft-meta.conf.tmp with options [CREATE, WRITE]: sun.nio.ch.FileChannelImpl@426b46c7
2023-12-13 16:21:10,737 [s0-server-thread2] DEBUG server.RaftServer$Division (RaftServerImpl.java:logAppendEntries(1504)) - s0@group-F8F047037FEF: succeeded to handle AppendEntries. Reply: s8<-s0#19:OK-t1,SUCCESS,nextIndex=12,followerCommit=9,matchIndex=11
2023-12-13 16:21:10,738 [s3@group-F8F047037FEF-StateMachineUpdater] TRACE util.FileUtils (LogUtils.java:runAndLog(49)) - Successfully ran Atomic Files.move /home/runner/work/ratis/ratis/ratis-test/target/test/data/1e4ee837/MiniRaftClusterWithGrpc24096a27/s3/a9a0c5d7-4cce-4ef9-8f13-f8f047037fef/current/raft-meta.conf.tmp to /home/runner/work/ratis/ratis/ratis-test/target/test/data/1e4ee837/MiniRaftClusterWithGrpc24096a27/s3/a9a0c5d7-4cce-4ef9-8f13-f8f047037fef/current/raft-meta.conf with options [REPLACE_EXISTING]
2023-12-13 16:21:10,738 [s0@group-F8F047037FEF-StateMachineUpdater] TRACE util.FileUtils (LogUtils.java:runAndLog(49)) - Successfully ran Atomic Files.move /home/runner/work/ratis/ratis/ratis-test/target/test/data/1e4ee837/MiniRaftClusterWithGrpc24096a27/s0/a9a0c5d7-4cce-4ef9-8f13-f8f047037fef/current/raft-meta.conf.tmp to /home/runner/work/ratis/ratis/ratis-test/target/test/data/1e4ee837/MiniRaftClusterWithGrpc24096a27/s0/a9a0c5d7-4cce-4ef9-8f13-f8f047037fef/current/raft-meta.conf with options [REPLACE_EXISTING]
2023-12-13 16:21:10,739 [s2@group-F8F047037FEF-StateMachineUpdater] TRACE util.FileUtils (LogUtils.java:supplyAndLog(69)) - Successfully supplied FileChannel.open /home/runner/work/ratis/ratis/ratis-test/target/test/data/1e4ee837/MiniRaftClusterWithGrpc24096a27/s2/a9a0c5d7-4cce-4ef9-8f13-f8f047037fef/current/raft-meta.conf.tmp with options [CREATE, WRITE]: sun.nio.ch.FileChannelImpl@673f544f
2023-12-13 16:21:10,739 [s2@group-F8F047037FEF-StateMachineUpdater] TRACE util.FileUtils (LogUtils.java:runAndLog(49)) - Successfully ran Atomic Files.move /home/runner/work/ratis/ratis/ratis-test/target/test/data/1e4ee837/MiniRaftClusterWithGrpc24096a27/s2/a9a0c5d7-4cce-4ef9-8f13-f8f047037fef/current/raft-meta.conf.tmp to /home/runner/work/ratis/ratis/ratis-test/target/test/data/1e4ee837/MiniRaftClusterWithGrpc24096a27/s2/a9a0c5d7-4cce-4ef9-8f13-f8f047037fef/current/raft-meta.conf with options [REPLACE_EXISTING]
2023-12-13 16:21:10,739 [s2@group-F8F047037FEF-StateMachineUpdater] TRACE util.FileUtils (LogUtils.java:supplyAndLog(69)) - Successfully supplied FileChannel.open /home/runner/work/ratis/ratis/ratis-test/target/test/data/1e4ee837/MiniRaftClusterWithGrpc24096a27/s2/a9a0c5d7-4cce-4ef9-8f13-f8f047037fef/current/raft-meta.conf.tmp with options [CREATE, WRITE]: sun.nio.ch.FileChannelImpl@6300dc70
2023-12-13 16:21:10,740 [s2@group-F8F047037FEF-StateMachineUpdater] TRACE util.FileUtils (LogUtils.java:runAndLog(49)) - Successfully ran Atomic Files.move /home/runner/work/ratis/ratis/ratis-test/target/test/data/1e4ee837/MiniRaftClusterWithGrpc24096a27/s2/a9a0c5d7-4cce-4ef9-8f13-f8f047037fef/current/raft-meta.conf.tmp to /home/runner/work/ratis/ratis/ratis-test/target/test/data/1e4ee837/MiniRaftClusterWithGrpc24096a27/s2/a9a0c5d7-4cce-4ef9-8f13-f8f047037fef/current/raft-meta.conf with options [REPLACE_EXISTING]
2023-12-13 16:21:10,740 [s2@group-F8F047037FEF-StateMachineUpdater] TRACE util.FileUtils (LogUtils.java:supplyAndLog(69)) - Successfully supplied FileChannel.open /home/runner/work/ratis/ratis/ratis-test/target/test/data/1e4ee837/MiniRaftClusterWithGrpc24096a27/s2/a9a0c5d7-4cce-4ef9-8f13-f8f047037fef/current/raft-meta.conf.tmp with options [CREATE, WRITE]: sun.nio.ch.FileChannelImpl@26025e74
2023-12-13 16:21:10,741 [s2@group-F8F047037FEF-StateMachineUpdater] TRACE util.FileUtils (LogUtils.java:runAndLog(49)) - Successfully ran Atomic Files.move /home/runner/work/ratis/ratis/ratis-test/target/test/data/1e4ee837/MiniRaftClusterWithGrpc24096a27/s2/a9a0c5d7-4cce-4ef9-8f13-f8f047037fef/current/raft-meta.conf.tmp to /home/runner/work/ratis/ratis/ratis-test/target/test/data/1e4ee837/MiniRaftClusterWithGrpc24096a27/s2/a9a0c5d7-4cce-4ef9-8f13-f8f047037fef/current/raft-meta.conf with options [REPLACE_EXISTING]
2023-12-13 16:21:10,741 [s2@group-F8F047037FEF-StateMachineUpdater] TRACE util.FileUtils (LogUtils.java:supplyAndLog(69)) - Successfully supplied FileChannel.open /home/runner/work/ratis/ratis/ratis-test/target/test/data/1e4ee837/MiniRaftClusterWithGrpc24096a27/s2/a9a0c5d7-4cce-4ef9-8f13-f8f047037fef/current/raft-meta.conf.tmp with options [CREATE, WRITE]: sun.nio.ch.FileChannelImpl@a6ead03
2023-12-13 16:21:10,742 [s2@group-F8F047037FEF-StateMachineUpdater] TRACE util.FileUtils (LogUtils.java:runAndLog(49)) - Successfully ran Atomic Files.move /home/runner/work/ratis/ratis/ratis-test/target/test/data/1e4ee837/MiniRaftClusterWithGrpc24096a27/s2/a9a0c5d7-4cce-4ef9-8f13-f8f047037fef/current/raft-meta.conf.tmp to /home/runner/work/ratis/ratis/ratis-test/target/test/data/1e4ee837/MiniRaftClusterWithGrpc24096a27/s2/a9a0c5d7-4cce-4ef9-8f13-f8f047037fef/current/raft-meta.conf with options [REPLACE_EXISTING]
2023-12-13 16:21:10,742 [s3-server-thread2] INFO  server.RaftServer$Division (ServerState.java:setRaftConf(382)) - s3@group-F8F047037FEF: set configuration 9: peers:[s3|0.0.0.0:35783, s8|0.0.0.0:44341, s0|0.0.0.0:42169, s1|0.0.0.0:40607, s2|0.0.0.0:39939]|listeners:[], old=peers:[s8|0.0.0.0:44341, s0|0.0.0.0:42169, s1|0.0.0.0:40607]|listeners:[]
2023-12-13 16:21:10,743 [s1@group-F8F047037FEF-StateMachineUpdater] TRACE util.FileUtils (LogUtils.java:runAndLog(49)) - Successfully ran Atomic Files.move /home/runner/work/ratis/ratis/ratis-test/target/test/data/1e4ee837/MiniRaftClusterWithGrpc24096a27/s1/a9a0c5d7-4cce-4ef9-8f13-f8f047037fef/current/raft-meta.conf.tmp to /home/runner/work/ratis/ratis/ratis-test/target/test/data/1e4ee837/MiniRaftClusterWithGrpc24096a27/s1/a9a0c5d7-4cce-4ef9-8f13-f8f047037fef/current/raft-meta.conf with options [REPLACE_EXISTING]
2023-12-13 16:21:10,743 [s8@group-F8F047037FEF-StateMachineUpdater] TRACE util.FileUtils (LogUtils.java:runAndLog(49)) - Successfully ran Atomic Files.move /home/runner/work/ratis/ratis/ratis-test/target/test/data/1e4ee837/MiniRaftClusterWithGrpc24096a27/s8/a9a0c5d7-4cce-4ef9-8f13-f8f047037fef/current/raft-meta.conf.tmp to /home/runner/work/ratis/ratis/ratis-test/target/test/data/1e4ee837/MiniRaftClusterWithGrpc24096a27/s8/a9a0c5d7-4cce-4ef9-8f13-f8f047037fef/current/raft-meta.conf with options [REPLACE_EXISTING]
2023-12-13 16:21:10,743 [s3-server-thread2] DEBUG server.RaftServer$Division (RaftServerImpl.java:logAppendEntries(1504)) - s3@group-F8F047037FEF: succeeded to handle AppendEntries. Reply: s8<-s3#3:OK-t1,SUCCESS,nextIndex=10,followerCommit=8,matchIndex=9
2023-12-13 16:21:10,743 [s2-server-thread2] INFO  server.RaftServer$Division (ServerState.java:setRaftConf(382)) - s2@group-F8F047037FEF: set configuration 9: peers:[s3|0.0.0.0:35783, s8|0.0.0.0:44341, s0|0.0.0.0:42169, s1|0.0.0.0:40607, s2|0.0.0.0:39939]|listeners:[], old=peers:[s8|0.0.0.0:44341, s0|0.0.0.0:42169, s1|0.0.0.0:40607]|listeners:[]
2023-12-13 16:21:10,744 [s8@group-F8F047037FEF-StateMachineUpdater] TRACE util.FileUtils (LogUtils.java:supplyAndLog(69)) - Successfully supplied FileChannel.open /home/runner/work/ratis/ratis/ratis-test/target/test/data/1e4ee837/MiniRaftClusterWithGrpc24096a27/s8/a9a0c5d7-4cce-4ef9-8f13-f8f047037fef/current/raft-meta.conf.tmp with options [CREATE, WRITE]: sun.nio.ch.FileChannelImpl@11a800c5
2023-12-13 16:21:10,744 [s3-server-thread3] DEBUG server.RaftServer$Division (RaftServerImpl.java:logAppendEntries(1504)) - s3@group-F8F047037FEF: receive appendEntries(s8, 1, (t:1, i:9), 9, false, commits:[s8:c9, s0:c9, s1:c8, s3:c8, s2:c8], cId:4, entries: [(t:1, i:10), METADATAENTRY(c:9), (t:1, i:11), CONFIGURATIONENTRY(current:id: "s3"
address: "0.0.0.0:35783"
clientAddress: "0.0.0.0:35783"
adminAddress: "0.0.0.0:35783"
startupRole: FOLLOWER
,id: "s8"
address: "0.0.0.0:44341"
clientAddress: "0.0.0.0:44341"
adminAddress: "0.0.0.0:44341"
startupRole: FOLLOWER
,id: "s0"
address: "0.0.0.0:42169"
clientAddress: "0.0.0.0:42169"
adminAddress: "0.0.0.0:42169"
startupRole: FOLLOWER
,id: "s1"
address: "0.0.0.0:40607"
clientAddress: "0.0.0.0:40607"
adminAddress: "0.0.0.0:40607"
startupRole: FOLLOWER
,id: "s2"
address: "0.0.0.0:39939"
clientAddress: "0.0.0.0:39939"
adminAddress: "0.0.0.0:39939"
startupRole: FOLLOWER
, old:)]
2023-12-13 16:21:10,744 [Time-limited test] DEBUG client.RaftClient (RaftClientImpl.java:add(150)) - client-F91164B2CD9A: add replied callId 45
2023-12-13 16:21:10,745 [s1-server-thread3] DEBUG server.RaftServer$Division (RaftServerImpl.java:logAppendEntries(1504)) - s1@group-F8F047037FEF: receive appendEntries(s8, 1, (t:1, i:11), 11, false, commits:[s8:c11, s0:c9, s1:c9, s3:c8, s2:c8], cId:17, entries: [(t:1, i:12), METADATAENTRY(c:11)]
2023-12-13 16:21:10,746 [s3-server-thread3] INFO  server.RaftServer$Division (ServerState.java:setRaftConf(382)) - s3@group-F8F047037FEF: set configuration 11: peers:[s3|0.0.0.0:35783, s8|0.0.0.0:44341, s0|0.0.0.0:42169, s1|0.0.0.0:40607, s2|0.0.0.0:39939]|listeners:[], old=null
2023-12-13 16:21:10,746 [s0-server-thread2] DEBUG server.RaftServer$Division (RaftServerImpl.java:logAppendEntries(1504)) - s0@group-F8F047037FEF: receive appendEntries(s8, 1, (t:1, i:11), 11, false, commits:[s8:c11, s0:c9, s1:c9, s3:c8, s2:c8], cId:22, entries: [(t:1, i:12), METADATAENTRY(c:11)]
2023-12-13 16:21:10,746 [s1-server-thread3] DEBUG server.RaftServer$Division (RaftServerImpl.java:logAppendEntries(1504)) - s1@group-F8F047037FEF: succeeded to handle AppendEntries. Reply: s8<-s1#17:OK-t1,SUCCESS,nextIndex=13,followerCommit=11,matchIndex=12
2023-12-13 16:21:10,746 [s1@group-F8F047037FEF-StateMachineUpdater] TRACE util.FileUtils (LogUtils.java:supplyAndLog(69)) - Successfully supplied FileChannel.open /home/runner/work/ratis/ratis/ratis-test/target/test/data/1e4ee837/MiniRaftClusterWithGrpc24096a27/s1/a9a0c5d7-4cce-4ef9-8f13-f8f047037fef/current/raft-meta.conf.tmp with options [CREATE, WRITE]: sun.nio.ch.FileChannelImpl@7048f786
2023-12-13 16:21:10,746 [s3-server-thread3] DEBUG server.RaftServer$Division (RaftServerImpl.java:logAppendEntries(1504)) - s3@group-F8F047037FEF: receive appendEntries(s8, 1, (t:1, i:11), 11, false, commits:[s8:c11, s0:c9, s1:c9, s3:c8, s2:c8], cId:7, entries: [(t:1, i:12), METADATAENTRY(c:11)]
2023-12-13 16:21:10,747 [s8-server-thread1] INFO  server.RaftServer$Division (RaftServerImpl.java:setConfigurationAsync(1264)) - s8@group-F8F047037FEF: receive setConfiguration SetConfigurationRequest:client-F91164B2CD9A->s8@group-F8F047037FEF, cid=46, seq=null, RW, null, SET_UNCONDITIONALLY, servers:[s3|0.0.0.0:35783, s4|0.0.0.0:45543, s5|0.0.0.0:39205, s6|0.0.0.0:33523, s7|0.0.0.0:33769, s8|0.0.0.0:44341, s0|0.0.0.0:42169, s1|0.0.0.0:40607, s2|0.0.0.0:39939], listeners:[]
2023-12-13 16:21:10,747 [s8-server-thread1] INFO  server.RaftServer$Division (LeaderStateImpl.java:startSetConfiguration(488)) - s8@group-F8F047037FEF-LeaderStateImpl: startSetConfiguration SetConfigurationRequest:client-F91164B2CD9A->s8@group-F8F047037FEF, cid=46, seq=null, RW, null, SET_UNCONDITIONALLY, servers:[s3|0.0.0.0:35783, s4|0.0.0.0:45543, s5|0.0.0.0:39205, s6|0.0.0.0:33523, s7|0.0.0.0:33769, s8|0.0.0.0:44341, s0|0.0.0.0:42169, s1|0.0.0.0:40607, s2|0.0.0.0:39939], listeners:[]
2023-12-13 16:21:10,747 [s8-server-thread1] INFO  server.RaftServerConfigKeys (ConfUtils.java:logGet(46)) - raft.server.log.appender.snapshot.chunk.size.max = 16MB (=16777216) (default)
2023-12-13 16:21:10,747 [s8@group-F8F047037FEF-StateMachineUpdater] TRACE util.FileUtils (LogUtils.java:runAndLog(49)) - Successfully ran Atomic Files.move /home/runner/work/ratis/ratis/ratis-test/target/test/data/1e4ee837/MiniRaftClusterWithGrpc24096a27/s8/a9a0c5d7-4cce-4ef9-8f13-f8f047037fef/current/raft-meta.conf.tmp to /home/runner/work/ratis/ratis/ratis-test/target/test/data/1e4ee837/MiniRaftClusterWithGrpc24096a27/s8/a9a0c5d7-4cce-4ef9-8f13-f8f047037fef/current/raft-meta.conf with options [REPLACE_EXISTING]
2023-12-13 16:21:10,747 [s8-server-thread1] INFO  server.RaftServerConfigKeys (ConfUtils.java:logGet(46)) - raft.server.log.appender.buffer.byte-limit = 4MB (=4194304) (default)
2023-12-13 16:21:10,747 [s8-server-thread1] INFO  server.RaftServerConfigKeys (ConfUtils.java:logGet(46)) - raft.server.log.appender.buffer.element-limit = 0 (default)
2023-12-13 16:21:10,747 [s8-server-thread1] INFO  server.RaftServerConfigKeys (ConfUtils.java:logGet(46)) - raft.server.log.appender.wait-time.min = 1ms (default)
2023-12-13 16:21:10,747 [s8-server-thread1] INFO  grpc.GrpcConfigKeys (ConfUtils.java:logGet(46)) - raft.grpc.server.leader.outstanding.appends.max = 8 (default)
2023-12-13 16:21:10,747 [s8-server-thread1] INFO  server.RaftServerConfigKeys (ConfUtils.java:logGet(46)) - raft.server.rpc.request.timeout = 3000ms (default)
2023-12-13 16:21:10,747 [s8-server-thread1] INFO  grpc.GrpcConfigKeys (ConfUtils.java:logGet(46)) - raft.grpc.server.install_snapshot.request.element-limit = 8 (default)
2023-12-13 16:21:10,747 [s8-server-thread1] INFO  grpc.GrpcConfigKeys (ConfUtils.java:logGet(46)) - raft.grpc.server.install_snapshot.request.timeout = 3000ms (default)
2023-12-13 16:21:10,747 [s3@group-F8F047037FEF-StateMachineUpdater] TRACE util.FileUtils (LogUtils.java:supplyAndLog(69)) - Successfully supplied FileChannel.open /home/runner/work/ratis/ratis/ratis-test/target/test/data/1e4ee837/MiniRaftClusterWithGrpc24096a27/s3/a9a0c5d7-4cce-4ef9-8f13-f8f047037fef/current/raft-meta.conf.tmp with options [CREATE, WRITE]: sun.nio.ch.FileChannelImpl@30307f2b
2023-12-13 16:21:10,748 [s0-server-thread2] DEBUG server.RaftServer$Division (RaftServerImpl.java:logAppendEntries(1504)) - s0@group-F8F047037FEF: succeeded to handle AppendEntries. Reply: s8<-s0#22:OK-t1,SUCCESS,nextIndex=13,followerCommit=11,matchIndex=12
2023-12-13 16:21:10,748 [s2-server-thread2] DEBUG server.RaftServer$Division (RaftServerImpl.java:logAppendEntries(1504)) - s2@group-F8F047037FEF: receive appendEntries(s8, 1, (t:1, i:9), 9, false, commits:[s8:c9, s0:c8, s1:c8, s3:c8, s2:c8], cId:5, entries: [(t:1, i:10), METADATAENTRY(c:9), (t:1, i:11), CONFIGURATIONENTRY(current:id: "s3"
address: "0.0.0.0:35783"
clientAddress: "0.0.0.0:35783"
adminAddress: "0.0.0.0:35783"
startupRole: FOLLOWER
,id: "s8"
address: "0.0.0.0:44341"
clientAddress: "0.0.0.0:44341"
adminAddress: "0.0.0.0:44341"
startupRole: FOLLOWER
,id: "s0"
address: "0.0.0.0:42169"
clientAddress: "0.0.0.0:42169"
adminAddress: "0.0.0.0:42169"
startupRole: FOLLOWER
,id: "s1"
address: "0.0.0.0:40607"
clientAddress: "0.0.0.0:40607"
adminAddress: "0.0.0.0:40607"
startupRole: FOLLOWER
,id: "s2"
address: "0.0.0.0:39939"
clientAddress: "0.0.0.0:39939"
adminAddress: "0.0.0.0:39939"
startupRole: FOLLOWER
, old:)]
2023-12-13 16:21:10,748 [s0@group-F8F047037FEF-StateMachineUpdater] TRACE util.FileUtils (LogUtils.java:supplyAndLog(69)) - Successfully supplied FileChannel.open /home/runner/work/ratis/ratis/ratis-test/target/test/data/1e4ee837/MiniRaftClusterWithGrpc24096a27/s0/a9a0c5d7-4cce-4ef9-8f13-f8f047037fef/current/raft-meta.conf.tmp with options [CREATE, WRITE]: sun.nio.ch.FileChannelImpl@284bc738
2023-12-13 16:21:10,748 [s2-server-thread2] INFO  server.RaftServer$Division (ServerState.java:setRaftConf(382)) - s2@group-F8F047037FEF: set configuration 11: peers:[s3|0.0.0.0:35783, s8|0.0.0.0:44341, s0|0.0.0.0:42169, s1|0.0.0.0:40607, s2|0.0.0.0:39939]|listeners:[], old=null
2023-12-13 16:21:10,748 [s2-server-thread2] DEBUG server.RaftServer$Division (RaftServerImpl.java:logAppendEntries(1504)) - s2@group-F8F047037FEF: receive appendEntries(s8, 1, (t:1, i:11), 11, false, commits:[s8:c11, s0:c9, s1:c9, s3:c8, s2:c8], cId:7, entries: [(t:1, i:12), METADATAENTRY(c:11)]
2023-12-13 16:21:10,749 [s2-server-thread2] DEBUG server.RaftServer$Division (RaftServerImpl.java:logAppendEntries(1504)) - s2@group-F8F047037FEF: succeeded to handle AppendEntries. Reply: s8<-s2#4:OK-t1,SUCCESS,nextIndex=10,followerCommit=8,matchIndex=9
2023-12-13 16:21:10,747 [s3-server-thread2] DEBUG server.RaftServer$Division (RaftServerImpl.java:logAppendEntries(1504)) - s3@group-F8F047037FEF: succeeded to handle AppendEntries. Reply: s8<-s3#4:OK-t1,SUCCESS,nextIndex=12,followerCommit=9,matchIndex=11
2023-12-13 16:21:10,751 [s3-server-thread3] DEBUG server.RaftServer$Division (RaftServerImpl.java:logAppendEntries(1504)) - s3@group-F8F047037FEF: succeeded to handle AppendEntries. Reply: s8<-s3#7:OK-t1,SUCCESS,nextIndex=13,followerCommit=11,matchIndex=12
2023-12-13 16:21:10,751 [s2-server-thread2] DEBUG server.RaftServer$Division (RaftServerImpl.java:logAppendEntries(1504)) - s2@group-F8F047037FEF: succeeded to handle AppendEntries. Reply: s8<-s2#5:OK-t1,SUCCESS,nextIndex=12,followerCommit=9,matchIndex=11
2023-12-13 16:21:10,751 [s3@group-F8F047037FEF-StateMachineUpdater] TRACE util.FileUtils (LogUtils.java:runAndLog(49)) - Successfully ran Atomic Files.move /home/runner/work/ratis/ratis/ratis-test/target/test/data/1e4ee837/MiniRaftClusterWithGrpc24096a27/s3/a9a0c5d7-4cce-4ef9-8f13-f8f047037fef/current/raft-meta.conf.tmp to /home/runner/work/ratis/ratis/ratis-test/target/test/data/1e4ee837/MiniRaftClusterWithGrpc24096a27/s3/a9a0c5d7-4cce-4ef9-8f13-f8f047037fef/current/raft-meta.conf with options [REPLACE_EXISTING]
2023-12-13 16:21:10,751 [s2-server-thread1] DEBUG server.RaftServer$Division (RaftServerImpl.java:logAppendEntries(1504)) - s2@group-F8F047037FEF: succeeded to handle AppendEntries. Reply: s8<-s2#7:OK-t1,SUCCESS,nextIndex=13,followerCommit=11,matchIndex=12
2023-12-13 16:21:10,752 [s2@group-F8F047037FEF-StateMachineUpdater] TRACE util.FileUtils (LogUtils.java:supplyAndLog(69)) - Successfully supplied FileChannel.open /home/runner/work/ratis/ratis/ratis-test/target/test/data/1e4ee837/MiniRaftClusterWithGrpc24096a27/s2/a9a0c5d7-4cce-4ef9-8f13-f8f047037fef/current/raft-meta.conf.tmp with options [CREATE, WRITE]: sun.nio.ch.FileChannelImpl@176e1d2d
2023-12-13 16:21:10,752 [s1@group-F8F047037FEF-StateMachineUpdater] TRACE util.FileUtils (LogUtils.java:runAndLog(49)) - Successfully ran Atomic Files.move /home/runner/work/ratis/ratis/ratis-test/target/test/data/1e4ee837/MiniRaftClusterWithGrpc24096a27/s1/a9a0c5d7-4cce-4ef9-8f13-f8f047037fef/current/raft-meta.conf.tmp to /home/runner/work/ratis/ratis/ratis-test/target/test/data/1e4ee837/MiniRaftClusterWithGrpc24096a27/s1/a9a0c5d7-4cce-4ef9-8f13-f8f047037fef/current/raft-meta.conf with options [REPLACE_EXISTING]
2023-12-13 16:21:10,751 [s0@group-F8F047037FEF-StateMachineUpdater] TRACE util.FileUtils (LogUtils.java:runAndLog(49)) - Successfully ran Atomic Files.move /home/runner/work/ratis/ratis/ratis-test/target/test/data/1e4ee837/MiniRaftClusterWithGrpc24096a27/s0/a9a0c5d7-4cce-4ef9-8f13-f8f047037fef/current/raft-meta.conf.tmp to /home/runner/work/ratis/ratis/ratis-test/target/test/data/1e4ee837/MiniRaftClusterWithGrpc24096a27/s0/a9a0c5d7-4cce-4ef9-8f13-f8f047037fef/current/raft-meta.conf with options [REPLACE_EXISTING]
2023-12-13 16:21:10,747 [s8-server-thread1] INFO  server.RaftServerConfigKeys (ConfUtils.java:logGet(46)) - raft.server.log.appender.install.snapshot.enabled = true (default)
2023-12-13 16:21:10,753 [s8-server-thread1] INFO  grpc.GrpcConfigKeys (ConfUtils.java:logGet(46)) - raft.grpc.server.heartbeat.channel = true (default)
2023-12-13 16:21:10,753 [s8-server-thread1] INFO  server.RaftServerConfigKeys (ConfUtils.java:logGet(46)) - raft.server.log.appender.snapshot.chunk.size.max = 16MB (=16777216) (default)
2023-12-13 16:21:10,753 [s8-server-thread1] INFO  server.RaftServerConfigKeys (ConfUtils.java:logGet(46)) - raft.server.log.appender.buffer.byte-limit = 4MB (=4194304) (default)
2023-12-13 16:21:10,753 [s8-server-thread1] INFO  server.RaftServerConfigKeys (ConfUtils.java:logGet(46)) - raft.server.log.appender.buffer.element-limit = 0 (default)
2023-12-13 16:21:10,753 [s8-server-thread1] INFO  server.RaftServerConfigKeys (ConfUtils.java:logGet(46)) - raft.server.log.appender.wait-time.min = 1ms (default)
2023-12-13 16:21:10,753 [s8-server-thread1] INFO  grpc.GrpcConfigKeys (ConfUtils.java:logGet(46)) - raft.grpc.server.leader.outstanding.appends.max = 8 (default)
2023-12-13 16:21:10,753 [s8-server-thread1] INFO  server.RaftServerConfigKeys (ConfUtils.java:logGet(46)) - raft.server.rpc.request.timeout = 3000ms (default)
2023-12-13 16:21:10,753 [s8-server-thread1] INFO  grpc.GrpcConfigKeys (ConfUtils.java:logGet(46)) - raft.grpc.server.install_snapshot.request.element-limit = 8 (default)
2023-12-13 16:21:10,753 [s8-server-thread1] INFO  grpc.GrpcConfigKeys (ConfUtils.java:logGet(46)) - raft.grpc.server.install_snapshot.request.timeout = 3000ms (default)
2023-12-13 16:21:10,753 [s8-server-thread1] INFO  server.RaftServerConfigKeys (ConfUtils.java:logGet(46)) - raft.server.log.appender.install.snapshot.enabled = true (default)
2023-12-13 16:21:10,754 [s8-server-thread1] INFO  grpc.GrpcConfigKeys (ConfUtils.java:logGet(46)) - raft.grpc.server.heartbeat.channel = true (default)
2023-12-13 16:21:10,754 [s8-server-thread1] INFO  server.RaftServerConfigKeys (ConfUtils.java:logGet(46)) - raft.server.log.appender.snapshot.chunk.size.max = 16MB (=16777216) (default)
2023-12-13 16:21:10,754 [s8-server-thread1] INFO  server.RaftServerConfigKeys (ConfUtils.java:logGet(46)) - raft.server.log.appender.buffer.byte-limit = 4MB (=4194304) (default)
2023-12-13 16:21:10,754 [s8-server-thread1] INFO  server.RaftServerConfigKeys (ConfUtils.java:logGet(46)) - raft.server.log.appender.buffer.element-limit = 0 (default)
2023-12-13 16:21:10,754 [s8-server-thread1] INFO  server.RaftServerConfigKeys (ConfUtils.java:logGet(46)) - raft.server.log.appender.wait-time.min = 1ms (default)
2023-12-13 16:21:10,754 [s2@group-F8F047037FEF-StateMachineUpdater] TRACE util.FileUtils (LogUtils.java:runAndLog(49)) - Successfully ran Atomic Files.move /home/runner/work/ratis/ratis/ratis-test/target/test/data/1e4ee837/MiniRaftClusterWithGrpc24096a27/s2/a9a0c5d7-4cce-4ef9-8f13-f8f047037fef/current/raft-meta.conf.tmp to /home/runner/work/ratis/ratis/ratis-test/target/test/data/1e4ee837/MiniRaftClusterWithGrpc24096a27/s2/a9a0c5d7-4cce-4ef9-8f13-f8f047037fef/current/raft-meta.conf with options [REPLACE_EXISTING]
2023-12-13 16:21:10,754 [s8-server-thread1] INFO  grpc.GrpcConfigKeys (ConfUtils.java:logGet(46)) - raft.grpc.server.leader.outstanding.appends.max = 8 (default)
2023-12-13 16:21:10,754 [s8-server-thread1] INFO  server.RaftServerConfigKeys (ConfUtils.java:logGet(46)) - raft.server.rpc.request.timeout = 3000ms (default)
2023-12-13 16:21:10,754 [s8-server-thread1] INFO  grpc.GrpcConfigKeys (ConfUtils.java:logGet(46)) - raft.grpc.server.install_snapshot.request.element-limit = 8 (default)
2023-12-13 16:21:10,754 [s8-server-thread1] INFO  grpc.GrpcConfigKeys (ConfUtils.java:logGet(46)) - raft.grpc.server.install_snapshot.request.timeout = 3000ms (default)
2023-12-13 16:21:10,754 [s2@group-F8F047037FEF-StateMachineUpdater] TRACE util.FileUtils (LogUtils.java:supplyAndLog(69)) - Successfully supplied FileChannel.open /home/runner/work/ratis/ratis/ratis-test/target/test/data/1e4ee837/MiniRaftClusterWithGrpc24096a27/s2/a9a0c5d7-4cce-4ef9-8f13-f8f047037fef/current/raft-meta.conf.tmp with options [CREATE, WRITE]: sun.nio.ch.FileChannelImpl@72e8b0ec
2023-12-13 16:21:10,754 [s8-server-thread1] INFO  server.RaftServerConfigKeys (ConfUtils.java:logGet(46)) - raft.server.log.appender.install.snapshot.enabled = true (default)
2023-12-13 16:21:10,754 [s8-server-thread1] INFO  grpc.GrpcConfigKeys (ConfUtils.java:logGet(46)) - raft.grpc.server.heartbeat.channel = true (default)
2023-12-13 16:21:10,754 [s8-server-thread1] INFO  server.RaftServerConfigKeys (ConfUtils.java:logGet(46)) - raft.server.log.appender.snapshot.chunk.size.max = 16MB (=16777216) (default)
2023-12-13 16:21:10,754 [s8-server-thread1] INFO  server.RaftServerConfigKeys (ConfUtils.java:logGet(46)) - raft.server.log.appender.buffer.byte-limit = 4MB (=4194304) (default)
2023-12-13 16:21:10,754 [s8-server-thread1] INFO  server.RaftServerConfigKeys (ConfUtils.java:logGet(46)) - raft.server.log.appender.buffer.element-limit = 0 (default)
2023-12-13 16:21:10,754 [s8-server-thread1] INFO  server.RaftServerConfigKeys (ConfUtils.java:logGet(46)) - raft.server.log.appender.wait-time.min = 1ms (default)
2023-12-13 16:21:10,754 [s8-server-thread1] INFO  grpc.GrpcConfigKeys (ConfUtils.java:logGet(46)) - raft.grpc.server.leader.outstanding.appends.max = 8 (default)
2023-12-13 16:21:10,754 [s8-server-thread1] INFO  server.RaftServerConfigKeys (ConfUtils.java:logGet(46)) - raft.server.rpc.request.timeout = 3000ms (default)
2023-12-13 16:21:10,755 [s8-server-thread1] INFO  grpc.GrpcConfigKeys (ConfUtils.java:logGet(46)) - raft.grpc.server.install_snapshot.request.element-limit = 8 (default)
2023-12-13 16:21:10,755 [s8-server-thread1] INFO  grpc.GrpcConfigKeys (ConfUtils.java:logGet(46)) - raft.grpc.server.install_snapshot.request.timeout = 3000ms (default)
2023-12-13 16:21:10,755 [s8-server-thread1] INFO  server.RaftServerConfigKeys (ConfUtils.java:logGet(46)) - raft.server.log.appender.install.snapshot.enabled = true (default)
2023-12-13 16:21:10,755 [s8-server-thread1] INFO  grpc.GrpcConfigKeys (ConfUtils.java:logGet(46)) - raft.grpc.server.heartbeat.channel = true (default)
2023-12-13 16:21:10,753 [s3@group-F8F047037FEF-StateMachineUpdater] TRACE util.FileUtils (LogUtils.java:supplyAndLog(69)) - Successfully supplied FileChannel.open /home/runner/work/ratis/ratis/ratis-test/target/test/data/1e4ee837/MiniRaftClusterWithGrpc24096a27/s3/a9a0c5d7-4cce-4ef9-8f13-f8f047037fef/current/raft-meta.conf.tmp with options [CREATE, WRITE]: sun.nio.ch.FileChannelImpl@3b24cac9
2023-12-13 16:21:10,755 [s8@group-F8F047037FEF->s4-GrpcLogAppender-LogAppenderDaemon] INFO  leader.FollowerInfo (FollowerInfoImpl.java:setAttemptedToInstallSnapshot(154)) - Follower s8@group-F8F047037FEF->s4 acknowledged installing snapshot
2023-12-13 16:21:10,755 [s8@group-F8F047037FEF->s4-GrpcLogAppender-LogAppenderDaemon] INFO  server.GrpcServerProtocolClient (GrpcServerProtocolClient.java:<init>(65)) - Build channel for s4
2023-12-13 16:21:10,755 [s2@group-F8F047037FEF-StateMachineUpdater] TRACE util.FileUtils (LogUtils.java:runAndLog(49)) - Successfully ran Atomic Files.move /home/runner/work/ratis/ratis/ratis-test/target/test/data/1e4ee837/MiniRaftClusterWithGrpc24096a27/s2/a9a0c5d7-4cce-4ef9-8f13-f8f047037fef/current/raft-meta.conf.tmp to /home/runner/work/ratis/ratis/ratis-test/target/test/data/1e4ee837/MiniRaftClusterWithGrpc24096a27/s2/a9a0c5d7-4cce-4ef9-8f13-f8f047037fef/current/raft-meta.conf with options [REPLACE_EXISTING]
2023-12-13 16:21:10,756 [s3@group-F8F047037FEF-StateMachineUpdater] TRACE util.FileUtils (LogUtils.java:runAndLog(49)) - Successfully ran Atomic Files.move /home/runner/work/ratis/ratis/ratis-test/target/test/data/1e4ee837/MiniRaftClusterWithGrpc24096a27/s3/a9a0c5d7-4cce-4ef9-8f13-f8f047037fef/current/raft-meta.conf.tmp to /home/runner/work/ratis/ratis/ratis-test/target/test/data/1e4ee837/MiniRaftClusterWithGrpc24096a27/s3/a9a0c5d7-4cce-4ef9-8f13-f8f047037fef/current/raft-meta.conf with options [REPLACE_EXISTING]
2023-12-13 16:21:10,766 [s8@group-F8F047037FEF->s5-GrpcLogAppender-LogAppenderDaemon] INFO  leader.FollowerInfo (FollowerInfoImpl.java:setAttemptedToInstallSnapshot(154)) - Follower s8@group-F8F047037FEF->s5 acknowledged installing snapshot
2023-12-13 16:21:10,766 [s8@group-F8F047037FEF->s5-GrpcLogAppender-LogAppenderDaemon] INFO  server.GrpcServerProtocolClient (GrpcServerProtocolClient.java:<init>(65)) - Build channel for s5
2023-12-13 16:21:10,767 [s4-server-thread1] TRACE util.FileUtils (LogUtils.java:supplyAndLog(69)) - Successfully supplied FileChannel.open /home/runner/work/ratis/ratis/ratis-test/target/test/data/1e4ee837/MiniRaftClusterWithGrpc24096a27/s4/a9a0c5d7-4cce-4ef9-8f13-f8f047037fef/current/raft-meta.tmp with options [CREATE, WRITE]: sun.nio.ch.FileChannelImpl@69bb5585
2023-12-13 16:21:10,770 [s4-server-thread2] DEBUG server.RaftServer$Division (RaftServerImpl.java:logAppendEntries(1504)) - s4@group-F8F047037FEF: receive appendEntries(s8, 1, null, 11, true, commits:[s8:c11, s0:c11, s1:c11, s3:c11, s2:c11, s4:c-1, s5:c-1, s6:c-1, s7:c-1], cId:1, entries: [(t:1, i:0), CONFIGURATIONENTRY(current:id: "s8"
address: "0.0.0.0:44341"
clientAddress: "0.0.0.0:44341"
adminAddress: "0.0.0.0:44341"
startupRole: FOLLOWER
, old:), (t:1, i:1), CONFIGURATIONENTRY(current:id: "s8"
address: "0.0.0.0:44341"
clientAddress: "0.0.0.0:44341"
adminAddress: "0.0.0.0:44341"
startupRole: FOLLOWER
,id: "s0"
address: "0.0.0.0:42169"
clientAddress: "0.0.0.0:42169"
adminAddress: "0.0.0.0:42169"
startupRole: FOLLOWER
, old:id: "s8"
address: "0.0.0.0:44341"
clientAddress: "0.0.0.0:44341"
adminAddress: "0.0.0.0:44341"
startupRole: FOLLOWER
), (t:1, i:2), METADATAENTRY(c:1), (t:1, i:3), CONFIGURATIONENTRY(current:id: "s8"
address: "0.0.0.0:44341"
clientAddress: "0.0.0.0:44341"
adminAddress: "0.0.0.0:44341"
startupRole: FOLLOWER
,id: "s0"
address: "0.0.0.0:42169"
clientAddress: "0.0.0.0:42169"
adminAddress: "0.0.0.0:42169"
startupRole: FOLLOWER
, old:), (t:1, i:4), METADATAENTRY(c:3), (t:1, i:5), CONFIGURATIONENTRY(current:id: "s8"
address: "0.0.0.0:44341"
clientAddress: "0.0.0.0:44341"
adminAddress: "0.0.0.0:44341"
startupRole: FOLLOWER
,id: "s0"
address: "0.0.0.0:42169"
clientAddress: "0.0.0.0:42169"
adminAddress: "0.0.0.0:42169"
startupRole: FOLLOWER
,id: "s1"
address: "0.0.0.0:40607"
clientAddress: "0.0.0.0:40607"
adminAddress: "0.0.0.0:40607"
startupRole: FOLLOWER
, old:id: "s8"
address: "0.0.0.0:44341"
clientAddress: "0.0.0.0:44341"
adminAddress: "0.0.0.0:44341"
startupRole: FOLLOWER
,id: "s0"
address: "0.0.0.0:42169"
clientAddress: "0.0.0.0:42169"
adminAddress: "0.0.0.0:42169"
startupRole: FOLLOWER
), (t:1, i:6), METADATAENTRY(c:5), (t:1, i:7), CONFIGURATIONENTRY(current:id: "s8"
address: "0.0.0.0:44341"
clientAddress: "0.0.0.0:44341"
adminAddress: "0.0.0.0:44341"
startupRole: FOLLOWER
,id: "s0"
address: "0.0.0.0:42169"
clientAddress: "0.0.0.0:42169"
adminAddress: "0.0.0.0:42169"
startupRole: FOLLOWER
,id: "s1"
address: "0.0.0.0:40607"
clientAddress: "0.0.0.0:40607"
adminAddress: "0.0.0.0:40607"
startupRole: FOLLOWER
, old:), (t:1, i:8), METADATAENTRY(c:7), (t:1, i:9), CONFIGURATIONENTRY(current:id: "s3"
address: "0.0.0.0:35783"
clientAddress: "0.0.0.0:35783"
adminAddress: "0.0.0.0:35783"
startupRole: FOLLOWER
,id: "s8"
address: "0.0.0.0:44341"
clientAddress: "0.0.0.0:44341"
adminAddress: "0.0.0.0:44341"
startupRole: FOLLOWER
,id: "s0"
address: "0.0.0.0:42169"
clientAddress: "0.0.0.0:42169"
adminAddress: "0.0.0.0:42169"
startupRole: FOLLOWER
,id: "s1"
address: "0.0.0.0:40607"
clientAddress: "0.0.0.0:40607"
adminAddress: "0.0.0.0:40607"
startupRole: FOLLOWER
,id: "s2"
address: "0.0.0.0:39939"
clientAddress: "0.0.0.0:39939"
adminAddress: "0.0.0.0:39939"
startupRole: FOLLOWER
, old:id: "s8"
address: "0.0.0.0:44341"
clientAddress: "0.0.0.0:44341"
adminAddress: "0.0.0.0:44341"
startupRole: FOLLOWER
,id: "s0"
address: "0.0.0.0:42169"
clientAddress: "0.0.0.0:42169"
adminAddress: "0.0.0.0:42169"
startupRole: FOLLOWER
,id: "s1"
address: "0.0.0.0:40607"
clientAddress: "0.0.0.0:40607"
adminAddress: "0.0.0.0:40607"
startupRole: FOLLOWER
), (t:1, i:10), METADATAENTRY(c:9), (t:1, i:11), CONFIGURATIONENTRY(current:id: "s3"
address: "0.0.0.0:35783"
clientAddress: "0.0.0.0:35783"
adminAddress: "0.0.0.0:35783"
startupRole: FOLLOWER
,id: "s8"
address: "0.0.0.0:44341"
clientAddress: "0.0.0.0:44341"
adminAddress: "0.0.0.0:44341"
startupRole: FOLLOWER
,id: "s0"
address: "0.0.0.0:42169"
clientAddress: "0.0.0.0:42169"
adminAddress: "0.0.0.0:42169"
startupRole: FOLLOWER
,id: "s1"
address: "0.0.0.0:40607"
clientAddress: "0.0.0.0:40607"
adminAddress: "0.0.0.0:40607"
startupRole: FOLLOWER
,id: "s2"
address: "0.0.0.0:39939"
clientAddress: "0.0.0.0:39939"
adminAddress: "0.0.0.0:39939"
startupRole: FOLLOWER
, old:), (t:1, i:12), METADATAENTRY(c:11)]
2023-12-13 16:21:10,771 [s4-server-thread1] TRACE util.FileUtils (LogUtils.java:runAndLog(49)) - Successfully ran Atomic Files.move /home/runner/work/ratis/ratis/ratis-test/target/test/data/1e4ee837/MiniRaftClusterWithGrpc24096a27/s4/a9a0c5d7-4cce-4ef9-8f13-f8f047037fef/current/raft-meta.tmp to /home/runner/work/ratis/ratis/ratis-test/target/test/data/1e4ee837/MiniRaftClusterWithGrpc24096a27/s4/a9a0c5d7-4cce-4ef9-8f13-f8f047037fef/current/raft-meta with options [REPLACE_EXISTING]
2023-12-13 16:21:10,771 [s4-server-thread1] INFO  server.RaftServer$Division (RaftServerImpl.java:setFirstElection(564)) - s4@group-F8F047037FEF: set firstElectionSinceStartup to false for appendEntries
2023-12-13 16:21:10,771 [s4-server-thread1] INFO  server.RaftServer$Division (ServerState.java:setLeader(265)) - s4@group-F8F047037FEF: change Leader from null to s8 at term 1 for appendEntries, leader elected after 226ms
2023-12-13 16:21:10,773 [s8@group-F8F047037FEF->s6-GrpcLogAppender-LogAppenderDaemon] INFO  leader.FollowerInfo (FollowerInfoImpl.java:setAttemptedToInstallSnapshot(154)) - Follower s8@group-F8F047037FEF->s6 acknowledged installing snapshot
2023-12-13 16:21:10,778 [s4-server-thread2] INFO  server.RaftServer$Division (ServerState.java:setRaftConf(382)) - s4@group-F8F047037FEF: set configuration 0: peers:[s8|0.0.0.0:44341]|listeners:[], old=null
2023-12-13 16:21:10,779 [s8@group-F8F047037FEF->s7-GrpcLogAppender-LogAppenderDaemon] INFO  leader.FollowerInfo (FollowerInfoImpl.java:setAttemptedToInstallSnapshot(154)) - Follower s8@group-F8F047037FEF->s7 acknowledged installing snapshot
2023-12-13 16:21:10,779 [s8@group-F8F047037FEF->s7-GrpcLogAppender-LogAppenderDaemon] INFO  server.GrpcServerProtocolClient (GrpcServerProtocolClient.java:<init>(65)) - Build channel for s7
2023-12-13 16:21:10,779 [s4-server-thread2] INFO  server.RaftServer$Division (ServerState.java:setRaftConf(382)) - s4@group-F8F047037FEF: set configuration 1: peers:[s8|0.0.0.0:44341, s0|0.0.0.0:42169]|listeners:[], old=peers:[s8|0.0.0.0:44341]|listeners:[]
2023-12-13 16:21:10,779 [s4-server-thread2] INFO  server.RaftServer$Division (ServerState.java:setRaftConf(382)) - s4@group-F8F047037FEF: set configuration 3: peers:[s8|0.0.0.0:44341, s0|0.0.0.0:42169]|listeners:[], old=null
2023-12-13 16:21:10,779 [s4-server-thread2] INFO  server.RaftServer$Division (ServerState.java:setRaftConf(382)) - s4@group-F8F047037FEF: set configuration 5: peers:[s8|0.0.0.0:44341, s0|0.0.0.0:42169, s1|0.0.0.0:40607]|listeners:[], old=peers:[s8|0.0.0.0:44341, s0|0.0.0.0:42169]|listeners:[]
2023-12-13 16:21:10,779 [s4-server-thread2] INFO  server.RaftServer$Division (ServerState.java:setRaftConf(382)) - s4@group-F8F047037FEF: set configuration 7: peers:[s8|0.0.0.0:44341, s0|0.0.0.0:42169, s1|0.0.0.0:40607]|listeners:[], old=null
2023-12-13 16:21:10,779 [s4-server-thread2] INFO  server.RaftServer$Division (ServerState.java:setRaftConf(382)) - s4@group-F8F047037FEF: set configuration 9: peers:[s3|0.0.0.0:35783, s8|0.0.0.0:44341, s0|0.0.0.0:42169, s1|0.0.0.0:40607, s2|0.0.0.0:39939]|listeners:[], old=peers:[s8|0.0.0.0:44341, s0|0.0.0.0:42169, s1|0.0.0.0:40607]|listeners:[]
2023-12-13 16:21:10,780 [s4-server-thread2] INFO  server.RaftServer$Division (ServerState.java:setRaftConf(382)) - s4@group-F8F047037FEF: set configuration 11: peers:[s3|0.0.0.0:35783, s8|0.0.0.0:44341, s0|0.0.0.0:42169, s1|0.0.0.0:40607, s2|0.0.0.0:39939]|listeners:[], old=null
2023-12-13 16:21:10,780 [s4-server-thread2] INFO  segmented.SegmentedRaftLogWorker (SegmentedRaftLogWorker.java:startLogSegment(430)) - s4@group-F8F047037FEF-SegmentedRaftLogWorker: Starting segment from index:0
2023-12-13 16:21:10,780 [s4@group-F8F047037FEF-SegmentedRaftLogWorker] INFO  segmented.BufferedWriteChannel (BufferedWriteChannel.java:open(62)) - open log_inprogress_0 at position 0
2023-12-13 16:21:10,782 [s5-server-thread2] DEBUG server.RaftServer$Division (RaftServerImpl.java:logAppendEntries(1504)) - s5@group-F8F047037FEF: receive appendEntries(s8, 1, null, 11, true, commits:[s8:c11, s0:c11, s1:c11, s3:c11, s2:c11, s4:c-1, s5:c-1, s6:c-1, s7:c-1], cId:1, entries: [(t:1, i:0), CONFIGURATIONENTRY(current:id: "s8"
address: "0.0.0.0:44341"
clientAddress: "0.0.0.0:44341"
adminAddress: "0.0.0.0:44341"
startupRole: FOLLOWER
, old:), (t:1, i:1), CONFIGURATIONENTRY(current:id: "s8"
address: "0.0.0.0:44341"
clientAddress: "0.0.0.0:44341"
adminAddress: "0.0.0.0:44341"
startupRole: FOLLOWER
,id: "s0"
address: "0.0.0.0:42169"
clientAddress: "0.0.0.0:42169"
adminAddress: "0.0.0.0:42169"
startupRole: FOLLOWER
, old:id: "s8"
address: "0.0.0.0:44341"
clientAddress: "0.0.0.0:44341"
adminAddress: "0.0.0.0:44341"
startupRole: FOLLOWER
), (t:1, i:2), METADATAENTRY(c:1), (t:1, i:3), CONFIGURATIONENTRY(current:id: "s8"
address: "0.0.0.0:44341"
clientAddress: "0.0.0.0:44341"
adminAddress: "0.0.0.0:44341"
startupRole: FOLLOWER
,id: "s0"
address: "0.0.0.0:42169"
clientAddress: "0.0.0.0:42169"
adminAddress: "0.0.0.0:42169"
startupRole: FOLLOWER
, old:), (t:1, i:4), METADATAENTRY(c:3), (t:1, i:5), CONFIGURATIONENTRY(current:id: "s8"
address: "0.0.0.0:44341"
clientAddress: "0.0.0.0:44341"
adminAddress: "0.0.0.0:44341"
startupRole: FOLLOWER
,id: "s0"
address: "0.0.0.0:42169"
clientAddress: "0.0.0.0:42169"
adminAddress: "0.0.0.0:42169"
startupRole: FOLLOWER
,id: "s1"
address: "0.0.0.0:40607"
clientAddress: "0.0.0.0:40607"
adminAddress: "0.0.0.0:40607"
startupRole: FOLLOWER
, old:id: "s8"
address: "0.0.0.0:44341"
clientAddress: "0.0.0.0:44341"
adminAddress: "0.0.0.0:44341"
startupRole: FOLLOWER
,id: "s0"
address: "0.0.0.0:42169"
clientAddress: "0.0.0.0:42169"
adminAddress: "0.0.0.0:42169"
startupRole: FOLLOWER
), (t:1, i:6), METADATAENTRY(c:5), (t:1, i:7), CONFIGURATIONENTRY(current:id: "s8"
address: "0.0.0.0:44341"
clientAddress: "0.0.0.0:44341"
adminAddress: "0.0.0.0:44341"
startupRole: FOLLOWER
,id: "s0"
address: "0.0.0.0:42169"
clientAddress: "0.0.0.0:42169"
adminAddress: "0.0.0.0:42169"
startupRole: FOLLOWER
,id: "s1"
address: "0.0.0.0:40607"
clientAddress: "0.0.0.0:40607"
adminAddress: "0.0.0.0:40607"
startupRole: FOLLOWER
, old:), (t:1, i:8), METADATAENTRY(c:7), (t:1, i:9), CONFIGURATIONENTRY(current:id: "s3"
address: "0.0.0.0:35783"
clientAddress: "0.0.0.0:35783"
adminAddress: "0.0.0.0:35783"
startupRole: FOLLOWER
,id: "s8"
address: "0.0.0.0:44341"
clientAddress: "0.0.0.0:44341"
adminAddress: "0.0.0.0:44341"
startupRole: FOLLOWER
,id: "s0"
address: "0.0.0.0:42169"
clientAddress: "0.0.0.0:42169"
adminAddress: "0.0.0.0:42169"
startupRole: FOLLOWER
,id: "s1"
address: "0.0.0.0:40607"
clientAddress: "0.0.0.0:40607"
adminAddress: "0.0.0.0:40607"
startupRole: FOLLOWER
,id: "s2"
address: "0.0.0.0:39939"
clientAddress: "0.0.0.0:39939"
adminAddress: "0.0.0.0:39939"
startupRole: FOLLOWER
, old:id: "s8"
address: "0.0.0.0:44341"
clientAddress: "0.0.0.0:44341"
adminAddress: "0.0.0.0:44341"
startupRole: FOLLOWER
,id: "s0"
address: "0.0.0.0:42169"
clientAddress: "0.0.0.0:42169"
adminAddress: "0.0.0.0:42169"
startupRole: FOLLOWER
,id: "s1"
address: "0.0.0.0:40607"
clientAddress: "0.0.0.0:40607"
adminAddress: "0.0.0.0:40607"
startupRole: FOLLOWER
), (t:1, i:10), METADATAENTRY(c:9), (t:1, i:11), CONFIGURATIONENTRY(current:id: "s3"
address: "0.0.0.0:35783"
clientAddress: "0.0.0.0:35783"
adminAddress: "0.0.0.0:35783"
startupRole: FOLLOWER
,id: "s8"
address: "0.0.0.0:44341"
clientAddress: "0.0.0.0:44341"
adminAddress: "0.0.0.0:44341"
startupRole: FOLLOWER
,id: "s0"
address: "0.0.0.0:42169"
clientAddress: "0.0.0.0:42169"
adminAddress: "0.0.0.0:42169"
startupRole: FOLLOWER
,id: "s1"
address: "0.0.0.0:40607"
clientAddress: "0.0.0.0:40607"
adminAddress: "0.0.0.0:40607"
startupRole: FOLLOWER
,id: "s2"
address: "0.0.0.0:39939"
clientAddress: "0.0.0.0:39939"
adminAddress: "0.0.0.0:39939"
startupRole: FOLLOWER
, old:), (t:1, i:12), METADATAENTRY(c:11)]
2023-12-13 16:21:10,783 [s5-server-thread2] TRACE util.FileUtils (LogUtils.java:supplyAndLog(69)) - Successfully supplied FileChannel.open /home/runner/work/ratis/ratis/ratis-test/target/test/data/1e4ee837/MiniRaftClusterWithGrpc24096a27/s5/a9a0c5d7-4cce-4ef9-8f13-f8f047037fef/current/raft-meta.tmp with options [CREATE, WRITE]: sun.nio.ch.FileChannelImpl@29f0482f
2023-12-13 16:21:10,790 [s5-server-thread2] TRACE util.FileUtils (LogUtils.java:runAndLog(49)) - Successfully ran Atomic Files.move /home/runner/work/ratis/ratis/ratis-test/target/test/data/1e4ee837/MiniRaftClusterWithGrpc24096a27/s5/a9a0c5d7-4cce-4ef9-8f13-f8f047037fef/current/raft-meta.tmp to /home/runner/work/ratis/ratis/ratis-test/target/test/data/1e4ee837/MiniRaftClusterWithGrpc24096a27/s5/a9a0c5d7-4cce-4ef9-8f13-f8f047037fef/current/raft-meta with options [REPLACE_EXISTING]
2023-12-13 16:21:10,790 [s5-server-thread2] INFO  server.RaftServer$Division (RaftServerImpl.java:setFirstElection(564)) - s5@group-F8F047037FEF: set firstElectionSinceStartup to false for appendEntries
2023-12-13 16:21:10,790 [s5-server-thread2] INFO  server.RaftServer$Division (ServerState.java:setLeader(265)) - s5@group-F8F047037FEF: change Leader from null to s8 at term 1 for appendEntries, leader elected after 201ms
2023-12-13 16:21:10,790 [s5-server-thread2] INFO  server.RaftServer$Division (ServerState.java:setRaftConf(382)) - s5@group-F8F047037FEF: set configuration 0: peers:[s8|0.0.0.0:44341]|listeners:[], old=null
2023-12-13 16:21:10,790 [s5-server-thread2] INFO  server.RaftServer$Division (ServerState.java:setRaftConf(382)) - s5@group-F8F047037FEF: set configuration 1: peers:[s8|0.0.0.0:44341, s0|0.0.0.0:42169]|listeners:[], old=peers:[s8|0.0.0.0:44341]|listeners:[]
2023-12-13 16:21:10,790 [s5-server-thread2] INFO  server.RaftServer$Division (ServerState.java:setRaftConf(382)) - s5@group-F8F047037FEF: set configuration 3: peers:[s8|0.0.0.0:44341, s0|0.0.0.0:42169]|listeners:[], old=null
2023-12-13 16:21:10,791 [s5-server-thread2] INFO  server.RaftServer$Division (ServerState.java:setRaftConf(382)) - s5@group-F8F047037FEF: set configuration 5: peers:[s8|0.0.0.0:44341, s0|0.0.0.0:42169, s1|0.0.0.0:40607]|listeners:[], old=peers:[s8|0.0.0.0:44341, s0|0.0.0.0:42169]|listeners:[]
2023-12-13 16:21:10,791 [s5-server-thread2] INFO  server.RaftServer$Division (ServerState.java:setRaftConf(382)) - s5@group-F8F047037FEF: set configuration 7: peers:[s8|0.0.0.0:44341, s0|0.0.0.0:42169, s1|0.0.0.0:40607]|listeners:[], old=null
2023-12-13 16:21:10,791 [s5-server-thread2] INFO  server.RaftServer$Division (ServerState.java:setRaftConf(382)) - s5@group-F8F047037FEF: set configuration 9: peers:[s3|0.0.0.0:35783, s8|0.0.0.0:44341, s0|0.0.0.0:42169, s1|0.0.0.0:40607, s2|0.0.0.0:39939]|listeners:[], old=peers:[s8|0.0.0.0:44341, s0|0.0.0.0:42169, s1|0.0.0.0:40607]|listeners:[]
2023-12-13 16:21:10,791 [s5-server-thread2] INFO  server.RaftServer$Division (ServerState.java:setRaftConf(382)) - s5@group-F8F047037FEF: set configuration 11: peers:[s3|0.0.0.0:35783, s8|0.0.0.0:44341, s0|0.0.0.0:42169, s1|0.0.0.0:40607, s2|0.0.0.0:39939]|listeners:[], old=null
2023-12-13 16:21:10,791 [s5-server-thread2] INFO  segmented.SegmentedRaftLogWorker (SegmentedRaftLogWorker.java:startLogSegment(430)) - s5@group-F8F047037FEF-SegmentedRaftLogWorker: Starting segment from index:0
2023-12-13 16:21:10,791 [s5@group-F8F047037FEF-SegmentedRaftLogWorker] INFO  segmented.BufferedWriteChannel (BufferedWriteChannel.java:open(62)) - open log_inprogress_0 at position 0
2023-12-13 16:21:10,792 [s8@group-F8F047037FEF->s6-GrpcLogAppender-LogAppenderDaemon] INFO  server.GrpcServerProtocolClient (GrpcServerProtocolClient.java:<init>(65)) - Build channel for s6
2023-12-13 16:21:10,794 [s7-server-thread1] TRACE util.FileUtils (LogUtils.java:supplyAndLog(69)) - Successfully supplied FileChannel.open /home/runner/work/ratis/ratis/ratis-test/target/test/data/1e4ee837/MiniRaftClusterWithGrpc24096a27/s7/a9a0c5d7-4cce-4ef9-8f13-f8f047037fef/current/raft-meta.tmp with options [CREATE, WRITE]: sun.nio.ch.FileChannelImpl@79e6bd86
2023-12-13 16:21:10,796 [s7-server-thread1] TRACE util.FileUtils (LogUtils.java:runAndLog(49)) - Successfully ran Atomic Files.move /home/runner/work/ratis/ratis/ratis-test/target/test/data/1e4ee837/MiniRaftClusterWithGrpc24096a27/s7/a9a0c5d7-4cce-4ef9-8f13-f8f047037fef/current/raft-meta.tmp to /home/runner/work/ratis/ratis/ratis-test/target/test/data/1e4ee837/MiniRaftClusterWithGrpc24096a27/s7/a9a0c5d7-4cce-4ef9-8f13-f8f047037fef/current/raft-meta with options [REPLACE_EXISTING]
2023-12-13 16:21:10,796 [s7-server-thread1] INFO  server.RaftServer$Division (RaftServerImpl.java:setFirstElection(564)) - s7@group-F8F047037FEF: set firstElectionSinceStartup to false for appendEntries
2023-12-13 16:21:10,796 [s7-server-thread1] INFO  server.RaftServer$Division (ServerState.java:setLeader(265)) - s7@group-F8F047037FEF: change Leader from null to s8 at term 1 for appendEntries, leader elected after 179ms
2023-12-13 16:21:10,797 [s4@group-F8F047037FEF-SegmentedRaftLogWorker] INFO  segmented.SegmentedRaftLogWorker (SegmentedRaftLogWorker.java:execute(634)) - s4@group-F8F047037FEF-SegmentedRaftLogWorker: created new log segment /home/runner/work/ratis/ratis/ratis-test/target/test/data/1e4ee837/MiniRaftClusterWithGrpc24096a27/s4/a9a0c5d7-4cce-4ef9-8f13-f8f047037fef/current/log_inprogress_0
2023-12-13 16:21:10,799 [s7-server-thread2] DEBUG server.RaftServer$Division (RaftServerImpl.java:logAppendEntries(1504)) - s7@group-F8F047037FEF: receive appendEntries(s8, 1, null, 12, true, commits:[s8:c12, s0:c11, s1:c11, s3:c11, s2:c11, s4:c-1, s5:c-1, s6:c-1, s7:c-1], cId:1, entries: [(t:1, i:0), CONFIGURATIONENTRY(current:id: "s8"
address: "0.0.0.0:44341"
clientAddress: "0.0.0.0:44341"
adminAddress: "0.0.0.0:44341"
startupRole: FOLLOWER
, old:), (t:1, i:1), CONFIGURATIONENTRY(current:id: "s8"
address: "0.0.0.0:44341"
clientAddress: "0.0.0.0:44341"
adminAddress: "0.0.0.0:44341"
startupRole: FOLLOWER
,id: "s0"
address: "0.0.0.0:42169"
clientAddress: "0.0.0.0:42169"
adminAddress: "0.0.0.0:42169"
startupRole: FOLLOWER
, old:id: "s8"
address: "0.0.0.0:44341"
clientAddress: "0.0.0.0:44341"
adminAddress: "0.0.0.0:44341"
startupRole: FOLLOWER
), (t:1, i:2), METADATAENTRY(c:1), (t:1, i:3), CONFIGURATIONENTRY(current:id: "s8"
address: "0.0.0.0:44341"
clientAddress: "0.0.0.0:44341"
adminAddress: "0.0.0.0:44341"
startupRole: FOLLOWER
,id: "s0"
address: "0.0.0.0:42169"
clientAddress: "0.0.0.0:42169"
adminAddress: "0.0.0.0:42169"
startupRole: FOLLOWER
, old:), (t:1, i:4), METADATAENTRY(c:3), (t:1, i:5), CONFIGURATIONENTRY(current:id: "s8"
address: "0.0.0.0:44341"
clientAddress: "0.0.0.0:44341"
adminAddress: "0.0.0.0:44341"
startupRole: FOLLOWER
,id: "s0"
address: "0.0.0.0:42169"
clientAddress: "0.0.0.0:42169"
adminAddress: "0.0.0.0:42169"
startupRole: FOLLOWER
,id: "s1"
address: "0.0.0.0:40607"
clientAddress: "0.0.0.0:40607"
adminAddress: "0.0.0.0:40607"
startupRole: FOLLOWER
, old:id: "s8"
address: "0.0.0.0:44341"
clientAddress: "0.0.0.0:44341"
adminAddress: "0.0.0.0:44341"
startupRole: FOLLOWER
,id: "s0"
address: "0.0.0.0:42169"
clientAddress: "0.0.0.0:42169"
adminAddress: "0.0.0.0:42169"
startupRole: FOLLOWER
), (t:1, i:6), METADATAENTRY(c:5), (t:1, i:7), CONFIGURATIONENTRY(current:id: "s8"
address: "0.0.0.0:44341"
clientAddress: "0.0.0.0:44341"
adminAddress: "0.0.0.0:44341"
startupRole: FOLLOWER
,id: "s0"
address: "0.0.0.0:42169"
clientAddress: "0.0.0.0:42169"
adminAddress: "0.0.0.0:42169"
startupRole: FOLLOWER
,id: "s1"
address: "0.0.0.0:40607"
clientAddress: "0.0.0.0:40607"
adminAddress: "0.0.0.0:40607"
startupRole: FOLLOWER
, old:), (t:1, i:8), METADATAENTRY(c:7), (t:1, i:9), CONFIGURATIONENTRY(current:id: "s3"
address: "0.0.0.0:35783"
clientAddress: "0.0.0.0:35783"
adminAddress: "0.0.0.0:35783"
startupRole: FOLLOWER
,id: "s8"
address: "0.0.0.0:44341"
clientAddress: "0.0.0.0:44341"
adminAddress: "0.0.0.0:44341"
startupRole: FOLLOWER
,id: "s0"
address: "0.0.0.0:42169"
clientAddress: "0.0.0.0:42169"
adminAddress: "0.0.0.0:42169"
startupRole: FOLLOWER
,id: "s1"
address: "0.0.0.0:40607"
clientAddress: "0.0.0.0:40607"
adminAddress: "0.0.0.0:40607"
startupRole: FOLLOWER
,id: "s2"
address: "0.0.0.0:39939"
clientAddress: "0.0.0.0:39939"
adminAddress: "0.0.0.0:39939"
startupRole: FOLLOWER
, old:id: "s8"
address: "0.0.0.0:44341"
clientAddress: "0.0.0.0:44341"
adminAddress: "0.0.0.0:44341"
startupRole: FOLLOWER
,id: "s0"
address: "0.0.0.0:42169"
clientAddress: "0.0.0.0:42169"
adminAddress: "0.0.0.0:42169"
startupRole: FOLLOWER
,id: "s1"
address: "0.0.0.0:40607"
clientAddress: "0.0.0.0:40607"
adminAddress: "0.0.0.0:40607"
startupRole: FOLLOWER
), (t:1, i:10), METADATAENTRY(c:9), (t:1, i:11), CONFIGURATIONENTRY(current:id: "s3"
address: "0.0.0.0:35783"
clientAddress: "0.0.0.0:35783"
adminAddress: "0.0.0.0:35783"
startupRole: FOLLOWER
,id: "s8"
address: "0.0.0.0:44341"
clientAddress: "0.0.0.0:44341"
adminAddress: "0.0.0.0:44341"
startupRole: FOLLOWER
,id: "s0"
address: "0.0.0.0:42169"
clientAddress: "0.0.0.0:42169"
adminAddress: "0.0.0.0:42169"
startupRole: FOLLOWER
,id: "s1"
address: "0.0.0.0:40607"
clientAddress: "0.0.0.0:40607"
adminAddress: "0.0.0.0:40607"
startupRole: FOLLOWER
,id: "s2"
address: "0.0.0.0:39939"
clientAddress: "0.0.0.0:39939"
adminAddress: "0.0.0.0:39939"
startupRole: FOLLOWER
, old:), (t:1, i:12), METADATAENTRY(c:11)]
2023-12-13 16:21:10,800 [s4-server-thread1] DEBUG server.RaftServer$Division (RaftServerImpl.java:logAppendEntries(1504)) - s4@group-F8F047037FEF: succeeded to handle AppendEntries. Reply: s8<-s4#1:OK-t1,SUCCESS,nextIndex=13,followerCommit=11,matchIndex=12
2023-12-13 16:21:10,800 [s4@group-F8F047037FEF-StateMachineUpdater] TRACE util.FileUtils (LogUtils.java:supplyAndLog(69)) - Successfully supplied FileChannel.open /home/runner/work/ratis/ratis/ratis-test/target/test/data/1e4ee837/MiniRaftClusterWithGrpc24096a27/s4/a9a0c5d7-4cce-4ef9-8f13-f8f047037fef/current/raft-meta.conf.tmp with options [CREATE, WRITE]: sun.nio.ch.FileChannelImpl@238a3a18
2023-12-13 16:21:10,800 [s5@group-F8F047037FEF-SegmentedRaftLogWorker] INFO  segmented.SegmentedRaftLogWorker (SegmentedRaftLogWorker.java:execute(634)) - s5@group-F8F047037FEF-SegmentedRaftLogWorker: created new log segment /home/runner/work/ratis/ratis/ratis-test/target/test/data/1e4ee837/MiniRaftClusterWithGrpc24096a27/s5/a9a0c5d7-4cce-4ef9-8f13-f8f047037fef/current/log_inprogress_0
2023-12-13 16:21:10,800 [s4@group-F8F047037FEF-StateMachineUpdater] TRACE util.FileUtils (LogUtils.java:runAndLog(49)) - Successfully ran Atomic Files.move /home/runner/work/ratis/ratis/ratis-test/target/test/data/1e4ee837/MiniRaftClusterWithGrpc24096a27/s4/a9a0c5d7-4cce-4ef9-8f13-f8f047037fef/current/raft-meta.conf.tmp to /home/runner/work/ratis/ratis/ratis-test/target/test/data/1e4ee837/MiniRaftClusterWithGrpc24096a27/s4/a9a0c5d7-4cce-4ef9-8f13-f8f047037fef/current/raft-meta.conf with options [REPLACE_EXISTING]
2023-12-13 16:21:10,801 [s6-server-thread1] TRACE util.FileUtils (LogUtils.java:supplyAndLog(69)) - Successfully supplied FileChannel.open /home/runner/work/ratis/ratis/ratis-test/target/test/data/1e4ee837/MiniRaftClusterWithGrpc24096a27/s6/a9a0c5d7-4cce-4ef9-8f13-f8f047037fef/current/raft-meta.tmp with options [CREATE, WRITE]: sun.nio.ch.FileChannelImpl@20ce4c05
2023-12-13 16:21:10,801 [s4@group-F8F047037FEF-StateMachineUpdater] TRACE util.FileUtils (LogUtils.java:supplyAndLog(69)) - Successfully supplied FileChannel.open /home/runner/work/ratis/ratis/ratis-test/target/test/data/1e4ee837/MiniRaftClusterWithGrpc24096a27/s4/a9a0c5d7-4cce-4ef9-8f13-f8f047037fef/current/raft-meta.conf.tmp with options [CREATE, WRITE]: sun.nio.ch.FileChannelImpl@2d4dc019
2023-12-13 16:21:10,801 [s5-server-thread3] DEBUG server.RaftServer$Division (RaftServerImpl.java:logAppendEntries(1504)) - s5@group-F8F047037FEF: succeeded to handle AppendEntries. Reply: s8<-s5#1:OK-t0,SUCCESS,nextIndex=13,followerCommit=11,matchIndex=12
2023-12-13 16:21:10,801 [s5@group-F8F047037FEF-StateMachineUpdater] TRACE util.FileUtils (LogUtils.java:supplyAndLog(69)) - Successfully supplied FileChannel.open /home/runner/work/ratis/ratis/ratis-test/target/test/data/1e4ee837/MiniRaftClusterWithGrpc24096a27/s5/a9a0c5d7-4cce-4ef9-8f13-f8f047037fef/current/raft-meta.conf.tmp with options [CREATE, WRITE]: sun.nio.ch.FileChannelImpl@73bc7aa1
2023-12-13 16:21:10,802 [s7-server-thread2] INFO  server.RaftServer$Division (ServerState.java:setRaftConf(382)) - s7@group-F8F047037FEF: set configuration 0: peers:[s8|0.0.0.0:44341]|listeners:[], old=null
2023-12-13 16:21:10,802 [s7-server-thread2] INFO  server.RaftServer$Division (ServerState.java:setRaftConf(382)) - s7@group-F8F047037FEF: set configuration 1: peers:[s8|0.0.0.0:44341, s0|0.0.0.0:42169]|listeners:[], old=peers:[s8|0.0.0.0:44341]|listeners:[]
2023-12-13 16:21:10,802 [s7-server-thread2] INFO  server.RaftServer$Division (ServerState.java:setRaftConf(382)) - s7@group-F8F047037FEF: set configuration 3: peers:[s8|0.0.0.0:44341, s0|0.0.0.0:42169]|listeners:[], old=null
2023-12-13 16:21:10,802 [s7-server-thread2] INFO  server.RaftServer$Division (ServerState.java:setRaftConf(382)) - s7@group-F8F047037FEF: set configuration 5: peers:[s8|0.0.0.0:44341, s0|0.0.0.0:42169, s1|0.0.0.0:40607]|listeners:[], old=peers:[s8|0.0.0.0:44341, s0|0.0.0.0:42169]|listeners:[]
2023-12-13 16:21:10,802 [s7-server-thread2] INFO  server.RaftServer$Division (ServerState.java:setRaftConf(382)) - s7@group-F8F047037FEF: set configuration 7: peers:[s8|0.0.0.0:44341, s0|0.0.0.0:42169, s1|0.0.0.0:40607]|listeners:[], old=null
2023-12-13 16:21:10,802 [s7-server-thread2] INFO  server.RaftServer$Division (ServerState.java:setRaftConf(382)) - s7@group-F8F047037FEF: set configuration 9: peers:[s3|0.0.0.0:35783, s8|0.0.0.0:44341, s0|0.0.0.0:42169, s1|0.0.0.0:40607, s2|0.0.0.0:39939]|listeners:[], old=peers:[s8|0.0.0.0:44341, s0|0.0.0.0:42169, s1|0.0.0.0:40607]|listeners:[]
2023-12-13 16:21:10,802 [s7-server-thread2] INFO  server.RaftServer$Division (ServerState.java:setRaftConf(382)) - s7@group-F8F047037FEF: set configuration 11: peers:[s3|0.0.0.0:35783, s8|0.0.0.0:44341, s0|0.0.0.0:42169, s1|0.0.0.0:40607, s2|0.0.0.0:39939]|listeners:[], old=null
2023-12-13 16:21:10,802 [s7-server-thread2] INFO  segmented.SegmentedRaftLogWorker (SegmentedRaftLogWorker.java:startLogSegment(430)) - s7@group-F8F047037FEF-SegmentedRaftLogWorker: Starting segment from index:0
2023-12-13 16:21:10,802 [s5@group-F8F047037FEF-StateMachineUpdater] TRACE util.FileUtils (LogUtils.java:runAndLog(49)) - Successfully ran Atomic Files.move /home/runner/work/ratis/ratis/ratis-test/target/test/data/1e4ee837/MiniRaftClusterWithGrpc24096a27/s5/a9a0c5d7-4cce-4ef9-8f13-f8f047037fef/current/raft-meta.conf.tmp to /home/runner/work/ratis/ratis/ratis-test/target/test/data/1e4ee837/MiniRaftClusterWithGrpc24096a27/s5/a9a0c5d7-4cce-4ef9-8f13-f8f047037fef/current/raft-meta.conf with options [REPLACE_EXISTING]
2023-12-13 16:21:10,802 [s6-server-thread1] TRACE util.FileUtils (LogUtils.java:runAndLog(49)) - Successfully ran Atomic Files.move /home/runner/work/ratis/ratis/ratis-test/target/test/data/1e4ee837/MiniRaftClusterWithGrpc24096a27/s6/a9a0c5d7-4cce-4ef9-8f13-f8f047037fef/current/raft-meta.tmp to /home/runner/work/ratis/ratis/ratis-test/target/test/data/1e4ee837/MiniRaftClusterWithGrpc24096a27/s6/a9a0c5d7-4cce-4ef9-8f13-f8f047037fef/current/raft-meta with options [REPLACE_EXISTING]
2023-12-13 16:21:10,803 [s6-server-thread1] INFO  server.RaftServer$Division (RaftServerImpl.java:setFirstElection(564)) - s6@group-F8F047037FEF: set firstElectionSinceStartup to false for appendEntries
2023-12-13 16:21:10,803 [s6-server-thread1] INFO  server.RaftServer$Division (ServerState.java:setLeader(265)) - s6@group-F8F047037FEF: change Leader from null to s8 at term 1 for appendEntries, leader elected after 200ms
2023-12-13 16:21:10,803 [s4@group-F8F047037FEF-StateMachineUpdater] TRACE util.FileUtils (LogUtils.java:runAndLog(49)) - Successfully ran Atomic Files.move /home/runner/work/ratis/ratis/ratis-test/target/test/data/1e4ee837/MiniRaftClusterWithGrpc24096a27/s4/a9a0c5d7-4cce-4ef9-8f13-f8f047037fef/current/raft-meta.conf.tmp to /home/runner/work/ratis/ratis/ratis-test/target/test/data/1e4ee837/MiniRaftClusterWithGrpc24096a27/s4/a9a0c5d7-4cce-4ef9-8f13-f8f047037fef/current/raft-meta.conf with options [REPLACE_EXISTING]
2023-12-13 16:21:10,803 [s7@group-F8F047037FEF-SegmentedRaftLogWorker] INFO  segmented.BufferedWriteChannel (BufferedWriteChannel.java:open(62)) - open log_inprogress_0 at position 0
2023-12-13 16:21:10,803 [s4@group-F8F047037FEF-StateMachineUpdater] TRACE util.FileUtils (LogUtils.java:supplyAndLog(69)) - Successfully supplied FileChannel.open /home/runner/work/ratis/ratis/ratis-test/target/test/data/1e4ee837/MiniRaftClusterWithGrpc24096a27/s4/a9a0c5d7-4cce-4ef9-8f13-f8f047037fef/current/raft-meta.conf.tmp with options [CREATE, WRITE]: sun.nio.ch.FileChannelImpl@29725168
2023-12-13 16:21:10,806 [s5@group-F8F047037FEF-StateMachineUpdater] TRACE util.FileUtils (LogUtils.java:supplyAndLog(69)) - Successfully supplied FileChannel.open /home/runner/work/ratis/ratis/ratis-test/target/test/data/1e4ee837/MiniRaftClusterWithGrpc24096a27/s5/a9a0c5d7-4cce-4ef9-8f13-f8f047037fef/current/raft-meta.conf.tmp with options [CREATE, WRITE]: sun.nio.ch.FileChannelImpl@7d7b9aa6
2023-12-13 16:21:10,807 [s4@group-F8F047037FEF-StateMachineUpdater] TRACE util.FileUtils (LogUtils.java:runAndLog(49)) - Successfully ran Atomic Files.move /home/runner/work/ratis/ratis/ratis-test/target/test/data/1e4ee837/MiniRaftClusterWithGrpc24096a27/s4/a9a0c5d7-4cce-4ef9-8f13-f8f047037fef/current/raft-meta.conf.tmp to /home/runner/work/ratis/ratis/ratis-test/target/test/data/1e4ee837/MiniRaftClusterWithGrpc24096a27/s4/a9a0c5d7-4cce-4ef9-8f13-f8f047037fef/current/raft-meta.conf with options [REPLACE_EXISTING]
2023-12-13 16:21:10,807 [s4@group-F8F047037FEF-StateMachineUpdater] TRACE util.FileUtils (LogUtils.java:supplyAndLog(69)) - Successfully supplied FileChannel.open /home/runner/work/ratis/ratis/ratis-test/target/test/data/1e4ee837/MiniRaftClusterWithGrpc24096a27/s4/a9a0c5d7-4cce-4ef9-8f13-f8f047037fef/current/raft-meta.conf.tmp with options [CREATE, WRITE]: sun.nio.ch.FileChannelImpl@6c70ca22
2023-12-13 16:21:10,807 [s6-server-thread1] DEBUG server.RaftServer$Division (RaftServerImpl.java:logAppendEntries(1504)) - s6@group-F8F047037FEF: receive appendEntries(s8, 1, null, 12, true, commits:[s8:c12, s0:c11, s1:c11, s3:c11, s2:c11, s4:c11, s5:c-1, s6:c-1, s7:c-1], cId:1, entries: [(t:1, i:0), CONFIGURATIONENTRY(current:id: "s8"
address: "0.0.0.0:44341"
clientAddress: "0.0.0.0:44341"
adminAddress: "0.0.0.0:44341"
startupRole: FOLLOWER
, old:), (t:1, i:1), CONFIGURATIONENTRY(current:id: "s8"
address: "0.0.0.0:44341"
clientAddress: "0.0.0.0:44341"
adminAddress: "0.0.0.0:44341"
startupRole: FOLLOWER
,id: "s0"
address: "0.0.0.0:42169"
clientAddress: "0.0.0.0:42169"
adminAddress: "0.0.0.0:42169"
startupRole: FOLLOWER
, old:id: "s8"
address: "0.0.0.0:44341"
clientAddress: "0.0.0.0:44341"
adminAddress: "0.0.0.0:44341"
startupRole: FOLLOWER
), (t:1, i:2), METADATAENTRY(c:1), (t:1, i:3), CONFIGURATIONENTRY(current:id: "s8"
address: "0.0.0.0:44341"
clientAddress: "0.0.0.0:44341"
adminAddress: "0.0.0.0:44341"
startupRole: FOLLOWER
,id: "s0"
address: "0.0.0.0:42169"
clientAddress: "0.0.0.0:42169"
adminAddress: "0.0.0.0:42169"
startupRole: FOLLOWER
, old:), (t:1, i:4), METADATAENTRY(c:3), (t:1, i:5), CONFIGURATIONENTRY(current:id: "s8"
address: "0.0.0.0:44341"
clientAddress: "0.0.0.0:44341"
adminAddress: "0.0.0.0:44341"
startupRole: FOLLOWER
,id: "s0"
address: "0.0.0.0:42169"
clientAddress: "0.0.0.0:42169"
adminAddress: "0.0.0.0:42169"
startupRole: FOLLOWER
,id: "s1"
address: "0.0.0.0:40607"
clientAddress: "0.0.0.0:40607"
adminAddress: "0.0.0.0:40607"
startupRole: FOLLOWER
, old:id: "s8"
address: "0.0.0.0:44341"
clientAddress: "0.0.0.0:44341"
adminAddress: "0.0.0.0:44341"
startupRole: FOLLOWER
,id: "s0"
address: "0.0.0.0:42169"
clientAddress: "0.0.0.0:42169"
adminAddress: "0.0.0.0:42169"
startupRole: FOLLOWER
), (t:1, i:6), METADATAENTRY(c:5), (t:1, i:7), CONFIGURATIONENTRY(current:id: "s8"
address: "0.0.0.0:44341"
clientAddress: "0.0.0.0:44341"
adminAddress: "0.0.0.0:44341"
startupRole: FOLLOWER
,id: "s0"
address: "0.0.0.0:42169"
clientAddress: "0.0.0.0:42169"
adminAddress: "0.0.0.0:42169"
startupRole: FOLLOWER
,id: "s1"
address: "0.0.0.0:40607"
clientAddress: "0.0.0.0:40607"
adminAddress: "0.0.0.0:40607"
startupRole: FOLLOWER
, old:), (t:1, i:8), METADATAENTRY(c:7), (t:1, i:9), CONFIGURATIONENTRY(current:id: "s3"
address: "0.0.0.0:35783"
clientAddress: "0.0.0.0:35783"
adminAddress: "0.0.0.0:35783"
startupRole: FOLLOWER
,id: "s8"
address: "0.0.0.0:44341"
clientAddress: "0.0.0.0:44341"
adminAddress: "0.0.0.0:44341"
startupRole: FOLLOWER
,id: "s0"
address: "0.0.0.0:42169"
clientAddress: "0.0.0.0:42169"
adminAddress: "0.0.0.0:42169"
startupRole: FOLLOWER
,id: "s1"
address: "0.0.0.0:40607"
clientAddress: "0.0.0.0:40607"
adminAddress: "0.0.0.0:40607"
startupRole: FOLLOWER
,id: "s2"
address: "0.0.0.0:39939"
clientAddress: "0.0.0.0:39939"
adminAddress: "0.0.0.0:39939"
startupRole: FOLLOWER
, old:id: "s8"
address: "0.0.0.0:44341"
clientAddress: "0.0.0.0:44341"
adminAddress: "0.0.0.0:44341"
startupRole: FOLLOWER
,id: "s0"
address: "0.0.0.0:42169"
clientAddress: "0.0.0.0:42169"
adminAddress: "0.0.0.0:42169"
startupRole: FOLLOWER
,id: "s1"
address: "0.0.0.0:40607"
clientAddress: "0.0.0.0:40607"
adminAddress: "0.0.0.0:40607"
startupRole: FOLLOWER
), (t:1, i:10), METADATAENTRY(c:9), (t:1, i:11), CONFIGURATIONENTRY(current:id: "s3"
address: "0.0.0.0:35783"
clientAddress: "0.0.0.0:35783"
adminAddress: "0.0.0.0:35783"
startupRole: FOLLOWER
,id: "s8"
address: "0.0.0.0:44341"
clientAddress: "0.0.0.0:44341"
adminAddress: "0.0.0.0:44341"
startupRole: FOLLOWER
,id: "s0"
address: "0.0.0.0:42169"
clientAddress: "0.0.0.0:42169"
adminAddress: "0.0.0.0:42169"
startupRole: FOLLOWER
,id: "s1"
address: "0.0.0.0:40607"
clientAddress: "0.0.0.0:40607"
adminAddress: "0.0.0.0:40607"
startupRole: FOLLOWER
,id: "s2"
address: "0.0.0.0:39939"
clientAddress: "0.0.0.0:39939"
adminAddress: "0.0.0.0:39939"
startupRole: FOLLOWER
, old:), (t:1, i:12), METADATAENTRY(c:11)]
2023-12-13 16:21:10,808 [s6-server-thread1] INFO  server.RaftServer$Division (ServerState.java:setRaftConf(382)) - s6@group-F8F047037FEF: set configuration 0: peers:[s8|0.0.0.0:44341]|listeners:[], old=null
2023-12-13 16:21:10,808 [s4@group-F8F047037FEF-StateMachineUpdater] TRACE util.FileUtils (LogUtils.java:runAndLog(49)) - Successfully ran Atomic Files.move /home/runner/work/ratis/ratis/ratis-test/target/test/data/1e4ee837/MiniRaftClusterWithGrpc24096a27/s4/a9a0c5d7-4cce-4ef9-8f13-f8f047037fef/current/raft-meta.conf.tmp to /home/runner/work/ratis/ratis/ratis-test/target/test/data/1e4ee837/MiniRaftClusterWithGrpc24096a27/s4/a9a0c5d7-4cce-4ef9-8f13-f8f047037fef/current/raft-meta.conf with options [REPLACE_EXISTING]
2023-12-13 16:21:10,809 [s4@group-F8F047037FEF-StateMachineUpdater] TRACE util.FileUtils (LogUtils.java:supplyAndLog(69)) - Successfully supplied FileChannel.open /home/runner/work/ratis/ratis/ratis-test/target/test/data/1e4ee837/MiniRaftClusterWithGrpc24096a27/s4/a9a0c5d7-4cce-4ef9-8f13-f8f047037fef/current/raft-meta.conf.tmp with options [CREATE, WRITE]: sun.nio.ch.FileChannelImpl@1e58774e
2023-12-13 16:21:10,809 [s5@group-F8F047037FEF-StateMachineUpdater] TRACE util.FileUtils (LogUtils.java:runAndLog(49)) - Successfully ran Atomic Files.move /home/runner/work/ratis/ratis/ratis-test/target/test/data/1e4ee837/MiniRaftClusterWithGrpc24096a27/s5/a9a0c5d7-4cce-4ef9-8f13-f8f047037fef/current/raft-meta.conf.tmp to /home/runner/work/ratis/ratis/ratis-test/target/test/data/1e4ee837/MiniRaftClusterWithGrpc24096a27/s5/a9a0c5d7-4cce-4ef9-8f13-f8f047037fef/current/raft-meta.conf with options [REPLACE_EXISTING]
2023-12-13 16:21:10,809 [s5@group-F8F047037FEF-StateMachineUpdater] TRACE util.FileUtils (LogUtils.java:supplyAndLog(69)) - Successfully supplied FileChannel.open /home/runner/work/ratis/ratis/ratis-test/target/test/data/1e4ee837/MiniRaftClusterWithGrpc24096a27/s5/a9a0c5d7-4cce-4ef9-8f13-f8f047037fef/current/raft-meta.conf.tmp with options [CREATE, WRITE]: sun.nio.ch.FileChannelImpl@794411d1
2023-12-13 16:21:10,809 [s6-server-thread1] INFO  server.RaftServer$Division (ServerState.java:setRaftConf(382)) - s6@group-F8F047037FEF: set configuration 1: peers:[s8|0.0.0.0:44341, s0|0.0.0.0:42169]|listeners:[], old=peers:[s8|0.0.0.0:44341]|listeners:[]
2023-12-13 16:21:10,809 [s6-server-thread1] INFO  server.RaftServer$Division (ServerState.java:setRaftConf(382)) - s6@group-F8F047037FEF: set configuration 3: peers:[s8|0.0.0.0:44341, s0|0.0.0.0:42169]|listeners:[], old=null
2023-12-13 16:21:10,809 [s6-server-thread1] INFO  server.RaftServer$Division (ServerState.java:setRaftConf(382)) - s6@group-F8F047037FEF: set configuration 5: peers:[s8|0.0.0.0:44341, s0|0.0.0.0:42169, s1|0.0.0.0:40607]|listeners:[], old=peers:[s8|0.0.0.0:44341, s0|0.0.0.0:42169]|listeners:[]
2023-12-13 16:21:10,809 [s6-server-thread1] INFO  server.RaftServer$Division (ServerState.java:setRaftConf(382)) - s6@group-F8F047037FEF: set configuration 7: peers:[s8|0.0.0.0:44341, s0|0.0.0.0:42169, s1|0.0.0.0:40607]|listeners:[], old=null
2023-12-13 16:21:10,809 [s6-server-thread1] INFO  server.RaftServer$Division (ServerState.java:setRaftConf(382)) - s6@group-F8F047037FEF: set configuration 9: peers:[s3|0.0.0.0:35783, s8|0.0.0.0:44341, s0|0.0.0.0:42169, s1|0.0.0.0:40607, s2|0.0.0.0:39939]|listeners:[], old=peers:[s8|0.0.0.0:44341, s0|0.0.0.0:42169, s1|0.0.0.0:40607]|listeners:[]
2023-12-13 16:21:10,809 [s6-server-thread1] INFO  server.RaftServer$Division (ServerState.java:setRaftConf(382)) - s6@group-F8F047037FEF: set configuration 11: peers:[s3|0.0.0.0:35783, s8|0.0.0.0:44341, s0|0.0.0.0:42169, s1|0.0.0.0:40607, s2|0.0.0.0:39939]|listeners:[], old=null
2023-12-13 16:21:10,809 [s6-server-thread1] INFO  segmented.SegmentedRaftLogWorker (SegmentedRaftLogWorker.java:startLogSegment(430)) - s6@group-F8F047037FEF-SegmentedRaftLogWorker: Starting segment from index:0
2023-12-13 16:21:10,809 [s4@group-F8F047037FEF-StateMachineUpdater] TRACE util.FileUtils (LogUtils.java:runAndLog(49)) - Successfully ran Atomic Files.move /home/runner/work/ratis/ratis/ratis-test/target/test/data/1e4ee837/MiniRaftClusterWithGrpc24096a27/s4/a9a0c5d7-4cce-4ef9-8f13-f8f047037fef/current/raft-meta.conf.tmp to /home/runner/work/ratis/ratis/ratis-test/target/test/data/1e4ee837/MiniRaftClusterWithGrpc24096a27/s4/a9a0c5d7-4cce-4ef9-8f13-f8f047037fef/current/raft-meta.conf with options [REPLACE_EXISTING]
2023-12-13 16:21:10,810 [s6@group-F8F047037FEF-SegmentedRaftLogWorker] INFO  segmented.BufferedWriteChannel (BufferedWriteChannel.java:open(62)) - open log_inprogress_0 at position 0
2023-12-13 16:21:10,810 [s4@group-F8F047037FEF-StateMachineUpdater] TRACE util.FileUtils (LogUtils.java:supplyAndLog(69)) - Successfully supplied FileChannel.open /home/runner/work/ratis/ratis/ratis-test/target/test/data/1e4ee837/MiniRaftClusterWithGrpc24096a27/s4/a9a0c5d7-4cce-4ef9-8f13-f8f047037fef/current/raft-meta.conf.tmp with options [CREATE, WRITE]: sun.nio.ch.FileChannelImpl@5dd62194
2023-12-13 16:21:10,812 [s4@group-F8F047037FEF-StateMachineUpdater] TRACE util.FileUtils (LogUtils.java:runAndLog(49)) - Successfully ran Atomic Files.move /home/runner/work/ratis/ratis/ratis-test/target/test/data/1e4ee837/MiniRaftClusterWithGrpc24096a27/s4/a9a0c5d7-4cce-4ef9-8f13-f8f047037fef/current/raft-meta.conf.tmp to /home/runner/work/ratis/ratis/ratis-test/target/test/data/1e4ee837/MiniRaftClusterWithGrpc24096a27/s4/a9a0c5d7-4cce-4ef9-8f13-f8f047037fef/current/raft-meta.conf with options [REPLACE_EXISTING]
2023-12-13 16:21:10,812 [s5@group-F8F047037FEF-StateMachineUpdater] TRACE util.FileUtils (LogUtils.java:runAndLog(49)) - Successfully ran Atomic Files.move /home/runner/work/ratis/ratis/ratis-test/target/test/data/1e4ee837/MiniRaftClusterWithGrpc24096a27/s5/a9a0c5d7-4cce-4ef9-8f13-f8f047037fef/current/raft-meta.conf.tmp to /home/runner/work/ratis/ratis/ratis-test/target/test/data/1e4ee837/MiniRaftClusterWithGrpc24096a27/s5/a9a0c5d7-4cce-4ef9-8f13-f8f047037fef/current/raft-meta.conf with options [REPLACE_EXISTING]
2023-12-13 16:21:10,812 [s4@group-F8F047037FEF-StateMachineUpdater] TRACE util.FileUtils (LogUtils.java:supplyAndLog(69)) - Successfully supplied FileChannel.open /home/runner/work/ratis/ratis/ratis-test/target/test/data/1e4ee837/MiniRaftClusterWithGrpc24096a27/s4/a9a0c5d7-4cce-4ef9-8f13-f8f047037fef/current/raft-meta.conf.tmp with options [CREATE, WRITE]: sun.nio.ch.FileChannelImpl@6614c257
2023-12-13 16:21:10,812 [s5@group-F8F047037FEF-StateMachineUpdater] TRACE util.FileUtils (LogUtils.java:supplyAndLog(69)) - Successfully supplied FileChannel.open /home/runner/work/ratis/ratis/ratis-test/target/test/data/1e4ee837/MiniRaftClusterWithGrpc24096a27/s5/a9a0c5d7-4cce-4ef9-8f13-f8f047037fef/current/raft-meta.conf.tmp with options [CREATE, WRITE]: sun.nio.ch.FileChannelImpl@3c46909d
2023-12-13 16:21:10,814 [s4@group-F8F047037FEF-StateMachineUpdater] TRACE util.FileUtils (LogUtils.java:runAndLog(49)) - Successfully ran Atomic Files.move /home/runner/work/ratis/ratis/ratis-test/target/test/data/1e4ee837/MiniRaftClusterWithGrpc24096a27/s4/a9a0c5d7-4cce-4ef9-8f13-f8f047037fef/current/raft-meta.conf.tmp to /home/runner/work/ratis/ratis/ratis-test/target/test/data/1e4ee837/MiniRaftClusterWithGrpc24096a27/s4/a9a0c5d7-4cce-4ef9-8f13-f8f047037fef/current/raft-meta.conf with options [REPLACE_EXISTING]
2023-12-13 16:21:10,814 [s5@group-F8F047037FEF-StateMachineUpdater] TRACE util.FileUtils (LogUtils.java:runAndLog(49)) - Successfully ran Atomic Files.move /home/runner/work/ratis/ratis/ratis-test/target/test/data/1e4ee837/MiniRaftClusterWithGrpc24096a27/s5/a9a0c5d7-4cce-4ef9-8f13-f8f047037fef/current/raft-meta.conf.tmp to /home/runner/work/ratis/ratis/ratis-test/target/test/data/1e4ee837/MiniRaftClusterWithGrpc24096a27/s5/a9a0c5d7-4cce-4ef9-8f13-f8f047037fef/current/raft-meta.conf with options [REPLACE_EXISTING]
2023-12-13 16:21:10,815 [s5@group-F8F047037FEF-StateMachineUpdater] TRACE util.FileUtils (LogUtils.java:supplyAndLog(69)) - Successfully supplied FileChannel.open /home/runner/work/ratis/ratis/ratis-test/target/test/data/1e4ee837/MiniRaftClusterWithGrpc24096a27/s5/a9a0c5d7-4cce-4ef9-8f13-f8f047037fef/current/raft-meta.conf.tmp with options [CREATE, WRITE]: sun.nio.ch.FileChannelImpl@2c3f8cc6
2023-12-13 16:21:10,825 [s5@group-F8F047037FEF-StateMachineUpdater] TRACE util.FileUtils (LogUtils.java:runAndLog(49)) - Successfully ran Atomic Files.move /home/runner/work/ratis/ratis/ratis-test/target/test/data/1e4ee837/MiniRaftClusterWithGrpc24096a27/s5/a9a0c5d7-4cce-4ef9-8f13-f8f047037fef/current/raft-meta.conf.tmp to /home/runner/work/ratis/ratis/ratis-test/target/test/data/1e4ee837/MiniRaftClusterWithGrpc24096a27/s5/a9a0c5d7-4cce-4ef9-8f13-f8f047037fef/current/raft-meta.conf with options [REPLACE_EXISTING]
2023-12-13 16:21:10,826 [s6@group-F8F047037FEF-SegmentedRaftLogWorker] INFO  segmented.SegmentedRaftLogWorker (SegmentedRaftLogWorker.java:execute(634)) - s6@group-F8F047037FEF-SegmentedRaftLogWorker: created new log segment /home/runner/work/ratis/ratis/ratis-test/target/test/data/1e4ee837/MiniRaftClusterWithGrpc24096a27/s6/a9a0c5d7-4cce-4ef9-8f13-f8f047037fef/current/log_inprogress_0
2023-12-13 16:21:10,826 [s5@group-F8F047037FEF-StateMachineUpdater] TRACE util.FileUtils (LogUtils.java:supplyAndLog(69)) - Successfully supplied FileChannel.open /home/runner/work/ratis/ratis/ratis-test/target/test/data/1e4ee837/MiniRaftClusterWithGrpc24096a27/s5/a9a0c5d7-4cce-4ef9-8f13-f8f047037fef/current/raft-meta.conf.tmp with options [CREATE, WRITE]: sun.nio.ch.FileChannelImpl@d308d4d
2023-12-13 16:21:10,826 [s7@group-F8F047037FEF-SegmentedRaftLogWorker] INFO  segmented.SegmentedRaftLogWorker (SegmentedRaftLogWorker.java:execute(634)) - s7@group-F8F047037FEF-SegmentedRaftLogWorker: created new log segment /home/runner/work/ratis/ratis/ratis-test/target/test/data/1e4ee837/MiniRaftClusterWithGrpc24096a27/s7/a9a0c5d7-4cce-4ef9-8f13-f8f047037fef/current/log_inprogress_0
2023-12-13 16:21:10,827 [s6@group-F8F047037FEF-StateMachineUpdater] TRACE util.FileUtils (LogUtils.java:supplyAndLog(69)) - Successfully supplied FileChannel.open /home/runner/work/ratis/ratis/ratis-test/target/test/data/1e4ee837/MiniRaftClusterWithGrpc24096a27/s6/a9a0c5d7-4cce-4ef9-8f13-f8f047037fef/current/raft-meta.conf.tmp with options [CREATE, WRITE]: sun.nio.ch.FileChannelImpl@741325f7
2023-12-13 16:21:10,827 [s6-server-thread1] DEBUG server.RaftServer$Division (RaftServerImpl.java:logAppendEntries(1504)) - s6@group-F8F047037FEF: succeeded to handle AppendEntries. Reply: s8<-s6#1:OK-t1,SUCCESS,nextIndex=13,followerCommit=12,matchIndex=12
2023-12-13 16:21:10,827 [s7-server-thread2] DEBUG server.RaftServer$Division (RaftServerImpl.java:logAppendEntries(1504)) - s7@group-F8F047037FEF: succeeded to handle AppendEntries. Reply: s8<-s7#1:OK-t1,SUCCESS,nextIndex=13,followerCommit=12,matchIndex=12
2023-12-13 16:21:10,827 [s7@group-F8F047037FEF-StateMachineUpdater] TRACE util.FileUtils (LogUtils.java:supplyAndLog(69)) - Successfully supplied FileChannel.open /home/runner/work/ratis/ratis/ratis-test/target/test/data/1e4ee837/MiniRaftClusterWithGrpc24096a27/s7/a9a0c5d7-4cce-4ef9-8f13-f8f047037fef/current/raft-meta.conf.tmp with options [CREATE, WRITE]: sun.nio.ch.FileChannelImpl@655f6a1f
2023-12-13 16:21:10,828 [s5@group-F8F047037FEF-StateMachineUpdater] TRACE util.FileUtils (LogUtils.java:runAndLog(49)) - Successfully ran Atomic Files.move /home/runner/work/ratis/ratis/ratis-test/target/test/data/1e4ee837/MiniRaftClusterWithGrpc24096a27/s5/a9a0c5d7-4cce-4ef9-8f13-f8f047037fef/current/raft-meta.conf.tmp to /home/runner/work/ratis/ratis/ratis-test/target/test/data/1e4ee837/MiniRaftClusterWithGrpc24096a27/s5/a9a0c5d7-4cce-4ef9-8f13-f8f047037fef/current/raft-meta.conf with options [REPLACE_EXISTING]
2023-12-13 16:21:10,828 [s5@group-F8F047037FEF-StateMachineUpdater] TRACE util.FileUtils (LogUtils.java:supplyAndLog(69)) - Successfully supplied FileChannel.open /home/runner/work/ratis/ratis/ratis-test/target/test/data/1e4ee837/MiniRaftClusterWithGrpc24096a27/s5/a9a0c5d7-4cce-4ef9-8f13-f8f047037fef/current/raft-meta.conf.tmp with options [CREATE, WRITE]: sun.nio.ch.FileChannelImpl@54a3cfa3
2023-12-13 16:21:10,828 [s6@group-F8F047037FEF-StateMachineUpdater] TRACE util.FileUtils (LogUtils.java:runAndLog(49)) - Successfully ran Atomic Files.move /home/runner/work/ratis/ratis/ratis-test/target/test/data/1e4ee837/MiniRaftClusterWithGrpc24096a27/s6/a9a0c5d7-4cce-4ef9-8f13-f8f047037fef/current/raft-meta.conf.tmp to /home/runner/work/ratis/ratis/ratis-test/target/test/data/1e4ee837/MiniRaftClusterWithGrpc24096a27/s6/a9a0c5d7-4cce-4ef9-8f13-f8f047037fef/current/raft-meta.conf with options [REPLACE_EXISTING]
2023-12-13 16:21:10,828 [s7@group-F8F047037FEF-StateMachineUpdater] TRACE util.FileUtils (LogUtils.java:runAndLog(49)) - Successfully ran Atomic Files.move /home/runner/work/ratis/ratis/ratis-test/target/test/data/1e4ee837/MiniRaftClusterWithGrpc24096a27/s7/a9a0c5d7-4cce-4ef9-8f13-f8f047037fef/current/raft-meta.conf.tmp to /home/runner/work/ratis/ratis/ratis-test/target/test/data/1e4ee837/MiniRaftClusterWithGrpc24096a27/s7/a9a0c5d7-4cce-4ef9-8f13-f8f047037fef/current/raft-meta.conf with options [REPLACE_EXISTING]
2023-12-13 16:21:10,829 [s7@group-F8F047037FEF-StateMachineUpdater] TRACE util.FileUtils (LogUtils.java:supplyAndLog(69)) - Successfully supplied FileChannel.open /home/runner/work/ratis/ratis/ratis-test/target/test/data/1e4ee837/MiniRaftClusterWithGrpc24096a27/s7/a9a0c5d7-4cce-4ef9-8f13-f8f047037fef/current/raft-meta.conf.tmp with options [CREATE, WRITE]: sun.nio.ch.FileChannelImpl@6b9898c4
2023-12-13 16:21:10,829 [s8@group-F8F047037FEF-LeaderStateImpl] INFO  server.RaftServer$Division (ServerState.java:setRaftConf(382)) - s8@group-F8F047037FEF: set configuration 13: peers:[s3|0.0.0.0:35783, s4|0.0.0.0:45543, s5|0.0.0.0:39205, s6|0.0.0.0:33523, s7|0.0.0.0:33769, s8|0.0.0.0:44341, s0|0.0.0.0:42169, s1|0.0.0.0:40607, s2|0.0.0.0:39939]|listeners:[], old=peers:[s3|0.0.0.0:35783, s8|0.0.0.0:44341, s0|0.0.0.0:42169, s1|0.0.0.0:40607, s2|0.0.0.0:39939]|listeners:[]
2023-12-13 16:21:10,829 [s6@group-F8F047037FEF-StateMachineUpdater] TRACE util.FileUtils (LogUtils.java:supplyAndLog(69)) - Successfully supplied FileChannel.open /home/runner/work/ratis/ratis/ratis-test/target/test/data/1e4ee837/MiniRaftClusterWithGrpc24096a27/s6/a9a0c5d7-4cce-4ef9-8f13-f8f047037fef/current/raft-meta.conf.tmp with options [CREATE, WRITE]: sun.nio.ch.FileChannelImpl@7ad4d505
2023-12-13 16:21:10,830 [s5@group-F8F047037FEF-StateMachineUpdater] TRACE util.FileUtils (LogUtils.java:runAndLog(49)) - Successfully ran Atomic Files.move /home/runner/work/ratis/ratis/ratis-test/target/test/data/1e4ee837/MiniRaftClusterWithGrpc24096a27/s5/a9a0c5d7-4cce-4ef9-8f13-f8f047037fef/current/raft-meta.conf.tmp to /home/runner/work/ratis/ratis/ratis-test/target/test/data/1e4ee837/MiniRaftClusterWithGrpc24096a27/s5/a9a0c5d7-4cce-4ef9-8f13-f8f047037fef/current/raft-meta.conf with options [REPLACE_EXISTING]
2023-12-13 16:21:10,831 [s0-server-thread2] DEBUG server.RaftServer$Division (RaftServerImpl.java:logAppendEntries(1504)) - s0@group-F8F047037FEF: receive appendEntries(s8, 1, (t:1, i:12), 12, false, commits:[s8:c12, s0:c11, s1:c11, s3:c11, s2:c11, s4:c11, s5:c11, s6:c12, s7:c12], cId:28, entries: [(t:1, i:13), CONFIGURATIONENTRY(current:id: "s3"
address: "0.0.0.0:35783"
clientAddress: "0.0.0.0:35783"
adminAddress: "0.0.0.0:35783"
startupRole: FOLLOWER
,id: "s4"
address: "0.0.0.0:45543"
clientAddress: "0.0.0.0:45543"
adminAddress: "0.0.0.0:45543"
startupRole: FOLLOWER
,id: "s5"
address: "0.0.0.0:39205"
clientAddress: "0.0.0.0:39205"
adminAddress: "0.0.0.0:39205"
startupRole: FOLLOWER
,id: "s6"
address: "0.0.0.0:33523"
clientAddress: "0.0.0.0:33523"
adminAddress: "0.0.0.0:33523"
startupRole: FOLLOWER
,id: "s7"
address: "0.0.0.0:33769"
clientAddress: "0.0.0.0:33769"
adminAddress: "0.0.0.0:33769"
startupRole: FOLLOWER
,id: "s8"
address: "0.0.0.0:44341"
clientAddress: "0.0.0.0:44341"
adminAddress: "0.0.0.0:44341"
startupRole: FOLLOWER
,id: "s0"
address: "0.0.0.0:42169"
clientAddress: "0.0.0.0:42169"
adminAddress: "0.0.0.0:42169"
startupRole: FOLLOWER
,id: "s1"
address: "0.0.0.0:40607"
clientAddress: "0.0.0.0:40607"
adminAddress: "0.0.0.0:40607"
startupRole: FOLLOWER
,id: "s2"
address: "0.0.0.0:39939"
clientAddress: "0.0.0.0:39939"
adminAddress: "0.0.0.0:39939"
startupRole: FOLLOWER
, old:id: "s3"
address: "0.0.0.0:35783"
clientAddress: "0.0.0.0:35783"
adminAddress: "0.0.0.0:35783"
startupRole: FOLLOWER
,id: "s8"
address: "0.0.0.0:44341"
clientAddress: "0.0.0.0:44341"
adminAddress: "0.0.0.0:44341"
startupRole: FOLLOWER
,id: "s0"
address: "0.0.0.0:42169"
clientAddress: "0.0.0.0:42169"
adminAddress: "0.0.0.0:42169"
startupRole: FOLLOWER
,id: "s1"
address: "0.0.0.0:40607"
clientAddress: "0.0.0.0:40607"
adminAddress: "0.0.0.0:40607"
startupRole: FOLLOWER
,id: "s2"
address: "0.0.0.0:39939"
clientAddress: "0.0.0.0:39939"
adminAddress: "0.0.0.0:39939"
startupRole: FOLLOWER
)]
2023-12-13 16:21:10,831 [s6@group-F8F047037FEF-StateMachineUpdater] TRACE util.FileUtils (LogUtils.java:runAndLog(49)) - Successfully ran Atomic Files.move /home/runner/work/ratis/ratis/ratis-test/target/test/data/1e4ee837/MiniRaftClusterWithGrpc24096a27/s6/a9a0c5d7-4cce-4ef9-8f13-f8f047037fef/current/raft-meta.conf.tmp to /home/runner/work/ratis/ratis/ratis-test/target/test/data/1e4ee837/MiniRaftClusterWithGrpc24096a27/s6/a9a0c5d7-4cce-4ef9-8f13-f8f047037fef/current/raft-meta.conf with options [REPLACE_EXISTING]
2023-12-13 16:21:10,831 [s0-server-thread2] INFO  server.RaftServer$Division (ServerState.java:setRaftConf(382)) - s0@group-F8F047037FEF: set configuration 13: peers:[s3|0.0.0.0:35783, s4|0.0.0.0:45543, s5|0.0.0.0:39205, s6|0.0.0.0:33523, s7|0.0.0.0:33769, s8|0.0.0.0:44341, s0|0.0.0.0:42169, s1|0.0.0.0:40607, s2|0.0.0.0:39939]|listeners:[], old=peers:[s3|0.0.0.0:35783, s8|0.0.0.0:44341, s0|0.0.0.0:42169, s1|0.0.0.0:40607, s2|0.0.0.0:39939]|listeners:[]
2023-12-13 16:21:10,831 [s1-server-thread3] DEBUG server.RaftServer$Division (RaftServerImpl.java:logAppendEntries(1504)) - s1@group-F8F047037FEF: receive appendEntries(s8, 1, (t:1, i:12), 12, false, commits:[s8:c12, s0:c11, s1:c11, s3:c11, s2:c11, s4:c11, s5:c11, s6:c12, s7:c12], cId:22, entries: [(t:1, i:13), CONFIGURATIONENTRY(current:id: "s3"
address: "0.0.0.0:35783"
clientAddress: "0.0.0.0:35783"
adminAddress: "0.0.0.0:35783"
startupRole: FOLLOWER
,id: "s4"
address: "0.0.0.0:45543"
clientAddress: "0.0.0.0:45543"
adminAddress: "0.0.0.0:45543"
startupRole: FOLLOWER
,id: "s5"
address: "0.0.0.0:39205"
clientAddress: "0.0.0.0:39205"
adminAddress: "0.0.0.0:39205"
startupRole: FOLLOWER
,id: "s6"
address: "0.0.0.0:33523"
clientAddress: "0.0.0.0:33523"
adminAddress: "0.0.0.0:33523"
startupRole: FOLLOWER
,id: "s7"
address: "0.0.0.0:33769"
clientAddress: "0.0.0.0:33769"
adminAddress: "0.0.0.0:33769"
startupRole: FOLLOWER
,id: "s8"
address: "0.0.0.0:44341"
clientAddress: "0.0.0.0:44341"
adminAddress: "0.0.0.0:44341"
startupRole: FOLLOWER
,id: "s0"
address: "0.0.0.0:42169"
clientAddress: "0.0.0.0:42169"
adminAddress: "0.0.0.0:42169"
startupRole: FOLLOWER
,id: "s1"
address: "0.0.0.0:40607"
clientAddress: "0.0.0.0:40607"
adminAddress: "0.0.0.0:40607"
startupRole: FOLLOWER
,id: "s2"
address: "0.0.0.0:39939"
clientAddress: "0.0.0.0:39939"
adminAddress: "0.0.0.0:39939"
startupRole: FOLLOWER
, old:id: "s3"
address: "0.0.0.0:35783"
clientAddress: "0.0.0.0:35783"
adminAddress: "0.0.0.0:35783"
startupRole: FOLLOWER
,id: "s8"
address: "0.0.0.0:44341"
clientAddress: "0.0.0.0:44341"
adminAddress: "0.0.0.0:44341"
startupRole: FOLLOWER
,id: "s0"
address: "0.0.0.0:42169"
clientAddress: "0.0.0.0:42169"
adminAddress: "0.0.0.0:42169"
startupRole: FOLLOWER
,id: "s1"
address: "0.0.0.0:40607"
clientAddress: "0.0.0.0:40607"
adminAddress: "0.0.0.0:40607"
startupRole: FOLLOWER
,id: "s2"
address: "0.0.0.0:39939"
clientAddress: "0.0.0.0:39939"
adminAddress: "0.0.0.0:39939"
startupRole: FOLLOWER
)]
2023-12-13 16:21:10,831 [s7@group-F8F047037FEF-StateMachineUpdater] TRACE util.FileUtils (LogUtils.java:runAndLog(49)) - Successfully ran Atomic Files.move /home/runner/work/ratis/ratis/ratis-test/target/test/data/1e4ee837/MiniRaftClusterWithGrpc24096a27/s7/a9a0c5d7-4cce-4ef9-8f13-f8f047037fef/current/raft-meta.conf.tmp to /home/runner/work/ratis/ratis/ratis-test/target/test/data/1e4ee837/MiniRaftClusterWithGrpc24096a27/s7/a9a0c5d7-4cce-4ef9-8f13-f8f047037fef/current/raft-meta.conf with options [REPLACE_EXISTING]
2023-12-13 16:21:10,831 [s4-server-thread1] DEBUG server.RaftServer$Division (RaftServerImpl.java:logAppendEntries(1504)) - s4@group-F8F047037FEF: receive appendEntries(s8, 1, (t:1, i:12), 12, false, commits:[s8:c12, s0:c11, s1:c11, s3:c11, s2:c11, s4:c11, s5:c11, s6:c12, s7:c12], cId:8, entries: [(t:1, i:13), CONFIGURATIONENTRY(current:id: "s3"
address: "0.0.0.0:35783"
clientAddress: "0.0.0.0:35783"
adminAddress: "0.0.0.0:35783"
startupRole: FOLLOWER
,id: "s4"
address: "0.0.0.0:45543"
clientAddress: "0.0.0.0:45543"
adminAddress: "0.0.0.0:45543"
startupRole: FOLLOWER
,id: "s5"
address: "0.0.0.0:39205"
clientAddress: "0.0.0.0:39205"
adminAddress: "0.0.0.0:39205"
startupRole: FOLLOWER
,id: "s6"
address: "0.0.0.0:33523"
clientAddress: "0.0.0.0:33523"
adminAddress: "0.0.0.0:33523"
startupRole: FOLLOWER
,id: "s7"
address: "0.0.0.0:33769"
clientAddress: "0.0.0.0:33769"
adminAddress: "0.0.0.0:33769"
startupRole: FOLLOWER
,id: "s8"
address: "0.0.0.0:44341"
clientAddress: "0.0.0.0:44341"
adminAddress: "0.0.0.0:44341"
startupRole: FOLLOWER
,id: "s0"
address: "0.0.0.0:42169"
clientAddress: "0.0.0.0:42169"
adminAddress: "0.0.0.0:42169"
startupRole: FOLLOWER
,id: "s1"
address: "0.0.0.0:40607"
clientAddress: "0.0.0.0:40607"
adminAddress: "0.0.0.0:40607"
startupRole: FOLLOWER
,id: "s2"
address: "0.0.0.0:39939"
clientAddress: "0.0.0.0:39939"
adminAddress: "0.0.0.0:39939"
startupRole: FOLLOWER
, old:id: "s3"
address: "0.0.0.0:35783"
clientAddress: "0.0.0.0:35783"
adminAddress: "0.0.0.0:35783"
startupRole: FOLLOWER
,id: "s8"
address: "0.0.0.0:44341"
clientAddress: "0.0.0.0:44341"
adminAddress: "0.0.0.0:44341"
startupRole: FOLLOWER
,id: "s0"
address: "0.0.0.0:42169"
clientAddress: "0.0.0.0:42169"
adminAddress: "0.0.0.0:42169"
startupRole: FOLLOWER
,id: "s1"
address: "0.0.0.0:40607"
clientAddress: "0.0.0.0:40607"
adminAddress: "0.0.0.0:40607"
startupRole: FOLLOWER
,id: "s2"
address: "0.0.0.0:39939"
clientAddress: "0.0.0.0:39939"
adminAddress: "0.0.0.0:39939"
startupRole: FOLLOWER
)]
2023-12-13 16:21:10,831 [s7@group-F8F047037FEF-StateMachineUpdater] TRACE util.FileUtils (LogUtils.java:supplyAndLog(69)) - Successfully supplied FileChannel.open /home/runner/work/ratis/ratis/ratis-test/target/test/data/1e4ee837/MiniRaftClusterWithGrpc24096a27/s7/a9a0c5d7-4cce-4ef9-8f13-f8f047037fef/current/raft-meta.conf.tmp with options [CREATE, WRITE]: sun.nio.ch.FileChannelImpl@6fa7016f
2023-12-13 16:21:10,831 [s4-server-thread1] INFO  impl.RoleInfo (RoleInfo.java:updateAndGet(139)) - s4: start s4@group-F8F047037FEF-FollowerState
2023-12-13 16:21:10,831 [s1-server-thread3] INFO  server.RaftServer$Division (ServerState.java:setRaftConf(382)) - s1@group-F8F047037FEF: set configuration 13: peers:[s3|0.0.0.0:35783, s4|0.0.0.0:45543, s5|0.0.0.0:39205, s6|0.0.0.0:33523, s7|0.0.0.0:33769, s8|0.0.0.0:44341, s0|0.0.0.0:42169, s1|0.0.0.0:40607, s2|0.0.0.0:39939]|listeners:[], old=peers:[s3|0.0.0.0:35783, s8|0.0.0.0:44341, s0|0.0.0.0:42169, s1|0.0.0.0:40607, s2|0.0.0.0:39939]|listeners:[]
2023-12-13 16:21:10,832 [s3-server-thread3] DEBUG server.RaftServer$Division (RaftServerImpl.java:logAppendEntries(1504)) - s3@group-F8F047037FEF: receive appendEntries(s8, 1, (t:1, i:12), 12, false, commits:[s8:c12, s0:c11, s1:c11, s3:c11, s2:c11, s4:c11, s5:c11, s6:c12, s7:c12], cId:15, entries: [(t:1, i:13), CONFIGURATIONENTRY(current:id: "s3"
address: "0.0.0.0:35783"
clientAddress: "0.0.0.0:35783"
adminAddress: "0.0.0.0:35783"
startupRole: FOLLOWER
,id: "s4"
address: "0.0.0.0:45543"
clientAddress: "0.0.0.0:45543"
adminAddress: "0.0.0.0:45543"
startupRole: FOLLOWER
,id: "s5"
address: "0.0.0.0:39205"
clientAddress: "0.0.0.0:39205"
adminAddress: "0.0.0.0:39205"
startupRole: FOLLOWER
,id: "s6"
address: "0.0.0.0:33523"
clientAddress: "0.0.0.0:33523"
adminAddress: "0.0.0.0:33523"
startupRole: FOLLOWER
,id: "s7"
address: "0.0.0.0:33769"
clientAddress: "0.0.0.0:33769"
adminAddress: "0.0.0.0:33769"
startupRole: FOLLOWER
,id: "s8"
address: "0.0.0.0:44341"
clientAddress: "0.0.0.0:44341"
adminAddress: "0.0.0.0:44341"
startupRole: FOLLOWER
,id: "s0"
address: "0.0.0.0:42169"
clientAddress: "0.0.0.0:42169"
adminAddress: "0.0.0.0:42169"
startupRole: FOLLOWER
,id: "s1"
address: "0.0.0.0:40607"
clientAddress: "0.0.0.0:40607"
adminAddress: "0.0.0.0:40607"
startupRole: FOLLOWER
,id: "s2"
address: "0.0.0.0:39939"
clientAddress: "0.0.0.0:39939"
adminAddress: "0.0.0.0:39939"
startupRole: FOLLOWER
, old:id: "s3"
address: "0.0.0.0:35783"
clientAddress: "0.0.0.0:35783"
adminAddress: "0.0.0.0:35783"
startupRole: FOLLOWER
,id: "s8"
address: "0.0.0.0:44341"
clientAddress: "0.0.0.0:44341"
adminAddress: "0.0.0.0:44341"
startupRole: FOLLOWER
,id: "s0"
address: "0.0.0.0:42169"
clientAddress: "0.0.0.0:42169"
adminAddress: "0.0.0.0:42169"
startupRole: FOLLOWER
,id: "s1"
address: "0.0.0.0:40607"
clientAddress: "0.0.0.0:40607"
adminAddress: "0.0.0.0:40607"
startupRole: FOLLOWER
,id: "s2"
address: "0.0.0.0:39939"
clientAddress: "0.0.0.0:39939"
adminAddress: "0.0.0.0:39939"
startupRole: FOLLOWER
)]
2023-12-13 16:21:10,832 [s3-server-thread3] INFO  server.RaftServer$Division (ServerState.java:setRaftConf(382)) - s3@group-F8F047037FEF: set configuration 13: peers:[s3|0.0.0.0:35783, s4|0.0.0.0:45543, s5|0.0.0.0:39205, s6|0.0.0.0:33523, s7|0.0.0.0:33769, s8|0.0.0.0:44341, s0|0.0.0.0:42169, s1|0.0.0.0:40607, s2|0.0.0.0:39939]|listeners:[], old=peers:[s3|0.0.0.0:35783, s8|0.0.0.0:44341, s0|0.0.0.0:42169, s1|0.0.0.0:40607, s2|0.0.0.0:39939]|listeners:[]
2023-12-13 16:21:10,832 [s2-server-thread1] DEBUG server.RaftServer$Division (RaftServerImpl.java:logAppendEntries(1504)) - s2@group-F8F047037FEF: receive appendEntries(s8, 1, (t:1, i:12), 12, false, commits:[s8:c12, s0:c11, s1:c11, s3:c11, s2:c11, s4:c11, s5:c11, s6:c12, s7:c12], cId:14, entries: [(t:1, i:13), CONFIGURATIONENTRY(current:id: "s3"
address: "0.0.0.0:35783"
clientAddress: "0.0.0.0:35783"
adminAddress: "0.0.0.0:35783"
startupRole: FOLLOWER
,id: "s4"
address: "0.0.0.0:45543"
clientAddress: "0.0.0.0:45543"
adminAddress: "0.0.0.0:45543"
startupRole: FOLLOWER
,id: "s5"
address: "0.0.0.0:39205"
clientAddress: "0.0.0.0:39205"
adminAddress: "0.0.0.0:39205"
startupRole: FOLLOWER
,id: "s6"
address: "0.0.0.0:33523"
clientAddress: "0.0.0.0:33523"
adminAddress: "0.0.0.0:33523"
startupRole: FOLLOWER
,id: "s7"
address: "0.0.0.0:33769"
clientAddress: "0.0.0.0:33769"
adminAddress: "0.0.0.0:33769"
startupRole: FOLLOWER
,id: "s8"
address: "0.0.0.0:44341"
clientAddress: "0.0.0.0:44341"
adminAddress: "0.0.0.0:44341"
startupRole: FOLLOWER
,id: "s0"
address: "0.0.0.0:42169"
clientAddress: "0.0.0.0:42169"
adminAddress: "0.0.0.0:42169"
startupRole: FOLLOWER
,id: "s1"
address: "0.0.0.0:40607"
clientAddress: "0.0.0.0:40607"
adminAddress: "0.0.0.0:40607"
startupRole: FOLLOWER
,id: "s2"
address: "0.0.0.0:39939"
clientAddress: "0.0.0.0:39939"
adminAddress: "0.0.0.0:39939"
startupRole: FOLLOWER
, old:id: "s3"
address: "0.0.0.0:35783"
clientAddress: "0.0.0.0:35783"
adminAddress: "0.0.0.0:35783"
startupRole: FOLLOWER
,id: "s8"
address: "0.0.0.0:44341"
clientAddress: "0.0.0.0:44341"
adminAddress: "0.0.0.0:44341"
startupRole: FOLLOWER
,id: "s0"
address: "0.0.0.0:42169"
clientAddress: "0.0.0.0:42169"
adminAddress: "0.0.0.0:42169"
startupRole: FOLLOWER
,id: "s1"
address: "0.0.0.0:40607"
clientAddress: "0.0.0.0:40607"
adminAddress: "0.0.0.0:40607"
startupRole: FOLLOWER
,id: "s2"
address: "0.0.0.0:39939"
clientAddress: "0.0.0.0:39939"
adminAddress: "0.0.0.0:39939"
startupRole: FOLLOWER
)]
2023-12-13 16:21:10,832 [s0-server-thread2] DEBUG server.RaftServer$Division (RaftServerImpl.java:logAppendEntries(1504)) - s0@group-F8F047037FEF: succeeded to handle AppendEntries. Reply: s8<-s0#28:OK-t1,SUCCESS,nextIndex=14,followerCommit=12,matchIndex=13
2023-12-13 16:21:10,832 [s6@group-F8F047037FEF-StateMachineUpdater] TRACE util.FileUtils (LogUtils.java:supplyAndLog(69)) - Successfully supplied FileChannel.open /home/runner/work/ratis/ratis/ratis-test/target/test/data/1e4ee837/MiniRaftClusterWithGrpc24096a27/s6/a9a0c5d7-4cce-4ef9-8f13-f8f047037fef/current/raft-meta.conf.tmp with options [CREATE, WRITE]: sun.nio.ch.FileChannelImpl@7eeb4e87
2023-12-13 16:21:10,832 [s2-server-thread1] INFO  server.RaftServer$Division (ServerState.java:setRaftConf(382)) - s2@group-F8F047037FEF: set configuration 13: peers:[s3|0.0.0.0:35783, s4|0.0.0.0:45543, s5|0.0.0.0:39205, s6|0.0.0.0:33523, s7|0.0.0.0:33769, s8|0.0.0.0:44341, s0|0.0.0.0:42169, s1|0.0.0.0:40607, s2|0.0.0.0:39939]|listeners:[], old=peers:[s3|0.0.0.0:35783, s8|0.0.0.0:44341, s0|0.0.0.0:42169, s1|0.0.0.0:40607, s2|0.0.0.0:39939]|listeners:[]
2023-12-13 16:21:10,833 [s3-server-thread3] DEBUG server.RaftServer$Division (RaftServerImpl.java:logAppendEntries(1504)) - s3@group-F8F047037FEF: succeeded to handle AppendEntries. Reply: s8<-s3#15:OK-t1,SUCCESS,nextIndex=14,followerCommit=12,matchIndex=13
2023-12-13 16:21:10,833 [s5-server-thread3] DEBUG server.RaftServer$Division (RaftServerImpl.java:logAppendEntries(1504)) - s5@group-F8F047037FEF: receive appendEntries(s8, 1, (t:1, i:12), 12, false, commits:[s8:c12, s0:c11, s1:c11, s3:c11, s2:c11, s4:c11, s5:c11, s6:c12, s7:c12], cId:8, entries: [(t:1, i:13), CONFIGURATIONENTRY(current:id: "s3"
address: "0.0.0.0:35783"
clientAddress: "0.0.0.0:35783"
adminAddress: "0.0.0.0:35783"
startupRole: FOLLOWER
,id: "s4"
address: "0.0.0.0:45543"
clientAddress: "0.0.0.0:45543"
adminAddress: "0.0.0.0:45543"
startupRole: FOLLOWER
,id: "s5"
address: "0.0.0.0:39205"
clientAddress: "0.0.0.0:39205"
adminAddress: "0.0.0.0:39205"
startupRole: FOLLOWER
,id: "s6"
address: "0.0.0.0:33523"
clientAddress: "0.0.0.0:33523"
adminAddress: "0.0.0.0:33523"
startupRole: FOLLOWER
,id: "s7"
address: "0.0.0.0:33769"
clientAddress: "0.0.0.0:33769"
adminAddress: "0.0.0.0:33769"
startupRole: FOLLOWER
,id: "s8"
address: "0.0.0.0:44341"
clientAddress: "0.0.0.0:44341"
adminAddress: "0.0.0.0:44341"
startupRole: FOLLOWER
,id: "s0"
address: "0.0.0.0:42169"
clientAddress: "0.0.0.0:42169"
adminAddress: "0.0.0.0:42169"
startupRole: FOLLOWER
,id: "s1"
address: "0.0.0.0:40607"
clientAddress: "0.0.0.0:40607"
adminAddress: "0.0.0.0:40607"
startupRole: FOLLOWER
,id: "s2"
address: "0.0.0.0:39939"
clientAddress: "0.0.0.0:39939"
adminAddress: "0.0.0.0:39939"
startupRole: FOLLOWER
, old:id: "s3"
address: "0.0.0.0:35783"
clientAddress: "0.0.0.0:35783"
adminAddress: "0.0.0.0:35783"
startupRole: FOLLOWER
,id: "s8"
address: "0.0.0.0:44341"
clientAddress: "0.0.0.0:44341"
adminAddress: "0.0.0.0:44341"
startupRole: FOLLOWER
,id: "s0"
address: "0.0.0.0:42169"
clientAddress: "0.0.0.0:42169"
adminAddress: "0.0.0.0:42169"
startupRole: FOLLOWER
,id: "s1"
address: "0.0.0.0:40607"
clientAddress: "0.0.0.0:40607"
adminAddress: "0.0.0.0:40607"
startupRole: FOLLOWER
,id: "s2"
address: "0.0.0.0:39939"
clientAddress: "0.0.0.0:39939"
adminAddress: "0.0.0.0:39939"
startupRole: FOLLOWER
)]
2023-12-13 16:21:10,833 [s5-server-thread3] INFO  impl.RoleInfo (RoleInfo.java:updateAndGet(139)) - s5: start s5@group-F8F047037FEF-FollowerState
2023-12-13 16:21:10,832 [s7-server-thread2] DEBUG server.RaftServer$Division (RaftServerImpl.java:logAppendEntries(1504)) - s7@group-F8F047037FEF: receive appendEntries(s8, 1, (t:1, i:12), 12, false, commits:[s8:c12, s0:c11, s1:c11, s3:c11, s2:c11, s4:c11, s5:c11, s6:c12, s7:c12], cId:5, entries: [(t:1, i:13), CONFIGURATIONENTRY(current:id: "s3"
address: "0.0.0.0:35783"
clientAddress: "0.0.0.0:35783"
adminAddress: "0.0.0.0:35783"
startupRole: FOLLOWER
,id: "s4"
address: "0.0.0.0:45543"
clientAddress: "0.0.0.0:45543"
adminAddress: "0.0.0.0:45543"
startupRole: FOLLOWER
,id: "s5"
address: "0.0.0.0:39205"
clientAddress: "0.0.0.0:39205"
adminAddress: "0.0.0.0:39205"
startupRole: FOLLOWER
,id: "s6"
address: "0.0.0.0:33523"
clientAddress: "0.0.0.0:33523"
adminAddress: "0.0.0.0:33523"
startupRole: FOLLOWER
,id: "s7"
address: "0.0.0.0:33769"
clientAddress: "0.0.0.0:33769"
adminAddress: "0.0.0.0:33769"
startupRole: FOLLOWER
,id: "s8"
address: "0.0.0.0:44341"
clientAddress: "0.0.0.0:44341"
adminAddress: "0.0.0.0:44341"
startupRole: FOLLOWER
,id: "s0"
address: "0.0.0.0:42169"
clientAddress: "0.0.0.0:42169"
adminAddress: "0.0.0.0:42169"
startupRole: FOLLOWER
,id: "s1"
address: "0.0.0.0:40607"
clientAddress: "0.0.0.0:40607"
adminAddress: "0.0.0.0:40607"
startupRole: FOLLOWER
,id: "s2"
address: "0.0.0.0:39939"
clientAddress: "0.0.0.0:39939"
adminAddress: "0.0.0.0:39939"
startupRole: FOLLOWER
, old:id: "s3"
address: "0.0.0.0:35783"
clientAddress: "0.0.0.0:35783"
adminAddress: "0.0.0.0:35783"
startupRole: FOLLOWER
,id: "s8"
address: "0.0.0.0:44341"
clientAddress: "0.0.0.0:44341"
adminAddress: "0.0.0.0:44341"
startupRole: FOLLOWER
,id: "s0"
address: "0.0.0.0:42169"
clientAddress: "0.0.0.0:42169"
adminAddress: "0.0.0.0:42169"
startupRole: FOLLOWER
,id: "s1"
address: "0.0.0.0:40607"
clientAddress: "0.0.0.0:40607"
adminAddress: "0.0.0.0:40607"
startupRole: FOLLOWER
,id: "s2"
address: "0.0.0.0:39939"
clientAddress: "0.0.0.0:39939"
adminAddress: "0.0.0.0:39939"
startupRole: FOLLOWER
)]
2023-12-13 16:21:10,833 [s7-server-thread2] INFO  impl.RoleInfo (RoleInfo.java:updateAndGet(139)) - s7: start s7@group-F8F047037FEF-FollowerState
2023-12-13 16:21:10,833 [s1-server-thread3] DEBUG server.RaftServer$Division (RaftServerImpl.java:logAppendEntries(1504)) - s1@group-F8F047037FEF: succeeded to handle AppendEntries. Reply: s8<-s1#22:OK-t1,SUCCESS,nextIndex=14,followerCommit=12,matchIndex=13
2023-12-13 16:21:10,833 [s2-server-thread1] DEBUG server.RaftServer$Division (RaftServerImpl.java:logAppendEntries(1504)) - s2@group-F8F047037FEF: succeeded to handle AppendEntries. Reply: s8<-s2#14:OK-t1,SUCCESS,nextIndex=14,followerCommit=12,matchIndex=13
2023-12-13 16:21:10,833 [s6-server-thread1] DEBUG server.RaftServer$Division (RaftServerImpl.java:logAppendEntries(1504)) - s6@group-F8F047037FEF: receive appendEntries(s8, 1, (t:1, i:12), 12, false, commits:[s8:c12, s0:c11, s1:c11, s3:c11, s2:c11, s4:c11, s5:c11, s6:c12, s7:c12], cId:3, entries: [(t:1, i:13), CONFIGURATIONENTRY(current:id: "s3"
address: "0.0.0.0:35783"
clientAddress: "0.0.0.0:35783"
adminAddress: "0.0.0.0:35783"
startupRole: FOLLOWER
,id: "s4"
address: "0.0.0.0:45543"
clientAddress: "0.0.0.0:45543"
adminAddress: "0.0.0.0:45543"
startupRole: FOLLOWER
,id: "s5"
address: "0.0.0.0:39205"
clientAddress: "0.0.0.0:39205"
adminAddress: "0.0.0.0:39205"
startupRole: FOLLOWER
,id: "s6"
address: "0.0.0.0:33523"
clientAddress: "0.0.0.0:33523"
adminAddress: "0.0.0.0:33523"
startupRole: FOLLOWER
,id: "s7"
address: "0.0.0.0:33769"
clientAddress: "0.0.0.0:33769"
adminAddress: "0.0.0.0:33769"
startupRole: FOLLOWER
,id: "s8"
address: "0.0.0.0:44341"
clientAddress: "0.0.0.0:44341"
adminAddress: "0.0.0.0:44341"
startupRole: FOLLOWER
,id: "s0"
address: "0.0.0.0:42169"
clientAddress: "0.0.0.0:42169"
adminAddress: "0.0.0.0:42169"
startupRole: FOLLOWER
,id: "s1"
address: "0.0.0.0:40607"
clientAddress: "0.0.0.0:40607"
adminAddress: "0.0.0.0:40607"
startupRole: FOLLOWER
,id: "s2"
address: "0.0.0.0:39939"
clientAddress: "0.0.0.0:39939"
adminAddress: "0.0.0.0:39939"
startupRole: FOLLOWER
, old:id: "s3"
address: "0.0.0.0:35783"
clientAddress: "0.0.0.0:35783"
adminAddress: "0.0.0.0:35783"
startupRole: FOLLOWER
,id: "s8"
address: "0.0.0.0:44341"
clientAddress: "0.0.0.0:44341"
adminAddress: "0.0.0.0:44341"
startupRole: FOLLOWER
,id: "s0"
address: "0.0.0.0:42169"
clientAddress: "0.0.0.0:42169"
adminAddress: "0.0.0.0:42169"
startupRole: FOLLOWER
,id: "s1"
address: "0.0.0.0:40607"
clientAddress: "0.0.0.0:40607"
adminAddress: "0.0.0.0:40607"
startupRole: FOLLOWER
,id: "s2"
address: "0.0.0.0:39939"
clientAddress: "0.0.0.0:39939"
adminAddress: "0.0.0.0:39939"
startupRole: FOLLOWER
)]
2023-12-13 16:21:10,833 [s7@group-F8F047037FEF-StateMachineUpdater] TRACE util.FileUtils (LogUtils.java:runAndLog(49)) - Successfully ran Atomic Files.move /home/runner/work/ratis/ratis/ratis-test/target/test/data/1e4ee837/MiniRaftClusterWithGrpc24096a27/s7/a9a0c5d7-4cce-4ef9-8f13-f8f047037fef/current/raft-meta.conf.tmp to /home/runner/work/ratis/ratis/ratis-test/target/test/data/1e4ee837/MiniRaftClusterWithGrpc24096a27/s7/a9a0c5d7-4cce-4ef9-8f13-f8f047037fef/current/raft-meta.conf with options [REPLACE_EXISTING]
2023-12-13 16:21:10,834 [s6-server-thread1] INFO  impl.RoleInfo (RoleInfo.java:updateAndGet(139)) - s6: start s6@group-F8F047037FEF-FollowerState
2023-12-13 16:21:10,834 [s7@group-F8F047037FEF-StateMachineUpdater] TRACE util.FileUtils (LogUtils.java:supplyAndLog(69)) - Successfully supplied FileChannel.open /home/runner/work/ratis/ratis/ratis-test/target/test/data/1e4ee837/MiniRaftClusterWithGrpc24096a27/s7/a9a0c5d7-4cce-4ef9-8f13-f8f047037fef/current/raft-meta.conf.tmp with options [CREATE, WRITE]: sun.nio.ch.FileChannelImpl@2aa592ff
2023-12-13 16:21:10,834 [s4-server-thread1] INFO  server.RaftServer$Division (ServerState.java:setRaftConf(382)) - s4@group-F8F047037FEF: set configuration 13: peers:[s3|0.0.0.0:35783, s4|0.0.0.0:45543, s5|0.0.0.0:39205, s6|0.0.0.0:33523, s7|0.0.0.0:33769, s8|0.0.0.0:44341, s0|0.0.0.0:42169, s1|0.0.0.0:40607, s2|0.0.0.0:39939]|listeners:[], old=peers:[s3|0.0.0.0:35783, s8|0.0.0.0:44341, s0|0.0.0.0:42169, s1|0.0.0.0:40607, s2|0.0.0.0:39939]|listeners:[]
2023-12-13 16:21:10,835 [s4-server-thread1] DEBUG server.RaftServer$Division (RaftServerImpl.java:logAppendEntries(1504)) - s4@group-F8F047037FEF: succeeded to handle AppendEntries. Reply: s8<-s4#8:OK-t1,SUCCESS,nextIndex=14,followerCommit=12,matchIndex=13
2023-12-13 16:21:10,835 [s6@group-F8F047037FEF-StateMachineUpdater] TRACE util.FileUtils (LogUtils.java:runAndLog(49)) - Successfully ran Atomic Files.move /home/runner/work/ratis/ratis/ratis-test/target/test/data/1e4ee837/MiniRaftClusterWithGrpc24096a27/s6/a9a0c5d7-4cce-4ef9-8f13-f8f047037fef/current/raft-meta.conf.tmp to /home/runner/work/ratis/ratis/ratis-test/target/test/data/1e4ee837/MiniRaftClusterWithGrpc24096a27/s6/a9a0c5d7-4cce-4ef9-8f13-f8f047037fef/current/raft-meta.conf with options [REPLACE_EXISTING]
2023-12-13 16:21:10,835 [s6@group-F8F047037FEF-StateMachineUpdater] TRACE util.FileUtils (LogUtils.java:supplyAndLog(69)) - Successfully supplied FileChannel.open /home/runner/work/ratis/ratis/ratis-test/target/test/data/1e4ee837/MiniRaftClusterWithGrpc24096a27/s6/a9a0c5d7-4cce-4ef9-8f13-f8f047037fef/current/raft-meta.conf.tmp with options [CREATE, WRITE]: sun.nio.ch.FileChannelImpl@3be9df3e
2023-12-13 16:21:10,836 [s7@group-F8F047037FEF-StateMachineUpdater] TRACE util.FileUtils (LogUtils.java:runAndLog(49)) - Successfully ran Atomic Files.move /home/runner/work/ratis/ratis/ratis-test/target/test/data/1e4ee837/MiniRaftClusterWithGrpc24096a27/s7/a9a0c5d7-4cce-4ef9-8f13-f8f047037fef/current/raft-meta.conf.tmp to /home/runner/work/ratis/ratis/ratis-test/target/test/data/1e4ee837/MiniRaftClusterWithGrpc24096a27/s7/a9a0c5d7-4cce-4ef9-8f13-f8f047037fef/current/raft-meta.conf with options [REPLACE_EXISTING]
2023-12-13 16:21:10,836 [s7@group-F8F047037FEF-StateMachineUpdater] TRACE util.FileUtils (LogUtils.java:supplyAndLog(69)) - Successfully supplied FileChannel.open /home/runner/work/ratis/ratis/ratis-test/target/test/data/1e4ee837/MiniRaftClusterWithGrpc24096a27/s7/a9a0c5d7-4cce-4ef9-8f13-f8f047037fef/current/raft-meta.conf.tmp with options [CREATE, WRITE]: sun.nio.ch.FileChannelImpl@34341a26
2023-12-13 16:21:10,836 [s7-server-thread2] INFO  server.RaftServer$Division (ServerState.java:setRaftConf(382)) - s7@group-F8F047037FEF: set configuration 13: peers:[s3|0.0.0.0:35783, s4|0.0.0.0:45543, s5|0.0.0.0:39205, s6|0.0.0.0:33523, s7|0.0.0.0:33769, s8|0.0.0.0:44341, s0|0.0.0.0:42169, s1|0.0.0.0:40607, s2|0.0.0.0:39939]|listeners:[], old=peers:[s3|0.0.0.0:35783, s8|0.0.0.0:44341, s0|0.0.0.0:42169, s1|0.0.0.0:40607, s2|0.0.0.0:39939]|listeners:[]
2023-12-13 16:21:10,836 [s6-server-thread1] INFO  server.RaftServer$Division (ServerState.java:setRaftConf(382)) - s6@group-F8F047037FEF: set configuration 13: peers:[s3|0.0.0.0:35783, s4|0.0.0.0:45543, s5|0.0.0.0:39205, s6|0.0.0.0:33523, s7|0.0.0.0:33769, s8|0.0.0.0:44341, s0|0.0.0.0:42169, s1|0.0.0.0:40607, s2|0.0.0.0:39939]|listeners:[], old=peers:[s3|0.0.0.0:35783, s8|0.0.0.0:44341, s0|0.0.0.0:42169, s1|0.0.0.0:40607, s2|0.0.0.0:39939]|listeners:[]
2023-12-13 16:21:10,836 [s8@group-F8F047037FEF-StateMachineUpdater] TRACE util.FileUtils (LogUtils.java:supplyAndLog(69)) - Successfully supplied FileChannel.open /home/runner/work/ratis/ratis/ratis-test/target/test/data/1e4ee837/MiniRaftClusterWithGrpc24096a27/s8/a9a0c5d7-4cce-4ef9-8f13-f8f047037fef/current/raft-meta.conf.tmp with options [CREATE, WRITE]: sun.nio.ch.FileChannelImpl@2d71d83c
2023-12-13 16:21:10,837 [s8@group-F8F047037FEF-LeaderStateImpl] INFO  server.RaftServer$Division (ServerState.java:setRaftConf(382)) - s8@group-F8F047037FEF: set configuration 15: peers:[s3|0.0.0.0:35783, s4|0.0.0.0:45543, s5|0.0.0.0:39205, s6|0.0.0.0:33523, s7|0.0.0.0:33769, s8|0.0.0.0:44341, s0|0.0.0.0:42169, s1|0.0.0.0:40607, s2|0.0.0.0:39939]|listeners:[], old=null
2023-12-13 16:21:10,839 [s1-server-thread3] DEBUG server.RaftServer$Division (RaftServerImpl.java:logAppendEntries(1504)) - s1@group-F8F047037FEF: receive appendEntries(s8, 1, (t:1, i:13), 13, false, commits:[s8:c13, s0:c12, s1:c12, s3:c12, s2:c12, s4:c12, s5:c11, s6:c12, s7:c12], cId:25, entries: [(t:1, i:14), METADATAENTRY(c:13), (t:1, i:15), CONFIGURATIONENTRY(current:id: "s3"
address: "0.0.0.0:35783"
clientAddress: "0.0.0.0:35783"
adminAddress: "0.0.0.0:35783"
startupRole: FOLLOWER
,id: "s4"
address: "0.0.0.0:45543"
clientAddress: "0.0.0.0:45543"
adminAddress: "0.0.0.0:45543"
startupRole: FOLLOWER
,id: "s5"
address: "0.0.0.0:39205"
clientAddress: "0.0.0.0:39205"
adminAddress: "0.0.0.0:39205"
startupRole: FOLLOWER
,id: "s6"
address: "0.0.0.0:33523"
clientAddress: "0.0.0.0:33523"
adminAddress: "0.0.0.0:33523"
startupRole: FOLLOWER
,id: "s7"
address: "0.0.0.0:33769"
clientAddress: "0.0.0.0:33769"
adminAddress: "0.0.0.0:33769"
startupRole: FOLLOWER
,id: "s8"
address: "0.0.0.0:44341"
clientAddress: "0.0.0.0:44341"
adminAddress: "0.0.0.0:44341"
startupRole: FOLLOWER
,id: "s0"
address: "0.0.0.0:42169"
clientAddress: "0.0.0.0:42169"
adminAddress: "0.0.0.0:42169"
startupRole: FOLLOWER
,id: "s1"
address: "0.0.0.0:40607"
clientAddress: "0.0.0.0:40607"
adminAddress: "0.0.0.0:40607"
startupRole: FOLLOWER
,id: "s2"
address: "0.0.0.0:39939"
clientAddress: "0.0.0.0:39939"
adminAddress: "0.0.0.0:39939"
startupRole: FOLLOWER
, old:)]
2023-12-13 16:21:10,839 [s7-server-thread2] DEBUG server.RaftServer$Division (RaftServerImpl.java:logAppendEntries(1504)) - s7@group-F8F047037FEF: succeeded to handle AppendEntries. Reply: s8<-s7#5:OK-t1,SUCCESS,nextIndex=14,followerCommit=12,matchIndex=13
2023-12-13 16:21:10,839 [s1-server-thread3] INFO  server.RaftServer$Division (ServerState.java:setRaftConf(382)) - s1@group-F8F047037FEF: set configuration 15: peers:[s3|0.0.0.0:35783, s4|0.0.0.0:45543, s5|0.0.0.0:39205, s6|0.0.0.0:33523, s7|0.0.0.0:33769, s8|0.0.0.0:44341, s0|0.0.0.0:42169, s1|0.0.0.0:40607, s2|0.0.0.0:39939]|listeners:[], old=null
2023-12-13 16:21:10,839 [s7@group-F8F047037FEF-StateMachineUpdater] TRACE util.FileUtils (LogUtils.java:runAndLog(49)) - Successfully ran Atomic Files.move /home/runner/work/ratis/ratis/ratis-test/target/test/data/1e4ee837/MiniRaftClusterWithGrpc24096a27/s7/a9a0c5d7-4cce-4ef9-8f13-f8f047037fef/current/raft-meta.conf.tmp to /home/runner/work/ratis/ratis/ratis-test/target/test/data/1e4ee837/MiniRaftClusterWithGrpc24096a27/s7/a9a0c5d7-4cce-4ef9-8f13-f8f047037fef/current/raft-meta.conf with options [REPLACE_EXISTING]
2023-12-13 16:21:10,840 [s7@group-F8F047037FEF-StateMachineUpdater] TRACE util.FileUtils (LogUtils.java:supplyAndLog(69)) - Successfully supplied FileChannel.open /home/runner/work/ratis/ratis/ratis-test/target/test/data/1e4ee837/MiniRaftClusterWithGrpc24096a27/s7/a9a0c5d7-4cce-4ef9-8f13-f8f047037fef/current/raft-meta.conf.tmp with options [CREATE, WRITE]: sun.nio.ch.FileChannelImpl@1b45fadc
2023-12-13 16:21:10,840 [s1@group-F8F047037FEF-StateMachineUpdater] TRACE util.FileUtils (LogUtils.java:supplyAndLog(69)) - Successfully supplied FileChannel.open /home/runner/work/ratis/ratis/ratis-test/target/test/data/1e4ee837/MiniRaftClusterWithGrpc24096a27/s1/a9a0c5d7-4cce-4ef9-8f13-f8f047037fef/current/raft-meta.conf.tmp with options [CREATE, WRITE]: sun.nio.ch.FileChannelImpl@137defd5
2023-12-13 16:21:10,840 [s6@group-F8F047037FEF-StateMachineUpdater] TRACE util.FileUtils (LogUtils.java:runAndLog(49)) - Successfully ran Atomic Files.move /home/runner/work/ratis/ratis/ratis-test/target/test/data/1e4ee837/MiniRaftClusterWithGrpc24096a27/s6/a9a0c5d7-4cce-4ef9-8f13-f8f047037fef/current/raft-meta.conf.tmp to /home/runner/work/ratis/ratis/ratis-test/target/test/data/1e4ee837/MiniRaftClusterWithGrpc24096a27/s6/a9a0c5d7-4cce-4ef9-8f13-f8f047037fef/current/raft-meta.conf with options [REPLACE_EXISTING]
2023-12-13 16:21:10,840 [s6@group-F8F047037FEF-StateMachineUpdater] TRACE util.FileUtils (LogUtils.java:supplyAndLog(69)) - Successfully supplied FileChannel.open /home/runner/work/ratis/ratis/ratis-test/target/test/data/1e4ee837/MiniRaftClusterWithGrpc24096a27/s6/a9a0c5d7-4cce-4ef9-8f13-f8f047037fef/current/raft-meta.conf.tmp with options [CREATE, WRITE]: sun.nio.ch.FileChannelImpl@56386929
2023-12-13 16:21:10,840 [s1-server-thread3] DEBUG server.RaftServer$Division (RaftServerImpl.java:logAppendEntries(1504)) - s1@group-F8F047037FEF: succeeded to handle AppendEntries. Reply: s8<-s1#25:OK-t1,SUCCESS,nextIndex=16,followerCommit=13,matchIndex=15
2023-12-13 16:21:10,841 [s8@group-F8F047037FEF-StateMachineUpdater] TRACE util.FileUtils (LogUtils.java:runAndLog(49)) - Successfully ran Atomic Files.move /home/runner/work/ratis/ratis/ratis-test/target/test/data/1e4ee837/MiniRaftClusterWithGrpc24096a27/s8/a9a0c5d7-4cce-4ef9-8f13-f8f047037fef/current/raft-meta.conf.tmp to /home/runner/work/ratis/ratis/ratis-test/target/test/data/1e4ee837/MiniRaftClusterWithGrpc24096a27/s8/a9a0c5d7-4cce-4ef9-8f13-f8f047037fef/current/raft-meta.conf with options [REPLACE_EXISTING]
2023-12-13 16:21:10,842 [s7@group-F8F047037FEF-StateMachineUpdater] TRACE util.FileUtils (LogUtils.java:runAndLog(49)) - Successfully ran Atomic Files.move /home/runner/work/ratis/ratis/ratis-test/target/test/data/1e4ee837/MiniRaftClusterWithGrpc24096a27/s7/a9a0c5d7-4cce-4ef9-8f13-f8f047037fef/current/raft-meta.conf.tmp to /home/runner/work/ratis/ratis/ratis-test/target/test/data/1e4ee837/MiniRaftClusterWithGrpc24096a27/s7/a9a0c5d7-4cce-4ef9-8f13-f8f047037fef/current/raft-meta.conf with options [REPLACE_EXISTING]
2023-12-13 16:21:10,842 [s7@group-F8F047037FEF-StateMachineUpdater] TRACE util.FileUtils (LogUtils.java:supplyAndLog(69)) - Successfully supplied FileChannel.open /home/runner/work/ratis/ratis/ratis-test/target/test/data/1e4ee837/MiniRaftClusterWithGrpc24096a27/s7/a9a0c5d7-4cce-4ef9-8f13-f8f047037fef/current/raft-meta.conf.tmp with options [CREATE, WRITE]: sun.nio.ch.FileChannelImpl@4c3e2ca2
2023-12-13 16:21:10,842 [s6-server-thread1] DEBUG server.RaftServer$Division (RaftServerImpl.java:logAppendEntries(1504)) - s6@group-F8F047037FEF: receive appendEntries(s8, 1, (t:1, i:13), 13, false, commits:[s8:c13, s0:c12, s1:c12, s3:c12, s2:c12, s4:c12, s5:c11, s6:c12, s7:c12], cId:4, entries: [(t:1, i:14), METADATAENTRY(c:13), (t:1, i:15), CONFIGURATIONENTRY(current:id: "s3"
address: "0.0.0.0:35783"
clientAddress: "0.0.0.0:35783"
adminAddress: "0.0.0.0:35783"
startupRole: FOLLOWER
,id: "s4"
address: "0.0.0.0:45543"
clientAddress: "0.0.0.0:45543"
adminAddress: "0.0.0.0:45543"
startupRole: FOLLOWER
,id: "s5"
address: "0.0.0.0:39205"
clientAddress: "0.0.0.0:39205"
adminAddress: "0.0.0.0:39205"
startupRole: FOLLOWER
,id: "s6"
address: "0.0.0.0:33523"
clientAddress: "0.0.0.0:33523"
adminAddress: "0.0.0.0:33523"
startupRole: FOLLOWER
,id: "s7"
address: "0.0.0.0:33769"
clientAddress: "0.0.0.0:33769"
adminAddress: "0.0.0.0:33769"
startupRole: FOLLOWER
,id: "s8"
address: "0.0.0.0:44341"
clientAddress: "0.0.0.0:44341"
adminAddress: "0.0.0.0:44341"
startupRole: FOLLOWER
,id: "s0"
address: "0.0.0.0:42169"
clientAddress: "0.0.0.0:42169"
adminAddress: "0.0.0.0:42169"
startupRole: FOLLOWER
,id: "s1"
address: "0.0.0.0:40607"
clientAddress: "0.0.0.0:40607"
adminAddress: "0.0.0.0:40607"
startupRole: FOLLOWER
,id: "s2"
address: "0.0.0.0:39939"
clientAddress: "0.0.0.0:39939"
adminAddress: "0.0.0.0:39939"
startupRole: FOLLOWER
, old:)]
2023-12-13 16:21:10,842 [s6-server-thread1] INFO  server.RaftServer$Division (ServerState.java:setRaftConf(382)) - s6@group-F8F047037FEF: set configuration 15: peers:[s3|0.0.0.0:35783, s4|0.0.0.0:45543, s5|0.0.0.0:39205, s6|0.0.0.0:33523, s7|0.0.0.0:33769, s8|0.0.0.0:44341, s0|0.0.0.0:42169, s1|0.0.0.0:40607, s2|0.0.0.0:39939]|listeners:[], old=null
2023-12-13 16:21:10,843 [s2-server-thread1] DEBUG server.RaftServer$Division (RaftServerImpl.java:logAppendEntries(1504)) - s2@group-F8F047037FEF: receive appendEntries(s8, 1, (t:1, i:13), 13, false, commits:[s8:c13, s0:c12, s1:c13, s3:c12, s2:c12, s4:c12, s5:c11, s6:c12, s7:c12], cId:17, entries: [(t:1, i:14), METADATAENTRY(c:13), (t:1, i:15), CONFIGURATIONENTRY(current:id: "s3"
address: "0.0.0.0:35783"
clientAddress: "0.0.0.0:35783"
adminAddress: "0.0.0.0:35783"
startupRole: FOLLOWER
,id: "s4"
address: "0.0.0.0:45543"
clientAddress: "0.0.0.0:45543"
adminAddress: "0.0.0.0:45543"
startupRole: FOLLOWER
,id: "s5"
address: "0.0.0.0:39205"
clientAddress: "0.0.0.0:39205"
adminAddress: "0.0.0.0:39205"
startupRole: FOLLOWER
,id: "s6"
address: "0.0.0.0:33523"
clientAddress: "0.0.0.0:33523"
adminAddress: "0.0.0.0:33523"
startupRole: FOLLOWER
,id: "s7"
address: "0.0.0.0:33769"
clientAddress: "0.0.0.0:33769"
adminAddress: "0.0.0.0:33769"
startupRole: FOLLOWER
,id: "s8"
address: "0.0.0.0:44341"
clientAddress: "0.0.0.0:44341"
adminAddress: "0.0.0.0:44341"
startupRole: FOLLOWER
,id: "s0"
address: "0.0.0.0:42169"
clientAddress: "0.0.0.0:42169"
adminAddress: "0.0.0.0:42169"
startupRole: FOLLOWER
,id: "s1"
address: "0.0.0.0:40607"
clientAddress: "0.0.0.0:40607"
adminAddress: "0.0.0.0:40607"
startupRole: FOLLOWER
,id: "s2"
address: "0.0.0.0:39939"
clientAddress: "0.0.0.0:39939"
adminAddress: "0.0.0.0:39939"
startupRole: FOLLOWER
, old:)]
2023-12-13 16:21:10,843 [s1@group-F8F047037FEF-StateMachineUpdater] TRACE util.FileUtils (LogUtils.java:runAndLog(49)) - Successfully ran Atomic Files.move /home/runner/work/ratis/ratis/ratis-test/target/test/data/1e4ee837/MiniRaftClusterWithGrpc24096a27/s1/a9a0c5d7-4cce-4ef9-8f13-f8f047037fef/current/raft-meta.conf.tmp to /home/runner/work/ratis/ratis/ratis-test/target/test/data/1e4ee837/MiniRaftClusterWithGrpc24096a27/s1/a9a0c5d7-4cce-4ef9-8f13-f8f047037fef/current/raft-meta.conf with options [REPLACE_EXISTING]
2023-12-13 16:21:10,843 [s6@group-F8F047037FEF-StateMachineUpdater] TRACE util.FileUtils (LogUtils.java:runAndLog(49)) - Successfully ran Atomic Files.move /home/runner/work/ratis/ratis/ratis-test/target/test/data/1e4ee837/MiniRaftClusterWithGrpc24096a27/s6/a9a0c5d7-4cce-4ef9-8f13-f8f047037fef/current/raft-meta.conf.tmp to /home/runner/work/ratis/ratis/ratis-test/target/test/data/1e4ee837/MiniRaftClusterWithGrpc24096a27/s6/a9a0c5d7-4cce-4ef9-8f13-f8f047037fef/current/raft-meta.conf with options [REPLACE_EXISTING]
2023-12-13 16:21:10,843 [s2-server-thread1] INFO  server.RaftServer$Division (ServerState.java:setRaftConf(382)) - s2@group-F8F047037FEF: set configuration 15: peers:[s3|0.0.0.0:35783, s4|0.0.0.0:45543, s5|0.0.0.0:39205, s6|0.0.0.0:33523, s7|0.0.0.0:33769, s8|0.0.0.0:44341, s0|0.0.0.0:42169, s1|0.0.0.0:40607, s2|0.0.0.0:39939]|listeners:[], old=null
2023-12-13 16:21:10,843 [s6@group-F8F047037FEF-StateMachineUpdater] TRACE util.FileUtils (LogUtils.java:supplyAndLog(69)) - Successfully supplied FileChannel.open /home/runner/work/ratis/ratis/ratis-test/target/test/data/1e4ee837/MiniRaftClusterWithGrpc24096a27/s6/a9a0c5d7-4cce-4ef9-8f13-f8f047037fef/current/raft-meta.conf.tmp with options [CREATE, WRITE]: sun.nio.ch.FileChannelImpl@a18e216
2023-12-13 16:21:10,843 [s2-server-thread1] DEBUG server.RaftServer$Division (RaftServerImpl.java:logAppendEntries(1504)) - s2@group-F8F047037FEF: succeeded to handle AppendEntries. Reply: s8<-s2#17:OK-t1,SUCCESS,nextIndex=16,followerCommit=13,matchIndex=15
2023-12-13 16:21:10,844 [s2@group-F8F047037FEF-StateMachineUpdater] TRACE util.FileUtils (LogUtils.java:supplyAndLog(69)) - Successfully supplied FileChannel.open /home/runner/work/ratis/ratis/ratis-test/target/test/data/1e4ee837/MiniRaftClusterWithGrpc24096a27/s2/a9a0c5d7-4cce-4ef9-8f13-f8f047037fef/current/raft-meta.conf.tmp with options [CREATE, WRITE]: sun.nio.ch.FileChannelImpl@462da13b
2023-12-13 16:21:10,844 [s4-server-thread1] DEBUG server.RaftServer$Division (RaftServerImpl.java:logAppendEntries(1504)) - s4@group-F8F047037FEF: receive appendEntries(s8, 1, (t:1, i:13), 13, false, commits:[s8:c13, s0:c12, s1:c13, s3:c12, s2:c12, s4:c12, s5:c11, s6:c12, s7:c12], cId:12, entries: [(t:1, i:14), METADATAENTRY(c:13), (t:1, i:15), CONFIGURATIONENTRY(current:id: "s3"
address: "0.0.0.0:35783"
clientAddress: "0.0.0.0:35783"
adminAddress: "0.0.0.0:35783"
startupRole: FOLLOWER
,id: "s4"
address: "0.0.0.0:45543"
clientAddress: "0.0.0.0:45543"
adminAddress: "0.0.0.0:45543"
startupRole: FOLLOWER
,id: "s5"
address: "0.0.0.0:39205"
clientAddress: "0.0.0.0:39205"
adminAddress: "0.0.0.0:39205"
startupRole: FOLLOWER
,id: "s6"
address: "0.0.0.0:33523"
clientAddress: "0.0.0.0:33523"
adminAddress: "0.0.0.0:33523"
startupRole: FOLLOWER
,id: "s7"
address: "0.0.0.0:33769"
clientAddress: "0.0.0.0:33769"
adminAddress: "0.0.0.0:33769"
startupRole: FOLLOWER
,id: "s8"
address: "0.0.0.0:44341"
clientAddress: "0.0.0.0:44341"
adminAddress: "0.0.0.0:44341"
startupRole: FOLLOWER
,id: "s0"
address: "0.0.0.0:42169"
clientAddress: "0.0.0.0:42169"
adminAddress: "0.0.0.0:42169"
startupRole: FOLLOWER
,id: "s1"
address: "0.0.0.0:40607"
clientAddress: "0.0.0.0:40607"
adminAddress: "0.0.0.0:40607"
startupRole: FOLLOWER
,id: "s2"
address: "0.0.0.0:39939"
clientAddress: "0.0.0.0:39939"
adminAddress: "0.0.0.0:39939"
startupRole: FOLLOWER
, old:)]
2023-12-13 16:21:10,844 [s4-server-thread1] INFO  server.RaftServer$Division (ServerState.java:setRaftConf(382)) - s4@group-F8F047037FEF: set configuration 15: peers:[s3|0.0.0.0:35783, s4|0.0.0.0:45543, s5|0.0.0.0:39205, s6|0.0.0.0:33523, s7|0.0.0.0:33769, s8|0.0.0.0:44341, s0|0.0.0.0:42169, s1|0.0.0.0:40607, s2|0.0.0.0:39939]|listeners:[], old=null
2023-12-13 16:21:10,845 [s0-server-thread2] DEBUG server.RaftServer$Division (RaftServerImpl.java:logAppendEntries(1504)) - s0@group-F8F047037FEF: receive appendEntries(s8, 1, (t:1, i:13), 13, false, commits:[s8:c13, s0:c12, s1:c13, s3:c12, s2:c12, s4:c12, s5:c11, s6:c12, s7:c12], cId:29, entries: [(t:1, i:14), METADATAENTRY(c:13), (t:1, i:15), CONFIGURATIONENTRY(current:id: "s3"
address: "0.0.0.0:35783"
clientAddress: "0.0.0.0:35783"
adminAddress: "0.0.0.0:35783"
startupRole: FOLLOWER
,id: "s4"
address: "0.0.0.0:45543"
clientAddress: "0.0.0.0:45543"
adminAddress: "0.0.0.0:45543"
startupRole: FOLLOWER
,id: "s5"
address: "0.0.0.0:39205"
clientAddress: "0.0.0.0:39205"
adminAddress: "0.0.0.0:39205"
startupRole: FOLLOWER
,id: "s6"
address: "0.0.0.0:33523"
clientAddress: "0.0.0.0:33523"
adminAddress: "0.0.0.0:33523"
startupRole: FOLLOWER
,id: "s7"
address: "0.0.0.0:33769"
clientAddress: "0.0.0.0:33769"
adminAddress: "0.0.0.0:33769"
startupRole: FOLLOWER
,id: "s8"
address: "0.0.0.0:44341"
clientAddress: "0.0.0.0:44341"
adminAddress: "0.0.0.0:44341"
startupRole: FOLLOWER
,id: "s0"
address: "0.0.0.0:42169"
clientAddress: "0.0.0.0:42169"
adminAddress: "0.0.0.0:42169"
startupRole: FOLLOWER
,id: "s1"
address: "0.0.0.0:40607"
clientAddress: "0.0.0.0:40607"
adminAddress: "0.0.0.0:40607"
startupRole: FOLLOWER
,id: "s2"
address: "0.0.0.0:39939"
clientAddress: "0.0.0.0:39939"
adminAddress: "0.0.0.0:39939"
startupRole: FOLLOWER
, old:)]
2023-12-13 16:21:10,845 [s0-server-thread2] INFO  server.RaftServer$Division (ServerState.java:setRaftConf(382)) - s0@group-F8F047037FEF: set configuration 15: peers:[s3|0.0.0.0:35783, s4|0.0.0.0:45543, s5|0.0.0.0:39205, s6|0.0.0.0:33523, s7|0.0.0.0:33769, s8|0.0.0.0:44341, s0|0.0.0.0:42169, s1|0.0.0.0:40607, s2|0.0.0.0:39939]|listeners:[], old=null
2023-12-13 16:21:10,845 [s3-server-thread3] DEBUG server.RaftServer$Division (RaftServerImpl.java:logAppendEntries(1504)) - s3@group-F8F047037FEF: receive appendEntries(s8, 1, (t:1, i:13), 13, false, commits:[s8:c13, s0:c12, s1:c13, s3:c12, s2:c12, s4:c12, s5:c11, s6:c12, s7:c12], cId:17, entries: [(t:1, i:14), METADATAENTRY(c:13), (t:1, i:15), CONFIGURATIONENTRY(current:id: "s3"
address: "0.0.0.0:35783"
clientAddress: "0.0.0.0:35783"
adminAddress: "0.0.0.0:35783"
startupRole: FOLLOWER
,id: "s4"
address: "0.0.0.0:45543"
clientAddress: "0.0.0.0:45543"
adminAddress: "0.0.0.0:45543"
startupRole: FOLLOWER
,id: "s5"
address: "0.0.0.0:39205"
clientAddress: "0.0.0.0:39205"
adminAddress: "0.0.0.0:39205"
startupRole: FOLLOWER
,id: "s6"
address: "0.0.0.0:33523"
clientAddress: "0.0.0.0:33523"
adminAddress: "0.0.0.0:33523"
startupRole: FOLLOWER
,id: "s7"
address: "0.0.0.0:33769"
clientAddress: "0.0.0.0:33769"
adminAddress: "0.0.0.0:33769"
startupRole: FOLLOWER
,id: "s8"
address: "0.0.0.0:44341"
clientAddress: "0.0.0.0:44341"
adminAddress: "0.0.0.0:44341"
startupRole: FOLLOWER
,id: "s0"
address: "0.0.0.0:42169"
clientAddress: "0.0.0.0:42169"
adminAddress: "0.0.0.0:42169"
startupRole: FOLLOWER
,id: "s1"
address: "0.0.0.0:40607"
clientAddress: "0.0.0.0:40607"
adminAddress: "0.0.0.0:40607"
startupRole: FOLLOWER
,id: "s2"
address: "0.0.0.0:39939"
clientAddress: "0.0.0.0:39939"
adminAddress: "0.0.0.0:39939"
startupRole: FOLLOWER
, old:)]
2023-12-13 16:21:10,845 [s3-server-thread3] INFO  server.RaftServer$Division (ServerState.java:setRaftConf(382)) - s3@group-F8F047037FEF: set configuration 15: peers:[s3|0.0.0.0:35783, s4|0.0.0.0:45543, s5|0.0.0.0:39205, s6|0.0.0.0:33523, s7|0.0.0.0:33769, s8|0.0.0.0:44341, s0|0.0.0.0:42169, s1|0.0.0.0:40607, s2|0.0.0.0:39939]|listeners:[], old=null
2023-12-13 16:21:10,846 [s7-server-thread2] DEBUG server.RaftServer$Division (RaftServerImpl.java:logAppendEntries(1504)) - s7@group-F8F047037FEF: receive appendEntries(s8, 1, (t:1, i:13), 13, false, commits:[s8:c13, s0:c12, s1:c13, s3:c12, s2:c12, s4:c12, s5:c11, s6:c12, s7:c12], cId:6, entries: [(t:1, i:14), METADATAENTRY(c:13), (t:1, i:15), CONFIGURATIONENTRY(current:id: "s3"
address: "0.0.0.0:35783"
clientAddress: "0.0.0.0:35783"
adminAddress: "0.0.0.0:35783"
startupRole: FOLLOWER
,id: "s4"
address: "0.0.0.0:45543"
clientAddress: "0.0.0.0:45543"
adminAddress: "0.0.0.0:45543"
startupRole: FOLLOWER
,id: "s5"
address: "0.0.0.0:39205"
clientAddress: "0.0.0.0:39205"
adminAddress: "0.0.0.0:39205"
startupRole: FOLLOWER
,id: "s6"
address: "0.0.0.0:33523"
clientAddress: "0.0.0.0:33523"
adminAddress: "0.0.0.0:33523"
startupRole: FOLLOWER
,id: "s7"
address: "0.0.0.0:33769"
clientAddress: "0.0.0.0:33769"
adminAddress: "0.0.0.0:33769"
startupRole: FOLLOWER
,id: "s8"
address: "0.0.0.0:44341"
clientAddress: "0.0.0.0:44341"
adminAddress: "0.0.0.0:44341"
startupRole: FOLLOWER
,id: "s0"
address: "0.0.0.0:42169"
clientAddress: "0.0.0.0:42169"
adminAddress: "0.0.0.0:42169"
startupRole: FOLLOWER
,id: "s1"
address: "0.0.0.0:40607"
clientAddress: "0.0.0.0:40607"
adminAddress: "0.0.0.0:40607"
startupRole: FOLLOWER
,id: "s2"
address: "0.0.0.0:39939"
clientAddress: "0.0.0.0:39939"
adminAddress: "0.0.0.0:39939"
startupRole: FOLLOWER
, old:)]
2023-12-13 16:21:10,846 [s7-server-thread2] INFO  server.RaftServer$Division (ServerState.java:setRaftConf(382)) - s7@group-F8F047037FEF: set configuration 15: peers:[s3|0.0.0.0:35783, s4|0.0.0.0:45543, s5|0.0.0.0:39205, s6|0.0.0.0:33523, s7|0.0.0.0:33769, s8|0.0.0.0:44341, s0|0.0.0.0:42169, s1|0.0.0.0:40607, s2|0.0.0.0:39939]|listeners:[], old=null
2023-12-13 16:21:10,846 [s4-server-thread1] DEBUG server.RaftServer$Division (RaftServerImpl.java:logAppendEntries(1504)) - s4@group-F8F047037FEF: succeeded to handle AppendEntries. Reply: s8<-s4#12:OK-t1,SUCCESS,nextIndex=16,followerCommit=13,matchIndex=15
2023-12-13 16:21:10,847 [s6-server-thread2] DEBUG server.RaftServer$Division (RaftServerImpl.java:logAppendEntries(1504)) - s6@group-F8F047037FEF: succeeded to handle AppendEntries. Reply: s8<-s6#4:OK-t1,SUCCESS,nextIndex=16,followerCommit=13,matchIndex=15
2023-12-13 16:21:10,847 [s6-server-thread1] DEBUG server.RaftServer$Division (RaftServerImpl.java:logAppendEntries(1504)) - s6@group-F8F047037FEF: succeeded to handle AppendEntries. Reply: s8<-s6#3:OK-t1,SUCCESS,nextIndex=14,followerCommit=13,matchIndex=13
2023-12-13 16:21:10,847 [s4@group-F8F047037FEF-StateMachineUpdater] TRACE util.FileUtils (LogUtils.java:supplyAndLog(69)) - Successfully supplied FileChannel.open /home/runner/work/ratis/ratis/ratis-test/target/test/data/1e4ee837/MiniRaftClusterWithGrpc24096a27/s4/a9a0c5d7-4cce-4ef9-8f13-f8f047037fef/current/raft-meta.conf.tmp with options [CREATE, WRITE]: sun.nio.ch.FileChannelImpl@c5f356d
2023-12-13 16:21:10,847 [s0-server-thread2] DEBUG server.RaftServer$Division (RaftServerImpl.java:logAppendEntries(1504)) - s0@group-F8F047037FEF: succeeded to handle AppendEntries. Reply: s8<-s0#29:OK-t1,SUCCESS,nextIndex=16,followerCommit=13,matchIndex=15
2023-12-13 16:21:10,847 [s3-server-thread3] DEBUG server.RaftServer$Division (RaftServerImpl.java:logAppendEntries(1504)) - s3@group-F8F047037FEF: succeeded to handle AppendEntries. Reply: s8<-s3#17:OK-t1,SUCCESS,nextIndex=16,followerCommit=13,matchIndex=15
2023-12-13 16:21:10,847 [s7-server-thread2] DEBUG server.RaftServer$Division (RaftServerImpl.java:logAppendEntries(1504)) - s7@group-F8F047037FEF: succeeded to handle AppendEntries. Reply: s8<-s7#6:OK-t1,SUCCESS,nextIndex=16,followerCommit=13,matchIndex=15
2023-12-13 16:21:10,847 [s7@group-F8F047037FEF-StateMachineUpdater] TRACE util.FileUtils (LogUtils.java:runAndLog(49)) - Successfully ran Atomic Files.move /home/runner/work/ratis/ratis/ratis-test/target/test/data/1e4ee837/MiniRaftClusterWithGrpc24096a27/s7/a9a0c5d7-4cce-4ef9-8f13-f8f047037fef/current/raft-meta.conf.tmp to /home/runner/work/ratis/ratis/ratis-test/target/test/data/1e4ee837/MiniRaftClusterWithGrpc24096a27/s7/a9a0c5d7-4cce-4ef9-8f13-f8f047037fef/current/raft-meta.conf with options [REPLACE_EXISTING]
2023-12-13 16:21:10,848 [s3@group-F8F047037FEF-StateMachineUpdater] TRACE util.FileUtils (LogUtils.java:supplyAndLog(69)) - Successfully supplied FileChannel.open /home/runner/work/ratis/ratis/ratis-test/target/test/data/1e4ee837/MiniRaftClusterWithGrpc24096a27/s3/a9a0c5d7-4cce-4ef9-8f13-f8f047037fef/current/raft-meta.conf.tmp with options [CREATE, WRITE]: sun.nio.ch.FileChannelImpl@6154857c
2023-12-13 16:21:10,848 [s0@group-F8F047037FEF-StateMachineUpdater] TRACE util.FileUtils (LogUtils.java:supplyAndLog(69)) - Successfully supplied FileChannel.open /home/runner/work/ratis/ratis/ratis-test/target/test/data/1e4ee837/MiniRaftClusterWithGrpc24096a27/s0/a9a0c5d7-4cce-4ef9-8f13-f8f047037fef/current/raft-meta.conf.tmp with options [CREATE, WRITE]: sun.nio.ch.FileChannelImpl@3816f1c1
2023-12-13 16:21:10,848 [s2@group-F8F047037FEF-StateMachineUpdater] TRACE util.FileUtils (LogUtils.java:runAndLog(49)) - Successfully ran Atomic Files.move /home/runner/work/ratis/ratis/ratis-test/target/test/data/1e4ee837/MiniRaftClusterWithGrpc24096a27/s2/a9a0c5d7-4cce-4ef9-8f13-f8f047037fef/current/raft-meta.conf.tmp to /home/runner/work/ratis/ratis/ratis-test/target/test/data/1e4ee837/MiniRaftClusterWithGrpc24096a27/s2/a9a0c5d7-4cce-4ef9-8f13-f8f047037fef/current/raft-meta.conf with options [REPLACE_EXISTING]
2023-12-13 16:21:10,848 [s6@group-F8F047037FEF-StateMachineUpdater] TRACE util.FileUtils (LogUtils.java:runAndLog(49)) - Successfully ran Atomic Files.move /home/runner/work/ratis/ratis/ratis-test/target/test/data/1e4ee837/MiniRaftClusterWithGrpc24096a27/s6/a9a0c5d7-4cce-4ef9-8f13-f8f047037fef/current/raft-meta.conf.tmp to /home/runner/work/ratis/ratis/ratis-test/target/test/data/1e4ee837/MiniRaftClusterWithGrpc24096a27/s6/a9a0c5d7-4cce-4ef9-8f13-f8f047037fef/current/raft-meta.conf with options [REPLACE_EXISTING]
2023-12-13 16:21:10,848 [s6@group-F8F047037FEF-StateMachineUpdater] TRACE util.FileUtils (LogUtils.java:supplyAndLog(69)) - Successfully supplied FileChannel.open /home/runner/work/ratis/ratis/ratis-test/target/test/data/1e4ee837/MiniRaftClusterWithGrpc24096a27/s6/a9a0c5d7-4cce-4ef9-8f13-f8f047037fef/current/raft-meta.conf.tmp with options [CREATE, WRITE]: sun.nio.ch.FileChannelImpl@2e230aa4
2023-12-13 16:21:10,848 [s7@group-F8F047037FEF-StateMachineUpdater] TRACE util.FileUtils (LogUtils.java:supplyAndLog(69)) - Successfully supplied FileChannel.open /home/runner/work/ratis/ratis/ratis-test/target/test/data/1e4ee837/MiniRaftClusterWithGrpc24096a27/s7/a9a0c5d7-4cce-4ef9-8f13-f8f047037fef/current/raft-meta.conf.tmp with options [CREATE, WRITE]: sun.nio.ch.FileChannelImpl@4a8a6db0
2023-12-13 16:21:10,851 [s0@group-F8F047037FEF-StateMachineUpdater] TRACE util.FileUtils (LogUtils.java:runAndLog(49)) - Successfully ran Atomic Files.move /home/runner/work/ratis/ratis/ratis-test/target/test/data/1e4ee837/MiniRaftClusterWithGrpc24096a27/s0/a9a0c5d7-4cce-4ef9-8f13-f8f047037fef/current/raft-meta.conf.tmp to /home/runner/work/ratis/ratis/ratis-test/target/test/data/1e4ee837/MiniRaftClusterWithGrpc24096a27/s0/a9a0c5d7-4cce-4ef9-8f13-f8f047037fef/current/raft-meta.conf with options [REPLACE_EXISTING]
2023-12-13 16:21:10,851 [s7-server-thread2] DEBUG server.RaftServer$Division (RaftServerImpl.java:logAppendEntries(1504)) - s7@group-F8F047037FEF: receive appendEntries(s8, 1, (t:1, i:15), 15, false, commits:[s8:c15, s0:c13, s1:c13, s3:c12, s2:c13, s4:c13, s5:c11, s6:c13, s7:c12], cId:9, entries: [(t:1, i:16), METADATAENTRY(c:15)]
2023-12-13 16:21:10,851 [s6@group-F8F047037FEF-StateMachineUpdater] TRACE util.FileUtils (LogUtils.java:runAndLog(49)) - Successfully ran Atomic Files.move /home/runner/work/ratis/ratis/ratis-test/target/test/data/1e4ee837/MiniRaftClusterWithGrpc24096a27/s6/a9a0c5d7-4cce-4ef9-8f13-f8f047037fef/current/raft-meta.conf.tmp to /home/runner/work/ratis/ratis/ratis-test/target/test/data/1e4ee837/MiniRaftClusterWithGrpc24096a27/s6/a9a0c5d7-4cce-4ef9-8f13-f8f047037fef/current/raft-meta.conf with options [REPLACE_EXISTING]
2023-12-13 16:21:10,851 [s7-server-thread2] DEBUG server.RaftServer$Division (RaftServerImpl.java:logAppendEntries(1504)) - s7@group-F8F047037FEF: succeeded to handle AppendEntries. Reply: s8<-s7#9:OK-t1,SUCCESS,nextIndex=17,followerCommit=15,matchIndex=16
2023-12-13 16:21:10,851 [s0-server-thread2] DEBUG server.RaftServer$Division (RaftServerImpl.java:logAppendEntries(1504)) - s0@group-F8F047037FEF: receive appendEntries(s8, 1, (t:1, i:15), 15, false, commits:[s8:c15, s0:c13, s1:c13, s3:c12, s2:c13, s4:c13, s5:c11, s6:c13, s7:c12], cId:31, entries: [(t:1, i:16), METADATAENTRY(c:15)]
2023-12-13 16:21:10,851 [s2-server-thread1] DEBUG server.RaftServer$Division (RaftServerImpl.java:logAppendEntries(1504)) - s2@group-F8F047037FEF: receive appendEntries(s8, 1, (t:1, i:15), 15, false, commits:[s8:c15, s0:c13, s1:c13, s3:c12, s2:c13, s4:c13, s5:c11, s6:c13, s7:c12], cId:18, entries: [(t:1, i:16), METADATAENTRY(c:15)]
2023-12-13 16:21:10,852 [Time-limited test] DEBUG client.RaftClient (RaftClientImpl.java:add(150)) - client-F91164B2CD9A: add replied callId 46
2023-12-13 16:21:10,852 [s6@group-F8F047037FEF-StateMachineUpdater] TRACE util.FileUtils (LogUtils.java:supplyAndLog(69)) - Successfully supplied FileChannel.open /home/runner/work/ratis/ratis/ratis-test/target/test/data/1e4ee837/MiniRaftClusterWithGrpc24096a27/s6/a9a0c5d7-4cce-4ef9-8f13-f8f047037fef/current/raft-meta.conf.tmp with options [CREATE, WRITE]: sun.nio.ch.FileChannelImpl@5bc62071
2023-12-13 16:21:10,852 [s1-server-thread3] DEBUG server.RaftServer$Division (RaftServerImpl.java:logAppendEntries(1504)) - s1@group-F8F047037FEF: receive appendEntries(s8, 1, (t:1, i:15), 15, false, commits:[s8:c15, s0:c13, s1:c13, s3:c12, s2:c13, s4:c13, s5:c11, s6:c13, s7:c12], cId:26, entries: [(t:1, i:16), METADATAENTRY(c:15)]
2023-12-13 16:21:10,852 [s4-server-thread1] DEBUG server.RaftServer$Division (RaftServerImpl.java:logAppendEntries(1504)) - s4@group-F8F047037FEF: receive appendEntries(s8, 1, (t:1, i:15), 15, false, commits:[s8:c15, s0:c13, s1:c13, s3:c12, s2:c13, s4:c13, s5:c11, s6:c13, s7:c12], cId:13, entries: [(t:1, i:16), METADATAENTRY(c:15)]
2023-12-13 16:21:10,852 [s0-server-thread2] DEBUG server.RaftServer$Division (RaftServerImpl.java:logAppendEntries(1504)) - s0@group-F8F047037FEF: succeeded to handle AppendEntries. Reply: s8<-s0#31:OK-t1,SUCCESS,nextIndex=17,followerCommit=15,matchIndex=16
2023-12-13 16:21:10,852 [s3-server-thread3] DEBUG server.RaftServer$Division (RaftServerImpl.java:logAppendEntries(1504)) - s3@group-F8F047037FEF: receive appendEntries(s8, 1, (t:1, i:15), 15, false, commits:[s8:c15, s0:c13, s1:c13, s3:c12, s2:c13, s4:c13, s5:c11, s6:c13, s7:c12], cId:20, entries: [(t:1, i:16), METADATAENTRY(c:15)]
2023-12-13 16:21:10,852 [s1-server-thread3] DEBUG server.RaftServer$Division (RaftServerImpl.java:logAppendEntries(1504)) - s1@group-F8F047037FEF: succeeded to handle AppendEntries. Reply: s8<-s1#26:OK-t1,SUCCESS,nextIndex=17,followerCommit=15,matchIndex=16
2023-12-13 16:21:10,852 [s6-server-thread2] DEBUG server.RaftServer$Division (RaftServerImpl.java:logAppendEntries(1504)) - s6@group-F8F047037FEF: receive appendEntries(s8, 1, (t:1, i:15), 15, false, commits:[s8:c15, s0:c13, s1:c13, s3:c12, s2:c13, s4:c13, s5:c11, s6:c13, s7:c12], cId:7, entries: [(t:1, i:16), METADATAENTRY(c:15)]
2023-12-13 16:21:10,853 [s2-server-thread1] DEBUG server.RaftServer$Division (RaftServerImpl.java:logAppendEntries(1504)) - s2@group-F8F047037FEF: succeeded to handle AppendEntries. Reply: s8<-s2#18:OK-t1,SUCCESS,nextIndex=17,followerCommit=15,matchIndex=16
2023-12-13 16:21:10,853 [s4-server-thread1] DEBUG server.RaftServer$Division (RaftServerImpl.java:logAppendEntries(1504)) - s4@group-F8F047037FEF: succeeded to handle AppendEntries. Reply: s8<-s4#13:OK-t1,SUCCESS,nextIndex=17,followerCommit=15,matchIndex=16
2023-12-13 16:21:10,853 [s3-server-thread3] DEBUG server.RaftServer$Division (RaftServerImpl.java:logAppendEntries(1504)) - s3@group-F8F047037FEF: succeeded to handle AppendEntries. Reply: s8<-s3#20:OK-t1,SUCCESS,nextIndex=17,followerCommit=15,matchIndex=16
2023-12-13 16:21:10,853 [s7@group-F8F047037FEF-StateMachineUpdater] TRACE util.FileUtils (LogUtils.java:runAndLog(49)) - Successfully ran Atomic Files.move /home/runner/work/ratis/ratis/ratis-test/target/test/data/1e4ee837/MiniRaftClusterWithGrpc24096a27/s7/a9a0c5d7-4cce-4ef9-8f13-f8f047037fef/current/raft-meta.conf.tmp to /home/runner/work/ratis/ratis/ratis-test/target/test/data/1e4ee837/MiniRaftClusterWithGrpc24096a27/s7/a9a0c5d7-4cce-4ef9-8f13-f8f047037fef/current/raft-meta.conf with options [REPLACE_EXISTING]
2023-12-13 16:21:10,853 [s1@group-F8F047037FEF-StateMachineUpdater] TRACE util.FileUtils (LogUtils.java:supplyAndLog(69)) - Successfully supplied FileChannel.open /home/runner/work/ratis/ratis/ratis-test/target/test/data/1e4ee837/MiniRaftClusterWithGrpc24096a27/s1/a9a0c5d7-4cce-4ef9-8f13-f8f047037fef/current/raft-meta.conf.tmp with options [CREATE, WRITE]: sun.nio.ch.FileChannelImpl@444a5a1a
2023-12-13 16:21:10,854 [s7@group-F8F047037FEF-StateMachineUpdater] TRACE util.FileUtils (LogUtils.java:supplyAndLog(69)) - Successfully supplied FileChannel.open /home/runner/work/ratis/ratis/ratis-test/target/test/data/1e4ee837/MiniRaftClusterWithGrpc24096a27/s7/a9a0c5d7-4cce-4ef9-8f13-f8f047037fef/current/raft-meta.conf.tmp with options [CREATE, WRITE]: sun.nio.ch.FileChannelImpl@5efbabed
2023-12-13 16:21:10,854 [s8@group-F8F047037FEF-StateMachineUpdater] TRACE util.FileUtils (LogUtils.java:supplyAndLog(69)) - Successfully supplied FileChannel.open /home/runner/work/ratis/ratis/ratis-test/target/test/data/1e4ee837/MiniRaftClusterWithGrpc24096a27/s8/a9a0c5d7-4cce-4ef9-8f13-f8f047037fef/current/raft-meta.conf.tmp with options [CREATE, WRITE]: sun.nio.ch.FileChannelImpl@6d64920f
2023-12-13 16:21:10,854 [s6-server-thread2] DEBUG server.RaftServer$Division (RaftServerImpl.java:logAppendEntries(1504)) - s6@group-F8F047037FEF: succeeded to handle AppendEntries. Reply: s8<-s6#7:OK-t1,SUCCESS,nextIndex=17,followerCommit=15,matchIndex=16
2023-12-13 16:21:10,855 [s0@group-F8F047037FEF-StateMachineUpdater] TRACE util.FileUtils (LogUtils.java:supplyAndLog(69)) - Successfully supplied FileChannel.open /home/runner/work/ratis/ratis/ratis-test/target/test/data/1e4ee837/MiniRaftClusterWithGrpc24096a27/s0/a9a0c5d7-4cce-4ef9-8f13-f8f047037fef/current/raft-meta.conf.tmp with options [CREATE, WRITE]: sun.nio.ch.FileChannelImpl@7050df40
2023-12-13 16:21:10,855 [s2@group-F8F047037FEF-StateMachineUpdater] TRACE util.FileUtils (LogUtils.java:supplyAndLog(69)) - Successfully supplied FileChannel.open /home/runner/work/ratis/ratis/ratis-test/target/test/data/1e4ee837/MiniRaftClusterWithGrpc24096a27/s2/a9a0c5d7-4cce-4ef9-8f13-f8f047037fef/current/raft-meta.conf.tmp with options [CREATE, WRITE]: sun.nio.ch.FileChannelImpl@39540a48
2023-12-13 16:21:10,856 [s3@group-F8F047037FEF-StateMachineUpdater] TRACE util.FileUtils (LogUtils.java:runAndLog(49)) - Successfully ran Atomic Files.move /home/runner/work/ratis/ratis/ratis-test/target/test/data/1e4ee837/MiniRaftClusterWithGrpc24096a27/s3/a9a0c5d7-4cce-4ef9-8f13-f8f047037fef/current/raft-meta.conf.tmp to /home/runner/work/ratis/ratis/ratis-test/target/test/data/1e4ee837/MiniRaftClusterWithGrpc24096a27/s3/a9a0c5d7-4cce-4ef9-8f13-f8f047037fef/current/raft-meta.conf with options [REPLACE_EXISTING]
2023-12-13 16:21:10,856 [s3@group-F8F047037FEF-StateMachineUpdater] TRACE util.FileUtils (LogUtils.java:supplyAndLog(69)) - Successfully supplied FileChannel.open /home/runner/work/ratis/ratis/ratis-test/target/test/data/1e4ee837/MiniRaftClusterWithGrpc24096a27/s3/a9a0c5d7-4cce-4ef9-8f13-f8f047037fef/current/raft-meta.conf.tmp with options [CREATE, WRITE]: sun.nio.ch.FileChannelImpl@eb51ebc
2023-12-13 16:21:10,857 [s5-server-thread3] INFO  server.RaftServer$Division (ServerState.java:setRaftConf(382)) - s5@group-F8F047037FEF: set configuration 13: peers:[s3|0.0.0.0:35783, s4|0.0.0.0:45543, s5|0.0.0.0:39205, s6|0.0.0.0:33523, s7|0.0.0.0:33769, s8|0.0.0.0:44341, s0|0.0.0.0:42169, s1|0.0.0.0:40607, s2|0.0.0.0:39939]|listeners:[], old=peers:[s3|0.0.0.0:35783, s8|0.0.0.0:44341, s0|0.0.0.0:42169, s1|0.0.0.0:40607, s2|0.0.0.0:39939]|listeners:[]
2023-12-13 16:21:10,858 [s4@group-F8F047037FEF-StateMachineUpdater] TRACE util.FileUtils (LogUtils.java:runAndLog(49)) - Successfully ran Atomic Files.move /home/runner/work/ratis/ratis/ratis-test/target/test/data/1e4ee837/MiniRaftClusterWithGrpc24096a27/s4/a9a0c5d7-4cce-4ef9-8f13-f8f047037fef/current/raft-meta.conf.tmp to /home/runner/work/ratis/ratis/ratis-test/target/test/data/1e4ee837/MiniRaftClusterWithGrpc24096a27/s4/a9a0c5d7-4cce-4ef9-8f13-f8f047037fef/current/raft-meta.conf with options [REPLACE_EXISTING]
2023-12-13 16:21:10,858 [s4@group-F8F047037FEF-StateMachineUpdater] TRACE util.FileUtils (LogUtils.java:supplyAndLog(69)) - Successfully supplied FileChannel.open /home/runner/work/ratis/ratis/ratis-test/target/test/data/1e4ee837/MiniRaftClusterWithGrpc24096a27/s4/a9a0c5d7-4cce-4ef9-8f13-f8f047037fef/current/raft-meta.conf.tmp with options [CREATE, WRITE]: sun.nio.ch.FileChannelImpl@51e0d1af
2023-12-13 16:21:10,858 [s2@group-F8F047037FEF-StateMachineUpdater] TRACE util.FileUtils (LogUtils.java:runAndLog(49)) - Successfully ran Atomic Files.move /home/runner/work/ratis/ratis/ratis-test/target/test/data/1e4ee837/MiniRaftClusterWithGrpc24096a27/s2/a9a0c5d7-4cce-4ef9-8f13-f8f047037fef/current/raft-meta.conf.tmp to /home/runner/work/ratis/ratis/ratis-test/target/test/data/1e4ee837/MiniRaftClusterWithGrpc24096a27/s2/a9a0c5d7-4cce-4ef9-8f13-f8f047037fef/current/raft-meta.conf with options [REPLACE_EXISTING]
2023-12-13 16:21:10,858 [s8@group-F8F047037FEF-StateMachineUpdater] TRACE util.FileUtils (LogUtils.java:runAndLog(49)) - Successfully ran Atomic Files.move /home/runner/work/ratis/ratis/ratis-test/target/test/data/1e4ee837/MiniRaftClusterWithGrpc24096a27/s8/a9a0c5d7-4cce-4ef9-8f13-f8f047037fef/current/raft-meta.conf.tmp to /home/runner/work/ratis/ratis/ratis-test/target/test/data/1e4ee837/MiniRaftClusterWithGrpc24096a27/s8/a9a0c5d7-4cce-4ef9-8f13-f8f047037fef/current/raft-meta.conf with options [REPLACE_EXISTING]
2023-12-13 16:21:10,858 [s7@group-F8F047037FEF-StateMachineUpdater] TRACE util.FileUtils (LogUtils.java:runAndLog(49)) - Successfully ran Atomic Files.move /home/runner/work/ratis/ratis/ratis-test/target/test/data/1e4ee837/MiniRaftClusterWithGrpc24096a27/s7/a9a0c5d7-4cce-4ef9-8f13-f8f047037fef/current/raft-meta.conf.tmp to /home/runner/work/ratis/ratis/ratis-test/target/test/data/1e4ee837/MiniRaftClusterWithGrpc24096a27/s7/a9a0c5d7-4cce-4ef9-8f13-f8f047037fef/current/raft-meta.conf with options [REPLACE_EXISTING]
2023-12-13 16:21:10,858 [s5-server-thread3] DEBUG server.RaftServer$Division (RaftServerImpl.java:logAppendEntries(1504)) - s5@group-F8F047037FEF: receive appendEntries(s8, 1, (t:1, i:13), 13, false, commits:[s8:c13, s0:c12, s1:c12, s3:c12, s2:c12, s4:c12, s5:c11, s6:c12, s7:c12], cId:13, entries: [(t:1, i:14), METADATAENTRY(c:13), (t:1, i:15), CONFIGURATIONENTRY(current:id: "s3"
address: "0.0.0.0:35783"
clientAddress: "0.0.0.0:35783"
adminAddress: "0.0.0.0:35783"
startupRole: FOLLOWER
,id: "s4"
address: "0.0.0.0:45543"
clientAddress: "0.0.0.0:45543"
adminAddress: "0.0.0.0:45543"
startupRole: FOLLOWER
,id: "s5"
address: "0.0.0.0:39205"
clientAddress: "0.0.0.0:39205"
adminAddress: "0.0.0.0:39205"
startupRole: FOLLOWER
,id: "s6"
address: "0.0.0.0:33523"
clientAddress: "0.0.0.0:33523"
adminAddress: "0.0.0.0:33523"
startupRole: FOLLOWER
,id: "s7"
address: "0.0.0.0:33769"
clientAddress: "0.0.0.0:33769"
adminAddress: "0.0.0.0:33769"
startupRole: FOLLOWER
,id: "s8"
address: "0.0.0.0:44341"
clientAddress: "0.0.0.0:44341"
adminAddress: "0.0.0.0:44341"
startupRole: FOLLOWER
,id: "s0"
address: "0.0.0.0:42169"
clientAddress: "0.0.0.0:42169"
adminAddress: "0.0.0.0:42169"
startupRole: FOLLOWER
,id: "s1"
address: "0.0.0.0:40607"
clientAddress: "0.0.0.0:40607"
adminAddress: "0.0.0.0:40607"
startupRole: FOLLOWER
,id: "s2"
address: "0.0.0.0:39939"
clientAddress: "0.0.0.0:39939"
adminAddress: "0.0.0.0:39939"
startupRole: FOLLOWER
, old:)]
2023-12-13 16:21:10,859 [s5-server-thread3] INFO  server.RaftServer$Division (ServerState.java:setRaftConf(382)) - s5@group-F8F047037FEF: set configuration 15: peers:[s3|0.0.0.0:35783, s4|0.0.0.0:45543, s5|0.0.0.0:39205, s6|0.0.0.0:33523, s7|0.0.0.0:33769, s8|0.0.0.0:44341, s0|0.0.0.0:42169, s1|0.0.0.0:40607, s2|0.0.0.0:39939]|listeners:[], old=null
2023-12-13 16:21:10,859 [s5-server-thread1] DEBUG server.RaftServer$Division (RaftServerImpl.java:logAppendEntries(1504)) - s5@group-F8F047037FEF: succeeded to handle AppendEntries. Reply: s8<-s5#8:OK-t1,SUCCESS,nextIndex=14,followerCommit=12,matchIndex=13
2023-12-13 16:21:10,859 [s5-server-thread3] DEBUG server.RaftServer$Division (RaftServerImpl.java:logAppendEntries(1504)) - s5@group-F8F047037FEF: receive appendEntries(s8, 1, (t:1, i:15), 15, false, commits:[s8:c15, s0:c13, s1:c13, s3:c12, s2:c13, s4:c13, s5:c11, s6:c13, s7:c12], cId:17, entries: [(t:1, i:16), METADATAENTRY(c:15)]
2023-12-13 16:21:10,860 [s5-server-thread3] DEBUG server.RaftServer$Division (RaftServerImpl.java:logAppendEntries(1504)) - s5@group-F8F047037FEF: succeeded to handle AppendEntries. Reply: s8<-s5#13:OK-t1,SUCCESS,nextIndex=16,followerCommit=13,matchIndex=15
2023-12-13 16:21:10,860 [s5@group-F8F047037FEF-StateMachineUpdater] TRACE util.FileUtils (LogUtils.java:supplyAndLog(69)) - Successfully supplied FileChannel.open /home/runner/work/ratis/ratis/ratis-test/target/test/data/1e4ee837/MiniRaftClusterWithGrpc24096a27/s5/a9a0c5d7-4cce-4ef9-8f13-f8f047037fef/current/raft-meta.conf.tmp with options [CREATE, WRITE]: sun.nio.ch.FileChannelImpl@5c696fd2
2023-12-13 16:21:10,861 [s5-server-thread3] DEBUG server.RaftServer$Division (RaftServerImpl.java:logAppendEntries(1504)) - s5@group-F8F047037FEF: succeeded to handle AppendEntries. Reply: s8<-s5#17:OK-t1,SUCCESS,nextIndex=17,followerCommit=15,matchIndex=16
2023-12-13 16:21:10,862 [s4@group-F8F047037FEF-StateMachineUpdater] TRACE util.FileUtils (LogUtils.java:runAndLog(49)) - Successfully ran Atomic Files.move /home/runner/work/ratis/ratis/ratis-test/target/test/data/1e4ee837/MiniRaftClusterWithGrpc24096a27/s4/a9a0c5d7-4cce-4ef9-8f13-f8f047037fef/current/raft-meta.conf.tmp to /home/runner/work/ratis/ratis/ratis-test/target/test/data/1e4ee837/MiniRaftClusterWithGrpc24096a27/s4/a9a0c5d7-4cce-4ef9-8f13-f8f047037fef/current/raft-meta.conf with options [REPLACE_EXISTING]
2023-12-13 16:21:10,862 [s1@group-F8F047037FEF-StateMachineUpdater] TRACE util.FileUtils (LogUtils.java:runAndLog(49)) - Successfully ran Atomic Files.move /home/runner/work/ratis/ratis/ratis-test/target/test/data/1e4ee837/MiniRaftClusterWithGrpc24096a27/s1/a9a0c5d7-4cce-4ef9-8f13-f8f047037fef/current/raft-meta.conf.tmp to /home/runner/work/ratis/ratis/ratis-test/target/test/data/1e4ee837/MiniRaftClusterWithGrpc24096a27/s1/a9a0c5d7-4cce-4ef9-8f13-f8f047037fef/current/raft-meta.conf with options [REPLACE_EXISTING]
2023-12-13 16:21:10,862 [s3@group-F8F047037FEF-StateMachineUpdater] TRACE util.FileUtils (LogUtils.java:runAndLog(49)) - Successfully ran Atomic Files.move /home/runner/work/ratis/ratis/ratis-test/target/test/data/1e4ee837/MiniRaftClusterWithGrpc24096a27/s3/a9a0c5d7-4cce-4ef9-8f13-f8f047037fef/current/raft-meta.conf.tmp to /home/runner/work/ratis/ratis/ratis-test/target/test/data/1e4ee837/MiniRaftClusterWithGrpc24096a27/s3/a9a0c5d7-4cce-4ef9-8f13-f8f047037fef/current/raft-meta.conf with options [REPLACE_EXISTING]
2023-12-13 16:21:10,862 [s0@group-F8F047037FEF-StateMachineUpdater] TRACE util.FileUtils (LogUtils.java:runAndLog(49)) - Successfully ran Atomic Files.move /home/runner/work/ratis/ratis/ratis-test/target/test/data/1e4ee837/MiniRaftClusterWithGrpc24096a27/s0/a9a0c5d7-4cce-4ef9-8f13-f8f047037fef/current/raft-meta.conf.tmp to /home/runner/work/ratis/ratis/ratis-test/target/test/data/1e4ee837/MiniRaftClusterWithGrpc24096a27/s0/a9a0c5d7-4cce-4ef9-8f13-f8f047037fef/current/raft-meta.conf with options [REPLACE_EXISTING]
2023-12-13 16:21:10,862 [s6@group-F8F047037FEF-StateMachineUpdater] TRACE util.FileUtils (LogUtils.java:runAndLog(49)) - Successfully ran Atomic Files.move /home/runner/work/ratis/ratis/ratis-test/target/test/data/1e4ee837/MiniRaftClusterWithGrpc24096a27/s6/a9a0c5d7-4cce-4ef9-8f13-f8f047037fef/current/raft-meta.conf.tmp to /home/runner/work/ratis/ratis/ratis-test/target/test/data/1e4ee837/MiniRaftClusterWithGrpc24096a27/s6/a9a0c5d7-4cce-4ef9-8f13-f8f047037fef/current/raft-meta.conf with options [REPLACE_EXISTING]
2023-12-13 16:21:10,862 [s6@group-F8F047037FEF-StateMachineUpdater] TRACE util.FileUtils (LogUtils.java:supplyAndLog(69)) - Successfully supplied FileChannel.open /home/runner/work/ratis/ratis/ratis-test/target/test/data/1e4ee837/MiniRaftClusterWithGrpc24096a27/s6/a9a0c5d7-4cce-4ef9-8f13-f8f047037fef/current/raft-meta.conf.tmp with options [CREATE, WRITE]: sun.nio.ch.FileChannelImpl@4e227b01
2023-12-13 16:21:10,863 [s5@group-F8F047037FEF-StateMachineUpdater] TRACE util.FileUtils (LogUtils.java:runAndLog(49)) - Successfully ran Atomic Files.move /home/runner/work/ratis/ratis/ratis-test/target/test/data/1e4ee837/MiniRaftClusterWithGrpc24096a27/s5/a9a0c5d7-4cce-4ef9-8f13-f8f047037fef/current/raft-meta.conf.tmp to /home/runner/work/ratis/ratis/ratis-test/target/test/data/1e4ee837/MiniRaftClusterWithGrpc24096a27/s5/a9a0c5d7-4cce-4ef9-8f13-f8f047037fef/current/raft-meta.conf with options [REPLACE_EXISTING]
2023-12-13 16:21:10,863 [s5@group-F8F047037FEF-StateMachineUpdater] TRACE util.FileUtils (LogUtils.java:supplyAndLog(69)) - Successfully supplied FileChannel.open /home/runner/work/ratis/ratis/ratis-test/target/test/data/1e4ee837/MiniRaftClusterWithGrpc24096a27/s5/a9a0c5d7-4cce-4ef9-8f13-f8f047037fef/current/raft-meta.conf.tmp with options [CREATE, WRITE]: sun.nio.ch.FileChannelImpl@ce09125
2023-12-13 16:21:10,866 [s5@group-F8F047037FEF-StateMachineUpdater] TRACE util.FileUtils (LogUtils.java:runAndLog(49)) - Successfully ran Atomic Files.move /home/runner/work/ratis/ratis/ratis-test/target/test/data/1e4ee837/MiniRaftClusterWithGrpc24096a27/s5/a9a0c5d7-4cce-4ef9-8f13-f8f047037fef/current/raft-meta.conf.tmp to /home/runner/work/ratis/ratis/ratis-test/target/test/data/1e4ee837/MiniRaftClusterWithGrpc24096a27/s5/a9a0c5d7-4cce-4ef9-8f13-f8f047037fef/current/raft-meta.conf with options [REPLACE_EXISTING]
2023-12-13 16:21:10,866 [s6@group-F8F047037FEF-StateMachineUpdater] TRACE util.FileUtils (LogUtils.java:runAndLog(49)) - Successfully ran Atomic Files.move /home/runner/work/ratis/ratis/ratis-test/target/test/data/1e4ee837/MiniRaftClusterWithGrpc24096a27/s6/a9a0c5d7-4cce-4ef9-8f13-f8f047037fef/current/raft-meta.conf.tmp to /home/runner/work/ratis/ratis/ratis-test/target/test/data/1e4ee837/MiniRaftClusterWithGrpc24096a27/s6/a9a0c5d7-4cce-4ef9-8f13-f8f047037fef/current/raft-meta.conf with options [REPLACE_EXISTING]
2023-12-13 16:21:10,871 [Time-limited test] INFO  server.RaftServerConfigKeys (ConfUtils.java:logGet(46)) - raft.server.rpc.timeout.max = 2000ms (custom)
2023-12-13 16:21:10,871 [Time-limited test] INFO  ratis.RaftTestUtil (RaftTestUtil.java:waitForLeader(100)) - printing ALL groups
  s3:  RUNNING [
   FOLLOWER s3@group-215AF6FE8C9E:t0, leader=null, voted=, raftlog=Memoized:s3@group-215AF6FE8C9E-SegmentedRaftLog:OPENED:c-1, conf=-1: peers:[]|listeners:[], old=null STARTING
   FOLLOWER s3@group-F8F047037FEF:t1, leader=s8, voted=null, raftlog=Memoized:s3@group-F8F047037FEF-SegmentedRaftLog:OPENED:c15, conf=15: peers:[s3|0.0.0.0:35783, s4|0.0.0.0:45543, s5|0.0.0.0:39205, s6|0.0.0.0:33523, s7|0.0.0.0:33769, s8|0.0.0.0:44341, s0|0.0.0.0:42169, s1|0.0.0.0:40607, s2|0.0.0.0:39939]|listeners:[], old=null RUNNING] size=2
  s4:  RUNNING [
   FOLLOWER s4@group-215AF6FE8C9E:t0, leader=null, voted=, raftlog=Memoized:s4@group-215AF6FE8C9E-SegmentedRaftLog:OPENED:c-1, conf=-1: peers:[]|listeners:[], old=null STARTING
   FOLLOWER s4@group-F8F047037FEF:t1, leader=s8, voted=null, raftlog=Memoized:s4@group-F8F047037FEF-SegmentedRaftLog:OPENED:c15, conf=15: peers:[s3|0.0.0.0:35783, s4|0.0.0.0:45543, s5|0.0.0.0:39205, s6|0.0.0.0:33523, s7|0.0.0.0:33769, s8|0.0.0.0:44341, s0|0.0.0.0:42169, s1|0.0.0.0:40607, s2|0.0.0.0:39939]|listeners:[], old=null RUNNING] size=2
  s5:  RUNNING [
   FOLLOWER s5@group-215AF6FE8C9E:t0, leader=null, voted=, raftlog=Memoized:s5@group-215AF6FE8C9E-SegmentedRaftLog:OPENED:c-1, conf=-1: peers:[]|listeners:[], old=null STARTING
   FOLLOWER s5@group-F8F047037FEF:t1, leader=s8, voted=null, raftlog=Memoized:s5@group-F8F047037FEF-SegmentedRaftLog:OPENED:c15, conf=15: peers:[s3|0.0.0.0:35783, s4|0.0.0.0:45543, s5|0.0.0.0:39205, s6|0.0.0.0:33523, s7|0.0.0.0:33769, s8|0.0.0.0:44341, s0|0.0.0.0:42169, s1|0.0.0.0:40607, s2|0.0.0.0:39939]|listeners:[], old=null RUNNING] size=2
  s6:  RUNNING [
   FOLLOWER s6@group-215AF6FE8C9E:t0, leader=null, voted=, raftlog=Memoized:s6@group-215AF6FE8C9E-SegmentedRaftLog:OPENED:c-1, conf=-1: peers:[]|listeners:[], old=null STARTING
   FOLLOWER s6@group-F8F047037FEF:t1, leader=s8, voted=null, raftlog=Memoized:s6@group-F8F047037FEF-SegmentedRaftLog:OPENED:c15, conf=15: peers:[s3|0.0.0.0:35783, s4|0.0.0.0:45543, s5|0.0.0.0:39205, s6|0.0.0.0:33523, s7|0.0.0.0:33769, s8|0.0.0.0:44341, s0|0.0.0.0:42169, s1|0.0.0.0:40607, s2|0.0.0.0:39939]|listeners:[], old=null RUNNING] size=2
  s7:  RUNNING [
   FOLLOWER s7@group-215AF6FE8C9E:t0, leader=null, voted=, raftlog=Memoized:s7@group-215AF6FE8C9E-SegmentedRaftLog:OPENED:c-1, conf=-1: peers:[]|listeners:[], old=null STARTING
   FOLLOWER s7@group-F8F047037FEF:t1, leader=s8, voted=null, raftlog=Memoized:s7@group-F8F047037FEF-SegmentedRaftLog:OPENED:c15, conf=15: peers:[s3|0.0.0.0:35783, s4|0.0.0.0:45543, s5|0.0.0.0:39205, s6|0.0.0.0:33523, s7|0.0.0.0:33769, s8|0.0.0.0:44341, s0|0.0.0.0:42169, s1|0.0.0.0:40607, s2|0.0.0.0:39939]|listeners:[], old=null RUNNING] size=2
  s8:  RUNNING [
   FOLLOWER s8@group-215AF6FE8C9E:t0, leader=null, voted=, raftlog=Memoized:s8@group-215AF6FE8C9E-SegmentedRaftLog:OPENED:c-1, conf=-1: peers:[]|listeners:[], old=null STARTING
     LEADER s8@group-F8F047037FEF:t1, leader=s8, voted=s8, raftlog=Memoized:s8@group-F8F047037FEF-SegmentedRaftLog:OPENED:c16, conf=15: peers:[s3|0.0.0.0:35783, s4|0.0.0.0:45543, s5|0.0.0.0:39205, s6|0.0.0.0:33523, s7|0.0.0.0:33769, s8|0.0.0.0:44341, s0|0.0.0.0:42169, s1|0.0.0.0:40607, s2|0.0.0.0:39939]|listeners:[], old=null RUNNING] size=2
  s0:  RUNNING [
   FOLLOWER s0@group-215AF6FE8C9E:t0, leader=null, voted=, raftlog=Memoized:s0@group-215AF6FE8C9E-SegmentedRaftLog:OPENED:c-1, conf=-1: peers:[]|listeners:[], old=null STARTING
   FOLLOWER s0@group-F8F047037FEF:t1, leader=s8, voted=null, raftlog=Memoized:s0@group-F8F047037FEF-SegmentedRaftLog:OPENED:c15, conf=15: peers:[s3|0.0.0.0:35783, s4|0.0.0.0:45543, s5|0.0.0.0:39205, s6|0.0.0.0:33523, s7|0.0.0.0:33769, s8|0.0.0.0:44341, s0|0.0.0.0:42169, s1|0.0.0.0:40607, s2|0.0.0.0:39939]|listeners:[], old=null RUNNING] size=2
  s1:  RUNNING [
   FOLLOWER s1@group-215AF6FE8C9E:t0, leader=null, voted=, raftlog=Memoized:s1@group-215AF6FE8C9E-SegmentedRaftLog:OPENED:c-1, conf=-1: peers:[]|listeners:[], old=null STARTING
   FOLLOWER s1@group-F8F047037FEF:t1, leader=s8, voted=null, raftlog=Memoized:s1@group-F8F047037FEF-SegmentedRaftLog:OPENED:c15, conf=15: peers:[s3|0.0.0.0:35783, s4|0.0.0.0:45543, s5|0.0.0.0:39205, s6|0.0.0.0:33523, s7|0.0.0.0:33769, s8|0.0.0.0:44341, s0|0.0.0.0:42169, s1|0.0.0.0:40607, s2|0.0.0.0:39939]|listeners:[], old=null RUNNING] size=2
  s2:  RUNNING [
   FOLLOWER s2@group-215AF6FE8C9E:t0, leader=null, voted=, raftlog=Memoized:s2@group-215AF6FE8C9E-SegmentedRaftLog:OPENED:c-1, conf=-1: peers:[]|listeners:[], old=null STARTING
   FOLLOWER s2@group-F8F047037FEF:t1, leader=s8, voted=null, raftlog=Memoized:s2@group-F8F047037FEF-SegmentedRaftLog:OPENED:c15, conf=15: peers:[s3|0.0.0.0:35783, s4|0.0.0.0:45543, s5|0.0.0.0:39205, s6|0.0.0.0:33523, s7|0.0.0.0:33769, s8|0.0.0.0:44341, s0|0.0.0.0:42169, s1|0.0.0.0:40607, s2|0.0.0.0:39939]|listeners:[], old=null RUNNING] size=2
2023-12-13 16:21:10,871 [Time-limited test] INFO  ratis.RaftTestUtil (RaftTestUtil.java:waitForLeader(124)) - printing ALL groups
  s3:  RUNNING [
   FOLLOWER s3@group-215AF6FE8C9E:t0, leader=null, voted=, raftlog=Memoized:s3@group-215AF6FE8C9E-SegmentedRaftLog:OPENED:c-1, conf=-1: peers:[]|listeners:[], old=null STARTING
   FOLLOWER s3@group-F8F047037FEF:t1, leader=s8, voted=null, raftlog=Memoized:s3@group-F8F047037FEF-SegmentedRaftLog:OPENED:c15, conf=15: peers:[s3|0.0.0.0:35783, s4|0.0.0.0:45543, s5|0.0.0.0:39205, s6|0.0.0.0:33523, s7|0.0.0.0:33769, s8|0.0.0.0:44341, s0|0.0.0.0:42169, s1|0.0.0.0:40607, s2|0.0.0.0:39939]|listeners:[], old=null RUNNING] size=2
  s4:  RUNNING [
   FOLLOWER s4@group-215AF6FE8C9E:t0, leader=null, voted=, raftlog=Memoized:s4@group-215AF6FE8C9E-SegmentedRaftLog:OPENED:c-1, conf=-1: peers:[]|listeners:[], old=null STARTING
   FOLLOWER s4@group-F8F047037FEF:t1, leader=s8, voted=null, raftlog=Memoized:s4@group-F8F047037FEF-SegmentedRaftLog:OPENED:c15, conf=15: peers:[s3|0.0.0.0:35783, s4|0.0.0.0:45543, s5|0.0.0.0:39205, s6|0.0.0.0:33523, s7|0.0.0.0:33769, s8|0.0.0.0:44341, s0|0.0.0.0:42169, s1|0.0.0.0:40607, s2|0.0.0.0:39939]|listeners:[], old=null RUNNING] size=2
  s5:  RUNNING [
   FOLLOWER s5@group-215AF6FE8C9E:t0, leader=null, voted=, raftlog=Memoized:s5@group-215AF6FE8C9E-SegmentedRaftLog:OPENED:c-1, conf=-1: peers:[]|listeners:[], old=null STARTING
   FOLLOWER s5@group-F8F047037FEF:t1, leader=s8, voted=null, raftlog=Memoized:s5@group-F8F047037FEF-SegmentedRaftLog:OPENED:c15, conf=15: peers:[s3|0.0.0.0:35783, s4|0.0.0.0:45543, s5|0.0.0.0:39205, s6|0.0.0.0:33523, s7|0.0.0.0:33769, s8|0.0.0.0:44341, s0|0.0.0.0:42169, s1|0.0.0.0:40607, s2|0.0.0.0:39939]|listeners:[], old=null RUNNING] size=2
  s6:  RUNNING [
   FOLLOWER s6@group-215AF6FE8C9E:t0, leader=null, voted=, raftlog=Memoized:s6@group-215AF6FE8C9E-SegmentedRaftLog:OPENED:c-1, conf=-1: peers:[]|listeners:[], old=null STARTING
   FOLLOWER s6@group-F8F047037FEF:t1, leader=s8, voted=null, raftlog=Memoized:s6@group-F8F047037FEF-SegmentedRaftLog:OPENED:c15, conf=15: peers:[s3|0.0.0.0:35783, s4|0.0.0.0:45543, s5|0.0.0.0:39205, s6|0.0.0.0:33523, s7|0.0.0.0:33769, s8|0.0.0.0:44341, s0|0.0.0.0:42169, s1|0.0.0.0:40607, s2|0.0.0.0:39939]|listeners:[], old=null RUNNING] size=2
  s7:  RUNNING [
   FOLLOWER s7@group-215AF6FE8C9E:t0, leader=null, voted=, raftlog=Memoized:s7@group-215AF6FE8C9E-SegmentedRaftLog:OPENED:c-1, conf=-1: peers:[]|listeners:[], old=null STARTING
   FOLLOWER s7@group-F8F047037FEF:t1, leader=s8, voted=null, raftlog=Memoized:s7@group-F8F047037FEF-SegmentedRaftLog:OPENED:c15, conf=15: peers:[s3|0.0.0.0:35783, s4|0.0.0.0:45543, s5|0.0.0.0:39205, s6|0.0.0.0:33523, s7|0.0.0.0:33769, s8|0.0.0.0:44341, s0|0.0.0.0:42169, s1|0.0.0.0:40607, s2|0.0.0.0:39939]|listeners:[], old=null RUNNING] size=2
  s8:  RUNNING [
   FOLLOWER s8@group-215AF6FE8C9E:t0, leader=null, voted=, raftlog=Memoized:s8@group-215AF6FE8C9E-SegmentedRaftLog:OPENED:c-1, conf=-1: peers:[]|listeners:[], old=null STARTING
     LEADER s8@group-F8F047037FEF:t1, leader=s8, voted=s8, raftlog=Memoized:s8@group-F8F047037FEF-SegmentedRaftLog:OPENED:c16, conf=15: peers:[s3|0.0.0.0:35783, s4|0.0.0.0:45543, s5|0.0.0.0:39205, s6|0.0.0.0:33523, s7|0.0.0.0:33769, s8|0.0.0.0:44341, s0|0.0.0.0:42169, s1|0.0.0.0:40607, s2|0.0.0.0:39939]|listeners:[], old=null RUNNING] size=2
  s0:  RUNNING [
   FOLLOWER s0@group-215AF6FE8C9E:t0, leader=null, voted=, raftlog=Memoized:s0@group-215AF6FE8C9E-SegmentedRaftLog:OPENED:c-1, conf=-1: peers:[]|listeners:[], old=null STARTING
   FOLLOWER s0@group-F8F047037FEF:t1, leader=s8, voted=null, raftlog=Memoized:s0@group-F8F047037FEF-SegmentedRaftLog:OPENED:c15, conf=15: peers:[s3|0.0.0.0:35783, s4|0.0.0.0:45543, s5|0.0.0.0:39205, s6|0.0.0.0:33523, s7|0.0.0.0:33769, s8|0.0.0.0:44341, s0|0.0.0.0:42169, s1|0.0.0.0:40607, s2|0.0.0.0:39939]|listeners:[], old=null RUNNING] size=2
  s1:  RUNNING [
   FOLLOWER s1@group-215AF6FE8C9E:t0, leader=null, voted=, raftlog=Memoized:s1@group-215AF6FE8C9E-SegmentedRaftLog:OPENED:c-1, conf=-1: peers:[]|listeners:[], old=null STARTING
   FOLLOWER s1@group-F8F047037FEF:t1, leader=s8, voted=null, raftlog=Memoized:s1@group-F8F047037FEF-SegmentedRaftLog:OPENED:c15, conf=15: peers:[s3|0.0.0.0:35783, s4|0.0.0.0:45543, s5|0.0.0.0:39205, s6|0.0.0.0:33523, s7|0.0.0.0:33769, s8|0.0.0.0:44341, s0|0.0.0.0:42169, s1|0.0.0.0:40607, s2|0.0.0.0:39939]|listeners:[], old=null RUNNING] size=2
  s2:  RUNNING [
   FOLLOWER s2@group-215AF6FE8C9E:t0, leader=null, voted=, raftlog=Memoized:s2@group-215AF6FE8C9E-SegmentedRaftLog:OPENED:c-1, conf=-1: peers:[]|listeners:[], old=null STARTING
   FOLLOWER s2@group-F8F047037FEF:t1, leader=s8, voted=null, raftlog=Memoized:s2@group-F8F047037FEF-SegmentedRaftLog:OPENED:c15, conf=15: peers:[s3|0.0.0.0:35783, s4|0.0.0.0:45543, s5|0.0.0.0:39205, s6|0.0.0.0:33523, s7|0.0.0.0:33769, s8|0.0.0.0:44341, s0|0.0.0.0:42169, s1|0.0.0.0:40607, s2|0.0.0.0:39939]|listeners:[], old=null RUNNING] size=2
2023-12-13 16:21:10,872 [Time-limited test] INFO  impl.GroupManagementBaseTest (GroupManagementBaseTest.java:runMultiGroupTest(338)) - update groups: printing ALL groups
  s3:  RUNNING [
   FOLLOWER s3@group-215AF6FE8C9E:t0, leader=null, voted=, raftlog=Memoized:s3@group-215AF6FE8C9E-SegmentedRaftLog:OPENED:c-1, conf=-1: peers:[]|listeners:[], old=null STARTING
   FOLLOWER s3@group-F8F047037FEF:t1, leader=s8, voted=null, raftlog=Memoized:s3@group-F8F047037FEF-SegmentedRaftLog:OPENED:c15, conf=15: peers:[s3|0.0.0.0:35783, s4|0.0.0.0:45543, s5|0.0.0.0:39205, s6|0.0.0.0:33523, s7|0.0.0.0:33769, s8|0.0.0.0:44341, s0|0.0.0.0:42169, s1|0.0.0.0:40607, s2|0.0.0.0:39939]|listeners:[], old=null RUNNING] size=2
  s4:  RUNNING [
   FOLLOWER s4@group-215AF6FE8C9E:t0, leader=null, voted=, raftlog=Memoized:s4@group-215AF6FE8C9E-SegmentedRaftLog:OPENED:c-1, conf=-1: peers:[]|listeners:[], old=null STARTING
   FOLLOWER s4@group-F8F047037FEF:t1, leader=s8, voted=null, raftlog=Memoized:s4@group-F8F047037FEF-SegmentedRaftLog:OPENED:c15, conf=15: peers:[s3|0.0.0.0:35783, s4|0.0.0.0:45543, s5|0.0.0.0:39205, s6|0.0.0.0:33523, s7|0.0.0.0:33769, s8|0.0.0.0:44341, s0|0.0.0.0:42169, s1|0.0.0.0:40607, s2|0.0.0.0:39939]|listeners:[], old=null RUNNING] size=2
  s5:  RUNNING [
   FOLLOWER s5@group-215AF6FE8C9E:t0, leader=null, voted=, raftlog=Memoized:s5@group-215AF6FE8C9E-SegmentedRaftLog:OPENED:c-1, conf=-1: peers:[]|listeners:[], old=null STARTING
   FOLLOWER s5@group-F8F047037FEF:t1, leader=s8, voted=null, raftlog=Memoized:s5@group-F8F047037FEF-SegmentedRaftLog:OPENED:c15, conf=15: peers:[s3|0.0.0.0:35783, s4|0.0.0.0:45543, s5|0.0.0.0:39205, s6|0.0.0.0:33523, s7|0.0.0.0:33769, s8|0.0.0.0:44341, s0|0.0.0.0:42169, s1|0.0.0.0:40607, s2|0.0.0.0:39939]|listeners:[], old=null RUNNING] size=2
  s6:  RUNNING [
   FOLLOWER s6@group-215AF6FE8C9E:t0, leader=null, voted=, raftlog=Memoized:s6@group-215AF6FE8C9E-SegmentedRaftLog:OPENED:c-1, conf=-1: peers:[]|listeners:[], old=null STARTING
   FOLLOWER s6@group-F8F047037FEF:t1, leader=s8, voted=null, raftlog=Memoized:s6@group-F8F047037FEF-SegmentedRaftLog:OPENED:c15, conf=15: peers:[s3|0.0.0.0:35783, s4|0.0.0.0:45543, s5|0.0.0.0:39205, s6|0.0.0.0:33523, s7|0.0.0.0:33769, s8|0.0.0.0:44341, s0|0.0.0.0:42169, s1|0.0.0.0:40607, s2|0.0.0.0:39939]|listeners:[], old=null RUNNING] size=2
  s7:  RUNNING [
   FOLLOWER s7@group-215AF6FE8C9E:t0, leader=null, voted=, raftlog=Memoized:s7@group-215AF6FE8C9E-SegmentedRaftLog:OPENED:c-1, conf=-1: peers:[]|listeners:[], old=null STARTING
   FOLLOWER s7@group-F8F047037FEF:t1, leader=s8, voted=null, raftlog=Memoized:s7@group-F8F047037FEF-SegmentedRaftLog:OPENED:c15, conf=15: peers:[s3|0.0.0.0:35783, s4|0.0.0.0:45543, s5|0.0.0.0:39205, s6|0.0.0.0:33523, s7|0.0.0.0:33769, s8|0.0.0.0:44341, s0|0.0.0.0:42169, s1|0.0.0.0:40607, s2|0.0.0.0:39939]|listeners:[], old=null RUNNING] size=2
  s8:  RUNNING [
   FOLLOWER s8@group-215AF6FE8C9E:t0, leader=null, voted=, raftlog=Memoized:s8@group-215AF6FE8C9E-SegmentedRaftLog:OPENED:c-1, conf=-1: peers:[]|listeners:[], old=null STARTING
     LEADER s8@group-F8F047037FEF:t1, leader=s8, voted=s8, raftlog=Memoized:s8@group-F8F047037FEF-SegmentedRaftLog:OPENED:c16, conf=15: peers:[s3|0.0.0.0:35783, s4|0.0.0.0:45543, s5|0.0.0.0:39205, s6|0.0.0.0:33523, s7|0.0.0.0:33769, s8|0.0.0.0:44341, s0|0.0.0.0:42169, s1|0.0.0.0:40607, s2|0.0.0.0:39939]|listeners:[], old=null RUNNING] size=2
  s0:  RUNNING [
   FOLLOWER s0@group-215AF6FE8C9E:t0, leader=null, voted=, raftlog=Memoized:s0@group-215AF6FE8C9E-SegmentedRaftLog:OPENED:c-1, conf=-1: peers:[]|listeners:[], old=null STARTING
   FOLLOWER s0@group-F8F047037FEF:t1, leader=s8, voted=null, raftlog=Memoized:s0@group-F8F047037FEF-SegmentedRaftLog:OPENED:c15, conf=15: peers:[s3|0.0.0.0:35783, s4|0.0.0.0:45543, s5|0.0.0.0:39205, s6|0.0.0.0:33523, s7|0.0.0.0:33769, s8|0.0.0.0:44341, s0|0.0.0.0:42169, s1|0.0.0.0:40607, s2|0.0.0.0:39939]|listeners:[], old=null RUNNING] size=2
  s1:  RUNNING [
   FOLLOWER s1@group-215AF6FE8C9E:t0, leader=null, voted=, raftlog=Memoized:s1@group-215AF6FE8C9E-SegmentedRaftLog:OPENED:c-1, conf=-1: peers:[]|listeners:[], old=null STARTING
   FOLLOWER s1@group-F8F047037FEF:t1, leader=s8, voted=null, raftlog=Memoized:s1@group-F8F047037FEF-SegmentedRaftLog:OPENED:c15, conf=15: peers:[s3|0.0.0.0:35783, s4|0.0.0.0:45543, s5|0.0.0.0:39205, s6|0.0.0.0:33523, s7|0.0.0.0:33769, s8|0.0.0.0:44341, s0|0.0.0.0:42169, s1|0.0.0.0:40607, s2|0.0.0.0:39939]|listeners:[], old=null RUNNING] size=2
  s2:  RUNNING [
   FOLLOWER s2@group-215AF6FE8C9E:t0, leader=null, voted=, raftlog=Memoized:s2@group-215AF6FE8C9E-SegmentedRaftLog:OPENED:c-1, conf=-1: peers:[]|listeners:[], old=null STARTING
   FOLLOWER s2@group-F8F047037FEF:t1, leader=s8, voted=null, raftlog=Memoized:s2@group-F8F047037FEF-SegmentedRaftLog:OPENED:c15, conf=15: peers:[s3|0.0.0.0:35783, s4|0.0.0.0:45543, s5|0.0.0.0:39205, s6|0.0.0.0:33523, s7|0.0.0.0:33769, s8|0.0.0.0:44341, s0|0.0.0.0:42169, s1|0.0.0.0:40607, s2|0.0.0.0:39939]|listeners:[], old=null RUNNING] size=2
| MiniRaftClusterWithGrpc[5, 8, 9]chosen=2 | update groups | 187 |
2023-12-13 16:21:10,872 [Time-limited test] INFO  impl.MiniRaftCluster (MiniRaftCluster.java:shutdown(831)) - ************************************************************** 
2023-12-13 16:21:10,872 [Time-limited test] INFO  impl.MiniRaftCluster (MiniRaftCluster.java:shutdown(832)) - *** 
2023-12-13 16:21:10,872 [Time-limited test] INFO  impl.MiniRaftCluster (MiniRaftCluster.java:shutdown(833)) - ***     Stopping MiniRaftClusterWithGrpc
2023-12-13 16:21:10,872 [Time-limited test] INFO  impl.MiniRaftCluster (MiniRaftCluster.java:shutdown(834)) - *** 
2023-12-13 16:21:10,872 [Time-limited test] INFO  impl.MiniRaftCluster (MiniRaftCluster.java:shutdown(835)) - ************************************************************** 
2023-12-13 16:21:10,872 [Time-limited test] INFO  impl.MiniRaftCluster (MiniRaftCluster.java:shutdown(836)) - printing ALL groups
  s3:  RUNNING [
   FOLLOWER s3@group-215AF6FE8C9E:t0, leader=null, voted=, raftlog=Memoized:s3@group-215AF6FE8C9E-SegmentedRaftLog:OPENED:c-1, conf=-1: peers:[]|listeners:[], old=null STARTING
   FOLLOWER s3@group-F8F047037FEF:t1, leader=s8, voted=null, raftlog=Memoized:s3@group-F8F047037FEF-SegmentedRaftLog:OPENED:c15, conf=15: peers:[s3|0.0.0.0:35783, s4|0.0.0.0:45543, s5|0.0.0.0:39205, s6|0.0.0.0:33523, s7|0.0.0.0:33769, s8|0.0.0.0:44341, s0|0.0.0.0:42169, s1|0.0.0.0:40607, s2|0.0.0.0:39939]|listeners:[], old=null RUNNING] size=2
  s4:  RUNNING [
   FOLLOWER s4@group-215AF6FE8C9E:t0, leader=null, voted=, raftlog=Memoized:s4@group-215AF6FE8C9E-SegmentedRaftLog:OPENED:c-1, conf=-1: peers:[]|listeners:[], old=null STARTING
   FOLLOWER s4@group-F8F047037FEF:t1, leader=s8, voted=null, raftlog=Memoized:s4@group-F8F047037FEF-SegmentedRaftLog:OPENED:c15, conf=15: peers:[s3|0.0.0.0:35783, s4|0.0.0.0:45543, s5|0.0.0.0:39205, s6|0.0.0.0:33523, s7|0.0.0.0:33769, s8|0.0.0.0:44341, s0|0.0.0.0:42169, s1|0.0.0.0:40607, s2|0.0.0.0:39939]|listeners:[], old=null RUNNING] size=2
  s5:  RUNNING [
   FOLLOWER s5@group-215AF6FE8C9E:t0, leader=null, voted=, raftlog=Memoized:s5@group-215AF6FE8C9E-SegmentedRaftLog:OPENED:c-1, conf=-1: peers:[]|listeners:[], old=null STARTING
   FOLLOWER s5@group-F8F047037FEF:t1, leader=s8, voted=null, raftlog=Memoized:s5@group-F8F047037FEF-SegmentedRaftLog:OPENED:c15, conf=15: peers:[s3|0.0.0.0:35783, s4|0.0.0.0:45543, s5|0.0.0.0:39205, s6|0.0.0.0:33523, s7|0.0.0.0:33769, s8|0.0.0.0:44341, s0|0.0.0.0:42169, s1|0.0.0.0:40607, s2|0.0.0.0:39939]|listeners:[], old=null RUNNING] size=2
  s6:  RUNNING [
   FOLLOWER s6@group-215AF6FE8C9E:t0, leader=null, voted=, raftlog=Memoized:s6@group-215AF6FE8C9E-SegmentedRaftLog:OPENED:c-1, conf=-1: peers:[]|listeners:[], old=null STARTING
   FOLLOWER s6@group-F8F047037FEF:t1, leader=s8, voted=null, raftlog=Memoized:s6@group-F8F047037FEF-SegmentedRaftLog:OPENED:c15, conf=15: peers:[s3|0.0.0.0:35783, s4|0.0.0.0:45543, s5|0.0.0.0:39205, s6|0.0.0.0:33523, s7|0.0.0.0:33769, s8|0.0.0.0:44341, s0|0.0.0.0:42169, s1|0.0.0.0:40607, s2|0.0.0.0:39939]|listeners:[], old=null RUNNING] size=2
  s7:  RUNNING [
   FOLLOWER s7@group-215AF6FE8C9E:t0, leader=null, voted=, raftlog=Memoized:s7@group-215AF6FE8C9E-SegmentedRaftLog:OPENED:c-1, conf=-1: peers:[]|listeners:[], old=null STARTING
   FOLLOWER s7@group-F8F047037FEF:t1, leader=s8, voted=null, raftlog=Memoized:s7@group-F8F047037FEF-SegmentedRaftLog:OPENED:c15, conf=15: peers:[s3|0.0.0.0:35783, s4|0.0.0.0:45543, s5|0.0.0.0:39205, s6|0.0.0.0:33523, s7|0.0.0.0:33769, s8|0.0.0.0:44341, s0|0.0.0.0:42169, s1|0.0.0.0:40607, s2|0.0.0.0:39939]|listeners:[], old=null RUNNING] size=2
  s8:  RUNNING [
   FOLLOWER s8@group-215AF6FE8C9E:t0, leader=null, voted=, raftlog=Memoized:s8@group-215AF6FE8C9E-SegmentedRaftLog:OPENED:c-1, conf=-1: peers:[]|listeners:[], old=null STARTING
     LEADER s8@group-F8F047037FEF:t1, leader=s8, voted=s8, raftlog=Memoized:s8@group-F8F047037FEF-SegmentedRaftLog:OPENED:c16, conf=15: peers:[s3|0.0.0.0:35783, s4|0.0.0.0:45543, s5|0.0.0.0:39205, s6|0.0.0.0:33523, s7|0.0.0.0:33769, s8|0.0.0.0:44341, s0|0.0.0.0:42169, s1|0.0.0.0:40607, s2|0.0.0.0:39939]|listeners:[], old=null RUNNING] size=2
  s0:  RUNNING [
   FOLLOWER s0@group-215AF6FE8C9E:t0, leader=null, voted=, raftlog=Memoized:s0@group-215AF6FE8C9E-SegmentedRaftLog:OPENED:c-1, conf=-1: peers:[]|listeners:[], old=null STARTING
   FOLLOWER s0@group-F8F047037FEF:t1, leader=s8, voted=null, raftlog=Memoized:s0@group-F8F047037FEF-SegmentedRaftLog:OPENED:c15, conf=15: peers:[s3|0.0.0.0:35783, s4|0.0.0.0:45543, s5|0.0.0.0:39205, s6|0.0.0.0:33523, s7|0.0.0.0:33769, s8|0.0.0.0:44341, s0|0.0.0.0:42169, s1|0.0.0.0:40607, s2|0.0.0.0:39939]|listeners:[], old=null RUNNING] size=2
  s1:  RUNNING [
   FOLLOWER s1@group-215AF6FE8C9E:t0, leader=null, voted=, raftlog=Memoized:s1@group-215AF6FE8C9E-SegmentedRaftLog:OPENED:c-1, conf=-1: peers:[]|listeners:[], old=null STARTING
   FOLLOWER s1@group-F8F047037FEF:t1, leader=s8, voted=null, raftlog=Memoized:s1@group-F8F047037FEF-SegmentedRaftLog:OPENED:c15, conf=15: peers:[s3|0.0.0.0:35783, s4|0.0.0.0:45543, s5|0.0.0.0:39205, s6|0.0.0.0:33523, s7|0.0.0.0:33769, s8|0.0.0.0:44341, s0|0.0.0.0:42169, s1|0.0.0.0:40607, s2|0.0.0.0:39939]|listeners:[], old=null RUNNING] size=2
  s2:  RUNNING [
   FOLLOWER s2@group-215AF6FE8C9E:t0, leader=null, voted=, raftlog=Memoized:s2@group-215AF6FE8C9E-SegmentedRaftLog:OPENED:c-1, conf=-1: peers:[]|listeners:[], old=null STARTING
   FOLLOWER s2@group-F8F047037FEF:t1, leader=s8, voted=null, raftlog=Memoized:s2@group-F8F047037FEF-SegmentedRaftLog:OPENED:c15, conf=15: peers:[s3|0.0.0.0:35783, s4|0.0.0.0:45543, s5|0.0.0.0:39205, s6|0.0.0.0:33523, s7|0.0.0.0:33769, s8|0.0.0.0:44341, s0|0.0.0.0:42169, s1|0.0.0.0:40607, s2|0.0.0.0:39939]|listeners:[], old=null RUNNING] size=2
2023-12-13 16:21:10,874 [MiniRaftCluster-13] INFO  server.RaftServer (RaftServerProxy.java:lambda$close$9(416)) - s3: close
2023-12-13 16:21:10,875 [s3-impl-thread1] INFO  server.RaftServer$Division (RaftServerImpl.java:lambda$close$3(516)) - s3@group-215AF6FE8C9E: shutdown
2023-12-13 16:21:10,875 [s3-impl-thread1] INFO  util.JmxRegister (JmxRegister.java:unregister(73)) - Successfully un-registered JMX Bean with object name Ratis:service=RaftServer,group=group-215AF6FE8C9E,id=s3
2023-12-13 16:21:10,875 [s3-impl-thread1] INFO  impl.StateMachineUpdater (StateMachineUpdater.java:stopAndJoin(157)) - s3@group-215AF6FE8C9E-StateMachineUpdater: set stopIndex = -1
2023-12-13 16:21:10,875 [s3-impl-thread1] INFO  server.RaftServer$Division (ServerState.java:close(423)) - s3@group-215AF6FE8C9E: applyIndex: -1
2023-12-13 16:21:10,875 [s3@group-215AF6FE8C9E-cacheEviction-AwaitToRun] INFO  util.AwaitToRun (AwaitToRun.java:run(49)) - s3@group-215AF6FE8C9E-cacheEviction-AwaitToRun-AwaitForSignal is interrupted
2023-12-13 16:21:10,876 [MiniRaftCluster-14] INFO  server.RaftServer (RaftServerProxy.java:lambda$close$9(416)) - s4: close
2023-12-13 16:21:10,876 [s4-impl-thread1] INFO  server.RaftServer$Division (RaftServerImpl.java:lambda$close$3(516)) - s4@group-215AF6FE8C9E: shutdown
2023-12-13 16:21:10,876 [MiniRaftCluster-15] INFO  server.RaftServer (RaftServerProxy.java:lambda$close$9(416)) - s5: close
2023-12-13 16:21:10,876 [s4-impl-thread1] INFO  util.JmxRegister (JmxRegister.java:unregister(73)) - Successfully un-registered JMX Bean with object name Ratis:service=RaftServer,group=group-215AF6FE8C9E,id=s4
2023-12-13 16:21:10,876 [s5-impl-thread1] INFO  server.RaftServer$Division (RaftServerImpl.java:lambda$close$3(516)) - s5@group-215AF6FE8C9E: shutdown
2023-12-13 16:21:10,876 [s4-impl-thread1] INFO  impl.StateMachineUpdater (StateMachineUpdater.java:stopAndJoin(157)) - s4@group-215AF6FE8C9E-StateMachineUpdater: set stopIndex = -1
2023-12-13 16:21:10,876 [s5-impl-thread1] INFO  util.JmxRegister (JmxRegister.java:unregister(73)) - Successfully un-registered JMX Bean with object name Ratis:service=RaftServer,group=group-215AF6FE8C9E,id=s5
2023-12-13 16:21:10,876 [s5-impl-thread1] INFO  impl.StateMachineUpdater (StateMachineUpdater.java:stopAndJoin(157)) - s5@group-215AF6FE8C9E-StateMachineUpdater: set stopIndex = -1
2023-12-13 16:21:10,876 [s5-impl-thread1] INFO  server.RaftServer$Division (ServerState.java:close(423)) - s5@group-215AF6FE8C9E: applyIndex: -1
2023-12-13 16:21:10,876 [s4-impl-thread1] INFO  server.RaftServer$Division (ServerState.java:close(423)) - s4@group-215AF6FE8C9E: applyIndex: -1
2023-12-13 16:21:10,876 [s5@group-215AF6FE8C9E-cacheEviction-AwaitToRun] INFO  util.AwaitToRun (AwaitToRun.java:run(49)) - s5@group-215AF6FE8C9E-cacheEviction-AwaitToRun-AwaitForSignal is interrupted
2023-12-13 16:21:10,876 [s4@group-215AF6FE8C9E-cacheEviction-AwaitToRun] INFO  util.AwaitToRun (AwaitToRun.java:run(49)) - s4@group-215AF6FE8C9E-cacheEviction-AwaitToRun-AwaitForSignal is interrupted
2023-12-13 16:21:10,877 [MiniRaftCluster-16] INFO  server.RaftServer (RaftServerProxy.java:lambda$close$9(416)) - s6: close
2023-12-13 16:21:10,877 [s6-impl-thread1] INFO  server.RaftServer$Division (RaftServerImpl.java:lambda$close$3(516)) - s6@group-215AF6FE8C9E: shutdown
2023-12-13 16:21:10,877 [s6-impl-thread1] INFO  util.JmxRegister (JmxRegister.java:unregister(73)) - Successfully un-registered JMX Bean with object name Ratis:service=RaftServer,group=group-215AF6FE8C9E,id=s6
2023-12-13 16:21:10,877 [s6-impl-thread1] INFO  impl.StateMachineUpdater (StateMachineUpdater.java:stopAndJoin(157)) - s6@group-215AF6FE8C9E-StateMachineUpdater: set stopIndex = -1
2023-12-13 16:21:10,877 [s6-impl-thread1] INFO  server.RaftServer$Division (ServerState.java:close(423)) - s6@group-215AF6FE8C9E: applyIndex: -1
2023-12-13 16:21:10,877 [s6@group-215AF6FE8C9E-cacheEviction-AwaitToRun] INFO  util.AwaitToRun (AwaitToRun.java:run(49)) - s6@group-215AF6FE8C9E-cacheEviction-AwaitToRun-AwaitForSignal is interrupted
2023-12-13 16:21:10,877 [MiniRaftCluster-17] INFO  server.RaftServer (RaftServerProxy.java:lambda$close$9(416)) - s7: close
2023-12-13 16:21:10,877 [s7-impl-thread1] INFO  server.RaftServer$Division (RaftServerImpl.java:lambda$close$3(516)) - s7@group-215AF6FE8C9E: shutdown
2023-12-13 16:21:10,877 [s7-impl-thread1] INFO  util.JmxRegister (JmxRegister.java:unregister(73)) - Successfully un-registered JMX Bean with object name Ratis:service=RaftServer,group=group-215AF6FE8C9E,id=s7
2023-12-13 16:21:10,878 [s7-impl-thread1] INFO  impl.StateMachineUpdater (StateMachineUpdater.java:stopAndJoin(157)) - s7@group-215AF6FE8C9E-StateMachineUpdater: set stopIndex = -1
2023-12-13 16:21:10,878 [s7-impl-thread1] INFO  server.RaftServer$Division (ServerState.java:close(423)) - s7@group-215AF6FE8C9E: applyIndex: -1
2023-12-13 16:21:10,878 [s7@group-215AF6FE8C9E-cacheEviction-AwaitToRun] INFO  util.AwaitToRun (AwaitToRun.java:run(49)) - s7@group-215AF6FE8C9E-cacheEviction-AwaitToRun-AwaitForSignal is interrupted
2023-12-13 16:21:10,879 [MiniRaftCluster-20] INFO  server.RaftServer (RaftServerProxy.java:lambda$close$9(416)) - s1: close
2023-12-13 16:21:10,879 [MiniRaftCluster-18] INFO  server.RaftServer (RaftServerProxy.java:lambda$close$9(416)) - s8: close
2023-12-13 16:21:10,879 [s1-impl-thread1] INFO  server.RaftServer$Division (RaftServerImpl.java:lambda$close$3(516)) - s1@group-215AF6FE8C9E: shutdown
2023-12-13 16:21:10,879 [MiniRaftCluster-19] INFO  server.RaftServer (RaftServerProxy.java:lambda$close$9(416)) - s0: close
2023-12-13 16:21:10,879 [s8-impl-thread1] INFO  server.RaftServer$Division (RaftServerImpl.java:lambda$close$3(516)) - s8@group-215AF6FE8C9E: shutdown
2023-12-13 16:21:10,879 [s0-impl-thread1] INFO  server.RaftServer$Division (RaftServerImpl.java:lambda$close$3(516)) - s0@group-215AF6FE8C9E: shutdown
2023-12-13 16:21:10,879 [s8-impl-thread1] INFO  util.JmxRegister (JmxRegister.java:unregister(73)) - Successfully un-registered JMX Bean with object name Ratis:service=RaftServer,group=group-215AF6FE8C9E,id=s8
2023-12-13 16:21:10,879 [s0-impl-thread1] INFO  util.JmxRegister (JmxRegister.java:unregister(73)) - Successfully un-registered JMX Bean with object name Ratis:service=RaftServer,group=group-215AF6FE8C9E,id=s0
2023-12-13 16:21:10,879 [s8-impl-thread1] INFO  impl.StateMachineUpdater (StateMachineUpdater.java:stopAndJoin(157)) - s8@group-215AF6FE8C9E-StateMachineUpdater: set stopIndex = -1
2023-12-13 16:21:10,879 [s0-impl-thread1] INFO  impl.StateMachineUpdater (StateMachineUpdater.java:stopAndJoin(157)) - s0@group-215AF6FE8C9E-StateMachineUpdater: set stopIndex = -1
2023-12-13 16:21:10,879 [s1-impl-thread1] INFO  util.JmxRegister (JmxRegister.java:unregister(73)) - Successfully un-registered JMX Bean with object name Ratis:service=RaftServer,group=group-215AF6FE8C9E,id=s1
2023-12-13 16:21:10,879 [s0-impl-thread1] INFO  server.RaftServer$Division (ServerState.java:close(423)) - s0@group-215AF6FE8C9E: applyIndex: -1
2023-12-13 16:21:10,879 [s1-impl-thread1] INFO  impl.StateMachineUpdater (StateMachineUpdater.java:stopAndJoin(157)) - s1@group-215AF6FE8C9E-StateMachineUpdater: set stopIndex = -1
2023-12-13 16:21:10,879 [s0@group-215AF6FE8C9E-cacheEviction-AwaitToRun] INFO  util.AwaitToRun (AwaitToRun.java:run(49)) - s0@group-215AF6FE8C9E-cacheEviction-AwaitToRun-AwaitForSignal is interrupted
2023-12-13 16:21:10,879 [MiniRaftCluster-21] INFO  server.RaftServer (RaftServerProxy.java:lambda$close$9(416)) - s2: close
2023-12-13 16:21:10,879 [s8-impl-thread1] INFO  server.RaftServer$Division (ServerState.java:close(423)) - s8@group-215AF6FE8C9E: applyIndex: -1
2023-12-13 16:21:10,879 [s2-impl-thread1] INFO  server.RaftServer$Division (RaftServerImpl.java:lambda$close$3(516)) - s2@group-215AF6FE8C9E: shutdown
2023-12-13 16:21:10,879 [s8@group-215AF6FE8C9E-cacheEviction-AwaitToRun] INFO  util.AwaitToRun (AwaitToRun.java:run(49)) - s8@group-215AF6FE8C9E-cacheEviction-AwaitToRun-AwaitForSignal is interrupted
2023-12-13 16:21:10,879 [s2-impl-thread1] INFO  util.JmxRegister (JmxRegister.java:unregister(73)) - Successfully un-registered JMX Bean with object name Ratis:service=RaftServer,group=group-215AF6FE8C9E,id=s2
2023-12-13 16:21:10,879 [s2-impl-thread1] INFO  impl.StateMachineUpdater (StateMachineUpdater.java:stopAndJoin(157)) - s2@group-215AF6FE8C9E-StateMachineUpdater: set stopIndex = -1
2023-12-13 16:21:10,879 [s1-impl-thread1] INFO  server.RaftServer$Division (ServerState.java:close(423)) - s1@group-215AF6FE8C9E: applyIndex: -1
2023-12-13 16:21:10,879 [s1@group-215AF6FE8C9E-cacheEviction-AwaitToRun] INFO  util.AwaitToRun (AwaitToRun.java:run(49)) - s1@group-215AF6FE8C9E-cacheEviction-AwaitToRun-AwaitForSignal is interrupted
2023-12-13 16:21:10,879 [s2-impl-thread1] INFO  server.RaftServer$Division (ServerState.java:close(423)) - s2@group-215AF6FE8C9E: applyIndex: -1
2023-12-13 16:21:10,879 [s2@group-215AF6FE8C9E-cacheEviction-AwaitToRun] INFO  util.AwaitToRun (AwaitToRun.java:run(49)) - s2@group-215AF6FE8C9E-cacheEviction-AwaitToRun-AwaitForSignal is interrupted
2023-12-13 16:21:10,880 [MiniRaftCluster-17] INFO  server.GrpcService (GrpcService.java:closeImpl(311)) - s7: shutdown server GrpcServerProtocolService now
2023-12-13 16:21:10,880 [s7-impl-thread2] INFO  server.RaftServer$Division (RaftServerImpl.java:lambda$close$3(516)) - s7@group-F8F047037FEF: shutdown
2023-12-13 16:21:10,880 [s7-impl-thread2] INFO  util.JmxRegister (JmxRegister.java:unregister(73)) - Successfully un-registered JMX Bean with object name Ratis:service=RaftServer,group=group-F8F047037FEF,id=s7
2023-12-13 16:21:10,880 [s7-impl-thread2] INFO  impl.RoleInfo (RoleInfo.java:shutdownFollowerState(110)) - s7: shutdown s7@group-F8F047037FEF-FollowerState
2023-12-13 16:21:10,880 [s7@group-F8F047037FEF-FollowerState] INFO  impl.FollowerState (FollowerState.java:run(152)) - s7@group-F8F047037FEF-FollowerState was interrupted
2023-12-13 16:21:10,881 [s7-impl-thread2] INFO  impl.StateMachineUpdater (StateMachineUpdater.java:stopAndJoin(157)) - s7@group-F8F047037FEF-StateMachineUpdater: set stopIndex = 15
2023-12-13 16:21:10,881 [s7-impl-thread2] INFO  server.RaftServer$Division (ServerState.java:close(423)) - s7@group-F8F047037FEF: applyIndex: 15
2023-12-13 16:21:10,881 [s7@group-F8F047037FEF-cacheEviction-AwaitToRun] INFO  util.AwaitToRun (AwaitToRun.java:run(49)) - s7@group-F8F047037FEF-cacheEviction-AwaitToRun-AwaitForSignal is interrupted
2023-12-13 16:21:10,881 [MiniRaftCluster-16] INFO  server.GrpcService (GrpcService.java:closeImpl(311)) - s6: shutdown server GrpcServerProtocolService now
2023-12-13 16:21:10,881 [s6-impl-thread2] INFO  server.RaftServer$Division (RaftServerImpl.java:lambda$close$3(516)) - s6@group-F8F047037FEF: shutdown
2023-12-13 16:21:10,881 [s6-impl-thread2] INFO  util.JmxRegister (JmxRegister.java:unregister(73)) - Successfully un-registered JMX Bean with object name Ratis:service=RaftServer,group=group-F8F047037FEF,id=s6
2023-12-13 16:21:10,881 [s6-impl-thread2] INFO  impl.RoleInfo (RoleInfo.java:shutdownFollowerState(110)) - s6: shutdown s6@group-F8F047037FEF-FollowerState
2023-12-13 16:21:10,881 [s6-impl-thread2] INFO  impl.StateMachineUpdater (StateMachineUpdater.java:stopAndJoin(157)) - s6@group-F8F047037FEF-StateMachineUpdater: set stopIndex = 15
2023-12-13 16:21:10,881 [s6@group-F8F047037FEF-FollowerState] INFO  impl.FollowerState (FollowerState.java:run(152)) - s6@group-F8F047037FEF-FollowerState was interrupted
2023-12-13 16:21:10,882 [s6-impl-thread2] INFO  server.RaftServer$Division (ServerState.java:close(423)) - s6@group-F8F047037FEF: applyIndex: 15
2023-12-13 16:21:10,882 [s6@group-F8F047037FEF-cacheEviction-AwaitToRun] INFO  util.AwaitToRun (AwaitToRun.java:run(49)) - s6@group-F8F047037FEF-cacheEviction-AwaitToRun-AwaitForSignal is interrupted
2023-12-13 16:21:10,882 [MiniRaftCluster-15] INFO  server.GrpcService (GrpcService.java:closeImpl(311)) - s5: shutdown server GrpcServerProtocolService now
2023-12-13 16:21:10,883 [s5-impl-thread2] INFO  server.RaftServer$Division (RaftServerImpl.java:lambda$close$3(516)) - s5@group-F8F047037FEF: shutdown
2023-12-13 16:21:10,883 [s5-impl-thread2] INFO  util.JmxRegister (JmxRegister.java:unregister(73)) - Successfully un-registered JMX Bean with object name Ratis:service=RaftServer,group=group-F8F047037FEF,id=s5
2023-12-13 16:21:10,883 [s5-impl-thread2] INFO  impl.RoleInfo (RoleInfo.java:shutdownFollowerState(110)) - s5: shutdown s5@group-F8F047037FEF-FollowerState
2023-12-13 16:21:10,883 [s5@group-F8F047037FEF-FollowerState] INFO  impl.FollowerState (FollowerState.java:run(152)) - s5@group-F8F047037FEF-FollowerState was interrupted
2023-12-13 16:21:10,883 [s5-impl-thread2] INFO  impl.StateMachineUpdater (StateMachineUpdater.java:stopAndJoin(157)) - s5@group-F8F047037FEF-StateMachineUpdater: set stopIndex = 15
2023-12-13 16:21:10,883 [s5-impl-thread2] INFO  server.RaftServer$Division (ServerState.java:close(423)) - s5@group-F8F047037FEF: applyIndex: 15
2023-12-13 16:21:10,883 [s5@group-F8F047037FEF-cacheEviction-AwaitToRun] INFO  util.AwaitToRun (AwaitToRun.java:run(49)) - s5@group-F8F047037FEF-cacheEviction-AwaitToRun-AwaitForSignal is interrupted
2023-12-13 16:21:10,884 [grpc-default-executor-2] WARN  server.GrpcLogAppender (LogUtils.java:warn(121)) - s8@group-F8F047037FEF->s7-AppendLogResponseHandler: Failed appendEntries: org.apache.ratis.thirdparty.io.grpc.StatusRuntimeException: CANCELLED: RST_STREAM closed stream. HTTP/2 error code: CANCEL
2023-12-13 16:21:10,884 [grpc-default-executor-2] WARN  server.GrpcLogAppender (GrpcLogAppender.java:resetClient(207)) - s8@group-F8F047037FEF->s7-GrpcLogAppender: Follower failed (request=null, errorCount=1); keep nextIndex (17) unchanged and retry.
2023-12-13 16:21:10,884 [grpc-default-executor-1] WARN  server.GrpcServerProtocolService (LogUtils.java:warn(121)) - s7: APPEND_ENTRIES onError, lastRequest: null: org.apache.ratis.thirdparty.io.grpc.StatusRuntimeException: CANCELLED: client cancelled
2023-12-13 16:21:10,884 [grpc-default-executor-3] WARN  server.GrpcServerProtocolService (LogUtils.java:warn(121)) - s7: APPEND_ENTRIES onError, lastRequest: s8->s7#9-t1,previous=(t:1, i:15),leaderCommit=15,initializing? false,entries: size=1, first=(t:1, i:16), METADATAENTRY(c:15): org.apache.ratis.thirdparty.io.grpc.StatusRuntimeException: CANCELLED: client cancelled
2023-12-13 16:21:10,884 [grpc-default-executor-2] WARN  server.GrpcServerProtocolService (LogUtils.java:warn(121)) - s6: APPEND_ENTRIES onError, lastRequest: s8->s6#7-t1,previous=(t:1, i:15),leaderCommit=15,initializing? false,entries: size=1, first=(t:1, i:16), METADATAENTRY(c:15): org.apache.ratis.thirdparty.io.grpc.StatusRuntimeException: CANCELLED: client cancelled
2023-12-13 16:21:10,884 [grpc-default-executor-3] WARN  server.GrpcLogAppender (LogUtils.java:warn(121)) - s8@group-F8F047037FEF->s7-AppendLogResponseHandler: Failed appendEntries: org.apache.ratis.thirdparty.io.grpc.StatusRuntimeException: CANCELLED: RST_STREAM closed stream. HTTP/2 error code: CANCEL
2023-12-13 16:21:10,884 [grpc-default-executor-3] WARN  server.GrpcLogAppender (GrpcLogAppender.java:resetClient(207)) - s8@group-F8F047037FEF->s7-GrpcLogAppender: Follower failed (request=null, errorCount=2); keep nextIndex (17) unchanged and retry.
2023-12-13 16:21:10,885 [grpc-default-executor-2] WARN  server.GrpcServerProtocolService (LogUtils.java:warn(121)) - s6: APPEND_ENTRIES onError, lastRequest: null: org.apache.ratis.thirdparty.io.grpc.StatusRuntimeException: CANCELLED: client cancelled
2023-12-13 16:21:10,886 [grpc-default-executor-1] WARN  server.GrpcLogAppender (LogUtils.java:warn(121)) - s8@group-F8F047037FEF->s6-AppendLogResponseHandler: Failed appendEntries: org.apache.ratis.thirdparty.io.grpc.StatusRuntimeException: CANCELLED: RST_STREAM closed stream. HTTP/2 error code: CANCEL
2023-12-13 16:21:10,886 [grpc-default-executor-1] WARN  server.GrpcLogAppender (GrpcLogAppender.java:resetClient(207)) - s8@group-F8F047037FEF->s6-GrpcLogAppender: Follower failed (request=null, errorCount=1); keep nextIndex (17) unchanged and retry.
2023-12-13 16:21:10,886 [MiniRaftCluster-14] INFO  server.GrpcService (GrpcService.java:closeImpl(311)) - s4: shutdown server GrpcServerProtocolService now
2023-12-13 16:21:10,886 [s4-impl-thread2] INFO  server.RaftServer$Division (RaftServerImpl.java:lambda$close$3(516)) - s4@group-F8F047037FEF: shutdown
2023-12-13 16:21:10,886 [MiniRaftCluster-13] INFO  server.GrpcService (GrpcService.java:closeImpl(311)) - s3: shutdown server GrpcServerProtocolService now
2023-12-13 16:21:10,886 [s4-impl-thread2] INFO  util.JmxRegister (JmxRegister.java:unregister(73)) - Successfully un-registered JMX Bean with object name Ratis:service=RaftServer,group=group-F8F047037FEF,id=s4
2023-12-13 16:21:10,886 [s4-impl-thread2] INFO  impl.RoleInfo (RoleInfo.java:shutdownFollowerState(110)) - s4: shutdown s4@group-F8F047037FEF-FollowerState
2023-12-13 16:21:10,886 [s4-impl-thread2] INFO  impl.StateMachineUpdater (StateMachineUpdater.java:stopAndJoin(157)) - s4@group-F8F047037FEF-StateMachineUpdater: set stopIndex = 15
2023-12-13 16:21:10,886 [s4@group-F8F047037FEF-FollowerState] INFO  impl.FollowerState (FollowerState.java:run(152)) - s4@group-F8F047037FEF-FollowerState was interrupted
2023-12-13 16:21:10,886 [s4-impl-thread2] INFO  server.RaftServer$Division (ServerState.java:close(423)) - s4@group-F8F047037FEF: applyIndex: 15
2023-12-13 16:21:10,887 [s4@group-F8F047037FEF-cacheEviction-AwaitToRun] INFO  util.AwaitToRun (AwaitToRun.java:run(49)) - s4@group-F8F047037FEF-cacheEviction-AwaitToRun-AwaitForSignal is interrupted
2023-12-13 16:21:10,887 [s3-impl-thread2] INFO  server.RaftServer$Division (RaftServerImpl.java:lambda$close$3(516)) - s3@group-F8F047037FEF: shutdown
2023-12-13 16:21:10,887 [s3-impl-thread2] INFO  util.JmxRegister (JmxRegister.java:unregister(73)) - Successfully un-registered JMX Bean with object name Ratis:service=RaftServer,group=group-F8F047037FEF,id=s3
2023-12-13 16:21:10,887 [s3-impl-thread2] INFO  impl.RoleInfo (RoleInfo.java:shutdownFollowerState(110)) - s3: shutdown s3@group-F8F047037FEF-FollowerState
2023-12-13 16:21:10,887 [s3@group-F8F047037FEF-FollowerState] INFO  impl.FollowerState (FollowerState.java:run(152)) - s3@group-F8F047037FEF-FollowerState was interrupted
2023-12-13 16:21:10,887 [s3-impl-thread2] INFO  impl.StateMachineUpdater (StateMachineUpdater.java:stopAndJoin(157)) - s3@group-F8F047037FEF-StateMachineUpdater: set stopIndex = 15
2023-12-13 16:21:10,887 [s3-impl-thread2] INFO  server.RaftServer$Division (ServerState.java:close(423)) - s3@group-F8F047037FEF: applyIndex: 15
2023-12-13 16:21:10,887 [s3@group-F8F047037FEF-cacheEviction-AwaitToRun] INFO  util.AwaitToRun (AwaitToRun.java:run(49)) - s3@group-F8F047037FEF-cacheEviction-AwaitToRun-AwaitForSignal is interrupted
2023-12-13 16:21:10,888 [MiniRaftCluster-17] INFO  server.GrpcService (GrpcService.java:closeImpl(320)) - s7: shutdown server GrpcServerProtocolService successfully
2023-12-13 16:21:10,890 [grpc-default-executor-3] WARN  server.GrpcLogAppender (LogUtils.java:warn(121)) - s8@group-F8F047037FEF->s6-AppendLogResponseHandler: Failed appendEntries: org.apache.ratis.thirdparty.io.grpc.StatusRuntimeException: CANCELLED: RST_STREAM closed stream. HTTP/2 error code: CANCEL
2023-12-13 16:21:10,890 [grpc-default-executor-3] WARN  server.GrpcLogAppender (GrpcLogAppender.java:resetClient(207)) - s8@group-F8F047037FEF->s6-GrpcLogAppender: Follower failed (request=null, errorCount=2); keep nextIndex (17) unchanged and retry.
2023-12-13 16:21:10,891 [grpc-default-executor-9] WARN  server.GrpcServerProtocolService (LogUtils.java:warn(121)) - s5: APPEND_ENTRIES onError, lastRequest: s8->s5#17-t1,previous=(t:1, i:15),leaderCommit=15,initializing? false,entries: size=1, first=(t:1, i:16), METADATAENTRY(c:15): org.apache.ratis.thirdparty.io.grpc.StatusRuntimeException: CANCELLED: client cancelled
2023-12-13 16:21:10,891 [grpc-default-executor-9] WARN  server.GrpcLogAppender (LogUtils.java:warn(121)) - s8@group-F8F047037FEF->s5-AppendLogResponseHandler: Failed appendEntries: org.apache.ratis.thirdparty.io.grpc.StatusRuntimeException: CANCELLED: RST_STREAM closed stream. HTTP/2 error code: CANCEL
2023-12-13 16:21:10,891 [grpc-default-executor-9] WARN  server.GrpcLogAppender (GrpcLogAppender.java:resetClient(207)) - s8@group-F8F047037FEF->s5-GrpcLogAppender: Follower failed (request=null, errorCount=1); keep nextIndex (17) unchanged and retry.
2023-12-13 16:21:10,891 [grpc-default-executor-1] WARN  server.GrpcServerProtocolService (LogUtils.java:warn(121)) - s3: APPEND_ENTRIES onError, lastRequest: null: org.apache.ratis.thirdparty.io.grpc.StatusRuntimeException: CANCELLED: client cancelled
2023-12-13 16:21:10,892 [grpc-default-executor-7] WARN  server.GrpcServerProtocolService (LogUtils.java:warn(121)) - s3: APPEND_ENTRIES onError, lastRequest: s8->s3#20-t1,previous=(t:1, i:15),leaderCommit=15,initializing? false,entries: size=1, first=(t:1, i:16), METADATAENTRY(c:15): org.apache.ratis.thirdparty.io.grpc.StatusRuntimeException: CANCELLED: client cancelled
2023-12-13 16:21:10,892 [grpc-default-executor-0] WARN  server.GrpcServerProtocolService (LogUtils.java:warn(121)) - s5: APPEND_ENTRIES onError, lastRequest: null: org.apache.ratis.thirdparty.io.grpc.StatusRuntimeException: CANCELLED: client cancelled
2023-12-13 16:21:10,892 [MiniRaftCluster-21] INFO  server.GrpcService (GrpcService.java:closeImpl(311)) - s2: shutdown server GrpcServerProtocolService now
2023-12-13 16:21:10,892 [MiniRaftCluster-19] INFO  server.GrpcService (GrpcService.java:closeImpl(311)) - s0: shutdown server GrpcServerProtocolService now
2023-12-13 16:21:10,892 [s0-impl-thread2] INFO  server.RaftServer$Division (RaftServerImpl.java:lambda$close$3(516)) - s0@group-F8F047037FEF: shutdown
2023-12-13 16:21:10,892 [s0-impl-thread2] INFO  util.JmxRegister (JmxRegister.java:unregister(73)) - Successfully un-registered JMX Bean with object name Ratis:service=RaftServer,group=group-F8F047037FEF,id=s0
2023-12-13 16:21:10,892 [s0-impl-thread2] INFO  impl.RoleInfo (RoleInfo.java:shutdownFollowerState(110)) - s0: shutdown s0@group-F8F047037FEF-FollowerState
2023-12-13 16:21:10,892 [s0-impl-thread2] INFO  impl.StateMachineUpdater (StateMachineUpdater.java:stopAndJoin(157)) - s0@group-F8F047037FEF-StateMachineUpdater: set stopIndex = 15
2023-12-13 16:21:10,892 [s0-impl-thread2] INFO  server.RaftServer$Division (ServerState.java:close(423)) - s0@group-F8F047037FEF: applyIndex: 15
2023-12-13 16:21:10,892 [s0@group-F8F047037FEF-FollowerState] INFO  impl.FollowerState (FollowerState.java:run(152)) - s0@group-F8F047037FEF-FollowerState was interrupted
2023-12-13 16:21:10,893 [MiniRaftCluster-18] INFO  server.GrpcService (GrpcService.java:closeImpl(311)) - s8: shutdown server GrpcServerProtocolService now
2023-12-13 16:21:10,893 [s0@group-F8F047037FEF-cacheEviction-AwaitToRun] INFO  util.AwaitToRun (AwaitToRun.java:run(49)) - s0@group-F8F047037FEF-cacheEviction-AwaitToRun-AwaitForSignal is interrupted
2023-12-13 16:21:10,893 [grpc-default-executor-6] WARN  server.GrpcLogAppender (LogUtils.java:warn(121)) - s8@group-F8F047037FEF->s4-AppendLogResponseHandler: Failed appendEntries: org.apache.ratis.thirdparty.io.grpc.StatusRuntimeException: CANCELLED: RST_STREAM closed stream. HTTP/2 error code: CANCEL
2023-12-13 16:21:10,893 [grpc-default-executor-6] WARN  server.GrpcLogAppender (GrpcLogAppender.java:resetClient(207)) - s8@group-F8F047037FEF->s4-GrpcLogAppender: Follower failed (request=null, errorCount=1); keep nextIndex (17) unchanged and retry.
2023-12-13 16:21:10,893 [grpc-default-executor-8] INFO  server.GrpcLogAppender (GrpcLogAppender.java:onError(523)) - s2@group-E7953D37B758->s4-GrpcLogAppender is already stopped
2023-12-13 16:21:10,894 [grpc-default-executor-10] WARN  server.GrpcServerProtocolService (LogUtils.java:warn(121)) - s2: APPEND_ENTRIES onError, lastRequest: null: org.apache.ratis.thirdparty.io.grpc.StatusRuntimeException: CANCELLED: client cancelled
2023-12-13 16:21:10,894 [grpc-default-executor-2] INFO  server.GrpcLogAppender (GrpcLogAppender.java:onError(523)) - s2@group-E7953D37B758->s3-GrpcLogAppender is already stopped
2023-12-13 16:21:10,894 [grpc-default-executor-7] WARN  server.GrpcServerProtocolService (LogUtils.java:warn(121)) - s4: APPEND_ENTRIES onError, lastRequest: null: org.apache.ratis.thirdparty.io.grpc.StatusRuntimeException: CANCELLED: client cancelled
2023-12-13 16:21:10,894 [s8-impl-thread2] INFO  server.RaftServer$Division (RaftServerImpl.java:lambda$close$3(516)) - s8@group-F8F047037FEF: shutdown
2023-12-13 16:21:10,894 [s8-impl-thread2] INFO  util.JmxRegister (JmxRegister.java:unregister(73)) - Successfully un-registered JMX Bean with object name Ratis:service=RaftServer,group=group-F8F047037FEF,id=s8
2023-12-13 16:21:10,894 [s8-impl-thread2] INFO  impl.RoleInfo (RoleInfo.java:shutdownLeaderState(94)) - s8: shutdown s8@group-F8F047037FEF-LeaderStateImpl
2023-12-13 16:21:10,895 [s8@group-F8F047037FEF->s0-GrpcLogAppender-LogAppenderDaemon] WARN  server.GrpcLogAppender (GrpcLogAppender.java:mayWait(279)) - s8@group-F8F047037FEF->s0-GrpcLogAppender: Wait interrupted by java.lang.InterruptedException
2023-12-13 16:21:10,895 [grpc-default-executor-11] WARN  server.GrpcLogAppender (LogUtils.java:warn(121)) - s8@group-F8F047037FEF->s5-AppendLogResponseHandler: Failed appendEntries: org.apache.ratis.thirdparty.io.grpc.StatusRuntimeException: CANCELLED: RST_STREAM closed stream. HTTP/2 error code: CANCEL
2023-12-13 16:21:10,895 [grpc-default-executor-11] WARN  server.GrpcLogAppender (GrpcLogAppender.java:resetClient(207)) - s8@group-F8F047037FEF->s5-GrpcLogAppender: Follower failed (request=null, errorCount=2); keep nextIndex (17) unchanged and retry.
2023-12-13 16:21:10,895 [s8@group-F8F047037FEF->s1-GrpcLogAppender-LogAppenderDaemon] WARN  server.GrpcLogAppender (GrpcLogAppender.java:mayWait(279)) - s8@group-F8F047037FEF->s1-GrpcLogAppender: Wait interrupted by java.lang.InterruptedException
2023-12-13 16:21:10,895 [s8@group-F8F047037FEF->s3-GrpcLogAppender-LogAppenderDaemon] WARN  server.GrpcLogAppender (GrpcLogAppender.java:mayWait(279)) - s8@group-F8F047037FEF->s3-GrpcLogAppender: Wait interrupted by java.lang.InterruptedException
2023-12-13 16:21:10,895 [s8@group-F8F047037FEF->s2-GrpcLogAppender-LogAppenderDaemon] WARN  server.GrpcLogAppender (GrpcLogAppender.java:mayWait(279)) - s8@group-F8F047037FEF->s2-GrpcLogAppender: Wait interrupted by java.lang.InterruptedException
2023-12-13 16:21:10,895 [s8-impl-thread2] INFO  impl.PendingRequests (PendingRequests.java:sendNotLeaderResponses(289)) - s8@group-F8F047037FEF-PendingRequests: sendNotLeaderResponses
2023-12-13 16:21:10,895 [s8@group-F8F047037FEF->s4-GrpcLogAppender-LogAppenderDaemon] WARN  server.GrpcLogAppender (GrpcLogAppender.java:mayWait(279)) - s8@group-F8F047037FEF->s4-GrpcLogAppender: Wait interrupted by java.lang.InterruptedException
2023-12-13 16:21:10,895 [s8@group-F8F047037FEF->s5-GrpcLogAppender-LogAppenderDaemon] WARN  server.GrpcLogAppender (GrpcLogAppender.java:mayWait(279)) - s8@group-F8F047037FEF->s5-GrpcLogAppender: Wait interrupted by java.lang.InterruptedException
2023-12-13 16:21:10,895 [MiniRaftCluster-20] INFO  server.GrpcService (GrpcService.java:closeImpl(311)) - s1: shutdown server GrpcServerProtocolService now
2023-12-13 16:21:10,895 [s8@group-F8F047037FEF->s6-GrpcLogAppender-LogAppenderDaemon] WARN  server.GrpcLogAppender (GrpcLogAppender.java:mayWait(279)) - s8@group-F8F047037FEF->s6-GrpcLogAppender: Wait interrupted by java.lang.InterruptedException
2023-12-13 16:21:10,895 [s1-impl-thread2] INFO  server.RaftServer$Division (RaftServerImpl.java:lambda$close$3(516)) - s1@group-F8F047037FEF: shutdown
2023-12-13 16:21:10,895 [s8@group-F8F047037FEF->s7-GrpcLogAppender-LogAppenderDaemon] WARN  server.GrpcLogAppender (GrpcLogAppender.java:mayWait(279)) - s8@group-F8F047037FEF->s7-GrpcLogAppender: Wait interrupted by java.lang.InterruptedException
2023-12-13 16:21:10,895 [s1-impl-thread2] INFO  util.JmxRegister (JmxRegister.java:unregister(73)) - Successfully un-registered JMX Bean with object name Ratis:service=RaftServer,group=group-F8F047037FEF,id=s1
2023-12-13 16:21:10,895 [s1-impl-thread2] INFO  impl.RoleInfo (RoleInfo.java:shutdownFollowerState(110)) - s1: shutdown s1@group-F8F047037FEF-FollowerState
2023-12-13 16:21:10,895 [s1@group-F8F047037FEF-FollowerState] INFO  impl.FollowerState (FollowerState.java:run(152)) - s1@group-F8F047037FEF-FollowerState was interrupted
2023-12-13 16:21:10,895 [s1-impl-thread2] INFO  impl.StateMachineUpdater (StateMachineUpdater.java:stopAndJoin(157)) - s1@group-F8F047037FEF-StateMachineUpdater: set stopIndex = 15
2023-12-13 16:21:10,896 [s1-impl-thread2] INFO  server.RaftServer$Division (ServerState.java:close(423)) - s1@group-F8F047037FEF: applyIndex: 15
2023-12-13 16:21:10,894 [s2-impl-thread2] INFO  server.RaftServer$Division (RaftServerImpl.java:lambda$close$3(516)) - s2@group-F8F047037FEF: shutdown
2023-12-13 16:21:10,900 [s2-impl-thread2] INFO  util.JmxRegister (JmxRegister.java:unregister(73)) - Successfully un-registered JMX Bean with object name Ratis:service=RaftServer,group=group-F8F047037FEF,id=s2
2023-12-13 16:21:10,900 [s2-impl-thread2] INFO  impl.RoleInfo (RoleInfo.java:shutdownFollowerState(110)) - s2: shutdown s2@group-F8F047037FEF-FollowerState
2023-12-13 16:21:10,900 [s2-impl-thread2] INFO  impl.StateMachineUpdater (StateMachineUpdater.java:stopAndJoin(157)) - s2@group-F8F047037FEF-StateMachineUpdater: set stopIndex = 15
2023-12-13 16:21:10,901 [s2@group-F8F047037FEF-FollowerState] INFO  impl.FollowerState (FollowerState.java:run(152)) - s2@group-F8F047037FEF-FollowerState was interrupted
2023-12-13 16:21:10,901 [grpc-default-executor-4] WARN  server.GrpcServerProtocolService (LogUtils.java:warn(121)) - s1: APPEND_ENTRIES onError, lastRequest: s8->s1#26-t1,previous=(t:1, i:15),leaderCommit=15,initializing? false,entries: size=1, first=(t:1, i:16), METADATAENTRY(c:15): org.apache.ratis.thirdparty.io.grpc.StatusRuntimeException: CANCELLED: client cancelled
2023-12-13 16:21:10,901 [grpc-default-executor-5] WARN  server.GrpcServerProtocolService (LogUtils.java:warn(121)) - s1: APPEND_ENTRIES onError, lastRequest: null: org.apache.ratis.thirdparty.io.grpc.StatusRuntimeException: CANCELLED: client cancelled
2023-12-13 16:21:10,901 [grpc-default-executor-13] INFO  server.GrpcLogAppender (GrpcLogAppender.java:onError(523)) - s2@group-E7953D37B758->s0-GrpcLogAppender is already stopped
2023-12-13 16:21:10,900 [grpc-default-executor-8] INFO  server.GrpcLogAppender (GrpcLogAppender.java:onError(523)) - s8@group-F8F047037FEF->s2-GrpcLogAppender is already stopped
2023-12-13 16:21:10,901 [s2-impl-thread2] INFO  server.RaftServer$Division (ServerState.java:close(423)) - s2@group-F8F047037FEF: applyIndex: 15
2023-12-13 16:21:10,901 [s2@group-F8F047037FEF-cacheEviction-AwaitToRun] INFO  util.AwaitToRun (AwaitToRun.java:run(49)) - s2@group-F8F047037FEF-cacheEviction-AwaitToRun-AwaitForSignal is interrupted
2023-12-13 16:21:10,900 [Thread-700] INFO  server.GrpcServerProtocolClient (GrpcServerProtocolClient.java:close(103)) - s4 Close channels
2023-12-13 16:21:10,899 [Thread-708] INFO  server.GrpcServerProtocolClient (GrpcServerProtocolClient.java:close(103)) - s7 Close channels
2023-12-13 16:21:10,899 [Thread-707] INFO  server.GrpcServerProtocolClient (GrpcServerProtocolClient.java:close(103)) - s6 Close channels
2023-12-13 16:21:10,898 [grpc-default-executor-0] WARN  server.GrpcServerProtocolService (LogUtils.java:warn(121)) - s0: APPEND_ENTRIES onError, lastRequest: null: org.apache.ratis.thirdparty.io.grpc.StatusRuntimeException: CANCELLED: client cancelled
2023-12-13 16:21:10,898 [grpc-default-executor-2] WARN  server.GrpcServerProtocolService (LogUtils.java:warn(121)) - s2: APPEND_ENTRIES onError, lastRequest: s8->s2#18-t1,previous=(t:1, i:15),leaderCommit=15,initializing? false,entries: size=1, first=(t:1, i:16), METADATAENTRY(c:15): org.apache.ratis.thirdparty.io.grpc.StatusRuntimeException: CANCELLED: client cancelled
2023-12-13 16:21:10,902 [MiniRaftCluster-13] INFO  server.GrpcService (GrpcService.java:closeImpl(320)) - s3: shutdown server GrpcServerProtocolService successfully
2023-12-13 16:21:10,902 [MiniRaftCluster-19] INFO  server.GrpcService (GrpcService.java:closeImpl(320)) - s0: shutdown server GrpcServerProtocolService successfully
2023-12-13 16:21:10,898 [grpc-default-executor-7] INFO  server.GrpcLogAppender (GrpcLogAppender.java:onError(523)) - s8@group-F8F047037FEF->s4-GrpcLogAppender is already stopped
2023-12-13 16:21:10,898 [grpc-default-executor-12] WARN  server.GrpcServerProtocolService (LogUtils.java:warn(121)) - s4: APPEND_ENTRIES onError, lastRequest: s8->s4#13-t1,previous=(t:1, i:15),leaderCommit=15,initializing? false,entries: size=1, first=(t:1, i:16), METADATAENTRY(c:15): org.apache.ratis.thirdparty.io.grpc.StatusRuntimeException: CANCELLED: client cancelled
2023-12-13 16:21:10,905 [s1@group-F8F047037FEF-cacheEviction-AwaitToRun] INFO  util.AwaitToRun (AwaitToRun.java:run(49)) - s1@group-F8F047037FEF-cacheEviction-AwaitToRun-AwaitForSignal is interrupted
2023-12-13 16:21:10,898 [Thread-681] INFO  server.GrpcServerProtocolClient (GrpcServerProtocolClient.java:close(103)) - s3 Close channels
2023-12-13 16:21:10,897 [Thread-691] INFO  server.GrpcServerProtocolClient (GrpcServerProtocolClient.java:close(103)) - s2 Close channels
2023-12-13 16:21:10,897 [Thread-690] INFO  server.GrpcServerProtocolClient (GrpcServerProtocolClient.java:close(103)) - s1 Close channels
2023-12-13 16:21:10,897 [Thread-689] INFO  server.GrpcServerProtocolClient (GrpcServerProtocolClient.java:close(103)) - s0 Close channels
2023-12-13 16:21:10,897 [Thread-687] INFO  server.GrpcServerProtocolClient (GrpcServerProtocolClient.java:close(103)) - s7 Close channels
2023-12-13 16:21:10,897 [Thread-686] INFO  server.GrpcServerProtocolClient (GrpcServerProtocolClient.java:close(103)) - s6 Close channels
2023-12-13 16:21:10,897 [Thread-685] INFO  server.GrpcServerProtocolClient (GrpcServerProtocolClient.java:close(103)) - s5 Close channels
2023-12-13 16:21:10,896 [Thread-684] INFO  server.GrpcServerProtocolClient (GrpcServerProtocolClient.java:close(103)) - s4 Close channels
2023-12-13 16:21:10,896 [Thread-683] INFO  server.GrpcServerProtocolClient (GrpcServerProtocolClient.java:close(103)) - s3 Close channels
2023-12-13 16:21:10,896 [grpc-default-executor-14] WARN  server.GrpcServerProtocolService (LogUtils.java:warn(121)) - s0: APPEND_ENTRIES onError, lastRequest: s8->s0#31-t1,previous=(t:1, i:15),leaderCommit=15,initializing? false,entries: size=1, first=(t:1, i:16), METADATAENTRY(c:15): org.apache.ratis.thirdparty.io.grpc.StatusRuntimeException: CANCELLED: client cancelled
2023-12-13 16:21:10,896 [grpc-default-executor-9] INFO  server.GrpcLogAppender (GrpcLogAppender.java:onError(523)) - s8@group-F8F047037FEF->s3-GrpcLogAppender is already stopped
2023-12-13 16:21:10,906 [MiniRaftCluster-18] INFO  server.GrpcService (GrpcService.java:closeImpl(320)) - s8: shutdown server GrpcServerProtocolService successfully
2023-12-13 16:21:10,906 [grpc-default-executor-4] INFO  server.GrpcLogAppender (GrpcLogAppender.java:onError(523)) - s8@group-F8F047037FEF->s1-GrpcLogAppender is already stopped
2023-12-13 16:21:10,911 [MiniRaftCluster-16] INFO  server.GrpcService (GrpcService.java:closeImpl(320)) - s6: shutdown server GrpcServerProtocolService successfully
2023-12-13 16:21:10,911 [Thread-722] INFO  server.GrpcServerProtocolClient (GrpcServerProtocolClient.java:close(103)) - s0 Close channels
2023-12-13 16:21:10,911 [Thread-728] INFO  server.GrpcServerProtocolClient (GrpcServerProtocolClient.java:close(103)) - s1 Close channels
2023-12-13 16:21:10,915 [MiniRaftCluster-21] INFO  server.GrpcService (GrpcService.java:closeImpl(320)) - s2: shutdown server GrpcServerProtocolService successfully
2023-12-13 16:21:10,915 [MiniRaftCluster-20] INFO  server.GrpcService (GrpcService.java:closeImpl(320)) - s1: shutdown server GrpcServerProtocolService successfully
2023-12-13 16:21:10,917 [grpc-default-executor-11] INFO  server.GrpcLogAppender (GrpcLogAppender.java:onError(523)) - s8@group-F8F047037FEF->s0-GrpcLogAppender is already stopped
2023-12-13 16:21:10,917 [s8-impl-thread2] INFO  impl.StateMachineUpdater (StateMachineUpdater.java:stopAndJoin(157)) - s8@group-F8F047037FEF-StateMachineUpdater: set stopIndex = 16
2023-12-13 16:21:10,917 [grpc-default-executor-8] INFO  server.GrpcLogAppender (GrpcLogAppender.java:onError(523)) - s8@group-F8F047037FEF->s0-GrpcLogAppender is already stopped
2023-12-13 16:21:10,917 [grpc-default-executor-13] INFO  server.GrpcLogAppender (GrpcLogAppender.java:onError(523)) - s8@group-F8F047037FEF->s2-GrpcLogAppender is already stopped
2023-12-13 16:21:10,917 [grpc-default-executor-5] INFO  server.GrpcLogAppender (GrpcLogAppender.java:onError(523)) - s8@group-F8F047037FEF->s1-GrpcLogAppender is already stopped
2023-12-13 16:21:10,917 [grpc-default-executor-7] INFO  server.GrpcLogAppender (GrpcLogAppender.java:onError(523)) - s8@group-F8F047037FEF->s3-GrpcLogAppender is already stopped
2023-12-13 16:21:10,917 [grpc-default-executor-12] INFO  server.GrpcLogAppender (GrpcLogAppender.java:onError(523)) - s2@group-E7953D37B758->s1-GrpcLogAppender is already stopped
2023-12-13 16:21:10,918 [s8-impl-thread2] INFO  server.RaftServer$Division (ServerState.java:close(423)) - s8@group-F8F047037FEF: applyIndex: 16
2023-12-13 16:21:10,918 [MiniRaftCluster-15] INFO  server.GrpcService (GrpcService.java:closeImpl(320)) - s5: shutdown server GrpcServerProtocolService successfully
2023-12-13 16:21:10,918 [s8@group-F8F047037FEF-cacheEviction-AwaitToRun] INFO  util.AwaitToRun (AwaitToRun.java:run(49)) - s8@group-F8F047037FEF-cacheEviction-AwaitToRun-AwaitForSignal is interrupted
2023-12-13 16:21:10,918 [MiniRaftCluster-14] INFO  server.GrpcService (GrpcService.java:closeImpl(320)) - s4: shutdown server GrpcServerProtocolService successfully
2023-12-13 16:21:11,605 [s3-impl-thread1] INFO  segmented.SegmentedRaftLogWorker (SegmentedRaftLogWorker.java:close(245)) - s3@group-215AF6FE8C9E-SegmentedRaftLogWorker close()
2023-12-13 16:21:11,612 [s4-impl-thread1] INFO  segmented.SegmentedRaftLogWorker (SegmentedRaftLogWorker.java:close(245)) - s4@group-215AF6FE8C9E-SegmentedRaftLogWorker close()
2023-12-13 16:21:11,620 [s5-impl-thread1] INFO  segmented.SegmentedRaftLogWorker (SegmentedRaftLogWorker.java:close(245)) - s5@group-215AF6FE8C9E-SegmentedRaftLogWorker close()
2023-12-13 16:21:11,629 [s6-impl-thread1] INFO  segmented.SegmentedRaftLogWorker (SegmentedRaftLogWorker.java:close(245)) - s6@group-215AF6FE8C9E-SegmentedRaftLogWorker close()
2023-12-13 16:21:11,636 [s7-impl-thread1] INFO  segmented.SegmentedRaftLogWorker (SegmentedRaftLogWorker.java:close(245)) - s7@group-215AF6FE8C9E-SegmentedRaftLogWorker close()
2023-12-13 16:21:11,643 [s8-impl-thread1] INFO  segmented.SegmentedRaftLogWorker (SegmentedRaftLogWorker.java:close(245)) - s8@group-215AF6FE8C9E-SegmentedRaftLogWorker close()
2023-12-13 16:21:11,652 [s0-impl-thread1] INFO  segmented.SegmentedRaftLogWorker (SegmentedRaftLogWorker.java:close(245)) - s0@group-215AF6FE8C9E-SegmentedRaftLogWorker close()
2023-12-13 16:21:11,658 [s1-impl-thread1] INFO  segmented.SegmentedRaftLogWorker (SegmentedRaftLogWorker.java:close(245)) - s1@group-215AF6FE8C9E-SegmentedRaftLogWorker close()
2023-12-13 16:21:11,665 [s2-impl-thread1] INFO  segmented.SegmentedRaftLogWorker (SegmentedRaftLogWorker.java:close(245)) - s2@group-215AF6FE8C9E-SegmentedRaftLogWorker close()
2023-12-13 16:21:11,851 [s8-impl-thread2] INFO  segmented.SegmentedRaftLogWorker (SegmentedRaftLogWorker.java:close(245)) - s8@group-F8F047037FEF-SegmentedRaftLogWorker close()
2023-12-13 16:21:11,851 [JvmPauseMonitor24] INFO  util.JvmPauseMonitor (JvmPauseMonitor.java:run(152)) - JvmPauseMonitor-s8: Stopped
2023-12-13 16:21:11,853 [s7-impl-thread2] INFO  segmented.SegmentedRaftLogWorker (SegmentedRaftLogWorker.java:close(245)) - s7@group-F8F047037FEF-SegmentedRaftLogWorker close()
2023-12-13 16:21:11,854 [s0-impl-thread2] INFO  segmented.SegmentedRaftLogWorker (SegmentedRaftLogWorker.java:close(245)) - s0@group-F8F047037FEF-SegmentedRaftLogWorker close()
2023-12-13 16:21:11,854 [s3-impl-thread2] INFO  segmented.SegmentedRaftLogWorker (SegmentedRaftLogWorker.java:close(245)) - s3@group-F8F047037FEF-SegmentedRaftLogWorker close()
2023-12-13 16:21:11,854 [s4-impl-thread2] INFO  segmented.SegmentedRaftLogWorker (SegmentedRaftLogWorker.java:close(245)) - s4@group-F8F047037FEF-SegmentedRaftLogWorker close()
2023-12-13 16:21:11,854 [s2-impl-thread2] INFO  segmented.SegmentedRaftLogWorker (SegmentedRaftLogWorker.java:close(245)) - s2@group-F8F047037FEF-SegmentedRaftLogWorker close()
2023-12-13 16:21:11,855 [s6-impl-thread2] INFO  segmented.SegmentedRaftLogWorker (SegmentedRaftLogWorker.java:close(245)) - s6@group-F8F047037FEF-SegmentedRaftLogWorker close()
2023-12-13 16:21:11,855 [s1-impl-thread2] INFO  segmented.SegmentedRaftLogWorker (SegmentedRaftLogWorker.java:close(245)) - s1@group-F8F047037FEF-SegmentedRaftLogWorker close()
2023-12-13 16:21:11,860 [JvmPauseMonitor23] INFO  util.JvmPauseMonitor (JvmPauseMonitor.java:run(152)) - JvmPauseMonitor-s7: Stopped
2023-12-13 16:21:11,861 [s5-impl-thread2] INFO  segmented.SegmentedRaftLogWorker (SegmentedRaftLogWorker.java:close(245)) - s5@group-F8F047037FEF-SegmentedRaftLogWorker close()
2023-12-13 16:21:11,863 [JvmPauseMonitor25] INFO  util.JvmPauseMonitor (JvmPauseMonitor.java:run(152)) - JvmPauseMonitor-s0: Stopped
2023-12-13 16:21:11,864 [JvmPauseMonitor19] INFO  util.JvmPauseMonitor (JvmPauseMonitor.java:run(152)) - JvmPauseMonitor-s3: Stopped
2023-12-13 16:21:11,864 [JvmPauseMonitor27] INFO  util.JvmPauseMonitor (JvmPauseMonitor.java:run(152)) - JvmPauseMonitor-s2: Stopped
2023-12-13 16:21:11,864 [JvmPauseMonitor20] INFO  util.JvmPauseMonitor (JvmPauseMonitor.java:run(152)) - JvmPauseMonitor-s4: Stopped
2023-12-13 16:21:11,865 [JvmPauseMonitor26] INFO  util.JvmPauseMonitor (JvmPauseMonitor.java:run(152)) - JvmPauseMonitor-s1: Stopped
2023-12-13 16:21:11,865 [JvmPauseMonitor21] INFO  util.JvmPauseMonitor (JvmPauseMonitor.java:run(152)) - JvmPauseMonitor-s5: Stopped
2023-12-13 16:21:11,865 [JvmPauseMonitor22] INFO  util.JvmPauseMonitor (JvmPauseMonitor.java:run(152)) - JvmPauseMonitor-s6: Stopped
]]></system-out>
  </testcase>
  <testcase name="testMultiGroup9Nodes" classname="org.apache.ratis.grpc.TestGroupManagementWithGrpc" time="17.303">
    <failure message="Unexpected exit." type="java.lang.AssertionError"><![CDATA[java.lang.AssertionError: Unexpected exit.
	at org.apache.ratis.util.ExitUtils.assertNotTerminated(ExitUtils.java:109)
	at org.apache.ratis.BaseTest.assertNoFailures(BaseTest.java:90)
	at java.base/jdk.internal.reflect.NativeMethodAccessorImpl.invoke0(Native Method)
	at java.base/jdk.internal.reflect.NativeMethodAccessorImpl.invoke(NativeMethodAccessorImpl.java:62)
	at java.base/jdk.internal.reflect.DelegatingMethodAccessorImpl.invoke(DelegatingMethodAccessorImpl.java:43)
	at java.base/java.lang.reflect.Method.invoke(Method.java:566)
	at org.junit.runners.model.FrameworkMethod$1.runReflectiveCall(FrameworkMethod.java:59)
	at org.junit.internal.runners.model.ReflectiveCallable.run(ReflectiveCallable.java:12)
	at org.junit.runners.model.FrameworkMethod.invokeExplosively(FrameworkMethod.java:56)
	at org.junit.internal.runners.statements.RunAfters.invokeMethod(RunAfters.java:46)
	at org.junit.internal.runners.statements.RunAfters.evaluate(RunAfters.java:33)
	at org.junit.internal.runners.statements.FailOnTimeout$CallableStatement.call(FailOnTimeout.java:299)
	at org.junit.internal.runners.statements.FailOnTimeout$CallableStatement.call(FailOnTimeout.java:293)
	at java.base/java.util.concurrent.FutureTask.run(FutureTask.java:264)
	at java.base/java.lang.Thread.run(Thread.java:829)
Caused by: org.apache.ratis.util.ExitUtils$ExitException: Failed to start Grpc server
	at org.apache.ratis.util.ExitUtils.terminate(ExitUtils.java:141)
	at org.apache.ratis.util.ExitUtils.terminate(ExitUtils.java:151)
	at org.apache.ratis.grpc.server.GrpcService.startImpl(GrpcService.java:300)
	at org.apache.ratis.util.LifeCycle.startAndTransition(LifeCycle.java:270)
	at org.apache.ratis.server.RaftServerRpcWithProxy.start(RaftServerRpcWithProxy.java:72)
	at org.apache.ratis.server.impl.RaftServerProxy.startImpl(RaftServerProxy.java:407)
	at org.apache.ratis.util.LifeCycle.startAndTransition(LifeCycle.java:270)
	at org.apache.ratis.server.impl.RaftServerProxy.start(RaftServerProxy.java:400)
	at org.apache.ratis.server.impl.MiniRaftCluster.startServers(MiniRaftCluster.java:499)
	at org.apache.ratis.server.impl.MiniRaftCluster.start(MiniRaftCluster.java:346)
	at org.apache.ratis.server.impl.GroupManagementBaseTest.runMultiGroupTest(GroupManagementBaseTest.java:263)
	at org.apache.ratis.server.impl.GroupManagementBaseTest.runMultiGroupTest(GroupManagementBaseTest.java:237)
	at org.apache.ratis.server.impl.GroupManagementBaseTest.testMultiGroup7Nodes(GroupManagementBaseTest.java:226)
	at java.base/jdk.internal.reflect.NativeMethodAccessorImpl.invoke0(Native Method)
	at java.base/jdk.internal.reflect.NativeMethodAccessorImpl.invoke(NativeMethodAccessorImpl.java:62)
	at java.base/jdk.internal.reflect.DelegatingMethodAccessorImpl.invoke(DelegatingMethodAccessorImpl.java:43)
	at java.base/java.lang.reflect.Method.invoke(Method.java:566)
	at org.junit.runners.model.FrameworkMethod$1.runReflectiveCall(FrameworkMethod.java:59)
	at org.junit.internal.runners.model.ReflectiveCallable.run(ReflectiveCallable.java:12)
	at org.junit.runners.model.FrameworkMethod.invokeExplosively(FrameworkMethod.java:56)
	at org.junit.internal.runners.statements.InvokeMethod.evaluate(InvokeMethod.java:17)
	at org.junit.internal.runners.statements.RunAfters.evaluate(RunAfters.java:27)
	... 4 more
Caused by: java.io.IOException: Failed to bind to address 0.0.0.0/0.0.0.0:45461
	at org.apache.ratis.thirdparty.io.grpc.netty.NettyServer.start(NettyServer.java:326)
	at org.apache.ratis.thirdparty.io.grpc.internal.ServerImpl.start(ServerImpl.java:185)
	at org.apache.ratis.thirdparty.io.grpc.internal.ServerImpl.start(ServerImpl.java:94)
	at org.apache.ratis.grpc.server.GrpcService.startImpl(GrpcService.java:298)
	... 23 more
Caused by: org.apache.ratis.thirdparty.io.netty.channel.unix.Errors$NativeIoException: bind(..) failed: Address already in use
]]></failure>
  </testcase>
  <testcase name="testGroupAlreadyExists" classname="org.apache.ratis.grpc.TestGroupManagementWithGrpc" time="1.011">
    <failure message="Unexpected exit." type="java.lang.AssertionError"><![CDATA[java.lang.AssertionError: Unexpected exit.
	at org.apache.ratis.util.ExitUtils.assertNotTerminated(ExitUtils.java:109)
	at org.apache.ratis.server.impl.MiniRaftCluster.shutdown(MiniRaftCluster.java:854)
	at org.apache.ratis.server.impl.GroupManagementBaseTest.testGroupAlreadyExists(GroupManagementBaseTest.java:368)
	at java.base/jdk.internal.reflect.NativeMethodAccessorImpl.invoke0(Native Method)
	at java.base/jdk.internal.reflect.NativeMethodAccessorImpl.invoke(NativeMethodAccessorImpl.java:62)
	at java.base/jdk.internal.reflect.DelegatingMethodAccessorImpl.invoke(DelegatingMethodAccessorImpl.java:43)
	at java.base/java.lang.reflect.Method.invoke(Method.java:566)
	at org.junit.runners.model.FrameworkMethod$1.runReflectiveCall(FrameworkMethod.java:59)
	at org.junit.internal.runners.model.ReflectiveCallable.run(ReflectiveCallable.java:12)
	at org.junit.runners.model.FrameworkMethod.invokeExplosively(FrameworkMethod.java:56)
	at org.junit.internal.runners.statements.InvokeMethod.evaluate(InvokeMethod.java:17)
	at org.junit.internal.runners.statements.RunAfters.evaluate(RunAfters.java:27)
	at org.junit.internal.runners.statements.FailOnTimeout$CallableStatement.call(FailOnTimeout.java:299)
	at org.junit.internal.runners.statements.FailOnTimeout$CallableStatement.call(FailOnTimeout.java:293)
	at java.base/java.util.concurrent.FutureTask.run(FutureTask.java:264)
	at java.base/java.lang.Thread.run(Thread.java:829)
Caused by: org.apache.ratis.util.ExitUtils$ExitException: Failed to start Grpc server
	at org.apache.ratis.util.ExitUtils.terminate(ExitUtils.java:141)
	at org.apache.ratis.util.ExitUtils.terminate(ExitUtils.java:151)
	at org.apache.ratis.grpc.server.GrpcService.startImpl(GrpcService.java:300)
	at org.apache.ratis.util.LifeCycle.startAndTransition(LifeCycle.java:270)
	at org.apache.ratis.server.RaftServerRpcWithProxy.start(RaftServerRpcWithProxy.java:72)
	at org.apache.ratis.server.impl.RaftServerProxy.startImpl(RaftServerProxy.java:407)
	at org.apache.ratis.util.LifeCycle.startAndTransition(LifeCycle.java:270)
	at org.apache.ratis.server.impl.RaftServerProxy.start(RaftServerProxy.java:400)
	at org.apache.ratis.server.impl.MiniRaftCluster.startServers(MiniRaftCluster.java:499)
	at org.apache.ratis.server.impl.MiniRaftCluster.start(MiniRaftCluster.java:346)
	at org.apache.ratis.server.impl.GroupManagementBaseTest.runMultiGroupTest(GroupManagementBaseTest.java:263)
	at org.apache.ratis.server.impl.GroupManagementBaseTest.runMultiGroupTest(GroupManagementBaseTest.java:237)
	at org.apache.ratis.server.impl.GroupManagementBaseTest.testMultiGroup7Nodes(GroupManagementBaseTest.java:226)
	... 13 more
Caused by: java.io.IOException: Failed to bind to address 0.0.0.0/0.0.0.0:45461
	at org.apache.ratis.thirdparty.io.grpc.netty.NettyServer.start(NettyServer.java:326)
	at org.apache.ratis.thirdparty.io.grpc.internal.ServerImpl.start(ServerImpl.java:185)
	at org.apache.ratis.thirdparty.io.grpc.internal.ServerImpl.start(ServerImpl.java:94)
	at org.apache.ratis.grpc.server.GrpcService.startImpl(GrpcService.java:298)
	... 23 more
Caused by: org.apache.ratis.thirdparty.io.netty.channel.unix.Errors$NativeIoException: bind(..) failed: Address already in use
]]></failure>
    <system-out><![CDATA[2023-12-13 16:21:11,867 [main] INFO  util.LogUtils (Slf4jUtils.java:setLogLevel(38)) - Successfully set org.apache.ratis.conf.ConfUtils log level to WARN
2023-12-13 16:21:11,867 [main] INFO  util.LogUtils (Slf4jUtils.java:setLogLevel(38)) - Successfully set org.apache.ratis.util.FileUtils log level to TRACE
2023-12-13 16:21:11,867 [main] INFO  util.LogUtils (Slf4jUtils.java:setLogLevel(38)) - Successfully set org.apache.ratis.server.RaftServer log level to DEBUG
2023-12-13 16:21:11,867 [main] INFO  util.LogUtils (Slf4jUtils.java:setLogLevel(38)) - Successfully set org.apache.ratis.server.RaftServer$Division log level to DEBUG
2023-12-13 16:21:11,867 [main] INFO  util.LogUtils (Slf4jUtils.java:setLogLevel(38)) - Successfully set org.apache.ratis.client.RaftClient log level to DEBUG
2023-12-13 16:21:11,867 [Time-limited test] INFO  impl.MiniRaftCluster (MiniRaftCluster.java:<init>(306)) - new MiniRaftClusterWithGrpc with group-0A3BD4FCE593:[s0|localhost:32803]
2023-12-13 16:21:11,867 [Time-limited test] INFO  impl.MiniRaftCluster (MiniRaftCluster.java:start(339)) - .............................................................. 
2023-12-13 16:21:11,867 [Time-limited test] INFO  impl.MiniRaftCluster (MiniRaftCluster.java:start(340)) - ... 
2023-12-13 16:21:11,867 [Time-limited test] INFO  impl.MiniRaftCluster (MiniRaftCluster.java:start(341)) - ...     Starting MiniRaftClusterWithGrpc
2023-12-13 16:21:11,868 [Time-limited test] INFO  impl.MiniRaftCluster (MiniRaftCluster.java:start(342)) - ... 
2023-12-13 16:21:11,868 [Time-limited test] INFO  impl.MiniRaftCluster (MiniRaftCluster.java:start(343)) - .............................................................. 
2023-12-13 16:21:11,868 [Time-limited test] INFO  impl.MiniRaftCluster (MiniRaftCluster.java:initServers(318)) - servers = {}
2023-12-13 16:21:11,868 [Time-limited test] INFO  impl.MiniRaftCluster (MiniRaftCluster.java:newRaftServer(382)) - newRaftServer: s0, group-0A3BD4FCE593:[s0|localhost:32803], format? true
2023-12-13 16:21:11,868 [Time-limited test] TRACE util.FileUtils (FileUtils.java:deleteFully(305)) - deleteFully target/test/data/1e4ee837/MiniRaftClusterWithGrpc764e6386/s0
2023-12-13 16:21:11,868 [Time-limited test] TRACE util.FileUtils (FileUtils.java:deleteFully(318)) - deleteFully: target/test/data/1e4ee837/MiniRaftClusterWithGrpc764e6386/s0 does not exist.
2023-12-13 16:21:11,868 [Time-limited test] INFO  impl.MiniRaftCluster (MiniRaftCluster.java:newRaftServer(387)) - Formatted directory target/test/data/1e4ee837/MiniRaftClusterWithGrpc764e6386/s0
2023-12-13 16:21:11,868 [Time-limited test] DEBUG server.RaftServer (ServerImplUtils.java:newRaftServer(51)) - newRaftServer: s0, group-0A3BD4FCE593:[s0|localhost:32803]
2023-12-13 16:21:11,868 [Time-limited test] INFO  server.RaftServer (ConfUtils.java:logGet(46)) - raft.rpc.type = GRPC (default)
2023-12-13 16:21:11,868 [Time-limited test] INFO  grpc.GrpcConfigKeys (ConfUtils.java:logFallback(53)) - raft.grpc.admin.host = null (fallback to raft.grpc.server.host)
2023-12-13 16:21:11,868 [Time-limited test] INFO  grpc.GrpcConfigKeys (ConfUtils.java:logGet(46)) - raft.grpc.admin.port = 46745 (custom)
2023-12-13 16:21:11,868 [Time-limited test] INFO  grpc.GrpcConfigKeys (ConfUtils.java:logFallback(53)) - raft.grpc.client.host = null (fallback to raft.grpc.server.host)
2023-12-13 16:21:11,868 [Time-limited test] INFO  grpc.GrpcConfigKeys (ConfUtils.java:logGet(46)) - raft.grpc.client.port = 37319 (custom)
2023-12-13 16:21:11,868 [Time-limited test] INFO  grpc.GrpcConfigKeys (ConfUtils.java:logGet(46)) - raft.grpc.server.host = null (default)
2023-12-13 16:21:11,868 [Time-limited test] INFO  grpc.GrpcConfigKeys (ConfUtils.java:logGet(46)) - raft.grpc.server.port = 32803 (custom)
2023-12-13 16:21:11,868 [Time-limited test] INFO  server.GrpcService (ConfUtils.java:logGet(46)) - raft.grpc.message.size.max = 64MB (=67108864) (default)
2023-12-13 16:21:11,868 [Time-limited test] INFO  server.RaftServerConfigKeys (ConfUtils.java:logGet(46)) - raft.server.log.appender.buffer.byte-limit = 4MB (=4194304) (default)
2023-12-13 16:21:11,868 [Time-limited test] INFO  server.GrpcService (ConfUtils.java:logGet(46)) - raft.grpc.flow.control.window = 1MB (=1048576) (default)
2023-12-13 16:21:11,868 [Time-limited test] INFO  server.RaftServerConfigKeys (ConfUtils.java:logGet(46)) - raft.server.rpc.request.timeout = 3000ms (default)
2023-12-13 16:21:11,869 [Time-limited test] INFO  grpc.GrpcConfigKeys (ConfUtils.java:logGet(46)) - raft.grpc.server.heartbeat.channel = true (default)
2023-12-13 16:21:11,869 [Time-limited test] INFO  grpc.GrpcConfigKeys (ConfUtils.java:logGet(46)) - raft.grpc.server.async.request.thread.pool.cached = true (default)
2023-12-13 16:21:11,869 [Time-limited test] INFO  grpc.GrpcConfigKeys (ConfUtils.java:logGet(46)) - raft.grpc.server.async.request.thread.pool.size = 32 (default)
2023-12-13 16:21:11,870 [Time-limited test] INFO  impl.DataStreamServerImpl (ConfUtils.java:logGet(46)) - raft.datastream.type = DISABLED (default)
2023-12-13 16:21:11,870 [Time-limited test] INFO  server.RaftServerConfigKeys (ConfUtils.java:logGet(46)) - raft.server.sleep.deviation.threshold = 300ms (default)
2023-12-13 16:21:11,870 [Time-limited test] INFO  server.RaftServerConfigKeys (ConfUtils.java:logGet(46)) - raft.server.close.threshold = 60s (default)
2023-12-13 16:21:11,870 [Time-limited test] INFO  server.RaftServerConfigKeys (ConfUtils.java:logGet(46)) - raft.server.leaderelection.leader.step-down.wait-time = 10s (default)
2023-12-13 16:21:11,870 [Time-limited test] INFO  server.RaftServerConfigKeys (ConfUtils.java:logGet(46)) - raft.server.storage.dir = [/home/runner/work/ratis/ratis/ratis-test/target/test/data/1e4ee837/MiniRaftClusterWithGrpc764e6386/s0] (custom)
2023-12-13 16:21:11,870 [Time-limited test] INFO  server.RaftServerConfigKeys (ConfUtils.java:logGet(46)) - raft.server.threadpool.proxy.cached = true (default)
2023-12-13 16:21:11,870 [Time-limited test] INFO  server.RaftServerConfigKeys (ConfUtils.java:logGet(46)) - raft.server.threadpool.proxy.size = 0 (default)
2023-12-13 16:21:11,870 [Time-limited test] INFO  server.RaftServer (RaftServerProxy.java:addNew(100)) - s0: addNew group-0A3BD4FCE593:[s0|localhost:32803] returns group-0A3BD4FCE593:java.util.concurrent.CompletableFuture@5b108809[Not completed]
2023-12-13 16:21:11,870 [s0-groupManagement] INFO  server.RaftServer$Division (RaftServerImpl.java:<init>(256)) - s0: new RaftServerImpl for group-0A3BD4FCE593:[s0|localhost:32803] with BaseStateMachine:uninitialized
2023-12-13 16:21:11,870 [s0-groupManagement] INFO  server.RaftServerConfigKeys (ConfUtils.java:logGet(46)) - raft.server.rpc.timeout.min = 1500ms (custom)
2023-12-13 16:21:11,871 [s0-groupManagement] INFO  server.RaftServerConfigKeys (ConfUtils.java:logGet(46)) - raft.server.rpc.timeout.max = 2000ms (custom)
2023-12-13 16:21:11,871 [s0-groupManagement] INFO  server.RaftServerConfigKeys (ConfUtils.java:logGet(46)) - raft.server.rpc.sleep.time = 25ms (default)
2023-12-13 16:21:11,871 [s0-groupManagement] INFO  server.RaftServerConfigKeys (ConfUtils.java:logGet(46)) - raft.server.rpc.slowness.timeout = 60s (default)
2023-12-13 16:21:11,871 [s0-groupManagement] INFO  server.RaftServerConfigKeys (ConfUtils.java:logGet(46)) - raft.server.leaderelection.leader.step-down.wait-time = 10s (default)
2023-12-13 16:21:11,871 [s0-groupManagement] INFO  server.RaftServerConfigKeys (ConfUtils.java:logGet(46)) - raft.server.leaderelection.member.majority-add = false (default)
2023-12-13 16:21:11,871 [s0-groupManagement] INFO  server.RaftServerConfigKeys (ConfUtils.java:logGet(46)) - raft.server.sleep.deviation.threshold = 300ms (default)
2023-12-13 16:21:11,871 [s0-groupManagement] INFO  server.RaftServer$Division (ServerState.java:<init>(113)) - s0@group-0A3BD4FCE593: ConfigurationManager, init=-1: peers:[s0|localhost:32803]|listeners:[], old=null, confs=<EMPTY_MAP>
2023-12-13 16:21:11,871 [s0-groupManagement] INFO  server.RaftServerConfigKeys (ConfUtils.java:logGet(46)) - raft.server.notification.no-leader.timeout = 60s (default)
2023-12-13 16:21:11,871 [s0-groupManagement] INFO  server.RaftServerConfigKeys (ConfUtils.java:logGet(46)) - raft.server.read.timeout = 10s (default)
2023-12-13 16:21:11,871 [s0-groupManagement] INFO  server.RaftServerConfigKeys (ConfUtils.java:logGet(46)) - raft.server.retrycache.expirytime = 60s (default)
2023-12-13 16:21:11,871 [s0-groupManagement] INFO  server.RaftServerConfigKeys (ConfUtils.java:logGet(46)) - raft.server.retrycache.statistics.expirytime = 100ms (default)
2023-12-13 16:21:11,871 [s0-groupManagement] INFO  server.RaftServerConfigKeys (ConfUtils.java:logGet(46)) - raft.server.read.option = DEFAULT (default)
2023-12-13 16:21:11,871 [s0-groupManagement] INFO  server.RaftServerConfigKeys (ConfUtils.java:logGet(46)) - raft.server.read.read-after-write-consistent.write-index-cache.expiry-time = 60s (default)
2023-12-13 16:21:11,871 [s0-groupManagement] INFO  server.RaftServerConfigKeys (ConfUtils.java:logGet(46)) - raft.server.rpc.request.timeout = 3000ms (default)
2023-12-13 16:21:11,871 [s0-groupManagement] INFO  server.RaftServerConfigKeys (ConfUtils.java:logGet(46)) - raft.server.log.appender.install.snapshot.enabled = true (default)
2023-12-13 16:21:11,871 [s0-groupManagement] INFO  server.RaftServerConfigKeys (ConfUtils.java:logGet(46)) - raft.server.threadpool.server.cached = true (default)
2023-12-13 16:21:11,871 [s0-groupManagement] INFO  server.RaftServerConfigKeys (ConfUtils.java:logGet(46)) - raft.server.threadpool.server.size = 0 (default)
2023-12-13 16:21:11,871 [s0-groupManagement] INFO  server.RaftServerConfigKeys (ConfUtils.java:logGet(46)) - raft.server.threadpool.client.cached = true (default)
2023-12-13 16:21:11,871 [s0-groupManagement] INFO  server.RaftServerConfigKeys (ConfUtils.java:logGet(46)) - raft.server.threadpool.client.size = 0 (default)
2023-12-13 16:21:11,871 [s0-impl-thread1] INFO  server.RaftServerConfigKeys (ConfUtils.java:logGet(46)) - raft.server.storage.free-space.min = 0MB (=0) (default)
2023-12-13 16:21:11,871 [s0-impl-thread1] INFO  server.RaftServerConfigKeys (ConfUtils.java:logGet(46)) - raft.server.log.corruption.policy = EXCEPTION (default)
2023-12-13 16:21:11,871 [s0-impl-thread1] INFO  server.RaftServerConfigKeys (ConfUtils.java:logGet(46)) - raft.server.storage.dir = [/home/runner/work/ratis/ratis/ratis-test/target/test/data/1e4ee837/MiniRaftClusterWithGrpc764e6386/s0] (custom)
2023-12-13 16:21:11,871 [s0-impl-thread1] INFO  storage.RaftStorageDirectory (RaftStorageDirectoryImpl.java:analyzeStorage(138)) - The storage directory /home/runner/work/ratis/ratis/ratis-test/target/test/data/1e4ee837/MiniRaftClusterWithGrpc764e6386/s0/6b6ce5d8-aba4-48d9-907a-0a3bd4fce593 does not exist. Creating ...
2023-12-13 16:21:11,872 [s0-impl-thread1] TRACE util.FileUtils (LogUtils.java:runAndLog(49)) - Successfully ran Files.createDirectories /home/runner/work/ratis/ratis/ratis-test/target/test/data/1e4ee837/MiniRaftClusterWithGrpc764e6386/s0/6b6ce5d8-aba4-48d9-907a-0a3bd4fce593
2023-12-13 16:21:11,873 [s0-impl-thread1] INFO  storage.RaftStorageDirectory (RaftStorageDirectoryImpl.java:tryLock(228)) - Lock on /home/runner/work/ratis/ratis/ratis-test/target/test/data/1e4ee837/MiniRaftClusterWithGrpc764e6386/s0/6b6ce5d8-aba4-48d9-907a-0a3bd4fce593/in_use.lock acquired by nodename 10819@fv-az890-872
2023-12-13 16:21:11,873 [s0-impl-thread1] TRACE util.FileUtils (LogUtils.java:runAndLog(49)) - Successfully ran Files.createDirectories /home/runner/work/ratis/ratis/ratis-test/target/test/data/1e4ee837/MiniRaftClusterWithGrpc764e6386/s0/6b6ce5d8-aba4-48d9-907a-0a3bd4fce593/current
2023-12-13 16:21:11,873 [s0-impl-thread1] TRACE util.FileUtils (LogUtils.java:runAndLog(49)) - Successfully ran Files.createDirectories /home/runner/work/ratis/ratis/ratis-test/target/test/data/1e4ee837/MiniRaftClusterWithGrpc764e6386/s0/6b6ce5d8-aba4-48d9-907a-0a3bd4fce593/sm
2023-12-13 16:21:11,873 [s0-impl-thread1] TRACE util.FileUtils (LogUtils.java:supplyAndLog(69)) - Successfully supplied FileChannel.open /home/runner/work/ratis/ratis/ratis-test/target/test/data/1e4ee837/MiniRaftClusterWithGrpc764e6386/s0/6b6ce5d8-aba4-48d9-907a-0a3bd4fce593/current/raft-meta.tmp with options [CREATE, WRITE]: sun.nio.ch.FileChannelImpl@57ec03b8
2023-12-13 16:21:11,873 [s0-impl-thread1] TRACE util.FileUtils (LogUtils.java:runAndLog(49)) - Successfully ran Atomic Files.move /home/runner/work/ratis/ratis/ratis-test/target/test/data/1e4ee837/MiniRaftClusterWithGrpc764e6386/s0/6b6ce5d8-aba4-48d9-907a-0a3bd4fce593/current/raft-meta.tmp to /home/runner/work/ratis/ratis/ratis-test/target/test/data/1e4ee837/MiniRaftClusterWithGrpc764e6386/s0/6b6ce5d8-aba4-48d9-907a-0a3bd4fce593/current/raft-meta with options [REPLACE_EXISTING]
2023-12-13 16:21:11,873 [s0-impl-thread1] INFO  storage.RaftStorage (RaftStorageImpl.java:format(99)) - Storage directory /home/runner/work/ratis/ratis/ratis-test/target/test/data/1e4ee837/MiniRaftClusterWithGrpc764e6386/s0/6b6ce5d8-aba4-48d9-907a-0a3bd4fce593 has been successfully formatted.
2023-12-13 16:21:11,873 [s0-impl-thread1] TRACE util.FileUtils (LogUtils.java:supplyAndLog(61)) - Failed to Files.newInputStream /home/runner/work/ratis/ratis/ratis-test/target/test/data/1e4ee837/MiniRaftClusterWithGrpc764e6386/s0/6b6ce5d8-aba4-48d9-907a-0a3bd4fce593/current/raft-meta.conf with options []
java.nio.file.NoSuchFileException: /home/runner/work/ratis/ratis/ratis-test/target/test/data/1e4ee837/MiniRaftClusterWithGrpc764e6386/s0/6b6ce5d8-aba4-48d9-907a-0a3bd4fce593/current/raft-meta.conf
	at java.base/sun.nio.fs.UnixException.translateToIOException(UnixException.java:92)
	at java.base/sun.nio.fs.UnixException.rethrowAsIOException(UnixException.java:111)
	at java.base/sun.nio.fs.UnixException.rethrowAsIOException(UnixException.java:116)
	at java.base/sun.nio.fs.UnixFileSystemProvider.newByteChannel(UnixFileSystemProvider.java:219)
	at java.base/java.nio.file.Files.newByteChannel(Files.java:371)
	at java.base/java.nio.file.Files.newByteChannel(Files.java:422)
	at java.base/java.nio.file.spi.FileSystemProvider.newInputStream(FileSystemProvider.java:420)
	at java.base/java.nio.file.Files.newInputStream(Files.java:156)
	at org.apache.ratis.util.FileUtils.lambda$newInputStream$2(FileUtils.java:73)
	at org.apache.ratis.util.LogUtils.supplyAndLog(LogUtils.java:58)
	at org.apache.ratis.util.FileUtils.newInputStream(FileUtils.java:72)
	at org.apache.ratis.util.FileUtils.newInputStream(FileUtils.java:68)
	at org.apache.ratis.server.storage.RaftStorageImpl.readRaftConfiguration(RaftStorageImpl.java:156)
	at org.apache.ratis.server.impl.ServerState.initialize(ServerState.java:141)
	at org.apache.ratis.server.impl.RaftServerImpl.start(RaftServerImpl.java:388)
	at org.apache.ratis.util.ConcurrentUtils.accept(ConcurrentUtils.java:203)
	at org.apache.ratis.util.ConcurrentUtils.lambda$parallelForEachAsync$4(ConcurrentUtils.java:182)
	at java.base/java.util.concurrent.ThreadPoolExecutor.runWorker(ThreadPoolExecutor.java:1128)
	at java.base/java.util.concurrent.ThreadPoolExecutor$Worker.run(ThreadPoolExecutor.java:628)
	at java.base/java.lang.Thread.run(Thread.java:829)
2023-12-13 16:21:11,874 [s0-impl-thread1] INFO  server.RaftServerConfigKeys (ConfUtils.java:logGet(46)) - raft.server.log.use.memory = false (default)
2023-12-13 16:21:11,874 [s0-impl-thread1] INFO  server.RaftServerConfigKeys (ConfUtils.java:logGet(46)) - raft.server.log.purge.gap = 1024 (default)
2023-12-13 16:21:11,874 [s0-impl-thread1] INFO  server.RaftServerConfigKeys (ConfUtils.java:logGet(46)) - raft.server.log.appender.buffer.byte-limit = 4MB (=4194304) (default)
2023-12-13 16:21:11,874 [s0-impl-thread1] INFO  server.RaftServerConfigKeys (ConfUtils.java:logGet(46)) - raft.server.log.statemachine.data.read.timeout = 1000ms (default)
2023-12-13 16:21:11,874 [s0-impl-thread1] INFO  server.RaftServerConfigKeys (ConfUtils.java:logGet(46)) - raft.server.log.purge.preservation.log.num = 0 (default)
2023-12-13 16:21:11,874 [s0-impl-thread1] INFO  server.RaftServerConfigKeys (ConfUtils.java:logGet(46)) - raft.server.log.segment.size.max = 32MB (=33554432) (default)
2023-12-13 16:21:11,874 [s0-impl-thread1] INFO  server.RaftServerConfigKeys (ConfUtils.java:logGet(46)) - raft.server.log.segment.cache.num.max = 6 (default)
2023-12-13 16:21:11,874 [s0-impl-thread1] INFO  server.RaftServerConfigKeys (ConfUtils.java:logGet(46)) - raft.server.log.segment.cache.size.max = 200MB (=209715200) (default)
2023-12-13 16:21:11,874 [s0-impl-thread1] INFO  server.RaftServerConfigKeys (ConfUtils.java:logGet(46)) - raft.server.log.appender.buffer.byte-limit = 4MB (=4194304) (default)
2023-12-13 16:21:11,874 [s0-impl-thread1] INFO  util.AwaitToRun (AwaitToRun.java:start(81)) - Thread[s0@group-0A3BD4FCE593-cacheEviction-AwaitToRun,5,main] started
2023-12-13 16:21:11,874 [s0-impl-thread1] INFO  segmented.SegmentedRaftLogWorker (SegmentedRaftLogWorker.java:<init>(182)) - new s0@group-0A3BD4FCE593-SegmentedRaftLogWorker for RaftStorageImpl:Storage Directory /home/runner/work/ratis/ratis/ratis-test/target/test/data/1e4ee837/MiniRaftClusterWithGrpc764e6386/s0/6b6ce5d8-aba4-48d9-907a-0a3bd4fce593
2023-12-13 16:21:11,874 [s0-impl-thread1] INFO  server.RaftServerConfigKeys (ConfUtils.java:logGet(46)) - raft.server.log.queue.byte-limit = 64MB (=67108864) (default)
2023-12-13 16:21:11,874 [s0-impl-thread1] INFO  server.RaftServerConfigKeys (ConfUtils.java:logGet(46)) - raft.server.log.queue.element-limit = 4096 (default)
2023-12-13 16:21:11,874 [s0-impl-thread1] INFO  server.RaftServerConfigKeys (ConfUtils.java:logGet(46)) - raft.server.log.segment.size.max = 32MB (=33554432) (default)
2023-12-13 16:21:11,874 [s0-impl-thread1] INFO  server.RaftServerConfigKeys (ConfUtils.java:logGet(46)) - raft.server.log.preallocated.size = 4MB (=4194304) (default)
2023-12-13 16:21:11,874 [s0-impl-thread1] INFO  server.RaftServerConfigKeys (ConfUtils.java:logGet(46)) - raft.server.log.force.sync.num = 128 (default)
2023-12-13 16:21:11,874 [s0-impl-thread1] INFO  server.RaftServerConfigKeys (ConfUtils.java:logGet(46)) - raft.server.log.statemachine.data.sync = true (default)
2023-12-13 16:21:11,874 [s0-impl-thread1] INFO  server.RaftServerConfigKeys (ConfUtils.java:logGet(46)) - raft.server.log.statemachine.data.sync.timeout = 10s (default)
2023-12-13 16:21:11,874 [s0-impl-thread1] INFO  server.RaftServerConfigKeys (ConfUtils.java:logGet(46)) - raft.server.log.statemachine.data.sync.timeout.retry = -1 (default)
2023-12-13 16:21:11,874 [s0-impl-thread1] INFO  server.RaftServerConfigKeys (ConfUtils.java:logGet(46)) - raft.server.log.write.buffer.size = 8MB (=8388608) (default)
2023-12-13 16:21:11,875 [s0-impl-thread1] INFO  server.RaftServerConfigKeys (ConfUtils.java:logGet(46)) - raft.server.log.appender.buffer.byte-limit = 4MB (=4194304) (default)
2023-12-13 16:21:11,875 [s0-impl-thread1] INFO  server.RaftServerConfigKeys (ConfUtils.java:logGet(46)) - raft.server.log.unsafe-flush.enabled = false (default)
2023-12-13 16:21:11,876 [s0-impl-thread1] INFO  server.RaftServerConfigKeys (ConfUtils.java:logGet(46)) - raft.server.log.async-flush.enabled = false (default)
2023-12-13 16:21:11,876 [s0-impl-thread1] INFO  server.RaftServerConfigKeys (ConfUtils.java:logGet(46)) - raft.server.log.statemachine.data.caching.enabled = false (default)
2023-12-13 16:21:11,876 [s0-impl-thread1] INFO  segmented.SegmentedRaftLogWorker (SegmentedRaftLogWorker.java:lambda$new$0(134)) - s0@group-0A3BD4FCE593-SegmentedRaftLogWorker: flushIndex: setUnconditionally 0 -> -1
2023-12-13 16:21:11,876 [s0-impl-thread1] INFO  segmented.SegmentedRaftLogWorker (SegmentedRaftLogWorker.java:lambda$new$0(134)) - s0@group-0A3BD4FCE593-SegmentedRaftLogWorker: safeCacheEvictIndex: setUnconditionally 0 -> -1
2023-12-13 16:21:11,876 [s0-impl-thread1] INFO  server.RaftServer$Division (RaftServerImpl.java:start(392)) - s0@group-0A3BD4FCE593: start as a follower, conf=-1: peers:[s0|localhost:32803]|listeners:[], old=null
2023-12-13 16:21:11,876 [s0-impl-thread1] INFO  server.RaftServer$Division (RaftServerImpl.java:setRole(379)) - s0@group-0A3BD4FCE593: changes role from      null to FOLLOWER at term 0 for startAsFollower
2023-12-13 16:21:11,876 [s0-impl-thread1] INFO  impl.RoleInfo (RoleInfo.java:updateAndGet(139)) - s0: start s0@group-0A3BD4FCE593-FollowerState
2023-12-13 16:21:11,876 [s0@group-0A3BD4FCE593-FollowerState] INFO  server.RaftServerConfigKeys (ConfUtils.java:logFallback(53)) - raft.server.rpc.first-election.timeout.min = 1500ms (fallback to raft.server.rpc.timeout.min)
2023-12-13 16:21:11,876 [s0-impl-thread1] INFO  util.JmxRegister (JmxRegister.java:tryRegister(44)) - Successfully registered JMX Bean with object name Ratis:service=RaftServer,group=group-0A3BD4FCE593,id=s0
2023-12-13 16:21:11,876 [s0@group-0A3BD4FCE593-FollowerState] INFO  server.RaftServerConfigKeys (ConfUtils.java:logFallback(53)) - raft.server.rpc.first-election.timeout.max = 2000ms (fallback to raft.server.rpc.timeout.max)
2023-12-13 16:21:11,876 [s0-impl-thread1] INFO  server.RaftServerConfigKeys (ConfUtils.java:logGet(46)) - raft.server.snapshot.trigger-when-stop.enabled = true (default)
2023-12-13 16:21:11,876 [s0-impl-thread1] INFO  server.RaftServerConfigKeys (ConfUtils.java:logGet(46)) - raft.server.snapshot.auto.trigger.enabled = false (default)
2023-12-13 16:21:11,876 [s0-impl-thread1] INFO  server.RaftServerConfigKeys (ConfUtils.java:logGet(46)) - raft.server.snapshot.retention.file.num = -1 (default)
2023-12-13 16:21:11,876 [s0-impl-thread1] INFO  server.RaftServerConfigKeys (ConfUtils.java:logGet(46)) - raft.server.log.purge.upto.snapshot.index = false (default)
2023-12-13 16:21:11,876 [Time-limited test] INFO  server.RaftServer (RaftServerProxy.java:startImpl(406)) - s0: start RPC server
2023-12-13 16:21:11,877 [Time-limited test] INFO  server.GrpcService (GrpcService.java:startImpl(302)) - s0: GrpcService started, listening on 37319
2023-12-13 16:21:11,877 [Time-limited test] INFO  server.GrpcService (GrpcService.java:startImpl(302)) - s0: GrpcService started, listening on 32803
2023-12-13 16:21:11,877 [Time-limited test] INFO  server.GrpcService (GrpcService.java:startImpl(302)) - s0: GrpcService started, listening on 46745
2023-12-13 16:21:11,877 [JvmPauseMonitor28] INFO  util.JvmPauseMonitor (JvmPauseMonitor.java:run(146)) - JvmPauseMonitor-s0: Started
2023-12-13 16:21:11,878 [Time-limited test] DEBUG client.RaftClient (ConfUtils.java:logGet(46)) - raft.rpc.type = GRPC (default)
2023-12-13 16:21:11,881 [grpc-default-executor-12] DEBUG server.RaftServer (RaftServerProxy.java:lambda$groupAddAsync$14(523)) - s0: Failed groupAdd* GroupManagementRequest:client-06FD2B1FF4A9->s0@group-0A3BD4FCE593, cid=47, seq=null, RW, null, Add:group-0A3BD4FCE593:[s0|0.0.0.0:32803]
java.util.concurrent.CompletionException: org.apache.ratis.protocol.exceptions.AlreadyExistsException: s0: Failed to add group-0A3BD4FCE593:[s0|0.0.0.0:32803] since the group already exists in the map.
	at java.base/java.util.concurrent.CompletableFuture.encodeThrowable(CompletableFuture.java:331)
	at java.base/java.util.concurrent.CompletableFuture.uniApplyNow(CompletableFuture.java:670)
	at java.base/java.util.concurrent.CompletableFuture.uniApplyStage(CompletableFuture.java:658)
	at java.base/java.util.concurrent.CompletableFuture.thenApplyAsync(CompletableFuture.java:2110)
	at org.apache.ratis.server.impl.RaftServerProxy.groupAddAsync(RaftServerProxy.java:506)
	at org.apache.ratis.server.impl.RaftServerProxy.groupManagementAsync(RaftServerProxy.java:488)
	at org.apache.ratis.grpc.server.GrpcAdminProtocolService.lambda$groupManagement$0(GrpcAdminProtocolService.java:47)
	at org.apache.ratis.grpc.GrpcUtil.asyncCall(GrpcUtil.java:179)
	at org.apache.ratis.grpc.GrpcUtil.asyncCall(GrpcUtil.java:170)
	at org.apache.ratis.grpc.server.GrpcAdminProtocolService.groupManagement(GrpcAdminProtocolService.java:47)
	at org.apache.ratis.proto.grpc.AdminProtocolServiceGrpc$MethodHandlers.invoke(AdminProtocolServiceGrpc.java:614)
	at org.apache.ratis.thirdparty.io.grpc.stub.ServerCalls$UnaryServerCallHandler$UnaryServerCallListener.onHalfClose(ServerCalls.java:182)
	at org.apache.ratis.thirdparty.io.grpc.PartialForwardingServerCallListener.onHalfClose(PartialForwardingServerCallListener.java:35)
	at org.apache.ratis.thirdparty.io.grpc.ForwardingServerCallListener.onHalfClose(ForwardingServerCallListener.java:23)
	at org.apache.ratis.thirdparty.io.grpc.internal.ServerCallImpl$ServerStreamListenerImpl.halfClosed(ServerCallImpl.java:351)
	at org.apache.ratis.thirdparty.io.grpc.internal.ServerImpl$JumpToApplicationThreadServerStreamListener$1HalfClosed.runInContext(ServerImpl.java:860)
	at org.apache.ratis.thirdparty.io.grpc.internal.ContextRunnable.run(ContextRunnable.java:37)
	at org.apache.ratis.thirdparty.io.grpc.internal.SerializingExecutor.run(SerializingExecutor.java:133)
	at java.base/java.util.concurrent.ThreadPoolExecutor.runWorker(ThreadPoolExecutor.java:1128)
	at java.base/java.util.concurrent.ThreadPoolExecutor$Worker.run(ThreadPoolExecutor.java:628)
	at java.base/java.lang.Thread.run(Thread.java:829)
Caused by: org.apache.ratis.protocol.exceptions.AlreadyExistsException: s0: Failed to add group-0A3BD4FCE593:[s0|0.0.0.0:32803] since the group already exists in the map.
	at org.apache.ratis.server.impl.RaftServerProxy$ImplMap.addNew(RaftServerProxy.java:94)
	at org.apache.ratis.server.impl.RaftServerProxy.groupAddAsync(RaftServerProxy.java:505)
	... 16 more
2023-12-13 16:21:11,897 [Time-limited test] DEBUG client.RaftClient (RaftClientImpl.java:handleIOException(419)) - client-06FD2B1FF4A9: suggested new leader: null. Failed GroupManagementRequest:client-06FD2B1FF4A9->s0@group-0A3BD4FCE593, cid=47, seq=null, RW, null, Add:group-0A3BD4FCE593:[s0|0.0.0.0:32803] with {}
org.apache.ratis.protocol.exceptions.AlreadyExistsException: s0: Failed to add group-0A3BD4FCE593:[s0|0.0.0.0:32803] since the group already exists in the map.
	at org.apache.ratis.server.impl.RaftServerProxy$ImplMap.addNew(RaftServerProxy.java:94)
	at org.apache.ratis.server.impl.RaftServerProxy.groupAddAsync(RaftServerProxy.java:505)
	at org.apache.ratis.server.impl.RaftServerProxy.groupManagementAsync(RaftServerProxy.java:488)
	at org.apache.ratis.grpc.server.GrpcAdminProtocolService.lambda$groupManagement$0(GrpcAdminProtocolService.java:47)
	at org.apache.ratis.grpc.GrpcUtil.asyncCall(GrpcUtil.java:179)
	at org.apache.ratis.grpc.GrpcUtil.asyncCall(GrpcUtil.java:170)
	at org.apache.ratis.grpc.server.GrpcAdminProtocolService.groupManagement(GrpcAdminProtocolService.java:47)
	at org.apache.ratis.proto.grpc.AdminProtocolServiceGrpc$MethodHandlers.invoke(AdminProtocolServiceGrpc.java:614)
	at org.apache.ratis.thirdparty.io.grpc.stub.ServerCalls$UnaryServerCallHandler$UnaryServerCallListener.onHalfClose(ServerCalls.java:182)
	at org.apache.ratis.thirdparty.io.grpc.PartialForwardingServerCallListener.onHalfClose(PartialForwardingServerCallListener.java:35)
	at org.apache.ratis.thirdparty.io.grpc.ForwardingServerCallListener.onHalfClose(ForwardingServerCallListener.java:23)
	at org.apache.ratis.thirdparty.io.grpc.internal.ServerCallImpl$ServerStreamListenerImpl.halfClosed(ServerCallImpl.java:351)
	at org.apache.ratis.thirdparty.io.grpc.internal.ServerImpl$JumpToApplicationThreadServerStreamListener$1HalfClosed.runInContext(ServerImpl.java:860)
	at org.apache.ratis.thirdparty.io.grpc.internal.ContextRunnable.run(ContextRunnable.java:37)
	at org.apache.ratis.thirdparty.io.grpc.internal.SerializingExecutor.run(SerializingExecutor.java:133)
	at java.base/java.util.concurrent.ThreadPoolExecutor.runWorker(ThreadPoolExecutor.java:1128)
	at java.base/java.util.concurrent.ThreadPoolExecutor$Worker.run(ThreadPoolExecutor.java:628)
	at java.base/java.lang.Thread.run(Thread.java:829)
2023-12-13 16:21:11,898 [Time-limited test] DEBUG client.RaftClient (RaftClientImpl.java:handleIOException(438)) - client-06FD2B1FF4A9: oldLeader=s0,  curLeader=s0, newLeader=null
2023-12-13 16:21:11,898 [Time-limited test] INFO  impl.MiniRaftCluster (MiniRaftCluster.java:shutdown(831)) - ************************************************************** 
2023-12-13 16:21:11,898 [Time-limited test] INFO  impl.MiniRaftCluster (MiniRaftCluster.java:shutdown(832)) - *** 
2023-12-13 16:21:11,898 [Time-limited test] INFO  impl.MiniRaftCluster (MiniRaftCluster.java:shutdown(833)) - ***     Stopping MiniRaftClusterWithGrpc
2023-12-13 16:21:11,898 [Time-limited test] INFO  impl.MiniRaftCluster (MiniRaftCluster.java:shutdown(834)) - *** 
2023-12-13 16:21:11,898 [Time-limited test] INFO  impl.MiniRaftCluster (MiniRaftCluster.java:shutdown(835)) - ************************************************************** 
2023-12-13 16:21:11,898 [Time-limited test] INFO  impl.MiniRaftCluster (MiniRaftCluster.java:shutdown(836)) - printing ALL groups
  s0:  RUNNING  FOLLOWER s0@group-0A3BD4FCE593:t0, leader=null, voted=, raftlog=Memoized:s0@group-0A3BD4FCE593-SegmentedRaftLog:OPENED:c-1, conf=-1: peers:[s0|localhost:32803]|listeners:[], old=null RUNNING
2023-12-13 16:21:11,898 [MiniRaftCluster-22] INFO  server.RaftServer (RaftServerProxy.java:lambda$close$9(416)) - s0: close
2023-12-13 16:21:11,898 [MiniRaftCluster-22] INFO  server.GrpcService (GrpcService.java:closeImpl(311)) - s0: shutdown server org.apache.ratis.grpc.server.GrpcClientProtocolService now
2023-12-13 16:21:11,898 [s0-impl-thread1] INFO  server.RaftServer$Division (RaftServerImpl.java:lambda$close$3(516)) - s0@group-0A3BD4FCE593: shutdown
2023-12-13 16:21:11,898 [s0-impl-thread1] INFO  util.JmxRegister (JmxRegister.java:unregister(73)) - Successfully un-registered JMX Bean with object name Ratis:service=RaftServer,group=group-0A3BD4FCE593,id=s0
2023-12-13 16:21:11,899 [s0-impl-thread1] INFO  impl.RoleInfo (RoleInfo.java:shutdownFollowerState(110)) - s0: shutdown s0@group-0A3BD4FCE593-FollowerState
2023-12-13 16:21:11,899 [MiniRaftCluster-22] INFO  server.GrpcService (GrpcService.java:closeImpl(320)) - s0: shutdown server org.apache.ratis.grpc.server.GrpcClientProtocolService successfully
2023-12-13 16:21:11,899 [s0@group-0A3BD4FCE593-FollowerState] INFO  impl.FollowerState (FollowerState.java:run(152)) - s0@group-0A3BD4FCE593-FollowerState was interrupted
2023-12-13 16:21:11,899 [MiniRaftCluster-22] INFO  server.GrpcService (GrpcService.java:closeImpl(311)) - s0: shutdown server GrpcServerProtocolService now
2023-12-13 16:21:11,899 [s0-impl-thread1] INFO  impl.StateMachineUpdater (StateMachineUpdater.java:stopAndJoin(157)) - s0@group-0A3BD4FCE593-StateMachineUpdater: set stopIndex = -1
2023-12-13 16:21:11,899 [MiniRaftCluster-22] INFO  server.GrpcService (GrpcService.java:closeImpl(320)) - s0: shutdown server GrpcServerProtocolService successfully
2023-12-13 16:21:11,899 [s0-impl-thread1] INFO  server.RaftServer$Division (ServerState.java:close(423)) - s0@group-0A3BD4FCE593: applyIndex: -1
2023-12-13 16:21:11,899 [MiniRaftCluster-22] INFO  server.GrpcService (GrpcService.java:closeImpl(311)) - s0: shutdown server org.apache.ratis.grpc.server.GrpcAdminProtocolService now
2023-12-13 16:21:11,899 [s0@group-0A3BD4FCE593-cacheEviction-AwaitToRun] INFO  util.AwaitToRun (AwaitToRun.java:run(49)) - s0@group-0A3BD4FCE593-cacheEviction-AwaitToRun-AwaitForSignal is interrupted
2023-12-13 16:21:11,900 [MiniRaftCluster-22] INFO  server.GrpcService (GrpcService.java:closeImpl(320)) - s0: shutdown server org.apache.ratis.grpc.server.GrpcAdminProtocolService successfully
2023-12-13 16:21:12,876 [s0-impl-thread1] INFO  segmented.SegmentedRaftLogWorker (SegmentedRaftLogWorker.java:close(245)) - s0@group-0A3BD4FCE593-SegmentedRaftLogWorker close()
2023-12-13 16:21:12,876 [JvmPauseMonitor28] INFO  util.JvmPauseMonitor (JvmPauseMonitor.java:run(152)) - JvmPauseMonitor-s0: Stopped
]]></system-out>
  </testcase>
  <testcase name="testGroupAlreadyExists" classname="org.apache.ratis.grpc.TestGroupManagementWithGrpc" time="1.011">
    <failure message="Unexpected exit." type="java.lang.AssertionError"><![CDATA[java.lang.AssertionError: Unexpected exit.
	at org.apache.ratis.util.ExitUtils.assertNotTerminated(ExitUtils.java:109)
	at org.apache.ratis.BaseTest.assertNoFailures(BaseTest.java:90)
	at java.base/jdk.internal.reflect.NativeMethodAccessorImpl.invoke0(Native Method)
	at java.base/jdk.internal.reflect.NativeMethodAccessorImpl.invoke(NativeMethodAccessorImpl.java:62)
	at java.base/jdk.internal.reflect.DelegatingMethodAccessorImpl.invoke(DelegatingMethodAccessorImpl.java:43)
	at java.base/java.lang.reflect.Method.invoke(Method.java:566)
	at org.junit.runners.model.FrameworkMethod$1.runReflectiveCall(FrameworkMethod.java:59)
	at org.junit.internal.runners.model.ReflectiveCallable.run(ReflectiveCallable.java:12)
	at org.junit.runners.model.FrameworkMethod.invokeExplosively(FrameworkMethod.java:56)
	at org.junit.internal.runners.statements.RunAfters.invokeMethod(RunAfters.java:46)
	at org.junit.internal.runners.statements.RunAfters.evaluate(RunAfters.java:33)
	at org.junit.internal.runners.statements.FailOnTimeout$CallableStatement.call(FailOnTimeout.java:299)
	at org.junit.internal.runners.statements.FailOnTimeout$CallableStatement.call(FailOnTimeout.java:293)
	at java.base/java.util.concurrent.FutureTask.run(FutureTask.java:264)
	at java.base/java.lang.Thread.run(Thread.java:829)
Caused by: org.apache.ratis.util.ExitUtils$ExitException: Failed to start Grpc server
	at org.apache.ratis.util.ExitUtils.terminate(ExitUtils.java:141)
	at org.apache.ratis.util.ExitUtils.terminate(ExitUtils.java:151)
	at org.apache.ratis.grpc.server.GrpcService.startImpl(GrpcService.java:300)
	at org.apache.ratis.util.LifeCycle.startAndTransition(LifeCycle.java:270)
	at org.apache.ratis.server.RaftServerRpcWithProxy.start(RaftServerRpcWithProxy.java:72)
	at org.apache.ratis.server.impl.RaftServerProxy.startImpl(RaftServerProxy.java:407)
	at org.apache.ratis.util.LifeCycle.startAndTransition(LifeCycle.java:270)
	at org.apache.ratis.server.impl.RaftServerProxy.start(RaftServerProxy.java:400)
	at org.apache.ratis.server.impl.MiniRaftCluster.startServers(MiniRaftCluster.java:499)
	at org.apache.ratis.server.impl.MiniRaftCluster.start(MiniRaftCluster.java:346)
	at org.apache.ratis.server.impl.GroupManagementBaseTest.runMultiGroupTest(GroupManagementBaseTest.java:263)
	at org.apache.ratis.server.impl.GroupManagementBaseTest.runMultiGroupTest(GroupManagementBaseTest.java:237)
	at org.apache.ratis.server.impl.GroupManagementBaseTest.testMultiGroup7Nodes(GroupManagementBaseTest.java:226)
	at java.base/jdk.internal.reflect.NativeMethodAccessorImpl.invoke0(Native Method)
	at java.base/jdk.internal.reflect.NativeMethodAccessorImpl.invoke(NativeMethodAccessorImpl.java:62)
	at java.base/jdk.internal.reflect.DelegatingMethodAccessorImpl.invoke(DelegatingMethodAccessorImpl.java:43)
	at java.base/java.lang.reflect.Method.invoke(Method.java:566)
	at org.junit.runners.model.FrameworkMethod$1.runReflectiveCall(FrameworkMethod.java:59)
	at org.junit.internal.runners.model.ReflectiveCallable.run(ReflectiveCallable.java:12)
	at org.junit.runners.model.FrameworkMethod.invokeExplosively(FrameworkMethod.java:56)
	at org.junit.internal.runners.statements.InvokeMethod.evaluate(InvokeMethod.java:17)
	at org.junit.internal.runners.statements.RunAfters.evaluate(RunAfters.java:27)
	... 4 more
Caused by: java.io.IOException: Failed to bind to address 0.0.0.0/0.0.0.0:45461
	at org.apache.ratis.thirdparty.io.grpc.netty.NettyServer.start(NettyServer.java:326)
	at org.apache.ratis.thirdparty.io.grpc.internal.ServerImpl.start(ServerImpl.java:185)
	at org.apache.ratis.thirdparty.io.grpc.internal.ServerImpl.start(ServerImpl.java:94)
	at org.apache.ratis.grpc.server.GrpcService.startImpl(GrpcService.java:298)
	... 23 more
Caused by: org.apache.ratis.thirdparty.io.netty.channel.unix.Errors$NativeIoException: bind(..) failed: Address already in use
]]></failure>
  </testcase>
  <testcase name="testGroupWithPriority" classname="org.apache.ratis.grpc.TestGroupManagementWithGrpc" time="19.53">
    <failure message="Unexpected exit." type="java.lang.AssertionError"><![CDATA[java.lang.AssertionError: Unexpected exit.
	at org.apache.ratis.util.ExitUtils.assertNotTerminated(ExitUtils.java:109)
	at org.apache.ratis.server.impl.MiniRaftCluster.shutdown(MiniRaftCluster.java:854)
	at org.apache.ratis.server.impl.GroupManagementBaseTest.testGroupWithPriority(GroupManagementBaseTest.java:173)
	at java.base/jdk.internal.reflect.NativeMethodAccessorImpl.invoke0(Native Method)
	at java.base/jdk.internal.reflect.NativeMethodAccessorImpl.invoke(NativeMethodAccessorImpl.java:62)
	at java.base/jdk.internal.reflect.DelegatingMethodAccessorImpl.invoke(DelegatingMethodAccessorImpl.java:43)
	at java.base/java.lang.reflect.Method.invoke(Method.java:566)
	at org.junit.runners.model.FrameworkMethod$1.runReflectiveCall(FrameworkMethod.java:59)
	at org.junit.internal.runners.model.ReflectiveCallable.run(ReflectiveCallable.java:12)
	at org.junit.runners.model.FrameworkMethod.invokeExplosively(FrameworkMethod.java:56)
	at org.junit.internal.runners.statements.InvokeMethod.evaluate(InvokeMethod.java:17)
	at org.junit.internal.runners.statements.RunAfters.evaluate(RunAfters.java:27)
	at org.junit.internal.runners.statements.FailOnTimeout$CallableStatement.call(FailOnTimeout.java:299)
	at org.junit.internal.runners.statements.FailOnTimeout$CallableStatement.call(FailOnTimeout.java:293)
	at java.base/java.util.concurrent.FutureTask.run(FutureTask.java:264)
	at java.base/java.lang.Thread.run(Thread.java:829)
Caused by: org.apache.ratis.util.ExitUtils$ExitException: Failed to start Grpc server
	at org.apache.ratis.util.ExitUtils.terminate(ExitUtils.java:141)
	at org.apache.ratis.util.ExitUtils.terminate(ExitUtils.java:151)
	at org.apache.ratis.grpc.server.GrpcService.startImpl(GrpcService.java:300)
	at org.apache.ratis.util.LifeCycle.startAndTransition(LifeCycle.java:270)
	at org.apache.ratis.server.RaftServerRpcWithProxy.start(RaftServerRpcWithProxy.java:72)
	at org.apache.ratis.server.impl.RaftServerProxy.startImpl(RaftServerProxy.java:407)
	at org.apache.ratis.util.LifeCycle.startAndTransition(LifeCycle.java:270)
	at org.apache.ratis.server.impl.RaftServerProxy.start(RaftServerProxy.java:400)
	at org.apache.ratis.server.impl.MiniRaftCluster.startServers(MiniRaftCluster.java:499)
	at org.apache.ratis.server.impl.MiniRaftCluster.start(MiniRaftCluster.java:346)
	at org.apache.ratis.server.impl.GroupManagementBaseTest.runMultiGroupTest(GroupManagementBaseTest.java:263)
	at org.apache.ratis.server.impl.GroupManagementBaseTest.runMultiGroupTest(GroupManagementBaseTest.java:237)
	at org.apache.ratis.server.impl.GroupManagementBaseTest.testMultiGroup7Nodes(GroupManagementBaseTest.java:226)
	... 13 more
Caused by: java.io.IOException: Failed to bind to address 0.0.0.0/0.0.0.0:45461
	at org.apache.ratis.thirdparty.io.grpc.netty.NettyServer.start(NettyServer.java:326)
	at org.apache.ratis.thirdparty.io.grpc.internal.ServerImpl.start(ServerImpl.java:185)
	at org.apache.ratis.thirdparty.io.grpc.internal.ServerImpl.start(ServerImpl.java:94)
	at org.apache.ratis.grpc.server.GrpcService.startImpl(GrpcService.java:298)
	... 23 more
Caused by: org.apache.ratis.thirdparty.io.netty.channel.unix.Errors$NativeIoException: bind(..) failed: Address already in use
]]></failure>
    <system-out><![CDATA[2023-12-13 16:21:12,878 [main] INFO  util.LogUtils (Slf4jUtils.java:setLogLevel(38)) - Successfully set org.apache.ratis.conf.ConfUtils log level to WARN
2023-12-13 16:21:12,878 [main] INFO  util.LogUtils (Slf4jUtils.java:setLogLevel(38)) - Successfully set org.apache.ratis.util.FileUtils log level to TRACE
2023-12-13 16:21:12,878 [main] INFO  util.LogUtils (Slf4jUtils.java:setLogLevel(38)) - Successfully set org.apache.ratis.server.RaftServer log level to DEBUG
2023-12-13 16:21:12,879 [main] INFO  util.LogUtils (Slf4jUtils.java:setLogLevel(38)) - Successfully set org.apache.ratis.server.RaftServer$Division log level to DEBUG
2023-12-13 16:21:12,879 [main] INFO  util.LogUtils (Slf4jUtils.java:setLogLevel(38)) - Successfully set org.apache.ratis.client.RaftClient log level to DEBUG
2023-12-13 16:21:12,879 [Time-limited test] INFO  impl.MiniRaftCluster (MiniRaftCluster.java:<init>(306)) - new MiniRaftClusterWithGrpc with group-DD867F2589F4:[]
2023-12-13 16:21:12,879 [Time-limited test] INFO  impl.GroupManagementBaseTest (GroupManagementBaseTest.java:testGroupWithPriority(85)) - Start testMultiGroupprinting ALL groups
2023-12-13 16:21:12,880 [Time-limited test] INFO  impl.MiniRaftCluster (MiniRaftCluster.java:newRaftServer(382)) - newRaftServer: s0, null, format? true
2023-12-13 16:21:12,880 [Time-limited test] TRACE util.FileUtils (FileUtils.java:deleteFully(305)) - deleteFully target/test/data/1e4ee837/MiniRaftClusterWithGrpcf3ee9cbd/s0
2023-12-13 16:21:12,880 [Time-limited test] TRACE util.FileUtils (FileUtils.java:deleteFully(318)) - deleteFully: target/test/data/1e4ee837/MiniRaftClusterWithGrpcf3ee9cbd/s0 does not exist.
2023-12-13 16:21:12,880 [Time-limited test] INFO  impl.MiniRaftCluster (MiniRaftCluster.java:newRaftServer(387)) - Formatted directory target/test/data/1e4ee837/MiniRaftClusterWithGrpcf3ee9cbd/s0
2023-12-13 16:21:12,880 [Time-limited test] DEBUG server.RaftServer (ServerImplUtils.java:newRaftServer(51)) - newRaftServer: s0, null
2023-12-13 16:21:12,880 [Time-limited test] INFO  server.RaftServer (ConfUtils.java:logGet(46)) - raft.rpc.type = GRPC (default)
2023-12-13 16:21:12,880 [Time-limited test] INFO  grpc.GrpcConfigKeys (ConfUtils.java:logFallback(53)) - raft.grpc.admin.host = null (fallback to raft.grpc.server.host)
2023-12-13 16:21:12,880 [Time-limited test] INFO  grpc.GrpcConfigKeys (ConfUtils.java:logFallback(53)) - raft.grpc.admin.port = 45531 (fallback to raft.grpc.server.port)
2023-12-13 16:21:12,880 [Time-limited test] INFO  grpc.GrpcConfigKeys (ConfUtils.java:logFallback(53)) - raft.grpc.client.host = null (fallback to raft.grpc.server.host)
2023-12-13 16:21:12,880 [Time-limited test] INFO  grpc.GrpcConfigKeys (ConfUtils.java:logFallback(53)) - raft.grpc.client.port = 45531 (fallback to raft.grpc.server.port)
2023-12-13 16:21:12,880 [Time-limited test] INFO  grpc.GrpcConfigKeys (ConfUtils.java:logGet(46)) - raft.grpc.server.host = null (default)
2023-12-13 16:21:12,880 [Time-limited test] INFO  grpc.GrpcConfigKeys (ConfUtils.java:logGet(46)) - raft.grpc.server.port = 45531 (custom)
2023-12-13 16:21:12,880 [Time-limited test] INFO  server.GrpcService (ConfUtils.java:logGet(46)) - raft.grpc.message.size.max = 64MB (=67108864) (default)
2023-12-13 16:21:12,880 [Time-limited test] INFO  server.RaftServerConfigKeys (ConfUtils.java:logGet(46)) - raft.server.log.appender.buffer.byte-limit = 4MB (=4194304) (default)
2023-12-13 16:21:12,880 [Time-limited test] INFO  server.GrpcService (ConfUtils.java:logGet(46)) - raft.grpc.flow.control.window = 1MB (=1048576) (default)
2023-12-13 16:21:12,880 [Time-limited test] INFO  server.RaftServerConfigKeys (ConfUtils.java:logGet(46)) - raft.server.rpc.request.timeout = 3000ms (default)
2023-12-13 16:21:12,880 [Time-limited test] INFO  grpc.GrpcConfigKeys (ConfUtils.java:logGet(46)) - raft.grpc.server.heartbeat.channel = true (default)
2023-12-13 16:21:12,880 [Time-limited test] INFO  grpc.GrpcConfigKeys (ConfUtils.java:logGet(46)) - raft.grpc.server.async.request.thread.pool.cached = true (default)
2023-12-13 16:21:12,880 [Time-limited test] INFO  grpc.GrpcConfigKeys (ConfUtils.java:logGet(46)) - raft.grpc.server.async.request.thread.pool.size = 32 (default)
2023-12-13 16:21:12,881 [Time-limited test] INFO  impl.DataStreamServerImpl (ConfUtils.java:logGet(46)) - raft.datastream.type = DISABLED (default)
2023-12-13 16:21:12,881 [Time-limited test] INFO  server.RaftServerConfigKeys (ConfUtils.java:logGet(46)) - raft.server.sleep.deviation.threshold = 300ms (default)
2023-12-13 16:21:12,881 [Time-limited test] INFO  server.RaftServerConfigKeys (ConfUtils.java:logGet(46)) - raft.server.close.threshold = 60s (default)
2023-12-13 16:21:12,881 [Time-limited test] INFO  server.RaftServerConfigKeys (ConfUtils.java:logGet(46)) - raft.server.leaderelection.leader.step-down.wait-time = 10s (default)
2023-12-13 16:21:12,881 [Time-limited test] INFO  server.RaftServerConfigKeys (ConfUtils.java:logGet(46)) - raft.server.storage.dir = [/home/runner/work/ratis/ratis/ratis-test/target/test/data/1e4ee837/MiniRaftClusterWithGrpcf3ee9cbd/s0] (custom)
2023-12-13 16:21:12,881 [Time-limited test] INFO  server.RaftServerConfigKeys (ConfUtils.java:logGet(46)) - raft.server.threadpool.proxy.cached = true (default)
2023-12-13 16:21:12,881 [Time-limited test] INFO  server.RaftServerConfigKeys (ConfUtils.java:logGet(46)) - raft.server.threadpool.proxy.size = 0 (default)
2023-12-13 16:21:12,881 [Time-limited test] INFO  impl.MiniRaftCluster (MiniRaftCluster.java:newRaftServer(382)) - newRaftServer: s1, null, format? true
2023-12-13 16:21:12,881 [Time-limited test] TRACE util.FileUtils (FileUtils.java:deleteFully(305)) - deleteFully target/test/data/1e4ee837/MiniRaftClusterWithGrpcf3ee9cbd/s1
2023-12-13 16:21:12,881 [Time-limited test] TRACE util.FileUtils (FileUtils.java:deleteFully(318)) - deleteFully: target/test/data/1e4ee837/MiniRaftClusterWithGrpcf3ee9cbd/s1 does not exist.
2023-12-13 16:21:12,881 [Time-limited test] INFO  impl.MiniRaftCluster (MiniRaftCluster.java:newRaftServer(387)) - Formatted directory target/test/data/1e4ee837/MiniRaftClusterWithGrpcf3ee9cbd/s1
2023-12-13 16:21:12,881 [Time-limited test] DEBUG server.RaftServer (ServerImplUtils.java:newRaftServer(51)) - newRaftServer: s1, null
2023-12-13 16:21:12,881 [Time-limited test] INFO  server.RaftServer (ConfUtils.java:logGet(46)) - raft.rpc.type = GRPC (default)
2023-12-13 16:21:12,881 [Time-limited test] INFO  grpc.GrpcConfigKeys (ConfUtils.java:logFallback(53)) - raft.grpc.admin.host = null (fallback to raft.grpc.server.host)
2023-12-13 16:21:12,882 [Time-limited test] INFO  grpc.GrpcConfigKeys (ConfUtils.java:logFallback(53)) - raft.grpc.admin.port = 34859 (fallback to raft.grpc.server.port)
2023-12-13 16:21:12,882 [Time-limited test] INFO  grpc.GrpcConfigKeys (ConfUtils.java:logFallback(53)) - raft.grpc.client.host = null (fallback to raft.grpc.server.host)
2023-12-13 16:21:12,882 [Time-limited test] INFO  grpc.GrpcConfigKeys (ConfUtils.java:logFallback(53)) - raft.grpc.client.port = 34859 (fallback to raft.grpc.server.port)
2023-12-13 16:21:12,882 [Time-limited test] INFO  grpc.GrpcConfigKeys (ConfUtils.java:logGet(46)) - raft.grpc.server.host = null (default)
2023-12-13 16:21:12,882 [Time-limited test] INFO  grpc.GrpcConfigKeys (ConfUtils.java:logGet(46)) - raft.grpc.server.port = 34859 (custom)
2023-12-13 16:21:12,882 [Time-limited test] INFO  server.GrpcService (ConfUtils.java:logGet(46)) - raft.grpc.message.size.max = 64MB (=67108864) (default)
2023-12-13 16:21:12,882 [Time-limited test] INFO  server.RaftServerConfigKeys (ConfUtils.java:logGet(46)) - raft.server.log.appender.buffer.byte-limit = 4MB (=4194304) (default)
2023-12-13 16:21:12,882 [Time-limited test] INFO  server.GrpcService (ConfUtils.java:logGet(46)) - raft.grpc.flow.control.window = 1MB (=1048576) (default)
2023-12-13 16:21:12,882 [Time-limited test] INFO  server.RaftServerConfigKeys (ConfUtils.java:logGet(46)) - raft.server.rpc.request.timeout = 3000ms (default)
2023-12-13 16:21:12,882 [Time-limited test] INFO  grpc.GrpcConfigKeys (ConfUtils.java:logGet(46)) - raft.grpc.server.heartbeat.channel = true (default)
2023-12-13 16:21:12,882 [Time-limited test] INFO  grpc.GrpcConfigKeys (ConfUtils.java:logGet(46)) - raft.grpc.server.async.request.thread.pool.cached = true (default)
2023-12-13 16:21:12,882 [Time-limited test] INFO  grpc.GrpcConfigKeys (ConfUtils.java:logGet(46)) - raft.grpc.server.async.request.thread.pool.size = 32 (default)
2023-12-13 16:21:12,882 [Time-limited test] INFO  impl.DataStreamServerImpl (ConfUtils.java:logGet(46)) - raft.datastream.type = DISABLED (default)
2023-12-13 16:21:12,882 [Time-limited test] INFO  server.RaftServerConfigKeys (ConfUtils.java:logGet(46)) - raft.server.sleep.deviation.threshold = 300ms (default)
2023-12-13 16:21:12,882 [Time-limited test] INFO  server.RaftServerConfigKeys (ConfUtils.java:logGet(46)) - raft.server.close.threshold = 60s (default)
2023-12-13 16:21:12,882 [Time-limited test] INFO  server.RaftServerConfigKeys (ConfUtils.java:logGet(46)) - raft.server.leaderelection.leader.step-down.wait-time = 10s (default)
2023-12-13 16:21:12,882 [Time-limited test] INFO  server.RaftServerConfigKeys (ConfUtils.java:logGet(46)) - raft.server.storage.dir = [/home/runner/work/ratis/ratis/ratis-test/target/test/data/1e4ee837/MiniRaftClusterWithGrpcf3ee9cbd/s1] (custom)
2023-12-13 16:21:12,882 [Time-limited test] INFO  server.RaftServerConfigKeys (ConfUtils.java:logGet(46)) - raft.server.threadpool.proxy.cached = true (default)
2023-12-13 16:21:12,882 [Time-limited test] INFO  server.RaftServerConfigKeys (ConfUtils.java:logGet(46)) - raft.server.threadpool.proxy.size = 0 (default)
2023-12-13 16:21:12,883 [Time-limited test] INFO  impl.MiniRaftCluster (MiniRaftCluster.java:newRaftServer(382)) - newRaftServer: s2, null, format? true
2023-12-13 16:21:12,883 [Time-limited test] TRACE util.FileUtils (FileUtils.java:deleteFully(305)) - deleteFully target/test/data/1e4ee837/MiniRaftClusterWithGrpcf3ee9cbd/s2
2023-12-13 16:21:12,883 [Time-limited test] TRACE util.FileUtils (FileUtils.java:deleteFully(318)) - deleteFully: target/test/data/1e4ee837/MiniRaftClusterWithGrpcf3ee9cbd/s2 does not exist.
2023-12-13 16:21:12,883 [Time-limited test] INFO  impl.MiniRaftCluster (MiniRaftCluster.java:newRaftServer(387)) - Formatted directory target/test/data/1e4ee837/MiniRaftClusterWithGrpcf3ee9cbd/s2
2023-12-13 16:21:12,883 [Time-limited test] DEBUG server.RaftServer (ServerImplUtils.java:newRaftServer(51)) - newRaftServer: s2, null
2023-12-13 16:21:12,883 [Time-limited test] INFO  server.RaftServer (ConfUtils.java:logGet(46)) - raft.rpc.type = GRPC (default)
2023-12-13 16:21:12,883 [Time-limited test] INFO  grpc.GrpcConfigKeys (ConfUtils.java:logFallback(53)) - raft.grpc.admin.host = null (fallback to raft.grpc.server.host)
2023-12-13 16:21:12,883 [Time-limited test] INFO  grpc.GrpcConfigKeys (ConfUtils.java:logFallback(53)) - raft.grpc.admin.port = 41623 (fallback to raft.grpc.server.port)
2023-12-13 16:21:12,883 [Time-limited test] INFO  grpc.GrpcConfigKeys (ConfUtils.java:logFallback(53)) - raft.grpc.client.host = null (fallback to raft.grpc.server.host)
2023-12-13 16:21:12,883 [Time-limited test] INFO  grpc.GrpcConfigKeys (ConfUtils.java:logFallback(53)) - raft.grpc.client.port = 41623 (fallback to raft.grpc.server.port)
2023-12-13 16:21:12,883 [Time-limited test] INFO  grpc.GrpcConfigKeys (ConfUtils.java:logGet(46)) - raft.grpc.server.host = null (default)
2023-12-13 16:21:12,883 [Time-limited test] INFO  grpc.GrpcConfigKeys (ConfUtils.java:logGet(46)) - raft.grpc.server.port = 41623 (custom)
2023-12-13 16:21:12,883 [Time-limited test] INFO  server.GrpcService (ConfUtils.java:logGet(46)) - raft.grpc.message.size.max = 64MB (=67108864) (default)
2023-12-13 16:21:12,883 [Time-limited test] INFO  server.RaftServerConfigKeys (ConfUtils.java:logGet(46)) - raft.server.log.appender.buffer.byte-limit = 4MB (=4194304) (default)
2023-12-13 16:21:12,883 [Time-limited test] INFO  server.GrpcService (ConfUtils.java:logGet(46)) - raft.grpc.flow.control.window = 1MB (=1048576) (default)
2023-12-13 16:21:12,883 [Time-limited test] INFO  server.RaftServerConfigKeys (ConfUtils.java:logGet(46)) - raft.server.rpc.request.timeout = 3000ms (default)
2023-12-13 16:21:12,883 [Time-limited test] INFO  grpc.GrpcConfigKeys (ConfUtils.java:logGet(46)) - raft.grpc.server.heartbeat.channel = true (default)
2023-12-13 16:21:12,883 [Time-limited test] INFO  grpc.GrpcConfigKeys (ConfUtils.java:logGet(46)) - raft.grpc.server.async.request.thread.pool.cached = true (default)
2023-12-13 16:21:12,883 [Time-limited test] INFO  grpc.GrpcConfigKeys (ConfUtils.java:logGet(46)) - raft.grpc.server.async.request.thread.pool.size = 32 (default)
2023-12-13 16:21:12,883 [Time-limited test] INFO  impl.DataStreamServerImpl (ConfUtils.java:logGet(46)) - raft.datastream.type = DISABLED (default)
2023-12-13 16:21:12,883 [Time-limited test] INFO  server.RaftServerConfigKeys (ConfUtils.java:logGet(46)) - raft.server.sleep.deviation.threshold = 300ms (default)
2023-12-13 16:21:12,884 [Time-limited test] INFO  server.RaftServerConfigKeys (ConfUtils.java:logGet(46)) - raft.server.close.threshold = 60s (default)
2023-12-13 16:21:12,884 [Time-limited test] INFO  server.RaftServerConfigKeys (ConfUtils.java:logGet(46)) - raft.server.leaderelection.leader.step-down.wait-time = 10s (default)
2023-12-13 16:21:12,884 [Time-limited test] INFO  server.RaftServerConfigKeys (ConfUtils.java:logGet(46)) - raft.server.storage.dir = [/home/runner/work/ratis/ratis/ratis-test/target/test/data/1e4ee837/MiniRaftClusterWithGrpcf3ee9cbd/s2] (custom)
2023-12-13 16:21:12,884 [Time-limited test] INFO  server.RaftServerConfigKeys (ConfUtils.java:logGet(46)) - raft.server.threadpool.proxy.cached = true (default)
2023-12-13 16:21:12,884 [Time-limited test] INFO  server.RaftServerConfigKeys (ConfUtils.java:logGet(46)) - raft.server.threadpool.proxy.size = 0 (default)
2023-12-13 16:21:12,884 [Time-limited test] INFO  impl.GroupManagementBaseTest (GroupManagementBaseTest.java:testGroupWithPriority(91)) - putNewServer: printing ALL groups
  s0:      NEW <EMPTY>
  s1:      NEW <EMPTY>
  s2:      NEW <EMPTY>
2023-12-13 16:21:12,884 [Time-limited test] INFO  impl.MiniRaftCluster (MiniRaftCluster.java:start(339)) - .............................................................. 
2023-12-13 16:21:12,884 [Time-limited test] INFO  impl.MiniRaftCluster (MiniRaftCluster.java:start(340)) - ... 
2023-12-13 16:21:12,884 [Time-limited test] INFO  impl.MiniRaftCluster (MiniRaftCluster.java:start(341)) - ...     Starting MiniRaftClusterWithGrpc
2023-12-13 16:21:12,884 [Time-limited test] INFO  impl.MiniRaftCluster (MiniRaftCluster.java:start(342)) - ... 
2023-12-13 16:21:12,884 [Time-limited test] INFO  impl.MiniRaftCluster (MiniRaftCluster.java:start(343)) - .............................................................. 
2023-12-13 16:21:12,884 [Time-limited test] INFO  impl.MiniRaftCluster (MiniRaftCluster.java:initServers(318)) - servers = {s0=s0:      NEW <EMPTY>, s1=s1:      NEW <EMPTY>, s2=s2:      NEW <EMPTY>}
2023-12-13 16:21:12,884 [Time-limited test] INFO  server.RaftServer (RaftServerProxy.java:startImpl(406)) - s0: start RPC server
2023-12-13 16:21:12,885 [Time-limited test] INFO  server.GrpcService (GrpcService.java:startImpl(302)) - s0: GrpcService started, listening on 45531
2023-12-13 16:21:12,885 [Time-limited test] INFO  server.RaftServer (RaftServerProxy.java:startImpl(406)) - s1: start RPC server
2023-12-13 16:21:12,885 [JvmPauseMonitor29] INFO  util.JvmPauseMonitor (JvmPauseMonitor.java:run(146)) - JvmPauseMonitor-s0: Started
2023-12-13 16:21:12,885 [Time-limited test] INFO  server.GrpcService (GrpcService.java:startImpl(302)) - s1: GrpcService started, listening on 34859
2023-12-13 16:21:12,885 [Time-limited test] INFO  server.RaftServer (RaftServerProxy.java:startImpl(406)) - s2: start RPC server
2023-12-13 16:21:12,885 [JvmPauseMonitor30] INFO  util.JvmPauseMonitor (JvmPauseMonitor.java:run(146)) - JvmPauseMonitor-s1: Started
2023-12-13 16:21:12,885 [Time-limited test] INFO  server.GrpcService (GrpcService.java:startImpl(302)) - s2: GrpcService started, listening on 41623
2023-12-13 16:21:12,886 [JvmPauseMonitor31] INFO  util.JvmPauseMonitor (JvmPauseMonitor.java:run(146)) - JvmPauseMonitor-s2: Started
2023-12-13 16:21:13,886 [Time-limited test] INFO  impl.GroupManagementBaseTest (GroupManagementBaseTest.java:testGroupWithPriority(97)) - start: printing ALL groups
  s0:  RUNNING <EMPTY>
  s1:  RUNNING <EMPTY>
  s2:  RUNNING <EMPTY>
2023-12-13 16:21:13,886 [Time-limited test] INFO  impl.GroupManagementBaseTest (GroupManagementBaseTest.java:testGroupWithPriority(106)) - add new group: group-E2914A5A9028:[s0|0.0.0.0:45531, s1|0.0.0.0:34859, s2|0.0.0.0:41623]
2023-12-13 16:21:13,886 [Time-limited test] DEBUG client.RaftClient (ConfUtils.java:logGet(46)) - raft.rpc.type = GRPC (default)
2023-12-13 16:21:13,890 [grpc-default-executor-12] INFO  server.RaftServer (RaftServerProxy.java:addNew(100)) - s0: addNew group-E2914A5A9028:[s0|0.0.0.0:45531, s1|0.0.0.0:34859, s2|0.0.0.0:41623] returns group-E2914A5A9028:java.util.concurrent.CompletableFuture@12b6ba4[Not completed]
2023-12-13 16:21:13,890 [s0-groupManagement] INFO  server.RaftServer$Division (RaftServerImpl.java:<init>(256)) - s0: new RaftServerImpl for group-E2914A5A9028:[s0|0.0.0.0:45531, s1|0.0.0.0:34859, s2|0.0.0.0:41623] with BaseStateMachine:uninitialized
2023-12-13 16:21:13,890 [s0-groupManagement] INFO  server.RaftServerConfigKeys (ConfUtils.java:logGet(46)) - raft.server.rpc.timeout.min = 1500ms (custom)
2023-12-13 16:21:13,891 [s0-groupManagement] INFO  server.RaftServerConfigKeys (ConfUtils.java:logGet(46)) - raft.server.rpc.timeout.max = 2000ms (custom)
2023-12-13 16:21:13,891 [s0-groupManagement] INFO  server.RaftServerConfigKeys (ConfUtils.java:logGet(46)) - raft.server.rpc.sleep.time = 25ms (default)
2023-12-13 16:21:13,891 [s0-groupManagement] INFO  server.RaftServerConfigKeys (ConfUtils.java:logGet(46)) - raft.server.rpc.slowness.timeout = 60s (default)
2023-12-13 16:21:13,891 [s0-groupManagement] INFO  server.RaftServerConfigKeys (ConfUtils.java:logGet(46)) - raft.server.leaderelection.leader.step-down.wait-time = 10s (default)
2023-12-13 16:21:13,891 [s0-groupManagement] INFO  server.RaftServerConfigKeys (ConfUtils.java:logGet(46)) - raft.server.leaderelection.member.majority-add = false (default)
2023-12-13 16:21:13,891 [s0-groupManagement] INFO  server.RaftServerConfigKeys (ConfUtils.java:logGet(46)) - raft.server.sleep.deviation.threshold = 300ms (default)
2023-12-13 16:21:13,891 [s0-groupManagement] INFO  server.RaftServer$Division (ServerState.java:<init>(113)) - s0@group-E2914A5A9028: ConfigurationManager, init=-1: peers:[s0|0.0.0.0:45531, s1|0.0.0.0:34859, s2|0.0.0.0:41623]|listeners:[], old=null, confs=<EMPTY_MAP>
2023-12-13 16:21:13,891 [s0-groupManagement] INFO  server.RaftServerConfigKeys (ConfUtils.java:logGet(46)) - raft.server.notification.no-leader.timeout = 60s (default)
2023-12-13 16:21:13,891 [s0-groupManagement] INFO  server.RaftServerConfigKeys (ConfUtils.java:logGet(46)) - raft.server.read.timeout = 10s (default)
2023-12-13 16:21:13,891 [s0-groupManagement] INFO  server.RaftServerConfigKeys (ConfUtils.java:logGet(46)) - raft.server.retrycache.expirytime = 60s (default)
2023-12-13 16:21:13,891 [s0-groupManagement] INFO  server.RaftServerConfigKeys (ConfUtils.java:logGet(46)) - raft.server.retrycache.statistics.expirytime = 100ms (default)
2023-12-13 16:21:13,891 [s0-groupManagement] INFO  server.RaftServerConfigKeys (ConfUtils.java:logGet(46)) - raft.server.read.option = DEFAULT (default)
2023-12-13 16:21:13,891 [s0-groupManagement] INFO  server.RaftServerConfigKeys (ConfUtils.java:logGet(46)) - raft.server.read.read-after-write-consistent.write-index-cache.expiry-time = 60s (default)
2023-12-13 16:21:13,891 [s0-groupManagement] INFO  server.RaftServerConfigKeys (ConfUtils.java:logGet(46)) - raft.server.rpc.request.timeout = 3000ms (default)
2023-12-13 16:21:13,891 [s0-groupManagement] INFO  server.RaftServerConfigKeys (ConfUtils.java:logGet(46)) - raft.server.log.appender.install.snapshot.enabled = true (default)
2023-12-13 16:21:13,891 [s0-groupManagement] INFO  server.RaftServerConfigKeys (ConfUtils.java:logGet(46)) - raft.server.threadpool.server.cached = true (default)
2023-12-13 16:21:13,891 [s0-groupManagement] INFO  server.RaftServerConfigKeys (ConfUtils.java:logGet(46)) - raft.server.threadpool.server.size = 0 (default)
2023-12-13 16:21:13,891 [s0-groupManagement] INFO  server.RaftServerConfigKeys (ConfUtils.java:logGet(46)) - raft.server.threadpool.client.cached = true (default)
2023-12-13 16:21:13,891 [s0-groupManagement] INFO  server.RaftServerConfigKeys (ConfUtils.java:logGet(46)) - raft.server.threadpool.client.size = 0 (default)
2023-12-13 16:21:13,891 [s0-groupManagement] DEBUG server.RaftServer (RaftServerProxy.java:lambda$groupAddAsync$13(507)) - s0: newImpl =      null s0@group-E2914A5A9028:t0, leader=null, voted=null, raftlog=UNINITIALIZED, conf=-1: peers:[s0|0.0.0.0:45531, s1|0.0.0.0:34859, s2|0.0.0.0:41623]|listeners:[], old=null NEW
2023-12-13 16:21:13,891 [s0-groupManagement] INFO  server.RaftServerConfigKeys (ConfUtils.java:logGet(46)) - raft.server.storage.free-space.min = 0MB (=0) (default)
2023-12-13 16:21:13,891 [s0-groupManagement] INFO  server.RaftServerConfigKeys (ConfUtils.java:logGet(46)) - raft.server.log.corruption.policy = EXCEPTION (default)
2023-12-13 16:21:13,892 [s0-groupManagement] INFO  server.RaftServerConfigKeys (ConfUtils.java:logGet(46)) - raft.server.storage.dir = [/home/runner/work/ratis/ratis/ratis-test/target/test/data/1e4ee837/MiniRaftClusterWithGrpcf3ee9cbd/s0] (custom)
2023-12-13 16:21:13,892 [s0-groupManagement] INFO  storage.RaftStorageDirectory (RaftStorageDirectoryImpl.java:analyzeStorage(138)) - The storage directory /home/runner/work/ratis/ratis/ratis-test/target/test/data/1e4ee837/MiniRaftClusterWithGrpcf3ee9cbd/s0/80bc3141-7c27-430b-8bc9-e2914a5a9028 does not exist. Creating ...
2023-12-13 16:21:13,892 [s0-groupManagement] TRACE util.FileUtils (LogUtils.java:runAndLog(49)) - Successfully ran Files.createDirectories /home/runner/work/ratis/ratis/ratis-test/target/test/data/1e4ee837/MiniRaftClusterWithGrpcf3ee9cbd/s0/80bc3141-7c27-430b-8bc9-e2914a5a9028
2023-12-13 16:21:13,894 [s0-groupManagement] INFO  storage.RaftStorageDirectory (RaftStorageDirectoryImpl.java:tryLock(228)) - Lock on /home/runner/work/ratis/ratis/ratis-test/target/test/data/1e4ee837/MiniRaftClusterWithGrpcf3ee9cbd/s0/80bc3141-7c27-430b-8bc9-e2914a5a9028/in_use.lock acquired by nodename 10819@fv-az890-872
2023-12-13 16:21:13,894 [s0-groupManagement] TRACE util.FileUtils (LogUtils.java:runAndLog(49)) - Successfully ran Files.createDirectories /home/runner/work/ratis/ratis/ratis-test/target/test/data/1e4ee837/MiniRaftClusterWithGrpcf3ee9cbd/s0/80bc3141-7c27-430b-8bc9-e2914a5a9028/current
2023-12-13 16:21:13,894 [s0-groupManagement] TRACE util.FileUtils (LogUtils.java:runAndLog(49)) - Successfully ran Files.createDirectories /home/runner/work/ratis/ratis/ratis-test/target/test/data/1e4ee837/MiniRaftClusterWithGrpcf3ee9cbd/s0/80bc3141-7c27-430b-8bc9-e2914a5a9028/sm
2023-12-13 16:21:13,894 [s0-groupManagement] TRACE util.FileUtils (LogUtils.java:supplyAndLog(69)) - Successfully supplied FileChannel.open /home/runner/work/ratis/ratis/ratis-test/target/test/data/1e4ee837/MiniRaftClusterWithGrpcf3ee9cbd/s0/80bc3141-7c27-430b-8bc9-e2914a5a9028/current/raft-meta.tmp with options [CREATE, WRITE]: sun.nio.ch.FileChannelImpl@5ff4955e
2023-12-13 16:21:13,895 [s0-groupManagement] TRACE util.FileUtils (LogUtils.java:runAndLog(49)) - Successfully ran Atomic Files.move /home/runner/work/ratis/ratis/ratis-test/target/test/data/1e4ee837/MiniRaftClusterWithGrpcf3ee9cbd/s0/80bc3141-7c27-430b-8bc9-e2914a5a9028/current/raft-meta.tmp to /home/runner/work/ratis/ratis/ratis-test/target/test/data/1e4ee837/MiniRaftClusterWithGrpcf3ee9cbd/s0/80bc3141-7c27-430b-8bc9-e2914a5a9028/current/raft-meta with options [REPLACE_EXISTING]
2023-12-13 16:21:13,895 [s0-groupManagement] INFO  storage.RaftStorage (RaftStorageImpl.java:format(99)) - Storage directory /home/runner/work/ratis/ratis/ratis-test/target/test/data/1e4ee837/MiniRaftClusterWithGrpcf3ee9cbd/s0/80bc3141-7c27-430b-8bc9-e2914a5a9028 has been successfully formatted.
2023-12-13 16:21:13,895 [s0-groupManagement] TRACE util.FileUtils (LogUtils.java:supplyAndLog(61)) - Failed to Files.newInputStream /home/runner/work/ratis/ratis/ratis-test/target/test/data/1e4ee837/MiniRaftClusterWithGrpcf3ee9cbd/s0/80bc3141-7c27-430b-8bc9-e2914a5a9028/current/raft-meta.conf with options []
java.nio.file.NoSuchFileException: /home/runner/work/ratis/ratis/ratis-test/target/test/data/1e4ee837/MiniRaftClusterWithGrpcf3ee9cbd/s0/80bc3141-7c27-430b-8bc9-e2914a5a9028/current/raft-meta.conf
	at java.base/sun.nio.fs.UnixException.translateToIOException(UnixException.java:92)
	at java.base/sun.nio.fs.UnixException.rethrowAsIOException(UnixException.java:111)
	at java.base/sun.nio.fs.UnixException.rethrowAsIOException(UnixException.java:116)
	at java.base/sun.nio.fs.UnixFileSystemProvider.newByteChannel(UnixFileSystemProvider.java:219)
	at java.base/java.nio.file.Files.newByteChannel(Files.java:371)
	at java.base/java.nio.file.Files.newByteChannel(Files.java:422)
	at java.base/java.nio.file.spi.FileSystemProvider.newInputStream(FileSystemProvider.java:420)
	at java.base/java.nio.file.Files.newInputStream(Files.java:156)
	at org.apache.ratis.util.FileUtils.lambda$newInputStream$2(FileUtils.java:73)
	at org.apache.ratis.util.LogUtils.supplyAndLog(LogUtils.java:58)
	at org.apache.ratis.util.FileUtils.newInputStream(FileUtils.java:72)
	at org.apache.ratis.util.FileUtils.newInputStream(FileUtils.java:68)
	at org.apache.ratis.server.storage.RaftStorageImpl.readRaftConfiguration(RaftStorageImpl.java:156)
	at org.apache.ratis.server.impl.ServerState.initialize(ServerState.java:141)
	at org.apache.ratis.server.impl.RaftServerImpl.start(RaftServerImpl.java:388)
	at org.apache.ratis.server.impl.RaftServerProxy.lambda$groupAddAsync$13(RaftServerProxy.java:509)
	at java.base/java.util.concurrent.CompletableFuture$UniApply.tryFire(CompletableFuture.java:642)
	at java.base/java.util.concurrent.CompletableFuture$Completion.run(CompletableFuture.java:478)
	at java.base/java.util.concurrent.ThreadPoolExecutor.runWorker(ThreadPoolExecutor.java:1128)
	at java.base/java.util.concurrent.ThreadPoolExecutor$Worker.run(ThreadPoolExecutor.java:628)
	at java.base/java.lang.Thread.run(Thread.java:829)
2023-12-13 16:21:13,895 [s0-groupManagement] INFO  server.RaftServerConfigKeys (ConfUtils.java:logGet(46)) - raft.server.log.use.memory = false (default)
2023-12-13 16:21:13,895 [s0-groupManagement] INFO  server.RaftServerConfigKeys (ConfUtils.java:logGet(46)) - raft.server.log.purge.gap = 1024 (default)
2023-12-13 16:21:13,895 [s0-groupManagement] INFO  server.RaftServerConfigKeys (ConfUtils.java:logGet(46)) - raft.server.log.appender.buffer.byte-limit = 4MB (=4194304) (default)
2023-12-13 16:21:13,895 [s0-groupManagement] INFO  server.RaftServerConfigKeys (ConfUtils.java:logGet(46)) - raft.server.log.statemachine.data.read.timeout = 1000ms (default)
2023-12-13 16:21:13,895 [s0-groupManagement] INFO  server.RaftServerConfigKeys (ConfUtils.java:logGet(46)) - raft.server.log.purge.preservation.log.num = 0 (default)
2023-12-13 16:21:13,895 [s0-groupManagement] INFO  server.RaftServerConfigKeys (ConfUtils.java:logGet(46)) - raft.server.log.segment.size.max = 32MB (=33554432) (default)
2023-12-13 16:21:13,895 [s0-groupManagement] INFO  server.RaftServerConfigKeys (ConfUtils.java:logGet(46)) - raft.server.log.segment.cache.num.max = 6 (default)
2023-12-13 16:21:13,895 [s0-groupManagement] INFO  server.RaftServerConfigKeys (ConfUtils.java:logGet(46)) - raft.server.log.segment.cache.size.max = 200MB (=209715200) (default)
2023-12-13 16:21:13,895 [s0-groupManagement] INFO  server.RaftServerConfigKeys (ConfUtils.java:logGet(46)) - raft.server.log.appender.buffer.byte-limit = 4MB (=4194304) (default)
2023-12-13 16:21:13,895 [s0-groupManagement] INFO  util.AwaitToRun (AwaitToRun.java:start(81)) - Thread[s0@group-E2914A5A9028-cacheEviction-AwaitToRun,5,main] started
2023-12-13 16:21:13,895 [s0-groupManagement] INFO  segmented.SegmentedRaftLogWorker (SegmentedRaftLogWorker.java:<init>(182)) - new s0@group-E2914A5A9028-SegmentedRaftLogWorker for RaftStorageImpl:Storage Directory /home/runner/work/ratis/ratis/ratis-test/target/test/data/1e4ee837/MiniRaftClusterWithGrpcf3ee9cbd/s0/80bc3141-7c27-430b-8bc9-e2914a5a9028
2023-12-13 16:21:13,895 [s0-groupManagement] INFO  server.RaftServerConfigKeys (ConfUtils.java:logGet(46)) - raft.server.log.queue.byte-limit = 64MB (=67108864) (default)
2023-12-13 16:21:13,895 [s0-groupManagement] INFO  server.RaftServerConfigKeys (ConfUtils.java:logGet(46)) - raft.server.log.queue.element-limit = 4096 (default)
2023-12-13 16:21:13,895 [s0-groupManagement] INFO  server.RaftServerConfigKeys (ConfUtils.java:logGet(46)) - raft.server.log.segment.size.max = 32MB (=33554432) (default)
2023-12-13 16:21:13,895 [s0-groupManagement] INFO  server.RaftServerConfigKeys (ConfUtils.java:logGet(46)) - raft.server.log.preallocated.size = 4MB (=4194304) (default)
2023-12-13 16:21:13,895 [s0-groupManagement] INFO  server.RaftServerConfigKeys (ConfUtils.java:logGet(46)) - raft.server.log.force.sync.num = 128 (default)
2023-12-13 16:21:13,896 [s0-groupManagement] INFO  server.RaftServerConfigKeys (ConfUtils.java:logGet(46)) - raft.server.log.statemachine.data.sync = true (default)
2023-12-13 16:21:13,896 [s0-groupManagement] INFO  server.RaftServerConfigKeys (ConfUtils.java:logGet(46)) - raft.server.log.statemachine.data.sync.timeout = 10s (default)
2023-12-13 16:21:13,896 [s0-groupManagement] INFO  server.RaftServerConfigKeys (ConfUtils.java:logGet(46)) - raft.server.log.statemachine.data.sync.timeout.retry = -1 (default)
2023-12-13 16:21:13,896 [s0-groupManagement] INFO  server.RaftServerConfigKeys (ConfUtils.java:logGet(46)) - raft.server.log.write.buffer.size = 8MB (=8388608) (default)
2023-12-13 16:21:13,897 [s0-groupManagement] INFO  server.RaftServerConfigKeys (ConfUtils.java:logGet(46)) - raft.server.log.appender.buffer.byte-limit = 4MB (=4194304) (default)
2023-12-13 16:21:13,897 [s0-groupManagement] INFO  server.RaftServerConfigKeys (ConfUtils.java:logGet(46)) - raft.server.log.unsafe-flush.enabled = false (default)
2023-12-13 16:21:13,897 [s0-groupManagement] INFO  server.RaftServerConfigKeys (ConfUtils.java:logGet(46)) - raft.server.log.async-flush.enabled = false (default)
2023-12-13 16:21:13,897 [s0-groupManagement] INFO  server.RaftServerConfigKeys (ConfUtils.java:logGet(46)) - raft.server.log.statemachine.data.caching.enabled = false (default)
2023-12-13 16:21:13,897 [s0-groupManagement] INFO  segmented.SegmentedRaftLogWorker (SegmentedRaftLogWorker.java:lambda$new$0(134)) - s0@group-E2914A5A9028-SegmentedRaftLogWorker: flushIndex: setUnconditionally 0 -> -1
2023-12-13 16:21:13,897 [s0-groupManagement] INFO  segmented.SegmentedRaftLogWorker (SegmentedRaftLogWorker.java:lambda$new$0(134)) - s0@group-E2914A5A9028-SegmentedRaftLogWorker: safeCacheEvictIndex: setUnconditionally 0 -> -1
2023-12-13 16:21:13,897 [s0-groupManagement] INFO  server.RaftServer$Division (RaftServerImpl.java:start(392)) - s0@group-E2914A5A9028: start as a follower, conf=-1: peers:[s0|0.0.0.0:45531, s1|0.0.0.0:34859, s2|0.0.0.0:41623]|listeners:[], old=null
2023-12-13 16:21:13,897 [s0-groupManagement] INFO  server.RaftServer$Division (RaftServerImpl.java:setRole(379)) - s0@group-E2914A5A9028: changes role from      null to FOLLOWER at term 0 for startAsFollower
2023-12-13 16:21:13,897 [s0-groupManagement] INFO  impl.RoleInfo (RoleInfo.java:updateAndGet(139)) - s0: start s0@group-E2914A5A9028-FollowerState
2023-12-13 16:21:13,897 [s0@group-E2914A5A9028-FollowerState] INFO  server.RaftServerConfigKeys (ConfUtils.java:logFallback(53)) - raft.server.rpc.first-election.timeout.min = 1500ms (fallback to raft.server.rpc.timeout.min)
2023-12-13 16:21:13,897 [s0-groupManagement] INFO  util.JmxRegister (JmxRegister.java:tryRegister(44)) - Successfully registered JMX Bean with object name Ratis:service=RaftServer,group=group-E2914A5A9028,id=s0
2023-12-13 16:21:13,897 [s0@group-E2914A5A9028-FollowerState] INFO  server.RaftServerConfigKeys (ConfUtils.java:logFallback(53)) - raft.server.rpc.first-election.timeout.max = 2000ms (fallback to raft.server.rpc.timeout.max)
2023-12-13 16:21:13,897 [s0-groupManagement] INFO  server.RaftServerConfigKeys (ConfUtils.java:logGet(46)) - raft.server.snapshot.trigger-when-stop.enabled = true (default)
2023-12-13 16:21:13,897 [s0-groupManagement] INFO  server.RaftServerConfigKeys (ConfUtils.java:logGet(46)) - raft.server.snapshot.auto.trigger.enabled = false (default)
2023-12-13 16:21:13,897 [s0-groupManagement] INFO  server.RaftServerConfigKeys (ConfUtils.java:logGet(46)) - raft.server.snapshot.retention.file.num = -1 (default)
2023-12-13 16:21:13,897 [s0-groupManagement] INFO  server.RaftServerConfigKeys (ConfUtils.java:logGet(46)) - raft.server.log.purge.upto.snapshot.index = false (default)
2023-12-13 16:21:13,901 [grpc-default-executor-12] INFO  server.RaftServer (RaftServerProxy.java:addNew(100)) - s1: addNew group-E2914A5A9028:[s0|0.0.0.0:45531, s1|0.0.0.0:34859, s2|0.0.0.0:41623] returns group-E2914A5A9028:java.util.concurrent.CompletableFuture@6085ba84[Not completed]
2023-12-13 16:21:13,901 [s1-groupManagement] INFO  server.RaftServer$Division (RaftServerImpl.java:<init>(256)) - s1: new RaftServerImpl for group-E2914A5A9028:[s0|0.0.0.0:45531, s1|0.0.0.0:34859, s2|0.0.0.0:41623] with BaseStateMachine:uninitialized
2023-12-13 16:21:13,901 [s1-groupManagement] INFO  server.RaftServerConfigKeys (ConfUtils.java:logGet(46)) - raft.server.rpc.timeout.min = 1500ms (custom)
2023-12-13 16:21:13,901 [s1-groupManagement] INFO  server.RaftServerConfigKeys (ConfUtils.java:logGet(46)) - raft.server.rpc.timeout.max = 2000ms (custom)
2023-12-13 16:21:13,901 [s1-groupManagement] INFO  server.RaftServerConfigKeys (ConfUtils.java:logGet(46)) - raft.server.rpc.sleep.time = 25ms (default)
2023-12-13 16:21:13,901 [s1-groupManagement] INFO  server.RaftServerConfigKeys (ConfUtils.java:logGet(46)) - raft.server.rpc.slowness.timeout = 60s (default)
2023-12-13 16:21:13,901 [s1-groupManagement] INFO  server.RaftServerConfigKeys (ConfUtils.java:logGet(46)) - raft.server.leaderelection.leader.step-down.wait-time = 10s (default)
2023-12-13 16:21:13,901 [s1-groupManagement] INFO  server.RaftServerConfigKeys (ConfUtils.java:logGet(46)) - raft.server.leaderelection.member.majority-add = false (default)
2023-12-13 16:21:13,901 [s1-groupManagement] INFO  server.RaftServerConfigKeys (ConfUtils.java:logGet(46)) - raft.server.sleep.deviation.threshold = 300ms (default)
2023-12-13 16:21:13,901 [s1-groupManagement] INFO  server.RaftServer$Division (ServerState.java:<init>(113)) - s1@group-E2914A5A9028: ConfigurationManager, init=-1: peers:[s0|0.0.0.0:45531, s1|0.0.0.0:34859, s2|0.0.0.0:41623]|listeners:[], old=null, confs=<EMPTY_MAP>
2023-12-13 16:21:13,901 [s1-groupManagement] INFO  server.RaftServerConfigKeys (ConfUtils.java:logGet(46)) - raft.server.notification.no-leader.timeout = 60s (default)
2023-12-13 16:21:13,901 [s1-groupManagement] INFO  server.RaftServerConfigKeys (ConfUtils.java:logGet(46)) - raft.server.read.timeout = 10s (default)
2023-12-13 16:21:13,901 [s1-groupManagement] INFO  server.RaftServerConfigKeys (ConfUtils.java:logGet(46)) - raft.server.retrycache.expirytime = 60s (default)
2023-12-13 16:21:13,901 [s1-groupManagement] INFO  server.RaftServerConfigKeys (ConfUtils.java:logGet(46)) - raft.server.retrycache.statistics.expirytime = 100ms (default)
2023-12-13 16:21:13,901 [s1-groupManagement] INFO  server.RaftServerConfigKeys (ConfUtils.java:logGet(46)) - raft.server.read.option = DEFAULT (default)
2023-12-13 16:21:13,901 [s1-groupManagement] INFO  server.RaftServerConfigKeys (ConfUtils.java:logGet(46)) - raft.server.read.read-after-write-consistent.write-index-cache.expiry-time = 60s (default)
2023-12-13 16:21:13,902 [s1-groupManagement] INFO  server.RaftServerConfigKeys (ConfUtils.java:logGet(46)) - raft.server.rpc.request.timeout = 3000ms (default)
2023-12-13 16:21:13,902 [s1-groupManagement] INFO  server.RaftServerConfigKeys (ConfUtils.java:logGet(46)) - raft.server.log.appender.install.snapshot.enabled = true (default)
2023-12-13 16:21:13,902 [s1-groupManagement] INFO  server.RaftServerConfigKeys (ConfUtils.java:logGet(46)) - raft.server.threadpool.server.cached = true (default)
2023-12-13 16:21:13,902 [s1-groupManagement] INFO  server.RaftServerConfigKeys (ConfUtils.java:logGet(46)) - raft.server.threadpool.server.size = 0 (default)
2023-12-13 16:21:13,902 [s1-groupManagement] INFO  server.RaftServerConfigKeys (ConfUtils.java:logGet(46)) - raft.server.threadpool.client.cached = true (default)
2023-12-13 16:21:13,902 [s1-groupManagement] INFO  server.RaftServerConfigKeys (ConfUtils.java:logGet(46)) - raft.server.threadpool.client.size = 0 (default)
2023-12-13 16:21:13,902 [s1-groupManagement] DEBUG server.RaftServer (RaftServerProxy.java:lambda$groupAddAsync$13(507)) - s1: newImpl =      null s1@group-E2914A5A9028:t0, leader=null, voted=null, raftlog=UNINITIALIZED, conf=-1: peers:[s0|0.0.0.0:45531, s1|0.0.0.0:34859, s2|0.0.0.0:41623]|listeners:[], old=null NEW
2023-12-13 16:21:13,902 [s1-groupManagement] INFO  server.RaftServerConfigKeys (ConfUtils.java:logGet(46)) - raft.server.storage.free-space.min = 0MB (=0) (default)
2023-12-13 16:21:13,902 [s1-groupManagement] INFO  server.RaftServerConfigKeys (ConfUtils.java:logGet(46)) - raft.server.log.corruption.policy = EXCEPTION (default)
2023-12-13 16:21:13,902 [s1-groupManagement] INFO  server.RaftServerConfigKeys (ConfUtils.java:logGet(46)) - raft.server.storage.dir = [/home/runner/work/ratis/ratis/ratis-test/target/test/data/1e4ee837/MiniRaftClusterWithGrpcf3ee9cbd/s1] (custom)
2023-12-13 16:21:13,902 [s1-groupManagement] INFO  storage.RaftStorageDirectory (RaftStorageDirectoryImpl.java:analyzeStorage(138)) - The storage directory /home/runner/work/ratis/ratis/ratis-test/target/test/data/1e4ee837/MiniRaftClusterWithGrpcf3ee9cbd/s1/80bc3141-7c27-430b-8bc9-e2914a5a9028 does not exist. Creating ...
2023-12-13 16:21:13,902 [s1-groupManagement] TRACE util.FileUtils (LogUtils.java:runAndLog(49)) - Successfully ran Files.createDirectories /home/runner/work/ratis/ratis/ratis-test/target/test/data/1e4ee837/MiniRaftClusterWithGrpcf3ee9cbd/s1/80bc3141-7c27-430b-8bc9-e2914a5a9028
2023-12-13 16:21:13,903 [s1-groupManagement] INFO  storage.RaftStorageDirectory (RaftStorageDirectoryImpl.java:tryLock(228)) - Lock on /home/runner/work/ratis/ratis/ratis-test/target/test/data/1e4ee837/MiniRaftClusterWithGrpcf3ee9cbd/s1/80bc3141-7c27-430b-8bc9-e2914a5a9028/in_use.lock acquired by nodename 10819@fv-az890-872
2023-12-13 16:21:13,903 [s1-groupManagement] TRACE util.FileUtils (LogUtils.java:runAndLog(49)) - Successfully ran Files.createDirectories /home/runner/work/ratis/ratis/ratis-test/target/test/data/1e4ee837/MiniRaftClusterWithGrpcf3ee9cbd/s1/80bc3141-7c27-430b-8bc9-e2914a5a9028/current
2023-12-13 16:21:13,903 [s1-groupManagement] TRACE util.FileUtils (LogUtils.java:runAndLog(49)) - Successfully ran Files.createDirectories /home/runner/work/ratis/ratis/ratis-test/target/test/data/1e4ee837/MiniRaftClusterWithGrpcf3ee9cbd/s1/80bc3141-7c27-430b-8bc9-e2914a5a9028/sm
2023-12-13 16:21:13,903 [s1-groupManagement] TRACE util.FileUtils (LogUtils.java:supplyAndLog(69)) - Successfully supplied FileChannel.open /home/runner/work/ratis/ratis/ratis-test/target/test/data/1e4ee837/MiniRaftClusterWithGrpcf3ee9cbd/s1/80bc3141-7c27-430b-8bc9-e2914a5a9028/current/raft-meta.tmp with options [CREATE, WRITE]: sun.nio.ch.FileChannelImpl@1a5e69ab
2023-12-13 16:21:13,904 [s1-groupManagement] TRACE util.FileUtils (LogUtils.java:runAndLog(49)) - Successfully ran Atomic Files.move /home/runner/work/ratis/ratis/ratis-test/target/test/data/1e4ee837/MiniRaftClusterWithGrpcf3ee9cbd/s1/80bc3141-7c27-430b-8bc9-e2914a5a9028/current/raft-meta.tmp to /home/runner/work/ratis/ratis/ratis-test/target/test/data/1e4ee837/MiniRaftClusterWithGrpcf3ee9cbd/s1/80bc3141-7c27-430b-8bc9-e2914a5a9028/current/raft-meta with options [REPLACE_EXISTING]
2023-12-13 16:21:13,904 [s1-groupManagement] INFO  storage.RaftStorage (RaftStorageImpl.java:format(99)) - Storage directory /home/runner/work/ratis/ratis/ratis-test/target/test/data/1e4ee837/MiniRaftClusterWithGrpcf3ee9cbd/s1/80bc3141-7c27-430b-8bc9-e2914a5a9028 has been successfully formatted.
2023-12-13 16:21:13,904 [s1-groupManagement] TRACE util.FileUtils (LogUtils.java:supplyAndLog(61)) - Failed to Files.newInputStream /home/runner/work/ratis/ratis/ratis-test/target/test/data/1e4ee837/MiniRaftClusterWithGrpcf3ee9cbd/s1/80bc3141-7c27-430b-8bc9-e2914a5a9028/current/raft-meta.conf with options []
java.nio.file.NoSuchFileException: /home/runner/work/ratis/ratis/ratis-test/target/test/data/1e4ee837/MiniRaftClusterWithGrpcf3ee9cbd/s1/80bc3141-7c27-430b-8bc9-e2914a5a9028/current/raft-meta.conf
	at java.base/sun.nio.fs.UnixException.translateToIOException(UnixException.java:92)
	at java.base/sun.nio.fs.UnixException.rethrowAsIOException(UnixException.java:111)
	at java.base/sun.nio.fs.UnixException.rethrowAsIOException(UnixException.java:116)
	at java.base/sun.nio.fs.UnixFileSystemProvider.newByteChannel(UnixFileSystemProvider.java:219)
	at java.base/java.nio.file.Files.newByteChannel(Files.java:371)
	at java.base/java.nio.file.Files.newByteChannel(Files.java:422)
	at java.base/java.nio.file.spi.FileSystemProvider.newInputStream(FileSystemProvider.java:420)
	at java.base/java.nio.file.Files.newInputStream(Files.java:156)
	at org.apache.ratis.util.FileUtils.lambda$newInputStream$2(FileUtils.java:73)
	at org.apache.ratis.util.LogUtils.supplyAndLog(LogUtils.java:58)
	at org.apache.ratis.util.FileUtils.newInputStream(FileUtils.java:72)
	at org.apache.ratis.util.FileUtils.newInputStream(FileUtils.java:68)
	at org.apache.ratis.server.storage.RaftStorageImpl.readRaftConfiguration(RaftStorageImpl.java:156)
	at org.apache.ratis.server.impl.ServerState.initialize(ServerState.java:141)
	at org.apache.ratis.server.impl.RaftServerImpl.start(RaftServerImpl.java:388)
	at org.apache.ratis.server.impl.RaftServerProxy.lambda$groupAddAsync$13(RaftServerProxy.java:509)
	at java.base/java.util.concurrent.CompletableFuture$UniApply.tryFire(CompletableFuture.java:642)
	at java.base/java.util.concurrent.CompletableFuture$Completion.run(CompletableFuture.java:478)
	at java.base/java.util.concurrent.ThreadPoolExecutor.runWorker(ThreadPoolExecutor.java:1128)
	at java.base/java.util.concurrent.ThreadPoolExecutor$Worker.run(ThreadPoolExecutor.java:628)
	at java.base/java.lang.Thread.run(Thread.java:829)
2023-12-13 16:21:13,904 [s1-groupManagement] INFO  server.RaftServerConfigKeys (ConfUtils.java:logGet(46)) - raft.server.log.use.memory = false (default)
2023-12-13 16:21:13,904 [s1-groupManagement] INFO  server.RaftServerConfigKeys (ConfUtils.java:logGet(46)) - raft.server.log.purge.gap = 1024 (default)
2023-12-13 16:21:13,904 [s1-groupManagement] INFO  server.RaftServerConfigKeys (ConfUtils.java:logGet(46)) - raft.server.log.appender.buffer.byte-limit = 4MB (=4194304) (default)
2023-12-13 16:21:13,904 [s1-groupManagement] INFO  server.RaftServerConfigKeys (ConfUtils.java:logGet(46)) - raft.server.log.statemachine.data.read.timeout = 1000ms (default)
2023-12-13 16:21:13,904 [s1-groupManagement] INFO  server.RaftServerConfigKeys (ConfUtils.java:logGet(46)) - raft.server.log.purge.preservation.log.num = 0 (default)
2023-12-13 16:21:13,904 [s1-groupManagement] INFO  server.RaftServerConfigKeys (ConfUtils.java:logGet(46)) - raft.server.log.segment.size.max = 32MB (=33554432) (default)
2023-12-13 16:21:13,904 [s1-groupManagement] INFO  server.RaftServerConfigKeys (ConfUtils.java:logGet(46)) - raft.server.log.segment.cache.num.max = 6 (default)
2023-12-13 16:21:13,904 [s1-groupManagement] INFO  server.RaftServerConfigKeys (ConfUtils.java:logGet(46)) - raft.server.log.segment.cache.size.max = 200MB (=209715200) (default)
2023-12-13 16:21:13,904 [s1-groupManagement] INFO  server.RaftServerConfigKeys (ConfUtils.java:logGet(46)) - raft.server.log.appender.buffer.byte-limit = 4MB (=4194304) (default)
2023-12-13 16:21:13,904 [s1-groupManagement] INFO  util.AwaitToRun (AwaitToRun.java:start(81)) - Thread[s1@group-E2914A5A9028-cacheEviction-AwaitToRun,5,main] started
2023-12-13 16:21:13,905 [s1-groupManagement] INFO  segmented.SegmentedRaftLogWorker (SegmentedRaftLogWorker.java:<init>(182)) - new s1@group-E2914A5A9028-SegmentedRaftLogWorker for RaftStorageImpl:Storage Directory /home/runner/work/ratis/ratis/ratis-test/target/test/data/1e4ee837/MiniRaftClusterWithGrpcf3ee9cbd/s1/80bc3141-7c27-430b-8bc9-e2914a5a9028
2023-12-13 16:21:13,905 [s1-groupManagement] INFO  server.RaftServerConfigKeys (ConfUtils.java:logGet(46)) - raft.server.log.queue.byte-limit = 64MB (=67108864) (default)
2023-12-13 16:21:13,905 [s1-groupManagement] INFO  server.RaftServerConfigKeys (ConfUtils.java:logGet(46)) - raft.server.log.queue.element-limit = 4096 (default)
2023-12-13 16:21:13,905 [s1-groupManagement] INFO  server.RaftServerConfigKeys (ConfUtils.java:logGet(46)) - raft.server.log.segment.size.max = 32MB (=33554432) (default)
2023-12-13 16:21:13,905 [s1-groupManagement] INFO  server.RaftServerConfigKeys (ConfUtils.java:logGet(46)) - raft.server.log.preallocated.size = 4MB (=4194304) (default)
2023-12-13 16:21:13,905 [s1-groupManagement] INFO  server.RaftServerConfigKeys (ConfUtils.java:logGet(46)) - raft.server.log.force.sync.num = 128 (default)
2023-12-13 16:21:13,905 [s1-groupManagement] INFO  server.RaftServerConfigKeys (ConfUtils.java:logGet(46)) - raft.server.log.statemachine.data.sync = true (default)
2023-12-13 16:21:13,905 [s1-groupManagement] INFO  server.RaftServerConfigKeys (ConfUtils.java:logGet(46)) - raft.server.log.statemachine.data.sync.timeout = 10s (default)
2023-12-13 16:21:13,905 [s1-groupManagement] INFO  server.RaftServerConfigKeys (ConfUtils.java:logGet(46)) - raft.server.log.statemachine.data.sync.timeout.retry = -1 (default)
2023-12-13 16:21:13,905 [s1-groupManagement] INFO  server.RaftServerConfigKeys (ConfUtils.java:logGet(46)) - raft.server.log.write.buffer.size = 8MB (=8388608) (default)
2023-12-13 16:21:13,906 [s1-groupManagement] INFO  server.RaftServerConfigKeys (ConfUtils.java:logGet(46)) - raft.server.log.appender.buffer.byte-limit = 4MB (=4194304) (default)
2023-12-13 16:21:13,906 [s1-groupManagement] INFO  server.RaftServerConfigKeys (ConfUtils.java:logGet(46)) - raft.server.log.unsafe-flush.enabled = false (default)
2023-12-13 16:21:13,906 [s1-groupManagement] INFO  server.RaftServerConfigKeys (ConfUtils.java:logGet(46)) - raft.server.log.async-flush.enabled = false (default)
2023-12-13 16:21:13,906 [s1-groupManagement] INFO  server.RaftServerConfigKeys (ConfUtils.java:logGet(46)) - raft.server.log.statemachine.data.caching.enabled = false (default)
2023-12-13 16:21:13,906 [s1-groupManagement] INFO  segmented.SegmentedRaftLogWorker (SegmentedRaftLogWorker.java:lambda$new$0(134)) - s1@group-E2914A5A9028-SegmentedRaftLogWorker: flushIndex: setUnconditionally 0 -> -1
2023-12-13 16:21:13,906 [s1-groupManagement] INFO  segmented.SegmentedRaftLogWorker (SegmentedRaftLogWorker.java:lambda$new$0(134)) - s1@group-E2914A5A9028-SegmentedRaftLogWorker: safeCacheEvictIndex: setUnconditionally 0 -> -1
2023-12-13 16:21:13,906 [s1-groupManagement] INFO  server.RaftServer$Division (RaftServerImpl.java:start(392)) - s1@group-E2914A5A9028: start as a follower, conf=-1: peers:[s0|0.0.0.0:45531, s1|0.0.0.0:34859, s2|0.0.0.0:41623]|listeners:[], old=null
2023-12-13 16:21:13,906 [s1-groupManagement] INFO  server.RaftServer$Division (RaftServerImpl.java:setRole(379)) - s1@group-E2914A5A9028: changes role from      null to FOLLOWER at term 0 for startAsFollower
2023-12-13 16:21:13,906 [s1-groupManagement] INFO  impl.RoleInfo (RoleInfo.java:updateAndGet(139)) - s1: start s1@group-E2914A5A9028-FollowerState
2023-12-13 16:21:13,906 [s1@group-E2914A5A9028-FollowerState] INFO  server.RaftServerConfigKeys (ConfUtils.java:logFallback(53)) - raft.server.rpc.first-election.timeout.min = 1500ms (fallback to raft.server.rpc.timeout.min)
2023-12-13 16:21:13,907 [s1-groupManagement] INFO  util.JmxRegister (JmxRegister.java:tryRegister(44)) - Successfully registered JMX Bean with object name Ratis:service=RaftServer,group=group-E2914A5A9028,id=s1
2023-12-13 16:21:13,907 [s1@group-E2914A5A9028-FollowerState] INFO  server.RaftServerConfigKeys (ConfUtils.java:logFallback(53)) - raft.server.rpc.first-election.timeout.max = 2000ms (fallback to raft.server.rpc.timeout.max)
2023-12-13 16:21:13,907 [s1-groupManagement] INFO  server.RaftServerConfigKeys (ConfUtils.java:logGet(46)) - raft.server.snapshot.trigger-when-stop.enabled = true (default)
2023-12-13 16:21:13,907 [s1-groupManagement] INFO  server.RaftServerConfigKeys (ConfUtils.java:logGet(46)) - raft.server.snapshot.auto.trigger.enabled = false (default)
2023-12-13 16:21:13,907 [s1-groupManagement] INFO  server.RaftServerConfigKeys (ConfUtils.java:logGet(46)) - raft.server.snapshot.retention.file.num = -1 (default)
2023-12-13 16:21:13,907 [s1-groupManagement] INFO  server.RaftServerConfigKeys (ConfUtils.java:logGet(46)) - raft.server.log.purge.upto.snapshot.index = false (default)
2023-12-13 16:21:13,910 [grpc-default-executor-12] INFO  server.RaftServer (RaftServerProxy.java:addNew(100)) - s2: addNew group-E2914A5A9028:[s0|0.0.0.0:45531, s1|0.0.0.0:34859, s2|0.0.0.0:41623] returns group-E2914A5A9028:java.util.concurrent.CompletableFuture@5773c9ea[Not completed]
2023-12-13 16:21:13,910 [s2-groupManagement] INFO  server.RaftServer$Division (RaftServerImpl.java:<init>(256)) - s2: new RaftServerImpl for group-E2914A5A9028:[s0|0.0.0.0:45531, s1|0.0.0.0:34859, s2|0.0.0.0:41623] with BaseStateMachine:uninitialized
2023-12-13 16:21:13,910 [s2-groupManagement] INFO  server.RaftServerConfigKeys (ConfUtils.java:logGet(46)) - raft.server.rpc.timeout.min = 1500ms (custom)
2023-12-13 16:21:13,910 [s2-groupManagement] INFO  server.RaftServerConfigKeys (ConfUtils.java:logGet(46)) - raft.server.rpc.timeout.max = 2000ms (custom)
2023-12-13 16:21:13,910 [s2-groupManagement] INFO  server.RaftServerConfigKeys (ConfUtils.java:logGet(46)) - raft.server.rpc.sleep.time = 25ms (default)
2023-12-13 16:21:13,910 [s2-groupManagement] INFO  server.RaftServerConfigKeys (ConfUtils.java:logGet(46)) - raft.server.rpc.slowness.timeout = 60s (default)
2023-12-13 16:21:13,910 [s2-groupManagement] INFO  server.RaftServerConfigKeys (ConfUtils.java:logGet(46)) - raft.server.leaderelection.leader.step-down.wait-time = 10s (default)
2023-12-13 16:21:13,911 [s2-groupManagement] INFO  server.RaftServerConfigKeys (ConfUtils.java:logGet(46)) - raft.server.leaderelection.member.majority-add = false (default)
2023-12-13 16:21:13,911 [s2-groupManagement] INFO  server.RaftServerConfigKeys (ConfUtils.java:logGet(46)) - raft.server.sleep.deviation.threshold = 300ms (default)
2023-12-13 16:21:13,911 [s2-groupManagement] INFO  server.RaftServer$Division (ServerState.java:<init>(113)) - s2@group-E2914A5A9028: ConfigurationManager, init=-1: peers:[s0|0.0.0.0:45531, s1|0.0.0.0:34859, s2|0.0.0.0:41623]|listeners:[], old=null, confs=<EMPTY_MAP>
2023-12-13 16:21:13,911 [s2-groupManagement] INFO  server.RaftServerConfigKeys (ConfUtils.java:logGet(46)) - raft.server.notification.no-leader.timeout = 60s (default)
2023-12-13 16:21:13,911 [s2-groupManagement] INFO  server.RaftServerConfigKeys (ConfUtils.java:logGet(46)) - raft.server.read.timeout = 10s (default)
2023-12-13 16:21:13,911 [s2-groupManagement] INFO  server.RaftServerConfigKeys (ConfUtils.java:logGet(46)) - raft.server.retrycache.expirytime = 60s (default)
2023-12-13 16:21:13,911 [s2-groupManagement] INFO  server.RaftServerConfigKeys (ConfUtils.java:logGet(46)) - raft.server.retrycache.statistics.expirytime = 100ms (default)
2023-12-13 16:21:13,911 [s2-groupManagement] INFO  server.RaftServerConfigKeys (ConfUtils.java:logGet(46)) - raft.server.read.option = DEFAULT (default)
2023-12-13 16:21:13,911 [s2-groupManagement] INFO  server.RaftServerConfigKeys (ConfUtils.java:logGet(46)) - raft.server.read.read-after-write-consistent.write-index-cache.expiry-time = 60s (default)
2023-12-13 16:21:13,911 [s2-groupManagement] INFO  server.RaftServerConfigKeys (ConfUtils.java:logGet(46)) - raft.server.rpc.request.timeout = 3000ms (default)
2023-12-13 16:21:13,911 [s2-groupManagement] INFO  server.RaftServerConfigKeys (ConfUtils.java:logGet(46)) - raft.server.log.appender.install.snapshot.enabled = true (default)
2023-12-13 16:21:13,911 [s2-groupManagement] INFO  server.RaftServerConfigKeys (ConfUtils.java:logGet(46)) - raft.server.threadpool.server.cached = true (default)
2023-12-13 16:21:13,911 [s2-groupManagement] INFO  server.RaftServerConfigKeys (ConfUtils.java:logGet(46)) - raft.server.threadpool.server.size = 0 (default)
2023-12-13 16:21:13,911 [s2-groupManagement] INFO  server.RaftServerConfigKeys (ConfUtils.java:logGet(46)) - raft.server.threadpool.client.cached = true (default)
2023-12-13 16:21:13,911 [s2-groupManagement] INFO  server.RaftServerConfigKeys (ConfUtils.java:logGet(46)) - raft.server.threadpool.client.size = 0 (default)
2023-12-13 16:21:13,911 [s2-groupManagement] DEBUG server.RaftServer (RaftServerProxy.java:lambda$groupAddAsync$13(507)) - s2: newImpl =      null s2@group-E2914A5A9028:t0, leader=null, voted=null, raftlog=UNINITIALIZED, conf=-1: peers:[s0|0.0.0.0:45531, s1|0.0.0.0:34859, s2|0.0.0.0:41623]|listeners:[], old=null NEW
2023-12-13 16:21:13,911 [s2-groupManagement] INFO  server.RaftServerConfigKeys (ConfUtils.java:logGet(46)) - raft.server.storage.free-space.min = 0MB (=0) (default)
2023-12-13 16:21:13,911 [s2-groupManagement] INFO  server.RaftServerConfigKeys (ConfUtils.java:logGet(46)) - raft.server.log.corruption.policy = EXCEPTION (default)
2023-12-13 16:21:13,911 [s2-groupManagement] INFO  server.RaftServerConfigKeys (ConfUtils.java:logGet(46)) - raft.server.storage.dir = [/home/runner/work/ratis/ratis/ratis-test/target/test/data/1e4ee837/MiniRaftClusterWithGrpcf3ee9cbd/s2] (custom)
2023-12-13 16:21:13,911 [s2-groupManagement] INFO  storage.RaftStorageDirectory (RaftStorageDirectoryImpl.java:analyzeStorage(138)) - The storage directory /home/runner/work/ratis/ratis/ratis-test/target/test/data/1e4ee837/MiniRaftClusterWithGrpcf3ee9cbd/s2/80bc3141-7c27-430b-8bc9-e2914a5a9028 does not exist. Creating ...
2023-12-13 16:21:13,912 [s2-groupManagement] TRACE util.FileUtils (LogUtils.java:runAndLog(49)) - Successfully ran Files.createDirectories /home/runner/work/ratis/ratis/ratis-test/target/test/data/1e4ee837/MiniRaftClusterWithGrpcf3ee9cbd/s2/80bc3141-7c27-430b-8bc9-e2914a5a9028
2023-12-13 16:21:13,913 [s2-groupManagement] INFO  storage.RaftStorageDirectory (RaftStorageDirectoryImpl.java:tryLock(228)) - Lock on /home/runner/work/ratis/ratis/ratis-test/target/test/data/1e4ee837/MiniRaftClusterWithGrpcf3ee9cbd/s2/80bc3141-7c27-430b-8bc9-e2914a5a9028/in_use.lock acquired by nodename 10819@fv-az890-872
2023-12-13 16:21:13,913 [s2-groupManagement] TRACE util.FileUtils (LogUtils.java:runAndLog(49)) - Successfully ran Files.createDirectories /home/runner/work/ratis/ratis/ratis-test/target/test/data/1e4ee837/MiniRaftClusterWithGrpcf3ee9cbd/s2/80bc3141-7c27-430b-8bc9-e2914a5a9028/current
2023-12-13 16:21:13,913 [s2-groupManagement] TRACE util.FileUtils (LogUtils.java:runAndLog(49)) - Successfully ran Files.createDirectories /home/runner/work/ratis/ratis/ratis-test/target/test/data/1e4ee837/MiniRaftClusterWithGrpcf3ee9cbd/s2/80bc3141-7c27-430b-8bc9-e2914a5a9028/sm
2023-12-13 16:21:13,914 [s2-groupManagement] TRACE util.FileUtils (LogUtils.java:supplyAndLog(69)) - Successfully supplied FileChannel.open /home/runner/work/ratis/ratis/ratis-test/target/test/data/1e4ee837/MiniRaftClusterWithGrpcf3ee9cbd/s2/80bc3141-7c27-430b-8bc9-e2914a5a9028/current/raft-meta.tmp with options [CREATE, WRITE]: sun.nio.ch.FileChannelImpl@2ea1a0ac
2023-12-13 16:21:13,915 [s2-groupManagement] TRACE util.FileUtils (LogUtils.java:runAndLog(49)) - Successfully ran Atomic Files.move /home/runner/work/ratis/ratis/ratis-test/target/test/data/1e4ee837/MiniRaftClusterWithGrpcf3ee9cbd/s2/80bc3141-7c27-430b-8bc9-e2914a5a9028/current/raft-meta.tmp to /home/runner/work/ratis/ratis/ratis-test/target/test/data/1e4ee837/MiniRaftClusterWithGrpcf3ee9cbd/s2/80bc3141-7c27-430b-8bc9-e2914a5a9028/current/raft-meta with options [REPLACE_EXISTING]
2023-12-13 16:21:13,915 [s2-groupManagement] INFO  storage.RaftStorage (RaftStorageImpl.java:format(99)) - Storage directory /home/runner/work/ratis/ratis/ratis-test/target/test/data/1e4ee837/MiniRaftClusterWithGrpcf3ee9cbd/s2/80bc3141-7c27-430b-8bc9-e2914a5a9028 has been successfully formatted.
2023-12-13 16:21:13,915 [s2-groupManagement] TRACE util.FileUtils (LogUtils.java:supplyAndLog(61)) - Failed to Files.newInputStream /home/runner/work/ratis/ratis/ratis-test/target/test/data/1e4ee837/MiniRaftClusterWithGrpcf3ee9cbd/s2/80bc3141-7c27-430b-8bc9-e2914a5a9028/current/raft-meta.conf with options []
java.nio.file.NoSuchFileException: /home/runner/work/ratis/ratis/ratis-test/target/test/data/1e4ee837/MiniRaftClusterWithGrpcf3ee9cbd/s2/80bc3141-7c27-430b-8bc9-e2914a5a9028/current/raft-meta.conf
	at java.base/sun.nio.fs.UnixException.translateToIOException(UnixException.java:92)
	at java.base/sun.nio.fs.UnixException.rethrowAsIOException(UnixException.java:111)
	at java.base/sun.nio.fs.UnixException.rethrowAsIOException(UnixException.java:116)
	at java.base/sun.nio.fs.UnixFileSystemProvider.newByteChannel(UnixFileSystemProvider.java:219)
	at java.base/java.nio.file.Files.newByteChannel(Files.java:371)
	at java.base/java.nio.file.Files.newByteChannel(Files.java:422)
	at java.base/java.nio.file.spi.FileSystemProvider.newInputStream(FileSystemProvider.java:420)
	at java.base/java.nio.file.Files.newInputStream(Files.java:156)
	at org.apache.ratis.util.FileUtils.lambda$newInputStream$2(FileUtils.java:73)
	at org.apache.ratis.util.LogUtils.supplyAndLog(LogUtils.java:58)
	at org.apache.ratis.util.FileUtils.newInputStream(FileUtils.java:72)
	at org.apache.ratis.util.FileUtils.newInputStream(FileUtils.java:68)
	at org.apache.ratis.server.storage.RaftStorageImpl.readRaftConfiguration(RaftStorageImpl.java:156)
	at org.apache.ratis.server.impl.ServerState.initialize(ServerState.java:141)
	at org.apache.ratis.server.impl.RaftServerImpl.start(RaftServerImpl.java:388)
	at org.apache.ratis.server.impl.RaftServerProxy.lambda$groupAddAsync$13(RaftServerProxy.java:509)
	at java.base/java.util.concurrent.CompletableFuture$UniApply.tryFire(CompletableFuture.java:642)
	at java.base/java.util.concurrent.CompletableFuture$Completion.run(CompletableFuture.java:478)
	at java.base/java.util.concurrent.ThreadPoolExecutor.runWorker(ThreadPoolExecutor.java:1128)
	at java.base/java.util.concurrent.ThreadPoolExecutor$Worker.run(ThreadPoolExecutor.java:628)
	at java.base/java.lang.Thread.run(Thread.java:829)
2023-12-13 16:21:13,915 [s2-groupManagement] INFO  server.RaftServerConfigKeys (ConfUtils.java:logGet(46)) - raft.server.log.use.memory = false (default)
2023-12-13 16:21:13,915 [s2-groupManagement] INFO  server.RaftServerConfigKeys (ConfUtils.java:logGet(46)) - raft.server.log.purge.gap = 1024 (default)
2023-12-13 16:21:13,915 [s2-groupManagement] INFO  server.RaftServerConfigKeys (ConfUtils.java:logGet(46)) - raft.server.log.appender.buffer.byte-limit = 4MB (=4194304) (default)
2023-12-13 16:21:13,915 [s2-groupManagement] INFO  server.RaftServerConfigKeys (ConfUtils.java:logGet(46)) - raft.server.log.statemachine.data.read.timeout = 1000ms (default)
2023-12-13 16:21:13,915 [s2-groupManagement] INFO  server.RaftServerConfigKeys (ConfUtils.java:logGet(46)) - raft.server.log.purge.preservation.log.num = 0 (default)
2023-12-13 16:21:13,915 [s2-groupManagement] INFO  server.RaftServerConfigKeys (ConfUtils.java:logGet(46)) - raft.server.log.segment.size.max = 32MB (=33554432) (default)
2023-12-13 16:21:13,915 [s2-groupManagement] INFO  server.RaftServerConfigKeys (ConfUtils.java:logGet(46)) - raft.server.log.segment.cache.num.max = 6 (default)
2023-12-13 16:21:13,916 [s2-groupManagement] INFO  server.RaftServerConfigKeys (ConfUtils.java:logGet(46)) - raft.server.log.segment.cache.size.max = 200MB (=209715200) (default)
2023-12-13 16:21:13,916 [s2-groupManagement] INFO  server.RaftServerConfigKeys (ConfUtils.java:logGet(46)) - raft.server.log.appender.buffer.byte-limit = 4MB (=4194304) (default)
2023-12-13 16:21:13,916 [s2-groupManagement] INFO  util.AwaitToRun (AwaitToRun.java:start(81)) - Thread[s2@group-E2914A5A9028-cacheEviction-AwaitToRun,5,main] started
2023-12-13 16:21:13,916 [s2-groupManagement] INFO  segmented.SegmentedRaftLogWorker (SegmentedRaftLogWorker.java:<init>(182)) - new s2@group-E2914A5A9028-SegmentedRaftLogWorker for RaftStorageImpl:Storage Directory /home/runner/work/ratis/ratis/ratis-test/target/test/data/1e4ee837/MiniRaftClusterWithGrpcf3ee9cbd/s2/80bc3141-7c27-430b-8bc9-e2914a5a9028
2023-12-13 16:21:13,916 [s2-groupManagement] INFO  server.RaftServerConfigKeys (ConfUtils.java:logGet(46)) - raft.server.log.queue.byte-limit = 64MB (=67108864) (default)
2023-12-13 16:21:13,916 [s2-groupManagement] INFO  server.RaftServerConfigKeys (ConfUtils.java:logGet(46)) - raft.server.log.queue.element-limit = 4096 (default)
2023-12-13 16:21:13,916 [s2-groupManagement] INFO  server.RaftServerConfigKeys (ConfUtils.java:logGet(46)) - raft.server.log.segment.size.max = 32MB (=33554432) (default)
2023-12-13 16:21:13,916 [s2-groupManagement] INFO  server.RaftServerConfigKeys (ConfUtils.java:logGet(46)) - raft.server.log.preallocated.size = 4MB (=4194304) (default)
2023-12-13 16:21:13,916 [s2-groupManagement] INFO  server.RaftServerConfigKeys (ConfUtils.java:logGet(46)) - raft.server.log.force.sync.num = 128 (default)
2023-12-13 16:21:13,916 [s2-groupManagement] INFO  server.RaftServerConfigKeys (ConfUtils.java:logGet(46)) - raft.server.log.statemachine.data.sync = true (default)
2023-12-13 16:21:13,916 [s2-groupManagement] INFO  server.RaftServerConfigKeys (ConfUtils.java:logGet(46)) - raft.server.log.statemachine.data.sync.timeout = 10s (default)
2023-12-13 16:21:13,916 [s2-groupManagement] INFO  server.RaftServerConfigKeys (ConfUtils.java:logGet(46)) - raft.server.log.statemachine.data.sync.timeout.retry = -1 (default)
2023-12-13 16:21:13,916 [s2-groupManagement] INFO  server.RaftServerConfigKeys (ConfUtils.java:logGet(46)) - raft.server.log.write.buffer.size = 8MB (=8388608) (default)
2023-12-13 16:21:13,917 [s2-groupManagement] INFO  server.RaftServerConfigKeys (ConfUtils.java:logGet(46)) - raft.server.log.appender.buffer.byte-limit = 4MB (=4194304) (default)
2023-12-13 16:21:13,917 [s2-groupManagement] INFO  server.RaftServerConfigKeys (ConfUtils.java:logGet(46)) - raft.server.log.unsafe-flush.enabled = false (default)
2023-12-13 16:21:13,917 [s2-groupManagement] INFO  server.RaftServerConfigKeys (ConfUtils.java:logGet(46)) - raft.server.log.async-flush.enabled = false (default)
2023-12-13 16:21:13,917 [s2-groupManagement] INFO  server.RaftServerConfigKeys (ConfUtils.java:logGet(46)) - raft.server.log.statemachine.data.caching.enabled = false (default)
2023-12-13 16:21:13,917 [s2-groupManagement] INFO  segmented.SegmentedRaftLogWorker (SegmentedRaftLogWorker.java:lambda$new$0(134)) - s2@group-E2914A5A9028-SegmentedRaftLogWorker: flushIndex: setUnconditionally 0 -> -1
2023-12-13 16:21:13,917 [s2-groupManagement] INFO  segmented.SegmentedRaftLogWorker (SegmentedRaftLogWorker.java:lambda$new$0(134)) - s2@group-E2914A5A9028-SegmentedRaftLogWorker: safeCacheEvictIndex: setUnconditionally 0 -> -1
2023-12-13 16:21:13,917 [s2-groupManagement] INFO  server.RaftServer$Division (RaftServerImpl.java:start(392)) - s2@group-E2914A5A9028: start as a follower, conf=-1: peers:[s0|0.0.0.0:45531, s1|0.0.0.0:34859, s2|0.0.0.0:41623]|listeners:[], old=null
2023-12-13 16:21:13,917 [s2-groupManagement] INFO  server.RaftServer$Division (RaftServerImpl.java:setRole(379)) - s2@group-E2914A5A9028: changes role from      null to FOLLOWER at term 0 for startAsFollower
2023-12-13 16:21:13,918 [s2-groupManagement] INFO  impl.RoleInfo (RoleInfo.java:updateAndGet(139)) - s2: start s2@group-E2914A5A9028-FollowerState
2023-12-13 16:21:13,918 [s2@group-E2914A5A9028-FollowerState] INFO  server.RaftServerConfigKeys (ConfUtils.java:logFallback(53)) - raft.server.rpc.first-election.timeout.min = 1500ms (fallback to raft.server.rpc.timeout.min)
2023-12-13 16:21:13,918 [s2-groupManagement] INFO  util.JmxRegister (JmxRegister.java:tryRegister(44)) - Successfully registered JMX Bean with object name Ratis:service=RaftServer,group=group-E2914A5A9028,id=s2
2023-12-13 16:21:13,918 [s2@group-E2914A5A9028-FollowerState] INFO  server.RaftServerConfigKeys (ConfUtils.java:logFallback(53)) - raft.server.rpc.first-election.timeout.max = 2000ms (fallback to raft.server.rpc.timeout.max)
2023-12-13 16:21:13,918 [s2-groupManagement] INFO  server.RaftServerConfigKeys (ConfUtils.java:logGet(46)) - raft.server.snapshot.trigger-when-stop.enabled = true (default)
2023-12-13 16:21:13,918 [s2-groupManagement] INFO  server.RaftServerConfigKeys (ConfUtils.java:logGet(46)) - raft.server.snapshot.auto.trigger.enabled = false (default)
2023-12-13 16:21:13,918 [s2-groupManagement] INFO  server.RaftServerConfigKeys (ConfUtils.java:logGet(46)) - raft.server.snapshot.retention.file.num = -1 (default)
2023-12-13 16:21:13,918 [s2-groupManagement] INFO  server.RaftServerConfigKeys (ConfUtils.java:logGet(46)) - raft.server.log.purge.upto.snapshot.index = false (default)
2023-12-13 16:21:13,921 [Time-limited test] INFO  server.RaftServerConfigKeys (ConfUtils.java:logGet(46)) - raft.server.rpc.timeout.max = 2000ms (custom)
2023-12-13 16:21:13,921 [Time-limited test] INFO  ratis.RaftTestUtil (RaftTestUtil.java:waitForLeader(100)) - printing group-E2914A5A9028
  s0:  RUNNING  FOLLOWER s0@group-E2914A5A9028:t0, leader=null, voted=, raftlog=Memoized:s0@group-E2914A5A9028-SegmentedRaftLog:OPENED:c-1, conf=-1: peers:[s0|0.0.0.0:45531, s1|0.0.0.0:34859, s2|0.0.0.0:41623]|listeners:[], old=null RUNNING
  s1:  RUNNING  FOLLOWER s1@group-E2914A5A9028:t0, leader=null, voted=, raftlog=Memoized:s1@group-E2914A5A9028-SegmentedRaftLog:OPENED:c-1, conf=-1: peers:[s0|0.0.0.0:45531, s1|0.0.0.0:34859, s2|0.0.0.0:41623]|listeners:[], old=null RUNNING
  s2:  RUNNING  FOLLOWER s2@group-E2914A5A9028:t0, leader=null, voted=, raftlog=Memoized:s2@group-E2914A5A9028-SegmentedRaftLog:OPENED:c-1, conf=-1: peers:[s0|0.0.0.0:45531, s1|0.0.0.0:34859, s2|0.0.0.0:41623]|listeners:[], old=null RUNNING
2023-12-13 16:21:13,921 [Time-limited test] WARN  ratis.RaftTestUtil (RaftTestUtil.java:lambda$waitForLeader$3(119)) - Attempt #1 failed: java.lang.IllegalStateException: No leader yet  for group-E2914A5A9028: printing group-E2914A5A9028
  s0:  RUNNING  FOLLOWER s0@group-E2914A5A9028:t0, leader=null, voted=, raftlog=Memoized:s0@group-E2914A5A9028-SegmentedRaftLog:OPENED:c-1, conf=-1: peers:[s0|0.0.0.0:45531, s1|0.0.0.0:34859, s2|0.0.0.0:41623]|listeners:[], old=null RUNNING
  s1:  RUNNING  FOLLOWER s1@group-E2914A5A9028:t0, leader=null, voted=, raftlog=Memoized:s1@group-E2914A5A9028-SegmentedRaftLog:OPENED:c-1, conf=-1: peers:[s0|0.0.0.0:45531, s1|0.0.0.0:34859, s2|0.0.0.0:41623]|listeners:[], old=null RUNNING
  s2:  RUNNING  FOLLOWER s2@group-E2914A5A9028:t0, leader=null, voted=, raftlog=Memoized:s2@group-E2914A5A9028-SegmentedRaftLog:OPENED:c-1, conf=-1: peers:[s0|0.0.0.0:45531, s1|0.0.0.0:34859, s2|0.0.0.0:41623]|listeners:[], old=null RUNNING
2023-12-13 16:21:15,469 [s2@group-E2914A5A9028-FollowerState] INFO  impl.FollowerState (FollowerState.java:run(143)) - s2@group-E2914A5A9028-FollowerState: change to CANDIDATE, lastRpcElapsedTime:1551317482ns, electionTimeout:1551ms
2023-12-13 16:21:15,469 [s2@group-E2914A5A9028-FollowerState] INFO  impl.RoleInfo (RoleInfo.java:shutdownFollowerState(110)) - s2: shutdown s2@group-E2914A5A9028-FollowerState
2023-12-13 16:21:15,469 [s2@group-E2914A5A9028-FollowerState] INFO  server.RaftServer$Division (RaftServerImpl.java:setRole(379)) - s2@group-E2914A5A9028: changes role from  FOLLOWER to CANDIDATE at term 0 for changeToCandidate
2023-12-13 16:21:15,469 [s2@group-E2914A5A9028-FollowerState] INFO  server.RaftServerConfigKeys (ConfUtils.java:logGet(46)) - raft.server.leaderelection.pre-vote = true (default)
2023-12-13 16:21:15,469 [s2@group-E2914A5A9028-FollowerState] INFO  impl.RoleInfo (RoleInfo.java:updateAndGet(139)) - s2: start s2@group-E2914A5A9028-LeaderElection10
2023-12-13 16:21:15,469 [s2@group-E2914A5A9028-LeaderElection10] INFO  impl.LeaderElection (LeaderElection.java:askForVotes(321)) - s2@group-E2914A5A9028-LeaderElection10 PRE_VOTE round 0: submit vote requests at term 0 for -1: peers:[s0|0.0.0.0:45531, s1|0.0.0.0:34859, s2|0.0.0.0:41623]|listeners:[], old=null
2023-12-13 16:21:15,470 [s2@group-E2914A5A9028-LeaderElection10-1] INFO  server.GrpcServerProtocolClient (GrpcServerProtocolClient.java:<init>(65)) - Build channel for s0
2023-12-13 16:21:15,470 [s2@group-E2914A5A9028-LeaderElection10] INFO  server.RaftServerConfigKeys (ConfUtils.java:logFallback(53)) - raft.server.rpc.first-election.timeout.min = 1500ms (fallback to raft.server.rpc.timeout.min)
2023-12-13 16:21:15,470 [s2@group-E2914A5A9028-LeaderElection10-2] INFO  server.GrpcServerProtocolClient (GrpcServerProtocolClient.java:<init>(65)) - Build channel for s1
2023-12-13 16:21:15,470 [s2@group-E2914A5A9028-LeaderElection10] INFO  server.RaftServerConfigKeys (ConfUtils.java:logFallback(53)) - raft.server.rpc.first-election.timeout.max = 2000ms (fallback to raft.server.rpc.timeout.max)
2023-12-13 16:21:15,473 [grpc-default-executor-7] INFO  server.RaftServer$Division (RaftServerImpl.java:requestVote(1377)) - s0@group-E2914A5A9028: receive requestVote(PRE_VOTE, s2, group-E2914A5A9028, 0, (t:0, i:0))
2023-12-13 16:21:15,473 [grpc-default-executor-12] INFO  server.RaftServer$Division (RaftServerImpl.java:requestVote(1377)) - s1@group-E2914A5A9028: receive requestVote(PRE_VOTE, s2, group-E2914A5A9028, 0, (t:0, i:0))
2023-12-13 16:21:15,473 [grpc-default-executor-7] INFO  impl.VoteContext (VoteContext.java:log(49)) - s0@group-E2914A5A9028-FOLLOWER: reject PRE_VOTE from s2: our priority 2 > candidate's priority 1
2023-12-13 16:21:15,473 [grpc-default-executor-12] INFO  impl.VoteContext (VoteContext.java:log(49)) - s1@group-E2914A5A9028-FOLLOWER: accept PRE_VOTE from s2: our priority 1 <= candidate's priority 1
2023-12-13 16:21:15,474 [grpc-default-executor-7] INFO  server.RaftServer$Division (RaftServerImpl.java:requestVote(1410)) - s0@group-E2914A5A9028 replies to PRE_VOTE vote request: s2<-s0#0:FAIL-t0. Peer's state: s0@group-E2914A5A9028:t0, leader=null, voted=, raftlog=Memoized:s0@group-E2914A5A9028-SegmentedRaftLog:OPENED:c-1, conf=-1: peers:[s0|0.0.0.0:45531, s1|0.0.0.0:34859, s2|0.0.0.0:41623]|listeners:[], old=null
2023-12-13 16:21:15,474 [grpc-default-executor-12] INFO  server.RaftServer$Division (RaftServerImpl.java:requestVote(1410)) - s1@group-E2914A5A9028 replies to PRE_VOTE vote request: s2<-s1#0:OK-t0. Peer's state: s1@group-E2914A5A9028:t0, leader=null, voted=, raftlog=Memoized:s1@group-E2914A5A9028-SegmentedRaftLog:OPENED:c-1, conf=-1: peers:[s0|0.0.0.0:45531, s1|0.0.0.0:34859, s2|0.0.0.0:41623]|listeners:[], old=null
2023-12-13 16:21:15,475 [s2@group-E2914A5A9028-LeaderElection10] INFO  impl.LeaderElection (LeaderElection.java:logAndReturn(89)) - s2@group-E2914A5A9028-LeaderElection10: PRE_VOTE REJECTED received 2 response(s) and 0 exception(s):
2023-12-13 16:21:15,475 [s2@group-E2914A5A9028-LeaderElection10] INFO  impl.LeaderElection (LeaderElection.java:logAndReturn(93)) -   Response 0: s2<-s0#0:FAIL-t0
2023-12-13 16:21:15,475 [s2@group-E2914A5A9028-LeaderElection10] INFO  impl.LeaderElection (LeaderElection.java:logAndReturn(93)) -   Response 1: s2<-s1#0:OK-t0
2023-12-13 16:21:15,475 [s2@group-E2914A5A9028-LeaderElection10] INFO  impl.LeaderElection (LeaderElection.java:askForVotes(323)) - s2@group-E2914A5A9028-LeaderElection10 PRE_VOTE round 0: result REJECTED
2023-12-13 16:21:15,476 [s2@group-E2914A5A9028-LeaderElection10] INFO  server.RaftServer$Division (RaftServerImpl.java:setRole(379)) - s2@group-E2914A5A9028: changes role from CANDIDATE to FOLLOWER at term 0 for REJECTED
2023-12-13 16:21:15,476 [s2@group-E2914A5A9028-LeaderElection10] INFO  impl.RoleInfo (RoleInfo.java:shutdownLeaderElection(130)) - s2: shutdown s2@group-E2914A5A9028-LeaderElection10
2023-12-13 16:21:15,476 [s2@group-E2914A5A9028-LeaderElection10] INFO  impl.RoleInfo (RoleInfo.java:updateAndGet(139)) - s2: start s2@group-E2914A5A9028-FollowerState
2023-12-13 16:21:15,476 [s2@group-E2914A5A9028-LeaderElection10] INFO  server.RaftServer$Division (RaftServerImpl.java:setFirstElection(564)) - s2@group-E2914A5A9028: set firstElectionSinceStartup to false for REJECTED
2023-12-13 16:21:15,753 [s0@group-E2914A5A9028-FollowerState] INFO  impl.FollowerState (FollowerState.java:run(143)) - s0@group-E2914A5A9028-FollowerState: change to CANDIDATE, lastRpcElapsedTime:1855530264ns, electionTimeout:1855ms
2023-12-13 16:21:15,753 [s0@group-E2914A5A9028-FollowerState] INFO  impl.RoleInfo (RoleInfo.java:shutdownFollowerState(110)) - s0: shutdown s0@group-E2914A5A9028-FollowerState
2023-12-13 16:21:15,753 [s0@group-E2914A5A9028-FollowerState] INFO  server.RaftServer$Division (RaftServerImpl.java:setRole(379)) - s0@group-E2914A5A9028: changes role from  FOLLOWER to CANDIDATE at term 0 for changeToCandidate
2023-12-13 16:21:15,753 [s0@group-E2914A5A9028-FollowerState] INFO  server.RaftServerConfigKeys (ConfUtils.java:logGet(46)) - raft.server.leaderelection.pre-vote = true (default)
2023-12-13 16:21:15,753 [s0@group-E2914A5A9028-FollowerState] INFO  impl.RoleInfo (RoleInfo.java:updateAndGet(139)) - s0: start s0@group-E2914A5A9028-LeaderElection11
2023-12-13 16:21:15,753 [s0@group-E2914A5A9028-LeaderElection11] INFO  impl.LeaderElection (LeaderElection.java:askForVotes(321)) - s0@group-E2914A5A9028-LeaderElection11 PRE_VOTE round 0: submit vote requests at term 0 for -1: peers:[s0|0.0.0.0:45531, s1|0.0.0.0:34859, s2|0.0.0.0:41623]|listeners:[], old=null
2023-12-13 16:21:15,754 [s0@group-E2914A5A9028-LeaderElection11-1] INFO  server.GrpcServerProtocolClient (GrpcServerProtocolClient.java:<init>(65)) - Build channel for s1
2023-12-13 16:21:15,754 [s0@group-E2914A5A9028-LeaderElection11] INFO  server.RaftServerConfigKeys (ConfUtils.java:logFallback(53)) - raft.server.rpc.first-election.timeout.min = 1500ms (fallback to raft.server.rpc.timeout.min)
2023-12-13 16:21:15,754 [s0@group-E2914A5A9028-LeaderElection11-2] INFO  server.GrpcServerProtocolClient (GrpcServerProtocolClient.java:<init>(65)) - Build channel for s2
2023-12-13 16:21:15,754 [s0@group-E2914A5A9028-LeaderElection11] INFO  server.RaftServerConfigKeys (ConfUtils.java:logFallback(53)) - raft.server.rpc.first-election.timeout.max = 2000ms (fallback to raft.server.rpc.timeout.max)
2023-12-13 16:21:15,758 [grpc-default-executor-12] INFO  server.RaftServer$Division (RaftServerImpl.java:requestVote(1377)) - s2@group-E2914A5A9028: receive requestVote(PRE_VOTE, s0, group-E2914A5A9028, 0, (t:0, i:0))
2023-12-13 16:21:15,758 [grpc-default-executor-7] INFO  server.RaftServer$Division (RaftServerImpl.java:requestVote(1377)) - s1@group-E2914A5A9028: receive requestVote(PRE_VOTE, s0, group-E2914A5A9028, 0, (t:0, i:0))
2023-12-13 16:21:15,758 [grpc-default-executor-12] INFO  impl.VoteContext (VoteContext.java:log(49)) - s2@group-E2914A5A9028-FOLLOWER: accept PRE_VOTE from s0: our priority 1 <= candidate's priority 2
2023-12-13 16:21:15,758 [grpc-default-executor-7] INFO  impl.VoteContext (VoteContext.java:log(49)) - s1@group-E2914A5A9028-FOLLOWER: accept PRE_VOTE from s0: our priority 1 <= candidate's priority 2
2023-12-13 16:21:15,758 [grpc-default-executor-12] INFO  server.RaftServer$Division (RaftServerImpl.java:requestVote(1410)) - s2@group-E2914A5A9028 replies to PRE_VOTE vote request: s0<-s2#0:OK-t0. Peer's state: s2@group-E2914A5A9028:t0, leader=null, voted=, raftlog=Memoized:s2@group-E2914A5A9028-SegmentedRaftLog:OPENED:c-1, conf=-1: peers:[s0|0.0.0.0:45531, s1|0.0.0.0:34859, s2|0.0.0.0:41623]|listeners:[], old=null
2023-12-13 16:21:15,758 [grpc-default-executor-7] INFO  server.RaftServer$Division (RaftServerImpl.java:requestVote(1410)) - s1@group-E2914A5A9028 replies to PRE_VOTE vote request: s0<-s1#0:OK-t0. Peer's state: s1@group-E2914A5A9028:t0, leader=null, voted=, raftlog=Memoized:s1@group-E2914A5A9028-SegmentedRaftLog:OPENED:c-1, conf=-1: peers:[s0|0.0.0.0:45531, s1|0.0.0.0:34859, s2|0.0.0.0:41623]|listeners:[], old=null
2023-12-13 16:21:15,759 [s0@group-E2914A5A9028-LeaderElection11] INFO  impl.LeaderElection (LeaderElection.java:logAndReturn(89)) - s0@group-E2914A5A9028-LeaderElection11: PRE_VOTE PASSED received 1 response(s) and 0 exception(s):
2023-12-13 16:21:15,759 [s0@group-E2914A5A9028-LeaderElection11] INFO  impl.LeaderElection (LeaderElection.java:logAndReturn(93)) -   Response 0: s0<-s2#0:OK-t0
2023-12-13 16:21:15,759 [s0@group-E2914A5A9028-LeaderElection11] INFO  impl.LeaderElection (LeaderElection.java:askForVotes(323)) - s0@group-E2914A5A9028-LeaderElection11 PRE_VOTE round 0: result PASSED
2023-12-13 16:21:15,759 [s0@group-E2914A5A9028-LeaderElection11] TRACE util.FileUtils (LogUtils.java:supplyAndLog(69)) - Successfully supplied FileChannel.open /home/runner/work/ratis/ratis/ratis-test/target/test/data/1e4ee837/MiniRaftClusterWithGrpcf3ee9cbd/s0/80bc3141-7c27-430b-8bc9-e2914a5a9028/current/raft-meta.tmp with options [CREATE, WRITE]: sun.nio.ch.FileChannelImpl@476589c8
2023-12-13 16:21:15,761 [s0@group-E2914A5A9028-LeaderElection11] TRACE util.FileUtils (LogUtils.java:runAndLog(49)) - Successfully ran Atomic Files.move /home/runner/work/ratis/ratis/ratis-test/target/test/data/1e4ee837/MiniRaftClusterWithGrpcf3ee9cbd/s0/80bc3141-7c27-430b-8bc9-e2914a5a9028/current/raft-meta.tmp to /home/runner/work/ratis/ratis/ratis-test/target/test/data/1e4ee837/MiniRaftClusterWithGrpcf3ee9cbd/s0/80bc3141-7c27-430b-8bc9-e2914a5a9028/current/raft-meta with options [REPLACE_EXISTING]
2023-12-13 16:21:15,761 [s0@group-E2914A5A9028-LeaderElection11] INFO  impl.LeaderElection (LeaderElection.java:askForVotes(321)) - s0@group-E2914A5A9028-LeaderElection11 ELECTION round 0: submit vote requests at term 1 for -1: peers:[s0|0.0.0.0:45531, s1|0.0.0.0:34859, s2|0.0.0.0:41623]|listeners:[], old=null
2023-12-13 16:21:15,761 [s0@group-E2914A5A9028-LeaderElection11] INFO  server.RaftServerConfigKeys (ConfUtils.java:logFallback(53)) - raft.server.rpc.first-election.timeout.min = 1500ms (fallback to raft.server.rpc.timeout.min)
2023-12-13 16:21:15,761 [s0@group-E2914A5A9028-LeaderElection11] INFO  server.RaftServerConfigKeys (ConfUtils.java:logFallback(53)) - raft.server.rpc.first-election.timeout.max = 2000ms (fallback to raft.server.rpc.timeout.max)
2023-12-13 16:21:15,762 [grpc-default-executor-12] INFO  server.RaftServer$Division (RaftServerImpl.java:requestVote(1377)) - s1@group-E2914A5A9028: receive requestVote(ELECTION, s0, group-E2914A5A9028, 1, (t:0, i:0))
2023-12-13 16:21:15,762 [grpc-default-executor-12] INFO  impl.VoteContext (VoteContext.java:log(49)) - s1@group-E2914A5A9028-FOLLOWER: accept ELECTION from s0: our priority 1 <= candidate's priority 2
2023-12-13 16:21:15,762 [grpc-default-executor-12] INFO  server.RaftServer$Division (RaftServerImpl.java:setRole(379)) - s1@group-E2914A5A9028: changes role from  FOLLOWER to FOLLOWER at term 1 for candidate:s0
2023-12-13 16:21:15,762 [grpc-default-executor-12] INFO  impl.RoleInfo (RoleInfo.java:shutdownFollowerState(110)) - s1: shutdown s1@group-E2914A5A9028-FollowerState
2023-12-13 16:21:15,762 [grpc-default-executor-12] INFO  impl.RoleInfo (RoleInfo.java:updateAndGet(139)) - s1: start s1@group-E2914A5A9028-FollowerState
2023-12-13 16:21:15,762 [s1@group-E2914A5A9028-FollowerState] INFO  impl.FollowerState (FollowerState.java:run(152)) - s1@group-E2914A5A9028-FollowerState was interrupted
2023-12-13 16:21:15,762 [grpc-default-executor-12] INFO  server.RaftServer$Division (RaftServerImpl.java:setFirstElection(564)) - s1@group-E2914A5A9028: set firstElectionSinceStartup to false for candidate:s0
2023-12-13 16:21:15,762 [grpc-default-executor-12] TRACE util.FileUtils (LogUtils.java:supplyAndLog(69)) - Successfully supplied FileChannel.open /home/runner/work/ratis/ratis/ratis-test/target/test/data/1e4ee837/MiniRaftClusterWithGrpcf3ee9cbd/s1/80bc3141-7c27-430b-8bc9-e2914a5a9028/current/raft-meta.tmp with options [CREATE, WRITE]: sun.nio.ch.FileChannelImpl@3e7777c7
2023-12-13 16:21:15,762 [grpc-default-executor-7] INFO  server.RaftServer$Division (RaftServerImpl.java:requestVote(1377)) - s2@group-E2914A5A9028: receive requestVote(ELECTION, s0, group-E2914A5A9028, 1, (t:0, i:0))
2023-12-13 16:21:15,762 [grpc-default-executor-7] INFO  impl.VoteContext (VoteContext.java:log(49)) - s2@group-E2914A5A9028-FOLLOWER: accept ELECTION from s0: our priority 1 <= candidate's priority 2
2023-12-13 16:21:15,762 [grpc-default-executor-7] INFO  server.RaftServer$Division (RaftServerImpl.java:setRole(379)) - s2@group-E2914A5A9028: changes role from  FOLLOWER to FOLLOWER at term 1 for candidate:s0
2023-12-13 16:21:15,762 [grpc-default-executor-7] INFO  impl.RoleInfo (RoleInfo.java:shutdownFollowerState(110)) - s2: shutdown s2@group-E2914A5A9028-FollowerState
2023-12-13 16:21:15,762 [grpc-default-executor-7] INFO  impl.RoleInfo (RoleInfo.java:updateAndGet(139)) - s2: start s2@group-E2914A5A9028-FollowerState
2023-12-13 16:21:15,763 [s2@group-E2914A5A9028-FollowerState] INFO  impl.FollowerState (FollowerState.java:run(152)) - s2@group-E2914A5A9028-FollowerState was interrupted
2023-12-13 16:21:15,763 [grpc-default-executor-7] TRACE util.FileUtils (LogUtils.java:supplyAndLog(69)) - Successfully supplied FileChannel.open /home/runner/work/ratis/ratis/ratis-test/target/test/data/1e4ee837/MiniRaftClusterWithGrpcf3ee9cbd/s2/80bc3141-7c27-430b-8bc9-e2914a5a9028/current/raft-meta.tmp with options [CREATE, WRITE]: sun.nio.ch.FileChannelImpl@724209c2
2023-12-13 16:21:15,763 [grpc-default-executor-12] TRACE util.FileUtils (LogUtils.java:runAndLog(49)) - Successfully ran Atomic Files.move /home/runner/work/ratis/ratis/ratis-test/target/test/data/1e4ee837/MiniRaftClusterWithGrpcf3ee9cbd/s1/80bc3141-7c27-430b-8bc9-e2914a5a9028/current/raft-meta.tmp to /home/runner/work/ratis/ratis/ratis-test/target/test/data/1e4ee837/MiniRaftClusterWithGrpcf3ee9cbd/s1/80bc3141-7c27-430b-8bc9-e2914a5a9028/current/raft-meta with options [REPLACE_EXISTING]
2023-12-13 16:21:15,764 [grpc-default-executor-12] INFO  server.RaftServer$Division (RaftServerImpl.java:requestVote(1410)) - s1@group-E2914A5A9028 replies to ELECTION vote request: s0<-s1#0:OK-t1. Peer's state: s1@group-E2914A5A9028:t1, leader=null, voted=s0, raftlog=Memoized:s1@group-E2914A5A9028-SegmentedRaftLog:OPENED:c-1, conf=-1: peers:[s0|0.0.0.0:45531, s1|0.0.0.0:34859, s2|0.0.0.0:41623]|listeners:[], old=null
2023-12-13 16:21:15,764 [grpc-default-executor-7] TRACE util.FileUtils (LogUtils.java:runAndLog(49)) - Successfully ran Atomic Files.move /home/runner/work/ratis/ratis/ratis-test/target/test/data/1e4ee837/MiniRaftClusterWithGrpcf3ee9cbd/s2/80bc3141-7c27-430b-8bc9-e2914a5a9028/current/raft-meta.tmp to /home/runner/work/ratis/ratis/ratis-test/target/test/data/1e4ee837/MiniRaftClusterWithGrpcf3ee9cbd/s2/80bc3141-7c27-430b-8bc9-e2914a5a9028/current/raft-meta with options [REPLACE_EXISTING]
2023-12-13 16:21:15,764 [grpc-default-executor-7] INFO  server.RaftServer$Division (RaftServerImpl.java:requestVote(1410)) - s2@group-E2914A5A9028 replies to ELECTION vote request: s0<-s2#0:OK-t1. Peer's state: s2@group-E2914A5A9028:t1, leader=null, voted=s0, raftlog=Memoized:s2@group-E2914A5A9028-SegmentedRaftLog:OPENED:c-1, conf=-1: peers:[s0|0.0.0.0:45531, s1|0.0.0.0:34859, s2|0.0.0.0:41623]|listeners:[], old=null
2023-12-13 16:21:15,764 [s0@group-E2914A5A9028-LeaderElection11] INFO  impl.LeaderElection (LeaderElection.java:logAndReturn(89)) - s0@group-E2914A5A9028-LeaderElection11: ELECTION PASSED received 1 response(s) and 0 exception(s):
2023-12-13 16:21:15,764 [s0@group-E2914A5A9028-LeaderElection11] INFO  impl.LeaderElection (LeaderElection.java:logAndReturn(93)) -   Response 0: s0<-s1#0:OK-t1
2023-12-13 16:21:15,764 [s0@group-E2914A5A9028-LeaderElection11] INFO  impl.LeaderElection (LeaderElection.java:askForVotes(323)) - s0@group-E2914A5A9028-LeaderElection11 ELECTION round 0: result PASSED
2023-12-13 16:21:15,764 [s0@group-E2914A5A9028-LeaderElection11] INFO  impl.RoleInfo (RoleInfo.java:shutdownLeaderElection(130)) - s0: shutdown s0@group-E2914A5A9028-LeaderElection11
2023-12-13 16:21:15,764 [s0@group-E2914A5A9028-LeaderElection11] INFO  server.RaftServer$Division (RaftServerImpl.java:setRole(379)) - s0@group-E2914A5A9028: changes role from CANDIDATE to LEADER at term 1 for changeToLeader
2023-12-13 16:21:15,764 [s0@group-E2914A5A9028-LeaderElection11] INFO  server.RaftServerConfigKeys (ConfUtils.java:logGet(46)) - raft.server.staging.catchup.gap = 1000 (default)
2023-12-13 16:21:15,764 [s0@group-E2914A5A9028-LeaderElection11] INFO  server.RaftServerConfigKeys (ConfUtils.java:logGet(46)) - raft.server.write.element-limit = 4096 (default)
2023-12-13 16:21:15,764 [s0@group-E2914A5A9028-LeaderElection11] INFO  server.RaftServerConfigKeys (ConfUtils.java:logGet(46)) - raft.server.write.byte-limit = 64MB (=67108864) (default)
2023-12-13 16:21:15,764 [s0@group-E2914A5A9028-LeaderElection11] INFO  server.RaftServerConfigKeys (ConfUtils.java:logGet(46)) - raft.server.watch.timeout = 10s (default)
2023-12-13 16:21:15,764 [s0@group-E2914A5A9028-LeaderElection11] INFO  server.RaftServerConfigKeys (ConfUtils.java:logGet(46)) - raft.server.watch.timeout.denomination = 1s (default)
2023-12-13 16:21:15,764 [s0@group-E2914A5A9028-LeaderElection11] INFO  server.RaftServerConfigKeys (ConfUtils.java:logGet(46)) - raft.server.watch.element-limit = 65536 (default)
2023-12-13 16:21:15,764 [s0@group-E2914A5A9028-LeaderElection11] INFO  server.RaftServerConfigKeys (ConfUtils.java:logGet(46)) - raft.server.read.leader.lease.enabled = false (default)
2023-12-13 16:21:15,765 [s0@group-E2914A5A9028-LeaderElection11] INFO  server.RaftServerConfigKeys (ConfUtils.java:logGet(46)) - raft.server.read.leader.lease.timeout.ratio = 0.9 (default)
2023-12-13 16:21:15,765 [s0@group-E2914A5A9028-LeaderElection11] INFO  server.RaftServerConfigKeys (ConfUtils.java:logGet(46)) - raft.server.rpc.timeout.min = 1500ms (custom)
2023-12-13 16:21:15,765 [s0@group-E2914A5A9028-LeaderElection11] INFO  server.RaftServerConfigKeys (ConfUtils.java:logGet(46)) - raft.server.write.element-limit = 4096 (default)
2023-12-13 16:21:15,765 [s0@group-E2914A5A9028-LeaderElection11] INFO  server.RaftServerConfigKeys (ConfUtils.java:logGet(46)) - raft.server.write.follower.gap.ratio.max = -1.0 (default)
2023-12-13 16:21:15,765 [s0@group-E2914A5A9028-LeaderElection11] INFO  server.RaftServerConfigKeys (ConfUtils.java:logGet(46)) - raft.server.log.appender.snapshot.chunk.size.max = 16MB (=16777216) (default)
2023-12-13 16:21:15,765 [s0@group-E2914A5A9028-LeaderElection11] INFO  server.RaftServerConfigKeys (ConfUtils.java:logGet(46)) - raft.server.log.appender.buffer.byte-limit = 4MB (=4194304) (default)
2023-12-13 16:21:15,765 [s0@group-E2914A5A9028-LeaderElection11] INFO  server.RaftServerConfigKeys (ConfUtils.java:logGet(46)) - raft.server.log.appender.buffer.element-limit = 0 (default)
2023-12-13 16:21:15,765 [s0@group-E2914A5A9028-LeaderElection11] INFO  server.RaftServerConfigKeys (ConfUtils.java:logGet(46)) - raft.server.log.appender.wait-time.min = 1ms (default)
2023-12-13 16:21:15,765 [s0@group-E2914A5A9028-LeaderElection11] INFO  grpc.GrpcConfigKeys (ConfUtils.java:logGet(46)) - raft.grpc.server.leader.outstanding.appends.max = 8 (default)
2023-12-13 16:21:15,765 [s0@group-E2914A5A9028-LeaderElection11] INFO  server.RaftServerConfigKeys (ConfUtils.java:logGet(46)) - raft.server.rpc.request.timeout = 3000ms (default)
2023-12-13 16:21:15,765 [s0@group-E2914A5A9028-LeaderElection11] INFO  grpc.GrpcConfigKeys (ConfUtils.java:logGet(46)) - raft.grpc.server.install_snapshot.request.element-limit = 8 (default)
2023-12-13 16:21:15,765 [s0@group-E2914A5A9028-LeaderElection11] INFO  grpc.GrpcConfigKeys (ConfUtils.java:logGet(46)) - raft.grpc.server.install_snapshot.request.timeout = 3000ms (default)
2023-12-13 16:21:15,765 [s0@group-E2914A5A9028-LeaderElection11] INFO  server.RaftServerConfigKeys (ConfUtils.java:logGet(46)) - raft.server.log.appender.install.snapshot.enabled = true (default)
2023-12-13 16:21:15,765 [s0@group-E2914A5A9028-LeaderElection11] INFO  grpc.GrpcConfigKeys (ConfUtils.java:logGet(46)) - raft.grpc.server.heartbeat.channel = true (default)
2023-12-13 16:21:15,765 [s0@group-E2914A5A9028-LeaderElection11] INFO  server.RaftServerConfigKeys (ConfUtils.java:logGet(46)) - raft.server.log.appender.snapshot.chunk.size.max = 16MB (=16777216) (default)
2023-12-13 16:21:15,765 [s0@group-E2914A5A9028-LeaderElection11] INFO  server.RaftServerConfigKeys (ConfUtils.java:logGet(46)) - raft.server.log.appender.buffer.byte-limit = 4MB (=4194304) (default)
2023-12-13 16:21:15,765 [s0@group-E2914A5A9028-LeaderElection11] INFO  server.RaftServerConfigKeys (ConfUtils.java:logGet(46)) - raft.server.log.appender.buffer.element-limit = 0 (default)
2023-12-13 16:21:15,765 [s0@group-E2914A5A9028-LeaderElection11] INFO  server.RaftServerConfigKeys (ConfUtils.java:logGet(46)) - raft.server.log.appender.wait-time.min = 1ms (default)
2023-12-13 16:21:15,765 [s0@group-E2914A5A9028-LeaderElection11] INFO  grpc.GrpcConfigKeys (ConfUtils.java:logGet(46)) - raft.grpc.server.leader.outstanding.appends.max = 8 (default)
2023-12-13 16:21:15,765 [s0@group-E2914A5A9028-LeaderElection11] INFO  server.RaftServerConfigKeys (ConfUtils.java:logGet(46)) - raft.server.rpc.request.timeout = 3000ms (default)
2023-12-13 16:21:15,765 [s0@group-E2914A5A9028-LeaderElection11] INFO  grpc.GrpcConfigKeys (ConfUtils.java:logGet(46)) - raft.grpc.server.install_snapshot.request.element-limit = 8 (default)
2023-12-13 16:21:15,765 [s0@group-E2914A5A9028-LeaderElection11] INFO  grpc.GrpcConfigKeys (ConfUtils.java:logGet(46)) - raft.grpc.server.install_snapshot.request.timeout = 3000ms (default)
2023-12-13 16:21:15,765 [s0@group-E2914A5A9028-LeaderElection11] INFO  server.RaftServerConfigKeys (ConfUtils.java:logGet(46)) - raft.server.log.appender.install.snapshot.enabled = true (default)
2023-12-13 16:21:15,765 [s0@group-E2914A5A9028-LeaderElection11] INFO  grpc.GrpcConfigKeys (ConfUtils.java:logGet(46)) - raft.grpc.server.heartbeat.channel = true (default)
2023-12-13 16:21:15,765 [s0@group-E2914A5A9028-LeaderElection11] INFO  impl.RoleInfo (RoleInfo.java:updateAndGet(139)) - s0: start s0@group-E2914A5A9028-LeaderStateImpl
2023-12-13 16:21:15,765 [s0@group-E2914A5A9028-LeaderElection11] INFO  server.RaftServer$Division (RaftServerImpl.java:setFirstElection(564)) - s0@group-E2914A5A9028: set firstElectionSinceStartup to false for becomeLeader
2023-12-13 16:21:15,765 [s0@group-E2914A5A9028-LeaderElection11] INFO  server.RaftServer$Division (ServerState.java:setLeader(265)) - s0@group-E2914A5A9028: change Leader from null to s0 at term 1 for becomeLeader, leader elected after 1874ms
2023-12-13 16:21:15,766 [s0@group-E2914A5A9028-LeaderElection11] INFO  segmented.SegmentedRaftLogWorker (SegmentedRaftLogWorker.java:startLogSegment(430)) - s0@group-E2914A5A9028-SegmentedRaftLogWorker: Starting segment from index:0
2023-12-13 16:21:15,766 [s0@group-E2914A5A9028-SegmentedRaftLogWorker] INFO  segmented.BufferedWriteChannel (BufferedWriteChannel.java:open(62)) - open log_inprogress_0 at position 0
2023-12-13 16:21:15,766 [s0@group-E2914A5A9028-LeaderElection11] INFO  server.RaftServer$Division (ServerState.java:setRaftConf(382)) - s0@group-E2914A5A9028: set configuration 0: peers:[s0|0.0.0.0:45531, s1|0.0.0.0:34859, s2|0.0.0.0:41623]|listeners:[], old=null
2023-12-13 16:21:15,773 [s1-server-thread1] INFO  server.RaftServer$Division (ServerState.java:setLeader(265)) - s1@group-E2914A5A9028: change Leader from null to s0 at term 1 for appendEntries, leader elected after 1871ms
2023-12-13 16:21:15,773 [s2-server-thread1] INFO  server.RaftServer$Division (ServerState.java:setLeader(265)) - s2@group-E2914A5A9028: change Leader from null to s0 at term 1 for appendEntries, leader elected after 1862ms
2023-12-13 16:21:15,774 [s0@group-E2914A5A9028-SegmentedRaftLogWorker] INFO  segmented.SegmentedRaftLogWorker (SegmentedRaftLogWorker.java:execute(634)) - s0@group-E2914A5A9028-SegmentedRaftLogWorker: created new log segment /home/runner/work/ratis/ratis/ratis-test/target/test/data/1e4ee837/MiniRaftClusterWithGrpcf3ee9cbd/s0/80bc3141-7c27-430b-8bc9-e2914a5a9028/current/log_inprogress_0
2023-12-13 16:21:15,778 [s1-server-thread2] DEBUG server.RaftServer$Division (RaftServerImpl.java:logAppendEntries(1504)) - s1@group-E2914A5A9028: receive appendEntries(s0, 1, null, -1, false, commits:[s0:c-1, s1:c-1, s2:c-1], cId:1, entries: [(t:1, i:0), CONFIGURATIONENTRY(current:id: "s0"
address: "0.0.0.0:45531"
priority: 2
clientAddress: "0.0.0.0:45531"
adminAddress: "0.0.0.0:45531"
startupRole: FOLLOWER
,id: "s1"
address: "0.0.0.0:34859"
priority: 1
clientAddress: "0.0.0.0:34859"
adminAddress: "0.0.0.0:34859"
startupRole: FOLLOWER
,id: "s2"
address: "0.0.0.0:41623"
priority: 1
clientAddress: "0.0.0.0:41623"
adminAddress: "0.0.0.0:41623"
startupRole: FOLLOWER
, old:)]
2023-12-13 16:21:15,778 [s2-server-thread1] DEBUG server.RaftServer$Division (RaftServerImpl.java:logAppendEntries(1504)) - s2@group-E2914A5A9028: receive appendEntries(s0, 1, null, -1, false, commits:[s0:c-1, s1:c-1, s2:c-1], cId:1, entries: [(t:1, i:0), CONFIGURATIONENTRY(current:id: "s0"
address: "0.0.0.0:45531"
priority: 2
clientAddress: "0.0.0.0:45531"
adminAddress: "0.0.0.0:45531"
startupRole: FOLLOWER
,id: "s1"
address: "0.0.0.0:34859"
priority: 1
clientAddress: "0.0.0.0:34859"
adminAddress: "0.0.0.0:34859"
startupRole: FOLLOWER
,id: "s2"
address: "0.0.0.0:41623"
priority: 1
clientAddress: "0.0.0.0:41623"
adminAddress: "0.0.0.0:41623"
startupRole: FOLLOWER
, old:)]
2023-12-13 16:21:15,778 [s2-server-thread1] INFO  server.RaftServer$Division (ServerState.java:setRaftConf(382)) - s2@group-E2914A5A9028: set configuration 0: peers:[s0|0.0.0.0:45531, s1|0.0.0.0:34859, s2|0.0.0.0:41623]|listeners:[], old=null
2023-12-13 16:21:15,778 [s2-server-thread1] INFO  segmented.SegmentedRaftLogWorker (SegmentedRaftLogWorker.java:startLogSegment(430)) - s2@group-E2914A5A9028-SegmentedRaftLogWorker: Starting segment from index:0
2023-12-13 16:21:15,778 [s2@group-E2914A5A9028-SegmentedRaftLogWorker] INFO  segmented.BufferedWriteChannel (BufferedWriteChannel.java:open(62)) - open log_inprogress_0 at position 0
2023-12-13 16:21:15,780 [s1-server-thread2] INFO  server.RaftServer$Division (ServerState.java:setRaftConf(382)) - s1@group-E2914A5A9028: set configuration 0: peers:[s0|0.0.0.0:45531, s1|0.0.0.0:34859, s2|0.0.0.0:41623]|listeners:[], old=null
2023-12-13 16:21:15,780 [s1-server-thread2] INFO  segmented.SegmentedRaftLogWorker (SegmentedRaftLogWorker.java:startLogSegment(430)) - s1@group-E2914A5A9028-SegmentedRaftLogWorker: Starting segment from index:0
2023-12-13 16:21:15,780 [s1@group-E2914A5A9028-SegmentedRaftLogWorker] INFO  segmented.BufferedWriteChannel (BufferedWriteChannel.java:open(62)) - open log_inprogress_0 at position 0
2023-12-13 16:21:15,789 [s2@group-E2914A5A9028-SegmentedRaftLogWorker] INFO  segmented.SegmentedRaftLogWorker (SegmentedRaftLogWorker.java:execute(634)) - s2@group-E2914A5A9028-SegmentedRaftLogWorker: created new log segment /home/runner/work/ratis/ratis/ratis-test/target/test/data/1e4ee837/MiniRaftClusterWithGrpcf3ee9cbd/s2/80bc3141-7c27-430b-8bc9-e2914a5a9028/current/log_inprogress_0
2023-12-13 16:21:15,789 [s1@group-E2914A5A9028-SegmentedRaftLogWorker] INFO  segmented.SegmentedRaftLogWorker (SegmentedRaftLogWorker.java:execute(634)) - s1@group-E2914A5A9028-SegmentedRaftLogWorker: created new log segment /home/runner/work/ratis/ratis/ratis-test/target/test/data/1e4ee837/MiniRaftClusterWithGrpcf3ee9cbd/s1/80bc3141-7c27-430b-8bc9-e2914a5a9028/current/log_inprogress_0
2023-12-13 16:21:15,789 [s2-server-thread1] DEBUG server.RaftServer$Division (RaftServerImpl.java:logAppendEntries(1504)) - s2@group-E2914A5A9028: succeeded to handle AppendEntries. Reply: s0<-s2#1:OK-t1,SUCCESS,nextIndex=1,followerCommit=-1,matchIndex=0
2023-12-13 16:21:15,790 [s1-server-thread2] DEBUG server.RaftServer$Division (RaftServerImpl.java:logAppendEntries(1504)) - s1@group-E2914A5A9028: succeeded to handle AppendEntries. Reply: s0<-s1#1:OK-t1,SUCCESS,nextIndex=1,followerCommit=-1,matchIndex=0
2023-12-13 16:21:15,790 [s0@group-E2914A5A9028-StateMachineUpdater] TRACE util.FileUtils (LogUtils.java:supplyAndLog(69)) - Successfully supplied FileChannel.open /home/runner/work/ratis/ratis/ratis-test/target/test/data/1e4ee837/MiniRaftClusterWithGrpcf3ee9cbd/s0/80bc3141-7c27-430b-8bc9-e2914a5a9028/current/raft-meta.conf.tmp with options [CREATE, WRITE]: sun.nio.ch.FileChannelImpl@2014940d
2023-12-13 16:21:15,791 [s0@group-E2914A5A9028-StateMachineUpdater] TRACE util.FileUtils (LogUtils.java:runAndLog(49)) - Successfully ran Atomic Files.move /home/runner/work/ratis/ratis/ratis-test/target/test/data/1e4ee837/MiniRaftClusterWithGrpcf3ee9cbd/s0/80bc3141-7c27-430b-8bc9-e2914a5a9028/current/raft-meta.conf.tmp to /home/runner/work/ratis/ratis/ratis-test/target/test/data/1e4ee837/MiniRaftClusterWithGrpcf3ee9cbd/s0/80bc3141-7c27-430b-8bc9-e2914a5a9028/current/raft-meta.conf with options [REPLACE_EXISTING]
2023-12-13 16:21:15,791 [s0@group-E2914A5A9028-StateMachineUpdater] INFO  server.RaftServer$Division (LeaderStateImpl.java:isApplied(320)) - leader is ready since appliedIndex == 0 >= startIndex == 0
2023-12-13 16:21:16,542 [s1@group-E2914A5A9028-StateMachineUpdater] TRACE util.FileUtils (LogUtils.java:supplyAndLog(69)) - Successfully supplied FileChannel.open /home/runner/work/ratis/ratis/ratis-test/target/test/data/1e4ee837/MiniRaftClusterWithGrpcf3ee9cbd/s1/80bc3141-7c27-430b-8bc9-e2914a5a9028/current/raft-meta.conf.tmp with options [CREATE, WRITE]: sun.nio.ch.FileChannelImpl@40eb3791
2023-12-13 16:21:16,542 [s2@group-E2914A5A9028-StateMachineUpdater] TRACE util.FileUtils (LogUtils.java:supplyAndLog(69)) - Successfully supplied FileChannel.open /home/runner/work/ratis/ratis/ratis-test/target/test/data/1e4ee837/MiniRaftClusterWithGrpcf3ee9cbd/s2/80bc3141-7c27-430b-8bc9-e2914a5a9028/current/raft-meta.conf.tmp with options [CREATE, WRITE]: sun.nio.ch.FileChannelImpl@158d3a1f
2023-12-13 16:21:16,544 [s2@group-E2914A5A9028-StateMachineUpdater] TRACE util.FileUtils (LogUtils.java:runAndLog(49)) - Successfully ran Atomic Files.move /home/runner/work/ratis/ratis/ratis-test/target/test/data/1e4ee837/MiniRaftClusterWithGrpcf3ee9cbd/s2/80bc3141-7c27-430b-8bc9-e2914a5a9028/current/raft-meta.conf.tmp to /home/runner/work/ratis/ratis/ratis-test/target/test/data/1e4ee837/MiniRaftClusterWithGrpcf3ee9cbd/s2/80bc3141-7c27-430b-8bc9-e2914a5a9028/current/raft-meta.conf with options [REPLACE_EXISTING]
2023-12-13 16:21:16,544 [s1@group-E2914A5A9028-StateMachineUpdater] TRACE util.FileUtils (LogUtils.java:runAndLog(49)) - Successfully ran Atomic Files.move /home/runner/work/ratis/ratis/ratis-test/target/test/data/1e4ee837/MiniRaftClusterWithGrpcf3ee9cbd/s1/80bc3141-7c27-430b-8bc9-e2914a5a9028/current/raft-meta.conf.tmp to /home/runner/work/ratis/ratis/ratis-test/target/test/data/1e4ee837/MiniRaftClusterWithGrpcf3ee9cbd/s1/80bc3141-7c27-430b-8bc9-e2914a5a9028/current/raft-meta.conf with options [REPLACE_EXISTING]
2023-12-13 16:21:16,921 [Time-limited test] INFO  ratis.RaftTestUtil (RaftTestUtil.java:waitForLeader(124)) - printing group-E2914A5A9028
  s0:  RUNNING    LEADER s0@group-E2914A5A9028:t1, leader=s0, voted=s0, raftlog=Memoized:s0@group-E2914A5A9028-SegmentedRaftLog:OPENED:c0, conf=0: peers:[s0|0.0.0.0:45531, s1|0.0.0.0:34859, s2|0.0.0.0:41623]|listeners:[], old=null RUNNING
  s1:  RUNNING  FOLLOWER s1@group-E2914A5A9028:t1, leader=s0, voted=s0, raftlog=Memoized:s1@group-E2914A5A9028-SegmentedRaftLog:OPENED:c0, conf=0: peers:[s0|0.0.0.0:45531, s1|0.0.0.0:34859, s2|0.0.0.0:41623]|listeners:[], old=null RUNNING
  s2:  RUNNING  FOLLOWER s2@group-E2914A5A9028:t1, leader=s0, voted=s0, raftlog=Memoized:s2@group-E2914A5A9028-SegmentedRaftLog:OPENED:c0, conf=0: peers:[s0|0.0.0.0:45531, s1|0.0.0.0:34859, s2|0.0.0.0:41623]|listeners:[], old=null RUNNING
2023-12-13 16:21:16,923 [Time-limited test] INFO  util.CodeInjectionForTesting (BlockRequestHandlingInjection.java:blockRequestor(49)) - Block requestor s0
2023-12-13 16:21:16,923 [Time-limited test] INFO  util.CodeInjectionForTesting (BlockRequestHandlingInjection.java:blockRequestor(49)) - Block requestor s0
2023-12-13 16:21:16,923 [Time-limited test] INFO  server.RaftServerConfigKeys (ConfUtils.java:logGet(46)) - raft.server.rpc.timeout.max = 2000ms (custom)
2023-12-13 16:21:16,923 [Time-limited test] INFO  ratis.RaftTestUtil (RaftTestUtil.java:waitForLeader(100)) - printing group-E2914A5A9028
  s0:  RUNNING    LEADER s0@group-E2914A5A9028:t1, leader=s0, voted=s0, raftlog=Memoized:s0@group-E2914A5A9028-SegmentedRaftLog:OPENED:c0, conf=0: peers:[s0|0.0.0.0:45531, s1|0.0.0.0:34859, s2|0.0.0.0:41623]|listeners:[], old=null RUNNING
  s1:  RUNNING  FOLLOWER s1@group-E2914A5A9028:t1, leader=s0, voted=s0, raftlog=Memoized:s1@group-E2914A5A9028-SegmentedRaftLog:OPENED:c0, conf=0: peers:[s0|0.0.0.0:45531, s1|0.0.0.0:34859, s2|0.0.0.0:41623]|listeners:[], old=null RUNNING
  s2:  RUNNING  FOLLOWER s2@group-E2914A5A9028:t1, leader=s0, voted=s0, raftlog=Memoized:s2@group-E2914A5A9028-SegmentedRaftLog:OPENED:c0, conf=0: peers:[s0|0.0.0.0:45531, s1|0.0.0.0:34859, s2|0.0.0.0:41623]|listeners:[], old=null RUNNING
2023-12-13 16:21:16,923 [Time-limited test] INFO  ratis.RaftTestUtil (RaftTestUtil.java:waitForLeader(124)) - printing group-E2914A5A9028
  s0:  RUNNING    LEADER s0@group-E2914A5A9028:t1, leader=s0, voted=s0, raftlog=Memoized:s0@group-E2914A5A9028-SegmentedRaftLog:OPENED:c0, conf=0: peers:[s0|0.0.0.0:45531, s1|0.0.0.0:34859, s2|0.0.0.0:41623]|listeners:[], old=null RUNNING
  s1:  RUNNING  FOLLOWER s1@group-E2914A5A9028:t1, leader=s0, voted=s0, raftlog=Memoized:s1@group-E2914A5A9028-SegmentedRaftLog:OPENED:c0, conf=0: peers:[s0|0.0.0.0:45531, s1|0.0.0.0:34859, s2|0.0.0.0:41623]|listeners:[], old=null RUNNING
  s2:  RUNNING  FOLLOWER s2@group-E2914A5A9028:t1, leader=s0, voted=s0, raftlog=Memoized:s2@group-E2914A5A9028-SegmentedRaftLog:OPENED:c0, conf=0: peers:[s0|0.0.0.0:45531, s1|0.0.0.0:34859, s2|0.0.0.0:41623]|listeners:[], old=null RUNNING
2023-12-13 16:21:16,923 [Time-limited test] WARN  impl.GroupManagementBaseTest (JavaUtils.java:attempt(231)) - FAILED "testMultiGroupWithPriority", attempt #1/10: java.lang.AssertionError, sleep 1s and then retry.
java.lang.AssertionError
	at org.junit.Assert.fail(Assert.java:87)
	at org.junit.Assert.assertTrue(Assert.java:42)
	at org.junit.Assert.assertTrue(Assert.java:53)
	at org.apache.ratis.server.impl.GroupManagementBaseTest.lambda$testGroupWithPriority$2(GroupManagementBaseTest.java:131)
	at org.apache.ratis.util.function.CheckedRunnable.lambda$asCheckedSupplier$0(CheckedRunnable.java:32)
	at org.apache.ratis.util.JavaUtils.lambda$attempt$7(JavaUtils.java:212)
	at org.apache.ratis.util.JavaUtils.attempt(JavaUtils.java:225)
	at org.apache.ratis.util.JavaUtils.attempt(JavaUtils.java:212)
	at org.apache.ratis.util.JavaUtils.attemptRepeatedly(JavaUtils.java:204)
	at org.apache.ratis.util.JavaUtils.attempt(JavaUtils.java:245)
	at org.apache.ratis.server.impl.GroupManagementBaseTest.testGroupWithPriority(GroupManagementBaseTest.java:129)
	at java.base/jdk.internal.reflect.NativeMethodAccessorImpl.invoke0(Native Method)
	at java.base/jdk.internal.reflect.NativeMethodAccessorImpl.invoke(NativeMethodAccessorImpl.java:62)
	at java.base/jdk.internal.reflect.DelegatingMethodAccessorImpl.invoke(DelegatingMethodAccessorImpl.java:43)
	at java.base/java.lang.reflect.Method.invoke(Method.java:566)
	at org.junit.runners.model.FrameworkMethod$1.runReflectiveCall(FrameworkMethod.java:59)
	at org.junit.internal.runners.model.ReflectiveCallable.run(ReflectiveCallable.java:12)
	at org.junit.runners.model.FrameworkMethod.invokeExplosively(FrameworkMethod.java:56)
	at org.junit.internal.runners.statements.InvokeMethod.evaluate(InvokeMethod.java:17)
	at org.junit.internal.runners.statements.RunAfters.evaluate(RunAfters.java:27)
	at org.junit.internal.runners.statements.FailOnTimeout$CallableStatement.call(FailOnTimeout.java:299)
	at org.junit.internal.runners.statements.FailOnTimeout$CallableStatement.call(FailOnTimeout.java:293)
	at java.base/java.util.concurrent.FutureTask.run(FutureTask.java:264)
	at java.base/java.lang.Thread.run(Thread.java:829)
2023-12-13 16:21:17,293 [s1-server-thread1] INFO  util.CodeInjectionForTesting (BlockRequestHandlingInjection.java:execute(77)) - s1: Block request from s0
2023-12-13 16:21:17,294 [s2-server-thread2] INFO  util.CodeInjectionForTesting (BlockRequestHandlingInjection.java:execute(77)) - s2: Block request from s0
2023-12-13 16:21:17,924 [Time-limited test] INFO  server.RaftServerConfigKeys (ConfUtils.java:logGet(46)) - raft.server.rpc.timeout.max = 2000ms (custom)
2023-12-13 16:21:17,924 [Time-limited test] INFO  ratis.RaftTestUtil (RaftTestUtil.java:waitForLeader(100)) - printing group-E2914A5A9028
  s0:  RUNNING    LEADER s0@group-E2914A5A9028:t1, leader=s0, voted=s0, raftlog=Memoized:s0@group-E2914A5A9028-SegmentedRaftLog:OPENED:c0, conf=0: peers:[s0|0.0.0.0:45531, s1|0.0.0.0:34859, s2|0.0.0.0:41623]|listeners:[], old=null RUNNING
  s1:  RUNNING  FOLLOWER s1@group-E2914A5A9028:t1, leader=s0, voted=s0, raftlog=Memoized:s1@group-E2914A5A9028-SegmentedRaftLog:OPENED:c0, conf=0: peers:[s0|0.0.0.0:45531, s1|0.0.0.0:34859, s2|0.0.0.0:41623]|listeners:[], old=null RUNNING
  s2:  RUNNING  FOLLOWER s2@group-E2914A5A9028:t1, leader=s0, voted=s0, raftlog=Memoized:s2@group-E2914A5A9028-SegmentedRaftLog:OPENED:c0, conf=0: peers:[s0|0.0.0.0:45531, s1|0.0.0.0:34859, s2|0.0.0.0:41623]|listeners:[], old=null RUNNING
2023-12-13 16:21:17,924 [Time-limited test] INFO  ratis.RaftTestUtil (RaftTestUtil.java:waitForLeader(124)) - printing group-E2914A5A9028
  s0:  RUNNING    LEADER s0@group-E2914A5A9028:t1, leader=s0, voted=s0, raftlog=Memoized:s0@group-E2914A5A9028-SegmentedRaftLog:OPENED:c0, conf=0: peers:[s0|0.0.0.0:45531, s1|0.0.0.0:34859, s2|0.0.0.0:41623]|listeners:[], old=null RUNNING
  s1:  RUNNING  FOLLOWER s1@group-E2914A5A9028:t1, leader=s0, voted=s0, raftlog=Memoized:s1@group-E2914A5A9028-SegmentedRaftLog:OPENED:c0, conf=0: peers:[s0|0.0.0.0:45531, s1|0.0.0.0:34859, s2|0.0.0.0:41623]|listeners:[], old=null RUNNING
  s2:  RUNNING  FOLLOWER s2@group-E2914A5A9028:t1, leader=s0, voted=s0, raftlog=Memoized:s2@group-E2914A5A9028-SegmentedRaftLog:OPENED:c0, conf=0: peers:[s0|0.0.0.0:45531, s1|0.0.0.0:34859, s2|0.0.0.0:41623]|listeners:[], old=null RUNNING
2023-12-13 16:21:17,924 [Time-limited test] WARN  impl.GroupManagementBaseTest (JavaUtils.java:attempt(231)) - FAILED "testMultiGroupWithPriority", attempt #2/10: java.lang.AssertionError, sleep 1s and then retry.
java.lang.AssertionError
	at org.junit.Assert.fail(Assert.java:87)
	at org.junit.Assert.assertTrue(Assert.java:42)
	at org.junit.Assert.assertTrue(Assert.java:53)
	at org.apache.ratis.server.impl.GroupManagementBaseTest.lambda$testGroupWithPriority$2(GroupManagementBaseTest.java:131)
	at org.apache.ratis.util.function.CheckedRunnable.lambda$asCheckedSupplier$0(CheckedRunnable.java:32)
	at org.apache.ratis.util.JavaUtils.lambda$attempt$7(JavaUtils.java:212)
	at org.apache.ratis.util.JavaUtils.attempt(JavaUtils.java:225)
	at org.apache.ratis.util.JavaUtils.attempt(JavaUtils.java:212)
	at org.apache.ratis.util.JavaUtils.attemptRepeatedly(JavaUtils.java:204)
	at org.apache.ratis.util.JavaUtils.attempt(JavaUtils.java:245)
	at org.apache.ratis.server.impl.GroupManagementBaseTest.testGroupWithPriority(GroupManagementBaseTest.java:129)
	at java.base/jdk.internal.reflect.NativeMethodAccessorImpl.invoke0(Native Method)
	at java.base/jdk.internal.reflect.NativeMethodAccessorImpl.invoke(NativeMethodAccessorImpl.java:62)
	at java.base/jdk.internal.reflect.DelegatingMethodAccessorImpl.invoke(DelegatingMethodAccessorImpl.java:43)
	at java.base/java.lang.reflect.Method.invoke(Method.java:566)
	at org.junit.runners.model.FrameworkMethod$1.runReflectiveCall(FrameworkMethod.java:59)
	at org.junit.internal.runners.model.ReflectiveCallable.run(ReflectiveCallable.java:12)
	at org.junit.runners.model.FrameworkMethod.invokeExplosively(FrameworkMethod.java:56)
	at org.junit.internal.runners.statements.InvokeMethod.evaluate(InvokeMethod.java:17)
	at org.junit.internal.runners.statements.RunAfters.evaluate(RunAfters.java:27)
	at org.junit.internal.runners.statements.FailOnTimeout$CallableStatement.call(FailOnTimeout.java:299)
	at org.junit.internal.runners.statements.FailOnTimeout$CallableStatement.call(FailOnTimeout.java:293)
	at java.base/java.util.concurrent.FutureTask.run(FutureTask.java:264)
	at java.base/java.lang.Thread.run(Thread.java:829)
2023-12-13 16:21:18,924 [Time-limited test] INFO  server.RaftServerConfigKeys (ConfUtils.java:logGet(46)) - raft.server.rpc.timeout.max = 2000ms (custom)
2023-12-13 16:21:18,925 [Time-limited test] INFO  ratis.RaftTestUtil (RaftTestUtil.java:waitForLeader(100)) - printing group-E2914A5A9028
  s0:  RUNNING    LEADER s0@group-E2914A5A9028:t1, leader=s0, voted=s0, raftlog=Memoized:s0@group-E2914A5A9028-SegmentedRaftLog:OPENED:c0, conf=0: peers:[s0|0.0.0.0:45531, s1|0.0.0.0:34859, s2|0.0.0.0:41623]|listeners:[], old=null RUNNING
  s1:  RUNNING  FOLLOWER s1@group-E2914A5A9028:t1, leader=s0, voted=s0, raftlog=Memoized:s1@group-E2914A5A9028-SegmentedRaftLog:OPENED:c0, conf=0: peers:[s0|0.0.0.0:45531, s1|0.0.0.0:34859, s2|0.0.0.0:41623]|listeners:[], old=null RUNNING
  s2:  RUNNING  FOLLOWER s2@group-E2914A5A9028:t1, leader=s0, voted=s0, raftlog=Memoized:s2@group-E2914A5A9028-SegmentedRaftLog:OPENED:c0, conf=0: peers:[s0|0.0.0.0:45531, s1|0.0.0.0:34859, s2|0.0.0.0:41623]|listeners:[], old=null RUNNING
2023-12-13 16:21:18,925 [Time-limited test] INFO  ratis.RaftTestUtil (RaftTestUtil.java:waitForLeader(124)) - printing group-E2914A5A9028
  s0:  RUNNING    LEADER s0@group-E2914A5A9028:t1, leader=s0, voted=s0, raftlog=Memoized:s0@group-E2914A5A9028-SegmentedRaftLog:OPENED:c0, conf=0: peers:[s0|0.0.0.0:45531, s1|0.0.0.0:34859, s2|0.0.0.0:41623]|listeners:[], old=null RUNNING
  s1:  RUNNING  FOLLOWER s1@group-E2914A5A9028:t1, leader=s0, voted=s0, raftlog=Memoized:s1@group-E2914A5A9028-SegmentedRaftLog:OPENED:c0, conf=0: peers:[s0|0.0.0.0:45531, s1|0.0.0.0:34859, s2|0.0.0.0:41623]|listeners:[], old=null RUNNING
  s2:  RUNNING  FOLLOWER s2@group-E2914A5A9028:t1, leader=s0, voted=s0, raftlog=Memoized:s2@group-E2914A5A9028-SegmentedRaftLog:OPENED:c0, conf=0: peers:[s0|0.0.0.0:45531, s1|0.0.0.0:34859, s2|0.0.0.0:41623]|listeners:[], old=null RUNNING
2023-12-13 16:21:18,925 [Time-limited test] WARN  impl.GroupManagementBaseTest (JavaUtils.java:attempt(231)) - FAILED "testMultiGroupWithPriority", attempt #3/10: java.lang.AssertionError, sleep 1s and then retry.
java.lang.AssertionError
	at org.junit.Assert.fail(Assert.java:87)
	at org.junit.Assert.assertTrue(Assert.java:42)
	at org.junit.Assert.assertTrue(Assert.java:53)
	at org.apache.ratis.server.impl.GroupManagementBaseTest.lambda$testGroupWithPriority$2(GroupManagementBaseTest.java:131)
	at org.apache.ratis.util.function.CheckedRunnable.lambda$asCheckedSupplier$0(CheckedRunnable.java:32)
	at org.apache.ratis.util.JavaUtils.lambda$attempt$7(JavaUtils.java:212)
	at org.apache.ratis.util.JavaUtils.attempt(JavaUtils.java:225)
	at org.apache.ratis.util.JavaUtils.attempt(JavaUtils.java:212)
	at org.apache.ratis.util.JavaUtils.attemptRepeatedly(JavaUtils.java:204)
	at org.apache.ratis.util.JavaUtils.attempt(JavaUtils.java:245)
	at org.apache.ratis.server.impl.GroupManagementBaseTest.testGroupWithPriority(GroupManagementBaseTest.java:129)
	at java.base/jdk.internal.reflect.NativeMethodAccessorImpl.invoke0(Native Method)
	at java.base/jdk.internal.reflect.NativeMethodAccessorImpl.invoke(NativeMethodAccessorImpl.java:62)
	at java.base/jdk.internal.reflect.DelegatingMethodAccessorImpl.invoke(DelegatingMethodAccessorImpl.java:43)
	at java.base/java.lang.reflect.Method.invoke(Method.java:566)
	at org.junit.runners.model.FrameworkMethod$1.runReflectiveCall(FrameworkMethod.java:59)
	at org.junit.internal.runners.model.ReflectiveCallable.run(ReflectiveCallable.java:12)
	at org.junit.runners.model.FrameworkMethod.invokeExplosively(FrameworkMethod.java:56)
	at org.junit.internal.runners.statements.InvokeMethod.evaluate(InvokeMethod.java:17)
	at org.junit.internal.runners.statements.RunAfters.evaluate(RunAfters.java:27)
	at org.junit.internal.runners.statements.FailOnTimeout$CallableStatement.call(FailOnTimeout.java:299)
	at org.junit.internal.runners.statements.FailOnTimeout$CallableStatement.call(FailOnTimeout.java:293)
	at java.base/java.util.concurrent.FutureTask.run(FutureTask.java:264)
	at java.base/java.lang.Thread.run(Thread.java:829)
2023-12-13 16:21:19,219 [s2@group-E2914A5A9028-FollowerState] INFO  impl.FollowerState (FollowerState.java:run(143)) - s2@group-E2914A5A9028-FollowerState: change to CANDIDATE, lastRpcElapsedTime:2677358009ns, electionTimeout:1727ms
2023-12-13 16:21:19,219 [s2@group-E2914A5A9028-FollowerState] INFO  impl.RoleInfo (RoleInfo.java:shutdownFollowerState(110)) - s2: shutdown s2@group-E2914A5A9028-FollowerState
2023-12-13 16:21:19,219 [s2@group-E2914A5A9028-FollowerState] INFO  server.RaftServer$Division (RaftServerImpl.java:setRole(379)) - s2@group-E2914A5A9028: changes role from  FOLLOWER to CANDIDATE at term 1 for changeToCandidate
2023-12-13 16:21:19,219 [s2@group-E2914A5A9028-FollowerState] INFO  server.RaftServerConfigKeys (ConfUtils.java:logGet(46)) - raft.server.leaderelection.pre-vote = true (default)
2023-12-13 16:21:19,219 [s2@group-E2914A5A9028-FollowerState] INFO  impl.RoleInfo (RoleInfo.java:updateAndGet(139)) - s2: start s2@group-E2914A5A9028-LeaderElection12
2023-12-13 16:21:19,220 [s2@group-E2914A5A9028-LeaderElection12] INFO  server.RaftServer$Division (ServerState.java:setLeader(265)) - s2@group-E2914A5A9028: change Leader from s0 to null at term 1 for PRE_VOTE
2023-12-13 16:21:19,220 [s2@group-E2914A5A9028-LeaderElection12] INFO  impl.LeaderElection (LeaderElection.java:askForVotes(321)) - s2@group-E2914A5A9028-LeaderElection12 PRE_VOTE round 0: submit vote requests at term 1 for 0: peers:[s0|0.0.0.0:45531, s1|0.0.0.0:34859, s2|0.0.0.0:41623]|listeners:[], old=null
2023-12-13 16:21:19,221 [grpc-default-executor-13] INFO  util.CodeInjectionForTesting (BlockRequestHandlingInjection.java:execute(77)) - s0: Block request from s2
2023-12-13 16:21:19,221 [grpc-default-executor-5] INFO  server.RaftServer$Division (RaftServerImpl.java:requestVote(1377)) - s1@group-E2914A5A9028: receive requestVote(PRE_VOTE, s2, group-E2914A5A9028, 1, (t:1, i:0))
2023-12-13 16:21:19,221 [grpc-default-executor-5] INFO  impl.VoteContext (VoteContext.java:log(49)) - s1@group-E2914A5A9028-FOLLOWER: accept PRE_VOTE from s2: our priority 1 <= candidate's priority 1
2023-12-13 16:21:19,222 [grpc-default-executor-5] INFO  server.RaftServer$Division (RaftServerImpl.java:requestVote(1410)) - s1@group-E2914A5A9028 replies to PRE_VOTE vote request: s2<-s1#0:OK-t1. Peer's state: s1@group-E2914A5A9028:t1, leader=s0, voted=s0, raftlog=Memoized:s1@group-E2914A5A9028-SegmentedRaftLog:OPENED:c0, conf=0: peers:[s0|0.0.0.0:45531, s1|0.0.0.0:34859, s2|0.0.0.0:41623]|listeners:[], old=null
2023-12-13 16:21:19,791 [s0@group-E2914A5A9028-LeaderStateImpl] WARN  server.RaftServer$Division (LeaderStateImpl.java:checkLeadership(1107)) - s0@group-E2914A5A9028-LeaderStateImpl: Lost leadership on term: 1. Election timeout: 2000ms. In charge for: 4026ms. Conf: 0: peers:[s0|0.0.0.0:45531, s1|0.0.0.0:34859, s2|0.0.0.0:41623]|listeners:[], old=null
2023-12-13 16:21:19,791 [s0@group-E2914A5A9028-LeaderStateImpl] WARN  server.RaftServer$Division (LeaderStateImpl.java:lambda$checkLeadership$21(1111)) - Follower s0@group-E2914A5A9028->s1(c0,m0,n1, caughtUp=true, lastRpcSendTime=244, lastRpcResponseTime=3249)
2023-12-13 16:21:19,791 [s0@group-E2914A5A9028-LeaderStateImpl] WARN  server.RaftServer$Division (LeaderStateImpl.java:lambda$checkLeadership$21(1111)) - Follower s0@group-E2914A5A9028->s2(c0,m0,n1, caughtUp=true, lastRpcSendTime=244, lastRpcResponseTime=3248)
2023-12-13 16:21:19,791 [s0@group-E2914A5A9028-LeaderStateImpl] INFO  server.RaftServer$Division (RaftServerImpl.java:setRole(379)) - s0@group-E2914A5A9028: changes role from    LEADER to FOLLOWER at term 1 for StepDownReason:LOST_MAJORITY_HEARTBEATS
2023-12-13 16:21:19,791 [s0@group-E2914A5A9028-LeaderStateImpl] INFO  impl.RoleInfo (RoleInfo.java:shutdownLeaderState(94)) - s0: shutdown s0@group-E2914A5A9028-LeaderStateImpl
2023-12-13 16:21:19,792 [s0@group-E2914A5A9028->s1-GrpcLogAppender-LogAppenderDaemon] WARN  server.GrpcLogAppender (GrpcLogAppender.java:mayWait(279)) - s0@group-E2914A5A9028->s1-GrpcLogAppender: Wait interrupted by java.lang.InterruptedException
2023-12-13 16:21:19,792 [s0@group-E2914A5A9028->s2-GrpcLogAppender-LogAppenderDaemon] WARN  server.GrpcLogAppender (GrpcLogAppender.java:mayWait(279)) - s0@group-E2914A5A9028->s2-GrpcLogAppender: Wait interrupted by java.lang.InterruptedException
2023-12-13 16:21:19,792 [s0@group-E2914A5A9028-LeaderStateImpl] INFO  impl.PendingRequests (PendingRequests.java:sendNotLeaderResponses(289)) - s0@group-E2914A5A9028-PendingRequests: sendNotLeaderResponses
2023-12-13 16:21:19,792 [s0@group-E2914A5A9028-LeaderStateImpl] INFO  server.RaftServer$Division (ServerState.java:setLeader(265)) - s0@group-E2914A5A9028: change Leader from s0 to null at term 1 for StepDownReason:LOST_MAJORITY_HEARTBEATS
2023-12-13 16:21:19,792 [s0@group-E2914A5A9028-LeaderStateImpl] INFO  impl.RoleInfo (RoleInfo.java:updateAndGet(139)) - s0: start s0@group-E2914A5A9028-FollowerState
2023-12-13 16:21:19,792 [grpc-default-executor-8] INFO  server.GrpcServerProtocolService (GrpcServerProtocolService.java:onCompleted(157)) - s2: Completed APPEND_ENTRIES, lastRequest: s0->s2#1-t1,previous=(t:0, i:0),leaderCommit=-1,initializing? false,entries: size=1, first=(t:1, i:0), CONFIGURATIONENTRY(current:id: "s0"
address: "0.0.0.0:45531"
priority: 2
clientAddress: "0.0.0.0:45531"
adminAddress: "0.0.0.0:45531"
startupRole: FOLLOWER
,id: "s1"
address: "0.0.0.0:34859"
priority: 1
clientAddress: "0.0.0.0:34859"
adminAddress: "0.0.0.0:34859"
startupRole: FOLLOWER
,id: "s2"
address: "0.0.0.0:41623"
priority: 1
clientAddress: "0.0.0.0:41623"
adminAddress: "0.0.0.0:41623"
startupRole: FOLLOWER
, old:)
2023-12-13 16:21:19,792 [grpc-default-executor-5] INFO  server.GrpcServerProtocolService (GrpcServerProtocolService.java:onCompleted(157)) - s1: Completed APPEND_ENTRIES, lastRequest: s0->s1#1-t1,previous=(t:0, i:0),leaderCommit=-1,initializing? false,entries: size=1, first=(t:1, i:0), CONFIGURATIONENTRY(current:id: "s0"
address: "0.0.0.0:45531"
priority: 2
clientAddress: "0.0.0.0:45531"
adminAddress: "0.0.0.0:45531"
startupRole: FOLLOWER
,id: "s1"
address: "0.0.0.0:34859"
priority: 1
clientAddress: "0.0.0.0:34859"
adminAddress: "0.0.0.0:34859"
startupRole: FOLLOWER
,id: "s2"
address: "0.0.0.0:41623"
priority: 1
clientAddress: "0.0.0.0:41623"
adminAddress: "0.0.0.0:41623"
startupRole: FOLLOWER
, old:)
2023-12-13 16:21:19,792 [grpc-default-executor-8] INFO  server.GrpcServerProtocolService (GrpcServerProtocolService.java:lambda$onCompleted$5(159)) - s2: Completed APPEND_ENTRIES, lastReply: null
2023-12-13 16:21:19,792 [grpc-default-executor-5] INFO  server.GrpcServerProtocolService (GrpcServerProtocolService.java:lambda$onCompleted$5(159)) - s1: Completed APPEND_ENTRIES, lastReply: null
2023-12-13 16:21:19,793 [grpc-default-executor-11] INFO  server.GrpcLogAppender (GrpcLogAppender.java:onCompleted(534)) - s0@group-E2914A5A9028->s1-AppendLogResponseHandler: follower responses appendEntries COMPLETED
2023-12-13 16:21:19,794 [grpc-default-executor-4] INFO  server.GrpcLogAppender (GrpcLogAppender.java:onCompleted(534)) - s0@group-E2914A5A9028->s2-AppendLogResponseHandler: follower responses appendEntries COMPLETED
2023-12-13 16:21:19,925 [Time-limited test] INFO  server.RaftServerConfigKeys (ConfUtils.java:logGet(46)) - raft.server.rpc.timeout.max = 2000ms (custom)
2023-12-13 16:21:19,925 [Time-limited test] INFO  ratis.RaftTestUtil (RaftTestUtil.java:waitForLeader(100)) - printing group-E2914A5A9028
  s0:  RUNNING  FOLLOWER s0@group-E2914A5A9028:t1, leader=null, voted=s0, raftlog=Memoized:s0@group-E2914A5A9028-SegmentedRaftLog:OPENED:c0, conf=0: peers:[s0|0.0.0.0:45531, s1|0.0.0.0:34859, s2|0.0.0.0:41623]|listeners:[], old=null RUNNING
  s1:  RUNNING  FOLLOWER s1@group-E2914A5A9028:t1, leader=s0, voted=s0, raftlog=Memoized:s1@group-E2914A5A9028-SegmentedRaftLog:OPENED:c0, conf=0: peers:[s0|0.0.0.0:45531, s1|0.0.0.0:34859, s2|0.0.0.0:41623]|listeners:[], old=null RUNNING
  s2:  RUNNING CANDIDATE s2@group-E2914A5A9028:t1, leader=null, voted=s0, raftlog=Memoized:s2@group-E2914A5A9028-SegmentedRaftLog:OPENED:c0, conf=0: peers:[s0|0.0.0.0:45531, s1|0.0.0.0:34859, s2|0.0.0.0:41623]|listeners:[], old=null RUNNING
2023-12-13 16:21:19,925 [Time-limited test] WARN  ratis.RaftTestUtil (RaftTestUtil.java:lambda$waitForLeader$3(119)) - Attempt #1 failed: java.lang.IllegalStateException: No leader yet  for group-E2914A5A9028: printing group-E2914A5A9028
  s0:  RUNNING  FOLLOWER s0@group-E2914A5A9028:t1, leader=null, voted=s0, raftlog=Memoized:s0@group-E2914A5A9028-SegmentedRaftLog:OPENED:c0, conf=0: peers:[s0|0.0.0.0:45531, s1|0.0.0.0:34859, s2|0.0.0.0:41623]|listeners:[], old=null RUNNING
  s1:  RUNNING  FOLLOWER s1@group-E2914A5A9028:t1, leader=s0, voted=s0, raftlog=Memoized:s1@group-E2914A5A9028-SegmentedRaftLog:OPENED:c0, conf=0: peers:[s0|0.0.0.0:45531, s1|0.0.0.0:34859, s2|0.0.0.0:41623]|listeners:[], old=null RUNNING
  s2:  RUNNING CANDIDATE s2@group-E2914A5A9028:t1, leader=null, voted=s0, raftlog=Memoized:s2@group-E2914A5A9028-SegmentedRaftLog:OPENED:c0, conf=0: peers:[s0|0.0.0.0:45531, s1|0.0.0.0:34859, s2|0.0.0.0:41623]|listeners:[], old=null RUNNING
2023-12-13 16:21:20,911 [s2@group-E2914A5A9028-LeaderElection12] INFO  impl.LeaderElection (LeaderElection.java:logAndReturn(89)) - s2@group-E2914A5A9028-LeaderElection12: PRE_VOTE PASSED received 1 response(s) and 0 exception(s):
2023-12-13 16:21:20,911 [s2@group-E2914A5A9028-LeaderElection12] INFO  impl.LeaderElection (LeaderElection.java:logAndReturn(93)) -   Response 0: s2<-s1#0:OK-t1
2023-12-13 16:21:20,911 [s2@group-E2914A5A9028-LeaderElection12] INFO  impl.LeaderElection (LeaderElection.java:askForVotes(323)) - s2@group-E2914A5A9028-LeaderElection12 PRE_VOTE round 0: result PASSED
2023-12-13 16:21:20,912 [s2@group-E2914A5A9028-LeaderElection12] TRACE util.FileUtils (LogUtils.java:supplyAndLog(69)) - Successfully supplied FileChannel.open /home/runner/work/ratis/ratis/ratis-test/target/test/data/1e4ee837/MiniRaftClusterWithGrpcf3ee9cbd/s2/80bc3141-7c27-430b-8bc9-e2914a5a9028/current/raft-meta.tmp with options [CREATE, WRITE]: sun.nio.ch.FileChannelImpl@38ad38be
2023-12-13 16:21:20,913 [s2@group-E2914A5A9028-LeaderElection12] TRACE util.FileUtils (LogUtils.java:runAndLog(49)) - Successfully ran Atomic Files.move /home/runner/work/ratis/ratis/ratis-test/target/test/data/1e4ee837/MiniRaftClusterWithGrpcf3ee9cbd/s2/80bc3141-7c27-430b-8bc9-e2914a5a9028/current/raft-meta.tmp to /home/runner/work/ratis/ratis/ratis-test/target/test/data/1e4ee837/MiniRaftClusterWithGrpcf3ee9cbd/s2/80bc3141-7c27-430b-8bc9-e2914a5a9028/current/raft-meta with options [REPLACE_EXISTING]
2023-12-13 16:21:20,913 [s2@group-E2914A5A9028-LeaderElection12] INFO  impl.LeaderElection (LeaderElection.java:askForVotes(321)) - s2@group-E2914A5A9028-LeaderElection12 ELECTION round 0: submit vote requests at term 2 for 0: peers:[s0|0.0.0.0:45531, s1|0.0.0.0:34859, s2|0.0.0.0:41623]|listeners:[], old=null
2023-12-13 16:21:20,915 [grpc-default-executor-11] INFO  util.CodeInjectionForTesting (BlockRequestHandlingInjection.java:execute(77)) - s0: Block request from s2
2023-12-13 16:21:20,915 [grpc-default-executor-4] INFO  server.RaftServer$Division (RaftServerImpl.java:requestVote(1377)) - s1@group-E2914A5A9028: receive requestVote(ELECTION, s2, group-E2914A5A9028, 2, (t:1, i:0))
2023-12-13 16:21:20,915 [grpc-default-executor-4] INFO  impl.VoteContext (VoteContext.java:log(49)) - s1@group-E2914A5A9028-FOLLOWER: accept ELECTION from s2: our priority 1 <= candidate's priority 1
2023-12-13 16:21:20,915 [grpc-default-executor-4] INFO  server.RaftServer$Division (ServerState.java:setLeader(265)) - s1@group-E2914A5A9028: change Leader from s0 to null at term 2 for updateCurrentTerm
2023-12-13 16:21:20,915 [grpc-default-executor-4] INFO  server.RaftServer$Division (RaftServerImpl.java:setRole(379)) - s1@group-E2914A5A9028: changes role from  FOLLOWER to FOLLOWER at term 2 for candidate:s2
2023-12-13 16:21:20,915 [grpc-default-executor-4] INFO  impl.RoleInfo (RoleInfo.java:shutdownFollowerState(110)) - s1: shutdown s1@group-E2914A5A9028-FollowerState
2023-12-13 16:21:20,915 [grpc-default-executor-4] INFO  impl.RoleInfo (RoleInfo.java:updateAndGet(139)) - s1: start s1@group-E2914A5A9028-FollowerState
2023-12-13 16:21:20,915 [s1@group-E2914A5A9028-FollowerState] INFO  impl.FollowerState (FollowerState.java:run(152)) - s1@group-E2914A5A9028-FollowerState was interrupted
2023-12-13 16:21:20,915 [grpc-default-executor-4] TRACE util.FileUtils (LogUtils.java:supplyAndLog(69)) - Successfully supplied FileChannel.open /home/runner/work/ratis/ratis/ratis-test/target/test/data/1e4ee837/MiniRaftClusterWithGrpcf3ee9cbd/s1/80bc3141-7c27-430b-8bc9-e2914a5a9028/current/raft-meta.tmp with options [CREATE, WRITE]: sun.nio.ch.FileChannelImpl@553318f9
2023-12-13 16:21:20,917 [grpc-default-executor-4] TRACE util.FileUtils (LogUtils.java:runAndLog(49)) - Successfully ran Atomic Files.move /home/runner/work/ratis/ratis/ratis-test/target/test/data/1e4ee837/MiniRaftClusterWithGrpcf3ee9cbd/s1/80bc3141-7c27-430b-8bc9-e2914a5a9028/current/raft-meta.tmp to /home/runner/work/ratis/ratis/ratis-test/target/test/data/1e4ee837/MiniRaftClusterWithGrpcf3ee9cbd/s1/80bc3141-7c27-430b-8bc9-e2914a5a9028/current/raft-meta with options [REPLACE_EXISTING]
2023-12-13 16:21:20,917 [grpc-default-executor-4] INFO  server.RaftServer$Division (RaftServerImpl.java:requestVote(1410)) - s1@group-E2914A5A9028 replies to ELECTION vote request: s2<-s1#0:OK-t2. Peer's state: s1@group-E2914A5A9028:t2, leader=null, voted=s2, raftlog=Memoized:s1@group-E2914A5A9028-SegmentedRaftLog:OPENED:c0, conf=0: peers:[s0|0.0.0.0:45531, s1|0.0.0.0:34859, s2|0.0.0.0:41623]|listeners:[], old=null
2023-12-13 16:21:21,294 [s0@group-E2914A5A9028-FollowerState] INFO  impl.FollowerState (FollowerState.java:lostMajorityHeartbeatsRecently(108)) - s0@group-E2914A5A9028-FollowerState: Skipping leader election since it stepped down recently (elapsed = 1501ms < waitTime = 10s)
2023-12-13 16:21:22,470 [s2@group-E2914A5A9028-LeaderElection12] INFO  impl.LeaderElection (LeaderElection.java:logAndReturn(89)) - s2@group-E2914A5A9028-LeaderElection12: ELECTION PASSED received 1 response(s) and 0 exception(s):
2023-12-13 16:21:22,470 [s2@group-E2914A5A9028-LeaderElection12] INFO  impl.LeaderElection (LeaderElection.java:logAndReturn(93)) -   Response 0: s2<-s1#0:OK-t2
2023-12-13 16:21:22,470 [s2@group-E2914A5A9028-LeaderElection12] INFO  impl.LeaderElection (LeaderElection.java:askForVotes(323)) - s2@group-E2914A5A9028-LeaderElection12 ELECTION round 0: result PASSED
2023-12-13 16:21:22,470 [s2@group-E2914A5A9028-LeaderElection12] INFO  impl.RoleInfo (RoleInfo.java:shutdownLeaderElection(130)) - s2: shutdown s2@group-E2914A5A9028-LeaderElection12
2023-12-13 16:21:22,470 [s2@group-E2914A5A9028-LeaderElection12] INFO  server.RaftServer$Division (RaftServerImpl.java:setRole(379)) - s2@group-E2914A5A9028: changes role from CANDIDATE to LEADER at term 2 for changeToLeader
2023-12-13 16:21:22,470 [s2@group-E2914A5A9028-LeaderElection12] INFO  server.RaftServerConfigKeys (ConfUtils.java:logGet(46)) - raft.server.staging.catchup.gap = 1000 (default)
2023-12-13 16:21:22,470 [s2@group-E2914A5A9028-LeaderElection12] INFO  server.RaftServerConfigKeys (ConfUtils.java:logGet(46)) - raft.server.write.element-limit = 4096 (default)
2023-12-13 16:21:22,470 [s2@group-E2914A5A9028-LeaderElection12] INFO  server.RaftServerConfigKeys (ConfUtils.java:logGet(46)) - raft.server.write.byte-limit = 64MB (=67108864) (default)
2023-12-13 16:21:22,470 [s2@group-E2914A5A9028-LeaderElection12] INFO  server.RaftServerConfigKeys (ConfUtils.java:logGet(46)) - raft.server.watch.timeout = 10s (default)
2023-12-13 16:21:22,471 [s2@group-E2914A5A9028-LeaderElection12] INFO  server.RaftServerConfigKeys (ConfUtils.java:logGet(46)) - raft.server.watch.timeout.denomination = 1s (default)
2023-12-13 16:21:22,471 [s2@group-E2914A5A9028-LeaderElection12] INFO  server.RaftServerConfigKeys (ConfUtils.java:logGet(46)) - raft.server.watch.element-limit = 65536 (default)
2023-12-13 16:21:22,471 [s2@group-E2914A5A9028-LeaderElection12] INFO  server.RaftServerConfigKeys (ConfUtils.java:logGet(46)) - raft.server.read.leader.lease.enabled = false (default)
2023-12-13 16:21:22,471 [s2@group-E2914A5A9028-LeaderElection12] INFO  server.RaftServerConfigKeys (ConfUtils.java:logGet(46)) - raft.server.read.leader.lease.timeout.ratio = 0.9 (default)
2023-12-13 16:21:22,471 [s2@group-E2914A5A9028-LeaderElection12] INFO  server.RaftServerConfigKeys (ConfUtils.java:logGet(46)) - raft.server.rpc.timeout.min = 1500ms (custom)
2023-12-13 16:21:22,471 [s2@group-E2914A5A9028-LeaderElection12] INFO  server.RaftServerConfigKeys (ConfUtils.java:logGet(46)) - raft.server.write.element-limit = 4096 (default)
2023-12-13 16:21:22,471 [s2@group-E2914A5A9028-LeaderElection12] INFO  server.RaftServerConfigKeys (ConfUtils.java:logGet(46)) - raft.server.write.follower.gap.ratio.max = -1.0 (default)
2023-12-13 16:21:22,471 [s2@group-E2914A5A9028-LeaderElection12] INFO  server.RaftServerConfigKeys (ConfUtils.java:logGet(46)) - raft.server.log.appender.snapshot.chunk.size.max = 16MB (=16777216) (default)
2023-12-13 16:21:22,471 [s2@group-E2914A5A9028-LeaderElection12] INFO  server.RaftServerConfigKeys (ConfUtils.java:logGet(46)) - raft.server.log.appender.buffer.byte-limit = 4MB (=4194304) (default)
2023-12-13 16:21:22,471 [s2@group-E2914A5A9028-LeaderElection12] INFO  server.RaftServerConfigKeys (ConfUtils.java:logGet(46)) - raft.server.log.appender.buffer.element-limit = 0 (default)
2023-12-13 16:21:22,471 [s2@group-E2914A5A9028-LeaderElection12] INFO  server.RaftServerConfigKeys (ConfUtils.java:logGet(46)) - raft.server.log.appender.wait-time.min = 1ms (default)
2023-12-13 16:21:22,471 [s2@group-E2914A5A9028-LeaderElection12] INFO  grpc.GrpcConfigKeys (ConfUtils.java:logGet(46)) - raft.grpc.server.leader.outstanding.appends.max = 8 (default)
2023-12-13 16:21:22,471 [s2@group-E2914A5A9028-LeaderElection12] INFO  server.RaftServerConfigKeys (ConfUtils.java:logGet(46)) - raft.server.rpc.request.timeout = 3000ms (default)
2023-12-13 16:21:22,471 [s2@group-E2914A5A9028-LeaderElection12] INFO  grpc.GrpcConfigKeys (ConfUtils.java:logGet(46)) - raft.grpc.server.install_snapshot.request.element-limit = 8 (default)
2023-12-13 16:21:22,471 [s2@group-E2914A5A9028-LeaderElection12] INFO  grpc.GrpcConfigKeys (ConfUtils.java:logGet(46)) - raft.grpc.server.install_snapshot.request.timeout = 3000ms (default)
2023-12-13 16:21:22,471 [s2@group-E2914A5A9028-LeaderElection12] INFO  server.RaftServerConfigKeys (ConfUtils.java:logGet(46)) - raft.server.log.appender.install.snapshot.enabled = true (default)
2023-12-13 16:21:22,471 [s2@group-E2914A5A9028-LeaderElection12] INFO  grpc.GrpcConfigKeys (ConfUtils.java:logGet(46)) - raft.grpc.server.heartbeat.channel = true (default)
2023-12-13 16:21:22,471 [s2@group-E2914A5A9028-LeaderElection12] INFO  server.RaftServerConfigKeys (ConfUtils.java:logGet(46)) - raft.server.log.appender.snapshot.chunk.size.max = 16MB (=16777216) (default)
2023-12-13 16:21:22,471 [s2@group-E2914A5A9028-LeaderElection12] INFO  server.RaftServerConfigKeys (ConfUtils.java:logGet(46)) - raft.server.log.appender.buffer.byte-limit = 4MB (=4194304) (default)
2023-12-13 16:21:22,471 [s2@group-E2914A5A9028-LeaderElection12] INFO  server.RaftServerConfigKeys (ConfUtils.java:logGet(46)) - raft.server.log.appender.buffer.element-limit = 0 (default)
2023-12-13 16:21:22,471 [s2@group-E2914A5A9028-LeaderElection12] INFO  server.RaftServerConfigKeys (ConfUtils.java:logGet(46)) - raft.server.log.appender.wait-time.min = 1ms (default)
2023-12-13 16:21:22,471 [s2@group-E2914A5A9028-LeaderElection12] INFO  grpc.GrpcConfigKeys (ConfUtils.java:logGet(46)) - raft.grpc.server.leader.outstanding.appends.max = 8 (default)
2023-12-13 16:21:22,471 [s2@group-E2914A5A9028-LeaderElection12] INFO  server.RaftServerConfigKeys (ConfUtils.java:logGet(46)) - raft.server.rpc.request.timeout = 3000ms (default)
2023-12-13 16:21:22,471 [s2@group-E2914A5A9028-LeaderElection12] INFO  grpc.GrpcConfigKeys (ConfUtils.java:logGet(46)) - raft.grpc.server.install_snapshot.request.element-limit = 8 (default)
2023-12-13 16:21:22,472 [s2@group-E2914A5A9028-LeaderElection12] INFO  grpc.GrpcConfigKeys (ConfUtils.java:logGet(46)) - raft.grpc.server.install_snapshot.request.timeout = 3000ms (default)
2023-12-13 16:21:22,472 [s2@group-E2914A5A9028-LeaderElection12] INFO  server.RaftServerConfigKeys (ConfUtils.java:logGet(46)) - raft.server.log.appender.install.snapshot.enabled = true (default)
2023-12-13 16:21:22,472 [s2@group-E2914A5A9028-LeaderElection12] INFO  grpc.GrpcConfigKeys (ConfUtils.java:logGet(46)) - raft.grpc.server.heartbeat.channel = true (default)
2023-12-13 16:21:22,472 [s2@group-E2914A5A9028-LeaderElection12] INFO  impl.RoleInfo (RoleInfo.java:updateAndGet(139)) - s2: start s2@group-E2914A5A9028-LeaderStateImpl
2023-12-13 16:21:22,472 [s2@group-E2914A5A9028-LeaderElection12] INFO  server.RaftServer$Division (ServerState.java:setLeader(265)) - s2@group-E2914A5A9028: change Leader from null to s2 at term 2 for becomeLeader, leader elected after 3252ms
2023-12-13 16:21:22,472 [s2@group-E2914A5A9028-LeaderElection12] INFO  segmented.SegmentedRaftLogWorker (SegmentedRaftLogWorker.java:rollLogSegment(435)) - s2@group-E2914A5A9028-SegmentedRaftLogWorker: Rolling segment log-0_0 to index:0
2023-12-13 16:21:22,472 [s2@group-E2914A5A9028-LeaderElection12] INFO  server.RaftServer$Division (ServerState.java:setRaftConf(382)) - s2@group-E2914A5A9028: set configuration 1: peers:[s0|0.0.0.0:45531, s1|0.0.0.0:34859, s2|0.0.0.0:41623]|listeners:[], old=null
2023-12-13 16:21:22,473 [s2@group-E2914A5A9028-SegmentedRaftLogWorker] TRACE util.FileUtils (LogUtils.java:runAndLog(49)) - Successfully ran Atomic Files.move /home/runner/work/ratis/ratis/ratis-test/target/test/data/1e4ee837/MiniRaftClusterWithGrpcf3ee9cbd/s2/80bc3141-7c27-430b-8bc9-e2914a5a9028/current/log_inprogress_0 to /home/runner/work/ratis/ratis/ratis-test/target/test/data/1e4ee837/MiniRaftClusterWithGrpcf3ee9cbd/s2/80bc3141-7c27-430b-8bc9-e2914a5a9028/current/log_0-0
2023-12-13 16:21:22,473 [s2@group-E2914A5A9028-SegmentedRaftLogWorker] INFO  segmented.SegmentedRaftLogWorker (SegmentedRaftLogWorker.java:execute(591)) - s2@group-E2914A5A9028-SegmentedRaftLogWorker: Rolled log segment from /home/runner/work/ratis/ratis/ratis-test/target/test/data/1e4ee837/MiniRaftClusterWithGrpcf3ee9cbd/s2/80bc3141-7c27-430b-8bc9-e2914a5a9028/current/log_inprogress_0 to /home/runner/work/ratis/ratis/ratis-test/target/test/data/1e4ee837/MiniRaftClusterWithGrpcf3ee9cbd/s2/80bc3141-7c27-430b-8bc9-e2914a5a9028/current/log_0-0
2023-12-13 16:21:22,473 [s2@group-E2914A5A9028-SegmentedRaftLogWorker] INFO  segmented.BufferedWriteChannel (BufferedWriteChannel.java:open(62)) - open log_inprogress_1 at position 0
2023-12-13 16:21:22,476 [s1-server-thread2] INFO  server.RaftServer$Division (ServerState.java:setLeader(265)) - s1@group-E2914A5A9028: change Leader from null to s2 at term 2 for appendEntries, leader elected after 1561ms
2023-12-13 16:21:22,476 [s0-server-thread1] INFO  util.CodeInjectionForTesting (BlockRequestHandlingInjection.java:execute(77)) - s0: Block request from s2
2023-12-13 16:21:22,478 [s1-server-thread3] DEBUG server.RaftServer$Division (RaftServerImpl.java:logAppendEntries(1504)) - s1@group-E2914A5A9028: receive appendEntries(s2, 2, (t:1, i:0), 0, false, commits:[s2:c0, s0:c0, s1:c0], cId:1, entries: [(t:2, i:1), CONFIGURATIONENTRY(current:id: "s0"
address: "0.0.0.0:45531"
priority: 2
clientAddress: "0.0.0.0:45531"
adminAddress: "0.0.0.0:45531"
startupRole: FOLLOWER
,id: "s1"
address: "0.0.0.0:34859"
priority: 1
clientAddress: "0.0.0.0:34859"
adminAddress: "0.0.0.0:34859"
startupRole: FOLLOWER
,id: "s2"
address: "0.0.0.0:41623"
priority: 1
clientAddress: "0.0.0.0:41623"
adminAddress: "0.0.0.0:41623"
startupRole: FOLLOWER
, old:)]
2023-12-13 16:21:22,478 [s1-server-thread3] INFO  server.RaftServer$Division (ServerState.java:setRaftConf(382)) - s1@group-E2914A5A9028: set configuration 1: peers:[s0|0.0.0.0:45531, s1|0.0.0.0:34859, s2|0.0.0.0:41623]|listeners:[], old=null
2023-12-13 16:21:22,478 [s1-server-thread3] INFO  segmented.SegmentedRaftLogWorker (SegmentedRaftLogWorker.java:rollLogSegment(435)) - s1@group-E2914A5A9028-SegmentedRaftLogWorker: Rolling segment log-0_0 to index:0
2023-12-13 16:21:22,478 [s1@group-E2914A5A9028-SegmentedRaftLogWorker] TRACE util.FileUtils (LogUtils.java:runAndLog(49)) - Successfully ran Atomic Files.move /home/runner/work/ratis/ratis/ratis-test/target/test/data/1e4ee837/MiniRaftClusterWithGrpcf3ee9cbd/s1/80bc3141-7c27-430b-8bc9-e2914a5a9028/current/log_inprogress_0 to /home/runner/work/ratis/ratis/ratis-test/target/test/data/1e4ee837/MiniRaftClusterWithGrpcf3ee9cbd/s1/80bc3141-7c27-430b-8bc9-e2914a5a9028/current/log_0-0
2023-12-13 16:21:22,479 [s1@group-E2914A5A9028-SegmentedRaftLogWorker] INFO  segmented.SegmentedRaftLogWorker (SegmentedRaftLogWorker.java:execute(591)) - s1@group-E2914A5A9028-SegmentedRaftLogWorker: Rolled log segment from /home/runner/work/ratis/ratis/ratis-test/target/test/data/1e4ee837/MiniRaftClusterWithGrpcf3ee9cbd/s1/80bc3141-7c27-430b-8bc9-e2914a5a9028/current/log_inprogress_0 to /home/runner/work/ratis/ratis/ratis-test/target/test/data/1e4ee837/MiniRaftClusterWithGrpcf3ee9cbd/s1/80bc3141-7c27-430b-8bc9-e2914a5a9028/current/log_0-0
2023-12-13 16:21:22,479 [s1@group-E2914A5A9028-SegmentedRaftLogWorker] INFO  segmented.BufferedWriteChannel (BufferedWriteChannel.java:open(62)) - open log_inprogress_1 at position 0
2023-12-13 16:21:22,480 [s0-server-thread2] INFO  util.CodeInjectionForTesting (BlockRequestHandlingInjection.java:execute(77)) - s0: Block request from s2
2023-12-13 16:21:22,485 [s2@group-E2914A5A9028-SegmentedRaftLogWorker] INFO  segmented.SegmentedRaftLogWorker (SegmentedRaftLogWorker.java:execute(634)) - s2@group-E2914A5A9028-SegmentedRaftLogWorker: created new log segment /home/runner/work/ratis/ratis/ratis-test/target/test/data/1e4ee837/MiniRaftClusterWithGrpcf3ee9cbd/s2/80bc3141-7c27-430b-8bc9-e2914a5a9028/current/log_inprogress_1
2023-12-13 16:21:22,485 [s1@group-E2914A5A9028-SegmentedRaftLogWorker] INFO  segmented.SegmentedRaftLogWorker (SegmentedRaftLogWorker.java:execute(634)) - s1@group-E2914A5A9028-SegmentedRaftLogWorker: created new log segment /home/runner/work/ratis/ratis/ratis-test/target/test/data/1e4ee837/MiniRaftClusterWithGrpcf3ee9cbd/s1/80bc3141-7c27-430b-8bc9-e2914a5a9028/current/log_inprogress_1
2023-12-13 16:21:22,486 [s1-server-thread3] DEBUG server.RaftServer$Division (RaftServerImpl.java:logAppendEntries(1504)) - s1@group-E2914A5A9028: succeeded to handle AppendEntries. Reply: s2<-s1#1:OK-t2,SUCCESS,nextIndex=2,followerCommit=0,matchIndex=1
2023-12-13 16:21:22,486 [s2@group-E2914A5A9028-StateMachineUpdater] TRACE util.FileUtils (LogUtils.java:supplyAndLog(69)) - Successfully supplied FileChannel.open /home/runner/work/ratis/ratis/ratis-test/target/test/data/1e4ee837/MiniRaftClusterWithGrpcf3ee9cbd/s2/80bc3141-7c27-430b-8bc9-e2914a5a9028/current/raft-meta.conf.tmp with options [CREATE, WRITE]: sun.nio.ch.FileChannelImpl@1b4ad6de
2023-12-13 16:21:22,487 [s1-server-thread3] DEBUG server.RaftServer$Division (RaftServerImpl.java:logAppendEntries(1504)) - s1@group-E2914A5A9028: receive appendEntries(s2, 2, (t:2, i:1), 1, false, commits:[s2:c1, s0:c0, s1:c0], cId:2, entries: [(t:2, i:2), METADATAENTRY(c:1)]
2023-12-13 16:21:22,488 [s2@group-E2914A5A9028-StateMachineUpdater] TRACE util.FileUtils (LogUtils.java:runAndLog(49)) - Successfully ran Atomic Files.move /home/runner/work/ratis/ratis/ratis-test/target/test/data/1e4ee837/MiniRaftClusterWithGrpcf3ee9cbd/s2/80bc3141-7c27-430b-8bc9-e2914a5a9028/current/raft-meta.conf.tmp to /home/runner/work/ratis/ratis/ratis-test/target/test/data/1e4ee837/MiniRaftClusterWithGrpcf3ee9cbd/s2/80bc3141-7c27-430b-8bc9-e2914a5a9028/current/raft-meta.conf with options [REPLACE_EXISTING]
2023-12-13 16:21:22,488 [s2@group-E2914A5A9028-StateMachineUpdater] INFO  server.RaftServer$Division (LeaderStateImpl.java:isApplied(320)) - leader is ready since appliedIndex == 1 >= startIndex == 1
2023-12-13 16:21:22,488 [s1@group-E2914A5A9028-StateMachineUpdater] TRACE util.FileUtils (LogUtils.java:supplyAndLog(69)) - Successfully supplied FileChannel.open /home/runner/work/ratis/ratis/ratis-test/target/test/data/1e4ee837/MiniRaftClusterWithGrpcf3ee9cbd/s1/80bc3141-7c27-430b-8bc9-e2914a5a9028/current/raft-meta.conf.tmp with options [CREATE, WRITE]: sun.nio.ch.FileChannelImpl@4e2cd1fc
2023-12-13 16:21:22,488 [s1-server-thread3] DEBUG server.RaftServer$Division (RaftServerImpl.java:logAppendEntries(1504)) - s1@group-E2914A5A9028: succeeded to handle AppendEntries. Reply: s2<-s1#2:OK-t2,SUCCESS,nextIndex=3,followerCommit=1,matchIndex=2
2023-12-13 16:21:22,489 [s1@group-E2914A5A9028-StateMachineUpdater] TRACE util.FileUtils (LogUtils.java:runAndLog(49)) - Successfully ran Atomic Files.move /home/runner/work/ratis/ratis/ratis-test/target/test/data/1e4ee837/MiniRaftClusterWithGrpcf3ee9cbd/s1/80bc3141-7c27-430b-8bc9-e2914a5a9028/current/raft-meta.conf.tmp to /home/runner/work/ratis/ratis/ratis-test/target/test/data/1e4ee837/MiniRaftClusterWithGrpcf3ee9cbd/s1/80bc3141-7c27-430b-8bc9-e2914a5a9028/current/raft-meta.conf with options [REPLACE_EXISTING]
2023-12-13 16:21:22,799 [s0@group-E2914A5A9028-FollowerState] INFO  impl.FollowerState (FollowerState.java:lostMajorityHeartbeatsRecently(108)) - s0@group-E2914A5A9028-FollowerState: Skipping leader election since it stepped down recently (elapsed = 3007ms < waitTime = 10s)
2023-12-13 16:21:22,886 [Timer-6] INFO  impl.MiniRaftCluster (MiniRaftCluster.java:lambda$start$6(349)) - TIMED-PRINT: printing ALL groups
  s0:  RUNNING  FOLLOWER s0@group-E2914A5A9028:t1, leader=null, voted=s0, raftlog=Memoized:s0@group-E2914A5A9028-SegmentedRaftLog:OPENED:c0, conf=0: peers:[s0|0.0.0.0:45531, s1|0.0.0.0:34859, s2|0.0.0.0:41623]|listeners:[], old=null RUNNING
  s1:  RUNNING  FOLLOWER s1@group-E2914A5A9028:t2, leader=s2, voted=s2, raftlog=Memoized:s1@group-E2914A5A9028-SegmentedRaftLog:OPENED:c1, conf=1: peers:[s0|0.0.0.0:45531, s1|0.0.0.0:34859, s2|0.0.0.0:41623]|listeners:[], old=null RUNNING
  s2:  RUNNING    LEADER s2@group-E2914A5A9028:t2, leader=s2, voted=s2, raftlog=Memoized:s2@group-E2914A5A9028-SegmentedRaftLog:OPENED:c2, conf=1: peers:[s0|0.0.0.0:45531, s1|0.0.0.0:34859, s2|0.0.0.0:41623]|listeners:[], old=null RUNNING
2023-12-13 16:21:22,926 [Time-limited test] INFO  ratis.RaftTestUtil (RaftTestUtil.java:waitForLeader(124)) - printing group-E2914A5A9028
  s0:  RUNNING  FOLLOWER s0@group-E2914A5A9028:t1, leader=null, voted=s0, raftlog=Memoized:s0@group-E2914A5A9028-SegmentedRaftLog:OPENED:c0, conf=0: peers:[s0|0.0.0.0:45531, s1|0.0.0.0:34859, s2|0.0.0.0:41623]|listeners:[], old=null RUNNING
  s1:  RUNNING  FOLLOWER s1@group-E2914A5A9028:t2, leader=s2, voted=s2, raftlog=Memoized:s1@group-E2914A5A9028-SegmentedRaftLog:OPENED:c1, conf=1: peers:[s0|0.0.0.0:45531, s1|0.0.0.0:34859, s2|0.0.0.0:41623]|listeners:[], old=null RUNNING
  s2:  RUNNING    LEADER s2@group-E2914A5A9028:t2, leader=s2, voted=s2, raftlog=Memoized:s2@group-E2914A5A9028-SegmentedRaftLog:OPENED:c2, conf=1: peers:[s0|0.0.0.0:45531, s1|0.0.0.0:34859, s2|0.0.0.0:41623]|listeners:[], old=null RUNNING
2023-12-13 16:21:22,926 [Time-limited test] DEBUG client.RaftClient (ConfUtils.java:logGet(46)) - raft.rpc.type = GRPC (default)
2023-12-13 16:21:22,927 [Time-limited test] DEBUG client.RaftClient (RaftClientImpl.java:get(162)) - client-9F7E766D2BC8: get 51 returns []
2023-12-13 16:21:22,935 [s0-client-thread1] DEBUG server.RaftServer$Division (RaftServerImpl.java:submitClientRequestAsync(893)) - s0@group-E2914A5A9028: receive client request(RaftClientRequest:client-9F7E766D2BC8->s0@group-E2914A5A9028, cid=51, seq=null, RW, Message:6d30)
2023-12-13 16:21:22,936 [null-request--thread1] INFO  server.GrpcClientProtocolService (GrpcClientProtocolService.java:lambda$processClientRequest$0(284)) - Failed RaftClientRequest:client-9F7E766D2BC8->s0@group-E2914A5A9028, cid=51, seq=null, RW, Message:6d30, reply=RaftClientReply:client-9F7E766D2BC8->s0@group-E2914A5A9028, cid=51, FAILED org.apache.ratis.protocol.exceptions.NotLeaderException: Server s0@group-E2914A5A9028 is not the leader, logIndex=0, commits[s0:c0, s1:c0, s2:c0]
2023-12-13 16:21:22,939 [Time-limited test] DEBUG client.RaftClient (RaftClientImpl.java:handleIOException(419)) - client-9F7E766D2BC8: suggested new leader: null. Failed RaftClientRequest:client-9F7E766D2BC8->s0@group-E2914A5A9028, cid=51, seq=null, RW, m0 with {}
org.apache.ratis.protocol.exceptions.NotLeaderException: Server s0@group-E2914A5A9028 is not the leader
	at org.apache.ratis.client.impl.ClientProtoUtils.toRaftClientReply(ClientProtoUtils.java:397)
	at java.base/java.util.concurrent.CompletableFuture$UniApply.tryFire(CompletableFuture.java:642)
	at java.base/java.util.concurrent.CompletableFuture.postComplete(CompletableFuture.java:506)
	at java.base/java.util.concurrent.CompletableFuture.complete(CompletableFuture.java:2079)
	at org.apache.ratis.grpc.client.GrpcClientRpc$1.onNext(GrpcClientRpc.java:151)
	at org.apache.ratis.grpc.client.GrpcClientRpc$1.onNext(GrpcClientRpc.java:148)
	at org.apache.ratis.thirdparty.io.grpc.stub.ClientCalls$StreamObserverToCallListenerAdapter.onMessage(ClientCalls.java:468)
	at org.apache.ratis.thirdparty.io.grpc.ForwardingClientCallListener.onMessage(ForwardingClientCallListener.java:33)
	at org.apache.ratis.thirdparty.io.grpc.internal.DelayedClientCall$DelayedListener.onMessage(DelayedClientCall.java:473)
	at org.apache.ratis.thirdparty.io.grpc.internal.ClientCallImpl$ClientStreamListenerImpl$1MessagesAvailable.runInternal(ClientCallImpl.java:660)
	at org.apache.ratis.thirdparty.io.grpc.internal.ClientCallImpl$ClientStreamListenerImpl$1MessagesAvailable.runInContext(ClientCallImpl.java:647)
	at org.apache.ratis.thirdparty.io.grpc.internal.ContextRunnable.run(ContextRunnable.java:37)
	at org.apache.ratis.thirdparty.io.grpc.internal.SerializingExecutor.run(SerializingExecutor.java:133)
	at java.base/java.util.concurrent.ThreadPoolExecutor.runWorker(ThreadPoolExecutor.java:1128)
	at java.base/java.util.concurrent.ThreadPoolExecutor$Worker.run(ThreadPoolExecutor.java:628)
	at java.base/java.lang.Thread.run(Thread.java:829)
2023-12-13 16:21:22,939 [Time-limited test] DEBUG client.RaftClient (RaftClientImpl.java:handleIOException(438)) - client-9F7E766D2BC8: oldLeader=s0,  curLeader=s0, newLeader=s1
2023-12-13 16:21:22,939 [Time-limited test] DEBUG client.RaftClient (RaftClientImpl.java:handleIOException(444)) - client-9F7E766D2BC8 changes Leader from s0 to s1 for group-E2914A5A9028
org.apache.ratis.protocol.exceptions.NotLeaderException: Server s0@group-E2914A5A9028 is not the leader
	at org.apache.ratis.client.impl.ClientProtoUtils.toRaftClientReply(ClientProtoUtils.java:397)
	at java.base/java.util.concurrent.CompletableFuture$UniApply.tryFire(CompletableFuture.java:642)
	at java.base/java.util.concurrent.CompletableFuture.postComplete(CompletableFuture.java:506)
	at java.base/java.util.concurrent.CompletableFuture.complete(CompletableFuture.java:2079)
	at org.apache.ratis.grpc.client.GrpcClientRpc$1.onNext(GrpcClientRpc.java:151)
	at org.apache.ratis.grpc.client.GrpcClientRpc$1.onNext(GrpcClientRpc.java:148)
	at org.apache.ratis.thirdparty.io.grpc.stub.ClientCalls$StreamObserverToCallListenerAdapter.onMessage(ClientCalls.java:468)
	at org.apache.ratis.thirdparty.io.grpc.ForwardingClientCallListener.onMessage(ForwardingClientCallListener.java:33)
	at org.apache.ratis.thirdparty.io.grpc.internal.DelayedClientCall$DelayedListener.onMessage(DelayedClientCall.java:473)
	at org.apache.ratis.thirdparty.io.grpc.internal.ClientCallImpl$ClientStreamListenerImpl$1MessagesAvailable.runInternal(ClientCallImpl.java:660)
	at org.apache.ratis.thirdparty.io.grpc.internal.ClientCallImpl$ClientStreamListenerImpl$1MessagesAvailable.runInContext(ClientCallImpl.java:647)
	at org.apache.ratis.thirdparty.io.grpc.internal.ContextRunnable.run(ContextRunnable.java:37)
	at org.apache.ratis.thirdparty.io.grpc.internal.SerializingExecutor.run(SerializingExecutor.java:133)
	at java.base/java.util.concurrent.ThreadPoolExecutor.runWorker(ThreadPoolExecutor.java:1128)
	at java.base/java.util.concurrent.ThreadPoolExecutor$Worker.run(ThreadPoolExecutor.java:628)
	at java.base/java.lang.Thread.run(Thread.java:829)
2023-12-13 16:21:23,040 [Time-limited test] DEBUG client.RaftClient (RaftClientImpl.java:get(162)) - client-9F7E766D2BC8: get 51 returns []
2023-12-13 16:21:23,044 [s1-client-thread1] DEBUG server.RaftServer$Division (RaftServerImpl.java:submitClientRequestAsync(893)) - s1@group-E2914A5A9028: receive client request(RaftClientRequest:client-9F7E766D2BC8->s1@group-E2914A5A9028, cid=51, seq=null, RW, Message:6d30)
2023-12-13 16:21:23,044 [null-request--thread1] INFO  server.GrpcClientProtocolService (GrpcClientProtocolService.java:lambda$processClientRequest$0(284)) - Failed RaftClientRequest:client-9F7E766D2BC8->s1@group-E2914A5A9028, cid=51, seq=null, RW, Message:6d30, reply=RaftClientReply:client-9F7E766D2BC8->s1@group-E2914A5A9028, cid=51, FAILED org.apache.ratis.protocol.exceptions.NotLeaderException: Server s1@group-E2914A5A9028 is not the leader s2|0.0.0.0:41623, logIndex=0, commits[s1:c1, s0:c0, s2:c1]
2023-12-13 16:21:23,045 [Time-limited test] DEBUG client.RaftClient (RaftClientImpl.java:handleIOException(419)) - client-9F7E766D2BC8: suggested new leader: s2. Failed RaftClientRequest:client-9F7E766D2BC8->s1@group-E2914A5A9028, cid=51, seq=null, RW, m0 with {}
org.apache.ratis.protocol.exceptions.NotLeaderException: Server s1@group-E2914A5A9028 is not the leader s2|0.0.0.0:41623
	at org.apache.ratis.client.impl.ClientProtoUtils.toRaftClientReply(ClientProtoUtils.java:397)
	at java.base/java.util.concurrent.CompletableFuture$UniApply.tryFire(CompletableFuture.java:642)
	at java.base/java.util.concurrent.CompletableFuture.postComplete(CompletableFuture.java:506)
	at java.base/java.util.concurrent.CompletableFuture.complete(CompletableFuture.java:2079)
	at org.apache.ratis.grpc.client.GrpcClientRpc$1.onNext(GrpcClientRpc.java:151)
	at org.apache.ratis.grpc.client.GrpcClientRpc$1.onNext(GrpcClientRpc.java:148)
	at org.apache.ratis.thirdparty.io.grpc.stub.ClientCalls$StreamObserverToCallListenerAdapter.onMessage(ClientCalls.java:468)
	at org.apache.ratis.thirdparty.io.grpc.ForwardingClientCallListener.onMessage(ForwardingClientCallListener.java:33)
	at org.apache.ratis.thirdparty.io.grpc.internal.DelayedClientCall$DelayedListener.onMessage(DelayedClientCall.java:473)
	at org.apache.ratis.thirdparty.io.grpc.internal.ClientCallImpl$ClientStreamListenerImpl$1MessagesAvailable.runInternal(ClientCallImpl.java:660)
	at org.apache.ratis.thirdparty.io.grpc.internal.ClientCallImpl$ClientStreamListenerImpl$1MessagesAvailable.runInContext(ClientCallImpl.java:647)
	at org.apache.ratis.thirdparty.io.grpc.internal.ContextRunnable.run(ContextRunnable.java:37)
	at org.apache.ratis.thirdparty.io.grpc.internal.SerializingExecutor.run(SerializingExecutor.java:133)
	at java.base/java.util.concurrent.ThreadPoolExecutor.runWorker(ThreadPoolExecutor.java:1128)
	at java.base/java.util.concurrent.ThreadPoolExecutor$Worker.run(ThreadPoolExecutor.java:628)
	at java.base/java.lang.Thread.run(Thread.java:829)
2023-12-13 16:21:23,045 [Time-limited test] DEBUG client.RaftClient (RaftClientImpl.java:handleIOException(438)) - client-9F7E766D2BC8: oldLeader=s1,  curLeader=s1, newLeader=s2
2023-12-13 16:21:23,045 [Time-limited test] DEBUG client.RaftClient (RaftClientImpl.java:handleIOException(444)) - client-9F7E766D2BC8 changes Leader from s1 to s2 for group-E2914A5A9028
org.apache.ratis.protocol.exceptions.NotLeaderException: Server s1@group-E2914A5A9028 is not the leader s2|0.0.0.0:41623
	at org.apache.ratis.client.impl.ClientProtoUtils.toRaftClientReply(ClientProtoUtils.java:397)
	at java.base/java.util.concurrent.CompletableFuture$UniApply.tryFire(CompletableFuture.java:642)
	at java.base/java.util.concurrent.CompletableFuture.postComplete(CompletableFuture.java:506)
	at java.base/java.util.concurrent.CompletableFuture.complete(CompletableFuture.java:2079)
	at org.apache.ratis.grpc.client.GrpcClientRpc$1.onNext(GrpcClientRpc.java:151)
	at org.apache.ratis.grpc.client.GrpcClientRpc$1.onNext(GrpcClientRpc.java:148)
	at org.apache.ratis.thirdparty.io.grpc.stub.ClientCalls$StreamObserverToCallListenerAdapter.onMessage(ClientCalls.java:468)
	at org.apache.ratis.thirdparty.io.grpc.ForwardingClientCallListener.onMessage(ForwardingClientCallListener.java:33)
	at org.apache.ratis.thirdparty.io.grpc.internal.DelayedClientCall$DelayedListener.onMessage(DelayedClientCall.java:473)
	at org.apache.ratis.thirdparty.io.grpc.internal.ClientCallImpl$ClientStreamListenerImpl$1MessagesAvailable.runInternal(ClientCallImpl.java:660)
	at org.apache.ratis.thirdparty.io.grpc.internal.ClientCallImpl$ClientStreamListenerImpl$1MessagesAvailable.runInContext(ClientCallImpl.java:647)
	at org.apache.ratis.thirdparty.io.grpc.internal.ContextRunnable.run(ContextRunnable.java:37)
	at org.apache.ratis.thirdparty.io.grpc.internal.SerializingExecutor.run(SerializingExecutor.java:133)
	at java.base/java.util.concurrent.ThreadPoolExecutor.runWorker(ThreadPoolExecutor.java:1128)
	at java.base/java.util.concurrent.ThreadPoolExecutor$Worker.run(ThreadPoolExecutor.java:628)
	at java.base/java.lang.Thread.run(Thread.java:829)
2023-12-13 16:21:23,146 [Time-limited test] DEBUG client.RaftClient (RaftClientImpl.java:get(162)) - client-9F7E766D2BC8: get 51 returns []
2023-12-13 16:21:23,149 [s2-client-thread1] DEBUG server.RaftServer$Division (RaftServerImpl.java:submitClientRequestAsync(893)) - s2@group-E2914A5A9028: receive client request(RaftClientRequest:client-9F7E766D2BC8->s2@group-E2914A5A9028, cid=51, seq=null, RW, Message:6d30)
2023-12-13 16:21:23,156 [s2-client-thread1] DEBUG server.RaftServer$Division (LeaderStateImpl.java:addPendingRequest(531)) - s2@group-E2914A5A9028-LeaderStateImpl: addPendingRequest at RaftClientRequest:client-9F7E766D2BC8->s2@group-E2914A5A9028, cid=51, seq=null, RW, Message:6d30, entry=(t:2, i:3), STATEMACHINELOGENTRY, 51@client-9F7E766D2BC8
2023-12-13 16:21:23,156 [s1-server-thread3] DEBUG server.RaftServer$Division (RaftServerImpl.java:logAppendEntries(1504)) - s1@group-E2914A5A9028: receive appendEntries(s2, 2, (t:2, i:2), 2, false, commits:[s2:c2, s0:c0, s1:c1], cId:5, entries: [(t:2, i:3), STATEMACHINELOGENTRY, 51@client-9F7E766D2BC8]
2023-12-13 16:21:23,157 [s1-server-thread3] DEBUG server.RaftServer$Division (RaftServerImpl.java:logAppendEntries(1504)) - s1@group-E2914A5A9028: succeeded to handle AppendEntries. Reply: s2<-s1#5:OK-t2,SUCCESS,nextIndex=4,followerCommit=2,matchIndex=3
2023-12-13 16:21:23,159 [s1-server-thread3] DEBUG server.RaftServer$Division (RaftServerImpl.java:logAppendEntries(1504)) - s1@group-E2914A5A9028: receive appendEntries(s2, 2, (t:2, i:3), 3, false, commits:[s2:c3, s0:c0, s1:c2], cId:6, entries: [(t:2, i:4), METADATAENTRY(c:3)]
2023-12-13 16:21:23,160 [s1-server-thread3] DEBUG server.RaftServer$Division (RaftServerImpl.java:logAppendEntries(1504)) - s1@group-E2914A5A9028: succeeded to handle AppendEntries. Reply: s2<-s1#6:OK-t2,SUCCESS,nextIndex=5,followerCommit=3,matchIndex=4
2023-12-13 16:21:23,161 [Time-limited test] DEBUG client.RaftClient (RaftClientImpl.java:add(150)) - client-9F7E766D2BC8: add replied callId 51
2023-12-13 16:21:23,162 [Time-limited test] DEBUG client.RaftClient (RaftClientImpl.java:get(162)) - client-9F7E766D2BC8: get 52 returns [51]
2023-12-13 16:21:23,163 [s2-client-thread1] DEBUG server.RaftServer$Division (RaftServerImpl.java:submitClientRequestAsync(893)) - s2@group-E2914A5A9028: receive client request(RaftClientRequest:client-9F7E766D2BC8->s2@group-E2914A5A9028, cid=52, seq=null, RW, Message:6d31)
2023-12-13 16:21:23,163 [s2-client-thread1] DEBUG server.RaftServer$Division (LeaderStateImpl.java:addPendingRequest(531)) - s2@group-E2914A5A9028-LeaderStateImpl: addPendingRequest at RaftClientRequest:client-9F7E766D2BC8->s2@group-E2914A5A9028, cid=52, seq=null, RW, Message:6d31, entry=(t:2, i:5), STATEMACHINELOGENTRY, 52@client-9F7E766D2BC8
2023-12-13 16:21:23,166 [s1-server-thread3] DEBUG server.RaftServer$Division (RaftServerImpl.java:logAppendEntries(1504)) - s1@group-E2914A5A9028: receive appendEntries(s2, 2, (t:2, i:4), 4, false, commits:[s2:c4, s0:c0, s1:c3], cId:9, entries: [(t:2, i:5), STATEMACHINELOGENTRY, 52@client-9F7E766D2BC8]
2023-12-13 16:21:23,167 [s1-server-thread3] DEBUG server.RaftServer$Division (RaftServerImpl.java:logAppendEntries(1504)) - s1@group-E2914A5A9028: succeeded to handle AppendEntries. Reply: s2<-s1#9:OK-t2,SUCCESS,nextIndex=6,followerCommit=4,matchIndex=5
2023-12-13 16:21:23,168 [s1-server-thread3] DEBUG server.RaftServer$Division (RaftServerImpl.java:logAppendEntries(1504)) - s1@group-E2914A5A9028: receive appendEntries(s2, 2, (t:2, i:5), 5, false, commits:[s2:c5, s0:c0, s1:c4], cId:10, entries: [(t:2, i:6), METADATAENTRY(c:5)]
2023-12-13 16:21:23,168 [s1-server-thread3] DEBUG server.RaftServer$Division (RaftServerImpl.java:logAppendEntries(1504)) - s1@group-E2914A5A9028: succeeded to handle AppendEntries. Reply: s2<-s1#10:OK-t2,SUCCESS,nextIndex=7,followerCommit=5,matchIndex=6
2023-12-13 16:21:23,170 [Time-limited test] DEBUG client.RaftClient (RaftClientImpl.java:add(150)) - client-9F7E766D2BC8: add replied callId 52
2023-12-13 16:21:23,171 [Time-limited test] DEBUG client.RaftClient (RaftClientImpl.java:get(162)) - client-9F7E766D2BC8: get 53 returns [52]
2023-12-13 16:21:23,171 [s2-client-thread1] DEBUG server.RaftServer$Division (RaftServerImpl.java:submitClientRequestAsync(893)) - s2@group-E2914A5A9028: receive client request(RaftClientRequest:client-9F7E766D2BC8->s2@group-E2914A5A9028, cid=53, seq=null, RW, Message:6d32)
2023-12-13 16:21:23,172 [s2-client-thread1] DEBUG server.RaftServer$Division (LeaderStateImpl.java:addPendingRequest(531)) - s2@group-E2914A5A9028-LeaderStateImpl: addPendingRequest at RaftClientRequest:client-9F7E766D2BC8->s2@group-E2914A5A9028, cid=53, seq=null, RW, Message:6d32, entry=(t:2, i:7), STATEMACHINELOGENTRY, 53@client-9F7E766D2BC8
2023-12-13 16:21:23,172 [s1-server-thread3] DEBUG server.RaftServer$Division (RaftServerImpl.java:logAppendEntries(1504)) - s1@group-E2914A5A9028: receive appendEntries(s2, 2, (t:2, i:6), 6, false, commits:[s2:c6, s0:c0, s1:c5], cId:13, entries: [(t:2, i:7), STATEMACHINELOGENTRY, 53@client-9F7E766D2BC8]
2023-12-13 16:21:23,173 [s1-server-thread3] DEBUG server.RaftServer$Division (RaftServerImpl.java:logAppendEntries(1504)) - s1@group-E2914A5A9028: succeeded to handle AppendEntries. Reply: s2<-s1#13:OK-t2,SUCCESS,nextIndex=8,followerCommit=6,matchIndex=7
2023-12-13 16:21:23,174 [Time-limited test] DEBUG client.RaftClient (RaftClientImpl.java:add(150)) - client-9F7E766D2BC8: add replied callId 53
2023-12-13 16:21:23,174 [s1-server-thread3] DEBUG server.RaftServer$Division (RaftServerImpl.java:logAppendEntries(1504)) - s1@group-E2914A5A9028: receive appendEntries(s2, 2, (t:2, i:7), 7, false, commits:[s2:c7, s0:c0, s1:c6], cId:14, entries: [(t:2, i:8), METADATAENTRY(c:7)]
2023-12-13 16:21:23,174 [Time-limited test] DEBUG client.RaftClient (RaftClientImpl.java:get(162)) - client-9F7E766D2BC8: get 54 returns [53]
2023-12-13 16:21:23,175 [s2-client-thread1] DEBUG server.RaftServer$Division (RaftServerImpl.java:submitClientRequestAsync(893)) - s2@group-E2914A5A9028: receive client request(RaftClientRequest:client-9F7E766D2BC8->s2@group-E2914A5A9028, cid=54, seq=null, RW, Message:6d33)
2023-12-13 16:21:23,175 [s2-client-thread1] DEBUG server.RaftServer$Division (LeaderStateImpl.java:addPendingRequest(531)) - s2@group-E2914A5A9028-LeaderStateImpl: addPendingRequest at RaftClientRequest:client-9F7E766D2BC8->s2@group-E2914A5A9028, cid=54, seq=null, RW, Message:6d33, entry=(t:2, i:9), STATEMACHINELOGENTRY, 54@client-9F7E766D2BC8
2023-12-13 16:21:23,175 [s1-server-thread3] DEBUG server.RaftServer$Division (RaftServerImpl.java:logAppendEntries(1504)) - s1@group-E2914A5A9028: succeeded to handle AppendEntries. Reply: s2<-s1#14:OK-t2,SUCCESS,nextIndex=9,followerCommit=7,matchIndex=8
2023-12-13 16:21:23,175 [s1-server-thread3] DEBUG server.RaftServer$Division (RaftServerImpl.java:logAppendEntries(1504)) - s1@group-E2914A5A9028: receive appendEntries(s2, 2, (t:2, i:8), 7, false, commits:[s2:c7, s0:c0, s1:c6], cId:15, entries: [(t:2, i:9), STATEMACHINELOGENTRY, 54@client-9F7E766D2BC8]
2023-12-13 16:21:23,176 [s1-server-thread3] DEBUG server.RaftServer$Division (RaftServerImpl.java:logAppendEntries(1504)) - s1@group-E2914A5A9028: succeeded to handle AppendEntries. Reply: s2<-s1#15:OK-t2,SUCCESS,nextIndex=10,followerCommit=7,matchIndex=9
2023-12-13 16:21:23,177 [s1-server-thread3] DEBUG server.RaftServer$Division (RaftServerImpl.java:logAppendEntries(1504)) - s1@group-E2914A5A9028: receive appendEntries(s2, 2, (t:2, i:9), 9, false, commits:[s2:c9, s0:c0, s1:c7], cId:19, entries: [(t:2, i:10), METADATAENTRY(c:9)]
2023-12-13 16:21:23,177 [Time-limited test] DEBUG client.RaftClient (RaftClientImpl.java:add(150)) - client-9F7E766D2BC8: add replied callId 54
2023-12-13 16:21:23,177 [s1-server-thread3] DEBUG server.RaftServer$Division (RaftServerImpl.java:logAppendEntries(1504)) - s1@group-E2914A5A9028: succeeded to handle AppendEntries. Reply: s2<-s1#19:OK-t2,SUCCESS,nextIndex=11,followerCommit=9,matchIndex=10
2023-12-13 16:21:23,177 [Time-limited test] DEBUG client.RaftClient (RaftClientImpl.java:get(162)) - client-9F7E766D2BC8: get 55 returns [54]
2023-12-13 16:21:23,178 [s2-client-thread1] DEBUG server.RaftServer$Division (RaftServerImpl.java:submitClientRequestAsync(893)) - s2@group-E2914A5A9028: receive client request(RaftClientRequest:client-9F7E766D2BC8->s2@group-E2914A5A9028, cid=55, seq=null, RW, Message:6d34)
2023-12-13 16:21:23,179 [s2-client-thread1] DEBUG server.RaftServer$Division (LeaderStateImpl.java:addPendingRequest(531)) - s2@group-E2914A5A9028-LeaderStateImpl: addPendingRequest at RaftClientRequest:client-9F7E766D2BC8->s2@group-E2914A5A9028, cid=55, seq=null, RW, Message:6d34, entry=(t:2, i:11), STATEMACHINELOGENTRY, 55@client-9F7E766D2BC8
2023-12-13 16:21:23,179 [s1-server-thread3] DEBUG server.RaftServer$Division (RaftServerImpl.java:logAppendEntries(1504)) - s1@group-E2914A5A9028: receive appendEntries(s2, 2, (t:2, i:10), 10, false, commits:[s2:c10, s0:c0, s1:c9], cId:21, entries: [(t:2, i:11), STATEMACHINELOGENTRY, 55@client-9F7E766D2BC8]
2023-12-13 16:21:23,180 [s1-server-thread3] DEBUG server.RaftServer$Division (RaftServerImpl.java:logAppendEntries(1504)) - s1@group-E2914A5A9028: succeeded to handle AppendEntries. Reply: s2<-s1#21:OK-t2,SUCCESS,nextIndex=12,followerCommit=10,matchIndex=11
2023-12-13 16:21:23,181 [s1-server-thread3] DEBUG server.RaftServer$Division (RaftServerImpl.java:logAppendEntries(1504)) - s1@group-E2914A5A9028: receive appendEntries(s2, 2, (t:2, i:11), 11, false, commits:[s2:c11, s0:c0, s1:c10], cId:22, entries: [(t:2, i:12), METADATAENTRY(c:11)]
2023-12-13 16:21:23,181 [Time-limited test] DEBUG client.RaftClient (RaftClientImpl.java:add(150)) - client-9F7E766D2BC8: add replied callId 55
2023-12-13 16:21:23,181 [Time-limited test] DEBUG client.RaftClient (RaftClientImpl.java:get(162)) - client-9F7E766D2BC8: get 56 returns [55]
2023-12-13 16:21:23,182 [s1-server-thread3] DEBUG server.RaftServer$Division (RaftServerImpl.java:logAppendEntries(1504)) - s1@group-E2914A5A9028: succeeded to handle AppendEntries. Reply: s2<-s1#22:OK-t2,SUCCESS,nextIndex=13,followerCommit=11,matchIndex=12
2023-12-13 16:21:23,182 [s2-client-thread1] DEBUG server.RaftServer$Division (RaftServerImpl.java:submitClientRequestAsync(893)) - s2@group-E2914A5A9028: receive client request(RaftClientRequest:client-9F7E766D2BC8->s2@group-E2914A5A9028, cid=56, seq=null, RW, Message:6d35)
2023-12-13 16:21:23,182 [s2-client-thread1] DEBUG server.RaftServer$Division (LeaderStateImpl.java:addPendingRequest(531)) - s2@group-E2914A5A9028-LeaderStateImpl: addPendingRequest at RaftClientRequest:client-9F7E766D2BC8->s2@group-E2914A5A9028, cid=56, seq=null, RW, Message:6d35, entry=(t:2, i:13), STATEMACHINELOGENTRY, 56@client-9F7E766D2BC8
2023-12-13 16:21:23,183 [s1-server-thread3] DEBUG server.RaftServer$Division (RaftServerImpl.java:logAppendEntries(1504)) - s1@group-E2914A5A9028: receive appendEntries(s2, 2, (t:2, i:12), 12, false, commits:[s2:c12, s0:c0, s1:c11], cId:24, entries: [(t:2, i:13), STATEMACHINELOGENTRY, 56@client-9F7E766D2BC8]
2023-12-13 16:21:23,183 [s1-server-thread3] DEBUG server.RaftServer$Division (RaftServerImpl.java:logAppendEntries(1504)) - s1@group-E2914A5A9028: succeeded to handle AppendEntries. Reply: s2<-s1#24:OK-t2,SUCCESS,nextIndex=14,followerCommit=12,matchIndex=13
2023-12-13 16:21:23,185 [Time-limited test] DEBUG client.RaftClient (RaftClientImpl.java:add(150)) - client-9F7E766D2BC8: add replied callId 56
2023-12-13 16:21:23,185 [Time-limited test] DEBUG client.RaftClient (RaftClientImpl.java:get(162)) - client-9F7E766D2BC8: get 57 returns [56]
2023-12-13 16:21:23,185 [s2-client-thread1] DEBUG server.RaftServer$Division (RaftServerImpl.java:submitClientRequestAsync(893)) - s2@group-E2914A5A9028: receive client request(RaftClientRequest:client-9F7E766D2BC8->s2@group-E2914A5A9028, cid=57, seq=null, RW, Message:6d36)
2023-12-13 16:21:23,186 [s2-client-thread1] DEBUG server.RaftServer$Division (LeaderStateImpl.java:addPendingRequest(531)) - s2@group-E2914A5A9028-LeaderStateImpl: addPendingRequest at RaftClientRequest:client-9F7E766D2BC8->s2@group-E2914A5A9028, cid=57, seq=null, RW, Message:6d36, entry=(t:2, i:15), STATEMACHINELOGENTRY, 57@client-9F7E766D2BC8
2023-12-13 16:21:23,187 [s1-server-thread3] DEBUG server.RaftServer$Division (RaftServerImpl.java:logAppendEntries(1504)) - s1@group-E2914A5A9028: receive appendEntries(s2, 2, (t:2, i:13), 13, false, commits:[s2:c13, s0:c0, s1:c12], cId:25, entries: [(t:2, i:14), METADATAENTRY(c:13)]
2023-12-13 16:21:23,187 [s1-server-thread3] DEBUG server.RaftServer$Division (RaftServerImpl.java:logAppendEntries(1504)) - s1@group-E2914A5A9028: succeeded to handle AppendEntries. Reply: s2<-s1#25:OK-t2,SUCCESS,nextIndex=15,followerCommit=13,matchIndex=14
2023-12-13 16:21:23,187 [s1-server-thread2] DEBUG server.RaftServer$Division (RaftServerImpl.java:logAppendEntries(1504)) - s1@group-E2914A5A9028: receive appendEntries(s2, 2, (t:2, i:14), 13, false, commits:[s2:c13, s0:c0, s1:c12], cId:26, entries: [(t:2, i:15), STATEMACHINELOGENTRY, 57@client-9F7E766D2BC8]
2023-12-13 16:21:23,188 [s1-server-thread2] DEBUG server.RaftServer$Division (RaftServerImpl.java:logAppendEntries(1504)) - s1@group-E2914A5A9028: succeeded to handle AppendEntries. Reply: s2<-s1#26:OK-t2,SUCCESS,nextIndex=16,followerCommit=13,matchIndex=15
2023-12-13 16:21:23,189 [s1-server-thread2] DEBUG server.RaftServer$Division (RaftServerImpl.java:logAppendEntries(1504)) - s1@group-E2914A5A9028: receive appendEntries(s2, 2, (t:2, i:15), 15, false, commits:[s2:c15, s0:c0, s1:c13], cId:29, entries: [(t:2, i:16), METADATAENTRY(c:15)]
2023-12-13 16:21:23,189 [Time-limited test] DEBUG client.RaftClient (RaftClientImpl.java:add(150)) - client-9F7E766D2BC8: add replied callId 57
2023-12-13 16:21:23,190 [Time-limited test] DEBUG client.RaftClient (RaftClientImpl.java:get(162)) - client-9F7E766D2BC8: get 58 returns [57]
2023-12-13 16:21:23,190 [s1-server-thread2] DEBUG server.RaftServer$Division (RaftServerImpl.java:logAppendEntries(1504)) - s1@group-E2914A5A9028: succeeded to handle AppendEntries. Reply: s2<-s1#29:OK-t2,SUCCESS,nextIndex=17,followerCommit=15,matchIndex=16
2023-12-13 16:21:23,191 [s2-client-thread1] DEBUG server.RaftServer$Division (RaftServerImpl.java:submitClientRequestAsync(893)) - s2@group-E2914A5A9028: receive client request(RaftClientRequest:client-9F7E766D2BC8->s2@group-E2914A5A9028, cid=58, seq=null, RW, Message:6d37)
2023-12-13 16:21:23,191 [s2-client-thread1] DEBUG server.RaftServer$Division (LeaderStateImpl.java:addPendingRequest(531)) - s2@group-E2914A5A9028-LeaderStateImpl: addPendingRequest at RaftClientRequest:client-9F7E766D2BC8->s2@group-E2914A5A9028, cid=58, seq=null, RW, Message:6d37, entry=(t:2, i:17), STATEMACHINELOGENTRY, 58@client-9F7E766D2BC8
2023-12-13 16:21:23,191 [s1-server-thread2] DEBUG server.RaftServer$Division (RaftServerImpl.java:logAppendEntries(1504)) - s1@group-E2914A5A9028: receive appendEntries(s2, 2, (t:2, i:16), 16, false, commits:[s2:c16, s0:c0, s1:c15], cId:32, entries: [(t:2, i:17), STATEMACHINELOGENTRY, 58@client-9F7E766D2BC8]
2023-12-13 16:21:23,192 [s1-server-thread2] DEBUG server.RaftServer$Division (RaftServerImpl.java:logAppendEntries(1504)) - s1@group-E2914A5A9028: succeeded to handle AppendEntries. Reply: s2<-s1#32:OK-t2,SUCCESS,nextIndex=18,followerCommit=16,matchIndex=17
2023-12-13 16:21:23,193 [s1-server-thread2] DEBUG server.RaftServer$Division (RaftServerImpl.java:logAppendEntries(1504)) - s1@group-E2914A5A9028: receive appendEntries(s2, 2, (t:2, i:17), 17, false, commits:[s2:c17, s0:c0, s1:c16], cId:33, entries: [(t:2, i:18), METADATAENTRY(c:17)]
2023-12-13 16:21:23,193 [Time-limited test] DEBUG client.RaftClient (RaftClientImpl.java:add(150)) - client-9F7E766D2BC8: add replied callId 58
2023-12-13 16:21:23,193 [Time-limited test] DEBUG client.RaftClient (RaftClientImpl.java:get(162)) - client-9F7E766D2BC8: get 59 returns [58]
2023-12-13 16:21:23,193 [s1-server-thread2] DEBUG server.RaftServer$Division (RaftServerImpl.java:logAppendEntries(1504)) - s1@group-E2914A5A9028: succeeded to handle AppendEntries. Reply: s2<-s1#33:OK-t2,SUCCESS,nextIndex=19,followerCommit=17,matchIndex=18
2023-12-13 16:21:23,194 [s2-client-thread1] DEBUG server.RaftServer$Division (RaftServerImpl.java:submitClientRequestAsync(893)) - s2@group-E2914A5A9028: receive client request(RaftClientRequest:client-9F7E766D2BC8->s2@group-E2914A5A9028, cid=59, seq=null, RW, Message:6d38)
2023-12-13 16:21:23,195 [s2-client-thread1] DEBUG server.RaftServer$Division (LeaderStateImpl.java:addPendingRequest(531)) - s2@group-E2914A5A9028-LeaderStateImpl: addPendingRequest at RaftClientRequest:client-9F7E766D2BC8->s2@group-E2914A5A9028, cid=59, seq=null, RW, Message:6d38, entry=(t:2, i:19), STATEMACHINELOGENTRY, 59@client-9F7E766D2BC8
2023-12-13 16:21:23,195 [s1-server-thread2] DEBUG server.RaftServer$Division (RaftServerImpl.java:logAppendEntries(1504)) - s1@group-E2914A5A9028: receive appendEntries(s2, 2, (t:2, i:18), 18, false, commits:[s2:c18, s0:c0, s1:c17], cId:35, entries: [(t:2, i:19), STATEMACHINELOGENTRY, 59@client-9F7E766D2BC8]
2023-12-13 16:21:23,195 [s1-server-thread2] DEBUG server.RaftServer$Division (RaftServerImpl.java:logAppendEntries(1504)) - s1@group-E2914A5A9028: succeeded to handle AppendEntries. Reply: s2<-s1#35:OK-t2,SUCCESS,nextIndex=20,followerCommit=18,matchIndex=19
2023-12-13 16:21:23,196 [s1-server-thread2] DEBUG server.RaftServer$Division (RaftServerImpl.java:logAppendEntries(1504)) - s1@group-E2914A5A9028: receive appendEntries(s2, 2, (t:2, i:19), 19, false, commits:[s2:c19, s0:c0, s1:c18], cId:36, entries: [(t:2, i:20), METADATAENTRY(c:19)]
2023-12-13 16:21:23,197 [s1-server-thread2] DEBUG server.RaftServer$Division (RaftServerImpl.java:logAppendEntries(1504)) - s1@group-E2914A5A9028: succeeded to handle AppendEntries. Reply: s2<-s1#36:OK-t2,SUCCESS,nextIndex=21,followerCommit=19,matchIndex=20
2023-12-13 16:21:23,197 [Time-limited test] DEBUG client.RaftClient (RaftClientImpl.java:add(150)) - client-9F7E766D2BC8: add replied callId 59
2023-12-13 16:21:23,197 [Time-limited test] DEBUG client.RaftClient (RaftClientImpl.java:get(162)) - client-9F7E766D2BC8: get 60 returns [59]
2023-12-13 16:21:23,198 [s2-client-thread1] DEBUG server.RaftServer$Division (RaftServerImpl.java:submitClientRequestAsync(893)) - s2@group-E2914A5A9028: receive client request(RaftClientRequest:client-9F7E766D2BC8->s2@group-E2914A5A9028, cid=60, seq=null, RW, Message:6d39)
2023-12-13 16:21:23,198 [s2-client-thread1] DEBUG server.RaftServer$Division (LeaderStateImpl.java:addPendingRequest(531)) - s2@group-E2914A5A9028-LeaderStateImpl: addPendingRequest at RaftClientRequest:client-9F7E766D2BC8->s2@group-E2914A5A9028, cid=60, seq=null, RW, Message:6d39, entry=(t:2, i:21), STATEMACHINELOGENTRY, 60@client-9F7E766D2BC8
2023-12-13 16:21:23,199 [s1-server-thread2] DEBUG server.RaftServer$Division (RaftServerImpl.java:logAppendEntries(1504)) - s1@group-E2914A5A9028: receive appendEntries(s2, 2, (t:2, i:20), 20, false, commits:[s2:c20, s0:c0, s1:c19], cId:38, entries: [(t:2, i:21), STATEMACHINELOGENTRY, 60@client-9F7E766D2BC8]
2023-12-13 16:21:23,199 [s1-server-thread2] DEBUG server.RaftServer$Division (RaftServerImpl.java:logAppendEntries(1504)) - s1@group-E2914A5A9028: succeeded to handle AppendEntries. Reply: s2<-s1#38:OK-t2,SUCCESS,nextIndex=22,followerCommit=20,matchIndex=21
2023-12-13 16:21:23,200 [s1-server-thread2] DEBUG server.RaftServer$Division (RaftServerImpl.java:logAppendEntries(1504)) - s1@group-E2914A5A9028: receive appendEntries(s2, 2, (t:2, i:21), 21, false, commits:[s2:c21, s0:c0, s1:c20], cId:39, entries: [(t:2, i:22), METADATAENTRY(c:21)]
2023-12-13 16:21:23,201 [Time-limited test] DEBUG client.RaftClient (RaftClientImpl.java:add(150)) - client-9F7E766D2BC8: add replied callId 60
2023-12-13 16:21:23,201 [s1-server-thread2] DEBUG server.RaftServer$Division (RaftServerImpl.java:logAppendEntries(1504)) - s1@group-E2914A5A9028: succeeded to handle AppendEntries. Reply: s2<-s1#39:OK-t2,SUCCESS,nextIndex=23,followerCommit=21,matchIndex=22
2023-12-13 16:21:23,204 [Time-limited test] INFO  util.CodeInjectionForTesting (BlockRequestHandlingInjection.java:unblockRequestor(54)) - UnBlock requestor s0
2023-12-13 16:21:23,204 [Time-limited test] INFO  util.CodeInjectionForTesting (BlockRequestHandlingInjection.java:unblockRequestor(54)) - UnBlock requestor s0
2023-12-13 16:21:23,204 [Time-limited test] INFO  server.RaftServerConfigKeys (ConfUtils.java:logGet(46)) - raft.server.rpc.timeout.max = 2000ms (custom)
2023-12-13 16:21:23,205 [Time-limited test] INFO  ratis.RaftTestUtil (RaftTestUtil.java:waitForLeader(100)) - printing group-E2914A5A9028
  s0:  RUNNING  FOLLOWER s0@group-E2914A5A9028:t1, leader=null, voted=s0, raftlog=Memoized:s0@group-E2914A5A9028-SegmentedRaftLog:OPENED:c0, conf=0: peers:[s0|0.0.0.0:45531, s1|0.0.0.0:34859, s2|0.0.0.0:41623]|listeners:[], old=null RUNNING
  s1:  RUNNING  FOLLOWER s1@group-E2914A5A9028:t2, leader=s2, voted=s2, raftlog=Memoized:s1@group-E2914A5A9028-SegmentedRaftLog:OPENED:c21, conf=1: peers:[s0|0.0.0.0:45531, s1|0.0.0.0:34859, s2|0.0.0.0:41623]|listeners:[], old=null RUNNING
  s2:  RUNNING    LEADER s2@group-E2914A5A9028:t2, leader=s2, voted=s2, raftlog=Memoized:s2@group-E2914A5A9028-SegmentedRaftLog:OPENED:c22, conf=1: peers:[s0|0.0.0.0:45531, s1|0.0.0.0:34859, s2|0.0.0.0:41623]|listeners:[], old=null RUNNING
2023-12-13 16:21:23,205 [Time-limited test] INFO  ratis.RaftTestUtil (RaftTestUtil.java:waitForLeader(124)) - printing group-E2914A5A9028
  s0:  RUNNING  FOLLOWER s0@group-E2914A5A9028:t1, leader=null, voted=s0, raftlog=Memoized:s0@group-E2914A5A9028-SegmentedRaftLog:OPENED:c0, conf=0: peers:[s0|0.0.0.0:45531, s1|0.0.0.0:34859, s2|0.0.0.0:41623]|listeners:[], old=null RUNNING
  s1:  RUNNING  FOLLOWER s1@group-E2914A5A9028:t2, leader=s2, voted=s2, raftlog=Memoized:s1@group-E2914A5A9028-SegmentedRaftLog:OPENED:c21, conf=1: peers:[s0|0.0.0.0:45531, s1|0.0.0.0:34859, s2|0.0.0.0:41623]|listeners:[], old=null RUNNING
  s2:  RUNNING    LEADER s2@group-E2914A5A9028:t2, leader=s2, voted=s2, raftlog=Memoized:s2@group-E2914A5A9028-SegmentedRaftLog:OPENED:c22, conf=1: peers:[s0|0.0.0.0:45531, s1|0.0.0.0:34859, s2|0.0.0.0:41623]|listeners:[], old=null RUNNING
2023-12-13 16:21:23,205 [Time-limited test] WARN  impl.GroupManagementBaseTest (JavaUtils.java:attempt(231)) - FAILED "testMultiGroupWithPriority", attempt #1/10: java.lang.AssertionError, sleep 1s and then retry.
java.lang.AssertionError
	at org.junit.Assert.fail(Assert.java:87)
	at org.junit.Assert.assertTrue(Assert.java:42)
	at org.junit.Assert.assertTrue(Assert.java:53)
	at org.apache.ratis.server.impl.GroupManagementBaseTest.lambda$testGroupWithPriority$3(GroupManagementBaseTest.java:151)
	at org.apache.ratis.util.function.CheckedRunnable.lambda$asCheckedSupplier$0(CheckedRunnable.java:32)
	at org.apache.ratis.util.JavaUtils.lambda$attempt$7(JavaUtils.java:212)
	at org.apache.ratis.util.JavaUtils.attempt(JavaUtils.java:225)
	at org.apache.ratis.util.JavaUtils.attempt(JavaUtils.java:212)
	at org.apache.ratis.util.JavaUtils.attemptRepeatedly(JavaUtils.java:204)
	at org.apache.ratis.util.JavaUtils.attempt(JavaUtils.java:245)
	at org.apache.ratis.server.impl.GroupManagementBaseTest.testGroupWithPriority(GroupManagementBaseTest.java:149)
	at java.base/jdk.internal.reflect.NativeMethodAccessorImpl.invoke0(Native Method)
	at java.base/jdk.internal.reflect.NativeMethodAccessorImpl.invoke(NativeMethodAccessorImpl.java:62)
	at java.base/jdk.internal.reflect.DelegatingMethodAccessorImpl.invoke(DelegatingMethodAccessorImpl.java:43)
	at java.base/java.lang.reflect.Method.invoke(Method.java:566)
	at org.junit.runners.model.FrameworkMethod$1.runReflectiveCall(FrameworkMethod.java:59)
	at org.junit.internal.runners.model.ReflectiveCallable.run(ReflectiveCallable.java:12)
	at org.junit.runners.model.FrameworkMethod.invokeExplosively(FrameworkMethod.java:56)
	at org.junit.internal.runners.statements.InvokeMethod.evaluate(InvokeMethod.java:17)
	at org.junit.internal.runners.statements.RunAfters.evaluate(RunAfters.java:27)
	at org.junit.internal.runners.statements.FailOnTimeout$CallableStatement.call(FailOnTimeout.java:299)
	at org.junit.internal.runners.statements.FailOnTimeout$CallableStatement.call(FailOnTimeout.java:293)
	at java.base/java.util.concurrent.FutureTask.run(FutureTask.java:264)
	at java.base/java.lang.Thread.run(Thread.java:829)
2023-12-13 16:21:23,296 [s1-server-thread1] INFO  util.CodeInjectionForTesting (BlockRequestHandlingInjection.java:execute(84)) - s1: unBlock request from s0
2023-12-13 16:21:23,296 [s2-server-thread2] INFO  util.CodeInjectionForTesting (BlockRequestHandlingInjection.java:execute(84)) - s2: unBlock request from s0
2023-12-13 16:21:23,296 [s1-server-thread1] DEBUG server.RaftServer$Division (RaftServerImpl.java:appendEntriesAsync(1571)) - s1@group-E2914A5A9028: Not recognize s0 (term=1) as leader, state: s1@group-E2914A5A9028:t2, leader=s2, voted=s2, raftlog=Memoized:s1@group-E2914A5A9028-SegmentedRaftLog:OPENED:c21, conf=1: peers:[s0|0.0.0.0:45531, s1|0.0.0.0:34859, s2|0.0.0.0:41623]|listeners:[], old=null reply: s0<-s1#5:FAIL-t2,NOT_LEADER,nextIndex=23,followerCommit=21,matchIndex=-1
2023-12-13 16:21:23,296 [s2-server-thread2] DEBUG server.RaftServer$Division (RaftServerImpl.java:appendEntriesAsync(1571)) - s2@group-E2914A5A9028: Not recognize s0 (term=1) as leader, state: s2@group-E2914A5A9028:t2, leader=s2, voted=s2, raftlog=Memoized:s2@group-E2914A5A9028-SegmentedRaftLog:OPENED:c22, conf=1: peers:[s0|0.0.0.0:45531, s1|0.0.0.0:34859, s2|0.0.0.0:41623]|listeners:[], old=null reply: s0<-s2#4:FAIL-t2,NOT_LEADER,nextIndex=23,followerCommit=22,matchIndex=-1
2023-12-13 16:21:23,297 [s2-server-thread2] DEBUG server.RaftServer$Division (RaftServerImpl.java:appendEntriesAsync(1571)) - s2@group-E2914A5A9028: Not recognize s0 (term=1) as leader, state: s2@group-E2914A5A9028:t2, leader=s2, voted=s2, raftlog=Memoized:s2@group-E2914A5A9028-SegmentedRaftLog:OPENED:c22, conf=1: peers:[s0|0.0.0.0:45531, s1|0.0.0.0:34859, s2|0.0.0.0:41623]|listeners:[], old=null reply: s0<-s2#5:FAIL-t2,NOT_LEADER,nextIndex=23,followerCommit=22,matchIndex=-1
2023-12-13 16:21:23,297 [grpc-default-executor-2] WARN  server.GrpcLogAppender (GrpcLogAppender.java:onNextImpl(498)) - s0@group-E2914A5A9028->s1-AppendLogResponseHandler: received NOT_LEADER reply with term 2
2023-12-13 16:21:23,297 [grpc-default-executor-12] WARN  server.GrpcLogAppender (GrpcLogAppender.java:onNextImpl(498)) - s0@group-E2914A5A9028->s2-AppendLogResponseHandler: received NOT_LEADER reply with term 2
2023-12-13 16:21:23,297 [s1-server-thread1] DEBUG server.RaftServer$Division (RaftServerImpl.java:appendEntriesAsync(1571)) - s1@group-E2914A5A9028: Not recognize s0 (term=1) as leader, state: s1@group-E2914A5A9028:t2, leader=s2, voted=s2, raftlog=Memoized:s1@group-E2914A5A9028-SegmentedRaftLog:OPENED:c21, conf=1: peers:[s0|0.0.0.0:45531, s1|0.0.0.0:34859, s2|0.0.0.0:41623]|listeners:[], old=null reply: s0<-s1#6:FAIL-t2,NOT_LEADER,nextIndex=23,followerCommit=21,matchIndex=-1
2023-12-13 16:21:23,297 [grpc-default-executor-12] WARN  server.GrpcLogAppender (GrpcLogAppender.java:onNextImpl(498)) - s0@group-E2914A5A9028->s2-AppendLogResponseHandler: received NOT_LEADER reply with term 2
2023-12-13 16:21:23,297 [s2-server-thread2] DEBUG server.RaftServer$Division (RaftServerImpl.java:appendEntriesAsync(1571)) - s2@group-E2914A5A9028: Not recognize s0 (term=1) as leader, state: s2@group-E2914A5A9028:t2, leader=s2, voted=s2, raftlog=Memoized:s2@group-E2914A5A9028-SegmentedRaftLog:OPENED:c22, conf=1: peers:[s0|0.0.0.0:45531, s1|0.0.0.0:34859, s2|0.0.0.0:41623]|listeners:[], old=null reply: s0<-s2#6:FAIL-t2,NOT_LEADER,nextIndex=23,followerCommit=22,matchIndex=-1
2023-12-13 16:21:23,297 [grpc-default-executor-12] WARN  server.GrpcLogAppender (GrpcLogAppender.java:onNextImpl(498)) - s0@group-E2914A5A9028->s1-AppendLogResponseHandler: received NOT_LEADER reply with term 2
2023-12-13 16:21:23,297 [s1-server-thread1] DEBUG server.RaftServer$Division (RaftServerImpl.java:appendEntriesAsync(1571)) - s1@group-E2914A5A9028: Not recognize s0 (term=1) as leader, state: s1@group-E2914A5A9028:t2, leader=s2, voted=s2, raftlog=Memoized:s1@group-E2914A5A9028-SegmentedRaftLog:OPENED:c21, conf=1: peers:[s0|0.0.0.0:45531, s1|0.0.0.0:34859, s2|0.0.0.0:41623]|listeners:[], old=null reply: s0<-s1#7:FAIL-t2,NOT_LEADER,nextIndex=23,followerCommit=21,matchIndex=-1
2023-12-13 16:21:23,297 [grpc-default-executor-2] WARN  server.GrpcLogAppender (GrpcLogAppender.java:onNextImpl(498)) - s0@group-E2914A5A9028->s2-AppendLogResponseHandler: received NOT_LEADER reply with term 2
2023-12-13 16:21:23,297 [s2-server-thread2] DEBUG server.RaftServer$Division (RaftServerImpl.java:appendEntriesAsync(1571)) - s2@group-E2914A5A9028: Not recognize s0 (term=1) as leader, state: s2@group-E2914A5A9028:t2, leader=s2, voted=s2, raftlog=Memoized:s2@group-E2914A5A9028-SegmentedRaftLog:OPENED:c22, conf=1: peers:[s0|0.0.0.0:45531, s1|0.0.0.0:34859, s2|0.0.0.0:41623]|listeners:[], old=null reply: s0<-s2#7:FAIL-t2,NOT_LEADER,nextIndex=23,followerCommit=22,matchIndex=-1
2023-12-13 16:21:23,298 [grpc-default-executor-4] WARN  server.GrpcLogAppender (GrpcLogAppender.java:onNextImpl(498)) - s0@group-E2914A5A9028->s1-AppendLogResponseHandler: received NOT_LEADER reply with term 2
2023-12-13 16:21:23,298 [s1-server-thread1] DEBUG server.RaftServer$Division (RaftServerImpl.java:appendEntriesAsync(1571)) - s1@group-E2914A5A9028: Not recognize s0 (term=1) as leader, state: s1@group-E2914A5A9028:t2, leader=s2, voted=s2, raftlog=Memoized:s1@group-E2914A5A9028-SegmentedRaftLog:OPENED:c21, conf=1: peers:[s0|0.0.0.0:45531, s1|0.0.0.0:34859, s2|0.0.0.0:41623]|listeners:[], old=null reply: s0<-s1#8:FAIL-t2,NOT_LEADER,nextIndex=23,followerCommit=21,matchIndex=-1
2023-12-13 16:21:23,298 [grpc-default-executor-4] WARN  server.GrpcLogAppender (GrpcLogAppender.java:onNextImpl(498)) - s0@group-E2914A5A9028->s2-AppendLogResponseHandler: received NOT_LEADER reply with term 2
2023-12-13 16:21:23,298 [s2-server-thread2] DEBUG server.RaftServer$Division (RaftServerImpl.java:appendEntriesAsync(1571)) - s2@group-E2914A5A9028: Not recognize s0 (term=1) as leader, state: s2@group-E2914A5A9028:t2, leader=s2, voted=s2, raftlog=Memoized:s2@group-E2914A5A9028-SegmentedRaftLog:OPENED:c22, conf=1: peers:[s0|0.0.0.0:45531, s1|0.0.0.0:34859, s2|0.0.0.0:41623]|listeners:[], old=null reply: s0<-s2#8:FAIL-t2,NOT_LEADER,nextIndex=23,followerCommit=22,matchIndex=-1
2023-12-13 16:21:23,298 [grpc-default-executor-2] WARN  server.GrpcLogAppender (GrpcLogAppender.java:onNextImpl(498)) - s0@group-E2914A5A9028->s1-AppendLogResponseHandler: received NOT_LEADER reply with term 2
2023-12-13 16:21:23,298 [s1-server-thread1] DEBUG server.RaftServer$Division (RaftServerImpl.java:appendEntriesAsync(1571)) - s1@group-E2914A5A9028: Not recognize s0 (term=1) as leader, state: s1@group-E2914A5A9028:t2, leader=s2, voted=s2, raftlog=Memoized:s1@group-E2914A5A9028-SegmentedRaftLog:OPENED:c21, conf=1: peers:[s0|0.0.0.0:45531, s1|0.0.0.0:34859, s2|0.0.0.0:41623]|listeners:[], old=null reply: s0<-s1#9:FAIL-t2,NOT_LEADER,nextIndex=23,followerCommit=21,matchIndex=-1
2023-12-13 16:21:23,298 [grpc-default-executor-12] WARN  server.GrpcLogAppender (GrpcLogAppender.java:onNextImpl(498)) - s0@group-E2914A5A9028->s2-AppendLogResponseHandler: received NOT_LEADER reply with term 2
2023-12-13 16:21:23,298 [s2-server-thread2] DEBUG server.RaftServer$Division (RaftServerImpl.java:appendEntriesAsync(1571)) - s2@group-E2914A5A9028: Not recognize s0 (term=1) as leader, state: s2@group-E2914A5A9028:t2, leader=s2, voted=s2, raftlog=Memoized:s2@group-E2914A5A9028-SegmentedRaftLog:OPENED:c22, conf=1: peers:[s0|0.0.0.0:45531, s1|0.0.0.0:34859, s2|0.0.0.0:41623]|listeners:[], old=null reply: s0<-s2#9:FAIL-t2,NOT_LEADER,nextIndex=23,followerCommit=22,matchIndex=-1
2023-12-13 16:21:23,298 [grpc-default-executor-7] WARN  server.GrpcLogAppender (GrpcLogAppender.java:onNextImpl(498)) - s0@group-E2914A5A9028->s1-AppendLogResponseHandler: received NOT_LEADER reply with term 2
2023-12-13 16:21:23,299 [grpc-default-executor-4] WARN  server.GrpcLogAppender (GrpcLogAppender.java:onNextImpl(498)) - s0@group-E2914A5A9028->s2-AppendLogResponseHandler: received NOT_LEADER reply with term 2
2023-12-13 16:21:23,299 [s2-server-thread2] DEBUG server.RaftServer$Division (RaftServerImpl.java:appendEntriesAsync(1571)) - s2@group-E2914A5A9028: Not recognize s0 (term=1) as leader, state: s2@group-E2914A5A9028:t2, leader=s2, voted=s2, raftlog=Memoized:s2@group-E2914A5A9028-SegmentedRaftLog:OPENED:c22, conf=1: peers:[s0|0.0.0.0:45531, s1|0.0.0.0:34859, s2|0.0.0.0:41623]|listeners:[], old=null reply: s0<-s2#10:FAIL-t2,NOT_LEADER,nextIndex=23,followerCommit=22,matchIndex=-1
2023-12-13 16:21:23,299 [grpc-default-executor-7] INFO  server.GrpcServerProtocolService (GrpcServerProtocolService.java:onCompleted(157)) - s2: Completed APPEND_ENTRIES, lastRequest: null
2023-12-13 16:21:23,299 [s1-server-thread1] DEBUG server.RaftServer$Division (RaftServerImpl.java:appendEntriesAsync(1571)) - s1@group-E2914A5A9028: Not recognize s0 (term=1) as leader, state: s1@group-E2914A5A9028:t2, leader=s2, voted=s2, raftlog=Memoized:s1@group-E2914A5A9028-SegmentedRaftLog:OPENED:c21, conf=1: peers:[s0|0.0.0.0:45531, s1|0.0.0.0:34859, s2|0.0.0.0:41623]|listeners:[], old=null reply: s0<-s1#10:FAIL-t2,NOT_LEADER,nextIndex=23,followerCommit=21,matchIndex=-1
2023-12-13 16:21:23,299 [grpc-default-executor-7] INFO  server.GrpcServerProtocolService (GrpcServerProtocolService.java:lambda$onCompleted$5(159)) - s2: Completed APPEND_ENTRIES, lastReply: serverReply {
  requestorId: "s0"
  replyId: "s2"
  raftGroupId {
    id: "\200\2741A|\'C\v\213\311\342\221JZ\220("
  }
  callId: 10
}
term: 2
nextIndex: 23
result: NOT_LEADER
followerCommit: 22
matchIndex: 18446744073709551615
isHearbeat: true

2023-12-13 16:21:23,300 [grpc-default-executor-12] WARN  server.GrpcLogAppender (GrpcLogAppender.java:onNextImpl(498)) - s0@group-E2914A5A9028->s1-AppendLogResponseHandler: received NOT_LEADER reply with term 2
2023-12-13 16:21:23,300 [s1-server-thread1] DEBUG server.RaftServer$Division (RaftServerImpl.java:appendEntriesAsync(1571)) - s1@group-E2914A5A9028: Not recognize s0 (term=1) as leader, state: s1@group-E2914A5A9028:t2, leader=s2, voted=s2, raftlog=Memoized:s1@group-E2914A5A9028-SegmentedRaftLog:OPENED:c21, conf=1: peers:[s0|0.0.0.0:45531, s1|0.0.0.0:34859, s2|0.0.0.0:41623]|listeners:[], old=null reply: s0<-s1#11:FAIL-t2,NOT_LEADER,nextIndex=23,followerCommit=21,matchIndex=-1
2023-12-13 16:21:23,300 [grpc-default-executor-4] WARN  server.GrpcLogAppender (GrpcLogAppender.java:onNextImpl(498)) - s0@group-E2914A5A9028->s2-AppendLogResponseHandler: received NOT_LEADER reply with term 2
2023-12-13 16:21:23,300 [grpc-default-executor-4] INFO  server.GrpcLogAppender (GrpcLogAppender.java:onCompleted(534)) - s0@group-E2914A5A9028->s2-AppendLogResponseHandler: follower responses appendEntries COMPLETED
2023-12-13 16:21:23,300 [grpc-default-executor-7] INFO  server.GrpcServerProtocolService (GrpcServerProtocolService.java:onCompleted(157)) - s1: Completed APPEND_ENTRIES, lastRequest: null
2023-12-13 16:21:23,302 [grpc-default-executor-12] WARN  server.GrpcLogAppender (GrpcLogAppender.java:onNextImpl(498)) - s0@group-E2914A5A9028->s1-AppendLogResponseHandler: received NOT_LEADER reply with term 2
2023-12-13 16:21:23,302 [grpc-default-executor-7] INFO  server.GrpcServerProtocolService (GrpcServerProtocolService.java:lambda$onCompleted$5(159)) - s1: Completed APPEND_ENTRIES, lastReply: serverReply {
  requestorId: "s0"
  replyId: "s1"
  raftGroupId {
    id: "\200\2741A|\'C\v\213\311\342\221JZ\220("
  }
  callId: 11
}
term: 2
nextIndex: 23
result: NOT_LEADER
followerCommit: 21
matchIndex: 18446744073709551615
isHearbeat: true

2023-12-13 16:21:23,302 [grpc-default-executor-7] INFO  server.GrpcLogAppender (GrpcLogAppender.java:onCompleted(534)) - s0@group-E2914A5A9028->s1-AppendLogResponseHandler: follower responses appendEntries COMPLETED
2023-12-13 16:21:23,316 [grpc-default-executor-11] INFO  util.CodeInjectionForTesting (BlockRequestHandlingInjection.java:execute(84)) - s0: unBlock request from s2
2023-12-13 16:21:23,316 [grpc-default-executor-11] INFO  server.RaftServer$Division (RaftServerImpl.java:requestVote(1377)) - s0@group-E2914A5A9028: receive requestVote(ELECTION, s2, group-E2914A5A9028, 2, (t:1, i:0))
2023-12-13 16:21:23,316 [grpc-default-executor-11] INFO  impl.VoteContext (VoteContext.java:log(49)) - s0@group-E2914A5A9028-FOLLOWER: reject ELECTION from s2: our priority 2 > candidate's priority 1
2023-12-13 16:21:23,316 [grpc-default-executor-11] INFO  server.RaftServer$Division (RaftServerImpl.java:setRole(379)) - s0@group-E2914A5A9028: changes role from  FOLLOWER to FOLLOWER at term 2 for candidate:s2
2023-12-13 16:21:23,316 [grpc-default-executor-11] INFO  impl.RoleInfo (RoleInfo.java:shutdownFollowerState(110)) - s0: shutdown s0@group-E2914A5A9028-FollowerState
2023-12-13 16:21:23,316 [grpc-default-executor-11] INFO  impl.RoleInfo (RoleInfo.java:updateAndGet(139)) - s0: start s0@group-E2914A5A9028-FollowerState
2023-12-13 16:21:23,316 [s0@group-E2914A5A9028-FollowerState] INFO  impl.FollowerState (FollowerState.java:run(152)) - s0@group-E2914A5A9028-FollowerState was interrupted
2023-12-13 16:21:23,316 [grpc-default-executor-11] TRACE util.FileUtils (LogUtils.java:supplyAndLog(69)) - Successfully supplied FileChannel.open /home/runner/work/ratis/ratis/ratis-test/target/test/data/1e4ee837/MiniRaftClusterWithGrpcf3ee9cbd/s0/80bc3141-7c27-430b-8bc9-e2914a5a9028/current/raft-meta.tmp with options [CREATE, WRITE]: sun.nio.ch.FileChannelImpl@19f2b1c9
2023-12-13 16:21:23,318 [grpc-default-executor-11] TRACE util.FileUtils (LogUtils.java:runAndLog(49)) - Successfully ran Atomic Files.move /home/runner/work/ratis/ratis/ratis-test/target/test/data/1e4ee837/MiniRaftClusterWithGrpcf3ee9cbd/s0/80bc3141-7c27-430b-8bc9-e2914a5a9028/current/raft-meta.tmp to /home/runner/work/ratis/ratis/ratis-test/target/test/data/1e4ee837/MiniRaftClusterWithGrpcf3ee9cbd/s0/80bc3141-7c27-430b-8bc9-e2914a5a9028/current/raft-meta with options [REPLACE_EXISTING]
2023-12-13 16:21:23,318 [grpc-default-executor-11] INFO  server.RaftServer$Division (RaftServerImpl.java:requestVote(1410)) - s0@group-E2914A5A9028 replies to ELECTION vote request: s2<-s0#0:FAIL-t2. Peer's state: s0@group-E2914A5A9028:t2, leader=null, voted=null, raftlog=Memoized:s0@group-E2914A5A9028-SegmentedRaftLog:OPENED:c0, conf=0: peers:[s0|0.0.0.0:45531, s1|0.0.0.0:34859, s2|0.0.0.0:41623]|listeners:[], old=null
2023-12-13 16:21:23,377 [s0-server-thread1] INFO  util.CodeInjectionForTesting (BlockRequestHandlingInjection.java:execute(84)) - s0: unBlock request from s2
2023-12-13 16:21:23,377 [s0-server-thread1] INFO  server.RaftServer$Division (ServerState.java:setLeader(265)) - s0@group-E2914A5A9028: change Leader from null to s2 at term 2 for appendEntries, leader elected after 3584ms
2023-12-13 16:21:23,382 [s0-server-thread2] INFO  util.CodeInjectionForTesting (BlockRequestHandlingInjection.java:execute(84)) - s0: unBlock request from s2
2023-12-13 16:21:23,382 [s0-server-thread2] DEBUG server.RaftServer$Division (RaftServerImpl.java:logAppendEntries(1504)) - s0@group-E2914A5A9028: receive appendEntries(s2, 2, (t:1, i:0), 0, false, commits:[s2:c0, s0:c0, s1:c-1], cId:1, entries: [(t:2, i:1), CONFIGURATIONENTRY(current:id: "s0"
address: "0.0.0.0:45531"
priority: 2
clientAddress: "0.0.0.0:45531"
adminAddress: "0.0.0.0:45531"
startupRole: FOLLOWER
,id: "s1"
address: "0.0.0.0:34859"
priority: 1
clientAddress: "0.0.0.0:34859"
adminAddress: "0.0.0.0:34859"
startupRole: FOLLOWER
,id: "s2"
address: "0.0.0.0:41623"
priority: 1
clientAddress: "0.0.0.0:41623"
adminAddress: "0.0.0.0:41623"
startupRole: FOLLOWER
, old:)]
2023-12-13 16:21:23,382 [s0-server-thread2] INFO  server.RaftServer$Division (ServerState.java:setRaftConf(382)) - s0@group-E2914A5A9028: set configuration 1: peers:[s0|0.0.0.0:45531, s1|0.0.0.0:34859, s2|0.0.0.0:41623]|listeners:[], old=null
2023-12-13 16:21:23,382 [s0-server-thread2] INFO  segmented.SegmentedRaftLogWorker (SegmentedRaftLogWorker.java:rollLogSegment(435)) - s0@group-E2914A5A9028-SegmentedRaftLogWorker: Rolling segment log-0_0 to index:0
2023-12-13 16:21:23,383 [s0-server-thread4] DEBUG server.RaftServer$Division (RaftServerImpl.java:logAppendEntries(1504)) - s0@group-E2914A5A9028: receive appendEntries(s2, 2, (t:2, i:1), 22, false, commits:[s2:c22, s0:c0, s1:c21], cId:27, entries: [(t:2, i:2), METADATAENTRY(c:1), (t:2, i:3), STATEMACHINELOGENTRY, 51@client-9F7E766D2BC8, (t:2, i:4), METADATAENTRY(c:3), (t:2, i:5), STATEMACHINELOGENTRY, 52@client-9F7E766D2BC8, (t:2, i:6), METADATAENTRY(c:5), (t:2, i:7), STATEMACHINELOGENTRY, 53@client-9F7E766D2BC8, (t:2, i:8), METADATAENTRY(c:7), (t:2, i:9), STATEMACHINELOGENTRY, 54@client-9F7E766D2BC8, (t:2, i:10), METADATAENTRY(c:9), (t:2, i:11), STATEMACHINELOGENTRY, 55@client-9F7E766D2BC8, (t:2, i:12), METADATAENTRY(c:11), (t:2, i:13), STATEMACHINELOGENTRY, 56@client-9F7E766D2BC8, (t:2, i:14), METADATAENTRY(c:13), (t:2, i:15), STATEMACHINELOGENTRY, 57@client-9F7E766D2BC8, (t:2, i:16), METADATAENTRY(c:15), (t:2, i:17), STATEMACHINELOGENTRY, 58@client-9F7E766D2BC8, (t:2, i:18), METADATAENTRY(c:17), (t:2, i:19), STATEMACHINELOGENTRY, 59@client-9F7E766D2BC8, (t:2, i:20), METADATAENTRY(c:19), (t:2, i:21), STATEMACHINELOGENTRY, 60@client-9F7E766D2BC8, (t:2, i:22), METADATAENTRY(c:21)]
2023-12-13 16:21:23,383 [s0@group-E2914A5A9028-SegmentedRaftLogWorker] TRACE util.FileUtils (LogUtils.java:runAndLog(49)) - Successfully ran Atomic Files.move /home/runner/work/ratis/ratis/ratis-test/target/test/data/1e4ee837/MiniRaftClusterWithGrpcf3ee9cbd/s0/80bc3141-7c27-430b-8bc9-e2914a5a9028/current/log_inprogress_0 to /home/runner/work/ratis/ratis/ratis-test/target/test/data/1e4ee837/MiniRaftClusterWithGrpcf3ee9cbd/s0/80bc3141-7c27-430b-8bc9-e2914a5a9028/current/log_0-0
2023-12-13 16:21:23,383 [s0@group-E2914A5A9028-SegmentedRaftLogWorker] INFO  segmented.SegmentedRaftLogWorker (SegmentedRaftLogWorker.java:execute(591)) - s0@group-E2914A5A9028-SegmentedRaftLogWorker: Rolled log segment from /home/runner/work/ratis/ratis/ratis-test/target/test/data/1e4ee837/MiniRaftClusterWithGrpcf3ee9cbd/s0/80bc3141-7c27-430b-8bc9-e2914a5a9028/current/log_inprogress_0 to /home/runner/work/ratis/ratis/ratis-test/target/test/data/1e4ee837/MiniRaftClusterWithGrpcf3ee9cbd/s0/80bc3141-7c27-430b-8bc9-e2914a5a9028/current/log_0-0
2023-12-13 16:21:23,383 [s0@group-E2914A5A9028-SegmentedRaftLogWorker] INFO  segmented.BufferedWriteChannel (BufferedWriteChannel.java:open(62)) - open log_inprogress_1 at position 0
2023-12-13 16:21:23,392 [s0@group-E2914A5A9028-SegmentedRaftLogWorker] INFO  segmented.SegmentedRaftLogWorker (SegmentedRaftLogWorker.java:execute(634)) - s0@group-E2914A5A9028-SegmentedRaftLogWorker: created new log segment /home/runner/work/ratis/ratis/ratis-test/target/test/data/1e4ee837/MiniRaftClusterWithGrpcf3ee9cbd/s0/80bc3141-7c27-430b-8bc9-e2914a5a9028/current/log_inprogress_1
2023-12-13 16:21:23,393 [s0-server-thread4] DEBUG server.RaftServer$Division (RaftServerImpl.java:logAppendEntries(1504)) - s0@group-E2914A5A9028: succeeded to handle AppendEntries. Reply: s2<-s0#1:OK-t2,SUCCESS,nextIndex=2,followerCommit=0,matchIndex=1
2023-12-13 16:21:23,393 [s0@group-E2914A5A9028-StateMachineUpdater] TRACE util.FileUtils (LogUtils.java:supplyAndLog(69)) - Successfully supplied FileChannel.open /home/runner/work/ratis/ratis/ratis-test/target/test/data/1e4ee837/MiniRaftClusterWithGrpcf3ee9cbd/s0/80bc3141-7c27-430b-8bc9-e2914a5a9028/current/raft-meta.conf.tmp with options [CREATE, WRITE]: sun.nio.ch.FileChannelImpl@2ed36e7f
2023-12-13 16:21:23,393 [s0-server-thread5] DEBUG server.RaftServer$Division (RaftServerImpl.java:logAppendEntries(1504)) - s0@group-E2914A5A9028: succeeded to handle AppendEntries. Reply: s2<-s0#27:OK-t2,SUCCESS,nextIndex=23,followerCommit=22,matchIndex=22
2023-12-13 16:21:23,394 [s0@group-E2914A5A9028-StateMachineUpdater] TRACE util.FileUtils (LogUtils.java:runAndLog(49)) - Successfully ran Atomic Files.move /home/runner/work/ratis/ratis/ratis-test/target/test/data/1e4ee837/MiniRaftClusterWithGrpcf3ee9cbd/s0/80bc3141-7c27-430b-8bc9-e2914a5a9028/current/raft-meta.conf.tmp to /home/runner/work/ratis/ratis/ratis-test/target/test/data/1e4ee837/MiniRaftClusterWithGrpcf3ee9cbd/s0/80bc3141-7c27-430b-8bc9-e2914a5a9028/current/raft-meta.conf with options [REPLACE_EXISTING]
2023-12-13 16:21:23,422 [grpc-default-executor-13] INFO  util.CodeInjectionForTesting (BlockRequestHandlingInjection.java:execute(84)) - s0: unBlock request from s2
2023-12-13 16:21:23,422 [grpc-default-executor-13] INFO  server.RaftServer$Division (RaftServerImpl.java:requestVote(1377)) - s0@group-E2914A5A9028: receive requestVote(PRE_VOTE, s2, group-E2914A5A9028, 1, (t:1, i:0))
2023-12-13 16:21:23,423 [grpc-default-executor-13] INFO  impl.VoteContext (VoteContext.java:log(49)) - s0@group-E2914A5A9028-FOLLOWER: reject PRE_VOTE from s2: this server is a follower and still has a valid leader s2
2023-12-13 16:21:23,423 [grpc-default-executor-13] INFO  server.RaftServer$Division (RaftServerImpl.java:requestVote(1410)) - s0@group-E2914A5A9028 replies to PRE_VOTE vote request: s2<-s0#0:FAIL-t2. Peer's state: s0@group-E2914A5A9028:t2, leader=s2, voted=null, raftlog=Memoized:s0@group-E2914A5A9028-SegmentedRaftLog:OPENED:c22, conf=1: peers:[s0|0.0.0.0:45531, s1|0.0.0.0:34859, s2|0.0.0.0:41623]|listeners:[], old=null
2023-12-13 16:21:24,205 [Time-limited test] INFO  server.RaftServerConfigKeys (ConfUtils.java:logGet(46)) - raft.server.rpc.timeout.max = 2000ms (custom)
2023-12-13 16:21:24,205 [Time-limited test] INFO  ratis.RaftTestUtil (RaftTestUtil.java:waitForLeader(100)) - printing group-E2914A5A9028
  s0:  RUNNING  FOLLOWER s0@group-E2914A5A9028:t2, leader=s2, voted=null, raftlog=Memoized:s0@group-E2914A5A9028-SegmentedRaftLog:OPENED:c22, conf=1: peers:[s0|0.0.0.0:45531, s1|0.0.0.0:34859, s2|0.0.0.0:41623]|listeners:[], old=null RUNNING
  s1:  RUNNING  FOLLOWER s1@group-E2914A5A9028:t2, leader=s2, voted=s2, raftlog=Memoized:s1@group-E2914A5A9028-SegmentedRaftLog:OPENED:c22, conf=1: peers:[s0|0.0.0.0:45531, s1|0.0.0.0:34859, s2|0.0.0.0:41623]|listeners:[], old=null RUNNING
  s2:  RUNNING    LEADER s2@group-E2914A5A9028:t2, leader=s2, voted=s2, raftlog=Memoized:s2@group-E2914A5A9028-SegmentedRaftLog:OPENED:c22, conf=1: peers:[s0|0.0.0.0:45531, s1|0.0.0.0:34859, s2|0.0.0.0:41623]|listeners:[], old=null RUNNING
2023-12-13 16:21:24,205 [Time-limited test] INFO  ratis.RaftTestUtil (RaftTestUtil.java:waitForLeader(124)) - printing group-E2914A5A9028
  s0:  RUNNING  FOLLOWER s0@group-E2914A5A9028:t2, leader=s2, voted=null, raftlog=Memoized:s0@group-E2914A5A9028-SegmentedRaftLog:OPENED:c22, conf=1: peers:[s0|0.0.0.0:45531, s1|0.0.0.0:34859, s2|0.0.0.0:41623]|listeners:[], old=null RUNNING
  s1:  RUNNING  FOLLOWER s1@group-E2914A5A9028:t2, leader=s2, voted=s2, raftlog=Memoized:s1@group-E2914A5A9028-SegmentedRaftLog:OPENED:c22, conf=1: peers:[s0|0.0.0.0:45531, s1|0.0.0.0:34859, s2|0.0.0.0:41623]|listeners:[], old=null RUNNING
  s2:  RUNNING    LEADER s2@group-E2914A5A9028:t2, leader=s2, voted=s2, raftlog=Memoized:s2@group-E2914A5A9028-SegmentedRaftLog:OPENED:c22, conf=1: peers:[s0|0.0.0.0:45531, s1|0.0.0.0:34859, s2|0.0.0.0:41623]|listeners:[], old=null RUNNING
2023-12-13 16:21:24,205 [Time-limited test] WARN  impl.GroupManagementBaseTest (JavaUtils.java:attempt(231)) - FAILED "testMultiGroupWithPriority", attempt #2/10: java.lang.AssertionError, sleep 1s and then retry.
java.lang.AssertionError
	at org.junit.Assert.fail(Assert.java:87)
	at org.junit.Assert.assertTrue(Assert.java:42)
	at org.junit.Assert.assertTrue(Assert.java:53)
	at org.apache.ratis.server.impl.GroupManagementBaseTest.lambda$testGroupWithPriority$3(GroupManagementBaseTest.java:151)
	at org.apache.ratis.util.function.CheckedRunnable.lambda$asCheckedSupplier$0(CheckedRunnable.java:32)
	at org.apache.ratis.util.JavaUtils.lambda$attempt$7(JavaUtils.java:212)
	at org.apache.ratis.util.JavaUtils.attempt(JavaUtils.java:225)
	at org.apache.ratis.util.JavaUtils.attempt(JavaUtils.java:212)
	at org.apache.ratis.util.JavaUtils.attemptRepeatedly(JavaUtils.java:204)
	at org.apache.ratis.util.JavaUtils.attempt(JavaUtils.java:245)
	at org.apache.ratis.server.impl.GroupManagementBaseTest.testGroupWithPriority(GroupManagementBaseTest.java:149)
	at java.base/jdk.internal.reflect.NativeMethodAccessorImpl.invoke0(Native Method)
	at java.base/jdk.internal.reflect.NativeMethodAccessorImpl.invoke(NativeMethodAccessorImpl.java:62)
	at java.base/jdk.internal.reflect.DelegatingMethodAccessorImpl.invoke(DelegatingMethodAccessorImpl.java:43)
	at java.base/java.lang.reflect.Method.invoke(Method.java:566)
	at org.junit.runners.model.FrameworkMethod$1.runReflectiveCall(FrameworkMethod.java:59)
	at org.junit.internal.runners.model.ReflectiveCallable.run(ReflectiveCallable.java:12)
	at org.junit.runners.model.FrameworkMethod.invokeExplosively(FrameworkMethod.java:56)
	at org.junit.internal.runners.statements.InvokeMethod.evaluate(InvokeMethod.java:17)
	at org.junit.internal.runners.statements.RunAfters.evaluate(RunAfters.java:27)
	at org.junit.internal.runners.statements.FailOnTimeout$CallableStatement.call(FailOnTimeout.java:299)
	at org.junit.internal.runners.statements.FailOnTimeout$CallableStatement.call(FailOnTimeout.java:293)
	at java.base/java.util.concurrent.FutureTask.run(FutureTask.java:264)
	at java.base/java.lang.Thread.run(Thread.java:829)
2023-12-13 16:21:25,206 [Time-limited test] INFO  server.RaftServerConfigKeys (ConfUtils.java:logGet(46)) - raft.server.rpc.timeout.max = 2000ms (custom)
2023-12-13 16:21:25,206 [Time-limited test] INFO  ratis.RaftTestUtil (RaftTestUtil.java:waitForLeader(100)) - printing group-E2914A5A9028
  s0:  RUNNING  FOLLOWER s0@group-E2914A5A9028:t2, leader=s2, voted=null, raftlog=Memoized:s0@group-E2914A5A9028-SegmentedRaftLog:OPENED:c22, conf=1: peers:[s0|0.0.0.0:45531, s1|0.0.0.0:34859, s2|0.0.0.0:41623]|listeners:[], old=null RUNNING
  s1:  RUNNING  FOLLOWER s1@group-E2914A5A9028:t2, leader=s2, voted=s2, raftlog=Memoized:s1@group-E2914A5A9028-SegmentedRaftLog:OPENED:c22, conf=1: peers:[s0|0.0.0.0:45531, s1|0.0.0.0:34859, s2|0.0.0.0:41623]|listeners:[], old=null RUNNING
  s2:  RUNNING    LEADER s2@group-E2914A5A9028:t2, leader=s2, voted=s2, raftlog=Memoized:s2@group-E2914A5A9028-SegmentedRaftLog:OPENED:c22, conf=1: peers:[s0|0.0.0.0:45531, s1|0.0.0.0:34859, s2|0.0.0.0:41623]|listeners:[], old=null RUNNING
2023-12-13 16:21:25,206 [Time-limited test] INFO  ratis.RaftTestUtil (RaftTestUtil.java:waitForLeader(124)) - printing group-E2914A5A9028
  s0:  RUNNING  FOLLOWER s0@group-E2914A5A9028:t2, leader=s2, voted=null, raftlog=Memoized:s0@group-E2914A5A9028-SegmentedRaftLog:OPENED:c22, conf=1: peers:[s0|0.0.0.0:45531, s1|0.0.0.0:34859, s2|0.0.0.0:41623]|listeners:[], old=null RUNNING
  s1:  RUNNING  FOLLOWER s1@group-E2914A5A9028:t2, leader=s2, voted=s2, raftlog=Memoized:s1@group-E2914A5A9028-SegmentedRaftLog:OPENED:c22, conf=1: peers:[s0|0.0.0.0:45531, s1|0.0.0.0:34859, s2|0.0.0.0:41623]|listeners:[], old=null RUNNING
  s2:  RUNNING    LEADER s2@group-E2914A5A9028:t2, leader=s2, voted=s2, raftlog=Memoized:s2@group-E2914A5A9028-SegmentedRaftLog:OPENED:c22, conf=1: peers:[s0|0.0.0.0:45531, s1|0.0.0.0:34859, s2|0.0.0.0:41623]|listeners:[], old=null RUNNING
2023-12-13 16:21:25,206 [Time-limited test] WARN  impl.GroupManagementBaseTest (JavaUtils.java:attempt(231)) - FAILED "testMultiGroupWithPriority", attempt #3/10: java.lang.AssertionError, sleep 1s and then retry.
java.lang.AssertionError
	at org.junit.Assert.fail(Assert.java:87)
	at org.junit.Assert.assertTrue(Assert.java:42)
	at org.junit.Assert.assertTrue(Assert.java:53)
	at org.apache.ratis.server.impl.GroupManagementBaseTest.lambda$testGroupWithPriority$3(GroupManagementBaseTest.java:151)
	at org.apache.ratis.util.function.CheckedRunnable.lambda$asCheckedSupplier$0(CheckedRunnable.java:32)
	at org.apache.ratis.util.JavaUtils.lambda$attempt$7(JavaUtils.java:212)
	at org.apache.ratis.util.JavaUtils.attempt(JavaUtils.java:225)
	at org.apache.ratis.util.JavaUtils.attempt(JavaUtils.java:212)
	at org.apache.ratis.util.JavaUtils.attemptRepeatedly(JavaUtils.java:204)
	at org.apache.ratis.util.JavaUtils.attempt(JavaUtils.java:245)
	at org.apache.ratis.server.impl.GroupManagementBaseTest.testGroupWithPriority(GroupManagementBaseTest.java:149)
	at java.base/jdk.internal.reflect.NativeMethodAccessorImpl.invoke0(Native Method)
	at java.base/jdk.internal.reflect.NativeMethodAccessorImpl.invoke(NativeMethodAccessorImpl.java:62)
	at java.base/jdk.internal.reflect.DelegatingMethodAccessorImpl.invoke(DelegatingMethodAccessorImpl.java:43)
	at java.base/java.lang.reflect.Method.invoke(Method.java:566)
	at org.junit.runners.model.FrameworkMethod$1.runReflectiveCall(FrameworkMethod.java:59)
	at org.junit.internal.runners.model.ReflectiveCallable.run(ReflectiveCallable.java:12)
	at org.junit.runners.model.FrameworkMethod.invokeExplosively(FrameworkMethod.java:56)
	at org.junit.internal.runners.statements.InvokeMethod.evaluate(InvokeMethod.java:17)
	at org.junit.internal.runners.statements.RunAfters.evaluate(RunAfters.java:27)
	at org.junit.internal.runners.statements.FailOnTimeout$CallableStatement.call(FailOnTimeout.java:299)
	at org.junit.internal.runners.statements.FailOnTimeout$CallableStatement.call(FailOnTimeout.java:293)
	at java.base/java.util.concurrent.FutureTask.run(FutureTask.java:264)
	at java.base/java.lang.Thread.run(Thread.java:829)
2023-12-13 16:21:25,396 [s2@group-E2914A5A9028-LeaderStateImpl] INFO  impl.TransferLeadership (TransferLeadership.java:tryTransferLeadership(258)) - s2@group-E2914A5A9028: start transferring leadership to s0
2023-12-13 16:21:25,396 [s2@group-E2914A5A9028-LeaderStateImpl] INFO  impl.TransferLeadership (TransferLeadership.java:sendStartLeaderElection(210)) - s2@group-E2914A5A9028: sendStartLeaderElection to follower s0, lastEntry=(t:2, i:22)
2023-12-13 16:21:25,397 [s2@group-E2914A5A9028-LeaderStateImpl] INFO  impl.TransferLeadership (TransferLeadership.java:tryTransferLeadership(266)) - s2@group-E2914A5A9028: SUCCESS sent StartLeaderElection to transferee s0 immediately as it already has up-to-date log
2023-12-13 16:21:25,398 [grpc-default-executor-13] DEBUG server.RaftServer$Division (RaftServerImpl.java:startLeaderElection(1744)) - s0@group-E2914A5A9028: receive startLeaderElection from:s2, leaderLastEntry:term: 2
index: 22
,
2023-12-13 16:21:25,398 [grpc-default-executor-13] INFO  impl.RoleInfo (RoleInfo.java:shutdownFollowerState(110)) - s0: shutdown s0@group-E2914A5A9028-FollowerState
2023-12-13 16:21:25,398 [grpc-default-executor-13] INFO  server.RaftServer$Division (RaftServerImpl.java:setRole(379)) - s0@group-E2914A5A9028: changes role from  FOLLOWER to CANDIDATE at term 2 for changeToCandidate
2023-12-13 16:21:25,398 [s0@group-E2914A5A9028-FollowerState] INFO  impl.FollowerState (FollowerState.java:run(152)) - s0@group-E2914A5A9028-FollowerState was interrupted
2023-12-13 16:21:25,398 [grpc-default-executor-13] INFO  server.RaftServer$Division (ServerState.java:setLeader(265)) - s0@group-E2914A5A9028: change Leader from s2 to null at term 2 for ELECTION
2023-12-13 16:21:25,399 [grpc-default-executor-13] TRACE util.FileUtils (LogUtils.java:supplyAndLog(69)) - Successfully supplied FileChannel.open /home/runner/work/ratis/ratis/ratis-test/target/test/data/1e4ee837/MiniRaftClusterWithGrpcf3ee9cbd/s0/80bc3141-7c27-430b-8bc9-e2914a5a9028/current/raft-meta.tmp with options [CREATE, WRITE]: sun.nio.ch.FileChannelImpl@2439084f
2023-12-13 16:21:25,400 [grpc-default-executor-13] TRACE util.FileUtils (LogUtils.java:runAndLog(49)) - Successfully ran Atomic Files.move /home/runner/work/ratis/ratis/ratis-test/target/test/data/1e4ee837/MiniRaftClusterWithGrpcf3ee9cbd/s0/80bc3141-7c27-430b-8bc9-e2914a5a9028/current/raft-meta.tmp to /home/runner/work/ratis/ratis/ratis-test/target/test/data/1e4ee837/MiniRaftClusterWithGrpcf3ee9cbd/s0/80bc3141-7c27-430b-8bc9-e2914a5a9028/current/raft-meta with options [REPLACE_EXISTING]
2023-12-13 16:21:25,400 [grpc-default-executor-13] INFO  impl.RoleInfo (RoleInfo.java:updateAndGet(139)) - s0: start s0@group-E2914A5A9028-LeaderElection13
2023-12-13 16:21:25,400 [s0@group-E2914A5A9028-LeaderElection13] INFO  impl.LeaderElection (LeaderElection.java:askForVotes(321)) - s0@group-E2914A5A9028-LeaderElection13 ELECTION round 0: submit vote requests at term 3 for 1: peers:[s0|0.0.0.0:45531, s1|0.0.0.0:34859, s2|0.0.0.0:41623]|listeners:[], old=null
2023-12-13 16:21:25,401 [s2-server-thread2] INFO  impl.TransferLeadership (TransferLeadership.java:lambda$sendStartLeaderElection$2(224)) - s2@group-E2914A5A9028: Received startLeaderElection reply from s0: success? true
2023-12-13 16:21:25,402 [grpc-default-executor-13] INFO  server.RaftServer$Division (RaftServerImpl.java:requestVote(1377)) - s1@group-E2914A5A9028: receive requestVote(ELECTION, s0, group-E2914A5A9028, 3, (t:2, i:22))
2023-12-13 16:21:25,402 [grpc-default-executor-8] INFO  server.RaftServer$Division (RaftServerImpl.java:requestVote(1377)) - s2@group-E2914A5A9028: receive requestVote(ELECTION, s0, group-E2914A5A9028, 3, (t:2, i:22))
2023-12-13 16:21:25,402 [grpc-default-executor-13] INFO  impl.VoteContext (VoteContext.java:log(49)) - s1@group-E2914A5A9028-FOLLOWER: accept ELECTION from s0: our priority 1 <= candidate's priority 2
2023-12-13 16:21:25,402 [grpc-default-executor-8] INFO  impl.VoteContext (VoteContext.java:log(49)) - s2@group-E2914A5A9028-LEADER: accept ELECTION from s0: our priority 1 <= candidate's priority 2
2023-12-13 16:21:25,402 [grpc-default-executor-13] INFO  server.RaftServer$Division (ServerState.java:setLeader(265)) - s1@group-E2914A5A9028: change Leader from s2 to null at term 3 for updateCurrentTerm
2023-12-13 16:21:25,402 [grpc-default-executor-8] INFO  server.RaftServer$Division (ServerState.java:setLeader(265)) - s2@group-E2914A5A9028: change Leader from s2 to null at term 3 for updateCurrentTerm
2023-12-13 16:21:25,402 [grpc-default-executor-13] INFO  server.RaftServer$Division (RaftServerImpl.java:setRole(379)) - s1@group-E2914A5A9028: changes role from  FOLLOWER to FOLLOWER at term 3 for candidate:s0
2023-12-13 16:21:25,402 [grpc-default-executor-8] INFO  server.RaftServer$Division (RaftServerImpl.java:setRole(379)) - s2@group-E2914A5A9028: changes role from    LEADER to FOLLOWER at term 3 for candidate:s0
2023-12-13 16:21:25,402 [grpc-default-executor-13] INFO  impl.RoleInfo (RoleInfo.java:shutdownFollowerState(110)) - s1: shutdown s1@group-E2914A5A9028-FollowerState
2023-12-13 16:21:25,402 [grpc-default-executor-8] INFO  impl.RoleInfo (RoleInfo.java:shutdownLeaderState(94)) - s2: shutdown s2@group-E2914A5A9028-LeaderStateImpl
2023-12-13 16:21:25,402 [grpc-default-executor-13] INFO  impl.RoleInfo (RoleInfo.java:updateAndGet(139)) - s1: start s1@group-E2914A5A9028-FollowerState
2023-12-13 16:21:25,402 [s1@group-E2914A5A9028-FollowerState] INFO  impl.FollowerState (FollowerState.java:run(152)) - s1@group-E2914A5A9028-FollowerState was interrupted
2023-12-13 16:21:25,402 [s2@group-E2914A5A9028->s0-GrpcLogAppender-LogAppenderDaemon] WARN  server.GrpcLogAppender (GrpcLogAppender.java:mayWait(279)) - s2@group-E2914A5A9028->s0-GrpcLogAppender: Wait interrupted by java.lang.InterruptedException
2023-12-13 16:21:25,402 [grpc-default-executor-13] TRACE util.FileUtils (LogUtils.java:supplyAndLog(69)) - Successfully supplied FileChannel.open /home/runner/work/ratis/ratis/ratis-test/target/test/data/1e4ee837/MiniRaftClusterWithGrpcf3ee9cbd/s1/80bc3141-7c27-430b-8bc9-e2914a5a9028/current/raft-meta.tmp with options [CREATE, WRITE]: sun.nio.ch.FileChannelImpl@2ec1633f
2023-12-13 16:21:25,402 [grpc-default-executor-8] INFO  impl.PendingRequests (PendingRequests.java:sendNotLeaderResponses(289)) - s2@group-E2914A5A9028-PendingRequests: sendNotLeaderResponses
2023-12-13 16:21:25,402 [s2@group-E2914A5A9028->s1-GrpcLogAppender-LogAppenderDaemon] WARN  server.GrpcLogAppender (GrpcLogAppender.java:mayWait(279)) - s2@group-E2914A5A9028->s1-GrpcLogAppender: Wait interrupted by java.lang.InterruptedException
2023-12-13 16:21:25,403 [grpc-default-executor-0] INFO  server.GrpcServerProtocolService (GrpcServerProtocolService.java:onCompleted(157)) - s0: Completed APPEND_ENTRIES, lastRequest: null
2023-12-13 16:21:25,403 [grpc-default-executor-8] INFO  impl.RoleInfo (RoleInfo.java:updateAndGet(139)) - s2: start s2@group-E2914A5A9028-FollowerState
2023-12-13 16:21:25,403 [grpc-default-executor-8] TRACE util.FileUtils (LogUtils.java:supplyAndLog(69)) - Successfully supplied FileChannel.open /home/runner/work/ratis/ratis/ratis-test/target/test/data/1e4ee837/MiniRaftClusterWithGrpcf3ee9cbd/s2/80bc3141-7c27-430b-8bc9-e2914a5a9028/current/raft-meta.tmp with options [CREATE, WRITE]: sun.nio.ch.FileChannelImpl@4cb689d7
2023-12-13 16:21:25,403 [grpc-default-executor-12] INFO  server.GrpcServerProtocolService (GrpcServerProtocolService.java:onCompleted(157)) - s1: Completed APPEND_ENTRIES, lastRequest: s2->s1#39-t2,previous=(t:2, i:21),leaderCommit=21,initializing? false,entries: size=1, first=(t:2, i:22), METADATAENTRY(c:21)
2023-12-13 16:21:25,403 [grpc-default-executor-12] INFO  server.GrpcServerProtocolService (GrpcServerProtocolService.java:lambda$onCompleted$5(159)) - s1: Completed APPEND_ENTRIES, lastReply: null
2023-12-13 16:21:25,404 [grpc-default-executor-0] INFO  server.GrpcServerProtocolService (GrpcServerProtocolService.java:lambda$onCompleted$5(159)) - s0: Completed APPEND_ENTRIES, lastReply: serverReply {
  requestorId: "s2"
  replyId: "s0"
  raftGroupId {
    id: "\200\2741A|\'C\v\213\311\342\221JZ\220("
  }
  callId: 54
  success: true
}
term: 2
nextIndex: 23
followerCommit: 22
matchIndex: 18446744073709551615
isHearbeat: true

2023-12-13 16:21:25,404 [grpc-default-executor-11] INFO  server.GrpcServerProtocolService (GrpcServerProtocolService.java:onCompleted(157)) - s0: Completed APPEND_ENTRIES, lastRequest: s2->s0#27-t2,previous=(t:2, i:1),leaderCommit=22,initializing? false,entries: size=21, first=(t:2, i:2), METADATAENTRY(c:1)
2023-12-13 16:21:25,404 [grpc-default-executor-11] INFO  server.GrpcServerProtocolService (GrpcServerProtocolService.java:lambda$onCompleted$5(159)) - s0: Completed APPEND_ENTRIES, lastReply: null
2023-12-13 16:21:25,404 [grpc-default-executor-7] INFO  server.GrpcServerProtocolService (GrpcServerProtocolService.java:onCompleted(157)) - s1: Completed APPEND_ENTRIES, lastRequest: null
2023-12-13 16:21:25,404 [grpc-default-executor-8] TRACE util.FileUtils (LogUtils.java:runAndLog(49)) - Successfully ran Atomic Files.move /home/runner/work/ratis/ratis/ratis-test/target/test/data/1e4ee837/MiniRaftClusterWithGrpcf3ee9cbd/s2/80bc3141-7c27-430b-8bc9-e2914a5a9028/current/raft-meta.tmp to /home/runner/work/ratis/ratis/ratis-test/target/test/data/1e4ee837/MiniRaftClusterWithGrpcf3ee9cbd/s2/80bc3141-7c27-430b-8bc9-e2914a5a9028/current/raft-meta with options [REPLACE_EXISTING]
2023-12-13 16:21:25,404 [grpc-default-executor-7] INFO  server.GrpcServerProtocolService (GrpcServerProtocolService.java:lambda$onCompleted$5(159)) - s1: Completed APPEND_ENTRIES, lastReply: serverReply {
  requestorId: "s2"
  replyId: "s1"
  raftGroupId {
    id: "\200\2741A|\'C\v\213\311\342\221JZ\220("
  }
  callId: 44
  success: true
}
term: 2
nextIndex: 23
followerCommit: 22
matchIndex: 18446744073709551615
isHearbeat: true

2023-12-13 16:21:25,404 [grpc-default-executor-8] INFO  server.RaftServer$Division (RaftServerImpl.java:requestVote(1410)) - s2@group-E2914A5A9028 replies to ELECTION vote request: s0<-s2#0:OK-t3. Peer's state: s2@group-E2914A5A9028:t3, leader=null, voted=s0, raftlog=Memoized:s2@group-E2914A5A9028-SegmentedRaftLog:OPENED:c22, conf=1: peers:[s0|0.0.0.0:45531, s1|0.0.0.0:34859, s2|0.0.0.0:41623]|listeners:[], old=null
2023-12-13 16:21:25,405 [grpc-default-executor-11] INFO  server.GrpcLogAppender (GrpcLogAppender.java:onCompleted(534)) - s2@group-E2914A5A9028->s0-AppendLogResponseHandler: follower responses appendEntries COMPLETED
2023-12-13 16:21:25,405 [grpc-default-executor-4] INFO  server.GrpcLogAppender (GrpcLogAppender.java:onCompleted(534)) - s2@group-E2914A5A9028->s1-AppendLogResponseHandler: follower responses appendEntries COMPLETED
2023-12-13 16:21:25,405 [grpc-default-executor-11] INFO  server.GrpcLogAppender (GrpcLogAppender.java:onCompleted(534)) - s2@group-E2914A5A9028->s0-AppendLogResponseHandler: follower responses appendEntries COMPLETED
2023-12-13 16:21:25,405 [s0@group-E2914A5A9028-LeaderElection13] INFO  impl.LeaderElection (LeaderElection.java:logAndReturn(89)) - s0@group-E2914A5A9028-LeaderElection13: ELECTION PASSED received 1 response(s) and 0 exception(s):
2023-12-13 16:21:25,405 [s0@group-E2914A5A9028-LeaderElection13] INFO  impl.LeaderElection (LeaderElection.java:logAndReturn(93)) -   Response 0: s0<-s2#0:OK-t3
2023-12-13 16:21:25,405 [s0@group-E2914A5A9028-LeaderElection13] INFO  impl.LeaderElection (LeaderElection.java:askForVotes(323)) - s0@group-E2914A5A9028-LeaderElection13 ELECTION round 0: result PASSED
2023-12-13 16:21:25,405 [s0@group-E2914A5A9028-LeaderElection13] INFO  impl.RoleInfo (RoleInfo.java:shutdownLeaderElection(130)) - s0: shutdown s0@group-E2914A5A9028-LeaderElection13
2023-12-13 16:21:25,405 [s0@group-E2914A5A9028-LeaderElection13] INFO  server.RaftServer$Division (RaftServerImpl.java:setRole(379)) - s0@group-E2914A5A9028: changes role from CANDIDATE to LEADER at term 3 for changeToLeader
2023-12-13 16:21:25,405 [s0@group-E2914A5A9028-LeaderElection13] INFO  server.RaftServerConfigKeys (ConfUtils.java:logGet(46)) - raft.server.staging.catchup.gap = 1000 (default)
2023-12-13 16:21:25,405 [s0@group-E2914A5A9028-LeaderElection13] INFO  server.RaftServerConfigKeys (ConfUtils.java:logGet(46)) - raft.server.write.element-limit = 4096 (default)
2023-12-13 16:21:25,405 [s0@group-E2914A5A9028-LeaderElection13] INFO  server.RaftServerConfigKeys (ConfUtils.java:logGet(46)) - raft.server.write.byte-limit = 64MB (=67108864) (default)
2023-12-13 16:21:25,405 [s0@group-E2914A5A9028-LeaderElection13] INFO  server.RaftServerConfigKeys (ConfUtils.java:logGet(46)) - raft.server.watch.timeout = 10s (default)
2023-12-13 16:21:25,405 [s0@group-E2914A5A9028-LeaderElection13] INFO  server.RaftServerConfigKeys (ConfUtils.java:logGet(46)) - raft.server.watch.timeout.denomination = 1s (default)
2023-12-13 16:21:25,406 [s0@group-E2914A5A9028-LeaderElection13] INFO  server.RaftServerConfigKeys (ConfUtils.java:logGet(46)) - raft.server.watch.element-limit = 65536 (default)
2023-12-13 16:21:25,406 [s0@group-E2914A5A9028-LeaderElection13] INFO  server.RaftServerConfigKeys (ConfUtils.java:logGet(46)) - raft.server.read.leader.lease.enabled = false (default)
2023-12-13 16:21:25,406 [s0@group-E2914A5A9028-LeaderElection13] INFO  server.RaftServerConfigKeys (ConfUtils.java:logGet(46)) - raft.server.read.leader.lease.timeout.ratio = 0.9 (default)
2023-12-13 16:21:25,406 [s0@group-E2914A5A9028-LeaderElection13] INFO  server.RaftServerConfigKeys (ConfUtils.java:logGet(46)) - raft.server.rpc.timeout.min = 1500ms (custom)
2023-12-13 16:21:25,406 [s0@group-E2914A5A9028-LeaderElection13] INFO  server.RaftServerConfigKeys (ConfUtils.java:logGet(46)) - raft.server.write.element-limit = 4096 (default)
2023-12-13 16:21:25,406 [s0@group-E2914A5A9028-LeaderElection13] INFO  server.RaftServerConfigKeys (ConfUtils.java:logGet(46)) - raft.server.write.follower.gap.ratio.max = -1.0 (default)
2023-12-13 16:21:25,406 [s0@group-E2914A5A9028-LeaderElection13] INFO  server.RaftServerConfigKeys (ConfUtils.java:logGet(46)) - raft.server.log.appender.snapshot.chunk.size.max = 16MB (=16777216) (default)
2023-12-13 16:21:25,406 [s0@group-E2914A5A9028-LeaderElection13] INFO  server.RaftServerConfigKeys (ConfUtils.java:logGet(46)) - raft.server.log.appender.buffer.byte-limit = 4MB (=4194304) (default)
2023-12-13 16:21:25,406 [s0@group-E2914A5A9028-LeaderElection13] INFO  server.RaftServerConfigKeys (ConfUtils.java:logGet(46)) - raft.server.log.appender.buffer.element-limit = 0 (default)
2023-12-13 16:21:25,406 [s0@group-E2914A5A9028-LeaderElection13] INFO  server.RaftServerConfigKeys (ConfUtils.java:logGet(46)) - raft.server.log.appender.wait-time.min = 1ms (default)
2023-12-13 16:21:25,406 [s0@group-E2914A5A9028-LeaderElection13] INFO  grpc.GrpcConfigKeys (ConfUtils.java:logGet(46)) - raft.grpc.server.leader.outstanding.appends.max = 8 (default)
2023-12-13 16:21:25,406 [s0@group-E2914A5A9028-LeaderElection13] INFO  server.RaftServerConfigKeys (ConfUtils.java:logGet(46)) - raft.server.rpc.request.timeout = 3000ms (default)
2023-12-13 16:21:25,406 [s0@group-E2914A5A9028-LeaderElection13] INFO  grpc.GrpcConfigKeys (ConfUtils.java:logGet(46)) - raft.grpc.server.install_snapshot.request.element-limit = 8 (default)
2023-12-13 16:21:25,406 [s0@group-E2914A5A9028-LeaderElection13] INFO  grpc.GrpcConfigKeys (ConfUtils.java:logGet(46)) - raft.grpc.server.install_snapshot.request.timeout = 3000ms (default)
2023-12-13 16:21:25,406 [grpc-default-executor-12] INFO  server.GrpcLogAppender (GrpcLogAppender.java:onCompleted(534)) - s2@group-E2914A5A9028->s1-AppendLogResponseHandler: follower responses appendEntries COMPLETED
2023-12-13 16:21:25,406 [s0@group-E2914A5A9028-LeaderElection13] INFO  server.RaftServerConfigKeys (ConfUtils.java:logGet(46)) - raft.server.log.appender.install.snapshot.enabled = true (default)
2023-12-13 16:21:25,406 [s0@group-E2914A5A9028-LeaderElection13] INFO  grpc.GrpcConfigKeys (ConfUtils.java:logGet(46)) - raft.grpc.server.heartbeat.channel = true (default)
2023-12-13 16:21:25,407 [s0@group-E2914A5A9028-LeaderElection13] INFO  server.RaftServerConfigKeys (ConfUtils.java:logGet(46)) - raft.server.log.appender.snapshot.chunk.size.max = 16MB (=16777216) (default)
2023-12-13 16:21:25,407 [s0@group-E2914A5A9028-LeaderElection13] INFO  server.RaftServerConfigKeys (ConfUtils.java:logGet(46)) - raft.server.log.appender.buffer.byte-limit = 4MB (=4194304) (default)
2023-12-13 16:21:25,407 [s0@group-E2914A5A9028-LeaderElection13] INFO  server.RaftServerConfigKeys (ConfUtils.java:logGet(46)) - raft.server.log.appender.buffer.element-limit = 0 (default)
2023-12-13 16:21:25,407 [s0@group-E2914A5A9028-LeaderElection13] INFO  server.RaftServerConfigKeys (ConfUtils.java:logGet(46)) - raft.server.log.appender.wait-time.min = 1ms (default)
2023-12-13 16:21:25,407 [s0@group-E2914A5A9028-LeaderElection13] INFO  grpc.GrpcConfigKeys (ConfUtils.java:logGet(46)) - raft.grpc.server.leader.outstanding.appends.max = 8 (default)
2023-12-13 16:21:25,407 [s0@group-E2914A5A9028-LeaderElection13] INFO  server.RaftServerConfigKeys (ConfUtils.java:logGet(46)) - raft.server.rpc.request.timeout = 3000ms (default)
2023-12-13 16:21:25,407 [s0@group-E2914A5A9028-LeaderElection13] INFO  grpc.GrpcConfigKeys (ConfUtils.java:logGet(46)) - raft.grpc.server.install_snapshot.request.element-limit = 8 (default)
2023-12-13 16:21:25,407 [s0@group-E2914A5A9028-LeaderElection13] INFO  grpc.GrpcConfigKeys (ConfUtils.java:logGet(46)) - raft.grpc.server.install_snapshot.request.timeout = 3000ms (default)
2023-12-13 16:21:25,407 [s0@group-E2914A5A9028-LeaderElection13] INFO  server.RaftServerConfigKeys (ConfUtils.java:logGet(46)) - raft.server.log.appender.install.snapshot.enabled = true (default)
2023-12-13 16:21:25,407 [s0@group-E2914A5A9028-LeaderElection13] INFO  grpc.GrpcConfigKeys (ConfUtils.java:logGet(46)) - raft.grpc.server.heartbeat.channel = true (default)
2023-12-13 16:21:25,407 [s0@group-E2914A5A9028-LeaderElection13] INFO  impl.RoleInfo (RoleInfo.java:updateAndGet(139)) - s0: start s0@group-E2914A5A9028-LeaderStateImpl
2023-12-13 16:21:25,407 [s0@group-E2914A5A9028-LeaderElection13] INFO  server.RaftServer$Division (ServerState.java:setLeader(265)) - s0@group-E2914A5A9028: change Leader from null to s0 at term 3 for becomeLeader, leader elected after 8ms
2023-12-13 16:21:25,407 [s0@group-E2914A5A9028-LeaderElection13] INFO  segmented.SegmentedRaftLogWorker (SegmentedRaftLogWorker.java:rollLogSegment(435)) - s0@group-E2914A5A9028-SegmentedRaftLogWorker: Rolling segment log-1_22 to index:22
2023-12-13 16:21:25,407 [s0@group-E2914A5A9028-LeaderElection13] INFO  server.RaftServer$Division (ServerState.java:setRaftConf(382)) - s0@group-E2914A5A9028: set configuration 23: peers:[s0|0.0.0.0:45531, s1|0.0.0.0:34859, s2|0.0.0.0:41623]|listeners:[], old=null
2023-12-13 16:21:25,408 [s0@group-E2914A5A9028-SegmentedRaftLogWorker] TRACE util.FileUtils (LogUtils.java:runAndLog(49)) - Successfully ran Atomic Files.move /home/runner/work/ratis/ratis/ratis-test/target/test/data/1e4ee837/MiniRaftClusterWithGrpcf3ee9cbd/s0/80bc3141-7c27-430b-8bc9-e2914a5a9028/current/log_inprogress_1 to /home/runner/work/ratis/ratis/ratis-test/target/test/data/1e4ee837/MiniRaftClusterWithGrpcf3ee9cbd/s0/80bc3141-7c27-430b-8bc9-e2914a5a9028/current/log_1-22
2023-12-13 16:21:25,408 [s0@group-E2914A5A9028-SegmentedRaftLogWorker] INFO  segmented.SegmentedRaftLogWorker (SegmentedRaftLogWorker.java:execute(591)) - s0@group-E2914A5A9028-SegmentedRaftLogWorker: Rolled log segment from /home/runner/work/ratis/ratis/ratis-test/target/test/data/1e4ee837/MiniRaftClusterWithGrpcf3ee9cbd/s0/80bc3141-7c27-430b-8bc9-e2914a5a9028/current/log_inprogress_1 to /home/runner/work/ratis/ratis/ratis-test/target/test/data/1e4ee837/MiniRaftClusterWithGrpcf3ee9cbd/s0/80bc3141-7c27-430b-8bc9-e2914a5a9028/current/log_1-22
2023-12-13 16:21:25,408 [s0@group-E2914A5A9028-SegmentedRaftLogWorker] INFO  segmented.BufferedWriteChannel (BufferedWriteChannel.java:open(62)) - open log_inprogress_23 at position 0
2023-12-13 16:21:25,410 [s2-server-thread2] INFO  server.RaftServer$Division (ServerState.java:setLeader(265)) - s2@group-E2914A5A9028: change Leader from null to s0 at term 3 for appendEntries, leader elected after 8ms
2023-12-13 16:21:25,410 [grpc-default-executor-13] TRACE util.FileUtils (LogUtils.java:runAndLog(49)) - Successfully ran Atomic Files.move /home/runner/work/ratis/ratis/ratis-test/target/test/data/1e4ee837/MiniRaftClusterWithGrpcf3ee9cbd/s1/80bc3141-7c27-430b-8bc9-e2914a5a9028/current/raft-meta.tmp to /home/runner/work/ratis/ratis/ratis-test/target/test/data/1e4ee837/MiniRaftClusterWithGrpcf3ee9cbd/s1/80bc3141-7c27-430b-8bc9-e2914a5a9028/current/raft-meta with options [REPLACE_EXISTING]
2023-12-13 16:21:25,410 [grpc-default-executor-13] INFO  server.RaftServer$Division (RaftServerImpl.java:requestVote(1410)) - s1@group-E2914A5A9028 replies to ELECTION vote request: s0<-s1#0:OK-t3. Peer's state: s1@group-E2914A5A9028:t3, leader=null, voted=s0, raftlog=Memoized:s1@group-E2914A5A9028-SegmentedRaftLog:OPENED:c22, conf=1: peers:[s0|0.0.0.0:45531, s1|0.0.0.0:34859, s2|0.0.0.0:41623]|listeners:[], old=null
2023-12-13 16:21:25,411 [s1-server-thread1] INFO  server.RaftServer$Division (ServerState.java:setLeader(265)) - s1@group-E2914A5A9028: change Leader from null to s0 at term 3 for appendEntries, leader elected after 8ms
2023-12-13 16:21:25,412 [s1-server-thread2] DEBUG server.RaftServer$Division (RaftServerImpl.java:logAppendEntries(1504)) - s1@group-E2914A5A9028: receive appendEntries(s0, 3, (t:2, i:22), 22, false, commits:[s0:c22, s1:c22, s2:c22], cId:1, entries: [(t:3, i:23), CONFIGURATIONENTRY(current:id: "s0"
address: "0.0.0.0:45531"
priority: 2
clientAddress: "0.0.0.0:45531"
adminAddress: "0.0.0.0:45531"
startupRole: FOLLOWER
,id: "s1"
address: "0.0.0.0:34859"
priority: 1
clientAddress: "0.0.0.0:34859"
adminAddress: "0.0.0.0:34859"
startupRole: FOLLOWER
,id: "s2"
address: "0.0.0.0:41623"
priority: 1
clientAddress: "0.0.0.0:41623"
adminAddress: "0.0.0.0:41623"
startupRole: FOLLOWER
, old:)]
2023-12-13 16:21:25,412 [s2-server-thread1] DEBUG server.RaftServer$Division (RaftServerImpl.java:logAppendEntries(1504)) - s2@group-E2914A5A9028: receive appendEntries(s0, 3, (t:2, i:22), 22, false, commits:[s0:c22, s1:c22, s2:c22], cId:1, entries: [(t:3, i:23), CONFIGURATIONENTRY(current:id: "s0"
address: "0.0.0.0:45531"
priority: 2
clientAddress: "0.0.0.0:45531"
adminAddress: "0.0.0.0:45531"
startupRole: FOLLOWER
,id: "s1"
address: "0.0.0.0:34859"
priority: 1
clientAddress: "0.0.0.0:34859"
adminAddress: "0.0.0.0:34859"
startupRole: FOLLOWER
,id: "s2"
address: "0.0.0.0:41623"
priority: 1
clientAddress: "0.0.0.0:41623"
adminAddress: "0.0.0.0:41623"
startupRole: FOLLOWER
, old:)]
2023-12-13 16:21:25,412 [s2-server-thread1] INFO  server.RaftServer$Division (ServerState.java:setRaftConf(382)) - s2@group-E2914A5A9028: set configuration 23: peers:[s0|0.0.0.0:45531, s1|0.0.0.0:34859, s2|0.0.0.0:41623]|listeners:[], old=null
2023-12-13 16:21:25,412 [s1-server-thread2] INFO  server.RaftServer$Division (ServerState.java:setRaftConf(382)) - s1@group-E2914A5A9028: set configuration 23: peers:[s0|0.0.0.0:45531, s1|0.0.0.0:34859, s2|0.0.0.0:41623]|listeners:[], old=null
2023-12-13 16:21:25,412 [s2-server-thread1] INFO  segmented.SegmentedRaftLogWorker (SegmentedRaftLogWorker.java:rollLogSegment(435)) - s2@group-E2914A5A9028-SegmentedRaftLogWorker: Rolling segment log-1_22 to index:22
2023-12-13 16:21:25,412 [s1-server-thread2] INFO  segmented.SegmentedRaftLogWorker (SegmentedRaftLogWorker.java:rollLogSegment(435)) - s1@group-E2914A5A9028-SegmentedRaftLogWorker: Rolling segment log-1_22 to index:22
2023-12-13 16:21:25,413 [s2@group-E2914A5A9028-SegmentedRaftLogWorker] TRACE util.FileUtils (LogUtils.java:runAndLog(49)) - Successfully ran Atomic Files.move /home/runner/work/ratis/ratis/ratis-test/target/test/data/1e4ee837/MiniRaftClusterWithGrpcf3ee9cbd/s2/80bc3141-7c27-430b-8bc9-e2914a5a9028/current/log_inprogress_1 to /home/runner/work/ratis/ratis/ratis-test/target/test/data/1e4ee837/MiniRaftClusterWithGrpcf3ee9cbd/s2/80bc3141-7c27-430b-8bc9-e2914a5a9028/current/log_1-22
2023-12-13 16:21:25,413 [s2@group-E2914A5A9028-SegmentedRaftLogWorker] INFO  segmented.SegmentedRaftLogWorker (SegmentedRaftLogWorker.java:execute(591)) - s2@group-E2914A5A9028-SegmentedRaftLogWorker: Rolled log segment from /home/runner/work/ratis/ratis/ratis-test/target/test/data/1e4ee837/MiniRaftClusterWithGrpcf3ee9cbd/s2/80bc3141-7c27-430b-8bc9-e2914a5a9028/current/log_inprogress_1 to /home/runner/work/ratis/ratis/ratis-test/target/test/data/1e4ee837/MiniRaftClusterWithGrpcf3ee9cbd/s2/80bc3141-7c27-430b-8bc9-e2914a5a9028/current/log_1-22
2023-12-13 16:21:25,413 [s2@group-E2914A5A9028-SegmentedRaftLogWorker] INFO  segmented.BufferedWriteChannel (BufferedWriteChannel.java:open(62)) - open log_inprogress_23 at position 0
2023-12-13 16:21:25,414 [s1@group-E2914A5A9028-SegmentedRaftLogWorker] TRACE util.FileUtils (LogUtils.java:runAndLog(49)) - Successfully ran Atomic Files.move /home/runner/work/ratis/ratis/ratis-test/target/test/data/1e4ee837/MiniRaftClusterWithGrpcf3ee9cbd/s1/80bc3141-7c27-430b-8bc9-e2914a5a9028/current/log_inprogress_1 to /home/runner/work/ratis/ratis/ratis-test/target/test/data/1e4ee837/MiniRaftClusterWithGrpcf3ee9cbd/s1/80bc3141-7c27-430b-8bc9-e2914a5a9028/current/log_1-22
2023-12-13 16:21:25,414 [s1@group-E2914A5A9028-SegmentedRaftLogWorker] INFO  segmented.SegmentedRaftLogWorker (SegmentedRaftLogWorker.java:execute(591)) - s1@group-E2914A5A9028-SegmentedRaftLogWorker: Rolled log segment from /home/runner/work/ratis/ratis/ratis-test/target/test/data/1e4ee837/MiniRaftClusterWithGrpcf3ee9cbd/s1/80bc3141-7c27-430b-8bc9-e2914a5a9028/current/log_inprogress_1 to /home/runner/work/ratis/ratis/ratis-test/target/test/data/1e4ee837/MiniRaftClusterWithGrpcf3ee9cbd/s1/80bc3141-7c27-430b-8bc9-e2914a5a9028/current/log_1-22
2023-12-13 16:21:25,414 [s1@group-E2914A5A9028-SegmentedRaftLogWorker] INFO  segmented.BufferedWriteChannel (BufferedWriteChannel.java:open(62)) - open log_inprogress_23 at position 0
2023-12-13 16:21:25,420 [s0@group-E2914A5A9028-SegmentedRaftLogWorker] INFO  segmented.SegmentedRaftLogWorker (SegmentedRaftLogWorker.java:execute(634)) - s0@group-E2914A5A9028-SegmentedRaftLogWorker: created new log segment /home/runner/work/ratis/ratis/ratis-test/target/test/data/1e4ee837/MiniRaftClusterWithGrpcf3ee9cbd/s0/80bc3141-7c27-430b-8bc9-e2914a5a9028/current/log_inprogress_23
2023-12-13 16:21:25,424 [s1@group-E2914A5A9028-SegmentedRaftLogWorker] INFO  segmented.SegmentedRaftLogWorker (SegmentedRaftLogWorker.java:execute(634)) - s1@group-E2914A5A9028-SegmentedRaftLogWorker: created new log segment /home/runner/work/ratis/ratis/ratis-test/target/test/data/1e4ee837/MiniRaftClusterWithGrpcf3ee9cbd/s1/80bc3141-7c27-430b-8bc9-e2914a5a9028/current/log_inprogress_23
2023-12-13 16:21:25,424 [s1-server-thread2] DEBUG server.RaftServer$Division (RaftServerImpl.java:logAppendEntries(1504)) - s1@group-E2914A5A9028: succeeded to handle AppendEntries. Reply: s0<-s1#1:OK-t3,SUCCESS,nextIndex=24,followerCommit=22,matchIndex=23
2023-12-13 16:21:25,424 [s2@group-E2914A5A9028-SegmentedRaftLogWorker] INFO  segmented.SegmentedRaftLogWorker (SegmentedRaftLogWorker.java:execute(634)) - s2@group-E2914A5A9028-SegmentedRaftLogWorker: created new log segment /home/runner/work/ratis/ratis/ratis-test/target/test/data/1e4ee837/MiniRaftClusterWithGrpcf3ee9cbd/s2/80bc3141-7c27-430b-8bc9-e2914a5a9028/current/log_inprogress_23
2023-12-13 16:21:25,425 [s0@group-E2914A5A9028-StateMachineUpdater] TRACE util.FileUtils (LogUtils.java:supplyAndLog(69)) - Successfully supplied FileChannel.open /home/runner/work/ratis/ratis/ratis-test/target/test/data/1e4ee837/MiniRaftClusterWithGrpcf3ee9cbd/s0/80bc3141-7c27-430b-8bc9-e2914a5a9028/current/raft-meta.conf.tmp with options [CREATE, WRITE]: sun.nio.ch.FileChannelImpl@2aecff7d
2023-12-13 16:21:25,425 [s2-server-thread2] DEBUG server.RaftServer$Division (RaftServerImpl.java:logAppendEntries(1504)) - s2@group-E2914A5A9028: succeeded to handle AppendEntries. Reply: s0<-s2#1:OK-t3,SUCCESS,nextIndex=24,followerCommit=22,matchIndex=23
2023-12-13 16:21:25,426 [s2-server-thread1] DEBUG server.RaftServer$Division (RaftServerImpl.java:logAppendEntries(1504)) - s2@group-E2914A5A9028: receive appendEntries(s0, 3, (t:3, i:23), 23, false, commits:[s0:c23, s1:c22, s2:c22], cId:3, entries: [(t:3, i:24), METADATAENTRY(c:23)]
2023-12-13 16:21:25,426 [s0@group-E2914A5A9028-StateMachineUpdater] TRACE util.FileUtils (LogUtils.java:runAndLog(49)) - Successfully ran Atomic Files.move /home/runner/work/ratis/ratis/ratis-test/target/test/data/1e4ee837/MiniRaftClusterWithGrpcf3ee9cbd/s0/80bc3141-7c27-430b-8bc9-e2914a5a9028/current/raft-meta.conf.tmp to /home/runner/work/ratis/ratis/ratis-test/target/test/data/1e4ee837/MiniRaftClusterWithGrpcf3ee9cbd/s0/80bc3141-7c27-430b-8bc9-e2914a5a9028/current/raft-meta.conf with options [REPLACE_EXISTING]
2023-12-13 16:21:25,426 [s0@group-E2914A5A9028-StateMachineUpdater] INFO  server.RaftServer$Division (LeaderStateImpl.java:isApplied(320)) - leader is ready since appliedIndex == 23 >= startIndex == 23
2023-12-13 16:21:25,426 [s2-server-thread1] DEBUG server.RaftServer$Division (RaftServerImpl.java:logAppendEntries(1504)) - s2@group-E2914A5A9028: succeeded to handle AppendEntries. Reply: s0<-s2#3:OK-t3,SUCCESS,nextIndex=25,followerCommit=23,matchIndex=24
2023-12-13 16:21:25,426 [s2@group-E2914A5A9028-StateMachineUpdater] TRACE util.FileUtils (LogUtils.java:supplyAndLog(69)) - Successfully supplied FileChannel.open /home/runner/work/ratis/ratis/ratis-test/target/test/data/1e4ee837/MiniRaftClusterWithGrpcf3ee9cbd/s2/80bc3141-7c27-430b-8bc9-e2914a5a9028/current/raft-meta.conf.tmp with options [CREATE, WRITE]: sun.nio.ch.FileChannelImpl@795b3fc6
2023-12-13 16:21:25,427 [s1-server-thread2] DEBUG server.RaftServer$Division (RaftServerImpl.java:logAppendEntries(1504)) - s1@group-E2914A5A9028: receive appendEntries(s0, 3, (t:3, i:23), 23, false, commits:[s0:c23, s1:c22, s2:c23], cId:2, entries: [(t:3, i:24), METADATAENTRY(c:23)]
2023-12-13 16:21:25,428 [s1-server-thread2] DEBUG server.RaftServer$Division (RaftServerImpl.java:logAppendEntries(1504)) - s1@group-E2914A5A9028: succeeded to handle AppendEntries. Reply: s0<-s1#2:OK-t3,SUCCESS,nextIndex=25,followerCommit=23,matchIndex=24
2023-12-13 16:21:25,428 [s1@group-E2914A5A9028-StateMachineUpdater] TRACE util.FileUtils (LogUtils.java:supplyAndLog(69)) - Successfully supplied FileChannel.open /home/runner/work/ratis/ratis/ratis-test/target/test/data/1e4ee837/MiniRaftClusterWithGrpcf3ee9cbd/s1/80bc3141-7c27-430b-8bc9-e2914a5a9028/current/raft-meta.conf.tmp with options [CREATE, WRITE]: sun.nio.ch.FileChannelImpl@f11dbc7
2023-12-13 16:21:25,428 [s2@group-E2914A5A9028-StateMachineUpdater] TRACE util.FileUtils (LogUtils.java:runAndLog(49)) - Successfully ran Atomic Files.move /home/runner/work/ratis/ratis/ratis-test/target/test/data/1e4ee837/MiniRaftClusterWithGrpcf3ee9cbd/s2/80bc3141-7c27-430b-8bc9-e2914a5a9028/current/raft-meta.conf.tmp to /home/runner/work/ratis/ratis/ratis-test/target/test/data/1e4ee837/MiniRaftClusterWithGrpcf3ee9cbd/s2/80bc3141-7c27-430b-8bc9-e2914a5a9028/current/raft-meta.conf with options [REPLACE_EXISTING]
2023-12-13 16:21:25,429 [s1@group-E2914A5A9028-StateMachineUpdater] TRACE util.FileUtils (LogUtils.java:runAndLog(49)) - Successfully ran Atomic Files.move /home/runner/work/ratis/ratis/ratis-test/target/test/data/1e4ee837/MiniRaftClusterWithGrpcf3ee9cbd/s1/80bc3141-7c27-430b-8bc9-e2914a5a9028/current/raft-meta.conf.tmp to /home/runner/work/ratis/ratis/ratis-test/target/test/data/1e4ee837/MiniRaftClusterWithGrpcf3ee9cbd/s1/80bc3141-7c27-430b-8bc9-e2914a5a9028/current/raft-meta.conf with options [REPLACE_EXISTING]
2023-12-13 16:21:26,206 [Time-limited test] INFO  server.RaftServerConfigKeys (ConfUtils.java:logGet(46)) - raft.server.rpc.timeout.max = 2000ms (custom)
2023-12-13 16:21:26,207 [Time-limited test] INFO  ratis.RaftTestUtil (RaftTestUtil.java:waitForLeader(100)) - printing group-E2914A5A9028
  s0:  RUNNING    LEADER s0@group-E2914A5A9028:t3, leader=s0, voted=s0, raftlog=Memoized:s0@group-E2914A5A9028-SegmentedRaftLog:OPENED:c24, conf=23: peers:[s0|0.0.0.0:45531, s1|0.0.0.0:34859, s2|0.0.0.0:41623]|listeners:[], old=null RUNNING
  s1:  RUNNING  FOLLOWER s1@group-E2914A5A9028:t3, leader=s0, voted=s0, raftlog=Memoized:s1@group-E2914A5A9028-SegmentedRaftLog:OPENED:c24, conf=23: peers:[s0|0.0.0.0:45531, s1|0.0.0.0:34859, s2|0.0.0.0:41623]|listeners:[], old=null RUNNING
  s2:  RUNNING  FOLLOWER s2@group-E2914A5A9028:t3, leader=s0, voted=s0, raftlog=Memoized:s2@group-E2914A5A9028-SegmentedRaftLog:OPENED:c24, conf=23: peers:[s0|0.0.0.0:45531, s1|0.0.0.0:34859, s2|0.0.0.0:41623]|listeners:[], old=null RUNNING
2023-12-13 16:21:26,207 [Time-limited test] INFO  ratis.RaftTestUtil (RaftTestUtil.java:waitForLeader(124)) - printing group-E2914A5A9028
  s0:  RUNNING    LEADER s0@group-E2914A5A9028:t3, leader=s0, voted=s0, raftlog=Memoized:s0@group-E2914A5A9028-SegmentedRaftLog:OPENED:c24, conf=23: peers:[s0|0.0.0.0:45531, s1|0.0.0.0:34859, s2|0.0.0.0:41623]|listeners:[], old=null RUNNING
  s1:  RUNNING  FOLLOWER s1@group-E2914A5A9028:t3, leader=s0, voted=s0, raftlog=Memoized:s1@group-E2914A5A9028-SegmentedRaftLog:OPENED:c24, conf=23: peers:[s0|0.0.0.0:45531, s1|0.0.0.0:34859, s2|0.0.0.0:41623]|listeners:[], old=null RUNNING
  s2:  RUNNING  FOLLOWER s2@group-E2914A5A9028:t3, leader=s0, voted=s0, raftlog=Memoized:s2@group-E2914A5A9028-SegmentedRaftLog:OPENED:c24, conf=23: peers:[s0|0.0.0.0:45531, s1|0.0.0.0:34859, s2|0.0.0.0:41623]|listeners:[], old=null RUNNING
2023-12-13 16:21:26,207 [Time-limited test] DEBUG client.RaftClient (ConfUtils.java:logGet(46)) - raft.rpc.type = GRPC (default)
2023-12-13 16:21:26,210 [s2-server-thread2] INFO  server.RaftServer$Division (RaftServerImpl.java:setConfigurationAsync(1264)) - s2@group-E2914A5A9028: receive setConfiguration SetConfigurationRequest:client-B4A2858DB249->s2@group-E2914A5A9028, cid=61, seq=null, RW, null, SET_UNCONDITIONALLY, servers:[s0|0.0.0.0:45531, s1|0.0.0.0:34859, s2|0.0.0.0:41623], listeners:[]
2023-12-13 16:21:26,211 [Time-limited test] DEBUG client.RaftClient (RaftClientImpl.java:handleIOException(419)) - client-B4A2858DB249: suggested new leader: s0. Failed SetConfigurationRequest:client-B4A2858DB249->s2@group-E2914A5A9028, cid=61, seq=null, RW, null, SET_UNCONDITIONALLY, servers:[s0|0.0.0.0:45531, s1|0.0.0.0:34859, s2|0.0.0.0:41623], listeners:[] with {}
org.apache.ratis.protocol.exceptions.NotLeaderException: Server s2@group-E2914A5A9028 is not the leader s0|0.0.0.0:45531
	at org.apache.ratis.client.impl.ClientProtoUtils.toRaftClientReply(ClientProtoUtils.java:397)
	at org.apache.ratis.grpc.client.GrpcClientRpc.sendRequest(GrpcClientRpc.java:102)
	at org.apache.ratis.client.impl.BlockingImpl.sendRequest(BlockingImpl.java:145)
	at org.apache.ratis.client.impl.BlockingImpl.sendRequestWithRetry(BlockingImpl.java:109)
	at org.apache.ratis.client.impl.AdminImpl.setConfiguration(AdminImpl.java:46)
	at org.apache.ratis.client.api.AdminApi.setConfiguration(AdminApi.java:51)
	at org.apache.ratis.client.api.AdminApi.setConfiguration(AdminApi.java:45)
	at org.apache.ratis.server.impl.GroupManagementBaseTest.testGroupWithPriority(GroupManagementBaseTest.java:158)
	at java.base/jdk.internal.reflect.NativeMethodAccessorImpl.invoke0(Native Method)
	at java.base/jdk.internal.reflect.NativeMethodAccessorImpl.invoke(NativeMethodAccessorImpl.java:62)
	at java.base/jdk.internal.reflect.DelegatingMethodAccessorImpl.invoke(DelegatingMethodAccessorImpl.java:43)
	at java.base/java.lang.reflect.Method.invoke(Method.java:566)
	at org.junit.runners.model.FrameworkMethod$1.runReflectiveCall(FrameworkMethod.java:59)
	at org.junit.internal.runners.model.ReflectiveCallable.run(ReflectiveCallable.java:12)
	at org.junit.runners.model.FrameworkMethod.invokeExplosively(FrameworkMethod.java:56)
	at org.junit.internal.runners.statements.InvokeMethod.evaluate(InvokeMethod.java:17)
	at org.junit.internal.runners.statements.RunAfters.evaluate(RunAfters.java:27)
	at org.junit.internal.runners.statements.FailOnTimeout$CallableStatement.call(FailOnTimeout.java:299)
	at org.junit.internal.runners.statements.FailOnTimeout$CallableStatement.call(FailOnTimeout.java:293)
	at java.base/java.util.concurrent.FutureTask.run(FutureTask.java:264)
	at java.base/java.lang.Thread.run(Thread.java:829)
2023-12-13 16:21:26,211 [Time-limited test] DEBUG client.RaftClient (RaftClientImpl.java:handleIOException(438)) - client-B4A2858DB249: oldLeader=s2,  curLeader=s2, newLeader=s0
2023-12-13 16:21:26,211 [Time-limited test] DEBUG client.RaftClient (RaftClientImpl.java:handleIOException(444)) - client-B4A2858DB249 changes Leader from s2 to s0 for group-E2914A5A9028
org.apache.ratis.protocol.exceptions.NotLeaderException: Server s2@group-E2914A5A9028 is not the leader s0|0.0.0.0:45531
	at org.apache.ratis.client.impl.ClientProtoUtils.toRaftClientReply(ClientProtoUtils.java:397)
	at org.apache.ratis.grpc.client.GrpcClientRpc.sendRequest(GrpcClientRpc.java:102)
	at org.apache.ratis.client.impl.BlockingImpl.sendRequest(BlockingImpl.java:145)
	at org.apache.ratis.client.impl.BlockingImpl.sendRequestWithRetry(BlockingImpl.java:109)
	at org.apache.ratis.client.impl.AdminImpl.setConfiguration(AdminImpl.java:46)
	at org.apache.ratis.client.api.AdminApi.setConfiguration(AdminApi.java:51)
	at org.apache.ratis.client.api.AdminApi.setConfiguration(AdminApi.java:45)
	at org.apache.ratis.server.impl.GroupManagementBaseTest.testGroupWithPriority(GroupManagementBaseTest.java:158)
	at java.base/jdk.internal.reflect.NativeMethodAccessorImpl.invoke0(Native Method)
	at java.base/jdk.internal.reflect.NativeMethodAccessorImpl.invoke(NativeMethodAccessorImpl.java:62)
	at java.base/jdk.internal.reflect.DelegatingMethodAccessorImpl.invoke(DelegatingMethodAccessorImpl.java:43)
	at java.base/java.lang.reflect.Method.invoke(Method.java:566)
	at org.junit.runners.model.FrameworkMethod$1.runReflectiveCall(FrameworkMethod.java:59)
	at org.junit.internal.runners.model.ReflectiveCallable.run(ReflectiveCallable.java:12)
	at org.junit.runners.model.FrameworkMethod.invokeExplosively(FrameworkMethod.java:56)
	at org.junit.internal.runners.statements.InvokeMethod.evaluate(InvokeMethod.java:17)
	at org.junit.internal.runners.statements.RunAfters.evaluate(RunAfters.java:27)
	at org.junit.internal.runners.statements.FailOnTimeout$CallableStatement.call(FailOnTimeout.java:299)
	at org.junit.internal.runners.statements.FailOnTimeout$CallableStatement.call(FailOnTimeout.java:293)
	at java.base/java.util.concurrent.FutureTask.run(FutureTask.java:264)
	at java.base/java.lang.Thread.run(Thread.java:829)
2023-12-13 16:21:26,315 [s0-server-thread5] INFO  server.RaftServer$Division (RaftServerImpl.java:setConfigurationAsync(1264)) - s0@group-E2914A5A9028: receive setConfiguration SetConfigurationRequest:client-B4A2858DB249->s0@group-E2914A5A9028, cid=61, seq=null, RW, null, SET_UNCONDITIONALLY, servers:[s0|0.0.0.0:45531, s1|0.0.0.0:34859, s2|0.0.0.0:41623], listeners:[]
2023-12-13 16:21:26,315 [s0-server-thread5] INFO  server.RaftServer$Division (LeaderStateImpl.java:startSetConfiguration(488)) - s0@group-E2914A5A9028-LeaderStateImpl: startSetConfiguration SetConfigurationRequest:client-B4A2858DB249->s0@group-E2914A5A9028, cid=61, seq=null, RW, null, SET_UNCONDITIONALLY, servers:[s0|0.0.0.0:45531, s1|0.0.0.0:34859, s2|0.0.0.0:41623], listeners:[]
2023-12-13 16:21:26,315 [s0-server-thread5] INFO  server.RaftServer$Division (ServerState.java:setRaftConf(382)) - s0@group-E2914A5A9028: set configuration 25: peers:[s0|0.0.0.0:45531, s1|0.0.0.0:34859, s2|0.0.0.0:41623]|listeners:[], old=peers:[s0|0.0.0.0:45531, s1|0.0.0.0:34859, s2|0.0.0.0:41623]|listeners:[]
2023-12-13 16:21:26,316 [s1-server-thread1] DEBUG server.RaftServer$Division (RaftServerImpl.java:logAppendEntries(1504)) - s1@group-E2914A5A9028: receive appendEntries(s0, 3, (t:3, i:24), 24, false, commits:[s0:c24, s1:c24, s2:c24], cId:6, entries: [(t:3, i:25), CONFIGURATIONENTRY(current:id: "s0"
address: "0.0.0.0:45531"
priority: 1
clientAddress: "0.0.0.0:45531"
adminAddress: "0.0.0.0:45531"
startupRole: FOLLOWER
,id: "s1"
address: "0.0.0.0:34859"
priority: 2
clientAddress: "0.0.0.0:34859"
adminAddress: "0.0.0.0:34859"
startupRole: FOLLOWER
,id: "s2"
address: "0.0.0.0:41623"
priority: 1
clientAddress: "0.0.0.0:41623"
adminAddress: "0.0.0.0:41623"
startupRole: FOLLOWER
, old:id: "s0"
address: "0.0.0.0:45531"
priority: 2
clientAddress: "0.0.0.0:45531"
adminAddress: "0.0.0.0:45531"
startupRole: FOLLOWER
,id: "s1"
address: "0.0.0.0:34859"
priority: 1
clientAddress: "0.0.0.0:34859"
adminAddress: "0.0.0.0:34859"
startupRole: FOLLOWER
,id: "s2"
address: "0.0.0.0:41623"
priority: 1
clientAddress: "0.0.0.0:41623"
adminAddress: "0.0.0.0:41623"
startupRole: FOLLOWER
)]
2023-12-13 16:21:26,316 [s1-server-thread1] INFO  server.RaftServer$Division (ServerState.java:setRaftConf(382)) - s1@group-E2914A5A9028: set configuration 25: peers:[s0|0.0.0.0:45531, s1|0.0.0.0:34859, s2|0.0.0.0:41623]|listeners:[], old=peers:[s0|0.0.0.0:45531, s1|0.0.0.0:34859, s2|0.0.0.0:41623]|listeners:[]
2023-12-13 16:21:26,317 [s2-server-thread2] DEBUG server.RaftServer$Division (RaftServerImpl.java:logAppendEntries(1504)) - s2@group-E2914A5A9028: receive appendEntries(s0, 3, (t:3, i:24), 24, false, commits:[s0:c24, s1:c24, s2:c24], cId:9, entries: [(t:3, i:25), CONFIGURATIONENTRY(current:id: "s0"
address: "0.0.0.0:45531"
priority: 1
clientAddress: "0.0.0.0:45531"
adminAddress: "0.0.0.0:45531"
startupRole: FOLLOWER
,id: "s1"
address: "0.0.0.0:34859"
priority: 2
clientAddress: "0.0.0.0:34859"
adminAddress: "0.0.0.0:34859"
startupRole: FOLLOWER
,id: "s2"
address: "0.0.0.0:41623"
priority: 1
clientAddress: "0.0.0.0:41623"
adminAddress: "0.0.0.0:41623"
startupRole: FOLLOWER
, old:id: "s0"
address: "0.0.0.0:45531"
priority: 2
clientAddress: "0.0.0.0:45531"
adminAddress: "0.0.0.0:45531"
startupRole: FOLLOWER
,id: "s1"
address: "0.0.0.0:34859"
priority: 1
clientAddress: "0.0.0.0:34859"
adminAddress: "0.0.0.0:34859"
startupRole: FOLLOWER
,id: "s2"
address: "0.0.0.0:41623"
priority: 1
clientAddress: "0.0.0.0:41623"
adminAddress: "0.0.0.0:41623"
startupRole: FOLLOWER
)]
2023-12-13 16:21:26,317 [s1-server-thread1] DEBUG server.RaftServer$Division (RaftServerImpl.java:logAppendEntries(1504)) - s1@group-E2914A5A9028: succeeded to handle AppendEntries. Reply: s0<-s1#6:OK-t3,SUCCESS,nextIndex=26,followerCommit=24,matchIndex=25
2023-12-13 16:21:26,317 [s2-server-thread2] INFO  server.RaftServer$Division (ServerState.java:setRaftConf(382)) - s2@group-E2914A5A9028: set configuration 25: peers:[s0|0.0.0.0:45531, s1|0.0.0.0:34859, s2|0.0.0.0:41623]|listeners:[], old=peers:[s0|0.0.0.0:45531, s1|0.0.0.0:34859, s2|0.0.0.0:41623]|listeners:[]
2023-12-13 16:21:26,318 [s2-server-thread2] DEBUG server.RaftServer$Division (RaftServerImpl.java:logAppendEntries(1504)) - s2@group-E2914A5A9028: succeeded to handle AppendEntries. Reply: s0<-s2#9:OK-t3,SUCCESS,nextIndex=26,followerCommit=24,matchIndex=25
2023-12-13 16:21:26,318 [s0@group-E2914A5A9028-LeaderStateImpl] INFO  server.RaftServer$Division (ServerState.java:setRaftConf(382)) - s0@group-E2914A5A9028: set configuration 27: peers:[s0|0.0.0.0:45531, s1|0.0.0.0:34859, s2|0.0.0.0:41623]|listeners:[], old=null
2023-12-13 16:21:26,318 [s0@group-E2914A5A9028-StateMachineUpdater] TRACE util.FileUtils (LogUtils.java:supplyAndLog(69)) - Successfully supplied FileChannel.open /home/runner/work/ratis/ratis/ratis-test/target/test/data/1e4ee837/MiniRaftClusterWithGrpcf3ee9cbd/s0/80bc3141-7c27-430b-8bc9-e2914a5a9028/current/raft-meta.conf.tmp with options [CREATE, WRITE]: sun.nio.ch.FileChannelImpl@6fee6444
2023-12-13 16:21:26,319 [s1-server-thread1] DEBUG server.RaftServer$Division (RaftServerImpl.java:logAppendEntries(1504)) - s1@group-E2914A5A9028: receive appendEntries(s0, 3, (t:3, i:25), 25, false, commits:[s0:c25, s1:c24, s2:c24], cId:7, entries: [(t:3, i:26), METADATAENTRY(c:25), (t:3, i:27), CONFIGURATIONENTRY(current:id: "s0"
address: "0.0.0.0:45531"
priority: 1
clientAddress: "0.0.0.0:45531"
adminAddress: "0.0.0.0:45531"
startupRole: FOLLOWER
,id: "s1"
address: "0.0.0.0:34859"
priority: 2
clientAddress: "0.0.0.0:34859"
adminAddress: "0.0.0.0:34859"
startupRole: FOLLOWER
,id: "s2"
address: "0.0.0.0:41623"
priority: 1
clientAddress: "0.0.0.0:41623"
adminAddress: "0.0.0.0:41623"
startupRole: FOLLOWER
, old:)]
2023-12-13 16:21:26,319 [s1-server-thread1] INFO  server.RaftServer$Division (ServerState.java:setRaftConf(382)) - s1@group-E2914A5A9028: set configuration 27: peers:[s0|0.0.0.0:45531, s1|0.0.0.0:34859, s2|0.0.0.0:41623]|listeners:[], old=null
2023-12-13 16:21:26,320 [s2-server-thread2] DEBUG server.RaftServer$Division (RaftServerImpl.java:logAppendEntries(1504)) - s2@group-E2914A5A9028: receive appendEntries(s0, 3, (t:3, i:25), 25, false, commits:[s0:c25, s1:c24, s2:c24], cId:10, entries: [(t:3, i:26), METADATAENTRY(c:25), (t:3, i:27), CONFIGURATIONENTRY(current:id: "s0"
address: "0.0.0.0:45531"
priority: 1
clientAddress: "0.0.0.0:45531"
adminAddress: "0.0.0.0:45531"
startupRole: FOLLOWER
,id: "s1"
address: "0.0.0.0:34859"
priority: 2
clientAddress: "0.0.0.0:34859"
adminAddress: "0.0.0.0:34859"
startupRole: FOLLOWER
,id: "s2"
address: "0.0.0.0:41623"
priority: 1
clientAddress: "0.0.0.0:41623"
adminAddress: "0.0.0.0:41623"
startupRole: FOLLOWER
, old:)]
2023-12-13 16:21:26,320 [s2-server-thread2] INFO  server.RaftServer$Division (ServerState.java:setRaftConf(382)) - s2@group-E2914A5A9028: set configuration 27: peers:[s0|0.0.0.0:45531, s1|0.0.0.0:34859, s2|0.0.0.0:41623]|listeners:[], old=null
2023-12-13 16:21:26,320 [s0@group-E2914A5A9028-StateMachineUpdater] TRACE util.FileUtils (LogUtils.java:runAndLog(49)) - Successfully ran Atomic Files.move /home/runner/work/ratis/ratis/ratis-test/target/test/data/1e4ee837/MiniRaftClusterWithGrpcf3ee9cbd/s0/80bc3141-7c27-430b-8bc9-e2914a5a9028/current/raft-meta.conf.tmp to /home/runner/work/ratis/ratis/ratis-test/target/test/data/1e4ee837/MiniRaftClusterWithGrpcf3ee9cbd/s0/80bc3141-7c27-430b-8bc9-e2914a5a9028/current/raft-meta.conf with options [REPLACE_EXISTING]
2023-12-13 16:21:26,320 [s1-server-thread1] DEBUG server.RaftServer$Division (RaftServerImpl.java:logAppendEntries(1504)) - s1@group-E2914A5A9028: succeeded to handle AppendEntries. Reply: s0<-s1#7:OK-t3,SUCCESS,nextIndex=28,followerCommit=25,matchIndex=27
2023-12-13 16:21:26,320 [s1@group-E2914A5A9028-StateMachineUpdater] TRACE util.FileUtils (LogUtils.java:supplyAndLog(69)) - Successfully supplied FileChannel.open /home/runner/work/ratis/ratis/ratis-test/target/test/data/1e4ee837/MiniRaftClusterWithGrpcf3ee9cbd/s1/80bc3141-7c27-430b-8bc9-e2914a5a9028/current/raft-meta.conf.tmp with options [CREATE, WRITE]: sun.nio.ch.FileChannelImpl@16df320b
2023-12-13 16:21:26,321 [s0@group-E2914A5A9028-StateMachineUpdater] TRACE util.FileUtils (LogUtils.java:supplyAndLog(69)) - Successfully supplied FileChannel.open /home/runner/work/ratis/ratis/ratis-test/target/test/data/1e4ee837/MiniRaftClusterWithGrpcf3ee9cbd/s0/80bc3141-7c27-430b-8bc9-e2914a5a9028/current/raft-meta.conf.tmp with options [CREATE, WRITE]: sun.nio.ch.FileChannelImpl@6bde3148
2023-12-13 16:21:26,322 [s1@group-E2914A5A9028-StateMachineUpdater] TRACE util.FileUtils (LogUtils.java:runAndLog(49)) - Successfully ran Atomic Files.move /home/runner/work/ratis/ratis/ratis-test/target/test/data/1e4ee837/MiniRaftClusterWithGrpcf3ee9cbd/s1/80bc3141-7c27-430b-8bc9-e2914a5a9028/current/raft-meta.conf.tmp to /home/runner/work/ratis/ratis/ratis-test/target/test/data/1e4ee837/MiniRaftClusterWithGrpcf3ee9cbd/s1/80bc3141-7c27-430b-8bc9-e2914a5a9028/current/raft-meta.conf with options [REPLACE_EXISTING]
2023-12-13 16:21:26,322 [s2-server-thread2] DEBUG server.RaftServer$Division (RaftServerImpl.java:logAppendEntries(1504)) - s2@group-E2914A5A9028: receive appendEntries(s0, 3, (t:3, i:27), 27, false, commits:[s0:c27, s1:c25, s2:c24], cId:12, entries: [(t:3, i:28), METADATAENTRY(c:27)]
2023-12-13 16:21:26,323 [Time-limited test] DEBUG client.RaftClient (RaftClientImpl.java:add(150)) - client-B4A2858DB249: add replied callId 61
2023-12-13 16:21:26,323 [s0@group-E2914A5A9028-StateMachineUpdater] TRACE util.FileUtils (LogUtils.java:runAndLog(49)) - Successfully ran Atomic Files.move /home/runner/work/ratis/ratis/ratis-test/target/test/data/1e4ee837/MiniRaftClusterWithGrpcf3ee9cbd/s0/80bc3141-7c27-430b-8bc9-e2914a5a9028/current/raft-meta.conf.tmp to /home/runner/work/ratis/ratis/ratis-test/target/test/data/1e4ee837/MiniRaftClusterWithGrpcf3ee9cbd/s0/80bc3141-7c27-430b-8bc9-e2914a5a9028/current/raft-meta.conf with options [REPLACE_EXISTING]
2023-12-13 16:21:26,323 [s2-server-thread2] DEBUG server.RaftServer$Division (RaftServerImpl.java:logAppendEntries(1504)) - s2@group-E2914A5A9028: succeeded to handle AppendEntries. Reply: s0<-s2#10:OK-t3,SUCCESS,nextIndex=28,followerCommit=25,matchIndex=27
2023-12-13 16:21:26,323 [s2@group-E2914A5A9028-StateMachineUpdater] TRACE util.FileUtils (LogUtils.java:supplyAndLog(69)) - Successfully supplied FileChannel.open /home/runner/work/ratis/ratis/ratis-test/target/test/data/1e4ee837/MiniRaftClusterWithGrpcf3ee9cbd/s2/80bc3141-7c27-430b-8bc9-e2914a5a9028/current/raft-meta.conf.tmp with options [CREATE, WRITE]: sun.nio.ch.FileChannelImpl@4528c32f
2023-12-13 16:21:26,325 [Time-limited test] INFO  server.RaftServerConfigKeys (ConfUtils.java:logGet(46)) - raft.server.rpc.timeout.max = 2000ms (custom)
2023-12-13 16:21:26,325 [s2@group-E2914A5A9028-StateMachineUpdater] TRACE util.FileUtils (LogUtils.java:runAndLog(49)) - Successfully ran Atomic Files.move /home/runner/work/ratis/ratis/ratis-test/target/test/data/1e4ee837/MiniRaftClusterWithGrpcf3ee9cbd/s2/80bc3141-7c27-430b-8bc9-e2914a5a9028/current/raft-meta.conf.tmp to /home/runner/work/ratis/ratis/ratis-test/target/test/data/1e4ee837/MiniRaftClusterWithGrpcf3ee9cbd/s2/80bc3141-7c27-430b-8bc9-e2914a5a9028/current/raft-meta.conf with options [REPLACE_EXISTING]
2023-12-13 16:21:26,325 [Time-limited test] INFO  ratis.RaftTestUtil (RaftTestUtil.java:waitForLeader(100)) - printing group-E2914A5A9028
  s0:  RUNNING    LEADER s0@group-E2914A5A9028:t3, leader=s0, voted=s0, raftlog=Memoized:s0@group-E2914A5A9028-SegmentedRaftLog:OPENED:c27, conf=27: peers:[s0|0.0.0.0:45531, s1|0.0.0.0:34859, s2|0.0.0.0:41623]|listeners:[], old=null RUNNING
  s1:  RUNNING  FOLLOWER s1@group-E2914A5A9028:t3, leader=s0, voted=s0, raftlog=Memoized:s1@group-E2914A5A9028-SegmentedRaftLog:OPENED:c25, conf=27: peers:[s0|0.0.0.0:45531, s1|0.0.0.0:34859, s2|0.0.0.0:41623]|listeners:[], old=null RUNNING
  s2:  RUNNING  FOLLOWER s2@group-E2914A5A9028:t3, leader=s0, voted=s0, raftlog=Memoized:s2@group-E2914A5A9028-SegmentedRaftLog:OPENED:c25, conf=27: peers:[s0|0.0.0.0:45531, s1|0.0.0.0:34859, s2|0.0.0.0:41623]|listeners:[], old=null RUNNING
2023-12-13 16:21:26,325 [Time-limited test] INFO  ratis.RaftTestUtil (RaftTestUtil.java:waitForLeader(124)) - printing group-E2914A5A9028
  s0:  RUNNING    LEADER s0@group-E2914A5A9028:t3, leader=s0, voted=s0, raftlog=Memoized:s0@group-E2914A5A9028-SegmentedRaftLog:OPENED:c27, conf=27: peers:[s0|0.0.0.0:45531, s1|0.0.0.0:34859, s2|0.0.0.0:41623]|listeners:[], old=null RUNNING
  s1:  RUNNING  FOLLOWER s1@group-E2914A5A9028:t3, leader=s0, voted=s0, raftlog=Memoized:s1@group-E2914A5A9028-SegmentedRaftLog:OPENED:c25, conf=27: peers:[s0|0.0.0.0:45531, s1|0.0.0.0:34859, s2|0.0.0.0:41623]|listeners:[], old=null RUNNING
  s2:  RUNNING  FOLLOWER s2@group-E2914A5A9028:t3, leader=s0, voted=s0, raftlog=Memoized:s2@group-E2914A5A9028-SegmentedRaftLog:OPENED:c25, conf=27: peers:[s0|0.0.0.0:45531, s1|0.0.0.0:34859, s2|0.0.0.0:41623]|listeners:[], old=null RUNNING
2023-12-13 16:21:26,325 [Time-limited test] WARN  impl.GroupManagementBaseTest (JavaUtils.java:attempt(231)) - FAILED "testMultiGroupWithPriority", attempt #1/10: java.lang.AssertionError, sleep 1s and then retry.
java.lang.AssertionError
	at org.junit.Assert.fail(Assert.java:87)
	at org.junit.Assert.assertTrue(Assert.java:42)
	at org.junit.Assert.assertTrue(Assert.java:53)
	at org.apache.ratis.server.impl.GroupManagementBaseTest.lambda$testGroupWithPriority$4(GroupManagementBaseTest.java:164)
	at org.apache.ratis.util.function.CheckedRunnable.lambda$asCheckedSupplier$0(CheckedRunnable.java:32)
	at org.apache.ratis.util.JavaUtils.lambda$attempt$7(JavaUtils.java:212)
	at org.apache.ratis.util.JavaUtils.attempt(JavaUtils.java:225)
	at org.apache.ratis.util.JavaUtils.attempt(JavaUtils.java:212)
	at org.apache.ratis.util.JavaUtils.attemptRepeatedly(JavaUtils.java:204)
	at org.apache.ratis.util.JavaUtils.attempt(JavaUtils.java:245)
	at org.apache.ratis.server.impl.GroupManagementBaseTest.testGroupWithPriority(GroupManagementBaseTest.java:162)
	at java.base/jdk.internal.reflect.NativeMethodAccessorImpl.invoke0(Native Method)
	at java.base/jdk.internal.reflect.NativeMethodAccessorImpl.invoke(NativeMethodAccessorImpl.java:62)
	at java.base/jdk.internal.reflect.DelegatingMethodAccessorImpl.invoke(DelegatingMethodAccessorImpl.java:43)
	at java.base/java.lang.reflect.Method.invoke(Method.java:566)
	at org.junit.runners.model.FrameworkMethod$1.runReflectiveCall(FrameworkMethod.java:59)
	at org.junit.internal.runners.model.ReflectiveCallable.run(ReflectiveCallable.java:12)
	at org.junit.runners.model.FrameworkMethod.invokeExplosively(FrameworkMethod.java:56)
	at org.junit.internal.runners.statements.InvokeMethod.evaluate(InvokeMethod.java:17)
	at org.junit.internal.runners.statements.RunAfters.evaluate(RunAfters.java:27)
	at org.junit.internal.runners.statements.FailOnTimeout$CallableStatement.call(FailOnTimeout.java:299)
	at org.junit.internal.runners.statements.FailOnTimeout$CallableStatement.call(FailOnTimeout.java:293)
	at java.base/java.util.concurrent.FutureTask.run(FutureTask.java:264)
	at java.base/java.lang.Thread.run(Thread.java:829)
2023-12-13 16:21:26,325 [s2-server-thread2] DEBUG server.RaftServer$Division (RaftServerImpl.java:logAppendEntries(1504)) - s2@group-E2914A5A9028: succeeded to handle AppendEntries. Reply: s0<-s2#12:OK-t3,SUCCESS,nextIndex=29,followerCommit=27,matchIndex=28
2023-12-13 16:21:26,325 [s1-server-thread1] DEBUG server.RaftServer$Division (RaftServerImpl.java:logAppendEntries(1504)) - s1@group-E2914A5A9028: receive appendEntries(s0, 3, (t:3, i:27), 27, false, commits:[s0:c27, s1:c25, s2:c25], cId:8, entries: [(t:3, i:28), METADATAENTRY(c:27)]
2023-12-13 16:21:26,326 [s2@group-E2914A5A9028-StateMachineUpdater] TRACE util.FileUtils (LogUtils.java:supplyAndLog(69)) - Successfully supplied FileChannel.open /home/runner/work/ratis/ratis/ratis-test/target/test/data/1e4ee837/MiniRaftClusterWithGrpcf3ee9cbd/s2/80bc3141-7c27-430b-8bc9-e2914a5a9028/current/raft-meta.conf.tmp with options [CREATE, WRITE]: sun.nio.ch.FileChannelImpl@3e16fd53
2023-12-13 16:21:26,327 [s1-server-thread1] DEBUG server.RaftServer$Division (RaftServerImpl.java:logAppendEntries(1504)) - s1@group-E2914A5A9028: succeeded to handle AppendEntries. Reply: s0<-s1#8:OK-t3,SUCCESS,nextIndex=29,followerCommit=27,matchIndex=28
2023-12-13 16:21:26,327 [s1@group-E2914A5A9028-StateMachineUpdater] TRACE util.FileUtils (LogUtils.java:supplyAndLog(69)) - Successfully supplied FileChannel.open /home/runner/work/ratis/ratis/ratis-test/target/test/data/1e4ee837/MiniRaftClusterWithGrpcf3ee9cbd/s1/80bc3141-7c27-430b-8bc9-e2914a5a9028/current/raft-meta.conf.tmp with options [CREATE, WRITE]: sun.nio.ch.FileChannelImpl@3e54b21d
2023-12-13 16:21:26,327 [s2@group-E2914A5A9028-StateMachineUpdater] TRACE util.FileUtils (LogUtils.java:runAndLog(49)) - Successfully ran Atomic Files.move /home/runner/work/ratis/ratis/ratis-test/target/test/data/1e4ee837/MiniRaftClusterWithGrpcf3ee9cbd/s2/80bc3141-7c27-430b-8bc9-e2914a5a9028/current/raft-meta.conf.tmp to /home/runner/work/ratis/ratis/ratis-test/target/test/data/1e4ee837/MiniRaftClusterWithGrpcf3ee9cbd/s2/80bc3141-7c27-430b-8bc9-e2914a5a9028/current/raft-meta.conf with options [REPLACE_EXISTING]
2023-12-13 16:21:26,328 [s1@group-E2914A5A9028-StateMachineUpdater] TRACE util.FileUtils (LogUtils.java:runAndLog(49)) - Successfully ran Atomic Files.move /home/runner/work/ratis/ratis/ratis-test/target/test/data/1e4ee837/MiniRaftClusterWithGrpcf3ee9cbd/s1/80bc3141-7c27-430b-8bc9-e2914a5a9028/current/raft-meta.conf.tmp to /home/runner/work/ratis/ratis/ratis-test/target/test/data/1e4ee837/MiniRaftClusterWithGrpcf3ee9cbd/s1/80bc3141-7c27-430b-8bc9-e2914a5a9028/current/raft-meta.conf with options [REPLACE_EXISTING]
2023-12-13 16:21:27,325 [Time-limited test] INFO  server.RaftServerConfigKeys (ConfUtils.java:logGet(46)) - raft.server.rpc.timeout.max = 2000ms (custom)
2023-12-13 16:21:27,325 [Time-limited test] INFO  ratis.RaftTestUtil (RaftTestUtil.java:waitForLeader(100)) - printing group-E2914A5A9028
  s0:  RUNNING    LEADER s0@group-E2914A5A9028:t3, leader=s0, voted=s0, raftlog=Memoized:s0@group-E2914A5A9028-SegmentedRaftLog:OPENED:c28, conf=27: peers:[s0|0.0.0.0:45531, s1|0.0.0.0:34859, s2|0.0.0.0:41623]|listeners:[], old=null RUNNING
  s1:  RUNNING  FOLLOWER s1@group-E2914A5A9028:t3, leader=s0, voted=s0, raftlog=Memoized:s1@group-E2914A5A9028-SegmentedRaftLog:OPENED:c28, conf=27: peers:[s0|0.0.0.0:45531, s1|0.0.0.0:34859, s2|0.0.0.0:41623]|listeners:[], old=null RUNNING
  s2:  RUNNING  FOLLOWER s2@group-E2914A5A9028:t3, leader=s0, voted=s0, raftlog=Memoized:s2@group-E2914A5A9028-SegmentedRaftLog:OPENED:c28, conf=27: peers:[s0|0.0.0.0:45531, s1|0.0.0.0:34859, s2|0.0.0.0:41623]|listeners:[], old=null RUNNING
2023-12-13 16:21:27,326 [Time-limited test] INFO  ratis.RaftTestUtil (RaftTestUtil.java:waitForLeader(124)) - printing group-E2914A5A9028
  s0:  RUNNING    LEADER s0@group-E2914A5A9028:t3, leader=s0, voted=s0, raftlog=Memoized:s0@group-E2914A5A9028-SegmentedRaftLog:OPENED:c28, conf=27: peers:[s0|0.0.0.0:45531, s1|0.0.0.0:34859, s2|0.0.0.0:41623]|listeners:[], old=null RUNNING
  s1:  RUNNING  FOLLOWER s1@group-E2914A5A9028:t3, leader=s0, voted=s0, raftlog=Memoized:s1@group-E2914A5A9028-SegmentedRaftLog:OPENED:c28, conf=27: peers:[s0|0.0.0.0:45531, s1|0.0.0.0:34859, s2|0.0.0.0:41623]|listeners:[], old=null RUNNING
  s2:  RUNNING  FOLLOWER s2@group-E2914A5A9028:t3, leader=s0, voted=s0, raftlog=Memoized:s2@group-E2914A5A9028-SegmentedRaftLog:OPENED:c28, conf=27: peers:[s0|0.0.0.0:45531, s1|0.0.0.0:34859, s2|0.0.0.0:41623]|listeners:[], old=null RUNNING
2023-12-13 16:21:27,326 [Time-limited test] WARN  impl.GroupManagementBaseTest (JavaUtils.java:attempt(231)) - FAILED "testMultiGroupWithPriority", attempt #2/10: java.lang.AssertionError, sleep 1s and then retry.
java.lang.AssertionError
	at org.junit.Assert.fail(Assert.java:87)
	at org.junit.Assert.assertTrue(Assert.java:42)
	at org.junit.Assert.assertTrue(Assert.java:53)
	at org.apache.ratis.server.impl.GroupManagementBaseTest.lambda$testGroupWithPriority$4(GroupManagementBaseTest.java:164)
	at org.apache.ratis.util.function.CheckedRunnable.lambda$asCheckedSupplier$0(CheckedRunnable.java:32)
	at org.apache.ratis.util.JavaUtils.lambda$attempt$7(JavaUtils.java:212)
	at org.apache.ratis.util.JavaUtils.attempt(JavaUtils.java:225)
	at org.apache.ratis.util.JavaUtils.attempt(JavaUtils.java:212)
	at org.apache.ratis.util.JavaUtils.attemptRepeatedly(JavaUtils.java:204)
	at org.apache.ratis.util.JavaUtils.attempt(JavaUtils.java:245)
	at org.apache.ratis.server.impl.GroupManagementBaseTest.testGroupWithPriority(GroupManagementBaseTest.java:162)
	at java.base/jdk.internal.reflect.NativeMethodAccessorImpl.invoke0(Native Method)
	at java.base/jdk.internal.reflect.NativeMethodAccessorImpl.invoke(NativeMethodAccessorImpl.java:62)
	at java.base/jdk.internal.reflect.DelegatingMethodAccessorImpl.invoke(DelegatingMethodAccessorImpl.java:43)
	at java.base/java.lang.reflect.Method.invoke(Method.java:566)
	at org.junit.runners.model.FrameworkMethod$1.runReflectiveCall(FrameworkMethod.java:59)
	at org.junit.internal.runners.model.ReflectiveCallable.run(ReflectiveCallable.java:12)
	at org.junit.runners.model.FrameworkMethod.invokeExplosively(FrameworkMethod.java:56)
	at org.junit.internal.runners.statements.InvokeMethod.evaluate(InvokeMethod.java:17)
	at org.junit.internal.runners.statements.RunAfters.evaluate(RunAfters.java:27)
	at org.junit.internal.runners.statements.FailOnTimeout$CallableStatement.call(FailOnTimeout.java:299)
	at org.junit.internal.runners.statements.FailOnTimeout$CallableStatement.call(FailOnTimeout.java:293)
	at java.base/java.util.concurrent.FutureTask.run(FutureTask.java:264)
	at java.base/java.lang.Thread.run(Thread.java:829)
2023-12-13 16:21:28,326 [Time-limited test] INFO  server.RaftServerConfigKeys (ConfUtils.java:logGet(46)) - raft.server.rpc.timeout.max = 2000ms (custom)
2023-12-13 16:21:28,326 [Time-limited test] INFO  ratis.RaftTestUtil (RaftTestUtil.java:waitForLeader(100)) - printing group-E2914A5A9028
  s0:  RUNNING    LEADER s0@group-E2914A5A9028:t3, leader=s0, voted=s0, raftlog=Memoized:s0@group-E2914A5A9028-SegmentedRaftLog:OPENED:c28, conf=27: peers:[s0|0.0.0.0:45531, s1|0.0.0.0:34859, s2|0.0.0.0:41623]|listeners:[], old=null RUNNING
  s1:  RUNNING  FOLLOWER s1@group-E2914A5A9028:t3, leader=s0, voted=s0, raftlog=Memoized:s1@group-E2914A5A9028-SegmentedRaftLog:OPENED:c28, conf=27: peers:[s0|0.0.0.0:45531, s1|0.0.0.0:34859, s2|0.0.0.0:41623]|listeners:[], old=null RUNNING
  s2:  RUNNING  FOLLOWER s2@group-E2914A5A9028:t3, leader=s0, voted=s0, raftlog=Memoized:s2@group-E2914A5A9028-SegmentedRaftLog:OPENED:c28, conf=27: peers:[s0|0.0.0.0:45531, s1|0.0.0.0:34859, s2|0.0.0.0:41623]|listeners:[], old=null RUNNING
2023-12-13 16:21:28,326 [Time-limited test] INFO  ratis.RaftTestUtil (RaftTestUtil.java:waitForLeader(124)) - printing group-E2914A5A9028
  s0:  RUNNING    LEADER s0@group-E2914A5A9028:t3, leader=s0, voted=s0, raftlog=Memoized:s0@group-E2914A5A9028-SegmentedRaftLog:OPENED:c28, conf=27: peers:[s0|0.0.0.0:45531, s1|0.0.0.0:34859, s2|0.0.0.0:41623]|listeners:[], old=null RUNNING
  s1:  RUNNING  FOLLOWER s1@group-E2914A5A9028:t3, leader=s0, voted=s0, raftlog=Memoized:s1@group-E2914A5A9028-SegmentedRaftLog:OPENED:c28, conf=27: peers:[s0|0.0.0.0:45531, s1|0.0.0.0:34859, s2|0.0.0.0:41623]|listeners:[], old=null RUNNING
  s2:  RUNNING  FOLLOWER s2@group-E2914A5A9028:t3, leader=s0, voted=s0, raftlog=Memoized:s2@group-E2914A5A9028-SegmentedRaftLog:OPENED:c28, conf=27: peers:[s0|0.0.0.0:45531, s1|0.0.0.0:34859, s2|0.0.0.0:41623]|listeners:[], old=null RUNNING
2023-12-13 16:21:28,326 [Time-limited test] WARN  impl.GroupManagementBaseTest (JavaUtils.java:attempt(231)) - FAILED "testMultiGroupWithPriority", attempt #3/10: java.lang.AssertionError, sleep 1s and then retry.
java.lang.AssertionError
	at org.junit.Assert.fail(Assert.java:87)
	at org.junit.Assert.assertTrue(Assert.java:42)
	at org.junit.Assert.assertTrue(Assert.java:53)
	at org.apache.ratis.server.impl.GroupManagementBaseTest.lambda$testGroupWithPriority$4(GroupManagementBaseTest.java:164)
	at org.apache.ratis.util.function.CheckedRunnable.lambda$asCheckedSupplier$0(CheckedRunnable.java:32)
	at org.apache.ratis.util.JavaUtils.lambda$attempt$7(JavaUtils.java:212)
	at org.apache.ratis.util.JavaUtils.attempt(JavaUtils.java:225)
	at org.apache.ratis.util.JavaUtils.attempt(JavaUtils.java:212)
	at org.apache.ratis.util.JavaUtils.attemptRepeatedly(JavaUtils.java:204)
	at org.apache.ratis.util.JavaUtils.attempt(JavaUtils.java:245)
	at org.apache.ratis.server.impl.GroupManagementBaseTest.testGroupWithPriority(GroupManagementBaseTest.java:162)
	at java.base/jdk.internal.reflect.NativeMethodAccessorImpl.invoke0(Native Method)
	at java.base/jdk.internal.reflect.NativeMethodAccessorImpl.invoke(NativeMethodAccessorImpl.java:62)
	at java.base/jdk.internal.reflect.DelegatingMethodAccessorImpl.invoke(DelegatingMethodAccessorImpl.java:43)
	at java.base/java.lang.reflect.Method.invoke(Method.java:566)
	at org.junit.runners.model.FrameworkMethod$1.runReflectiveCall(FrameworkMethod.java:59)
	at org.junit.internal.runners.model.ReflectiveCallable.run(ReflectiveCallable.java:12)
	at org.junit.runners.model.FrameworkMethod.invokeExplosively(FrameworkMethod.java:56)
	at org.junit.internal.runners.statements.InvokeMethod.evaluate(InvokeMethod.java:17)
	at org.junit.internal.runners.statements.RunAfters.evaluate(RunAfters.java:27)
	at org.junit.internal.runners.statements.FailOnTimeout$CallableStatement.call(FailOnTimeout.java:299)
	at org.junit.internal.runners.statements.FailOnTimeout$CallableStatement.call(FailOnTimeout.java:293)
	at java.base/java.util.concurrent.FutureTask.run(FutureTask.java:264)
	at java.base/java.lang.Thread.run(Thread.java:829)
2023-12-13 16:21:28,328 [s0@group-E2914A5A9028-LeaderStateImpl] INFO  impl.TransferLeadership (TransferLeadership.java:tryTransferLeadership(258)) - s0@group-E2914A5A9028: start transferring leadership to s1
2023-12-13 16:21:28,328 [s0@group-E2914A5A9028-LeaderStateImpl] INFO  impl.TransferLeadership (TransferLeadership.java:sendStartLeaderElection(210)) - s0@group-E2914A5A9028: sendStartLeaderElection to follower s1, lastEntry=(t:3, i:28)
2023-12-13 16:21:28,328 [s0@group-E2914A5A9028-LeaderStateImpl] INFO  impl.TransferLeadership (TransferLeadership.java:tryTransferLeadership(266)) - s0@group-E2914A5A9028: SUCCESS sent StartLeaderElection to transferee s1 immediately as it already has up-to-date log
2023-12-13 16:21:28,329 [grpc-default-executor-13] DEBUG server.RaftServer$Division (RaftServerImpl.java:startLeaderElection(1744)) - s1@group-E2914A5A9028: receive startLeaderElection from:s0, leaderLastEntry:term: 3
index: 28
,
2023-12-13 16:21:28,329 [grpc-default-executor-13] INFO  impl.RoleInfo (RoleInfo.java:shutdownFollowerState(110)) - s1: shutdown s1@group-E2914A5A9028-FollowerState
2023-12-13 16:21:28,329 [grpc-default-executor-13] INFO  server.RaftServer$Division (RaftServerImpl.java:setRole(379)) - s1@group-E2914A5A9028: changes role from  FOLLOWER to CANDIDATE at term 3 for changeToCandidate
2023-12-13 16:21:28,329 [s1@group-E2914A5A9028-FollowerState] INFO  impl.FollowerState (FollowerState.java:run(152)) - s1@group-E2914A5A9028-FollowerState was interrupted
2023-12-13 16:21:28,329 [grpc-default-executor-13] INFO  server.RaftServer$Division (ServerState.java:setLeader(265)) - s1@group-E2914A5A9028: change Leader from s0 to null at term 3 for ELECTION
2023-12-13 16:21:28,329 [grpc-default-executor-13] TRACE util.FileUtils (LogUtils.java:supplyAndLog(69)) - Successfully supplied FileChannel.open /home/runner/work/ratis/ratis/ratis-test/target/test/data/1e4ee837/MiniRaftClusterWithGrpcf3ee9cbd/s1/80bc3141-7c27-430b-8bc9-e2914a5a9028/current/raft-meta.tmp with options [CREATE, WRITE]: sun.nio.ch.FileChannelImpl@64feb7e5
2023-12-13 16:21:28,331 [grpc-default-executor-13] TRACE util.FileUtils (LogUtils.java:runAndLog(49)) - Successfully ran Atomic Files.move /home/runner/work/ratis/ratis/ratis-test/target/test/data/1e4ee837/MiniRaftClusterWithGrpcf3ee9cbd/s1/80bc3141-7c27-430b-8bc9-e2914a5a9028/current/raft-meta.tmp to /home/runner/work/ratis/ratis/ratis-test/target/test/data/1e4ee837/MiniRaftClusterWithGrpcf3ee9cbd/s1/80bc3141-7c27-430b-8bc9-e2914a5a9028/current/raft-meta with options [REPLACE_EXISTING]
2023-12-13 16:21:28,331 [grpc-default-executor-13] INFO  impl.RoleInfo (RoleInfo.java:updateAndGet(139)) - s1: start s1@group-E2914A5A9028-LeaderElection14
2023-12-13 16:21:28,331 [s1@group-E2914A5A9028-LeaderElection14] INFO  impl.LeaderElection (LeaderElection.java:askForVotes(321)) - s1@group-E2914A5A9028-LeaderElection14 ELECTION round 0: submit vote requests at term 4 for 27: peers:[s0|0.0.0.0:45531, s1|0.0.0.0:34859, s2|0.0.0.0:41623]|listeners:[], old=null
2023-12-13 16:21:28,332 [s1@group-E2914A5A9028-LeaderElection14-1] INFO  server.GrpcServerProtocolClient (GrpcServerProtocolClient.java:<init>(65)) - Build channel for s0
2023-12-13 16:21:28,332 [s0-server-thread5] INFO  impl.TransferLeadership (TransferLeadership.java:lambda$sendStartLeaderElection$2(224)) - s0@group-E2914A5A9028: Received startLeaderElection reply from s1: success? true
2023-12-13 16:21:28,332 [s1@group-E2914A5A9028-LeaderElection14-2] INFO  server.GrpcServerProtocolClient (GrpcServerProtocolClient.java:<init>(65)) - Build channel for s2
2023-12-13 16:21:28,334 [grpc-default-executor-0] INFO  server.RaftServer$Division (RaftServerImpl.java:requestVote(1377)) - s0@group-E2914A5A9028: receive requestVote(ELECTION, s1, group-E2914A5A9028, 4, (t:3, i:28))
2023-12-13 16:21:28,334 [grpc-default-executor-13] INFO  server.RaftServer$Division (RaftServerImpl.java:requestVote(1377)) - s2@group-E2914A5A9028: receive requestVote(ELECTION, s1, group-E2914A5A9028, 4, (t:3, i:28))
2023-12-13 16:21:28,334 [grpc-default-executor-0] INFO  impl.VoteContext (VoteContext.java:log(49)) - s0@group-E2914A5A9028-LEADER: accept ELECTION from s1: our priority 1 <= candidate's priority 2
2023-12-13 16:21:28,334 [grpc-default-executor-13] INFO  impl.VoteContext (VoteContext.java:log(49)) - s2@group-E2914A5A9028-FOLLOWER: accept ELECTION from s1: our priority 1 <= candidate's priority 2
2023-12-13 16:21:28,335 [grpc-default-executor-0] INFO  server.RaftServer$Division (ServerState.java:setLeader(265)) - s0@group-E2914A5A9028: change Leader from s0 to null at term 4 for updateCurrentTerm
2023-12-13 16:21:28,335 [grpc-default-executor-13] INFO  server.RaftServer$Division (ServerState.java:setLeader(265)) - s2@group-E2914A5A9028: change Leader from s0 to null at term 4 for updateCurrentTerm
2023-12-13 16:21:28,335 [grpc-default-executor-0] INFO  server.RaftServer$Division (RaftServerImpl.java:setRole(379)) - s0@group-E2914A5A9028: changes role from    LEADER to FOLLOWER at term 4 for candidate:s1
2023-12-13 16:21:28,335 [grpc-default-executor-0] INFO  impl.RoleInfo (RoleInfo.java:shutdownLeaderState(94)) - s0: shutdown s0@group-E2914A5A9028-LeaderStateImpl
2023-12-13 16:21:28,335 [grpc-default-executor-13] INFO  server.RaftServer$Division (RaftServerImpl.java:setRole(379)) - s2@group-E2914A5A9028: changes role from  FOLLOWER to FOLLOWER at term 4 for candidate:s1
2023-12-13 16:21:28,335 [grpc-default-executor-13] INFO  impl.RoleInfo (RoleInfo.java:shutdownFollowerState(110)) - s2: shutdown s2@group-E2914A5A9028-FollowerState
2023-12-13 16:21:28,335 [grpc-default-executor-13] INFO  impl.RoleInfo (RoleInfo.java:updateAndGet(139)) - s2: start s2@group-E2914A5A9028-FollowerState
2023-12-13 16:21:28,335 [s2@group-E2914A5A9028-FollowerState] INFO  impl.FollowerState (FollowerState.java:run(152)) - s2@group-E2914A5A9028-FollowerState was interrupted
2023-12-13 16:21:28,335 [s0@group-E2914A5A9028->s2-GrpcLogAppender-LogAppenderDaemon] WARN  server.GrpcLogAppender (GrpcLogAppender.java:mayWait(279)) - s0@group-E2914A5A9028->s2-GrpcLogAppender: Wait interrupted by java.lang.InterruptedException
2023-12-13 16:21:28,335 [s0@group-E2914A5A9028->s1-GrpcLogAppender-LogAppenderDaemon] WARN  server.GrpcLogAppender (GrpcLogAppender.java:mayWait(279)) - s0@group-E2914A5A9028->s1-GrpcLogAppender: Wait interrupted by java.lang.InterruptedException
2023-12-13 16:21:28,335 [grpc-default-executor-0] INFO  impl.PendingRequests (PendingRequests.java:sendNotLeaderResponses(289)) - s0@group-E2914A5A9028-PendingRequests: sendNotLeaderResponses
2023-12-13 16:21:28,335 [grpc-default-executor-13] TRACE util.FileUtils (LogUtils.java:supplyAndLog(69)) - Successfully supplied FileChannel.open /home/runner/work/ratis/ratis/ratis-test/target/test/data/1e4ee837/MiniRaftClusterWithGrpcf3ee9cbd/s2/80bc3141-7c27-430b-8bc9-e2914a5a9028/current/raft-meta.tmp with options [CREATE, WRITE]: sun.nio.ch.FileChannelImpl@4215b4ee
2023-12-13 16:21:28,336 [grpc-default-executor-0] INFO  impl.RoleInfo (RoleInfo.java:updateAndGet(139)) - s0: start s0@group-E2914A5A9028-FollowerState
2023-12-13 16:21:28,336 [grpc-default-executor-0] TRACE util.FileUtils (LogUtils.java:supplyAndLog(69)) - Successfully supplied FileChannel.open /home/runner/work/ratis/ratis/ratis-test/target/test/data/1e4ee837/MiniRaftClusterWithGrpcf3ee9cbd/s0/80bc3141-7c27-430b-8bc9-e2914a5a9028/current/raft-meta.tmp with options [CREATE, WRITE]: sun.nio.ch.FileChannelImpl@5b50b55d
2023-12-13 16:21:28,336 [grpc-default-executor-8] INFO  server.GrpcServerProtocolService (GrpcServerProtocolService.java:onCompleted(157)) - s1: Completed APPEND_ENTRIES, lastRequest: null
2023-12-13 16:21:28,336 [grpc-default-executor-8] INFO  server.GrpcServerProtocolService (GrpcServerProtocolService.java:lambda$onCompleted$5(159)) - s1: Completed APPEND_ENTRIES, lastReply: serverReply {
  requestorId: "s0"
  replyId: "s1"
  raftGroupId {
    id: "\200\2741A|\'C\v\213\311\342\221JZ\220("
  }
  callId: 14
  success: true
}
term: 3
nextIndex: 29
followerCommit: 28
matchIndex: 18446744073709551615
isHearbeat: true

2023-12-13 16:21:28,337 [grpc-default-executor-11] INFO  server.GrpcServerProtocolService (GrpcServerProtocolService.java:onCompleted(157)) - s1: Completed APPEND_ENTRIES, lastRequest: s0->s1#8-t3,previous=(t:3, i:27),leaderCommit=27,initializing? false,entries: size=1, first=(t:3, i:28), METADATAENTRY(c:27)
2023-12-13 16:21:28,337 [grpc-default-executor-11] INFO  server.GrpcServerProtocolService (GrpcServerProtocolService.java:lambda$onCompleted$5(159)) - s1: Completed APPEND_ENTRIES, lastReply: null
2023-12-13 16:21:28,337 [grpc-default-executor-4] INFO  server.GrpcServerProtocolService (GrpcServerProtocolService.java:onCompleted(157)) - s2: Completed APPEND_ENTRIES, lastRequest: s0->s2#12-t3,previous=(t:3, i:27),leaderCommit=27,initializing? false,entries: size=1, first=(t:3, i:28), METADATAENTRY(c:27)
2023-12-13 16:21:28,337 [grpc-default-executor-4] INFO  server.GrpcServerProtocolService (GrpcServerProtocolService.java:lambda$onCompleted$5(159)) - s2: Completed APPEND_ENTRIES, lastReply: null
2023-12-13 16:21:28,337 [grpc-default-executor-12] INFO  server.GrpcServerProtocolService (GrpcServerProtocolService.java:onCompleted(157)) - s2: Completed APPEND_ENTRIES, lastRequest: null
2023-12-13 16:21:28,337 [grpc-default-executor-11] INFO  server.GrpcLogAppender (GrpcLogAppender.java:onCompleted(534)) - s0@group-E2914A5A9028->s1-AppendLogResponseHandler: follower responses appendEntries COMPLETED
2023-12-13 16:21:28,337 [grpc-default-executor-13] TRACE util.FileUtils (LogUtils.java:runAndLog(49)) - Successfully ran Atomic Files.move /home/runner/work/ratis/ratis/ratis-test/target/test/data/1e4ee837/MiniRaftClusterWithGrpcf3ee9cbd/s2/80bc3141-7c27-430b-8bc9-e2914a5a9028/current/raft-meta.tmp to /home/runner/work/ratis/ratis/ratis-test/target/test/data/1e4ee837/MiniRaftClusterWithGrpcf3ee9cbd/s2/80bc3141-7c27-430b-8bc9-e2914a5a9028/current/raft-meta with options [REPLACE_EXISTING]
2023-12-13 16:21:28,337 [grpc-default-executor-12] INFO  server.GrpcServerProtocolService (GrpcServerProtocolService.java:lambda$onCompleted$5(159)) - s2: Completed APPEND_ENTRIES, lastReply: serverReply {
  requestorId: "s0"
  replyId: "s2"
  raftGroupId {
    id: "\200\2741A|\'C\v\213\311\342\221JZ\220("
  }
  callId: 17
  success: true
}
term: 3
nextIndex: 29
followerCommit: 28
matchIndex: 18446744073709551615
isHearbeat: true

2023-12-13 16:21:28,337 [grpc-default-executor-13] INFO  server.RaftServer$Division (RaftServerImpl.java:requestVote(1410)) - s2@group-E2914A5A9028 replies to ELECTION vote request: s1<-s2#0:OK-t4. Peer's state: s2@group-E2914A5A9028:t4, leader=null, voted=s1, raftlog=Memoized:s2@group-E2914A5A9028-SegmentedRaftLog:OPENED:c28, conf=27: peers:[s0|0.0.0.0:45531, s1|0.0.0.0:34859, s2|0.0.0.0:41623]|listeners:[], old=null
2023-12-13 16:21:28,337 [grpc-default-executor-12] INFO  server.GrpcLogAppender (GrpcLogAppender.java:onCompleted(534)) - s0@group-E2914A5A9028->s2-AppendLogResponseHandler: follower responses appendEntries COMPLETED
2023-12-13 16:21:28,337 [grpc-default-executor-4] INFO  server.GrpcLogAppender (GrpcLogAppender.java:onCompleted(534)) - s0@group-E2914A5A9028->s2-AppendLogResponseHandler: follower responses appendEntries COMPLETED
2023-12-13 16:21:28,337 [s1@group-E2914A5A9028-LeaderElection14] INFO  impl.LeaderElection (LeaderElection.java:logAndReturn(89)) - s1@group-E2914A5A9028-LeaderElection14: ELECTION PASSED received 1 response(s) and 0 exception(s):
2023-12-13 16:21:28,337 [s1@group-E2914A5A9028-LeaderElection14] INFO  impl.LeaderElection (LeaderElection.java:logAndReturn(93)) -   Response 0: s1<-s2#0:OK-t4
2023-12-13 16:21:28,338 [s1@group-E2914A5A9028-LeaderElection14] INFO  impl.LeaderElection (LeaderElection.java:askForVotes(323)) - s1@group-E2914A5A9028-LeaderElection14 ELECTION round 0: result PASSED
2023-12-13 16:21:28,338 [s1@group-E2914A5A9028-LeaderElection14] INFO  impl.RoleInfo (RoleInfo.java:shutdownLeaderElection(130)) - s1: shutdown s1@group-E2914A5A9028-LeaderElection14
2023-12-13 16:21:28,338 [s1@group-E2914A5A9028-LeaderElection14] INFO  server.RaftServer$Division (RaftServerImpl.java:setRole(379)) - s1@group-E2914A5A9028: changes role from CANDIDATE to LEADER at term 4 for changeToLeader
2023-12-13 16:21:28,338 [s1@group-E2914A5A9028-LeaderElection14] INFO  server.RaftServerConfigKeys (ConfUtils.java:logGet(46)) - raft.server.staging.catchup.gap = 1000 (default)
2023-12-13 16:21:28,338 [s1@group-E2914A5A9028-LeaderElection14] INFO  server.RaftServerConfigKeys (ConfUtils.java:logGet(46)) - raft.server.write.element-limit = 4096 (default)
2023-12-13 16:21:28,338 [s1@group-E2914A5A9028-LeaderElection14] INFO  server.RaftServerConfigKeys (ConfUtils.java:logGet(46)) - raft.server.write.byte-limit = 64MB (=67108864) (default)
2023-12-13 16:21:28,338 [s1@group-E2914A5A9028-LeaderElection14] INFO  server.RaftServerConfigKeys (ConfUtils.java:logGet(46)) - raft.server.watch.timeout = 10s (default)
2023-12-13 16:21:28,338 [s1@group-E2914A5A9028-LeaderElection14] INFO  server.RaftServerConfigKeys (ConfUtils.java:logGet(46)) - raft.server.watch.timeout.denomination = 1s (default)
2023-12-13 16:21:28,338 [s1@group-E2914A5A9028-LeaderElection14] INFO  server.RaftServerConfigKeys (ConfUtils.java:logGet(46)) - raft.server.watch.element-limit = 65536 (default)
2023-12-13 16:21:28,338 [grpc-default-executor-0] TRACE util.FileUtils (LogUtils.java:runAndLog(49)) - Successfully ran Atomic Files.move /home/runner/work/ratis/ratis/ratis-test/target/test/data/1e4ee837/MiniRaftClusterWithGrpcf3ee9cbd/s0/80bc3141-7c27-430b-8bc9-e2914a5a9028/current/raft-meta.tmp to /home/runner/work/ratis/ratis/ratis-test/target/test/data/1e4ee837/MiniRaftClusterWithGrpcf3ee9cbd/s0/80bc3141-7c27-430b-8bc9-e2914a5a9028/current/raft-meta with options [REPLACE_EXISTING]
2023-12-13 16:21:28,338 [s1@group-E2914A5A9028-LeaderElection14] INFO  server.RaftServerConfigKeys (ConfUtils.java:logGet(46)) - raft.server.read.leader.lease.enabled = false (default)
2023-12-13 16:21:28,338 [grpc-default-executor-0] INFO  server.RaftServer$Division (RaftServerImpl.java:requestVote(1410)) - s0@group-E2914A5A9028 replies to ELECTION vote request: s1<-s0#0:OK-t4. Peer's state: s0@group-E2914A5A9028:t4, leader=null, voted=s1, raftlog=Memoized:s0@group-E2914A5A9028-SegmentedRaftLog:OPENED:c28, conf=27: peers:[s0|0.0.0.0:45531, s1|0.0.0.0:34859, s2|0.0.0.0:41623]|listeners:[], old=null
2023-12-13 16:21:28,338 [s1@group-E2914A5A9028-LeaderElection14] INFO  server.RaftServerConfigKeys (ConfUtils.java:logGet(46)) - raft.server.read.leader.lease.timeout.ratio = 0.9 (default)
2023-12-13 16:21:28,338 [s1@group-E2914A5A9028-LeaderElection14] INFO  server.RaftServerConfigKeys (ConfUtils.java:logGet(46)) - raft.server.rpc.timeout.min = 1500ms (custom)
2023-12-13 16:21:28,338 [s1@group-E2914A5A9028-LeaderElection14] INFO  server.RaftServerConfigKeys (ConfUtils.java:logGet(46)) - raft.server.write.element-limit = 4096 (default)
2023-12-13 16:21:28,338 [s1@group-E2914A5A9028-LeaderElection14] INFO  server.RaftServerConfigKeys (ConfUtils.java:logGet(46)) - raft.server.write.follower.gap.ratio.max = -1.0 (default)
2023-12-13 16:21:28,338 [s1@group-E2914A5A9028-LeaderElection14] INFO  server.RaftServerConfigKeys (ConfUtils.java:logGet(46)) - raft.server.log.appender.snapshot.chunk.size.max = 16MB (=16777216) (default)
2023-12-13 16:21:28,338 [s1@group-E2914A5A9028-LeaderElection14] INFO  server.RaftServerConfigKeys (ConfUtils.java:logGet(46)) - raft.server.log.appender.buffer.byte-limit = 4MB (=4194304) (default)
2023-12-13 16:21:28,339 [s1@group-E2914A5A9028-LeaderElection14] INFO  server.RaftServerConfigKeys (ConfUtils.java:logGet(46)) - raft.server.log.appender.buffer.element-limit = 0 (default)
2023-12-13 16:21:28,339 [s1@group-E2914A5A9028-LeaderElection14] INFO  server.RaftServerConfigKeys (ConfUtils.java:logGet(46)) - raft.server.log.appender.wait-time.min = 1ms (default)
2023-12-13 16:21:28,339 [s1@group-E2914A5A9028-LeaderElection14] INFO  grpc.GrpcConfigKeys (ConfUtils.java:logGet(46)) - raft.grpc.server.leader.outstanding.appends.max = 8 (default)
2023-12-13 16:21:28,339 [s1@group-E2914A5A9028-LeaderElection14] INFO  server.RaftServerConfigKeys (ConfUtils.java:logGet(46)) - raft.server.rpc.request.timeout = 3000ms (default)
2023-12-13 16:21:28,339 [s1@group-E2914A5A9028-LeaderElection14] INFO  grpc.GrpcConfigKeys (ConfUtils.java:logGet(46)) - raft.grpc.server.install_snapshot.request.element-limit = 8 (default)
2023-12-13 16:21:28,339 [s1@group-E2914A5A9028-LeaderElection14] INFO  grpc.GrpcConfigKeys (ConfUtils.java:logGet(46)) - raft.grpc.server.install_snapshot.request.timeout = 3000ms (default)
2023-12-13 16:21:28,339 [s1@group-E2914A5A9028-LeaderElection14] INFO  server.RaftServerConfigKeys (ConfUtils.java:logGet(46)) - raft.server.log.appender.install.snapshot.enabled = true (default)
2023-12-13 16:21:28,339 [s1@group-E2914A5A9028-LeaderElection14] INFO  grpc.GrpcConfigKeys (ConfUtils.java:logGet(46)) - raft.grpc.server.heartbeat.channel = true (default)
2023-12-13 16:21:28,339 [s1@group-E2914A5A9028-LeaderElection14] INFO  server.RaftServerConfigKeys (ConfUtils.java:logGet(46)) - raft.server.log.appender.snapshot.chunk.size.max = 16MB (=16777216) (default)
2023-12-13 16:21:28,339 [s1@group-E2914A5A9028-LeaderElection14] INFO  server.RaftServerConfigKeys (ConfUtils.java:logGet(46)) - raft.server.log.appender.buffer.byte-limit = 4MB (=4194304) (default)
2023-12-13 16:21:28,339 [s1@group-E2914A5A9028-LeaderElection14] INFO  server.RaftServerConfigKeys (ConfUtils.java:logGet(46)) - raft.server.log.appender.buffer.element-limit = 0 (default)
2023-12-13 16:21:28,339 [s1@group-E2914A5A9028-LeaderElection14] INFO  server.RaftServerConfigKeys (ConfUtils.java:logGet(46)) - raft.server.log.appender.wait-time.min = 1ms (default)
2023-12-13 16:21:28,339 [s1@group-E2914A5A9028-LeaderElection14] INFO  grpc.GrpcConfigKeys (ConfUtils.java:logGet(46)) - raft.grpc.server.leader.outstanding.appends.max = 8 (default)
2023-12-13 16:21:28,339 [s1@group-E2914A5A9028-LeaderElection14] INFO  server.RaftServerConfigKeys (ConfUtils.java:logGet(46)) - raft.server.rpc.request.timeout = 3000ms (default)
2023-12-13 16:21:28,339 [s1@group-E2914A5A9028-LeaderElection14] INFO  grpc.GrpcConfigKeys (ConfUtils.java:logGet(46)) - raft.grpc.server.install_snapshot.request.element-limit = 8 (default)
2023-12-13 16:21:28,339 [s1@group-E2914A5A9028-LeaderElection14] INFO  grpc.GrpcConfigKeys (ConfUtils.java:logGet(46)) - raft.grpc.server.install_snapshot.request.timeout = 3000ms (default)
2023-12-13 16:21:28,339 [s1@group-E2914A5A9028-LeaderElection14] INFO  server.RaftServerConfigKeys (ConfUtils.java:logGet(46)) - raft.server.log.appender.install.snapshot.enabled = true (default)
2023-12-13 16:21:28,339 [s1@group-E2914A5A9028-LeaderElection14] INFO  grpc.GrpcConfigKeys (ConfUtils.java:logGet(46)) - raft.grpc.server.heartbeat.channel = true (default)
2023-12-13 16:21:28,339 [s1@group-E2914A5A9028-LeaderElection14] INFO  impl.RoleInfo (RoleInfo.java:updateAndGet(139)) - s1: start s1@group-E2914A5A9028-LeaderStateImpl
2023-12-13 16:21:28,339 [s1@group-E2914A5A9028-LeaderElection14] INFO  server.RaftServer$Division (ServerState.java:setLeader(265)) - s1@group-E2914A5A9028: change Leader from null to s1 at term 4 for becomeLeader, leader elected after 10ms
2023-12-13 16:21:28,339 [s1@group-E2914A5A9028-LeaderElection14] INFO  segmented.SegmentedRaftLogWorker (SegmentedRaftLogWorker.java:rollLogSegment(435)) - s1@group-E2914A5A9028-SegmentedRaftLogWorker: Rolling segment log-23_28 to index:28
2023-12-13 16:21:28,339 [s1@group-E2914A5A9028-LeaderElection14] INFO  server.RaftServer$Division (ServerState.java:setRaftConf(382)) - s1@group-E2914A5A9028: set configuration 29: peers:[s0|0.0.0.0:45531, s1|0.0.0.0:34859, s2|0.0.0.0:41623]|listeners:[], old=null
2023-12-13 16:21:28,340 [s1@group-E2914A5A9028-SegmentedRaftLogWorker] TRACE util.FileUtils (LogUtils.java:runAndLog(49)) - Successfully ran Atomic Files.move /home/runner/work/ratis/ratis/ratis-test/target/test/data/1e4ee837/MiniRaftClusterWithGrpcf3ee9cbd/s1/80bc3141-7c27-430b-8bc9-e2914a5a9028/current/log_inprogress_23 to /home/runner/work/ratis/ratis/ratis-test/target/test/data/1e4ee837/MiniRaftClusterWithGrpcf3ee9cbd/s1/80bc3141-7c27-430b-8bc9-e2914a5a9028/current/log_23-28
2023-12-13 16:21:28,340 [s1@group-E2914A5A9028-SegmentedRaftLogWorker] INFO  segmented.SegmentedRaftLogWorker (SegmentedRaftLogWorker.java:execute(591)) - s1@group-E2914A5A9028-SegmentedRaftLogWorker: Rolled log segment from /home/runner/work/ratis/ratis/ratis-test/target/test/data/1e4ee837/MiniRaftClusterWithGrpcf3ee9cbd/s1/80bc3141-7c27-430b-8bc9-e2914a5a9028/current/log_inprogress_23 to /home/runner/work/ratis/ratis/ratis-test/target/test/data/1e4ee837/MiniRaftClusterWithGrpcf3ee9cbd/s1/80bc3141-7c27-430b-8bc9-e2914a5a9028/current/log_23-28
2023-12-13 16:21:28,340 [s1@group-E2914A5A9028-SegmentedRaftLogWorker] INFO  segmented.BufferedWriteChannel (BufferedWriteChannel.java:open(62)) - open log_inprogress_29 at position 0
2023-12-13 16:21:28,342 [grpc-default-executor-11] INFO  server.GrpcLogAppender (GrpcLogAppender.java:onCompleted(534)) - s0@group-E2914A5A9028->s1-AppendLogResponseHandler: follower responses appendEntries COMPLETED
2023-12-13 16:21:28,342 [s2-server-thread2] INFO  server.RaftServer$Division (ServerState.java:setLeader(265)) - s2@group-E2914A5A9028: change Leader from null to s1 at term 4 for appendEntries, leader elected after 7ms
2023-12-13 16:21:28,345 [s2-server-thread1] DEBUG server.RaftServer$Division (RaftServerImpl.java:logAppendEntries(1504)) - s2@group-E2914A5A9028: receive appendEntries(s1, 4, (t:3, i:28), 28, false, commits:[s1:c28, s0:c28, s2:c28], cId:1, entries: [(t:4, i:29), CONFIGURATIONENTRY(current:id: "s0"
address: "0.0.0.0:45531"
priority: 1
clientAddress: "0.0.0.0:45531"
adminAddress: "0.0.0.0:45531"
startupRole: FOLLOWER
,id: "s1"
address: "0.0.0.0:34859"
priority: 2
clientAddress: "0.0.0.0:34859"
adminAddress: "0.0.0.0:34859"
startupRole: FOLLOWER
,id: "s2"
address: "0.0.0.0:41623"
priority: 1
clientAddress: "0.0.0.0:41623"
adminAddress: "0.0.0.0:41623"
startupRole: FOLLOWER
, old:)]
2023-12-13 16:21:28,345 [s2-server-thread1] INFO  server.RaftServer$Division (ServerState.java:setRaftConf(382)) - s2@group-E2914A5A9028: set configuration 29: peers:[s0|0.0.0.0:45531, s1|0.0.0.0:34859, s2|0.0.0.0:41623]|listeners:[], old=null
2023-12-13 16:21:28,345 [s2-server-thread1] INFO  segmented.SegmentedRaftLogWorker (SegmentedRaftLogWorker.java:rollLogSegment(435)) - s2@group-E2914A5A9028-SegmentedRaftLogWorker: Rolling segment log-23_28 to index:28
2023-12-13 16:21:28,346 [s2@group-E2914A5A9028-SegmentedRaftLogWorker] TRACE util.FileUtils (LogUtils.java:runAndLog(49)) - Successfully ran Atomic Files.move /home/runner/work/ratis/ratis/ratis-test/target/test/data/1e4ee837/MiniRaftClusterWithGrpcf3ee9cbd/s2/80bc3141-7c27-430b-8bc9-e2914a5a9028/current/log_inprogress_23 to /home/runner/work/ratis/ratis/ratis-test/target/test/data/1e4ee837/MiniRaftClusterWithGrpcf3ee9cbd/s2/80bc3141-7c27-430b-8bc9-e2914a5a9028/current/log_23-28
2023-12-13 16:21:28,346 [s2@group-E2914A5A9028-SegmentedRaftLogWorker] INFO  segmented.SegmentedRaftLogWorker (SegmentedRaftLogWorker.java:execute(591)) - s2@group-E2914A5A9028-SegmentedRaftLogWorker: Rolled log segment from /home/runner/work/ratis/ratis/ratis-test/target/test/data/1e4ee837/MiniRaftClusterWithGrpcf3ee9cbd/s2/80bc3141-7c27-430b-8bc9-e2914a5a9028/current/log_inprogress_23 to /home/runner/work/ratis/ratis/ratis-test/target/test/data/1e4ee837/MiniRaftClusterWithGrpcf3ee9cbd/s2/80bc3141-7c27-430b-8bc9-e2914a5a9028/current/log_23-28
2023-12-13 16:21:28,346 [s2@group-E2914A5A9028-SegmentedRaftLogWorker] INFO  segmented.BufferedWriteChannel (BufferedWriteChannel.java:open(62)) - open log_inprogress_29 at position 0
2023-12-13 16:21:28,349 [s1@group-E2914A5A9028-SegmentedRaftLogWorker] INFO  segmented.SegmentedRaftLogWorker (SegmentedRaftLogWorker.java:execute(634)) - s1@group-E2914A5A9028-SegmentedRaftLogWorker: created new log segment /home/runner/work/ratis/ratis/ratis-test/target/test/data/1e4ee837/MiniRaftClusterWithGrpcf3ee9cbd/s1/80bc3141-7c27-430b-8bc9-e2914a5a9028/current/log_inprogress_29
2023-12-13 16:21:28,351 [s0-server-thread5] INFO  server.RaftServer$Division (ServerState.java:setLeader(265)) - s0@group-E2914A5A9028: change Leader from null to s1 at term 4 for appendEntries, leader elected after 16ms
2023-12-13 16:21:28,352 [s0-server-thread4] DEBUG server.RaftServer$Division (RaftServerImpl.java:logAppendEntries(1504)) - s0@group-E2914A5A9028: receive appendEntries(s1, 4, (t:3, i:28), 28, false, commits:[s1:c28, s0:c28, s2:c28], cId:1, entries: [(t:4, i:29), CONFIGURATIONENTRY(current:id: "s0"
address: "0.0.0.0:45531"
priority: 1
clientAddress: "0.0.0.0:45531"
adminAddress: "0.0.0.0:45531"
startupRole: FOLLOWER
,id: "s1"
address: "0.0.0.0:34859"
priority: 2
clientAddress: "0.0.0.0:34859"
adminAddress: "0.0.0.0:34859"
startupRole: FOLLOWER
,id: "s2"
address: "0.0.0.0:41623"
priority: 1
clientAddress: "0.0.0.0:41623"
adminAddress: "0.0.0.0:41623"
startupRole: FOLLOWER
, old:)]
2023-12-13 16:21:28,352 [s0-server-thread4] INFO  server.RaftServer$Division (ServerState.java:setRaftConf(382)) - s0@group-E2914A5A9028: set configuration 29: peers:[s0|0.0.0.0:45531, s1|0.0.0.0:34859, s2|0.0.0.0:41623]|listeners:[], old=null
2023-12-13 16:21:28,352 [s0-server-thread4] INFO  segmented.SegmentedRaftLogWorker (SegmentedRaftLogWorker.java:rollLogSegment(435)) - s0@group-E2914A5A9028-SegmentedRaftLogWorker: Rolling segment log-23_28 to index:28
2023-12-13 16:21:28,353 [s2@group-E2914A5A9028-SegmentedRaftLogWorker] INFO  segmented.SegmentedRaftLogWorker (SegmentedRaftLogWorker.java:execute(634)) - s2@group-E2914A5A9028-SegmentedRaftLogWorker: created new log segment /home/runner/work/ratis/ratis/ratis-test/target/test/data/1e4ee837/MiniRaftClusterWithGrpcf3ee9cbd/s2/80bc3141-7c27-430b-8bc9-e2914a5a9028/current/log_inprogress_29
2023-12-13 16:21:28,353 [s2-server-thread1] DEBUG server.RaftServer$Division (RaftServerImpl.java:logAppendEntries(1504)) - s2@group-E2914A5A9028: succeeded to handle AppendEntries. Reply: s1<-s2#1:OK-t4,SUCCESS,nextIndex=30,followerCommit=28,matchIndex=29
2023-12-13 16:21:28,353 [s0@group-E2914A5A9028-SegmentedRaftLogWorker] TRACE util.FileUtils (LogUtils.java:runAndLog(49)) - Successfully ran Atomic Files.move /home/runner/work/ratis/ratis/ratis-test/target/test/data/1e4ee837/MiniRaftClusterWithGrpcf3ee9cbd/s0/80bc3141-7c27-430b-8bc9-e2914a5a9028/current/log_inprogress_23 to /home/runner/work/ratis/ratis/ratis-test/target/test/data/1e4ee837/MiniRaftClusterWithGrpcf3ee9cbd/s0/80bc3141-7c27-430b-8bc9-e2914a5a9028/current/log_23-28
2023-12-13 16:21:28,353 [s0@group-E2914A5A9028-SegmentedRaftLogWorker] INFO  segmented.SegmentedRaftLogWorker (SegmentedRaftLogWorker.java:execute(591)) - s0@group-E2914A5A9028-SegmentedRaftLogWorker: Rolled log segment from /home/runner/work/ratis/ratis/ratis-test/target/test/data/1e4ee837/MiniRaftClusterWithGrpcf3ee9cbd/s0/80bc3141-7c27-430b-8bc9-e2914a5a9028/current/log_inprogress_23 to /home/runner/work/ratis/ratis/ratis-test/target/test/data/1e4ee837/MiniRaftClusterWithGrpcf3ee9cbd/s0/80bc3141-7c27-430b-8bc9-e2914a5a9028/current/log_23-28
2023-12-13 16:21:28,353 [s0@group-E2914A5A9028-SegmentedRaftLogWorker] INFO  segmented.BufferedWriteChannel (BufferedWriteChannel.java:open(62)) - open log_inprogress_29 at position 0
2023-12-13 16:21:28,354 [s1@group-E2914A5A9028-StateMachineUpdater] TRACE util.FileUtils (LogUtils.java:supplyAndLog(69)) - Successfully supplied FileChannel.open /home/runner/work/ratis/ratis/ratis-test/target/test/data/1e4ee837/MiniRaftClusterWithGrpcf3ee9cbd/s1/80bc3141-7c27-430b-8bc9-e2914a5a9028/current/raft-meta.conf.tmp with options [CREATE, WRITE]: sun.nio.ch.FileChannelImpl@6e700562
2023-12-13 16:21:28,354 [s2-server-thread1] DEBUG server.RaftServer$Division (RaftServerImpl.java:logAppendEntries(1504)) - s2@group-E2914A5A9028: receive appendEntries(s1, 4, (t:4, i:29), 29, false, commits:[s1:c29, s0:c28, s2:c28], cId:2, entries: [(t:4, i:30), METADATAENTRY(c:29)]
2023-12-13 16:21:28,355 [s1@group-E2914A5A9028-StateMachineUpdater] TRACE util.FileUtils (LogUtils.java:runAndLog(49)) - Successfully ran Atomic Files.move /home/runner/work/ratis/ratis/ratis-test/target/test/data/1e4ee837/MiniRaftClusterWithGrpcf3ee9cbd/s1/80bc3141-7c27-430b-8bc9-e2914a5a9028/current/raft-meta.conf.tmp to /home/runner/work/ratis/ratis/ratis-test/target/test/data/1e4ee837/MiniRaftClusterWithGrpcf3ee9cbd/s1/80bc3141-7c27-430b-8bc9-e2914a5a9028/current/raft-meta.conf with options [REPLACE_EXISTING]
2023-12-13 16:21:28,355 [s1@group-E2914A5A9028-StateMachineUpdater] INFO  server.RaftServer$Division (LeaderStateImpl.java:isApplied(320)) - leader is ready since appliedIndex == 29 >= startIndex == 29
2023-12-13 16:21:28,356 [s0-server-thread4] DEBUG server.RaftServer$Division (RaftServerImpl.java:logAppendEntries(1504)) - s0@group-E2914A5A9028: receive appendEntries(s1, 4, (t:4, i:29), 29, false, commits:[s1:c29, s0:c28, s2:c28], cId:2, entries: [(t:4, i:30), METADATAENTRY(c:29)]
2023-12-13 16:21:28,356 [s2-server-thread1] DEBUG server.RaftServer$Division (RaftServerImpl.java:logAppendEntries(1504)) - s2@group-E2914A5A9028: succeeded to handle AppendEntries. Reply: s1<-s2#2:OK-t4,SUCCESS,nextIndex=31,followerCommit=29,matchIndex=30
2023-12-13 16:21:28,357 [s2@group-E2914A5A9028-StateMachineUpdater] TRACE util.FileUtils (LogUtils.java:supplyAndLog(69)) - Successfully supplied FileChannel.open /home/runner/work/ratis/ratis/ratis-test/target/test/data/1e4ee837/MiniRaftClusterWithGrpcf3ee9cbd/s2/80bc3141-7c27-430b-8bc9-e2914a5a9028/current/raft-meta.conf.tmp with options [CREATE, WRITE]: sun.nio.ch.FileChannelImpl@5a60c9df
2023-12-13 16:21:28,361 [s2@group-E2914A5A9028-StateMachineUpdater] TRACE util.FileUtils (LogUtils.java:runAndLog(49)) - Successfully ran Atomic Files.move /home/runner/work/ratis/ratis/ratis-test/target/test/data/1e4ee837/MiniRaftClusterWithGrpcf3ee9cbd/s2/80bc3141-7c27-430b-8bc9-e2914a5a9028/current/raft-meta.conf.tmp to /home/runner/work/ratis/ratis/ratis-test/target/test/data/1e4ee837/MiniRaftClusterWithGrpcf3ee9cbd/s2/80bc3141-7c27-430b-8bc9-e2914a5a9028/current/raft-meta.conf with options [REPLACE_EXISTING]
2023-12-13 16:21:28,361 [s0@group-E2914A5A9028-SegmentedRaftLogWorker] INFO  segmented.SegmentedRaftLogWorker (SegmentedRaftLogWorker.java:execute(634)) - s0@group-E2914A5A9028-SegmentedRaftLogWorker: created new log segment /home/runner/work/ratis/ratis/ratis-test/target/test/data/1e4ee837/MiniRaftClusterWithGrpcf3ee9cbd/s0/80bc3141-7c27-430b-8bc9-e2914a5a9028/current/log_inprogress_29
2023-12-13 16:21:28,361 [s0-server-thread4] DEBUG server.RaftServer$Division (RaftServerImpl.java:logAppendEntries(1504)) - s0@group-E2914A5A9028: succeeded to handle AppendEntries. Reply: s1<-s0#1:OK-t4,SUCCESS,nextIndex=30,followerCommit=28,matchIndex=29
2023-12-13 16:21:28,361 [s0-server-thread5] DEBUG server.RaftServer$Division (RaftServerImpl.java:logAppendEntries(1504)) - s0@group-E2914A5A9028: succeeded to handle AppendEntries. Reply: s1<-s0#2:OK-t4,SUCCESS,nextIndex=31,followerCommit=29,matchIndex=30
2023-12-13 16:21:28,361 [s0@group-E2914A5A9028-StateMachineUpdater] TRACE util.FileUtils (LogUtils.java:supplyAndLog(69)) - Successfully supplied FileChannel.open /home/runner/work/ratis/ratis/ratis-test/target/test/data/1e4ee837/MiniRaftClusterWithGrpcf3ee9cbd/s0/80bc3141-7c27-430b-8bc9-e2914a5a9028/current/raft-meta.conf.tmp with options [CREATE, WRITE]: sun.nio.ch.FileChannelImpl@5e4b0ada
2023-12-13 16:21:28,363 [s0@group-E2914A5A9028-StateMachineUpdater] TRACE util.FileUtils (LogUtils.java:runAndLog(49)) - Successfully ran Atomic Files.move /home/runner/work/ratis/ratis/ratis-test/target/test/data/1e4ee837/MiniRaftClusterWithGrpcf3ee9cbd/s0/80bc3141-7c27-430b-8bc9-e2914a5a9028/current/raft-meta.conf.tmp to /home/runner/work/ratis/ratis/ratis-test/target/test/data/1e4ee837/MiniRaftClusterWithGrpcf3ee9cbd/s0/80bc3141-7c27-430b-8bc9-e2914a5a9028/current/raft-meta.conf with options [REPLACE_EXISTING]
2023-12-13 16:21:29,327 [Time-limited test] INFO  server.RaftServerConfigKeys (ConfUtils.java:logGet(46)) - raft.server.rpc.timeout.max = 2000ms (custom)
2023-12-13 16:21:29,327 [Time-limited test] INFO  ratis.RaftTestUtil (RaftTestUtil.java:waitForLeader(100)) - printing group-E2914A5A9028
  s0:  RUNNING  FOLLOWER s0@group-E2914A5A9028:t4, leader=s1, voted=s1, raftlog=Memoized:s0@group-E2914A5A9028-SegmentedRaftLog:OPENED:c30, conf=29: peers:[s0|0.0.0.0:45531, s1|0.0.0.0:34859, s2|0.0.0.0:41623]|listeners:[], old=null RUNNING
  s1:  RUNNING    LEADER s1@group-E2914A5A9028:t4, leader=s1, voted=s1, raftlog=Memoized:s1@group-E2914A5A9028-SegmentedRaftLog:OPENED:c30, conf=29: peers:[s0|0.0.0.0:45531, s1|0.0.0.0:34859, s2|0.0.0.0:41623]|listeners:[], old=null RUNNING
  s2:  RUNNING  FOLLOWER s2@group-E2914A5A9028:t4, leader=s1, voted=s1, raftlog=Memoized:s2@group-E2914A5A9028-SegmentedRaftLog:OPENED:c30, conf=29: peers:[s0|0.0.0.0:45531, s1|0.0.0.0:34859, s2|0.0.0.0:41623]|listeners:[], old=null RUNNING
2023-12-13 16:21:29,327 [Time-limited test] INFO  ratis.RaftTestUtil (RaftTestUtil.java:waitForLeader(124)) - printing group-E2914A5A9028
  s0:  RUNNING  FOLLOWER s0@group-E2914A5A9028:t4, leader=s1, voted=s1, raftlog=Memoized:s0@group-E2914A5A9028-SegmentedRaftLog:OPENED:c30, conf=29: peers:[s0|0.0.0.0:45531, s1|0.0.0.0:34859, s2|0.0.0.0:41623]|listeners:[], old=null RUNNING
  s1:  RUNNING    LEADER s1@group-E2914A5A9028:t4, leader=s1, voted=s1, raftlog=Memoized:s1@group-E2914A5A9028-SegmentedRaftLog:OPENED:c30, conf=29: peers:[s0|0.0.0.0:45531, s1|0.0.0.0:34859, s2|0.0.0.0:41623]|listeners:[], old=null RUNNING
  s2:  RUNNING  FOLLOWER s2@group-E2914A5A9028:t4, leader=s1, voted=s1, raftlog=Memoized:s2@group-E2914A5A9028-SegmentedRaftLog:OPENED:c30, conf=29: peers:[s0|0.0.0.0:45531, s1|0.0.0.0:34859, s2|0.0.0.0:41623]|listeners:[], old=null RUNNING
2023-12-13 16:21:29,327 [Time-limited test] INFO  impl.MiniRaftCluster (MiniRaftCluster.java:killServer(533)) - killServer s1
2023-12-13 16:21:29,327 [Time-limited test] INFO  server.RaftServer (RaftServerProxy.java:lambda$close$9(416)) - s1: close
2023-12-13 16:21:29,327 [Time-limited test] INFO  server.GrpcService (GrpcService.java:closeImpl(311)) - s1: shutdown server GrpcServerProtocolService now
2023-12-13 16:21:29,327 [s1-impl-thread1] INFO  server.RaftServer$Division (RaftServerImpl.java:lambda$close$3(516)) - s1@group-E2914A5A9028: shutdown
2023-12-13 16:21:29,327 [s1-impl-thread1] INFO  util.JmxRegister (JmxRegister.java:unregister(73)) - Successfully un-registered JMX Bean with object name Ratis:service=RaftServer,group=group-E2914A5A9028,id=s1
2023-12-13 16:21:29,327 [s1-impl-thread1] INFO  impl.RoleInfo (RoleInfo.java:shutdownLeaderState(94)) - s1: shutdown s1@group-E2914A5A9028-LeaderStateImpl
2023-12-13 16:21:29,328 [s1-impl-thread1] INFO  impl.PendingRequests (PendingRequests.java:sendNotLeaderResponses(289)) - s1@group-E2914A5A9028-PendingRequests: sendNotLeaderResponses
2023-12-13 16:21:29,328 [s1@group-E2914A5A9028->s0-GrpcLogAppender-LogAppenderDaemon] WARN  server.GrpcLogAppender (GrpcLogAppender.java:mayWait(279)) - s1@group-E2914A5A9028->s0-GrpcLogAppender: Wait interrupted by java.lang.InterruptedException
2023-12-13 16:21:29,328 [Thread-835] INFO  server.GrpcServerProtocolClient (GrpcServerProtocolClient.java:close(103)) - s0 Close channels
2023-12-13 16:21:29,328 [s1@group-E2914A5A9028->s2-GrpcLogAppender-LogAppenderDaemon] WARN  server.GrpcLogAppender (GrpcLogAppender.java:mayWait(279)) - s1@group-E2914A5A9028->s2-GrpcLogAppender: Wait interrupted by java.lang.InterruptedException
2023-12-13 16:21:29,328 [s1-impl-thread1] INFO  impl.StateMachineUpdater (StateMachineUpdater.java:stopAndJoin(157)) - s1@group-E2914A5A9028-StateMachineUpdater: set stopIndex = 30
2023-12-13 16:21:29,328 [Thread-837] INFO  server.GrpcServerProtocolClient (GrpcServerProtocolClient.java:close(103)) - s2 Close channels
2023-12-13 16:21:29,329 [s1-impl-thread1] INFO  server.RaftServer$Division (ServerState.java:close(423)) - s1@group-E2914A5A9028: applyIndex: 30
2023-12-13 16:21:29,329 [grpc-default-executor-13] INFO  server.GrpcServerProtocolService (GrpcServerProtocolService.java:onCompleted(157)) - s2: Completed APPEND_ENTRIES, lastRequest: s1->s2#2-t4,previous=(t:4, i:29),leaderCommit=29,initializing? false,entries: size=1, first=(t:4, i:30), METADATAENTRY(c:29)
2023-12-13 16:21:29,329 [s1@group-E2914A5A9028-cacheEviction-AwaitToRun] INFO  util.AwaitToRun (AwaitToRun.java:run(49)) - s1@group-E2914A5A9028-cacheEviction-AwaitToRun-AwaitForSignal is interrupted
2023-12-13 16:21:29,329 [grpc-default-executor-13] INFO  server.GrpcServerProtocolService (GrpcServerProtocolService.java:lambda$onCompleted$5(159)) - s2: Completed APPEND_ENTRIES, lastReply: null
2023-12-13 16:21:29,329 [grpc-default-executor-0] INFO  server.GrpcServerProtocolService (GrpcServerProtocolService.java:onCompleted(157)) - s0: Completed APPEND_ENTRIES, lastRequest: null
2023-12-13 16:21:29,329 [grpc-default-executor-4] INFO  server.GrpcServerProtocolService (GrpcServerProtocolService.java:onCompleted(157)) - s2: Completed APPEND_ENTRIES, lastRequest: null
2023-12-13 16:21:29,329 [grpc-default-executor-11] INFO  server.GrpcServerProtocolService (GrpcServerProtocolService.java:onCompleted(157)) - s0: Completed APPEND_ENTRIES, lastRequest: s1->s0#2-t4,previous=(t:4, i:29),leaderCommit=29,initializing? false,entries: size=1, first=(t:4, i:30), METADATAENTRY(c:29)
2023-12-13 16:21:29,329 [grpc-default-executor-11] INFO  server.GrpcServerProtocolService (GrpcServerProtocolService.java:lambda$onCompleted$5(159)) - s0: Completed APPEND_ENTRIES, lastReply: null
2023-12-13 16:21:29,329 [grpc-default-executor-0] INFO  server.GrpcServerProtocolService (GrpcServerProtocolService.java:lambda$onCompleted$5(159)) - s0: Completed APPEND_ENTRIES, lastReply: serverReply {
  requestorId: "s1"
  replyId: "s0"
  raftGroupId {
    id: "\200\2741A|\'C\v\213\311\342\221JZ\220("
  }
  callId: 9
  success: true
}
term: 4
nextIndex: 31
followerCommit: 30
matchIndex: 18446744073709551615
isHearbeat: true

2023-12-13 16:21:29,330 [grpc-default-executor-11] INFO  server.GrpcLogAppender (GrpcLogAppender.java:onCompleted(534)) - s1@group-E2914A5A9028->s2-AppendLogResponseHandler: follower responses appendEntries COMPLETED
2023-12-13 16:21:29,330 [grpc-default-executor-11] WARN  server.GrpcLogAppender (GrpcLogAppender.java:resetClient(216)) - s1@group-E2914A5A9028->s2-GrpcLogAppender: Failed to getClient for s2
org.apache.ratis.protocol.exceptions.AlreadyClosedException: s1 is already CLOSED
	at org.apache.ratis.util.PeerProxyMap$PeerAndProxy.getProxy(PeerProxyMap.java:65)
	at org.apache.ratis.util.PeerProxyMap.getProxy(PeerProxyMap.java:114)
	at org.apache.ratis.grpc.server.GrpcLogAppender.getClient(GrpcLogAppender.java:188)
	at org.apache.ratis.grpc.server.GrpcLogAppender.resetClient(GrpcLogAppender.java:193)
	at org.apache.ratis.grpc.server.GrpcLogAppender.access$700(GrpcLogAppender.java:61)
	at org.apache.ratis.grpc.server.GrpcLogAppender$AppendLogResponseHandler.onCompleted(GrpcLogAppender.java:535)
	at org.apache.ratis.thirdparty.io.grpc.stub.ClientCalls$StreamObserverToCallListenerAdapter.onClose(ClientCalls.java:479)
	at org.apache.ratis.thirdparty.io.grpc.internal.ClientCallImpl.closeObserver(ClientCallImpl.java:567)
	at org.apache.ratis.thirdparty.io.grpc.internal.ClientCallImpl.access$300(ClientCallImpl.java:71)
	at org.apache.ratis.thirdparty.io.grpc.internal.ClientCallImpl$ClientStreamListenerImpl$1StreamClosed.runInternal(ClientCallImpl.java:735)
	at org.apache.ratis.thirdparty.io.grpc.internal.ClientCallImpl$ClientStreamListenerImpl$1StreamClosed.runInContext(ClientCallImpl.java:716)
	at org.apache.ratis.thirdparty.io.grpc.internal.ContextRunnable.run(ContextRunnable.java:37)
	at org.apache.ratis.thirdparty.io.grpc.internal.SerializingExecutor.run(SerializingExecutor.java:133)
	at java.base/java.util.concurrent.ThreadPoolExecutor.runWorker(ThreadPoolExecutor.java:1128)
	at java.base/java.util.concurrent.ThreadPoolExecutor$Worker.run(ThreadPoolExecutor.java:628)
	at java.base/java.lang.Thread.run(Thread.java:829)
2023-12-13 16:21:29,330 [grpc-default-executor-4] INFO  server.GrpcServerProtocolService (GrpcServerProtocolService.java:lambda$onCompleted$5(159)) - s2: Completed APPEND_ENTRIES, lastReply: serverReply {
  requestorId: "s1"
  replyId: "s2"
  raftGroupId {
    id: "\200\2741A|\'C\v\213\311\342\221JZ\220("
  }
  callId: 6
  success: true
}
term: 4
nextIndex: 31
followerCommit: 30
matchIndex: 18446744073709551615
isHearbeat: true

2023-12-13 16:21:29,330 [grpc-default-executor-13] INFO  server.GrpcLogAppender (GrpcLogAppender.java:onCompleted(534)) - s1@group-E2914A5A9028->s0-AppendLogResponseHandler: follower responses appendEntries COMPLETED
2023-12-13 16:21:29,330 [grpc-default-executor-13] WARN  server.GrpcLogAppender (GrpcLogAppender.java:resetClient(216)) - s1@group-E2914A5A9028->s0-GrpcLogAppender: Failed to getClient for s0
org.apache.ratis.protocol.exceptions.AlreadyClosedException: s1 is already CLOSED
	at org.apache.ratis.util.PeerProxyMap$PeerAndProxy.getProxy(PeerProxyMap.java:65)
	at org.apache.ratis.util.PeerProxyMap.getProxy(PeerProxyMap.java:114)
	at org.apache.ratis.grpc.server.GrpcLogAppender.getClient(GrpcLogAppender.java:188)
	at org.apache.ratis.grpc.server.GrpcLogAppender.resetClient(GrpcLogAppender.java:193)
	at org.apache.ratis.grpc.server.GrpcLogAppender.access$700(GrpcLogAppender.java:61)
	at org.apache.ratis.grpc.server.GrpcLogAppender$AppendLogResponseHandler.onCompleted(GrpcLogAppender.java:535)
	at org.apache.ratis.thirdparty.io.grpc.stub.ClientCalls$StreamObserverToCallListenerAdapter.onClose(ClientCalls.java:479)
	at org.apache.ratis.thirdparty.io.grpc.internal.ClientCallImpl.closeObserver(ClientCallImpl.java:567)
	at org.apache.ratis.thirdparty.io.grpc.internal.ClientCallImpl.access$300(ClientCallImpl.java:71)
	at org.apache.ratis.thirdparty.io.grpc.internal.ClientCallImpl$ClientStreamListenerImpl$1StreamClosed.runInternal(ClientCallImpl.java:735)
	at org.apache.ratis.thirdparty.io.grpc.internal.ClientCallImpl$ClientStreamListenerImpl$1StreamClosed.runInContext(ClientCallImpl.java:716)
	at org.apache.ratis.thirdparty.io.grpc.internal.ContextRunnable.run(ContextRunnable.java:37)
	at org.apache.ratis.thirdparty.io.grpc.internal.SerializingExecutor.run(SerializingExecutor.java:133)
	at java.base/java.util.concurrent.ThreadPoolExecutor.runWorker(ThreadPoolExecutor.java:1128)
	at java.base/java.util.concurrent.ThreadPoolExecutor$Worker.run(ThreadPoolExecutor.java:628)
	at java.base/java.lang.Thread.run(Thread.java:829)
2023-12-13 16:21:29,330 [grpc-default-executor-4] INFO  server.GrpcLogAppender (GrpcLogAppender.java:onCompleted(534)) - s1@group-E2914A5A9028->s0-AppendLogResponseHandler: follower responses appendEntries COMPLETED
2023-12-13 16:21:29,330 [grpc-default-executor-4] WARN  server.GrpcLogAppender (GrpcLogAppender.java:resetClient(216)) - s1@group-E2914A5A9028->s0-GrpcLogAppender: Failed to getClient for s0
org.apache.ratis.protocol.exceptions.AlreadyClosedException: s1 is already CLOSED
	at org.apache.ratis.util.PeerProxyMap$PeerAndProxy.getProxy(PeerProxyMap.java:65)
	at org.apache.ratis.util.PeerProxyMap.getProxy(PeerProxyMap.java:114)
	at org.apache.ratis.grpc.server.GrpcLogAppender.getClient(GrpcLogAppender.java:188)
	at org.apache.ratis.grpc.server.GrpcLogAppender.resetClient(GrpcLogAppender.java:193)
	at org.apache.ratis.grpc.server.GrpcLogAppender.access$700(GrpcLogAppender.java:61)
	at org.apache.ratis.grpc.server.GrpcLogAppender$AppendLogResponseHandler.onCompleted(GrpcLogAppender.java:535)
	at org.apache.ratis.thirdparty.io.grpc.stub.ClientCalls$StreamObserverToCallListenerAdapter.onClose(ClientCalls.java:479)
	at org.apache.ratis.thirdparty.io.grpc.internal.DelayedClientCall$DelayedListener$3.run(DelayedClientCall.java:489)
	at org.apache.ratis.thirdparty.io.grpc.internal.DelayedClientCall$DelayedListener.delayOrExecute(DelayedClientCall.java:453)
	at org.apache.ratis.thirdparty.io.grpc.internal.DelayedClientCall$DelayedListener.onClose(DelayedClientCall.java:486)
	at org.apache.ratis.thirdparty.io.grpc.internal.ClientCallImpl.closeObserver(ClientCallImpl.java:567)
	at org.apache.ratis.thirdparty.io.grpc.internal.ClientCallImpl.access$300(ClientCallImpl.java:71)
	at org.apache.ratis.thirdparty.io.grpc.internal.ClientCallImpl$ClientStreamListenerImpl$1StreamClosed.runInternal(ClientCallImpl.java:735)
	at org.apache.ratis.thirdparty.io.grpc.internal.ClientCallImpl$ClientStreamListenerImpl$1StreamClosed.runInContext(ClientCallImpl.java:716)
	at org.apache.ratis.thirdparty.io.grpc.internal.ContextRunnable.run(ContextRunnable.java:37)
	at org.apache.ratis.thirdparty.io.grpc.internal.SerializingExecutor.run(SerializingExecutor.java:133)
	at java.base/java.util.concurrent.ThreadPoolExecutor.runWorker(ThreadPoolExecutor.java:1128)
	at java.base/java.util.concurrent.ThreadPoolExecutor$Worker.run(ThreadPoolExecutor.java:628)
	at java.base/java.lang.Thread.run(Thread.java:829)
2023-12-13 16:21:29,330 [grpc-default-executor-13] INFO  server.GrpcLogAppender (GrpcLogAppender.java:onCompleted(534)) - s1@group-E2914A5A9028->s2-AppendLogResponseHandler: follower responses appendEntries COMPLETED
2023-12-13 16:21:29,330 [grpc-default-executor-13] WARN  server.GrpcLogAppender (GrpcLogAppender.java:resetClient(216)) - s1@group-E2914A5A9028->s2-GrpcLogAppender: Failed to getClient for s2
org.apache.ratis.protocol.exceptions.AlreadyClosedException: s1 is already CLOSED
	at org.apache.ratis.util.PeerProxyMap$PeerAndProxy.getProxy(PeerProxyMap.java:65)
	at org.apache.ratis.util.PeerProxyMap.getProxy(PeerProxyMap.java:114)
	at org.apache.ratis.grpc.server.GrpcLogAppender.getClient(GrpcLogAppender.java:188)
	at org.apache.ratis.grpc.server.GrpcLogAppender.resetClient(GrpcLogAppender.java:193)
	at org.apache.ratis.grpc.server.GrpcLogAppender.access$700(GrpcLogAppender.java:61)
	at org.apache.ratis.grpc.server.GrpcLogAppender$AppendLogResponseHandler.onCompleted(GrpcLogAppender.java:535)
	at org.apache.ratis.thirdparty.io.grpc.stub.ClientCalls$StreamObserverToCallListenerAdapter.onClose(ClientCalls.java:479)
	at org.apache.ratis.thirdparty.io.grpc.internal.ClientCallImpl.closeObserver(ClientCallImpl.java:567)
	at org.apache.ratis.thirdparty.io.grpc.internal.ClientCallImpl.access$300(ClientCallImpl.java:71)
	at org.apache.ratis.thirdparty.io.grpc.internal.ClientCallImpl$ClientStreamListenerImpl$1StreamClosed.runInternal(ClientCallImpl.java:735)
	at org.apache.ratis.thirdparty.io.grpc.internal.ClientCallImpl$ClientStreamListenerImpl$1StreamClosed.runInContext(ClientCallImpl.java:716)
	at org.apache.ratis.thirdparty.io.grpc.internal.ContextRunnable.run(ContextRunnable.java:37)
	at org.apache.ratis.thirdparty.io.grpc.internal.SerializingExecutor.run(SerializingExecutor.java:133)
	at java.base/java.util.concurrent.ThreadPoolExecutor.runWorker(ThreadPoolExecutor.java:1128)
	at java.base/java.util.concurrent.ThreadPoolExecutor$Worker.run(ThreadPoolExecutor.java:628)
	at java.base/java.lang.Thread.run(Thread.java:829)
2023-12-13 16:21:29,331 [Time-limited test] INFO  server.GrpcService (GrpcService.java:closeImpl(320)) - s1: shutdown server GrpcServerProtocolService successfully
2023-12-13 16:21:29,355 [s1-impl-thread1] INFO  segmented.SegmentedRaftLogWorker (SegmentedRaftLogWorker.java:close(245)) - s1@group-E2914A5A9028-SegmentedRaftLogWorker close()
2023-12-13 16:21:29,356 [JvmPauseMonitor30] INFO  util.JvmPauseMonitor (JvmPauseMonitor.java:run(152)) - JvmPauseMonitor-s1: Stopped
2023-12-13 16:21:29,356 [Time-limited test] INFO  server.RaftServerConfigKeys (ConfUtils.java:logGet(46)) - raft.server.rpc.timeout.max = 2000ms (custom)
2023-12-13 16:21:29,356 [Time-limited test] INFO  ratis.RaftTestUtil (RaftTestUtil.java:waitForLeader(100)) - printing group-E2914A5A9028
  s0:  RUNNING  FOLLOWER s0@group-E2914A5A9028:t4, leader=s1, voted=s1, raftlog=Memoized:s0@group-E2914A5A9028-SegmentedRaftLog:OPENED:c30, conf=29: peers:[s0|0.0.0.0:45531, s1|0.0.0.0:34859, s2|0.0.0.0:41623]|listeners:[], old=null RUNNING
  s1:   CLOSED    LEADER s1@group-E2914A5A9028:t4, leader=s1, voted=s1, raftlog=Memoized:s1@group-E2914A5A9028-SegmentedRaftLog:CLOSED:c30, conf=29: peers:[s0|0.0.0.0:45531, s1|0.0.0.0:34859, s2|0.0.0.0:41623]|listeners:[], old=null CLOSED
  s2:  RUNNING  FOLLOWER s2@group-E2914A5A9028:t4, leader=s1, voted=s1, raftlog=Memoized:s2@group-E2914A5A9028-SegmentedRaftLog:OPENED:c30, conf=29: peers:[s0|0.0.0.0:45531, s1|0.0.0.0:34859, s2|0.0.0.0:41623]|listeners:[], old=null RUNNING
2023-12-13 16:21:29,356 [Time-limited test] WARN  ratis.RaftTestUtil (RaftTestUtil.java:lambda$waitForLeader$3(119)) - Attempt #1 failed: java.lang.IllegalStateException: No leader yet  for group-E2914A5A9028: printing group-E2914A5A9028
  s0:  RUNNING  FOLLOWER s0@group-E2914A5A9028:t4, leader=s1, voted=s1, raftlog=Memoized:s0@group-E2914A5A9028-SegmentedRaftLog:OPENED:c30, conf=29: peers:[s0|0.0.0.0:45531, s1|0.0.0.0:34859, s2|0.0.0.0:41623]|listeners:[], old=null RUNNING
  s1:   CLOSED    LEADER s1@group-E2914A5A9028:t4, leader=s1, voted=s1, raftlog=Memoized:s1@group-E2914A5A9028-SegmentedRaftLog:CLOSED:c30, conf=29: peers:[s0|0.0.0.0:45531, s1|0.0.0.0:34859, s2|0.0.0.0:41623]|listeners:[], old=null CLOSED
  s2:  RUNNING  FOLLOWER s2@group-E2914A5A9028:t4, leader=s1, voted=s1, raftlog=Memoized:s2@group-E2914A5A9028-SegmentedRaftLog:OPENED:c30, conf=29: peers:[s0|0.0.0.0:45531, s1|0.0.0.0:34859, s2|0.0.0.0:41623]|listeners:[], old=null RUNNING
2023-12-13 16:21:31,376 [s0@group-E2914A5A9028-FollowerState] INFO  impl.FollowerState (FollowerState.java:run(143)) - s0@group-E2914A5A9028-FollowerState: change to CANDIDATE, lastRpcElapsedTime:2262176828ns, electionTimeout:1531ms
2023-12-13 16:21:31,376 [s0@group-E2914A5A9028-FollowerState] INFO  impl.RoleInfo (RoleInfo.java:shutdownFollowerState(110)) - s0: shutdown s0@group-E2914A5A9028-FollowerState
2023-12-13 16:21:31,376 [s0@group-E2914A5A9028-FollowerState] INFO  server.RaftServer$Division (RaftServerImpl.java:setRole(379)) - s0@group-E2914A5A9028: changes role from  FOLLOWER to CANDIDATE at term 4 for changeToCandidate
2023-12-13 16:21:31,377 [s0@group-E2914A5A9028-FollowerState] INFO  server.RaftServerConfigKeys (ConfUtils.java:logGet(46)) - raft.server.leaderelection.pre-vote = true (default)
2023-12-13 16:21:31,377 [s0@group-E2914A5A9028-FollowerState] INFO  impl.RoleInfo (RoleInfo.java:updateAndGet(139)) - s0: start s0@group-E2914A5A9028-LeaderElection15
2023-12-13 16:21:31,377 [s0@group-E2914A5A9028-LeaderElection15] INFO  server.RaftServer$Division (ServerState.java:setLeader(265)) - s0@group-E2914A5A9028: change Leader from s1 to null at term 4 for PRE_VOTE
2023-12-13 16:21:31,377 [s0@group-E2914A5A9028-LeaderElection15] INFO  impl.LeaderElection (LeaderElection.java:askForVotes(321)) - s0@group-E2914A5A9028-LeaderElection15 PRE_VOTE round 0: submit vote requests at term 4 for 29: peers:[s0|0.0.0.0:45531, s1|0.0.0.0:34859, s2|0.0.0.0:41623]|listeners:[], old=null
2023-12-13 16:21:31,379 [grpc-default-executor-13] INFO  server.RaftServer$Division (RaftServerImpl.java:requestVote(1377)) - s2@group-E2914A5A9028: receive requestVote(PRE_VOTE, s0, group-E2914A5A9028, 4, (t:4, i:30))
2023-12-13 16:21:31,379 [grpc-default-executor-13] INFO  impl.VoteContext (VoteContext.java:log(49)) - s2@group-E2914A5A9028-FOLLOWER: accept PRE_VOTE from s0: our priority 1 <= candidate's priority 1
2023-12-13 16:21:31,379 [grpc-default-executor-13] INFO  server.RaftServer$Division (RaftServerImpl.java:requestVote(1410)) - s2@group-E2914A5A9028 replies to PRE_VOTE vote request: s0<-s2#0:OK-t4. Peer's state: s2@group-E2914A5A9028:t4, leader=s1, voted=s1, raftlog=Memoized:s2@group-E2914A5A9028-SegmentedRaftLog:OPENED:c30, conf=29: peers:[s0|0.0.0.0:45531, s1|0.0.0.0:34859, s2|0.0.0.0:41623]|listeners:[], old=null
2023-12-13 16:21:31,379 [s0@group-E2914A5A9028-LeaderElection15] INFO  impl.LeaderElection (LogUtils.java:infoOrTrace(136)) - s0@group-E2914A5A9028-LeaderElection15 got exception when requesting votes: java.util.concurrent.ExecutionException: org.apache.ratis.thirdparty.io.grpc.StatusRuntimeException: UNAVAILABLE: io exception
2023-12-13 16:21:31,379 [s0@group-E2914A5A9028-LeaderElection15] INFO  impl.LeaderElection (LeaderElection.java:logAndReturn(89)) - s0@group-E2914A5A9028-LeaderElection15: PRE_VOTE PASSED received 1 response(s) and 1 exception(s):
2023-12-13 16:21:31,380 [s0@group-E2914A5A9028-LeaderElection15] INFO  impl.LeaderElection (LeaderElection.java:logAndReturn(93)) -   Response 0: s0<-s2#0:OK-t4
2023-12-13 16:21:31,380 [s0@group-E2914A5A9028-LeaderElection15] INFO  impl.LeaderElection (LogUtils.java:infoOrTrace(136)) -   Exception 1: java.util.concurrent.ExecutionException: org.apache.ratis.thirdparty.io.grpc.StatusRuntimeException: UNAVAILABLE: io exception
2023-12-13 16:21:31,380 [s0@group-E2914A5A9028-LeaderElection15] INFO  impl.LeaderElection (LeaderElection.java:askForVotes(323)) - s0@group-E2914A5A9028-LeaderElection15 PRE_VOTE round 0: result PASSED
2023-12-13 16:21:31,380 [s0@group-E2914A5A9028-LeaderElection15] TRACE util.FileUtils (LogUtils.java:supplyAndLog(69)) - Successfully supplied FileChannel.open /home/runner/work/ratis/ratis/ratis-test/target/test/data/1e4ee837/MiniRaftClusterWithGrpcf3ee9cbd/s0/80bc3141-7c27-430b-8bc9-e2914a5a9028/current/raft-meta.tmp with options [CREATE, WRITE]: sun.nio.ch.FileChannelImpl@7c779278
2023-12-13 16:21:31,381 [s0@group-E2914A5A9028-LeaderElection15] TRACE util.FileUtils (LogUtils.java:runAndLog(49)) - Successfully ran Atomic Files.move /home/runner/work/ratis/ratis/ratis-test/target/test/data/1e4ee837/MiniRaftClusterWithGrpcf3ee9cbd/s0/80bc3141-7c27-430b-8bc9-e2914a5a9028/current/raft-meta.tmp to /home/runner/work/ratis/ratis/ratis-test/target/test/data/1e4ee837/MiniRaftClusterWithGrpcf3ee9cbd/s0/80bc3141-7c27-430b-8bc9-e2914a5a9028/current/raft-meta with options [REPLACE_EXISTING]
2023-12-13 16:21:31,381 [s0@group-E2914A5A9028-LeaderElection15] INFO  impl.LeaderElection (LeaderElection.java:askForVotes(321)) - s0@group-E2914A5A9028-LeaderElection15 ELECTION round 0: submit vote requests at term 5 for 29: peers:[s0|0.0.0.0:45531, s1|0.0.0.0:34859, s2|0.0.0.0:41623]|listeners:[], old=null
2023-12-13 16:21:31,382 [s0@group-E2914A5A9028-LeaderElection15] INFO  impl.LeaderElection (LogUtils.java:infoOrTrace(136)) - s0@group-E2914A5A9028-LeaderElection15 got exception when requesting votes: java.util.concurrent.ExecutionException: org.apache.ratis.thirdparty.io.grpc.StatusRuntimeException: UNAVAILABLE: io exception
2023-12-13 16:21:31,382 [grpc-default-executor-13] INFO  server.RaftServer$Division (RaftServerImpl.java:requestVote(1377)) - s2@group-E2914A5A9028: receive requestVote(ELECTION, s0, group-E2914A5A9028, 5, (t:4, i:30))
2023-12-13 16:21:31,382 [grpc-default-executor-13] INFO  impl.VoteContext (VoteContext.java:log(49)) - s2@group-E2914A5A9028-FOLLOWER: accept ELECTION from s0: our priority 1 <= candidate's priority 1
2023-12-13 16:21:31,382 [grpc-default-executor-13] INFO  server.RaftServer$Division (ServerState.java:setLeader(265)) - s2@group-E2914A5A9028: change Leader from s1 to null at term 5 for updateCurrentTerm
2023-12-13 16:21:31,382 [grpc-default-executor-13] INFO  server.RaftServer$Division (RaftServerImpl.java:setRole(379)) - s2@group-E2914A5A9028: changes role from  FOLLOWER to FOLLOWER at term 5 for candidate:s0
2023-12-13 16:21:31,383 [grpc-default-executor-13] INFO  impl.RoleInfo (RoleInfo.java:shutdownFollowerState(110)) - s2: shutdown s2@group-E2914A5A9028-FollowerState
2023-12-13 16:21:31,383 [grpc-default-executor-13] INFO  impl.RoleInfo (RoleInfo.java:updateAndGet(139)) - s2: start s2@group-E2914A5A9028-FollowerState
2023-12-13 16:21:31,383 [s2@group-E2914A5A9028-FollowerState] INFO  impl.FollowerState (FollowerState.java:run(152)) - s2@group-E2914A5A9028-FollowerState was interrupted
2023-12-13 16:21:31,383 [grpc-default-executor-13] TRACE util.FileUtils (LogUtils.java:supplyAndLog(69)) - Successfully supplied FileChannel.open /home/runner/work/ratis/ratis/ratis-test/target/test/data/1e4ee837/MiniRaftClusterWithGrpcf3ee9cbd/s2/80bc3141-7c27-430b-8bc9-e2914a5a9028/current/raft-meta.tmp with options [CREATE, WRITE]: sun.nio.ch.FileChannelImpl@1c79748e
2023-12-13 16:21:31,384 [grpc-default-executor-13] TRACE util.FileUtils (LogUtils.java:runAndLog(49)) - Successfully ran Atomic Files.move /home/runner/work/ratis/ratis/ratis-test/target/test/data/1e4ee837/MiniRaftClusterWithGrpcf3ee9cbd/s2/80bc3141-7c27-430b-8bc9-e2914a5a9028/current/raft-meta.tmp to /home/runner/work/ratis/ratis/ratis-test/target/test/data/1e4ee837/MiniRaftClusterWithGrpcf3ee9cbd/s2/80bc3141-7c27-430b-8bc9-e2914a5a9028/current/raft-meta with options [REPLACE_EXISTING]
2023-12-13 16:21:31,384 [grpc-default-executor-13] INFO  server.RaftServer$Division (RaftServerImpl.java:requestVote(1410)) - s2@group-E2914A5A9028 replies to ELECTION vote request: s0<-s2#0:OK-t5. Peer's state: s2@group-E2914A5A9028:t5, leader=null, voted=s0, raftlog=Memoized:s2@group-E2914A5A9028-SegmentedRaftLog:OPENED:c30, conf=29: peers:[s0|0.0.0.0:45531, s1|0.0.0.0:34859, s2|0.0.0.0:41623]|listeners:[], old=null
2023-12-13 16:21:31,384 [s0@group-E2914A5A9028-LeaderElection15] INFO  impl.LeaderElection (LeaderElection.java:logAndReturn(89)) - s0@group-E2914A5A9028-LeaderElection15: ELECTION PASSED received 1 response(s) and 1 exception(s):
2023-12-13 16:21:31,384 [s0@group-E2914A5A9028-LeaderElection15] INFO  impl.LeaderElection (LeaderElection.java:logAndReturn(93)) -   Response 0: s0<-s2#0:OK-t5
2023-12-13 16:21:31,384 [s0@group-E2914A5A9028-LeaderElection15] INFO  impl.LeaderElection (LogUtils.java:infoOrTrace(136)) -   Exception 1: java.util.concurrent.ExecutionException: org.apache.ratis.thirdparty.io.grpc.StatusRuntimeException: UNAVAILABLE: io exception
2023-12-13 16:21:31,384 [s0@group-E2914A5A9028-LeaderElection15] INFO  impl.LeaderElection (LeaderElection.java:askForVotes(323)) - s0@group-E2914A5A9028-LeaderElection15 ELECTION round 0: result PASSED
2023-12-13 16:21:31,384 [s0@group-E2914A5A9028-LeaderElection15] INFO  impl.RoleInfo (RoleInfo.java:shutdownLeaderElection(130)) - s0: shutdown s0@group-E2914A5A9028-LeaderElection15
2023-12-13 16:21:31,384 [s0@group-E2914A5A9028-LeaderElection15] INFO  server.RaftServer$Division (RaftServerImpl.java:setRole(379)) - s0@group-E2914A5A9028: changes role from CANDIDATE to LEADER at term 5 for changeToLeader
2023-12-13 16:21:31,384 [s0@group-E2914A5A9028-LeaderElection15] INFO  server.RaftServerConfigKeys (ConfUtils.java:logGet(46)) - raft.server.staging.catchup.gap = 1000 (default)
2023-12-13 16:21:31,385 [s0@group-E2914A5A9028-LeaderElection15] INFO  server.RaftServerConfigKeys (ConfUtils.java:logGet(46)) - raft.server.write.element-limit = 4096 (default)
2023-12-13 16:21:31,385 [s0@group-E2914A5A9028-LeaderElection15] INFO  server.RaftServerConfigKeys (ConfUtils.java:logGet(46)) - raft.server.write.byte-limit = 64MB (=67108864) (default)
2023-12-13 16:21:31,385 [s0@group-E2914A5A9028-LeaderElection15] INFO  server.RaftServerConfigKeys (ConfUtils.java:logGet(46)) - raft.server.watch.timeout = 10s (default)
2023-12-13 16:21:31,385 [s0@group-E2914A5A9028-LeaderElection15] INFO  server.RaftServerConfigKeys (ConfUtils.java:logGet(46)) - raft.server.watch.timeout.denomination = 1s (default)
2023-12-13 16:21:31,385 [s0@group-E2914A5A9028-LeaderElection15] INFO  server.RaftServerConfigKeys (ConfUtils.java:logGet(46)) - raft.server.watch.element-limit = 65536 (default)
2023-12-13 16:21:31,385 [s0@group-E2914A5A9028-LeaderElection15] INFO  server.RaftServerConfigKeys (ConfUtils.java:logGet(46)) - raft.server.read.leader.lease.enabled = false (default)
2023-12-13 16:21:31,385 [s0@group-E2914A5A9028-LeaderElection15] INFO  server.RaftServerConfigKeys (ConfUtils.java:logGet(46)) - raft.server.read.leader.lease.timeout.ratio = 0.9 (default)
2023-12-13 16:21:31,385 [s0@group-E2914A5A9028-LeaderElection15] INFO  server.RaftServerConfigKeys (ConfUtils.java:logGet(46)) - raft.server.rpc.timeout.min = 1500ms (custom)
2023-12-13 16:21:31,385 [s0@group-E2914A5A9028-LeaderElection15] INFO  server.RaftServerConfigKeys (ConfUtils.java:logGet(46)) - raft.server.write.element-limit = 4096 (default)
2023-12-13 16:21:31,385 [s0@group-E2914A5A9028-LeaderElection15] INFO  server.RaftServerConfigKeys (ConfUtils.java:logGet(46)) - raft.server.write.follower.gap.ratio.max = -1.0 (default)
2023-12-13 16:21:31,385 [s0@group-E2914A5A9028-LeaderElection15] INFO  server.RaftServerConfigKeys (ConfUtils.java:logGet(46)) - raft.server.log.appender.snapshot.chunk.size.max = 16MB (=16777216) (default)
2023-12-13 16:21:31,385 [s0@group-E2914A5A9028-LeaderElection15] INFO  server.RaftServerConfigKeys (ConfUtils.java:logGet(46)) - raft.server.log.appender.buffer.byte-limit = 4MB (=4194304) (default)
2023-12-13 16:21:31,385 [s0@group-E2914A5A9028-LeaderElection15] INFO  server.RaftServerConfigKeys (ConfUtils.java:logGet(46)) - raft.server.log.appender.buffer.element-limit = 0 (default)
2023-12-13 16:21:31,385 [s0@group-E2914A5A9028-LeaderElection15] INFO  server.RaftServerConfigKeys (ConfUtils.java:logGet(46)) - raft.server.log.appender.wait-time.min = 1ms (default)
2023-12-13 16:21:31,385 [s0@group-E2914A5A9028-LeaderElection15] INFO  grpc.GrpcConfigKeys (ConfUtils.java:logGet(46)) - raft.grpc.server.leader.outstanding.appends.max = 8 (default)
2023-12-13 16:21:31,385 [s0@group-E2914A5A9028-LeaderElection15] INFO  server.RaftServerConfigKeys (ConfUtils.java:logGet(46)) - raft.server.rpc.request.timeout = 3000ms (default)
2023-12-13 16:21:31,385 [s0@group-E2914A5A9028-LeaderElection15] INFO  grpc.GrpcConfigKeys (ConfUtils.java:logGet(46)) - raft.grpc.server.install_snapshot.request.element-limit = 8 (default)
2023-12-13 16:21:31,385 [s0@group-E2914A5A9028-LeaderElection15] INFO  grpc.GrpcConfigKeys (ConfUtils.java:logGet(46)) - raft.grpc.server.install_snapshot.request.timeout = 3000ms (default)
2023-12-13 16:21:31,385 [s0@group-E2914A5A9028-LeaderElection15] INFO  server.RaftServerConfigKeys (ConfUtils.java:logGet(46)) - raft.server.log.appender.install.snapshot.enabled = true (default)
2023-12-13 16:21:31,385 [s0@group-E2914A5A9028-LeaderElection15] INFO  grpc.GrpcConfigKeys (ConfUtils.java:logGet(46)) - raft.grpc.server.heartbeat.channel = true (default)
2023-12-13 16:21:31,386 [s0@group-E2914A5A9028-LeaderElection15] INFO  server.RaftServerConfigKeys (ConfUtils.java:logGet(46)) - raft.server.log.appender.snapshot.chunk.size.max = 16MB (=16777216) (default)
2023-12-13 16:21:31,386 [s0@group-E2914A5A9028-LeaderElection15] INFO  server.RaftServerConfigKeys (ConfUtils.java:logGet(46)) - raft.server.log.appender.buffer.byte-limit = 4MB (=4194304) (default)
2023-12-13 16:21:31,386 [s0@group-E2914A5A9028-LeaderElection15] INFO  server.RaftServerConfigKeys (ConfUtils.java:logGet(46)) - raft.server.log.appender.buffer.element-limit = 0 (default)
2023-12-13 16:21:31,386 [s0@group-E2914A5A9028-LeaderElection15] INFO  server.RaftServerConfigKeys (ConfUtils.java:logGet(46)) - raft.server.log.appender.wait-time.min = 1ms (default)
2023-12-13 16:21:31,386 [s0@group-E2914A5A9028-LeaderElection15] INFO  grpc.GrpcConfigKeys (ConfUtils.java:logGet(46)) - raft.grpc.server.leader.outstanding.appends.max = 8 (default)
2023-12-13 16:21:31,386 [s0@group-E2914A5A9028-LeaderElection15] INFO  server.RaftServerConfigKeys (ConfUtils.java:logGet(46)) - raft.server.rpc.request.timeout = 3000ms (default)
2023-12-13 16:21:31,386 [s0@group-E2914A5A9028-LeaderElection15] INFO  grpc.GrpcConfigKeys (ConfUtils.java:logGet(46)) - raft.grpc.server.install_snapshot.request.element-limit = 8 (default)
2023-12-13 16:21:31,386 [s0@group-E2914A5A9028-LeaderElection15] INFO  grpc.GrpcConfigKeys (ConfUtils.java:logGet(46)) - raft.grpc.server.install_snapshot.request.timeout = 3000ms (default)
2023-12-13 16:21:31,386 [s0@group-E2914A5A9028-LeaderElection15] INFO  server.RaftServerConfigKeys (ConfUtils.java:logGet(46)) - raft.server.log.appender.install.snapshot.enabled = true (default)
2023-12-13 16:21:31,386 [s0@group-E2914A5A9028-LeaderElection15] INFO  grpc.GrpcConfigKeys (ConfUtils.java:logGet(46)) - raft.grpc.server.heartbeat.channel = true (default)
2023-12-13 16:21:31,386 [s0@group-E2914A5A9028-LeaderElection15] INFO  impl.RoleInfo (RoleInfo.java:updateAndGet(139)) - s0: start s0@group-E2914A5A9028-LeaderStateImpl
2023-12-13 16:21:31,386 [s0@group-E2914A5A9028-LeaderElection15] INFO  server.RaftServer$Division (ServerState.java:setLeader(265)) - s0@group-E2914A5A9028: change Leader from null to s0 at term 5 for becomeLeader, leader elected after 8ms
2023-12-13 16:21:31,386 [s0@group-E2914A5A9028-LeaderElection15] INFO  segmented.SegmentedRaftLogWorker (SegmentedRaftLogWorker.java:rollLogSegment(435)) - s0@group-E2914A5A9028-SegmentedRaftLogWorker: Rolling segment log-29_30 to index:30
2023-12-13 16:21:31,386 [s0@group-E2914A5A9028-LeaderElection15] INFO  server.RaftServer$Division (ServerState.java:setRaftConf(382)) - s0@group-E2914A5A9028: set configuration 31: peers:[s0|0.0.0.0:45531, s1|0.0.0.0:34859, s2|0.0.0.0:41623]|listeners:[], old=null
2023-12-13 16:21:31,387 [grpc-default-executor-13] WARN  server.GrpcLogAppender (LogUtils.java:warn(121)) - s0@group-E2914A5A9028->s1-AppendLogResponseHandler: Failed appendEntries: org.apache.ratis.thirdparty.io.grpc.StatusRuntimeException: UNAVAILABLE: io exception
2023-12-13 16:21:31,387 [s0@group-E2914A5A9028-SegmentedRaftLogWorker] TRACE util.FileUtils (LogUtils.java:runAndLog(49)) - Successfully ran Atomic Files.move /home/runner/work/ratis/ratis/ratis-test/target/test/data/1e4ee837/MiniRaftClusterWithGrpcf3ee9cbd/s0/80bc3141-7c27-430b-8bc9-e2914a5a9028/current/log_inprogress_29 to /home/runner/work/ratis/ratis/ratis-test/target/test/data/1e4ee837/MiniRaftClusterWithGrpcf3ee9cbd/s0/80bc3141-7c27-430b-8bc9-e2914a5a9028/current/log_29-30
2023-12-13 16:21:31,387 [s0@group-E2914A5A9028-SegmentedRaftLogWorker] INFO  segmented.SegmentedRaftLogWorker (SegmentedRaftLogWorker.java:execute(591)) - s0@group-E2914A5A9028-SegmentedRaftLogWorker: Rolled log segment from /home/runner/work/ratis/ratis/ratis-test/target/test/data/1e4ee837/MiniRaftClusterWithGrpcf3ee9cbd/s0/80bc3141-7c27-430b-8bc9-e2914a5a9028/current/log_inprogress_29 to /home/runner/work/ratis/ratis/ratis-test/target/test/data/1e4ee837/MiniRaftClusterWithGrpcf3ee9cbd/s0/80bc3141-7c27-430b-8bc9-e2914a5a9028/current/log_29-30
2023-12-13 16:21:31,387 [s0@group-E2914A5A9028-SegmentedRaftLogWorker] INFO  segmented.BufferedWriteChannel (BufferedWriteChannel.java:open(62)) - open log_inprogress_31 at position 0
2023-12-13 16:21:31,388 [grpc-default-executor-13] WARN  server.GrpcLogAppender (GrpcLogAppender.java:resetClient(207)) - s0@group-E2914A5A9028->s1-GrpcLogAppender: Follower failed (request=null, errorCount=1); keep nextIndex (31) unchanged and retry.
2023-12-13 16:21:31,388 [grpc-default-executor-11] WARN  server.GrpcLogAppender (LogUtils.java:warn(121)) - s0@group-E2914A5A9028->s1-AppendLogResponseHandler: Failed appendEntries: org.apache.ratis.thirdparty.io.grpc.StatusRuntimeException: UNAVAILABLE: io exception
2023-12-13 16:21:31,388 [s2-server-thread2] INFO  server.RaftServer$Division (ServerState.java:setLeader(265)) - s2@group-E2914A5A9028: change Leader from null to s0 at term 5 for appendEntries, leader elected after 6ms
2023-12-13 16:21:31,389 [grpc-default-executor-11] WARN  server.GrpcLogAppender (GrpcLogAppender.java:resetClient(207)) - s0@group-E2914A5A9028->s1-GrpcLogAppender: Follower failed (request=null, errorCount=2); keep nextIndex (31) unchanged and retry.
2023-12-13 16:21:31,390 [grpc-default-executor-11] WARN  server.GrpcLogAppender (LogUtils.java:warn(121)) - s0@group-E2914A5A9028->s1-AppendLogResponseHandler: Failed appendEntries: org.apache.ratis.thirdparty.io.grpc.StatusRuntimeException: UNAVAILABLE: io exception
2023-12-13 16:21:31,390 [grpc-default-executor-13] WARN  server.GrpcLogAppender (LogUtils.java:warn(121)) - s0@group-E2914A5A9028->s1-AppendLogResponseHandler: Failed appendEntries: org.apache.ratis.thirdparty.io.grpc.StatusRuntimeException: UNAVAILABLE: io exception
2023-12-13 16:21:31,390 [grpc-default-executor-11] WARN  server.GrpcLogAppender (GrpcLogAppender.java:resetClient(207)) - s0@group-E2914A5A9028->s1-GrpcLogAppender: Follower failed (request=null, errorCount=3); keep nextIndex (32) unchanged and retry.
2023-12-13 16:21:31,390 [grpc-default-executor-13] WARN  server.GrpcLogAppender (GrpcLogAppender.java:resetClient(207)) - s0@group-E2914A5A9028->s1-GrpcLogAppender: Follower failed (request=null, errorCount=4); keep nextIndex (32) unchanged and retry.
2023-12-13 16:21:31,390 [s2-server-thread1] DEBUG server.RaftServer$Division (RaftServerImpl.java:logAppendEntries(1504)) - s2@group-E2914A5A9028: receive appendEntries(s0, 5, (t:4, i:30), 30, false, commits:[s0:c30, s1:c30, s2:c30], cId:1, entries: [(t:5, i:31), CONFIGURATIONENTRY(current:id: "s0"
address: "0.0.0.0:45531"
priority: 1
clientAddress: "0.0.0.0:45531"
adminAddress: "0.0.0.0:45531"
startupRole: FOLLOWER
,id: "s1"
address: "0.0.0.0:34859"
priority: 2
clientAddress: "0.0.0.0:34859"
adminAddress: "0.0.0.0:34859"
startupRole: FOLLOWER
,id: "s2"
address: "0.0.0.0:41623"
priority: 1
clientAddress: "0.0.0.0:41623"
adminAddress: "0.0.0.0:41623"
startupRole: FOLLOWER
, old:)]
2023-12-13 16:21:31,391 [s2-server-thread1] INFO  server.RaftServer$Division (ServerState.java:setRaftConf(382)) - s2@group-E2914A5A9028: set configuration 31: peers:[s0|0.0.0.0:45531, s1|0.0.0.0:34859, s2|0.0.0.0:41623]|listeners:[], old=null
2023-12-13 16:21:31,391 [s2-server-thread1] INFO  segmented.SegmentedRaftLogWorker (SegmentedRaftLogWorker.java:rollLogSegment(435)) - s2@group-E2914A5A9028-SegmentedRaftLogWorker: Rolling segment log-29_30 to index:30
2023-12-13 16:21:31,392 [s2@group-E2914A5A9028-SegmentedRaftLogWorker] TRACE util.FileUtils (LogUtils.java:runAndLog(49)) - Successfully ran Atomic Files.move /home/runner/work/ratis/ratis/ratis-test/target/test/data/1e4ee837/MiniRaftClusterWithGrpcf3ee9cbd/s2/80bc3141-7c27-430b-8bc9-e2914a5a9028/current/log_inprogress_29 to /home/runner/work/ratis/ratis/ratis-test/target/test/data/1e4ee837/MiniRaftClusterWithGrpcf3ee9cbd/s2/80bc3141-7c27-430b-8bc9-e2914a5a9028/current/log_29-30
2023-12-13 16:21:31,392 [s2@group-E2914A5A9028-SegmentedRaftLogWorker] INFO  segmented.SegmentedRaftLogWorker (SegmentedRaftLogWorker.java:execute(591)) - s2@group-E2914A5A9028-SegmentedRaftLogWorker: Rolled log segment from /home/runner/work/ratis/ratis/ratis-test/target/test/data/1e4ee837/MiniRaftClusterWithGrpcf3ee9cbd/s2/80bc3141-7c27-430b-8bc9-e2914a5a9028/current/log_inprogress_29 to /home/runner/work/ratis/ratis/ratis-test/target/test/data/1e4ee837/MiniRaftClusterWithGrpcf3ee9cbd/s2/80bc3141-7c27-430b-8bc9-e2914a5a9028/current/log_29-30
2023-12-13 16:21:31,392 [s2@group-E2914A5A9028-SegmentedRaftLogWorker] INFO  segmented.BufferedWriteChannel (BufferedWriteChannel.java:open(62)) - open log_inprogress_31 at position 0
2023-12-13 16:21:31,401 [s0@group-E2914A5A9028-SegmentedRaftLogWorker] INFO  segmented.SegmentedRaftLogWorker (SegmentedRaftLogWorker.java:execute(634)) - s0@group-E2914A5A9028-SegmentedRaftLogWorker: created new log segment /home/runner/work/ratis/ratis/ratis-test/target/test/data/1e4ee837/MiniRaftClusterWithGrpcf3ee9cbd/s0/80bc3141-7c27-430b-8bc9-e2914a5a9028/current/log_inprogress_31
2023-12-13 16:21:31,402 [s2@group-E2914A5A9028-SegmentedRaftLogWorker] INFO  segmented.SegmentedRaftLogWorker (SegmentedRaftLogWorker.java:execute(634)) - s2@group-E2914A5A9028-SegmentedRaftLogWorker: created new log segment /home/runner/work/ratis/ratis/ratis-test/target/test/data/1e4ee837/MiniRaftClusterWithGrpcf3ee9cbd/s2/80bc3141-7c27-430b-8bc9-e2914a5a9028/current/log_inprogress_31
2023-12-13 16:21:31,403 [s2-server-thread1] DEBUG server.RaftServer$Division (RaftServerImpl.java:logAppendEntries(1504)) - s2@group-E2914A5A9028: succeeded to handle AppendEntries. Reply: s0<-s2#1:OK-t5,SUCCESS,nextIndex=32,followerCommit=30,matchIndex=31
2023-12-13 16:21:31,403 [s0@group-E2914A5A9028-StateMachineUpdater] TRACE util.FileUtils (LogUtils.java:supplyAndLog(69)) - Successfully supplied FileChannel.open /home/runner/work/ratis/ratis/ratis-test/target/test/data/1e4ee837/MiniRaftClusterWithGrpcf3ee9cbd/s0/80bc3141-7c27-430b-8bc9-e2914a5a9028/current/raft-meta.conf.tmp with options [CREATE, WRITE]: sun.nio.ch.FileChannelImpl@13910179
2023-12-13 16:21:31,403 [grpc-default-executor-4] WARN  server.GrpcLogAppender (LogUtils.java:warn(121)) - s0@group-E2914A5A9028->s1-AppendLogResponseHandler: Failed appendEntries: org.apache.ratis.thirdparty.io.grpc.StatusRuntimeException: UNAVAILABLE: io exception
2023-12-13 16:21:31,404 [grpc-default-executor-13] WARN  server.GrpcLogAppender (LogUtils.java:warn(121)) - s0@group-E2914A5A9028->s1-AppendLogResponseHandler: Failed appendEntries: org.apache.ratis.thirdparty.io.grpc.StatusRuntimeException: UNAVAILABLE: io exception
2023-12-13 16:21:31,404 [grpc-default-executor-4] WARN  server.GrpcLogAppender (GrpcLogAppender.java:resetClient(207)) - s0@group-E2914A5A9028->s1-GrpcLogAppender: Follower failed (request=null, errorCount=5); keep nextIndex (33) unchanged and retry.
2023-12-13 16:21:31,404 [grpc-default-executor-13] WARN  server.GrpcLogAppender (GrpcLogAppender.java:resetClient(207)) - s0@group-E2914A5A9028->s1-GrpcLogAppender: Follower failed (request=null, errorCount=6); keep nextIndex (33) unchanged and retry.
2023-12-13 16:21:31,405 [s0@group-E2914A5A9028-StateMachineUpdater] TRACE util.FileUtils (LogUtils.java:runAndLog(49)) - Successfully ran Atomic Files.move /home/runner/work/ratis/ratis/ratis-test/target/test/data/1e4ee837/MiniRaftClusterWithGrpcf3ee9cbd/s0/80bc3141-7c27-430b-8bc9-e2914a5a9028/current/raft-meta.conf.tmp to /home/runner/work/ratis/ratis/ratis-test/target/test/data/1e4ee837/MiniRaftClusterWithGrpcf3ee9cbd/s0/80bc3141-7c27-430b-8bc9-e2914a5a9028/current/raft-meta.conf with options [REPLACE_EXISTING]
2023-12-13 16:21:31,405 [s2-server-thread1] DEBUG server.RaftServer$Division (RaftServerImpl.java:logAppendEntries(1504)) - s2@group-E2914A5A9028: receive appendEntries(s0, 5, (t:5, i:31), 31, false, commits:[s0:c31, s1:c30, s2:c30], cId:2, entries: [(t:5, i:32), METADATAENTRY(c:31)]
2023-12-13 16:21:31,405 [s0@group-E2914A5A9028-StateMachineUpdater] INFO  server.RaftServer$Division (LeaderStateImpl.java:isApplied(320)) - leader is ready since appliedIndex == 31 >= startIndex == 31
2023-12-13 16:21:31,406 [s2-server-thread1] DEBUG server.RaftServer$Division (RaftServerImpl.java:logAppendEntries(1504)) - s2@group-E2914A5A9028: succeeded to handle AppendEntries. Reply: s0<-s2#2:OK-t5,SUCCESS,nextIndex=33,followerCommit=31,matchIndex=32
2023-12-13 16:21:31,406 [s2@group-E2914A5A9028-StateMachineUpdater] TRACE util.FileUtils (LogUtils.java:supplyAndLog(69)) - Successfully supplied FileChannel.open /home/runner/work/ratis/ratis/ratis-test/target/test/data/1e4ee837/MiniRaftClusterWithGrpcf3ee9cbd/s2/80bc3141-7c27-430b-8bc9-e2914a5a9028/current/raft-meta.conf.tmp with options [CREATE, WRITE]: sun.nio.ch.FileChannelImpl@7a65685a
2023-12-13 16:21:31,408 [s2@group-E2914A5A9028-StateMachineUpdater] TRACE util.FileUtils (LogUtils.java:runAndLog(49)) - Successfully ran Atomic Files.move /home/runner/work/ratis/ratis/ratis-test/target/test/data/1e4ee837/MiniRaftClusterWithGrpcf3ee9cbd/s2/80bc3141-7c27-430b-8bc9-e2914a5a9028/current/raft-meta.conf.tmp to /home/runner/work/ratis/ratis/ratis-test/target/test/data/1e4ee837/MiniRaftClusterWithGrpcf3ee9cbd/s2/80bc3141-7c27-430b-8bc9-e2914a5a9028/current/raft-meta.conf with options [REPLACE_EXISTING]
2023-12-13 16:21:31,766 [grpc-default-executor-13] WARN  server.GrpcLogAppender (LogUtils.java:warn(121)) - s0@group-E2914A5A9028->s1-AppendLogResponseHandler: Failed appendEntries: org.apache.ratis.thirdparty.io.grpc.StatusRuntimeException: UNAVAILABLE: io exception
2023-12-13 16:21:31,766 [grpc-default-executor-4] WARN  server.GrpcLogAppender (LogUtils.java:warn(121)) - s0@group-E2914A5A9028->s1-AppendLogResponseHandler: Failed appendEntries: org.apache.ratis.thirdparty.io.grpc.StatusRuntimeException: UNAVAILABLE: io exception
2023-12-13 16:21:31,766 [grpc-default-executor-13] WARN  server.GrpcLogAppender (GrpcLogAppender.java:resetClient(207)) - s0@group-E2914A5A9028->s1-GrpcLogAppender: Follower failed (request=null, errorCount=7); keep nextIndex (33) unchanged and retry.
2023-12-13 16:21:31,766 [grpc-default-executor-4] WARN  server.GrpcLogAppender (GrpcLogAppender.java:resetClient(207)) - s0@group-E2914A5A9028->s1-GrpcLogAppender: Follower failed (request=null, errorCount=8); keep nextIndex (33) unchanged and retry.
2023-12-13 16:21:32,142 [grpc-default-executor-4] WARN  server.GrpcLogAppender (LogUtils.java:warn(121)) - s0@group-E2914A5A9028->s1-AppendLogResponseHandler: Failed appendEntries: org.apache.ratis.thirdparty.io.grpc.StatusRuntimeException: UNAVAILABLE: io exception
2023-12-13 16:21:32,142 [grpc-default-executor-13] WARN  server.GrpcLogAppender (LogUtils.java:warn(121)) - s0@group-E2914A5A9028->s1-AppendLogResponseHandler: Failed appendEntries: org.apache.ratis.thirdparty.io.grpc.StatusRuntimeException: UNAVAILABLE: io exception
2023-12-13 16:21:32,143 [grpc-default-executor-4] WARN  server.GrpcLogAppender (GrpcLogAppender.java:resetClient(207)) - s0@group-E2914A5A9028->s1-GrpcLogAppender: Follower failed (request=null, errorCount=9); keep nextIndex (33) unchanged and retry.
2023-12-13 16:21:32,143 [grpc-default-executor-13] WARN  server.GrpcLogAppender (GrpcLogAppender.java:resetClient(207)) - s0@group-E2914A5A9028->s1-GrpcLogAppender: Follower failed (request=null, errorCount=10); keep nextIndex (33) unchanged and retry.
2023-12-13 16:21:32,357 [Time-limited test] INFO  ratis.RaftTestUtil (RaftTestUtil.java:waitForLeader(124)) - printing group-E2914A5A9028
  s0:  RUNNING    LEADER s0@group-E2914A5A9028:t5, leader=s0, voted=s0, raftlog=Memoized:s0@group-E2914A5A9028-SegmentedRaftLog:OPENED:c32, conf=31: peers:[s0|0.0.0.0:45531, s1|0.0.0.0:34859, s2|0.0.0.0:41623]|listeners:[], old=null RUNNING
  s1:   CLOSED    LEADER s1@group-E2914A5A9028:t4, leader=s1, voted=s1, raftlog=Memoized:s1@group-E2914A5A9028-SegmentedRaftLog:CLOSED:c30, conf=29: peers:[s0|0.0.0.0:45531, s1|0.0.0.0:34859, s2|0.0.0.0:41623]|listeners:[], old=null CLOSED
  s2:  RUNNING  FOLLOWER s2@group-E2914A5A9028:t5, leader=s0, voted=s0, raftlog=Memoized:s2@group-E2914A5A9028-SegmentedRaftLog:OPENED:c32, conf=31: peers:[s0|0.0.0.0:45531, s1|0.0.0.0:34859, s2|0.0.0.0:41623]|listeners:[], old=null RUNNING
2023-12-13 16:21:32,357 [Time-limited test] INFO  impl.MiniRaftCluster (MiniRaftCluster.java:shutdown(831)) - ************************************************************** 
2023-12-13 16:21:32,357 [Time-limited test] INFO  impl.MiniRaftCluster (MiniRaftCluster.java:shutdown(832)) - *** 
2023-12-13 16:21:32,357 [Time-limited test] INFO  impl.MiniRaftCluster (MiniRaftCluster.java:shutdown(833)) - ***     Stopping MiniRaftClusterWithGrpc
2023-12-13 16:21:32,357 [Time-limited test] INFO  impl.MiniRaftCluster (MiniRaftCluster.java:shutdown(834)) - *** 
2023-12-13 16:21:32,357 [Time-limited test] INFO  impl.MiniRaftCluster (MiniRaftCluster.java:shutdown(835)) - ************************************************************** 
2023-12-13 16:21:32,357 [Time-limited test] INFO  impl.MiniRaftCluster (MiniRaftCluster.java:shutdown(836)) - printing ALL groups
  s0:  RUNNING    LEADER s0@group-E2914A5A9028:t5, leader=s0, voted=s0, raftlog=Memoized:s0@group-E2914A5A9028-SegmentedRaftLog:OPENED:c32, conf=31: peers:[s0|0.0.0.0:45531, s1|0.0.0.0:34859, s2|0.0.0.0:41623]|listeners:[], old=null RUNNING
  s1:   CLOSED    LEADER s1@group-E2914A5A9028:t4, leader=s1, voted=s1, raftlog=Memoized:s1@group-E2914A5A9028-SegmentedRaftLog:CLOSED:c30, conf=29: peers:[s0|0.0.0.0:45531, s1|0.0.0.0:34859, s2|0.0.0.0:41623]|listeners:[], old=null CLOSED
  s2:  RUNNING  FOLLOWER s2@group-E2914A5A9028:t5, leader=s0, voted=s0, raftlog=Memoized:s2@group-E2914A5A9028-SegmentedRaftLog:OPENED:c32, conf=31: peers:[s0|0.0.0.0:45531, s1|0.0.0.0:34859, s2|0.0.0.0:41623]|listeners:[], old=null RUNNING
2023-12-13 16:21:32,357 [MiniRaftCluster-23] INFO  server.RaftServer (RaftServerProxy.java:lambda$close$9(416)) - s0: close
2023-12-13 16:21:32,357 [MiniRaftCluster-23] INFO  server.GrpcService (GrpcService.java:closeImpl(311)) - s0: shutdown server GrpcServerProtocolService now
2023-12-13 16:21:32,357 [s0-impl-thread1] INFO  server.RaftServer$Division (RaftServerImpl.java:lambda$close$3(516)) - s0@group-E2914A5A9028: shutdown
2023-12-13 16:21:32,364 [MiniRaftCluster-25] INFO  server.RaftServer (RaftServerProxy.java:lambda$close$9(416)) - s2: close
2023-12-13 16:21:32,364 [MiniRaftCluster-25] INFO  server.GrpcService (GrpcService.java:closeImpl(311)) - s2: shutdown server GrpcServerProtocolService now
2023-12-13 16:21:32,364 [s2-impl-thread1] INFO  server.RaftServer$Division (RaftServerImpl.java:lambda$close$3(516)) - s2@group-E2914A5A9028: shutdown
2023-12-13 16:21:32,365 [s0-impl-thread1] INFO  util.JmxRegister (JmxRegister.java:unregister(73)) - Successfully un-registered JMX Bean with object name Ratis:service=RaftServer,group=group-E2914A5A9028,id=s0
2023-12-13 16:21:32,365 [s0-impl-thread1] INFO  impl.RoleInfo (RoleInfo.java:shutdownLeaderState(94)) - s0: shutdown s0@group-E2914A5A9028-LeaderStateImpl
2023-12-13 16:21:32,365 [s0-impl-thread1] INFO  impl.PendingRequests (PendingRequests.java:sendNotLeaderResponses(289)) - s0@group-E2914A5A9028-PendingRequests: sendNotLeaderResponses
2023-12-13 16:21:32,365 [s0@group-E2914A5A9028->s2-GrpcLogAppender-LogAppenderDaemon] WARN  server.GrpcLogAppender (GrpcLogAppender.java:mayWait(279)) - s0@group-E2914A5A9028->s2-GrpcLogAppender: Wait interrupted by java.lang.InterruptedException
2023-12-13 16:21:32,365 [grpc-default-executor-4] WARN  server.GrpcServerProtocolService (LogUtils.java:warn(121)) - s2: APPEND_ENTRIES onError, lastRequest: null: org.apache.ratis.thirdparty.io.grpc.StatusRuntimeException: CANCELLED: client cancelled
2023-12-13 16:21:32,365 [s0@group-E2914A5A9028->s1-GrpcLogAppender-LogAppenderDaemon] WARN  server.GrpcLogAppender (GrpcLogAppender.java:mayWait(279)) - s0@group-E2914A5A9028->s1-GrpcLogAppender: Wait interrupted by java.lang.InterruptedException
2023-12-13 16:21:32,365 [s2-impl-thread1] INFO  util.JmxRegister (JmxRegister.java:unregister(73)) - Successfully un-registered JMX Bean with object name Ratis:service=RaftServer,group=group-E2914A5A9028,id=s2
2023-12-13 16:21:32,365 [s2-impl-thread1] INFO  impl.RoleInfo (RoleInfo.java:shutdownFollowerState(110)) - s2: shutdown s2@group-E2914A5A9028-FollowerState
2023-12-13 16:21:32,365 [s2-impl-thread1] INFO  impl.StateMachineUpdater (StateMachineUpdater.java:stopAndJoin(157)) - s2@group-E2914A5A9028-StateMachineUpdater: set stopIndex = 32
2023-12-13 16:21:32,366 [s2@group-E2914A5A9028-FollowerState] INFO  impl.FollowerState (FollowerState.java:run(152)) - s2@group-E2914A5A9028-FollowerState was interrupted
2023-12-13 16:21:32,366 [s2-impl-thread1] INFO  server.RaftServer$Division (ServerState.java:close(423)) - s2@group-E2914A5A9028: applyIndex: 32
2023-12-13 16:21:32,366 [s0-impl-thread1] INFO  impl.StateMachineUpdater (StateMachineUpdater.java:stopAndJoin(157)) - s0@group-E2914A5A9028-StateMachineUpdater: set stopIndex = 32
2023-12-13 16:21:32,366 [s2@group-E2914A5A9028-cacheEviction-AwaitToRun] INFO  util.AwaitToRun (AwaitToRun.java:run(49)) - s2@group-E2914A5A9028-cacheEviction-AwaitToRun-AwaitForSignal is interrupted
2023-12-13 16:21:32,366 [Thread-852] INFO  server.GrpcServerProtocolClient (GrpcServerProtocolClient.java:close(103)) - s1 Close channels
2023-12-13 16:21:32,366 [s0-impl-thread1] INFO  server.RaftServer$Division (ServerState.java:close(423)) - s0@group-E2914A5A9028: applyIndex: 32
2023-12-13 16:21:32,366 [grpc-default-executor-11] WARN  server.GrpcServerProtocolService (LogUtils.java:warn(121)) - s2: APPEND_ENTRIES onError, lastRequest: s0->s2#2-t5,previous=(t:5, i:31),leaderCommit=31,initializing? false,entries: size=1, first=(t:5, i:32), METADATAENTRY(c:31): org.apache.ratis.thirdparty.io.grpc.StatusRuntimeException: CANCELLED: client cancelled
2023-12-13 16:21:32,366 [grpc-default-executor-4] INFO  server.GrpcLogAppender (GrpcLogAppender.java:onError(523)) - s0@group-E2914A5A9028->s2-GrpcLogAppender is already stopped
2023-12-13 16:21:32,366 [grpc-default-executor-0] INFO  server.GrpcLogAppender (GrpcLogAppender.java:onError(523)) - s0@group-E2914A5A9028->s2-GrpcLogAppender is already stopped
2023-12-13 16:21:32,366 [s0@group-E2914A5A9028-cacheEviction-AwaitToRun] INFO  util.AwaitToRun (AwaitToRun.java:run(49)) - s0@group-E2914A5A9028-cacheEviction-AwaitToRun-AwaitForSignal is interrupted
2023-12-13 16:21:32,366 [Thread-853] INFO  server.GrpcServerProtocolClient (GrpcServerProtocolClient.java:close(103)) - s2 Close channels
2023-12-13 16:21:32,366 [MiniRaftCluster-23] INFO  server.GrpcService (GrpcService.java:closeImpl(320)) - s0: shutdown server GrpcServerProtocolService successfully
2023-12-13 16:21:32,368 [Thread-851] INFO  server.GrpcServerProtocolClient (GrpcServerProtocolClient.java:close(103)) - s0 Close channels
2023-12-13 16:21:32,368 [Thread-854] INFO  server.GrpcServerProtocolClient (GrpcServerProtocolClient.java:close(103)) - s1 Close channels
2023-12-13 16:21:32,369 [MiniRaftCluster-25] INFO  server.GrpcService (GrpcService.java:closeImpl(320)) - s2: shutdown server GrpcServerProtocolService successfully
2023-12-13 16:21:32,404 [s0-impl-thread1] INFO  segmented.SegmentedRaftLogWorker (SegmentedRaftLogWorker.java:close(245)) - s0@group-E2914A5A9028-SegmentedRaftLogWorker close()
2023-12-13 16:21:32,405 [JvmPauseMonitor29] INFO  util.JvmPauseMonitor (JvmPauseMonitor.java:run(152)) - JvmPauseMonitor-s0: Stopped
2023-12-13 16:21:32,407 [s2-impl-thread1] INFO  segmented.SegmentedRaftLogWorker (SegmentedRaftLogWorker.java:close(245)) - s2@group-E2914A5A9028-SegmentedRaftLogWorker close()
2023-12-13 16:21:32,407 [JvmPauseMonitor31] INFO  util.JvmPauseMonitor (JvmPauseMonitor.java:run(152)) - JvmPauseMonitor-s2: Stopped
]]></system-out>
  </testcase>
  <testcase name="testGroupWithPriority" classname="org.apache.ratis.grpc.TestGroupManagementWithGrpc" time="19.53">
    <failure message="Unexpected exit." type="java.lang.AssertionError"><![CDATA[java.lang.AssertionError: Unexpected exit.
	at org.apache.ratis.util.ExitUtils.assertNotTerminated(ExitUtils.java:109)
	at org.apache.ratis.BaseTest.assertNoFailures(BaseTest.java:90)
	at java.base/jdk.internal.reflect.NativeMethodAccessorImpl.invoke0(Native Method)
	at java.base/jdk.internal.reflect.NativeMethodAccessorImpl.invoke(NativeMethodAccessorImpl.java:62)
	at java.base/jdk.internal.reflect.DelegatingMethodAccessorImpl.invoke(DelegatingMethodAccessorImpl.java:43)
	at java.base/java.lang.reflect.Method.invoke(Method.java:566)
	at org.junit.runners.model.FrameworkMethod$1.runReflectiveCall(FrameworkMethod.java:59)
	at org.junit.internal.runners.model.ReflectiveCallable.run(ReflectiveCallable.java:12)
	at org.junit.runners.model.FrameworkMethod.invokeExplosively(FrameworkMethod.java:56)
	at org.junit.internal.runners.statements.RunAfters.invokeMethod(RunAfters.java:46)
	at org.junit.internal.runners.statements.RunAfters.evaluate(RunAfters.java:33)
	at org.junit.internal.runners.statements.FailOnTimeout$CallableStatement.call(FailOnTimeout.java:299)
	at org.junit.internal.runners.statements.FailOnTimeout$CallableStatement.call(FailOnTimeout.java:293)
	at java.base/java.util.concurrent.FutureTask.run(FutureTask.java:264)
	at java.base/java.lang.Thread.run(Thread.java:829)
Caused by: org.apache.ratis.util.ExitUtils$ExitException: Failed to start Grpc server
	at org.apache.ratis.util.ExitUtils.terminate(ExitUtils.java:141)
	at org.apache.ratis.util.ExitUtils.terminate(ExitUtils.java:151)
	at org.apache.ratis.grpc.server.GrpcService.startImpl(GrpcService.java:300)
	at org.apache.ratis.util.LifeCycle.startAndTransition(LifeCycle.java:270)
	at org.apache.ratis.server.RaftServerRpcWithProxy.start(RaftServerRpcWithProxy.java:72)
	at org.apache.ratis.server.impl.RaftServerProxy.startImpl(RaftServerProxy.java:407)
	at org.apache.ratis.util.LifeCycle.startAndTransition(LifeCycle.java:270)
	at org.apache.ratis.server.impl.RaftServerProxy.start(RaftServerProxy.java:400)
	at org.apache.ratis.server.impl.MiniRaftCluster.startServers(MiniRaftCluster.java:499)
	at org.apache.ratis.server.impl.MiniRaftCluster.start(MiniRaftCluster.java:346)
	at org.apache.ratis.server.impl.GroupManagementBaseTest.runMultiGroupTest(GroupManagementBaseTest.java:263)
	at org.apache.ratis.server.impl.GroupManagementBaseTest.runMultiGroupTest(GroupManagementBaseTest.java:237)
	at org.apache.ratis.server.impl.GroupManagementBaseTest.testMultiGroup7Nodes(GroupManagementBaseTest.java:226)
	at java.base/jdk.internal.reflect.NativeMethodAccessorImpl.invoke0(Native Method)
	at java.base/jdk.internal.reflect.NativeMethodAccessorImpl.invoke(NativeMethodAccessorImpl.java:62)
	at java.base/jdk.internal.reflect.DelegatingMethodAccessorImpl.invoke(DelegatingMethodAccessorImpl.java:43)
	at java.base/java.lang.reflect.Method.invoke(Method.java:566)
	at org.junit.runners.model.FrameworkMethod$1.runReflectiveCall(FrameworkMethod.java:59)
	at org.junit.internal.runners.model.ReflectiveCallable.run(ReflectiveCallable.java:12)
	at org.junit.runners.model.FrameworkMethod.invokeExplosively(FrameworkMethod.java:56)
	at org.junit.internal.runners.statements.InvokeMethod.evaluate(InvokeMethod.java:17)
	at org.junit.internal.runners.statements.RunAfters.evaluate(RunAfters.java:27)
	... 4 more
Caused by: java.io.IOException: Failed to bind to address 0.0.0.0/0.0.0.0:45461
	at org.apache.ratis.thirdparty.io.grpc.netty.NettyServer.start(NettyServer.java:326)
	at org.apache.ratis.thirdparty.io.grpc.internal.ServerImpl.start(ServerImpl.java:185)
	at org.apache.ratis.thirdparty.io.grpc.internal.ServerImpl.start(ServerImpl.java:94)
	at org.apache.ratis.grpc.server.GrpcService.startImpl(GrpcService.java:298)
	... 23 more
Caused by: org.apache.ratis.thirdparty.io.netty.channel.unix.Errors$NativeIoException: bind(..) failed: Address already in use
]]></failure>
  </testcase>
</testsuite>